<?xml version="1.0" encoding="UTF-8"?>
<testsuites name="06.2 - Teams - Settings" time="584.051" tests="16" failures="0" errors="0">
   <testsuite name="06.2 - Teams - Settings" tests="16" failures="0" errors="0" time="584.051" skipped="0" timestamp="2023-04-14 17:58:34" hostname="Mike - LAPTOP-LF5VTH4H" id="Test Suites/TS-Organization/06.2 - Teams - Settings">
      <properties>
         <property name="deviceName" value=""/>
         <property name="devicePlatform" value=""/>
         <property name="logFolder" value="D:\\Users\\Michelle\\Project\\Everleagues\\Reports\\20230414_175827\\TS-Organization\\06.2 - Teams - Settings\\20230414_175827"/>
         <property name="logFiles" value="D:\\Users\\Michelle\\Project\\Everleagues\\Reports\\20230414_175827\\TS-Organization\\06.2 - Teams - Settings\\20230414_175827\\execution0.log"/>
         <property name="attachments" value=""/>
         <property name="hostName" value="Mike - LAPTOP-LF5VTH4H"/>
         <property name="os" value="Windows 10 64bit"/>
         <property name="katalonVersion" value="8.6.0.208"/>
         <property name="browser" value="Chrome 112.0.0.0"/>
         <property name="hostAddress" value="192.168.100.69"/>
         <property name="sessionId" value="b91067f17c9a14113261b8390f2127b7"/>
         <property name="seleniumVersion" value="3.141.59"/>
         <property name="proxyInformation" value="ProxyInformation { proxyOption=NO_PROXY, proxyServerType=HTTP, username=, password=********, proxyServerAddress=, proxyServerPort=0, executionList=&quot;&quot;, isApplyToDesiredCapabilities=true }"/>
         <property name="platform" value="Windows 10"/>
      </properties>
      <testcase name="Test Cases/06- Teams/03-Edit Team - Private (adding member)" time="95.088" classname="Test Cases/06- Teams/03-Edit Team - Private (adding member)" status="PASSED">
         <system-out><![CDATA[2023-04-14 17:58:34 - [TEST_CASE][PASSED] - Test Cases/06- Teams/03-Edit Team - Private (adding member): Test Cases/06- Teams/03-Edit Team - Private (adding member)

2023-04-14 17:58:35 - [TEST_STEP][PASSED] - openBrowser(""): Browser is opened with url: ''

2023-04-14 17:58:35 - [MESSAGE][INFO] - Starting 'Chrome' driver

2023-04-14 17:58:35 - [MESSAGE][INFO] - Action delay is set to 0 milliseconds

2023-04-14 17:58:41 - [MESSAGE][PASSED] - Browser is opened with url: ''

2023-04-14 17:58:41 - [TEST_STEP][PASSED] - navigateToUrl("https://lab.everleagues.com/"): Navigate to 'https://lab.everleagues.com/' successfully

2023-04-14 17:58:50 - [MESSAGE][PASSED] - Navigate to 'https://lab.everleagues.com/' successfully

2023-04-14 17:58:50 - [TEST_STEP][PASSED] - maximizeWindow(): Current window maximized

2023-04-14 17:58:51 - [MESSAGE][PASSED] - Current window maximized

2023-04-14 17:58:51 - [TEST_STEP][PASSED] - setText(findTestObject("02-Side Icons(Organization)/Add Contact/Email Field"), "testuser05@mailinator.com"): Text 'testuser05@mailinator.com' is set on object 'Object Repository/02-Side Icons(Organization)/Add Contact/Email Field'

2023-04-14 17:58:52 - [MESSAGE][PASSED] - Text 'testuser05@mailinator.com' is set on object 'Object Repository/02-Side Icons(Organization)/Add Contact/Email Field'

2023-04-14 17:58:52 - [TEST_STEP][PASSED] - setEncryptedText(findTestObject("02-Side Icons(Organization)/Add Contact/Password Field"), "8yFRyszE6U6jvsCn51OQbg=="): Text ****** has been set on object 'Object Repository/02-Side Icons(Organization)/Add Contact/Password Field'

2023-04-14 17:58:52 - [MESSAGE][PASSED] - Text ****** has been set on object 'Object Repository/02-Side Icons(Organization)/Add Contact/Password Field'

2023-04-14 17:58:52 - [TEST_STEP][PASSED] - click(findTestObject("02-Side Icons(Organization)/Add Contact/button_Sign in")): Object: 'Object Repository/02-Side Icons(Organization)/Add Contact/button_Sign in' is clicked on

2023-04-14 17:58:53 - [MESSAGE][PASSED] - Object: 'Object Repository/02-Side Icons(Organization)/Add Contact/button_Sign in' is clicked on

2023-04-14 17:58:53 - [TEST_STEP][PASSED] - delay(3): Delayed 3 second(s)

2023-04-14 17:58:56 - [MESSAGE][PASSED] - Delayed 3 second(s)

2023-04-14 17:58:56 - [TEST_STEP][PASSED] - click(findTestObject("06-Teams/For 2FA/button_Confirm_2FA")): Object: 'Object Repository/06-Teams/For 2FA/button_Confirm_2FA' is clicked on

2023-04-14 17:58:57 - [MESSAGE][PASSED] - Object: 'Object Repository/06-Teams/For 2FA/button_Confirm_2FA' is clicked on

2023-04-14 17:58:57 - [TEST_STEP][PASSED] - executeJavaScript("window.open();", []): Execute JavaScript 'window.open();' successfully

2023-04-14 17:58:57 - [MESSAGE][PASSED] - Execute JavaScript 'window.open();' successfully

2023-04-14 17:58:57 - [TEST_STEP][PASSED] - currentWindow = getWindowIndex(): Current window's index is: 0

2023-04-14 17:58:57 - [MESSAGE][PASSED] - Current window's index is: 0

2023-04-14 17:58:57 - [TEST_STEP][PASSED] - delay(3): Delayed 3 second(s)

2023-04-14 17:59:00 - [MESSAGE][PASSED] - Delayed 3 second(s)

2023-04-14 17:59:00 - [TEST_STEP][PASSED] - switchToWindowIndex(currentWindow + 1): Switched to window with index: '1'

2023-04-14 17:59:00 - [MESSAGE][PASSED] - Switched to window with index: '1'

2023-04-14 17:59:00 - [TEST_STEP][PASSED] - navigateToUrl("https://www.mailinator.com/"): Navigate to 'https://www.mailinator.com/' successfully

2023-04-14 17:59:03 - [MESSAGE][PASSED] - Navigate to 'https://www.mailinator.com/' successfully

2023-04-14 17:59:03 - [TEST_STEP][PASSED] - delay(3): Delayed 3 second(s)

2023-04-14 17:59:06 - [MESSAGE][PASSED] - Delayed 3 second(s)

2023-04-14 17:59:06 - [TEST_STEP][PASSED] - setText(findTestObject("00-Signup and Activation/zMailinator/input_LOGIN_search"), "testuser05@mailinator.com"): Text 'testuser05@mailinator.com' is set on object 'Object Repository/00-Signup and Activation/zMailinator/input_LOGIN_search'

2023-04-14 17:59:07 - [MESSAGE][PASSED] - Text 'testuser05@mailinator.com' is set on object 'Object Repository/00-Signup and Activation/zMailinator/input_LOGIN_search'

2023-04-14 17:59:07 - [TEST_STEP][PASSED] - click(findTestObject("00-Signup and Activation/zMailinator/gobutton"), STOP_ON_FAILURE): Object: 'Object Repository/00-Signup and Activation/zMailinator/gobutton' is clicked on

2023-04-14 17:59:09 - [MESSAGE][PASSED] - Object: 'Object Repository/00-Signup and Activation/zMailinator/gobutton' is clicked on

2023-04-14 17:59:09 - [TEST_STEP][PASSED] - delay(3): Delayed 3 second(s)

2023-04-14 17:59:12 - [MESSAGE][PASSED] - Delayed 3 second(s)

2023-04-14 17:59:12 - [TEST_STEP][PASSED] - click(findTestObject("00-Signup and Activation/zMailinator/Email - everleagues")): Object: 'Object Repository/00-Signup and Activation/zMailinator/Email - everleagues' is clicked on

2023-04-14 17:59:13 - [MESSAGE][PASSED] - Object: 'Object Repository/00-Signup and Activation/zMailinator/Email - everleagues' is clicked on

2023-04-14 17:59:13 - [TEST_STEP][PASSED] - delay(3): Delayed 3 second(s)

2023-04-14 17:59:16 - [MESSAGE][PASSED] - Delayed 3 second(s)

2023-04-14 17:59:16 - [TEST_STEP][PASSED] - code = getText(findTestObject("Object Repository/06-Teams/For 2FA/2FA code")): Text of object 'Object Repository/06-Teams/For 2FA/2FA code' is: '345453'

2023-04-14 17:59:16 - [MESSAGE][PASSED] - Text of object 'Object Repository/06-Teams/For 2FA/2FA code' is: '345453'

2023-04-14 17:59:16 - [TEST_STEP][PASSED] - delay(3): Delayed 3 second(s)

2023-04-14 17:59:19 - [MESSAGE][PASSED] - Delayed 3 second(s)

2023-04-14 17:59:19 - [TEST_STEP][PASSED] - closeWindowTitle("Mailinator"): Window with title: 'Mailinator' is closed

2023-04-14 17:59:20 - [MESSAGE][PASSED] - Window with title: 'Mailinator' is closed

2023-04-14 17:59:20 - [TEST_STEP][PASSED] - delay(3): Delayed 3 second(s)

2023-04-14 17:59:23 - [MESSAGE][PASSED] - Delayed 3 second(s)

2023-04-14 17:59:23 - [TEST_STEP][PASSED] - switchToWindowIndex(0): Switched to window with index: '0'

2023-04-14 17:59:23 - [MESSAGE][PASSED] - Switched to window with index: '0'

2023-04-14 17:59:23 - [TEST_STEP][PASSED] - delay(3): Delayed 3 second(s)

2023-04-14 17:59:26 - [MESSAGE][PASSED] - Delayed 3 second(s)

2023-04-14 17:59:26 - [TEST_STEP][PASSED] - setText(findTestObject("Object Repository/06-Teams/For 2FA/input_Enter verification code_code"), code): Text '345453' is set on object 'Object Repository/06-Teams/For 2FA/input_Enter verification code_code'

2023-04-14 17:59:26 - [MESSAGE][PASSED] - Text '345453' is set on object 'Object Repository/06-Teams/For 2FA/input_Enter verification code_code'

2023-04-14 17:59:26 - [TEST_STEP][PASSED] - delay(3): Delayed 3 second(s)

2023-04-14 17:59:29 - [MESSAGE][PASSED] - Delayed 3 second(s)

2023-04-14 17:59:29 - [TEST_STEP][PASSED] - click(findTestObject("06-Teams/For 2FA/button_Verify_2FA")): Object: 'Object Repository/06-Teams/For 2FA/button_Verify_2FA' is clicked on

2023-04-14 17:59:30 - [MESSAGE][PASSED] - Object: 'Object Repository/06-Teams/For 2FA/button_Verify_2FA' is clicked on

2023-04-14 17:59:30 - [TEST_STEP][PASSED] - delay(5): Delayed 5 second(s)

2023-04-14 17:59:35 - [MESSAGE][PASSED] - Delayed 5 second(s)

2023-04-14 17:59:35 - [TEST_STEP][PASSED] - click(findTestObject("06-Teams/button_doublearrow")): Object: 'Object Repository/06-Teams/button_doublearrow' is clicked on

2023-04-14 17:59:36 - [MESSAGE][PASSED] - Object: 'Object Repository/06-Teams/button_doublearrow' is clicked on

2023-04-14 17:59:36 - [TEST_STEP][PASSED] - click(findTestObject("06-Teams/button_My Organizations")): Object: 'Object Repository/06-Teams/button_My Organizations' is clicked on

2023-04-14 17:59:37 - [MESSAGE][PASSED] - Object: 'Object Repository/06-Teams/button_My Organizations' is clicked on

2023-04-14 17:59:37 - [TEST_STEP][PASSED] - click(findTestObject("06-Teams/button_GG Automation")): Object: 'Object Repository/06-Teams/button_GG Automation' is clicked on

2023-04-14 17:59:38 - [MESSAGE][PASSED] - Object: 'Object Repository/06-Teams/button_GG Automation' is clicked on

2023-04-14 17:59:38 - [TEST_STEP][PASSED] - delay(4): Delayed 4 second(s)

2023-04-14 17:59:42 - [MESSAGE][PASSED] - Delayed 4 second(s)

2023-04-14 17:59:42 - [TEST_STEP][PASSED] - verifyElementVisible(findTestObject("06-Teams/span_GG Automation")): Object 'Object Repository/06-Teams/span_GG Automation' is visible

2023-04-14 17:59:43 - [MESSAGE][PASSED] - Object 'Object Repository/06-Teams/span_GG Automation' is visible

2023-04-14 17:59:43 - [TEST_STEP][PASSED] - delay(2): Delayed 2 second(s)

2023-04-14 17:59:45 - [MESSAGE][PASSED] - Delayed 2 second(s)

2023-04-14 17:59:45 - [TEST_STEP][PASSED] - click(findTestObject("03-Header Menu/Hamburger Button/div_Teams")): Object: 'Object Repository/03-Header Menu/Hamburger Button/div_Teams' is clicked on

2023-04-14 17:59:45 - [MESSAGE][PASSED] - Object: 'Object Repository/03-Header Menu/Hamburger Button/div_Teams' is clicked on

2023-04-14 17:59:45 - [TEST_STEP][PASSED] - delay(2): Delayed 2 second(s)

2023-04-14 17:59:47 - [MESSAGE][PASSED] - Delayed 2 second(s)

2023-04-14 17:59:47 - [TEST_STEP][PASSED] - verifyElementVisible(findTestObject("06-Teams/h4_TEAMS")): Object 'Object Repository/06-Teams/h4_TEAMS' is visible

2023-04-14 17:59:48 - [MESSAGE][PASSED] - Object 'Object Repository/06-Teams/h4_TEAMS' is visible

2023-04-14 17:59:48 - [TEST_STEP][PASSED] - delay(3): Delayed 3 second(s)

2023-04-14 17:59:51 - [MESSAGE][PASSED] - Delayed 3 second(s)

2023-04-14 17:59:51 - [TEST_STEP][PASSED] - click(findTestObject("06-Teams/03-Edit Team - Private/button_edit Auto Team Private")): Object: 'Object Repository/06-Teams/03-Edit Team - Private/button_edit Auto Team Private' is clicked on

2023-04-14 17:59:52 - [MESSAGE][PASSED] - Object: 'Object Repository/06-Teams/03-Edit Team - Private/button_edit Auto Team Private' is clicked on

2023-04-14 17:59:52 - [TEST_STEP][PASSED] - delay(3): Delayed 3 second(s)

2023-04-14 17:59:55 - [MESSAGE][PASSED] - Delayed 3 second(s)

2023-04-14 17:59:55 - [TEST_STEP][PASSED] - verifyElementVisible(findTestObject("06-Teams/03-Edit Team - Private/h4_Edit Auto Team Private")): Object 'Object Repository/06-Teams/03-Edit Team - Private/h4_Edit Auto Team Private' is visible

2023-04-14 17:59:56 - [MESSAGE][PASSED] - Object 'Object Repository/06-Teams/03-Edit Team - Private/h4_Edit Auto Team Private' is visible

2023-04-14 17:59:56 - [TEST_STEP][PASSED] - verifyElementVisible(findTestObject("06-Teams/03-Edit Team - Private/div_Members")): Object 'Object Repository/06-Teams/03-Edit Team - Private/div_Members' is visible

2023-04-14 17:59:56 - [MESSAGE][PASSED] - Object 'Object Repository/06-Teams/03-Edit Team - Private/div_Members' is visible

2023-04-14 17:59:56 - [TEST_STEP][PASSED] - verifyElementVisible(findTestObject("06-Teams/03-Edit Team - Private/div_Channels")): Object 'Object Repository/06-Teams/03-Edit Team - Private/div_Channels' is visible

2023-04-14 17:59:56 - [MESSAGE][PASSED] - Object 'Object Repository/06-Teams/03-Edit Team - Private/div_Channels' is visible

2023-04-14 17:59:56 - [TEST_STEP][PASSED] - verifyElementVisible(findTestObject("06-Teams/03-Edit Team - Private/div_Settings")): Object 'Object Repository/06-Teams/03-Edit Team - Private/div_Settings' is visible

2023-04-14 17:59:57 - [MESSAGE][PASSED] - Object 'Object Repository/06-Teams/03-Edit Team - Private/div_Settings' is visible

2023-04-14 17:59:57 - [TEST_STEP][PASSED] - delay(3): Delayed 3 second(s)

2023-04-14 18:00:00 - [MESSAGE][PASSED] - Delayed 3 second(s)

2023-04-14 18:00:00 - [TEST_STEP][PASSED] - click(findTestObject("06-Teams/03-Edit Team - Private/input_name or group")): Object: 'Object Repository/06-Teams/03-Edit Team - Private/input_name or group' is clicked on

2023-04-14 18:00:00 - [MESSAGE][PASSED] - Object: 'Object Repository/06-Teams/03-Edit Team - Private/input_name or group' is clicked on

2023-04-14 18:00:00 - [TEST_STEP][PASSED] - click(findTestObject("06-Teams/03-Edit Team - Private/select_GG tester 2")): Object: 'Object Repository/06-Teams/03-Edit Team - Private/select_GG tester 2' is clicked on

2023-04-14 18:00:01 - [MESSAGE][PASSED] - Object: 'Object Repository/06-Teams/03-Edit Team - Private/select_GG tester 2' is clicked on

2023-04-14 18:00:01 - [TEST_STEP][PASSED] - verifyElementVisible(findTestObject("06-Teams/03-Edit Team - Private/selected_GG tester 2")): Object 'Object Repository/06-Teams/03-Edit Team - Private/selected_GG tester 2' is visible

2023-04-14 18:00:02 - [MESSAGE][PASSED] - Object 'Object Repository/06-Teams/03-Edit Team - Private/selected_GG tester 2' is visible

2023-04-14 18:00:02 - [TEST_STEP][PASSED] - delay(3): Delayed 3 second(s)

2023-04-14 18:00:05 - [MESSAGE][PASSED] - Delayed 3 second(s)

2023-04-14 18:00:05 - [TEST_STEP][PASSED] - click(findTestObject("06-Teams/03-Edit Team - Private/div_INVITE")): Object: 'Object Repository/06-Teams/03-Edit Team - Private/div_INVITE' is clicked on

2023-04-14 18:00:05 - [MESSAGE][PASSED] - Object: 'Object Repository/06-Teams/03-Edit Team - Private/div_INVITE' is clicked on

2023-04-14 18:00:05 - [TEST_STEP][PASSED] - verifyElementVisible(findTestObject("06-Teams/03-Edit Team - Private/added_GTGG tester 2")): Object 'Object Repository/06-Teams/03-Edit Team - Private/added_GTGG tester 2' is visible

2023-04-14 18:00:06 - [MESSAGE][PASSED] - Object 'Object Repository/06-Teams/03-Edit Team - Private/added_GTGG tester 2' is visible

2023-04-14 18:00:06 - [TEST_STEP][PASSED] - delay(3): Delayed 3 second(s)

2023-04-14 18:00:09 - [MESSAGE][PASSED] - Delayed 3 second(s)]]></system-out>
         <system-err><![CDATA[]]></system-err>
      </testcase>
      <testcase name="Test Cases/06- Teams/04-Edit Team - Private (promoting member to admin)" time="7.367" classname="Test Cases/06- Teams/04-Edit Team - Private (promoting member to admin)" status="PASSED">
         <system-out><![CDATA[2023-04-14 18:00:09 - [TEST_CASE][PASSED] - Test Cases/06- Teams/04-Edit Team - Private (promoting member to admin): Test Cases/06- Teams/04-Edit Team - Private (promoting member to admin)

2023-04-14 18:00:10 - [TEST_STEP][PASSED] - mouseOver(findTestObject("06-Teams/03-Edit Team - Private/mouse over target element")): Object: 'Object Repository/06-Teams/03-Edit Team - Private/mouse over target element' is hovered

2023-04-14 18:00:10 - [MESSAGE][PASSED] - Object: 'Object Repository/06-Teams/03-Edit Team - Private/mouse over target element' is hovered

2023-04-14 18:00:10 - [TEST_STEP][PASSED] - delay(2): Delayed 2 second(s)

2023-04-14 18:00:12 - [MESSAGE][PASSED] - Delayed 2 second(s)

2023-04-14 18:00:12 - [TEST_STEP][PASSED] - click(findTestObject("06-Teams/03-Edit Team - Private/button_promote to admin")): Object: 'Object Repository/06-Teams/03-Edit Team - Private/button_promote to admin' is clicked on

2023-04-14 18:00:13 - [MESSAGE][PASSED] - Object: 'Object Repository/06-Teams/03-Edit Team - Private/button_promote to admin' is clicked on

2023-04-14 18:00:13 - [TEST_STEP][PASSED] - verifyElementVisible(findTestObject("06-Teams/03-Edit Team - Private/span_Admin")): Object 'Object Repository/06-Teams/03-Edit Team - Private/span_Admin' is visible

2023-04-14 18:00:14 - [MESSAGE][PASSED] - Object 'Object Repository/06-Teams/03-Edit Team - Private/span_Admin' is visible

2023-04-14 18:00:14 - [TEST_STEP][PASSED] - delay(3): Delayed 3 second(s)

2023-04-14 18:00:17 - [MESSAGE][PASSED] - Delayed 3 second(s)]]></system-out>
         <system-err><![CDATA[]]></system-err>
      </testcase>
      <testcase name="Test Cases/06- Teams/05-Edit Team - Private (removing a member)" time="39.11" classname="Test Cases/06- Teams/05-Edit Team - Private (removing a member)" status="PASSED">
         <system-out><![CDATA[2023-04-14 18:00:17 - [TEST_CASE][PASSED] - Test Cases/06- Teams/05-Edit Team - Private (removing a member): Test Cases/06- Teams/05-Edit Team - Private (removing a member)

2023-04-14 18:00:17 - [TEST_STEP][PASSED] - mouseOver(findTestObject("06-Teams/03-Edit Team - Private/mouse over target element 2")): Object: 'Object Repository/06-Teams/03-Edit Team - Private/mouse over target element 2' is hovered

2023-04-14 18:00:19 - [MESSAGE][PASSED] - Object: 'Object Repository/06-Teams/03-Edit Team - Private/mouse over target element 2' is hovered

2023-04-14 18:00:19 - [TEST_STEP][PASSED] - click(findTestObject("06-Teams/03-Edit Team - Private/button_remove member")): Object: 'Object Repository/06-Teams/03-Edit Team - Private/button_remove member' is clicked on

2023-04-14 18:00:19 - [MESSAGE][PASSED] - Object: 'Object Repository/06-Teams/03-Edit Team - Private/button_remove member' is clicked on

2023-04-14 18:00:19 - [TEST_STEP][PASSED] - verifyElementNotPresent(findTestObject("06-Teams/03-Edit Team - Private/added_GTGG tester 2"), 0): Web element with id: 'Object Repository/06-Teams/03-Edit Team - Private/added_GTGG tester 2' located by 'By.xpath: //td[(text() = 'GTGG tester 2' or . = 'GTGG tester 2')]' is not present after '30' second(s)

2023-04-14 18:00:20 - [MESSAGE][WARNING] - Timeout '0' is invalid. Using default page load timeout: '30'

2023-04-14 18:00:51 - [MESSAGE][INFO] - Unable to find the element located by 'By.xpath: //td[(text() = 'GTGG tester 2' or . = 'GTGG tester 2')]'. Please recheck the objects properties to make sure the desired element is located. 

2023-04-14 18:00:51 - [MESSAGE][PASSED] - Web element with id: 'Object Repository/06-Teams/03-Edit Team - Private/added_GTGG tester 2' located by 'By.xpath: //td[(text() = 'GTGG tester 2' or . = 'GTGG tester 2')]' is not present after '30' second(s)

2023-04-14 18:00:51 - [TEST_STEP][PASSED] - delay(5): Delayed 5 second(s)

2023-04-14 18:00:56 - [MESSAGE][PASSED] - Delayed 5 second(s)]]></system-out>
         <system-err><![CDATA[]]></system-err>
      </testcase>
      <testcase name="Test Cases/06- Teams/06-Edit Team - Private (adding a channel)" time="19.697" classname="Test Cases/06- Teams/06-Edit Team - Private (adding a channel)" status="PASSED">
         <system-out><![CDATA[2023-04-14 18:00:56 - [TEST_CASE][PASSED] - Test Cases/06- Teams/06-Edit Team - Private (adding a channel): Test Cases/06- Teams/06-Edit Team - Private (adding a channel)

2023-04-14 18:00:56 - [TEST_STEP][PASSED] - click(findTestObject("06-Teams/03-Edit Team - Private/div_Channels")): Object: 'Object Repository/06-Teams/03-Edit Team - Private/div_Channels' is clicked on

2023-04-14 18:00:57 - [MESSAGE][PASSED] - Object: 'Object Repository/06-Teams/03-Edit Team - Private/div_Channels' is clicked on

2023-04-14 18:00:57 - [TEST_STEP][PASSED] - click(findTestObject("06-Teams/03-Edit Team - Private/div_Showing channels in team_Add Channel")): Object: 'Object Repository/06-Teams/03-Edit Team - Private/div_Showing channels in team_Add Channel' is clicked on

2023-04-14 18:00:58 - [MESSAGE][PASSED] - Object: 'Object Repository/06-Teams/03-Edit Team - Private/div_Showing channels in team_Add Channel' is clicked on

2023-04-14 18:00:58 - [TEST_STEP][PASSED] - delay(3): Delayed 3 second(s)

2023-04-14 18:01:01 - [MESSAGE][PASSED] - Delayed 3 second(s)

2023-04-14 18:01:01 - [TEST_STEP][PASSED] - click(findTestObject("06-Teams/03-Edit Team - Private/div_Add Channel")): Object: 'Object Repository/06-Teams/03-Edit Team - Private/div_Add Channel' is clicked on

2023-04-14 18:01:01 - [MESSAGE][PASSED] - Object: 'Object Repository/06-Teams/03-Edit Team - Private/div_Add Channel' is clicked on

2023-04-14 18:01:01 - [TEST_STEP][PASSED] - verifyElementVisible(findTestObject("06-Teams/03-Edit Team - Private/add channel modal")): Object 'Object Repository/06-Teams/03-Edit Team - Private/add channel modal' is visible

2023-04-14 18:01:02 - [MESSAGE][PASSED] - Object 'Object Repository/06-Teams/03-Edit Team - Private/add channel modal' is visible

2023-04-14 18:01:02 - [TEST_STEP][PASSED] - verifyElementNotClickable(findTestObject("06-Teams/03-Edit Team - Private/button_Add")): Object 'Object Repository/06-Teams/03-Edit Team - Private/button_Add' is NOT clickable

2023-04-14 18:01:02 - [MESSAGE][PASSED] - Object 'Object Repository/06-Teams/03-Edit Team - Private/button_Add' is NOT clickable

2023-04-14 18:01:02 - [TEST_STEP][PASSED] - delay(3): Delayed 3 second(s)

2023-04-14 18:01:05 - [MESSAGE][PASSED] - Delayed 3 second(s)

2023-04-14 18:01:05 - [TEST_STEP][PASSED] - click(findTestObject("06-Teams/03-Edit Team - Private/input_channel name")): Object: 'Object Repository/06-Teams/03-Edit Team - Private/input_channel name' is clicked on

2023-04-14 18:01:06 - [MESSAGE][PASSED] - Object: 'Object Repository/06-Teams/03-Edit Team - Private/input_channel name' is clicked on

2023-04-14 18:01:06 - [TEST_STEP][PASSED] - click(findTestObject("06-Teams/03-Edit Team - Private/h4_Add Channel")): Object: 'Object Repository/06-Teams/03-Edit Team - Private/h4_Add Channel' is clicked on

2023-04-14 18:01:06 - [MESSAGE][PASSED] - Object: 'Object Repository/06-Teams/03-Edit Team - Private/h4_Add Channel' is clicked on

2023-04-14 18:01:06 - [TEST_STEP][PASSED] - verifyElementVisible(findTestObject("06-Teams/03-Edit Team - Private/div_Channel Name Field is required")): Object 'Object Repository/06-Teams/03-Edit Team - Private/div_Channel Name Field is required' is visible

2023-04-14 18:01:06 - [MESSAGE][PASSED] - Object 'Object Repository/06-Teams/03-Edit Team - Private/div_Channel Name Field is required' is visible

2023-04-14 18:01:06 - [TEST_STEP][PASSED] - delay(3): Delayed 3 second(s)

2023-04-14 18:01:09 - [MESSAGE][PASSED] - Delayed 3 second(s)

2023-04-14 18:01:09 - [TEST_STEP][PASSED] - setText(findTestObject("06-Teams/03-Edit Team - Private/input_channel name"), "Auto Channel"): Text 'Auto Channel' is set on object 'Object Repository/06-Teams/03-Edit Team - Private/input_channel name'

2023-04-14 18:01:11 - [MESSAGE][PASSED] - Text 'Auto Channel' is set on object 'Object Repository/06-Teams/03-Edit Team - Private/input_channel name'

2023-04-14 18:01:11 - [TEST_STEP][PASSED] - click(findTestObject("06-Teams/03-Edit Team - Private/button_Add")): Object: 'Object Repository/06-Teams/03-Edit Team - Private/button_Add' is clicked on

2023-04-14 18:01:11 - [MESSAGE][PASSED] - Object: 'Object Repository/06-Teams/03-Edit Team - Private/button_Add' is clicked on

2023-04-14 18:01:11 - [TEST_STEP][PASSED] - verifyElementVisible(findTestObject("06-Teams/03-Edit Team - Private/Successfully added channel to team")): Object 'Object Repository/06-Teams/03-Edit Team - Private/Successfully added channel to team' is visible

2023-04-14 18:01:12 - [MESSAGE][PASSED] - Object 'Object Repository/06-Teams/03-Edit Team - Private/Successfully added channel to team' is visible

2023-04-14 18:01:12 - [TEST_STEP][PASSED] - delay(3): Delayed 3 second(s)

2023-04-14 18:01:15 - [MESSAGE][PASSED] - Delayed 3 second(s)]]></system-out>
         <system-err><![CDATA[]]></system-err>
      </testcase>
      <testcase name="Test Cases/06- Teams/07-Edit Team - Private (editing a channel)" time="14.163" classname="Test Cases/06- Teams/07-Edit Team - Private (editing a channel)" status="PASSED">
         <system-out><![CDATA[2023-04-14 18:01:16 - [TEST_CASE][PASSED] - Test Cases/06- Teams/07-Edit Team - Private (editing a channel): Test Cases/06- Teams/07-Edit Team - Private (editing a channel)

2023-04-14 18:01:16 - [TEST_STEP][PASSED] - verifyElementVisible(findTestObject("06-Teams/03-Edit Team - Private/div_Auto Channel")): Object 'Object Repository/06-Teams/03-Edit Team - Private/div_Auto Channel' is visible

2023-04-14 18:01:16 - [MESSAGE][PASSED] - Object 'Object Repository/06-Teams/03-Edit Team - Private/div_Auto Channel' is visible

2023-04-14 18:01:16 - [TEST_STEP][PASSED] - delay(3): Delayed 3 second(s)

2023-04-14 18:01:19 - [MESSAGE][PASSED] - Delayed 3 second(s)

2023-04-14 18:01:19 - [TEST_STEP][PASSED] - click(findTestObject("06-Teams/03-Edit Team - Private/button_edit channel")): Object: 'Object Repository/06-Teams/03-Edit Team - Private/button_edit channel' is clicked on

2023-04-14 18:01:20 - [MESSAGE][PASSED] - Object: 'Object Repository/06-Teams/03-Edit Team - Private/button_edit channel' is clicked on

2023-04-14 18:01:20 - [TEST_STEP][PASSED] - verifyElementVisible(findTestObject("06-Teams/03-Edit Team - Private/Edit channel modal")): Object 'Object Repository/06-Teams/03-Edit Team - Private/Edit channel modal' is visible

2023-04-14 18:01:21 - [MESSAGE][PASSED] - Object 'Object Repository/06-Teams/03-Edit Team - Private/Edit channel modal' is visible

2023-04-14 18:01:21 - [TEST_STEP][PASSED] - verifyElementNotClickable(findTestObject("06-Teams/03-Edit Team - Private/button_Save")): Object 'Object Repository/06-Teams/03-Edit Team - Private/button_Save' is NOT clickable

2023-04-14 18:01:21 - [MESSAGE][PASSED] - Object 'Object Repository/06-Teams/03-Edit Team - Private/button_Save' is NOT clickable

2023-04-14 18:01:21 - [TEST_STEP][PASSED] - delay(3): Delayed 3 second(s)

2023-04-14 18:01:24 - [MESSAGE][PASSED] - Delayed 3 second(s)

2023-04-14 18:01:24 - [TEST_STEP][PASSED] - setText(findTestObject("06-Teams/03-Edit Team - Private/input_Edit Channel name"), "Auto Channel Edit"): Text 'Auto Channel Edit' is set on object 'Object Repository/06-Teams/03-Edit Team - Private/input_Edit Channel name'

2023-04-14 18:01:25 - [MESSAGE][PASSED] - Text 'Auto Channel Edit' is set on object 'Object Repository/06-Teams/03-Edit Team - Private/input_Edit Channel name'

2023-04-14 18:01:25 - [TEST_STEP][PASSED] - click(findTestObject("06-Teams/03-Edit Team - Private/button_Save")): Object: 'Object Repository/06-Teams/03-Edit Team - Private/button_Save' is clicked on

2023-04-14 18:01:26 - [MESSAGE][PASSED] - Object: 'Object Repository/06-Teams/03-Edit Team - Private/button_Save' is clicked on

2023-04-14 18:01:26 - [TEST_STEP][PASSED] - verifyElementVisible(findTestObject("06-Teams/03-Edit Team - Private/Successfully edited channel")): Object 'Object Repository/06-Teams/03-Edit Team - Private/Successfully edited channel' is visible

2023-04-14 18:01:27 - [MESSAGE][PASSED] - Object 'Object Repository/06-Teams/03-Edit Team - Private/Successfully edited channel' is visible

2023-04-14 18:01:27 - [TEST_STEP][PASSED] - delay(3): Delayed 3 second(s)

2023-04-14 18:01:30 - [MESSAGE][PASSED] - Delayed 3 second(s)]]></system-out>
         <system-err><![CDATA[]]></system-err>
      </testcase>
      <testcase name="Test Cases/06- Teams/08-Edit Team - Private (deleting a channel)" time="6.396" classname="Test Cases/06- Teams/08-Edit Team - Private (deleting a channel)" status="PASSED">
         <system-out><![CDATA[2023-04-14 18:01:30 - [TEST_CASE][PASSED] - Test Cases/06- Teams/08-Edit Team - Private (deleting a channel): Test Cases/06- Teams/08-Edit Team - Private (deleting a channel)

2023-04-14 18:01:30 - [TEST_STEP][PASSED] - click(findTestObject("06-Teams/03-Edit Team - Private/button_delete channel")): Object: 'Object Repository/06-Teams/03-Edit Team - Private/button_delete channel' is clicked on

2023-04-14 18:01:30 - [MESSAGE][PASSED] - Object: 'Object Repository/06-Teams/03-Edit Team - Private/button_delete channel' is clicked on

2023-04-14 18:01:30 - [TEST_STEP][PASSED] - verifyElementVisible(findTestObject("06-Teams/03-Edit Team - Private/Delete confirm modal")): Object 'Object Repository/06-Teams/03-Edit Team - Private/Delete confirm modal' is visible

2023-04-14 18:01:31 - [MESSAGE][PASSED] - Object 'Object Repository/06-Teams/03-Edit Team - Private/Delete confirm modal' is visible

2023-04-14 18:01:31 - [TEST_STEP][PASSED] - click(findTestObject("06-Teams/03-Edit Team - Private/button_delete")): Object: 'Object Repository/06-Teams/03-Edit Team - Private/button_delete' is clicked on

2023-04-14 18:01:32 - [MESSAGE][PASSED] - Object: 'Object Repository/06-Teams/03-Edit Team - Private/button_delete' is clicked on

2023-04-14 18:01:32 - [TEST_STEP][PASSED] - verifyElementVisible(findTestObject("06-Teams/03-Edit Team - Private/Successfully deleted channel")): Object 'Object Repository/06-Teams/03-Edit Team - Private/Successfully deleted channel' is visible

2023-04-14 18:01:33 - [MESSAGE][PASSED] - Object 'Object Repository/06-Teams/03-Edit Team - Private/Successfully deleted channel' is visible

2023-04-14 18:01:33 - [TEST_STEP][PASSED] - delay(3): Delayed 3 second(s)

2023-04-14 18:01:36 - [MESSAGE][PASSED] - Delayed 3 second(s)]]></system-out>
         <system-err><![CDATA[]]></system-err>
      </testcase>
      <testcase name="Test Cases/06- Teams/09-Edit Team - Private (settings)" time="8.321" classname="Test Cases/06- Teams/09-Edit Team - Private (settings)" status="PASSED">
         <system-out><![CDATA[2023-04-14 18:01:36 - [TEST_CASE][PASSED] - Test Cases/06- Teams/09-Edit Team - Private (settings): Test Cases/06- Teams/09-Edit Team - Private (settings)

2023-04-14 18:01:36 - [TEST_STEP][PASSED] - click(findTestObject("06-Teams/03-Edit Team - Private/div_Settings")): Object: 'Object Repository/06-Teams/03-Edit Team - Private/div_Settings' is clicked on

2023-04-14 18:01:37 - [MESSAGE][PASSED] - Object: 'Object Repository/06-Teams/03-Edit Team - Private/div_Settings' is clicked on

2023-04-14 18:01:37 - [TEST_STEP][PASSED] - delay(3): Delayed 3 second(s)

2023-04-14 18:01:40 - [MESSAGE][PASSED] - Delayed 3 second(s)

2023-04-14 18:01:40 - [TEST_STEP][PASSED] - verifyElementVisible(findTestObject("06-Teams/03-Edit Team - Private/Private_settings")): Object 'Object Repository/06-Teams/03-Edit Team - Private/Private_settings' is visible

2023-04-14 18:01:40 - [MESSAGE][PASSED] - Object 'Object Repository/06-Teams/03-Edit Team - Private/Private_settings' is visible

2023-04-14 18:01:40 - [TEST_STEP][PASSED] - delay(3): Delayed 3 second(s)

2023-04-14 18:01:43 - [MESSAGE][PASSED] - Delayed 3 second(s)

2023-04-14 18:01:43 - [TEST_STEP][PASSED] - closeBrowser(): Browser is closed

2023-04-14 18:01:44 - [MESSAGE][PASSED] - Browser is closed]]></system-out>
         <system-err><![CDATA[]]></system-err>
      </testcase>
      <testcase name="Test Cases/06- Teams/10-Edit Team- Public (adding a channel)" time="102.345" classname="Test Cases/06- Teams/10-Edit Team- Public (adding a channel)" status="PASSED">
         <system-out><![CDATA[2023-04-14 18:01:44 - [TEST_CASE][PASSED] - Test Cases/06- Teams/10-Edit Team- Public (adding a channel): Test Cases/06- Teams/10-Edit Team- Public (adding a channel)

2023-04-14 18:01:45 - [TEST_STEP][PASSED] - openBrowser(""): Browser is opened with url: ''

2023-04-14 18:01:45 - [MESSAGE][INFO] - Starting 'Chrome' driver

2023-04-14 18:01:45 - [MESSAGE][INFO] - Action delay is set to 0 milliseconds

2023-04-14 18:01:46 - [MESSAGE][PASSED] - Browser is opened with url: ''

2023-04-14 18:01:46 - [TEST_STEP][PASSED] - navigateToUrl("https://lab.everleagues.com/"): Navigate to 'https://lab.everleagues.com/' successfully

2023-04-14 18:02:06 - [MESSAGE][PASSED] - Navigate to 'https://lab.everleagues.com/' successfully

2023-04-14 18:02:06 - [TEST_STEP][PASSED] - maximizeWindow(): Current window maximized

2023-04-14 18:02:06 - [MESSAGE][PASSED] - Current window maximized

2023-04-14 18:02:06 - [TEST_STEP][PASSED] - setText(findTestObject("02-Side Icons(Organization)/Add Contact/Email Field"), "testuser05@mailinator.com"): Text 'testuser05@mailinator.com' is set on object 'Object Repository/02-Side Icons(Organization)/Add Contact/Email Field'

2023-04-14 18:02:07 - [MESSAGE][PASSED] - Text 'testuser05@mailinator.com' is set on object 'Object Repository/02-Side Icons(Organization)/Add Contact/Email Field'

2023-04-14 18:02:07 - [TEST_STEP][PASSED] - setEncryptedText(findTestObject("02-Side Icons(Organization)/Add Contact/Password Field"), "8yFRyszE6U6jvsCn51OQbg=="): Text ****** has been set on object 'Object Repository/02-Side Icons(Organization)/Add Contact/Password Field'

2023-04-14 18:02:08 - [MESSAGE][PASSED] - Text ****** has been set on object 'Object Repository/02-Side Icons(Organization)/Add Contact/Password Field'

2023-04-14 18:02:08 - [TEST_STEP][PASSED] - click(findTestObject("02-Side Icons(Organization)/Add Contact/button_Sign in")): Object: 'Object Repository/02-Side Icons(Organization)/Add Contact/button_Sign in' is clicked on

2023-04-14 18:02:09 - [MESSAGE][PASSED] - Object: 'Object Repository/02-Side Icons(Organization)/Add Contact/button_Sign in' is clicked on

2023-04-14 18:02:09 - [TEST_STEP][PASSED] - delay(3): Delayed 3 second(s)

2023-04-14 18:02:12 - [MESSAGE][PASSED] - Delayed 3 second(s)

2023-04-14 18:02:12 - [TEST_STEP][PASSED] - click(findTestObject("06-Teams/For 2FA/button_Confirm_2FA")): Object: 'Object Repository/06-Teams/For 2FA/button_Confirm_2FA' is clicked on

2023-04-14 18:02:12 - [MESSAGE][PASSED] - Object: 'Object Repository/06-Teams/For 2FA/button_Confirm_2FA' is clicked on

2023-04-14 18:02:12 - [TEST_STEP][PASSED] - executeJavaScript("window.open();", []): Execute JavaScript 'window.open();' successfully

2023-04-14 18:02:12 - [MESSAGE][PASSED] - Execute JavaScript 'window.open();' successfully

2023-04-14 18:02:12 - [TEST_STEP][PASSED] - currentWindow = getWindowIndex(): Current window's index is: 0

2023-04-14 18:02:12 - [MESSAGE][PASSED] - Current window's index is: 0

2023-04-14 18:02:12 - [TEST_STEP][PASSED] - delay(3): Delayed 3 second(s)

2023-04-14 18:02:15 - [MESSAGE][PASSED] - Delayed 3 second(s)

2023-04-14 18:02:15 - [TEST_STEP][PASSED] - switchToWindowIndex(currentWindow + 1): Switched to window with index: '1'

2023-04-14 18:02:15 - [MESSAGE][PASSED] - Switched to window with index: '1'

2023-04-14 18:02:15 - [TEST_STEP][PASSED] - navigateToUrl("https://www.mailinator.com/"): Navigate to 'https://www.mailinator.com/' successfully

2023-04-14 18:02:18 - [MESSAGE][PASSED] - Navigate to 'https://www.mailinator.com/' successfully

2023-04-14 18:02:18 - [TEST_STEP][PASSED] - delay(3): Delayed 3 second(s)

2023-04-14 18:02:21 - [MESSAGE][PASSED] - Delayed 3 second(s)

2023-04-14 18:02:21 - [TEST_STEP][PASSED] - setText(findTestObject("00-Signup and Activation/zMailinator/input_LOGIN_search"), "testuser05@mailinator.com"): Text 'testuser05@mailinator.com' is set on object 'Object Repository/00-Signup and Activation/zMailinator/input_LOGIN_search'

2023-04-14 18:02:21 - [MESSAGE][PASSED] - Text 'testuser05@mailinator.com' is set on object 'Object Repository/00-Signup and Activation/zMailinator/input_LOGIN_search'

2023-04-14 18:02:21 - [TEST_STEP][PASSED] - click(findTestObject("00-Signup and Activation/zMailinator/gobutton"), STOP_ON_FAILURE): Object: 'Object Repository/00-Signup and Activation/zMailinator/gobutton' is clicked on

2023-04-14 18:02:23 - [MESSAGE][PASSED] - Object: 'Object Repository/00-Signup and Activation/zMailinator/gobutton' is clicked on

2023-04-14 18:02:23 - [TEST_STEP][PASSED] - delay(3): Delayed 3 second(s)

2023-04-14 18:02:26 - [MESSAGE][PASSED] - Delayed 3 second(s)

2023-04-14 18:02:26 - [TEST_STEP][PASSED] - click(findTestObject("00-Signup and Activation/zMailinator/Email - everleagues")): Object: 'Object Repository/00-Signup and Activation/zMailinator/Email - everleagues' is clicked on

2023-04-14 18:02:27 - [MESSAGE][PASSED] - Object: 'Object Repository/00-Signup and Activation/zMailinator/Email - everleagues' is clicked on

2023-04-14 18:02:27 - [TEST_STEP][PASSED] - delay(3): Delayed 3 second(s)

2023-04-14 18:02:30 - [MESSAGE][PASSED] - Delayed 3 second(s)

2023-04-14 18:02:30 - [TEST_STEP][PASSED] - code = getText(findTestObject("Object Repository/06-Teams/For 2FA/2FA code")): Text of object 'Object Repository/06-Teams/For 2FA/2FA code' is: '585351'

2023-04-14 18:02:30 - [MESSAGE][PASSED] - Text of object 'Object Repository/06-Teams/For 2FA/2FA code' is: '585351'

2023-04-14 18:02:30 - [TEST_STEP][PASSED] - delay(3): Delayed 3 second(s)

2023-04-14 18:02:33 - [MESSAGE][PASSED] - Delayed 3 second(s)

2023-04-14 18:02:33 - [TEST_STEP][PASSED] - closeWindowTitle("Mailinator"): Window with title: 'Mailinator' is closed

2023-04-14 18:02:33 - [MESSAGE][PASSED] - Window with title: 'Mailinator' is closed

2023-04-14 18:02:33 - [TEST_STEP][PASSED] - delay(3): Delayed 3 second(s)

2023-04-14 18:02:36 - [MESSAGE][PASSED] - Delayed 3 second(s)

2023-04-14 18:02:36 - [TEST_STEP][PASSED] - switchToWindowIndex(0): Switched to window with index: '0'

2023-04-14 18:02:36 - [MESSAGE][PASSED] - Switched to window with index: '0'

2023-04-14 18:02:36 - [TEST_STEP][PASSED] - delay(3): Delayed 3 second(s)

2023-04-14 18:02:39 - [MESSAGE][PASSED] - Delayed 3 second(s)

2023-04-14 18:02:39 - [TEST_STEP][PASSED] - setText(findTestObject("Object Repository/06-Teams/For 2FA/input_Enter verification code_code"), code): Text '585351' is set on object 'Object Repository/06-Teams/For 2FA/input_Enter verification code_code'

2023-04-14 18:02:40 - [MESSAGE][PASSED] - Text '585351' is set on object 'Object Repository/06-Teams/For 2FA/input_Enter verification code_code'

2023-04-14 18:02:40 - [TEST_STEP][PASSED] - delay(3): Delayed 3 second(s)

2023-04-14 18:02:43 - [MESSAGE][PASSED] - Delayed 3 second(s)

2023-04-14 18:02:43 - [TEST_STEP][PASSED] - click(findTestObject("06-Teams/For 2FA/button_Verify_2FA")): Object: 'Object Repository/06-Teams/For 2FA/button_Verify_2FA' is clicked on

2023-04-14 18:02:44 - [MESSAGE][PASSED] - Object: 'Object Repository/06-Teams/For 2FA/button_Verify_2FA' is clicked on

2023-04-14 18:02:44 - [TEST_STEP][PASSED] - delay(5): Delayed 5 second(s)

2023-04-14 18:02:49 - [MESSAGE][PASSED] - Delayed 5 second(s)

2023-04-14 18:02:49 - [TEST_STEP][PASSED] - click(findTestObject("06-Teams/button_doublearrow")): Object: 'Object Repository/06-Teams/button_doublearrow' is clicked on

2023-04-14 18:02:49 - [MESSAGE][PASSED] - Object: 'Object Repository/06-Teams/button_doublearrow' is clicked on

2023-04-14 18:02:49 - [TEST_STEP][PASSED] - click(findTestObject("06-Teams/button_My Organizations")): Object: 'Object Repository/06-Teams/button_My Organizations' is clicked on

2023-04-14 18:02:50 - [MESSAGE][PASSED] - Object: 'Object Repository/06-Teams/button_My Organizations' is clicked on

2023-04-14 18:02:50 - [TEST_STEP][PASSED] - click(findTestObject("06-Teams/button_GG Automation")): Object: 'Object Repository/06-Teams/button_GG Automation' is clicked on

2023-04-14 18:02:51 - [MESSAGE][PASSED] - Object: 'Object Repository/06-Teams/button_GG Automation' is clicked on

2023-04-14 18:02:51 - [TEST_STEP][PASSED] - delay(4): Delayed 4 second(s)

2023-04-14 18:02:55 - [MESSAGE][PASSED] - Delayed 4 second(s)

2023-04-14 18:02:55 - [TEST_STEP][PASSED] - verifyElementVisible(findTestObject("06-Teams/span_GG Automation")): Object 'Object Repository/06-Teams/span_GG Automation' is visible

2023-04-14 18:02:55 - [MESSAGE][PASSED] - Object 'Object Repository/06-Teams/span_GG Automation' is visible

2023-04-14 18:02:55 - [TEST_STEP][PASSED] - delay(2): Delayed 2 second(s)

2023-04-14 18:02:57 - [MESSAGE][PASSED] - Delayed 2 second(s)

2023-04-14 18:02:57 - [TEST_STEP][PASSED] - click(findTestObject("03-Header Menu/Hamburger Button/div_Teams")): Object: 'Object Repository/03-Header Menu/Hamburger Button/div_Teams' is clicked on

2023-04-14 18:02:58 - [MESSAGE][PASSED] - Object: 'Object Repository/03-Header Menu/Hamburger Button/div_Teams' is clicked on

2023-04-14 18:02:58 - [TEST_STEP][PASSED] - delay(2): Delayed 2 second(s)

2023-04-14 18:03:00 - [MESSAGE][PASSED] - Delayed 2 second(s)

2023-04-14 18:03:00 - [TEST_STEP][PASSED] - verifyElementVisible(findTestObject("06-Teams/h4_TEAMS")): Object 'Object Repository/06-Teams/h4_TEAMS' is visible

2023-04-14 18:03:00 - [MESSAGE][PASSED] - Object 'Object Repository/06-Teams/h4_TEAMS' is visible

2023-04-14 18:03:00 - [TEST_STEP][PASSED] - delay(3): Delayed 3 second(s)

2023-04-14 18:03:03 - [MESSAGE][PASSED] - Delayed 3 second(s)

2023-04-14 18:03:03 - [TEST_STEP][PASSED] - click(findTestObject("06-Teams/04-Edit Team-Public/button_edit Auto Team Public")): Object: 'Object Repository/06-Teams/04-Edit Team-Public/button_edit Auto Team Public' is clicked on

2023-04-14 18:03:04 - [MESSAGE][PASSED] - Object: 'Object Repository/06-Teams/04-Edit Team-Public/button_edit Auto Team Public' is clicked on

2023-04-14 18:03:04 - [TEST_STEP][PASSED] - verifyElementVisible(findTestObject("06-Teams/04-Edit Team-Public/h4_Edit Auto Team Public")): Object 'Object Repository/06-Teams/04-Edit Team-Public/h4_Edit Auto Team Public' is visible

2023-04-14 18:03:05 - [MESSAGE][PASSED] - Object 'Object Repository/06-Teams/04-Edit Team-Public/h4_Edit Auto Team Public' is visible

2023-04-14 18:03:05 - [TEST_STEP][PASSED] - delay(3): Delayed 3 second(s)

2023-04-14 18:03:08 - [MESSAGE][PASSED] - Delayed 3 second(s)

2023-04-14 18:03:08 - [TEST_STEP][PASSED] - click(findTestObject("06-Teams/03-Edit Team - Private/div_Add Channel")): Object: 'Object Repository/06-Teams/03-Edit Team - Private/div_Add Channel' is clicked on

2023-04-14 18:03:08 - [MESSAGE][PASSED] - Object: 'Object Repository/06-Teams/03-Edit Team - Private/div_Add Channel' is clicked on

2023-04-14 18:03:08 - [TEST_STEP][PASSED] - verifyElementVisible(findTestObject("06-Teams/03-Edit Team - Private/add channel modal")): Object 'Object Repository/06-Teams/03-Edit Team - Private/add channel modal' is visible

2023-04-14 18:03:09 - [MESSAGE][PASSED] - Object 'Object Repository/06-Teams/03-Edit Team - Private/add channel modal' is visible

2023-04-14 18:03:09 - [TEST_STEP][PASSED] - verifyElementNotClickable(findTestObject("06-Teams/03-Edit Team - Private/button_Add")): Object 'Object Repository/06-Teams/03-Edit Team - Private/button_Add' is NOT clickable

2023-04-14 18:03:09 - [MESSAGE][PASSED] - Object 'Object Repository/06-Teams/03-Edit Team - Private/button_Add' is NOT clickable

2023-04-14 18:03:09 - [TEST_STEP][PASSED] - delay(3): Delayed 3 second(s)

2023-04-14 18:03:12 - [MESSAGE][PASSED] - Delayed 3 second(s)

2023-04-14 18:03:12 - [TEST_STEP][PASSED] - click(findTestObject("06-Teams/03-Edit Team - Private/input_channel name")): Object: 'Object Repository/06-Teams/03-Edit Team - Private/input_channel name' is clicked on

2023-04-14 18:03:13 - [MESSAGE][PASSED] - Object: 'Object Repository/06-Teams/03-Edit Team - Private/input_channel name' is clicked on

2023-04-14 18:03:13 - [TEST_STEP][PASSED] - click(findTestObject("06-Teams/03-Edit Team - Private/h4_Add Channel")): Object: 'Object Repository/06-Teams/03-Edit Team - Private/h4_Add Channel' is clicked on

2023-04-14 18:03:14 - [MESSAGE][PASSED] - Object: 'Object Repository/06-Teams/03-Edit Team - Private/h4_Add Channel' is clicked on

2023-04-14 18:03:14 - [TEST_STEP][PASSED] - verifyElementVisible(findTestObject("06-Teams/03-Edit Team - Private/div_Channel Name Field is required")): Object 'Object Repository/06-Teams/03-Edit Team - Private/div_Channel Name Field is required' is visible

2023-04-14 18:03:14 - [MESSAGE][PASSED] - Object 'Object Repository/06-Teams/03-Edit Team - Private/div_Channel Name Field is required' is visible

2023-04-14 18:03:14 - [TEST_STEP][PASSED] - delay(3): Delayed 3 second(s)

2023-04-14 18:03:17 - [MESSAGE][PASSED] - Delayed 3 second(s)

2023-04-14 18:03:17 - [TEST_STEP][PASSED] - setText(findTestObject("06-Teams/03-Edit Team - Private/input_channel name"), "Auto Channel"): Text 'Auto Channel' is set on object 'Object Repository/06-Teams/03-Edit Team - Private/input_channel name'

2023-04-14 18:03:18 - [MESSAGE][PASSED] - Text 'Auto Channel' is set on object 'Object Repository/06-Teams/03-Edit Team - Private/input_channel name'

2023-04-14 18:03:18 - [TEST_STEP][PASSED] - click(findTestObject("06-Teams/03-Edit Team - Private/button_Add")): Object: 'Object Repository/06-Teams/03-Edit Team - Private/button_Add' is clicked on

2023-04-14 18:03:19 - [MESSAGE][PASSED] - Object: 'Object Repository/06-Teams/03-Edit Team - Private/button_Add' is clicked on

2023-04-14 18:03:19 - [TEST_STEP][PASSED] - verifyElementVisible(findTestObject("06-Teams/03-Edit Team - Private/Successfully added channel to team")): Object 'Object Repository/06-Teams/03-Edit Team - Private/Successfully added channel to team' is visible

2023-04-14 18:03:20 - [MESSAGE][PASSED] - Object 'Object Repository/06-Teams/03-Edit Team - Private/Successfully added channel to team' is visible

2023-04-14 18:03:20 - [TEST_STEP][PASSED] - delay(3): Delayed 3 second(s)

2023-04-14 18:03:23 - [MESSAGE][PASSED] - Delayed 3 second(s)

2023-04-14 18:03:23 - [TEST_STEP][PASSED] - verifyElementVisible(findTestObject("06-Teams/03-Edit Team - Private/div_Auto Channel")): Object 'Object Repository/06-Teams/03-Edit Team - Private/div_Auto Channel' is visible

2023-04-14 18:03:24 - [MESSAGE][PASSED] - Object 'Object Repository/06-Teams/03-Edit Team - Private/div_Auto Channel' is visible

2023-04-14 18:03:24 - [TEST_STEP][PASSED] - delay(3): Delayed 3 second(s)

2023-04-14 18:03:27 - [MESSAGE][PASSED] - Delayed 3 second(s)]]></system-out>
         <system-err><![CDATA[]]></system-err>
      </testcase>
      <testcase name="Test Cases/06- Teams/11-Edit Team- Public (editing a channel)" time="11.104" classname="Test Cases/06- Teams/11-Edit Team- Public (editing a channel)" status="PASSED">
         <system-out><![CDATA[2023-04-14 18:03:27 - [TEST_CASE][PASSED] - Test Cases/06- Teams/11-Edit Team- Public (editing a channel): Test Cases/06- Teams/11-Edit Team- Public (editing a channel)

2023-04-14 18:03:27 - [TEST_STEP][PASSED] - click(findTestObject("06-Teams/03-Edit Team - Private/button_edit channel")): Object: 'Object Repository/06-Teams/03-Edit Team - Private/button_edit channel' is clicked on

2023-04-14 18:03:28 - [MESSAGE][PASSED] - Object: 'Object Repository/06-Teams/03-Edit Team - Private/button_edit channel' is clicked on

2023-04-14 18:03:28 - [TEST_STEP][PASSED] - verifyElementVisible(findTestObject("06-Teams/03-Edit Team - Private/Edit channel modal")): Object 'Object Repository/06-Teams/03-Edit Team - Private/Edit channel modal' is visible

2023-04-14 18:03:29 - [MESSAGE][PASSED] - Object 'Object Repository/06-Teams/03-Edit Team - Private/Edit channel modal' is visible

2023-04-14 18:03:29 - [TEST_STEP][PASSED] - verifyElementNotClickable(findTestObject("06-Teams/03-Edit Team - Private/button_Save")): Object 'Object Repository/06-Teams/03-Edit Team - Private/button_Save' is NOT clickable

2023-04-14 18:03:29 - [MESSAGE][PASSED] - Object 'Object Repository/06-Teams/03-Edit Team - Private/button_Save' is NOT clickable

2023-04-14 18:03:29 - [TEST_STEP][PASSED] - delay(3): Delayed 3 second(s)

2023-04-14 18:03:32 - [MESSAGE][PASSED] - Delayed 3 second(s)

2023-04-14 18:03:32 - [TEST_STEP][PASSED] - setText(findTestObject("06-Teams/03-Edit Team - Private/input_Edit Channel name"), "Auto Channel Edit"): Text 'Auto Channel Edit' is set on object 'Object Repository/06-Teams/03-Edit Team - Private/input_Edit Channel name'

2023-04-14 18:03:33 - [MESSAGE][PASSED] - Text 'Auto Channel Edit' is set on object 'Object Repository/06-Teams/03-Edit Team - Private/input_Edit Channel name'

2023-04-14 18:03:33 - [TEST_STEP][PASSED] - click(findTestObject("06-Teams/03-Edit Team - Private/button_Save")): Object: 'Object Repository/06-Teams/03-Edit Team - Private/button_Save' is clicked on

2023-04-14 18:03:34 - [MESSAGE][PASSED] - Object: 'Object Repository/06-Teams/03-Edit Team - Private/button_Save' is clicked on

2023-04-14 18:03:34 - [TEST_STEP][PASSED] - verifyElementVisible(findTestObject("06-Teams/03-Edit Team - Private/Successfully edited channel")): Object 'Object Repository/06-Teams/03-Edit Team - Private/Successfully edited channel' is visible

2023-04-14 18:03:35 - [MESSAGE][PASSED] - Object 'Object Repository/06-Teams/03-Edit Team - Private/Successfully edited channel' is visible

2023-04-14 18:03:35 - [TEST_STEP][PASSED] - delay(3): Delayed 3 second(s)

2023-04-14 18:03:38 - [MESSAGE][PASSED] - Delayed 3 second(s)]]></system-out>
         <system-err><![CDATA[]]></system-err>
      </testcase>
      <testcase name="Test Cases/06- Teams/12-Edit Team- Public (deleting a channel)" time="6.209" classname="Test Cases/06- Teams/12-Edit Team- Public (deleting a channel)" status="PASSED">
         <system-out><![CDATA[2023-04-14 18:03:38 - [TEST_CASE][PASSED] - Test Cases/06- Teams/12-Edit Team- Public (deleting a channel): Test Cases/06- Teams/12-Edit Team- Public (deleting a channel)

2023-04-14 18:03:38 - [TEST_STEP][PASSED] - click(findTestObject("06-Teams/03-Edit Team - Private/button_delete channel")): Object: 'Object Repository/06-Teams/03-Edit Team - Private/button_delete channel' is clicked on

2023-04-14 18:03:39 - [MESSAGE][PASSED] - Object: 'Object Repository/06-Teams/03-Edit Team - Private/button_delete channel' is clicked on

2023-04-14 18:03:39 - [TEST_STEP][PASSED] - verifyElementVisible(findTestObject("06-Teams/03-Edit Team - Private/Delete confirm modal")): Object 'Object Repository/06-Teams/03-Edit Team - Private/Delete confirm modal' is visible

2023-04-14 18:03:40 - [MESSAGE][PASSED] - Object 'Object Repository/06-Teams/03-Edit Team - Private/Delete confirm modal' is visible

2023-04-14 18:03:40 - [TEST_STEP][PASSED] - click(findTestObject("06-Teams/03-Edit Team - Private/button_delete")): Object: 'Object Repository/06-Teams/03-Edit Team - Private/button_delete' is clicked on

2023-04-14 18:03:40 - [MESSAGE][PASSED] - Object: 'Object Repository/06-Teams/03-Edit Team - Private/button_delete' is clicked on

2023-04-14 18:03:40 - [TEST_STEP][PASSED] - verifyElementVisible(findTestObject("06-Teams/03-Edit Team - Private/Successfully deleted channel")): Object 'Object Repository/06-Teams/03-Edit Team - Private/Successfully deleted channel' is visible

2023-04-14 18:03:41 - [MESSAGE][PASSED] - Object 'Object Repository/06-Teams/03-Edit Team - Private/Successfully deleted channel' is visible

2023-04-14 18:03:41 - [TEST_STEP][PASSED] - delay(3): Delayed 3 second(s)

2023-04-14 18:03:44 - [MESSAGE][PASSED] - Delayed 3 second(s)]]></system-out>
         <system-err><![CDATA[]]></system-err>
      </testcase>
      <testcase name="Test Cases/06- Teams/13-Edit Team- Public (settings)" time="8.211" classname="Test Cases/06- Teams/13-Edit Team- Public (settings)" status="PASSED">
         <system-out><![CDATA[2023-04-14 18:03:44 - [TEST_CASE][PASSED] - Test Cases/06- Teams/13-Edit Team- Public (settings): Test Cases/06- Teams/13-Edit Team- Public (settings)

2023-04-14 18:03:44 - [TEST_STEP][PASSED] - click(findTestObject("06-Teams/03-Edit Team - Private/div_Settings")): Object: 'Object Repository/06-Teams/03-Edit Team - Private/div_Settings' is clicked on

2023-04-14 18:03:45 - [MESSAGE][PASSED] - Object: 'Object Repository/06-Teams/03-Edit Team - Private/div_Settings' is clicked on

2023-04-14 18:03:45 - [TEST_STEP][PASSED] - delay(3): Delayed 3 second(s)

2023-04-14 18:03:48 - [MESSAGE][PASSED] - Delayed 3 second(s)

2023-04-14 18:03:48 - [TEST_STEP][PASSED] - verifyElementVisible(findTestObject("06-Teams/04-Edit Team-Public/Public_settings")): Object 'Object Repository/06-Teams/04-Edit Team-Public/Public_settings' is visible

2023-04-14 18:03:48 - [MESSAGE][PASSED] - Object 'Object Repository/06-Teams/04-Edit Team-Public/Public_settings' is visible

2023-04-14 18:03:48 - [TEST_STEP][PASSED] - delay(3): Delayed 3 second(s)

2023-04-14 18:03:51 - [MESSAGE][PASSED] - Delayed 3 second(s)

2023-04-14 18:03:51 - [TEST_STEP][PASSED] - closeBrowser(): Browser is closed

2023-04-14 18:03:52 - [MESSAGE][PASSED] - Browser is closed]]></system-out>
         <system-err><![CDATA[]]></system-err>
      </testcase>
      <testcase name="Test Cases/06- Teams/14 - Teams - General Channel (attaching PDF)" time="90.745" classname="Test Cases/06- Teams/14 - Teams - General Channel (attaching PDF)" status="PASSED">
         <system-out><![CDATA[2023-04-14 18:03:52 - [TEST_CASE][PASSED] - Test Cases/06- Teams/14 - Teams - General Channel (attaching PDF): Test Cases/06- Teams/14 - Teams - General Channel (attaching PDF)

2023-04-14 18:03:53 - [TEST_STEP][PASSED] - openBrowser(""): Browser is opened with url: ''

2023-04-14 18:03:53 - [MESSAGE][INFO] - Starting 'Chrome' driver

2023-04-14 18:03:53 - [MESSAGE][INFO] - Action delay is set to 0 milliseconds

2023-04-14 18:03:54 - [MESSAGE][PASSED] - Browser is opened with url: ''

2023-04-14 18:03:54 - [TEST_STEP][PASSED] - navigateToUrl("https://lab.everleagues.com/"): Navigate to 'https://lab.everleagues.com/' successfully

2023-04-14 18:04:04 - [MESSAGE][PASSED] - Navigate to 'https://lab.everleagues.com/' successfully

2023-04-14 18:04:04 - [TEST_STEP][PASSED] - maximizeWindow(): Current window maximized

2023-04-14 18:04:05 - [MESSAGE][PASSED] - Current window maximized

2023-04-14 18:04:05 - [TEST_STEP][PASSED] - callTestCase(findTestCase("01-Login and Forgot Password/04-Login(Valid Credentials-With Subscription)"), [:], STOP_ON_FAILURE): Call Test Case 'Test Cases/01-Login and Forgot Password/04-Login(Valid Credentials-With Subscription)' successfully

2023-04-14 18:04:05 - [TEST_CASE][PASSED] - Test Cases/01-Login and Forgot Password/04-Login(Valid Credentials-With Subscription): Test Cases/01-Login and Forgot Password/04-Login(Valid Credentials-With Subscription)

2023-04-14 18:04:05 - [TEST_STEP][PASSED] - setText(findTestObject("01-Login and Forgot Password/input_Email_email"), "testuser05@mailinator.com"): Text 'testuser05@mailinator.com' is set on object 'Object Repository/01-Login and Forgot Password/input_Email_email'

2023-04-14 18:04:06 - [MESSAGE][PASSED] - Text 'testuser05@mailinator.com' is set on object 'Object Repository/01-Login and Forgot Password/input_Email_email'

2023-04-14 18:04:06 - [TEST_STEP][PASSED] - setEncryptedText(findTestObject("01-Login and Forgot Password/input_Email_password"), "8yFRyszE6U6jvsCn51OQbg=="): Text ****** has been set on object 'Object Repository/01-Login and Forgot Password/input_Email_password'

2023-04-14 18:04:06 - [MESSAGE][PASSED] - Text ****** has been set on object 'Object Repository/01-Login and Forgot Password/input_Email_password'

2023-04-14 18:04:06 - [TEST_STEP][PASSED] - delay(2): Delayed 2 second(s)

2023-04-14 18:04:08 - [MESSAGE][PASSED] - Delayed 2 second(s)

2023-04-14 18:04:08 - [TEST_STEP][PASSED] - click(findTestObject("01-Login and Forgot Password/show pass button")): Object: 'Object Repository/01-Login and Forgot Password/show pass button' is clicked on

2023-04-14 18:04:09 - [MESSAGE][PASSED] - Object: 'Object Repository/01-Login and Forgot Password/show pass button' is clicked on

2023-04-14 18:04:09 - [TEST_STEP][PASSED] - delay(3): Delayed 3 second(s)

2023-04-14 18:04:12 - [MESSAGE][PASSED] - Delayed 3 second(s)

2023-04-14 18:04:12 - [TEST_STEP][PASSED] - click(findTestObject("01-Login and Forgot Password/button_Sign in")): Object: 'Object Repository/01-Login and Forgot Password/button_Sign in' is clicked on

2023-04-14 18:04:12 - [MESSAGE][PASSED] - Object: 'Object Repository/01-Login and Forgot Password/button_Sign in' is clicked on

2023-04-14 18:04:12 - [TEST_STEP][PASSED] - delay(3): Delayed 3 second(s)

2023-04-14 18:04:15 - [MESSAGE][PASSED] - Delayed 3 second(s)

2023-04-14 18:04:15 - [TEST_STEP][PASSED] - click(findTestObject("06-Teams/For 2FA/button_Confirm_2FA")): Object: 'Object Repository/06-Teams/For 2FA/button_Confirm_2FA' is clicked on

2023-04-14 18:04:16 - [MESSAGE][PASSED] - Object: 'Object Repository/06-Teams/For 2FA/button_Confirm_2FA' is clicked on

2023-04-14 18:04:16 - [TEST_STEP][PASSED] - executeJavaScript("window.open();", []): Execute JavaScript 'window.open();' successfully

2023-04-14 18:04:16 - [MESSAGE][PASSED] - Execute JavaScript 'window.open();' successfully

2023-04-14 18:04:16 - [TEST_STEP][PASSED] - currentWindow = getWindowIndex(): Current window's index is: 0

2023-04-14 18:04:16 - [MESSAGE][PASSED] - Current window's index is: 0

2023-04-14 18:04:16 - [TEST_STEP][PASSED] - delay(3): Delayed 3 second(s)

2023-04-14 18:04:19 - [MESSAGE][PASSED] - Delayed 3 second(s)

2023-04-14 18:04:19 - [TEST_STEP][PASSED] - switchToWindowIndex(currentWindow + 1): Switched to window with index: '1'

2023-04-14 18:04:19 - [MESSAGE][PASSED] - Switched to window with index: '1'

2023-04-14 18:04:19 - [TEST_STEP][PASSED] - navigateToUrl("https://www.mailinator.com/"): Navigate to 'https://www.mailinator.com/' successfully

2023-04-14 18:04:22 - [MESSAGE][PASSED] - Navigate to 'https://www.mailinator.com/' successfully

2023-04-14 18:04:22 - [TEST_STEP][PASSED] - delay(3): Delayed 3 second(s)

2023-04-14 18:04:25 - [MESSAGE][PASSED] - Delayed 3 second(s)

2023-04-14 18:04:25 - [TEST_STEP][PASSED] - setText(findTestObject("00-Signup and Activation/zMailinator/input_LOGIN_search"), "testuser05@mailinator.com"): Text 'testuser05@mailinator.com' is set on object 'Object Repository/00-Signup and Activation/zMailinator/input_LOGIN_search'

2023-04-14 18:04:26 - [MESSAGE][PASSED] - Text 'testuser05@mailinator.com' is set on object 'Object Repository/00-Signup and Activation/zMailinator/input_LOGIN_search'

2023-04-14 18:04:26 - [TEST_STEP][PASSED] - click(findTestObject("00-Signup and Activation/zMailinator/gobutton"), STOP_ON_FAILURE): Object: 'Object Repository/00-Signup and Activation/zMailinator/gobutton' is clicked on

2023-04-14 18:04:27 - [MESSAGE][PASSED] - Object: 'Object Repository/00-Signup and Activation/zMailinator/gobutton' is clicked on

2023-04-14 18:04:27 - [TEST_STEP][PASSED] - delay(3): Delayed 3 second(s)

2023-04-14 18:04:30 - [MESSAGE][PASSED] - Delayed 3 second(s)

2023-04-14 18:04:30 - [TEST_STEP][PASSED] - click(findTestObject("00-Signup and Activation/zMailinator/Email - everleagues")): Object: 'Object Repository/00-Signup and Activation/zMailinator/Email - everleagues' is clicked on

2023-04-14 18:04:31 - [MESSAGE][PASSED] - Object: 'Object Repository/00-Signup and Activation/zMailinator/Email - everleagues' is clicked on

2023-04-14 18:04:31 - [TEST_STEP][PASSED] - delay(3): Delayed 3 second(s)

2023-04-14 18:04:34 - [MESSAGE][PASSED] - Delayed 3 second(s)

2023-04-14 18:04:34 - [TEST_STEP][PASSED] - code = getText(findTestObject("Object Repository/06-Teams/For 2FA/2FA code")): Text of object 'Object Repository/06-Teams/For 2FA/2FA code' is: '276421'

2023-04-14 18:04:34 - [MESSAGE][PASSED] - Text of object 'Object Repository/06-Teams/For 2FA/2FA code' is: '276421'

2023-04-14 18:04:34 - [TEST_STEP][PASSED] - delay(3): Delayed 3 second(s)

2023-04-14 18:04:37 - [MESSAGE][PASSED] - Delayed 3 second(s)

2023-04-14 18:04:37 - [TEST_STEP][PASSED] - closeWindowTitle("Mailinator"): Window with title: 'Mailinator' is closed

2023-04-14 18:04:38 - [MESSAGE][PASSED] - Window with title: 'Mailinator' is closed

2023-04-14 18:04:38 - [TEST_STEP][PASSED] - delay(3): Delayed 3 second(s)

2023-04-14 18:04:41 - [MESSAGE][PASSED] - Delayed 3 second(s)

2023-04-14 18:04:41 - [TEST_STEP][PASSED] - switchToWindowIndex(0): Switched to window with index: '0'

2023-04-14 18:04:41 - [MESSAGE][PASSED] - Switched to window with index: '0'

2023-04-14 18:04:41 - [TEST_STEP][PASSED] - delay(3): Delayed 3 second(s)

2023-04-14 18:04:44 - [MESSAGE][PASSED] - Delayed 3 second(s)

2023-04-14 18:04:44 - [TEST_STEP][PASSED] - setText(findTestObject("Object Repository/06-Teams/For 2FA/input_Enter verification code_code"), code): Text '276421' is set on object 'Object Repository/06-Teams/For 2FA/input_Enter verification code_code'

2023-04-14 18:04:44 - [MESSAGE][PASSED] - Text '276421' is set on object 'Object Repository/06-Teams/For 2FA/input_Enter verification code_code'

2023-04-14 18:04:44 - [TEST_STEP][PASSED] - delay(3): Delayed 3 second(s)

2023-04-14 18:04:47 - [MESSAGE][PASSED] - Delayed 3 second(s)

2023-04-14 18:04:47 - [TEST_STEP][PASSED] - click(findTestObject("06-Teams/For 2FA/button_Verify_2FA")): Object: 'Object Repository/06-Teams/For 2FA/button_Verify_2FA' is clicked on

2023-04-14 18:04:48 - [MESSAGE][PASSED] - Object: 'Object Repository/06-Teams/For 2FA/button_Verify_2FA' is clicked on

2023-04-14 18:04:48 - [TEST_STEP][PASSED] - delay(3): Delayed 3 second(s)

2023-04-14 18:04:51 - [MESSAGE][PASSED] - Delayed 3 second(s)

2023-04-14 18:04:51 - [MESSAGE][PASSED] - Call Test Case 'Test Cases/01-Login and Forgot Password/04-Login(Valid Credentials-With Subscription)' successfully

2023-04-14 18:04:51 - [TEST_STEP][PASSED] - click(findTestObject("06-Teams/button_doublearrow")): Object: 'Object Repository/06-Teams/button_doublearrow' is clicked on

2023-04-14 18:04:55 - [MESSAGE][PASSED] - Object: 'Object Repository/06-Teams/button_doublearrow' is clicked on

2023-04-14 18:04:55 - [TEST_STEP][PASSED] - click(findTestObject("06-Teams/button_My Organizations")): Object: 'Object Repository/06-Teams/button_My Organizations' is clicked on

2023-04-14 18:04:56 - [MESSAGE][PASSED] - Object: 'Object Repository/06-Teams/button_My Organizations' is clicked on

2023-04-14 18:04:56 - [TEST_STEP][PASSED] - click(findTestObject("06-Teams/button_GG Automation")): Object: 'Object Repository/06-Teams/button_GG Automation' is clicked on

2023-04-14 18:04:57 - [MESSAGE][PASSED] - Object: 'Object Repository/06-Teams/button_GG Automation' is clicked on

2023-04-14 18:04:57 - [TEST_STEP][PASSED] - delay(4): Delayed 4 second(s)

2023-04-14 18:05:01 - [MESSAGE][PASSED] - Delayed 4 second(s)

2023-04-14 18:05:01 - [TEST_STEP][PASSED] - verifyElementVisible(findTestObject("06-Teams/span_GG Automation")): Object 'Object Repository/06-Teams/span_GG Automation' is visible

2023-04-14 18:05:02 - [MESSAGE][PASSED] - Object 'Object Repository/06-Teams/span_GG Automation' is visible

2023-04-14 18:05:02 - [TEST_STEP][PASSED] - delay(2): Delayed 2 second(s)

2023-04-14 18:05:04 - [MESSAGE][PASSED] - Delayed 2 second(s)

2023-04-14 18:05:04 - [TEST_STEP][PASSED] - click(findTestObject("03-Header Menu/Hamburger Button/div_Teams")): Object: 'Object Repository/03-Header Menu/Hamburger Button/div_Teams' is clicked on

2023-04-14 18:05:05 - [MESSAGE][PASSED] - Object: 'Object Repository/03-Header Menu/Hamburger Button/div_Teams' is clicked on

2023-04-14 18:05:05 - [TEST_STEP][PASSED] - delay(2): Delayed 2 second(s)

2023-04-14 18:05:07 - [MESSAGE][PASSED] - Delayed 2 second(s)

2023-04-14 18:05:07 - [TEST_STEP][PASSED] - verifyElementVisible(findTestObject("06-Teams/h4_TEAMS")): Object 'Object Repository/06-Teams/h4_TEAMS' is visible

2023-04-14 18:05:07 - [MESSAGE][PASSED] - Object 'Object Repository/06-Teams/h4_TEAMS' is visible

2023-04-14 18:05:07 - [TEST_STEP][PASSED] - delay(3): Delayed 3 second(s)

2023-04-14 18:05:10 - [MESSAGE][PASSED] - Delayed 3 second(s)

2023-04-14 18:05:10 - [TEST_STEP][PASSED] - click(findTestObject("06-Teams/05- Teams-General Channel/div_General")): Object: 'Object Repository/06-Teams/05- Teams-General Channel/div_General' is clicked on

2023-04-14 18:05:11 - [MESSAGE][PASSED] - Object: 'Object Repository/06-Teams/05- Teams-General Channel/div_General' is clicked on

2023-04-14 18:05:11 - [TEST_STEP][PASSED] - delay(3): Delayed 3 second(s)

2023-04-14 18:05:14 - [MESSAGE][PASSED] - Delayed 3 second(s)

2023-04-14 18:05:14 - [TEST_STEP][PASSED] - uploadFile(findTestObject("06-Teams/05- Teams-General Channel/button_attache_file"), "D:\Users\EL automation\sample.pdf"): File 'D:\Users\EL automation\sample.pdf' sent to object: 'Object Repository/06-Teams/05- Teams-General Channel/button_attache_file'

2023-04-14 18:05:14 - [MESSAGE][PASSED] - File 'D:\Users\EL automation\sample.pdf' sent to object: 'Object Repository/06-Teams/05- Teams-General Channel/button_attache_file'

2023-04-14 18:05:14 - [TEST_STEP][PASSED] - verifyElementVisible(findTestObject("06-Teams/05- Teams-General Channel/added PDF")): Object 'Object Repository/06-Teams/05- Teams-General Channel/added PDF' is visible

2023-04-14 18:05:15 - [MESSAGE][PASSED] - Object 'Object Repository/06-Teams/05- Teams-General Channel/added PDF' is visible

2023-04-14 18:05:15 - [TEST_STEP][PASSED] - click(findTestObject("06-Teams/05- Teams-General Channel/button_send")): Object: 'Object Repository/06-Teams/05- Teams-General Channel/button_send' is clicked on

2023-04-14 18:05:15 - [MESSAGE][PASSED] - Object: 'Object Repository/06-Teams/05- Teams-General Channel/button_send' is clicked on

2023-04-14 18:05:15 - [TEST_STEP][PASSED] - verifyElementVisible(findTestObject("06-Teams/05- Teams-General Channel/added new post msg")): Object 'Object Repository/06-Teams/05- Teams-General Channel/added new post msg' is visible

2023-04-14 18:05:18 - [MESSAGE][PASSED] - Object 'Object Repository/06-Teams/05- Teams-General Channel/added new post msg' is visible

2023-04-14 18:05:18 - [TEST_STEP][PASSED] - verifyElementVisible(findTestObject("06-Teams/05- Teams-General Channel/posted pdf")): Object 'Object Repository/06-Teams/05- Teams-General Channel/posted pdf' is visible

2023-04-14 18:05:18 - [MESSAGE][PASSED] - Object 'Object Repository/06-Teams/05- Teams-General Channel/posted pdf' is visible

2023-04-14 18:05:18 - [TEST_STEP][PASSED] - delay(5): Delayed 5 second(s)

2023-04-14 18:05:23 - [MESSAGE][PASSED] - Delayed 5 second(s)]]></system-out>
         <system-err><![CDATA[]]></system-err>
      </testcase>
      <testcase name="Test Cases/06- Teams/15 - Teams - General Channel (Uploading Photo)" time="15.618" classname="Test Cases/06- Teams/15 - Teams - General Channel (Uploading Photo)" status="PASSED">
         <system-out><![CDATA[2023-04-14 18:05:23 - [TEST_CASE][PASSED] - Test Cases/06- Teams/15 - Teams - General Channel (Uploading Photo): Test Cases/06- Teams/15 - Teams - General Channel (Uploading Photo)

2023-04-14 18:05:23 - [TEST_STEP][PASSED] - uploadFile(findTestObject("06-Teams/05- Teams-General Channel/button_add image"), "D:\Users\EL automation\qa.jpg"): File 'D:\Users\EL automation\qa.jpg' sent to object: 'Object Repository/06-Teams/05- Teams-General Channel/button_add image'

2023-04-14 18:05:24 - [MESSAGE][PASSED] - File 'D:\Users\EL automation\qa.jpg' sent to object: 'Object Repository/06-Teams/05- Teams-General Channel/button_add image'

2023-04-14 18:05:24 - [TEST_STEP][PASSED] - verifyElementVisible(findTestObject("06-Teams/05- Teams-General Channel/added image")): Object 'Object Repository/06-Teams/05- Teams-General Channel/added image' is visible

2023-04-14 18:05:24 - [MESSAGE][PASSED] - Object 'Object Repository/06-Teams/05- Teams-General Channel/added image' is visible

2023-04-14 18:05:24 - [TEST_STEP][PASSED] - delay(3): Delayed 3 second(s)

2023-04-14 18:05:27 - [MESSAGE][PASSED] - Delayed 3 second(s)

2023-04-14 18:05:27 - [TEST_STEP][PASSED] - click(findTestObject("06-Teams/05- Teams-General Channel/button_send")): Object: 'Object Repository/06-Teams/05- Teams-General Channel/button_send' is clicked on

2023-04-14 18:05:28 - [MESSAGE][PASSED] - Object: 'Object Repository/06-Teams/05- Teams-General Channel/button_send' is clicked on

2023-04-14 18:05:28 - [TEST_STEP][PASSED] - verifyElementVisible(findTestObject("06-Teams/05- Teams-General Channel/added new post msg")): Object 'Object Repository/06-Teams/05- Teams-General Channel/added new post msg' is visible

2023-04-14 18:05:30 - [MESSAGE][PASSED] - Object 'Object Repository/06-Teams/05- Teams-General Channel/added new post msg' is visible

2023-04-14 18:05:30 - [TEST_STEP][PASSED] - delay(3): Delayed 3 second(s)

2023-04-14 18:05:33 - [MESSAGE][PASSED] - Delayed 3 second(s)

2023-04-14 18:05:33 - [TEST_STEP][PASSED] - verifyElementVisible(findTestObject("06-Teams/05- Teams-General Channel/posted image")): Object 'Object Repository/06-Teams/05- Teams-General Channel/posted image' is visible

2023-04-14 18:05:34 - [MESSAGE][PASSED] - Object 'Object Repository/06-Teams/05- Teams-General Channel/posted image' is visible

2023-04-14 18:05:34 - [TEST_STEP][PASSED] - delay(5): Delayed 5 second(s)

2023-04-14 18:05:39 - [MESSAGE][PASSED] - Delayed 5 second(s)]]></system-out>
         <system-err><![CDATA[]]></system-err>
      </testcase>
      <testcase name="Test Cases/06- Teams/16 - Teams - General Channel (attaching Video)" time="28.379" classname="Test Cases/06- Teams/16 - Teams - General Channel (attaching Video)" status="PASSED">
         <system-out><![CDATA[2023-04-14 18:05:39 - [TEST_CASE][PASSED] - Test Cases/06- Teams/16 - Teams - General Channel (attaching Video): Test Cases/06- Teams/16 - Teams - General Channel (attaching Video)

2023-04-14 18:05:39 - [TEST_STEP][PASSED] - uploadFile(findTestObject("06-Teams/05- Teams-General Channel/button_attache_file"), "D:\Users\EL automation\video.mp4"): File 'D:\Users\EL automation\video.mp4' sent to object: 'Object Repository/06-Teams/05- Teams-General Channel/button_attache_file'

2023-04-14 18:05:39 - [MESSAGE][PASSED] - File 'D:\Users\EL automation\video.mp4' sent to object: 'Object Repository/06-Teams/05- Teams-General Channel/button_attache_file'

2023-04-14 18:05:39 - [TEST_STEP][PASSED] - verifyElementVisible(findTestObject("06-Teams/05- Teams-General Channel/added video")): Object 'Object Repository/06-Teams/05- Teams-General Channel/added video' is visible

2023-04-14 18:05:40 - [MESSAGE][PASSED] - Object 'Object Repository/06-Teams/05- Teams-General Channel/added video' is visible

2023-04-14 18:05:40 - [TEST_STEP][PASSED] - click(findTestObject("06-Teams/05- Teams-General Channel/button_send")): Object: 'Object Repository/06-Teams/05- Teams-General Channel/button_send' is clicked on

2023-04-14 18:05:40 - [MESSAGE][PASSED] - Object: 'Object Repository/06-Teams/05- Teams-General Channel/button_send' is clicked on

2023-04-14 18:05:40 - [TEST_STEP][PASSED] - delay(5): Delayed 5 second(s)

2023-04-14 18:05:45 - [MESSAGE][PASSED] - Delayed 5 second(s)

2023-04-14 18:05:45 - [TEST_STEP][PASSED] - verifyElementVisible(findTestObject("06-Teams/05- Teams-General Channel/posted video")): Object 'Object Repository/06-Teams/05- Teams-General Channel/posted video' is visible

2023-04-14 18:05:57 - [MESSAGE][PASSED] - Object 'Object Repository/06-Teams/05- Teams-General Channel/posted video' is visible

2023-04-14 18:05:57 - [TEST_STEP][PASSED] - delay(10): Delayed 10 second(s)

2023-04-14 18:06:07 - [MESSAGE][PASSED] - Delayed 10 second(s)]]></system-out>
         <system-err><![CDATA[]]></system-err>
      </testcase>
      <testcase name="Test Cases/06- Teams/17 - Teams - General Channel (Creating a post)" time="63.883" classname="Test Cases/06- Teams/17 - Teams - General Channel (Creating a post)" status="PASSED">
         <system-out><![CDATA[2023-04-14 18:06:07 - [TEST_CASE][PASSED] - Test Cases/06- Teams/17 - Teams - General Channel (Creating a post): Test Cases/06- Teams/17 - Teams - General Channel (Creating a post)

2023-04-14 18:06:07 - [TEST_STEP][PASSED] - delay(3): Delayed 3 second(s)

2023-04-14 18:06:10 - [MESSAGE][PASSED] - Delayed 3 second(s)

2023-04-14 18:06:10 - [TEST_STEP][PASSED] - setText(findTestObject("06-Teams/05- Teams-General Channel/Input field_post"), "This is automation"): Text 'This is automation' is set on object 'Object Repository/06-Teams/05- Teams-General Channel/Input field_post'

2023-04-14 18:06:12 - [MESSAGE][PASSED] - Text 'This is automation' is set on object 'Object Repository/06-Teams/05- Teams-General Channel/Input field_post'

2023-04-14 18:06:12 - [TEST_STEP][PASSED] - click(findTestObject("06-Teams/05- Teams-General Channel/button_send")): Object: 'Object Repository/06-Teams/05- Teams-General Channel/button_send' is clicked on

2023-04-14 18:06:12 - [MESSAGE][PASSED] - Object: 'Object Repository/06-Teams/05- Teams-General Channel/button_send' is clicked on

2023-04-14 18:06:12 - [TEST_STEP][PASSED] - delay(2): Delayed 2 second(s)

2023-04-14 18:06:14 - [MESSAGE][PASSED] - Delayed 2 second(s)

2023-04-14 18:06:14 - [TEST_STEP][PASSED] - verifyElementVisible(findTestObject("06-Teams/05- Teams-General Channel/added new post msg")): Object 'Object Repository/06-Teams/05- Teams-General Channel/added new post msg' is visible

2023-04-14 18:06:15 - [MESSAGE][PASSED] - Object 'Object Repository/06-Teams/05- Teams-General Channel/added new post msg' is visible

2023-04-14 18:06:15 - [TEST_STEP][PASSED] - verifyElementVisible(findTestObject("06-Teams/05- Teams-General Channel/posted_This is automation")): Object 'Object Repository/06-Teams/05- Teams-General Channel/posted_This is automation' is visible

2023-04-14 18:06:15 - [MESSAGE][PASSED] - Object 'Object Repository/06-Teams/05- Teams-General Channel/posted_This is automation' is visible

2023-04-14 18:06:15 - [TEST_STEP][PASSED] - delay(3): Delayed 3 second(s)

2023-04-14 18:06:18 - [MESSAGE][PASSED] - Delayed 3 second(s)

2023-04-14 18:06:18 - [TEST_STEP][PASSED] - click(findTestObject("06-Teams/05- Teams-General Channel/ellipsis 1")): Object: 'Object Repository/06-Teams/05- Teams-General Channel/ellipsis 1' is clicked on

2023-04-14 18:06:19 - [MESSAGE][PASSED] - Object: 'Object Repository/06-Teams/05- Teams-General Channel/ellipsis 1' is clicked on

2023-04-14 18:06:19 - [TEST_STEP][PASSED] - click(findTestObject("06-Teams/05- Teams-General Channel/button_Edit Post")): Object: 'Object Repository/06-Teams/05- Teams-General Channel/button_Edit Post' is clicked on

2023-04-14 18:06:20 - [MESSAGE][PASSED] - Object: 'Object Repository/06-Teams/05- Teams-General Channel/button_Edit Post' is clicked on

2023-04-14 18:06:20 - [TEST_STEP][PASSED] - setText(findTestObject("06-Teams/05- Teams-General Channel/Edit field"), "Automation Edit "): Text 'Automation Edit ' is set on object 'Object Repository/06-Teams/05- Teams-General Channel/Edit field'

2023-04-14 18:06:21 - [MESSAGE][PASSED] - Text 'Automation Edit ' is set on object 'Object Repository/06-Teams/05- Teams-General Channel/Edit field'

2023-04-14 18:06:21 - [TEST_STEP][PASSED] - click(findTestObject("06-Teams/05- Teams-General Channel/button_send edit")): Object: 'Object Repository/06-Teams/05- Teams-General Channel/button_send edit' is clicked on

2023-04-14 18:06:23 - [MESSAGE][PASSED] - Object: 'Object Repository/06-Teams/05- Teams-General Channel/button_send edit' is clicked on

2023-04-14 18:06:23 - [TEST_STEP][PASSED] - verifyElementVisible(findTestObject("06-Teams/05- Teams-General Channel/Successfully edited post msg")): Object 'Object Repository/06-Teams/05- Teams-General Channel/Successfully edited post msg' is visible

2023-04-14 18:06:24 - [MESSAGE][PASSED] - Object 'Object Repository/06-Teams/05- Teams-General Channel/Successfully edited post msg' is visible

2023-04-14 18:06:24 - [TEST_STEP][PASSED] - delay(3): Delayed 3 second(s)

2023-04-14 18:06:27 - [MESSAGE][PASSED] - Delayed 3 second(s)

2023-04-14 18:06:27 - [TEST_STEP][PASSED] - click(findTestObject("06-Teams/05- Teams-General Channel/Bold select")): Object: 'Object Repository/06-Teams/05- Teams-General Channel/Bold select' is clicked on

2023-04-14 18:06:27 - [MESSAGE][PASSED] - Object: 'Object Repository/06-Teams/05- Teams-General Channel/Bold select' is clicked on

2023-04-14 18:06:27 - [TEST_STEP][PASSED] - click(findTestObject("06-Teams/05- Teams-General Channel/Input field_post"), STOP_ON_FAILURE): Object: 'Object Repository/06-Teams/05- Teams-General Channel/Input field_post' is clicked on

2023-04-14 18:06:28 - [MESSAGE][PASSED] - Object: 'Object Repository/06-Teams/05- Teams-General Channel/Input field_post' is clicked on

2023-04-14 18:06:28 - [TEST_STEP][PASSED] - sendKeys(findTestObject("Object Repository/06-Teams/05- Teams-General Channel/Input field_post"), "Bold"): Keys 'Bold' sent to object: 'Object Repository/06-Teams/05- Teams-General Channel/Input field_post'

2023-04-14 18:06:28 - [MESSAGE][PASSED] - Keys 'Bold' sent to object: 'Object Repository/06-Teams/05- Teams-General Channel/Input field_post'

2023-04-14 18:06:28 - [TEST_STEP][PASSED] - click(findTestObject("06-Teams/05- Teams-General Channel/button_send")): Object: 'Object Repository/06-Teams/05- Teams-General Channel/button_send' is clicked on

2023-04-14 18:06:29 - [MESSAGE][PASSED] - Object: 'Object Repository/06-Teams/05- Teams-General Channel/button_send' is clicked on

2023-04-14 18:06:29 - [TEST_STEP][PASSED] - verifyElementVisible(findTestObject("06-Teams/05- Teams-General Channel/added new post msg")): Object 'Object Repository/06-Teams/05- Teams-General Channel/added new post msg' is visible

2023-04-14 18:06:30 - [MESSAGE][PASSED] - Object 'Object Repository/06-Teams/05- Teams-General Channel/added new post msg' is visible

2023-04-14 18:06:30 - [TEST_STEP][PASSED] - verifyElementVisible(findTestObject("06-Teams/05- Teams-General Channel/Bold")): Object 'Object Repository/06-Teams/05- Teams-General Channel/Bold' is visible

2023-04-14 18:06:30 - [MESSAGE][PASSED] - Object 'Object Repository/06-Teams/05- Teams-General Channel/Bold' is visible

2023-04-14 18:06:30 - [TEST_STEP][PASSED] - delay(3): Delayed 3 second(s)

2023-04-14 18:06:33 - [MESSAGE][PASSED] - Delayed 3 second(s)

2023-04-14 18:06:33 - [TEST_STEP][PASSED] - click(findTestObject("06-Teams/05- Teams-General Channel/Italic Select")): Object: 'Object Repository/06-Teams/05- Teams-General Channel/Italic Select' is clicked on

2023-04-14 18:06:34 - [MESSAGE][PASSED] - Object: 'Object Repository/06-Teams/05- Teams-General Channel/Italic Select' is clicked on

2023-04-14 18:06:34 - [TEST_STEP][PASSED] - click(findTestObject("06-Teams/05- Teams-General Channel/Input field_post"), STOP_ON_FAILURE): Object: 'Object Repository/06-Teams/05- Teams-General Channel/Input field_post' is clicked on

2023-04-14 18:06:34 - [MESSAGE][PASSED] - Object: 'Object Repository/06-Teams/05- Teams-General Channel/Input field_post' is clicked on

2023-04-14 18:06:34 - [TEST_STEP][PASSED] - sendKeys(findTestObject("Object Repository/06-Teams/05- Teams-General Channel/Input field_post"), "Italic"): Keys 'Italic' sent to object: 'Object Repository/06-Teams/05- Teams-General Channel/Input field_post'

2023-04-14 18:06:34 - [MESSAGE][PASSED] - Keys 'Italic' sent to object: 'Object Repository/06-Teams/05- Teams-General Channel/Input field_post'

2023-04-14 18:06:34 - [TEST_STEP][PASSED] - click(findTestObject("06-Teams/05- Teams-General Channel/button_send")): Object: 'Object Repository/06-Teams/05- Teams-General Channel/button_send' is clicked on

2023-04-14 18:06:35 - [MESSAGE][PASSED] - Object: 'Object Repository/06-Teams/05- Teams-General Channel/button_send' is clicked on

2023-04-14 18:06:35 - [TEST_STEP][PASSED] - verifyElementVisible(findTestObject("06-Teams/05- Teams-General Channel/added new post msg")): Object 'Object Repository/06-Teams/05- Teams-General Channel/added new post msg' is visible

2023-04-14 18:06:36 - [MESSAGE][PASSED] - Object 'Object Repository/06-Teams/05- Teams-General Channel/added new post msg' is visible

2023-04-14 18:06:36 - [TEST_STEP][PASSED] - verifyElementVisible(findTestObject("06-Teams/05- Teams-General Channel/Italic")): Object 'Object Repository/06-Teams/05- Teams-General Channel/Italic' is visible

2023-04-14 18:06:36 - [MESSAGE][PASSED] - Object 'Object Repository/06-Teams/05- Teams-General Channel/Italic' is visible

2023-04-14 18:06:36 - [TEST_STEP][PASSED] - delay(3): Delayed 3 second(s)

2023-04-14 18:06:39 - [MESSAGE][PASSED] - Delayed 3 second(s)

2023-04-14 18:06:39 - [TEST_STEP][PASSED] - click(findTestObject("06-Teams/05- Teams-General Channel/Underline select")): Object: 'Object Repository/06-Teams/05- Teams-General Channel/Underline select' is clicked on

2023-04-14 18:06:40 - [MESSAGE][PASSED] - Object: 'Object Repository/06-Teams/05- Teams-General Channel/Underline select' is clicked on

2023-04-14 18:06:40 - [TEST_STEP][PASSED] - click(findTestObject("06-Teams/05- Teams-General Channel/Input field_post"), STOP_ON_FAILURE): Object: 'Object Repository/06-Teams/05- Teams-General Channel/Input field_post' is clicked on

2023-04-14 18:06:40 - [MESSAGE][PASSED] - Object: 'Object Repository/06-Teams/05- Teams-General Channel/Input field_post' is clicked on

2023-04-14 18:06:40 - [TEST_STEP][PASSED] - sendKeys(findTestObject("Object Repository/06-Teams/05- Teams-General Channel/Input field_post"), "Underline"): Keys 'Underline' sent to object: 'Object Repository/06-Teams/05- Teams-General Channel/Input field_post'

2023-04-14 18:06:41 - [MESSAGE][PASSED] - Keys 'Underline' sent to object: 'Object Repository/06-Teams/05- Teams-General Channel/Input field_post'

2023-04-14 18:06:41 - [TEST_STEP][PASSED] - click(findTestObject("06-Teams/05- Teams-General Channel/button_send")): Object: 'Object Repository/06-Teams/05- Teams-General Channel/button_send' is clicked on

2023-04-14 18:06:41 - [MESSAGE][PASSED] - Object: 'Object Repository/06-Teams/05- Teams-General Channel/button_send' is clicked on

2023-04-14 18:06:41 - [TEST_STEP][PASSED] - verifyElementVisible(findTestObject("06-Teams/05- Teams-General Channel/added new post msg")): Object 'Object Repository/06-Teams/05- Teams-General Channel/added new post msg' is visible

2023-04-14 18:06:42 - [MESSAGE][PASSED] - Object 'Object Repository/06-Teams/05- Teams-General Channel/added new post msg' is visible

2023-04-14 18:06:42 - [TEST_STEP][PASSED] - verifyElementVisible(findTestObject("06-Teams/05- Teams-General Channel/Underline")): Object 'Object Repository/06-Teams/05- Teams-General Channel/Underline' is visible

2023-04-14 18:06:43 - [MESSAGE][PASSED] - Object 'Object Repository/06-Teams/05- Teams-General Channel/Underline' is visible

2023-04-14 18:06:43 - [TEST_STEP][PASSED] - delay(3): Delayed 3 second(s)

2023-04-14 18:06:46 - [MESSAGE][PASSED] - Delayed 3 second(s)

2023-04-14 18:06:46 - [TEST_STEP][PASSED] - click(findTestObject("06-Teams/05- Teams-General Channel/Strikethrough select")): Object: 'Object Repository/06-Teams/05- Teams-General Channel/Strikethrough select' is clicked on

2023-04-14 18:06:46 - [MESSAGE][PASSED] - Object: 'Object Repository/06-Teams/05- Teams-General Channel/Strikethrough select' is clicked on

2023-04-14 18:06:46 - [TEST_STEP][PASSED] - click(findTestObject("06-Teams/05- Teams-General Channel/Input field_post"), STOP_ON_FAILURE): Object: 'Object Repository/06-Teams/05- Teams-General Channel/Input field_post' is clicked on

2023-04-14 18:06:46 - [MESSAGE][PASSED] - Object: 'Object Repository/06-Teams/05- Teams-General Channel/Input field_post' is clicked on

2023-04-14 18:06:46 - [TEST_STEP][PASSED] - sendKeys(findTestObject("Object Repository/06-Teams/05- Teams-General Channel/Input field_post"), "Strikethrough"): Keys 'Strikethrough' sent to object: 'Object Repository/06-Teams/05- Teams-General Channel/Input field_post'

2023-04-14 18:06:47 - [MESSAGE][PASSED] - Keys 'Strikethrough' sent to object: 'Object Repository/06-Teams/05- Teams-General Channel/Input field_post'

2023-04-14 18:06:47 - [TEST_STEP][PASSED] - click(findTestObject("06-Teams/05- Teams-General Channel/button_send")): Object: 'Object Repository/06-Teams/05- Teams-General Channel/button_send' is clicked on

2023-04-14 18:06:48 - [MESSAGE][PASSED] - Object: 'Object Repository/06-Teams/05- Teams-General Channel/button_send' is clicked on

2023-04-14 18:06:48 - [TEST_STEP][PASSED] - verifyElementVisible(findTestObject("06-Teams/05- Teams-General Channel/added new post msg")): Object 'Object Repository/06-Teams/05- Teams-General Channel/added new post msg' is visible

2023-04-14 18:06:48 - [MESSAGE][PASSED] - Object 'Object Repository/06-Teams/05- Teams-General Channel/added new post msg' is visible

2023-04-14 18:06:48 - [TEST_STEP][PASSED] - verifyElementVisible(findTestObject("06-Teams/05- Teams-General Channel/Strikethrough")): Object 'Object Repository/06-Teams/05- Teams-General Channel/Strikethrough' is visible

2023-04-14 18:06:49 - [MESSAGE][PASSED] - Object 'Object Repository/06-Teams/05- Teams-General Channel/Strikethrough' is visible

2023-04-14 18:06:49 - [TEST_STEP][PASSED] - delay(3): Delayed 3 second(s)

2023-04-14 18:06:52 - [MESSAGE][PASSED] - Delayed 3 second(s)

2023-04-14 18:06:52 - [TEST_STEP][PASSED] - click(findTestObject("06-Teams/05- Teams-General Channel/Heading dropdown")): Object: 'Object Repository/06-Teams/05- Teams-General Channel/Heading dropdown' is clicked on

2023-04-14 18:06:52 - [MESSAGE][PASSED] - Object: 'Object Repository/06-Teams/05- Teams-General Channel/Heading dropdown' is clicked on

2023-04-14 18:06:52 - [TEST_STEP][PASSED] - verifyElementVisible(findTestObject("06-Teams/05- Teams-General Channel/div_Header 1")): Object 'Object Repository/06-Teams/05- Teams-General Channel/div_Header 1' is visible

2023-04-14 18:06:53 - [MESSAGE][PASSED] - Object 'Object Repository/06-Teams/05- Teams-General Channel/div_Header 1' is visible

2023-04-14 18:06:53 - [TEST_STEP][PASSED] - verifyElementVisible(findTestObject("06-Teams/05- Teams-General Channel/div_Header 2")): Object 'Object Repository/06-Teams/05- Teams-General Channel/div_Header 2' is visible

2023-04-14 18:06:53 - [MESSAGE][PASSED] - Object 'Object Repository/06-Teams/05- Teams-General Channel/div_Header 2' is visible

2023-04-14 18:06:53 - [TEST_STEP][PASSED] - verifyElementVisible(findTestObject("06-Teams/05- Teams-General Channel/div_Header 3")): Object 'Object Repository/06-Teams/05- Teams-General Channel/div_Header 3' is visible

2023-04-14 18:06:54 - [MESSAGE][PASSED] - Object 'Object Repository/06-Teams/05- Teams-General Channel/div_Header 3' is visible

2023-04-14 18:06:54 - [TEST_STEP][PASSED] - verifyElementVisible(findTestObject("06-Teams/05- Teams-General Channel/div_Header 4")): Object 'Object Repository/06-Teams/05- Teams-General Channel/div_Header 4' is visible

2023-04-14 18:06:54 - [MESSAGE][PASSED] - Object 'Object Repository/06-Teams/05- Teams-General Channel/div_Header 4' is visible

2023-04-14 18:06:54 - [TEST_STEP][PASSED] - verifyElementVisible(findTestObject("06-Teams/05- Teams-General Channel/div_Header 5")): Object 'Object Repository/06-Teams/05- Teams-General Channel/div_Header 5' is visible

2023-04-14 18:06:55 - [MESSAGE][PASSED] - Object 'Object Repository/06-Teams/05- Teams-General Channel/div_Header 5' is visible

2023-04-14 18:06:55 - [TEST_STEP][PASSED] - verifyElementVisible(findTestObject("06-Teams/05- Teams-General Channel/div_Header 6")): Object 'Object Repository/06-Teams/05- Teams-General Channel/div_Header 6' is visible

2023-04-14 18:06:55 - [MESSAGE][PASSED] - Object 'Object Repository/06-Teams/05- Teams-General Channel/div_Header 6' is visible

2023-04-14 18:06:55 - [TEST_STEP][PASSED] - delay(3): Delayed 3 second(s)

2023-04-14 18:06:58 - [MESSAGE][PASSED] - Delayed 3 second(s)

2023-04-14 18:06:58 - [TEST_STEP][PASSED] - click(findTestObject("06-Teams/05- Teams-General Channel/div_Header 4")): Object: 'Object Repository/06-Teams/05- Teams-General Channel/div_Header 4' is clicked on

2023-04-14 18:06:58 - [MESSAGE][PASSED] - Object: 'Object Repository/06-Teams/05- Teams-General Channel/div_Header 4' is clicked on

2023-04-14 18:06:58 - [TEST_STEP][PASSED] - click(findTestObject("06-Teams/05- Teams-General Channel/Input field_post"), STOP_ON_FAILURE): Object: 'Object Repository/06-Teams/05- Teams-General Channel/Input field_post' is clicked on

2023-04-14 18:06:59 - [MESSAGE][PASSED] - Object: 'Object Repository/06-Teams/05- Teams-General Channel/Input field_post' is clicked on

2023-04-14 18:06:59 - [TEST_STEP][PASSED] - sendKeys(findTestObject("Object Repository/06-Teams/05- Teams-General Channel/Input field_post"), "Four"): Keys 'Four' sent to object: 'Object Repository/06-Teams/05- Teams-General Channel/Input field_post'

2023-04-14 18:06:59 - [MESSAGE][PASSED] - Keys 'Four' sent to object: 'Object Repository/06-Teams/05- Teams-General Channel/Input field_post'

2023-04-14 18:06:59 - [TEST_STEP][PASSED] - click(findTestObject("06-Teams/05- Teams-General Channel/button_send")): Object: 'Object Repository/06-Teams/05- Teams-General Channel/button_send' is clicked on

2023-04-14 18:07:00 - [MESSAGE][PASSED] - Object: 'Object Repository/06-Teams/05- Teams-General Channel/button_send' is clicked on

2023-04-14 18:07:00 - [TEST_STEP][PASSED] - verifyElementVisible(findTestObject("06-Teams/05- Teams-General Channel/added new post msg")): Object 'Object Repository/06-Teams/05- Teams-General Channel/added new post msg' is visible

2023-04-14 18:07:01 - [MESSAGE][PASSED] - Object 'Object Repository/06-Teams/05- Teams-General Channel/added new post msg' is visible

2023-04-14 18:07:01 - [TEST_STEP][PASSED] - verifyElementVisible(findTestObject("06-Teams/05- Teams-General Channel/h4_Four")): Object 'Object Repository/06-Teams/05- Teams-General Channel/h4_Four' is visible

2023-04-14 18:07:01 - [MESSAGE][PASSED] - Object 'Object Repository/06-Teams/05- Teams-General Channel/h4_Four' is visible

2023-04-14 18:07:01 - [TEST_STEP][PASSED] - delay(3): Delayed 3 second(s)

2023-04-14 18:07:04 - [MESSAGE][PASSED] - Delayed 3 second(s)

2023-04-14 18:07:04 - [TEST_STEP][PASSED] - click(findTestObject("06-Teams/05- Teams-General Channel/Heading dropdown")): Object: 'Object Repository/06-Teams/05- Teams-General Channel/Heading dropdown' is clicked on

2023-04-14 18:07:05 - [MESSAGE][PASSED] - Object: 'Object Repository/06-Teams/05- Teams-General Channel/Heading dropdown' is clicked on

2023-04-14 18:07:05 - [TEST_STEP][PASSED] - click(findTestObject("06-Teams/05- Teams-General Channel/div_Header 5")): Object: 'Object Repository/06-Teams/05- Teams-General Channel/div_Header 5' is clicked on

2023-04-14 18:07:05 - [MESSAGE][PASSED] - Object: 'Object Repository/06-Teams/05- Teams-General Channel/div_Header 5' is clicked on

2023-04-14 18:07:05 - [TEST_STEP][PASSED] - click(findTestObject("06-Teams/05- Teams-General Channel/Input field_post"), STOP_ON_FAILURE): Object: 'Object Repository/06-Teams/05- Teams-General Channel/Input field_post' is clicked on

2023-04-14 18:07:06 - [MESSAGE][PASSED] - Object: 'Object Repository/06-Teams/05- Teams-General Channel/Input field_post' is clicked on

2023-04-14 18:07:06 - [TEST_STEP][PASSED] - sendKeys(findTestObject("Object Repository/06-Teams/05- Teams-General Channel/Input field_post"), "Five"): Keys 'Five' sent to object: 'Object Repository/06-Teams/05- Teams-General Channel/Input field_post'

2023-04-14 18:07:06 - [MESSAGE][PASSED] - Keys 'Five' sent to object: 'Object Repository/06-Teams/05- Teams-General Channel/Input field_post'

2023-04-14 18:07:06 - [TEST_STEP][PASSED] - click(findTestObject("06-Teams/05- Teams-General Channel/button_send")): Object: 'Object Repository/06-Teams/05- Teams-General Channel/button_send' is clicked on

2023-04-14 18:07:07 - [MESSAGE][PASSED] - Object: 'Object Repository/06-Teams/05- Teams-General Channel/button_send' is clicked on

2023-04-14 18:07:07 - [TEST_STEP][PASSED] - verifyElementVisible(findTestObject("06-Teams/05- Teams-General Channel/added new post msg")): Object 'Object Repository/06-Teams/05- Teams-General Channel/added new post msg' is visible

2023-04-14 18:07:08 - [MESSAGE][PASSED] - Object 'Object Repository/06-Teams/05- Teams-General Channel/added new post msg' is visible

2023-04-14 18:07:08 - [TEST_STEP][PASSED] - verifyElementVisible(findTestObject("06-Teams/05- Teams-General Channel/h5_Five")): Object 'Object Repository/06-Teams/05- Teams-General Channel/h5_Five' is visible

2023-04-14 18:07:08 - [MESSAGE][PASSED] - Object 'Object Repository/06-Teams/05- Teams-General Channel/h5_Five' is visible

2023-04-14 18:07:08 - [TEST_STEP][PASSED] - delay(3): Delayed 3 second(s)

2023-04-14 18:07:11 - [MESSAGE][PASSED] - Delayed 3 second(s)]]></system-out>
         <system-err><![CDATA[]]></system-err>
      </testcase>
      <testcase name="Test Cases/06- Teams/18 - Teams - General Channel (deleting a post)" time="66.8" classname="Test Cases/06- Teams/18 - Teams - General Channel (deleting a post)" status="PASSED">
         <system-out><![CDATA[2023-04-14 18:07:11 - [TEST_CASE][PASSED] - Test Cases/06- Teams/18 - Teams - General Channel (deleting a post): Test Cases/06- Teams/18 - Teams - General Channel (deleting a post)

2023-04-14 18:07:11 - [TEST_STEP][PASSED] - click(findTestObject("06-Teams/05- Teams-General Channel/ellipsis 1")): Object: 'Object Repository/06-Teams/05- Teams-General Channel/ellipsis 1' is clicked on

2023-04-14 18:07:12 - [MESSAGE][PASSED] - Object: 'Object Repository/06-Teams/05- Teams-General Channel/ellipsis 1' is clicked on

2023-04-14 18:07:12 - [TEST_STEP][PASSED] - click(findTestObject("06-Teams/05- Teams-General Channel/button_Delete Post")): Object: 'Object Repository/06-Teams/05- Teams-General Channel/button_Delete Post' is clicked on

2023-04-14 18:07:13 - [MESSAGE][PASSED] - Object: 'Object Repository/06-Teams/05- Teams-General Channel/button_Delete Post' is clicked on

2023-04-14 18:07:13 - [TEST_STEP][PASSED] - verifyElementVisible(findTestObject("06-Teams/05- Teams-General Channel/delete post box")): Object 'Object Repository/06-Teams/05- Teams-General Channel/delete post box' is visible

2023-04-14 18:07:14 - [MESSAGE][PASSED] - Object 'Object Repository/06-Teams/05- Teams-General Channel/delete post box' is visible

2023-04-14 18:07:14 - [TEST_STEP][PASSED] - click(findTestObject("06-Teams/05- Teams-General Channel/button_Delete")): Object: 'Object Repository/06-Teams/05- Teams-General Channel/button_Delete' is clicked on

2023-04-14 18:07:14 - [MESSAGE][PASSED] - Object: 'Object Repository/06-Teams/05- Teams-General Channel/button_Delete' is clicked on

2023-04-14 18:07:14 - [TEST_STEP][PASSED] - verifyElementVisible(findTestObject("06-Teams/05- Teams-General Channel/Successfully deleted post msg")): Object 'Object Repository/06-Teams/05- Teams-General Channel/Successfully deleted post msg' is visible

2023-04-14 18:07:15 - [MESSAGE][PASSED] - Object 'Object Repository/06-Teams/05- Teams-General Channel/Successfully deleted post msg' is visible

2023-04-14 18:07:15 - [TEST_STEP][PASSED] - delay(3): Delayed 3 second(s)

2023-04-14 18:07:18 - [MESSAGE][PASSED] - Delayed 3 second(s)

2023-04-14 18:07:18 - [TEST_STEP][PASSED] - click(findTestObject("06-Teams/05- Teams-General Channel/ellipsis 1")): Object: 'Object Repository/06-Teams/05- Teams-General Channel/ellipsis 1' is clicked on

2023-04-14 18:07:19 - [MESSAGE][PASSED] - Object: 'Object Repository/06-Teams/05- Teams-General Channel/ellipsis 1' is clicked on

2023-04-14 18:07:19 - [TEST_STEP][PASSED] - click(findTestObject("06-Teams/05- Teams-General Channel/button_Delete Post")): Object: 'Object Repository/06-Teams/05- Teams-General Channel/button_Delete Post' is clicked on

2023-04-14 18:07:19 - [MESSAGE][PASSED] - Object: 'Object Repository/06-Teams/05- Teams-General Channel/button_Delete Post' is clicked on

2023-04-14 18:07:19 - [TEST_STEP][PASSED] - verifyElementVisible(findTestObject("06-Teams/05- Teams-General Channel/delete post box")): Object 'Object Repository/06-Teams/05- Teams-General Channel/delete post box' is visible

2023-04-14 18:07:20 - [MESSAGE][PASSED] - Object 'Object Repository/06-Teams/05- Teams-General Channel/delete post box' is visible

2023-04-14 18:07:20 - [TEST_STEP][PASSED] - click(findTestObject("06-Teams/05- Teams-General Channel/button_Delete")): Object: 'Object Repository/06-Teams/05- Teams-General Channel/button_Delete' is clicked on

2023-04-14 18:07:20 - [MESSAGE][PASSED] - Object: 'Object Repository/06-Teams/05- Teams-General Channel/button_Delete' is clicked on

2023-04-14 18:07:20 - [TEST_STEP][PASSED] - verifyElementVisible(findTestObject("06-Teams/05- Teams-General Channel/Successfully deleted post msg")): Object 'Object Repository/06-Teams/05- Teams-General Channel/Successfully deleted post msg' is visible

2023-04-14 18:07:22 - [MESSAGE][PASSED] - Object 'Object Repository/06-Teams/05- Teams-General Channel/Successfully deleted post msg' is visible

2023-04-14 18:07:22 - [TEST_STEP][PASSED] - delay(3): Delayed 3 second(s)

2023-04-14 18:07:25 - [MESSAGE][PASSED] - Delayed 3 second(s)

2023-04-14 18:07:25 - [TEST_STEP][PASSED] - click(findTestObject("06-Teams/05- Teams-General Channel/ellipsis 1")): Object: 'Object Repository/06-Teams/05- Teams-General Channel/ellipsis 1' is clicked on

2023-04-14 18:07:25 - [MESSAGE][PASSED] - Object: 'Object Repository/06-Teams/05- Teams-General Channel/ellipsis 1' is clicked on

2023-04-14 18:07:25 - [TEST_STEP][PASSED] - click(findTestObject("06-Teams/05- Teams-General Channel/button_Delete Post")): Object: 'Object Repository/06-Teams/05- Teams-General Channel/button_Delete Post' is clicked on

2023-04-14 18:07:26 - [MESSAGE][PASSED] - Object: 'Object Repository/06-Teams/05- Teams-General Channel/button_Delete Post' is clicked on

2023-04-14 18:07:26 - [TEST_STEP][PASSED] - verifyElementVisible(findTestObject("06-Teams/05- Teams-General Channel/delete post box")): Object 'Object Repository/06-Teams/05- Teams-General Channel/delete post box' is visible

2023-04-14 18:07:26 - [MESSAGE][PASSED] - Object 'Object Repository/06-Teams/05- Teams-General Channel/delete post box' is visible

2023-04-14 18:07:26 - [TEST_STEP][PASSED] - click(findTestObject("06-Teams/05- Teams-General Channel/button_Delete")): Object: 'Object Repository/06-Teams/05- Teams-General Channel/button_Delete' is clicked on

2023-04-14 18:07:27 - [MESSAGE][PASSED] - Object: 'Object Repository/06-Teams/05- Teams-General Channel/button_Delete' is clicked on

2023-04-14 18:07:27 - [TEST_STEP][PASSED] - verifyElementVisible(findTestObject("06-Teams/05- Teams-General Channel/Successfully deleted post msg")): Object 'Object Repository/06-Teams/05- Teams-General Channel/Successfully deleted post msg' is visible

2023-04-14 18:07:28 - [MESSAGE][PASSED] - Object 'Object Repository/06-Teams/05- Teams-General Channel/Successfully deleted post msg' is visible

2023-04-14 18:07:28 - [TEST_STEP][PASSED] - delay(3): Delayed 3 second(s)

2023-04-14 18:07:31 - [MESSAGE][PASSED] - Delayed 3 second(s)

2023-04-14 18:07:31 - [TEST_STEP][PASSED] - click(findTestObject("06-Teams/05- Teams-General Channel/ellipsis 1")): Object: 'Object Repository/06-Teams/05- Teams-General Channel/ellipsis 1' is clicked on

2023-04-14 18:07:31 - [MESSAGE][PASSED] - Object: 'Object Repository/06-Teams/05- Teams-General Channel/ellipsis 1' is clicked on

2023-04-14 18:07:31 - [TEST_STEP][PASSED] - click(findTestObject("06-Teams/05- Teams-General Channel/button_Delete Post")): Object: 'Object Repository/06-Teams/05- Teams-General Channel/button_Delete Post' is clicked on

2023-04-14 18:07:32 - [MESSAGE][PASSED] - Object: 'Object Repository/06-Teams/05- Teams-General Channel/button_Delete Post' is clicked on

2023-04-14 18:07:32 - [TEST_STEP][PASSED] - verifyElementVisible(findTestObject("06-Teams/05- Teams-General Channel/delete post box")): Object 'Object Repository/06-Teams/05- Teams-General Channel/delete post box' is visible

2023-04-14 18:07:33 - [MESSAGE][PASSED] - Object 'Object Repository/06-Teams/05- Teams-General Channel/delete post box' is visible

2023-04-14 18:07:33 - [TEST_STEP][PASSED] - click(findTestObject("06-Teams/05- Teams-General Channel/button_Delete")): Object: 'Object Repository/06-Teams/05- Teams-General Channel/button_Delete' is clicked on

2023-04-14 18:07:33 - [MESSAGE][PASSED] - Object: 'Object Repository/06-Teams/05- Teams-General Channel/button_Delete' is clicked on

2023-04-14 18:07:33 - [TEST_STEP][PASSED] - verifyElementVisible(findTestObject("06-Teams/05- Teams-General Channel/Successfully deleted post msg")): Object 'Object Repository/06-Teams/05- Teams-General Channel/Successfully deleted post msg' is visible

2023-04-14 18:07:35 - [MESSAGE][PASSED] - Object 'Object Repository/06-Teams/05- Teams-General Channel/Successfully deleted post msg' is visible

2023-04-14 18:07:35 - [TEST_STEP][PASSED] - delay(3): Delayed 3 second(s)

2023-04-14 18:07:38 - [MESSAGE][PASSED] - Delayed 3 second(s)

2023-04-14 18:07:38 - [TEST_STEP][PASSED] - click(findTestObject("06-Teams/05- Teams-General Channel/ellipsis 1")): Object: 'Object Repository/06-Teams/05- Teams-General Channel/ellipsis 1' is clicked on

2023-04-14 18:07:38 - [MESSAGE][PASSED] - Object: 'Object Repository/06-Teams/05- Teams-General Channel/ellipsis 1' is clicked on

2023-04-14 18:07:38 - [TEST_STEP][PASSED] - click(findTestObject("06-Teams/05- Teams-General Channel/button_Delete Post")): Object: 'Object Repository/06-Teams/05- Teams-General Channel/button_Delete Post' is clicked on

2023-04-14 18:07:39 - [MESSAGE][PASSED] - Object: 'Object Repository/06-Teams/05- Teams-General Channel/button_Delete Post' is clicked on

2023-04-14 18:07:39 - [TEST_STEP][PASSED] - verifyElementVisible(findTestObject("06-Teams/05- Teams-General Channel/delete post box")): Object 'Object Repository/06-Teams/05- Teams-General Channel/delete post box' is visible

2023-04-14 18:07:40 - [MESSAGE][PASSED] - Object 'Object Repository/06-Teams/05- Teams-General Channel/delete post box' is visible

2023-04-14 18:07:40 - [TEST_STEP][PASSED] - click(findTestObject("06-Teams/05- Teams-General Channel/button_Delete")): Object: 'Object Repository/06-Teams/05- Teams-General Channel/button_Delete' is clicked on

2023-04-14 18:07:40 - [MESSAGE][PASSED] - Object: 'Object Repository/06-Teams/05- Teams-General Channel/button_Delete' is clicked on

2023-04-14 18:07:40 - [TEST_STEP][PASSED] - verifyElementVisible(findTestObject("06-Teams/05- Teams-General Channel/Successfully deleted post msg")): Object 'Object Repository/06-Teams/05- Teams-General Channel/Successfully deleted post msg' is visible

2023-04-14 18:07:41 - [MESSAGE][PASSED] - Object 'Object Repository/06-Teams/05- Teams-General Channel/Successfully deleted post msg' is visible

2023-04-14 18:07:41 - [TEST_STEP][PASSED] - delay(3): Delayed 3 second(s)

2023-04-14 18:07:44 - [MESSAGE][PASSED] - Delayed 3 second(s)

2023-04-14 18:07:44 - [TEST_STEP][PASSED] - click(findTestObject("06-Teams/05- Teams-General Channel/ellipsis 1")): Object: 'Object Repository/06-Teams/05- Teams-General Channel/ellipsis 1' is clicked on

2023-04-14 18:07:45 - [MESSAGE][PASSED] - Object: 'Object Repository/06-Teams/05- Teams-General Channel/ellipsis 1' is clicked on

2023-04-14 18:07:45 - [TEST_STEP][PASSED] - click(findTestObject("06-Teams/05- Teams-General Channel/button_Delete Post")): Object: 'Object Repository/06-Teams/05- Teams-General Channel/button_Delete Post' is clicked on

2023-04-14 18:07:46 - [MESSAGE][PASSED] - Object: 'Object Repository/06-Teams/05- Teams-General Channel/button_Delete Post' is clicked on

2023-04-14 18:07:46 - [TEST_STEP][PASSED] - verifyElementVisible(findTestObject("06-Teams/05- Teams-General Channel/delete post box")): Object 'Object Repository/06-Teams/05- Teams-General Channel/delete post box' is visible

2023-04-14 18:07:46 - [MESSAGE][PASSED] - Object 'Object Repository/06-Teams/05- Teams-General Channel/delete post box' is visible

2023-04-14 18:07:46 - [TEST_STEP][PASSED] - click(findTestObject("06-Teams/05- Teams-General Channel/button_Delete")): Object: 'Object Repository/06-Teams/05- Teams-General Channel/button_Delete' is clicked on

2023-04-14 18:07:47 - [MESSAGE][PASSED] - Object: 'Object Repository/06-Teams/05- Teams-General Channel/button_Delete' is clicked on

2023-04-14 18:07:47 - [TEST_STEP][PASSED] - verifyElementVisible(findTestObject("06-Teams/05- Teams-General Channel/Successfully deleted post msg")): Object 'Object Repository/06-Teams/05- Teams-General Channel/Successfully deleted post msg' is visible

2023-04-14 18:07:48 - [MESSAGE][PASSED] - Object 'Object Repository/06-Teams/05- Teams-General Channel/Successfully deleted post msg' is visible

2023-04-14 18:07:48 - [TEST_STEP][PASSED] - delay(3): Delayed 3 second(s)

2023-04-14 18:07:51 - [MESSAGE][PASSED] - Delayed 3 second(s)

2023-04-14 18:07:51 - [TEST_STEP][PASSED] - click(findTestObject("06-Teams/05- Teams-General Channel/ellipsis 1")): Object: 'Object Repository/06-Teams/05- Teams-General Channel/ellipsis 1' is clicked on

2023-04-14 18:07:51 - [MESSAGE][PASSED] - Object: 'Object Repository/06-Teams/05- Teams-General Channel/ellipsis 1' is clicked on

2023-04-14 18:07:51 - [TEST_STEP][PASSED] - click(findTestObject("06-Teams/05- Teams-General Channel/button_Delete Post")): Object: 'Object Repository/06-Teams/05- Teams-General Channel/button_Delete Post' is clicked on

2023-04-14 18:07:52 - [MESSAGE][PASSED] - Object: 'Object Repository/06-Teams/05- Teams-General Channel/button_Delete Post' is clicked on

2023-04-14 18:07:52 - [TEST_STEP][PASSED] - verifyElementVisible(findTestObject("06-Teams/05- Teams-General Channel/delete post box")): Object 'Object Repository/06-Teams/05- Teams-General Channel/delete post box' is visible

2023-04-14 18:07:53 - [MESSAGE][PASSED] - Object 'Object Repository/06-Teams/05- Teams-General Channel/delete post box' is visible

2023-04-14 18:07:53 - [TEST_STEP][PASSED] - click(findTestObject("06-Teams/05- Teams-General Channel/button_Delete")): Object: 'Object Repository/06-Teams/05- Teams-General Channel/button_Delete' is clicked on

2023-04-14 18:07:53 - [MESSAGE][PASSED] - Object: 'Object Repository/06-Teams/05- Teams-General Channel/button_Delete' is clicked on

2023-04-14 18:07:53 - [TEST_STEP][PASSED] - verifyElementVisible(findTestObject("06-Teams/05- Teams-General Channel/Successfully deleted post msg")): Object 'Object Repository/06-Teams/05- Teams-General Channel/Successfully deleted post msg' is visible

2023-04-14 18:07:54 - [MESSAGE][PASSED] - Object 'Object Repository/06-Teams/05- Teams-General Channel/Successfully deleted post msg' is visible

2023-04-14 18:07:54 - [TEST_STEP][PASSED] - delay(3): Delayed 3 second(s)

2023-04-14 18:07:57 - [MESSAGE][PASSED] - Delayed 3 second(s)

2023-04-14 18:07:57 - [TEST_STEP][PASSED] - click(findTestObject("06-Teams/05- Teams-General Channel/ellipsis 1")): Object: 'Object Repository/06-Teams/05- Teams-General Channel/ellipsis 1' is clicked on

2023-04-14 18:07:58 - [MESSAGE][PASSED] - Object: 'Object Repository/06-Teams/05- Teams-General Channel/ellipsis 1' is clicked on

2023-04-14 18:07:58 - [TEST_STEP][PASSED] - click(findTestObject("06-Teams/05- Teams-General Channel/button_Delete Post")): Object: 'Object Repository/06-Teams/05- Teams-General Channel/button_Delete Post' is clicked on

2023-04-14 18:07:58 - [MESSAGE][PASSED] - Object: 'Object Repository/06-Teams/05- Teams-General Channel/button_Delete Post' is clicked on

2023-04-14 18:07:58 - [TEST_STEP][PASSED] - verifyElementVisible(findTestObject("06-Teams/05- Teams-General Channel/delete post box")): Object 'Object Repository/06-Teams/05- Teams-General Channel/delete post box' is visible

2023-04-14 18:07:59 - [MESSAGE][PASSED] - Object 'Object Repository/06-Teams/05- Teams-General Channel/delete post box' is visible

2023-04-14 18:07:59 - [TEST_STEP][PASSED] - click(findTestObject("06-Teams/05- Teams-General Channel/button_Delete")): Object: 'Object Repository/06-Teams/05- Teams-General Channel/button_Delete' is clicked on

2023-04-14 18:07:59 - [MESSAGE][PASSED] - Object: 'Object Repository/06-Teams/05- Teams-General Channel/button_Delete' is clicked on

2023-04-14 18:07:59 - [TEST_STEP][PASSED] - verifyElementVisible(findTestObject("06-Teams/05- Teams-General Channel/Successfully deleted post msg")): Object 'Object Repository/06-Teams/05- Teams-General Channel/Successfully deleted post msg' is visible

2023-04-14 18:08:01 - [MESSAGE][PASSED] - Object 'Object Repository/06-Teams/05- Teams-General Channel/Successfully deleted post msg' is visible

2023-04-14 18:08:01 - [TEST_STEP][PASSED] - delay(3): Delayed 3 second(s)

2023-04-14 18:08:04 - [MESSAGE][PASSED] - Delayed 3 second(s)

2023-04-14 18:08:04 - [TEST_STEP][PASSED] - click(findTestObject("06-Teams/05- Teams-General Channel/ellipsis 1")): Object: 'Object Repository/06-Teams/05- Teams-General Channel/ellipsis 1' is clicked on

2023-04-14 18:08:04 - [MESSAGE][PASSED] - Object: 'Object Repository/06-Teams/05- Teams-General Channel/ellipsis 1' is clicked on

2023-04-14 18:08:04 - [TEST_STEP][PASSED] - click(findTestObject("06-Teams/05- Teams-General Channel/button_Delete Post")): Object: 'Object Repository/06-Teams/05- Teams-General Channel/button_Delete Post' is clicked on

2023-04-14 18:08:05 - [MESSAGE][PASSED] - Object: 'Object Repository/06-Teams/05- Teams-General Channel/button_Delete Post' is clicked on

2023-04-14 18:08:05 - [TEST_STEP][PASSED] - verifyElementVisible(findTestObject("06-Teams/05- Teams-General Channel/delete post box")): Object 'Object Repository/06-Teams/05- Teams-General Channel/delete post box' is visible

2023-04-14 18:08:06 - [MESSAGE][PASSED] - Object 'Object Repository/06-Teams/05- Teams-General Channel/delete post box' is visible

2023-04-14 18:08:06 - [TEST_STEP][PASSED] - click(findTestObject("06-Teams/05- Teams-General Channel/button_Delete")): Object: 'Object Repository/06-Teams/05- Teams-General Channel/button_Delete' is clicked on

2023-04-14 18:08:06 - [MESSAGE][PASSED] - Object: 'Object Repository/06-Teams/05- Teams-General Channel/button_Delete' is clicked on

2023-04-14 18:08:06 - [TEST_STEP][PASSED] - verifyElementVisible(findTestObject("06-Teams/05- Teams-General Channel/Successfully deleted post msg")): Object 'Object Repository/06-Teams/05- Teams-General Channel/Successfully deleted post msg' is visible

2023-04-14 18:08:07 - [MESSAGE][PASSED] - Object 'Object Repository/06-Teams/05- Teams-General Channel/Successfully deleted post msg' is visible

2023-04-14 18:08:07 - [TEST_STEP][PASSED] - delay(3): Delayed 3 second(s)

2023-04-14 18:08:10 - [MESSAGE][PASSED] - Delayed 3 second(s)

2023-04-14 18:08:10 - [TEST_STEP][PASSED] - click(findTestObject("06-Teams/05- Teams-General Channel/ellipsis 1")): Object: 'Object Repository/06-Teams/05- Teams-General Channel/ellipsis 1' is clicked on

2023-04-14 18:08:10 - [MESSAGE][PASSED] - Object: 'Object Repository/06-Teams/05- Teams-General Channel/ellipsis 1' is clicked on

2023-04-14 18:08:10 - [TEST_STEP][PASSED] - click(findTestObject("06-Teams/05- Teams-General Channel/button_Delete Post")): Object: 'Object Repository/06-Teams/05- Teams-General Channel/button_Delete Post' is clicked on

2023-04-14 18:08:11 - [MESSAGE][PASSED] - Object: 'Object Repository/06-Teams/05- Teams-General Channel/button_Delete Post' is clicked on

2023-04-14 18:08:11 - [TEST_STEP][PASSED] - verifyElementVisible(findTestObject("06-Teams/05- Teams-General Channel/delete post box")): Object 'Object Repository/06-Teams/05- Teams-General Channel/delete post box' is visible

2023-04-14 18:08:12 - [MESSAGE][PASSED] - Object 'Object Repository/06-Teams/05- Teams-General Channel/delete post box' is visible

2023-04-14 18:08:12 - [TEST_STEP][PASSED] - click(findTestObject("06-Teams/05- Teams-General Channel/button_Delete")): Object: 'Object Repository/06-Teams/05- Teams-General Channel/button_Delete' is clicked on

2023-04-14 18:08:13 - [MESSAGE][PASSED] - Object: 'Object Repository/06-Teams/05- Teams-General Channel/button_Delete' is clicked on

2023-04-14 18:08:13 - [TEST_STEP][PASSED] - verifyElementVisible(findTestObject("06-Teams/05- Teams-General Channel/Successfully deleted post msg")): Object 'Object Repository/06-Teams/05- Teams-General Channel/Successfully deleted post msg' is visible

2023-04-14 18:08:14 - [MESSAGE][PASSED] - Object 'Object Repository/06-Teams/05- Teams-General Channel/Successfully deleted post msg' is visible

2023-04-14 18:08:14 - [TEST_STEP][PASSED] - delay(3): Delayed 3 second(s)

2023-04-14 18:08:17 - [MESSAGE][PASSED] - Delayed 3 second(s)

2023-04-14 18:08:17 - [TEST_STEP][PASSED] - closeBrowser(): Browser is closed

2023-04-14 18:08:18 - [MESSAGE][PASSED] - Browser is closed]]></system-out>
         <system-err><![CDATA[]]></system-err>
      </testcase>
      <system-out><![CDATA[2023-04-14 17:58:34 - [TEST_SUITE][PASSED] - 06.2 - Teams - Settings: Test Cases/06- Teams/18 - Teams - General Channel (deleting a post)]]></system-out>
      <system-err><![CDATA[]]></system-err>
   </testsuite>
</testsuites>
