<?xml version="1.0" encoding="UTF-8"?>
<testsuites name="01-Login and Forgot Password" time="253.901" tests="8" failures="0" errors="0">
   <testsuite name="01-Login and Forgot Password" tests="8" failures="0" errors="0" time="253.901" skipped="0" timestamp="2022-12-16 10:48:12" hostname="asus - DESKTOP-3L3J9C1" id="Test Suites/TS-Organization/01-Login and Forgot Password">
      <properties>
         <property name="deviceName" value=""/>
         <property name="devicePlatform" value=""/>
         <property name="logFolder" value="C:\\Users\\asus\\Katalon Studio\\Everleagues\\Everleagues\\Reports\\20221216_104756\\TS-Organization\\01-Login and Forgot Password\\20221216_104756"/>
         <property name="logFiles" value="C:\\Users\\asus\\Katalon Studio\\Everleagues\\Everleagues\\Reports\\20221216_104756\\TS-Organization\\01-Login and Forgot Password\\20221216_104756\\execution0.log"/>
         <property name="attachments" value=""/>
         <property name="hostName" value="asus - DESKTOP-3L3J9C1"/>
         <property name="os" value="Windows 10 64bit"/>
         <property name="katalonVersion" value="8.4.1.208"/>
         <property name="browser" value="Chrome 108.0.0.0"/>
         <property name="hostAddress" value="192.168.5.97"/>
         <property name="sessionId" value="a18a611f607c65ba7a6ac78dd81cf966"/>
         <property name="seleniumVersion" value="3.141.59"/>
         <property name="proxyInformation" value="ProxyInformation { proxyOption=NO_PROXY, proxyServerType=HTTP, username=, password=********, proxyServerAddress=, proxyServerPort=0, executionList=&quot;&quot;, isApplyToDesiredCapabilities=true }"/>
         <property name="platform" value="Windows 10"/>
      </properties>
      <testcase name="Test Cases/01-Login and Forgot Password/01-Login(Credentials Blank)" time="86.022" classname="Test Cases/01-Login and Forgot Password/01-Login(Credentials Blank)" status="PASSED">
         <system-out><![CDATA[2022-12-16 10:48:13 - [TEST_CASE][PASSED] - Test Cases/01-Login and Forgot Password/01-Login(Credentials Blank): Test Cases/01-Login and Forgot Password/01-Login(Credentials Blank)

2022-12-16 10:48:15 - [TEST_STEP][PASSED] - openBrowser(""): Browser is opened with url: ''

2022-12-16 10:48:17 - [MESSAGE][INFO] - Starting 'Chrome' driver

2022-12-16 10:48:18 - [MESSAGE][INFO] - Action delay is set to 0 milliseconds

2022-12-16 10:48:27 - [MESSAGE][PASSED] - Browser is opened with url: ''

2022-12-16 10:48:27 - [TEST_STEP][PASSED] - navigateToUrl("https://lab.everleagues.com/"): Navigate to 'https://lab.everleagues.com/' successfully

2022-12-16 10:49:32 - [MESSAGE][PASSED] - Navigate to 'https://lab.everleagues.com/' successfully

2022-12-16 10:49:32 - [TEST_STEP][PASSED] - maximizeWindow(): Current window maximized

2022-12-16 10:49:32 - [MESSAGE][PASSED] - Current window maximized

2022-12-16 10:49:32 - [TEST_STEP][PASSED] - verifyElementPresent(findTestObject("01-Login and Forgot Password/Login_Card"), 0): Object 'Object Repository/01-Login and Forgot Password/Login_Card' is present

2022-12-16 10:49:33 - [MESSAGE][WARNING] - Timeout '0' is invalid. Using default page load timeout: '30'

2022-12-16 10:49:33 - [MESSAGE][PASSED] - Object 'Object Repository/01-Login and Forgot Password/Login_Card' is present

2022-12-16 10:49:33 - [TEST_STEP][PASSED] - delay(2): Delayed 2 second(s)

2022-12-16 10:49:35 - [MESSAGE][PASSED] - Delayed 2 second(s)

2022-12-16 10:49:35 - [TEST_STEP][PASSED] - verifyElementNotClickable(findTestObject("01-Login and Forgot Password/button_Sign in")): Object 'Object Repository/01-Login and Forgot Password/button_Sign in' is NOT clickable

2022-12-16 10:49:36 - [MESSAGE][PASSED] - Object 'Object Repository/01-Login and Forgot Password/button_Sign in' is NOT clickable

2022-12-16 10:49:36 - [TEST_STEP][PASSED] - delay(3): Delayed 3 second(s)

2022-12-16 10:49:39 - [MESSAGE][PASSED] - Delayed 3 second(s)]]></system-out>
         <system-err><![CDATA[]]></system-err>
      </testcase>
      <testcase name="Test Cases/01-Login and Forgot Password/02-Login(Wrong Email)" time="17.669" classname="Test Cases/01-Login and Forgot Password/02-Login(Wrong Email)" status="PASSED">
         <system-out><![CDATA[2022-12-16 10:49:39 - [TEST_CASE][PASSED] - Test Cases/01-Login and Forgot Password/02-Login(Wrong Email): Test Cases/01-Login and Forgot Password/02-Login(Wrong Email)

2022-12-16 10:49:42 - [TEST_STEP][PASSED] - setText(findTestObject("01-Login and Forgot Password/input_Email_email"), "unregisteredemail@test.com"): Text 'unregisteredemail@test.com' is set on object 'Object Repository/01-Login and Forgot Password/input_Email_email'

2022-12-16 10:49:44 - [MESSAGE][PASSED] - Text 'unregisteredemail@test.com' is set on object 'Object Repository/01-Login and Forgot Password/input_Email_email'

2022-12-16 10:49:44 - [TEST_STEP][PASSED] - setEncryptedText(findTestObject("01-Login and Forgot Password/input_Email_password"), "pUQNV8a0dCQ="): Text ****** has been set on object 'Object Repository/01-Login and Forgot Password/input_Email_password'

2022-12-16 10:49:46 - [MESSAGE][PASSED] - Text ****** has been set on object 'Object Repository/01-Login and Forgot Password/input_Email_password'

2022-12-16 10:49:46 - [TEST_STEP][PASSED] - delay(3): Delayed 3 second(s)

2022-12-16 10:49:49 - [MESSAGE][PASSED] - Delayed 3 second(s)

2022-12-16 10:49:49 - [TEST_STEP][PASSED] - click(findTestObject("01-Login and Forgot Password/button_Sign in")): Object: 'Object Repository/01-Login and Forgot Password/button_Sign in' is clicked on

2022-12-16 10:49:50 - [MESSAGE][PASSED] - Object: 'Object Repository/01-Login and Forgot Password/button_Sign in' is clicked on

2022-12-16 10:49:50 - [TEST_STEP][PASSED] - delay(3): Delayed 3 second(s)

2022-12-16 10:49:53 - [MESSAGE][PASSED] - Delayed 3 second(s)

2022-12-16 10:49:53 - [TEST_STEP][PASSED] - verifyElementPresent(findTestObject("01-Login and Forgot Password/Invalid email error"), 0): Object 'Object Repository/01-Login and Forgot Password/Invalid email error' is present

2022-12-16 10:49:53 - [MESSAGE][WARNING] - Timeout '0' is invalid. Using default page load timeout: '30'

2022-12-16 10:49:54 - [MESSAGE][PASSED] - Object 'Object Repository/01-Login and Forgot Password/Invalid email error' is present

2022-12-16 10:49:54 - [TEST_STEP][PASSED] - delay(3): Delayed 3 second(s)

2022-12-16 10:49:57 - [MESSAGE][PASSED] - Delayed 3 second(s)]]></system-out>
         <system-err><![CDATA[]]></system-err>
      </testcase>
      <testcase name="Test Cases/01-Login and Forgot Password/03-Login(Valid email, wrong pass)" time="18.962" classname="Test Cases/01-Login and Forgot Password/03-Login(Valid email, wrong pass)" status="PASSED">
         <system-out><![CDATA[2022-12-16 10:49:57 - [TEST_CASE][PASSED] - Test Cases/01-Login and Forgot Password/03-Login(Valid email, wrong pass): Test Cases/01-Login and Forgot Password/03-Login(Valid email, wrong pass)

2022-12-16 10:49:59 - [TEST_STEP][PASSED] - setText(findTestObject("01-Login and Forgot Password/input_Email_email"), "testuser01@mailinator.com"): Text 'testuser01@mailinator.com' is set on object 'Object Repository/01-Login and Forgot Password/input_Email_email'

2022-12-16 10:50:00 - [MESSAGE][PASSED] - Text 'testuser01@mailinator.com' is set on object 'Object Repository/01-Login and Forgot Password/input_Email_email'

2022-12-16 10:50:00 - [TEST_STEP][PASSED] - setEncryptedText(findTestObject("01-Login and Forgot Password/input_Email_password"), "OxgQgnWTiECE3BxjMAl2ng=="): Text ****** has been set on object 'Object Repository/01-Login and Forgot Password/input_Email_password'

2022-12-16 10:50:01 - [MESSAGE][PASSED] - Text ****** has been set on object 'Object Repository/01-Login and Forgot Password/input_Email_password'

2022-12-16 10:50:01 - [TEST_STEP][PASSED] - delay(2): Delayed 2 second(s)

2022-12-16 10:50:03 - [MESSAGE][PASSED] - Delayed 2 second(s)

2022-12-16 10:50:03 - [TEST_STEP][PASSED] - click(findTestObject("01-Login and Forgot Password/show pass button")): Object: 'Object Repository/01-Login and Forgot Password/show pass button' is clicked on

2022-12-16 10:50:05 - [MESSAGE][PASSED] - Object: 'Object Repository/01-Login and Forgot Password/show pass button' is clicked on

2022-12-16 10:50:05 - [TEST_STEP][PASSED] - delay(3): Delayed 3 second(s)

2022-12-16 10:50:08 - [MESSAGE][PASSED] - Delayed 3 second(s)

2022-12-16 10:50:08 - [TEST_STEP][PASSED] - click(findTestObject("01-Login and Forgot Password/button_Sign in")): Object: 'Object Repository/01-Login and Forgot Password/button_Sign in' is clicked on

2022-12-16 10:50:09 - [MESSAGE][PASSED] - Object: 'Object Repository/01-Login and Forgot Password/button_Sign in' is clicked on

2022-12-16 10:50:09 - [TEST_STEP][PASSED] - delay(3): Delayed 3 second(s)

2022-12-16 10:50:12 - [MESSAGE][PASSED] - Delayed 3 second(s)

2022-12-16 10:50:12 - [TEST_STEP][PASSED] - verifyElementPresent(findTestObject("01-Login and Forgot Password/Invalid user name or password"), 0): Object 'Object Repository/01-Login and Forgot Password/Invalid user name or password' is present

2022-12-16 10:50:12 - [MESSAGE][WARNING] - Timeout '0' is invalid. Using default page load timeout: '30'

2022-12-16 10:50:13 - [MESSAGE][PASSED] - Object 'Object Repository/01-Login and Forgot Password/Invalid user name or password' is present

2022-12-16 10:50:13 - [TEST_STEP][PASSED] - delay(3): Delayed 3 second(s)

2022-12-16 10:50:16 - [MESSAGE][PASSED] - Delayed 3 second(s)]]></system-out>
         <system-err><![CDATA[]]></system-err>
      </testcase>
      <testcase name="Test Cases/01-Login and Forgot Password/04-Login (valid credentials)" time="61.706" classname="Test Cases/01-Login and Forgot Password/04-Login (valid credentials)" status="PASSED">
         <system-out><![CDATA[2022-12-16 10:50:16 - [TEST_CASE][PASSED] - Test Cases/01-Login and Forgot Password/04-Login (valid credentials): Test Cases/01-Login and Forgot Password/04-Login (valid credentials)

2022-12-16 10:50:18 - [TEST_STEP][PASSED] - setText(findTestObject("01-Login and Forgot Password/input_Email_email"), "testuser01@mailinator.com"): Text 'testuser01@mailinator.com' is set on object 'Object Repository/01-Login and Forgot Password/input_Email_email'

2022-12-16 10:50:20 - [MESSAGE][PASSED] - Text 'testuser01@mailinator.com' is set on object 'Object Repository/01-Login and Forgot Password/input_Email_email'

2022-12-16 10:50:20 - [TEST_STEP][PASSED] - setEncryptedText(findTestObject("01-Login and Forgot Password/input_Email_password2"), "8yFRyszE6U6jvsCn51OQbg=="): Text ****** has been set on object 'Object Repository/01-Login and Forgot Password/input_Email_password2'

2022-12-16 10:50:21 - [MESSAGE][PASSED] - Text ****** has been set on object 'Object Repository/01-Login and Forgot Password/input_Email_password2'

2022-12-16 10:50:21 - [TEST_STEP][PASSED] - delay(2): Delayed 2 second(s)

2022-12-16 10:50:23 - [MESSAGE][PASSED] - Delayed 2 second(s)

2022-12-16 10:50:23 - [TEST_STEP][PASSED] - click(findTestObject("01-Login and Forgot Password/show pass button")): Object: 'Object Repository/01-Login and Forgot Password/show pass button' is clicked on

2022-12-16 10:50:24 - [MESSAGE][PASSED] - Object: 'Object Repository/01-Login and Forgot Password/show pass button' is clicked on

2022-12-16 10:50:24 - [TEST_STEP][PASSED] - delay(3): Delayed 3 second(s)

2022-12-16 10:50:27 - [MESSAGE][PASSED] - Delayed 3 second(s)

2022-12-16 10:50:27 - [TEST_STEP][PASSED] - click(findTestObject("01-Login and Forgot Password/button_Sign in")): Object: 'Object Repository/01-Login and Forgot Password/button_Sign in' is clicked on

2022-12-16 10:50:28 - [MESSAGE][PASSED] - Object: 'Object Repository/01-Login and Forgot Password/button_Sign in' is clicked on

2022-12-16 10:50:28 - [TEST_STEP][PASSED] - delay(3): Delayed 3 second(s)

2022-12-16 10:50:31 - [MESSAGE][PASSED] - Delayed 3 second(s)

2022-12-16 10:50:31 - [TEST_STEP][PASSED] - click(findTestObject("06-Teams/For 2FA/button_Confirm_2FA")): Object: 'Object Repository/06-Teams/For 2FA/button_Confirm_2FA' is clicked on

2022-12-16 10:50:32 - [MESSAGE][PASSED] - Object: 'Object Repository/06-Teams/For 2FA/button_Confirm_2FA' is clicked on

2022-12-16 10:50:32 - [TEST_STEP][PASSED] - executeJavaScript("window.open();", []): Execute JavaScript 'window.open();' successfully

2022-12-16 10:50:32 - [MESSAGE][PASSED] - Execute JavaScript 'window.open();' successfully

2022-12-16 10:50:32 - [TEST_STEP][PASSED] - currentWindow = getWindowIndex(): Current window's index is: 0

2022-12-16 10:50:33 - [MESSAGE][PASSED] - Current window's index is: 0

2022-12-16 10:50:33 - [TEST_STEP][PASSED] - delay(3): Delayed 3 second(s)

2022-12-16 10:50:36 - [MESSAGE][PASSED] - Delayed 3 second(s)

2022-12-16 10:50:36 - [TEST_STEP][PASSED] - switchToWindowIndex(currentWindow + 1): Switched to window with index: '1'

2022-12-16 10:50:36 - [MESSAGE][PASSED] - Switched to window with index: '1'

2022-12-16 10:50:36 - [TEST_STEP][PASSED] - navigateToUrl("https://www.mailinator.com/"): Navigate to 'https://www.mailinator.com/' successfully

2022-12-16 10:50:43 - [MESSAGE][PASSED] - Navigate to 'https://www.mailinator.com/' successfully

2022-12-16 10:50:43 - [TEST_STEP][PASSED] - delay(3): Delayed 3 second(s)

2022-12-16 10:50:46 - [MESSAGE][PASSED] - Delayed 3 second(s)

2022-12-16 10:50:46 - [TEST_STEP][PASSED] - setText(findTestObject("00-Signup and Activation/zMailinator/input_LOGIN_search"), "testuser01@mailinator.com"): Text 'testuser01@mailinator.com' is set on object 'Object Repository/00-Signup and Activation/zMailinator/input_LOGIN_search'

2022-12-16 10:50:48 - [MESSAGE][PASSED] - Text 'testuser01@mailinator.com' is set on object 'Object Repository/00-Signup and Activation/zMailinator/input_LOGIN_search'

2022-12-16 10:50:48 - [TEST_STEP][PASSED] - click(findTestObject("00-Signup and Activation/zMailinator/gobutton"), STOP_ON_FAILURE): Object: 'Object Repository/00-Signup and Activation/zMailinator/gobutton' is clicked on

2022-12-16 10:50:51 - [MESSAGE][PASSED] - Object: 'Object Repository/00-Signup and Activation/zMailinator/gobutton' is clicked on

2022-12-16 10:50:51 - [TEST_STEP][PASSED] - delay(3): Delayed 3 second(s)

2022-12-16 10:50:54 - [MESSAGE][PASSED] - Delayed 3 second(s)

2022-12-16 10:50:54 - [TEST_STEP][PASSED] - click(findTestObject("00-Signup and Activation/zMailinator/Email - everleagues")): Object: 'Object Repository/00-Signup and Activation/zMailinator/Email - everleagues' is clicked on

2022-12-16 10:50:54 - [MESSAGE][PASSED] - Object: 'Object Repository/00-Signup and Activation/zMailinator/Email - everleagues' is clicked on

2022-12-16 10:50:54 - [TEST_STEP][PASSED] - delay(3): Delayed 3 second(s)

2022-12-16 10:50:57 - [MESSAGE][PASSED] - Delayed 3 second(s)

2022-12-16 10:50:57 - [TEST_STEP][PASSED] - code = getText(findTestObject("Object Repository/06-Teams/For 2FA/2FA code")): Text of object 'Object Repository/06-Teams/For 2FA/2FA code' is: '374657'

2022-12-16 10:50:59 - [MESSAGE][PASSED] - Text of object 'Object Repository/06-Teams/For 2FA/2FA code' is: '374657'

2022-12-16 10:50:59 - [TEST_STEP][PASSED] - delay(3): Delayed 3 second(s)

2022-12-16 10:51:02 - [MESSAGE][PASSED] - Delayed 3 second(s)

2022-12-16 10:51:02 - [TEST_STEP][PASSED] - closeWindowTitle("Mailinator"): Window with title: 'Mailinator' is closed

2022-12-16 10:51:02 - [MESSAGE][PASSED] - Window with title: 'Mailinator' is closed

2022-12-16 10:51:02 - [TEST_STEP][PASSED] - delay(3): Delayed 3 second(s)

2022-12-16 10:51:05 - [MESSAGE][PASSED] - Delayed 3 second(s)

2022-12-16 10:51:05 - [TEST_STEP][PASSED] - switchToWindowIndex(0): Switched to window with index: '0'

2022-12-16 10:51:05 - [MESSAGE][PASSED] - Switched to window with index: '0'

2022-12-16 10:51:05 - [TEST_STEP][PASSED] - delay(3): Delayed 3 second(s)

2022-12-16 10:51:09 - [MESSAGE][PASSED] - Delayed 3 second(s)

2022-12-16 10:51:09 - [TEST_STEP][PASSED] - setText(findTestObject("Object Repository/06-Teams/For 2FA/input_Enter verification code_code"), code): Text '374657' is set on object 'Object Repository/06-Teams/For 2FA/input_Enter verification code_code'

2022-12-16 10:51:10 - [MESSAGE][PASSED] - Text '374657' is set on object 'Object Repository/06-Teams/For 2FA/input_Enter verification code_code'

2022-12-16 10:51:10 - [TEST_STEP][PASSED] - delay(3): Delayed 3 second(s)

2022-12-16 10:51:13 - [MESSAGE][PASSED] - Delayed 3 second(s)

2022-12-16 10:51:13 - [TEST_STEP][PASSED] - click(findTestObject("06-Teams/For 2FA/button_Verify_2FA")): Object: 'Object Repository/06-Teams/For 2FA/button_Verify_2FA' is clicked on

2022-12-16 10:51:15 - [MESSAGE][PASSED] - Object: 'Object Repository/06-Teams/For 2FA/button_Verify_2FA' is clicked on

2022-12-16 10:51:15 - [TEST_STEP][PASSED] - delay(3): Delayed 3 second(s)

2022-12-16 10:51:18 - [MESSAGE][PASSED] - Delayed 3 second(s)]]></system-out>
         <system-err><![CDATA[]]></system-err>
      </testcase>
      <testcase name="Test Cases/01-Login and Forgot Password/05-Logout" time="17.126" classname="Test Cases/01-Login and Forgot Password/05-Logout" status="PASSED">
         <system-out><![CDATA[2022-12-16 10:51:18 - [TEST_CASE][PASSED] - Test Cases/01-Login and Forgot Password/05-Logout: Test Cases/01-Login and Forgot Password/05-Logout

2022-12-16 10:51:21 - [TEST_STEP][PASSED] - click(findTestObject("01-Login and Forgot Password/User menu drop")): Object: 'Object Repository/01-Login and Forgot Password/User menu drop' is clicked on

2022-12-16 10:51:25 - [MESSAGE][PASSED] - Object: 'Object Repository/01-Login and Forgot Password/User menu drop' is clicked on

2022-12-16 10:51:25 - [TEST_STEP][PASSED] - delay(2): Delayed 2 second(s)

2022-12-16 10:51:27 - [MESSAGE][PASSED] - Delayed 2 second(s)

2022-12-16 10:51:27 - [TEST_STEP][PASSED] - click(findTestObject("01-Login and Forgot Password/h4_Sign Out"), STOP_ON_FAILURE): Object: 'Object Repository/01-Login and Forgot Password/h4_Sign Out' is clicked on

2022-12-16 10:51:28 - [MESSAGE][PASSED] - Object: 'Object Repository/01-Login and Forgot Password/h4_Sign Out' is clicked on

2022-12-16 10:51:28 - [TEST_STEP][PASSED] - delay(2): Delayed 2 second(s)

2022-12-16 10:51:30 - [MESSAGE][PASSED] - Delayed 2 second(s)

2022-12-16 10:51:30 - [TEST_STEP][PASSED] - verifyElementPresent(findTestObject("01-Login and Forgot Password/Login_Card"), 0): Object 'Object Repository/01-Login and Forgot Password/Login_Card' is present

2022-12-16 10:51:31 - [MESSAGE][WARNING] - Timeout '0' is invalid. Using default page load timeout: '30'

2022-12-16 10:51:32 - [MESSAGE][PASSED] - Object 'Object Repository/01-Login and Forgot Password/Login_Card' is present

2022-12-16 10:51:32 - [TEST_STEP][PASSED] - delay(3): Delayed 3 second(s)

2022-12-16 10:51:35 - [MESSAGE][PASSED] - Delayed 3 second(s)]]></system-out>
         <system-err><![CDATA[]]></system-err>
      </testcase>
      <testcase name="Test Cases/01-Login and Forgot Password/06-Forgot Password(Credentials Blank)" time="10.378" classname="Test Cases/01-Login and Forgot Password/06-Forgot Password(Credentials Blank)" status="PASSED">
         <system-out><![CDATA[2022-12-16 10:51:35 - [TEST_CASE][PASSED] - Test Cases/01-Login and Forgot Password/06-Forgot Password(Credentials Blank): Test Cases/01-Login and Forgot Password/06-Forgot Password(Credentials Blank)

2022-12-16 10:51:37 - [TEST_STEP][PASSED] - click(findTestObject("01-Login and Forgot Password/zForgot Password/a_Forgot password")): Object: 'Object Repository/01-Login and Forgot Password/zForgot Password/a_Forgot password' is clicked on

2022-12-16 10:51:38 - [MESSAGE][PASSED] - Object: 'Object Repository/01-Login and Forgot Password/zForgot Password/a_Forgot password' is clicked on

2022-12-16 10:51:38 - [TEST_STEP][PASSED] - verifyElementPresent(findTestObject("01-Login and Forgot Password/zForgot Password/span_Reset Password"), 0): Object 'Object Repository/01-Login and Forgot Password/zForgot Password/span_Reset Password' is present

2022-12-16 10:51:39 - [MESSAGE][WARNING] - Timeout '0' is invalid. Using default page load timeout: '30'

2022-12-16 10:51:39 - [MESSAGE][PASSED] - Object 'Object Repository/01-Login and Forgot Password/zForgot Password/span_Reset Password' is present

2022-12-16 10:51:39 - [TEST_STEP][PASSED] - delay(2): Delayed 2 second(s)

2022-12-16 10:51:41 - [MESSAGE][PASSED] - Delayed 2 second(s)

2022-12-16 10:51:41 - [TEST_STEP][PASSED] - verifyElementNotClickable(findTestObject("01-Login and Forgot Password/zForgot Password/button_Reset Password")): Object 'Object Repository/01-Login and Forgot Password/zForgot Password/button_Reset Password' is NOT clickable

2022-12-16 10:51:42 - [MESSAGE][PASSED] - Object 'Object Repository/01-Login and Forgot Password/zForgot Password/button_Reset Password' is NOT clickable

2022-12-16 10:51:42 - [TEST_STEP][PASSED] - delay(3): Delayed 3 second(s)

2022-12-16 10:51:45 - [MESSAGE][PASSED] - Delayed 3 second(s)]]></system-out>
         <system-err><![CDATA[]]></system-err>
      </testcase>
      <testcase name="Test Cases/01-Login and Forgot Password/07-Forgot Password(Wrong email)" time="15.663" classname="Test Cases/01-Login and Forgot Password/07-Forgot Password(Wrong email)" status="PASSED">
         <system-out><![CDATA[2022-12-16 10:51:45 - [TEST_CASE][PASSED] - Test Cases/01-Login and Forgot Password/07-Forgot Password(Wrong email): Test Cases/01-Login and Forgot Password/07-Forgot Password(Wrong email)

2022-12-16 10:51:47 - [TEST_STEP][PASSED] - setText(findTestObject("01-Login and Forgot Password/zForgot Password/Reset pass email field"), "unregisteredemail@test.com"): Text 'unregisteredemail@test.com' is set on object 'Object Repository/01-Login and Forgot Password/zForgot Password/Reset pass email field'

2022-12-16 10:51:50 - [MESSAGE][PASSED] - Text 'unregisteredemail@test.com' is set on object 'Object Repository/01-Login and Forgot Password/zForgot Password/Reset pass email field'

2022-12-16 10:51:50 - [TEST_STEP][PASSED] - delay(2): Delayed 2 second(s)

2022-12-16 10:51:52 - [MESSAGE][PASSED] - Delayed 2 second(s)

2022-12-16 10:51:52 - [TEST_STEP][PASSED] - click(findTestObject("01-Login and Forgot Password/zForgot Password/button_Reset Password")): Object: 'Object Repository/01-Login and Forgot Password/zForgot Password/button_Reset Password' is clicked on

2022-12-16 10:51:53 - [MESSAGE][PASSED] - Object: 'Object Repository/01-Login and Forgot Password/zForgot Password/button_Reset Password' is clicked on

2022-12-16 10:51:53 - [TEST_STEP][PASSED] - verifyElementPresent(findTestObject("01-Login and Forgot Password/zForgot Password/Reset pass- wrong email"), 0): Object 'Object Repository/01-Login and Forgot Password/zForgot Password/Reset pass- wrong email' is present

2022-12-16 10:51:53 - [MESSAGE][WARNING] - Timeout '0' is invalid. Using default page load timeout: '30'

2022-12-16 10:51:54 - [MESSAGE][PASSED] - Object 'Object Repository/01-Login and Forgot Password/zForgot Password/Reset pass- wrong email' is present

2022-12-16 10:51:54 - [TEST_STEP][PASSED] - delay(3): Delayed 3 second(s)

2022-12-16 10:51:57 - [MESSAGE][PASSED] - Delayed 3 second(s)

2022-12-16 10:51:57 - [TEST_STEP][PASSED] - click(findTestObject("01-Login and Forgot Password/zForgot Password/button_Back to login")): Object: 'Object Repository/01-Login and Forgot Password/zForgot Password/button_Back to login' is clicked on

2022-12-16 10:51:58 - [MESSAGE][PASSED] - Object: 'Object Repository/01-Login and Forgot Password/zForgot Password/button_Back to login' is clicked on

2022-12-16 10:51:58 - [TEST_STEP][PASSED] - delay(3): Delayed 3 second(s)

2022-12-16 10:52:01 - [MESSAGE][PASSED] - Delayed 3 second(s)]]></system-out>
         <system-err><![CDATA[]]></system-err>
      </testcase>
      <testcase name="Test Cases/01-Login and Forgot Password/08-Forgot Password(Correct Email)" time="24.628" classname="Test Cases/01-Login and Forgot Password/08-Forgot Password(Correct Email)" status="PASSED">
         <system-out><![CDATA[2022-12-16 10:52:01 - [TEST_CASE][PASSED] - Test Cases/01-Login and Forgot Password/08-Forgot Password(Correct Email): Test Cases/01-Login and Forgot Password/08-Forgot Password(Correct Email)

2022-12-16 10:52:03 - [TEST_STEP][PASSED] - delay(2): Delayed 2 second(s)

2022-12-16 10:52:05 - [MESSAGE][PASSED] - Delayed 2 second(s)

2022-12-16 10:52:05 - [TEST_STEP][PASSED] - click(findTestObject("01-Login and Forgot Password/zForgot Password/a_Forgot password")): Object: 'Object Repository/01-Login and Forgot Password/zForgot Password/a_Forgot password' is clicked on

2022-12-16 10:52:06 - [MESSAGE][PASSED] - Object: 'Object Repository/01-Login and Forgot Password/zForgot Password/a_Forgot password' is clicked on

2022-12-16 10:52:06 - [TEST_STEP][PASSED] - verifyElementPresent(findTestObject("01-Login and Forgot Password/zForgot Password/span_Reset Password"), 0): Object 'Object Repository/01-Login and Forgot Password/zForgot Password/span_Reset Password' is present

2022-12-16 10:52:06 - [MESSAGE][WARNING] - Timeout '0' is invalid. Using default page load timeout: '30'

2022-12-16 10:52:07 - [MESSAGE][PASSED] - Object 'Object Repository/01-Login and Forgot Password/zForgot Password/span_Reset Password' is present

2022-12-16 10:52:07 - [TEST_STEP][PASSED] - delay(2): Delayed 2 second(s)

2022-12-16 10:52:09 - [MESSAGE][PASSED] - Delayed 2 second(s)

2022-12-16 10:52:09 - [TEST_STEP][PASSED] - setText(findTestObject("01-Login and Forgot Password/zForgot Password/Reset pass email field"), "testuser01@mailinator.com"): Text 'testuser01@mailinator.com' is set on object 'Object Repository/01-Login and Forgot Password/zForgot Password/Reset pass email field'

2022-12-16 10:52:10 - [MESSAGE][PASSED] - Text 'testuser01@mailinator.com' is set on object 'Object Repository/01-Login and Forgot Password/zForgot Password/Reset pass email field'

2022-12-16 10:52:10 - [TEST_STEP][PASSED] - delay(2): Delayed 2 second(s)

2022-12-16 10:52:12 - [MESSAGE][PASSED] - Delayed 2 second(s)

2022-12-16 10:52:12 - [TEST_STEP][PASSED] - click(findTestObject("01-Login and Forgot Password/zForgot Password/button_Reset Password")): Object: 'Object Repository/01-Login and Forgot Password/zForgot Password/button_Reset Password' is clicked on

2022-12-16 10:52:13 - [MESSAGE][PASSED] - Object: 'Object Repository/01-Login and Forgot Password/zForgot Password/button_Reset Password' is clicked on

2022-12-16 10:52:13 - [TEST_STEP][PASSED] - verifyElementPresent(findTestObject("01-Login and Forgot Password/zForgot Password/Reset pass - success msg"), 0): Object 'Object Repository/01-Login and Forgot Password/zForgot Password/Reset pass - success msg' is present

2022-12-16 10:52:14 - [MESSAGE][WARNING] - Timeout '0' is invalid. Using default page load timeout: '30'

2022-12-16 10:52:15 - [MESSAGE][PASSED] - Object 'Object Repository/01-Login and Forgot Password/zForgot Password/Reset pass - success msg' is present

2022-12-16 10:52:15 - [TEST_STEP][PASSED] - delay(2): Delayed 2 second(s)

2022-12-16 10:52:17 - [MESSAGE][PASSED] - Delayed 2 second(s)

2022-12-16 10:52:17 - [TEST_STEP][PASSED] - click(findTestObject("01-Login and Forgot Password/zForgot Password/button_Back to login")): Object: 'Object Repository/01-Login and Forgot Password/zForgot Password/button_Back to login' is clicked on

2022-12-16 10:52:18 - [MESSAGE][PASSED] - Object: 'Object Repository/01-Login and Forgot Password/zForgot Password/button_Back to login' is clicked on

2022-12-16 10:52:18 - [TEST_STEP][PASSED] - delay(3): Delayed 3 second(s)

2022-12-16 10:52:21 - [MESSAGE][PASSED] - Delayed 3 second(s)

2022-12-16 10:52:21 - [TEST_STEP][PASSED] - verifyElementVisible(findTestObject("01-Login and Forgot Password/Login_Card")): Object 'Object Repository/01-Login and Forgot Password/Login_Card' is visible

2022-12-16 10:52:22 - [MESSAGE][PASSED] - Object 'Object Repository/01-Login and Forgot Password/Login_Card' is visible

2022-12-16 10:52:22 - [TEST_STEP][PASSED] - delay(2): Delayed 2 second(s)

2022-12-16 10:52:24 - [MESSAGE][PASSED] - Delayed 2 second(s)

2022-12-16 10:52:24 - [TEST_STEP][PASSED] - closeBrowser(): Browser is closed

2022-12-16 10:52:26 - [MESSAGE][PASSED] - Browser is closed]]></system-out>
         <system-err><![CDATA[]]></system-err>
      </testcase>
      <system-out><![CDATA[2022-12-16 10:48:12 - [TEST_SUITE][PASSED] - 01-Login and Forgot Password: Test Cases/01-Login and Forgot Password/08-Forgot Password(Correct Email)]]></system-out>
      <system-err><![CDATA[]]></system-err>
   </testsuite>
</testsuites>
