<?xml version="1.0" encoding="UTF-8"?>
<testsuites name="09.1 - Settings (Invite users)" time="899.597" tests="5" failures="0" errors="0">
   <testsuite name="09.1 - Settings (Invite users)" tests="5" failures="0" errors="0" time="899.597" skipped="0" timestamp="2022-12-07 17:31:52" hostname="User - DESKTOP-QCRNR4M" id="Test Suites/TS-Organization/09.1 - Settings (Invite users)">
      <properties>
         <property name="deviceName" value=""/>
         <property name="devicePlatform" value=""/>
         <property name="logFolder" value="C:\\Users\\User\\Katalon Studio\\EverleaguesMain\\Reports\\20221207_173148\\TS-Organization\\09.1 - Settings (Invite users)\\20221207_173149"/>
         <property name="logFiles" value="C:\\Users\\User\\Katalon Studio\\EverleaguesMain\\Reports\\20221207_173148\\TS-Organization\\09.1 - Settings (Invite users)\\20221207_173149\\execution0.log"/>
         <property name="attachments" value=""/>
         <property name="hostName" value="User - DESKTOP-QCRNR4M"/>
         <property name="os" value="Windows 10 64bit"/>
         <property name="katalonVersion" value="8.4.1.208"/>
         <property name="browser" value="Chrome 108.0.0.0"/>
         <property name="hostAddress" value="192.168.5.124"/>
         <property name="sessionId" value="cdebf4dc18618cf27f7504dd7892995e"/>
         <property name="seleniumVersion" value="3.141.59"/>
         <property name="proxyInformation" value="ProxyInformation { proxyOption=NO_PROXY, proxyServerType=HTTP, username=, password=********, proxyServerAddress=, proxyServerPort=0, executionList=&quot;&quot;, isApplyToDesiredCapabilities=true }"/>
         <property name="platform" value="Windows 10"/>
      </properties>
      <testcase name="Test Cases/09-Settings/01 - Users (Invite new user but field are blank)" time="90.859" classname="Test Cases/09-Settings/01 - Users (Invite new user but field are blank)" status="PASSED">
         <system-out><![CDATA[2022-12-07 17:31:52 - [TEST_CASE][PASSED] - Test Cases/09-Settings/01 - Users (Invite new user but field are blank): Test Cases/09-Settings/01 - Users (Invite new user but field are blank)

2022-12-07 17:31:53 - [TEST_STEP][PASSED] - openBrowser(""): Browser is opened with url: ''

2022-12-07 17:31:53 - [MESSAGE][INFO] - Starting 'Chrome' driver

2022-12-07 17:31:53 - [MESSAGE][INFO] - Action delay is set to 0 milliseconds

2022-12-07 17:31:55 - [MESSAGE][PASSED] - Browser is opened with url: ''

2022-12-07 17:31:55 - [TEST_STEP][PASSED] - navigateToUrl("https://lab.everleagues.com/"): Navigate to 'https://lab.everleagues.com/' successfully

2022-12-07 17:32:11 - [MESSAGE][PASSED] - Navigate to 'https://lab.everleagues.com/' successfully

2022-12-07 17:32:11 - [TEST_STEP][PASSED] - maximizeWindow(): Current window maximized

2022-12-07 17:32:11 - [MESSAGE][PASSED] - Current window maximized

2022-12-07 17:32:11 - [TEST_STEP][PASSED] - setText(findTestObject("02-Side Icons(Organization)/Add Contact/Email Field"), "testuser02@mailinator.com"): Text 'testuser02@mailinator.com' is set on object 'Object Repository/02-Side Icons(Organization)/Add Contact/Email Field'

2022-12-07 17:32:12 - [MESSAGE][PASSED] - Text 'testuser02@mailinator.com' is set on object 'Object Repository/02-Side Icons(Organization)/Add Contact/Email Field'

2022-12-07 17:32:12 - [TEST_STEP][PASSED] - setEncryptedText(findTestObject("02-Side Icons(Organization)/Add Contact/Password Field"), "8yFRyszE6U6jvsCn51OQbg=="): Text ****** has been set on object 'Object Repository/02-Side Icons(Organization)/Add Contact/Password Field'

2022-12-07 17:32:12 - [MESSAGE][PASSED] - Text ****** has been set on object 'Object Repository/02-Side Icons(Organization)/Add Contact/Password Field'

2022-12-07 17:32:12 - [TEST_STEP][PASSED] - click(findTestObject("02-Side Icons(Organization)/Add Contact/button_Sign in")): Object: 'Object Repository/02-Side Icons(Organization)/Add Contact/button_Sign in' is clicked on

2022-12-07 17:32:13 - [MESSAGE][PASSED] - Object: 'Object Repository/02-Side Icons(Organization)/Add Contact/button_Sign in' is clicked on

2022-12-07 17:32:13 - [TEST_STEP][PASSED] - delay(2): Delayed 2 second(s)

2022-12-07 17:32:15 - [MESSAGE][PASSED] - Delayed 2 second(s)

2022-12-07 17:32:15 - [TEST_STEP][PASSED] - click(findTestObject("06-Teams/For 2FA/button_Confirm_2FA")): Object: 'Object Repository/06-Teams/For 2FA/button_Confirm_2FA' is clicked on

2022-12-07 17:32:15 - [MESSAGE][PASSED] - Object: 'Object Repository/06-Teams/For 2FA/button_Confirm_2FA' is clicked on

2022-12-07 17:32:15 - [TEST_STEP][PASSED] - executeJavaScript("window.open();", []): Execute JavaScript 'window.open();' successfully

2022-12-07 17:32:15 - [MESSAGE][PASSED] - Execute JavaScript 'window.open();' successfully

2022-12-07 17:32:15 - [TEST_STEP][PASSED] - currentWindow = getWindowIndex(): Current window's index is: 0

2022-12-07 17:32:15 - [MESSAGE][PASSED] - Current window's index is: 0

2022-12-07 17:32:15 - [TEST_STEP][PASSED] - delay(3): Delayed 3 second(s)

2022-12-07 17:32:19 - [MESSAGE][PASSED] - Delayed 3 second(s)

2022-12-07 17:32:19 - [TEST_STEP][PASSED] - switchToWindowIndex(currentWindow + 1): Switched to window with index: '1'

2022-12-07 17:32:19 - [MESSAGE][PASSED] - Switched to window with index: '1'

2022-12-07 17:32:19 - [TEST_STEP][PASSED] - navigateToUrl("https://www.mailinator.com/"): Navigate to 'https://www.mailinator.com/' successfully

2022-12-07 17:32:20 - [MESSAGE][PASSED] - Navigate to 'https://www.mailinator.com/' successfully

2022-12-07 17:32:20 - [TEST_STEP][PASSED] - delay(3): Delayed 3 second(s)

2022-12-07 17:32:23 - [MESSAGE][PASSED] - Delayed 3 second(s)

2022-12-07 17:32:23 - [TEST_STEP][PASSED] - setText(findTestObject("00-Signup and Activation/zMailinator/input_LOGIN_search"), "testuser02@mailinator.com"): Text 'testuser02@mailinator.com' is set on object 'Object Repository/00-Signup and Activation/zMailinator/input_LOGIN_search'

2022-12-07 17:32:24 - [MESSAGE][PASSED] - Text 'testuser02@mailinator.com' is set on object 'Object Repository/00-Signup and Activation/zMailinator/input_LOGIN_search'

2022-12-07 17:32:24 - [TEST_STEP][PASSED] - click(findTestObject("00-Signup and Activation/zMailinator/gobutton"), STOP_ON_FAILURE): Object: 'Object Repository/00-Signup and Activation/zMailinator/gobutton' is clicked on

2022-12-07 17:32:26 - [MESSAGE][PASSED] - Object: 'Object Repository/00-Signup and Activation/zMailinator/gobutton' is clicked on

2022-12-07 17:32:26 - [TEST_STEP][PASSED] - delay(3): Delayed 3 second(s)

2022-12-07 17:32:29 - [MESSAGE][PASSED] - Delayed 3 second(s)

2022-12-07 17:32:29 - [TEST_STEP][PASSED] - click(findTestObject("00-Signup and Activation/zMailinator/Email - everleagues")): Object: 'Object Repository/00-Signup and Activation/zMailinator/Email - everleagues' is clicked on

2022-12-07 17:32:30 - [MESSAGE][PASSED] - Object: 'Object Repository/00-Signup and Activation/zMailinator/Email - everleagues' is clicked on

2022-12-07 17:32:30 - [TEST_STEP][PASSED] - delay(3): Delayed 3 second(s)

2022-12-07 17:32:33 - [MESSAGE][PASSED] - Delayed 3 second(s)

2022-12-07 17:32:33 - [TEST_STEP][PASSED] - code = getText(findTestObject("Object Repository/06-Teams/For 2FA/2FA code")): Text of object 'Object Repository/06-Teams/For 2FA/2FA code' is: '959409'

2022-12-07 17:32:33 - [MESSAGE][PASSED] - Text of object 'Object Repository/06-Teams/For 2FA/2FA code' is: '959409'

2022-12-07 17:32:33 - [TEST_STEP][PASSED] - delay(3): Delayed 3 second(s)

2022-12-07 17:32:36 - [MESSAGE][PASSED] - Delayed 3 second(s)

2022-12-07 17:32:36 - [TEST_STEP][PASSED] - closeWindowTitle("Mailinator"): Window with title: 'Mailinator' is closed

2022-12-07 17:32:36 - [MESSAGE][PASSED] - Window with title: 'Mailinator' is closed

2022-12-07 17:32:36 - [TEST_STEP][PASSED] - delay(3): Delayed 3 second(s)

2022-12-07 17:32:39 - [MESSAGE][PASSED] - Delayed 3 second(s)

2022-12-07 17:32:39 - [TEST_STEP][PASSED] - switchToWindowIndex(0): Switched to window with index: '0'

2022-12-07 17:32:39 - [MESSAGE][PASSED] - Switched to window with index: '0'

2022-12-07 17:32:39 - [TEST_STEP][PASSED] - delay(3): Delayed 3 second(s)

2022-12-07 17:32:42 - [MESSAGE][PASSED] - Delayed 3 second(s)

2022-12-07 17:32:42 - [TEST_STEP][PASSED] - setText(findTestObject("Object Repository/06-Teams/For 2FA/input_Enter verification code_code"), code): Text '959409' is set on object 'Object Repository/06-Teams/For 2FA/input_Enter verification code_code'

2022-12-07 17:32:43 - [MESSAGE][PASSED] - Text '959409' is set on object 'Object Repository/06-Teams/For 2FA/input_Enter verification code_code'

2022-12-07 17:32:43 - [TEST_STEP][PASSED] - delay(3): Delayed 3 second(s)

2022-12-07 17:32:46 - [MESSAGE][PASSED] - Delayed 3 second(s)

2022-12-07 17:32:46 - [TEST_STEP][PASSED] - click(findTestObject("06-Teams/For 2FA/button_Verify_2FA")): Object: 'Object Repository/06-Teams/For 2FA/button_Verify_2FA' is clicked on

2022-12-07 17:32:47 - [MESSAGE][PASSED] - Object: 'Object Repository/06-Teams/For 2FA/button_Verify_2FA' is clicked on

2022-12-07 17:32:47 - [TEST_STEP][PASSED] - delay(5): Delayed 5 second(s)

2022-12-07 17:32:52 - [MESSAGE][PASSED] - Delayed 5 second(s)

2022-12-07 17:32:52 - [TEST_STEP][PASSED] - click(findTestObject("06-Teams/button_doublearrow")): Object: 'Object Repository/06-Teams/button_doublearrow' is clicked on

2022-12-07 17:32:52 - [MESSAGE][PASSED] - Object: 'Object Repository/06-Teams/button_doublearrow' is clicked on

2022-12-07 17:32:52 - [TEST_STEP][PASSED] - click(findTestObject("06-Teams/button_My Organizations")): Object: 'Object Repository/06-Teams/button_My Organizations' is clicked on

2022-12-07 17:32:53 - [MESSAGE][PASSED] - Object: 'Object Repository/06-Teams/button_My Organizations' is clicked on

2022-12-07 17:32:53 - [TEST_STEP][PASSED] - click(findTestObject("06-Teams/button_GG Automation")): Object: 'Object Repository/06-Teams/button_GG Automation' is clicked on

2022-12-07 17:32:54 - [MESSAGE][PASSED] - Object: 'Object Repository/06-Teams/button_GG Automation' is clicked on

2022-12-07 17:32:54 - [TEST_STEP][PASSED] - delay(4): Delayed 4 second(s)

2022-12-07 17:32:58 - [MESSAGE][PASSED] - Delayed 4 second(s)

2022-12-07 17:32:58 - [TEST_STEP][PASSED] - verifyElementVisible(findTestObject("06-Teams/span_GG Automation")): Object 'Object Repository/06-Teams/span_GG Automation' is visible

2022-12-07 17:32:58 - [MESSAGE][PASSED] - Object 'Object Repository/06-Teams/span_GG Automation' is visible

2022-12-07 17:32:58 - [TEST_STEP][PASSED] - delay(5): Delayed 5 second(s)

2022-12-07 17:33:03 - [MESSAGE][PASSED] - Delayed 5 second(s)

2022-12-07 17:33:03 - [TEST_STEP][PASSED] - click(findTestObject("03-Header Menu/Hamburger Button/div_Settings")): Object: 'Object Repository/03-Header Menu/Hamburger Button/div_Settings' is clicked on

2022-12-07 17:33:03 - [MESSAGE][PASSED] - Object: 'Object Repository/03-Header Menu/Hamburger Button/div_Settings' is clicked on

2022-12-07 17:33:03 - [TEST_STEP][PASSED] - verifyElementVisible(findTestObject("09-Settings/Users/div_Organization")): Object 'Object Repository/09-Settings/Users/div_Organization' is visible

2022-12-07 17:33:04 - [MESSAGE][PASSED] - Object 'Object Repository/09-Settings/Users/div_Organization' is visible

2022-12-07 17:33:04 - [TEST_STEP][PASSED] - verifyElementVisible(findTestObject("09-Settings/Users/div_Organization Units")): Object 'Object Repository/09-Settings/Users/div_Organization Units' is visible

2022-12-07 17:33:04 - [MESSAGE][PASSED] - Object 'Object Repository/09-Settings/Users/div_Organization Units' is visible

2022-12-07 17:33:04 - [TEST_STEP][PASSED] - verifyElementVisible(findTestObject("09-Settings/Users/div_Subscriptions")): Object 'Object Repository/09-Settings/Users/div_Subscriptions' is visible

2022-12-07 17:33:05 - [MESSAGE][PASSED] - Object 'Object Repository/09-Settings/Users/div_Subscriptions' is visible

2022-12-07 17:33:05 - [TEST_STEP][PASSED] - verifyElementVisible(findTestObject("09-Settings/Users/div_Users")): Object 'Object Repository/09-Settings/Users/div_Users' is visible

2022-12-07 17:33:05 - [MESSAGE][PASSED] - Object 'Object Repository/09-Settings/Users/div_Users' is visible

2022-12-07 17:33:05 - [TEST_STEP][PASSED] - delay(3): Delayed 3 second(s)

2022-12-07 17:33:08 - [MESSAGE][PASSED] - Delayed 3 second(s)

2022-12-07 17:33:08 - [TEST_STEP][PASSED] - click(findTestObject("09-Settings/Users/div_Users")): Object: 'Object Repository/09-Settings/Users/div_Users' is clicked on

2022-12-07 17:33:09 - [MESSAGE][PASSED] - Object: 'Object Repository/09-Settings/Users/div_Users' is clicked on

2022-12-07 17:33:09 - [TEST_STEP][PASSED] - verifyElementVisible(findTestObject("09-Settings/Users/h4_USERS")): Object 'Object Repository/09-Settings/Users/h4_USERS' is visible

2022-12-07 17:33:10 - [MESSAGE][PASSED] - Object 'Object Repository/09-Settings/Users/h4_USERS' is visible

2022-12-07 17:33:10 - [TEST_STEP][PASSED] - verifyElementVisible(findTestObject("09-Settings/Users/User Page")): Object 'Object Repository/09-Settings/Users/User Page' is visible

2022-12-07 17:33:10 - [MESSAGE][PASSED] - Object 'Object Repository/09-Settings/Users/User Page' is visible

2022-12-07 17:33:10 - [TEST_STEP][PASSED] - delay(3): Delayed 3 second(s)

2022-12-07 17:33:13 - [MESSAGE][PASSED] - Delayed 3 second(s)

2022-12-07 17:33:13 - [TEST_STEP][PASSED] - click(findTestObject("09-Settings/Users/button_add")): Object: 'Object Repository/09-Settings/Users/button_add' is clicked on

2022-12-07 17:33:14 - [MESSAGE][PASSED] - Object: 'Object Repository/09-Settings/Users/button_add' is clicked on

2022-12-07 17:33:14 - [TEST_STEP][PASSED] - verifyElementVisible(findTestObject("09-Settings/Users/User Invitation modal")): Object 'Object Repository/09-Settings/Users/User Invitation modal' is visible

2022-12-07 17:33:14 - [MESSAGE][PASSED] - Object 'Object Repository/09-Settings/Users/User Invitation modal' is visible

2022-12-07 17:33:14 - [TEST_STEP][PASSED] - delay(3): Delayed 3 second(s)

2022-12-07 17:33:17 - [MESSAGE][PASSED] - Delayed 3 second(s)

2022-12-07 17:33:17 - [TEST_STEP][PASSED] - click(findTestObject("09-Settings/Users/add Invite a single user")): Object: 'Object Repository/09-Settings/Users/add Invite a single user' is clicked on

2022-12-07 17:33:17 - [MESSAGE][PASSED] - Object: 'Object Repository/09-Settings/Users/add Invite a single user' is clicked on

2022-12-07 17:33:17 - [TEST_STEP][PASSED] - verifyElementVisible(findTestObject("09-Settings/Users/Invite new user modal")): Object 'Object Repository/09-Settings/Users/Invite new user modal' is visible

2022-12-07 17:33:19 - [MESSAGE][PASSED] - Object 'Object Repository/09-Settings/Users/Invite new user modal' is visible

2022-12-07 17:33:19 - [TEST_STEP][PASSED] - click(findTestObject("09-Settings/Users/input_email")): Object: 'Object Repository/09-Settings/Users/input_email' is clicked on

2022-12-07 17:33:19 - [MESSAGE][PASSED] - Object: 'Object Repository/09-Settings/Users/input_email' is clicked on

2022-12-07 17:33:19 - [TEST_STEP][PASSED] - click(findTestObject("09-Settings/Users/input_firstName")): Object: 'Object Repository/09-Settings/Users/input_firstName' is clicked on

2022-12-07 17:33:19 - [MESSAGE][PASSED] - Object: 'Object Repository/09-Settings/Users/input_firstName' is clicked on

2022-12-07 17:33:19 - [TEST_STEP][PASSED] - click(findTestObject("09-Settings/Users/input_lastName")): Object: 'Object Repository/09-Settings/Users/input_lastName' is clicked on

2022-12-07 17:33:20 - [MESSAGE][PASSED] - Object: 'Object Repository/09-Settings/Users/input_lastName' is clicked on

2022-12-07 17:33:20 - [TEST_STEP][PASSED] - click(findTestObject("09-Settings/Users/span_Role")): Object: 'Object Repository/09-Settings/Users/span_Role' is clicked on

2022-12-07 17:33:20 - [MESSAGE][PASSED] - Object: 'Object Repository/09-Settings/Users/span_Role' is clicked on

2022-12-07 17:33:20 - [TEST_STEP][PASSED] - clickOffset(findTestObject("09-Settings/Users/h4_Invite New User"), 100, 100): Object: 'Object Repository/09-Settings/Users/h4_Invite New User' is clicked on using offset x=100 and y=100

2022-12-07 17:33:21 - [MESSAGE][PASSED] - Object: 'Object Repository/09-Settings/Users/h4_Invite New User' is clicked on using offset x=100 and y=100

2022-12-07 17:33:21 - [TEST_STEP][PASSED] - verifyElementVisible(findTestObject("09-Settings/Users/Email required")): Object 'Object Repository/09-Settings/Users/Email required' is visible

2022-12-07 17:33:22 - [MESSAGE][PASSED] - Object 'Object Repository/09-Settings/Users/Email required' is visible

2022-12-07 17:33:22 - [TEST_STEP][PASSED] - verifyElementVisible(findTestObject("09-Settings/Users/Firstname required")): Object 'Object Repository/09-Settings/Users/Firstname required' is visible

2022-12-07 17:33:22 - [MESSAGE][PASSED] - Object 'Object Repository/09-Settings/Users/Firstname required' is visible

2022-12-07 17:33:22 - [TEST_STEP][PASSED] - verifyElementVisible(findTestObject("09-Settings/Users/last name required")): Object 'Object Repository/09-Settings/Users/last name required' is visible

2022-12-07 17:33:23 - [MESSAGE][PASSED] - Object 'Object Repository/09-Settings/Users/last name required' is visible

2022-12-07 17:33:23 - [TEST_STEP][PASSED] - verifyElementVisible(findTestObject("09-Settings/Users/error_Select a role")): Object 'Object Repository/09-Settings/Users/error_Select a role' is visible

2022-12-07 17:33:23 - [MESSAGE][PASSED] - Object 'Object Repository/09-Settings/Users/error_Select a role' is visible]]></system-out>
         <system-err><![CDATA[]]></system-err>
      </testcase>
      <testcase name="Test Cases/09-Settings/02 - Users (Invite new user as co worker)" time="341.871" classname="Test Cases/09-Settings/02 - Users (Invite new user as co worker)" status="PASSED">
         <system-out><![CDATA[2022-12-07 17:33:23 - [TEST_CASE][PASSED] - Test Cases/09-Settings/02 - Users (Invite new user as co worker): Test Cases/09-Settings/02 - Users (Invite new user as co worker)

2022-12-07 17:33:23 - [TEST_STEP][PASSED] - delay(3): Delayed 3 second(s)

2022-12-07 17:33:26 - [MESSAGE][PASSED] - Delayed 3 second(s)

2022-12-07 17:33:26 - [TEST_STEP][PASSED] - setText(findTestObject("09-Settings/Users/input_email"), "autotester04@mailinator.com"): Text 'autotester04@mailinator.com' is set on object 'Object Repository/09-Settings/Users/input_email'

2022-12-07 17:33:27 - [MESSAGE][PASSED] - Text 'autotester04@mailinator.com' is set on object 'Object Repository/09-Settings/Users/input_email'

2022-12-07 17:33:27 - [TEST_STEP][PASSED] - setText(findTestObject("09-Settings/Users/input_firstName"), "GG"): Text 'GG' is set on object 'Object Repository/09-Settings/Users/input_firstName'

2022-12-07 17:33:28 - [MESSAGE][PASSED] - Text 'GG' is set on object 'Object Repository/09-Settings/Users/input_firstName'

2022-12-07 17:33:28 - [TEST_STEP][PASSED] - setText(findTestObject("09-Settings/Users/input_lastName"), "Auto Contact 2"): Text 'Auto Contact 2' is set on object 'Object Repository/09-Settings/Users/input_lastName'

2022-12-07 17:33:29 - [MESSAGE][PASSED] - Text 'Auto Contact 2' is set on object 'Object Repository/09-Settings/Users/input_lastName'

2022-12-07 17:33:29 - [TEST_STEP][PASSED] - click(findTestObject("09-Settings/Users/span_Role")): Object: 'Object Repository/09-Settings/Users/span_Role' is clicked on

2022-12-07 17:33:30 - [MESSAGE][PASSED] - Object: 'Object Repository/09-Settings/Users/span_Role' is clicked on

2022-12-07 17:33:30 - [TEST_STEP][PASSED] - click(findTestObject("09-Settings/Users/span_CoWorker")): Object: 'Object Repository/09-Settings/Users/span_CoWorker' is clicked on

2022-12-07 17:33:30 - [MESSAGE][PASSED] - Object: 'Object Repository/09-Settings/Users/span_CoWorker' is clicked on

2022-12-07 17:33:30 - [TEST_STEP][PASSED] - click(findTestObject("09-Settings/Users/button_Send Invitation")): Object: 'Object Repository/09-Settings/Users/button_Send Invitation' is clicked on

2022-12-07 17:33:31 - [MESSAGE][PASSED] - Object: 'Object Repository/09-Settings/Users/button_Send Invitation' is clicked on

2022-12-07 17:33:31 - [TEST_STEP][PASSED] - delay(2): Delayed 2 second(s)

2022-12-07 17:33:33 - [MESSAGE][PASSED] - Delayed 2 second(s)

2022-12-07 17:33:33 - [TEST_STEP][PASSED] - verifyElementVisible(findTestObject("07-Directory/Connections/zContact Profile/Successfully invited user")): Object 'Object Repository/07-Directory/Connections/zContact Profile/Successfully invited user' is visible

2022-12-07 17:33:35 - [MESSAGE][PASSED] - Object 'Object Repository/07-Directory/Connections/zContact Profile/Successfully invited user' is visible

2022-12-07 17:33:35 - [TEST_STEP][PASSED] - delay(2): Delayed 2 second(s)

2022-12-07 17:33:37 - [MESSAGE][PASSED] - Delayed 2 second(s)

2022-12-07 17:33:37 - [TEST_STEP][PASSED] - executeJavaScript("window.open();", []): Execute JavaScript 'window.open();' successfully

2022-12-07 17:33:37 - [MESSAGE][PASSED] - Execute JavaScript 'window.open();' successfully

2022-12-07 17:33:37 - [TEST_STEP][PASSED] - currentWindow = getWindowIndex(): Current window's index is: 0

2022-12-07 17:33:37 - [MESSAGE][PASSED] - Current window's index is: 0

2022-12-07 17:33:37 - [TEST_STEP][PASSED] - delay(3): Delayed 3 second(s)

2022-12-07 17:33:40 - [MESSAGE][PASSED] - Delayed 3 second(s)

2022-12-07 17:33:40 - [TEST_STEP][PASSED] - switchToWindowIndex(currentWindow + 1): Switched to window with index: '1'

2022-12-07 17:33:40 - [MESSAGE][PASSED] - Switched to window with index: '1'

2022-12-07 17:33:40 - [TEST_STEP][PASSED] - navigateToUrl("https://www.mailinator.com/"): Navigate to 'https://www.mailinator.com/' successfully

2022-12-07 17:33:41 - [MESSAGE][PASSED] - Navigate to 'https://www.mailinator.com/' successfully

2022-12-07 17:33:41 - [TEST_STEP][PASSED] - delay(3): Delayed 3 second(s)

2022-12-07 17:33:44 - [MESSAGE][PASSED] - Delayed 3 second(s)

2022-12-07 17:33:44 - [TEST_STEP][PASSED] - setText(findTestObject("00-Signup and Activation/zMailinator/input_LOGIN_search"), "autotester04@mailinator.com"): Text 'autotester04@mailinator.com' is set on object 'Object Repository/00-Signup and Activation/zMailinator/input_LOGIN_search'

2022-12-07 17:33:45 - [MESSAGE][PASSED] - Text 'autotester04@mailinator.com' is set on object 'Object Repository/00-Signup and Activation/zMailinator/input_LOGIN_search'

2022-12-07 17:33:45 - [TEST_STEP][PASSED] - click(findTestObject("00-Signup and Activation/zMailinator/gobutton"), STOP_ON_FAILURE): Object: 'Object Repository/00-Signup and Activation/zMailinator/gobutton' is clicked on

2022-12-07 17:33:46 - [MESSAGE][PASSED] - Object: 'Object Repository/00-Signup and Activation/zMailinator/gobutton' is clicked on

2022-12-07 17:33:46 - [TEST_STEP][PASSED] - delay(3): Delayed 3 second(s)

2022-12-07 17:33:49 - [MESSAGE][PASSED] - Delayed 3 second(s)

2022-12-07 17:33:49 - [TEST_STEP][PASSED] - closeWindowTitle("Everleagues"): Window with title: 'Everleagues' is closed

2022-12-07 17:33:49 - [MESSAGE][PASSED] - Window with title: 'Everleagues' is closed

2022-12-07 17:33:49 - [TEST_STEP][PASSED] - switchToWindowIndex(0): Switched to window with index: '0'

2022-12-07 17:33:49 - [MESSAGE][PASSED] - Switched to window with index: '0'

2022-12-07 17:33:49 - [TEST_STEP][PASSED] - click(findTestObject("09-Settings/Users/Co worker/td_Invitation from GG Automation")): Object: 'Object Repository/09-Settings/Users/Co worker/td_Invitation from GG Automation' is clicked on

2022-12-07 17:33:49 - [MESSAGE][PASSED] - Object: 'Object Repository/09-Settings/Users/Co worker/td_Invitation from GG Automation' is clicked on

2022-12-07 17:33:49 - [TEST_STEP][PASSED] - click(findTestObject("09-Settings/Users/Co worker/a_Click here to join GG Automation on EverLeagues")): Object: 'Object Repository/09-Settings/Users/Co worker/a_Click here to join GG Automation on EverLeagues' is clicked on

2022-12-07 17:33:50 - [MESSAGE][PASSED] - Object: 'Object Repository/09-Settings/Users/Co worker/a_Click here to join GG Automation on EverLeagues' is clicked on

2022-12-07 17:33:50 - [TEST_STEP][PASSED] - closeWindowTitle("Mailinator"): Window with title: 'Mailinator' is closed

2022-12-07 17:33:50 - [MESSAGE][PASSED] - Window with title: 'Mailinator' is closed

2022-12-07 17:33:50 - [TEST_STEP][PASSED] - switchToWindowIndex(0): Switched to window with index: '0'

2022-12-07 17:33:50 - [MESSAGE][PASSED] - Switched to window with index: '0'

2022-12-07 17:33:50 - [TEST_STEP][PASSED] - verifyElementVisible(findTestObject("09-Settings/Users/Co worker/Logout before proceed modal")): Object 'Object Repository/09-Settings/Users/Co worker/Logout before proceed modal' is visible

2022-12-07 17:33:56 - [MESSAGE][PASSED] - Object 'Object Repository/09-Settings/Users/Co worker/Logout before proceed modal' is visible

2022-12-07 17:33:56 - [TEST_STEP][PASSED] - click(findTestObject("09-Settings/Users/Co worker/button_Yes")): Object: 'Object Repository/09-Settings/Users/Co worker/button_Yes' is clicked on

2022-12-07 17:33:57 - [MESSAGE][PASSED] - Object: 'Object Repository/09-Settings/Users/Co worker/button_Yes' is clicked on

2022-12-07 17:33:57 - [TEST_STEP][PASSED] - delay(3): Delayed 3 second(s)

2022-12-07 17:34:00 - [MESSAGE][PASSED] - Delayed 3 second(s)

2022-12-07 17:34:00 - [TEST_STEP][PASSED] - setText(findTestObject("09-Settings/Users/Co worker/input_Email_email"), "autotester04@mailinator.com"): Text 'autotester04@mailinator.com' is set on object 'Object Repository/09-Settings/Users/Co worker/input_Email_email'

2022-12-07 17:35:00 - [MESSAGE][PASSED] - Text 'autotester04@mailinator.com' is set on object 'Object Repository/09-Settings/Users/Co worker/input_Email_email'

2022-12-07 17:35:00 - [TEST_STEP][PASSED] - setEncryptedText(findTestObject("09-Settings/Users/Co worker/input__password"), "8yFRyszE6U6jvsCn51OQbg=="): Text ****** has been set on object 'Object Repository/09-Settings/Users/Co worker/input__password'

2022-12-07 17:35:30 - [MESSAGE][PASSED] - Text ****** has been set on object 'Object Repository/09-Settings/Users/Co worker/input__password'

2022-12-07 17:35:30 - [TEST_STEP][PASSED] - click(findTestObject("02-Side Icons(Organization)/Add Contact/button_Sign in")): Object: 'Object Repository/02-Side Icons(Organization)/Add Contact/button_Sign in' is clicked on

2022-12-07 17:36:01 - [MESSAGE][PASSED] - Object: 'Object Repository/02-Side Icons(Organization)/Add Contact/button_Sign in' is clicked on

2022-12-07 17:36:01 - [TEST_STEP][PASSED] - delay(2): Delayed 2 second(s)

2022-12-07 17:36:03 - [MESSAGE][PASSED] - Delayed 2 second(s)

2022-12-07 17:36:03 - [TEST_STEP][PASSED] - click(findTestObject("06-Teams/For 2FA/button_Confirm_2FA")): Object: 'Object Repository/06-Teams/For 2FA/button_Confirm_2FA' is clicked on

2022-12-07 17:36:33 - [MESSAGE][PASSED] - Object: 'Object Repository/06-Teams/For 2FA/button_Confirm_2FA' is clicked on

2022-12-07 17:36:33 - [TEST_STEP][PASSED] - executeJavaScript("window.open();", []): Execute JavaScript 'window.open();' successfully

2022-12-07 17:36:33 - [MESSAGE][PASSED] - Execute JavaScript 'window.open();' successfully

2022-12-07 17:36:33 - [TEST_STEP][PASSED] - currentWindow = getWindowIndex(): Current window's index is: 0

2022-12-07 17:36:33 - [MESSAGE][PASSED] - Current window's index is: 0

2022-12-07 17:36:33 - [TEST_STEP][PASSED] - delay(3): Delayed 3 second(s)

2022-12-07 17:36:36 - [MESSAGE][PASSED] - Delayed 3 second(s)

2022-12-07 17:36:36 - [TEST_STEP][PASSED] - switchToWindowIndex(currentWindow + 1): Switched to window with index: '1'

2022-12-07 17:36:36 - [MESSAGE][PASSED] - Switched to window with index: '1'

2022-12-07 17:36:36 - [TEST_STEP][PASSED] - navigateToUrl("https://www.mailinator.com/"): Navigate to 'https://www.mailinator.com/' successfully

2022-12-07 17:36:37 - [MESSAGE][PASSED] - Navigate to 'https://www.mailinator.com/' successfully

2022-12-07 17:36:37 - [TEST_STEP][PASSED] - delay(3): Delayed 3 second(s)

2022-12-07 17:36:40 - [MESSAGE][PASSED] - Delayed 3 second(s)

2022-12-07 17:36:40 - [TEST_STEP][PASSED] - setText(findTestObject("00-Signup and Activation/zMailinator/input_LOGIN_search"), "autotester04@mailinator.com"): Text 'autotester04@mailinator.com' is set on object 'Object Repository/00-Signup and Activation/zMailinator/input_LOGIN_search'

2022-12-07 17:36:41 - [MESSAGE][PASSED] - Text 'autotester04@mailinator.com' is set on object 'Object Repository/00-Signup and Activation/zMailinator/input_LOGIN_search'

2022-12-07 17:36:41 - [TEST_STEP][PASSED] - click(findTestObject("00-Signup and Activation/zMailinator/gobutton"), STOP_ON_FAILURE): Object: 'Object Repository/00-Signup and Activation/zMailinator/gobutton' is clicked on

2022-12-07 17:36:42 - [MESSAGE][PASSED] - Object: 'Object Repository/00-Signup and Activation/zMailinator/gobutton' is clicked on

2022-12-07 17:36:42 - [TEST_STEP][PASSED] - delay(3): Delayed 3 second(s)

2022-12-07 17:36:45 - [MESSAGE][PASSED] - Delayed 3 second(s)

2022-12-07 17:36:45 - [TEST_STEP][PASSED] - click(findTestObject("00-Signup and Activation/zMailinator/Email - everleagues")): Object: 'Object Repository/00-Signup and Activation/zMailinator/Email - everleagues' is clicked on

2022-12-07 17:36:46 - [MESSAGE][PASSED] - Object: 'Object Repository/00-Signup and Activation/zMailinator/Email - everleagues' is clicked on

2022-12-07 17:36:46 - [TEST_STEP][PASSED] - delay(3): Delayed 3 second(s)

2022-12-07 17:36:49 - [MESSAGE][PASSED] - Delayed 3 second(s)

2022-12-07 17:36:49 - [TEST_STEP][PASSED] - codetwo = getText(findTestObject("Object Repository/06-Teams/For 2FA/2FA code")): Text of object 'Object Repository/06-Teams/For 2FA/2FA code' is: '283436'

2022-12-07 17:36:49 - [MESSAGE][PASSED] - Text of object 'Object Repository/06-Teams/For 2FA/2FA code' is: '283436'

2022-12-07 17:36:49 - [TEST_STEP][PASSED] - delay(3): Delayed 3 second(s)

2022-12-07 17:36:52 - [MESSAGE][PASSED] - Delayed 3 second(s)

2022-12-07 17:36:52 - [TEST_STEP][PASSED] - closeWindowTitle("Mailinator"): Window with title: 'Mailinator' is closed

2022-12-07 17:36:52 - [MESSAGE][PASSED] - Window with title: 'Mailinator' is closed

2022-12-07 17:36:52 - [TEST_STEP][PASSED] - delay(3): Delayed 3 second(s)

2022-12-07 17:36:55 - [MESSAGE][PASSED] - Delayed 3 second(s)

2022-12-07 17:36:55 - [TEST_STEP][PASSED] - switchToWindowIndex(0): Switched to window with index: '0'

2022-12-07 17:36:55 - [MESSAGE][PASSED] - Switched to window with index: '0'

2022-12-07 17:36:55 - [TEST_STEP][PASSED] - delay(3): Delayed 3 second(s)

2022-12-07 17:36:58 - [MESSAGE][PASSED] - Delayed 3 second(s)

2022-12-07 17:36:58 - [TEST_STEP][PASSED] - setText(findTestObject("Object Repository/06-Teams/For 2FA/input_Enter verification code_code"), codetwo): Text '283436' is set on object 'Object Repository/06-Teams/For 2FA/input_Enter verification code_code'

2022-12-07 17:37:59 - [MESSAGE][PASSED] - Text '283436' is set on object 'Object Repository/06-Teams/For 2FA/input_Enter verification code_code'

2022-12-07 17:37:59 - [TEST_STEP][PASSED] - delay(3): Delayed 3 second(s)

2022-12-07 17:38:02 - [MESSAGE][PASSED] - Delayed 3 second(s)

2022-12-07 17:38:02 - [TEST_STEP][PASSED] - click(findTestObject("06-Teams/For 2FA/button_Verify_2FA")): Object: 'Object Repository/06-Teams/For 2FA/button_Verify_2FA' is clicked on

2022-12-07 17:38:32 - [MESSAGE][PASSED] - Object: 'Object Repository/06-Teams/For 2FA/button_Verify_2FA' is clicked on

2022-12-07 17:38:32 - [TEST_STEP][PASSED] - delay(5): Delayed 5 second(s)

2022-12-07 17:38:37 - [MESSAGE][PASSED] - Delayed 5 second(s)

2022-12-07 17:38:37 - [TEST_STEP][PASSED] - executeJavaScript("window.open();", []): Execute JavaScript 'window.open();' successfully

2022-12-07 17:38:37 - [MESSAGE][PASSED] - Execute JavaScript 'window.open();' successfully

2022-12-07 17:38:37 - [TEST_STEP][PASSED] - currentWindow = getWindowIndex(): Current window's index is: 0

2022-12-07 17:38:37 - [MESSAGE][PASSED] - Current window's index is: 0

2022-12-07 17:38:37 - [TEST_STEP][PASSED] - delay(3): Delayed 3 second(s)

2022-12-07 17:38:40 - [MESSAGE][PASSED] - Delayed 3 second(s)

2022-12-07 17:38:40 - [TEST_STEP][PASSED] - switchToWindowIndex(currentWindow + 1): Switched to window with index: '1'

2022-12-07 17:38:40 - [MESSAGE][PASSED] - Switched to window with index: '1'

2022-12-07 17:38:40 - [TEST_STEP][PASSED] - navigateToUrl("https://www.mailinator.com/"): Navigate to 'https://www.mailinator.com/' successfully

2022-12-07 17:38:41 - [MESSAGE][PASSED] - Navigate to 'https://www.mailinator.com/' successfully

2022-12-07 17:38:41 - [TEST_STEP][PASSED] - delay(3): Delayed 3 second(s)

2022-12-07 17:38:44 - [MESSAGE][PASSED] - Delayed 3 second(s)

2022-12-07 17:38:44 - [TEST_STEP][PASSED] - setText(findTestObject("00-Signup and Activation/zMailinator/input_LOGIN_search"), "autotester04@mailinator.com"): Text 'autotester04@mailinator.com' is set on object 'Object Repository/00-Signup and Activation/zMailinator/input_LOGIN_search'

2022-12-07 17:38:45 - [MESSAGE][PASSED] - Text 'autotester04@mailinator.com' is set on object 'Object Repository/00-Signup and Activation/zMailinator/input_LOGIN_search'

2022-12-07 17:38:45 - [TEST_STEP][PASSED] - click(findTestObject("00-Signup and Activation/zMailinator/gobutton"), STOP_ON_FAILURE): Object: 'Object Repository/00-Signup and Activation/zMailinator/gobutton' is clicked on

2022-12-07 17:38:46 - [MESSAGE][PASSED] - Object: 'Object Repository/00-Signup and Activation/zMailinator/gobutton' is clicked on

2022-12-07 17:38:46 - [TEST_STEP][PASSED] - delay(3): Delayed 3 second(s)

2022-12-07 17:38:49 - [MESSAGE][PASSED] - Delayed 3 second(s)

2022-12-07 17:38:49 - [TEST_STEP][PASSED] - closeWindowTitle("Everleagues"): Window with title: 'Everleagues' is closed

2022-12-07 17:38:49 - [MESSAGE][PASSED] - Window with title: 'Everleagues' is closed

2022-12-07 17:38:49 - [TEST_STEP][PASSED] - switchToWindowIndex(0): Switched to window with index: '0'

2022-12-07 17:38:49 - [MESSAGE][PASSED] - Switched to window with index: '0'

2022-12-07 17:38:49 - [TEST_STEP][PASSED] - click(findTestObject("09-Settings/Users/Co worker/td_Invitation from GG Automation")): Object: 'Object Repository/09-Settings/Users/Co worker/td_Invitation from GG Automation' is clicked on

2022-12-07 17:38:50 - [MESSAGE][PASSED] - Object: 'Object Repository/09-Settings/Users/Co worker/td_Invitation from GG Automation' is clicked on

2022-12-07 17:38:50 - [TEST_STEP][PASSED] - click(findTestObject("09-Settings/Users/Co worker/a_Click here to join GG Automation on EverLeagues")): Object: 'Object Repository/09-Settings/Users/Co worker/a_Click here to join GG Automation on EverLeagues' is clicked on

2022-12-07 17:38:50 - [MESSAGE][PASSED] - Object: 'Object Repository/09-Settings/Users/Co worker/a_Click here to join GG Automation on EverLeagues' is clicked on

2022-12-07 17:38:50 - [TEST_STEP][PASSED] - delay(3): Delayed 3 second(s)

2022-12-07 17:38:53 - [MESSAGE][PASSED] - Delayed 3 second(s)

2022-12-07 17:38:53 - [TEST_STEP][PASSED] - closeWindowTitle("Mailinator"): Window with title: 'Mailinator' is closed

2022-12-07 17:38:54 - [MESSAGE][PASSED] - Window with title: 'Mailinator' is closed

2022-12-07 17:38:54 - [TEST_STEP][PASSED] - switchToWindowIndex(0): Switched to window with index: '0'

2022-12-07 17:38:54 - [MESSAGE][PASSED] - Switched to window with index: '0'

2022-12-07 17:38:54 - [TEST_STEP][PASSED] - verifyElementVisible(findTestObject("09-Settings/Users/Co worker/Invite modal")): Object 'Object Repository/09-Settings/Users/Co worker/Invite modal' is visible

2022-12-07 17:38:56 - [MESSAGE][PASSED] - Object 'Object Repository/09-Settings/Users/Co worker/Invite modal' is visible

2022-12-07 17:38:56 - [TEST_STEP][PASSED] - click(findTestObject("09-Settings/Users/Co worker/button_Accept")): Object: 'Object Repository/09-Settings/Users/Co worker/button_Accept' is clicked on

2022-12-07 17:38:56 - [MESSAGE][PASSED] - Object: 'Object Repository/09-Settings/Users/Co worker/button_Accept' is clicked on

2022-12-07 17:38:56 - [TEST_STEP][PASSED] - delay(5): Delayed 5 second(s)

2022-12-07 17:39:01 - [MESSAGE][PASSED] - Delayed 5 second(s)

2022-12-07 17:39:01 - [TEST_STEP][PASSED] - verifyElementVisible(findTestObject("09-Settings/Users/Co worker/div_Joined as CoWorker")): Object 'Object Repository/09-Settings/Users/Co worker/div_Joined as CoWorker' is visible

2022-12-07 17:39:04 - [MESSAGE][PASSED] - Object 'Object Repository/09-Settings/Users/Co worker/div_Joined as CoWorker' is visible

2022-12-07 17:39:04 - [TEST_STEP][PASSED] - closeBrowser(): Browser is closed

2022-12-07 17:39:05 - [MESSAGE][PASSED] - Browser is closed]]></system-out>
         <system-err><![CDATA[]]></system-err>
      </testcase>
      <testcase name="Test Cases/09-Settings/03 - Users (Invite new user as client)" time="184.445" classname="Test Cases/09-Settings/03 - Users (Invite new user as client)" status="PASSED">
         <system-out><![CDATA[2022-12-07 17:39:05 - [TEST_CASE][PASSED] - Test Cases/09-Settings/03 - Users (Invite new user as client): Test Cases/09-Settings/03 - Users (Invite new user as client)

2022-12-07 17:39:05 - [TEST_STEP][PASSED] - openBrowser(""): Browser is opened with url: ''

2022-12-07 17:39:05 - [MESSAGE][INFO] - Starting 'Chrome' driver

2022-12-07 17:39:05 - [MESSAGE][INFO] - Action delay is set to 0 milliseconds

2022-12-07 17:39:06 - [MESSAGE][PASSED] - Browser is opened with url: ''

2022-12-07 17:39:06 - [TEST_STEP][PASSED] - navigateToUrl("https://lab.everleagues.com/"): Navigate to 'https://lab.everleagues.com/' successfully

2022-12-07 17:39:18 - [MESSAGE][PASSED] - Navigate to 'https://lab.everleagues.com/' successfully

2022-12-07 17:39:18 - [TEST_STEP][PASSED] - maximizeWindow(): Current window maximized

2022-12-07 17:39:18 - [MESSAGE][PASSED] - Current window maximized

2022-12-07 17:39:18 - [TEST_STEP][PASSED] - setText(findTestObject("02-Side Icons(Organization)/Add Contact/Email Field"), "testuser02@mailinator.com"): Text 'testuser02@mailinator.com' is set on object 'Object Repository/02-Side Icons(Organization)/Add Contact/Email Field'

2022-12-07 17:39:19 - [MESSAGE][PASSED] - Text 'testuser02@mailinator.com' is set on object 'Object Repository/02-Side Icons(Organization)/Add Contact/Email Field'

2022-12-07 17:39:19 - [TEST_STEP][PASSED] - setEncryptedText(findTestObject("02-Side Icons(Organization)/Add Contact/Password Field"), "8yFRyszE6U6jvsCn51OQbg=="): Text ****** has been set on object 'Object Repository/02-Side Icons(Organization)/Add Contact/Password Field'

2022-12-07 17:39:19 - [MESSAGE][PASSED] - Text ****** has been set on object 'Object Repository/02-Side Icons(Organization)/Add Contact/Password Field'

2022-12-07 17:39:19 - [TEST_STEP][PASSED] - click(findTestObject("02-Side Icons(Organization)/Add Contact/button_Sign in")): Object: 'Object Repository/02-Side Icons(Organization)/Add Contact/button_Sign in' is clicked on

2022-12-07 17:39:20 - [MESSAGE][PASSED] - Object: 'Object Repository/02-Side Icons(Organization)/Add Contact/button_Sign in' is clicked on

2022-12-07 17:39:20 - [TEST_STEP][PASSED] - delay(2): Delayed 2 second(s)

2022-12-07 17:39:22 - [MESSAGE][PASSED] - Delayed 2 second(s)

2022-12-07 17:39:22 - [TEST_STEP][PASSED] - click(findTestObject("06-Teams/For 2FA/button_Confirm_2FA")): Object: 'Object Repository/06-Teams/For 2FA/button_Confirm_2FA' is clicked on

2022-12-07 17:39:22 - [MESSAGE][PASSED] - Object: 'Object Repository/06-Teams/For 2FA/button_Confirm_2FA' is clicked on

2022-12-07 17:39:22 - [TEST_STEP][PASSED] - executeJavaScript("window.open();", []): Execute JavaScript 'window.open();' successfully

2022-12-07 17:39:22 - [MESSAGE][PASSED] - Execute JavaScript 'window.open();' successfully

2022-12-07 17:39:22 - [TEST_STEP][PASSED] - currentWindow = getWindowIndex(): Current window's index is: 0

2022-12-07 17:39:22 - [MESSAGE][PASSED] - Current window's index is: 0

2022-12-07 17:39:22 - [TEST_STEP][PASSED] - delay(3): Delayed 3 second(s)

2022-12-07 17:39:25 - [MESSAGE][PASSED] - Delayed 3 second(s)

2022-12-07 17:39:25 - [TEST_STEP][PASSED] - switchToWindowIndex(currentWindow + 1): Switched to window with index: '1'

2022-12-07 17:39:25 - [MESSAGE][PASSED] - Switched to window with index: '1'

2022-12-07 17:39:25 - [TEST_STEP][PASSED] - navigateToUrl("https://www.mailinator.com/"): Navigate to 'https://www.mailinator.com/' successfully

2022-12-07 17:39:27 - [MESSAGE][PASSED] - Navigate to 'https://www.mailinator.com/' successfully

2022-12-07 17:39:27 - [TEST_STEP][PASSED] - delay(3): Delayed 3 second(s)

2022-12-07 17:39:30 - [MESSAGE][PASSED] - Delayed 3 second(s)

2022-12-07 17:39:30 - [TEST_STEP][PASSED] - setText(findTestObject("00-Signup and Activation/zMailinator/input_LOGIN_search"), "testuser02@mailinator.com"): Text 'testuser02@mailinator.com' is set on object 'Object Repository/00-Signup and Activation/zMailinator/input_LOGIN_search'

2022-12-07 17:39:31 - [MESSAGE][PASSED] - Text 'testuser02@mailinator.com' is set on object 'Object Repository/00-Signup and Activation/zMailinator/input_LOGIN_search'

2022-12-07 17:39:31 - [TEST_STEP][PASSED] - click(findTestObject("00-Signup and Activation/zMailinator/gobutton"), STOP_ON_FAILURE): Object: 'Object Repository/00-Signup and Activation/zMailinator/gobutton' is clicked on

2022-12-07 17:39:34 - [MESSAGE][PASSED] - Object: 'Object Repository/00-Signup and Activation/zMailinator/gobutton' is clicked on

2022-12-07 17:39:34 - [TEST_STEP][PASSED] - delay(3): Delayed 3 second(s)

2022-12-07 17:39:37 - [MESSAGE][PASSED] - Delayed 3 second(s)

2022-12-07 17:39:37 - [TEST_STEP][PASSED] - click(findTestObject("00-Signup and Activation/zMailinator/Email - everleagues")): Object: 'Object Repository/00-Signup and Activation/zMailinator/Email - everleagues' is clicked on

2022-12-07 17:39:37 - [MESSAGE][PASSED] - Object: 'Object Repository/00-Signup and Activation/zMailinator/Email - everleagues' is clicked on

2022-12-07 17:39:37 - [TEST_STEP][PASSED] - delay(3): Delayed 3 second(s)

2022-12-07 17:39:40 - [MESSAGE][PASSED] - Delayed 3 second(s)

2022-12-07 17:39:40 - [TEST_STEP][PASSED] - code = getText(findTestObject("Object Repository/06-Teams/For 2FA/2FA code")): Text of object 'Object Repository/06-Teams/For 2FA/2FA code' is: '245603'

2022-12-07 17:39:40 - [MESSAGE][PASSED] - Text of object 'Object Repository/06-Teams/For 2FA/2FA code' is: '245603'

2022-12-07 17:39:40 - [TEST_STEP][PASSED] - delay(3): Delayed 3 second(s)

2022-12-07 17:39:43 - [MESSAGE][PASSED] - Delayed 3 second(s)

2022-12-07 17:39:43 - [TEST_STEP][PASSED] - closeWindowTitle("Mailinator"): Window with title: 'Mailinator' is closed

2022-12-07 17:39:44 - [MESSAGE][PASSED] - Window with title: 'Mailinator' is closed

2022-12-07 17:39:44 - [TEST_STEP][PASSED] - delay(3): Delayed 3 second(s)

2022-12-07 17:39:47 - [MESSAGE][PASSED] - Delayed 3 second(s)

2022-12-07 17:39:47 - [TEST_STEP][PASSED] - switchToWindowIndex(0): Switched to window with index: '0'

2022-12-07 17:39:47 - [MESSAGE][PASSED] - Switched to window with index: '0'

2022-12-07 17:39:47 - [TEST_STEP][PASSED] - delay(3): Delayed 3 second(s)

2022-12-07 17:39:50 - [MESSAGE][PASSED] - Delayed 3 second(s)

2022-12-07 17:39:50 - [TEST_STEP][PASSED] - setText(findTestObject("Object Repository/06-Teams/For 2FA/input_Enter verification code_code"), code): Text '245603' is set on object 'Object Repository/06-Teams/For 2FA/input_Enter verification code_code'

2022-12-07 17:39:50 - [MESSAGE][PASSED] - Text '245603' is set on object 'Object Repository/06-Teams/For 2FA/input_Enter verification code_code'

2022-12-07 17:39:50 - [TEST_STEP][PASSED] - delay(3): Delayed 3 second(s)

2022-12-07 17:39:53 - [MESSAGE][PASSED] - Delayed 3 second(s)

2022-12-07 17:39:53 - [TEST_STEP][PASSED] - click(findTestObject("06-Teams/For 2FA/button_Verify_2FA")): Object: 'Object Repository/06-Teams/For 2FA/button_Verify_2FA' is clicked on

2022-12-07 17:39:54 - [MESSAGE][PASSED] - Object: 'Object Repository/06-Teams/For 2FA/button_Verify_2FA' is clicked on

2022-12-07 17:39:54 - [TEST_STEP][PASSED] - delay(5): Delayed 5 second(s)

2022-12-07 17:39:59 - [MESSAGE][PASSED] - Delayed 5 second(s)

2022-12-07 17:39:59 - [TEST_STEP][PASSED] - click(findTestObject("06-Teams/button_doublearrow")): Object: 'Object Repository/06-Teams/button_doublearrow' is clicked on

2022-12-07 17:40:00 - [MESSAGE][PASSED] - Object: 'Object Repository/06-Teams/button_doublearrow' is clicked on

2022-12-07 17:40:00 - [TEST_STEP][PASSED] - click(findTestObject("06-Teams/button_My Organizations")): Object: 'Object Repository/06-Teams/button_My Organizations' is clicked on

2022-12-07 17:40:01 - [MESSAGE][PASSED] - Object: 'Object Repository/06-Teams/button_My Organizations' is clicked on

2022-12-07 17:40:01 - [TEST_STEP][PASSED] - click(findTestObject("06-Teams/button_GG Automation")): Object: 'Object Repository/06-Teams/button_GG Automation' is clicked on

2022-12-07 17:40:02 - [MESSAGE][PASSED] - Object: 'Object Repository/06-Teams/button_GG Automation' is clicked on

2022-12-07 17:40:02 - [TEST_STEP][PASSED] - delay(4): Delayed 4 second(s)

2022-12-07 17:40:06 - [MESSAGE][PASSED] - Delayed 4 second(s)

2022-12-07 17:40:06 - [TEST_STEP][PASSED] - verifyElementVisible(findTestObject("06-Teams/span_GG Automation")): Object 'Object Repository/06-Teams/span_GG Automation' is visible

2022-12-07 17:40:06 - [MESSAGE][PASSED] - Object 'Object Repository/06-Teams/span_GG Automation' is visible

2022-12-07 17:40:06 - [TEST_STEP][PASSED] - delay(5): Delayed 5 second(s)

2022-12-07 17:40:11 - [MESSAGE][PASSED] - Delayed 5 second(s)

2022-12-07 17:40:11 - [TEST_STEP][PASSED] - click(findTestObject("03-Header Menu/Hamburger Button/div_Settings")): Object: 'Object Repository/03-Header Menu/Hamburger Button/div_Settings' is clicked on

2022-12-07 17:40:11 - [MESSAGE][PASSED] - Object: 'Object Repository/03-Header Menu/Hamburger Button/div_Settings' is clicked on

2022-12-07 17:40:11 - [TEST_STEP][PASSED] - delay(3): Delayed 3 second(s)

2022-12-07 17:40:14 - [MESSAGE][PASSED] - Delayed 3 second(s)

2022-12-07 17:40:14 - [TEST_STEP][PASSED] - click(findTestObject("09-Settings/Users/div_Users")): Object: 'Object Repository/09-Settings/Users/div_Users' is clicked on

2022-12-07 17:40:15 - [MESSAGE][PASSED] - Object: 'Object Repository/09-Settings/Users/div_Users' is clicked on

2022-12-07 17:40:15 - [TEST_STEP][PASSED] - delay(3): Delayed 3 second(s)

2022-12-07 17:40:18 - [MESSAGE][PASSED] - Delayed 3 second(s)

2022-12-07 17:40:18 - [TEST_STEP][PASSED] - click(findTestObject("09-Settings/Users/button_add")): Object: 'Object Repository/09-Settings/Users/button_add' is clicked on

2022-12-07 17:40:18 - [MESSAGE][PASSED] - Object: 'Object Repository/09-Settings/Users/button_add' is clicked on

2022-12-07 17:40:18 - [TEST_STEP][PASSED] - delay(3): Delayed 3 second(s)

2022-12-07 17:40:21 - [MESSAGE][PASSED] - Delayed 3 second(s)

2022-12-07 17:40:21 - [TEST_STEP][PASSED] - click(findTestObject("09-Settings/Users/add Invite a single user")): Object: 'Object Repository/09-Settings/Users/add Invite a single user' is clicked on

2022-12-07 17:40:22 - [MESSAGE][PASSED] - Object: 'Object Repository/09-Settings/Users/add Invite a single user' is clicked on

2022-12-07 17:40:22 - [TEST_STEP][PASSED] - delay(3): Delayed 3 second(s)

2022-12-07 17:40:25 - [MESSAGE][PASSED] - Delayed 3 second(s)

2022-12-07 17:40:25 - [TEST_STEP][PASSED] - setText(findTestObject("09-Settings/Users/input_email"), "autotester09@mailinator.com"): Text 'autotester09@mailinator.com' is set on object 'Object Repository/09-Settings/Users/input_email'

2022-12-07 17:40:26 - [MESSAGE][PASSED] - Text 'autotester09@mailinator.com' is set on object 'Object Repository/09-Settings/Users/input_email'

2022-12-07 17:40:26 - [TEST_STEP][PASSED] - setText(findTestObject("09-Settings/Users/input_firstName"), "GG"): Text 'GG' is set on object 'Object Repository/09-Settings/Users/input_firstName'

2022-12-07 17:40:27 - [MESSAGE][PASSED] - Text 'GG' is set on object 'Object Repository/09-Settings/Users/input_firstName'

2022-12-07 17:40:27 - [TEST_STEP][PASSED] - setText(findTestObject("09-Settings/Users/input_lastName"), "Client"): Text 'Client' is set on object 'Object Repository/09-Settings/Users/input_lastName'

2022-12-07 17:40:27 - [MESSAGE][PASSED] - Text 'Client' is set on object 'Object Repository/09-Settings/Users/input_lastName'

2022-12-07 17:40:27 - [TEST_STEP][PASSED] - click(findTestObject("09-Settings/Users/span_Role")): Object: 'Object Repository/09-Settings/Users/span_Role' is clicked on

2022-12-07 17:40:28 - [MESSAGE][PASSED] - Object: 'Object Repository/09-Settings/Users/span_Role' is clicked on

2022-12-07 17:40:28 - [TEST_STEP][PASSED] - click(findTestObject("09-Settings/Users/span_Client")): Object: 'Object Repository/09-Settings/Users/span_Client' is clicked on

2022-12-07 17:40:28 - [MESSAGE][PASSED] - Object: 'Object Repository/09-Settings/Users/span_Client' is clicked on

2022-12-07 17:40:28 - [TEST_STEP][PASSED] - click(findTestObject("09-Settings/Users/button_Send Invitation")): Object: 'Object Repository/09-Settings/Users/button_Send Invitation' is clicked on

2022-12-07 17:40:30 - [MESSAGE][PASSED] - Object: 'Object Repository/09-Settings/Users/button_Send Invitation' is clicked on

2022-12-07 17:40:30 - [TEST_STEP][PASSED] - delay(2): Delayed 2 second(s)

2022-12-07 17:40:32 - [MESSAGE][PASSED] - Delayed 2 second(s)

2022-12-07 17:40:32 - [TEST_STEP][PASSED] - verifyElementVisible(findTestObject("07-Directory/Connections/zContact Profile/Successfully invited user")): Object 'Object Repository/07-Directory/Connections/zContact Profile/Successfully invited user' is visible

2022-12-07 17:40:32 - [MESSAGE][PASSED] - Object 'Object Repository/07-Directory/Connections/zContact Profile/Successfully invited user' is visible

2022-12-07 17:40:32 - [TEST_STEP][PASSED] - delay(2): Delayed 2 second(s)

2022-12-07 17:40:34 - [MESSAGE][PASSED] - Delayed 2 second(s)

2022-12-07 17:40:34 - [TEST_STEP][PASSED] - click(findTestObject("01-Login and Forgot Password/User menu drop")): Object: 'Object Repository/01-Login and Forgot Password/User menu drop' is clicked on

2022-12-07 17:40:35 - [MESSAGE][PASSED] - Object: 'Object Repository/01-Login and Forgot Password/User menu drop' is clicked on

2022-12-07 17:40:35 - [TEST_STEP][PASSED] - delay(2): Delayed 2 second(s)

2022-12-07 17:40:37 - [MESSAGE][PASSED] - Delayed 2 second(s)

2022-12-07 17:40:37 - [TEST_STEP][PASSED] - click(findTestObject("01-Login and Forgot Password/h4_Sign Out"), STOP_ON_FAILURE): Object: 'Object Repository/01-Login and Forgot Password/h4_Sign Out' is clicked on

2022-12-07 17:40:37 - [MESSAGE][PASSED] - Object: 'Object Repository/01-Login and Forgot Password/h4_Sign Out' is clicked on

2022-12-07 17:40:37 - [TEST_STEP][PASSED] - delay(2): Delayed 2 second(s)

2022-12-07 17:40:39 - [MESSAGE][PASSED] - Delayed 2 second(s)

2022-12-07 17:40:39 - [TEST_STEP][PASSED] - verifyElementPresent(findTestObject("01-Login and Forgot Password/Login_Card"), 0): Object 'Object Repository/01-Login and Forgot Password/Login_Card' is present

2022-12-07 17:40:40 - [MESSAGE][WARNING] - Timeout '0' is invalid. Using default page load timeout: '30'

2022-12-07 17:40:40 - [MESSAGE][PASSED] - Object 'Object Repository/01-Login and Forgot Password/Login_Card' is present

2022-12-07 17:40:40 - [TEST_STEP][PASSED] - delay(3): Delayed 3 second(s)

2022-12-07 17:40:43 - [MESSAGE][PASSED] - Delayed 3 second(s)

2022-12-07 17:40:43 - [TEST_STEP][PASSED] - closeBrowser(): Browser is closed

2022-12-07 17:40:43 - [MESSAGE][PASSED] - Browser is closed

2022-12-07 17:40:43 - [TEST_STEP][PASSED] - openBrowser(""): Browser is opened with url: ''

2022-12-07 17:40:43 - [MESSAGE][INFO] - Starting 'Chrome' driver

2022-12-07 17:40:43 - [MESSAGE][INFO] - Action delay is set to 0 milliseconds

2022-12-07 17:40:45 - [MESSAGE][PASSED] - Browser is opened with url: ''

2022-12-07 17:40:45 - [TEST_STEP][PASSED] - navigateToUrl("https://lab.everleagues.com/"): Navigate to 'https://lab.everleagues.com/' successfully

2022-12-07 17:40:57 - [MESSAGE][PASSED] - Navigate to 'https://lab.everleagues.com/' successfully

2022-12-07 17:40:57 - [TEST_STEP][PASSED] - maximizeWindow(): Current window maximized

2022-12-07 17:40:57 - [MESSAGE][PASSED] - Current window maximized

2022-12-07 17:40:57 - [TEST_STEP][PASSED] - setText(findTestObject("02-Side Icons(Organization)/Add Contact/Email Field"), "autotester09@mailinator.com"): Text 'autotester09@mailinator.com' is set on object 'Object Repository/02-Side Icons(Organization)/Add Contact/Email Field'

2022-12-07 17:40:58 - [MESSAGE][PASSED] - Text 'autotester09@mailinator.com' is set on object 'Object Repository/02-Side Icons(Organization)/Add Contact/Email Field'

2022-12-07 17:40:58 - [TEST_STEP][PASSED] - setEncryptedText(findTestObject("02-Side Icons(Organization)/Add Contact/Password Field"), "8yFRyszE6U6jvsCn51OQbg=="): Text ****** has been set on object 'Object Repository/02-Side Icons(Organization)/Add Contact/Password Field'

2022-12-07 17:40:58 - [MESSAGE][PASSED] - Text ****** has been set on object 'Object Repository/02-Side Icons(Organization)/Add Contact/Password Field'

2022-12-07 17:40:58 - [TEST_STEP][PASSED] - click(findTestObject("02-Side Icons(Organization)/Add Contact/button_Sign in")): Object: 'Object Repository/02-Side Icons(Organization)/Add Contact/button_Sign in' is clicked on

2022-12-07 17:40:59 - [MESSAGE][PASSED] - Object: 'Object Repository/02-Side Icons(Organization)/Add Contact/button_Sign in' is clicked on

2022-12-07 17:40:59 - [TEST_STEP][PASSED] - delay(2): Delayed 2 second(s)

2022-12-07 17:41:01 - [MESSAGE][PASSED] - Delayed 2 second(s)

2022-12-07 17:41:01 - [TEST_STEP][PASSED] - click(findTestObject("06-Teams/For 2FA/button_Confirm_2FA")): Object: 'Object Repository/06-Teams/For 2FA/button_Confirm_2FA' is clicked on

2022-12-07 17:41:01 - [MESSAGE][PASSED] - Object: 'Object Repository/06-Teams/For 2FA/button_Confirm_2FA' is clicked on

2022-12-07 17:41:01 - [TEST_STEP][PASSED] - executeJavaScript("window.open();", []): Execute JavaScript 'window.open();' successfully

2022-12-07 17:41:02 - [MESSAGE][PASSED] - Execute JavaScript 'window.open();' successfully

2022-12-07 17:41:02 - [TEST_STEP][PASSED] - currentWindow = getWindowIndex(): Current window's index is: 0

2022-12-07 17:41:02 - [MESSAGE][PASSED] - Current window's index is: 0

2022-12-07 17:41:02 - [TEST_STEP][PASSED] - delay(3): Delayed 3 second(s)

2022-12-07 17:41:05 - [MESSAGE][PASSED] - Delayed 3 second(s)

2022-12-07 17:41:05 - [TEST_STEP][PASSED] - switchToWindowIndex(currentWindow + 1): Switched to window with index: '1'

2022-12-07 17:41:05 - [MESSAGE][PASSED] - Switched to window with index: '1'

2022-12-07 17:41:05 - [TEST_STEP][PASSED] - navigateToUrl("https://www.mailinator.com/"): Navigate to 'https://www.mailinator.com/' successfully

2022-12-07 17:41:07 - [MESSAGE][PASSED] - Navigate to 'https://www.mailinator.com/' successfully

2022-12-07 17:41:07 - [TEST_STEP][PASSED] - delay(3): Delayed 3 second(s)

2022-12-07 17:41:10 - [MESSAGE][PASSED] - Delayed 3 second(s)

2022-12-07 17:41:10 - [TEST_STEP][PASSED] - setText(findTestObject("00-Signup and Activation/zMailinator/input_LOGIN_search"), "autotester09@mailinator.com"): Text 'autotester09@mailinator.com' is set on object 'Object Repository/00-Signup and Activation/zMailinator/input_LOGIN_search'

2022-12-07 17:41:11 - [MESSAGE][PASSED] - Text 'autotester09@mailinator.com' is set on object 'Object Repository/00-Signup and Activation/zMailinator/input_LOGIN_search'

2022-12-07 17:41:11 - [TEST_STEP][PASSED] - click(findTestObject("00-Signup and Activation/zMailinator/gobutton"), STOP_ON_FAILURE): Object: 'Object Repository/00-Signup and Activation/zMailinator/gobutton' is clicked on

2022-12-07 17:41:12 - [MESSAGE][PASSED] - Object: 'Object Repository/00-Signup and Activation/zMailinator/gobutton' is clicked on

2022-12-07 17:41:12 - [TEST_STEP][PASSED] - delay(3): Delayed 3 second(s)

2022-12-07 17:41:15 - [MESSAGE][PASSED] - Delayed 3 second(s)

2022-12-07 17:41:15 - [TEST_STEP][PASSED] - click(findTestObject("00-Signup and Activation/zMailinator/Email - everleagues")): Object: 'Object Repository/00-Signup and Activation/zMailinator/Email - everleagues' is clicked on

2022-12-07 17:41:15 - [MESSAGE][PASSED] - Object: 'Object Repository/00-Signup and Activation/zMailinator/Email - everleagues' is clicked on

2022-12-07 17:41:15 - [TEST_STEP][PASSED] - delay(3): Delayed 3 second(s)

2022-12-07 17:41:18 - [MESSAGE][PASSED] - Delayed 3 second(s)

2022-12-07 17:41:18 - [TEST_STEP][PASSED] - codetwo = getText(findTestObject("Object Repository/06-Teams/For 2FA/2FA code")): Text of object 'Object Repository/06-Teams/For 2FA/2FA code' is: '077950'

2022-12-07 17:41:19 - [MESSAGE][PASSED] - Text of object 'Object Repository/06-Teams/For 2FA/2FA code' is: '077950'

2022-12-07 17:41:19 - [TEST_STEP][PASSED] - delay(3): Delayed 3 second(s)

2022-12-07 17:41:22 - [MESSAGE][PASSED] - Delayed 3 second(s)

2022-12-07 17:41:22 - [TEST_STEP][PASSED] - closeWindowTitle("Mailinator"): Window with title: 'Mailinator' is closed

2022-12-07 17:41:22 - [MESSAGE][PASSED] - Window with title: 'Mailinator' is closed

2022-12-07 17:41:22 - [TEST_STEP][PASSED] - delay(3): Delayed 3 second(s)

2022-12-07 17:41:25 - [MESSAGE][PASSED] - Delayed 3 second(s)

2022-12-07 17:41:25 - [TEST_STEP][PASSED] - switchToWindowIndex(0): Switched to window with index: '0'

2022-12-07 17:41:25 - [MESSAGE][PASSED] - Switched to window with index: '0'

2022-12-07 17:41:25 - [TEST_STEP][PASSED] - delay(3): Delayed 3 second(s)

2022-12-07 17:41:28 - [MESSAGE][PASSED] - Delayed 3 second(s)

2022-12-07 17:41:28 - [TEST_STEP][PASSED] - setText(findTestObject("Object Repository/06-Teams/For 2FA/input_Enter verification code_code"), codetwo): Text '077950' is set on object 'Object Repository/06-Teams/For 2FA/input_Enter verification code_code'

2022-12-07 17:41:29 - [MESSAGE][PASSED] - Text '077950' is set on object 'Object Repository/06-Teams/For 2FA/input_Enter verification code_code'

2022-12-07 17:41:29 - [TEST_STEP][PASSED] - delay(3): Delayed 3 second(s)

2022-12-07 17:41:32 - [MESSAGE][PASSED] - Delayed 3 second(s)

2022-12-07 17:41:32 - [TEST_STEP][PASSED] - click(findTestObject("06-Teams/For 2FA/button_Verify_2FA")): Object: 'Object Repository/06-Teams/For 2FA/button_Verify_2FA' is clicked on

2022-12-07 17:41:33 - [MESSAGE][PASSED] - Object: 'Object Repository/06-Teams/For 2FA/button_Verify_2FA' is clicked on

2022-12-07 17:41:33 - [TEST_STEP][PASSED] - delay(5): Delayed 5 second(s)

2022-12-07 17:41:38 - [MESSAGE][PASSED] - Delayed 5 second(s)

2022-12-07 17:41:38 - [TEST_STEP][PASSED] - executeJavaScript("window.open();", []): Execute JavaScript 'window.open();' successfully

2022-12-07 17:41:38 - [MESSAGE][PASSED] - Execute JavaScript 'window.open();' successfully

2022-12-07 17:41:38 - [TEST_STEP][PASSED] - currentWindow = getWindowIndex(): Current window's index is: 0

2022-12-07 17:41:38 - [MESSAGE][PASSED] - Current window's index is: 0

2022-12-07 17:41:38 - [TEST_STEP][PASSED] - delay(3): Delayed 3 second(s)

2022-12-07 17:41:41 - [MESSAGE][PASSED] - Delayed 3 second(s)

2022-12-07 17:41:41 - [TEST_STEP][PASSED] - switchToWindowIndex(currentWindow + 1): Switched to window with index: '1'

2022-12-07 17:41:41 - [MESSAGE][PASSED] - Switched to window with index: '1'

2022-12-07 17:41:41 - [TEST_STEP][PASSED] - navigateToUrl("https://www.mailinator.com/"): Navigate to 'https://www.mailinator.com/' successfully

2022-12-07 17:41:42 - [MESSAGE][PASSED] - Navigate to 'https://www.mailinator.com/' successfully

2022-12-07 17:41:42 - [TEST_STEP][PASSED] - delay(3): Delayed 3 second(s)

2022-12-07 17:41:45 - [MESSAGE][PASSED] - Delayed 3 second(s)

2022-12-07 17:41:45 - [TEST_STEP][PASSED] - setText(findTestObject("00-Signup and Activation/zMailinator/input_LOGIN_search"), "autotester09@mailinator.com"): Text 'autotester09@mailinator.com' is set on object 'Object Repository/00-Signup and Activation/zMailinator/input_LOGIN_search'

2022-12-07 17:41:46 - [MESSAGE][PASSED] - Text 'autotester09@mailinator.com' is set on object 'Object Repository/00-Signup and Activation/zMailinator/input_LOGIN_search'

2022-12-07 17:41:46 - [TEST_STEP][PASSED] - click(findTestObject("00-Signup and Activation/zMailinator/gobutton"), STOP_ON_FAILURE): Object: 'Object Repository/00-Signup and Activation/zMailinator/gobutton' is clicked on

2022-12-07 17:41:47 - [MESSAGE][PASSED] - Object: 'Object Repository/00-Signup and Activation/zMailinator/gobutton' is clicked on

2022-12-07 17:41:47 - [TEST_STEP][PASSED] - delay(3): Delayed 3 second(s)

2022-12-07 17:41:50 - [MESSAGE][PASSED] - Delayed 3 second(s)

2022-12-07 17:41:50 - [TEST_STEP][PASSED] - closeWindowTitle("Everleagues"): Window with title: 'Everleagues' is closed

2022-12-07 17:41:50 - [MESSAGE][PASSED] - Window with title: 'Everleagues' is closed

2022-12-07 17:41:50 - [TEST_STEP][PASSED] - switchToWindowIndex(0): Switched to window with index: '0'

2022-12-07 17:41:50 - [MESSAGE][PASSED] - Switched to window with index: '0'

2022-12-07 17:41:50 - [TEST_STEP][PASSED] - click(findTestObject("09-Settings/Users/Co worker/td_Invitation from GG Automation")): Object: 'Object Repository/09-Settings/Users/Co worker/td_Invitation from GG Automation' is clicked on

2022-12-07 17:41:51 - [MESSAGE][PASSED] - Object: 'Object Repository/09-Settings/Users/Co worker/td_Invitation from GG Automation' is clicked on

2022-12-07 17:41:51 - [TEST_STEP][PASSED] - click(findTestObject("09-Settings/Users/Co worker/a_Click here to join GG Automation on EverLeagues")): Object: 'Object Repository/09-Settings/Users/Co worker/a_Click here to join GG Automation on EverLeagues' is clicked on

2022-12-07 17:41:52 - [MESSAGE][PASSED] - Object: 'Object Repository/09-Settings/Users/Co worker/a_Click here to join GG Automation on EverLeagues' is clicked on

2022-12-07 17:41:52 - [TEST_STEP][PASSED] - closeWindowTitle("Mailinator"): Window with title: 'Mailinator' is closed

2022-12-07 17:41:52 - [MESSAGE][PASSED] - Window with title: 'Mailinator' is closed

2022-12-07 17:41:52 - [TEST_STEP][PASSED] - switchToWindowIndex(0): Switched to window with index: '0'

2022-12-07 17:41:52 - [MESSAGE][PASSED] - Switched to window with index: '0'

2022-12-07 17:41:52 - [TEST_STEP][PASSED] - verifyElementVisible(findTestObject("09-Settings/Users/Client/Invite modal")): Object 'Object Repository/09-Settings/Users/Client/Invite modal' is visible

2022-12-07 17:41:58 - [MESSAGE][PASSED] - Object 'Object Repository/09-Settings/Users/Client/Invite modal' is visible

2022-12-07 17:41:58 - [TEST_STEP][PASSED] - setText(findTestObject("09-Settings/Users/Client/Company field"), "QA Company"): Text 'QA Company' is set on object 'Object Repository/09-Settings/Users/Client/Company field'

2022-12-07 17:41:59 - [MESSAGE][PASSED] - Text 'QA Company' is set on object 'Object Repository/09-Settings/Users/Client/Company field'

2022-12-07 17:41:59 - [TEST_STEP][PASSED] - click(findTestObject("09-Settings/Users/Client/button_Accept")): Object: 'Object Repository/09-Settings/Users/Client/button_Accept' is clicked on

2022-12-07 17:41:59 - [MESSAGE][PASSED] - Object: 'Object Repository/09-Settings/Users/Client/button_Accept' is clicked on

2022-12-07 17:41:59 - [TEST_STEP][PASSED] - delay(5): Delayed 5 second(s)

2022-12-07 17:42:04 - [MESSAGE][PASSED] - Delayed 5 second(s)

2022-12-07 17:42:04 - [TEST_STEP][PASSED] - verifyElementVisible(findTestObject("09-Settings/Users/Client/div_Joined as CLIENT")): Object 'Object Repository/09-Settings/Users/Client/div_Joined as CLIENT' is visible

2022-12-07 17:42:06 - [MESSAGE][PASSED] - Object 'Object Repository/09-Settings/Users/Client/div_Joined as CLIENT' is visible

2022-12-07 17:42:06 - [TEST_STEP][PASSED] - delay(3): Delayed 3 second(s)

2022-12-07 17:42:09 - [MESSAGE][PASSED] - Delayed 3 second(s)

2022-12-07 17:42:09 - [TEST_STEP][PASSED] - closeBrowser(): Browser is closed

2022-12-07 17:42:09 - [MESSAGE][PASSED] - Browser is closed]]></system-out>
         <system-err><![CDATA[]]></system-err>
      </testcase>
      <testcase name="Test Cases/09-Settings/04 - Users (Invite new user as partner)" time="182.549" classname="Test Cases/09-Settings/04 - Users (Invite new user as partner)" status="PASSED">
         <system-out><![CDATA[2022-12-07 17:42:09 - [TEST_CASE][PASSED] - Test Cases/09-Settings/04 - Users (Invite new user as partner): Test Cases/09-Settings/04 - Users (Invite new user as partner)

2022-12-07 17:42:10 - [TEST_STEP][PASSED] - openBrowser(""): Browser is opened with url: ''

2022-12-07 17:42:10 - [MESSAGE][INFO] - Starting 'Chrome' driver

2022-12-07 17:42:10 - [MESSAGE][INFO] - Action delay is set to 0 milliseconds

2022-12-07 17:42:11 - [MESSAGE][PASSED] - Browser is opened with url: ''

2022-12-07 17:42:11 - [TEST_STEP][PASSED] - navigateToUrl("https://lab.everleagues.com/"): Navigate to 'https://lab.everleagues.com/' successfully

2022-12-07 17:42:22 - [MESSAGE][PASSED] - Navigate to 'https://lab.everleagues.com/' successfully

2022-12-07 17:42:22 - [TEST_STEP][PASSED] - maximizeWindow(): Current window maximized

2022-12-07 17:42:22 - [MESSAGE][PASSED] - Current window maximized

2022-12-07 17:42:22 - [TEST_STEP][PASSED] - setText(findTestObject("02-Side Icons(Organization)/Add Contact/Email Field"), "testuser02@mailinator.com"): Text 'testuser02@mailinator.com' is set on object 'Object Repository/02-Side Icons(Organization)/Add Contact/Email Field'

2022-12-07 17:42:23 - [MESSAGE][PASSED] - Text 'testuser02@mailinator.com' is set on object 'Object Repository/02-Side Icons(Organization)/Add Contact/Email Field'

2022-12-07 17:42:23 - [TEST_STEP][PASSED] - setEncryptedText(findTestObject("02-Side Icons(Organization)/Add Contact/Password Field"), "8yFRyszE6U6jvsCn51OQbg=="): Text ****** has been set on object 'Object Repository/02-Side Icons(Organization)/Add Contact/Password Field'

2022-12-07 17:42:23 - [MESSAGE][PASSED] - Text ****** has been set on object 'Object Repository/02-Side Icons(Organization)/Add Contact/Password Field'

2022-12-07 17:42:23 - [TEST_STEP][PASSED] - click(findTestObject("02-Side Icons(Organization)/Add Contact/button_Sign in")): Object: 'Object Repository/02-Side Icons(Organization)/Add Contact/button_Sign in' is clicked on

2022-12-07 17:42:24 - [MESSAGE][PASSED] - Object: 'Object Repository/02-Side Icons(Organization)/Add Contact/button_Sign in' is clicked on

2022-12-07 17:42:24 - [TEST_STEP][PASSED] - delay(2): Delayed 2 second(s)

2022-12-07 17:42:26 - [MESSAGE][PASSED] - Delayed 2 second(s)

2022-12-07 17:42:26 - [TEST_STEP][PASSED] - click(findTestObject("06-Teams/For 2FA/button_Confirm_2FA")): Object: 'Object Repository/06-Teams/For 2FA/button_Confirm_2FA' is clicked on

2022-12-07 17:42:26 - [MESSAGE][PASSED] - Object: 'Object Repository/06-Teams/For 2FA/button_Confirm_2FA' is clicked on

2022-12-07 17:42:26 - [TEST_STEP][PASSED] - executeJavaScript("window.open();", []): Execute JavaScript 'window.open();' successfully

2022-12-07 17:42:27 - [MESSAGE][PASSED] - Execute JavaScript 'window.open();' successfully

2022-12-07 17:42:27 - [TEST_STEP][PASSED] - currentWindow = getWindowIndex(): Current window's index is: 0

2022-12-07 17:42:27 - [MESSAGE][PASSED] - Current window's index is: 0

2022-12-07 17:42:27 - [TEST_STEP][PASSED] - delay(3): Delayed 3 second(s)

2022-12-07 17:42:30 - [MESSAGE][PASSED] - Delayed 3 second(s)

2022-12-07 17:42:30 - [TEST_STEP][PASSED] - switchToWindowIndex(currentWindow + 1): Switched to window with index: '1'

2022-12-07 17:42:30 - [MESSAGE][PASSED] - Switched to window with index: '1'

2022-12-07 17:42:30 - [TEST_STEP][PASSED] - navigateToUrl("https://www.mailinator.com/"): Navigate to 'https://www.mailinator.com/' successfully

2022-12-07 17:42:32 - [MESSAGE][PASSED] - Navigate to 'https://www.mailinator.com/' successfully

2022-12-07 17:42:32 - [TEST_STEP][PASSED] - delay(3): Delayed 3 second(s)

2022-12-07 17:42:35 - [MESSAGE][PASSED] - Delayed 3 second(s)

2022-12-07 17:42:35 - [TEST_STEP][PASSED] - setText(findTestObject("00-Signup and Activation/zMailinator/input_LOGIN_search"), "testuser02@mailinator.com"): Text 'testuser02@mailinator.com' is set on object 'Object Repository/00-Signup and Activation/zMailinator/input_LOGIN_search'

2022-12-07 17:42:35 - [MESSAGE][PASSED] - Text 'testuser02@mailinator.com' is set on object 'Object Repository/00-Signup and Activation/zMailinator/input_LOGIN_search'

2022-12-07 17:42:35 - [TEST_STEP][PASSED] - click(findTestObject("00-Signup and Activation/zMailinator/gobutton"), STOP_ON_FAILURE): Object: 'Object Repository/00-Signup and Activation/zMailinator/gobutton' is clicked on

2022-12-07 17:42:36 - [MESSAGE][PASSED] - Object: 'Object Repository/00-Signup and Activation/zMailinator/gobutton' is clicked on

2022-12-07 17:42:36 - [TEST_STEP][PASSED] - delay(3): Delayed 3 second(s)

2022-12-07 17:42:39 - [MESSAGE][PASSED] - Delayed 3 second(s)

2022-12-07 17:42:39 - [TEST_STEP][PASSED] - click(findTestObject("00-Signup and Activation/zMailinator/Email - everleagues")): Object: 'Object Repository/00-Signup and Activation/zMailinator/Email - everleagues' is clicked on

2022-12-07 17:42:40 - [MESSAGE][PASSED] - Object: 'Object Repository/00-Signup and Activation/zMailinator/Email - everleagues' is clicked on

2022-12-07 17:42:40 - [TEST_STEP][PASSED] - delay(3): Delayed 3 second(s)

2022-12-07 17:42:43 - [MESSAGE][PASSED] - Delayed 3 second(s)

2022-12-07 17:42:43 - [TEST_STEP][PASSED] - code = getText(findTestObject("Object Repository/06-Teams/For 2FA/2FA code")): Text of object 'Object Repository/06-Teams/For 2FA/2FA code' is: '310609'

2022-12-07 17:42:43 - [MESSAGE][PASSED] - Text of object 'Object Repository/06-Teams/For 2FA/2FA code' is: '310609'

2022-12-07 17:42:43 - [TEST_STEP][PASSED] - delay(3): Delayed 3 second(s)

2022-12-07 17:42:46 - [MESSAGE][PASSED] - Delayed 3 second(s)

2022-12-07 17:42:46 - [TEST_STEP][PASSED] - closeWindowTitle("Mailinator"): Window with title: 'Mailinator' is closed

2022-12-07 17:42:47 - [MESSAGE][PASSED] - Window with title: 'Mailinator' is closed

2022-12-07 17:42:47 - [TEST_STEP][PASSED] - delay(3): Delayed 3 second(s)

2022-12-07 17:42:50 - [MESSAGE][PASSED] - Delayed 3 second(s)

2022-12-07 17:42:50 - [TEST_STEP][PASSED] - switchToWindowIndex(0): Switched to window with index: '0'

2022-12-07 17:42:50 - [MESSAGE][PASSED] - Switched to window with index: '0'

2022-12-07 17:42:50 - [TEST_STEP][PASSED] - delay(3): Delayed 3 second(s)

2022-12-07 17:42:53 - [MESSAGE][PASSED] - Delayed 3 second(s)

2022-12-07 17:42:53 - [TEST_STEP][PASSED] - setText(findTestObject("Object Repository/06-Teams/For 2FA/input_Enter verification code_code"), code): Text '310609' is set on object 'Object Repository/06-Teams/For 2FA/input_Enter verification code_code'

2022-12-07 17:42:53 - [MESSAGE][PASSED] - Text '310609' is set on object 'Object Repository/06-Teams/For 2FA/input_Enter verification code_code'

2022-12-07 17:42:53 - [TEST_STEP][PASSED] - delay(3): Delayed 3 second(s)

2022-12-07 17:42:56 - [MESSAGE][PASSED] - Delayed 3 second(s)

2022-12-07 17:42:56 - [TEST_STEP][PASSED] - click(findTestObject("06-Teams/For 2FA/button_Verify_2FA")): Object: 'Object Repository/06-Teams/For 2FA/button_Verify_2FA' is clicked on

2022-12-07 17:42:57 - [MESSAGE][PASSED] - Object: 'Object Repository/06-Teams/For 2FA/button_Verify_2FA' is clicked on

2022-12-07 17:42:57 - [TEST_STEP][PASSED] - delay(5): Delayed 5 second(s)

2022-12-07 17:43:02 - [MESSAGE][PASSED] - Delayed 5 second(s)

2022-12-07 17:43:02 - [TEST_STEP][PASSED] - click(findTestObject("06-Teams/button_doublearrow")): Object: 'Object Repository/06-Teams/button_doublearrow' is clicked on

2022-12-07 17:43:04 - [MESSAGE][PASSED] - Object: 'Object Repository/06-Teams/button_doublearrow' is clicked on

2022-12-07 17:43:04 - [TEST_STEP][PASSED] - click(findTestObject("06-Teams/button_My Organizations")): Object: 'Object Repository/06-Teams/button_My Organizations' is clicked on

2022-12-07 17:43:05 - [MESSAGE][PASSED] - Object: 'Object Repository/06-Teams/button_My Organizations' is clicked on

2022-12-07 17:43:05 - [TEST_STEP][PASSED] - click(findTestObject("06-Teams/button_GG Automation")): Object: 'Object Repository/06-Teams/button_GG Automation' is clicked on

2022-12-07 17:43:06 - [MESSAGE][PASSED] - Object: 'Object Repository/06-Teams/button_GG Automation' is clicked on

2022-12-07 17:43:06 - [TEST_STEP][PASSED] - delay(4): Delayed 4 second(s)

2022-12-07 17:43:10 - [MESSAGE][PASSED] - Delayed 4 second(s)

2022-12-07 17:43:10 - [TEST_STEP][PASSED] - verifyElementVisible(findTestObject("06-Teams/span_GG Automation")): Object 'Object Repository/06-Teams/span_GG Automation' is visible

2022-12-07 17:43:10 - [MESSAGE][PASSED] - Object 'Object Repository/06-Teams/span_GG Automation' is visible

2022-12-07 17:43:10 - [TEST_STEP][PASSED] - delay(5): Delayed 5 second(s)

2022-12-07 17:43:15 - [MESSAGE][PASSED] - Delayed 5 second(s)

2022-12-07 17:43:15 - [TEST_STEP][PASSED] - click(findTestObject("03-Header Menu/Hamburger Button/div_Settings")): Object: 'Object Repository/03-Header Menu/Hamburger Button/div_Settings' is clicked on

2022-12-07 17:43:15 - [MESSAGE][PASSED] - Object: 'Object Repository/03-Header Menu/Hamburger Button/div_Settings' is clicked on

2022-12-07 17:43:15 - [TEST_STEP][PASSED] - delay(3): Delayed 3 second(s)

2022-12-07 17:43:18 - [MESSAGE][PASSED] - Delayed 3 second(s)

2022-12-07 17:43:18 - [TEST_STEP][PASSED] - click(findTestObject("09-Settings/Users/div_Users")): Object: 'Object Repository/09-Settings/Users/div_Users' is clicked on

2022-12-07 17:43:19 - [MESSAGE][PASSED] - Object: 'Object Repository/09-Settings/Users/div_Users' is clicked on

2022-12-07 17:43:19 - [TEST_STEP][PASSED] - delay(3): Delayed 3 second(s)

2022-12-07 17:43:22 - [MESSAGE][PASSED] - Delayed 3 second(s)

2022-12-07 17:43:22 - [TEST_STEP][PASSED] - click(findTestObject("09-Settings/Users/button_add")): Object: 'Object Repository/09-Settings/Users/button_add' is clicked on

2022-12-07 17:43:23 - [MESSAGE][PASSED] - Object: 'Object Repository/09-Settings/Users/button_add' is clicked on

2022-12-07 17:43:23 - [TEST_STEP][PASSED] - delay(3): Delayed 3 second(s)

2022-12-07 17:43:26 - [MESSAGE][PASSED] - Delayed 3 second(s)

2022-12-07 17:43:26 - [TEST_STEP][PASSED] - click(findTestObject("09-Settings/Users/add Invite a single user")): Object: 'Object Repository/09-Settings/Users/add Invite a single user' is clicked on

2022-12-07 17:43:26 - [MESSAGE][PASSED] - Object: 'Object Repository/09-Settings/Users/add Invite a single user' is clicked on

2022-12-07 17:43:26 - [TEST_STEP][PASSED] - delay(3): Delayed 3 second(s)

2022-12-07 17:43:29 - [MESSAGE][PASSED] - Delayed 3 second(s)

2022-12-07 17:43:29 - [TEST_STEP][PASSED] - setText(findTestObject("09-Settings/Users/input_email"), "autotester10@mailinator.com"): Text 'autotester10@mailinator.com' is set on object 'Object Repository/09-Settings/Users/input_email'

2022-12-07 17:43:30 - [MESSAGE][PASSED] - Text 'autotester10@mailinator.com' is set on object 'Object Repository/09-Settings/Users/input_email'

2022-12-07 17:43:30 - [TEST_STEP][PASSED] - setText(findTestObject("09-Settings/Users/input_firstName"), "GG"): Text 'GG' is set on object 'Object Repository/09-Settings/Users/input_firstName'

2022-12-07 17:43:31 - [MESSAGE][PASSED] - Text 'GG' is set on object 'Object Repository/09-Settings/Users/input_firstName'

2022-12-07 17:43:31 - [TEST_STEP][PASSED] - setText(findTestObject("09-Settings/Users/input_lastName"), "Partner"): Text 'Partner' is set on object 'Object Repository/09-Settings/Users/input_lastName'

2022-12-07 17:43:32 - [MESSAGE][PASSED] - Text 'Partner' is set on object 'Object Repository/09-Settings/Users/input_lastName'

2022-12-07 17:43:32 - [TEST_STEP][PASSED] - click(findTestObject("09-Settings/Users/span_Role")): Object: 'Object Repository/09-Settings/Users/span_Role' is clicked on

2022-12-07 17:43:32 - [MESSAGE][PASSED] - Object: 'Object Repository/09-Settings/Users/span_Role' is clicked on

2022-12-07 17:43:32 - [TEST_STEP][PASSED] - click(findTestObject("09-Settings/Users/span_Partner")): Object: 'Object Repository/09-Settings/Users/span_Partner' is clicked on

2022-12-07 17:43:33 - [MESSAGE][PASSED] - Object: 'Object Repository/09-Settings/Users/span_Partner' is clicked on

2022-12-07 17:43:33 - [TEST_STEP][PASSED] - click(findTestObject("09-Settings/Users/button_Send Invitation")): Object: 'Object Repository/09-Settings/Users/button_Send Invitation' is clicked on

2022-12-07 17:43:34 - [MESSAGE][PASSED] - Object: 'Object Repository/09-Settings/Users/button_Send Invitation' is clicked on

2022-12-07 17:43:34 - [TEST_STEP][PASSED] - delay(2): Delayed 2 second(s)

2022-12-07 17:43:36 - [MESSAGE][PASSED] - Delayed 2 second(s)

2022-12-07 17:43:36 - [TEST_STEP][PASSED] - verifyElementVisible(findTestObject("07-Directory/Connections/zContact Profile/Successfully invited user")): Object 'Object Repository/07-Directory/Connections/zContact Profile/Successfully invited user' is visible

2022-12-07 17:43:36 - [MESSAGE][PASSED] - Object 'Object Repository/07-Directory/Connections/zContact Profile/Successfully invited user' is visible

2022-12-07 17:43:36 - [TEST_STEP][PASSED] - delay(2): Delayed 2 second(s)

2022-12-07 17:43:38 - [MESSAGE][PASSED] - Delayed 2 second(s)

2022-12-07 17:43:38 - [TEST_STEP][PASSED] - click(findTestObject("01-Login and Forgot Password/User menu drop")): Object: 'Object Repository/01-Login and Forgot Password/User menu drop' is clicked on

2022-12-07 17:43:39 - [MESSAGE][PASSED] - Object: 'Object Repository/01-Login and Forgot Password/User menu drop' is clicked on

2022-12-07 17:43:39 - [TEST_STEP][PASSED] - delay(2): Delayed 2 second(s)

2022-12-07 17:43:41 - [MESSAGE][PASSED] - Delayed 2 second(s)

2022-12-07 17:43:41 - [TEST_STEP][PASSED] - click(findTestObject("01-Login and Forgot Password/h4_Sign Out"), STOP_ON_FAILURE): Object: 'Object Repository/01-Login and Forgot Password/h4_Sign Out' is clicked on

2022-12-07 17:43:41 - [MESSAGE][PASSED] - Object: 'Object Repository/01-Login and Forgot Password/h4_Sign Out' is clicked on

2022-12-07 17:43:41 - [TEST_STEP][PASSED] - delay(2): Delayed 2 second(s)

2022-12-07 17:43:43 - [MESSAGE][PASSED] - Delayed 2 second(s)

2022-12-07 17:43:43 - [TEST_STEP][PASSED] - verifyElementPresent(findTestObject("01-Login and Forgot Password/Login_Card"), 0): Object 'Object Repository/01-Login and Forgot Password/Login_Card' is present

2022-12-07 17:43:43 - [MESSAGE][WARNING] - Timeout '0' is invalid. Using default page load timeout: '30'

2022-12-07 17:43:43 - [MESSAGE][PASSED] - Object 'Object Repository/01-Login and Forgot Password/Login_Card' is present

2022-12-07 17:43:43 - [TEST_STEP][PASSED] - delay(3): Delayed 3 second(s)

2022-12-07 17:43:46 - [MESSAGE][PASSED] - Delayed 3 second(s)

2022-12-07 17:43:46 - [TEST_STEP][PASSED] - closeBrowser(): Browser is closed

2022-12-07 17:43:47 - [MESSAGE][PASSED] - Browser is closed

2022-12-07 17:43:47 - [TEST_STEP][PASSED] - openBrowser(""): Browser is opened with url: ''

2022-12-07 17:43:47 - [MESSAGE][INFO] - Starting 'Chrome' driver

2022-12-07 17:43:47 - [MESSAGE][INFO] - Action delay is set to 0 milliseconds

2022-12-07 17:43:48 - [MESSAGE][PASSED] - Browser is opened with url: ''

2022-12-07 17:43:48 - [TEST_STEP][PASSED] - navigateToUrl("https://lab.everleagues.com/"): Navigate to 'https://lab.everleagues.com/' successfully

2022-12-07 17:44:01 - [MESSAGE][PASSED] - Navigate to 'https://lab.everleagues.com/' successfully

2022-12-07 17:44:01 - [TEST_STEP][PASSED] - maximizeWindow(): Current window maximized

2022-12-07 17:44:01 - [MESSAGE][PASSED] - Current window maximized

2022-12-07 17:44:01 - [TEST_STEP][PASSED] - setText(findTestObject("02-Side Icons(Organization)/Add Contact/Email Field"), "autotester10@mailinator.com"): Text 'autotester10@mailinator.com' is set on object 'Object Repository/02-Side Icons(Organization)/Add Contact/Email Field'

2022-12-07 17:44:02 - [MESSAGE][PASSED] - Text 'autotester10@mailinator.com' is set on object 'Object Repository/02-Side Icons(Organization)/Add Contact/Email Field'

2022-12-07 17:44:02 - [TEST_STEP][PASSED] - setEncryptedText(findTestObject("02-Side Icons(Organization)/Add Contact/Password Field"), "8yFRyszE6U6jvsCn51OQbg=="): Text ****** has been set on object 'Object Repository/02-Side Icons(Organization)/Add Contact/Password Field'

2022-12-07 17:44:02 - [MESSAGE][PASSED] - Text ****** has been set on object 'Object Repository/02-Side Icons(Organization)/Add Contact/Password Field'

2022-12-07 17:44:02 - [TEST_STEP][PASSED] - click(findTestObject("02-Side Icons(Organization)/Add Contact/button_Sign in")): Object: 'Object Repository/02-Side Icons(Organization)/Add Contact/button_Sign in' is clicked on

2022-12-07 17:44:03 - [MESSAGE][PASSED] - Object: 'Object Repository/02-Side Icons(Organization)/Add Contact/button_Sign in' is clicked on

2022-12-07 17:44:03 - [TEST_STEP][PASSED] - delay(2): Delayed 2 second(s)

2022-12-07 17:44:05 - [MESSAGE][PASSED] - Delayed 2 second(s)

2022-12-07 17:44:05 - [TEST_STEP][PASSED] - click(findTestObject("06-Teams/For 2FA/button_Confirm_2FA")): Object: 'Object Repository/06-Teams/For 2FA/button_Confirm_2FA' is clicked on

2022-12-07 17:44:05 - [MESSAGE][PASSED] - Object: 'Object Repository/06-Teams/For 2FA/button_Confirm_2FA' is clicked on

2022-12-07 17:44:05 - [TEST_STEP][PASSED] - executeJavaScript("window.open();", []): Execute JavaScript 'window.open();' successfully

2022-12-07 17:44:05 - [MESSAGE][PASSED] - Execute JavaScript 'window.open();' successfully

2022-12-07 17:44:05 - [TEST_STEP][PASSED] - currentWindow = getWindowIndex(): Current window's index is: 0

2022-12-07 17:44:05 - [MESSAGE][PASSED] - Current window's index is: 0

2022-12-07 17:44:05 - [TEST_STEP][PASSED] - delay(3): Delayed 3 second(s)

2022-12-07 17:44:08 - [MESSAGE][PASSED] - Delayed 3 second(s)

2022-12-07 17:44:08 - [TEST_STEP][PASSED] - switchToWindowIndex(currentWindow + 1): Switched to window with index: '1'

2022-12-07 17:44:08 - [MESSAGE][PASSED] - Switched to window with index: '1'

2022-12-07 17:44:08 - [TEST_STEP][PASSED] - navigateToUrl("https://www.mailinator.com/"): Navigate to 'https://www.mailinator.com/' successfully

2022-12-07 17:44:10 - [MESSAGE][PASSED] - Navigate to 'https://www.mailinator.com/' successfully

2022-12-07 17:44:10 - [TEST_STEP][PASSED] - delay(3): Delayed 3 second(s)

2022-12-07 17:44:13 - [MESSAGE][PASSED] - Delayed 3 second(s)

2022-12-07 17:44:13 - [TEST_STEP][PASSED] - setText(findTestObject("00-Signup and Activation/zMailinator/input_LOGIN_search"), "autotester10@mailinator.com"): Text 'autotester10@mailinator.com' is set on object 'Object Repository/00-Signup and Activation/zMailinator/input_LOGIN_search'

2022-12-07 17:44:14 - [MESSAGE][PASSED] - Text 'autotester10@mailinator.com' is set on object 'Object Repository/00-Signup and Activation/zMailinator/input_LOGIN_search'

2022-12-07 17:44:14 - [TEST_STEP][PASSED] - click(findTestObject("00-Signup and Activation/zMailinator/gobutton"), STOP_ON_FAILURE): Object: 'Object Repository/00-Signup and Activation/zMailinator/gobutton' is clicked on

2022-12-07 17:44:16 - [MESSAGE][PASSED] - Object: 'Object Repository/00-Signup and Activation/zMailinator/gobutton' is clicked on

2022-12-07 17:44:16 - [TEST_STEP][PASSED] - delay(3): Delayed 3 second(s)

2022-12-07 17:44:19 - [MESSAGE][PASSED] - Delayed 3 second(s)

2022-12-07 17:44:19 - [TEST_STEP][PASSED] - click(findTestObject("00-Signup and Activation/zMailinator/Email - everleagues")): Object: 'Object Repository/00-Signup and Activation/zMailinator/Email - everleagues' is clicked on

2022-12-07 17:44:20 - [MESSAGE][PASSED] - Object: 'Object Repository/00-Signup and Activation/zMailinator/Email - everleagues' is clicked on

2022-12-07 17:44:20 - [TEST_STEP][PASSED] - delay(3): Delayed 3 second(s)

2022-12-07 17:44:23 - [MESSAGE][PASSED] - Delayed 3 second(s)

2022-12-07 17:44:23 - [TEST_STEP][PASSED] - codetwo = getText(findTestObject("Object Repository/06-Teams/For 2FA/2FA code")): Text of object 'Object Repository/06-Teams/For 2FA/2FA code' is: '045702'

2022-12-07 17:44:23 - [MESSAGE][PASSED] - Text of object 'Object Repository/06-Teams/For 2FA/2FA code' is: '045702'

2022-12-07 17:44:23 - [TEST_STEP][PASSED] - delay(3): Delayed 3 second(s)

2022-12-07 17:44:26 - [MESSAGE][PASSED] - Delayed 3 second(s)

2022-12-07 17:44:26 - [TEST_STEP][PASSED] - closeWindowTitle("Mailinator"): Window with title: 'Mailinator' is closed

2022-12-07 17:44:26 - [MESSAGE][PASSED] - Window with title: 'Mailinator' is closed

2022-12-07 17:44:26 - [TEST_STEP][PASSED] - delay(3): Delayed 3 second(s)

2022-12-07 17:44:29 - [MESSAGE][PASSED] - Delayed 3 second(s)

2022-12-07 17:44:29 - [TEST_STEP][PASSED] - switchToWindowIndex(0): Switched to window with index: '0'

2022-12-07 17:44:29 - [MESSAGE][PASSED] - Switched to window with index: '0'

2022-12-07 17:44:29 - [TEST_STEP][PASSED] - delay(3): Delayed 3 second(s)

2022-12-07 17:44:32 - [MESSAGE][PASSED] - Delayed 3 second(s)

2022-12-07 17:44:32 - [TEST_STEP][PASSED] - setText(findTestObject("Object Repository/06-Teams/For 2FA/input_Enter verification code_code"), codetwo): Text '045702' is set on object 'Object Repository/06-Teams/For 2FA/input_Enter verification code_code'

2022-12-07 17:44:33 - [MESSAGE][PASSED] - Text '045702' is set on object 'Object Repository/06-Teams/For 2FA/input_Enter verification code_code'

2022-12-07 17:44:33 - [TEST_STEP][PASSED] - delay(3): Delayed 3 second(s)

2022-12-07 17:44:36 - [MESSAGE][PASSED] - Delayed 3 second(s)

2022-12-07 17:44:36 - [TEST_STEP][PASSED] - click(findTestObject("06-Teams/For 2FA/button_Verify_2FA")): Object: 'Object Repository/06-Teams/For 2FA/button_Verify_2FA' is clicked on

2022-12-07 17:44:37 - [MESSAGE][PASSED] - Object: 'Object Repository/06-Teams/For 2FA/button_Verify_2FA' is clicked on

2022-12-07 17:44:37 - [TEST_STEP][PASSED] - delay(5): Delayed 5 second(s)

2022-12-07 17:44:42 - [MESSAGE][PASSED] - Delayed 5 second(s)

2022-12-07 17:44:42 - [TEST_STEP][PASSED] - executeJavaScript("window.open();", []): Execute JavaScript 'window.open();' successfully

2022-12-07 17:44:42 - [MESSAGE][PASSED] - Execute JavaScript 'window.open();' successfully

2022-12-07 17:44:42 - [TEST_STEP][PASSED] - currentWindow = getWindowIndex(): Current window's index is: 0

2022-12-07 17:44:42 - [MESSAGE][PASSED] - Current window's index is: 0

2022-12-07 17:44:42 - [TEST_STEP][PASSED] - delay(3): Delayed 3 second(s)

2022-12-07 17:44:45 - [MESSAGE][PASSED] - Delayed 3 second(s)

2022-12-07 17:44:45 - [TEST_STEP][PASSED] - switchToWindowIndex(currentWindow + 1): Switched to window with index: '1'

2022-12-07 17:44:45 - [MESSAGE][PASSED] - Switched to window with index: '1'

2022-12-07 17:44:45 - [TEST_STEP][PASSED] - navigateToUrl("https://www.mailinator.com/"): Navigate to 'https://www.mailinator.com/' successfully

2022-12-07 17:44:46 - [MESSAGE][PASSED] - Navigate to 'https://www.mailinator.com/' successfully

2022-12-07 17:44:46 - [TEST_STEP][PASSED] - delay(3): Delayed 3 second(s)

2022-12-07 17:44:49 - [MESSAGE][PASSED] - Delayed 3 second(s)

2022-12-07 17:44:49 - [TEST_STEP][PASSED] - setText(findTestObject("00-Signup and Activation/zMailinator/input_LOGIN_search"), "autotester10@mailinator.com"): Text 'autotester10@mailinator.com' is set on object 'Object Repository/00-Signup and Activation/zMailinator/input_LOGIN_search'

2022-12-07 17:44:50 - [MESSAGE][PASSED] - Text 'autotester10@mailinator.com' is set on object 'Object Repository/00-Signup and Activation/zMailinator/input_LOGIN_search'

2022-12-07 17:44:50 - [TEST_STEP][PASSED] - click(findTestObject("00-Signup and Activation/zMailinator/gobutton"), STOP_ON_FAILURE): Object: 'Object Repository/00-Signup and Activation/zMailinator/gobutton' is clicked on

2022-12-07 17:44:51 - [MESSAGE][PASSED] - Object: 'Object Repository/00-Signup and Activation/zMailinator/gobutton' is clicked on

2022-12-07 17:44:51 - [TEST_STEP][PASSED] - delay(3): Delayed 3 second(s)

2022-12-07 17:44:54 - [MESSAGE][PASSED] - Delayed 3 second(s)

2022-12-07 17:44:54 - [TEST_STEP][PASSED] - closeWindowTitle("Everleagues"): Window with title: 'Everleagues' is closed

2022-12-07 17:44:54 - [MESSAGE][PASSED] - Window with title: 'Everleagues' is closed

2022-12-07 17:44:54 - [TEST_STEP][PASSED] - switchToWindowIndex(0): Switched to window with index: '0'

2022-12-07 17:44:54 - [MESSAGE][PASSED] - Switched to window with index: '0'

2022-12-07 17:44:54 - [TEST_STEP][PASSED] - click(findTestObject("09-Settings/Users/Co worker/td_Invitation from GG Automation")): Object: 'Object Repository/09-Settings/Users/Co worker/td_Invitation from GG Automation' is clicked on

2022-12-07 17:44:55 - [MESSAGE][PASSED] - Object: 'Object Repository/09-Settings/Users/Co worker/td_Invitation from GG Automation' is clicked on

2022-12-07 17:44:55 - [TEST_STEP][PASSED] - click(findTestObject("09-Settings/Users/Co worker/a_Click here to join GG Automation on EverLeagues")): Object: 'Object Repository/09-Settings/Users/Co worker/a_Click here to join GG Automation on EverLeagues' is clicked on

2022-12-07 17:44:56 - [MESSAGE][PASSED] - Object: 'Object Repository/09-Settings/Users/Co worker/a_Click here to join GG Automation on EverLeagues' is clicked on

2022-12-07 17:44:56 - [TEST_STEP][PASSED] - closeWindowTitle("Mailinator"): Window with title: 'Mailinator' is closed

2022-12-07 17:44:56 - [MESSAGE][PASSED] - Window with title: 'Mailinator' is closed

2022-12-07 17:44:56 - [TEST_STEP][PASSED] - switchToWindowIndex(0): Switched to window with index: '0'

2022-12-07 17:44:56 - [MESSAGE][PASSED] - Switched to window with index: '0'

2022-12-07 17:44:56 - [TEST_STEP][PASSED] - verifyElementVisible(findTestObject("09-Settings/Users/Client/Invite modal")): Object 'Object Repository/09-Settings/Users/Client/Invite modal' is visible

2022-12-07 17:45:01 - [MESSAGE][PASSED] - Object 'Object Repository/09-Settings/Users/Client/Invite modal' is visible

2022-12-07 17:45:01 - [TEST_STEP][PASSED] - setText(findTestObject("09-Settings/Users/Client/Company field"), "QA Company"): Text 'QA Company' is set on object 'Object Repository/09-Settings/Users/Client/Company field'

2022-12-07 17:45:02 - [MESSAGE][PASSED] - Text 'QA Company' is set on object 'Object Repository/09-Settings/Users/Client/Company field'

2022-12-07 17:45:02 - [TEST_STEP][PASSED] - click(findTestObject("09-Settings/Users/Client/button_Accept")): Object: 'Object Repository/09-Settings/Users/Client/button_Accept' is clicked on

2022-12-07 17:45:03 - [MESSAGE][PASSED] - Object: 'Object Repository/09-Settings/Users/Client/button_Accept' is clicked on

2022-12-07 17:45:03 - [TEST_STEP][PASSED] - delay(5): Delayed 5 second(s)

2022-12-07 17:45:08 - [MESSAGE][PASSED] - Delayed 5 second(s)

2022-12-07 17:45:08 - [TEST_STEP][PASSED] - verifyElementVisible(findTestObject("09-Settings/Users/div_Joined as Partner")): Object 'Object Repository/09-Settings/Users/div_Joined as Partner' is visible

2022-12-07 17:45:08 - [MESSAGE][PASSED] - Object 'Object Repository/09-Settings/Users/div_Joined as Partner' is visible

2022-12-07 17:45:08 - [TEST_STEP][PASSED] - delay(3): Delayed 3 second(s)

2022-12-07 17:45:11 - [MESSAGE][PASSED] - Delayed 3 second(s)

2022-12-07 17:45:11 - [TEST_STEP][PASSED] - closeBrowser(): Browser is closed

2022-12-07 17:45:12 - [MESSAGE][PASSED] - Browser is closed]]></system-out>
         <system-err><![CDATA[]]></system-err>
      </testcase>
      <testcase name="Test Cases/09-Settings/05 - Users (Invite batch of users via CSV file)" time="99.49" classname="Test Cases/09-Settings/05 - Users (Invite batch of users via CSV file)" status="PASSED">
         <system-out><![CDATA[2022-12-07 17:45:12 - [TEST_CASE][PASSED] - Test Cases/09-Settings/05 - Users (Invite batch of users via CSV file): Test Cases/09-Settings/05 - Users (Invite batch of users via CSV file)

2022-12-07 17:45:12 - [TEST_STEP][PASSED] - openBrowser(""): Browser is opened with url: ''

2022-12-07 17:45:12 - [MESSAGE][INFO] - Starting 'Chrome' driver

2022-12-07 17:45:12 - [MESSAGE][INFO] - Action delay is set to 0 milliseconds

2022-12-07 17:45:13 - [MESSAGE][PASSED] - Browser is opened with url: ''

2022-12-07 17:45:13 - [TEST_STEP][PASSED] - navigateToUrl("https://lab.everleagues.com/"): Navigate to 'https://lab.everleagues.com/' successfully

2022-12-07 17:45:24 - [MESSAGE][PASSED] - Navigate to 'https://lab.everleagues.com/' successfully

2022-12-07 17:45:24 - [TEST_STEP][PASSED] - maximizeWindow(): Current window maximized

2022-12-07 17:45:24 - [MESSAGE][PASSED] - Current window maximized

2022-12-07 17:45:24 - [TEST_STEP][PASSED] - setText(findTestObject("02-Side Icons(Organization)/Add Contact/Email Field"), "testuser02@mailinator.com"): Text 'testuser02@mailinator.com' is set on object 'Object Repository/02-Side Icons(Organization)/Add Contact/Email Field'

2022-12-07 17:45:25 - [MESSAGE][PASSED] - Text 'testuser02@mailinator.com' is set on object 'Object Repository/02-Side Icons(Organization)/Add Contact/Email Field'

2022-12-07 17:45:25 - [TEST_STEP][PASSED] - setEncryptedText(findTestObject("02-Side Icons(Organization)/Add Contact/Password Field"), "8yFRyszE6U6jvsCn51OQbg=="): Text ****** has been set on object 'Object Repository/02-Side Icons(Organization)/Add Contact/Password Field'

2022-12-07 17:45:25 - [MESSAGE][PASSED] - Text ****** has been set on object 'Object Repository/02-Side Icons(Organization)/Add Contact/Password Field'

2022-12-07 17:45:25 - [TEST_STEP][PASSED] - click(findTestObject("02-Side Icons(Organization)/Add Contact/button_Sign in")): Object: 'Object Repository/02-Side Icons(Organization)/Add Contact/button_Sign in' is clicked on

2022-12-07 17:45:26 - [MESSAGE][PASSED] - Object: 'Object Repository/02-Side Icons(Organization)/Add Contact/button_Sign in' is clicked on

2022-12-07 17:45:26 - [TEST_STEP][PASSED] - delay(2): Delayed 2 second(s)

2022-12-07 17:45:28 - [MESSAGE][PASSED] - Delayed 2 second(s)

2022-12-07 17:45:28 - [TEST_STEP][PASSED] - click(findTestObject("06-Teams/For 2FA/button_Confirm_2FA")): Object: 'Object Repository/06-Teams/For 2FA/button_Confirm_2FA' is clicked on

2022-12-07 17:45:28 - [MESSAGE][PASSED] - Object: 'Object Repository/06-Teams/For 2FA/button_Confirm_2FA' is clicked on

2022-12-07 17:45:28 - [TEST_STEP][PASSED] - executeJavaScript("window.open();", []): Execute JavaScript 'window.open();' successfully

2022-12-07 17:45:28 - [MESSAGE][PASSED] - Execute JavaScript 'window.open();' successfully

2022-12-07 17:45:28 - [TEST_STEP][PASSED] - currentWindow = getWindowIndex(): Current window's index is: 0

2022-12-07 17:45:28 - [MESSAGE][PASSED] - Current window's index is: 0

2022-12-07 17:45:28 - [TEST_STEP][PASSED] - delay(3): Delayed 3 second(s)

2022-12-07 17:45:31 - [MESSAGE][PASSED] - Delayed 3 second(s)

2022-12-07 17:45:31 - [TEST_STEP][PASSED] - switchToWindowIndex(currentWindow + 1): Switched to window with index: '1'

2022-12-07 17:45:31 - [MESSAGE][PASSED] - Switched to window with index: '1'

2022-12-07 17:45:31 - [TEST_STEP][PASSED] - navigateToUrl("https://www.mailinator.com/"): Navigate to 'https://www.mailinator.com/' successfully

2022-12-07 17:45:33 - [MESSAGE][PASSED] - Navigate to 'https://www.mailinator.com/' successfully

2022-12-07 17:45:33 - [TEST_STEP][PASSED] - delay(3): Delayed 3 second(s)

2022-12-07 17:45:36 - [MESSAGE][PASSED] - Delayed 3 second(s)

2022-12-07 17:45:36 - [TEST_STEP][PASSED] - setText(findTestObject("00-Signup and Activation/zMailinator/input_LOGIN_search"), "testuser02@mailinator.com"): Text 'testuser02@mailinator.com' is set on object 'Object Repository/00-Signup and Activation/zMailinator/input_LOGIN_search'

2022-12-07 17:45:37 - [MESSAGE][PASSED] - Text 'testuser02@mailinator.com' is set on object 'Object Repository/00-Signup and Activation/zMailinator/input_LOGIN_search'

2022-12-07 17:45:37 - [TEST_STEP][PASSED] - click(findTestObject("00-Signup and Activation/zMailinator/gobutton"), STOP_ON_FAILURE): Object: 'Object Repository/00-Signup and Activation/zMailinator/gobutton' is clicked on

2022-12-07 17:45:38 - [MESSAGE][PASSED] - Object: 'Object Repository/00-Signup and Activation/zMailinator/gobutton' is clicked on

2022-12-07 17:45:38 - [TEST_STEP][PASSED] - delay(3): Delayed 3 second(s)

2022-12-07 17:45:41 - [MESSAGE][PASSED] - Delayed 3 second(s)

2022-12-07 17:45:41 - [TEST_STEP][PASSED] - click(findTestObject("00-Signup and Activation/zMailinator/Email - everleagues")): Object: 'Object Repository/00-Signup and Activation/zMailinator/Email - everleagues' is clicked on

2022-12-07 17:45:42 - [MESSAGE][PASSED] - Object: 'Object Repository/00-Signup and Activation/zMailinator/Email - everleagues' is clicked on

2022-12-07 17:45:42 - [TEST_STEP][PASSED] - delay(3): Delayed 3 second(s)

2022-12-07 17:45:45 - [MESSAGE][PASSED] - Delayed 3 second(s)

2022-12-07 17:45:45 - [TEST_STEP][PASSED] - code = getText(findTestObject("Object Repository/06-Teams/For 2FA/2FA code")): Text of object 'Object Repository/06-Teams/For 2FA/2FA code' is: '771132'

2022-12-07 17:45:45 - [MESSAGE][PASSED] - Text of object 'Object Repository/06-Teams/For 2FA/2FA code' is: '771132'

2022-12-07 17:45:45 - [TEST_STEP][PASSED] - delay(3): Delayed 3 second(s)

2022-12-07 17:45:48 - [MESSAGE][PASSED] - Delayed 3 second(s)

2022-12-07 17:45:48 - [TEST_STEP][PASSED] - closeWindowTitle("Mailinator"): Window with title: 'Mailinator' is closed

2022-12-07 17:45:48 - [MESSAGE][PASSED] - Window with title: 'Mailinator' is closed

2022-12-07 17:45:48 - [TEST_STEP][PASSED] - delay(3): Delayed 3 second(s)

2022-12-07 17:45:51 - [MESSAGE][PASSED] - Delayed 3 second(s)

2022-12-07 17:45:51 - [TEST_STEP][PASSED] - switchToWindowIndex(0): Switched to window with index: '0'

2022-12-07 17:45:51 - [MESSAGE][PASSED] - Switched to window with index: '0'

2022-12-07 17:45:51 - [TEST_STEP][PASSED] - delay(3): Delayed 3 second(s)

2022-12-07 17:45:54 - [MESSAGE][PASSED] - Delayed 3 second(s)

2022-12-07 17:45:54 - [TEST_STEP][PASSED] - setText(findTestObject("Object Repository/06-Teams/For 2FA/input_Enter verification code_code"), code): Text '771132' is set on object 'Object Repository/06-Teams/For 2FA/input_Enter verification code_code'

2022-12-07 17:45:55 - [MESSAGE][PASSED] - Text '771132' is set on object 'Object Repository/06-Teams/For 2FA/input_Enter verification code_code'

2022-12-07 17:45:55 - [TEST_STEP][PASSED] - delay(3): Delayed 3 second(s)

2022-12-07 17:45:58 - [MESSAGE][PASSED] - Delayed 3 second(s)

2022-12-07 17:45:58 - [TEST_STEP][PASSED] - click(findTestObject("06-Teams/For 2FA/button_Verify_2FA")): Object: 'Object Repository/06-Teams/For 2FA/button_Verify_2FA' is clicked on

2022-12-07 17:45:59 - [MESSAGE][PASSED] - Object: 'Object Repository/06-Teams/For 2FA/button_Verify_2FA' is clicked on

2022-12-07 17:45:59 - [TEST_STEP][PASSED] - delay(5): Delayed 5 second(s)

2022-12-07 17:46:04 - [MESSAGE][PASSED] - Delayed 5 second(s)

2022-12-07 17:46:04 - [TEST_STEP][PASSED] - click(findTestObject("06-Teams/button_doublearrow")): Object: 'Object Repository/06-Teams/button_doublearrow' is clicked on

2022-12-07 17:46:04 - [MESSAGE][PASSED] - Object: 'Object Repository/06-Teams/button_doublearrow' is clicked on

2022-12-07 17:46:04 - [TEST_STEP][PASSED] - click(findTestObject("06-Teams/button_My Organizations")): Object: 'Object Repository/06-Teams/button_My Organizations' is clicked on

2022-12-07 17:46:05 - [MESSAGE][PASSED] - Object: 'Object Repository/06-Teams/button_My Organizations' is clicked on

2022-12-07 17:46:05 - [TEST_STEP][PASSED] - click(findTestObject("06-Teams/button_GG Automation")): Object: 'Object Repository/06-Teams/button_GG Automation' is clicked on

2022-12-07 17:46:06 - [MESSAGE][PASSED] - Object: 'Object Repository/06-Teams/button_GG Automation' is clicked on

2022-12-07 17:46:06 - [TEST_STEP][PASSED] - delay(4): Delayed 4 second(s)

2022-12-07 17:46:10 - [MESSAGE][PASSED] - Delayed 4 second(s)

2022-12-07 17:46:10 - [TEST_STEP][PASSED] - verifyElementVisible(findTestObject("06-Teams/span_GG Automation")): Object 'Object Repository/06-Teams/span_GG Automation' is visible

2022-12-07 17:46:10 - [MESSAGE][PASSED] - Object 'Object Repository/06-Teams/span_GG Automation' is visible

2022-12-07 17:46:10 - [TEST_STEP][PASSED] - delay(5): Delayed 5 second(s)

2022-12-07 17:46:15 - [MESSAGE][PASSED] - Delayed 5 second(s)

2022-12-07 17:46:15 - [TEST_STEP][PASSED] - click(findTestObject("03-Header Menu/Hamburger Button/div_Settings")): Object: 'Object Repository/03-Header Menu/Hamburger Button/div_Settings' is clicked on

2022-12-07 17:46:16 - [MESSAGE][PASSED] - Object: 'Object Repository/03-Header Menu/Hamburger Button/div_Settings' is clicked on

2022-12-07 17:46:16 - [TEST_STEP][PASSED] - delay(3): Delayed 3 second(s)

2022-12-07 17:46:19 - [MESSAGE][PASSED] - Delayed 3 second(s)

2022-12-07 17:46:19 - [TEST_STEP][PASSED] - click(findTestObject("09-Settings/Users/div_Users")): Object: 'Object Repository/09-Settings/Users/div_Users' is clicked on

2022-12-07 17:46:19 - [MESSAGE][PASSED] - Object: 'Object Repository/09-Settings/Users/div_Users' is clicked on

2022-12-07 17:46:19 - [TEST_STEP][PASSED] - delay(3): Delayed 3 second(s)

2022-12-07 17:46:22 - [MESSAGE][PASSED] - Delayed 3 second(s)

2022-12-07 17:46:22 - [TEST_STEP][PASSED] - click(findTestObject("09-Settings/Users/button_add")): Object: 'Object Repository/09-Settings/Users/button_add' is clicked on

2022-12-07 17:46:23 - [MESSAGE][PASSED] - Object: 'Object Repository/09-Settings/Users/button_add' is clicked on

2022-12-07 17:46:23 - [TEST_STEP][PASSED] - delay(3): Delayed 3 second(s)

2022-12-07 17:46:26 - [MESSAGE][PASSED] - Delayed 3 second(s)

2022-12-07 17:46:26 - [TEST_STEP][PASSED] - click(findTestObject("09-Settings/Users/Invite batch of users via CSV file")): Object: 'Object Repository/09-Settings/Users/Invite batch of users via CSV file' is clicked on

2022-12-07 17:46:26 - [MESSAGE][PASSED] - Object: 'Object Repository/09-Settings/Users/Invite batch of users via CSV file' is clicked on

2022-12-07 17:46:26 - [TEST_STEP][PASSED] - verifyElementVisible(findTestObject("09-Settings/Users/CSV Invite/Import CSV File modal")): Object 'Object Repository/09-Settings/Users/CSV Invite/Import CSV File modal' is visible

2022-12-07 17:46:27 - [MESSAGE][PASSED] - Object 'Object Repository/09-Settings/Users/CSV Invite/Import CSV File modal' is visible

2022-12-07 17:46:27 - [TEST_STEP][PASSED] - verifyElementNotClickable(findTestObject("09-Settings/Users/CSV Invite/button_Import")): Object 'Object Repository/09-Settings/Users/CSV Invite/button_Import' is NOT clickable

2022-12-07 17:46:27 - [MESSAGE][PASSED] - Object 'Object Repository/09-Settings/Users/CSV Invite/button_Import' is NOT clickable

2022-12-07 17:46:27 - [TEST_STEP][PASSED] - delay(3): Delayed 3 second(s)

2022-12-07 17:46:30 - [MESSAGE][PASSED] - Delayed 3 second(s)

2022-12-07 17:46:30 - [TEST_STEP][PASSED] - uploadpackage.Upload.uploadFile(findTestObject("Object Repository/09-Settings/Users/CSV Invite/button_Choose File"), "C:\Users\User\Desktop\EL automation\sample csv.csv"): uploadpackage.Upload.uploadFile is PASSED

2022-12-07 17:46:31 - [MESSAGE][PASSED] - Object: 'Object Repository/09-Settings/Users/CSV Invite/button_Choose File' is clicked on

2022-12-07 17:46:31 - [MESSAGE][PASSED] - uploadpackage.Upload.uploadFile is PASSED

2022-12-07 17:46:31 - [TEST_STEP][PASSED] - delay(3): Delayed 3 second(s)

2022-12-07 17:46:34 - [MESSAGE][PASSED] - Delayed 3 second(s)

2022-12-07 17:46:34 - [TEST_STEP][PASSED] - verifyElementVisible(findTestObject("09-Settings/Users/CSV Invite/div_Sample csv.csv")): Object 'Object Repository/09-Settings/Users/CSV Invite/div_Sample csv.csv' is visible

2022-12-07 17:46:34 - [MESSAGE][PASSED] - Object 'Object Repository/09-Settings/Users/CSV Invite/div_Sample csv.csv' is visible

2022-12-07 17:46:34 - [TEST_STEP][PASSED] - click(findTestObject("09-Settings/Users/CSV Invite/button_Import")): Object: 'Object Repository/09-Settings/Users/CSV Invite/button_Import' is clicked on

2022-12-07 17:46:35 - [MESSAGE][PASSED] - Object: 'Object Repository/09-Settings/Users/CSV Invite/button_Import' is clicked on

2022-12-07 17:46:35 - [TEST_STEP][PASSED] - delay(5): Delayed 5 second(s)

2022-12-07 17:46:40 - [MESSAGE][PASSED] - Delayed 5 second(s)

2022-12-07 17:46:40 - [TEST_STEP][PASSED] - verifyElementVisible(findTestObject("09-Settings/Users/CSV Invite/Success import modal")): Object 'Object Repository/09-Settings/Users/CSV Invite/Success import modal' is visible

2022-12-07 17:46:40 - [MESSAGE][PASSED] - Object 'Object Repository/09-Settings/Users/CSV Invite/Success import modal' is visible

2022-12-07 17:46:40 - [TEST_STEP][PASSED] - click(findTestObject("09-Settings/Users/CSV Invite/button_Close")): Object: 'Object Repository/09-Settings/Users/CSV Invite/button_Close' is clicked on

2022-12-07 17:46:41 - [MESSAGE][PASSED] - Object: 'Object Repository/09-Settings/Users/CSV Invite/button_Close' is clicked on

2022-12-07 17:46:41 - [TEST_STEP][PASSED] - click(findTestObject("09-Settings/Users/CSV Invite/Invited Users tab")): Object: 'Object Repository/09-Settings/Users/CSV Invite/Invited Users tab' is clicked on

2022-12-07 17:46:42 - [MESSAGE][PASSED] - Object: 'Object Repository/09-Settings/Users/CSV Invite/Invited Users tab' is clicked on

2022-12-07 17:46:42 - [TEST_STEP][PASSED] - delay(3): Delayed 3 second(s)

2022-12-07 17:46:45 - [MESSAGE][PASSED] - Delayed 3 second(s)

2022-12-07 17:46:45 - [TEST_STEP][PASSED] - verifyElementVisible(findTestObject("09-Settings/Users/CSV Invite/div_CTCSV test3")): Object 'Object Repository/09-Settings/Users/CSV Invite/div_CTCSV test3' is visible

2022-12-07 17:46:45 - [MESSAGE][PASSED] - Object 'Object Repository/09-Settings/Users/CSV Invite/div_CTCSV test3' is visible

2022-12-07 17:46:45 - [TEST_STEP][PASSED] - verifyElementVisible(findTestObject("09-Settings/Users/CSV Invite/div_autotester08mailinator.com")): Object 'Object Repository/09-Settings/Users/CSV Invite/div_autotester08mailinator.com' is visible

2022-12-07 17:46:45 - [MESSAGE][PASSED] - Object 'Object Repository/09-Settings/Users/CSV Invite/div_autotester08mailinator.com' is visible

2022-12-07 17:46:45 - [TEST_STEP][PASSED] - verifyElementVisible(findTestObject("09-Settings/Users/CSV Invite/div_Partner")): Object 'Object Repository/09-Settings/Users/CSV Invite/div_Partner' is visible

2022-12-07 17:46:46 - [MESSAGE][PASSED] - Object 'Object Repository/09-Settings/Users/CSV Invite/div_Partner' is visible

2022-12-07 17:46:46 - [TEST_STEP][PASSED] - verifyElementVisible(findTestObject("09-Settings/Users/CSV Invite/div_CTCSV test2")): Object 'Object Repository/09-Settings/Users/CSV Invite/div_CTCSV test2' is visible

2022-12-07 17:46:46 - [MESSAGE][PASSED] - Object 'Object Repository/09-Settings/Users/CSV Invite/div_CTCSV test2' is visible

2022-12-07 17:46:46 - [TEST_STEP][PASSED] - verifyElementVisible(findTestObject("09-Settings/Users/CSV Invite/div_autotester07mailinator.com")): Object 'Object Repository/09-Settings/Users/CSV Invite/div_autotester07mailinator.com' is visible

2022-12-07 17:46:46 - [MESSAGE][PASSED] - Object 'Object Repository/09-Settings/Users/CSV Invite/div_autotester07mailinator.com' is visible

2022-12-07 17:46:46 - [TEST_STEP][PASSED] - verifyElementVisible(findTestObject("09-Settings/Users/CSV Invite/div_Client")): Object 'Object Repository/09-Settings/Users/CSV Invite/div_Client' is visible

2022-12-07 17:46:47 - [MESSAGE][PASSED] - Object 'Object Repository/09-Settings/Users/CSV Invite/div_Client' is visible

2022-12-07 17:46:47 - [TEST_STEP][PASSED] - verifyElementVisible(findTestObject("09-Settings/Users/CSV Invite/div_CTCSV test1")): Object 'Object Repository/09-Settings/Users/CSV Invite/div_CTCSV test1' is visible

2022-12-07 17:46:47 - [MESSAGE][PASSED] - Object 'Object Repository/09-Settings/Users/CSV Invite/div_CTCSV test1' is visible

2022-12-07 17:46:47 - [TEST_STEP][PASSED] - verifyElementVisible(findTestObject("09-Settings/Users/CSV Invite/div_autotester06mailinator.com")): Object 'Object Repository/09-Settings/Users/CSV Invite/div_autotester06mailinator.com' is visible

2022-12-07 17:46:47 - [MESSAGE][PASSED] - Object 'Object Repository/09-Settings/Users/CSV Invite/div_autotester06mailinator.com' is visible

2022-12-07 17:46:47 - [TEST_STEP][PASSED] - verifyElementVisible(findTestObject("09-Settings/Users/CSV Invite/div_Coworker")): Object 'Object Repository/09-Settings/Users/CSV Invite/div_Coworker' is visible

2022-12-07 17:46:48 - [MESSAGE][PASSED] - Object 'Object Repository/09-Settings/Users/CSV Invite/div_Coworker' is visible

2022-12-07 17:46:48 - [TEST_STEP][PASSED] - delay(3): Delayed 3 second(s)

2022-12-07 17:46:51 - [MESSAGE][PASSED] - Delayed 3 second(s)

2022-12-07 17:46:51 - [TEST_STEP][PASSED] - closeBrowser(): Browser is closed

2022-12-07 17:46:51 - [MESSAGE][PASSED] - Browser is closed]]></system-out>
         <system-err><![CDATA[]]></system-err>
      </testcase>
      <system-out><![CDATA[2022-12-07 17:31:52 - [TEST_SUITE][PASSED] - 09.1 - Settings (Invite users): Test Cases/09-Settings/05 - Users (Invite batch of users via CSV file)]]></system-out>
      <system-err><![CDATA[]]></system-err>
   </testsuite>
</testsuites>
