<?xml version="1.0" encoding="UTF-8"?>
<testsuites name="03-Header Menu" time="290.079" tests="4" failures="0" errors="0">
   <testsuite name="03-Header Menu" tests="4" failures="0" errors="0" time="290.079" skipped="0" timestamp="2023-04-04 11:28:37" hostname="asus - DESKTOP-3L3J9C1" id="Test Suites/TS-Organization/03-Header Menu">
      <properties>
         <property name="deviceName" value=""/>
         <property name="devicePlatform" value=""/>
         <property name="logFolder" value="C:\\Users\\asus\\Katalon Studio\\Everleagues\\Everleagues\\Reports\\20230404_112820\\TS-Organization\\03-Header Menu\\20230404_112821"/>
         <property name="logFiles" value="C:\\Users\\asus\\Katalon Studio\\Everleagues\\Everleagues\\Reports\\20230404_112820\\TS-Organization\\03-Header Menu\\20230404_112821\\execution0.log"/>
         <property name="attachments" value=""/>
         <property name="hostName" value="asus - DESKTOP-3L3J9C1"/>
         <property name="os" value="Windows 10 64bit"/>
         <property name="katalonVersion" value="8.4.1.208"/>
         <property name="browser" value="Chrome 111.0.0.0"/>
         <property name="hostAddress" value="10.100.1.180"/>
         <property name="sessionId" value="8cd17686cb931596e9257038f84c5603"/>
         <property name="seleniumVersion" value="3.141.59"/>
         <property name="proxyInformation" value="ProxyInformation { proxyOption=NO_PROXY, proxyServerType=HTTP, username=, password=********, proxyServerAddress=, proxyServerPort=0, executionList=&quot;&quot;, isApplyToDesiredCapabilities=true }"/>
         <property name="platform" value="Windows 10"/>
      </properties>
      <testcase name="Test Cases/03-Header Menu/15- Change Password (Blank Fields)" time="128.535" classname="Test Cases/03-Header Menu/15- Change Password (Blank Fields)" status="PASSED">
         <system-out><![CDATA[2023-04-04 11:28:39 - [TEST_CASE][PASSED] - Test Cases/03-Header Menu/15- Change Password (Blank Fields): Test Cases/03-Header Menu/15- Change Password (Blank Fields)

2023-04-04 11:28:43 - [TEST_STEP][PASSED] - openBrowser(""): Browser is opened with url: ''

2023-04-04 11:28:44 - [MESSAGE][INFO] - Starting 'Chrome' driver

2023-04-04 11:28:45 - [MESSAGE][INFO] - Action delay is set to 0 milliseconds

2023-04-04 11:28:54 - [MESSAGE][PASSED] - Browser is opened with url: ''

2023-04-04 11:28:54 - [TEST_STEP][PASSED] - navigateToUrl("https://lab.everleagues.com/login?returnUrl=%2Fmain%2Fdashboard"): Navigate to 'https://lab.everleagues.com/login?returnUrl=%2Fmain%2Fdashboard' successfully

2023-04-04 11:29:21 - [MESSAGE][PASSED] - Navigate to 'https://lab.everleagues.com/login?returnUrl=%2Fmain%2Fdashboard' successfully

2023-04-04 11:29:21 - [TEST_STEP][PASSED] - maximizeWindow(): Current window maximized

2023-04-04 11:29:22 - [MESSAGE][PASSED] - Current window maximized

2023-04-04 11:29:22 - [TEST_STEP][PASSED] - callTestCase(findTestCase("01-Login and Forgot Password/04-Login(Valid Credentials-With Subscription)"), [:], STOP_ON_FAILURE): Call Test Case 'Test Cases/01-Login and Forgot Password/04-Login(Valid Credentials-With Subscription)' successfully

2023-04-04 11:29:22 - [TEST_CASE][PASSED] - Test Cases/01-Login and Forgot Password/04-Login(Valid Credentials-With Subscription): Test Cases/01-Login and Forgot Password/04-Login(Valid Credentials-With Subscription)

2023-04-04 11:29:24 - [TEST_STEP][PASSED] - setText(findTestObject("01-Login and Forgot Password/input_Email_email"), "testuser05@mailinator.com"): Text 'testuser05@mailinator.com' is set on object 'Object Repository/01-Login and Forgot Password/input_Email_email'

2023-04-04 11:29:27 - [MESSAGE][PASSED] - Text 'testuser05@mailinator.com' is set on object 'Object Repository/01-Login and Forgot Password/input_Email_email'

2023-04-04 11:29:27 - [TEST_STEP][PASSED] - setEncryptedText(findTestObject("01-Login and Forgot Password/input_Email_password"), "8yFRyszE6U6jvsCn51OQbg=="): Text ****** has been set on object 'Object Repository/01-Login and Forgot Password/input_Email_password'

2023-04-04 11:29:30 - [MESSAGE][PASSED] - Text ****** has been set on object 'Object Repository/01-Login and Forgot Password/input_Email_password'

2023-04-04 11:29:30 - [TEST_STEP][PASSED] - delay(2): Delayed 2 second(s)

2023-04-04 11:29:32 - [MESSAGE][PASSED] - Delayed 2 second(s)

2023-04-04 11:29:32 - [TEST_STEP][PASSED] - click(findTestObject("01-Login and Forgot Password/show pass button")): Object: 'Object Repository/01-Login and Forgot Password/show pass button' is clicked on

2023-04-04 11:29:33 - [MESSAGE][PASSED] - Object: 'Object Repository/01-Login and Forgot Password/show pass button' is clicked on

2023-04-04 11:29:33 - [TEST_STEP][PASSED] - delay(3): Delayed 3 second(s)

2023-04-04 11:29:36 - [MESSAGE][PASSED] - Delayed 3 second(s)

2023-04-04 11:29:36 - [TEST_STEP][PASSED] - click(findTestObject("01-Login and Forgot Password/button_Sign in")): Object: 'Object Repository/01-Login and Forgot Password/button_Sign in' is clicked on

2023-04-04 11:29:37 - [MESSAGE][PASSED] - Object: 'Object Repository/01-Login and Forgot Password/button_Sign in' is clicked on

2023-04-04 11:29:37 - [TEST_STEP][PASSED] - delay(3): Delayed 3 second(s)

2023-04-04 11:29:40 - [MESSAGE][PASSED] - Delayed 3 second(s)

2023-04-04 11:29:40 - [TEST_STEP][PASSED] - click(findTestObject("06-Teams/For 2FA/button_Confirm_2FA")): Object: 'Object Repository/06-Teams/For 2FA/button_Confirm_2FA' is clicked on

2023-04-04 11:29:41 - [MESSAGE][PASSED] - Object: 'Object Repository/06-Teams/For 2FA/button_Confirm_2FA' is clicked on

2023-04-04 11:29:41 - [TEST_STEP][PASSED] - executeJavaScript("window.open();", []): Execute JavaScript 'window.open();' successfully

2023-04-04 11:29:41 - [MESSAGE][PASSED] - Execute JavaScript 'window.open();' successfully

2023-04-04 11:29:41 - [TEST_STEP][PASSED] - currentWindow = getWindowIndex(): Current window's index is: 0

2023-04-04 11:29:42 - [MESSAGE][PASSED] - Current window's index is: 0

2023-04-04 11:29:42 - [TEST_STEP][PASSED] - delay(3): Delayed 3 second(s)

2023-04-04 11:29:45 - [MESSAGE][PASSED] - Delayed 3 second(s)

2023-04-04 11:29:45 - [TEST_STEP][PASSED] - switchToWindowIndex(currentWindow + 1): Switched to window with index: '1'

2023-04-04 11:29:45 - [MESSAGE][PASSED] - Switched to window with index: '1'

2023-04-04 11:29:45 - [TEST_STEP][PASSED] - navigateToUrl("https://www.mailinator.com/"): Navigate to 'https://www.mailinator.com/' successfully

2023-04-04 11:29:53 - [MESSAGE][PASSED] - Navigate to 'https://www.mailinator.com/' successfully

2023-04-04 11:29:53 - [TEST_STEP][PASSED] - delay(3): Delayed 3 second(s)

2023-04-04 11:29:56 - [MESSAGE][PASSED] - Delayed 3 second(s)

2023-04-04 11:29:56 - [TEST_STEP][PASSED] - setText(findTestObject("00-Signup and Activation/zMailinator/input_LOGIN_search"), "testuser05@mailinator.com"): Text 'testuser05@mailinator.com' is set on object 'Object Repository/00-Signup and Activation/zMailinator/input_LOGIN_search'

2023-04-04 11:29:57 - [MESSAGE][PASSED] - Text 'testuser05@mailinator.com' is set on object 'Object Repository/00-Signup and Activation/zMailinator/input_LOGIN_search'

2023-04-04 11:29:57 - [TEST_STEP][PASSED] - click(findTestObject("00-Signup and Activation/zMailinator/gobutton"), STOP_ON_FAILURE): Object: 'Object Repository/00-Signup and Activation/zMailinator/gobutton' is clicked on

2023-04-04 11:30:00 - [MESSAGE][PASSED] - Object: 'Object Repository/00-Signup and Activation/zMailinator/gobutton' is clicked on

2023-04-04 11:30:00 - [TEST_STEP][PASSED] - delay(3): Delayed 3 second(s)

2023-04-04 11:30:03 - [MESSAGE][PASSED] - Delayed 3 second(s)

2023-04-04 11:30:03 - [TEST_STEP][PASSED] - click(findTestObject("00-Signup and Activation/zMailinator/Email - everleagues")): Object: 'Object Repository/00-Signup and Activation/zMailinator/Email - everleagues' is clicked on

2023-04-04 11:30:04 - [MESSAGE][PASSED] - Object: 'Object Repository/00-Signup and Activation/zMailinator/Email - everleagues' is clicked on

2023-04-04 11:30:04 - [TEST_STEP][PASSED] - delay(3): Delayed 3 second(s)

2023-04-04 11:30:07 - [MESSAGE][PASSED] - Delayed 3 second(s)

2023-04-04 11:30:07 - [TEST_STEP][PASSED] - code = getText(findTestObject("Object Repository/06-Teams/For 2FA/2FA code")): Text of object 'Object Repository/06-Teams/For 2FA/2FA code' is: '826064'

2023-04-04 11:30:08 - [MESSAGE][PASSED] - Text of object 'Object Repository/06-Teams/For 2FA/2FA code' is: '826064'

2023-04-04 11:30:08 - [TEST_STEP][PASSED] - delay(3): Delayed 3 second(s)

2023-04-04 11:30:11 - [MESSAGE][PASSED] - Delayed 3 second(s)

2023-04-04 11:30:11 - [TEST_STEP][PASSED] - closeWindowTitle("Mailinator"): Window with title: 'Mailinator' is closed

2023-04-04 11:30:12 - [MESSAGE][PASSED] - Window with title: 'Mailinator' is closed

2023-04-04 11:30:12 - [TEST_STEP][PASSED] - delay(3): Delayed 3 second(s)

2023-04-04 11:30:15 - [MESSAGE][PASSED] - Delayed 3 second(s)

2023-04-04 11:30:15 - [TEST_STEP][PASSED] - switchToWindowIndex(0): Switched to window with index: '0'

2023-04-04 11:30:15 - [MESSAGE][PASSED] - Switched to window with index: '0'

2023-04-04 11:30:15 - [TEST_STEP][PASSED] - delay(3): Delayed 3 second(s)

2023-04-04 11:30:18 - [MESSAGE][PASSED] - Delayed 3 second(s)

2023-04-04 11:30:18 - [TEST_STEP][PASSED] - setText(findTestObject("Object Repository/06-Teams/For 2FA/input_Enter verification code_code"), code): Text '826064' is set on object 'Object Repository/06-Teams/For 2FA/input_Enter verification code_code'

2023-04-04 11:30:20 - [MESSAGE][PASSED] - Text '826064' is set on object 'Object Repository/06-Teams/For 2FA/input_Enter verification code_code'

2023-04-04 11:30:20 - [TEST_STEP][PASSED] - delay(3): Delayed 3 second(s)

2023-04-04 11:30:23 - [MESSAGE][PASSED] - Delayed 3 second(s)

2023-04-04 11:30:23 - [TEST_STEP][PASSED] - click(findTestObject("06-Teams/For 2FA/button_Verify_2FA")): Object: 'Object Repository/06-Teams/For 2FA/button_Verify_2FA' is clicked on

2023-04-04 11:30:24 - [MESSAGE][PASSED] - Object: 'Object Repository/06-Teams/For 2FA/button_Verify_2FA' is clicked on

2023-04-04 11:30:24 - [TEST_STEP][PASSED] - delay(3): Delayed 3 second(s)

2023-04-04 11:30:27 - [MESSAGE][PASSED] - Delayed 3 second(s)

2023-04-04 11:30:27 - [MESSAGE][PASSED] - Call Test Case 'Test Cases/01-Login and Forgot Password/04-Login(Valid Credentials-With Subscription)' successfully

2023-04-04 11:30:27 - [TEST_STEP][PASSED] - click(findTestObject("03-Header Menu/User Profile/Users Profile menu and notification button/div_User drop down menu button")): Object: 'Object Repository/03-Header Menu/User Profile/Users Profile menu and notification button/div_User drop down menu button' is clicked on

2023-04-04 11:30:31 - [MESSAGE][PASSED] - Object: 'Object Repository/03-Header Menu/User Profile/Users Profile menu and notification button/div_User drop down menu button' is clicked on

2023-04-04 11:30:31 - [TEST_STEP][PASSED] - delay(2): Delayed 2 second(s)

2023-04-04 11:30:33 - [MESSAGE][PASSED] - Delayed 2 second(s)

2023-04-04 11:30:33 - [TEST_STEP][PASSED] - click(findTestObject("03-Header Menu/Header Menu Verifications/h4_Change Password")): Object: 'Object Repository/03-Header Menu/Header Menu Verifications/h4_Change Password' is clicked on

2023-04-04 11:30:34 - [MESSAGE][PASSED] - Object: 'Object Repository/03-Header Menu/Header Menu Verifications/h4_Change Password' is clicked on

2023-04-04 11:30:34 - [TEST_STEP][PASSED] - verifyElementVisible(findTestObject("03-Header Menu/User Profile/Change Password/h4_Change Password")): Object 'Object Repository/03-Header Menu/User Profile/Change Password/h4_Change Password' is visible

2023-04-04 11:30:35 - [MESSAGE][PASSED] - Object 'Object Repository/03-Header Menu/User Profile/Change Password/h4_Change Password' is visible

2023-04-04 11:30:35 - [TEST_STEP][PASSED] - delay(2): Delayed 2 second(s)

2023-04-04 11:30:37 - [MESSAGE][PASSED] - Delayed 2 second(s)

2023-04-04 11:30:37 - [TEST_STEP][PASSED] - click(findTestObject("03-Header Menu/User Profile/Change Password/input_Old password")): Object: 'Object Repository/03-Header Menu/User Profile/Change Password/input_Old password' is clicked on

2023-04-04 11:30:38 - [MESSAGE][PASSED] - Object: 'Object Repository/03-Header Menu/User Profile/Change Password/input_Old password' is clicked on

2023-04-04 11:30:38 - [TEST_STEP][PASSED] - click(findTestObject("03-Header Menu/User Profile/Change Password/input_new password")): Object: 'Object Repository/03-Header Menu/User Profile/Change Password/input_new password' is clicked on

2023-04-04 11:30:39 - [MESSAGE][PASSED] - Object: 'Object Repository/03-Header Menu/User Profile/Change Password/input_new password' is clicked on

2023-04-04 11:30:39 - [TEST_STEP][PASSED] - click(findTestObject("03-Header Menu/User Profile/Change Password/input_Confirm password")): Object: 'Object Repository/03-Header Menu/User Profile/Change Password/input_Confirm password' is clicked on

2023-04-04 11:30:40 - [MESSAGE][PASSED] - Object: 'Object Repository/03-Header Menu/User Profile/Change Password/input_Confirm password' is clicked on

2023-04-04 11:30:40 - [TEST_STEP][PASSED] - click(findTestObject("03-Header Menu/User Profile/Change Password/input_Old password")): Object: 'Object Repository/03-Header Menu/User Profile/Change Password/input_Old password' is clicked on

2023-04-04 11:30:40 - [MESSAGE][PASSED] - Object: 'Object Repository/03-Header Menu/User Profile/Change Password/input_Old password' is clicked on

2023-04-04 11:30:40 - [TEST_STEP][PASSED] - delay(2): Delayed 2 second(s)

2023-04-04 11:30:42 - [MESSAGE][PASSED] - Delayed 2 second(s)

2023-04-04 11:30:42 - [TEST_STEP][PASSED] - verifyElementVisible(findTestObject("03-Header Menu/User Profile/Change Password/error_Enter your password")): Object 'Object Repository/03-Header Menu/User Profile/Change Password/error_Enter your password' is visible

2023-04-04 11:30:43 - [MESSAGE][PASSED] - Object 'Object Repository/03-Header Menu/User Profile/Change Password/error_Enter your password' is visible

2023-04-04 11:30:43 - [TEST_STEP][PASSED] - verifyElementVisible(findTestObject("03-Header Menu/User Profile/Change Password/error_Password must be at least 8 characters")): Object 'Object Repository/03-Header Menu/User Profile/Change Password/error_Password must be at least 8 characters' is visible

2023-04-04 11:30:44 - [MESSAGE][PASSED] - Object 'Object Repository/03-Header Menu/User Profile/Change Password/error_Password must be at least 8 characters' is visible

2023-04-04 11:30:44 - [TEST_STEP][PASSED] - verifyElementNotClickable(findTestObject("03-Header Menu/User Profile/Change Password/button_Change Password")): Object 'Object Repository/03-Header Menu/User Profile/Change Password/button_Change Password' is NOT clickable

2023-04-04 11:30:45 - [MESSAGE][PASSED] - Object 'Object Repository/03-Header Menu/User Profile/Change Password/button_Change Password' is NOT clickable

2023-04-04 11:30:45 - [TEST_STEP][PASSED] - click(findTestObject("03-Header Menu/User Profile/Change Password/button_Cancel")): Object: 'Object Repository/03-Header Menu/User Profile/Change Password/button_Cancel' is clicked on

2023-04-04 11:30:46 - [MESSAGE][PASSED] - Object: 'Object Repository/03-Header Menu/User Profile/Change Password/button_Cancel' is clicked on

2023-04-04 11:30:46 - [TEST_STEP][PASSED] - delay(2): Delayed 2 second(s)

2023-04-04 11:30:48 - [MESSAGE][PASSED] - Delayed 2 second(s)]]></system-out>
         <system-err><![CDATA[]]></system-err>
      </testcase>
      <testcase name="Test Cases/03-Header Menu/16- Change Password (Incorrect Old Password)" time="17.603" classname="Test Cases/03-Header Menu/16- Change Password (Incorrect Old Password)" status="PASSED">
         <system-out><![CDATA[2023-04-04 11:30:48 - [TEST_CASE][PASSED] - Test Cases/03-Header Menu/16- Change Password (Incorrect Old Password): Test Cases/03-Header Menu/16- Change Password (Incorrect Old Password)

2023-04-04 11:30:50 - [TEST_STEP][PASSED] - click(findTestObject("03-Header Menu/User Profile/Users Profile menu and notification button/div_User drop down menu button")): Object: 'Object Repository/03-Header Menu/User Profile/Users Profile menu and notification button/div_User drop down menu button' is clicked on

2023-04-04 11:30:51 - [MESSAGE][PASSED] - Object: 'Object Repository/03-Header Menu/User Profile/Users Profile menu and notification button/div_User drop down menu button' is clicked on

2023-04-04 11:30:51 - [TEST_STEP][PASSED] - delay(2): Delayed 2 second(s)

2023-04-04 11:30:53 - [MESSAGE][PASSED] - Delayed 2 second(s)

2023-04-04 11:30:53 - [TEST_STEP][PASSED] - click(findTestObject("03-Header Menu/Header Menu Verifications/h4_Change Password")): Object: 'Object Repository/03-Header Menu/Header Menu Verifications/h4_Change Password' is clicked on

2023-04-04 11:30:54 - [MESSAGE][PASSED] - Object: 'Object Repository/03-Header Menu/Header Menu Verifications/h4_Change Password' is clicked on

2023-04-04 11:30:54 - [TEST_STEP][PASSED] - delay(1): Delayed 1 second(s)

2023-04-04 11:30:55 - [MESSAGE][PASSED] - Delayed 1 second(s)

2023-04-04 11:30:55 - [TEST_STEP][PASSED] - setText(findTestObject("03-Header Menu/User Profile/Change Password/input_Old password"), "wrongoldpassword"): Text 'wrongoldpassword' is set on object 'Object Repository/03-Header Menu/User Profile/Change Password/input_Old password'

2023-04-04 11:30:57 - [MESSAGE][PASSED] - Text 'wrongoldpassword' is set on object 'Object Repository/03-Header Menu/User Profile/Change Password/input_Old password'

2023-04-04 11:30:57 - [TEST_STEP][PASSED] - setText(findTestObject("03-Header Menu/User Profile/Change Password/input_new password"), "Qazwsx123"): Text 'Qazwsx123' is set on object 'Object Repository/03-Header Menu/User Profile/Change Password/input_new password'

2023-04-04 11:30:59 - [MESSAGE][PASSED] - Text 'Qazwsx123' is set on object 'Object Repository/03-Header Menu/User Profile/Change Password/input_new password'

2023-04-04 11:30:59 - [TEST_STEP][PASSED] - setText(findTestObject("03-Header Menu/User Profile/Change Password/input_Confirm password"), "Qazwsx123"): Text 'Qazwsx123' is set on object 'Object Repository/03-Header Menu/User Profile/Change Password/input_Confirm password'

2023-04-04 11:31:00 - [MESSAGE][PASSED] - Text 'Qazwsx123' is set on object 'Object Repository/03-Header Menu/User Profile/Change Password/input_Confirm password'

2023-04-04 11:31:00 - [TEST_STEP][PASSED] - click(findTestObject("03-Header Menu/User Profile/Change Password/button_Change Password")): Object: 'Object Repository/03-Header Menu/User Profile/Change Password/button_Change Password' is clicked on

2023-04-04 11:31:01 - [MESSAGE][PASSED] - Object: 'Object Repository/03-Header Menu/User Profile/Change Password/button_Change Password' is clicked on

2023-04-04 11:31:01 - [TEST_STEP][PASSED] - verifyElementVisible(findTestObject("03-Header Menu/User Profile/Change Password/Failed to change password")): Object 'Object Repository/03-Header Menu/User Profile/Change Password/Failed to change password' is visible

2023-04-04 11:31:03 - [MESSAGE][PASSED] - Object 'Object Repository/03-Header Menu/User Profile/Change Password/Failed to change password' is visible

2023-04-04 11:31:03 - [TEST_STEP][PASSED] - click(findTestObject("09-Settings/Users/Active User/button_Cancel_restore")): Object: 'Object Repository/09-Settings/Users/Active User/button_Cancel_restore' is clicked on

2023-04-04 11:31:03 - [MESSAGE][PASSED] - Object: 'Object Repository/09-Settings/Users/Active User/button_Cancel_restore' is clicked on

2023-04-04 11:31:03 - [TEST_STEP][PASSED] - delay(2): Delayed 2 second(s)

2023-04-04 11:31:05 - [MESSAGE][PASSED] - Delayed 2 second(s)]]></system-out>
         <system-err><![CDATA[]]></system-err>
      </testcase>
      <testcase name="Test Cases/03-Header Menu/17- Change Password (old and new didnt match)" time="17.624" classname="Test Cases/03-Header Menu/17- Change Password (old and new didnt match)" status="PASSED">
         <system-out><![CDATA[2023-04-04 11:31:05 - [TEST_CASE][PASSED] - Test Cases/03-Header Menu/17- Change Password (old and new didnt match): Test Cases/03-Header Menu/17- Change Password (old and new didnt match)

2023-04-04 11:31:07 - [TEST_STEP][PASSED] - click(findTestObject("03-Header Menu/User Profile/Users Profile menu and notification button/div_User drop down menu button")): Object: 'Object Repository/03-Header Menu/User Profile/Users Profile menu and notification button/div_User drop down menu button' is clicked on

2023-04-04 11:31:08 - [MESSAGE][PASSED] - Object: 'Object Repository/03-Header Menu/User Profile/Users Profile menu and notification button/div_User drop down menu button' is clicked on

2023-04-04 11:31:08 - [TEST_STEP][PASSED] - delay(2): Delayed 2 second(s)

2023-04-04 11:31:10 - [MESSAGE][PASSED] - Delayed 2 second(s)

2023-04-04 11:31:10 - [TEST_STEP][PASSED] - click(findTestObject("03-Header Menu/Header Menu Verifications/h4_Change Password")): Object: 'Object Repository/03-Header Menu/Header Menu Verifications/h4_Change Password' is clicked on

2023-04-04 11:31:11 - [MESSAGE][PASSED] - Object: 'Object Repository/03-Header Menu/Header Menu Verifications/h4_Change Password' is clicked on

2023-04-04 11:31:11 - [TEST_STEP][PASSED] - delay(1): Delayed 1 second(s)

2023-04-04 11:31:12 - [MESSAGE][PASSED] - Delayed 1 second(s)

2023-04-04 11:31:12 - [TEST_STEP][PASSED] - setEncryptedText(findTestObject("03-Header Menu/User Profile/Change Password/input_Old password"), "8yFRyszE6U6jvsCn51OQbg=="): Text ****** has been set on object 'Object Repository/03-Header Menu/User Profile/Change Password/input_Old password'

2023-04-04 11:31:14 - [MESSAGE][PASSED] - Text ****** has been set on object 'Object Repository/03-Header Menu/User Profile/Change Password/input_Old password'

2023-04-04 11:31:14 - [TEST_STEP][PASSED] - setText(findTestObject("03-Header Menu/User Profile/Change Password/input_new password"), "wrongformatpass"): Text 'wrongformatpass' is set on object 'Object Repository/03-Header Menu/User Profile/Change Password/input_new password'

2023-04-04 11:31:16 - [MESSAGE][PASSED] - Text 'wrongformatpass' is set on object 'Object Repository/03-Header Menu/User Profile/Change Password/input_new password'

2023-04-04 11:31:16 - [TEST_STEP][PASSED] - setText(findTestObject("03-Header Menu/User Profile/Change Password/input_Confirm password"), "xmatch"): Text 'xmatch' is set on object 'Object Repository/03-Header Menu/User Profile/Change Password/input_Confirm password'

2023-04-04 11:31:18 - [MESSAGE][PASSED] - Text 'xmatch' is set on object 'Object Repository/03-Header Menu/User Profile/Change Password/input_Confirm password'

2023-04-04 11:31:18 - [TEST_STEP][PASSED] - click(findTestObject("03-Header Menu/User Profile/Change Password/input_Old password")): Object: 'Object Repository/03-Header Menu/User Profile/Change Password/input_Old password' is clicked on

2023-04-04 11:31:19 - [MESSAGE][PASSED] - Object: 'Object Repository/03-Header Menu/User Profile/Change Password/input_Old password' is clicked on

2023-04-04 11:31:19 - [TEST_STEP][PASSED] - verifyElementVisible(findTestObject("03-Header Menu/User Profile/Change Password/error_Password must be at least 8 characters")): Object 'Object Repository/03-Header Menu/User Profile/Change Password/error_Password must be at least 8 characters' is visible

2023-04-04 11:31:19 - [MESSAGE][PASSED] - Object 'Object Repository/03-Header Menu/User Profile/Change Password/error_Password must be at least 8 characters' is visible

2023-04-04 11:31:19 - [TEST_STEP][PASSED] - verifyElementVisible(findTestObject("03-Header Menu/User Profile/Change Password/error_Password does not match")): Object 'Object Repository/03-Header Menu/User Profile/Change Password/error_Password does not match' is visible

2023-04-04 11:31:20 - [MESSAGE][PASSED] - Object 'Object Repository/03-Header Menu/User Profile/Change Password/error_Password does not match' is visible

2023-04-04 11:31:20 - [TEST_STEP][PASSED] - verifyElementNotClickable(findTestObject("03-Header Menu/User Profile/Change Password/button_Change Password")): Object 'Object Repository/03-Header Menu/User Profile/Change Password/button_Change Password' is NOT clickable

2023-04-04 11:31:21 - [MESSAGE][PASSED] - Object 'Object Repository/03-Header Menu/User Profile/Change Password/button_Change Password' is NOT clickable

2023-04-04 11:31:21 - [TEST_STEP][PASSED] - delay(2): Delayed 2 second(s)

2023-04-04 11:31:23 - [MESSAGE][PASSED] - Delayed 2 second(s)]]></system-out>
         <system-err><![CDATA[]]></system-err>
      </testcase>
      <testcase name="Test Cases/03-Header Menu/18-Change Password(Positive Scenario)" time="123.921" classname="Test Cases/03-Header Menu/18-Change Password(Positive Scenario)" status="PASSED">
         <system-out><![CDATA[2023-04-04 11:31:23 - [TEST_CASE][PASSED] - Test Cases/03-Header Menu/18-Change Password(Positive Scenario): Test Cases/03-Header Menu/18-Change Password(Positive Scenario)

2023-04-04 11:31:25 - [TEST_STEP][PASSED] - setEncryptedText(findTestObject("03-Header Menu/User Profile/Change Password/input_Old password"), "8yFRyszE6U6jvsCn51OQbg=="): Text ****** has been set on object 'Object Repository/03-Header Menu/User Profile/Change Password/input_Old password'

2023-04-04 11:31:26 - [MESSAGE][PASSED] - Text ****** has been set on object 'Object Repository/03-Header Menu/User Profile/Change Password/input_Old password'

2023-04-04 11:31:26 - [TEST_STEP][PASSED] - setEncryptedText(findTestObject("03-Header Menu/User Profile/Change Password/input_new password"), "SYb/3ow/20+o2oI9OaGCEA=="): Text ****** has been set on object 'Object Repository/03-Header Menu/User Profile/Change Password/input_new password'

2023-04-04 11:31:27 - [MESSAGE][PASSED] - Text ****** has been set on object 'Object Repository/03-Header Menu/User Profile/Change Password/input_new password'

2023-04-04 11:31:27 - [TEST_STEP][PASSED] - setEncryptedText(findTestObject("03-Header Menu/User Profile/Change Password/input_Confirm password"), "SYb/3ow/20+o2oI9OaGCEA=="): Text ****** has been set on object 'Object Repository/03-Header Menu/User Profile/Change Password/input_Confirm password'

2023-04-04 11:31:28 - [MESSAGE][PASSED] - Text ****** has been set on object 'Object Repository/03-Header Menu/User Profile/Change Password/input_Confirm password'

2023-04-04 11:31:28 - [TEST_STEP][PASSED] - click(findTestObject("03-Header Menu/User Profile/Change Password/button_Change Password")): Object: 'Object Repository/03-Header Menu/User Profile/Change Password/button_Change Password' is clicked on

2023-04-04 11:31:29 - [MESSAGE][PASSED] - Object: 'Object Repository/03-Header Menu/User Profile/Change Password/button_Change Password' is clicked on

2023-04-04 11:31:29 - [TEST_STEP][PASSED] - verifyElementVisible(findTestObject("03-Header Menu/User Profile/Change Password/Successfully changed password")): Object 'Object Repository/03-Header Menu/User Profile/Change Password/Successfully changed password' is visible

2023-04-04 11:31:31 - [MESSAGE][PASSED] - Object 'Object Repository/03-Header Menu/User Profile/Change Password/Successfully changed password' is visible

2023-04-04 11:31:31 - [TEST_STEP][PASSED] - delay(2): Delayed 2 second(s)

2023-04-04 11:31:33 - [MESSAGE][PASSED] - Delayed 2 second(s)

2023-04-04 11:31:33 - [TEST_STEP][PASSED] - click(findTestObject("03-Header Menu/User Profile/Users Profile menu and notification button/div_User drop down menu button")): Object: 'Object Repository/03-Header Menu/User Profile/Users Profile menu and notification button/div_User drop down menu button' is clicked on

2023-04-04 11:31:35 - [MESSAGE][PASSED] - Object: 'Object Repository/03-Header Menu/User Profile/Users Profile menu and notification button/div_User drop down menu button' is clicked on

2023-04-04 11:31:35 - [TEST_STEP][PASSED] - delay(2): Delayed 2 second(s)

2023-04-04 11:31:37 - [MESSAGE][PASSED] - Delayed 2 second(s)

2023-04-04 11:31:37 - [TEST_STEP][PASSED] - click(findTestObject("03-Header Menu/Header Menu Verifications/h4_Sign Out")): Object: 'Object Repository/03-Header Menu/Header Menu Verifications/h4_Sign Out' is clicked on

2023-04-04 11:31:38 - [MESSAGE][PASSED] - Object: 'Object Repository/03-Header Menu/Header Menu Verifications/h4_Sign Out' is clicked on

2023-04-04 11:31:38 - [TEST_STEP][PASSED] - delay(2): Delayed 2 second(s)

2023-04-04 11:31:40 - [MESSAGE][PASSED] - Delayed 2 second(s)

2023-04-04 11:31:40 - [TEST_STEP][PASSED] - closeBrowser(): Browser is closed

2023-04-04 11:31:43 - [MESSAGE][PASSED] - Browser is closed

2023-04-04 11:31:43 - [TEST_STEP][PASSED] - openBrowser(""): Browser is opened with url: ''

2023-04-04 11:31:43 - [MESSAGE][INFO] - Starting 'Chrome' driver

2023-04-04 11:31:43 - [MESSAGE][INFO] - Action delay is set to 0 milliseconds

2023-04-04 11:31:47 - [MESSAGE][PASSED] - Browser is opened with url: ''

2023-04-04 11:31:47 - [TEST_STEP][PASSED] - navigateToUrl("https://lab.everleagues.com/"): Navigate to 'https://lab.everleagues.com/' successfully

2023-04-04 11:32:10 - [MESSAGE][PASSED] - Navigate to 'https://lab.everleagues.com/' successfully

2023-04-04 11:32:10 - [TEST_STEP][PASSED] - maximizeWindow(): Current window maximized

2023-04-04 11:32:10 - [MESSAGE][PASSED] - Current window maximized

2023-04-04 11:32:10 - [TEST_STEP][PASSED] - setText(findTestObject("02-Side Icons(Organization)/Add Contact/Email Field"), "testuser05@mailinator.com"): Text 'testuser05@mailinator.com' is set on object 'Object Repository/02-Side Icons(Organization)/Add Contact/Email Field'

2023-04-04 11:32:14 - [MESSAGE][PASSED] - Text 'testuser05@mailinator.com' is set on object 'Object Repository/02-Side Icons(Organization)/Add Contact/Email Field'

2023-04-04 11:32:14 - [TEST_STEP][PASSED] - setEncryptedText(findTestObject("02-Side Icons(Organization)/Add Contact/Password Field"), "SYb/3ow/20+o2oI9OaGCEA=="): Text ****** has been set on object 'Object Repository/02-Side Icons(Organization)/Add Contact/Password Field'

2023-04-04 11:32:15 - [MESSAGE][PASSED] - Text ****** has been set on object 'Object Repository/02-Side Icons(Organization)/Add Contact/Password Field'

2023-04-04 11:32:15 - [TEST_STEP][PASSED] - click(findTestObject("02-Side Icons(Organization)/Add Contact/button_Sign in")): Object: 'Object Repository/02-Side Icons(Organization)/Add Contact/button_Sign in' is clicked on

2023-04-04 11:32:16 - [MESSAGE][PASSED] - Object: 'Object Repository/02-Side Icons(Organization)/Add Contact/button_Sign in' is clicked on

2023-04-04 11:32:16 - [TEST_STEP][PASSED] - delay(2): Delayed 2 second(s)

2023-04-04 11:32:18 - [MESSAGE][PASSED] - Delayed 2 second(s)

2023-04-04 11:32:18 - [TEST_STEP][PASSED] - click(findTestObject("06-Teams/For 2FA/button_Confirm_2FA")): Object: 'Object Repository/06-Teams/For 2FA/button_Confirm_2FA' is clicked on

2023-04-04 11:32:19 - [MESSAGE][PASSED] - Object: 'Object Repository/06-Teams/For 2FA/button_Confirm_2FA' is clicked on

2023-04-04 11:32:19 - [TEST_STEP][PASSED] - executeJavaScript("window.open();", []): Execute JavaScript 'window.open();' successfully

2023-04-04 11:32:19 - [MESSAGE][PASSED] - Execute JavaScript 'window.open();' successfully

2023-04-04 11:32:19 - [TEST_STEP][PASSED] - currentWindow = getWindowIndex(): Current window's index is: 0

2023-04-04 11:32:19 - [MESSAGE][PASSED] - Current window's index is: 0

2023-04-04 11:32:19 - [TEST_STEP][PASSED] - delay(3): Delayed 3 second(s)

2023-04-04 11:32:22 - [MESSAGE][PASSED] - Delayed 3 second(s)

2023-04-04 11:32:22 - [TEST_STEP][PASSED] - switchToWindowIndex(currentWindow + 1): Switched to window with index: '1'

2023-04-04 11:32:22 - [MESSAGE][PASSED] - Switched to window with index: '1'

2023-04-04 11:32:22 - [TEST_STEP][PASSED] - navigateToUrl("https://www.mailinator.com/"): Navigate to 'https://www.mailinator.com/' successfully

2023-04-04 11:32:31 - [MESSAGE][PASSED] - Navigate to 'https://www.mailinator.com/' successfully

2023-04-04 11:32:31 - [TEST_STEP][PASSED] - delay(3): Delayed 3 second(s)

2023-04-04 11:32:34 - [MESSAGE][PASSED] - Delayed 3 second(s)

2023-04-04 11:32:34 - [TEST_STEP][PASSED] - setText(findTestObject("00-Signup and Activation/zMailinator/input_LOGIN_search"), "testuser05@mailinator.com"): Text 'testuser05@mailinator.com' is set on object 'Object Repository/00-Signup and Activation/zMailinator/input_LOGIN_search'

2023-04-04 11:32:35 - [MESSAGE][PASSED] - Text 'testuser05@mailinator.com' is set on object 'Object Repository/00-Signup and Activation/zMailinator/input_LOGIN_search'

2023-04-04 11:32:35 - [TEST_STEP][PASSED] - click(findTestObject("00-Signup and Activation/zMailinator/gobutton"), STOP_ON_FAILURE): Object: 'Object Repository/00-Signup and Activation/zMailinator/gobutton' is clicked on

2023-04-04 11:32:38 - [MESSAGE][PASSED] - Object: 'Object Repository/00-Signup and Activation/zMailinator/gobutton' is clicked on

2023-04-04 11:32:38 - [TEST_STEP][PASSED] - delay(3): Delayed 3 second(s)

2023-04-04 11:32:41 - [MESSAGE][PASSED] - Delayed 3 second(s)

2023-04-04 11:32:41 - [TEST_STEP][PASSED] - click(findTestObject("00-Signup and Activation/zMailinator/Email - everleagues")): Object: 'Object Repository/00-Signup and Activation/zMailinator/Email - everleagues' is clicked on

2023-04-04 11:32:43 - [MESSAGE][PASSED] - Object: 'Object Repository/00-Signup and Activation/zMailinator/Email - everleagues' is clicked on

2023-04-04 11:32:43 - [TEST_STEP][PASSED] - delay(3): Delayed 3 second(s)

2023-04-04 11:32:46 - [MESSAGE][PASSED] - Delayed 3 second(s)

2023-04-04 11:32:46 - [TEST_STEP][PASSED] - code = getText(findTestObject("Object Repository/06-Teams/For 2FA/2FA code")): Text of object 'Object Repository/06-Teams/For 2FA/2FA code' is: '914768'

2023-04-04 11:32:47 - [MESSAGE][PASSED] - Text of object 'Object Repository/06-Teams/For 2FA/2FA code' is: '914768'

2023-04-04 11:32:47 - [TEST_STEP][PASSED] - delay(3): Delayed 3 second(s)

2023-04-04 11:32:50 - [MESSAGE][PASSED] - Delayed 3 second(s)

2023-04-04 11:32:50 - [TEST_STEP][PASSED] - closeWindowTitle("Mailinator"): Window with title: 'Mailinator' is closed

2023-04-04 11:32:51 - [MESSAGE][PASSED] - Window with title: 'Mailinator' is closed

2023-04-04 11:32:51 - [TEST_STEP][PASSED] - delay(3): Delayed 3 second(s)

2023-04-04 11:32:54 - [MESSAGE][PASSED] - Delayed 3 second(s)

2023-04-04 11:32:54 - [TEST_STEP][PASSED] - switchToWindowIndex(0): Switched to window with index: '0'

2023-04-04 11:32:54 - [MESSAGE][PASSED] - Switched to window with index: '0'

2023-04-04 11:32:54 - [TEST_STEP][PASSED] - delay(3): Delayed 3 second(s)

2023-04-04 11:32:57 - [MESSAGE][PASSED] - Delayed 3 second(s)

2023-04-04 11:32:57 - [TEST_STEP][PASSED] - setText(findTestObject("Object Repository/06-Teams/For 2FA/input_Enter verification code_code"), code): Text '914768' is set on object 'Object Repository/06-Teams/For 2FA/input_Enter verification code_code'

2023-04-04 11:32:58 - [MESSAGE][PASSED] - Text '914768' is set on object 'Object Repository/06-Teams/For 2FA/input_Enter verification code_code'

2023-04-04 11:32:58 - [TEST_STEP][PASSED] - delay(3): Delayed 3 second(s)

2023-04-04 11:33:01 - [MESSAGE][PASSED] - Delayed 3 second(s)

2023-04-04 11:33:01 - [TEST_STEP][PASSED] - click(findTestObject("06-Teams/For 2FA/button_Verify_2FA")): Object: 'Object Repository/06-Teams/For 2FA/button_Verify_2FA' is clicked on

2023-04-04 11:33:02 - [MESSAGE][PASSED] - Object: 'Object Repository/06-Teams/For 2FA/button_Verify_2FA' is clicked on

2023-04-04 11:33:02 - [TEST_STEP][PASSED] - delay(5): Delayed 5 second(s)

2023-04-04 11:33:07 - [MESSAGE][PASSED] - Delayed 5 second(s)

2023-04-04 11:33:07 - [TEST_STEP][PASSED] - click(findTestObject("03-Header Menu/User Profile/Users Profile menu and notification button/div_User drop down menu button")): Object: 'Object Repository/03-Header Menu/User Profile/Users Profile menu and notification button/div_User drop down menu button' is clicked on

2023-04-04 11:33:10 - [MESSAGE][PASSED] - Object: 'Object Repository/03-Header Menu/User Profile/Users Profile menu and notification button/div_User drop down menu button' is clicked on

2023-04-04 11:33:10 - [TEST_STEP][PASSED] - delay(2): Delayed 2 second(s)

2023-04-04 11:33:12 - [MESSAGE][PASSED] - Delayed 2 second(s)

2023-04-04 11:33:12 - [TEST_STEP][PASSED] - click(findTestObject("03-Header Menu/Header Menu Verifications/h4_Change Password")): Object: 'Object Repository/03-Header Menu/Header Menu Verifications/h4_Change Password' is clicked on

2023-04-04 11:33:13 - [MESSAGE][PASSED] - Object: 'Object Repository/03-Header Menu/Header Menu Verifications/h4_Change Password' is clicked on

2023-04-04 11:33:13 - [TEST_STEP][PASSED] - verifyElementVisible(findTestObject("03-Header Menu/User Profile/Change Password/h4_Change Password")): Object 'Object Repository/03-Header Menu/User Profile/Change Password/h4_Change Password' is visible

2023-04-04 11:33:14 - [MESSAGE][PASSED] - Object 'Object Repository/03-Header Menu/User Profile/Change Password/h4_Change Password' is visible

2023-04-04 11:33:14 - [TEST_STEP][PASSED] - delay(2): Delayed 2 second(s)

2023-04-04 11:33:16 - [MESSAGE][PASSED] - Delayed 2 second(s)

2023-04-04 11:33:16 - [TEST_STEP][PASSED] - setEncryptedText(findTestObject("03-Header Menu/User Profile/Change Password/input_Old password"), "SYb/3ow/20+o2oI9OaGCEA=="): Text ****** has been set on object 'Object Repository/03-Header Menu/User Profile/Change Password/input_Old password'

2023-04-04 11:33:17 - [MESSAGE][PASSED] - Text ****** has been set on object 'Object Repository/03-Header Menu/User Profile/Change Password/input_Old password'

2023-04-04 11:33:17 - [TEST_STEP][PASSED] - setEncryptedText(findTestObject("03-Header Menu/User Profile/Change Password/input_new password"), "8yFRyszE6U6jvsCn51OQbg=="): Text ****** has been set on object 'Object Repository/03-Header Menu/User Profile/Change Password/input_new password'

2023-04-04 11:33:18 - [MESSAGE][PASSED] - Text ****** has been set on object 'Object Repository/03-Header Menu/User Profile/Change Password/input_new password'

2023-04-04 11:33:18 - [TEST_STEP][PASSED] - setEncryptedText(findTestObject("03-Header Menu/User Profile/Change Password/input_Confirm password"), "8yFRyszE6U6jvsCn51OQbg=="): Text ****** has been set on object 'Object Repository/03-Header Menu/User Profile/Change Password/input_Confirm password'

2023-04-04 11:33:19 - [MESSAGE][PASSED] - Text ****** has been set on object 'Object Repository/03-Header Menu/User Profile/Change Password/input_Confirm password'

2023-04-04 11:33:19 - [TEST_STEP][PASSED] - click(findTestObject("03-Header Menu/User Profile/Change Password/button_Change Password")): Object: 'Object Repository/03-Header Menu/User Profile/Change Password/button_Change Password' is clicked on

2023-04-04 11:33:20 - [MESSAGE][PASSED] - Object: 'Object Repository/03-Header Menu/User Profile/Change Password/button_Change Password' is clicked on

2023-04-04 11:33:20 - [TEST_STEP][PASSED] - verifyElementVisible(findTestObject("03-Header Menu/User Profile/Change Password/Successfully changed password")): Object 'Object Repository/03-Header Menu/User Profile/Change Password/Successfully changed password' is visible

2023-04-04 11:33:23 - [MESSAGE][PASSED] - Object 'Object Repository/03-Header Menu/User Profile/Change Password/Successfully changed password' is visible

2023-04-04 11:33:23 - [TEST_STEP][PASSED] - delay(2): Delayed 2 second(s)

2023-04-04 11:33:25 - [MESSAGE][PASSED] - Delayed 2 second(s)

2023-04-04 11:33:25 - [TEST_STEP][PASSED] - closeBrowser(): Browser is closed

2023-04-04 11:33:27 - [MESSAGE][PASSED] - Browser is closed]]></system-out>
         <system-err><![CDATA[]]></system-err>
      </testcase>
      <system-out><![CDATA[2023-04-04 11:28:37 - [TEST_SUITE][PASSED] - 03-Header Menu: Test Cases/03-Header Menu/18-Change Password(Positive Scenario)]]></system-out>
      <system-err><![CDATA[]]></system-err>
   </testsuite>
</testsuites>
