<?xml version="1.0" encoding="UTF-8"?>
<testsuites name="09.2 - Settings (Active user)" time="445.827" tests="10" failures="0" errors="0">
   <testsuite name="09.2 - Settings (Active user)" tests="10" failures="0" errors="0" time="445.827" skipped="0" timestamp="2023-03-01 14:40:22" hostname="asus - DESKTOP-3L3J9C1" id="Test Suites/TS-Organization/09.2 - Settings (Active user)">
      <properties>
         <property name="deviceName" value=""/>
         <property name="devicePlatform" value=""/>
         <property name="logFolder" value="C:\\Users\\asus\\Katalon Studio\\Everleagues\\Everleagues\\Reports\\20230301_144004\\TS-Organization\\09.2 - Settings (Active user)\\20230301_144004"/>
         <property name="logFiles" value="C:\\Users\\asus\\Katalon Studio\\Everleagues\\Everleagues\\Reports\\20230301_144004\\TS-Organization\\09.2 - Settings (Active user)\\20230301_144004\\execution0.log"/>
         <property name="attachments" value=""/>
         <property name="hostName" value="asus - DESKTOP-3L3J9C1"/>
         <property name="os" value="Windows 10 64bit"/>
         <property name="katalonVersion" value="8.4.1.208"/>
         <property name="browser" value="Chrome 110.0.0.0"/>
         <property name="hostAddress" value="10.100.1.179"/>
         <property name="sessionId" value="a438f6768d60885cdd4ccdef673894f7"/>
         <property name="seleniumVersion" value="3.141.59"/>
         <property name="proxyInformation" value="ProxyInformation { proxyOption=NO_PROXY, proxyServerType=HTTP, username=, password=********, proxyServerAddress=, proxyServerPort=0, executionList=&quot;&quot;, isApplyToDesiredCapabilities=true }"/>
         <property name="platform" value="Windows 10"/>
      </properties>
      <testcase name="Test Cases/09-Settings/06 - Users (Active User - Search user)" time="164.109" classname="Test Cases/09-Settings/06 - Users (Active User - Search user)" status="PASSED">
         <system-out><![CDATA[2023-03-01 14:40:24 - [TEST_CASE][PASSED] - Test Cases/09-Settings/06 - Users (Active User - Search user): Test Cases/09-Settings/06 - Users (Active User - Search user)

2023-03-01 14:40:26 - [TEST_STEP][PASSED] - openBrowser(""): Browser is opened with url: ''

2023-03-01 14:40:28 - [MESSAGE][INFO] - Starting 'Chrome' driver

2023-03-01 14:40:28 - [MESSAGE][INFO] - Action delay is set to 0 milliseconds

2023-03-01 14:40:39 - [MESSAGE][PASSED] - Browser is opened with url: ''

2023-03-01 14:40:39 - [TEST_STEP][PASSED] - navigateToUrl("https://lab.everleagues.com/"): Navigate to 'https://lab.everleagues.com/' successfully

2023-03-01 14:41:08 - [MESSAGE][PASSED] - Navigate to 'https://lab.everleagues.com/' successfully

2023-03-01 14:41:08 - [TEST_STEP][PASSED] - maximizeWindow(): Current window maximized

2023-03-01 14:41:09 - [MESSAGE][PASSED] - Current window maximized

2023-03-01 14:41:09 - [TEST_STEP][PASSED] - callTestCase(findTestCase("01-Login and Forgot Password/04-Login(Valid Credentials-With Subscription)"), [:], STOP_ON_FAILURE): Call Test Case 'Test Cases/01-Login and Forgot Password/04-Login(Valid Credentials-With Subscription)' successfully

2023-03-01 14:41:10 - [TEST_CASE][PASSED] - Test Cases/01-Login and Forgot Password/04-Login(Valid Credentials-With Subscription): Test Cases/01-Login and Forgot Password/04-Login(Valid Credentials-With Subscription)

2023-03-01 14:41:13 - [TEST_STEP][PASSED] - setText(findTestObject("01-Login and Forgot Password/input_Email_email"), "testuser02@mailinator.com"): Text 'testuser02@mailinator.com' is set on object 'Object Repository/01-Login and Forgot Password/input_Email_email'

2023-03-01 14:41:21 - [MESSAGE][PASSED] - Text 'testuser02@mailinator.com' is set on object 'Object Repository/01-Login and Forgot Password/input_Email_email'

2023-03-01 14:41:21 - [TEST_STEP][PASSED] - setEncryptedText(findTestObject("01-Login and Forgot Password/input_Email_password"), "8yFRyszE6U6jvsCn51OQbg=="): Text ****** has been set on object 'Object Repository/01-Login and Forgot Password/input_Email_password'

2023-03-01 14:41:24 - [MESSAGE][PASSED] - Text ****** has been set on object 'Object Repository/01-Login and Forgot Password/input_Email_password'

2023-03-01 14:41:24 - [TEST_STEP][PASSED] - delay(2): Delayed 2 second(s)

2023-03-01 14:41:26 - [MESSAGE][PASSED] - Delayed 2 second(s)

2023-03-01 14:41:26 - [TEST_STEP][PASSED] - click(findTestObject("01-Login and Forgot Password/show pass button")): Object: 'Object Repository/01-Login and Forgot Password/show pass button' is clicked on

2023-03-01 14:41:27 - [MESSAGE][PASSED] - Object: 'Object Repository/01-Login and Forgot Password/show pass button' is clicked on

2023-03-01 14:41:27 - [TEST_STEP][PASSED] - delay(3): Delayed 3 second(s)

2023-03-01 14:41:30 - [MESSAGE][PASSED] - Delayed 3 second(s)

2023-03-01 14:41:30 - [TEST_STEP][PASSED] - click(findTestObject("01-Login and Forgot Password/button_Sign in")): Object: 'Object Repository/01-Login and Forgot Password/button_Sign in' is clicked on

2023-03-01 14:41:31 - [MESSAGE][PASSED] - Object: 'Object Repository/01-Login and Forgot Password/button_Sign in' is clicked on

2023-03-01 14:41:31 - [TEST_STEP][PASSED] - delay(3): Delayed 3 second(s)

2023-03-01 14:41:34 - [MESSAGE][PASSED] - Delayed 3 second(s)

2023-03-01 14:41:34 - [TEST_STEP][PASSED] - click(findTestObject("06-Teams/For 2FA/button_Confirm_2FA")): Object: 'Object Repository/06-Teams/For 2FA/button_Confirm_2FA' is clicked on

2023-03-01 14:41:34 - [MESSAGE][PASSED] - Object: 'Object Repository/06-Teams/For 2FA/button_Confirm_2FA' is clicked on

2023-03-01 14:41:34 - [TEST_STEP][PASSED] - executeJavaScript("window.open();", []): Execute JavaScript 'window.open();' successfully

2023-03-01 14:41:35 - [MESSAGE][PASSED] - Execute JavaScript 'window.open();' successfully

2023-03-01 14:41:35 - [TEST_STEP][PASSED] - currentWindow = getWindowIndex(): Current window's index is: 0

2023-03-01 14:41:35 - [MESSAGE][PASSED] - Current window's index is: 0

2023-03-01 14:41:35 - [TEST_STEP][PASSED] - delay(3): Delayed 3 second(s)

2023-03-01 14:41:38 - [MESSAGE][PASSED] - Delayed 3 second(s)

2023-03-01 14:41:38 - [TEST_STEP][PASSED] - switchToWindowIndex(currentWindow + 1): Switched to window with index: '1'

2023-03-01 14:41:38 - [MESSAGE][PASSED] - Switched to window with index: '1'

2023-03-01 14:41:38 - [TEST_STEP][PASSED] - navigateToUrl("https://www.mailinator.com/"): Navigate to 'https://www.mailinator.com/' successfully

2023-03-01 14:41:45 - [MESSAGE][PASSED] - Navigate to 'https://www.mailinator.com/' successfully

2023-03-01 14:41:45 - [TEST_STEP][PASSED] - delay(3): Delayed 3 second(s)

2023-03-01 14:41:48 - [MESSAGE][PASSED] - Delayed 3 second(s)

2023-03-01 14:41:48 - [TEST_STEP][PASSED] - setText(findTestObject("00-Signup and Activation/zMailinator/input_LOGIN_search"), "testuser02@mailinator.com"): Text 'testuser02@mailinator.com' is set on object 'Object Repository/00-Signup and Activation/zMailinator/input_LOGIN_search'

2023-03-01 14:41:50 - [MESSAGE][PASSED] - Text 'testuser02@mailinator.com' is set on object 'Object Repository/00-Signup and Activation/zMailinator/input_LOGIN_search'

2023-03-01 14:41:50 - [TEST_STEP][PASSED] - click(findTestObject("00-Signup and Activation/zMailinator/gobutton"), STOP_ON_FAILURE): Object: 'Object Repository/00-Signup and Activation/zMailinator/gobutton' is clicked on

2023-03-01 14:41:52 - [MESSAGE][PASSED] - Object: 'Object Repository/00-Signup and Activation/zMailinator/gobutton' is clicked on

2023-03-01 14:41:52 - [TEST_STEP][PASSED] - delay(3): Delayed 3 second(s)

2023-03-01 14:41:55 - [MESSAGE][PASSED] - Delayed 3 second(s)

2023-03-01 14:41:55 - [TEST_STEP][PASSED] - click(findTestObject("00-Signup and Activation/zMailinator/Email - everleagues")): Object: 'Object Repository/00-Signup and Activation/zMailinator/Email - everleagues' is clicked on

2023-03-01 14:41:56 - [MESSAGE][PASSED] - Object: 'Object Repository/00-Signup and Activation/zMailinator/Email - everleagues' is clicked on

2023-03-01 14:41:56 - [TEST_STEP][PASSED] - delay(3): Delayed 3 second(s)

2023-03-01 14:41:59 - [MESSAGE][PASSED] - Delayed 3 second(s)

2023-03-01 14:41:59 - [TEST_STEP][PASSED] - code = getText(findTestObject("Object Repository/06-Teams/For 2FA/2FA code")): Text of object 'Object Repository/06-Teams/For 2FA/2FA code' is: '464501'

2023-03-01 14:42:00 - [MESSAGE][PASSED] - Text of object 'Object Repository/06-Teams/For 2FA/2FA code' is: '464501'

2023-03-01 14:42:00 - [TEST_STEP][PASSED] - delay(3): Delayed 3 second(s)

2023-03-01 14:42:03 - [MESSAGE][PASSED] - Delayed 3 second(s)

2023-03-01 14:42:03 - [TEST_STEP][PASSED] - closeWindowTitle("Mailinator"): Window with title: 'Mailinator' is closed

2023-03-01 14:42:04 - [MESSAGE][PASSED] - Window with title: 'Mailinator' is closed

2023-03-01 14:42:04 - [TEST_STEP][PASSED] - delay(3): Delayed 3 second(s)

2023-03-01 14:42:07 - [MESSAGE][PASSED] - Delayed 3 second(s)

2023-03-01 14:42:07 - [TEST_STEP][PASSED] - switchToWindowIndex(0): Switched to window with index: '0'

2023-03-01 14:42:07 - [MESSAGE][PASSED] - Switched to window with index: '0'

2023-03-01 14:42:07 - [TEST_STEP][PASSED] - delay(3): Delayed 3 second(s)

2023-03-01 14:42:10 - [MESSAGE][PASSED] - Delayed 3 second(s)

2023-03-01 14:42:10 - [TEST_STEP][PASSED] - setText(findTestObject("Object Repository/06-Teams/For 2FA/input_Enter verification code_code"), code): Text '464501' is set on object 'Object Repository/06-Teams/For 2FA/input_Enter verification code_code'

2023-03-01 14:42:12 - [MESSAGE][PASSED] - Text '464501' is set on object 'Object Repository/06-Teams/For 2FA/input_Enter verification code_code'

2023-03-01 14:42:12 - [TEST_STEP][PASSED] - delay(3): Delayed 3 second(s)

2023-03-01 14:42:15 - [MESSAGE][PASSED] - Delayed 3 second(s)

2023-03-01 14:42:15 - [TEST_STEP][PASSED] - click(findTestObject("06-Teams/For 2FA/button_Verify_2FA")): Object: 'Object Repository/06-Teams/For 2FA/button_Verify_2FA' is clicked on

2023-03-01 14:42:16 - [MESSAGE][PASSED] - Object: 'Object Repository/06-Teams/For 2FA/button_Verify_2FA' is clicked on

2023-03-01 14:42:16 - [TEST_STEP][PASSED] - delay(3): Delayed 3 second(s)

2023-03-01 14:42:19 - [MESSAGE][PASSED] - Delayed 3 second(s)

2023-03-01 14:42:19 - [MESSAGE][PASSED] - Call Test Case 'Test Cases/01-Login and Forgot Password/04-Login(Valid Credentials-With Subscription)' successfully

2023-03-01 14:42:19 - [TEST_STEP][PASSED] - click(findTestObject("06-Teams/button_doublearrow")): Object: 'Object Repository/06-Teams/button_doublearrow' is clicked on

2023-03-01 14:42:24 - [MESSAGE][PASSED] - Object: 'Object Repository/06-Teams/button_doublearrow' is clicked on

2023-03-01 14:42:24 - [TEST_STEP][PASSED] - click(findTestObject("06-Teams/button_My Organizations")): Object: 'Object Repository/06-Teams/button_My Organizations' is clicked on

2023-03-01 14:42:25 - [MESSAGE][PASSED] - Object: 'Object Repository/06-Teams/button_My Organizations' is clicked on

2023-03-01 14:42:25 - [TEST_STEP][PASSED] - click(findTestObject("06-Teams/button_GG Automation")): Object: 'Object Repository/06-Teams/button_GG Automation' is clicked on

2023-03-01 14:42:26 - [MESSAGE][PASSED] - Object: 'Object Repository/06-Teams/button_GG Automation' is clicked on

2023-03-01 14:42:26 - [TEST_STEP][PASSED] - delay(4): Delayed 4 second(s)

2023-03-01 14:42:30 - [MESSAGE][PASSED] - Delayed 4 second(s)

2023-03-01 14:42:30 - [TEST_STEP][PASSED] - verifyElementVisible(findTestObject("06-Teams/span_GG Automation")): Object 'Object Repository/06-Teams/span_GG Automation' is visible

2023-03-01 14:42:31 - [MESSAGE][PASSED] - Object 'Object Repository/06-Teams/span_GG Automation' is visible

2023-03-01 14:42:31 - [TEST_STEP][PASSED] - delay(5): Delayed 5 second(s)

2023-03-01 14:42:36 - [MESSAGE][PASSED] - Delayed 5 second(s)

2023-03-01 14:42:36 - [TEST_STEP][PASSED] - click(findTestObject("03-Header Menu/Hamburger Button/div_Settings")): Object: 'Object Repository/03-Header Menu/Hamburger Button/div_Settings' is clicked on

2023-03-01 14:42:37 - [MESSAGE][PASSED] - Object: 'Object Repository/03-Header Menu/Hamburger Button/div_Settings' is clicked on

2023-03-01 14:42:37 - [TEST_STEP][PASSED] - verifyElementVisible(findTestObject("09-Settings/Users/div_Organization")): Object 'Object Repository/09-Settings/Users/div_Organization' is visible

2023-03-01 14:42:38 - [MESSAGE][PASSED] - Object 'Object Repository/09-Settings/Users/div_Organization' is visible

2023-03-01 14:42:38 - [TEST_STEP][PASSED] - verifyElementVisible(findTestObject("09-Settings/Users/div_Organization Units")): Object 'Object Repository/09-Settings/Users/div_Organization Units' is visible

2023-03-01 14:42:38 - [MESSAGE][PASSED] - Object 'Object Repository/09-Settings/Users/div_Organization Units' is visible

2023-03-01 14:42:38 - [TEST_STEP][PASSED] - scrollToElement(findTestObject("09-Settings/Users/div_Subscriptions"), 0): Scroll to object 'Object Repository/09-Settings/Users/div_Subscriptions' successfully

2023-03-01 14:42:39 - [MESSAGE][WARNING] - Timeout '0' is invalid. Using default page load timeout: '30'

2023-03-01 14:42:40 - [MESSAGE][PASSED] - Scroll to object 'Object Repository/09-Settings/Users/div_Subscriptions' successfully

2023-03-01 14:42:40 - [TEST_STEP][PASSED] - verifyElementVisible(findTestObject("09-Settings/Users/div_Subscriptions")): Object 'Object Repository/09-Settings/Users/div_Subscriptions' is visible

2023-03-01 14:42:41 - [MESSAGE][PASSED] - Object 'Object Repository/09-Settings/Users/div_Subscriptions' is visible

2023-03-01 14:42:41 - [TEST_STEP][PASSED] - verifyElementVisible(findTestObject("09-Settings/Users/div_Users")): Object 'Object Repository/09-Settings/Users/div_Users' is visible

2023-03-01 14:42:41 - [MESSAGE][PASSED] - Object 'Object Repository/09-Settings/Users/div_Users' is visible

2023-03-01 14:42:41 - [TEST_STEP][PASSED] - delay(3): Delayed 3 second(s)

2023-03-01 14:42:44 - [MESSAGE][PASSED] - Delayed 3 second(s)

2023-03-01 14:42:44 - [TEST_STEP][PASSED] - click(findTestObject("09-Settings/Users/div_Users")): Object: 'Object Repository/09-Settings/Users/div_Users' is clicked on

2023-03-01 14:42:47 - [MESSAGE][PASSED] - Object: 'Object Repository/09-Settings/Users/div_Users' is clicked on

2023-03-01 14:42:47 - [TEST_STEP][PASSED] - verifyElementVisible(findTestObject("09-Settings/Users/h4_USERS")): Object 'Object Repository/09-Settings/Users/h4_USERS' is visible

2023-03-01 14:42:49 - [MESSAGE][PASSED] - Object 'Object Repository/09-Settings/Users/h4_USERS' is visible

2023-03-01 14:42:49 - [TEST_STEP][PASSED] - verifyElementVisible(findTestObject("09-Settings/Users/Active User/div_Active Users")): Object 'Object Repository/09-Settings/Users/Active User/div_Active Users' is visible

2023-03-01 14:42:50 - [MESSAGE][PASSED] - Object 'Object Repository/09-Settings/Users/Active User/div_Active Users' is visible

2023-03-01 14:42:50 - [TEST_STEP][PASSED] - click(findTestObject("09-Settings/Users/Active User/div_Active Users")): Object: 'Object Repository/09-Settings/Users/Active User/div_Active Users' is clicked on

2023-03-01 14:42:51 - [MESSAGE][PASSED] - Object: 'Object Repository/09-Settings/Users/Active User/div_Active Users' is clicked on

2023-03-01 14:42:51 - [TEST_STEP][PASSED] - delay(3): Delayed 3 second(s)

2023-03-01 14:42:54 - [MESSAGE][PASSED] - Delayed 3 second(s)

2023-03-01 14:42:54 - [TEST_STEP][PASSED] - click(findTestObject("09-Settings/Users/Active User/button_search")): Object: 'Object Repository/09-Settings/Users/Active User/button_search' is clicked on

2023-03-01 14:42:54 - [MESSAGE][PASSED] - Object: 'Object Repository/09-Settings/Users/Active User/button_search' is clicked on

2023-03-01 14:42:54 - [TEST_STEP][PASSED] - delay(3): Delayed 3 second(s)

2023-03-01 14:42:58 - [MESSAGE][PASSED] - Delayed 3 second(s)

2023-03-01 14:42:58 - [TEST_STEP][PASSED] - click(findTestObject("09-Settings/Users/Active User/button_arrow_back")): Object: 'Object Repository/09-Settings/Users/Active User/button_arrow_back' is clicked on

2023-03-01 14:42:58 - [MESSAGE][PASSED] - Object: 'Object Repository/09-Settings/Users/Active User/button_arrow_back' is clicked on

2023-03-01 14:42:58 - [TEST_STEP][PASSED] - delay(3): Delayed 3 second(s)

2023-03-01 14:43:01 - [MESSAGE][PASSED] - Delayed 3 second(s)

2023-03-01 14:43:01 - [TEST_STEP][PASSED] - click(findTestObject("09-Settings/Users/Active User/button_search")): Object: 'Object Repository/09-Settings/Users/Active User/button_search' is clicked on

2023-03-01 14:43:02 - [MESSAGE][PASSED] - Object: 'Object Repository/09-Settings/Users/Active User/button_search' is clicked on

2023-03-01 14:43:02 - [TEST_STEP][PASSED] - setText(findTestObject("09-Settings/Users/Active User/Search field"), "partner"): Text 'partner' is set on object 'Object Repository/09-Settings/Users/Active User/Search field'

2023-03-01 14:43:04 - [MESSAGE][PASSED] - Text 'partner' is set on object 'Object Repository/09-Settings/Users/Active User/Search field'

2023-03-01 14:43:04 - [TEST_STEP][PASSED] - delay(3): Delayed 3 second(s)

2023-03-01 14:43:07 - [MESSAGE][PASSED] - Delayed 3 second(s)

2023-03-01 14:43:07 - [TEST_STEP][PASSED] - click(findTestObject("09-Settings/Users/Active User/button_Cancel")): Object: 'Object Repository/09-Settings/Users/Active User/button_Cancel' is clicked on

2023-03-01 14:43:08 - [MESSAGE][PASSED] - Object: 'Object Repository/09-Settings/Users/Active User/button_Cancel' is clicked on]]></system-out>
         <system-err><![CDATA[]]></system-err>
      </testcase>
      <testcase name="Test Cases/09-Settings/07 - Users (Active User - Suspend user)" time="25.776" classname="Test Cases/09-Settings/07 - Users (Active User - Suspend user)" status="PASSED">
         <system-out><![CDATA[2023-03-01 14:43:08 - [TEST_CASE][PASSED] - Test Cases/09-Settings/07 - Users (Active User - Suspend user): Test Cases/09-Settings/07 - Users (Active User - Suspend user)

2023-03-01 14:43:10 - [TEST_STEP][PASSED] - delay(3): Delayed 3 second(s)

2023-03-01 14:43:13 - [MESSAGE][PASSED] - Delayed 3 second(s)

2023-03-01 14:43:13 - [TEST_STEP][PASSED] - verifyElementPresent(findTestObject("09-Settings/Users/Active User/div_GTGG tester 2"), 0): Object 'Object Repository/09-Settings/Users/Active User/div_GTGG tester 2' is present

2023-03-01 14:43:13 - [MESSAGE][WARNING] - Timeout '0' is invalid. Using default page load timeout: '30'

2023-03-01 14:43:14 - [MESSAGE][PASSED] - Object 'Object Repository/09-Settings/Users/Active User/div_GTGG tester 2' is present

2023-03-01 14:43:14 - [TEST_STEP][PASSED] - click(findTestObject("09-Settings/Users/Active User/button_suspendUser")): Object: 'Object Repository/09-Settings/Users/Active User/button_suspendUser' is clicked on

2023-03-01 14:43:15 - [MESSAGE][PASSED] - Object: 'Object Repository/09-Settings/Users/Active User/button_suspendUser' is clicked on

2023-03-01 14:43:15 - [TEST_STEP][PASSED] - delay(3): Delayed 3 second(s)

2023-03-01 14:43:18 - [MESSAGE][PASSED] - Delayed 3 second(s)

2023-03-01 14:43:18 - [TEST_STEP][PASSED] - click(findTestObject("09-Settings/Users/Active User/button_Cancel_restore")): Object: 'Object Repository/09-Settings/Users/Active User/button_Cancel_restore' is clicked on

2023-03-01 14:43:18 - [MESSAGE][PASSED] - Object: 'Object Repository/09-Settings/Users/Active User/button_Cancel_restore' is clicked on

2023-03-01 14:43:18 - [TEST_STEP][PASSED] - verifyElementPresent(findTestObject("09-Settings/Users/Active User/div_GTGG tester 2"), 0): Object 'Object Repository/09-Settings/Users/Active User/div_GTGG tester 2' is present

2023-03-01 14:43:19 - [MESSAGE][WARNING] - Timeout '0' is invalid. Using default page load timeout: '30'

2023-03-01 14:43:20 - [MESSAGE][PASSED] - Object 'Object Repository/09-Settings/Users/Active User/div_GTGG tester 2' is present

2023-03-01 14:43:20 - [TEST_STEP][PASSED] - click(findTestObject("09-Settings/Users/Active User/button_suspendUser")): Object: 'Object Repository/09-Settings/Users/Active User/button_suspendUser' is clicked on

2023-03-01 14:43:21 - [MESSAGE][PASSED] - Object: 'Object Repository/09-Settings/Users/Active User/button_suspendUser' is clicked on

2023-03-01 14:43:21 - [TEST_STEP][PASSED] - verifyElementPresent(findTestObject("09-Settings/Users/Active User/h4_Suspend User"), 0): Object 'Object Repository/09-Settings/Users/Active User/h4_Suspend User' is present

2023-03-01 14:43:21 - [MESSAGE][WARNING] - Timeout '0' is invalid. Using default page load timeout: '30'

2023-03-01 14:43:22 - [MESSAGE][PASSED] - Object 'Object Repository/09-Settings/Users/Active User/h4_Suspend User' is present

2023-03-01 14:43:22 - [TEST_STEP][PASSED] - delay(3): Delayed 3 second(s)

2023-03-01 14:43:25 - [MESSAGE][PASSED] - Delayed 3 second(s)

2023-03-01 14:43:25 - [TEST_STEP][PASSED] - click(findTestObject("09-Settings/Users/Active User/button_Suspend")): Object: 'Object Repository/09-Settings/Users/Active User/button_Suspend' is clicked on

2023-03-01 14:43:26 - [MESSAGE][PASSED] - Object: 'Object Repository/09-Settings/Users/Active User/button_Suspend' is clicked on

2023-03-01 14:43:26 - [TEST_STEP][PASSED] - verifyElementPresent(findTestObject("09-Settings/Users/Active User/span_Successfully suspended user"), 0): Object 'Object Repository/09-Settings/Users/Active User/span_Successfully suspended user' is present

2023-03-01 14:43:26 - [MESSAGE][WARNING] - Timeout '0' is invalid. Using default page load timeout: '30'

2023-03-01 14:43:29 - [MESSAGE][PASSED] - Object 'Object Repository/09-Settings/Users/Active User/span_Successfully suspended user' is present

2023-03-01 14:43:29 - [TEST_STEP][PASSED] - delay(5): Delayed 5 second(s)

2023-03-01 14:43:34 - [MESSAGE][PASSED] - Delayed 5 second(s)]]></system-out>
         <system-err><![CDATA[]]></system-err>
      </testcase>
      <testcase name="Test Cases/09-Settings/08 - Users (Active User - Reactivate user)" time="17.743" classname="Test Cases/09-Settings/08 - Users (Active User - Reactivate user)" status="PASSED">
         <system-out><![CDATA[2023-03-01 14:43:34 - [TEST_CASE][PASSED] - Test Cases/09-Settings/08 - Users (Active User - Reactivate user): Test Cases/09-Settings/08 - Users (Active User - Reactivate user)

2023-03-01 14:43:37 - [TEST_STEP][PASSED] - delay(3): Delayed 3 second(s)

2023-03-01 14:43:40 - [MESSAGE][PASSED] - Delayed 3 second(s)

2023-03-01 14:43:40 - [TEST_STEP][PASSED] - verifyElementPresent(findTestObject("09-Settings/Users/Active User/div_GTGG tester 2"), 0): Object 'Object Repository/09-Settings/Users/Active User/div_GTGG tester 2' is present

2023-03-01 14:43:40 - [MESSAGE][WARNING] - Timeout '0' is invalid. Using default page load timeout: '30'

2023-03-01 14:43:40 - [MESSAGE][PASSED] - Object 'Object Repository/09-Settings/Users/Active User/div_GTGG tester 2' is present

2023-03-01 14:43:40 - [TEST_STEP][PASSED] - click(findTestObject("09-Settings/Users/Active User/button_reactivateUser")): Object: 'Object Repository/09-Settings/Users/Active User/button_reactivateUser' is clicked on

2023-03-01 14:43:41 - [MESSAGE][PASSED] - Object: 'Object Repository/09-Settings/Users/Active User/button_reactivateUser' is clicked on

2023-03-01 14:43:41 - [TEST_STEP][PASSED] - verifyElementPresent(findTestObject("09-Settings/Users/Active User/h4_Reactivate User"), 0): Object 'Object Repository/09-Settings/Users/Active User/h4_Reactivate User' is present

2023-03-01 14:43:42 - [MESSAGE][WARNING] - Timeout '0' is invalid. Using default page load timeout: '30'

2023-03-01 14:43:42 - [MESSAGE][PASSED] - Object 'Object Repository/09-Settings/Users/Active User/h4_Reactivate User' is present

2023-03-01 14:43:42 - [TEST_STEP][PASSED] - delay(3): Delayed 3 second(s)

2023-03-01 14:43:45 - [MESSAGE][PASSED] - Delayed 3 second(s)

2023-03-01 14:43:45 - [TEST_STEP][PASSED] - click(findTestObject("09-Settings/Users/Active User/button_Reactivate")): Object: 'Object Repository/09-Settings/Users/Active User/button_Reactivate' is clicked on

2023-03-01 14:43:46 - [MESSAGE][PASSED] - Object: 'Object Repository/09-Settings/Users/Active User/button_Reactivate' is clicked on

2023-03-01 14:43:46 - [TEST_STEP][PASSED] - verifyElementPresent(findTestObject("09-Settings/Users/Active User/span_Successfully reactivated user"), 0): Object 'Object Repository/09-Settings/Users/Active User/span_Successfully reactivated user' is present

2023-03-01 14:43:46 - [MESSAGE][WARNING] - Timeout '0' is invalid. Using default page load timeout: '30'

2023-03-01 14:43:49 - [MESSAGE][PASSED] - Object 'Object Repository/09-Settings/Users/Active User/span_Successfully reactivated user' is present

2023-03-01 14:43:49 - [TEST_STEP][PASSED] - delay(3): Delayed 3 second(s)

2023-03-01 14:43:52 - [MESSAGE][PASSED] - Delayed 3 second(s)]]></system-out>
         <system-err><![CDATA[]]></system-err>
      </testcase>
      <testcase name="Test Cases/09-Settings/09 - Users (Active User - Delete Suspend user)" time="28.307" classname="Test Cases/09-Settings/09 - Users (Active User - Delete Suspend user)" status="PASSED">
         <system-out><![CDATA[2023-03-01 14:43:52 - [TEST_CASE][PASSED] - Test Cases/09-Settings/09 - Users (Active User - Delete Suspend user): Test Cases/09-Settings/09 - Users (Active User - Delete Suspend user)

2023-03-01 14:43:54 - [TEST_STEP][PASSED] - verifyElementPresent(findTestObject("09-Settings/Users/Active User/div_GTGG tester 2"), 0): Object 'Object Repository/09-Settings/Users/Active User/div_GTGG tester 2' is present

2023-03-01 14:43:54 - [MESSAGE][WARNING] - Timeout '0' is invalid. Using default page load timeout: '30'

2023-03-01 14:43:55 - [MESSAGE][PASSED] - Object 'Object Repository/09-Settings/Users/Active User/div_GTGG tester 2' is present

2023-03-01 14:43:55 - [TEST_STEP][PASSED] - click(findTestObject("09-Settings/Users/Active User/button_suspendUser")): Object: 'Object Repository/09-Settings/Users/Active User/button_suspendUser' is clicked on

2023-03-01 14:43:56 - [MESSAGE][PASSED] - Object: 'Object Repository/09-Settings/Users/Active User/button_suspendUser' is clicked on

2023-03-01 14:43:56 - [TEST_STEP][PASSED] - verifyElementPresent(findTestObject("09-Settings/Users/Active User/h4_Suspend User"), 0): Object 'Object Repository/09-Settings/Users/Active User/h4_Suspend User' is present

2023-03-01 14:43:56 - [MESSAGE][WARNING] - Timeout '0' is invalid. Using default page load timeout: '30'

2023-03-01 14:43:57 - [MESSAGE][PASSED] - Object 'Object Repository/09-Settings/Users/Active User/h4_Suspend User' is present

2023-03-01 14:43:57 - [TEST_STEP][PASSED] - delay(3): Delayed 3 second(s)

2023-03-01 14:44:00 - [MESSAGE][PASSED] - Delayed 3 second(s)

2023-03-01 14:44:00 - [TEST_STEP][PASSED] - click(findTestObject("09-Settings/Users/Active User/button_Suspend")): Object: 'Object Repository/09-Settings/Users/Active User/button_Suspend' is clicked on

2023-03-01 14:44:00 - [MESSAGE][PASSED] - Object: 'Object Repository/09-Settings/Users/Active User/button_Suspend' is clicked on

2023-03-01 14:44:00 - [TEST_STEP][PASSED] - verifyElementPresent(findTestObject("09-Settings/Users/Active User/span_Successfully suspended user"), 0): Object 'Object Repository/09-Settings/Users/Active User/span_Successfully suspended user' is present

2023-03-01 14:44:01 - [MESSAGE][WARNING] - Timeout '0' is invalid. Using default page load timeout: '30'

2023-03-01 14:44:02 - [MESSAGE][PASSED] - Object 'Object Repository/09-Settings/Users/Active User/span_Successfully suspended user' is present

2023-03-01 14:44:02 - [TEST_STEP][PASSED] - delay(3): Delayed 3 second(s)

2023-03-01 14:44:05 - [MESSAGE][PASSED] - Delayed 3 second(s)

2023-03-01 14:44:05 - [TEST_STEP][PASSED] - verifyElementPresent(findTestObject("09-Settings/Users/Active User/div_GTGG tester 2"), 0): Object 'Object Repository/09-Settings/Users/Active User/div_GTGG tester 2' is present

2023-03-01 14:44:05 - [MESSAGE][WARNING] - Timeout '0' is invalid. Using default page load timeout: '30'

2023-03-01 14:44:06 - [MESSAGE][PASSED] - Object 'Object Repository/09-Settings/Users/Active User/div_GTGG tester 2' is present

2023-03-01 14:44:06 - [TEST_STEP][PASSED] - click(findTestObject("09-Settings/Users/Active User/button_xDeleteuser")): Object: 'Object Repository/09-Settings/Users/Active User/button_xDeleteuser' is clicked on

2023-03-01 14:44:07 - [MESSAGE][PASSED] - Object: 'Object Repository/09-Settings/Users/Active User/button_xDeleteuser' is clicked on

2023-03-01 14:44:07 - [TEST_STEP][PASSED] - verifyElementPresent(findTestObject("09-Settings/Users/Active User/h4_Delete User"), 0): Object 'Object Repository/09-Settings/Users/Active User/h4_Delete User' is present

2023-03-01 14:44:07 - [MESSAGE][WARNING] - Timeout '0' is invalid. Using default page load timeout: '30'

2023-03-01 14:44:08 - [MESSAGE][PASSED] - Object 'Object Repository/09-Settings/Users/Active User/h4_Delete User' is present

2023-03-01 14:44:08 - [TEST_STEP][PASSED] - delay(3): Delayed 3 second(s)

2023-03-01 14:44:11 - [MESSAGE][PASSED] - Delayed 3 second(s)

2023-03-01 14:44:11 - [TEST_STEP][PASSED] - click(findTestObject("09-Settings/Users/Active User/button_Delete")): Object: 'Object Repository/09-Settings/Users/Active User/button_Delete' is clicked on

2023-03-01 14:44:11 - [MESSAGE][PASSED] - Object: 'Object Repository/09-Settings/Users/Active User/button_Delete' is clicked on

2023-03-01 14:44:11 - [TEST_STEP][PASSED] - verifyElementPresent(findTestObject("09-Settings/Users/Active User/span_Successfully deleted user"), 0): Object 'Object Repository/09-Settings/Users/Active User/span_Successfully deleted user' is present

2023-03-01 14:44:12 - [MESSAGE][WARNING] - Timeout '0' is invalid. Using default page load timeout: '30'

2023-03-01 14:44:15 - [MESSAGE][PASSED] - Object 'Object Repository/09-Settings/Users/Active User/span_Successfully deleted user' is present

2023-03-01 14:44:15 - [TEST_STEP][PASSED] - delay(5): Delayed 5 second(s)

2023-03-01 14:44:20 - [MESSAGE][PASSED] - Delayed 5 second(s)]]></system-out>
         <system-err><![CDATA[]]></system-err>
      </testcase>
      <testcase name="Test Cases/09-Settings/10 - Users (Active User - Filter - Restore user)" time="28.07" classname="Test Cases/09-Settings/10 - Users (Active User - Filter - Restore user)" status="PASSED">
         <system-out><![CDATA[2023-03-01 14:44:20 - [TEST_CASE][PASSED] - Test Cases/09-Settings/10 - Users (Active User - Filter - Restore user): Test Cases/09-Settings/10 - Users (Active User - Filter - Restore user)

2023-03-01 14:44:22 - [TEST_STEP][PASSED] - delay(3): Delayed 3 second(s)

2023-03-01 14:44:25 - [MESSAGE][PASSED] - Delayed 3 second(s)

2023-03-01 14:44:25 - [TEST_STEP][PASSED] - click(findTestObject("09-Settings/Users/Active User/filter_icon")): Object: 'Object Repository/09-Settings/Users/Active User/filter_icon' is clicked on

2023-03-01 14:44:26 - [MESSAGE][PASSED] - Object: 'Object Repository/09-Settings/Users/Active User/filter_icon' is clicked on

2023-03-01 14:44:26 - [TEST_STEP][PASSED] - verifyElementVisible(findTestObject("09-Settings/Users/Active User/h6_Filter")): Object 'Object Repository/09-Settings/Users/Active User/h6_Filter' is visible

2023-03-01 14:44:27 - [MESSAGE][PASSED] - Object 'Object Repository/09-Settings/Users/Active User/h6_Filter' is visible

2023-03-01 14:44:27 - [TEST_STEP][PASSED] - verifyElementVisible(findTestObject("09-Settings/Users/Active User/span_Show deleted user")): Object 'Object Repository/09-Settings/Users/Active User/span_Show deleted user' is visible

2023-03-01 14:44:28 - [MESSAGE][PASSED] - Object 'Object Repository/09-Settings/Users/Active User/span_Show deleted user' is visible

2023-03-01 14:44:28 - [TEST_STEP][PASSED] - click(findTestObject("09-Settings/Users/Active User/div_show-deleted-user-toggle-bar")): Object: 'Object Repository/09-Settings/Users/Active User/div_show-deleted-user-toggle-bar' is clicked on

2023-03-01 14:44:28 - [MESSAGE][PASSED] - Object: 'Object Repository/09-Settings/Users/Active User/div_show-deleted-user-toggle-bar' is clicked on

2023-03-01 14:44:28 - [TEST_STEP][PASSED] - delay(3): Delayed 3 second(s)

2023-03-01 14:44:31 - [MESSAGE][PASSED] - Delayed 3 second(s)

2023-03-01 14:44:31 - [TEST_STEP][PASSED] - click(findTestObject("09-Settings/Users/Active User/filter_icon")): Object: 'Object Repository/09-Settings/Users/Active User/filter_icon' is clicked on

2023-03-01 14:44:32 - [MESSAGE][PASSED] - Object: 'Object Repository/09-Settings/Users/Active User/filter_icon' is clicked on

2023-03-01 14:44:32 - [TEST_STEP][PASSED] - verifyElementVisible(findTestObject("09-Settings/Users/Active User/div_GTGG tester 2")): Object 'Object Repository/09-Settings/Users/Active User/div_GTGG tester 2' is visible

2023-03-01 14:44:33 - [MESSAGE][PASSED] - Object 'Object Repository/09-Settings/Users/Active User/div_GTGG tester 2' is visible

2023-03-01 14:44:33 - [TEST_STEP][PASSED] - click(findTestObject("09-Settings/Users/Active User/button_replay")): Object: 'Object Repository/09-Settings/Users/Active User/button_replay' is clicked on

2023-03-01 14:44:34 - [MESSAGE][PASSED] - Object: 'Object Repository/09-Settings/Users/Active User/button_replay' is clicked on

2023-03-01 14:44:34 - [TEST_STEP][PASSED] - verifyElementVisible(findTestObject("09-Settings/Users/Active User/h4_Restore User")): Object 'Object Repository/09-Settings/Users/Active User/h4_Restore User' is visible

2023-03-01 14:44:35 - [MESSAGE][PASSED] - Object 'Object Repository/09-Settings/Users/Active User/h4_Restore User' is visible

2023-03-01 14:44:35 - [TEST_STEP][PASSED] - click(findTestObject("09-Settings/Users/Active User/button_Restore")): Object: 'Object Repository/09-Settings/Users/Active User/button_Restore' is clicked on

2023-03-01 14:44:36 - [MESSAGE][PASSED] - Object: 'Object Repository/09-Settings/Users/Active User/button_Restore' is clicked on

2023-03-01 14:44:36 - [TEST_STEP][PASSED] - verifyElementVisible(findTestObject("09-Settings/Users/Active User/span_Successfully restored user")): Object 'Object Repository/09-Settings/Users/Active User/span_Successfully restored user' is visible

2023-03-01 14:44:40 - [MESSAGE][PASSED] - Object 'Object Repository/09-Settings/Users/Active User/span_Successfully restored user' is visible

2023-03-01 14:44:40 - [TEST_STEP][PASSED] - delay(3): Delayed 3 second(s)

2023-03-01 14:44:43 - [MESSAGE][PASSED] - Delayed 3 second(s)

2023-03-01 14:44:43 - [TEST_STEP][PASSED] - click(findTestObject("09-Settings/Users/Active User/filter_icon")): Object: 'Object Repository/09-Settings/Users/Active User/filter_icon' is clicked on

2023-03-01 14:44:44 - [MESSAGE][PASSED] - Object: 'Object Repository/09-Settings/Users/Active User/filter_icon' is clicked on

2023-03-01 14:44:44 - [TEST_STEP][PASSED] - delay(4): Delayed 4 second(s)

2023-03-01 14:44:48 - [MESSAGE][PASSED] - Delayed 4 second(s)]]></system-out>
         <system-err><![CDATA[]]></system-err>
      </testcase>
      <testcase name="Test Cases/09-Settings/11 - Users (Active User - Filter - All and Selected Organization)" time="27.755" classname="Test Cases/09-Settings/11 - Users (Active User - Filter - All and Selected Organization)" status="PASSED">
         <system-out><![CDATA[2023-03-01 14:44:48 - [TEST_CASE][PASSED] - Test Cases/09-Settings/11 - Users (Active User - Filter - All and Selected Organization): Test Cases/09-Settings/11 - Users (Active User - Filter - All and Selected Organization)

2023-03-01 14:44:50 - [TEST_STEP][PASSED] - delay(3): Delayed 3 second(s)

2023-03-01 14:44:53 - [MESSAGE][PASSED] - Delayed 3 second(s)

2023-03-01 14:44:53 - [TEST_STEP][PASSED] - verifyElementVisible(findTestObject("09-Settings/Users/Active User/h6_Filter")): Object 'Object Repository/09-Settings/Users/Active User/h6_Filter' is visible

2023-03-01 14:44:53 - [MESSAGE][PASSED] - Object 'Object Repository/09-Settings/Users/Active User/h6_Filter' is visible

2023-03-01 14:44:53 - [TEST_STEP][PASSED] - verifyElementVisible(findTestObject("09-Settings/Users/Active User/div_All organization units")): Object 'Object Repository/09-Settings/Users/Active User/div_All organization units' is visible

2023-03-01 14:44:54 - [MESSAGE][PASSED] - Object 'Object Repository/09-Settings/Users/Active User/div_All organization units' is visible

2023-03-01 14:44:54 - [TEST_STEP][PASSED] - click(findTestObject("09-Settings/Users/Active User/div_All organization units")): Object: 'Object Repository/09-Settings/Users/Active User/div_All organization units' is clicked on

2023-03-01 14:44:55 - [MESSAGE][PASSED] - Object: 'Object Repository/09-Settings/Users/Active User/div_All organization units' is clicked on

2023-03-01 14:44:55 - [TEST_STEP][PASSED] - delay(3): Delayed 3 second(s)

2023-03-01 14:44:58 - [MESSAGE][PASSED] - Delayed 3 second(s)

2023-03-01 14:44:58 - [TEST_STEP][PASSED] - verifyElementVisible(findTestObject("09-Settings/Users/Active User/div_Active Users-All Organizations units")): Object 'Object Repository/09-Settings/Users/Active User/div_Active Users-All Organizations units' is visible

2023-03-01 14:44:59 - [MESSAGE][PASSED] - Object 'Object Repository/09-Settings/Users/Active User/div_Active Users-All Organizations units' is visible

2023-03-01 14:44:59 - [TEST_STEP][PASSED] - delay(3): Delayed 3 second(s)

2023-03-01 14:45:02 - [MESSAGE][PASSED] - Delayed 3 second(s)

2023-03-01 14:45:02 - [TEST_STEP][PASSED] - verifyElementVisible(findTestObject("09-Settings/Users/Active User/div_Selected organization unit")): Object 'Object Repository/09-Settings/Users/Active User/div_Selected organization unit' is visible

2023-03-01 14:45:03 - [MESSAGE][PASSED] - Object 'Object Repository/09-Settings/Users/Active User/div_Selected organization unit' is visible

2023-03-01 14:45:03 - [TEST_STEP][PASSED] - click(findTestObject("09-Settings/Users/Active User/div_Selected organization unit")): Object: 'Object Repository/09-Settings/Users/Active User/div_Selected organization unit' is clicked on

2023-03-01 14:45:03 - [MESSAGE][PASSED] - Object: 'Object Repository/09-Settings/Users/Active User/div_Selected organization unit' is clicked on

2023-03-01 14:45:03 - [TEST_STEP][PASSED] - delay(3): Delayed 3 second(s)

2023-03-01 14:45:06 - [MESSAGE][PASSED] - Delayed 3 second(s)

2023-03-01 14:45:06 - [TEST_STEP][PASSED] - click(findTestObject("09-Settings/Users/Active User/div_GG Automation")): Object: 'Object Repository/09-Settings/Users/Active User/div_GG Automation' is clicked on

2023-03-01 14:45:07 - [MESSAGE][PASSED] - Object: 'Object Repository/09-Settings/Users/Active User/div_GG Automation' is clicked on

2023-03-01 14:45:07 - [TEST_STEP][PASSED] - verifyElementVisible(findTestObject("09-Settings/Users/Active User/div_Active Users-Selected Organization units")): Object 'Object Repository/09-Settings/Users/Active User/div_Active Users-Selected Organization units' is visible

2023-03-01 14:45:08 - [MESSAGE][PASSED] - Object 'Object Repository/09-Settings/Users/Active User/div_Active Users-Selected Organization units' is visible

2023-03-01 14:45:08 - [TEST_STEP][PASSED] - delay(3): Delayed 3 second(s)

2023-03-01 14:45:11 - [MESSAGE][PASSED] - Delayed 3 second(s)

2023-03-01 14:45:11 - [TEST_STEP][PASSED] - click(findTestObject("09-Settings/Users/Active User/filter_icon")): Object: 'Object Repository/09-Settings/Users/Active User/filter_icon' is clicked on

2023-03-01 14:45:12 - [MESSAGE][PASSED] - Object: 'Object Repository/09-Settings/Users/Active User/filter_icon' is clicked on

2023-03-01 14:45:12 - [TEST_STEP][PASSED] - delay(4): Delayed 4 second(s)

2023-03-01 14:45:16 - [MESSAGE][PASSED] - Delayed 4 second(s)]]></system-out>
         <system-err><![CDATA[]]></system-err>
      </testcase>
      <testcase name="Test Cases/09-Settings/12 - Users (Active User - Edit Role)" time="46.539" classname="Test Cases/09-Settings/12 - Users (Active User - Edit Role)" status="PASSED">
         <system-out><![CDATA[2023-03-01 14:45:16 - [TEST_CASE][PASSED] - Test Cases/09-Settings/12 - Users (Active User - Edit Role): Test Cases/09-Settings/12 - Users (Active User - Edit Role)

2023-03-01 14:45:18 - [TEST_STEP][PASSED] - delay(3): Delayed 3 second(s)

2023-03-01 14:45:21 - [MESSAGE][PASSED] - Delayed 3 second(s)

2023-03-01 14:45:21 - [TEST_STEP][PASSED] - verifyElementPresent(findTestObject("09-Settings/Users/Active User/div_GTGG tester 2"), 0): Object 'Object Repository/09-Settings/Users/Active User/div_GTGG tester 2' is present

2023-03-01 14:45:21 - [MESSAGE][WARNING] - Timeout '0' is invalid. Using default page load timeout: '30'

2023-03-01 14:45:22 - [MESSAGE][PASSED] - Object 'Object Repository/09-Settings/Users/Active User/div_GTGG tester 2' is present

2023-03-01 14:45:22 - [TEST_STEP][PASSED] - click(findTestObject("09-Settings/Users/Active User/button_ellipses")): Object: 'Object Repository/09-Settings/Users/Active User/button_ellipses' is clicked on

2023-03-01 14:45:23 - [MESSAGE][PASSED] - Object: 'Object Repository/09-Settings/Users/Active User/button_ellipses' is clicked on

2023-03-01 14:45:23 - [TEST_STEP][PASSED] - click(findTestObject("09-Settings/Users/Active User/button_Edit Role")): Object: 'Object Repository/09-Settings/Users/Active User/button_Edit Role' is clicked on

2023-03-01 14:45:24 - [MESSAGE][PASSED] - Object: 'Object Repository/09-Settings/Users/Active User/button_Edit Role' is clicked on

2023-03-01 14:45:24 - [TEST_STEP][PASSED] - verifyElementPresent(findTestObject("09-Settings/Users/Active User/h4_Edit User Role"), 0): Object 'Object Repository/09-Settings/Users/Active User/h4_Edit User Role' is present

2023-03-01 14:45:25 - [MESSAGE][WARNING] - Timeout '0' is invalid. Using default page load timeout: '30'

2023-03-01 14:45:25 - [MESSAGE][PASSED] - Object 'Object Repository/09-Settings/Users/Active User/h4_Edit User Role' is present

2023-03-01 14:45:25 - [TEST_STEP][PASSED] - click(findTestObject("09-Settings/Users/Active User/div_roleDropdown")): Object: 'Object Repository/09-Settings/Users/Active User/div_roleDropdown' is clicked on

2023-03-01 14:45:26 - [MESSAGE][PASSED] - Object: 'Object Repository/09-Settings/Users/Active User/div_roleDropdown' is clicked on

2023-03-01 14:45:26 - [TEST_STEP][PASSED] - click(findTestObject("09-Settings/Users/Active User/mat-option_External Contact")): Object: 'Object Repository/09-Settings/Users/Active User/mat-option_External Contact' is clicked on

2023-03-01 14:45:27 - [MESSAGE][PASSED] - Object: 'Object Repository/09-Settings/Users/Active User/mat-option_External Contact' is clicked on

2023-03-01 14:45:27 - [TEST_STEP][PASSED] - verifyElementPresent(findTestObject("09-Settings/Users/Active User/warning_when_changing_role"), 0): Object 'Object Repository/09-Settings/Users/Active User/warning_when_changing_role' is present

2023-03-01 14:45:27 - [MESSAGE][WARNING] - Timeout '0' is invalid. Using default page load timeout: '30'

2023-03-01 14:45:27 - [MESSAGE][PASSED] - Object 'Object Repository/09-Settings/Users/Active User/warning_when_changing_role' is present

2023-03-01 14:45:27 - [TEST_STEP][PASSED] - delay(3): Delayed 3 second(s)

2023-03-01 14:45:30 - [MESSAGE][PASSED] - Delayed 3 second(s)

2023-03-01 14:45:30 - [TEST_STEP][PASSED] - click(findTestObject("09-Settings/Users/Active User/div_roleTypeDropdown")): Object: 'Object Repository/09-Settings/Users/Active User/div_roleTypeDropdown' is clicked on

2023-03-01 14:45:31 - [MESSAGE][PASSED] - Object: 'Object Repository/09-Settings/Users/Active User/div_roleTypeDropdown' is clicked on

2023-03-01 14:45:31 - [TEST_STEP][PASSED] - click(findTestObject("09-Settings/Users/Active User/mat-option_None")): Object: 'Object Repository/09-Settings/Users/Active User/mat-option_None' is clicked on

2023-03-01 14:45:32 - [MESSAGE][PASSED] - Object: 'Object Repository/09-Settings/Users/Active User/mat-option_None' is clicked on

2023-03-01 14:45:32 - [TEST_STEP][PASSED] - delay(3): Delayed 3 second(s)

2023-03-01 14:45:35 - [MESSAGE][PASSED] - Delayed 3 second(s)

2023-03-01 14:45:35 - [TEST_STEP][PASSED] - click(findTestObject("09-Settings/Users/Active User/button_Save")): Object: 'Object Repository/09-Settings/Users/Active User/button_Save' is clicked on

2023-03-01 14:45:36 - [MESSAGE][PASSED] - Object: 'Object Repository/09-Settings/Users/Active User/button_Save' is clicked on

2023-03-01 14:45:36 - [TEST_STEP][PASSED] - delay(3): Delayed 3 second(s)

2023-03-01 14:45:39 - [MESSAGE][PASSED] - Delayed 3 second(s)

2023-03-01 14:45:39 - [TEST_STEP][PASSED] - verifyElementPresent(findTestObject("09-Settings/Users/Active User/div_GTGG tester 2"), 0): Object 'Object Repository/09-Settings/Users/Active User/div_GTGG tester 2' is present

2023-03-01 14:45:39 - [MESSAGE][WARNING] - Timeout '0' is invalid. Using default page load timeout: '30'

2023-03-01 14:45:42 - [MESSAGE][PASSED] - Object 'Object Repository/09-Settings/Users/Active User/div_GTGG tester 2' is present

2023-03-01 14:45:42 - [TEST_STEP][PASSED] - click(findTestObject("09-Settings/Users/Active User/button_ellipses")): Object: 'Object Repository/09-Settings/Users/Active User/button_ellipses' is clicked on

2023-03-01 14:45:43 - [MESSAGE][PASSED] - Object: 'Object Repository/09-Settings/Users/Active User/button_ellipses' is clicked on

2023-03-01 14:45:43 - [TEST_STEP][PASSED] - click(findTestObject("09-Settings/Users/Active User/button_Edit Role")): Object: 'Object Repository/09-Settings/Users/Active User/button_Edit Role' is clicked on

2023-03-01 14:45:44 - [MESSAGE][PASSED] - Object: 'Object Repository/09-Settings/Users/Active User/button_Edit Role' is clicked on

2023-03-01 14:45:44 - [TEST_STEP][PASSED] - verifyElementPresent(findTestObject("09-Settings/Users/Active User/h4_Edit User Role"), 0): Object 'Object Repository/09-Settings/Users/Active User/h4_Edit User Role' is present

2023-03-01 14:45:44 - [MESSAGE][WARNING] - Timeout '0' is invalid. Using default page load timeout: '30'

2023-03-01 14:45:45 - [MESSAGE][PASSED] - Object 'Object Repository/09-Settings/Users/Active User/h4_Edit User Role' is present

2023-03-01 14:45:45 - [TEST_STEP][PASSED] - click(findTestObject("09-Settings/Users/Active User/div_roleDropdown")): Object: 'Object Repository/09-Settings/Users/Active User/div_roleDropdown' is clicked on

2023-03-01 14:45:46 - [MESSAGE][PASSED] - Object: 'Object Repository/09-Settings/Users/Active User/div_roleDropdown' is clicked on

2023-03-01 14:45:46 - [TEST_STEP][PASSED] - click(findTestObject("09-Settings/Users/Active User/mat-option_CoWorker")): Object: 'Object Repository/09-Settings/Users/Active User/mat-option_CoWorker' is clicked on

2023-03-01 14:45:47 - [MESSAGE][PASSED] - Object: 'Object Repository/09-Settings/Users/Active User/mat-option_CoWorker' is clicked on

2023-03-01 14:45:47 - [TEST_STEP][PASSED] - verifyElementPresent(findTestObject("09-Settings/Users/Active User/warning_when_changing_role"), 0): Object 'Object Repository/09-Settings/Users/Active User/warning_when_changing_role' is present

2023-03-01 14:45:47 - [MESSAGE][WARNING] - Timeout '0' is invalid. Using default page load timeout: '30'

2023-03-01 14:45:47 - [MESSAGE][PASSED] - Object 'Object Repository/09-Settings/Users/Active User/warning_when_changing_role' is present

2023-03-01 14:45:47 - [TEST_STEP][PASSED] - delay(3): Delayed 3 second(s)

2023-03-01 14:45:50 - [MESSAGE][PASSED] - Delayed 3 second(s)

2023-03-01 14:45:50 - [TEST_STEP][PASSED] - click(findTestObject("09-Settings/Users/Active User/div_roleTypeDropdown")): Object: 'Object Repository/09-Settings/Users/Active User/div_roleTypeDropdown' is clicked on

2023-03-01 14:45:51 - [MESSAGE][PASSED] - Object: 'Object Repository/09-Settings/Users/Active User/div_roleTypeDropdown' is clicked on

2023-03-01 14:45:51 - [TEST_STEP][PASSED] - click(findTestObject("09-Settings/Users/Active User/mat-option_None")): Object: 'Object Repository/09-Settings/Users/Active User/mat-option_None' is clicked on

2023-03-01 14:45:52 - [MESSAGE][PASSED] - Object: 'Object Repository/09-Settings/Users/Active User/mat-option_None' is clicked on

2023-03-01 14:45:52 - [TEST_STEP][PASSED] - delay(3): Delayed 3 second(s)

2023-03-01 14:45:55 - [MESSAGE][PASSED] - Delayed 3 second(s)

2023-03-01 14:45:55 - [TEST_STEP][PASSED] - click(findTestObject("09-Settings/Users/Active User/button_Save")): Object: 'Object Repository/09-Settings/Users/Active User/button_Save' is clicked on

2023-03-01 14:45:56 - [MESSAGE][PASSED] - Object: 'Object Repository/09-Settings/Users/Active User/button_Save' is clicked on

2023-03-01 14:45:56 - [TEST_STEP][PASSED] - verifyElementPresent(findTestObject("09-Settings/Users/Active User/span_Successfully changed user role"), 0): Object 'Object Repository/09-Settings/Users/Active User/span_Successfully changed user role' is present

2023-03-01 14:45:56 - [MESSAGE][WARNING] - Timeout '0' is invalid. Using default page load timeout: '30'

2023-03-01 14:46:00 - [MESSAGE][PASSED] - Object 'Object Repository/09-Settings/Users/Active User/span_Successfully changed user role' is present

2023-03-01 14:46:00 - [TEST_STEP][PASSED] - delay(3): Delayed 3 second(s)

2023-03-01 14:46:03 - [MESSAGE][PASSED] - Delayed 3 second(s)]]></system-out>
         <system-err><![CDATA[]]></system-err>
      </testcase>
      <testcase name="Test Cases/09-Settings/13 - Users (Active User - Promote to admin)" time="21.177" classname="Test Cases/09-Settings/13 - Users (Active User - Promote to admin)" status="PASSED">
         <system-out><![CDATA[2023-03-01 14:46:03 - [TEST_CASE][PASSED] - Test Cases/09-Settings/13 - Users (Active User - Promote to admin): Test Cases/09-Settings/13 - Users (Active User - Promote to admin)

2023-03-01 14:46:04 - [TEST_STEP][PASSED] - delay(3): Delayed 3 second(s)

2023-03-01 14:46:07 - [MESSAGE][PASSED] - Delayed 3 second(s)

2023-03-01 14:46:07 - [TEST_STEP][PASSED] - verifyElementPresent(findTestObject("09-Settings/Users/Active User/div_GTGG tester 2"), 0): Object 'Object Repository/09-Settings/Users/Active User/div_GTGG tester 2' is present

2023-03-01 14:46:08 - [MESSAGE][WARNING] - Timeout '0' is invalid. Using default page load timeout: '30'

2023-03-01 14:46:08 - [MESSAGE][PASSED] - Object 'Object Repository/09-Settings/Users/Active User/div_GTGG tester 2' is present

2023-03-01 14:46:08 - [TEST_STEP][PASSED] - click(findTestObject("09-Settings/Users/Active User/button_ellipses")): Object: 'Object Repository/09-Settings/Users/Active User/button_ellipses' is clicked on

2023-03-01 14:46:09 - [MESSAGE][PASSED] - Object: 'Object Repository/09-Settings/Users/Active User/button_ellipses' is clicked on

2023-03-01 14:46:09 - [TEST_STEP][PASSED] - click(findTestObject("09-Settings/Users/Active User/button_Promote to Admin")): Object: 'Object Repository/09-Settings/Users/Active User/button_Promote to Admin' is clicked on

2023-03-01 14:46:10 - [MESSAGE][PASSED] - Object: 'Object Repository/09-Settings/Users/Active User/button_Promote to Admin' is clicked on

2023-03-01 14:46:10 - [TEST_STEP][PASSED] - verifyElementPresent(findTestObject("09-Settings/Users/Active User/h4_User Admin Settings"), 0): Object 'Object Repository/09-Settings/Users/Active User/h4_User Admin Settings' is present

2023-03-01 14:46:11 - [MESSAGE][WARNING] - Timeout '0' is invalid. Using default page load timeout: '30'

2023-03-01 14:46:11 - [MESSAGE][PASSED] - Object 'Object Repository/09-Settings/Users/Active User/h4_User Admin Settings' is present

2023-03-01 14:46:11 - [TEST_STEP][PASSED] - delay(3): Delayed 3 second(s)

2023-03-01 14:46:14 - [MESSAGE][PASSED] - Delayed 3 second(s)

2023-03-01 14:46:14 - [TEST_STEP][PASSED] - click(findTestObject("09-Settings/Users/Active User/button_Promote")): Object: 'Object Repository/09-Settings/Users/Active User/button_Promote' is clicked on

2023-03-01 14:46:15 - [MESSAGE][PASSED] - Object: 'Object Repository/09-Settings/Users/Active User/button_Promote' is clicked on

2023-03-01 14:46:15 - [TEST_STEP][PASSED] - verifyElementPresent(findTestObject("09-Settings/Users/Active User/span_Successfully promoted user to admin"), 0): Object 'Object Repository/09-Settings/Users/Active User/span_Successfully promoted user to admin' is present

2023-03-01 14:46:15 - [MESSAGE][WARNING] - Timeout '0' is invalid. Using default page load timeout: '30'

2023-03-01 14:46:21 - [MESSAGE][PASSED] - Object 'Object Repository/09-Settings/Users/Active User/span_Successfully promoted user to admin' is present

2023-03-01 14:46:21 - [TEST_STEP][PASSED] - delay(3): Delayed 3 second(s)

2023-03-01 14:46:24 - [MESSAGE][PASSED] - Delayed 3 second(s)]]></system-out>
         <system-err><![CDATA[]]></system-err>
      </testcase>
      <testcase name="Test Cases/09-Settings/14 - Users (Active User - Demote user)" time="18.463" classname="Test Cases/09-Settings/14 - Users (Active User - Demote user)" status="PASSED">
         <system-out><![CDATA[2023-03-01 14:46:24 - [TEST_CASE][PASSED] - Test Cases/09-Settings/14 - Users (Active User - Demote user): Test Cases/09-Settings/14 - Users (Active User - Demote user)

2023-03-01 14:46:26 - [TEST_STEP][PASSED] - delay(3): Delayed 3 second(s)

2023-03-01 14:46:29 - [MESSAGE][PASSED] - Delayed 3 second(s)

2023-03-01 14:46:29 - [TEST_STEP][PASSED] - verifyElementPresent(findTestObject("09-Settings/Users/Active User/div_GTGG tester 2"), 0): Object 'Object Repository/09-Settings/Users/Active User/div_GTGG tester 2' is present

2023-03-01 14:46:29 - [MESSAGE][WARNING] - Timeout '0' is invalid. Using default page load timeout: '30'

2023-03-01 14:46:30 - [MESSAGE][PASSED] - Object 'Object Repository/09-Settings/Users/Active User/div_GTGG tester 2' is present

2023-03-01 14:46:30 - [TEST_STEP][PASSED] - click(findTestObject("09-Settings/Users/Active User/button_ellipses")): Object: 'Object Repository/09-Settings/Users/Active User/button_ellipses' is clicked on

2023-03-01 14:46:31 - [MESSAGE][PASSED] - Object: 'Object Repository/09-Settings/Users/Active User/button_ellipses' is clicked on

2023-03-01 14:46:31 - [TEST_STEP][PASSED] - click(findTestObject("09-Settings/Users/Active User/button_Demote Admin")): Object: 'Object Repository/09-Settings/Users/Active User/button_Demote Admin' is clicked on

2023-03-01 14:46:32 - [MESSAGE][PASSED] - Object: 'Object Repository/09-Settings/Users/Active User/button_Demote Admin' is clicked on

2023-03-01 14:46:32 - [TEST_STEP][PASSED] - verifyElementPresent(findTestObject("09-Settings/Users/Active User/h4_User Admin Settings"), 0): Object 'Object Repository/09-Settings/Users/Active User/h4_User Admin Settings' is present

2023-03-01 14:46:32 - [MESSAGE][WARNING] - Timeout '0' is invalid. Using default page load timeout: '30'

2023-03-01 14:46:33 - [MESSAGE][PASSED] - Object 'Object Repository/09-Settings/Users/Active User/h4_User Admin Settings' is present

2023-03-01 14:46:33 - [TEST_STEP][PASSED] - delay(3): Delayed 3 second(s)

2023-03-01 14:46:36 - [MESSAGE][PASSED] - Delayed 3 second(s)

2023-03-01 14:46:36 - [TEST_STEP][PASSED] - click(findTestObject("09-Settings/Users/Active User/button_Demote")): Object: 'Object Repository/09-Settings/Users/Active User/button_Demote' is clicked on

2023-03-01 14:46:36 - [MESSAGE][PASSED] - Object: 'Object Repository/09-Settings/Users/Active User/button_Demote' is clicked on

2023-03-01 14:46:36 - [TEST_STEP][PASSED] - verifyElementPresent(findTestObject("09-Settings/Users/Active User/span_Successfully demoted admin"), 0): Object 'Object Repository/09-Settings/Users/Active User/span_Successfully demoted admin' is present

2023-03-01 14:46:37 - [MESSAGE][WARNING] - Timeout '0' is invalid. Using default page load timeout: '30'

2023-03-01 14:46:39 - [MESSAGE][PASSED] - Object 'Object Repository/09-Settings/Users/Active User/span_Successfully demoted admin' is present

2023-03-01 14:46:39 - [TEST_STEP][PASSED] - delay(3): Delayed 3 second(s)

2023-03-01 14:46:42 - [MESSAGE][PASSED] - Delayed 3 second(s)]]></system-out>
         <system-err><![CDATA[]]></system-err>
      </testcase>
      <testcase name="Test Cases/09-Settings/15 - Users (Active User - Delete Active user)" time="65.34" classname="Test Cases/09-Settings/15 - Users (Active User - Delete Active user)" status="PASSED">
         <system-out><![CDATA[2023-03-01 14:46:42 - [TEST_CASE][PASSED] - Test Cases/09-Settings/15 - Users (Active User - Delete Active user): Test Cases/09-Settings/15 - Users (Active User - Delete Active user)

2023-03-01 14:46:44 - [TEST_STEP][PASSED] - delay(3): Delayed 3 second(s)

2023-03-01 14:46:47 - [MESSAGE][PASSED] - Delayed 3 second(s)

2023-03-01 14:46:47 - [TEST_STEP][PASSED] - verifyElementPresent(findTestObject("09-Settings/Users/Active User/div_GTGG tester 2"), 0): Object 'Object Repository/09-Settings/Users/Active User/div_GTGG tester 2' is present

2023-03-01 14:46:47 - [MESSAGE][WARNING] - Timeout '0' is invalid. Using default page load timeout: '30'

2023-03-01 14:46:47 - [MESSAGE][PASSED] - Object 'Object Repository/09-Settings/Users/Active User/div_GTGG tester 2' is present

2023-03-01 14:46:47 - [TEST_STEP][PASSED] - click(findTestObject("09-Settings/Users/Active User/button_ellipses")): Object: 'Object Repository/09-Settings/Users/Active User/button_ellipses' is clicked on

2023-03-01 14:46:48 - [MESSAGE][PASSED] - Object: 'Object Repository/09-Settings/Users/Active User/button_ellipses' is clicked on

2023-03-01 14:46:48 - [TEST_STEP][PASSED] - click(findTestObject("09-Settings/Users/Active User/button_Delete User")): Object: 'Object Repository/09-Settings/Users/Active User/button_Delete User' is clicked on

2023-03-01 14:46:51 - [MESSAGE][PASSED] - Object: 'Object Repository/09-Settings/Users/Active User/button_Delete User' is clicked on

2023-03-01 14:46:51 - [TEST_STEP][PASSED] - verifyElementPresent(findTestObject("09-Settings/Users/Active User/h4_Delete User"), 0): Object 'Object Repository/09-Settings/Users/Active User/h4_Delete User' is present

2023-03-01 14:46:51 - [MESSAGE][WARNING] - Timeout '0' is invalid. Using default page load timeout: '30'

2023-03-01 14:46:51 - [MESSAGE][PASSED] - Object 'Object Repository/09-Settings/Users/Active User/h4_Delete User' is present

2023-03-01 14:46:51 - [TEST_STEP][PASSED] - delay(3): Delayed 3 second(s)

2023-03-01 14:46:54 - [MESSAGE][PASSED] - Delayed 3 second(s)

2023-03-01 14:46:54 - [TEST_STEP][PASSED] - click(findTestObject("09-Settings/Users/Active User/button_Delete")): Object: 'Object Repository/09-Settings/Users/Active User/button_Delete' is clicked on

2023-03-01 14:46:55 - [MESSAGE][PASSED] - Object: 'Object Repository/09-Settings/Users/Active User/button_Delete' is clicked on

2023-03-01 14:46:55 - [TEST_STEP][PASSED] - delay(3): Delayed 3 second(s)

2023-03-01 14:46:58 - [MESSAGE][PASSED] - Delayed 3 second(s)

2023-03-01 14:46:58 - [TEST_STEP][PASSED] - verifyElementPresent(findTestObject("09-Settings/Users/Active User/div_GTGG tester"), 0): Object 'Object Repository/09-Settings/Users/Active User/div_GTGG tester' is present

2023-03-01 14:46:58 - [MESSAGE][WARNING] - Timeout '0' is invalid. Using default page load timeout: '30'

2023-03-01 14:46:59 - [MESSAGE][PASSED] - Object 'Object Repository/09-Settings/Users/Active User/div_GTGG tester' is present

2023-03-01 14:46:59 - [TEST_STEP][PASSED] - click(findTestObject("09-Settings/Users/Active User/button_ellipses")): Object: 'Object Repository/09-Settings/Users/Active User/button_ellipses' is clicked on

2023-03-01 14:47:01 - [MESSAGE][PASSED] - Object: 'Object Repository/09-Settings/Users/Active User/button_ellipses' is clicked on

2023-03-01 14:47:01 - [TEST_STEP][PASSED] - click(findTestObject("09-Settings/Users/Active User/button_Delete User")): Object: 'Object Repository/09-Settings/Users/Active User/button_Delete User' is clicked on

2023-03-01 14:47:02 - [MESSAGE][PASSED] - Object: 'Object Repository/09-Settings/Users/Active User/button_Delete User' is clicked on

2023-03-01 14:47:02 - [TEST_STEP][PASSED] - verifyElementPresent(findTestObject("09-Settings/Users/Active User/h4_Delete User"), 0): Object 'Object Repository/09-Settings/Users/Active User/h4_Delete User' is present

2023-03-01 14:47:03 - [MESSAGE][WARNING] - Timeout '0' is invalid. Using default page load timeout: '30'

2023-03-01 14:47:03 - [MESSAGE][PASSED] - Object 'Object Repository/09-Settings/Users/Active User/h4_Delete User' is present

2023-03-01 14:47:03 - [TEST_STEP][PASSED] - delay(3): Delayed 3 second(s)

2023-03-01 14:47:06 - [MESSAGE][PASSED] - Delayed 3 second(s)

2023-03-01 14:47:06 - [TEST_STEP][PASSED] - click(findTestObject("09-Settings/Users/Active User/button_Delete")): Object: 'Object Repository/09-Settings/Users/Active User/button_Delete' is clicked on

2023-03-01 14:47:07 - [MESSAGE][PASSED] - Object: 'Object Repository/09-Settings/Users/Active User/button_Delete' is clicked on

2023-03-01 14:47:07 - [TEST_STEP][PASSED] - delay(3): Delayed 3 second(s)

2023-03-01 14:47:10 - [MESSAGE][PASSED] - Delayed 3 second(s)

2023-03-01 14:47:10 - [TEST_STEP][PASSED] - verifyElementPresent(findTestObject("09-Settings/Users/Active User/div_GTGG Tester 3"), 0): Object 'Object Repository/09-Settings/Users/Active User/div_GTGG Tester 3' is present

2023-03-01 14:47:10 - [MESSAGE][WARNING] - Timeout '0' is invalid. Using default page load timeout: '30'

2023-03-01 14:47:10 - [MESSAGE][PASSED] - Object 'Object Repository/09-Settings/Users/Active User/div_GTGG Tester 3' is present

2023-03-01 14:47:10 - [TEST_STEP][PASSED] - click(findTestObject("09-Settings/Users/Active User/button_ellipses")): Object: 'Object Repository/09-Settings/Users/Active User/button_ellipses' is clicked on

2023-03-01 14:47:11 - [MESSAGE][PASSED] - Object: 'Object Repository/09-Settings/Users/Active User/button_ellipses' is clicked on

2023-03-01 14:47:11 - [TEST_STEP][PASSED] - click(findTestObject("09-Settings/Users/Active User/button_Delete User")): Object: 'Object Repository/09-Settings/Users/Active User/button_Delete User' is clicked on

2023-03-01 14:47:12 - [MESSAGE][PASSED] - Object: 'Object Repository/09-Settings/Users/Active User/button_Delete User' is clicked on

2023-03-01 14:47:12 - [TEST_STEP][PASSED] - verifyElementPresent(findTestObject("09-Settings/Users/Active User/h4_Delete User"), 0): Object 'Object Repository/09-Settings/Users/Active User/h4_Delete User' is present

2023-03-01 14:47:13 - [MESSAGE][WARNING] - Timeout '0' is invalid. Using default page load timeout: '30'

2023-03-01 14:47:13 - [MESSAGE][PASSED] - Object 'Object Repository/09-Settings/Users/Active User/h4_Delete User' is present

2023-03-01 14:47:13 - [TEST_STEP][PASSED] - delay(3): Delayed 3 second(s)

2023-03-01 14:47:16 - [MESSAGE][PASSED] - Delayed 3 second(s)

2023-03-01 14:47:16 - [TEST_STEP][PASSED] - click(findTestObject("09-Settings/Users/Active User/button_Delete")): Object: 'Object Repository/09-Settings/Users/Active User/button_Delete' is clicked on

2023-03-01 14:47:17 - [MESSAGE][PASSED] - Object: 'Object Repository/09-Settings/Users/Active User/button_Delete' is clicked on

2023-03-01 14:47:17 - [TEST_STEP][PASSED] - delay(3): Delayed 3 second(s)

2023-03-01 14:47:20 - [MESSAGE][PASSED] - Delayed 3 second(s)

2023-03-01 14:47:20 - [TEST_STEP][PASSED] - verifyElementPresent(findTestObject("09-Settings/Users/Active User/div_GPGG Partner"), 0): Object 'Object Repository/09-Settings/Users/Active User/div_GPGG Partner' is present

2023-03-01 14:47:20 - [MESSAGE][WARNING] - Timeout '0' is invalid. Using default page load timeout: '30'

2023-03-01 14:47:21 - [MESSAGE][PASSED] - Object 'Object Repository/09-Settings/Users/Active User/div_GPGG Partner' is present

2023-03-01 14:47:21 - [TEST_STEP][PASSED] - click(findTestObject("09-Settings/Users/Active User/button_ellipses")): Object: 'Object Repository/09-Settings/Users/Active User/button_ellipses' is clicked on

2023-03-01 14:47:22 - [MESSAGE][PASSED] - Object: 'Object Repository/09-Settings/Users/Active User/button_ellipses' is clicked on

2023-03-01 14:47:22 - [TEST_STEP][PASSED] - click(findTestObject("09-Settings/Users/Active User/button_Delete User")): Object: 'Object Repository/09-Settings/Users/Active User/button_Delete User' is clicked on

2023-03-01 14:47:23 - [MESSAGE][PASSED] - Object: 'Object Repository/09-Settings/Users/Active User/button_Delete User' is clicked on

2023-03-01 14:47:23 - [TEST_STEP][PASSED] - verifyElementPresent(findTestObject("09-Settings/Users/Active User/h4_Delete User"), 0): Object 'Object Repository/09-Settings/Users/Active User/h4_Delete User' is present

2023-03-01 14:47:23 - [MESSAGE][WARNING] - Timeout '0' is invalid. Using default page load timeout: '30'

2023-03-01 14:47:24 - [MESSAGE][PASSED] - Object 'Object Repository/09-Settings/Users/Active User/h4_Delete User' is present

2023-03-01 14:47:24 - [TEST_STEP][PASSED] - delay(3): Delayed 3 second(s)

2023-03-01 14:47:27 - [MESSAGE][PASSED] - Delayed 3 second(s)

2023-03-01 14:47:27 - [TEST_STEP][PASSED] - click(findTestObject("09-Settings/Users/Active User/button_Delete")): Object: 'Object Repository/09-Settings/Users/Active User/button_Delete' is clicked on

2023-03-01 14:47:28 - [MESSAGE][PASSED] - Object: 'Object Repository/09-Settings/Users/Active User/button_Delete' is clicked on

2023-03-01 14:47:28 - [TEST_STEP][PASSED] - delay(3): Delayed 3 second(s)

2023-03-01 14:47:31 - [MESSAGE][PASSED] - Delayed 3 second(s)

2023-03-01 14:47:31 - [TEST_STEP][PASSED] - verifyElementPresent(findTestObject("09-Settings/Users/Active User/div_GCGG Client"), 0): Object 'Object Repository/09-Settings/Users/Active User/div_GCGG Client' is present

2023-03-01 14:47:32 - [MESSAGE][WARNING] - Timeout '0' is invalid. Using default page load timeout: '30'

2023-03-01 14:47:32 - [MESSAGE][PASSED] - Object 'Object Repository/09-Settings/Users/Active User/div_GCGG Client' is present

2023-03-01 14:47:32 - [TEST_STEP][PASSED] - click(findTestObject("09-Settings/Users/Active User/button_ellipses")): Object: 'Object Repository/09-Settings/Users/Active User/button_ellipses' is clicked on

2023-03-01 14:47:33 - [MESSAGE][PASSED] - Object: 'Object Repository/09-Settings/Users/Active User/button_ellipses' is clicked on

2023-03-01 14:47:33 - [TEST_STEP][PASSED] - click(findTestObject("09-Settings/Users/Active User/button_Delete User")): Object: 'Object Repository/09-Settings/Users/Active User/button_Delete User' is clicked on

2023-03-01 14:47:34 - [MESSAGE][PASSED] - Object: 'Object Repository/09-Settings/Users/Active User/button_Delete User' is clicked on

2023-03-01 14:47:34 - [TEST_STEP][PASSED] - verifyElementPresent(findTestObject("09-Settings/Users/Active User/h4_Delete User"), 0): Object 'Object Repository/09-Settings/Users/Active User/h4_Delete User' is present

2023-03-01 14:47:34 - [MESSAGE][WARNING] - Timeout '0' is invalid. Using default page load timeout: '30'

2023-03-01 14:47:35 - [MESSAGE][PASSED] - Object 'Object Repository/09-Settings/Users/Active User/h4_Delete User' is present

2023-03-01 14:47:35 - [TEST_STEP][PASSED] - delay(3): Delayed 3 second(s)

2023-03-01 14:47:38 - [MESSAGE][PASSED] - Delayed 3 second(s)

2023-03-01 14:47:38 - [TEST_STEP][PASSED] - click(findTestObject("09-Settings/Users/Active User/button_Delete")): Object: 'Object Repository/09-Settings/Users/Active User/button_Delete' is clicked on

2023-03-01 14:47:39 - [MESSAGE][PASSED] - Object: 'Object Repository/09-Settings/Users/Active User/button_Delete' is clicked on

2023-03-01 14:47:39 - [TEST_STEP][PASSED] - verifyElementPresent(findTestObject("09-Settings/Users/Active User/span_Successfully deleted user"), 0): Object 'Object Repository/09-Settings/Users/Active User/span_Successfully deleted user' is present

2023-03-01 14:47:39 - [MESSAGE][WARNING] - Timeout '0' is invalid. Using default page load timeout: '30'

2023-03-01 14:47:42 - [MESSAGE][PASSED] - Object 'Object Repository/09-Settings/Users/Active User/span_Successfully deleted user' is present

2023-03-01 14:47:42 - [TEST_STEP][PASSED] - delay(4): Delayed 4 second(s)

2023-03-01 14:47:46 - [MESSAGE][PASSED] - Delayed 4 second(s)

2023-03-01 14:47:46 - [TEST_STEP][PASSED] - closeBrowser(): Browser is closed

2023-03-01 14:47:48 - [MESSAGE][PASSED] - Browser is closed]]></system-out>
         <system-err><![CDATA[]]></system-err>
      </testcase>
      <system-out><![CDATA[2023-03-01 14:40:22 - [TEST_SUITE][PASSED] - 09.2 - Settings (Active user): Test Cases/09-Settings/15 - Users (Active User - Delete Active user)]]></system-out>
      <system-err><![CDATA[]]></system-err>
   </testsuite>
</testsuites>
