<?xml version="1.0" encoding="UTF-8"?>
<testsuites name="05-Chat" time="456.203" tests="7" failures="0" errors="0">
   <testsuite name="05-Chat" tests="7" failures="0" errors="0" time="456.203" skipped="0" timestamp="2022-10-07 16:22:56" hostname="User - DESKTOP-QCRNR4M" id="Test Suites/TS-Organization/05-Chat">
      <properties>
         <property name="deviceName" value=""/>
         <property name="devicePlatform" value=""/>
         <property name="logFolder" value="C:\\Users\\User\\Katalon Studio\\EverleaguesMain\\Reports\\20221007_162252\\TS-Organization\\05-Chat\\20221007_162253"/>
         <property name="logFiles" value="C:\\Users\\User\\Katalon Studio\\EverleaguesMain\\Reports\\20221007_162252\\TS-Organization\\05-Chat\\20221007_162253\\execution0.log"/>
         <property name="attachments" value=""/>
         <property name="hostName" value="User - DESKTOP-QCRNR4M"/>
         <property name="os" value="Windows 10 64bit"/>
         <property name="katalonVersion" value="8.4.1.208"/>
         <property name="browser" value="Chrome 106.0.0.0"/>
         <property name="hostAddress" value="192.168.5.124"/>
         <property name="sessionId" value="206f7fbd3034963514be4d94c09a1abc"/>
         <property name="seleniumVersion" value="3.141.59"/>
         <property name="proxyInformation" value="ProxyInformation { proxyOption=NO_PROXY, proxyServerType=HTTP, username=, password=********, proxyServerAddress=, proxyServerPort=0, executionList=&quot;&quot;, isApplyToDesiredCapabilities=true }"/>
         <property name="platform" value="Windows 10"/>
      </properties>
      <testcase name="Test Cases/05- Chat/01-Creating a Chat group" time="127.253" classname="Test Cases/05- Chat/01-Creating a Chat group" status="PASSED">
         <system-out><![CDATA[2022-10-07 16:22:56 - [TEST_CASE][PASSED] - Test Cases/05- Chat/01-Creating a Chat group: Test Cases/05- Chat/01-Creating a Chat group

2022-10-07 16:22:57 - [TEST_STEP][PASSED] - openBrowser(""): Browser is opened with url: ''

2022-10-07 16:22:57 - [MESSAGE][INFO] - Starting 'Chrome' driver

2022-10-07 16:22:57 - [MESSAGE][INFO] - Action delay is set to 0 milliseconds

2022-10-07 16:22:59 - [MESSAGE][PASSED] - Browser is opened with url: ''

2022-10-07 16:22:59 - [TEST_STEP][PASSED] - navigateToUrl("https://lab.everleagues.com/"): Navigate to 'https://lab.everleagues.com/' successfully

2022-10-07 16:23:12 - [MESSAGE][PASSED] - Navigate to 'https://lab.everleagues.com/' successfully

2022-10-07 16:23:12 - [TEST_STEP][PASSED] - maximizeWindow(): Current window maximized

2022-10-07 16:23:12 - [MESSAGE][PASSED] - Current window maximized

2022-10-07 16:23:12 - [TEST_STEP][PASSED] - setText(findTestObject("02-Side Icons(Organization)/Add Contact/Email Field"), "testuser02@mailinator.com"): Text 'testuser02@mailinator.com' is set on object 'Object Repository/02-Side Icons(Organization)/Add Contact/Email Field'

2022-10-07 16:23:12 - [MESSAGE][PASSED] - Text 'testuser02@mailinator.com' is set on object 'Object Repository/02-Side Icons(Organization)/Add Contact/Email Field'

2022-10-07 16:23:12 - [TEST_STEP][PASSED] - setEncryptedText(findTestObject("02-Side Icons(Organization)/Add Contact/Password Field"), "8yFRyszE6U6jvsCn51OQbg=="): Text ****** has been set on object 'Object Repository/02-Side Icons(Organization)/Add Contact/Password Field'

2022-10-07 16:23:13 - [MESSAGE][PASSED] - Text ****** has been set on object 'Object Repository/02-Side Icons(Organization)/Add Contact/Password Field'

2022-10-07 16:23:13 - [TEST_STEP][PASSED] - click(findTestObject("02-Side Icons(Organization)/Add Contact/button_Sign in")): Object: 'Object Repository/02-Side Icons(Organization)/Add Contact/button_Sign in' is clicked on

2022-10-07 16:23:14 - [MESSAGE][PASSED] - Object: 'Object Repository/02-Side Icons(Organization)/Add Contact/button_Sign in' is clicked on

2022-10-07 16:23:14 - [TEST_STEP][PASSED] - delay(2): Delayed 2 second(s)

2022-10-07 16:23:16 - [MESSAGE][PASSED] - Delayed 2 second(s)

2022-10-07 16:23:16 - [TEST_STEP][PASSED] - click(findTestObject("06-Teams/For 2FA/button_Confirm_2FA")): Object: 'Object Repository/06-Teams/For 2FA/button_Confirm_2FA' is clicked on

2022-10-07 16:23:16 - [MESSAGE][PASSED] - Object: 'Object Repository/06-Teams/For 2FA/button_Confirm_2FA' is clicked on

2022-10-07 16:23:16 - [TEST_STEP][PASSED] - executeJavaScript("window.open();", []): Execute JavaScript 'window.open();' successfully

2022-10-07 16:23:16 - [MESSAGE][PASSED] - Execute JavaScript 'window.open();' successfully

2022-10-07 16:23:16 - [TEST_STEP][PASSED] - currentWindow = getWindowIndex(): Current window's index is: 0

2022-10-07 16:23:16 - [MESSAGE][PASSED] - Current window's index is: 0

2022-10-07 16:23:16 - [TEST_STEP][PASSED] - delay(3): Delayed 3 second(s)

2022-10-07 16:23:19 - [MESSAGE][PASSED] - Delayed 3 second(s)

2022-10-07 16:23:19 - [TEST_STEP][PASSED] - switchToWindowIndex(currentWindow + 1): Switched to window with index: '1'

2022-10-07 16:23:19 - [MESSAGE][PASSED] - Switched to window with index: '1'

2022-10-07 16:23:19 - [TEST_STEP][PASSED] - navigateToUrl("https://www.mailinator.com/"): Navigate to 'https://www.mailinator.com/' successfully

2022-10-07 16:23:21 - [MESSAGE][PASSED] - Navigate to 'https://www.mailinator.com/' successfully

2022-10-07 16:23:21 - [TEST_STEP][PASSED] - delay(3): Delayed 3 second(s)

2022-10-07 16:23:24 - [MESSAGE][PASSED] - Delayed 3 second(s)

2022-10-07 16:23:24 - [TEST_STEP][PASSED] - setText(findTestObject("00-Signup and Activation/zMailinator/input_LOGIN_search"), "testuser02@mailinator.com"): Text 'testuser02@mailinator.com' is set on object 'Object Repository/00-Signup and Activation/zMailinator/input_LOGIN_search'

2022-10-07 16:23:25 - [MESSAGE][PASSED] - Text 'testuser02@mailinator.com' is set on object 'Object Repository/00-Signup and Activation/zMailinator/input_LOGIN_search'

2022-10-07 16:23:25 - [TEST_STEP][PASSED] - click(findTestObject("00-Signup and Activation/zMailinator/gobutton"), STOP_ON_FAILURE): Object: 'Object Repository/00-Signup and Activation/zMailinator/gobutton' is clicked on

2022-10-07 16:23:27 - [MESSAGE][PASSED] - Object: 'Object Repository/00-Signup and Activation/zMailinator/gobutton' is clicked on

2022-10-07 16:23:27 - [TEST_STEP][PASSED] - delay(3): Delayed 3 second(s)

2022-10-07 16:23:30 - [MESSAGE][PASSED] - Delayed 3 second(s)

2022-10-07 16:23:30 - [TEST_STEP][PASSED] - click(findTestObject("00-Signup and Activation/zMailinator/Email - everleagues")): Object: 'Object Repository/00-Signup and Activation/zMailinator/Email - everleagues' is clicked on

2022-10-07 16:23:30 - [MESSAGE][PASSED] - Object: 'Object Repository/00-Signup and Activation/zMailinator/Email - everleagues' is clicked on

2022-10-07 16:23:30 - [TEST_STEP][PASSED] - delay(3): Delayed 3 second(s)

2022-10-07 16:23:33 - [MESSAGE][PASSED] - Delayed 3 second(s)

2022-10-07 16:23:33 - [TEST_STEP][PASSED] - code = getText(findTestObject("Object Repository/06-Teams/For 2FA/2FA code")): Text of object 'Object Repository/06-Teams/For 2FA/2FA code' is: '169682'

2022-10-07 16:23:34 - [MESSAGE][PASSED] - Text of object 'Object Repository/06-Teams/For 2FA/2FA code' is: '169682'

2022-10-07 16:23:34 - [TEST_STEP][PASSED] - delay(3): Delayed 3 second(s)

2022-10-07 16:23:37 - [MESSAGE][PASSED] - Delayed 3 second(s)

2022-10-07 16:23:37 - [TEST_STEP][PASSED] - closeWindowTitle("Mailinator"): Window with title: 'Mailinator' is closed

2022-10-07 16:23:37 - [MESSAGE][PASSED] - Window with title: 'Mailinator' is closed

2022-10-07 16:23:37 - [TEST_STEP][PASSED] - delay(3): Delayed 3 second(s)

2022-10-07 16:23:40 - [MESSAGE][PASSED] - Delayed 3 second(s)

2022-10-07 16:23:40 - [TEST_STEP][PASSED] - switchToWindowIndex(0): Switched to window with index: '0'

2022-10-07 16:23:40 - [MESSAGE][PASSED] - Switched to window with index: '0'

2022-10-07 16:23:40 - [TEST_STEP][PASSED] - delay(3): Delayed 3 second(s)

2022-10-07 16:23:43 - [MESSAGE][PASSED] - Delayed 3 second(s)

2022-10-07 16:23:43 - [TEST_STEP][PASSED] - setText(findTestObject("Object Repository/06-Teams/For 2FA/input_Enter verification code_code"), code): Text '169682' is set on object 'Object Repository/06-Teams/For 2FA/input_Enter verification code_code'

2022-10-07 16:24:10 - [MESSAGE][PASSED] - Text '169682' is set on object 'Object Repository/06-Teams/For 2FA/input_Enter verification code_code'

2022-10-07 16:24:10 - [TEST_STEP][PASSED] - delay(3): Delayed 3 second(s)

2022-10-07 16:24:13 - [MESSAGE][PASSED] - Delayed 3 second(s)

2022-10-07 16:24:13 - [TEST_STEP][PASSED] - click(findTestObject("06-Teams/For 2FA/button_Verify_2FA")): Object: 'Object Repository/06-Teams/For 2FA/button_Verify_2FA' is clicked on

2022-10-07 16:24:13 - [MESSAGE][PASSED] - Object: 'Object Repository/06-Teams/For 2FA/button_Verify_2FA' is clicked on

2022-10-07 16:24:13 - [TEST_STEP][PASSED] - delay(5): Delayed 5 second(s)

2022-10-07 16:24:18 - [MESSAGE][PASSED] - Delayed 5 second(s)

2022-10-07 16:24:18 - [TEST_STEP][PASSED] - click(findTestObject("02-Side Icons(Organization)/Add Contact/Side Menu double arrow icon")): Object: 'Object Repository/02-Side Icons(Organization)/Add Contact/Side Menu double arrow icon' is clicked on

2022-10-07 16:24:19 - [MESSAGE][PASSED] - Object: 'Object Repository/02-Side Icons(Organization)/Add Contact/Side Menu double arrow icon' is clicked on

2022-10-07 16:24:19 - [TEST_STEP][PASSED] - delay(2): Delayed 2 second(s)

2022-10-07 16:24:21 - [MESSAGE][PASSED] - Delayed 2 second(s)

2022-10-07 16:24:21 - [TEST_STEP][PASSED] - click(findTestObject("02-Side Icons(Organization)/Add Contact/button_My Organizations")): Object: 'Object Repository/02-Side Icons(Organization)/Add Contact/button_My Organizations' is clicked on

2022-10-07 16:24:21 - [MESSAGE][PASSED] - Object: 'Object Repository/02-Side Icons(Organization)/Add Contact/button_My Organizations' is clicked on

2022-10-07 16:24:21 - [TEST_STEP][PASSED] - delay(2): Delayed 2 second(s)

2022-10-07 16:24:23 - [MESSAGE][PASSED] - Delayed 2 second(s)

2022-10-07 16:24:23 - [TEST_STEP][PASSED] - click(findTestObject("02-Side Icons(Organization)/Add Contact/button_Automation Test Org")): Object: 'Object Repository/02-Side Icons(Organization)/Add Contact/button_Automation Test Org' is clicked on

2022-10-07 16:24:23 - [MESSAGE][PASSED] - Object: 'Object Repository/02-Side Icons(Organization)/Add Contact/button_Automation Test Org' is clicked on

2022-10-07 16:24:23 - [TEST_STEP][PASSED] - delay(2): Delayed 2 second(s)

2022-10-07 16:24:26 - [MESSAGE][PASSED] - Delayed 2 second(s)

2022-10-07 16:24:26 - [TEST_STEP][PASSED] - verifyElementVisible(findTestObject("02-Side Icons(Organization)/Add Contact/span_Automation Test Org")): Object 'Object Repository/02-Side Icons(Organization)/Add Contact/span_Automation Test Org' is visible

2022-10-07 16:24:26 - [MESSAGE][PASSED] - Object 'Object Repository/02-Side Icons(Organization)/Add Contact/span_Automation Test Org' is visible

2022-10-07 16:24:26 - [TEST_STEP][PASSED] - click(findTestObject("05-Chat/01- Creating a Chat group/div_Chat")): Object: 'Object Repository/05-Chat/01- Creating a Chat group/div_Chat' is clicked on

2022-10-07 16:24:27 - [MESSAGE][PASSED] - Object: 'Object Repository/05-Chat/01- Creating a Chat group/div_Chat' is clicked on

2022-10-07 16:24:27 - [TEST_STEP][PASSED] - delay(1): Delayed 1 second(s)

2022-10-07 16:24:28 - [MESSAGE][PASSED] - Delayed 1 second(s)

2022-10-07 16:24:28 - [TEST_STEP][PASSED] - verifyElementVisible(findTestObject("05-Chat/01- Creating a Chat group/h4_CHAT")): Object 'Object Repository/05-Chat/01- Creating a Chat group/h4_CHAT' is visible

2022-10-07 16:24:29 - [MESSAGE][PASSED] - Object 'Object Repository/05-Chat/01- Creating a Chat group/h4_CHAT' is visible

2022-10-07 16:24:29 - [TEST_STEP][PASSED] - verifyElementVisible(findTestObject("05-Chat/01- Creating a Chat group/div_No chat available")): Object 'Object Repository/05-Chat/01- Creating a Chat group/div_No chat available' is visible

2022-10-07 16:24:30 - [MESSAGE][PASSED] - Object 'Object Repository/05-Chat/01- Creating a Chat group/div_No chat available' is visible

2022-10-07 16:24:30 - [TEST_STEP][PASSED] - verifyElementVisible(findTestObject("05-Chat/01- Creating a Chat group/h5_Chat securely with your contacts here")): Object 'Object Repository/05-Chat/01- Creating a Chat group/h5_Chat securely with your contacts here' is visible

2022-10-07 16:24:30 - [MESSAGE][PASSED] - Object 'Object Repository/05-Chat/01- Creating a Chat group/h5_Chat securely with your contacts here' is visible

2022-10-07 16:24:30 - [TEST_STEP][PASSED] - delay(3): Delayed 3 second(s)

2022-10-07 16:24:33 - [MESSAGE][PASSED] - Delayed 3 second(s)

2022-10-07 16:24:33 - [TEST_STEP][PASSED] - click(findTestObject("05-Chat/01- Creating a Chat group/new chat icon")): Object: 'Object Repository/05-Chat/01- Creating a Chat group/new chat icon' is clicked on

2022-10-07 16:24:33 - [MESSAGE][PASSED] - Object: 'Object Repository/05-Chat/01- Creating a Chat group/new chat icon' is clicked on

2022-10-07 16:24:33 - [TEST_STEP][PASSED] - delay(5): Delayed 5 second(s)

2022-10-07 16:24:38 - [MESSAGE][PASSED] - Delayed 5 second(s)

2022-10-07 16:24:38 - [TEST_STEP][PASSED] - click(findTestObject("05-Chat/01- Creating a Chat group/div_New Group Chat")): Object: 'Object Repository/05-Chat/01- Creating a Chat group/div_New Group Chat' is clicked on

2022-10-07 16:24:40 - [MESSAGE][PASSED] - Object: 'Object Repository/05-Chat/01- Creating a Chat group/div_New Group Chat' is clicked on

2022-10-07 16:24:40 - [TEST_STEP][PASSED] - delay(1): Delayed 1 second(s)

2022-10-07 16:24:41 - [MESSAGE][PASSED] - Delayed 1 second(s)

2022-10-07 16:24:41 - [TEST_STEP][PASSED] - verifyElementVisible(findTestObject("05-Chat/01- Creating a Chat group/span_Add group participant")): Object 'Object Repository/05-Chat/01- Creating a Chat group/span_Add group participant' is visible

2022-10-07 16:24:41 - [MESSAGE][PASSED] - Object 'Object Repository/05-Chat/01- Creating a Chat group/span_Add group participant' is visible

2022-10-07 16:24:41 - [TEST_STEP][PASSED] - verifyElementNotPresent(findTestObject("05-Chat/01- Creating a Chat group/button_arrow_forward"), 0): Web element with id: 'Object Repository/05-Chat/01- Creating a Chat group/button_arrow_forward' located by 'By.xpath: //button[@type = 'button' and @ng-reflect-disabled = 'false' and (text() = 'arrow_forward' or . = 'arrow_forward')]' is not present after '30' second(s)

2022-10-07 16:24:41 - [MESSAGE][WARNING] - Timeout '0' is invalid. Using default page load timeout: '30'

2022-10-07 16:24:42 - [MESSAGE][PASSED] - Web element with id: 'Object Repository/05-Chat/01- Creating a Chat group/button_arrow_forward' located by 'By.xpath: //button[@type = 'button' and @ng-reflect-disabled = 'false' and (text() = 'arrow_forward' or . = 'arrow_forward')]' is not present after '30' second(s)

2022-10-07 16:24:42 - [TEST_STEP][PASSED] - delay(1): Delayed 1 second(s)

2022-10-07 16:24:43 - [MESSAGE][PASSED] - Delayed 1 second(s)

2022-10-07 16:24:43 - [TEST_STEP][PASSED] - setText(findTestObject("05-Chat/01- Creating a Chat group/input_newGroupName"), "Automation Chat"): Text 'Automation Chat' is set on object 'Object Repository/05-Chat/01- Creating a Chat group/input_newGroupName'

2022-10-07 16:24:44 - [MESSAGE][PASSED] - Text 'Automation Chat' is set on object 'Object Repository/05-Chat/01- Creating a Chat group/input_newGroupName'

2022-10-07 16:24:44 - [TEST_STEP][PASSED] - click(findTestObject("05-Chat/01- Creating a Chat group/div_GTGG tester")): Object: 'Object Repository/05-Chat/01- Creating a Chat group/div_GTGG tester' is clicked on

2022-10-07 16:24:44 - [MESSAGE][PASSED] - Object: 'Object Repository/05-Chat/01- Creating a Chat group/div_GTGG tester' is clicked on

2022-10-07 16:24:44 - [TEST_STEP][PASSED] - verifyElementVisible(findTestObject("05-Chat/01- Creating a Chat group/GG tester added")): Object 'Object Repository/05-Chat/01- Creating a Chat group/GG tester added' is visible

2022-10-07 16:24:45 - [MESSAGE][PASSED] - Object 'Object Repository/05-Chat/01- Creating a Chat group/GG tester added' is visible

2022-10-07 16:24:45 - [TEST_STEP][PASSED] - delay(1): Delayed 1 second(s)

2022-10-07 16:24:46 - [MESSAGE][PASSED] - Delayed 1 second(s)

2022-10-07 16:24:46 - [TEST_STEP][PASSED] - click(findTestObject("05-Chat/01- Creating a Chat group/div_GTGG tester 2")): Object: 'Object Repository/05-Chat/01- Creating a Chat group/div_GTGG tester 2' is clicked on

2022-10-07 16:24:47 - [MESSAGE][PASSED] - Object: 'Object Repository/05-Chat/01- Creating a Chat group/div_GTGG tester 2' is clicked on

2022-10-07 16:24:47 - [TEST_STEP][PASSED] - verifyElementVisible(findTestObject("05-Chat/01- Creating a Chat group/GG tester 2 added")): Object 'Object Repository/05-Chat/01- Creating a Chat group/GG tester 2 added' is visible

2022-10-07 16:24:47 - [MESSAGE][PASSED] - Object 'Object Repository/05-Chat/01- Creating a Chat group/GG tester 2 added' is visible

2022-10-07 16:24:47 - [TEST_STEP][PASSED] - delay(1): Delayed 1 second(s)

2022-10-07 16:24:48 - [MESSAGE][PASSED] - Delayed 1 second(s)

2022-10-07 16:24:48 - [TEST_STEP][PASSED] - click(findTestObject("05-Chat/01- Creating a Chat group/button_arrow_forward")): Object: 'Object Repository/05-Chat/01- Creating a Chat group/button_arrow_forward' is clicked on

2022-10-07 16:24:49 - [MESSAGE][PASSED] - Object: 'Object Repository/05-Chat/01- Creating a Chat group/button_arrow_forward' is clicked on

2022-10-07 16:24:49 - [TEST_STEP][PASSED] - verifyElementVisible(findTestObject("05-Chat/01- Creating a Chat group/div_Creating Chat")): Object 'Object Repository/05-Chat/01- Creating a Chat group/div_Creating Chat' is visible

2022-10-07 16:24:49 - [MESSAGE][PASSED] - Object 'Object Repository/05-Chat/01- Creating a Chat group/div_Creating Chat' is visible

2022-10-07 16:24:49 - [TEST_STEP][PASSED] - delay(3): Delayed 3 second(s)

2022-10-07 16:24:52 - [MESSAGE][PASSED] - Delayed 3 second(s)

2022-10-07 16:24:52 - [TEST_STEP][PASSED] - verifyElementVisible(findTestObject("05-Chat/01- Creating a Chat group/div_Automation Chat")): Object 'Object Repository/05-Chat/01- Creating a Chat group/div_Automation Chat' is visible

2022-10-07 16:24:58 - [MESSAGE][PASSED] - Object 'Object Repository/05-Chat/01- Creating a Chat group/div_Automation Chat' is visible

2022-10-07 16:24:58 - [TEST_STEP][PASSED] - delay(5): Delayed 5 second(s)

2022-10-07 16:25:03 - [MESSAGE][PASSED] - Delayed 5 second(s)]]></system-out>
         <system-err><![CDATA[]]></system-err>
      </testcase>
      <testcase name="Test Cases/05- Chat/02-Sending chat messages" time="21.276" classname="Test Cases/05- Chat/02-Sending chat messages" status="PASSED">
         <system-out><![CDATA[2022-10-07 16:25:03 - [TEST_CASE][PASSED] - Test Cases/05- Chat/02-Sending chat messages: Test Cases/05- Chat/02-Sending chat messages

2022-10-07 16:25:04 - [TEST_STEP][PASSED] - click(findTestObject("05-Chat/02-Sending chat messages/div_AC")): Object: 'Object Repository/05-Chat/02-Sending chat messages/div_AC' is clicked on

2022-10-07 16:25:05 - [MESSAGE][PASSED] - Object: 'Object Repository/05-Chat/02-Sending chat messages/div_AC' is clicked on

2022-10-07 16:25:05 - [TEST_STEP][PASSED] - setText(findTestObject("05-Chat/02-Sending chat messages/textarea__msg"), "Testing automation"): Text 'Testing automation' is set on object 'Object Repository/05-Chat/02-Sending chat messages/textarea__msg'

2022-10-07 16:25:06 - [MESSAGE][PASSED] - Text 'Testing automation' is set on object 'Object Repository/05-Chat/02-Sending chat messages/textarea__msg'

2022-10-07 16:25:06 - [TEST_STEP][PASSED] - click(findTestObject("05-Chat/02-Sending chat messages/button_send")): Object: 'Object Repository/05-Chat/02-Sending chat messages/button_send' is clicked on

2022-10-07 16:25:07 - [MESSAGE][PASSED] - Object: 'Object Repository/05-Chat/02-Sending chat messages/button_send' is clicked on

2022-10-07 16:25:07 - [TEST_STEP][PASSED] - verifyElementVisible(findTestObject("05-Chat/02-Sending chat messages/verify_Testing automation msg")): Object 'Object Repository/05-Chat/02-Sending chat messages/verify_Testing automation msg' is visible

2022-10-07 16:25:07 - [MESSAGE][PASSED] - Object 'Object Repository/05-Chat/02-Sending chat messages/verify_Testing automation msg' is visible

2022-10-07 16:25:07 - [TEST_STEP][PASSED] - delay(3): Delayed 3 second(s)

2022-10-07 16:25:10 - [MESSAGE][PASSED] - Delayed 3 second(s)

2022-10-07 16:25:10 - [TEST_STEP][PASSED] - click(findTestObject("05-Chat/02-Sending chat messages/button_insert_emoticon")): Object: 'Object Repository/05-Chat/02-Sending chat messages/button_insert_emoticon' is clicked on

2022-10-07 16:25:11 - [MESSAGE][PASSED] - Object: 'Object Repository/05-Chat/02-Sending chat messages/button_insert_emoticon' is clicked on

2022-10-07 16:25:11 - [TEST_STEP][PASSED] - verifyElementVisible(findTestObject("05-Chat/02-Sending chat messages/Frequently used")): Object 'Object Repository/05-Chat/02-Sending chat messages/Frequently used' is visible

2022-10-07 16:25:11 - [MESSAGE][PASSED] - Object 'Object Repository/05-Chat/02-Sending chat messages/Frequently used' is visible

2022-10-07 16:25:11 - [TEST_STEP][PASSED] - verifyElementVisible(findTestObject("05-Chat/02-Sending chat messages/smiley and people")): Object 'Object Repository/05-Chat/02-Sending chat messages/smiley and people' is visible

2022-10-07 16:25:12 - [MESSAGE][PASSED] - Object 'Object Repository/05-Chat/02-Sending chat messages/smiley and people' is visible

2022-10-07 16:25:12 - [TEST_STEP][PASSED] - verifyElementVisible(findTestObject("05-Chat/02-Sending chat messages/Animals and nature")): Object 'Object Repository/05-Chat/02-Sending chat messages/Animals and nature' is visible

2022-10-07 16:25:13 - [MESSAGE][PASSED] - Object 'Object Repository/05-Chat/02-Sending chat messages/Animals and nature' is visible

2022-10-07 16:25:13 - [TEST_STEP][PASSED] - verifyElementVisible(findTestObject("05-Chat/02-Sending chat messages/Food and drink")): Object 'Object Repository/05-Chat/02-Sending chat messages/Food and drink' is visible

2022-10-07 16:25:13 - [MESSAGE][PASSED] - Object 'Object Repository/05-Chat/02-Sending chat messages/Food and drink' is visible

2022-10-07 16:25:13 - [TEST_STEP][PASSED] - verifyElementVisible(findTestObject("05-Chat/02-Sending chat messages/Activity")): Object 'Object Repository/05-Chat/02-Sending chat messages/Activity' is visible

2022-10-07 16:25:13 - [MESSAGE][PASSED] - Object 'Object Repository/05-Chat/02-Sending chat messages/Activity' is visible

2022-10-07 16:25:13 - [TEST_STEP][PASSED] - verifyElementVisible(findTestObject("05-Chat/02-Sending chat messages/Travel and places")): Object 'Object Repository/05-Chat/02-Sending chat messages/Travel and places' is visible

2022-10-07 16:25:14 - [MESSAGE][PASSED] - Object 'Object Repository/05-Chat/02-Sending chat messages/Travel and places' is visible

2022-10-07 16:25:14 - [TEST_STEP][PASSED] - verifyElementVisible(findTestObject("05-Chat/02-Sending chat messages/Objects")): Object 'Object Repository/05-Chat/02-Sending chat messages/Objects' is visible

2022-10-07 16:25:14 - [MESSAGE][PASSED] - Object 'Object Repository/05-Chat/02-Sending chat messages/Objects' is visible

2022-10-07 16:25:14 - [TEST_STEP][PASSED] - verifyElementVisible(findTestObject("05-Chat/02-Sending chat messages/Symbols")): Object 'Object Repository/05-Chat/02-Sending chat messages/Symbols' is visible

2022-10-07 16:25:14 - [MESSAGE][PASSED] - Object 'Object Repository/05-Chat/02-Sending chat messages/Symbols' is visible

2022-10-07 16:25:14 - [TEST_STEP][PASSED] - delay(2): Delayed 2 second(s)

2022-10-07 16:25:16 - [MESSAGE][PASSED] - Delayed 2 second(s)

2022-10-07 16:25:16 - [TEST_STEP][PASSED] - click(findTestObject("05-Chat/02-Sending chat messages/Money Face")): Object: 'Object Repository/05-Chat/02-Sending chat messages/Money Face' is clicked on

2022-10-07 16:25:17 - [MESSAGE][PASSED] - Object: 'Object Repository/05-Chat/02-Sending chat messages/Money Face' is clicked on

2022-10-07 16:25:17 - [TEST_STEP][PASSED] - click(findTestObject("05-Chat/02-Sending chat messages/button_send")): Object: 'Object Repository/05-Chat/02-Sending chat messages/button_send' is clicked on

2022-10-07 16:25:17 - [MESSAGE][PASSED] - Object: 'Object Repository/05-Chat/02-Sending chat messages/button_send' is clicked on

2022-10-07 16:25:17 - [TEST_STEP][PASSED] - delay(2): Delayed 2 second(s)

2022-10-07 16:25:19 - [MESSAGE][PASSED] - Delayed 2 second(s)

2022-10-07 16:25:19 - [TEST_STEP][PASSED] - verifyElementVisible(findTestObject("05-Chat/02-Sending chat messages/money face in chat")): Object 'Object Repository/05-Chat/02-Sending chat messages/money face in chat' is visible

2022-10-07 16:25:20 - [MESSAGE][PASSED] - Object 'Object Repository/05-Chat/02-Sending chat messages/money face in chat' is visible

2022-10-07 16:25:20 - [TEST_STEP][PASSED] - delay(5): Delayed 5 second(s)

2022-10-07 16:25:25 - [MESSAGE][PASSED] - Delayed 5 second(s)]]></system-out>
         <system-err><![CDATA[]]></system-err>
      </testcase>
      <testcase name="Test Cases/05- Chat/03-Sending attached file" time="132.216" classname="Test Cases/05- Chat/03-Sending attached file" status="PASSED">
         <system-out><![CDATA[2022-10-07 16:25:25 - [TEST_CASE][PASSED] - Test Cases/05- Chat/03-Sending attached file: Test Cases/05- Chat/03-Sending attached file

2022-10-07 16:25:25 - [TEST_STEP][PASSED] - delay(5): Delayed 5 second(s)

2022-10-07 16:25:30 - [MESSAGE][PASSED] - Delayed 5 second(s)

2022-10-07 16:25:30 - [TEST_STEP][PASSED] - uploadpackage.Upload.uploadFile(findTestObject("Object Repository/05-Chat/03-Sending attached file/button_attach_file"), "C:\Users\User\Desktop\EL automation\qa.jpg"): uploadpackage.Upload.uploadFile is PASSED

2022-10-07 16:25:30 - [MESSAGE][PASSED] - Object: 'Object Repository/05-Chat/03-Sending attached file/button_attach_file' is clicked on

2022-10-07 16:25:31 - [MESSAGE][PASSED] - uploadpackage.Upload.uploadFile is PASSED

2022-10-07 16:25:31 - [TEST_STEP][PASSED] - delay(5): Delayed 5 second(s)

2022-10-07 16:25:36 - [MESSAGE][PASSED] - Delayed 5 second(s)

2022-10-07 16:25:36 - [TEST_STEP][PASSED] - click(findTestObject("05-Chat/02-Sending chat messages/button_send")): Object: 'Object Repository/05-Chat/02-Sending chat messages/button_send' is clicked on

2022-10-07 16:25:36 - [MESSAGE][PASSED] - Object: 'Object Repository/05-Chat/02-Sending chat messages/button_send' is clicked on

2022-10-07 16:25:36 - [TEST_STEP][PASSED] - delay(20): Delayed 20 second(s)

2022-10-07 16:25:56 - [MESSAGE][PASSED] - Delayed 20 second(s)

2022-10-07 16:25:56 - [TEST_STEP][PASSED] - verifyElementVisible(findTestObject("05-Chat/03-Sending attached file/img_You_inserted")): Object 'Object Repository/05-Chat/03-Sending attached file/img_You_inserted' is visible

2022-10-07 16:25:57 - [MESSAGE][PASSED] - Object 'Object Repository/05-Chat/03-Sending attached file/img_You_inserted' is visible

2022-10-07 16:25:57 - [TEST_STEP][PASSED] - refresh(): Refresh successfully

2022-10-07 16:25:59 - [MESSAGE][PASSED] - Refresh successfully

2022-10-07 16:25:59 - [TEST_STEP][PASSED] - delay(15): Delayed 15 second(s)

2022-10-07 16:26:14 - [MESSAGE][PASSED] - Delayed 15 second(s)

2022-10-07 16:26:14 - [TEST_STEP][PASSED] - uploadFileWithDragAndDrop(findTestObject("Object Repository/05-Chat/02-Sending chat messages/textarea__msg"), "C:\Users\User\Desktop\EL automation\sample.pdf"): null

2022-10-07 16:26:15 - [TEST_STEP][PASSED] - delay(5): Delayed 5 second(s)

2022-10-07 16:26:20 - [MESSAGE][PASSED] - Delayed 5 second(s)

2022-10-07 16:26:20 - [TEST_STEP][PASSED] - click(findTestObject("05-Chat/02-Sending chat messages/button_send")): Object: 'Object Repository/05-Chat/02-Sending chat messages/button_send' is clicked on

2022-10-07 16:26:20 - [MESSAGE][PASSED] - Object: 'Object Repository/05-Chat/02-Sending chat messages/button_send' is clicked on

2022-10-07 16:26:20 - [TEST_STEP][PASSED] - delay(20): Delayed 20 second(s)

2022-10-07 16:26:40 - [MESSAGE][PASSED] - Delayed 20 second(s)

2022-10-07 16:26:40 - [TEST_STEP][PASSED] - verifyElementVisible(findTestObject("05-Chat/03-Sending attached file/span_sample.pdf")): Object 'Object Repository/05-Chat/03-Sending attached file/span_sample.pdf' is visible

2022-10-07 16:26:41 - [MESSAGE][PASSED] - Object 'Object Repository/05-Chat/03-Sending attached file/span_sample.pdf' is visible

2022-10-07 16:26:41 - [TEST_STEP][PASSED] - refresh(): Refresh successfully

2022-10-07 16:26:43 - [MESSAGE][PASSED] - Refresh successfully

2022-10-07 16:26:43 - [TEST_STEP][PASSED] - delay(15): Delayed 15 second(s)

2022-10-07 16:26:58 - [MESSAGE][PASSED] - Delayed 15 second(s)

2022-10-07 16:26:58 - [TEST_STEP][PASSED] - uploadFileWithDragAndDrop(findTestObject("Object Repository/05-Chat/02-Sending chat messages/textarea__msg"), "C:\Users\User\Desktop\EL automation\video.mp4"): null

2022-10-07 16:26:58 - [TEST_STEP][PASSED] - delay(5): Delayed 5 second(s)

2022-10-07 16:27:03 - [MESSAGE][PASSED] - Delayed 5 second(s)

2022-10-07 16:27:03 - [TEST_STEP][PASSED] - click(findTestObject("05-Chat/02-Sending chat messages/button_send")): Object: 'Object Repository/05-Chat/02-Sending chat messages/button_send' is clicked on

2022-10-07 16:27:04 - [MESSAGE][PASSED] - Object: 'Object Repository/05-Chat/02-Sending chat messages/button_send' is clicked on

2022-10-07 16:27:04 - [TEST_STEP][PASSED] - delay(20): Delayed 20 second(s)

2022-10-07 16:27:24 - [MESSAGE][PASSED] - Delayed 20 second(s)

2022-10-07 16:27:24 - [TEST_STEP][PASSED] - verifyElementVisible(findTestObject("05-Chat/03-Sending attached file/span_video.mp4")): Object 'Object Repository/05-Chat/03-Sending attached file/span_video.mp4' is visible

2022-10-07 16:27:32 - [MESSAGE][PASSED] - Object 'Object Repository/05-Chat/03-Sending attached file/span_video.mp4' is visible

2022-10-07 16:27:32 - [TEST_STEP][PASSED] - delay(5): Delayed 5 second(s)

2022-10-07 16:27:37 - [MESSAGE][PASSED] - Delayed 5 second(s)]]></system-out>
         <system-err><![CDATA[]]></system-err>
      </testcase>
      <testcase name="Test Cases/05- Chat/04-Sending a video conference invite" time="38.55" classname="Test Cases/05- Chat/04-Sending a video conference invite" status="PASSED">
         <system-out><![CDATA[2022-10-07 16:27:37 - [TEST_CASE][PASSED] - Test Cases/05- Chat/04-Sending a video conference invite: Test Cases/05- Chat/04-Sending a video conference invite

2022-10-07 16:27:37 - [TEST_STEP][PASSED] - click(findTestObject("05-Chat/04-Sending a video conference invite/button_videocam")): Object: 'Object Repository/05-Chat/04-Sending a video conference invite/button_videocam' is clicked on

2022-10-07 16:28:03 - [MESSAGE][PASSED] - Object: 'Object Repository/05-Chat/04-Sending a video conference invite/button_videocam' is clicked on

2022-10-07 16:28:03 - [TEST_STEP][PASSED] - delay(2): Delayed 2 second(s)

2022-10-07 16:28:05 - [MESSAGE][PASSED] - Delayed 2 second(s)

2022-10-07 16:28:05 - [TEST_STEP][PASSED] - click(findTestObject("05-Chat/02-Sending chat messages/button_send")): Object: 'Object Repository/05-Chat/02-Sending chat messages/button_send' is clicked on

2022-10-07 16:28:05 - [MESSAGE][PASSED] - Object: 'Object Repository/05-Chat/02-Sending chat messages/button_send' is clicked on

2022-10-07 16:28:05 - [TEST_STEP][PASSED] - delay(5): Delayed 5 second(s)

2022-10-07 16:28:10 - [MESSAGE][PASSED] - Delayed 5 second(s)

2022-10-07 16:28:10 - [TEST_STEP][PASSED] - verifyElementVisible(findTestObject("05-Chat/04-Sending a video conference invite/div_Video Conference"), CONTINUE_ON_FAILURE): Object 'Object Repository/05-Chat/04-Sending a video conference invite/div_Video Conference' is visible

2022-10-07 16:28:11 - [MESSAGE][PASSED] - Object 'Object Repository/05-Chat/04-Sending a video conference invite/div_Video Conference' is visible

2022-10-07 16:28:11 - [TEST_STEP][PASSED] - delay(5): Delayed 5 second(s)

2022-10-07 16:28:16 - [MESSAGE][PASSED] - Delayed 5 second(s)]]></system-out>
         <system-err><![CDATA[]]></system-err>
      </testcase>
      <testcase name="Test Cases/05- Chat/05-Schedule a meeting" time="42.644" classname="Test Cases/05- Chat/05-Schedule a meeting" status="PASSED">
         <system-out><![CDATA[2022-10-07 16:28:16 - [TEST_CASE][PASSED] - Test Cases/05- Chat/05-Schedule a meeting: Test Cases/05- Chat/05-Schedule a meeting

2022-10-07 16:28:16 - [TEST_STEP][PASSED] - click(findTestObject("05-Chat/05-Schedule a meeting/button_schedule a meeting")): Object: 'Object Repository/05-Chat/05-Schedule a meeting/button_schedule a meeting' is clicked on

2022-10-07 16:28:16 - [MESSAGE][PASSED] - Object: 'Object Repository/05-Chat/05-Schedule a meeting/button_schedule a meeting' is clicked on

2022-10-07 16:28:16 - [TEST_STEP][PASSED] - delay(2): Delayed 2 second(s)

2022-10-07 16:28:18 - [MESSAGE][PASSED] - Delayed 2 second(s)

2022-10-07 16:28:18 - [TEST_STEP][PASSED] - verifyElementVisible(findTestObject("05-Chat/05-Schedule a meeting/Meeting title field")): Object 'Object Repository/05-Chat/05-Schedule a meeting/Meeting title field' is visible

2022-10-07 16:28:19 - [MESSAGE][PASSED] - Object 'Object Repository/05-Chat/05-Schedule a meeting/Meeting title field' is visible

2022-10-07 16:28:19 - [TEST_STEP][PASSED] - verifyElementVisible(findTestObject("05-Chat/05-Schedule a meeting/div_Start Date")): Object 'Object Repository/05-Chat/05-Schedule a meeting/div_Start Date' is visible

2022-10-07 16:28:19 - [MESSAGE][PASSED] - Object 'Object Repository/05-Chat/05-Schedule a meeting/div_Start Date' is visible

2022-10-07 16:28:19 - [TEST_STEP][PASSED] - verifyElementVisible(findTestObject("05-Chat/05-Schedule a meeting/div_End Date")): Object 'Object Repository/05-Chat/05-Schedule a meeting/div_End Date' is visible

2022-10-07 16:28:20 - [MESSAGE][PASSED] - Object 'Object Repository/05-Chat/05-Schedule a meeting/div_End Date' is visible

2022-10-07 16:28:20 - [TEST_STEP][PASSED] - verifyElementVisible(findTestObject("05-Chat/05-Schedule a meeting/div_Recurrence")): Object 'Object Repository/05-Chat/05-Schedule a meeting/div_Recurrence' is visible

2022-10-07 16:28:20 - [MESSAGE][PASSED] - Object 'Object Repository/05-Chat/05-Schedule a meeting/div_Recurrence' is visible

2022-10-07 16:28:20 - [TEST_STEP][PASSED] - delay(2): Delayed 2 second(s)

2022-10-07 16:28:22 - [MESSAGE][PASSED] - Delayed 2 second(s)

2022-10-07 16:28:22 - [TEST_STEP][PASSED] - click(findTestObject("05-Chat/05-Schedule a meeting/div_recurrence_selectarror")): Object: 'Object Repository/05-Chat/05-Schedule a meeting/div_recurrence_selectarror' is clicked on

2022-10-07 16:28:22 - [MESSAGE][PASSED] - Object: 'Object Repository/05-Chat/05-Schedule a meeting/div_recurrence_selectarror' is clicked on

2022-10-07 16:28:22 - [TEST_STEP][PASSED] - verifyElementVisible(findTestObject("05-Chat/05-Schedule a meeting/span_Does not repeat")): Object 'Object Repository/05-Chat/05-Schedule a meeting/span_Does not repeat' is visible

2022-10-07 16:28:23 - [MESSAGE][PASSED] - Object 'Object Repository/05-Chat/05-Schedule a meeting/span_Does not repeat' is visible

2022-10-07 16:28:23 - [TEST_STEP][PASSED] - verifyElementVisible(findTestObject("05-Chat/05-Schedule a meeting/span_Daily")): Object 'Object Repository/05-Chat/05-Schedule a meeting/span_Daily' is visible

2022-10-07 16:28:24 - [MESSAGE][PASSED] - Object 'Object Repository/05-Chat/05-Schedule a meeting/span_Daily' is visible

2022-10-07 16:28:24 - [TEST_STEP][PASSED] - verifyElementVisible(findTestObject("05-Chat/05-Schedule a meeting/span_Weekly")): Object 'Object Repository/05-Chat/05-Schedule a meeting/span_Weekly' is visible

2022-10-07 16:28:25 - [MESSAGE][PASSED] - Object 'Object Repository/05-Chat/05-Schedule a meeting/span_Weekly' is visible

2022-10-07 16:28:25 - [TEST_STEP][PASSED] - verifyElementVisible(findTestObject("05-Chat/05-Schedule a meeting/span_Monthly")): Object 'Object Repository/05-Chat/05-Schedule a meeting/span_Monthly' is visible

2022-10-07 16:28:25 - [MESSAGE][PASSED] - Object 'Object Repository/05-Chat/05-Schedule a meeting/span_Monthly' is visible

2022-10-07 16:28:25 - [TEST_STEP][PASSED] - verifyElementVisible(findTestObject("05-Chat/05-Schedule a meeting/span_Every weekday")): Object 'Object Repository/05-Chat/05-Schedule a meeting/span_Every weekday' is visible

2022-10-07 16:28:25 - [MESSAGE][PASSED] - Object 'Object Repository/05-Chat/05-Schedule a meeting/span_Every weekday' is visible

2022-10-07 16:28:25 - [TEST_STEP][PASSED] - delay(2): Delayed 2 second(s)

2022-10-07 16:28:27 - [MESSAGE][PASSED] - Delayed 2 second(s)

2022-10-07 16:28:27 - [TEST_STEP][PASSED] - click(findTestObject("05-Chat/05-Schedule a meeting/span_Daily"), STOP_ON_FAILURE): Object: 'Object Repository/05-Chat/05-Schedule a meeting/span_Daily' is clicked on

2022-10-07 16:28:28 - [MESSAGE][PASSED] - Object: 'Object Repository/05-Chat/05-Schedule a meeting/span_Daily' is clicked on

2022-10-07 16:28:28 - [TEST_STEP][PASSED] - click(findTestObject("05-Chat/05-Schedule a meeting/button_Start Date_calendar")): Object: 'Object Repository/05-Chat/05-Schedule a meeting/button_Start Date_calendar' is clicked on

2022-10-07 16:28:29 - [MESSAGE][PASSED] - Object: 'Object Repository/05-Chat/05-Schedule a meeting/button_Start Date_calendar' is clicked on

2022-10-07 16:28:29 - [TEST_STEP][PASSED] - verifyElementVisible(findTestObject("05-Chat/05-Schedule a meeting/calendar modal")): Object 'Object Repository/05-Chat/05-Schedule a meeting/calendar modal' is visible

2022-10-07 16:28:30 - [MESSAGE][PASSED] - Object 'Object Repository/05-Chat/05-Schedule a meeting/calendar modal' is visible

2022-10-07 16:28:30 - [TEST_STEP][PASSED] - delay(2): Delayed 2 second(s)

2022-10-07 16:28:32 - [MESSAGE][PASSED] - Delayed 2 second(s)

2022-10-07 16:28:32 - [TEST_STEP][PASSED] - clickOffset(findTestObject("05-Chat/01- Creating a Chat group/div_Automation Chat"), 10, 10): Object: 'Object Repository/05-Chat/01- Creating a Chat group/div_Automation Chat' is clicked on using offset x=10 and y=10

2022-10-07 16:28:33 - [MESSAGE][PASSED] - Object: 'Object Repository/05-Chat/01- Creating a Chat group/div_Automation Chat' is clicked on using offset x=10 and y=10

2022-10-07 16:28:33 - [TEST_STEP][PASSED] - delay(3): Delayed 3 second(s)

2022-10-07 16:28:36 - [MESSAGE][PASSED] - Delayed 3 second(s)

2022-10-07 16:28:36 - [TEST_STEP][PASSED] - click(findTestObject("05-Chat/05-Schedule a meeting/button_End Date_calendar")): Object: 'Object Repository/05-Chat/05-Schedule a meeting/button_End Date_calendar' is clicked on

2022-10-07 16:28:36 - [MESSAGE][PASSED] - Object: 'Object Repository/05-Chat/05-Schedule a meeting/button_End Date_calendar' is clicked on

2022-10-07 16:28:36 - [TEST_STEP][PASSED] - verifyElementVisible(findTestObject("05-Chat/05-Schedule a meeting/calendar modal")): Object 'Object Repository/05-Chat/05-Schedule a meeting/calendar modal' is visible

2022-10-07 16:28:37 - [MESSAGE][PASSED] - Object 'Object Repository/05-Chat/05-Schedule a meeting/calendar modal' is visible

2022-10-07 16:28:37 - [TEST_STEP][PASSED] - delay(3): Delayed 3 second(s)

2022-10-07 16:28:40 - [MESSAGE][PASSED] - Delayed 3 second(s)

2022-10-07 16:28:40 - [TEST_STEP][PASSED] - clickOffset(findTestObject("05-Chat/01- Creating a Chat group/div_Automation Chat"), 10, 10): Object: 'Object Repository/05-Chat/01- Creating a Chat group/div_Automation Chat' is clicked on using offset x=10 and y=10

2022-10-07 16:28:41 - [MESSAGE][PASSED] - Object: 'Object Repository/05-Chat/01- Creating a Chat group/div_Automation Chat' is clicked on using offset x=10 and y=10

2022-10-07 16:28:41 - [TEST_STEP][PASSED] - delay(3): Delayed 3 second(s)

2022-10-07 16:28:44 - [MESSAGE][PASSED] - Delayed 3 second(s)

2022-10-07 16:28:44 - [TEST_STEP][PASSED] - setText(findTestObject("05-Chat/05-Schedule a meeting/input_meeting title"), "Automation Meeting"): Text 'Automation Meeting' is set on object 'Object Repository/05-Chat/05-Schedule a meeting/input_meeting title'

2022-10-07 16:28:45 - [MESSAGE][PASSED] - Text 'Automation Meeting' is set on object 'Object Repository/05-Chat/05-Schedule a meeting/input_meeting title'

2022-10-07 16:28:45 - [TEST_STEP][PASSED] - delay(2): Delayed 2 second(s)

2022-10-07 16:28:47 - [MESSAGE][PASSED] - Delayed 2 second(s)

2022-10-07 16:28:47 - [TEST_STEP][PASSED] - click(findTestObject("05-Chat/02-Sending chat messages/button_send")): Object: 'Object Repository/05-Chat/02-Sending chat messages/button_send' is clicked on

2022-10-07 16:28:48 - [MESSAGE][PASSED] - Object: 'Object Repository/05-Chat/02-Sending chat messages/button_send' is clicked on

2022-10-07 16:28:48 - [TEST_STEP][PASSED] - delay(5): Delayed 5 second(s)

2022-10-07 16:28:53 - [MESSAGE][PASSED] - Delayed 5 second(s)

2022-10-07 16:28:53 - [TEST_STEP][PASSED] - verifyElementVisible(findTestObject("05-Chat/05-Schedule a meeting/span_Automation Meeting")): Object 'Object Repository/05-Chat/05-Schedule a meeting/span_Automation Meeting' is visible

2022-10-07 16:28:53 - [MESSAGE][PASSED] - Object 'Object Repository/05-Chat/05-Schedule a meeting/span_Automation Meeting' is visible

2022-10-07 16:28:53 - [TEST_STEP][PASSED] - delay(5): Delayed 5 second(s)

2022-10-07 16:28:58 - [MESSAGE][PASSED] - Delayed 5 second(s)]]></system-out>
         <system-err><![CDATA[]]></system-err>
      </testcase>
      <testcase name="Test Cases/05- Chat/06-Hiding a chat" time="55.056" classname="Test Cases/05- Chat/06-Hiding a chat" status="PASSED">
         <system-out><![CDATA[2022-10-07 16:28:58 - [TEST_CASE][PASSED] - Test Cases/05- Chat/06-Hiding a chat: Test Cases/05- Chat/06-Hiding a chat

2022-10-07 16:28:58 - [TEST_STEP][PASSED] - delay(3): Delayed 3 second(s)

2022-10-07 16:29:01 - [MESSAGE][PASSED] - Delayed 3 second(s)

2022-10-07 16:29:01 - [TEST_STEP][PASSED] - click(findTestObject("05-Chat/06-Hiding a chat/ellipsis_chat setting")): Object: 'Object Repository/05-Chat/06-Hiding a chat/ellipsis_chat setting' is clicked on

2022-10-07 16:29:03 - [MESSAGE][PASSED] - Object: 'Object Repository/05-Chat/06-Hiding a chat/ellipsis_chat setting' is clicked on

2022-10-07 16:29:03 - [TEST_STEP][PASSED] - delay(2): Delayed 2 second(s)

2022-10-07 16:29:05 - [MESSAGE][PASSED] - Delayed 2 second(s)

2022-10-07 16:29:05 - [TEST_STEP][PASSED] - verifyElementVisible(findTestObject("05-Chat/06-Hiding a chat/button_Group info")): Object 'Object Repository/05-Chat/06-Hiding a chat/button_Group info' is visible

2022-10-07 16:29:05 - [MESSAGE][PASSED] - Object 'Object Repository/05-Chat/06-Hiding a chat/button_Group info' is visible

2022-10-07 16:29:05 - [TEST_STEP][PASSED] - verifyElementVisible(findTestObject("05-Chat/06-Hiding a chat/button_Hide chat")): Object 'Object Repository/05-Chat/06-Hiding a chat/button_Hide chat' is visible

2022-10-07 16:29:06 - [MESSAGE][PASSED] - Object 'Object Repository/05-Chat/06-Hiding a chat/button_Hide chat' is visible

2022-10-07 16:29:06 - [TEST_STEP][PASSED] - delay(3): Delayed 3 second(s)

2022-10-07 16:29:09 - [MESSAGE][PASSED] - Delayed 3 second(s)

2022-10-07 16:29:09 - [TEST_STEP][PASSED] - click(findTestObject("05-Chat/06-Hiding a chat/button_Hide chat")): Object: 'Object Repository/05-Chat/06-Hiding a chat/button_Hide chat' is clicked on

2022-10-07 16:29:09 - [MESSAGE][PASSED] - Object: 'Object Repository/05-Chat/06-Hiding a chat/button_Hide chat' is clicked on

2022-10-07 16:29:09 - [TEST_STEP][PASSED] - delay(3): Delayed 3 second(s)

2022-10-07 16:29:12 - [MESSAGE][PASSED] - Delayed 3 second(s)

2022-10-07 16:29:12 - [TEST_STEP][PASSED] - refresh(): Refresh successfully

2022-10-07 16:29:15 - [MESSAGE][PASSED] - Refresh successfully

2022-10-07 16:29:15 - [TEST_STEP][PASSED] - delay(10): Delayed 10 second(s)

2022-10-07 16:29:25 - [MESSAGE][PASSED] - Delayed 10 second(s)

2022-10-07 16:29:25 - [TEST_STEP][PASSED] - verifyElementVisible(findTestObject("05-Chat/01- Creating a Chat group/div_No chat available")): Object 'Object Repository/05-Chat/01- Creating a Chat group/div_No chat available' is visible

2022-10-07 16:29:25 - [MESSAGE][PASSED] - Object 'Object Repository/05-Chat/01- Creating a Chat group/div_No chat available' is visible

2022-10-07 16:29:25 - [TEST_STEP][PASSED] - delay(1): Delayed 1 second(s)

2022-10-07 16:29:26 - [MESSAGE][PASSED] - Delayed 1 second(s)

2022-10-07 16:29:26 - [TEST_STEP][PASSED] - click(findTestObject("05-Chat/06-Hiding a chat/button_search")): Object: 'Object Repository/05-Chat/06-Hiding a chat/button_search' is clicked on

2022-10-07 16:29:27 - [MESSAGE][PASSED] - Object: 'Object Repository/05-Chat/06-Hiding a chat/button_search' is clicked on

2022-10-07 16:29:27 - [TEST_STEP][PASSED] - setText(findTestObject("05-Chat/06-Hiding a chat/input_search"), "Auto"): Text 'Auto' is set on object 'Object Repository/05-Chat/06-Hiding a chat/input_search'

2022-10-07 16:29:28 - [MESSAGE][PASSED] - Text 'Auto' is set on object 'Object Repository/05-Chat/06-Hiding a chat/input_search'

2022-10-07 16:29:28 - [TEST_STEP][PASSED] - delay(3): Delayed 3 second(s)

2022-10-07 16:29:31 - [MESSAGE][PASSED] - Delayed 3 second(s)

2022-10-07 16:29:31 - [TEST_STEP][PASSED] - click(findTestObject("05-Chat/02-Sending chat messages/div_AC")): Object: 'Object Repository/05-Chat/02-Sending chat messages/div_AC' is clicked on

2022-10-07 16:29:31 - [MESSAGE][PASSED] - Object: 'Object Repository/05-Chat/02-Sending chat messages/div_AC' is clicked on

2022-10-07 16:29:31 - [TEST_STEP][PASSED] - delay(5): Delayed 5 second(s)

2022-10-07 16:29:36 - [MESSAGE][PASSED] - Delayed 5 second(s)

2022-10-07 16:29:36 - [TEST_STEP][PASSED] - setText(findTestObject("05-Chat/02-Sending chat messages/textarea__msg"), "Test auto"): Text 'Test auto' is set on object 'Object Repository/05-Chat/02-Sending chat messages/textarea__msg'

2022-10-07 16:29:38 - [MESSAGE][PASSED] - Text 'Test auto' is set on object 'Object Repository/05-Chat/02-Sending chat messages/textarea__msg'

2022-10-07 16:29:38 - [TEST_STEP][PASSED] - click(findTestObject("05-Chat/02-Sending chat messages/button_send")): Object: 'Object Repository/05-Chat/02-Sending chat messages/button_send' is clicked on

2022-10-07 16:29:39 - [MESSAGE][PASSED] - Object: 'Object Repository/05-Chat/02-Sending chat messages/button_send' is clicked on

2022-10-07 16:29:39 - [TEST_STEP][PASSED] - delay(3): Delayed 3 second(s)

2022-10-07 16:29:42 - [MESSAGE][PASSED] - Delayed 3 second(s)

2022-10-07 16:29:42 - [TEST_STEP][PASSED] - refresh(): Refresh successfully

2022-10-07 16:29:43 - [MESSAGE][PASSED] - Refresh successfully

2022-10-07 16:29:43 - [TEST_STEP][PASSED] - delay(10): Delayed 10 second(s)

2022-10-07 16:29:53 - [MESSAGE][PASSED] - Delayed 10 second(s)]]></system-out>
         <system-err><![CDATA[]]></system-err>
      </testcase>
      <testcase name="Test Cases/05- Chat/07-Group Info" time="38.878" classname="Test Cases/05- Chat/07-Group Info" status="PASSED">
         <system-out><![CDATA[2022-10-07 16:29:53 - [TEST_CASE][PASSED] - Test Cases/05- Chat/07-Group Info: Test Cases/05- Chat/07-Group Info

2022-10-07 16:29:54 - [TEST_STEP][PASSED] - delay(1): Delayed 1 second(s)

2022-10-07 16:29:55 - [MESSAGE][PASSED] - Delayed 1 second(s)

2022-10-07 16:29:55 - [TEST_STEP][PASSED] - click(findTestObject("05-Chat/02-Sending chat messages/div_AC")): Object: 'Object Repository/05-Chat/02-Sending chat messages/div_AC' is clicked on

2022-10-07 16:29:55 - [MESSAGE][PASSED] - Object: 'Object Repository/05-Chat/02-Sending chat messages/div_AC' is clicked on

2022-10-07 16:29:55 - [TEST_STEP][PASSED] - delay(3): Delayed 3 second(s)

2022-10-07 16:29:58 - [MESSAGE][PASSED] - Delayed 3 second(s)

2022-10-07 16:29:58 - [TEST_STEP][PASSED] - click(findTestObject("05-Chat/06-Hiding a chat/ellipsis_chat setting")): Object: 'Object Repository/05-Chat/06-Hiding a chat/ellipsis_chat setting' is clicked on

2022-10-07 16:29:58 - [MESSAGE][PASSED] - Object: 'Object Repository/05-Chat/06-Hiding a chat/ellipsis_chat setting' is clicked on

2022-10-07 16:29:58 - [TEST_STEP][PASSED] - delay(2): Delayed 2 second(s)

2022-10-07 16:30:00 - [MESSAGE][PASSED] - Delayed 2 second(s)

2022-10-07 16:30:00 - [TEST_STEP][PASSED] - click(findTestObject("05-Chat/06-Hiding a chat/button_Group info")): Object: 'Object Repository/05-Chat/06-Hiding a chat/button_Group info' is clicked on

2022-10-07 16:30:01 - [MESSAGE][PASSED] - Object: 'Object Repository/05-Chat/06-Hiding a chat/button_Group info' is clicked on

2022-10-07 16:30:01 - [TEST_STEP][PASSED] - delay(2): Delayed 2 second(s)

2022-10-07 16:30:03 - [MESSAGE][PASSED] - Delayed 2 second(s)

2022-10-07 16:30:03 - [TEST_STEP][PASSED] - verifyElementVisible(findTestObject("05-Chat/06-Hiding a chat/Group info")): Object 'Object Repository/05-Chat/06-Hiding a chat/Group info' is visible

2022-10-07 16:30:03 - [MESSAGE][PASSED] - Object 'Object Repository/05-Chat/06-Hiding a chat/Group info' is visible

2022-10-07 16:30:03 - [TEST_STEP][PASSED] - delay(2): Delayed 2 second(s)

2022-10-07 16:30:05 - [MESSAGE][PASSED] - Delayed 2 second(s)

2022-10-07 16:30:05 - [TEST_STEP][PASSED] - click(findTestObject("05-Chat/07-Group Info/button_EDIT")): Object: 'Object Repository/05-Chat/07-Group Info/button_EDIT' is clicked on

2022-10-07 16:30:05 - [MESSAGE][PASSED] - Object: 'Object Repository/05-Chat/07-Group Info/button_EDIT' is clicked on

2022-10-07 16:30:05 - [TEST_STEP][PASSED] - setText(findTestObject("05-Chat/07-Group Info/input_groupName_edit"), "Automation Chat EDITED"): Text 'Automation Chat EDITED' is set on object 'Object Repository/05-Chat/07-Group Info/input_groupName_edit'

2022-10-07 16:30:07 - [MESSAGE][PASSED] - Text 'Automation Chat EDITED' is set on object 'Object Repository/05-Chat/07-Group Info/input_groupName_edit'

2022-10-07 16:30:07 - [TEST_STEP][PASSED] - click(findTestObject("05-Chat/07-Group Info/button_Save")): Object: 'Object Repository/05-Chat/07-Group Info/button_Save' is clicked on

2022-10-07 16:30:08 - [MESSAGE][PASSED] - Object: 'Object Repository/05-Chat/07-Group Info/button_Save' is clicked on

2022-10-07 16:30:08 - [TEST_STEP][PASSED] - verifyElementVisible(findTestObject("05-Chat/07-Group Info/Successfully changed group name msg")): Object 'Object Repository/05-Chat/07-Group Info/Successfully changed group name msg' is visible

2022-10-07 16:30:09 - [MESSAGE][PASSED] - Object 'Object Repository/05-Chat/07-Group Info/Successfully changed group name msg' is visible

2022-10-07 16:30:09 - [TEST_STEP][PASSED] - delay(3): Delayed 3 second(s)

2022-10-07 16:30:12 - [MESSAGE][PASSED] - Delayed 3 second(s)

2022-10-07 16:30:12 - [TEST_STEP][PASSED] - click(findTestObject("05-Chat/07-Group Info/div_GTGG tester")): Object: 'Object Repository/05-Chat/07-Group Info/div_GTGG tester' is clicked on

2022-10-07 16:30:12 - [MESSAGE][PASSED] - Object: 'Object Repository/05-Chat/07-Group Info/div_GTGG tester' is clicked on

2022-10-07 16:30:12 - [TEST_STEP][PASSED] - verifyElementVisible(findTestObject("05-Chat/07-Group Info/button_Message")): Object 'Object Repository/05-Chat/07-Group Info/button_Message' is visible

2022-10-07 16:30:13 - [MESSAGE][PASSED] - Object 'Object Repository/05-Chat/07-Group Info/button_Message' is visible

2022-10-07 16:30:13 - [TEST_STEP][PASSED] - verifyElementVisible(findTestObject("05-Chat/07-Group Info/button_Kick from group")): Object 'Object Repository/05-Chat/07-Group Info/button_Kick from group' is visible

2022-10-07 16:30:14 - [MESSAGE][PASSED] - Object 'Object Repository/05-Chat/07-Group Info/button_Kick from group' is visible

2022-10-07 16:30:14 - [TEST_STEP][PASSED] - delay(3): Delayed 3 second(s)

2022-10-07 16:30:17 - [MESSAGE][PASSED] - Delayed 3 second(s)

2022-10-07 16:30:17 - [TEST_STEP][PASSED] - click(findTestObject("05-Chat/07-Group Info/button_Kick from group")): Object: 'Object Repository/05-Chat/07-Group Info/button_Kick from group' is clicked on

2022-10-07 16:30:17 - [MESSAGE][PASSED] - Object: 'Object Repository/05-Chat/07-Group Info/button_Kick from group' is clicked on

2022-10-07 16:30:17 - [TEST_STEP][PASSED] - delay(3): Delayed 3 second(s)

2022-10-07 16:30:20 - [MESSAGE][PASSED] - Delayed 3 second(s)

2022-10-07 16:30:20 - [TEST_STEP][PASSED] - verifyElementVisible(findTestObject("05-Chat/07-Group Info/Successfully removed user from group msg"), CONTINUE_ON_FAILURE): Object 'Object Repository/05-Chat/07-Group Info/Successfully removed user from group msg' is visible

2022-10-07 16:30:21 - [MESSAGE][PASSED] - Object 'Object Repository/05-Chat/07-Group Info/Successfully removed user from group msg' is visible

2022-10-07 16:30:21 - [TEST_STEP][PASSED] - delay(3): Delayed 3 second(s)

2022-10-07 16:30:24 - [MESSAGE][PASSED] - Delayed 3 second(s)

2022-10-07 16:30:24 - [TEST_STEP][PASSED] - click(findTestObject("05-Chat/07-Group Info/div_Remove group")): Object: 'Object Repository/05-Chat/07-Group Info/div_Remove group' is clicked on

2022-10-07 16:30:25 - [MESSAGE][PASSED] - Object: 'Object Repository/05-Chat/07-Group Info/div_Remove group' is clicked on

2022-10-07 16:30:25 - [TEST_STEP][PASSED] - verifyElementVisible(findTestObject("05-Chat/07-Group Info/Successfully removed group msg")): Object 'Object Repository/05-Chat/07-Group Info/Successfully removed group msg' is visible

2022-10-07 16:30:28 - [MESSAGE][PASSED] - Object 'Object Repository/05-Chat/07-Group Info/Successfully removed group msg' is visible

2022-10-07 16:30:28 - [TEST_STEP][PASSED] - delay(3): Delayed 3 second(s)

2022-10-07 16:30:31 - [MESSAGE][PASSED] - Delayed 3 second(s)

2022-10-07 16:30:31 - [TEST_STEP][PASSED] - closeBrowser(): Browser is closed

2022-10-07 16:30:32 - [MESSAGE][PASSED] - Browser is closed]]></system-out>
         <system-err><![CDATA[]]></system-err>
      </testcase>
      <system-out><![CDATA[2022-10-07 16:22:56 - [TEST_SUITE][PASSED] - 05-Chat: Test Cases/05- Chat/07-Group Info]]></system-out>
      <system-err><![CDATA[]]></system-err>
   </testsuite>
</testsuites>
