<?xml version="1.0" encoding="UTF-8"?>
<testsuites name="09.3 - Settings (Invited users)" time="248.035" tests="3" failures="0" errors="0">
   <testsuite name="09.3 - Settings (Invited users)" tests="3" failures="0" errors="0" time="248.035" skipped="0" timestamp="2023-01-16 16:10:47" hostname="asus - DESKTOP-3L3J9C1" id="Test Suites/TS-Organization/09.3 - Settings (Invited users)">
      <properties>
         <property name="deviceName" value=""/>
         <property name="devicePlatform" value=""/>
         <property name="logFolder" value="C:\\Users\\asus\\Katalon Studio\\Everleagues\\Everleagues\\Reports\\20230116_161035\\TS-Organization\\09.3 - Settings (Invited users)\\20230116_161035"/>
         <property name="logFiles" value="C:\\Users\\asus\\Katalon Studio\\Everleagues\\Everleagues\\Reports\\20230116_161035\\TS-Organization\\09.3 - Settings (Invited users)\\20230116_161035\\execution0.log"/>
         <property name="attachments" value=""/>
         <property name="hostName" value="asus - DESKTOP-3L3J9C1"/>
         <property name="os" value="Windows 10 64bit"/>
         <property name="katalonVersion" value="8.4.1.208"/>
         <property name="browser" value="Chrome 109.0.0.0"/>
         <property name="hostAddress" value="192.168.5.88"/>
         <property name="sessionId" value="f1548d8de88d966c70676ec8da611e38"/>
         <property name="seleniumVersion" value="3.141.59"/>
         <property name="proxyInformation" value="ProxyInformation { proxyOption=NO_PROXY, proxyServerType=HTTP, username=, password=********, proxyServerAddress=, proxyServerPort=0, executionList=&quot;&quot;, isApplyToDesiredCapabilities=true }"/>
         <property name="platform" value="Windows 10"/>
      </properties>
      <testcase name="Test Cases/09-Settings/16 - Users (Invited User - Search)" time="179.085" classname="Test Cases/09-Settings/16 - Users (Invited User - Search)" status="PASSED">
         <system-out><![CDATA[2023-01-16 16:10:48 - [TEST_CASE][PASSED] - Test Cases/09-Settings/16 - Users (Invited User - Search): Test Cases/09-Settings/16 - Users (Invited User - Search)

2023-01-16 16:10:50 - [TEST_STEP][PASSED] - openBrowser(""): Browser is opened with url: ''

2023-01-16 16:10:52 - [MESSAGE][INFO] - Starting 'Chrome' driver

2023-01-16 16:10:52 - [MESSAGE][INFO] - Action delay is set to 0 milliseconds

2023-01-16 16:10:59 - [MESSAGE][PASSED] - Browser is opened with url: ''

2023-01-16 16:10:59 - [TEST_STEP][PASSED] - navigateToUrl("https://lab.everleagues.com/"): Navigate to 'https://lab.everleagues.com/' successfully

2023-01-16 16:11:56 - [MESSAGE][PASSED] - Navigate to 'https://lab.everleagues.com/' successfully

2023-01-16 16:11:56 - [TEST_STEP][PASSED] - maximizeWindow(): Current window maximized

2023-01-16 16:11:56 - [MESSAGE][PASSED] - Current window maximized

2023-01-16 16:11:56 - [TEST_STEP][PASSED] - setText(findTestObject("02-Side Icons(Organization)/Add Contact/Email Field"), "testuser02@mailinator.com"): Text 'testuser02@mailinator.com' is set on object 'Object Repository/02-Side Icons(Organization)/Add Contact/Email Field'

2023-01-16 16:11:59 - [MESSAGE][PASSED] - Text 'testuser02@mailinator.com' is set on object 'Object Repository/02-Side Icons(Organization)/Add Contact/Email Field'

2023-01-16 16:11:59 - [TEST_STEP][PASSED] - setEncryptedText(findTestObject("02-Side Icons(Organization)/Add Contact/Password Field"), "8yFRyszE6U6jvsCn51OQbg=="): Text ****** has been set on object 'Object Repository/02-Side Icons(Organization)/Add Contact/Password Field'

2023-01-16 16:12:01 - [MESSAGE][PASSED] - Text ****** has been set on object 'Object Repository/02-Side Icons(Organization)/Add Contact/Password Field'

2023-01-16 16:12:01 - [TEST_STEP][PASSED] - click(findTestObject("02-Side Icons(Organization)/Add Contact/button_Sign in")): Object: 'Object Repository/02-Side Icons(Organization)/Add Contact/button_Sign in' is clicked on

2023-01-16 16:12:02 - [MESSAGE][PASSED] - Object: 'Object Repository/02-Side Icons(Organization)/Add Contact/button_Sign in' is clicked on

2023-01-16 16:12:02 - [TEST_STEP][PASSED] - delay(2): Delayed 2 second(s)

2023-01-16 16:12:04 - [MESSAGE][PASSED] - Delayed 2 second(s)

2023-01-16 16:12:04 - [TEST_STEP][PASSED] - click(findTestObject("06-Teams/For 2FA/button_Confirm_2FA")): Object: 'Object Repository/06-Teams/For 2FA/button_Confirm_2FA' is clicked on

2023-01-16 16:12:05 - [MESSAGE][PASSED] - Object: 'Object Repository/06-Teams/For 2FA/button_Confirm_2FA' is clicked on

2023-01-16 16:12:05 - [TEST_STEP][PASSED] - executeJavaScript("window.open();", []): Execute JavaScript 'window.open();' successfully

2023-01-16 16:12:05 - [MESSAGE][PASSED] - Execute JavaScript 'window.open();' successfully

2023-01-16 16:12:05 - [TEST_STEP][PASSED] - currentWindow = getWindowIndex(): Current window's index is: 0

2023-01-16 16:12:05 - [MESSAGE][PASSED] - Current window's index is: 0

2023-01-16 16:12:05 - [TEST_STEP][PASSED] - delay(3): Delayed 3 second(s)

2023-01-16 16:12:08 - [MESSAGE][PASSED] - Delayed 3 second(s)

2023-01-16 16:12:08 - [TEST_STEP][PASSED] - switchToWindowIndex(currentWindow + 1): Switched to window with index: '1'

2023-01-16 16:12:08 - [MESSAGE][PASSED] - Switched to window with index: '1'

2023-01-16 16:12:08 - [TEST_STEP][PASSED] - navigateToUrl("https://www.mailinator.com/"): Navigate to 'https://www.mailinator.com/' successfully

2023-01-16 16:12:19 - [MESSAGE][PASSED] - Navigate to 'https://www.mailinator.com/' successfully

2023-01-16 16:12:19 - [TEST_STEP][PASSED] - delay(3): Delayed 3 second(s)

2023-01-16 16:12:22 - [MESSAGE][PASSED] - Delayed 3 second(s)

2023-01-16 16:12:22 - [TEST_STEP][PASSED] - setText(findTestObject("00-Signup and Activation/zMailinator/input_LOGIN_search"), "testuser02@mailinator.com"): Text 'testuser02@mailinator.com' is set on object 'Object Repository/00-Signup and Activation/zMailinator/input_LOGIN_search'

2023-01-16 16:12:24 - [MESSAGE][PASSED] - Text 'testuser02@mailinator.com' is set on object 'Object Repository/00-Signup and Activation/zMailinator/input_LOGIN_search'

2023-01-16 16:12:24 - [TEST_STEP][PASSED] - click(findTestObject("00-Signup and Activation/zMailinator/gobutton"), STOP_ON_FAILURE): Object: 'Object Repository/00-Signup and Activation/zMailinator/gobutton' is clicked on

2023-01-16 16:12:27 - [MESSAGE][PASSED] - Object: 'Object Repository/00-Signup and Activation/zMailinator/gobutton' is clicked on

2023-01-16 16:12:27 - [TEST_STEP][PASSED] - delay(3): Delayed 3 second(s)

2023-01-16 16:12:31 - [MESSAGE][PASSED] - Delayed 3 second(s)

2023-01-16 16:12:31 - [TEST_STEP][PASSED] - click(findTestObject("00-Signup and Activation/zMailinator/Email - everleagues")): Object: 'Object Repository/00-Signup and Activation/zMailinator/Email - everleagues' is clicked on

2023-01-16 16:12:31 - [MESSAGE][PASSED] - Object: 'Object Repository/00-Signup and Activation/zMailinator/Email - everleagues' is clicked on

2023-01-16 16:12:31 - [TEST_STEP][PASSED] - delay(3): Delayed 3 second(s)

2023-01-16 16:12:34 - [MESSAGE][PASSED] - Delayed 3 second(s)

2023-01-16 16:12:34 - [TEST_STEP][PASSED] - code = getText(findTestObject("Object Repository/06-Teams/For 2FA/2FA code")): Text of object 'Object Repository/06-Teams/For 2FA/2FA code' is: '686325'

2023-01-16 16:12:37 - [MESSAGE][PASSED] - Text of object 'Object Repository/06-Teams/For 2FA/2FA code' is: '686325'

2023-01-16 16:12:37 - [TEST_STEP][PASSED] - delay(3): Delayed 3 second(s)

2023-01-16 16:12:41 - [MESSAGE][PASSED] - Delayed 3 second(s)

2023-01-16 16:12:41 - [TEST_STEP][PASSED] - closeWindowTitle("Mailinator"): Window with title: 'Mailinator' is closed

2023-01-16 16:12:41 - [MESSAGE][PASSED] - Window with title: 'Mailinator' is closed

2023-01-16 16:12:41 - [TEST_STEP][PASSED] - delay(3): Delayed 3 second(s)

2023-01-16 16:12:44 - [MESSAGE][PASSED] - Delayed 3 second(s)

2023-01-16 16:12:44 - [TEST_STEP][PASSED] - switchToWindowIndex(0): Switched to window with index: '0'

2023-01-16 16:12:44 - [MESSAGE][PASSED] - Switched to window with index: '0'

2023-01-16 16:12:44 - [TEST_STEP][PASSED] - delay(3): Delayed 3 second(s)

2023-01-16 16:12:47 - [MESSAGE][PASSED] - Delayed 3 second(s)

2023-01-16 16:12:47 - [TEST_STEP][PASSED] - setText(findTestObject("Object Repository/06-Teams/For 2FA/input_Enter verification code_code"), code): Text '686325' is set on object 'Object Repository/06-Teams/For 2FA/input_Enter verification code_code'

2023-01-16 16:12:49 - [MESSAGE][PASSED] - Text '686325' is set on object 'Object Repository/06-Teams/For 2FA/input_Enter verification code_code'

2023-01-16 16:12:49 - [TEST_STEP][PASSED] - delay(3): Delayed 3 second(s)

2023-01-16 16:12:52 - [MESSAGE][PASSED] - Delayed 3 second(s)

2023-01-16 16:12:52 - [TEST_STEP][PASSED] - click(findTestObject("06-Teams/For 2FA/button_Verify_2FA")): Object: 'Object Repository/06-Teams/For 2FA/button_Verify_2FA' is clicked on

2023-01-16 16:12:53 - [MESSAGE][PASSED] - Object: 'Object Repository/06-Teams/For 2FA/button_Verify_2FA' is clicked on

2023-01-16 16:12:53 - [TEST_STEP][PASSED] - delay(5): Delayed 5 second(s)

2023-01-16 16:12:58 - [MESSAGE][PASSED] - Delayed 5 second(s)

2023-01-16 16:12:58 - [TEST_STEP][PASSED] - click(findTestObject("06-Teams/button_doublearrow")): Object: 'Object Repository/06-Teams/button_doublearrow' is clicked on

2023-01-16 16:13:02 - [MESSAGE][PASSED] - Object: 'Object Repository/06-Teams/button_doublearrow' is clicked on

2023-01-16 16:13:02 - [TEST_STEP][PASSED] - click(findTestObject("06-Teams/button_My Organizations")): Object: 'Object Repository/06-Teams/button_My Organizations' is clicked on

2023-01-16 16:13:02 - [MESSAGE][PASSED] - Object: 'Object Repository/06-Teams/button_My Organizations' is clicked on

2023-01-16 16:13:02 - [TEST_STEP][PASSED] - click(findTestObject("06-Teams/button_GG Automation")): Object: 'Object Repository/06-Teams/button_GG Automation' is clicked on

2023-01-16 16:13:03 - [MESSAGE][PASSED] - Object: 'Object Repository/06-Teams/button_GG Automation' is clicked on

2023-01-16 16:13:03 - [TEST_STEP][PASSED] - delay(4): Delayed 4 second(s)

2023-01-16 16:13:07 - [MESSAGE][PASSED] - Delayed 4 second(s)

2023-01-16 16:13:07 - [TEST_STEP][PASSED] - verifyElementVisible(findTestObject("06-Teams/span_GG Automation")): Object 'Object Repository/06-Teams/span_GG Automation' is visible

2023-01-16 16:13:08 - [MESSAGE][PASSED] - Object 'Object Repository/06-Teams/span_GG Automation' is visible

2023-01-16 16:13:08 - [TEST_STEP][PASSED] - delay(5): Delayed 5 second(s)

2023-01-16 16:13:13 - [MESSAGE][PASSED] - Delayed 5 second(s)

2023-01-16 16:13:13 - [TEST_STEP][PASSED] - click(findTestObject("03-Header Menu/Hamburger Button/div_Settings")): Object: 'Object Repository/03-Header Menu/Hamburger Button/div_Settings' is clicked on

2023-01-16 16:13:15 - [MESSAGE][PASSED] - Object: 'Object Repository/03-Header Menu/Hamburger Button/div_Settings' is clicked on

2023-01-16 16:13:15 - [TEST_STEP][PASSED] - verifyElementVisible(findTestObject("09-Settings/Users/div_Organization")): Object 'Object Repository/09-Settings/Users/div_Organization' is visible

2023-01-16 16:13:15 - [MESSAGE][PASSED] - Object 'Object Repository/09-Settings/Users/div_Organization' is visible

2023-01-16 16:13:15 - [TEST_STEP][PASSED] - verifyElementVisible(findTestObject("09-Settings/Users/div_Organization Units")): Object 'Object Repository/09-Settings/Users/div_Organization Units' is visible

2023-01-16 16:13:16 - [MESSAGE][PASSED] - Object 'Object Repository/09-Settings/Users/div_Organization Units' is visible

2023-01-16 16:13:16 - [TEST_STEP][PASSED] - verifyElementVisible(findTestObject("09-Settings/Users/div_Subscriptions")): Object 'Object Repository/09-Settings/Users/div_Subscriptions' is visible

2023-01-16 16:13:17 - [MESSAGE][PASSED] - Object 'Object Repository/09-Settings/Users/div_Subscriptions' is visible

2023-01-16 16:13:17 - [TEST_STEP][PASSED] - scrollToElement(findTestObject("09-Settings/Users/div_Users"), 0): Scroll to object 'Object Repository/09-Settings/Users/div_Users' successfully

2023-01-16 16:13:17 - [MESSAGE][WARNING] - Timeout '0' is invalid. Using default page load timeout: '30'

2023-01-16 16:13:18 - [MESSAGE][PASSED] - Scroll to object 'Object Repository/09-Settings/Users/div_Users' successfully

2023-01-16 16:13:18 - [TEST_STEP][PASSED] - verifyElementVisible(findTestObject("09-Settings/Users/div_Users")): Object 'Object Repository/09-Settings/Users/div_Users' is visible

2023-01-16 16:13:19 - [MESSAGE][PASSED] - Object 'Object Repository/09-Settings/Users/div_Users' is visible

2023-01-16 16:13:19 - [TEST_STEP][PASSED] - delay(3): Delayed 3 second(s)

2023-01-16 16:13:22 - [MESSAGE][PASSED] - Delayed 3 second(s)

2023-01-16 16:13:22 - [TEST_STEP][PASSED] - click(findTestObject("09-Settings/Users/div_Users")): Object: 'Object Repository/09-Settings/Users/div_Users' is clicked on

2023-01-16 16:13:24 - [MESSAGE][PASSED] - Object: 'Object Repository/09-Settings/Users/div_Users' is clicked on

2023-01-16 16:13:24 - [TEST_STEP][PASSED] - verifyElementVisible(findTestObject("09-Settings/Users/h4_USERS")): Object 'Object Repository/09-Settings/Users/h4_USERS' is visible

2023-01-16 16:13:26 - [MESSAGE][PASSED] - Object 'Object Repository/09-Settings/Users/h4_USERS' is visible

2023-01-16 16:13:26 - [TEST_STEP][PASSED] - verifyElementVisible(findTestObject("09-Settings/Users/Invited Users/div_Invited Users")): Object 'Object Repository/09-Settings/Users/Invited Users/div_Invited Users' is visible

2023-01-16 16:13:26 - [MESSAGE][PASSED] - Object 'Object Repository/09-Settings/Users/Invited Users/div_Invited Users' is visible

2023-01-16 16:13:26 - [TEST_STEP][PASSED] - click(findTestObject("09-Settings/Users/Invited Users/div_Invited Users")): Object: 'Object Repository/09-Settings/Users/Invited Users/div_Invited Users' is clicked on

2023-01-16 16:13:27 - [MESSAGE][PASSED] - Object: 'Object Repository/09-Settings/Users/Invited Users/div_Invited Users' is clicked on

2023-01-16 16:13:27 - [TEST_STEP][PASSED] - delay(5): Delayed 5 second(s)

2023-01-16 16:13:32 - [MESSAGE][PASSED] - Delayed 5 second(s)

2023-01-16 16:13:32 - [TEST_STEP][PASSED] - click(findTestObject("09-Settings/Users/Active User/button_search")): Object: 'Object Repository/09-Settings/Users/Active User/button_search' is clicked on

2023-01-16 16:13:33 - [MESSAGE][PASSED] - Object: 'Object Repository/09-Settings/Users/Active User/button_search' is clicked on

2023-01-16 16:13:33 - [TEST_STEP][PASSED] - delay(3): Delayed 3 second(s)

2023-01-16 16:13:36 - [MESSAGE][PASSED] - Delayed 3 second(s)

2023-01-16 16:13:36 - [TEST_STEP][PASSED] - click(findTestObject("09-Settings/Users/Active User/button_arrow_back")): Object: 'Object Repository/09-Settings/Users/Active User/button_arrow_back' is clicked on

2023-01-16 16:13:37 - [MESSAGE][PASSED] - Object: 'Object Repository/09-Settings/Users/Active User/button_arrow_back' is clicked on

2023-01-16 16:13:37 - [TEST_STEP][PASSED] - delay(4): Delayed 4 second(s)

2023-01-16 16:13:41 - [MESSAGE][PASSED] - Delayed 4 second(s)

2023-01-16 16:13:41 - [TEST_STEP][PASSED] - click(findTestObject("09-Settings/Users/Active User/button_search")): Object: 'Object Repository/09-Settings/Users/Active User/button_search' is clicked on

2023-01-16 16:13:42 - [MESSAGE][PASSED] - Object: 'Object Repository/09-Settings/Users/Active User/button_search' is clicked on

2023-01-16 16:13:42 - [TEST_STEP][PASSED] - setText(findTestObject("09-Settings/Users/Active User/Search field"), "test3"): Text 'test3' is set on object 'Object Repository/09-Settings/Users/Active User/Search field'

2023-01-16 16:13:44 - [MESSAGE][PASSED] - Text 'test3' is set on object 'Object Repository/09-Settings/Users/Active User/Search field'

2023-01-16 16:13:44 - [TEST_STEP][PASSED] - delay(1): Delayed 1 second(s)

2023-01-16 16:13:45 - [MESSAGE][PASSED] - Delayed 1 second(s)

2023-01-16 16:13:45 - [TEST_STEP][PASSED] - click(findTestObject("09-Settings/Users/Active User/button_Cancel")): Object: 'Object Repository/09-Settings/Users/Active User/button_Cancel' is clicked on

2023-01-16 16:13:46 - [MESSAGE][PASSED] - Object: 'Object Repository/09-Settings/Users/Active User/button_Cancel' is clicked on

2023-01-16 16:13:46 - [TEST_STEP][PASSED] - delay(2): Delayed 2 second(s)

2023-01-16 16:13:48 - [MESSAGE][PASSED] - Delayed 2 second(s)]]></system-out>
         <system-err><![CDATA[]]></system-err>
      </testcase>
      <testcase name="Test Cases/09-Settings/17 - Users (Invited User - Resend Invitation)" time="13.372" classname="Test Cases/09-Settings/17 - Users (Invited User - Resend Invitation)" status="PASSED">
         <system-out><![CDATA[2023-01-16 16:13:48 - [TEST_CASE][PASSED] - Test Cases/09-Settings/17 - Users (Invited User - Resend Invitation): Test Cases/09-Settings/17 - Users (Invited User - Resend Invitation)

2023-01-16 16:13:50 - [TEST_STEP][PASSED] - verifyElementVisible(findTestObject("09-Settings/Users/Invited Users/div_CTCSV test 3")): Object 'Object Repository/09-Settings/Users/Invited Users/div_CTCSV test 3' is visible

2023-01-16 16:13:50 - [MESSAGE][PASSED] - Object 'Object Repository/09-Settings/Users/Invited Users/div_CTCSV test 3' is visible

2023-01-16 16:13:50 - [TEST_STEP][PASSED] - delay(3): Delayed 3 second(s)

2023-01-16 16:13:53 - [MESSAGE][PASSED] - Delayed 3 second(s)

2023-01-16 16:13:53 - [TEST_STEP][PASSED] - click(findTestObject("09-Settings/Users/Invited Users/button_resendInvitation")): Object: 'Object Repository/09-Settings/Users/Invited Users/button_resendInvitation' is clicked on

2023-01-16 16:13:55 - [MESSAGE][PASSED] - Object: 'Object Repository/09-Settings/Users/Invited Users/button_resendInvitation' is clicked on

2023-01-16 16:13:55 - [TEST_STEP][PASSED] - click(findTestObject("09-Settings/Users/Invited Users/span_Successfully resent invite")): Object: 'Object Repository/09-Settings/Users/Invited Users/span_Successfully resent invite' is clicked on

2023-01-16 16:13:57 - [MESSAGE][PASSED] - Object: 'Object Repository/09-Settings/Users/Invited Users/span_Successfully resent invite' is clicked on

2023-01-16 16:13:57 - [TEST_STEP][PASSED] - click(findTestObject("09-Settings/Users/Active User/button_OK")): Object: 'Object Repository/09-Settings/Users/Active User/button_OK' is clicked on

2023-01-16 16:13:58 - [MESSAGE][PASSED] - Object: 'Object Repository/09-Settings/Users/Active User/button_OK' is clicked on

2023-01-16 16:13:58 - [TEST_STEP][PASSED] - delay(3): Delayed 3 second(s)

2023-01-16 16:14:01 - [MESSAGE][PASSED] - Delayed 3 second(s)]]></system-out>
         <system-err><![CDATA[]]></system-err>
      </testcase>
      <testcase name="Test Cases/09-Settings/18 - Users (Invited User - Delete Invite)" time="54.23" classname="Test Cases/09-Settings/18 - Users (Invited User - Delete Invite)" status="PASSED">
         <system-out><![CDATA[2023-01-16 16:14:01 - [TEST_CASE][PASSED] - Test Cases/09-Settings/18 - Users (Invited User - Delete Invite): Test Cases/09-Settings/18 - Users (Invited User - Delete Invite)

2023-01-16 16:14:03 - [TEST_STEP][PASSED] - delay(3): Delayed 3 second(s)

2023-01-16 16:14:06 - [MESSAGE][PASSED] - Delayed 3 second(s)

2023-01-16 16:14:06 - [TEST_STEP][PASSED] - verifyElementVisible(findTestObject("09-Settings/Users/Invited Users/div_GG Auto")): Object 'Object Repository/09-Settings/Users/Invited Users/div_GG Auto' is visible

2023-01-16 16:14:08 - [MESSAGE][PASSED] - Object 'Object Repository/09-Settings/Users/Invited Users/div_GG Auto' is visible

2023-01-16 16:14:08 - [TEST_STEP][PASSED] - delay(3): Delayed 3 second(s)

2023-01-16 16:14:11 - [MESSAGE][PASSED] - Delayed 3 second(s)

2023-01-16 16:14:11 - [TEST_STEP][PASSED] - click(findTestObject("09-Settings/Users/Invited Users/button_deleteInvite")): Object: 'Object Repository/09-Settings/Users/Invited Users/button_deleteInvite' is clicked on

2023-01-16 16:14:12 - [MESSAGE][PASSED] - Object: 'Object Repository/09-Settings/Users/Invited Users/button_deleteInvite' is clicked on

2023-01-16 16:14:12 - [TEST_STEP][PASSED] - verifyElementVisible(findTestObject("09-Settings/Users/Invited Users/h4_Delete Invitation")): Object 'Object Repository/09-Settings/Users/Invited Users/h4_Delete Invitation' is visible

2023-01-16 16:14:15 - [MESSAGE][PASSED] - Object 'Object Repository/09-Settings/Users/Invited Users/h4_Delete Invitation' is visible

2023-01-16 16:14:15 - [TEST_STEP][PASSED] - delay(1): Delayed 1 second(s)

2023-01-16 16:14:16 - [MESSAGE][PASSED] - Delayed 1 second(s)

2023-01-16 16:14:16 - [TEST_STEP][PASSED] - click(findTestObject("09-Settings/Users/Active User/button_Cancel_restore")): Object: 'Object Repository/09-Settings/Users/Active User/button_Cancel_restore' is clicked on

2023-01-16 16:14:16 - [MESSAGE][PASSED] - Object: 'Object Repository/09-Settings/Users/Active User/button_Cancel_restore' is clicked on

2023-01-16 16:14:16 - [TEST_STEP][PASSED] - delay(2): Delayed 2 second(s)

2023-01-16 16:14:18 - [MESSAGE][PASSED] - Delayed 2 second(s)

2023-01-16 16:14:18 - [TEST_STEP][PASSED] - verifyElementVisible(findTestObject("09-Settings/Users/Invited Users/div_GG Auto")): Object 'Object Repository/09-Settings/Users/Invited Users/div_GG Auto' is visible

2023-01-16 16:14:20 - [MESSAGE][PASSED] - Object 'Object Repository/09-Settings/Users/Invited Users/div_GG Auto' is visible

2023-01-16 16:14:20 - [TEST_STEP][PASSED] - click(findTestObject("09-Settings/Users/Invited Users/button_deleteInvite")): Object: 'Object Repository/09-Settings/Users/Invited Users/button_deleteInvite' is clicked on

2023-01-16 16:14:22 - [MESSAGE][PASSED] - Object: 'Object Repository/09-Settings/Users/Invited Users/button_deleteInvite' is clicked on

2023-01-16 16:14:22 - [TEST_STEP][PASSED] - verifyElementVisible(findTestObject("09-Settings/Users/Invited Users/h4_Delete Invitation")): Object 'Object Repository/09-Settings/Users/Invited Users/h4_Delete Invitation' is visible

2023-01-16 16:14:24 - [MESSAGE][PASSED] - Object 'Object Repository/09-Settings/Users/Invited Users/h4_Delete Invitation' is visible

2023-01-16 16:14:24 - [TEST_STEP][PASSED] - click(findTestObject("09-Settings/Users/Active User/button_Delete")): Object: 'Object Repository/09-Settings/Users/Active User/button_Delete' is clicked on

2023-01-16 16:14:24 - [MESSAGE][PASSED] - Object: 'Object Repository/09-Settings/Users/Active User/button_Delete' is clicked on

2023-01-16 16:14:24 - [TEST_STEP][PASSED] - delay(3): Delayed 3 second(s)

2023-01-16 16:14:27 - [MESSAGE][PASSED] - Delayed 3 second(s)

2023-01-16 16:14:27 - [TEST_STEP][PASSED] - verifyElementVisible(findTestObject("09-Settings/Users/Invited Users/div_CTCSV test 3")): Object 'Object Repository/09-Settings/Users/Invited Users/div_CTCSV test 3' is visible

2023-01-16 16:14:29 - [MESSAGE][PASSED] - Object 'Object Repository/09-Settings/Users/Invited Users/div_CTCSV test 3' is visible

2023-01-16 16:14:29 - [TEST_STEP][PASSED] - click(findTestObject("09-Settings/Users/Invited Users/button_deleteInvite")): Object: 'Object Repository/09-Settings/Users/Invited Users/button_deleteInvite' is clicked on

2023-01-16 16:14:30 - [MESSAGE][PASSED] - Object: 'Object Repository/09-Settings/Users/Invited Users/button_deleteInvite' is clicked on

2023-01-16 16:14:30 - [TEST_STEP][PASSED] - verifyElementVisible(findTestObject("09-Settings/Users/Invited Users/h4_Delete Invitation")): Object 'Object Repository/09-Settings/Users/Invited Users/h4_Delete Invitation' is visible

2023-01-16 16:14:31 - [MESSAGE][PASSED] - Object 'Object Repository/09-Settings/Users/Invited Users/h4_Delete Invitation' is visible

2023-01-16 16:14:31 - [TEST_STEP][PASSED] - click(findTestObject("09-Settings/Users/Active User/button_Delete")): Object: 'Object Repository/09-Settings/Users/Active User/button_Delete' is clicked on

2023-01-16 16:14:32 - [MESSAGE][PASSED] - Object: 'Object Repository/09-Settings/Users/Active User/button_Delete' is clicked on

2023-01-16 16:14:32 - [TEST_STEP][PASSED] - delay(3): Delayed 3 second(s)

2023-01-16 16:14:35 - [MESSAGE][PASSED] - Delayed 3 second(s)

2023-01-16 16:14:35 - [TEST_STEP][PASSED] - verifyElementVisible(findTestObject("09-Settings/Users/Invited Users/div_CTCSV test 2")): Object 'Object Repository/09-Settings/Users/Invited Users/div_CTCSV test 2' is visible

2023-01-16 16:14:35 - [MESSAGE][PASSED] - Object 'Object Repository/09-Settings/Users/Invited Users/div_CTCSV test 2' is visible

2023-01-16 16:14:35 - [TEST_STEP][PASSED] - click(findTestObject("09-Settings/Users/Invited Users/button_deleteInvite")): Object: 'Object Repository/09-Settings/Users/Invited Users/button_deleteInvite' is clicked on

2023-01-16 16:14:36 - [MESSAGE][PASSED] - Object: 'Object Repository/09-Settings/Users/Invited Users/button_deleteInvite' is clicked on

2023-01-16 16:14:36 - [TEST_STEP][PASSED] - verifyElementVisible(findTestObject("09-Settings/Users/Invited Users/h4_Delete Invitation")): Object 'Object Repository/09-Settings/Users/Invited Users/h4_Delete Invitation' is visible

2023-01-16 16:14:37 - [MESSAGE][PASSED] - Object 'Object Repository/09-Settings/Users/Invited Users/h4_Delete Invitation' is visible

2023-01-16 16:14:37 - [TEST_STEP][PASSED] - click(findTestObject("09-Settings/Users/Active User/button_Delete")): Object: 'Object Repository/09-Settings/Users/Active User/button_Delete' is clicked on

2023-01-16 16:14:38 - [MESSAGE][PASSED] - Object: 'Object Repository/09-Settings/Users/Active User/button_Delete' is clicked on

2023-01-16 16:14:38 - [TEST_STEP][PASSED] - delay(3): Delayed 3 second(s)

2023-01-16 16:14:41 - [MESSAGE][PASSED] - Delayed 3 second(s)

2023-01-16 16:14:41 - [TEST_STEP][PASSED] - verifyElementVisible(findTestObject("09-Settings/Users/Invited Users/div_CTCSV test 1")): Object 'Object Repository/09-Settings/Users/Invited Users/div_CTCSV test 1' is visible

2023-01-16 16:14:42 - [MESSAGE][PASSED] - Object 'Object Repository/09-Settings/Users/Invited Users/div_CTCSV test 1' is visible

2023-01-16 16:14:42 - [TEST_STEP][PASSED] - click(findTestObject("09-Settings/Users/Invited Users/button_deleteInvite")): Object: 'Object Repository/09-Settings/Users/Invited Users/button_deleteInvite' is clicked on

2023-01-16 16:14:42 - [MESSAGE][PASSED] - Object: 'Object Repository/09-Settings/Users/Invited Users/button_deleteInvite' is clicked on

2023-01-16 16:14:42 - [TEST_STEP][PASSED] - verifyElementVisible(findTestObject("09-Settings/Users/Invited Users/h4_Delete Invitation")): Object 'Object Repository/09-Settings/Users/Invited Users/h4_Delete Invitation' is visible

2023-01-16 16:14:44 - [MESSAGE][PASSED] - Object 'Object Repository/09-Settings/Users/Invited Users/h4_Delete Invitation' is visible

2023-01-16 16:14:44 - [TEST_STEP][PASSED] - click(findTestObject("09-Settings/Users/Active User/button_Delete")): Object: 'Object Repository/09-Settings/Users/Active User/button_Delete' is clicked on

2023-01-16 16:14:45 - [MESSAGE][PASSED] - Object: 'Object Repository/09-Settings/Users/Active User/button_Delete' is clicked on

2023-01-16 16:14:45 - [TEST_STEP][PASSED] - click(findTestObject("09-Settings/Users/Invited Users/span_Successfully deleted invite")): Object: 'Object Repository/09-Settings/Users/Invited Users/span_Successfully deleted invite' is clicked on

2023-01-16 16:14:47 - [MESSAGE][PASSED] - Object: 'Object Repository/09-Settings/Users/Invited Users/span_Successfully deleted invite' is clicked on

2023-01-16 16:14:47 - [TEST_STEP][PASSED] - click(findTestObject("09-Settings/Users/Active User/button_OK")): Object: 'Object Repository/09-Settings/Users/Active User/button_OK' is clicked on

2023-01-16 16:14:48 - [MESSAGE][PASSED] - Object: 'Object Repository/09-Settings/Users/Active User/button_OK' is clicked on

2023-01-16 16:14:48 - [TEST_STEP][PASSED] - delay(5): Delayed 5 second(s)

2023-01-16 16:14:53 - [MESSAGE][PASSED] - Delayed 5 second(s)

2023-01-16 16:14:53 - [TEST_STEP][PASSED] - closeBrowser(): Browser is closed

2023-01-16 16:14:55 - [MESSAGE][PASSED] - Browser is closed]]></system-out>
         <system-err><![CDATA[]]></system-err>
      </testcase>
      <system-out><![CDATA[2023-01-16 16:10:47 - [TEST_SUITE][PASSED] - 09.3 - Settings (Invited users): Test Cases/09-Settings/18 - Users (Invited User - Delete Invite)]]></system-out>
      <system-err><![CDATA[]]></system-err>
   </testsuite>
</testsuites>
