<?xml version="1.0" encoding="UTF-8"?>
<testsuites name="01-Login and Forgot Password" time="176.714" tests="8" failures="0" errors="0">
   <testsuite name="01-Login and Forgot Password" tests="8" failures="0" errors="0" time="176.714" skipped="0" timestamp="2023-04-21 10:25:20" hostname="Mike - LAPTOP-LF5VTH4H" id="Test Suites/TS-Organization/01-Login and Forgot Password">
      <properties>
         <property name="deviceName" value=""/>
         <property name="devicePlatform" value=""/>
         <property name="logFolder" value="D:\\Users\\Michelle\\Project\\Everleagues\\Reports\\20230421_102510\\TS-Organization\\01-Login and Forgot Password\\20230421_102510"/>
         <property name="logFiles" value="D:\\Users\\Michelle\\Project\\Everleagues\\Reports\\20230421_102510\\TS-Organization\\01-Login and Forgot Password\\20230421_102510\\execution0.log"/>
         <property name="attachments" value=""/>
         <property name="hostName" value="Mike - LAPTOP-LF5VTH4H"/>
         <property name="os" value="Windows 10 64bit"/>
         <property name="katalonVersion" value="8.6.0.208"/>
         <property name="browser" value="Chrome 112.0.0.0"/>
         <property name="hostAddress" value="10.100.1.48"/>
         <property name="sessionId" value="75e59079a2bfcc82762b90c5771e913d"/>
         <property name="seleniumVersion" value="3.141.59"/>
         <property name="proxyInformation" value="ProxyInformation { proxyOption=NO_PROXY, proxyServerType=HTTP, username=, password=********, proxyServerAddress=, proxyServerPort=0, executionList=&quot;&quot;, isApplyToDesiredCapabilities=true }"/>
         <property name="platform" value="Windows 10"/>
      </properties>
      <testcase name="Test Cases/01-Login and Forgot Password/01-Login(Credentials Blank)" time="32.837" classname="Test Cases/01-Login and Forgot Password/01-Login(Credentials Blank)" status="PASSED">
         <system-out><![CDATA[2023-04-21 10:25:20 - [TEST_CASE][PASSED] - Test Cases/01-Login and Forgot Password/01-Login(Credentials Blank): Test Cases/01-Login and Forgot Password/01-Login(Credentials Blank)

2023-04-21 10:25:21 - [TEST_STEP][PASSED] - openBrowser(""): Browser is opened with url: ''

2023-04-21 10:25:21 - [MESSAGE][INFO] - Starting 'Chrome' driver

2023-04-21 10:25:21 - [MESSAGE][INFO] - Action delay is set to 0 milliseconds

2023-04-21 10:25:27 - [MESSAGE][PASSED] - Browser is opened with url: ''

2023-04-21 10:25:27 - [TEST_STEP][PASSED] - navigateToUrl("https://lab.everleagues.com/"): Navigate to 'https://lab.everleagues.com/' successfully

2023-04-21 10:25:45 - [MESSAGE][PASSED] - Navigate to 'https://lab.everleagues.com/' successfully

2023-04-21 10:25:45 - [TEST_STEP][PASSED] - maximizeWindow(): Current window maximized

2023-04-21 10:25:46 - [MESSAGE][PASSED] - Current window maximized

2023-04-21 10:25:46 - [TEST_STEP][PASSED] - verifyElementPresent(findTestObject("01-Login and Forgot Password/Login_Card"), 0): Object 'Object Repository/01-Login and Forgot Password/Login_Card' is present

2023-04-21 10:25:47 - [MESSAGE][WARNING] - Timeout '0' is invalid. Using default page load timeout: '30'

2023-04-21 10:25:47 - [MESSAGE][PASSED] - Object 'Object Repository/01-Login and Forgot Password/Login_Card' is present

2023-04-21 10:25:47 - [TEST_STEP][PASSED] - delay(2): Delayed 2 second(s)

2023-04-21 10:25:49 - [MESSAGE][PASSED] - Delayed 2 second(s)

2023-04-21 10:25:49 - [TEST_STEP][PASSED] - verifyElementNotClickable(findTestObject("01-Login and Forgot Password/button_Sign in")): Object 'Object Repository/01-Login and Forgot Password/button_Sign in' is NOT clickable

2023-04-21 10:25:50 - [MESSAGE][PASSED] - Object 'Object Repository/01-Login and Forgot Password/button_Sign in' is NOT clickable

2023-04-21 10:25:50 - [TEST_STEP][PASSED] - delay(3): Delayed 3 second(s)

2023-04-21 10:25:53 - [MESSAGE][PASSED] - Delayed 3 second(s)]]></system-out>
         <system-err><![CDATA[]]></system-err>
      </testcase>
      <testcase name="Test Cases/01-Login and Forgot Password/02-Login(Wrong Email)" time="12.066" classname="Test Cases/01-Login and Forgot Password/02-Login(Wrong Email)" status="PASSED">
         <system-out><![CDATA[2023-04-21 10:25:53 - [TEST_CASE][PASSED] - Test Cases/01-Login and Forgot Password/02-Login(Wrong Email): Test Cases/01-Login and Forgot Password/02-Login(Wrong Email)

2023-04-21 10:25:54 - [TEST_STEP][PASSED] - setText(findTestObject("01-Login and Forgot Password/input_Email_email"), "unregisteredemail@test.com"): Text 'unregisteredemail@test.com' is set on object 'Object Repository/01-Login and Forgot Password/input_Email_email'

2023-04-21 10:25:54 - [MESSAGE][PASSED] - Text 'unregisteredemail@test.com' is set on object 'Object Repository/01-Login and Forgot Password/input_Email_email'

2023-04-21 10:25:54 - [TEST_STEP][PASSED] - setEncryptedText(findTestObject("01-Login and Forgot Password/input_Email_password"), "pUQNV8a0dCQ="): Text ****** has been set on object 'Object Repository/01-Login and Forgot Password/input_Email_password'

2023-04-21 10:25:55 - [MESSAGE][PASSED] - Text ****** has been set on object 'Object Repository/01-Login and Forgot Password/input_Email_password'

2023-04-21 10:25:55 - [TEST_STEP][PASSED] - delay(3): Delayed 3 second(s)

2023-04-21 10:25:58 - [MESSAGE][PASSED] - Delayed 3 second(s)

2023-04-21 10:25:58 - [TEST_STEP][PASSED] - click(findTestObject("01-Login and Forgot Password/button_Sign in")): Object: 'Object Repository/01-Login and Forgot Password/button_Sign in' is clicked on

2023-04-21 10:25:59 - [MESSAGE][PASSED] - Object: 'Object Repository/01-Login and Forgot Password/button_Sign in' is clicked on

2023-04-21 10:25:59 - [TEST_STEP][PASSED] - delay(3): Delayed 3 second(s)

2023-04-21 10:26:02 - [MESSAGE][PASSED] - Delayed 3 second(s)

2023-04-21 10:26:02 - [TEST_STEP][PASSED] - verifyElementPresent(findTestObject("01-Login and Forgot Password/Invalid email error"), 0): Object 'Object Repository/01-Login and Forgot Password/Invalid email error' is present

2023-04-21 10:26:02 - [MESSAGE][WARNING] - Timeout '0' is invalid. Using default page load timeout: '30'

2023-04-21 10:26:02 - [MESSAGE][PASSED] - Object 'Object Repository/01-Login and Forgot Password/Invalid email error' is present

2023-04-21 10:26:02 - [TEST_STEP][PASSED] - delay(3): Delayed 3 second(s)

2023-04-21 10:26:05 - [MESSAGE][PASSED] - Delayed 3 second(s)]]></system-out>
         <system-err><![CDATA[]]></system-err>
      </testcase>
      <testcase name="Test Cases/01-Login and Forgot Password/03-Login(Valid email, wrong pass)" time="14.415" classname="Test Cases/01-Login and Forgot Password/03-Login(Valid email, wrong pass)" status="PASSED">
         <system-out><![CDATA[2023-04-21 10:26:05 - [TEST_CASE][PASSED] - Test Cases/01-Login and Forgot Password/03-Login(Valid email, wrong pass): Test Cases/01-Login and Forgot Password/03-Login(Valid email, wrong pass)

2023-04-21 10:26:05 - [TEST_STEP][PASSED] - setText(findTestObject("01-Login and Forgot Password/input_Email_email"), "testuser01@mailinator.com"): Text 'testuser01@mailinator.com' is set on object 'Object Repository/01-Login and Forgot Password/input_Email_email'

2023-04-21 10:26:06 - [MESSAGE][PASSED] - Text 'testuser01@mailinator.com' is set on object 'Object Repository/01-Login and Forgot Password/input_Email_email'

2023-04-21 10:26:06 - [TEST_STEP][PASSED] - setEncryptedText(findTestObject("01-Login and Forgot Password/input_Email_password"), "OxgQgnWTiECE3BxjMAl2ng=="): Text ****** has been set on object 'Object Repository/01-Login and Forgot Password/input_Email_password'

2023-04-21 10:26:07 - [MESSAGE][PASSED] - Text ****** has been set on object 'Object Repository/01-Login and Forgot Password/input_Email_password'

2023-04-21 10:26:07 - [TEST_STEP][PASSED] - delay(2): Delayed 2 second(s)

2023-04-21 10:26:09 - [MESSAGE][PASSED] - Delayed 2 second(s)

2023-04-21 10:26:09 - [TEST_STEP][PASSED] - click(findTestObject("01-Login and Forgot Password/show pass button")): Object: 'Object Repository/01-Login and Forgot Password/show pass button' is clicked on

2023-04-21 10:26:10 - [MESSAGE][PASSED] - Object: 'Object Repository/01-Login and Forgot Password/show pass button' is clicked on

2023-04-21 10:26:10 - [TEST_STEP][PASSED] - delay(3): Delayed 3 second(s)

2023-04-21 10:26:13 - [MESSAGE][PASSED] - Delayed 3 second(s)

2023-04-21 10:26:13 - [TEST_STEP][PASSED] - click(findTestObject("01-Login and Forgot Password/button_Sign in")): Object: 'Object Repository/01-Login and Forgot Password/button_Sign in' is clicked on

2023-04-21 10:26:13 - [MESSAGE][PASSED] - Object: 'Object Repository/01-Login and Forgot Password/button_Sign in' is clicked on

2023-04-21 10:26:13 - [TEST_STEP][PASSED] - delay(3): Delayed 3 second(s)

2023-04-21 10:26:16 - [MESSAGE][PASSED] - Delayed 3 second(s)

2023-04-21 10:26:16 - [TEST_STEP][PASSED] - verifyElementPresent(findTestObject("01-Login and Forgot Password/Invalid user name or password"), 0): Object 'Object Repository/01-Login and Forgot Password/Invalid user name or password' is present

2023-04-21 10:26:16 - [MESSAGE][WARNING] - Timeout '0' is invalid. Using default page load timeout: '30'

2023-04-21 10:26:16 - [MESSAGE][PASSED] - Object 'Object Repository/01-Login and Forgot Password/Invalid user name or password' is present

2023-04-21 10:26:16 - [TEST_STEP][PASSED] - delay(3): Delayed 3 second(s)

2023-04-21 10:26:19 - [MESSAGE][PASSED] - Delayed 3 second(s)]]></system-out>
         <system-err><![CDATA[]]></system-err>
      </testcase>
      <testcase name="Test Cases/01-Login and Forgot Password/04-Login (Valid Credentials-Without Subscription)" time="66.653" classname="Test Cases/01-Login and Forgot Password/04-Login (Valid Credentials-Without Subscription)" status="PASSED">
         <system-out><![CDATA[2023-04-21 10:26:19 - [TEST_CASE][PASSED] - Test Cases/01-Login and Forgot Password/04-Login (Valid Credentials-Without Subscription): Test Cases/01-Login and Forgot Password/04-Login (Valid Credentials-Without Subscription)

2023-04-21 10:26:20 - [TEST_STEP][PASSED] - setText(findTestObject("01-Login and Forgot Password/input_Email_email"), "testuser01@mailinator.com"): Text 'testuser01@mailinator.com' is set on object 'Object Repository/01-Login and Forgot Password/input_Email_email'

2023-04-21 10:26:21 - [MESSAGE][PASSED] - Text 'testuser01@mailinator.com' is set on object 'Object Repository/01-Login and Forgot Password/input_Email_email'

2023-04-21 10:26:21 - [TEST_STEP][PASSED] - setEncryptedText(findTestObject("01-Login and Forgot Password/input_Email_password2"), "8yFRyszE6U6jvsCn51OQbg=="): Text ****** has been set on object 'Object Repository/01-Login and Forgot Password/input_Email_password2'

2023-04-21 10:26:21 - [MESSAGE][PASSED] - Text ****** has been set on object 'Object Repository/01-Login and Forgot Password/input_Email_password2'

2023-04-21 10:26:21 - [TEST_STEP][PASSED] - delay(2): Delayed 2 second(s)

2023-04-21 10:26:23 - [MESSAGE][PASSED] - Delayed 2 second(s)

2023-04-21 10:26:23 - [TEST_STEP][PASSED] - click(findTestObject("01-Login and Forgot Password/show pass button")): Object: 'Object Repository/01-Login and Forgot Password/show pass button' is clicked on

2023-04-21 10:26:24 - [MESSAGE][PASSED] - Object: 'Object Repository/01-Login and Forgot Password/show pass button' is clicked on

2023-04-21 10:26:24 - [TEST_STEP][PASSED] - delay(3): Delayed 3 second(s)

2023-04-21 10:26:27 - [MESSAGE][PASSED] - Delayed 3 second(s)

2023-04-21 10:26:27 - [TEST_STEP][PASSED] - click(findTestObject("01-Login and Forgot Password/button_Sign in")): Object: 'Object Repository/01-Login and Forgot Password/button_Sign in' is clicked on

2023-04-21 10:26:27 - [MESSAGE][PASSED] - Object: 'Object Repository/01-Login and Forgot Password/button_Sign in' is clicked on

2023-04-21 10:26:27 - [TEST_STEP][PASSED] - delay(3): Delayed 3 second(s)

2023-04-21 10:26:30 - [MESSAGE][PASSED] - Delayed 3 second(s)

2023-04-21 10:26:30 - [TEST_STEP][PASSED] - click(findTestObject("06-Teams/For 2FA/button_Confirm_2FA")): Object: 'Object Repository/06-Teams/For 2FA/button_Confirm_2FA' is clicked on

2023-04-21 10:26:31 - [MESSAGE][PASSED] - Object: 'Object Repository/06-Teams/For 2FA/button_Confirm_2FA' is clicked on

2023-04-21 10:26:31 - [TEST_STEP][PASSED] - executeJavaScript("window.open();", []): Execute JavaScript 'window.open();' successfully

2023-04-21 10:26:31 - [MESSAGE][PASSED] - Execute JavaScript 'window.open();' successfully

2023-04-21 10:26:31 - [TEST_STEP][PASSED] - currentWindow = getWindowIndex(): Current window's index is: 0

2023-04-21 10:26:31 - [MESSAGE][PASSED] - Current window's index is: 0

2023-04-21 10:26:31 - [TEST_STEP][PASSED] - delay(5): Delayed 5 second(s)

2023-04-21 10:26:36 - [MESSAGE][PASSED] - Delayed 5 second(s)

2023-04-21 10:26:36 - [TEST_STEP][PASSED] - switchToWindowIndex(currentWindow + 1): Switched to window with index: '1'

2023-04-21 10:26:36 - [MESSAGE][PASSED] - Switched to window with index: '1'

2023-04-21 10:26:36 - [TEST_STEP][PASSED] - navigateToUrl("https://www.mailinator.com/"): Navigate to 'https://www.mailinator.com/' successfully

2023-04-21 10:26:40 - [MESSAGE][PASSED] - Navigate to 'https://www.mailinator.com/' successfully

2023-04-21 10:26:40 - [TEST_STEP][PASSED] - delay(5): Delayed 5 second(s)

2023-04-21 10:26:45 - [MESSAGE][PASSED] - Delayed 5 second(s)

2023-04-21 10:26:45 - [TEST_STEP][PASSED] - setText(findTestObject("00-Signup and Activation/zMailinator/input_LOGIN_search"), "testuser01@mailinator.com"): Text 'testuser01@mailinator.com' is set on object 'Object Repository/00-Signup and Activation/zMailinator/input_LOGIN_search'

2023-04-21 10:26:45 - [MESSAGE][PASSED] - Text 'testuser01@mailinator.com' is set on object 'Object Repository/00-Signup and Activation/zMailinator/input_LOGIN_search'

2023-04-21 10:26:45 - [TEST_STEP][PASSED] - click(findTestObject("00-Signup and Activation/zMailinator/gobutton"), STOP_ON_FAILURE): Object: 'Object Repository/00-Signup and Activation/zMailinator/gobutton' is clicked on

2023-04-21 10:26:47 - [MESSAGE][PASSED] - Object: 'Object Repository/00-Signup and Activation/zMailinator/gobutton' is clicked on

2023-04-21 10:26:47 - [TEST_STEP][PASSED] - delay(5): Delayed 5 second(s)

2023-04-21 10:26:52 - [MESSAGE][PASSED] - Delayed 5 second(s)

2023-04-21 10:26:52 - [TEST_STEP][PASSED] - click(findTestObject("00-Signup and Activation/zMailinator/Email - everleagues")): Object: 'Object Repository/00-Signup and Activation/zMailinator/Email - everleagues' is clicked on

2023-04-21 10:26:52 - [MESSAGE][PASSED] - Object: 'Object Repository/00-Signup and Activation/zMailinator/Email - everleagues' is clicked on

2023-04-21 10:26:52 - [TEST_STEP][PASSED] - delay(5): Delayed 5 second(s)

2023-04-21 10:26:57 - [MESSAGE][PASSED] - Delayed 5 second(s)

2023-04-21 10:26:57 - [TEST_STEP][PASSED] - code = getText(findTestObject("Object Repository/06-Teams/For 2FA/2FA code")): Text of object 'Object Repository/06-Teams/For 2FA/2FA code' is: '718137'

2023-04-21 10:26:58 - [MESSAGE][PASSED] - Text of object 'Object Repository/06-Teams/For 2FA/2FA code' is: '718137'

2023-04-21 10:26:58 - [TEST_STEP][PASSED] - delay(5): Delayed 5 second(s)

2023-04-21 10:27:03 - [MESSAGE][PASSED] - Delayed 5 second(s)

2023-04-21 10:27:03 - [TEST_STEP][PASSED] - closeWindowTitle("Mailinator"): Window with title: 'Mailinator' is closed

2023-04-21 10:27:04 - [MESSAGE][PASSED] - Window with title: 'Mailinator' is closed

2023-04-21 10:27:04 - [TEST_STEP][PASSED] - delay(5): Delayed 5 second(s)

2023-04-21 10:27:09 - [MESSAGE][PASSED] - Delayed 5 second(s)

2023-04-21 10:27:09 - [TEST_STEP][PASSED] - switchToWindowIndex(0): Switched to window with index: '0'

2023-04-21 10:27:09 - [MESSAGE][PASSED] - Switched to window with index: '0'

2023-04-21 10:27:09 - [TEST_STEP][PASSED] - delay(5): Delayed 5 second(s)

2023-04-21 10:27:14 - [MESSAGE][PASSED] - Delayed 5 second(s)

2023-04-21 10:27:14 - [TEST_STEP][PASSED] - setText(findTestObject("Object Repository/06-Teams/For 2FA/input_Enter verification code_code"), code): Text '718137' is set on object 'Object Repository/06-Teams/For 2FA/input_Enter verification code_code'

2023-04-21 10:27:15 - [MESSAGE][PASSED] - Text '718137' is set on object 'Object Repository/06-Teams/For 2FA/input_Enter verification code_code'

2023-04-21 10:27:15 - [TEST_STEP][PASSED] - delay(5): Delayed 5 second(s)

2023-04-21 10:27:20 - [MESSAGE][PASSED] - Delayed 5 second(s)

2023-04-21 10:27:20 - [TEST_STEP][PASSED] - click(findTestObject("06-Teams/For 2FA/button_Verify_2FA")): Object: 'Object Repository/06-Teams/For 2FA/button_Verify_2FA' is clicked on

2023-04-21 10:27:21 - [MESSAGE][PASSED] - Object: 'Object Repository/06-Teams/For 2FA/button_Verify_2FA' is clicked on

2023-04-21 10:27:21 - [TEST_STEP][PASSED] - delay(5): Delayed 5 second(s)

2023-04-21 10:27:26 - [MESSAGE][PASSED] - Delayed 5 second(s)]]></system-out>
         <system-err><![CDATA[]]></system-err>
      </testcase>
      <testcase name="Test Cases/01-Login and Forgot Password/05-Logout" time="10.714" classname="Test Cases/01-Login and Forgot Password/05-Logout" status="PASSED">
         <system-out><![CDATA[2023-04-21 10:27:26 - [TEST_CASE][PASSED] - Test Cases/01-Login and Forgot Password/05-Logout: Test Cases/01-Login and Forgot Password/05-Logout

2023-04-21 10:27:27 - [TEST_STEP][PASSED] - click(findTestObject("01-Login and Forgot Password/User menu drop")): Object: 'Object Repository/01-Login and Forgot Password/User menu drop' is clicked on

2023-04-21 10:27:29 - [MESSAGE][PASSED] - Object: 'Object Repository/01-Login and Forgot Password/User menu drop' is clicked on

2023-04-21 10:27:29 - [TEST_STEP][PASSED] - delay(2): Delayed 2 second(s)

2023-04-21 10:27:31 - [MESSAGE][PASSED] - Delayed 2 second(s)

2023-04-21 10:27:31 - [TEST_STEP][PASSED] - click(findTestObject("01-Login and Forgot Password/h4_Sign Out"), STOP_ON_FAILURE): Object: 'Object Repository/01-Login and Forgot Password/h4_Sign Out' is clicked on

2023-04-21 10:27:31 - [MESSAGE][PASSED] - Object: 'Object Repository/01-Login and Forgot Password/h4_Sign Out' is clicked on

2023-04-21 10:27:31 - [TEST_STEP][PASSED] - delay(2): Delayed 2 second(s)

2023-04-21 10:27:33 - [MESSAGE][PASSED] - Delayed 2 second(s)

2023-04-21 10:27:33 - [TEST_STEP][PASSED] - verifyElementPresent(findTestObject("01-Login and Forgot Password/Login_Card"), 0): Object 'Object Repository/01-Login and Forgot Password/Login_Card' is present

2023-04-21 10:27:34 - [MESSAGE][WARNING] - Timeout '0' is invalid. Using default page load timeout: '30'

2023-04-21 10:27:34 - [MESSAGE][PASSED] - Object 'Object Repository/01-Login and Forgot Password/Login_Card' is present

2023-04-21 10:27:34 - [TEST_STEP][PASSED] - delay(3): Delayed 3 second(s)

2023-04-21 10:27:37 - [MESSAGE][PASSED] - Delayed 3 second(s)]]></system-out>
         <system-err><![CDATA[]]></system-err>
      </testcase>
      <testcase name="Test Cases/01-Login and Forgot Password/06-Forgot Password(Credentials Blank)" time="7.113" classname="Test Cases/01-Login and Forgot Password/06-Forgot Password(Credentials Blank)" status="PASSED">
         <system-out><![CDATA[2023-04-21 10:27:37 - [TEST_CASE][PASSED] - Test Cases/01-Login and Forgot Password/06-Forgot Password(Credentials Blank): Test Cases/01-Login and Forgot Password/06-Forgot Password(Credentials Blank)

2023-04-21 10:27:37 - [TEST_STEP][PASSED] - click(findTestObject("01-Login and Forgot Password/zForgot Password/a_Forgot password")): Object: 'Object Repository/01-Login and Forgot Password/zForgot Password/a_Forgot password' is clicked on

2023-04-21 10:27:38 - [MESSAGE][PASSED] - Object: 'Object Repository/01-Login and Forgot Password/zForgot Password/a_Forgot password' is clicked on

2023-04-21 10:27:38 - [TEST_STEP][PASSED] - verifyElementPresent(findTestObject("01-Login and Forgot Password/zForgot Password/span_Reset Password"), 0): Object 'Object Repository/01-Login and Forgot Password/zForgot Password/span_Reset Password' is present

2023-04-21 10:27:38 - [MESSAGE][WARNING] - Timeout '0' is invalid. Using default page load timeout: '30'

2023-04-21 10:27:39 - [MESSAGE][PASSED] - Object 'Object Repository/01-Login and Forgot Password/zForgot Password/span_Reset Password' is present

2023-04-21 10:27:39 - [TEST_STEP][PASSED] - delay(2): Delayed 2 second(s)

2023-04-21 10:27:41 - [MESSAGE][PASSED] - Delayed 2 second(s)

2023-04-21 10:27:41 - [TEST_STEP][PASSED] - verifyElementNotClickable(findTestObject("01-Login and Forgot Password/zForgot Password/button_Reset Password")): Object 'Object Repository/01-Login and Forgot Password/zForgot Password/button_Reset Password' is NOT clickable

2023-04-21 10:27:41 - [MESSAGE][PASSED] - Object 'Object Repository/01-Login and Forgot Password/zForgot Password/button_Reset Password' is NOT clickable

2023-04-21 10:27:41 - [TEST_STEP][PASSED] - delay(3): Delayed 3 second(s)

2023-04-21 10:27:44 - [MESSAGE][PASSED] - Delayed 3 second(s)]]></system-out>
         <system-err><![CDATA[]]></system-err>
      </testcase>
      <testcase name="Test Cases/01-Login and Forgot Password/07-Forgot Password(Wrong email)" time="12.416" classname="Test Cases/01-Login and Forgot Password/07-Forgot Password(Wrong email)" status="PASSED">
         <system-out><![CDATA[2023-04-21 10:27:44 - [TEST_CASE][PASSED] - Test Cases/01-Login and Forgot Password/07-Forgot Password(Wrong email): Test Cases/01-Login and Forgot Password/07-Forgot Password(Wrong email)

2023-04-21 10:27:44 - [TEST_STEP][PASSED] - setText(findTestObject("01-Login and Forgot Password/zForgot Password/Reset pass email field"), "unregisteredemail@test.com"): Text 'unregisteredemail@test.com' is set on object 'Object Repository/01-Login and Forgot Password/zForgot Password/Reset pass email field'

2023-04-21 10:27:46 - [MESSAGE][PASSED] - Text 'unregisteredemail@test.com' is set on object 'Object Repository/01-Login and Forgot Password/zForgot Password/Reset pass email field'

2023-04-21 10:27:46 - [TEST_STEP][PASSED] - delay(2): Delayed 2 second(s)

2023-04-21 10:27:48 - [MESSAGE][PASSED] - Delayed 2 second(s)

2023-04-21 10:27:48 - [TEST_STEP][PASSED] - click(findTestObject("01-Login and Forgot Password/zForgot Password/button_Reset Password")): Object: 'Object Repository/01-Login and Forgot Password/zForgot Password/button_Reset Password' is clicked on

2023-04-21 10:27:49 - [MESSAGE][PASSED] - Object: 'Object Repository/01-Login and Forgot Password/zForgot Password/button_Reset Password' is clicked on

2023-04-21 10:27:49 - [TEST_STEP][PASSED] - verifyElementPresent(findTestObject("01-Login and Forgot Password/zForgot Password/Reset pass- wrong email"), 0): Object 'Object Repository/01-Login and Forgot Password/zForgot Password/Reset pass- wrong email' is present

2023-04-21 10:27:49 - [MESSAGE][WARNING] - Timeout '0' is invalid. Using default page load timeout: '30'

2023-04-21 10:27:50 - [MESSAGE][PASSED] - Object 'Object Repository/01-Login and Forgot Password/zForgot Password/Reset pass- wrong email' is present

2023-04-21 10:27:50 - [TEST_STEP][PASSED] - delay(3): Delayed 3 second(s)

2023-04-21 10:27:53 - [MESSAGE][PASSED] - Delayed 3 second(s)

2023-04-21 10:27:53 - [TEST_STEP][PASSED] - click(findTestObject("01-Login and Forgot Password/zForgot Password/button_Back to login")): Object: 'Object Repository/01-Login and Forgot Password/zForgot Password/button_Back to login' is clicked on

2023-04-21 10:27:53 - [MESSAGE][PASSED] - Object: 'Object Repository/01-Login and Forgot Password/zForgot Password/button_Back to login' is clicked on

2023-04-21 10:27:53 - [TEST_STEP][PASSED] - delay(3): Delayed 3 second(s)

2023-04-21 10:27:56 - [MESSAGE][PASSED] - Delayed 3 second(s)]]></system-out>
         <system-err><![CDATA[]]></system-err>
      </testcase>
      <testcase name="Test Cases/01-Login and Forgot Password/08-Forgot Password(Correct Email)" time="19.869" classname="Test Cases/01-Login and Forgot Password/08-Forgot Password(Correct Email)" status="PASSED">
         <system-out><![CDATA[2023-04-21 10:27:56 - [TEST_CASE][PASSED] - Test Cases/01-Login and Forgot Password/08-Forgot Password(Correct Email): Test Cases/01-Login and Forgot Password/08-Forgot Password(Correct Email)

2023-04-21 10:27:57 - [TEST_STEP][PASSED] - delay(2): Delayed 2 second(s)

2023-04-21 10:27:59 - [MESSAGE][PASSED] - Delayed 2 second(s)

2023-04-21 10:27:59 - [TEST_STEP][PASSED] - click(findTestObject("01-Login and Forgot Password/zForgot Password/a_Forgot password")): Object: 'Object Repository/01-Login and Forgot Password/zForgot Password/a_Forgot password' is clicked on

2023-04-21 10:28:00 - [MESSAGE][PASSED] - Object: 'Object Repository/01-Login and Forgot Password/zForgot Password/a_Forgot password' is clicked on

2023-04-21 10:28:00 - [TEST_STEP][PASSED] - verifyElementPresent(findTestObject("01-Login and Forgot Password/zForgot Password/span_Reset Password"), 0): Object 'Object Repository/01-Login and Forgot Password/zForgot Password/span_Reset Password' is present

2023-04-21 10:28:00 - [MESSAGE][WARNING] - Timeout '0' is invalid. Using default page load timeout: '30'

2023-04-21 10:28:00 - [MESSAGE][PASSED] - Object 'Object Repository/01-Login and Forgot Password/zForgot Password/span_Reset Password' is present

2023-04-21 10:28:00 - [TEST_STEP][PASSED] - delay(2): Delayed 2 second(s)

2023-04-21 10:28:02 - [MESSAGE][PASSED] - Delayed 2 second(s)

2023-04-21 10:28:02 - [TEST_STEP][PASSED] - setText(findTestObject("01-Login and Forgot Password/zForgot Password/Reset pass email field"), "testuser01@mailinator.com"): Text 'testuser01@mailinator.com' is set on object 'Object Repository/01-Login and Forgot Password/zForgot Password/Reset pass email field'

2023-04-21 10:28:03 - [MESSAGE][PASSED] - Text 'testuser01@mailinator.com' is set on object 'Object Repository/01-Login and Forgot Password/zForgot Password/Reset pass email field'

2023-04-21 10:28:03 - [TEST_STEP][PASSED] - delay(2): Delayed 2 second(s)

2023-04-21 10:28:05 - [MESSAGE][PASSED] - Delayed 2 second(s)

2023-04-21 10:28:05 - [TEST_STEP][PASSED] - click(findTestObject("01-Login and Forgot Password/zForgot Password/button_Reset Password")): Object: 'Object Repository/01-Login and Forgot Password/zForgot Password/button_Reset Password' is clicked on

2023-04-21 10:28:06 - [MESSAGE][PASSED] - Object: 'Object Repository/01-Login and Forgot Password/zForgot Password/button_Reset Password' is clicked on

2023-04-21 10:28:06 - [TEST_STEP][PASSED] - verifyElementPresent(findTestObject("01-Login and Forgot Password/zForgot Password/Reset pass - success msg"), 0): Object 'Object Repository/01-Login and Forgot Password/zForgot Password/Reset pass - success msg' is present

2023-04-21 10:28:06 - [MESSAGE][WARNING] - Timeout '0' is invalid. Using default page load timeout: '30'

2023-04-21 10:28:07 - [MESSAGE][PASSED] - Object 'Object Repository/01-Login and Forgot Password/zForgot Password/Reset pass - success msg' is present

2023-04-21 10:28:07 - [TEST_STEP][PASSED] - delay(2): Delayed 2 second(s)

2023-04-21 10:28:09 - [MESSAGE][PASSED] - Delayed 2 second(s)

2023-04-21 10:28:09 - [TEST_STEP][PASSED] - click(findTestObject("01-Login and Forgot Password/zForgot Password/button_Back to login")): Object: 'Object Repository/01-Login and Forgot Password/zForgot Password/button_Back to login' is clicked on

2023-04-21 10:28:10 - [MESSAGE][PASSED] - Object: 'Object Repository/01-Login and Forgot Password/zForgot Password/button_Back to login' is clicked on

2023-04-21 10:28:10 - [TEST_STEP][PASSED] - delay(3): Delayed 3 second(s)

2023-04-21 10:28:13 - [MESSAGE][PASSED] - Delayed 3 second(s)

2023-04-21 10:28:13 - [TEST_STEP][PASSED] - verifyElementVisible(findTestObject("01-Login and Forgot Password/Login_Card")): Object 'Object Repository/01-Login and Forgot Password/Login_Card' is visible

2023-04-21 10:28:13 - [MESSAGE][PASSED] - Object 'Object Repository/01-Login and Forgot Password/Login_Card' is visible

2023-04-21 10:28:13 - [TEST_STEP][PASSED] - delay(2): Delayed 2 second(s)

2023-04-21 10:28:15 - [MESSAGE][PASSED] - Delayed 2 second(s)

2023-04-21 10:28:15 - [TEST_STEP][PASSED] - closeBrowser(): Browser is closed

2023-04-21 10:28:16 - [MESSAGE][PASSED] - Browser is closed]]></system-out>
         <system-err><![CDATA[]]></system-err>
      </testcase>
      <system-out><![CDATA[2023-04-21 10:25:20 - [TEST_SUITE][PASSED] - 01-Login and Forgot Password: Test Cases/01-Login and Forgot Password/08-Forgot Password(Correct Email)]]></system-out>
      <system-err><![CDATA[]]></system-err>
   </testsuite>
</testsuites>
