<?xml version="1.0" encoding="UTF-8"?>
<testsuites name="02-Side Icons" time="140.993" tests="4" failures="2" errors="0">
   <testsuite name="02-Side Icons" tests="4" failures="2" errors="0" time="140.993" skipped="0" timestamp="2022-02-18 16:25:07" hostname="User - DESKTOP-QCRNR4M" id="Test Suites/TS-Organization/02-Side Icons">
      <properties>
         <property name="deviceName" value=""/>
         <property name="devicePlatform" value=""/>
         <property name="logFolder" value="C:\\Users\\User\\Katalon Studio\\EverleaguesMain\\Reports\\20220218_162505\\TS-Organization\\02-Side Icons\\20220218_162505"/>
         <property name="logFiles" value="C:\\Users\\User\\Katalon Studio\\EverleaguesMain\\Reports\\20220218_162505\\TS-Organization\\02-Side Icons\\20220218_162505\\execution0.log"/>
         <property name="attachments" value="C:\\Users\\User\\Katalon Studio\\EverleaguesMain\\Reports\\20220218_162505\\TS-Organization\\02-Side Icons\\20220218_162505\\1645172786052.png, C:\\Users\\User\\Katalon Studio\\EverleaguesMain\\Reports\\20220218_162505\\TS-Organization\\02-Side Icons\\20220218_162505\\1645172848265.png, C:\\Users\\User\\Katalon Studio\\EverleaguesMain\\Reports\\20220218_162505\\TS-Organization\\02-Side Icons\\20220218_162505\\1645172848408.png"/>
         <property name="hostName" value="User - DESKTOP-QCRNR4M"/>
         <property name="os" value="Windows 10 64bit"/>
         <property name="katalonVersion" value="8.2.5.208"/>
         <property name="browser" value="Chrome 98.0.4758.102"/>
         <property name="hostAddress" value="192.168.5.53"/>
         <property name="sessionId" value="8f969161eacbeb179eadd8130ebc1d9c"/>
         <property name="seleniumVersion" value="3.141.59"/>
         <property name="proxyInformation" value="ProxyInformation { proxyOption=NO_PROXY, proxyServerType=HTTP, username=, password=********, proxyServerAddress=, proxyServerPort=0, executionList=&quot;&quot;, isApplyToDesiredCapabilities=true }"/>
         <property name="platform" value="Windows 10"/>
      </properties>
      <testcase name="Test Cases/02-Side Icons (Organization)/01- (Add Contact)" time="78.379" classname="Test Cases/02-Side Icons (Organization)/01- (Add Contact)" status="FAILED">
         <failure type="FAILED" message="Test Cases/02-Side Icons (Organization)/01- (Add Contact) FAILED.
Reason:
com.kms.katalon.core.exception.StepFailedException: Unable to click on object 'Object Repository/02-Side Icons(Organization)/Add Contact/button_My Organizations'
	at com.kms.katalon.core.webui.keyword.internal.WebUIKeywordMain.stepFailed(WebUIKeywordMain.groovy:64)
	at com.kms.katalon.core.webui.keyword.internal.WebUIKeywordMain.runKeyword(WebUIKeywordMain.groovy:26)
	at com.kms.katalon.core.webui.keyword.builtin.ClickKeyword.click(ClickKeyword.groovy:74)
	at com.kms.katalon.core.webui.keyword.builtin.ClickKeyword.execute(ClickKeyword.groovy:40)
	at com.kms.katalon.core.keyword.internal.KeywordExecutor.executeKeywordForPlatform(KeywordExecutor.groovy:74)
	at com.kms.katalon.core.webui.keyword.WebUiBuiltInKeywords.click(WebUiBuiltInKeywords.groovy:620)
	at com.kms.katalon.core.webui.keyword.WebUiBuiltInKeywords$click$4.call(Unknown Source)
	at 01- (Add Contact).run(01- (Add Contact):38)
	at com.kms.katalon.core.main.ScriptEngine.run(ScriptEngine.java:194)
	at com.kms.katalon.core.main.ScriptEngine.runScriptAsRawText(ScriptEngine.java:119)
	at com.kms.katalon.core.main.TestCaseExecutor.runScript(TestCaseExecutor.java:442)
	at com.kms.katalon.core.main.TestCaseExecutor.doExecute(TestCaseExecutor.java:433)
	at com.kms.katalon.core.main.TestCaseExecutor.processExecutionPhase(TestCaseExecutor.java:412)
	at com.kms.katalon.core.main.TestCaseExecutor.accessMainPhase(TestCaseExecutor.java:404)
	at com.kms.katalon.core.main.TestCaseExecutor.execute(TestCaseExecutor.java:281)
	at com.kms.katalon.core.main.TestSuiteExecutor.accessTestCaseMainPhase(TestSuiteExecutor.java:202)
	at com.kms.katalon.core.main.TestSuiteExecutor.accessTestSuiteMainPhase(TestSuiteExecutor.java:164)
	at com.kms.katalon.core.main.TestSuiteExecutor.execute(TestSuiteExecutor.java:105)
	at com.kms.katalon.core.main.TestCaseMain.startTestSuite(TestCaseMain.java:185)
	at com.kms.katalon.core.main.TestCaseMain$startTestSuite$0.call(Unknown Source)
	at TempTestSuite1645172705458.run(TempTestSuite1645172705458.groovy:36)
Caused by: com.kms.katalon.core.webui.exception.WebElementNotFoundException: Web element with id: 'Object Repository/02-Side Icons(Organization)/Add Contact/button_My Organizations' located by '//button[@type = 'button' and (text() = 'My Organizations' or . = 'My Organizations')]' not found
	at com.kms.katalon.core.webui.common.WebUiCommonHelper.findWebElement(WebUiCommonHelper.java:1370)
	at com.kms.katalon.core.webui.keyword.internal.WebUIAbstractKeyword.findWebElement(WebUIAbstractKeyword.groovy:27)
	at com.kms.katalon.core.webui.keyword.builtin.ClickKeyword$_click_closure1.doCall(ClickKeyword.groovy:65)
	at com.kms.katalon.core.webui.keyword.builtin.ClickKeyword$_click_closure1.call(ClickKeyword.groovy)
	at com.kms.katalon.core.webui.keyword.internal.WebUIKeywordMain.runKeyword(WebUIKeywordMain.groovy:20)
	... 19 more
"/>
         <system-out><![CDATA[2022-02-18 16:25:07 - [TEST_CASE][FAILED] - Test Cases/02-Side Icons (Organization)/01- (Add Contact): Test Cases/02-Side Icons (Organization)/01- (Add Contact) FAILED.
Reason:
com.kms.katalon.core.exception.StepFailedException: Unable to click on object 'Object Repository/02-Side Icons(Organization)/Add Contact/button_My Organizations'
	at com.kms.katalon.core.webui.keyword.internal.WebUIKeywordMain.stepFailed(WebUIKeywordMain.groovy:64)
	at com.kms.katalon.core.webui.keyword.internal.WebUIKeywordMain.runKeyword(WebUIKeywordMain.groovy:26)
	at com.kms.katalon.core.webui.keyword.builtin.ClickKeyword.click(ClickKeyword.groovy:74)
	at com.kms.katalon.core.webui.keyword.builtin.ClickKeyword.execute(ClickKeyword.groovy:40)
	at com.kms.katalon.core.keyword.internal.KeywordExecutor.executeKeywordForPlatform(KeywordExecutor.groovy:74)
	at com.kms.katalon.core.webui.keyword.WebUiBuiltInKeywords.click(WebUiBuiltInKeywords.groovy:620)
	at com.kms.katalon.core.webui.keyword.WebUiBuiltInKeywords$click$4.call(Unknown Source)
	at 01- (Add Contact).run(01- (Add Contact):38)
	at com.kms.katalon.core.main.ScriptEngine.run(ScriptEngine.java:194)
	at com.kms.katalon.core.main.ScriptEngine.runScriptAsRawText(ScriptEngine.java:119)
	at com.kms.katalon.core.main.TestCaseExecutor.runScript(TestCaseExecutor.java:442)
	at com.kms.katalon.core.main.TestCaseExecutor.doExecute(TestCaseExecutor.java:433)
	at com.kms.katalon.core.main.TestCaseExecutor.processExecutionPhase(TestCaseExecutor.java:412)
	at com.kms.katalon.core.main.TestCaseExecutor.accessMainPhase(TestCaseExecutor.java:404)
	at com.kms.katalon.core.main.TestCaseExecutor.execute(TestCaseExecutor.java:281)
	at com.kms.katalon.core.main.TestSuiteExecutor.accessTestCaseMainPhase(TestSuiteExecutor.java:202)
	at com.kms.katalon.core.main.TestSuiteExecutor.accessTestSuiteMainPhase(TestSuiteExecutor.java:164)
	at com.kms.katalon.core.main.TestSuiteExecutor.execute(TestSuiteExecutor.java:105)
	at com.kms.katalon.core.main.TestCaseMain.startTestSuite(TestCaseMain.java:185)
	at com.kms.katalon.core.main.TestCaseMain$startTestSuite$0.call(Unknown Source)
	at TempTestSuite1645172705458.run(TempTestSuite1645172705458.groovy:36)
Caused by: com.kms.katalon.core.webui.exception.WebElementNotFoundException: Web element with id: 'Object Repository/02-Side Icons(Organization)/Add Contact/button_My Organizations' located by '//button[@type = 'button' and (text() = 'My Organizations' or . = 'My Organizations')]' not found
	at com.kms.katalon.core.webui.common.WebUiCommonHelper.findWebElement(WebUiCommonHelper.java:1370)
	at com.kms.katalon.core.webui.keyword.internal.WebUIAbstractKeyword.findWebElement(WebUIAbstractKeyword.groovy:27)
	at com.kms.katalon.core.webui.keyword.builtin.ClickKeyword$_click_closure1.doCall(ClickKeyword.groovy:65)
	at com.kms.katalon.core.webui.keyword.builtin.ClickKeyword$_click_closure1.call(ClickKeyword.groovy)
	at com.kms.katalon.core.webui.keyword.internal.WebUIKeywordMain.runKeyword(WebUIKeywordMain.groovy:20)
	... 19 more


2022-02-18 16:25:08 - [TEST_STEP][PASSED] - openBrowser(""): Browser is opened with url: ''

2022-02-18 16:25:08 - [MESSAGE][INFO] - Starting 'Chrome' driver

2022-02-18 16:25:08 - [MESSAGE][INFO] - Action delay is set to 0 milliseconds

2022-02-18 16:25:10 - [MESSAGE][PASSED] - Browser is opened with url: ''

2022-02-18 16:25:10 - [TEST_STEP][PASSED] - navigateToUrl("https://lab.everleagues.com/login?returnUrl=%2Fmain%2Fdashboard"): Navigate to 'https://lab.everleagues.com/login?returnUrl=%2Fmain%2Fdashboard' successfully

2022-02-18 16:25:46 - [MESSAGE][PASSED] - Navigate to 'https://lab.everleagues.com/login?returnUrl=%2Fmain%2Fdashboard' successfully

2022-02-18 16:25:46 - [TEST_STEP][PASSED] - maximizeWindow(): Current window maximized

2022-02-18 16:25:46 - [MESSAGE][PASSED] - Current window maximized

2022-02-18 16:25:46 - [TEST_STEP][PASSED] - setText(findTestObject("02-Side Icons(Organization)/Add Contact/Email Field"), "testuser01@mailinator.com"): Text 'testuser01@mailinator.com' is set on object 'Object Repository/02-Side Icons(Organization)/Add Contact/Email Field'

2022-02-18 16:25:47 - [MESSAGE][PASSED] - Text 'testuser01@mailinator.com' is set on object 'Object Repository/02-Side Icons(Organization)/Add Contact/Email Field'

2022-02-18 16:25:47 - [TEST_STEP][PASSED] - setEncryptedText(findTestObject("02-Side Icons(Organization)/Add Contact/Password Field"), "8yFRyszE6U6jvsCn51OQbg=="): Text ****** has been set on object 'Object Repository/02-Side Icons(Organization)/Add Contact/Password Field'

2022-02-18 16:25:48 - [MESSAGE][PASSED] - Text ****** has been set on object 'Object Repository/02-Side Icons(Organization)/Add Contact/Password Field'

2022-02-18 16:25:48 - [TEST_STEP][PASSED] - click(findTestObject("02-Side Icons(Organization)/Add Contact/button_Sign in")): Object: 'Object Repository/02-Side Icons(Organization)/Add Contact/button_Sign in' is clicked on

2022-02-18 16:25:48 - [MESSAGE][PASSED] - Object: 'Object Repository/02-Side Icons(Organization)/Add Contact/button_Sign in' is clicked on

2022-02-18 16:25:48 - [TEST_STEP][PASSED] - delay(2): Delayed 2 second(s)

2022-02-18 16:25:50 - [MESSAGE][PASSED] - Delayed 2 second(s)

2022-02-18 16:25:50 - [TEST_STEP][PASSED] - click(findTestObject("02-Side Icons(Organization)/Add Contact/Side Menu double arrow icon")): Object: 'Object Repository/02-Side Icons(Organization)/Add Contact/Side Menu double arrow icon' is clicked on

2022-02-18 16:25:52 - [MESSAGE][PASSED] - Object: 'Object Repository/02-Side Icons(Organization)/Add Contact/Side Menu double arrow icon' is clicked on

2022-02-18 16:25:52 - [TEST_STEP][PASSED] - delay(2): Delayed 2 second(s)

2022-02-18 16:25:54 - [MESSAGE][PASSED] - Delayed 2 second(s)

2022-02-18 16:25:54 - [TEST_STEP][FAILED] - click(findTestObject("02-Side Icons(Organization)/Add Contact/button_My Organizations")): Unable to click on object 'Object Repository/02-Side Icons(Organization)/Add Contact/button_My Organizations' (Root cause: com.kms.katalon.core.exception.StepFailedException: Unable to click on object 'Object Repository/02-Side Icons(Organization)/Add Contact/button_My Organizations'
	at com.kms.katalon.core.webui.keyword.internal.WebUIKeywordMain.stepFailed(WebUIKeywordMain.groovy:64)
	at com.kms.katalon.core.webui.keyword.internal.WebUIKeywordMain.runKeyword(WebUIKeywordMain.groovy:26)
	at com.kms.katalon.core.webui.keyword.builtin.ClickKeyword.click(ClickKeyword.groovy:74)
	at com.kms.katalon.core.webui.keyword.builtin.ClickKeyword.execute(ClickKeyword.groovy:40)
	at com.kms.katalon.core.keyword.internal.KeywordExecutor.executeKeywordForPlatform(KeywordExecutor.groovy:74)
	at com.kms.katalon.core.webui.keyword.WebUiBuiltInKeywords.click(WebUiBuiltInKeywords.groovy:620)
	at com.kms.katalon.core.webui.keyword.WebUiBuiltInKeywords$click$4.call(Unknown Source)
	at 01- (Add Contact).run(01- (Add Contact):38)
	at com.kms.katalon.core.main.ScriptEngine.run(ScriptEngine.java:194)
	at com.kms.katalon.core.main.ScriptEngine.runScriptAsRawText(ScriptEngine.java:119)
	at com.kms.katalon.core.main.TestCaseExecutor.runScript(TestCaseExecutor.java:442)
	at com.kms.katalon.core.main.TestCaseExecutor.doExecute(TestCaseExecutor.java:433)
	at com.kms.katalon.core.main.TestCaseExecutor.processExecutionPhase(TestCaseExecutor.java:412)
	at com.kms.katalon.core.main.TestCaseExecutor.accessMainPhase(TestCaseExecutor.java:404)
	at com.kms.katalon.core.main.TestCaseExecutor.execute(TestCaseExecutor.java:281)
	at com.kms.katalon.core.main.TestSuiteExecutor.accessTestCaseMainPhase(TestSuiteExecutor.java:202)
	at com.kms.katalon.core.main.TestSuiteExecutor.accessTestSuiteMainPhase(TestSuiteExecutor.java:164)
	at com.kms.katalon.core.main.TestSuiteExecutor.execute(TestSuiteExecutor.java:105)
	at com.kms.katalon.core.main.TestCaseMain.startTestSuite(TestCaseMain.java:185)
	at com.kms.katalon.core.main.TestCaseMain$startTestSuite$0.call(Unknown Source)
	at TempTestSuite1645172705458.run(TempTestSuite1645172705458.groovy:36)
Caused by: com.kms.katalon.core.webui.exception.WebElementNotFoundException: Web element with id: 'Object Repository/02-Side Icons(Organization)/Add Contact/button_My Organizations' located by '//button[@type = 'button' and (text() = 'My Organizations' or . = 'My Organizations')]' not found
	at com.kms.katalon.core.webui.common.WebUiCommonHelper.findWebElement(WebUiCommonHelper.java:1370)
	at com.kms.katalon.core.webui.keyword.internal.WebUIAbstractKeyword.findWebElement(WebUIAbstractKeyword.groovy:27)
	at com.kms.katalon.core.webui.keyword.builtin.ClickKeyword$_click_closure1.doCall(ClickKeyword.groovy:65)
	at com.kms.katalon.core.webui.keyword.builtin.ClickKeyword$_click_closure1.call(ClickKeyword.groovy)
	at com.kms.katalon.core.webui.keyword.internal.WebUIKeywordMain.runKeyword(WebUIKeywordMain.groovy:20)
	at com.kms.katalon.core.webui.keyword.builtin.ClickKeyword.click(ClickKeyword.groovy:74)
	at com.kms.katalon.core.webui.keyword.builtin.ClickKeyword.execute(ClickKeyword.groovy:40)
	at com.kms.katalon.core.keyword.internal.KeywordExecutor.executeKeywordForPlatform(KeywordExecutor.groovy:74)
	at com.kms.katalon.core.webui.keyword.WebUiBuiltInKeywords.click(WebUiBuiltInKeywords.groovy:620)
	at com.kms.katalon.core.webui.keyword.WebUiBuiltInKeywords$click$4.call(Unknown Source)
	at Script1641880568930.run(Script1641880568930.groovy:38)
	... 13 more
)

2022-02-18 16:26:26 - [MESSAGE][INFO] - Unable to find the element located by 'By.xpath: //button[@type = 'button' and (text() = 'My Organizations' or . = 'My Organizations')]'. Please recheck the objects properties to make sure the desired element is located. 

2022-02-18 16:26:26 - [MESSAGE][FAILED] - Unable to click on object 'Object Repository/02-Side Icons(Organization)/Add Contact/button_My Organizations' (Root cause: com.kms.katalon.core.exception.StepFailedException: Unable to click on object 'Object Repository/02-Side Icons(Organization)/Add Contact/button_My Organizations'
	at com.kms.katalon.core.webui.keyword.internal.WebUIKeywordMain.stepFailed(WebUIKeywordMain.groovy:64)
	at com.kms.katalon.core.webui.keyword.internal.WebUIKeywordMain.runKeyword(WebUIKeywordMain.groovy:26)
	at com.kms.katalon.core.webui.keyword.builtin.ClickKeyword.click(ClickKeyword.groovy:74)
	at com.kms.katalon.core.webui.keyword.builtin.ClickKeyword.execute(ClickKeyword.groovy:40)
	at com.kms.katalon.core.keyword.internal.KeywordExecutor.executeKeywordForPlatform(KeywordExecutor.groovy:74)
	at com.kms.katalon.core.webui.keyword.WebUiBuiltInKeywords.click(WebUiBuiltInKeywords.groovy:620)
	at com.kms.katalon.core.webui.keyword.WebUiBuiltInKeywords$click$4.call(Unknown Source)
	at 01- (Add Contact).run(01- (Add Contact):38)
	at com.kms.katalon.core.main.ScriptEngine.run(ScriptEngine.java:194)
	at com.kms.katalon.core.main.ScriptEngine.runScriptAsRawText(ScriptEngine.java:119)
	at com.kms.katalon.core.main.TestCaseExecutor.runScript(TestCaseExecutor.java:442)
	at com.kms.katalon.core.main.TestCaseExecutor.doExecute(TestCaseExecutor.java:433)
	at com.kms.katalon.core.main.TestCaseExecutor.processExecutionPhase(TestCaseExecutor.java:412)
	at com.kms.katalon.core.main.TestCaseExecutor.accessMainPhase(TestCaseExecutor.java:404)
	at com.kms.katalon.core.main.TestCaseExecutor.execute(TestCaseExecutor.java:281)
	at com.kms.katalon.core.main.TestSuiteExecutor.accessTestCaseMainPhase(TestSuiteExecutor.java:202)
	at com.kms.katalon.core.main.TestSuiteExecutor.accessTestSuiteMainPhase(TestSuiteExecutor.java:164)
	at com.kms.katalon.core.main.TestSuiteExecutor.execute(TestSuiteExecutor.java:105)
	at com.kms.katalon.core.main.TestCaseMain.startTestSuite(TestCaseMain.java:185)
	at com.kms.katalon.core.main.TestCaseMain$startTestSuite$0.call(Unknown Source)
	at TempTestSuite1645172705458.run(TempTestSuite1645172705458.groovy:36)
Caused by: com.kms.katalon.core.webui.exception.WebElementNotFoundException: Web element with id: 'Object Repository/02-Side Icons(Organization)/Add Contact/button_My Organizations' located by '//button[@type = 'button' and (text() = 'My Organizations' or . = 'My Organizations')]' not found
	at com.kms.katalon.core.webui.common.WebUiCommonHelper.findWebElement(WebUiCommonHelper.java:1370)
	at com.kms.katalon.core.webui.keyword.internal.WebUIAbstractKeyword.findWebElement(WebUIAbstractKeyword.groovy:27)
	at com.kms.katalon.core.webui.keyword.builtin.ClickKeyword$_click_closure1.doCall(ClickKeyword.groovy:65)
	at com.kms.katalon.core.webui.keyword.builtin.ClickKeyword$_click_closure1.call(ClickKeyword.groovy)
	at com.kms.katalon.core.webui.keyword.internal.WebUIKeywordMain.runKeyword(WebUIKeywordMain.groovy:20)
	at com.kms.katalon.core.webui.keyword.builtin.ClickKeyword.click(ClickKeyword.groovy:74)
	at com.kms.katalon.core.webui.keyword.builtin.ClickKeyword.execute(ClickKeyword.groovy:40)
	at com.kms.katalon.core.keyword.internal.KeywordExecutor.executeKeywordForPlatform(KeywordExecutor.groovy:74)
	at com.kms.katalon.core.webui.keyword.WebUiBuiltInKeywords.click(WebUiBuiltInKeywords.groovy:620)
	at com.kms.katalon.core.webui.keyword.WebUiBuiltInKeywords$click$4.call(Unknown Source)
	at Script1641880568930.run(Script1641880568930.groovy:38)
	... 13 more
)
[[ATTACHMENT|C:\\Users\\User\\Katalon Studio\\EverleaguesMain\\Reports\\20220218_162505\\TS-Organization\\02-Side Icons\\20220218_162505\\1645172786052.png]]]]></system-out>
         <system-err><![CDATA[2022-02-18 16:25:07 - [TEST_CASE][FAILED] - Test Cases/02-Side Icons (Organization)/01- (Add Contact): Test Cases/02-Side Icons (Organization)/01- (Add Contact) FAILED.
Reason:
com.kms.katalon.core.exception.StepFailedException: Unable to click on object 'Object Repository/02-Side Icons(Organization)/Add Contact/button_My Organizations'
	at com.kms.katalon.core.webui.keyword.internal.WebUIKeywordMain.stepFailed(WebUIKeywordMain.groovy:64)
	at com.kms.katalon.core.webui.keyword.internal.WebUIKeywordMain.runKeyword(WebUIKeywordMain.groovy:26)
	at com.kms.katalon.core.webui.keyword.builtin.ClickKeyword.click(ClickKeyword.groovy:74)
	at com.kms.katalon.core.webui.keyword.builtin.ClickKeyword.execute(ClickKeyword.groovy:40)
	at com.kms.katalon.core.keyword.internal.KeywordExecutor.executeKeywordForPlatform(KeywordExecutor.groovy:74)
	at com.kms.katalon.core.webui.keyword.WebUiBuiltInKeywords.click(WebUiBuiltInKeywords.groovy:620)
	at com.kms.katalon.core.webui.keyword.WebUiBuiltInKeywords$click$4.call(Unknown Source)
	at 01- (Add Contact).run(01- (Add Contact):38)
	at com.kms.katalon.core.main.ScriptEngine.run(ScriptEngine.java:194)
	at com.kms.katalon.core.main.ScriptEngine.runScriptAsRawText(ScriptEngine.java:119)
	at com.kms.katalon.core.main.TestCaseExecutor.runScript(TestCaseExecutor.java:442)
	at com.kms.katalon.core.main.TestCaseExecutor.doExecute(TestCaseExecutor.java:433)
	at com.kms.katalon.core.main.TestCaseExecutor.processExecutionPhase(TestCaseExecutor.java:412)
	at com.kms.katalon.core.main.TestCaseExecutor.accessMainPhase(TestCaseExecutor.java:404)
	at com.kms.katalon.core.main.TestCaseExecutor.execute(TestCaseExecutor.java:281)
	at com.kms.katalon.core.main.TestSuiteExecutor.accessTestCaseMainPhase(TestSuiteExecutor.java:202)
	at com.kms.katalon.core.main.TestSuiteExecutor.accessTestSuiteMainPhase(TestSuiteExecutor.java:164)
	at com.kms.katalon.core.main.TestSuiteExecutor.execute(TestSuiteExecutor.java:105)
	at com.kms.katalon.core.main.TestCaseMain.startTestSuite(TestCaseMain.java:185)
	at com.kms.katalon.core.main.TestCaseMain$startTestSuite$0.call(Unknown Source)
	at TempTestSuite1645172705458.run(TempTestSuite1645172705458.groovy:36)
Caused by: com.kms.katalon.core.webui.exception.WebElementNotFoundException: Web element with id: 'Object Repository/02-Side Icons(Organization)/Add Contact/button_My Organizations' located by '//button[@type = 'button' and (text() = 'My Organizations' or . = 'My Organizations')]' not found
	at com.kms.katalon.core.webui.common.WebUiCommonHelper.findWebElement(WebUiCommonHelper.java:1370)
	at com.kms.katalon.core.webui.keyword.internal.WebUIAbstractKeyword.findWebElement(WebUIAbstractKeyword.groovy:27)
	at com.kms.katalon.core.webui.keyword.builtin.ClickKeyword$_click_closure1.doCall(ClickKeyword.groovy:65)
	at com.kms.katalon.core.webui.keyword.builtin.ClickKeyword$_click_closure1.call(ClickKeyword.groovy)
	at com.kms.katalon.core.webui.keyword.internal.WebUIKeywordMain.runKeyword(WebUIKeywordMain.groovy:20)
	... 19 more]]></system-err>
      </testcase>
      <testcase name="Test Cases/02-Side Icons (Organization)/02-(2FA)" time="10.127" classname="Test Cases/02-Side Icons (Organization)/02-(2FA)" status="PASSED">
         <system-out><![CDATA[2022-02-18 16:26:26 - [TEST_CASE][PASSED] - Test Cases/02-Side Icons (Organization)/02-(2FA): Test Cases/02-Side Icons (Organization)/02-(2FA)

2022-02-18 16:26:26 - [TEST_STEP][PASSED] - delay(3): Delayed 3 second(s)

2022-02-18 16:26:29 - [MESSAGE][PASSED] - Delayed 3 second(s)

2022-02-18 16:26:29 - [TEST_STEP][PASSED] - click(findTestObject("02-Side Icons(Organization)/2FA/button_2FA")): Object: 'Object Repository/02-Side Icons(Organization)/2FA/button_2FA' is clicked on

2022-02-18 16:26:29 - [MESSAGE][PASSED] - Object: 'Object Repository/02-Side Icons(Organization)/2FA/button_2FA' is clicked on

2022-02-18 16:26:29 - [TEST_STEP][PASSED] - delay(3): Delayed 3 second(s)

2022-02-18 16:26:32 - [MESSAGE][PASSED] - Delayed 3 second(s)

2022-02-18 16:26:32 - [TEST_STEP][PASSED] - verifyElementVisible(findTestObject("02-Side Icons(Organization)/2FA/span_Two Factor Authentication")): Object 'Object Repository/02-Side Icons(Organization)/2FA/span_Two Factor Authentication' is visible

2022-02-18 16:26:33 - [MESSAGE][PASSED] - Object 'Object Repository/02-Side Icons(Organization)/2FA/span_Two Factor Authentication' is visible

2022-02-18 16:26:33 - [TEST_STEP][PASSED] - delay(3): Delayed 3 second(s)

2022-02-18 16:26:36 - [MESSAGE][PASSED] - Delayed 3 second(s)]]></system-out>
         <system-err><![CDATA[]]></system-err>
      </testcase>
      <testcase name="Test Cases/02-Side Icons (Organization)/03-(Client Assignment)" time="10.039" classname="Test Cases/02-Side Icons (Organization)/03-(Client Assignment)" status="PASSED">
         <system-out><![CDATA[2022-02-18 16:26:36 - [TEST_CASE][PASSED] - Test Cases/02-Side Icons (Organization)/03-(Client Assignment): Test Cases/02-Side Icons (Organization)/03-(Client Assignment)

2022-02-18 16:26:36 - [TEST_STEP][PASSED] - delay(2): Delayed 2 second(s)

2022-02-18 16:26:38 - [MESSAGE][PASSED] - Delayed 2 second(s)

2022-02-18 16:26:38 - [TEST_STEP][PASSED] - click(findTestObject("02-Side Icons(Organization)/Client Assignment/button_Client assignment")): Object: 'Object Repository/02-Side Icons(Organization)/Client Assignment/button_Client assignment' is clicked on

2022-02-18 16:26:39 - [MESSAGE][PASSED] - Object: 'Object Repository/02-Side Icons(Organization)/Client Assignment/button_Client assignment' is clicked on

2022-02-18 16:26:39 - [TEST_STEP][PASSED] - delay(3): Delayed 3 second(s)

2022-02-18 16:26:42 - [MESSAGE][PASSED] - Delayed 3 second(s)

2022-02-18 16:26:42 - [TEST_STEP][PASSED] - verifyElementVisible(findTestObject("02-Side Icons(Organization)/Client Assignment/h4_CLIENT ASSIGNMENT")): Object 'Object Repository/02-Side Icons(Organization)/Client Assignment/h4_CLIENT ASSIGNMENT' is visible

2022-02-18 16:26:42 - [MESSAGE][PASSED] - Object 'Object Repository/02-Side Icons(Organization)/Client Assignment/h4_CLIENT ASSIGNMENT' is visible

2022-02-18 16:26:42 - [TEST_STEP][PASSED] - verifyElementVisible(findTestObject("02-Side Icons(Organization)/Client Assignment/div_By Employee")): Object 'Object Repository/02-Side Icons(Organization)/Client Assignment/div_By Employee' is visible

2022-02-18 16:26:43 - [MESSAGE][PASSED] - Object 'Object Repository/02-Side Icons(Organization)/Client Assignment/div_By Employee' is visible

2022-02-18 16:26:43 - [TEST_STEP][PASSED] - verifyElementVisible(findTestObject("02-Side Icons(Organization)/Client Assignment/div_By Client")): Object 'Object Repository/02-Side Icons(Organization)/Client Assignment/div_By Client' is visible

2022-02-18 16:26:43 - [MESSAGE][PASSED] - Object 'Object Repository/02-Side Icons(Organization)/Client Assignment/div_By Client' is visible

2022-02-18 16:26:43 - [TEST_STEP][PASSED] - delay(3): Delayed 3 second(s)

2022-02-18 16:26:46 - [MESSAGE][PASSED] - Delayed 3 second(s)]]></system-out>
         <system-err><![CDATA[]]></system-err>
      </testcase>
      <testcase name="Test Cases/02-Side Icons (Organization)/04-(Hide Quick Shortcuts)" time="42.161" classname="Test Cases/02-Side Icons (Organization)/04-(Hide Quick Shortcuts)" status="FAILED">
         <failure type="FAILED" message="Test Cases/02-Side Icons (Organization)/04-(Hide Quick Shortcuts) FAILED.
Reason:
com.kms.katalon.core.exception.StepFailedException: Unable to verify object 'Object Repository/02-Side Icons(Organization)/Add Contact/button_add new user' is visible
	at com.kms.katalon.core.webui.keyword.internal.WebUIKeywordMain.stepFailed(WebUIKeywordMain.groovy:64)
	at com.kms.katalon.core.webui.keyword.internal.WebUIKeywordMain.runKeyword(WebUIKeywordMain.groovy:26)
	at com.kms.katalon.core.webui.keyword.builtin.VerifyElementVisibleKeyword.verifyElementVisible(VerifyElementVisibleKeyword.groovy:97)
	at com.kms.katalon.core.webui.keyword.builtin.VerifyElementVisibleKeyword.execute(VerifyElementVisibleKeyword.groovy:67)
	at com.kms.katalon.core.keyword.internal.KeywordExecutor.executeKeywordForPlatform(KeywordExecutor.groovy:74)
	at com.kms.katalon.core.webui.keyword.WebUiBuiltInKeywords.verifyElementVisible(WebUiBuiltInKeywords.groovy:376)
	at com.kms.katalon.core.webui.keyword.WebUiBuiltInKeywords$verifyElementVisible$5.call(Unknown Source)
	at 04-(Hide Quick Shortcuts).run(04-(Hide Quick Shortcuts):37)
	at com.kms.katalon.core.main.ScriptEngine.run(ScriptEngine.java:194)
	at com.kms.katalon.core.main.ScriptEngine.runScriptAsRawText(ScriptEngine.java:119)
	at com.kms.katalon.core.main.TestCaseExecutor.runScript(TestCaseExecutor.java:442)
	at com.kms.katalon.core.main.TestCaseExecutor.doExecute(TestCaseExecutor.java:433)
	at com.kms.katalon.core.main.TestCaseExecutor.processExecutionPhase(TestCaseExecutor.java:412)
	at com.kms.katalon.core.main.TestCaseExecutor.accessMainPhase(TestCaseExecutor.java:404)
	at com.kms.katalon.core.main.TestCaseExecutor.execute(TestCaseExecutor.java:281)
	at com.kms.katalon.core.main.TestSuiteExecutor.accessTestCaseMainPhase(TestSuiteExecutor.java:202)
	at com.kms.katalon.core.main.TestSuiteExecutor.accessTestSuiteMainPhase(TestSuiteExecutor.java:164)
	at com.kms.katalon.core.main.TestSuiteExecutor.execute(TestSuiteExecutor.java:105)
	at com.kms.katalon.core.main.TestCaseMain.startTestSuite(TestCaseMain.java:185)
	at com.kms.katalon.core.main.TestCaseMain$startTestSuite$0.call(Unknown Source)
	at TempTestSuite1645172705458.run(TempTestSuite1645172705458.groovy:36)
Caused by: com.kms.katalon.core.exception.StepFailedException: Web element with id: 'Object Repository/02-Side Icons(Organization)/Add Contact/button_add new user' located by '//div[contains(@class,'quickshortcut-icons ng-tns-c479-0')]//button[1]' not found
	at com.kms.katalon.core.webui.keyword.internal.WebUIKeywordMain.stepFailed(WebUIKeywordMain.groovy:64)
	at com.kms.katalon.core.webui.keyword.builtin.VerifyElementVisibleKeyword$_verifyElementVisible_closure1.doCall(VerifyElementVisibleKeyword.groovy:89)
	at com.kms.katalon.core.webui.keyword.builtin.VerifyElementVisibleKeyword$_verifyElementVisible_closure1.call(VerifyElementVisibleKeyword.groovy)
	at com.kms.katalon.core.webui.keyword.internal.WebUIKeywordMain.runKeyword(WebUIKeywordMain.groovy:20)
	... 19 more
"/>
         <system-out><![CDATA[2022-02-18 16:26:46 - [TEST_CASE][FAILED] - Test Cases/02-Side Icons (Organization)/04-(Hide Quick Shortcuts): Test Cases/02-Side Icons (Organization)/04-(Hide Quick Shortcuts) FAILED.
Reason:
com.kms.katalon.core.exception.StepFailedException: Unable to verify object 'Object Repository/02-Side Icons(Organization)/Add Contact/button_add new user' is visible
	at com.kms.katalon.core.webui.keyword.internal.WebUIKeywordMain.stepFailed(WebUIKeywordMain.groovy:64)
	at com.kms.katalon.core.webui.keyword.internal.WebUIKeywordMain.runKeyword(WebUIKeywordMain.groovy:26)
	at com.kms.katalon.core.webui.keyword.builtin.VerifyElementVisibleKeyword.verifyElementVisible(VerifyElementVisibleKeyword.groovy:97)
	at com.kms.katalon.core.webui.keyword.builtin.VerifyElementVisibleKeyword.execute(VerifyElementVisibleKeyword.groovy:67)
	at com.kms.katalon.core.keyword.internal.KeywordExecutor.executeKeywordForPlatform(KeywordExecutor.groovy:74)
	at com.kms.katalon.core.webui.keyword.WebUiBuiltInKeywords.verifyElementVisible(WebUiBuiltInKeywords.groovy:376)
	at com.kms.katalon.core.webui.keyword.WebUiBuiltInKeywords$verifyElementVisible$5.call(Unknown Source)
	at 04-(Hide Quick Shortcuts).run(04-(Hide Quick Shortcuts):37)
	at com.kms.katalon.core.main.ScriptEngine.run(ScriptEngine.java:194)
	at com.kms.katalon.core.main.ScriptEngine.runScriptAsRawText(ScriptEngine.java:119)
	at com.kms.katalon.core.main.TestCaseExecutor.runScript(TestCaseExecutor.java:442)
	at com.kms.katalon.core.main.TestCaseExecutor.doExecute(TestCaseExecutor.java:433)
	at com.kms.katalon.core.main.TestCaseExecutor.processExecutionPhase(TestCaseExecutor.java:412)
	at com.kms.katalon.core.main.TestCaseExecutor.accessMainPhase(TestCaseExecutor.java:404)
	at com.kms.katalon.core.main.TestCaseExecutor.execute(TestCaseExecutor.java:281)
	at com.kms.katalon.core.main.TestSuiteExecutor.accessTestCaseMainPhase(TestSuiteExecutor.java:202)
	at com.kms.katalon.core.main.TestSuiteExecutor.accessTestSuiteMainPhase(TestSuiteExecutor.java:164)
	at com.kms.katalon.core.main.TestSuiteExecutor.execute(TestSuiteExecutor.java:105)
	at com.kms.katalon.core.main.TestCaseMain.startTestSuite(TestCaseMain.java:185)
	at com.kms.katalon.core.main.TestCaseMain$startTestSuite$0.call(Unknown Source)
	at TempTestSuite1645172705458.run(TempTestSuite1645172705458.groovy:36)
Caused by: com.kms.katalon.core.exception.StepFailedException: Web element with id: 'Object Repository/02-Side Icons(Organization)/Add Contact/button_add new user' located by '//div[contains(@class,'quickshortcut-icons ng-tns-c479-0')]//button[1]' not found
	at com.kms.katalon.core.webui.keyword.internal.WebUIKeywordMain.stepFailed(WebUIKeywordMain.groovy:64)
	at com.kms.katalon.core.webui.keyword.builtin.VerifyElementVisibleKeyword$_verifyElementVisible_closure1.doCall(VerifyElementVisibleKeyword.groovy:89)
	at com.kms.katalon.core.webui.keyword.builtin.VerifyElementVisibleKeyword$_verifyElementVisible_closure1.call(VerifyElementVisibleKeyword.groovy)
	at com.kms.katalon.core.webui.keyword.internal.WebUIKeywordMain.runKeyword(WebUIKeywordMain.groovy:20)
	... 19 more


2022-02-18 16:26:46 - [TEST_STEP][PASSED] - delay(2): Delayed 2 second(s)

2022-02-18 16:26:48 - [MESSAGE][PASSED] - Delayed 2 second(s)

2022-02-18 16:26:48 - [TEST_STEP][PASSED] - click(findTestObject("02-Side Icons(Organization)/Hide Quick Shortcuts/button_hide quick shortcuts")): Object: 'Object Repository/02-Side Icons(Organization)/Hide Quick Shortcuts/button_hide quick shortcuts' is clicked on

2022-02-18 16:26:49 - [MESSAGE][PASSED] - Object: 'Object Repository/02-Side Icons(Organization)/Hide Quick Shortcuts/button_hide quick shortcuts' is clicked on

2022-02-18 16:26:49 - [TEST_STEP][PASSED] - delay(3): Delayed 3 second(s)

2022-02-18 16:26:52 - [MESSAGE][PASSED] - Delayed 3 second(s)

2022-02-18 16:26:52 - [TEST_STEP][PASSED] - verifyElementNotPresent(findTestObject("02-Side Icons(Organization)/2FA/button_2FA"), 0): Web element with id: 'Object Repository/02-Side Icons(Organization)/2FA/button_2FA' located by 'By.xpath: //*[@type = 'button' and (text() = 'security' or . = 'security')]' is not present after '30' second(s)

2022-02-18 16:26:52 - [MESSAGE][WARNING] - Timeout '0' is invalid. Using default page load timeout: '30'

2022-02-18 16:26:52 - [MESSAGE][PASSED] - Web element with id: 'Object Repository/02-Side Icons(Organization)/2FA/button_2FA' located by 'By.xpath: //*[@type = 'button' and (text() = 'security' or . = 'security')]' is not present after '30' second(s)

2022-02-18 16:26:52 - [TEST_STEP][PASSED] - verifyElementNotPresent(findTestObject("02-Side Icons(Organization)/Add Contact/button_add new user"), 0): Web element with id: 'Object Repository/02-Side Icons(Organization)/Add Contact/button_add new user' located by 'By.xpath: //div[contains(@class,'quickshortcut-icons ng-tns-c479-0')]//button[1]' is not present after '30' second(s)

2022-02-18 16:26:52 - [MESSAGE][WARNING] - Timeout '0' is invalid. Using default page load timeout: '30'

2022-02-18 16:26:52 - [MESSAGE][PASSED] - Web element with id: 'Object Repository/02-Side Icons(Organization)/Add Contact/button_add new user' located by 'By.xpath: //div[contains(@class,'quickshortcut-icons ng-tns-c479-0')]//button[1]' is not present after '30' second(s)

2022-02-18 16:26:52 - [TEST_STEP][PASSED] - verifyElementNotPresent(findTestObject("02-Side Icons(Organization)/Client Assignment/button_Client assignment"), 0): Web element with id: 'Object Repository/02-Side Icons(Organization)/Client Assignment/button_Client assignment' located by 'By.xpath: //*[@type = 'button' and (text() = 'assignment_ind' or . = 'assignment_ind')]' is not present after '30' second(s)

2022-02-18 16:26:52 - [MESSAGE][WARNING] - Timeout '0' is invalid. Using default page load timeout: '30'

2022-02-18 16:26:53 - [MESSAGE][PASSED] - Web element with id: 'Object Repository/02-Side Icons(Organization)/Client Assignment/button_Client assignment' located by 'By.xpath: //*[@type = 'button' and (text() = 'assignment_ind' or . = 'assignment_ind')]' is not present after '30' second(s)

2022-02-18 16:26:53 - [TEST_STEP][PASSED] - delay(3): Delayed 3 second(s)

2022-02-18 16:26:56 - [MESSAGE][PASSED] - Delayed 3 second(s)

2022-02-18 16:26:56 - [TEST_STEP][PASSED] - click(findTestObject("02-Side Icons(Organization)/Hide Quick Shortcuts/button_Show quick shortcuts")): Object: 'Object Repository/02-Side Icons(Organization)/Hide Quick Shortcuts/button_Show quick shortcuts' is clicked on

2022-02-18 16:26:56 - [MESSAGE][PASSED] - Object: 'Object Repository/02-Side Icons(Organization)/Hide Quick Shortcuts/button_Show quick shortcuts' is clicked on

2022-02-18 16:26:56 - [TEST_STEP][PASSED] - verifyElementVisible(findTestObject("02-Side Icons(Organization)/2FA/button_2FA")): Object 'Object Repository/02-Side Icons(Organization)/2FA/button_2FA' is visible

2022-02-18 16:26:57 - [MESSAGE][PASSED] - Object 'Object Repository/02-Side Icons(Organization)/2FA/button_2FA' is visible

2022-02-18 16:26:57 - [TEST_STEP][FAILED] - verifyElementVisible(findTestObject("02-Side Icons(Organization)/Add Contact/button_add new user")): Unable to verify object 'Object Repository/02-Side Icons(Organization)/Add Contact/button_add new user' is visible (Root cause: com.kms.katalon.core.exception.StepFailedException: Unable to verify object 'Object Repository/02-Side Icons(Organization)/Add Contact/button_add new user' is visible
	at com.kms.katalon.core.webui.keyword.internal.WebUIKeywordMain.stepFailed(WebUIKeywordMain.groovy:64)
	at com.kms.katalon.core.webui.keyword.internal.WebUIKeywordMain.runKeyword(WebUIKeywordMain.groovy:26)
	at com.kms.katalon.core.webui.keyword.builtin.VerifyElementVisibleKeyword.verifyElementVisible(VerifyElementVisibleKeyword.groovy:97)
	at com.kms.katalon.core.webui.keyword.builtin.VerifyElementVisibleKeyword.execute(VerifyElementVisibleKeyword.groovy:67)
	at com.kms.katalon.core.keyword.internal.KeywordExecutor.executeKeywordForPlatform(KeywordExecutor.groovy:74)
	at com.kms.katalon.core.webui.keyword.WebUiBuiltInKeywords.verifyElementVisible(WebUiBuiltInKeywords.groovy:376)
	at com.kms.katalon.core.webui.keyword.WebUiBuiltInKeywords$verifyElementVisible$5.call(Unknown Source)
	at 04-(Hide Quick Shortcuts).run(04-(Hide Quick Shortcuts):37)
	at com.kms.katalon.core.main.ScriptEngine.run(ScriptEngine.java:194)
	at com.kms.katalon.core.main.ScriptEngine.runScriptAsRawText(ScriptEngine.java:119)
	at com.kms.katalon.core.main.TestCaseExecutor.runScript(TestCaseExecutor.java:442)
	at com.kms.katalon.core.main.TestCaseExecutor.doExecute(TestCaseExecutor.java:433)
	at com.kms.katalon.core.main.TestCaseExecutor.processExecutionPhase(TestCaseExecutor.java:412)
	at com.kms.katalon.core.main.TestCaseExecutor.accessMainPhase(TestCaseExecutor.java:404)
	at com.kms.katalon.core.main.TestCaseExecutor.execute(TestCaseExecutor.java:281)
	at com.kms.katalon.core.main.TestSuiteExecutor.accessTestCaseMainPhase(TestSuiteExecutor.java:202)
	at com.kms.katalon.core.main.TestSuiteExecutor.accessTestSuiteMainPhase(TestSuiteExecutor.java:164)
	at com.kms.katalon.core.main.TestSuiteExecutor.execute(TestSuiteExecutor.java:105)
	at com.kms.katalon.core.main.TestCaseMain.startTestSuite(TestCaseMain.java:185)
	at com.kms.katalon.core.main.TestCaseMain$startTestSuite$0.call(Unknown Source)
	at TempTestSuite1645172705458.run(TempTestSuite1645172705458.groovy:36)
Caused by: com.kms.katalon.core.exception.StepFailedException: Web element with id: 'Object Repository/02-Side Icons(Organization)/Add Contact/button_add new user' located by '//div[contains(@class,'quickshortcut-icons ng-tns-c479-0')]//button[1]' not found
	at com.kms.katalon.core.webui.keyword.internal.WebUIKeywordMain.stepFailed(WebUIKeywordMain.groovy:64)
	at com.kms.katalon.core.webui.keyword.builtin.VerifyElementVisibleKeyword$_verifyElementVisible_closure1.doCall(VerifyElementVisibleKeyword.groovy:89)
	at com.kms.katalon.core.webui.keyword.builtin.VerifyElementVisibleKeyword$_verifyElementVisible_closure1.call(VerifyElementVisibleKeyword.groovy)
	at com.kms.katalon.core.webui.keyword.internal.WebUIKeywordMain.runKeyword(WebUIKeywordMain.groovy:20)
	... 19 more
)

2022-02-18 16:27:28 - [MESSAGE][INFO] - Unable to find the element located by 'By.xpath: //div[contains(@class,'quickshortcut-icons ng-tns-c479-0')]//button[1]'. Please recheck the objects properties to make sure the desired element is located. 

2022-02-18 16:27:28 - [MESSAGE][FAILED] - Web element with id: 'Object Repository/02-Side Icons(Organization)/Add Contact/button_add new user' located by '//div[contains(@class,'quickshortcut-icons ng-tns-c479-0')]//button[1]' not found (Root cause: com.kms.katalon.core.exception.StepFailedException: Web element with id: 'Object Repository/02-Side Icons(Organization)/Add Contact/button_add new user' located by '//div[contains(@class,'quickshortcut-icons ng-tns-c479-0')]//button[1]' not found
	at com.kms.katalon.core.webui.keyword.internal.WebUIKeywordMain.stepFailed(WebUIKeywordMain.groovy:64)
	at com.kms.katalon.core.webui.keyword.builtin.VerifyElementVisibleKeyword$_verifyElementVisible_closure1.doCall(VerifyElementVisibleKeyword.groovy:89)
	at com.kms.katalon.core.webui.keyword.builtin.VerifyElementVisibleKeyword$_verifyElementVisible_closure1.call(VerifyElementVisibleKeyword.groovy)
	at com.kms.katalon.core.webui.keyword.internal.WebUIKeywordMain.runKeyword(WebUIKeywordMain.groovy:20)
	at com.kms.katalon.core.webui.keyword.builtin.VerifyElementVisibleKeyword.verifyElementVisible(VerifyElementVisibleKeyword.groovy:97)
	at com.kms.katalon.core.webui.keyword.builtin.VerifyElementVisibleKeyword.execute(VerifyElementVisibleKeyword.groovy:67)
	at com.kms.katalon.core.keyword.internal.KeywordExecutor.executeKeywordForPlatform(KeywordExecutor.groovy:74)
	at com.kms.katalon.core.webui.keyword.WebUiBuiltInKeywords.verifyElementVisible(WebUiBuiltInKeywords.groovy:376)
	at com.kms.katalon.core.webui.keyword.WebUiBuiltInKeywords$verifyElementVisible$5.call(Unknown Source)
	at 04-(Hide Quick Shortcuts).run(04-(Hide Quick Shortcuts):37)
	at com.kms.katalon.core.main.ScriptEngine.run(ScriptEngine.java:194)
	at com.kms.katalon.core.main.ScriptEngine.runScriptAsRawText(ScriptEngine.java:119)
	at com.kms.katalon.core.main.TestCaseExecutor.runScript(TestCaseExecutor.java:442)
	at com.kms.katalon.core.main.TestCaseExecutor.doExecute(TestCaseExecutor.java:433)
	at com.kms.katalon.core.main.TestCaseExecutor.processExecutionPhase(TestCaseExecutor.java:412)
	at com.kms.katalon.core.main.TestCaseExecutor.accessMainPhase(TestCaseExecutor.java:404)
	at com.kms.katalon.core.main.TestCaseExecutor.execute(TestCaseExecutor.java:281)
	at com.kms.katalon.core.main.TestSuiteExecutor.accessTestCaseMainPhase(TestSuiteExecutor.java:202)
	at com.kms.katalon.core.main.TestSuiteExecutor.accessTestSuiteMainPhase(TestSuiteExecutor.java:164)
	at com.kms.katalon.core.main.TestSuiteExecutor.execute(TestSuiteExecutor.java:105)
	at com.kms.katalon.core.main.TestCaseMain.startTestSuite(TestCaseMain.java:185)
	at com.kms.katalon.core.main.TestCaseMain$startTestSuite$0.call(Unknown Source)
	at TempTestSuite1645172705458.run(TempTestSuite1645172705458.groovy:36)
)
[[ATTACHMENT|C:\\Users\\User\\Katalon Studio\\EverleaguesMain\\Reports\\20220218_162505\\TS-Organization\\02-Side Icons\\20220218_162505\\1645172848265.png]]

2022-02-18 16:27:28 - [MESSAGE][FAILED] - Unable to verify object 'Object Repository/02-Side Icons(Organization)/Add Contact/button_add new user' is visible (Root cause: com.kms.katalon.core.exception.StepFailedException: Unable to verify object 'Object Repository/02-Side Icons(Organization)/Add Contact/button_add new user' is visible
	at com.kms.katalon.core.webui.keyword.internal.WebUIKeywordMain.stepFailed(WebUIKeywordMain.groovy:64)
	at com.kms.katalon.core.webui.keyword.internal.WebUIKeywordMain.runKeyword(WebUIKeywordMain.groovy:26)
	at com.kms.katalon.core.webui.keyword.builtin.VerifyElementVisibleKeyword.verifyElementVisible(VerifyElementVisibleKeyword.groovy:97)
	at com.kms.katalon.core.webui.keyword.builtin.VerifyElementVisibleKeyword.execute(VerifyElementVisibleKeyword.groovy:67)
	at com.kms.katalon.core.keyword.internal.KeywordExecutor.executeKeywordForPlatform(KeywordExecutor.groovy:74)
	at com.kms.katalon.core.webui.keyword.WebUiBuiltInKeywords.verifyElementVisible(WebUiBuiltInKeywords.groovy:376)
	at com.kms.katalon.core.webui.keyword.WebUiBuiltInKeywords$verifyElementVisible$5.call(Unknown Source)
	at 04-(Hide Quick Shortcuts).run(04-(Hide Quick Shortcuts):37)
	at com.kms.katalon.core.main.ScriptEngine.run(ScriptEngine.java:194)
	at com.kms.katalon.core.main.ScriptEngine.runScriptAsRawText(ScriptEngine.java:119)
	at com.kms.katalon.core.main.TestCaseExecutor.runScript(TestCaseExecutor.java:442)
	at com.kms.katalon.core.main.TestCaseExecutor.doExecute(TestCaseExecutor.java:433)
	at com.kms.katalon.core.main.TestCaseExecutor.processExecutionPhase(TestCaseExecutor.java:412)
	at com.kms.katalon.core.main.TestCaseExecutor.accessMainPhase(TestCaseExecutor.java:404)
	at com.kms.katalon.core.main.TestCaseExecutor.execute(TestCaseExecutor.java:281)
	at com.kms.katalon.core.main.TestSuiteExecutor.accessTestCaseMainPhase(TestSuiteExecutor.java:202)
	at com.kms.katalon.core.main.TestSuiteExecutor.accessTestSuiteMainPhase(TestSuiteExecutor.java:164)
	at com.kms.katalon.core.main.TestSuiteExecutor.execute(TestSuiteExecutor.java:105)
	at com.kms.katalon.core.main.TestCaseMain.startTestSuite(TestCaseMain.java:185)
	at com.kms.katalon.core.main.TestCaseMain$startTestSuite$0.call(Unknown Source)
	at TempTestSuite1645172705458.run(TempTestSuite1645172705458.groovy:36)
Caused by: com.kms.katalon.core.exception.StepFailedException: Web element with id: 'Object Repository/02-Side Icons(Organization)/Add Contact/button_add new user' located by '//div[contains(@class,'quickshortcut-icons ng-tns-c479-0')]//button[1]' not found
	at com.kms.katalon.core.webui.keyword.internal.WebUIKeywordMain.stepFailed(WebUIKeywordMain.groovy:64)
	at com.kms.katalon.core.webui.keyword.builtin.VerifyElementVisibleKeyword$_verifyElementVisible_closure1.doCall(VerifyElementVisibleKeyword.groovy:89)
	at com.kms.katalon.core.webui.keyword.builtin.VerifyElementVisibleKeyword$_verifyElementVisible_closure1.call(VerifyElementVisibleKeyword.groovy)
	at com.kms.katalon.core.webui.keyword.internal.WebUIKeywordMain.runKeyword(WebUIKeywordMain.groovy:20)
	... 19 more
)
[[ATTACHMENT|C:\\Users\\User\\Katalon Studio\\EverleaguesMain\\Reports\\20220218_162505\\TS-Organization\\02-Side Icons\\20220218_162505\\1645172848408.png]]]]></system-out>
         <system-err><![CDATA[2022-02-18 16:26:46 - [TEST_CASE][FAILED] - Test Cases/02-Side Icons (Organization)/04-(Hide Quick Shortcuts): Test Cases/02-Side Icons (Organization)/04-(Hide Quick Shortcuts) FAILED.
Reason:
com.kms.katalon.core.exception.StepFailedException: Unable to verify object 'Object Repository/02-Side Icons(Organization)/Add Contact/button_add new user' is visible
	at com.kms.katalon.core.webui.keyword.internal.WebUIKeywordMain.stepFailed(WebUIKeywordMain.groovy:64)
	at com.kms.katalon.core.webui.keyword.internal.WebUIKeywordMain.runKeyword(WebUIKeywordMain.groovy:26)
	at com.kms.katalon.core.webui.keyword.builtin.VerifyElementVisibleKeyword.verifyElementVisible(VerifyElementVisibleKeyword.groovy:97)
	at com.kms.katalon.core.webui.keyword.builtin.VerifyElementVisibleKeyword.execute(VerifyElementVisibleKeyword.groovy:67)
	at com.kms.katalon.core.keyword.internal.KeywordExecutor.executeKeywordForPlatform(KeywordExecutor.groovy:74)
	at com.kms.katalon.core.webui.keyword.WebUiBuiltInKeywords.verifyElementVisible(WebUiBuiltInKeywords.groovy:376)
	at com.kms.katalon.core.webui.keyword.WebUiBuiltInKeywords$verifyElementVisible$5.call(Unknown Source)
	at 04-(Hide Quick Shortcuts).run(04-(Hide Quick Shortcuts):37)
	at com.kms.katalon.core.main.ScriptEngine.run(ScriptEngine.java:194)
	at com.kms.katalon.core.main.ScriptEngine.runScriptAsRawText(ScriptEngine.java:119)
	at com.kms.katalon.core.main.TestCaseExecutor.runScript(TestCaseExecutor.java:442)
	at com.kms.katalon.core.main.TestCaseExecutor.doExecute(TestCaseExecutor.java:433)
	at com.kms.katalon.core.main.TestCaseExecutor.processExecutionPhase(TestCaseExecutor.java:412)
	at com.kms.katalon.core.main.TestCaseExecutor.accessMainPhase(TestCaseExecutor.java:404)
	at com.kms.katalon.core.main.TestCaseExecutor.execute(TestCaseExecutor.java:281)
	at com.kms.katalon.core.main.TestSuiteExecutor.accessTestCaseMainPhase(TestSuiteExecutor.java:202)
	at com.kms.katalon.core.main.TestSuiteExecutor.accessTestSuiteMainPhase(TestSuiteExecutor.java:164)
	at com.kms.katalon.core.main.TestSuiteExecutor.execute(TestSuiteExecutor.java:105)
	at com.kms.katalon.core.main.TestCaseMain.startTestSuite(TestCaseMain.java:185)
	at com.kms.katalon.core.main.TestCaseMain$startTestSuite$0.call(Unknown Source)
	at TempTestSuite1645172705458.run(TempTestSuite1645172705458.groovy:36)
Caused by: com.kms.katalon.core.exception.StepFailedException: Web element with id: 'Object Repository/02-Side Icons(Organization)/Add Contact/button_add new user' located by '//div[contains(@class,'quickshortcut-icons ng-tns-c479-0')]//button[1]' not found
	at com.kms.katalon.core.webui.keyword.internal.WebUIKeywordMain.stepFailed(WebUIKeywordMain.groovy:64)
	at com.kms.katalon.core.webui.keyword.builtin.VerifyElementVisibleKeyword$_verifyElementVisible_closure1.doCall(VerifyElementVisibleKeyword.groovy:89)
	at com.kms.katalon.core.webui.keyword.builtin.VerifyElementVisibleKeyword$_verifyElementVisible_closure1.call(VerifyElementVisibleKeyword.groovy)
	at com.kms.katalon.core.webui.keyword.internal.WebUIKeywordMain.runKeyword(WebUIKeywordMain.groovy:20)
	... 19 more]]></system-err>
      </testcase>
      <system-out><![CDATA[2022-02-18 16:25:07 - [TEST_SUITE][FAILED] - 02-Side Icons: Test Cases/02-Side Icons (Organization)/01- (Add Contact) FAILED.
Reason:
com.kms.katalon.core.exception.StepFailedException: Unable to click on object 'Object Repository/02-Side Icons(Organization)/Add Contact/button_My Organizations'
	at com.kms.katalon.core.webui.keyword.internal.WebUIKeywordMain.stepFailed(WebUIKeywordMain.groovy:64)
	at com.kms.katalon.core.webui.keyword.internal.WebUIKeywordMain.runKeyword(WebUIKeywordMain.groovy:26)
	at com.kms.katalon.core.webui.keyword.builtin.ClickKeyword.click(ClickKeyword.groovy:74)
	at com.kms.katalon.core.webui.keyword.builtin.ClickKeyword.execute(ClickKeyword.groovy:40)
	at com.kms.katalon.core.keyword.internal.KeywordExecutor.executeKeywordForPlatform(KeywordExecutor.groovy:74)
	at com.kms.katalon.core.webui.keyword.WebUiBuiltInKeywords.click(WebUiBuiltInKeywords.groovy:620)
	at com.kms.katalon.core.webui.keyword.WebUiBuiltInKeywords$click$4.call(Unknown Source)
	at 01- (Add Contact).run(01- (Add Contact):38)
	at com.kms.katalon.core.main.ScriptEngine.run(ScriptEngine.java:194)
	at com.kms.katalon.core.main.ScriptEngine.runScriptAsRawText(ScriptEngine.java:119)
	at com.kms.katalon.core.main.TestCaseExecutor.runScript(TestCaseExecutor.java:442)
	at com.kms.katalon.core.main.TestCaseExecutor.doExecute(TestCaseExecutor.java:433)
	at com.kms.katalon.core.main.TestCaseExecutor.processExecutionPhase(TestCaseExecutor.java:412)
	at com.kms.katalon.core.main.TestCaseExecutor.accessMainPhase(TestCaseExecutor.java:404)
	at com.kms.katalon.core.main.TestCaseExecutor.execute(TestCaseExecutor.java:281)
	at com.kms.katalon.core.main.TestSuiteExecutor.accessTestCaseMainPhase(TestSuiteExecutor.java:202)
	at com.kms.katalon.core.main.TestSuiteExecutor.accessTestSuiteMainPhase(TestSuiteExecutor.java:164)
	at com.kms.katalon.core.main.TestSuiteExecutor.execute(TestSuiteExecutor.java:105)
	at com.kms.katalon.core.main.TestCaseMain.startTestSuite(TestCaseMain.java:185)
	at com.kms.katalon.core.main.TestCaseMain$startTestSuite$0.call(Unknown Source)
	at TempTestSuite1645172705458.run(TempTestSuite1645172705458.groovy:36)
Caused by: com.kms.katalon.core.webui.exception.WebElementNotFoundException: Web element with id: 'Object Repository/02-Side Icons(Organization)/Add Contact/button_My Organizations' located by '//button[@type = 'button' and (text() = 'My Organizations' or . = 'My Organizations')]' not found
	at com.kms.katalon.core.webui.common.WebUiCommonHelper.findWebElement(WebUiCommonHelper.java:1370)
	at com.kms.katalon.core.webui.keyword.internal.WebUIAbstractKeyword.findWebElement(WebUIAbstractKeyword.groovy:27)
	at com.kms.katalon.core.webui.keyword.builtin.ClickKeyword$_click_closure1.doCall(ClickKeyword.groovy:65)
	at com.kms.katalon.core.webui.keyword.builtin.ClickKeyword$_click_closure1.call(ClickKeyword.groovy)
	at com.kms.katalon.core.webui.keyword.internal.WebUIKeywordMain.runKeyword(WebUIKeywordMain.groovy:20)
	... 19 more]]></system-out>
      <system-err><![CDATA[2022-02-18 16:25:07 - [TEST_SUITE][FAILED] - 02-Side Icons: Test Cases/02-Side Icons (Organization)/01- (Add Contact) FAILED.
Reason:
com.kms.katalon.core.exception.StepFailedException: Unable to click on object 'Object Repository/02-Side Icons(Organization)/Add Contact/button_My Organizations'
	at com.kms.katalon.core.webui.keyword.internal.WebUIKeywordMain.stepFailed(WebUIKeywordMain.groovy:64)
	at com.kms.katalon.core.webui.keyword.internal.WebUIKeywordMain.runKeyword(WebUIKeywordMain.groovy:26)
	at com.kms.katalon.core.webui.keyword.builtin.ClickKeyword.click(ClickKeyword.groovy:74)
	at com.kms.katalon.core.webui.keyword.builtin.ClickKeyword.execute(ClickKeyword.groovy:40)
	at com.kms.katalon.core.keyword.internal.KeywordExecutor.executeKeywordForPlatform(KeywordExecutor.groovy:74)
	at com.kms.katalon.core.webui.keyword.WebUiBuiltInKeywords.click(WebUiBuiltInKeywords.groovy:620)
	at com.kms.katalon.core.webui.keyword.WebUiBuiltInKeywords$click$4.call(Unknown Source)
	at 01- (Add Contact).run(01- (Add Contact):38)
	at com.kms.katalon.core.main.ScriptEngine.run(ScriptEngine.java:194)
	at com.kms.katalon.core.main.ScriptEngine.runScriptAsRawText(ScriptEngine.java:119)
	at com.kms.katalon.core.main.TestCaseExecutor.runScript(TestCaseExecutor.java:442)
	at com.kms.katalon.core.main.TestCaseExecutor.doExecute(TestCaseExecutor.java:433)
	at com.kms.katalon.core.main.TestCaseExecutor.processExecutionPhase(TestCaseExecutor.java:412)
	at com.kms.katalon.core.main.TestCaseExecutor.accessMainPhase(TestCaseExecutor.java:404)
	at com.kms.katalon.core.main.TestCaseExecutor.execute(TestCaseExecutor.java:281)
	at com.kms.katalon.core.main.TestSuiteExecutor.accessTestCaseMainPhase(TestSuiteExecutor.java:202)
	at com.kms.katalon.core.main.TestSuiteExecutor.accessTestSuiteMainPhase(TestSuiteExecutor.java:164)
	at com.kms.katalon.core.main.TestSuiteExecutor.execute(TestSuiteExecutor.java:105)
	at com.kms.katalon.core.main.TestCaseMain.startTestSuite(TestCaseMain.java:185)
	at com.kms.katalon.core.main.TestCaseMain$startTestSuite$0.call(Unknown Source)
	at TempTestSuite1645172705458.run(TempTestSuite1645172705458.groovy:36)
Caused by: com.kms.katalon.core.webui.exception.WebElementNotFoundException: Web element with id: 'Object Repository/02-Side Icons(Organization)/Add Contact/button_My Organizations' located by '//button[@type = 'button' and (text() = 'My Organizations' or . = 'My Organizations')]' not found
	at com.kms.katalon.core.webui.common.WebUiCommonHelper.findWebElement(WebUiCommonHelper.java:1370)
	at com.kms.katalon.core.webui.keyword.internal.WebUIAbstractKeyword.findWebElement(WebUIAbstractKeyword.groovy:27)
	at com.kms.katalon.core.webui.keyword.builtin.ClickKeyword$_click_closure1.doCall(ClickKeyword.groovy:65)
	at com.kms.katalon.core.webui.keyword.builtin.ClickKeyword$_click_closure1.call(ClickKeyword.groovy)
	at com.kms.katalon.core.webui.keyword.internal.WebUIKeywordMain.runKeyword(WebUIKeywordMain.groovy:20)
	... 19 more]]></system-err>
   </testsuite>
</testsuites>
