<?xml version="1.0" encoding="UTF-8"?>
<testsuites name="09-Settings" time="858.805" tests="5" failures="0" errors="0">
   <testsuite name="09-Settings" tests="5" failures="0" errors="0" time="858.805" skipped="0" timestamp="2022-10-10 16:16:33" hostname="User - DESKTOP-QCRNR4M" id="Test Suites/TS-Organization/09-Settings">
      <properties>
         <property name="deviceName" value=""/>
         <property name="devicePlatform" value=""/>
         <property name="logFolder" value="C:\\Users\\User\\Katalon Studio\\EverleaguesMain\\Reports\\20221010_161631\\TS-Organization\\09-Settings\\20221010_161631"/>
         <property name="logFiles" value="C:\\Users\\User\\Katalon Studio\\EverleaguesMain\\Reports\\20221010_161631\\TS-Organization\\09-Settings\\20221010_161631\\execution0.log"/>
         <property name="attachments" value=""/>
         <property name="hostName" value="User - DESKTOP-QCRNR4M"/>
         <property name="os" value="Windows 10 64bit"/>
         <property name="katalonVersion" value="8.4.1.208"/>
         <property name="browser" value="Chrome 106.0.0.0"/>
         <property name="hostAddress" value="192.168.5.124"/>
         <property name="sessionId" value="2b135c07e41f9eaa82eb24418d8577a5"/>
         <property name="seleniumVersion" value="3.141.59"/>
         <property name="proxyInformation" value="ProxyInformation { proxyOption=NO_PROXY, proxyServerType=HTTP, username=, password=********, proxyServerAddress=, proxyServerPort=0, executionList=&quot;&quot;, isApplyToDesiredCapabilities=true }"/>
         <property name="platform" value="Windows 10"/>
      </properties>
      <testcase name="Test Cases/09-Settings/01 - Users (Invite new user but field are blank)" time="97.132" classname="Test Cases/09-Settings/01 - Users (Invite new user but field are blank)" status="PASSED">
         <system-out><![CDATA[2022-10-10 16:16:34 - [TEST_CASE][PASSED] - Test Cases/09-Settings/01 - Users (Invite new user but field are blank): Test Cases/09-Settings/01 - Users (Invite new user but field are blank)

2022-10-10 16:16:34 - [TEST_STEP][PASSED] - openBrowser(""): Browser is opened with url: ''

2022-10-10 16:16:34 - [MESSAGE][INFO] - Starting 'Chrome' driver

2022-10-10 16:16:34 - [MESSAGE][INFO] - Action delay is set to 0 milliseconds

2022-10-10 16:16:36 - [MESSAGE][PASSED] - Browser is opened with url: ''

2022-10-10 16:16:36 - [TEST_STEP][PASSED] - navigateToUrl("https://lab.everleagues.com/"): Navigate to 'https://lab.everleagues.com/' successfully

2022-10-10 16:16:49 - [MESSAGE][PASSED] - Navigate to 'https://lab.everleagues.com/' successfully

2022-10-10 16:16:49 - [TEST_STEP][PASSED] - maximizeWindow(): Current window maximized

2022-10-10 16:16:49 - [MESSAGE][PASSED] - Current window maximized

2022-10-10 16:16:49 - [TEST_STEP][PASSED] - setText(findTestObject("02-Side Icons(Organization)/Add Contact/Email Field"), "testuser02@mailinator.com"): Text 'testuser02@mailinator.com' is set on object 'Object Repository/02-Side Icons(Organization)/Add Contact/Email Field'

2022-10-10 16:16:50 - [MESSAGE][PASSED] - Text 'testuser02@mailinator.com' is set on object 'Object Repository/02-Side Icons(Organization)/Add Contact/Email Field'

2022-10-10 16:16:50 - [TEST_STEP][PASSED] - setEncryptedText(findTestObject("02-Side Icons(Organization)/Add Contact/Password Field"), "8yFRyszE6U6jvsCn51OQbg=="): Text ****** has been set on object 'Object Repository/02-Side Icons(Organization)/Add Contact/Password Field'

2022-10-10 16:16:50 - [MESSAGE][PASSED] - Text ****** has been set on object 'Object Repository/02-Side Icons(Organization)/Add Contact/Password Field'

2022-10-10 16:16:50 - [TEST_STEP][PASSED] - click(findTestObject("02-Side Icons(Organization)/Add Contact/button_Sign in")): Object: 'Object Repository/02-Side Icons(Organization)/Add Contact/button_Sign in' is clicked on

2022-10-10 16:16:51 - [MESSAGE][PASSED] - Object: 'Object Repository/02-Side Icons(Organization)/Add Contact/button_Sign in' is clicked on

2022-10-10 16:16:51 - [TEST_STEP][PASSED] - delay(2): Delayed 2 second(s)

2022-10-10 16:16:53 - [MESSAGE][PASSED] - Delayed 2 second(s)

2022-10-10 16:16:53 - [TEST_STEP][PASSED] - click(findTestObject("06-Teams/For 2FA/button_Confirm_2FA")): Object: 'Object Repository/06-Teams/For 2FA/button_Confirm_2FA' is clicked on

2022-10-10 16:16:54 - [MESSAGE][PASSED] - Object: 'Object Repository/06-Teams/For 2FA/button_Confirm_2FA' is clicked on

2022-10-10 16:16:54 - [TEST_STEP][PASSED] - executeJavaScript("window.open();", []): Execute JavaScript 'window.open();' successfully

2022-10-10 16:16:54 - [MESSAGE][PASSED] - Execute JavaScript 'window.open();' successfully

2022-10-10 16:16:54 - [TEST_STEP][PASSED] - currentWindow = getWindowIndex(): Current window's index is: 0

2022-10-10 16:16:54 - [MESSAGE][PASSED] - Current window's index is: 0

2022-10-10 16:16:54 - [TEST_STEP][PASSED] - delay(3): Delayed 3 second(s)

2022-10-10 16:16:57 - [MESSAGE][PASSED] - Delayed 3 second(s)

2022-10-10 16:16:57 - [TEST_STEP][PASSED] - switchToWindowIndex(currentWindow + 1): Switched to window with index: '1'

2022-10-10 16:16:57 - [MESSAGE][PASSED] - Switched to window with index: '1'

2022-10-10 16:16:57 - [TEST_STEP][PASSED] - navigateToUrl("https://www.mailinator.com/"): Navigate to 'https://www.mailinator.com/' successfully

2022-10-10 16:16:59 - [MESSAGE][PASSED] - Navigate to 'https://www.mailinator.com/' successfully

2022-10-10 16:16:59 - [TEST_STEP][PASSED] - delay(3): Delayed 3 second(s)

2022-10-10 16:17:02 - [MESSAGE][PASSED] - Delayed 3 second(s)

2022-10-10 16:17:02 - [TEST_STEP][PASSED] - setText(findTestObject("00-Signup and Activation/zMailinator/input_LOGIN_search"), "testuser02@mailinator.com"): Text 'testuser02@mailinator.com' is set on object 'Object Repository/00-Signup and Activation/zMailinator/input_LOGIN_search'

2022-10-10 16:17:03 - [MESSAGE][PASSED] - Text 'testuser02@mailinator.com' is set on object 'Object Repository/00-Signup and Activation/zMailinator/input_LOGIN_search'

2022-10-10 16:17:03 - [TEST_STEP][PASSED] - click(findTestObject("00-Signup and Activation/zMailinator/gobutton"), STOP_ON_FAILURE): Object: 'Object Repository/00-Signup and Activation/zMailinator/gobutton' is clicked on

2022-10-10 16:17:05 - [MESSAGE][PASSED] - Object: 'Object Repository/00-Signup and Activation/zMailinator/gobutton' is clicked on

2022-10-10 16:17:05 - [TEST_STEP][PASSED] - delay(3): Delayed 3 second(s)

2022-10-10 16:17:09 - [MESSAGE][PASSED] - Delayed 3 second(s)

2022-10-10 16:17:09 - [TEST_STEP][PASSED] - click(findTestObject("00-Signup and Activation/zMailinator/Email - everleagues")): Object: 'Object Repository/00-Signup and Activation/zMailinator/Email - everleagues' is clicked on

2022-10-10 16:17:09 - [MESSAGE][PASSED] - Object: 'Object Repository/00-Signup and Activation/zMailinator/Email - everleagues' is clicked on

2022-10-10 16:17:09 - [TEST_STEP][PASSED] - delay(3): Delayed 3 second(s)

2022-10-10 16:17:12 - [MESSAGE][PASSED] - Delayed 3 second(s)

2022-10-10 16:17:12 - [TEST_STEP][PASSED] - code = getText(findTestObject("Object Repository/06-Teams/For 2FA/2FA code")): Text of object 'Object Repository/06-Teams/For 2FA/2FA code' is: '309172'

2022-10-10 16:17:12 - [MESSAGE][PASSED] - Text of object 'Object Repository/06-Teams/For 2FA/2FA code' is: '309172'

2022-10-10 16:17:12 - [TEST_STEP][PASSED] - delay(3): Delayed 3 second(s)

2022-10-10 16:17:15 - [MESSAGE][PASSED] - Delayed 3 second(s)

2022-10-10 16:17:15 - [TEST_STEP][PASSED] - closeWindowTitle("Mailinator"): Window with title: 'Mailinator' is closed

2022-10-10 16:17:16 - [MESSAGE][PASSED] - Window with title: 'Mailinator' is closed

2022-10-10 16:17:16 - [TEST_STEP][PASSED] - delay(3): Delayed 3 second(s)

2022-10-10 16:17:19 - [MESSAGE][PASSED] - Delayed 3 second(s)

2022-10-10 16:17:19 - [TEST_STEP][PASSED] - switchToWindowIndex(0): Switched to window with index: '0'

2022-10-10 16:17:19 - [MESSAGE][PASSED] - Switched to window with index: '0'

2022-10-10 16:17:19 - [TEST_STEP][PASSED] - delay(3): Delayed 3 second(s)

2022-10-10 16:17:22 - [MESSAGE][PASSED] - Delayed 3 second(s)

2022-10-10 16:17:22 - [TEST_STEP][PASSED] - setText(findTestObject("Object Repository/06-Teams/For 2FA/input_Enter verification code_code"), code): Text '309172' is set on object 'Object Repository/06-Teams/For 2FA/input_Enter verification code_code'

2022-10-10 16:17:22 - [MESSAGE][PASSED] - Text '309172' is set on object 'Object Repository/06-Teams/For 2FA/input_Enter verification code_code'

2022-10-10 16:17:22 - [TEST_STEP][PASSED] - delay(3): Delayed 3 second(s)

2022-10-10 16:17:25 - [MESSAGE][PASSED] - Delayed 3 second(s)

2022-10-10 16:17:25 - [TEST_STEP][PASSED] - click(findTestObject("06-Teams/For 2FA/button_Verify_2FA")): Object: 'Object Repository/06-Teams/For 2FA/button_Verify_2FA' is clicked on

2022-10-10 16:17:26 - [MESSAGE][PASSED] - Object: 'Object Repository/06-Teams/For 2FA/button_Verify_2FA' is clicked on

2022-10-10 16:17:26 - [TEST_STEP][PASSED] - delay(5): Delayed 5 second(s)

2022-10-10 16:17:31 - [MESSAGE][PASSED] - Delayed 5 second(s)

2022-10-10 16:17:31 - [TEST_STEP][PASSED] - click(findTestObject("06-Teams/button_doublearrow")): Object: 'Object Repository/06-Teams/button_doublearrow' is clicked on

2022-10-10 16:17:31 - [MESSAGE][PASSED] - Object: 'Object Repository/06-Teams/button_doublearrow' is clicked on

2022-10-10 16:17:31 - [TEST_STEP][PASSED] - click(findTestObject("06-Teams/button_My Organizations")): Object: 'Object Repository/06-Teams/button_My Organizations' is clicked on

2022-10-10 16:17:32 - [MESSAGE][PASSED] - Object: 'Object Repository/06-Teams/button_My Organizations' is clicked on

2022-10-10 16:17:32 - [TEST_STEP][PASSED] - click(findTestObject("06-Teams/button_GG Automation")): Object: 'Object Repository/06-Teams/button_GG Automation' is clicked on

2022-10-10 16:17:33 - [MESSAGE][PASSED] - Object: 'Object Repository/06-Teams/button_GG Automation' is clicked on

2022-10-10 16:17:33 - [TEST_STEP][PASSED] - delay(4): Delayed 4 second(s)

2022-10-10 16:17:37 - [MESSAGE][PASSED] - Delayed 4 second(s)

2022-10-10 16:17:37 - [TEST_STEP][PASSED] - verifyElementVisible(findTestObject("06-Teams/span_GG Automation")): Object 'Object Repository/06-Teams/span_GG Automation' is visible

2022-10-10 16:17:37 - [MESSAGE][PASSED] - Object 'Object Repository/06-Teams/span_GG Automation' is visible

2022-10-10 16:17:37 - [TEST_STEP][PASSED] - delay(10): Delayed 10 second(s)

2022-10-10 16:17:47 - [MESSAGE][PASSED] - Delayed 10 second(s)

2022-10-10 16:17:47 - [TEST_STEP][PASSED] - click(findTestObject("03-Header Menu/Hamburger Button/div_Settings")): Object: 'Object Repository/03-Header Menu/Hamburger Button/div_Settings' is clicked on

2022-10-10 16:17:47 - [MESSAGE][PASSED] - Object: 'Object Repository/03-Header Menu/Hamburger Button/div_Settings' is clicked on

2022-10-10 16:17:47 - [TEST_STEP][PASSED] - verifyElementVisible(findTestObject("09-Settings/Users/div_Organization")): Object 'Object Repository/09-Settings/Users/div_Organization' is visible

2022-10-10 16:17:48 - [MESSAGE][PASSED] - Object 'Object Repository/09-Settings/Users/div_Organization' is visible

2022-10-10 16:17:48 - [TEST_STEP][PASSED] - verifyElementVisible(findTestObject("09-Settings/Users/div_Organization Units")): Object 'Object Repository/09-Settings/Users/div_Organization Units' is visible

2022-10-10 16:17:48 - [MESSAGE][PASSED] - Object 'Object Repository/09-Settings/Users/div_Organization Units' is visible

2022-10-10 16:17:48 - [TEST_STEP][PASSED] - verifyElementVisible(findTestObject("09-Settings/Users/div_Subscriptions")): Object 'Object Repository/09-Settings/Users/div_Subscriptions' is visible

2022-10-10 16:17:49 - [MESSAGE][PASSED] - Object 'Object Repository/09-Settings/Users/div_Subscriptions' is visible

2022-10-10 16:17:49 - [TEST_STEP][PASSED] - verifyElementVisible(findTestObject("09-Settings/Users/div_Users")): Object 'Object Repository/09-Settings/Users/div_Users' is visible

2022-10-10 16:17:49 - [MESSAGE][PASSED] - Object 'Object Repository/09-Settings/Users/div_Users' is visible

2022-10-10 16:17:49 - [TEST_STEP][PASSED] - delay(3): Delayed 3 second(s)

2022-10-10 16:17:52 - [MESSAGE][PASSED] - Delayed 3 second(s)

2022-10-10 16:17:52 - [TEST_STEP][PASSED] - click(findTestObject("09-Settings/Users/div_Users")): Object: 'Object Repository/09-Settings/Users/div_Users' is clicked on

2022-10-10 16:17:53 - [MESSAGE][PASSED] - Object: 'Object Repository/09-Settings/Users/div_Users' is clicked on

2022-10-10 16:17:53 - [TEST_STEP][PASSED] - verifyElementVisible(findTestObject("09-Settings/Users/h4_USERS")): Object 'Object Repository/09-Settings/Users/h4_USERS' is visible

2022-10-10 16:17:54 - [MESSAGE][PASSED] - Object 'Object Repository/09-Settings/Users/h4_USERS' is visible

2022-10-10 16:17:54 - [TEST_STEP][PASSED] - verifyElementVisible(findTestObject("09-Settings/Users/User Page")): Object 'Object Repository/09-Settings/Users/User Page' is visible

2022-10-10 16:17:54 - [MESSAGE][PASSED] - Object 'Object Repository/09-Settings/Users/User Page' is visible

2022-10-10 16:17:54 - [TEST_STEP][PASSED] - delay(3): Delayed 3 second(s)

2022-10-10 16:17:57 - [MESSAGE][PASSED] - Delayed 3 second(s)

2022-10-10 16:17:57 - [TEST_STEP][PASSED] - click(findTestObject("09-Settings/Users/button_add")): Object: 'Object Repository/09-Settings/Users/button_add' is clicked on

2022-10-10 16:17:58 - [MESSAGE][PASSED] - Object: 'Object Repository/09-Settings/Users/button_add' is clicked on

2022-10-10 16:17:58 - [TEST_STEP][PASSED] - verifyElementVisible(findTestObject("09-Settings/Users/User Invitation modal")): Object 'Object Repository/09-Settings/Users/User Invitation modal' is visible

2022-10-10 16:17:58 - [MESSAGE][PASSED] - Object 'Object Repository/09-Settings/Users/User Invitation modal' is visible

2022-10-10 16:17:58 - [TEST_STEP][PASSED] - delay(3): Delayed 3 second(s)

2022-10-10 16:18:01 - [MESSAGE][PASSED] - Delayed 3 second(s)

2022-10-10 16:18:01 - [TEST_STEP][PASSED] - click(findTestObject("09-Settings/Users/add Invite a single user")): Object: 'Object Repository/09-Settings/Users/add Invite a single user' is clicked on

2022-10-10 16:18:01 - [MESSAGE][PASSED] - Object: 'Object Repository/09-Settings/Users/add Invite a single user' is clicked on

2022-10-10 16:18:01 - [TEST_STEP][PASSED] - verifyElementVisible(findTestObject("09-Settings/Users/Invite new user modal")): Object 'Object Repository/09-Settings/Users/Invite new user modal' is visible

2022-10-10 16:18:03 - [MESSAGE][PASSED] - Object 'Object Repository/09-Settings/Users/Invite new user modal' is visible

2022-10-10 16:18:03 - [TEST_STEP][PASSED] - click(findTestObject("09-Settings/Users/input_email")): Object: 'Object Repository/09-Settings/Users/input_email' is clicked on

2022-10-10 16:18:03 - [MESSAGE][PASSED] - Object: 'Object Repository/09-Settings/Users/input_email' is clicked on

2022-10-10 16:18:03 - [TEST_STEP][PASSED] - click(findTestObject("09-Settings/Users/input_firstName")): Object: 'Object Repository/09-Settings/Users/input_firstName' is clicked on

2022-10-10 16:18:03 - [MESSAGE][PASSED] - Object: 'Object Repository/09-Settings/Users/input_firstName' is clicked on

2022-10-10 16:18:03 - [TEST_STEP][PASSED] - click(findTestObject("09-Settings/Users/input_lastName")): Object: 'Object Repository/09-Settings/Users/input_lastName' is clicked on

2022-10-10 16:18:04 - [MESSAGE][PASSED] - Object: 'Object Repository/09-Settings/Users/input_lastName' is clicked on

2022-10-10 16:18:04 - [TEST_STEP][PASSED] - click(findTestObject("09-Settings/Users/span_Role")): Object: 'Object Repository/09-Settings/Users/span_Role' is clicked on

2022-10-10 16:18:04 - [MESSAGE][PASSED] - Object: 'Object Repository/09-Settings/Users/span_Role' is clicked on

2022-10-10 16:18:04 - [TEST_STEP][PASSED] - clickOffset(findTestObject("09-Settings/Users/h4_Invite New User"), 100, 100): Object: 'Object Repository/09-Settings/Users/h4_Invite New User' is clicked on using offset x=100 and y=100

2022-10-10 16:18:05 - [MESSAGE][PASSED] - Object: 'Object Repository/09-Settings/Users/h4_Invite New User' is clicked on using offset x=100 and y=100

2022-10-10 16:18:05 - [TEST_STEP][PASSED] - verifyElementVisible(findTestObject("09-Settings/Users/Email required")): Object 'Object Repository/09-Settings/Users/Email required' is visible

2022-10-10 16:18:06 - [MESSAGE][PASSED] - Object 'Object Repository/09-Settings/Users/Email required' is visible

2022-10-10 16:18:06 - [TEST_STEP][PASSED] - verifyElementVisible(findTestObject("09-Settings/Users/Firstname required")): Object 'Object Repository/09-Settings/Users/Firstname required' is visible

2022-10-10 16:18:06 - [MESSAGE][PASSED] - Object 'Object Repository/09-Settings/Users/Firstname required' is visible

2022-10-10 16:18:06 - [TEST_STEP][PASSED] - verifyElementVisible(findTestObject("09-Settings/Users/last name required")): Object 'Object Repository/09-Settings/Users/last name required' is visible

2022-10-10 16:18:07 - [MESSAGE][PASSED] - Object 'Object Repository/09-Settings/Users/last name required' is visible

2022-10-10 16:18:07 - [TEST_STEP][PASSED] - verifyElementVisible(findTestObject("09-Settings/Users/error_Select a role")): Object 'Object Repository/09-Settings/Users/error_Select a role' is visible

2022-10-10 16:18:07 - [MESSAGE][PASSED] - Object 'Object Repository/09-Settings/Users/error_Select a role' is visible

2022-10-10 16:18:07 - [TEST_STEP][PASSED] - delay(3): Delayed 3 second(s)

2022-10-10 16:18:10 - [MESSAGE][PASSED] - Delayed 3 second(s)

2022-10-10 16:18:10 - [TEST_STEP][PASSED] - closeBrowser(): Browser is closed

2022-10-10 16:18:11 - [MESSAGE][PASSED] - Browser is closed]]></system-out>
         <system-err><![CDATA[]]></system-err>
      </testcase>
      <testcase name="Test Cases/09-Settings/02 - Users (Invite new user as co worker)" time="204.898" classname="Test Cases/09-Settings/02 - Users (Invite new user as co worker)" status="PASSED">
         <system-out><![CDATA[2022-10-10 16:18:11 - [TEST_CASE][PASSED] - Test Cases/09-Settings/02 - Users (Invite new user as co worker): Test Cases/09-Settings/02 - Users (Invite new user as co worker)

2022-10-10 16:18:11 - [TEST_STEP][PASSED] - openBrowser(""): Browser is opened with url: ''

2022-10-10 16:18:11 - [MESSAGE][INFO] - Starting 'Chrome' driver

2022-10-10 16:18:11 - [MESSAGE][INFO] - Action delay is set to 0 milliseconds

2022-10-10 16:18:12 - [MESSAGE][PASSED] - Browser is opened with url: ''

2022-10-10 16:18:12 - [TEST_STEP][PASSED] - navigateToUrl("https://lab.everleagues.com/"): Navigate to 'https://lab.everleagues.com/' successfully

2022-10-10 16:18:45 - [MESSAGE][PASSED] - Navigate to 'https://lab.everleagues.com/' successfully

2022-10-10 16:18:45 - [TEST_STEP][PASSED] - maximizeWindow(): Current window maximized

2022-10-10 16:18:45 - [MESSAGE][PASSED] - Current window maximized

2022-10-10 16:18:45 - [TEST_STEP][PASSED] - setText(findTestObject("02-Side Icons(Organization)/Add Contact/Email Field"), "testuser02@mailinator.com"): Text 'testuser02@mailinator.com' is set on object 'Object Repository/02-Side Icons(Organization)/Add Contact/Email Field'

2022-10-10 16:18:46 - [MESSAGE][PASSED] - Text 'testuser02@mailinator.com' is set on object 'Object Repository/02-Side Icons(Organization)/Add Contact/Email Field'

2022-10-10 16:18:46 - [TEST_STEP][PASSED] - setEncryptedText(findTestObject("02-Side Icons(Organization)/Add Contact/Password Field"), "8yFRyszE6U6jvsCn51OQbg=="): Text ****** has been set on object 'Object Repository/02-Side Icons(Organization)/Add Contact/Password Field'

2022-10-10 16:18:47 - [MESSAGE][PASSED] - Text ****** has been set on object 'Object Repository/02-Side Icons(Organization)/Add Contact/Password Field'

2022-10-10 16:18:47 - [TEST_STEP][PASSED] - click(findTestObject("02-Side Icons(Organization)/Add Contact/button_Sign in")): Object: 'Object Repository/02-Side Icons(Organization)/Add Contact/button_Sign in' is clicked on

2022-10-10 16:18:48 - [MESSAGE][PASSED] - Object: 'Object Repository/02-Side Icons(Organization)/Add Contact/button_Sign in' is clicked on

2022-10-10 16:18:48 - [TEST_STEP][PASSED] - delay(2): Delayed 2 second(s)

2022-10-10 16:18:50 - [MESSAGE][PASSED] - Delayed 2 second(s)

2022-10-10 16:18:50 - [TEST_STEP][PASSED] - click(findTestObject("06-Teams/For 2FA/button_Confirm_2FA")): Object: 'Object Repository/06-Teams/For 2FA/button_Confirm_2FA' is clicked on

2022-10-10 16:18:50 - [MESSAGE][PASSED] - Object: 'Object Repository/06-Teams/For 2FA/button_Confirm_2FA' is clicked on

2022-10-10 16:18:50 - [TEST_STEP][PASSED] - executeJavaScript("window.open();", []): Execute JavaScript 'window.open();' successfully

2022-10-10 16:18:50 - [MESSAGE][PASSED] - Execute JavaScript 'window.open();' successfully

2022-10-10 16:18:50 - [TEST_STEP][PASSED] - currentWindow = getWindowIndex(): Current window's index is: 0

2022-10-10 16:18:50 - [MESSAGE][PASSED] - Current window's index is: 0

2022-10-10 16:18:50 - [TEST_STEP][PASSED] - delay(3): Delayed 3 second(s)

2022-10-10 16:18:53 - [MESSAGE][PASSED] - Delayed 3 second(s)

2022-10-10 16:18:53 - [TEST_STEP][PASSED] - switchToWindowIndex(currentWindow + 1): Switched to window with index: '1'

2022-10-10 16:18:53 - [MESSAGE][PASSED] - Switched to window with index: '1'

2022-10-10 16:18:53 - [TEST_STEP][PASSED] - navigateToUrl("https://www.mailinator.com/"): Navigate to 'https://www.mailinator.com/' successfully

2022-10-10 16:18:55 - [MESSAGE][PASSED] - Navigate to 'https://www.mailinator.com/' successfully

2022-10-10 16:18:55 - [TEST_STEP][PASSED] - delay(3): Delayed 3 second(s)

2022-10-10 16:18:58 - [MESSAGE][PASSED] - Delayed 3 second(s)

2022-10-10 16:18:58 - [TEST_STEP][PASSED] - setText(findTestObject("00-Signup and Activation/zMailinator/input_LOGIN_search"), "testuser02@mailinator.com"): Text 'testuser02@mailinator.com' is set on object 'Object Repository/00-Signup and Activation/zMailinator/input_LOGIN_search'

2022-10-10 16:18:59 - [MESSAGE][PASSED] - Text 'testuser02@mailinator.com' is set on object 'Object Repository/00-Signup and Activation/zMailinator/input_LOGIN_search'

2022-10-10 16:18:59 - [TEST_STEP][PASSED] - click(findTestObject("00-Signup and Activation/zMailinator/gobutton"), STOP_ON_FAILURE): Object: 'Object Repository/00-Signup and Activation/zMailinator/gobutton' is clicked on

2022-10-10 16:19:00 - [MESSAGE][PASSED] - Object: 'Object Repository/00-Signup and Activation/zMailinator/gobutton' is clicked on

2022-10-10 16:19:00 - [TEST_STEP][PASSED] - delay(3): Delayed 3 second(s)

2022-10-10 16:19:03 - [MESSAGE][PASSED] - Delayed 3 second(s)

2022-10-10 16:19:03 - [TEST_STEP][PASSED] - click(findTestObject("00-Signup and Activation/zMailinator/Email - everleagues")): Object: 'Object Repository/00-Signup and Activation/zMailinator/Email - everleagues' is clicked on

2022-10-10 16:19:03 - [MESSAGE][PASSED] - Object: 'Object Repository/00-Signup and Activation/zMailinator/Email - everleagues' is clicked on

2022-10-10 16:19:03 - [TEST_STEP][PASSED] - delay(3): Delayed 3 second(s)

2022-10-10 16:19:06 - [MESSAGE][PASSED] - Delayed 3 second(s)

2022-10-10 16:19:06 - [TEST_STEP][PASSED] - code = getText(findTestObject("Object Repository/06-Teams/For 2FA/2FA code")): Text of object 'Object Repository/06-Teams/For 2FA/2FA code' is: '155393'

2022-10-10 16:19:07 - [MESSAGE][PASSED] - Text of object 'Object Repository/06-Teams/For 2FA/2FA code' is: '155393'

2022-10-10 16:19:07 - [TEST_STEP][PASSED] - delay(3): Delayed 3 second(s)

2022-10-10 16:19:10 - [MESSAGE][PASSED] - Delayed 3 second(s)

2022-10-10 16:19:10 - [TEST_STEP][PASSED] - closeWindowTitle("Mailinator"): Window with title: 'Mailinator' is closed

2022-10-10 16:19:10 - [MESSAGE][PASSED] - Window with title: 'Mailinator' is closed

2022-10-10 16:19:10 - [TEST_STEP][PASSED] - delay(3): Delayed 3 second(s)

2022-10-10 16:19:13 - [MESSAGE][PASSED] - Delayed 3 second(s)

2022-10-10 16:19:13 - [TEST_STEP][PASSED] - switchToWindowIndex(0): Switched to window with index: '0'

2022-10-10 16:19:13 - [MESSAGE][PASSED] - Switched to window with index: '0'

2022-10-10 16:19:13 - [TEST_STEP][PASSED] - delay(3): Delayed 3 second(s)

2022-10-10 16:19:16 - [MESSAGE][PASSED] - Delayed 3 second(s)

2022-10-10 16:19:16 - [TEST_STEP][PASSED] - setText(findTestObject("Object Repository/06-Teams/For 2FA/input_Enter verification code_code"), code): Text '155393' is set on object 'Object Repository/06-Teams/For 2FA/input_Enter verification code_code'

2022-10-10 16:19:17 - [MESSAGE][PASSED] - Text '155393' is set on object 'Object Repository/06-Teams/For 2FA/input_Enter verification code_code'

2022-10-10 16:19:17 - [TEST_STEP][PASSED] - delay(3): Delayed 3 second(s)

2022-10-10 16:19:20 - [MESSAGE][PASSED] - Delayed 3 second(s)

2022-10-10 16:19:20 - [TEST_STEP][PASSED] - click(findTestObject("06-Teams/For 2FA/button_Verify_2FA")): Object: 'Object Repository/06-Teams/For 2FA/button_Verify_2FA' is clicked on

2022-10-10 16:19:20 - [MESSAGE][PASSED] - Object: 'Object Repository/06-Teams/For 2FA/button_Verify_2FA' is clicked on

2022-10-10 16:19:20 - [TEST_STEP][PASSED] - delay(5): Delayed 5 second(s)

2022-10-10 16:19:25 - [MESSAGE][PASSED] - Delayed 5 second(s)

2022-10-10 16:19:25 - [TEST_STEP][PASSED] - click(findTestObject("06-Teams/button_doublearrow")): Object: 'Object Repository/06-Teams/button_doublearrow' is clicked on

2022-10-10 16:19:25 - [MESSAGE][PASSED] - Object: 'Object Repository/06-Teams/button_doublearrow' is clicked on

2022-10-10 16:19:25 - [TEST_STEP][PASSED] - click(findTestObject("06-Teams/button_My Organizations")): Object: 'Object Repository/06-Teams/button_My Organizations' is clicked on

2022-10-10 16:19:26 - [MESSAGE][PASSED] - Object: 'Object Repository/06-Teams/button_My Organizations' is clicked on

2022-10-10 16:19:26 - [TEST_STEP][PASSED] - click(findTestObject("06-Teams/button_GG Automation")): Object: 'Object Repository/06-Teams/button_GG Automation' is clicked on

2022-10-10 16:19:27 - [MESSAGE][PASSED] - Object: 'Object Repository/06-Teams/button_GG Automation' is clicked on

2022-10-10 16:19:27 - [TEST_STEP][PASSED] - delay(4): Delayed 4 second(s)

2022-10-10 16:19:31 - [MESSAGE][PASSED] - Delayed 4 second(s)

2022-10-10 16:19:31 - [TEST_STEP][PASSED] - verifyElementVisible(findTestObject("06-Teams/span_GG Automation")): Object 'Object Repository/06-Teams/span_GG Automation' is visible

2022-10-10 16:19:31 - [MESSAGE][PASSED] - Object 'Object Repository/06-Teams/span_GG Automation' is visible

2022-10-10 16:19:31 - [TEST_STEP][PASSED] - delay(10): Delayed 10 second(s)

2022-10-10 16:19:41 - [MESSAGE][PASSED] - Delayed 10 second(s)

2022-10-10 16:19:41 - [TEST_STEP][PASSED] - click(findTestObject("03-Header Menu/Hamburger Button/div_Settings")): Object: 'Object Repository/03-Header Menu/Hamburger Button/div_Settings' is clicked on

2022-10-10 16:19:42 - [MESSAGE][PASSED] - Object: 'Object Repository/03-Header Menu/Hamburger Button/div_Settings' is clicked on

2022-10-10 16:19:42 - [TEST_STEP][PASSED] - delay(3): Delayed 3 second(s)

2022-10-10 16:19:45 - [MESSAGE][PASSED] - Delayed 3 second(s)

2022-10-10 16:19:45 - [TEST_STEP][PASSED] - click(findTestObject("09-Settings/Users/div_Users")): Object: 'Object Repository/09-Settings/Users/div_Users' is clicked on

2022-10-10 16:19:45 - [MESSAGE][PASSED] - Object: 'Object Repository/09-Settings/Users/div_Users' is clicked on

2022-10-10 16:19:45 - [TEST_STEP][PASSED] - delay(3): Delayed 3 second(s)

2022-10-10 16:19:48 - [MESSAGE][PASSED] - Delayed 3 second(s)

2022-10-10 16:19:48 - [TEST_STEP][PASSED] - click(findTestObject("09-Settings/Users/button_add")): Object: 'Object Repository/09-Settings/Users/button_add' is clicked on

2022-10-10 16:19:49 - [MESSAGE][PASSED] - Object: 'Object Repository/09-Settings/Users/button_add' is clicked on

2022-10-10 16:19:49 - [TEST_STEP][PASSED] - delay(3): Delayed 3 second(s)

2022-10-10 16:19:52 - [MESSAGE][PASSED] - Delayed 3 second(s)

2022-10-10 16:19:52 - [TEST_STEP][PASSED] - click(findTestObject("09-Settings/Users/add Invite a single user")): Object: 'Object Repository/09-Settings/Users/add Invite a single user' is clicked on

2022-10-10 16:19:52 - [MESSAGE][PASSED] - Object: 'Object Repository/09-Settings/Users/add Invite a single user' is clicked on

2022-10-10 16:19:52 - [TEST_STEP][PASSED] - delay(3): Delayed 3 second(s)

2022-10-10 16:19:55 - [MESSAGE][PASSED] - Delayed 3 second(s)

2022-10-10 16:19:55 - [TEST_STEP][PASSED] - setText(findTestObject("09-Settings/Users/input_email"), "autotester04@mailinator.com"): Text 'autotester04@mailinator.com' is set on object 'Object Repository/09-Settings/Users/input_email'

2022-10-10 16:19:56 - [MESSAGE][PASSED] - Text 'autotester04@mailinator.com' is set on object 'Object Repository/09-Settings/Users/input_email'

2022-10-10 16:19:56 - [TEST_STEP][PASSED] - setText(findTestObject("09-Settings/Users/input_firstName"), "GG"): Text 'GG' is set on object 'Object Repository/09-Settings/Users/input_firstName'

2022-10-10 16:19:57 - [MESSAGE][PASSED] - Text 'GG' is set on object 'Object Repository/09-Settings/Users/input_firstName'

2022-10-10 16:19:57 - [TEST_STEP][PASSED] - setText(findTestObject("09-Settings/Users/input_lastName"), "Auto Contact 2"): Text 'Auto Contact 2' is set on object 'Object Repository/09-Settings/Users/input_lastName'

2022-10-10 16:19:58 - [MESSAGE][PASSED] - Text 'Auto Contact 2' is set on object 'Object Repository/09-Settings/Users/input_lastName'

2022-10-10 16:19:58 - [TEST_STEP][PASSED] - click(findTestObject("09-Settings/Users/span_Role")): Object: 'Object Repository/09-Settings/Users/span_Role' is clicked on

2022-10-10 16:19:58 - [MESSAGE][PASSED] - Object: 'Object Repository/09-Settings/Users/span_Role' is clicked on

2022-10-10 16:19:58 - [TEST_STEP][PASSED] - click(findTestObject("09-Settings/Users/span_CoWorker")): Object: 'Object Repository/09-Settings/Users/span_CoWorker' is clicked on

2022-10-10 16:19:58 - [MESSAGE][PASSED] - Object: 'Object Repository/09-Settings/Users/span_CoWorker' is clicked on

2022-10-10 16:19:58 - [TEST_STEP][PASSED] - click(findTestObject("09-Settings/Users/button_Send Invitation")): Object: 'Object Repository/09-Settings/Users/button_Send Invitation' is clicked on

2022-10-10 16:19:59 - [MESSAGE][PASSED] - Object: 'Object Repository/09-Settings/Users/button_Send Invitation' is clicked on

2022-10-10 16:19:59 - [TEST_STEP][PASSED] - delay(2): Delayed 2 second(s)

2022-10-10 16:20:01 - [MESSAGE][PASSED] - Delayed 2 second(s)

2022-10-10 16:20:01 - [TEST_STEP][PASSED] - verifyElementVisible(findTestObject("07-Directory/Connections/zContact Profile/Successfully invited user")): Object 'Object Repository/07-Directory/Connections/zContact Profile/Successfully invited user' is visible

2022-10-10 16:20:02 - [MESSAGE][PASSED] - Object 'Object Repository/07-Directory/Connections/zContact Profile/Successfully invited user' is visible

2022-10-10 16:20:02 - [TEST_STEP][PASSED] - delay(2): Delayed 2 second(s)

2022-10-10 16:20:04 - [MESSAGE][PASSED] - Delayed 2 second(s)

2022-10-10 16:20:04 - [TEST_STEP][PASSED] - executeJavaScript("window.open();", []): Execute JavaScript 'window.open();' successfully

2022-10-10 16:20:04 - [MESSAGE][PASSED] - Execute JavaScript 'window.open();' successfully

2022-10-10 16:20:04 - [TEST_STEP][PASSED] - currentWindow = getWindowIndex(): Current window's index is: 0

2022-10-10 16:20:04 - [MESSAGE][PASSED] - Current window's index is: 0

2022-10-10 16:20:04 - [TEST_STEP][PASSED] - delay(3): Delayed 3 second(s)

2022-10-10 16:20:07 - [MESSAGE][PASSED] - Delayed 3 second(s)

2022-10-10 16:20:07 - [TEST_STEP][PASSED] - switchToWindowIndex(currentWindow + 1): Switched to window with index: '1'

2022-10-10 16:20:07 - [MESSAGE][PASSED] - Switched to window with index: '1'

2022-10-10 16:20:07 - [TEST_STEP][PASSED] - navigateToUrl("https://www.mailinator.com/"): Navigate to 'https://www.mailinator.com/' successfully

2022-10-10 16:20:09 - [MESSAGE][PASSED] - Navigate to 'https://www.mailinator.com/' successfully

2022-10-10 16:20:09 - [TEST_STEP][PASSED] - delay(3): Delayed 3 second(s)

2022-10-10 16:20:12 - [MESSAGE][PASSED] - Delayed 3 second(s)

2022-10-10 16:20:12 - [TEST_STEP][PASSED] - setText(findTestObject("00-Signup and Activation/zMailinator/input_LOGIN_search"), "autotester04@mailinator.com"): Text 'autotester04@mailinator.com' is set on object 'Object Repository/00-Signup and Activation/zMailinator/input_LOGIN_search'

2022-10-10 16:20:12 - [MESSAGE][PASSED] - Text 'autotester04@mailinator.com' is set on object 'Object Repository/00-Signup and Activation/zMailinator/input_LOGIN_search'

2022-10-10 16:20:12 - [TEST_STEP][PASSED] - click(findTestObject("00-Signup and Activation/zMailinator/gobutton"), STOP_ON_FAILURE): Object: 'Object Repository/00-Signup and Activation/zMailinator/gobutton' is clicked on

2022-10-10 16:20:13 - [MESSAGE][PASSED] - Object: 'Object Repository/00-Signup and Activation/zMailinator/gobutton' is clicked on

2022-10-10 16:20:13 - [TEST_STEP][PASSED] - delay(3): Delayed 3 second(s)

2022-10-10 16:20:16 - [MESSAGE][PASSED] - Delayed 3 second(s)

2022-10-10 16:20:16 - [TEST_STEP][PASSED] - closeWindowTitle("Everleagues"): Window with title: 'Everleagues' is closed

2022-10-10 16:20:16 - [MESSAGE][PASSED] - Window with title: 'Everleagues' is closed

2022-10-10 16:20:16 - [TEST_STEP][PASSED] - switchToWindowIndex(0): Switched to window with index: '0'

2022-10-10 16:20:16 - [MESSAGE][PASSED] - Switched to window with index: '0'

2022-10-10 16:20:16 - [TEST_STEP][PASSED] - click(findTestObject("09-Settings/Users/Co worker/td_Invitation from GG Automation")): Object: 'Object Repository/09-Settings/Users/Co worker/td_Invitation from GG Automation' is clicked on

2022-10-10 16:20:17 - [MESSAGE][PASSED] - Object: 'Object Repository/09-Settings/Users/Co worker/td_Invitation from GG Automation' is clicked on

2022-10-10 16:20:17 - [TEST_STEP][PASSED] - click(findTestObject("09-Settings/Users/Co worker/a_Click here to join GG Automation on EverLeagues")): Object: 'Object Repository/09-Settings/Users/Co worker/a_Click here to join GG Automation on EverLeagues' is clicked on

2022-10-10 16:20:18 - [MESSAGE][PASSED] - Object: 'Object Repository/09-Settings/Users/Co worker/a_Click here to join GG Automation on EverLeagues' is clicked on

2022-10-10 16:20:18 - [TEST_STEP][PASSED] - closeWindowTitle("Mailinator"): Window with title: 'Mailinator' is closed

2022-10-10 16:20:18 - [MESSAGE][PASSED] - Window with title: 'Mailinator' is closed

2022-10-10 16:20:18 - [TEST_STEP][PASSED] - switchToWindowIndex(0): Switched to window with index: '0'

2022-10-10 16:20:18 - [MESSAGE][PASSED] - Switched to window with index: '0'

2022-10-10 16:20:18 - [TEST_STEP][PASSED] - verifyElementVisible(findTestObject("09-Settings/Users/Co worker/Logout before proceed modal")): Object 'Object Repository/09-Settings/Users/Co worker/Logout before proceed modal' is visible

2022-10-10 16:20:24 - [MESSAGE][PASSED] - Object 'Object Repository/09-Settings/Users/Co worker/Logout before proceed modal' is visible

2022-10-10 16:20:24 - [TEST_STEP][PASSED] - click(findTestObject("09-Settings/Users/Co worker/button_Yes")): Object: 'Object Repository/09-Settings/Users/Co worker/button_Yes' is clicked on

2022-10-10 16:20:24 - [MESSAGE][PASSED] - Object: 'Object Repository/09-Settings/Users/Co worker/button_Yes' is clicked on

2022-10-10 16:20:24 - [TEST_STEP][PASSED] - delay(3): Delayed 3 second(s)

2022-10-10 16:20:27 - [MESSAGE][PASSED] - Delayed 3 second(s)

2022-10-10 16:20:27 - [TEST_STEP][PASSED] - setText(findTestObject("09-Settings/Users/Co worker/input_Email_email"), "autotester04@mailinator.com"): Text 'autotester04@mailinator.com' is set on object 'Object Repository/09-Settings/Users/Co worker/input_Email_email'

2022-10-10 16:20:28 - [MESSAGE][PASSED] - Text 'autotester04@mailinator.com' is set on object 'Object Repository/09-Settings/Users/Co worker/input_Email_email'

2022-10-10 16:20:28 - [TEST_STEP][PASSED] - setEncryptedText(findTestObject("09-Settings/Users/Co worker/input__password"), "8yFRyszE6U6jvsCn51OQbg=="): Text ****** has been set on object 'Object Repository/09-Settings/Users/Co worker/input__password'

2022-10-10 16:20:28 - [MESSAGE][PASSED] - Text ****** has been set on object 'Object Repository/09-Settings/Users/Co worker/input__password'

2022-10-10 16:20:28 - [TEST_STEP][PASSED] - click(findTestObject("02-Side Icons(Organization)/Add Contact/button_Sign in")): Object: 'Object Repository/02-Side Icons(Organization)/Add Contact/button_Sign in' is clicked on

2022-10-10 16:20:29 - [MESSAGE][PASSED] - Object: 'Object Repository/02-Side Icons(Organization)/Add Contact/button_Sign in' is clicked on

2022-10-10 16:20:29 - [TEST_STEP][PASSED] - delay(2): Delayed 2 second(s)

2022-10-10 16:20:31 - [MESSAGE][PASSED] - Delayed 2 second(s)

2022-10-10 16:20:31 - [TEST_STEP][PASSED] - click(findTestObject("06-Teams/For 2FA/button_Confirm_2FA")): Object: 'Object Repository/06-Teams/For 2FA/button_Confirm_2FA' is clicked on

2022-10-10 16:20:31 - [MESSAGE][PASSED] - Object: 'Object Repository/06-Teams/For 2FA/button_Confirm_2FA' is clicked on

2022-10-10 16:20:31 - [TEST_STEP][PASSED] - executeJavaScript("window.open();", []): Execute JavaScript 'window.open();' successfully

2022-10-10 16:20:31 - [MESSAGE][PASSED] - Execute JavaScript 'window.open();' successfully

2022-10-10 16:20:31 - [TEST_STEP][PASSED] - currentWindow = getWindowIndex(): Current window's index is: 0

2022-10-10 16:20:32 - [MESSAGE][PASSED] - Current window's index is: 0

2022-10-10 16:20:32 - [TEST_STEP][PASSED] - delay(3): Delayed 3 second(s)

2022-10-10 16:20:35 - [MESSAGE][PASSED] - Delayed 3 second(s)

2022-10-10 16:20:35 - [TEST_STEP][PASSED] - switchToWindowIndex(currentWindow + 1): Switched to window with index: '1'

2022-10-10 16:20:35 - [MESSAGE][PASSED] - Switched to window with index: '1'

2022-10-10 16:20:35 - [TEST_STEP][PASSED] - navigateToUrl("https://www.mailinator.com/"): Navigate to 'https://www.mailinator.com/' successfully

2022-10-10 16:20:36 - [MESSAGE][PASSED] - Navigate to 'https://www.mailinator.com/' successfully

2022-10-10 16:20:36 - [TEST_STEP][PASSED] - delay(3): Delayed 3 second(s)

2022-10-10 16:20:39 - [MESSAGE][PASSED] - Delayed 3 second(s)

2022-10-10 16:20:39 - [TEST_STEP][PASSED] - setText(findTestObject("00-Signup and Activation/zMailinator/input_LOGIN_search"), "autotester04@mailinator.com"): Text 'autotester04@mailinator.com' is set on object 'Object Repository/00-Signup and Activation/zMailinator/input_LOGIN_search'

2022-10-10 16:20:40 - [MESSAGE][PASSED] - Text 'autotester04@mailinator.com' is set on object 'Object Repository/00-Signup and Activation/zMailinator/input_LOGIN_search'

2022-10-10 16:20:40 - [TEST_STEP][PASSED] - click(findTestObject("00-Signup and Activation/zMailinator/gobutton"), STOP_ON_FAILURE): Object: 'Object Repository/00-Signup and Activation/zMailinator/gobutton' is clicked on

2022-10-10 16:20:40 - [MESSAGE][PASSED] - Object: 'Object Repository/00-Signup and Activation/zMailinator/gobutton' is clicked on

2022-10-10 16:20:40 - [TEST_STEP][PASSED] - delay(3): Delayed 3 second(s)

2022-10-10 16:20:43 - [MESSAGE][PASSED] - Delayed 3 second(s)

2022-10-10 16:20:43 - [TEST_STEP][PASSED] - click(findTestObject("00-Signup and Activation/zMailinator/Email - everleagues")): Object: 'Object Repository/00-Signup and Activation/zMailinator/Email - everleagues' is clicked on

2022-10-10 16:20:44 - [MESSAGE][PASSED] - Object: 'Object Repository/00-Signup and Activation/zMailinator/Email - everleagues' is clicked on

2022-10-10 16:20:44 - [TEST_STEP][PASSED] - delay(3): Delayed 3 second(s)

2022-10-10 16:20:47 - [MESSAGE][PASSED] - Delayed 3 second(s)

2022-10-10 16:20:47 - [TEST_STEP][PASSED] - codetwo = getText(findTestObject("Object Repository/06-Teams/For 2FA/2FA code")): Text of object 'Object Repository/06-Teams/For 2FA/2FA code' is: '444804'

2022-10-10 16:20:47 - [MESSAGE][PASSED] - Text of object 'Object Repository/06-Teams/For 2FA/2FA code' is: '444804'

2022-10-10 16:20:47 - [TEST_STEP][PASSED] - delay(3): Delayed 3 second(s)

2022-10-10 16:20:50 - [MESSAGE][PASSED] - Delayed 3 second(s)

2022-10-10 16:20:50 - [TEST_STEP][PASSED] - closeWindowTitle("Mailinator"): Window with title: 'Mailinator' is closed

2022-10-10 16:20:50 - [MESSAGE][PASSED] - Window with title: 'Mailinator' is closed

2022-10-10 16:20:50 - [TEST_STEP][PASSED] - delay(3): Delayed 3 second(s)

2022-10-10 16:20:53 - [MESSAGE][PASSED] - Delayed 3 second(s)

2022-10-10 16:20:53 - [TEST_STEP][PASSED] - switchToWindowIndex(0): Switched to window with index: '0'

2022-10-10 16:20:54 - [MESSAGE][PASSED] - Switched to window with index: '0'

2022-10-10 16:20:54 - [TEST_STEP][PASSED] - delay(3): Delayed 3 second(s)

2022-10-10 16:20:57 - [MESSAGE][PASSED] - Delayed 3 second(s)

2022-10-10 16:20:57 - [TEST_STEP][PASSED] - setText(findTestObject("Object Repository/06-Teams/For 2FA/input_Enter verification code_code"), codetwo): Text '444804' is set on object 'Object Repository/06-Teams/For 2FA/input_Enter verification code_code'

2022-10-10 16:20:57 - [MESSAGE][PASSED] - Text '444804' is set on object 'Object Repository/06-Teams/For 2FA/input_Enter verification code_code'

2022-10-10 16:20:57 - [TEST_STEP][PASSED] - delay(3): Delayed 3 second(s)

2022-10-10 16:21:00 - [MESSAGE][PASSED] - Delayed 3 second(s)

2022-10-10 16:21:00 - [TEST_STEP][PASSED] - click(findTestObject("06-Teams/For 2FA/button_Verify_2FA")): Object: 'Object Repository/06-Teams/For 2FA/button_Verify_2FA' is clicked on

2022-10-10 16:21:01 - [MESSAGE][PASSED] - Object: 'Object Repository/06-Teams/For 2FA/button_Verify_2FA' is clicked on

2022-10-10 16:21:01 - [TEST_STEP][PASSED] - delay(5): Delayed 5 second(s)

2022-10-10 16:21:06 - [MESSAGE][PASSED] - Delayed 5 second(s)

2022-10-10 16:21:06 - [TEST_STEP][PASSED] - executeJavaScript("window.open();", []): Execute JavaScript 'window.open();' successfully

2022-10-10 16:21:06 - [MESSAGE][PASSED] - Execute JavaScript 'window.open();' successfully

2022-10-10 16:21:06 - [TEST_STEP][PASSED] - currentWindow = getWindowIndex(): Current window's index is: 0

2022-10-10 16:21:06 - [MESSAGE][PASSED] - Current window's index is: 0

2022-10-10 16:21:06 - [TEST_STEP][PASSED] - delay(3): Delayed 3 second(s)

2022-10-10 16:21:09 - [MESSAGE][PASSED] - Delayed 3 second(s)

2022-10-10 16:21:09 - [TEST_STEP][PASSED] - switchToWindowIndex(currentWindow + 1): Switched to window with index: '1'

2022-10-10 16:21:09 - [MESSAGE][PASSED] - Switched to window with index: '1'

2022-10-10 16:21:09 - [TEST_STEP][PASSED] - navigateToUrl("https://www.mailinator.com/"): Navigate to 'https://www.mailinator.com/' successfully

2022-10-10 16:21:10 - [MESSAGE][PASSED] - Navigate to 'https://www.mailinator.com/' successfully

2022-10-10 16:21:10 - [TEST_STEP][PASSED] - delay(3): Delayed 3 second(s)

2022-10-10 16:21:13 - [MESSAGE][PASSED] - Delayed 3 second(s)

2022-10-10 16:21:13 - [TEST_STEP][PASSED] - setText(findTestObject("00-Signup and Activation/zMailinator/input_LOGIN_search"), "autotester04@mailinator.com"): Text 'autotester04@mailinator.com' is set on object 'Object Repository/00-Signup and Activation/zMailinator/input_LOGIN_search'

2022-10-10 16:21:14 - [MESSAGE][PASSED] - Text 'autotester04@mailinator.com' is set on object 'Object Repository/00-Signup and Activation/zMailinator/input_LOGIN_search'

2022-10-10 16:21:14 - [TEST_STEP][PASSED] - click(findTestObject("00-Signup and Activation/zMailinator/gobutton"), STOP_ON_FAILURE): Object: 'Object Repository/00-Signup and Activation/zMailinator/gobutton' is clicked on

2022-10-10 16:21:15 - [MESSAGE][PASSED] - Object: 'Object Repository/00-Signup and Activation/zMailinator/gobutton' is clicked on

2022-10-10 16:21:15 - [TEST_STEP][PASSED] - delay(3): Delayed 3 second(s)

2022-10-10 16:21:18 - [MESSAGE][PASSED] - Delayed 3 second(s)

2022-10-10 16:21:18 - [TEST_STEP][PASSED] - closeWindowTitle("Everleagues"): Window with title: 'Everleagues' is closed

2022-10-10 16:21:18 - [MESSAGE][PASSED] - Window with title: 'Everleagues' is closed

2022-10-10 16:21:18 - [TEST_STEP][PASSED] - switchToWindowIndex(0): Switched to window with index: '0'

2022-10-10 16:21:18 - [MESSAGE][PASSED] - Switched to window with index: '0'

2022-10-10 16:21:18 - [TEST_STEP][PASSED] - click(findTestObject("09-Settings/Users/Co worker/td_Invitation from GG Automation")): Object: 'Object Repository/09-Settings/Users/Co worker/td_Invitation from GG Automation' is clicked on

2022-10-10 16:21:18 - [MESSAGE][PASSED] - Object: 'Object Repository/09-Settings/Users/Co worker/td_Invitation from GG Automation' is clicked on

2022-10-10 16:21:18 - [TEST_STEP][PASSED] - click(findTestObject("09-Settings/Users/Co worker/a_Click here to join GG Automation on EverLeagues")): Object: 'Object Repository/09-Settings/Users/Co worker/a_Click here to join GG Automation on EverLeagues' is clicked on

2022-10-10 16:21:19 - [MESSAGE][PASSED] - Object: 'Object Repository/09-Settings/Users/Co worker/a_Click here to join GG Automation on EverLeagues' is clicked on

2022-10-10 16:21:19 - [TEST_STEP][PASSED] - delay(3): Delayed 3 second(s)

2022-10-10 16:21:22 - [MESSAGE][PASSED] - Delayed 3 second(s)

2022-10-10 16:21:22 - [TEST_STEP][PASSED] - closeWindowTitle("Mailinator"): Window with title: 'Mailinator' is closed

2022-10-10 16:21:22 - [MESSAGE][PASSED] - Window with title: 'Mailinator' is closed

2022-10-10 16:21:22 - [TEST_STEP][PASSED] - switchToWindowIndex(0): Switched to window with index: '0'

2022-10-10 16:21:22 - [MESSAGE][PASSED] - Switched to window with index: '0'

2022-10-10 16:21:22 - [TEST_STEP][PASSED] - verifyElementVisible(findTestObject("09-Settings/Users/Co worker/Invite modal")): Object 'Object Repository/09-Settings/Users/Co worker/Invite modal' is visible

2022-10-10 16:21:24 - [MESSAGE][PASSED] - Object 'Object Repository/09-Settings/Users/Co worker/Invite modal' is visible

2022-10-10 16:21:24 - [TEST_STEP][PASSED] - click(findTestObject("09-Settings/Users/Co worker/button_Accept")): Object: 'Object Repository/09-Settings/Users/Co worker/button_Accept' is clicked on

2022-10-10 16:21:25 - [MESSAGE][PASSED] - Object: 'Object Repository/09-Settings/Users/Co worker/button_Accept' is clicked on

2022-10-10 16:21:25 - [TEST_STEP][PASSED] - delay(10): Delayed 10 second(s)

2022-10-10 16:21:35 - [MESSAGE][PASSED] - Delayed 10 second(s)

2022-10-10 16:21:35 - [TEST_STEP][PASSED] - verifyElementVisible(findTestObject("09-Settings/Users/Co worker/div_Joined as CoWorker")): Object 'Object Repository/09-Settings/Users/Co worker/div_Joined as CoWorker' is visible

2022-10-10 16:21:35 - [MESSAGE][PASSED] - Object 'Object Repository/09-Settings/Users/Co worker/div_Joined as CoWorker' is visible

2022-10-10 16:21:35 - [TEST_STEP][PASSED] - closeBrowser(): Browser is closed

2022-10-10 16:21:36 - [MESSAGE][PASSED] - Browser is closed]]></system-out>
         <system-err><![CDATA[]]></system-err>
      </testcase>
      <testcase name="Test Cases/09-Settings/03 - Users (Invite new user as client)" time="216.03" classname="Test Cases/09-Settings/03 - Users (Invite new user as client)" status="PASSED">
         <system-out><![CDATA[2022-10-10 16:21:36 - [TEST_CASE][PASSED] - Test Cases/09-Settings/03 - Users (Invite new user as client): Test Cases/09-Settings/03 - Users (Invite new user as client)

2022-10-10 16:21:36 - [TEST_STEP][PASSED] - openBrowser(""): Browser is opened with url: ''

2022-10-10 16:21:36 - [MESSAGE][INFO] - Starting 'Chrome' driver

2022-10-10 16:21:36 - [MESSAGE][INFO] - Action delay is set to 0 milliseconds

2022-10-10 16:21:37 - [MESSAGE][PASSED] - Browser is opened with url: ''

2022-10-10 16:21:37 - [TEST_STEP][PASSED] - navigateToUrl("https://lab.everleagues.com/"): Navigate to 'https://lab.everleagues.com/' successfully

2022-10-10 16:21:51 - [MESSAGE][PASSED] - Navigate to 'https://lab.everleagues.com/' successfully

2022-10-10 16:21:51 - [TEST_STEP][PASSED] - maximizeWindow(): Current window maximized

2022-10-10 16:21:51 - [MESSAGE][PASSED] - Current window maximized

2022-10-10 16:21:51 - [TEST_STEP][PASSED] - setText(findTestObject("02-Side Icons(Organization)/Add Contact/Email Field"), "testuser02@mailinator.com"): Text 'testuser02@mailinator.com' is set on object 'Object Repository/02-Side Icons(Organization)/Add Contact/Email Field'

2022-10-10 16:21:52 - [MESSAGE][PASSED] - Text 'testuser02@mailinator.com' is set on object 'Object Repository/02-Side Icons(Organization)/Add Contact/Email Field'

2022-10-10 16:21:52 - [TEST_STEP][PASSED] - setEncryptedText(findTestObject("02-Side Icons(Organization)/Add Contact/Password Field"), "8yFRyszE6U6jvsCn51OQbg=="): Text ****** has been set on object 'Object Repository/02-Side Icons(Organization)/Add Contact/Password Field'

2022-10-10 16:21:53 - [MESSAGE][PASSED] - Text ****** has been set on object 'Object Repository/02-Side Icons(Organization)/Add Contact/Password Field'

2022-10-10 16:21:53 - [TEST_STEP][PASSED] - click(findTestObject("02-Side Icons(Organization)/Add Contact/button_Sign in")): Object: 'Object Repository/02-Side Icons(Organization)/Add Contact/button_Sign in' is clicked on

2022-10-10 16:21:53 - [MESSAGE][PASSED] - Object: 'Object Repository/02-Side Icons(Organization)/Add Contact/button_Sign in' is clicked on

2022-10-10 16:21:53 - [TEST_STEP][PASSED] - delay(2): Delayed 2 second(s)

2022-10-10 16:21:55 - [MESSAGE][PASSED] - Delayed 2 second(s)

2022-10-10 16:21:55 - [TEST_STEP][PASSED] - click(findTestObject("06-Teams/For 2FA/button_Confirm_2FA")): Object: 'Object Repository/06-Teams/For 2FA/button_Confirm_2FA' is clicked on

2022-10-10 16:21:56 - [MESSAGE][PASSED] - Object: 'Object Repository/06-Teams/For 2FA/button_Confirm_2FA' is clicked on

2022-10-10 16:21:56 - [TEST_STEP][PASSED] - executeJavaScript("window.open();", []): Execute JavaScript 'window.open();' successfully

2022-10-10 16:21:56 - [MESSAGE][PASSED] - Execute JavaScript 'window.open();' successfully

2022-10-10 16:21:56 - [TEST_STEP][PASSED] - currentWindow = getWindowIndex(): Current window's index is: 0

2022-10-10 16:21:56 - [MESSAGE][PASSED] - Current window's index is: 0

2022-10-10 16:21:56 - [TEST_STEP][PASSED] - delay(3): Delayed 3 second(s)

2022-10-10 16:21:59 - [MESSAGE][PASSED] - Delayed 3 second(s)

2022-10-10 16:21:59 - [TEST_STEP][PASSED] - switchToWindowIndex(currentWindow + 1): Switched to window with index: '1'

2022-10-10 16:21:59 - [MESSAGE][PASSED] - Switched to window with index: '1'

2022-10-10 16:21:59 - [TEST_STEP][PASSED] - navigateToUrl("https://www.mailinator.com/"): Navigate to 'https://www.mailinator.com/' successfully

2022-10-10 16:22:02 - [MESSAGE][PASSED] - Navigate to 'https://www.mailinator.com/' successfully

2022-10-10 16:22:02 - [TEST_STEP][PASSED] - delay(3): Delayed 3 second(s)

2022-10-10 16:22:05 - [MESSAGE][PASSED] - Delayed 3 second(s)

2022-10-10 16:22:05 - [TEST_STEP][PASSED] - setText(findTestObject("00-Signup and Activation/zMailinator/input_LOGIN_search"), "testuser02@mailinator.com"): Text 'testuser02@mailinator.com' is set on object 'Object Repository/00-Signup and Activation/zMailinator/input_LOGIN_search'

2022-10-10 16:22:05 - [MESSAGE][PASSED] - Text 'testuser02@mailinator.com' is set on object 'Object Repository/00-Signup and Activation/zMailinator/input_LOGIN_search'

2022-10-10 16:22:05 - [TEST_STEP][PASSED] - click(findTestObject("00-Signup and Activation/zMailinator/gobutton"), STOP_ON_FAILURE): Object: 'Object Repository/00-Signup and Activation/zMailinator/gobutton' is clicked on

2022-10-10 16:22:07 - [MESSAGE][PASSED] - Object: 'Object Repository/00-Signup and Activation/zMailinator/gobutton' is clicked on

2022-10-10 16:22:07 - [TEST_STEP][PASSED] - delay(3): Delayed 3 second(s)

2022-10-10 16:22:10 - [MESSAGE][PASSED] - Delayed 3 second(s)

2022-10-10 16:22:10 - [TEST_STEP][PASSED] - click(findTestObject("00-Signup and Activation/zMailinator/Email - everleagues")): Object: 'Object Repository/00-Signup and Activation/zMailinator/Email - everleagues' is clicked on

2022-10-10 16:22:10 - [MESSAGE][PASSED] - Object: 'Object Repository/00-Signup and Activation/zMailinator/Email - everleagues' is clicked on

2022-10-10 16:22:10 - [TEST_STEP][PASSED] - delay(3): Delayed 3 second(s)

2022-10-10 16:22:13 - [MESSAGE][PASSED] - Delayed 3 second(s)

2022-10-10 16:22:13 - [TEST_STEP][PASSED] - code = getText(findTestObject("Object Repository/06-Teams/For 2FA/2FA code")): Text of object 'Object Repository/06-Teams/For 2FA/2FA code' is: '065255'

2022-10-10 16:22:14 - [MESSAGE][PASSED] - Text of object 'Object Repository/06-Teams/For 2FA/2FA code' is: '065255'

2022-10-10 16:22:14 - [TEST_STEP][PASSED] - delay(3): Delayed 3 second(s)

2022-10-10 16:22:17 - [MESSAGE][PASSED] - Delayed 3 second(s)

2022-10-10 16:22:17 - [TEST_STEP][PASSED] - closeWindowTitle("Mailinator"): Window with title: 'Mailinator' is closed

2022-10-10 16:22:17 - [MESSAGE][PASSED] - Window with title: 'Mailinator' is closed

2022-10-10 16:22:17 - [TEST_STEP][PASSED] - delay(3): Delayed 3 second(s)

2022-10-10 16:22:20 - [MESSAGE][PASSED] - Delayed 3 second(s)

2022-10-10 16:22:20 - [TEST_STEP][PASSED] - switchToWindowIndex(0): Switched to window with index: '0'

2022-10-10 16:22:20 - [MESSAGE][PASSED] - Switched to window with index: '0'

2022-10-10 16:22:20 - [TEST_STEP][PASSED] - delay(3): Delayed 3 second(s)

2022-10-10 16:22:23 - [MESSAGE][PASSED] - Delayed 3 second(s)

2022-10-10 16:22:23 - [TEST_STEP][PASSED] - setText(findTestObject("Object Repository/06-Teams/For 2FA/input_Enter verification code_code"), code): Text '065255' is set on object 'Object Repository/06-Teams/For 2FA/input_Enter verification code_code'

2022-10-10 16:22:24 - [MESSAGE][PASSED] - Text '065255' is set on object 'Object Repository/06-Teams/For 2FA/input_Enter verification code_code'

2022-10-10 16:22:24 - [TEST_STEP][PASSED] - delay(3): Delayed 3 second(s)

2022-10-10 16:22:27 - [MESSAGE][PASSED] - Delayed 3 second(s)

2022-10-10 16:22:27 - [TEST_STEP][PASSED] - click(findTestObject("06-Teams/For 2FA/button_Verify_2FA")): Object: 'Object Repository/06-Teams/For 2FA/button_Verify_2FA' is clicked on

2022-10-10 16:22:27 - [MESSAGE][PASSED] - Object: 'Object Repository/06-Teams/For 2FA/button_Verify_2FA' is clicked on

2022-10-10 16:22:27 - [TEST_STEP][PASSED] - delay(5): Delayed 5 second(s)

2022-10-10 16:22:32 - [MESSAGE][PASSED] - Delayed 5 second(s)

2022-10-10 16:22:32 - [TEST_STEP][PASSED] - click(findTestObject("06-Teams/button_doublearrow")): Object: 'Object Repository/06-Teams/button_doublearrow' is clicked on

2022-10-10 16:22:33 - [MESSAGE][PASSED] - Object: 'Object Repository/06-Teams/button_doublearrow' is clicked on

2022-10-10 16:22:33 - [TEST_STEP][PASSED] - click(findTestObject("06-Teams/button_My Organizations")): Object: 'Object Repository/06-Teams/button_My Organizations' is clicked on

2022-10-10 16:22:33 - [MESSAGE][PASSED] - Object: 'Object Repository/06-Teams/button_My Organizations' is clicked on

2022-10-10 16:22:33 - [TEST_STEP][PASSED] - click(findTestObject("06-Teams/button_GG Automation")): Object: 'Object Repository/06-Teams/button_GG Automation' is clicked on

2022-10-10 16:22:34 - [MESSAGE][PASSED] - Object: 'Object Repository/06-Teams/button_GG Automation' is clicked on

2022-10-10 16:22:34 - [TEST_STEP][PASSED] - delay(4): Delayed 4 second(s)

2022-10-10 16:22:38 - [MESSAGE][PASSED] - Delayed 4 second(s)

2022-10-10 16:22:38 - [TEST_STEP][PASSED] - verifyElementVisible(findTestObject("06-Teams/span_GG Automation")): Object 'Object Repository/06-Teams/span_GG Automation' is visible

2022-10-10 16:22:38 - [MESSAGE][PASSED] - Object 'Object Repository/06-Teams/span_GG Automation' is visible

2022-10-10 16:22:38 - [TEST_STEP][PASSED] - delay(10): Delayed 10 second(s)

2022-10-10 16:22:48 - [MESSAGE][PASSED] - Delayed 10 second(s)

2022-10-10 16:22:48 - [TEST_STEP][PASSED] - click(findTestObject("03-Header Menu/Hamburger Button/div_Settings")): Object: 'Object Repository/03-Header Menu/Hamburger Button/div_Settings' is clicked on

2022-10-10 16:22:49 - [MESSAGE][PASSED] - Object: 'Object Repository/03-Header Menu/Hamburger Button/div_Settings' is clicked on

2022-10-10 16:22:49 - [TEST_STEP][PASSED] - delay(3): Delayed 3 second(s)

2022-10-10 16:22:52 - [MESSAGE][PASSED] - Delayed 3 second(s)

2022-10-10 16:22:52 - [TEST_STEP][PASSED] - click(findTestObject("09-Settings/Users/div_Users")): Object: 'Object Repository/09-Settings/Users/div_Users' is clicked on

2022-10-10 16:22:52 - [MESSAGE][PASSED] - Object: 'Object Repository/09-Settings/Users/div_Users' is clicked on

2022-10-10 16:22:52 - [TEST_STEP][PASSED] - delay(3): Delayed 3 second(s)

2022-10-10 16:22:55 - [MESSAGE][PASSED] - Delayed 3 second(s)

2022-10-10 16:22:55 - [TEST_STEP][PASSED] - click(findTestObject("09-Settings/Users/button_add")): Object: 'Object Repository/09-Settings/Users/button_add' is clicked on

2022-10-10 16:22:56 - [MESSAGE][PASSED] - Object: 'Object Repository/09-Settings/Users/button_add' is clicked on

2022-10-10 16:22:56 - [TEST_STEP][PASSED] - delay(3): Delayed 3 second(s)

2022-10-10 16:22:59 - [MESSAGE][PASSED] - Delayed 3 second(s)

2022-10-10 16:22:59 - [TEST_STEP][PASSED] - click(findTestObject("09-Settings/Users/add Invite a single user")): Object: 'Object Repository/09-Settings/Users/add Invite a single user' is clicked on

2022-10-10 16:22:59 - [MESSAGE][PASSED] - Object: 'Object Repository/09-Settings/Users/add Invite a single user' is clicked on

2022-10-10 16:22:59 - [TEST_STEP][PASSED] - delay(3): Delayed 3 second(s)

2022-10-10 16:23:02 - [MESSAGE][PASSED] - Delayed 3 second(s)

2022-10-10 16:23:02 - [TEST_STEP][PASSED] - setText(findTestObject("09-Settings/Users/input_email"), "autotester09@mailinator.com"): Text 'autotester09@mailinator.com' is set on object 'Object Repository/09-Settings/Users/input_email'

2022-10-10 16:23:03 - [MESSAGE][PASSED] - Text 'autotester09@mailinator.com' is set on object 'Object Repository/09-Settings/Users/input_email'

2022-10-10 16:23:03 - [TEST_STEP][PASSED] - setText(findTestObject("09-Settings/Users/input_firstName"), "GG"): Text 'GG' is set on object 'Object Repository/09-Settings/Users/input_firstName'

2022-10-10 16:23:04 - [MESSAGE][PASSED] - Text 'GG' is set on object 'Object Repository/09-Settings/Users/input_firstName'

2022-10-10 16:23:04 - [TEST_STEP][PASSED] - setText(findTestObject("09-Settings/Users/input_lastName"), "Client"): Text 'Client' is set on object 'Object Repository/09-Settings/Users/input_lastName'

2022-10-10 16:23:05 - [MESSAGE][PASSED] - Text 'Client' is set on object 'Object Repository/09-Settings/Users/input_lastName'

2022-10-10 16:23:05 - [TEST_STEP][PASSED] - click(findTestObject("09-Settings/Users/span_Role")): Object: 'Object Repository/09-Settings/Users/span_Role' is clicked on

2022-10-10 16:23:05 - [MESSAGE][PASSED] - Object: 'Object Repository/09-Settings/Users/span_Role' is clicked on

2022-10-10 16:23:05 - [TEST_STEP][PASSED] - click(findTestObject("09-Settings/Users/span_Client")): Object: 'Object Repository/09-Settings/Users/span_Client' is clicked on

2022-10-10 16:23:06 - [MESSAGE][PASSED] - Object: 'Object Repository/09-Settings/Users/span_Client' is clicked on

2022-10-10 16:23:06 - [TEST_STEP][PASSED] - click(findTestObject("09-Settings/Users/button_Send Invitation")): Object: 'Object Repository/09-Settings/Users/button_Send Invitation' is clicked on

2022-10-10 16:23:07 - [MESSAGE][PASSED] - Object: 'Object Repository/09-Settings/Users/button_Send Invitation' is clicked on

2022-10-10 16:23:07 - [TEST_STEP][PASSED] - delay(2): Delayed 2 second(s)

2022-10-10 16:23:09 - [MESSAGE][PASSED] - Delayed 2 second(s)

2022-10-10 16:23:09 - [TEST_STEP][PASSED] - verifyElementVisible(findTestObject("07-Directory/Connections/zContact Profile/Successfully invited user")): Object 'Object Repository/07-Directory/Connections/zContact Profile/Successfully invited user' is visible

2022-10-10 16:23:09 - [MESSAGE][PASSED] - Object 'Object Repository/07-Directory/Connections/zContact Profile/Successfully invited user' is visible

2022-10-10 16:23:09 - [TEST_STEP][PASSED] - delay(2): Delayed 2 second(s)

2022-10-10 16:23:11 - [MESSAGE][PASSED] - Delayed 2 second(s)

2022-10-10 16:23:11 - [TEST_STEP][PASSED] - click(findTestObject("01-Login and Forgot Password/User menu drop")): Object: 'Object Repository/01-Login and Forgot Password/User menu drop' is clicked on

2022-10-10 16:23:12 - [MESSAGE][PASSED] - Object: 'Object Repository/01-Login and Forgot Password/User menu drop' is clicked on

2022-10-10 16:23:12 - [TEST_STEP][PASSED] - delay(2): Delayed 2 second(s)

2022-10-10 16:23:14 - [MESSAGE][PASSED] - Delayed 2 second(s)

2022-10-10 16:23:14 - [TEST_STEP][PASSED] - click(findTestObject("01-Login and Forgot Password/h4_Sign Out"), STOP_ON_FAILURE): Object: 'Object Repository/01-Login and Forgot Password/h4_Sign Out' is clicked on

2022-10-10 16:23:14 - [MESSAGE][PASSED] - Object: 'Object Repository/01-Login and Forgot Password/h4_Sign Out' is clicked on

2022-10-10 16:23:14 - [TEST_STEP][PASSED] - delay(2): Delayed 2 second(s)

2022-10-10 16:23:16 - [MESSAGE][PASSED] - Delayed 2 second(s)

2022-10-10 16:23:16 - [TEST_STEP][PASSED] - verifyElementPresent(findTestObject("01-Login and Forgot Password/Login_Card"), 0): Object 'Object Repository/01-Login and Forgot Password/Login_Card' is present

2022-10-10 16:23:16 - [MESSAGE][WARNING] - Timeout '0' is invalid. Using default page load timeout: '30'

2022-10-10 16:23:16 - [MESSAGE][PASSED] - Object 'Object Repository/01-Login and Forgot Password/Login_Card' is present

2022-10-10 16:23:16 - [TEST_STEP][PASSED] - delay(3): Delayed 3 second(s)

2022-10-10 16:23:19 - [MESSAGE][PASSED] - Delayed 3 second(s)

2022-10-10 16:23:19 - [TEST_STEP][PASSED] - closeBrowser(): Browser is closed

2022-10-10 16:23:20 - [MESSAGE][PASSED] - Browser is closed

2022-10-10 16:23:20 - [TEST_STEP][PASSED] - openBrowser(""): Browser is opened with url: ''

2022-10-10 16:23:20 - [MESSAGE][INFO] - Starting 'Chrome' driver

2022-10-10 16:23:20 - [MESSAGE][INFO] - Action delay is set to 0 milliseconds

2022-10-10 16:23:21 - [MESSAGE][PASSED] - Browser is opened with url: ''

2022-10-10 16:23:21 - [TEST_STEP][PASSED] - navigateToUrl("https://lab.everleagues.com/"): Navigate to 'https://lab.everleagues.com/' successfully

2022-10-10 16:23:57 - [MESSAGE][PASSED] - Navigate to 'https://lab.everleagues.com/' successfully

2022-10-10 16:23:57 - [TEST_STEP][PASSED] - maximizeWindow(): Current window maximized

2022-10-10 16:23:57 - [MESSAGE][PASSED] - Current window maximized

2022-10-10 16:23:57 - [TEST_STEP][PASSED] - setText(findTestObject("02-Side Icons(Organization)/Add Contact/Email Field"), "autotester09@mailinator.com"): Text 'autotester09@mailinator.com' is set on object 'Object Repository/02-Side Icons(Organization)/Add Contact/Email Field'

2022-10-10 16:23:58 - [MESSAGE][PASSED] - Text 'autotester09@mailinator.com' is set on object 'Object Repository/02-Side Icons(Organization)/Add Contact/Email Field'

2022-10-10 16:23:58 - [TEST_STEP][PASSED] - setEncryptedText(findTestObject("02-Side Icons(Organization)/Add Contact/Password Field"), "8yFRyszE6U6jvsCn51OQbg=="): Text ****** has been set on object 'Object Repository/02-Side Icons(Organization)/Add Contact/Password Field'

2022-10-10 16:23:58 - [MESSAGE][PASSED] - Text ****** has been set on object 'Object Repository/02-Side Icons(Organization)/Add Contact/Password Field'

2022-10-10 16:23:58 - [TEST_STEP][PASSED] - click(findTestObject("02-Side Icons(Organization)/Add Contact/button_Sign in")): Object: 'Object Repository/02-Side Icons(Organization)/Add Contact/button_Sign in' is clicked on

2022-10-10 16:23:59 - [MESSAGE][PASSED] - Object: 'Object Repository/02-Side Icons(Organization)/Add Contact/button_Sign in' is clicked on

2022-10-10 16:23:59 - [TEST_STEP][PASSED] - delay(2): Delayed 2 second(s)

2022-10-10 16:24:01 - [MESSAGE][PASSED] - Delayed 2 second(s)

2022-10-10 16:24:01 - [TEST_STEP][PASSED] - click(findTestObject("06-Teams/For 2FA/button_Confirm_2FA")): Object: 'Object Repository/06-Teams/For 2FA/button_Confirm_2FA' is clicked on

2022-10-10 16:24:01 - [MESSAGE][PASSED] - Object: 'Object Repository/06-Teams/For 2FA/button_Confirm_2FA' is clicked on

2022-10-10 16:24:01 - [TEST_STEP][PASSED] - executeJavaScript("window.open();", []): Execute JavaScript 'window.open();' successfully

2022-10-10 16:24:02 - [MESSAGE][PASSED] - Execute JavaScript 'window.open();' successfully

2022-10-10 16:24:02 - [TEST_STEP][PASSED] - currentWindow = getWindowIndex(): Current window's index is: 0

2022-10-10 16:24:02 - [MESSAGE][PASSED] - Current window's index is: 0

2022-10-10 16:24:02 - [TEST_STEP][PASSED] - delay(3): Delayed 3 second(s)

2022-10-10 16:24:05 - [MESSAGE][PASSED] - Delayed 3 second(s)

2022-10-10 16:24:05 - [TEST_STEP][PASSED] - switchToWindowIndex(currentWindow + 1): Switched to window with index: '1'

2022-10-10 16:24:05 - [MESSAGE][PASSED] - Switched to window with index: '1'

2022-10-10 16:24:05 - [TEST_STEP][PASSED] - navigateToUrl("https://www.mailinator.com/"): Navigate to 'https://www.mailinator.com/' successfully

2022-10-10 16:24:06 - [MESSAGE][PASSED] - Navigate to 'https://www.mailinator.com/' successfully

2022-10-10 16:24:06 - [TEST_STEP][PASSED] - delay(3): Delayed 3 second(s)

2022-10-10 16:24:09 - [MESSAGE][PASSED] - Delayed 3 second(s)

2022-10-10 16:24:09 - [TEST_STEP][PASSED] - setText(findTestObject("00-Signup and Activation/zMailinator/input_LOGIN_search"), "autotester09@mailinator.com"): Text 'autotester09@mailinator.com' is set on object 'Object Repository/00-Signup and Activation/zMailinator/input_LOGIN_search'

2022-10-10 16:24:10 - [MESSAGE][PASSED] - Text 'autotester09@mailinator.com' is set on object 'Object Repository/00-Signup and Activation/zMailinator/input_LOGIN_search'

2022-10-10 16:24:10 - [TEST_STEP][PASSED] - click(findTestObject("00-Signup and Activation/zMailinator/gobutton"), STOP_ON_FAILURE): Object: 'Object Repository/00-Signup and Activation/zMailinator/gobutton' is clicked on

2022-10-10 16:24:12 - [MESSAGE][PASSED] - Object: 'Object Repository/00-Signup and Activation/zMailinator/gobutton' is clicked on

2022-10-10 16:24:12 - [TEST_STEP][PASSED] - delay(3): Delayed 3 second(s)

2022-10-10 16:24:15 - [MESSAGE][PASSED] - Delayed 3 second(s)

2022-10-10 16:24:15 - [TEST_STEP][PASSED] - click(findTestObject("00-Signup and Activation/zMailinator/Email - everleagues")): Object: 'Object Repository/00-Signup and Activation/zMailinator/Email - everleagues' is clicked on

2022-10-10 16:24:15 - [MESSAGE][PASSED] - Object: 'Object Repository/00-Signup and Activation/zMailinator/Email - everleagues' is clicked on

2022-10-10 16:24:15 - [TEST_STEP][PASSED] - delay(3): Delayed 3 second(s)

2022-10-10 16:24:18 - [MESSAGE][PASSED] - Delayed 3 second(s)

2022-10-10 16:24:18 - [TEST_STEP][PASSED] - codetwo = getText(findTestObject("Object Repository/06-Teams/For 2FA/2FA code")): Text of object 'Object Repository/06-Teams/For 2FA/2FA code' is: '191037'

2022-10-10 16:24:18 - [MESSAGE][PASSED] - Text of object 'Object Repository/06-Teams/For 2FA/2FA code' is: '191037'

2022-10-10 16:24:18 - [TEST_STEP][PASSED] - delay(3): Delayed 3 second(s)

2022-10-10 16:24:21 - [MESSAGE][PASSED] - Delayed 3 second(s)

2022-10-10 16:24:21 - [TEST_STEP][PASSED] - closeWindowTitle("Mailinator"): Window with title: 'Mailinator' is closed

2022-10-10 16:24:21 - [MESSAGE][PASSED] - Window with title: 'Mailinator' is closed

2022-10-10 16:24:21 - [TEST_STEP][PASSED] - delay(3): Delayed 3 second(s)

2022-10-10 16:24:24 - [MESSAGE][PASSED] - Delayed 3 second(s)

2022-10-10 16:24:24 - [TEST_STEP][PASSED] - switchToWindowIndex(0): Switched to window with index: '0'

2022-10-10 16:24:24 - [MESSAGE][PASSED] - Switched to window with index: '0'

2022-10-10 16:24:24 - [TEST_STEP][PASSED] - delay(3): Delayed 3 second(s)

2022-10-10 16:24:27 - [MESSAGE][PASSED] - Delayed 3 second(s)

2022-10-10 16:24:27 - [TEST_STEP][PASSED] - setText(findTestObject("Object Repository/06-Teams/For 2FA/input_Enter verification code_code"), codetwo): Text '191037' is set on object 'Object Repository/06-Teams/For 2FA/input_Enter verification code_code'

2022-10-10 16:24:29 - [MESSAGE][PASSED] - Text '191037' is set on object 'Object Repository/06-Teams/For 2FA/input_Enter verification code_code'

2022-10-10 16:24:29 - [TEST_STEP][PASSED] - delay(3): Delayed 3 second(s)

2022-10-10 16:24:32 - [MESSAGE][PASSED] - Delayed 3 second(s)

2022-10-10 16:24:32 - [TEST_STEP][PASSED] - click(findTestObject("06-Teams/For 2FA/button_Verify_2FA")): Object: 'Object Repository/06-Teams/For 2FA/button_Verify_2FA' is clicked on

2022-10-10 16:24:32 - [MESSAGE][PASSED] - Object: 'Object Repository/06-Teams/For 2FA/button_Verify_2FA' is clicked on

2022-10-10 16:24:32 - [TEST_STEP][PASSED] - delay(5): Delayed 5 second(s)

2022-10-10 16:24:37 - [MESSAGE][PASSED] - Delayed 5 second(s)

2022-10-10 16:24:37 - [TEST_STEP][PASSED] - executeJavaScript("window.open();", []): Execute JavaScript 'window.open();' successfully

2022-10-10 16:24:37 - [MESSAGE][PASSED] - Execute JavaScript 'window.open();' successfully

2022-10-10 16:24:37 - [TEST_STEP][PASSED] - currentWindow = getWindowIndex(): Current window's index is: 0

2022-10-10 16:24:37 - [MESSAGE][PASSED] - Current window's index is: 0

2022-10-10 16:24:37 - [TEST_STEP][PASSED] - delay(3): Delayed 3 second(s)

2022-10-10 16:24:41 - [MESSAGE][PASSED] - Delayed 3 second(s)

2022-10-10 16:24:41 - [TEST_STEP][PASSED] - switchToWindowIndex(currentWindow + 1): Switched to window with index: '1'

2022-10-10 16:24:41 - [MESSAGE][PASSED] - Switched to window with index: '1'

2022-10-10 16:24:41 - [TEST_STEP][PASSED] - navigateToUrl("https://www.mailinator.com/"): Navigate to 'https://www.mailinator.com/' successfully

2022-10-10 16:24:42 - [MESSAGE][PASSED] - Navigate to 'https://www.mailinator.com/' successfully

2022-10-10 16:24:42 - [TEST_STEP][PASSED] - delay(3): Delayed 3 second(s)

2022-10-10 16:24:45 - [MESSAGE][PASSED] - Delayed 3 second(s)

2022-10-10 16:24:45 - [TEST_STEP][PASSED] - setText(findTestObject("00-Signup and Activation/zMailinator/input_LOGIN_search"), "autotester09@mailinator.com"): Text 'autotester09@mailinator.com' is set on object 'Object Repository/00-Signup and Activation/zMailinator/input_LOGIN_search'

2022-10-10 16:24:45 - [MESSAGE][PASSED] - Text 'autotester09@mailinator.com' is set on object 'Object Repository/00-Signup and Activation/zMailinator/input_LOGIN_search'

2022-10-10 16:24:45 - [TEST_STEP][PASSED] - click(findTestObject("00-Signup and Activation/zMailinator/gobutton"), STOP_ON_FAILURE): Object: 'Object Repository/00-Signup and Activation/zMailinator/gobutton' is clicked on

2022-10-10 16:24:46 - [MESSAGE][PASSED] - Object: 'Object Repository/00-Signup and Activation/zMailinator/gobutton' is clicked on

2022-10-10 16:24:46 - [TEST_STEP][PASSED] - delay(3): Delayed 3 second(s)

2022-10-10 16:24:49 - [MESSAGE][PASSED] - Delayed 3 second(s)

2022-10-10 16:24:49 - [TEST_STEP][PASSED] - closeWindowTitle("Everleagues"): Window with title: 'Everleagues' is closed

2022-10-10 16:24:49 - [MESSAGE][PASSED] - Window with title: 'Everleagues' is closed

2022-10-10 16:24:49 - [TEST_STEP][PASSED] - switchToWindowIndex(0): Switched to window with index: '0'

2022-10-10 16:24:49 - [MESSAGE][PASSED] - Switched to window with index: '0'

2022-10-10 16:24:49 - [TEST_STEP][PASSED] - click(findTestObject("09-Settings/Users/Co worker/td_Invitation from GG Automation")): Object: 'Object Repository/09-Settings/Users/Co worker/td_Invitation from GG Automation' is clicked on

2022-10-10 16:24:50 - [MESSAGE][PASSED] - Object: 'Object Repository/09-Settings/Users/Co worker/td_Invitation from GG Automation' is clicked on

2022-10-10 16:24:50 - [TEST_STEP][PASSED] - click(findTestObject("09-Settings/Users/Co worker/a_Click here to join GG Automation on EverLeagues")): Object: 'Object Repository/09-Settings/Users/Co worker/a_Click here to join GG Automation on EverLeagues' is clicked on

2022-10-10 16:24:51 - [MESSAGE][PASSED] - Object: 'Object Repository/09-Settings/Users/Co worker/a_Click here to join GG Automation on EverLeagues' is clicked on

2022-10-10 16:24:51 - [TEST_STEP][PASSED] - closeWindowTitle("Mailinator"): Window with title: 'Mailinator' is closed

2022-10-10 16:24:51 - [MESSAGE][PASSED] - Window with title: 'Mailinator' is closed

2022-10-10 16:24:51 - [TEST_STEP][PASSED] - switchToWindowIndex(0): Switched to window with index: '0'

2022-10-10 16:24:51 - [MESSAGE][PASSED] - Switched to window with index: '0'

2022-10-10 16:24:51 - [TEST_STEP][PASSED] - verifyElementVisible(findTestObject("09-Settings/Users/Client/Invite modal")): Object 'Object Repository/09-Settings/Users/Client/Invite modal' is visible

2022-10-10 16:24:56 - [MESSAGE][PASSED] - Object 'Object Repository/09-Settings/Users/Client/Invite modal' is visible

2022-10-10 16:24:56 - [TEST_STEP][PASSED] - setText(findTestObject("09-Settings/Users/Client/Company field"), "QA Company"): Text 'QA Company' is set on object 'Object Repository/09-Settings/Users/Client/Company field'

2022-10-10 16:24:57 - [MESSAGE][PASSED] - Text 'QA Company' is set on object 'Object Repository/09-Settings/Users/Client/Company field'

2022-10-10 16:24:57 - [TEST_STEP][PASSED] - click(findTestObject("09-Settings/Users/Client/button_Accept")): Object: 'Object Repository/09-Settings/Users/Client/button_Accept' is clicked on

2022-10-10 16:24:58 - [MESSAGE][PASSED] - Object: 'Object Repository/09-Settings/Users/Client/button_Accept' is clicked on

2022-10-10 16:24:58 - [TEST_STEP][PASSED] - delay(10): Delayed 10 second(s)

2022-10-10 16:25:08 - [MESSAGE][PASSED] - Delayed 10 second(s)

2022-10-10 16:25:08 - [TEST_STEP][PASSED] - verifyElementVisible(findTestObject("09-Settings/Users/Client/div_Joined as CLIENT")): Object 'Object Repository/09-Settings/Users/Client/div_Joined as CLIENT' is visible

2022-10-10 16:25:08 - [MESSAGE][PASSED] - Object 'Object Repository/09-Settings/Users/Client/div_Joined as CLIENT' is visible

2022-10-10 16:25:08 - [TEST_STEP][PASSED] - delay(3): Delayed 3 second(s)

2022-10-10 16:25:11 - [MESSAGE][PASSED] - Delayed 3 second(s)

2022-10-10 16:25:11 - [TEST_STEP][PASSED] - closeBrowser(): Browser is closed

2022-10-10 16:25:12 - [MESSAGE][PASSED] - Browser is closed]]></system-out>
         <system-err><![CDATA[]]></system-err>
      </testcase>
      <testcase name="Test Cases/09-Settings/04 - Users (Invite new user as partner)" time="228.163" classname="Test Cases/09-Settings/04 - Users (Invite new user as partner)" status="PASSED">
         <system-out><![CDATA[2022-10-10 16:25:12 - [TEST_CASE][PASSED] - Test Cases/09-Settings/04 - Users (Invite new user as partner): Test Cases/09-Settings/04 - Users (Invite new user as partner)

2022-10-10 16:25:12 - [TEST_STEP][PASSED] - openBrowser(""): Browser is opened with url: ''

2022-10-10 16:25:12 - [MESSAGE][INFO] - Starting 'Chrome' driver

2022-10-10 16:25:12 - [MESSAGE][INFO] - Action delay is set to 0 milliseconds

2022-10-10 16:25:13 - [MESSAGE][PASSED] - Browser is opened with url: ''

2022-10-10 16:25:13 - [TEST_STEP][PASSED] - navigateToUrl("https://lab.everleagues.com/"): Navigate to 'https://lab.everleagues.com/' successfully

2022-10-10 16:25:26 - [MESSAGE][PASSED] - Navigate to 'https://lab.everleagues.com/' successfully

2022-10-10 16:25:26 - [TEST_STEP][PASSED] - maximizeWindow(): Current window maximized

2022-10-10 16:25:26 - [MESSAGE][PASSED] - Current window maximized

2022-10-10 16:25:26 - [TEST_STEP][PASSED] - setText(findTestObject("02-Side Icons(Organization)/Add Contact/Email Field"), "testuser02@mailinator.com"): Text 'testuser02@mailinator.com' is set on object 'Object Repository/02-Side Icons(Organization)/Add Contact/Email Field'

2022-10-10 16:25:27 - [MESSAGE][PASSED] - Text 'testuser02@mailinator.com' is set on object 'Object Repository/02-Side Icons(Organization)/Add Contact/Email Field'

2022-10-10 16:25:27 - [TEST_STEP][PASSED] - setEncryptedText(findTestObject("02-Side Icons(Organization)/Add Contact/Password Field"), "8yFRyszE6U6jvsCn51OQbg=="): Text ****** has been set on object 'Object Repository/02-Side Icons(Organization)/Add Contact/Password Field'

2022-10-10 16:25:27 - [MESSAGE][PASSED] - Text ****** has been set on object 'Object Repository/02-Side Icons(Organization)/Add Contact/Password Field'

2022-10-10 16:25:27 - [TEST_STEP][PASSED] - click(findTestObject("02-Side Icons(Organization)/Add Contact/button_Sign in")): Object: 'Object Repository/02-Side Icons(Organization)/Add Contact/button_Sign in' is clicked on

2022-10-10 16:25:28 - [MESSAGE][PASSED] - Object: 'Object Repository/02-Side Icons(Organization)/Add Contact/button_Sign in' is clicked on

2022-10-10 16:25:28 - [TEST_STEP][PASSED] - delay(2): Delayed 2 second(s)

2022-10-10 16:25:30 - [MESSAGE][PASSED] - Delayed 2 second(s)

2022-10-10 16:25:30 - [TEST_STEP][PASSED] - click(findTestObject("06-Teams/For 2FA/button_Confirm_2FA")): Object: 'Object Repository/06-Teams/For 2FA/button_Confirm_2FA' is clicked on

2022-10-10 16:25:30 - [MESSAGE][PASSED] - Object: 'Object Repository/06-Teams/For 2FA/button_Confirm_2FA' is clicked on

2022-10-10 16:25:30 - [TEST_STEP][PASSED] - executeJavaScript("window.open();", []): Execute JavaScript 'window.open();' successfully

2022-10-10 16:25:30 - [MESSAGE][PASSED] - Execute JavaScript 'window.open();' successfully

2022-10-10 16:25:30 - [TEST_STEP][PASSED] - currentWindow = getWindowIndex(): Current window's index is: 0

2022-10-10 16:25:30 - [MESSAGE][PASSED] - Current window's index is: 0

2022-10-10 16:25:30 - [TEST_STEP][PASSED] - delay(3): Delayed 3 second(s)

2022-10-10 16:25:33 - [MESSAGE][PASSED] - Delayed 3 second(s)

2022-10-10 16:25:33 - [TEST_STEP][PASSED] - switchToWindowIndex(currentWindow + 1): Switched to window with index: '1'

2022-10-10 16:25:33 - [MESSAGE][PASSED] - Switched to window with index: '1'

2022-10-10 16:25:33 - [TEST_STEP][PASSED] - navigateToUrl("https://www.mailinator.com/"): Navigate to 'https://www.mailinator.com/' successfully

2022-10-10 16:25:35 - [MESSAGE][PASSED] - Navigate to 'https://www.mailinator.com/' successfully

2022-10-10 16:25:35 - [TEST_STEP][PASSED] - delay(3): Delayed 3 second(s)

2022-10-10 16:25:38 - [MESSAGE][PASSED] - Delayed 3 second(s)

2022-10-10 16:25:38 - [TEST_STEP][PASSED] - setText(findTestObject("00-Signup and Activation/zMailinator/input_LOGIN_search"), "testuser02@mailinator.com"): Text 'testuser02@mailinator.com' is set on object 'Object Repository/00-Signup and Activation/zMailinator/input_LOGIN_search'

2022-10-10 16:25:39 - [MESSAGE][PASSED] - Text 'testuser02@mailinator.com' is set on object 'Object Repository/00-Signup and Activation/zMailinator/input_LOGIN_search'

2022-10-10 16:25:39 - [TEST_STEP][PASSED] - click(findTestObject("00-Signup and Activation/zMailinator/gobutton"), STOP_ON_FAILURE): Object: 'Object Repository/00-Signup and Activation/zMailinator/gobutton' is clicked on

2022-10-10 16:25:41 - [MESSAGE][PASSED] - Object: 'Object Repository/00-Signup and Activation/zMailinator/gobutton' is clicked on

2022-10-10 16:25:41 - [TEST_STEP][PASSED] - delay(3): Delayed 3 second(s)

2022-10-10 16:25:44 - [MESSAGE][PASSED] - Delayed 3 second(s)

2022-10-10 16:25:44 - [TEST_STEP][PASSED] - click(findTestObject("00-Signup and Activation/zMailinator/Email - everleagues")): Object: 'Object Repository/00-Signup and Activation/zMailinator/Email - everleagues' is clicked on

2022-10-10 16:25:44 - [MESSAGE][PASSED] - Object: 'Object Repository/00-Signup and Activation/zMailinator/Email - everleagues' is clicked on

2022-10-10 16:25:44 - [TEST_STEP][PASSED] - delay(3): Delayed 3 second(s)

2022-10-10 16:25:47 - [MESSAGE][PASSED] - Delayed 3 second(s)

2022-10-10 16:25:47 - [TEST_STEP][PASSED] - code = getText(findTestObject("Object Repository/06-Teams/For 2FA/2FA code")): Text of object 'Object Repository/06-Teams/For 2FA/2FA code' is: '486024'

2022-10-10 16:25:47 - [MESSAGE][PASSED] - Text of object 'Object Repository/06-Teams/For 2FA/2FA code' is: '486024'

2022-10-10 16:25:47 - [TEST_STEP][PASSED] - delay(3): Delayed 3 second(s)

2022-10-10 16:25:50 - [MESSAGE][PASSED] - Delayed 3 second(s)

2022-10-10 16:25:50 - [TEST_STEP][PASSED] - closeWindowTitle("Mailinator"): Window with title: 'Mailinator' is closed

2022-10-10 16:25:51 - [MESSAGE][PASSED] - Window with title: 'Mailinator' is closed

2022-10-10 16:25:51 - [TEST_STEP][PASSED] - delay(3): Delayed 3 second(s)

2022-10-10 16:25:54 - [MESSAGE][PASSED] - Delayed 3 second(s)

2022-10-10 16:25:54 - [TEST_STEP][PASSED] - switchToWindowIndex(0): Switched to window with index: '0'

2022-10-10 16:25:54 - [MESSAGE][PASSED] - Switched to window with index: '0'

2022-10-10 16:25:54 - [TEST_STEP][PASSED] - delay(3): Delayed 3 second(s)

2022-10-10 16:25:57 - [MESSAGE][PASSED] - Delayed 3 second(s)

2022-10-10 16:25:57 - [TEST_STEP][PASSED] - setText(findTestObject("Object Repository/06-Teams/For 2FA/input_Enter verification code_code"), code): Text '486024' is set on object 'Object Repository/06-Teams/For 2FA/input_Enter verification code_code'

2022-10-10 16:25:57 - [MESSAGE][PASSED] - Text '486024' is set on object 'Object Repository/06-Teams/For 2FA/input_Enter verification code_code'

2022-10-10 16:25:57 - [TEST_STEP][PASSED] - delay(3): Delayed 3 second(s)

2022-10-10 16:26:00 - [MESSAGE][PASSED] - Delayed 3 second(s)

2022-10-10 16:26:00 - [TEST_STEP][PASSED] - click(findTestObject("06-Teams/For 2FA/button_Verify_2FA")): Object: 'Object Repository/06-Teams/For 2FA/button_Verify_2FA' is clicked on

2022-10-10 16:26:01 - [MESSAGE][PASSED] - Object: 'Object Repository/06-Teams/For 2FA/button_Verify_2FA' is clicked on

2022-10-10 16:26:01 - [TEST_STEP][PASSED] - delay(5): Delayed 5 second(s)

2022-10-10 16:26:06 - [MESSAGE][PASSED] - Delayed 5 second(s)

2022-10-10 16:26:06 - [TEST_STEP][PASSED] - click(findTestObject("06-Teams/button_doublearrow")): Object: 'Object Repository/06-Teams/button_doublearrow' is clicked on

2022-10-10 16:26:06 - [MESSAGE][PASSED] - Object: 'Object Repository/06-Teams/button_doublearrow' is clicked on

2022-10-10 16:26:06 - [TEST_STEP][PASSED] - click(findTestObject("06-Teams/button_My Organizations")): Object: 'Object Repository/06-Teams/button_My Organizations' is clicked on

2022-10-10 16:26:07 - [MESSAGE][PASSED] - Object: 'Object Repository/06-Teams/button_My Organizations' is clicked on

2022-10-10 16:26:07 - [TEST_STEP][PASSED] - click(findTestObject("06-Teams/button_GG Automation")): Object: 'Object Repository/06-Teams/button_GG Automation' is clicked on

2022-10-10 16:26:08 - [MESSAGE][PASSED] - Object: 'Object Repository/06-Teams/button_GG Automation' is clicked on

2022-10-10 16:26:08 - [TEST_STEP][PASSED] - delay(4): Delayed 4 second(s)

2022-10-10 16:26:12 - [MESSAGE][PASSED] - Delayed 4 second(s)

2022-10-10 16:26:12 - [TEST_STEP][PASSED] - verifyElementVisible(findTestObject("06-Teams/span_GG Automation")): Object 'Object Repository/06-Teams/span_GG Automation' is visible

2022-10-10 16:26:12 - [MESSAGE][PASSED] - Object 'Object Repository/06-Teams/span_GG Automation' is visible

2022-10-10 16:26:12 - [TEST_STEP][PASSED] - delay(10): Delayed 10 second(s)

2022-10-10 16:26:22 - [MESSAGE][PASSED] - Delayed 10 second(s)

2022-10-10 16:26:22 - [TEST_STEP][PASSED] - click(findTestObject("03-Header Menu/Hamburger Button/div_Settings")): Object: 'Object Repository/03-Header Menu/Hamburger Button/div_Settings' is clicked on

2022-10-10 16:26:23 - [MESSAGE][PASSED] - Object: 'Object Repository/03-Header Menu/Hamburger Button/div_Settings' is clicked on

2022-10-10 16:26:23 - [TEST_STEP][PASSED] - delay(3): Delayed 3 second(s)

2022-10-10 16:26:26 - [MESSAGE][PASSED] - Delayed 3 second(s)

2022-10-10 16:26:26 - [TEST_STEP][PASSED] - click(findTestObject("09-Settings/Users/div_Users")): Object: 'Object Repository/09-Settings/Users/div_Users' is clicked on

2022-10-10 16:26:26 - [MESSAGE][PASSED] - Object: 'Object Repository/09-Settings/Users/div_Users' is clicked on

2022-10-10 16:26:26 - [TEST_STEP][PASSED] - delay(3): Delayed 3 second(s)

2022-10-10 16:26:29 - [MESSAGE][PASSED] - Delayed 3 second(s)

2022-10-10 16:26:29 - [TEST_STEP][PASSED] - click(findTestObject("09-Settings/Users/button_add")): Object: 'Object Repository/09-Settings/Users/button_add' is clicked on

2022-10-10 16:26:30 - [MESSAGE][PASSED] - Object: 'Object Repository/09-Settings/Users/button_add' is clicked on

2022-10-10 16:26:30 - [TEST_STEP][PASSED] - delay(3): Delayed 3 second(s)

2022-10-10 16:26:33 - [MESSAGE][PASSED] - Delayed 3 second(s)

2022-10-10 16:26:33 - [TEST_STEP][PASSED] - click(findTestObject("09-Settings/Users/add Invite a single user")): Object: 'Object Repository/09-Settings/Users/add Invite a single user' is clicked on

2022-10-10 16:26:33 - [MESSAGE][PASSED] - Object: 'Object Repository/09-Settings/Users/add Invite a single user' is clicked on

2022-10-10 16:26:33 - [TEST_STEP][PASSED] - delay(3): Delayed 3 second(s)

2022-10-10 16:26:36 - [MESSAGE][PASSED] - Delayed 3 second(s)

2022-10-10 16:26:36 - [TEST_STEP][PASSED] - setText(findTestObject("09-Settings/Users/input_email"), "autotester10@mailinator.com"): Text 'autotester10@mailinator.com' is set on object 'Object Repository/09-Settings/Users/input_email'

2022-10-10 16:26:37 - [MESSAGE][PASSED] - Text 'autotester10@mailinator.com' is set on object 'Object Repository/09-Settings/Users/input_email'

2022-10-10 16:26:37 - [TEST_STEP][PASSED] - setText(findTestObject("09-Settings/Users/input_firstName"), "GG"): Text 'GG' is set on object 'Object Repository/09-Settings/Users/input_firstName'

2022-10-10 16:26:38 - [MESSAGE][PASSED] - Text 'GG' is set on object 'Object Repository/09-Settings/Users/input_firstName'

2022-10-10 16:26:38 - [TEST_STEP][PASSED] - setText(findTestObject("09-Settings/Users/input_lastName"), "Partner"): Text 'Partner' is set on object 'Object Repository/09-Settings/Users/input_lastName'

2022-10-10 16:26:39 - [MESSAGE][PASSED] - Text 'Partner' is set on object 'Object Repository/09-Settings/Users/input_lastName'

2022-10-10 16:26:39 - [TEST_STEP][PASSED] - click(findTestObject("09-Settings/Users/span_Role")): Object: 'Object Repository/09-Settings/Users/span_Role' is clicked on

2022-10-10 16:26:39 - [MESSAGE][PASSED] - Object: 'Object Repository/09-Settings/Users/span_Role' is clicked on

2022-10-10 16:26:39 - [TEST_STEP][PASSED] - click(findTestObject("09-Settings/Users/span_Partner")): Object: 'Object Repository/09-Settings/Users/span_Partner' is clicked on

2022-10-10 16:26:40 - [MESSAGE][PASSED] - Object: 'Object Repository/09-Settings/Users/span_Partner' is clicked on

2022-10-10 16:26:40 - [TEST_STEP][PASSED] - click(findTestObject("09-Settings/Users/button_Send Invitation")): Object: 'Object Repository/09-Settings/Users/button_Send Invitation' is clicked on

2022-10-10 16:26:41 - [MESSAGE][PASSED] - Object: 'Object Repository/09-Settings/Users/button_Send Invitation' is clicked on

2022-10-10 16:26:41 - [TEST_STEP][PASSED] - delay(2): Delayed 2 second(s)

2022-10-10 16:26:43 - [MESSAGE][PASSED] - Delayed 2 second(s)

2022-10-10 16:26:43 - [TEST_STEP][PASSED] - verifyElementVisible(findTestObject("07-Directory/Connections/zContact Profile/Successfully invited user")): Object 'Object Repository/07-Directory/Connections/zContact Profile/Successfully invited user' is visible

2022-10-10 16:26:44 - [MESSAGE][PASSED] - Object 'Object Repository/07-Directory/Connections/zContact Profile/Successfully invited user' is visible

2022-10-10 16:26:44 - [TEST_STEP][PASSED] - delay(2): Delayed 2 second(s)

2022-10-10 16:26:46 - [MESSAGE][PASSED] - Delayed 2 second(s)

2022-10-10 16:26:46 - [TEST_STEP][PASSED] - click(findTestObject("01-Login and Forgot Password/User menu drop")): Object: 'Object Repository/01-Login and Forgot Password/User menu drop' is clicked on

2022-10-10 16:26:46 - [MESSAGE][PASSED] - Object: 'Object Repository/01-Login and Forgot Password/User menu drop' is clicked on

2022-10-10 16:26:46 - [TEST_STEP][PASSED] - delay(2): Delayed 2 second(s)

2022-10-10 16:26:48 - [MESSAGE][PASSED] - Delayed 2 second(s)

2022-10-10 16:26:48 - [TEST_STEP][PASSED] - click(findTestObject("01-Login and Forgot Password/h4_Sign Out"), STOP_ON_FAILURE): Object: 'Object Repository/01-Login and Forgot Password/h4_Sign Out' is clicked on

2022-10-10 16:26:48 - [MESSAGE][PASSED] - Object: 'Object Repository/01-Login and Forgot Password/h4_Sign Out' is clicked on

2022-10-10 16:26:48 - [TEST_STEP][PASSED] - delay(2): Delayed 2 second(s)

2022-10-10 16:26:50 - [MESSAGE][PASSED] - Delayed 2 second(s)

2022-10-10 16:26:50 - [TEST_STEP][PASSED] - verifyElementPresent(findTestObject("01-Login and Forgot Password/Login_Card"), 0): Object 'Object Repository/01-Login and Forgot Password/Login_Card' is present

2022-10-10 16:26:50 - [MESSAGE][WARNING] - Timeout '0' is invalid. Using default page load timeout: '30'

2022-10-10 16:26:51 - [MESSAGE][PASSED] - Object 'Object Repository/01-Login and Forgot Password/Login_Card' is present

2022-10-10 16:26:51 - [TEST_STEP][PASSED] - delay(3): Delayed 3 second(s)

2022-10-10 16:26:54 - [MESSAGE][PASSED] - Delayed 3 second(s)

2022-10-10 16:26:54 - [TEST_STEP][PASSED] - closeBrowser(): Browser is closed

2022-10-10 16:26:54 - [MESSAGE][PASSED] - Browser is closed

2022-10-10 16:26:54 - [TEST_STEP][PASSED] - openBrowser(""): Browser is opened with url: ''

2022-10-10 16:26:54 - [MESSAGE][INFO] - Starting 'Chrome' driver

2022-10-10 16:26:54 - [MESSAGE][INFO] - Action delay is set to 0 milliseconds

2022-10-10 16:26:55 - [MESSAGE][PASSED] - Browser is opened with url: ''

2022-10-10 16:26:55 - [TEST_STEP][PASSED] - navigateToUrl("https://lab.everleagues.com/"): Navigate to 'https://lab.everleagues.com/' successfully

2022-10-10 16:27:45 - [MESSAGE][PASSED] - Navigate to 'https://lab.everleagues.com/' successfully

2022-10-10 16:27:45 - [TEST_STEP][PASSED] - maximizeWindow(): Current window maximized

2022-10-10 16:27:45 - [MESSAGE][PASSED] - Current window maximized

2022-10-10 16:27:45 - [TEST_STEP][PASSED] - setText(findTestObject("02-Side Icons(Organization)/Add Contact/Email Field"), "autotester10@mailinator.com"): Text 'autotester10@mailinator.com' is set on object 'Object Repository/02-Side Icons(Organization)/Add Contact/Email Field'

2022-10-10 16:27:46 - [MESSAGE][PASSED] - Text 'autotester10@mailinator.com' is set on object 'Object Repository/02-Side Icons(Organization)/Add Contact/Email Field'

2022-10-10 16:27:46 - [TEST_STEP][PASSED] - setEncryptedText(findTestObject("02-Side Icons(Organization)/Add Contact/Password Field"), "8yFRyszE6U6jvsCn51OQbg=="): Text ****** has been set on object 'Object Repository/02-Side Icons(Organization)/Add Contact/Password Field'

2022-10-10 16:27:46 - [MESSAGE][PASSED] - Text ****** has been set on object 'Object Repository/02-Side Icons(Organization)/Add Contact/Password Field'

2022-10-10 16:27:46 - [TEST_STEP][PASSED] - click(findTestObject("02-Side Icons(Organization)/Add Contact/button_Sign in")): Object: 'Object Repository/02-Side Icons(Organization)/Add Contact/button_Sign in' is clicked on

2022-10-10 16:27:47 - [MESSAGE][PASSED] - Object: 'Object Repository/02-Side Icons(Organization)/Add Contact/button_Sign in' is clicked on

2022-10-10 16:27:47 - [TEST_STEP][PASSED] - delay(2): Delayed 2 second(s)

2022-10-10 16:27:49 - [MESSAGE][PASSED] - Delayed 2 second(s)

2022-10-10 16:27:49 - [TEST_STEP][PASSED] - click(findTestObject("06-Teams/For 2FA/button_Confirm_2FA")): Object: 'Object Repository/06-Teams/For 2FA/button_Confirm_2FA' is clicked on

2022-10-10 16:27:49 - [MESSAGE][PASSED] - Object: 'Object Repository/06-Teams/For 2FA/button_Confirm_2FA' is clicked on

2022-10-10 16:27:49 - [TEST_STEP][PASSED] - executeJavaScript("window.open();", []): Execute JavaScript 'window.open();' successfully

2022-10-10 16:27:49 - [MESSAGE][PASSED] - Execute JavaScript 'window.open();' successfully

2022-10-10 16:27:49 - [TEST_STEP][PASSED] - currentWindow = getWindowIndex(): Current window's index is: 0

2022-10-10 16:27:49 - [MESSAGE][PASSED] - Current window's index is: 0

2022-10-10 16:27:49 - [TEST_STEP][PASSED] - delay(3): Delayed 3 second(s)

2022-10-10 16:27:53 - [MESSAGE][PASSED] - Delayed 3 second(s)

2022-10-10 16:27:53 - [TEST_STEP][PASSED] - switchToWindowIndex(currentWindow + 1): Switched to window with index: '1'

2022-10-10 16:27:53 - [MESSAGE][PASSED] - Switched to window with index: '1'

2022-10-10 16:27:53 - [TEST_STEP][PASSED] - navigateToUrl("https://www.mailinator.com/"): Navigate to 'https://www.mailinator.com/' successfully

2022-10-10 16:27:55 - [MESSAGE][PASSED] - Navigate to 'https://www.mailinator.com/' successfully

2022-10-10 16:27:55 - [TEST_STEP][PASSED] - delay(3): Delayed 3 second(s)

2022-10-10 16:27:58 - [MESSAGE][PASSED] - Delayed 3 second(s)

2022-10-10 16:27:58 - [TEST_STEP][PASSED] - setText(findTestObject("00-Signup and Activation/zMailinator/input_LOGIN_search"), "autotester10@mailinator.com"): Text 'autotester10@mailinator.com' is set on object 'Object Repository/00-Signup and Activation/zMailinator/input_LOGIN_search'

2022-10-10 16:27:59 - [MESSAGE][PASSED] - Text 'autotester10@mailinator.com' is set on object 'Object Repository/00-Signup and Activation/zMailinator/input_LOGIN_search'

2022-10-10 16:27:59 - [TEST_STEP][PASSED] - click(findTestObject("00-Signup and Activation/zMailinator/gobutton"), STOP_ON_FAILURE): Object: 'Object Repository/00-Signup and Activation/zMailinator/gobutton' is clicked on

2022-10-10 16:28:00 - [MESSAGE][PASSED] - Object: 'Object Repository/00-Signup and Activation/zMailinator/gobutton' is clicked on

2022-10-10 16:28:00 - [TEST_STEP][PASSED] - delay(3): Delayed 3 second(s)

2022-10-10 16:28:03 - [MESSAGE][PASSED] - Delayed 3 second(s)

2022-10-10 16:28:03 - [TEST_STEP][PASSED] - click(findTestObject("00-Signup and Activation/zMailinator/Email - everleagues")): Object: 'Object Repository/00-Signup and Activation/zMailinator/Email - everleagues' is clicked on

2022-10-10 16:28:03 - [MESSAGE][PASSED] - Object: 'Object Repository/00-Signup and Activation/zMailinator/Email - everleagues' is clicked on

2022-10-10 16:28:03 - [TEST_STEP][PASSED] - delay(3): Delayed 3 second(s)

2022-10-10 16:28:06 - [MESSAGE][PASSED] - Delayed 3 second(s)

2022-10-10 16:28:06 - [TEST_STEP][PASSED] - codetwo = getText(findTestObject("Object Repository/06-Teams/For 2FA/2FA code")): Text of object 'Object Repository/06-Teams/For 2FA/2FA code' is: '741191'

2022-10-10 16:28:07 - [MESSAGE][PASSED] - Text of object 'Object Repository/06-Teams/For 2FA/2FA code' is: '741191'

2022-10-10 16:28:07 - [TEST_STEP][PASSED] - delay(3): Delayed 3 second(s)

2022-10-10 16:28:10 - [MESSAGE][PASSED] - Delayed 3 second(s)

2022-10-10 16:28:10 - [TEST_STEP][PASSED] - closeWindowTitle("Mailinator"): Window with title: 'Mailinator' is closed

2022-10-10 16:28:10 - [MESSAGE][PASSED] - Window with title: 'Mailinator' is closed

2022-10-10 16:28:10 - [TEST_STEP][PASSED] - delay(3): Delayed 3 second(s)

2022-10-10 16:28:13 - [MESSAGE][PASSED] - Delayed 3 second(s)

2022-10-10 16:28:13 - [TEST_STEP][PASSED] - switchToWindowIndex(0): Switched to window with index: '0'

2022-10-10 16:28:13 - [MESSAGE][PASSED] - Switched to window with index: '0'

2022-10-10 16:28:13 - [TEST_STEP][PASSED] - delay(3): Delayed 3 second(s)

2022-10-10 16:28:16 - [MESSAGE][PASSED] - Delayed 3 second(s)

2022-10-10 16:28:16 - [TEST_STEP][PASSED] - setText(findTestObject("Object Repository/06-Teams/For 2FA/input_Enter verification code_code"), codetwo): Text '741191' is set on object 'Object Repository/06-Teams/For 2FA/input_Enter verification code_code'

2022-10-10 16:28:17 - [MESSAGE][PASSED] - Text '741191' is set on object 'Object Repository/06-Teams/For 2FA/input_Enter verification code_code'

2022-10-10 16:28:17 - [TEST_STEP][PASSED] - delay(3): Delayed 3 second(s)

2022-10-10 16:28:20 - [MESSAGE][PASSED] - Delayed 3 second(s)

2022-10-10 16:28:20 - [TEST_STEP][PASSED] - click(findTestObject("06-Teams/For 2FA/button_Verify_2FA")): Object: 'Object Repository/06-Teams/For 2FA/button_Verify_2FA' is clicked on

2022-10-10 16:28:20 - [MESSAGE][PASSED] - Object: 'Object Repository/06-Teams/For 2FA/button_Verify_2FA' is clicked on

2022-10-10 16:28:20 - [TEST_STEP][PASSED] - delay(5): Delayed 5 second(s)

2022-10-10 16:28:25 - [MESSAGE][PASSED] - Delayed 5 second(s)

2022-10-10 16:28:25 - [TEST_STEP][PASSED] - executeJavaScript("window.open();", []): Execute JavaScript 'window.open();' successfully

2022-10-10 16:28:25 - [MESSAGE][PASSED] - Execute JavaScript 'window.open();' successfully

2022-10-10 16:28:25 - [TEST_STEP][PASSED] - currentWindow = getWindowIndex(): Current window's index is: 0

2022-10-10 16:28:25 - [MESSAGE][PASSED] - Current window's index is: 0

2022-10-10 16:28:25 - [TEST_STEP][PASSED] - delay(3): Delayed 3 second(s)

2022-10-10 16:28:28 - [MESSAGE][PASSED] - Delayed 3 second(s)

2022-10-10 16:28:28 - [TEST_STEP][PASSED] - switchToWindowIndex(currentWindow + 1): Switched to window with index: '1'

2022-10-10 16:28:29 - [MESSAGE][PASSED] - Switched to window with index: '1'

2022-10-10 16:28:29 - [TEST_STEP][PASSED] - navigateToUrl("https://www.mailinator.com/"): Navigate to 'https://www.mailinator.com/' successfully

2022-10-10 16:28:30 - [MESSAGE][PASSED] - Navigate to 'https://www.mailinator.com/' successfully

2022-10-10 16:28:30 - [TEST_STEP][PASSED] - delay(3): Delayed 3 second(s)

2022-10-10 16:28:33 - [MESSAGE][PASSED] - Delayed 3 second(s)

2022-10-10 16:28:33 - [TEST_STEP][PASSED] - setText(findTestObject("00-Signup and Activation/zMailinator/input_LOGIN_search"), "autotester10@mailinator.com"): Text 'autotester10@mailinator.com' is set on object 'Object Repository/00-Signup and Activation/zMailinator/input_LOGIN_search'

2022-10-10 16:28:33 - [MESSAGE][PASSED] - Text 'autotester10@mailinator.com' is set on object 'Object Repository/00-Signup and Activation/zMailinator/input_LOGIN_search'

2022-10-10 16:28:33 - [TEST_STEP][PASSED] - click(findTestObject("00-Signup and Activation/zMailinator/gobutton"), STOP_ON_FAILURE): Object: 'Object Repository/00-Signup and Activation/zMailinator/gobutton' is clicked on

2022-10-10 16:28:34 - [MESSAGE][PASSED] - Object: 'Object Repository/00-Signup and Activation/zMailinator/gobutton' is clicked on

2022-10-10 16:28:34 - [TEST_STEP][PASSED] - delay(3): Delayed 3 second(s)

2022-10-10 16:28:37 - [MESSAGE][PASSED] - Delayed 3 second(s)

2022-10-10 16:28:37 - [TEST_STEP][PASSED] - closeWindowTitle("Everleagues"): Window with title: 'Everleagues' is closed

2022-10-10 16:28:37 - [MESSAGE][PASSED] - Window with title: 'Everleagues' is closed

2022-10-10 16:28:37 - [TEST_STEP][PASSED] - switchToWindowIndex(0): Switched to window with index: '0'

2022-10-10 16:28:37 - [MESSAGE][PASSED] - Switched to window with index: '0'

2022-10-10 16:28:37 - [TEST_STEP][PASSED] - click(findTestObject("09-Settings/Users/Co worker/td_Invitation from GG Automation")): Object: 'Object Repository/09-Settings/Users/Co worker/td_Invitation from GG Automation' is clicked on

2022-10-10 16:28:38 - [MESSAGE][PASSED] - Object: 'Object Repository/09-Settings/Users/Co worker/td_Invitation from GG Automation' is clicked on

2022-10-10 16:28:38 - [TEST_STEP][PASSED] - click(findTestObject("09-Settings/Users/Co worker/a_Click here to join GG Automation on EverLeagues")): Object: 'Object Repository/09-Settings/Users/Co worker/a_Click here to join GG Automation on EverLeagues' is clicked on

2022-10-10 16:28:39 - [MESSAGE][PASSED] - Object: 'Object Repository/09-Settings/Users/Co worker/a_Click here to join GG Automation on EverLeagues' is clicked on

2022-10-10 16:28:39 - [TEST_STEP][PASSED] - closeWindowTitle("Mailinator"): Window with title: 'Mailinator' is closed

2022-10-10 16:28:39 - [MESSAGE][PASSED] - Window with title: 'Mailinator' is closed

2022-10-10 16:28:39 - [TEST_STEP][PASSED] - switchToWindowIndex(0): Switched to window with index: '0'

2022-10-10 16:28:39 - [MESSAGE][PASSED] - Switched to window with index: '0'

2022-10-10 16:28:39 - [TEST_STEP][PASSED] - verifyElementVisible(findTestObject("09-Settings/Users/Client/Invite modal")): Object 'Object Repository/09-Settings/Users/Client/Invite modal' is visible

2022-10-10 16:28:45 - [MESSAGE][PASSED] - Object 'Object Repository/09-Settings/Users/Client/Invite modal' is visible

2022-10-10 16:28:45 - [TEST_STEP][PASSED] - setText(findTestObject("09-Settings/Users/Client/Company field"), "QA Company"): Text 'QA Company' is set on object 'Object Repository/09-Settings/Users/Client/Company field'

2022-10-10 16:28:45 - [MESSAGE][PASSED] - Text 'QA Company' is set on object 'Object Repository/09-Settings/Users/Client/Company field'

2022-10-10 16:28:45 - [TEST_STEP][PASSED] - click(findTestObject("09-Settings/Users/Client/button_Accept")): Object: 'Object Repository/09-Settings/Users/Client/button_Accept' is clicked on

2022-10-10 16:28:46 - [MESSAGE][PASSED] - Object: 'Object Repository/09-Settings/Users/Client/button_Accept' is clicked on

2022-10-10 16:28:46 - [TEST_STEP][PASSED] - delay(10): Delayed 10 second(s)

2022-10-10 16:28:56 - [MESSAGE][PASSED] - Delayed 10 second(s)

2022-10-10 16:28:56 - [TEST_STEP][PASSED] - verifyElementVisible(findTestObject("09-Settings/Users/div_Joined as Partner")): Object 'Object Repository/09-Settings/Users/div_Joined as Partner' is visible

2022-10-10 16:28:56 - [MESSAGE][PASSED] - Object 'Object Repository/09-Settings/Users/div_Joined as Partner' is visible

2022-10-10 16:28:56 - [TEST_STEP][PASSED] - delay(3): Delayed 3 second(s)

2022-10-10 16:28:59 - [MESSAGE][PASSED] - Delayed 3 second(s)

2022-10-10 16:28:59 - [TEST_STEP][PASSED] - closeBrowser(): Browser is closed

2022-10-10 16:29:00 - [MESSAGE][PASSED] - Browser is closed]]></system-out>
         <system-err><![CDATA[]]></system-err>
      </testcase>
      <testcase name="Test Cases/09-Settings/05 - Users (Invite batch of users via CSV file)" time="112.279" classname="Test Cases/09-Settings/05 - Users (Invite batch of users via CSV file)" status="PASSED">
         <system-out><![CDATA[2022-10-10 16:29:00 - [TEST_CASE][PASSED] - Test Cases/09-Settings/05 - Users (Invite batch of users via CSV file): Test Cases/09-Settings/05 - Users (Invite batch of users via CSV file)

2022-10-10 16:29:00 - [TEST_STEP][PASSED] - openBrowser(""): Browser is opened with url: ''

2022-10-10 16:29:00 - [MESSAGE][INFO] - Starting 'Chrome' driver

2022-10-10 16:29:00 - [MESSAGE][INFO] - Action delay is set to 0 milliseconds

2022-10-10 16:29:01 - [MESSAGE][PASSED] - Browser is opened with url: ''

2022-10-10 16:29:01 - [TEST_STEP][PASSED] - navigateToUrl("https://lab.everleagues.com/"): Navigate to 'https://lab.everleagues.com/' successfully

2022-10-10 16:29:14 - [MESSAGE][PASSED] - Navigate to 'https://lab.everleagues.com/' successfully

2022-10-10 16:29:14 - [TEST_STEP][PASSED] - maximizeWindow(): Current window maximized

2022-10-10 16:29:14 - [MESSAGE][PASSED] - Current window maximized

2022-10-10 16:29:14 - [TEST_STEP][PASSED] - setText(findTestObject("02-Side Icons(Organization)/Add Contact/Email Field"), "testuser02@mailinator.com"): Text 'testuser02@mailinator.com' is set on object 'Object Repository/02-Side Icons(Organization)/Add Contact/Email Field'

2022-10-10 16:29:15 - [MESSAGE][PASSED] - Text 'testuser02@mailinator.com' is set on object 'Object Repository/02-Side Icons(Organization)/Add Contact/Email Field'

2022-10-10 16:29:15 - [TEST_STEP][PASSED] - setEncryptedText(findTestObject("02-Side Icons(Organization)/Add Contact/Password Field"), "8yFRyszE6U6jvsCn51OQbg=="): Text ****** has been set on object 'Object Repository/02-Side Icons(Organization)/Add Contact/Password Field'

2022-10-10 16:29:15 - [MESSAGE][PASSED] - Text ****** has been set on object 'Object Repository/02-Side Icons(Organization)/Add Contact/Password Field'

2022-10-10 16:29:15 - [TEST_STEP][PASSED] - click(findTestObject("02-Side Icons(Organization)/Add Contact/button_Sign in")): Object: 'Object Repository/02-Side Icons(Organization)/Add Contact/button_Sign in' is clicked on

2022-10-10 16:29:16 - [MESSAGE][PASSED] - Object: 'Object Repository/02-Side Icons(Organization)/Add Contact/button_Sign in' is clicked on

2022-10-10 16:29:16 - [TEST_STEP][PASSED] - delay(2): Delayed 2 second(s)

2022-10-10 16:29:18 - [MESSAGE][PASSED] - Delayed 2 second(s)

2022-10-10 16:29:18 - [TEST_STEP][PASSED] - click(findTestObject("06-Teams/For 2FA/button_Confirm_2FA")): Object: 'Object Repository/06-Teams/For 2FA/button_Confirm_2FA' is clicked on

2022-10-10 16:29:18 - [MESSAGE][PASSED] - Object: 'Object Repository/06-Teams/For 2FA/button_Confirm_2FA' is clicked on

2022-10-10 16:29:18 - [TEST_STEP][PASSED] - executeJavaScript("window.open();", []): Execute JavaScript 'window.open();' successfully

2022-10-10 16:29:18 - [MESSAGE][PASSED] - Execute JavaScript 'window.open();' successfully

2022-10-10 16:29:18 - [TEST_STEP][PASSED] - currentWindow = getWindowIndex(): Current window's index is: 0

2022-10-10 16:29:18 - [MESSAGE][PASSED] - Current window's index is: 0

2022-10-10 16:29:18 - [TEST_STEP][PASSED] - delay(3): Delayed 3 second(s)

2022-10-10 16:29:21 - [MESSAGE][PASSED] - Delayed 3 second(s)

2022-10-10 16:29:21 - [TEST_STEP][PASSED] - switchToWindowIndex(currentWindow + 1): Switched to window with index: '1'

2022-10-10 16:29:21 - [MESSAGE][PASSED] - Switched to window with index: '1'

2022-10-10 16:29:21 - [TEST_STEP][PASSED] - navigateToUrl("https://www.mailinator.com/"): Navigate to 'https://www.mailinator.com/' successfully

2022-10-10 16:29:23 - [MESSAGE][PASSED] - Navigate to 'https://www.mailinator.com/' successfully

2022-10-10 16:29:23 - [TEST_STEP][PASSED] - delay(3): Delayed 3 second(s)

2022-10-10 16:29:26 - [MESSAGE][PASSED] - Delayed 3 second(s)

2022-10-10 16:29:26 - [TEST_STEP][PASSED] - setText(findTestObject("00-Signup and Activation/zMailinator/input_LOGIN_search"), "testuser02@mailinator.com"): Text 'testuser02@mailinator.com' is set on object 'Object Repository/00-Signup and Activation/zMailinator/input_LOGIN_search'

2022-10-10 16:29:27 - [MESSAGE][PASSED] - Text 'testuser02@mailinator.com' is set on object 'Object Repository/00-Signup and Activation/zMailinator/input_LOGIN_search'

2022-10-10 16:29:27 - [TEST_STEP][PASSED] - click(findTestObject("00-Signup and Activation/zMailinator/gobutton"), STOP_ON_FAILURE): Object: 'Object Repository/00-Signup and Activation/zMailinator/gobutton' is clicked on

2022-10-10 16:29:29 - [MESSAGE][PASSED] - Object: 'Object Repository/00-Signup and Activation/zMailinator/gobutton' is clicked on

2022-10-10 16:29:29 - [TEST_STEP][PASSED] - delay(3): Delayed 3 second(s)

2022-10-10 16:29:32 - [MESSAGE][PASSED] - Delayed 3 second(s)

2022-10-10 16:29:32 - [TEST_STEP][PASSED] - click(findTestObject("00-Signup and Activation/zMailinator/Email - everleagues")): Object: 'Object Repository/00-Signup and Activation/zMailinator/Email - everleagues' is clicked on

2022-10-10 16:29:32 - [MESSAGE][PASSED] - Object: 'Object Repository/00-Signup and Activation/zMailinator/Email - everleagues' is clicked on

2022-10-10 16:29:32 - [TEST_STEP][PASSED] - delay(3): Delayed 3 second(s)

2022-10-10 16:29:35 - [MESSAGE][PASSED] - Delayed 3 second(s)

2022-10-10 16:29:35 - [TEST_STEP][PASSED] - code = getText(findTestObject("Object Repository/06-Teams/For 2FA/2FA code")): Text of object 'Object Repository/06-Teams/For 2FA/2FA code' is: '205407'

2022-10-10 16:29:36 - [MESSAGE][PASSED] - Text of object 'Object Repository/06-Teams/For 2FA/2FA code' is: '205407'

2022-10-10 16:29:36 - [TEST_STEP][PASSED] - delay(3): Delayed 3 second(s)

2022-10-10 16:29:39 - [MESSAGE][PASSED] - Delayed 3 second(s)

2022-10-10 16:29:39 - [TEST_STEP][PASSED] - closeWindowTitle("Mailinator"): Window with title: 'Mailinator' is closed

2022-10-10 16:29:39 - [MESSAGE][PASSED] - Window with title: 'Mailinator' is closed

2022-10-10 16:29:39 - [TEST_STEP][PASSED] - delay(3): Delayed 3 second(s)

2022-10-10 16:29:42 - [MESSAGE][PASSED] - Delayed 3 second(s)

2022-10-10 16:29:42 - [TEST_STEP][PASSED] - switchToWindowIndex(0): Switched to window with index: '0'

2022-10-10 16:29:42 - [MESSAGE][PASSED] - Switched to window with index: '0'

2022-10-10 16:29:42 - [TEST_STEP][PASSED] - delay(3): Delayed 3 second(s)

2022-10-10 16:29:45 - [MESSAGE][PASSED] - Delayed 3 second(s)

2022-10-10 16:29:45 - [TEST_STEP][PASSED] - setText(findTestObject("Object Repository/06-Teams/For 2FA/input_Enter verification code_code"), code): Text '205407' is set on object 'Object Repository/06-Teams/For 2FA/input_Enter verification code_code'

2022-10-10 16:29:46 - [MESSAGE][PASSED] - Text '205407' is set on object 'Object Repository/06-Teams/For 2FA/input_Enter verification code_code'

2022-10-10 16:29:46 - [TEST_STEP][PASSED] - delay(3): Delayed 3 second(s)

2022-10-10 16:29:49 - [MESSAGE][PASSED] - Delayed 3 second(s)

2022-10-10 16:29:49 - [TEST_STEP][PASSED] - click(findTestObject("06-Teams/For 2FA/button_Verify_2FA")): Object: 'Object Repository/06-Teams/For 2FA/button_Verify_2FA' is clicked on

2022-10-10 16:29:49 - [MESSAGE][PASSED] - Object: 'Object Repository/06-Teams/For 2FA/button_Verify_2FA' is clicked on

2022-10-10 16:29:49 - [TEST_STEP][PASSED] - delay(5): Delayed 5 second(s)

2022-10-10 16:29:54 - [MESSAGE][PASSED] - Delayed 5 second(s)

2022-10-10 16:29:54 - [TEST_STEP][PASSED] - click(findTestObject("06-Teams/button_doublearrow")): Object: 'Object Repository/06-Teams/button_doublearrow' is clicked on

2022-10-10 16:29:55 - [MESSAGE][PASSED] - Object: 'Object Repository/06-Teams/button_doublearrow' is clicked on

2022-10-10 16:29:55 - [TEST_STEP][PASSED] - click(findTestObject("06-Teams/button_My Organizations")): Object: 'Object Repository/06-Teams/button_My Organizations' is clicked on

2022-10-10 16:29:55 - [MESSAGE][PASSED] - Object: 'Object Repository/06-Teams/button_My Organizations' is clicked on

2022-10-10 16:29:55 - [TEST_STEP][PASSED] - click(findTestObject("06-Teams/button_GG Automation")): Object: 'Object Repository/06-Teams/button_GG Automation' is clicked on

2022-10-10 16:29:56 - [MESSAGE][PASSED] - Object: 'Object Repository/06-Teams/button_GG Automation' is clicked on

2022-10-10 16:29:56 - [TEST_STEP][PASSED] - delay(4): Delayed 4 second(s)

2022-10-10 16:30:00 - [MESSAGE][PASSED] - Delayed 4 second(s)

2022-10-10 16:30:00 - [TEST_STEP][PASSED] - verifyElementVisible(findTestObject("06-Teams/span_GG Automation")): Object 'Object Repository/06-Teams/span_GG Automation' is visible

2022-10-10 16:30:01 - [MESSAGE][PASSED] - Object 'Object Repository/06-Teams/span_GG Automation' is visible

2022-10-10 16:30:01 - [TEST_STEP][PASSED] - delay(10): Delayed 10 second(s)

2022-10-10 16:30:11 - [MESSAGE][PASSED] - Delayed 10 second(s)

2022-10-10 16:30:11 - [TEST_STEP][PASSED] - click(findTestObject("03-Header Menu/Hamburger Button/div_Settings")): Object: 'Object Repository/03-Header Menu/Hamburger Button/div_Settings' is clicked on

2022-10-10 16:30:11 - [MESSAGE][PASSED] - Object: 'Object Repository/03-Header Menu/Hamburger Button/div_Settings' is clicked on

2022-10-10 16:30:11 - [TEST_STEP][PASSED] - delay(3): Delayed 3 second(s)

2022-10-10 16:30:14 - [MESSAGE][PASSED] - Delayed 3 second(s)

2022-10-10 16:30:14 - [TEST_STEP][PASSED] - click(findTestObject("09-Settings/Users/div_Users")): Object: 'Object Repository/09-Settings/Users/div_Users' is clicked on

2022-10-10 16:30:15 - [MESSAGE][PASSED] - Object: 'Object Repository/09-Settings/Users/div_Users' is clicked on

2022-10-10 16:30:15 - [TEST_STEP][PASSED] - delay(3): Delayed 3 second(s)

2022-10-10 16:30:18 - [MESSAGE][PASSED] - Delayed 3 second(s)

2022-10-10 16:30:18 - [TEST_STEP][PASSED] - click(findTestObject("09-Settings/Users/button_add")): Object: 'Object Repository/09-Settings/Users/button_add' is clicked on

2022-10-10 16:30:18 - [MESSAGE][PASSED] - Object: 'Object Repository/09-Settings/Users/button_add' is clicked on

2022-10-10 16:30:18 - [TEST_STEP][PASSED] - delay(3): Delayed 3 second(s)

2022-10-10 16:30:21 - [MESSAGE][PASSED] - Delayed 3 second(s)

2022-10-10 16:30:21 - [TEST_STEP][PASSED] - click(findTestObject("09-Settings/Users/Invite batch of users via CSV file")): Object: 'Object Repository/09-Settings/Users/Invite batch of users via CSV file' is clicked on

2022-10-10 16:30:22 - [MESSAGE][PASSED] - Object: 'Object Repository/09-Settings/Users/Invite batch of users via CSV file' is clicked on

2022-10-10 16:30:22 - [TEST_STEP][PASSED] - verifyElementVisible(findTestObject("09-Settings/Users/CSV Invite/Import CSV File modal")): Object 'Object Repository/09-Settings/Users/CSV Invite/Import CSV File modal' is visible

2022-10-10 16:30:23 - [MESSAGE][PASSED] - Object 'Object Repository/09-Settings/Users/CSV Invite/Import CSV File modal' is visible

2022-10-10 16:30:23 - [TEST_STEP][PASSED] - verifyElementNotClickable(findTestObject("09-Settings/Users/CSV Invite/button_Import")): Object 'Object Repository/09-Settings/Users/CSV Invite/button_Import' is NOT clickable

2022-10-10 16:30:23 - [MESSAGE][PASSED] - Object 'Object Repository/09-Settings/Users/CSV Invite/button_Import' is NOT clickable

2022-10-10 16:30:23 - [TEST_STEP][PASSED] - delay(3): Delayed 3 second(s)

2022-10-10 16:30:26 - [MESSAGE][PASSED] - Delayed 3 second(s)

2022-10-10 16:30:26 - [TEST_STEP][PASSED] - uploadpackage.Upload.uploadFile(findTestObject("Object Repository/09-Settings/Users/CSV Invite/button_Choose File"), "C:\Users\User\Desktop\EL automation\sample csv.csv"): uploadpackage.Upload.uploadFile is PASSED

2022-10-10 16:30:26 - [MESSAGE][PASSED] - Object: 'Object Repository/09-Settings/Users/CSV Invite/button_Choose File' is clicked on

2022-10-10 16:30:26 - [MESSAGE][PASSED] - uploadpackage.Upload.uploadFile is PASSED

2022-10-10 16:30:26 - [TEST_STEP][PASSED] - delay(3): Delayed 3 second(s)

2022-10-10 16:30:29 - [MESSAGE][PASSED] - Delayed 3 second(s)

2022-10-10 16:30:29 - [TEST_STEP][PASSED] - verifyElementVisible(findTestObject("09-Settings/Users/CSV Invite/div_Sample csv.csv")): Object 'Object Repository/09-Settings/Users/CSV Invite/div_Sample csv.csv' is visible

2022-10-10 16:30:30 - [MESSAGE][PASSED] - Object 'Object Repository/09-Settings/Users/CSV Invite/div_Sample csv.csv' is visible

2022-10-10 16:30:30 - [TEST_STEP][PASSED] - click(findTestObject("09-Settings/Users/CSV Invite/button_Import")): Object: 'Object Repository/09-Settings/Users/CSV Invite/button_Import' is clicked on

2022-10-10 16:30:31 - [MESSAGE][PASSED] - Object: 'Object Repository/09-Settings/Users/CSV Invite/button_Import' is clicked on

2022-10-10 16:30:31 - [TEST_STEP][PASSED] - delay(10): Delayed 10 second(s)

2022-10-10 16:30:41 - [MESSAGE][PASSED] - Delayed 10 second(s)

2022-10-10 16:30:41 - [TEST_STEP][PASSED] - verifyElementVisible(findTestObject("09-Settings/Users/CSV Invite/Success import modal")): Object 'Object Repository/09-Settings/Users/CSV Invite/Success import modal' is visible

2022-10-10 16:30:41 - [MESSAGE][PASSED] - Object 'Object Repository/09-Settings/Users/CSV Invite/Success import modal' is visible

2022-10-10 16:30:41 - [TEST_STEP][PASSED] - click(findTestObject("09-Settings/Users/CSV Invite/button_Close")): Object: 'Object Repository/09-Settings/Users/CSV Invite/button_Close' is clicked on

2022-10-10 16:30:41 - [MESSAGE][PASSED] - Object: 'Object Repository/09-Settings/Users/CSV Invite/button_Close' is clicked on

2022-10-10 16:30:41 - [TEST_STEP][PASSED] - click(findTestObject("09-Settings/Users/CSV Invite/Invited Users tab")): Object: 'Object Repository/09-Settings/Users/CSV Invite/Invited Users tab' is clicked on

2022-10-10 16:30:42 - [MESSAGE][PASSED] - Object: 'Object Repository/09-Settings/Users/CSV Invite/Invited Users tab' is clicked on

2022-10-10 16:30:42 - [TEST_STEP][PASSED] - delay(3): Delayed 3 second(s)

2022-10-10 16:30:45 - [MESSAGE][PASSED] - Delayed 3 second(s)

2022-10-10 16:30:45 - [TEST_STEP][PASSED] - verifyElementVisible(findTestObject("09-Settings/Users/CSV Invite/div_CTCSV test3")): Object 'Object Repository/09-Settings/Users/CSV Invite/div_CTCSV test3' is visible

2022-10-10 16:30:46 - [MESSAGE][PASSED] - Object 'Object Repository/09-Settings/Users/CSV Invite/div_CTCSV test3' is visible

2022-10-10 16:30:46 - [TEST_STEP][PASSED] - verifyElementVisible(findTestObject("09-Settings/Users/CSV Invite/div_autotester08mailinator.com")): Object 'Object Repository/09-Settings/Users/CSV Invite/div_autotester08mailinator.com' is visible

2022-10-10 16:30:46 - [MESSAGE][PASSED] - Object 'Object Repository/09-Settings/Users/CSV Invite/div_autotester08mailinator.com' is visible

2022-10-10 16:30:46 - [TEST_STEP][PASSED] - verifyElementVisible(findTestObject("09-Settings/Users/CSV Invite/div_Partner")): Object 'Object Repository/09-Settings/Users/CSV Invite/div_Partner' is visible

2022-10-10 16:30:46 - [MESSAGE][PASSED] - Object 'Object Repository/09-Settings/Users/CSV Invite/div_Partner' is visible

2022-10-10 16:30:46 - [TEST_STEP][PASSED] - verifyElementVisible(findTestObject("09-Settings/Users/CSV Invite/div_CTCSV test2")): Object 'Object Repository/09-Settings/Users/CSV Invite/div_CTCSV test2' is visible

2022-10-10 16:30:47 - [MESSAGE][PASSED] - Object 'Object Repository/09-Settings/Users/CSV Invite/div_CTCSV test2' is visible

2022-10-10 16:30:47 - [TEST_STEP][PASSED] - verifyElementVisible(findTestObject("09-Settings/Users/CSV Invite/div_autotester07mailinator.com")): Object 'Object Repository/09-Settings/Users/CSV Invite/div_autotester07mailinator.com' is visible

2022-10-10 16:30:47 - [MESSAGE][PASSED] - Object 'Object Repository/09-Settings/Users/CSV Invite/div_autotester07mailinator.com' is visible

2022-10-10 16:30:47 - [TEST_STEP][PASSED] - verifyElementVisible(findTestObject("09-Settings/Users/CSV Invite/div_Client")): Object 'Object Repository/09-Settings/Users/CSV Invite/div_Client' is visible

2022-10-10 16:30:47 - [MESSAGE][PASSED] - Object 'Object Repository/09-Settings/Users/CSV Invite/div_Client' is visible

2022-10-10 16:30:47 - [TEST_STEP][PASSED] - verifyElementVisible(findTestObject("09-Settings/Users/CSV Invite/div_CTCSV test1")): Object 'Object Repository/09-Settings/Users/CSV Invite/div_CTCSV test1' is visible

2022-10-10 16:30:48 - [MESSAGE][PASSED] - Object 'Object Repository/09-Settings/Users/CSV Invite/div_CTCSV test1' is visible

2022-10-10 16:30:48 - [TEST_STEP][PASSED] - verifyElementVisible(findTestObject("09-Settings/Users/CSV Invite/div_autotester06mailinator.com")): Object 'Object Repository/09-Settings/Users/CSV Invite/div_autotester06mailinator.com' is visible

2022-10-10 16:30:48 - [MESSAGE][PASSED] - Object 'Object Repository/09-Settings/Users/CSV Invite/div_autotester06mailinator.com' is visible

2022-10-10 16:30:48 - [TEST_STEP][PASSED] - verifyElementVisible(findTestObject("09-Settings/Users/CSV Invite/div_Coworker")): Object 'Object Repository/09-Settings/Users/CSV Invite/div_Coworker' is visible

2022-10-10 16:30:48 - [MESSAGE][PASSED] - Object 'Object Repository/09-Settings/Users/CSV Invite/div_Coworker' is visible

2022-10-10 16:30:48 - [TEST_STEP][PASSED] - delay(3): Delayed 3 second(s)

2022-10-10 16:30:51 - [MESSAGE][PASSED] - Delayed 3 second(s)

2022-10-10 16:30:51 - [TEST_STEP][PASSED] - closeBrowser(): Browser is closed

2022-10-10 16:30:52 - [MESSAGE][PASSED] - Browser is closed]]></system-out>
         <system-err><![CDATA[]]></system-err>
      </testcase>
      <system-out><![CDATA[2022-10-10 16:16:33 - [TEST_SUITE][PASSED] - 09-Settings: Test Cases/09-Settings/05 - Users (Invite batch of users via CSV file)]]></system-out>
      <system-err><![CDATA[]]></system-err>
   </testsuite>
</testsuites>
