<?xml version="1.0" encoding="UTF-8"?>
<testsuites name="01-Login and Forgot Password" time="368.844" tests="8" failures="0" errors="0">
   <testsuite name="01-Login and Forgot Password" tests="8" failures="0" errors="0" time="368.844" skipped="0" timestamp="2022-12-09 13:25:18" hostname="User - DESKTOP-QCRNR4M" id="Test Suites/TS-Organization/01-Login and Forgot Password">
      <properties>
         <property name="deviceName" value=""/>
         <property name="devicePlatform" value=""/>
         <property name="logFolder" value="C:\\Users\\User\\Katalon Studio\\EverleaguesMain\\Reports\\20221209_132515\\TS-Organization\\01-Login and Forgot Password\\20221209_132515"/>
         <property name="logFiles" value="C:\\Users\\User\\Katalon Studio\\EverleaguesMain\\Reports\\20221209_132515\\TS-Organization\\01-Login and Forgot Password\\20221209_132515\\execution0.log"/>
         <property name="attachments" value=""/>
         <property name="hostName" value="User - DESKTOP-QCRNR4M"/>
         <property name="os" value="Windows 10 64bit"/>
         <property name="katalonVersion" value="8.4.1.208"/>
         <property name="browser" value="Chrome 108.0.0.0"/>
         <property name="hostAddress" value="192.168.5.124"/>
         <property name="sessionId" value="6c3e2798cced883e7674becc32f56b2d"/>
         <property name="seleniumVersion" value="3.141.59"/>
         <property name="proxyInformation" value="ProxyInformation { proxyOption=NO_PROXY, proxyServerType=HTTP, username=, password=********, proxyServerAddress=, proxyServerPort=0, executionList=&quot;&quot;, isApplyToDesiredCapabilities=true }"/>
         <property name="platform" value="Windows 10"/>
      </properties>
      <testcase name="Test Cases/01-Login and Forgot Password/01-Login(Credentials Blank)" time="252.101" classname="Test Cases/01-Login and Forgot Password/01-Login(Credentials Blank)" status="PASSED">
         <system-out><![CDATA[2022-12-09 13:25:18 - [TEST_CASE][PASSED] - Test Cases/01-Login and Forgot Password/01-Login(Credentials Blank): Test Cases/01-Login and Forgot Password/01-Login(Credentials Blank)

2022-12-09 13:25:19 - [TEST_STEP][PASSED] - openBrowser(""): Browser is opened with url: ''

2022-12-09 13:25:19 - [MESSAGE][INFO] - Starting 'Chrome' driver

2022-12-09 13:25:19 - [MESSAGE][INFO] - Action delay is set to 0 milliseconds

2022-12-09 13:25:21 - [MESSAGE][PASSED] - Browser is opened with url: ''

2022-12-09 13:25:21 - [TEST_STEP][PASSED] - navigateToUrl("https://lab.everleagues.com/"): Navigate to 'https://lab.everleagues.com/' successfully

2022-12-09 13:29:24 - [MESSAGE][PASSED] - Navigate to 'https://lab.everleagues.com/' successfully

2022-12-09 13:29:24 - [TEST_STEP][PASSED] - maximizeWindow(): Current window maximized

2022-12-09 13:29:25 - [MESSAGE][PASSED] - Current window maximized

2022-12-09 13:29:25 - [TEST_STEP][PASSED] - verifyElementPresent(findTestObject("01-Login and Forgot Password/Login_Card"), 0): Object 'Object Repository/01-Login and Forgot Password/Login_Card' is present

2022-12-09 13:29:25 - [MESSAGE][WARNING] - Timeout '0' is invalid. Using default page load timeout: '30'

2022-12-09 13:29:25 - [MESSAGE][PASSED] - Object 'Object Repository/01-Login and Forgot Password/Login_Card' is present

2022-12-09 13:29:25 - [TEST_STEP][PASSED] - delay(2): Delayed 2 second(s)

2022-12-09 13:29:27 - [MESSAGE][PASSED] - Delayed 2 second(s)

2022-12-09 13:29:27 - [TEST_STEP][PASSED] - verifyElementNotClickable(findTestObject("01-Login and Forgot Password/button_Sign in")): Object 'Object Repository/01-Login and Forgot Password/button_Sign in' is NOT clickable

2022-12-09 13:29:27 - [MESSAGE][PASSED] - Object 'Object Repository/01-Login and Forgot Password/button_Sign in' is NOT clickable

2022-12-09 13:29:27 - [TEST_STEP][PASSED] - delay(3): Delayed 3 second(s)

2022-12-09 13:29:30 - [MESSAGE][PASSED] - Delayed 3 second(s)]]></system-out>
         <system-err><![CDATA[]]></system-err>
      </testcase>
      <testcase name="Test Cases/01-Login and Forgot Password/02-Login(Wrong Email)" time="11.344" classname="Test Cases/01-Login and Forgot Password/02-Login(Wrong Email)" status="PASSED">
         <system-out><![CDATA[2022-12-09 13:29:30 - [TEST_CASE][PASSED] - Test Cases/01-Login and Forgot Password/02-Login(Wrong Email): Test Cases/01-Login and Forgot Password/02-Login(Wrong Email)

2022-12-09 13:29:31 - [TEST_STEP][PASSED] - setText(findTestObject("01-Login and Forgot Password/input_Email_email"), "unregisteredemail@test.com"): Text 'unregisteredemail@test.com' is set on object 'Object Repository/01-Login and Forgot Password/input_Email_email'

2022-12-09 13:29:32 - [MESSAGE][PASSED] - Text 'unregisteredemail@test.com' is set on object 'Object Repository/01-Login and Forgot Password/input_Email_email'

2022-12-09 13:29:32 - [TEST_STEP][PASSED] - setEncryptedText(findTestObject("01-Login and Forgot Password/input_Email_password"), "pUQNV8a0dCQ="): Text ****** has been set on object 'Object Repository/01-Login and Forgot Password/input_Email_password'

2022-12-09 13:29:32 - [MESSAGE][PASSED] - Text ****** has been set on object 'Object Repository/01-Login and Forgot Password/input_Email_password'

2022-12-09 13:29:32 - [TEST_STEP][PASSED] - delay(3): Delayed 3 second(s)

2022-12-09 13:29:35 - [MESSAGE][PASSED] - Delayed 3 second(s)

2022-12-09 13:29:35 - [TEST_STEP][PASSED] - click(findTestObject("01-Login and Forgot Password/button_Sign in")): Object: 'Object Repository/01-Login and Forgot Password/button_Sign in' is clicked on

2022-12-09 13:29:35 - [MESSAGE][PASSED] - Object: 'Object Repository/01-Login and Forgot Password/button_Sign in' is clicked on

2022-12-09 13:29:35 - [TEST_STEP][PASSED] - delay(3): Delayed 3 second(s)

2022-12-09 13:29:38 - [MESSAGE][PASSED] - Delayed 3 second(s)

2022-12-09 13:29:38 - [TEST_STEP][PASSED] - verifyElementPresent(findTestObject("01-Login and Forgot Password/Invalid email error"), 0): Object 'Object Repository/01-Login and Forgot Password/Invalid email error' is present

2022-12-09 13:29:38 - [MESSAGE][WARNING] - Timeout '0' is invalid. Using default page load timeout: '30'

2022-12-09 13:29:39 - [MESSAGE][PASSED] - Object 'Object Repository/01-Login and Forgot Password/Invalid email error' is present

2022-12-09 13:29:39 - [TEST_STEP][PASSED] - delay(3): Delayed 3 second(s)

2022-12-09 13:29:42 - [MESSAGE][PASSED] - Delayed 3 second(s)]]></system-out>
         <system-err><![CDATA[]]></system-err>
      </testcase>
      <testcase name="Test Cases/01-Login and Forgot Password/03-Login(Valid email, wrong pass)" time="13.799" classname="Test Cases/01-Login and Forgot Password/03-Login(Valid email, wrong pass)" status="PASSED">
         <system-out><![CDATA[2022-12-09 13:29:42 - [TEST_CASE][PASSED] - Test Cases/01-Login and Forgot Password/03-Login(Valid email, wrong pass): Test Cases/01-Login and Forgot Password/03-Login(Valid email, wrong pass)

2022-12-09 13:29:42 - [TEST_STEP][PASSED] - setText(findTestObject("01-Login and Forgot Password/input_Email_email"), "testuser01@mailinator.com"): Text 'testuser01@mailinator.com' is set on object 'Object Repository/01-Login and Forgot Password/input_Email_email'

2022-12-09 13:29:43 - [MESSAGE][PASSED] - Text 'testuser01@mailinator.com' is set on object 'Object Repository/01-Login and Forgot Password/input_Email_email'

2022-12-09 13:29:43 - [TEST_STEP][PASSED] - setEncryptedText(findTestObject("01-Login and Forgot Password/input_Email_password"), "OxgQgnWTiECE3BxjMAl2ng=="): Text ****** has been set on object 'Object Repository/01-Login and Forgot Password/input_Email_password'

2022-12-09 13:29:43 - [MESSAGE][PASSED] - Text ****** has been set on object 'Object Repository/01-Login and Forgot Password/input_Email_password'

2022-12-09 13:29:43 - [TEST_STEP][PASSED] - delay(2): Delayed 2 second(s)

2022-12-09 13:29:45 - [MESSAGE][PASSED] - Delayed 2 second(s)

2022-12-09 13:29:45 - [TEST_STEP][PASSED] - click(findTestObject("01-Login and Forgot Password/show pass button")): Object: 'Object Repository/01-Login and Forgot Password/show pass button' is clicked on

2022-12-09 13:29:46 - [MESSAGE][PASSED] - Object: 'Object Repository/01-Login and Forgot Password/show pass button' is clicked on

2022-12-09 13:29:46 - [TEST_STEP][PASSED] - delay(3): Delayed 3 second(s)

2022-12-09 13:29:49 - [MESSAGE][PASSED] - Delayed 3 second(s)

2022-12-09 13:29:49 - [TEST_STEP][PASSED] - click(findTestObject("01-Login and Forgot Password/button_Sign in")): Object: 'Object Repository/01-Login and Forgot Password/button_Sign in' is clicked on

2022-12-09 13:29:49 - [MESSAGE][PASSED] - Object: 'Object Repository/01-Login and Forgot Password/button_Sign in' is clicked on

2022-12-09 13:29:49 - [TEST_STEP][PASSED] - delay(3): Delayed 3 second(s)

2022-12-09 13:29:52 - [MESSAGE][PASSED] - Delayed 3 second(s)

2022-12-09 13:29:52 - [TEST_STEP][PASSED] - verifyElementPresent(findTestObject("01-Login and Forgot Password/Invalid user name or password"), 0): Object 'Object Repository/01-Login and Forgot Password/Invalid user name or password' is present

2022-12-09 13:29:52 - [MESSAGE][WARNING] - Timeout '0' is invalid. Using default page load timeout: '30'

2022-12-09 13:29:53 - [MESSAGE][PASSED] - Object 'Object Repository/01-Login and Forgot Password/Invalid user name or password' is present

2022-12-09 13:29:53 - [TEST_STEP][PASSED] - delay(3): Delayed 3 second(s)

2022-12-09 13:29:56 - [MESSAGE][PASSED] - Delayed 3 second(s)]]></system-out>
         <system-err><![CDATA[]]></system-err>
      </testcase>
      <testcase name="Test Cases/01-Login and Forgot Password/04-Login (valid credentials)" time="45.214" classname="Test Cases/01-Login and Forgot Password/04-Login (valid credentials)" status="PASSED">
         <system-out><![CDATA[2022-12-09 13:29:56 - [TEST_CASE][PASSED] - Test Cases/01-Login and Forgot Password/04-Login (valid credentials): Test Cases/01-Login and Forgot Password/04-Login (valid credentials)

2022-12-09 13:29:56 - [TEST_STEP][PASSED] - setText(findTestObject("01-Login and Forgot Password/input_Email_email"), "testuser01@mailinator.com"): Text 'testuser01@mailinator.com' is set on object 'Object Repository/01-Login and Forgot Password/input_Email_email'

2022-12-09 13:29:57 - [MESSAGE][PASSED] - Text 'testuser01@mailinator.com' is set on object 'Object Repository/01-Login and Forgot Password/input_Email_email'

2022-12-09 13:29:57 - [TEST_STEP][PASSED] - setEncryptedText(findTestObject("01-Login and Forgot Password/input_Email_password2"), "8yFRyszE6U6jvsCn51OQbg=="): Text ****** has been set on object 'Object Repository/01-Login and Forgot Password/input_Email_password2'

2022-12-09 13:29:57 - [MESSAGE][PASSED] - Text ****** has been set on object 'Object Repository/01-Login and Forgot Password/input_Email_password2'

2022-12-09 13:29:57 - [TEST_STEP][PASSED] - delay(2): Delayed 2 second(s)

2022-12-09 13:29:59 - [MESSAGE][PASSED] - Delayed 2 second(s)

2022-12-09 13:29:59 - [TEST_STEP][PASSED] - click(findTestObject("01-Login and Forgot Password/show pass button")): Object: 'Object Repository/01-Login and Forgot Password/show pass button' is clicked on

2022-12-09 13:29:59 - [MESSAGE][PASSED] - Object: 'Object Repository/01-Login and Forgot Password/show pass button' is clicked on

2022-12-09 13:29:59 - [TEST_STEP][PASSED] - delay(3): Delayed 3 second(s)

2022-12-09 13:30:02 - [MESSAGE][PASSED] - Delayed 3 second(s)

2022-12-09 13:30:02 - [TEST_STEP][PASSED] - click(findTestObject("01-Login and Forgot Password/button_Sign in")): Object: 'Object Repository/01-Login and Forgot Password/button_Sign in' is clicked on

2022-12-09 13:30:03 - [MESSAGE][PASSED] - Object: 'Object Repository/01-Login and Forgot Password/button_Sign in' is clicked on

2022-12-09 13:30:03 - [TEST_STEP][PASSED] - delay(3): Delayed 3 second(s)

2022-12-09 13:30:06 - [MESSAGE][PASSED] - Delayed 3 second(s)

2022-12-09 13:30:06 - [TEST_STEP][PASSED] - click(findTestObject("06-Teams/For 2FA/button_Confirm_2FA")): Object: 'Object Repository/06-Teams/For 2FA/button_Confirm_2FA' is clicked on

2022-12-09 13:30:06 - [MESSAGE][PASSED] - Object: 'Object Repository/06-Teams/For 2FA/button_Confirm_2FA' is clicked on

2022-12-09 13:30:06 - [TEST_STEP][PASSED] - executeJavaScript("window.open();", []): Execute JavaScript 'window.open();' successfully

2022-12-09 13:30:06 - [MESSAGE][PASSED] - Execute JavaScript 'window.open();' successfully

2022-12-09 13:30:06 - [TEST_STEP][PASSED] - currentWindow = getWindowIndex(): Current window's index is: 0

2022-12-09 13:30:06 - [MESSAGE][PASSED] - Current window's index is: 0

2022-12-09 13:30:06 - [TEST_STEP][PASSED] - delay(3): Delayed 3 second(s)

2022-12-09 13:30:09 - [MESSAGE][PASSED] - Delayed 3 second(s)

2022-12-09 13:30:09 - [TEST_STEP][PASSED] - switchToWindowIndex(currentWindow + 1): Switched to window with index: '1'

2022-12-09 13:30:09 - [MESSAGE][PASSED] - Switched to window with index: '1'

2022-12-09 13:30:09 - [TEST_STEP][PASSED] - navigateToUrl("https://www.mailinator.com/"): Navigate to 'https://www.mailinator.com/' successfully

2022-12-09 13:30:12 - [MESSAGE][PASSED] - Navigate to 'https://www.mailinator.com/' successfully

2022-12-09 13:30:12 - [TEST_STEP][PASSED] - delay(3): Delayed 3 second(s)

2022-12-09 13:30:15 - [MESSAGE][PASSED] - Delayed 3 second(s)

2022-12-09 13:30:15 - [TEST_STEP][PASSED] - setText(findTestObject("00-Signup and Activation/zMailinator/input_LOGIN_search"), "testuser01@mailinator.com"): Text 'testuser01@mailinator.com' is set on object 'Object Repository/00-Signup and Activation/zMailinator/input_LOGIN_search'

2022-12-09 13:30:16 - [MESSAGE][PASSED] - Text 'testuser01@mailinator.com' is set on object 'Object Repository/00-Signup and Activation/zMailinator/input_LOGIN_search'

2022-12-09 13:30:16 - [TEST_STEP][PASSED] - click(findTestObject("00-Signup and Activation/zMailinator/gobutton"), STOP_ON_FAILURE): Object: 'Object Repository/00-Signup and Activation/zMailinator/gobutton' is clicked on

2022-12-09 13:30:17 - [MESSAGE][PASSED] - Object: 'Object Repository/00-Signup and Activation/zMailinator/gobutton' is clicked on

2022-12-09 13:30:17 - [TEST_STEP][PASSED] - delay(3): Delayed 3 second(s)

2022-12-09 13:30:20 - [MESSAGE][PASSED] - Delayed 3 second(s)

2022-12-09 13:30:20 - [TEST_STEP][PASSED] - click(findTestObject("00-Signup and Activation/zMailinator/Email - everleagues")): Object: 'Object Repository/00-Signup and Activation/zMailinator/Email - everleagues' is clicked on

2022-12-09 13:30:20 - [MESSAGE][PASSED] - Object: 'Object Repository/00-Signup and Activation/zMailinator/Email - everleagues' is clicked on

2022-12-09 13:30:20 - [TEST_STEP][PASSED] - delay(3): Delayed 3 second(s)

2022-12-09 13:30:23 - [MESSAGE][PASSED] - Delayed 3 second(s)

2022-12-09 13:30:23 - [TEST_STEP][PASSED] - code = getText(findTestObject("Object Repository/06-Teams/For 2FA/2FA code")): Text of object 'Object Repository/06-Teams/For 2FA/2FA code' is: '878748'

2022-12-09 13:30:24 - [MESSAGE][PASSED] - Text of object 'Object Repository/06-Teams/For 2FA/2FA code' is: '878748'

2022-12-09 13:30:24 - [TEST_STEP][PASSED] - delay(3): Delayed 3 second(s)

2022-12-09 13:30:27 - [MESSAGE][PASSED] - Delayed 3 second(s)

2022-12-09 13:30:27 - [TEST_STEP][PASSED] - closeWindowTitle("Mailinator"): Window with title: 'Mailinator' is closed

2022-12-09 13:30:27 - [MESSAGE][PASSED] - Window with title: 'Mailinator' is closed

2022-12-09 13:30:27 - [TEST_STEP][PASSED] - delay(3): Delayed 3 second(s)

2022-12-09 13:30:30 - [MESSAGE][PASSED] - Delayed 3 second(s)

2022-12-09 13:30:30 - [TEST_STEP][PASSED] - switchToWindowIndex(0): Switched to window with index: '0'

2022-12-09 13:30:30 - [MESSAGE][PASSED] - Switched to window with index: '0'

2022-12-09 13:30:30 - [TEST_STEP][PASSED] - delay(3): Delayed 3 second(s)

2022-12-09 13:30:33 - [MESSAGE][PASSED] - Delayed 3 second(s)

2022-12-09 13:30:33 - [TEST_STEP][PASSED] - setText(findTestObject("Object Repository/06-Teams/For 2FA/input_Enter verification code_code"), code): Text '878748' is set on object 'Object Repository/06-Teams/For 2FA/input_Enter verification code_code'

2022-12-09 13:30:34 - [MESSAGE][PASSED] - Text '878748' is set on object 'Object Repository/06-Teams/For 2FA/input_Enter verification code_code'

2022-12-09 13:30:34 - [TEST_STEP][PASSED] - delay(3): Delayed 3 second(s)

2022-12-09 13:30:37 - [MESSAGE][PASSED] - Delayed 3 second(s)

2022-12-09 13:30:37 - [TEST_STEP][PASSED] - click(findTestObject("06-Teams/For 2FA/button_Verify_2FA")): Object: 'Object Repository/06-Teams/For 2FA/button_Verify_2FA' is clicked on

2022-12-09 13:30:38 - [MESSAGE][PASSED] - Object: 'Object Repository/06-Teams/For 2FA/button_Verify_2FA' is clicked on

2022-12-09 13:30:38 - [TEST_STEP][PASSED] - delay(3): Delayed 3 second(s)

2022-12-09 13:30:41 - [MESSAGE][PASSED] - Delayed 3 second(s)]]></system-out>
         <system-err><![CDATA[]]></system-err>
      </testcase>
      <testcase name="Test Cases/01-Login and Forgot Password/05-Logout" time="10.468" classname="Test Cases/01-Login and Forgot Password/05-Logout" status="PASSED">
         <system-out><![CDATA[2022-12-09 13:30:41 - [TEST_CASE][PASSED] - Test Cases/01-Login and Forgot Password/05-Logout: Test Cases/01-Login and Forgot Password/05-Logout

2022-12-09 13:30:41 - [TEST_STEP][PASSED] - click(findTestObject("01-Login and Forgot Password/User menu drop")): Object: 'Object Repository/01-Login and Forgot Password/User menu drop' is clicked on

2022-12-09 13:30:43 - [MESSAGE][PASSED] - Object: 'Object Repository/01-Login and Forgot Password/User menu drop' is clicked on

2022-12-09 13:30:43 - [TEST_STEP][PASSED] - delay(2): Delayed 2 second(s)

2022-12-09 13:30:45 - [MESSAGE][PASSED] - Delayed 2 second(s)

2022-12-09 13:30:45 - [TEST_STEP][PASSED] - click(findTestObject("01-Login and Forgot Password/h4_Sign Out"), STOP_ON_FAILURE): Object: 'Object Repository/01-Login and Forgot Password/h4_Sign Out' is clicked on

2022-12-09 13:30:46 - [MESSAGE][PASSED] - Object: 'Object Repository/01-Login and Forgot Password/h4_Sign Out' is clicked on

2022-12-09 13:30:46 - [TEST_STEP][PASSED] - delay(2): Delayed 2 second(s)

2022-12-09 13:30:48 - [MESSAGE][PASSED] - Delayed 2 second(s)

2022-12-09 13:30:48 - [TEST_STEP][PASSED] - verifyElementPresent(findTestObject("01-Login and Forgot Password/Login_Card"), 0): Object 'Object Repository/01-Login and Forgot Password/Login_Card' is present

2022-12-09 13:30:48 - [MESSAGE][WARNING] - Timeout '0' is invalid. Using default page load timeout: '30'

2022-12-09 13:30:48 - [MESSAGE][PASSED] - Object 'Object Repository/01-Login and Forgot Password/Login_Card' is present

2022-12-09 13:30:48 - [TEST_STEP][PASSED] - delay(3): Delayed 3 second(s)

2022-12-09 13:30:51 - [MESSAGE][PASSED] - Delayed 3 second(s)]]></system-out>
         <system-err><![CDATA[]]></system-err>
      </testcase>
      <testcase name="Test Cases/01-Login and Forgot Password/06-Forgot Password(Credentials Blank)" time="6.476" classname="Test Cases/01-Login and Forgot Password/06-Forgot Password(Credentials Blank)" status="PASSED">
         <system-out><![CDATA[2022-12-09 13:30:51 - [TEST_CASE][PASSED] - Test Cases/01-Login and Forgot Password/06-Forgot Password(Credentials Blank): Test Cases/01-Login and Forgot Password/06-Forgot Password(Credentials Blank)

2022-12-09 13:30:52 - [TEST_STEP][PASSED] - click(findTestObject("01-Login and Forgot Password/zForgot Password/a_Forgot password")): Object: 'Object Repository/01-Login and Forgot Password/zForgot Password/a_Forgot password' is clicked on

2022-12-09 13:30:52 - [MESSAGE][PASSED] - Object: 'Object Repository/01-Login and Forgot Password/zForgot Password/a_Forgot password' is clicked on

2022-12-09 13:30:52 - [TEST_STEP][PASSED] - verifyElementPresent(findTestObject("01-Login and Forgot Password/zForgot Password/span_Reset Password"), 0): Object 'Object Repository/01-Login and Forgot Password/zForgot Password/span_Reset Password' is present

2022-12-09 13:30:52 - [MESSAGE][WARNING] - Timeout '0' is invalid. Using default page load timeout: '30'

2022-12-09 13:30:52 - [MESSAGE][PASSED] - Object 'Object Repository/01-Login and Forgot Password/zForgot Password/span_Reset Password' is present

2022-12-09 13:30:52 - [TEST_STEP][PASSED] - delay(2): Delayed 2 second(s)

2022-12-09 13:30:54 - [MESSAGE][PASSED] - Delayed 2 second(s)

2022-12-09 13:30:54 - [TEST_STEP][PASSED] - verifyElementNotClickable(findTestObject("01-Login and Forgot Password/zForgot Password/button_Reset Password")): Object 'Object Repository/01-Login and Forgot Password/zForgot Password/button_Reset Password' is NOT clickable

2022-12-09 13:30:55 - [MESSAGE][PASSED] - Object 'Object Repository/01-Login and Forgot Password/zForgot Password/button_Reset Password' is NOT clickable

2022-12-09 13:30:55 - [TEST_STEP][PASSED] - delay(3): Delayed 3 second(s)

2022-12-09 13:30:58 - [MESSAGE][PASSED] - Delayed 3 second(s)]]></system-out>
         <system-err><![CDATA[]]></system-err>
      </testcase>
      <testcase name="Test Cases/01-Login and Forgot Password/07-Forgot Password(Wrong email)" time="10.802" classname="Test Cases/01-Login and Forgot Password/07-Forgot Password(Wrong email)" status="PASSED">
         <system-out><![CDATA[2022-12-09 13:30:58 - [TEST_CASE][PASSED] - Test Cases/01-Login and Forgot Password/07-Forgot Password(Wrong email): Test Cases/01-Login and Forgot Password/07-Forgot Password(Wrong email)

2022-12-09 13:30:58 - [TEST_STEP][PASSED] - setText(findTestObject("01-Login and Forgot Password/zForgot Password/Reset pass email field"), "unregisteredemail@test.com"): Text 'unregisteredemail@test.com' is set on object 'Object Repository/01-Login and Forgot Password/zForgot Password/Reset pass email field'

2022-12-09 13:30:59 - [MESSAGE][PASSED] - Text 'unregisteredemail@test.com' is set on object 'Object Repository/01-Login and Forgot Password/zForgot Password/Reset pass email field'

2022-12-09 13:30:59 - [TEST_STEP][PASSED] - delay(2): Delayed 2 second(s)

2022-12-09 13:31:01 - [MESSAGE][PASSED] - Delayed 2 second(s)

2022-12-09 13:31:01 - [TEST_STEP][PASSED] - click(findTestObject("01-Login and Forgot Password/zForgot Password/button_Reset Password")): Object: 'Object Repository/01-Login and Forgot Password/zForgot Password/button_Reset Password' is clicked on

2022-12-09 13:31:01 - [MESSAGE][PASSED] - Object: 'Object Repository/01-Login and Forgot Password/zForgot Password/button_Reset Password' is clicked on

2022-12-09 13:31:01 - [TEST_STEP][PASSED] - verifyElementPresent(findTestObject("01-Login and Forgot Password/zForgot Password/Reset pass- wrong email"), 0): Object 'Object Repository/01-Login and Forgot Password/zForgot Password/Reset pass- wrong email' is present

2022-12-09 13:31:01 - [MESSAGE][WARNING] - Timeout '0' is invalid. Using default page load timeout: '30'

2022-12-09 13:31:02 - [MESSAGE][PASSED] - Object 'Object Repository/01-Login and Forgot Password/zForgot Password/Reset pass- wrong email' is present

2022-12-09 13:31:02 - [TEST_STEP][PASSED] - delay(3): Delayed 3 second(s)

2022-12-09 13:31:05 - [MESSAGE][PASSED] - Delayed 3 second(s)

2022-12-09 13:31:05 - [TEST_STEP][PASSED] - click(findTestObject("01-Login and Forgot Password/zForgot Password/button_Back to login")): Object: 'Object Repository/01-Login and Forgot Password/zForgot Password/button_Back to login' is clicked on

2022-12-09 13:31:06 - [MESSAGE][PASSED] - Object: 'Object Repository/01-Login and Forgot Password/zForgot Password/button_Back to login' is clicked on

2022-12-09 13:31:06 - [TEST_STEP][PASSED] - delay(3): Delayed 3 second(s)

2022-12-09 13:31:09 - [MESSAGE][PASSED] - Delayed 3 second(s)]]></system-out>
         <system-err><![CDATA[]]></system-err>
      </testcase>
      <testcase name="Test Cases/01-Login and Forgot Password/08-Forgot Password(Correct Email)" time="18.318" classname="Test Cases/01-Login and Forgot Password/08-Forgot Password(Correct Email)" status="PASSED">
         <system-out><![CDATA[2022-12-09 13:31:09 - [TEST_CASE][PASSED] - Test Cases/01-Login and Forgot Password/08-Forgot Password(Correct Email): Test Cases/01-Login and Forgot Password/08-Forgot Password(Correct Email)

2022-12-09 13:31:09 - [TEST_STEP][PASSED] - delay(2): Delayed 2 second(s)

2022-12-09 13:31:11 - [MESSAGE][PASSED] - Delayed 2 second(s)

2022-12-09 13:31:11 - [TEST_STEP][PASSED] - click(findTestObject("01-Login and Forgot Password/zForgot Password/a_Forgot password")): Object: 'Object Repository/01-Login and Forgot Password/zForgot Password/a_Forgot password' is clicked on

2022-12-09 13:31:11 - [MESSAGE][PASSED] - Object: 'Object Repository/01-Login and Forgot Password/zForgot Password/a_Forgot password' is clicked on

2022-12-09 13:31:11 - [TEST_STEP][PASSED] - verifyElementPresent(findTestObject("01-Login and Forgot Password/zForgot Password/span_Reset Password"), 0): Object 'Object Repository/01-Login and Forgot Password/zForgot Password/span_Reset Password' is present

2022-12-09 13:31:11 - [MESSAGE][WARNING] - Timeout '0' is invalid. Using default page load timeout: '30'

2022-12-09 13:31:12 - [MESSAGE][PASSED] - Object 'Object Repository/01-Login and Forgot Password/zForgot Password/span_Reset Password' is present

2022-12-09 13:31:12 - [TEST_STEP][PASSED] - delay(2): Delayed 2 second(s)

2022-12-09 13:31:14 - [MESSAGE][PASSED] - Delayed 2 second(s)

2022-12-09 13:31:14 - [TEST_STEP][PASSED] - setText(findTestObject("01-Login and Forgot Password/zForgot Password/Reset pass email field"), "testuser01@mailinator.com"): Text 'testuser01@mailinator.com' is set on object 'Object Repository/01-Login and Forgot Password/zForgot Password/Reset pass email field'

2022-12-09 13:31:15 - [MESSAGE][PASSED] - Text 'testuser01@mailinator.com' is set on object 'Object Repository/01-Login and Forgot Password/zForgot Password/Reset pass email field'

2022-12-09 13:31:15 - [TEST_STEP][PASSED] - delay(2): Delayed 2 second(s)

2022-12-09 13:31:17 - [MESSAGE][PASSED] - Delayed 2 second(s)

2022-12-09 13:31:17 - [TEST_STEP][PASSED] - click(findTestObject("01-Login and Forgot Password/zForgot Password/button_Reset Password")): Object: 'Object Repository/01-Login and Forgot Password/zForgot Password/button_Reset Password' is clicked on

2022-12-09 13:31:17 - [MESSAGE][PASSED] - Object: 'Object Repository/01-Login and Forgot Password/zForgot Password/button_Reset Password' is clicked on

2022-12-09 13:31:17 - [TEST_STEP][PASSED] - verifyElementPresent(findTestObject("01-Login and Forgot Password/zForgot Password/Reset pass - success msg"), 0): Object 'Object Repository/01-Login and Forgot Password/zForgot Password/Reset pass - success msg' is present

2022-12-09 13:31:17 - [MESSAGE][WARNING] - Timeout '0' is invalid. Using default page load timeout: '30'

2022-12-09 13:31:18 - [MESSAGE][PASSED] - Object 'Object Repository/01-Login and Forgot Password/zForgot Password/Reset pass - success msg' is present

2022-12-09 13:31:18 - [TEST_STEP][PASSED] - delay(2): Delayed 2 second(s)

2022-12-09 13:31:20 - [MESSAGE][PASSED] - Delayed 2 second(s)

2022-12-09 13:31:20 - [TEST_STEP][PASSED] - click(findTestObject("01-Login and Forgot Password/zForgot Password/button_Back to login")): Object: 'Object Repository/01-Login and Forgot Password/zForgot Password/button_Back to login' is clicked on

2022-12-09 13:31:21 - [MESSAGE][PASSED] - Object: 'Object Repository/01-Login and Forgot Password/zForgot Password/button_Back to login' is clicked on

2022-12-09 13:31:21 - [TEST_STEP][PASSED] - delay(3): Delayed 3 second(s)

2022-12-09 13:31:24 - [MESSAGE][PASSED] - Delayed 3 second(s)

2022-12-09 13:31:24 - [TEST_STEP][PASSED] - verifyElementVisible(findTestObject("01-Login and Forgot Password/Login_Card")): Object 'Object Repository/01-Login and Forgot Password/Login_Card' is visible

2022-12-09 13:31:24 - [MESSAGE][PASSED] - Object 'Object Repository/01-Login and Forgot Password/Login_Card' is visible

2022-12-09 13:31:24 - [TEST_STEP][PASSED] - delay(2): Delayed 2 second(s)

2022-12-09 13:31:26 - [MESSAGE][PASSED] - Delayed 2 second(s)

2022-12-09 13:31:26 - [TEST_STEP][PASSED] - closeBrowser(): Browser is closed

2022-12-09 13:31:27 - [MESSAGE][PASSED] - Browser is closed]]></system-out>
         <system-err><![CDATA[]]></system-err>
      </testcase>
      <system-out><![CDATA[2022-12-09 13:25:18 - [TEST_SUITE][PASSED] - 01-Login and Forgot Password: Test Cases/01-Login and Forgot Password/08-Forgot Password(Correct Email)]]></system-out>
      <system-err><![CDATA[]]></system-err>
   </testsuite>
</testsuites>
