<?xml version="1.0" encoding="UTF-8"?>
<testsuites name="09.4 - Settings (Organization unit)" time="326.366" tests="4" failures="0" errors="0">
   <testsuite name="09.4 - Settings (Organization unit)" tests="4" failures="0" errors="0" time="326.366" skipped="0" timestamp="2022-11-25 15:00:19" hostname="User - DESKTOP-QCRNR4M" id="Test Suites/TS-Organization/09.4 - Settings (Organization unit)">
      <properties>
         <property name="deviceName" value=""/>
         <property name="devicePlatform" value=""/>
         <property name="logFolder" value="C:\\Users\\User\\Katalon Studio\\EverleaguesMain\\Reports\\20221125_150016\\TS-Organization\\09.4 - Settings (Organization unit)\\20221125_150016"/>
         <property name="logFiles" value="C:\\Users\\User\\Katalon Studio\\EverleaguesMain\\Reports\\20221125_150016\\TS-Organization\\09.4 - Settings (Organization unit)\\20221125_150016\\execution0.log"/>
         <property name="attachments" value=""/>
         <property name="hostName" value="User - DESKTOP-QCRNR4M"/>
         <property name="os" value="Windows 10 64bit"/>
         <property name="katalonVersion" value="8.4.1.208"/>
         <property name="browser" value="Chrome 107.0.0.0"/>
         <property name="hostAddress" value="192.168.5.124"/>
         <property name="sessionId" value="6efff0a8d071a78d2114b6b4d34586dd"/>
         <property name="seleniumVersion" value="3.141.59"/>
         <property name="proxyInformation" value="ProxyInformation { proxyOption=NO_PROXY, proxyServerType=HTTP, username=, password=********, proxyServerAddress=, proxyServerPort=0, executionList=&quot;&quot;, isApplyToDesiredCapabilities=true }"/>
         <property name="platform" value="Windows 10"/>
      </properties>
      <testcase name="Test Cases/09-Settings/19 - Organization unit - Add Organization unit" time="116.428" classname="Test Cases/09-Settings/19 - Organization unit - Add Organization unit" status="PASSED">
         <system-out><![CDATA[2022-11-25 15:00:19 - [TEST_CASE][PASSED] - Test Cases/09-Settings/19 - Organization unit - Add Organization unit: Test Cases/09-Settings/19 - Organization unit - Add Organization unit

2022-11-25 15:00:19 - [TEST_STEP][PASSED] - openBrowser(""): Browser is opened with url: ''

2022-11-25 15:00:20 - [MESSAGE][INFO] - Starting 'Chrome' driver

2022-11-25 15:00:20 - [MESSAGE][INFO] - Action delay is set to 0 milliseconds

2022-11-25 15:00:22 - [MESSAGE][PASSED] - Browser is opened with url: ''

2022-11-25 15:00:22 - [TEST_STEP][PASSED] - navigateToUrl("https://lab.everleagues.com/"): Navigate to 'https://lab.everleagues.com/' successfully

2022-11-25 15:00:35 - [MESSAGE][PASSED] - Navigate to 'https://lab.everleagues.com/' successfully

2022-11-25 15:00:35 - [TEST_STEP][PASSED] - maximizeWindow(): Current window maximized

2022-11-25 15:00:35 - [MESSAGE][PASSED] - Current window maximized

2022-11-25 15:00:35 - [TEST_STEP][PASSED] - setText(findTestObject("02-Side Icons(Organization)/Add Contact/Email Field"), "testuser02@mailinator.com"): Text 'testuser02@mailinator.com' is set on object 'Object Repository/02-Side Icons(Organization)/Add Contact/Email Field'

2022-11-25 15:00:36 - [MESSAGE][PASSED] - Text 'testuser02@mailinator.com' is set on object 'Object Repository/02-Side Icons(Organization)/Add Contact/Email Field'

2022-11-25 15:00:36 - [TEST_STEP][PASSED] - setEncryptedText(findTestObject("02-Side Icons(Organization)/Add Contact/Password Field"), "8yFRyszE6U6jvsCn51OQbg=="): Text ****** has been set on object 'Object Repository/02-Side Icons(Organization)/Add Contact/Password Field'

2022-11-25 15:00:36 - [MESSAGE][PASSED] - Text ****** has been set on object 'Object Repository/02-Side Icons(Organization)/Add Contact/Password Field'

2022-11-25 15:00:36 - [TEST_STEP][PASSED] - click(findTestObject("02-Side Icons(Organization)/Add Contact/button_Sign in")): Object: 'Object Repository/02-Side Icons(Organization)/Add Contact/button_Sign in' is clicked on

2022-11-25 15:00:37 - [MESSAGE][PASSED] - Object: 'Object Repository/02-Side Icons(Organization)/Add Contact/button_Sign in' is clicked on

2022-11-25 15:00:37 - [TEST_STEP][PASSED] - delay(2): Delayed 2 second(s)

2022-11-25 15:00:39 - [MESSAGE][PASSED] - Delayed 2 second(s)

2022-11-25 15:00:39 - [TEST_STEP][PASSED] - click(findTestObject("06-Teams/For 2FA/button_Confirm_2FA")): Object: 'Object Repository/06-Teams/For 2FA/button_Confirm_2FA' is clicked on

2022-11-25 15:00:39 - [MESSAGE][PASSED] - Object: 'Object Repository/06-Teams/For 2FA/button_Confirm_2FA' is clicked on

2022-11-25 15:00:39 - [TEST_STEP][PASSED] - executeJavaScript("window.open();", []): Execute JavaScript 'window.open();' successfully

2022-11-25 15:00:39 - [MESSAGE][PASSED] - Execute JavaScript 'window.open();' successfully

2022-11-25 15:00:39 - [TEST_STEP][PASSED] - currentWindow = getWindowIndex(): Current window's index is: 0

2022-11-25 15:00:39 - [MESSAGE][PASSED] - Current window's index is: 0

2022-11-25 15:00:39 - [TEST_STEP][PASSED] - delay(3): Delayed 3 second(s)

2022-11-25 15:00:42 - [MESSAGE][PASSED] - Delayed 3 second(s)

2022-11-25 15:00:42 - [TEST_STEP][PASSED] - switchToWindowIndex(currentWindow + 1): Switched to window with index: '1'

2022-11-25 15:00:42 - [MESSAGE][PASSED] - Switched to window with index: '1'

2022-11-25 15:00:42 - [TEST_STEP][PASSED] - navigateToUrl("https://www.mailinator.com/"): Navigate to 'https://www.mailinator.com/' successfully

2022-11-25 15:00:47 - [MESSAGE][PASSED] - Navigate to 'https://www.mailinator.com/' successfully

2022-11-25 15:00:47 - [TEST_STEP][PASSED] - delay(3): Delayed 3 second(s)

2022-11-25 15:00:50 - [MESSAGE][PASSED] - Delayed 3 second(s)

2022-11-25 15:00:50 - [TEST_STEP][PASSED] - setText(findTestObject("00-Signup and Activation/zMailinator/input_LOGIN_search"), "testuser02@mailinator.com"): Text 'testuser02@mailinator.com' is set on object 'Object Repository/00-Signup and Activation/zMailinator/input_LOGIN_search'

2022-11-25 15:00:51 - [MESSAGE][PASSED] - Text 'testuser02@mailinator.com' is set on object 'Object Repository/00-Signup and Activation/zMailinator/input_LOGIN_search'

2022-11-25 15:00:51 - [TEST_STEP][PASSED] - click(findTestObject("00-Signup and Activation/zMailinator/gobutton"), STOP_ON_FAILURE): Object: 'Object Repository/00-Signup and Activation/zMailinator/gobutton' is clicked on

2022-11-25 15:00:53 - [MESSAGE][PASSED] - Object: 'Object Repository/00-Signup and Activation/zMailinator/gobutton' is clicked on

2022-11-25 15:00:53 - [TEST_STEP][PASSED] - delay(3): Delayed 3 second(s)

2022-11-25 15:00:56 - [MESSAGE][PASSED] - Delayed 3 second(s)

2022-11-25 15:00:56 - [TEST_STEP][PASSED] - click(findTestObject("00-Signup and Activation/zMailinator/Email - everleagues")): Object: 'Object Repository/00-Signup and Activation/zMailinator/Email - everleagues' is clicked on

2022-11-25 15:00:57 - [MESSAGE][PASSED] - Object: 'Object Repository/00-Signup and Activation/zMailinator/Email - everleagues' is clicked on

2022-11-25 15:00:57 - [TEST_STEP][PASSED] - delay(3): Delayed 3 second(s)

2022-11-25 15:01:00 - [MESSAGE][PASSED] - Delayed 3 second(s)

2022-11-25 15:01:00 - [TEST_STEP][PASSED] - code = getText(findTestObject("Object Repository/06-Teams/For 2FA/2FA code")): Text of object 'Object Repository/06-Teams/For 2FA/2FA code' is: '840547'

2022-11-25 15:01:00 - [MESSAGE][PASSED] - Text of object 'Object Repository/06-Teams/For 2FA/2FA code' is: '840547'

2022-11-25 15:01:00 - [TEST_STEP][PASSED] - delay(3): Delayed 3 second(s)

2022-11-25 15:01:03 - [MESSAGE][PASSED] - Delayed 3 second(s)

2022-11-25 15:01:03 - [TEST_STEP][PASSED] - closeWindowTitle("Mailinator"): Window with title: 'Mailinator' is closed

2022-11-25 15:01:03 - [MESSAGE][PASSED] - Window with title: 'Mailinator' is closed

2022-11-25 15:01:03 - [TEST_STEP][PASSED] - delay(3): Delayed 3 second(s)

2022-11-25 15:01:06 - [MESSAGE][PASSED] - Delayed 3 second(s)

2022-11-25 15:01:06 - [TEST_STEP][PASSED] - switchToWindowIndex(0): Switched to window with index: '0'

2022-11-25 15:01:06 - [MESSAGE][PASSED] - Switched to window with index: '0'

2022-11-25 15:01:06 - [TEST_STEP][PASSED] - delay(3): Delayed 3 second(s)

2022-11-25 15:01:09 - [MESSAGE][PASSED] - Delayed 3 second(s)

2022-11-25 15:01:09 - [TEST_STEP][PASSED] - setText(findTestObject("Object Repository/06-Teams/For 2FA/input_Enter verification code_code"), code): Text '840547' is set on object 'Object Repository/06-Teams/For 2FA/input_Enter verification code_code'

2022-11-25 15:01:11 - [MESSAGE][PASSED] - Text '840547' is set on object 'Object Repository/06-Teams/For 2FA/input_Enter verification code_code'

2022-11-25 15:01:11 - [TEST_STEP][PASSED] - delay(3): Delayed 3 second(s)

2022-11-25 15:01:14 - [MESSAGE][PASSED] - Delayed 3 second(s)

2022-11-25 15:01:14 - [TEST_STEP][PASSED] - click(findTestObject("06-Teams/For 2FA/button_Verify_2FA")): Object: 'Object Repository/06-Teams/For 2FA/button_Verify_2FA' is clicked on

2022-11-25 15:01:14 - [MESSAGE][PASSED] - Object: 'Object Repository/06-Teams/For 2FA/button_Verify_2FA' is clicked on

2022-11-25 15:01:14 - [TEST_STEP][PASSED] - delay(5): Delayed 5 second(s)

2022-11-25 15:01:19 - [MESSAGE][PASSED] - Delayed 5 second(s)

2022-11-25 15:01:19 - [TEST_STEP][PASSED] - click(findTestObject("06-Teams/button_doublearrow")): Object: 'Object Repository/06-Teams/button_doublearrow' is clicked on

2022-11-25 15:01:20 - [MESSAGE][PASSED] - Object: 'Object Repository/06-Teams/button_doublearrow' is clicked on

2022-11-25 15:01:20 - [TEST_STEP][PASSED] - click(findTestObject("06-Teams/button_My Organizations")): Object: 'Object Repository/06-Teams/button_My Organizations' is clicked on

2022-11-25 15:01:20 - [MESSAGE][PASSED] - Object: 'Object Repository/06-Teams/button_My Organizations' is clicked on

2022-11-25 15:01:20 - [TEST_STEP][PASSED] - click(findTestObject("06-Teams/button_GG Automation")): Object: 'Object Repository/06-Teams/button_GG Automation' is clicked on

2022-11-25 15:01:21 - [MESSAGE][PASSED] - Object: 'Object Repository/06-Teams/button_GG Automation' is clicked on

2022-11-25 15:01:21 - [TEST_STEP][PASSED] - delay(4): Delayed 4 second(s)

2022-11-25 15:01:25 - [MESSAGE][PASSED] - Delayed 4 second(s)

2022-11-25 15:01:25 - [TEST_STEP][PASSED] - verifyElementVisible(findTestObject("06-Teams/span_GG Automation")): Object 'Object Repository/06-Teams/span_GG Automation' is visible

2022-11-25 15:01:25 - [MESSAGE][PASSED] - Object 'Object Repository/06-Teams/span_GG Automation' is visible

2022-11-25 15:01:25 - [TEST_STEP][PASSED] - delay(5): Delayed 5 second(s)

2022-11-25 15:01:30 - [MESSAGE][PASSED] - Delayed 5 second(s)

2022-11-25 15:01:30 - [TEST_STEP][PASSED] - click(findTestObject("03-Header Menu/Hamburger Button/div_Settings")): Object: 'Object Repository/03-Header Menu/Hamburger Button/div_Settings' is clicked on

2022-11-25 15:01:31 - [MESSAGE][PASSED] - Object: 'Object Repository/03-Header Menu/Hamburger Button/div_Settings' is clicked on

2022-11-25 15:01:31 - [TEST_STEP][PASSED] - verifyElementVisible(findTestObject("09-Settings/Users/div_Organization")): Object 'Object Repository/09-Settings/Users/div_Organization' is visible

2022-11-25 15:01:31 - [MESSAGE][PASSED] - Object 'Object Repository/09-Settings/Users/div_Organization' is visible

2022-11-25 15:01:31 - [TEST_STEP][PASSED] - verifyElementVisible(findTestObject("09-Settings/Users/div_Organization Units")): Object 'Object Repository/09-Settings/Users/div_Organization Units' is visible

2022-11-25 15:01:32 - [MESSAGE][PASSED] - Object 'Object Repository/09-Settings/Users/div_Organization Units' is visible

2022-11-25 15:01:32 - [TEST_STEP][PASSED] - verifyElementVisible(findTestObject("09-Settings/Users/div_Subscriptions")): Object 'Object Repository/09-Settings/Users/div_Subscriptions' is visible

2022-11-25 15:01:32 - [MESSAGE][PASSED] - Object 'Object Repository/09-Settings/Users/div_Subscriptions' is visible

2022-11-25 15:01:32 - [TEST_STEP][PASSED] - verifyElementVisible(findTestObject("09-Settings/Users/div_Users")): Object 'Object Repository/09-Settings/Users/div_Users' is visible

2022-11-25 15:01:32 - [MESSAGE][PASSED] - Object 'Object Repository/09-Settings/Users/div_Users' is visible

2022-11-25 15:01:32 - [TEST_STEP][PASSED] - delay(3): Delayed 3 second(s)

2022-11-25 15:01:35 - [MESSAGE][PASSED] - Delayed 3 second(s)

2022-11-25 15:01:35 - [TEST_STEP][PASSED] - click(findTestObject("09-Settings/Users/div_Organization Units")): Object: 'Object Repository/09-Settings/Users/div_Organization Units' is clicked on

2022-11-25 15:01:36 - [MESSAGE][PASSED] - Object: 'Object Repository/09-Settings/Users/div_Organization Units' is clicked on

2022-11-25 15:01:36 - [TEST_STEP][PASSED] - verifyElementVisible(findTestObject("09-Settings/Organization unit/h4_ORGANIZATION STRUCTURE SETUP")): Object 'Object Repository/09-Settings/Organization unit/h4_ORGANIZATION STRUCTURE SETUP' is visible

2022-11-25 15:01:36 - [MESSAGE][PASSED] - Object 'Object Repository/09-Settings/Organization unit/h4_ORGANIZATION STRUCTURE SETUP' is visible

2022-11-25 15:01:36 - [TEST_STEP][PASSED] - delay(3): Delayed 3 second(s)

2022-11-25 15:01:39 - [MESSAGE][PASSED] - Delayed 3 second(s)

2022-11-25 15:01:39 - [TEST_STEP][PASSED] - click(findTestObject("09-Settings/Organization unit/button_add")): Object: 'Object Repository/09-Settings/Organization unit/button_add' is clicked on

2022-11-25 15:01:40 - [MESSAGE][PASSED] - Object: 'Object Repository/09-Settings/Organization unit/button_add' is clicked on

2022-11-25 15:01:40 - [TEST_STEP][PASSED] - verifyElementPresent(findTestObject("09-Settings/Organization unit/mat-dialog-container_Add organization unit modal"), 0): Object 'Object Repository/09-Settings/Organization unit/mat-dialog-container_Add organization unit modal' is present

2022-11-25 15:01:40 - [MESSAGE][WARNING] - Timeout '0' is invalid. Using default page load timeout: '30'

2022-11-25 15:01:41 - [MESSAGE][PASSED] - Object 'Object Repository/09-Settings/Organization unit/mat-dialog-container_Add organization unit modal' is present

2022-11-25 15:01:41 - [TEST_STEP][PASSED] - verifyElementPresent(findTestObject("09-Settings/Organization unit/h4_Name"), 0): Object 'Object Repository/09-Settings/Organization unit/h4_Name' is present

2022-11-25 15:01:41 - [MESSAGE][WARNING] - Timeout '0' is invalid. Using default page load timeout: '30'

2022-11-25 15:01:41 - [MESSAGE][PASSED] - Object 'Object Repository/09-Settings/Organization unit/h4_Name' is present

2022-11-25 15:01:41 - [TEST_STEP][PASSED] - click(findTestObject("09-Settings/Organization unit/mat-icon_create")): Object: 'Object Repository/09-Settings/Organization unit/mat-icon_create' is clicked on

2022-11-25 15:01:41 - [MESSAGE][PASSED] - Object: 'Object Repository/09-Settings/Organization unit/mat-icon_create' is clicked on

2022-11-25 15:01:41 - [TEST_STEP][PASSED] - verifyElementPresent(findTestObject("09-Settings/Organization unit/mat-dialog-container_Select an organization unit modal"), 0): Object 'Object Repository/09-Settings/Organization unit/mat-dialog-container_Select an organization unit modal' is present

2022-11-25 15:01:42 - [MESSAGE][WARNING] - Timeout '0' is invalid. Using default page load timeout: '30'

2022-11-25 15:01:42 - [MESSAGE][PASSED] - Object 'Object Repository/09-Settings/Organization unit/mat-dialog-container_Select an organization unit modal' is present

2022-11-25 15:01:42 - [TEST_STEP][PASSED] - verifyElementPresent(findTestObject("09-Settings/Organization unit/h4_Select an organization unit"), 0): Object 'Object Repository/09-Settings/Organization unit/h4_Select an organization unit' is present

2022-11-25 15:01:42 - [MESSAGE][WARNING] - Timeout '0' is invalid. Using default page load timeout: '30'

2022-11-25 15:01:42 - [MESSAGE][PASSED] - Object 'Object Repository/09-Settings/Organization unit/h4_Select an organization unit' is present

2022-11-25 15:01:42 - [TEST_STEP][PASSED] - delay(3): Delayed 3 second(s)

2022-11-25 15:01:45 - [MESSAGE][PASSED] - Delayed 3 second(s)

2022-11-25 15:01:45 - [TEST_STEP][PASSED] - click(findTestObject("09-Settings/Organization unit/Cancel button for select an organization unit")): Object: 'Object Repository/09-Settings/Organization unit/Cancel button for select an organization unit' is clicked on

2022-11-25 15:01:46 - [MESSAGE][PASSED] - Object: 'Object Repository/09-Settings/Organization unit/Cancel button for select an organization unit' is clicked on

2022-11-25 15:01:46 - [TEST_STEP][PASSED] - delay(4): Delayed 4 second(s)

2022-11-25 15:01:50 - [MESSAGE][PASSED] - Delayed 4 second(s)

2022-11-25 15:01:50 - [TEST_STEP][PASSED] - verifyElementPresent(findTestObject("09-Settings/Organization unit/mat-dialog-container_Add organization unit modal"), 0): Object 'Object Repository/09-Settings/Organization unit/mat-dialog-container_Add organization unit modal' is present

2022-11-25 15:01:50 - [MESSAGE][WARNING] - Timeout '0' is invalid. Using default page load timeout: '30'

2022-11-25 15:01:50 - [MESSAGE][PASSED] - Object 'Object Repository/09-Settings/Organization unit/mat-dialog-container_Add organization unit modal' is present

2022-11-25 15:01:50 - [TEST_STEP][PASSED] - verifyElementPresent(findTestObject("09-Settings/Organization unit/h4_Name"), 0): Object 'Object Repository/09-Settings/Organization unit/h4_Name' is present

2022-11-25 15:01:50 - [MESSAGE][WARNING] - Timeout '0' is invalid. Using default page load timeout: '30'

2022-11-25 15:01:51 - [MESSAGE][PASSED] - Object 'Object Repository/09-Settings/Organization unit/h4_Name' is present

2022-11-25 15:01:51 - [TEST_STEP][PASSED] - click(findTestObject("09-Settings/Organization unit/input_Parent Organization Unit Name_orgName")): Object: 'Object Repository/09-Settings/Organization unit/input_Parent Organization Unit Name_orgName' is clicked on

2022-11-25 15:01:51 - [MESSAGE][PASSED] - Object: 'Object Repository/09-Settings/Organization unit/input_Parent Organization Unit Name_orgName' is clicked on

2022-11-25 15:01:51 - [TEST_STEP][PASSED] - click(findTestObject("09-Settings/Organization unit/mat-dialog-container_Add organization unit modal")): Object: 'Object Repository/09-Settings/Organization unit/mat-dialog-container_Add organization unit modal' is clicked on

2022-11-25 15:01:51 - [MESSAGE][PASSED] - Object: 'Object Repository/09-Settings/Organization unit/mat-dialog-container_Add organization unit modal' is clicked on

2022-11-25 15:01:51 - [TEST_STEP][PASSED] - verifyElementPresent(findTestObject("09-Settings/Organization unit/mat-error_Field is required"), 0): Object 'Object Repository/09-Settings/Organization unit/mat-error_Field is required' is present

2022-11-25 15:01:51 - [MESSAGE][WARNING] - Timeout '0' is invalid. Using default page load timeout: '30'

2022-11-25 15:01:52 - [MESSAGE][PASSED] - Object 'Object Repository/09-Settings/Organization unit/mat-error_Field is required' is present

2022-11-25 15:01:52 - [TEST_STEP][PASSED] - delay(3): Delayed 3 second(s)

2022-11-25 15:01:55 - [MESSAGE][PASSED] - Delayed 3 second(s)

2022-11-25 15:01:55 - [TEST_STEP][PASSED] - click(findTestObject("09-Settings/Users/Active User/button_Cancel_restore")): Object: 'Object Repository/09-Settings/Users/Active User/button_Cancel_restore' is clicked on

2022-11-25 15:01:55 - [MESSAGE][PASSED] - Object: 'Object Repository/09-Settings/Users/Active User/button_Cancel_restore' is clicked on

2022-11-25 15:01:55 - [TEST_STEP][PASSED] - delay(4): Delayed 4 second(s)

2022-11-25 15:01:59 - [MESSAGE][PASSED] - Delayed 4 second(s)

2022-11-25 15:01:59 - [TEST_STEP][PASSED] - click(findTestObject("09-Settings/Organization unit/button_add")): Object: 'Object Repository/09-Settings/Organization unit/button_add' is clicked on

2022-11-25 15:02:00 - [MESSAGE][PASSED] - Object: 'Object Repository/09-Settings/Organization unit/button_add' is clicked on

2022-11-25 15:02:00 - [TEST_STEP][PASSED] - verifyElementPresent(findTestObject("09-Settings/Organization unit/mat-dialog-container_Add organization unit modal"), 0): Object 'Object Repository/09-Settings/Organization unit/mat-dialog-container_Add organization unit modal' is present

2022-11-25 15:02:00 - [MESSAGE][WARNING] - Timeout '0' is invalid. Using default page load timeout: '30'

2022-11-25 15:02:00 - [MESSAGE][PASSED] - Object 'Object Repository/09-Settings/Organization unit/mat-dialog-container_Add organization unit modal' is present

2022-11-25 15:02:00 - [TEST_STEP][PASSED] - verifyElementPresent(findTestObject("09-Settings/Organization unit/h4_Name"), 0): Object 'Object Repository/09-Settings/Organization unit/h4_Name' is present

2022-11-25 15:02:00 - [MESSAGE][WARNING] - Timeout '0' is invalid. Using default page load timeout: '30'

2022-11-25 15:02:01 - [MESSAGE][PASSED] - Object 'Object Repository/09-Settings/Organization unit/h4_Name' is present

2022-11-25 15:02:01 - [TEST_STEP][PASSED] - click(findTestObject("09-Settings/Organization unit/mat-icon_create")): Object: 'Object Repository/09-Settings/Organization unit/mat-icon_create' is clicked on

2022-11-25 15:02:01 - [MESSAGE][PASSED] - Object: 'Object Repository/09-Settings/Organization unit/mat-icon_create' is clicked on

2022-11-25 15:02:01 - [TEST_STEP][PASSED] - verifyElementPresent(findTestObject("09-Settings/Organization unit/mat-dialog-container_Select an organization unit modal"), 0): Object 'Object Repository/09-Settings/Organization unit/mat-dialog-container_Select an organization unit modal' is present

2022-11-25 15:02:01 - [MESSAGE][WARNING] - Timeout '0' is invalid. Using default page load timeout: '30'

2022-11-25 15:02:02 - [MESSAGE][PASSED] - Object 'Object Repository/09-Settings/Organization unit/mat-dialog-container_Select an organization unit modal' is present

2022-11-25 15:02:02 - [TEST_STEP][PASSED] - verifyElementPresent(findTestObject("09-Settings/Organization unit/h4_Select an organization unit"), 0): Object 'Object Repository/09-Settings/Organization unit/h4_Select an organization unit' is present

2022-11-25 15:02:02 - [MESSAGE][WARNING] - Timeout '0' is invalid. Using default page load timeout: '30'

2022-11-25 15:02:02 - [MESSAGE][PASSED] - Object 'Object Repository/09-Settings/Organization unit/h4_Select an organization unit' is present

2022-11-25 15:02:02 - [TEST_STEP][PASSED] - click(findTestObject("09-Settings/Organization unit/div_GG Automation")): Object: 'Object Repository/09-Settings/Organization unit/div_GG Automation' is clicked on

2022-11-25 15:02:03 - [MESSAGE][PASSED] - Object: 'Object Repository/09-Settings/Organization unit/div_GG Automation' is clicked on

2022-11-25 15:02:03 - [TEST_STEP][PASSED] - delay(3): Delayed 3 second(s)

2022-11-25 15:02:06 - [MESSAGE][PASSED] - Delayed 3 second(s)

2022-11-25 15:02:06 - [TEST_STEP][PASSED] - click(findTestObject("09-Settings/Organization unit/button_Select organization")): Object: 'Object Repository/09-Settings/Organization unit/button_Select organization' is clicked on

2022-11-25 15:02:06 - [MESSAGE][PASSED] - Object: 'Object Repository/09-Settings/Organization unit/button_Select organization' is clicked on

2022-11-25 15:02:06 - [TEST_STEP][PASSED] - setText(findTestObject("09-Settings/Organization unit/input_Parent Organization Unit Name_orgName"), "Automation Organization unit"): Text 'Automation Organization unit' is set on object 'Object Repository/09-Settings/Organization unit/input_Parent Organization Unit Name_orgName'

2022-11-25 15:02:07 - [MESSAGE][PASSED] - Text 'Automation Organization unit' is set on object 'Object Repository/09-Settings/Organization unit/input_Parent Organization Unit Name_orgName'

2022-11-25 15:02:07 - [TEST_STEP][PASSED] - delay(3): Delayed 3 second(s)

2022-11-25 15:02:10 - [MESSAGE][PASSED] - Delayed 3 second(s)

2022-11-25 15:02:10 - [TEST_STEP][PASSED] - click(findTestObject("09-Settings/Users/Active User/button_Save")): Object: 'Object Repository/09-Settings/Users/Active User/button_Save' is clicked on

2022-11-25 15:02:11 - [MESSAGE][PASSED] - Object: 'Object Repository/09-Settings/Users/Active User/button_Save' is clicked on

2022-11-25 15:02:11 - [TEST_STEP][PASSED] - verifyElementPresent(findTestObject("09-Settings/Organization unit/span_Successfully added organization unit"), 0): Object 'Object Repository/09-Settings/Organization unit/span_Successfully added organization unit' is present

2022-11-25 15:02:11 - [MESSAGE][WARNING] - Timeout '0' is invalid. Using default page load timeout: '30'

2022-11-25 15:02:12 - [MESSAGE][PASSED] - Object 'Object Repository/09-Settings/Organization unit/span_Successfully added organization unit' is present

2022-11-25 15:02:12 - [TEST_STEP][PASSED] - click(findTestObject("09-Settings/Users/Active User/button_OK")): Object: 'Object Repository/09-Settings/Users/Active User/button_OK' is clicked on

2022-11-25 15:02:12 - [MESSAGE][PASSED] - Object: 'Object Repository/09-Settings/Users/Active User/button_OK' is clicked on

2022-11-25 15:02:12 - [TEST_STEP][PASSED] - delay(3): Delayed 3 second(s)

2022-11-25 15:02:15 - [MESSAGE][PASSED] - Delayed 3 second(s)]]></system-out>
         <system-err><![CDATA[]]></system-err>
      </testcase>
      <testcase name="Test Cases/09-Settings/20 - Organization unit - Join Request Link" time="36.247" classname="Test Cases/09-Settings/20 - Organization unit - Join Request Link" status="PASSED">
         <system-out><![CDATA[2022-11-25 15:02:15 - [TEST_CASE][PASSED] - Test Cases/09-Settings/20 - Organization unit - Join Request Link: Test Cases/09-Settings/20 - Organization unit - Join Request Link

2022-11-25 15:02:16 - [TEST_STEP][PASSED] - delay(3): Delayed 3 second(s)

2022-11-25 15:02:19 - [MESSAGE][PASSED] - Delayed 3 second(s)

2022-11-25 15:02:19 - [TEST_STEP][PASSED] - mouseOver(findTestObject("09-Settings/Organization unit/div_GG TESTER")): Object: 'Object Repository/09-Settings/Organization unit/div_GG TESTER' is hovered

2022-11-25 15:02:19 - [MESSAGE][PASSED] - Object: 'Object Repository/09-Settings/Organization unit/div_GG TESTER' is hovered

2022-11-25 15:02:19 - [TEST_STEP][PASSED] - delay(5): Delayed 5 second(s)

2022-11-25 15:02:24 - [MESSAGE][PASSED] - Delayed 5 second(s)

2022-11-25 15:02:24 - [TEST_STEP][PASSED] - waitForElementClickable(findTestObject("09-Settings/Organization unit/div_GG TESTER"), 0): Object 'Object Repository/09-Settings/Organization unit/div_GG TESTER' is clickable

2022-11-25 15:02:25 - [MESSAGE][WARNING] - Timeout '0' is invalid. Using default page load timeout: '30'

2022-11-25 15:02:25 - [MESSAGE][PASSED] - Object 'Object Repository/09-Settings/Organization unit/div_GG TESTER' is clickable

2022-11-25 15:02:25 - [TEST_STEP][PASSED] - click(findTestObject("09-Settings/Organization unit/div_GG TESTER")): Object: 'Object Repository/09-Settings/Organization unit/div_GG TESTER' is clicked on

2022-11-25 15:02:25 - [MESSAGE][PASSED] - Object: 'Object Repository/09-Settings/Organization unit/div_GG TESTER' is clicked on

2022-11-25 15:02:25 - [TEST_STEP][PASSED] - delay(3): Delayed 3 second(s)

2022-11-25 15:02:28 - [MESSAGE][PASSED] - Delayed 3 second(s)

2022-11-25 15:02:28 - [TEST_STEP][PASSED] - waitForElementVisible(findTestObject("09-Settings/Organization unit/button_link"), 0): Object 'Object Repository/09-Settings/Organization unit/button_link' is visible

2022-11-25 15:02:28 - [MESSAGE][WARNING] - Timeout '0' is invalid. Using default page load timeout: '30'

2022-11-25 15:02:29 - [MESSAGE][PASSED] - Object 'Object Repository/09-Settings/Organization unit/button_link' is visible

2022-11-25 15:02:29 - [TEST_STEP][PASSED] - waitForElementClickable(findTestObject("09-Settings/Organization unit/button_link"), 0): Object 'Object Repository/09-Settings/Organization unit/button_link' is clickable

2022-11-25 15:02:29 - [MESSAGE][WARNING] - Timeout '0' is invalid. Using default page load timeout: '30'

2022-11-25 15:02:29 - [MESSAGE][PASSED] - Object 'Object Repository/09-Settings/Organization unit/button_link' is clickable

2022-11-25 15:02:29 - [TEST_STEP][PASSED] - click(findTestObject("09-Settings/Organization unit/button_link")): Object: 'Object Repository/09-Settings/Organization unit/button_link' is clicked on

2022-11-25 15:02:29 - [MESSAGE][PASSED] - Object: 'Object Repository/09-Settings/Organization unit/button_link' is clicked on

2022-11-25 15:02:29 - [TEST_STEP][PASSED] - verifyElementPresent(findTestObject("09-Settings/Organization unit/mat-dialog-container_Join Request modal"), 0): Object 'Object Repository/09-Settings/Organization unit/mat-dialog-container_Join Request modal' is present

2022-11-25 15:02:29 - [MESSAGE][WARNING] - Timeout '0' is invalid. Using default page load timeout: '30'

2022-11-25 15:02:31 - [MESSAGE][PASSED] - Object 'Object Repository/09-Settings/Organization unit/mat-dialog-container_Join Request modal' is present

2022-11-25 15:02:31 - [TEST_STEP][PASSED] - verifyElementPresent(findTestObject("09-Settings/Organization unit/h2_Join Request"), 0): Object 'Object Repository/09-Settings/Organization unit/h2_Join Request' is present

2022-11-25 15:02:31 - [MESSAGE][WARNING] - Timeout '0' is invalid. Using default page load timeout: '30'

2022-11-25 15:02:31 - [MESSAGE][PASSED] - Object 'Object Repository/09-Settings/Organization unit/h2_Join Request' is present

2022-11-25 15:02:31 - [TEST_STEP][PASSED] - verifyElementPresent(findTestObject("09-Settings/Organization unit/div_Client link"), 0): Object 'Object Repository/09-Settings/Organization unit/div_Client link' is present

2022-11-25 15:02:31 - [MESSAGE][WARNING] - Timeout '0' is invalid. Using default page load timeout: '30'

2022-11-25 15:02:31 - [MESSAGE][PASSED] - Object 'Object Repository/09-Settings/Organization unit/div_Client link' is present

2022-11-25 15:02:31 - [TEST_STEP][PASSED] - verifyElementPresent(findTestObject("09-Settings/Organization unit/div_Partner link"), 0): Object 'Object Repository/09-Settings/Organization unit/div_Partner link' is present

2022-11-25 15:02:31 - [MESSAGE][WARNING] - Timeout '0' is invalid. Using default page load timeout: '30'

2022-11-25 15:02:32 - [MESSAGE][PASSED] - Object 'Object Repository/09-Settings/Organization unit/div_Partner link' is present

2022-11-25 15:02:32 - [TEST_STEP][PASSED] - delay(3): Delayed 3 second(s)

2022-11-25 15:02:35 - [MESSAGE][PASSED] - Delayed 3 second(s)

2022-11-25 15:02:35 - [TEST_STEP][PASSED] - click(findTestObject("09-Settings/Organization unit/button_COPY")): Object: 'Object Repository/09-Settings/Organization unit/button_COPY' is clicked on

2022-11-25 15:02:35 - [MESSAGE][PASSED] - Object: 'Object Repository/09-Settings/Organization unit/button_COPY' is clicked on

2022-11-25 15:02:35 - [TEST_STEP][PASSED] - verifyElementPresent(findTestObject("09-Settings/Organization unit/snack-bar-container_Copy Link"), 0): Object 'Object Repository/09-Settings/Organization unit/snack-bar-container_Copy Link' is present

2022-11-25 15:02:35 - [MESSAGE][WARNING] - Timeout '0' is invalid. Using default page load timeout: '30'

2022-11-25 15:02:36 - [MESSAGE][PASSED] - Object 'Object Repository/09-Settings/Organization unit/snack-bar-container_Copy Link' is present

2022-11-25 15:02:36 - [TEST_STEP][PASSED] - click(findTestObject("09-Settings/Users/Active User/button_OK")): Object: 'Object Repository/09-Settings/Users/Active User/button_OK' is clicked on

2022-11-25 15:02:36 - [MESSAGE][PASSED] - Object: 'Object Repository/09-Settings/Users/Active User/button_OK' is clicked on

2022-11-25 15:02:36 - [TEST_STEP][PASSED] - click(findTestObject("09-Settings/Organization unit/button_Ok")): Object: 'Object Repository/09-Settings/Organization unit/button_Ok' is clicked on

2022-11-25 15:02:37 - [MESSAGE][PASSED] - Object: 'Object Repository/09-Settings/Organization unit/button_Ok' is clicked on

2022-11-25 15:02:37 - [TEST_STEP][PASSED] - delay(3): Delayed 3 second(s)

2022-11-25 15:02:40 - [MESSAGE][PASSED] - Delayed 3 second(s)

2022-11-25 15:02:40 - [TEST_STEP][PASSED] - my_clipboard = getContents(null).getTransferData(stringFlavor): null

2022-11-25 15:02:40 - [TEST_STEP][PASSED] - navigateToUrl(my_clipboard): Navigate to 'https://xukp7.app.goo.gl/GfGk' successfully

2022-11-25 15:02:45 - [MESSAGE][PASSED] - Navigate to 'https://xukp7.app.goo.gl/GfGk' successfully

2022-11-25 15:02:45 - [TEST_STEP][PASSED] - delay(3): Delayed 3 second(s)

2022-11-25 15:02:48 - [MESSAGE][PASSED] - Delayed 3 second(s)

2022-11-25 15:02:48 - [TEST_STEP][PASSED] - verifyElementPresent(findTestObject("09-Settings/Organization unit/mat_card_join request link"), 0): Object 'Object Repository/09-Settings/Organization unit/mat_card_join request link' is present

2022-11-25 15:02:48 - [MESSAGE][WARNING] - Timeout '0' is invalid. Using default page load timeout: '30'

2022-11-25 15:02:48 - [MESSAGE][PASSED] - Object 'Object Repository/09-Settings/Organization unit/mat_card_join request link' is present

2022-11-25 15:02:48 - [TEST_STEP][PASSED] - delay(3): Delayed 3 second(s)

2022-11-25 15:02:51 - [MESSAGE][PASSED] - Delayed 3 second(s)

2022-11-25 15:02:51 - [TEST_STEP][PASSED] - closeBrowser(): Browser is closed

2022-11-25 15:02:52 - [MESSAGE][PASSED] - Browser is closed]]></system-out>
         <system-err><![CDATA[]]></system-err>
      </testcase>
      <testcase name="Test Cases/09-Settings/21 - Organization unit - Edit Oganization unit" time="138.535" classname="Test Cases/09-Settings/21 - Organization unit - Edit Oganization unit" status="PASSED">
         <system-out><![CDATA[2022-11-25 15:02:52 - [TEST_CASE][PASSED] - Test Cases/09-Settings/21 - Organization unit - Edit Oganization unit: Test Cases/09-Settings/21 - Organization unit - Edit Oganization unit

2022-11-25 15:02:52 - [TEST_STEP][PASSED] - openBrowser(""): Browser is opened with url: ''

2022-11-25 15:02:52 - [MESSAGE][INFO] - Starting 'Chrome' driver

2022-11-25 15:02:52 - [MESSAGE][INFO] - Action delay is set to 0 milliseconds

2022-11-25 15:02:53 - [MESSAGE][PASSED] - Browser is opened with url: ''

2022-11-25 15:02:53 - [TEST_STEP][PASSED] - navigateToUrl("https://lab.everleagues.com/"): Navigate to 'https://lab.everleagues.com/' successfully

2022-11-25 15:03:26 - [MESSAGE][PASSED] - Navigate to 'https://lab.everleagues.com/' successfully

2022-11-25 15:03:26 - [TEST_STEP][PASSED] - maximizeWindow(): Current window maximized

2022-11-25 15:03:26 - [MESSAGE][PASSED] - Current window maximized

2022-11-25 15:03:26 - [TEST_STEP][PASSED] - setText(findTestObject("02-Side Icons(Organization)/Add Contact/Email Field"), "testuser02@mailinator.com"): Text 'testuser02@mailinator.com' is set on object 'Object Repository/02-Side Icons(Organization)/Add Contact/Email Field'

2022-11-25 15:03:27 - [MESSAGE][PASSED] - Text 'testuser02@mailinator.com' is set on object 'Object Repository/02-Side Icons(Organization)/Add Contact/Email Field'

2022-11-25 15:03:27 - [TEST_STEP][PASSED] - setEncryptedText(findTestObject("02-Side Icons(Organization)/Add Contact/Password Field"), "8yFRyszE6U6jvsCn51OQbg=="): Text ****** has been set on object 'Object Repository/02-Side Icons(Organization)/Add Contact/Password Field'

2022-11-25 15:03:28 - [MESSAGE][PASSED] - Text ****** has been set on object 'Object Repository/02-Side Icons(Organization)/Add Contact/Password Field'

2022-11-25 15:03:28 - [TEST_STEP][PASSED] - click(findTestObject("02-Side Icons(Organization)/Add Contact/button_Sign in")): Object: 'Object Repository/02-Side Icons(Organization)/Add Contact/button_Sign in' is clicked on

2022-11-25 15:03:29 - [MESSAGE][PASSED] - Object: 'Object Repository/02-Side Icons(Organization)/Add Contact/button_Sign in' is clicked on

2022-11-25 15:03:29 - [TEST_STEP][PASSED] - delay(2): Delayed 2 second(s)

2022-11-25 15:03:31 - [MESSAGE][PASSED] - Delayed 2 second(s)

2022-11-25 15:03:31 - [TEST_STEP][PASSED] - click(findTestObject("06-Teams/For 2FA/button_Confirm_2FA")): Object: 'Object Repository/06-Teams/For 2FA/button_Confirm_2FA' is clicked on

2022-11-25 15:03:31 - [MESSAGE][PASSED] - Object: 'Object Repository/06-Teams/For 2FA/button_Confirm_2FA' is clicked on

2022-11-25 15:03:31 - [TEST_STEP][PASSED] - executeJavaScript("window.open();", []): Execute JavaScript 'window.open();' successfully

2022-11-25 15:03:31 - [MESSAGE][PASSED] - Execute JavaScript 'window.open();' successfully

2022-11-25 15:03:31 - [TEST_STEP][PASSED] - currentWindow = getWindowIndex(): Current window's index is: 0

2022-11-25 15:03:31 - [MESSAGE][PASSED] - Current window's index is: 0

2022-11-25 15:03:31 - [TEST_STEP][PASSED] - delay(3): Delayed 3 second(s)

2022-11-25 15:03:34 - [MESSAGE][PASSED] - Delayed 3 second(s)

2022-11-25 15:03:34 - [TEST_STEP][PASSED] - switchToWindowIndex(currentWindow + 1): Switched to window with index: '1'

2022-11-25 15:03:34 - [MESSAGE][PASSED] - Switched to window with index: '1'

2022-11-25 15:03:34 - [TEST_STEP][PASSED] - navigateToUrl("https://www.mailinator.com/"): Navigate to 'https://www.mailinator.com/' successfully

2022-11-25 15:03:37 - [MESSAGE][PASSED] - Navigate to 'https://www.mailinator.com/' successfully

2022-11-25 15:03:37 - [TEST_STEP][PASSED] - delay(3): Delayed 3 second(s)

2022-11-25 15:03:40 - [MESSAGE][PASSED] - Delayed 3 second(s)

2022-11-25 15:03:40 - [TEST_STEP][PASSED] - setText(findTestObject("00-Signup and Activation/zMailinator/input_LOGIN_search"), "testuser02@mailinator.com"): Text 'testuser02@mailinator.com' is set on object 'Object Repository/00-Signup and Activation/zMailinator/input_LOGIN_search'

2022-11-25 15:03:41 - [MESSAGE][PASSED] - Text 'testuser02@mailinator.com' is set on object 'Object Repository/00-Signup and Activation/zMailinator/input_LOGIN_search'

2022-11-25 15:03:41 - [TEST_STEP][PASSED] - click(findTestObject("00-Signup and Activation/zMailinator/gobutton"), STOP_ON_FAILURE): Object: 'Object Repository/00-Signup and Activation/zMailinator/gobutton' is clicked on

2022-11-25 15:03:43 - [MESSAGE][PASSED] - Object: 'Object Repository/00-Signup and Activation/zMailinator/gobutton' is clicked on

2022-11-25 15:03:43 - [TEST_STEP][PASSED] - delay(3): Delayed 3 second(s)

2022-11-25 15:03:46 - [MESSAGE][PASSED] - Delayed 3 second(s)

2022-11-25 15:03:46 - [TEST_STEP][PASSED] - click(findTestObject("00-Signup and Activation/zMailinator/Email - everleagues")): Object: 'Object Repository/00-Signup and Activation/zMailinator/Email - everleagues' is clicked on

2022-11-25 15:03:46 - [MESSAGE][PASSED] - Object: 'Object Repository/00-Signup and Activation/zMailinator/Email - everleagues' is clicked on

2022-11-25 15:03:46 - [TEST_STEP][PASSED] - delay(3): Delayed 3 second(s)

2022-11-25 15:03:49 - [MESSAGE][PASSED] - Delayed 3 second(s)

2022-11-25 15:03:49 - [TEST_STEP][PASSED] - code = getText(findTestObject("Object Repository/06-Teams/For 2FA/2FA code")): Text of object 'Object Repository/06-Teams/For 2FA/2FA code' is: '203956'

2022-11-25 15:03:50 - [MESSAGE][PASSED] - Text of object 'Object Repository/06-Teams/For 2FA/2FA code' is: '203956'

2022-11-25 15:03:50 - [TEST_STEP][PASSED] - delay(3): Delayed 3 second(s)

2022-11-25 15:03:53 - [MESSAGE][PASSED] - Delayed 3 second(s)

2022-11-25 15:03:53 - [TEST_STEP][PASSED] - closeWindowTitle("Mailinator"): Window with title: 'Mailinator' is closed

2022-11-25 15:03:53 - [MESSAGE][PASSED] - Window with title: 'Mailinator' is closed

2022-11-25 15:03:53 - [TEST_STEP][PASSED] - delay(3): Delayed 3 second(s)

2022-11-25 15:03:56 - [MESSAGE][PASSED] - Delayed 3 second(s)

2022-11-25 15:03:56 - [TEST_STEP][PASSED] - switchToWindowIndex(0): Switched to window with index: '0'

2022-11-25 15:03:56 - [MESSAGE][PASSED] - Switched to window with index: '0'

2022-11-25 15:03:56 - [TEST_STEP][PASSED] - delay(3): Delayed 3 second(s)

2022-11-25 15:03:59 - [MESSAGE][PASSED] - Delayed 3 second(s)

2022-11-25 15:03:59 - [TEST_STEP][PASSED] - setText(findTestObject("Object Repository/06-Teams/For 2FA/input_Enter verification code_code"), code): Text '203956' is set on object 'Object Repository/06-Teams/For 2FA/input_Enter verification code_code'

2022-11-25 15:04:00 - [MESSAGE][PASSED] - Text '203956' is set on object 'Object Repository/06-Teams/For 2FA/input_Enter verification code_code'

2022-11-25 15:04:00 - [TEST_STEP][PASSED] - delay(3): Delayed 3 second(s)

2022-11-25 15:04:03 - [MESSAGE][PASSED] - Delayed 3 second(s)

2022-11-25 15:04:03 - [TEST_STEP][PASSED] - click(findTestObject("06-Teams/For 2FA/button_Verify_2FA")): Object: 'Object Repository/06-Teams/For 2FA/button_Verify_2FA' is clicked on

2022-11-25 15:04:03 - [MESSAGE][PASSED] - Object: 'Object Repository/06-Teams/For 2FA/button_Verify_2FA' is clicked on

2022-11-25 15:04:03 - [TEST_STEP][PASSED] - delay(5): Delayed 5 second(s)

2022-11-25 15:04:08 - [MESSAGE][PASSED] - Delayed 5 second(s)

2022-11-25 15:04:08 - [TEST_STEP][PASSED] - click(findTestObject("06-Teams/button_doublearrow")): Object: 'Object Repository/06-Teams/button_doublearrow' is clicked on

2022-11-25 15:04:11 - [MESSAGE][PASSED] - Object: 'Object Repository/06-Teams/button_doublearrow' is clicked on

2022-11-25 15:04:11 - [TEST_STEP][PASSED] - click(findTestObject("06-Teams/button_My Organizations")): Object: 'Object Repository/06-Teams/button_My Organizations' is clicked on

2022-11-25 15:04:11 - [MESSAGE][PASSED] - Object: 'Object Repository/06-Teams/button_My Organizations' is clicked on

2022-11-25 15:04:11 - [TEST_STEP][PASSED] - click(findTestObject("06-Teams/button_GG Automation")): Object: 'Object Repository/06-Teams/button_GG Automation' is clicked on

2022-11-25 15:04:12 - [MESSAGE][PASSED] - Object: 'Object Repository/06-Teams/button_GG Automation' is clicked on

2022-11-25 15:04:12 - [TEST_STEP][PASSED] - delay(4): Delayed 4 second(s)

2022-11-25 15:04:16 - [MESSAGE][PASSED] - Delayed 4 second(s)

2022-11-25 15:04:16 - [TEST_STEP][PASSED] - verifyElementVisible(findTestObject("06-Teams/span_GG Automation")): Object 'Object Repository/06-Teams/span_GG Automation' is visible

2022-11-25 15:04:17 - [MESSAGE][PASSED] - Object 'Object Repository/06-Teams/span_GG Automation' is visible

2022-11-25 15:04:17 - [TEST_STEP][PASSED] - delay(5): Delayed 5 second(s)

2022-11-25 15:04:22 - [MESSAGE][PASSED] - Delayed 5 second(s)

2022-11-25 15:04:22 - [TEST_STEP][PASSED] - click(findTestObject("03-Header Menu/Hamburger Button/div_Settings")): Object: 'Object Repository/03-Header Menu/Hamburger Button/div_Settings' is clicked on

2022-11-25 15:04:22 - [MESSAGE][PASSED] - Object: 'Object Repository/03-Header Menu/Hamburger Button/div_Settings' is clicked on

2022-11-25 15:04:22 - [TEST_STEP][PASSED] - verifyElementVisible(findTestObject("09-Settings/Users/div_Organization")): Object 'Object Repository/09-Settings/Users/div_Organization' is visible

2022-11-25 15:04:22 - [MESSAGE][PASSED] - Object 'Object Repository/09-Settings/Users/div_Organization' is visible

2022-11-25 15:04:22 - [TEST_STEP][PASSED] - verifyElementVisible(findTestObject("09-Settings/Users/div_Organization Units")): Object 'Object Repository/09-Settings/Users/div_Organization Units' is visible

2022-11-25 15:04:23 - [MESSAGE][PASSED] - Object 'Object Repository/09-Settings/Users/div_Organization Units' is visible

2022-11-25 15:04:23 - [TEST_STEP][PASSED] - verifyElementVisible(findTestObject("09-Settings/Users/div_Subscriptions")): Object 'Object Repository/09-Settings/Users/div_Subscriptions' is visible

2022-11-25 15:04:24 - [MESSAGE][PASSED] - Object 'Object Repository/09-Settings/Users/div_Subscriptions' is visible

2022-11-25 15:04:24 - [TEST_STEP][PASSED] - verifyElementVisible(findTestObject("09-Settings/Users/div_Users")): Object 'Object Repository/09-Settings/Users/div_Users' is visible

2022-11-25 15:04:24 - [MESSAGE][PASSED] - Object 'Object Repository/09-Settings/Users/div_Users' is visible

2022-11-25 15:04:24 - [TEST_STEP][PASSED] - delay(3): Delayed 3 second(s)

2022-11-25 15:04:27 - [MESSAGE][PASSED] - Delayed 3 second(s)

2022-11-25 15:04:27 - [TEST_STEP][PASSED] - click(findTestObject("09-Settings/Users/div_Organization Units")): Object: 'Object Repository/09-Settings/Users/div_Organization Units' is clicked on

2022-11-25 15:04:27 - [MESSAGE][PASSED] - Object: 'Object Repository/09-Settings/Users/div_Organization Units' is clicked on

2022-11-25 15:04:27 - [TEST_STEP][PASSED] - verifyElementVisible(findTestObject("09-Settings/Organization unit/h4_ORGANIZATION STRUCTURE SETUP")): Object 'Object Repository/09-Settings/Organization unit/h4_ORGANIZATION STRUCTURE SETUP' is visible

2022-11-25 15:04:28 - [MESSAGE][PASSED] - Object 'Object Repository/09-Settings/Organization unit/h4_ORGANIZATION STRUCTURE SETUP' is visible

2022-11-25 15:04:28 - [TEST_STEP][PASSED] - delay(3): Delayed 3 second(s)

2022-11-25 15:04:31 - [MESSAGE][PASSED] - Delayed 3 second(s)

2022-11-25 15:04:31 - [TEST_STEP][PASSED] - mouseOver(findTestObject("09-Settings/Organization unit/div_GG TESTER")): Object: 'Object Repository/09-Settings/Organization unit/div_GG TESTER' is hovered

2022-11-25 15:04:31 - [MESSAGE][PASSED] - Object: 'Object Repository/09-Settings/Organization unit/div_GG TESTER' is hovered

2022-11-25 15:04:31 - [TEST_STEP][PASSED] - delay(5): Delayed 5 second(s)

2022-11-25 15:04:36 - [MESSAGE][PASSED] - Delayed 5 second(s)

2022-11-25 15:04:36 - [TEST_STEP][PASSED] - waitForElementClickable(findTestObject("09-Settings/Organization unit/div_GG TESTER"), 0): Object 'Object Repository/09-Settings/Organization unit/div_GG TESTER' is clickable

2022-11-25 15:04:36 - [MESSAGE][WARNING] - Timeout '0' is invalid. Using default page load timeout: '30'

2022-11-25 15:04:37 - [MESSAGE][PASSED] - Object 'Object Repository/09-Settings/Organization unit/div_GG TESTER' is clickable

2022-11-25 15:04:37 - [TEST_STEP][PASSED] - click(findTestObject("09-Settings/Organization unit/div_GG TESTER")): Object: 'Object Repository/09-Settings/Organization unit/div_GG TESTER' is clicked on

2022-11-25 15:04:37 - [MESSAGE][PASSED] - Object: 'Object Repository/09-Settings/Organization unit/div_GG TESTER' is clicked on

2022-11-25 15:04:37 - [TEST_STEP][PASSED] - delay(3): Delayed 3 second(s)

2022-11-25 15:04:40 - [MESSAGE][PASSED] - Delayed 3 second(s)

2022-11-25 15:04:40 - [TEST_STEP][PASSED] - waitForElementVisible(findTestObject("09-Settings/Users/Active User/button_ellipses"), 0): Object 'Object Repository/09-Settings/Users/Active User/button_ellipses' is visible

2022-11-25 15:04:40 - [MESSAGE][WARNING] - Timeout '0' is invalid. Using default page load timeout: '30'

2022-11-25 15:04:40 - [MESSAGE][PASSED] - Object 'Object Repository/09-Settings/Users/Active User/button_ellipses' is visible

2022-11-25 15:04:40 - [TEST_STEP][PASSED] - waitForElementClickable(findTestObject("09-Settings/Users/Active User/button_ellipses"), 0): Object 'Object Repository/09-Settings/Users/Active User/button_ellipses' is clickable

2022-11-25 15:04:41 - [MESSAGE][WARNING] - Timeout '0' is invalid. Using default page load timeout: '30'

2022-11-25 15:04:41 - [MESSAGE][PASSED] - Object 'Object Repository/09-Settings/Users/Active User/button_ellipses' is clickable

2022-11-25 15:04:41 - [TEST_STEP][PASSED] - click(findTestObject("09-Settings/Users/Active User/button_ellipses")): Object: 'Object Repository/09-Settings/Users/Active User/button_ellipses' is clicked on

2022-11-25 15:04:41 - [MESSAGE][PASSED] - Object: 'Object Repository/09-Settings/Users/Active User/button_ellipses' is clicked on

2022-11-25 15:04:41 - [TEST_STEP][PASSED] - click(findTestObject("09-Settings/Organization unit/button_Edit Organization Unit")): Object: 'Object Repository/09-Settings/Organization unit/button_Edit Organization Unit' is clicked on

2022-11-25 15:04:42 - [MESSAGE][PASSED] - Object: 'Object Repository/09-Settings/Organization unit/button_Edit Organization Unit' is clicked on

2022-11-25 15:04:42 - [TEST_STEP][PASSED] - verifyElementVisible(findTestObject("09-Settings/Organization unit/mat-dialog-container_Edit Organization Unit modal"), STOP_ON_FAILURE): Object 'Object Repository/09-Settings/Organization unit/mat-dialog-container_Edit Organization Unit modal' is visible

2022-11-25 15:04:43 - [MESSAGE][PASSED] - Object 'Object Repository/09-Settings/Organization unit/mat-dialog-container_Edit Organization Unit modal' is visible

2022-11-25 15:04:43 - [TEST_STEP][PASSED] - verifyElementVisible(findTestObject("09-Settings/Organization unit/h4_Edit Organization Unit"), STOP_ON_FAILURE): Object 'Object Repository/09-Settings/Organization unit/h4_Edit Organization Unit' is visible

2022-11-25 15:04:43 - [MESSAGE][PASSED] - Object 'Object Repository/09-Settings/Organization unit/h4_Edit Organization Unit' is visible

2022-11-25 15:04:43 - [TEST_STEP][PASSED] - verifyElementVisible(findTestObject("09-Settings/Organization unit/input_Edit Organization Unit_orgName"), STOP_ON_FAILURE): Object 'Object Repository/09-Settings/Organization unit/input_Edit Organization Unit_orgName' is visible

2022-11-25 15:04:43 - [MESSAGE][PASSED] - Object 'Object Repository/09-Settings/Organization unit/input_Edit Organization Unit_orgName' is visible

2022-11-25 15:04:43 - [TEST_STEP][PASSED] - click(findTestObject("09-Settings/Users/Active User/button_Cancel_restore"), STOP_ON_FAILURE): Object: 'Object Repository/09-Settings/Users/Active User/button_Cancel_restore' is clicked on

2022-11-25 15:04:44 - [MESSAGE][PASSED] - Object: 'Object Repository/09-Settings/Users/Active User/button_Cancel_restore' is clicked on

2022-11-25 15:04:44 - [TEST_STEP][PASSED] - delay(3): Delayed 3 second(s)

2022-11-25 15:04:47 - [MESSAGE][PASSED] - Delayed 3 second(s)

2022-11-25 15:04:47 - [TEST_STEP][PASSED] - mouseOver(findTestObject("09-Settings/Organization unit/div_GG TESTER")): Object: 'Object Repository/09-Settings/Organization unit/div_GG TESTER' is hovered

2022-11-25 15:04:47 - [MESSAGE][PASSED] - Object: 'Object Repository/09-Settings/Organization unit/div_GG TESTER' is hovered

2022-11-25 15:04:47 - [TEST_STEP][PASSED] - click(findTestObject("09-Settings/Users/Active User/button_ellipses")): Object: 'Object Repository/09-Settings/Users/Active User/button_ellipses' is clicked on

2022-11-25 15:04:48 - [MESSAGE][PASSED] - Object: 'Object Repository/09-Settings/Users/Active User/button_ellipses' is clicked on

2022-11-25 15:04:48 - [TEST_STEP][PASSED] - click(findTestObject("09-Settings/Organization unit/button_Edit Organization Unit")): Object: 'Object Repository/09-Settings/Organization unit/button_Edit Organization Unit' is clicked on

2022-11-25 15:04:48 - [MESSAGE][PASSED] - Object: 'Object Repository/09-Settings/Organization unit/button_Edit Organization Unit' is clicked on

2022-11-25 15:04:48 - [TEST_STEP][PASSED] - verifyElementVisible(findTestObject("09-Settings/Organization unit/mat-dialog-container_Edit Organization Unit modal"), STOP_ON_FAILURE): Object 'Object Repository/09-Settings/Organization unit/mat-dialog-container_Edit Organization Unit modal' is visible

2022-11-25 15:04:49 - [MESSAGE][PASSED] - Object 'Object Repository/09-Settings/Organization unit/mat-dialog-container_Edit Organization Unit modal' is visible

2022-11-25 15:04:49 - [TEST_STEP][PASSED] - verifyElementVisible(findTestObject("09-Settings/Organization unit/h4_Edit Organization Unit"), STOP_ON_FAILURE): Object 'Object Repository/09-Settings/Organization unit/h4_Edit Organization Unit' is visible

2022-11-25 15:04:49 - [MESSAGE][PASSED] - Object 'Object Repository/09-Settings/Organization unit/h4_Edit Organization Unit' is visible

2022-11-25 15:04:49 - [TEST_STEP][PASSED] - setText(findTestObject("09-Settings/Organization unit/input_Edit Organization Unit_orgName"), "Automation Organization unit EDIT"): Text 'Automation Organization unit EDIT' is set on object 'Object Repository/09-Settings/Organization unit/input_Edit Organization Unit_orgName'

2022-11-25 15:04:50 - [MESSAGE][PASSED] - Text 'Automation Organization unit EDIT' is set on object 'Object Repository/09-Settings/Organization unit/input_Edit Organization Unit_orgName'

2022-11-25 15:04:50 - [TEST_STEP][PASSED] - delay(3): Delayed 3 second(s)

2022-11-25 15:04:53 - [MESSAGE][PASSED] - Delayed 3 second(s)

2022-11-25 15:04:53 - [TEST_STEP][PASSED] - click(findTestObject("09-Settings/Users/Active User/button_Save")): Object: 'Object Repository/09-Settings/Users/Active User/button_Save' is clicked on

2022-11-25 15:04:54 - [MESSAGE][PASSED] - Object: 'Object Repository/09-Settings/Users/Active User/button_Save' is clicked on

2022-11-25 15:04:54 - [TEST_STEP][PASSED] - delay(3): Delayed 3 second(s)

2022-11-25 15:04:57 - [MESSAGE][PASSED] - Delayed 3 second(s)

2022-11-25 15:04:57 - [TEST_STEP][PASSED] - mouseOver(findTestObject("09-Settings/Organization unit/div_GG TESTER")): Object: 'Object Repository/09-Settings/Organization unit/div_GG TESTER' is hovered

2022-11-25 15:04:57 - [MESSAGE][PASSED] - Object: 'Object Repository/09-Settings/Organization unit/div_GG TESTER' is hovered

2022-11-25 15:04:57 - [TEST_STEP][PASSED] - click(findTestObject("09-Settings/Users/Active User/button_ellipses")): Object: 'Object Repository/09-Settings/Users/Active User/button_ellipses' is clicked on

2022-11-25 15:04:58 - [MESSAGE][PASSED] - Object: 'Object Repository/09-Settings/Users/Active User/button_ellipses' is clicked on

2022-11-25 15:04:58 - [TEST_STEP][PASSED] - click(findTestObject("09-Settings/Organization unit/button_Edit Organization Unit")): Object: 'Object Repository/09-Settings/Organization unit/button_Edit Organization Unit' is clicked on

2022-11-25 15:04:58 - [MESSAGE][PASSED] - Object: 'Object Repository/09-Settings/Organization unit/button_Edit Organization Unit' is clicked on

2022-11-25 15:04:58 - [TEST_STEP][PASSED] - verifyElementVisible(findTestObject("09-Settings/Organization unit/mat-dialog-container_Edit Organization Unit modal"), STOP_ON_FAILURE): Object 'Object Repository/09-Settings/Organization unit/mat-dialog-container_Edit Organization Unit modal' is visible

2022-11-25 15:04:59 - [MESSAGE][PASSED] - Object 'Object Repository/09-Settings/Organization unit/mat-dialog-container_Edit Organization Unit modal' is visible

2022-11-25 15:04:59 - [TEST_STEP][PASSED] - verifyElementVisible(findTestObject("09-Settings/Organization unit/h4_Edit Organization Unit"), STOP_ON_FAILURE): Object 'Object Repository/09-Settings/Organization unit/h4_Edit Organization Unit' is visible

2022-11-25 15:05:00 - [MESSAGE][PASSED] - Object 'Object Repository/09-Settings/Organization unit/h4_Edit Organization Unit' is visible

2022-11-25 15:05:00 - [TEST_STEP][PASSED] - setText(findTestObject("09-Settings/Organization unit/input_Edit Organization Unit_orgName"), "Automation Organization unit"): Text 'Automation Organization unit' is set on object 'Object Repository/09-Settings/Organization unit/input_Edit Organization Unit_orgName'

2022-11-25 15:05:00 - [MESSAGE][PASSED] - Text 'Automation Organization unit' is set on object 'Object Repository/09-Settings/Organization unit/input_Edit Organization Unit_orgName'

2022-11-25 15:05:00 - [TEST_STEP][PASSED] - delay(3): Delayed 3 second(s)

2022-11-25 15:05:03 - [MESSAGE][PASSED] - Delayed 3 second(s)

2022-11-25 15:05:03 - [TEST_STEP][PASSED] - click(findTestObject("09-Settings/Users/Active User/button_Save")): Object: 'Object Repository/09-Settings/Users/Active User/button_Save' is clicked on

2022-11-25 15:05:04 - [MESSAGE][PASSED] - Object: 'Object Repository/09-Settings/Users/Active User/button_Save' is clicked on

2022-11-25 15:05:04 - [TEST_STEP][PASSED] - delay(3): Delayed 3 second(s)

2022-11-25 15:05:07 - [MESSAGE][PASSED] - Delayed 3 second(s)

2022-11-25 15:05:07 - [TEST_STEP][PASSED] - verifyElementVisible(findTestObject("09-Settings/Organization unit/snack-bar-container_Successfully updated organization unitOK"), STOP_ON_FAILURE): Object 'Object Repository/09-Settings/Organization unit/snack-bar-container_Successfully updated organization unitOK' is visible

2022-11-25 15:05:07 - [MESSAGE][PASSED] - Object 'Object Repository/09-Settings/Organization unit/snack-bar-container_Successfully updated organization unitOK' is visible

2022-11-25 15:05:07 - [TEST_STEP][PASSED] - delay(3): Delayed 3 second(s)

2022-11-25 15:05:10 - [MESSAGE][PASSED] - Delayed 3 second(s)]]></system-out>
         <system-err><![CDATA[]]></system-err>
      </testcase>
      <testcase name="Test Cases/09-Settings/22 - Organization unit - Delete Organization unit" time="34.801" classname="Test Cases/09-Settings/22 - Organization unit - Delete Organization unit" status="PASSED">
         <system-out><![CDATA[2022-11-25 15:05:10 - [TEST_CASE][PASSED] - Test Cases/09-Settings/22 - Organization unit - Delete Organization unit: Test Cases/09-Settings/22 - Organization unit - Delete Organization unit

2022-11-25 15:05:10 - [TEST_STEP][PASSED] - delay(3): Delayed 3 second(s)

2022-11-25 15:05:13 - [MESSAGE][PASSED] - Delayed 3 second(s)

2022-11-25 15:05:13 - [TEST_STEP][PASSED] - mouseOver(findTestObject("09-Settings/Organization unit/div_GG TESTER")): Object: 'Object Repository/09-Settings/Organization unit/div_GG TESTER' is hovered

2022-11-25 15:05:14 - [MESSAGE][PASSED] - Object: 'Object Repository/09-Settings/Organization unit/div_GG TESTER' is hovered

2022-11-25 15:05:14 - [TEST_STEP][PASSED] - delay(5): Delayed 5 second(s)

2022-11-25 15:05:19 - [MESSAGE][PASSED] - Delayed 5 second(s)

2022-11-25 15:05:19 - [TEST_STEP][PASSED] - waitForElementClickable(findTestObject("09-Settings/Organization unit/div_GG TESTER"), 0): Object 'Object Repository/09-Settings/Organization unit/div_GG TESTER' is clickable

2022-11-25 15:05:19 - [MESSAGE][WARNING] - Timeout '0' is invalid. Using default page load timeout: '30'

2022-11-25 15:05:19 - [MESSAGE][PASSED] - Object 'Object Repository/09-Settings/Organization unit/div_GG TESTER' is clickable

2022-11-25 15:05:19 - [TEST_STEP][PASSED] - click(findTestObject("09-Settings/Organization unit/div_GG TESTER")): Object: 'Object Repository/09-Settings/Organization unit/div_GG TESTER' is clicked on

2022-11-25 15:05:20 - [MESSAGE][PASSED] - Object: 'Object Repository/09-Settings/Organization unit/div_GG TESTER' is clicked on

2022-11-25 15:05:20 - [TEST_STEP][PASSED] - delay(3): Delayed 3 second(s)

2022-11-25 15:05:23 - [MESSAGE][PASSED] - Delayed 3 second(s)

2022-11-25 15:05:23 - [TEST_STEP][PASSED] - waitForElementVisible(findTestObject("09-Settings/Users/Active User/button_ellipses"), 0): Object 'Object Repository/09-Settings/Users/Active User/button_ellipses' is visible

2022-11-25 15:05:23 - [MESSAGE][WARNING] - Timeout '0' is invalid. Using default page load timeout: '30'

2022-11-25 15:05:23 - [MESSAGE][PASSED] - Object 'Object Repository/09-Settings/Users/Active User/button_ellipses' is visible

2022-11-25 15:05:23 - [TEST_STEP][PASSED] - waitForElementClickable(findTestObject("09-Settings/Users/Active User/button_ellipses"), 0): Object 'Object Repository/09-Settings/Users/Active User/button_ellipses' is clickable

2022-11-25 15:05:23 - [MESSAGE][WARNING] - Timeout '0' is invalid. Using default page load timeout: '30'

2022-11-25 15:05:23 - [MESSAGE][PASSED] - Object 'Object Repository/09-Settings/Users/Active User/button_ellipses' is clickable

2022-11-25 15:05:23 - [TEST_STEP][PASSED] - click(findTestObject("09-Settings/Users/Active User/button_ellipses")): Object: 'Object Repository/09-Settings/Users/Active User/button_ellipses' is clicked on

2022-11-25 15:05:24 - [MESSAGE][PASSED] - Object: 'Object Repository/09-Settings/Users/Active User/button_ellipses' is clicked on

2022-11-25 15:05:24 - [TEST_STEP][PASSED] - click(findTestObject("09-Settings/Organization unit/button_Delete Organization Unit")): Object: 'Object Repository/09-Settings/Organization unit/button_Delete Organization Unit' is clicked on

2022-11-25 15:05:24 - [MESSAGE][PASSED] - Object: 'Object Repository/09-Settings/Organization unit/button_Delete Organization Unit' is clicked on

2022-11-25 15:05:24 - [TEST_STEP][PASSED] - verifyElementVisible(findTestObject("09-Settings/Organization unit/mat-dialog-container_Delete Organization Unit modal"), STOP_ON_FAILURE): Object 'Object Repository/09-Settings/Organization unit/mat-dialog-container_Delete Organization Unit modal' is visible

2022-11-25 15:05:25 - [MESSAGE][PASSED] - Object 'Object Repository/09-Settings/Organization unit/mat-dialog-container_Delete Organization Unit modal' is visible

2022-11-25 15:05:25 - [TEST_STEP][PASSED] - verifyElementVisible(findTestObject("09-Settings/Organization unit/h4_Delete Organization Unit"), STOP_ON_FAILURE): Object 'Object Repository/09-Settings/Organization unit/h4_Delete Organization Unit' is visible

2022-11-25 15:05:26 - [MESSAGE][PASSED] - Object 'Object Repository/09-Settings/Organization unit/h4_Delete Organization Unit' is visible

2022-11-25 15:05:26 - [TEST_STEP][PASSED] - verifyElementVisible(findTestObject("09-Settings/Organization unit/span_Warning All resources associated with this root organization will be permanently deleted"), STOP_ON_FAILURE): Object 'Object Repository/09-Settings/Organization unit/span_Warning All resources associated with this root organization will be permanently deleted' is visible

2022-11-25 15:05:26 - [MESSAGE][PASSED] - Object 'Object Repository/09-Settings/Organization unit/span_Warning All resources associated with this root organization will be permanently deleted' is visible

2022-11-25 15:05:26 - [TEST_STEP][PASSED] - delay(1): Delayed 1 second(s)

2022-11-25 15:05:27 - [MESSAGE][PASSED] - Delayed 1 second(s)

2022-11-25 15:05:27 - [TEST_STEP][PASSED] - click(findTestObject("09-Settings/Users/Active User/button_Cancel_restore"), STOP_ON_FAILURE): Object: 'Object Repository/09-Settings/Users/Active User/button_Cancel_restore' is clicked on

2022-11-25 15:05:27 - [MESSAGE][PASSED] - Object: 'Object Repository/09-Settings/Users/Active User/button_Cancel_restore' is clicked on

2022-11-25 15:05:27 - [TEST_STEP][PASSED] - delay(2): Delayed 2 second(s)

2022-11-25 15:05:29 - [MESSAGE][PASSED] - Delayed 2 second(s)

2022-11-25 15:05:29 - [TEST_STEP][PASSED] - mouseOver(findTestObject("09-Settings/Organization unit/div_GG TESTER")): Object: 'Object Repository/09-Settings/Organization unit/div_GG TESTER' is hovered

2022-11-25 15:05:30 - [MESSAGE][PASSED] - Object: 'Object Repository/09-Settings/Organization unit/div_GG TESTER' is hovered

2022-11-25 15:05:30 - [TEST_STEP][PASSED] - click(findTestObject("09-Settings/Users/Active User/button_ellipses")): Object: 'Object Repository/09-Settings/Users/Active User/button_ellipses' is clicked on

2022-11-25 15:05:30 - [MESSAGE][PASSED] - Object: 'Object Repository/09-Settings/Users/Active User/button_ellipses' is clicked on

2022-11-25 15:05:30 - [TEST_STEP][PASSED] - click(findTestObject("09-Settings/Organization unit/button_Delete Organization Unit")): Object: 'Object Repository/09-Settings/Organization unit/button_Delete Organization Unit' is clicked on

2022-11-25 15:05:31 - [MESSAGE][PASSED] - Object: 'Object Repository/09-Settings/Organization unit/button_Delete Organization Unit' is clicked on

2022-11-25 15:05:31 - [TEST_STEP][PASSED] - verifyElementVisible(findTestObject("09-Settings/Organization unit/mat-dialog-container_Delete Organization Unit modal"), STOP_ON_FAILURE): Object 'Object Repository/09-Settings/Organization unit/mat-dialog-container_Delete Organization Unit modal' is visible

2022-11-25 15:05:32 - [MESSAGE][PASSED] - Object 'Object Repository/09-Settings/Organization unit/mat-dialog-container_Delete Organization Unit modal' is visible

2022-11-25 15:05:32 - [TEST_STEP][PASSED] - verifyElementVisible(findTestObject("09-Settings/Organization unit/h4_Delete Organization Unit"), STOP_ON_FAILURE): Object 'Object Repository/09-Settings/Organization unit/h4_Delete Organization Unit' is visible

2022-11-25 15:05:32 - [MESSAGE][PASSED] - Object 'Object Repository/09-Settings/Organization unit/h4_Delete Organization Unit' is visible

2022-11-25 15:05:32 - [TEST_STEP][PASSED] - verifyElementVisible(findTestObject("09-Settings/Organization unit/span_Warning All resources associated with this root organization will be permanently deleted"), STOP_ON_FAILURE): Object 'Object Repository/09-Settings/Organization unit/span_Warning All resources associated with this root organization will be permanently deleted' is visible

2022-11-25 15:05:32 - [MESSAGE][PASSED] - Object 'Object Repository/09-Settings/Organization unit/span_Warning All resources associated with this root organization will be permanently deleted' is visible

2022-11-25 15:05:32 - [TEST_STEP][PASSED] - delay(3): Delayed 3 second(s)

2022-11-25 15:05:35 - [MESSAGE][PASSED] - Delayed 3 second(s)

2022-11-25 15:05:35 - [TEST_STEP][PASSED] - click(findTestObject("09-Settings/Users/Active User/button_Delete")): Object: 'Object Repository/09-Settings/Users/Active User/button_Delete' is clicked on

2022-11-25 15:05:36 - [MESSAGE][PASSED] - Object: 'Object Repository/09-Settings/Users/Active User/button_Delete' is clicked on

2022-11-25 15:05:36 - [TEST_STEP][PASSED] - delay(3): Delayed 3 second(s)

2022-11-25 15:05:39 - [MESSAGE][PASSED] - Delayed 3 second(s)

2022-11-25 15:05:39 - [TEST_STEP][PASSED] - verifyElementVisible(findTestObject("09-Settings/Organization unit/snack-bar-container_Successfully deleted organization unitOK"), STOP_ON_FAILURE): Object 'Object Repository/09-Settings/Organization unit/snack-bar-container_Successfully deleted organization unitOK' is visible

2022-11-25 15:05:39 - [MESSAGE][PASSED] - Object 'Object Repository/09-Settings/Organization unit/snack-bar-container_Successfully deleted organization unitOK' is visible

2022-11-25 15:05:39 - [TEST_STEP][PASSED] - delay(5): Delayed 5 second(s)

2022-11-25 15:05:44 - [MESSAGE][PASSED] - Delayed 5 second(s)

2022-11-25 15:05:44 - [TEST_STEP][PASSED] - closeBrowser(): Browser is closed

2022-11-25 15:05:45 - [MESSAGE][PASSED] - Browser is closed]]></system-out>
         <system-err><![CDATA[]]></system-err>
      </testcase>
      <system-out><![CDATA[2022-11-25 15:00:19 - [TEST_SUITE][PASSED] - 09.4 - Settings (Organization unit): Test Cases/09-Settings/22 - Organization unit - Delete Organization unit]]></system-out>
      <system-err><![CDATA[]]></system-err>
   </testsuite>
</testsuites>
