<?xml version="1.0" encoding="UTF-8"?>
<testsuites name="01-Login and Forgot Password" time="169.584" tests="8" failures="0" errors="0">
   <testsuite name="01-Login and Forgot Password" tests="8" failures="0" errors="0" time="169.584" skipped="0" timestamp="2022-07-25 15:04:37" hostname="User - DESKTOP-QCRNR4M" id="Test Suites/TS-Organization/01-Login and Forgot Password">
      <properties>
         <property name="deviceName" value=""/>
         <property name="devicePlatform" value=""/>
         <property name="logFolder" value="C:\\Users\\User\\Katalon Studio\\EverleaguesMain\\Reports\\20220725_150435\\TS-Organization\\01-Login and Forgot Password\\20220725_150435"/>
         <property name="logFiles" value="C:\\Users\\User\\Katalon Studio\\EverleaguesMain\\Reports\\20220725_150435\\TS-Organization\\01-Login and Forgot Password\\20220725_150435\\execution0.log"/>
         <property name="attachments" value=""/>
         <property name="hostName" value="User - DESKTOP-QCRNR4M"/>
         <property name="os" value="Windows 10 64bit"/>
         <property name="katalonVersion" value="8.4.0.208"/>
         <property name="browser" value="Chrome 103.0.5060.134"/>
         <property name="hostAddress" value="192.168.5.124"/>
         <property name="sessionId" value="65f34862f18184a7eb654c4a4def7986"/>
         <property name="seleniumVersion" value="3.141.59"/>
         <property name="proxyInformation" value="ProxyInformation { proxyOption=NO_PROXY, proxyServerType=HTTP, username=, password=********, proxyServerAddress=, proxyServerPort=0, executionList=&quot;&quot;, isApplyToDesiredCapabilities=true }"/>
         <property name="platform" value="Windows 10"/>
      </properties>
      <testcase name="Test Cases/01-Login and Forgot Password/01-Login(Credentials Blank)" time="36.104" classname="Test Cases/01-Login and Forgot Password/01-Login(Credentials Blank)" status="PASSED">
         <system-out><![CDATA[2022-07-25 15:04:37 - [TEST_CASE][PASSED] - Test Cases/01-Login and Forgot Password/01-Login(Credentials Blank): Test Cases/01-Login and Forgot Password/01-Login(Credentials Blank)

2022-07-25 15:04:38 - [TEST_STEP][PASSED] - openBrowser(""): Browser is opened with url: ''

2022-07-25 15:04:38 - [MESSAGE][INFO] - Starting 'Chrome' driver

2022-07-25 15:04:38 - [MESSAGE][INFO] - Action delay is set to 0 milliseconds

2022-07-25 15:04:40 - [MESSAGE][PASSED] - Browser is opened with url: ''

2022-07-25 15:04:40 - [TEST_STEP][PASSED] - navigateToUrl("https://lab.everleagues.com/"): Navigate to 'https://lab.everleagues.com/' successfully

2022-07-25 15:05:06 - [MESSAGE][PASSED] - Navigate to 'https://lab.everleagues.com/' successfully

2022-07-25 15:05:06 - [TEST_STEP][PASSED] - maximizeWindow(): Current window maximized

2022-07-25 15:05:06 - [MESSAGE][PASSED] - Current window maximized

2022-07-25 15:05:06 - [TEST_STEP][PASSED] - verifyElementPresent(findTestObject("01-Login and Forgot Password/Login_Card"), 0): Object 'Object Repository/01-Login and Forgot Password/Login_Card' is present

2022-07-25 15:05:06 - [MESSAGE][WARNING] - Timeout '0' is invalid. Using default page load timeout: '30'

2022-07-25 15:05:08 - [MESSAGE][PASSED] - Object 'Object Repository/01-Login and Forgot Password/Login_Card' is present

2022-07-25 15:05:08 - [TEST_STEP][PASSED] - delay(2): Delayed 2 second(s)

2022-07-25 15:05:10 - [MESSAGE][PASSED] - Delayed 2 second(s)

2022-07-25 15:05:10 - [TEST_STEP][PASSED] - verifyElementNotClickable(findTestObject("01-Login and Forgot Password/button_Sign in")): Object 'Object Repository/01-Login and Forgot Password/button_Sign in' is NOT clickable

2022-07-25 15:05:11 - [MESSAGE][PASSED] - Object 'Object Repository/01-Login and Forgot Password/button_Sign in' is NOT clickable

2022-07-25 15:05:11 - [TEST_STEP][PASSED] - delay(3): Delayed 3 second(s)

2022-07-25 15:05:14 - [MESSAGE][PASSED] - Delayed 3 second(s)]]></system-out>
         <system-err><![CDATA[]]></system-err>
      </testcase>
      <testcase name="Test Cases/01-Login and Forgot Password/02-Login(Wrong Email)" time="11.309" classname="Test Cases/01-Login and Forgot Password/02-Login(Wrong Email)" status="PASSED">
         <system-out><![CDATA[2022-07-25 15:05:14 - [TEST_CASE][PASSED] - Test Cases/01-Login and Forgot Password/02-Login(Wrong Email): Test Cases/01-Login and Forgot Password/02-Login(Wrong Email)

2022-07-25 15:05:14 - [TEST_STEP][PASSED] - setText(findTestObject("01-Login and Forgot Password/input_Email_email"), "unregisteredemail@test.com"): Text 'unregisteredemail@test.com' is set on object 'Object Repository/01-Login and Forgot Password/input_Email_email'

2022-07-25 15:05:15 - [MESSAGE][PASSED] - Text 'unregisteredemail@test.com' is set on object 'Object Repository/01-Login and Forgot Password/input_Email_email'

2022-07-25 15:05:15 - [TEST_STEP][PASSED] - setEncryptedText(findTestObject("01-Login and Forgot Password/input_Email_password"), "pUQNV8a0dCQ="): Text ****** has been set on object 'Object Repository/01-Login and Forgot Password/input_Email_password'

2022-07-25 15:05:15 - [MESSAGE][PASSED] - Text ****** has been set on object 'Object Repository/01-Login and Forgot Password/input_Email_password'

2022-07-25 15:05:15 - [TEST_STEP][PASSED] - delay(3): Delayed 3 second(s)

2022-07-25 15:05:18 - [MESSAGE][PASSED] - Delayed 3 second(s)

2022-07-25 15:05:18 - [TEST_STEP][PASSED] - click(findTestObject("01-Login and Forgot Password/button_Sign in")): Object: 'Object Repository/01-Login and Forgot Password/button_Sign in' is clicked on

2022-07-25 15:05:18 - [MESSAGE][PASSED] - Object: 'Object Repository/01-Login and Forgot Password/button_Sign in' is clicked on

2022-07-25 15:05:18 - [TEST_STEP][PASSED] - delay(3): Delayed 3 second(s)

2022-07-25 15:05:21 - [MESSAGE][PASSED] - Delayed 3 second(s)

2022-07-25 15:05:21 - [TEST_STEP][PASSED] - verifyElementPresent(findTestObject("01-Login and Forgot Password/Invalid email error"), 0): Object 'Object Repository/01-Login and Forgot Password/Invalid email error' is present

2022-07-25 15:05:22 - [MESSAGE][WARNING] - Timeout '0' is invalid. Using default page load timeout: '30'

2022-07-25 15:05:22 - [MESSAGE][PASSED] - Object 'Object Repository/01-Login and Forgot Password/Invalid email error' is present

2022-07-25 15:05:22 - [TEST_STEP][PASSED] - delay(3): Delayed 3 second(s)

2022-07-25 15:05:25 - [MESSAGE][PASSED] - Delayed 3 second(s)]]></system-out>
         <system-err><![CDATA[]]></system-err>
      </testcase>
      <testcase name="Test Cases/01-Login and Forgot Password/03-Login(Valid email, wrong pass)" time="14.786" classname="Test Cases/01-Login and Forgot Password/03-Login(Valid email, wrong pass)" status="PASSED">
         <system-out><![CDATA[2022-07-25 15:05:25 - [TEST_CASE][PASSED] - Test Cases/01-Login and Forgot Password/03-Login(Valid email, wrong pass): Test Cases/01-Login and Forgot Password/03-Login(Valid email, wrong pass)

2022-07-25 15:05:25 - [TEST_STEP][PASSED] - setText(findTestObject("01-Login and Forgot Password/input_Email_email"), "testuser01@mailinator.com"): Text 'testuser01@mailinator.com' is set on object 'Object Repository/01-Login and Forgot Password/input_Email_email'

2022-07-25 15:05:27 - [MESSAGE][PASSED] - Text 'testuser01@mailinator.com' is set on object 'Object Repository/01-Login and Forgot Password/input_Email_email'

2022-07-25 15:05:27 - [TEST_STEP][PASSED] - setEncryptedText(findTestObject("01-Login and Forgot Password/input_Email_password"), "OxgQgnWTiECE3BxjMAl2ng=="): Text ****** has been set on object 'Object Repository/01-Login and Forgot Password/input_Email_password'

2022-07-25 15:05:27 - [MESSAGE][PASSED] - Text ****** has been set on object 'Object Repository/01-Login and Forgot Password/input_Email_password'

2022-07-25 15:05:27 - [TEST_STEP][PASSED] - delay(2): Delayed 2 second(s)

2022-07-25 15:05:29 - [MESSAGE][PASSED] - Delayed 2 second(s)

2022-07-25 15:05:29 - [TEST_STEP][PASSED] - click(findTestObject("01-Login and Forgot Password/show pass button")): Object: 'Object Repository/01-Login and Forgot Password/show pass button' is clicked on

2022-07-25 15:05:30 - [MESSAGE][PASSED] - Object: 'Object Repository/01-Login and Forgot Password/show pass button' is clicked on

2022-07-25 15:05:30 - [TEST_STEP][PASSED] - delay(3): Delayed 3 second(s)

2022-07-25 15:05:33 - [MESSAGE][PASSED] - Delayed 3 second(s)

2022-07-25 15:05:33 - [TEST_STEP][PASSED] - click(findTestObject("01-Login and Forgot Password/button_Sign in")): Object: 'Object Repository/01-Login and Forgot Password/button_Sign in' is clicked on

2022-07-25 15:05:33 - [MESSAGE][PASSED] - Object: 'Object Repository/01-Login and Forgot Password/button_Sign in' is clicked on

2022-07-25 15:05:33 - [TEST_STEP][PASSED] - delay(3): Delayed 3 second(s)

2022-07-25 15:05:36 - [MESSAGE][PASSED] - Delayed 3 second(s)

2022-07-25 15:05:36 - [TEST_STEP][PASSED] - verifyElementPresent(findTestObject("01-Login and Forgot Password/Invalid user name or password"), 0): Object 'Object Repository/01-Login and Forgot Password/Invalid user name or password' is present

2022-07-25 15:05:36 - [MESSAGE][WARNING] - Timeout '0' is invalid. Using default page load timeout: '30'

2022-07-25 15:05:37 - [MESSAGE][PASSED] - Object 'Object Repository/01-Login and Forgot Password/Invalid user name or password' is present

2022-07-25 15:05:37 - [TEST_STEP][PASSED] - delay(3): Delayed 3 second(s)

2022-07-25 15:05:40 - [MESSAGE][PASSED] - Delayed 3 second(s)]]></system-out>
         <system-err><![CDATA[]]></system-err>
      </testcase>
      <testcase name="Test Cases/01-Login and Forgot Password/04-Login (valid credentials)" time="62.713" classname="Test Cases/01-Login and Forgot Password/04-Login (valid credentials)" status="PASSED">
         <system-out><![CDATA[2022-07-25 15:05:40 - [TEST_CASE][PASSED] - Test Cases/01-Login and Forgot Password/04-Login (valid credentials): Test Cases/01-Login and Forgot Password/04-Login (valid credentials)

2022-07-25 15:05:40 - [TEST_STEP][PASSED] - setText(findTestObject("01-Login and Forgot Password/input_Email_email"), "testuser01@mailinator.com"): Text 'testuser01@mailinator.com' is set on object 'Object Repository/01-Login and Forgot Password/input_Email_email'

2022-07-25 15:05:41 - [MESSAGE][PASSED] - Text 'testuser01@mailinator.com' is set on object 'Object Repository/01-Login and Forgot Password/input_Email_email'

2022-07-25 15:05:41 - [TEST_STEP][PASSED] - setEncryptedText(findTestObject("01-Login and Forgot Password/input_Email_password2"), "8yFRyszE6U6jvsCn51OQbg=="): Text ****** has been set on object 'Object Repository/01-Login and Forgot Password/input_Email_password2'

2022-07-25 15:05:41 - [MESSAGE][PASSED] - Text ****** has been set on object 'Object Repository/01-Login and Forgot Password/input_Email_password2'

2022-07-25 15:05:41 - [TEST_STEP][PASSED] - delay(2): Delayed 2 second(s)

2022-07-25 15:05:43 - [MESSAGE][PASSED] - Delayed 2 second(s)

2022-07-25 15:05:43 - [TEST_STEP][PASSED] - click(findTestObject("01-Login and Forgot Password/show pass button")): Object: 'Object Repository/01-Login and Forgot Password/show pass button' is clicked on

2022-07-25 15:05:44 - [MESSAGE][PASSED] - Object: 'Object Repository/01-Login and Forgot Password/show pass button' is clicked on

2022-07-25 15:05:44 - [TEST_STEP][PASSED] - delay(3): Delayed 3 second(s)

2022-07-25 15:05:47 - [MESSAGE][PASSED] - Delayed 3 second(s)

2022-07-25 15:05:47 - [TEST_STEP][PASSED] - click(findTestObject("01-Login and Forgot Password/button_Sign in")): Object: 'Object Repository/01-Login and Forgot Password/button_Sign in' is clicked on

2022-07-25 15:05:47 - [MESSAGE][PASSED] - Object: 'Object Repository/01-Login and Forgot Password/button_Sign in' is clicked on

2022-07-25 15:05:47 - [TEST_STEP][PASSED] - delay(3): Delayed 3 second(s)

2022-07-25 15:05:50 - [MESSAGE][PASSED] - Delayed 3 second(s)

2022-07-25 15:05:50 - [TEST_STEP][PASSED] - click(findTestObject("06-Teams/For 2FA/button_Confirm_2FA")): Object: 'Object Repository/06-Teams/For 2FA/button_Confirm_2FA' is clicked on

2022-07-25 15:05:50 - [MESSAGE][PASSED] - Object: 'Object Repository/06-Teams/For 2FA/button_Confirm_2FA' is clicked on

2022-07-25 15:05:50 - [TEST_STEP][PASSED] - executeJavaScript("window.open();", []): Execute JavaScript 'window.open();' successfully

2022-07-25 15:05:50 - [MESSAGE][PASSED] - Execute JavaScript 'window.open();' successfully

2022-07-25 15:05:50 - [TEST_STEP][PASSED] - currentWindow = getWindowIndex(): Current window's index is: 0

2022-07-25 15:05:50 - [MESSAGE][PASSED] - Current window's index is: 0

2022-07-25 15:05:50 - [TEST_STEP][PASSED] - delay(3): Delayed 3 second(s)

2022-07-25 15:05:53 - [MESSAGE][PASSED] - Delayed 3 second(s)

2022-07-25 15:05:53 - [TEST_STEP][PASSED] - switchToWindowIndex(currentWindow + 1): Switched to window with index: '1'

2022-07-25 15:05:53 - [MESSAGE][PASSED] - Switched to window with index: '1'

2022-07-25 15:05:53 - [TEST_STEP][PASSED] - navigateToUrl("https://www.mailinator.com/"): Navigate to 'https://www.mailinator.com/' successfully

2022-07-25 15:05:57 - [MESSAGE][PASSED] - Navigate to 'https://www.mailinator.com/' successfully

2022-07-25 15:05:57 - [TEST_STEP][PASSED] - delay(3): Delayed 3 second(s)

2022-07-25 15:06:00 - [MESSAGE][PASSED] - Delayed 3 second(s)

2022-07-25 15:06:00 - [TEST_STEP][PASSED] - setText(findTestObject("00-Signup and Activation/zMailinator/input_LOGIN_search"), "testuser01@mailinator.com"): Text 'testuser01@mailinator.com' is set on object 'Object Repository/00-Signup and Activation/zMailinator/input_LOGIN_search'

2022-07-25 15:06:01 - [MESSAGE][PASSED] - Text 'testuser01@mailinator.com' is set on object 'Object Repository/00-Signup and Activation/zMailinator/input_LOGIN_search'

2022-07-25 15:06:01 - [TEST_STEP][PASSED] - click(findTestObject("00-Signup and Activation/zMailinator/gobutton"), STOP_ON_FAILURE): Object: 'Object Repository/00-Signup and Activation/zMailinator/gobutton' is clicked on

2022-07-25 15:06:03 - [MESSAGE][PASSED] - Object: 'Object Repository/00-Signup and Activation/zMailinator/gobutton' is clicked on

2022-07-25 15:06:03 - [TEST_STEP][PASSED] - delay(3): Delayed 3 second(s)

2022-07-25 15:06:06 - [MESSAGE][PASSED] - Delayed 3 second(s)

2022-07-25 15:06:06 - [TEST_STEP][PASSED] - click(findTestObject("00-Signup and Activation/zMailinator/Email - everleagues")): Object: 'Object Repository/00-Signup and Activation/zMailinator/Email - everleagues' is clicked on

2022-07-25 15:06:06 - [MESSAGE][PASSED] - Object: 'Object Repository/00-Signup and Activation/zMailinator/Email - everleagues' is clicked on

2022-07-25 15:06:06 - [TEST_STEP][PASSED] - delay(3): Delayed 3 second(s)

2022-07-25 15:06:09 - [MESSAGE][PASSED] - Delayed 3 second(s)

2022-07-25 15:06:09 - [TEST_STEP][PASSED] - code = getText(findTestObject("Object Repository/06-Teams/For 2FA/2FA code")): Text of object 'Object Repository/06-Teams/For 2FA/2FA code' is: '632909'

2022-07-25 15:06:10 - [MESSAGE][PASSED] - Text of object 'Object Repository/06-Teams/For 2FA/2FA code' is: '632909'

2022-07-25 15:06:10 - [TEST_STEP][PASSED] - delay(3): Delayed 3 second(s)

2022-07-25 15:06:13 - [MESSAGE][PASSED] - Delayed 3 second(s)

2022-07-25 15:06:13 - [TEST_STEP][PASSED] - closeWindowTitle("Mailinator"): Window with title: 'Mailinator' is closed

2022-07-25 15:06:13 - [MESSAGE][PASSED] - Window with title: 'Mailinator' is closed

2022-07-25 15:06:13 - [TEST_STEP][PASSED] - delay(3): Delayed 3 second(s)

2022-07-25 15:06:16 - [MESSAGE][PASSED] - Delayed 3 second(s)

2022-07-25 15:06:16 - [TEST_STEP][PASSED] - switchToWindowIndex(0): Switched to window with index: '0'

2022-07-25 15:06:16 - [MESSAGE][PASSED] - Switched to window with index: '0'

2022-07-25 15:06:16 - [TEST_STEP][PASSED] - delay(3): Delayed 3 second(s)

2022-07-25 15:06:19 - [MESSAGE][PASSED] - Delayed 3 second(s)

2022-07-25 15:06:19 - [TEST_STEP][PASSED] - setText(findTestObject("Object Repository/06-Teams/For 2FA/input_Enter verification code_code"), code): Text '632909' is set on object 'Object Repository/06-Teams/For 2FA/input_Enter verification code_code'

2022-07-25 15:06:20 - [MESSAGE][PASSED] - Text '632909' is set on object 'Object Repository/06-Teams/For 2FA/input_Enter verification code_code'

2022-07-25 15:06:20 - [TEST_STEP][PASSED] - delay(3): Delayed 3 second(s)

2022-07-25 15:06:23 - [MESSAGE][PASSED] - Delayed 3 second(s)

2022-07-25 15:06:23 - [TEST_STEP][PASSED] - click(findTestObject("06-Teams/For 2FA/button_Verify_2FA")): Object: 'Object Repository/06-Teams/For 2FA/button_Verify_2FA' is clicked on

2022-07-25 15:06:23 - [MESSAGE][PASSED] - Object: 'Object Repository/06-Teams/For 2FA/button_Verify_2FA' is clicked on

2022-07-25 15:06:23 - [TEST_STEP][PASSED] - delay(5): Delayed 5 second(s)

2022-07-25 15:06:28 - [MESSAGE][PASSED] - Delayed 5 second(s)

2022-07-25 15:06:28 - [TEST_STEP][PASSED] - verifyElementPresent(findTestObject("01-Login and Forgot Password/h4_EVERLEAGUES (v0.11.16 build 324)"), 0): Object 'Object Repository/01-Login and Forgot Password/h4_EVERLEAGUES (v0.11.16 build 324)' is present

2022-07-25 15:06:28 - [MESSAGE][WARNING] - Timeout '0' is invalid. Using default page load timeout: '30'

2022-07-25 15:06:32 - [MESSAGE][PASSED] - Object 'Object Repository/01-Login and Forgot Password/h4_EVERLEAGUES (v0.11.16 build 324)' is present

2022-07-25 15:06:32 - [TEST_STEP][PASSED] - delay(10): Delayed 10 second(s)

2022-07-25 15:06:42 - [MESSAGE][PASSED] - Delayed 10 second(s)]]></system-out>
         <system-err><![CDATA[]]></system-err>
      </testcase>
      <testcase name="Test Cases/01-Login and Forgot Password/05-Logout" time="8.419" classname="Test Cases/01-Login and Forgot Password/05-Logout" status="PASSED">
         <system-out><![CDATA[2022-07-25 15:06:42 - [TEST_CASE][PASSED] - Test Cases/01-Login and Forgot Password/05-Logout: Test Cases/01-Login and Forgot Password/05-Logout

2022-07-25 15:06:43 - [TEST_STEP][PASSED] - click(findTestObject("01-Login and Forgot Password/User menu drop")): Object: 'Object Repository/01-Login and Forgot Password/User menu drop' is clicked on

2022-07-25 15:06:43 - [MESSAGE][PASSED] - Object: 'Object Repository/01-Login and Forgot Password/User menu drop' is clicked on

2022-07-25 15:06:43 - [TEST_STEP][PASSED] - delay(2): Delayed 2 second(s)

2022-07-25 15:06:45 - [MESSAGE][PASSED] - Delayed 2 second(s)

2022-07-25 15:06:45 - [TEST_STEP][PASSED] - click(findTestObject("01-Login and Forgot Password/h4_Sign Out"), STOP_ON_FAILURE): Object: 'Object Repository/01-Login and Forgot Password/h4_Sign Out' is clicked on

2022-07-25 15:06:45 - [MESSAGE][PASSED] - Object: 'Object Repository/01-Login and Forgot Password/h4_Sign Out' is clicked on

2022-07-25 15:06:45 - [TEST_STEP][PASSED] - delay(2): Delayed 2 second(s)

2022-07-25 15:06:47 - [MESSAGE][PASSED] - Delayed 2 second(s)

2022-07-25 15:06:47 - [TEST_STEP][PASSED] - verifyElementPresent(findTestObject("01-Login and Forgot Password/Login_Card"), 0): Object 'Object Repository/01-Login and Forgot Password/Login_Card' is present

2022-07-25 15:06:48 - [MESSAGE][WARNING] - Timeout '0' is invalid. Using default page load timeout: '30'

2022-07-25 15:06:48 - [MESSAGE][PASSED] - Object 'Object Repository/01-Login and Forgot Password/Login_Card' is present

2022-07-25 15:06:48 - [TEST_STEP][PASSED] - delay(3): Delayed 3 second(s)

2022-07-25 15:06:51 - [MESSAGE][PASSED] - Delayed 3 second(s)]]></system-out>
         <system-err><![CDATA[]]></system-err>
      </testcase>
      <testcase name="Test Cases/01-Login and Forgot Password/06-Forgot Password(Credentials Blank)" time="6.554" classname="Test Cases/01-Login and Forgot Password/06-Forgot Password(Credentials Blank)" status="PASSED">
         <system-out><![CDATA[2022-07-25 15:06:51 - [TEST_CASE][PASSED] - Test Cases/01-Login and Forgot Password/06-Forgot Password(Credentials Blank): Test Cases/01-Login and Forgot Password/06-Forgot Password(Credentials Blank)

2022-07-25 15:06:51 - [TEST_STEP][PASSED] - click(findTestObject("01-Login and Forgot Password/zForgot Password/a_Forgot password")): Object: 'Object Repository/01-Login and Forgot Password/zForgot Password/a_Forgot password' is clicked on

2022-07-25 15:06:51 - [MESSAGE][PASSED] - Object: 'Object Repository/01-Login and Forgot Password/zForgot Password/a_Forgot password' is clicked on

2022-07-25 15:06:51 - [TEST_STEP][PASSED] - verifyElementPresent(findTestObject("01-Login and Forgot Password/zForgot Password/span_Reset Password"), 0): Object 'Object Repository/01-Login and Forgot Password/zForgot Password/span_Reset Password' is present

2022-07-25 15:06:52 - [MESSAGE][WARNING] - Timeout '0' is invalid. Using default page load timeout: '30'

2022-07-25 15:06:52 - [MESSAGE][PASSED] - Object 'Object Repository/01-Login and Forgot Password/zForgot Password/span_Reset Password' is present

2022-07-25 15:06:52 - [TEST_STEP][PASSED] - delay(2): Delayed 2 second(s)

2022-07-25 15:06:54 - [MESSAGE][PASSED] - Delayed 2 second(s)

2022-07-25 15:06:54 - [TEST_STEP][PASSED] - verifyElementNotClickable(findTestObject("01-Login and Forgot Password/zForgot Password/button_Reset Password")): Object 'Object Repository/01-Login and Forgot Password/zForgot Password/button_Reset Password' is NOT clickable

2022-07-25 15:06:54 - [MESSAGE][PASSED] - Object 'Object Repository/01-Login and Forgot Password/zForgot Password/button_Reset Password' is NOT clickable

2022-07-25 15:06:54 - [TEST_STEP][PASSED] - delay(3): Delayed 3 second(s)

2022-07-25 15:06:57 - [MESSAGE][PASSED] - Delayed 3 second(s)]]></system-out>
         <system-err><![CDATA[]]></system-err>
      </testcase>
      <testcase name="Test Cases/01-Login and Forgot Password/07-Forgot Password(Wrong email)" time="11.167" classname="Test Cases/01-Login and Forgot Password/07-Forgot Password(Wrong email)" status="PASSED">
         <system-out><![CDATA[2022-07-25 15:06:57 - [TEST_CASE][PASSED] - Test Cases/01-Login and Forgot Password/07-Forgot Password(Wrong email): Test Cases/01-Login and Forgot Password/07-Forgot Password(Wrong email)

2022-07-25 15:06:58 - [TEST_STEP][PASSED] - setText(findTestObject("01-Login and Forgot Password/zForgot Password/Reset pass email field"), "unregisteredemail@test.com"): Text 'unregisteredemail@test.com' is set on object 'Object Repository/01-Login and Forgot Password/zForgot Password/Reset pass email field'

2022-07-25 15:06:58 - [MESSAGE][PASSED] - Text 'unregisteredemail@test.com' is set on object 'Object Repository/01-Login and Forgot Password/zForgot Password/Reset pass email field'

2022-07-25 15:06:58 - [TEST_STEP][PASSED] - delay(2): Delayed 2 second(s)

2022-07-25 15:07:00 - [MESSAGE][PASSED] - Delayed 2 second(s)

2022-07-25 15:07:00 - [TEST_STEP][PASSED] - click(findTestObject("01-Login and Forgot Password/zForgot Password/button_Reset Password")): Object: 'Object Repository/01-Login and Forgot Password/zForgot Password/button_Reset Password' is clicked on

2022-07-25 15:07:01 - [MESSAGE][PASSED] - Object: 'Object Repository/01-Login and Forgot Password/zForgot Password/button_Reset Password' is clicked on

2022-07-25 15:07:01 - [TEST_STEP][PASSED] - verifyElementPresent(findTestObject("01-Login and Forgot Password/zForgot Password/Reset pass- wrong email"), 0): Object 'Object Repository/01-Login and Forgot Password/zForgot Password/Reset pass- wrong email' is present

2022-07-25 15:07:01 - [MESSAGE][WARNING] - Timeout '0' is invalid. Using default page load timeout: '30'

2022-07-25 15:07:02 - [MESSAGE][PASSED] - Object 'Object Repository/01-Login and Forgot Password/zForgot Password/Reset pass- wrong email' is present

2022-07-25 15:07:02 - [TEST_STEP][PASSED] - delay(3): Delayed 3 second(s)

2022-07-25 15:07:05 - [MESSAGE][PASSED] - Delayed 3 second(s)

2022-07-25 15:07:05 - [TEST_STEP][PASSED] - click(findTestObject("01-Login and Forgot Password/zForgot Password/button_Back to login")): Object: 'Object Repository/01-Login and Forgot Password/zForgot Password/button_Back to login' is clicked on

2022-07-25 15:07:06 - [MESSAGE][PASSED] - Object: 'Object Repository/01-Login and Forgot Password/zForgot Password/button_Back to login' is clicked on

2022-07-25 15:07:06 - [TEST_STEP][PASSED] - delay(3): Delayed 3 second(s)

2022-07-25 15:07:09 - [MESSAGE][PASSED] - Delayed 3 second(s)]]></system-out>
         <system-err><![CDATA[]]></system-err>
      </testcase>
      <testcase name="Test Cases/01-Login and Forgot Password/08-Forgot Password(Correct Email)" time="18.222" classname="Test Cases/01-Login and Forgot Password/08-Forgot Password(Correct Email)" status="PASSED">
         <system-out><![CDATA[2022-07-25 15:07:09 - [TEST_CASE][PASSED] - Test Cases/01-Login and Forgot Password/08-Forgot Password(Correct Email): Test Cases/01-Login and Forgot Password/08-Forgot Password(Correct Email)

2022-07-25 15:07:09 - [TEST_STEP][PASSED] - delay(2): Delayed 2 second(s)

2022-07-25 15:07:11 - [MESSAGE][PASSED] - Delayed 2 second(s)

2022-07-25 15:07:11 - [TEST_STEP][PASSED] - click(findTestObject("01-Login and Forgot Password/zForgot Password/a_Forgot password")): Object: 'Object Repository/01-Login and Forgot Password/zForgot Password/a_Forgot password' is clicked on

2022-07-25 15:07:11 - [MESSAGE][PASSED] - Object: 'Object Repository/01-Login and Forgot Password/zForgot Password/a_Forgot password' is clicked on

2022-07-25 15:07:11 - [TEST_STEP][PASSED] - verifyElementPresent(findTestObject("01-Login and Forgot Password/zForgot Password/span_Reset Password"), 0): Object 'Object Repository/01-Login and Forgot Password/zForgot Password/span_Reset Password' is present

2022-07-25 15:07:11 - [MESSAGE][WARNING] - Timeout '0' is invalid. Using default page load timeout: '30'

2022-07-25 15:07:12 - [MESSAGE][PASSED] - Object 'Object Repository/01-Login and Forgot Password/zForgot Password/span_Reset Password' is present

2022-07-25 15:07:12 - [TEST_STEP][PASSED] - delay(2): Delayed 2 second(s)

2022-07-25 15:07:14 - [MESSAGE][PASSED] - Delayed 2 second(s)

2022-07-25 15:07:14 - [TEST_STEP][PASSED] - setText(findTestObject("01-Login and Forgot Password/zForgot Password/Reset pass email field"), "testuser01@mailinator.com"): Text 'testuser01@mailinator.com' is set on object 'Object Repository/01-Login and Forgot Password/zForgot Password/Reset pass email field'

2022-07-25 15:07:14 - [MESSAGE][PASSED] - Text 'testuser01@mailinator.com' is set on object 'Object Repository/01-Login and Forgot Password/zForgot Password/Reset pass email field'

2022-07-25 15:07:14 - [TEST_STEP][PASSED] - delay(2): Delayed 2 second(s)

2022-07-25 15:07:16 - [MESSAGE][PASSED] - Delayed 2 second(s)

2022-07-25 15:07:16 - [TEST_STEP][PASSED] - click(findTestObject("01-Login and Forgot Password/zForgot Password/button_Reset Password")): Object: 'Object Repository/01-Login and Forgot Password/zForgot Password/button_Reset Password' is clicked on

2022-07-25 15:07:17 - [MESSAGE][PASSED] - Object: 'Object Repository/01-Login and Forgot Password/zForgot Password/button_Reset Password' is clicked on

2022-07-25 15:07:17 - [TEST_STEP][PASSED] - verifyElementPresent(findTestObject("01-Login and Forgot Password/zForgot Password/Reset pass - success msg"), 0): Object 'Object Repository/01-Login and Forgot Password/zForgot Password/Reset pass - success msg' is present

2022-07-25 15:07:17 - [MESSAGE][WARNING] - Timeout '0' is invalid. Using default page load timeout: '30'

2022-07-25 15:07:18 - [MESSAGE][PASSED] - Object 'Object Repository/01-Login and Forgot Password/zForgot Password/Reset pass - success msg' is present

2022-07-25 15:07:18 - [TEST_STEP][PASSED] - delay(2): Delayed 2 second(s)

2022-07-25 15:07:20 - [MESSAGE][PASSED] - Delayed 2 second(s)

2022-07-25 15:07:20 - [TEST_STEP][PASSED] - click(findTestObject("01-Login and Forgot Password/zForgot Password/button_Back to login")): Object: 'Object Repository/01-Login and Forgot Password/zForgot Password/button_Back to login' is clicked on

2022-07-25 15:07:21 - [MESSAGE][PASSED] - Object: 'Object Repository/01-Login and Forgot Password/zForgot Password/button_Back to login' is clicked on

2022-07-25 15:07:21 - [TEST_STEP][PASSED] - delay(3): Delayed 3 second(s)

2022-07-25 15:07:24 - [MESSAGE][PASSED] - Delayed 3 second(s)

2022-07-25 15:07:24 - [TEST_STEP][PASSED] - verifyElementVisible(findTestObject("01-Login and Forgot Password/Login_Card")): Object 'Object Repository/01-Login and Forgot Password/Login_Card' is visible

2022-07-25 15:07:24 - [MESSAGE][PASSED] - Object 'Object Repository/01-Login and Forgot Password/Login_Card' is visible

2022-07-25 15:07:24 - [TEST_STEP][PASSED] - delay(2): Delayed 2 second(s)

2022-07-25 15:07:26 - [MESSAGE][PASSED] - Delayed 2 second(s)

2022-07-25 15:07:26 - [TEST_STEP][PASSED] - closeBrowser(): Browser is closed

2022-07-25 15:07:27 - [MESSAGE][PASSED] - Browser is closed]]></system-out>
         <system-err><![CDATA[]]></system-err>
      </testcase>
      <system-out><![CDATA[2022-07-25 15:04:37 - [TEST_SUITE][PASSED] - 01-Login and Forgot Password: Test Cases/01-Login and Forgot Password/08-Forgot Password(Correct Email)]]></system-out>
      <system-err><![CDATA[]]></system-err>
   </testsuite>
</testsuites>
