<?xml version="1.0" encoding="UTF-8"?>
<testsuites name="00-Signup and Account Activation" time="202.866" tests="4" failures="0" errors="0">
   <testsuite name="00-Signup and Account Activation" tests="4" failures="0" errors="0" time="202.866" skipped="0" timestamp="2023-02-27 11:38:42" hostname="asus - DESKTOP-3L3J9C1" id="Test Suites/TS-Organization/00-Signup and Account Activation">
      <properties>
         <property name="deviceName" value=""/>
         <property name="devicePlatform" value=""/>
         <property name="logFolder" value="C:\\Users\\asus\\Katalon Studio\\Everleagues\\Everleagues\\Reports\\20230227_113825\\TS-Organization\\00-Signup and Account Activation\\20230227_113825"/>
         <property name="logFiles" value="C:\\Users\\asus\\Katalon Studio\\Everleagues\\Everleagues\\Reports\\20230227_113825\\TS-Organization\\00-Signup and Account Activation\\20230227_113825\\execution0.log"/>
         <property name="attachments" value=""/>
         <property name="hostName" value="asus - DESKTOP-3L3J9C1"/>
         <property name="os" value="Windows 10 64bit"/>
         <property name="katalonVersion" value="8.4.1.208"/>
         <property name="browser" value="Chrome 110.0.0.0"/>
         <property name="hostAddress" value="10.100.1.128"/>
         <property name="sessionId" value="981a3e296eaafc5000a232769d2b9ba1"/>
         <property name="seleniumVersion" value="3.141.59"/>
         <property name="proxyInformation" value="ProxyInformation { proxyOption=NO_PROXY, proxyServerType=HTTP, username=, password=********, proxyServerAddress=, proxyServerPort=0, executionList=&quot;&quot;, isApplyToDesiredCapabilities=true }"/>
         <property name="platform" value="Windows 10"/>
      </properties>
      <testcase name="Test Cases/00-SignUp and Account Activation/01-Signup(Credentials Blank)" time="86.653" classname="Test Cases/00-SignUp and Account Activation/01-Signup(Credentials Blank)" status="PASSED">
         <system-out><![CDATA[2023-02-27 11:38:44 - [TEST_CASE][PASSED] - Test Cases/00-SignUp and Account Activation/01-Signup(Credentials Blank): Test Cases/00-SignUp and Account Activation/01-Signup(Credentials Blank)

2023-02-27 11:38:46 - [TEST_STEP][PASSED] - openBrowser(""): Browser is opened with url: ''

2023-02-27 11:38:47 - [MESSAGE][INFO] - Starting 'Chrome' driver

2023-02-27 11:38:47 - [MESSAGE][INFO] - Action delay is set to 0 milliseconds

2023-02-27 11:38:57 - [MESSAGE][PASSED] - Browser is opened with url: ''

2023-02-27 11:38:57 - [TEST_STEP][PASSED] - navigateToUrl("https://lab.everleagues.com/"): Navigate to 'https://lab.everleagues.com/' successfully

2023-02-27 11:39:56 - [MESSAGE][PASSED] - Navigate to 'https://lab.everleagues.com/' successfully

2023-02-27 11:39:56 - [TEST_STEP][PASSED] - maximizeWindow(): Current window maximized

2023-02-27 11:39:56 - [MESSAGE][PASSED] - Current window maximized

2023-02-27 11:39:56 - [TEST_STEP][PASSED] - click(findTestObject("00-Signup and Activation/span_Sign up")): Object: 'Object Repository/00-Signup and Activation/span_Sign up' is clicked on

2023-02-27 11:39:58 - [MESSAGE][PASSED] - Object: 'Object Repository/00-Signup and Activation/span_Sign up' is clicked on

2023-02-27 11:39:59 - [TEST_STEP][PASSED] - delay(3): Delayed 3 second(s)

2023-02-27 11:40:02 - [MESSAGE][PASSED] - Delayed 3 second(s)

2023-02-27 11:40:02 - [TEST_STEP][PASSED] - verifyElementVisible(findTestObject("00-Signup and Activation/div_Already have an account Log In")): Object 'Object Repository/00-Signup and Activation/div_Already have an account Log In' is visible

2023-02-27 11:40:04 - [MESSAGE][PASSED] - Object 'Object Repository/00-Signup and Activation/div_Already have an account Log In' is visible

2023-02-27 11:40:04 - [TEST_STEP][PASSED] - delay(3): Delayed 3 second(s)

2023-02-27 11:40:07 - [MESSAGE][PASSED] - Delayed 3 second(s)

2023-02-27 11:40:07 - [TEST_STEP][PASSED] - verifyElementNotClickable(findTestObject("00-Signup and Activation/button_Sign up")): Object 'Object Repository/00-Signup and Activation/button_Sign up' is NOT clickable

2023-02-27 11:40:08 - [MESSAGE][PASSED] - Object 'Object Repository/00-Signup and Activation/button_Sign up' is NOT clickable

2023-02-27 11:40:08 - [TEST_STEP][PASSED] - delay(3): Delayed 3 second(s)

2023-02-27 11:40:11 - [MESSAGE][PASSED] - Delayed 3 second(s)]]></system-out>
         <system-err><![CDATA[]]></system-err>
      </testcase>
      <testcase name="Test Cases/00-SignUp and Account Activation/02-Signup(Wrong email)" time="15.765" classname="Test Cases/00-SignUp and Account Activation/02-Signup(Wrong email)" status="PASSED">
         <system-out><![CDATA[2023-02-27 11:40:11 - [TEST_CASE][PASSED] - Test Cases/00-SignUp and Account Activation/02-Signup(Wrong email): Test Cases/00-SignUp and Account Activation/02-Signup(Wrong email)

2023-02-27 11:40:12 - [TEST_STEP][PASSED] - delay(3): Delayed 3 second(s)

2023-02-27 11:40:15 - [MESSAGE][PASSED] - Delayed 3 second(s)

2023-02-27 11:40:16 - [TEST_STEP][PASSED] - setText(findTestObject("00-Signup and Activation/input_Email"), "QATESTinvalidemailformat"): Text 'QATESTinvalidemailformat' is set on object 'Object Repository/00-Signup and Activation/input_Email'

2023-02-27 11:40:18 - [MESSAGE][PASSED] - Text 'QATESTinvalidemailformat' is set on object 'Object Repository/00-Signup and Activation/input_Email'

2023-02-27 11:40:18 - [TEST_STEP][PASSED] - delay(2): Delayed 2 second(s)

2023-02-27 11:40:20 - [MESSAGE][PASSED] - Delayed 2 second(s)

2023-02-27 11:40:20 - [TEST_STEP][PASSED] - click(findTestObject("00-Signup and Activation/input_firstName")): Object: 'Object Repository/00-Signup and Activation/input_firstName' is clicked on

2023-02-27 11:40:21 - [MESSAGE][PASSED] - Object: 'Object Repository/00-Signup and Activation/input_firstName' is clicked on

2023-02-27 11:40:21 - [TEST_STEP][PASSED] - verifyElementPresent(findTestObject("00-Signup and Activation/error_valid email is required"), 0): Object 'Object Repository/00-Signup and Activation/error_valid email is required' is present

2023-02-27 11:40:21 - [MESSAGE][WARNING] - Timeout '0' is invalid. Using default page load timeout: '30'

2023-02-27 11:40:22 - [MESSAGE][PASSED] - Object 'Object Repository/00-Signup and Activation/error_valid email is required' is present

2023-02-27 11:40:22 - [TEST_STEP][PASSED] - delay(0): Delayed 0 second(s)

2023-02-27 11:40:22 - [MESSAGE][PASSED] - Delayed 0 second(s)

2023-02-27 11:40:22 - [TEST_STEP][PASSED] - setText(findTestObject("00-Signup and Activation/input_Email"), "testuser01@mailinator.com"): Text 'testuser01@mailinator.com' is set on object 'Object Repository/00-Signup and Activation/input_Email'

2023-02-27 11:40:24 - [MESSAGE][PASSED] - Text 'testuser01@mailinator.com' is set on object 'Object Repository/00-Signup and Activation/input_Email'

2023-02-27 11:40:24 - [TEST_STEP][PASSED] - delay(0): Delayed 0 second(s)

2023-02-27 11:40:24 - [MESSAGE][PASSED] - Delayed 0 second(s)

2023-02-27 11:40:24 - [TEST_STEP][PASSED] - click(findTestObject("00-Signup and Activation/input_firstName")): Object: 'Object Repository/00-Signup and Activation/input_firstName' is clicked on

2023-02-27 11:40:25 - [MESSAGE][PASSED] - Object: 'Object Repository/00-Signup and Activation/input_firstName' is clicked on

2023-02-27 11:40:25 - [TEST_STEP][PASSED] - verifyElementVisible(findTestObject("00-Signup and Activation/error_email already exists")): Object 'Object Repository/00-Signup and Activation/error_email already exists' is visible

2023-02-27 11:40:26 - [MESSAGE][PASSED] - Object 'Object Repository/00-Signup and Activation/error_email already exists' is visible

2023-02-27 11:40:26 - [TEST_STEP][PASSED] - delay(0): Delayed 0 second(s)

2023-02-27 11:40:26 - [MESSAGE][PASSED] - Delayed 0 second(s)]]></system-out>
         <system-err><![CDATA[]]></system-err>
      </testcase>
      <testcase name="Test Cases/00-SignUp and Account Activation/03-Signup(Correct Details)" time="57.906" classname="Test Cases/00-SignUp and Account Activation/03-Signup(Correct Details)" status="PASSED">
         <system-out><![CDATA[2023-02-27 11:40:26 - [TEST_CASE][PASSED] - Test Cases/00-SignUp and Account Activation/03-Signup(Correct Details): Test Cases/00-SignUp and Account Activation/03-Signup(Correct Details)

2023-02-27 11:40:28 - [TEST_STEP][PASSED] - delay(2): Delayed 2 second(s)

2023-02-27 11:40:30 - [MESSAGE][PASSED] - Delayed 2 second(s)

2023-02-27 11:40:30 - [TEST_STEP][PASSED] - setText(findTestObject("00-Signup and Activation/input_Email"), "autotester1069@mailinator.com"): Text 'autotester1069@mailinator.com' is set on object 'Object Repository/00-Signup and Activation/input_Email'

2023-02-27 11:40:32 - [MESSAGE][PASSED] - Text 'autotester1069@mailinator.com' is set on object 'Object Repository/00-Signup and Activation/input_Email'

2023-02-27 11:40:32 - [TEST_STEP][PASSED] - setText(findTestObject("00-Signup and Activation/input_firstName"), "GG"): Text 'GG' is set on object 'Object Repository/00-Signup and Activation/input_firstName'

2023-02-27 11:40:34 - [MESSAGE][PASSED] - Text 'GG' is set on object 'Object Repository/00-Signup and Activation/input_firstName'

2023-02-27 11:40:34 - [TEST_STEP][PASSED] - setText(findTestObject("00-Signup and Activation/input_lastName"), "tester"): Text 'tester' is set on object 'Object Repository/00-Signup and Activation/input_lastName'

2023-02-27 11:40:36 - [MESSAGE][PASSED] - Text 'tester' is set on object 'Object Repository/00-Signup and Activation/input_lastName'

2023-02-27 11:40:36 - [TEST_STEP][PASSED] - delay(2): Delayed 2 second(s)

2023-02-27 11:40:38 - [MESSAGE][PASSED] - Delayed 2 second(s)

2023-02-27 11:40:38 - [TEST_STEP][PASSED] - click(findTestObject("Object Repository/00-Signup and Activation/button_Sign up")): Object: 'Object Repository/00-Signup and Activation/button_Sign up' is clicked on

2023-02-27 11:40:39 - [MESSAGE][PASSED] - Object: 'Object Repository/00-Signup and Activation/button_Sign up' is clicked on

2023-02-27 11:40:39 - [TEST_STEP][PASSED] - delay(2): Delayed 2 second(s)

2023-02-27 11:40:41 - [MESSAGE][PASSED] - Delayed 2 second(s)

2023-02-27 11:40:41 - [TEST_STEP][PASSED] - executeJavaScript("window.open();", []): Execute JavaScript 'window.open();' successfully

2023-02-27 11:40:41 - [MESSAGE][PASSED] - Execute JavaScript 'window.open();' successfully

2023-02-27 11:40:41 - [TEST_STEP][PASSED] - currentWindow = getWindowIndex(): Current window's index is: 0

2023-02-27 11:40:41 - [MESSAGE][PASSED] - Current window's index is: 0

2023-02-27 11:40:41 - [TEST_STEP][PASSED] - delay(3): Delayed 3 second(s)

2023-02-27 11:40:44 - [MESSAGE][PASSED] - Delayed 3 second(s)

2023-02-27 11:40:44 - [TEST_STEP][PASSED] - switchToWindowIndex(currentWindow + 1): Switched to window with index: '1'

2023-02-27 11:40:44 - [MESSAGE][PASSED] - Switched to window with index: '1'

2023-02-27 11:40:44 - [TEST_STEP][PASSED] - navigateToUrl("https://www.mailinator.com/"): Navigate to 'https://www.mailinator.com/' successfully

2023-02-27 11:40:51 - [MESSAGE][PASSED] - Navigate to 'https://www.mailinator.com/' successfully

2023-02-27 11:40:51 - [TEST_STEP][PASSED] - delay(3): Delayed 3 second(s)

2023-02-27 11:40:54 - [MESSAGE][PASSED] - Delayed 3 second(s)

2023-02-27 11:40:54 - [TEST_STEP][PASSED] - setText(findTestObject("00-Signup and Activation/zMailinator/input_LOGIN_search"), "autotester1069@mailinator.com"): Text 'autotester1069@mailinator.com' is set on object 'Object Repository/00-Signup and Activation/zMailinator/input_LOGIN_search'

2023-02-27 11:40:55 - [MESSAGE][PASSED] - Text 'autotester1069@mailinator.com' is set on object 'Object Repository/00-Signup and Activation/zMailinator/input_LOGIN_search'

2023-02-27 11:40:55 - [TEST_STEP][PASSED] - click(findTestObject("00-Signup and Activation/zMailinator/gobutton"), STOP_ON_FAILURE): Object: 'Object Repository/00-Signup and Activation/zMailinator/gobutton' is clicked on

2023-02-27 11:40:58 - [MESSAGE][PASSED] - Object: 'Object Repository/00-Signup and Activation/zMailinator/gobutton' is clicked on

2023-02-27 11:40:58 - [TEST_STEP][PASSED] - delay(3): Delayed 3 second(s)

2023-02-27 11:41:01 - [MESSAGE][PASSED] - Delayed 3 second(s)

2023-02-27 11:41:01 - [TEST_STEP][PASSED] - click(findTestObject("00-Signup and Activation/zMailinator/Email - everleagues")): Object: 'Object Repository/00-Signup and Activation/zMailinator/Email - everleagues' is clicked on

2023-02-27 11:41:02 - [MESSAGE][PASSED] - Object: 'Object Repository/00-Signup and Activation/zMailinator/Email - everleagues' is clicked on

2023-02-27 11:41:02 - [TEST_STEP][PASSED] - delay(3): Delayed 3 second(s)

2023-02-27 11:41:05 - [MESSAGE][PASSED] - Delayed 3 second(s)

2023-02-27 11:41:05 - [TEST_STEP][PASSED] - code = getText(findTestObject("Object Repository/06-Teams/For 2FA/2FA code")): Text of object 'Object Repository/06-Teams/For 2FA/2FA code' is: '020590'

2023-02-27 11:41:06 - [MESSAGE][PASSED] - Text of object 'Object Repository/06-Teams/For 2FA/2FA code' is: '020590'

2023-02-27 11:41:06 - [TEST_STEP][PASSED] - delay(3): Delayed 3 second(s)

2023-02-27 11:41:09 - [MESSAGE][PASSED] - Delayed 3 second(s)

2023-02-27 11:41:09 - [TEST_STEP][PASSED] - closeWindowTitle("Mailinator"): Window with title: 'Mailinator' is closed

2023-02-27 11:41:09 - [MESSAGE][PASSED] - Window with title: 'Mailinator' is closed

2023-02-27 11:41:09 - [TEST_STEP][PASSED] - delay(3): Delayed 3 second(s)

2023-02-27 11:41:12 - [MESSAGE][PASSED] - Delayed 3 second(s)

2023-02-27 11:41:12 - [TEST_STEP][PASSED] - switchToWindowIndex(0): Switched to window with index: '0'

2023-02-27 11:41:12 - [MESSAGE][PASSED] - Switched to window with index: '0'

2023-02-27 11:41:12 - [TEST_STEP][PASSED] - delay(3): Delayed 3 second(s)

2023-02-27 11:41:16 - [MESSAGE][PASSED] - Delayed 3 second(s)

2023-02-27 11:41:16 - [TEST_STEP][PASSED] - setText(findTestObject("Object Repository/06-Teams/For 2FA/input_Enter verification code_code"), code): Text '020590' is set on object 'Object Repository/06-Teams/For 2FA/input_Enter verification code_code'

2023-02-27 11:41:17 - [MESSAGE][PASSED] - Text '020590' is set on object 'Object Repository/06-Teams/For 2FA/input_Enter verification code_code'

2023-02-27 11:41:17 - [TEST_STEP][PASSED] - delay(3): Delayed 3 second(s)

2023-02-27 11:41:20 - [MESSAGE][PASSED] - Delayed 3 second(s)

2023-02-27 11:41:20 - [TEST_STEP][PASSED] - click(findTestObject("06-Teams/For 2FA/button_Verify_2FA")): Object: 'Object Repository/06-Teams/For 2FA/button_Verify_2FA' is clicked on

2023-02-27 11:41:21 - [MESSAGE][PASSED] - Object: 'Object Repository/06-Teams/For 2FA/button_Verify_2FA' is clicked on

2023-02-27 11:41:21 - [TEST_STEP][PASSED] - delay(3): Delayed 3 second(s)

2023-02-27 11:41:24 - [MESSAGE][PASSED] - Delayed 3 second(s)]]></system-out>
         <system-err><![CDATA[]]></system-err>
      </testcase>
      <testcase name="Test Cases/00-SignUp and Account Activation/04-Set password" time="41.031" classname="Test Cases/00-SignUp and Account Activation/04-Set password" status="PASSED">
         <system-out><![CDATA[2023-02-27 11:41:24 - [TEST_CASE][PASSED] - Test Cases/00-SignUp and Account Activation/04-Set password: Test Cases/00-SignUp and Account Activation/04-Set password

2023-02-27 11:41:26 - [TEST_STEP][PASSED] - delay(2): Delayed 2 second(s)

2023-02-27 11:41:28 - [MESSAGE][PASSED] - Delayed 2 second(s)

2023-02-27 11:41:28 - [TEST_STEP][PASSED] - setEncryptedText(findTestObject("00-Signup and Activation/input_password"), "8yFRyszE6U6jvsCn51OQbg==", STOP_ON_FAILURE): Text ****** has been set on object 'Object Repository/00-Signup and Activation/input_password'

2023-02-27 11:41:29 - [MESSAGE][PASSED] - Text ****** has been set on object 'Object Repository/00-Signup and Activation/input_password'

2023-02-27 11:41:29 - [TEST_STEP][PASSED] - setEncryptedText(findTestObject("00-Signup and Activation/input_ConfirmPassword"), "8yFRyszE6U6jvsCn51OQbg==", STOP_ON_FAILURE): Text ****** has been set on object 'Object Repository/00-Signup and Activation/input_ConfirmPassword'

2023-02-27 11:41:30 - [MESSAGE][PASSED] - Text ****** has been set on object 'Object Repository/00-Signup and Activation/input_ConfirmPassword'

2023-02-27 11:41:30 - [TEST_STEP][PASSED] - delay(2): Delayed 2 second(s)

2023-02-27 11:41:32 - [MESSAGE][PASSED] - Delayed 2 second(s)

2023-02-27 11:41:32 - [TEST_STEP][PASSED] - click(findTestObject("00-Signup and Activation/show pass")): Object: 'Object Repository/00-Signup and Activation/show pass' is clicked on

2023-02-27 11:41:33 - [MESSAGE][PASSED] - Object: 'Object Repository/00-Signup and Activation/show pass' is clicked on

2023-02-27 11:41:33 - [TEST_STEP][PASSED] - click(findTestObject("00-Signup and Activation/show confirm pass")): Object: 'Object Repository/00-Signup and Activation/show confirm pass' is clicked on

2023-02-27 11:41:34 - [MESSAGE][PASSED] - Object: 'Object Repository/00-Signup and Activation/show confirm pass' is clicked on

2023-02-27 11:41:34 - [TEST_STEP][PASSED] - delay(2): Delayed 2 second(s)

2023-02-27 11:41:36 - [MESSAGE][PASSED] - Delayed 2 second(s)

2023-02-27 11:41:36 - [TEST_STEP][PASSED] - check(findTestObject("00-Signup and Activation/div_checkbox")): Object 'Object Repository/00-Signup and Activation/div_checkbox' is checked

2023-02-27 11:41:37 - [MESSAGE][PASSED] - Object 'Object Repository/00-Signup and Activation/div_checkbox' is checked

2023-02-27 11:41:37 - [TEST_STEP][PASSED] - delay(2): Delayed 2 second(s)

2023-02-27 11:41:39 - [MESSAGE][PASSED] - Delayed 2 second(s)

2023-02-27 11:41:39 - [TEST_STEP][PASSED] - click(findTestObject("00-Signup and Activation/button_Confirm")): Object: 'Object Repository/00-Signup and Activation/button_Confirm' is clicked on

2023-02-27 11:41:40 - [MESSAGE][PASSED] - Object: 'Object Repository/00-Signup and Activation/button_Confirm' is clicked on

2023-02-27 11:41:40 - [TEST_STEP][PASSED] - delay(5): Delayed 5 second(s)

2023-02-27 11:41:45 - [MESSAGE][PASSED] - Delayed 5 second(s)

2023-02-27 11:41:45 - [TEST_STEP][PASSED] - verifyElementVisible(findTestObject("00-Signup and Activation/h4_Welcome to Everleagues")): Object 'Object Repository/00-Signup and Activation/h4_Welcome to Everleagues' is visible

2023-02-27 11:41:51 - [MESSAGE][PASSED] - Object 'Object Repository/00-Signup and Activation/h4_Welcome to Everleagues' is visible

2023-02-27 11:41:51 - [TEST_STEP][PASSED] - verifyElementVisible(findTestObject("00-Signup and Activation/span_CREATE A BUSINESS ORGANIZATION")): Object 'Object Repository/00-Signup and Activation/span_CREATE A BUSINESS ORGANIZATION' is visible

2023-02-27 11:41:53 - [MESSAGE][PASSED] - Object 'Object Repository/00-Signup and Activation/span_CREATE A BUSINESS ORGANIZATION' is visible

2023-02-27 11:41:53 - [TEST_STEP][PASSED] - verifyElementVisible(findTestObject("00-Signup and Activation/span_INVITE FRIENDS  FAMILY")): Object 'Object Repository/00-Signup and Activation/span_INVITE FRIENDS  FAMILY' is visible

2023-02-27 11:41:53 - [MESSAGE][PASSED] - Object 'Object Repository/00-Signup and Activation/span_INVITE FRIENDS  FAMILY' is visible

2023-02-27 11:41:53 - [TEST_STEP][PASSED] - delay(3): Delayed 3 second(s)

2023-02-27 11:41:56 - [MESSAGE][PASSED] - Delayed 3 second(s)

2023-02-27 11:41:56 - [TEST_STEP][PASSED] - click(findTestObject("00-Signup and Activation/button_DO THIS LATER")): Object: 'Object Repository/00-Signup and Activation/button_DO THIS LATER' is clicked on

2023-02-27 11:41:57 - [MESSAGE][PASSED] - Object: 'Object Repository/00-Signup and Activation/button_DO THIS LATER' is clicked on

2023-02-27 11:41:57 - [TEST_STEP][PASSED] - delay(2): Delayed 2 second(s)

2023-02-27 11:41:59 - [MESSAGE][PASSED] - Delayed 2 second(s)

2023-02-27 11:41:59 - [TEST_STEP][PASSED] - verifyElementVisible(findTestObject("00-Signup and Activation/Create your first organization Card")): Object 'Object Repository/00-Signup and Activation/Create your first organization Card' is visible

2023-02-27 11:42:00 - [MESSAGE][PASSED] - Object 'Object Repository/00-Signup and Activation/Create your first organization Card' is visible

2023-02-27 11:42:00 - [TEST_STEP][PASSED] - verifyElementVisible(findTestObject("00-Signup and Activation/Still not sure where to start Card")): Object 'Object Repository/00-Signup and Activation/Still not sure where to start Card' is visible

2023-02-27 11:42:01 - [MESSAGE][PASSED] - Object 'Object Repository/00-Signup and Activation/Still not sure where to start Card' is visible

2023-02-27 11:42:01 - [TEST_STEP][PASSED] - verifyElementVisible(findTestObject("00-Signup and Activation/Welcome to Everleagues Card")): Object 'Object Repository/00-Signup and Activation/Welcome to Everleagues Card' is visible

2023-02-27 11:42:01 - [MESSAGE][PASSED] - Object 'Object Repository/00-Signup and Activation/Welcome to Everleagues Card' is visible

2023-02-27 11:42:01 - [TEST_STEP][PASSED] - delay(2): Delayed 2 second(s)

2023-02-27 11:42:03 - [MESSAGE][PASSED] - Delayed 2 second(s)

2023-02-27 11:42:03 - [TEST_STEP][PASSED] - closeBrowser(): Browser is closed

2023-02-27 11:42:05 - [MESSAGE][PASSED] - Browser is closed]]></system-out>
         <system-err><![CDATA[]]></system-err>
      </testcase>
      <system-out><![CDATA[2023-02-27 11:38:42 - [TEST_SUITE][PASSED] - 00-Signup and Account Activation: Test Cases/00-SignUp and Account Activation/04-Set password]]></system-out>
      <system-err><![CDATA[]]></system-err>
   </testsuite>
</testsuites>
