<?xml version="1.0" encoding="UTF-8"?>
<testsuites name="12.1-EL Sign (Send Documents)" time="407.249" tests="9" failures="0" errors="0">
   <testsuite name="12.1-EL Sign (Send Documents)" tests="9" failures="0" errors="0" time="407.249" skipped="0" timestamp="2023-02-15 12:12:08" hostname="asus - DESKTOP-3L3J9C1" id="Test Suites/TS-Organization/12.1-EL Sign (Send Documents)">
      <properties>
         <property name="deviceName" value=""/>
         <property name="devicePlatform" value=""/>
         <property name="logFolder" value="C:\\Users\\asus\\Katalon Studio\\Everleagues\\Everleagues\\Reports\\20230215_121154\\TS-Organization\\12.1-EL Sign (Send Documents)\\20230215_121154"/>
         <property name="logFiles" value="C:\\Users\\asus\\Katalon Studio\\Everleagues\\Everleagues\\Reports\\20230215_121154\\TS-Organization\\12.1-EL Sign (Send Documents)\\20230215_121154\\execution0.log"/>
         <property name="attachments" value=""/>
         <property name="hostName" value="asus - DESKTOP-3L3J9C1"/>
         <property name="os" value="Windows 10 64bit"/>
         <property name="katalonVersion" value="8.4.1.208"/>
         <property name="browser" value="Chrome 109.0.0.0"/>
         <property name="hostAddress" value="10.5.0.2"/>
         <property name="sessionId" value="2dcd155426780751b264cd2ca34b8f44"/>
         <property name="seleniumVersion" value="3.141.59"/>
         <property name="proxyInformation" value="ProxyInformation { proxyOption=NO_PROXY, proxyServerType=HTTP, username=, password=********, proxyServerAddress=, proxyServerPort=0, executionList=&quot;&quot;, isApplyToDesiredCapabilities=true }"/>
         <property name="platform" value="Windows 10"/>
      </properties>
      <testcase name="Test Cases/12-EL Sign/01-Send Documents (Upload a file-required field is blank)" time="170.809" classname="Test Cases/12-EL Sign/01-Send Documents (Upload a file-required field is blank)" status="PASSED">
         <system-out><![CDATA[2023-02-15 12:12:10 - [TEST_CASE][PASSED] - Test Cases/12-EL Sign/01-Send Documents (Upload a file-required field is blank): Test Cases/12-EL Sign/01-Send Documents (Upload a file-required field is blank)

2023-02-15 12:12:12 - [TEST_STEP][PASSED] - openBrowser(""): Browser is opened with url: ''

2023-02-15 12:12:14 - [MESSAGE][INFO] - Starting 'Chrome' driver

2023-02-15 12:12:14 - [MESSAGE][INFO] - Action delay is set to 0 milliseconds

2023-02-15 12:12:21 - [MESSAGE][PASSED] - Browser is opened with url: ''

2023-02-15 12:12:21 - [TEST_STEP][PASSED] - navigateToUrl("https://lab.everleagues.com/"): Navigate to 'https://lab.everleagues.com/' successfully

2023-02-15 12:12:43 - [MESSAGE][PASSED] - Navigate to 'https://lab.everleagues.com/' successfully

2023-02-15 12:12:43 - [TEST_STEP][PASSED] - maximizeWindow(): Current window maximized

2023-02-15 12:12:43 - [MESSAGE][PASSED] - Current window maximized

2023-02-15 12:12:43 - [TEST_STEP][PASSED] - callTestCase(findTestCase("01-Login and Forgot Password/04-Login(Valid Credentials-With Subscription)"), [:], STOP_ON_FAILURE): Call Test Case 'Test Cases/01-Login and Forgot Password/04-Login(Valid Credentials-With Subscription)' successfully

2023-02-15 12:12:45 - [TEST_CASE][PASSED] - Test Cases/01-Login and Forgot Password/04-Login(Valid Credentials-With Subscription): Test Cases/01-Login and Forgot Password/04-Login(Valid Credentials-With Subscription)

2023-02-15 12:12:47 - [TEST_STEP][PASSED] - setText(findTestObject("01-Login and Forgot Password/input_Email_email"), "testuser02@mailinator.com"): Text 'testuser02@mailinator.com' is set on object 'Object Repository/01-Login and Forgot Password/input_Email_email'

2023-02-15 12:12:49 - [MESSAGE][PASSED] - Text 'testuser02@mailinator.com' is set on object 'Object Repository/01-Login and Forgot Password/input_Email_email'

2023-02-15 12:12:49 - [TEST_STEP][PASSED] - setEncryptedText(findTestObject("01-Login and Forgot Password/input_Email_password"), "8yFRyszE6U6jvsCn51OQbg=="): Text ****** has been set on object 'Object Repository/01-Login and Forgot Password/input_Email_password'

2023-02-15 12:12:51 - [MESSAGE][PASSED] - Text ****** has been set on object 'Object Repository/01-Login and Forgot Password/input_Email_password'

2023-02-15 12:12:51 - [TEST_STEP][PASSED] - delay(2): Delayed 2 second(s)

2023-02-15 12:12:53 - [MESSAGE][PASSED] - Delayed 2 second(s)

2023-02-15 12:12:53 - [TEST_STEP][PASSED] - click(findTestObject("01-Login and Forgot Password/show pass button")): Object: 'Object Repository/01-Login and Forgot Password/show pass button' is clicked on

2023-02-15 12:12:54 - [MESSAGE][PASSED] - Object: 'Object Repository/01-Login and Forgot Password/show pass button' is clicked on

2023-02-15 12:12:54 - [TEST_STEP][PASSED] - delay(3): Delayed 3 second(s)

2023-02-15 12:12:57 - [MESSAGE][PASSED] - Delayed 3 second(s)

2023-02-15 12:12:57 - [TEST_STEP][PASSED] - click(findTestObject("01-Login and Forgot Password/button_Sign in")): Object: 'Object Repository/01-Login and Forgot Password/button_Sign in' is clicked on

2023-02-15 12:12:58 - [MESSAGE][PASSED] - Object: 'Object Repository/01-Login and Forgot Password/button_Sign in' is clicked on

2023-02-15 12:12:58 - [TEST_STEP][PASSED] - delay(3): Delayed 3 second(s)

2023-02-15 12:13:01 - [MESSAGE][PASSED] - Delayed 3 second(s)

2023-02-15 12:13:01 - [TEST_STEP][PASSED] - click(findTestObject("06-Teams/For 2FA/button_Confirm_2FA")): Object: 'Object Repository/06-Teams/For 2FA/button_Confirm_2FA' is clicked on

2023-02-15 12:13:02 - [MESSAGE][PASSED] - Object: 'Object Repository/06-Teams/For 2FA/button_Confirm_2FA' is clicked on

2023-02-15 12:13:02 - [TEST_STEP][PASSED] - executeJavaScript("window.open();", []): Execute JavaScript 'window.open();' successfully

2023-02-15 12:13:03 - [MESSAGE][PASSED] - Execute JavaScript 'window.open();' successfully

2023-02-15 12:13:03 - [TEST_STEP][PASSED] - currentWindow = getWindowIndex(): Current window's index is: 0

2023-02-15 12:13:03 - [MESSAGE][PASSED] - Current window's index is: 0

2023-02-15 12:13:03 - [TEST_STEP][PASSED] - delay(3): Delayed 3 second(s)

2023-02-15 12:13:06 - [MESSAGE][PASSED] - Delayed 3 second(s)

2023-02-15 12:13:06 - [TEST_STEP][PASSED] - switchToWindowIndex(currentWindow + 1): Switched to window with index: '1'

2023-02-15 12:13:06 - [MESSAGE][PASSED] - Switched to window with index: '1'

2023-02-15 12:13:06 - [TEST_STEP][PASSED] - navigateToUrl("https://www.mailinator.com/"): Navigate to 'https://www.mailinator.com/' successfully

2023-02-15 12:13:15 - [MESSAGE][PASSED] - Navigate to 'https://www.mailinator.com/' successfully

2023-02-15 12:13:15 - [TEST_STEP][PASSED] - delay(3): Delayed 3 second(s)

2023-02-15 12:13:18 - [MESSAGE][PASSED] - Delayed 3 second(s)

2023-02-15 12:13:18 - [TEST_STEP][PASSED] - setText(findTestObject("00-Signup and Activation/zMailinator/input_LOGIN_search"), "testuser02@mailinator.com"): Text 'testuser02@mailinator.com' is set on object 'Object Repository/00-Signup and Activation/zMailinator/input_LOGIN_search'

2023-02-15 12:13:20 - [MESSAGE][PASSED] - Text 'testuser02@mailinator.com' is set on object 'Object Repository/00-Signup and Activation/zMailinator/input_LOGIN_search'

2023-02-15 12:13:20 - [TEST_STEP][PASSED] - click(findTestObject("00-Signup and Activation/zMailinator/gobutton"), STOP_ON_FAILURE): Object: 'Object Repository/00-Signup and Activation/zMailinator/gobutton' is clicked on

2023-02-15 12:13:25 - [MESSAGE][PASSED] - Object: 'Object Repository/00-Signup and Activation/zMailinator/gobutton' is clicked on

2023-02-15 12:13:25 - [TEST_STEP][PASSED] - delay(3): Delayed 3 second(s)

2023-02-15 12:13:28 - [MESSAGE][PASSED] - Delayed 3 second(s)

2023-02-15 12:13:28 - [TEST_STEP][PASSED] - click(findTestObject("00-Signup and Activation/zMailinator/Email - everleagues")): Object: 'Object Repository/00-Signup and Activation/zMailinator/Email - everleagues' is clicked on

2023-02-15 12:13:29 - [MESSAGE][PASSED] - Object: 'Object Repository/00-Signup and Activation/zMailinator/Email - everleagues' is clicked on

2023-02-15 12:13:29 - [TEST_STEP][PASSED] - delay(3): Delayed 3 second(s)

2023-02-15 12:13:32 - [MESSAGE][PASSED] - Delayed 3 second(s)

2023-02-15 12:13:32 - [TEST_STEP][PASSED] - code = getText(findTestObject("Object Repository/06-Teams/For 2FA/2FA code")): Text of object 'Object Repository/06-Teams/For 2FA/2FA code' is: '626142'

2023-02-15 12:13:34 - [MESSAGE][PASSED] - Text of object 'Object Repository/06-Teams/For 2FA/2FA code' is: '626142'

2023-02-15 12:13:34 - [TEST_STEP][PASSED] - delay(3): Delayed 3 second(s)

2023-02-15 12:13:37 - [MESSAGE][PASSED] - Delayed 3 second(s)

2023-02-15 12:13:37 - [TEST_STEP][PASSED] - closeWindowTitle("Mailinator"): Window with title: 'Mailinator' is closed

2023-02-15 12:13:38 - [MESSAGE][PASSED] - Window with title: 'Mailinator' is closed

2023-02-15 12:13:38 - [TEST_STEP][PASSED] - delay(3): Delayed 3 second(s)

2023-02-15 12:13:41 - [MESSAGE][PASSED] - Delayed 3 second(s)

2023-02-15 12:13:41 - [TEST_STEP][PASSED] - switchToWindowIndex(0): Switched to window with index: '0'

2023-02-15 12:13:41 - [MESSAGE][PASSED] - Switched to window with index: '0'

2023-02-15 12:13:41 - [TEST_STEP][PASSED] - delay(3): Delayed 3 second(s)

2023-02-15 12:13:44 - [MESSAGE][PASSED] - Delayed 3 second(s)

2023-02-15 12:13:44 - [TEST_STEP][PASSED] - setText(findTestObject("Object Repository/06-Teams/For 2FA/input_Enter verification code_code"), code): Text '626142' is set on object 'Object Repository/06-Teams/For 2FA/input_Enter verification code_code'

2023-02-15 12:13:45 - [MESSAGE][PASSED] - Text '626142' is set on object 'Object Repository/06-Teams/For 2FA/input_Enter verification code_code'

2023-02-15 12:13:45 - [TEST_STEP][PASSED] - delay(3): Delayed 3 second(s)

2023-02-15 12:13:48 - [MESSAGE][PASSED] - Delayed 3 second(s)

2023-02-15 12:13:48 - [TEST_STEP][PASSED] - click(findTestObject("06-Teams/For 2FA/button_Verify_2FA")): Object: 'Object Repository/06-Teams/For 2FA/button_Verify_2FA' is clicked on

2023-02-15 12:13:49 - [MESSAGE][PASSED] - Object: 'Object Repository/06-Teams/For 2FA/button_Verify_2FA' is clicked on

2023-02-15 12:13:49 - [TEST_STEP][PASSED] - delay(3): Delayed 3 second(s)

2023-02-15 12:13:52 - [MESSAGE][PASSED] - Delayed 3 second(s)

2023-02-15 12:13:52 - [MESSAGE][PASSED] - Call Test Case 'Test Cases/01-Login and Forgot Password/04-Login(Valid Credentials-With Subscription)' successfully

2023-02-15 12:13:52 - [TEST_STEP][PASSED] - click(findTestObject("06-Teams/button_doublearrow")): Object: 'Object Repository/06-Teams/button_doublearrow' is clicked on

2023-02-15 12:13:56 - [MESSAGE][PASSED] - Object: 'Object Repository/06-Teams/button_doublearrow' is clicked on

2023-02-15 12:13:56 - [TEST_STEP][PASSED] - click(findTestObject("06-Teams/button_My Organizations")): Object: 'Object Repository/06-Teams/button_My Organizations' is clicked on

2023-02-15 12:13:58 - [MESSAGE][PASSED] - Object: 'Object Repository/06-Teams/button_My Organizations' is clicked on

2023-02-15 12:13:58 - [TEST_STEP][PASSED] - click(findTestObject("02-Side Icons(Organization)/Add Contact/button_Automation Test Org")): Object: 'Object Repository/02-Side Icons(Organization)/Add Contact/button_Automation Test Org' is clicked on

2023-02-15 12:14:00 - [MESSAGE][PASSED] - Object: 'Object Repository/02-Side Icons(Organization)/Add Contact/button_Automation Test Org' is clicked on

2023-02-15 12:14:00 - [TEST_STEP][PASSED] - delay(4): Delayed 4 second(s)

2023-02-15 12:14:04 - [MESSAGE][PASSED] - Delayed 4 second(s)

2023-02-15 12:14:04 - [TEST_STEP][PASSED] - verifyElementVisible(findTestObject("02-Side Icons(Organization)/Add Contact/span_Automation Test Org")): Object 'Object Repository/02-Side Icons(Organization)/Add Contact/span_Automation Test Org' is visible

2023-02-15 12:14:05 - [MESSAGE][PASSED] - Object 'Object Repository/02-Side Icons(Organization)/Add Contact/span_Automation Test Org' is visible

2023-02-15 12:14:05 - [TEST_STEP][PASSED] - delay(5): Delayed 5 second(s)

2023-02-15 12:14:10 - [MESSAGE][PASSED] - Delayed 5 second(s)

2023-02-15 12:14:10 - [TEST_STEP][PASSED] - scrollToElement(findTestObject("03-Header Menu/Hamburger Button/div_ELSign"), 0): Scroll to object 'Object Repository/03-Header Menu/Hamburger Button/div_ELSign' successfully

2023-02-15 12:14:10 - [MESSAGE][WARNING] - Timeout '0' is invalid. Using default page load timeout: '30'

2023-02-15 12:14:10 - [MESSAGE][PASSED] - Scroll to object 'Object Repository/03-Header Menu/Hamburger Button/div_ELSign' successfully

2023-02-15 12:14:10 - [TEST_STEP][PASSED] - click(findTestObject("03-Header Menu/Hamburger Button/div_ELSign")): Object: 'Object Repository/03-Header Menu/Hamburger Button/div_ELSign' is clicked on

2023-02-15 12:14:11 - [MESSAGE][PASSED] - Object: 'Object Repository/03-Header Menu/Hamburger Button/div_ELSign' is clicked on

2023-02-15 12:14:11 - [TEST_STEP][PASSED] - verifyElementVisible(findTestObject("03-Header Menu/Hamburger Button/div_ELSign")): Object 'Object Repository/03-Header Menu/Hamburger Button/div_ELSign' is visible

2023-02-15 12:14:16 - [MESSAGE][PASSED] - Object 'Object Repository/03-Header Menu/Hamburger Button/div_ELSign' is visible

2023-02-15 12:14:16 - [TEST_STEP][PASSED] - verifyElementVisible(findTestObject("12-EL Sign/h4_ELSign")): Object 'Object Repository/12-EL Sign/h4_ELSign' is visible

2023-02-15 12:14:17 - [MESSAGE][PASSED] - Object 'Object Repository/12-EL Sign/h4_ELSign' is visible

2023-02-15 12:14:17 - [TEST_STEP][PASSED] - delay(3): Delayed 3 second(s)

2023-02-15 12:14:20 - [MESSAGE][PASSED] - Delayed 3 second(s)

2023-02-15 12:14:20 - [TEST_STEP][PASSED] - click(findTestObject("12-EL Sign/div_Send Documents")): Object: 'Object Repository/12-EL Sign/div_Send Documents' is clicked on

2023-02-15 12:14:22 - [MESSAGE][PASSED] - Object: 'Object Repository/12-EL Sign/div_Send Documents' is clicked on

2023-02-15 12:14:22 - [TEST_STEP][PASSED] - uploadpackage.Upload.uploadFile(findTestObject("Object Repository/12-EL Sign/div_Drag and drop or Upload PDF or Word document here"), "C:\Users\asus\Desktop\EL automation\sample.pdf"): uploadpackage.Upload.uploadFile is PASSED

2023-02-15 12:14:46 - [MESSAGE][PASSED] - Object: 'Object Repository/12-EL Sign/div_Drag and drop or Upload PDF or Word document here' is clicked on

2023-02-15 12:14:48 - [MESSAGE][PASSED] - uploadpackage.Upload.uploadFile is PASSED

2023-02-15 12:14:48 - [TEST_STEP][PASSED] - delay(3): Delayed 3 second(s)

2023-02-15 12:14:51 - [MESSAGE][PASSED] - Delayed 3 second(s)

2023-02-15 12:14:51 - [TEST_STEP][PASSED] - click(findTestObject("12-EL Sign/input_documentTitle")): Object: 'Object Repository/12-EL Sign/input_documentTitle' is clicked on

2023-02-15 12:14:52 - [MESSAGE][PASSED] - Object: 'Object Repository/12-EL Sign/input_documentTitle' is clicked on

2023-02-15 12:14:52 - [TEST_STEP][PASSED] - sendKeys(findTestObject("Object Repository/12-EL Sign/input_documentTitle"), Keys.chord(CONTROL, "a")): Keys 'CONTROL + a' sent to object: 'Object Repository/12-EL Sign/input_documentTitle'

2023-02-15 12:14:54 - [MESSAGE][PASSED] - Keys 'CONTROL + a' sent to object: 'Object Repository/12-EL Sign/input_documentTitle'

2023-02-15 12:14:54 - [TEST_STEP][PASSED] - sendKeys(findTestObject("Object Repository/12-EL Sign/input_documentTitle"), Keys.chord(BACK_SPACE)): Keys 'BACK_SPACE + ' sent to object: 'Object Repository/12-EL Sign/input_documentTitle'

2023-02-15 12:14:55 - [MESSAGE][PASSED] - Keys 'BACK_SPACE + ' sent to object: 'Object Repository/12-EL Sign/input_documentTitle'

2023-02-15 12:14:55 - [TEST_STEP][PASSED] - clickOffset(findTestObject("12-EL Sign/h4_ELSign"), 100, 100): Object: 'Object Repository/12-EL Sign/h4_ELSign' is clicked on using offset x=100 and y=100

2023-02-15 12:14:56 - [MESSAGE][PASSED] - Object: 'Object Repository/12-EL Sign/h4_ELSign' is clicked on using offset x=100 and y=100

2023-02-15 12:14:56 - [TEST_STEP][PASSED] - verifyElementVisible(findTestObject("12-EL Sign/mat-error_Title is required")): Object 'Object Repository/12-EL Sign/mat-error_Title is required' is visible

2023-02-15 12:14:58 - [MESSAGE][PASSED] - Object 'Object Repository/12-EL Sign/mat-error_Title is required' is visible

2023-02-15 12:14:58 - [TEST_STEP][PASSED] - delay(3): Delayed 3 second(s)

2023-02-15 12:15:01 - [MESSAGE][PASSED] - Delayed 3 second(s)]]></system-out>
         <system-err><![CDATA[]]></system-err>
      </testcase>
      <testcase name="Test Cases/12-EL Sign/02-Send Documents (Upload a file-fill out required field)" time="15.266" classname="Test Cases/12-EL Sign/02-Send Documents (Upload a file-fill out required field)" status="PASSED">
         <system-out><![CDATA[2023-02-15 12:15:01 - [TEST_CASE][PASSED] - Test Cases/12-EL Sign/02-Send Documents (Upload a file-fill out required field): Test Cases/12-EL Sign/02-Send Documents (Upload a file-fill out required field)

2023-02-15 12:15:02 - [TEST_STEP][PASSED] - setText(findTestObject("12-EL Sign/input_documentTitle"), "sample.pdf"): Text 'sample.pdf' is set on object 'Object Repository/12-EL Sign/input_documentTitle'

2023-02-15 12:15:05 - [MESSAGE][PASSED] - Text 'sample.pdf' is set on object 'Object Repository/12-EL Sign/input_documentTitle'

2023-02-15 12:15:05 - [TEST_STEP][PASSED] - click(findTestObject("12-EL Sign/button_UPLOAD")): Object: 'Object Repository/12-EL Sign/button_UPLOAD' is clicked on

2023-02-15 12:15:06 - [MESSAGE][PASSED] - Object: 'Object Repository/12-EL Sign/button_UPLOAD' is clicked on

2023-02-15 12:15:06 - [TEST_STEP][PASSED] - delay(3): Delayed 3 second(s)

2023-02-15 12:15:09 - [MESSAGE][PASSED] - Delayed 3 second(s)

2023-02-15 12:15:09 - [TEST_STEP][PASSED] - click(findTestObject("12-EL Sign/button_homeELSIGN DOCUMENTS")): Object: 'Object Repository/12-EL Sign/button_homeELSIGN DOCUMENTS' is clicked on

2023-02-15 12:15:13 - [MESSAGE][PASSED] - Object: 'Object Repository/12-EL Sign/button_homeELSIGN DOCUMENTS' is clicked on

2023-02-15 12:15:13 - [TEST_STEP][PASSED] - delay(3): Delayed 3 second(s)

2023-02-15 12:15:16 - [MESSAGE][PASSED] - Delayed 3 second(s)]]></system-out>
         <system-err><![CDATA[]]></system-err>
      </testcase>
      <testcase name="Test Cases/12-EL Sign/03-Send Documents (Function buttons)" time="53.609" classname="Test Cases/12-EL Sign/03-Send Documents (Function buttons)" status="PASSED">
         <system-out><![CDATA[2023-02-15 12:15:16 - [TEST_CASE][PASSED] - Test Cases/12-EL Sign/03-Send Documents (Function buttons): Test Cases/12-EL Sign/03-Send Documents (Function buttons)

2023-02-15 12:15:18 - [TEST_STEP][PASSED] - click(findTestObject("12-EL Sign/mat-icon_refresh")): Object: 'Object Repository/12-EL Sign/mat-icon_refresh' is clicked on

2023-02-15 12:15:19 - [MESSAGE][PASSED] - Object: 'Object Repository/12-EL Sign/mat-icon_refresh' is clicked on

2023-02-15 12:15:19 - [TEST_STEP][PASSED] - delay(3): Delayed 3 second(s)

2023-02-15 12:15:22 - [MESSAGE][PASSED] - Delayed 3 second(s)

2023-02-15 12:15:22 - [TEST_STEP][PASSED] - click(findTestObject("12-EL Sign/mat-icon_configureColumns")): Object: 'Object Repository/12-EL Sign/mat-icon_configureColumns' is clicked on

2023-02-15 12:15:23 - [MESSAGE][PASSED] - Object: 'Object Repository/12-EL Sign/mat-icon_configureColumns' is clicked on

2023-02-15 12:15:23 - [TEST_STEP][PASSED] - click(findTestObject("12-EL Sign/mat-dialog-container_configureColumnModal")): Object: 'Object Repository/12-EL Sign/mat-dialog-container_configureColumnModal' is clicked on

2023-02-15 12:15:24 - [MESSAGE][PASSED] - Object: 'Object Repository/12-EL Sign/mat-dialog-container_configureColumnModal' is clicked on

2023-02-15 12:15:24 - [TEST_STEP][PASSED] - click(findTestObject("12-EL Sign/span_ELSign Tracking Id")): Object: 'Object Repository/12-EL Sign/span_ELSign Tracking Id' is clicked on

2023-02-15 12:15:25 - [MESSAGE][PASSED] - Object: 'Object Repository/12-EL Sign/span_ELSign Tracking Id' is clicked on

2023-02-15 12:15:25 - [TEST_STEP][PASSED] - click(findTestObject("12-EL Sign/span_Document Name")): Object: 'Object Repository/12-EL Sign/span_Document Name' is clicked on

2023-02-15 12:15:27 - [MESSAGE][PASSED] - Object: 'Object Repository/12-EL Sign/span_Document Name' is clicked on

2023-02-15 12:15:27 - [TEST_STEP][PASSED] - click(findTestObject("12-EL Sign/span_Status")): Object: 'Object Repository/12-EL Sign/span_Status' is clicked on

2023-02-15 12:15:28 - [MESSAGE][PASSED] - Object: 'Object Repository/12-EL Sign/span_Status' is clicked on

2023-02-15 12:15:28 - [TEST_STEP][PASSED] - click(findTestObject("12-EL Sign/span_Signer Status")): Object: 'Object Repository/12-EL Sign/span_Signer Status' is clicked on

2023-02-15 12:15:29 - [MESSAGE][PASSED] - Object: 'Object Repository/12-EL Sign/span_Signer Status' is clicked on

2023-02-15 12:15:29 - [TEST_STEP][PASSED] - click(findTestObject("12-EL Sign/span_View")): Object: 'Object Repository/12-EL Sign/span_View' is clicked on

2023-02-15 12:15:30 - [MESSAGE][PASSED] - Object: 'Object Repository/12-EL Sign/span_View' is clicked on

2023-02-15 12:15:30 - [TEST_STEP][PASSED] - click(findTestObject("12-EL Sign/span_Certificate")): Object: 'Object Repository/12-EL Sign/span_Certificate' is clicked on

2023-02-15 12:15:31 - [MESSAGE][PASSED] - Object: 'Object Repository/12-EL Sign/span_Certificate' is clicked on

2023-02-15 12:15:31 - [TEST_STEP][PASSED] - click(findTestObject("12-EL Sign/span_Delete")): Object: 'Object Repository/12-EL Sign/span_Delete' is clicked on

2023-02-15 12:15:32 - [MESSAGE][PASSED] - Object: 'Object Repository/12-EL Sign/span_Delete' is clicked on

2023-02-15 12:15:32 - [TEST_STEP][PASSED] - click(findTestObject("12-EL Sign/span_History")): Object: 'Object Repository/12-EL Sign/span_History' is clicked on

2023-02-15 12:15:33 - [MESSAGE][PASSED] - Object: 'Object Repository/12-EL Sign/span_History' is clicked on

2023-02-15 12:15:33 - [TEST_STEP][PASSED] - click(findTestObject("12-EL Sign/span_Reminder")): Object: 'Object Repository/12-EL Sign/span_Reminder' is clicked on

2023-02-15 12:15:34 - [MESSAGE][PASSED] - Object: 'Object Repository/12-EL Sign/span_Reminder' is clicked on

2023-02-15 12:15:34 - [TEST_STEP][PASSED] - click(findTestObject("12-EL Sign/span_Last Modified")): Object: 'Object Repository/12-EL Sign/span_Last Modified' is clicked on

2023-02-15 12:15:35 - [MESSAGE][PASSED] - Object: 'Object Repository/12-EL Sign/span_Last Modified' is clicked on

2023-02-15 12:15:35 - [TEST_STEP][PASSED] - delay(3): Delayed 3 second(s)

2023-02-15 12:15:38 - [MESSAGE][PASSED] - Delayed 3 second(s)

2023-02-15 12:15:38 - [TEST_STEP][PASSED] - click(findTestObject("12-EL Sign/span_ELSign Tracking Id")): Object: 'Object Repository/12-EL Sign/span_ELSign Tracking Id' is clicked on

2023-02-15 12:15:39 - [MESSAGE][PASSED] - Object: 'Object Repository/12-EL Sign/span_ELSign Tracking Id' is clicked on

2023-02-15 12:15:39 - [TEST_STEP][PASSED] - click(findTestObject("12-EL Sign/span_Document Name")): Object: 'Object Repository/12-EL Sign/span_Document Name' is clicked on

2023-02-15 12:15:40 - [MESSAGE][PASSED] - Object: 'Object Repository/12-EL Sign/span_Document Name' is clicked on

2023-02-15 12:15:40 - [TEST_STEP][PASSED] - click(findTestObject("12-EL Sign/span_Status")): Object: 'Object Repository/12-EL Sign/span_Status' is clicked on

2023-02-15 12:15:41 - [MESSAGE][PASSED] - Object: 'Object Repository/12-EL Sign/span_Status' is clicked on

2023-02-15 12:15:41 - [TEST_STEP][PASSED] - click(findTestObject("12-EL Sign/span_Signer Status")): Object: 'Object Repository/12-EL Sign/span_Signer Status' is clicked on

2023-02-15 12:15:42 - [MESSAGE][PASSED] - Object: 'Object Repository/12-EL Sign/span_Signer Status' is clicked on

2023-02-15 12:15:42 - [TEST_STEP][PASSED] - click(findTestObject("12-EL Sign/span_View")): Object: 'Object Repository/12-EL Sign/span_View' is clicked on

2023-02-15 12:15:44 - [MESSAGE][PASSED] - Object: 'Object Repository/12-EL Sign/span_View' is clicked on

2023-02-15 12:15:44 - [TEST_STEP][PASSED] - click(findTestObject("12-EL Sign/span_Download")): Object: 'Object Repository/12-EL Sign/span_Download' is clicked on

2023-02-15 12:15:45 - [MESSAGE][PASSED] - Object: 'Object Repository/12-EL Sign/span_Download' is clicked on

2023-02-15 12:15:45 - [TEST_STEP][PASSED] - click(findTestObject("12-EL Sign/span_Certificate")): Object: 'Object Repository/12-EL Sign/span_Certificate' is clicked on

2023-02-15 12:15:46 - [MESSAGE][PASSED] - Object: 'Object Repository/12-EL Sign/span_Certificate' is clicked on

2023-02-15 12:15:46 - [TEST_STEP][PASSED] - click(findTestObject("12-EL Sign/span_Delete")): Object: 'Object Repository/12-EL Sign/span_Delete' is clicked on

2023-02-15 12:15:47 - [MESSAGE][PASSED] - Object: 'Object Repository/12-EL Sign/span_Delete' is clicked on

2023-02-15 12:15:47 - [TEST_STEP][PASSED] - click(findTestObject("12-EL Sign/span_History")): Object: 'Object Repository/12-EL Sign/span_History' is clicked on

2023-02-15 12:15:48 - [MESSAGE][PASSED] - Object: 'Object Repository/12-EL Sign/span_History' is clicked on

2023-02-15 12:15:48 - [TEST_STEP][PASSED] - click(findTestObject("12-EL Sign/span_Reminder")): Object: 'Object Repository/12-EL Sign/span_Reminder' is clicked on

2023-02-15 12:15:49 - [MESSAGE][PASSED] - Object: 'Object Repository/12-EL Sign/span_Reminder' is clicked on

2023-02-15 12:15:49 - [TEST_STEP][PASSED] - click(findTestObject("12-EL Sign/span_Last Modified")): Object: 'Object Repository/12-EL Sign/span_Last Modified' is clicked on

2023-02-15 12:15:50 - [MESSAGE][PASSED] - Object: 'Object Repository/12-EL Sign/span_Last Modified' is clicked on

2023-02-15 12:15:50 - [TEST_STEP][PASSED] - delay(3): Delayed 3 second(s)

2023-02-15 12:15:53 - [MESSAGE][PASSED] - Delayed 3 second(s)

2023-02-15 12:15:53 - [TEST_STEP][PASSED] - click(findTestObject("12-EL Sign/button_CLOSE")): Object: 'Object Repository/12-EL Sign/button_CLOSE' is clicked on

2023-02-15 12:15:54 - [MESSAGE][PASSED] - Object: 'Object Repository/12-EL Sign/button_CLOSE' is clicked on

2023-02-15 12:15:54 - [TEST_STEP][PASSED] - delay(3): Delayed 3 second(s)

2023-02-15 12:15:57 - [MESSAGE][PASSED] - Delayed 3 second(s)

2023-02-15 12:15:57 - [TEST_STEP][PASSED] - click(findTestObject("12-EL Sign/mat-icon_exportCSV")): Object: 'Object Repository/12-EL Sign/mat-icon_exportCSV' is clicked on

2023-02-15 12:15:58 - [MESSAGE][PASSED] - Object: 'Object Repository/12-EL Sign/mat-icon_exportCSV' is clicked on

2023-02-15 12:15:58 - [TEST_STEP][PASSED] - delay(3): Delayed 3 second(s)

2023-02-15 12:16:01 - [MESSAGE][PASSED] - Delayed 3 second(s)

2023-02-15 12:16:01 - [TEST_STEP][PASSED] - click(findTestObject("12-EL Sign/mat-icon_expandAll")): Object: 'Object Repository/12-EL Sign/mat-icon_expandAll' is clicked on

2023-02-15 12:16:02 - [MESSAGE][PASSED] - Object: 'Object Repository/12-EL Sign/mat-icon_expandAll' is clicked on

2023-02-15 12:16:02 - [TEST_STEP][PASSED] - delay(3): Delayed 3 second(s)

2023-02-15 12:16:05 - [MESSAGE][PASSED] - Delayed 3 second(s)

2023-02-15 12:16:05 - [TEST_STEP][PASSED] - click(findTestObject("12-EL Sign/mat-icon_refit")): Object: 'Object Repository/12-EL Sign/mat-icon_refit' is clicked on

2023-02-15 12:16:06 - [MESSAGE][PASSED] - Object: 'Object Repository/12-EL Sign/mat-icon_refit' is clicked on

2023-02-15 12:16:06 - [TEST_STEP][PASSED] - delay(3): Delayed 3 second(s)

2023-02-15 12:16:09 - [MESSAGE][PASSED] - Delayed 3 second(s)]]></system-out>
         <system-err><![CDATA[]]></system-err>
      </testcase>
      <testcase name="Test Cases/12-EL Sign/04-Send Documents (Add Signer and guest- required field is blank)" time="36.429" classname="Test Cases/12-EL Sign/04-Send Documents (Add Signer and guest- required field is blank)" status="PASSED">
         <system-out><![CDATA[2023-02-15 12:16:09 - [TEST_CASE][PASSED] - Test Cases/12-EL Sign/04-Send Documents (Add Signer and guest- required field is blank): Test Cases/12-EL Sign/04-Send Documents (Add Signer and guest- required field is blank)

2023-02-15 12:16:11 - [TEST_STEP][PASSED] - click(findTestObject("12-EL Sign/div_ELSignTrackID")): Object: 'Object Repository/12-EL Sign/div_ELSignTrackID' is clicked on

2023-02-15 12:16:12 - [MESSAGE][PASSED] - Object: 'Object Repository/12-EL Sign/div_ELSignTrackID' is clicked on

2023-02-15 12:16:12 - [TEST_STEP][PASSED] - delay(3): Delayed 3 second(s)

2023-02-15 12:16:15 - [MESSAGE][PASSED] - Delayed 3 second(s)

2023-02-15 12:16:15 - [TEST_STEP][PASSED] - click(findTestObject("12-EL Sign/span_COMPLETE")): Object: 'Object Repository/12-EL Sign/span_COMPLETE' is clicked on

2023-02-15 12:16:17 - [MESSAGE][PASSED] - Object: 'Object Repository/12-EL Sign/span_COMPLETE' is clicked on

2023-02-15 12:16:17 - [TEST_STEP][PASSED] - verifyElementVisible(findTestObject("12-EL Sign/snack-bar-container_Please add signer and field")): Object 'Object Repository/12-EL Sign/snack-bar-container_Please add signer and field' is visible

2023-02-15 12:16:18 - [MESSAGE][PASSED] - Object 'Object Repository/12-EL Sign/snack-bar-container_Please add signer and field' is visible

2023-02-15 12:16:18 - [TEST_STEP][PASSED] - delay(3): Delayed 3 second(s)

2023-02-15 12:16:21 - [MESSAGE][PASSED] - Delayed 3 second(s)

2023-02-15 12:16:21 - [TEST_STEP][PASSED] - click(findTestObject("12-EL Sign/button_personADD SIGNER  FIELD")): Object: 'Object Repository/12-EL Sign/button_personADD SIGNER  FIELD' is clicked on

2023-02-15 12:16:23 - [MESSAGE][PASSED] - Object: 'Object Repository/12-EL Sign/button_personADD SIGNER  FIELD' is clicked on

2023-02-15 12:16:23 - [TEST_STEP][PASSED] - verifyElementVisible(findTestObject("12-EL Sign/mat-dialog-container_AddSignerModal")): Object 'Object Repository/12-EL Sign/mat-dialog-container_AddSignerModal' is visible

2023-02-15 12:16:25 - [MESSAGE][PASSED] - Object 'Object Repository/12-EL Sign/mat-dialog-container_AddSignerModal' is visible

2023-02-15 12:16:25 - [TEST_STEP][PASSED] - click(findTestObject("12-EL Sign/input_Search for a Signer")): Object: 'Object Repository/12-EL Sign/input_Search for a Signer' is clicked on

2023-02-15 12:16:26 - [MESSAGE][PASSED] - Object: 'Object Repository/12-EL Sign/input_Search for a Signer' is clicked on

2023-02-15 12:16:26 - [TEST_STEP][PASSED] - sendKeys(findTestObject("12-EL Sign/input_Search for a Signer"), Keys.chord(ESCAPE)): Keys 'ESCAPE + ' sent to object: 'Object Repository/12-EL Sign/input_Search for a Signer'

2023-02-15 12:16:26 - [MESSAGE][PASSED] - Keys 'ESCAPE + ' sent to object: 'Object Repository/12-EL Sign/input_Search for a Signer'

2023-02-15 12:16:26 - [TEST_STEP][PASSED] - click(findTestObject("12-EL Sign/input_Receiver email address")): Object: 'Object Repository/12-EL Sign/input_Receiver email address' is clicked on

2023-02-15 12:16:27 - [MESSAGE][PASSED] - Object: 'Object Repository/12-EL Sign/input_Receiver email address' is clicked on

2023-02-15 12:16:27 - [TEST_STEP][PASSED] - clickOffset(findTestObject("12-EL Sign/input_Receiver email address"), 100, 100): Object: 'Object Repository/12-EL Sign/input_Receiver email address' is clicked on using offset x=100 and y=100

2023-02-15 12:16:28 - [MESSAGE][PASSED] - Object: 'Object Repository/12-EL Sign/input_Receiver email address' is clicked on using offset x=100 and y=100

2023-02-15 12:16:28 - [TEST_STEP][PASSED] - verifyElementVisible(findTestObject("12-EL Sign/mat-error_Signer name is required")): Object 'Object Repository/12-EL Sign/mat-error_Signer name is required' is visible

2023-02-15 12:16:29 - [MESSAGE][PASSED] - Object 'Object Repository/12-EL Sign/mat-error_Signer name is required' is visible

2023-02-15 12:16:29 - [TEST_STEP][PASSED] - verifyElementVisible(findTestObject("12-EL Sign/mat-error_Email address is required")): Object 'Object Repository/12-EL Sign/mat-error_Email address is required' is visible

2023-02-15 12:16:30 - [MESSAGE][PASSED] - Object 'Object Repository/12-EL Sign/mat-error_Email address is required' is visible

2023-02-15 12:16:30 - [TEST_STEP][PASSED] - scrollToElement(findTestObject("12-EL Sign/button_SAVE"), 0): Scroll to object 'Object Repository/12-EL Sign/button_SAVE' successfully

2023-02-15 12:16:30 - [MESSAGE][WARNING] - Timeout '0' is invalid. Using default page load timeout: '30'

2023-02-15 12:16:30 - [MESSAGE][PASSED] - Scroll to object 'Object Repository/12-EL Sign/button_SAVE' successfully

2023-02-15 12:16:30 - [TEST_STEP][PASSED] - verifyElementNotClickable(findTestObject("12-EL Sign/button_SAVE")): Object 'Object Repository/12-EL Sign/button_SAVE' is NOT clickable

2023-02-15 12:16:31 - [MESSAGE][PASSED] - Object 'Object Repository/12-EL Sign/button_SAVE' is NOT clickable

2023-02-15 12:16:31 - [TEST_STEP][PASSED] - click(findTestObject("12-EL Sign/button_CANCEL")): Object: 'Object Repository/12-EL Sign/button_CANCEL' is clicked on

2023-02-15 12:16:32 - [MESSAGE][PASSED] - Object: 'Object Repository/12-EL Sign/button_CANCEL' is clicked on

2023-02-15 12:16:32 - [TEST_STEP][PASSED] - delay(3): Delayed 3 second(s)

2023-02-15 12:16:35 - [MESSAGE][PASSED] - Delayed 3 second(s)

2023-02-15 12:16:35 - [TEST_STEP][PASSED] - click(findTestObject("12-EL Sign/button_personADD SIGNER  FIELD")): Object: 'Object Repository/12-EL Sign/button_personADD SIGNER  FIELD' is clicked on

2023-02-15 12:16:36 - [MESSAGE][PASSED] - Object: 'Object Repository/12-EL Sign/button_personADD SIGNER  FIELD' is clicked on

2023-02-15 12:16:36 - [TEST_STEP][PASSED] - delay(3): Delayed 3 second(s)

2023-02-15 12:16:39 - [MESSAGE][PASSED] - Delayed 3 second(s)

2023-02-15 12:16:39 - [TEST_STEP][PASSED] - click(findTestObject("12-EL Sign/button_person_outlineADD GUEST")): Object: 'Object Repository/12-EL Sign/button_person_outlineADD GUEST' is clicked on

2023-02-15 12:16:41 - [MESSAGE][PASSED] - Object: 'Object Repository/12-EL Sign/button_person_outlineADD GUEST' is clicked on

2023-02-15 12:16:41 - [TEST_STEP][PASSED] - verifyElementVisible(findTestObject("12-EL Sign/mat-dialog-container_New GuestModal")): Object 'Object Repository/12-EL Sign/mat-dialog-container_New GuestModal' is visible

2023-02-15 12:16:43 - [MESSAGE][PASSED] - Object 'Object Repository/12-EL Sign/mat-dialog-container_New GuestModal' is visible

2023-02-15 12:16:43 - [TEST_STEP][PASSED] - click(findTestObject("12-EL Sign/input_GuestEmailAddress")): Object: 'Object Repository/12-EL Sign/input_GuestEmailAddress' is clicked on

2023-02-15 12:16:44 - [MESSAGE][PASSED] - Object: 'Object Repository/12-EL Sign/input_GuestEmailAddress' is clicked on

2023-02-15 12:16:44 - [TEST_STEP][PASSED] - sendKeys(findTestObject("12-EL Sign/input_GuestEmailAddress"), Keys.chord(ESCAPE)): Keys 'ESCAPE + ' sent to object: 'Object Repository/12-EL Sign/input_GuestEmailAddress'

2023-02-15 12:16:45 - [MESSAGE][PASSED] - Keys 'ESCAPE + ' sent to object: 'Object Repository/12-EL Sign/input_GuestEmailAddress'

2023-02-15 12:16:45 - [TEST_STEP][PASSED] - click(findTestObject("12-EL Sign/mat-icon_clear")): Object: 'Object Repository/12-EL Sign/mat-icon_clear' is clicked on

2023-02-15 12:16:46 - [MESSAGE][PASSED] - Object: 'Object Repository/12-EL Sign/mat-icon_clear' is clicked on]]></system-out>
         <system-err><![CDATA[]]></system-err>
      </testcase>
      <testcase name="Test Cases/12-EL Sign/05-Send Docuuments(Add Signer and guest-fill out required field)" time="22.777" classname="Test Cases/12-EL Sign/05-Send Docuuments(Add Signer and guest-fill out required field)" status="PASSED">
         <system-out><![CDATA[2023-02-15 12:16:46 - [TEST_CASE][PASSED] - Test Cases/12-EL Sign/05-Send Docuuments(Add Signer and guest-fill out required field): Test Cases/12-EL Sign/05-Send Docuuments(Add Signer and guest-fill out required field)

2023-02-15 12:16:48 - [TEST_STEP][PASSED] - click(findTestObject("12-EL Sign/button_personADD SIGNER  FIELD")): Object: 'Object Repository/12-EL Sign/button_personADD SIGNER  FIELD' is clicked on

2023-02-15 12:16:50 - [MESSAGE][PASSED] - Object: 'Object Repository/12-EL Sign/button_personADD SIGNER  FIELD' is clicked on

2023-02-15 12:16:50 - [TEST_STEP][PASSED] - click(findTestObject("12-EL Sign/input_Search for a Signer")): Object: 'Object Repository/12-EL Sign/input_Search for a Signer' is clicked on

2023-02-15 12:16:52 - [MESSAGE][PASSED] - Object: 'Object Repository/12-EL Sign/input_Search for a Signer' is clicked on

2023-02-15 12:16:52 - [TEST_STEP][PASSED] - click(findTestObject("12-EL Sign/mat-option_GG TESTER (testuser02mailinator.com)"), STOP_ON_FAILURE): Object: 'Object Repository/12-EL Sign/mat-option_GG TESTER (testuser02mailinator.com)' is clicked on

2023-02-15 12:16:54 - [MESSAGE][PASSED] - Object: 'Object Repository/12-EL Sign/mat-option_GG TESTER (testuser02mailinator.com)' is clicked on

2023-02-15 12:16:54 - [TEST_STEP][PASSED] - scrollToElement(findTestObject("12-EL Sign/button_SAVE"), 0): Scroll to object 'Object Repository/12-EL Sign/button_SAVE' successfully

2023-02-15 12:16:55 - [MESSAGE][WARNING] - Timeout '0' is invalid. Using default page load timeout: '30'

2023-02-15 12:16:55 - [MESSAGE][PASSED] - Scroll to object 'Object Repository/12-EL Sign/button_SAVE' successfully

2023-02-15 12:16:55 - [TEST_STEP][PASSED] - click(findTestObject("12-EL Sign/button_SAVE")): Object: 'Object Repository/12-EL Sign/button_SAVE' is clicked on

2023-02-15 12:16:56 - [MESSAGE][PASSED] - Object: 'Object Repository/12-EL Sign/button_SAVE' is clicked on

2023-02-15 12:16:56 - [TEST_STEP][PASSED] - delay(3): Delayed 3 second(s)

2023-02-15 12:16:59 - [MESSAGE][PASSED] - Delayed 3 second(s)

2023-02-15 12:16:59 - [TEST_STEP][PASSED] - click(findTestObject("12-EL Sign/button_personADD SIGNER  FIELD")): Object: 'Object Repository/12-EL Sign/button_personADD SIGNER  FIELD' is clicked on

2023-02-15 12:17:00 - [MESSAGE][PASSED] - Object: 'Object Repository/12-EL Sign/button_personADD SIGNER  FIELD' is clicked on

2023-02-15 12:17:00 - [TEST_STEP][PASSED] - delay(3): Delayed 3 second(s)

2023-02-15 12:17:03 - [MESSAGE][PASSED] - Delayed 3 second(s)

2023-02-15 12:17:03 - [TEST_STEP][PASSED] - click(findTestObject("12-EL Sign/button_person_outlineADD GUEST")): Object: 'Object Repository/12-EL Sign/button_person_outlineADD GUEST' is clicked on

2023-02-15 12:17:05 - [MESSAGE][PASSED] - Object: 'Object Repository/12-EL Sign/button_person_outlineADD GUEST' is clicked on

2023-02-15 12:17:05 - [TEST_STEP][PASSED] - verifyElementVisible(findTestObject("12-EL Sign/mat-dialog-container_New GuestModal")): Object 'Object Repository/12-EL Sign/mat-dialog-container_New GuestModal' is visible

2023-02-15 12:17:06 - [MESSAGE][PASSED] - Object 'Object Repository/12-EL Sign/mat-dialog-container_New GuestModal' is visible

2023-02-15 12:17:06 - [TEST_STEP][PASSED] - click(findTestObject("12-EL Sign/input_GuestEmailAddress")): Object: 'Object Repository/12-EL Sign/input_GuestEmailAddress' is clicked on

2023-02-15 12:17:06 - [MESSAGE][PASSED] - Object: 'Object Repository/12-EL Sign/input_GuestEmailAddress' is clicked on

2023-02-15 12:17:06 - [TEST_STEP][PASSED] - click(findTestObject("12-EL Sign/mat-option_norvs26mailinator.com")): Object: 'Object Repository/12-EL Sign/mat-option_norvs26mailinator.com' is clicked on

2023-02-15 12:17:07 - [MESSAGE][PASSED] - Object: 'Object Repository/12-EL Sign/mat-option_norvs26mailinator.com' is clicked on

2023-02-15 12:17:07 - [TEST_STEP][PASSED] - scrollToElement(findTestObject("12-EL Sign/button_SAVE2"), 0): Scroll to object 'Object Repository/12-EL Sign/button_SAVE2' successfully

2023-02-15 12:17:08 - [MESSAGE][WARNING] - Timeout '0' is invalid. Using default page load timeout: '30'

2023-02-15 12:17:08 - [MESSAGE][PASSED] - Scroll to object 'Object Repository/12-EL Sign/button_SAVE2' successfully

2023-02-15 12:17:08 - [TEST_STEP][PASSED] - click(findTestObject("12-EL Sign/button_SAVE2")): Object: 'Object Repository/12-EL Sign/button_SAVE2' is clicked on

2023-02-15 12:17:09 - [MESSAGE][PASSED] - Object: 'Object Repository/12-EL Sign/button_SAVE2' is clicked on]]></system-out>
         <system-err><![CDATA[]]></system-err>
      </testcase>
      <testcase name="Test Cases/12-EL Sign/06-Send Documents (Select labels and drag)" time="43.886" classname="Test Cases/12-EL Sign/06-Send Documents (Select labels and drag)" status="PASSED">
         <system-out><![CDATA[2023-02-15 12:17:09 - [TEST_CASE][PASSED] - Test Cases/12-EL Sign/06-Send Documents (Select labels and drag): Test Cases/12-EL Sign/06-Send Documents (Select labels and drag)

2023-02-15 12:17:11 - [TEST_STEP][PASSED] - click(findTestObject("12-EL Sign/button_createGG TESTERSign here")): Object: 'Object Repository/12-EL Sign/button_createGG TESTERSign here' is clicked on

2023-02-15 12:17:11 - [MESSAGE][PASSED] - Object: 'Object Repository/12-EL Sign/button_createGG TESTERSign here' is clicked on

2023-02-15 12:17:11 - [TEST_STEP][PASSED] - click(findTestObject("12-EL Sign/div_create-draggable")): Object: 'Object Repository/12-EL Sign/div_create-draggable' is clicked on

2023-02-15 12:17:13 - [MESSAGE][PASSED] - Object: 'Object Repository/12-EL Sign/div_create-draggable' is clicked on

2023-02-15 12:17:13 - [TEST_STEP][PASSED] - click(findTestObject("12-EL Sign/button_clear")): Object: 'Object Repository/12-EL Sign/button_clear' is clicked on

2023-02-15 12:17:15 - [MESSAGE][PASSED] - Object: 'Object Repository/12-EL Sign/button_clear' is clicked on

2023-02-15 12:17:15 - [TEST_STEP][PASSED] - verifyElementVisible(findTestObject("12-EL Sign/mat-dialog-container_Do you confirm the deletion of this ELSign fieldModal")): Object 'Object Repository/12-EL Sign/mat-dialog-container_Do you confirm the deletion of this ELSign fieldModal' is visible

2023-02-15 12:17:16 - [MESSAGE][PASSED] - Object 'Object Repository/12-EL Sign/mat-dialog-container_Do you confirm the deletion of this ELSign fieldModal' is visible

2023-02-15 12:17:16 - [TEST_STEP][PASSED] - click(findTestObject("12-EL Sign/button_No")): Object: 'Object Repository/12-EL Sign/button_No' is clicked on

2023-02-15 12:17:16 - [MESSAGE][PASSED] - Object: 'Object Repository/12-EL Sign/button_No' is clicked on

2023-02-15 12:17:16 - [TEST_STEP][PASSED] - click(findTestObject("12-EL Sign/button_clear")): Object: 'Object Repository/12-EL Sign/button_clear' is clicked on

2023-02-15 12:17:17 - [MESSAGE][PASSED] - Object: 'Object Repository/12-EL Sign/button_clear' is clicked on

2023-02-15 12:17:17 - [TEST_STEP][PASSED] - delay(3): Delayed 3 second(s)

2023-02-15 12:17:20 - [MESSAGE][PASSED] - Delayed 3 second(s)

2023-02-15 12:17:20 - [TEST_STEP][PASSED] - click(findTestObject("12-EL Sign/button_Yes")): Object: 'Object Repository/12-EL Sign/button_Yes' is clicked on

2023-02-15 12:17:21 - [MESSAGE][PASSED] - Object: 'Object Repository/12-EL Sign/button_Yes' is clicked on

2023-02-15 12:17:21 - [TEST_STEP][PASSED] - delay(3): Delayed 3 second(s)

2023-02-15 12:17:24 - [MESSAGE][PASSED] - Delayed 3 second(s)

2023-02-15 12:17:24 - [TEST_STEP][PASSED] - click(findTestObject("12-EL Sign/button_createGG TESTERSign here")): Object: 'Object Repository/12-EL Sign/button_createGG TESTERSign here' is clicked on

2023-02-15 12:17:26 - [MESSAGE][PASSED] - Object: 'Object Repository/12-EL Sign/button_createGG TESTERSign here' is clicked on

2023-02-15 12:17:26 - [TEST_STEP][PASSED] - clickOffset(findTestObject("12-EL Sign/span_COMPLETE"), 100, 100): Object: 'Object Repository/12-EL Sign/span_COMPLETE' is clicked on using offset x=100 and y=100

2023-02-15 12:17:28 - [MESSAGE][PASSED] - Object: 'Object Repository/12-EL Sign/span_COMPLETE' is clicked on using offset x=100 and y=100

2023-02-15 12:17:28 - [TEST_STEP][PASSED] - click(findTestObject("12-EL Sign/button_calendarGG TESTERDate signed")): Object: 'Object Repository/12-EL Sign/button_calendarGG TESTERDate signed' is clicked on

2023-02-15 12:17:29 - [MESSAGE][PASSED] - Object: 'Object Repository/12-EL Sign/button_calendarGG TESTERDate signed' is clicked on

2023-02-15 12:17:29 - [TEST_STEP][PASSED] - clickOffset(findTestObject("12-EL Sign/span_COMPLETE"), 100, 100): Object: 'Object Repository/12-EL Sign/span_COMPLETE' is clicked on using offset x=100 and y=100

2023-02-15 12:17:30 - [MESSAGE][PASSED] - Object: 'Object Repository/12-EL Sign/span_COMPLETE' is clicked on using offset x=100 and y=100

2023-02-15 12:17:30 - [TEST_STEP][PASSED] - click(findTestObject("12-EL Sign/button_person_pinGG TESTERInitial here")): Object: 'Object Repository/12-EL Sign/button_person_pinGG TESTERInitial here' is clicked on

2023-02-15 12:17:31 - [MESSAGE][PASSED] - Object: 'Object Repository/12-EL Sign/button_person_pinGG TESTERInitial here' is clicked on

2023-02-15 12:17:31 - [TEST_STEP][PASSED] - clickOffset(findTestObject("12-EL Sign/span_COMPLETE"), 100, 100): Object: 'Object Repository/12-EL Sign/span_COMPLETE' is clicked on using offset x=100 and y=100

2023-02-15 12:17:32 - [MESSAGE][PASSED] - Object: 'Object Repository/12-EL Sign/span_COMPLETE' is clicked on using offset x=100 and y=100

2023-02-15 12:17:32 - [TEST_STEP][PASSED] - delay(3): Delayed 3 second(s)

2023-02-15 12:17:35 - [MESSAGE][PASSED] - Delayed 3 second(s)

2023-02-15 12:17:35 - [TEST_STEP][PASSED] - dragAndDropByOffset(findTestObject("12-EL Sign/div_usericon-draggable"), 3, 30): Dragged object with id 'Object Repository/12-EL Sign/div_usericon-draggable' by offset distance x = 3 and y = 30 successfully

2023-02-15 12:17:37 - [MESSAGE][PASSED] - Dragged object with id 'Object Repository/12-EL Sign/div_usericon-draggable' by offset distance x = 3 and y = 30 successfully

2023-02-15 12:17:37 - [TEST_STEP][PASSED] - dragAndDropByOffset(findTestObject("12-EL Sign/div_calendar-draggable"), 3, 60): Dragged object with id 'Object Repository/12-EL Sign/div_calendar-draggable' by offset distance x = 3 and y = 60 successfully

2023-02-15 12:17:38 - [MESSAGE][PASSED] - Dragged object with id 'Object Repository/12-EL Sign/div_calendar-draggable' by offset distance x = 3 and y = 60 successfully

2023-02-15 12:17:38 - [TEST_STEP][PASSED] - click(findTestObject("12-EL Sign/span_COMPLETE")): Object: 'Object Repository/12-EL Sign/span_COMPLETE' is clicked on

2023-02-15 12:17:40 - [MESSAGE][PASSED] - Object: 'Object Repository/12-EL Sign/span_COMPLETE' is clicked on

2023-02-15 12:17:40 - [TEST_STEP][PASSED] - delay(3): Delayed 3 second(s)

2023-02-15 12:17:43 - [MESSAGE][PASSED] - Delayed 3 second(s)

2023-02-15 12:17:43 - [TEST_STEP][PASSED] - verifyElementVisible(findTestObject("12-EL Sign/th_Send ELSign Invite")): Object 'Object Repository/12-EL Sign/th_Send ELSign Invite' is visible

2023-02-15 12:17:44 - [MESSAGE][PASSED] - Object 'Object Repository/12-EL Sign/th_Send ELSign Invite' is visible

2023-02-15 12:17:44 - [TEST_STEP][PASSED] - scrollToElement(findTestObject("12-EL Sign/div_Dear ReceiverName"), 0): Scroll to object 'Object Repository/12-EL Sign/div_Dear ReceiverName' successfully

2023-02-15 12:17:45 - [MESSAGE][WARNING] - Timeout '0' is invalid. Using default page load timeout: '30'

2023-02-15 12:17:45 - [MESSAGE][PASSED] - Scroll to object 'Object Repository/12-EL Sign/div_Dear ReceiverName' successfully

2023-02-15 12:17:45 - [TEST_STEP][PASSED] - scrollToElement(findTestObject("12-EL Sign/th_Send ELSign Invite"), 0): Scroll to object 'Object Repository/12-EL Sign/th_Send ELSign Invite' successfully

2023-02-15 12:17:45 - [MESSAGE][WARNING] - Timeout '0' is invalid. Using default page load timeout: '30'

2023-02-15 12:17:46 - [MESSAGE][PASSED] - Scroll to object 'Object Repository/12-EL Sign/th_Send ELSign Invite' successfully

2023-02-15 12:17:46 - [TEST_STEP][PASSED] - delay(3): Delayed 3 second(s)

2023-02-15 12:17:49 - [MESSAGE][PASSED] - Delayed 3 second(s)

2023-02-15 12:17:49 - [TEST_STEP][PASSED] - click(findTestObject("12-EL Sign/button_sendSend Invite")): Object: 'Object Repository/12-EL Sign/button_sendSend Invite' is clicked on

2023-02-15 12:17:50 - [MESSAGE][PASSED] - Object: 'Object Repository/12-EL Sign/button_sendSend Invite' is clicked on

2023-02-15 12:17:50 - [TEST_STEP][PASSED] - delay(3): Delayed 3 second(s)

2023-02-15 12:17:53 - [MESSAGE][PASSED] - Delayed 3 second(s)]]></system-out>
         <system-err><![CDATA[]]></system-err>
      </testcase>
      <testcase name="Test Cases/12-EL Sign/07-Send Documents (Signer Status)" time="9.053" classname="Test Cases/12-EL Sign/07-Send Documents (Signer Status)" status="PASSED">
         <system-out><![CDATA[2023-02-15 12:17:53 - [TEST_CASE][PASSED] - Test Cases/12-EL Sign/07-Send Documents (Signer Status): Test Cases/12-EL Sign/07-Send Documents (Signer Status)

2023-02-15 12:17:54 - [TEST_STEP][PASSED] - click(findTestObject("12-EL Sign/button_person_add-SignerStatus")): Object: 'Object Repository/12-EL Sign/button_person_add-SignerStatus' is clicked on

2023-02-15 12:17:55 - [MESSAGE][PASSED] - Object: 'Object Repository/12-EL Sign/button_person_add-SignerStatus' is clicked on

2023-02-15 12:17:55 - [TEST_STEP][PASSED] - verifyElementVisible(findTestObject("12-EL Sign/mat-toolbar_Signers ELSign Status")): Object 'Object Repository/12-EL Sign/mat-toolbar_Signers ELSign Status' is visible

2023-02-15 12:17:58 - [MESSAGE][PASSED] - Object 'Object Repository/12-EL Sign/mat-toolbar_Signers ELSign Status' is visible

2023-02-15 12:17:58 - [TEST_STEP][PASSED] - click(findTestObject("12-EL Sign/button_OK")): Object: 'Object Repository/12-EL Sign/button_OK' is clicked on

2023-02-15 12:17:59 - [MESSAGE][PASSED] - Object: 'Object Repository/12-EL Sign/button_OK' is clicked on

2023-02-15 12:17:59 - [TEST_STEP][PASSED] - delay(3): Delayed 3 second(s)

2023-02-15 12:18:02 - [MESSAGE][PASSED] - Delayed 3 second(s)]]></system-out>
         <system-err><![CDATA[]]></system-err>
      </testcase>
      <testcase name="Test Cases/12-EL Sign/08-Send Documents (View Document and History)" time="18.042" classname="Test Cases/12-EL Sign/08-Send Documents (View Document and History)" status="PASSED">
         <system-out><![CDATA[2023-02-15 12:18:02 - [TEST_CASE][PASSED] - Test Cases/12-EL Sign/08-Send Documents (View Document and History): Test Cases/12-EL Sign/08-Send Documents (View Document and History)

2023-02-15 12:18:04 - [TEST_STEP][PASSED] - click(findTestObject("12-EL Sign/button_visibility")): Object: 'Object Repository/12-EL Sign/button_visibility' is clicked on

2023-02-15 12:18:05 - [MESSAGE][PASSED] - Object: 'Object Repository/12-EL Sign/button_visibility' is clicked on

2023-02-15 12:18:05 - [TEST_STEP][PASSED] - switchToWindowIndex(1): Switched to window with index: '1'

2023-02-15 12:18:07 - [MESSAGE][PASSED] - Switched to window with index: '1'

2023-02-15 12:18:07 - [TEST_STEP][PASSED] - closeWindowIndex(1): Window with index 1 is closed

2023-02-15 12:18:08 - [MESSAGE][PASSED] - Window with index 1 is closed

2023-02-15 12:18:08 - [TEST_STEP][PASSED] - switchToWindowIndex(0): Switched to window with index: '0'

2023-02-15 12:18:08 - [MESSAGE][PASSED] - Switched to window with index: '0'

2023-02-15 12:18:08 - [TEST_STEP][PASSED] - delay(3): Delayed 3 second(s)

2023-02-15 12:18:11 - [MESSAGE][PASSED] - Delayed 3 second(s)

2023-02-15 12:18:11 - [TEST_STEP][PASSED] - click(findTestObject("12-EL Sign/button_history")): Object: 'Object Repository/12-EL Sign/button_history' is clicked on

2023-02-15 12:18:13 - [MESSAGE][PASSED] - Object: 'Object Repository/12-EL Sign/button_history' is clicked on

2023-02-15 12:18:13 - [TEST_STEP][PASSED] - verifyElementVisible(findTestObject("12-EL Sign/mat-dialog-container-historyModal")): Object 'Object Repository/12-EL Sign/mat-dialog-container-historyModal' is visible

2023-02-15 12:18:15 - [MESSAGE][PASSED] - Object 'Object Repository/12-EL Sign/mat-dialog-container-historyModal' is visible

2023-02-15 12:18:15 - [TEST_STEP][PASSED] - verifyElementVisible(findTestObject("12-EL Sign/td_historyName")): Object 'Object Repository/12-EL Sign/td_historyName' is visible

2023-02-15 12:18:16 - [MESSAGE][PASSED] - Object 'Object Repository/12-EL Sign/td_historyName' is visible

2023-02-15 12:18:16 - [TEST_STEP][PASSED] - doubleClick(findTestObject("12-EL Sign/button_CANCEL2")): Object: 'Object Repository/12-EL Sign/button_CANCEL2' is double clicked on

2023-02-15 12:18:17 - [MESSAGE][PASSED] - Object: 'Object Repository/12-EL Sign/button_CANCEL2' is double clicked on

2023-02-15 12:18:17 - [TEST_STEP][PASSED] - delay(3): Delayed 3 second(s)

2023-02-15 12:18:20 - [MESSAGE][PASSED] - Delayed 3 second(s)]]></system-out>
         <system-err><![CDATA[]]></system-err>
      </testcase>
      <testcase name="Test Cases/12-EL Sign/09-Send Documents (Reminder)" time="35.855" classname="Test Cases/12-EL Sign/09-Send Documents (Reminder)" status="PASSED">
         <system-out><![CDATA[2023-02-15 12:18:20 - [TEST_CASE][PASSED] - Test Cases/12-EL Sign/09-Send Documents (Reminder): Test Cases/12-EL Sign/09-Send Documents (Reminder)

2023-02-15 12:18:22 - [TEST_STEP][PASSED] - click(findTestObject("12-EL Sign/button_reminder")): Object: 'Object Repository/12-EL Sign/button_reminder' is clicked on

2023-02-15 12:18:23 - [MESSAGE][PASSED] - Object: 'Object Repository/12-EL Sign/button_reminder' is clicked on

2023-02-15 12:18:23 - [TEST_STEP][PASSED] - verifyElementVisible(findTestObject("12-EL Sign/mat-dialog-container-reminderModal")): Object 'Object Repository/12-EL Sign/mat-dialog-container-reminderModal' is visible

2023-02-15 12:18:25 - [MESSAGE][PASSED] - Object 'Object Repository/12-EL Sign/mat-dialog-container-reminderModal' is visible

2023-02-15 12:18:25 - [TEST_STEP][PASSED] - verifyElementVisible(findTestObject("12-EL Sign/h6_Schedule ELSign receiver reminder")): Object 'Object Repository/12-EL Sign/h6_Schedule ELSign receiver reminder' is visible

2023-02-15 12:18:26 - [MESSAGE][PASSED] - Object 'Object Repository/12-EL Sign/h6_Schedule ELSign receiver reminder' is visible

2023-02-15 12:18:26 - [TEST_STEP][PASSED] - doubleClick(findTestObject("12-EL Sign/button_CANCEL3")): Object: 'Object Repository/12-EL Sign/button_CANCEL3' is double clicked on

2023-02-15 12:18:27 - [MESSAGE][PASSED] - Object: 'Object Repository/12-EL Sign/button_CANCEL3' is double clicked on

2023-02-15 12:18:27 - [TEST_STEP][PASSED] - delay(3): Delayed 3 second(s)

2023-02-15 12:18:30 - [MESSAGE][PASSED] - Delayed 3 second(s)

2023-02-15 12:18:30 - [TEST_STEP][PASSED] - click(findTestObject("12-EL Sign/button_reminder")): Object: 'Object Repository/12-EL Sign/button_reminder' is clicked on

2023-02-15 12:18:31 - [MESSAGE][PASSED] - Object: 'Object Repository/12-EL Sign/button_reminder' is clicked on

2023-02-15 12:18:31 - [TEST_STEP][PASSED] - click(findTestObject("12-EL Sign/checkbox_recipients")): Object: 'Object Repository/12-EL Sign/checkbox_recipients' is clicked on

2023-02-15 12:18:34 - [MESSAGE][PASSED] - Object: 'Object Repository/12-EL Sign/checkbox_recipients' is clicked on

2023-02-15 12:18:34 - [TEST_STEP][PASSED] - click(findTestObject("12-EL Sign/checkbox_SendReminderNow")): Object: 'Object Repository/12-EL Sign/checkbox_SendReminderNow' is clicked on

2023-02-15 12:18:35 - [MESSAGE][PASSED] - Object: 'Object Repository/12-EL Sign/checkbox_SendReminderNow' is clicked on

2023-02-15 12:18:35 - [TEST_STEP][PASSED] - click(findTestObject("12-EL Sign/div_daysDropdown")): Object: 'Object Repository/12-EL Sign/div_daysDropdown' is clicked on

2023-02-15 12:18:37 - [MESSAGE][PASSED] - Object: 'Object Repository/12-EL Sign/div_daysDropdown' is clicked on

2023-02-15 12:18:37 - [TEST_STEP][PASSED] - delay(3): Delayed 3 second(s)

2023-02-15 12:18:40 - [MESSAGE][PASSED] - Delayed 3 second(s)

2023-02-15 12:18:40 - [TEST_STEP][PASSED] - click(findTestObject("12-EL Sign/mat-option_2")): Object: 'Object Repository/12-EL Sign/mat-option_2' is clicked on

2023-02-15 12:18:40 - [MESSAGE][PASSED] - Object: 'Object Repository/12-EL Sign/mat-option_2' is clicked on

2023-02-15 12:18:40 - [TEST_STEP][PASSED] - delay(3): Delayed 3 second(s)

2023-02-15 12:18:44 - [MESSAGE][PASSED] - Delayed 3 second(s)

2023-02-15 12:18:44 - [TEST_STEP][PASSED] - click(findTestObject("12-EL Sign/button_Save Schedule")): Object: 'Object Repository/12-EL Sign/button_Save Schedule' is clicked on

2023-02-15 12:18:44 - [MESSAGE][PASSED] - Object: 'Object Repository/12-EL Sign/button_Save Schedule' is clicked on

2023-02-15 12:18:44 - [TEST_STEP][PASSED] - delay(3): Delayed 3 second(s)

2023-02-15 12:18:47 - [MESSAGE][PASSED] - Delayed 3 second(s)

2023-02-15 12:18:47 - [TEST_STEP][PASSED] - click(findTestObject("12-EL Sign/button_reminder")): Object: 'Object Repository/12-EL Sign/button_reminder' is clicked on

2023-02-15 12:18:48 - [MESSAGE][PASSED] - Object: 'Object Repository/12-EL Sign/button_reminder' is clicked on

2023-02-15 12:18:48 - [TEST_STEP][PASSED] - delay(3): Delayed 3 second(s)

2023-02-15 12:18:51 - [MESSAGE][PASSED] - Delayed 3 second(s)

2023-02-15 12:18:51 - [TEST_STEP][PASSED] - click(findTestObject("12-EL Sign/button_Delete Schedule")): Object: 'Object Repository/12-EL Sign/button_Delete Schedule' is clicked on

2023-02-15 12:18:53 - [MESSAGE][PASSED] - Object: 'Object Repository/12-EL Sign/button_Delete Schedule' is clicked on

2023-02-15 12:18:53 - [TEST_STEP][PASSED] - delay(3): Delayed 3 second(s)

2023-02-15 12:18:56 - [MESSAGE][PASSED] - Delayed 3 second(s)]]></system-out>
         <system-err><![CDATA[]]></system-err>
      </testcase>
      <system-out><![CDATA[2023-02-15 12:12:08 - [TEST_SUITE][PASSED] - 12.1-EL Sign (Send Documents): Test Cases/12-EL Sign/09-Send Documents (Reminder)]]></system-out>
      <system-err><![CDATA[]]></system-err>
   </testsuite>
</testsuites>
