<?xml version="1.0" encoding="UTF-8"?>
<testsuites name="06.1- Teams - Add" time="291.887" tests="2" failures="0" errors="0">
   <testsuite name="06.1- Teams - Add" tests="2" failures="0" errors="0" time="291.887" skipped="0" timestamp="2023-04-07 14:05:44" hostname="asus - DESKTOP-3L3J9C1" id="Test Suites/TS-Organization/06.1- Teams - Add">
      <properties>
         <property name="deviceName" value=""/>
         <property name="devicePlatform" value=""/>
         <property name="logFolder" value="C:\\Users\\asus\\Katalon Studio\\Everleagues\\Everleagues\\Reports\\20230407_140524\\TS-Organization\\06.1- Teams - Add\\20230407_140525"/>
         <property name="logFiles" value="C:\\Users\\asus\\Katalon Studio\\Everleagues\\Everleagues\\Reports\\20230407_140524\\TS-Organization\\06.1- Teams - Add\\20230407_140525\\execution0.log"/>
         <property name="attachments" value=""/>
         <property name="hostName" value="asus - DESKTOP-3L3J9C1"/>
         <property name="os" value="Windows 10 64bit"/>
         <property name="katalonVersion" value="8.4.1.208"/>
         <property name="browser" value="Chrome 112.0.0.0"/>
         <property name="hostAddress" value="10.100.1.128"/>
         <property name="sessionId" value="977111200e181cf4c3dc225c798eaa2e"/>
         <property name="seleniumVersion" value="3.141.59"/>
         <property name="proxyInformation" value="ProxyInformation { proxyOption=NO_PROXY, proxyServerType=HTTP, username=, password=********, proxyServerAddress=, proxyServerPort=0, executionList=&quot;&quot;, isApplyToDesiredCapabilities=true }"/>
         <property name="platform" value="Windows 10"/>
      </properties>
      <testcase name="Test Cases/06- Teams/01- Add Team- Public" time="229.628" classname="Test Cases/06- Teams/01- Add Team- Public" status="PASSED">
         <system-out><![CDATA[2023-04-07 14:05:46 - [TEST_CASE][PASSED] - Test Cases/06- Teams/01- Add Team- Public: Test Cases/06- Teams/01- Add Team- Public

2023-04-07 14:05:51 - [TEST_STEP][PASSED] - openBrowser(""): Browser is opened with url: ''

2023-04-07 14:05:54 - [MESSAGE][INFO] - Starting 'Chrome' driver

2023-04-07 14:05:55 - [MESSAGE][INFO] - Action delay is set to 0 milliseconds

2023-04-07 14:06:12 - [MESSAGE][PASSED] - Browser is opened with url: ''

2023-04-07 14:06:12 - [TEST_STEP][PASSED] - navigateToUrl("https://lab.everleagues.com/"): Navigate to 'https://lab.everleagues.com/' successfully

2023-04-07 14:07:03 - [MESSAGE][PASSED] - Navigate to 'https://lab.everleagues.com/' successfully

2023-04-07 14:07:04 - [TEST_STEP][PASSED] - maximizeWindow(): Current window maximized

2023-04-07 14:07:04 - [MESSAGE][PASSED] - Current window maximized

2023-04-07 14:07:04 - [TEST_STEP][PASSED] - callTestCase(findTestCase("01-Login and Forgot Password/04-Login(Valid Credentials-With Subscription)"), [:], STOP_ON_FAILURE): Call Test Case 'Test Cases/01-Login and Forgot Password/04-Login(Valid Credentials-With Subscription)' successfully

2023-04-07 14:07:04 - [TEST_CASE][PASSED] - Test Cases/01-Login and Forgot Password/04-Login(Valid Credentials-With Subscription): Test Cases/01-Login and Forgot Password/04-Login(Valid Credentials-With Subscription)

2023-04-07 14:07:08 - [TEST_STEP][PASSED] - setText(findTestObject("01-Login and Forgot Password/input_Email_email"), "testuser05@mailinator.com"): Text 'testuser05@mailinator.com' is set on object 'Object Repository/01-Login and Forgot Password/input_Email_email'

2023-04-07 14:07:10 - [MESSAGE][PASSED] - Text 'testuser05@mailinator.com' is set on object 'Object Repository/01-Login and Forgot Password/input_Email_email'

2023-04-07 14:07:10 - [TEST_STEP][PASSED] - setEncryptedText(findTestObject("01-Login and Forgot Password/input_Email_password"), "8yFRyszE6U6jvsCn51OQbg=="): Text ****** has been set on object 'Object Repository/01-Login and Forgot Password/input_Email_password'

2023-04-07 14:07:13 - [MESSAGE][PASSED] - Text ****** has been set on object 'Object Repository/01-Login and Forgot Password/input_Email_password'

2023-04-07 14:07:13 - [TEST_STEP][PASSED] - delay(2): Delayed 2 second(s)

2023-04-07 14:07:15 - [MESSAGE][PASSED] - Delayed 2 second(s)

2023-04-07 14:07:15 - [TEST_STEP][PASSED] - click(findTestObject("01-Login and Forgot Password/show pass button")): Object: 'Object Repository/01-Login and Forgot Password/show pass button' is clicked on

2023-04-07 14:07:16 - [MESSAGE][PASSED] - Object: 'Object Repository/01-Login and Forgot Password/show pass button' is clicked on

2023-04-07 14:07:16 - [TEST_STEP][PASSED] - delay(3): Delayed 3 second(s)

2023-04-07 14:07:19 - [MESSAGE][PASSED] - Delayed 3 second(s)

2023-04-07 14:07:19 - [TEST_STEP][PASSED] - click(findTestObject("01-Login and Forgot Password/button_Sign in")): Object: 'Object Repository/01-Login and Forgot Password/button_Sign in' is clicked on

2023-04-07 14:07:21 - [MESSAGE][PASSED] - Object: 'Object Repository/01-Login and Forgot Password/button_Sign in' is clicked on

2023-04-07 14:07:21 - [TEST_STEP][PASSED] - delay(3): Delayed 3 second(s)

2023-04-07 14:07:24 - [MESSAGE][PASSED] - Delayed 3 second(s)

2023-04-07 14:07:24 - [TEST_STEP][PASSED] - click(findTestObject("06-Teams/For 2FA/button_Confirm_2FA")): Object: 'Object Repository/06-Teams/For 2FA/button_Confirm_2FA' is clicked on

2023-04-07 14:07:25 - [MESSAGE][PASSED] - Object: 'Object Repository/06-Teams/For 2FA/button_Confirm_2FA' is clicked on

2023-04-07 14:07:25 - [TEST_STEP][PASSED] - executeJavaScript("window.open();", []): Execute JavaScript 'window.open();' successfully

2023-04-07 14:07:25 - [MESSAGE][PASSED] - Execute JavaScript 'window.open();' successfully

2023-04-07 14:07:25 - [TEST_STEP][PASSED] - currentWindow = getWindowIndex(): Current window's index is: 0

2023-04-07 14:07:26 - [MESSAGE][PASSED] - Current window's index is: 0

2023-04-07 14:07:26 - [TEST_STEP][PASSED] - delay(3): Delayed 3 second(s)

2023-04-07 14:07:29 - [MESSAGE][PASSED] - Delayed 3 second(s)

2023-04-07 14:07:29 - [TEST_STEP][PASSED] - switchToWindowIndex(currentWindow + 1): Switched to window with index: '1'

2023-04-07 14:07:29 - [MESSAGE][PASSED] - Switched to window with index: '1'

2023-04-07 14:07:29 - [TEST_STEP][PASSED] - navigateToUrl("https://www.mailinator.com/"): Navigate to 'https://www.mailinator.com/' successfully

2023-04-07 14:07:41 - [MESSAGE][PASSED] - Navigate to 'https://www.mailinator.com/' successfully

2023-04-07 14:07:41 - [TEST_STEP][PASSED] - delay(3): Delayed 3 second(s)

2023-04-07 14:07:44 - [MESSAGE][PASSED] - Delayed 3 second(s)

2023-04-07 14:07:44 - [TEST_STEP][PASSED] - setText(findTestObject("00-Signup and Activation/zMailinator/input_LOGIN_search"), "testuser05@mailinator.com"): Text 'testuser05@mailinator.com' is set on object 'Object Repository/00-Signup and Activation/zMailinator/input_LOGIN_search'

2023-04-07 14:07:46 - [MESSAGE][PASSED] - Text 'testuser05@mailinator.com' is set on object 'Object Repository/00-Signup and Activation/zMailinator/input_LOGIN_search'

2023-04-07 14:07:46 - [TEST_STEP][PASSED] - click(findTestObject("00-Signup and Activation/zMailinator/gobutton"), STOP_ON_FAILURE): Object: 'Object Repository/00-Signup and Activation/zMailinator/gobutton' is clicked on

2023-04-07 14:07:51 - [MESSAGE][PASSED] - Object: 'Object Repository/00-Signup and Activation/zMailinator/gobutton' is clicked on

2023-04-07 14:07:51 - [TEST_STEP][PASSED] - delay(3): Delayed 3 second(s)

2023-04-07 14:07:54 - [MESSAGE][PASSED] - Delayed 3 second(s)

2023-04-07 14:07:54 - [TEST_STEP][PASSED] - click(findTestObject("00-Signup and Activation/zMailinator/Email - everleagues")): Object: 'Object Repository/00-Signup and Activation/zMailinator/Email - everleagues' is clicked on

2023-04-07 14:07:55 - [MESSAGE][PASSED] - Object: 'Object Repository/00-Signup and Activation/zMailinator/Email - everleagues' is clicked on

2023-04-07 14:07:55 - [TEST_STEP][PASSED] - delay(3): Delayed 3 second(s)

2023-04-07 14:07:58 - [MESSAGE][PASSED] - Delayed 3 second(s)

2023-04-07 14:07:58 - [TEST_STEP][PASSED] - code = getText(findTestObject("Object Repository/06-Teams/For 2FA/2FA code")): Text of object 'Object Repository/06-Teams/For 2FA/2FA code' is: '064833'

2023-04-07 14:08:00 - [MESSAGE][PASSED] - Text of object 'Object Repository/06-Teams/For 2FA/2FA code' is: '064833'

2023-04-07 14:08:00 - [TEST_STEP][PASSED] - delay(3): Delayed 3 second(s)

2023-04-07 14:08:03 - [MESSAGE][PASSED] - Delayed 3 second(s)

2023-04-07 14:08:03 - [TEST_STEP][PASSED] - closeWindowTitle("Mailinator"): Window with title: 'Mailinator' is closed

2023-04-07 14:08:04 - [MESSAGE][PASSED] - Window with title: 'Mailinator' is closed

2023-04-07 14:08:04 - [TEST_STEP][PASSED] - delay(3): Delayed 3 second(s)

2023-04-07 14:08:07 - [MESSAGE][PASSED] - Delayed 3 second(s)

2023-04-07 14:08:07 - [TEST_STEP][PASSED] - switchToWindowIndex(0): Switched to window with index: '0'

2023-04-07 14:08:07 - [MESSAGE][PASSED] - Switched to window with index: '0'

2023-04-07 14:08:07 - [TEST_STEP][PASSED] - delay(3): Delayed 3 second(s)

2023-04-07 14:08:10 - [MESSAGE][PASSED] - Delayed 3 second(s)

2023-04-07 14:08:10 - [TEST_STEP][PASSED] - setText(findTestObject("Object Repository/06-Teams/For 2FA/input_Enter verification code_code"), code): Text '064833' is set on object 'Object Repository/06-Teams/For 2FA/input_Enter verification code_code'

2023-04-07 14:08:12 - [MESSAGE][PASSED] - Text '064833' is set on object 'Object Repository/06-Teams/For 2FA/input_Enter verification code_code'

2023-04-07 14:08:12 - [TEST_STEP][PASSED] - delay(3): Delayed 3 second(s)

2023-04-07 14:08:15 - [MESSAGE][PASSED] - Delayed 3 second(s)

2023-04-07 14:08:15 - [TEST_STEP][PASSED] - click(findTestObject("06-Teams/For 2FA/button_Verify_2FA")): Object: 'Object Repository/06-Teams/For 2FA/button_Verify_2FA' is clicked on

2023-04-07 14:08:16 - [MESSAGE][PASSED] - Object: 'Object Repository/06-Teams/For 2FA/button_Verify_2FA' is clicked on

2023-04-07 14:08:16 - [TEST_STEP][PASSED] - delay(3): Delayed 3 second(s)

2023-04-07 14:08:19 - [MESSAGE][PASSED] - Delayed 3 second(s)

2023-04-07 14:08:20 - [MESSAGE][PASSED] - Call Test Case 'Test Cases/01-Login and Forgot Password/04-Login(Valid Credentials-With Subscription)' successfully

2023-04-07 14:08:20 - [TEST_STEP][PASSED] - click(findTestObject("06-Teams/button_doublearrow")): Object: 'Object Repository/06-Teams/button_doublearrow' is clicked on

2023-04-07 14:08:25 - [MESSAGE][PASSED] - Object: 'Object Repository/06-Teams/button_doublearrow' is clicked on

2023-04-07 14:08:25 - [TEST_STEP][PASSED] - click(findTestObject("06-Teams/button_My Organizations")): Object: 'Object Repository/06-Teams/button_My Organizations' is clicked on

2023-04-07 14:08:26 - [MESSAGE][PASSED] - Object: 'Object Repository/06-Teams/button_My Organizations' is clicked on

2023-04-07 14:08:26 - [TEST_STEP][PASSED] - click(findTestObject("06-Teams/button_GG Automation")): Object: 'Object Repository/06-Teams/button_GG Automation' is clicked on

2023-04-07 14:08:27 - [MESSAGE][PASSED] - Object: 'Object Repository/06-Teams/button_GG Automation' is clicked on

2023-04-07 14:08:27 - [TEST_STEP][PASSED] - delay(4): Delayed 4 second(s)

2023-04-07 14:08:31 - [MESSAGE][PASSED] - Delayed 4 second(s)

2023-04-07 14:08:31 - [TEST_STEP][PASSED] - verifyElementVisible(findTestObject("06-Teams/span_GG Automation")): Object 'Object Repository/06-Teams/span_GG Automation' is visible

2023-04-07 14:08:33 - [MESSAGE][PASSED] - Object 'Object Repository/06-Teams/span_GG Automation' is visible

2023-04-07 14:08:33 - [TEST_STEP][PASSED] - delay(2): Delayed 2 second(s)

2023-04-07 14:08:35 - [MESSAGE][PASSED] - Delayed 2 second(s)

2023-04-07 14:08:35 - [TEST_STEP][PASSED] - click(findTestObject("03-Header Menu/Hamburger Button/div_Teams")): Object: 'Object Repository/03-Header Menu/Hamburger Button/div_Teams' is clicked on

2023-04-07 14:08:37 - [MESSAGE][PASSED] - Object: 'Object Repository/03-Header Menu/Hamburger Button/div_Teams' is clicked on

2023-04-07 14:08:37 - [TEST_STEP][PASSED] - delay(2): Delayed 2 second(s)

2023-04-07 14:08:39 - [MESSAGE][PASSED] - Delayed 2 second(s)

2023-04-07 14:08:39 - [TEST_STEP][PASSED] - verifyElementVisible(findTestObject("06-Teams/h4_TEAMS")): Object 'Object Repository/06-Teams/h4_TEAMS' is visible

2023-04-07 14:08:40 - [MESSAGE][PASSED] - Object 'Object Repository/06-Teams/h4_TEAMS' is visible

2023-04-07 14:08:40 - [TEST_STEP][PASSED] - delay(3): Delayed 3 second(s)

2023-04-07 14:08:43 - [MESSAGE][PASSED] - Delayed 3 second(s)

2023-04-07 14:08:43 - [TEST_STEP][PASSED] - click(findTestObject("06-Teams/Add Team")): Object: 'Object Repository/06-Teams/Add Team' is clicked on

2023-04-07 14:08:46 - [MESSAGE][PASSED] - Object: 'Object Repository/06-Teams/Add Team' is clicked on

2023-04-07 14:08:46 - [TEST_STEP][PASSED] - delay(3): Delayed 3 second(s)

2023-04-07 14:08:49 - [MESSAGE][PASSED] - Delayed 3 second(s)

2023-04-07 14:08:49 - [TEST_STEP][PASSED] - verifyElementVisible(findTestObject("06-Teams/button_Public")): Object 'Object Repository/06-Teams/button_Public' is visible

2023-04-07 14:08:50 - [MESSAGE][PASSED] - Object 'Object Repository/06-Teams/button_Public' is visible

2023-04-07 14:08:50 - [TEST_STEP][PASSED] - verifyElementVisible(findTestObject("06-Teams/button_Private")): Object 'Object Repository/06-Teams/button_Private' is visible

2023-04-07 14:08:51 - [MESSAGE][PASSED] - Object 'Object Repository/06-Teams/button_Private' is visible

2023-04-07 14:08:51 - [TEST_STEP][PASSED] - delay(3): Delayed 3 second(s)

2023-04-07 14:08:54 - [MESSAGE][PASSED] - Delayed 3 second(s)

2023-04-07 14:08:54 - [TEST_STEP][PASSED] - click(findTestObject("06-Teams/button_Public")): Object: 'Object Repository/06-Teams/button_Public' is clicked on

2023-04-07 14:08:55 - [MESSAGE][PASSED] - Object: 'Object Repository/06-Teams/button_Public' is clicked on

2023-04-07 14:08:55 - [TEST_STEP][PASSED] - verifyElementVisible(findTestObject("06-Teams/01-Add Team-Public/Add Team_Public")): Object 'Object Repository/06-Teams/01-Add Team-Public/Add Team_Public' is visible

2023-04-07 14:08:57 - [MESSAGE][PASSED] - Object 'Object Repository/06-Teams/01-Add Team-Public/Add Team_Public' is visible

2023-04-07 14:08:57 - [TEST_STEP][PASSED] - scrollToElement(findTestObject("06-Teams/01-Add Team-Public/button_Create"), 0): Scroll to object 'Object Repository/06-Teams/01-Add Team-Public/button_Create' successfully

2023-04-07 14:08:57 - [MESSAGE][WARNING] - Timeout '0' is invalid. Using default page load timeout: '30'

2023-04-07 14:08:58 - [MESSAGE][PASSED] - Scroll to object 'Object Repository/06-Teams/01-Add Team-Public/button_Create' successfully

2023-04-07 14:08:58 - [TEST_STEP][PASSED] - verifyElementNotClickable(findTestObject("06-Teams/01-Add Team-Public/button_Create")): Object 'Object Repository/06-Teams/01-Add Team-Public/button_Create' is NOT clickable

2023-04-07 14:08:59 - [MESSAGE][PASSED] - Object 'Object Repository/06-Teams/01-Add Team-Public/button_Create' is NOT clickable

2023-04-07 14:08:59 - [TEST_STEP][PASSED] - delay(3): Delayed 3 second(s)

2023-04-07 14:09:02 - [MESSAGE][PASSED] - Delayed 3 second(s)

2023-04-07 14:09:02 - [TEST_STEP][PASSED] - click(findTestObject("06-Teams/01-Add Team-Public/input_teamName")): Object: 'Object Repository/06-Teams/01-Add Team-Public/input_teamName' is clicked on

2023-04-07 14:09:03 - [MESSAGE][PASSED] - Object: 'Object Repository/06-Teams/01-Add Team-Public/input_teamName' is clicked on

2023-04-07 14:09:03 - [TEST_STEP][PASSED] - click(findTestObject("06-Teams/01-Add Team-Public/Org unit")): Object: 'Object Repository/06-Teams/01-Add Team-Public/Org unit' is clicked on

2023-04-07 14:09:05 - [MESSAGE][PASSED] - Object: 'Object Repository/06-Teams/01-Add Team-Public/Org unit' is clicked on

2023-04-07 14:09:05 - [TEST_STEP][PASSED] - verifyElementVisible(findTestObject("06-Teams/01-Add Team-Public/h4_Select an organization unit")): Object 'Object Repository/06-Teams/01-Add Team-Public/h4_Select an organization unit' is visible

2023-04-07 14:09:07 - [MESSAGE][PASSED] - Object 'Object Repository/06-Teams/01-Add Team-Public/h4_Select an organization unit' is visible

2023-04-07 14:09:07 - [TEST_STEP][PASSED] - delay(3): Delayed 3 second(s)

2023-04-07 14:09:10 - [MESSAGE][PASSED] - Delayed 3 second(s)

2023-04-07 14:09:10 - [TEST_STEP][PASSED] - click(findTestObject("06-Teams/01-Add Team-Public/div_GG Automation")): Object: 'Object Repository/06-Teams/01-Add Team-Public/div_GG Automation' is clicked on

2023-04-07 14:09:13 - [MESSAGE][PASSED] - Object: 'Object Repository/06-Teams/01-Add Team-Public/div_GG Automation' is clicked on

2023-04-07 14:09:13 - [TEST_STEP][PASSED] - click(findTestObject("06-Teams/01-Add Team-Public/button_Select")): Object: 'Object Repository/06-Teams/01-Add Team-Public/button_Select' is clicked on

2023-04-07 14:09:15 - [MESSAGE][PASSED] - Object: 'Object Repository/06-Teams/01-Add Team-Public/button_Select' is clicked on

2023-04-07 14:09:15 - [TEST_STEP][PASSED] - verifyElementVisible(findTestObject("06-Teams/01-Add Team-Public/Error Team name")): Object 'Object Repository/06-Teams/01-Add Team-Public/Error Team name' is visible

2023-04-07 14:09:16 - [MESSAGE][PASSED] - Object 'Object Repository/06-Teams/01-Add Team-Public/Error Team name' is visible

2023-04-07 14:09:16 - [TEST_STEP][PASSED] - delay(3): Delayed 3 second(s)

2023-04-07 14:09:19 - [MESSAGE][PASSED] - Delayed 3 second(s)

2023-04-07 14:09:19 - [TEST_STEP][PASSED] - setText(findTestObject("06-Teams/01-Add Team-Public/input_teamName"), "Auto Team Public"): Text 'Auto Team Public' is set on object 'Object Repository/06-Teams/01-Add Team-Public/input_teamName'

2023-04-07 14:09:21 - [MESSAGE][PASSED] - Text 'Auto Team Public' is set on object 'Object Repository/06-Teams/01-Add Team-Public/input_teamName'

2023-04-07 14:09:21 - [TEST_STEP][PASSED] - scrollToElement(findTestObject("06-Teams/01-Add Team-Public/button_Create"), 0): Scroll to object 'Object Repository/06-Teams/01-Add Team-Public/button_Create' successfully

2023-04-07 14:09:22 - [MESSAGE][WARNING] - Timeout '0' is invalid. Using default page load timeout: '30'

2023-04-07 14:09:22 - [MESSAGE][PASSED] - Scroll to object 'Object Repository/06-Teams/01-Add Team-Public/button_Create' successfully

2023-04-07 14:09:22 - [TEST_STEP][PASSED] - click(findTestObject("06-Teams/01-Add Team-Public/button_Create")): Object: 'Object Repository/06-Teams/01-Add Team-Public/button_Create' is clicked on

2023-04-07 14:09:25 - [MESSAGE][PASSED] - Object: 'Object Repository/06-Teams/01-Add Team-Public/button_Create' is clicked on

2023-04-07 14:09:25 - [TEST_STEP][PASSED] - verifyElementVisible(findTestObject("06-Teams/01-Add Team-Public/span_Successfully added new team")): Object 'Object Repository/06-Teams/01-Add Team-Public/span_Successfully added new team' is visible

2023-04-07 14:09:29 - [MESSAGE][PASSED] - Object 'Object Repository/06-Teams/01-Add Team-Public/span_Successfully added new team' is visible

2023-04-07 14:09:29 - [TEST_STEP][PASSED] - delay(3): Delayed 3 second(s)

2023-04-07 14:09:32 - [MESSAGE][PASSED] - Delayed 3 second(s)

2023-04-07 14:09:32 - [TEST_STEP][PASSED] - verifyElementVisible(findTestObject("06-Teams/01-Add Team-Public/span_Auto Team Public")): Object 'Object Repository/06-Teams/01-Add Team-Public/span_Auto Team Public' is visible

2023-04-07 14:09:33 - [MESSAGE][PASSED] - Object 'Object Repository/06-Teams/01-Add Team-Public/span_Auto Team Public' is visible

2023-04-07 14:09:33 - [TEST_STEP][PASSED] - delay(3): Delayed 3 second(s)

2023-04-07 14:09:36 - [MESSAGE][PASSED] - Delayed 3 second(s)]]></system-out>
         <system-err><![CDATA[]]></system-err>
      </testcase>
      <testcase name="Test Cases/06- Teams/02-Add Team-Private" time="60.183" classname="Test Cases/06- Teams/02-Add Team-Private" status="PASSED">
         <system-out><![CDATA[2023-04-07 14:09:36 - [TEST_CASE][PASSED] - Test Cases/06- Teams/02-Add Team-Private: Test Cases/06- Teams/02-Add Team-Private

2023-04-07 14:09:39 - [TEST_STEP][PASSED] - click(findTestObject("06-Teams/Add Team")): Object: 'Object Repository/06-Teams/Add Team' is clicked on

2023-04-07 14:09:40 - [MESSAGE][PASSED] - Object: 'Object Repository/06-Teams/Add Team' is clicked on

2023-04-07 14:09:40 - [TEST_STEP][PASSED] - delay(3): Delayed 3 second(s)

2023-04-07 14:09:43 - [MESSAGE][PASSED] - Delayed 3 second(s)

2023-04-07 14:09:43 - [TEST_STEP][PASSED] - verifyElementVisible(findTestObject("06-Teams/button_Public")): Object 'Object Repository/06-Teams/button_Public' is visible

2023-04-07 14:09:44 - [MESSAGE][PASSED] - Object 'Object Repository/06-Teams/button_Public' is visible

2023-04-07 14:09:44 - [TEST_STEP][PASSED] - verifyElementVisible(findTestObject("06-Teams/button_Private")): Object 'Object Repository/06-Teams/button_Private' is visible

2023-04-07 14:09:45 - [MESSAGE][PASSED] - Object 'Object Repository/06-Teams/button_Private' is visible

2023-04-07 14:09:45 - [TEST_STEP][PASSED] - delay(3): Delayed 3 second(s)

2023-04-07 14:09:48 - [MESSAGE][PASSED] - Delayed 3 second(s)

2023-04-07 14:09:48 - [TEST_STEP][PASSED] - click(findTestObject("06-Teams/button_Private")): Object: 'Object Repository/06-Teams/button_Private' is clicked on

2023-04-07 14:09:50 - [MESSAGE][PASSED] - Object: 'Object Repository/06-Teams/button_Private' is clicked on

2023-04-07 14:09:50 - [TEST_STEP][PASSED] - delay(3): Delayed 3 second(s)

2023-04-07 14:09:53 - [MESSAGE][PASSED] - Delayed 3 second(s)

2023-04-07 14:09:53 - [TEST_STEP][PASSED] - verifyElementVisible(findTestObject("06-Teams/02-Add Team-Private/Add team- Private")): Object 'Object Repository/06-Teams/02-Add Team-Private/Add team- Private' is visible

2023-04-07 14:09:54 - [MESSAGE][PASSED] - Object 'Object Repository/06-Teams/02-Add Team-Private/Add team- Private' is visible

2023-04-07 14:09:54 - [TEST_STEP][PASSED] - verifyElementVisible(findTestObject("06-Teams/02-Add Team-Private/div_Settings")): Object 'Object Repository/06-Teams/02-Add Team-Private/div_Settings' is visible

2023-04-07 14:09:55 - [MESSAGE][PASSED] - Object 'Object Repository/06-Teams/02-Add Team-Private/div_Settings' is visible

2023-04-07 14:09:55 - [TEST_STEP][PASSED] - verifyElementVisible(findTestObject("06-Teams/02-Add Team-Private/div_Members")): Object 'Object Repository/06-Teams/02-Add Team-Private/div_Members' is visible

2023-04-07 14:09:56 - [MESSAGE][PASSED] - Object 'Object Repository/06-Teams/02-Add Team-Private/div_Members' is visible

2023-04-07 14:09:56 - [TEST_STEP][PASSED] - scrollToElement(findTestObject("06-Teams/01-Add Team-Public/button_Create"), 0): Scroll to object 'Object Repository/06-Teams/01-Add Team-Public/button_Create' successfully

2023-04-07 14:09:56 - [MESSAGE][WARNING] - Timeout '0' is invalid. Using default page load timeout: '30'

2023-04-07 14:09:57 - [MESSAGE][PASSED] - Scroll to object 'Object Repository/06-Teams/01-Add Team-Public/button_Create' successfully

2023-04-07 14:09:57 - [TEST_STEP][PASSED] - verifyElementNotClickable(findTestObject("06-Teams/01-Add Team-Public/button_Create")): Object 'Object Repository/06-Teams/01-Add Team-Public/button_Create' is NOT clickable

2023-04-07 14:09:57 - [MESSAGE][PASSED] - Object 'Object Repository/06-Teams/01-Add Team-Public/button_Create' is NOT clickable

2023-04-07 14:09:57 - [TEST_STEP][PASSED] - delay(3): Delayed 3 second(s)

2023-04-07 14:10:00 - [MESSAGE][PASSED] - Delayed 3 second(s)

2023-04-07 14:10:00 - [TEST_STEP][PASSED] - click(findTestObject("06-Teams/01-Add Team-Public/input_teamName")): Object: 'Object Repository/06-Teams/01-Add Team-Public/input_teamName' is clicked on

2023-04-07 14:10:01 - [MESSAGE][PASSED] - Object: 'Object Repository/06-Teams/01-Add Team-Public/input_teamName' is clicked on

2023-04-07 14:10:01 - [TEST_STEP][PASSED] - click(findTestObject("06-Teams/01-Add Team-Public/Org unit")): Object: 'Object Repository/06-Teams/01-Add Team-Public/Org unit' is clicked on

2023-04-07 14:10:02 - [MESSAGE][PASSED] - Object: 'Object Repository/06-Teams/01-Add Team-Public/Org unit' is clicked on

2023-04-07 14:10:02 - [TEST_STEP][PASSED] - verifyElementVisible(findTestObject("06-Teams/01-Add Team-Public/h4_Select an organization unit")): Object 'Object Repository/06-Teams/01-Add Team-Public/h4_Select an organization unit' is visible

2023-04-07 14:10:05 - [MESSAGE][PASSED] - Object 'Object Repository/06-Teams/01-Add Team-Public/h4_Select an organization unit' is visible

2023-04-07 14:10:05 - [TEST_STEP][PASSED] - delay(3): Delayed 3 second(s)

2023-04-07 14:10:08 - [MESSAGE][PASSED] - Delayed 3 second(s)

2023-04-07 14:10:08 - [TEST_STEP][PASSED] - click(findTestObject("06-Teams/01-Add Team-Public/div_GG Automation")): Object: 'Object Repository/06-Teams/01-Add Team-Public/div_GG Automation' is clicked on

2023-04-07 14:10:09 - [MESSAGE][PASSED] - Object: 'Object Repository/06-Teams/01-Add Team-Public/div_GG Automation' is clicked on

2023-04-07 14:10:09 - [TEST_STEP][PASSED] - click(findTestObject("06-Teams/01-Add Team-Public/button_Select")): Object: 'Object Repository/06-Teams/01-Add Team-Public/button_Select' is clicked on

2023-04-07 14:10:10 - [MESSAGE][PASSED] - Object: 'Object Repository/06-Teams/01-Add Team-Public/button_Select' is clicked on

2023-04-07 14:10:10 - [TEST_STEP][PASSED] - verifyElementVisible(findTestObject("06-Teams/01-Add Team-Public/Error Team name")): Object 'Object Repository/06-Teams/01-Add Team-Public/Error Team name' is visible

2023-04-07 14:10:10 - [MESSAGE][PASSED] - Object 'Object Repository/06-Teams/01-Add Team-Public/Error Team name' is visible

2023-04-07 14:10:10 - [TEST_STEP][PASSED] - delay(3): Delayed 3 second(s)

2023-04-07 14:10:13 - [MESSAGE][PASSED] - Delayed 3 second(s)

2023-04-07 14:10:13 - [TEST_STEP][PASSED] - setText(findTestObject("06-Teams/01-Add Team-Public/input_teamName"), "Auto Team Private"): Text 'Auto Team Private' is set on object 'Object Repository/06-Teams/01-Add Team-Public/input_teamName'

2023-04-07 14:10:16 - [MESSAGE][PASSED] - Text 'Auto Team Private' is set on object 'Object Repository/06-Teams/01-Add Team-Public/input_teamName'

2023-04-07 14:10:16 - [TEST_STEP][PASSED] - delay(3): Delayed 3 second(s)

2023-04-07 14:10:19 - [MESSAGE][PASSED] - Delayed 3 second(s)

2023-04-07 14:10:19 - [TEST_STEP][PASSED] - click(findTestObject("06-Teams/02-Add Team-Private/div_Members")): Object: 'Object Repository/06-Teams/02-Add Team-Private/div_Members' is clicked on

2023-04-07 14:10:20 - [MESSAGE][PASSED] - Object: 'Object Repository/06-Teams/02-Add Team-Private/div_Members' is clicked on

2023-04-07 14:10:20 - [TEST_STEP][PASSED] - verifyElementVisible(findTestObject("06-Teams/02-Add Team-Private/Members dialog box")): Object 'Object Repository/06-Teams/02-Add Team-Private/Members dialog box' is visible

2023-04-07 14:10:21 - [MESSAGE][PASSED] - Object 'Object Repository/06-Teams/02-Add Team-Private/Members dialog box' is visible

2023-04-07 14:10:21 - [TEST_STEP][PASSED] - delay(3): Delayed 3 second(s)

2023-04-07 14:10:24 - [MESSAGE][PASSED] - Delayed 3 second(s)

2023-04-07 14:10:24 - [TEST_STEP][PASSED] - scrollToElement(findTestObject("06-Teams/01-Add Team-Public/button_Create"), 0): Scroll to object 'Object Repository/06-Teams/01-Add Team-Public/button_Create' successfully

2023-04-07 14:10:24 - [MESSAGE][WARNING] - Timeout '0' is invalid. Using default page load timeout: '30'

2023-04-07 14:10:25 - [MESSAGE][PASSED] - Scroll to object 'Object Repository/06-Teams/01-Add Team-Public/button_Create' successfully

2023-04-07 14:10:25 - [TEST_STEP][PASSED] - click(findTestObject("06-Teams/01-Add Team-Public/button_Create")): Object: 'Object Repository/06-Teams/01-Add Team-Public/button_Create' is clicked on

2023-04-07 14:10:25 - [MESSAGE][PASSED] - Object: 'Object Repository/06-Teams/01-Add Team-Public/button_Create' is clicked on

2023-04-07 14:10:25 - [TEST_STEP][PASSED] - verifyElementVisible(findTestObject("06-Teams/01-Add Team-Public/span_Successfully added new team")): Object 'Object Repository/06-Teams/01-Add Team-Public/span_Successfully added new team' is visible

2023-04-07 14:10:28 - [MESSAGE][PASSED] - Object 'Object Repository/06-Teams/01-Add Team-Public/span_Successfully added new team' is visible

2023-04-07 14:10:28 - [TEST_STEP][PASSED] - delay(3): Delayed 3 second(s)

2023-04-07 14:10:31 - [MESSAGE][PASSED] - Delayed 3 second(s)

2023-04-07 14:10:31 - [TEST_STEP][PASSED] - verifyElementVisible(findTestObject("06-Teams/02-Add Team-Private/span_Auto Team Private")): Object 'Object Repository/06-Teams/02-Add Team-Private/span_Auto Team Private' is visible

2023-04-07 14:10:32 - [MESSAGE][PASSED] - Object 'Object Repository/06-Teams/02-Add Team-Private/span_Auto Team Private' is visible

2023-04-07 14:10:32 - [TEST_STEP][PASSED] - delay(3): Delayed 3 second(s)

2023-04-07 14:10:35 - [MESSAGE][PASSED] - Delayed 3 second(s)

2023-04-07 14:10:35 - [TEST_STEP][PASSED] - closeBrowser(): Browser is closed

2023-04-07 14:10:36 - [MESSAGE][PASSED] - Browser is closed]]></system-out>
         <system-err><![CDATA[]]></system-err>
      </testcase>
      <system-out><![CDATA[2023-04-07 14:05:44 - [TEST_SUITE][PASSED] - 06.1- Teams - Add: Test Cases/06- Teams/02-Add Team-Private]]></system-out>
      <system-err><![CDATA[]]></system-err>
   </testsuite>
</testsuites>
