<?xml version="1.0" encoding="UTF-8"?>
<testsuites name="11-Cloud Files" time="14.197" tests="1" failures="0" errors="0">
   <testsuite name="11-Cloud Files" tests="1" failures="0" errors="0" time="14.197" skipped="0" timestamp="2023-02-13 14:02:35" hostname="asus - DESKTOP-3L3J9C1" id="Test Suites/TS-Organization/11-Cloud Files">
      <properties>
         <property name="deviceName" value=""/>
         <property name="devicePlatform" value=""/>
         <property name="logFolder" value="C:\\Users\\asus\\Katalon Studio\\Everleagues\\Everleagues\\Reports\\20230213_140223\\TS-Organization\\11-Cloud Files\\20230213_140223"/>
         <property name="logFiles" value="C:\\Users\\asus\\Katalon Studio\\Everleagues\\Everleagues\\Reports\\20230213_140223\\TS-Organization\\11-Cloud Files\\20230213_140223\\execution0.log"/>
         <property name="attachments" value=""/>
         <property name="hostName" value="asus - DESKTOP-3L3J9C1"/>
         <property name="os" value="Windows 10 64bit"/>
         <property name="katalonVersion" value="8.4.1.208"/>
         <property name="browser" value="Chrome 109.0.0.0"/>
         <property name="hostAddress" value="10.5.0.2"/>
         <property name="sessionId" value="fc3b4965926b369e32bc9115f07fa969"/>
         <property name="seleniumVersion" value="3.141.59"/>
         <property name="proxyInformation" value="ProxyInformation { proxyOption=NO_PROXY, proxyServerType=HTTP, username=, password=********, proxyServerAddress=, proxyServerPort=0, executionList=&quot;&quot;, isApplyToDesiredCapabilities=true }"/>
         <property name="platform" value="Windows 10"/>
      </properties>
      <testcase name="Test Cases/11-Cloud Files/01-Create new folder(required field is blank)" time="12.997" classname="Test Cases/11-Cloud Files/01-Create new folder(required field is blank)" status="INCOMPLETE">
         <system-out><![CDATA[2023-02-13 14:02:36 - [TEST_CASE][INCOMPLETE] - Test Cases/11-Cloud Files/01-Create new folder(required field is blank): null

2023-02-13 14:02:38 - [TEST_STEP][PASSED] - openBrowser(""): Browser is opened with url: ''

2023-02-13 14:02:39 - [MESSAGE][INFO] - Starting 'Chrome' driver

2023-02-13 14:02:40 - [MESSAGE][INFO] - Action delay is set to 0 milliseconds

2023-02-13 14:02:49 - [MESSAGE][PASSED] - Browser is opened with url: ''

2023-02-13 14:02:49 - [TEST_STEP][INCOMPLETE] - navigateToUrl("https://lab.everleagues.com/"): null]]></system-out>
         <system-err><![CDATA[2023-02-13 14:02:36 - [TEST_CASE][INCOMPLETE] - Test Cases/11-Cloud Files/01-Create new folder(required field is blank): null]]></system-err>
      </testcase>
      <system-out><![CDATA[2023-02-13 14:02:35 - [TEST_SUITE][INCOMPLETE] - 11-Cloud Files: null]]></system-out>
      <system-err><![CDATA[2023-02-13 14:02:35 - [TEST_SUITE][INCOMPLETE] - 11-Cloud Files: null]]></system-err>
   </testsuite>
</testsuites>
