<?xml version="1.0" encoding="UTF-8"?>
<testsuites name="00-Signup and Account Activation" time="317.837" tests="4" failures="0" errors="0">
   <testsuite name="00-Signup and Account Activation" tests="4" failures="0" errors="0" time="317.837" skipped="0" timestamp="2023-01-13 11:34:19" hostname="asus - DESKTOP-3L3J9C1" id="Test Suites/TS-Organization/00-Signup and Account Activation">
      <properties>
         <property name="deviceName" value=""/>
         <property name="devicePlatform" value=""/>
         <property name="logFolder" value="C:\\Users\\asus\\Katalon Studio\\Everleagues\\Everleagues\\Reports\\20230113_113405\\TS-Organization\\00-Signup and Account Activation\\20230113_113405"/>
         <property name="logFiles" value="C:\\Users\\asus\\Katalon Studio\\Everleagues\\Everleagues\\Reports\\20230113_113405\\TS-Organization\\00-Signup and Account Activation\\20230113_113405\\execution0.log"/>
         <property name="attachments" value=""/>
         <property name="hostName" value="asus - DESKTOP-3L3J9C1"/>
         <property name="os" value="Windows 10 64bit"/>
         <property name="katalonVersion" value="8.4.1.208"/>
         <property name="browser" value="Chrome 109.0.0.0"/>
         <property name="hostAddress" value="192.168.5.88"/>
         <property name="sessionId" value="14a581aab0f40ef4139d938ac891da48"/>
         <property name="seleniumVersion" value="3.141.59"/>
         <property name="proxyInformation" value="ProxyInformation { proxyOption=NO_PROXY, proxyServerType=HTTP, username=, password=********, proxyServerAddress=, proxyServerPort=0, executionList=&quot;&quot;, isApplyToDesiredCapabilities=true }"/>
         <property name="platform" value="Windows 10"/>
      </properties>
      <testcase name="Test Cases/00-SignUp and Account Activation/01-Signup(Credentials Blank)" time="202.055" classname="Test Cases/00-SignUp and Account Activation/01-Signup(Credentials Blank)" status="PASSED">
         <system-out><![CDATA[2023-01-13 11:34:21 - [TEST_CASE][PASSED] - Test Cases/00-SignUp and Account Activation/01-Signup(Credentials Blank): Test Cases/00-SignUp and Account Activation/01-Signup(Credentials Blank)

2023-01-13 11:34:22 - [TEST_STEP][PASSED] - openBrowser(""): Browser is opened with url: ''

2023-01-13 11:34:24 - [MESSAGE][INFO] - Starting 'Chrome' driver

2023-01-13 11:34:24 - [MESSAGE][INFO] - Action delay is set to 0 milliseconds

2023-01-13 11:34:34 - [MESSAGE][PASSED] - Browser is opened with url: ''

2023-01-13 11:34:34 - [TEST_STEP][PASSED] - navigateToUrl("https://lab.everleagues.com/"): Navigate to 'https://lab.everleagues.com/' successfully

2023-01-13 11:37:18 - [MESSAGE][PASSED] - Navigate to 'https://lab.everleagues.com/' successfully

2023-01-13 11:37:18 - [TEST_STEP][PASSED] - maximizeWindow(): Current window maximized

2023-01-13 11:37:19 - [MESSAGE][PASSED] - Current window maximized

2023-01-13 11:37:19 - [TEST_STEP][PASSED] - click(findTestObject("00-Signup and Activation/span_Sign up")): Object: 'Object Repository/00-Signup and Activation/span_Sign up' is clicked on

2023-01-13 11:37:30 - [MESSAGE][PASSED] - Object: 'Object Repository/00-Signup and Activation/span_Sign up' is clicked on

2023-01-13 11:37:30 - [TEST_STEP][PASSED] - delay(3): Delayed 3 second(s)

2023-01-13 11:37:34 - [MESSAGE][PASSED] - Delayed 3 second(s)

2023-01-13 11:37:34 - [TEST_STEP][PASSED] - verifyElementVisible(findTestObject("00-Signup and Activation/div_Already have an account Log In")): Object 'Object Repository/00-Signup and Activation/div_Already have an account Log In' is visible

2023-01-13 11:37:35 - [MESSAGE][PASSED] - Object 'Object Repository/00-Signup and Activation/div_Already have an account Log In' is visible

2023-01-13 11:37:35 - [TEST_STEP][PASSED] - delay(3): Delayed 3 second(s)

2023-01-13 11:37:38 - [MESSAGE][PASSED] - Delayed 3 second(s)

2023-01-13 11:37:38 - [TEST_STEP][PASSED] - verifyElementNotClickable(findTestObject("00-Signup and Activation/button_Sign up")): Object 'Object Repository/00-Signup and Activation/button_Sign up' is NOT clickable

2023-01-13 11:37:40 - [MESSAGE][PASSED] - Object 'Object Repository/00-Signup and Activation/button_Sign up' is NOT clickable

2023-01-13 11:37:40 - [TEST_STEP][PASSED] - delay(3): Delayed 3 second(s)

2023-01-13 11:37:43 - [MESSAGE][PASSED] - Delayed 3 second(s)]]></system-out>
         <system-err><![CDATA[]]></system-err>
      </testcase>
      <testcase name="Test Cases/00-SignUp and Account Activation/02-Signup(Wrong email)" time="16.097" classname="Test Cases/00-SignUp and Account Activation/02-Signup(Wrong email)" status="PASSED">
         <system-out><![CDATA[2023-01-13 11:37:43 - [TEST_CASE][PASSED] - Test Cases/00-SignUp and Account Activation/02-Signup(Wrong email): Test Cases/00-SignUp and Account Activation/02-Signup(Wrong email)

2023-01-13 11:37:45 - [TEST_STEP][PASSED] - delay(3): Delayed 3 second(s)

2023-01-13 11:37:48 - [MESSAGE][PASSED] - Delayed 3 second(s)

2023-01-13 11:37:48 - [TEST_STEP][PASSED] - setText(findTestObject("00-Signup and Activation/input_Email"), "QATESTinvalidemailformat"): Text 'QATESTinvalidemailformat' is set on object 'Object Repository/00-Signup and Activation/input_Email'

2023-01-13 11:37:51 - [MESSAGE][PASSED] - Text 'QATESTinvalidemailformat' is set on object 'Object Repository/00-Signup and Activation/input_Email'

2023-01-13 11:37:51 - [TEST_STEP][PASSED] - delay(2): Delayed 2 second(s)

2023-01-13 11:37:53 - [MESSAGE][PASSED] - Delayed 2 second(s)

2023-01-13 11:37:53 - [TEST_STEP][PASSED] - click(findTestObject("00-Signup and Activation/input_firstName")): Object: 'Object Repository/00-Signup and Activation/input_firstName' is clicked on

2023-01-13 11:37:54 - [MESSAGE][PASSED] - Object: 'Object Repository/00-Signup and Activation/input_firstName' is clicked on

2023-01-13 11:37:54 - [TEST_STEP][PASSED] - verifyElementPresent(findTestObject("00-Signup and Activation/error_valid email is required"), 0): Object 'Object Repository/00-Signup and Activation/error_valid email is required' is present

2023-01-13 11:37:55 - [MESSAGE][WARNING] - Timeout '0' is invalid. Using default page load timeout: '30'

2023-01-13 11:37:55 - [MESSAGE][PASSED] - Object 'Object Repository/00-Signup and Activation/error_valid email is required' is present

2023-01-13 11:37:55 - [TEST_STEP][PASSED] - delay(0): Delayed 0 second(s)

2023-01-13 11:37:55 - [MESSAGE][PASSED] - Delayed 0 second(s)

2023-01-13 11:37:55 - [TEST_STEP][PASSED] - setText(findTestObject("00-Signup and Activation/input_Email"), "testuser01@mailinator.com"): Text 'testuser01@mailinator.com' is set on object 'Object Repository/00-Signup and Activation/input_Email'

2023-01-13 11:37:57 - [MESSAGE][PASSED] - Text 'testuser01@mailinator.com' is set on object 'Object Repository/00-Signup and Activation/input_Email'

2023-01-13 11:37:57 - [TEST_STEP][PASSED] - delay(0): Delayed 0 second(s)

2023-01-13 11:37:57 - [MESSAGE][PASSED] - Delayed 0 second(s)

2023-01-13 11:37:57 - [TEST_STEP][PASSED] - click(findTestObject("00-Signup and Activation/input_firstName")): Object: 'Object Repository/00-Signup and Activation/input_firstName' is clicked on

2023-01-13 11:37:58 - [MESSAGE][PASSED] - Object: 'Object Repository/00-Signup and Activation/input_firstName' is clicked on

2023-01-13 11:37:58 - [TEST_STEP][PASSED] - verifyElementVisible(findTestObject("00-Signup and Activation/error_email already exists")): Object 'Object Repository/00-Signup and Activation/error_email already exists' is visible

2023-01-13 11:37:59 - [MESSAGE][PASSED] - Object 'Object Repository/00-Signup and Activation/error_email already exists' is visible

2023-01-13 11:37:59 - [TEST_STEP][PASSED] - delay(0): Delayed 0 second(s)

2023-01-13 11:37:59 - [MESSAGE][PASSED] - Delayed 0 second(s)]]></system-out>
         <system-err><![CDATA[]]></system-err>
      </testcase>
      <testcase name="Test Cases/00-SignUp and Account Activation/03-Signup(Correct Details)" time="58.758" classname="Test Cases/00-SignUp and Account Activation/03-Signup(Correct Details)" status="PASSED">
         <system-out><![CDATA[2023-01-13 11:37:59 - [TEST_CASE][PASSED] - Test Cases/00-SignUp and Account Activation/03-Signup(Correct Details): Test Cases/00-SignUp and Account Activation/03-Signup(Correct Details)

2023-01-13 11:38:00 - [TEST_STEP][PASSED] - delay(2): Delayed 2 second(s)

2023-01-13 11:38:02 - [MESSAGE][PASSED] - Delayed 2 second(s)

2023-01-13 11:38:02 - [TEST_STEP][PASSED] - setText(findTestObject("00-Signup and Activation/input_Email"), "autotester1049@mailinator.com"): Text 'autotester1049@mailinator.com' is set on object 'Object Repository/00-Signup and Activation/input_Email'

2023-01-13 11:38:04 - [MESSAGE][PASSED] - Text 'autotester1049@mailinator.com' is set on object 'Object Repository/00-Signup and Activation/input_Email'

2023-01-13 11:38:04 - [TEST_STEP][PASSED] - setText(findTestObject("00-Signup and Activation/input_firstName"), "GG"): Text 'GG' is set on object 'Object Repository/00-Signup and Activation/input_firstName'

2023-01-13 11:38:07 - [MESSAGE][PASSED] - Text 'GG' is set on object 'Object Repository/00-Signup and Activation/input_firstName'

2023-01-13 11:38:07 - [TEST_STEP][PASSED] - setText(findTestObject("00-Signup and Activation/input_lastName"), "tester"): Text 'tester' is set on object 'Object Repository/00-Signup and Activation/input_lastName'

2023-01-13 11:38:08 - [MESSAGE][PASSED] - Text 'tester' is set on object 'Object Repository/00-Signup and Activation/input_lastName'

2023-01-13 11:38:08 - [TEST_STEP][PASSED] - delay(2): Delayed 2 second(s)

2023-01-13 11:38:10 - [MESSAGE][PASSED] - Delayed 2 second(s)

2023-01-13 11:38:10 - [TEST_STEP][PASSED] - click(findTestObject("Object Repository/00-Signup and Activation/button_Sign up")): Object: 'Object Repository/00-Signup and Activation/button_Sign up' is clicked on

2023-01-13 11:38:11 - [MESSAGE][PASSED] - Object: 'Object Repository/00-Signup and Activation/button_Sign up' is clicked on

2023-01-13 11:38:11 - [TEST_STEP][PASSED] - delay(2): Delayed 2 second(s)

2023-01-13 11:38:13 - [MESSAGE][PASSED] - Delayed 2 second(s)

2023-01-13 11:38:13 - [TEST_STEP][PASSED] - executeJavaScript("window.open();", []): Execute JavaScript 'window.open();' successfully

2023-01-13 11:38:13 - [MESSAGE][PASSED] - Execute JavaScript 'window.open();' successfully

2023-01-13 11:38:13 - [TEST_STEP][PASSED] - currentWindow = getWindowIndex(): Current window's index is: 0

2023-01-13 11:38:14 - [MESSAGE][PASSED] - Current window's index is: 0

2023-01-13 11:38:14 - [TEST_STEP][PASSED] - delay(3): Delayed 3 second(s)

2023-01-13 11:38:17 - [MESSAGE][PASSED] - Delayed 3 second(s)

2023-01-13 11:38:17 - [TEST_STEP][PASSED] - switchToWindowIndex(currentWindow + 1): Switched to window with index: '1'

2023-01-13 11:38:17 - [MESSAGE][PASSED] - Switched to window with index: '1'

2023-01-13 11:38:17 - [TEST_STEP][PASSED] - navigateToUrl("https://www.mailinator.com/"): Navigate to 'https://www.mailinator.com/' successfully

2023-01-13 11:38:24 - [MESSAGE][PASSED] - Navigate to 'https://www.mailinator.com/' successfully

2023-01-13 11:38:24 - [TEST_STEP][PASSED] - delay(3): Delayed 3 second(s)

2023-01-13 11:38:27 - [MESSAGE][PASSED] - Delayed 3 second(s)

2023-01-13 11:38:27 - [TEST_STEP][PASSED] - setText(findTestObject("00-Signup and Activation/zMailinator/input_LOGIN_search"), "autotester1049@mailinator.com"): Text 'autotester1049@mailinator.com' is set on object 'Object Repository/00-Signup and Activation/zMailinator/input_LOGIN_search'

2023-01-13 11:38:28 - [MESSAGE][PASSED] - Text 'autotester1049@mailinator.com' is set on object 'Object Repository/00-Signup and Activation/zMailinator/input_LOGIN_search'

2023-01-13 11:38:28 - [TEST_STEP][PASSED] - click(findTestObject("00-Signup and Activation/zMailinator/gobutton"), STOP_ON_FAILURE): Object: 'Object Repository/00-Signup and Activation/zMailinator/gobutton' is clicked on

2023-01-13 11:38:31 - [MESSAGE][PASSED] - Object: 'Object Repository/00-Signup and Activation/zMailinator/gobutton' is clicked on

2023-01-13 11:38:31 - [TEST_STEP][PASSED] - delay(3): Delayed 3 second(s)

2023-01-13 11:38:34 - [MESSAGE][PASSED] - Delayed 3 second(s)

2023-01-13 11:38:34 - [TEST_STEP][PASSED] - click(findTestObject("00-Signup and Activation/zMailinator/Email - everleagues")): Object: 'Object Repository/00-Signup and Activation/zMailinator/Email - everleagues' is clicked on

2023-01-13 11:38:35 - [MESSAGE][PASSED] - Object: 'Object Repository/00-Signup and Activation/zMailinator/Email - everleagues' is clicked on

2023-01-13 11:38:35 - [TEST_STEP][PASSED] - delay(3): Delayed 3 second(s)

2023-01-13 11:38:38 - [MESSAGE][PASSED] - Delayed 3 second(s)

2023-01-13 11:38:38 - [TEST_STEP][PASSED] - code = getText(findTestObject("Object Repository/06-Teams/For 2FA/2FA code")): Text of object 'Object Repository/06-Teams/For 2FA/2FA code' is: '535621'

2023-01-13 11:38:39 - [MESSAGE][PASSED] - Text of object 'Object Repository/06-Teams/For 2FA/2FA code' is: '535621'

2023-01-13 11:38:39 - [TEST_STEP][PASSED] - delay(3): Delayed 3 second(s)

2023-01-13 11:38:42 - [MESSAGE][PASSED] - Delayed 3 second(s)

2023-01-13 11:38:42 - [TEST_STEP][PASSED] - closeWindowTitle("Mailinator"): Window with title: 'Mailinator' is closed

2023-01-13 11:38:43 - [MESSAGE][PASSED] - Window with title: 'Mailinator' is closed

2023-01-13 11:38:43 - [TEST_STEP][PASSED] - delay(3): Delayed 3 second(s)

2023-01-13 11:38:46 - [MESSAGE][PASSED] - Delayed 3 second(s)

2023-01-13 11:38:46 - [TEST_STEP][PASSED] - switchToWindowIndex(0): Switched to window with index: '0'

2023-01-13 11:38:46 - [MESSAGE][PASSED] - Switched to window with index: '0'

2023-01-13 11:38:46 - [TEST_STEP][PASSED] - delay(3): Delayed 3 second(s)

2023-01-13 11:38:49 - [MESSAGE][PASSED] - Delayed 3 second(s)

2023-01-13 11:38:49 - [TEST_STEP][PASSED] - setText(findTestObject("Object Repository/06-Teams/For 2FA/input_Enter verification code_code"), code): Text '535621' is set on object 'Object Repository/06-Teams/For 2FA/input_Enter verification code_code'

2023-01-13 11:38:50 - [MESSAGE][PASSED] - Text '535621' is set on object 'Object Repository/06-Teams/For 2FA/input_Enter verification code_code'

2023-01-13 11:38:50 - [TEST_STEP][PASSED] - delay(3): Delayed 3 second(s)

2023-01-13 11:38:54 - [MESSAGE][PASSED] - Delayed 3 second(s)

2023-01-13 11:38:54 - [TEST_STEP][PASSED] - click(findTestObject("06-Teams/For 2FA/button_Verify_2FA")): Object: 'Object Repository/06-Teams/For 2FA/button_Verify_2FA' is clicked on

2023-01-13 11:38:55 - [MESSAGE][PASSED] - Object: 'Object Repository/06-Teams/For 2FA/button_Verify_2FA' is clicked on

2023-01-13 11:38:55 - [TEST_STEP][PASSED] - delay(3): Delayed 3 second(s)

2023-01-13 11:38:58 - [MESSAGE][PASSED] - Delayed 3 second(s)]]></system-out>
         <system-err><![CDATA[]]></system-err>
      </testcase>
      <testcase name="Test Cases/00-SignUp and Account Activation/04-Set password" time="39.452" classname="Test Cases/00-SignUp and Account Activation/04-Set password" status="PASSED">
         <system-out><![CDATA[2023-01-13 11:38:58 - [TEST_CASE][PASSED] - Test Cases/00-SignUp and Account Activation/04-Set password: Test Cases/00-SignUp and Account Activation/04-Set password

2023-01-13 11:38:59 - [TEST_STEP][PASSED] - delay(2): Delayed 2 second(s)

2023-01-13 11:39:01 - [MESSAGE][PASSED] - Delayed 2 second(s)

2023-01-13 11:39:01 - [TEST_STEP][PASSED] - setEncryptedText(findTestObject("00-Signup and Activation/input_password"), "8yFRyszE6U6jvsCn51OQbg==", STOP_ON_FAILURE): Text ****** has been set on object 'Object Repository/00-Signup and Activation/input_password'

2023-01-13 11:39:03 - [MESSAGE][PASSED] - Text ****** has been set on object 'Object Repository/00-Signup and Activation/input_password'

2023-01-13 11:39:03 - [TEST_STEP][PASSED] - setEncryptedText(findTestObject("00-Signup and Activation/input_ConfirmPassword"), "8yFRyszE6U6jvsCn51OQbg==", STOP_ON_FAILURE): Text ****** has been set on object 'Object Repository/00-Signup and Activation/input_ConfirmPassword'

2023-01-13 11:39:04 - [MESSAGE][PASSED] - Text ****** has been set on object 'Object Repository/00-Signup and Activation/input_ConfirmPassword'

2023-01-13 11:39:04 - [TEST_STEP][PASSED] - delay(2): Delayed 2 second(s)

2023-01-13 11:39:06 - [MESSAGE][PASSED] - Delayed 2 second(s)

2023-01-13 11:39:06 - [TEST_STEP][PASSED] - click(findTestObject("00-Signup and Activation/show pass")): Object: 'Object Repository/00-Signup and Activation/show pass' is clicked on

2023-01-13 11:39:07 - [MESSAGE][PASSED] - Object: 'Object Repository/00-Signup and Activation/show pass' is clicked on

2023-01-13 11:39:07 - [TEST_STEP][PASSED] - click(findTestObject("00-Signup and Activation/show confirm pass")): Object: 'Object Repository/00-Signup and Activation/show confirm pass' is clicked on

2023-01-13 11:39:08 - [MESSAGE][PASSED] - Object: 'Object Repository/00-Signup and Activation/show confirm pass' is clicked on

2023-01-13 11:39:08 - [TEST_STEP][PASSED] - delay(2): Delayed 2 second(s)

2023-01-13 11:39:10 - [MESSAGE][PASSED] - Delayed 2 second(s)

2023-01-13 11:39:10 - [TEST_STEP][PASSED] - check(findTestObject("00-Signup and Activation/div_checkbox")): Object 'Object Repository/00-Signup and Activation/div_checkbox' is checked

2023-01-13 11:39:11 - [MESSAGE][PASSED] - Object 'Object Repository/00-Signup and Activation/div_checkbox' is checked

2023-01-13 11:39:11 - [TEST_STEP][PASSED] - delay(2): Delayed 2 second(s)

2023-01-13 11:39:13 - [MESSAGE][PASSED] - Delayed 2 second(s)

2023-01-13 11:39:13 - [TEST_STEP][PASSED] - click(findTestObject("00-Signup and Activation/button_Confirm")): Object: 'Object Repository/00-Signup and Activation/button_Confirm' is clicked on

2023-01-13 11:39:14 - [MESSAGE][PASSED] - Object: 'Object Repository/00-Signup and Activation/button_Confirm' is clicked on

2023-01-13 11:39:14 - [TEST_STEP][PASSED] - delay(5): Delayed 5 second(s)

2023-01-13 11:39:19 - [MESSAGE][PASSED] - Delayed 5 second(s)

2023-01-13 11:39:19 - [TEST_STEP][PASSED] - verifyElementVisible(findTestObject("00-Signup and Activation/h4_Welcome to Everleagues")): Object 'Object Repository/00-Signup and Activation/h4_Welcome to Everleagues' is visible

2023-01-13 11:39:24 - [MESSAGE][PASSED] - Object 'Object Repository/00-Signup and Activation/h4_Welcome to Everleagues' is visible

2023-01-13 11:39:24 - [TEST_STEP][PASSED] - verifyElementVisible(findTestObject("00-Signup and Activation/span_CREATE A BUSINESS ORGANIZATION")): Object 'Object Repository/00-Signup and Activation/span_CREATE A BUSINESS ORGANIZATION' is visible

2023-01-13 11:39:25 - [MESSAGE][PASSED] - Object 'Object Repository/00-Signup and Activation/span_CREATE A BUSINESS ORGANIZATION' is visible

2023-01-13 11:39:25 - [TEST_STEP][PASSED] - verifyElementVisible(findTestObject("00-Signup and Activation/span_INVITE FRIENDS  FAMILY")): Object 'Object Repository/00-Signup and Activation/span_INVITE FRIENDS  FAMILY' is visible

2023-01-13 11:39:25 - [MESSAGE][PASSED] - Object 'Object Repository/00-Signup and Activation/span_INVITE FRIENDS  FAMILY' is visible

2023-01-13 11:39:25 - [TEST_STEP][PASSED] - delay(3): Delayed 3 second(s)

2023-01-13 11:39:28 - [MESSAGE][PASSED] - Delayed 3 second(s)

2023-01-13 11:39:28 - [TEST_STEP][PASSED] - click(findTestObject("00-Signup and Activation/button_DO THIS LATER")): Object: 'Object Repository/00-Signup and Activation/button_DO THIS LATER' is clicked on

2023-01-13 11:39:29 - [MESSAGE][PASSED] - Object: 'Object Repository/00-Signup and Activation/button_DO THIS LATER' is clicked on

2023-01-13 11:39:29 - [TEST_STEP][PASSED] - delay(2): Delayed 2 second(s)

2023-01-13 11:39:31 - [MESSAGE][PASSED] - Delayed 2 second(s)

2023-01-13 11:39:31 - [TEST_STEP][PASSED] - verifyElementVisible(findTestObject("00-Signup and Activation/Create your first organization Card")): Object 'Object Repository/00-Signup and Activation/Create your first organization Card' is visible

2023-01-13 11:39:32 - [MESSAGE][PASSED] - Object 'Object Repository/00-Signup and Activation/Create your first organization Card' is visible

2023-01-13 11:39:32 - [TEST_STEP][PASSED] - verifyElementVisible(findTestObject("00-Signup and Activation/Still not sure where to start Card")): Object 'Object Repository/00-Signup and Activation/Still not sure where to start Card' is visible

2023-01-13 11:39:32 - [MESSAGE][PASSED] - Object 'Object Repository/00-Signup and Activation/Still not sure where to start Card' is visible

2023-01-13 11:39:32 - [TEST_STEP][PASSED] - verifyElementVisible(findTestObject("00-Signup and Activation/Welcome to Everleagues Card")): Object 'Object Repository/00-Signup and Activation/Welcome to Everleagues Card' is visible

2023-01-13 11:39:33 - [MESSAGE][PASSED] - Object 'Object Repository/00-Signup and Activation/Welcome to Everleagues Card' is visible

2023-01-13 11:39:33 - [TEST_STEP][PASSED] - delay(2): Delayed 2 second(s)

2023-01-13 11:39:35 - [MESSAGE][PASSED] - Delayed 2 second(s)

2023-01-13 11:39:35 - [TEST_STEP][PASSED] - closeBrowser(): Browser is closed

2023-01-13 11:39:37 - [MESSAGE][PASSED] - Browser is closed]]></system-out>
         <system-err><![CDATA[]]></system-err>
      </testcase>
      <system-out><![CDATA[2023-01-13 11:34:19 - [TEST_SUITE][PASSED] - 00-Signup and Account Activation: Test Cases/00-SignUp and Account Activation/04-Set password]]></system-out>
      <system-err><![CDATA[]]></system-err>
   </testsuite>
</testsuites>
