<?xml version="1.0" encoding="UTF-8"?>
<testsuites name="11-Cloud Files" time="281.761" tests="11" failures="0" errors="0">
   <testsuite name="11-Cloud Files" tests="11" failures="0" errors="0" time="281.761" skipped="0" timestamp="2022-11-21 16:25:20" hostname="User - DESKTOP-QCRNR4M" id="Test Suites/TS-Organization/11-Cloud Files">
      <properties>
         <property name="deviceName" value=""/>
         <property name="devicePlatform" value=""/>
         <property name="logFolder" value="C:\\Users\\User\\Katalon Studio\\EverleaguesMain\\Reports\\20221121_162516\\TS-Organization\\11-Cloud Files\\20221121_162517"/>
         <property name="logFiles" value="C:\\Users\\User\\Katalon Studio\\EverleaguesMain\\Reports\\20221121_162516\\TS-Organization\\11-Cloud Files\\20221121_162517\\execution0.log"/>
         <property name="attachments" value=""/>
         <property name="hostName" value="User - DESKTOP-QCRNR4M"/>
         <property name="os" value="Windows 10 64bit"/>
         <property name="katalonVersion" value="8.4.1.208"/>
         <property name="browser" value="Chrome 107.0.0.0"/>
         <property name="hostAddress" value="192.168.5.124"/>
         <property name="sessionId" value="c6d08852b7a02994811251f1815a963a"/>
         <property name="seleniumVersion" value="3.141.59"/>
         <property name="proxyInformation" value="ProxyInformation { proxyOption=NO_PROXY, proxyServerType=HTTP, username=, password=********, proxyServerAddress=, proxyServerPort=0, executionList=&quot;&quot;, isApplyToDesiredCapabilities=true }"/>
         <property name="platform" value="Windows 10"/>
      </properties>
      <testcase name="Test Cases/11-Cloud Files/01-Create new folder" time="103.721" classname="Test Cases/11-Cloud Files/01-Create new folder" status="PASSED">
         <system-out><![CDATA[2022-11-21 16:25:20 - [TEST_CASE][PASSED] - Test Cases/11-Cloud Files/01-Create new folder: Test Cases/11-Cloud Files/01-Create new folder

2022-11-21 16:25:21 - [TEST_STEP][PASSED] - openBrowser(""): Browser is opened with url: ''

2022-11-21 16:25:21 - [MESSAGE][INFO] - Starting 'Chrome' driver

2022-11-21 16:25:21 - [MESSAGE][INFO] - Action delay is set to 0 milliseconds

2022-11-21 16:25:23 - [MESSAGE][PASSED] - Browser is opened with url: ''

2022-11-21 16:25:23 - [TEST_STEP][PASSED] - navigateToUrl("https://lab.everleagues.com/"): Navigate to 'https://lab.everleagues.com/' successfully

2022-11-21 16:25:48 - [MESSAGE][PASSED] - Navigate to 'https://lab.everleagues.com/' successfully

2022-11-21 16:25:48 - [TEST_STEP][PASSED] - maximizeWindow(): Current window maximized

2022-11-21 16:25:49 - [MESSAGE][PASSED] - Current window maximized

2022-11-21 16:25:49 - [TEST_STEP][PASSED] - setText(findTestObject("02-Side Icons(Organization)/Add Contact/Email Field"), "testuser02@mailinator.com"): Text 'testuser02@mailinator.com' is set on object 'Object Repository/02-Side Icons(Organization)/Add Contact/Email Field'

2022-11-21 16:25:49 - [MESSAGE][PASSED] - Text 'testuser02@mailinator.com' is set on object 'Object Repository/02-Side Icons(Organization)/Add Contact/Email Field'

2022-11-21 16:25:49 - [TEST_STEP][PASSED] - setEncryptedText(findTestObject("02-Side Icons(Organization)/Add Contact/Password Field"), "8yFRyszE6U6jvsCn51OQbg=="): Text ****** has been set on object 'Object Repository/02-Side Icons(Organization)/Add Contact/Password Field'

2022-11-21 16:25:50 - [MESSAGE][PASSED] - Text ****** has been set on object 'Object Repository/02-Side Icons(Organization)/Add Contact/Password Field'

2022-11-21 16:25:50 - [TEST_STEP][PASSED] - click(findTestObject("02-Side Icons(Organization)/Add Contact/button_Sign in")): Object: 'Object Repository/02-Side Icons(Organization)/Add Contact/button_Sign in' is clicked on

2022-11-21 16:25:51 - [MESSAGE][PASSED] - Object: 'Object Repository/02-Side Icons(Organization)/Add Contact/button_Sign in' is clicked on

2022-11-21 16:25:51 - [TEST_STEP][PASSED] - delay(2): Delayed 2 second(s)

2022-11-21 16:25:53 - [MESSAGE][PASSED] - Delayed 2 second(s)

2022-11-21 16:25:53 - [TEST_STEP][PASSED] - click(findTestObject("06-Teams/For 2FA/button_Confirm_2FA")): Object: 'Object Repository/06-Teams/For 2FA/button_Confirm_2FA' is clicked on

2022-11-21 16:25:53 - [MESSAGE][PASSED] - Object: 'Object Repository/06-Teams/For 2FA/button_Confirm_2FA' is clicked on

2022-11-21 16:25:53 - [TEST_STEP][PASSED] - executeJavaScript("window.open();", []): Execute JavaScript 'window.open();' successfully

2022-11-21 16:25:53 - [MESSAGE][PASSED] - Execute JavaScript 'window.open();' successfully

2022-11-21 16:25:53 - [TEST_STEP][PASSED] - currentWindow = getWindowIndex(): Current window's index is: 0

2022-11-21 16:25:53 - [MESSAGE][PASSED] - Current window's index is: 0

2022-11-21 16:25:53 - [TEST_STEP][PASSED] - delay(3): Delayed 3 second(s)

2022-11-21 16:25:56 - [MESSAGE][PASSED] - Delayed 3 second(s)

2022-11-21 16:25:56 - [TEST_STEP][PASSED] - switchToWindowIndex(currentWindow + 1): Switched to window with index: '1'

2022-11-21 16:25:56 - [MESSAGE][PASSED] - Switched to window with index: '1'

2022-11-21 16:25:56 - [TEST_STEP][PASSED] - navigateToUrl("https://www.mailinator.com/"): Navigate to 'https://www.mailinator.com/' successfully

2022-11-21 16:25:58 - [MESSAGE][PASSED] - Navigate to 'https://www.mailinator.com/' successfully

2022-11-21 16:25:58 - [TEST_STEP][PASSED] - delay(3): Delayed 3 second(s)

2022-11-21 16:26:01 - [MESSAGE][PASSED] - Delayed 3 second(s)

2022-11-21 16:26:01 - [TEST_STEP][PASSED] - setText(findTestObject("00-Signup and Activation/zMailinator/input_LOGIN_search"), "testuser02@mailinator.com"): Text 'testuser02@mailinator.com' is set on object 'Object Repository/00-Signup and Activation/zMailinator/input_LOGIN_search'

2022-11-21 16:26:02 - [MESSAGE][PASSED] - Text 'testuser02@mailinator.com' is set on object 'Object Repository/00-Signup and Activation/zMailinator/input_LOGIN_search'

2022-11-21 16:26:02 - [TEST_STEP][PASSED] - click(findTestObject("00-Signup and Activation/zMailinator/gobutton"), STOP_ON_FAILURE): Object: 'Object Repository/00-Signup and Activation/zMailinator/gobutton' is clicked on

2022-11-21 16:26:03 - [MESSAGE][PASSED] - Object: 'Object Repository/00-Signup and Activation/zMailinator/gobutton' is clicked on

2022-11-21 16:26:03 - [TEST_STEP][PASSED] - delay(3): Delayed 3 second(s)

2022-11-21 16:26:06 - [MESSAGE][PASSED] - Delayed 3 second(s)

2022-11-21 16:26:06 - [TEST_STEP][PASSED] - click(findTestObject("00-Signup and Activation/zMailinator/Email - everleagues")): Object: 'Object Repository/00-Signup and Activation/zMailinator/Email - everleagues' is clicked on

2022-11-21 16:26:07 - [MESSAGE][PASSED] - Object: 'Object Repository/00-Signup and Activation/zMailinator/Email - everleagues' is clicked on

2022-11-21 16:26:07 - [TEST_STEP][PASSED] - delay(3): Delayed 3 second(s)

2022-11-21 16:26:10 - [MESSAGE][PASSED] - Delayed 3 second(s)

2022-11-21 16:26:10 - [TEST_STEP][PASSED] - code = getText(findTestObject("Object Repository/06-Teams/For 2FA/2FA code")): Text of object 'Object Repository/06-Teams/For 2FA/2FA code' is: '856478'

2022-11-21 16:26:10 - [MESSAGE][PASSED] - Text of object 'Object Repository/06-Teams/For 2FA/2FA code' is: '856478'

2022-11-21 16:26:10 - [TEST_STEP][PASSED] - delay(3): Delayed 3 second(s)

2022-11-21 16:26:13 - [MESSAGE][PASSED] - Delayed 3 second(s)

2022-11-21 16:26:13 - [TEST_STEP][PASSED] - closeWindowTitle("Mailinator"): Window with title: 'Mailinator' is closed

2022-11-21 16:26:13 - [MESSAGE][PASSED] - Window with title: 'Mailinator' is closed

2022-11-21 16:26:13 - [TEST_STEP][PASSED] - delay(3): Delayed 3 second(s)

2022-11-21 16:26:16 - [MESSAGE][PASSED] - Delayed 3 second(s)

2022-11-21 16:26:16 - [TEST_STEP][PASSED] - switchToWindowIndex(0): Switched to window with index: '0'

2022-11-21 16:26:16 - [MESSAGE][PASSED] - Switched to window with index: '0'

2022-11-21 16:26:16 - [TEST_STEP][PASSED] - delay(3): Delayed 3 second(s)

2022-11-21 16:26:19 - [MESSAGE][PASSED] - Delayed 3 second(s)

2022-11-21 16:26:19 - [TEST_STEP][PASSED] - setText(findTestObject("Object Repository/06-Teams/For 2FA/input_Enter verification code_code"), code): Text '856478' is set on object 'Object Repository/06-Teams/For 2FA/input_Enter verification code_code'

2022-11-21 16:26:20 - [MESSAGE][PASSED] - Text '856478' is set on object 'Object Repository/06-Teams/For 2FA/input_Enter verification code_code'

2022-11-21 16:26:20 - [TEST_STEP][PASSED] - delay(3): Delayed 3 second(s)

2022-11-21 16:26:23 - [MESSAGE][PASSED] - Delayed 3 second(s)

2022-11-21 16:26:23 - [TEST_STEP][PASSED] - click(findTestObject("06-Teams/For 2FA/button_Verify_2FA")): Object: 'Object Repository/06-Teams/For 2FA/button_Verify_2FA' is clicked on

2022-11-21 16:26:24 - [MESSAGE][PASSED] - Object: 'Object Repository/06-Teams/For 2FA/button_Verify_2FA' is clicked on

2022-11-21 16:26:24 - [TEST_STEP][PASSED] - delay(5): Delayed 5 second(s)

2022-11-21 16:26:29 - [MESSAGE][PASSED] - Delayed 5 second(s)

2022-11-21 16:26:29 - [TEST_STEP][PASSED] - click(findTestObject("06-Teams/button_doublearrow")): Object: 'Object Repository/06-Teams/button_doublearrow' is clicked on

2022-11-21 16:26:29 - [MESSAGE][PASSED] - Object: 'Object Repository/06-Teams/button_doublearrow' is clicked on

2022-11-21 16:26:29 - [TEST_STEP][PASSED] - click(findTestObject("06-Teams/button_My Organizations")): Object: 'Object Repository/06-Teams/button_My Organizations' is clicked on

2022-11-21 16:26:30 - [MESSAGE][PASSED] - Object: 'Object Repository/06-Teams/button_My Organizations' is clicked on

2022-11-21 16:26:30 - [TEST_STEP][PASSED] - click(findTestObject("02-Side Icons(Organization)/Add Contact/button_Automation Test Org")): Object: 'Object Repository/02-Side Icons(Organization)/Add Contact/button_Automation Test Org' is clicked on

2022-11-21 16:26:31 - [MESSAGE][PASSED] - Object: 'Object Repository/02-Side Icons(Organization)/Add Contact/button_Automation Test Org' is clicked on

2022-11-21 16:26:31 - [TEST_STEP][PASSED] - delay(4): Delayed 4 second(s)

2022-11-21 16:26:35 - [MESSAGE][PASSED] - Delayed 4 second(s)

2022-11-21 16:26:35 - [TEST_STEP][PASSED] - verifyElementVisible(findTestObject("02-Side Icons(Organization)/Add Contact/span_Automation Test Org")): Object 'Object Repository/02-Side Icons(Organization)/Add Contact/span_Automation Test Org' is visible

2022-11-21 16:26:35 - [MESSAGE][PASSED] - Object 'Object Repository/02-Side Icons(Organization)/Add Contact/span_Automation Test Org' is visible

2022-11-21 16:26:35 - [TEST_STEP][PASSED] - delay(5): Delayed 5 second(s)

2022-11-21 16:26:40 - [MESSAGE][PASSED] - Delayed 5 second(s)

2022-11-21 16:26:40 - [TEST_STEP][PASSED] - click(findTestObject("03-Header Menu/Hamburger Button/div_Cloud Files")): Object: 'Object Repository/03-Header Menu/Hamburger Button/div_Cloud Files' is clicked on

2022-11-21 16:26:41 - [MESSAGE][PASSED] - Object: 'Object Repository/03-Header Menu/Hamburger Button/div_Cloud Files' is clicked on

2022-11-21 16:26:41 - [TEST_STEP][PASSED] - click(findTestObject("11-Cloud Files/a_My Files")): Object: 'Object Repository/11-Cloud Files/a_My Files' is clicked on

2022-11-21 16:26:41 - [MESSAGE][PASSED] - Object: 'Object Repository/11-Cloud Files/a_My Files' is clicked on

2022-11-21 16:26:41 - [TEST_STEP][PASSED] - verifyElementVisible(findTestObject("11-Cloud Files/h4_MY FILES")): Object 'Object Repository/11-Cloud Files/h4_MY FILES' is visible

2022-11-21 16:26:42 - [MESSAGE][PASSED] - Object 'Object Repository/11-Cloud Files/h4_MY FILES' is visible

2022-11-21 16:26:42 - [TEST_STEP][PASSED] - delay(3): Delayed 3 second(s)

2022-11-21 16:26:45 - [MESSAGE][PASSED] - Delayed 3 second(s)

2022-11-21 16:26:45 - [TEST_STEP][PASSED] - click(findTestObject("11-Cloud Files/button_cloud_upload Upload Files  Create Folders")): Object: 'Object Repository/11-Cloud Files/button_cloud_upload Upload Files  Create Folders' is clicked on

2022-11-21 16:26:46 - [MESSAGE][PASSED] - Object: 'Object Repository/11-Cloud Files/button_cloud_upload Upload Files  Create Folders' is clicked on

2022-11-21 16:26:46 - [TEST_STEP][PASSED] - click(findTestObject("11-Cloud Files/button_create_new_folderNew Folder")): Object: 'Object Repository/11-Cloud Files/button_create_new_folderNew Folder' is clicked on

2022-11-21 16:26:47 - [MESSAGE][PASSED] - Object: 'Object Repository/11-Cloud Files/button_create_new_folderNew Folder' is clicked on

2022-11-21 16:26:47 - [TEST_STEP][PASSED] - verifyElementVisible(findTestObject("11-Cloud Files/mat-dialog-container_CreateNewFolder modal")): Object 'Object Repository/11-Cloud Files/mat-dialog-container_CreateNewFolder modal' is visible

2022-11-21 16:26:47 - [MESSAGE][PASSED] - Object 'Object Repository/11-Cloud Files/mat-dialog-container_CreateNewFolder modal' is visible

2022-11-21 16:26:47 - [TEST_STEP][PASSED] - verifyElementVisible(findTestObject("11-Cloud Files/h4_New folder")): Object 'Object Repository/11-Cloud Files/h4_New folder' is visible

2022-11-21 16:26:48 - [MESSAGE][PASSED] - Object 'Object Repository/11-Cloud Files/h4_New folder' is visible

2022-11-21 16:26:48 - [TEST_STEP][PASSED] - click(findTestObject("09-Settings/Users/Active User/button_Cancel_restore")): Object: 'Object Repository/09-Settings/Users/Active User/button_Cancel_restore' is clicked on

2022-11-21 16:26:48 - [MESSAGE][PASSED] - Object: 'Object Repository/09-Settings/Users/Active User/button_Cancel_restore' is clicked on

2022-11-21 16:26:48 - [TEST_STEP][PASSED] - delay(3): Delayed 3 second(s)

2022-11-21 16:26:51 - [MESSAGE][PASSED] - Delayed 3 second(s)

2022-11-21 16:26:51 - [TEST_STEP][PASSED] - click(findTestObject("11-Cloud Files/button_cloud_upload Upload Files  Create Folders")): Object: 'Object Repository/11-Cloud Files/button_cloud_upload Upload Files  Create Folders' is clicked on

2022-11-21 16:26:51 - [MESSAGE][PASSED] - Object: 'Object Repository/11-Cloud Files/button_cloud_upload Upload Files  Create Folders' is clicked on

2022-11-21 16:26:51 - [TEST_STEP][PASSED] - click(findTestObject("11-Cloud Files/button_create_new_folderNew Folder")): Object: 'Object Repository/11-Cloud Files/button_create_new_folderNew Folder' is clicked on

2022-11-21 16:26:52 - [MESSAGE][PASSED] - Object: 'Object Repository/11-Cloud Files/button_create_new_folderNew Folder' is clicked on

2022-11-21 16:26:52 - [TEST_STEP][PASSED] - verifyElementVisible(findTestObject("11-Cloud Files/mat-dialog-container_CreateNewFolder modal")): Object 'Object Repository/11-Cloud Files/mat-dialog-container_CreateNewFolder modal' is visible

2022-11-21 16:26:53 - [MESSAGE][PASSED] - Object 'Object Repository/11-Cloud Files/mat-dialog-container_CreateNewFolder modal' is visible

2022-11-21 16:26:53 - [TEST_STEP][PASSED] - verifyElementVisible(findTestObject("11-Cloud Files/h4_New folder")): Object 'Object Repository/11-Cloud Files/h4_New folder' is visible

2022-11-21 16:26:53 - [MESSAGE][PASSED] - Object 'Object Repository/11-Cloud Files/h4_New folder' is visible

2022-11-21 16:26:53 - [TEST_STEP][PASSED] - setText(findTestObject("11-Cloud Files/input_folderName"), "Automation folder"): Text 'Automation folder' is set on object 'Object Repository/11-Cloud Files/input_folderName'

2022-11-21 16:26:54 - [MESSAGE][PASSED] - Text 'Automation folder' is set on object 'Object Repository/11-Cloud Files/input_folderName'

2022-11-21 16:26:54 - [TEST_STEP][PASSED] - click(findTestObject("11-Cloud Files/button_Confirm")): Object: 'Object Repository/11-Cloud Files/button_Confirm' is clicked on

2022-11-21 16:26:55 - [MESSAGE][PASSED] - Object: 'Object Repository/11-Cloud Files/button_Confirm' is clicked on

2022-11-21 16:26:55 - [TEST_STEP][PASSED] - delay(3): Delayed 3 second(s)

2022-11-21 16:26:58 - [MESSAGE][PASSED] - Delayed 3 second(s)

2022-11-21 16:26:58 - [TEST_STEP][PASSED] - click(findTestObject("11-Cloud Files/mat-icon_refresh")): Object: 'Object Repository/11-Cloud Files/mat-icon_refresh' is clicked on

2022-11-21 16:26:58 - [MESSAGE][PASSED] - Object: 'Object Repository/11-Cloud Files/mat-icon_refresh' is clicked on

2022-11-21 16:26:58 - [TEST_STEP][PASSED] - verifyElementVisible(findTestObject("11-Cloud Files/td_Automation folder")): Object 'Object Repository/11-Cloud Files/td_Automation folder' is visible

2022-11-21 16:26:59 - [MESSAGE][PASSED] - Object 'Object Repository/11-Cloud Files/td_Automation folder' is visible

2022-11-21 16:26:59 - [TEST_STEP][PASSED] - delay(3): Delayed 3 second(s)

2022-11-21 16:27:02 - [MESSAGE][PASSED] - Delayed 3 second(s)

2022-11-21 16:27:02 - [TEST_STEP][PASSED] - setText(findTestObject("11-Cloud Files/input_Search cloudfiles"), "Automation folder"): Text 'Automation folder' is set on object 'Object Repository/11-Cloud Files/input_Search cloudfiles'

2022-11-21 16:27:03 - [MESSAGE][PASSED] - Text 'Automation folder' is set on object 'Object Repository/11-Cloud Files/input_Search cloudfiles'

2022-11-21 16:27:03 - [TEST_STEP][PASSED] - sendKeys(findTestObject("11-Cloud Files/input_Search cloudfiles"), Keys.chord(ENTER)): Keys 'ENTER + ' sent to object: 'Object Repository/11-Cloud Files/input_Search cloudfiles'

2022-11-21 16:27:03 - [MESSAGE][PASSED] - Keys 'ENTER + ' sent to object: 'Object Repository/11-Cloud Files/input_Search cloudfiles'

2022-11-21 16:27:03 - [TEST_STEP][PASSED] - verifyElementVisible(findTestObject("11-Cloud Files/td_Automation folder")): Object 'Object Repository/11-Cloud Files/td_Automation folder' is visible

2022-11-21 16:27:04 - [MESSAGE][PASSED] - Object 'Object Repository/11-Cloud Files/td_Automation folder' is visible

2022-11-21 16:27:04 - [TEST_STEP][PASSED] - click(findTestObject("11-Cloud Files/mat-icon_refresh")): Object: 'Object Repository/11-Cloud Files/mat-icon_refresh' is clicked on

2022-11-21 16:27:04 - [MESSAGE][PASSED] - Object: 'Object Repository/11-Cloud Files/mat-icon_refresh' is clicked on]]></system-out>
         <system-err><![CDATA[]]></system-err>
      </testcase>
      <testcase name="Test Cases/11-Cloud Files/02-Upload Local File" time="13.718" classname="Test Cases/11-Cloud Files/02-Upload Local File" status="PASSED">
         <system-out><![CDATA[2022-11-21 16:27:04 - [TEST_CASE][PASSED] - Test Cases/11-Cloud Files/02-Upload Local File: Test Cases/11-Cloud Files/02-Upload Local File

2022-11-21 16:27:04 - [TEST_STEP][PASSED] - delay(4): Delayed 4 second(s)

2022-11-21 16:27:08 - [MESSAGE][PASSED] - Delayed 4 second(s)

2022-11-21 16:27:08 - [TEST_STEP][PASSED] - click(findTestObject("11-Cloud Files/button_cloud_upload Upload Files  Create Folders")): Object: 'Object Repository/11-Cloud Files/button_cloud_upload Upload Files  Create Folders' is clicked on

2022-11-21 16:27:09 - [MESSAGE][PASSED] - Object: 'Object Repository/11-Cloud Files/button_cloud_upload Upload Files  Create Folders' is clicked on

2022-11-21 16:27:09 - [TEST_STEP][PASSED] - uploadpackage.Upload.uploadFile(findTestObject("Object Repository/11-Cloud Files/button_cloud_uploadUpload Local File"), "C:\Users\User\Desktop\EL automation\qa.jpg"): uploadpackage.Upload.uploadFile is PASSED

2022-11-21 16:27:09 - [MESSAGE][PASSED] - Object: 'Object Repository/11-Cloud Files/button_cloud_uploadUpload Local File' is clicked on

2022-11-21 16:27:10 - [MESSAGE][PASSED] - uploadpackage.Upload.uploadFile is PASSED

2022-11-21 16:27:10 - [TEST_STEP][PASSED] - delay(2): Delayed 2 second(s)

2022-11-21 16:27:12 - [MESSAGE][PASSED] - Delayed 2 second(s)

2022-11-21 16:27:12 - [TEST_STEP][PASSED] - verifyElementVisible(findTestObject("11-Cloud Files/mat-dialog-container_Upload local file modal")): Object 'Object Repository/11-Cloud Files/mat-dialog-container_Upload local file modal' is visible

2022-11-21 16:27:14 - [MESSAGE][PASSED] - Object 'Object Repository/11-Cloud Files/mat-dialog-container_Upload local file modal' is visible

2022-11-21 16:27:14 - [TEST_STEP][PASSED] - click(findTestObject("11-Cloud Files/button_Confirm")): Object: 'Object Repository/11-Cloud Files/button_Confirm' is clicked on

2022-11-21 16:27:14 - [MESSAGE][PASSED] - Object: 'Object Repository/11-Cloud Files/button_Confirm' is clicked on

2022-11-21 16:27:14 - [TEST_STEP][PASSED] - delay(3): Delayed 3 second(s)

2022-11-21 16:27:17 - [MESSAGE][PASSED] - Delayed 3 second(s)

2022-11-21 16:27:17 - [TEST_STEP][PASSED] - verifyElementVisible(findTestObject("11-Cloud Files/div_Upload completed clear")): Object 'Object Repository/11-Cloud Files/div_Upload completed clear' is visible

2022-11-21 16:27:18 - [MESSAGE][PASSED] - Object 'Object Repository/11-Cloud Files/div_Upload completed clear' is visible]]></system-out>
         <system-err><![CDATA[]]></system-err>
      </testcase>
      <testcase name="Test Cases/11-Cloud Files/03-Rename a folder" time="13.195" classname="Test Cases/11-Cloud Files/03-Rename a folder" status="PASSED">
         <system-out><![CDATA[2022-11-21 16:27:18 - [TEST_CASE][PASSED] - Test Cases/11-Cloud Files/03-Rename a folder: Test Cases/11-Cloud Files/03-Rename a folder

2022-11-21 16:27:18 - [TEST_STEP][PASSED] - delay(3): Delayed 3 second(s)

2022-11-21 16:27:21 - [MESSAGE][PASSED] - Delayed 3 second(s)

2022-11-21 16:27:21 - [TEST_STEP][PASSED] - rightClick(findTestObject("11-Cloud Files/td_Automation folder")): Object: 'Object Repository/11-Cloud Files/td_Automation folder' is right clicked on

2022-11-21 16:27:21 - [MESSAGE][PASSED] - Object: 'Object Repository/11-Cloud Files/td_Automation folder' is right clicked on

2022-11-21 16:27:21 - [TEST_STEP][PASSED] - click(findTestObject("11-Cloud Files/button_Rename")): Object: 'Object Repository/11-Cloud Files/button_Rename' is clicked on

2022-11-21 16:27:22 - [MESSAGE][PASSED] - Object: 'Object Repository/11-Cloud Files/button_Rename' is clicked on

2022-11-21 16:27:22 - [TEST_STEP][PASSED] - verifyElementVisible(findTestObject("11-Cloud Files/mat-dialog-container_RenameName nodal")): Object 'Object Repository/11-Cloud Files/mat-dialog-container_RenameName nodal' is visible

2022-11-21 16:27:23 - [MESSAGE][PASSED] - Object 'Object Repository/11-Cloud Files/mat-dialog-container_RenameName nodal' is visible

2022-11-21 16:27:23 - [TEST_STEP][PASSED] - click(findTestObject("09-Settings/Users/Active User/button_Cancel_restore")): Object: 'Object Repository/09-Settings/Users/Active User/button_Cancel_restore' is clicked on

2022-11-21 16:27:23 - [MESSAGE][PASSED] - Object: 'Object Repository/09-Settings/Users/Active User/button_Cancel_restore' is clicked on

2022-11-21 16:27:23 - [TEST_STEP][PASSED] - delay(3): Delayed 3 second(s)

2022-11-21 16:27:26 - [MESSAGE][PASSED] - Delayed 3 second(s)

2022-11-21 16:27:26 - [TEST_STEP][PASSED] - rightClick(findTestObject("11-Cloud Files/td_Automation folder")): Object: 'Object Repository/11-Cloud Files/td_Automation folder' is right clicked on

2022-11-21 16:27:27 - [MESSAGE][PASSED] - Object: 'Object Repository/11-Cloud Files/td_Automation folder' is right clicked on

2022-11-21 16:27:27 - [TEST_STEP][PASSED] - click(findTestObject("11-Cloud Files/button_Rename")): Object: 'Object Repository/11-Cloud Files/button_Rename' is clicked on

2022-11-21 16:27:28 - [MESSAGE][PASSED] - Object: 'Object Repository/11-Cloud Files/button_Rename' is clicked on

2022-11-21 16:27:28 - [TEST_STEP][PASSED] - verifyElementVisible(findTestObject("11-Cloud Files/mat-dialog-container_RenameName nodal")): Object 'Object Repository/11-Cloud Files/mat-dialog-container_RenameName nodal' is visible

2022-11-21 16:27:28 - [MESSAGE][PASSED] - Object 'Object Repository/11-Cloud Files/mat-dialog-container_RenameName nodal' is visible

2022-11-21 16:27:28 - [TEST_STEP][PASSED] - setText(findTestObject("11-Cloud Files/input_Rename"), "Automation folder EDIT"): Text 'Automation folder EDIT' is set on object 'Object Repository/11-Cloud Files/input_Rename'

2022-11-21 16:27:29 - [MESSAGE][PASSED] - Text 'Automation folder EDIT' is set on object 'Object Repository/11-Cloud Files/input_Rename'

2022-11-21 16:27:29 - [TEST_STEP][PASSED] - click(findTestObject("09-Settings/Users/Active User/button_Save")): Object: 'Object Repository/09-Settings/Users/Active User/button_Save' is clicked on

2022-11-21 16:27:29 - [MESSAGE][PASSED] - Object: 'Object Repository/09-Settings/Users/Active User/button_Save' is clicked on

2022-11-21 16:27:29 - [TEST_STEP][PASSED] - verifyElementVisible(findTestObject("11-Cloud Files/snack-bar-container_Successfully changed nameOK")): Object 'Object Repository/11-Cloud Files/snack-bar-container_Successfully changed nameOK' is visible

2022-11-21 16:27:31 - [MESSAGE][PASSED] - Object 'Object Repository/11-Cloud Files/snack-bar-container_Successfully changed nameOK' is visible]]></system-out>
         <system-err><![CDATA[]]></system-err>
      </testcase>
      <testcase name="Test Cases/11-Cloud Files/04-Rename a file" time="8.225" classname="Test Cases/11-Cloud Files/04-Rename a file" status="PASSED">
         <system-out><![CDATA[2022-11-21 16:27:31 - [TEST_CASE][PASSED] - Test Cases/11-Cloud Files/04-Rename a file: Test Cases/11-Cloud Files/04-Rename a file

2022-11-21 16:27:31 - [TEST_STEP][PASSED] - delay(3): Delayed 3 second(s)

2022-11-21 16:27:34 - [MESSAGE][PASSED] - Delayed 3 second(s)

2022-11-21 16:27:34 - [TEST_STEP][PASSED] - rightClick(findTestObject("11-Cloud Files/td_qa")): Object: 'Object Repository/11-Cloud Files/td_qa' is right clicked on

2022-11-21 16:27:35 - [MESSAGE][PASSED] - Object: 'Object Repository/11-Cloud Files/td_qa' is right clicked on

2022-11-21 16:27:35 - [TEST_STEP][PASSED] - click(findTestObject("11-Cloud Files/button_Rename")): Object: 'Object Repository/11-Cloud Files/button_Rename' is clicked on

2022-11-21 16:27:36 - [MESSAGE][PASSED] - Object: 'Object Repository/11-Cloud Files/button_Rename' is clicked on

2022-11-21 16:27:36 - [TEST_STEP][PASSED] - verifyElementVisible(findTestObject("11-Cloud Files/mat-dialog-container_RenameName nodal")): Object 'Object Repository/11-Cloud Files/mat-dialog-container_RenameName nodal' is visible

2022-11-21 16:27:36 - [MESSAGE][PASSED] - Object 'Object Repository/11-Cloud Files/mat-dialog-container_RenameName nodal' is visible

2022-11-21 16:27:36 - [TEST_STEP][PASSED] - setText(findTestObject("11-Cloud Files/input_Rename"), "qa EDIT"): Text 'qa EDIT' is set on object 'Object Repository/11-Cloud Files/input_Rename'

2022-11-21 16:27:37 - [MESSAGE][PASSED] - Text 'qa EDIT' is set on object 'Object Repository/11-Cloud Files/input_Rename'

2022-11-21 16:27:37 - [TEST_STEP][PASSED] - click(findTestObject("09-Settings/Users/Active User/button_Save")): Object: 'Object Repository/09-Settings/Users/Active User/button_Save' is clicked on

2022-11-21 16:27:37 - [MESSAGE][PASSED] - Object: 'Object Repository/09-Settings/Users/Active User/button_Save' is clicked on

2022-11-21 16:27:37 - [TEST_STEP][PASSED] - verifyElementVisible(findTestObject("11-Cloud Files/snack-bar-container_Successfully changed nameOK")): Object 'Object Repository/11-Cloud Files/snack-bar-container_Successfully changed nameOK' is visible

2022-11-21 16:27:39 - [MESSAGE][PASSED] - Object 'Object Repository/11-Cloud Files/snack-bar-container_Successfully changed nameOK' is visible]]></system-out>
         <system-err><![CDATA[]]></system-err>
      </testcase>
      <testcase name="Test Cases/11-Cloud Files/05-Download a file" time="6.833" classname="Test Cases/11-Cloud Files/05-Download a file" status="PASSED">
         <system-out><![CDATA[2022-11-21 16:27:39 - [TEST_CASE][PASSED] - Test Cases/11-Cloud Files/05-Download a file: Test Cases/11-Cloud Files/05-Download a file

2022-11-21 16:27:39 - [TEST_STEP][PASSED] - delay(3): Delayed 3 second(s)

2022-11-21 16:27:42 - [MESSAGE][PASSED] - Delayed 3 second(s)

2022-11-21 16:27:42 - [TEST_STEP][PASSED] - rightClick(findTestObject("11-Cloud Files/td_qa EDIT")): Object: 'Object Repository/11-Cloud Files/td_qa EDIT' is right clicked on

2022-11-21 16:27:43 - [MESSAGE][PASSED] - Object: 'Object Repository/11-Cloud Files/td_qa EDIT' is right clicked on

2022-11-21 16:27:43 - [TEST_STEP][PASSED] - click(findTestObject("11-Cloud Files/button_download")): Object: 'Object Repository/11-Cloud Files/button_download' is clicked on

2022-11-21 16:27:44 - [MESSAGE][PASSED] - Object: 'Object Repository/11-Cloud Files/button_download' is clicked on

2022-11-21 16:27:44 - [TEST_STEP][PASSED] - verifyElementVisible(findTestObject("11-Cloud Files/div_Done downloading qaclear")): Object 'Object Repository/11-Cloud Files/div_Done downloading qaclear' is visible

2022-11-21 16:27:46 - [MESSAGE][PASSED] - Object 'Object Repository/11-Cloud Files/div_Done downloading qaclear' is visible]]></system-out>
         <system-err><![CDATA[]]></system-err>
      </testcase>
      <testcase name="Test Cases/11-Cloud Files/06-Open a file" time="11.548" classname="Test Cases/11-Cloud Files/06-Open a file" status="PASSED">
         <system-out><![CDATA[2022-11-21 16:27:46 - [TEST_CASE][PASSED] - Test Cases/11-Cloud Files/06-Open a file: Test Cases/11-Cloud Files/06-Open a file

2022-11-21 16:27:46 - [TEST_STEP][PASSED] - delay(3): Delayed 3 second(s)

2022-11-21 16:27:49 - [MESSAGE][PASSED] - Delayed 3 second(s)

2022-11-21 16:27:49 - [TEST_STEP][PASSED] - rightClick(findTestObject("11-Cloud Files/td_qa EDIT")): Object: 'Object Repository/11-Cloud Files/td_qa EDIT' is right clicked on

2022-11-21 16:27:50 - [MESSAGE][PASSED] - Object: 'Object Repository/11-Cloud Files/td_qa EDIT' is right clicked on

2022-11-21 16:27:50 - [TEST_STEP][PASSED] - click(findTestObject("11-Cloud Files/button_Open")): Object: 'Object Repository/11-Cloud Files/button_Open' is clicked on

2022-11-21 16:27:50 - [MESSAGE][PASSED] - Object: 'Object Repository/11-Cloud Files/button_Open' is clicked on

2022-11-21 16:27:50 - [TEST_STEP][PASSED] - switchToWindowIndex(1): Switched to window with index: '1'

2022-11-21 16:27:52 - [MESSAGE][PASSED] - Switched to window with index: '1'

2022-11-21 16:27:52 - [TEST_STEP][PASSED] - closeWindowIndex(1): Window with index 1 is closed

2022-11-21 16:27:52 - [MESSAGE][PASSED] - Window with index 1 is closed

2022-11-21 16:27:52 - [TEST_STEP][PASSED] - switchToWindowIndex(0): Switched to window with index: '0'

2022-11-21 16:27:52 - [MESSAGE][PASSED] - Switched to window with index: '0'

2022-11-21 16:27:52 - [TEST_STEP][PASSED] - delay(5): Delayed 5 second(s)

2022-11-21 16:27:57 - [MESSAGE][PASSED] - Delayed 5 second(s)]]></system-out>
         <system-err><![CDATA[]]></system-err>
      </testcase>
      <testcase name="Test Cases/11-Cloud Files/07-Share a folder" time="22.235" classname="Test Cases/11-Cloud Files/07-Share a folder" status="PASSED">
         <system-out><![CDATA[2022-11-21 16:27:57 - [TEST_CASE][PASSED] - Test Cases/11-Cloud Files/07-Share a folder: Test Cases/11-Cloud Files/07-Share a folder

2022-11-21 16:27:58 - [TEST_STEP][PASSED] - rightClick(findTestObject("11-Cloud Files/td_Automation folder EDIT")): Object: 'Object Repository/11-Cloud Files/td_Automation folder EDIT' is right clicked on

2022-11-21 16:27:58 - [MESSAGE][PASSED] - Object: 'Object Repository/11-Cloud Files/td_Automation folder EDIT' is right clicked on

2022-11-21 16:27:58 - [TEST_STEP][PASSED] - click(findTestObject("11-Cloud Files/button_Share")): Object: 'Object Repository/11-Cloud Files/button_Share' is clicked on

2022-11-21 16:27:59 - [MESSAGE][PASSED] - Object: 'Object Repository/11-Cloud Files/button_Share' is clicked on

2022-11-21 16:27:59 - [TEST_STEP][PASSED] - verifyElementVisible(findTestObject("11-Cloud Files/mat-dialog-container_ShareFiles Modal")): Object 'Object Repository/11-Cloud Files/mat-dialog-container_ShareFiles Modal' is visible

2022-11-21 16:28:00 - [MESSAGE][PASSED] - Object 'Object Repository/11-Cloud Files/mat-dialog-container_ShareFiles Modal' is visible

2022-11-21 16:28:00 - [TEST_STEP][PASSED] - click(findTestObject("11-Cloud Files/mat-icon_close")): Object: 'Object Repository/11-Cloud Files/mat-icon_close' is clicked on

2022-11-21 16:28:00 - [MESSAGE][PASSED] - Object: 'Object Repository/11-Cloud Files/mat-icon_close' is clicked on

2022-11-21 16:28:00 - [TEST_STEP][PASSED] - delay(3): Delayed 3 second(s)

2022-11-21 16:28:03 - [MESSAGE][PASSED] - Delayed 3 second(s)

2022-11-21 16:28:03 - [TEST_STEP][PASSED] - rightClick(findTestObject("11-Cloud Files/td_Automation folder EDIT")): Object: 'Object Repository/11-Cloud Files/td_Automation folder EDIT' is right clicked on

2022-11-21 16:28:04 - [MESSAGE][PASSED] - Object: 'Object Repository/11-Cloud Files/td_Automation folder EDIT' is right clicked on

2022-11-21 16:28:04 - [TEST_STEP][PASSED] - click(findTestObject("11-Cloud Files/button_Share")): Object: 'Object Repository/11-Cloud Files/button_Share' is clicked on

2022-11-21 16:28:04 - [MESSAGE][PASSED] - Object: 'Object Repository/11-Cloud Files/button_Share' is clicked on

2022-11-21 16:28:04 - [TEST_STEP][PASSED] - verifyElementVisible(findTestObject("11-Cloud Files/mat-dialog-container_ShareFiles Modal")): Object 'Object Repository/11-Cloud Files/mat-dialog-container_ShareFiles Modal' is visible

2022-11-21 16:28:05 - [MESSAGE][PASSED] - Object 'Object Repository/11-Cloud Files/mat-dialog-container_ShareFiles Modal' is visible

2022-11-21 16:28:05 - [TEST_STEP][PASSED] - click(findTestObject("11-Cloud Files/input_Add Users")): Object: 'Object Repository/11-Cloud Files/input_Add Users' is clicked on

2022-11-21 16:28:05 - [MESSAGE][PASSED] - Object: 'Object Repository/11-Cloud Files/input_Add Users' is clicked on

2022-11-21 16:28:05 - [TEST_STEP][PASSED] - click(findTestObject("11-Cloud Files/mat-option_GTGG tester")): Object: 'Object Repository/11-Cloud Files/mat-option_GTGG tester' is clicked on

2022-11-21 16:28:06 - [MESSAGE][PASSED] - Object: 'Object Repository/11-Cloud Files/mat-option_GTGG tester' is clicked on

2022-11-21 16:28:06 - [TEST_STEP][PASSED] - click(findTestObject("10-Open Video Conference/mat-icon_cancel")): Object: 'Object Repository/10-Open Video Conference/mat-icon_cancel' is clicked on

2022-11-21 16:28:06 - [MESSAGE][PASSED] - Object: 'Object Repository/10-Open Video Conference/mat-icon_cancel' is clicked on

2022-11-21 16:28:06 - [TEST_STEP][PASSED] - delay(3): Delayed 3 second(s)

2022-11-21 16:28:09 - [MESSAGE][PASSED] - Delayed 3 second(s)

2022-11-21 16:28:09 - [TEST_STEP][PASSED] - click(findTestObject("11-Cloud Files/input_Add Users")): Object: 'Object Repository/11-Cloud Files/input_Add Users' is clicked on

2022-11-21 16:28:10 - [MESSAGE][PASSED] - Object: 'Object Repository/11-Cloud Files/input_Add Users' is clicked on

2022-11-21 16:28:10 - [TEST_STEP][PASSED] - click(findTestObject("11-Cloud Files/mat-option_GTGG tester 2")): Object: 'Object Repository/11-Cloud Files/mat-option_GTGG tester 2' is clicked on

2022-11-21 16:28:10 - [MESSAGE][PASSED] - Object: 'Object Repository/11-Cloud Files/mat-option_GTGG tester 2' is clicked on

2022-11-21 16:28:10 - [TEST_STEP][PASSED] - click(findTestObject("11-Cloud Files/mat-option_GTGG tester")): Object: 'Object Repository/11-Cloud Files/mat-option_GTGG tester' is clicked on

2022-11-21 16:28:11 - [MESSAGE][PASSED] - Object: 'Object Repository/11-Cloud Files/mat-option_GTGG tester' is clicked on

2022-11-21 16:28:11 - [TEST_STEP][PASSED] - clickOffset(findTestObject("11-Cloud Files/button_Copy Share Link"), 10, 10): Object: 'Object Repository/11-Cloud Files/button_Copy Share Link' is clicked on using offset x=10 and y=10

2022-11-21 16:28:11 - [MESSAGE][PASSED] - Object: 'Object Repository/11-Cloud Files/button_Copy Share Link' is clicked on using offset x=10 and y=10

2022-11-21 16:28:11 - [TEST_STEP][PASSED] - click(findTestObject("11-Cloud Files/div_mat-checkbox-notify-user")): Object: 'Object Repository/11-Cloud Files/div_mat-checkbox-notify-user' is clicked on

2022-11-21 16:28:13 - [MESSAGE][PASSED] - Object: 'Object Repository/11-Cloud Files/div_mat-checkbox-notify-user' is clicked on

2022-11-21 16:28:13 - [TEST_STEP][PASSED] - click(findTestObject("11-Cloud Files/div_mat-checkbox-notify-user")): Object: 'Object Repository/11-Cloud Files/div_mat-checkbox-notify-user' is clicked on

2022-11-21 16:28:14 - [MESSAGE][PASSED] - Object: 'Object Repository/11-Cloud Files/div_mat-checkbox-notify-user' is clicked on

2022-11-21 16:28:14 - [TEST_STEP][PASSED] - click(findTestObject("11-Cloud Files/div_dropdown")): Object: 'Object Repository/11-Cloud Files/div_dropdown' is clicked on

2022-11-21 16:28:14 - [MESSAGE][PASSED] - Object: 'Object Repository/11-Cloud Files/div_dropdown' is clicked on

2022-11-21 16:28:14 - [TEST_STEP][PASSED] - click(findTestObject("11-Cloud Files/span_Viewer")): Object: 'Object Repository/11-Cloud Files/span_Viewer' is clicked on

2022-11-21 16:28:15 - [MESSAGE][PASSED] - Object: 'Object Repository/11-Cloud Files/span_Viewer' is clicked on

2022-11-21 16:28:15 - [TEST_STEP][PASSED] - click(findTestObject("11-Cloud Files/button_done")): Object: 'Object Repository/11-Cloud Files/button_done' is clicked on

2022-11-21 16:28:16 - [MESSAGE][PASSED] - Object: 'Object Repository/11-Cloud Files/button_done' is clicked on

2022-11-21 16:28:16 - [TEST_STEP][PASSED] - delay(4): Delayed 4 second(s)

2022-11-21 16:28:20 - [MESSAGE][PASSED] - Delayed 4 second(s)]]></system-out>
         <system-err><![CDATA[]]></system-err>
      </testcase>
      <testcase name="Test Cases/11-Cloud Files/08-Share a folder - Edit" time="38.32" classname="Test Cases/11-Cloud Files/08-Share a folder - Edit" status="PASSED">
         <system-out><![CDATA[2022-11-21 16:28:20 - [TEST_CASE][PASSED] - Test Cases/11-Cloud Files/08-Share a folder - Edit: Test Cases/11-Cloud Files/08-Share a folder - Edit

2022-11-21 16:28:20 - [TEST_STEP][PASSED] - delay(3): Delayed 3 second(s)

2022-11-21 16:28:23 - [MESSAGE][PASSED] - Delayed 3 second(s)

2022-11-21 16:28:23 - [TEST_STEP][PASSED] - rightClick(findTestObject("11-Cloud Files/td_Automation folder EDIT")): Object: 'Object Repository/11-Cloud Files/td_Automation folder EDIT' is right clicked on

2022-11-21 16:28:23 - [MESSAGE][PASSED] - Object: 'Object Repository/11-Cloud Files/td_Automation folder EDIT' is right clicked on

2022-11-21 16:28:23 - [TEST_STEP][PASSED] - click(findTestObject("11-Cloud Files/button_Share")): Object: 'Object Repository/11-Cloud Files/button_Share' is clicked on

2022-11-21 16:28:24 - [MESSAGE][PASSED] - Object: 'Object Repository/11-Cloud Files/button_Share' is clicked on

2022-11-21 16:28:24 - [TEST_STEP][PASSED] - verifyElementVisible(findTestObject("11-Cloud Files/mat-dialog-container_View Share Files Modal")): Object 'Object Repository/11-Cloud Files/mat-dialog-container_View Share Files Modal' is visible

2022-11-21 16:28:25 - [MESSAGE][PASSED] - Object 'Object Repository/11-Cloud Files/mat-dialog-container_View Share Files Modal' is visible

2022-11-21 16:28:25 - [TEST_STEP][PASSED] - click(findTestObject("11-Cloud Files/div_dropdown")): Object: 'Object Repository/11-Cloud Files/div_dropdown' is clicked on

2022-11-21 16:28:25 - [MESSAGE][PASSED] - Object: 'Object Repository/11-Cloud Files/div_dropdown' is clicked on

2022-11-21 16:28:25 - [TEST_STEP][PASSED] - click(findTestObject("11-Cloud Files/mat-option_editor")): Object: 'Object Repository/11-Cloud Files/mat-option_editor' is clicked on

2022-11-21 16:28:26 - [MESSAGE][PASSED] - Object: 'Object Repository/11-Cloud Files/mat-option_editor' is clicked on

2022-11-21 16:28:26 - [TEST_STEP][PASSED] - delay(3): Delayed 3 second(s)

2022-11-21 16:28:29 - [MESSAGE][PASSED] - Delayed 3 second(s)

2022-11-21 16:28:29 - [TEST_STEP][PASSED] - verifyElementVisible(findTestObject("11-Cloud Files/div_GTGG tester2")): Object 'Object Repository/11-Cloud Files/div_GTGG tester2' is visible

2022-11-21 16:28:29 - [MESSAGE][PASSED] - Object 'Object Repository/11-Cloud Files/div_GTGG tester2' is visible

2022-11-21 16:28:29 - [TEST_STEP][PASSED] - click(findTestObject("11-Cloud Files/div_dropdown2")): Object: 'Object Repository/11-Cloud Files/div_dropdown2' is clicked on

2022-11-21 16:28:29 - [MESSAGE][PASSED] - Object: 'Object Repository/11-Cloud Files/div_dropdown2' is clicked on

2022-11-21 16:28:29 - [TEST_STEP][PASSED] - click(findTestObject("11-Cloud Files/mat-option-checkmark_editor")): Object: 'Object Repository/11-Cloud Files/mat-option-checkmark_editor' is clicked on

2022-11-21 16:28:30 - [MESSAGE][PASSED] - Object: 'Object Repository/11-Cloud Files/mat-option-checkmark_editor' is clicked on

2022-11-21 16:28:30 - [TEST_STEP][PASSED] - delay(3): Delayed 3 second(s)

2022-11-21 16:28:33 - [MESSAGE][PASSED] - Delayed 3 second(s)

2022-11-21 16:28:33 - [TEST_STEP][PASSED] - verifyElementVisible(findTestObject("11-Cloud Files/div_GTGG tester")): Object 'Object Repository/11-Cloud Files/div_GTGG tester' is visible

2022-11-21 16:28:33 - [MESSAGE][PASSED] - Object 'Object Repository/11-Cloud Files/div_GTGG tester' is visible

2022-11-21 16:28:33 - [TEST_STEP][PASSED] - click(findTestObject("11-Cloud Files/div_dropdown3")): Object: 'Object Repository/11-Cloud Files/div_dropdown3' is clicked on

2022-11-21 16:28:34 - [MESSAGE][PASSED] - Object: 'Object Repository/11-Cloud Files/div_dropdown3' is clicked on

2022-11-21 16:28:34 - [TEST_STEP][PASSED] - click(findTestObject("11-Cloud Files/span_delete Remove Access")): Object: 'Object Repository/11-Cloud Files/span_delete Remove Access' is clicked on

2022-11-21 16:28:34 - [MESSAGE][PASSED] - Object: 'Object Repository/11-Cloud Files/span_delete Remove Access' is clicked on

2022-11-21 16:28:34 - [TEST_STEP][PASSED] - click(findTestObject("11-Cloud Files/button_done")): Object: 'Object Repository/11-Cloud Files/button_done' is clicked on

2022-11-21 16:28:35 - [MESSAGE][PASSED] - Object: 'Object Repository/11-Cloud Files/button_done' is clicked on

2022-11-21 16:28:35 - [TEST_STEP][PASSED] - delay(3): Delayed 3 second(s)

2022-11-21 16:28:38 - [MESSAGE][PASSED] - Delayed 3 second(s)

2022-11-21 16:28:38 - [TEST_STEP][PASSED] - rightClick(findTestObject("11-Cloud Files/td_Automation folder EDIT")): Object: 'Object Repository/11-Cloud Files/td_Automation folder EDIT' is right clicked on

2022-11-21 16:28:39 - [MESSAGE][PASSED] - Object: 'Object Repository/11-Cloud Files/td_Automation folder EDIT' is right clicked on

2022-11-21 16:28:39 - [TEST_STEP][PASSED] - click(findTestObject("11-Cloud Files/button_Share")): Object: 'Object Repository/11-Cloud Files/button_Share' is clicked on

2022-11-21 16:28:39 - [MESSAGE][PASSED] - Object: 'Object Repository/11-Cloud Files/button_Share' is clicked on

2022-11-21 16:28:39 - [TEST_STEP][PASSED] - click(findTestObject("11-Cloud Files/button_Copy Share Link")): Object: 'Object Repository/11-Cloud Files/button_Copy Share Link' is clicked on

2022-11-21 16:28:40 - [MESSAGE][PASSED] - Object: 'Object Repository/11-Cloud Files/button_Copy Share Link' is clicked on

2022-11-21 16:28:40 - [TEST_STEP][PASSED] - delay(3): Delayed 3 second(s)

2022-11-21 16:28:43 - [MESSAGE][PASSED] - Delayed 3 second(s)

2022-11-21 16:28:43 - [TEST_STEP][PASSED] - my_clipboard = getContents(null).getTransferData(stringFlavor): null

2022-11-21 16:28:43 - [TEST_STEP][PASSED] - navigateToUrl(my_clipboard): Navigate to 'https://xukp7.app.goo.gl/XAG1' successfully

2022-11-21 16:28:48 - [MESSAGE][PASSED] - Navigate to 'https://xukp7.app.goo.gl/XAG1' successfully

2022-11-21 16:28:48 - [TEST_STEP][PASSED] - delay(5): Delayed 5 second(s)

2022-11-21 16:28:53 - [MESSAGE][PASSED] - Delayed 5 second(s)

2022-11-21 16:28:53 - [TEST_STEP][PASSED] - click(findTestObject("03-Header Menu/Hamburger Button/div_Cloud Files")): Object: 'Object Repository/03-Header Menu/Hamburger Button/div_Cloud Files' is clicked on

2022-11-21 16:28:53 - [MESSAGE][PASSED] - Object: 'Object Repository/03-Header Menu/Hamburger Button/div_Cloud Files' is clicked on

2022-11-21 16:28:53 - [TEST_STEP][PASSED] - delay(5): Delayed 5 second(s)

2022-11-21 16:28:58 - [MESSAGE][PASSED] - Delayed 5 second(s)]]></system-out>
         <system-err><![CDATA[]]></system-err>
      </testcase>
      <testcase name="Test Cases/11-Cloud Files/09-Share a file" time="12.611" classname="Test Cases/11-Cloud Files/09-Share a file" status="PASSED">
         <system-out><![CDATA[2022-11-21 16:28:58 - [TEST_CASE][PASSED] - Test Cases/11-Cloud Files/09-Share a file: Test Cases/11-Cloud Files/09-Share a file

2022-11-21 16:28:58 - [TEST_STEP][PASSED] - rightClick(findTestObject("11-Cloud Files/td_qa EDIT")): Object: 'Object Repository/11-Cloud Files/td_qa EDIT' is right clicked on

2022-11-21 16:28:59 - [MESSAGE][PASSED] - Object: 'Object Repository/11-Cloud Files/td_qa EDIT' is right clicked on

2022-11-21 16:28:59 - [TEST_STEP][PASSED] - click(findTestObject("11-Cloud Files/button_Share")): Object: 'Object Repository/11-Cloud Files/button_Share' is clicked on

2022-11-21 16:29:00 - [MESSAGE][PASSED] - Object: 'Object Repository/11-Cloud Files/button_Share' is clicked on

2022-11-21 16:29:00 - [TEST_STEP][PASSED] - verifyElementVisible(findTestObject("11-Cloud Files/mat-dialog-container_ShareFiles Modal")): Object 'Object Repository/11-Cloud Files/mat-dialog-container_ShareFiles Modal' is visible

2022-11-21 16:29:01 - [MESSAGE][PASSED] - Object 'Object Repository/11-Cloud Files/mat-dialog-container_ShareFiles Modal' is visible

2022-11-21 16:29:01 - [TEST_STEP][PASSED] - click(findTestObject("11-Cloud Files/input_Add Users")): Object: 'Object Repository/11-Cloud Files/input_Add Users' is clicked on

2022-11-21 16:29:01 - [MESSAGE][PASSED] - Object: 'Object Repository/11-Cloud Files/input_Add Users' is clicked on

2022-11-21 16:29:01 - [TEST_STEP][PASSED] - click(findTestObject("11-Cloud Files/mat-option_GTGG tester 2")): Object: 'Object Repository/11-Cloud Files/mat-option_GTGG tester 2' is clicked on

2022-11-21 16:29:01 - [MESSAGE][PASSED] - Object: 'Object Repository/11-Cloud Files/mat-option_GTGG tester 2' is clicked on

2022-11-21 16:29:01 - [TEST_STEP][PASSED] - click(findTestObject("11-Cloud Files/mat-option_GTGG tester")): Object: 'Object Repository/11-Cloud Files/mat-option_GTGG tester' is clicked on

2022-11-21 16:29:02 - [MESSAGE][PASSED] - Object: 'Object Repository/11-Cloud Files/mat-option_GTGG tester' is clicked on

2022-11-21 16:29:02 - [TEST_STEP][PASSED] - clickOffset(findTestObject("11-Cloud Files/button_Copy Share Link"), 10, 10): Object: 'Object Repository/11-Cloud Files/button_Copy Share Link' is clicked on using offset x=10 and y=10

2022-11-21 16:29:03 - [MESSAGE][PASSED] - Object: 'Object Repository/11-Cloud Files/button_Copy Share Link' is clicked on using offset x=10 and y=10

2022-11-21 16:29:03 - [TEST_STEP][PASSED] - click(findTestObject("11-Cloud Files/div_mat-checkbox-notify-user")): Object: 'Object Repository/11-Cloud Files/div_mat-checkbox-notify-user' is clicked on

2022-11-21 16:29:04 - [MESSAGE][PASSED] - Object: 'Object Repository/11-Cloud Files/div_mat-checkbox-notify-user' is clicked on

2022-11-21 16:29:04 - [TEST_STEP][PASSED] - click(findTestObject("11-Cloud Files/div_mat-checkbox-notify-user")): Object: 'Object Repository/11-Cloud Files/div_mat-checkbox-notify-user' is clicked on

2022-11-21 16:29:05 - [MESSAGE][PASSED] - Object: 'Object Repository/11-Cloud Files/div_mat-checkbox-notify-user' is clicked on

2022-11-21 16:29:05 - [TEST_STEP][PASSED] - click(findTestObject("11-Cloud Files/div_dropdown")): Object: 'Object Repository/11-Cloud Files/div_dropdown' is clicked on

2022-11-21 16:29:05 - [MESSAGE][PASSED] - Object: 'Object Repository/11-Cloud Files/div_dropdown' is clicked on

2022-11-21 16:29:05 - [TEST_STEP][PASSED] - click(findTestObject("11-Cloud Files/span_Viewer")): Object: 'Object Repository/11-Cloud Files/span_Viewer' is clicked on

2022-11-21 16:29:06 - [MESSAGE][PASSED] - Object: 'Object Repository/11-Cloud Files/span_Viewer' is clicked on

2022-11-21 16:29:06 - [TEST_STEP][PASSED] - click(findTestObject("11-Cloud Files/button_done")): Object: 'Object Repository/11-Cloud Files/button_done' is clicked on

2022-11-21 16:29:07 - [MESSAGE][PASSED] - Object: 'Object Repository/11-Cloud Files/button_done' is clicked on

2022-11-21 16:29:07 - [TEST_STEP][PASSED] - delay(4): Delayed 4 second(s)

2022-11-21 16:29:11 - [MESSAGE][PASSED] - Delayed 4 second(s)]]></system-out>
         <system-err><![CDATA[]]></system-err>
      </testcase>
      <testcase name="Test Cases/11-Cloud Files/10-Share a file - Edit" time="33.046" classname="Test Cases/11-Cloud Files/10-Share a file - Edit" status="PASSED">
         <system-out><![CDATA[2022-11-21 16:29:11 - [TEST_CASE][PASSED] - Test Cases/11-Cloud Files/10-Share a file - Edit: Test Cases/11-Cloud Files/10-Share a file - Edit

2022-11-21 16:29:11 - [TEST_STEP][PASSED] - rightClick(findTestObject("11-Cloud Files/td_qa EditPeople")): Object: 'Object Repository/11-Cloud Files/td_qa EditPeople' is right clicked on

2022-11-21 16:29:11 - [MESSAGE][PASSED] - Object: 'Object Repository/11-Cloud Files/td_qa EditPeople' is right clicked on

2022-11-21 16:29:11 - [TEST_STEP][PASSED] - click(findTestObject("11-Cloud Files/button_Share")): Object: 'Object Repository/11-Cloud Files/button_Share' is clicked on

2022-11-21 16:29:12 - [MESSAGE][PASSED] - Object: 'Object Repository/11-Cloud Files/button_Share' is clicked on

2022-11-21 16:29:12 - [TEST_STEP][PASSED] - verifyElementVisible(findTestObject("11-Cloud Files/mat-dialog-container_View Share Files Modal")): Object 'Object Repository/11-Cloud Files/mat-dialog-container_View Share Files Modal' is visible

2022-11-21 16:29:13 - [MESSAGE][PASSED] - Object 'Object Repository/11-Cloud Files/mat-dialog-container_View Share Files Modal' is visible

2022-11-21 16:29:13 - [TEST_STEP][PASSED] - click(findTestObject("11-Cloud Files/div_dropdown")): Object: 'Object Repository/11-Cloud Files/div_dropdown' is clicked on

2022-11-21 16:29:13 - [MESSAGE][PASSED] - Object: 'Object Repository/11-Cloud Files/div_dropdown' is clicked on

2022-11-21 16:29:13 - [TEST_STEP][PASSED] - click(findTestObject("11-Cloud Files/mat-option_editor")): Object: 'Object Repository/11-Cloud Files/mat-option_editor' is clicked on

2022-11-21 16:29:14 - [MESSAGE][PASSED] - Object: 'Object Repository/11-Cloud Files/mat-option_editor' is clicked on

2022-11-21 16:29:14 - [TEST_STEP][PASSED] - delay(3): Delayed 3 second(s)

2022-11-21 16:29:17 - [MESSAGE][PASSED] - Delayed 3 second(s)

2022-11-21 16:29:17 - [TEST_STEP][PASSED] - verifyElementVisible(findTestObject("11-Cloud Files/div_GTGG tester2")): Object 'Object Repository/11-Cloud Files/div_GTGG tester2' is visible

2022-11-21 16:29:17 - [MESSAGE][PASSED] - Object 'Object Repository/11-Cloud Files/div_GTGG tester2' is visible

2022-11-21 16:29:17 - [TEST_STEP][PASSED] - click(findTestObject("11-Cloud Files/div_dropdown2")): Object: 'Object Repository/11-Cloud Files/div_dropdown2' is clicked on

2022-11-21 16:29:18 - [MESSAGE][PASSED] - Object: 'Object Repository/11-Cloud Files/div_dropdown2' is clicked on

2022-11-21 16:29:18 - [TEST_STEP][PASSED] - click(findTestObject("11-Cloud Files/mat-option-checkmark_editor")): Object: 'Object Repository/11-Cloud Files/mat-option-checkmark_editor' is clicked on

2022-11-21 16:29:18 - [MESSAGE][PASSED] - Object: 'Object Repository/11-Cloud Files/mat-option-checkmark_editor' is clicked on

2022-11-21 16:29:18 - [TEST_STEP][PASSED] - delay(3): Delayed 3 second(s)

2022-11-21 16:29:21 - [MESSAGE][PASSED] - Delayed 3 second(s)

2022-11-21 16:29:21 - [TEST_STEP][PASSED] - verifyElementVisible(findTestObject("11-Cloud Files/div_GTGG tester")): Object 'Object Repository/11-Cloud Files/div_GTGG tester' is visible

2022-11-21 16:29:21 - [MESSAGE][PASSED] - Object 'Object Repository/11-Cloud Files/div_GTGG tester' is visible

2022-11-21 16:29:21 - [TEST_STEP][PASSED] - click(findTestObject("11-Cloud Files/div_dropdown3")): Object: 'Object Repository/11-Cloud Files/div_dropdown3' is clicked on

2022-11-21 16:29:22 - [MESSAGE][PASSED] - Object: 'Object Repository/11-Cloud Files/div_dropdown3' is clicked on

2022-11-21 16:29:22 - [TEST_STEP][PASSED] - click(findTestObject("11-Cloud Files/span_delete Remove Access")): Object: 'Object Repository/11-Cloud Files/span_delete Remove Access' is clicked on

2022-11-21 16:29:22 - [MESSAGE][PASSED] - Object: 'Object Repository/11-Cloud Files/span_delete Remove Access' is clicked on

2022-11-21 16:29:22 - [TEST_STEP][PASSED] - click(findTestObject("11-Cloud Files/button_done")): Object: 'Object Repository/11-Cloud Files/button_done' is clicked on

2022-11-21 16:29:23 - [MESSAGE][PASSED] - Object: 'Object Repository/11-Cloud Files/button_done' is clicked on

2022-11-21 16:29:23 - [TEST_STEP][PASSED] - delay(3): Delayed 3 second(s)

2022-11-21 16:29:26 - [MESSAGE][PASSED] - Delayed 3 second(s)

2022-11-21 16:29:26 - [TEST_STEP][PASSED] - rightClick(findTestObject("11-Cloud Files/td_qa EditPeople")): Object: 'Object Repository/11-Cloud Files/td_qa EditPeople' is right clicked on

2022-11-21 16:29:27 - [MESSAGE][PASSED] - Object: 'Object Repository/11-Cloud Files/td_qa EditPeople' is right clicked on

2022-11-21 16:29:27 - [TEST_STEP][PASSED] - click(findTestObject("11-Cloud Files/button_Share")): Object: 'Object Repository/11-Cloud Files/button_Share' is clicked on

2022-11-21 16:29:27 - [MESSAGE][PASSED] - Object: 'Object Repository/11-Cloud Files/button_Share' is clicked on

2022-11-21 16:29:27 - [TEST_STEP][PASSED] - click(findTestObject("11-Cloud Files/button_Copy Share Link")): Object: 'Object Repository/11-Cloud Files/button_Copy Share Link' is clicked on

2022-11-21 16:29:28 - [MESSAGE][PASSED] - Object: 'Object Repository/11-Cloud Files/button_Copy Share Link' is clicked on

2022-11-21 16:29:28 - [TEST_STEP][PASSED] - delay(3): Delayed 3 second(s)

2022-11-21 16:29:31 - [MESSAGE][PASSED] - Delayed 3 second(s)

2022-11-21 16:29:31 - [TEST_STEP][PASSED] - my_clipboard = getContents(null).getTransferData(stringFlavor): null

2022-11-21 16:29:31 - [TEST_STEP][PASSED] - navigateToUrl(my_clipboard): Navigate to 'https://xukp7.app.goo.gl/1hgQ' successfully

2022-11-21 16:29:35 - [MESSAGE][PASSED] - Navigate to 'https://xukp7.app.goo.gl/1hgQ' successfully

2022-11-21 16:29:35 - [TEST_STEP][PASSED] - switchToWindowIndex(1): Switched to window with index: '1'

2022-11-21 16:29:38 - [MESSAGE][PASSED] - Switched to window with index: '1'

2022-11-21 16:29:38 - [TEST_STEP][PASSED] - closeWindowIndex(1): Window with index 1 is closed

2022-11-21 16:29:38 - [MESSAGE][PASSED] - Window with index 1 is closed

2022-11-21 16:29:38 - [TEST_STEP][PASSED] - switchToWindowIndex(0): Switched to window with index: '0'

2022-11-21 16:29:38 - [MESSAGE][PASSED] - Switched to window with index: '0'

2022-11-21 16:29:38 - [TEST_STEP][PASSED] - click(findTestObject("03-Header Menu/Hamburger Button/div_Cloud Files")): Object: 'Object Repository/03-Header Menu/Hamburger Button/div_Cloud Files' is clicked on

2022-11-21 16:29:39 - [MESSAGE][PASSED] - Object: 'Object Repository/03-Header Menu/Hamburger Button/div_Cloud Files' is clicked on

2022-11-21 16:29:39 - [TEST_STEP][PASSED] - delay(5): Delayed 5 second(s)

2022-11-21 16:29:44 - [MESSAGE][PASSED] - Delayed 5 second(s)]]></system-out>
         <system-err><![CDATA[]]></system-err>
      </testcase>
      <testcase name="Test Cases/11-Cloud Files/11-Delete a file and folder" time="17.895" classname="Test Cases/11-Cloud Files/11-Delete a file and folder" status="PASSED">
         <system-out><![CDATA[2022-11-21 16:29:44 - [TEST_CASE][PASSED] - Test Cases/11-Cloud Files/11-Delete a file and folder: Test Cases/11-Cloud Files/11-Delete a file and folder

2022-11-21 16:29:44 - [TEST_STEP][PASSED] - rightClick(findTestObject("11-Cloud Files/td_Automation folder EDIT")): Object: 'Object Repository/11-Cloud Files/td_Automation folder EDIT' is right clicked on

2022-11-21 16:29:44 - [MESSAGE][PASSED] - Object: 'Object Repository/11-Cloud Files/td_Automation folder EDIT' is right clicked on

2022-11-21 16:29:44 - [TEST_STEP][PASSED] - click(findTestObject("11-Cloud Files/button_deleteDelete")): Object: 'Object Repository/11-Cloud Files/button_deleteDelete' is clicked on

2022-11-21 16:29:45 - [MESSAGE][PASSED] - Object: 'Object Repository/11-Cloud Files/button_deleteDelete' is clicked on

2022-11-21 16:29:45 - [TEST_STEP][PASSED] - verifyElementVisible(findTestObject("11-Cloud Files/mat-dialog-container_DeleteConfirmationModalFolder")): Object 'Object Repository/11-Cloud Files/mat-dialog-container_DeleteConfirmationModalFolder' is visible

2022-11-21 16:29:46 - [MESSAGE][PASSED] - Object 'Object Repository/11-Cloud Files/mat-dialog-container_DeleteConfirmationModalFolder' is visible

2022-11-21 16:29:46 - [TEST_STEP][PASSED] - click(findTestObject("09-Settings/Users/Active User/button_Cancel_restore")): Object: 'Object Repository/09-Settings/Users/Active User/button_Cancel_restore' is clicked on

2022-11-21 16:29:46 - [MESSAGE][PASSED] - Object: 'Object Repository/09-Settings/Users/Active User/button_Cancel_restore' is clicked on

2022-11-21 16:29:46 - [TEST_STEP][PASSED] - delay(3): Delayed 3 second(s)

2022-11-21 16:29:49 - [MESSAGE][PASSED] - Delayed 3 second(s)

2022-11-21 16:29:49 - [TEST_STEP][PASSED] - rightClick(findTestObject("11-Cloud Files/td_Automation folder EDIT")): Object: 'Object Repository/11-Cloud Files/td_Automation folder EDIT' is right clicked on

2022-11-21 16:29:50 - [MESSAGE][PASSED] - Object: 'Object Repository/11-Cloud Files/td_Automation folder EDIT' is right clicked on

2022-11-21 16:29:50 - [TEST_STEP][PASSED] - click(findTestObject("11-Cloud Files/button_deleteDelete")): Object: 'Object Repository/11-Cloud Files/button_deleteDelete' is clicked on

2022-11-21 16:29:50 - [MESSAGE][PASSED] - Object: 'Object Repository/11-Cloud Files/button_deleteDelete' is clicked on

2022-11-21 16:29:50 - [TEST_STEP][PASSED] - verifyElementVisible(findTestObject("11-Cloud Files/mat-dialog-container_DeleteConfirmationModalFolder")): Object 'Object Repository/11-Cloud Files/mat-dialog-container_DeleteConfirmationModalFolder' is visible

2022-11-21 16:29:51 - [MESSAGE][PASSED] - Object 'Object Repository/11-Cloud Files/mat-dialog-container_DeleteConfirmationModalFolder' is visible

2022-11-21 16:29:51 - [TEST_STEP][PASSED] - click(findTestObject("11-Cloud Files/button_Confirm")): Object: 'Object Repository/11-Cloud Files/button_Confirm' is clicked on

2022-11-21 16:29:52 - [MESSAGE][PASSED] - Object: 'Object Repository/11-Cloud Files/button_Confirm' is clicked on

2022-11-21 16:29:52 - [TEST_STEP][PASSED] - delay(3): Delayed 3 second(s)

2022-11-21 16:29:55 - [MESSAGE][PASSED] - Delayed 3 second(s)

2022-11-21 16:29:55 - [TEST_STEP][PASSED] - rightClick(findTestObject("11-Cloud Files/td_qa EditPeople")): Object: 'Object Repository/11-Cloud Files/td_qa EditPeople' is right clicked on

2022-11-21 16:29:55 - [MESSAGE][PASSED] - Object: 'Object Repository/11-Cloud Files/td_qa EditPeople' is right clicked on

2022-11-21 16:29:55 - [TEST_STEP][PASSED] - click(findTestObject("11-Cloud Files/button_deleteDelete")): Object: 'Object Repository/11-Cloud Files/button_deleteDelete' is clicked on

2022-11-21 16:29:56 - [MESSAGE][PASSED] - Object: 'Object Repository/11-Cloud Files/button_deleteDelete' is clicked on

2022-11-21 16:29:56 - [TEST_STEP][PASSED] - verifyElementVisible(findTestObject("11-Cloud Files/mat-dialog-container_DeleteConfirmationModalFile")): Object 'Object Repository/11-Cloud Files/mat-dialog-container_DeleteConfirmationModalFile' is visible

2022-11-21 16:29:56 - [MESSAGE][PASSED] - Object 'Object Repository/11-Cloud Files/mat-dialog-container_DeleteConfirmationModalFile' is visible

2022-11-21 16:29:57 - [TEST_STEP][PASSED] - click(findTestObject("11-Cloud Files/button_Confirm")): Object: 'Object Repository/11-Cloud Files/button_Confirm' is clicked on

2022-11-21 16:29:57 - [MESSAGE][PASSED] - Object: 'Object Repository/11-Cloud Files/button_Confirm' is clicked on

2022-11-21 16:29:57 - [TEST_STEP][PASSED] - delay(4): Delayed 4 second(s)

2022-11-21 16:30:01 - [MESSAGE][PASSED] - Delayed 4 second(s)

2022-11-21 16:30:01 - [TEST_STEP][PASSED] - closeBrowser(): Browser is closed

2022-11-21 16:30:02 - [MESSAGE][PASSED] - Browser is closed]]></system-out>
         <system-err><![CDATA[]]></system-err>
      </testcase>
      <system-out><![CDATA[2022-11-21 16:25:20 - [TEST_SUITE][PASSED] - 11-Cloud Files: Test Cases/11-Cloud Files/11-Delete a file and folder]]></system-out>
      <system-err><![CDATA[]]></system-err>
   </testsuite>
</testsuites>
