<?xml version="1.0" encoding="UTF-8"?>
<testsuites name="09.1 - Settings (Invite users)" time="1336.405" tests="5" failures="0" errors="0">
   <testsuite name="09.1 - Settings (Invite users)" tests="5" failures="0" errors="0" time="1336.405" skipped="0" timestamp="2023-01-16 15:35:52" hostname="asus - DESKTOP-3L3J9C1" id="Test Suites/TS-Organization/09.1 - Settings (Invite users)">
      <properties>
         <property name="deviceName" value=""/>
         <property name="devicePlatform" value=""/>
         <property name="logFolder" value="C:\\Users\\asus\\Katalon Studio\\Everleagues\\Everleagues\\Reports\\20230116_153537\\TS-Organization\\09.1 - Settings (Invite users)\\20230116_153537"/>
         <property name="logFiles" value="C:\\Users\\asus\\Katalon Studio\\Everleagues\\Everleagues\\Reports\\20230116_153537\\TS-Organization\\09.1 - Settings (Invite users)\\20230116_153537\\execution0.log"/>
         <property name="attachments" value=""/>
         <property name="hostName" value="asus - DESKTOP-3L3J9C1"/>
         <property name="os" value="Windows 10 64bit"/>
         <property name="katalonVersion" value="8.4.1.208"/>
         <property name="browser" value="Chrome 109.0.0.0"/>
         <property name="hostAddress" value="192.168.5.88"/>
         <property name="sessionId" value="db2274ea1bd9385fe52adc56f93aa521"/>
         <property name="seleniumVersion" value="3.141.59"/>
         <property name="proxyInformation" value="ProxyInformation { proxyOption=NO_PROXY, proxyServerType=HTTP, username=, password=********, proxyServerAddress=, proxyServerPort=0, executionList=&quot;&quot;, isApplyToDesiredCapabilities=true }"/>
         <property name="platform" value="Windows 10"/>
      </properties>
      <testcase name="Test Cases/09-Settings/01 - Users (Invite new user but field are blank)" time="362.634" classname="Test Cases/09-Settings/01 - Users (Invite new user but field are blank)" status="PASSED">
         <system-out><![CDATA[2023-01-16 15:35:54 - [TEST_CASE][PASSED] - Test Cases/09-Settings/01 - Users (Invite new user but field are blank): Test Cases/09-Settings/01 - Users (Invite new user but field are blank)

2023-01-16 15:35:56 - [TEST_STEP][PASSED] - openBrowser(""): Browser is opened with url: ''

2023-01-16 15:35:58 - [MESSAGE][INFO] - Starting 'Chrome' driver

2023-01-16 15:35:58 - [MESSAGE][INFO] - Action delay is set to 0 milliseconds

2023-01-16 15:36:06 - [MESSAGE][PASSED] - Browser is opened with url: ''

2023-01-16 15:36:06 - [TEST_STEP][PASSED] - navigateToUrl("https://lab.everleagues.com/"): Navigate to 'https://lab.everleagues.com/' successfully

2023-01-16 15:40:06 - [MESSAGE][PASSED] - Navigate to 'https://lab.everleagues.com/' successfully

2023-01-16 15:40:06 - [TEST_STEP][PASSED] - maximizeWindow(): Current window maximized

2023-01-16 15:40:06 - [MESSAGE][PASSED] - Current window maximized

2023-01-16 15:40:06 - [TEST_STEP][PASSED] - setText(findTestObject("02-Side Icons(Organization)/Add Contact/Email Field"), "testuser02@mailinator.com"): Text 'testuser02@mailinator.com' is set on object 'Object Repository/02-Side Icons(Organization)/Add Contact/Email Field'

2023-01-16 15:40:10 - [MESSAGE][PASSED] - Text 'testuser02@mailinator.com' is set on object 'Object Repository/02-Side Icons(Organization)/Add Contact/Email Field'

2023-01-16 15:40:10 - [TEST_STEP][PASSED] - setEncryptedText(findTestObject("02-Side Icons(Organization)/Add Contact/Password Field"), "8yFRyszE6U6jvsCn51OQbg=="): Text ****** has been set on object 'Object Repository/02-Side Icons(Organization)/Add Contact/Password Field'

2023-01-16 15:40:12 - [MESSAGE][PASSED] - Text ****** has been set on object 'Object Repository/02-Side Icons(Organization)/Add Contact/Password Field'

2023-01-16 15:40:12 - [TEST_STEP][PASSED] - click(findTestObject("02-Side Icons(Organization)/Add Contact/button_Sign in")): Object: 'Object Repository/02-Side Icons(Organization)/Add Contact/button_Sign in' is clicked on

2023-01-16 15:40:14 - [MESSAGE][PASSED] - Object: 'Object Repository/02-Side Icons(Organization)/Add Contact/button_Sign in' is clicked on

2023-01-16 15:40:14 - [TEST_STEP][PASSED] - delay(2): Delayed 2 second(s)

2023-01-16 15:40:16 - [MESSAGE][PASSED] - Delayed 2 second(s)

2023-01-16 15:40:16 - [TEST_STEP][PASSED] - click(findTestObject("06-Teams/For 2FA/button_Confirm_2FA")): Object: 'Object Repository/06-Teams/For 2FA/button_Confirm_2FA' is clicked on

2023-01-16 15:40:17 - [MESSAGE][PASSED] - Object: 'Object Repository/06-Teams/For 2FA/button_Confirm_2FA' is clicked on

2023-01-16 15:40:17 - [TEST_STEP][PASSED] - executeJavaScript("window.open();", []): Execute JavaScript 'window.open();' successfully

2023-01-16 15:40:18 - [MESSAGE][PASSED] - Execute JavaScript 'window.open();' successfully

2023-01-16 15:40:18 - [TEST_STEP][PASSED] - currentWindow = getWindowIndex(): Current window's index is: 0

2023-01-16 15:40:18 - [MESSAGE][PASSED] - Current window's index is: 0

2023-01-16 15:40:18 - [TEST_STEP][PASSED] - delay(3): Delayed 3 second(s)

2023-01-16 15:40:21 - [MESSAGE][PASSED] - Delayed 3 second(s)

2023-01-16 15:40:21 - [TEST_STEP][PASSED] - switchToWindowIndex(currentWindow + 1): Switched to window with index: '1'

2023-01-16 15:40:21 - [MESSAGE][PASSED] - Switched to window with index: '1'

2023-01-16 15:40:21 - [TEST_STEP][PASSED] - navigateToUrl("https://www.mailinator.com/"): Navigate to 'https://www.mailinator.com/' successfully

2023-01-16 15:40:27 - [MESSAGE][PASSED] - Navigate to 'https://www.mailinator.com/' successfully

2023-01-16 15:40:27 - [TEST_STEP][PASSED] - delay(3): Delayed 3 second(s)

2023-01-16 15:40:30 - [MESSAGE][PASSED] - Delayed 3 second(s)

2023-01-16 15:40:30 - [TEST_STEP][PASSED] - setText(findTestObject("00-Signup and Activation/zMailinator/input_LOGIN_search"), "testuser02@mailinator.com"): Text 'testuser02@mailinator.com' is set on object 'Object Repository/00-Signup and Activation/zMailinator/input_LOGIN_search'

2023-01-16 15:40:31 - [MESSAGE][PASSED] - Text 'testuser02@mailinator.com' is set on object 'Object Repository/00-Signup and Activation/zMailinator/input_LOGIN_search'

2023-01-16 15:40:31 - [TEST_STEP][PASSED] - click(findTestObject("00-Signup and Activation/zMailinator/gobutton"), STOP_ON_FAILURE): Object: 'Object Repository/00-Signup and Activation/zMailinator/gobutton' is clicked on

2023-01-16 15:40:34 - [MESSAGE][PASSED] - Object: 'Object Repository/00-Signup and Activation/zMailinator/gobutton' is clicked on

2023-01-16 15:40:34 - [TEST_STEP][PASSED] - delay(3): Delayed 3 second(s)

2023-01-16 15:40:37 - [MESSAGE][PASSED] - Delayed 3 second(s)

2023-01-16 15:40:37 - [TEST_STEP][PASSED] - click(findTestObject("00-Signup and Activation/zMailinator/Email - everleagues")): Object: 'Object Repository/00-Signup and Activation/zMailinator/Email - everleagues' is clicked on

2023-01-16 15:40:38 - [MESSAGE][PASSED] - Object: 'Object Repository/00-Signup and Activation/zMailinator/Email - everleagues' is clicked on

2023-01-16 15:40:38 - [TEST_STEP][PASSED] - delay(3): Delayed 3 second(s)

2023-01-16 15:40:41 - [MESSAGE][PASSED] - Delayed 3 second(s)

2023-01-16 15:40:41 - [TEST_STEP][PASSED] - code = getText(findTestObject("Object Repository/06-Teams/For 2FA/2FA code")): Text of object 'Object Repository/06-Teams/For 2FA/2FA code' is: '653875'

2023-01-16 15:40:42 - [MESSAGE][PASSED] - Text of object 'Object Repository/06-Teams/For 2FA/2FA code' is: '653875'

2023-01-16 15:40:42 - [TEST_STEP][PASSED] - delay(3): Delayed 3 second(s)

2023-01-16 15:40:45 - [MESSAGE][PASSED] - Delayed 3 second(s)

2023-01-16 15:40:45 - [TEST_STEP][PASSED] - closeWindowTitle("Mailinator"): Window with title: 'Mailinator' is closed

2023-01-16 15:40:45 - [MESSAGE][PASSED] - Window with title: 'Mailinator' is closed

2023-01-16 15:40:45 - [TEST_STEP][PASSED] - delay(3): Delayed 3 second(s)

2023-01-16 15:40:48 - [MESSAGE][PASSED] - Delayed 3 second(s)

2023-01-16 15:40:48 - [TEST_STEP][PASSED] - switchToWindowIndex(0): Switched to window with index: '0'

2023-01-16 15:40:48 - [MESSAGE][PASSED] - Switched to window with index: '0'

2023-01-16 15:40:48 - [TEST_STEP][PASSED] - delay(3): Delayed 3 second(s)

2023-01-16 15:40:52 - [MESSAGE][PASSED] - Delayed 3 second(s)

2023-01-16 15:40:52 - [TEST_STEP][PASSED] - setText(findTestObject("Object Repository/06-Teams/For 2FA/input_Enter verification code_code"), code): Text '653875' is set on object 'Object Repository/06-Teams/For 2FA/input_Enter verification code_code'

2023-01-16 15:40:54 - [MESSAGE][PASSED] - Text '653875' is set on object 'Object Repository/06-Teams/For 2FA/input_Enter verification code_code'

2023-01-16 15:40:54 - [TEST_STEP][PASSED] - delay(3): Delayed 3 second(s)

2023-01-16 15:40:57 - [MESSAGE][PASSED] - Delayed 3 second(s)

2023-01-16 15:40:57 - [TEST_STEP][PASSED] - click(findTestObject("06-Teams/For 2FA/button_Verify_2FA")): Object: 'Object Repository/06-Teams/For 2FA/button_Verify_2FA' is clicked on

2023-01-16 15:40:58 - [MESSAGE][PASSED] - Object: 'Object Repository/06-Teams/For 2FA/button_Verify_2FA' is clicked on

2023-01-16 15:40:58 - [TEST_STEP][PASSED] - delay(5): Delayed 5 second(s)

2023-01-16 15:41:03 - [MESSAGE][PASSED] - Delayed 5 second(s)

2023-01-16 15:41:03 - [TEST_STEP][PASSED] - click(findTestObject("06-Teams/button_doublearrow")): Object: 'Object Repository/06-Teams/button_doublearrow' is clicked on

2023-01-16 15:41:07 - [MESSAGE][PASSED] - Object: 'Object Repository/06-Teams/button_doublearrow' is clicked on

2023-01-16 15:41:07 - [TEST_STEP][PASSED] - click(findTestObject("06-Teams/button_My Organizations")): Object: 'Object Repository/06-Teams/button_My Organizations' is clicked on

2023-01-16 15:41:08 - [MESSAGE][PASSED] - Object: 'Object Repository/06-Teams/button_My Organizations' is clicked on

2023-01-16 15:41:08 - [TEST_STEP][PASSED] - click(findTestObject("06-Teams/button_GG Automation")): Object: 'Object Repository/06-Teams/button_GG Automation' is clicked on

2023-01-16 15:41:09 - [MESSAGE][PASSED] - Object: 'Object Repository/06-Teams/button_GG Automation' is clicked on

2023-01-16 15:41:09 - [TEST_STEP][PASSED] - delay(4): Delayed 4 second(s)

2023-01-16 15:41:13 - [MESSAGE][PASSED] - Delayed 4 second(s)

2023-01-16 15:41:13 - [TEST_STEP][PASSED] - verifyElementVisible(findTestObject("06-Teams/span_GG Automation")): Object 'Object Repository/06-Teams/span_GG Automation' is visible

2023-01-16 15:41:13 - [MESSAGE][PASSED] - Object 'Object Repository/06-Teams/span_GG Automation' is visible

2023-01-16 15:41:13 - [TEST_STEP][PASSED] - delay(5): Delayed 5 second(s)

2023-01-16 15:41:18 - [MESSAGE][PASSED] - Delayed 5 second(s)

2023-01-16 15:41:18 - [TEST_STEP][PASSED] - click(findTestObject("03-Header Menu/Hamburger Button/div_Settings")): Object: 'Object Repository/03-Header Menu/Hamburger Button/div_Settings' is clicked on

2023-01-16 15:41:19 - [MESSAGE][PASSED] - Object: 'Object Repository/03-Header Menu/Hamburger Button/div_Settings' is clicked on

2023-01-16 15:41:19 - [TEST_STEP][PASSED] - verifyElementVisible(findTestObject("09-Settings/Users/div_Organization")): Object 'Object Repository/09-Settings/Users/div_Organization' is visible

2023-01-16 15:41:21 - [MESSAGE][PASSED] - Object 'Object Repository/09-Settings/Users/div_Organization' is visible

2023-01-16 15:41:21 - [TEST_STEP][PASSED] - verifyElementVisible(findTestObject("09-Settings/Users/div_Organization Units")): Object 'Object Repository/09-Settings/Users/div_Organization Units' is visible

2023-01-16 15:41:21 - [MESSAGE][PASSED] - Object 'Object Repository/09-Settings/Users/div_Organization Units' is visible

2023-01-16 15:41:21 - [TEST_STEP][PASSED] - scrollToElement(findTestObject("09-Settings/Users/div_Subscriptions"), 0): Scroll to object 'Object Repository/09-Settings/Users/div_Subscriptions' successfully

2023-01-16 15:41:22 - [MESSAGE][WARNING] - Timeout '0' is invalid. Using default page load timeout: '30'

2023-01-16 15:41:23 - [MESSAGE][PASSED] - Scroll to object 'Object Repository/09-Settings/Users/div_Subscriptions' successfully

2023-01-16 15:41:23 - [TEST_STEP][PASSED] - verifyElementVisible(findTestObject("09-Settings/Users/div_Subscriptions")): Object 'Object Repository/09-Settings/Users/div_Subscriptions' is visible

2023-01-16 15:41:23 - [MESSAGE][PASSED] - Object 'Object Repository/09-Settings/Users/div_Subscriptions' is visible

2023-01-16 15:41:23 - [TEST_STEP][PASSED] - verifyElementVisible(findTestObject("09-Settings/Users/div_Users")): Object 'Object Repository/09-Settings/Users/div_Users' is visible

2023-01-16 15:41:24 - [MESSAGE][PASSED] - Object 'Object Repository/09-Settings/Users/div_Users' is visible

2023-01-16 15:41:24 - [TEST_STEP][PASSED] - delay(3): Delayed 3 second(s)

2023-01-16 15:41:27 - [MESSAGE][PASSED] - Delayed 3 second(s)

2023-01-16 15:41:27 - [TEST_STEP][PASSED] - click(findTestObject("09-Settings/Users/div_Users")): Object: 'Object Repository/09-Settings/Users/div_Users' is clicked on

2023-01-16 15:41:31 - [MESSAGE][PASSED] - Object: 'Object Repository/09-Settings/Users/div_Users' is clicked on

2023-01-16 15:41:31 - [TEST_STEP][PASSED] - verifyElementVisible(findTestObject("09-Settings/Users/h4_USERS")): Object 'Object Repository/09-Settings/Users/h4_USERS' is visible

2023-01-16 15:41:33 - [MESSAGE][PASSED] - Object 'Object Repository/09-Settings/Users/h4_USERS' is visible

2023-01-16 15:41:33 - [TEST_STEP][PASSED] - verifyElementVisible(findTestObject("09-Settings/Users/User Page")): Object 'Object Repository/09-Settings/Users/User Page' is visible

2023-01-16 15:41:34 - [MESSAGE][PASSED] - Object 'Object Repository/09-Settings/Users/User Page' is visible

2023-01-16 15:41:34 - [TEST_STEP][PASSED] - delay(3): Delayed 3 second(s)

2023-01-16 15:41:37 - [MESSAGE][PASSED] - Delayed 3 second(s)

2023-01-16 15:41:37 - [TEST_STEP][PASSED] - click(findTestObject("09-Settings/Users/button_add")): Object: 'Object Repository/09-Settings/Users/button_add' is clicked on

2023-01-16 15:41:38 - [MESSAGE][PASSED] - Object: 'Object Repository/09-Settings/Users/button_add' is clicked on

2023-01-16 15:41:38 - [TEST_STEP][PASSED] - verifyElementVisible(findTestObject("09-Settings/Users/User Invitation modal")): Object 'Object Repository/09-Settings/Users/User Invitation modal' is visible

2023-01-16 15:41:39 - [MESSAGE][PASSED] - Object 'Object Repository/09-Settings/Users/User Invitation modal' is visible

2023-01-16 15:41:39 - [TEST_STEP][PASSED] - delay(3): Delayed 3 second(s)

2023-01-16 15:41:42 - [MESSAGE][PASSED] - Delayed 3 second(s)

2023-01-16 15:41:42 - [TEST_STEP][PASSED] - click(findTestObject("09-Settings/Users/add Invite a single user")): Object: 'Object Repository/09-Settings/Users/add Invite a single user' is clicked on

2023-01-16 15:41:43 - [MESSAGE][PASSED] - Object: 'Object Repository/09-Settings/Users/add Invite a single user' is clicked on

2023-01-16 15:41:43 - [TEST_STEP][PASSED] - verifyElementVisible(findTestObject("09-Settings/Users/Invite new user modal")): Object 'Object Repository/09-Settings/Users/Invite new user modal' is visible

2023-01-16 15:41:46 - [MESSAGE][PASSED] - Object 'Object Repository/09-Settings/Users/Invite new user modal' is visible

2023-01-16 15:41:46 - [TEST_STEP][PASSED] - click(findTestObject("09-Settings/Users/input_email")): Object: 'Object Repository/09-Settings/Users/input_email' is clicked on

2023-01-16 15:41:47 - [MESSAGE][PASSED] - Object: 'Object Repository/09-Settings/Users/input_email' is clicked on

2023-01-16 15:41:47 - [TEST_STEP][PASSED] - click(findTestObject("09-Settings/Users/input_firstName")): Object: 'Object Repository/09-Settings/Users/input_firstName' is clicked on

2023-01-16 15:41:48 - [MESSAGE][PASSED] - Object: 'Object Repository/09-Settings/Users/input_firstName' is clicked on

2023-01-16 15:41:48 - [TEST_STEP][PASSED] - click(findTestObject("09-Settings/Users/input_lastName")): Object: 'Object Repository/09-Settings/Users/input_lastName' is clicked on

2023-01-16 15:41:50 - [MESSAGE][PASSED] - Object: 'Object Repository/09-Settings/Users/input_lastName' is clicked on

2023-01-16 15:41:50 - [TEST_STEP][PASSED] - click(findTestObject("09-Settings/Users/span_Role")): Object: 'Object Repository/09-Settings/Users/span_Role' is clicked on

2023-01-16 15:41:51 - [MESSAGE][PASSED] - Object: 'Object Repository/09-Settings/Users/span_Role' is clicked on

2023-01-16 15:41:51 - [TEST_STEP][PASSED] - clickOffset(findTestObject("09-Settings/Users/h4_Invite New User"), 100, 100): Object: 'Object Repository/09-Settings/Users/h4_Invite New User' is clicked on using offset x=100 and y=100

2023-01-16 15:41:53 - [MESSAGE][PASSED] - Object: 'Object Repository/09-Settings/Users/h4_Invite New User' is clicked on using offset x=100 and y=100

2023-01-16 15:41:53 - [TEST_STEP][PASSED] - verifyElementVisible(findTestObject("09-Settings/Users/Email required")): Object 'Object Repository/09-Settings/Users/Email required' is visible

2023-01-16 15:41:55 - [MESSAGE][PASSED] - Object 'Object Repository/09-Settings/Users/Email required' is visible

2023-01-16 15:41:55 - [TEST_STEP][PASSED] - verifyElementVisible(findTestObject("09-Settings/Users/Firstname required")): Object 'Object Repository/09-Settings/Users/Firstname required' is visible

2023-01-16 15:41:56 - [MESSAGE][PASSED] - Object 'Object Repository/09-Settings/Users/Firstname required' is visible

2023-01-16 15:41:56 - [TEST_STEP][PASSED] - verifyElementVisible(findTestObject("09-Settings/Users/last name required")): Object 'Object Repository/09-Settings/Users/last name required' is visible

2023-01-16 15:41:56 - [MESSAGE][PASSED] - Object 'Object Repository/09-Settings/Users/last name required' is visible

2023-01-16 15:41:56 - [TEST_STEP][PASSED] - verifyElementVisible(findTestObject("09-Settings/Users/error_Select a role")): Object 'Object Repository/09-Settings/Users/error_Select a role' is visible

2023-01-16 15:41:57 - [MESSAGE][PASSED] - Object 'Object Repository/09-Settings/Users/error_Select a role' is visible]]></system-out>
         <system-err><![CDATA[]]></system-err>
      </testcase>
      <testcase name="Test Cases/09-Settings/02 - Users (Invite new user as co worker)" time="206.908" classname="Test Cases/09-Settings/02 - Users (Invite new user as co worker)" status="PASSED">
         <system-out><![CDATA[2023-01-16 15:41:57 - [TEST_CASE][PASSED] - Test Cases/09-Settings/02 - Users (Invite new user as co worker): Test Cases/09-Settings/02 - Users (Invite new user as co worker)

2023-01-16 15:42:00 - [TEST_STEP][PASSED] - delay(3): Delayed 3 second(s)

2023-01-16 15:42:03 - [MESSAGE][PASSED] - Delayed 3 second(s)

2023-01-16 15:42:03 - [TEST_STEP][PASSED] - setText(findTestObject("09-Settings/Users/input_email"), "autotester04@mailinator.com"): Text 'autotester04@mailinator.com' is set on object 'Object Repository/09-Settings/Users/input_email'

2023-01-16 15:42:06 - [MESSAGE][PASSED] - Text 'autotester04@mailinator.com' is set on object 'Object Repository/09-Settings/Users/input_email'

2023-01-16 15:42:06 - [TEST_STEP][PASSED] - setText(findTestObject("09-Settings/Users/input_firstName"), "GG"): Text 'GG' is set on object 'Object Repository/09-Settings/Users/input_firstName'

2023-01-16 15:42:08 - [MESSAGE][PASSED] - Text 'GG' is set on object 'Object Repository/09-Settings/Users/input_firstName'

2023-01-16 15:42:08 - [TEST_STEP][PASSED] - setText(findTestObject("09-Settings/Users/input_lastName"), "Auto Contact 2"): Text 'Auto Contact 2' is set on object 'Object Repository/09-Settings/Users/input_lastName'

2023-01-16 15:42:10 - [MESSAGE][PASSED] - Text 'Auto Contact 2' is set on object 'Object Repository/09-Settings/Users/input_lastName'

2023-01-16 15:42:10 - [TEST_STEP][PASSED] - click(findTestObject("09-Settings/Users/span_Role")): Object: 'Object Repository/09-Settings/Users/span_Role' is clicked on

2023-01-16 15:42:11 - [MESSAGE][PASSED] - Object: 'Object Repository/09-Settings/Users/span_Role' is clicked on

2023-01-16 15:42:11 - [TEST_STEP][PASSED] - click(findTestObject("09-Settings/Users/span_CoWorker")): Object: 'Object Repository/09-Settings/Users/span_CoWorker' is clicked on

2023-01-16 15:42:12 - [MESSAGE][PASSED] - Object: 'Object Repository/09-Settings/Users/span_CoWorker' is clicked on

2023-01-16 15:42:12 - [TEST_STEP][PASSED] - click(findTestObject("09-Settings/Users/button_Send Invitation")): Object: 'Object Repository/09-Settings/Users/button_Send Invitation' is clicked on

2023-01-16 15:42:13 - [MESSAGE][PASSED] - Object: 'Object Repository/09-Settings/Users/button_Send Invitation' is clicked on

2023-01-16 15:42:13 - [TEST_STEP][PASSED] - delay(2): Delayed 2 second(s)

2023-01-16 15:42:15 - [MESSAGE][PASSED] - Delayed 2 second(s)

2023-01-16 15:42:15 - [TEST_STEP][PASSED] - verifyElementVisible(findTestObject("07-Directory/Connections/zContact Profile/Successfully invited user")): Object 'Object Repository/07-Directory/Connections/zContact Profile/Successfully invited user' is visible

2023-01-16 15:42:17 - [MESSAGE][PASSED] - Object 'Object Repository/07-Directory/Connections/zContact Profile/Successfully invited user' is visible

2023-01-16 15:42:17 - [TEST_STEP][PASSED] - delay(2): Delayed 2 second(s)

2023-01-16 15:42:19 - [MESSAGE][PASSED] - Delayed 2 second(s)

2023-01-16 15:42:19 - [TEST_STEP][PASSED] - executeJavaScript("window.open();", []): Execute JavaScript 'window.open();' successfully

2023-01-16 15:42:19 - [MESSAGE][PASSED] - Execute JavaScript 'window.open();' successfully

2023-01-16 15:42:19 - [TEST_STEP][PASSED] - currentWindow = getWindowIndex(): Current window's index is: 0

2023-01-16 15:42:19 - [MESSAGE][PASSED] - Current window's index is: 0

2023-01-16 15:42:19 - [TEST_STEP][PASSED] - delay(3): Delayed 3 second(s)

2023-01-16 15:42:22 - [MESSAGE][PASSED] - Delayed 3 second(s)

2023-01-16 15:42:22 - [TEST_STEP][PASSED] - switchToWindowIndex(currentWindow + 1): Switched to window with index: '1'

2023-01-16 15:42:22 - [MESSAGE][PASSED] - Switched to window with index: '1'

2023-01-16 15:42:22 - [TEST_STEP][PASSED] - navigateToUrl("https://www.mailinator.com/"): Navigate to 'https://www.mailinator.com/' successfully

2023-01-16 15:42:29 - [MESSAGE][PASSED] - Navigate to 'https://www.mailinator.com/' successfully

2023-01-16 15:42:29 - [TEST_STEP][PASSED] - delay(3): Delayed 3 second(s)

2023-01-16 15:42:32 - [MESSAGE][PASSED] - Delayed 3 second(s)

2023-01-16 15:42:32 - [TEST_STEP][PASSED] - setText(findTestObject("00-Signup and Activation/zMailinator/input_LOGIN_search"), "autotester04@mailinator.com"): Text 'autotester04@mailinator.com' is set on object 'Object Repository/00-Signup and Activation/zMailinator/input_LOGIN_search'

2023-01-16 15:42:34 - [MESSAGE][PASSED] - Text 'autotester04@mailinator.com' is set on object 'Object Repository/00-Signup and Activation/zMailinator/input_LOGIN_search'

2023-01-16 15:42:34 - [TEST_STEP][PASSED] - click(findTestObject("00-Signup and Activation/zMailinator/gobutton"), STOP_ON_FAILURE): Object: 'Object Repository/00-Signup and Activation/zMailinator/gobutton' is clicked on

2023-01-16 15:42:39 - [MESSAGE][PASSED] - Object: 'Object Repository/00-Signup and Activation/zMailinator/gobutton' is clicked on

2023-01-16 15:42:39 - [TEST_STEP][PASSED] - delay(3): Delayed 3 second(s)

2023-01-16 15:42:42 - [MESSAGE][PASSED] - Delayed 3 second(s)

2023-01-16 15:42:42 - [TEST_STEP][PASSED] - closeWindowTitle("Everleagues"): Window with title: 'Everleagues' is closed

2023-01-16 15:42:44 - [MESSAGE][PASSED] - Window with title: 'Everleagues' is closed

2023-01-16 15:42:44 - [TEST_STEP][PASSED] - switchToWindowIndex(0): Switched to window with index: '0'

2023-01-16 15:42:44 - [MESSAGE][PASSED] - Switched to window with index: '0'

2023-01-16 15:42:44 - [TEST_STEP][PASSED] - click(findTestObject("09-Settings/Users/Co worker/td_Invitation from GG Automation")): Object: 'Object Repository/09-Settings/Users/Co worker/td_Invitation from GG Automation' is clicked on

2023-01-16 15:42:45 - [MESSAGE][PASSED] - Object: 'Object Repository/09-Settings/Users/Co worker/td_Invitation from GG Automation' is clicked on

2023-01-16 15:42:45 - [TEST_STEP][PASSED] - click(findTestObject("09-Settings/Users/Co worker/a_Click here to join GG Automation on EverLeagues")): Object: 'Object Repository/09-Settings/Users/Co worker/a_Click here to join GG Automation on EverLeagues' is clicked on

2023-01-16 15:42:47 - [MESSAGE][PASSED] - Object: 'Object Repository/09-Settings/Users/Co worker/a_Click here to join GG Automation on EverLeagues' is clicked on

2023-01-16 15:42:47 - [TEST_STEP][PASSED] - closeWindowTitle("Mailinator"): Window with title: 'Mailinator' is closed

2023-01-16 15:42:47 - [MESSAGE][PASSED] - Window with title: 'Mailinator' is closed

2023-01-16 15:42:47 - [TEST_STEP][PASSED] - switchToWindowIndex(0): Switched to window with index: '0'

2023-01-16 15:42:47 - [MESSAGE][PASSED] - Switched to window with index: '0'

2023-01-16 15:42:47 - [TEST_STEP][PASSED] - verifyElementVisible(findTestObject("09-Settings/Users/Co worker/Logout before proceed modal")): Object 'Object Repository/09-Settings/Users/Co worker/Logout before proceed modal' is visible

2023-01-16 15:43:18 - [MESSAGE][PASSED] - Object 'Object Repository/09-Settings/Users/Co worker/Logout before proceed modal' is visible

2023-01-16 15:43:18 - [TEST_STEP][PASSED] - click(findTestObject("09-Settings/Users/Co worker/button_Yes")): Object: 'Object Repository/09-Settings/Users/Co worker/button_Yes' is clicked on

2023-01-16 15:43:19 - [MESSAGE][PASSED] - Object: 'Object Repository/09-Settings/Users/Co worker/button_Yes' is clicked on

2023-01-16 15:43:19 - [TEST_STEP][PASSED] - delay(3): Delayed 3 second(s)

2023-01-16 15:43:22 - [MESSAGE][PASSED] - Delayed 3 second(s)

2023-01-16 15:43:22 - [TEST_STEP][PASSED] - setText(findTestObject("09-Settings/Users/Co worker/input_Email_email"), "autotester04@mailinator.com"): Text 'autotester04@mailinator.com' is set on object 'Object Repository/09-Settings/Users/Co worker/input_Email_email'

2023-01-16 15:43:25 - [MESSAGE][PASSED] - Text 'autotester04@mailinator.com' is set on object 'Object Repository/09-Settings/Users/Co worker/input_Email_email'

2023-01-16 15:43:25 - [TEST_STEP][PASSED] - setEncryptedText(findTestObject("09-Settings/Users/Co worker/input__password"), "8yFRyszE6U6jvsCn51OQbg=="): Text ****** has been set on object 'Object Repository/09-Settings/Users/Co worker/input__password'

2023-01-16 15:43:27 - [MESSAGE][PASSED] - Text ****** has been set on object 'Object Repository/09-Settings/Users/Co worker/input__password'

2023-01-16 15:43:27 - [TEST_STEP][PASSED] - click(findTestObject("02-Side Icons(Organization)/Add Contact/button_Sign in")): Object: 'Object Repository/02-Side Icons(Organization)/Add Contact/button_Sign in' is clicked on

2023-01-16 15:43:28 - [MESSAGE][PASSED] - Object: 'Object Repository/02-Side Icons(Organization)/Add Contact/button_Sign in' is clicked on

2023-01-16 15:43:28 - [TEST_STEP][PASSED] - delay(2): Delayed 2 second(s)

2023-01-16 15:43:30 - [MESSAGE][PASSED] - Delayed 2 second(s)

2023-01-16 15:43:30 - [TEST_STEP][PASSED] - click(findTestObject("06-Teams/For 2FA/button_Confirm_2FA")): Object: 'Object Repository/06-Teams/For 2FA/button_Confirm_2FA' is clicked on

2023-01-16 15:43:31 - [MESSAGE][PASSED] - Object: 'Object Repository/06-Teams/For 2FA/button_Confirm_2FA' is clicked on

2023-01-16 15:43:31 - [TEST_STEP][PASSED] - executeJavaScript("window.open();", []): Execute JavaScript 'window.open();' successfully

2023-01-16 15:43:31 - [MESSAGE][PASSED] - Execute JavaScript 'window.open();' successfully

2023-01-16 15:43:31 - [TEST_STEP][PASSED] - currentWindow = getWindowIndex(): Current window's index is: 0

2023-01-16 15:43:31 - [MESSAGE][PASSED] - Current window's index is: 0

2023-01-16 15:43:31 - [TEST_STEP][PASSED] - delay(3): Delayed 3 second(s)

2023-01-16 15:43:34 - [MESSAGE][PASSED] - Delayed 3 second(s)

2023-01-16 15:43:34 - [TEST_STEP][PASSED] - switchToWindowIndex(currentWindow + 1): Switched to window with index: '1'

2023-01-16 15:43:34 - [MESSAGE][PASSED] - Switched to window with index: '1'

2023-01-16 15:43:34 - [TEST_STEP][PASSED] - navigateToUrl("https://www.mailinator.com/"): Navigate to 'https://www.mailinator.com/' successfully

2023-01-16 15:43:40 - [MESSAGE][PASSED] - Navigate to 'https://www.mailinator.com/' successfully

2023-01-16 15:43:40 - [TEST_STEP][PASSED] - delay(3): Delayed 3 second(s)

2023-01-16 15:43:43 - [MESSAGE][PASSED] - Delayed 3 second(s)

2023-01-16 15:43:43 - [TEST_STEP][PASSED] - setText(findTestObject("00-Signup and Activation/zMailinator/input_LOGIN_search"), "autotester04@mailinator.com"): Text 'autotester04@mailinator.com' is set on object 'Object Repository/00-Signup and Activation/zMailinator/input_LOGIN_search'

2023-01-16 15:43:45 - [MESSAGE][PASSED] - Text 'autotester04@mailinator.com' is set on object 'Object Repository/00-Signup and Activation/zMailinator/input_LOGIN_search'

2023-01-16 15:43:45 - [TEST_STEP][PASSED] - click(findTestObject("00-Signup and Activation/zMailinator/gobutton"), STOP_ON_FAILURE): Object: 'Object Repository/00-Signup and Activation/zMailinator/gobutton' is clicked on

2023-01-16 15:43:47 - [MESSAGE][PASSED] - Object: 'Object Repository/00-Signup and Activation/zMailinator/gobutton' is clicked on

2023-01-16 15:43:47 - [TEST_STEP][PASSED] - delay(3): Delayed 3 second(s)

2023-01-16 15:43:50 - [MESSAGE][PASSED] - Delayed 3 second(s)

2023-01-16 15:43:50 - [TEST_STEP][PASSED] - click(findTestObject("00-Signup and Activation/zMailinator/Email - everleagues")): Object: 'Object Repository/00-Signup and Activation/zMailinator/Email - everleagues' is clicked on

2023-01-16 15:43:51 - [MESSAGE][PASSED] - Object: 'Object Repository/00-Signup and Activation/zMailinator/Email - everleagues' is clicked on

2023-01-16 15:43:51 - [TEST_STEP][PASSED] - delay(3): Delayed 3 second(s)

2023-01-16 15:43:54 - [MESSAGE][PASSED] - Delayed 3 second(s)

2023-01-16 15:43:54 - [TEST_STEP][PASSED] - codetwo = getText(findTestObject("Object Repository/06-Teams/For 2FA/2FA code")): Text of object 'Object Repository/06-Teams/For 2FA/2FA code' is: '989996'

2023-01-16 15:43:55 - [MESSAGE][PASSED] - Text of object 'Object Repository/06-Teams/For 2FA/2FA code' is: '989996'

2023-01-16 15:43:55 - [TEST_STEP][PASSED] - delay(3): Delayed 3 second(s)

2023-01-16 15:43:58 - [MESSAGE][PASSED] - Delayed 3 second(s)

2023-01-16 15:43:58 - [TEST_STEP][PASSED] - closeWindowTitle("Mailinator"): Window with title: 'Mailinator' is closed

2023-01-16 15:44:00 - [MESSAGE][PASSED] - Window with title: 'Mailinator' is closed

2023-01-16 15:44:00 - [TEST_STEP][PASSED] - delay(3): Delayed 3 second(s)

2023-01-16 15:44:03 - [MESSAGE][PASSED] - Delayed 3 second(s)

2023-01-16 15:44:03 - [TEST_STEP][PASSED] - switchToWindowIndex(0): Switched to window with index: '0'

2023-01-16 15:44:03 - [MESSAGE][PASSED] - Switched to window with index: '0'

2023-01-16 15:44:03 - [TEST_STEP][PASSED] - delay(3): Delayed 3 second(s)

2023-01-16 15:44:06 - [MESSAGE][PASSED] - Delayed 3 second(s)

2023-01-16 15:44:06 - [TEST_STEP][PASSED] - setText(findTestObject("Object Repository/06-Teams/For 2FA/input_Enter verification code_code"), codetwo): Text '989996' is set on object 'Object Repository/06-Teams/For 2FA/input_Enter verification code_code'

2023-01-16 15:44:08 - [MESSAGE][PASSED] - Text '989996' is set on object 'Object Repository/06-Teams/For 2FA/input_Enter verification code_code'

2023-01-16 15:44:08 - [TEST_STEP][PASSED] - delay(3): Delayed 3 second(s)

2023-01-16 15:44:11 - [MESSAGE][PASSED] - Delayed 3 second(s)

2023-01-16 15:44:11 - [TEST_STEP][PASSED] - click(findTestObject("06-Teams/For 2FA/button_Verify_2FA")): Object: 'Object Repository/06-Teams/For 2FA/button_Verify_2FA' is clicked on

2023-01-16 15:44:12 - [MESSAGE][PASSED] - Object: 'Object Repository/06-Teams/For 2FA/button_Verify_2FA' is clicked on

2023-01-16 15:44:12 - [TEST_STEP][PASSED] - delay(5): Delayed 5 second(s)

2023-01-16 15:44:17 - [MESSAGE][PASSED] - Delayed 5 second(s)

2023-01-16 15:44:17 - [TEST_STEP][PASSED] - executeJavaScript("window.open();", []): Execute JavaScript 'window.open();' successfully

2023-01-16 15:44:18 - [MESSAGE][PASSED] - Execute JavaScript 'window.open();' successfully

2023-01-16 15:44:18 - [TEST_STEP][PASSED] - currentWindow = getWindowIndex(): Current window's index is: 0

2023-01-16 15:44:18 - [MESSAGE][PASSED] - Current window's index is: 0

2023-01-16 15:44:18 - [TEST_STEP][PASSED] - delay(3): Delayed 3 second(s)

2023-01-16 15:44:21 - [MESSAGE][PASSED] - Delayed 3 second(s)

2023-01-16 15:44:21 - [TEST_STEP][PASSED] - switchToWindowIndex(currentWindow + 1): Switched to window with index: '1'

2023-01-16 15:44:21 - [MESSAGE][PASSED] - Switched to window with index: '1'

2023-01-16 15:44:21 - [TEST_STEP][PASSED] - navigateToUrl("https://www.mailinator.com/"): Navigate to 'https://www.mailinator.com/' successfully

2023-01-16 15:44:29 - [MESSAGE][PASSED] - Navigate to 'https://www.mailinator.com/' successfully

2023-01-16 15:44:29 - [TEST_STEP][PASSED] - delay(3): Delayed 3 second(s)

2023-01-16 15:44:32 - [MESSAGE][PASSED] - Delayed 3 second(s)

2023-01-16 15:44:32 - [TEST_STEP][PASSED] - setText(findTestObject("00-Signup and Activation/zMailinator/input_LOGIN_search"), "autotester04@mailinator.com"): Text 'autotester04@mailinator.com' is set on object 'Object Repository/00-Signup and Activation/zMailinator/input_LOGIN_search'

2023-01-16 15:44:34 - [MESSAGE][PASSED] - Text 'autotester04@mailinator.com' is set on object 'Object Repository/00-Signup and Activation/zMailinator/input_LOGIN_search'

2023-01-16 15:44:34 - [TEST_STEP][PASSED] - click(findTestObject("00-Signup and Activation/zMailinator/gobutton"), STOP_ON_FAILURE): Object: 'Object Repository/00-Signup and Activation/zMailinator/gobutton' is clicked on

2023-01-16 15:44:37 - [MESSAGE][PASSED] - Object: 'Object Repository/00-Signup and Activation/zMailinator/gobutton' is clicked on

2023-01-16 15:44:37 - [TEST_STEP][PASSED] - delay(3): Delayed 3 second(s)

2023-01-16 15:44:40 - [MESSAGE][PASSED] - Delayed 3 second(s)

2023-01-16 15:44:40 - [TEST_STEP][PASSED] - closeWindowTitle("Everleagues"): Window with title: 'Everleagues' is closed

2023-01-16 15:44:41 - [MESSAGE][PASSED] - Window with title: 'Everleagues' is closed

2023-01-16 15:44:41 - [TEST_STEP][PASSED] - switchToWindowIndex(0): Switched to window with index: '0'

2023-01-16 15:44:41 - [MESSAGE][PASSED] - Switched to window with index: '0'

2023-01-16 15:44:41 - [TEST_STEP][PASSED] - click(findTestObject("09-Settings/Users/Co worker/td_Invitation from GG Automation")): Object: 'Object Repository/09-Settings/Users/Co worker/td_Invitation from GG Automation' is clicked on

2023-01-16 15:44:43 - [MESSAGE][PASSED] - Object: 'Object Repository/09-Settings/Users/Co worker/td_Invitation from GG Automation' is clicked on

2023-01-16 15:44:43 - [TEST_STEP][PASSED] - click(findTestObject("09-Settings/Users/Co worker/a_Click here to join GG Automation on EverLeagues")): Object: 'Object Repository/09-Settings/Users/Co worker/a_Click here to join GG Automation on EverLeagues' is clicked on

2023-01-16 15:44:44 - [MESSAGE][PASSED] - Object: 'Object Repository/09-Settings/Users/Co worker/a_Click here to join GG Automation on EverLeagues' is clicked on

2023-01-16 15:44:44 - [TEST_STEP][PASSED] - delay(3): Delayed 3 second(s)

2023-01-16 15:44:48 - [MESSAGE][PASSED] - Delayed 3 second(s)

2023-01-16 15:44:48 - [TEST_STEP][PASSED] - closeWindowTitle("Mailinator"): Window with title: 'Mailinator' is closed

2023-01-16 15:44:48 - [MESSAGE][PASSED] - Window with title: 'Mailinator' is closed

2023-01-16 15:44:48 - [TEST_STEP][PASSED] - switchToWindowIndex(0): Switched to window with index: '0'

2023-01-16 15:44:48 - [MESSAGE][PASSED] - Switched to window with index: '0'

2023-01-16 15:44:48 - [TEST_STEP][PASSED] - verifyElementVisible(findTestObject("09-Settings/Users/Co worker/Invite modal")): Object 'Object Repository/09-Settings/Users/Co worker/Invite modal' is visible

2023-01-16 15:45:07 - [MESSAGE][PASSED] - Object 'Object Repository/09-Settings/Users/Co worker/Invite modal' is visible

2023-01-16 15:45:07 - [TEST_STEP][PASSED] - click(findTestObject("09-Settings/Users/Co worker/button_Accept")): Object: 'Object Repository/09-Settings/Users/Co worker/button_Accept' is clicked on

2023-01-16 15:45:08 - [MESSAGE][PASSED] - Object: 'Object Repository/09-Settings/Users/Co worker/button_Accept' is clicked on

2023-01-16 15:45:08 - [TEST_STEP][PASSED] - delay(5): Delayed 5 second(s)

2023-01-16 15:45:13 - [MESSAGE][PASSED] - Delayed 5 second(s)

2023-01-16 15:45:13 - [TEST_STEP][PASSED] - verifyElementVisible(findTestObject("09-Settings/Users/Co worker/div_Joined as CoWorker")): Object 'Object Repository/09-Settings/Users/Co worker/div_Joined as CoWorker' is visible

2023-01-16 15:45:18 - [MESSAGE][PASSED] - Object 'Object Repository/09-Settings/Users/Co worker/div_Joined as CoWorker' is visible

2023-01-16 15:45:18 - [TEST_STEP][PASSED] - closeBrowser(): Browser is closed

2023-01-16 15:45:24 - [MESSAGE][PASSED] - Browser is closed]]></system-out>
         <system-err><![CDATA[]]></system-err>
      </testcase>
      <testcase name="Test Cases/09-Settings/03 - Users (Invite new user as client)" time="312.435" classname="Test Cases/09-Settings/03 - Users (Invite new user as client)" status="PASSED">
         <system-out><![CDATA[2023-01-16 15:45:24 - [TEST_CASE][PASSED] - Test Cases/09-Settings/03 - Users (Invite new user as client): Test Cases/09-Settings/03 - Users (Invite new user as client)

2023-01-16 15:45:27 - [TEST_STEP][PASSED] - openBrowser(""): Browser is opened with url: ''

2023-01-16 15:45:27 - [MESSAGE][INFO] - Starting 'Chrome' driver

2023-01-16 15:45:27 - [MESSAGE][INFO] - Action delay is set to 0 milliseconds

2023-01-16 15:45:31 - [MESSAGE][PASSED] - Browser is opened with url: ''

2023-01-16 15:45:31 - [TEST_STEP][PASSED] - navigateToUrl("https://lab.everleagues.com/"): Navigate to 'https://lab.everleagues.com/' successfully

2023-01-16 15:46:01 - [MESSAGE][PASSED] - Navigate to 'https://lab.everleagues.com/' successfully

2023-01-16 15:46:01 - [TEST_STEP][PASSED] - maximizeWindow(): Current window maximized

2023-01-16 15:46:01 - [MESSAGE][PASSED] - Current window maximized

2023-01-16 15:46:01 - [TEST_STEP][PASSED] - setText(findTestObject("02-Side Icons(Organization)/Add Contact/Email Field"), "testuser02@mailinator.com"): Text 'testuser02@mailinator.com' is set on object 'Object Repository/02-Side Icons(Organization)/Add Contact/Email Field'

2023-01-16 15:46:04 - [MESSAGE][PASSED] - Text 'testuser02@mailinator.com' is set on object 'Object Repository/02-Side Icons(Organization)/Add Contact/Email Field'

2023-01-16 15:46:04 - [TEST_STEP][PASSED] - setEncryptedText(findTestObject("02-Side Icons(Organization)/Add Contact/Password Field"), "8yFRyszE6U6jvsCn51OQbg=="): Text ****** has been set on object 'Object Repository/02-Side Icons(Organization)/Add Contact/Password Field'

2023-01-16 15:46:05 - [MESSAGE][PASSED] - Text ****** has been set on object 'Object Repository/02-Side Icons(Organization)/Add Contact/Password Field'

2023-01-16 15:46:05 - [TEST_STEP][PASSED] - click(findTestObject("02-Side Icons(Organization)/Add Contact/button_Sign in")): Object: 'Object Repository/02-Side Icons(Organization)/Add Contact/button_Sign in' is clicked on

2023-01-16 15:46:07 - [MESSAGE][PASSED] - Object: 'Object Repository/02-Side Icons(Organization)/Add Contact/button_Sign in' is clicked on

2023-01-16 15:46:07 - [TEST_STEP][PASSED] - delay(2): Delayed 2 second(s)

2023-01-16 15:46:09 - [MESSAGE][PASSED] - Delayed 2 second(s)

2023-01-16 15:46:09 - [TEST_STEP][PASSED] - click(findTestObject("06-Teams/For 2FA/button_Confirm_2FA")): Object: 'Object Repository/06-Teams/For 2FA/button_Confirm_2FA' is clicked on

2023-01-16 15:46:10 - [MESSAGE][PASSED] - Object: 'Object Repository/06-Teams/For 2FA/button_Confirm_2FA' is clicked on

2023-01-16 15:46:10 - [TEST_STEP][PASSED] - executeJavaScript("window.open();", []): Execute JavaScript 'window.open();' successfully

2023-01-16 15:46:10 - [MESSAGE][PASSED] - Execute JavaScript 'window.open();' successfully

2023-01-16 15:46:10 - [TEST_STEP][PASSED] - currentWindow = getWindowIndex(): Current window's index is: 0

2023-01-16 15:46:10 - [MESSAGE][PASSED] - Current window's index is: 0

2023-01-16 15:46:10 - [TEST_STEP][PASSED] - delay(3): Delayed 3 second(s)

2023-01-16 15:46:13 - [MESSAGE][PASSED] - Delayed 3 second(s)

2023-01-16 15:46:13 - [TEST_STEP][PASSED] - switchToWindowIndex(currentWindow + 1): Switched to window with index: '1'

2023-01-16 15:46:13 - [MESSAGE][PASSED] - Switched to window with index: '1'

2023-01-16 15:46:13 - [TEST_STEP][PASSED] - navigateToUrl("https://www.mailinator.com/"): Navigate to 'https://www.mailinator.com/' successfully

2023-01-16 15:46:21 - [MESSAGE][PASSED] - Navigate to 'https://www.mailinator.com/' successfully

2023-01-16 15:46:21 - [TEST_STEP][PASSED] - delay(3): Delayed 3 second(s)

2023-01-16 15:46:24 - [MESSAGE][PASSED] - Delayed 3 second(s)

2023-01-16 15:46:24 - [TEST_STEP][PASSED] - setText(findTestObject("00-Signup and Activation/zMailinator/input_LOGIN_search"), "testuser02@mailinator.com"): Text 'testuser02@mailinator.com' is set on object 'Object Repository/00-Signup and Activation/zMailinator/input_LOGIN_search'

2023-01-16 15:46:26 - [MESSAGE][PASSED] - Text 'testuser02@mailinator.com' is set on object 'Object Repository/00-Signup and Activation/zMailinator/input_LOGIN_search'

2023-01-16 15:46:26 - [TEST_STEP][PASSED] - click(findTestObject("00-Signup and Activation/zMailinator/gobutton"), STOP_ON_FAILURE): Object: 'Object Repository/00-Signup and Activation/zMailinator/gobutton' is clicked on

2023-01-16 15:46:32 - [MESSAGE][PASSED] - Object: 'Object Repository/00-Signup and Activation/zMailinator/gobutton' is clicked on

2023-01-16 15:46:32 - [TEST_STEP][PASSED] - delay(3): Delayed 3 second(s)

2023-01-16 15:46:35 - [MESSAGE][PASSED] - Delayed 3 second(s)

2023-01-16 15:46:35 - [TEST_STEP][PASSED] - click(findTestObject("00-Signup and Activation/zMailinator/Email - everleagues")): Object: 'Object Repository/00-Signup and Activation/zMailinator/Email - everleagues' is clicked on

2023-01-16 15:46:36 - [MESSAGE][PASSED] - Object: 'Object Repository/00-Signup and Activation/zMailinator/Email - everleagues' is clicked on

2023-01-16 15:46:36 - [TEST_STEP][PASSED] - delay(3): Delayed 3 second(s)

2023-01-16 15:46:39 - [MESSAGE][PASSED] - Delayed 3 second(s)

2023-01-16 15:46:39 - [TEST_STEP][PASSED] - code = getText(findTestObject("Object Repository/06-Teams/For 2FA/2FA code")): Text of object 'Object Repository/06-Teams/For 2FA/2FA code' is: '981824'

2023-01-16 15:46:41 - [MESSAGE][PASSED] - Text of object 'Object Repository/06-Teams/For 2FA/2FA code' is: '981824'

2023-01-16 15:46:41 - [TEST_STEP][PASSED] - delay(3): Delayed 3 second(s)

2023-01-16 15:46:44 - [MESSAGE][PASSED] - Delayed 3 second(s)

2023-01-16 15:46:44 - [TEST_STEP][PASSED] - closeWindowTitle("Mailinator"): Window with title: 'Mailinator' is closed

2023-01-16 15:46:44 - [MESSAGE][PASSED] - Window with title: 'Mailinator' is closed

2023-01-16 15:46:44 - [TEST_STEP][PASSED] - delay(3): Delayed 3 second(s)

2023-01-16 15:46:47 - [MESSAGE][PASSED] - Delayed 3 second(s)

2023-01-16 15:46:47 - [TEST_STEP][PASSED] - switchToWindowIndex(0): Switched to window with index: '0'

2023-01-16 15:46:47 - [MESSAGE][PASSED] - Switched to window with index: '0'

2023-01-16 15:46:47 - [TEST_STEP][PASSED] - delay(3): Delayed 3 second(s)

2023-01-16 15:46:50 - [MESSAGE][PASSED] - Delayed 3 second(s)

2023-01-16 15:46:50 - [TEST_STEP][PASSED] - setText(findTestObject("Object Repository/06-Teams/For 2FA/input_Enter verification code_code"), code): Text '981824' is set on object 'Object Repository/06-Teams/For 2FA/input_Enter verification code_code'

2023-01-16 15:46:53 - [MESSAGE][PASSED] - Text '981824' is set on object 'Object Repository/06-Teams/For 2FA/input_Enter verification code_code'

2023-01-16 15:46:53 - [TEST_STEP][PASSED] - delay(3): Delayed 3 second(s)

2023-01-16 15:46:56 - [MESSAGE][PASSED] - Delayed 3 second(s)

2023-01-16 15:46:56 - [TEST_STEP][PASSED] - click(findTestObject("06-Teams/For 2FA/button_Verify_2FA")): Object: 'Object Repository/06-Teams/For 2FA/button_Verify_2FA' is clicked on

2023-01-16 15:46:57 - [MESSAGE][PASSED] - Object: 'Object Repository/06-Teams/For 2FA/button_Verify_2FA' is clicked on

2023-01-16 15:46:57 - [TEST_STEP][PASSED] - delay(5): Delayed 5 second(s)

2023-01-16 15:47:02 - [MESSAGE][PASSED] - Delayed 5 second(s)

2023-01-16 15:47:02 - [TEST_STEP][PASSED] - click(findTestObject("06-Teams/button_doublearrow")): Object: 'Object Repository/06-Teams/button_doublearrow' is clicked on

2023-01-16 15:47:04 - [MESSAGE][PASSED] - Object: 'Object Repository/06-Teams/button_doublearrow' is clicked on

2023-01-16 15:47:04 - [TEST_STEP][PASSED] - click(findTestObject("06-Teams/button_My Organizations")): Object: 'Object Repository/06-Teams/button_My Organizations' is clicked on

2023-01-16 15:47:05 - [MESSAGE][PASSED] - Object: 'Object Repository/06-Teams/button_My Organizations' is clicked on

2023-01-16 15:47:05 - [TEST_STEP][PASSED] - click(findTestObject("06-Teams/button_GG Automation")): Object: 'Object Repository/06-Teams/button_GG Automation' is clicked on

2023-01-16 15:47:06 - [MESSAGE][PASSED] - Object: 'Object Repository/06-Teams/button_GG Automation' is clicked on

2023-01-16 15:47:06 - [TEST_STEP][PASSED] - delay(4): Delayed 4 second(s)

2023-01-16 15:47:10 - [MESSAGE][PASSED] - Delayed 4 second(s)

2023-01-16 15:47:10 - [TEST_STEP][PASSED] - verifyElementVisible(findTestObject("06-Teams/span_GG Automation")): Object 'Object Repository/06-Teams/span_GG Automation' is visible

2023-01-16 15:47:11 - [MESSAGE][PASSED] - Object 'Object Repository/06-Teams/span_GG Automation' is visible

2023-01-16 15:47:11 - [TEST_STEP][PASSED] - delay(5): Delayed 5 second(s)

2023-01-16 15:47:16 - [MESSAGE][PASSED] - Delayed 5 second(s)

2023-01-16 15:47:16 - [TEST_STEP][PASSED] - click(findTestObject("03-Header Menu/Hamburger Button/div_Settings")): Object: 'Object Repository/03-Header Menu/Hamburger Button/div_Settings' is clicked on

2023-01-16 15:47:17 - [MESSAGE][PASSED] - Object: 'Object Repository/03-Header Menu/Hamburger Button/div_Settings' is clicked on

2023-01-16 15:47:17 - [TEST_STEP][PASSED] - delay(3): Delayed 3 second(s)

2023-01-16 15:47:20 - [MESSAGE][PASSED] - Delayed 3 second(s)

2023-01-16 15:47:20 - [TEST_STEP][PASSED] - scrollToElement(findTestObject("09-Settings/Users/div_Users"), 0): Scroll to object 'Object Repository/09-Settings/Users/div_Users' successfully

2023-01-16 15:47:20 - [MESSAGE][WARNING] - Timeout '0' is invalid. Using default page load timeout: '30'

2023-01-16 15:47:20 - [MESSAGE][PASSED] - Scroll to object 'Object Repository/09-Settings/Users/div_Users' successfully

2023-01-16 15:47:20 - [TEST_STEP][PASSED] - click(findTestObject("09-Settings/Users/div_Users")): Object: 'Object Repository/09-Settings/Users/div_Users' is clicked on

2023-01-16 15:47:23 - [MESSAGE][PASSED] - Object: 'Object Repository/09-Settings/Users/div_Users' is clicked on

2023-01-16 15:47:23 - [TEST_STEP][PASSED] - delay(3): Delayed 3 second(s)

2023-01-16 15:47:26 - [MESSAGE][PASSED] - Delayed 3 second(s)

2023-01-16 15:47:26 - [TEST_STEP][PASSED] - click(findTestObject("09-Settings/Users/button_add")): Object: 'Object Repository/09-Settings/Users/button_add' is clicked on

2023-01-16 15:47:27 - [MESSAGE][PASSED] - Object: 'Object Repository/09-Settings/Users/button_add' is clicked on

2023-01-16 15:47:27 - [TEST_STEP][PASSED] - delay(3): Delayed 3 second(s)

2023-01-16 15:47:30 - [MESSAGE][PASSED] - Delayed 3 second(s)

2023-01-16 15:47:30 - [TEST_STEP][PASSED] - click(findTestObject("09-Settings/Users/add Invite a single user")): Object: 'Object Repository/09-Settings/Users/add Invite a single user' is clicked on

2023-01-16 15:47:31 - [MESSAGE][PASSED] - Object: 'Object Repository/09-Settings/Users/add Invite a single user' is clicked on

2023-01-16 15:47:31 - [TEST_STEP][PASSED] - delay(3): Delayed 3 second(s)

2023-01-16 15:47:34 - [MESSAGE][PASSED] - Delayed 3 second(s)

2023-01-16 15:47:34 - [TEST_STEP][PASSED] - setText(findTestObject("09-Settings/Users/input_email"), "autotester09@mailinator.com"): Text 'autotester09@mailinator.com' is set on object 'Object Repository/09-Settings/Users/input_email'

2023-01-16 15:47:38 - [MESSAGE][PASSED] - Text 'autotester09@mailinator.com' is set on object 'Object Repository/09-Settings/Users/input_email'

2023-01-16 15:47:38 - [TEST_STEP][PASSED] - setText(findTestObject("09-Settings/Users/input_firstName"), "GG"): Text 'GG' is set on object 'Object Repository/09-Settings/Users/input_firstName'

2023-01-16 15:47:40 - [MESSAGE][PASSED] - Text 'GG' is set on object 'Object Repository/09-Settings/Users/input_firstName'

2023-01-16 15:47:40 - [TEST_STEP][PASSED] - setText(findTestObject("09-Settings/Users/input_lastName"), "Client"): Text 'Client' is set on object 'Object Repository/09-Settings/Users/input_lastName'

2023-01-16 15:47:42 - [MESSAGE][PASSED] - Text 'Client' is set on object 'Object Repository/09-Settings/Users/input_lastName'

2023-01-16 15:47:42 - [TEST_STEP][PASSED] - click(findTestObject("09-Settings/Users/span_Role")): Object: 'Object Repository/09-Settings/Users/span_Role' is clicked on

2023-01-16 15:47:43 - [MESSAGE][PASSED] - Object: 'Object Repository/09-Settings/Users/span_Role' is clicked on

2023-01-16 15:47:43 - [TEST_STEP][PASSED] - click(findTestObject("09-Settings/Users/span_Client")): Object: 'Object Repository/09-Settings/Users/span_Client' is clicked on

2023-01-16 15:47:44 - [MESSAGE][PASSED] - Object: 'Object Repository/09-Settings/Users/span_Client' is clicked on

2023-01-16 15:47:44 - [TEST_STEP][PASSED] - click(findTestObject("09-Settings/Users/button_Send Invitation")): Object: 'Object Repository/09-Settings/Users/button_Send Invitation' is clicked on

2023-01-16 15:47:46 - [MESSAGE][PASSED] - Object: 'Object Repository/09-Settings/Users/button_Send Invitation' is clicked on

2023-01-16 15:47:46 - [TEST_STEP][PASSED] - delay(2): Delayed 2 second(s)

2023-01-16 15:47:48 - [MESSAGE][PASSED] - Delayed 2 second(s)

2023-01-16 15:47:48 - [TEST_STEP][PASSED] - verifyElementVisible(findTestObject("07-Directory/Connections/zContact Profile/Successfully invited user")): Object 'Object Repository/07-Directory/Connections/zContact Profile/Successfully invited user' is visible

2023-01-16 15:47:50 - [MESSAGE][PASSED] - Object 'Object Repository/07-Directory/Connections/zContact Profile/Successfully invited user' is visible

2023-01-16 15:47:50 - [TEST_STEP][PASSED] - delay(2): Delayed 2 second(s)

2023-01-16 15:47:52 - [MESSAGE][PASSED] - Delayed 2 second(s)

2023-01-16 15:47:52 - [TEST_STEP][PASSED] - click(findTestObject("01-Login and Forgot Password/User menu drop")): Object: 'Object Repository/01-Login and Forgot Password/User menu drop' is clicked on

2023-01-16 15:47:53 - [MESSAGE][PASSED] - Object: 'Object Repository/01-Login and Forgot Password/User menu drop' is clicked on

2023-01-16 15:47:53 - [TEST_STEP][PASSED] - delay(2): Delayed 2 second(s)

2023-01-16 15:47:55 - [MESSAGE][PASSED] - Delayed 2 second(s)

2023-01-16 15:47:55 - [TEST_STEP][PASSED] - click(findTestObject("01-Login and Forgot Password/h4_Sign Out"), STOP_ON_FAILURE): Object: 'Object Repository/01-Login and Forgot Password/h4_Sign Out' is clicked on

2023-01-16 15:47:56 - [MESSAGE][PASSED] - Object: 'Object Repository/01-Login and Forgot Password/h4_Sign Out' is clicked on

2023-01-16 15:47:56 - [TEST_STEP][PASSED] - delay(2): Delayed 2 second(s)

2023-01-16 15:47:58 - [MESSAGE][PASSED] - Delayed 2 second(s)

2023-01-16 15:47:58 - [TEST_STEP][PASSED] - verifyElementPresent(findTestObject("01-Login and Forgot Password/Login_Card"), 0): Object 'Object Repository/01-Login and Forgot Password/Login_Card' is present

2023-01-16 15:47:59 - [MESSAGE][WARNING] - Timeout '0' is invalid. Using default page load timeout: '30'

2023-01-16 15:47:59 - [MESSAGE][PASSED] - Object 'Object Repository/01-Login and Forgot Password/Login_Card' is present

2023-01-16 15:47:59 - [TEST_STEP][PASSED] - delay(3): Delayed 3 second(s)

2023-01-16 15:48:02 - [MESSAGE][PASSED] - Delayed 3 second(s)

2023-01-16 15:48:02 - [TEST_STEP][PASSED] - closeBrowser(): Browser is closed

2023-01-16 15:48:05 - [MESSAGE][PASSED] - Browser is closed

2023-01-16 15:48:05 - [TEST_STEP][PASSED] - openBrowser(""): Browser is opened with url: ''

2023-01-16 15:48:05 - [MESSAGE][INFO] - Starting 'Chrome' driver

2023-01-16 15:48:05 - [MESSAGE][INFO] - Action delay is set to 0 milliseconds

2023-01-16 15:48:07 - [MESSAGE][PASSED] - Browser is opened with url: ''

2023-01-16 15:48:07 - [TEST_STEP][PASSED] - navigateToUrl("https://lab.everleagues.com/"): Navigate to 'https://lab.everleagues.com/' successfully

2023-01-16 15:48:33 - [MESSAGE][PASSED] - Navigate to 'https://lab.everleagues.com/' successfully

2023-01-16 15:48:33 - [TEST_STEP][PASSED] - maximizeWindow(): Current window maximized

2023-01-16 15:48:33 - [MESSAGE][PASSED] - Current window maximized

2023-01-16 15:48:33 - [TEST_STEP][PASSED] - setText(findTestObject("02-Side Icons(Organization)/Add Contact/Email Field"), "autotester09@mailinator.com"): Text 'autotester09@mailinator.com' is set on object 'Object Repository/02-Side Icons(Organization)/Add Contact/Email Field'

2023-01-16 15:48:35 - [MESSAGE][PASSED] - Text 'autotester09@mailinator.com' is set on object 'Object Repository/02-Side Icons(Organization)/Add Contact/Email Field'

2023-01-16 15:48:35 - [TEST_STEP][PASSED] - setEncryptedText(findTestObject("02-Side Icons(Organization)/Add Contact/Password Field"), "8yFRyszE6U6jvsCn51OQbg=="): Text ****** has been set on object 'Object Repository/02-Side Icons(Organization)/Add Contact/Password Field'

2023-01-16 15:48:36 - [MESSAGE][PASSED] - Text ****** has been set on object 'Object Repository/02-Side Icons(Organization)/Add Contact/Password Field'

2023-01-16 15:48:36 - [TEST_STEP][PASSED] - click(findTestObject("02-Side Icons(Organization)/Add Contact/button_Sign in")): Object: 'Object Repository/02-Side Icons(Organization)/Add Contact/button_Sign in' is clicked on

2023-01-16 15:48:37 - [MESSAGE][PASSED] - Object: 'Object Repository/02-Side Icons(Organization)/Add Contact/button_Sign in' is clicked on

2023-01-16 15:48:37 - [TEST_STEP][PASSED] - delay(2): Delayed 2 second(s)

2023-01-16 15:48:39 - [MESSAGE][PASSED] - Delayed 2 second(s)

2023-01-16 15:48:39 - [TEST_STEP][PASSED] - click(findTestObject("06-Teams/For 2FA/button_Confirm_2FA")): Object: 'Object Repository/06-Teams/For 2FA/button_Confirm_2FA' is clicked on

2023-01-16 15:48:40 - [MESSAGE][PASSED] - Object: 'Object Repository/06-Teams/For 2FA/button_Confirm_2FA' is clicked on

2023-01-16 15:48:40 - [TEST_STEP][PASSED] - executeJavaScript("window.open();", []): Execute JavaScript 'window.open();' successfully

2023-01-16 15:48:41 - [MESSAGE][PASSED] - Execute JavaScript 'window.open();' successfully

2023-01-16 15:48:41 - [TEST_STEP][PASSED] - currentWindow = getWindowIndex(): Current window's index is: 0

2023-01-16 15:48:41 - [MESSAGE][PASSED] - Current window's index is: 0

2023-01-16 15:48:41 - [TEST_STEP][PASSED] - delay(3): Delayed 3 second(s)

2023-01-16 15:48:44 - [MESSAGE][PASSED] - Delayed 3 second(s)

2023-01-16 15:48:44 - [TEST_STEP][PASSED] - switchToWindowIndex(currentWindow + 1): Switched to window with index: '1'

2023-01-16 15:48:44 - [MESSAGE][PASSED] - Switched to window with index: '1'

2023-01-16 15:48:44 - [TEST_STEP][PASSED] - navigateToUrl("https://www.mailinator.com/"): Navigate to 'https://www.mailinator.com/' successfully

2023-01-16 15:48:51 - [MESSAGE][PASSED] - Navigate to 'https://www.mailinator.com/' successfully

2023-01-16 15:48:51 - [TEST_STEP][PASSED] - delay(3): Delayed 3 second(s)

2023-01-16 15:48:54 - [MESSAGE][PASSED] - Delayed 3 second(s)

2023-01-16 15:48:54 - [TEST_STEP][PASSED] - setText(findTestObject("00-Signup and Activation/zMailinator/input_LOGIN_search"), "autotester09@mailinator.com"): Text 'autotester09@mailinator.com' is set on object 'Object Repository/00-Signup and Activation/zMailinator/input_LOGIN_search'

2023-01-16 15:48:55 - [MESSAGE][PASSED] - Text 'autotester09@mailinator.com' is set on object 'Object Repository/00-Signup and Activation/zMailinator/input_LOGIN_search'

2023-01-16 15:48:55 - [TEST_STEP][PASSED] - click(findTestObject("00-Signup and Activation/zMailinator/gobutton"), STOP_ON_FAILURE): Object: 'Object Repository/00-Signup and Activation/zMailinator/gobutton' is clicked on

2023-01-16 15:48:59 - [MESSAGE][PASSED] - Object: 'Object Repository/00-Signup and Activation/zMailinator/gobutton' is clicked on

2023-01-16 15:48:59 - [TEST_STEP][PASSED] - delay(3): Delayed 3 second(s)

2023-01-16 15:49:02 - [MESSAGE][PASSED] - Delayed 3 second(s)

2023-01-16 15:49:02 - [TEST_STEP][PASSED] - click(findTestObject("00-Signup and Activation/zMailinator/Email - everleagues")): Object: 'Object Repository/00-Signup and Activation/zMailinator/Email - everleagues' is clicked on

2023-01-16 15:49:03 - [MESSAGE][PASSED] - Object: 'Object Repository/00-Signup and Activation/zMailinator/Email - everleagues' is clicked on

2023-01-16 15:49:03 - [TEST_STEP][PASSED] - delay(3): Delayed 3 second(s)

2023-01-16 15:49:06 - [MESSAGE][PASSED] - Delayed 3 second(s)

2023-01-16 15:49:06 - [TEST_STEP][PASSED] - codetwo = getText(findTestObject("Object Repository/06-Teams/For 2FA/2FA code")): Text of object 'Object Repository/06-Teams/For 2FA/2FA code' is: '630040'

2023-01-16 15:49:08 - [MESSAGE][PASSED] - Text of object 'Object Repository/06-Teams/For 2FA/2FA code' is: '630040'

2023-01-16 15:49:08 - [TEST_STEP][PASSED] - delay(3): Delayed 3 second(s)

2023-01-16 15:49:11 - [MESSAGE][PASSED] - Delayed 3 second(s)

2023-01-16 15:49:11 - [TEST_STEP][PASSED] - closeWindowTitle("Mailinator"): Window with title: 'Mailinator' is closed

2023-01-16 15:49:12 - [MESSAGE][PASSED] - Window with title: 'Mailinator' is closed

2023-01-16 15:49:12 - [TEST_STEP][PASSED] - delay(3): Delayed 3 second(s)

2023-01-16 15:49:15 - [MESSAGE][PASSED] - Delayed 3 second(s)

2023-01-16 15:49:15 - [TEST_STEP][PASSED] - switchToWindowIndex(0): Switched to window with index: '0'

2023-01-16 15:49:15 - [MESSAGE][PASSED] - Switched to window with index: '0'

2023-01-16 15:49:15 - [TEST_STEP][PASSED] - delay(3): Delayed 3 second(s)

2023-01-16 15:49:18 - [MESSAGE][PASSED] - Delayed 3 second(s)

2023-01-16 15:49:18 - [TEST_STEP][PASSED] - setText(findTestObject("Object Repository/06-Teams/For 2FA/input_Enter verification code_code"), codetwo): Text '630040' is set on object 'Object Repository/06-Teams/For 2FA/input_Enter verification code_code'

2023-01-16 15:49:19 - [MESSAGE][PASSED] - Text '630040' is set on object 'Object Repository/06-Teams/For 2FA/input_Enter verification code_code'

2023-01-16 15:49:19 - [TEST_STEP][PASSED] - delay(3): Delayed 3 second(s)

2023-01-16 15:49:22 - [MESSAGE][PASSED] - Delayed 3 second(s)

2023-01-16 15:49:22 - [TEST_STEP][PASSED] - click(findTestObject("06-Teams/For 2FA/button_Verify_2FA")): Object: 'Object Repository/06-Teams/For 2FA/button_Verify_2FA' is clicked on

2023-01-16 15:49:23 - [MESSAGE][PASSED] - Object: 'Object Repository/06-Teams/For 2FA/button_Verify_2FA' is clicked on

2023-01-16 15:49:23 - [TEST_STEP][PASSED] - delay(5): Delayed 5 second(s)

2023-01-16 15:49:28 - [MESSAGE][PASSED] - Delayed 5 second(s)

2023-01-16 15:49:28 - [TEST_STEP][PASSED] - executeJavaScript("window.open();", []): Execute JavaScript 'window.open();' successfully

2023-01-16 15:49:29 - [MESSAGE][PASSED] - Execute JavaScript 'window.open();' successfully

2023-01-16 15:49:29 - [TEST_STEP][PASSED] - currentWindow = getWindowIndex(): Current window's index is: 0

2023-01-16 15:49:29 - [MESSAGE][PASSED] - Current window's index is: 0

2023-01-16 15:49:29 - [TEST_STEP][PASSED] - delay(3): Delayed 3 second(s)

2023-01-16 15:49:32 - [MESSAGE][PASSED] - Delayed 3 second(s)

2023-01-16 15:49:32 - [TEST_STEP][PASSED] - switchToWindowIndex(currentWindow + 1): Switched to window with index: '1'

2023-01-16 15:49:32 - [MESSAGE][PASSED] - Switched to window with index: '1'

2023-01-16 15:49:32 - [TEST_STEP][PASSED] - navigateToUrl("https://www.mailinator.com/"): Navigate to 'https://www.mailinator.com/' successfully

2023-01-16 15:49:40 - [MESSAGE][PASSED] - Navigate to 'https://www.mailinator.com/' successfully

2023-01-16 15:49:40 - [TEST_STEP][PASSED] - delay(3): Delayed 3 second(s)

2023-01-16 15:49:43 - [MESSAGE][PASSED] - Delayed 3 second(s)

2023-01-16 15:49:43 - [TEST_STEP][PASSED] - setText(findTestObject("00-Signup and Activation/zMailinator/input_LOGIN_search"), "autotester09@mailinator.com"): Text 'autotester09@mailinator.com' is set on object 'Object Repository/00-Signup and Activation/zMailinator/input_LOGIN_search'

2023-01-16 15:49:45 - [MESSAGE][PASSED] - Text 'autotester09@mailinator.com' is set on object 'Object Repository/00-Signup and Activation/zMailinator/input_LOGIN_search'

2023-01-16 15:49:45 - [TEST_STEP][PASSED] - click(findTestObject("00-Signup and Activation/zMailinator/gobutton"), STOP_ON_FAILURE): Object: 'Object Repository/00-Signup and Activation/zMailinator/gobutton' is clicked on

2023-01-16 15:49:48 - [MESSAGE][PASSED] - Object: 'Object Repository/00-Signup and Activation/zMailinator/gobutton' is clicked on

2023-01-16 15:49:48 - [TEST_STEP][PASSED] - delay(3): Delayed 3 second(s)

2023-01-16 15:49:51 - [MESSAGE][PASSED] - Delayed 3 second(s)

2023-01-16 15:49:51 - [TEST_STEP][PASSED] - closeWindowTitle("Everleagues"): Window with title: 'Everleagues' is closed

2023-01-16 15:49:52 - [MESSAGE][PASSED] - Window with title: 'Everleagues' is closed

2023-01-16 15:49:52 - [TEST_STEP][PASSED] - switchToWindowIndex(0): Switched to window with index: '0'

2023-01-16 15:49:52 - [MESSAGE][PASSED] - Switched to window with index: '0'

2023-01-16 15:49:52 - [TEST_STEP][PASSED] - click(findTestObject("09-Settings/Users/Co worker/td_Invitation from GG Automation")): Object: 'Object Repository/09-Settings/Users/Co worker/td_Invitation from GG Automation' is clicked on

2023-01-16 15:49:53 - [MESSAGE][PASSED] - Object: 'Object Repository/09-Settings/Users/Co worker/td_Invitation from GG Automation' is clicked on

2023-01-16 15:49:53 - [TEST_STEP][PASSED] - click(findTestObject("09-Settings/Users/Co worker/a_Click here to join GG Automation on EverLeagues")): Object: 'Object Repository/09-Settings/Users/Co worker/a_Click here to join GG Automation on EverLeagues' is clicked on

2023-01-16 15:49:54 - [MESSAGE][PASSED] - Object: 'Object Repository/09-Settings/Users/Co worker/a_Click here to join GG Automation on EverLeagues' is clicked on

2023-01-16 15:49:54 - [TEST_STEP][PASSED] - closeWindowTitle("Mailinator"): Window with title: 'Mailinator' is closed

2023-01-16 15:49:55 - [MESSAGE][PASSED] - Window with title: 'Mailinator' is closed

2023-01-16 15:49:55 - [TEST_STEP][PASSED] - switchToWindowIndex(0): Switched to window with index: '0'

2023-01-16 15:49:55 - [MESSAGE][PASSED] - Switched to window with index: '0'

2023-01-16 15:49:55 - [TEST_STEP][PASSED] - verifyElementVisible(findTestObject("09-Settings/Users/Client/Invite modal")): Object 'Object Repository/09-Settings/Users/Client/Invite modal' is visible

2023-01-16 15:50:18 - [MESSAGE][PASSED] - Object 'Object Repository/09-Settings/Users/Client/Invite modal' is visible

2023-01-16 15:50:18 - [TEST_STEP][PASSED] - setText(findTestObject("09-Settings/Users/Client/Company field"), "QA Company"): Text 'QA Company' is set on object 'Object Repository/09-Settings/Users/Client/Company field'

2023-01-16 15:50:20 - [MESSAGE][PASSED] - Text 'QA Company' is set on object 'Object Repository/09-Settings/Users/Client/Company field'

2023-01-16 15:50:20 - [TEST_STEP][PASSED] - click(findTestObject("09-Settings/Users/Client/button_Accept")): Object: 'Object Repository/09-Settings/Users/Client/button_Accept' is clicked on

2023-01-16 15:50:21 - [MESSAGE][PASSED] - Object: 'Object Repository/09-Settings/Users/Client/button_Accept' is clicked on

2023-01-16 15:50:21 - [TEST_STEP][PASSED] - delay(5): Delayed 5 second(s)

2023-01-16 15:50:26 - [MESSAGE][PASSED] - Delayed 5 second(s)

2023-01-16 15:50:26 - [TEST_STEP][PASSED] - verifyElementVisible(findTestObject("09-Settings/Users/Client/div_Joined as CLIENT")): Object 'Object Repository/09-Settings/Users/Client/div_Joined as CLIENT' is visible

2023-01-16 15:50:31 - [MESSAGE][PASSED] - Object 'Object Repository/09-Settings/Users/Client/div_Joined as CLIENT' is visible

2023-01-16 15:50:31 - [TEST_STEP][PASSED] - delay(3): Delayed 3 second(s)

2023-01-16 15:50:34 - [MESSAGE][PASSED] - Delayed 3 second(s)

2023-01-16 15:50:34 - [TEST_STEP][PASSED] - closeBrowser(): Browser is closed

2023-01-16 15:50:37 - [MESSAGE][PASSED] - Browser is closed]]></system-out>
         <system-err><![CDATA[]]></system-err>
      </testcase>
      <testcase name="Test Cases/09-Settings/04 - Users (Invite new user as partner)" time="296.297" classname="Test Cases/09-Settings/04 - Users (Invite new user as partner)" status="PASSED">
         <system-out><![CDATA[2023-01-16 15:50:37 - [TEST_CASE][PASSED] - Test Cases/09-Settings/04 - Users (Invite new user as partner): Test Cases/09-Settings/04 - Users (Invite new user as partner)

2023-01-16 15:50:39 - [TEST_STEP][PASSED] - openBrowser(""): Browser is opened with url: ''

2023-01-16 15:50:39 - [MESSAGE][INFO] - Starting 'Chrome' driver

2023-01-16 15:50:39 - [MESSAGE][INFO] - Action delay is set to 0 milliseconds

2023-01-16 15:50:42 - [MESSAGE][PASSED] - Browser is opened with url: ''

2023-01-16 15:50:42 - [TEST_STEP][PASSED] - navigateToUrl("https://lab.everleagues.com/"): Navigate to 'https://lab.everleagues.com/' successfully

2023-01-16 15:51:03 - [MESSAGE][PASSED] - Navigate to 'https://lab.everleagues.com/' successfully

2023-01-16 15:51:03 - [TEST_STEP][PASSED] - maximizeWindow(): Current window maximized

2023-01-16 15:51:04 - [MESSAGE][PASSED] - Current window maximized

2023-01-16 15:51:04 - [TEST_STEP][PASSED] - setText(findTestObject("02-Side Icons(Organization)/Add Contact/Email Field"), "testuser02@mailinator.com"): Text 'testuser02@mailinator.com' is set on object 'Object Repository/02-Side Icons(Organization)/Add Contact/Email Field'

2023-01-16 15:51:06 - [MESSAGE][PASSED] - Text 'testuser02@mailinator.com' is set on object 'Object Repository/02-Side Icons(Organization)/Add Contact/Email Field'

2023-01-16 15:51:06 - [TEST_STEP][PASSED] - setEncryptedText(findTestObject("02-Side Icons(Organization)/Add Contact/Password Field"), "8yFRyszE6U6jvsCn51OQbg=="): Text ****** has been set on object 'Object Repository/02-Side Icons(Organization)/Add Contact/Password Field'

2023-01-16 15:51:07 - [MESSAGE][PASSED] - Text ****** has been set on object 'Object Repository/02-Side Icons(Organization)/Add Contact/Password Field'

2023-01-16 15:51:07 - [TEST_STEP][PASSED] - click(findTestObject("02-Side Icons(Organization)/Add Contact/button_Sign in")): Object: 'Object Repository/02-Side Icons(Organization)/Add Contact/button_Sign in' is clicked on

2023-01-16 15:51:09 - [MESSAGE][PASSED] - Object: 'Object Repository/02-Side Icons(Organization)/Add Contact/button_Sign in' is clicked on

2023-01-16 15:51:09 - [TEST_STEP][PASSED] - delay(2): Delayed 2 second(s)

2023-01-16 15:51:11 - [MESSAGE][PASSED] - Delayed 2 second(s)

2023-01-16 15:51:11 - [TEST_STEP][PASSED] - click(findTestObject("06-Teams/For 2FA/button_Confirm_2FA")): Object: 'Object Repository/06-Teams/For 2FA/button_Confirm_2FA' is clicked on

2023-01-16 15:51:12 - [MESSAGE][PASSED] - Object: 'Object Repository/06-Teams/For 2FA/button_Confirm_2FA' is clicked on

2023-01-16 15:51:12 - [TEST_STEP][PASSED] - executeJavaScript("window.open();", []): Execute JavaScript 'window.open();' successfully

2023-01-16 15:51:12 - [MESSAGE][PASSED] - Execute JavaScript 'window.open();' successfully

2023-01-16 15:51:12 - [TEST_STEP][PASSED] - currentWindow = getWindowIndex(): Current window's index is: 0

2023-01-16 15:51:12 - [MESSAGE][PASSED] - Current window's index is: 0

2023-01-16 15:51:12 - [TEST_STEP][PASSED] - delay(3): Delayed 3 second(s)

2023-01-16 15:51:15 - [MESSAGE][PASSED] - Delayed 3 second(s)

2023-01-16 15:51:15 - [TEST_STEP][PASSED] - switchToWindowIndex(currentWindow + 1): Switched to window with index: '1'

2023-01-16 15:51:15 - [MESSAGE][PASSED] - Switched to window with index: '1'

2023-01-16 15:51:15 - [TEST_STEP][PASSED] - navigateToUrl("https://www.mailinator.com/"): Navigate to 'https://www.mailinator.com/' successfully

2023-01-16 15:51:29 - [MESSAGE][PASSED] - Navigate to 'https://www.mailinator.com/' successfully

2023-01-16 15:51:29 - [TEST_STEP][PASSED] - delay(3): Delayed 3 second(s)

2023-01-16 15:51:32 - [MESSAGE][PASSED] - Delayed 3 second(s)

2023-01-16 15:51:32 - [TEST_STEP][PASSED] - setText(findTestObject("00-Signup and Activation/zMailinator/input_LOGIN_search"), "testuser02@mailinator.com"): Text 'testuser02@mailinator.com' is set on object 'Object Repository/00-Signup and Activation/zMailinator/input_LOGIN_search'

2023-01-16 15:51:33 - [MESSAGE][PASSED] - Text 'testuser02@mailinator.com' is set on object 'Object Repository/00-Signup and Activation/zMailinator/input_LOGIN_search'

2023-01-16 15:51:33 - [TEST_STEP][PASSED] - click(findTestObject("00-Signup and Activation/zMailinator/gobutton"), STOP_ON_FAILURE): Object: 'Object Repository/00-Signup and Activation/zMailinator/gobutton' is clicked on

2023-01-16 15:51:36 - [MESSAGE][PASSED] - Object: 'Object Repository/00-Signup and Activation/zMailinator/gobutton' is clicked on

2023-01-16 15:51:36 - [TEST_STEP][PASSED] - delay(3): Delayed 3 second(s)

2023-01-16 15:51:39 - [MESSAGE][PASSED] - Delayed 3 second(s)

2023-01-16 15:51:39 - [TEST_STEP][PASSED] - click(findTestObject("00-Signup and Activation/zMailinator/Email - everleagues")): Object: 'Object Repository/00-Signup and Activation/zMailinator/Email - everleagues' is clicked on

2023-01-16 15:51:40 - [MESSAGE][PASSED] - Object: 'Object Repository/00-Signup and Activation/zMailinator/Email - everleagues' is clicked on

2023-01-16 15:51:40 - [TEST_STEP][PASSED] - delay(3): Delayed 3 second(s)

2023-01-16 15:51:43 - [MESSAGE][PASSED] - Delayed 3 second(s)

2023-01-16 15:51:43 - [TEST_STEP][PASSED] - code = getText(findTestObject("Object Repository/06-Teams/For 2FA/2FA code")): Text of object 'Object Repository/06-Teams/For 2FA/2FA code' is: '023965'

2023-01-16 15:51:44 - [MESSAGE][PASSED] - Text of object 'Object Repository/06-Teams/For 2FA/2FA code' is: '023965'

2023-01-16 15:51:44 - [TEST_STEP][PASSED] - delay(3): Delayed 3 second(s)

2023-01-16 15:51:47 - [MESSAGE][PASSED] - Delayed 3 second(s)

2023-01-16 15:51:47 - [TEST_STEP][PASSED] - closeWindowTitle("Mailinator"): Window with title: 'Mailinator' is closed

2023-01-16 15:51:47 - [MESSAGE][PASSED] - Window with title: 'Mailinator' is closed

2023-01-16 15:51:47 - [TEST_STEP][PASSED] - delay(3): Delayed 3 second(s)

2023-01-16 15:51:50 - [MESSAGE][PASSED] - Delayed 3 second(s)

2023-01-16 15:51:50 - [TEST_STEP][PASSED] - switchToWindowIndex(0): Switched to window with index: '0'

2023-01-16 15:51:50 - [MESSAGE][PASSED] - Switched to window with index: '0'

2023-01-16 15:51:50 - [TEST_STEP][PASSED] - delay(3): Delayed 3 second(s)

2023-01-16 15:51:53 - [MESSAGE][PASSED] - Delayed 3 second(s)

2023-01-16 15:51:53 - [TEST_STEP][PASSED] - setText(findTestObject("Object Repository/06-Teams/For 2FA/input_Enter verification code_code"), code): Text '023965' is set on object 'Object Repository/06-Teams/For 2FA/input_Enter verification code_code'

2023-01-16 15:51:55 - [MESSAGE][PASSED] - Text '023965' is set on object 'Object Repository/06-Teams/For 2FA/input_Enter verification code_code'

2023-01-16 15:51:55 - [TEST_STEP][PASSED] - delay(3): Delayed 3 second(s)

2023-01-16 15:51:58 - [MESSAGE][PASSED] - Delayed 3 second(s)

2023-01-16 15:51:58 - [TEST_STEP][PASSED] - click(findTestObject("06-Teams/For 2FA/button_Verify_2FA")): Object: 'Object Repository/06-Teams/For 2FA/button_Verify_2FA' is clicked on

2023-01-16 15:51:59 - [MESSAGE][PASSED] - Object: 'Object Repository/06-Teams/For 2FA/button_Verify_2FA' is clicked on

2023-01-16 15:51:59 - [TEST_STEP][PASSED] - delay(5): Delayed 5 second(s)

2023-01-16 15:52:04 - [MESSAGE][PASSED] - Delayed 5 second(s)

2023-01-16 15:52:04 - [TEST_STEP][PASSED] - click(findTestObject("06-Teams/button_doublearrow")): Object: 'Object Repository/06-Teams/button_doublearrow' is clicked on

2023-01-16 15:52:06 - [MESSAGE][PASSED] - Object: 'Object Repository/06-Teams/button_doublearrow' is clicked on

2023-01-16 15:52:06 - [TEST_STEP][PASSED] - click(findTestObject("06-Teams/button_My Organizations")): Object: 'Object Repository/06-Teams/button_My Organizations' is clicked on

2023-01-16 15:52:07 - [MESSAGE][PASSED] - Object: 'Object Repository/06-Teams/button_My Organizations' is clicked on

2023-01-16 15:52:07 - [TEST_STEP][PASSED] - click(findTestObject("06-Teams/button_GG Automation")): Object: 'Object Repository/06-Teams/button_GG Automation' is clicked on

2023-01-16 15:52:08 - [MESSAGE][PASSED] - Object: 'Object Repository/06-Teams/button_GG Automation' is clicked on

2023-01-16 15:52:08 - [TEST_STEP][PASSED] - delay(4): Delayed 4 second(s)

2023-01-16 15:52:12 - [MESSAGE][PASSED] - Delayed 4 second(s)

2023-01-16 15:52:12 - [TEST_STEP][PASSED] - verifyElementVisible(findTestObject("06-Teams/span_GG Automation")): Object 'Object Repository/06-Teams/span_GG Automation' is visible

2023-01-16 15:52:13 - [MESSAGE][PASSED] - Object 'Object Repository/06-Teams/span_GG Automation' is visible

2023-01-16 15:52:13 - [TEST_STEP][PASSED] - delay(5): Delayed 5 second(s)

2023-01-16 15:52:18 - [MESSAGE][PASSED] - Delayed 5 second(s)

2023-01-16 15:52:18 - [TEST_STEP][PASSED] - click(findTestObject("03-Header Menu/Hamburger Button/div_Settings")): Object: 'Object Repository/03-Header Menu/Hamburger Button/div_Settings' is clicked on

2023-01-16 15:52:19 - [MESSAGE][PASSED] - Object: 'Object Repository/03-Header Menu/Hamburger Button/div_Settings' is clicked on

2023-01-16 15:52:19 - [TEST_STEP][PASSED] - delay(3): Delayed 3 second(s)

2023-01-16 15:52:22 - [MESSAGE][PASSED] - Delayed 3 second(s)

2023-01-16 15:52:22 - [TEST_STEP][PASSED] - scrollToElement(findTestObject("09-Settings/Users/div_Users"), 0): Scroll to object 'Object Repository/09-Settings/Users/div_Users' successfully

2023-01-16 15:52:22 - [MESSAGE][WARNING] - Timeout '0' is invalid. Using default page load timeout: '30'

2023-01-16 15:52:23 - [MESSAGE][PASSED] - Scroll to object 'Object Repository/09-Settings/Users/div_Users' successfully

2023-01-16 15:52:23 - [TEST_STEP][PASSED] - click(findTestObject("09-Settings/Users/div_Users")): Object: 'Object Repository/09-Settings/Users/div_Users' is clicked on

2023-01-16 15:52:25 - [MESSAGE][PASSED] - Object: 'Object Repository/09-Settings/Users/div_Users' is clicked on

2023-01-16 15:52:25 - [TEST_STEP][PASSED] - delay(3): Delayed 3 second(s)

2023-01-16 15:52:28 - [MESSAGE][PASSED] - Delayed 3 second(s)

2023-01-16 15:52:28 - [TEST_STEP][PASSED] - click(findTestObject("09-Settings/Users/button_add")): Object: 'Object Repository/09-Settings/Users/button_add' is clicked on

2023-01-16 15:52:29 - [MESSAGE][PASSED] - Object: 'Object Repository/09-Settings/Users/button_add' is clicked on

2023-01-16 15:52:29 - [TEST_STEP][PASSED] - delay(3): Delayed 3 second(s)

2023-01-16 15:52:32 - [MESSAGE][PASSED] - Delayed 3 second(s)

2023-01-16 15:52:32 - [TEST_STEP][PASSED] - click(findTestObject("09-Settings/Users/add Invite a single user")): Object: 'Object Repository/09-Settings/Users/add Invite a single user' is clicked on

2023-01-16 15:52:33 - [MESSAGE][PASSED] - Object: 'Object Repository/09-Settings/Users/add Invite a single user' is clicked on

2023-01-16 15:52:33 - [TEST_STEP][PASSED] - delay(3): Delayed 3 second(s)

2023-01-16 15:52:36 - [MESSAGE][PASSED] - Delayed 3 second(s)

2023-01-16 15:52:36 - [TEST_STEP][PASSED] - setText(findTestObject("09-Settings/Users/input_email"), "autotester10@mailinator.com"): Text 'autotester10@mailinator.com' is set on object 'Object Repository/09-Settings/Users/input_email'

2023-01-16 15:52:39 - [MESSAGE][PASSED] - Text 'autotester10@mailinator.com' is set on object 'Object Repository/09-Settings/Users/input_email'

2023-01-16 15:52:39 - [TEST_STEP][PASSED] - setText(findTestObject("09-Settings/Users/input_firstName"), "GG"): Text 'GG' is set on object 'Object Repository/09-Settings/Users/input_firstName'

2023-01-16 15:52:41 - [MESSAGE][PASSED] - Text 'GG' is set on object 'Object Repository/09-Settings/Users/input_firstName'

2023-01-16 15:52:41 - [TEST_STEP][PASSED] - setText(findTestObject("09-Settings/Users/input_lastName"), "Partner"): Text 'Partner' is set on object 'Object Repository/09-Settings/Users/input_lastName'

2023-01-16 15:52:43 - [MESSAGE][PASSED] - Text 'Partner' is set on object 'Object Repository/09-Settings/Users/input_lastName'

2023-01-16 15:52:43 - [TEST_STEP][PASSED] - click(findTestObject("09-Settings/Users/span_Role")): Object: 'Object Repository/09-Settings/Users/span_Role' is clicked on

2023-01-16 15:52:44 - [MESSAGE][PASSED] - Object: 'Object Repository/09-Settings/Users/span_Role' is clicked on

2023-01-16 15:52:44 - [TEST_STEP][PASSED] - click(findTestObject("09-Settings/Users/span_Partner")): Object: 'Object Repository/09-Settings/Users/span_Partner' is clicked on

2023-01-16 15:52:45 - [MESSAGE][PASSED] - Object: 'Object Repository/09-Settings/Users/span_Partner' is clicked on

2023-01-16 15:52:45 - [TEST_STEP][PASSED] - click(findTestObject("09-Settings/Users/button_Send Invitation")): Object: 'Object Repository/09-Settings/Users/button_Send Invitation' is clicked on

2023-01-16 15:52:47 - [MESSAGE][PASSED] - Object: 'Object Repository/09-Settings/Users/button_Send Invitation' is clicked on

2023-01-16 15:52:47 - [TEST_STEP][PASSED] - delay(2): Delayed 2 second(s)

2023-01-16 15:52:49 - [MESSAGE][PASSED] - Delayed 2 second(s)

2023-01-16 15:52:49 - [TEST_STEP][PASSED] - verifyElementVisible(findTestObject("07-Directory/Connections/zContact Profile/Successfully invited user")): Object 'Object Repository/07-Directory/Connections/zContact Profile/Successfully invited user' is visible

2023-01-16 15:52:51 - [MESSAGE][PASSED] - Object 'Object Repository/07-Directory/Connections/zContact Profile/Successfully invited user' is visible

2023-01-16 15:52:51 - [TEST_STEP][PASSED] - delay(2): Delayed 2 second(s)

2023-01-16 15:52:53 - [MESSAGE][PASSED] - Delayed 2 second(s)

2023-01-16 15:52:53 - [TEST_STEP][PASSED] - click(findTestObject("01-Login and Forgot Password/User menu drop")): Object: 'Object Repository/01-Login and Forgot Password/User menu drop' is clicked on

2023-01-16 15:52:54 - [MESSAGE][PASSED] - Object: 'Object Repository/01-Login and Forgot Password/User menu drop' is clicked on

2023-01-16 15:52:54 - [TEST_STEP][PASSED] - delay(2): Delayed 2 second(s)

2023-01-16 15:52:56 - [MESSAGE][PASSED] - Delayed 2 second(s)

2023-01-16 15:52:56 - [TEST_STEP][PASSED] - click(findTestObject("01-Login and Forgot Password/h4_Sign Out"), STOP_ON_FAILURE): Object: 'Object Repository/01-Login and Forgot Password/h4_Sign Out' is clicked on

2023-01-16 15:52:57 - [MESSAGE][PASSED] - Object: 'Object Repository/01-Login and Forgot Password/h4_Sign Out' is clicked on

2023-01-16 15:52:57 - [TEST_STEP][PASSED] - delay(2): Delayed 2 second(s)

2023-01-16 15:52:59 - [MESSAGE][PASSED] - Delayed 2 second(s)

2023-01-16 15:52:59 - [TEST_STEP][PASSED] - verifyElementPresent(findTestObject("01-Login and Forgot Password/Login_Card"), 0): Object 'Object Repository/01-Login and Forgot Password/Login_Card' is present

2023-01-16 15:52:59 - [MESSAGE][WARNING] - Timeout '0' is invalid. Using default page load timeout: '30'

2023-01-16 15:53:00 - [MESSAGE][PASSED] - Object 'Object Repository/01-Login and Forgot Password/Login_Card' is present

2023-01-16 15:53:00 - [TEST_STEP][PASSED] - delay(3): Delayed 3 second(s)

2023-01-16 15:53:03 - [MESSAGE][PASSED] - Delayed 3 second(s)

2023-01-16 15:53:03 - [TEST_STEP][PASSED] - closeBrowser(): Browser is closed

2023-01-16 15:53:05 - [MESSAGE][PASSED] - Browser is closed

2023-01-16 15:53:05 - [TEST_STEP][PASSED] - openBrowser(""): Browser is opened with url: ''

2023-01-16 15:53:05 - [MESSAGE][INFO] - Starting 'Chrome' driver

2023-01-16 15:53:05 - [MESSAGE][INFO] - Action delay is set to 0 milliseconds

2023-01-16 15:53:08 - [MESSAGE][PASSED] - Browser is opened with url: ''

2023-01-16 15:53:08 - [TEST_STEP][PASSED] - navigateToUrl("https://lab.everleagues.com/"): Navigate to 'https://lab.everleagues.com/' successfully

2023-01-16 15:53:27 - [MESSAGE][PASSED] - Navigate to 'https://lab.everleagues.com/' successfully

2023-01-16 15:53:27 - [TEST_STEP][PASSED] - maximizeWindow(): Current window maximized

2023-01-16 15:53:27 - [MESSAGE][PASSED] - Current window maximized

2023-01-16 15:53:27 - [TEST_STEP][PASSED] - setText(findTestObject("02-Side Icons(Organization)/Add Contact/Email Field"), "autotester10@mailinator.com"): Text 'autotester10@mailinator.com' is set on object 'Object Repository/02-Side Icons(Organization)/Add Contact/Email Field'

2023-01-16 15:53:30 - [MESSAGE][PASSED] - Text 'autotester10@mailinator.com' is set on object 'Object Repository/02-Side Icons(Organization)/Add Contact/Email Field'

2023-01-16 15:53:30 - [TEST_STEP][PASSED] - setEncryptedText(findTestObject("02-Side Icons(Organization)/Add Contact/Password Field"), "8yFRyszE6U6jvsCn51OQbg=="): Text ****** has been set on object 'Object Repository/02-Side Icons(Organization)/Add Contact/Password Field'

2023-01-16 15:53:31 - [MESSAGE][PASSED] - Text ****** has been set on object 'Object Repository/02-Side Icons(Organization)/Add Contact/Password Field'

2023-01-16 15:53:31 - [TEST_STEP][PASSED] - click(findTestObject("02-Side Icons(Organization)/Add Contact/button_Sign in")): Object: 'Object Repository/02-Side Icons(Organization)/Add Contact/button_Sign in' is clicked on

2023-01-16 15:53:32 - [MESSAGE][PASSED] - Object: 'Object Repository/02-Side Icons(Organization)/Add Contact/button_Sign in' is clicked on

2023-01-16 15:53:32 - [TEST_STEP][PASSED] - delay(2): Delayed 2 second(s)

2023-01-16 15:53:34 - [MESSAGE][PASSED] - Delayed 2 second(s)

2023-01-16 15:53:34 - [TEST_STEP][PASSED] - click(findTestObject("06-Teams/For 2FA/button_Confirm_2FA")): Object: 'Object Repository/06-Teams/For 2FA/button_Confirm_2FA' is clicked on

2023-01-16 15:53:35 - [MESSAGE][PASSED] - Object: 'Object Repository/06-Teams/For 2FA/button_Confirm_2FA' is clicked on

2023-01-16 15:53:35 - [TEST_STEP][PASSED] - executeJavaScript("window.open();", []): Execute JavaScript 'window.open();' successfully

2023-01-16 15:53:35 - [MESSAGE][PASSED] - Execute JavaScript 'window.open();' successfully

2023-01-16 15:53:35 - [TEST_STEP][PASSED] - currentWindow = getWindowIndex(): Current window's index is: 0

2023-01-16 15:53:35 - [MESSAGE][PASSED] - Current window's index is: 0

2023-01-16 15:53:35 - [TEST_STEP][PASSED] - delay(3): Delayed 3 second(s)

2023-01-16 15:53:38 - [MESSAGE][PASSED] - Delayed 3 second(s)

2023-01-16 15:53:38 - [TEST_STEP][PASSED] - switchToWindowIndex(currentWindow + 1): Switched to window with index: '1'

2023-01-16 15:53:38 - [MESSAGE][PASSED] - Switched to window with index: '1'

2023-01-16 15:53:38 - [TEST_STEP][PASSED] - navigateToUrl("https://www.mailinator.com/"): Navigate to 'https://www.mailinator.com/' successfully

2023-01-16 15:53:52 - [MESSAGE][PASSED] - Navigate to 'https://www.mailinator.com/' successfully

2023-01-16 15:53:52 - [TEST_STEP][PASSED] - delay(3): Delayed 3 second(s)

2023-01-16 15:53:55 - [MESSAGE][PASSED] - Delayed 3 second(s)

2023-01-16 15:53:55 - [TEST_STEP][PASSED] - setText(findTestObject("00-Signup and Activation/zMailinator/input_LOGIN_search"), "autotester10@mailinator.com"): Text 'autotester10@mailinator.com' is set on object 'Object Repository/00-Signup and Activation/zMailinator/input_LOGIN_search'

2023-01-16 15:53:56 - [MESSAGE][PASSED] - Text 'autotester10@mailinator.com' is set on object 'Object Repository/00-Signup and Activation/zMailinator/input_LOGIN_search'

2023-01-16 15:53:56 - [TEST_STEP][PASSED] - click(findTestObject("00-Signup and Activation/zMailinator/gobutton"), STOP_ON_FAILURE): Object: 'Object Repository/00-Signup and Activation/zMailinator/gobutton' is clicked on

2023-01-16 15:53:59 - [MESSAGE][PASSED] - Object: 'Object Repository/00-Signup and Activation/zMailinator/gobutton' is clicked on

2023-01-16 15:53:59 - [TEST_STEP][PASSED] - delay(3): Delayed 3 second(s)

2023-01-16 15:54:02 - [MESSAGE][PASSED] - Delayed 3 second(s)

2023-01-16 15:54:02 - [TEST_STEP][PASSED] - click(findTestObject("00-Signup and Activation/zMailinator/Email - everleagues")): Object: 'Object Repository/00-Signup and Activation/zMailinator/Email - everleagues' is clicked on

2023-01-16 15:54:02 - [MESSAGE][PASSED] - Object: 'Object Repository/00-Signup and Activation/zMailinator/Email - everleagues' is clicked on

2023-01-16 15:54:02 - [TEST_STEP][PASSED] - delay(3): Delayed 3 second(s)

2023-01-16 15:54:05 - [MESSAGE][PASSED] - Delayed 3 second(s)

2023-01-16 15:54:05 - [TEST_STEP][PASSED] - codetwo = getText(findTestObject("Object Repository/06-Teams/For 2FA/2FA code")): Text of object 'Object Repository/06-Teams/For 2FA/2FA code' is: '138982'

2023-01-16 15:54:06 - [MESSAGE][PASSED] - Text of object 'Object Repository/06-Teams/For 2FA/2FA code' is: '138982'

2023-01-16 15:54:07 - [TEST_STEP][PASSED] - delay(3): Delayed 3 second(s)

2023-01-16 15:54:10 - [MESSAGE][PASSED] - Delayed 3 second(s)

2023-01-16 15:54:10 - [TEST_STEP][PASSED] - closeWindowTitle("Mailinator"): Window with title: 'Mailinator' is closed

2023-01-16 15:54:10 - [MESSAGE][PASSED] - Window with title: 'Mailinator' is closed

2023-01-16 15:54:10 - [TEST_STEP][PASSED] - delay(3): Delayed 3 second(s)

2023-01-16 15:54:13 - [MESSAGE][PASSED] - Delayed 3 second(s)

2023-01-16 15:54:13 - [TEST_STEP][PASSED] - switchToWindowIndex(0): Switched to window with index: '0'

2023-01-16 15:54:13 - [MESSAGE][PASSED] - Switched to window with index: '0'

2023-01-16 15:54:13 - [TEST_STEP][PASSED] - delay(3): Delayed 3 second(s)

2023-01-16 15:54:16 - [MESSAGE][PASSED] - Delayed 3 second(s)

2023-01-16 15:54:16 - [TEST_STEP][PASSED] - setText(findTestObject("Object Repository/06-Teams/For 2FA/input_Enter verification code_code"), codetwo): Text '138982' is set on object 'Object Repository/06-Teams/For 2FA/input_Enter verification code_code'

2023-01-16 15:54:18 - [MESSAGE][PASSED] - Text '138982' is set on object 'Object Repository/06-Teams/For 2FA/input_Enter verification code_code'

2023-01-16 15:54:18 - [TEST_STEP][PASSED] - delay(3): Delayed 3 second(s)

2023-01-16 15:54:21 - [MESSAGE][PASSED] - Delayed 3 second(s)

2023-01-16 15:54:21 - [TEST_STEP][PASSED] - click(findTestObject("06-Teams/For 2FA/button_Verify_2FA")): Object: 'Object Repository/06-Teams/For 2FA/button_Verify_2FA' is clicked on

2023-01-16 15:54:22 - [MESSAGE][PASSED] - Object: 'Object Repository/06-Teams/For 2FA/button_Verify_2FA' is clicked on

2023-01-16 15:54:22 - [TEST_STEP][PASSED] - delay(5): Delayed 5 second(s)

2023-01-16 15:54:27 - [MESSAGE][PASSED] - Delayed 5 second(s)

2023-01-16 15:54:27 - [TEST_STEP][PASSED] - executeJavaScript("window.open();", []): Execute JavaScript 'window.open();' successfully

2023-01-16 15:54:27 - [MESSAGE][PASSED] - Execute JavaScript 'window.open();' successfully

2023-01-16 15:54:27 - [TEST_STEP][PASSED] - currentWindow = getWindowIndex(): Current window's index is: 0

2023-01-16 15:54:27 - [MESSAGE][PASSED] - Current window's index is: 0

2023-01-16 15:54:27 - [TEST_STEP][PASSED] - delay(3): Delayed 3 second(s)

2023-01-16 15:54:30 - [MESSAGE][PASSED] - Delayed 3 second(s)

2023-01-16 15:54:30 - [TEST_STEP][PASSED] - switchToWindowIndex(currentWindow + 1): Switched to window with index: '1'

2023-01-16 15:54:30 - [MESSAGE][PASSED] - Switched to window with index: '1'

2023-01-16 15:54:30 - [TEST_STEP][PASSED] - navigateToUrl("https://www.mailinator.com/"): Navigate to 'https://www.mailinator.com/' successfully

2023-01-16 15:54:36 - [MESSAGE][PASSED] - Navigate to 'https://www.mailinator.com/' successfully

2023-01-16 15:54:36 - [TEST_STEP][PASSED] - delay(3): Delayed 3 second(s)

2023-01-16 15:54:39 - [MESSAGE][PASSED] - Delayed 3 second(s)

2023-01-16 15:54:39 - [TEST_STEP][PASSED] - setText(findTestObject("00-Signup and Activation/zMailinator/input_LOGIN_search"), "autotester10@mailinator.com"): Text 'autotester10@mailinator.com' is set on object 'Object Repository/00-Signup and Activation/zMailinator/input_LOGIN_search'

2023-01-16 15:54:40 - [MESSAGE][PASSED] - Text 'autotester10@mailinator.com' is set on object 'Object Repository/00-Signup and Activation/zMailinator/input_LOGIN_search'

2023-01-16 15:54:40 - [TEST_STEP][PASSED] - click(findTestObject("00-Signup and Activation/zMailinator/gobutton"), STOP_ON_FAILURE): Object: 'Object Repository/00-Signup and Activation/zMailinator/gobutton' is clicked on

2023-01-16 15:54:43 - [MESSAGE][PASSED] - Object: 'Object Repository/00-Signup and Activation/zMailinator/gobutton' is clicked on

2023-01-16 15:54:43 - [TEST_STEP][PASSED] - delay(3): Delayed 3 second(s)

2023-01-16 15:54:46 - [MESSAGE][PASSED] - Delayed 3 second(s)

2023-01-16 15:54:46 - [TEST_STEP][PASSED] - closeWindowTitle("Everleagues"): Window with title: 'Everleagues' is closed

2023-01-16 15:54:46 - [MESSAGE][PASSED] - Window with title: 'Everleagues' is closed

2023-01-16 15:54:46 - [TEST_STEP][PASSED] - switchToWindowIndex(0): Switched to window with index: '0'

2023-01-16 15:54:46 - [MESSAGE][PASSED] - Switched to window with index: '0'

2023-01-16 15:54:46 - [TEST_STEP][PASSED] - click(findTestObject("09-Settings/Users/Co worker/td_Invitation from GG Automation")): Object: 'Object Repository/09-Settings/Users/Co worker/td_Invitation from GG Automation' is clicked on

2023-01-16 15:54:47 - [MESSAGE][PASSED] - Object: 'Object Repository/09-Settings/Users/Co worker/td_Invitation from GG Automation' is clicked on

2023-01-16 15:54:47 - [TEST_STEP][PASSED] - click(findTestObject("09-Settings/Users/Co worker/a_Click here to join GG Automation on EverLeagues")): Object: 'Object Repository/09-Settings/Users/Co worker/a_Click here to join GG Automation on EverLeagues' is clicked on

2023-01-16 15:54:49 - [MESSAGE][PASSED] - Object: 'Object Repository/09-Settings/Users/Co worker/a_Click here to join GG Automation on EverLeagues' is clicked on

2023-01-16 15:54:49 - [TEST_STEP][PASSED] - closeWindowTitle("Mailinator"): Window with title: 'Mailinator' is closed

2023-01-16 15:54:49 - [MESSAGE][PASSED] - Window with title: 'Mailinator' is closed

2023-01-16 15:54:49 - [TEST_STEP][PASSED] - switchToWindowIndex(0): Switched to window with index: '0'

2023-01-16 15:54:49 - [MESSAGE][PASSED] - Switched to window with index: '0'

2023-01-16 15:54:49 - [TEST_STEP][PASSED] - verifyElementVisible(findTestObject("09-Settings/Users/Client/Invite modal")): Object 'Object Repository/09-Settings/Users/Client/Invite modal' is visible

2023-01-16 15:55:19 - [MESSAGE][PASSED] - Object 'Object Repository/09-Settings/Users/Client/Invite modal' is visible

2023-01-16 15:55:19 - [TEST_STEP][PASSED] - setText(findTestObject("09-Settings/Users/Client/Company field"), "QA Company"): Text 'QA Company' is set on object 'Object Repository/09-Settings/Users/Client/Company field'

2023-01-16 15:55:21 - [MESSAGE][PASSED] - Text 'QA Company' is set on object 'Object Repository/09-Settings/Users/Client/Company field'

2023-01-16 15:55:21 - [TEST_STEP][PASSED] - click(findTestObject("09-Settings/Users/Client/button_Accept")): Object: 'Object Repository/09-Settings/Users/Client/button_Accept' is clicked on

2023-01-16 15:55:22 - [MESSAGE][PASSED] - Object: 'Object Repository/09-Settings/Users/Client/button_Accept' is clicked on

2023-01-16 15:55:22 - [TEST_STEP][PASSED] - delay(5): Delayed 5 second(s)

2023-01-16 15:55:27 - [MESSAGE][PASSED] - Delayed 5 second(s)

2023-01-16 15:55:27 - [TEST_STEP][PASSED] - verifyElementVisible(findTestObject("09-Settings/Users/div_Joined as Partner")): Object 'Object Repository/09-Settings/Users/div_Joined as Partner' is visible

2023-01-16 15:55:28 - [MESSAGE][PASSED] - Object 'Object Repository/09-Settings/Users/div_Joined as Partner' is visible

2023-01-16 15:55:28 - [TEST_STEP][PASSED] - delay(3): Delayed 3 second(s)

2023-01-16 15:55:31 - [MESSAGE][PASSED] - Delayed 3 second(s)

2023-01-16 15:55:31 - [TEST_STEP][PASSED] - closeBrowser(): Browser is closed

2023-01-16 15:55:33 - [MESSAGE][PASSED] - Browser is closed]]></system-out>
         <system-err><![CDATA[]]></system-err>
      </testcase>
      <testcase name="Test Cases/09-Settings/05 - Users (Invite batch of users via CSV file)" time="155.313" classname="Test Cases/09-Settings/05 - Users (Invite batch of users via CSV file)" status="PASSED">
         <system-out><![CDATA[2023-01-16 15:55:33 - [TEST_CASE][PASSED] - Test Cases/09-Settings/05 - Users (Invite batch of users via CSV file): Test Cases/09-Settings/05 - Users (Invite batch of users via CSV file)

2023-01-16 15:55:36 - [TEST_STEP][PASSED] - openBrowser(""): Browser is opened with url: ''

2023-01-16 15:55:36 - [MESSAGE][INFO] - Starting 'Chrome' driver

2023-01-16 15:55:36 - [MESSAGE][INFO] - Action delay is set to 0 milliseconds

2023-01-16 15:55:39 - [MESSAGE][PASSED] - Browser is opened with url: ''

2023-01-16 15:55:39 - [TEST_STEP][PASSED] - navigateToUrl("https://lab.everleagues.com/"): Navigate to 'https://lab.everleagues.com/' successfully

2023-01-16 15:55:59 - [MESSAGE][PASSED] - Navigate to 'https://lab.everleagues.com/' successfully

2023-01-16 15:55:59 - [TEST_STEP][PASSED] - maximizeWindow(): Current window maximized

2023-01-16 15:56:00 - [MESSAGE][PASSED] - Current window maximized

2023-01-16 15:56:00 - [TEST_STEP][PASSED] - setText(findTestObject("02-Side Icons(Organization)/Add Contact/Email Field"), "testuser02@mailinator.com"): Text 'testuser02@mailinator.com' is set on object 'Object Repository/02-Side Icons(Organization)/Add Contact/Email Field'

2023-01-16 15:56:02 - [MESSAGE][PASSED] - Text 'testuser02@mailinator.com' is set on object 'Object Repository/02-Side Icons(Organization)/Add Contact/Email Field'

2023-01-16 15:56:02 - [TEST_STEP][PASSED] - setEncryptedText(findTestObject("02-Side Icons(Organization)/Add Contact/Password Field"), "8yFRyszE6U6jvsCn51OQbg=="): Text ****** has been set on object 'Object Repository/02-Side Icons(Organization)/Add Contact/Password Field'

2023-01-16 15:56:03 - [MESSAGE][PASSED] - Text ****** has been set on object 'Object Repository/02-Side Icons(Organization)/Add Contact/Password Field'

2023-01-16 15:56:03 - [TEST_STEP][PASSED] - click(findTestObject("02-Side Icons(Organization)/Add Contact/button_Sign in")): Object: 'Object Repository/02-Side Icons(Organization)/Add Contact/button_Sign in' is clicked on

2023-01-16 15:56:04 - [MESSAGE][PASSED] - Object: 'Object Repository/02-Side Icons(Organization)/Add Contact/button_Sign in' is clicked on

2023-01-16 15:56:05 - [TEST_STEP][PASSED] - delay(2): Delayed 2 second(s)

2023-01-16 15:56:07 - [MESSAGE][PASSED] - Delayed 2 second(s)

2023-01-16 15:56:07 - [TEST_STEP][PASSED] - click(findTestObject("06-Teams/For 2FA/button_Confirm_2FA")): Object: 'Object Repository/06-Teams/For 2FA/button_Confirm_2FA' is clicked on

2023-01-16 15:56:07 - [MESSAGE][PASSED] - Object: 'Object Repository/06-Teams/For 2FA/button_Confirm_2FA' is clicked on

2023-01-16 15:56:07 - [TEST_STEP][PASSED] - executeJavaScript("window.open();", []): Execute JavaScript 'window.open();' successfully

2023-01-16 15:56:08 - [MESSAGE][PASSED] - Execute JavaScript 'window.open();' successfully

2023-01-16 15:56:08 - [TEST_STEP][PASSED] - currentWindow = getWindowIndex(): Current window's index is: 0

2023-01-16 15:56:08 - [MESSAGE][PASSED] - Current window's index is: 0

2023-01-16 15:56:08 - [TEST_STEP][PASSED] - delay(3): Delayed 3 second(s)

2023-01-16 15:56:11 - [MESSAGE][PASSED] - Delayed 3 second(s)

2023-01-16 15:56:11 - [TEST_STEP][PASSED] - switchToWindowIndex(currentWindow + 1): Switched to window with index: '1'

2023-01-16 15:56:11 - [MESSAGE][PASSED] - Switched to window with index: '1'

2023-01-16 15:56:11 - [TEST_STEP][PASSED] - navigateToUrl("https://www.mailinator.com/"): Navigate to 'https://www.mailinator.com/' successfully

2023-01-16 15:56:24 - [MESSAGE][PASSED] - Navigate to 'https://www.mailinator.com/' successfully

2023-01-16 15:56:24 - [TEST_STEP][PASSED] - delay(3): Delayed 3 second(s)

2023-01-16 15:56:27 - [MESSAGE][PASSED] - Delayed 3 second(s)

2023-01-16 15:56:27 - [TEST_STEP][PASSED] - setText(findTestObject("00-Signup and Activation/zMailinator/input_LOGIN_search"), "testuser02@mailinator.com"): Text 'testuser02@mailinator.com' is set on object 'Object Repository/00-Signup and Activation/zMailinator/input_LOGIN_search'

2023-01-16 15:56:29 - [MESSAGE][PASSED] - Text 'testuser02@mailinator.com' is set on object 'Object Repository/00-Signup and Activation/zMailinator/input_LOGIN_search'

2023-01-16 15:56:29 - [TEST_STEP][PASSED] - click(findTestObject("00-Signup and Activation/zMailinator/gobutton"), STOP_ON_FAILURE): Object: 'Object Repository/00-Signup and Activation/zMailinator/gobutton' is clicked on

2023-01-16 15:56:35 - [MESSAGE][PASSED] - Object: 'Object Repository/00-Signup and Activation/zMailinator/gobutton' is clicked on

2023-01-16 15:56:35 - [TEST_STEP][PASSED] - delay(3): Delayed 3 second(s)

2023-01-16 15:56:38 - [MESSAGE][PASSED] - Delayed 3 second(s)

2023-01-16 15:56:38 - [TEST_STEP][PASSED] - click(findTestObject("00-Signup and Activation/zMailinator/Email - everleagues")): Object: 'Object Repository/00-Signup and Activation/zMailinator/Email - everleagues' is clicked on

2023-01-16 15:56:39 - [MESSAGE][PASSED] - Object: 'Object Repository/00-Signup and Activation/zMailinator/Email - everleagues' is clicked on

2023-01-16 15:56:39 - [TEST_STEP][PASSED] - delay(3): Delayed 3 second(s)

2023-01-16 15:56:42 - [MESSAGE][PASSED] - Delayed 3 second(s)

2023-01-16 15:56:42 - [TEST_STEP][PASSED] - code = getText(findTestObject("Object Repository/06-Teams/For 2FA/2FA code")): Text of object 'Object Repository/06-Teams/For 2FA/2FA code' is: '554898'

2023-01-16 15:56:43 - [MESSAGE][PASSED] - Text of object 'Object Repository/06-Teams/For 2FA/2FA code' is: '554898'

2023-01-16 15:56:43 - [TEST_STEP][PASSED] - delay(3): Delayed 3 second(s)

2023-01-16 15:56:46 - [MESSAGE][PASSED] - Delayed 3 second(s)

2023-01-16 15:56:46 - [TEST_STEP][PASSED] - closeWindowTitle("Mailinator"): Window with title: 'Mailinator' is closed

2023-01-16 15:56:47 - [MESSAGE][PASSED] - Window with title: 'Mailinator' is closed

2023-01-16 15:56:47 - [TEST_STEP][PASSED] - delay(3): Delayed 3 second(s)

2023-01-16 15:56:50 - [MESSAGE][PASSED] - Delayed 3 second(s)

2023-01-16 15:56:50 - [TEST_STEP][PASSED] - switchToWindowIndex(0): Switched to window with index: '0'

2023-01-16 15:56:50 - [MESSAGE][PASSED] - Switched to window with index: '0'

2023-01-16 15:56:50 - [TEST_STEP][PASSED] - delay(3): Delayed 3 second(s)

2023-01-16 15:56:53 - [MESSAGE][PASSED] - Delayed 3 second(s)

2023-01-16 15:56:53 - [TEST_STEP][PASSED] - setText(findTestObject("Object Repository/06-Teams/For 2FA/input_Enter verification code_code"), code): Text '554898' is set on object 'Object Repository/06-Teams/For 2FA/input_Enter verification code_code'

2023-01-16 15:56:54 - [MESSAGE][PASSED] - Text '554898' is set on object 'Object Repository/06-Teams/For 2FA/input_Enter verification code_code'

2023-01-16 15:56:54 - [TEST_STEP][PASSED] - delay(3): Delayed 3 second(s)

2023-01-16 15:56:57 - [MESSAGE][PASSED] - Delayed 3 second(s)

2023-01-16 15:56:57 - [TEST_STEP][PASSED] - click(findTestObject("06-Teams/For 2FA/button_Verify_2FA")): Object: 'Object Repository/06-Teams/For 2FA/button_Verify_2FA' is clicked on

2023-01-16 15:56:58 - [MESSAGE][PASSED] - Object: 'Object Repository/06-Teams/For 2FA/button_Verify_2FA' is clicked on

2023-01-16 15:56:58 - [TEST_STEP][PASSED] - delay(5): Delayed 5 second(s)

2023-01-16 15:57:03 - [MESSAGE][PASSED] - Delayed 5 second(s)

2023-01-16 15:57:03 - [TEST_STEP][PASSED] - click(findTestObject("06-Teams/button_doublearrow")): Object: 'Object Repository/06-Teams/button_doublearrow' is clicked on

2023-01-16 15:57:05 - [MESSAGE][PASSED] - Object: 'Object Repository/06-Teams/button_doublearrow' is clicked on

2023-01-16 15:57:05 - [TEST_STEP][PASSED] - click(findTestObject("06-Teams/button_My Organizations")): Object: 'Object Repository/06-Teams/button_My Organizations' is clicked on

2023-01-16 15:57:06 - [MESSAGE][PASSED] - Object: 'Object Repository/06-Teams/button_My Organizations' is clicked on

2023-01-16 15:57:06 - [TEST_STEP][PASSED] - click(findTestObject("06-Teams/button_GG Automation")): Object: 'Object Repository/06-Teams/button_GG Automation' is clicked on

2023-01-16 15:57:07 - [MESSAGE][PASSED] - Object: 'Object Repository/06-Teams/button_GG Automation' is clicked on

2023-01-16 15:57:07 - [TEST_STEP][PASSED] - delay(4): Delayed 4 second(s)

2023-01-16 15:57:11 - [MESSAGE][PASSED] - Delayed 4 second(s)

2023-01-16 15:57:11 - [TEST_STEP][PASSED] - verifyElementVisible(findTestObject("06-Teams/span_GG Automation")): Object 'Object Repository/06-Teams/span_GG Automation' is visible

2023-01-16 15:57:12 - [MESSAGE][PASSED] - Object 'Object Repository/06-Teams/span_GG Automation' is visible

2023-01-16 15:57:12 - [TEST_STEP][PASSED] - delay(5): Delayed 5 second(s)

2023-01-16 15:57:17 - [MESSAGE][PASSED] - Delayed 5 second(s)

2023-01-16 15:57:17 - [TEST_STEP][PASSED] - click(findTestObject("03-Header Menu/Hamburger Button/div_Settings")): Object: 'Object Repository/03-Header Menu/Hamburger Button/div_Settings' is clicked on

2023-01-16 15:57:18 - [MESSAGE][PASSED] - Object: 'Object Repository/03-Header Menu/Hamburger Button/div_Settings' is clicked on

2023-01-16 15:57:18 - [TEST_STEP][PASSED] - delay(3): Delayed 3 second(s)

2023-01-16 15:57:21 - [MESSAGE][PASSED] - Delayed 3 second(s)

2023-01-16 15:57:21 - [TEST_STEP][PASSED] - scrollToElement(findTestObject("09-Settings/Users/div_Users"), 0): Scroll to object 'Object Repository/09-Settings/Users/div_Users' successfully

2023-01-16 15:57:22 - [MESSAGE][WARNING] - Timeout '0' is invalid. Using default page load timeout: '30'

2023-01-16 15:57:22 - [MESSAGE][PASSED] - Scroll to object 'Object Repository/09-Settings/Users/div_Users' successfully

2023-01-16 15:57:22 - [TEST_STEP][PASSED] - click(findTestObject("09-Settings/Users/div_Users")): Object: 'Object Repository/09-Settings/Users/div_Users' is clicked on

2023-01-16 15:57:24 - [MESSAGE][PASSED] - Object: 'Object Repository/09-Settings/Users/div_Users' is clicked on

2023-01-16 15:57:24 - [TEST_STEP][PASSED] - delay(3): Delayed 3 second(s)

2023-01-16 15:57:27 - [MESSAGE][PASSED] - Delayed 3 second(s)

2023-01-16 15:57:27 - [TEST_STEP][PASSED] - click(findTestObject("09-Settings/Users/button_add")): Object: 'Object Repository/09-Settings/Users/button_add' is clicked on

2023-01-16 15:57:28 - [MESSAGE][PASSED] - Object: 'Object Repository/09-Settings/Users/button_add' is clicked on

2023-01-16 15:57:28 - [TEST_STEP][PASSED] - delay(3): Delayed 3 second(s)

2023-01-16 15:57:31 - [MESSAGE][PASSED] - Delayed 3 second(s)

2023-01-16 15:57:31 - [TEST_STEP][PASSED] - click(findTestObject("09-Settings/Users/Invite batch of users via CSV file")): Object: 'Object Repository/09-Settings/Users/Invite batch of users via CSV file' is clicked on

2023-01-16 15:57:32 - [MESSAGE][PASSED] - Object: 'Object Repository/09-Settings/Users/Invite batch of users via CSV file' is clicked on

2023-01-16 15:57:32 - [TEST_STEP][PASSED] - verifyElementVisible(findTestObject("09-Settings/Users/CSV Invite/Import CSV File modal")): Object 'Object Repository/09-Settings/Users/CSV Invite/Import CSV File modal' is visible

2023-01-16 15:57:33 - [MESSAGE][PASSED] - Object 'Object Repository/09-Settings/Users/CSV Invite/Import CSV File modal' is visible

2023-01-16 15:57:33 - [TEST_STEP][PASSED] - verifyElementNotClickable(findTestObject("09-Settings/Users/CSV Invite/button_Import")): Object 'Object Repository/09-Settings/Users/CSV Invite/button_Import' is NOT clickable

2023-01-16 15:57:34 - [MESSAGE][PASSED] - Object 'Object Repository/09-Settings/Users/CSV Invite/button_Import' is NOT clickable

2023-01-16 15:57:34 - [TEST_STEP][PASSED] - delay(3): Delayed 3 second(s)

2023-01-16 15:57:37 - [MESSAGE][PASSED] - Delayed 3 second(s)

2023-01-16 15:57:37 - [TEST_STEP][PASSED] - uploadpackage.Upload.uploadFile(findTestObject("Object Repository/09-Settings/Users/CSV Invite/button_Choose File"), "C:\Users\asus\Desktop\EL automation\sample csv.csv"): uploadpackage.Upload.uploadFile is PASSED

2023-01-16 15:57:38 - [MESSAGE][PASSED] - Object: 'Object Repository/09-Settings/Users/CSV Invite/button_Choose File' is clicked on

2023-01-16 15:57:40 - [MESSAGE][PASSED] - uploadpackage.Upload.uploadFile is PASSED

2023-01-16 15:57:40 - [TEST_STEP][PASSED] - delay(3): Delayed 3 second(s)

2023-01-16 15:57:43 - [MESSAGE][PASSED] - Delayed 3 second(s)

2023-01-16 15:57:43 - [TEST_STEP][PASSED] - verifyElementVisible(findTestObject("09-Settings/Users/CSV Invite/div_Sample csv.csv")): Object 'Object Repository/09-Settings/Users/CSV Invite/div_Sample csv.csv' is visible

2023-01-16 15:57:45 - [MESSAGE][PASSED] - Object 'Object Repository/09-Settings/Users/CSV Invite/div_Sample csv.csv' is visible

2023-01-16 15:57:45 - [TEST_STEP][PASSED] - click(findTestObject("09-Settings/Users/CSV Invite/button_Import")): Object: 'Object Repository/09-Settings/Users/CSV Invite/button_Import' is clicked on

2023-01-16 15:57:46 - [MESSAGE][PASSED] - Object: 'Object Repository/09-Settings/Users/CSV Invite/button_Import' is clicked on

2023-01-16 15:57:46 - [TEST_STEP][PASSED] - delay(5): Delayed 5 second(s)

2023-01-16 15:57:51 - [MESSAGE][PASSED] - Delayed 5 second(s)

2023-01-16 15:57:51 - [TEST_STEP][PASSED] - verifyElementVisible(findTestObject("09-Settings/Users/CSV Invite/Success import modal")): Object 'Object Repository/09-Settings/Users/CSV Invite/Success import modal' is visible

2023-01-16 15:57:51 - [MESSAGE][PASSED] - Object 'Object Repository/09-Settings/Users/CSV Invite/Success import modal' is visible

2023-01-16 15:57:51 - [TEST_STEP][PASSED] - click(findTestObject("09-Settings/Users/CSV Invite/button_Close")): Object: 'Object Repository/09-Settings/Users/CSV Invite/button_Close' is clicked on

2023-01-16 15:57:52 - [MESSAGE][PASSED] - Object: 'Object Repository/09-Settings/Users/CSV Invite/button_Close' is clicked on

2023-01-16 15:57:52 - [TEST_STEP][PASSED] - click(findTestObject("09-Settings/Users/CSV Invite/Invited Users tab")): Object: 'Object Repository/09-Settings/Users/CSV Invite/Invited Users tab' is clicked on

2023-01-16 15:57:54 - [MESSAGE][PASSED] - Object: 'Object Repository/09-Settings/Users/CSV Invite/Invited Users tab' is clicked on

2023-01-16 15:57:54 - [TEST_STEP][PASSED] - delay(3): Delayed 3 second(s)

2023-01-16 15:57:57 - [MESSAGE][PASSED] - Delayed 3 second(s)

2023-01-16 15:57:57 - [TEST_STEP][PASSED] - verifyElementVisible(findTestObject("09-Settings/Users/CSV Invite/div_CTCSV test3")): Object 'Object Repository/09-Settings/Users/CSV Invite/div_CTCSV test3' is visible

2023-01-16 15:57:58 - [MESSAGE][PASSED] - Object 'Object Repository/09-Settings/Users/CSV Invite/div_CTCSV test3' is visible

2023-01-16 15:57:58 - [TEST_STEP][PASSED] - verifyElementVisible(findTestObject("09-Settings/Users/CSV Invite/div_autotester08mailinator.com")): Object 'Object Repository/09-Settings/Users/CSV Invite/div_autotester08mailinator.com' is visible

2023-01-16 15:57:58 - [MESSAGE][PASSED] - Object 'Object Repository/09-Settings/Users/CSV Invite/div_autotester08mailinator.com' is visible

2023-01-16 15:57:58 - [TEST_STEP][PASSED] - verifyElementVisible(findTestObject("09-Settings/Users/CSV Invite/div_Partner")): Object 'Object Repository/09-Settings/Users/CSV Invite/div_Partner' is visible

2023-01-16 15:57:59 - [MESSAGE][PASSED] - Object 'Object Repository/09-Settings/Users/CSV Invite/div_Partner' is visible

2023-01-16 15:57:59 - [TEST_STEP][PASSED] - verifyElementVisible(findTestObject("09-Settings/Users/CSV Invite/div_CTCSV test2")): Object 'Object Repository/09-Settings/Users/CSV Invite/div_CTCSV test2' is visible

2023-01-16 15:58:00 - [MESSAGE][PASSED] - Object 'Object Repository/09-Settings/Users/CSV Invite/div_CTCSV test2' is visible

2023-01-16 15:58:00 - [TEST_STEP][PASSED] - verifyElementVisible(findTestObject("09-Settings/Users/CSV Invite/div_autotester07mailinator.com")): Object 'Object Repository/09-Settings/Users/CSV Invite/div_autotester07mailinator.com' is visible

2023-01-16 15:58:01 - [MESSAGE][PASSED] - Object 'Object Repository/09-Settings/Users/CSV Invite/div_autotester07mailinator.com' is visible

2023-01-16 15:58:01 - [TEST_STEP][PASSED] - verifyElementVisible(findTestObject("09-Settings/Users/CSV Invite/div_Client")): Object 'Object Repository/09-Settings/Users/CSV Invite/div_Client' is visible

2023-01-16 15:58:02 - [MESSAGE][PASSED] - Object 'Object Repository/09-Settings/Users/CSV Invite/div_Client' is visible

2023-01-16 15:58:02 - [TEST_STEP][PASSED] - verifyElementVisible(findTestObject("09-Settings/Users/CSV Invite/div_CTCSV test1")): Object 'Object Repository/09-Settings/Users/CSV Invite/div_CTCSV test1' is visible

2023-01-16 15:58:03 - [MESSAGE][PASSED] - Object 'Object Repository/09-Settings/Users/CSV Invite/div_CTCSV test1' is visible

2023-01-16 15:58:03 - [TEST_STEP][PASSED] - verifyElementVisible(findTestObject("09-Settings/Users/CSV Invite/div_autotester06mailinator.com")): Object 'Object Repository/09-Settings/Users/CSV Invite/div_autotester06mailinator.com' is visible

2023-01-16 15:58:03 - [MESSAGE][PASSED] - Object 'Object Repository/09-Settings/Users/CSV Invite/div_autotester06mailinator.com' is visible

2023-01-16 15:58:03 - [TEST_STEP][PASSED] - verifyElementVisible(findTestObject("09-Settings/Users/CSV Invite/div_Coworker")): Object 'Object Repository/09-Settings/Users/CSV Invite/div_Coworker' is visible

2023-01-16 15:58:04 - [MESSAGE][PASSED] - Object 'Object Repository/09-Settings/Users/CSV Invite/div_Coworker' is visible

2023-01-16 15:58:04 - [TEST_STEP][PASSED] - delay(3): Delayed 3 second(s)

2023-01-16 15:58:07 - [MESSAGE][PASSED] - Delayed 3 second(s)

2023-01-16 15:58:07 - [TEST_STEP][PASSED] - closeBrowser(): Browser is closed

2023-01-16 15:58:09 - [MESSAGE][PASSED] - Browser is closed]]></system-out>
         <system-err><![CDATA[]]></system-err>
      </testcase>
      <system-out><![CDATA[2023-01-16 15:35:52 - [TEST_SUITE][PASSED] - 09.1 - Settings (Invite users): Test Cases/09-Settings/05 - Users (Invite batch of users via CSV file)]]></system-out>
      <system-err><![CDATA[]]></system-err>
   </testsuite>
</testsuites>
