<?xml version="1.0" encoding="UTF-8"?>
<testsuites name="09-Settings" time="1135.396" tests="5" failures="0" errors="0">
   <testsuite name="09-Settings" tests="5" failures="0" errors="0" time="1135.396" skipped="0" timestamp="2022-10-26 17:21:29" hostname="User - DESKTOP-QCRNR4M" id="Test Suites/TS-Organization/09-Settings">
      <properties>
         <property name="deviceName" value=""/>
         <property name="devicePlatform" value=""/>
         <property name="logFolder" value="C:\\Users\\User\\Katalon Studio\\EverleaguesMain\\Reports\\20221026_172126\\TS-Organization\\09-Settings\\20221026_172126"/>
         <property name="logFiles" value="C:\\Users\\User\\Katalon Studio\\EverleaguesMain\\Reports\\20221026_172126\\TS-Organization\\09-Settings\\20221026_172126\\execution0.log"/>
         <property name="attachments" value=""/>
         <property name="hostName" value="User - DESKTOP-QCRNR4M"/>
         <property name="os" value="Windows 10 64bit"/>
         <property name="katalonVersion" value="8.4.1.208"/>
         <property name="browser" value="Chrome 106.0.0.0"/>
         <property name="hostAddress" value="192.168.5.124"/>
         <property name="sessionId" value="a8c3cfb60fb1301f730f8d5cf327d0f3"/>
         <property name="seleniumVersion" value="3.141.59"/>
         <property name="proxyInformation" value="ProxyInformation { proxyOption=NO_PROXY, proxyServerType=HTTP, username=, password=********, proxyServerAddress=, proxyServerPort=0, executionList=&quot;&quot;, isApplyToDesiredCapabilities=true }"/>
         <property name="platform" value="Windows 10"/>
      </properties>
      <testcase name="Test Cases/09-Settings/01 - Users (Invite new user but field are blank)" time="95.979" classname="Test Cases/09-Settings/01 - Users (Invite new user but field are blank)" status="PASSED">
         <system-out><![CDATA[2022-10-26 17:21:29 - [TEST_CASE][PASSED] - Test Cases/09-Settings/01 - Users (Invite new user but field are blank): Test Cases/09-Settings/01 - Users (Invite new user but field are blank)

2022-10-26 17:21:29 - [TEST_STEP][PASSED] - openBrowser(""): Browser is opened with url: ''

2022-10-26 17:21:30 - [MESSAGE][INFO] - Starting 'Chrome' driver

2022-10-26 17:21:30 - [MESSAGE][INFO] - Action delay is set to 0 milliseconds

2022-10-26 17:21:32 - [MESSAGE][PASSED] - Browser is opened with url: ''

2022-10-26 17:21:32 - [TEST_STEP][PASSED] - navigateToUrl("https://lab.everleagues.com/"): Navigate to 'https://lab.everleagues.com/' successfully

2022-10-26 17:21:43 - [MESSAGE][PASSED] - Navigate to 'https://lab.everleagues.com/' successfully

2022-10-26 17:21:43 - [TEST_STEP][PASSED] - maximizeWindow(): Current window maximized

2022-10-26 17:21:44 - [MESSAGE][PASSED] - Current window maximized

2022-10-26 17:21:44 - [TEST_STEP][PASSED] - setText(findTestObject("02-Side Icons(Organization)/Add Contact/Email Field"), "testuser02@mailinator.com"): Text 'testuser02@mailinator.com' is set on object 'Object Repository/02-Side Icons(Organization)/Add Contact/Email Field'

2022-10-26 17:21:44 - [MESSAGE][PASSED] - Text 'testuser02@mailinator.com' is set on object 'Object Repository/02-Side Icons(Organization)/Add Contact/Email Field'

2022-10-26 17:21:44 - [TEST_STEP][PASSED] - setEncryptedText(findTestObject("02-Side Icons(Organization)/Add Contact/Password Field"), "8yFRyszE6U6jvsCn51OQbg=="): Text ****** has been set on object 'Object Repository/02-Side Icons(Organization)/Add Contact/Password Field'

2022-10-26 17:21:45 - [MESSAGE][PASSED] - Text ****** has been set on object 'Object Repository/02-Side Icons(Organization)/Add Contact/Password Field'

2022-10-26 17:21:45 - [TEST_STEP][PASSED] - click(findTestObject("02-Side Icons(Organization)/Add Contact/button_Sign in")): Object: 'Object Repository/02-Side Icons(Organization)/Add Contact/button_Sign in' is clicked on

2022-10-26 17:21:46 - [MESSAGE][PASSED] - Object: 'Object Repository/02-Side Icons(Organization)/Add Contact/button_Sign in' is clicked on

2022-10-26 17:21:46 - [TEST_STEP][PASSED] - delay(2): Delayed 2 second(s)

2022-10-26 17:21:48 - [MESSAGE][PASSED] - Delayed 2 second(s)

2022-10-26 17:21:48 - [TEST_STEP][PASSED] - click(findTestObject("06-Teams/For 2FA/button_Confirm_2FA")): Object: 'Object Repository/06-Teams/For 2FA/button_Confirm_2FA' is clicked on

2022-10-26 17:21:48 - [MESSAGE][PASSED] - Object: 'Object Repository/06-Teams/For 2FA/button_Confirm_2FA' is clicked on

2022-10-26 17:21:48 - [TEST_STEP][PASSED] - executeJavaScript("window.open();", []): Execute JavaScript 'window.open();' successfully

2022-10-26 17:21:48 - [MESSAGE][PASSED] - Execute JavaScript 'window.open();' successfully

2022-10-26 17:21:48 - [TEST_STEP][PASSED] - currentWindow = getWindowIndex(): Current window's index is: 0

2022-10-26 17:21:48 - [MESSAGE][PASSED] - Current window's index is: 0

2022-10-26 17:21:48 - [TEST_STEP][PASSED] - delay(3): Delayed 3 second(s)

2022-10-26 17:21:51 - [MESSAGE][PASSED] - Delayed 3 second(s)

2022-10-26 17:21:51 - [TEST_STEP][PASSED] - switchToWindowIndex(currentWindow + 1): Switched to window with index: '1'

2022-10-26 17:21:51 - [MESSAGE][PASSED] - Switched to window with index: '1'

2022-10-26 17:21:51 - [TEST_STEP][PASSED] - navigateToUrl("https://www.mailinator.com/"): Navigate to 'https://www.mailinator.com/' successfully

2022-10-26 17:21:53 - [MESSAGE][PASSED] - Navigate to 'https://www.mailinator.com/' successfully

2022-10-26 17:21:53 - [TEST_STEP][PASSED] - delay(3): Delayed 3 second(s)

2022-10-26 17:21:56 - [MESSAGE][PASSED] - Delayed 3 second(s)

2022-10-26 17:21:56 - [TEST_STEP][PASSED] - setText(findTestObject("00-Signup and Activation/zMailinator/input_LOGIN_search"), "testuser02@mailinator.com"): Text 'testuser02@mailinator.com' is set on object 'Object Repository/00-Signup and Activation/zMailinator/input_LOGIN_search'

2022-10-26 17:21:57 - [MESSAGE][PASSED] - Text 'testuser02@mailinator.com' is set on object 'Object Repository/00-Signup and Activation/zMailinator/input_LOGIN_search'

2022-10-26 17:21:57 - [TEST_STEP][PASSED] - click(findTestObject("00-Signup and Activation/zMailinator/gobutton"), STOP_ON_FAILURE): Object: 'Object Repository/00-Signup and Activation/zMailinator/gobutton' is clicked on

2022-10-26 17:21:58 - [MESSAGE][PASSED] - Object: 'Object Repository/00-Signup and Activation/zMailinator/gobutton' is clicked on

2022-10-26 17:21:58 - [TEST_STEP][PASSED] - delay(3): Delayed 3 second(s)

2022-10-26 17:22:01 - [MESSAGE][PASSED] - Delayed 3 second(s)

2022-10-26 17:22:01 - [TEST_STEP][PASSED] - click(findTestObject("00-Signup and Activation/zMailinator/Email - everleagues")): Object: 'Object Repository/00-Signup and Activation/zMailinator/Email - everleagues' is clicked on

2022-10-26 17:22:02 - [MESSAGE][PASSED] - Object: 'Object Repository/00-Signup and Activation/zMailinator/Email - everleagues' is clicked on

2022-10-26 17:22:02 - [TEST_STEP][PASSED] - delay(3): Delayed 3 second(s)

2022-10-26 17:22:05 - [MESSAGE][PASSED] - Delayed 3 second(s)

2022-10-26 17:22:05 - [TEST_STEP][PASSED] - code = getText(findTestObject("Object Repository/06-Teams/For 2FA/2FA code")): Text of object 'Object Repository/06-Teams/For 2FA/2FA code' is: '899373'

2022-10-26 17:22:05 - [MESSAGE][PASSED] - Text of object 'Object Repository/06-Teams/For 2FA/2FA code' is: '899373'

2022-10-26 17:22:05 - [TEST_STEP][PASSED] - delay(3): Delayed 3 second(s)

2022-10-26 17:22:08 - [MESSAGE][PASSED] - Delayed 3 second(s)

2022-10-26 17:22:08 - [TEST_STEP][PASSED] - closeWindowTitle("Mailinator"): Window with title: 'Mailinator' is closed

2022-10-26 17:22:08 - [MESSAGE][PASSED] - Window with title: 'Mailinator' is closed

2022-10-26 17:22:08 - [TEST_STEP][PASSED] - delay(3): Delayed 3 second(s)

2022-10-26 17:22:11 - [MESSAGE][PASSED] - Delayed 3 second(s)

2022-10-26 17:22:11 - [TEST_STEP][PASSED] - switchToWindowIndex(0): Switched to window with index: '0'

2022-10-26 17:22:11 - [MESSAGE][PASSED] - Switched to window with index: '0'

2022-10-26 17:22:11 - [TEST_STEP][PASSED] - delay(3): Delayed 3 second(s)

2022-10-26 17:22:14 - [MESSAGE][PASSED] - Delayed 3 second(s)

2022-10-26 17:22:14 - [TEST_STEP][PASSED] - setText(findTestObject("Object Repository/06-Teams/For 2FA/input_Enter verification code_code"), code): Text '899373' is set on object 'Object Repository/06-Teams/For 2FA/input_Enter verification code_code'

2022-10-26 17:22:15 - [MESSAGE][PASSED] - Text '899373' is set on object 'Object Repository/06-Teams/For 2FA/input_Enter verification code_code'

2022-10-26 17:22:15 - [TEST_STEP][PASSED] - delay(3): Delayed 3 second(s)

2022-10-26 17:22:18 - [MESSAGE][PASSED] - Delayed 3 second(s)

2022-10-26 17:22:18 - [TEST_STEP][PASSED] - click(findTestObject("06-Teams/For 2FA/button_Verify_2FA")): Object: 'Object Repository/06-Teams/For 2FA/button_Verify_2FA' is clicked on

2022-10-26 17:22:19 - [MESSAGE][PASSED] - Object: 'Object Repository/06-Teams/For 2FA/button_Verify_2FA' is clicked on

2022-10-26 17:22:19 - [TEST_STEP][PASSED] - delay(5): Delayed 5 second(s)

2022-10-26 17:22:24 - [MESSAGE][PASSED] - Delayed 5 second(s)

2022-10-26 17:22:24 - [TEST_STEP][PASSED] - click(findTestObject("06-Teams/button_doublearrow")): Object: 'Object Repository/06-Teams/button_doublearrow' is clicked on

2022-10-26 17:22:24 - [MESSAGE][PASSED] - Object: 'Object Repository/06-Teams/button_doublearrow' is clicked on

2022-10-26 17:22:24 - [TEST_STEP][PASSED] - click(findTestObject("06-Teams/button_My Organizations")): Object: 'Object Repository/06-Teams/button_My Organizations' is clicked on

2022-10-26 17:22:25 - [MESSAGE][PASSED] - Object: 'Object Repository/06-Teams/button_My Organizations' is clicked on

2022-10-26 17:22:25 - [TEST_STEP][PASSED] - click(findTestObject("06-Teams/button_GG Automation")): Object: 'Object Repository/06-Teams/button_GG Automation' is clicked on

2022-10-26 17:22:26 - [MESSAGE][PASSED] - Object: 'Object Repository/06-Teams/button_GG Automation' is clicked on

2022-10-26 17:22:26 - [TEST_STEP][PASSED] - delay(4): Delayed 4 second(s)

2022-10-26 17:22:30 - [MESSAGE][PASSED] - Delayed 4 second(s)

2022-10-26 17:22:30 - [TEST_STEP][PASSED] - verifyElementVisible(findTestObject("06-Teams/span_GG Automation")): Object 'Object Repository/06-Teams/span_GG Automation' is visible

2022-10-26 17:22:30 - [MESSAGE][PASSED] - Object 'Object Repository/06-Teams/span_GG Automation' is visible

2022-10-26 17:22:30 - [TEST_STEP][PASSED] - delay(10): Delayed 10 second(s)

2022-10-26 17:22:40 - [MESSAGE][PASSED] - Delayed 10 second(s)

2022-10-26 17:22:40 - [TEST_STEP][PASSED] - click(findTestObject("03-Header Menu/Hamburger Button/div_Settings")): Object: 'Object Repository/03-Header Menu/Hamburger Button/div_Settings' is clicked on

2022-10-26 17:22:40 - [MESSAGE][PASSED] - Object: 'Object Repository/03-Header Menu/Hamburger Button/div_Settings' is clicked on

2022-10-26 17:22:40 - [TEST_STEP][PASSED] - verifyElementVisible(findTestObject("09-Settings/Users/div_Organization")): Object 'Object Repository/09-Settings/Users/div_Organization' is visible

2022-10-26 17:22:41 - [MESSAGE][PASSED] - Object 'Object Repository/09-Settings/Users/div_Organization' is visible

2022-10-26 17:22:41 - [TEST_STEP][PASSED] - verifyElementVisible(findTestObject("09-Settings/Users/div_Organization Units")): Object 'Object Repository/09-Settings/Users/div_Organization Units' is visible

2022-10-26 17:22:42 - [MESSAGE][PASSED] - Object 'Object Repository/09-Settings/Users/div_Organization Units' is visible

2022-10-26 17:22:42 - [TEST_STEP][PASSED] - verifyElementVisible(findTestObject("09-Settings/Users/div_Subscriptions")): Object 'Object Repository/09-Settings/Users/div_Subscriptions' is visible

2022-10-26 17:22:42 - [MESSAGE][PASSED] - Object 'Object Repository/09-Settings/Users/div_Subscriptions' is visible

2022-10-26 17:22:42 - [TEST_STEP][PASSED] - verifyElementVisible(findTestObject("09-Settings/Users/div_Users")): Object 'Object Repository/09-Settings/Users/div_Users' is visible

2022-10-26 17:22:42 - [MESSAGE][PASSED] - Object 'Object Repository/09-Settings/Users/div_Users' is visible

2022-10-26 17:22:42 - [TEST_STEP][PASSED] - delay(3): Delayed 3 second(s)

2022-10-26 17:22:45 - [MESSAGE][PASSED] - Delayed 3 second(s)

2022-10-26 17:22:45 - [TEST_STEP][PASSED] - click(findTestObject("09-Settings/Users/div_Users")): Object: 'Object Repository/09-Settings/Users/div_Users' is clicked on

2022-10-26 17:22:46 - [MESSAGE][PASSED] - Object: 'Object Repository/09-Settings/Users/div_Users' is clicked on

2022-10-26 17:22:46 - [TEST_STEP][PASSED] - verifyElementVisible(findTestObject("09-Settings/Users/h4_USERS")): Object 'Object Repository/09-Settings/Users/h4_USERS' is visible

2022-10-26 17:22:47 - [MESSAGE][PASSED] - Object 'Object Repository/09-Settings/Users/h4_USERS' is visible

2022-10-26 17:22:47 - [TEST_STEP][PASSED] - verifyElementVisible(findTestObject("09-Settings/Users/User Page")): Object 'Object Repository/09-Settings/Users/User Page' is visible

2022-10-26 17:22:47 - [MESSAGE][PASSED] - Object 'Object Repository/09-Settings/Users/User Page' is visible

2022-10-26 17:22:47 - [TEST_STEP][PASSED] - delay(3): Delayed 3 second(s)

2022-10-26 17:22:50 - [MESSAGE][PASSED] - Delayed 3 second(s)

2022-10-26 17:22:50 - [TEST_STEP][PASSED] - click(findTestObject("09-Settings/Users/button_add")): Object: 'Object Repository/09-Settings/Users/button_add' is clicked on

2022-10-26 17:22:51 - [MESSAGE][PASSED] - Object: 'Object Repository/09-Settings/Users/button_add' is clicked on

2022-10-26 17:22:51 - [TEST_STEP][PASSED] - verifyElementVisible(findTestObject("09-Settings/Users/User Invitation modal")): Object 'Object Repository/09-Settings/Users/User Invitation modal' is visible

2022-10-26 17:22:52 - [MESSAGE][PASSED] - Object 'Object Repository/09-Settings/Users/User Invitation modal' is visible

2022-10-26 17:22:52 - [TEST_STEP][PASSED] - delay(3): Delayed 3 second(s)

2022-10-26 17:22:55 - [MESSAGE][PASSED] - Delayed 3 second(s)

2022-10-26 17:22:55 - [TEST_STEP][PASSED] - click(findTestObject("09-Settings/Users/add Invite a single user")): Object: 'Object Repository/09-Settings/Users/add Invite a single user' is clicked on

2022-10-26 17:22:55 - [MESSAGE][PASSED] - Object: 'Object Repository/09-Settings/Users/add Invite a single user' is clicked on

2022-10-26 17:22:55 - [TEST_STEP][PASSED] - verifyElementVisible(findTestObject("09-Settings/Users/Invite new user modal")): Object 'Object Repository/09-Settings/Users/Invite new user modal' is visible

2022-10-26 17:22:56 - [MESSAGE][PASSED] - Object 'Object Repository/09-Settings/Users/Invite new user modal' is visible

2022-10-26 17:22:56 - [TEST_STEP][PASSED] - click(findTestObject("09-Settings/Users/input_email")): Object: 'Object Repository/09-Settings/Users/input_email' is clicked on

2022-10-26 17:22:57 - [MESSAGE][PASSED] - Object: 'Object Repository/09-Settings/Users/input_email' is clicked on

2022-10-26 17:22:57 - [TEST_STEP][PASSED] - click(findTestObject("09-Settings/Users/input_firstName")): Object: 'Object Repository/09-Settings/Users/input_firstName' is clicked on

2022-10-26 17:22:57 - [MESSAGE][PASSED] - Object: 'Object Repository/09-Settings/Users/input_firstName' is clicked on

2022-10-26 17:22:57 - [TEST_STEP][PASSED] - click(findTestObject("09-Settings/Users/input_lastName")): Object: 'Object Repository/09-Settings/Users/input_lastName' is clicked on

2022-10-26 17:22:58 - [MESSAGE][PASSED] - Object: 'Object Repository/09-Settings/Users/input_lastName' is clicked on

2022-10-26 17:22:58 - [TEST_STEP][PASSED] - click(findTestObject("09-Settings/Users/span_Role")): Object: 'Object Repository/09-Settings/Users/span_Role' is clicked on

2022-10-26 17:22:58 - [MESSAGE][PASSED] - Object: 'Object Repository/09-Settings/Users/span_Role' is clicked on

2022-10-26 17:22:58 - [TEST_STEP][PASSED] - clickOffset(findTestObject("09-Settings/Users/h4_Invite New User"), 100, 100): Object: 'Object Repository/09-Settings/Users/h4_Invite New User' is clicked on using offset x=100 and y=100

2022-10-26 17:22:59 - [MESSAGE][PASSED] - Object: 'Object Repository/09-Settings/Users/h4_Invite New User' is clicked on using offset x=100 and y=100

2022-10-26 17:22:59 - [TEST_STEP][PASSED] - verifyElementVisible(findTestObject("09-Settings/Users/Email required")): Object 'Object Repository/09-Settings/Users/Email required' is visible

2022-10-26 17:23:00 - [MESSAGE][PASSED] - Object 'Object Repository/09-Settings/Users/Email required' is visible

2022-10-26 17:23:00 - [TEST_STEP][PASSED] - verifyElementVisible(findTestObject("09-Settings/Users/Firstname required")): Object 'Object Repository/09-Settings/Users/Firstname required' is visible

2022-10-26 17:23:00 - [MESSAGE][PASSED] - Object 'Object Repository/09-Settings/Users/Firstname required' is visible

2022-10-26 17:23:00 - [TEST_STEP][PASSED] - verifyElementVisible(findTestObject("09-Settings/Users/last name required")): Object 'Object Repository/09-Settings/Users/last name required' is visible

2022-10-26 17:23:00 - [MESSAGE][PASSED] - Object 'Object Repository/09-Settings/Users/last name required' is visible

2022-10-26 17:23:00 - [TEST_STEP][PASSED] - verifyElementVisible(findTestObject("09-Settings/Users/error_Select a role")): Object 'Object Repository/09-Settings/Users/error_Select a role' is visible

2022-10-26 17:23:01 - [MESSAGE][PASSED] - Object 'Object Repository/09-Settings/Users/error_Select a role' is visible

2022-10-26 17:23:01 - [TEST_STEP][PASSED] - delay(3): Delayed 3 second(s)

2022-10-26 17:23:04 - [MESSAGE][PASSED] - Delayed 3 second(s)

2022-10-26 17:23:04 - [TEST_STEP][PASSED] - closeBrowser(): Browser is closed

2022-10-26 17:23:05 - [MESSAGE][PASSED] - Browser is closed]]></system-out>
         <system-err><![CDATA[]]></system-err>
      </testcase>
      <testcase name="Test Cases/09-Settings/02 - Users (Invite new user as co worker)" time="431.139" classname="Test Cases/09-Settings/02 - Users (Invite new user as co worker)" status="PASSED">
         <system-out><![CDATA[2022-10-26 17:23:05 - [TEST_CASE][PASSED] - Test Cases/09-Settings/02 - Users (Invite new user as co worker): Test Cases/09-Settings/02 - Users (Invite new user as co worker)

2022-10-26 17:23:05 - [TEST_STEP][PASSED] - openBrowser(""): Browser is opened with url: ''

2022-10-26 17:23:05 - [MESSAGE][INFO] - Starting 'Chrome' driver

2022-10-26 17:23:05 - [MESSAGE][INFO] - Action delay is set to 0 milliseconds

2022-10-26 17:23:06 - [MESSAGE][PASSED] - Browser is opened with url: ''

2022-10-26 17:23:06 - [TEST_STEP][PASSED] - navigateToUrl("https://lab.everleagues.com/"): Navigate to 'https://lab.everleagues.com/' successfully

2022-10-26 17:23:24 - [MESSAGE][PASSED] - Navigate to 'https://lab.everleagues.com/' successfully

2022-10-26 17:23:24 - [TEST_STEP][PASSED] - maximizeWindow(): Current window maximized

2022-10-26 17:23:24 - [MESSAGE][PASSED] - Current window maximized

2022-10-26 17:23:24 - [TEST_STEP][PASSED] - setText(findTestObject("02-Side Icons(Organization)/Add Contact/Email Field"), "testuser02@mailinator.com"): Text 'testuser02@mailinator.com' is set on object 'Object Repository/02-Side Icons(Organization)/Add Contact/Email Field'

2022-10-26 17:23:25 - [MESSAGE][PASSED] - Text 'testuser02@mailinator.com' is set on object 'Object Repository/02-Side Icons(Organization)/Add Contact/Email Field'

2022-10-26 17:23:25 - [TEST_STEP][PASSED] - setEncryptedText(findTestObject("02-Side Icons(Organization)/Add Contact/Password Field"), "8yFRyszE6U6jvsCn51OQbg=="): Text ****** has been set on object 'Object Repository/02-Side Icons(Organization)/Add Contact/Password Field'

2022-10-26 17:23:26 - [MESSAGE][PASSED] - Text ****** has been set on object 'Object Repository/02-Side Icons(Organization)/Add Contact/Password Field'

2022-10-26 17:23:26 - [TEST_STEP][PASSED] - click(findTestObject("02-Side Icons(Organization)/Add Contact/button_Sign in")): Object: 'Object Repository/02-Side Icons(Organization)/Add Contact/button_Sign in' is clicked on

2022-10-26 17:23:26 - [MESSAGE][PASSED] - Object: 'Object Repository/02-Side Icons(Organization)/Add Contact/button_Sign in' is clicked on

2022-10-26 17:23:26 - [TEST_STEP][PASSED] - delay(2): Delayed 2 second(s)

2022-10-26 17:23:28 - [MESSAGE][PASSED] - Delayed 2 second(s)

2022-10-26 17:23:28 - [TEST_STEP][PASSED] - click(findTestObject("06-Teams/For 2FA/button_Confirm_2FA")): Object: 'Object Repository/06-Teams/For 2FA/button_Confirm_2FA' is clicked on

2022-10-26 17:23:29 - [MESSAGE][PASSED] - Object: 'Object Repository/06-Teams/For 2FA/button_Confirm_2FA' is clicked on

2022-10-26 17:23:29 - [TEST_STEP][PASSED] - executeJavaScript("window.open();", []): Execute JavaScript 'window.open();' successfully

2022-10-26 17:23:29 - [MESSAGE][PASSED] - Execute JavaScript 'window.open();' successfully

2022-10-26 17:23:29 - [TEST_STEP][PASSED] - currentWindow = getWindowIndex(): Current window's index is: 0

2022-10-26 17:23:29 - [MESSAGE][PASSED] - Current window's index is: 0

2022-10-26 17:23:29 - [TEST_STEP][PASSED] - delay(3): Delayed 3 second(s)

2022-10-26 17:23:32 - [MESSAGE][PASSED] - Delayed 3 second(s)

2022-10-26 17:23:32 - [TEST_STEP][PASSED] - switchToWindowIndex(currentWindow + 1): Switched to window with index: '1'

2022-10-26 17:23:32 - [MESSAGE][PASSED] - Switched to window with index: '1'

2022-10-26 17:23:32 - [TEST_STEP][PASSED] - navigateToUrl("https://www.mailinator.com/"): Navigate to 'https://www.mailinator.com/' successfully

2022-10-26 17:23:34 - [MESSAGE][PASSED] - Navigate to 'https://www.mailinator.com/' successfully

2022-10-26 17:23:34 - [TEST_STEP][PASSED] - delay(3): Delayed 3 second(s)

2022-10-26 17:23:37 - [MESSAGE][PASSED] - Delayed 3 second(s)

2022-10-26 17:23:37 - [TEST_STEP][PASSED] - setText(findTestObject("00-Signup and Activation/zMailinator/input_LOGIN_search"), "testuser02@mailinator.com"): Text 'testuser02@mailinator.com' is set on object 'Object Repository/00-Signup and Activation/zMailinator/input_LOGIN_search'

2022-10-26 17:23:38 - [MESSAGE][PASSED] - Text 'testuser02@mailinator.com' is set on object 'Object Repository/00-Signup and Activation/zMailinator/input_LOGIN_search'

2022-10-26 17:23:38 - [TEST_STEP][PASSED] - click(findTestObject("00-Signup and Activation/zMailinator/gobutton"), STOP_ON_FAILURE): Object: 'Object Repository/00-Signup and Activation/zMailinator/gobutton' is clicked on

2022-10-26 17:23:39 - [MESSAGE][PASSED] - Object: 'Object Repository/00-Signup and Activation/zMailinator/gobutton' is clicked on

2022-10-26 17:23:39 - [TEST_STEP][PASSED] - delay(3): Delayed 3 second(s)

2022-10-26 17:23:42 - [MESSAGE][PASSED] - Delayed 3 second(s)

2022-10-26 17:23:42 - [TEST_STEP][PASSED] - click(findTestObject("00-Signup and Activation/zMailinator/Email - everleagues")): Object: 'Object Repository/00-Signup and Activation/zMailinator/Email - everleagues' is clicked on

2022-10-26 17:23:43 - [MESSAGE][PASSED] - Object: 'Object Repository/00-Signup and Activation/zMailinator/Email - everleagues' is clicked on

2022-10-26 17:23:43 - [TEST_STEP][PASSED] - delay(3): Delayed 3 second(s)

2022-10-26 17:23:46 - [MESSAGE][PASSED] - Delayed 3 second(s)

2022-10-26 17:23:46 - [TEST_STEP][PASSED] - code = getText(findTestObject("Object Repository/06-Teams/For 2FA/2FA code")): Text of object 'Object Repository/06-Teams/For 2FA/2FA code' is: '899373'

2022-10-26 17:23:46 - [MESSAGE][PASSED] - Text of object 'Object Repository/06-Teams/For 2FA/2FA code' is: '899373'

2022-10-26 17:23:46 - [TEST_STEP][PASSED] - delay(3): Delayed 3 second(s)

2022-10-26 17:23:49 - [MESSAGE][PASSED] - Delayed 3 second(s)

2022-10-26 17:23:49 - [TEST_STEP][PASSED] - closeWindowTitle("Mailinator"): Window with title: 'Mailinator' is closed

2022-10-26 17:23:49 - [MESSAGE][PASSED] - Window with title: 'Mailinator' is closed

2022-10-26 17:23:49 - [TEST_STEP][PASSED] - delay(3): Delayed 3 second(s)

2022-10-26 17:23:52 - [MESSAGE][PASSED] - Delayed 3 second(s)

2022-10-26 17:23:52 - [TEST_STEP][PASSED] - switchToWindowIndex(0): Switched to window with index: '0'

2022-10-26 17:23:52 - [MESSAGE][PASSED] - Switched to window with index: '0'

2022-10-26 17:23:52 - [TEST_STEP][PASSED] - delay(3): Delayed 3 second(s)

2022-10-26 17:23:55 - [MESSAGE][PASSED] - Delayed 3 second(s)

2022-10-26 17:23:55 - [TEST_STEP][PASSED] - setText(findTestObject("Object Repository/06-Teams/For 2FA/input_Enter verification code_code"), code): Text '899373' is set on object 'Object Repository/06-Teams/For 2FA/input_Enter verification code_code'

2022-10-26 17:23:56 - [MESSAGE][PASSED] - Text '899373' is set on object 'Object Repository/06-Teams/For 2FA/input_Enter verification code_code'

2022-10-26 17:23:56 - [TEST_STEP][PASSED] - delay(3): Delayed 3 second(s)

2022-10-26 17:23:59 - [MESSAGE][PASSED] - Delayed 3 second(s)

2022-10-26 17:23:59 - [TEST_STEP][PASSED] - click(findTestObject("06-Teams/For 2FA/button_Verify_2FA")): Object: 'Object Repository/06-Teams/For 2FA/button_Verify_2FA' is clicked on

2022-10-26 17:23:59 - [MESSAGE][PASSED] - Object: 'Object Repository/06-Teams/For 2FA/button_Verify_2FA' is clicked on

2022-10-26 17:23:59 - [TEST_STEP][PASSED] - delay(5): Delayed 5 second(s)

2022-10-26 17:24:04 - [MESSAGE][PASSED] - Delayed 5 second(s)

2022-10-26 17:24:04 - [TEST_STEP][PASSED] - click(findTestObject("06-Teams/button_doublearrow")): Object: 'Object Repository/06-Teams/button_doublearrow' is clicked on

2022-10-26 17:24:05 - [MESSAGE][PASSED] - Object: 'Object Repository/06-Teams/button_doublearrow' is clicked on

2022-10-26 17:24:05 - [TEST_STEP][PASSED] - click(findTestObject("06-Teams/button_My Organizations")): Object: 'Object Repository/06-Teams/button_My Organizations' is clicked on

2022-10-26 17:24:05 - [MESSAGE][PASSED] - Object: 'Object Repository/06-Teams/button_My Organizations' is clicked on

2022-10-26 17:24:05 - [TEST_STEP][PASSED] - click(findTestObject("06-Teams/button_GG Automation")): Object: 'Object Repository/06-Teams/button_GG Automation' is clicked on

2022-10-26 17:24:06 - [MESSAGE][PASSED] - Object: 'Object Repository/06-Teams/button_GG Automation' is clicked on

2022-10-26 17:24:06 - [TEST_STEP][PASSED] - delay(4): Delayed 4 second(s)

2022-10-26 17:24:10 - [MESSAGE][PASSED] - Delayed 4 second(s)

2022-10-26 17:24:10 - [TEST_STEP][PASSED] - verifyElementVisible(findTestObject("06-Teams/span_GG Automation")): Object 'Object Repository/06-Teams/span_GG Automation' is visible

2022-10-26 17:24:11 - [MESSAGE][PASSED] - Object 'Object Repository/06-Teams/span_GG Automation' is visible

2022-10-26 17:24:11 - [TEST_STEP][PASSED] - delay(10): Delayed 10 second(s)

2022-10-26 17:24:21 - [MESSAGE][PASSED] - Delayed 10 second(s)

2022-10-26 17:24:21 - [TEST_STEP][PASSED] - click(findTestObject("03-Header Menu/Hamburger Button/div_Settings")): Object: 'Object Repository/03-Header Menu/Hamburger Button/div_Settings' is clicked on

2022-10-26 17:24:21 - [MESSAGE][PASSED] - Object: 'Object Repository/03-Header Menu/Hamburger Button/div_Settings' is clicked on

2022-10-26 17:24:21 - [TEST_STEP][PASSED] - delay(3): Delayed 3 second(s)

2022-10-26 17:24:24 - [MESSAGE][PASSED] - Delayed 3 second(s)

2022-10-26 17:24:24 - [TEST_STEP][PASSED] - click(findTestObject("09-Settings/Users/div_Users")): Object: 'Object Repository/09-Settings/Users/div_Users' is clicked on

2022-10-26 17:24:25 - [MESSAGE][PASSED] - Object: 'Object Repository/09-Settings/Users/div_Users' is clicked on

2022-10-26 17:24:25 - [TEST_STEP][PASSED] - delay(3): Delayed 3 second(s)

2022-10-26 17:24:28 - [MESSAGE][PASSED] - Delayed 3 second(s)

2022-10-26 17:24:28 - [TEST_STEP][PASSED] - click(findTestObject("09-Settings/Users/button_add")): Object: 'Object Repository/09-Settings/Users/button_add' is clicked on

2022-10-26 17:24:28 - [MESSAGE][PASSED] - Object: 'Object Repository/09-Settings/Users/button_add' is clicked on

2022-10-26 17:24:28 - [TEST_STEP][PASSED] - delay(3): Delayed 3 second(s)

2022-10-26 17:24:31 - [MESSAGE][PASSED] - Delayed 3 second(s)

2022-10-26 17:24:31 - [TEST_STEP][PASSED] - click(findTestObject("09-Settings/Users/add Invite a single user")): Object: 'Object Repository/09-Settings/Users/add Invite a single user' is clicked on

2022-10-26 17:24:32 - [MESSAGE][PASSED] - Object: 'Object Repository/09-Settings/Users/add Invite a single user' is clicked on

2022-10-26 17:24:32 - [TEST_STEP][PASSED] - delay(3): Delayed 3 second(s)

2022-10-26 17:24:35 - [MESSAGE][PASSED] - Delayed 3 second(s)

2022-10-26 17:24:35 - [TEST_STEP][PASSED] - setText(findTestObject("09-Settings/Users/input_email"), "autotester04@mailinator.com"): Text 'autotester04@mailinator.com' is set on object 'Object Repository/09-Settings/Users/input_email'

2022-10-26 17:24:35 - [MESSAGE][PASSED] - Text 'autotester04@mailinator.com' is set on object 'Object Repository/09-Settings/Users/input_email'

2022-10-26 17:24:35 - [TEST_STEP][PASSED] - setText(findTestObject("09-Settings/Users/input_firstName"), "GG"): Text 'GG' is set on object 'Object Repository/09-Settings/Users/input_firstName'

2022-10-26 17:24:36 - [MESSAGE][PASSED] - Text 'GG' is set on object 'Object Repository/09-Settings/Users/input_firstName'

2022-10-26 17:24:36 - [TEST_STEP][PASSED] - setText(findTestObject("09-Settings/Users/input_lastName"), "Auto Contact 2"): Text 'Auto Contact 2' is set on object 'Object Repository/09-Settings/Users/input_lastName'

2022-10-26 17:24:37 - [MESSAGE][PASSED] - Text 'Auto Contact 2' is set on object 'Object Repository/09-Settings/Users/input_lastName'

2022-10-26 17:24:37 - [TEST_STEP][PASSED] - click(findTestObject("09-Settings/Users/span_Role")): Object: 'Object Repository/09-Settings/Users/span_Role' is clicked on

2022-10-26 17:24:37 - [MESSAGE][PASSED] - Object: 'Object Repository/09-Settings/Users/span_Role' is clicked on

2022-10-26 17:24:37 - [TEST_STEP][PASSED] - click(findTestObject("09-Settings/Users/span_CoWorker")): Object: 'Object Repository/09-Settings/Users/span_CoWorker' is clicked on

2022-10-26 17:24:38 - [MESSAGE][PASSED] - Object: 'Object Repository/09-Settings/Users/span_CoWorker' is clicked on

2022-10-26 17:24:38 - [TEST_STEP][PASSED] - click(findTestObject("09-Settings/Users/button_Send Invitation")): Object: 'Object Repository/09-Settings/Users/button_Send Invitation' is clicked on

2022-10-26 17:24:39 - [MESSAGE][PASSED] - Object: 'Object Repository/09-Settings/Users/button_Send Invitation' is clicked on

2022-10-26 17:24:39 - [TEST_STEP][PASSED] - delay(2): Delayed 2 second(s)

2022-10-26 17:24:41 - [MESSAGE][PASSED] - Delayed 2 second(s)

2022-10-26 17:24:41 - [TEST_STEP][PASSED] - verifyElementVisible(findTestObject("07-Directory/Connections/zContact Profile/Successfully invited user")): Object 'Object Repository/07-Directory/Connections/zContact Profile/Successfully invited user' is visible

2022-10-26 17:24:42 - [MESSAGE][PASSED] - Object 'Object Repository/07-Directory/Connections/zContact Profile/Successfully invited user' is visible

2022-10-26 17:24:42 - [TEST_STEP][PASSED] - delay(2): Delayed 2 second(s)

2022-10-26 17:24:44 - [MESSAGE][PASSED] - Delayed 2 second(s)

2022-10-26 17:24:44 - [TEST_STEP][PASSED] - executeJavaScript("window.open();", []): Execute JavaScript 'window.open();' successfully

2022-10-26 17:24:44 - [MESSAGE][PASSED] - Execute JavaScript 'window.open();' successfully

2022-10-26 17:24:44 - [TEST_STEP][PASSED] - currentWindow = getWindowIndex(): Current window's index is: 0

2022-10-26 17:24:44 - [MESSAGE][PASSED] - Current window's index is: 0

2022-10-26 17:24:44 - [TEST_STEP][PASSED] - delay(3): Delayed 3 second(s)

2022-10-26 17:24:47 - [MESSAGE][PASSED] - Delayed 3 second(s)

2022-10-26 17:24:47 - [TEST_STEP][PASSED] - switchToWindowIndex(currentWindow + 1): Switched to window with index: '1'

2022-10-26 17:24:47 - [MESSAGE][PASSED] - Switched to window with index: '1'

2022-10-26 17:24:47 - [TEST_STEP][PASSED] - navigateToUrl("https://www.mailinator.com/"): Navigate to 'https://www.mailinator.com/' successfully

2022-10-26 17:24:49 - [MESSAGE][PASSED] - Navigate to 'https://www.mailinator.com/' successfully

2022-10-26 17:24:49 - [TEST_STEP][PASSED] - delay(3): Delayed 3 second(s)

2022-10-26 17:24:52 - [MESSAGE][PASSED] - Delayed 3 second(s)

2022-10-26 17:24:52 - [TEST_STEP][PASSED] - setText(findTestObject("00-Signup and Activation/zMailinator/input_LOGIN_search"), "autotester04@mailinator.com"): Text 'autotester04@mailinator.com' is set on object 'Object Repository/00-Signup and Activation/zMailinator/input_LOGIN_search'

2022-10-26 17:24:52 - [MESSAGE][PASSED] - Text 'autotester04@mailinator.com' is set on object 'Object Repository/00-Signup and Activation/zMailinator/input_LOGIN_search'

2022-10-26 17:24:52 - [TEST_STEP][PASSED] - click(findTestObject("00-Signup and Activation/zMailinator/gobutton"), STOP_ON_FAILURE): Object: 'Object Repository/00-Signup and Activation/zMailinator/gobutton' is clicked on

2022-10-26 17:24:53 - [MESSAGE][PASSED] - Object: 'Object Repository/00-Signup and Activation/zMailinator/gobutton' is clicked on

2022-10-26 17:24:53 - [TEST_STEP][PASSED] - delay(3): Delayed 3 second(s)

2022-10-26 17:24:56 - [MESSAGE][PASSED] - Delayed 3 second(s)

2022-10-26 17:24:56 - [TEST_STEP][PASSED] - closeWindowTitle("Everleagues"): Window with title: 'Everleagues' is closed

2022-10-26 17:24:56 - [MESSAGE][PASSED] - Window with title: 'Everleagues' is closed

2022-10-26 17:24:56 - [TEST_STEP][PASSED] - switchToWindowIndex(0): Switched to window with index: '0'

2022-10-26 17:24:56 - [MESSAGE][PASSED] - Switched to window with index: '0'

2022-10-26 17:24:56 - [TEST_STEP][PASSED] - click(findTestObject("09-Settings/Users/Co worker/td_Invitation from GG Automation")): Object: 'Object Repository/09-Settings/Users/Co worker/td_Invitation from GG Automation' is clicked on

2022-10-26 17:24:57 - [MESSAGE][PASSED] - Object: 'Object Repository/09-Settings/Users/Co worker/td_Invitation from GG Automation' is clicked on

2022-10-26 17:24:57 - [TEST_STEP][PASSED] - click(findTestObject("09-Settings/Users/Co worker/a_Click here to join GG Automation on EverLeagues")): Object: 'Object Repository/09-Settings/Users/Co worker/a_Click here to join GG Automation on EverLeagues' is clicked on

2022-10-26 17:24:58 - [MESSAGE][PASSED] - Object: 'Object Repository/09-Settings/Users/Co worker/a_Click here to join GG Automation on EverLeagues' is clicked on

2022-10-26 17:24:58 - [TEST_STEP][PASSED] - closeWindowTitle("Mailinator"): Window with title: 'Mailinator' is closed

2022-10-26 17:24:58 - [MESSAGE][PASSED] - Window with title: 'Mailinator' is closed

2022-10-26 17:24:58 - [TEST_STEP][PASSED] - switchToWindowIndex(0): Switched to window with index: '0'

2022-10-26 17:24:58 - [MESSAGE][PASSED] - Switched to window with index: '0'

2022-10-26 17:24:58 - [TEST_STEP][PASSED] - verifyElementVisible(findTestObject("09-Settings/Users/Co worker/Logout before proceed modal")): Object 'Object Repository/09-Settings/Users/Co worker/Logout before proceed modal' is visible

2022-10-26 17:25:04 - [MESSAGE][PASSED] - Object 'Object Repository/09-Settings/Users/Co worker/Logout before proceed modal' is visible

2022-10-26 17:25:04 - [TEST_STEP][PASSED] - click(findTestObject("09-Settings/Users/Co worker/button_Yes")): Object: 'Object Repository/09-Settings/Users/Co worker/button_Yes' is clicked on

2022-10-26 17:25:04 - [MESSAGE][PASSED] - Object: 'Object Repository/09-Settings/Users/Co worker/button_Yes' is clicked on

2022-10-26 17:25:04 - [TEST_STEP][PASSED] - delay(3): Delayed 3 second(s)

2022-10-26 17:25:07 - [MESSAGE][PASSED] - Delayed 3 second(s)

2022-10-26 17:25:07 - [TEST_STEP][PASSED] - setText(findTestObject("09-Settings/Users/Co worker/input_Email_email"), "autotester04@mailinator.com"): Text 'autotester04@mailinator.com' is set on object 'Object Repository/09-Settings/Users/Co worker/input_Email_email'

2022-10-26 17:26:08 - [MESSAGE][PASSED] - Text 'autotester04@mailinator.com' is set on object 'Object Repository/09-Settings/Users/Co worker/input_Email_email'

2022-10-26 17:26:08 - [TEST_STEP][PASSED] - setEncryptedText(findTestObject("09-Settings/Users/Co worker/input__password"), "8yFRyszE6U6jvsCn51OQbg=="): Text ****** has been set on object 'Object Repository/09-Settings/Users/Co worker/input__password'

2022-10-26 17:26:38 - [MESSAGE][PASSED] - Text ****** has been set on object 'Object Repository/09-Settings/Users/Co worker/input__password'

2022-10-26 17:26:38 - [TEST_STEP][PASSED] - click(findTestObject("02-Side Icons(Organization)/Add Contact/button_Sign in")): Object: 'Object Repository/02-Side Icons(Organization)/Add Contact/button_Sign in' is clicked on

2022-10-26 17:27:08 - [MESSAGE][PASSED] - Object: 'Object Repository/02-Side Icons(Organization)/Add Contact/button_Sign in' is clicked on

2022-10-26 17:27:08 - [TEST_STEP][PASSED] - delay(2): Delayed 2 second(s)

2022-10-26 17:27:10 - [MESSAGE][PASSED] - Delayed 2 second(s)

2022-10-26 17:27:10 - [TEST_STEP][PASSED] - click(findTestObject("06-Teams/For 2FA/button_Confirm_2FA")): Object: 'Object Repository/06-Teams/For 2FA/button_Confirm_2FA' is clicked on

2022-10-26 17:27:40 - [MESSAGE][PASSED] - Object: 'Object Repository/06-Teams/For 2FA/button_Confirm_2FA' is clicked on

2022-10-26 17:27:40 - [TEST_STEP][PASSED] - executeJavaScript("window.open();", []): Execute JavaScript 'window.open();' successfully

2022-10-26 17:27:40 - [MESSAGE][PASSED] - Execute JavaScript 'window.open();' successfully

2022-10-26 17:27:40 - [TEST_STEP][PASSED] - currentWindow = getWindowIndex(): Current window's index is: 0

2022-10-26 17:27:40 - [MESSAGE][PASSED] - Current window's index is: 0

2022-10-26 17:27:40 - [TEST_STEP][PASSED] - delay(3): Delayed 3 second(s)

2022-10-26 17:27:43 - [MESSAGE][PASSED] - Delayed 3 second(s)

2022-10-26 17:27:43 - [TEST_STEP][PASSED] - switchToWindowIndex(currentWindow + 1): Switched to window with index: '1'

2022-10-26 17:27:43 - [MESSAGE][PASSED] - Switched to window with index: '1'

2022-10-26 17:27:43 - [TEST_STEP][PASSED] - navigateToUrl("https://www.mailinator.com/"): Navigate to 'https://www.mailinator.com/' successfully

2022-10-26 17:27:45 - [MESSAGE][PASSED] - Navigate to 'https://www.mailinator.com/' successfully

2022-10-26 17:27:45 - [TEST_STEP][PASSED] - delay(3): Delayed 3 second(s)

2022-10-26 17:27:48 - [MESSAGE][PASSED] - Delayed 3 second(s)

2022-10-26 17:27:48 - [TEST_STEP][PASSED] - setText(findTestObject("00-Signup and Activation/zMailinator/input_LOGIN_search"), "autotester04@mailinator.com"): Text 'autotester04@mailinator.com' is set on object 'Object Repository/00-Signup and Activation/zMailinator/input_LOGIN_search'

2022-10-26 17:27:49 - [MESSAGE][PASSED] - Text 'autotester04@mailinator.com' is set on object 'Object Repository/00-Signup and Activation/zMailinator/input_LOGIN_search'

2022-10-26 17:27:49 - [TEST_STEP][PASSED] - click(findTestObject("00-Signup and Activation/zMailinator/gobutton"), STOP_ON_FAILURE): Object: 'Object Repository/00-Signup and Activation/zMailinator/gobutton' is clicked on

2022-10-26 17:27:50 - [MESSAGE][PASSED] - Object: 'Object Repository/00-Signup and Activation/zMailinator/gobutton' is clicked on

2022-10-26 17:27:50 - [TEST_STEP][PASSED] - delay(3): Delayed 3 second(s)

2022-10-26 17:27:53 - [MESSAGE][PASSED] - Delayed 3 second(s)

2022-10-26 17:27:53 - [TEST_STEP][PASSED] - click(findTestObject("00-Signup and Activation/zMailinator/Email - everleagues")): Object: 'Object Repository/00-Signup and Activation/zMailinator/Email - everleagues' is clicked on

2022-10-26 17:27:53 - [MESSAGE][PASSED] - Object: 'Object Repository/00-Signup and Activation/zMailinator/Email - everleagues' is clicked on

2022-10-26 17:27:53 - [TEST_STEP][PASSED] - delay(3): Delayed 3 second(s)

2022-10-26 17:27:56 - [MESSAGE][PASSED] - Delayed 3 second(s)

2022-10-26 17:27:56 - [TEST_STEP][PASSED] - codetwo = getText(findTestObject("Object Repository/06-Teams/For 2FA/2FA code")): Text of object 'Object Repository/06-Teams/For 2FA/2FA code' is: '897422'

2022-10-26 17:27:56 - [MESSAGE][PASSED] - Text of object 'Object Repository/06-Teams/For 2FA/2FA code' is: '897422'

2022-10-26 17:27:56 - [TEST_STEP][PASSED] - delay(3): Delayed 3 second(s)

2022-10-26 17:27:59 - [MESSAGE][PASSED] - Delayed 3 second(s)

2022-10-26 17:27:59 - [TEST_STEP][PASSED] - closeWindowTitle("Mailinator"): Window with title: 'Mailinator' is closed

2022-10-26 17:28:00 - [MESSAGE][PASSED] - Window with title: 'Mailinator' is closed

2022-10-26 17:28:00 - [TEST_STEP][PASSED] - delay(3): Delayed 3 second(s)

2022-10-26 17:28:03 - [MESSAGE][PASSED] - Delayed 3 second(s)

2022-10-26 17:28:03 - [TEST_STEP][PASSED] - switchToWindowIndex(0): Switched to window with index: '0'

2022-10-26 17:28:03 - [MESSAGE][PASSED] - Switched to window with index: '0'

2022-10-26 17:28:03 - [TEST_STEP][PASSED] - delay(3): Delayed 3 second(s)

2022-10-26 17:28:06 - [MESSAGE][PASSED] - Delayed 3 second(s)

2022-10-26 17:28:06 - [TEST_STEP][PASSED] - setText(findTestObject("Object Repository/06-Teams/For 2FA/input_Enter verification code_code"), codetwo): Text '897422' is set on object 'Object Repository/06-Teams/For 2FA/input_Enter verification code_code'

2022-10-26 17:29:06 - [MESSAGE][PASSED] - Text '897422' is set on object 'Object Repository/06-Teams/For 2FA/input_Enter verification code_code'

2022-10-26 17:29:06 - [TEST_STEP][PASSED] - delay(3): Delayed 3 second(s)

2022-10-26 17:29:09 - [MESSAGE][PASSED] - Delayed 3 second(s)

2022-10-26 17:29:09 - [TEST_STEP][PASSED] - click(findTestObject("06-Teams/For 2FA/button_Verify_2FA")): Object: 'Object Repository/06-Teams/For 2FA/button_Verify_2FA' is clicked on

2022-10-26 17:29:39 - [MESSAGE][PASSED] - Object: 'Object Repository/06-Teams/For 2FA/button_Verify_2FA' is clicked on

2022-10-26 17:29:39 - [TEST_STEP][PASSED] - delay(5): Delayed 5 second(s)

2022-10-26 17:29:44 - [MESSAGE][PASSED] - Delayed 5 second(s)

2022-10-26 17:29:44 - [TEST_STEP][PASSED] - executeJavaScript("window.open();", []): Execute JavaScript 'window.open();' successfully

2022-10-26 17:29:44 - [MESSAGE][PASSED] - Execute JavaScript 'window.open();' successfully

2022-10-26 17:29:44 - [TEST_STEP][PASSED] - currentWindow = getWindowIndex(): Current window's index is: 0

2022-10-26 17:29:44 - [MESSAGE][PASSED] - Current window's index is: 0

2022-10-26 17:29:44 - [TEST_STEP][PASSED] - delay(3): Delayed 3 second(s)

2022-10-26 17:29:47 - [MESSAGE][PASSED] - Delayed 3 second(s)

2022-10-26 17:29:47 - [TEST_STEP][PASSED] - switchToWindowIndex(currentWindow + 1): Switched to window with index: '1'

2022-10-26 17:29:47 - [MESSAGE][PASSED] - Switched to window with index: '1'

2022-10-26 17:29:47 - [TEST_STEP][PASSED] - navigateToUrl("https://www.mailinator.com/"): Navigate to 'https://www.mailinator.com/' successfully

2022-10-26 17:29:50 - [MESSAGE][PASSED] - Navigate to 'https://www.mailinator.com/' successfully

2022-10-26 17:29:50 - [TEST_STEP][PASSED] - delay(3): Delayed 3 second(s)

2022-10-26 17:29:53 - [MESSAGE][PASSED] - Delayed 3 second(s)

2022-10-26 17:29:53 - [TEST_STEP][PASSED] - setText(findTestObject("00-Signup and Activation/zMailinator/input_LOGIN_search"), "autotester04@mailinator.com"): Text 'autotester04@mailinator.com' is set on object 'Object Repository/00-Signup and Activation/zMailinator/input_LOGIN_search'

2022-10-26 17:29:53 - [MESSAGE][PASSED] - Text 'autotester04@mailinator.com' is set on object 'Object Repository/00-Signup and Activation/zMailinator/input_LOGIN_search'

2022-10-26 17:29:53 - [TEST_STEP][PASSED] - click(findTestObject("00-Signup and Activation/zMailinator/gobutton"), STOP_ON_FAILURE): Object: 'Object Repository/00-Signup and Activation/zMailinator/gobutton' is clicked on

2022-10-26 17:29:54 - [MESSAGE][PASSED] - Object: 'Object Repository/00-Signup and Activation/zMailinator/gobutton' is clicked on

2022-10-26 17:29:54 - [TEST_STEP][PASSED] - delay(3): Delayed 3 second(s)

2022-10-26 17:29:57 - [MESSAGE][PASSED] - Delayed 3 second(s)

2022-10-26 17:29:57 - [TEST_STEP][PASSED] - closeWindowTitle("Everleagues"): Window with title: 'Everleagues' is closed

2022-10-26 17:29:58 - [MESSAGE][PASSED] - Window with title: 'Everleagues' is closed

2022-10-26 17:29:58 - [TEST_STEP][PASSED] - switchToWindowIndex(0): Switched to window with index: '0'

2022-10-26 17:29:58 - [MESSAGE][PASSED] - Switched to window with index: '0'

2022-10-26 17:29:58 - [TEST_STEP][PASSED] - click(findTestObject("09-Settings/Users/Co worker/td_Invitation from GG Automation")): Object: 'Object Repository/09-Settings/Users/Co worker/td_Invitation from GG Automation' is clicked on

2022-10-26 17:29:58 - [MESSAGE][PASSED] - Object: 'Object Repository/09-Settings/Users/Co worker/td_Invitation from GG Automation' is clicked on

2022-10-26 17:29:58 - [TEST_STEP][PASSED] - click(findTestObject("09-Settings/Users/Co worker/a_Click here to join GG Automation on EverLeagues")): Object: 'Object Repository/09-Settings/Users/Co worker/a_Click here to join GG Automation on EverLeagues' is clicked on

2022-10-26 17:29:59 - [MESSAGE][PASSED] - Object: 'Object Repository/09-Settings/Users/Co worker/a_Click here to join GG Automation on EverLeagues' is clicked on

2022-10-26 17:29:59 - [TEST_STEP][PASSED] - delay(3): Delayed 3 second(s)

2022-10-26 17:30:02 - [MESSAGE][PASSED] - Delayed 3 second(s)

2022-10-26 17:30:02 - [TEST_STEP][PASSED] - closeWindowTitle("Mailinator"): Window with title: 'Mailinator' is closed

2022-10-26 17:30:02 - [MESSAGE][PASSED] - Window with title: 'Mailinator' is closed

2022-10-26 17:30:02 - [TEST_STEP][PASSED] - switchToWindowIndex(0): Switched to window with index: '0'

2022-10-26 17:30:02 - [MESSAGE][PASSED] - Switched to window with index: '0'

2022-10-26 17:30:02 - [TEST_STEP][PASSED] - verifyElementVisible(findTestObject("09-Settings/Users/Co worker/Invite modal")): Object 'Object Repository/09-Settings/Users/Co worker/Invite modal' is visible

2022-10-26 17:30:05 - [MESSAGE][PASSED] - Object 'Object Repository/09-Settings/Users/Co worker/Invite modal' is visible

2022-10-26 17:30:05 - [TEST_STEP][PASSED] - click(findTestObject("09-Settings/Users/Co worker/button_Accept")): Object: 'Object Repository/09-Settings/Users/Co worker/button_Accept' is clicked on

2022-10-26 17:30:05 - [MESSAGE][PASSED] - Object: 'Object Repository/09-Settings/Users/Co worker/button_Accept' is clicked on

2022-10-26 17:30:05 - [TEST_STEP][PASSED] - delay(10): Delayed 10 second(s)

2022-10-26 17:30:15 - [MESSAGE][PASSED] - Delayed 10 second(s)

2022-10-26 17:30:15 - [TEST_STEP][PASSED] - verifyElementVisible(findTestObject("09-Settings/Users/Co worker/div_Joined as CoWorker")): Object 'Object Repository/09-Settings/Users/Co worker/div_Joined as CoWorker' is visible

2022-10-26 17:30:15 - [MESSAGE][PASSED] - Object 'Object Repository/09-Settings/Users/Co worker/div_Joined as CoWorker' is visible

2022-10-26 17:30:15 - [TEST_STEP][PASSED] - closeBrowser(): Browser is closed

2022-10-26 17:30:16 - [MESSAGE][PASSED] - Browser is closed]]></system-out>
         <system-err><![CDATA[]]></system-err>
      </testcase>
      <testcase name="Test Cases/09-Settings/03 - Users (Invite new user as client)" time="230.905" classname="Test Cases/09-Settings/03 - Users (Invite new user as client)" status="PASSED">
         <system-out><![CDATA[2022-10-26 17:30:16 - [TEST_CASE][PASSED] - Test Cases/09-Settings/03 - Users (Invite new user as client): Test Cases/09-Settings/03 - Users (Invite new user as client)

2022-10-26 17:30:16 - [TEST_STEP][PASSED] - openBrowser(""): Browser is opened with url: ''

2022-10-26 17:30:16 - [MESSAGE][INFO] - Starting 'Chrome' driver

2022-10-26 17:30:16 - [MESSAGE][INFO] - Action delay is set to 0 milliseconds

2022-10-26 17:30:18 - [MESSAGE][PASSED] - Browser is opened with url: ''

2022-10-26 17:30:18 - [TEST_STEP][PASSED] - navigateToUrl("https://lab.everleagues.com/"): Navigate to 'https://lab.everleagues.com/' successfully

2022-10-26 17:30:31 - [MESSAGE][PASSED] - Navigate to 'https://lab.everleagues.com/' successfully

2022-10-26 17:30:31 - [TEST_STEP][PASSED] - maximizeWindow(): Current window maximized

2022-10-26 17:30:31 - [MESSAGE][PASSED] - Current window maximized

2022-10-26 17:30:31 - [TEST_STEP][PASSED] - setText(findTestObject("02-Side Icons(Organization)/Add Contact/Email Field"), "testuser02@mailinator.com"): Text 'testuser02@mailinator.com' is set on object 'Object Repository/02-Side Icons(Organization)/Add Contact/Email Field'

2022-10-26 17:30:32 - [MESSAGE][PASSED] - Text 'testuser02@mailinator.com' is set on object 'Object Repository/02-Side Icons(Organization)/Add Contact/Email Field'

2022-10-26 17:30:32 - [TEST_STEP][PASSED] - setEncryptedText(findTestObject("02-Side Icons(Organization)/Add Contact/Password Field"), "8yFRyszE6U6jvsCn51OQbg=="): Text ****** has been set on object 'Object Repository/02-Side Icons(Organization)/Add Contact/Password Field'

2022-10-26 17:30:33 - [MESSAGE][PASSED] - Text ****** has been set on object 'Object Repository/02-Side Icons(Organization)/Add Contact/Password Field'

2022-10-26 17:30:33 - [TEST_STEP][PASSED] - click(findTestObject("02-Side Icons(Organization)/Add Contact/button_Sign in")): Object: 'Object Repository/02-Side Icons(Organization)/Add Contact/button_Sign in' is clicked on

2022-10-26 17:30:33 - [MESSAGE][PASSED] - Object: 'Object Repository/02-Side Icons(Organization)/Add Contact/button_Sign in' is clicked on

2022-10-26 17:30:33 - [TEST_STEP][PASSED] - delay(2): Delayed 2 second(s)

2022-10-26 17:30:35 - [MESSAGE][PASSED] - Delayed 2 second(s)

2022-10-26 17:30:35 - [TEST_STEP][PASSED] - click(findTestObject("06-Teams/For 2FA/button_Confirm_2FA")): Object: 'Object Repository/06-Teams/For 2FA/button_Confirm_2FA' is clicked on

2022-10-26 17:30:37 - [MESSAGE][PASSED] - Object: 'Object Repository/06-Teams/For 2FA/button_Confirm_2FA' is clicked on

2022-10-26 17:30:37 - [TEST_STEP][PASSED] - executeJavaScript("window.open();", []): Execute JavaScript 'window.open();' successfully

2022-10-26 17:30:37 - [MESSAGE][PASSED] - Execute JavaScript 'window.open();' successfully

2022-10-26 17:30:37 - [TEST_STEP][PASSED] - currentWindow = getWindowIndex(): Current window's index is: 0

2022-10-26 17:30:37 - [MESSAGE][PASSED] - Current window's index is: 0

2022-10-26 17:30:37 - [TEST_STEP][PASSED] - delay(3): Delayed 3 second(s)

2022-10-26 17:30:40 - [MESSAGE][PASSED] - Delayed 3 second(s)

2022-10-26 17:30:40 - [TEST_STEP][PASSED] - switchToWindowIndex(currentWindow + 1): Switched to window with index: '1'

2022-10-26 17:30:40 - [MESSAGE][PASSED] - Switched to window with index: '1'

2022-10-26 17:30:40 - [TEST_STEP][PASSED] - navigateToUrl("https://www.mailinator.com/"): Navigate to 'https://www.mailinator.com/' successfully

2022-10-26 17:30:42 - [MESSAGE][PASSED] - Navigate to 'https://www.mailinator.com/' successfully

2022-10-26 17:30:42 - [TEST_STEP][PASSED] - delay(3): Delayed 3 second(s)

2022-10-26 17:30:45 - [MESSAGE][PASSED] - Delayed 3 second(s)

2022-10-26 17:30:45 - [TEST_STEP][PASSED] - setText(findTestObject("00-Signup and Activation/zMailinator/input_LOGIN_search"), "testuser02@mailinator.com"): Text 'testuser02@mailinator.com' is set on object 'Object Repository/00-Signup and Activation/zMailinator/input_LOGIN_search'

2022-10-26 17:30:46 - [MESSAGE][PASSED] - Text 'testuser02@mailinator.com' is set on object 'Object Repository/00-Signup and Activation/zMailinator/input_LOGIN_search'

2022-10-26 17:30:46 - [TEST_STEP][PASSED] - click(findTestObject("00-Signup and Activation/zMailinator/gobutton"), STOP_ON_FAILURE): Object: 'Object Repository/00-Signup and Activation/zMailinator/gobutton' is clicked on

2022-10-26 17:30:47 - [MESSAGE][PASSED] - Object: 'Object Repository/00-Signup and Activation/zMailinator/gobutton' is clicked on

2022-10-26 17:30:47 - [TEST_STEP][PASSED] - delay(3): Delayed 3 second(s)

2022-10-26 17:30:50 - [MESSAGE][PASSED] - Delayed 3 second(s)

2022-10-26 17:30:50 - [TEST_STEP][PASSED] - click(findTestObject("00-Signup and Activation/zMailinator/Email - everleagues")): Object: 'Object Repository/00-Signup and Activation/zMailinator/Email - everleagues' is clicked on

2022-10-26 17:30:51 - [MESSAGE][PASSED] - Object: 'Object Repository/00-Signup and Activation/zMailinator/Email - everleagues' is clicked on

2022-10-26 17:30:51 - [TEST_STEP][PASSED] - delay(3): Delayed 3 second(s)

2022-10-26 17:30:54 - [MESSAGE][PASSED] - Delayed 3 second(s)

2022-10-26 17:30:54 - [TEST_STEP][PASSED] - code = getText(findTestObject("Object Repository/06-Teams/For 2FA/2FA code")): Text of object 'Object Repository/06-Teams/For 2FA/2FA code' is: '895398'

2022-10-26 17:30:54 - [MESSAGE][PASSED] - Text of object 'Object Repository/06-Teams/For 2FA/2FA code' is: '895398'

2022-10-26 17:30:54 - [TEST_STEP][PASSED] - delay(3): Delayed 3 second(s)

2022-10-26 17:30:57 - [MESSAGE][PASSED] - Delayed 3 second(s)

2022-10-26 17:30:57 - [TEST_STEP][PASSED] - closeWindowTitle("Mailinator"): Window with title: 'Mailinator' is closed

2022-10-26 17:30:57 - [MESSAGE][PASSED] - Window with title: 'Mailinator' is closed

2022-10-26 17:30:57 - [TEST_STEP][PASSED] - delay(3): Delayed 3 second(s)

2022-10-26 17:31:00 - [MESSAGE][PASSED] - Delayed 3 second(s)

2022-10-26 17:31:00 - [TEST_STEP][PASSED] - switchToWindowIndex(0): Switched to window with index: '0'

2022-10-26 17:31:00 - [MESSAGE][PASSED] - Switched to window with index: '0'

2022-10-26 17:31:00 - [TEST_STEP][PASSED] - delay(3): Delayed 3 second(s)

2022-10-26 17:31:03 - [MESSAGE][PASSED] - Delayed 3 second(s)

2022-10-26 17:31:03 - [TEST_STEP][PASSED] - setText(findTestObject("Object Repository/06-Teams/For 2FA/input_Enter verification code_code"), code): Text '895398' is set on object 'Object Repository/06-Teams/For 2FA/input_Enter verification code_code'

2022-10-26 17:31:04 - [MESSAGE][PASSED] - Text '895398' is set on object 'Object Repository/06-Teams/For 2FA/input_Enter verification code_code'

2022-10-26 17:31:04 - [TEST_STEP][PASSED] - delay(3): Delayed 3 second(s)

2022-10-26 17:31:07 - [MESSAGE][PASSED] - Delayed 3 second(s)

2022-10-26 17:31:07 - [TEST_STEP][PASSED] - click(findTestObject("06-Teams/For 2FA/button_Verify_2FA")): Object: 'Object Repository/06-Teams/For 2FA/button_Verify_2FA' is clicked on

2022-10-26 17:31:08 - [MESSAGE][PASSED] - Object: 'Object Repository/06-Teams/For 2FA/button_Verify_2FA' is clicked on

2022-10-26 17:31:08 - [TEST_STEP][PASSED] - delay(5): Delayed 5 second(s)

2022-10-26 17:31:13 - [MESSAGE][PASSED] - Delayed 5 second(s)

2022-10-26 17:31:13 - [TEST_STEP][PASSED] - click(findTestObject("06-Teams/button_doublearrow")): Object: 'Object Repository/06-Teams/button_doublearrow' is clicked on

2022-10-26 17:31:14 - [MESSAGE][PASSED] - Object: 'Object Repository/06-Teams/button_doublearrow' is clicked on

2022-10-26 17:31:14 - [TEST_STEP][PASSED] - click(findTestObject("06-Teams/button_My Organizations")): Object: 'Object Repository/06-Teams/button_My Organizations' is clicked on

2022-10-26 17:31:14 - [MESSAGE][PASSED] - Object: 'Object Repository/06-Teams/button_My Organizations' is clicked on

2022-10-26 17:31:14 - [TEST_STEP][PASSED] - click(findTestObject("06-Teams/button_GG Automation")): Object: 'Object Repository/06-Teams/button_GG Automation' is clicked on

2022-10-26 17:31:15 - [MESSAGE][PASSED] - Object: 'Object Repository/06-Teams/button_GG Automation' is clicked on

2022-10-26 17:31:15 - [TEST_STEP][PASSED] - delay(4): Delayed 4 second(s)

2022-10-26 17:31:19 - [MESSAGE][PASSED] - Delayed 4 second(s)

2022-10-26 17:31:19 - [TEST_STEP][PASSED] - verifyElementVisible(findTestObject("06-Teams/span_GG Automation")): Object 'Object Repository/06-Teams/span_GG Automation' is visible

2022-10-26 17:31:19 - [MESSAGE][PASSED] - Object 'Object Repository/06-Teams/span_GG Automation' is visible

2022-10-26 17:31:19 - [TEST_STEP][PASSED] - delay(10): Delayed 10 second(s)

2022-10-26 17:31:29 - [MESSAGE][PASSED] - Delayed 10 second(s)

2022-10-26 17:31:29 - [TEST_STEP][PASSED] - click(findTestObject("03-Header Menu/Hamburger Button/div_Settings")): Object: 'Object Repository/03-Header Menu/Hamburger Button/div_Settings' is clicked on

2022-10-26 17:31:30 - [MESSAGE][PASSED] - Object: 'Object Repository/03-Header Menu/Hamburger Button/div_Settings' is clicked on

2022-10-26 17:31:30 - [TEST_STEP][PASSED] - delay(3): Delayed 3 second(s)

2022-10-26 17:31:33 - [MESSAGE][PASSED] - Delayed 3 second(s)

2022-10-26 17:31:33 - [TEST_STEP][PASSED] - click(findTestObject("09-Settings/Users/div_Users")): Object: 'Object Repository/09-Settings/Users/div_Users' is clicked on

2022-10-26 17:31:33 - [MESSAGE][PASSED] - Object: 'Object Repository/09-Settings/Users/div_Users' is clicked on

2022-10-26 17:31:33 - [TEST_STEP][PASSED] - delay(3): Delayed 3 second(s)

2022-10-26 17:31:36 - [MESSAGE][PASSED] - Delayed 3 second(s)

2022-10-26 17:31:36 - [TEST_STEP][PASSED] - click(findTestObject("09-Settings/Users/button_add")): Object: 'Object Repository/09-Settings/Users/button_add' is clicked on

2022-10-26 17:31:37 - [MESSAGE][PASSED] - Object: 'Object Repository/09-Settings/Users/button_add' is clicked on

2022-10-26 17:31:37 - [TEST_STEP][PASSED] - delay(3): Delayed 3 second(s)

2022-10-26 17:31:40 - [MESSAGE][PASSED] - Delayed 3 second(s)

2022-10-26 17:31:40 - [TEST_STEP][PASSED] - click(findTestObject("09-Settings/Users/add Invite a single user")): Object: 'Object Repository/09-Settings/Users/add Invite a single user' is clicked on

2022-10-26 17:31:40 - [MESSAGE][PASSED] - Object: 'Object Repository/09-Settings/Users/add Invite a single user' is clicked on

2022-10-26 17:31:40 - [TEST_STEP][PASSED] - delay(3): Delayed 3 second(s)

2022-10-26 17:31:43 - [MESSAGE][PASSED] - Delayed 3 second(s)

2022-10-26 17:31:43 - [TEST_STEP][PASSED] - setText(findTestObject("09-Settings/Users/input_email"), "autotester09@mailinator.com"): Text 'autotester09@mailinator.com' is set on object 'Object Repository/09-Settings/Users/input_email'

2022-10-26 17:31:44 - [MESSAGE][PASSED] - Text 'autotester09@mailinator.com' is set on object 'Object Repository/09-Settings/Users/input_email'

2022-10-26 17:31:44 - [TEST_STEP][PASSED] - setText(findTestObject("09-Settings/Users/input_firstName"), "GG"): Text 'GG' is set on object 'Object Repository/09-Settings/Users/input_firstName'

2022-10-26 17:31:45 - [MESSAGE][PASSED] - Text 'GG' is set on object 'Object Repository/09-Settings/Users/input_firstName'

2022-10-26 17:31:45 - [TEST_STEP][PASSED] - setText(findTestObject("09-Settings/Users/input_lastName"), "Client"): Text 'Client' is set on object 'Object Repository/09-Settings/Users/input_lastName'

2022-10-26 17:31:46 - [MESSAGE][PASSED] - Text 'Client' is set on object 'Object Repository/09-Settings/Users/input_lastName'

2022-10-26 17:31:46 - [TEST_STEP][PASSED] - click(findTestObject("09-Settings/Users/span_Role")): Object: 'Object Repository/09-Settings/Users/span_Role' is clicked on

2022-10-26 17:31:46 - [MESSAGE][PASSED] - Object: 'Object Repository/09-Settings/Users/span_Role' is clicked on

2022-10-26 17:31:46 - [TEST_STEP][PASSED] - click(findTestObject("09-Settings/Users/span_Client")): Object: 'Object Repository/09-Settings/Users/span_Client' is clicked on

2022-10-26 17:31:47 - [MESSAGE][PASSED] - Object: 'Object Repository/09-Settings/Users/span_Client' is clicked on

2022-10-26 17:31:47 - [TEST_STEP][PASSED] - click(findTestObject("09-Settings/Users/button_Send Invitation")): Object: 'Object Repository/09-Settings/Users/button_Send Invitation' is clicked on

2022-10-26 17:31:48 - [MESSAGE][PASSED] - Object: 'Object Repository/09-Settings/Users/button_Send Invitation' is clicked on

2022-10-26 17:31:48 - [TEST_STEP][PASSED] - delay(2): Delayed 2 second(s)

2022-10-26 17:31:50 - [MESSAGE][PASSED] - Delayed 2 second(s)

2022-10-26 17:31:50 - [TEST_STEP][PASSED] - verifyElementVisible(findTestObject("07-Directory/Connections/zContact Profile/Successfully invited user")): Object 'Object Repository/07-Directory/Connections/zContact Profile/Successfully invited user' is visible

2022-10-26 17:31:50 - [MESSAGE][PASSED] - Object 'Object Repository/07-Directory/Connections/zContact Profile/Successfully invited user' is visible

2022-10-26 17:31:50 - [TEST_STEP][PASSED] - delay(2): Delayed 2 second(s)

2022-10-26 17:31:52 - [MESSAGE][PASSED] - Delayed 2 second(s)

2022-10-26 17:31:52 - [TEST_STEP][PASSED] - click(findTestObject("01-Login and Forgot Password/User menu drop")): Object: 'Object Repository/01-Login and Forgot Password/User menu drop' is clicked on

2022-10-26 17:31:53 - [MESSAGE][PASSED] - Object: 'Object Repository/01-Login and Forgot Password/User menu drop' is clicked on

2022-10-26 17:31:53 - [TEST_STEP][PASSED] - delay(2): Delayed 2 second(s)

2022-10-26 17:31:55 - [MESSAGE][PASSED] - Delayed 2 second(s)

2022-10-26 17:31:55 - [TEST_STEP][PASSED] - click(findTestObject("01-Login and Forgot Password/h4_Sign Out"), STOP_ON_FAILURE): Object: 'Object Repository/01-Login and Forgot Password/h4_Sign Out' is clicked on

2022-10-26 17:31:56 - [MESSAGE][PASSED] - Object: 'Object Repository/01-Login and Forgot Password/h4_Sign Out' is clicked on

2022-10-26 17:31:56 - [TEST_STEP][PASSED] - delay(2): Delayed 2 second(s)

2022-10-26 17:31:58 - [MESSAGE][PASSED] - Delayed 2 second(s)

2022-10-26 17:31:58 - [TEST_STEP][PASSED] - verifyElementPresent(findTestObject("01-Login and Forgot Password/Login_Card"), 0): Object 'Object Repository/01-Login and Forgot Password/Login_Card' is present

2022-10-26 17:31:58 - [MESSAGE][WARNING] - Timeout '0' is invalid. Using default page load timeout: '30'

2022-10-26 17:31:58 - [MESSAGE][PASSED] - Object 'Object Repository/01-Login and Forgot Password/Login_Card' is present

2022-10-26 17:31:58 - [TEST_STEP][PASSED] - delay(3): Delayed 3 second(s)

2022-10-26 17:32:01 - [MESSAGE][PASSED] - Delayed 3 second(s)

2022-10-26 17:32:01 - [TEST_STEP][PASSED] - closeBrowser(): Browser is closed

2022-10-26 17:32:02 - [MESSAGE][PASSED] - Browser is closed

2022-10-26 17:32:02 - [TEST_STEP][PASSED] - openBrowser(""): Browser is opened with url: ''

2022-10-26 17:32:02 - [MESSAGE][INFO] - Starting 'Chrome' driver

2022-10-26 17:32:02 - [MESSAGE][INFO] - Action delay is set to 0 milliseconds

2022-10-26 17:32:03 - [MESSAGE][PASSED] - Browser is opened with url: ''

2022-10-26 17:32:03 - [TEST_STEP][PASSED] - navigateToUrl("https://lab.everleagues.com/"): Navigate to 'https://lab.everleagues.com/' successfully

2022-10-26 17:32:51 - [MESSAGE][PASSED] - Navigate to 'https://lab.everleagues.com/' successfully

2022-10-26 17:32:51 - [TEST_STEP][PASSED] - maximizeWindow(): Current window maximized

2022-10-26 17:32:51 - [MESSAGE][PASSED] - Current window maximized

2022-10-26 17:32:51 - [TEST_STEP][PASSED] - setText(findTestObject("02-Side Icons(Organization)/Add Contact/Email Field"), "autotester09@mailinator.com"): Text 'autotester09@mailinator.com' is set on object 'Object Repository/02-Side Icons(Organization)/Add Contact/Email Field'

2022-10-26 17:32:53 - [MESSAGE][PASSED] - Text 'autotester09@mailinator.com' is set on object 'Object Repository/02-Side Icons(Organization)/Add Contact/Email Field'

2022-10-26 17:32:53 - [TEST_STEP][PASSED] - setEncryptedText(findTestObject("02-Side Icons(Organization)/Add Contact/Password Field"), "8yFRyszE6U6jvsCn51OQbg=="): Text ****** has been set on object 'Object Repository/02-Side Icons(Organization)/Add Contact/Password Field'

2022-10-26 17:32:53 - [MESSAGE][PASSED] - Text ****** has been set on object 'Object Repository/02-Side Icons(Organization)/Add Contact/Password Field'

2022-10-26 17:32:53 - [TEST_STEP][PASSED] - click(findTestObject("02-Side Icons(Organization)/Add Contact/button_Sign in")): Object: 'Object Repository/02-Side Icons(Organization)/Add Contact/button_Sign in' is clicked on

2022-10-26 17:32:54 - [MESSAGE][PASSED] - Object: 'Object Repository/02-Side Icons(Organization)/Add Contact/button_Sign in' is clicked on

2022-10-26 17:32:54 - [TEST_STEP][PASSED] - delay(2): Delayed 2 second(s)

2022-10-26 17:32:56 - [MESSAGE][PASSED] - Delayed 2 second(s)

2022-10-26 17:32:56 - [TEST_STEP][PASSED] - click(findTestObject("06-Teams/For 2FA/button_Confirm_2FA")): Object: 'Object Repository/06-Teams/For 2FA/button_Confirm_2FA' is clicked on

2022-10-26 17:32:56 - [MESSAGE][PASSED] - Object: 'Object Repository/06-Teams/For 2FA/button_Confirm_2FA' is clicked on

2022-10-26 17:32:56 - [TEST_STEP][PASSED] - executeJavaScript("window.open();", []): Execute JavaScript 'window.open();' successfully

2022-10-26 17:32:56 - [MESSAGE][PASSED] - Execute JavaScript 'window.open();' successfully

2022-10-26 17:32:56 - [TEST_STEP][PASSED] - currentWindow = getWindowIndex(): Current window's index is: 0

2022-10-26 17:32:56 - [MESSAGE][PASSED] - Current window's index is: 0

2022-10-26 17:32:56 - [TEST_STEP][PASSED] - delay(3): Delayed 3 second(s)

2022-10-26 17:32:59 - [MESSAGE][PASSED] - Delayed 3 second(s)

2022-10-26 17:32:59 - [TEST_STEP][PASSED] - switchToWindowIndex(currentWindow + 1): Switched to window with index: '1'

2022-10-26 17:32:59 - [MESSAGE][PASSED] - Switched to window with index: '1'

2022-10-26 17:32:59 - [TEST_STEP][PASSED] - navigateToUrl("https://www.mailinator.com/"): Navigate to 'https://www.mailinator.com/' successfully

2022-10-26 17:33:01 - [MESSAGE][PASSED] - Navigate to 'https://www.mailinator.com/' successfully

2022-10-26 17:33:01 - [TEST_STEP][PASSED] - delay(3): Delayed 3 second(s)

2022-10-26 17:33:04 - [MESSAGE][PASSED] - Delayed 3 second(s)

2022-10-26 17:33:04 - [TEST_STEP][PASSED] - setText(findTestObject("00-Signup and Activation/zMailinator/input_LOGIN_search"), "autotester09@mailinator.com"): Text 'autotester09@mailinator.com' is set on object 'Object Repository/00-Signup and Activation/zMailinator/input_LOGIN_search'

2022-10-26 17:33:05 - [MESSAGE][PASSED] - Text 'autotester09@mailinator.com' is set on object 'Object Repository/00-Signup and Activation/zMailinator/input_LOGIN_search'

2022-10-26 17:33:05 - [TEST_STEP][PASSED] - click(findTestObject("00-Signup and Activation/zMailinator/gobutton"), STOP_ON_FAILURE): Object: 'Object Repository/00-Signup and Activation/zMailinator/gobutton' is clicked on

2022-10-26 17:33:07 - [MESSAGE][PASSED] - Object: 'Object Repository/00-Signup and Activation/zMailinator/gobutton' is clicked on

2022-10-26 17:33:07 - [TEST_STEP][PASSED] - delay(3): Delayed 3 second(s)

2022-10-26 17:33:10 - [MESSAGE][PASSED] - Delayed 3 second(s)

2022-10-26 17:33:10 - [TEST_STEP][PASSED] - click(findTestObject("00-Signup and Activation/zMailinator/Email - everleagues")): Object: 'Object Repository/00-Signup and Activation/zMailinator/Email - everleagues' is clicked on

2022-10-26 17:33:10 - [MESSAGE][PASSED] - Object: 'Object Repository/00-Signup and Activation/zMailinator/Email - everleagues' is clicked on

2022-10-26 17:33:10 - [TEST_STEP][PASSED] - delay(3): Delayed 3 second(s)

2022-10-26 17:33:13 - [MESSAGE][PASSED] - Delayed 3 second(s)

2022-10-26 17:33:13 - [TEST_STEP][PASSED] - codetwo = getText(findTestObject("Object Repository/06-Teams/For 2FA/2FA code")): Text of object 'Object Repository/06-Teams/For 2FA/2FA code' is: '735776'

2022-10-26 17:33:13 - [MESSAGE][PASSED] - Text of object 'Object Repository/06-Teams/For 2FA/2FA code' is: '735776'

2022-10-26 17:33:13 - [TEST_STEP][PASSED] - delay(3): Delayed 3 second(s)

2022-10-26 17:33:16 - [MESSAGE][PASSED] - Delayed 3 second(s)

2022-10-26 17:33:17 - [TEST_STEP][PASSED] - closeWindowTitle("Mailinator"): Window with title: 'Mailinator' is closed

2022-10-26 17:33:17 - [MESSAGE][PASSED] - Window with title: 'Mailinator' is closed

2022-10-26 17:33:17 - [TEST_STEP][PASSED] - delay(3): Delayed 3 second(s)

2022-10-26 17:33:20 - [MESSAGE][PASSED] - Delayed 3 second(s)

2022-10-26 17:33:20 - [TEST_STEP][PASSED] - switchToWindowIndex(0): Switched to window with index: '0'

2022-10-26 17:33:20 - [MESSAGE][PASSED] - Switched to window with index: '0'

2022-10-26 17:33:20 - [TEST_STEP][PASSED] - delay(3): Delayed 3 second(s)

2022-10-26 17:33:23 - [MESSAGE][PASSED] - Delayed 3 second(s)

2022-10-26 17:33:23 - [TEST_STEP][PASSED] - setText(findTestObject("Object Repository/06-Teams/For 2FA/input_Enter verification code_code"), codetwo): Text '735776' is set on object 'Object Repository/06-Teams/For 2FA/input_Enter verification code_code'

2022-10-26 17:33:24 - [MESSAGE][PASSED] - Text '735776' is set on object 'Object Repository/06-Teams/For 2FA/input_Enter verification code_code'

2022-10-26 17:33:24 - [TEST_STEP][PASSED] - delay(3): Delayed 3 second(s)

2022-10-26 17:33:27 - [MESSAGE][PASSED] - Delayed 3 second(s)

2022-10-26 17:33:27 - [TEST_STEP][PASSED] - click(findTestObject("06-Teams/For 2FA/button_Verify_2FA")): Object: 'Object Repository/06-Teams/For 2FA/button_Verify_2FA' is clicked on

2022-10-26 17:33:27 - [MESSAGE][PASSED] - Object: 'Object Repository/06-Teams/For 2FA/button_Verify_2FA' is clicked on

2022-10-26 17:33:27 - [TEST_STEP][PASSED] - delay(5): Delayed 5 second(s)

2022-10-26 17:33:32 - [MESSAGE][PASSED] - Delayed 5 second(s)

2022-10-26 17:33:32 - [TEST_STEP][PASSED] - executeJavaScript("window.open();", []): Execute JavaScript 'window.open();' successfully

2022-10-26 17:33:33 - [MESSAGE][PASSED] - Execute JavaScript 'window.open();' successfully

2022-10-26 17:33:33 - [TEST_STEP][PASSED] - currentWindow = getWindowIndex(): Current window's index is: 0

2022-10-26 17:33:33 - [MESSAGE][PASSED] - Current window's index is: 0

2022-10-26 17:33:33 - [TEST_STEP][PASSED] - delay(3): Delayed 3 second(s)

2022-10-26 17:33:36 - [MESSAGE][PASSED] - Delayed 3 second(s)

2022-10-26 17:33:36 - [TEST_STEP][PASSED] - switchToWindowIndex(currentWindow + 1): Switched to window with index: '1'

2022-10-26 17:33:36 - [MESSAGE][PASSED] - Switched to window with index: '1'

2022-10-26 17:33:36 - [TEST_STEP][PASSED] - navigateToUrl("https://www.mailinator.com/"): Navigate to 'https://www.mailinator.com/' successfully

2022-10-26 17:33:37 - [MESSAGE][PASSED] - Navigate to 'https://www.mailinator.com/' successfully

2022-10-26 17:33:37 - [TEST_STEP][PASSED] - delay(3): Delayed 3 second(s)

2022-10-26 17:33:40 - [MESSAGE][PASSED] - Delayed 3 second(s)

2022-10-26 17:33:40 - [TEST_STEP][PASSED] - setText(findTestObject("00-Signup and Activation/zMailinator/input_LOGIN_search"), "autotester09@mailinator.com"): Text 'autotester09@mailinator.com' is set on object 'Object Repository/00-Signup and Activation/zMailinator/input_LOGIN_search'

2022-10-26 17:33:40 - [MESSAGE][PASSED] - Text 'autotester09@mailinator.com' is set on object 'Object Repository/00-Signup and Activation/zMailinator/input_LOGIN_search'

2022-10-26 17:33:40 - [TEST_STEP][PASSED] - click(findTestObject("00-Signup and Activation/zMailinator/gobutton"), STOP_ON_FAILURE): Object: 'Object Repository/00-Signup and Activation/zMailinator/gobutton' is clicked on

2022-10-26 17:33:41 - [MESSAGE][PASSED] - Object: 'Object Repository/00-Signup and Activation/zMailinator/gobutton' is clicked on

2022-10-26 17:33:41 - [TEST_STEP][PASSED] - delay(3): Delayed 3 second(s)

2022-10-26 17:33:44 - [MESSAGE][PASSED] - Delayed 3 second(s)

2022-10-26 17:33:44 - [TEST_STEP][PASSED] - closeWindowTitle("Everleagues"): Window with title: 'Everleagues' is closed

2022-10-26 17:33:44 - [MESSAGE][PASSED] - Window with title: 'Everleagues' is closed

2022-10-26 17:33:44 - [TEST_STEP][PASSED] - switchToWindowIndex(0): Switched to window with index: '0'

2022-10-26 17:33:44 - [MESSAGE][PASSED] - Switched to window with index: '0'

2022-10-26 17:33:44 - [TEST_STEP][PASSED] - click(findTestObject("09-Settings/Users/Co worker/td_Invitation from GG Automation")): Object: 'Object Repository/09-Settings/Users/Co worker/td_Invitation from GG Automation' is clicked on

2022-10-26 17:33:45 - [MESSAGE][PASSED] - Object: 'Object Repository/09-Settings/Users/Co worker/td_Invitation from GG Automation' is clicked on

2022-10-26 17:33:45 - [TEST_STEP][PASSED] - click(findTestObject("09-Settings/Users/Co worker/a_Click here to join GG Automation on EverLeagues")): Object: 'Object Repository/09-Settings/Users/Co worker/a_Click here to join GG Automation on EverLeagues' is clicked on

2022-10-26 17:33:46 - [MESSAGE][PASSED] - Object: 'Object Repository/09-Settings/Users/Co worker/a_Click here to join GG Automation on EverLeagues' is clicked on

2022-10-26 17:33:46 - [TEST_STEP][PASSED] - closeWindowTitle("Mailinator"): Window with title: 'Mailinator' is closed

2022-10-26 17:33:46 - [MESSAGE][PASSED] - Window with title: 'Mailinator' is closed

2022-10-26 17:33:46 - [TEST_STEP][PASSED] - switchToWindowIndex(0): Switched to window with index: '0'

2022-10-26 17:33:46 - [MESSAGE][PASSED] - Switched to window with index: '0'

2022-10-26 17:33:46 - [TEST_STEP][PASSED] - verifyElementVisible(findTestObject("09-Settings/Users/Client/Invite modal")): Object 'Object Repository/09-Settings/Users/Client/Invite modal' is visible

2022-10-26 17:33:52 - [MESSAGE][PASSED] - Object 'Object Repository/09-Settings/Users/Client/Invite modal' is visible

2022-10-26 17:33:52 - [TEST_STEP][PASSED] - setText(findTestObject("09-Settings/Users/Client/Company field"), "QA Company"): Text 'QA Company' is set on object 'Object Repository/09-Settings/Users/Client/Company field'

2022-10-26 17:33:52 - [MESSAGE][PASSED] - Text 'QA Company' is set on object 'Object Repository/09-Settings/Users/Client/Company field'

2022-10-26 17:33:52 - [TEST_STEP][PASSED] - click(findTestObject("09-Settings/Users/Client/button_Accept")): Object: 'Object Repository/09-Settings/Users/Client/button_Accept' is clicked on

2022-10-26 17:33:53 - [MESSAGE][PASSED] - Object: 'Object Repository/09-Settings/Users/Client/button_Accept' is clicked on

2022-10-26 17:33:53 - [TEST_STEP][PASSED] - delay(10): Delayed 10 second(s)

2022-10-26 17:34:03 - [MESSAGE][PASSED] - Delayed 10 second(s)

2022-10-26 17:34:03 - [TEST_STEP][PASSED] - verifyElementVisible(findTestObject("09-Settings/Users/Client/div_Joined as CLIENT")): Object 'Object Repository/09-Settings/Users/Client/div_Joined as CLIENT' is visible

2022-10-26 17:34:03 - [MESSAGE][PASSED] - Object 'Object Repository/09-Settings/Users/Client/div_Joined as CLIENT' is visible

2022-10-26 17:34:03 - [TEST_STEP][PASSED] - delay(3): Delayed 3 second(s)

2022-10-26 17:34:06 - [MESSAGE][PASSED] - Delayed 3 second(s)

2022-10-26 17:34:06 - [TEST_STEP][PASSED] - closeBrowser(): Browser is closed

2022-10-26 17:34:07 - [MESSAGE][PASSED] - Browser is closed]]></system-out>
         <system-err><![CDATA[]]></system-err>
      </testcase>
      <testcase name="Test Cases/09-Settings/04 - Users (Invite new user as partner)" time="243.589" classname="Test Cases/09-Settings/04 - Users (Invite new user as partner)" status="PASSED">
         <system-out><![CDATA[2022-10-26 17:34:07 - [TEST_CASE][PASSED] - Test Cases/09-Settings/04 - Users (Invite new user as partner): Test Cases/09-Settings/04 - Users (Invite new user as partner)

2022-10-26 17:34:07 - [TEST_STEP][PASSED] - openBrowser(""): Browser is opened with url: ''

2022-10-26 17:34:07 - [MESSAGE][INFO] - Starting 'Chrome' driver

2022-10-26 17:34:07 - [MESSAGE][INFO] - Action delay is set to 0 milliseconds

2022-10-26 17:34:08 - [MESSAGE][PASSED] - Browser is opened with url: ''

2022-10-26 17:34:08 - [TEST_STEP][PASSED] - navigateToUrl("https://lab.everleagues.com/"): Navigate to 'https://lab.everleagues.com/' successfully

2022-10-26 17:34:38 - [MESSAGE][PASSED] - Navigate to 'https://lab.everleagues.com/' successfully

2022-10-26 17:34:38 - [TEST_STEP][PASSED] - maximizeWindow(): Current window maximized

2022-10-26 17:34:38 - [MESSAGE][PASSED] - Current window maximized

2022-10-26 17:34:38 - [TEST_STEP][PASSED] - setText(findTestObject("02-Side Icons(Organization)/Add Contact/Email Field"), "testuser02@mailinator.com"): Text 'testuser02@mailinator.com' is set on object 'Object Repository/02-Side Icons(Organization)/Add Contact/Email Field'

2022-10-26 17:34:39 - [MESSAGE][PASSED] - Text 'testuser02@mailinator.com' is set on object 'Object Repository/02-Side Icons(Organization)/Add Contact/Email Field'

2022-10-26 17:34:39 - [TEST_STEP][PASSED] - setEncryptedText(findTestObject("02-Side Icons(Organization)/Add Contact/Password Field"), "8yFRyszE6U6jvsCn51OQbg=="): Text ****** has been set on object 'Object Repository/02-Side Icons(Organization)/Add Contact/Password Field'

2022-10-26 17:34:39 - [MESSAGE][PASSED] - Text ****** has been set on object 'Object Repository/02-Side Icons(Organization)/Add Contact/Password Field'

2022-10-26 17:34:39 - [TEST_STEP][PASSED] - click(findTestObject("02-Side Icons(Organization)/Add Contact/button_Sign in")): Object: 'Object Repository/02-Side Icons(Organization)/Add Contact/button_Sign in' is clicked on

2022-10-26 17:34:40 - [MESSAGE][PASSED] - Object: 'Object Repository/02-Side Icons(Organization)/Add Contact/button_Sign in' is clicked on

2022-10-26 17:34:40 - [TEST_STEP][PASSED] - delay(2): Delayed 2 second(s)

2022-10-26 17:34:42 - [MESSAGE][PASSED] - Delayed 2 second(s)

2022-10-26 17:34:42 - [TEST_STEP][PASSED] - click(findTestObject("06-Teams/For 2FA/button_Confirm_2FA")): Object: 'Object Repository/06-Teams/For 2FA/button_Confirm_2FA' is clicked on

2022-10-26 17:34:43 - [MESSAGE][PASSED] - Object: 'Object Repository/06-Teams/For 2FA/button_Confirm_2FA' is clicked on

2022-10-26 17:34:43 - [TEST_STEP][PASSED] - executeJavaScript("window.open();", []): Execute JavaScript 'window.open();' successfully

2022-10-26 17:34:43 - [MESSAGE][PASSED] - Execute JavaScript 'window.open();' successfully

2022-10-26 17:34:43 - [TEST_STEP][PASSED] - currentWindow = getWindowIndex(): Current window's index is: 0

2022-10-26 17:34:43 - [MESSAGE][PASSED] - Current window's index is: 0

2022-10-26 17:34:43 - [TEST_STEP][PASSED] - delay(3): Delayed 3 second(s)

2022-10-26 17:34:46 - [MESSAGE][PASSED] - Delayed 3 second(s)

2022-10-26 17:34:46 - [TEST_STEP][PASSED] - switchToWindowIndex(currentWindow + 1): Switched to window with index: '1'

2022-10-26 17:34:46 - [MESSAGE][PASSED] - Switched to window with index: '1'

2022-10-26 17:34:46 - [TEST_STEP][PASSED] - navigateToUrl("https://www.mailinator.com/"): Navigate to 'https://www.mailinator.com/' successfully

2022-10-26 17:34:48 - [MESSAGE][PASSED] - Navigate to 'https://www.mailinator.com/' successfully

2022-10-26 17:34:48 - [TEST_STEP][PASSED] - delay(3): Delayed 3 second(s)

2022-10-26 17:34:51 - [MESSAGE][PASSED] - Delayed 3 second(s)

2022-10-26 17:34:51 - [TEST_STEP][PASSED] - setText(findTestObject("00-Signup and Activation/zMailinator/input_LOGIN_search"), "testuser02@mailinator.com"): Text 'testuser02@mailinator.com' is set on object 'Object Repository/00-Signup and Activation/zMailinator/input_LOGIN_search'

2022-10-26 17:34:52 - [MESSAGE][PASSED] - Text 'testuser02@mailinator.com' is set on object 'Object Repository/00-Signup and Activation/zMailinator/input_LOGIN_search'

2022-10-26 17:34:52 - [TEST_STEP][PASSED] - click(findTestObject("00-Signup and Activation/zMailinator/gobutton"), STOP_ON_FAILURE): Object: 'Object Repository/00-Signup and Activation/zMailinator/gobutton' is clicked on

2022-10-26 17:34:55 - [MESSAGE][PASSED] - Object: 'Object Repository/00-Signup and Activation/zMailinator/gobutton' is clicked on

2022-10-26 17:34:55 - [TEST_STEP][PASSED] - delay(3): Delayed 3 second(s)

2022-10-26 17:34:58 - [MESSAGE][PASSED] - Delayed 3 second(s)

2022-10-26 17:34:58 - [TEST_STEP][PASSED] - click(findTestObject("00-Signup and Activation/zMailinator/Email - everleagues")): Object: 'Object Repository/00-Signup and Activation/zMailinator/Email - everleagues' is clicked on

2022-10-26 17:34:58 - [MESSAGE][PASSED] - Object: 'Object Repository/00-Signup and Activation/zMailinator/Email - everleagues' is clicked on

2022-10-26 17:34:58 - [TEST_STEP][PASSED] - delay(3): Delayed 3 second(s)

2022-10-26 17:35:01 - [MESSAGE][PASSED] - Delayed 3 second(s)

2022-10-26 17:35:01 - [TEST_STEP][PASSED] - code = getText(findTestObject("Object Repository/06-Teams/For 2FA/2FA code")): Text of object 'Object Repository/06-Teams/For 2FA/2FA code' is: '302011'

2022-10-26 17:35:01 - [MESSAGE][PASSED] - Text of object 'Object Repository/06-Teams/For 2FA/2FA code' is: '302011'

2022-10-26 17:35:01 - [TEST_STEP][PASSED] - delay(3): Delayed 3 second(s)

2022-10-26 17:35:04 - [MESSAGE][PASSED] - Delayed 3 second(s)

2022-10-26 17:35:04 - [TEST_STEP][PASSED] - closeWindowTitle("Mailinator"): Window with title: 'Mailinator' is closed

2022-10-26 17:35:04 - [MESSAGE][PASSED] - Window with title: 'Mailinator' is closed

2022-10-26 17:35:04 - [TEST_STEP][PASSED] - delay(3): Delayed 3 second(s)

2022-10-26 17:35:08 - [MESSAGE][PASSED] - Delayed 3 second(s)

2022-10-26 17:35:08 - [TEST_STEP][PASSED] - switchToWindowIndex(0): Switched to window with index: '0'

2022-10-26 17:35:08 - [MESSAGE][PASSED] - Switched to window with index: '0'

2022-10-26 17:35:08 - [TEST_STEP][PASSED] - delay(3): Delayed 3 second(s)

2022-10-26 17:35:11 - [MESSAGE][PASSED] - Delayed 3 second(s)

2022-10-26 17:35:11 - [TEST_STEP][PASSED] - setText(findTestObject("Object Repository/06-Teams/For 2FA/input_Enter verification code_code"), code): Text '302011' is set on object 'Object Repository/06-Teams/For 2FA/input_Enter verification code_code'

2022-10-26 17:35:11 - [MESSAGE][PASSED] - Text '302011' is set on object 'Object Repository/06-Teams/For 2FA/input_Enter verification code_code'

2022-10-26 17:35:11 - [TEST_STEP][PASSED] - delay(3): Delayed 3 second(s)

2022-10-26 17:35:14 - [MESSAGE][PASSED] - Delayed 3 second(s)

2022-10-26 17:35:14 - [TEST_STEP][PASSED] - click(findTestObject("06-Teams/For 2FA/button_Verify_2FA")): Object: 'Object Repository/06-Teams/For 2FA/button_Verify_2FA' is clicked on

2022-10-26 17:35:15 - [MESSAGE][PASSED] - Object: 'Object Repository/06-Teams/For 2FA/button_Verify_2FA' is clicked on

2022-10-26 17:35:15 - [TEST_STEP][PASSED] - delay(5): Delayed 5 second(s)

2022-10-26 17:35:20 - [MESSAGE][PASSED] - Delayed 5 second(s)

2022-10-26 17:35:20 - [TEST_STEP][PASSED] - click(findTestObject("06-Teams/button_doublearrow")): Object: 'Object Repository/06-Teams/button_doublearrow' is clicked on

2022-10-26 17:35:20 - [MESSAGE][PASSED] - Object: 'Object Repository/06-Teams/button_doublearrow' is clicked on

2022-10-26 17:35:20 - [TEST_STEP][PASSED] - click(findTestObject("06-Teams/button_My Organizations")): Object: 'Object Repository/06-Teams/button_My Organizations' is clicked on

2022-10-26 17:35:21 - [MESSAGE][PASSED] - Object: 'Object Repository/06-Teams/button_My Organizations' is clicked on

2022-10-26 17:35:21 - [TEST_STEP][PASSED] - click(findTestObject("06-Teams/button_GG Automation")): Object: 'Object Repository/06-Teams/button_GG Automation' is clicked on

2022-10-26 17:35:22 - [MESSAGE][PASSED] - Object: 'Object Repository/06-Teams/button_GG Automation' is clicked on

2022-10-26 17:35:22 - [TEST_STEP][PASSED] - delay(4): Delayed 4 second(s)

2022-10-26 17:35:26 - [MESSAGE][PASSED] - Delayed 4 second(s)

2022-10-26 17:35:26 - [TEST_STEP][PASSED] - verifyElementVisible(findTestObject("06-Teams/span_GG Automation")): Object 'Object Repository/06-Teams/span_GG Automation' is visible

2022-10-26 17:35:26 - [MESSAGE][PASSED] - Object 'Object Repository/06-Teams/span_GG Automation' is visible

2022-10-26 17:35:26 - [TEST_STEP][PASSED] - delay(10): Delayed 10 second(s)

2022-10-26 17:35:36 - [MESSAGE][PASSED] - Delayed 10 second(s)

2022-10-26 17:35:36 - [TEST_STEP][PASSED] - click(findTestObject("03-Header Menu/Hamburger Button/div_Settings")): Object: 'Object Repository/03-Header Menu/Hamburger Button/div_Settings' is clicked on

2022-10-26 17:35:36 - [MESSAGE][PASSED] - Object: 'Object Repository/03-Header Menu/Hamburger Button/div_Settings' is clicked on

2022-10-26 17:35:36 - [TEST_STEP][PASSED] - delay(3): Delayed 3 second(s)

2022-10-26 17:35:39 - [MESSAGE][PASSED] - Delayed 3 second(s)

2022-10-26 17:35:39 - [TEST_STEP][PASSED] - click(findTestObject("09-Settings/Users/div_Users")): Object: 'Object Repository/09-Settings/Users/div_Users' is clicked on

2022-10-26 17:35:40 - [MESSAGE][PASSED] - Object: 'Object Repository/09-Settings/Users/div_Users' is clicked on

2022-10-26 17:35:40 - [TEST_STEP][PASSED] - delay(3): Delayed 3 second(s)

2022-10-26 17:35:43 - [MESSAGE][PASSED] - Delayed 3 second(s)

2022-10-26 17:35:43 - [TEST_STEP][PASSED] - click(findTestObject("09-Settings/Users/button_add")): Object: 'Object Repository/09-Settings/Users/button_add' is clicked on

2022-10-26 17:35:43 - [MESSAGE][PASSED] - Object: 'Object Repository/09-Settings/Users/button_add' is clicked on

2022-10-26 17:35:43 - [TEST_STEP][PASSED] - delay(3): Delayed 3 second(s)

2022-10-26 17:35:46 - [MESSAGE][PASSED] - Delayed 3 second(s)

2022-10-26 17:35:46 - [TEST_STEP][PASSED] - click(findTestObject("09-Settings/Users/add Invite a single user")): Object: 'Object Repository/09-Settings/Users/add Invite a single user' is clicked on

2022-10-26 17:35:47 - [MESSAGE][PASSED] - Object: 'Object Repository/09-Settings/Users/add Invite a single user' is clicked on

2022-10-26 17:35:47 - [TEST_STEP][PASSED] - delay(3): Delayed 3 second(s)

2022-10-26 17:35:50 - [MESSAGE][PASSED] - Delayed 3 second(s)

2022-10-26 17:35:50 - [TEST_STEP][PASSED] - setText(findTestObject("09-Settings/Users/input_email"), "autotester10@mailinator.com"): Text 'autotester10@mailinator.com' is set on object 'Object Repository/09-Settings/Users/input_email'

2022-10-26 17:35:51 - [MESSAGE][PASSED] - Text 'autotester10@mailinator.com' is set on object 'Object Repository/09-Settings/Users/input_email'

2022-10-26 17:35:51 - [TEST_STEP][PASSED] - setText(findTestObject("09-Settings/Users/input_firstName"), "GG"): Text 'GG' is set on object 'Object Repository/09-Settings/Users/input_firstName'

2022-10-26 17:35:52 - [MESSAGE][PASSED] - Text 'GG' is set on object 'Object Repository/09-Settings/Users/input_firstName'

2022-10-26 17:35:52 - [TEST_STEP][PASSED] - setText(findTestObject("09-Settings/Users/input_lastName"), "Partner"): Text 'Partner' is set on object 'Object Repository/09-Settings/Users/input_lastName'

2022-10-26 17:35:53 - [MESSAGE][PASSED] - Text 'Partner' is set on object 'Object Repository/09-Settings/Users/input_lastName'

2022-10-26 17:35:53 - [TEST_STEP][PASSED] - click(findTestObject("09-Settings/Users/span_Role")): Object: 'Object Repository/09-Settings/Users/span_Role' is clicked on

2022-10-26 17:35:53 - [MESSAGE][PASSED] - Object: 'Object Repository/09-Settings/Users/span_Role' is clicked on

2022-10-26 17:35:53 - [TEST_STEP][PASSED] - click(findTestObject("09-Settings/Users/span_Partner")): Object: 'Object Repository/09-Settings/Users/span_Partner' is clicked on

2022-10-26 17:35:54 - [MESSAGE][PASSED] - Object: 'Object Repository/09-Settings/Users/span_Partner' is clicked on

2022-10-26 17:35:54 - [TEST_STEP][PASSED] - click(findTestObject("09-Settings/Users/button_Send Invitation")): Object: 'Object Repository/09-Settings/Users/button_Send Invitation' is clicked on

2022-10-26 17:35:55 - [MESSAGE][PASSED] - Object: 'Object Repository/09-Settings/Users/button_Send Invitation' is clicked on

2022-10-26 17:35:55 - [TEST_STEP][PASSED] - delay(2): Delayed 2 second(s)

2022-10-26 17:35:57 - [MESSAGE][PASSED] - Delayed 2 second(s)

2022-10-26 17:35:57 - [TEST_STEP][PASSED] - verifyElementVisible(findTestObject("07-Directory/Connections/zContact Profile/Successfully invited user")): Object 'Object Repository/07-Directory/Connections/zContact Profile/Successfully invited user' is visible

2022-10-26 17:36:01 - [MESSAGE][PASSED] - Object 'Object Repository/07-Directory/Connections/zContact Profile/Successfully invited user' is visible

2022-10-26 17:36:01 - [TEST_STEP][PASSED] - delay(2): Delayed 2 second(s)

2022-10-26 17:36:03 - [MESSAGE][PASSED] - Delayed 2 second(s)

2022-10-26 17:36:03 - [TEST_STEP][PASSED] - click(findTestObject("01-Login and Forgot Password/User menu drop")): Object: 'Object Repository/01-Login and Forgot Password/User menu drop' is clicked on

2022-10-26 17:36:03 - [MESSAGE][PASSED] - Object: 'Object Repository/01-Login and Forgot Password/User menu drop' is clicked on

2022-10-26 17:36:03 - [TEST_STEP][PASSED] - delay(2): Delayed 2 second(s)

2022-10-26 17:36:05 - [MESSAGE][PASSED] - Delayed 2 second(s)

2022-10-26 17:36:05 - [TEST_STEP][PASSED] - click(findTestObject("01-Login and Forgot Password/h4_Sign Out"), STOP_ON_FAILURE): Object: 'Object Repository/01-Login and Forgot Password/h4_Sign Out' is clicked on

2022-10-26 17:36:06 - [MESSAGE][PASSED] - Object: 'Object Repository/01-Login and Forgot Password/h4_Sign Out' is clicked on

2022-10-26 17:36:06 - [TEST_STEP][PASSED] - delay(2): Delayed 2 second(s)

2022-10-26 17:36:08 - [MESSAGE][PASSED] - Delayed 2 second(s)

2022-10-26 17:36:08 - [TEST_STEP][PASSED] - verifyElementPresent(findTestObject("01-Login and Forgot Password/Login_Card"), 0): Object 'Object Repository/01-Login and Forgot Password/Login_Card' is present

2022-10-26 17:36:08 - [MESSAGE][WARNING] - Timeout '0' is invalid. Using default page load timeout: '30'

2022-10-26 17:36:08 - [MESSAGE][PASSED] - Object 'Object Repository/01-Login and Forgot Password/Login_Card' is present

2022-10-26 17:36:08 - [TEST_STEP][PASSED] - delay(3): Delayed 3 second(s)

2022-10-26 17:36:11 - [MESSAGE][PASSED] - Delayed 3 second(s)

2022-10-26 17:36:11 - [TEST_STEP][PASSED] - closeBrowser(): Browser is closed

2022-10-26 17:36:12 - [MESSAGE][PASSED] - Browser is closed

2022-10-26 17:36:12 - [TEST_STEP][PASSED] - openBrowser(""): Browser is opened with url: ''

2022-10-26 17:36:12 - [MESSAGE][INFO] - Starting 'Chrome' driver

2022-10-26 17:36:12 - [MESSAGE][INFO] - Action delay is set to 0 milliseconds

2022-10-26 17:36:13 - [MESSAGE][PASSED] - Browser is opened with url: ''

2022-10-26 17:36:13 - [TEST_STEP][PASSED] - navigateToUrl("https://lab.everleagues.com/"): Navigate to 'https://lab.everleagues.com/' successfully

2022-10-26 17:36:55 - [MESSAGE][PASSED] - Navigate to 'https://lab.everleagues.com/' successfully

2022-10-26 17:36:55 - [TEST_STEP][PASSED] - maximizeWindow(): Current window maximized

2022-10-26 17:36:55 - [MESSAGE][PASSED] - Current window maximized

2022-10-26 17:36:55 - [TEST_STEP][PASSED] - setText(findTestObject("02-Side Icons(Organization)/Add Contact/Email Field"), "autotester10@mailinator.com"): Text 'autotester10@mailinator.com' is set on object 'Object Repository/02-Side Icons(Organization)/Add Contact/Email Field'

2022-10-26 17:36:56 - [MESSAGE][PASSED] - Text 'autotester10@mailinator.com' is set on object 'Object Repository/02-Side Icons(Organization)/Add Contact/Email Field'

2022-10-26 17:36:56 - [TEST_STEP][PASSED] - setEncryptedText(findTestObject("02-Side Icons(Organization)/Add Contact/Password Field"), "8yFRyszE6U6jvsCn51OQbg=="): Text ****** has been set on object 'Object Repository/02-Side Icons(Organization)/Add Contact/Password Field'

2022-10-26 17:36:57 - [MESSAGE][PASSED] - Text ****** has been set on object 'Object Repository/02-Side Icons(Organization)/Add Contact/Password Field'

2022-10-26 17:36:57 - [TEST_STEP][PASSED] - click(findTestObject("02-Side Icons(Organization)/Add Contact/button_Sign in")): Object: 'Object Repository/02-Side Icons(Organization)/Add Contact/button_Sign in' is clicked on

2022-10-26 17:36:57 - [MESSAGE][PASSED] - Object: 'Object Repository/02-Side Icons(Organization)/Add Contact/button_Sign in' is clicked on

2022-10-26 17:36:57 - [TEST_STEP][PASSED] - delay(2): Delayed 2 second(s)

2022-10-26 17:36:59 - [MESSAGE][PASSED] - Delayed 2 second(s)

2022-10-26 17:36:59 - [TEST_STEP][PASSED] - click(findTestObject("06-Teams/For 2FA/button_Confirm_2FA")): Object: 'Object Repository/06-Teams/For 2FA/button_Confirm_2FA' is clicked on

2022-10-26 17:37:00 - [MESSAGE][PASSED] - Object: 'Object Repository/06-Teams/For 2FA/button_Confirm_2FA' is clicked on

2022-10-26 17:37:00 - [TEST_STEP][PASSED] - executeJavaScript("window.open();", []): Execute JavaScript 'window.open();' successfully

2022-10-26 17:37:00 - [MESSAGE][PASSED] - Execute JavaScript 'window.open();' successfully

2022-10-26 17:37:00 - [TEST_STEP][PASSED] - currentWindow = getWindowIndex(): Current window's index is: 0

2022-10-26 17:37:00 - [MESSAGE][PASSED] - Current window's index is: 0

2022-10-26 17:37:00 - [TEST_STEP][PASSED] - delay(3): Delayed 3 second(s)

2022-10-26 17:37:03 - [MESSAGE][PASSED] - Delayed 3 second(s)

2022-10-26 17:37:03 - [TEST_STEP][PASSED] - switchToWindowIndex(currentWindow + 1): Switched to window with index: '1'

2022-10-26 17:37:03 - [MESSAGE][PASSED] - Switched to window with index: '1'

2022-10-26 17:37:03 - [TEST_STEP][PASSED] - navigateToUrl("https://www.mailinator.com/"): Navigate to 'https://www.mailinator.com/' successfully

2022-10-26 17:37:05 - [MESSAGE][PASSED] - Navigate to 'https://www.mailinator.com/' successfully

2022-10-26 17:37:05 - [TEST_STEP][PASSED] - delay(3): Delayed 3 second(s)

2022-10-26 17:37:08 - [MESSAGE][PASSED] - Delayed 3 second(s)

2022-10-26 17:37:08 - [TEST_STEP][PASSED] - setText(findTestObject("00-Signup and Activation/zMailinator/input_LOGIN_search"), "autotester10@mailinator.com"): Text 'autotester10@mailinator.com' is set on object 'Object Repository/00-Signup and Activation/zMailinator/input_LOGIN_search'

2022-10-26 17:37:08 - [MESSAGE][PASSED] - Text 'autotester10@mailinator.com' is set on object 'Object Repository/00-Signup and Activation/zMailinator/input_LOGIN_search'

2022-10-26 17:37:08 - [TEST_STEP][PASSED] - click(findTestObject("00-Signup and Activation/zMailinator/gobutton"), STOP_ON_FAILURE): Object: 'Object Repository/00-Signup and Activation/zMailinator/gobutton' is clicked on

2022-10-26 17:37:10 - [MESSAGE][PASSED] - Object: 'Object Repository/00-Signup and Activation/zMailinator/gobutton' is clicked on

2022-10-26 17:37:10 - [TEST_STEP][PASSED] - delay(3): Delayed 3 second(s)

2022-10-26 17:37:13 - [MESSAGE][PASSED] - Delayed 3 second(s)

2022-10-26 17:37:13 - [TEST_STEP][PASSED] - click(findTestObject("00-Signup and Activation/zMailinator/Email - everleagues")): Object: 'Object Repository/00-Signup and Activation/zMailinator/Email - everleagues' is clicked on

2022-10-26 17:37:14 - [MESSAGE][PASSED] - Object: 'Object Repository/00-Signup and Activation/zMailinator/Email - everleagues' is clicked on

2022-10-26 17:37:14 - [TEST_STEP][PASSED] - delay(3): Delayed 3 second(s)

2022-10-26 17:37:17 - [MESSAGE][PASSED] - Delayed 3 second(s)

2022-10-26 17:37:17 - [TEST_STEP][PASSED] - codetwo = getText(findTestObject("Object Repository/06-Teams/For 2FA/2FA code")): Text of object 'Object Repository/06-Teams/For 2FA/2FA code' is: '843993'

2022-10-26 17:37:17 - [MESSAGE][PASSED] - Text of object 'Object Repository/06-Teams/For 2FA/2FA code' is: '843993'

2022-10-26 17:37:17 - [TEST_STEP][PASSED] - delay(3): Delayed 3 second(s)

2022-10-26 17:37:20 - [MESSAGE][PASSED] - Delayed 3 second(s)

2022-10-26 17:37:20 - [TEST_STEP][PASSED] - closeWindowTitle("Mailinator"): Window with title: 'Mailinator' is closed

2022-10-26 17:37:20 - [MESSAGE][PASSED] - Window with title: 'Mailinator' is closed

2022-10-26 17:37:20 - [TEST_STEP][PASSED] - delay(3): Delayed 3 second(s)

2022-10-26 17:37:23 - [MESSAGE][PASSED] - Delayed 3 second(s)

2022-10-26 17:37:23 - [TEST_STEP][PASSED] - switchToWindowIndex(0): Switched to window with index: '0'

2022-10-26 17:37:23 - [MESSAGE][PASSED] - Switched to window with index: '0'

2022-10-26 17:37:23 - [TEST_STEP][PASSED] - delay(3): Delayed 3 second(s)

2022-10-26 17:37:26 - [MESSAGE][PASSED] - Delayed 3 second(s)

2022-10-26 17:37:26 - [TEST_STEP][PASSED] - setText(findTestObject("Object Repository/06-Teams/For 2FA/input_Enter verification code_code"), codetwo): Text '843993' is set on object 'Object Repository/06-Teams/For 2FA/input_Enter verification code_code'

2022-10-26 17:37:27 - [MESSAGE][PASSED] - Text '843993' is set on object 'Object Repository/06-Teams/For 2FA/input_Enter verification code_code'

2022-10-26 17:37:27 - [TEST_STEP][PASSED] - delay(3): Delayed 3 second(s)

2022-10-26 17:37:30 - [MESSAGE][PASSED] - Delayed 3 second(s)

2022-10-26 17:37:30 - [TEST_STEP][PASSED] - click(findTestObject("06-Teams/For 2FA/button_Verify_2FA")): Object: 'Object Repository/06-Teams/For 2FA/button_Verify_2FA' is clicked on

2022-10-26 17:37:31 - [MESSAGE][PASSED] - Object: 'Object Repository/06-Teams/For 2FA/button_Verify_2FA' is clicked on

2022-10-26 17:37:31 - [TEST_STEP][PASSED] - delay(5): Delayed 5 second(s)

2022-10-26 17:37:36 - [MESSAGE][PASSED] - Delayed 5 second(s)

2022-10-26 17:37:36 - [TEST_STEP][PASSED] - executeJavaScript("window.open();", []): Execute JavaScript 'window.open();' successfully

2022-10-26 17:37:36 - [MESSAGE][PASSED] - Execute JavaScript 'window.open();' successfully

2022-10-26 17:37:36 - [TEST_STEP][PASSED] - currentWindow = getWindowIndex(): Current window's index is: 0

2022-10-26 17:37:36 - [MESSAGE][PASSED] - Current window's index is: 0

2022-10-26 17:37:36 - [TEST_STEP][PASSED] - delay(3): Delayed 3 second(s)

2022-10-26 17:37:39 - [MESSAGE][PASSED] - Delayed 3 second(s)

2022-10-26 17:37:39 - [TEST_STEP][PASSED] - switchToWindowIndex(currentWindow + 1): Switched to window with index: '1'

2022-10-26 17:37:39 - [MESSAGE][PASSED] - Switched to window with index: '1'

2022-10-26 17:37:39 - [TEST_STEP][PASSED] - navigateToUrl("https://www.mailinator.com/"): Navigate to 'https://www.mailinator.com/' successfully

2022-10-26 17:37:40 - [MESSAGE][PASSED] - Navigate to 'https://www.mailinator.com/' successfully

2022-10-26 17:37:40 - [TEST_STEP][PASSED] - delay(3): Delayed 3 second(s)

2022-10-26 17:37:43 - [MESSAGE][PASSED] - Delayed 3 second(s)

2022-10-26 17:37:43 - [TEST_STEP][PASSED] - setText(findTestObject("00-Signup and Activation/zMailinator/input_LOGIN_search"), "autotester10@mailinator.com"): Text 'autotester10@mailinator.com' is set on object 'Object Repository/00-Signup and Activation/zMailinator/input_LOGIN_search'

2022-10-26 17:37:44 - [MESSAGE][PASSED] - Text 'autotester10@mailinator.com' is set on object 'Object Repository/00-Signup and Activation/zMailinator/input_LOGIN_search'

2022-10-26 17:37:44 - [TEST_STEP][PASSED] - click(findTestObject("00-Signup and Activation/zMailinator/gobutton"), STOP_ON_FAILURE): Object: 'Object Repository/00-Signup and Activation/zMailinator/gobutton' is clicked on

2022-10-26 17:37:45 - [MESSAGE][PASSED] - Object: 'Object Repository/00-Signup and Activation/zMailinator/gobutton' is clicked on

2022-10-26 17:37:45 - [TEST_STEP][PASSED] - delay(3): Delayed 3 second(s)

2022-10-26 17:37:48 - [MESSAGE][PASSED] - Delayed 3 second(s)

2022-10-26 17:37:48 - [TEST_STEP][PASSED] - closeWindowTitle("Everleagues"): Window with title: 'Everleagues' is closed

2022-10-26 17:37:48 - [MESSAGE][PASSED] - Window with title: 'Everleagues' is closed

2022-10-26 17:37:48 - [TEST_STEP][PASSED] - switchToWindowIndex(0): Switched to window with index: '0'

2022-10-26 17:37:48 - [MESSAGE][PASSED] - Switched to window with index: '0'

2022-10-26 17:37:48 - [TEST_STEP][PASSED] - click(findTestObject("09-Settings/Users/Co worker/td_Invitation from GG Automation")): Object: 'Object Repository/09-Settings/Users/Co worker/td_Invitation from GG Automation' is clicked on

2022-10-26 17:37:48 - [MESSAGE][PASSED] - Object: 'Object Repository/09-Settings/Users/Co worker/td_Invitation from GG Automation' is clicked on

2022-10-26 17:37:48 - [TEST_STEP][PASSED] - click(findTestObject("09-Settings/Users/Co worker/a_Click here to join GG Automation on EverLeagues")): Object: 'Object Repository/09-Settings/Users/Co worker/a_Click here to join GG Automation on EverLeagues' is clicked on

2022-10-26 17:37:49 - [MESSAGE][PASSED] - Object: 'Object Repository/09-Settings/Users/Co worker/a_Click here to join GG Automation on EverLeagues' is clicked on

2022-10-26 17:37:49 - [TEST_STEP][PASSED] - closeWindowTitle("Mailinator"): Window with title: 'Mailinator' is closed

2022-10-26 17:37:49 - [MESSAGE][PASSED] - Window with title: 'Mailinator' is closed

2022-10-26 17:37:49 - [TEST_STEP][PASSED] - switchToWindowIndex(0): Switched to window with index: '0'

2022-10-26 17:37:49 - [MESSAGE][PASSED] - Switched to window with index: '0'

2022-10-26 17:37:49 - [TEST_STEP][PASSED] - verifyElementVisible(findTestObject("09-Settings/Users/Client/Invite modal")): Object 'Object Repository/09-Settings/Users/Client/Invite modal' is visible

2022-10-26 17:37:55 - [MESSAGE][PASSED] - Object 'Object Repository/09-Settings/Users/Client/Invite modal' is visible

2022-10-26 17:37:55 - [TEST_STEP][PASSED] - setText(findTestObject("09-Settings/Users/Client/Company field"), "QA Company"): Text 'QA Company' is set on object 'Object Repository/09-Settings/Users/Client/Company field'

2022-10-26 17:37:56 - [MESSAGE][PASSED] - Text 'QA Company' is set on object 'Object Repository/09-Settings/Users/Client/Company field'

2022-10-26 17:37:56 - [TEST_STEP][PASSED] - click(findTestObject("09-Settings/Users/Client/button_Accept")): Object: 'Object Repository/09-Settings/Users/Client/button_Accept' is clicked on

2022-10-26 17:37:56 - [MESSAGE][PASSED] - Object: 'Object Repository/09-Settings/Users/Client/button_Accept' is clicked on

2022-10-26 17:37:56 - [TEST_STEP][PASSED] - delay(10): Delayed 10 second(s)

2022-10-26 17:38:06 - [MESSAGE][PASSED] - Delayed 10 second(s)

2022-10-26 17:38:06 - [TEST_STEP][PASSED] - verifyElementVisible(findTestObject("09-Settings/Users/div_Joined as Partner")): Object 'Object Repository/09-Settings/Users/div_Joined as Partner' is visible

2022-10-26 17:38:07 - [MESSAGE][PASSED] - Object 'Object Repository/09-Settings/Users/div_Joined as Partner' is visible

2022-10-26 17:38:07 - [TEST_STEP][PASSED] - delay(3): Delayed 3 second(s)

2022-10-26 17:38:10 - [MESSAGE][PASSED] - Delayed 3 second(s)

2022-10-26 17:38:10 - [TEST_STEP][PASSED] - closeBrowser(): Browser is closed

2022-10-26 17:38:11 - [MESSAGE][PASSED] - Browser is closed]]></system-out>
         <system-err><![CDATA[]]></system-err>
      </testcase>
      <testcase name="Test Cases/09-Settings/05 - Users (Invite batch of users via CSV file)" time="133.39" classname="Test Cases/09-Settings/05 - Users (Invite batch of users via CSV file)" status="PASSED">
         <system-out><![CDATA[2022-10-26 17:38:11 - [TEST_CASE][PASSED] - Test Cases/09-Settings/05 - Users (Invite batch of users via CSV file): Test Cases/09-Settings/05 - Users (Invite batch of users via CSV file)

2022-10-26 17:38:11 - [TEST_STEP][PASSED] - openBrowser(""): Browser is opened with url: ''

2022-10-26 17:38:11 - [MESSAGE][INFO] - Starting 'Chrome' driver

2022-10-26 17:38:11 - [MESSAGE][INFO] - Action delay is set to 0 milliseconds

2022-10-26 17:38:12 - [MESSAGE][PASSED] - Browser is opened with url: ''

2022-10-26 17:38:12 - [TEST_STEP][PASSED] - navigateToUrl("https://lab.everleagues.com/"): Navigate to 'https://lab.everleagues.com/' successfully

2022-10-26 17:38:43 - [MESSAGE][PASSED] - Navigate to 'https://lab.everleagues.com/' successfully

2022-10-26 17:38:43 - [TEST_STEP][PASSED] - maximizeWindow(): Current window maximized

2022-10-26 17:38:43 - [MESSAGE][PASSED] - Current window maximized

2022-10-26 17:38:43 - [TEST_STEP][PASSED] - setText(findTestObject("02-Side Icons(Organization)/Add Contact/Email Field"), "testuser02@mailinator.com"): Text 'testuser02@mailinator.com' is set on object 'Object Repository/02-Side Icons(Organization)/Add Contact/Email Field'

2022-10-26 17:38:44 - [MESSAGE][PASSED] - Text 'testuser02@mailinator.com' is set on object 'Object Repository/02-Side Icons(Organization)/Add Contact/Email Field'

2022-10-26 17:38:44 - [TEST_STEP][PASSED] - setEncryptedText(findTestObject("02-Side Icons(Organization)/Add Contact/Password Field"), "8yFRyszE6U6jvsCn51OQbg=="): Text ****** has been set on object 'Object Repository/02-Side Icons(Organization)/Add Contact/Password Field'

2022-10-26 17:38:45 - [MESSAGE][PASSED] - Text ****** has been set on object 'Object Repository/02-Side Icons(Organization)/Add Contact/Password Field'

2022-10-26 17:38:45 - [TEST_STEP][PASSED] - click(findTestObject("02-Side Icons(Organization)/Add Contact/button_Sign in")): Object: 'Object Repository/02-Side Icons(Organization)/Add Contact/button_Sign in' is clicked on

2022-10-26 17:38:46 - [MESSAGE][PASSED] - Object: 'Object Repository/02-Side Icons(Organization)/Add Contact/button_Sign in' is clicked on

2022-10-26 17:38:46 - [TEST_STEP][PASSED] - delay(2): Delayed 2 second(s)

2022-10-26 17:38:48 - [MESSAGE][PASSED] - Delayed 2 second(s)

2022-10-26 17:38:48 - [TEST_STEP][PASSED] - click(findTestObject("06-Teams/For 2FA/button_Confirm_2FA")): Object: 'Object Repository/06-Teams/For 2FA/button_Confirm_2FA' is clicked on

2022-10-26 17:38:48 - [MESSAGE][PASSED] - Object: 'Object Repository/06-Teams/For 2FA/button_Confirm_2FA' is clicked on

2022-10-26 17:38:48 - [TEST_STEP][PASSED] - executeJavaScript("window.open();", []): Execute JavaScript 'window.open();' successfully

2022-10-26 17:38:49 - [MESSAGE][PASSED] - Execute JavaScript 'window.open();' successfully

2022-10-26 17:38:49 - [TEST_STEP][PASSED] - currentWindow = getWindowIndex(): Current window's index is: 0

2022-10-26 17:38:49 - [MESSAGE][PASSED] - Current window's index is: 0

2022-10-26 17:38:49 - [TEST_STEP][PASSED] - delay(3): Delayed 3 second(s)

2022-10-26 17:38:52 - [MESSAGE][PASSED] - Delayed 3 second(s)

2022-10-26 17:38:52 - [TEST_STEP][PASSED] - switchToWindowIndex(currentWindow + 1): Switched to window with index: '1'

2022-10-26 17:38:52 - [MESSAGE][PASSED] - Switched to window with index: '1'

2022-10-26 17:38:52 - [TEST_STEP][PASSED] - navigateToUrl("https://www.mailinator.com/"): Navigate to 'https://www.mailinator.com/' successfully

2022-10-26 17:38:54 - [MESSAGE][PASSED] - Navigate to 'https://www.mailinator.com/' successfully

2022-10-26 17:38:54 - [TEST_STEP][PASSED] - delay(3): Delayed 3 second(s)

2022-10-26 17:38:57 - [MESSAGE][PASSED] - Delayed 3 second(s)

2022-10-26 17:38:57 - [TEST_STEP][PASSED] - setText(findTestObject("00-Signup and Activation/zMailinator/input_LOGIN_search"), "testuser02@mailinator.com"): Text 'testuser02@mailinator.com' is set on object 'Object Repository/00-Signup and Activation/zMailinator/input_LOGIN_search'

2022-10-26 17:38:57 - [MESSAGE][PASSED] - Text 'testuser02@mailinator.com' is set on object 'Object Repository/00-Signup and Activation/zMailinator/input_LOGIN_search'

2022-10-26 17:38:57 - [TEST_STEP][PASSED] - click(findTestObject("00-Signup and Activation/zMailinator/gobutton"), STOP_ON_FAILURE): Object: 'Object Repository/00-Signup and Activation/zMailinator/gobutton' is clicked on

2022-10-26 17:39:00 - [MESSAGE][PASSED] - Object: 'Object Repository/00-Signup and Activation/zMailinator/gobutton' is clicked on

2022-10-26 17:39:00 - [TEST_STEP][PASSED] - delay(3): Delayed 3 second(s)

2022-10-26 17:39:03 - [MESSAGE][PASSED] - Delayed 3 second(s)

2022-10-26 17:39:03 - [TEST_STEP][PASSED] - click(findTestObject("00-Signup and Activation/zMailinator/Email - everleagues")): Object: 'Object Repository/00-Signup and Activation/zMailinator/Email - everleagues' is clicked on

2022-10-26 17:39:03 - [MESSAGE][PASSED] - Object: 'Object Repository/00-Signup and Activation/zMailinator/Email - everleagues' is clicked on

2022-10-26 17:39:03 - [TEST_STEP][PASSED] - delay(3): Delayed 3 second(s)

2022-10-26 17:39:06 - [MESSAGE][PASSED] - Delayed 3 second(s)

2022-10-26 17:39:06 - [TEST_STEP][PASSED] - code = getText(findTestObject("Object Repository/06-Teams/For 2FA/2FA code")): Text of object 'Object Repository/06-Teams/For 2FA/2FA code' is: '599820'

2022-10-26 17:39:07 - [MESSAGE][PASSED] - Text of object 'Object Repository/06-Teams/For 2FA/2FA code' is: '599820'

2022-10-26 17:39:07 - [TEST_STEP][PASSED] - delay(3): Delayed 3 second(s)

2022-10-26 17:39:10 - [MESSAGE][PASSED] - Delayed 3 second(s)

2022-10-26 17:39:10 - [TEST_STEP][PASSED] - closeWindowTitle("Mailinator"): Window with title: 'Mailinator' is closed

2022-10-26 17:39:10 - [MESSAGE][PASSED] - Window with title: 'Mailinator' is closed

2022-10-26 17:39:10 - [TEST_STEP][PASSED] - delay(3): Delayed 3 second(s)

2022-10-26 17:39:13 - [MESSAGE][PASSED] - Delayed 3 second(s)

2022-10-26 17:39:13 - [TEST_STEP][PASSED] - switchToWindowIndex(0): Switched to window with index: '0'

2022-10-26 17:39:13 - [MESSAGE][PASSED] - Switched to window with index: '0'

2022-10-26 17:39:13 - [TEST_STEP][PASSED] - delay(3): Delayed 3 second(s)

2022-10-26 17:39:16 - [MESSAGE][PASSED] - Delayed 3 second(s)

2022-10-26 17:39:16 - [TEST_STEP][PASSED] - setText(findTestObject("Object Repository/06-Teams/For 2FA/input_Enter verification code_code"), code): Text '599820' is set on object 'Object Repository/06-Teams/For 2FA/input_Enter verification code_code'

2022-10-26 17:39:17 - [MESSAGE][PASSED] - Text '599820' is set on object 'Object Repository/06-Teams/For 2FA/input_Enter verification code_code'

2022-10-26 17:39:17 - [TEST_STEP][PASSED] - delay(3): Delayed 3 second(s)

2022-10-26 17:39:20 - [MESSAGE][PASSED] - Delayed 3 second(s)

2022-10-26 17:39:20 - [TEST_STEP][PASSED] - click(findTestObject("06-Teams/For 2FA/button_Verify_2FA")): Object: 'Object Repository/06-Teams/For 2FA/button_Verify_2FA' is clicked on

2022-10-26 17:39:20 - [MESSAGE][PASSED] - Object: 'Object Repository/06-Teams/For 2FA/button_Verify_2FA' is clicked on

2022-10-26 17:39:20 - [TEST_STEP][PASSED] - delay(5): Delayed 5 second(s)

2022-10-26 17:39:25 - [MESSAGE][PASSED] - Delayed 5 second(s)

2022-10-26 17:39:25 - [TEST_STEP][PASSED] - click(findTestObject("06-Teams/button_doublearrow")): Object: 'Object Repository/06-Teams/button_doublearrow' is clicked on

2022-10-26 17:39:26 - [MESSAGE][PASSED] - Object: 'Object Repository/06-Teams/button_doublearrow' is clicked on

2022-10-26 17:39:26 - [TEST_STEP][PASSED] - click(findTestObject("06-Teams/button_My Organizations")): Object: 'Object Repository/06-Teams/button_My Organizations' is clicked on

2022-10-26 17:39:26 - [MESSAGE][PASSED] - Object: 'Object Repository/06-Teams/button_My Organizations' is clicked on

2022-10-26 17:39:26 - [TEST_STEP][PASSED] - click(findTestObject("06-Teams/button_GG Automation")): Object: 'Object Repository/06-Teams/button_GG Automation' is clicked on

2022-10-26 17:39:27 - [MESSAGE][PASSED] - Object: 'Object Repository/06-Teams/button_GG Automation' is clicked on

2022-10-26 17:39:27 - [TEST_STEP][PASSED] - delay(4): Delayed 4 second(s)

2022-10-26 17:39:31 - [MESSAGE][PASSED] - Delayed 4 second(s)

2022-10-26 17:39:31 - [TEST_STEP][PASSED] - verifyElementVisible(findTestObject("06-Teams/span_GG Automation")): Object 'Object Repository/06-Teams/span_GG Automation' is visible

2022-10-26 17:39:32 - [MESSAGE][PASSED] - Object 'Object Repository/06-Teams/span_GG Automation' is visible

2022-10-26 17:39:32 - [TEST_STEP][PASSED] - delay(10): Delayed 10 second(s)

2022-10-26 17:39:42 - [MESSAGE][PASSED] - Delayed 10 second(s)

2022-10-26 17:39:42 - [TEST_STEP][PASSED] - click(findTestObject("03-Header Menu/Hamburger Button/div_Settings")): Object: 'Object Repository/03-Header Menu/Hamburger Button/div_Settings' is clicked on

2022-10-26 17:39:42 - [MESSAGE][PASSED] - Object: 'Object Repository/03-Header Menu/Hamburger Button/div_Settings' is clicked on

2022-10-26 17:39:42 - [TEST_STEP][PASSED] - delay(3): Delayed 3 second(s)

2022-10-26 17:39:45 - [MESSAGE][PASSED] - Delayed 3 second(s)

2022-10-26 17:39:45 - [TEST_STEP][PASSED] - click(findTestObject("09-Settings/Users/div_Users")): Object: 'Object Repository/09-Settings/Users/div_Users' is clicked on

2022-10-26 17:39:46 - [MESSAGE][PASSED] - Object: 'Object Repository/09-Settings/Users/div_Users' is clicked on

2022-10-26 17:39:46 - [TEST_STEP][PASSED] - delay(3): Delayed 3 second(s)

2022-10-26 17:39:49 - [MESSAGE][PASSED] - Delayed 3 second(s)

2022-10-26 17:39:49 - [TEST_STEP][PASSED] - click(findTestObject("09-Settings/Users/button_add")): Object: 'Object Repository/09-Settings/Users/button_add' is clicked on

2022-10-26 17:39:49 - [MESSAGE][PASSED] - Object: 'Object Repository/09-Settings/Users/button_add' is clicked on

2022-10-26 17:39:49 - [TEST_STEP][PASSED] - delay(3): Delayed 3 second(s)

2022-10-26 17:39:52 - [MESSAGE][PASSED] - Delayed 3 second(s)

2022-10-26 17:39:52 - [TEST_STEP][PASSED] - click(findTestObject("09-Settings/Users/Invite batch of users via CSV file")): Object: 'Object Repository/09-Settings/Users/Invite batch of users via CSV file' is clicked on

2022-10-26 17:39:53 - [MESSAGE][PASSED] - Object: 'Object Repository/09-Settings/Users/Invite batch of users via CSV file' is clicked on

2022-10-26 17:39:53 - [TEST_STEP][PASSED] - verifyElementVisible(findTestObject("09-Settings/Users/CSV Invite/Import CSV File modal")): Object 'Object Repository/09-Settings/Users/CSV Invite/Import CSV File modal' is visible

2022-10-26 17:39:54 - [MESSAGE][PASSED] - Object 'Object Repository/09-Settings/Users/CSV Invite/Import CSV File modal' is visible

2022-10-26 17:39:54 - [TEST_STEP][PASSED] - verifyElementNotClickable(findTestObject("09-Settings/Users/CSV Invite/button_Import")): Object 'Object Repository/09-Settings/Users/CSV Invite/button_Import' is NOT clickable

2022-10-26 17:39:54 - [MESSAGE][PASSED] - Object 'Object Repository/09-Settings/Users/CSV Invite/button_Import' is NOT clickable

2022-10-26 17:39:54 - [TEST_STEP][PASSED] - delay(3): Delayed 3 second(s)

2022-10-26 17:39:57 - [MESSAGE][PASSED] - Delayed 3 second(s)

2022-10-26 17:39:57 - [TEST_STEP][PASSED] - uploadpackage.Upload.uploadFile(findTestObject("Object Repository/09-Settings/Users/CSV Invite/button_Choose File"), "C:\Users\User\Desktop\EL automation\sample csv.csv"): uploadpackage.Upload.uploadFile is PASSED

2022-10-26 17:39:57 - [MESSAGE][PASSED] - Object: 'Object Repository/09-Settings/Users/CSV Invite/button_Choose File' is clicked on

2022-10-26 17:39:57 - [MESSAGE][PASSED] - uploadpackage.Upload.uploadFile is PASSED

2022-10-26 17:39:57 - [TEST_STEP][PASSED] - delay(3): Delayed 3 second(s)

2022-10-26 17:40:00 - [MESSAGE][PASSED] - Delayed 3 second(s)

2022-10-26 17:40:00 - [TEST_STEP][PASSED] - verifyElementVisible(findTestObject("09-Settings/Users/CSV Invite/div_Sample csv.csv")): Object 'Object Repository/09-Settings/Users/CSV Invite/div_Sample csv.csv' is visible

2022-10-26 17:40:02 - [MESSAGE][PASSED] - Object 'Object Repository/09-Settings/Users/CSV Invite/div_Sample csv.csv' is visible

2022-10-26 17:40:02 - [TEST_STEP][PASSED] - click(findTestObject("09-Settings/Users/CSV Invite/button_Import")): Object: 'Object Repository/09-Settings/Users/CSV Invite/button_Import' is clicked on

2022-10-26 17:40:02 - [MESSAGE][PASSED] - Object: 'Object Repository/09-Settings/Users/CSV Invite/button_Import' is clicked on

2022-10-26 17:40:02 - [TEST_STEP][PASSED] - delay(10): Delayed 10 second(s)

2022-10-26 17:40:12 - [MESSAGE][PASSED] - Delayed 10 second(s)

2022-10-26 17:40:12 - [TEST_STEP][PASSED] - verifyElementVisible(findTestObject("09-Settings/Users/CSV Invite/Success import modal")): Object 'Object Repository/09-Settings/Users/CSV Invite/Success import modal' is visible

2022-10-26 17:40:13 - [MESSAGE][PASSED] - Object 'Object Repository/09-Settings/Users/CSV Invite/Success import modal' is visible

2022-10-26 17:40:13 - [TEST_STEP][PASSED] - click(findTestObject("09-Settings/Users/CSV Invite/button_Close")): Object: 'Object Repository/09-Settings/Users/CSV Invite/button_Close' is clicked on

2022-10-26 17:40:13 - [MESSAGE][PASSED] - Object: 'Object Repository/09-Settings/Users/CSV Invite/button_Close' is clicked on

2022-10-26 17:40:13 - [TEST_STEP][PASSED] - click(findTestObject("09-Settings/Users/CSV Invite/Invited Users tab")): Object: 'Object Repository/09-Settings/Users/CSV Invite/Invited Users tab' is clicked on

2022-10-26 17:40:14 - [MESSAGE][PASSED] - Object: 'Object Repository/09-Settings/Users/CSV Invite/Invited Users tab' is clicked on

2022-10-26 17:40:14 - [TEST_STEP][PASSED] - delay(3): Delayed 3 second(s)

2022-10-26 17:40:17 - [MESSAGE][PASSED] - Delayed 3 second(s)

2022-10-26 17:40:17 - [TEST_STEP][PASSED] - verifyElementVisible(findTestObject("09-Settings/Users/CSV Invite/div_CTCSV test3")): Object 'Object Repository/09-Settings/Users/CSV Invite/div_CTCSV test3' is visible

2022-10-26 17:40:17 - [MESSAGE][PASSED] - Object 'Object Repository/09-Settings/Users/CSV Invite/div_CTCSV test3' is visible

2022-10-26 17:40:17 - [TEST_STEP][PASSED] - verifyElementVisible(findTestObject("09-Settings/Users/CSV Invite/div_autotester08mailinator.com")): Object 'Object Repository/09-Settings/Users/CSV Invite/div_autotester08mailinator.com' is visible

2022-10-26 17:40:18 - [MESSAGE][PASSED] - Object 'Object Repository/09-Settings/Users/CSV Invite/div_autotester08mailinator.com' is visible

2022-10-26 17:40:18 - [TEST_STEP][PASSED] - verifyElementVisible(findTestObject("09-Settings/Users/CSV Invite/div_Partner")): Object 'Object Repository/09-Settings/Users/CSV Invite/div_Partner' is visible

2022-10-26 17:40:18 - [MESSAGE][PASSED] - Object 'Object Repository/09-Settings/Users/CSV Invite/div_Partner' is visible

2022-10-26 17:40:18 - [TEST_STEP][PASSED] - verifyElementVisible(findTestObject("09-Settings/Users/CSV Invite/div_CTCSV test2")): Object 'Object Repository/09-Settings/Users/CSV Invite/div_CTCSV test2' is visible

2022-10-26 17:40:18 - [MESSAGE][PASSED] - Object 'Object Repository/09-Settings/Users/CSV Invite/div_CTCSV test2' is visible

2022-10-26 17:40:18 - [TEST_STEP][PASSED] - verifyElementVisible(findTestObject("09-Settings/Users/CSV Invite/div_autotester07mailinator.com")): Object 'Object Repository/09-Settings/Users/CSV Invite/div_autotester07mailinator.com' is visible

2022-10-26 17:40:19 - [MESSAGE][PASSED] - Object 'Object Repository/09-Settings/Users/CSV Invite/div_autotester07mailinator.com' is visible

2022-10-26 17:40:19 - [TEST_STEP][PASSED] - verifyElementVisible(findTestObject("09-Settings/Users/CSV Invite/div_Client")): Object 'Object Repository/09-Settings/Users/CSV Invite/div_Client' is visible

2022-10-26 17:40:19 - [MESSAGE][PASSED] - Object 'Object Repository/09-Settings/Users/CSV Invite/div_Client' is visible

2022-10-26 17:40:19 - [TEST_STEP][PASSED] - verifyElementVisible(findTestObject("09-Settings/Users/CSV Invite/div_CTCSV test1")): Object 'Object Repository/09-Settings/Users/CSV Invite/div_CTCSV test1' is visible

2022-10-26 17:40:20 - [MESSAGE][PASSED] - Object 'Object Repository/09-Settings/Users/CSV Invite/div_CTCSV test1' is visible

2022-10-26 17:40:20 - [TEST_STEP][PASSED] - verifyElementVisible(findTestObject("09-Settings/Users/CSV Invite/div_autotester06mailinator.com")): Object 'Object Repository/09-Settings/Users/CSV Invite/div_autotester06mailinator.com' is visible

2022-10-26 17:40:20 - [MESSAGE][PASSED] - Object 'Object Repository/09-Settings/Users/CSV Invite/div_autotester06mailinator.com' is visible

2022-10-26 17:40:20 - [TEST_STEP][PASSED] - verifyElementVisible(findTestObject("09-Settings/Users/CSV Invite/div_Coworker")): Object 'Object Repository/09-Settings/Users/CSV Invite/div_Coworker' is visible

2022-10-26 17:40:20 - [MESSAGE][PASSED] - Object 'Object Repository/09-Settings/Users/CSV Invite/div_Coworker' is visible

2022-10-26 17:40:20 - [TEST_STEP][PASSED] - delay(3): Delayed 3 second(s)

2022-10-26 17:40:23 - [MESSAGE][PASSED] - Delayed 3 second(s)

2022-10-26 17:40:23 - [TEST_STEP][PASSED] - closeBrowser(): Browser is closed

2022-10-26 17:40:24 - [MESSAGE][PASSED] - Browser is closed]]></system-out>
         <system-err><![CDATA[]]></system-err>
      </testcase>
      <system-out><![CDATA[2022-10-26 17:21:29 - [TEST_SUITE][PASSED] - 09-Settings: Test Cases/09-Settings/05 - Users (Invite batch of users via CSV file)]]></system-out>
      <system-err><![CDATA[]]></system-err>
   </testsuite>
</testsuites>
