<?xml version="1.0" encoding="UTF-8"?>
<testsuites name="09.1 - Settings (Invite users)" time="934.899" tests="5" failures="0" errors="0">
   <testsuite name="09.1 - Settings (Invite users)" tests="5" failures="0" errors="0" time="934.899" skipped="0" timestamp="2022-11-25 14:21:14" hostname="User - DESKTOP-QCRNR4M" id="Test Suites/TS-Organization/09.1 - Settings (Invite users)">
      <properties>
         <property name="deviceName" value=""/>
         <property name="devicePlatform" value=""/>
         <property name="logFolder" value="C:\\Users\\User\\Katalon Studio\\EverleaguesMain\\Reports\\20221125_142112\\TS-Organization\\09.1 - Settings (Invite users)\\20221125_142112"/>
         <property name="logFiles" value="C:\\Users\\User\\Katalon Studio\\EverleaguesMain\\Reports\\20221125_142112\\TS-Organization\\09.1 - Settings (Invite users)\\20221125_142112\\execution0.log"/>
         <property name="attachments" value=""/>
         <property name="hostName" value="User - DESKTOP-QCRNR4M"/>
         <property name="os" value="Windows 10 64bit"/>
         <property name="katalonVersion" value="8.4.1.208"/>
         <property name="browser" value="Chrome 107.0.0.0"/>
         <property name="hostAddress" value="192.168.5.124"/>
         <property name="sessionId" value="4c6b5aeef7b70c86b849f400035fd260"/>
         <property name="seleniumVersion" value="3.141.59"/>
         <property name="proxyInformation" value="ProxyInformation { proxyOption=NO_PROXY, proxyServerType=HTTP, username=, password=********, proxyServerAddress=, proxyServerPort=0, executionList=&quot;&quot;, isApplyToDesiredCapabilities=true }"/>
         <property name="platform" value="Windows 10"/>
      </properties>
      <testcase name="Test Cases/09-Settings/01 - Users (Invite new user but field are blank)" time="86.47" classname="Test Cases/09-Settings/01 - Users (Invite new user but field are blank)" status="PASSED">
         <system-out><![CDATA[2022-11-25 14:21:15 - [TEST_CASE][PASSED] - Test Cases/09-Settings/01 - Users (Invite new user but field are blank): Test Cases/09-Settings/01 - Users (Invite new user but field are blank)

2022-11-25 14:21:15 - [TEST_STEP][PASSED] - openBrowser(""): Browser is opened with url: ''

2022-11-25 14:21:15 - [MESSAGE][INFO] - Starting 'Chrome' driver

2022-11-25 14:21:15 - [MESSAGE][INFO] - Action delay is set to 0 milliseconds

2022-11-25 14:21:17 - [MESSAGE][PASSED] - Browser is opened with url: ''

2022-11-25 14:21:17 - [TEST_STEP][PASSED] - navigateToUrl("https://lab.everleagues.com/"): Navigate to 'https://lab.everleagues.com/' successfully

2022-11-25 14:21:29 - [MESSAGE][PASSED] - Navigate to 'https://lab.everleagues.com/' successfully

2022-11-25 14:21:29 - [TEST_STEP][PASSED] - maximizeWindow(): Current window maximized

2022-11-25 14:21:29 - [MESSAGE][PASSED] - Current window maximized

2022-11-25 14:21:29 - [TEST_STEP][PASSED] - setText(findTestObject("02-Side Icons(Organization)/Add Contact/Email Field"), "testuser02@mailinator.com"): Text 'testuser02@mailinator.com' is set on object 'Object Repository/02-Side Icons(Organization)/Add Contact/Email Field'

2022-11-25 14:21:30 - [MESSAGE][PASSED] - Text 'testuser02@mailinator.com' is set on object 'Object Repository/02-Side Icons(Organization)/Add Contact/Email Field'

2022-11-25 14:21:30 - [TEST_STEP][PASSED] - setEncryptedText(findTestObject("02-Side Icons(Organization)/Add Contact/Password Field"), "8yFRyszE6U6jvsCn51OQbg=="): Text ****** has been set on object 'Object Repository/02-Side Icons(Organization)/Add Contact/Password Field'

2022-11-25 14:21:31 - [MESSAGE][PASSED] - Text ****** has been set on object 'Object Repository/02-Side Icons(Organization)/Add Contact/Password Field'

2022-11-25 14:21:31 - [TEST_STEP][PASSED] - click(findTestObject("02-Side Icons(Organization)/Add Contact/button_Sign in")): Object: 'Object Repository/02-Side Icons(Organization)/Add Contact/button_Sign in' is clicked on

2022-11-25 14:21:32 - [MESSAGE][PASSED] - Object: 'Object Repository/02-Side Icons(Organization)/Add Contact/button_Sign in' is clicked on

2022-11-25 14:21:32 - [TEST_STEP][PASSED] - delay(2): Delayed 2 second(s)

2022-11-25 14:21:34 - [MESSAGE][PASSED] - Delayed 2 second(s)

2022-11-25 14:21:34 - [TEST_STEP][PASSED] - click(findTestObject("06-Teams/For 2FA/button_Confirm_2FA")): Object: 'Object Repository/06-Teams/For 2FA/button_Confirm_2FA' is clicked on

2022-11-25 14:21:34 - [MESSAGE][PASSED] - Object: 'Object Repository/06-Teams/For 2FA/button_Confirm_2FA' is clicked on

2022-11-25 14:21:34 - [TEST_STEP][PASSED] - executeJavaScript("window.open();", []): Execute JavaScript 'window.open();' successfully

2022-11-25 14:21:34 - [MESSAGE][PASSED] - Execute JavaScript 'window.open();' successfully

2022-11-25 14:21:34 - [TEST_STEP][PASSED] - currentWindow = getWindowIndex(): Current window's index is: 0

2022-11-25 14:21:34 - [MESSAGE][PASSED] - Current window's index is: 0

2022-11-25 14:21:34 - [TEST_STEP][PASSED] - delay(3): Delayed 3 second(s)

2022-11-25 14:21:37 - [MESSAGE][PASSED] - Delayed 3 second(s)

2022-11-25 14:21:37 - [TEST_STEP][PASSED] - switchToWindowIndex(currentWindow + 1): Switched to window with index: '1'

2022-11-25 14:21:37 - [MESSAGE][PASSED] - Switched to window with index: '1'

2022-11-25 14:21:37 - [TEST_STEP][PASSED] - navigateToUrl("https://www.mailinator.com/"): Navigate to 'https://www.mailinator.com/' successfully

2022-11-25 14:21:39 - [MESSAGE][PASSED] - Navigate to 'https://www.mailinator.com/' successfully

2022-11-25 14:21:39 - [TEST_STEP][PASSED] - delay(3): Delayed 3 second(s)

2022-11-25 14:21:42 - [MESSAGE][PASSED] - Delayed 3 second(s)

2022-11-25 14:21:42 - [TEST_STEP][PASSED] - setText(findTestObject("00-Signup and Activation/zMailinator/input_LOGIN_search"), "testuser02@mailinator.com"): Text 'testuser02@mailinator.com' is set on object 'Object Repository/00-Signup and Activation/zMailinator/input_LOGIN_search'

2022-11-25 14:21:43 - [MESSAGE][PASSED] - Text 'testuser02@mailinator.com' is set on object 'Object Repository/00-Signup and Activation/zMailinator/input_LOGIN_search'

2022-11-25 14:21:43 - [TEST_STEP][PASSED] - click(findTestObject("00-Signup and Activation/zMailinator/gobutton"), STOP_ON_FAILURE): Object: 'Object Repository/00-Signup and Activation/zMailinator/gobutton' is clicked on

2022-11-25 14:21:45 - [MESSAGE][PASSED] - Object: 'Object Repository/00-Signup and Activation/zMailinator/gobutton' is clicked on

2022-11-25 14:21:45 - [TEST_STEP][PASSED] - delay(3): Delayed 3 second(s)

2022-11-25 14:21:48 - [MESSAGE][PASSED] - Delayed 3 second(s)

2022-11-25 14:21:48 - [TEST_STEP][PASSED] - click(findTestObject("00-Signup and Activation/zMailinator/Email - everleagues")): Object: 'Object Repository/00-Signup and Activation/zMailinator/Email - everleagues' is clicked on

2022-11-25 14:21:48 - [MESSAGE][PASSED] - Object: 'Object Repository/00-Signup and Activation/zMailinator/Email - everleagues' is clicked on

2022-11-25 14:21:48 - [TEST_STEP][PASSED] - delay(3): Delayed 3 second(s)

2022-11-25 14:21:51 - [MESSAGE][PASSED] - Delayed 3 second(s)

2022-11-25 14:21:51 - [TEST_STEP][PASSED] - code = getText(findTestObject("Object Repository/06-Teams/For 2FA/2FA code")): Text of object 'Object Repository/06-Teams/For 2FA/2FA code' is: '691356'

2022-11-25 14:21:51 - [MESSAGE][PASSED] - Text of object 'Object Repository/06-Teams/For 2FA/2FA code' is: '691356'

2022-11-25 14:21:51 - [TEST_STEP][PASSED] - delay(3): Delayed 3 second(s)

2022-11-25 14:21:54 - [MESSAGE][PASSED] - Delayed 3 second(s)

2022-11-25 14:21:54 - [TEST_STEP][PASSED] - closeWindowTitle("Mailinator"): Window with title: 'Mailinator' is closed

2022-11-25 14:21:55 - [MESSAGE][PASSED] - Window with title: 'Mailinator' is closed

2022-11-25 14:21:55 - [TEST_STEP][PASSED] - delay(3): Delayed 3 second(s)

2022-11-25 14:21:58 - [MESSAGE][PASSED] - Delayed 3 second(s)

2022-11-25 14:21:58 - [TEST_STEP][PASSED] - switchToWindowIndex(0): Switched to window with index: '0'

2022-11-25 14:21:58 - [MESSAGE][PASSED] - Switched to window with index: '0'

2022-11-25 14:21:58 - [TEST_STEP][PASSED] - delay(3): Delayed 3 second(s)

2022-11-25 14:22:01 - [MESSAGE][PASSED] - Delayed 3 second(s)

2022-11-25 14:22:01 - [TEST_STEP][PASSED] - setText(findTestObject("Object Repository/06-Teams/For 2FA/input_Enter verification code_code"), code): Text '691356' is set on object 'Object Repository/06-Teams/For 2FA/input_Enter verification code_code'

2022-11-25 14:22:01 - [MESSAGE][PASSED] - Text '691356' is set on object 'Object Repository/06-Teams/For 2FA/input_Enter verification code_code'

2022-11-25 14:22:01 - [TEST_STEP][PASSED] - delay(3): Delayed 3 second(s)

2022-11-25 14:22:04 - [MESSAGE][PASSED] - Delayed 3 second(s)

2022-11-25 14:22:04 - [TEST_STEP][PASSED] - click(findTestObject("06-Teams/For 2FA/button_Verify_2FA")): Object: 'Object Repository/06-Teams/For 2FA/button_Verify_2FA' is clicked on

2022-11-25 14:22:05 - [MESSAGE][PASSED] - Object: 'Object Repository/06-Teams/For 2FA/button_Verify_2FA' is clicked on

2022-11-25 14:22:05 - [TEST_STEP][PASSED] - delay(5): Delayed 5 second(s)

2022-11-25 14:22:10 - [MESSAGE][PASSED] - Delayed 5 second(s)

2022-11-25 14:22:10 - [TEST_STEP][PASSED] - click(findTestObject("06-Teams/button_doublearrow")): Object: 'Object Repository/06-Teams/button_doublearrow' is clicked on

2022-11-25 14:22:10 - [MESSAGE][PASSED] - Object: 'Object Repository/06-Teams/button_doublearrow' is clicked on

2022-11-25 14:22:10 - [TEST_STEP][PASSED] - click(findTestObject("06-Teams/button_My Organizations")): Object: 'Object Repository/06-Teams/button_My Organizations' is clicked on

2022-11-25 14:22:11 - [MESSAGE][PASSED] - Object: 'Object Repository/06-Teams/button_My Organizations' is clicked on

2022-11-25 14:22:11 - [TEST_STEP][PASSED] - click(findTestObject("06-Teams/button_GG Automation")): Object: 'Object Repository/06-Teams/button_GG Automation' is clicked on

2022-11-25 14:22:12 - [MESSAGE][PASSED] - Object: 'Object Repository/06-Teams/button_GG Automation' is clicked on

2022-11-25 14:22:12 - [TEST_STEP][PASSED] - delay(4): Delayed 4 second(s)

2022-11-25 14:22:16 - [MESSAGE][PASSED] - Delayed 4 second(s)

2022-11-25 14:22:16 - [TEST_STEP][PASSED] - verifyElementVisible(findTestObject("06-Teams/span_GG Automation")): Object 'Object Repository/06-Teams/span_GG Automation' is visible

2022-11-25 14:22:16 - [MESSAGE][PASSED] - Object 'Object Repository/06-Teams/span_GG Automation' is visible

2022-11-25 14:22:16 - [TEST_STEP][PASSED] - delay(5): Delayed 5 second(s)

2022-11-25 14:22:21 - [MESSAGE][PASSED] - Delayed 5 second(s)

2022-11-25 14:22:21 - [TEST_STEP][PASSED] - click(findTestObject("03-Header Menu/Hamburger Button/div_Settings")): Object: 'Object Repository/03-Header Menu/Hamburger Button/div_Settings' is clicked on

2022-11-25 14:22:22 - [MESSAGE][PASSED] - Object: 'Object Repository/03-Header Menu/Hamburger Button/div_Settings' is clicked on

2022-11-25 14:22:22 - [TEST_STEP][PASSED] - verifyElementVisible(findTestObject("09-Settings/Users/div_Organization")): Object 'Object Repository/09-Settings/Users/div_Organization' is visible

2022-11-25 14:22:22 - [MESSAGE][PASSED] - Object 'Object Repository/09-Settings/Users/div_Organization' is visible

2022-11-25 14:22:22 - [TEST_STEP][PASSED] - verifyElementVisible(findTestObject("09-Settings/Users/div_Organization Units")): Object 'Object Repository/09-Settings/Users/div_Organization Units' is visible

2022-11-25 14:22:23 - [MESSAGE][PASSED] - Object 'Object Repository/09-Settings/Users/div_Organization Units' is visible

2022-11-25 14:22:23 - [TEST_STEP][PASSED] - verifyElementVisible(findTestObject("09-Settings/Users/div_Subscriptions")): Object 'Object Repository/09-Settings/Users/div_Subscriptions' is visible

2022-11-25 14:22:23 - [MESSAGE][PASSED] - Object 'Object Repository/09-Settings/Users/div_Subscriptions' is visible

2022-11-25 14:22:23 - [TEST_STEP][PASSED] - verifyElementVisible(findTestObject("09-Settings/Users/div_Users")): Object 'Object Repository/09-Settings/Users/div_Users' is visible

2022-11-25 14:22:23 - [MESSAGE][PASSED] - Object 'Object Repository/09-Settings/Users/div_Users' is visible

2022-11-25 14:22:23 - [TEST_STEP][PASSED] - delay(3): Delayed 3 second(s)

2022-11-25 14:22:27 - [MESSAGE][PASSED] - Delayed 3 second(s)

2022-11-25 14:22:27 - [TEST_STEP][PASSED] - click(findTestObject("09-Settings/Users/div_Users")): Object: 'Object Repository/09-Settings/Users/div_Users' is clicked on

2022-11-25 14:22:27 - [MESSAGE][PASSED] - Object: 'Object Repository/09-Settings/Users/div_Users' is clicked on

2022-11-25 14:22:27 - [TEST_STEP][PASSED] - verifyElementVisible(findTestObject("09-Settings/Users/h4_USERS")): Object 'Object Repository/09-Settings/Users/h4_USERS' is visible

2022-11-25 14:22:28 - [MESSAGE][PASSED] - Object 'Object Repository/09-Settings/Users/h4_USERS' is visible

2022-11-25 14:22:28 - [TEST_STEP][PASSED] - verifyElementVisible(findTestObject("09-Settings/Users/User Page")): Object 'Object Repository/09-Settings/Users/User Page' is visible

2022-11-25 14:22:28 - [MESSAGE][PASSED] - Object 'Object Repository/09-Settings/Users/User Page' is visible

2022-11-25 14:22:28 - [TEST_STEP][PASSED] - delay(3): Delayed 3 second(s)

2022-11-25 14:22:31 - [MESSAGE][PASSED] - Delayed 3 second(s)

2022-11-25 14:22:31 - [TEST_STEP][PASSED] - click(findTestObject("09-Settings/Users/button_add")): Object: 'Object Repository/09-Settings/Users/button_add' is clicked on

2022-11-25 14:22:32 - [MESSAGE][PASSED] - Object: 'Object Repository/09-Settings/Users/button_add' is clicked on

2022-11-25 14:22:32 - [TEST_STEP][PASSED] - verifyElementVisible(findTestObject("09-Settings/Users/User Invitation modal")): Object 'Object Repository/09-Settings/Users/User Invitation modal' is visible

2022-11-25 14:22:32 - [MESSAGE][PASSED] - Object 'Object Repository/09-Settings/Users/User Invitation modal' is visible

2022-11-25 14:22:32 - [TEST_STEP][PASSED] - delay(3): Delayed 3 second(s)

2022-11-25 14:22:35 - [MESSAGE][PASSED] - Delayed 3 second(s)

2022-11-25 14:22:35 - [TEST_STEP][PASSED] - click(findTestObject("09-Settings/Users/add Invite a single user")): Object: 'Object Repository/09-Settings/Users/add Invite a single user' is clicked on

2022-11-25 14:22:36 - [MESSAGE][PASSED] - Object: 'Object Repository/09-Settings/Users/add Invite a single user' is clicked on

2022-11-25 14:22:36 - [TEST_STEP][PASSED] - verifyElementVisible(findTestObject("09-Settings/Users/Invite new user modal")): Object 'Object Repository/09-Settings/Users/Invite new user modal' is visible

2022-11-25 14:22:37 - [MESSAGE][PASSED] - Object 'Object Repository/09-Settings/Users/Invite new user modal' is visible

2022-11-25 14:22:37 - [TEST_STEP][PASSED] - click(findTestObject("09-Settings/Users/input_email")): Object: 'Object Repository/09-Settings/Users/input_email' is clicked on

2022-11-25 14:22:37 - [MESSAGE][PASSED] - Object: 'Object Repository/09-Settings/Users/input_email' is clicked on

2022-11-25 14:22:37 - [TEST_STEP][PASSED] - click(findTestObject("09-Settings/Users/input_firstName")): Object: 'Object Repository/09-Settings/Users/input_firstName' is clicked on

2022-11-25 14:22:37 - [MESSAGE][PASSED] - Object: 'Object Repository/09-Settings/Users/input_firstName' is clicked on

2022-11-25 14:22:37 - [TEST_STEP][PASSED] - click(findTestObject("09-Settings/Users/input_lastName")): Object: 'Object Repository/09-Settings/Users/input_lastName' is clicked on

2022-11-25 14:22:38 - [MESSAGE][PASSED] - Object: 'Object Repository/09-Settings/Users/input_lastName' is clicked on

2022-11-25 14:22:38 - [TEST_STEP][PASSED] - click(findTestObject("09-Settings/Users/span_Role")): Object: 'Object Repository/09-Settings/Users/span_Role' is clicked on

2022-11-25 14:22:38 - [MESSAGE][PASSED] - Object: 'Object Repository/09-Settings/Users/span_Role' is clicked on

2022-11-25 14:22:38 - [TEST_STEP][PASSED] - clickOffset(findTestObject("09-Settings/Users/h4_Invite New User"), 100, 100): Object: 'Object Repository/09-Settings/Users/h4_Invite New User' is clicked on using offset x=100 and y=100

2022-11-25 14:22:39 - [MESSAGE][PASSED] - Object: 'Object Repository/09-Settings/Users/h4_Invite New User' is clicked on using offset x=100 and y=100

2022-11-25 14:22:39 - [TEST_STEP][PASSED] - verifyElementVisible(findTestObject("09-Settings/Users/Email required")): Object 'Object Repository/09-Settings/Users/Email required' is visible

2022-11-25 14:22:40 - [MESSAGE][PASSED] - Object 'Object Repository/09-Settings/Users/Email required' is visible

2022-11-25 14:22:40 - [TEST_STEP][PASSED] - verifyElementVisible(findTestObject("09-Settings/Users/Firstname required")): Object 'Object Repository/09-Settings/Users/Firstname required' is visible

2022-11-25 14:22:40 - [MESSAGE][PASSED] - Object 'Object Repository/09-Settings/Users/Firstname required' is visible

2022-11-25 14:22:40 - [TEST_STEP][PASSED] - verifyElementVisible(findTestObject("09-Settings/Users/last name required")): Object 'Object Repository/09-Settings/Users/last name required' is visible

2022-11-25 14:22:41 - [MESSAGE][PASSED] - Object 'Object Repository/09-Settings/Users/last name required' is visible

2022-11-25 14:22:41 - [TEST_STEP][PASSED] - verifyElementVisible(findTestObject("09-Settings/Users/error_Select a role")): Object 'Object Repository/09-Settings/Users/error_Select a role' is visible

2022-11-25 14:22:41 - [MESSAGE][PASSED] - Object 'Object Repository/09-Settings/Users/error_Select a role' is visible]]></system-out>
         <system-err><![CDATA[]]></system-err>
      </testcase>
      <testcase name="Test Cases/09-Settings/02 - Users (Invite new user as co worker)" time="342.709" classname="Test Cases/09-Settings/02 - Users (Invite new user as co worker)" status="PASSED">
         <system-out><![CDATA[2022-11-25 14:22:41 - [TEST_CASE][PASSED] - Test Cases/09-Settings/02 - Users (Invite new user as co worker): Test Cases/09-Settings/02 - Users (Invite new user as co worker)

2022-11-25 14:22:41 - [TEST_STEP][PASSED] - delay(3): Delayed 3 second(s)

2022-11-25 14:22:44 - [MESSAGE][PASSED] - Delayed 3 second(s)

2022-11-25 14:22:44 - [TEST_STEP][PASSED] - setText(findTestObject("09-Settings/Users/input_email"), "autotester04@mailinator.com"): Text 'autotester04@mailinator.com' is set on object 'Object Repository/09-Settings/Users/input_email'

2022-11-25 14:22:45 - [MESSAGE][PASSED] - Text 'autotester04@mailinator.com' is set on object 'Object Repository/09-Settings/Users/input_email'

2022-11-25 14:22:45 - [TEST_STEP][PASSED] - setText(findTestObject("09-Settings/Users/input_firstName"), "GG"): Text 'GG' is set on object 'Object Repository/09-Settings/Users/input_firstName'

2022-11-25 14:22:47 - [MESSAGE][PASSED] - Text 'GG' is set on object 'Object Repository/09-Settings/Users/input_firstName'

2022-11-25 14:22:47 - [TEST_STEP][PASSED] - setText(findTestObject("09-Settings/Users/input_lastName"), "Auto Contact 2"): Text 'Auto Contact 2' is set on object 'Object Repository/09-Settings/Users/input_lastName'

2022-11-25 14:22:48 - [MESSAGE][PASSED] - Text 'Auto Contact 2' is set on object 'Object Repository/09-Settings/Users/input_lastName'

2022-11-25 14:22:48 - [TEST_STEP][PASSED] - click(findTestObject("09-Settings/Users/span_Role")): Object: 'Object Repository/09-Settings/Users/span_Role' is clicked on

2022-11-25 14:22:48 - [MESSAGE][PASSED] - Object: 'Object Repository/09-Settings/Users/span_Role' is clicked on

2022-11-25 14:22:48 - [TEST_STEP][PASSED] - click(findTestObject("09-Settings/Users/span_CoWorker")): Object: 'Object Repository/09-Settings/Users/span_CoWorker' is clicked on

2022-11-25 14:22:48 - [MESSAGE][PASSED] - Object: 'Object Repository/09-Settings/Users/span_CoWorker' is clicked on

2022-11-25 14:22:48 - [TEST_STEP][PASSED] - click(findTestObject("09-Settings/Users/button_Send Invitation")): Object: 'Object Repository/09-Settings/Users/button_Send Invitation' is clicked on

2022-11-25 14:22:49 - [MESSAGE][PASSED] - Object: 'Object Repository/09-Settings/Users/button_Send Invitation' is clicked on

2022-11-25 14:22:49 - [TEST_STEP][PASSED] - delay(2): Delayed 2 second(s)

2022-11-25 14:22:51 - [MESSAGE][PASSED] - Delayed 2 second(s)

2022-11-25 14:22:52 - [TEST_STEP][PASSED] - verifyElementVisible(findTestObject("07-Directory/Connections/zContact Profile/Successfully invited user")): Object 'Object Repository/07-Directory/Connections/zContact Profile/Successfully invited user' is visible

2022-11-25 14:22:53 - [MESSAGE][PASSED] - Object 'Object Repository/07-Directory/Connections/zContact Profile/Successfully invited user' is visible

2022-11-25 14:22:53 - [TEST_STEP][PASSED] - delay(2): Delayed 2 second(s)

2022-11-25 14:22:55 - [MESSAGE][PASSED] - Delayed 2 second(s)

2022-11-25 14:22:55 - [TEST_STEP][PASSED] - executeJavaScript("window.open();", []): Execute JavaScript 'window.open();' successfully

2022-11-25 14:22:55 - [MESSAGE][PASSED] - Execute JavaScript 'window.open();' successfully

2022-11-25 14:22:55 - [TEST_STEP][PASSED] - currentWindow = getWindowIndex(): Current window's index is: 0

2022-11-25 14:22:55 - [MESSAGE][PASSED] - Current window's index is: 0

2022-11-25 14:22:55 - [TEST_STEP][PASSED] - delay(3): Delayed 3 second(s)

2022-11-25 14:22:58 - [MESSAGE][PASSED] - Delayed 3 second(s)

2022-11-25 14:22:58 - [TEST_STEP][PASSED] - switchToWindowIndex(currentWindow + 1): Switched to window with index: '1'

2022-11-25 14:22:58 - [MESSAGE][PASSED] - Switched to window with index: '1'

2022-11-25 14:22:58 - [TEST_STEP][PASSED] - navigateToUrl("https://www.mailinator.com/"): Navigate to 'https://www.mailinator.com/' successfully

2022-11-25 14:23:00 - [MESSAGE][PASSED] - Navigate to 'https://www.mailinator.com/' successfully

2022-11-25 14:23:00 - [TEST_STEP][PASSED] - delay(3): Delayed 3 second(s)

2022-11-25 14:23:03 - [MESSAGE][PASSED] - Delayed 3 second(s)

2022-11-25 14:23:03 - [TEST_STEP][PASSED] - setText(findTestObject("00-Signup and Activation/zMailinator/input_LOGIN_search"), "autotester04@mailinator.com"): Text 'autotester04@mailinator.com' is set on object 'Object Repository/00-Signup and Activation/zMailinator/input_LOGIN_search'

2022-11-25 14:23:03 - [MESSAGE][PASSED] - Text 'autotester04@mailinator.com' is set on object 'Object Repository/00-Signup and Activation/zMailinator/input_LOGIN_search'

2022-11-25 14:23:03 - [TEST_STEP][PASSED] - click(findTestObject("00-Signup and Activation/zMailinator/gobutton"), STOP_ON_FAILURE): Object: 'Object Repository/00-Signup and Activation/zMailinator/gobutton' is clicked on

2022-11-25 14:23:04 - [MESSAGE][PASSED] - Object: 'Object Repository/00-Signup and Activation/zMailinator/gobutton' is clicked on

2022-11-25 14:23:04 - [TEST_STEP][PASSED] - delay(3): Delayed 3 second(s)

2022-11-25 14:23:07 - [MESSAGE][PASSED] - Delayed 3 second(s)

2022-11-25 14:23:07 - [TEST_STEP][PASSED] - closeWindowTitle("Everleagues"): Window with title: 'Everleagues' is closed

2022-11-25 14:23:08 - [MESSAGE][PASSED] - Window with title: 'Everleagues' is closed

2022-11-25 14:23:08 - [TEST_STEP][PASSED] - switchToWindowIndex(0): Switched to window with index: '0'

2022-11-25 14:23:08 - [MESSAGE][PASSED] - Switched to window with index: '0'

2022-11-25 14:23:08 - [TEST_STEP][PASSED] - click(findTestObject("09-Settings/Users/Co worker/td_Invitation from GG Automation")): Object: 'Object Repository/09-Settings/Users/Co worker/td_Invitation from GG Automation' is clicked on

2022-11-25 14:23:08 - [MESSAGE][PASSED] - Object: 'Object Repository/09-Settings/Users/Co worker/td_Invitation from GG Automation' is clicked on

2022-11-25 14:23:08 - [TEST_STEP][PASSED] - click(findTestObject("09-Settings/Users/Co worker/a_Click here to join GG Automation on EverLeagues")): Object: 'Object Repository/09-Settings/Users/Co worker/a_Click here to join GG Automation on EverLeagues' is clicked on

2022-11-25 14:23:09 - [MESSAGE][PASSED] - Object: 'Object Repository/09-Settings/Users/Co worker/a_Click here to join GG Automation on EverLeagues' is clicked on

2022-11-25 14:23:09 - [TEST_STEP][PASSED] - closeWindowTitle("Mailinator"): Window with title: 'Mailinator' is closed

2022-11-25 14:23:09 - [MESSAGE][PASSED] - Window with title: 'Mailinator' is closed

2022-11-25 14:23:09 - [TEST_STEP][PASSED] - switchToWindowIndex(0): Switched to window with index: '0'

2022-11-25 14:23:09 - [MESSAGE][PASSED] - Switched to window with index: '0'

2022-11-25 14:23:09 - [TEST_STEP][PASSED] - verifyElementVisible(findTestObject("09-Settings/Users/Co worker/Logout before proceed modal")): Object 'Object Repository/09-Settings/Users/Co worker/Logout before proceed modal' is visible

2022-11-25 14:23:16 - [MESSAGE][PASSED] - Object 'Object Repository/09-Settings/Users/Co worker/Logout before proceed modal' is visible

2022-11-25 14:23:16 - [TEST_STEP][PASSED] - click(findTestObject("09-Settings/Users/Co worker/button_Yes")): Object: 'Object Repository/09-Settings/Users/Co worker/button_Yes' is clicked on

2022-11-25 14:23:16 - [MESSAGE][PASSED] - Object: 'Object Repository/09-Settings/Users/Co worker/button_Yes' is clicked on

2022-11-25 14:23:16 - [TEST_STEP][PASSED] - delay(3): Delayed 3 second(s)

2022-11-25 14:23:19 - [MESSAGE][PASSED] - Delayed 3 second(s)

2022-11-25 14:23:19 - [TEST_STEP][PASSED] - setText(findTestObject("09-Settings/Users/Co worker/input_Email_email"), "autotester04@mailinator.com"): Text 'autotester04@mailinator.com' is set on object 'Object Repository/09-Settings/Users/Co worker/input_Email_email'

2022-11-25 14:24:20 - [MESSAGE][PASSED] - Text 'autotester04@mailinator.com' is set on object 'Object Repository/09-Settings/Users/Co worker/input_Email_email'

2022-11-25 14:24:20 - [TEST_STEP][PASSED] - setEncryptedText(findTestObject("09-Settings/Users/Co worker/input__password"), "8yFRyszE6U6jvsCn51OQbg=="): Text ****** has been set on object 'Object Repository/09-Settings/Users/Co worker/input__password'

2022-11-25 14:24:50 - [MESSAGE][PASSED] - Text ****** has been set on object 'Object Repository/09-Settings/Users/Co worker/input__password'

2022-11-25 14:24:50 - [TEST_STEP][PASSED] - click(findTestObject("02-Side Icons(Organization)/Add Contact/button_Sign in")): Object: 'Object Repository/02-Side Icons(Organization)/Add Contact/button_Sign in' is clicked on

2022-11-25 14:25:20 - [MESSAGE][PASSED] - Object: 'Object Repository/02-Side Icons(Organization)/Add Contact/button_Sign in' is clicked on

2022-11-25 14:25:20 - [TEST_STEP][PASSED] - delay(2): Delayed 2 second(s)

2022-11-25 14:25:22 - [MESSAGE][PASSED] - Delayed 2 second(s)

2022-11-25 14:25:22 - [TEST_STEP][PASSED] - click(findTestObject("06-Teams/For 2FA/button_Confirm_2FA")): Object: 'Object Repository/06-Teams/For 2FA/button_Confirm_2FA' is clicked on

2022-11-25 14:25:52 - [MESSAGE][PASSED] - Object: 'Object Repository/06-Teams/For 2FA/button_Confirm_2FA' is clicked on

2022-11-25 14:25:52 - [TEST_STEP][PASSED] - executeJavaScript("window.open();", []): Execute JavaScript 'window.open();' successfully

2022-11-25 14:25:52 - [MESSAGE][PASSED] - Execute JavaScript 'window.open();' successfully

2022-11-25 14:25:52 - [TEST_STEP][PASSED] - currentWindow = getWindowIndex(): Current window's index is: 0

2022-11-25 14:25:52 - [MESSAGE][PASSED] - Current window's index is: 0

2022-11-25 14:25:52 - [TEST_STEP][PASSED] - delay(3): Delayed 3 second(s)

2022-11-25 14:25:55 - [MESSAGE][PASSED] - Delayed 3 second(s)

2022-11-25 14:25:55 - [TEST_STEP][PASSED] - switchToWindowIndex(currentWindow + 1): Switched to window with index: '1'

2022-11-25 14:25:55 - [MESSAGE][PASSED] - Switched to window with index: '1'

2022-11-25 14:25:55 - [TEST_STEP][PASSED] - navigateToUrl("https://www.mailinator.com/"): Navigate to 'https://www.mailinator.com/' successfully

2022-11-25 14:25:57 - [MESSAGE][PASSED] - Navigate to 'https://www.mailinator.com/' successfully

2022-11-25 14:25:57 - [TEST_STEP][PASSED] - delay(3): Delayed 3 second(s)

2022-11-25 14:26:00 - [MESSAGE][PASSED] - Delayed 3 second(s)

2022-11-25 14:26:00 - [TEST_STEP][PASSED] - setText(findTestObject("00-Signup and Activation/zMailinator/input_LOGIN_search"), "autotester04@mailinator.com"): Text 'autotester04@mailinator.com' is set on object 'Object Repository/00-Signup and Activation/zMailinator/input_LOGIN_search'

2022-11-25 14:26:00 - [MESSAGE][PASSED] - Text 'autotester04@mailinator.com' is set on object 'Object Repository/00-Signup and Activation/zMailinator/input_LOGIN_search'

2022-11-25 14:26:00 - [TEST_STEP][PASSED] - click(findTestObject("00-Signup and Activation/zMailinator/gobutton"), STOP_ON_FAILURE): Object: 'Object Repository/00-Signup and Activation/zMailinator/gobutton' is clicked on

2022-11-25 14:26:01 - [MESSAGE][PASSED] - Object: 'Object Repository/00-Signup and Activation/zMailinator/gobutton' is clicked on

2022-11-25 14:26:01 - [TEST_STEP][PASSED] - delay(3): Delayed 3 second(s)

2022-11-25 14:26:04 - [MESSAGE][PASSED] - Delayed 3 second(s)

2022-11-25 14:26:04 - [TEST_STEP][PASSED] - click(findTestObject("00-Signup and Activation/zMailinator/Email - everleagues")): Object: 'Object Repository/00-Signup and Activation/zMailinator/Email - everleagues' is clicked on

2022-11-25 14:26:05 - [MESSAGE][PASSED] - Object: 'Object Repository/00-Signup and Activation/zMailinator/Email - everleagues' is clicked on

2022-11-25 14:26:05 - [TEST_STEP][PASSED] - delay(3): Delayed 3 second(s)

2022-11-25 14:26:08 - [MESSAGE][PASSED] - Delayed 3 second(s)

2022-11-25 14:26:08 - [TEST_STEP][PASSED] - codetwo = getText(findTestObject("Object Repository/06-Teams/For 2FA/2FA code")): Text of object 'Object Repository/06-Teams/For 2FA/2FA code' is: '482799'

2022-11-25 14:26:08 - [MESSAGE][PASSED] - Text of object 'Object Repository/06-Teams/For 2FA/2FA code' is: '482799'

2022-11-25 14:26:08 - [TEST_STEP][PASSED] - delay(3): Delayed 3 second(s)

2022-11-25 14:26:11 - [MESSAGE][PASSED] - Delayed 3 second(s)

2022-11-25 14:26:11 - [TEST_STEP][PASSED] - closeWindowTitle("Mailinator"): Window with title: 'Mailinator' is closed

2022-11-25 14:26:11 - [MESSAGE][PASSED] - Window with title: 'Mailinator' is closed

2022-11-25 14:26:11 - [TEST_STEP][PASSED] - delay(3): Delayed 3 second(s)

2022-11-25 14:26:14 - [MESSAGE][PASSED] - Delayed 3 second(s)

2022-11-25 14:26:14 - [TEST_STEP][PASSED] - switchToWindowIndex(0): Switched to window with index: '0'

2022-11-25 14:26:14 - [MESSAGE][PASSED] - Switched to window with index: '0'

2022-11-25 14:26:14 - [TEST_STEP][PASSED] - delay(3): Delayed 3 second(s)

2022-11-25 14:26:17 - [MESSAGE][PASSED] - Delayed 3 second(s)

2022-11-25 14:26:17 - [TEST_STEP][PASSED] - setText(findTestObject("Object Repository/06-Teams/For 2FA/input_Enter verification code_code"), codetwo): Text '482799' is set on object 'Object Repository/06-Teams/For 2FA/input_Enter verification code_code'

2022-11-25 14:27:18 - [MESSAGE][PASSED] - Text '482799' is set on object 'Object Repository/06-Teams/For 2FA/input_Enter verification code_code'

2022-11-25 14:27:18 - [TEST_STEP][PASSED] - delay(3): Delayed 3 second(s)

2022-11-25 14:27:21 - [MESSAGE][PASSED] - Delayed 3 second(s)

2022-11-25 14:27:21 - [TEST_STEP][PASSED] - click(findTestObject("06-Teams/For 2FA/button_Verify_2FA")): Object: 'Object Repository/06-Teams/For 2FA/button_Verify_2FA' is clicked on

2022-11-25 14:27:51 - [MESSAGE][PASSED] - Object: 'Object Repository/06-Teams/For 2FA/button_Verify_2FA' is clicked on

2022-11-25 14:27:51 - [TEST_STEP][PASSED] - delay(5): Delayed 5 second(s)

2022-11-25 14:27:56 - [MESSAGE][PASSED] - Delayed 5 second(s)

2022-11-25 14:27:56 - [TEST_STEP][PASSED] - executeJavaScript("window.open();", []): Execute JavaScript 'window.open();' successfully

2022-11-25 14:27:56 - [MESSAGE][PASSED] - Execute JavaScript 'window.open();' successfully

2022-11-25 14:27:56 - [TEST_STEP][PASSED] - currentWindow = getWindowIndex(): Current window's index is: 0

2022-11-25 14:27:56 - [MESSAGE][PASSED] - Current window's index is: 0

2022-11-25 14:27:56 - [TEST_STEP][PASSED] - delay(3): Delayed 3 second(s)

2022-11-25 14:27:59 - [MESSAGE][PASSED] - Delayed 3 second(s)

2022-11-25 14:27:59 - [TEST_STEP][PASSED] - switchToWindowIndex(currentWindow + 1): Switched to window with index: '1'

2022-11-25 14:27:59 - [MESSAGE][PASSED] - Switched to window with index: '1'

2022-11-25 14:27:59 - [TEST_STEP][PASSED] - navigateToUrl("https://www.mailinator.com/"): Navigate to 'https://www.mailinator.com/' successfully

2022-11-25 14:28:01 - [MESSAGE][PASSED] - Navigate to 'https://www.mailinator.com/' successfully

2022-11-25 14:28:01 - [TEST_STEP][PASSED] - delay(3): Delayed 3 second(s)

2022-11-25 14:28:04 - [MESSAGE][PASSED] - Delayed 3 second(s)

2022-11-25 14:28:04 - [TEST_STEP][PASSED] - setText(findTestObject("00-Signup and Activation/zMailinator/input_LOGIN_search"), "autotester04@mailinator.com"): Text 'autotester04@mailinator.com' is set on object 'Object Repository/00-Signup and Activation/zMailinator/input_LOGIN_search'

2022-11-25 14:28:04 - [MESSAGE][PASSED] - Text 'autotester04@mailinator.com' is set on object 'Object Repository/00-Signup and Activation/zMailinator/input_LOGIN_search'

2022-11-25 14:28:04 - [TEST_STEP][PASSED] - click(findTestObject("00-Signup and Activation/zMailinator/gobutton"), STOP_ON_FAILURE): Object: 'Object Repository/00-Signup and Activation/zMailinator/gobutton' is clicked on

2022-11-25 14:28:05 - [MESSAGE][PASSED] - Object: 'Object Repository/00-Signup and Activation/zMailinator/gobutton' is clicked on

2022-11-25 14:28:05 - [TEST_STEP][PASSED] - delay(3): Delayed 3 second(s)

2022-11-25 14:28:08 - [MESSAGE][PASSED] - Delayed 3 second(s)

2022-11-25 14:28:08 - [TEST_STEP][PASSED] - closeWindowTitle("Everleagues"): Window with title: 'Everleagues' is closed

2022-11-25 14:28:08 - [MESSAGE][PASSED] - Window with title: 'Everleagues' is closed

2022-11-25 14:28:08 - [TEST_STEP][PASSED] - switchToWindowIndex(0): Switched to window with index: '0'

2022-11-25 14:28:08 - [MESSAGE][PASSED] - Switched to window with index: '0'

2022-11-25 14:28:08 - [TEST_STEP][PASSED] - click(findTestObject("09-Settings/Users/Co worker/td_Invitation from GG Automation")): Object: 'Object Repository/09-Settings/Users/Co worker/td_Invitation from GG Automation' is clicked on

2022-11-25 14:28:09 - [MESSAGE][PASSED] - Object: 'Object Repository/09-Settings/Users/Co worker/td_Invitation from GG Automation' is clicked on

2022-11-25 14:28:09 - [TEST_STEP][PASSED] - click(findTestObject("09-Settings/Users/Co worker/a_Click here to join GG Automation on EverLeagues")): Object: 'Object Repository/09-Settings/Users/Co worker/a_Click here to join GG Automation on EverLeagues' is clicked on

2022-11-25 14:28:10 - [MESSAGE][PASSED] - Object: 'Object Repository/09-Settings/Users/Co worker/a_Click here to join GG Automation on EverLeagues' is clicked on

2022-11-25 14:28:10 - [TEST_STEP][PASSED] - delay(3): Delayed 3 second(s)

2022-11-25 14:28:13 - [MESSAGE][PASSED] - Delayed 3 second(s)

2022-11-25 14:28:13 - [TEST_STEP][PASSED] - closeWindowTitle("Mailinator"): Window with title: 'Mailinator' is closed

2022-11-25 14:28:14 - [MESSAGE][PASSED] - Window with title: 'Mailinator' is closed

2022-11-25 14:28:14 - [TEST_STEP][PASSED] - switchToWindowIndex(0): Switched to window with index: '0'

2022-11-25 14:28:14 - [MESSAGE][PASSED] - Switched to window with index: '0'

2022-11-25 14:28:14 - [TEST_STEP][PASSED] - verifyElementVisible(findTestObject("09-Settings/Users/Co worker/Invite modal")): Object 'Object Repository/09-Settings/Users/Co worker/Invite modal' is visible

2022-11-25 14:28:16 - [MESSAGE][PASSED] - Object 'Object Repository/09-Settings/Users/Co worker/Invite modal' is visible

2022-11-25 14:28:16 - [TEST_STEP][PASSED] - click(findTestObject("09-Settings/Users/Co worker/button_Accept")): Object: 'Object Repository/09-Settings/Users/Co worker/button_Accept' is clicked on

2022-11-25 14:28:17 - [MESSAGE][PASSED] - Object: 'Object Repository/09-Settings/Users/Co worker/button_Accept' is clicked on

2022-11-25 14:28:17 - [TEST_STEP][PASSED] - delay(5): Delayed 5 second(s)

2022-11-25 14:28:22 - [MESSAGE][PASSED] - Delayed 5 second(s)

2022-11-25 14:28:22 - [TEST_STEP][PASSED] - verifyElementVisible(findTestObject("09-Settings/Users/Co worker/div_Joined as CoWorker")): Object 'Object Repository/09-Settings/Users/Co worker/div_Joined as CoWorker' is visible

2022-11-25 14:28:23 - [MESSAGE][PASSED] - Object 'Object Repository/09-Settings/Users/Co worker/div_Joined as CoWorker' is visible

2022-11-25 14:28:23 - [TEST_STEP][PASSED] - closeBrowser(): Browser is closed

2022-11-25 14:28:24 - [MESSAGE][PASSED] - Browser is closed]]></system-out>
         <system-err><![CDATA[]]></system-err>
      </testcase>
      <testcase name="Test Cases/09-Settings/03 - Users (Invite new user as client)" time="214.96" classname="Test Cases/09-Settings/03 - Users (Invite new user as client)" status="PASSED">
         <system-out><![CDATA[2022-11-25 14:28:24 - [TEST_CASE][PASSED] - Test Cases/09-Settings/03 - Users (Invite new user as client): Test Cases/09-Settings/03 - Users (Invite new user as client)

2022-11-25 14:28:24 - [TEST_STEP][PASSED] - openBrowser(""): Browser is opened with url: ''

2022-11-25 14:28:24 - [MESSAGE][INFO] - Starting 'Chrome' driver

2022-11-25 14:28:24 - [MESSAGE][INFO] - Action delay is set to 0 milliseconds

2022-11-25 14:28:25 - [MESSAGE][PASSED] - Browser is opened with url: ''

2022-11-25 14:28:25 - [TEST_STEP][PASSED] - navigateToUrl("https://lab.everleagues.com/"): Navigate to 'https://lab.everleagues.com/' successfully

2022-11-25 14:28:37 - [MESSAGE][PASSED] - Navigate to 'https://lab.everleagues.com/' successfully

2022-11-25 14:28:37 - [TEST_STEP][PASSED] - maximizeWindow(): Current window maximized

2022-11-25 14:28:37 - [MESSAGE][PASSED] - Current window maximized

2022-11-25 14:28:37 - [TEST_STEP][PASSED] - setText(findTestObject("02-Side Icons(Organization)/Add Contact/Email Field"), "testuser02@mailinator.com"): Text 'testuser02@mailinator.com' is set on object 'Object Repository/02-Side Icons(Organization)/Add Contact/Email Field'

2022-11-25 14:28:38 - [MESSAGE][PASSED] - Text 'testuser02@mailinator.com' is set on object 'Object Repository/02-Side Icons(Organization)/Add Contact/Email Field'

2022-11-25 14:28:38 - [TEST_STEP][PASSED] - setEncryptedText(findTestObject("02-Side Icons(Organization)/Add Contact/Password Field"), "8yFRyszE6U6jvsCn51OQbg=="): Text ****** has been set on object 'Object Repository/02-Side Icons(Organization)/Add Contact/Password Field'

2022-11-25 14:28:38 - [MESSAGE][PASSED] - Text ****** has been set on object 'Object Repository/02-Side Icons(Organization)/Add Contact/Password Field'

2022-11-25 14:28:38 - [TEST_STEP][PASSED] - click(findTestObject("02-Side Icons(Organization)/Add Contact/button_Sign in")): Object: 'Object Repository/02-Side Icons(Organization)/Add Contact/button_Sign in' is clicked on

2022-11-25 14:28:39 - [MESSAGE][PASSED] - Object: 'Object Repository/02-Side Icons(Organization)/Add Contact/button_Sign in' is clicked on

2022-11-25 14:28:39 - [TEST_STEP][PASSED] - delay(2): Delayed 2 second(s)

2022-11-25 14:28:41 - [MESSAGE][PASSED] - Delayed 2 second(s)

2022-11-25 14:28:41 - [TEST_STEP][PASSED] - click(findTestObject("06-Teams/For 2FA/button_Confirm_2FA")): Object: 'Object Repository/06-Teams/For 2FA/button_Confirm_2FA' is clicked on

2022-11-25 14:28:41 - [MESSAGE][PASSED] - Object: 'Object Repository/06-Teams/For 2FA/button_Confirm_2FA' is clicked on

2022-11-25 14:28:41 - [TEST_STEP][PASSED] - executeJavaScript("window.open();", []): Execute JavaScript 'window.open();' successfully

2022-11-25 14:28:41 - [MESSAGE][PASSED] - Execute JavaScript 'window.open();' successfully

2022-11-25 14:28:41 - [TEST_STEP][PASSED] - currentWindow = getWindowIndex(): Current window's index is: 0

2022-11-25 14:28:41 - [MESSAGE][PASSED] - Current window's index is: 0

2022-11-25 14:28:41 - [TEST_STEP][PASSED] - delay(3): Delayed 3 second(s)

2022-11-25 14:28:44 - [MESSAGE][PASSED] - Delayed 3 second(s)

2022-11-25 14:28:44 - [TEST_STEP][PASSED] - switchToWindowIndex(currentWindow + 1): Switched to window with index: '1'

2022-11-25 14:28:44 - [MESSAGE][PASSED] - Switched to window with index: '1'

2022-11-25 14:28:44 - [TEST_STEP][PASSED] - navigateToUrl("https://www.mailinator.com/"): Navigate to 'https://www.mailinator.com/' successfully

2022-11-25 14:28:46 - [MESSAGE][PASSED] - Navigate to 'https://www.mailinator.com/' successfully

2022-11-25 14:28:46 - [TEST_STEP][PASSED] - delay(3): Delayed 3 second(s)

2022-11-25 14:28:49 - [MESSAGE][PASSED] - Delayed 3 second(s)

2022-11-25 14:28:49 - [TEST_STEP][PASSED] - setText(findTestObject("00-Signup and Activation/zMailinator/input_LOGIN_search"), "testuser02@mailinator.com"): Text 'testuser02@mailinator.com' is set on object 'Object Repository/00-Signup and Activation/zMailinator/input_LOGIN_search'

2022-11-25 14:28:50 - [MESSAGE][PASSED] - Text 'testuser02@mailinator.com' is set on object 'Object Repository/00-Signup and Activation/zMailinator/input_LOGIN_search'

2022-11-25 14:28:50 - [TEST_STEP][PASSED] - click(findTestObject("00-Signup and Activation/zMailinator/gobutton"), STOP_ON_FAILURE): Object: 'Object Repository/00-Signup and Activation/zMailinator/gobutton' is clicked on

2022-11-25 14:28:53 - [MESSAGE][PASSED] - Object: 'Object Repository/00-Signup and Activation/zMailinator/gobutton' is clicked on

2022-11-25 14:28:53 - [TEST_STEP][PASSED] - delay(3): Delayed 3 second(s)

2022-11-25 14:28:56 - [MESSAGE][PASSED] - Delayed 3 second(s)

2022-11-25 14:28:56 - [TEST_STEP][PASSED] - click(findTestObject("00-Signup and Activation/zMailinator/Email - everleagues")): Object: 'Object Repository/00-Signup and Activation/zMailinator/Email - everleagues' is clicked on

2022-11-25 14:28:56 - [MESSAGE][PASSED] - Object: 'Object Repository/00-Signup and Activation/zMailinator/Email - everleagues' is clicked on

2022-11-25 14:28:56 - [TEST_STEP][PASSED] - delay(3): Delayed 3 second(s)

2022-11-25 14:28:59 - [MESSAGE][PASSED] - Delayed 3 second(s)

2022-11-25 14:28:59 - [TEST_STEP][PASSED] - code = getText(findTestObject("Object Repository/06-Teams/For 2FA/2FA code")): Text of object 'Object Repository/06-Teams/For 2FA/2FA code' is: '559829'

2022-11-25 14:29:00 - [MESSAGE][PASSED] - Text of object 'Object Repository/06-Teams/For 2FA/2FA code' is: '559829'

2022-11-25 14:29:00 - [TEST_STEP][PASSED] - delay(3): Delayed 3 second(s)

2022-11-25 14:29:03 - [MESSAGE][PASSED] - Delayed 3 second(s)

2022-11-25 14:29:03 - [TEST_STEP][PASSED] - closeWindowTitle("Mailinator"): Window with title: 'Mailinator' is closed

2022-11-25 14:29:03 - [MESSAGE][PASSED] - Window with title: 'Mailinator' is closed

2022-11-25 14:29:03 - [TEST_STEP][PASSED] - delay(3): Delayed 3 second(s)

2022-11-25 14:29:06 - [MESSAGE][PASSED] - Delayed 3 second(s)

2022-11-25 14:29:06 - [TEST_STEP][PASSED] - switchToWindowIndex(0): Switched to window with index: '0'

2022-11-25 14:29:06 - [MESSAGE][PASSED] - Switched to window with index: '0'

2022-11-25 14:29:06 - [TEST_STEP][PASSED] - delay(3): Delayed 3 second(s)

2022-11-25 14:29:09 - [MESSAGE][PASSED] - Delayed 3 second(s)

2022-11-25 14:29:09 - [TEST_STEP][PASSED] - setText(findTestObject("Object Repository/06-Teams/For 2FA/input_Enter verification code_code"), code): Text '559829' is set on object 'Object Repository/06-Teams/For 2FA/input_Enter verification code_code'

2022-11-25 14:29:10 - [MESSAGE][PASSED] - Text '559829' is set on object 'Object Repository/06-Teams/For 2FA/input_Enter verification code_code'

2022-11-25 14:29:10 - [TEST_STEP][PASSED] - delay(3): Delayed 3 second(s)

2022-11-25 14:29:13 - [MESSAGE][PASSED] - Delayed 3 second(s)

2022-11-25 14:29:13 - [TEST_STEP][PASSED] - click(findTestObject("06-Teams/For 2FA/button_Verify_2FA")): Object: 'Object Repository/06-Teams/For 2FA/button_Verify_2FA' is clicked on

2022-11-25 14:29:13 - [MESSAGE][PASSED] - Object: 'Object Repository/06-Teams/For 2FA/button_Verify_2FA' is clicked on

2022-11-25 14:29:13 - [TEST_STEP][PASSED] - delay(5): Delayed 5 second(s)

2022-11-25 14:29:18 - [MESSAGE][PASSED] - Delayed 5 second(s)

2022-11-25 14:29:18 - [TEST_STEP][PASSED] - click(findTestObject("06-Teams/button_doublearrow")): Object: 'Object Repository/06-Teams/button_doublearrow' is clicked on

2022-11-25 14:29:20 - [MESSAGE][PASSED] - Object: 'Object Repository/06-Teams/button_doublearrow' is clicked on

2022-11-25 14:29:20 - [TEST_STEP][PASSED] - click(findTestObject("06-Teams/button_My Organizations")): Object: 'Object Repository/06-Teams/button_My Organizations' is clicked on

2022-11-25 14:29:20 - [MESSAGE][PASSED] - Object: 'Object Repository/06-Teams/button_My Organizations' is clicked on

2022-11-25 14:29:20 - [TEST_STEP][PASSED] - click(findTestObject("06-Teams/button_GG Automation")): Object: 'Object Repository/06-Teams/button_GG Automation' is clicked on

2022-11-25 14:29:21 - [MESSAGE][PASSED] - Object: 'Object Repository/06-Teams/button_GG Automation' is clicked on

2022-11-25 14:29:21 - [TEST_STEP][PASSED] - delay(4): Delayed 4 second(s)

2022-11-25 14:29:25 - [MESSAGE][PASSED] - Delayed 4 second(s)

2022-11-25 14:29:25 - [TEST_STEP][PASSED] - verifyElementVisible(findTestObject("06-Teams/span_GG Automation")): Object 'Object Repository/06-Teams/span_GG Automation' is visible

2022-11-25 14:29:25 - [MESSAGE][PASSED] - Object 'Object Repository/06-Teams/span_GG Automation' is visible

2022-11-25 14:29:25 - [TEST_STEP][PASSED] - delay(5): Delayed 5 second(s)

2022-11-25 14:29:30 - [MESSAGE][PASSED] - Delayed 5 second(s)

2022-11-25 14:29:30 - [TEST_STEP][PASSED] - click(findTestObject("03-Header Menu/Hamburger Button/div_Settings")): Object: 'Object Repository/03-Header Menu/Hamburger Button/div_Settings' is clicked on

2022-11-25 14:29:31 - [MESSAGE][PASSED] - Object: 'Object Repository/03-Header Menu/Hamburger Button/div_Settings' is clicked on

2022-11-25 14:29:31 - [TEST_STEP][PASSED] - delay(3): Delayed 3 second(s)

2022-11-25 14:29:34 - [MESSAGE][PASSED] - Delayed 3 second(s)

2022-11-25 14:29:34 - [TEST_STEP][PASSED] - click(findTestObject("09-Settings/Users/div_Users")): Object: 'Object Repository/09-Settings/Users/div_Users' is clicked on

2022-11-25 14:29:35 - [MESSAGE][PASSED] - Object: 'Object Repository/09-Settings/Users/div_Users' is clicked on

2022-11-25 14:29:35 - [TEST_STEP][PASSED] - delay(3): Delayed 3 second(s)

2022-11-25 14:29:38 - [MESSAGE][PASSED] - Delayed 3 second(s)

2022-11-25 14:29:38 - [TEST_STEP][PASSED] - click(findTestObject("09-Settings/Users/button_add")): Object: 'Object Repository/09-Settings/Users/button_add' is clicked on

2022-11-25 14:29:38 - [MESSAGE][PASSED] - Object: 'Object Repository/09-Settings/Users/button_add' is clicked on

2022-11-25 14:29:38 - [TEST_STEP][PASSED] - delay(3): Delayed 3 second(s)

2022-11-25 14:29:41 - [MESSAGE][PASSED] - Delayed 3 second(s)

2022-11-25 14:29:41 - [TEST_STEP][PASSED] - click(findTestObject("09-Settings/Users/add Invite a single user")): Object: 'Object Repository/09-Settings/Users/add Invite a single user' is clicked on

2022-11-25 14:29:42 - [MESSAGE][PASSED] - Object: 'Object Repository/09-Settings/Users/add Invite a single user' is clicked on

2022-11-25 14:29:42 - [TEST_STEP][PASSED] - delay(3): Delayed 3 second(s)

2022-11-25 14:29:45 - [MESSAGE][PASSED] - Delayed 3 second(s)

2022-11-25 14:29:45 - [TEST_STEP][PASSED] - setText(findTestObject("09-Settings/Users/input_email"), "autotester09@mailinator.com"): Text 'autotester09@mailinator.com' is set on object 'Object Repository/09-Settings/Users/input_email'

2022-11-25 14:29:46 - [MESSAGE][PASSED] - Text 'autotester09@mailinator.com' is set on object 'Object Repository/09-Settings/Users/input_email'

2022-11-25 14:29:46 - [TEST_STEP][PASSED] - setText(findTestObject("09-Settings/Users/input_firstName"), "GG"): Text 'GG' is set on object 'Object Repository/09-Settings/Users/input_firstName'

2022-11-25 14:29:46 - [MESSAGE][PASSED] - Text 'GG' is set on object 'Object Repository/09-Settings/Users/input_firstName'

2022-11-25 14:29:46 - [TEST_STEP][PASSED] - setText(findTestObject("09-Settings/Users/input_lastName"), "Client"): Text 'Client' is set on object 'Object Repository/09-Settings/Users/input_lastName'

2022-11-25 14:29:47 - [MESSAGE][PASSED] - Text 'Client' is set on object 'Object Repository/09-Settings/Users/input_lastName'

2022-11-25 14:29:47 - [TEST_STEP][PASSED] - click(findTestObject("09-Settings/Users/span_Role")): Object: 'Object Repository/09-Settings/Users/span_Role' is clicked on

2022-11-25 14:29:48 - [MESSAGE][PASSED] - Object: 'Object Repository/09-Settings/Users/span_Role' is clicked on

2022-11-25 14:29:48 - [TEST_STEP][PASSED] - click(findTestObject("09-Settings/Users/span_Client")): Object: 'Object Repository/09-Settings/Users/span_Client' is clicked on

2022-11-25 14:29:48 - [MESSAGE][PASSED] - Object: 'Object Repository/09-Settings/Users/span_Client' is clicked on

2022-11-25 14:29:48 - [TEST_STEP][PASSED] - click(findTestObject("09-Settings/Users/button_Send Invitation")): Object: 'Object Repository/09-Settings/Users/button_Send Invitation' is clicked on

2022-11-25 14:29:49 - [MESSAGE][PASSED] - Object: 'Object Repository/09-Settings/Users/button_Send Invitation' is clicked on

2022-11-25 14:29:49 - [TEST_STEP][PASSED] - delay(2): Delayed 2 second(s)

2022-11-25 14:29:51 - [MESSAGE][PASSED] - Delayed 2 second(s)

2022-11-25 14:29:51 - [TEST_STEP][PASSED] - verifyElementVisible(findTestObject("07-Directory/Connections/zContact Profile/Successfully invited user")): Object 'Object Repository/07-Directory/Connections/zContact Profile/Successfully invited user' is visible

2022-11-25 14:29:52 - [MESSAGE][PASSED] - Object 'Object Repository/07-Directory/Connections/zContact Profile/Successfully invited user' is visible

2022-11-25 14:29:52 - [TEST_STEP][PASSED] - delay(2): Delayed 2 second(s)

2022-11-25 14:29:54 - [MESSAGE][PASSED] - Delayed 2 second(s)

2022-11-25 14:29:54 - [TEST_STEP][PASSED] - click(findTestObject("01-Login and Forgot Password/User menu drop")): Object: 'Object Repository/01-Login and Forgot Password/User menu drop' is clicked on

2022-11-25 14:29:55 - [MESSAGE][PASSED] - Object: 'Object Repository/01-Login and Forgot Password/User menu drop' is clicked on

2022-11-25 14:29:55 - [TEST_STEP][PASSED] - delay(2): Delayed 2 second(s)

2022-11-25 14:29:57 - [MESSAGE][PASSED] - Delayed 2 second(s)

2022-11-25 14:29:57 - [TEST_STEP][PASSED] - click(findTestObject("01-Login and Forgot Password/h4_Sign Out"), STOP_ON_FAILURE): Object: 'Object Repository/01-Login and Forgot Password/h4_Sign Out' is clicked on

2022-11-25 14:29:57 - [MESSAGE][PASSED] - Object: 'Object Repository/01-Login and Forgot Password/h4_Sign Out' is clicked on

2022-11-25 14:29:57 - [TEST_STEP][PASSED] - delay(2): Delayed 2 second(s)

2022-11-25 14:29:59 - [MESSAGE][PASSED] - Delayed 2 second(s)

2022-11-25 14:29:59 - [TEST_STEP][PASSED] - verifyElementPresent(findTestObject("01-Login and Forgot Password/Login_Card"), 0): Object 'Object Repository/01-Login and Forgot Password/Login_Card' is present

2022-11-25 14:29:59 - [MESSAGE][WARNING] - Timeout '0' is invalid. Using default page load timeout: '30'

2022-11-25 14:29:59 - [MESSAGE][PASSED] - Object 'Object Repository/01-Login and Forgot Password/Login_Card' is present

2022-11-25 14:29:59 - [TEST_STEP][PASSED] - delay(3): Delayed 3 second(s)

2022-11-25 14:30:02 - [MESSAGE][PASSED] - Delayed 3 second(s)

2022-11-25 14:30:02 - [TEST_STEP][PASSED] - closeBrowser(): Browser is closed

2022-11-25 14:30:03 - [MESSAGE][PASSED] - Browser is closed

2022-11-25 14:30:03 - [TEST_STEP][PASSED] - openBrowser(""): Browser is opened with url: ''

2022-11-25 14:30:03 - [MESSAGE][INFO] - Starting 'Chrome' driver

2022-11-25 14:30:03 - [MESSAGE][INFO] - Action delay is set to 0 milliseconds

2022-11-25 14:30:04 - [MESSAGE][PASSED] - Browser is opened with url: ''

2022-11-25 14:30:04 - [TEST_STEP][PASSED] - navigateToUrl("https://lab.everleagues.com/"): Navigate to 'https://lab.everleagues.com/' successfully

2022-11-25 14:30:47 - [MESSAGE][PASSED] - Navigate to 'https://lab.everleagues.com/' successfully

2022-11-25 14:30:47 - [TEST_STEP][PASSED] - maximizeWindow(): Current window maximized

2022-11-25 14:30:47 - [MESSAGE][PASSED] - Current window maximized

2022-11-25 14:30:47 - [TEST_STEP][PASSED] - setText(findTestObject("02-Side Icons(Organization)/Add Contact/Email Field"), "autotester09@mailinator.com"): Text 'autotester09@mailinator.com' is set on object 'Object Repository/02-Side Icons(Organization)/Add Contact/Email Field'

2022-11-25 14:30:48 - [MESSAGE][PASSED] - Text 'autotester09@mailinator.com' is set on object 'Object Repository/02-Side Icons(Organization)/Add Contact/Email Field'

2022-11-25 14:30:48 - [TEST_STEP][PASSED] - setEncryptedText(findTestObject("02-Side Icons(Organization)/Add Contact/Password Field"), "8yFRyszE6U6jvsCn51OQbg=="): Text ****** has been set on object 'Object Repository/02-Side Icons(Organization)/Add Contact/Password Field'

2022-11-25 14:30:48 - [MESSAGE][PASSED] - Text ****** has been set on object 'Object Repository/02-Side Icons(Organization)/Add Contact/Password Field'

2022-11-25 14:30:48 - [TEST_STEP][PASSED] - click(findTestObject("02-Side Icons(Organization)/Add Contact/button_Sign in")): Object: 'Object Repository/02-Side Icons(Organization)/Add Contact/button_Sign in' is clicked on

2022-11-25 14:30:49 - [MESSAGE][PASSED] - Object: 'Object Repository/02-Side Icons(Organization)/Add Contact/button_Sign in' is clicked on

2022-11-25 14:30:49 - [TEST_STEP][PASSED] - delay(2): Delayed 2 second(s)

2022-11-25 14:30:51 - [MESSAGE][PASSED] - Delayed 2 second(s)

2022-11-25 14:30:51 - [TEST_STEP][PASSED] - click(findTestObject("06-Teams/For 2FA/button_Confirm_2FA")): Object: 'Object Repository/06-Teams/For 2FA/button_Confirm_2FA' is clicked on

2022-11-25 14:30:52 - [MESSAGE][PASSED] - Object: 'Object Repository/06-Teams/For 2FA/button_Confirm_2FA' is clicked on

2022-11-25 14:30:52 - [TEST_STEP][PASSED] - executeJavaScript("window.open();", []): Execute JavaScript 'window.open();' successfully

2022-11-25 14:30:52 - [MESSAGE][PASSED] - Execute JavaScript 'window.open();' successfully

2022-11-25 14:30:52 - [TEST_STEP][PASSED] - currentWindow = getWindowIndex(): Current window's index is: 0

2022-11-25 14:30:52 - [MESSAGE][PASSED] - Current window's index is: 0

2022-11-25 14:30:52 - [TEST_STEP][PASSED] - delay(3): Delayed 3 second(s)

2022-11-25 14:30:55 - [MESSAGE][PASSED] - Delayed 3 second(s)

2022-11-25 14:30:55 - [TEST_STEP][PASSED] - switchToWindowIndex(currentWindow + 1): Switched to window with index: '1'

2022-11-25 14:30:55 - [MESSAGE][PASSED] - Switched to window with index: '1'

2022-11-25 14:30:55 - [TEST_STEP][PASSED] - navigateToUrl("https://www.mailinator.com/"): Navigate to 'https://www.mailinator.com/' successfully

2022-11-25 14:30:57 - [MESSAGE][PASSED] - Navigate to 'https://www.mailinator.com/' successfully

2022-11-25 14:30:57 - [TEST_STEP][PASSED] - delay(3): Delayed 3 second(s)

2022-11-25 14:31:00 - [MESSAGE][PASSED] - Delayed 3 second(s)

2022-11-25 14:31:00 - [TEST_STEP][PASSED] - setText(findTestObject("00-Signup and Activation/zMailinator/input_LOGIN_search"), "autotester09@mailinator.com"): Text 'autotester09@mailinator.com' is set on object 'Object Repository/00-Signup and Activation/zMailinator/input_LOGIN_search'

2022-11-25 14:31:01 - [MESSAGE][PASSED] - Text 'autotester09@mailinator.com' is set on object 'Object Repository/00-Signup and Activation/zMailinator/input_LOGIN_search'

2022-11-25 14:31:01 - [TEST_STEP][PASSED] - click(findTestObject("00-Signup and Activation/zMailinator/gobutton"), STOP_ON_FAILURE): Object: 'Object Repository/00-Signup and Activation/zMailinator/gobutton' is clicked on

2022-11-25 14:31:02 - [MESSAGE][PASSED] - Object: 'Object Repository/00-Signup and Activation/zMailinator/gobutton' is clicked on

2022-11-25 14:31:02 - [TEST_STEP][PASSED] - delay(3): Delayed 3 second(s)

2022-11-25 14:31:05 - [MESSAGE][PASSED] - Delayed 3 second(s)

2022-11-25 14:31:05 - [TEST_STEP][PASSED] - click(findTestObject("00-Signup and Activation/zMailinator/Email - everleagues")): Object: 'Object Repository/00-Signup and Activation/zMailinator/Email - everleagues' is clicked on

2022-11-25 14:31:05 - [MESSAGE][PASSED] - Object: 'Object Repository/00-Signup and Activation/zMailinator/Email - everleagues' is clicked on

2022-11-25 14:31:05 - [TEST_STEP][PASSED] - delay(3): Delayed 3 second(s)

2022-11-25 14:31:08 - [MESSAGE][PASSED] - Delayed 3 second(s)

2022-11-25 14:31:08 - [TEST_STEP][PASSED] - codetwo = getText(findTestObject("Object Repository/06-Teams/For 2FA/2FA code")): Text of object 'Object Repository/06-Teams/For 2FA/2FA code' is: '266903'

2022-11-25 14:31:09 - [MESSAGE][PASSED] - Text of object 'Object Repository/06-Teams/For 2FA/2FA code' is: '266903'

2022-11-25 14:31:09 - [TEST_STEP][PASSED] - delay(3): Delayed 3 second(s)

2022-11-25 14:31:12 - [MESSAGE][PASSED] - Delayed 3 second(s)

2022-11-25 14:31:12 - [TEST_STEP][PASSED] - closeWindowTitle("Mailinator"): Window with title: 'Mailinator' is closed

2022-11-25 14:31:12 - [MESSAGE][PASSED] - Window with title: 'Mailinator' is closed

2022-11-25 14:31:12 - [TEST_STEP][PASSED] - delay(3): Delayed 3 second(s)

2022-11-25 14:31:15 - [MESSAGE][PASSED] - Delayed 3 second(s)

2022-11-25 14:31:15 - [TEST_STEP][PASSED] - switchToWindowIndex(0): Switched to window with index: '0'

2022-11-25 14:31:15 - [MESSAGE][PASSED] - Switched to window with index: '0'

2022-11-25 14:31:15 - [TEST_STEP][PASSED] - delay(3): Delayed 3 second(s)

2022-11-25 14:31:18 - [MESSAGE][PASSED] - Delayed 3 second(s)

2022-11-25 14:31:18 - [TEST_STEP][PASSED] - setText(findTestObject("Object Repository/06-Teams/For 2FA/input_Enter verification code_code"), codetwo): Text '266903' is set on object 'Object Repository/06-Teams/For 2FA/input_Enter verification code_code'

2022-11-25 14:31:19 - [MESSAGE][PASSED] - Text '266903' is set on object 'Object Repository/06-Teams/For 2FA/input_Enter verification code_code'

2022-11-25 14:31:19 - [TEST_STEP][PASSED] - delay(3): Delayed 3 second(s)

2022-11-25 14:31:22 - [MESSAGE][PASSED] - Delayed 3 second(s)

2022-11-25 14:31:22 - [TEST_STEP][PASSED] - click(findTestObject("06-Teams/For 2FA/button_Verify_2FA")): Object: 'Object Repository/06-Teams/For 2FA/button_Verify_2FA' is clicked on

2022-11-25 14:31:23 - [MESSAGE][PASSED] - Object: 'Object Repository/06-Teams/For 2FA/button_Verify_2FA' is clicked on

2022-11-25 14:31:23 - [TEST_STEP][PASSED] - delay(5): Delayed 5 second(s)

2022-11-25 14:31:28 - [MESSAGE][PASSED] - Delayed 5 second(s)

2022-11-25 14:31:28 - [TEST_STEP][PASSED] - executeJavaScript("window.open();", []): Execute JavaScript 'window.open();' successfully

2022-11-25 14:31:28 - [MESSAGE][PASSED] - Execute JavaScript 'window.open();' successfully

2022-11-25 14:31:28 - [TEST_STEP][PASSED] - currentWindow = getWindowIndex(): Current window's index is: 0

2022-11-25 14:31:28 - [MESSAGE][PASSED] - Current window's index is: 0

2022-11-25 14:31:28 - [TEST_STEP][PASSED] - delay(3): Delayed 3 second(s)

2022-11-25 14:31:31 - [MESSAGE][PASSED] - Delayed 3 second(s)

2022-11-25 14:31:31 - [TEST_STEP][PASSED] - switchToWindowIndex(currentWindow + 1): Switched to window with index: '1'

2022-11-25 14:31:31 - [MESSAGE][PASSED] - Switched to window with index: '1'

2022-11-25 14:31:31 - [TEST_STEP][PASSED] - navigateToUrl("https://www.mailinator.com/"): Navigate to 'https://www.mailinator.com/' successfully

2022-11-25 14:31:32 - [MESSAGE][PASSED] - Navigate to 'https://www.mailinator.com/' successfully

2022-11-25 14:31:32 - [TEST_STEP][PASSED] - delay(3): Delayed 3 second(s)

2022-11-25 14:31:35 - [MESSAGE][PASSED] - Delayed 3 second(s)

2022-11-25 14:31:35 - [TEST_STEP][PASSED] - setText(findTestObject("00-Signup and Activation/zMailinator/input_LOGIN_search"), "autotester09@mailinator.com"): Text 'autotester09@mailinator.com' is set on object 'Object Repository/00-Signup and Activation/zMailinator/input_LOGIN_search'

2022-11-25 14:31:36 - [MESSAGE][PASSED] - Text 'autotester09@mailinator.com' is set on object 'Object Repository/00-Signup and Activation/zMailinator/input_LOGIN_search'

2022-11-25 14:31:36 - [TEST_STEP][PASSED] - click(findTestObject("00-Signup and Activation/zMailinator/gobutton"), STOP_ON_FAILURE): Object: 'Object Repository/00-Signup and Activation/zMailinator/gobutton' is clicked on

2022-11-25 14:31:37 - [MESSAGE][PASSED] - Object: 'Object Repository/00-Signup and Activation/zMailinator/gobutton' is clicked on

2022-11-25 14:31:37 - [TEST_STEP][PASSED] - delay(3): Delayed 3 second(s)

2022-11-25 14:31:40 - [MESSAGE][PASSED] - Delayed 3 second(s)

2022-11-25 14:31:40 - [TEST_STEP][PASSED] - closeWindowTitle("Everleagues"): Window with title: 'Everleagues' is closed

2022-11-25 14:31:40 - [MESSAGE][PASSED] - Window with title: 'Everleagues' is closed

2022-11-25 14:31:40 - [TEST_STEP][PASSED] - switchToWindowIndex(0): Switched to window with index: '0'

2022-11-25 14:31:40 - [MESSAGE][PASSED] - Switched to window with index: '0'

2022-11-25 14:31:40 - [TEST_STEP][PASSED] - click(findTestObject("09-Settings/Users/Co worker/td_Invitation from GG Automation")): Object: 'Object Repository/09-Settings/Users/Co worker/td_Invitation from GG Automation' is clicked on

2022-11-25 14:31:40 - [MESSAGE][PASSED] - Object: 'Object Repository/09-Settings/Users/Co worker/td_Invitation from GG Automation' is clicked on

2022-11-25 14:31:40 - [TEST_STEP][PASSED] - click(findTestObject("09-Settings/Users/Co worker/a_Click here to join GG Automation on EverLeagues")): Object: 'Object Repository/09-Settings/Users/Co worker/a_Click here to join GG Automation on EverLeagues' is clicked on

2022-11-25 14:31:41 - [MESSAGE][PASSED] - Object: 'Object Repository/09-Settings/Users/Co worker/a_Click here to join GG Automation on EverLeagues' is clicked on

2022-11-25 14:31:41 - [TEST_STEP][PASSED] - closeWindowTitle("Mailinator"): Window with title: 'Mailinator' is closed

2022-11-25 14:31:41 - [MESSAGE][PASSED] - Window with title: 'Mailinator' is closed

2022-11-25 14:31:41 - [TEST_STEP][PASSED] - switchToWindowIndex(0): Switched to window with index: '0'

2022-11-25 14:31:41 - [MESSAGE][PASSED] - Switched to window with index: '0'

2022-11-25 14:31:41 - [TEST_STEP][PASSED] - verifyElementVisible(findTestObject("09-Settings/Users/Client/Invite modal")): Object 'Object Repository/09-Settings/Users/Client/Invite modal' is visible

2022-11-25 14:31:47 - [MESSAGE][PASSED] - Object 'Object Repository/09-Settings/Users/Client/Invite modal' is visible

2022-11-25 14:31:47 - [TEST_STEP][PASSED] - setText(findTestObject("09-Settings/Users/Client/Company field"), "QA Company"): Text 'QA Company' is set on object 'Object Repository/09-Settings/Users/Client/Company field'

2022-11-25 14:31:48 - [MESSAGE][PASSED] - Text 'QA Company' is set on object 'Object Repository/09-Settings/Users/Client/Company field'

2022-11-25 14:31:48 - [TEST_STEP][PASSED] - click(findTestObject("09-Settings/Users/Client/button_Accept")): Object: 'Object Repository/09-Settings/Users/Client/button_Accept' is clicked on

2022-11-25 14:31:49 - [MESSAGE][PASSED] - Object: 'Object Repository/09-Settings/Users/Client/button_Accept' is clicked on

2022-11-25 14:31:49 - [TEST_STEP][PASSED] - delay(5): Delayed 5 second(s)

2022-11-25 14:31:54 - [MESSAGE][PASSED] - Delayed 5 second(s)

2022-11-25 14:31:54 - [TEST_STEP][PASSED] - verifyElementVisible(findTestObject("09-Settings/Users/Client/div_Joined as CLIENT")): Object 'Object Repository/09-Settings/Users/Client/div_Joined as CLIENT' is visible

2022-11-25 14:31:55 - [MESSAGE][PASSED] - Object 'Object Repository/09-Settings/Users/Client/div_Joined as CLIENT' is visible

2022-11-25 14:31:55 - [TEST_STEP][PASSED] - delay(3): Delayed 3 second(s)

2022-11-25 14:31:58 - [MESSAGE][PASSED] - Delayed 3 second(s)

2022-11-25 14:31:58 - [TEST_STEP][PASSED] - closeBrowser(): Browser is closed

2022-11-25 14:31:59 - [MESSAGE][PASSED] - Browser is closed]]></system-out>
         <system-err><![CDATA[]]></system-err>
      </testcase>
      <testcase name="Test Cases/09-Settings/04 - Users (Invite new user as partner)" time="187.084" classname="Test Cases/09-Settings/04 - Users (Invite new user as partner)" status="PASSED">
         <system-out><![CDATA[2022-11-25 14:31:59 - [TEST_CASE][PASSED] - Test Cases/09-Settings/04 - Users (Invite new user as partner): Test Cases/09-Settings/04 - Users (Invite new user as partner)

2022-11-25 14:31:59 - [TEST_STEP][PASSED] - openBrowser(""): Browser is opened with url: ''

2022-11-25 14:31:59 - [MESSAGE][INFO] - Starting 'Chrome' driver

2022-11-25 14:31:59 - [MESSAGE][INFO] - Action delay is set to 0 milliseconds

2022-11-25 14:32:00 - [MESSAGE][PASSED] - Browser is opened with url: ''

2022-11-25 14:32:00 - [TEST_STEP][PASSED] - navigateToUrl("https://lab.everleagues.com/"): Navigate to 'https://lab.everleagues.com/' successfully

2022-11-25 14:32:13 - [MESSAGE][PASSED] - Navigate to 'https://lab.everleagues.com/' successfully

2022-11-25 14:32:13 - [TEST_STEP][PASSED] - maximizeWindow(): Current window maximized

2022-11-25 14:32:13 - [MESSAGE][PASSED] - Current window maximized

2022-11-25 14:32:13 - [TEST_STEP][PASSED] - setText(findTestObject("02-Side Icons(Organization)/Add Contact/Email Field"), "testuser02@mailinator.com"): Text 'testuser02@mailinator.com' is set on object 'Object Repository/02-Side Icons(Organization)/Add Contact/Email Field'

2022-11-25 14:32:14 - [MESSAGE][PASSED] - Text 'testuser02@mailinator.com' is set on object 'Object Repository/02-Side Icons(Organization)/Add Contact/Email Field'

2022-11-25 14:32:14 - [TEST_STEP][PASSED] - setEncryptedText(findTestObject("02-Side Icons(Organization)/Add Contact/Password Field"), "8yFRyszE6U6jvsCn51OQbg=="): Text ****** has been set on object 'Object Repository/02-Side Icons(Organization)/Add Contact/Password Field'

2022-11-25 14:32:14 - [MESSAGE][PASSED] - Text ****** has been set on object 'Object Repository/02-Side Icons(Organization)/Add Contact/Password Field'

2022-11-25 14:32:14 - [TEST_STEP][PASSED] - click(findTestObject("02-Side Icons(Organization)/Add Contact/button_Sign in")): Object: 'Object Repository/02-Side Icons(Organization)/Add Contact/button_Sign in' is clicked on

2022-11-25 14:32:15 - [MESSAGE][PASSED] - Object: 'Object Repository/02-Side Icons(Organization)/Add Contact/button_Sign in' is clicked on

2022-11-25 14:32:15 - [TEST_STEP][PASSED] - delay(2): Delayed 2 second(s)

2022-11-25 14:32:17 - [MESSAGE][PASSED] - Delayed 2 second(s)

2022-11-25 14:32:17 - [TEST_STEP][PASSED] - click(findTestObject("06-Teams/For 2FA/button_Confirm_2FA")): Object: 'Object Repository/06-Teams/For 2FA/button_Confirm_2FA' is clicked on

2022-11-25 14:32:17 - [MESSAGE][PASSED] - Object: 'Object Repository/06-Teams/For 2FA/button_Confirm_2FA' is clicked on

2022-11-25 14:32:17 - [TEST_STEP][PASSED] - executeJavaScript("window.open();", []): Execute JavaScript 'window.open();' successfully

2022-11-25 14:32:18 - [MESSAGE][PASSED] - Execute JavaScript 'window.open();' successfully

2022-11-25 14:32:18 - [TEST_STEP][PASSED] - currentWindow = getWindowIndex(): Current window's index is: 0

2022-11-25 14:32:18 - [MESSAGE][PASSED] - Current window's index is: 0

2022-11-25 14:32:18 - [TEST_STEP][PASSED] - delay(3): Delayed 3 second(s)

2022-11-25 14:32:21 - [MESSAGE][PASSED] - Delayed 3 second(s)

2022-11-25 14:32:21 - [TEST_STEP][PASSED] - switchToWindowIndex(currentWindow + 1): Switched to window with index: '1'

2022-11-25 14:32:21 - [MESSAGE][PASSED] - Switched to window with index: '1'

2022-11-25 14:32:21 - [TEST_STEP][PASSED] - navigateToUrl("https://www.mailinator.com/"): Navigate to 'https://www.mailinator.com/' successfully

2022-11-25 14:32:23 - [MESSAGE][PASSED] - Navigate to 'https://www.mailinator.com/' successfully

2022-11-25 14:32:23 - [TEST_STEP][PASSED] - delay(3): Delayed 3 second(s)

2022-11-25 14:32:26 - [MESSAGE][PASSED] - Delayed 3 second(s)

2022-11-25 14:32:26 - [TEST_STEP][PASSED] - setText(findTestObject("00-Signup and Activation/zMailinator/input_LOGIN_search"), "testuser02@mailinator.com"): Text 'testuser02@mailinator.com' is set on object 'Object Repository/00-Signup and Activation/zMailinator/input_LOGIN_search'

2022-11-25 14:32:27 - [MESSAGE][PASSED] - Text 'testuser02@mailinator.com' is set on object 'Object Repository/00-Signup and Activation/zMailinator/input_LOGIN_search'

2022-11-25 14:32:27 - [TEST_STEP][PASSED] - click(findTestObject("00-Signup and Activation/zMailinator/gobutton"), STOP_ON_FAILURE): Object: 'Object Repository/00-Signup and Activation/zMailinator/gobutton' is clicked on

2022-11-25 14:32:28 - [MESSAGE][PASSED] - Object: 'Object Repository/00-Signup and Activation/zMailinator/gobutton' is clicked on

2022-11-25 14:32:28 - [TEST_STEP][PASSED] - delay(3): Delayed 3 second(s)

2022-11-25 14:32:31 - [MESSAGE][PASSED] - Delayed 3 second(s)

2022-11-25 14:32:31 - [TEST_STEP][PASSED] - click(findTestObject("00-Signup and Activation/zMailinator/Email - everleagues")): Object: 'Object Repository/00-Signup and Activation/zMailinator/Email - everleagues' is clicked on

2022-11-25 14:32:31 - [MESSAGE][PASSED] - Object: 'Object Repository/00-Signup and Activation/zMailinator/Email - everleagues' is clicked on

2022-11-25 14:32:31 - [TEST_STEP][PASSED] - delay(3): Delayed 3 second(s)

2022-11-25 14:32:34 - [MESSAGE][PASSED] - Delayed 3 second(s)

2022-11-25 14:32:34 - [TEST_STEP][PASSED] - code = getText(findTestObject("Object Repository/06-Teams/For 2FA/2FA code")): Text of object 'Object Repository/06-Teams/For 2FA/2FA code' is: '751513'

2022-11-25 14:32:35 - [MESSAGE][PASSED] - Text of object 'Object Repository/06-Teams/For 2FA/2FA code' is: '751513'

2022-11-25 14:32:35 - [TEST_STEP][PASSED] - delay(3): Delayed 3 second(s)

2022-11-25 14:32:38 - [MESSAGE][PASSED] - Delayed 3 second(s)

2022-11-25 14:32:38 - [TEST_STEP][PASSED] - closeWindowTitle("Mailinator"): Window with title: 'Mailinator' is closed

2022-11-25 14:32:38 - [MESSAGE][PASSED] - Window with title: 'Mailinator' is closed

2022-11-25 14:32:38 - [TEST_STEP][PASSED] - delay(3): Delayed 3 second(s)

2022-11-25 14:32:41 - [MESSAGE][PASSED] - Delayed 3 second(s)

2022-11-25 14:32:41 - [TEST_STEP][PASSED] - switchToWindowIndex(0): Switched to window with index: '0'

2022-11-25 14:32:41 - [MESSAGE][PASSED] - Switched to window with index: '0'

2022-11-25 14:32:41 - [TEST_STEP][PASSED] - delay(3): Delayed 3 second(s)

2022-11-25 14:32:44 - [MESSAGE][PASSED] - Delayed 3 second(s)

2022-11-25 14:32:44 - [TEST_STEP][PASSED] - setText(findTestObject("Object Repository/06-Teams/For 2FA/input_Enter verification code_code"), code): Text '751513' is set on object 'Object Repository/06-Teams/For 2FA/input_Enter verification code_code'

2022-11-25 14:32:45 - [MESSAGE][PASSED] - Text '751513' is set on object 'Object Repository/06-Teams/For 2FA/input_Enter verification code_code'

2022-11-25 14:32:45 - [TEST_STEP][PASSED] - delay(3): Delayed 3 second(s)

2022-11-25 14:32:48 - [MESSAGE][PASSED] - Delayed 3 second(s)

2022-11-25 14:32:48 - [TEST_STEP][PASSED] - click(findTestObject("06-Teams/For 2FA/button_Verify_2FA")): Object: 'Object Repository/06-Teams/For 2FA/button_Verify_2FA' is clicked on

2022-11-25 14:32:49 - [MESSAGE][PASSED] - Object: 'Object Repository/06-Teams/For 2FA/button_Verify_2FA' is clicked on

2022-11-25 14:32:49 - [TEST_STEP][PASSED] - delay(5): Delayed 5 second(s)

2022-11-25 14:32:54 - [MESSAGE][PASSED] - Delayed 5 second(s)

2022-11-25 14:32:54 - [TEST_STEP][PASSED] - click(findTestObject("06-Teams/button_doublearrow")): Object: 'Object Repository/06-Teams/button_doublearrow' is clicked on

2022-11-25 14:32:55 - [MESSAGE][PASSED] - Object: 'Object Repository/06-Teams/button_doublearrow' is clicked on

2022-11-25 14:32:55 - [TEST_STEP][PASSED] - click(findTestObject("06-Teams/button_My Organizations")): Object: 'Object Repository/06-Teams/button_My Organizations' is clicked on

2022-11-25 14:32:55 - [MESSAGE][PASSED] - Object: 'Object Repository/06-Teams/button_My Organizations' is clicked on

2022-11-25 14:32:55 - [TEST_STEP][PASSED] - click(findTestObject("06-Teams/button_GG Automation")): Object: 'Object Repository/06-Teams/button_GG Automation' is clicked on

2022-11-25 14:32:56 - [MESSAGE][PASSED] - Object: 'Object Repository/06-Teams/button_GG Automation' is clicked on

2022-11-25 14:32:56 - [TEST_STEP][PASSED] - delay(4): Delayed 4 second(s)

2022-11-25 14:33:00 - [MESSAGE][PASSED] - Delayed 4 second(s)

2022-11-25 14:33:00 - [TEST_STEP][PASSED] - verifyElementVisible(findTestObject("06-Teams/span_GG Automation")): Object 'Object Repository/06-Teams/span_GG Automation' is visible

2022-11-25 14:33:00 - [MESSAGE][PASSED] - Object 'Object Repository/06-Teams/span_GG Automation' is visible

2022-11-25 14:33:00 - [TEST_STEP][PASSED] - delay(5): Delayed 5 second(s)

2022-11-25 14:33:05 - [MESSAGE][PASSED] - Delayed 5 second(s)

2022-11-25 14:33:05 - [TEST_STEP][PASSED] - click(findTestObject("03-Header Menu/Hamburger Button/div_Settings")): Object: 'Object Repository/03-Header Menu/Hamburger Button/div_Settings' is clicked on

2022-11-25 14:33:06 - [MESSAGE][PASSED] - Object: 'Object Repository/03-Header Menu/Hamburger Button/div_Settings' is clicked on

2022-11-25 14:33:06 - [TEST_STEP][PASSED] - delay(3): Delayed 3 second(s)

2022-11-25 14:33:09 - [MESSAGE][PASSED] - Delayed 3 second(s)

2022-11-25 14:33:09 - [TEST_STEP][PASSED] - click(findTestObject("09-Settings/Users/div_Users")): Object: 'Object Repository/09-Settings/Users/div_Users' is clicked on

2022-11-25 14:33:10 - [MESSAGE][PASSED] - Object: 'Object Repository/09-Settings/Users/div_Users' is clicked on

2022-11-25 14:33:10 - [TEST_STEP][PASSED] - delay(3): Delayed 3 second(s)

2022-11-25 14:33:13 - [MESSAGE][PASSED] - Delayed 3 second(s)

2022-11-25 14:33:13 - [TEST_STEP][PASSED] - click(findTestObject("09-Settings/Users/button_add")): Object: 'Object Repository/09-Settings/Users/button_add' is clicked on

2022-11-25 14:33:13 - [MESSAGE][PASSED] - Object: 'Object Repository/09-Settings/Users/button_add' is clicked on

2022-11-25 14:33:13 - [TEST_STEP][PASSED] - delay(3): Delayed 3 second(s)

2022-11-25 14:33:16 - [MESSAGE][PASSED] - Delayed 3 second(s)

2022-11-25 14:33:16 - [TEST_STEP][PASSED] - click(findTestObject("09-Settings/Users/add Invite a single user")): Object: 'Object Repository/09-Settings/Users/add Invite a single user' is clicked on

2022-11-25 14:33:16 - [MESSAGE][PASSED] - Object: 'Object Repository/09-Settings/Users/add Invite a single user' is clicked on

2022-11-25 14:33:16 - [TEST_STEP][PASSED] - delay(3): Delayed 3 second(s)

2022-11-25 14:33:19 - [MESSAGE][PASSED] - Delayed 3 second(s)

2022-11-25 14:33:19 - [TEST_STEP][PASSED] - setText(findTestObject("09-Settings/Users/input_email"), "autotester10@mailinator.com"): Text 'autotester10@mailinator.com' is set on object 'Object Repository/09-Settings/Users/input_email'

2022-11-25 14:33:21 - [MESSAGE][PASSED] - Text 'autotester10@mailinator.com' is set on object 'Object Repository/09-Settings/Users/input_email'

2022-11-25 14:33:21 - [TEST_STEP][PASSED] - setText(findTestObject("09-Settings/Users/input_firstName"), "GG"): Text 'GG' is set on object 'Object Repository/09-Settings/Users/input_firstName'

2022-11-25 14:33:22 - [MESSAGE][PASSED] - Text 'GG' is set on object 'Object Repository/09-Settings/Users/input_firstName'

2022-11-25 14:33:22 - [TEST_STEP][PASSED] - setText(findTestObject("09-Settings/Users/input_lastName"), "Partner"): Text 'Partner' is set on object 'Object Repository/09-Settings/Users/input_lastName'

2022-11-25 14:33:23 - [MESSAGE][PASSED] - Text 'Partner' is set on object 'Object Repository/09-Settings/Users/input_lastName'

2022-11-25 14:33:23 - [TEST_STEP][PASSED] - click(findTestObject("09-Settings/Users/span_Role")): Object: 'Object Repository/09-Settings/Users/span_Role' is clicked on

2022-11-25 14:33:23 - [MESSAGE][PASSED] - Object: 'Object Repository/09-Settings/Users/span_Role' is clicked on

2022-11-25 14:33:23 - [TEST_STEP][PASSED] - click(findTestObject("09-Settings/Users/span_Partner")): Object: 'Object Repository/09-Settings/Users/span_Partner' is clicked on

2022-11-25 14:33:24 - [MESSAGE][PASSED] - Object: 'Object Repository/09-Settings/Users/span_Partner' is clicked on

2022-11-25 14:33:24 - [TEST_STEP][PASSED] - click(findTestObject("09-Settings/Users/button_Send Invitation")): Object: 'Object Repository/09-Settings/Users/button_Send Invitation' is clicked on

2022-11-25 14:33:25 - [MESSAGE][PASSED] - Object: 'Object Repository/09-Settings/Users/button_Send Invitation' is clicked on

2022-11-25 14:33:25 - [TEST_STEP][PASSED] - delay(2): Delayed 2 second(s)

2022-11-25 14:33:27 - [MESSAGE][PASSED] - Delayed 2 second(s)

2022-11-25 14:33:27 - [TEST_STEP][PASSED] - verifyElementVisible(findTestObject("07-Directory/Connections/zContact Profile/Successfully invited user")): Object 'Object Repository/07-Directory/Connections/zContact Profile/Successfully invited user' is visible

2022-11-25 14:33:28 - [MESSAGE][PASSED] - Object 'Object Repository/07-Directory/Connections/zContact Profile/Successfully invited user' is visible

2022-11-25 14:33:28 - [TEST_STEP][PASSED] - delay(2): Delayed 2 second(s)

2022-11-25 14:33:30 - [MESSAGE][PASSED] - Delayed 2 second(s)

2022-11-25 14:33:30 - [TEST_STEP][PASSED] - click(findTestObject("01-Login and Forgot Password/User menu drop")): Object: 'Object Repository/01-Login and Forgot Password/User menu drop' is clicked on

2022-11-25 14:33:31 - [MESSAGE][PASSED] - Object: 'Object Repository/01-Login and Forgot Password/User menu drop' is clicked on

2022-11-25 14:33:31 - [TEST_STEP][PASSED] - delay(2): Delayed 2 second(s)

2022-11-25 14:33:33 - [MESSAGE][PASSED] - Delayed 2 second(s)

2022-11-25 14:33:33 - [TEST_STEP][PASSED] - click(findTestObject("01-Login and Forgot Password/h4_Sign Out"), STOP_ON_FAILURE): Object: 'Object Repository/01-Login and Forgot Password/h4_Sign Out' is clicked on

2022-11-25 14:33:33 - [MESSAGE][PASSED] - Object: 'Object Repository/01-Login and Forgot Password/h4_Sign Out' is clicked on

2022-11-25 14:33:33 - [TEST_STEP][PASSED] - delay(2): Delayed 2 second(s)

2022-11-25 14:33:35 - [MESSAGE][PASSED] - Delayed 2 second(s)

2022-11-25 14:33:35 - [TEST_STEP][PASSED] - verifyElementPresent(findTestObject("01-Login and Forgot Password/Login_Card"), 0): Object 'Object Repository/01-Login and Forgot Password/Login_Card' is present

2022-11-25 14:33:35 - [MESSAGE][WARNING] - Timeout '0' is invalid. Using default page load timeout: '30'

2022-11-25 14:33:36 - [MESSAGE][PASSED] - Object 'Object Repository/01-Login and Forgot Password/Login_Card' is present

2022-11-25 14:33:36 - [TEST_STEP][PASSED] - delay(3): Delayed 3 second(s)

2022-11-25 14:33:39 - [MESSAGE][PASSED] - Delayed 3 second(s)

2022-11-25 14:33:39 - [TEST_STEP][PASSED] - closeBrowser(): Browser is closed

2022-11-25 14:33:39 - [MESSAGE][PASSED] - Browser is closed

2022-11-25 14:33:39 - [TEST_STEP][PASSED] - openBrowser(""): Browser is opened with url: ''

2022-11-25 14:33:39 - [MESSAGE][INFO] - Starting 'Chrome' driver

2022-11-25 14:33:39 - [MESSAGE][INFO] - Action delay is set to 0 milliseconds

2022-11-25 14:33:41 - [MESSAGE][PASSED] - Browser is opened with url: ''

2022-11-25 14:33:41 - [TEST_STEP][PASSED] - navigateToUrl("https://lab.everleagues.com/"): Navigate to 'https://lab.everleagues.com/' successfully

2022-11-25 14:33:55 - [MESSAGE][PASSED] - Navigate to 'https://lab.everleagues.com/' successfully

2022-11-25 14:33:55 - [TEST_STEP][PASSED] - maximizeWindow(): Current window maximized

2022-11-25 14:33:55 - [MESSAGE][PASSED] - Current window maximized

2022-11-25 14:33:55 - [TEST_STEP][PASSED] - setText(findTestObject("02-Side Icons(Organization)/Add Contact/Email Field"), "autotester10@mailinator.com"): Text 'autotester10@mailinator.com' is set on object 'Object Repository/02-Side Icons(Organization)/Add Contact/Email Field'

2022-11-25 14:33:56 - [MESSAGE][PASSED] - Text 'autotester10@mailinator.com' is set on object 'Object Repository/02-Side Icons(Organization)/Add Contact/Email Field'

2022-11-25 14:33:56 - [TEST_STEP][PASSED] - setEncryptedText(findTestObject("02-Side Icons(Organization)/Add Contact/Password Field"), "8yFRyszE6U6jvsCn51OQbg=="): Text ****** has been set on object 'Object Repository/02-Side Icons(Organization)/Add Contact/Password Field'

2022-11-25 14:33:56 - [MESSAGE][PASSED] - Text ****** has been set on object 'Object Repository/02-Side Icons(Organization)/Add Contact/Password Field'

2022-11-25 14:33:56 - [TEST_STEP][PASSED] - click(findTestObject("02-Side Icons(Organization)/Add Contact/button_Sign in")): Object: 'Object Repository/02-Side Icons(Organization)/Add Contact/button_Sign in' is clicked on

2022-11-25 14:33:57 - [MESSAGE][PASSED] - Object: 'Object Repository/02-Side Icons(Organization)/Add Contact/button_Sign in' is clicked on

2022-11-25 14:33:57 - [TEST_STEP][PASSED] - delay(2): Delayed 2 second(s)

2022-11-25 14:33:59 - [MESSAGE][PASSED] - Delayed 2 second(s)

2022-11-25 14:33:59 - [TEST_STEP][PASSED] - click(findTestObject("06-Teams/For 2FA/button_Confirm_2FA")): Object: 'Object Repository/06-Teams/For 2FA/button_Confirm_2FA' is clicked on

2022-11-25 14:33:59 - [MESSAGE][PASSED] - Object: 'Object Repository/06-Teams/For 2FA/button_Confirm_2FA' is clicked on

2022-11-25 14:33:59 - [TEST_STEP][PASSED] - executeJavaScript("window.open();", []): Execute JavaScript 'window.open();' successfully

2022-11-25 14:33:59 - [MESSAGE][PASSED] - Execute JavaScript 'window.open();' successfully

2022-11-25 14:33:59 - [TEST_STEP][PASSED] - currentWindow = getWindowIndex(): Current window's index is: 0

2022-11-25 14:33:59 - [MESSAGE][PASSED] - Current window's index is: 0

2022-11-25 14:33:59 - [TEST_STEP][PASSED] - delay(3): Delayed 3 second(s)

2022-11-25 14:34:02 - [MESSAGE][PASSED] - Delayed 3 second(s)

2022-11-25 14:34:02 - [TEST_STEP][PASSED] - switchToWindowIndex(currentWindow + 1): Switched to window with index: '1'

2022-11-25 14:34:02 - [MESSAGE][PASSED] - Switched to window with index: '1'

2022-11-25 14:34:02 - [TEST_STEP][PASSED] - navigateToUrl("https://www.mailinator.com/"): Navigate to 'https://www.mailinator.com/' successfully

2022-11-25 14:34:04 - [MESSAGE][PASSED] - Navigate to 'https://www.mailinator.com/' successfully

2022-11-25 14:34:04 - [TEST_STEP][PASSED] - delay(3): Delayed 3 second(s)

2022-11-25 14:34:07 - [MESSAGE][PASSED] - Delayed 3 second(s)

2022-11-25 14:34:07 - [TEST_STEP][PASSED] - setText(findTestObject("00-Signup and Activation/zMailinator/input_LOGIN_search"), "autotester10@mailinator.com"): Text 'autotester10@mailinator.com' is set on object 'Object Repository/00-Signup and Activation/zMailinator/input_LOGIN_search'

2022-11-25 14:34:08 - [MESSAGE][PASSED] - Text 'autotester10@mailinator.com' is set on object 'Object Repository/00-Signup and Activation/zMailinator/input_LOGIN_search'

2022-11-25 14:34:08 - [TEST_STEP][PASSED] - click(findTestObject("00-Signup and Activation/zMailinator/gobutton"), STOP_ON_FAILURE): Object: 'Object Repository/00-Signup and Activation/zMailinator/gobutton' is clicked on

2022-11-25 14:34:09 - [MESSAGE][PASSED] - Object: 'Object Repository/00-Signup and Activation/zMailinator/gobutton' is clicked on

2022-11-25 14:34:09 - [TEST_STEP][PASSED] - delay(3): Delayed 3 second(s)

2022-11-25 14:34:12 - [MESSAGE][PASSED] - Delayed 3 second(s)

2022-11-25 14:34:12 - [TEST_STEP][PASSED] - click(findTestObject("00-Signup and Activation/zMailinator/Email - everleagues")): Object: 'Object Repository/00-Signup and Activation/zMailinator/Email - everleagues' is clicked on

2022-11-25 14:34:13 - [MESSAGE][PASSED] - Object: 'Object Repository/00-Signup and Activation/zMailinator/Email - everleagues' is clicked on

2022-11-25 14:34:13 - [TEST_STEP][PASSED] - delay(3): Delayed 3 second(s)

2022-11-25 14:34:16 - [MESSAGE][PASSED] - Delayed 3 second(s)

2022-11-25 14:34:16 - [TEST_STEP][PASSED] - codetwo = getText(findTestObject("Object Repository/06-Teams/For 2FA/2FA code")): Text of object 'Object Repository/06-Teams/For 2FA/2FA code' is: '259050'

2022-11-25 14:34:16 - [MESSAGE][PASSED] - Text of object 'Object Repository/06-Teams/For 2FA/2FA code' is: '259050'

2022-11-25 14:34:16 - [TEST_STEP][PASSED] - delay(3): Delayed 3 second(s)

2022-11-25 14:34:19 - [MESSAGE][PASSED] - Delayed 3 second(s)

2022-11-25 14:34:19 - [TEST_STEP][PASSED] - closeWindowTitle("Mailinator"): Window with title: 'Mailinator' is closed

2022-11-25 14:34:19 - [MESSAGE][PASSED] - Window with title: 'Mailinator' is closed

2022-11-25 14:34:19 - [TEST_STEP][PASSED] - delay(3): Delayed 3 second(s)

2022-11-25 14:34:22 - [MESSAGE][PASSED] - Delayed 3 second(s)

2022-11-25 14:34:22 - [TEST_STEP][PASSED] - switchToWindowIndex(0): Switched to window with index: '0'

2022-11-25 14:34:22 - [MESSAGE][PASSED] - Switched to window with index: '0'

2022-11-25 14:34:22 - [TEST_STEP][PASSED] - delay(3): Delayed 3 second(s)

2022-11-25 14:34:25 - [MESSAGE][PASSED] - Delayed 3 second(s)

2022-11-25 14:34:25 - [TEST_STEP][PASSED] - setText(findTestObject("Object Repository/06-Teams/For 2FA/input_Enter verification code_code"), codetwo): Text '259050' is set on object 'Object Repository/06-Teams/For 2FA/input_Enter verification code_code'

2022-11-25 14:34:26 - [MESSAGE][PASSED] - Text '259050' is set on object 'Object Repository/06-Teams/For 2FA/input_Enter verification code_code'

2022-11-25 14:34:26 - [TEST_STEP][PASSED] - delay(3): Delayed 3 second(s)

2022-11-25 14:34:29 - [MESSAGE][PASSED] - Delayed 3 second(s)

2022-11-25 14:34:29 - [TEST_STEP][PASSED] - click(findTestObject("06-Teams/For 2FA/button_Verify_2FA")): Object: 'Object Repository/06-Teams/For 2FA/button_Verify_2FA' is clicked on

2022-11-25 14:34:30 - [MESSAGE][PASSED] - Object: 'Object Repository/06-Teams/For 2FA/button_Verify_2FA' is clicked on

2022-11-25 14:34:30 - [TEST_STEP][PASSED] - delay(5): Delayed 5 second(s)

2022-11-25 14:34:35 - [MESSAGE][PASSED] - Delayed 5 second(s)

2022-11-25 14:34:35 - [TEST_STEP][PASSED] - executeJavaScript("window.open();", []): Execute JavaScript 'window.open();' successfully

2022-11-25 14:34:35 - [MESSAGE][PASSED] - Execute JavaScript 'window.open();' successfully

2022-11-25 14:34:35 - [TEST_STEP][PASSED] - currentWindow = getWindowIndex(): Current window's index is: 0

2022-11-25 14:34:35 - [MESSAGE][PASSED] - Current window's index is: 0

2022-11-25 14:34:35 - [TEST_STEP][PASSED] - delay(3): Delayed 3 second(s)

2022-11-25 14:34:38 - [MESSAGE][PASSED] - Delayed 3 second(s)

2022-11-25 14:34:38 - [TEST_STEP][PASSED] - switchToWindowIndex(currentWindow + 1): Switched to window with index: '1'

2022-11-25 14:34:38 - [MESSAGE][PASSED] - Switched to window with index: '1'

2022-11-25 14:34:38 - [TEST_STEP][PASSED] - navigateToUrl("https://www.mailinator.com/"): Navigate to 'https://www.mailinator.com/' successfully

2022-11-25 14:34:39 - [MESSAGE][PASSED] - Navigate to 'https://www.mailinator.com/' successfully

2022-11-25 14:34:39 - [TEST_STEP][PASSED] - delay(3): Delayed 3 second(s)

2022-11-25 14:34:42 - [MESSAGE][PASSED] - Delayed 3 second(s)

2022-11-25 14:34:42 - [TEST_STEP][PASSED] - setText(findTestObject("00-Signup and Activation/zMailinator/input_LOGIN_search"), "autotester10@mailinator.com"): Text 'autotester10@mailinator.com' is set on object 'Object Repository/00-Signup and Activation/zMailinator/input_LOGIN_search'

2022-11-25 14:34:43 - [MESSAGE][PASSED] - Text 'autotester10@mailinator.com' is set on object 'Object Repository/00-Signup and Activation/zMailinator/input_LOGIN_search'

2022-11-25 14:34:43 - [TEST_STEP][PASSED] - click(findTestObject("00-Signup and Activation/zMailinator/gobutton"), STOP_ON_FAILURE): Object: 'Object Repository/00-Signup and Activation/zMailinator/gobutton' is clicked on

2022-11-25 14:34:44 - [MESSAGE][PASSED] - Object: 'Object Repository/00-Signup and Activation/zMailinator/gobutton' is clicked on

2022-11-25 14:34:44 - [TEST_STEP][PASSED] - delay(3): Delayed 3 second(s)

2022-11-25 14:34:47 - [MESSAGE][PASSED] - Delayed 3 second(s)

2022-11-25 14:34:47 - [TEST_STEP][PASSED] - closeWindowTitle("Everleagues"): Window with title: 'Everleagues' is closed

2022-11-25 14:34:47 - [MESSAGE][PASSED] - Window with title: 'Everleagues' is closed

2022-11-25 14:34:47 - [TEST_STEP][PASSED] - switchToWindowIndex(0): Switched to window with index: '0'

2022-11-25 14:34:47 - [MESSAGE][PASSED] - Switched to window with index: '0'

2022-11-25 14:34:47 - [TEST_STEP][PASSED] - click(findTestObject("09-Settings/Users/Co worker/td_Invitation from GG Automation")): Object: 'Object Repository/09-Settings/Users/Co worker/td_Invitation from GG Automation' is clicked on

2022-11-25 14:34:48 - [MESSAGE][PASSED] - Object: 'Object Repository/09-Settings/Users/Co worker/td_Invitation from GG Automation' is clicked on

2022-11-25 14:34:48 - [TEST_STEP][PASSED] - click(findTestObject("09-Settings/Users/Co worker/a_Click here to join GG Automation on EverLeagues")): Object: 'Object Repository/09-Settings/Users/Co worker/a_Click here to join GG Automation on EverLeagues' is clicked on

2022-11-25 14:34:49 - [MESSAGE][PASSED] - Object: 'Object Repository/09-Settings/Users/Co worker/a_Click here to join GG Automation on EverLeagues' is clicked on

2022-11-25 14:34:49 - [TEST_STEP][PASSED] - closeWindowTitle("Mailinator"): Window with title: 'Mailinator' is closed

2022-11-25 14:34:49 - [MESSAGE][PASSED] - Window with title: 'Mailinator' is closed

2022-11-25 14:34:49 - [TEST_STEP][PASSED] - switchToWindowIndex(0): Switched to window with index: '0'

2022-11-25 14:34:49 - [MESSAGE][PASSED] - Switched to window with index: '0'

2022-11-25 14:34:49 - [TEST_STEP][PASSED] - verifyElementVisible(findTestObject("09-Settings/Users/Client/Invite modal")): Object 'Object Repository/09-Settings/Users/Client/Invite modal' is visible

2022-11-25 14:34:54 - [MESSAGE][PASSED] - Object 'Object Repository/09-Settings/Users/Client/Invite modal' is visible

2022-11-25 14:34:54 - [TEST_STEP][PASSED] - setText(findTestObject("09-Settings/Users/Client/Company field"), "QA Company"): Text 'QA Company' is set on object 'Object Repository/09-Settings/Users/Client/Company field'

2022-11-25 14:34:55 - [MESSAGE][PASSED] - Text 'QA Company' is set on object 'Object Repository/09-Settings/Users/Client/Company field'

2022-11-25 14:34:55 - [TEST_STEP][PASSED] - click(findTestObject("09-Settings/Users/Client/button_Accept")): Object: 'Object Repository/09-Settings/Users/Client/button_Accept' is clicked on

2022-11-25 14:34:56 - [MESSAGE][PASSED] - Object: 'Object Repository/09-Settings/Users/Client/button_Accept' is clicked on

2022-11-25 14:34:56 - [TEST_STEP][PASSED] - delay(5): Delayed 5 second(s)

2022-11-25 14:35:01 - [MESSAGE][PASSED] - Delayed 5 second(s)

2022-11-25 14:35:01 - [TEST_STEP][PASSED] - verifyElementVisible(findTestObject("09-Settings/Users/div_Joined as Partner")): Object 'Object Repository/09-Settings/Users/div_Joined as Partner' is visible

2022-11-25 14:35:02 - [MESSAGE][PASSED] - Object 'Object Repository/09-Settings/Users/div_Joined as Partner' is visible

2022-11-25 14:35:02 - [TEST_STEP][PASSED] - delay(3): Delayed 3 second(s)

2022-11-25 14:35:05 - [MESSAGE][PASSED] - Delayed 3 second(s)

2022-11-25 14:35:05 - [TEST_STEP][PASSED] - closeBrowser(): Browser is closed

2022-11-25 14:35:06 - [MESSAGE][PASSED] - Browser is closed]]></system-out>
         <system-err><![CDATA[]]></system-err>
      </testcase>
      <testcase name="Test Cases/09-Settings/05 - Users (Invite batch of users via CSV file)" time="103.352" classname="Test Cases/09-Settings/05 - Users (Invite batch of users via CSV file)" status="PASSED">
         <system-out><![CDATA[2022-11-25 14:35:06 - [TEST_CASE][PASSED] - Test Cases/09-Settings/05 - Users (Invite batch of users via CSV file): Test Cases/09-Settings/05 - Users (Invite batch of users via CSV file)

2022-11-25 14:35:06 - [TEST_STEP][PASSED] - openBrowser(""): Browser is opened with url: ''

2022-11-25 14:35:06 - [MESSAGE][INFO] - Starting 'Chrome' driver

2022-11-25 14:35:06 - [MESSAGE][INFO] - Action delay is set to 0 milliseconds

2022-11-25 14:35:07 - [MESSAGE][PASSED] - Browser is opened with url: ''

2022-11-25 14:35:07 - [TEST_STEP][PASSED] - navigateToUrl("https://lab.everleagues.com/"): Navigate to 'https://lab.everleagues.com/' successfully

2022-11-25 14:35:20 - [MESSAGE][PASSED] - Navigate to 'https://lab.everleagues.com/' successfully

2022-11-25 14:35:20 - [TEST_STEP][PASSED] - maximizeWindow(): Current window maximized

2022-11-25 14:35:20 - [MESSAGE][PASSED] - Current window maximized

2022-11-25 14:35:20 - [TEST_STEP][PASSED] - setText(findTestObject("02-Side Icons(Organization)/Add Contact/Email Field"), "testuser02@mailinator.com"): Text 'testuser02@mailinator.com' is set on object 'Object Repository/02-Side Icons(Organization)/Add Contact/Email Field'

2022-11-25 14:35:21 - [MESSAGE][PASSED] - Text 'testuser02@mailinator.com' is set on object 'Object Repository/02-Side Icons(Organization)/Add Contact/Email Field'

2022-11-25 14:35:21 - [TEST_STEP][PASSED] - setEncryptedText(findTestObject("02-Side Icons(Organization)/Add Contact/Password Field"), "8yFRyszE6U6jvsCn51OQbg=="): Text ****** has been set on object 'Object Repository/02-Side Icons(Organization)/Add Contact/Password Field'

2022-11-25 14:35:21 - [MESSAGE][PASSED] - Text ****** has been set on object 'Object Repository/02-Side Icons(Organization)/Add Contact/Password Field'

2022-11-25 14:35:21 - [TEST_STEP][PASSED] - click(findTestObject("02-Side Icons(Organization)/Add Contact/button_Sign in")): Object: 'Object Repository/02-Side Icons(Organization)/Add Contact/button_Sign in' is clicked on

2022-11-25 14:35:22 - [MESSAGE][PASSED] - Object: 'Object Repository/02-Side Icons(Organization)/Add Contact/button_Sign in' is clicked on

2022-11-25 14:35:22 - [TEST_STEP][PASSED] - delay(2): Delayed 2 second(s)

2022-11-25 14:35:24 - [MESSAGE][PASSED] - Delayed 2 second(s)

2022-11-25 14:35:24 - [TEST_STEP][PASSED] - click(findTestObject("06-Teams/For 2FA/button_Confirm_2FA")): Object: 'Object Repository/06-Teams/For 2FA/button_Confirm_2FA' is clicked on

2022-11-25 14:35:24 - [MESSAGE][PASSED] - Object: 'Object Repository/06-Teams/For 2FA/button_Confirm_2FA' is clicked on

2022-11-25 14:35:24 - [TEST_STEP][PASSED] - executeJavaScript("window.open();", []): Execute JavaScript 'window.open();' successfully

2022-11-25 14:35:24 - [MESSAGE][PASSED] - Execute JavaScript 'window.open();' successfully

2022-11-25 14:35:24 - [TEST_STEP][PASSED] - currentWindow = getWindowIndex(): Current window's index is: 0

2022-11-25 14:35:24 - [MESSAGE][PASSED] - Current window's index is: 0

2022-11-25 14:35:24 - [TEST_STEP][PASSED] - delay(3): Delayed 3 second(s)

2022-11-25 14:35:27 - [MESSAGE][PASSED] - Delayed 3 second(s)

2022-11-25 14:35:27 - [TEST_STEP][PASSED] - switchToWindowIndex(currentWindow + 1): Switched to window with index: '1'

2022-11-25 14:35:27 - [MESSAGE][PASSED] - Switched to window with index: '1'

2022-11-25 14:35:27 - [TEST_STEP][PASSED] - navigateToUrl("https://www.mailinator.com/"): Navigate to 'https://www.mailinator.com/' successfully

2022-11-25 14:35:31 - [MESSAGE][PASSED] - Navigate to 'https://www.mailinator.com/' successfully

2022-11-25 14:35:31 - [TEST_STEP][PASSED] - delay(3): Delayed 3 second(s)

2022-11-25 14:35:34 - [MESSAGE][PASSED] - Delayed 3 second(s)

2022-11-25 14:35:34 - [TEST_STEP][PASSED] - setText(findTestObject("00-Signup and Activation/zMailinator/input_LOGIN_search"), "testuser02@mailinator.com"): Text 'testuser02@mailinator.com' is set on object 'Object Repository/00-Signup and Activation/zMailinator/input_LOGIN_search'

2022-11-25 14:35:34 - [MESSAGE][PASSED] - Text 'testuser02@mailinator.com' is set on object 'Object Repository/00-Signup and Activation/zMailinator/input_LOGIN_search'

2022-11-25 14:35:34 - [TEST_STEP][PASSED] - click(findTestObject("00-Signup and Activation/zMailinator/gobutton"), STOP_ON_FAILURE): Object: 'Object Repository/00-Signup and Activation/zMailinator/gobutton' is clicked on

2022-11-25 14:35:36 - [MESSAGE][PASSED] - Object: 'Object Repository/00-Signup and Activation/zMailinator/gobutton' is clicked on

2022-11-25 14:35:36 - [TEST_STEP][PASSED] - delay(3): Delayed 3 second(s)

2022-11-25 14:35:39 - [MESSAGE][PASSED] - Delayed 3 second(s)

2022-11-25 14:35:39 - [TEST_STEP][PASSED] - click(findTestObject("00-Signup and Activation/zMailinator/Email - everleagues")): Object: 'Object Repository/00-Signup and Activation/zMailinator/Email - everleagues' is clicked on

2022-11-25 14:35:40 - [MESSAGE][PASSED] - Object: 'Object Repository/00-Signup and Activation/zMailinator/Email - everleagues' is clicked on

2022-11-25 14:35:40 - [TEST_STEP][PASSED] - delay(3): Delayed 3 second(s)

2022-11-25 14:35:43 - [MESSAGE][PASSED] - Delayed 3 second(s)

2022-11-25 14:35:43 - [TEST_STEP][PASSED] - code = getText(findTestObject("Object Repository/06-Teams/For 2FA/2FA code")): Text of object 'Object Repository/06-Teams/For 2FA/2FA code' is: '112520'

2022-11-25 14:35:43 - [MESSAGE][PASSED] - Text of object 'Object Repository/06-Teams/For 2FA/2FA code' is: '112520'

2022-11-25 14:35:43 - [TEST_STEP][PASSED] - delay(3): Delayed 3 second(s)

2022-11-25 14:35:46 - [MESSAGE][PASSED] - Delayed 3 second(s)

2022-11-25 14:35:46 - [TEST_STEP][PASSED] - closeWindowTitle("Mailinator"): Window with title: 'Mailinator' is closed

2022-11-25 14:35:46 - [MESSAGE][PASSED] - Window with title: 'Mailinator' is closed

2022-11-25 14:35:46 - [TEST_STEP][PASSED] - delay(3): Delayed 3 second(s)

2022-11-25 14:35:49 - [MESSAGE][PASSED] - Delayed 3 second(s)

2022-11-25 14:35:49 - [TEST_STEP][PASSED] - switchToWindowIndex(0): Switched to window with index: '0'

2022-11-25 14:35:49 - [MESSAGE][PASSED] - Switched to window with index: '0'

2022-11-25 14:35:49 - [TEST_STEP][PASSED] - delay(3): Delayed 3 second(s)

2022-11-25 14:35:52 - [MESSAGE][PASSED] - Delayed 3 second(s)

2022-11-25 14:35:52 - [TEST_STEP][PASSED] - setText(findTestObject("Object Repository/06-Teams/For 2FA/input_Enter verification code_code"), code): Text '112520' is set on object 'Object Repository/06-Teams/For 2FA/input_Enter verification code_code'

2022-11-25 14:35:53 - [MESSAGE][PASSED] - Text '112520' is set on object 'Object Repository/06-Teams/For 2FA/input_Enter verification code_code'

2022-11-25 14:35:53 - [TEST_STEP][PASSED] - delay(3): Delayed 3 second(s)

2022-11-25 14:35:56 - [MESSAGE][PASSED] - Delayed 3 second(s)

2022-11-25 14:35:56 - [TEST_STEP][PASSED] - click(findTestObject("06-Teams/For 2FA/button_Verify_2FA")): Object: 'Object Repository/06-Teams/For 2FA/button_Verify_2FA' is clicked on

2022-11-25 14:35:57 - [MESSAGE][PASSED] - Object: 'Object Repository/06-Teams/For 2FA/button_Verify_2FA' is clicked on

2022-11-25 14:35:57 - [TEST_STEP][PASSED] - delay(5): Delayed 5 second(s)

2022-11-25 14:36:02 - [MESSAGE][PASSED] - Delayed 5 second(s)

2022-11-25 14:36:02 - [TEST_STEP][PASSED] - click(findTestObject("06-Teams/button_doublearrow")): Object: 'Object Repository/06-Teams/button_doublearrow' is clicked on

2022-11-25 14:36:02 - [MESSAGE][PASSED] - Object: 'Object Repository/06-Teams/button_doublearrow' is clicked on

2022-11-25 14:36:02 - [TEST_STEP][PASSED] - click(findTestObject("06-Teams/button_My Organizations")): Object: 'Object Repository/06-Teams/button_My Organizations' is clicked on

2022-11-25 14:36:03 - [MESSAGE][PASSED] - Object: 'Object Repository/06-Teams/button_My Organizations' is clicked on

2022-11-25 14:36:03 - [TEST_STEP][PASSED] - click(findTestObject("06-Teams/button_GG Automation")): Object: 'Object Repository/06-Teams/button_GG Automation' is clicked on

2022-11-25 14:36:04 - [MESSAGE][PASSED] - Object: 'Object Repository/06-Teams/button_GG Automation' is clicked on

2022-11-25 14:36:04 - [TEST_STEP][PASSED] - delay(4): Delayed 4 second(s)

2022-11-25 14:36:08 - [MESSAGE][PASSED] - Delayed 4 second(s)

2022-11-25 14:36:08 - [TEST_STEP][PASSED] - verifyElementVisible(findTestObject("06-Teams/span_GG Automation")): Object 'Object Repository/06-Teams/span_GG Automation' is visible

2022-11-25 14:36:08 - [MESSAGE][PASSED] - Object 'Object Repository/06-Teams/span_GG Automation' is visible

2022-11-25 14:36:08 - [TEST_STEP][PASSED] - delay(5): Delayed 5 second(s)

2022-11-25 14:36:13 - [MESSAGE][PASSED] - Delayed 5 second(s)

2022-11-25 14:36:13 - [TEST_STEP][PASSED] - click(findTestObject("03-Header Menu/Hamburger Button/div_Settings")): Object: 'Object Repository/03-Header Menu/Hamburger Button/div_Settings' is clicked on

2022-11-25 14:36:13 - [MESSAGE][PASSED] - Object: 'Object Repository/03-Header Menu/Hamburger Button/div_Settings' is clicked on

2022-11-25 14:36:13 - [TEST_STEP][PASSED] - delay(3): Delayed 3 second(s)

2022-11-25 14:36:16 - [MESSAGE][PASSED] - Delayed 3 second(s)

2022-11-25 14:36:16 - [TEST_STEP][PASSED] - click(findTestObject("09-Settings/Users/div_Users")): Object: 'Object Repository/09-Settings/Users/div_Users' is clicked on

2022-11-25 14:36:17 - [MESSAGE][PASSED] - Object: 'Object Repository/09-Settings/Users/div_Users' is clicked on

2022-11-25 14:36:17 - [TEST_STEP][PASSED] - delay(3): Delayed 3 second(s)

2022-11-25 14:36:20 - [MESSAGE][PASSED] - Delayed 3 second(s)

2022-11-25 14:36:20 - [TEST_STEP][PASSED] - click(findTestObject("09-Settings/Users/button_add")): Object: 'Object Repository/09-Settings/Users/button_add' is clicked on

2022-11-25 14:36:20 - [MESSAGE][PASSED] - Object: 'Object Repository/09-Settings/Users/button_add' is clicked on

2022-11-25 14:36:20 - [TEST_STEP][PASSED] - delay(3): Delayed 3 second(s)

2022-11-25 14:36:23 - [MESSAGE][PASSED] - Delayed 3 second(s)

2022-11-25 14:36:23 - [TEST_STEP][PASSED] - click(findTestObject("09-Settings/Users/Invite batch of users via CSV file")): Object: 'Object Repository/09-Settings/Users/Invite batch of users via CSV file' is clicked on

2022-11-25 14:36:24 - [MESSAGE][PASSED] - Object: 'Object Repository/09-Settings/Users/Invite batch of users via CSV file' is clicked on

2022-11-25 14:36:24 - [TEST_STEP][PASSED] - verifyElementVisible(findTestObject("09-Settings/Users/CSV Invite/Import CSV File modal")): Object 'Object Repository/09-Settings/Users/CSV Invite/Import CSV File modal' is visible

2022-11-25 14:36:25 - [MESSAGE][PASSED] - Object 'Object Repository/09-Settings/Users/CSV Invite/Import CSV File modal' is visible

2022-11-25 14:36:25 - [TEST_STEP][PASSED] - verifyElementNotClickable(findTestObject("09-Settings/Users/CSV Invite/button_Import")): Object 'Object Repository/09-Settings/Users/CSV Invite/button_Import' is NOT clickable

2022-11-25 14:36:25 - [MESSAGE][PASSED] - Object 'Object Repository/09-Settings/Users/CSV Invite/button_Import' is NOT clickable

2022-11-25 14:36:25 - [TEST_STEP][PASSED] - delay(3): Delayed 3 second(s)

2022-11-25 14:36:28 - [MESSAGE][PASSED] - Delayed 3 second(s)

2022-11-25 14:36:28 - [TEST_STEP][PASSED] - uploadpackage.Upload.uploadFile(findTestObject("Object Repository/09-Settings/Users/CSV Invite/button_Choose File"), "C:\Users\User\Desktop\EL automation\sample csv.csv"): uploadpackage.Upload.uploadFile is PASSED

2022-11-25 14:36:29 - [MESSAGE][PASSED] - Object: 'Object Repository/09-Settings/Users/CSV Invite/button_Choose File' is clicked on

2022-11-25 14:36:29 - [MESSAGE][PASSED] - uploadpackage.Upload.uploadFile is PASSED

2022-11-25 14:36:29 - [TEST_STEP][PASSED] - delay(3): Delayed 3 second(s)

2022-11-25 14:36:32 - [MESSAGE][PASSED] - Delayed 3 second(s)

2022-11-25 14:36:32 - [TEST_STEP][PASSED] - verifyElementVisible(findTestObject("09-Settings/Users/CSV Invite/div_Sample csv.csv")): Object 'Object Repository/09-Settings/Users/CSV Invite/div_Sample csv.csv' is visible

2022-11-25 14:36:32 - [MESSAGE][PASSED] - Object 'Object Repository/09-Settings/Users/CSV Invite/div_Sample csv.csv' is visible

2022-11-25 14:36:32 - [TEST_STEP][PASSED] - click(findTestObject("09-Settings/Users/CSV Invite/button_Import")): Object: 'Object Repository/09-Settings/Users/CSV Invite/button_Import' is clicked on

2022-11-25 14:36:32 - [MESSAGE][PASSED] - Object: 'Object Repository/09-Settings/Users/CSV Invite/button_Import' is clicked on

2022-11-25 14:36:32 - [TEST_STEP][PASSED] - delay(5): Delayed 5 second(s)

2022-11-25 14:36:37 - [MESSAGE][PASSED] - Delayed 5 second(s)

2022-11-25 14:36:37 - [TEST_STEP][PASSED] - verifyElementVisible(findTestObject("09-Settings/Users/CSV Invite/Success import modal")): Object 'Object Repository/09-Settings/Users/CSV Invite/Success import modal' is visible

2022-11-25 14:36:38 - [MESSAGE][PASSED] - Object 'Object Repository/09-Settings/Users/CSV Invite/Success import modal' is visible

2022-11-25 14:36:38 - [TEST_STEP][PASSED] - click(findTestObject("09-Settings/Users/CSV Invite/button_Close")): Object: 'Object Repository/09-Settings/Users/CSV Invite/button_Close' is clicked on

2022-11-25 14:36:38 - [MESSAGE][PASSED] - Object: 'Object Repository/09-Settings/Users/CSV Invite/button_Close' is clicked on

2022-11-25 14:36:38 - [TEST_STEP][PASSED] - click(findTestObject("09-Settings/Users/CSV Invite/Invited Users tab")): Object: 'Object Repository/09-Settings/Users/CSV Invite/Invited Users tab' is clicked on

2022-11-25 14:36:39 - [MESSAGE][PASSED] - Object: 'Object Repository/09-Settings/Users/CSV Invite/Invited Users tab' is clicked on

2022-11-25 14:36:39 - [TEST_STEP][PASSED] - delay(3): Delayed 3 second(s)

2022-11-25 14:36:42 - [MESSAGE][PASSED] - Delayed 3 second(s)

2022-11-25 14:36:42 - [TEST_STEP][PASSED] - verifyElementVisible(findTestObject("09-Settings/Users/CSV Invite/div_CTCSV test3")): Object 'Object Repository/09-Settings/Users/CSV Invite/div_CTCSV test3' is visible

2022-11-25 14:36:43 - [MESSAGE][PASSED] - Object 'Object Repository/09-Settings/Users/CSV Invite/div_CTCSV test3' is visible

2022-11-25 14:36:43 - [TEST_STEP][PASSED] - verifyElementVisible(findTestObject("09-Settings/Users/CSV Invite/div_autotester08mailinator.com")): Object 'Object Repository/09-Settings/Users/CSV Invite/div_autotester08mailinator.com' is visible

2022-11-25 14:36:43 - [MESSAGE][PASSED] - Object 'Object Repository/09-Settings/Users/CSV Invite/div_autotester08mailinator.com' is visible

2022-11-25 14:36:43 - [TEST_STEP][PASSED] - verifyElementVisible(findTestObject("09-Settings/Users/CSV Invite/div_Partner")): Object 'Object Repository/09-Settings/Users/CSV Invite/div_Partner' is visible

2022-11-25 14:36:43 - [MESSAGE][PASSED] - Object 'Object Repository/09-Settings/Users/CSV Invite/div_Partner' is visible

2022-11-25 14:36:43 - [TEST_STEP][PASSED] - verifyElementVisible(findTestObject("09-Settings/Users/CSV Invite/div_CTCSV test2")): Object 'Object Repository/09-Settings/Users/CSV Invite/div_CTCSV test2' is visible

2022-11-25 14:36:44 - [MESSAGE][PASSED] - Object 'Object Repository/09-Settings/Users/CSV Invite/div_CTCSV test2' is visible

2022-11-25 14:36:44 - [TEST_STEP][PASSED] - verifyElementVisible(findTestObject("09-Settings/Users/CSV Invite/div_autotester07mailinator.com")): Object 'Object Repository/09-Settings/Users/CSV Invite/div_autotester07mailinator.com' is visible

2022-11-25 14:36:44 - [MESSAGE][PASSED] - Object 'Object Repository/09-Settings/Users/CSV Invite/div_autotester07mailinator.com' is visible

2022-11-25 14:36:44 - [TEST_STEP][PASSED] - verifyElementVisible(findTestObject("09-Settings/Users/CSV Invite/div_Client")): Object 'Object Repository/09-Settings/Users/CSV Invite/div_Client' is visible

2022-11-25 14:36:44 - [MESSAGE][PASSED] - Object 'Object Repository/09-Settings/Users/CSV Invite/div_Client' is visible

2022-11-25 14:36:44 - [TEST_STEP][PASSED] - verifyElementVisible(findTestObject("09-Settings/Users/CSV Invite/div_CTCSV test1")): Object 'Object Repository/09-Settings/Users/CSV Invite/div_CTCSV test1' is visible

2022-11-25 14:36:45 - [MESSAGE][PASSED] - Object 'Object Repository/09-Settings/Users/CSV Invite/div_CTCSV test1' is visible

2022-11-25 14:36:45 - [TEST_STEP][PASSED] - verifyElementVisible(findTestObject("09-Settings/Users/CSV Invite/div_autotester06mailinator.com")): Object 'Object Repository/09-Settings/Users/CSV Invite/div_autotester06mailinator.com' is visible

2022-11-25 14:36:45 - [MESSAGE][PASSED] - Object 'Object Repository/09-Settings/Users/CSV Invite/div_autotester06mailinator.com' is visible

2022-11-25 14:36:45 - [TEST_STEP][PASSED] - verifyElementVisible(findTestObject("09-Settings/Users/CSV Invite/div_Coworker")): Object 'Object Repository/09-Settings/Users/CSV Invite/div_Coworker' is visible

2022-11-25 14:36:45 - [MESSAGE][PASSED] - Object 'Object Repository/09-Settings/Users/CSV Invite/div_Coworker' is visible

2022-11-25 14:36:45 - [TEST_STEP][PASSED] - delay(3): Delayed 3 second(s)

2022-11-25 14:36:48 - [MESSAGE][PASSED] - Delayed 3 second(s)

2022-11-25 14:36:48 - [TEST_STEP][PASSED] - closeBrowser(): Browser is closed

2022-11-25 14:36:49 - [MESSAGE][PASSED] - Browser is closed]]></system-out>
         <system-err><![CDATA[]]></system-err>
      </testcase>
      <system-out><![CDATA[2022-11-25 14:21:14 - [TEST_SUITE][PASSED] - 09.1 - Settings (Invite users): Test Cases/09-Settings/05 - Users (Invite batch of users via CSV file)]]></system-out>
      <system-err><![CDATA[]]></system-err>
   </testsuite>
</testsuites>
