<?xml version="1.0" encoding="UTF-8"?>
<testsuites name="06.1- Teams - Add" time="172.795" tests="2" failures="0" errors="0">
   <testsuite name="06.1- Teams - Add" tests="2" failures="0" errors="0" time="172.795" skipped="0" timestamp="2023-05-08 10:44:56" hostname="Mike - LAPTOP-LF5VTH4H" id="Test Suites/TS-Organization/06.1- Teams - Add">
      <properties>
         <property name="deviceName" value=""/>
         <property name="devicePlatform" value=""/>
         <property name="logFolder" value="D:\\Users\\Michelle\\Project\\Everleagues\\Reports\\20230508_104449\\TS-Organization\\06.1- Teams - Add\\20230508_104449"/>
         <property name="logFiles" value="D:\\Users\\Michelle\\Project\\Everleagues\\Reports\\20230508_104449\\TS-Organization\\06.1- Teams - Add\\20230508_104449\\execution0.log"/>
         <property name="attachments" value=""/>
         <property name="hostName" value="Mike - LAPTOP-LF5VTH4H"/>
         <property name="os" value="Windows 10 64bit"/>
         <property name="katalonVersion" value="8.6.0.208"/>
         <property name="browser" value="Chrome 113.0.0.0"/>
         <property name="hostAddress" value="10.100.1.213"/>
         <property name="sessionId" value="8490ac21c880f4a7ef4db87888721746"/>
         <property name="seleniumVersion" value="3.141.59"/>
         <property name="proxyInformation" value="ProxyInformation { proxyOption=NO_PROXY, proxyServerType=HTTP, username=, password=********, proxyServerAddress=, proxyServerPort=0, executionList=&quot;&quot;, isApplyToDesiredCapabilities=true }"/>
         <property name="platform" value="Windows 10"/>
      </properties>
      <testcase name="Test Cases/06- Teams/01- Add Team- Public" time="124.853" classname="Test Cases/06- Teams/01- Add Team- Public" status="PASSED">
         <system-out><![CDATA[2023-05-08 10:44:57 - [TEST_CASE][PASSED] - Test Cases/06- Teams/01- Add Team- Public: Test Cases/06- Teams/01- Add Team- Public

2023-05-08 10:44:57 - [TEST_STEP][PASSED] - openBrowser(""): Browser is opened with url: ''

2023-05-08 10:44:58 - [MESSAGE][INFO] - Starting 'Chrome' driver

2023-05-08 10:44:58 - [MESSAGE][INFO] - Action delay is set to 0 milliseconds

2023-05-08 10:45:04 - [MESSAGE][PASSED] - Browser is opened with url: ''

2023-05-08 10:45:04 - [TEST_STEP][PASSED] - navigateToUrl(appURL): Navigate to 'https://lab.everleagues.com/' successfully

2023-05-08 10:45:14 - [MESSAGE][PASSED] - Navigate to 'https://lab.everleagues.com/' successfully

2023-05-08 10:45:14 - [TEST_STEP][PASSED] - maximizeWindow(): Current window maximized

2023-05-08 10:45:14 - [MESSAGE][PASSED] - Current window maximized

2023-05-08 10:45:14 - [TEST_STEP][PASSED] - callTestCase(findTestCase("01-Login and Forgot Password/04-Login(Valid Credentials-With Subscription)"), [:], STOP_ON_FAILURE): Call Test Case 'Test Cases/01-Login and Forgot Password/04-Login(Valid Credentials-With Subscription)' successfully

2023-05-08 10:45:15 - [TEST_CASE][PASSED] - Test Cases/01-Login and Forgot Password/04-Login(Valid Credentials-With Subscription): Test Cases/01-Login and Forgot Password/04-Login(Valid Credentials-With Subscription)

2023-05-08 10:45:16 - [TEST_STEP][PASSED] - setText(findTestObject("01-Login and Forgot Password/input_Email_email"), email_with_subscription): Text 'testuser05@mailinator.com' is set on object 'Object Repository/01-Login and Forgot Password/input_Email_email'

2023-05-08 10:45:20 - [MESSAGE][PASSED] - Text 'testuser05@mailinator.com' is set on object 'Object Repository/01-Login and Forgot Password/input_Email_email'

2023-05-08 10:45:20 - [TEST_STEP][PASSED] - setEncryptedText(findTestObject("01-Login and Forgot Password/input_Email_password"), password): Text ****** has been set on object 'Object Repository/01-Login and Forgot Password/input_Email_password'

2023-05-08 10:45:21 - [MESSAGE][PASSED] - Text ****** has been set on object 'Object Repository/01-Login and Forgot Password/input_Email_password'

2023-05-08 10:45:21 - [TEST_STEP][PASSED] - delay(delay_2seconds): Delayed 2 second(s)

2023-05-08 10:45:23 - [MESSAGE][PASSED] - Delayed 2 second(s)

2023-05-08 10:45:23 - [TEST_STEP][PASSED] - click(findTestObject("01-Login and Forgot Password/show pass button")): Object: 'Object Repository/01-Login and Forgot Password/show pass button' is clicked on

2023-05-08 10:45:23 - [MESSAGE][PASSED] - Object: 'Object Repository/01-Login and Forgot Password/show pass button' is clicked on

2023-05-08 10:45:23 - [TEST_STEP][PASSED] - delay(delay_3seconds): Delayed 3 second(s)

2023-05-08 10:45:26 - [MESSAGE][PASSED] - Delayed 3 second(s)

2023-05-08 10:45:26 - [TEST_STEP][PASSED] - click(findTestObject("01-Login and Forgot Password/button_Sign in")): Object: 'Object Repository/01-Login and Forgot Password/button_Sign in' is clicked on

2023-05-08 10:45:27 - [MESSAGE][PASSED] - Object: 'Object Repository/01-Login and Forgot Password/button_Sign in' is clicked on

2023-05-08 10:45:27 - [TEST_STEP][PASSED] - delay(delay_3seconds): Delayed 3 second(s)

2023-05-08 10:45:30 - [MESSAGE][PASSED] - Delayed 3 second(s)

2023-05-08 10:45:30 - [TEST_STEP][PASSED] - click(findTestObject("06-Teams/For 2FA/button_Confirm_2FA")): Object: 'Object Repository/06-Teams/For 2FA/button_Confirm_2FA' is clicked on

2023-05-08 10:45:31 - [MESSAGE][PASSED] - Object: 'Object Repository/06-Teams/For 2FA/button_Confirm_2FA' is clicked on

2023-05-08 10:45:31 - [TEST_STEP][PASSED] - executeJavaScript("window.open();", []): Execute JavaScript 'window.open();' successfully

2023-05-08 10:45:31 - [MESSAGE][PASSED] - Execute JavaScript 'window.open();' successfully

2023-05-08 10:45:31 - [TEST_STEP][PASSED] - currentWindow = getWindowIndex(): Current window's index is: 0

2023-05-08 10:45:31 - [MESSAGE][PASSED] - Current window's index is: 0

2023-05-08 10:45:31 - [TEST_STEP][PASSED] - delay(delay_3seconds): Delayed 3 second(s)

2023-05-08 10:45:34 - [MESSAGE][PASSED] - Delayed 3 second(s)

2023-05-08 10:45:34 - [TEST_STEP][PASSED] - switchToWindowIndex(currentWindow + 1): Switched to window with index: '1'

2023-05-08 10:45:34 - [MESSAGE][PASSED] - Switched to window with index: '1'

2023-05-08 10:45:34 - [TEST_STEP][PASSED] - navigateToUrl(app_mailinator): Navigate to 'https://www.mailinator.com/' successfully

2023-05-08 10:45:38 - [MESSAGE][PASSED] - Navigate to 'https://www.mailinator.com/' successfully

2023-05-08 10:45:38 - [TEST_STEP][PASSED] - delay(delay_3seconds): Delayed 3 second(s)

2023-05-08 10:45:41 - [MESSAGE][PASSED] - Delayed 3 second(s)

2023-05-08 10:45:41 - [TEST_STEP][PASSED] - setText(findTestObject("00-Signup and Activation/zMailinator/input_LOGIN_search"), email_for_searchmailinator_testuser05): Text 'testuser05@mailinator.com' is set on object 'Object Repository/00-Signup and Activation/zMailinator/input_LOGIN_search'

2023-05-08 10:45:42 - [MESSAGE][PASSED] - Text 'testuser05@mailinator.com' is set on object 'Object Repository/00-Signup and Activation/zMailinator/input_LOGIN_search'

2023-05-08 10:45:42 - [TEST_STEP][PASSED] - click(findTestObject("00-Signup and Activation/zMailinator/gobutton"), STOP_ON_FAILURE): Object: 'Object Repository/00-Signup and Activation/zMailinator/gobutton' is clicked on

2023-05-08 10:45:43 - [MESSAGE][PASSED] - Object: 'Object Repository/00-Signup and Activation/zMailinator/gobutton' is clicked on

2023-05-08 10:45:43 - [TEST_STEP][PASSED] - delay(delay_3seconds): Delayed 3 second(s)

2023-05-08 10:45:46 - [MESSAGE][PASSED] - Delayed 3 second(s)

2023-05-08 10:45:46 - [TEST_STEP][PASSED] - click(findTestObject("00-Signup and Activation/zMailinator/Email - everleagues")): Object: 'Object Repository/00-Signup and Activation/zMailinator/Email - everleagues' is clicked on

2023-05-08 10:45:47 - [MESSAGE][PASSED] - Object: 'Object Repository/00-Signup and Activation/zMailinator/Email - everleagues' is clicked on

2023-05-08 10:45:47 - [TEST_STEP][PASSED] - delay(delay_3seconds): Delayed 3 second(s)

2023-05-08 10:45:50 - [MESSAGE][PASSED] - Delayed 3 second(s)

2023-05-08 10:45:50 - [TEST_STEP][PASSED] - code = getText(findTestObject("Object Repository/06-Teams/For 2FA/2FA code")): Text of object 'Object Repository/06-Teams/For 2FA/2FA code' is: '593509'

2023-05-08 10:45:51 - [MESSAGE][PASSED] - Text of object 'Object Repository/06-Teams/For 2FA/2FA code' is: '593509'

2023-05-08 10:45:51 - [TEST_STEP][PASSED] - delay(delay_3seconds): Delayed 3 second(s)

2023-05-08 10:45:54 - [MESSAGE][PASSED] - Delayed 3 second(s)

2023-05-08 10:45:54 - [TEST_STEP][PASSED] - closeWindowTitle("Mailinator"): Window with title: 'Mailinator' is closed

2023-05-08 10:45:54 - [MESSAGE][PASSED] - Window with title: 'Mailinator' is closed

2023-05-08 10:45:54 - [TEST_STEP][PASSED] - delay(delay_3seconds): Delayed 3 second(s)

2023-05-08 10:45:57 - [MESSAGE][PASSED] - Delayed 3 second(s)

2023-05-08 10:45:57 - [TEST_STEP][PASSED] - switchToWindowIndex(0): Switched to window with index: '0'

2023-05-08 10:45:57 - [MESSAGE][PASSED] - Switched to window with index: '0'

2023-05-08 10:45:57 - [TEST_STEP][PASSED] - delay(delay_3seconds): Delayed 3 second(s)

2023-05-08 10:46:00 - [MESSAGE][PASSED] - Delayed 3 second(s)

2023-05-08 10:46:00 - [TEST_STEP][PASSED] - setText(findTestObject("Object Repository/06-Teams/For 2FA/input_Enter verification code_code"), code): Text '593509' is set on object 'Object Repository/06-Teams/For 2FA/input_Enter verification code_code'

2023-05-08 10:46:01 - [MESSAGE][PASSED] - Text '593509' is set on object 'Object Repository/06-Teams/For 2FA/input_Enter verification code_code'

2023-05-08 10:46:01 - [TEST_STEP][PASSED] - delay(delay_3seconds): Delayed 3 second(s)

2023-05-08 10:46:04 - [MESSAGE][PASSED] - Delayed 3 second(s)

2023-05-08 10:46:04 - [TEST_STEP][PASSED] - click(findTestObject("06-Teams/For 2FA/button_Verify_2FA")): Object: 'Object Repository/06-Teams/For 2FA/button_Verify_2FA' is clicked on

2023-05-08 10:46:06 - [MESSAGE][PASSED] - Object: 'Object Repository/06-Teams/For 2FA/button_Verify_2FA' is clicked on

2023-05-08 10:46:06 - [TEST_STEP][PASSED] - delay(delay_3seconds): Delayed 3 second(s)

2023-05-08 10:46:09 - [MESSAGE][PASSED] - Delayed 3 second(s)

2023-05-08 10:46:09 - [MESSAGE][PASSED] - Call Test Case 'Test Cases/01-Login and Forgot Password/04-Login(Valid Credentials-With Subscription)' successfully

2023-05-08 10:46:09 - [TEST_STEP][PASSED] - click(findTestObject("06-Teams/button_doublearrow")): Object: 'Object Repository/06-Teams/button_doublearrow' is clicked on

2023-05-08 10:46:11 - [MESSAGE][PASSED] - Object: 'Object Repository/06-Teams/button_doublearrow' is clicked on

2023-05-08 10:46:11 - [TEST_STEP][PASSED] - click(findTestObject("06-Teams/button_My Organizations")): Object: 'Object Repository/06-Teams/button_My Organizations' is clicked on

2023-05-08 10:46:12 - [MESSAGE][PASSED] - Object: 'Object Repository/06-Teams/button_My Organizations' is clicked on

2023-05-08 10:46:12 - [TEST_STEP][PASSED] - click(findTestObject("06-Teams/button_GG Automation")): Object: 'Object Repository/06-Teams/button_GG Automation' is clicked on

2023-05-08 10:46:13 - [MESSAGE][PASSED] - Object: 'Object Repository/06-Teams/button_GG Automation' is clicked on

2023-05-08 10:46:13 - [TEST_STEP][PASSED] - delay(delay_4seconds): Delayed 4 second(s)

2023-05-08 10:46:17 - [MESSAGE][PASSED] - Delayed 4 second(s)

2023-05-08 10:46:17 - [TEST_STEP][PASSED] - verifyElementVisible(findTestObject("06-Teams/span_GG Automation")): Object 'Object Repository/06-Teams/span_GG Automation' is visible

2023-05-08 10:46:18 - [MESSAGE][PASSED] - Object 'Object Repository/06-Teams/span_GG Automation' is visible

2023-05-08 10:46:18 - [TEST_STEP][PASSED] - delay(delay_2seconds): Delayed 2 second(s)

2023-05-08 10:46:20 - [MESSAGE][PASSED] - Delayed 2 second(s)

2023-05-08 10:46:20 - [TEST_STEP][PASSED] - click(findTestObject("03-Header Menu/Hamburger Button/div_Teams")): Object: 'Object Repository/03-Header Menu/Hamburger Button/div_Teams' is clicked on

2023-05-08 10:46:21 - [MESSAGE][PASSED] - Object: 'Object Repository/03-Header Menu/Hamburger Button/div_Teams' is clicked on

2023-05-08 10:46:21 - [TEST_STEP][PASSED] - delay(delay_2seconds): Delayed 2 second(s)

2023-05-08 10:46:23 - [MESSAGE][PASSED] - Delayed 2 second(s)

2023-05-08 10:46:23 - [TEST_STEP][PASSED] - verifyElementVisible(findTestObject("06-Teams/h4_TEAMS")): Object 'Object Repository/06-Teams/h4_TEAMS' is visible

2023-05-08 10:46:23 - [MESSAGE][PASSED] - Object 'Object Repository/06-Teams/h4_TEAMS' is visible

2023-05-08 10:46:23 - [TEST_STEP][PASSED] - delay(delay_3seconds): Delayed 3 second(s)

2023-05-08 10:46:26 - [MESSAGE][PASSED] - Delayed 3 second(s)

2023-05-08 10:46:26 - [TEST_STEP][PASSED] - click(findTestObject("06-Teams/Add Team")): Object: 'Object Repository/06-Teams/Add Team' is clicked on

2023-05-08 10:46:27 - [MESSAGE][PASSED] - Object: 'Object Repository/06-Teams/Add Team' is clicked on

2023-05-08 10:46:27 - [TEST_STEP][PASSED] - delay(delay_3seconds): Delayed 3 second(s)

2023-05-08 10:46:30 - [MESSAGE][PASSED] - Delayed 3 second(s)

2023-05-08 10:46:30 - [TEST_STEP][PASSED] - verifyElementVisible(findTestObject("06-Teams/button_Public")): Object 'Object Repository/06-Teams/button_Public' is visible

2023-05-08 10:46:30 - [MESSAGE][PASSED] - Object 'Object Repository/06-Teams/button_Public' is visible

2023-05-08 10:46:30 - [TEST_STEP][PASSED] - verifyElementVisible(findTestObject("06-Teams/button_Private")): Object 'Object Repository/06-Teams/button_Private' is visible

2023-05-08 10:46:31 - [MESSAGE][PASSED] - Object 'Object Repository/06-Teams/button_Private' is visible

2023-05-08 10:46:31 - [TEST_STEP][PASSED] - delay(delay_3seconds): Delayed 3 second(s)

2023-05-08 10:46:34 - [MESSAGE][PASSED] - Delayed 3 second(s)

2023-05-08 10:46:34 - [TEST_STEP][PASSED] - click(findTestObject("06-Teams/button_Public")): Object: 'Object Repository/06-Teams/button_Public' is clicked on

2023-05-08 10:46:36 - [MESSAGE][PASSED] - Object: 'Object Repository/06-Teams/button_Public' is clicked on

2023-05-08 10:46:36 - [TEST_STEP][PASSED] - verifyElementVisible(findTestObject("06-Teams/01-Add Team-Public/Add Team_Public")): Object 'Object Repository/06-Teams/01-Add Team-Public/Add Team_Public' is visible

2023-05-08 10:46:37 - [MESSAGE][PASSED] - Object 'Object Repository/06-Teams/01-Add Team-Public/Add Team_Public' is visible

2023-05-08 10:46:37 - [TEST_STEP][PASSED] - scrollToElement(findTestObject("06-Teams/01-Add Team-Public/button_Create"), 0): Scroll to object 'Object Repository/06-Teams/01-Add Team-Public/button_Create' successfully

2023-05-08 10:46:37 - [MESSAGE][WARNING] - Timeout '0' is invalid. Using default page load timeout: '30'

2023-05-08 10:46:37 - [MESSAGE][PASSED] - Scroll to object 'Object Repository/06-Teams/01-Add Team-Public/button_Create' successfully

2023-05-08 10:46:37 - [TEST_STEP][PASSED] - verifyElementNotClickable(findTestObject("06-Teams/01-Add Team-Public/button_Create")): Object 'Object Repository/06-Teams/01-Add Team-Public/button_Create' is NOT clickable

2023-05-08 10:46:38 - [MESSAGE][PASSED] - Object 'Object Repository/06-Teams/01-Add Team-Public/button_Create' is NOT clickable

2023-05-08 10:46:38 - [TEST_STEP][PASSED] - delay(delay_3seconds): Delayed 3 second(s)

2023-05-08 10:46:41 - [MESSAGE][PASSED] - Delayed 3 second(s)

2023-05-08 10:46:41 - [TEST_STEP][PASSED] - click(findTestObject("06-Teams/01-Add Team-Public/input_teamName")): Object: 'Object Repository/06-Teams/01-Add Team-Public/input_teamName' is clicked on

2023-05-08 10:46:42 - [MESSAGE][PASSED] - Object: 'Object Repository/06-Teams/01-Add Team-Public/input_teamName' is clicked on

2023-05-08 10:46:42 - [TEST_STEP][PASSED] - click(findTestObject("06-Teams/01-Add Team-Public/Org unit")): Object: 'Object Repository/06-Teams/01-Add Team-Public/Org unit' is clicked on

2023-05-08 10:46:42 - [MESSAGE][PASSED] - Object: 'Object Repository/06-Teams/01-Add Team-Public/Org unit' is clicked on

2023-05-08 10:46:42 - [TEST_STEP][PASSED] - verifyElementVisible(findTestObject("06-Teams/01-Add Team-Public/h4_Select an organization unit")): Object 'Object Repository/06-Teams/01-Add Team-Public/h4_Select an organization unit' is visible

2023-05-08 10:46:43 - [MESSAGE][PASSED] - Object 'Object Repository/06-Teams/01-Add Team-Public/h4_Select an organization unit' is visible

2023-05-08 10:46:43 - [TEST_STEP][PASSED] - delay(delay_3seconds): Delayed 3 second(s)

2023-05-08 10:46:46 - [MESSAGE][PASSED] - Delayed 3 second(s)

2023-05-08 10:46:46 - [TEST_STEP][PASSED] - click(findTestObject("06-Teams/01-Add Team-Public/div_GG Automation")): Object: 'Object Repository/06-Teams/01-Add Team-Public/div_GG Automation' is clicked on

2023-05-08 10:46:46 - [MESSAGE][PASSED] - Object: 'Object Repository/06-Teams/01-Add Team-Public/div_GG Automation' is clicked on

2023-05-08 10:46:46 - [TEST_STEP][PASSED] - click(findTestObject("06-Teams/01-Add Team-Public/button_Select")): Object: 'Object Repository/06-Teams/01-Add Team-Public/button_Select' is clicked on

2023-05-08 10:46:47 - [MESSAGE][PASSED] - Object: 'Object Repository/06-Teams/01-Add Team-Public/button_Select' is clicked on

2023-05-08 10:46:47 - [TEST_STEP][PASSED] - verifyElementVisible(findTestObject("06-Teams/01-Add Team-Public/Error Team name")): Object 'Object Repository/06-Teams/01-Add Team-Public/Error Team name' is visible

2023-05-08 10:46:47 - [MESSAGE][PASSED] - Object 'Object Repository/06-Teams/01-Add Team-Public/Error Team name' is visible

2023-05-08 10:46:47 - [TEST_STEP][PASSED] - delay(delay_3seconds): Delayed 3 second(s)

2023-05-08 10:46:51 - [MESSAGE][PASSED] - Delayed 3 second(s)

2023-05-08 10:46:51 - [TEST_STEP][PASSED] - setText(findTestObject("06-Teams/01-Add Team-Public/input_teamName"), team_name_public): Text 'Auto Team Public' is set on object 'Object Repository/06-Teams/01-Add Team-Public/input_teamName'

2023-05-08 10:46:52 - [MESSAGE][PASSED] - Text 'Auto Team Public' is set on object 'Object Repository/06-Teams/01-Add Team-Public/input_teamName'

2023-05-08 10:46:52 - [TEST_STEP][PASSED] - scrollToElement(findTestObject("06-Teams/01-Add Team-Public/button_Create"), 0): Scroll to object 'Object Repository/06-Teams/01-Add Team-Public/button_Create' successfully

2023-05-08 10:46:52 - [MESSAGE][WARNING] - Timeout '0' is invalid. Using default page load timeout: '30'

2023-05-08 10:46:52 - [MESSAGE][PASSED] - Scroll to object 'Object Repository/06-Teams/01-Add Team-Public/button_Create' successfully

2023-05-08 10:46:52 - [TEST_STEP][PASSED] - click(findTestObject("06-Teams/01-Add Team-Public/button_Create")): Object: 'Object Repository/06-Teams/01-Add Team-Public/button_Create' is clicked on

2023-05-08 10:46:53 - [MESSAGE][PASSED] - Object: 'Object Repository/06-Teams/01-Add Team-Public/button_Create' is clicked on

2023-05-08 10:46:53 - [TEST_STEP][PASSED] - verifyElementVisible(findTestObject("06-Teams/01-Add Team-Public/span_Successfully added new team")): Object 'Object Repository/06-Teams/01-Add Team-Public/span_Successfully added new team' is visible

2023-05-08 10:46:55 - [MESSAGE][PASSED] - Object 'Object Repository/06-Teams/01-Add Team-Public/span_Successfully added new team' is visible

2023-05-08 10:46:55 - [TEST_STEP][PASSED] - delay(delay_3seconds): Delayed 3 second(s)

2023-05-08 10:46:58 - [MESSAGE][PASSED] - Delayed 3 second(s)

2023-05-08 10:46:58 - [TEST_STEP][PASSED] - verifyElementVisible(findTestObject("06-Teams/01-Add Team-Public/span_Auto Team Public")): Object 'Object Repository/06-Teams/01-Add Team-Public/span_Auto Team Public' is visible

2023-05-08 10:46:58 - [MESSAGE][PASSED] - Object 'Object Repository/06-Teams/01-Add Team-Public/span_Auto Team Public' is visible

2023-05-08 10:46:58 - [TEST_STEP][PASSED] - delay(delay_3seconds): Delayed 3 second(s)

2023-05-08 10:47:01 - [MESSAGE][PASSED] - Delayed 3 second(s)]]></system-out>
         <system-err><![CDATA[]]></system-err>
      </testcase>
      <testcase name="Test Cases/06- Teams/02-Add Team-Private" time="47.292" classname="Test Cases/06- Teams/02-Add Team-Private" status="PASSED">
         <system-out><![CDATA[2023-05-08 10:47:01 - [TEST_CASE][PASSED] - Test Cases/06- Teams/02-Add Team-Private: Test Cases/06- Teams/02-Add Team-Private

2023-05-08 10:47:02 - [TEST_STEP][PASSED] - click(findTestObject("06-Teams/Add Team")): Object: 'Object Repository/06-Teams/Add Team' is clicked on

2023-05-08 10:47:03 - [MESSAGE][PASSED] - Object: 'Object Repository/06-Teams/Add Team' is clicked on

2023-05-08 10:47:03 - [TEST_STEP][PASSED] - delay(delay_3seconds): Delayed 3 second(s)

2023-05-08 10:47:06 - [MESSAGE][PASSED] - Delayed 3 second(s)

2023-05-08 10:47:06 - [TEST_STEP][PASSED] - verifyElementVisible(findTestObject("06-Teams/button_Public")): Object 'Object Repository/06-Teams/button_Public' is visible

2023-05-08 10:47:06 - [MESSAGE][PASSED] - Object 'Object Repository/06-Teams/button_Public' is visible

2023-05-08 10:47:06 - [TEST_STEP][PASSED] - verifyElementVisible(findTestObject("06-Teams/button_Private")): Object 'Object Repository/06-Teams/button_Private' is visible

2023-05-08 10:47:06 - [MESSAGE][PASSED] - Object 'Object Repository/06-Teams/button_Private' is visible

2023-05-08 10:47:06 - [TEST_STEP][PASSED] - delay(delay_3seconds): Delayed 3 second(s)

2023-05-08 10:47:09 - [MESSAGE][PASSED] - Delayed 3 second(s)

2023-05-08 10:47:09 - [TEST_STEP][PASSED] - click(findTestObject("06-Teams/button_Private")): Object: 'Object Repository/06-Teams/button_Private' is clicked on

2023-05-08 10:47:10 - [MESSAGE][PASSED] - Object: 'Object Repository/06-Teams/button_Private' is clicked on

2023-05-08 10:47:10 - [TEST_STEP][PASSED] - delay(delay_3seconds): Delayed 3 second(s)

2023-05-08 10:47:13 - [MESSAGE][PASSED] - Delayed 3 second(s)

2023-05-08 10:47:13 - [TEST_STEP][PASSED] - verifyElementVisible(findTestObject("06-Teams/02-Add Team-Private/Add team- Private")): Object 'Object Repository/06-Teams/02-Add Team-Private/Add team- Private' is visible

2023-05-08 10:47:14 - [MESSAGE][PASSED] - Object 'Object Repository/06-Teams/02-Add Team-Private/Add team- Private' is visible

2023-05-08 10:47:14 - [TEST_STEP][PASSED] - verifyElementVisible(findTestObject("06-Teams/02-Add Team-Private/div_Settings")): Object 'Object Repository/06-Teams/02-Add Team-Private/div_Settings' is visible

2023-05-08 10:47:14 - [MESSAGE][PASSED] - Object 'Object Repository/06-Teams/02-Add Team-Private/div_Settings' is visible

2023-05-08 10:47:14 - [TEST_STEP][PASSED] - verifyElementVisible(findTestObject("06-Teams/02-Add Team-Private/div_Members")): Object 'Object Repository/06-Teams/02-Add Team-Private/div_Members' is visible

2023-05-08 10:47:15 - [MESSAGE][PASSED] - Object 'Object Repository/06-Teams/02-Add Team-Private/div_Members' is visible

2023-05-08 10:47:15 - [TEST_STEP][PASSED] - scrollToElement(findTestObject("06-Teams/01-Add Team-Public/button_Create"), 0): Scroll to object 'Object Repository/06-Teams/01-Add Team-Public/button_Create' successfully

2023-05-08 10:47:15 - [MESSAGE][WARNING] - Timeout '0' is invalid. Using default page load timeout: '30'

2023-05-08 10:47:16 - [MESSAGE][PASSED] - Scroll to object 'Object Repository/06-Teams/01-Add Team-Public/button_Create' successfully

2023-05-08 10:47:16 - [TEST_STEP][PASSED] - verifyElementNotClickable(findTestObject("06-Teams/01-Add Team-Public/button_Create")): Object 'Object Repository/06-Teams/01-Add Team-Public/button_Create' is NOT clickable

2023-05-08 10:47:16 - [MESSAGE][PASSED] - Object 'Object Repository/06-Teams/01-Add Team-Public/button_Create' is NOT clickable

2023-05-08 10:47:16 - [TEST_STEP][PASSED] - delay(delay_3seconds): Delayed 3 second(s)

2023-05-08 10:47:19 - [MESSAGE][PASSED] - Delayed 3 second(s)

2023-05-08 10:47:19 - [TEST_STEP][PASSED] - click(findTestObject("06-Teams/01-Add Team-Public/input_teamName")): Object: 'Object Repository/06-Teams/01-Add Team-Public/input_teamName' is clicked on

2023-05-08 10:47:19 - [MESSAGE][PASSED] - Object: 'Object Repository/06-Teams/01-Add Team-Public/input_teamName' is clicked on

2023-05-08 10:47:19 - [TEST_STEP][PASSED] - click(findTestObject("06-Teams/01-Add Team-Public/Org unit")): Object: 'Object Repository/06-Teams/01-Add Team-Public/Org unit' is clicked on

2023-05-08 10:47:20 - [MESSAGE][PASSED] - Object: 'Object Repository/06-Teams/01-Add Team-Public/Org unit' is clicked on

2023-05-08 10:47:20 - [TEST_STEP][PASSED] - verifyElementVisible(findTestObject("06-Teams/01-Add Team-Public/h4_Select an organization unit")): Object 'Object Repository/06-Teams/01-Add Team-Public/h4_Select an organization unit' is visible

2023-05-08 10:47:21 - [MESSAGE][PASSED] - Object 'Object Repository/06-Teams/01-Add Team-Public/h4_Select an organization unit' is visible

2023-05-08 10:47:21 - [TEST_STEP][PASSED] - delay(delay_3seconds): Delayed 3 second(s)

2023-05-08 10:47:24 - [MESSAGE][PASSED] - Delayed 3 second(s)

2023-05-08 10:47:24 - [TEST_STEP][PASSED] - click(findTestObject("06-Teams/01-Add Team-Public/div_GG Automation")): Object: 'Object Repository/06-Teams/01-Add Team-Public/div_GG Automation' is clicked on

2023-05-08 10:47:24 - [MESSAGE][PASSED] - Object: 'Object Repository/06-Teams/01-Add Team-Public/div_GG Automation' is clicked on

2023-05-08 10:47:24 - [TEST_STEP][PASSED] - click(findTestObject("06-Teams/01-Add Team-Public/button_Select")): Object: 'Object Repository/06-Teams/01-Add Team-Public/button_Select' is clicked on

2023-05-08 10:47:25 - [MESSAGE][PASSED] - Object: 'Object Repository/06-Teams/01-Add Team-Public/button_Select' is clicked on

2023-05-08 10:47:25 - [TEST_STEP][PASSED] - verifyElementVisible(findTestObject("06-Teams/01-Add Team-Public/Error Team name")): Object 'Object Repository/06-Teams/01-Add Team-Public/Error Team name' is visible

2023-05-08 10:47:26 - [MESSAGE][PASSED] - Object 'Object Repository/06-Teams/01-Add Team-Public/Error Team name' is visible

2023-05-08 10:47:26 - [TEST_STEP][PASSED] - delay(delay_3seconds): Delayed 3 second(s)

2023-05-08 10:47:29 - [MESSAGE][PASSED] - Delayed 3 second(s)

2023-05-08 10:47:29 - [TEST_STEP][PASSED] - delay(delay_3seconds): Delayed 3 second(s)

2023-05-08 10:47:32 - [MESSAGE][PASSED] - Delayed 3 second(s)

2023-05-08 10:47:32 - [TEST_STEP][PASSED] - setText(findTestObject("06-Teams/01-Add Team-Public/input_teamName"), team_name_private): Text 'Auto Team Private' is set on object 'Object Repository/06-Teams/01-Add Team-Public/input_teamName'

2023-05-08 10:47:33 - [MESSAGE][PASSED] - Text 'Auto Team Private' is set on object 'Object Repository/06-Teams/01-Add Team-Public/input_teamName'

2023-05-08 10:47:33 - [TEST_STEP][PASSED] - click(findTestObject("06-Teams/02-Add Team-Private/div_Members")): Object: 'Object Repository/06-Teams/02-Add Team-Private/div_Members' is clicked on

2023-05-08 10:47:33 - [MESSAGE][PASSED] - Object: 'Object Repository/06-Teams/02-Add Team-Private/div_Members' is clicked on

2023-05-08 10:47:33 - [TEST_STEP][PASSED] - verifyElementVisible(findTestObject("06-Teams/02-Add Team-Private/Members dialog box")): Object 'Object Repository/06-Teams/02-Add Team-Private/Members dialog box' is visible

2023-05-08 10:47:34 - [MESSAGE][PASSED] - Object 'Object Repository/06-Teams/02-Add Team-Private/Members dialog box' is visible

2023-05-08 10:47:34 - [TEST_STEP][PASSED] - delay(delay_3seconds): Delayed 3 second(s)

2023-05-08 10:47:37 - [MESSAGE][PASSED] - Delayed 3 second(s)

2023-05-08 10:47:37 - [TEST_STEP][PASSED] - scrollToElement(findTestObject("06-Teams/01-Add Team-Public/button_Create"), 0): Scroll to object 'Object Repository/06-Teams/01-Add Team-Public/button_Create' successfully

2023-05-08 10:47:37 - [MESSAGE][WARNING] - Timeout '0' is invalid. Using default page load timeout: '30'

2023-05-08 10:47:38 - [MESSAGE][PASSED] - Scroll to object 'Object Repository/06-Teams/01-Add Team-Public/button_Create' successfully

2023-05-08 10:47:38 - [TEST_STEP][PASSED] - click(findTestObject("06-Teams/01-Add Team-Public/button_Create")): Object: 'Object Repository/06-Teams/01-Add Team-Public/button_Create' is clicked on

2023-05-08 10:47:38 - [MESSAGE][PASSED] - Object: 'Object Repository/06-Teams/01-Add Team-Public/button_Create' is clicked on

2023-05-08 10:47:38 - [TEST_STEP][PASSED] - verifyElementVisible(findTestObject("06-Teams/01-Add Team-Public/span_Successfully added new team")): Object 'Object Repository/06-Teams/01-Add Team-Public/span_Successfully added new team' is visible

2023-05-08 10:47:41 - [MESSAGE][PASSED] - Object 'Object Repository/06-Teams/01-Add Team-Public/span_Successfully added new team' is visible

2023-05-08 10:47:41 - [TEST_STEP][PASSED] - delay(delay_3seconds): Delayed 3 second(s)

2023-05-08 10:47:44 - [MESSAGE][PASSED] - Delayed 3 second(s)

2023-05-08 10:47:44 - [TEST_STEP][PASSED] - verifyElementVisible(findTestObject("06-Teams/02-Add Team-Private/span_Auto Team Private")): Object 'Object Repository/06-Teams/02-Add Team-Private/span_Auto Team Private' is visible

2023-05-08 10:47:44 - [MESSAGE][PASSED] - Object 'Object Repository/06-Teams/02-Add Team-Private/span_Auto Team Private' is visible

2023-05-08 10:47:44 - [TEST_STEP][PASSED] - delay(delay_3seconds): Delayed 3 second(s)

2023-05-08 10:47:47 - [MESSAGE][PASSED] - Delayed 3 second(s)

2023-05-08 10:47:47 - [TEST_STEP][PASSED] - closeBrowser(): Browser is closed

2023-05-08 10:47:49 - [MESSAGE][PASSED] - Browser is closed]]></system-out>
         <system-err><![CDATA[]]></system-err>
      </testcase>
      <system-out><![CDATA[2023-05-08 10:44:56 - [TEST_SUITE][PASSED] - 06.1- Teams - Add: Test Cases/06- Teams/02-Add Team-Private]]></system-out>
      <system-err><![CDATA[]]></system-err>
   </testsuite>
</testsuites>
