<?xml version="1.0" encoding="UTF-8"?>
<testsuites name="09.1 - Settings (Invite users)" time="943.465" tests="5" failures="0" errors="0">
   <testsuite name="09.1 - Settings (Invite users)" tests="5" failures="0" errors="0" time="943.465" skipped="0" timestamp="2022-12-09 15:19:00" hostname="User - DESKTOP-QCRNR4M" id="Test Suites/TS-Organization/09.1 - Settings (Invite users)">
      <properties>
         <property name="deviceName" value=""/>
         <property name="devicePlatform" value=""/>
         <property name="logFolder" value="C:\\Users\\User\\Katalon Studio\\EverleaguesMain\\Reports\\20221209_151856\\TS-Organization\\09.1 - Settings (Invite users)\\20221209_151857"/>
         <property name="logFiles" value="C:\\Users\\User\\Katalon Studio\\EverleaguesMain\\Reports\\20221209_151856\\TS-Organization\\09.1 - Settings (Invite users)\\20221209_151857\\execution0.log"/>
         <property name="attachments" value=""/>
         <property name="hostName" value="User - DESKTOP-QCRNR4M"/>
         <property name="os" value="Windows 10 64bit"/>
         <property name="katalonVersion" value="8.4.1.208"/>
         <property name="browser" value="Chrome 108.0.0.0"/>
         <property name="hostAddress" value="192.168.5.124"/>
         <property name="sessionId" value="789f10fcb99d7c31bb30fd1cf997fe6e"/>
         <property name="seleniumVersion" value="3.141.59"/>
         <property name="proxyInformation" value="ProxyInformation { proxyOption=NO_PROXY, proxyServerType=HTTP, username=, password=********, proxyServerAddress=, proxyServerPort=0, executionList=&quot;&quot;, isApplyToDesiredCapabilities=true }"/>
         <property name="platform" value="Windows 10"/>
      </properties>
      <testcase name="Test Cases/09-Settings/01 - Users (Invite new user but field are blank)" time="87.199" classname="Test Cases/09-Settings/01 - Users (Invite new user but field are blank)" status="PASSED">
         <system-out><![CDATA[2022-12-09 15:19:00 - [TEST_CASE][PASSED] - Test Cases/09-Settings/01 - Users (Invite new user but field are blank): Test Cases/09-Settings/01 - Users (Invite new user but field are blank)

2022-12-09 15:19:01 - [TEST_STEP][PASSED] - openBrowser(""): Browser is opened with url: ''

2022-12-09 15:19:01 - [MESSAGE][INFO] - Starting 'Chrome' driver

2022-12-09 15:19:01 - [MESSAGE][INFO] - Action delay is set to 0 milliseconds

2022-12-09 15:19:03 - [MESSAGE][PASSED] - Browser is opened with url: ''

2022-12-09 15:19:03 - [TEST_STEP][PASSED] - navigateToUrl("https://lab.everleagues.com/"): Navigate to 'https://lab.everleagues.com/' successfully

2022-12-09 15:19:14 - [MESSAGE][PASSED] - Navigate to 'https://lab.everleagues.com/' successfully

2022-12-09 15:19:14 - [TEST_STEP][PASSED] - maximizeWindow(): Current window maximized

2022-12-09 15:19:14 - [MESSAGE][PASSED] - Current window maximized

2022-12-09 15:19:14 - [TEST_STEP][PASSED] - setText(findTestObject("02-Side Icons(Organization)/Add Contact/Email Field"), "testuser02@mailinator.com"): Text 'testuser02@mailinator.com' is set on object 'Object Repository/02-Side Icons(Organization)/Add Contact/Email Field'

2022-12-09 15:19:15 - [MESSAGE][PASSED] - Text 'testuser02@mailinator.com' is set on object 'Object Repository/02-Side Icons(Organization)/Add Contact/Email Field'

2022-12-09 15:19:15 - [TEST_STEP][PASSED] - setEncryptedText(findTestObject("02-Side Icons(Organization)/Add Contact/Password Field"), "8yFRyszE6U6jvsCn51OQbg=="): Text ****** has been set on object 'Object Repository/02-Side Icons(Organization)/Add Contact/Password Field'

2022-12-09 15:19:15 - [MESSAGE][PASSED] - Text ****** has been set on object 'Object Repository/02-Side Icons(Organization)/Add Contact/Password Field'

2022-12-09 15:19:15 - [TEST_STEP][PASSED] - click(findTestObject("02-Side Icons(Organization)/Add Contact/button_Sign in")): Object: 'Object Repository/02-Side Icons(Organization)/Add Contact/button_Sign in' is clicked on

2022-12-09 15:19:16 - [MESSAGE][PASSED] - Object: 'Object Repository/02-Side Icons(Organization)/Add Contact/button_Sign in' is clicked on

2022-12-09 15:19:16 - [TEST_STEP][PASSED] - delay(2): Delayed 2 second(s)

2022-12-09 15:19:18 - [MESSAGE][PASSED] - Delayed 2 second(s)

2022-12-09 15:19:18 - [TEST_STEP][PASSED] - click(findTestObject("06-Teams/For 2FA/button_Confirm_2FA")): Object: 'Object Repository/06-Teams/For 2FA/button_Confirm_2FA' is clicked on

2022-12-09 15:19:18 - [MESSAGE][PASSED] - Object: 'Object Repository/06-Teams/For 2FA/button_Confirm_2FA' is clicked on

2022-12-09 15:19:18 - [TEST_STEP][PASSED] - executeJavaScript("window.open();", []): Execute JavaScript 'window.open();' successfully

2022-12-09 15:19:18 - [MESSAGE][PASSED] - Execute JavaScript 'window.open();' successfully

2022-12-09 15:19:18 - [TEST_STEP][PASSED] - currentWindow = getWindowIndex(): Current window's index is: 0

2022-12-09 15:19:18 - [MESSAGE][PASSED] - Current window's index is: 0

2022-12-09 15:19:18 - [TEST_STEP][PASSED] - delay(3): Delayed 3 second(s)

2022-12-09 15:19:21 - [MESSAGE][PASSED] - Delayed 3 second(s)

2022-12-09 15:19:21 - [TEST_STEP][PASSED] - switchToWindowIndex(currentWindow + 1): Switched to window with index: '1'

2022-12-09 15:19:21 - [MESSAGE][PASSED] - Switched to window with index: '1'

2022-12-09 15:19:21 - [TEST_STEP][PASSED] - navigateToUrl("https://www.mailinator.com/"): Navigate to 'https://www.mailinator.com/' successfully

2022-12-09 15:19:23 - [MESSAGE][PASSED] - Navigate to 'https://www.mailinator.com/' successfully

2022-12-09 15:19:23 - [TEST_STEP][PASSED] - delay(3): Delayed 3 second(s)

2022-12-09 15:19:26 - [MESSAGE][PASSED] - Delayed 3 second(s)

2022-12-09 15:19:26 - [TEST_STEP][PASSED] - setText(findTestObject("00-Signup and Activation/zMailinator/input_LOGIN_search"), "testuser02@mailinator.com"): Text 'testuser02@mailinator.com' is set on object 'Object Repository/00-Signup and Activation/zMailinator/input_LOGIN_search'

2022-12-09 15:19:27 - [MESSAGE][PASSED] - Text 'testuser02@mailinator.com' is set on object 'Object Repository/00-Signup and Activation/zMailinator/input_LOGIN_search'

2022-12-09 15:19:27 - [TEST_STEP][PASSED] - click(findTestObject("00-Signup and Activation/zMailinator/gobutton"), STOP_ON_FAILURE): Object: 'Object Repository/00-Signup and Activation/zMailinator/gobutton' is clicked on

2022-12-09 15:19:29 - [MESSAGE][PASSED] - Object: 'Object Repository/00-Signup and Activation/zMailinator/gobutton' is clicked on

2022-12-09 15:19:29 - [TEST_STEP][PASSED] - delay(3): Delayed 3 second(s)

2022-12-09 15:19:32 - [MESSAGE][PASSED] - Delayed 3 second(s)

2022-12-09 15:19:32 - [TEST_STEP][PASSED] - click(findTestObject("00-Signup and Activation/zMailinator/Email - everleagues")): Object: 'Object Repository/00-Signup and Activation/zMailinator/Email - everleagues' is clicked on

2022-12-09 15:19:33 - [MESSAGE][PASSED] - Object: 'Object Repository/00-Signup and Activation/zMailinator/Email - everleagues' is clicked on

2022-12-09 15:19:33 - [TEST_STEP][PASSED] - delay(3): Delayed 3 second(s)

2022-12-09 15:19:36 - [MESSAGE][PASSED] - Delayed 3 second(s)

2022-12-09 15:19:36 - [TEST_STEP][PASSED] - code = getText(findTestObject("Object Repository/06-Teams/For 2FA/2FA code")): Text of object 'Object Repository/06-Teams/For 2FA/2FA code' is: '172206'

2022-12-09 15:19:36 - [MESSAGE][PASSED] - Text of object 'Object Repository/06-Teams/For 2FA/2FA code' is: '172206'

2022-12-09 15:19:36 - [TEST_STEP][PASSED] - delay(3): Delayed 3 second(s)

2022-12-09 15:19:39 - [MESSAGE][PASSED] - Delayed 3 second(s)

2022-12-09 15:19:39 - [TEST_STEP][PASSED] - closeWindowTitle("Mailinator"): Window with title: 'Mailinator' is closed

2022-12-09 15:19:39 - [MESSAGE][PASSED] - Window with title: 'Mailinator' is closed

2022-12-09 15:19:39 - [TEST_STEP][PASSED] - delay(3): Delayed 3 second(s)

2022-12-09 15:19:42 - [MESSAGE][PASSED] - Delayed 3 second(s)

2022-12-09 15:19:42 - [TEST_STEP][PASSED] - switchToWindowIndex(0): Switched to window with index: '0'

2022-12-09 15:19:42 - [MESSAGE][PASSED] - Switched to window with index: '0'

2022-12-09 15:19:42 - [TEST_STEP][PASSED] - delay(3): Delayed 3 second(s)

2022-12-09 15:19:45 - [MESSAGE][PASSED] - Delayed 3 second(s)

2022-12-09 15:19:45 - [TEST_STEP][PASSED] - setText(findTestObject("Object Repository/06-Teams/For 2FA/input_Enter verification code_code"), code): Text '172206' is set on object 'Object Repository/06-Teams/For 2FA/input_Enter verification code_code'

2022-12-09 15:19:46 - [MESSAGE][PASSED] - Text '172206' is set on object 'Object Repository/06-Teams/For 2FA/input_Enter verification code_code'

2022-12-09 15:19:46 - [TEST_STEP][PASSED] - delay(3): Delayed 3 second(s)

2022-12-09 15:19:49 - [MESSAGE][PASSED] - Delayed 3 second(s)

2022-12-09 15:19:49 - [TEST_STEP][PASSED] - click(findTestObject("06-Teams/For 2FA/button_Verify_2FA")): Object: 'Object Repository/06-Teams/For 2FA/button_Verify_2FA' is clicked on

2022-12-09 15:19:50 - [MESSAGE][PASSED] - Object: 'Object Repository/06-Teams/For 2FA/button_Verify_2FA' is clicked on

2022-12-09 15:19:50 - [TEST_STEP][PASSED] - delay(5): Delayed 5 second(s)

2022-12-09 15:19:55 - [MESSAGE][PASSED] - Delayed 5 second(s)

2022-12-09 15:19:55 - [TEST_STEP][PASSED] - click(findTestObject("06-Teams/button_doublearrow")): Object: 'Object Repository/06-Teams/button_doublearrow' is clicked on

2022-12-09 15:19:56 - [MESSAGE][PASSED] - Object: 'Object Repository/06-Teams/button_doublearrow' is clicked on

2022-12-09 15:19:56 - [TEST_STEP][PASSED] - click(findTestObject("06-Teams/button_My Organizations")): Object: 'Object Repository/06-Teams/button_My Organizations' is clicked on

2022-12-09 15:19:57 - [MESSAGE][PASSED] - Object: 'Object Repository/06-Teams/button_My Organizations' is clicked on

2022-12-09 15:19:57 - [TEST_STEP][PASSED] - click(findTestObject("06-Teams/button_GG Automation")): Object: 'Object Repository/06-Teams/button_GG Automation' is clicked on

2022-12-09 15:19:58 - [MESSAGE][PASSED] - Object: 'Object Repository/06-Teams/button_GG Automation' is clicked on

2022-12-09 15:19:58 - [TEST_STEP][PASSED] - delay(4): Delayed 4 second(s)

2022-12-09 15:20:02 - [MESSAGE][PASSED] - Delayed 4 second(s)

2022-12-09 15:20:02 - [TEST_STEP][PASSED] - verifyElementVisible(findTestObject("06-Teams/span_GG Automation")): Object 'Object Repository/06-Teams/span_GG Automation' is visible

2022-12-09 15:20:02 - [MESSAGE][PASSED] - Object 'Object Repository/06-Teams/span_GG Automation' is visible

2022-12-09 15:20:02 - [TEST_STEP][PASSED] - delay(5): Delayed 5 second(s)

2022-12-09 15:20:07 - [MESSAGE][PASSED] - Delayed 5 second(s)

2022-12-09 15:20:07 - [TEST_STEP][PASSED] - click(findTestObject("03-Header Menu/Hamburger Button/div_Settings")): Object: 'Object Repository/03-Header Menu/Hamburger Button/div_Settings' is clicked on

2022-12-09 15:20:07 - [MESSAGE][PASSED] - Object: 'Object Repository/03-Header Menu/Hamburger Button/div_Settings' is clicked on

2022-12-09 15:20:07 - [TEST_STEP][PASSED] - verifyElementVisible(findTestObject("09-Settings/Users/div_Organization")): Object 'Object Repository/09-Settings/Users/div_Organization' is visible

2022-12-09 15:20:08 - [MESSAGE][PASSED] - Object 'Object Repository/09-Settings/Users/div_Organization' is visible

2022-12-09 15:20:08 - [TEST_STEP][PASSED] - verifyElementVisible(findTestObject("09-Settings/Users/div_Organization Units")): Object 'Object Repository/09-Settings/Users/div_Organization Units' is visible

2022-12-09 15:20:09 - [MESSAGE][PASSED] - Object 'Object Repository/09-Settings/Users/div_Organization Units' is visible

2022-12-09 15:20:09 - [TEST_STEP][PASSED] - verifyElementVisible(findTestObject("09-Settings/Users/div_Subscriptions")): Object 'Object Repository/09-Settings/Users/div_Subscriptions' is visible

2022-12-09 15:20:09 - [MESSAGE][PASSED] - Object 'Object Repository/09-Settings/Users/div_Subscriptions' is visible

2022-12-09 15:20:09 - [TEST_STEP][PASSED] - verifyElementVisible(findTestObject("09-Settings/Users/div_Users")): Object 'Object Repository/09-Settings/Users/div_Users' is visible

2022-12-09 15:20:09 - [MESSAGE][PASSED] - Object 'Object Repository/09-Settings/Users/div_Users' is visible

2022-12-09 15:20:09 - [TEST_STEP][PASSED] - delay(3): Delayed 3 second(s)

2022-12-09 15:20:12 - [MESSAGE][PASSED] - Delayed 3 second(s)

2022-12-09 15:20:12 - [TEST_STEP][PASSED] - click(findTestObject("09-Settings/Users/div_Users")): Object: 'Object Repository/09-Settings/Users/div_Users' is clicked on

2022-12-09 15:20:13 - [MESSAGE][PASSED] - Object: 'Object Repository/09-Settings/Users/div_Users' is clicked on

2022-12-09 15:20:13 - [TEST_STEP][PASSED] - verifyElementVisible(findTestObject("09-Settings/Users/h4_USERS")): Object 'Object Repository/09-Settings/Users/h4_USERS' is visible

2022-12-09 15:20:14 - [MESSAGE][PASSED] - Object 'Object Repository/09-Settings/Users/h4_USERS' is visible

2022-12-09 15:20:14 - [TEST_STEP][PASSED] - verifyElementVisible(findTestObject("09-Settings/Users/User Page")): Object 'Object Repository/09-Settings/Users/User Page' is visible

2022-12-09 15:20:15 - [MESSAGE][PASSED] - Object 'Object Repository/09-Settings/Users/User Page' is visible

2022-12-09 15:20:15 - [TEST_STEP][PASSED] - delay(3): Delayed 3 second(s)

2022-12-09 15:20:18 - [MESSAGE][PASSED] - Delayed 3 second(s)

2022-12-09 15:20:18 - [TEST_STEP][PASSED] - click(findTestObject("09-Settings/Users/button_add")): Object: 'Object Repository/09-Settings/Users/button_add' is clicked on

2022-12-09 15:20:18 - [MESSAGE][PASSED] - Object: 'Object Repository/09-Settings/Users/button_add' is clicked on

2022-12-09 15:20:18 - [TEST_STEP][PASSED] - verifyElementVisible(findTestObject("09-Settings/Users/User Invitation modal")): Object 'Object Repository/09-Settings/Users/User Invitation modal' is visible

2022-12-09 15:20:19 - [MESSAGE][PASSED] - Object 'Object Repository/09-Settings/Users/User Invitation modal' is visible

2022-12-09 15:20:19 - [TEST_STEP][PASSED] - delay(3): Delayed 3 second(s)

2022-12-09 15:20:22 - [MESSAGE][PASSED] - Delayed 3 second(s)

2022-12-09 15:20:22 - [TEST_STEP][PASSED] - click(findTestObject("09-Settings/Users/add Invite a single user")): Object: 'Object Repository/09-Settings/Users/add Invite a single user' is clicked on

2022-12-09 15:20:22 - [MESSAGE][PASSED] - Object: 'Object Repository/09-Settings/Users/add Invite a single user' is clicked on

2022-12-09 15:20:22 - [TEST_STEP][PASSED] - verifyElementVisible(findTestObject("09-Settings/Users/Invite new user modal")): Object 'Object Repository/09-Settings/Users/Invite new user modal' is visible

2022-12-09 15:20:23 - [MESSAGE][PASSED] - Object 'Object Repository/09-Settings/Users/Invite new user modal' is visible

2022-12-09 15:20:23 - [TEST_STEP][PASSED] - click(findTestObject("09-Settings/Users/input_email")): Object: 'Object Repository/09-Settings/Users/input_email' is clicked on

2022-12-09 15:20:24 - [MESSAGE][PASSED] - Object: 'Object Repository/09-Settings/Users/input_email' is clicked on

2022-12-09 15:20:24 - [TEST_STEP][PASSED] - click(findTestObject("09-Settings/Users/input_firstName")): Object: 'Object Repository/09-Settings/Users/input_firstName' is clicked on

2022-12-09 15:20:24 - [MESSAGE][PASSED] - Object: 'Object Repository/09-Settings/Users/input_firstName' is clicked on

2022-12-09 15:20:24 - [TEST_STEP][PASSED] - click(findTestObject("09-Settings/Users/input_lastName")): Object: 'Object Repository/09-Settings/Users/input_lastName' is clicked on

2022-12-09 15:20:25 - [MESSAGE][PASSED] - Object: 'Object Repository/09-Settings/Users/input_lastName' is clicked on

2022-12-09 15:20:25 - [TEST_STEP][PASSED] - click(findTestObject("09-Settings/Users/span_Role")): Object: 'Object Repository/09-Settings/Users/span_Role' is clicked on

2022-12-09 15:20:25 - [MESSAGE][PASSED] - Object: 'Object Repository/09-Settings/Users/span_Role' is clicked on

2022-12-09 15:20:25 - [TEST_STEP][PASSED] - clickOffset(findTestObject("09-Settings/Users/h4_Invite New User"), 100, 100): Object: 'Object Repository/09-Settings/Users/h4_Invite New User' is clicked on using offset x=100 and y=100

2022-12-09 15:20:26 - [MESSAGE][PASSED] - Object: 'Object Repository/09-Settings/Users/h4_Invite New User' is clicked on using offset x=100 and y=100

2022-12-09 15:20:26 - [TEST_STEP][PASSED] - verifyElementVisible(findTestObject("09-Settings/Users/Email required")): Object 'Object Repository/09-Settings/Users/Email required' is visible

2022-12-09 15:20:27 - [MESSAGE][PASSED] - Object 'Object Repository/09-Settings/Users/Email required' is visible

2022-12-09 15:20:27 - [TEST_STEP][PASSED] - verifyElementVisible(findTestObject("09-Settings/Users/Firstname required")): Object 'Object Repository/09-Settings/Users/Firstname required' is visible

2022-12-09 15:20:27 - [MESSAGE][PASSED] - Object 'Object Repository/09-Settings/Users/Firstname required' is visible

2022-12-09 15:20:27 - [TEST_STEP][PASSED] - verifyElementVisible(findTestObject("09-Settings/Users/last name required")): Object 'Object Repository/09-Settings/Users/last name required' is visible

2022-12-09 15:20:27 - [MESSAGE][PASSED] - Object 'Object Repository/09-Settings/Users/last name required' is visible

2022-12-09 15:20:27 - [TEST_STEP][PASSED] - verifyElementVisible(findTestObject("09-Settings/Users/error_Select a role")): Object 'Object Repository/09-Settings/Users/error_Select a role' is visible

2022-12-09 15:20:28 - [MESSAGE][PASSED] - Object 'Object Repository/09-Settings/Users/error_Select a role' is visible]]></system-out>
         <system-err><![CDATA[]]></system-err>
      </testcase>
      <testcase name="Test Cases/09-Settings/02 - Users (Invite new user as co worker)" time="343.045" classname="Test Cases/09-Settings/02 - Users (Invite new user as co worker)" status="PASSED">
         <system-out><![CDATA[2022-12-09 15:20:28 - [TEST_CASE][PASSED] - Test Cases/09-Settings/02 - Users (Invite new user as co worker): Test Cases/09-Settings/02 - Users (Invite new user as co worker)

2022-12-09 15:20:28 - [TEST_STEP][PASSED] - delay(3): Delayed 3 second(s)

2022-12-09 15:20:31 - [MESSAGE][PASSED] - Delayed 3 second(s)

2022-12-09 15:20:31 - [TEST_STEP][PASSED] - setText(findTestObject("09-Settings/Users/input_email"), "autotester04@mailinator.com"): Text 'autotester04@mailinator.com' is set on object 'Object Repository/09-Settings/Users/input_email'

2022-12-09 15:20:32 - [MESSAGE][PASSED] - Text 'autotester04@mailinator.com' is set on object 'Object Repository/09-Settings/Users/input_email'

2022-12-09 15:20:32 - [TEST_STEP][PASSED] - setText(findTestObject("09-Settings/Users/input_firstName"), "GG"): Text 'GG' is set on object 'Object Repository/09-Settings/Users/input_firstName'

2022-12-09 15:20:33 - [MESSAGE][PASSED] - Text 'GG' is set on object 'Object Repository/09-Settings/Users/input_firstName'

2022-12-09 15:20:33 - [TEST_STEP][PASSED] - setText(findTestObject("09-Settings/Users/input_lastName"), "Auto Contact 2"): Text 'Auto Contact 2' is set on object 'Object Repository/09-Settings/Users/input_lastName'

2022-12-09 15:20:34 - [MESSAGE][PASSED] - Text 'Auto Contact 2' is set on object 'Object Repository/09-Settings/Users/input_lastName'

2022-12-09 15:20:34 - [TEST_STEP][PASSED] - click(findTestObject("09-Settings/Users/span_Role")): Object: 'Object Repository/09-Settings/Users/span_Role' is clicked on

2022-12-09 15:20:34 - [MESSAGE][PASSED] - Object: 'Object Repository/09-Settings/Users/span_Role' is clicked on

2022-12-09 15:20:34 - [TEST_STEP][PASSED] - click(findTestObject("09-Settings/Users/span_CoWorker")): Object: 'Object Repository/09-Settings/Users/span_CoWorker' is clicked on

2022-12-09 15:20:35 - [MESSAGE][PASSED] - Object: 'Object Repository/09-Settings/Users/span_CoWorker' is clicked on

2022-12-09 15:20:35 - [TEST_STEP][PASSED] - click(findTestObject("09-Settings/Users/button_Send Invitation")): Object: 'Object Repository/09-Settings/Users/button_Send Invitation' is clicked on

2022-12-09 15:20:36 - [MESSAGE][PASSED] - Object: 'Object Repository/09-Settings/Users/button_Send Invitation' is clicked on

2022-12-09 15:20:36 - [TEST_STEP][PASSED] - delay(2): Delayed 2 second(s)

2022-12-09 15:20:38 - [MESSAGE][PASSED] - Delayed 2 second(s)

2022-12-09 15:20:38 - [TEST_STEP][PASSED] - verifyElementVisible(findTestObject("07-Directory/Connections/zContact Profile/Successfully invited user")): Object 'Object Repository/07-Directory/Connections/zContact Profile/Successfully invited user' is visible

2022-12-09 15:20:40 - [MESSAGE][PASSED] - Object 'Object Repository/07-Directory/Connections/zContact Profile/Successfully invited user' is visible

2022-12-09 15:20:40 - [TEST_STEP][PASSED] - delay(2): Delayed 2 second(s)

2022-12-09 15:20:42 - [MESSAGE][PASSED] - Delayed 2 second(s)

2022-12-09 15:20:42 - [TEST_STEP][PASSED] - executeJavaScript("window.open();", []): Execute JavaScript 'window.open();' successfully

2022-12-09 15:20:42 - [MESSAGE][PASSED] - Execute JavaScript 'window.open();' successfully

2022-12-09 15:20:42 - [TEST_STEP][PASSED] - currentWindow = getWindowIndex(): Current window's index is: 0

2022-12-09 15:20:42 - [MESSAGE][PASSED] - Current window's index is: 0

2022-12-09 15:20:42 - [TEST_STEP][PASSED] - delay(3): Delayed 3 second(s)

2022-12-09 15:20:45 - [MESSAGE][PASSED] - Delayed 3 second(s)

2022-12-09 15:20:45 - [TEST_STEP][PASSED] - switchToWindowIndex(currentWindow + 1): Switched to window with index: '1'

2022-12-09 15:20:45 - [MESSAGE][PASSED] - Switched to window with index: '1'

2022-12-09 15:20:45 - [TEST_STEP][PASSED] - navigateToUrl("https://www.mailinator.com/"): Navigate to 'https://www.mailinator.com/' successfully

2022-12-09 15:20:47 - [MESSAGE][PASSED] - Navigate to 'https://www.mailinator.com/' successfully

2022-12-09 15:20:47 - [TEST_STEP][PASSED] - delay(3): Delayed 3 second(s)

2022-12-09 15:20:50 - [MESSAGE][PASSED] - Delayed 3 second(s)

2022-12-09 15:20:50 - [TEST_STEP][PASSED] - setText(findTestObject("00-Signup and Activation/zMailinator/input_LOGIN_search"), "autotester04@mailinator.com"): Text 'autotester04@mailinator.com' is set on object 'Object Repository/00-Signup and Activation/zMailinator/input_LOGIN_search'

2022-12-09 15:20:51 - [MESSAGE][PASSED] - Text 'autotester04@mailinator.com' is set on object 'Object Repository/00-Signup and Activation/zMailinator/input_LOGIN_search'

2022-12-09 15:20:51 - [TEST_STEP][PASSED] - click(findTestObject("00-Signup and Activation/zMailinator/gobutton"), STOP_ON_FAILURE): Object: 'Object Repository/00-Signup and Activation/zMailinator/gobutton' is clicked on

2022-12-09 15:20:53 - [MESSAGE][PASSED] - Object: 'Object Repository/00-Signup and Activation/zMailinator/gobutton' is clicked on

2022-12-09 15:20:53 - [TEST_STEP][PASSED] - delay(3): Delayed 3 second(s)

2022-12-09 15:20:56 - [MESSAGE][PASSED] - Delayed 3 second(s)

2022-12-09 15:20:56 - [TEST_STEP][PASSED] - closeWindowTitle("Everleagues"): Window with title: 'Everleagues' is closed

2022-12-09 15:20:56 - [MESSAGE][PASSED] - Window with title: 'Everleagues' is closed

2022-12-09 15:20:56 - [TEST_STEP][PASSED] - switchToWindowIndex(0): Switched to window with index: '0'

2022-12-09 15:20:56 - [MESSAGE][PASSED] - Switched to window with index: '0'

2022-12-09 15:20:56 - [TEST_STEP][PASSED] - click(findTestObject("09-Settings/Users/Co worker/td_Invitation from GG Automation")): Object: 'Object Repository/09-Settings/Users/Co worker/td_Invitation from GG Automation' is clicked on

2022-12-09 15:20:57 - [MESSAGE][PASSED] - Object: 'Object Repository/09-Settings/Users/Co worker/td_Invitation from GG Automation' is clicked on

2022-12-09 15:20:57 - [TEST_STEP][PASSED] - click(findTestObject("09-Settings/Users/Co worker/a_Click here to join GG Automation on EverLeagues")): Object: 'Object Repository/09-Settings/Users/Co worker/a_Click here to join GG Automation on EverLeagues' is clicked on

2022-12-09 15:20:58 - [MESSAGE][PASSED] - Object: 'Object Repository/09-Settings/Users/Co worker/a_Click here to join GG Automation on EverLeagues' is clicked on

2022-12-09 15:20:58 - [TEST_STEP][PASSED] - closeWindowTitle("Mailinator"): Window with title: 'Mailinator' is closed

2022-12-09 15:20:58 - [MESSAGE][PASSED] - Window with title: 'Mailinator' is closed

2022-12-09 15:20:58 - [TEST_STEP][PASSED] - switchToWindowIndex(0): Switched to window with index: '0'

2022-12-09 15:20:58 - [MESSAGE][PASSED] - Switched to window with index: '0'

2022-12-09 15:20:58 - [TEST_STEP][PASSED] - verifyElementVisible(findTestObject("09-Settings/Users/Co worker/Logout before proceed modal")): Object 'Object Repository/09-Settings/Users/Co worker/Logout before proceed modal' is visible

2022-12-09 15:21:04 - [MESSAGE][PASSED] - Object 'Object Repository/09-Settings/Users/Co worker/Logout before proceed modal' is visible

2022-12-09 15:21:04 - [TEST_STEP][PASSED] - click(findTestObject("09-Settings/Users/Co worker/button_Yes")): Object: 'Object Repository/09-Settings/Users/Co worker/button_Yes' is clicked on

2022-12-09 15:21:04 - [MESSAGE][PASSED] - Object: 'Object Repository/09-Settings/Users/Co worker/button_Yes' is clicked on

2022-12-09 15:21:04 - [TEST_STEP][PASSED] - delay(3): Delayed 3 second(s)

2022-12-09 15:21:07 - [MESSAGE][PASSED] - Delayed 3 second(s)

2022-12-09 15:21:07 - [TEST_STEP][PASSED] - setText(findTestObject("09-Settings/Users/Co worker/input_Email_email"), "autotester04@mailinator.com"): Text 'autotester04@mailinator.com' is set on object 'Object Repository/09-Settings/Users/Co worker/input_Email_email'

2022-12-09 15:22:08 - [MESSAGE][PASSED] - Text 'autotester04@mailinator.com' is set on object 'Object Repository/09-Settings/Users/Co worker/input_Email_email'

2022-12-09 15:22:08 - [TEST_STEP][PASSED] - setEncryptedText(findTestObject("09-Settings/Users/Co worker/input__password"), "8yFRyszE6U6jvsCn51OQbg=="): Text ****** has been set on object 'Object Repository/09-Settings/Users/Co worker/input__password'

2022-12-09 15:22:38 - [MESSAGE][PASSED] - Text ****** has been set on object 'Object Repository/09-Settings/Users/Co worker/input__password'

2022-12-09 15:22:38 - [TEST_STEP][PASSED] - click(findTestObject("02-Side Icons(Organization)/Add Contact/button_Sign in")): Object: 'Object Repository/02-Side Icons(Organization)/Add Contact/button_Sign in' is clicked on

2022-12-09 15:23:08 - [MESSAGE][PASSED] - Object: 'Object Repository/02-Side Icons(Organization)/Add Contact/button_Sign in' is clicked on

2022-12-09 15:23:08 - [TEST_STEP][PASSED] - delay(2): Delayed 2 second(s)

2022-12-09 15:23:10 - [MESSAGE][PASSED] - Delayed 2 second(s)

2022-12-09 15:23:10 - [TEST_STEP][PASSED] - click(findTestObject("06-Teams/For 2FA/button_Confirm_2FA")): Object: 'Object Repository/06-Teams/For 2FA/button_Confirm_2FA' is clicked on

2022-12-09 15:23:40 - [MESSAGE][PASSED] - Object: 'Object Repository/06-Teams/For 2FA/button_Confirm_2FA' is clicked on

2022-12-09 15:23:40 - [TEST_STEP][PASSED] - executeJavaScript("window.open();", []): Execute JavaScript 'window.open();' successfully

2022-12-09 15:23:40 - [MESSAGE][PASSED] - Execute JavaScript 'window.open();' successfully

2022-12-09 15:23:40 - [TEST_STEP][PASSED] - currentWindow = getWindowIndex(): Current window's index is: 0

2022-12-09 15:23:40 - [MESSAGE][PASSED] - Current window's index is: 0

2022-12-09 15:23:40 - [TEST_STEP][PASSED] - delay(3): Delayed 3 second(s)

2022-12-09 15:23:43 - [MESSAGE][PASSED] - Delayed 3 second(s)

2022-12-09 15:23:43 - [TEST_STEP][PASSED] - switchToWindowIndex(currentWindow + 1): Switched to window with index: '1'

2022-12-09 15:23:43 - [MESSAGE][PASSED] - Switched to window with index: '1'

2022-12-09 15:23:43 - [TEST_STEP][PASSED] - navigateToUrl("https://www.mailinator.com/"): Navigate to 'https://www.mailinator.com/' successfully

2022-12-09 15:23:45 - [MESSAGE][PASSED] - Navigate to 'https://www.mailinator.com/' successfully

2022-12-09 15:23:45 - [TEST_STEP][PASSED] - delay(3): Delayed 3 second(s)

2022-12-09 15:23:48 - [MESSAGE][PASSED] - Delayed 3 second(s)

2022-12-09 15:23:48 - [TEST_STEP][PASSED] - setText(findTestObject("00-Signup and Activation/zMailinator/input_LOGIN_search"), "autotester04@mailinator.com"): Text 'autotester04@mailinator.com' is set on object 'Object Repository/00-Signup and Activation/zMailinator/input_LOGIN_search'

2022-12-09 15:23:48 - [MESSAGE][PASSED] - Text 'autotester04@mailinator.com' is set on object 'Object Repository/00-Signup and Activation/zMailinator/input_LOGIN_search'

2022-12-09 15:23:48 - [TEST_STEP][PASSED] - click(findTestObject("00-Signup and Activation/zMailinator/gobutton"), STOP_ON_FAILURE): Object: 'Object Repository/00-Signup and Activation/zMailinator/gobutton' is clicked on

2022-12-09 15:23:50 - [MESSAGE][PASSED] - Object: 'Object Repository/00-Signup and Activation/zMailinator/gobutton' is clicked on

2022-12-09 15:23:50 - [TEST_STEP][PASSED] - delay(3): Delayed 3 second(s)

2022-12-09 15:23:53 - [MESSAGE][PASSED] - Delayed 3 second(s)

2022-12-09 15:23:53 - [TEST_STEP][PASSED] - click(findTestObject("00-Signup and Activation/zMailinator/Email - everleagues")): Object: 'Object Repository/00-Signup and Activation/zMailinator/Email - everleagues' is clicked on

2022-12-09 15:23:53 - [MESSAGE][PASSED] - Object: 'Object Repository/00-Signup and Activation/zMailinator/Email - everleagues' is clicked on

2022-12-09 15:23:53 - [TEST_STEP][PASSED] - delay(3): Delayed 3 second(s)

2022-12-09 15:23:56 - [MESSAGE][PASSED] - Delayed 3 second(s)

2022-12-09 15:23:56 - [TEST_STEP][PASSED] - codetwo = getText(findTestObject("Object Repository/06-Teams/For 2FA/2FA code")): Text of object 'Object Repository/06-Teams/For 2FA/2FA code' is: '314176'

2022-12-09 15:23:56 - [MESSAGE][PASSED] - Text of object 'Object Repository/06-Teams/For 2FA/2FA code' is: '314176'

2022-12-09 15:23:56 - [TEST_STEP][PASSED] - delay(3): Delayed 3 second(s)

2022-12-09 15:23:59 - [MESSAGE][PASSED] - Delayed 3 second(s)

2022-12-09 15:23:59 - [TEST_STEP][PASSED] - closeWindowTitle("Mailinator"): Window with title: 'Mailinator' is closed

2022-12-09 15:24:00 - [MESSAGE][PASSED] - Window with title: 'Mailinator' is closed

2022-12-09 15:24:00 - [TEST_STEP][PASSED] - delay(3): Delayed 3 second(s)

2022-12-09 15:24:03 - [MESSAGE][PASSED] - Delayed 3 second(s)

2022-12-09 15:24:03 - [TEST_STEP][PASSED] - switchToWindowIndex(0): Switched to window with index: '0'

2022-12-09 15:24:03 - [MESSAGE][PASSED] - Switched to window with index: '0'

2022-12-09 15:24:03 - [TEST_STEP][PASSED] - delay(3): Delayed 3 second(s)

2022-12-09 15:24:06 - [MESSAGE][PASSED] - Delayed 3 second(s)

2022-12-09 15:24:06 - [TEST_STEP][PASSED] - setText(findTestObject("Object Repository/06-Teams/For 2FA/input_Enter verification code_code"), codetwo): Text '314176' is set on object 'Object Repository/06-Teams/For 2FA/input_Enter verification code_code'

2022-12-09 15:25:06 - [MESSAGE][PASSED] - Text '314176' is set on object 'Object Repository/06-Teams/For 2FA/input_Enter verification code_code'

2022-12-09 15:25:06 - [TEST_STEP][PASSED] - delay(3): Delayed 3 second(s)

2022-12-09 15:25:09 - [MESSAGE][PASSED] - Delayed 3 second(s)

2022-12-09 15:25:09 - [TEST_STEP][PASSED] - click(findTestObject("06-Teams/For 2FA/button_Verify_2FA")): Object: 'Object Repository/06-Teams/For 2FA/button_Verify_2FA' is clicked on

2022-12-09 15:25:39 - [MESSAGE][PASSED] - Object: 'Object Repository/06-Teams/For 2FA/button_Verify_2FA' is clicked on

2022-12-09 15:25:39 - [TEST_STEP][PASSED] - delay(5): Delayed 5 second(s)

2022-12-09 15:25:44 - [MESSAGE][PASSED] - Delayed 5 second(s)

2022-12-09 15:25:44 - [TEST_STEP][PASSED] - executeJavaScript("window.open();", []): Execute JavaScript 'window.open();' successfully

2022-12-09 15:25:44 - [MESSAGE][PASSED] - Execute JavaScript 'window.open();' successfully

2022-12-09 15:25:44 - [TEST_STEP][PASSED] - currentWindow = getWindowIndex(): Current window's index is: 0

2022-12-09 15:25:44 - [MESSAGE][PASSED] - Current window's index is: 0

2022-12-09 15:25:44 - [TEST_STEP][PASSED] - delay(3): Delayed 3 second(s)

2022-12-09 15:25:47 - [MESSAGE][PASSED] - Delayed 3 second(s)

2022-12-09 15:25:47 - [TEST_STEP][PASSED] - switchToWindowIndex(currentWindow + 1): Switched to window with index: '1'

2022-12-09 15:25:47 - [MESSAGE][PASSED] - Switched to window with index: '1'

2022-12-09 15:25:47 - [TEST_STEP][PASSED] - navigateToUrl("https://www.mailinator.com/"): Navigate to 'https://www.mailinator.com/' successfully

2022-12-09 15:25:49 - [MESSAGE][PASSED] - Navigate to 'https://www.mailinator.com/' successfully

2022-12-09 15:25:49 - [TEST_STEP][PASSED] - delay(3): Delayed 3 second(s)

2022-12-09 15:25:52 - [MESSAGE][PASSED] - Delayed 3 second(s)

2022-12-09 15:25:52 - [TEST_STEP][PASSED] - setText(findTestObject("00-Signup and Activation/zMailinator/input_LOGIN_search"), "autotester04@mailinator.com"): Text 'autotester04@mailinator.com' is set on object 'Object Repository/00-Signup and Activation/zMailinator/input_LOGIN_search'

2022-12-09 15:25:52 - [MESSAGE][PASSED] - Text 'autotester04@mailinator.com' is set on object 'Object Repository/00-Signup and Activation/zMailinator/input_LOGIN_search'

2022-12-09 15:25:52 - [TEST_STEP][PASSED] - click(findTestObject("00-Signup and Activation/zMailinator/gobutton"), STOP_ON_FAILURE): Object: 'Object Repository/00-Signup and Activation/zMailinator/gobutton' is clicked on

2022-12-09 15:25:53 - [MESSAGE][PASSED] - Object: 'Object Repository/00-Signup and Activation/zMailinator/gobutton' is clicked on

2022-12-09 15:25:53 - [TEST_STEP][PASSED] - delay(3): Delayed 3 second(s)

2022-12-09 15:25:56 - [MESSAGE][PASSED] - Delayed 3 second(s)

2022-12-09 15:25:56 - [TEST_STEP][PASSED] - closeWindowTitle("Everleagues"): Window with title: 'Everleagues' is closed

2022-12-09 15:25:57 - [MESSAGE][PASSED] - Window with title: 'Everleagues' is closed

2022-12-09 15:25:57 - [TEST_STEP][PASSED] - switchToWindowIndex(0): Switched to window with index: '0'

2022-12-09 15:25:57 - [MESSAGE][PASSED] - Switched to window with index: '0'

2022-12-09 15:25:57 - [TEST_STEP][PASSED] - click(findTestObject("09-Settings/Users/Co worker/td_Invitation from GG Automation")): Object: 'Object Repository/09-Settings/Users/Co worker/td_Invitation from GG Automation' is clicked on

2022-12-09 15:25:57 - [MESSAGE][PASSED] - Object: 'Object Repository/09-Settings/Users/Co worker/td_Invitation from GG Automation' is clicked on

2022-12-09 15:25:57 - [TEST_STEP][PASSED] - click(findTestObject("09-Settings/Users/Co worker/a_Click here to join GG Automation on EverLeagues")): Object: 'Object Repository/09-Settings/Users/Co worker/a_Click here to join GG Automation on EverLeagues' is clicked on

2022-12-09 15:25:58 - [MESSAGE][PASSED] - Object: 'Object Repository/09-Settings/Users/Co worker/a_Click here to join GG Automation on EverLeagues' is clicked on

2022-12-09 15:25:58 - [TEST_STEP][PASSED] - delay(3): Delayed 3 second(s)

2022-12-09 15:26:01 - [MESSAGE][PASSED] - Delayed 3 second(s)

2022-12-09 15:26:01 - [TEST_STEP][PASSED] - closeWindowTitle("Mailinator"): Window with title: 'Mailinator' is closed

2022-12-09 15:26:01 - [MESSAGE][PASSED] - Window with title: 'Mailinator' is closed

2022-12-09 15:26:01 - [TEST_STEP][PASSED] - switchToWindowIndex(0): Switched to window with index: '0'

2022-12-09 15:26:01 - [MESSAGE][PASSED] - Switched to window with index: '0'

2022-12-09 15:26:01 - [TEST_STEP][PASSED] - verifyElementVisible(findTestObject("09-Settings/Users/Co worker/Invite modal")): Object 'Object Repository/09-Settings/Users/Co worker/Invite modal' is visible

2022-12-09 15:26:03 - [MESSAGE][PASSED] - Object 'Object Repository/09-Settings/Users/Co worker/Invite modal' is visible

2022-12-09 15:26:03 - [TEST_STEP][PASSED] - click(findTestObject("09-Settings/Users/Co worker/button_Accept")): Object: 'Object Repository/09-Settings/Users/Co worker/button_Accept' is clicked on

2022-12-09 15:26:04 - [MESSAGE][PASSED] - Object: 'Object Repository/09-Settings/Users/Co worker/button_Accept' is clicked on

2022-12-09 15:26:04 - [TEST_STEP][PASSED] - delay(5): Delayed 5 second(s)

2022-12-09 15:26:09 - [MESSAGE][PASSED] - Delayed 5 second(s)

2022-12-09 15:26:09 - [TEST_STEP][PASSED] - verifyElementVisible(findTestObject("09-Settings/Users/Co worker/div_Joined as CoWorker")): Object 'Object Repository/09-Settings/Users/Co worker/div_Joined as CoWorker' is visible

2022-12-09 15:26:10 - [MESSAGE][PASSED] - Object 'Object Repository/09-Settings/Users/Co worker/div_Joined as CoWorker' is visible

2022-12-09 15:26:10 - [TEST_STEP][PASSED] - closeBrowser(): Browser is closed

2022-12-09 15:26:11 - [MESSAGE][PASSED] - Browser is closed]]></system-out>
         <system-err><![CDATA[]]></system-err>
      </testcase>
      <testcase name="Test Cases/09-Settings/03 - Users (Invite new user as client)" time="216.762" classname="Test Cases/09-Settings/03 - Users (Invite new user as client)" status="PASSED">
         <system-out><![CDATA[2022-12-09 15:26:11 - [TEST_CASE][PASSED] - Test Cases/09-Settings/03 - Users (Invite new user as client): Test Cases/09-Settings/03 - Users (Invite new user as client)

2022-12-09 15:26:11 - [TEST_STEP][PASSED] - openBrowser(""): Browser is opened with url: ''

2022-12-09 15:26:11 - [MESSAGE][INFO] - Starting 'Chrome' driver

2022-12-09 15:26:11 - [MESSAGE][INFO] - Action delay is set to 0 milliseconds

2022-12-09 15:26:12 - [MESSAGE][PASSED] - Browser is opened with url: ''

2022-12-09 15:26:12 - [TEST_STEP][PASSED] - navigateToUrl("https://lab.everleagues.com/"): Navigate to 'https://lab.everleagues.com/' successfully

2022-12-09 15:26:37 - [MESSAGE][PASSED] - Navigate to 'https://lab.everleagues.com/' successfully

2022-12-09 15:26:37 - [TEST_STEP][PASSED] - maximizeWindow(): Current window maximized

2022-12-09 15:26:38 - [MESSAGE][PASSED] - Current window maximized

2022-12-09 15:26:38 - [TEST_STEP][PASSED] - setText(findTestObject("02-Side Icons(Organization)/Add Contact/Email Field"), "testuser02@mailinator.com"): Text 'testuser02@mailinator.com' is set on object 'Object Repository/02-Side Icons(Organization)/Add Contact/Email Field'

2022-12-09 15:26:38 - [MESSAGE][PASSED] - Text 'testuser02@mailinator.com' is set on object 'Object Repository/02-Side Icons(Organization)/Add Contact/Email Field'

2022-12-09 15:26:38 - [TEST_STEP][PASSED] - setEncryptedText(findTestObject("02-Side Icons(Organization)/Add Contact/Password Field"), "8yFRyszE6U6jvsCn51OQbg=="): Text ****** has been set on object 'Object Repository/02-Side Icons(Organization)/Add Contact/Password Field'

2022-12-09 15:26:39 - [MESSAGE][PASSED] - Text ****** has been set on object 'Object Repository/02-Side Icons(Organization)/Add Contact/Password Field'

2022-12-09 15:26:39 - [TEST_STEP][PASSED] - click(findTestObject("02-Side Icons(Organization)/Add Contact/button_Sign in")): Object: 'Object Repository/02-Side Icons(Organization)/Add Contact/button_Sign in' is clicked on

2022-12-09 15:26:40 - [MESSAGE][PASSED] - Object: 'Object Repository/02-Side Icons(Organization)/Add Contact/button_Sign in' is clicked on

2022-12-09 15:26:40 - [TEST_STEP][PASSED] - delay(2): Delayed 2 second(s)

2022-12-09 15:26:42 - [MESSAGE][PASSED] - Delayed 2 second(s)

2022-12-09 15:26:42 - [TEST_STEP][PASSED] - click(findTestObject("06-Teams/For 2FA/button_Confirm_2FA")): Object: 'Object Repository/06-Teams/For 2FA/button_Confirm_2FA' is clicked on

2022-12-09 15:26:42 - [MESSAGE][PASSED] - Object: 'Object Repository/06-Teams/For 2FA/button_Confirm_2FA' is clicked on

2022-12-09 15:26:42 - [TEST_STEP][PASSED] - executeJavaScript("window.open();", []): Execute JavaScript 'window.open();' successfully

2022-12-09 15:26:42 - [MESSAGE][PASSED] - Execute JavaScript 'window.open();' successfully

2022-12-09 15:26:42 - [TEST_STEP][PASSED] - currentWindow = getWindowIndex(): Current window's index is: 0

2022-12-09 15:26:42 - [MESSAGE][PASSED] - Current window's index is: 0

2022-12-09 15:26:42 - [TEST_STEP][PASSED] - delay(3): Delayed 3 second(s)

2022-12-09 15:26:45 - [MESSAGE][PASSED] - Delayed 3 second(s)

2022-12-09 15:26:45 - [TEST_STEP][PASSED] - switchToWindowIndex(currentWindow + 1): Switched to window with index: '1'

2022-12-09 15:26:45 - [MESSAGE][PASSED] - Switched to window with index: '1'

2022-12-09 15:26:45 - [TEST_STEP][PASSED] - navigateToUrl("https://www.mailinator.com/"): Navigate to 'https://www.mailinator.com/' successfully

2022-12-09 15:26:48 - [MESSAGE][PASSED] - Navigate to 'https://www.mailinator.com/' successfully

2022-12-09 15:26:48 - [TEST_STEP][PASSED] - delay(3): Delayed 3 second(s)

2022-12-09 15:26:51 - [MESSAGE][PASSED] - Delayed 3 second(s)

2022-12-09 15:26:51 - [TEST_STEP][PASSED] - setText(findTestObject("00-Signup and Activation/zMailinator/input_LOGIN_search"), "testuser02@mailinator.com"): Text 'testuser02@mailinator.com' is set on object 'Object Repository/00-Signup and Activation/zMailinator/input_LOGIN_search'

2022-12-09 15:26:52 - [MESSAGE][PASSED] - Text 'testuser02@mailinator.com' is set on object 'Object Repository/00-Signup and Activation/zMailinator/input_LOGIN_search'

2022-12-09 15:26:52 - [TEST_STEP][PASSED] - click(findTestObject("00-Signup and Activation/zMailinator/gobutton"), STOP_ON_FAILURE): Object: 'Object Repository/00-Signup and Activation/zMailinator/gobutton' is clicked on

2022-12-09 15:26:53 - [MESSAGE][PASSED] - Object: 'Object Repository/00-Signup and Activation/zMailinator/gobutton' is clicked on

2022-12-09 15:26:53 - [TEST_STEP][PASSED] - delay(3): Delayed 3 second(s)

2022-12-09 15:26:56 - [MESSAGE][PASSED] - Delayed 3 second(s)

2022-12-09 15:26:56 - [TEST_STEP][PASSED] - click(findTestObject("00-Signup and Activation/zMailinator/Email - everleagues")): Object: 'Object Repository/00-Signup and Activation/zMailinator/Email - everleagues' is clicked on

2022-12-09 15:26:57 - [MESSAGE][PASSED] - Object: 'Object Repository/00-Signup and Activation/zMailinator/Email - everleagues' is clicked on

2022-12-09 15:26:57 - [TEST_STEP][PASSED] - delay(3): Delayed 3 second(s)

2022-12-09 15:27:00 - [MESSAGE][PASSED] - Delayed 3 second(s)

2022-12-09 15:27:00 - [TEST_STEP][PASSED] - code = getText(findTestObject("Object Repository/06-Teams/For 2FA/2FA code")): Text of object 'Object Repository/06-Teams/For 2FA/2FA code' is: '678414'

2022-12-09 15:27:00 - [MESSAGE][PASSED] - Text of object 'Object Repository/06-Teams/For 2FA/2FA code' is: '678414'

2022-12-09 15:27:00 - [TEST_STEP][PASSED] - delay(3): Delayed 3 second(s)

2022-12-09 15:27:03 - [MESSAGE][PASSED] - Delayed 3 second(s)

2022-12-09 15:27:03 - [TEST_STEP][PASSED] - closeWindowTitle("Mailinator"): Window with title: 'Mailinator' is closed

2022-12-09 15:27:03 - [MESSAGE][PASSED] - Window with title: 'Mailinator' is closed

2022-12-09 15:27:03 - [TEST_STEP][PASSED] - delay(3): Delayed 3 second(s)

2022-12-09 15:27:06 - [MESSAGE][PASSED] - Delayed 3 second(s)

2022-12-09 15:27:06 - [TEST_STEP][PASSED] - switchToWindowIndex(0): Switched to window with index: '0'

2022-12-09 15:27:07 - [MESSAGE][PASSED] - Switched to window with index: '0'

2022-12-09 15:27:07 - [TEST_STEP][PASSED] - delay(3): Delayed 3 second(s)

2022-12-09 15:27:10 - [MESSAGE][PASSED] - Delayed 3 second(s)

2022-12-09 15:27:10 - [TEST_STEP][PASSED] - setText(findTestObject("Object Repository/06-Teams/For 2FA/input_Enter verification code_code"), code): Text '678414' is set on object 'Object Repository/06-Teams/For 2FA/input_Enter verification code_code'

2022-12-09 15:27:11 - [MESSAGE][PASSED] - Text '678414' is set on object 'Object Repository/06-Teams/For 2FA/input_Enter verification code_code'

2022-12-09 15:27:11 - [TEST_STEP][PASSED] - delay(3): Delayed 3 second(s)

2022-12-09 15:27:14 - [MESSAGE][PASSED] - Delayed 3 second(s)

2022-12-09 15:27:14 - [TEST_STEP][PASSED] - click(findTestObject("06-Teams/For 2FA/button_Verify_2FA")): Object: 'Object Repository/06-Teams/For 2FA/button_Verify_2FA' is clicked on

2022-12-09 15:27:14 - [MESSAGE][PASSED] - Object: 'Object Repository/06-Teams/For 2FA/button_Verify_2FA' is clicked on

2022-12-09 15:27:14 - [TEST_STEP][PASSED] - delay(5): Delayed 5 second(s)

2022-12-09 15:27:19 - [MESSAGE][PASSED] - Delayed 5 second(s)

2022-12-09 15:27:19 - [TEST_STEP][PASSED] - click(findTestObject("06-Teams/button_doublearrow")): Object: 'Object Repository/06-Teams/button_doublearrow' is clicked on

2022-12-09 15:27:20 - [MESSAGE][PASSED] - Object: 'Object Repository/06-Teams/button_doublearrow' is clicked on

2022-12-09 15:27:20 - [TEST_STEP][PASSED] - click(findTestObject("06-Teams/button_My Organizations")): Object: 'Object Repository/06-Teams/button_My Organizations' is clicked on

2022-12-09 15:27:21 - [MESSAGE][PASSED] - Object: 'Object Repository/06-Teams/button_My Organizations' is clicked on

2022-12-09 15:27:21 - [TEST_STEP][PASSED] - click(findTestObject("06-Teams/button_GG Automation")): Object: 'Object Repository/06-Teams/button_GG Automation' is clicked on

2022-12-09 15:27:22 - [MESSAGE][PASSED] - Object: 'Object Repository/06-Teams/button_GG Automation' is clicked on

2022-12-09 15:27:22 - [TEST_STEP][PASSED] - delay(4): Delayed 4 second(s)

2022-12-09 15:27:26 - [MESSAGE][PASSED] - Delayed 4 second(s)

2022-12-09 15:27:26 - [TEST_STEP][PASSED] - verifyElementVisible(findTestObject("06-Teams/span_GG Automation")): Object 'Object Repository/06-Teams/span_GG Automation' is visible

2022-12-09 15:27:26 - [MESSAGE][PASSED] - Object 'Object Repository/06-Teams/span_GG Automation' is visible

2022-12-09 15:27:26 - [TEST_STEP][PASSED] - delay(5): Delayed 5 second(s)

2022-12-09 15:27:31 - [MESSAGE][PASSED] - Delayed 5 second(s)

2022-12-09 15:27:31 - [TEST_STEP][PASSED] - click(findTestObject("03-Header Menu/Hamburger Button/div_Settings")): Object: 'Object Repository/03-Header Menu/Hamburger Button/div_Settings' is clicked on

2022-12-09 15:27:31 - [MESSAGE][PASSED] - Object: 'Object Repository/03-Header Menu/Hamburger Button/div_Settings' is clicked on

2022-12-09 15:27:31 - [TEST_STEP][PASSED] - delay(3): Delayed 3 second(s)

2022-12-09 15:27:34 - [MESSAGE][PASSED] - Delayed 3 second(s)

2022-12-09 15:27:34 - [TEST_STEP][PASSED] - click(findTestObject("09-Settings/Users/div_Users")): Object: 'Object Repository/09-Settings/Users/div_Users' is clicked on

2022-12-09 15:27:35 - [MESSAGE][PASSED] - Object: 'Object Repository/09-Settings/Users/div_Users' is clicked on

2022-12-09 15:27:35 - [TEST_STEP][PASSED] - delay(3): Delayed 3 second(s)

2022-12-09 15:27:38 - [MESSAGE][PASSED] - Delayed 3 second(s)

2022-12-09 15:27:38 - [TEST_STEP][PASSED] - click(findTestObject("09-Settings/Users/button_add")): Object: 'Object Repository/09-Settings/Users/button_add' is clicked on

2022-12-09 15:27:39 - [MESSAGE][PASSED] - Object: 'Object Repository/09-Settings/Users/button_add' is clicked on

2022-12-09 15:27:39 - [TEST_STEP][PASSED] - delay(3): Delayed 3 second(s)

2022-12-09 15:27:42 - [MESSAGE][PASSED] - Delayed 3 second(s)

2022-12-09 15:27:42 - [TEST_STEP][PASSED] - click(findTestObject("09-Settings/Users/add Invite a single user")): Object: 'Object Repository/09-Settings/Users/add Invite a single user' is clicked on

2022-12-09 15:27:42 - [MESSAGE][PASSED] - Object: 'Object Repository/09-Settings/Users/add Invite a single user' is clicked on

2022-12-09 15:27:42 - [TEST_STEP][PASSED] - delay(3): Delayed 3 second(s)

2022-12-09 15:27:45 - [MESSAGE][PASSED] - Delayed 3 second(s)

2022-12-09 15:27:45 - [TEST_STEP][PASSED] - setText(findTestObject("09-Settings/Users/input_email"), "autotester09@mailinator.com"): Text 'autotester09@mailinator.com' is set on object 'Object Repository/09-Settings/Users/input_email'

2022-12-09 15:27:46 - [MESSAGE][PASSED] - Text 'autotester09@mailinator.com' is set on object 'Object Repository/09-Settings/Users/input_email'

2022-12-09 15:27:46 - [TEST_STEP][PASSED] - setText(findTestObject("09-Settings/Users/input_firstName"), "GG"): Text 'GG' is set on object 'Object Repository/09-Settings/Users/input_firstName'

2022-12-09 15:27:47 - [MESSAGE][PASSED] - Text 'GG' is set on object 'Object Repository/09-Settings/Users/input_firstName'

2022-12-09 15:27:47 - [TEST_STEP][PASSED] - setText(findTestObject("09-Settings/Users/input_lastName"), "Client"): Text 'Client' is set on object 'Object Repository/09-Settings/Users/input_lastName'

2022-12-09 15:27:47 - [MESSAGE][PASSED] - Text 'Client' is set on object 'Object Repository/09-Settings/Users/input_lastName'

2022-12-09 15:27:47 - [TEST_STEP][PASSED] - click(findTestObject("09-Settings/Users/span_Role")): Object: 'Object Repository/09-Settings/Users/span_Role' is clicked on

2022-12-09 15:27:48 - [MESSAGE][PASSED] - Object: 'Object Repository/09-Settings/Users/span_Role' is clicked on

2022-12-09 15:27:48 - [TEST_STEP][PASSED] - click(findTestObject("09-Settings/Users/span_Client")): Object: 'Object Repository/09-Settings/Users/span_Client' is clicked on

2022-12-09 15:27:48 - [MESSAGE][PASSED] - Object: 'Object Repository/09-Settings/Users/span_Client' is clicked on

2022-12-09 15:27:48 - [TEST_STEP][PASSED] - click(findTestObject("09-Settings/Users/button_Send Invitation")): Object: 'Object Repository/09-Settings/Users/button_Send Invitation' is clicked on

2022-12-09 15:27:49 - [MESSAGE][PASSED] - Object: 'Object Repository/09-Settings/Users/button_Send Invitation' is clicked on

2022-12-09 15:27:49 - [TEST_STEP][PASSED] - delay(2): Delayed 2 second(s)

2022-12-09 15:27:51 - [MESSAGE][PASSED] - Delayed 2 second(s)

2022-12-09 15:27:51 - [TEST_STEP][PASSED] - verifyElementVisible(findTestObject("07-Directory/Connections/zContact Profile/Successfully invited user")): Object 'Object Repository/07-Directory/Connections/zContact Profile/Successfully invited user' is visible

2022-12-09 15:28:13 - [MESSAGE][PASSED] - Object 'Object Repository/07-Directory/Connections/zContact Profile/Successfully invited user' is visible

2022-12-09 15:28:13 - [TEST_STEP][PASSED] - delay(2): Delayed 2 second(s)

2022-12-09 15:28:15 - [MESSAGE][PASSED] - Delayed 2 second(s)

2022-12-09 15:28:15 - [TEST_STEP][PASSED] - click(findTestObject("01-Login and Forgot Password/User menu drop")): Object: 'Object Repository/01-Login and Forgot Password/User menu drop' is clicked on

2022-12-09 15:28:15 - [MESSAGE][PASSED] - Object: 'Object Repository/01-Login and Forgot Password/User menu drop' is clicked on

2022-12-09 15:28:15 - [TEST_STEP][PASSED] - delay(2): Delayed 2 second(s)

2022-12-09 15:28:17 - [MESSAGE][PASSED] - Delayed 2 second(s)

2022-12-09 15:28:17 - [TEST_STEP][PASSED] - click(findTestObject("01-Login and Forgot Password/h4_Sign Out"), STOP_ON_FAILURE): Object: 'Object Repository/01-Login and Forgot Password/h4_Sign Out' is clicked on

2022-12-09 15:28:18 - [MESSAGE][PASSED] - Object: 'Object Repository/01-Login and Forgot Password/h4_Sign Out' is clicked on

2022-12-09 15:28:18 - [TEST_STEP][PASSED] - delay(2): Delayed 2 second(s)

2022-12-09 15:28:20 - [MESSAGE][PASSED] - Delayed 2 second(s)

2022-12-09 15:28:20 - [TEST_STEP][PASSED] - verifyElementPresent(findTestObject("01-Login and Forgot Password/Login_Card"), 0): Object 'Object Repository/01-Login and Forgot Password/Login_Card' is present

2022-12-09 15:28:20 - [MESSAGE][WARNING] - Timeout '0' is invalid. Using default page load timeout: '30'

2022-12-09 15:28:20 - [MESSAGE][PASSED] - Object 'Object Repository/01-Login and Forgot Password/Login_Card' is present

2022-12-09 15:28:20 - [TEST_STEP][PASSED] - delay(3): Delayed 3 second(s)

2022-12-09 15:28:23 - [MESSAGE][PASSED] - Delayed 3 second(s)

2022-12-09 15:28:23 - [TEST_STEP][PASSED] - closeBrowser(): Browser is closed

2022-12-09 15:28:24 - [MESSAGE][PASSED] - Browser is closed

2022-12-09 15:28:24 - [TEST_STEP][PASSED] - openBrowser(""): Browser is opened with url: ''

2022-12-09 15:28:24 - [MESSAGE][INFO] - Starting 'Chrome' driver

2022-12-09 15:28:24 - [MESSAGE][INFO] - Action delay is set to 0 milliseconds

2022-12-09 15:28:25 - [MESSAGE][PASSED] - Browser is opened with url: ''

2022-12-09 15:28:25 - [TEST_STEP][PASSED] - navigateToUrl("https://lab.everleagues.com/"): Navigate to 'https://lab.everleagues.com/' successfully

2022-12-09 15:28:35 - [MESSAGE][PASSED] - Navigate to 'https://lab.everleagues.com/' successfully

2022-12-09 15:28:35 - [TEST_STEP][PASSED] - maximizeWindow(): Current window maximized

2022-12-09 15:28:36 - [MESSAGE][PASSED] - Current window maximized

2022-12-09 15:28:36 - [TEST_STEP][PASSED] - setText(findTestObject("02-Side Icons(Organization)/Add Contact/Email Field"), "autotester09@mailinator.com"): Text 'autotester09@mailinator.com' is set on object 'Object Repository/02-Side Icons(Organization)/Add Contact/Email Field'

2022-12-09 15:28:37 - [MESSAGE][PASSED] - Text 'autotester09@mailinator.com' is set on object 'Object Repository/02-Side Icons(Organization)/Add Contact/Email Field'

2022-12-09 15:28:37 - [TEST_STEP][PASSED] - setEncryptedText(findTestObject("02-Side Icons(Organization)/Add Contact/Password Field"), "8yFRyszE6U6jvsCn51OQbg=="): Text ****** has been set on object 'Object Repository/02-Side Icons(Organization)/Add Contact/Password Field'

2022-12-09 15:28:37 - [MESSAGE][PASSED] - Text ****** has been set on object 'Object Repository/02-Side Icons(Organization)/Add Contact/Password Field'

2022-12-09 15:28:37 - [TEST_STEP][PASSED] - click(findTestObject("02-Side Icons(Organization)/Add Contact/button_Sign in")): Object: 'Object Repository/02-Side Icons(Organization)/Add Contact/button_Sign in' is clicked on

2022-12-09 15:28:38 - [MESSAGE][PASSED] - Object: 'Object Repository/02-Side Icons(Organization)/Add Contact/button_Sign in' is clicked on

2022-12-09 15:28:38 - [TEST_STEP][PASSED] - delay(2): Delayed 2 second(s)

2022-12-09 15:28:40 - [MESSAGE][PASSED] - Delayed 2 second(s)

2022-12-09 15:28:40 - [TEST_STEP][PASSED] - click(findTestObject("06-Teams/For 2FA/button_Confirm_2FA")): Object: 'Object Repository/06-Teams/For 2FA/button_Confirm_2FA' is clicked on

2022-12-09 15:28:40 - [MESSAGE][PASSED] - Object: 'Object Repository/06-Teams/For 2FA/button_Confirm_2FA' is clicked on

2022-12-09 15:28:40 - [TEST_STEP][PASSED] - executeJavaScript("window.open();", []): Execute JavaScript 'window.open();' successfully

2022-12-09 15:28:40 - [MESSAGE][PASSED] - Execute JavaScript 'window.open();' successfully

2022-12-09 15:28:40 - [TEST_STEP][PASSED] - currentWindow = getWindowIndex(): Current window's index is: 0

2022-12-09 15:28:40 - [MESSAGE][PASSED] - Current window's index is: 0

2022-12-09 15:28:41 - [TEST_STEP][PASSED] - delay(3): Delayed 3 second(s)

2022-12-09 15:28:44 - [MESSAGE][PASSED] - Delayed 3 second(s)

2022-12-09 15:28:44 - [TEST_STEP][PASSED] - switchToWindowIndex(currentWindow + 1): Switched to window with index: '1'

2022-12-09 15:28:44 - [MESSAGE][PASSED] - Switched to window with index: '1'

2022-12-09 15:28:44 - [TEST_STEP][PASSED] - navigateToUrl("https://www.mailinator.com/"): Navigate to 'https://www.mailinator.com/' successfully

2022-12-09 15:28:45 - [MESSAGE][PASSED] - Navigate to 'https://www.mailinator.com/' successfully

2022-12-09 15:28:45 - [TEST_STEP][PASSED] - delay(3): Delayed 3 second(s)

2022-12-09 15:28:49 - [MESSAGE][PASSED] - Delayed 3 second(s)

2022-12-09 15:28:49 - [TEST_STEP][PASSED] - setText(findTestObject("00-Signup and Activation/zMailinator/input_LOGIN_search"), "autotester09@mailinator.com"): Text 'autotester09@mailinator.com' is set on object 'Object Repository/00-Signup and Activation/zMailinator/input_LOGIN_search'

2022-12-09 15:28:49 - [MESSAGE][PASSED] - Text 'autotester09@mailinator.com' is set on object 'Object Repository/00-Signup and Activation/zMailinator/input_LOGIN_search'

2022-12-09 15:28:49 - [TEST_STEP][PASSED] - click(findTestObject("00-Signup and Activation/zMailinator/gobutton"), STOP_ON_FAILURE): Object: 'Object Repository/00-Signup and Activation/zMailinator/gobutton' is clicked on

2022-12-09 15:28:51 - [MESSAGE][PASSED] - Object: 'Object Repository/00-Signup and Activation/zMailinator/gobutton' is clicked on

2022-12-09 15:28:51 - [TEST_STEP][PASSED] - delay(3): Delayed 3 second(s)

2022-12-09 15:28:54 - [MESSAGE][PASSED] - Delayed 3 second(s)

2022-12-09 15:28:54 - [TEST_STEP][PASSED] - click(findTestObject("00-Signup and Activation/zMailinator/Email - everleagues")): Object: 'Object Repository/00-Signup and Activation/zMailinator/Email - everleagues' is clicked on

2022-12-09 15:28:54 - [MESSAGE][PASSED] - Object: 'Object Repository/00-Signup and Activation/zMailinator/Email - everleagues' is clicked on

2022-12-09 15:28:54 - [TEST_STEP][PASSED] - delay(3): Delayed 3 second(s)

2022-12-09 15:28:57 - [MESSAGE][PASSED] - Delayed 3 second(s)

2022-12-09 15:28:57 - [TEST_STEP][PASSED] - codetwo = getText(findTestObject("Object Repository/06-Teams/For 2FA/2FA code")): Text of object 'Object Repository/06-Teams/For 2FA/2FA code' is: '861283'

2022-12-09 15:28:58 - [MESSAGE][PASSED] - Text of object 'Object Repository/06-Teams/For 2FA/2FA code' is: '861283'

2022-12-09 15:28:58 - [TEST_STEP][PASSED] - delay(3): Delayed 3 second(s)

2022-12-09 15:29:01 - [MESSAGE][PASSED] - Delayed 3 second(s)

2022-12-09 15:29:01 - [TEST_STEP][PASSED] - closeWindowTitle("Mailinator"): Window with title: 'Mailinator' is closed

2022-12-09 15:29:01 - [MESSAGE][PASSED] - Window with title: 'Mailinator' is closed

2022-12-09 15:29:01 - [TEST_STEP][PASSED] - delay(3): Delayed 3 second(s)

2022-12-09 15:29:04 - [MESSAGE][PASSED] - Delayed 3 second(s)

2022-12-09 15:29:04 - [TEST_STEP][PASSED] - switchToWindowIndex(0): Switched to window with index: '0'

2022-12-09 15:29:04 - [MESSAGE][PASSED] - Switched to window with index: '0'

2022-12-09 15:29:04 - [TEST_STEP][PASSED] - delay(3): Delayed 3 second(s)

2022-12-09 15:29:07 - [MESSAGE][PASSED] - Delayed 3 second(s)

2022-12-09 15:29:07 - [TEST_STEP][PASSED] - setText(findTestObject("Object Repository/06-Teams/For 2FA/input_Enter verification code_code"), codetwo): Text '861283' is set on object 'Object Repository/06-Teams/For 2FA/input_Enter verification code_code'

2022-12-09 15:29:08 - [MESSAGE][PASSED] - Text '861283' is set on object 'Object Repository/06-Teams/For 2FA/input_Enter verification code_code'

2022-12-09 15:29:08 - [TEST_STEP][PASSED] - delay(3): Delayed 3 second(s)

2022-12-09 15:29:11 - [MESSAGE][PASSED] - Delayed 3 second(s)

2022-12-09 15:29:11 - [TEST_STEP][PASSED] - click(findTestObject("06-Teams/For 2FA/button_Verify_2FA")): Object: 'Object Repository/06-Teams/For 2FA/button_Verify_2FA' is clicked on

2022-12-09 15:29:11 - [MESSAGE][PASSED] - Object: 'Object Repository/06-Teams/For 2FA/button_Verify_2FA' is clicked on

2022-12-09 15:29:11 - [TEST_STEP][PASSED] - delay(5): Delayed 5 second(s)

2022-12-09 15:29:16 - [MESSAGE][PASSED] - Delayed 5 second(s)

2022-12-09 15:29:16 - [TEST_STEP][PASSED] - executeJavaScript("window.open();", []): Execute JavaScript 'window.open();' successfully

2022-12-09 15:29:17 - [MESSAGE][PASSED] - Execute JavaScript 'window.open();' successfully

2022-12-09 15:29:17 - [TEST_STEP][PASSED] - currentWindow = getWindowIndex(): Current window's index is: 0

2022-12-09 15:29:17 - [MESSAGE][PASSED] - Current window's index is: 0

2022-12-09 15:29:17 - [TEST_STEP][PASSED] - delay(3): Delayed 3 second(s)

2022-12-09 15:29:20 - [MESSAGE][PASSED] - Delayed 3 second(s)

2022-12-09 15:29:20 - [TEST_STEP][PASSED] - switchToWindowIndex(currentWindow + 1): Switched to window with index: '1'

2022-12-09 15:29:20 - [MESSAGE][PASSED] - Switched to window with index: '1'

2022-12-09 15:29:20 - [TEST_STEP][PASSED] - navigateToUrl("https://www.mailinator.com/"): Navigate to 'https://www.mailinator.com/' successfully

2022-12-09 15:29:21 - [MESSAGE][PASSED] - Navigate to 'https://www.mailinator.com/' successfully

2022-12-09 15:29:21 - [TEST_STEP][PASSED] - delay(3): Delayed 3 second(s)

2022-12-09 15:29:24 - [MESSAGE][PASSED] - Delayed 3 second(s)

2022-12-09 15:29:24 - [TEST_STEP][PASSED] - setText(findTestObject("00-Signup and Activation/zMailinator/input_LOGIN_search"), "autotester09@mailinator.com"): Text 'autotester09@mailinator.com' is set on object 'Object Repository/00-Signup and Activation/zMailinator/input_LOGIN_search'

2022-12-09 15:29:25 - [MESSAGE][PASSED] - Text 'autotester09@mailinator.com' is set on object 'Object Repository/00-Signup and Activation/zMailinator/input_LOGIN_search'

2022-12-09 15:29:25 - [TEST_STEP][PASSED] - click(findTestObject("00-Signup and Activation/zMailinator/gobutton"), STOP_ON_FAILURE): Object: 'Object Repository/00-Signup and Activation/zMailinator/gobutton' is clicked on

2022-12-09 15:29:26 - [MESSAGE][PASSED] - Object: 'Object Repository/00-Signup and Activation/zMailinator/gobutton' is clicked on

2022-12-09 15:29:26 - [TEST_STEP][PASSED] - delay(3): Delayed 3 second(s)

2022-12-09 15:29:29 - [MESSAGE][PASSED] - Delayed 3 second(s)

2022-12-09 15:29:29 - [TEST_STEP][PASSED] - closeWindowTitle("Everleagues"): Window with title: 'Everleagues' is closed

2022-12-09 15:29:29 - [MESSAGE][PASSED] - Window with title: 'Everleagues' is closed

2022-12-09 15:29:29 - [TEST_STEP][PASSED] - switchToWindowIndex(0): Switched to window with index: '0'

2022-12-09 15:29:29 - [MESSAGE][PASSED] - Switched to window with index: '0'

2022-12-09 15:29:29 - [TEST_STEP][PASSED] - click(findTestObject("09-Settings/Users/Co worker/td_Invitation from GG Automation")): Object: 'Object Repository/09-Settings/Users/Co worker/td_Invitation from GG Automation' is clicked on

2022-12-09 15:29:29 - [MESSAGE][PASSED] - Object: 'Object Repository/09-Settings/Users/Co worker/td_Invitation from GG Automation' is clicked on

2022-12-09 15:29:29 - [TEST_STEP][PASSED] - click(findTestObject("09-Settings/Users/Co worker/a_Click here to join GG Automation on EverLeagues")): Object: 'Object Repository/09-Settings/Users/Co worker/a_Click here to join GG Automation on EverLeagues' is clicked on

2022-12-09 15:29:30 - [MESSAGE][PASSED] - Object: 'Object Repository/09-Settings/Users/Co worker/a_Click here to join GG Automation on EverLeagues' is clicked on

2022-12-09 15:29:30 - [TEST_STEP][PASSED] - closeWindowTitle("Mailinator"): Window with title: 'Mailinator' is closed

2022-12-09 15:29:30 - [MESSAGE][PASSED] - Window with title: 'Mailinator' is closed

2022-12-09 15:29:30 - [TEST_STEP][PASSED] - switchToWindowIndex(0): Switched to window with index: '0'

2022-12-09 15:29:30 - [MESSAGE][PASSED] - Switched to window with index: '0'

2022-12-09 15:29:30 - [TEST_STEP][PASSED] - verifyElementVisible(findTestObject("09-Settings/Users/Client/Invite modal")): Object 'Object Repository/09-Settings/Users/Client/Invite modal' is visible

2022-12-09 15:29:36 - [MESSAGE][PASSED] - Object 'Object Repository/09-Settings/Users/Client/Invite modal' is visible

2022-12-09 15:29:36 - [TEST_STEP][PASSED] - setText(findTestObject("09-Settings/Users/Client/Company field"), "QA Company"): Text 'QA Company' is set on object 'Object Repository/09-Settings/Users/Client/Company field'

2022-12-09 15:29:37 - [MESSAGE][PASSED] - Text 'QA Company' is set on object 'Object Repository/09-Settings/Users/Client/Company field'

2022-12-09 15:29:37 - [TEST_STEP][PASSED] - click(findTestObject("09-Settings/Users/Client/button_Accept")): Object: 'Object Repository/09-Settings/Users/Client/button_Accept' is clicked on

2022-12-09 15:29:38 - [MESSAGE][PASSED] - Object: 'Object Repository/09-Settings/Users/Client/button_Accept' is clicked on

2022-12-09 15:29:38 - [TEST_STEP][PASSED] - delay(5): Delayed 5 second(s)

2022-12-09 15:29:43 - [MESSAGE][PASSED] - Delayed 5 second(s)

2022-12-09 15:29:43 - [TEST_STEP][PASSED] - verifyElementVisible(findTestObject("09-Settings/Users/Client/div_Joined as CLIENT")): Object 'Object Repository/09-Settings/Users/Client/div_Joined as CLIENT' is visible

2022-12-09 15:29:44 - [MESSAGE][PASSED] - Object 'Object Repository/09-Settings/Users/Client/div_Joined as CLIENT' is visible

2022-12-09 15:29:44 - [TEST_STEP][PASSED] - delay(3): Delayed 3 second(s)

2022-12-09 15:29:47 - [MESSAGE][PASSED] - Delayed 3 second(s)

2022-12-09 15:29:47 - [TEST_STEP][PASSED] - closeBrowser(): Browser is closed

2022-12-09 15:29:47 - [MESSAGE][PASSED] - Browser is closed]]></system-out>
         <system-err><![CDATA[]]></system-err>
      </testcase>
      <testcase name="Test Cases/09-Settings/04 - Users (Invite new user as partner)" time="180.629" classname="Test Cases/09-Settings/04 - Users (Invite new user as partner)" status="PASSED">
         <system-out><![CDATA[2022-12-09 15:29:47 - [TEST_CASE][PASSED] - Test Cases/09-Settings/04 - Users (Invite new user as partner): Test Cases/09-Settings/04 - Users (Invite new user as partner)

2022-12-09 15:29:48 - [TEST_STEP][PASSED] - openBrowser(""): Browser is opened with url: ''

2022-12-09 15:29:48 - [MESSAGE][INFO] - Starting 'Chrome' driver

2022-12-09 15:29:48 - [MESSAGE][INFO] - Action delay is set to 0 milliseconds

2022-12-09 15:29:49 - [MESSAGE][PASSED] - Browser is opened with url: ''

2022-12-09 15:29:49 - [TEST_STEP][PASSED] - navigateToUrl("https://lab.everleagues.com/"): Navigate to 'https://lab.everleagues.com/' successfully

2022-12-09 15:30:00 - [MESSAGE][PASSED] - Navigate to 'https://lab.everleagues.com/' successfully

2022-12-09 15:30:00 - [TEST_STEP][PASSED] - maximizeWindow(): Current window maximized

2022-12-09 15:30:01 - [MESSAGE][PASSED] - Current window maximized

2022-12-09 15:30:01 - [TEST_STEP][PASSED] - setText(findTestObject("02-Side Icons(Organization)/Add Contact/Email Field"), "testuser02@mailinator.com"): Text 'testuser02@mailinator.com' is set on object 'Object Repository/02-Side Icons(Organization)/Add Contact/Email Field'

2022-12-09 15:30:01 - [MESSAGE][PASSED] - Text 'testuser02@mailinator.com' is set on object 'Object Repository/02-Side Icons(Organization)/Add Contact/Email Field'

2022-12-09 15:30:01 - [TEST_STEP][PASSED] - setEncryptedText(findTestObject("02-Side Icons(Organization)/Add Contact/Password Field"), "8yFRyszE6U6jvsCn51OQbg=="): Text ****** has been set on object 'Object Repository/02-Side Icons(Organization)/Add Contact/Password Field'

2022-12-09 15:30:02 - [MESSAGE][PASSED] - Text ****** has been set on object 'Object Repository/02-Side Icons(Organization)/Add Contact/Password Field'

2022-12-09 15:30:02 - [TEST_STEP][PASSED] - click(findTestObject("02-Side Icons(Organization)/Add Contact/button_Sign in")): Object: 'Object Repository/02-Side Icons(Organization)/Add Contact/button_Sign in' is clicked on

2022-12-09 15:30:03 - [MESSAGE][PASSED] - Object: 'Object Repository/02-Side Icons(Organization)/Add Contact/button_Sign in' is clicked on

2022-12-09 15:30:03 - [TEST_STEP][PASSED] - delay(2): Delayed 2 second(s)

2022-12-09 15:30:05 - [MESSAGE][PASSED] - Delayed 2 second(s)

2022-12-09 15:30:05 - [TEST_STEP][PASSED] - click(findTestObject("06-Teams/For 2FA/button_Confirm_2FA")): Object: 'Object Repository/06-Teams/For 2FA/button_Confirm_2FA' is clicked on

2022-12-09 15:30:05 - [MESSAGE][PASSED] - Object: 'Object Repository/06-Teams/For 2FA/button_Confirm_2FA' is clicked on

2022-12-09 15:30:05 - [TEST_STEP][PASSED] - executeJavaScript("window.open();", []): Execute JavaScript 'window.open();' successfully

2022-12-09 15:30:05 - [MESSAGE][PASSED] - Execute JavaScript 'window.open();' successfully

2022-12-09 15:30:05 - [TEST_STEP][PASSED] - currentWindow = getWindowIndex(): Current window's index is: 0

2022-12-09 15:30:05 - [MESSAGE][PASSED] - Current window's index is: 0

2022-12-09 15:30:05 - [TEST_STEP][PASSED] - delay(3): Delayed 3 second(s)

2022-12-09 15:30:08 - [MESSAGE][PASSED] - Delayed 3 second(s)

2022-12-09 15:30:08 - [TEST_STEP][PASSED] - switchToWindowIndex(currentWindow + 1): Switched to window with index: '1'

2022-12-09 15:30:08 - [MESSAGE][PASSED] - Switched to window with index: '1'

2022-12-09 15:30:08 - [TEST_STEP][PASSED] - navigateToUrl("https://www.mailinator.com/"): Navigate to 'https://www.mailinator.com/' successfully

2022-12-09 15:30:10 - [MESSAGE][PASSED] - Navigate to 'https://www.mailinator.com/' successfully

2022-12-09 15:30:10 - [TEST_STEP][PASSED] - delay(3): Delayed 3 second(s)

2022-12-09 15:30:13 - [MESSAGE][PASSED] - Delayed 3 second(s)

2022-12-09 15:30:13 - [TEST_STEP][PASSED] - setText(findTestObject("00-Signup and Activation/zMailinator/input_LOGIN_search"), "testuser02@mailinator.com"): Text 'testuser02@mailinator.com' is set on object 'Object Repository/00-Signup and Activation/zMailinator/input_LOGIN_search'

2022-12-09 15:30:14 - [MESSAGE][PASSED] - Text 'testuser02@mailinator.com' is set on object 'Object Repository/00-Signup and Activation/zMailinator/input_LOGIN_search'

2022-12-09 15:30:14 - [TEST_STEP][PASSED] - click(findTestObject("00-Signup and Activation/zMailinator/gobutton"), STOP_ON_FAILURE): Object: 'Object Repository/00-Signup and Activation/zMailinator/gobutton' is clicked on

2022-12-09 15:30:15 - [MESSAGE][PASSED] - Object: 'Object Repository/00-Signup and Activation/zMailinator/gobutton' is clicked on

2022-12-09 15:30:15 - [TEST_STEP][PASSED] - delay(3): Delayed 3 second(s)

2022-12-09 15:30:18 - [MESSAGE][PASSED] - Delayed 3 second(s)

2022-12-09 15:30:18 - [TEST_STEP][PASSED] - click(findTestObject("00-Signup and Activation/zMailinator/Email - everleagues")): Object: 'Object Repository/00-Signup and Activation/zMailinator/Email - everleagues' is clicked on

2022-12-09 15:30:19 - [MESSAGE][PASSED] - Object: 'Object Repository/00-Signup and Activation/zMailinator/Email - everleagues' is clicked on

2022-12-09 15:30:19 - [TEST_STEP][PASSED] - delay(3): Delayed 3 second(s)

2022-12-09 15:30:22 - [MESSAGE][PASSED] - Delayed 3 second(s)

2022-12-09 15:30:22 - [TEST_STEP][PASSED] - code = getText(findTestObject("Object Repository/06-Teams/For 2FA/2FA code")): Text of object 'Object Repository/06-Teams/For 2FA/2FA code' is: '626762'

2022-12-09 15:30:22 - [MESSAGE][PASSED] - Text of object 'Object Repository/06-Teams/For 2FA/2FA code' is: '626762'

2022-12-09 15:30:22 - [TEST_STEP][PASSED] - delay(3): Delayed 3 second(s)

2022-12-09 15:30:25 - [MESSAGE][PASSED] - Delayed 3 second(s)

2022-12-09 15:30:25 - [TEST_STEP][PASSED] - closeWindowTitle("Mailinator"): Window with title: 'Mailinator' is closed

2022-12-09 15:30:25 - [MESSAGE][PASSED] - Window with title: 'Mailinator' is closed

2022-12-09 15:30:25 - [TEST_STEP][PASSED] - delay(3): Delayed 3 second(s)

2022-12-09 15:30:28 - [MESSAGE][PASSED] - Delayed 3 second(s)

2022-12-09 15:30:28 - [TEST_STEP][PASSED] - switchToWindowIndex(0): Switched to window with index: '0'

2022-12-09 15:30:28 - [MESSAGE][PASSED] - Switched to window with index: '0'

2022-12-09 15:30:28 - [TEST_STEP][PASSED] - delay(3): Delayed 3 second(s)

2022-12-09 15:30:31 - [MESSAGE][PASSED] - Delayed 3 second(s)

2022-12-09 15:30:31 - [TEST_STEP][PASSED] - setText(findTestObject("Object Repository/06-Teams/For 2FA/input_Enter verification code_code"), code): Text '626762' is set on object 'Object Repository/06-Teams/For 2FA/input_Enter verification code_code'

2022-12-09 15:30:32 - [MESSAGE][PASSED] - Text '626762' is set on object 'Object Repository/06-Teams/For 2FA/input_Enter verification code_code'

2022-12-09 15:30:32 - [TEST_STEP][PASSED] - delay(3): Delayed 3 second(s)

2022-12-09 15:30:35 - [MESSAGE][PASSED] - Delayed 3 second(s)

2022-12-09 15:30:35 - [TEST_STEP][PASSED] - click(findTestObject("06-Teams/For 2FA/button_Verify_2FA")): Object: 'Object Repository/06-Teams/For 2FA/button_Verify_2FA' is clicked on

2022-12-09 15:30:36 - [MESSAGE][PASSED] - Object: 'Object Repository/06-Teams/For 2FA/button_Verify_2FA' is clicked on

2022-12-09 15:30:36 - [TEST_STEP][PASSED] - delay(5): Delayed 5 second(s)

2022-12-09 15:30:41 - [MESSAGE][PASSED] - Delayed 5 second(s)

2022-12-09 15:30:41 - [TEST_STEP][PASSED] - click(findTestObject("06-Teams/button_doublearrow")): Object: 'Object Repository/06-Teams/button_doublearrow' is clicked on

2022-12-09 15:30:41 - [MESSAGE][PASSED] - Object: 'Object Repository/06-Teams/button_doublearrow' is clicked on

2022-12-09 15:30:41 - [TEST_STEP][PASSED] - click(findTestObject("06-Teams/button_My Organizations")): Object: 'Object Repository/06-Teams/button_My Organizations' is clicked on

2022-12-09 15:30:42 - [MESSAGE][PASSED] - Object: 'Object Repository/06-Teams/button_My Organizations' is clicked on

2022-12-09 15:30:42 - [TEST_STEP][PASSED] - click(findTestObject("06-Teams/button_GG Automation")): Object: 'Object Repository/06-Teams/button_GG Automation' is clicked on

2022-12-09 15:30:43 - [MESSAGE][PASSED] - Object: 'Object Repository/06-Teams/button_GG Automation' is clicked on

2022-12-09 15:30:43 - [TEST_STEP][PASSED] - delay(4): Delayed 4 second(s)

2022-12-09 15:30:47 - [MESSAGE][PASSED] - Delayed 4 second(s)

2022-12-09 15:30:47 - [TEST_STEP][PASSED] - verifyElementVisible(findTestObject("06-Teams/span_GG Automation")): Object 'Object Repository/06-Teams/span_GG Automation' is visible

2022-12-09 15:30:47 - [MESSAGE][PASSED] - Object 'Object Repository/06-Teams/span_GG Automation' is visible

2022-12-09 15:30:47 - [TEST_STEP][PASSED] - delay(5): Delayed 5 second(s)

2022-12-09 15:30:52 - [MESSAGE][PASSED] - Delayed 5 second(s)

2022-12-09 15:30:52 - [TEST_STEP][PASSED] - click(findTestObject("03-Header Menu/Hamburger Button/div_Settings")): Object: 'Object Repository/03-Header Menu/Hamburger Button/div_Settings' is clicked on

2022-12-09 15:30:52 - [MESSAGE][PASSED] - Object: 'Object Repository/03-Header Menu/Hamburger Button/div_Settings' is clicked on

2022-12-09 15:30:52 - [TEST_STEP][PASSED] - delay(3): Delayed 3 second(s)

2022-12-09 15:30:55 - [MESSAGE][PASSED] - Delayed 3 second(s)

2022-12-09 15:30:55 - [TEST_STEP][PASSED] - click(findTestObject("09-Settings/Users/div_Users")): Object: 'Object Repository/09-Settings/Users/div_Users' is clicked on

2022-12-09 15:30:56 - [MESSAGE][PASSED] - Object: 'Object Repository/09-Settings/Users/div_Users' is clicked on

2022-12-09 15:30:56 - [TEST_STEP][PASSED] - delay(3): Delayed 3 second(s)

2022-12-09 15:30:59 - [MESSAGE][PASSED] - Delayed 3 second(s)

2022-12-09 15:30:59 - [TEST_STEP][PASSED] - click(findTestObject("09-Settings/Users/button_add")): Object: 'Object Repository/09-Settings/Users/button_add' is clicked on

2022-12-09 15:31:00 - [MESSAGE][PASSED] - Object: 'Object Repository/09-Settings/Users/button_add' is clicked on

2022-12-09 15:31:00 - [TEST_STEP][PASSED] - delay(3): Delayed 3 second(s)

2022-12-09 15:31:03 - [MESSAGE][PASSED] - Delayed 3 second(s)

2022-12-09 15:31:03 - [TEST_STEP][PASSED] - click(findTestObject("09-Settings/Users/add Invite a single user")): Object: 'Object Repository/09-Settings/Users/add Invite a single user' is clicked on

2022-12-09 15:31:03 - [MESSAGE][PASSED] - Object: 'Object Repository/09-Settings/Users/add Invite a single user' is clicked on

2022-12-09 15:31:03 - [TEST_STEP][PASSED] - delay(3): Delayed 3 second(s)

2022-12-09 15:31:06 - [MESSAGE][PASSED] - Delayed 3 second(s)

2022-12-09 15:31:06 - [TEST_STEP][PASSED] - setText(findTestObject("09-Settings/Users/input_email"), "autotester10@mailinator.com"): Text 'autotester10@mailinator.com' is set on object 'Object Repository/09-Settings/Users/input_email'

2022-12-09 15:31:07 - [MESSAGE][PASSED] - Text 'autotester10@mailinator.com' is set on object 'Object Repository/09-Settings/Users/input_email'

2022-12-09 15:31:07 - [TEST_STEP][PASSED] - setText(findTestObject("09-Settings/Users/input_firstName"), "GG"): Text 'GG' is set on object 'Object Repository/09-Settings/Users/input_firstName'

2022-12-09 15:31:08 - [MESSAGE][PASSED] - Text 'GG' is set on object 'Object Repository/09-Settings/Users/input_firstName'

2022-12-09 15:31:08 - [TEST_STEP][PASSED] - setText(findTestObject("09-Settings/Users/input_lastName"), "Partner"): Text 'Partner' is set on object 'Object Repository/09-Settings/Users/input_lastName'

2022-12-09 15:31:09 - [MESSAGE][PASSED] - Text 'Partner' is set on object 'Object Repository/09-Settings/Users/input_lastName'

2022-12-09 15:31:09 - [TEST_STEP][PASSED] - click(findTestObject("09-Settings/Users/span_Role")): Object: 'Object Repository/09-Settings/Users/span_Role' is clicked on

2022-12-09 15:31:09 - [MESSAGE][PASSED] - Object: 'Object Repository/09-Settings/Users/span_Role' is clicked on

2022-12-09 15:31:09 - [TEST_STEP][PASSED] - click(findTestObject("09-Settings/Users/span_Partner")): Object: 'Object Repository/09-Settings/Users/span_Partner' is clicked on

2022-12-09 15:31:10 - [MESSAGE][PASSED] - Object: 'Object Repository/09-Settings/Users/span_Partner' is clicked on

2022-12-09 15:31:10 - [TEST_STEP][PASSED] - click(findTestObject("09-Settings/Users/button_Send Invitation")): Object: 'Object Repository/09-Settings/Users/button_Send Invitation' is clicked on

2022-12-09 15:31:11 - [MESSAGE][PASSED] - Object: 'Object Repository/09-Settings/Users/button_Send Invitation' is clicked on

2022-12-09 15:31:11 - [TEST_STEP][PASSED] - delay(2): Delayed 2 second(s)

2022-12-09 15:31:13 - [MESSAGE][PASSED] - Delayed 2 second(s)

2022-12-09 15:31:13 - [TEST_STEP][PASSED] - verifyElementVisible(findTestObject("07-Directory/Connections/zContact Profile/Successfully invited user")): Object 'Object Repository/07-Directory/Connections/zContact Profile/Successfully invited user' is visible

2022-12-09 15:31:14 - [MESSAGE][PASSED] - Object 'Object Repository/07-Directory/Connections/zContact Profile/Successfully invited user' is visible

2022-12-09 15:31:14 - [TEST_STEP][PASSED] - delay(2): Delayed 2 second(s)

2022-12-09 15:31:16 - [MESSAGE][PASSED] - Delayed 2 second(s)

2022-12-09 15:31:16 - [TEST_STEP][PASSED] - click(findTestObject("01-Login and Forgot Password/User menu drop")): Object: 'Object Repository/01-Login and Forgot Password/User menu drop' is clicked on

2022-12-09 15:31:17 - [MESSAGE][PASSED] - Object: 'Object Repository/01-Login and Forgot Password/User menu drop' is clicked on

2022-12-09 15:31:17 - [TEST_STEP][PASSED] - delay(2): Delayed 2 second(s)

2022-12-09 15:31:19 - [MESSAGE][PASSED] - Delayed 2 second(s)

2022-12-09 15:31:19 - [TEST_STEP][PASSED] - click(findTestObject("01-Login and Forgot Password/h4_Sign Out"), STOP_ON_FAILURE): Object: 'Object Repository/01-Login and Forgot Password/h4_Sign Out' is clicked on

2022-12-09 15:31:19 - [MESSAGE][PASSED] - Object: 'Object Repository/01-Login and Forgot Password/h4_Sign Out' is clicked on

2022-12-09 15:31:19 - [TEST_STEP][PASSED] - delay(2): Delayed 2 second(s)

2022-12-09 15:31:21 - [MESSAGE][PASSED] - Delayed 2 second(s)

2022-12-09 15:31:21 - [TEST_STEP][PASSED] - verifyElementPresent(findTestObject("01-Login and Forgot Password/Login_Card"), 0): Object 'Object Repository/01-Login and Forgot Password/Login_Card' is present

2022-12-09 15:31:21 - [MESSAGE][WARNING] - Timeout '0' is invalid. Using default page load timeout: '30'

2022-12-09 15:31:22 - [MESSAGE][PASSED] - Object 'Object Repository/01-Login and Forgot Password/Login_Card' is present

2022-12-09 15:31:22 - [TEST_STEP][PASSED] - delay(3): Delayed 3 second(s)

2022-12-09 15:31:25 - [MESSAGE][PASSED] - Delayed 3 second(s)

2022-12-09 15:31:25 - [TEST_STEP][PASSED] - closeBrowser(): Browser is closed

2022-12-09 15:31:25 - [MESSAGE][PASSED] - Browser is closed

2022-12-09 15:31:25 - [TEST_STEP][PASSED] - openBrowser(""): Browser is opened with url: ''

2022-12-09 15:31:25 - [MESSAGE][INFO] - Starting 'Chrome' driver

2022-12-09 15:31:25 - [MESSAGE][INFO] - Action delay is set to 0 milliseconds

2022-12-09 15:31:27 - [MESSAGE][PASSED] - Browser is opened with url: ''

2022-12-09 15:31:27 - [TEST_STEP][PASSED] - navigateToUrl("https://lab.everleagues.com/"): Navigate to 'https://lab.everleagues.com/' successfully

2022-12-09 15:31:37 - [MESSAGE][PASSED] - Navigate to 'https://lab.everleagues.com/' successfully

2022-12-09 15:31:37 - [TEST_STEP][PASSED] - maximizeWindow(): Current window maximized

2022-12-09 15:31:37 - [MESSAGE][PASSED] - Current window maximized

2022-12-09 15:31:37 - [TEST_STEP][PASSED] - setText(findTestObject("02-Side Icons(Organization)/Add Contact/Email Field"), "autotester10@mailinator.com"): Text 'autotester10@mailinator.com' is set on object 'Object Repository/02-Side Icons(Organization)/Add Contact/Email Field'

2022-12-09 15:31:38 - [MESSAGE][PASSED] - Text 'autotester10@mailinator.com' is set on object 'Object Repository/02-Side Icons(Organization)/Add Contact/Email Field'

2022-12-09 15:31:38 - [TEST_STEP][PASSED] - setEncryptedText(findTestObject("02-Side Icons(Organization)/Add Contact/Password Field"), "8yFRyszE6U6jvsCn51OQbg=="): Text ****** has been set on object 'Object Repository/02-Side Icons(Organization)/Add Contact/Password Field'

2022-12-09 15:31:38 - [MESSAGE][PASSED] - Text ****** has been set on object 'Object Repository/02-Side Icons(Organization)/Add Contact/Password Field'

2022-12-09 15:31:38 - [TEST_STEP][PASSED] - click(findTestObject("02-Side Icons(Organization)/Add Contact/button_Sign in")): Object: 'Object Repository/02-Side Icons(Organization)/Add Contact/button_Sign in' is clicked on

2022-12-09 15:31:39 - [MESSAGE][PASSED] - Object: 'Object Repository/02-Side Icons(Organization)/Add Contact/button_Sign in' is clicked on

2022-12-09 15:31:39 - [TEST_STEP][PASSED] - delay(2): Delayed 2 second(s)

2022-12-09 15:31:41 - [MESSAGE][PASSED] - Delayed 2 second(s)

2022-12-09 15:31:41 - [TEST_STEP][PASSED] - click(findTestObject("06-Teams/For 2FA/button_Confirm_2FA")): Object: 'Object Repository/06-Teams/For 2FA/button_Confirm_2FA' is clicked on

2022-12-09 15:31:42 - [MESSAGE][PASSED] - Object: 'Object Repository/06-Teams/For 2FA/button_Confirm_2FA' is clicked on

2022-12-09 15:31:42 - [TEST_STEP][PASSED] - executeJavaScript("window.open();", []): Execute JavaScript 'window.open();' successfully

2022-12-09 15:31:42 - [MESSAGE][PASSED] - Execute JavaScript 'window.open();' successfully

2022-12-09 15:31:42 - [TEST_STEP][PASSED] - currentWindow = getWindowIndex(): Current window's index is: 0

2022-12-09 15:31:42 - [MESSAGE][PASSED] - Current window's index is: 0

2022-12-09 15:31:42 - [TEST_STEP][PASSED] - delay(3): Delayed 3 second(s)

2022-12-09 15:31:45 - [MESSAGE][PASSED] - Delayed 3 second(s)

2022-12-09 15:31:45 - [TEST_STEP][PASSED] - switchToWindowIndex(currentWindow + 1): Switched to window with index: '1'

2022-12-09 15:31:45 - [MESSAGE][PASSED] - Switched to window with index: '1'

2022-12-09 15:31:45 - [TEST_STEP][PASSED] - navigateToUrl("https://www.mailinator.com/"): Navigate to 'https://www.mailinator.com/' successfully

2022-12-09 15:31:47 - [MESSAGE][PASSED] - Navigate to 'https://www.mailinator.com/' successfully

2022-12-09 15:31:47 - [TEST_STEP][PASSED] - delay(3): Delayed 3 second(s)

2022-12-09 15:31:50 - [MESSAGE][PASSED] - Delayed 3 second(s)

2022-12-09 15:31:50 - [TEST_STEP][PASSED] - setText(findTestObject("00-Signup and Activation/zMailinator/input_LOGIN_search"), "autotester10@mailinator.com"): Text 'autotester10@mailinator.com' is set on object 'Object Repository/00-Signup and Activation/zMailinator/input_LOGIN_search'

2022-12-09 15:31:50 - [MESSAGE][PASSED] - Text 'autotester10@mailinator.com' is set on object 'Object Repository/00-Signup and Activation/zMailinator/input_LOGIN_search'

2022-12-09 15:31:50 - [TEST_STEP][PASSED] - click(findTestObject("00-Signup and Activation/zMailinator/gobutton"), STOP_ON_FAILURE): Object: 'Object Repository/00-Signup and Activation/zMailinator/gobutton' is clicked on

2022-12-09 15:31:52 - [MESSAGE][PASSED] - Object: 'Object Repository/00-Signup and Activation/zMailinator/gobutton' is clicked on

2022-12-09 15:31:52 - [TEST_STEP][PASSED] - delay(3): Delayed 3 second(s)

2022-12-09 15:31:55 - [MESSAGE][PASSED] - Delayed 3 second(s)

2022-12-09 15:31:55 - [TEST_STEP][PASSED] - click(findTestObject("00-Signup and Activation/zMailinator/Email - everleagues")): Object: 'Object Repository/00-Signup and Activation/zMailinator/Email - everleagues' is clicked on

2022-12-09 15:31:55 - [MESSAGE][PASSED] - Object: 'Object Repository/00-Signup and Activation/zMailinator/Email - everleagues' is clicked on

2022-12-09 15:31:55 - [TEST_STEP][PASSED] - delay(3): Delayed 3 second(s)

2022-12-09 15:31:58 - [MESSAGE][PASSED] - Delayed 3 second(s)

2022-12-09 15:31:58 - [TEST_STEP][PASSED] - codetwo = getText(findTestObject("Object Repository/06-Teams/For 2FA/2FA code")): Text of object 'Object Repository/06-Teams/For 2FA/2FA code' is: '679995'

2022-12-09 15:31:59 - [MESSAGE][PASSED] - Text of object 'Object Repository/06-Teams/For 2FA/2FA code' is: '679995'

2022-12-09 15:31:59 - [TEST_STEP][PASSED] - delay(3): Delayed 3 second(s)

2022-12-09 15:32:02 - [MESSAGE][PASSED] - Delayed 3 second(s)

2022-12-09 15:32:02 - [TEST_STEP][PASSED] - closeWindowTitle("Mailinator"): Window with title: 'Mailinator' is closed

2022-12-09 15:32:02 - [MESSAGE][PASSED] - Window with title: 'Mailinator' is closed

2022-12-09 15:32:02 - [TEST_STEP][PASSED] - delay(3): Delayed 3 second(s)

2022-12-09 15:32:05 - [MESSAGE][PASSED] - Delayed 3 second(s)

2022-12-09 15:32:05 - [TEST_STEP][PASSED] - switchToWindowIndex(0): Switched to window with index: '0'

2022-12-09 15:32:05 - [MESSAGE][PASSED] - Switched to window with index: '0'

2022-12-09 15:32:05 - [TEST_STEP][PASSED] - delay(3): Delayed 3 second(s)

2022-12-09 15:32:08 - [MESSAGE][PASSED] - Delayed 3 second(s)

2022-12-09 15:32:08 - [TEST_STEP][PASSED] - setText(findTestObject("Object Repository/06-Teams/For 2FA/input_Enter verification code_code"), codetwo): Text '679995' is set on object 'Object Repository/06-Teams/For 2FA/input_Enter verification code_code'

2022-12-09 15:32:09 - [MESSAGE][PASSED] - Text '679995' is set on object 'Object Repository/06-Teams/For 2FA/input_Enter verification code_code'

2022-12-09 15:32:09 - [TEST_STEP][PASSED] - delay(3): Delayed 3 second(s)

2022-12-09 15:32:12 - [MESSAGE][PASSED] - Delayed 3 second(s)

2022-12-09 15:32:12 - [TEST_STEP][PASSED] - click(findTestObject("06-Teams/For 2FA/button_Verify_2FA")): Object: 'Object Repository/06-Teams/For 2FA/button_Verify_2FA' is clicked on

2022-12-09 15:32:12 - [MESSAGE][PASSED] - Object: 'Object Repository/06-Teams/For 2FA/button_Verify_2FA' is clicked on

2022-12-09 15:32:12 - [TEST_STEP][PASSED] - delay(5): Delayed 5 second(s)

2022-12-09 15:32:17 - [MESSAGE][PASSED] - Delayed 5 second(s)

2022-12-09 15:32:17 - [TEST_STEP][PASSED] - executeJavaScript("window.open();", []): Execute JavaScript 'window.open();' successfully

2022-12-09 15:32:17 - [MESSAGE][PASSED] - Execute JavaScript 'window.open();' successfully

2022-12-09 15:32:17 - [TEST_STEP][PASSED] - currentWindow = getWindowIndex(): Current window's index is: 0

2022-12-09 15:32:17 - [MESSAGE][PASSED] - Current window's index is: 0

2022-12-09 15:32:17 - [TEST_STEP][PASSED] - delay(3): Delayed 3 second(s)

2022-12-09 15:32:20 - [MESSAGE][PASSED] - Delayed 3 second(s)

2022-12-09 15:32:20 - [TEST_STEP][PASSED] - switchToWindowIndex(currentWindow + 1): Switched to window with index: '1'

2022-12-09 15:32:21 - [MESSAGE][PASSED] - Switched to window with index: '1'

2022-12-09 15:32:21 - [TEST_STEP][PASSED] - navigateToUrl("https://www.mailinator.com/"): Navigate to 'https://www.mailinator.com/' successfully

2022-12-09 15:32:22 - [MESSAGE][PASSED] - Navigate to 'https://www.mailinator.com/' successfully

2022-12-09 15:32:22 - [TEST_STEP][PASSED] - delay(3): Delayed 3 second(s)

2022-12-09 15:32:25 - [MESSAGE][PASSED] - Delayed 3 second(s)

2022-12-09 15:32:25 - [TEST_STEP][PASSED] - setText(findTestObject("00-Signup and Activation/zMailinator/input_LOGIN_search"), "autotester10@mailinator.com"): Text 'autotester10@mailinator.com' is set on object 'Object Repository/00-Signup and Activation/zMailinator/input_LOGIN_search'

2022-12-09 15:32:26 - [MESSAGE][PASSED] - Text 'autotester10@mailinator.com' is set on object 'Object Repository/00-Signup and Activation/zMailinator/input_LOGIN_search'

2022-12-09 15:32:26 - [TEST_STEP][PASSED] - click(findTestObject("00-Signup and Activation/zMailinator/gobutton"), STOP_ON_FAILURE): Object: 'Object Repository/00-Signup and Activation/zMailinator/gobutton' is clicked on

2022-12-09 15:32:27 - [MESSAGE][PASSED] - Object: 'Object Repository/00-Signup and Activation/zMailinator/gobutton' is clicked on

2022-12-09 15:32:27 - [TEST_STEP][PASSED] - delay(3): Delayed 3 second(s)

2022-12-09 15:32:30 - [MESSAGE][PASSED] - Delayed 3 second(s)

2022-12-09 15:32:30 - [TEST_STEP][PASSED] - closeWindowTitle("Everleagues"): Window with title: 'Everleagues' is closed

2022-12-09 15:32:30 - [MESSAGE][PASSED] - Window with title: 'Everleagues' is closed

2022-12-09 15:32:30 - [TEST_STEP][PASSED] - switchToWindowIndex(0): Switched to window with index: '0'

2022-12-09 15:32:30 - [MESSAGE][PASSED] - Switched to window with index: '0'

2022-12-09 15:32:30 - [TEST_STEP][PASSED] - click(findTestObject("09-Settings/Users/Co worker/td_Invitation from GG Automation")): Object: 'Object Repository/09-Settings/Users/Co worker/td_Invitation from GG Automation' is clicked on

2022-12-09 15:32:31 - [MESSAGE][PASSED] - Object: 'Object Repository/09-Settings/Users/Co worker/td_Invitation from GG Automation' is clicked on

2022-12-09 15:32:31 - [TEST_STEP][PASSED] - click(findTestObject("09-Settings/Users/Co worker/a_Click here to join GG Automation on EverLeagues")): Object: 'Object Repository/09-Settings/Users/Co worker/a_Click here to join GG Automation on EverLeagues' is clicked on

2022-12-09 15:32:32 - [MESSAGE][PASSED] - Object: 'Object Repository/09-Settings/Users/Co worker/a_Click here to join GG Automation on EverLeagues' is clicked on

2022-12-09 15:32:32 - [TEST_STEP][PASSED] - closeWindowTitle("Mailinator"): Window with title: 'Mailinator' is closed

2022-12-09 15:32:32 - [MESSAGE][PASSED] - Window with title: 'Mailinator' is closed

2022-12-09 15:32:32 - [TEST_STEP][PASSED] - switchToWindowIndex(0): Switched to window with index: '0'

2022-12-09 15:32:32 - [MESSAGE][PASSED] - Switched to window with index: '0'

2022-12-09 15:32:32 - [TEST_STEP][PASSED] - verifyElementVisible(findTestObject("09-Settings/Users/Client/Invite modal")): Object 'Object Repository/09-Settings/Users/Client/Invite modal' is visible

2022-12-09 15:32:38 - [MESSAGE][PASSED] - Object 'Object Repository/09-Settings/Users/Client/Invite modal' is visible

2022-12-09 15:32:38 - [TEST_STEP][PASSED] - setText(findTestObject("09-Settings/Users/Client/Company field"), "QA Company"): Text 'QA Company' is set on object 'Object Repository/09-Settings/Users/Client/Company field'

2022-12-09 15:32:38 - [MESSAGE][PASSED] - Text 'QA Company' is set on object 'Object Repository/09-Settings/Users/Client/Company field'

2022-12-09 15:32:38 - [TEST_STEP][PASSED] - click(findTestObject("09-Settings/Users/Client/button_Accept")): Object: 'Object Repository/09-Settings/Users/Client/button_Accept' is clicked on

2022-12-09 15:32:39 - [MESSAGE][PASSED] - Object: 'Object Repository/09-Settings/Users/Client/button_Accept' is clicked on

2022-12-09 15:32:39 - [TEST_STEP][PASSED] - delay(5): Delayed 5 second(s)

2022-12-09 15:32:44 - [MESSAGE][PASSED] - Delayed 5 second(s)

2022-12-09 15:32:44 - [TEST_STEP][PASSED] - verifyElementVisible(findTestObject("09-Settings/Users/div_Joined as Partner")): Object 'Object Repository/09-Settings/Users/div_Joined as Partner' is visible

2022-12-09 15:32:44 - [MESSAGE][PASSED] - Object 'Object Repository/09-Settings/Users/div_Joined as Partner' is visible

2022-12-09 15:32:44 - [TEST_STEP][PASSED] - delay(3): Delayed 3 second(s)

2022-12-09 15:32:47 - [MESSAGE][PASSED] - Delayed 3 second(s)

2022-12-09 15:32:47 - [TEST_STEP][PASSED] - closeBrowser(): Browser is closed

2022-12-09 15:32:48 - [MESSAGE][PASSED] - Browser is closed]]></system-out>
         <system-err><![CDATA[]]></system-err>
      </testcase>
      <testcase name="Test Cases/09-Settings/05 - Users (Invite batch of users via CSV file)" time="115.492" classname="Test Cases/09-Settings/05 - Users (Invite batch of users via CSV file)" status="PASSED">
         <system-out><![CDATA[2022-12-09 15:32:48 - [TEST_CASE][PASSED] - Test Cases/09-Settings/05 - Users (Invite batch of users via CSV file): Test Cases/09-Settings/05 - Users (Invite batch of users via CSV file)

2022-12-09 15:32:48 - [TEST_STEP][PASSED] - openBrowser(""): Browser is opened with url: ''

2022-12-09 15:32:48 - [MESSAGE][INFO] - Starting 'Chrome' driver

2022-12-09 15:32:48 - [MESSAGE][INFO] - Action delay is set to 0 milliseconds

2022-12-09 15:32:50 - [MESSAGE][PASSED] - Browser is opened with url: ''

2022-12-09 15:32:50 - [TEST_STEP][PASSED] - navigateToUrl("https://lab.everleagues.com/"): Navigate to 'https://lab.everleagues.com/' successfully

2022-12-09 15:33:16 - [MESSAGE][PASSED] - Navigate to 'https://lab.everleagues.com/' successfully

2022-12-09 15:33:16 - [TEST_STEP][PASSED] - maximizeWindow(): Current window maximized

2022-12-09 15:33:16 - [MESSAGE][PASSED] - Current window maximized

2022-12-09 15:33:16 - [TEST_STEP][PASSED] - setText(findTestObject("02-Side Icons(Organization)/Add Contact/Email Field"), "testuser02@mailinator.com"): Text 'testuser02@mailinator.com' is set on object 'Object Repository/02-Side Icons(Organization)/Add Contact/Email Field'

2022-12-09 15:33:17 - [MESSAGE][PASSED] - Text 'testuser02@mailinator.com' is set on object 'Object Repository/02-Side Icons(Organization)/Add Contact/Email Field'

2022-12-09 15:33:17 - [TEST_STEP][PASSED] - setEncryptedText(findTestObject("02-Side Icons(Organization)/Add Contact/Password Field"), "8yFRyszE6U6jvsCn51OQbg=="): Text ****** has been set on object 'Object Repository/02-Side Icons(Organization)/Add Contact/Password Field'

2022-12-09 15:33:17 - [MESSAGE][PASSED] - Text ****** has been set on object 'Object Repository/02-Side Icons(Organization)/Add Contact/Password Field'

2022-12-09 15:33:17 - [TEST_STEP][PASSED] - click(findTestObject("02-Side Icons(Organization)/Add Contact/button_Sign in")): Object: 'Object Repository/02-Side Icons(Organization)/Add Contact/button_Sign in' is clicked on

2022-12-09 15:33:18 - [MESSAGE][PASSED] - Object: 'Object Repository/02-Side Icons(Organization)/Add Contact/button_Sign in' is clicked on

2022-12-09 15:33:18 - [TEST_STEP][PASSED] - delay(2): Delayed 2 second(s)

2022-12-09 15:33:20 - [MESSAGE][PASSED] - Delayed 2 second(s)

2022-12-09 15:33:20 - [TEST_STEP][PASSED] - click(findTestObject("06-Teams/For 2FA/button_Confirm_2FA")): Object: 'Object Repository/06-Teams/For 2FA/button_Confirm_2FA' is clicked on

2022-12-09 15:33:21 - [MESSAGE][PASSED] - Object: 'Object Repository/06-Teams/For 2FA/button_Confirm_2FA' is clicked on

2022-12-09 15:33:21 - [TEST_STEP][PASSED] - executeJavaScript("window.open();", []): Execute JavaScript 'window.open();' successfully

2022-12-09 15:33:21 - [MESSAGE][PASSED] - Execute JavaScript 'window.open();' successfully

2022-12-09 15:33:21 - [TEST_STEP][PASSED] - currentWindow = getWindowIndex(): Current window's index is: 0

2022-12-09 15:33:21 - [MESSAGE][PASSED] - Current window's index is: 0

2022-12-09 15:33:21 - [TEST_STEP][PASSED] - delay(3): Delayed 3 second(s)

2022-12-09 15:33:24 - [MESSAGE][PASSED] - Delayed 3 second(s)

2022-12-09 15:33:24 - [TEST_STEP][PASSED] - switchToWindowIndex(currentWindow + 1): Switched to window with index: '1'

2022-12-09 15:33:24 - [MESSAGE][PASSED] - Switched to window with index: '1'

2022-12-09 15:33:24 - [TEST_STEP][PASSED] - navigateToUrl("https://www.mailinator.com/"): Navigate to 'https://www.mailinator.com/' successfully

2022-12-09 15:33:25 - [MESSAGE][PASSED] - Navigate to 'https://www.mailinator.com/' successfully

2022-12-09 15:33:25 - [TEST_STEP][PASSED] - delay(3): Delayed 3 second(s)

2022-12-09 15:33:28 - [MESSAGE][PASSED] - Delayed 3 second(s)

2022-12-09 15:33:28 - [TEST_STEP][PASSED] - setText(findTestObject("00-Signup and Activation/zMailinator/input_LOGIN_search"), "testuser02@mailinator.com"): Text 'testuser02@mailinator.com' is set on object 'Object Repository/00-Signup and Activation/zMailinator/input_LOGIN_search'

2022-12-09 15:33:29 - [MESSAGE][PASSED] - Text 'testuser02@mailinator.com' is set on object 'Object Repository/00-Signup and Activation/zMailinator/input_LOGIN_search'

2022-12-09 15:33:29 - [TEST_STEP][PASSED] - click(findTestObject("00-Signup and Activation/zMailinator/gobutton"), STOP_ON_FAILURE): Object: 'Object Repository/00-Signup and Activation/zMailinator/gobutton' is clicked on

2022-12-09 15:33:31 - [MESSAGE][PASSED] - Object: 'Object Repository/00-Signup and Activation/zMailinator/gobutton' is clicked on

2022-12-09 15:33:31 - [TEST_STEP][PASSED] - delay(3): Delayed 3 second(s)

2022-12-09 15:33:34 - [MESSAGE][PASSED] - Delayed 3 second(s)

2022-12-09 15:33:34 - [TEST_STEP][PASSED] - click(findTestObject("00-Signup and Activation/zMailinator/Email - everleagues")): Object: 'Object Repository/00-Signup and Activation/zMailinator/Email - everleagues' is clicked on

2022-12-09 15:33:34 - [MESSAGE][PASSED] - Object: 'Object Repository/00-Signup and Activation/zMailinator/Email - everleagues' is clicked on

2022-12-09 15:33:34 - [TEST_STEP][PASSED] - delay(3): Delayed 3 second(s)

2022-12-09 15:33:37 - [MESSAGE][PASSED] - Delayed 3 second(s)

2022-12-09 15:33:37 - [TEST_STEP][PASSED] - code = getText(findTestObject("Object Repository/06-Teams/For 2FA/2FA code")): Text of object 'Object Repository/06-Teams/For 2FA/2FA code' is: '254262'

2022-12-09 15:33:38 - [MESSAGE][PASSED] - Text of object 'Object Repository/06-Teams/For 2FA/2FA code' is: '254262'

2022-12-09 15:33:38 - [TEST_STEP][PASSED] - delay(3): Delayed 3 second(s)

2022-12-09 15:33:41 - [MESSAGE][PASSED] - Delayed 3 second(s)

2022-12-09 15:33:41 - [TEST_STEP][PASSED] - closeWindowTitle("Mailinator"): Window with title: 'Mailinator' is closed

2022-12-09 15:33:41 - [MESSAGE][PASSED] - Window with title: 'Mailinator' is closed

2022-12-09 15:33:41 - [TEST_STEP][PASSED] - delay(3): Delayed 3 second(s)

2022-12-09 15:33:44 - [MESSAGE][PASSED] - Delayed 3 second(s)

2022-12-09 15:33:44 - [TEST_STEP][PASSED] - switchToWindowIndex(0): Switched to window with index: '0'

2022-12-09 15:33:44 - [MESSAGE][PASSED] - Switched to window with index: '0'

2022-12-09 15:33:44 - [TEST_STEP][PASSED] - delay(3): Delayed 3 second(s)

2022-12-09 15:33:47 - [MESSAGE][PASSED] - Delayed 3 second(s)

2022-12-09 15:33:47 - [TEST_STEP][PASSED] - setText(findTestObject("Object Repository/06-Teams/For 2FA/input_Enter verification code_code"), code): Text '254262' is set on object 'Object Repository/06-Teams/For 2FA/input_Enter verification code_code'

2022-12-09 15:33:48 - [MESSAGE][PASSED] - Text '254262' is set on object 'Object Repository/06-Teams/For 2FA/input_Enter verification code_code'

2022-12-09 15:33:48 - [TEST_STEP][PASSED] - delay(3): Delayed 3 second(s)

2022-12-09 15:33:51 - [MESSAGE][PASSED] - Delayed 3 second(s)

2022-12-09 15:33:51 - [TEST_STEP][PASSED] - click(findTestObject("06-Teams/For 2FA/button_Verify_2FA")): Object: 'Object Repository/06-Teams/For 2FA/button_Verify_2FA' is clicked on

2022-12-09 15:33:51 - [MESSAGE][PASSED] - Object: 'Object Repository/06-Teams/For 2FA/button_Verify_2FA' is clicked on

2022-12-09 15:33:51 - [TEST_STEP][PASSED] - delay(5): Delayed 5 second(s)

2022-12-09 15:33:56 - [MESSAGE][PASSED] - Delayed 5 second(s)

2022-12-09 15:33:56 - [TEST_STEP][PASSED] - click(findTestObject("06-Teams/button_doublearrow")): Object: 'Object Repository/06-Teams/button_doublearrow' is clicked on

2022-12-09 15:33:57 - [MESSAGE][PASSED] - Object: 'Object Repository/06-Teams/button_doublearrow' is clicked on

2022-12-09 15:33:57 - [TEST_STEP][PASSED] - click(findTestObject("06-Teams/button_My Organizations")): Object: 'Object Repository/06-Teams/button_My Organizations' is clicked on

2022-12-09 15:33:57 - [MESSAGE][PASSED] - Object: 'Object Repository/06-Teams/button_My Organizations' is clicked on

2022-12-09 15:33:57 - [TEST_STEP][PASSED] - click(findTestObject("06-Teams/button_GG Automation")): Object: 'Object Repository/06-Teams/button_GG Automation' is clicked on

2022-12-09 15:33:58 - [MESSAGE][PASSED] - Object: 'Object Repository/06-Teams/button_GG Automation' is clicked on

2022-12-09 15:33:58 - [TEST_STEP][PASSED] - delay(4): Delayed 4 second(s)

2022-12-09 15:34:02 - [MESSAGE][PASSED] - Delayed 4 second(s)

2022-12-09 15:34:02 - [TEST_STEP][PASSED] - verifyElementVisible(findTestObject("06-Teams/span_GG Automation")): Object 'Object Repository/06-Teams/span_GG Automation' is visible

2022-12-09 15:34:03 - [MESSAGE][PASSED] - Object 'Object Repository/06-Teams/span_GG Automation' is visible

2022-12-09 15:34:03 - [TEST_STEP][PASSED] - delay(5): Delayed 5 second(s)

2022-12-09 15:34:08 - [MESSAGE][PASSED] - Delayed 5 second(s)

2022-12-09 15:34:08 - [TEST_STEP][PASSED] - click(findTestObject("03-Header Menu/Hamburger Button/div_Settings")): Object: 'Object Repository/03-Header Menu/Hamburger Button/div_Settings' is clicked on

2022-12-09 15:34:08 - [MESSAGE][PASSED] - Object: 'Object Repository/03-Header Menu/Hamburger Button/div_Settings' is clicked on

2022-12-09 15:34:08 - [TEST_STEP][PASSED] - delay(3): Delayed 3 second(s)

2022-12-09 15:34:11 - [MESSAGE][PASSED] - Delayed 3 second(s)

2022-12-09 15:34:11 - [TEST_STEP][PASSED] - click(findTestObject("09-Settings/Users/div_Users")): Object: 'Object Repository/09-Settings/Users/div_Users' is clicked on

2022-12-09 15:34:12 - [MESSAGE][PASSED] - Object: 'Object Repository/09-Settings/Users/div_Users' is clicked on

2022-12-09 15:34:12 - [TEST_STEP][PASSED] - delay(3): Delayed 3 second(s)

2022-12-09 15:34:15 - [MESSAGE][PASSED] - Delayed 3 second(s)

2022-12-09 15:34:15 - [TEST_STEP][PASSED] - click(findTestObject("09-Settings/Users/button_add")): Object: 'Object Repository/09-Settings/Users/button_add' is clicked on

2022-12-09 15:34:15 - [MESSAGE][PASSED] - Object: 'Object Repository/09-Settings/Users/button_add' is clicked on

2022-12-09 15:34:15 - [TEST_STEP][PASSED] - delay(3): Delayed 3 second(s)

2022-12-09 15:34:18 - [MESSAGE][PASSED] - Delayed 3 second(s)

2022-12-09 15:34:18 - [TEST_STEP][PASSED] - click(findTestObject("09-Settings/Users/Invite batch of users via CSV file")): Object: 'Object Repository/09-Settings/Users/Invite batch of users via CSV file' is clicked on

2022-12-09 15:34:19 - [MESSAGE][PASSED] - Object: 'Object Repository/09-Settings/Users/Invite batch of users via CSV file' is clicked on

2022-12-09 15:34:19 - [TEST_STEP][PASSED] - verifyElementVisible(findTestObject("09-Settings/Users/CSV Invite/Import CSV File modal")): Object 'Object Repository/09-Settings/Users/CSV Invite/Import CSV File modal' is visible

2022-12-09 15:34:20 - [MESSAGE][PASSED] - Object 'Object Repository/09-Settings/Users/CSV Invite/Import CSV File modal' is visible

2022-12-09 15:34:20 - [TEST_STEP][PASSED] - verifyElementNotClickable(findTestObject("09-Settings/Users/CSV Invite/button_Import")): Object 'Object Repository/09-Settings/Users/CSV Invite/button_Import' is NOT clickable

2022-12-09 15:34:20 - [MESSAGE][PASSED] - Object 'Object Repository/09-Settings/Users/CSV Invite/button_Import' is NOT clickable

2022-12-09 15:34:20 - [TEST_STEP][PASSED] - delay(3): Delayed 3 second(s)

2022-12-09 15:34:23 - [MESSAGE][PASSED] - Delayed 3 second(s)

2022-12-09 15:34:23 - [TEST_STEP][PASSED] - uploadpackage.Upload.uploadFile(findTestObject("Object Repository/09-Settings/Users/CSV Invite/button_Choose File"), "C:\Users\User\Desktop\EL automation\sample csv.csv"): uploadpackage.Upload.uploadFile is PASSED

2022-12-09 15:34:23 - [MESSAGE][PASSED] - Object: 'Object Repository/09-Settings/Users/CSV Invite/button_Choose File' is clicked on

2022-12-09 15:34:23 - [MESSAGE][PASSED] - uploadpackage.Upload.uploadFile is PASSED

2022-12-09 15:34:23 - [TEST_STEP][PASSED] - delay(3): Delayed 3 second(s)

2022-12-09 15:34:26 - [MESSAGE][PASSED] - Delayed 3 second(s)

2022-12-09 15:34:26 - [TEST_STEP][PASSED] - verifyElementVisible(findTestObject("09-Settings/Users/CSV Invite/div_Sample csv.csv")): Object 'Object Repository/09-Settings/Users/CSV Invite/div_Sample csv.csv' is visible

2022-12-09 15:34:27 - [MESSAGE][PASSED] - Object 'Object Repository/09-Settings/Users/CSV Invite/div_Sample csv.csv' is visible

2022-12-09 15:34:27 - [TEST_STEP][PASSED] - click(findTestObject("09-Settings/Users/CSV Invite/button_Import")): Object: 'Object Repository/09-Settings/Users/CSV Invite/button_Import' is clicked on

2022-12-09 15:34:27 - [MESSAGE][PASSED] - Object: 'Object Repository/09-Settings/Users/CSV Invite/button_Import' is clicked on

2022-12-09 15:34:27 - [TEST_STEP][PASSED] - delay(5): Delayed 5 second(s)

2022-12-09 15:34:32 - [MESSAGE][PASSED] - Delayed 5 second(s)

2022-12-09 15:34:32 - [TEST_STEP][PASSED] - verifyElementVisible(findTestObject("09-Settings/Users/CSV Invite/Success import modal")): Object 'Object Repository/09-Settings/Users/CSV Invite/Success import modal' is visible

2022-12-09 15:34:33 - [MESSAGE][PASSED] - Object 'Object Repository/09-Settings/Users/CSV Invite/Success import modal' is visible

2022-12-09 15:34:33 - [TEST_STEP][PASSED] - click(findTestObject("09-Settings/Users/CSV Invite/button_Close")): Object: 'Object Repository/09-Settings/Users/CSV Invite/button_Close' is clicked on

2022-12-09 15:34:33 - [MESSAGE][PASSED] - Object: 'Object Repository/09-Settings/Users/CSV Invite/button_Close' is clicked on

2022-12-09 15:34:33 - [TEST_STEP][PASSED] - click(findTestObject("09-Settings/Users/CSV Invite/Invited Users tab")): Object: 'Object Repository/09-Settings/Users/CSV Invite/Invited Users tab' is clicked on

2022-12-09 15:34:34 - [MESSAGE][PASSED] - Object: 'Object Repository/09-Settings/Users/CSV Invite/Invited Users tab' is clicked on

2022-12-09 15:34:34 - [TEST_STEP][PASSED] - delay(3): Delayed 3 second(s)

2022-12-09 15:34:37 - [MESSAGE][PASSED] - Delayed 3 second(s)

2022-12-09 15:34:37 - [TEST_STEP][PASSED] - verifyElementVisible(findTestObject("09-Settings/Users/CSV Invite/div_CTCSV test3")): Object 'Object Repository/09-Settings/Users/CSV Invite/div_CTCSV test3' is visible

2022-12-09 15:34:37 - [MESSAGE][PASSED] - Object 'Object Repository/09-Settings/Users/CSV Invite/div_CTCSV test3' is visible

2022-12-09 15:34:37 - [TEST_STEP][PASSED] - verifyElementVisible(findTestObject("09-Settings/Users/CSV Invite/div_autotester08mailinator.com")): Object 'Object Repository/09-Settings/Users/CSV Invite/div_autotester08mailinator.com' is visible

2022-12-09 15:34:37 - [MESSAGE][PASSED] - Object 'Object Repository/09-Settings/Users/CSV Invite/div_autotester08mailinator.com' is visible

2022-12-09 15:34:37 - [TEST_STEP][PASSED] - verifyElementVisible(findTestObject("09-Settings/Users/CSV Invite/div_Partner")): Object 'Object Repository/09-Settings/Users/CSV Invite/div_Partner' is visible

2022-12-09 15:34:38 - [MESSAGE][PASSED] - Object 'Object Repository/09-Settings/Users/CSV Invite/div_Partner' is visible

2022-12-09 15:34:38 - [TEST_STEP][PASSED] - verifyElementVisible(findTestObject("09-Settings/Users/CSV Invite/div_CTCSV test2")): Object 'Object Repository/09-Settings/Users/CSV Invite/div_CTCSV test2' is visible

2022-12-09 15:34:38 - [MESSAGE][PASSED] - Object 'Object Repository/09-Settings/Users/CSV Invite/div_CTCSV test2' is visible

2022-12-09 15:34:38 - [TEST_STEP][PASSED] - verifyElementVisible(findTestObject("09-Settings/Users/CSV Invite/div_autotester07mailinator.com")): Object 'Object Repository/09-Settings/Users/CSV Invite/div_autotester07mailinator.com' is visible

2022-12-09 15:34:38 - [MESSAGE][PASSED] - Object 'Object Repository/09-Settings/Users/CSV Invite/div_autotester07mailinator.com' is visible

2022-12-09 15:34:38 - [TEST_STEP][PASSED] - verifyElementVisible(findTestObject("09-Settings/Users/CSV Invite/div_Client")): Object 'Object Repository/09-Settings/Users/CSV Invite/div_Client' is visible

2022-12-09 15:34:39 - [MESSAGE][PASSED] - Object 'Object Repository/09-Settings/Users/CSV Invite/div_Client' is visible

2022-12-09 15:34:39 - [TEST_STEP][PASSED] - verifyElementVisible(findTestObject("09-Settings/Users/CSV Invite/div_CTCSV test1")): Object 'Object Repository/09-Settings/Users/CSV Invite/div_CTCSV test1' is visible

2022-12-09 15:34:39 - [MESSAGE][PASSED] - Object 'Object Repository/09-Settings/Users/CSV Invite/div_CTCSV test1' is visible

2022-12-09 15:34:39 - [TEST_STEP][PASSED] - verifyElementVisible(findTestObject("09-Settings/Users/CSV Invite/div_autotester06mailinator.com")): Object 'Object Repository/09-Settings/Users/CSV Invite/div_autotester06mailinator.com' is visible

2022-12-09 15:34:40 - [MESSAGE][PASSED] - Object 'Object Repository/09-Settings/Users/CSV Invite/div_autotester06mailinator.com' is visible

2022-12-09 15:34:40 - [TEST_STEP][PASSED] - verifyElementVisible(findTestObject("09-Settings/Users/CSV Invite/div_Coworker")): Object 'Object Repository/09-Settings/Users/CSV Invite/div_Coworker' is visible

2022-12-09 15:34:40 - [MESSAGE][PASSED] - Object 'Object Repository/09-Settings/Users/CSV Invite/div_Coworker' is visible

2022-12-09 15:34:40 - [TEST_STEP][PASSED] - delay(3): Delayed 3 second(s)

2022-12-09 15:34:43 - [MESSAGE][PASSED] - Delayed 3 second(s)

2022-12-09 15:34:43 - [TEST_STEP][PASSED] - closeBrowser(): Browser is closed

2022-12-09 15:34:44 - [MESSAGE][PASSED] - Browser is closed]]></system-out>
         <system-err><![CDATA[]]></system-err>
      </testcase>
      <system-out><![CDATA[2022-12-09 15:19:00 - [TEST_SUITE][PASSED] - 09.1 - Settings (Invite users): Test Cases/09-Settings/05 - Users (Invite batch of users via CSV file)]]></system-out>
      <system-err><![CDATA[]]></system-err>
   </testsuite>
</testsuites>
