<?xml version="1.0" encoding="UTF-8"?>
<testsuites name="05-Chat" time="505.668" tests="10" failures="0" errors="0">
   <testsuite name="05-Chat" tests="10" failures="0" errors="0" time="505.668" skipped="0" timestamp="2022-11-23 10:57:57" hostname="User - DESKTOP-QCRNR4M" id="Test Suites/TS-Organization/05-Chat">
      <properties>
         <property name="deviceName" value=""/>
         <property name="devicePlatform" value=""/>
         <property name="logFolder" value="C:\\Users\\User\\Katalon Studio\\EverleaguesMain\\Reports\\20221123_105753\\TS-Organization\\05-Chat\\20221123_105754"/>
         <property name="logFiles" value="C:\\Users\\User\\Katalon Studio\\EverleaguesMain\\Reports\\20221123_105753\\TS-Organization\\05-Chat\\20221123_105754\\execution0.log"/>
         <property name="attachments" value=""/>
         <property name="hostName" value="User - DESKTOP-QCRNR4M"/>
         <property name="os" value="Windows 10 64bit"/>
         <property name="katalonVersion" value="8.4.1.208"/>
         <property name="browser" value="Chrome 107.0.0.0"/>
         <property name="hostAddress" value="192.168.5.124"/>
         <property name="sessionId" value="9063b9d42f739e1fd057afdbb5b9821d"/>
         <property name="seleniumVersion" value="3.141.59"/>
         <property name="proxyInformation" value="ProxyInformation { proxyOption=NO_PROXY, proxyServerType=HTTP, username=, password=********, proxyServerAddress=, proxyServerPort=0, executionList=&quot;&quot;, isApplyToDesiredCapabilities=true }"/>
         <property name="platform" value="Windows 10"/>
      </properties>
      <testcase name="Test Cases/05- Chat/01-Creating a Chat group" time="135.816" classname="Test Cases/05- Chat/01-Creating a Chat group" status="PASSED">
         <system-out><![CDATA[2022-11-23 10:57:57 - [TEST_CASE][PASSED] - Test Cases/05- Chat/01-Creating a Chat group: Test Cases/05- Chat/01-Creating a Chat group

2022-11-23 10:57:58 - [TEST_STEP][PASSED] - openBrowser(""): Browser is opened with url: ''

2022-11-23 10:57:58 - [MESSAGE][INFO] - Starting 'Chrome' driver

2022-11-23 10:57:58 - [MESSAGE][INFO] - Action delay is set to 0 milliseconds

2022-11-23 10:58:00 - [MESSAGE][PASSED] - Browser is opened with url: ''

2022-11-23 10:58:00 - [TEST_STEP][PASSED] - navigateToUrl("https://lab.everleagues.com/"): Navigate to 'https://lab.everleagues.com/' successfully

2022-11-23 10:58:55 - [MESSAGE][PASSED] - Navigate to 'https://lab.everleagues.com/' successfully

2022-11-23 10:58:55 - [TEST_STEP][PASSED] - maximizeWindow(): Current window maximized

2022-11-23 10:58:55 - [MESSAGE][PASSED] - Current window maximized

2022-11-23 10:58:55 - [TEST_STEP][PASSED] - setText(findTestObject("02-Side Icons(Organization)/Add Contact/Email Field"), "testuser02@mailinator.com"): Text 'testuser02@mailinator.com' is set on object 'Object Repository/02-Side Icons(Organization)/Add Contact/Email Field'

2022-11-23 10:58:56 - [MESSAGE][PASSED] - Text 'testuser02@mailinator.com' is set on object 'Object Repository/02-Side Icons(Organization)/Add Contact/Email Field'

2022-11-23 10:58:56 - [TEST_STEP][PASSED] - setEncryptedText(findTestObject("02-Side Icons(Organization)/Add Contact/Password Field"), "8yFRyszE6U6jvsCn51OQbg=="): Text ****** has been set on object 'Object Repository/02-Side Icons(Organization)/Add Contact/Password Field'

2022-11-23 10:58:57 - [MESSAGE][PASSED] - Text ****** has been set on object 'Object Repository/02-Side Icons(Organization)/Add Contact/Password Field'

2022-11-23 10:58:57 - [TEST_STEP][PASSED] - click(findTestObject("02-Side Icons(Organization)/Add Contact/button_Sign in")): Object: 'Object Repository/02-Side Icons(Organization)/Add Contact/button_Sign in' is clicked on

2022-11-23 10:58:57 - [MESSAGE][PASSED] - Object: 'Object Repository/02-Side Icons(Organization)/Add Contact/button_Sign in' is clicked on

2022-11-23 10:58:57 - [TEST_STEP][PASSED] - delay(2): Delayed 2 second(s)

2022-11-23 10:58:59 - [MESSAGE][PASSED] - Delayed 2 second(s)

2022-11-23 10:58:59 - [TEST_STEP][PASSED] - click(findTestObject("06-Teams/For 2FA/button_Confirm_2FA")): Object: 'Object Repository/06-Teams/For 2FA/button_Confirm_2FA' is clicked on

2022-11-23 10:59:00 - [MESSAGE][PASSED] - Object: 'Object Repository/06-Teams/For 2FA/button_Confirm_2FA' is clicked on

2022-11-23 10:59:00 - [TEST_STEP][PASSED] - executeJavaScript("window.open();", []): Execute JavaScript 'window.open();' successfully

2022-11-23 10:59:00 - [MESSAGE][PASSED] - Execute JavaScript 'window.open();' successfully

2022-11-23 10:59:00 - [TEST_STEP][PASSED] - currentWindow = getWindowIndex(): Current window's index is: 0

2022-11-23 10:59:00 - [MESSAGE][PASSED] - Current window's index is: 0

2022-11-23 10:59:00 - [TEST_STEP][PASSED] - delay(3): Delayed 3 second(s)

2022-11-23 10:59:03 - [MESSAGE][PASSED] - Delayed 3 second(s)

2022-11-23 10:59:03 - [TEST_STEP][PASSED] - switchToWindowIndex(currentWindow + 1): Switched to window with index: '1'

2022-11-23 10:59:03 - [MESSAGE][PASSED] - Switched to window with index: '1'

2022-11-23 10:59:03 - [TEST_STEP][PASSED] - navigateToUrl("https://www.mailinator.com/"): Navigate to 'https://www.mailinator.com/' successfully

2022-11-23 10:59:05 - [MESSAGE][PASSED] - Navigate to 'https://www.mailinator.com/' successfully

2022-11-23 10:59:05 - [TEST_STEP][PASSED] - delay(3): Delayed 3 second(s)

2022-11-23 10:59:08 - [MESSAGE][PASSED] - Delayed 3 second(s)

2022-11-23 10:59:08 - [TEST_STEP][PASSED] - setText(findTestObject("00-Signup and Activation/zMailinator/input_LOGIN_search"), "testuser02@mailinator.com"): Text 'testuser02@mailinator.com' is set on object 'Object Repository/00-Signup and Activation/zMailinator/input_LOGIN_search'

2022-11-23 10:59:09 - [MESSAGE][PASSED] - Text 'testuser02@mailinator.com' is set on object 'Object Repository/00-Signup and Activation/zMailinator/input_LOGIN_search'

2022-11-23 10:59:09 - [TEST_STEP][PASSED] - click(findTestObject("00-Signup and Activation/zMailinator/gobutton"), STOP_ON_FAILURE): Object: 'Object Repository/00-Signup and Activation/zMailinator/gobutton' is clicked on

2022-11-23 10:59:11 - [MESSAGE][PASSED] - Object: 'Object Repository/00-Signup and Activation/zMailinator/gobutton' is clicked on

2022-11-23 10:59:11 - [TEST_STEP][PASSED] - delay(3): Delayed 3 second(s)

2022-11-23 10:59:14 - [MESSAGE][PASSED] - Delayed 3 second(s)

2022-11-23 10:59:14 - [TEST_STEP][PASSED] - click(findTestObject("00-Signup and Activation/zMailinator/Email - everleagues")): Object: 'Object Repository/00-Signup and Activation/zMailinator/Email - everleagues' is clicked on

2022-11-23 10:59:14 - [MESSAGE][PASSED] - Object: 'Object Repository/00-Signup and Activation/zMailinator/Email - everleagues' is clicked on

2022-11-23 10:59:14 - [TEST_STEP][PASSED] - delay(3): Delayed 3 second(s)

2022-11-23 10:59:17 - [MESSAGE][PASSED] - Delayed 3 second(s)

2022-11-23 10:59:17 - [TEST_STEP][PASSED] - code = getText(findTestObject("Object Repository/06-Teams/For 2FA/2FA code")): Text of object 'Object Repository/06-Teams/For 2FA/2FA code' is: '005400'

2022-11-23 10:59:17 - [MESSAGE][PASSED] - Text of object 'Object Repository/06-Teams/For 2FA/2FA code' is: '005400'

2022-11-23 10:59:17 - [TEST_STEP][PASSED] - delay(3): Delayed 3 second(s)

2022-11-23 10:59:20 - [MESSAGE][PASSED] - Delayed 3 second(s)

2022-11-23 10:59:20 - [TEST_STEP][PASSED] - closeWindowTitle("Mailinator"): Window with title: 'Mailinator' is closed

2022-11-23 10:59:21 - [MESSAGE][PASSED] - Window with title: 'Mailinator' is closed

2022-11-23 10:59:21 - [TEST_STEP][PASSED] - delay(3): Delayed 3 second(s)

2022-11-23 10:59:24 - [MESSAGE][PASSED] - Delayed 3 second(s)

2022-11-23 10:59:24 - [TEST_STEP][PASSED] - switchToWindowIndex(0): Switched to window with index: '0'

2022-11-23 10:59:24 - [MESSAGE][PASSED] - Switched to window with index: '0'

2022-11-23 10:59:24 - [TEST_STEP][PASSED] - delay(3): Delayed 3 second(s)

2022-11-23 10:59:27 - [MESSAGE][PASSED] - Delayed 3 second(s)

2022-11-23 10:59:27 - [TEST_STEP][PASSED] - setText(findTestObject("Object Repository/06-Teams/For 2FA/input_Enter verification code_code"), code): Text '005400' is set on object 'Object Repository/06-Teams/For 2FA/input_Enter verification code_code'

2022-11-23 10:59:28 - [MESSAGE][PASSED] - Text '005400' is set on object 'Object Repository/06-Teams/For 2FA/input_Enter verification code_code'

2022-11-23 10:59:28 - [TEST_STEP][PASSED] - delay(3): Delayed 3 second(s)

2022-11-23 10:59:31 - [MESSAGE][PASSED] - Delayed 3 second(s)

2022-11-23 10:59:31 - [TEST_STEP][PASSED] - click(findTestObject("06-Teams/For 2FA/button_Verify_2FA")): Object: 'Object Repository/06-Teams/For 2FA/button_Verify_2FA' is clicked on

2022-11-23 10:59:31 - [MESSAGE][PASSED] - Object: 'Object Repository/06-Teams/For 2FA/button_Verify_2FA' is clicked on

2022-11-23 10:59:31 - [TEST_STEP][PASSED] - delay(5): Delayed 5 second(s)

2022-11-23 10:59:36 - [MESSAGE][PASSED] - Delayed 5 second(s)

2022-11-23 10:59:36 - [TEST_STEP][PASSED] - click(findTestObject("02-Side Icons(Organization)/Add Contact/Side Menu double arrow icon")): Object: 'Object Repository/02-Side Icons(Organization)/Add Contact/Side Menu double arrow icon' is clicked on

2022-11-23 10:59:37 - [MESSAGE][PASSED] - Object: 'Object Repository/02-Side Icons(Organization)/Add Contact/Side Menu double arrow icon' is clicked on

2022-11-23 10:59:37 - [TEST_STEP][PASSED] - delay(2): Delayed 2 second(s)

2022-11-23 10:59:39 - [MESSAGE][PASSED] - Delayed 2 second(s)

2022-11-23 10:59:39 - [TEST_STEP][PASSED] - click(findTestObject("02-Side Icons(Organization)/Add Contact/button_My Organizations")): Object: 'Object Repository/02-Side Icons(Organization)/Add Contact/button_My Organizations' is clicked on

2022-11-23 10:59:40 - [MESSAGE][PASSED] - Object: 'Object Repository/02-Side Icons(Organization)/Add Contact/button_My Organizations' is clicked on

2022-11-23 10:59:40 - [TEST_STEP][PASSED] - delay(2): Delayed 2 second(s)

2022-11-23 10:59:42 - [MESSAGE][PASSED] - Delayed 2 second(s)

2022-11-23 10:59:42 - [TEST_STEP][PASSED] - click(findTestObject("02-Side Icons(Organization)/Add Contact/button_Automation Test Org")): Object: 'Object Repository/02-Side Icons(Organization)/Add Contact/button_Automation Test Org' is clicked on

2022-11-23 10:59:42 - [MESSAGE][PASSED] - Object: 'Object Repository/02-Side Icons(Organization)/Add Contact/button_Automation Test Org' is clicked on

2022-11-23 10:59:42 - [TEST_STEP][PASSED] - delay(2): Delayed 2 second(s)

2022-11-23 10:59:44 - [MESSAGE][PASSED] - Delayed 2 second(s)

2022-11-23 10:59:44 - [TEST_STEP][PASSED] - verifyElementVisible(findTestObject("02-Side Icons(Organization)/Add Contact/span_Automation Test Org")): Object 'Object Repository/02-Side Icons(Organization)/Add Contact/span_Automation Test Org' is visible

2022-11-23 10:59:45 - [MESSAGE][PASSED] - Object 'Object Repository/02-Side Icons(Organization)/Add Contact/span_Automation Test Org' is visible

2022-11-23 10:59:45 - [TEST_STEP][PASSED] - click(findTestObject("05-Chat/01- Creating a Chat group/div_Chat")): Object: 'Object Repository/05-Chat/01- Creating a Chat group/div_Chat' is clicked on

2022-11-23 10:59:46 - [MESSAGE][PASSED] - Object: 'Object Repository/05-Chat/01- Creating a Chat group/div_Chat' is clicked on

2022-11-23 10:59:46 - [TEST_STEP][PASSED] - delay(1): Delayed 1 second(s)

2022-11-23 10:59:47 - [MESSAGE][PASSED] - Delayed 1 second(s)

2022-11-23 10:59:47 - [TEST_STEP][PASSED] - verifyElementVisible(findTestObject("05-Chat/01- Creating a Chat group/h4_CHAT")): Object 'Object Repository/05-Chat/01- Creating a Chat group/h4_CHAT' is visible

2022-11-23 10:59:47 - [MESSAGE][PASSED] - Object 'Object Repository/05-Chat/01- Creating a Chat group/h4_CHAT' is visible

2022-11-23 10:59:47 - [TEST_STEP][PASSED] - verifyElementVisible(findTestObject("05-Chat/01- Creating a Chat group/div_No chat available")): Object 'Object Repository/05-Chat/01- Creating a Chat group/div_No chat available' is visible

2022-11-23 10:59:48 - [MESSAGE][PASSED] - Object 'Object Repository/05-Chat/01- Creating a Chat group/div_No chat available' is visible

2022-11-23 10:59:48 - [TEST_STEP][PASSED] - verifyElementVisible(findTestObject("05-Chat/01- Creating a Chat group/h5_Chat securely with your contacts here")): Object 'Object Repository/05-Chat/01- Creating a Chat group/h5_Chat securely with your contacts here' is visible

2022-11-23 10:59:48 - [MESSAGE][PASSED] - Object 'Object Repository/05-Chat/01- Creating a Chat group/h5_Chat securely with your contacts here' is visible

2022-11-23 10:59:48 - [TEST_STEP][PASSED] - delay(3): Delayed 3 second(s)

2022-11-23 10:59:51 - [MESSAGE][PASSED] - Delayed 3 second(s)

2022-11-23 10:59:51 - [TEST_STEP][PASSED] - click(findTestObject("05-Chat/01- Creating a Chat group/new chat icon")): Object: 'Object Repository/05-Chat/01- Creating a Chat group/new chat icon' is clicked on

2022-11-23 10:59:51 - [MESSAGE][PASSED] - Object: 'Object Repository/05-Chat/01- Creating a Chat group/new chat icon' is clicked on

2022-11-23 10:59:51 - [TEST_STEP][PASSED] - delay(5): Delayed 5 second(s)

2022-11-23 10:59:56 - [MESSAGE][PASSED] - Delayed 5 second(s)

2022-11-23 10:59:56 - [TEST_STEP][PASSED] - click(findTestObject("05-Chat/01- Creating a Chat group/div_New Group Chat")): Object: 'Object Repository/05-Chat/01- Creating a Chat group/div_New Group Chat' is clicked on

2022-11-23 10:59:57 - [MESSAGE][PASSED] - Object: 'Object Repository/05-Chat/01- Creating a Chat group/div_New Group Chat' is clicked on

2022-11-23 10:59:57 - [TEST_STEP][PASSED] - delay(1): Delayed 1 second(s)

2022-11-23 10:59:58 - [MESSAGE][PASSED] - Delayed 1 second(s)

2022-11-23 10:59:58 - [TEST_STEP][PASSED] - verifyElementVisible(findTestObject("05-Chat/01- Creating a Chat group/span_Add group participant")): Object 'Object Repository/05-Chat/01- Creating a Chat group/span_Add group participant' is visible

2022-11-23 10:59:58 - [MESSAGE][PASSED] - Object 'Object Repository/05-Chat/01- Creating a Chat group/span_Add group participant' is visible

2022-11-23 10:59:58 - [TEST_STEP][PASSED] - verifyElementNotPresent(findTestObject("05-Chat/01- Creating a Chat group/button_arrow_forward"), 0): Web element with id: 'Object Repository/05-Chat/01- Creating a Chat group/button_arrow_forward' located by 'By.xpath: //button[@type = 'button' and @ng-reflect-disabled = 'false' and (text() = 'arrow_forward' or . = 'arrow_forward')]' is not present after '30' second(s)

2022-11-23 10:59:59 - [MESSAGE][WARNING] - Timeout '0' is invalid. Using default page load timeout: '30'

2022-11-23 10:59:59 - [MESSAGE][PASSED] - Web element with id: 'Object Repository/05-Chat/01- Creating a Chat group/button_arrow_forward' located by 'By.xpath: //button[@type = 'button' and @ng-reflect-disabled = 'false' and (text() = 'arrow_forward' or . = 'arrow_forward')]' is not present after '30' second(s)

2022-11-23 10:59:59 - [TEST_STEP][PASSED] - delay(1): Delayed 1 second(s)

2022-11-23 11:00:00 - [MESSAGE][PASSED] - Delayed 1 second(s)

2022-11-23 11:00:00 - [TEST_STEP][PASSED] - setText(findTestObject("05-Chat/01- Creating a Chat group/input_newGroupName"), "Automation Chat"): Text 'Automation Chat' is set on object 'Object Repository/05-Chat/01- Creating a Chat group/input_newGroupName'

2022-11-23 11:00:01 - [MESSAGE][PASSED] - Text 'Automation Chat' is set on object 'Object Repository/05-Chat/01- Creating a Chat group/input_newGroupName'

2022-11-23 11:00:01 - [TEST_STEP][PASSED] - click(findTestObject("05-Chat/01- Creating a Chat group/div_GTGG tester")): Object: 'Object Repository/05-Chat/01- Creating a Chat group/div_GTGG tester' is clicked on

2022-11-23 11:00:02 - [MESSAGE][PASSED] - Object: 'Object Repository/05-Chat/01- Creating a Chat group/div_GTGG tester' is clicked on

2022-11-23 11:00:02 - [TEST_STEP][PASSED] - verifyElementVisible(findTestObject("05-Chat/01- Creating a Chat group/GG tester added")): Object 'Object Repository/05-Chat/01- Creating a Chat group/GG tester added' is visible

2022-11-23 11:00:03 - [MESSAGE][PASSED] - Object 'Object Repository/05-Chat/01- Creating a Chat group/GG tester added' is visible

2022-11-23 11:00:03 - [TEST_STEP][PASSED] - delay(1): Delayed 1 second(s)

2022-11-23 11:00:04 - [MESSAGE][PASSED] - Delayed 1 second(s)

2022-11-23 11:00:04 - [TEST_STEP][PASSED] - click(findTestObject("05-Chat/01- Creating a Chat group/div_GTGG tester 2")): Object: 'Object Repository/05-Chat/01- Creating a Chat group/div_GTGG tester 2' is clicked on

2022-11-23 11:00:04 - [MESSAGE][PASSED] - Object: 'Object Repository/05-Chat/01- Creating a Chat group/div_GTGG tester 2' is clicked on

2022-11-23 11:00:04 - [TEST_STEP][PASSED] - verifyElementVisible(findTestObject("05-Chat/01- Creating a Chat group/GG tester 2 added")): Object 'Object Repository/05-Chat/01- Creating a Chat group/GG tester 2 added' is visible

2022-11-23 11:00:05 - [MESSAGE][PASSED] - Object 'Object Repository/05-Chat/01- Creating a Chat group/GG tester 2 added' is visible

2022-11-23 11:00:05 - [TEST_STEP][PASSED] - delay(1): Delayed 1 second(s)

2022-11-23 11:00:06 - [MESSAGE][PASSED] - Delayed 1 second(s)

2022-11-23 11:00:06 - [TEST_STEP][PASSED] - click(findTestObject("05-Chat/01- Creating a Chat group/button_arrow_forward")): Object: 'Object Repository/05-Chat/01- Creating a Chat group/button_arrow_forward' is clicked on

2022-11-23 11:00:06 - [MESSAGE][PASSED] - Object: 'Object Repository/05-Chat/01- Creating a Chat group/button_arrow_forward' is clicked on

2022-11-23 11:00:06 - [TEST_STEP][PASSED] - verifyElementVisible(findTestObject("05-Chat/01- Creating a Chat group/div_Creating Chat")): Object 'Object Repository/05-Chat/01- Creating a Chat group/div_Creating Chat' is visible

2022-11-23 11:00:07 - [MESSAGE][PASSED] - Object 'Object Repository/05-Chat/01- Creating a Chat group/div_Creating Chat' is visible

2022-11-23 11:00:07 - [TEST_STEP][PASSED] - delay(3): Delayed 3 second(s)

2022-11-23 11:00:10 - [MESSAGE][PASSED] - Delayed 3 second(s)

2022-11-23 11:00:10 - [TEST_STEP][PASSED] - verifyElementVisible(findTestObject("05-Chat/01- Creating a Chat group/div_Automation Chat")): Object 'Object Repository/05-Chat/01- Creating a Chat group/div_Automation Chat' is visible

2022-11-23 11:00:10 - [MESSAGE][PASSED] - Object 'Object Repository/05-Chat/01- Creating a Chat group/div_Automation Chat' is visible

2022-11-23 11:00:10 - [TEST_STEP][PASSED] - delay(3): Delayed 3 second(s)

2022-11-23 11:00:13 - [MESSAGE][PASSED] - Delayed 3 second(s)]]></system-out>
         <system-err><![CDATA[]]></system-err>
      </testcase>
      <testcase name="Test Cases/05- Chat/02-Sending chat messages" time="20.079" classname="Test Cases/05- Chat/02-Sending chat messages" status="PASSED">
         <system-out><![CDATA[2022-11-23 11:00:13 - [TEST_CASE][PASSED] - Test Cases/05- Chat/02-Sending chat messages: Test Cases/05- Chat/02-Sending chat messages

2022-11-23 11:00:13 - [TEST_STEP][PASSED] - click(findTestObject("05-Chat/02-Sending chat messages/div_AC")): Object: 'Object Repository/05-Chat/02-Sending chat messages/div_AC' is clicked on

2022-11-23 11:00:14 - [MESSAGE][PASSED] - Object: 'Object Repository/05-Chat/02-Sending chat messages/div_AC' is clicked on

2022-11-23 11:00:14 - [TEST_STEP][PASSED] - setText(findTestObject("05-Chat/02-Sending chat messages/textarea__msg"), "Testing automation"): Text 'Testing automation' is set on object 'Object Repository/05-Chat/02-Sending chat messages/textarea__msg'

2022-11-23 11:00:15 - [MESSAGE][PASSED] - Text 'Testing automation' is set on object 'Object Repository/05-Chat/02-Sending chat messages/textarea__msg'

2022-11-23 11:00:15 - [TEST_STEP][PASSED] - click(findTestObject("05-Chat/02-Sending chat messages/button_send")): Object: 'Object Repository/05-Chat/02-Sending chat messages/button_send' is clicked on

2022-11-23 11:00:16 - [MESSAGE][PASSED] - Object: 'Object Repository/05-Chat/02-Sending chat messages/button_send' is clicked on

2022-11-23 11:00:16 - [TEST_STEP][PASSED] - verifyElementVisible(findTestObject("05-Chat/02-Sending chat messages/verify_Testing automation msg")): Object 'Object Repository/05-Chat/02-Sending chat messages/verify_Testing automation msg' is visible

2022-11-23 11:00:17 - [MESSAGE][PASSED] - Object 'Object Repository/05-Chat/02-Sending chat messages/verify_Testing automation msg' is visible

2022-11-23 11:00:17 - [TEST_STEP][PASSED] - delay(3): Delayed 3 second(s)

2022-11-23 11:00:20 - [MESSAGE][PASSED] - Delayed 3 second(s)

2022-11-23 11:00:20 - [TEST_STEP][PASSED] - click(findTestObject("05-Chat/02-Sending chat messages/button_insert_emoticon")): Object: 'Object Repository/05-Chat/02-Sending chat messages/button_insert_emoticon' is clicked on

2022-11-23 11:00:20 - [MESSAGE][PASSED] - Object: 'Object Repository/05-Chat/02-Sending chat messages/button_insert_emoticon' is clicked on

2022-11-23 11:00:20 - [TEST_STEP][PASSED] - verifyElementVisible(findTestObject("05-Chat/02-Sending chat messages/Frequently used")): Object 'Object Repository/05-Chat/02-Sending chat messages/Frequently used' is visible

2022-11-23 11:00:22 - [MESSAGE][PASSED] - Object 'Object Repository/05-Chat/02-Sending chat messages/Frequently used' is visible

2022-11-23 11:00:22 - [TEST_STEP][PASSED] - verifyElementVisible(findTestObject("05-Chat/02-Sending chat messages/smiley and people")): Object 'Object Repository/05-Chat/02-Sending chat messages/smiley and people' is visible

2022-11-23 11:00:23 - [MESSAGE][PASSED] - Object 'Object Repository/05-Chat/02-Sending chat messages/smiley and people' is visible

2022-11-23 11:00:23 - [TEST_STEP][PASSED] - verifyElementVisible(findTestObject("05-Chat/02-Sending chat messages/Animals and nature")): Object 'Object Repository/05-Chat/02-Sending chat messages/Animals and nature' is visible

2022-11-23 11:00:23 - [MESSAGE][PASSED] - Object 'Object Repository/05-Chat/02-Sending chat messages/Animals and nature' is visible

2022-11-23 11:00:23 - [TEST_STEP][PASSED] - verifyElementVisible(findTestObject("05-Chat/02-Sending chat messages/Food and drink")): Object 'Object Repository/05-Chat/02-Sending chat messages/Food and drink' is visible

2022-11-23 11:00:24 - [MESSAGE][PASSED] - Object 'Object Repository/05-Chat/02-Sending chat messages/Food and drink' is visible

2022-11-23 11:00:24 - [TEST_STEP][PASSED] - verifyElementVisible(findTestObject("05-Chat/02-Sending chat messages/Activity")): Object 'Object Repository/05-Chat/02-Sending chat messages/Activity' is visible

2022-11-23 11:00:24 - [MESSAGE][PASSED] - Object 'Object Repository/05-Chat/02-Sending chat messages/Activity' is visible

2022-11-23 11:00:24 - [TEST_STEP][PASSED] - verifyElementVisible(findTestObject("05-Chat/02-Sending chat messages/Travel and places")): Object 'Object Repository/05-Chat/02-Sending chat messages/Travel and places' is visible

2022-11-23 11:00:24 - [MESSAGE][PASSED] - Object 'Object Repository/05-Chat/02-Sending chat messages/Travel and places' is visible

2022-11-23 11:00:24 - [TEST_STEP][PASSED] - verifyElementVisible(findTestObject("05-Chat/02-Sending chat messages/Objects")): Object 'Object Repository/05-Chat/02-Sending chat messages/Objects' is visible

2022-11-23 11:00:25 - [MESSAGE][PASSED] - Object 'Object Repository/05-Chat/02-Sending chat messages/Objects' is visible

2022-11-23 11:00:25 - [TEST_STEP][PASSED] - verifyElementVisible(findTestObject("05-Chat/02-Sending chat messages/Symbols")): Object 'Object Repository/05-Chat/02-Sending chat messages/Symbols' is visible

2022-11-23 11:00:25 - [MESSAGE][PASSED] - Object 'Object Repository/05-Chat/02-Sending chat messages/Symbols' is visible

2022-11-23 11:00:25 - [TEST_STEP][PASSED] - delay(2): Delayed 2 second(s)

2022-11-23 11:00:27 - [MESSAGE][PASSED] - Delayed 2 second(s)

2022-11-23 11:00:27 - [TEST_STEP][PASSED] - click(findTestObject("05-Chat/02-Sending chat messages/Money Face")): Object: 'Object Repository/05-Chat/02-Sending chat messages/Money Face' is clicked on

2022-11-23 11:00:27 - [MESSAGE][PASSED] - Object: 'Object Repository/05-Chat/02-Sending chat messages/Money Face' is clicked on

2022-11-23 11:00:27 - [TEST_STEP][PASSED] - click(findTestObject("05-Chat/02-Sending chat messages/button_send")): Object: 'Object Repository/05-Chat/02-Sending chat messages/button_send' is clicked on

2022-11-23 11:00:28 - [MESSAGE][PASSED] - Object: 'Object Repository/05-Chat/02-Sending chat messages/button_send' is clicked on

2022-11-23 11:00:28 - [TEST_STEP][PASSED] - delay(2): Delayed 2 second(s)

2022-11-23 11:00:30 - [MESSAGE][PASSED] - Delayed 2 second(s)

2022-11-23 11:00:30 - [TEST_STEP][PASSED] - verifyElementVisible(findTestObject("05-Chat/02-Sending chat messages/money face in chat")): Object 'Object Repository/05-Chat/02-Sending chat messages/money face in chat' is visible

2022-11-23 11:00:30 - [MESSAGE][PASSED] - Object 'Object Repository/05-Chat/02-Sending chat messages/money face in chat' is visible

2022-11-23 11:00:30 - [TEST_STEP][PASSED] - delay(3): Delayed 3 second(s)

2022-11-23 11:00:33 - [MESSAGE][PASSED] - Delayed 3 second(s)]]></system-out>
         <system-err><![CDATA[]]></system-err>
      </testcase>
      <testcase name="Test Cases/05- Chat/03-React to a message" time="20.996" classname="Test Cases/05- Chat/03-React to a message" status="PASSED">
         <system-out><![CDATA[2022-11-23 11:00:33 - [TEST_CASE][PASSED] - Test Cases/05- Chat/03-React to a message: Test Cases/05- Chat/03-React to a message

2022-11-23 11:00:34 - [TEST_STEP][PASSED] - mouseOver(findTestObject("05-Chat/03-05 - React and Reply/div_chat")): Object: 'Object Repository/05-Chat/03-05 - React and Reply/div_chat' is hovered

2022-11-23 11:00:34 - [MESSAGE][PASSED] - Object: 'Object Repository/05-Chat/03-05 - React and Reply/div_chat' is hovered

2022-11-23 11:00:34 - [TEST_STEP][PASSED] - click(findTestObject("05-Chat/03-05 - React and Reply/mat-icon_mood")): Object: 'Object Repository/05-Chat/03-05 - React and Reply/mat-icon_mood' is clicked on

2022-11-23 11:00:34 - [MESSAGE][PASSED] - Object: 'Object Repository/05-Chat/03-05 - React and Reply/mat-icon_mood' is clicked on

2022-11-23 11:00:34 - [TEST_STEP][PASSED] - click(findTestObject("05-Chat/03-05 - React and Reply/button_react_like")): Object: 'Object Repository/05-Chat/03-05 - React and Reply/button_react_like' is clicked on

2022-11-23 11:00:35 - [MESSAGE][PASSED] - Object: 'Object Repository/05-Chat/03-05 - React and Reply/button_react_like' is clicked on

2022-11-23 11:00:35 - [TEST_STEP][PASSED] - delay(2): Delayed 2 second(s)

2022-11-23 11:00:37 - [MESSAGE][PASSED] - Delayed 2 second(s)

2022-11-23 11:00:37 - [TEST_STEP][PASSED] - mouseOver(findTestObject("05-Chat/03-05 - React and Reply/div_chat")): Object: 'Object Repository/05-Chat/03-05 - React and Reply/div_chat' is hovered

2022-11-23 11:00:38 - [MESSAGE][PASSED] - Object: 'Object Repository/05-Chat/03-05 - React and Reply/div_chat' is hovered

2022-11-23 11:00:38 - [TEST_STEP][PASSED] - click(findTestObject("05-Chat/03-05 - React and Reply/mat-icon_mood")): Object: 'Object Repository/05-Chat/03-05 - React and Reply/mat-icon_mood' is clicked on

2022-11-23 11:00:38 - [MESSAGE][PASSED] - Object: 'Object Repository/05-Chat/03-05 - React and Reply/mat-icon_mood' is clicked on

2022-11-23 11:00:38 - [TEST_STEP][PASSED] - click(findTestObject("05-Chat/03-05 - React and Reply/button_react_heart")): Object: 'Object Repository/05-Chat/03-05 - React and Reply/button_react_heart' is clicked on

2022-11-23 11:00:39 - [MESSAGE][PASSED] - Object: 'Object Repository/05-Chat/03-05 - React and Reply/button_react_heart' is clicked on

2022-11-23 11:00:39 - [TEST_STEP][PASSED] - delay(2): Delayed 2 second(s)

2022-11-23 11:00:41 - [MESSAGE][PASSED] - Delayed 2 second(s)

2022-11-23 11:00:41 - [TEST_STEP][PASSED] - click(findTestObject("05-Chat/03-05 - React and Reply/div_react_heart")): Object: 'Object Repository/05-Chat/03-05 - React and Reply/div_react_heart' is clicked on

2022-11-23 11:00:41 - [MESSAGE][PASSED] - Object: 'Object Repository/05-Chat/03-05 - React and Reply/div_react_heart' is clicked on

2022-11-23 11:00:41 - [TEST_STEP][PASSED] - verifyElementVisible(findTestObject("05-Chat/03-05 - React and Reply/h4_Message Reactions")): Object 'Object Repository/05-Chat/03-05 - React and Reply/h4_Message Reactions' is visible

2022-11-23 11:00:42 - [MESSAGE][PASSED] - Object 'Object Repository/05-Chat/03-05 - React and Reply/h4_Message Reactions' is visible

2022-11-23 11:00:42 - [TEST_STEP][PASSED] - click(findTestObject("05-Chat/03-05 - React and Reply/div_react_All")): Object: 'Object Repository/05-Chat/03-05 - React and Reply/div_react_All' is clicked on

2022-11-23 11:00:43 - [MESSAGE][PASSED] - Object: 'Object Repository/05-Chat/03-05 - React and Reply/div_react_All' is clicked on

2022-11-23 11:00:43 - [TEST_STEP][PASSED] - verifyElementVisible(findTestObject("05-Chat/03-05 - React and Reply/div_GG TESTER Click to remove")): Object 'Object Repository/05-Chat/03-05 - React and Reply/div_GG TESTER Click to remove' is visible

2022-11-23 11:00:43 - [MESSAGE][PASSED] - Object 'Object Repository/05-Chat/03-05 - React and Reply/div_GG TESTER Click to remove' is visible

2022-11-23 11:00:43 - [TEST_STEP][PASSED] - delay(2): Delayed 2 second(s)

2022-11-23 11:00:45 - [MESSAGE][PASSED] - Delayed 2 second(s)

2022-11-23 11:00:45 - [TEST_STEP][PASSED] - click(findTestObject("05-Chat/03-05 - React and Reply/div_react")): Object: 'Object Repository/05-Chat/03-05 - React and Reply/div_react' is clicked on

2022-11-23 11:00:46 - [MESSAGE][PASSED] - Object: 'Object Repository/05-Chat/03-05 - React and Reply/div_react' is clicked on

2022-11-23 11:00:46 - [TEST_STEP][PASSED] - verifyElementVisible(findTestObject("05-Chat/03-05 - React and Reply/div_GG TESTER Click to remove")): Object 'Object Repository/05-Chat/03-05 - React and Reply/div_GG TESTER Click to remove' is visible

2022-11-23 11:00:47 - [MESSAGE][PASSED] - Object 'Object Repository/05-Chat/03-05 - React and Reply/div_GG TESTER Click to remove' is visible

2022-11-23 11:00:47 - [TEST_STEP][PASSED] - refresh(): Refresh successfully

2022-11-23 11:00:49 - [MESSAGE][PASSED] - Refresh successfully

2022-11-23 11:00:49 - [TEST_STEP][PASSED] - delay(5): Delayed 5 second(s)

2022-11-23 11:00:54 - [MESSAGE][PASSED] - Delayed 5 second(s)]]></system-out>
         <system-err><![CDATA[]]></system-err>
      </testcase>
      <testcase name="Test Cases/05- Chat/04-Remove react on a message" time="8.433" classname="Test Cases/05- Chat/04-Remove react on a message" status="PASSED">
         <system-out><![CDATA[2022-11-23 11:00:54 - [TEST_CASE][PASSED] - Test Cases/05- Chat/04-Remove react on a message: Test Cases/05- Chat/04-Remove react on a message

2022-11-23 11:00:55 - [TEST_STEP][PASSED] - click(findTestObject("05-Chat/03-05 - React and Reply/div_react_heart")): Object: 'Object Repository/05-Chat/03-05 - React and Reply/div_react_heart' is clicked on

2022-11-23 11:00:56 - [MESSAGE][PASSED] - Object: 'Object Repository/05-Chat/03-05 - React and Reply/div_react_heart' is clicked on

2022-11-23 11:00:56 - [TEST_STEP][PASSED] - verifyElementVisible(findTestObject("05-Chat/03-05 - React and Reply/h4_Message Reactions")): Object 'Object Repository/05-Chat/03-05 - React and Reply/h4_Message Reactions' is visible

2022-11-23 11:00:57 - [MESSAGE][PASSED] - Object 'Object Repository/05-Chat/03-05 - React and Reply/h4_Message Reactions' is visible

2022-11-23 11:00:57 - [TEST_STEP][PASSED] - click(findTestObject("05-Chat/03-05 - React and Reply/div_react_All")): Object: 'Object Repository/05-Chat/03-05 - React and Reply/div_react_All' is clicked on

2022-11-23 11:00:57 - [MESSAGE][PASSED] - Object: 'Object Repository/05-Chat/03-05 - React and Reply/div_react_All' is clicked on

2022-11-23 11:00:57 - [TEST_STEP][PASSED] - click(findTestObject("05-Chat/03-05 - React and Reply/div_GG TESTER Click to remove")): Object: 'Object Repository/05-Chat/03-05 - React and Reply/div_GG TESTER Click to remove' is clicked on

2022-11-23 11:00:58 - [MESSAGE][PASSED] - Object: 'Object Repository/05-Chat/03-05 - React and Reply/div_GG TESTER Click to remove' is clicked on

2022-11-23 11:00:58 - [TEST_STEP][PASSED] - delay(5): Delayed 5 second(s)

2022-11-23 11:01:03 - [MESSAGE][PASSED] - Delayed 5 second(s)]]></system-out>
         <system-err><![CDATA[]]></system-err>
      </testcase>
      <testcase name="Test Cases/05- Chat/05-Reply on a message" time="20.196" classname="Test Cases/05- Chat/05-Reply on a message" status="PASSED">
         <system-out><![CDATA[2022-11-23 11:01:03 - [TEST_CASE][PASSED] - Test Cases/05- Chat/05-Reply on a message: Test Cases/05- Chat/05-Reply on a message

2022-11-23 11:01:03 - [TEST_STEP][PASSED] - mouseOver(findTestObject("05-Chat/03-05 - React and Reply/div_chat")): Object: 'Object Repository/05-Chat/03-05 - React and Reply/div_chat' is hovered

2022-11-23 11:01:03 - [MESSAGE][PASSED] - Object: 'Object Repository/05-Chat/03-05 - React and Reply/div_chat' is hovered

2022-11-23 11:01:03 - [TEST_STEP][PASSED] - click(findTestObject("05-Chat/03-05 - React and Reply/button_expand_less")): Object: 'Object Repository/05-Chat/03-05 - React and Reply/button_expand_less' is clicked on

2022-11-23 11:01:04 - [MESSAGE][PASSED] - Object: 'Object Repository/05-Chat/03-05 - React and Reply/button_expand_less' is clicked on

2022-11-23 11:01:04 - [TEST_STEP][PASSED] - click(findTestObject("05-Chat/03-05 - React and Reply/button_Reply")): Object: 'Object Repository/05-Chat/03-05 - React and Reply/button_Reply' is clicked on

2022-11-23 11:01:05 - [MESSAGE][PASSED] - Object: 'Object Repository/05-Chat/03-05 - React and Reply/button_Reply' is clicked on

2022-11-23 11:01:05 - [TEST_STEP][PASSED] - delay(2): Delayed 2 second(s)

2022-11-23 11:01:07 - [MESSAGE][PASSED] - Delayed 2 second(s)

2022-11-23 11:01:07 - [TEST_STEP][PASSED] - verifyElementVisible(findTestObject("05-Chat/03-05 - React and Reply/div_reply")): Object 'Object Repository/05-Chat/03-05 - React and Reply/div_reply' is visible

2022-11-23 11:01:07 - [MESSAGE][PASSED] - Object 'Object Repository/05-Chat/03-05 - React and Reply/div_reply' is visible

2022-11-23 11:01:07 - [TEST_STEP][PASSED] - click(findTestObject("05-Chat/03-05 - React and Reply/mat-icon_cancel"), STOP_ON_FAILURE): Object: 'Object Repository/05-Chat/03-05 - React and Reply/mat-icon_cancel' is clicked on

2022-11-23 11:01:07 - [MESSAGE][PASSED] - Object: 'Object Repository/05-Chat/03-05 - React and Reply/mat-icon_cancel' is clicked on

2022-11-23 11:01:07 - [TEST_STEP][PASSED] - delay(2): Delayed 2 second(s)

2022-11-23 11:01:09 - [MESSAGE][PASSED] - Delayed 2 second(s)

2022-11-23 11:01:09 - [TEST_STEP][PASSED] - mouseOver(findTestObject("05-Chat/03-05 - React and Reply/div_chat")): Object: 'Object Repository/05-Chat/03-05 - React and Reply/div_chat' is hovered

2022-11-23 11:01:11 - [MESSAGE][PASSED] - Object: 'Object Repository/05-Chat/03-05 - React and Reply/div_chat' is hovered

2022-11-23 11:01:11 - [TEST_STEP][PASSED] - click(findTestObject("05-Chat/03-05 - React and Reply/button_expand_less")): Object: 'Object Repository/05-Chat/03-05 - React and Reply/button_expand_less' is clicked on

2022-11-23 11:01:11 - [MESSAGE][PASSED] - Object: 'Object Repository/05-Chat/03-05 - React and Reply/button_expand_less' is clicked on

2022-11-23 11:01:11 - [TEST_STEP][PASSED] - click(findTestObject("05-Chat/03-05 - React and Reply/button_Reply")): Object: 'Object Repository/05-Chat/03-05 - React and Reply/button_Reply' is clicked on

2022-11-23 11:01:13 - [MESSAGE][PASSED] - Object: 'Object Repository/05-Chat/03-05 - React and Reply/button_Reply' is clicked on

2022-11-23 11:01:13 - [TEST_STEP][PASSED] - delay(2): Delayed 2 second(s)

2022-11-23 11:01:15 - [MESSAGE][PASSED] - Delayed 2 second(s)

2022-11-23 11:01:15 - [TEST_STEP][PASSED] - verifyElementVisible(findTestObject("05-Chat/03-05 - React and Reply/div_reply")): Object 'Object Repository/05-Chat/03-05 - React and Reply/div_reply' is visible

2022-11-23 11:01:15 - [MESSAGE][PASSED] - Object 'Object Repository/05-Chat/03-05 - React and Reply/div_reply' is visible

2022-11-23 11:01:15 - [TEST_STEP][PASSED] - setText(findTestObject("05-Chat/02-Sending chat messages/textarea__msg"), "Reply test"): Text 'Reply test' is set on object 'Object Repository/05-Chat/02-Sending chat messages/textarea__msg'

2022-11-23 11:01:16 - [MESSAGE][PASSED] - Text 'Reply test' is set on object 'Object Repository/05-Chat/02-Sending chat messages/textarea__msg'

2022-11-23 11:01:16 - [TEST_STEP][PASSED] - click(findTestObject("05-Chat/02-Sending chat messages/button_send")): Object: 'Object Repository/05-Chat/02-Sending chat messages/button_send' is clicked on

2022-11-23 11:01:17 - [MESSAGE][PASSED] - Object: 'Object Repository/05-Chat/02-Sending chat messages/button_send' is clicked on

2022-11-23 11:01:17 - [TEST_STEP][PASSED] - verifyElementVisible(findTestObject("05-Chat/03-05 - React and Reply/div_reply_chat")): Object 'Object Repository/05-Chat/03-05 - React and Reply/div_reply_chat' is visible

2022-11-23 11:01:18 - [MESSAGE][PASSED] - Object 'Object Repository/05-Chat/03-05 - React and Reply/div_reply_chat' is visible

2022-11-23 11:01:18 - [TEST_STEP][PASSED] - delay(5): Delayed 5 second(s)

2022-11-23 11:01:23 - [MESSAGE][PASSED] - Delayed 5 second(s)]]></system-out>
         <system-err><![CDATA[]]></system-err>
      </testcase>
      <testcase name="Test Cases/05- Chat/06-Sending attached file" time="128.358" classname="Test Cases/05- Chat/06-Sending attached file" status="PASSED">
         <system-out><![CDATA[2022-11-23 11:01:23 - [TEST_CASE][PASSED] - Test Cases/05- Chat/06-Sending attached file: Test Cases/05- Chat/06-Sending attached file

2022-11-23 11:01:23 - [TEST_STEP][PASSED] - delay(5): Delayed 5 second(s)

2022-11-23 11:01:28 - [MESSAGE][PASSED] - Delayed 5 second(s)

2022-11-23 11:01:28 - [TEST_STEP][PASSED] - uploadpackage.Upload.uploadFile(findTestObject("Object Repository/05-Chat/06-Sending attached file/button_attach_file"), "C:\Users\User\Desktop\EL automation\qa.jpg"): uploadpackage.Upload.uploadFile is PASSED

2022-11-23 11:01:29 - [MESSAGE][PASSED] - Object: 'Object Repository/05-Chat/06-Sending attached file/button_attach_file' is clicked on

2022-11-23 11:01:29 - [MESSAGE][PASSED] - uploadpackage.Upload.uploadFile is PASSED

2022-11-23 11:01:29 - [TEST_STEP][PASSED] - delay(5): Delayed 5 second(s)

2022-11-23 11:01:34 - [MESSAGE][PASSED] - Delayed 5 second(s)

2022-11-23 11:01:34 - [TEST_STEP][PASSED] - click(findTestObject("05-Chat/02-Sending chat messages/button_send")): Object: 'Object Repository/05-Chat/02-Sending chat messages/button_send' is clicked on

2022-11-23 11:01:35 - [MESSAGE][PASSED] - Object: 'Object Repository/05-Chat/02-Sending chat messages/button_send' is clicked on

2022-11-23 11:01:35 - [TEST_STEP][PASSED] - delay(20): Delayed 20 second(s)

2022-11-23 11:01:55 - [MESSAGE][PASSED] - Delayed 20 second(s)

2022-11-23 11:01:55 - [TEST_STEP][PASSED] - verifyElementVisible(findTestObject("05-Chat/06-Sending attached file/img_You_inserted")): Object 'Object Repository/05-Chat/06-Sending attached file/img_You_inserted' is visible

2022-11-23 11:01:55 - [MESSAGE][PASSED] - Object 'Object Repository/05-Chat/06-Sending attached file/img_You_inserted' is visible

2022-11-23 11:01:55 - [TEST_STEP][PASSED] - refresh(): Refresh successfully

2022-11-23 11:01:57 - [MESSAGE][PASSED] - Refresh successfully

2022-11-23 11:01:57 - [TEST_STEP][PASSED] - delay(15): Delayed 15 second(s)

2022-11-23 11:02:12 - [MESSAGE][PASSED] - Delayed 15 second(s)

2022-11-23 11:02:12 - [TEST_STEP][PASSED] - uploadFileWithDragAndDrop(findTestObject("Object Repository/05-Chat/02-Sending chat messages/textarea__msg"), "C:\Users\User\Desktop\EL automation\sample.pdf"): null

2022-11-23 11:02:12 - [TEST_STEP][PASSED] - delay(5): Delayed 5 second(s)

2022-11-23 11:02:17 - [MESSAGE][PASSED] - Delayed 5 second(s)

2022-11-23 11:02:17 - [TEST_STEP][PASSED] - click(findTestObject("05-Chat/02-Sending chat messages/button_send")): Object: 'Object Repository/05-Chat/02-Sending chat messages/button_send' is clicked on

2022-11-23 11:02:18 - [MESSAGE][PASSED] - Object: 'Object Repository/05-Chat/02-Sending chat messages/button_send' is clicked on

2022-11-23 11:02:18 - [TEST_STEP][PASSED] - delay(20): Delayed 20 second(s)

2022-11-23 11:02:38 - [MESSAGE][PASSED] - Delayed 20 second(s)

2022-11-23 11:02:38 - [TEST_STEP][PASSED] - verifyElementVisible(findTestObject("05-Chat/06-Sending attached file/span_sample.pdf")): Object 'Object Repository/05-Chat/06-Sending attached file/span_sample.pdf' is visible

2022-11-23 11:02:39 - [MESSAGE][PASSED] - Object 'Object Repository/05-Chat/06-Sending attached file/span_sample.pdf' is visible

2022-11-23 11:02:39 - [TEST_STEP][PASSED] - refresh(): Refresh successfully

2022-11-23 11:02:40 - [MESSAGE][PASSED] - Refresh successfully

2022-11-23 11:02:40 - [TEST_STEP][PASSED] - delay(15): Delayed 15 second(s)

2022-11-23 11:02:55 - [MESSAGE][PASSED] - Delayed 15 second(s)

2022-11-23 11:02:55 - [TEST_STEP][PASSED] - uploadFileWithDragAndDrop(findTestObject("Object Repository/05-Chat/02-Sending chat messages/textarea__msg"), "C:\Users\User\Desktop\EL automation\video.mp4"): null

2022-11-23 11:02:56 - [TEST_STEP][PASSED] - delay(5): Delayed 5 second(s)

2022-11-23 11:03:01 - [MESSAGE][PASSED] - Delayed 5 second(s)

2022-11-23 11:03:01 - [TEST_STEP][PASSED] - click(findTestObject("05-Chat/02-Sending chat messages/button_send")): Object: 'Object Repository/05-Chat/02-Sending chat messages/button_send' is clicked on

2022-11-23 11:03:03 - [MESSAGE][PASSED] - Object: 'Object Repository/05-Chat/02-Sending chat messages/button_send' is clicked on

2022-11-23 11:03:03 - [TEST_STEP][PASSED] - delay(20): Delayed 20 second(s)

2022-11-23 11:03:23 - [MESSAGE][PASSED] - Delayed 20 second(s)

2022-11-23 11:03:23 - [TEST_STEP][PASSED] - verifyElementVisible(findTestObject("05-Chat/06-Sending attached file/span_video.mp4")): Object 'Object Repository/05-Chat/06-Sending attached file/span_video.mp4' is visible

2022-11-23 11:03:26 - [MESSAGE][PASSED] - Object 'Object Repository/05-Chat/06-Sending attached file/span_video.mp4' is visible

2022-11-23 11:03:26 - [TEST_STEP][PASSED] - delay(5): Delayed 5 second(s)

2022-11-23 11:03:31 - [MESSAGE][PASSED] - Delayed 5 second(s)]]></system-out>
         <system-err><![CDATA[]]></system-err>
      </testcase>
      <testcase name="Test Cases/05- Chat/07-Sending a video conference invite" time="46.861" classname="Test Cases/05- Chat/07-Sending a video conference invite" status="PASSED">
         <system-out><![CDATA[2022-11-23 11:03:31 - [TEST_CASE][PASSED] - Test Cases/05- Chat/07-Sending a video conference invite: Test Cases/05- Chat/07-Sending a video conference invite

2022-11-23 11:03:31 - [TEST_STEP][PASSED] - click(findTestObject("05-Chat/07-Sending a video conference invite/button_videocam")): Object: 'Object Repository/05-Chat/07-Sending a video conference invite/button_videocam' is clicked on

2022-11-23 11:04:02 - [MESSAGE][PASSED] - Object: 'Object Repository/05-Chat/07-Sending a video conference invite/button_videocam' is clicked on

2022-11-23 11:04:02 - [TEST_STEP][PASSED] - delay(2): Delayed 2 second(s)

2022-11-23 11:04:04 - [MESSAGE][PASSED] - Delayed 2 second(s)

2022-11-23 11:04:04 - [TEST_STEP][PASSED] - click(findTestObject("05-Chat/02-Sending chat messages/button_send")): Object: 'Object Repository/05-Chat/02-Sending chat messages/button_send' is clicked on

2022-11-23 11:04:08 - [MESSAGE][PASSED] - Object: 'Object Repository/05-Chat/02-Sending chat messages/button_send' is clicked on

2022-11-23 11:04:08 - [TEST_STEP][PASSED] - delay(5): Delayed 5 second(s)

2022-11-23 11:04:13 - [MESSAGE][PASSED] - Delayed 5 second(s)

2022-11-23 11:04:13 - [TEST_STEP][PASSED] - verifyElementVisible(findTestObject("05-Chat/07-Sending a video conference invite/div_Video Conference"), CONTINUE_ON_FAILURE): Object 'Object Repository/05-Chat/07-Sending a video conference invite/div_Video Conference' is visible

2022-11-23 11:04:13 - [MESSAGE][PASSED] - Object 'Object Repository/05-Chat/07-Sending a video conference invite/div_Video Conference' is visible

2022-11-23 11:04:13 - [TEST_STEP][PASSED] - delay(5): Delayed 5 second(s)

2022-11-23 11:04:18 - [MESSAGE][PASSED] - Delayed 5 second(s)]]></system-out>
         <system-err><![CDATA[]]></system-err>
      </testcase>
      <testcase name="Test Cases/05- Chat/08-Schedule a meeting" time="42.151" classname="Test Cases/05- Chat/08-Schedule a meeting" status="PASSED">
         <system-out><![CDATA[2022-11-23 11:04:18 - [TEST_CASE][PASSED] - Test Cases/05- Chat/08-Schedule a meeting: Test Cases/05- Chat/08-Schedule a meeting

2022-11-23 11:04:18 - [TEST_STEP][PASSED] - click(findTestObject("05-Chat/08-Schedule a meeting/button_schedule a meeting")): Object: 'Object Repository/05-Chat/08-Schedule a meeting/button_schedule a meeting' is clicked on

2022-11-23 11:04:19 - [MESSAGE][PASSED] - Object: 'Object Repository/05-Chat/08-Schedule a meeting/button_schedule a meeting' is clicked on

2022-11-23 11:04:19 - [TEST_STEP][PASSED] - delay(2): Delayed 2 second(s)

2022-11-23 11:04:21 - [MESSAGE][PASSED] - Delayed 2 second(s)

2022-11-23 11:04:21 - [TEST_STEP][PASSED] - verifyElementVisible(findTestObject("05-Chat/08-Schedule a meeting/Meeting title field")): Object 'Object Repository/05-Chat/08-Schedule a meeting/Meeting title field' is visible

2022-11-23 11:04:22 - [MESSAGE][PASSED] - Object 'Object Repository/05-Chat/08-Schedule a meeting/Meeting title field' is visible

2022-11-23 11:04:22 - [TEST_STEP][PASSED] - verifyElementVisible(findTestObject("05-Chat/08-Schedule a meeting/div_Start Date")): Object 'Object Repository/05-Chat/08-Schedule a meeting/div_Start Date' is visible

2022-11-23 11:04:22 - [MESSAGE][PASSED] - Object 'Object Repository/05-Chat/08-Schedule a meeting/div_Start Date' is visible

2022-11-23 11:04:22 - [TEST_STEP][PASSED] - verifyElementVisible(findTestObject("05-Chat/08-Schedule a meeting/div_End Date")): Object 'Object Repository/05-Chat/08-Schedule a meeting/div_End Date' is visible

2022-11-23 11:04:22 - [MESSAGE][PASSED] - Object 'Object Repository/05-Chat/08-Schedule a meeting/div_End Date' is visible

2022-11-23 11:04:22 - [TEST_STEP][PASSED] - verifyElementVisible(findTestObject("05-Chat/08-Schedule a meeting/div_Recurrence")): Object 'Object Repository/05-Chat/08-Schedule a meeting/div_Recurrence' is visible

2022-11-23 11:04:23 - [MESSAGE][PASSED] - Object 'Object Repository/05-Chat/08-Schedule a meeting/div_Recurrence' is visible

2022-11-23 11:04:23 - [TEST_STEP][PASSED] - delay(2): Delayed 2 second(s)

2022-11-23 11:04:25 - [MESSAGE][PASSED] - Delayed 2 second(s)

2022-11-23 11:04:25 - [TEST_STEP][PASSED] - click(findTestObject("05-Chat/08-Schedule a meeting/div_recurrence_selectarror")): Object: 'Object Repository/05-Chat/08-Schedule a meeting/div_recurrence_selectarror' is clicked on

2022-11-23 11:04:25 - [MESSAGE][PASSED] - Object: 'Object Repository/05-Chat/08-Schedule a meeting/div_recurrence_selectarror' is clicked on

2022-11-23 11:04:25 - [TEST_STEP][PASSED] - verifyElementVisible(findTestObject("05-Chat/08-Schedule a meeting/span_Does not repeat")): Object 'Object Repository/05-Chat/08-Schedule a meeting/span_Does not repeat' is visible

2022-11-23 11:04:26 - [MESSAGE][PASSED] - Object 'Object Repository/05-Chat/08-Schedule a meeting/span_Does not repeat' is visible

2022-11-23 11:04:26 - [TEST_STEP][PASSED] - verifyElementVisible(findTestObject("05-Chat/08-Schedule a meeting/span_Daily")): Object 'Object Repository/05-Chat/08-Schedule a meeting/span_Daily' is visible

2022-11-23 11:04:26 - [MESSAGE][PASSED] - Object 'Object Repository/05-Chat/08-Schedule a meeting/span_Daily' is visible

2022-11-23 11:04:26 - [TEST_STEP][PASSED] - verifyElementVisible(findTestObject("05-Chat/08-Schedule a meeting/span_Weekly")): Object 'Object Repository/05-Chat/08-Schedule a meeting/span_Weekly' is visible

2022-11-23 11:04:27 - [MESSAGE][PASSED] - Object 'Object Repository/05-Chat/08-Schedule a meeting/span_Weekly' is visible

2022-11-23 11:04:27 - [TEST_STEP][PASSED] - verifyElementVisible(findTestObject("05-Chat/08-Schedule a meeting/span_Monthly")): Object 'Object Repository/05-Chat/08-Schedule a meeting/span_Monthly' is visible

2022-11-23 11:04:27 - [MESSAGE][PASSED] - Object 'Object Repository/05-Chat/08-Schedule a meeting/span_Monthly' is visible

2022-11-23 11:04:27 - [TEST_STEP][PASSED] - verifyElementVisible(findTestObject("05-Chat/08-Schedule a meeting/span_Every weekday")): Object 'Object Repository/05-Chat/08-Schedule a meeting/span_Every weekday' is visible

2022-11-23 11:04:28 - [MESSAGE][PASSED] - Object 'Object Repository/05-Chat/08-Schedule a meeting/span_Every weekday' is visible

2022-11-23 11:04:28 - [TEST_STEP][PASSED] - delay(2): Delayed 2 second(s)

2022-11-23 11:04:30 - [MESSAGE][PASSED] - Delayed 2 second(s)

2022-11-23 11:04:30 - [TEST_STEP][PASSED] - click(findTestObject("05-Chat/08-Schedule a meeting/span_Daily"), STOP_ON_FAILURE): Object: 'Object Repository/05-Chat/08-Schedule a meeting/span_Daily' is clicked on

2022-11-23 11:04:31 - [MESSAGE][PASSED] - Object: 'Object Repository/05-Chat/08-Schedule a meeting/span_Daily' is clicked on

2022-11-23 11:04:31 - [TEST_STEP][PASSED] - click(findTestObject("05-Chat/08-Schedule a meeting/button_Start Date_calendar")): Object: 'Object Repository/05-Chat/08-Schedule a meeting/button_Start Date_calendar' is clicked on

2022-11-23 11:04:32 - [MESSAGE][PASSED] - Object: 'Object Repository/05-Chat/08-Schedule a meeting/button_Start Date_calendar' is clicked on

2022-11-23 11:04:32 - [TEST_STEP][PASSED] - verifyElementVisible(findTestObject("05-Chat/08-Schedule a meeting/calendar modal")): Object 'Object Repository/05-Chat/08-Schedule a meeting/calendar modal' is visible

2022-11-23 11:04:33 - [MESSAGE][PASSED] - Object 'Object Repository/05-Chat/08-Schedule a meeting/calendar modal' is visible

2022-11-23 11:04:33 - [TEST_STEP][PASSED] - delay(2): Delayed 2 second(s)

2022-11-23 11:04:35 - [MESSAGE][PASSED] - Delayed 2 second(s)

2022-11-23 11:04:35 - [TEST_STEP][PASSED] - clickOffset(findTestObject("05-Chat/01- Creating a Chat group/div_Automation Chat"), 10, 10): Object: 'Object Repository/05-Chat/01- Creating a Chat group/div_Automation Chat' is clicked on using offset x=10 and y=10

2022-11-23 11:04:36 - [MESSAGE][PASSED] - Object: 'Object Repository/05-Chat/01- Creating a Chat group/div_Automation Chat' is clicked on using offset x=10 and y=10

2022-11-23 11:04:36 - [TEST_STEP][PASSED] - delay(3): Delayed 3 second(s)

2022-11-23 11:04:39 - [MESSAGE][PASSED] - Delayed 3 second(s)

2022-11-23 11:04:39 - [TEST_STEP][PASSED] - click(findTestObject("05-Chat/08-Schedule a meeting/button_End Date_calendar")): Object: 'Object Repository/05-Chat/08-Schedule a meeting/button_End Date_calendar' is clicked on

2022-11-23 11:04:39 - [MESSAGE][PASSED] - Object: 'Object Repository/05-Chat/08-Schedule a meeting/button_End Date_calendar' is clicked on

2022-11-23 11:04:39 - [TEST_STEP][PASSED] - verifyElementVisible(findTestObject("05-Chat/08-Schedule a meeting/calendar modal")): Object 'Object Repository/05-Chat/08-Schedule a meeting/calendar modal' is visible

2022-11-23 11:04:40 - [MESSAGE][PASSED] - Object 'Object Repository/05-Chat/08-Schedule a meeting/calendar modal' is visible

2022-11-23 11:04:40 - [TEST_STEP][PASSED] - delay(3): Delayed 3 second(s)

2022-11-23 11:04:43 - [MESSAGE][PASSED] - Delayed 3 second(s)

2022-11-23 11:04:43 - [TEST_STEP][PASSED] - clickOffset(findTestObject("05-Chat/01- Creating a Chat group/div_Automation Chat"), 10, 10): Object: 'Object Repository/05-Chat/01- Creating a Chat group/div_Automation Chat' is clicked on using offset x=10 and y=10

2022-11-23 11:04:43 - [MESSAGE][PASSED] - Object: 'Object Repository/05-Chat/01- Creating a Chat group/div_Automation Chat' is clicked on using offset x=10 and y=10

2022-11-23 11:04:43 - [TEST_STEP][PASSED] - delay(3): Delayed 3 second(s)

2022-11-23 11:04:46 - [MESSAGE][PASSED] - Delayed 3 second(s)

2022-11-23 11:04:46 - [TEST_STEP][PASSED] - setText(findTestObject("05-Chat/08-Schedule a meeting/input_meeting title"), "Automation Meeting"): Text 'Automation Meeting' is set on object 'Object Repository/05-Chat/08-Schedule a meeting/input_meeting title'

2022-11-23 11:04:47 - [MESSAGE][PASSED] - Text 'Automation Meeting' is set on object 'Object Repository/05-Chat/08-Schedule a meeting/input_meeting title'

2022-11-23 11:04:47 - [TEST_STEP][PASSED] - delay(2): Delayed 2 second(s)

2022-11-23 11:04:49 - [MESSAGE][PASSED] - Delayed 2 second(s)

2022-11-23 11:04:49 - [TEST_STEP][PASSED] - click(findTestObject("05-Chat/02-Sending chat messages/button_send")): Object: 'Object Repository/05-Chat/02-Sending chat messages/button_send' is clicked on

2022-11-23 11:04:50 - [MESSAGE][PASSED] - Object: 'Object Repository/05-Chat/02-Sending chat messages/button_send' is clicked on

2022-11-23 11:04:50 - [TEST_STEP][PASSED] - delay(5): Delayed 5 second(s)

2022-11-23 11:04:55 - [MESSAGE][PASSED] - Delayed 5 second(s)

2022-11-23 11:04:55 - [TEST_STEP][PASSED] - verifyElementVisible(findTestObject("05-Chat/08-Schedule a meeting/span_Automation Meeting")): Object 'Object Repository/05-Chat/08-Schedule a meeting/span_Automation Meeting' is visible

2022-11-23 11:04:55 - [MESSAGE][PASSED] - Object 'Object Repository/05-Chat/08-Schedule a meeting/span_Automation Meeting' is visible

2022-11-23 11:04:55 - [TEST_STEP][PASSED] - delay(5): Delayed 5 second(s)

2022-11-23 11:05:00 - [MESSAGE][PASSED] - Delayed 5 second(s)]]></system-out>
         <system-err><![CDATA[]]></system-err>
      </testcase>
      <testcase name="Test Cases/05- Chat/09-Hiding a chat" time="43.97" classname="Test Cases/05- Chat/09-Hiding a chat" status="PASSED">
         <system-out><![CDATA[2022-11-23 11:05:00 - [TEST_CASE][PASSED] - Test Cases/05- Chat/09-Hiding a chat: Test Cases/05- Chat/09-Hiding a chat

2022-11-23 11:05:00 - [TEST_STEP][PASSED] - delay(3): Delayed 3 second(s)

2022-11-23 11:05:03 - [MESSAGE][PASSED] - Delayed 3 second(s)

2022-11-23 11:05:03 - [TEST_STEP][PASSED] - click(findTestObject("05-Chat/09-Hiding a chat/ellipsis_chat setting")): Object: 'Object Repository/05-Chat/09-Hiding a chat/ellipsis_chat setting' is clicked on

2022-11-23 11:05:04 - [MESSAGE][PASSED] - Object: 'Object Repository/05-Chat/09-Hiding a chat/ellipsis_chat setting' is clicked on

2022-11-23 11:05:04 - [TEST_STEP][PASSED] - delay(2): Delayed 2 second(s)

2022-11-23 11:05:06 - [MESSAGE][PASSED] - Delayed 2 second(s)

2022-11-23 11:05:06 - [TEST_STEP][PASSED] - verifyElementVisible(findTestObject("05-Chat/09-Hiding a chat/button_Group info")): Object 'Object Repository/05-Chat/09-Hiding a chat/button_Group info' is visible

2022-11-23 11:05:06 - [MESSAGE][PASSED] - Object 'Object Repository/05-Chat/09-Hiding a chat/button_Group info' is visible

2022-11-23 11:05:06 - [TEST_STEP][PASSED] - verifyElementVisible(findTestObject("05-Chat/09-Hiding a chat/button_Hide chat")): Object 'Object Repository/05-Chat/09-Hiding a chat/button_Hide chat' is visible

2022-11-23 11:05:07 - [MESSAGE][PASSED] - Object 'Object Repository/05-Chat/09-Hiding a chat/button_Hide chat' is visible

2022-11-23 11:05:07 - [TEST_STEP][PASSED] - delay(3): Delayed 3 second(s)

2022-11-23 11:05:10 - [MESSAGE][PASSED] - Delayed 3 second(s)

2022-11-23 11:05:10 - [TEST_STEP][PASSED] - click(findTestObject("05-Chat/09-Hiding a chat/button_Hide chat")): Object: 'Object Repository/05-Chat/09-Hiding a chat/button_Hide chat' is clicked on

2022-11-23 11:05:10 - [MESSAGE][PASSED] - Object: 'Object Repository/05-Chat/09-Hiding a chat/button_Hide chat' is clicked on

2022-11-23 11:05:10 - [TEST_STEP][PASSED] - delay(3): Delayed 3 second(s)

2022-11-23 11:05:13 - [MESSAGE][PASSED] - Delayed 3 second(s)

2022-11-23 11:05:13 - [TEST_STEP][PASSED] - refresh(): Refresh successfully

2022-11-23 11:05:16 - [MESSAGE][PASSED] - Refresh successfully

2022-11-23 11:05:16 - [TEST_STEP][PASSED] - delay(5): Delayed 5 second(s)

2022-11-23 11:05:21 - [MESSAGE][PASSED] - Delayed 5 second(s)

2022-11-23 11:05:21 - [TEST_STEP][PASSED] - verifyElementVisible(findTestObject("05-Chat/01- Creating a Chat group/div_No chat available")): Object 'Object Repository/05-Chat/01- Creating a Chat group/div_No chat available' is visible

2022-11-23 11:05:24 - [MESSAGE][PASSED] - Object 'Object Repository/05-Chat/01- Creating a Chat group/div_No chat available' is visible

2022-11-23 11:05:24 - [TEST_STEP][PASSED] - delay(1): Delayed 1 second(s)

2022-11-23 11:05:25 - [MESSAGE][PASSED] - Delayed 1 second(s)

2022-11-23 11:05:25 - [TEST_STEP][PASSED] - click(findTestObject("05-Chat/09-Hiding a chat/button_search")): Object: 'Object Repository/05-Chat/09-Hiding a chat/button_search' is clicked on

2022-11-23 11:05:25 - [MESSAGE][PASSED] - Object: 'Object Repository/05-Chat/09-Hiding a chat/button_search' is clicked on

2022-11-23 11:05:25 - [TEST_STEP][PASSED] - setText(findTestObject("05-Chat/09-Hiding a chat/input_search"), "Auto"): Text 'Auto' is set on object 'Object Repository/05-Chat/09-Hiding a chat/input_search'

2022-11-23 11:05:27 - [MESSAGE][PASSED] - Text 'Auto' is set on object 'Object Repository/05-Chat/09-Hiding a chat/input_search'

2022-11-23 11:05:27 - [TEST_STEP][PASSED] - delay(3): Delayed 3 second(s)

2022-11-23 11:05:30 - [MESSAGE][PASSED] - Delayed 3 second(s)

2022-11-23 11:05:30 - [TEST_STEP][PASSED] - click(findTestObject("05-Chat/02-Sending chat messages/div_AC")): Object: 'Object Repository/05-Chat/02-Sending chat messages/div_AC' is clicked on

2022-11-23 11:05:30 - [MESSAGE][PASSED] - Object: 'Object Repository/05-Chat/02-Sending chat messages/div_AC' is clicked on

2022-11-23 11:05:30 - [TEST_STEP][PASSED] - delay(5): Delayed 5 second(s)

2022-11-23 11:05:35 - [MESSAGE][PASSED] - Delayed 5 second(s)

2022-11-23 11:05:35 - [TEST_STEP][PASSED] - setText(findTestObject("05-Chat/02-Sending chat messages/textarea__msg"), "Test auto"): Text 'Test auto' is set on object 'Object Repository/05-Chat/02-Sending chat messages/textarea__msg'

2022-11-23 11:05:36 - [MESSAGE][PASSED] - Text 'Test auto' is set on object 'Object Repository/05-Chat/02-Sending chat messages/textarea__msg'

2022-11-23 11:05:36 - [TEST_STEP][PASSED] - click(findTestObject("05-Chat/02-Sending chat messages/button_send")): Object: 'Object Repository/05-Chat/02-Sending chat messages/button_send' is clicked on

2022-11-23 11:05:37 - [MESSAGE][PASSED] - Object: 'Object Repository/05-Chat/02-Sending chat messages/button_send' is clicked on

2022-11-23 11:05:37 - [TEST_STEP][PASSED] - delay(3): Delayed 3 second(s)

2022-11-23 11:05:40 - [MESSAGE][PASSED] - Delayed 3 second(s)

2022-11-23 11:05:40 - [TEST_STEP][PASSED] - refresh(): Refresh successfully

2022-11-23 11:05:41 - [MESSAGE][PASSED] - Refresh successfully

2022-11-23 11:05:41 - [TEST_STEP][PASSED] - delay(3): Delayed 3 second(s)

2022-11-23 11:05:44 - [MESSAGE][PASSED] - Delayed 3 second(s)]]></system-out>
         <system-err><![CDATA[]]></system-err>
      </testcase>
      <testcase name="Test Cases/05- Chat/10-Group Info" time="38.485" classname="Test Cases/05- Chat/10-Group Info" status="PASSED">
         <system-out><![CDATA[2022-11-23 11:05:44 - [TEST_CASE][PASSED] - Test Cases/05- Chat/10-Group Info: Test Cases/05- Chat/10-Group Info

2022-11-23 11:05:45 - [TEST_STEP][PASSED] - delay(1): Delayed 1 second(s)

2022-11-23 11:05:46 - [MESSAGE][PASSED] - Delayed 1 second(s)

2022-11-23 11:05:46 - [TEST_STEP][PASSED] - click(findTestObject("05-Chat/02-Sending chat messages/div_AC")): Object: 'Object Repository/05-Chat/02-Sending chat messages/div_AC' is clicked on

2022-11-23 11:05:48 - [MESSAGE][PASSED] - Object: 'Object Repository/05-Chat/02-Sending chat messages/div_AC' is clicked on

2022-11-23 11:05:48 - [TEST_STEP][PASSED] - delay(3): Delayed 3 second(s)

2022-11-23 11:05:51 - [MESSAGE][PASSED] - Delayed 3 second(s)

2022-11-23 11:05:51 - [TEST_STEP][PASSED] - click(findTestObject("05-Chat/09-Hiding a chat/ellipsis_chat setting")): Object: 'Object Repository/05-Chat/09-Hiding a chat/ellipsis_chat setting' is clicked on

2022-11-23 11:05:51 - [MESSAGE][PASSED] - Object: 'Object Repository/05-Chat/09-Hiding a chat/ellipsis_chat setting' is clicked on

2022-11-23 11:05:51 - [TEST_STEP][PASSED] - delay(2): Delayed 2 second(s)

2022-11-23 11:05:53 - [MESSAGE][PASSED] - Delayed 2 second(s)

2022-11-23 11:05:53 - [TEST_STEP][PASSED] - click(findTestObject("05-Chat/09-Hiding a chat/button_Group info")): Object: 'Object Repository/05-Chat/09-Hiding a chat/button_Group info' is clicked on

2022-11-23 11:05:54 - [MESSAGE][PASSED] - Object: 'Object Repository/05-Chat/09-Hiding a chat/button_Group info' is clicked on

2022-11-23 11:05:54 - [TEST_STEP][PASSED] - delay(2): Delayed 2 second(s)

2022-11-23 11:05:56 - [MESSAGE][PASSED] - Delayed 2 second(s)

2022-11-23 11:05:56 - [TEST_STEP][PASSED] - verifyElementVisible(findTestObject("05-Chat/09-Hiding a chat/Group info")): Object 'Object Repository/05-Chat/09-Hiding a chat/Group info' is visible

2022-11-23 11:05:56 - [MESSAGE][PASSED] - Object 'Object Repository/05-Chat/09-Hiding a chat/Group info' is visible

2022-11-23 11:05:56 - [TEST_STEP][PASSED] - delay(2): Delayed 2 second(s)

2022-11-23 11:05:58 - [MESSAGE][PASSED] - Delayed 2 second(s)

2022-11-23 11:05:58 - [TEST_STEP][PASSED] - click(findTestObject("05-Chat/10-Group Info/button_EDIT")): Object: 'Object Repository/05-Chat/10-Group Info/button_EDIT' is clicked on

2022-11-23 11:05:58 - [MESSAGE][PASSED] - Object: 'Object Repository/05-Chat/10-Group Info/button_EDIT' is clicked on

2022-11-23 11:05:58 - [TEST_STEP][PASSED] - setText(findTestObject("05-Chat/10-Group Info/input_groupName_edit"), "Automation Chat EDITED"): Text 'Automation Chat EDITED' is set on object 'Object Repository/05-Chat/10-Group Info/input_groupName_edit'

2022-11-23 11:06:00 - [MESSAGE][PASSED] - Text 'Automation Chat EDITED' is set on object 'Object Repository/05-Chat/10-Group Info/input_groupName_edit'

2022-11-23 11:06:00 - [TEST_STEP][PASSED] - click(findTestObject("05-Chat/10-Group Info/button_Save")): Object: 'Object Repository/05-Chat/10-Group Info/button_Save' is clicked on

2022-11-23 11:06:00 - [MESSAGE][PASSED] - Object: 'Object Repository/05-Chat/10-Group Info/button_Save' is clicked on

2022-11-23 11:06:00 - [TEST_STEP][PASSED] - verifyElementVisible(findTestObject("05-Chat/10-Group Info/Successfully changed group name msg")): Object 'Object Repository/05-Chat/10-Group Info/Successfully changed group name msg' is visible

2022-11-23 11:06:01 - [MESSAGE][PASSED] - Object 'Object Repository/05-Chat/10-Group Info/Successfully changed group name msg' is visible

2022-11-23 11:06:01 - [TEST_STEP][PASSED] - delay(3): Delayed 3 second(s)

2022-11-23 11:06:04 - [MESSAGE][PASSED] - Delayed 3 second(s)

2022-11-23 11:06:04 - [TEST_STEP][PASSED] - click(findTestObject("05-Chat/10-Group Info/div_GTGG tester")): Object: 'Object Repository/05-Chat/10-Group Info/div_GTGG tester' is clicked on

2022-11-23 11:06:05 - [MESSAGE][PASSED] - Object: 'Object Repository/05-Chat/10-Group Info/div_GTGG tester' is clicked on

2022-11-23 11:06:05 - [TEST_STEP][PASSED] - verifyElementVisible(findTestObject("05-Chat/10-Group Info/button_Message")): Object 'Object Repository/05-Chat/10-Group Info/button_Message' is visible

2022-11-23 11:06:05 - [MESSAGE][PASSED] - Object 'Object Repository/05-Chat/10-Group Info/button_Message' is visible

2022-11-23 11:06:05 - [TEST_STEP][PASSED] - verifyElementVisible(findTestObject("05-Chat/10-Group Info/button_Kick from group")): Object 'Object Repository/05-Chat/10-Group Info/button_Kick from group' is visible

2022-11-23 11:06:06 - [MESSAGE][PASSED] - Object 'Object Repository/05-Chat/10-Group Info/button_Kick from group' is visible

2022-11-23 11:06:06 - [TEST_STEP][PASSED] - delay(3): Delayed 3 second(s)

2022-11-23 11:06:09 - [MESSAGE][PASSED] - Delayed 3 second(s)

2022-11-23 11:06:09 - [TEST_STEP][PASSED] - click(findTestObject("05-Chat/10-Group Info/button_Kick from group")): Object: 'Object Repository/05-Chat/10-Group Info/button_Kick from group' is clicked on

2022-11-23 11:06:09 - [MESSAGE][PASSED] - Object: 'Object Repository/05-Chat/10-Group Info/button_Kick from group' is clicked on

2022-11-23 11:06:09 - [TEST_STEP][PASSED] - delay(3): Delayed 3 second(s)

2022-11-23 11:06:12 - [MESSAGE][PASSED] - Delayed 3 second(s)

2022-11-23 11:06:12 - [TEST_STEP][PASSED] - verifyElementVisible(findTestObject("05-Chat/10-Group Info/Successfully removed user from group msg"), CONTINUE_ON_FAILURE): Object 'Object Repository/05-Chat/10-Group Info/Successfully removed user from group msg' is visible

2022-11-23 11:06:13 - [MESSAGE][PASSED] - Object 'Object Repository/05-Chat/10-Group Info/Successfully removed user from group msg' is visible

2022-11-23 11:06:13 - [TEST_STEP][PASSED] - delay(3): Delayed 3 second(s)

2022-11-23 11:06:16 - [MESSAGE][PASSED] - Delayed 3 second(s)

2022-11-23 11:06:16 - [TEST_STEP][PASSED] - click(findTestObject("05-Chat/10-Group Info/div_Remove group")): Object: 'Object Repository/05-Chat/10-Group Info/div_Remove group' is clicked on

2022-11-23 11:06:16 - [MESSAGE][PASSED] - Object: 'Object Repository/05-Chat/10-Group Info/div_Remove group' is clicked on

2022-11-23 11:06:16 - [TEST_STEP][PASSED] - verifyElementVisible(findTestObject("05-Chat/10-Group Info/Successfully removed group msg")): Object 'Object Repository/05-Chat/10-Group Info/Successfully removed group msg' is visible

2022-11-23 11:06:19 - [MESSAGE][PASSED] - Object 'Object Repository/05-Chat/10-Group Info/Successfully removed group msg' is visible

2022-11-23 11:06:19 - [TEST_STEP][PASSED] - delay(3): Delayed 3 second(s)

2022-11-23 11:06:22 - [MESSAGE][PASSED] - Delayed 3 second(s)

2022-11-23 11:06:22 - [TEST_STEP][PASSED] - closeBrowser(): Browser is closed

2022-11-23 11:06:23 - [MESSAGE][PASSED] - Browser is closed]]></system-out>
         <system-err><![CDATA[]]></system-err>
      </testcase>
      <system-out><![CDATA[2022-11-23 10:57:57 - [TEST_SUITE][PASSED] - 05-Chat: Test Cases/05- Chat/10-Group Info]]></system-out>
      <system-err><![CDATA[]]></system-err>
   </testsuite>
</testsuites>
