<?xml version="1.0" encoding="UTF-8"?>
<testsuites name="09.1 - Settings (Invite users)" time="2009.331" tests="5" failures="0" errors="0">
   <testsuite name="09.1 - Settings (Invite users)" tests="5" failures="0" errors="0" time="2009.331" skipped="0" timestamp="2022-12-21 13:50:06" hostname="asus - DESKTOP-3L3J9C1" id="Test Suites/TS-Organization/09.1 - Settings (Invite users)">
      <properties>
         <property name="deviceName" value=""/>
         <property name="devicePlatform" value=""/>
         <property name="logFolder" value="C:\\Users\\asus\\Katalon Studio\\Everleagues\\Everleagues\\Reports\\20221221_134949\\TS-Organization\\09.1 - Settings (Invite users)\\20221221_134949"/>
         <property name="logFiles" value="C:\\Users\\asus\\Katalon Studio\\Everleagues\\Everleagues\\Reports\\20221221_134949\\TS-Organization\\09.1 - Settings (Invite users)\\20221221_134949\\execution0.log"/>
         <property name="attachments" value=""/>
         <property name="hostName" value="asus - DESKTOP-3L3J9C1"/>
         <property name="os" value="Windows 10 64bit"/>
         <property name="katalonVersion" value="8.4.1.208"/>
         <property name="browser" value="Chrome 108.0.0.0"/>
         <property name="hostAddress" value="192.168.5.82"/>
         <property name="sessionId" value="05eba2f00f2bad5b4cdd1d67c5e5d662"/>
         <property name="seleniumVersion" value="3.141.59"/>
         <property name="proxyInformation" value="ProxyInformation { proxyOption=NO_PROXY, proxyServerType=HTTP, username=, password=********, proxyServerAddress=, proxyServerPort=0, executionList=&quot;&quot;, isApplyToDesiredCapabilities=true }"/>
         <property name="platform" value="Windows 10"/>
      </properties>
      <testcase name="Test Cases/09-Settings/01 - Users (Invite new user but field are blank)" time="244.026" classname="Test Cases/09-Settings/01 - Users (Invite new user but field are blank)" status="PASSED">
         <system-out><![CDATA[2022-12-21 13:50:08 - [TEST_CASE][PASSED] - Test Cases/09-Settings/01 - Users (Invite new user but field are blank): Test Cases/09-Settings/01 - Users (Invite new user but field are blank)

2022-12-21 13:50:13 - [TEST_STEP][PASSED] - openBrowser(""): Browser is opened with url: ''

2022-12-21 13:50:16 - [MESSAGE][INFO] - Starting 'Chrome' driver

2022-12-21 13:50:17 - [MESSAGE][INFO] - Action delay is set to 0 milliseconds

2022-12-21 13:50:30 - [MESSAGE][PASSED] - Browser is opened with url: ''

2022-12-21 13:50:30 - [TEST_STEP][PASSED] - navigateToUrl("https://lab.everleagues.com/"): Navigate to 'https://lab.everleagues.com/' successfully

2022-12-21 13:52:08 - [MESSAGE][PASSED] - Navigate to 'https://lab.everleagues.com/' successfully

2022-12-21 13:52:08 - [TEST_STEP][PASSED] - maximizeWindow(): Current window maximized

2022-12-21 13:52:09 - [MESSAGE][PASSED] - Current window maximized

2022-12-21 13:52:09 - [TEST_STEP][PASSED] - setText(findTestObject("02-Side Icons(Organization)/Add Contact/Email Field"), "testuser02@mailinator.com"): Text 'testuser02@mailinator.com' is set on object 'Object Repository/02-Side Icons(Organization)/Add Contact/Email Field'

2022-12-21 13:52:12 - [MESSAGE][PASSED] - Text 'testuser02@mailinator.com' is set on object 'Object Repository/02-Side Icons(Organization)/Add Contact/Email Field'

2022-12-21 13:52:12 - [TEST_STEP][PASSED] - setEncryptedText(findTestObject("02-Side Icons(Organization)/Add Contact/Password Field"), "8yFRyszE6U6jvsCn51OQbg=="): Text ****** has been set on object 'Object Repository/02-Side Icons(Organization)/Add Contact/Password Field'

2022-12-21 13:52:14 - [MESSAGE][PASSED] - Text ****** has been set on object 'Object Repository/02-Side Icons(Organization)/Add Contact/Password Field'

2022-12-21 13:52:14 - [TEST_STEP][PASSED] - click(findTestObject("02-Side Icons(Organization)/Add Contact/button_Sign in")): Object: 'Object Repository/02-Side Icons(Organization)/Add Contact/button_Sign in' is clicked on

2022-12-21 13:52:15 - [MESSAGE][PASSED] - Object: 'Object Repository/02-Side Icons(Organization)/Add Contact/button_Sign in' is clicked on

2022-12-21 13:52:15 - [TEST_STEP][PASSED] - delay(2): Delayed 2 second(s)

2022-12-21 13:52:18 - [MESSAGE][PASSED] - Delayed 2 second(s)

2022-12-21 13:52:18 - [TEST_STEP][PASSED] - click(findTestObject("06-Teams/For 2FA/button_Confirm_2FA")): Object: 'Object Repository/06-Teams/For 2FA/button_Confirm_2FA' is clicked on

2022-12-21 13:52:18 - [MESSAGE][PASSED] - Object: 'Object Repository/06-Teams/For 2FA/button_Confirm_2FA' is clicked on

2022-12-21 13:52:18 - [TEST_STEP][PASSED] - executeJavaScript("window.open();", []): Execute JavaScript 'window.open();' successfully

2022-12-21 13:52:19 - [MESSAGE][PASSED] - Execute JavaScript 'window.open();' successfully

2022-12-21 13:52:19 - [TEST_STEP][PASSED] - currentWindow = getWindowIndex(): Current window's index is: 0

2022-12-21 13:52:19 - [MESSAGE][PASSED] - Current window's index is: 0

2022-12-21 13:52:19 - [TEST_STEP][PASSED] - delay(3): Delayed 3 second(s)

2022-12-21 13:52:22 - [MESSAGE][PASSED] - Delayed 3 second(s)

2022-12-21 13:52:22 - [TEST_STEP][PASSED] - switchToWindowIndex(currentWindow + 1): Switched to window with index: '1'

2022-12-21 13:52:23 - [MESSAGE][PASSED] - Switched to window with index: '1'

2022-12-21 13:52:23 - [TEST_STEP][PASSED] - navigateToUrl("https://www.mailinator.com/"): Navigate to 'https://www.mailinator.com/' successfully

2022-12-21 13:52:35 - [MESSAGE][PASSED] - Navigate to 'https://www.mailinator.com/' successfully

2022-12-21 13:52:35 - [TEST_STEP][PASSED] - delay(3): Delayed 3 second(s)

2022-12-21 13:52:38 - [MESSAGE][PASSED] - Delayed 3 second(s)

2022-12-21 13:52:38 - [TEST_STEP][PASSED] - setText(findTestObject("00-Signup and Activation/zMailinator/input_LOGIN_search"), "testuser02@mailinator.com"): Text 'testuser02@mailinator.com' is set on object 'Object Repository/00-Signup and Activation/zMailinator/input_LOGIN_search'

2022-12-21 13:52:40 - [MESSAGE][PASSED] - Text 'testuser02@mailinator.com' is set on object 'Object Repository/00-Signup and Activation/zMailinator/input_LOGIN_search'

2022-12-21 13:52:40 - [TEST_STEP][PASSED] - click(findTestObject("00-Signup and Activation/zMailinator/gobutton"), STOP_ON_FAILURE): Object: 'Object Repository/00-Signup and Activation/zMailinator/gobutton' is clicked on

2022-12-21 13:52:45 - [MESSAGE][PASSED] - Object: 'Object Repository/00-Signup and Activation/zMailinator/gobutton' is clicked on

2022-12-21 13:52:45 - [TEST_STEP][PASSED] - delay(3): Delayed 3 second(s)

2022-12-21 13:52:48 - [MESSAGE][PASSED] - Delayed 3 second(s)

2022-12-21 13:52:48 - [TEST_STEP][PASSED] - click(findTestObject("00-Signup and Activation/zMailinator/Email - everleagues")): Object: 'Object Repository/00-Signup and Activation/zMailinator/Email - everleagues' is clicked on

2022-12-21 13:52:50 - [MESSAGE][PASSED] - Object: 'Object Repository/00-Signup and Activation/zMailinator/Email - everleagues' is clicked on

2022-12-21 13:52:50 - [TEST_STEP][PASSED] - delay(3): Delayed 3 second(s)

2022-12-21 13:52:53 - [MESSAGE][PASSED] - Delayed 3 second(s)

2022-12-21 13:52:53 - [TEST_STEP][PASSED] - code = getText(findTestObject("Object Repository/06-Teams/For 2FA/2FA code")): Text of object 'Object Repository/06-Teams/For 2FA/2FA code' is: '657324'

2022-12-21 13:52:55 - [MESSAGE][PASSED] - Text of object 'Object Repository/06-Teams/For 2FA/2FA code' is: '657324'

2022-12-21 13:52:55 - [TEST_STEP][PASSED] - delay(3): Delayed 3 second(s)

2022-12-21 13:52:58 - [MESSAGE][PASSED] - Delayed 3 second(s)

2022-12-21 13:52:58 - [TEST_STEP][PASSED] - closeWindowTitle("Mailinator"): Window with title: 'Mailinator' is closed

2022-12-21 13:52:59 - [MESSAGE][PASSED] - Window with title: 'Mailinator' is closed

2022-12-21 13:52:59 - [TEST_STEP][PASSED] - delay(3): Delayed 3 second(s)

2022-12-21 13:53:02 - [MESSAGE][PASSED] - Delayed 3 second(s)

2022-12-21 13:53:02 - [TEST_STEP][PASSED] - switchToWindowIndex(0): Switched to window with index: '0'

2022-12-21 13:53:02 - [MESSAGE][PASSED] - Switched to window with index: '0'

2022-12-21 13:53:02 - [TEST_STEP][PASSED] - delay(3): Delayed 3 second(s)

2022-12-21 13:53:05 - [MESSAGE][PASSED] - Delayed 3 second(s)

2022-12-21 13:53:05 - [TEST_STEP][PASSED] - setText(findTestObject("Object Repository/06-Teams/For 2FA/input_Enter verification code_code"), code): Text '657324' is set on object 'Object Repository/06-Teams/For 2FA/input_Enter verification code_code'

2022-12-21 13:53:07 - [MESSAGE][PASSED] - Text '657324' is set on object 'Object Repository/06-Teams/For 2FA/input_Enter verification code_code'

2022-12-21 13:53:07 - [TEST_STEP][PASSED] - delay(3): Delayed 3 second(s)

2022-12-21 13:53:10 - [MESSAGE][PASSED] - Delayed 3 second(s)

2022-12-21 13:53:10 - [TEST_STEP][PASSED] - click(findTestObject("06-Teams/For 2FA/button_Verify_2FA")): Object: 'Object Repository/06-Teams/For 2FA/button_Verify_2FA' is clicked on

2022-12-21 13:53:13 - [MESSAGE][PASSED] - Object: 'Object Repository/06-Teams/For 2FA/button_Verify_2FA' is clicked on

2022-12-21 13:53:13 - [TEST_STEP][PASSED] - delay(5): Delayed 5 second(s)

2022-12-21 13:53:18 - [MESSAGE][PASSED] - Delayed 5 second(s)

2022-12-21 13:53:18 - [TEST_STEP][PASSED] - click(findTestObject("06-Teams/button_doublearrow")): Object: 'Object Repository/06-Teams/button_doublearrow' is clicked on

2022-12-21 13:53:20 - [MESSAGE][PASSED] - Object: 'Object Repository/06-Teams/button_doublearrow' is clicked on

2022-12-21 13:53:20 - [TEST_STEP][PASSED] - click(findTestObject("06-Teams/button_My Organizations")): Object: 'Object Repository/06-Teams/button_My Organizations' is clicked on

2022-12-21 13:53:22 - [MESSAGE][PASSED] - Object: 'Object Repository/06-Teams/button_My Organizations' is clicked on

2022-12-21 13:53:22 - [TEST_STEP][PASSED] - click(findTestObject("06-Teams/button_GG Automation")): Object: 'Object Repository/06-Teams/button_GG Automation' is clicked on

2022-12-21 13:53:22 - [MESSAGE][PASSED] - Object: 'Object Repository/06-Teams/button_GG Automation' is clicked on

2022-12-21 13:53:22 - [TEST_STEP][PASSED] - delay(4): Delayed 4 second(s)

2022-12-21 13:53:26 - [MESSAGE][PASSED] - Delayed 4 second(s)

2022-12-21 13:53:26 - [TEST_STEP][PASSED] - verifyElementVisible(findTestObject("06-Teams/span_GG Automation")): Object 'Object Repository/06-Teams/span_GG Automation' is visible

2022-12-21 13:53:27 - [MESSAGE][PASSED] - Object 'Object Repository/06-Teams/span_GG Automation' is visible

2022-12-21 13:53:27 - [TEST_STEP][PASSED] - delay(5): Delayed 5 second(s)

2022-12-21 13:53:32 - [MESSAGE][PASSED] - Delayed 5 second(s)

2022-12-21 13:53:32 - [TEST_STEP][PASSED] - click(findTestObject("03-Header Menu/Hamburger Button/div_Settings")): Object: 'Object Repository/03-Header Menu/Hamburger Button/div_Settings' is clicked on

2022-12-21 13:53:33 - [MESSAGE][PASSED] - Object: 'Object Repository/03-Header Menu/Hamburger Button/div_Settings' is clicked on

2022-12-21 13:53:33 - [TEST_STEP][PASSED] - verifyElementVisible(findTestObject("09-Settings/Users/div_Organization")): Object 'Object Repository/09-Settings/Users/div_Organization' is visible

2022-12-21 13:53:35 - [MESSAGE][PASSED] - Object 'Object Repository/09-Settings/Users/div_Organization' is visible

2022-12-21 13:53:35 - [TEST_STEP][PASSED] - verifyElementVisible(findTestObject("09-Settings/Users/div_Organization Units")): Object 'Object Repository/09-Settings/Users/div_Organization Units' is visible

2022-12-21 13:53:35 - [MESSAGE][PASSED] - Object 'Object Repository/09-Settings/Users/div_Organization Units' is visible

2022-12-21 13:53:35 - [TEST_STEP][PASSED] - scrollToElement(findTestObject("09-Settings/Users/div_Subscriptions"), 0): Scroll to object 'Object Repository/09-Settings/Users/div_Subscriptions' successfully

2022-12-21 13:53:36 - [MESSAGE][WARNING] - Timeout '0' is invalid. Using default page load timeout: '30'

2022-12-21 13:53:36 - [MESSAGE][PASSED] - Scroll to object 'Object Repository/09-Settings/Users/div_Subscriptions' successfully

2022-12-21 13:53:36 - [TEST_STEP][PASSED] - verifyElementVisible(findTestObject("09-Settings/Users/div_Subscriptions")): Object 'Object Repository/09-Settings/Users/div_Subscriptions' is visible

2022-12-21 13:53:37 - [MESSAGE][PASSED] - Object 'Object Repository/09-Settings/Users/div_Subscriptions' is visible

2022-12-21 13:53:37 - [TEST_STEP][PASSED] - verifyElementVisible(findTestObject("09-Settings/Users/div_Users")): Object 'Object Repository/09-Settings/Users/div_Users' is visible

2022-12-21 13:53:38 - [MESSAGE][PASSED] - Object 'Object Repository/09-Settings/Users/div_Users' is visible

2022-12-21 13:53:38 - [TEST_STEP][PASSED] - delay(3): Delayed 3 second(s)

2022-12-21 13:53:41 - [MESSAGE][PASSED] - Delayed 3 second(s)

2022-12-21 13:53:41 - [TEST_STEP][PASSED] - click(findTestObject("09-Settings/Users/div_Users")): Object: 'Object Repository/09-Settings/Users/div_Users' is clicked on

2022-12-21 13:53:46 - [MESSAGE][PASSED] - Object: 'Object Repository/09-Settings/Users/div_Users' is clicked on

2022-12-21 13:53:46 - [TEST_STEP][PASSED] - verifyElementVisible(findTestObject("09-Settings/Users/h4_USERS")): Object 'Object Repository/09-Settings/Users/h4_USERS' is visible

2022-12-21 13:53:47 - [MESSAGE][PASSED] - Object 'Object Repository/09-Settings/Users/h4_USERS' is visible

2022-12-21 13:53:47 - [TEST_STEP][PASSED] - verifyElementVisible(findTestObject("09-Settings/Users/User Page")): Object 'Object Repository/09-Settings/Users/User Page' is visible

2022-12-21 13:53:48 - [MESSAGE][PASSED] - Object 'Object Repository/09-Settings/Users/User Page' is visible

2022-12-21 13:53:48 - [TEST_STEP][PASSED] - delay(3): Delayed 3 second(s)

2022-12-21 13:53:51 - [MESSAGE][PASSED] - Delayed 3 second(s)

2022-12-21 13:53:51 - [TEST_STEP][PASSED] - click(findTestObject("09-Settings/Users/button_add")): Object: 'Object Repository/09-Settings/Users/button_add' is clicked on

2022-12-21 13:53:53 - [MESSAGE][PASSED] - Object: 'Object Repository/09-Settings/Users/button_add' is clicked on

2022-12-21 13:53:53 - [TEST_STEP][PASSED] - verifyElementVisible(findTestObject("09-Settings/Users/User Invitation modal")): Object 'Object Repository/09-Settings/Users/User Invitation modal' is visible

2022-12-21 13:53:54 - [MESSAGE][PASSED] - Object 'Object Repository/09-Settings/Users/User Invitation modal' is visible

2022-12-21 13:53:54 - [TEST_STEP][PASSED] - delay(3): Delayed 3 second(s)

2022-12-21 13:53:57 - [MESSAGE][PASSED] - Delayed 3 second(s)

2022-12-21 13:53:57 - [TEST_STEP][PASSED] - click(findTestObject("09-Settings/Users/add Invite a single user")): Object: 'Object Repository/09-Settings/Users/add Invite a single user' is clicked on

2022-12-21 13:53:59 - [MESSAGE][PASSED] - Object: 'Object Repository/09-Settings/Users/add Invite a single user' is clicked on

2022-12-21 13:53:59 - [TEST_STEP][PASSED] - verifyElementVisible(findTestObject("09-Settings/Users/Invite new user modal")): Object 'Object Repository/09-Settings/Users/Invite new user modal' is visible

2022-12-21 13:54:01 - [MESSAGE][PASSED] - Object 'Object Repository/09-Settings/Users/Invite new user modal' is visible

2022-12-21 13:54:01 - [TEST_STEP][PASSED] - click(findTestObject("09-Settings/Users/input_email")): Object: 'Object Repository/09-Settings/Users/input_email' is clicked on

2022-12-21 13:54:02 - [MESSAGE][PASSED] - Object: 'Object Repository/09-Settings/Users/input_email' is clicked on

2022-12-21 13:54:02 - [TEST_STEP][PASSED] - click(findTestObject("09-Settings/Users/input_firstName")): Object: 'Object Repository/09-Settings/Users/input_firstName' is clicked on

2022-12-21 13:54:04 - [MESSAGE][PASSED] - Object: 'Object Repository/09-Settings/Users/input_firstName' is clicked on

2022-12-21 13:54:04 - [TEST_STEP][PASSED] - click(findTestObject("09-Settings/Users/input_lastName")): Object: 'Object Repository/09-Settings/Users/input_lastName' is clicked on

2022-12-21 13:54:05 - [MESSAGE][PASSED] - Object: 'Object Repository/09-Settings/Users/input_lastName' is clicked on

2022-12-21 13:54:05 - [TEST_STEP][PASSED] - click(findTestObject("09-Settings/Users/span_Role")): Object: 'Object Repository/09-Settings/Users/span_Role' is clicked on

2022-12-21 13:54:06 - [MESSAGE][PASSED] - Object: 'Object Repository/09-Settings/Users/span_Role' is clicked on

2022-12-21 13:54:06 - [TEST_STEP][PASSED] - clickOffset(findTestObject("09-Settings/Users/h4_Invite New User"), 100, 100): Object: 'Object Repository/09-Settings/Users/h4_Invite New User' is clicked on using offset x=100 and y=100

2022-12-21 13:54:07 - [MESSAGE][PASSED] - Object: 'Object Repository/09-Settings/Users/h4_Invite New User' is clicked on using offset x=100 and y=100

2022-12-21 13:54:07 - [TEST_STEP][PASSED] - verifyElementVisible(findTestObject("09-Settings/Users/Email required")): Object 'Object Repository/09-Settings/Users/Email required' is visible

2022-12-21 13:54:08 - [MESSAGE][PASSED] - Object 'Object Repository/09-Settings/Users/Email required' is visible

2022-12-21 13:54:08 - [TEST_STEP][PASSED] - verifyElementVisible(findTestObject("09-Settings/Users/Firstname required")): Object 'Object Repository/09-Settings/Users/Firstname required' is visible

2022-12-21 13:54:09 - [MESSAGE][PASSED] - Object 'Object Repository/09-Settings/Users/Firstname required' is visible

2022-12-21 13:54:09 - [TEST_STEP][PASSED] - verifyElementVisible(findTestObject("09-Settings/Users/last name required")): Object 'Object Repository/09-Settings/Users/last name required' is visible

2022-12-21 13:54:10 - [MESSAGE][PASSED] - Object 'Object Repository/09-Settings/Users/last name required' is visible

2022-12-21 13:54:10 - [TEST_STEP][PASSED] - verifyElementVisible(findTestObject("09-Settings/Users/error_Select a role")): Object 'Object Repository/09-Settings/Users/error_Select a role' is visible

2022-12-21 13:54:12 - [MESSAGE][PASSED] - Object 'Object Repository/09-Settings/Users/error_Select a role' is visible]]></system-out>
         <system-err><![CDATA[]]></system-err>
      </testcase>
      <testcase name="Test Cases/09-Settings/02 - Users (Invite new user as co worker)" time="443.174" classname="Test Cases/09-Settings/02 - Users (Invite new user as co worker)" status="PASSED">
         <system-out><![CDATA[2022-12-21 13:54:12 - [TEST_CASE][PASSED] - Test Cases/09-Settings/02 - Users (Invite new user as co worker): Test Cases/09-Settings/02 - Users (Invite new user as co worker)

2022-12-21 13:54:16 - [TEST_STEP][PASSED] - delay(3): Delayed 3 second(s)

2022-12-21 13:54:19 - [MESSAGE][PASSED] - Delayed 3 second(s)

2022-12-21 13:54:19 - [TEST_STEP][PASSED] - setText(findTestObject("09-Settings/Users/input_email"), "autotester04@mailinator.com"): Text 'autotester04@mailinator.com' is set on object 'Object Repository/09-Settings/Users/input_email'

2022-12-21 13:54:22 - [MESSAGE][PASSED] - Text 'autotester04@mailinator.com' is set on object 'Object Repository/09-Settings/Users/input_email'

2022-12-21 13:54:22 - [TEST_STEP][PASSED] - setText(findTestObject("09-Settings/Users/input_firstName"), "GG"): Text 'GG' is set on object 'Object Repository/09-Settings/Users/input_firstName'

2022-12-21 13:54:25 - [MESSAGE][PASSED] - Text 'GG' is set on object 'Object Repository/09-Settings/Users/input_firstName'

2022-12-21 13:54:25 - [TEST_STEP][PASSED] - setText(findTestObject("09-Settings/Users/input_lastName"), "Auto Contact 2"): Text 'Auto Contact 2' is set on object 'Object Repository/09-Settings/Users/input_lastName'

2022-12-21 13:54:27 - [MESSAGE][PASSED] - Text 'Auto Contact 2' is set on object 'Object Repository/09-Settings/Users/input_lastName'

2022-12-21 13:54:27 - [TEST_STEP][PASSED] - click(findTestObject("09-Settings/Users/span_Role")): Object: 'Object Repository/09-Settings/Users/span_Role' is clicked on

2022-12-21 13:54:28 - [MESSAGE][PASSED] - Object: 'Object Repository/09-Settings/Users/span_Role' is clicked on

2022-12-21 13:54:28 - [TEST_STEP][PASSED] - click(findTestObject("09-Settings/Users/span_CoWorker")): Object: 'Object Repository/09-Settings/Users/span_CoWorker' is clicked on

2022-12-21 13:54:30 - [MESSAGE][PASSED] - Object: 'Object Repository/09-Settings/Users/span_CoWorker' is clicked on

2022-12-21 13:54:30 - [TEST_STEP][PASSED] - click(findTestObject("09-Settings/Users/button_Send Invitation")): Object: 'Object Repository/09-Settings/Users/button_Send Invitation' is clicked on

2022-12-21 13:54:31 - [MESSAGE][PASSED] - Object: 'Object Repository/09-Settings/Users/button_Send Invitation' is clicked on

2022-12-21 13:54:31 - [TEST_STEP][PASSED] - delay(2): Delayed 2 second(s)

2022-12-21 13:54:33 - [MESSAGE][PASSED] - Delayed 2 second(s)

2022-12-21 13:54:33 - [TEST_STEP][PASSED] - verifyElementVisible(findTestObject("07-Directory/Connections/zContact Profile/Successfully invited user")): Object 'Object Repository/07-Directory/Connections/zContact Profile/Successfully invited user' is visible

2022-12-21 13:54:35 - [MESSAGE][PASSED] - Object 'Object Repository/07-Directory/Connections/zContact Profile/Successfully invited user' is visible

2022-12-21 13:54:35 - [TEST_STEP][PASSED] - delay(2): Delayed 2 second(s)

2022-12-21 13:54:37 - [MESSAGE][PASSED] - Delayed 2 second(s)

2022-12-21 13:54:37 - [TEST_STEP][PASSED] - executeJavaScript("window.open();", []): Execute JavaScript 'window.open();' successfully

2022-12-21 13:54:37 - [MESSAGE][PASSED] - Execute JavaScript 'window.open();' successfully

2022-12-21 13:54:37 - [TEST_STEP][PASSED] - currentWindow = getWindowIndex(): Current window's index is: 0

2022-12-21 13:54:37 - [MESSAGE][PASSED] - Current window's index is: 0

2022-12-21 13:54:37 - [TEST_STEP][PASSED] - delay(3): Delayed 3 second(s)

2022-12-21 13:54:40 - [MESSAGE][PASSED] - Delayed 3 second(s)

2022-12-21 13:54:40 - [TEST_STEP][PASSED] - switchToWindowIndex(currentWindow + 1): Switched to window with index: '1'

2022-12-21 13:54:40 - [MESSAGE][PASSED] - Switched to window with index: '1'

2022-12-21 13:54:40 - [TEST_STEP][PASSED] - navigateToUrl("https://www.mailinator.com/"): Navigate to 'https://www.mailinator.com/' successfully

2022-12-21 13:54:48 - [MESSAGE][PASSED] - Navigate to 'https://www.mailinator.com/' successfully

2022-12-21 13:54:48 - [TEST_STEP][PASSED] - delay(3): Delayed 3 second(s)

2022-12-21 13:54:51 - [MESSAGE][PASSED] - Delayed 3 second(s)

2022-12-21 13:54:51 - [TEST_STEP][PASSED] - setText(findTestObject("00-Signup and Activation/zMailinator/input_LOGIN_search"), "autotester04@mailinator.com"): Text 'autotester04@mailinator.com' is set on object 'Object Repository/00-Signup and Activation/zMailinator/input_LOGIN_search'

2022-12-21 13:54:52 - [MESSAGE][PASSED] - Text 'autotester04@mailinator.com' is set on object 'Object Repository/00-Signup and Activation/zMailinator/input_LOGIN_search'

2022-12-21 13:54:52 - [TEST_STEP][PASSED] - click(findTestObject("00-Signup and Activation/zMailinator/gobutton"), STOP_ON_FAILURE): Object: 'Object Repository/00-Signup and Activation/zMailinator/gobutton' is clicked on

2022-12-21 13:54:55 - [MESSAGE][PASSED] - Object: 'Object Repository/00-Signup and Activation/zMailinator/gobutton' is clicked on

2022-12-21 13:54:55 - [TEST_STEP][PASSED] - delay(3): Delayed 3 second(s)

2022-12-21 13:54:58 - [MESSAGE][PASSED] - Delayed 3 second(s)

2022-12-21 13:54:58 - [TEST_STEP][PASSED] - closeWindowTitle("Everleagues"): Window with title: 'Everleagues' is closed

2022-12-21 13:54:59 - [MESSAGE][PASSED] - Window with title: 'Everleagues' is closed

2022-12-21 13:54:59 - [TEST_STEP][PASSED] - switchToWindowIndex(0): Switched to window with index: '0'

2022-12-21 13:54:59 - [MESSAGE][PASSED] - Switched to window with index: '0'

2022-12-21 13:54:59 - [TEST_STEP][PASSED] - click(findTestObject("09-Settings/Users/Co worker/td_Invitation from GG Automation")): Object: 'Object Repository/09-Settings/Users/Co worker/td_Invitation from GG Automation' is clicked on

2022-12-21 13:55:00 - [MESSAGE][PASSED] - Object: 'Object Repository/09-Settings/Users/Co worker/td_Invitation from GG Automation' is clicked on

2022-12-21 13:55:00 - [TEST_STEP][PASSED] - click(findTestObject("09-Settings/Users/Co worker/a_Click here to join GG Automation on EverLeagues")): Object: 'Object Repository/09-Settings/Users/Co worker/a_Click here to join GG Automation on EverLeagues' is clicked on

2022-12-21 13:55:02 - [MESSAGE][PASSED] - Object: 'Object Repository/09-Settings/Users/Co worker/a_Click here to join GG Automation on EverLeagues' is clicked on

2022-12-21 13:55:02 - [TEST_STEP][PASSED] - closeWindowTitle("Mailinator"): Window with title: 'Mailinator' is closed

2022-12-21 13:55:03 - [MESSAGE][PASSED] - Window with title: 'Mailinator' is closed

2022-12-21 13:55:03 - [TEST_STEP][PASSED] - switchToWindowIndex(0): Switched to window with index: '0'

2022-12-21 13:55:03 - [MESSAGE][PASSED] - Switched to window with index: '0'

2022-12-21 13:55:03 - [TEST_STEP][PASSED] - verifyElementVisible(findTestObject("09-Settings/Users/Co worker/Logout before proceed modal")): Object 'Object Repository/09-Settings/Users/Co worker/Logout before proceed modal' is visible

2022-12-21 13:55:29 - [MESSAGE][PASSED] - Object 'Object Repository/09-Settings/Users/Co worker/Logout before proceed modal' is visible

2022-12-21 13:55:29 - [TEST_STEP][PASSED] - click(findTestObject("09-Settings/Users/Co worker/button_Yes")): Object: 'Object Repository/09-Settings/Users/Co worker/button_Yes' is clicked on

2022-12-21 13:55:30 - [MESSAGE][PASSED] - Object: 'Object Repository/09-Settings/Users/Co worker/button_Yes' is clicked on

2022-12-21 13:55:30 - [TEST_STEP][PASSED] - delay(3): Delayed 3 second(s)

2022-12-21 13:55:33 - [MESSAGE][PASSED] - Delayed 3 second(s)

2022-12-21 13:55:33 - [TEST_STEP][PASSED] - setText(findTestObject("09-Settings/Users/Co worker/input_Email_email"), "autotester04@mailinator.com"): Text 'autotester04@mailinator.com' is set on object 'Object Repository/09-Settings/Users/Co worker/input_Email_email'

2022-12-21 13:56:35 - [MESSAGE][PASSED] - Text 'autotester04@mailinator.com' is set on object 'Object Repository/09-Settings/Users/Co worker/input_Email_email'

2022-12-21 13:56:35 - [TEST_STEP][PASSED] - setEncryptedText(findTestObject("09-Settings/Users/Co worker/input__password"), "8yFRyszE6U6jvsCn51OQbg=="): Text ****** has been set on object 'Object Repository/09-Settings/Users/Co worker/input__password'

2022-12-21 13:57:07 - [MESSAGE][PASSED] - Text ****** has been set on object 'Object Repository/09-Settings/Users/Co worker/input__password'

2022-12-21 13:57:07 - [TEST_STEP][PASSED] - click(findTestObject("02-Side Icons(Organization)/Add Contact/button_Sign in")): Object: 'Object Repository/02-Side Icons(Organization)/Add Contact/button_Sign in' is clicked on

2022-12-21 13:57:38 - [MESSAGE][PASSED] - Object: 'Object Repository/02-Side Icons(Organization)/Add Contact/button_Sign in' is clicked on

2022-12-21 13:57:38 - [TEST_STEP][PASSED] - delay(2): Delayed 2 second(s)

2022-12-21 13:57:40 - [MESSAGE][PASSED] - Delayed 2 second(s)

2022-12-21 13:57:40 - [TEST_STEP][PASSED] - click(findTestObject("06-Teams/For 2FA/button_Confirm_2FA")): Object: 'Object Repository/06-Teams/For 2FA/button_Confirm_2FA' is clicked on

2022-12-21 13:58:11 - [MESSAGE][PASSED] - Object: 'Object Repository/06-Teams/For 2FA/button_Confirm_2FA' is clicked on

2022-12-21 13:58:11 - [TEST_STEP][PASSED] - executeJavaScript("window.open();", []): Execute JavaScript 'window.open();' successfully

2022-12-21 13:58:12 - [MESSAGE][PASSED] - Execute JavaScript 'window.open();' successfully

2022-12-21 13:58:12 - [TEST_STEP][PASSED] - currentWindow = getWindowIndex(): Current window's index is: 0

2022-12-21 13:58:12 - [MESSAGE][PASSED] - Current window's index is: 0

2022-12-21 13:58:12 - [TEST_STEP][PASSED] - delay(3): Delayed 3 second(s)

2022-12-21 13:58:15 - [MESSAGE][PASSED] - Delayed 3 second(s)

2022-12-21 13:58:15 - [TEST_STEP][PASSED] - switchToWindowIndex(currentWindow + 1): Switched to window with index: '1'

2022-12-21 13:58:15 - [MESSAGE][PASSED] - Switched to window with index: '1'

2022-12-21 13:58:15 - [TEST_STEP][PASSED] - navigateToUrl("https://www.mailinator.com/"): Navigate to 'https://www.mailinator.com/' successfully

2022-12-21 13:58:23 - [MESSAGE][PASSED] - Navigate to 'https://www.mailinator.com/' successfully

2022-12-21 13:58:23 - [TEST_STEP][PASSED] - delay(3): Delayed 3 second(s)

2022-12-21 13:58:26 - [MESSAGE][PASSED] - Delayed 3 second(s)

2022-12-21 13:58:26 - [TEST_STEP][PASSED] - setText(findTestObject("00-Signup and Activation/zMailinator/input_LOGIN_search"), "autotester04@mailinator.com"): Text 'autotester04@mailinator.com' is set on object 'Object Repository/00-Signup and Activation/zMailinator/input_LOGIN_search'

2022-12-21 13:58:27 - [MESSAGE][PASSED] - Text 'autotester04@mailinator.com' is set on object 'Object Repository/00-Signup and Activation/zMailinator/input_LOGIN_search'

2022-12-21 13:58:27 - [TEST_STEP][PASSED] - click(findTestObject("00-Signup and Activation/zMailinator/gobutton"), STOP_ON_FAILURE): Object: 'Object Repository/00-Signup and Activation/zMailinator/gobutton' is clicked on

2022-12-21 13:58:31 - [MESSAGE][PASSED] - Object: 'Object Repository/00-Signup and Activation/zMailinator/gobutton' is clicked on

2022-12-21 13:58:31 - [TEST_STEP][PASSED] - delay(3): Delayed 3 second(s)

2022-12-21 13:58:34 - [MESSAGE][PASSED] - Delayed 3 second(s)

2022-12-21 13:58:34 - [TEST_STEP][PASSED] - click(findTestObject("00-Signup and Activation/zMailinator/Email - everleagues")): Object: 'Object Repository/00-Signup and Activation/zMailinator/Email - everleagues' is clicked on

2022-12-21 13:58:35 - [MESSAGE][PASSED] - Object: 'Object Repository/00-Signup and Activation/zMailinator/Email - everleagues' is clicked on

2022-12-21 13:58:35 - [TEST_STEP][PASSED] - delay(3): Delayed 3 second(s)

2022-12-21 13:58:38 - [MESSAGE][PASSED] - Delayed 3 second(s)

2022-12-21 13:58:38 - [TEST_STEP][PASSED] - codetwo = getText(findTestObject("Object Repository/06-Teams/For 2FA/2FA code")): Text of object 'Object Repository/06-Teams/For 2FA/2FA code' is: '192493'

2022-12-21 13:58:39 - [MESSAGE][PASSED] - Text of object 'Object Repository/06-Teams/For 2FA/2FA code' is: '192493'

2022-12-21 13:58:39 - [TEST_STEP][PASSED] - delay(3): Delayed 3 second(s)

2022-12-21 13:58:42 - [MESSAGE][PASSED] - Delayed 3 second(s)

2022-12-21 13:58:42 - [TEST_STEP][PASSED] - closeWindowTitle("Mailinator"): Window with title: 'Mailinator' is closed

2022-12-21 13:58:43 - [MESSAGE][PASSED] - Window with title: 'Mailinator' is closed

2022-12-21 13:58:43 - [TEST_STEP][PASSED] - delay(3): Delayed 3 second(s)

2022-12-21 13:58:46 - [MESSAGE][PASSED] - Delayed 3 second(s)

2022-12-21 13:58:46 - [TEST_STEP][PASSED] - switchToWindowIndex(0): Switched to window with index: '0'

2022-12-21 13:58:46 - [MESSAGE][PASSED] - Switched to window with index: '0'

2022-12-21 13:58:46 - [TEST_STEP][PASSED] - delay(3): Delayed 3 second(s)

2022-12-21 13:58:49 - [MESSAGE][PASSED] - Delayed 3 second(s)

2022-12-21 13:58:49 - [TEST_STEP][PASSED] - setText(findTestObject("Object Repository/06-Teams/For 2FA/input_Enter verification code_code"), codetwo): Text '192493' is set on object 'Object Repository/06-Teams/For 2FA/input_Enter verification code_code'

2022-12-21 13:59:50 - [MESSAGE][PASSED] - Text '192493' is set on object 'Object Repository/06-Teams/For 2FA/input_Enter verification code_code'

2022-12-21 13:59:50 - [TEST_STEP][PASSED] - delay(3): Delayed 3 second(s)

2022-12-21 13:59:53 - [MESSAGE][PASSED] - Delayed 3 second(s)

2022-12-21 13:59:53 - [TEST_STEP][PASSED] - click(findTestObject("06-Teams/For 2FA/button_Verify_2FA")): Object: 'Object Repository/06-Teams/For 2FA/button_Verify_2FA' is clicked on

2022-12-21 14:00:24 - [MESSAGE][PASSED] - Object: 'Object Repository/06-Teams/For 2FA/button_Verify_2FA' is clicked on

2022-12-21 14:00:24 - [TEST_STEP][PASSED] - delay(5): Delayed 5 second(s)

2022-12-21 14:00:29 - [MESSAGE][PASSED] - Delayed 5 second(s)

2022-12-21 14:00:29 - [TEST_STEP][PASSED] - executeJavaScript("window.open();", []): Execute JavaScript 'window.open();' successfully

2022-12-21 14:00:29 - [MESSAGE][PASSED] - Execute JavaScript 'window.open();' successfully

2022-12-21 14:00:29 - [TEST_STEP][PASSED] - currentWindow = getWindowIndex(): Current window's index is: 0

2022-12-21 14:00:30 - [MESSAGE][PASSED] - Current window's index is: 0

2022-12-21 14:00:30 - [TEST_STEP][PASSED] - delay(3): Delayed 3 second(s)

2022-12-21 14:00:33 - [MESSAGE][PASSED] - Delayed 3 second(s)

2022-12-21 14:00:33 - [TEST_STEP][PASSED] - switchToWindowIndex(currentWindow + 1): Switched to window with index: '1'

2022-12-21 14:00:33 - [MESSAGE][PASSED] - Switched to window with index: '1'

2022-12-21 14:00:33 - [TEST_STEP][PASSED] - navigateToUrl("https://www.mailinator.com/"): Navigate to 'https://www.mailinator.com/' successfully

2022-12-21 14:00:39 - [MESSAGE][PASSED] - Navigate to 'https://www.mailinator.com/' successfully

2022-12-21 14:00:39 - [TEST_STEP][PASSED] - delay(3): Delayed 3 second(s)

2022-12-21 14:00:42 - [MESSAGE][PASSED] - Delayed 3 second(s)

2022-12-21 14:00:42 - [TEST_STEP][PASSED] - setText(findTestObject("00-Signup and Activation/zMailinator/input_LOGIN_search"), "autotester04@mailinator.com"): Text 'autotester04@mailinator.com' is set on object 'Object Repository/00-Signup and Activation/zMailinator/input_LOGIN_search'

2022-12-21 14:00:44 - [MESSAGE][PASSED] - Text 'autotester04@mailinator.com' is set on object 'Object Repository/00-Signup and Activation/zMailinator/input_LOGIN_search'

2022-12-21 14:00:44 - [TEST_STEP][PASSED] - click(findTestObject("00-Signup and Activation/zMailinator/gobutton"), STOP_ON_FAILURE): Object: 'Object Repository/00-Signup and Activation/zMailinator/gobutton' is clicked on

2022-12-21 14:00:47 - [MESSAGE][PASSED] - Object: 'Object Repository/00-Signup and Activation/zMailinator/gobutton' is clicked on

2022-12-21 14:00:47 - [TEST_STEP][PASSED] - delay(3): Delayed 3 second(s)

2022-12-21 14:00:50 - [MESSAGE][PASSED] - Delayed 3 second(s)

2022-12-21 14:00:50 - [TEST_STEP][PASSED] - closeWindowTitle("Everleagues"): Window with title: 'Everleagues' is closed

2022-12-21 14:00:51 - [MESSAGE][PASSED] - Window with title: 'Everleagues' is closed

2022-12-21 14:00:51 - [TEST_STEP][PASSED] - switchToWindowIndex(0): Switched to window with index: '0'

2022-12-21 14:00:51 - [MESSAGE][PASSED] - Switched to window with index: '0'

2022-12-21 14:00:51 - [TEST_STEP][PASSED] - click(findTestObject("09-Settings/Users/Co worker/td_Invitation from GG Automation")): Object: 'Object Repository/09-Settings/Users/Co worker/td_Invitation from GG Automation' is clicked on

2022-12-21 14:00:52 - [MESSAGE][PASSED] - Object: 'Object Repository/09-Settings/Users/Co worker/td_Invitation from GG Automation' is clicked on

2022-12-21 14:00:52 - [TEST_STEP][PASSED] - click(findTestObject("09-Settings/Users/Co worker/a_Click here to join GG Automation on EverLeagues")): Object: 'Object Repository/09-Settings/Users/Co worker/a_Click here to join GG Automation on EverLeagues' is clicked on

2022-12-21 14:00:53 - [MESSAGE][PASSED] - Object: 'Object Repository/09-Settings/Users/Co worker/a_Click here to join GG Automation on EverLeagues' is clicked on

2022-12-21 14:00:53 - [TEST_STEP][PASSED] - delay(3): Delayed 3 second(s)

2022-12-21 14:00:56 - [MESSAGE][PASSED] - Delayed 3 second(s)

2022-12-21 14:00:56 - [TEST_STEP][PASSED] - closeWindowTitle("Mailinator"): Window with title: 'Mailinator' is closed

2022-12-21 14:01:06 - [MESSAGE][PASSED] - Window with title: 'Mailinator' is closed

2022-12-21 14:01:06 - [TEST_STEP][PASSED] - switchToWindowIndex(0): Switched to window with index: '0'

2022-12-21 14:01:07 - [MESSAGE][PASSED] - Switched to window with index: '0'

2022-12-21 14:01:07 - [TEST_STEP][PASSED] - verifyElementVisible(findTestObject("09-Settings/Users/Co worker/Invite modal")): Object 'Object Repository/09-Settings/Users/Co worker/Invite modal' is visible

2022-12-21 14:01:19 - [MESSAGE][PASSED] - Object 'Object Repository/09-Settings/Users/Co worker/Invite modal' is visible

2022-12-21 14:01:19 - [TEST_STEP][PASSED] - click(findTestObject("09-Settings/Users/Co worker/button_Accept")): Object: 'Object Repository/09-Settings/Users/Co worker/button_Accept' is clicked on

2022-12-21 14:01:21 - [MESSAGE][PASSED] - Object: 'Object Repository/09-Settings/Users/Co worker/button_Accept' is clicked on

2022-12-21 14:01:21 - [TEST_STEP][PASSED] - delay(5): Delayed 5 second(s)

2022-12-21 14:01:26 - [MESSAGE][PASSED] - Delayed 5 second(s)

2022-12-21 14:01:26 - [TEST_STEP][PASSED] - verifyElementVisible(findTestObject("09-Settings/Users/Co worker/div_Joined as CoWorker")): Object 'Object Repository/09-Settings/Users/Co worker/div_Joined as CoWorker' is visible

2022-12-21 14:01:32 - [MESSAGE][PASSED] - Object 'Object Repository/09-Settings/Users/Co worker/div_Joined as CoWorker' is visible

2022-12-21 14:01:32 - [TEST_STEP][PASSED] - closeBrowser(): Browser is closed

2022-12-21 14:01:35 - [MESSAGE][PASSED] - Browser is closed]]></system-out>
         <system-err><![CDATA[]]></system-err>
      </testcase>
      <testcase name="Test Cases/09-Settings/03 - Users (Invite new user as client)" time="322.729" classname="Test Cases/09-Settings/03 - Users (Invite new user as client)" status="PASSED">
         <system-out><![CDATA[2022-12-21 14:01:36 - [TEST_CASE][PASSED] - Test Cases/09-Settings/03 - Users (Invite new user as client): Test Cases/09-Settings/03 - Users (Invite new user as client)

2022-12-21 14:01:39 - [TEST_STEP][PASSED] - openBrowser(""): Browser is opened with url: ''

2022-12-21 14:01:39 - [MESSAGE][INFO] - Starting 'Chrome' driver

2022-12-21 14:01:39 - [MESSAGE][INFO] - Action delay is set to 0 milliseconds

2022-12-21 14:01:43 - [MESSAGE][PASSED] - Browser is opened with url: ''

2022-12-21 14:01:43 - [TEST_STEP][PASSED] - navigateToUrl("https://lab.everleagues.com/"): Navigate to 'https://lab.everleagues.com/' successfully

2022-12-21 14:02:08 - [MESSAGE][PASSED] - Navigate to 'https://lab.everleagues.com/' successfully

2022-12-21 14:02:08 - [TEST_STEP][PASSED] - maximizeWindow(): Current window maximized

2022-12-21 14:02:08 - [MESSAGE][PASSED] - Current window maximized

2022-12-21 14:02:08 - [TEST_STEP][PASSED] - setText(findTestObject("02-Side Icons(Organization)/Add Contact/Email Field"), "testuser02@mailinator.com"): Text 'testuser02@mailinator.com' is set on object 'Object Repository/02-Side Icons(Organization)/Add Contact/Email Field'

2022-12-21 14:02:10 - [MESSAGE][PASSED] - Text 'testuser02@mailinator.com' is set on object 'Object Repository/02-Side Icons(Organization)/Add Contact/Email Field'

2022-12-21 14:02:10 - [TEST_STEP][PASSED] - setEncryptedText(findTestObject("02-Side Icons(Organization)/Add Contact/Password Field"), "8yFRyszE6U6jvsCn51OQbg=="): Text ****** has been set on object 'Object Repository/02-Side Icons(Organization)/Add Contact/Password Field'

2022-12-21 14:02:12 - [MESSAGE][PASSED] - Text ****** has been set on object 'Object Repository/02-Side Icons(Organization)/Add Contact/Password Field'

2022-12-21 14:02:12 - [TEST_STEP][PASSED] - click(findTestObject("02-Side Icons(Organization)/Add Contact/button_Sign in")): Object: 'Object Repository/02-Side Icons(Organization)/Add Contact/button_Sign in' is clicked on

2022-12-21 14:02:13 - [MESSAGE][PASSED] - Object: 'Object Repository/02-Side Icons(Organization)/Add Contact/button_Sign in' is clicked on

2022-12-21 14:02:13 - [TEST_STEP][PASSED] - delay(2): Delayed 2 second(s)

2022-12-21 14:02:15 - [MESSAGE][PASSED] - Delayed 2 second(s)

2022-12-21 14:02:15 - [TEST_STEP][PASSED] - click(findTestObject("06-Teams/For 2FA/button_Confirm_2FA")): Object: 'Object Repository/06-Teams/For 2FA/button_Confirm_2FA' is clicked on

2022-12-21 14:02:15 - [MESSAGE][PASSED] - Object: 'Object Repository/06-Teams/For 2FA/button_Confirm_2FA' is clicked on

2022-12-21 14:02:15 - [TEST_STEP][PASSED] - executeJavaScript("window.open();", []): Execute JavaScript 'window.open();' successfully

2022-12-21 14:02:16 - [MESSAGE][PASSED] - Execute JavaScript 'window.open();' successfully

2022-12-21 14:02:16 - [TEST_STEP][PASSED] - currentWindow = getWindowIndex(): Current window's index is: 0

2022-12-21 14:02:16 - [MESSAGE][PASSED] - Current window's index is: 0

2022-12-21 14:02:16 - [TEST_STEP][PASSED] - delay(3): Delayed 3 second(s)

2022-12-21 14:02:19 - [MESSAGE][PASSED] - Delayed 3 second(s)

2022-12-21 14:02:19 - [TEST_STEP][PASSED] - switchToWindowIndex(currentWindow + 1): Switched to window with index: '1'

2022-12-21 14:02:19 - [MESSAGE][PASSED] - Switched to window with index: '1'

2022-12-21 14:02:19 - [TEST_STEP][PASSED] - navigateToUrl("https://www.mailinator.com/"): Navigate to 'https://www.mailinator.com/' successfully

2022-12-21 14:02:29 - [MESSAGE][PASSED] - Navigate to 'https://www.mailinator.com/' successfully

2022-12-21 14:02:29 - [TEST_STEP][PASSED] - delay(3): Delayed 3 second(s)

2022-12-21 14:02:32 - [MESSAGE][PASSED] - Delayed 3 second(s)

2022-12-21 14:02:32 - [TEST_STEP][PASSED] - setText(findTestObject("00-Signup and Activation/zMailinator/input_LOGIN_search"), "testuser02@mailinator.com"): Text 'testuser02@mailinator.com' is set on object 'Object Repository/00-Signup and Activation/zMailinator/input_LOGIN_search'

2022-12-21 14:02:35 - [MESSAGE][PASSED] - Text 'testuser02@mailinator.com' is set on object 'Object Repository/00-Signup and Activation/zMailinator/input_LOGIN_search'

2022-12-21 14:02:35 - [TEST_STEP][PASSED] - click(findTestObject("00-Signup and Activation/zMailinator/gobutton"), STOP_ON_FAILURE): Object: 'Object Repository/00-Signup and Activation/zMailinator/gobutton' is clicked on

2022-12-21 14:02:39 - [MESSAGE][PASSED] - Object: 'Object Repository/00-Signup and Activation/zMailinator/gobutton' is clicked on

2022-12-21 14:02:39 - [TEST_STEP][PASSED] - delay(3): Delayed 3 second(s)

2022-12-21 14:02:42 - [MESSAGE][PASSED] - Delayed 3 second(s)

2022-12-21 14:02:42 - [TEST_STEP][PASSED] - click(findTestObject("00-Signup and Activation/zMailinator/Email - everleagues")): Object: 'Object Repository/00-Signup and Activation/zMailinator/Email - everleagues' is clicked on

2022-12-21 14:02:43 - [MESSAGE][PASSED] - Object: 'Object Repository/00-Signup and Activation/zMailinator/Email - everleagues' is clicked on

2022-12-21 14:02:43 - [TEST_STEP][PASSED] - delay(3): Delayed 3 second(s)

2022-12-21 14:02:46 - [MESSAGE][PASSED] - Delayed 3 second(s)

2022-12-21 14:02:46 - [TEST_STEP][PASSED] - code = getText(findTestObject("Object Repository/06-Teams/For 2FA/2FA code")): Text of object 'Object Repository/06-Teams/For 2FA/2FA code' is: '155835'

2022-12-21 14:02:48 - [MESSAGE][PASSED] - Text of object 'Object Repository/06-Teams/For 2FA/2FA code' is: '155835'

2022-12-21 14:02:48 - [TEST_STEP][PASSED] - delay(3): Delayed 3 second(s)

2022-12-21 14:02:51 - [MESSAGE][PASSED] - Delayed 3 second(s)

2022-12-21 14:02:51 - [TEST_STEP][PASSED] - closeWindowTitle("Mailinator"): Window with title: 'Mailinator' is closed

2022-12-21 14:02:53 - [MESSAGE][PASSED] - Window with title: 'Mailinator' is closed

2022-12-21 14:02:53 - [TEST_STEP][PASSED] - delay(3): Delayed 3 second(s)

2022-12-21 14:02:56 - [MESSAGE][PASSED] - Delayed 3 second(s)

2022-12-21 14:02:56 - [TEST_STEP][PASSED] - switchToWindowIndex(0): Switched to window with index: '0'

2022-12-21 14:02:56 - [MESSAGE][PASSED] - Switched to window with index: '0'

2022-12-21 14:02:56 - [TEST_STEP][PASSED] - delay(3): Delayed 3 second(s)

2022-12-21 14:02:59 - [MESSAGE][PASSED] - Delayed 3 second(s)

2022-12-21 14:02:59 - [TEST_STEP][PASSED] - setText(findTestObject("Object Repository/06-Teams/For 2FA/input_Enter verification code_code"), code): Text '155835' is set on object 'Object Repository/06-Teams/For 2FA/input_Enter verification code_code'

2022-12-21 14:03:01 - [MESSAGE][PASSED] - Text '155835' is set on object 'Object Repository/06-Teams/For 2FA/input_Enter verification code_code'

2022-12-21 14:03:01 - [TEST_STEP][PASSED] - delay(3): Delayed 3 second(s)

2022-12-21 14:03:04 - [MESSAGE][PASSED] - Delayed 3 second(s)

2022-12-21 14:03:04 - [TEST_STEP][PASSED] - click(findTestObject("06-Teams/For 2FA/button_Verify_2FA")): Object: 'Object Repository/06-Teams/For 2FA/button_Verify_2FA' is clicked on

2022-12-21 14:03:06 - [MESSAGE][PASSED] - Object: 'Object Repository/06-Teams/For 2FA/button_Verify_2FA' is clicked on

2022-12-21 14:03:06 - [TEST_STEP][PASSED] - delay(5): Delayed 5 second(s)

2022-12-21 14:03:11 - [MESSAGE][PASSED] - Delayed 5 second(s)

2022-12-21 14:03:11 - [TEST_STEP][PASSED] - click(findTestObject("06-Teams/button_doublearrow")): Object: 'Object Repository/06-Teams/button_doublearrow' is clicked on

2022-12-21 14:03:13 - [MESSAGE][PASSED] - Object: 'Object Repository/06-Teams/button_doublearrow' is clicked on

2022-12-21 14:03:13 - [TEST_STEP][PASSED] - click(findTestObject("06-Teams/button_My Organizations")): Object: 'Object Repository/06-Teams/button_My Organizations' is clicked on

2022-12-21 14:03:15 - [MESSAGE][PASSED] - Object: 'Object Repository/06-Teams/button_My Organizations' is clicked on

2022-12-21 14:03:15 - [TEST_STEP][PASSED] - click(findTestObject("06-Teams/button_GG Automation")): Object: 'Object Repository/06-Teams/button_GG Automation' is clicked on

2022-12-21 14:03:16 - [MESSAGE][PASSED] - Object: 'Object Repository/06-Teams/button_GG Automation' is clicked on

2022-12-21 14:03:16 - [TEST_STEP][PASSED] - delay(4): Delayed 4 second(s)

2022-12-21 14:03:20 - [MESSAGE][PASSED] - Delayed 4 second(s)

2022-12-21 14:03:20 - [TEST_STEP][PASSED] - verifyElementVisible(findTestObject("06-Teams/span_GG Automation")): Object 'Object Repository/06-Teams/span_GG Automation' is visible

2022-12-21 14:03:20 - [MESSAGE][PASSED] - Object 'Object Repository/06-Teams/span_GG Automation' is visible

2022-12-21 14:03:20 - [TEST_STEP][PASSED] - delay(5): Delayed 5 second(s)

2022-12-21 14:03:25 - [MESSAGE][PASSED] - Delayed 5 second(s)

2022-12-21 14:03:25 - [TEST_STEP][PASSED] - click(findTestObject("03-Header Menu/Hamburger Button/div_Settings")): Object: 'Object Repository/03-Header Menu/Hamburger Button/div_Settings' is clicked on

2022-12-21 14:03:26 - [MESSAGE][PASSED] - Object: 'Object Repository/03-Header Menu/Hamburger Button/div_Settings' is clicked on

2022-12-21 14:03:26 - [TEST_STEP][PASSED] - delay(3): Delayed 3 second(s)

2022-12-21 14:03:29 - [MESSAGE][PASSED] - Delayed 3 second(s)

2022-12-21 14:03:29 - [TEST_STEP][PASSED] - scrollToElement(findTestObject("09-Settings/Users/div_Users"), 0): Scroll to object 'Object Repository/09-Settings/Users/div_Users' successfully

2022-12-21 14:03:30 - [MESSAGE][WARNING] - Timeout '0' is invalid. Using default page load timeout: '30'

2022-12-21 14:03:30 - [MESSAGE][PASSED] - Scroll to object 'Object Repository/09-Settings/Users/div_Users' successfully

2022-12-21 14:03:30 - [TEST_STEP][PASSED] - click(findTestObject("09-Settings/Users/div_Users")): Object: 'Object Repository/09-Settings/Users/div_Users' is clicked on

2022-12-21 14:03:33 - [MESSAGE][PASSED] - Object: 'Object Repository/09-Settings/Users/div_Users' is clicked on

2022-12-21 14:03:33 - [TEST_STEP][PASSED] - delay(3): Delayed 3 second(s)

2022-12-21 14:03:36 - [MESSAGE][PASSED] - Delayed 3 second(s)

2022-12-21 14:03:36 - [TEST_STEP][PASSED] - click(findTestObject("09-Settings/Users/button_add")): Object: 'Object Repository/09-Settings/Users/button_add' is clicked on

2022-12-21 14:03:37 - [MESSAGE][PASSED] - Object: 'Object Repository/09-Settings/Users/button_add' is clicked on

2022-12-21 14:03:37 - [TEST_STEP][PASSED] - delay(3): Delayed 3 second(s)

2022-12-21 14:03:40 - [MESSAGE][PASSED] - Delayed 3 second(s)

2022-12-21 14:03:40 - [TEST_STEP][PASSED] - click(findTestObject("09-Settings/Users/add Invite a single user")): Object: 'Object Repository/09-Settings/Users/add Invite a single user' is clicked on

2022-12-21 14:03:41 - [MESSAGE][PASSED] - Object: 'Object Repository/09-Settings/Users/add Invite a single user' is clicked on

2022-12-21 14:03:41 - [TEST_STEP][PASSED] - delay(3): Delayed 3 second(s)

2022-12-21 14:03:44 - [MESSAGE][PASSED] - Delayed 3 second(s)

2022-12-21 14:03:44 - [TEST_STEP][PASSED] - setText(findTestObject("09-Settings/Users/input_email"), "autotester09@mailinator.com"): Text 'autotester09@mailinator.com' is set on object 'Object Repository/09-Settings/Users/input_email'

2022-12-21 14:03:48 - [MESSAGE][PASSED] - Text 'autotester09@mailinator.com' is set on object 'Object Repository/09-Settings/Users/input_email'

2022-12-21 14:03:48 - [TEST_STEP][PASSED] - setText(findTestObject("09-Settings/Users/input_firstName"), "GG"): Text 'GG' is set on object 'Object Repository/09-Settings/Users/input_firstName'

2022-12-21 14:03:50 - [MESSAGE][PASSED] - Text 'GG' is set on object 'Object Repository/09-Settings/Users/input_firstName'

2022-12-21 14:03:50 - [TEST_STEP][PASSED] - setText(findTestObject("09-Settings/Users/input_lastName"), "Client"): Text 'Client' is set on object 'Object Repository/09-Settings/Users/input_lastName'

2022-12-21 14:03:52 - [MESSAGE][PASSED] - Text 'Client' is set on object 'Object Repository/09-Settings/Users/input_lastName'

2022-12-21 14:03:52 - [TEST_STEP][PASSED] - click(findTestObject("09-Settings/Users/span_Role")): Object: 'Object Repository/09-Settings/Users/span_Role' is clicked on

2022-12-21 14:03:54 - [MESSAGE][PASSED] - Object: 'Object Repository/09-Settings/Users/span_Role' is clicked on

2022-12-21 14:03:54 - [TEST_STEP][PASSED] - click(findTestObject("09-Settings/Users/span_Client")): Object: 'Object Repository/09-Settings/Users/span_Client' is clicked on

2022-12-21 14:03:56 - [MESSAGE][PASSED] - Object: 'Object Repository/09-Settings/Users/span_Client' is clicked on

2022-12-21 14:03:56 - [TEST_STEP][PASSED] - click(findTestObject("09-Settings/Users/button_Send Invitation")): Object: 'Object Repository/09-Settings/Users/button_Send Invitation' is clicked on

2022-12-21 14:03:57 - [MESSAGE][PASSED] - Object: 'Object Repository/09-Settings/Users/button_Send Invitation' is clicked on

2022-12-21 14:03:57 - [TEST_STEP][PASSED] - delay(2): Delayed 2 second(s)

2022-12-21 14:03:59 - [MESSAGE][PASSED] - Delayed 2 second(s)

2022-12-21 14:03:59 - [TEST_STEP][PASSED] - verifyElementVisible(findTestObject("07-Directory/Connections/zContact Profile/Successfully invited user")): Object 'Object Repository/07-Directory/Connections/zContact Profile/Successfully invited user' is visible

2022-12-21 14:04:01 - [MESSAGE][PASSED] - Object 'Object Repository/07-Directory/Connections/zContact Profile/Successfully invited user' is visible

2022-12-21 14:04:01 - [TEST_STEP][PASSED] - delay(2): Delayed 2 second(s)

2022-12-21 14:04:03 - [MESSAGE][PASSED] - Delayed 2 second(s)

2022-12-21 14:04:03 - [TEST_STEP][PASSED] - click(findTestObject("01-Login and Forgot Password/User menu drop")): Object: 'Object Repository/01-Login and Forgot Password/User menu drop' is clicked on

2022-12-21 14:04:05 - [MESSAGE][PASSED] - Object: 'Object Repository/01-Login and Forgot Password/User menu drop' is clicked on

2022-12-21 14:04:05 - [TEST_STEP][PASSED] - delay(2): Delayed 2 second(s)

2022-12-21 14:04:07 - [MESSAGE][PASSED] - Delayed 2 second(s)

2022-12-21 14:04:07 - [TEST_STEP][PASSED] - click(findTestObject("01-Login and Forgot Password/h4_Sign Out"), STOP_ON_FAILURE): Object: 'Object Repository/01-Login and Forgot Password/h4_Sign Out' is clicked on

2022-12-21 14:04:08 - [MESSAGE][PASSED] - Object: 'Object Repository/01-Login and Forgot Password/h4_Sign Out' is clicked on

2022-12-21 14:04:08 - [TEST_STEP][PASSED] - delay(2): Delayed 2 second(s)

2022-12-21 14:04:10 - [MESSAGE][PASSED] - Delayed 2 second(s)

2022-12-21 14:04:10 - [TEST_STEP][PASSED] - verifyElementPresent(findTestObject("01-Login and Forgot Password/Login_Card"), 0): Object 'Object Repository/01-Login and Forgot Password/Login_Card' is present

2022-12-21 14:04:10 - [MESSAGE][WARNING] - Timeout '0' is invalid. Using default page load timeout: '30'

2022-12-21 14:04:11 - [MESSAGE][PASSED] - Object 'Object Repository/01-Login and Forgot Password/Login_Card' is present

2022-12-21 14:04:11 - [TEST_STEP][PASSED] - delay(3): Delayed 3 second(s)

2022-12-21 14:04:14 - [MESSAGE][PASSED] - Delayed 3 second(s)

2022-12-21 14:04:14 - [TEST_STEP][PASSED] - closeBrowser(): Browser is closed

2022-12-21 14:04:16 - [MESSAGE][PASSED] - Browser is closed

2022-12-21 14:04:16 - [TEST_STEP][PASSED] - openBrowser(""): Browser is opened with url: ''

2022-12-21 14:04:16 - [MESSAGE][INFO] - Starting 'Chrome' driver

2022-12-21 14:04:16 - [MESSAGE][INFO] - Action delay is set to 0 milliseconds

2022-12-21 14:04:19 - [MESSAGE][PASSED] - Browser is opened with url: ''

2022-12-21 14:04:19 - [TEST_STEP][PASSED] - navigateToUrl("https://lab.everleagues.com/"): Navigate to 'https://lab.everleagues.com/' successfully

2022-12-21 14:04:42 - [MESSAGE][PASSED] - Navigate to 'https://lab.everleagues.com/' successfully

2022-12-21 14:04:42 - [TEST_STEP][PASSED] - maximizeWindow(): Current window maximized

2022-12-21 14:04:42 - [MESSAGE][PASSED] - Current window maximized

2022-12-21 14:04:42 - [TEST_STEP][PASSED] - setText(findTestObject("02-Side Icons(Organization)/Add Contact/Email Field"), "autotester09@mailinator.com"): Text 'autotester09@mailinator.com' is set on object 'Object Repository/02-Side Icons(Organization)/Add Contact/Email Field'

2022-12-21 14:04:44 - [MESSAGE][PASSED] - Text 'autotester09@mailinator.com' is set on object 'Object Repository/02-Side Icons(Organization)/Add Contact/Email Field'

2022-12-21 14:04:44 - [TEST_STEP][PASSED] - setEncryptedText(findTestObject("02-Side Icons(Organization)/Add Contact/Password Field"), "8yFRyszE6U6jvsCn51OQbg=="): Text ****** has been set on object 'Object Repository/02-Side Icons(Organization)/Add Contact/Password Field'

2022-12-21 14:04:45 - [MESSAGE][PASSED] - Text ****** has been set on object 'Object Repository/02-Side Icons(Organization)/Add Contact/Password Field'

2022-12-21 14:04:45 - [TEST_STEP][PASSED] - click(findTestObject("02-Side Icons(Organization)/Add Contact/button_Sign in")): Object: 'Object Repository/02-Side Icons(Organization)/Add Contact/button_Sign in' is clicked on

2022-12-21 14:04:46 - [MESSAGE][PASSED] - Object: 'Object Repository/02-Side Icons(Organization)/Add Contact/button_Sign in' is clicked on

2022-12-21 14:04:46 - [TEST_STEP][PASSED] - delay(2): Delayed 2 second(s)

2022-12-21 14:04:48 - [MESSAGE][PASSED] - Delayed 2 second(s)

2022-12-21 14:04:49 - [TEST_STEP][PASSED] - click(findTestObject("06-Teams/For 2FA/button_Confirm_2FA")): Object: 'Object Repository/06-Teams/For 2FA/button_Confirm_2FA' is clicked on

2022-12-21 14:04:49 - [MESSAGE][PASSED] - Object: 'Object Repository/06-Teams/For 2FA/button_Confirm_2FA' is clicked on

2022-12-21 14:04:49 - [TEST_STEP][PASSED] - executeJavaScript("window.open();", []): Execute JavaScript 'window.open();' successfully

2022-12-21 14:04:50 - [MESSAGE][PASSED] - Execute JavaScript 'window.open();' successfully

2022-12-21 14:04:50 - [TEST_STEP][PASSED] - currentWindow = getWindowIndex(): Current window's index is: 0

2022-12-21 14:04:50 - [MESSAGE][PASSED] - Current window's index is: 0

2022-12-21 14:04:50 - [TEST_STEP][PASSED] - delay(3): Delayed 3 second(s)

2022-12-21 14:04:53 - [MESSAGE][PASSED] - Delayed 3 second(s)

2022-12-21 14:04:53 - [TEST_STEP][PASSED] - switchToWindowIndex(currentWindow + 1): Switched to window with index: '1'

2022-12-21 14:04:53 - [MESSAGE][PASSED] - Switched to window with index: '1'

2022-12-21 14:04:53 - [TEST_STEP][PASSED] - navigateToUrl("https://www.mailinator.com/"): Navigate to 'https://www.mailinator.com/' successfully

2022-12-21 14:05:02 - [MESSAGE][PASSED] - Navigate to 'https://www.mailinator.com/' successfully

2022-12-21 14:05:02 - [TEST_STEP][PASSED] - delay(3): Delayed 3 second(s)

2022-12-21 14:05:05 - [MESSAGE][PASSED] - Delayed 3 second(s)

2022-12-21 14:05:05 - [TEST_STEP][PASSED] - setText(findTestObject("00-Signup and Activation/zMailinator/input_LOGIN_search"), "autotester09@mailinator.com"): Text 'autotester09@mailinator.com' is set on object 'Object Repository/00-Signup and Activation/zMailinator/input_LOGIN_search'

2022-12-21 14:05:07 - [MESSAGE][PASSED] - Text 'autotester09@mailinator.com' is set on object 'Object Repository/00-Signup and Activation/zMailinator/input_LOGIN_search'

2022-12-21 14:05:07 - [TEST_STEP][PASSED] - click(findTestObject("00-Signup and Activation/zMailinator/gobutton"), STOP_ON_FAILURE): Object: 'Object Repository/00-Signup and Activation/zMailinator/gobutton' is clicked on

2022-12-21 14:05:11 - [MESSAGE][PASSED] - Object: 'Object Repository/00-Signup and Activation/zMailinator/gobutton' is clicked on

2022-12-21 14:05:11 - [TEST_STEP][PASSED] - delay(3): Delayed 3 second(s)

2022-12-21 14:05:14 - [MESSAGE][PASSED] - Delayed 3 second(s)

2022-12-21 14:05:14 - [TEST_STEP][PASSED] - click(findTestObject("00-Signup and Activation/zMailinator/Email - everleagues")): Object: 'Object Repository/00-Signup and Activation/zMailinator/Email - everleagues' is clicked on

2022-12-21 14:05:15 - [MESSAGE][PASSED] - Object: 'Object Repository/00-Signup and Activation/zMailinator/Email - everleagues' is clicked on

2022-12-21 14:05:15 - [TEST_STEP][PASSED] - delay(3): Delayed 3 second(s)

2022-12-21 14:05:18 - [MESSAGE][PASSED] - Delayed 3 second(s)

2022-12-21 14:05:18 - [TEST_STEP][PASSED] - codetwo = getText(findTestObject("Object Repository/06-Teams/For 2FA/2FA code")): Text of object 'Object Repository/06-Teams/For 2FA/2FA code' is: '130153'

2022-12-21 14:05:20 - [MESSAGE][PASSED] - Text of object 'Object Repository/06-Teams/For 2FA/2FA code' is: '130153'

2022-12-21 14:05:20 - [TEST_STEP][PASSED] - delay(3): Delayed 3 second(s)

2022-12-21 14:05:23 - [MESSAGE][PASSED] - Delayed 3 second(s)

2022-12-21 14:05:23 - [TEST_STEP][PASSED] - closeWindowTitle("Mailinator"): Window with title: 'Mailinator' is closed

2022-12-21 14:05:24 - [MESSAGE][PASSED] - Window with title: 'Mailinator' is closed

2022-12-21 14:05:24 - [TEST_STEP][PASSED] - delay(3): Delayed 3 second(s)

2022-12-21 14:05:27 - [MESSAGE][PASSED] - Delayed 3 second(s)

2022-12-21 14:05:27 - [TEST_STEP][PASSED] - switchToWindowIndex(0): Switched to window with index: '0'

2022-12-21 14:05:27 - [MESSAGE][PASSED] - Switched to window with index: '0'

2022-12-21 14:05:27 - [TEST_STEP][PASSED] - delay(3): Delayed 3 second(s)

2022-12-21 14:05:30 - [MESSAGE][PASSED] - Delayed 3 second(s)

2022-12-21 14:05:30 - [TEST_STEP][PASSED] - setText(findTestObject("Object Repository/06-Teams/For 2FA/input_Enter verification code_code"), codetwo): Text '130153' is set on object 'Object Repository/06-Teams/For 2FA/input_Enter verification code_code'

2022-12-21 14:05:32 - [MESSAGE][PASSED] - Text '130153' is set on object 'Object Repository/06-Teams/For 2FA/input_Enter verification code_code'

2022-12-21 14:05:32 - [TEST_STEP][PASSED] - delay(3): Delayed 3 second(s)

2022-12-21 14:05:35 - [MESSAGE][PASSED] - Delayed 3 second(s)

2022-12-21 14:05:35 - [TEST_STEP][PASSED] - click(findTestObject("06-Teams/For 2FA/button_Verify_2FA")): Object: 'Object Repository/06-Teams/For 2FA/button_Verify_2FA' is clicked on

2022-12-21 14:05:36 - [MESSAGE][PASSED] - Object: 'Object Repository/06-Teams/For 2FA/button_Verify_2FA' is clicked on

2022-12-21 14:05:36 - [TEST_STEP][PASSED] - delay(5): Delayed 5 second(s)

2022-12-21 14:05:41 - [MESSAGE][PASSED] - Delayed 5 second(s)

2022-12-21 14:05:41 - [TEST_STEP][PASSED] - executeJavaScript("window.open();", []): Execute JavaScript 'window.open();' successfully

2022-12-21 14:05:41 - [MESSAGE][PASSED] - Execute JavaScript 'window.open();' successfully

2022-12-21 14:05:41 - [TEST_STEP][PASSED] - currentWindow = getWindowIndex(): Current window's index is: 0

2022-12-21 14:05:42 - [MESSAGE][PASSED] - Current window's index is: 0

2022-12-21 14:05:42 - [TEST_STEP][PASSED] - delay(3): Delayed 3 second(s)

2022-12-21 14:05:45 - [MESSAGE][PASSED] - Delayed 3 second(s)

2022-12-21 14:05:45 - [TEST_STEP][PASSED] - switchToWindowIndex(currentWindow + 1): Switched to window with index: '1'

2022-12-21 14:05:45 - [MESSAGE][PASSED] - Switched to window with index: '1'

2022-12-21 14:05:45 - [TEST_STEP][PASSED] - navigateToUrl("https://www.mailinator.com/"): Navigate to 'https://www.mailinator.com/' successfully

2022-12-21 14:05:54 - [MESSAGE][PASSED] - Navigate to 'https://www.mailinator.com/' successfully

2022-12-21 14:05:54 - [TEST_STEP][PASSED] - delay(3): Delayed 3 second(s)

2022-12-21 14:05:57 - [MESSAGE][PASSED] - Delayed 3 second(s)

2022-12-21 14:05:57 - [TEST_STEP][PASSED] - setText(findTestObject("00-Signup and Activation/zMailinator/input_LOGIN_search"), "autotester09@mailinator.com"): Text 'autotester09@mailinator.com' is set on object 'Object Repository/00-Signup and Activation/zMailinator/input_LOGIN_search'

2022-12-21 14:05:58 - [MESSAGE][PASSED] - Text 'autotester09@mailinator.com' is set on object 'Object Repository/00-Signup and Activation/zMailinator/input_LOGIN_search'

2022-12-21 14:05:58 - [TEST_STEP][PASSED] - click(findTestObject("00-Signup and Activation/zMailinator/gobutton"), STOP_ON_FAILURE): Object: 'Object Repository/00-Signup and Activation/zMailinator/gobutton' is clicked on

2022-12-21 14:06:03 - [MESSAGE][PASSED] - Object: 'Object Repository/00-Signup and Activation/zMailinator/gobutton' is clicked on

2022-12-21 14:06:03 - [TEST_STEP][PASSED] - delay(3): Delayed 3 second(s)

2022-12-21 14:06:06 - [MESSAGE][PASSED] - Delayed 3 second(s)

2022-12-21 14:06:06 - [TEST_STEP][PASSED] - closeWindowTitle("Everleagues"): Window with title: 'Everleagues' is closed

2022-12-21 14:06:07 - [MESSAGE][PASSED] - Window with title: 'Everleagues' is closed

2022-12-21 14:06:07 - [TEST_STEP][PASSED] - switchToWindowIndex(0): Switched to window with index: '0'

2022-12-21 14:06:07 - [MESSAGE][PASSED] - Switched to window with index: '0'

2022-12-21 14:06:07 - [TEST_STEP][PASSED] - click(findTestObject("09-Settings/Users/Co worker/td_Invitation from GG Automation")): Object: 'Object Repository/09-Settings/Users/Co worker/td_Invitation from GG Automation' is clicked on

2022-12-21 14:06:09 - [MESSAGE][PASSED] - Object: 'Object Repository/09-Settings/Users/Co worker/td_Invitation from GG Automation' is clicked on

2022-12-21 14:06:09 - [TEST_STEP][PASSED] - click(findTestObject("09-Settings/Users/Co worker/a_Click here to join GG Automation on EverLeagues")): Object: 'Object Repository/09-Settings/Users/Co worker/a_Click here to join GG Automation on EverLeagues' is clicked on

2022-12-21 14:06:11 - [MESSAGE][PASSED] - Object: 'Object Repository/09-Settings/Users/Co worker/a_Click here to join GG Automation on EverLeagues' is clicked on

2022-12-21 14:06:11 - [TEST_STEP][PASSED] - closeWindowTitle("Mailinator"): Window with title: 'Mailinator' is closed

2022-12-21 14:06:12 - [MESSAGE][PASSED] - Window with title: 'Mailinator' is closed

2022-12-21 14:06:12 - [TEST_STEP][PASSED] - switchToWindowIndex(0): Switched to window with index: '0'

2022-12-21 14:06:12 - [MESSAGE][PASSED] - Switched to window with index: '0'

2022-12-21 14:06:12 - [TEST_STEP][PASSED] - verifyElementVisible(findTestObject("09-Settings/Users/Client/Invite modal")): Object 'Object Repository/09-Settings/Users/Client/Invite modal' is visible

2022-12-21 14:06:40 - [MESSAGE][PASSED] - Object 'Object Repository/09-Settings/Users/Client/Invite modal' is visible

2022-12-21 14:06:40 - [TEST_STEP][PASSED] - setText(findTestObject("09-Settings/Users/Client/Company field"), "QA Company"): Text 'QA Company' is set on object 'Object Repository/09-Settings/Users/Client/Company field'

2022-12-21 14:06:41 - [MESSAGE][PASSED] - Text 'QA Company' is set on object 'Object Repository/09-Settings/Users/Client/Company field'

2022-12-21 14:06:41 - [TEST_STEP][PASSED] - click(findTestObject("09-Settings/Users/Client/button_Accept")): Object: 'Object Repository/09-Settings/Users/Client/button_Accept' is clicked on

2022-12-21 14:06:43 - [MESSAGE][PASSED] - Object: 'Object Repository/09-Settings/Users/Client/button_Accept' is clicked on

2022-12-21 14:06:43 - [TEST_STEP][PASSED] - delay(5): Delayed 5 second(s)

2022-12-21 14:06:48 - [MESSAGE][PASSED] - Delayed 5 second(s)

2022-12-21 14:06:48 - [TEST_STEP][PASSED] - verifyElementVisible(findTestObject("09-Settings/Users/Client/div_Joined as CLIENT")): Object 'Object Repository/09-Settings/Users/Client/div_Joined as CLIENT' is visible

2022-12-21 14:06:53 - [MESSAGE][PASSED] - Object 'Object Repository/09-Settings/Users/Client/div_Joined as CLIENT' is visible

2022-12-21 14:06:53 - [TEST_STEP][PASSED] - delay(3): Delayed 3 second(s)

2022-12-21 14:06:56 - [MESSAGE][PASSED] - Delayed 3 second(s)

2022-12-21 14:06:56 - [TEST_STEP][PASSED] - closeBrowser(): Browser is closed

2022-12-21 14:06:58 - [MESSAGE][PASSED] - Browser is closed]]></system-out>
         <system-err><![CDATA[]]></system-err>
      </testcase>
      <testcase name="Test Cases/09-Settings/04 - Users (Invite new user as partner)" time="811.021" classname="Test Cases/09-Settings/04 - Users (Invite new user as partner)" status="PASSED">
         <system-out><![CDATA[2022-12-21 14:06:58 - [TEST_CASE][PASSED] - Test Cases/09-Settings/04 - Users (Invite new user as partner): Test Cases/09-Settings/04 - Users (Invite new user as partner)

2022-12-21 14:07:01 - [TEST_STEP][PASSED] - openBrowser(""): Browser is opened with url: ''

2022-12-21 14:07:01 - [MESSAGE][INFO] - Starting 'Chrome' driver

2022-12-21 14:07:01 - [MESSAGE][INFO] - Action delay is set to 0 milliseconds

2022-12-21 14:07:04 - [MESSAGE][PASSED] - Browser is opened with url: ''

2022-12-21 14:07:04 - [TEST_STEP][PASSED] - navigateToUrl("https://lab.everleagues.com/"): Navigate to 'https://lab.everleagues.com/' successfully

2022-12-21 14:10:31 - [MESSAGE][PASSED] - Navigate to 'https://lab.everleagues.com/' successfully

2022-12-21 14:10:31 - [TEST_STEP][PASSED] - maximizeWindow(): Current window maximized

2022-12-21 14:10:34 - [MESSAGE][PASSED] - Current window maximized

2022-12-21 14:10:34 - [TEST_STEP][PASSED] - setText(findTestObject("02-Side Icons(Organization)/Add Contact/Email Field"), "testuser02@mailinator.com"): Text 'testuser02@mailinator.com' is set on object 'Object Repository/02-Side Icons(Organization)/Add Contact/Email Field'

2022-12-21 14:10:41 - [MESSAGE][PASSED] - Text 'testuser02@mailinator.com' is set on object 'Object Repository/02-Side Icons(Organization)/Add Contact/Email Field'

2022-12-21 14:10:41 - [TEST_STEP][PASSED] - setEncryptedText(findTestObject("02-Side Icons(Organization)/Add Contact/Password Field"), "8yFRyszE6U6jvsCn51OQbg=="): Text ****** has been set on object 'Object Repository/02-Side Icons(Organization)/Add Contact/Password Field'

2022-12-21 14:10:44 - [MESSAGE][PASSED] - Text ****** has been set on object 'Object Repository/02-Side Icons(Organization)/Add Contact/Password Field'

2022-12-21 14:10:44 - [TEST_STEP][PASSED] - click(findTestObject("02-Side Icons(Organization)/Add Contact/button_Sign in")): Object: 'Object Repository/02-Side Icons(Organization)/Add Contact/button_Sign in' is clicked on

2022-12-21 14:10:47 - [MESSAGE][PASSED] - Object: 'Object Repository/02-Side Icons(Organization)/Add Contact/button_Sign in' is clicked on

2022-12-21 14:10:47 - [TEST_STEP][PASSED] - delay(2): Delayed 2 second(s)

2022-12-21 14:10:49 - [MESSAGE][PASSED] - Delayed 2 second(s)

2022-12-21 14:10:49 - [TEST_STEP][PASSED] - click(findTestObject("06-Teams/For 2FA/button_Confirm_2FA")): Object: 'Object Repository/06-Teams/For 2FA/button_Confirm_2FA' is clicked on

2022-12-21 14:10:50 - [MESSAGE][PASSED] - Object: 'Object Repository/06-Teams/For 2FA/button_Confirm_2FA' is clicked on

2022-12-21 14:10:50 - [TEST_STEP][PASSED] - executeJavaScript("window.open();", []): Execute JavaScript 'window.open();' successfully

2022-12-21 14:10:51 - [MESSAGE][PASSED] - Execute JavaScript 'window.open();' successfully

2022-12-21 14:10:51 - [TEST_STEP][PASSED] - currentWindow = getWindowIndex(): Current window's index is: 0

2022-12-21 14:10:52 - [MESSAGE][PASSED] - Current window's index is: 0

2022-12-21 14:10:52 - [TEST_STEP][PASSED] - delay(3): Delayed 3 second(s)

2022-12-21 14:10:55 - [MESSAGE][PASSED] - Delayed 3 second(s)

2022-12-21 14:10:55 - [TEST_STEP][PASSED] - switchToWindowIndex(currentWindow + 1): Switched to window with index: '1'

2022-12-21 14:10:55 - [MESSAGE][PASSED] - Switched to window with index: '1'

2022-12-21 14:10:55 - [TEST_STEP][PASSED] - navigateToUrl("https://www.mailinator.com/"): Navigate to 'https://www.mailinator.com/' successfully

2022-12-21 14:11:18 - [MESSAGE][PASSED] - Navigate to 'https://www.mailinator.com/' successfully

2022-12-21 14:11:18 - [TEST_STEP][PASSED] - delay(3): Delayed 3 second(s)

2022-12-21 14:11:21 - [MESSAGE][PASSED] - Delayed 3 second(s)

2022-12-21 14:11:21 - [TEST_STEP][PASSED] - setText(findTestObject("00-Signup and Activation/zMailinator/input_LOGIN_search"), "testuser02@mailinator.com"): Text 'testuser02@mailinator.com' is set on object 'Object Repository/00-Signup and Activation/zMailinator/input_LOGIN_search'

2022-12-21 14:11:23 - [MESSAGE][PASSED] - Text 'testuser02@mailinator.com' is set on object 'Object Repository/00-Signup and Activation/zMailinator/input_LOGIN_search'

2022-12-21 14:11:23 - [TEST_STEP][PASSED] - click(findTestObject("00-Signup and Activation/zMailinator/gobutton"), STOP_ON_FAILURE): Object: 'Object Repository/00-Signup and Activation/zMailinator/gobutton' is clicked on

2022-12-21 14:11:34 - [MESSAGE][PASSED] - Object: 'Object Repository/00-Signup and Activation/zMailinator/gobutton' is clicked on

2022-12-21 14:11:34 - [TEST_STEP][PASSED] - delay(3): Delayed 3 second(s)

2022-12-21 14:11:37 - [MESSAGE][PASSED] - Delayed 3 second(s)

2022-12-21 14:11:37 - [TEST_STEP][PASSED] - click(findTestObject("00-Signup and Activation/zMailinator/Email - everleagues")): Object: 'Object Repository/00-Signup and Activation/zMailinator/Email - everleagues' is clicked on

2022-12-21 14:11:39 - [MESSAGE][PASSED] - Object: 'Object Repository/00-Signup and Activation/zMailinator/Email - everleagues' is clicked on

2022-12-21 14:11:39 - [TEST_STEP][PASSED] - delay(3): Delayed 3 second(s)

2022-12-21 14:11:42 - [MESSAGE][PASSED] - Delayed 3 second(s)

2022-12-21 14:11:42 - [TEST_STEP][PASSED] - code = getText(findTestObject("Object Repository/06-Teams/For 2FA/2FA code")): Text of object 'Object Repository/06-Teams/For 2FA/2FA code' is: '122860'

2022-12-21 14:11:45 - [MESSAGE][PASSED] - Text of object 'Object Repository/06-Teams/For 2FA/2FA code' is: '122860'

2022-12-21 14:11:45 - [TEST_STEP][PASSED] - delay(3): Delayed 3 second(s)

2022-12-21 14:11:48 - [MESSAGE][PASSED] - Delayed 3 second(s)

2022-12-21 14:11:48 - [TEST_STEP][PASSED] - closeWindowTitle("Mailinator"): Window with title: 'Mailinator' is closed

2022-12-21 14:11:48 - [MESSAGE][PASSED] - Window with title: 'Mailinator' is closed

2022-12-21 14:11:48 - [TEST_STEP][PASSED] - delay(3): Delayed 3 second(s)

2022-12-21 14:11:51 - [MESSAGE][PASSED] - Delayed 3 second(s)

2022-12-21 14:11:51 - [TEST_STEP][PASSED] - switchToWindowIndex(0): Switched to window with index: '0'

2022-12-21 14:11:51 - [MESSAGE][PASSED] - Switched to window with index: '0'

2022-12-21 14:11:51 - [TEST_STEP][PASSED] - delay(3): Delayed 3 second(s)

2022-12-21 14:11:55 - [MESSAGE][PASSED] - Delayed 3 second(s)

2022-12-21 14:11:55 - [TEST_STEP][PASSED] - setText(findTestObject("Object Repository/06-Teams/For 2FA/input_Enter verification code_code"), code): Text '122860' is set on object 'Object Repository/06-Teams/For 2FA/input_Enter verification code_code'

2022-12-21 14:11:56 - [MESSAGE][PASSED] - Text '122860' is set on object 'Object Repository/06-Teams/For 2FA/input_Enter verification code_code'

2022-12-21 14:11:56 - [TEST_STEP][PASSED] - delay(3): Delayed 3 second(s)

2022-12-21 14:11:59 - [MESSAGE][PASSED] - Delayed 3 second(s)

2022-12-21 14:11:59 - [TEST_STEP][PASSED] - click(findTestObject("06-Teams/For 2FA/button_Verify_2FA")): Object: 'Object Repository/06-Teams/For 2FA/button_Verify_2FA' is clicked on

2022-12-21 14:12:02 - [MESSAGE][PASSED] - Object: 'Object Repository/06-Teams/For 2FA/button_Verify_2FA' is clicked on

2022-12-21 14:12:02 - [TEST_STEP][PASSED] - delay(5): Delayed 5 second(s)

2022-12-21 14:12:07 - [MESSAGE][PASSED] - Delayed 5 second(s)

2022-12-21 14:12:07 - [TEST_STEP][PASSED] - click(findTestObject("06-Teams/button_doublearrow")): Object: 'Object Repository/06-Teams/button_doublearrow' is clicked on

2022-12-21 14:12:14 - [MESSAGE][PASSED] - Object: 'Object Repository/06-Teams/button_doublearrow' is clicked on

2022-12-21 14:12:14 - [TEST_STEP][PASSED] - click(findTestObject("06-Teams/button_My Organizations")): Object: 'Object Repository/06-Teams/button_My Organizations' is clicked on

2022-12-21 14:12:17 - [MESSAGE][PASSED] - Object: 'Object Repository/06-Teams/button_My Organizations' is clicked on

2022-12-21 14:12:17 - [TEST_STEP][PASSED] - click(findTestObject("06-Teams/button_GG Automation")): Object: 'Object Repository/06-Teams/button_GG Automation' is clicked on

2022-12-21 14:12:18 - [MESSAGE][PASSED] - Object: 'Object Repository/06-Teams/button_GG Automation' is clicked on

2022-12-21 14:12:18 - [TEST_STEP][PASSED] - delay(4): Delayed 4 second(s)

2022-12-21 14:12:22 - [MESSAGE][PASSED] - Delayed 4 second(s)

2022-12-21 14:12:22 - [TEST_STEP][PASSED] - verifyElementVisible(findTestObject("06-Teams/span_GG Automation")): Object 'Object Repository/06-Teams/span_GG Automation' is visible

2022-12-21 14:12:23 - [MESSAGE][PASSED] - Object 'Object Repository/06-Teams/span_GG Automation' is visible

2022-12-21 14:12:23 - [TEST_STEP][PASSED] - delay(5): Delayed 5 second(s)

2022-12-21 14:12:28 - [MESSAGE][PASSED] - Delayed 5 second(s)

2022-12-21 14:12:28 - [TEST_STEP][PASSED] - click(findTestObject("03-Header Menu/Hamburger Button/div_Settings")): Object: 'Object Repository/03-Header Menu/Hamburger Button/div_Settings' is clicked on

2022-12-21 14:12:30 - [MESSAGE][PASSED] - Object: 'Object Repository/03-Header Menu/Hamburger Button/div_Settings' is clicked on

2022-12-21 14:12:30 - [TEST_STEP][PASSED] - delay(3): Delayed 3 second(s)

2022-12-21 14:12:33 - [MESSAGE][PASSED] - Delayed 3 second(s)

2022-12-21 14:12:33 - [TEST_STEP][PASSED] - scrollToElement(findTestObject("09-Settings/Users/div_Users"), 0): Scroll to object 'Object Repository/09-Settings/Users/div_Users' successfully

2022-12-21 14:12:34 - [MESSAGE][WARNING] - Timeout '0' is invalid. Using default page load timeout: '30'

2022-12-21 14:12:35 - [MESSAGE][PASSED] - Scroll to object 'Object Repository/09-Settings/Users/div_Users' successfully

2022-12-21 14:12:35 - [TEST_STEP][PASSED] - click(findTestObject("09-Settings/Users/div_Users")): Object: 'Object Repository/09-Settings/Users/div_Users' is clicked on

2022-12-21 14:12:38 - [MESSAGE][PASSED] - Object: 'Object Repository/09-Settings/Users/div_Users' is clicked on

2022-12-21 14:12:38 - [TEST_STEP][PASSED] - delay(3): Delayed 3 second(s)

2022-12-21 14:12:41 - [MESSAGE][PASSED] - Delayed 3 second(s)

2022-12-21 14:12:41 - [TEST_STEP][PASSED] - click(findTestObject("09-Settings/Users/button_add")): Object: 'Object Repository/09-Settings/Users/button_add' is clicked on

2022-12-21 14:12:43 - [MESSAGE][PASSED] - Object: 'Object Repository/09-Settings/Users/button_add' is clicked on

2022-12-21 14:12:43 - [TEST_STEP][PASSED] - delay(3): Delayed 3 second(s)

2022-12-21 14:12:46 - [MESSAGE][PASSED] - Delayed 3 second(s)

2022-12-21 14:12:46 - [TEST_STEP][PASSED] - click(findTestObject("09-Settings/Users/add Invite a single user")): Object: 'Object Repository/09-Settings/Users/add Invite a single user' is clicked on

2022-12-21 14:12:49 - [MESSAGE][PASSED] - Object: 'Object Repository/09-Settings/Users/add Invite a single user' is clicked on

2022-12-21 14:12:49 - [TEST_STEP][PASSED] - delay(3): Delayed 3 second(s)

2022-12-21 14:12:52 - [MESSAGE][PASSED] - Delayed 3 second(s)

2022-12-21 14:12:52 - [TEST_STEP][PASSED] - setText(findTestObject("09-Settings/Users/input_email"), "autotester10@mailinator.com"): Text 'autotester10@mailinator.com' is set on object 'Object Repository/09-Settings/Users/input_email'

2022-12-21 14:12:58 - [MESSAGE][PASSED] - Text 'autotester10@mailinator.com' is set on object 'Object Repository/09-Settings/Users/input_email'

2022-12-21 14:12:58 - [TEST_STEP][PASSED] - setText(findTestObject("09-Settings/Users/input_firstName"), "GG"): Text 'GG' is set on object 'Object Repository/09-Settings/Users/input_firstName'

2022-12-21 14:13:01 - [MESSAGE][PASSED] - Text 'GG' is set on object 'Object Repository/09-Settings/Users/input_firstName'

2022-12-21 14:13:01 - [TEST_STEP][PASSED] - setText(findTestObject("09-Settings/Users/input_lastName"), "Partner"): Text 'Partner' is set on object 'Object Repository/09-Settings/Users/input_lastName'

2022-12-21 14:13:05 - [MESSAGE][PASSED] - Text 'Partner' is set on object 'Object Repository/09-Settings/Users/input_lastName'

2022-12-21 14:13:05 - [TEST_STEP][PASSED] - click(findTestObject("09-Settings/Users/span_Role")): Object: 'Object Repository/09-Settings/Users/span_Role' is clicked on

2022-12-21 14:13:08 - [MESSAGE][PASSED] - Object: 'Object Repository/09-Settings/Users/span_Role' is clicked on

2022-12-21 14:13:08 - [TEST_STEP][PASSED] - click(findTestObject("09-Settings/Users/span_Partner")): Object: 'Object Repository/09-Settings/Users/span_Partner' is clicked on

2022-12-21 14:13:12 - [MESSAGE][PASSED] - Object: 'Object Repository/09-Settings/Users/span_Partner' is clicked on

2022-12-21 14:13:12 - [TEST_STEP][PASSED] - click(findTestObject("09-Settings/Users/button_Send Invitation")): Object: 'Object Repository/09-Settings/Users/button_Send Invitation' is clicked on

2022-12-21 14:13:14 - [MESSAGE][PASSED] - Object: 'Object Repository/09-Settings/Users/button_Send Invitation' is clicked on

2022-12-21 14:13:14 - [TEST_STEP][PASSED] - delay(2): Delayed 2 second(s)

2022-12-21 14:13:16 - [MESSAGE][PASSED] - Delayed 2 second(s)

2022-12-21 14:13:16 - [TEST_STEP][PASSED] - verifyElementVisible(findTestObject("07-Directory/Connections/zContact Profile/Successfully invited user")): Object 'Object Repository/07-Directory/Connections/zContact Profile/Successfully invited user' is visible

2022-12-21 14:13:22 - [MESSAGE][PASSED] - Object 'Object Repository/07-Directory/Connections/zContact Profile/Successfully invited user' is visible

2022-12-21 14:13:22 - [TEST_STEP][PASSED] - delay(2): Delayed 2 second(s)

2022-12-21 14:13:24 - [MESSAGE][PASSED] - Delayed 2 second(s)

2022-12-21 14:13:24 - [TEST_STEP][PASSED] - click(findTestObject("01-Login and Forgot Password/User menu drop")): Object: 'Object Repository/01-Login and Forgot Password/User menu drop' is clicked on

2022-12-21 14:13:25 - [MESSAGE][PASSED] - Object: 'Object Repository/01-Login and Forgot Password/User menu drop' is clicked on

2022-12-21 14:13:25 - [TEST_STEP][PASSED] - delay(2): Delayed 2 second(s)

2022-12-21 14:13:27 - [MESSAGE][PASSED] - Delayed 2 second(s)

2022-12-21 14:13:27 - [TEST_STEP][PASSED] - click(findTestObject("01-Login and Forgot Password/h4_Sign Out"), STOP_ON_FAILURE): Object: 'Object Repository/01-Login and Forgot Password/h4_Sign Out' is clicked on

2022-12-21 14:13:29 - [MESSAGE][PASSED] - Object: 'Object Repository/01-Login and Forgot Password/h4_Sign Out' is clicked on

2022-12-21 14:13:29 - [TEST_STEP][PASSED] - delay(2): Delayed 2 second(s)

2022-12-21 14:13:31 - [MESSAGE][PASSED] - Delayed 2 second(s)

2022-12-21 14:13:31 - [TEST_STEP][PASSED] - verifyElementPresent(findTestObject("01-Login and Forgot Password/Login_Card"), 0): Object 'Object Repository/01-Login and Forgot Password/Login_Card' is present

2022-12-21 14:13:32 - [MESSAGE][WARNING] - Timeout '0' is invalid. Using default page load timeout: '30'

2022-12-21 14:13:34 - [MESSAGE][PASSED] - Object 'Object Repository/01-Login and Forgot Password/Login_Card' is present

2022-12-21 14:13:34 - [TEST_STEP][PASSED] - delay(3): Delayed 3 second(s)

2022-12-21 14:13:37 - [MESSAGE][PASSED] - Delayed 3 second(s)

2022-12-21 14:13:37 - [TEST_STEP][PASSED] - closeBrowser(): Browser is closed

2022-12-21 14:13:42 - [MESSAGE][PASSED] - Browser is closed

2022-12-21 14:13:42 - [TEST_STEP][PASSED] - openBrowser(""): Browser is opened with url: ''

2022-12-21 14:13:42 - [MESSAGE][INFO] - Starting 'Chrome' driver

2022-12-21 14:13:42 - [MESSAGE][INFO] - Action delay is set to 0 milliseconds

2022-12-21 14:13:48 - [MESSAGE][PASSED] - Browser is opened with url: ''

2022-12-21 14:13:48 - [TEST_STEP][PASSED] - navigateToUrl("https://lab.everleagues.com/"): Navigate to 'https://lab.everleagues.com/' successfully

2022-12-21 14:18:11 - [MESSAGE][PASSED] - Navigate to 'https://lab.everleagues.com/' successfully

2022-12-21 14:18:11 - [TEST_STEP][PASSED] - maximizeWindow(): Current window maximized

2022-12-21 14:18:11 - [MESSAGE][PASSED] - Current window maximized

2022-12-21 14:18:11 - [TEST_STEP][PASSED] - setText(findTestObject("02-Side Icons(Organization)/Add Contact/Email Field"), "autotester10@mailinator.com"): Text 'autotester10@mailinator.com' is set on object 'Object Repository/02-Side Icons(Organization)/Add Contact/Email Field'

2022-12-21 14:18:15 - [MESSAGE][PASSED] - Text 'autotester10@mailinator.com' is set on object 'Object Repository/02-Side Icons(Organization)/Add Contact/Email Field'

2022-12-21 14:18:15 - [TEST_STEP][PASSED] - setEncryptedText(findTestObject("02-Side Icons(Organization)/Add Contact/Password Field"), "8yFRyszE6U6jvsCn51OQbg=="): Text ****** has been set on object 'Object Repository/02-Side Icons(Organization)/Add Contact/Password Field'

2022-12-21 14:18:17 - [MESSAGE][PASSED] - Text ****** has been set on object 'Object Repository/02-Side Icons(Organization)/Add Contact/Password Field'

2022-12-21 14:18:17 - [TEST_STEP][PASSED] - click(findTestObject("02-Side Icons(Organization)/Add Contact/button_Sign in")): Object: 'Object Repository/02-Side Icons(Organization)/Add Contact/button_Sign in' is clicked on

2022-12-21 14:18:19 - [MESSAGE][PASSED] - Object: 'Object Repository/02-Side Icons(Organization)/Add Contact/button_Sign in' is clicked on

2022-12-21 14:18:19 - [TEST_STEP][PASSED] - delay(2): Delayed 2 second(s)

2022-12-21 14:18:21 - [MESSAGE][PASSED] - Delayed 2 second(s)

2022-12-21 14:18:21 - [TEST_STEP][PASSED] - click(findTestObject("06-Teams/For 2FA/button_Confirm_2FA")): Object: 'Object Repository/06-Teams/For 2FA/button_Confirm_2FA' is clicked on

2022-12-21 14:18:23 - [MESSAGE][PASSED] - Object: 'Object Repository/06-Teams/For 2FA/button_Confirm_2FA' is clicked on

2022-12-21 14:18:23 - [TEST_STEP][PASSED] - executeJavaScript("window.open();", []): Execute JavaScript 'window.open();' successfully

2022-12-21 14:18:24 - [MESSAGE][PASSED] - Execute JavaScript 'window.open();' successfully

2022-12-21 14:18:24 - [TEST_STEP][PASSED] - currentWindow = getWindowIndex(): Current window's index is: 0

2022-12-21 14:18:24 - [MESSAGE][PASSED] - Current window's index is: 0

2022-12-21 14:18:24 - [TEST_STEP][PASSED] - delay(3): Delayed 3 second(s)

2022-12-21 14:18:27 - [MESSAGE][PASSED] - Delayed 3 second(s)

2022-12-21 14:18:27 - [TEST_STEP][PASSED] - switchToWindowIndex(currentWindow + 1): Switched to window with index: '1'

2022-12-21 14:18:27 - [MESSAGE][PASSED] - Switched to window with index: '1'

2022-12-21 14:18:27 - [TEST_STEP][PASSED] - navigateToUrl("https://www.mailinator.com/"): Navigate to 'https://www.mailinator.com/' successfully

2022-12-21 14:18:39 - [MESSAGE][PASSED] - Navigate to 'https://www.mailinator.com/' successfully

2022-12-21 14:18:39 - [TEST_STEP][PASSED] - delay(3): Delayed 3 second(s)

2022-12-21 14:18:42 - [MESSAGE][PASSED] - Delayed 3 second(s)

2022-12-21 14:18:42 - [TEST_STEP][PASSED] - setText(findTestObject("00-Signup and Activation/zMailinator/input_LOGIN_search"), "autotester10@mailinator.com"): Text 'autotester10@mailinator.com' is set on object 'Object Repository/00-Signup and Activation/zMailinator/input_LOGIN_search'

2022-12-21 14:18:45 - [MESSAGE][PASSED] - Text 'autotester10@mailinator.com' is set on object 'Object Repository/00-Signup and Activation/zMailinator/input_LOGIN_search'

2022-12-21 14:18:45 - [TEST_STEP][PASSED] - click(findTestObject("00-Signup and Activation/zMailinator/gobutton"), STOP_ON_FAILURE): Object: 'Object Repository/00-Signup and Activation/zMailinator/gobutton' is clicked on

2022-12-21 14:18:49 - [MESSAGE][PASSED] - Object: 'Object Repository/00-Signup and Activation/zMailinator/gobutton' is clicked on

2022-12-21 14:18:49 - [TEST_STEP][PASSED] - delay(3): Delayed 3 second(s)

2022-12-21 14:18:52 - [MESSAGE][PASSED] - Delayed 3 second(s)

2022-12-21 14:18:52 - [TEST_STEP][PASSED] - click(findTestObject("00-Signup and Activation/zMailinator/Email - everleagues")): Object: 'Object Repository/00-Signup and Activation/zMailinator/Email - everleagues' is clicked on

2022-12-21 14:18:53 - [MESSAGE][PASSED] - Object: 'Object Repository/00-Signup and Activation/zMailinator/Email - everleagues' is clicked on

2022-12-21 14:18:53 - [TEST_STEP][PASSED] - delay(3): Delayed 3 second(s)

2022-12-21 14:18:56 - [MESSAGE][PASSED] - Delayed 3 second(s)

2022-12-21 14:18:56 - [TEST_STEP][PASSED] - codetwo = getText(findTestObject("Object Repository/06-Teams/For 2FA/2FA code")): Text of object 'Object Repository/06-Teams/For 2FA/2FA code' is: '823209'

2022-12-21 14:18:57 - [MESSAGE][PASSED] - Text of object 'Object Repository/06-Teams/For 2FA/2FA code' is: '823209'

2022-12-21 14:18:57 - [TEST_STEP][PASSED] - delay(3): Delayed 3 second(s)

2022-12-21 14:19:00 - [MESSAGE][PASSED] - Delayed 3 second(s)

2022-12-21 14:19:00 - [TEST_STEP][PASSED] - closeWindowTitle("Mailinator"): Window with title: 'Mailinator' is closed

2022-12-21 14:19:01 - [MESSAGE][PASSED] - Window with title: 'Mailinator' is closed

2022-12-21 14:19:01 - [TEST_STEP][PASSED] - delay(3): Delayed 3 second(s)

2022-12-21 14:19:04 - [MESSAGE][PASSED] - Delayed 3 second(s)

2022-12-21 14:19:04 - [TEST_STEP][PASSED] - switchToWindowIndex(0): Switched to window with index: '0'

2022-12-21 14:19:04 - [MESSAGE][PASSED] - Switched to window with index: '0'

2022-12-21 14:19:04 - [TEST_STEP][PASSED] - delay(3): Delayed 3 second(s)

2022-12-21 14:19:07 - [MESSAGE][PASSED] - Delayed 3 second(s)

2022-12-21 14:19:07 - [TEST_STEP][PASSED] - setText(findTestObject("Object Repository/06-Teams/For 2FA/input_Enter verification code_code"), codetwo): Text '823209' is set on object 'Object Repository/06-Teams/For 2FA/input_Enter verification code_code'

2022-12-21 14:19:09 - [MESSAGE][PASSED] - Text '823209' is set on object 'Object Repository/06-Teams/For 2FA/input_Enter verification code_code'

2022-12-21 14:19:09 - [TEST_STEP][PASSED] - delay(3): Delayed 3 second(s)

2022-12-21 14:19:12 - [MESSAGE][PASSED] - Delayed 3 second(s)

2022-12-21 14:19:12 - [TEST_STEP][PASSED] - click(findTestObject("06-Teams/For 2FA/button_Verify_2FA")): Object: 'Object Repository/06-Teams/For 2FA/button_Verify_2FA' is clicked on

2022-12-21 14:19:13 - [MESSAGE][PASSED] - Object: 'Object Repository/06-Teams/For 2FA/button_Verify_2FA' is clicked on

2022-12-21 14:19:13 - [TEST_STEP][PASSED] - delay(5): Delayed 5 second(s)

2022-12-21 14:19:18 - [MESSAGE][PASSED] - Delayed 5 second(s)

2022-12-21 14:19:18 - [TEST_STEP][PASSED] - executeJavaScript("window.open();", []): Execute JavaScript 'window.open();' successfully

2022-12-21 14:19:19 - [MESSAGE][PASSED] - Execute JavaScript 'window.open();' successfully

2022-12-21 14:19:19 - [TEST_STEP][PASSED] - currentWindow = getWindowIndex(): Current window's index is: 0

2022-12-21 14:19:19 - [MESSAGE][PASSED] - Current window's index is: 0

2022-12-21 14:19:19 - [TEST_STEP][PASSED] - delay(3): Delayed 3 second(s)

2022-12-21 14:19:22 - [MESSAGE][PASSED] - Delayed 3 second(s)

2022-12-21 14:19:22 - [TEST_STEP][PASSED] - switchToWindowIndex(currentWindow + 1): Switched to window with index: '1'

2022-12-21 14:19:22 - [MESSAGE][PASSED] - Switched to window with index: '1'

2022-12-21 14:19:22 - [TEST_STEP][PASSED] - navigateToUrl("https://www.mailinator.com/"): Navigate to 'https://www.mailinator.com/' successfully

2022-12-21 14:19:30 - [MESSAGE][PASSED] - Navigate to 'https://www.mailinator.com/' successfully

2022-12-21 14:19:30 - [TEST_STEP][PASSED] - delay(3): Delayed 3 second(s)

2022-12-21 14:19:33 - [MESSAGE][PASSED] - Delayed 3 second(s)

2022-12-21 14:19:33 - [TEST_STEP][PASSED] - setText(findTestObject("00-Signup and Activation/zMailinator/input_LOGIN_search"), "autotester10@mailinator.com"): Text 'autotester10@mailinator.com' is set on object 'Object Repository/00-Signup and Activation/zMailinator/input_LOGIN_search'

2022-12-21 14:19:34 - [MESSAGE][PASSED] - Text 'autotester10@mailinator.com' is set on object 'Object Repository/00-Signup and Activation/zMailinator/input_LOGIN_search'

2022-12-21 14:19:34 - [TEST_STEP][PASSED] - click(findTestObject("00-Signup and Activation/zMailinator/gobutton"), STOP_ON_FAILURE): Object: 'Object Repository/00-Signup and Activation/zMailinator/gobutton' is clicked on

2022-12-21 14:19:37 - [MESSAGE][PASSED] - Object: 'Object Repository/00-Signup and Activation/zMailinator/gobutton' is clicked on

2022-12-21 14:19:37 - [TEST_STEP][PASSED] - delay(3): Delayed 3 second(s)

2022-12-21 14:19:40 - [MESSAGE][PASSED] - Delayed 3 second(s)

2022-12-21 14:19:40 - [TEST_STEP][PASSED] - closeWindowTitle("Everleagues"): Window with title: 'Everleagues' is closed

2022-12-21 14:19:41 - [MESSAGE][PASSED] - Window with title: 'Everleagues' is closed

2022-12-21 14:19:41 - [TEST_STEP][PASSED] - switchToWindowIndex(0): Switched to window with index: '0'

2022-12-21 14:19:41 - [MESSAGE][PASSED] - Switched to window with index: '0'

2022-12-21 14:19:41 - [TEST_STEP][PASSED] - click(findTestObject("09-Settings/Users/Co worker/td_Invitation from GG Automation")): Object: 'Object Repository/09-Settings/Users/Co worker/td_Invitation from GG Automation' is clicked on

2022-12-21 14:19:42 - [MESSAGE][PASSED] - Object: 'Object Repository/09-Settings/Users/Co worker/td_Invitation from GG Automation' is clicked on

2022-12-21 14:19:42 - [TEST_STEP][PASSED] - click(findTestObject("09-Settings/Users/Co worker/a_Click here to join GG Automation on EverLeagues")): Object: 'Object Repository/09-Settings/Users/Co worker/a_Click here to join GG Automation on EverLeagues' is clicked on

2022-12-21 14:19:44 - [MESSAGE][PASSED] - Object: 'Object Repository/09-Settings/Users/Co worker/a_Click here to join GG Automation on EverLeagues' is clicked on

2022-12-21 14:19:44 - [TEST_STEP][PASSED] - closeWindowTitle("Mailinator"): Window with title: 'Mailinator' is closed

2022-12-21 14:19:44 - [MESSAGE][PASSED] - Window with title: 'Mailinator' is closed

2022-12-21 14:19:44 - [TEST_STEP][PASSED] - switchToWindowIndex(0): Switched to window with index: '0'

2022-12-21 14:19:44 - [MESSAGE][PASSED] - Switched to window with index: '0'

2022-12-21 14:19:44 - [TEST_STEP][PASSED] - verifyElementVisible(findTestObject("09-Settings/Users/Client/Invite modal")): Object 'Object Repository/09-Settings/Users/Client/Invite modal' is visible

2022-12-21 14:20:11 - [MESSAGE][PASSED] - Object 'Object Repository/09-Settings/Users/Client/Invite modal' is visible

2022-12-21 14:20:11 - [TEST_STEP][PASSED] - setText(findTestObject("09-Settings/Users/Client/Company field"), "QA Company"): Text 'QA Company' is set on object 'Object Repository/09-Settings/Users/Client/Company field'

2022-12-21 14:20:13 - [MESSAGE][PASSED] - Text 'QA Company' is set on object 'Object Repository/09-Settings/Users/Client/Company field'

2022-12-21 14:20:13 - [TEST_STEP][PASSED] - click(findTestObject("09-Settings/Users/Client/button_Accept")): Object: 'Object Repository/09-Settings/Users/Client/button_Accept' is clicked on

2022-12-21 14:20:14 - [MESSAGE][PASSED] - Object: 'Object Repository/09-Settings/Users/Client/button_Accept' is clicked on

2022-12-21 14:20:14 - [TEST_STEP][PASSED] - delay(5): Delayed 5 second(s)

2022-12-21 14:20:19 - [MESSAGE][PASSED] - Delayed 5 second(s)

2022-12-21 14:20:19 - [TEST_STEP][PASSED] - verifyElementVisible(findTestObject("09-Settings/Users/div_Joined as Partner")): Object 'Object Repository/09-Settings/Users/div_Joined as Partner' is visible

2022-12-21 14:20:25 - [MESSAGE][PASSED] - Object 'Object Repository/09-Settings/Users/div_Joined as Partner' is visible

2022-12-21 14:20:25 - [TEST_STEP][PASSED] - delay(3): Delayed 3 second(s)

2022-12-21 14:20:28 - [MESSAGE][PASSED] - Delayed 3 second(s)

2022-12-21 14:20:28 - [TEST_STEP][PASSED] - closeBrowser(): Browser is closed

2022-12-21 14:20:29 - [MESSAGE][PASSED] - Browser is closed]]></system-out>
         <system-err><![CDATA[]]></system-err>
      </testcase>
      <testcase name="Test Cases/09-Settings/05 - Users (Invite batch of users via CSV file)" time="186.018" classname="Test Cases/09-Settings/05 - Users (Invite batch of users via CSV file)" status="PASSED">
         <system-out><![CDATA[2022-12-21 14:20:29 - [TEST_CASE][PASSED] - Test Cases/09-Settings/05 - Users (Invite batch of users via CSV file): Test Cases/09-Settings/05 - Users (Invite batch of users via CSV file)

2022-12-21 14:20:32 - [TEST_STEP][PASSED] - openBrowser(""): Browser is opened with url: ''

2022-12-21 14:20:32 - [MESSAGE][INFO] - Starting 'Chrome' driver

2022-12-21 14:20:32 - [MESSAGE][INFO] - Action delay is set to 0 milliseconds

2022-12-21 14:20:36 - [MESSAGE][PASSED] - Browser is opened with url: ''

2022-12-21 14:20:36 - [TEST_STEP][PASSED] - navigateToUrl("https://lab.everleagues.com/"): Navigate to 'https://lab.everleagues.com/' successfully

2022-12-21 14:21:16 - [MESSAGE][PASSED] - Navigate to 'https://lab.everleagues.com/' successfully

2022-12-21 14:21:16 - [TEST_STEP][PASSED] - maximizeWindow(): Current window maximized

2022-12-21 14:21:16 - [MESSAGE][PASSED] - Current window maximized

2022-12-21 14:21:16 - [TEST_STEP][PASSED] - setText(findTestObject("02-Side Icons(Organization)/Add Contact/Email Field"), "testuser02@mailinator.com"): Text 'testuser02@mailinator.com' is set on object 'Object Repository/02-Side Icons(Organization)/Add Contact/Email Field'

2022-12-21 14:21:18 - [MESSAGE][PASSED] - Text 'testuser02@mailinator.com' is set on object 'Object Repository/02-Side Icons(Organization)/Add Contact/Email Field'

2022-12-21 14:21:18 - [TEST_STEP][PASSED] - setEncryptedText(findTestObject("02-Side Icons(Organization)/Add Contact/Password Field"), "8yFRyszE6U6jvsCn51OQbg=="): Text ****** has been set on object 'Object Repository/02-Side Icons(Organization)/Add Contact/Password Field'

2022-12-21 14:21:20 - [MESSAGE][PASSED] - Text ****** has been set on object 'Object Repository/02-Side Icons(Organization)/Add Contact/Password Field'

2022-12-21 14:21:20 - [TEST_STEP][PASSED] - click(findTestObject("02-Side Icons(Organization)/Add Contact/button_Sign in")): Object: 'Object Repository/02-Side Icons(Organization)/Add Contact/button_Sign in' is clicked on

2022-12-21 14:21:21 - [MESSAGE][PASSED] - Object: 'Object Repository/02-Side Icons(Organization)/Add Contact/button_Sign in' is clicked on

2022-12-21 14:21:21 - [TEST_STEP][PASSED] - delay(2): Delayed 2 second(s)

2022-12-21 14:21:23 - [MESSAGE][PASSED] - Delayed 2 second(s)

2022-12-21 14:21:23 - [TEST_STEP][PASSED] - click(findTestObject("06-Teams/For 2FA/button_Confirm_2FA")): Object: 'Object Repository/06-Teams/For 2FA/button_Confirm_2FA' is clicked on

2022-12-21 14:21:24 - [MESSAGE][PASSED] - Object: 'Object Repository/06-Teams/For 2FA/button_Confirm_2FA' is clicked on

2022-12-21 14:21:24 - [TEST_STEP][PASSED] - executeJavaScript("window.open();", []): Execute JavaScript 'window.open();' successfully

2022-12-21 14:21:24 - [MESSAGE][PASSED] - Execute JavaScript 'window.open();' successfully

2022-12-21 14:21:24 - [TEST_STEP][PASSED] - currentWindow = getWindowIndex(): Current window's index is: 0

2022-12-21 14:21:24 - [MESSAGE][PASSED] - Current window's index is: 0

2022-12-21 14:21:24 - [TEST_STEP][PASSED] - delay(3): Delayed 3 second(s)

2022-12-21 14:21:28 - [MESSAGE][PASSED] - Delayed 3 second(s)

2022-12-21 14:21:28 - [TEST_STEP][PASSED] - switchToWindowIndex(currentWindow + 1): Switched to window with index: '1'

2022-12-21 14:21:28 - [MESSAGE][PASSED] - Switched to window with index: '1'

2022-12-21 14:21:28 - [TEST_STEP][PASSED] - navigateToUrl("https://www.mailinator.com/"): Navigate to 'https://www.mailinator.com/' successfully

2022-12-21 14:21:38 - [MESSAGE][PASSED] - Navigate to 'https://www.mailinator.com/' successfully

2022-12-21 14:21:38 - [TEST_STEP][PASSED] - delay(3): Delayed 3 second(s)

2022-12-21 14:21:41 - [MESSAGE][PASSED] - Delayed 3 second(s)

2022-12-21 14:21:41 - [TEST_STEP][PASSED] - setText(findTestObject("00-Signup and Activation/zMailinator/input_LOGIN_search"), "testuser02@mailinator.com"): Text 'testuser02@mailinator.com' is set on object 'Object Repository/00-Signup and Activation/zMailinator/input_LOGIN_search'

2022-12-21 14:21:44 - [MESSAGE][PASSED] - Text 'testuser02@mailinator.com' is set on object 'Object Repository/00-Signup and Activation/zMailinator/input_LOGIN_search'

2022-12-21 14:21:44 - [TEST_STEP][PASSED] - click(findTestObject("00-Signup and Activation/zMailinator/gobutton"), STOP_ON_FAILURE): Object: 'Object Repository/00-Signup and Activation/zMailinator/gobutton' is clicked on

2022-12-21 14:21:50 - [MESSAGE][PASSED] - Object: 'Object Repository/00-Signup and Activation/zMailinator/gobutton' is clicked on

2022-12-21 14:21:50 - [TEST_STEP][PASSED] - delay(3): Delayed 3 second(s)

2022-12-21 14:21:53 - [MESSAGE][PASSED] - Delayed 3 second(s)

2022-12-21 14:21:53 - [TEST_STEP][PASSED] - click(findTestObject("00-Signup and Activation/zMailinator/Email - everleagues")): Object: 'Object Repository/00-Signup and Activation/zMailinator/Email - everleagues' is clicked on

2022-12-21 14:21:55 - [MESSAGE][PASSED] - Object: 'Object Repository/00-Signup and Activation/zMailinator/Email - everleagues' is clicked on

2022-12-21 14:21:55 - [TEST_STEP][PASSED] - delay(3): Delayed 3 second(s)

2022-12-21 14:21:58 - [MESSAGE][PASSED] - Delayed 3 second(s)

2022-12-21 14:21:58 - [TEST_STEP][PASSED] - code = getText(findTestObject("Object Repository/06-Teams/For 2FA/2FA code")): Text of object 'Object Repository/06-Teams/For 2FA/2FA code' is: '282897'

2022-12-21 14:22:00 - [MESSAGE][PASSED] - Text of object 'Object Repository/06-Teams/For 2FA/2FA code' is: '282897'

2022-12-21 14:22:00 - [TEST_STEP][PASSED] - delay(3): Delayed 3 second(s)

2022-12-21 14:22:03 - [MESSAGE][PASSED] - Delayed 3 second(s)

2022-12-21 14:22:03 - [TEST_STEP][PASSED] - closeWindowTitle("Mailinator"): Window with title: 'Mailinator' is closed

2022-12-21 14:22:04 - [MESSAGE][PASSED] - Window with title: 'Mailinator' is closed

2022-12-21 14:22:04 - [TEST_STEP][PASSED] - delay(3): Delayed 3 second(s)

2022-12-21 14:22:07 - [MESSAGE][PASSED] - Delayed 3 second(s)

2022-12-21 14:22:07 - [TEST_STEP][PASSED] - switchToWindowIndex(0): Switched to window with index: '0'

2022-12-21 14:22:07 - [MESSAGE][PASSED] - Switched to window with index: '0'

2022-12-21 14:22:07 - [TEST_STEP][PASSED] - delay(3): Delayed 3 second(s)

2022-12-21 14:22:10 - [MESSAGE][PASSED] - Delayed 3 second(s)

2022-12-21 14:22:10 - [TEST_STEP][PASSED] - setText(findTestObject("Object Repository/06-Teams/For 2FA/input_Enter verification code_code"), code): Text '282897' is set on object 'Object Repository/06-Teams/For 2FA/input_Enter verification code_code'

2022-12-21 14:22:13 - [MESSAGE][PASSED] - Text '282897' is set on object 'Object Repository/06-Teams/For 2FA/input_Enter verification code_code'

2022-12-21 14:22:13 - [TEST_STEP][PASSED] - delay(3): Delayed 3 second(s)

2022-12-21 14:22:16 - [MESSAGE][PASSED] - Delayed 3 second(s)

2022-12-21 14:22:16 - [TEST_STEP][PASSED] - click(findTestObject("06-Teams/For 2FA/button_Verify_2FA")): Object: 'Object Repository/06-Teams/For 2FA/button_Verify_2FA' is clicked on

2022-12-21 14:22:17 - [MESSAGE][PASSED] - Object: 'Object Repository/06-Teams/For 2FA/button_Verify_2FA' is clicked on

2022-12-21 14:22:17 - [TEST_STEP][PASSED] - delay(5): Delayed 5 second(s)

2022-12-21 14:22:22 - [MESSAGE][PASSED] - Delayed 5 second(s)

2022-12-21 14:22:22 - [TEST_STEP][PASSED] - click(findTestObject("06-Teams/button_doublearrow")): Object: 'Object Repository/06-Teams/button_doublearrow' is clicked on

2022-12-21 14:22:25 - [MESSAGE][PASSED] - Object: 'Object Repository/06-Teams/button_doublearrow' is clicked on

2022-12-21 14:22:25 - [TEST_STEP][PASSED] - click(findTestObject("06-Teams/button_My Organizations")): Object: 'Object Repository/06-Teams/button_My Organizations' is clicked on

2022-12-21 14:22:27 - [MESSAGE][PASSED] - Object: 'Object Repository/06-Teams/button_My Organizations' is clicked on

2022-12-21 14:22:27 - [TEST_STEP][PASSED] - click(findTestObject("06-Teams/button_GG Automation")): Object: 'Object Repository/06-Teams/button_GG Automation' is clicked on

2022-12-21 14:22:28 - [MESSAGE][PASSED] - Object: 'Object Repository/06-Teams/button_GG Automation' is clicked on

2022-12-21 14:22:28 - [TEST_STEP][PASSED] - delay(4): Delayed 4 second(s)

2022-12-21 14:22:33 - [MESSAGE][PASSED] - Delayed 4 second(s)

2022-12-21 14:22:33 - [TEST_STEP][PASSED] - verifyElementVisible(findTestObject("06-Teams/span_GG Automation")): Object 'Object Repository/06-Teams/span_GG Automation' is visible

2022-12-21 14:22:33 - [MESSAGE][PASSED] - Object 'Object Repository/06-Teams/span_GG Automation' is visible

2022-12-21 14:22:33 - [TEST_STEP][PASSED] - delay(5): Delayed 5 second(s)

2022-12-21 14:22:38 - [MESSAGE][PASSED] - Delayed 5 second(s)

2022-12-21 14:22:38 - [TEST_STEP][PASSED] - click(findTestObject("03-Header Menu/Hamburger Button/div_Settings")): Object: 'Object Repository/03-Header Menu/Hamburger Button/div_Settings' is clicked on

2022-12-21 14:22:40 - [MESSAGE][PASSED] - Object: 'Object Repository/03-Header Menu/Hamburger Button/div_Settings' is clicked on

2022-12-21 14:22:40 - [TEST_STEP][PASSED] - delay(3): Delayed 3 second(s)

2022-12-21 14:22:43 - [MESSAGE][PASSED] - Delayed 3 second(s)

2022-12-21 14:22:43 - [TEST_STEP][PASSED] - scrollToElement(findTestObject("09-Settings/Users/div_Users"), 0): Scroll to object 'Object Repository/09-Settings/Users/div_Users' successfully

2022-12-21 14:22:43 - [MESSAGE][WARNING] - Timeout '0' is invalid. Using default page load timeout: '30'

2022-12-21 14:22:43 - [MESSAGE][PASSED] - Scroll to object 'Object Repository/09-Settings/Users/div_Users' successfully

2022-12-21 14:22:43 - [TEST_STEP][PASSED] - click(findTestObject("09-Settings/Users/div_Users")): Object: 'Object Repository/09-Settings/Users/div_Users' is clicked on

2022-12-21 14:22:47 - [MESSAGE][PASSED] - Object: 'Object Repository/09-Settings/Users/div_Users' is clicked on

2022-12-21 14:22:47 - [TEST_STEP][PASSED] - delay(3): Delayed 3 second(s)

2022-12-21 14:22:50 - [MESSAGE][PASSED] - Delayed 3 second(s)

2022-12-21 14:22:50 - [TEST_STEP][PASSED] - click(findTestObject("09-Settings/Users/button_add")): Object: 'Object Repository/09-Settings/Users/button_add' is clicked on

2022-12-21 14:22:51 - [MESSAGE][PASSED] - Object: 'Object Repository/09-Settings/Users/button_add' is clicked on

2022-12-21 14:22:51 - [TEST_STEP][PASSED] - delay(3): Delayed 3 second(s)

2022-12-21 14:22:54 - [MESSAGE][PASSED] - Delayed 3 second(s)

2022-12-21 14:22:54 - [TEST_STEP][PASSED] - click(findTestObject("09-Settings/Users/Invite batch of users via CSV file")): Object: 'Object Repository/09-Settings/Users/Invite batch of users via CSV file' is clicked on

2022-12-21 14:22:55 - [MESSAGE][PASSED] - Object: 'Object Repository/09-Settings/Users/Invite batch of users via CSV file' is clicked on

2022-12-21 14:22:55 - [TEST_STEP][PASSED] - verifyElementVisible(findTestObject("09-Settings/Users/CSV Invite/Import CSV File modal")): Object 'Object Repository/09-Settings/Users/CSV Invite/Import CSV File modal' is visible

2022-12-21 14:22:56 - [MESSAGE][PASSED] - Object 'Object Repository/09-Settings/Users/CSV Invite/Import CSV File modal' is visible

2022-12-21 14:22:56 - [TEST_STEP][PASSED] - verifyElementNotClickable(findTestObject("09-Settings/Users/CSV Invite/button_Import")): Object 'Object Repository/09-Settings/Users/CSV Invite/button_Import' is NOT clickable

2022-12-21 14:22:57 - [MESSAGE][PASSED] - Object 'Object Repository/09-Settings/Users/CSV Invite/button_Import' is NOT clickable

2022-12-21 14:22:57 - [TEST_STEP][PASSED] - delay(3): Delayed 3 second(s)

2022-12-21 14:23:00 - [MESSAGE][PASSED] - Delayed 3 second(s)

2022-12-21 14:23:00 - [TEST_STEP][PASSED] - uploadpackage.Upload.uploadFile(findTestObject("Object Repository/09-Settings/Users/CSV Invite/button_Choose File"), "C:\Users\asus\Desktop\EL automation\sample csv.csv"): uploadpackage.Upload.uploadFile is PASSED

2022-12-21 14:23:01 - [MESSAGE][PASSED] - Object: 'Object Repository/09-Settings/Users/CSV Invite/button_Choose File' is clicked on

2022-12-21 14:23:06 - [MESSAGE][PASSED] - uploadpackage.Upload.uploadFile is PASSED

2022-12-21 14:23:06 - [TEST_STEP][PASSED] - delay(3): Delayed 3 second(s)

2022-12-21 14:23:09 - [MESSAGE][PASSED] - Delayed 3 second(s)

2022-12-21 14:23:09 - [TEST_STEP][PASSED] - verifyElementVisible(findTestObject("09-Settings/Users/CSV Invite/div_Sample csv.csv")): Object 'Object Repository/09-Settings/Users/CSV Invite/div_Sample csv.csv' is visible

2022-12-21 14:23:10 - [MESSAGE][PASSED] - Object 'Object Repository/09-Settings/Users/CSV Invite/div_Sample csv.csv' is visible

2022-12-21 14:23:10 - [TEST_STEP][PASSED] - click(findTestObject("09-Settings/Users/CSV Invite/button_Import")): Object: 'Object Repository/09-Settings/Users/CSV Invite/button_Import' is clicked on

2022-12-21 14:23:11 - [MESSAGE][PASSED] - Object: 'Object Repository/09-Settings/Users/CSV Invite/button_Import' is clicked on

2022-12-21 14:23:11 - [TEST_STEP][PASSED] - delay(5): Delayed 5 second(s)

2022-12-21 14:23:16 - [MESSAGE][PASSED] - Delayed 5 second(s)

2022-12-21 14:23:16 - [TEST_STEP][PASSED] - verifyElementVisible(findTestObject("09-Settings/Users/CSV Invite/Success import modal")): Object 'Object Repository/09-Settings/Users/CSV Invite/Success import modal' is visible

2022-12-21 14:23:17 - [MESSAGE][PASSED] - Object 'Object Repository/09-Settings/Users/CSV Invite/Success import modal' is visible

2022-12-21 14:23:17 - [TEST_STEP][PASSED] - click(findTestObject("09-Settings/Users/CSV Invite/button_Close")): Object: 'Object Repository/09-Settings/Users/CSV Invite/button_Close' is clicked on

2022-12-21 14:23:18 - [MESSAGE][PASSED] - Object: 'Object Repository/09-Settings/Users/CSV Invite/button_Close' is clicked on

2022-12-21 14:23:18 - [TEST_STEP][PASSED] - click(findTestObject("09-Settings/Users/CSV Invite/Invited Users tab")): Object: 'Object Repository/09-Settings/Users/CSV Invite/Invited Users tab' is clicked on

2022-12-21 14:23:20 - [MESSAGE][PASSED] - Object: 'Object Repository/09-Settings/Users/CSV Invite/Invited Users tab' is clicked on

2022-12-21 14:23:20 - [TEST_STEP][PASSED] - delay(3): Delayed 3 second(s)

2022-12-21 14:23:23 - [MESSAGE][PASSED] - Delayed 3 second(s)

2022-12-21 14:23:23 - [TEST_STEP][PASSED] - verifyElementVisible(findTestObject("09-Settings/Users/CSV Invite/div_CTCSV test3")): Object 'Object Repository/09-Settings/Users/CSV Invite/div_CTCSV test3' is visible

2022-12-21 14:23:23 - [MESSAGE][PASSED] - Object 'Object Repository/09-Settings/Users/CSV Invite/div_CTCSV test3' is visible

2022-12-21 14:23:23 - [TEST_STEP][PASSED] - verifyElementVisible(findTestObject("09-Settings/Users/CSV Invite/div_autotester08mailinator.com")): Object 'Object Repository/09-Settings/Users/CSV Invite/div_autotester08mailinator.com' is visible

2022-12-21 14:23:24 - [MESSAGE][PASSED] - Object 'Object Repository/09-Settings/Users/CSV Invite/div_autotester08mailinator.com' is visible

2022-12-21 14:23:24 - [TEST_STEP][PASSED] - verifyElementVisible(findTestObject("09-Settings/Users/CSV Invite/div_Partner")): Object 'Object Repository/09-Settings/Users/CSV Invite/div_Partner' is visible

2022-12-21 14:23:25 - [MESSAGE][PASSED] - Object 'Object Repository/09-Settings/Users/CSV Invite/div_Partner' is visible

2022-12-21 14:23:25 - [TEST_STEP][PASSED] - verifyElementVisible(findTestObject("09-Settings/Users/CSV Invite/div_CTCSV test2")): Object 'Object Repository/09-Settings/Users/CSV Invite/div_CTCSV test2' is visible

2022-12-21 14:23:26 - [MESSAGE][PASSED] - Object 'Object Repository/09-Settings/Users/CSV Invite/div_CTCSV test2' is visible

2022-12-21 14:23:26 - [TEST_STEP][PASSED] - verifyElementVisible(findTestObject("09-Settings/Users/CSV Invite/div_autotester07mailinator.com")): Object 'Object Repository/09-Settings/Users/CSV Invite/div_autotester07mailinator.com' is visible

2022-12-21 14:23:26 - [MESSAGE][PASSED] - Object 'Object Repository/09-Settings/Users/CSV Invite/div_autotester07mailinator.com' is visible

2022-12-21 14:23:26 - [TEST_STEP][PASSED] - verifyElementVisible(findTestObject("09-Settings/Users/CSV Invite/div_Client")): Object 'Object Repository/09-Settings/Users/CSV Invite/div_Client' is visible

2022-12-21 14:23:28 - [MESSAGE][PASSED] - Object 'Object Repository/09-Settings/Users/CSV Invite/div_Client' is visible

2022-12-21 14:23:28 - [TEST_STEP][PASSED] - verifyElementVisible(findTestObject("09-Settings/Users/CSV Invite/div_CTCSV test1")): Object 'Object Repository/09-Settings/Users/CSV Invite/div_CTCSV test1' is visible

2022-12-21 14:23:29 - [MESSAGE][PASSED] - Object 'Object Repository/09-Settings/Users/CSV Invite/div_CTCSV test1' is visible

2022-12-21 14:23:29 - [TEST_STEP][PASSED] - verifyElementVisible(findTestObject("09-Settings/Users/CSV Invite/div_autotester06mailinator.com")): Object 'Object Repository/09-Settings/Users/CSV Invite/div_autotester06mailinator.com' is visible

2022-12-21 14:23:30 - [MESSAGE][PASSED] - Object 'Object Repository/09-Settings/Users/CSV Invite/div_autotester06mailinator.com' is visible

2022-12-21 14:23:30 - [TEST_STEP][PASSED] - verifyElementVisible(findTestObject("09-Settings/Users/CSV Invite/div_Coworker")): Object 'Object Repository/09-Settings/Users/CSV Invite/div_Coworker' is visible

2022-12-21 14:23:31 - [MESSAGE][PASSED] - Object 'Object Repository/09-Settings/Users/CSV Invite/div_Coworker' is visible

2022-12-21 14:23:31 - [TEST_STEP][PASSED] - delay(3): Delayed 3 second(s)

2022-12-21 14:23:34 - [MESSAGE][PASSED] - Delayed 3 second(s)

2022-12-21 14:23:34 - [TEST_STEP][PASSED] - closeBrowser(): Browser is closed

2022-12-21 14:23:35 - [MESSAGE][PASSED] - Browser is closed]]></system-out>
         <system-err><![CDATA[]]></system-err>
      </testcase>
      <system-out><![CDATA[2022-12-21 13:50:06 - [TEST_SUITE][PASSED] - 09.1 - Settings (Invite users): Test Cases/09-Settings/05 - Users (Invite batch of users via CSV file)]]></system-out>
      <system-err><![CDATA[]]></system-err>
   </testsuite>
</testsuites>
