<?xml version="1.0" encoding="UTF-8"?>
<testsuites name="05-Chat" time="3887.822" tests="10" failures="1" errors="0">
   <testsuite name="05-Chat" tests="10" failures="1" errors="0" time="3887.822" skipped="0" timestamp="2023-05-22 10:54:30" hostname="Mike - LAPTOP-LF5VTH4H" id="Test Suites/TS-Organization/05-Chat">
      <properties>
         <property name="deviceName" value=""/>
         <property name="devicePlatform" value=""/>
         <property name="logFolder" value="D:\\Users\\Michelle\\Project\\Everleagues\\Reports\\20230522_105423\\TS-Organization\\05-Chat\\20230522_105423"/>
         <property name="logFiles" value="D:\\Users\\Michelle\\Project\\Everleagues\\Reports\\20230522_105423\\TS-Organization\\05-Chat\\20230522_105423\\execution0.log"/>
         <property name="attachments" value="D:\\Users\\Michelle\\Project\\Everleagues\\Reports\\20230522_105423\\TS-Organization\\05-Chat\\20230522_105423\\1684727957037.png, D:\\Users\\Michelle\\Project\\Everleagues\\Reports\\20230522_105423\\TS-Organization\\05-Chat\\20230522_105423\\1684727957680.png"/>
         <property name="hostName" value="Mike - LAPTOP-LF5VTH4H"/>
         <property name="os" value="Windows 10 64bit"/>
         <property name="katalonVersion" value="8.6.0.208"/>
         <property name="browser" value="Chrome 113.0.0.0"/>
         <property name="hostAddress" value="192.168.100.69"/>
         <property name="sessionId" value="1b1157c4ab6e8bcc44d0cab3278a91e2"/>
         <property name="seleniumVersion" value="3.141.59"/>
         <property name="proxyInformation" value="ProxyInformation { proxyOption=NO_PROXY, proxyServerType=HTTP, username=, password=********, proxyServerAddress=, proxyServerPort=0, executionList=&quot;&quot;, isApplyToDesiredCapabilities=true }"/>
         <property name="platform" value="Windows 10"/>
      </properties>
      <testcase name="Test Cases/05- Chat/01-Creating a Chat group" time="589.443" classname="Test Cases/05- Chat/01-Creating a Chat group" status="PASSED">
         <system-out><![CDATA[2023-05-22 10:54:30 - [TEST_CASE][PASSED] - Test Cases/05- Chat/01-Creating a Chat group: Test Cases/05- Chat/01-Creating a Chat group

2023-05-22 10:54:31 - [TEST_STEP][PASSED] - openBrowser(""): Browser is opened with url: ''

2023-05-22 10:54:31 - [MESSAGE][INFO] - Starting 'Chrome' driver

2023-05-22 10:54:32 - [MESSAGE][INFO] - Action delay is set to 0 milliseconds

2023-05-22 10:54:38 - [MESSAGE][PASSED] - Browser is opened with url: ''

2023-05-22 10:54:38 - [TEST_STEP][PASSED] - navigateToUrl(appURL): Navigate to 'https://lab.everleagues.com/' successfully

2023-05-22 10:54:48 - [MESSAGE][PASSED] - Navigate to 'https://lab.everleagues.com/' successfully

2023-05-22 10:54:48 - [TEST_STEP][PASSED] - maximizeWindow(): Current window maximized

2023-05-22 10:54:48 - [MESSAGE][PASSED] - Current window maximized

2023-05-22 10:54:48 - [TEST_STEP][PASSED] - callTestCase(findTestCase("01-Login and Forgot Password/04-Login(Valid Credentials-With Subscription)"), [:], STOP_ON_FAILURE): Call Test Case 'Test Cases/01-Login and Forgot Password/04-Login(Valid Credentials-With Subscription)' successfully

2023-05-22 10:54:49 - [TEST_CASE][PASSED] - Test Cases/01-Login and Forgot Password/04-Login(Valid Credentials-With Subscription): Test Cases/01-Login and Forgot Password/04-Login(Valid Credentials-With Subscription)

2023-05-22 10:54:50 - [TEST_STEP][PASSED] - setText(findTestObject("01-Login and Forgot Password/input_Email_email"), email_with_subscription): Text 'testuser05@mailinator.com' is set on object 'Object Repository/01-Login and Forgot Password/input_Email_email'

2023-05-22 10:54:54 - [MESSAGE][PASSED] - Text 'testuser05@mailinator.com' is set on object 'Object Repository/01-Login and Forgot Password/input_Email_email'

2023-05-22 10:54:54 - [TEST_STEP][PASSED] - setEncryptedText(findTestObject("01-Login and Forgot Password/input_Email_password"), password): Text ****** has been set on object 'Object Repository/01-Login and Forgot Password/input_Email_password'

2023-05-22 10:54:54 - [MESSAGE][PASSED] - Text ****** has been set on object 'Object Repository/01-Login and Forgot Password/input_Email_password'

2023-05-22 10:54:54 - [TEST_STEP][PASSED] - delay(delay_2seconds): Delayed 2 second(s)

2023-05-22 10:54:57 - [MESSAGE][PASSED] - Delayed 2 second(s)

2023-05-22 10:54:57 - [TEST_STEP][PASSED] - click(findTestObject("01-Login and Forgot Password/show pass button")): Object: 'Object Repository/01-Login and Forgot Password/show pass button' is clicked on

2023-05-22 10:54:57 - [MESSAGE][PASSED] - Object: 'Object Repository/01-Login and Forgot Password/show pass button' is clicked on

2023-05-22 10:54:57 - [TEST_STEP][PASSED] - delay(delay_3seconds): Delayed 3 second(s)

2023-05-22 10:55:00 - [MESSAGE][PASSED] - Delayed 3 second(s)

2023-05-22 10:55:00 - [TEST_STEP][PASSED] - click(findTestObject("01-Login and Forgot Password/button_Sign in")): Object: 'Object Repository/01-Login and Forgot Password/button_Sign in' is clicked on

2023-05-22 10:55:01 - [MESSAGE][PASSED] - Object: 'Object Repository/01-Login and Forgot Password/button_Sign in' is clicked on

2023-05-22 10:55:01 - [TEST_STEP][PASSED] - delay(delay_3seconds): Delayed 3 second(s)

2023-05-22 10:55:04 - [MESSAGE][PASSED] - Delayed 3 second(s)

2023-05-22 10:55:04 - [TEST_STEP][PASSED] - click(findTestObject("06-Teams/For 2FA/button_Confirm_2FA")): Object: 'Object Repository/06-Teams/For 2FA/button_Confirm_2FA' is clicked on

2023-05-22 10:55:05 - [MESSAGE][PASSED] - Object: 'Object Repository/06-Teams/For 2FA/button_Confirm_2FA' is clicked on

2023-05-22 10:55:05 - [TEST_STEP][PASSED] - executeJavaScript("window.open();", []): Execute JavaScript 'window.open();' successfully

2023-05-22 10:55:05 - [MESSAGE][PASSED] - Execute JavaScript 'window.open();' successfully

2023-05-22 10:55:05 - [TEST_STEP][PASSED] - currentWindow = getWindowIndex(): Current window's index is: 0

2023-05-22 10:55:05 - [MESSAGE][PASSED] - Current window's index is: 0

2023-05-22 10:55:05 - [TEST_STEP][PASSED] - delay(delay_3seconds): Delayed 3 second(s)

2023-05-22 10:55:08 - [MESSAGE][PASSED] - Delayed 3 second(s)

2023-05-22 10:55:08 - [TEST_STEP][PASSED] - switchToWindowIndex(currentWindow + 1): Switched to window with index: '1'

2023-05-22 10:55:08 - [MESSAGE][PASSED] - Switched to window with index: '1'

2023-05-22 10:55:08 - [TEST_STEP][PASSED] - navigateToUrl(app_mailinator): Navigate to 'https://www.mailinator.com/' successfully

2023-05-22 10:55:14 - [MESSAGE][PASSED] - Navigate to 'https://www.mailinator.com/' successfully

2023-05-22 10:55:14 - [TEST_STEP][PASSED] - delay(delay_3seconds): Delayed 3 second(s)

2023-05-22 10:55:17 - [MESSAGE][PASSED] - Delayed 3 second(s)

2023-05-22 10:55:17 - [TEST_STEP][PASSED] - setText(findTestObject("00-Signup and Activation/zMailinator/input_LOGIN_search"), email_for_searchmailinator_testuser05): Text 'testuser05@mailinator.com' is set on object 'Object Repository/00-Signup and Activation/zMailinator/input_LOGIN_search'

2023-05-22 10:55:18 - [MESSAGE][PASSED] - Text 'testuser05@mailinator.com' is set on object 'Object Repository/00-Signup and Activation/zMailinator/input_LOGIN_search'

2023-05-22 10:55:18 - [TEST_STEP][PASSED] - click(findTestObject("00-Signup and Activation/zMailinator/gobutton"), STOP_ON_FAILURE): Object: 'Object Repository/00-Signup and Activation/zMailinator/gobutton' is clicked on

2023-05-22 10:55:20 - [MESSAGE][PASSED] - Object: 'Object Repository/00-Signup and Activation/zMailinator/gobutton' is clicked on

2023-05-22 10:55:20 - [TEST_STEP][PASSED] - delay(delay_3seconds): Delayed 3 second(s)

2023-05-22 10:55:23 - [MESSAGE][PASSED] - Delayed 3 second(s)

2023-05-22 10:55:23 - [TEST_STEP][PASSED] - click(findTestObject("00-Signup and Activation/zMailinator/Email - everleagues")): Object: 'Object Repository/00-Signup and Activation/zMailinator/Email - everleagues' is clicked on

2023-05-22 10:55:24 - [MESSAGE][PASSED] - Object: 'Object Repository/00-Signup and Activation/zMailinator/Email - everleagues' is clicked on

2023-05-22 10:55:24 - [TEST_STEP][PASSED] - delay(delay_3seconds): Delayed 3 second(s)

2023-05-22 10:55:27 - [MESSAGE][PASSED] - Delayed 3 second(s)

2023-05-22 10:55:27 - [TEST_STEP][PASSED] - code = getText(findTestObject("Object Repository/06-Teams/For 2FA/2FA code")): Text of object 'Object Repository/06-Teams/For 2FA/2FA code' is: '176023'

2023-05-22 10:55:28 - [MESSAGE][PASSED] - Text of object 'Object Repository/06-Teams/For 2FA/2FA code' is: '176023'

2023-05-22 10:55:28 - [TEST_STEP][PASSED] - delay(delay_3seconds): Delayed 3 second(s)

2023-05-22 10:55:31 - [MESSAGE][PASSED] - Delayed 3 second(s)

2023-05-22 10:55:31 - [TEST_STEP][PASSED] - closeWindowTitle("Mailinator"): Window with title: 'Mailinator' is closed

2023-05-22 10:55:31 - [MESSAGE][PASSED] - Window with title: 'Mailinator' is closed

2023-05-22 10:55:31 - [TEST_STEP][PASSED] - delay(delay_3seconds): Delayed 3 second(s)

2023-05-22 10:55:34 - [MESSAGE][PASSED] - Delayed 3 second(s)

2023-05-22 10:55:34 - [TEST_STEP][PASSED] - switchToWindowIndex(0): Switched to window with index: '0'

2023-05-22 10:55:34 - [MESSAGE][PASSED] - Switched to window with index: '0'

2023-05-22 10:55:34 - [TEST_STEP][PASSED] - delay(delay_3seconds): Delayed 3 second(s)

2023-05-22 10:55:37 - [MESSAGE][PASSED] - Delayed 3 second(s)

2023-05-22 10:55:37 - [TEST_STEP][PASSED] - setText(findTestObject("Object Repository/06-Teams/For 2FA/input_Enter verification code_code"), code): Text '176023' is set on object 'Object Repository/06-Teams/For 2FA/input_Enter verification code_code'

2023-05-22 10:55:40 - [MESSAGE][PASSED] - Text '176023' is set on object 'Object Repository/06-Teams/For 2FA/input_Enter verification code_code'

2023-05-22 10:55:40 - [TEST_STEP][PASSED] - delay(delay_3seconds): Delayed 3 second(s)

2023-05-22 10:55:43 - [MESSAGE][PASSED] - Delayed 3 second(s)

2023-05-22 10:55:43 - [TEST_STEP][PASSED] - click(findTestObject("06-Teams/For 2FA/button_Verify_2FA")): Object: 'Object Repository/06-Teams/For 2FA/button_Verify_2FA' is clicked on

2023-05-22 10:55:43 - [MESSAGE][PASSED] - Object: 'Object Repository/06-Teams/For 2FA/button_Verify_2FA' is clicked on

2023-05-22 10:55:43 - [TEST_STEP][PASSED] - delay(delay_3seconds): Delayed 3 second(s)

2023-05-22 10:55:46 - [MESSAGE][PASSED] - Delayed 3 second(s)

2023-05-22 10:55:46 - [MESSAGE][PASSED] - Call Test Case 'Test Cases/01-Login and Forgot Password/04-Login(Valid Credentials-With Subscription)' successfully

2023-05-22 10:55:46 - [TEST_STEP][PASSED] - click(findTestObject("02-Side Icons(Organization)/Add Contact/Side Menu double arrow icon")): Object: 'Object Repository/02-Side Icons(Organization)/Add Contact/Side Menu double arrow icon' is clicked on

2023-05-22 10:55:48 - [MESSAGE][PASSED] - Object: 'Object Repository/02-Side Icons(Organization)/Add Contact/Side Menu double arrow icon' is clicked on

2023-05-22 10:55:48 - [TEST_STEP][PASSED] - delay(delay_2seconds): Delayed 2 second(s)

2023-05-22 10:55:50 - [MESSAGE][PASSED] - Delayed 2 second(s)

2023-05-22 10:55:50 - [TEST_STEP][PASSED] - click(findTestObject("02-Side Icons(Organization)/Add Contact/button_My Organizations")): Object: 'Object Repository/02-Side Icons(Organization)/Add Contact/button_My Organizations' is clicked on

2023-05-22 10:55:50 - [MESSAGE][PASSED] - Object: 'Object Repository/02-Side Icons(Organization)/Add Contact/button_My Organizations' is clicked on

2023-05-22 10:55:50 - [TEST_STEP][PASSED] - delay(delay_2seconds): Delayed 2 second(s)

2023-05-22 10:55:52 - [MESSAGE][PASSED] - Delayed 2 second(s)

2023-05-22 10:55:52 - [TEST_STEP][PASSED] - click(findTestObject("02-Side Icons(Organization)/Add Contact/button_Automation Test Org")): Object: 'Object Repository/02-Side Icons(Organization)/Add Contact/button_Automation Test Org' is clicked on

2023-05-22 10:55:53 - [MESSAGE][PASSED] - Object: 'Object Repository/02-Side Icons(Organization)/Add Contact/button_Automation Test Org' is clicked on

2023-05-22 10:55:53 - [TEST_STEP][PASSED] - delay(delay_2seconds): Delayed 2 second(s)

2023-05-22 10:55:55 - [MESSAGE][PASSED] - Delayed 2 second(s)

2023-05-22 10:55:55 - [TEST_STEP][PASSED] - verifyElementVisible(findTestObject("02-Side Icons(Organization)/Add Contact/span_Automation Test Org")): Object 'Object Repository/02-Side Icons(Organization)/Add Contact/span_Automation Test Org' is visible

2023-05-22 10:55:55 - [MESSAGE][PASSED] - Object 'Object Repository/02-Side Icons(Organization)/Add Contact/span_Automation Test Org' is visible

2023-05-22 10:55:55 - [TEST_STEP][PASSED] - click(findTestObject("05-Chat/01- Creating a Chat group/div_Chat")): Object: 'Object Repository/05-Chat/01- Creating a Chat group/div_Chat' is clicked on

2023-05-22 10:55:57 - [MESSAGE][PASSED] - Object: 'Object Repository/05-Chat/01- Creating a Chat group/div_Chat' is clicked on

2023-05-22 10:55:57 - [TEST_STEP][PASSED] - delay(delay_1second): Delayed 1 second(s)

2023-05-22 10:55:58 - [MESSAGE][PASSED] - Delayed 1 second(s)

2023-05-22 10:55:58 - [TEST_STEP][PASSED] - verifyElementVisible(findTestObject("05-Chat/01- Creating a Chat group/h4_CHAT")): Object 'Object Repository/05-Chat/01- Creating a Chat group/h4_CHAT' is visible

2023-05-22 10:56:29 - [MESSAGE][PASSED] - Object 'Object Repository/05-Chat/01- Creating a Chat group/h4_CHAT' is visible

2023-05-22 10:56:29 - [TEST_STEP][PASSED] - verifyElementVisible(findTestObject("05-Chat/01- Creating a Chat group/div_No chat available")): Object 'Object Repository/05-Chat/01- Creating a Chat group/div_No chat available' is visible

2023-05-22 10:57:00 - [MESSAGE][PASSED] - Object 'Object Repository/05-Chat/01- Creating a Chat group/div_No chat available' is visible

2023-05-22 10:57:00 - [TEST_STEP][PASSED] - verifyElementVisible(findTestObject("05-Chat/01- Creating a Chat group/h5_Chat securely with your contacts here")): Object 'Object Repository/05-Chat/01- Creating a Chat group/h5_Chat securely with your contacts here' is visible

2023-05-22 10:57:30 - [MESSAGE][PASSED] - Object 'Object Repository/05-Chat/01- Creating a Chat group/h5_Chat securely with your contacts here' is visible

2023-05-22 10:57:30 - [TEST_STEP][PASSED] - delay(delay_2seconds): Delayed 2 second(s)

2023-05-22 10:57:32 - [MESSAGE][PASSED] - Delayed 2 second(s)

2023-05-22 10:57:32 - [TEST_STEP][PASSED] - click(findTestObject("05-Chat/01- Creating a Chat group/new chat icon")): Object: 'Object Repository/05-Chat/01- Creating a Chat group/new chat icon' is clicked on

2023-05-22 10:58:03 - [MESSAGE][PASSED] - Object: 'Object Repository/05-Chat/01- Creating a Chat group/new chat icon' is clicked on

2023-05-22 10:58:03 - [TEST_STEP][PASSED] - delay(delay_2seconds): Delayed 2 second(s)

2023-05-22 10:58:05 - [MESSAGE][PASSED] - Delayed 2 second(s)

2023-05-22 10:58:05 - [TEST_STEP][PASSED] - click(findTestObject("05-Chat/01- Creating a Chat group/div_New Group Chat")): Object: 'Object Repository/05-Chat/01- Creating a Chat group/div_New Group Chat' is clicked on

2023-05-22 10:58:35 - [MESSAGE][PASSED] - Object: 'Object Repository/05-Chat/01- Creating a Chat group/div_New Group Chat' is clicked on

2023-05-22 10:58:35 - [TEST_STEP][PASSED] - delay(delay_1second): Delayed 1 second(s)

2023-05-22 10:58:36 - [MESSAGE][PASSED] - Delayed 1 second(s)

2023-05-22 10:58:36 - [TEST_STEP][PASSED] - verifyElementVisible(findTestObject("05-Chat/01- Creating a Chat group/span_Add group participant")): Object 'Object Repository/05-Chat/01- Creating a Chat group/span_Add group participant' is visible

2023-05-22 10:59:07 - [MESSAGE][PASSED] - Object 'Object Repository/05-Chat/01- Creating a Chat group/span_Add group participant' is visible

2023-05-22 10:59:07 - [TEST_STEP][PASSED] - verifyElementNotPresent(findTestObject("05-Chat/01- Creating a Chat group/button_arrow_forward"), 0): Web element with id: 'Object Repository/05-Chat/01- Creating a Chat group/button_arrow_forward' located by 'By.xpath: //button[@type = 'button' and @ng-reflect-disabled = 'false' and (text() = 'arrow_forward' or . = 'arrow_forward')]' is not present after '30' second(s)

2023-05-22 10:59:07 - [MESSAGE][WARNING] - Timeout '0' is invalid. Using default page load timeout: '30'

2023-05-22 11:00:07 - [MESSAGE][INFO] - Unable to find the element located by 'By.xpath: //button[@type = 'button' and @ng-reflect-disabled = 'false' and (text() = 'arrow_forward' or . = 'arrow_forward')]'. Please recheck the objects properties to make sure the desired element is located. 

2023-05-22 11:00:09 - [MESSAGE][PASSED] - Web element with id: 'Object Repository/05-Chat/01- Creating a Chat group/button_arrow_forward' located by 'By.xpath: //button[@type = 'button' and @ng-reflect-disabled = 'false' and (text() = 'arrow_forward' or . = 'arrow_forward')]' is not present after '30' second(s)

2023-05-22 11:00:09 - [TEST_STEP][PASSED] - delay(delay_1second): Delayed 1 second(s)

2023-05-22 11:00:10 - [MESSAGE][PASSED] - Delayed 1 second(s)

2023-05-22 11:00:10 - [TEST_STEP][PASSED] - setText(findTestObject("05-Chat/01- Creating a Chat group/input_newGroupName"), create_groupname): Text 'Automation Chat' is set on object 'Object Repository/05-Chat/01- Creating a Chat group/input_newGroupName'

2023-05-22 11:01:11 - [MESSAGE][PASSED] - Text 'Automation Chat' is set on object 'Object Repository/05-Chat/01- Creating a Chat group/input_newGroupName'

2023-05-22 11:01:11 - [TEST_STEP][PASSED] - click(findTestObject("05-Chat/01- Creating a Chat group/div_GTGG tester")): Object: 'Object Repository/05-Chat/01- Creating a Chat group/div_GTGG tester' is clicked on

2023-05-22 11:01:41 - [MESSAGE][PASSED] - Object: 'Object Repository/05-Chat/01- Creating a Chat group/div_GTGG tester' is clicked on

2023-05-22 11:01:41 - [TEST_STEP][PASSED] - verifyElementVisible(findTestObject("05-Chat/01- Creating a Chat group/GG tester added")): Object 'Object Repository/05-Chat/01- Creating a Chat group/GG tester added' is visible

2023-05-22 11:02:12 - [MESSAGE][PASSED] - Object 'Object Repository/05-Chat/01- Creating a Chat group/GG tester added' is visible

2023-05-22 11:02:12 - [TEST_STEP][PASSED] - delay(delay_1second): Delayed 1 second(s)

2023-05-22 11:02:13 - [MESSAGE][PASSED] - Delayed 1 second(s)

2023-05-22 11:02:13 - [TEST_STEP][PASSED] - click(findTestObject("05-Chat/01- Creating a Chat group/div_GTGG tester 2")): Object: 'Object Repository/05-Chat/01- Creating a Chat group/div_GTGG tester 2' is clicked on

2023-05-22 11:02:43 - [MESSAGE][PASSED] - Object: 'Object Repository/05-Chat/01- Creating a Chat group/div_GTGG tester 2' is clicked on

2023-05-22 11:02:43 - [TEST_STEP][PASSED] - verifyElementVisible(findTestObject("05-Chat/01- Creating a Chat group/GG tester 2 added")): Object 'Object Repository/05-Chat/01- Creating a Chat group/GG tester 2 added' is visible

2023-05-22 11:03:14 - [MESSAGE][PASSED] - Object 'Object Repository/05-Chat/01- Creating a Chat group/GG tester 2 added' is visible

2023-05-22 11:03:14 - [TEST_STEP][PASSED] - delay(delay_1second): Delayed 1 second(s)

2023-05-22 11:03:15 - [MESSAGE][PASSED] - Delayed 1 second(s)

2023-05-22 11:03:15 - [TEST_STEP][PASSED] - click(findTestObject("05-Chat/01- Creating a Chat group/button_arrow_forward")): Object: 'Object Repository/05-Chat/01- Creating a Chat group/button_arrow_forward' is clicked on

2023-05-22 11:03:45 - [MESSAGE][PASSED] - Object: 'Object Repository/05-Chat/01- Creating a Chat group/button_arrow_forward' is clicked on

2023-05-22 11:03:45 - [TEST_STEP][PASSED] - delay(delay_2seconds): Delayed 2 second(s)

2023-05-22 11:03:47 - [MESSAGE][PASSED] - Delayed 2 second(s)

2023-05-22 11:03:47 - [TEST_STEP][PASSED] - verifyElementVisible(findTestObject("05-Chat/01- Creating a Chat group/div_Automation Chat")): Object 'Object Repository/05-Chat/01- Creating a Chat group/div_Automation Chat' is visible

2023-05-22 11:04:18 - [MESSAGE][PASSED] - Object 'Object Repository/05-Chat/01- Creating a Chat group/div_Automation Chat' is visible

2023-05-22 11:04:18 - [TEST_STEP][PASSED] - delay(delay_2seconds): Delayed 2 second(s)

2023-05-22 11:04:20 - [MESSAGE][PASSED] - Delayed 2 second(s)]]></system-out>
         <system-err><![CDATA[]]></system-err>
      </testcase>
      <testcase name="Test Cases/05- Chat/02-Sending chat messages" time="503.534" classname="Test Cases/05- Chat/02-Sending chat messages" status="PASSED">
         <system-out><![CDATA[2023-05-22 11:04:20 - [TEST_CASE][PASSED] - Test Cases/05- Chat/02-Sending chat messages: Test Cases/05- Chat/02-Sending chat messages

2023-05-22 11:04:21 - [TEST_STEP][PASSED] - click(findTestObject("05-Chat/02-Sending chat messages/div_AC")): Object: 'Object Repository/05-Chat/02-Sending chat messages/div_AC' is clicked on

2023-05-22 11:04:51 - [MESSAGE][PASSED] - Object: 'Object Repository/05-Chat/02-Sending chat messages/div_AC' is clicked on

2023-05-22 11:04:51 - [TEST_STEP][PASSED] - setText(findTestObject("05-Chat/02-Sending chat messages/textarea__msg"), "Testing automation"): Text 'Testing automation' is set on object 'Object Repository/05-Chat/02-Sending chat messages/textarea__msg'

2023-05-22 11:05:52 - [MESSAGE][PASSED] - Text 'Testing automation' is set on object 'Object Repository/05-Chat/02-Sending chat messages/textarea__msg'

2023-05-22 11:05:52 - [TEST_STEP][PASSED] - click(findTestObject("05-Chat/02-Sending chat messages/button_send")): Object: 'Object Repository/05-Chat/02-Sending chat messages/button_send' is clicked on

2023-05-22 11:06:23 - [MESSAGE][PASSED] - Object: 'Object Repository/05-Chat/02-Sending chat messages/button_send' is clicked on

2023-05-22 11:06:23 - [TEST_STEP][PASSED] - verifyElementVisible(findTestObject("05-Chat/02-Sending chat messages/verify_Testing automation msg")): Object 'Object Repository/05-Chat/02-Sending chat messages/verify_Testing automation msg' is visible

2023-05-22 11:06:54 - [MESSAGE][PASSED] - Object 'Object Repository/05-Chat/02-Sending chat messages/verify_Testing automation msg' is visible

2023-05-22 11:06:54 - [TEST_STEP][PASSED] - delay(delay_1second): Delayed 1 second(s)

2023-05-22 11:06:55 - [MESSAGE][PASSED] - Delayed 1 second(s)

2023-05-22 11:06:55 - [TEST_STEP][PASSED] - click(findTestObject("05-Chat/02-Sending chat messages/button_insert_emoticon")): Object: 'Object Repository/05-Chat/02-Sending chat messages/button_insert_emoticon' is clicked on

2023-05-22 11:07:26 - [MESSAGE][PASSED] - Object: 'Object Repository/05-Chat/02-Sending chat messages/button_insert_emoticon' is clicked on

2023-05-22 11:07:26 - [TEST_STEP][PASSED] - verifyElementVisible(findTestObject("05-Chat/02-Sending chat messages/Frequently used")): Object 'Object Repository/05-Chat/02-Sending chat messages/Frequently used' is visible

2023-05-22 11:07:27 - [MESSAGE][PASSED] - Object 'Object Repository/05-Chat/02-Sending chat messages/Frequently used' is visible

2023-05-22 11:07:27 - [TEST_STEP][PASSED] - verifyElementVisible(findTestObject("05-Chat/02-Sending chat messages/smiley and people")): Object 'Object Repository/05-Chat/02-Sending chat messages/smiley and people' is visible

2023-05-22 11:07:58 - [MESSAGE][PASSED] - Object 'Object Repository/05-Chat/02-Sending chat messages/smiley and people' is visible

2023-05-22 11:07:58 - [TEST_STEP][PASSED] - verifyElementVisible(findTestObject("05-Chat/02-Sending chat messages/Animals and nature")): Object 'Object Repository/05-Chat/02-Sending chat messages/Animals and nature' is visible

2023-05-22 11:08:30 - [MESSAGE][PASSED] - Object 'Object Repository/05-Chat/02-Sending chat messages/Animals and nature' is visible

2023-05-22 11:08:30 - [TEST_STEP][PASSED] - verifyElementVisible(findTestObject("05-Chat/02-Sending chat messages/Food and drink")): Object 'Object Repository/05-Chat/02-Sending chat messages/Food and drink' is visible

2023-05-22 11:09:02 - [MESSAGE][PASSED] - Object 'Object Repository/05-Chat/02-Sending chat messages/Food and drink' is visible

2023-05-22 11:09:02 - [TEST_STEP][PASSED] - verifyElementVisible(findTestObject("05-Chat/02-Sending chat messages/Activity")): Object 'Object Repository/05-Chat/02-Sending chat messages/Activity' is visible

2023-05-22 11:09:34 - [MESSAGE][PASSED] - Object 'Object Repository/05-Chat/02-Sending chat messages/Activity' is visible

2023-05-22 11:09:34 - [TEST_STEP][PASSED] - verifyElementVisible(findTestObject("05-Chat/02-Sending chat messages/Travel and places")): Object 'Object Repository/05-Chat/02-Sending chat messages/Travel and places' is visible

2023-05-22 11:10:05 - [MESSAGE][PASSED] - Object 'Object Repository/05-Chat/02-Sending chat messages/Travel and places' is visible

2023-05-22 11:10:05 - [TEST_STEP][PASSED] - verifyElementVisible(findTestObject("05-Chat/02-Sending chat messages/Objects")): Object 'Object Repository/05-Chat/02-Sending chat messages/Objects' is visible

2023-05-22 11:10:35 - [MESSAGE][PASSED] - Object 'Object Repository/05-Chat/02-Sending chat messages/Objects' is visible

2023-05-22 11:10:36 - [TEST_STEP][PASSED] - verifyElementVisible(findTestObject("05-Chat/02-Sending chat messages/Symbols")): Object 'Object Repository/05-Chat/02-Sending chat messages/Symbols' is visible

2023-05-22 11:11:06 - [MESSAGE][PASSED] - Object 'Object Repository/05-Chat/02-Sending chat messages/Symbols' is visible

2023-05-22 11:11:06 - [TEST_STEP][PASSED] - delay(delay_1second): Delayed 1 second(s)

2023-05-22 11:11:07 - [MESSAGE][PASSED] - Delayed 1 second(s)

2023-05-22 11:11:07 - [TEST_STEP][PASSED] - click(findTestObject("05-Chat/02-Sending chat messages/Money Face")): Object: 'Object Repository/05-Chat/02-Sending chat messages/Money Face' is clicked on

2023-05-22 11:11:38 - [MESSAGE][PASSED] - Object: 'Object Repository/05-Chat/02-Sending chat messages/Money Face' is clicked on

2023-05-22 11:11:38 - [TEST_STEP][PASSED] - click(findTestObject("05-Chat/02-Sending chat messages/button_send")): Object: 'Object Repository/05-Chat/02-Sending chat messages/button_send' is clicked on

2023-05-22 11:12:10 - [MESSAGE][PASSED] - Object: 'Object Repository/05-Chat/02-Sending chat messages/button_send' is clicked on

2023-05-22 11:12:10 - [TEST_STEP][PASSED] - delay(delay_1second): Delayed 1 second(s)

2023-05-22 11:12:11 - [MESSAGE][PASSED] - Delayed 1 second(s)

2023-05-22 11:12:11 - [TEST_STEP][PASSED] - verifyElementVisible(findTestObject("05-Chat/02-Sending chat messages/money face in chat")): Object 'Object Repository/05-Chat/02-Sending chat messages/money face in chat' is visible

2023-05-22 11:12:41 - [MESSAGE][PASSED] - Object 'Object Repository/05-Chat/02-Sending chat messages/money face in chat' is visible

2023-05-22 11:12:41 - [TEST_STEP][PASSED] - delay(delay_2seconds): Delayed 2 second(s)

2023-05-22 11:12:43 - [MESSAGE][PASSED] - Delayed 2 second(s)]]></system-out>
         <system-err><![CDATA[]]></system-err>
      </testcase>
      <testcase name="Test Cases/05- Chat/03-React to a message" time="419.403" classname="Test Cases/05- Chat/03-React to a message" status="PASSED">
         <system-out><![CDATA[2023-05-22 11:12:44 - [TEST_CASE][PASSED] - Test Cases/05- Chat/03-React to a message: Test Cases/05- Chat/03-React to a message

2023-05-22 11:12:46 - [TEST_STEP][PASSED] - mouseOver(findTestObject("05-Chat/03-05 - React and Reply/div_chat")): Object: 'Object Repository/05-Chat/03-05 - React and Reply/div_chat' is hovered

2023-05-22 11:13:19 - [MESSAGE][PASSED] - Object: 'Object Repository/05-Chat/03-05 - React and Reply/div_chat' is hovered

2023-05-22 11:13:19 - [TEST_STEP][PASSED] - click(findTestObject("05-Chat/03-05 - React and Reply/mat-icon_mood")): Object: 'Object Repository/05-Chat/03-05 - React and Reply/mat-icon_mood' is clicked on

2023-05-22 11:13:50 - [MESSAGE][PASSED] - Object: 'Object Repository/05-Chat/03-05 - React and Reply/mat-icon_mood' is clicked on

2023-05-22 11:13:50 - [TEST_STEP][PASSED] - click(findTestObject("05-Chat/03-05 - React and Reply/button_react_like")): Object: 'Object Repository/05-Chat/03-05 - React and Reply/button_react_like' is clicked on

2023-05-22 11:14:22 - [MESSAGE][PASSED] - Object: 'Object Repository/05-Chat/03-05 - React and Reply/button_react_like' is clicked on

2023-05-22 11:14:22 - [TEST_STEP][PASSED] - delay(delay_2seconds): Delayed 2 second(s)

2023-05-22 11:14:24 - [MESSAGE][PASSED] - Delayed 2 second(s)

2023-05-22 11:14:24 - [TEST_STEP][PASSED] - mouseOver(findTestObject("05-Chat/03-05 - React and Reply/div_chat")): Object: 'Object Repository/05-Chat/03-05 - React and Reply/div_chat' is hovered

2023-05-22 11:14:55 - [MESSAGE][PASSED] - Object: 'Object Repository/05-Chat/03-05 - React and Reply/div_chat' is hovered

2023-05-22 11:14:55 - [TEST_STEP][PASSED] - click(findTestObject("05-Chat/03-05 - React and Reply/mat-icon_mood")): Object: 'Object Repository/05-Chat/03-05 - React and Reply/mat-icon_mood' is clicked on

2023-05-22 11:15:26 - [MESSAGE][PASSED] - Object: 'Object Repository/05-Chat/03-05 - React and Reply/mat-icon_mood' is clicked on

2023-05-22 11:15:26 - [TEST_STEP][PASSED] - click(findTestObject("05-Chat/03-05 - React and Reply/button_react_heart")): Object: 'Object Repository/05-Chat/03-05 - React and Reply/button_react_heart' is clicked on

2023-05-22 11:15:58 - [MESSAGE][PASSED] - Object: 'Object Repository/05-Chat/03-05 - React and Reply/button_react_heart' is clicked on

2023-05-22 11:15:58 - [TEST_STEP][PASSED] - delay(delay_2seconds): Delayed 2 second(s)

2023-05-22 11:16:00 - [MESSAGE][PASSED] - Delayed 2 second(s)

2023-05-22 11:16:00 - [TEST_STEP][PASSED] - click(findTestObject("05-Chat/03-05 - React and Reply/div_react_heart")): Object: 'Object Repository/05-Chat/03-05 - React and Reply/div_react_heart' is clicked on

2023-05-22 11:16:31 - [MESSAGE][PASSED] - Object: 'Object Repository/05-Chat/03-05 - React and Reply/div_react_heart' is clicked on

2023-05-22 11:16:31 - [TEST_STEP][PASSED] - verifyElementVisible(findTestObject("05-Chat/03-05 - React and Reply/h4_Message Reactions")): Object 'Object Repository/05-Chat/03-05 - React and Reply/h4_Message Reactions' is visible

2023-05-22 11:17:02 - [MESSAGE][PASSED] - Object 'Object Repository/05-Chat/03-05 - React and Reply/h4_Message Reactions' is visible

2023-05-22 11:17:02 - [TEST_STEP][PASSED] - click(findTestObject("05-Chat/03-05 - React and Reply/div_react_All")): Object: 'Object Repository/05-Chat/03-05 - React and Reply/div_react_All' is clicked on

2023-05-22 11:17:33 - [MESSAGE][PASSED] - Object: 'Object Repository/05-Chat/03-05 - React and Reply/div_react_All' is clicked on

2023-05-22 11:17:33 - [TEST_STEP][PASSED] - verifyElementVisible(findTestObject("05-Chat/03-05 - React and Reply/div_GG TESTER Click to remove")): Object 'Object Repository/05-Chat/03-05 - React and Reply/div_GG TESTER Click to remove' is visible

2023-05-22 11:18:03 - [MESSAGE][PASSED] - Object 'Object Repository/05-Chat/03-05 - React and Reply/div_GG TESTER Click to remove' is visible

2023-05-22 11:18:03 - [TEST_STEP][PASSED] - delay(delay_2seconds): Delayed 2 second(s)

2023-05-22 11:18:05 - [MESSAGE][PASSED] - Delayed 2 second(s)

2023-05-22 11:18:05 - [TEST_STEP][PASSED] - click(findTestObject("05-Chat/03-05 - React and Reply/div_react")): Object: 'Object Repository/05-Chat/03-05 - React and Reply/div_react' is clicked on

2023-05-22 11:18:36 - [MESSAGE][PASSED] - Object: 'Object Repository/05-Chat/03-05 - React and Reply/div_react' is clicked on

2023-05-22 11:18:36 - [TEST_STEP][PASSED] - verifyElementVisible(findTestObject("05-Chat/03-05 - React and Reply/div_GG TESTER Click to remove")): Object 'Object Repository/05-Chat/03-05 - React and Reply/div_GG TESTER Click to remove' is visible

2023-05-22 11:19:06 - [MESSAGE][PASSED] - Object 'Object Repository/05-Chat/03-05 - React and Reply/div_GG TESTER Click to remove' is visible

2023-05-22 11:19:06 - [TEST_STEP][PASSED] - clickOffset(findTestObject("05-Chat/03-05 - React and Reply/div_react_heart"), 10, 0): Object: 'Object Repository/05-Chat/03-05 - React and Reply/div_react_heart' is clicked on using offset x=10 and y=0

2023-05-22 11:19:39 - [MESSAGE][PASSED] - Object: 'Object Repository/05-Chat/03-05 - React and Reply/div_react_heart' is clicked on using offset x=10 and y=0

2023-05-22 11:19:39 - [TEST_STEP][PASSED] - delay(delay_5seconds): Delayed 5 second(s)

2023-05-22 11:19:44 - [MESSAGE][PASSED] - Delayed 5 second(s)]]></system-out>
         <system-err><![CDATA[]]></system-err>
      </testcase>
      <testcase name="Test Cases/05- Chat/04-Remove react on a message" time="126.841" classname="Test Cases/05- Chat/04-Remove react on a message" status="PASSED">
         <system-out><![CDATA[2023-05-22 11:19:44 - [TEST_CASE][PASSED] - Test Cases/05- Chat/04-Remove react on a message: Test Cases/05- Chat/04-Remove react on a message

2023-05-22 11:19:45 - [TEST_STEP][PASSED] - click(findTestObject("05-Chat/03-05 - React and Reply/div_react_heart")): Object: 'Object Repository/05-Chat/03-05 - React and Reply/div_react_heart' is clicked on

2023-05-22 11:20:16 - [MESSAGE][PASSED] - Object: 'Object Repository/05-Chat/03-05 - React and Reply/div_react_heart' is clicked on

2023-05-22 11:20:16 - [TEST_STEP][PASSED] - verifyElementVisible(findTestObject("05-Chat/03-05 - React and Reply/h4_Message Reactions")): Object 'Object Repository/05-Chat/03-05 - React and Reply/h4_Message Reactions' is visible

2023-05-22 11:20:46 - [MESSAGE][PASSED] - Object 'Object Repository/05-Chat/03-05 - React and Reply/h4_Message Reactions' is visible

2023-05-22 11:20:46 - [TEST_STEP][PASSED] - click(findTestObject("05-Chat/03-05 - React and Reply/div_react_All")): Object: 'Object Repository/05-Chat/03-05 - React and Reply/div_react_All' is clicked on

2023-05-22 11:21:17 - [MESSAGE][PASSED] - Object: 'Object Repository/05-Chat/03-05 - React and Reply/div_react_All' is clicked on

2023-05-22 11:21:17 - [TEST_STEP][PASSED] - click(findTestObject("05-Chat/03-05 - React and Reply/div_GG TESTER Click to remove")): Object: 'Object Repository/05-Chat/03-05 - React and Reply/div_GG TESTER Click to remove' is clicked on

2023-05-22 11:21:47 - [MESSAGE][PASSED] - Object: 'Object Repository/05-Chat/03-05 - React and Reply/div_GG TESTER Click to remove' is clicked on

2023-05-22 11:21:47 - [TEST_STEP][PASSED] - delay(delay_3seconds): Delayed 3 second(s)

2023-05-22 11:21:50 - [MESSAGE][PASSED] - Delayed 3 second(s)]]></system-out>
         <system-err><![CDATA[]]></system-err>
      </testcase>
      <testcase name="Test Cases/05- Chat/05-Reply on a message" time="416.734" classname="Test Cases/05- Chat/05-Reply on a message" status="PASSED">
         <system-out><![CDATA[2023-05-22 11:21:51 - [TEST_CASE][PASSED] - Test Cases/05- Chat/05-Reply on a message: Test Cases/05- Chat/05-Reply on a message

2023-05-22 11:21:52 - [TEST_STEP][PASSED] - mouseOver(findTestObject("05-Chat/03-05 - React and Reply/div_chat")): Object: 'Object Repository/05-Chat/03-05 - React and Reply/div_chat' is hovered

2023-05-22 11:22:22 - [MESSAGE][PASSED] - Object: 'Object Repository/05-Chat/03-05 - React and Reply/div_chat' is hovered

2023-05-22 11:22:22 - [TEST_STEP][PASSED] - click(findTestObject("05-Chat/03-05 - React and Reply/button_expand_less")): Object: 'Object Repository/05-Chat/03-05 - React and Reply/button_expand_less' is clicked on

2023-05-22 11:22:53 - [MESSAGE][PASSED] - Object: 'Object Repository/05-Chat/03-05 - React and Reply/button_expand_less' is clicked on

2023-05-22 11:22:53 - [TEST_STEP][PASSED] - click(findTestObject("05-Chat/03-05 - React and Reply/button_Reply")): Object: 'Object Repository/05-Chat/03-05 - React and Reply/button_Reply' is clicked on

2023-05-22 11:23:24 - [MESSAGE][PASSED] - Object: 'Object Repository/05-Chat/03-05 - React and Reply/button_Reply' is clicked on

2023-05-22 11:23:24 - [TEST_STEP][PASSED] - delay(delay_2seconds): Delayed 2 second(s)

2023-05-22 11:23:26 - [MESSAGE][PASSED] - Delayed 2 second(s)

2023-05-22 11:23:26 - [TEST_STEP][PASSED] - verifyElementVisible(findTestObject("05-Chat/03-05 - React and Reply/div_reply")): Object 'Object Repository/05-Chat/03-05 - React and Reply/div_reply' is visible

2023-05-22 11:23:56 - [MESSAGE][PASSED] - Object 'Object Repository/05-Chat/03-05 - React and Reply/div_reply' is visible

2023-05-22 11:23:56 - [TEST_STEP][PASSED] - click(findTestObject("05-Chat/03-05 - React and Reply/mat-icon_cancel"), STOP_ON_FAILURE): Object: 'Object Repository/05-Chat/03-05 - React and Reply/mat-icon_cancel' is clicked on

2023-05-22 11:24:27 - [MESSAGE][PASSED] - Object: 'Object Repository/05-Chat/03-05 - React and Reply/mat-icon_cancel' is clicked on

2023-05-22 11:24:27 - [TEST_STEP][PASSED] - delay(delay_2seconds): Delayed 2 second(s)

2023-05-22 11:24:29 - [MESSAGE][PASSED] - Delayed 2 second(s)

2023-05-22 11:24:29 - [TEST_STEP][PASSED] - mouseOver(findTestObject("05-Chat/03-05 - React and Reply/div_chat")): Object: 'Object Repository/05-Chat/03-05 - React and Reply/div_chat' is hovered

2023-05-22 11:24:59 - [MESSAGE][PASSED] - Object: 'Object Repository/05-Chat/03-05 - React and Reply/div_chat' is hovered

2023-05-22 11:24:59 - [TEST_STEP][PASSED] - click(findTestObject("05-Chat/03-05 - React and Reply/button_expand_less")): Object: 'Object Repository/05-Chat/03-05 - React and Reply/button_expand_less' is clicked on

2023-05-22 11:25:31 - [MESSAGE][PASSED] - Object: 'Object Repository/05-Chat/03-05 - React and Reply/button_expand_less' is clicked on

2023-05-22 11:25:31 - [TEST_STEP][PASSED] - click(findTestObject("05-Chat/03-05 - React and Reply/button_Reply")): Object: 'Object Repository/05-Chat/03-05 - React and Reply/button_Reply' is clicked on

2023-05-22 11:26:04 - [MESSAGE][PASSED] - Object: 'Object Repository/05-Chat/03-05 - React and Reply/button_Reply' is clicked on

2023-05-22 11:26:04 - [TEST_STEP][PASSED] - delay(delay_2seconds): Delayed 2 second(s)

2023-05-22 11:26:06 - [MESSAGE][PASSED] - Delayed 2 second(s)

2023-05-22 11:26:06 - [TEST_STEP][PASSED] - verifyElementVisible(findTestObject("05-Chat/03-05 - React and Reply/div_reply")): Object 'Object Repository/05-Chat/03-05 - React and Reply/div_reply' is visible

2023-05-22 11:26:36 - [MESSAGE][PASSED] - Object 'Object Repository/05-Chat/03-05 - React and Reply/div_reply' is visible

2023-05-22 11:26:36 - [TEST_STEP][PASSED] - setText(findTestObject("05-Chat/02-Sending chat messages/textarea__msg"), "Reply test"): Text 'Reply test' is set on object 'Object Repository/05-Chat/02-Sending chat messages/textarea__msg'

2023-05-22 11:27:40 - [MESSAGE][PASSED] - Text 'Reply test' is set on object 'Object Repository/05-Chat/02-Sending chat messages/textarea__msg'

2023-05-22 11:27:40 - [TEST_STEP][PASSED] - click(findTestObject("05-Chat/02-Sending chat messages/button_send")): Object: 'Object Repository/05-Chat/02-Sending chat messages/button_send' is clicked on

2023-05-22 11:28:11 - [MESSAGE][PASSED] - Object: 'Object Repository/05-Chat/02-Sending chat messages/button_send' is clicked on

2023-05-22 11:28:11 - [TEST_STEP][PASSED] - verifyElementVisible(findTestObject("05-Chat/03-05 - React and Reply/div_reply_chat")): Object 'Object Repository/05-Chat/03-05 - React and Reply/div_reply_chat' is visible

2023-05-22 11:28:43 - [MESSAGE][PASSED] - Object 'Object Repository/05-Chat/03-05 - React and Reply/div_reply_chat' is visible

2023-05-22 11:28:43 - [TEST_STEP][PASSED] - delay(delay_3seconds): Delayed 3 second(s)

2023-05-22 11:28:46 - [MESSAGE][PASSED] - Delayed 3 second(s)]]></system-out>
         <system-err><![CDATA[]]></system-err>
      </testcase>
      <testcase name="Test Cases/05- Chat/06-Sending attached file" time="326.754" classname="Test Cases/05- Chat/06-Sending attached file" status="PASSED">
         <system-out><![CDATA[2023-05-22 11:28:47 - [TEST_CASE][PASSED] - Test Cases/05- Chat/06-Sending attached file: Test Cases/05- Chat/06-Sending attached file

2023-05-22 11:28:48 - [TEST_STEP][PASSED] - delay(delay_3seconds): Delayed 3 second(s)

2023-05-22 11:28:51 - [MESSAGE][PASSED] - Delayed 3 second(s)

2023-05-22 11:28:51 - [TEST_STEP][PASSED] - uploadpackage.Upload.uploadFile(findTestObject("Object Repository/05-Chat/06-Sending attached file/button_attach_file"), upload_file): uploadpackage.Upload.uploadFile is PASSED

2023-05-22 11:29:22 - [MESSAGE][PASSED] - Object: 'Object Repository/05-Chat/06-Sending attached file/button_attach_file' is clicked on

2023-05-22 11:29:25 - [MESSAGE][PASSED] - uploadpackage.Upload.uploadFile is PASSED

2023-05-22 11:29:25 - [TEST_STEP][PASSED] - delay(delay_3seconds): Delayed 3 second(s)

2023-05-22 11:29:28 - [MESSAGE][PASSED] - Delayed 3 second(s)

2023-05-22 11:29:28 - [TEST_STEP][PASSED] - click(findTestObject("05-Chat/02-Sending chat messages/button_send")): Object: 'Object Repository/05-Chat/02-Sending chat messages/button_send' is clicked on

2023-05-22 11:29:58 - [MESSAGE][PASSED] - Object: 'Object Repository/05-Chat/02-Sending chat messages/button_send' is clicked on

2023-05-22 11:29:58 - [TEST_STEP][PASSED] - delay(delay_3seconds): Delayed 3 second(s)

2023-05-22 11:30:01 - [MESSAGE][PASSED] - Delayed 3 second(s)

2023-05-22 11:30:01 - [TEST_STEP][PASSED] - verifyElementVisible(findTestObject("05-Chat/06-Sending attached file/img_You_inserted")): Object 'Object Repository/05-Chat/06-Sending attached file/img_You_inserted' is visible

2023-05-22 11:30:32 - [MESSAGE][PASSED] - Object 'Object Repository/05-Chat/06-Sending attached file/img_You_inserted' is visible

2023-05-22 11:30:32 - [TEST_STEP][PASSED] - refresh(): Refresh successfully

2023-05-22 11:30:38 - [MESSAGE][PASSED] - Refresh successfully

2023-05-22 11:30:38 - [TEST_STEP][PASSED] - delay(delay_3seconds): Delayed 3 second(s)

2023-05-22 11:30:41 - [MESSAGE][PASSED] - Delayed 3 second(s)

2023-05-22 11:30:41 - [TEST_STEP][PASSED] - uploadFileWithDragAndDrop(findTestObject("Object Repository/05-Chat/02-Sending chat messages/textarea__msg"), upload_pdf_file): null

2023-05-22 11:31:15 - [TEST_STEP][PASSED] - delay(delay_3seconds): Delayed 3 second(s)

2023-05-22 11:31:18 - [MESSAGE][PASSED] - Delayed 3 second(s)

2023-05-22 11:31:18 - [TEST_STEP][PASSED] - click(findTestObject("05-Chat/02-Sending chat messages/button_send")): Object: 'Object Repository/05-Chat/02-Sending chat messages/button_send' is clicked on

2023-05-22 11:31:49 - [MESSAGE][PASSED] - Object: 'Object Repository/05-Chat/02-Sending chat messages/button_send' is clicked on

2023-05-22 11:31:49 - [TEST_STEP][PASSED] - delay(delay_3seconds): Delayed 3 second(s)

2023-05-22 11:31:52 - [MESSAGE][PASSED] - Delayed 3 second(s)

2023-05-22 11:31:52 - [TEST_STEP][PASSED] - verifyElementVisible(findTestObject("05-Chat/06-Sending attached file/span_sample.pdf")): Object 'Object Repository/05-Chat/06-Sending attached file/span_sample.pdf' is visible

2023-05-22 11:32:22 - [MESSAGE][PASSED] - Object 'Object Repository/05-Chat/06-Sending attached file/span_sample.pdf' is visible

2023-05-22 11:32:22 - [TEST_STEP][PASSED] - refresh(): Refresh successfully

2023-05-22 11:32:26 - [MESSAGE][PASSED] - Refresh successfully

2023-05-22 11:32:26 - [TEST_STEP][PASSED] - delay(delay_3seconds): Delayed 3 second(s)

2023-05-22 11:32:29 - [MESSAGE][PASSED] - Delayed 3 second(s)

2023-05-22 11:32:29 - [TEST_STEP][PASSED] - uploadFileWithDragAndDrop(findTestObject("Object Repository/05-Chat/02-Sending chat messages/textarea__msg"), upload_mp4_file): null

2023-05-22 11:33:02 - [TEST_STEP][PASSED] - delay(delay_3seconds): Delayed 3 second(s)

2023-05-22 11:33:05 - [MESSAGE][PASSED] - Delayed 3 second(s)

2023-05-22 11:33:05 - [TEST_STEP][PASSED] - click(findTestObject("05-Chat/02-Sending chat messages/button_send")): Object: 'Object Repository/05-Chat/02-Sending chat messages/button_send' is clicked on

2023-05-22 11:33:36 - [MESSAGE][PASSED] - Object: 'Object Repository/05-Chat/02-Sending chat messages/button_send' is clicked on

2023-05-22 11:33:36 - [TEST_STEP][PASSED] - delay(delay_3seconds): Delayed 3 second(s)

2023-05-22 11:33:39 - [MESSAGE][PASSED] - Delayed 3 second(s)

2023-05-22 11:33:39 - [TEST_STEP][PASSED] - verifyElementVisible(findTestObject("05-Chat/06-Sending attached file/span_video.mp4")): Object 'Object Repository/05-Chat/06-Sending attached file/span_video.mp4' is visible

2023-05-22 11:34:10 - [MESSAGE][PASSED] - Object 'Object Repository/05-Chat/06-Sending attached file/span_video.mp4' is visible

2023-05-22 11:34:10 - [TEST_STEP][PASSED] - delay(delay_3seconds): Delayed 3 second(s)

2023-05-22 11:34:13 - [MESSAGE][PASSED] - Delayed 3 second(s)]]></system-out>
         <system-err><![CDATA[]]></system-err>
      </testcase>
      <testcase name="Test Cases/05- Chat/07-Sending a video conference invite" time="133.961" classname="Test Cases/05- Chat/07-Sending a video conference invite" status="PASSED">
         <system-out><![CDATA[2023-05-22 11:34:14 - [TEST_CASE][PASSED] - Test Cases/05- Chat/07-Sending a video conference invite: Test Cases/05- Chat/07-Sending a video conference invite

2023-05-22 11:34:15 - [TEST_STEP][PASSED] - click(findTestObject("05-Chat/07-Sending a video conference invite/button_videocam")): Object: 'Object Repository/05-Chat/07-Sending a video conference invite/button_videocam' is clicked on

2023-05-22 11:34:46 - [MESSAGE][PASSED] - Object: 'Object Repository/05-Chat/07-Sending a video conference invite/button_videocam' is clicked on

2023-05-22 11:34:46 - [TEST_STEP][PASSED] - delay(delay_1second): Delayed 1 second(s)

2023-05-22 11:34:47 - [MESSAGE][PASSED] - Delayed 1 second(s)

2023-05-22 11:34:47 - [TEST_STEP][PASSED] - click(findTestObject("05-Chat/02-Sending chat messages/button_send")): Object: 'Object Repository/05-Chat/02-Sending chat messages/button_send' is clicked on

2023-05-22 11:35:45 - [MESSAGE][PASSED] - Object: 'Object Repository/05-Chat/02-Sending chat messages/button_send' is clicked on

2023-05-22 11:35:45 - [TEST_STEP][PASSED] - delay(delay_2seconds): Delayed 2 second(s)

2023-05-22 11:35:48 - [MESSAGE][PASSED] - Delayed 2 second(s)

2023-05-22 11:35:48 - [TEST_STEP][PASSED] - verifyElementVisible(findTestObject("05-Chat/07-Sending a video conference invite/div_Video Conference"), CONTINUE_ON_FAILURE): Object 'Object Repository/05-Chat/07-Sending a video conference invite/div_Video Conference' is visible

2023-05-22 11:36:26 - [MESSAGE][PASSED] - Object 'Object Repository/05-Chat/07-Sending a video conference invite/div_Video Conference' is visible

2023-05-22 11:36:26 - [TEST_STEP][PASSED] - delay(delay_2seconds): Delayed 2 second(s)

2023-05-22 11:36:28 - [MESSAGE][PASSED] - Delayed 2 second(s)]]></system-out>
         <system-err><![CDATA[]]></system-err>
      </testcase>
      <testcase name="Test Cases/05- Chat/08-Schedule a meeting" time="637.26" classname="Test Cases/05- Chat/08-Schedule a meeting" status="PASSED">
         <system-out><![CDATA[2023-05-22 11:36:28 - [TEST_CASE][PASSED] - Test Cases/05- Chat/08-Schedule a meeting: Test Cases/05- Chat/08-Schedule a meeting

2023-05-22 11:36:29 - [TEST_STEP][PASSED] - click(findTestObject("05-Chat/08-Schedule a meeting/button_schedule a meeting")): Object: 'Object Repository/05-Chat/08-Schedule a meeting/button_schedule a meeting' is clicked on

2023-05-22 11:37:00 - [MESSAGE][PASSED] - Object: 'Object Repository/05-Chat/08-Schedule a meeting/button_schedule a meeting' is clicked on

2023-05-22 11:37:00 - [TEST_STEP][PASSED] - delay(delay_2seconds): Delayed 2 second(s)

2023-05-22 11:37:02 - [MESSAGE][PASSED] - Delayed 2 second(s)

2023-05-22 11:37:02 - [TEST_STEP][PASSED] - verifyElementVisible(findTestObject("05-Chat/08-Schedule a meeting/Meeting title field")): Object 'Object Repository/05-Chat/08-Schedule a meeting/Meeting title field' is visible

2023-05-22 11:37:33 - [MESSAGE][PASSED] - Object 'Object Repository/05-Chat/08-Schedule a meeting/Meeting title field' is visible

2023-05-22 11:37:33 - [TEST_STEP][PASSED] - verifyElementVisible(findTestObject("05-Chat/08-Schedule a meeting/div_Start Date")): Object 'Object Repository/05-Chat/08-Schedule a meeting/div_Start Date' is visible

2023-05-22 11:38:03 - [MESSAGE][PASSED] - Object 'Object Repository/05-Chat/08-Schedule a meeting/div_Start Date' is visible

2023-05-22 11:38:03 - [TEST_STEP][PASSED] - verifyElementVisible(findTestObject("05-Chat/08-Schedule a meeting/div_End Date")): Object 'Object Repository/05-Chat/08-Schedule a meeting/div_End Date' is visible

2023-05-22 11:38:34 - [MESSAGE][PASSED] - Object 'Object Repository/05-Chat/08-Schedule a meeting/div_End Date' is visible

2023-05-22 11:38:34 - [TEST_STEP][PASSED] - verifyElementVisible(findTestObject("05-Chat/08-Schedule a meeting/div_Recurrence")): Object 'Object Repository/05-Chat/08-Schedule a meeting/div_Recurrence' is visible

2023-05-22 11:39:04 - [MESSAGE][PASSED] - Object 'Object Repository/05-Chat/08-Schedule a meeting/div_Recurrence' is visible

2023-05-22 11:39:04 - [TEST_STEP][PASSED] - delay(delay_2seconds): Delayed 2 second(s)

2023-05-22 11:39:06 - [MESSAGE][PASSED] - Delayed 2 second(s)

2023-05-22 11:39:06 - [TEST_STEP][PASSED] - click(findTestObject("05-Chat/08-Schedule a meeting/button_Start Date_calendar")): Object: 'Object Repository/05-Chat/08-Schedule a meeting/button_Start Date_calendar' is clicked on

2023-05-22 11:39:37 - [MESSAGE][PASSED] - Object: 'Object Repository/05-Chat/08-Schedule a meeting/button_Start Date_calendar' is clicked on

2023-05-22 11:39:37 - [TEST_STEP][PASSED] - verifyElementVisible(findTestObject("05-Chat/08-Schedule a meeting/calendar modal")): Object 'Object Repository/05-Chat/08-Schedule a meeting/calendar modal' is visible

2023-05-22 11:40:08 - [MESSAGE][PASSED] - Object 'Object Repository/05-Chat/08-Schedule a meeting/calendar modal' is visible

2023-05-22 11:40:08 - [TEST_STEP][PASSED] - delay(delay_2seconds): Delayed 2 second(s)

2023-05-22 11:40:10 - [MESSAGE][PASSED] - Delayed 2 second(s)

2023-05-22 11:40:10 - [TEST_STEP][PASSED] - doubleClick(findTestObject("05-Chat/08-Schedule a meeting/button_End Date_calendar")): Object: 'Object Repository/05-Chat/08-Schedule a meeting/button_End Date_calendar' is double clicked on

2023-05-22 11:40:42 - [MESSAGE][PASSED] - Object: 'Object Repository/05-Chat/08-Schedule a meeting/button_End Date_calendar' is double clicked on

2023-05-22 11:40:42 - [TEST_STEP][PASSED] - verifyElementVisible(findTestObject("05-Chat/08-Schedule a meeting/calendar modal")): Object 'Object Repository/05-Chat/08-Schedule a meeting/calendar modal' is visible

2023-05-22 11:41:12 - [MESSAGE][PASSED] - Object 'Object Repository/05-Chat/08-Schedule a meeting/calendar modal' is visible

2023-05-22 11:41:12 - [TEST_STEP][PASSED] - delay(delay_3seconds): Delayed 3 second(s)

2023-05-22 11:41:15 - [MESSAGE][PASSED] - Delayed 3 second(s)

2023-05-22 11:41:15 - [TEST_STEP][PASSED] - doubleClick(findTestObject("05-Chat/08-Schedule a meeting/div_recurrence_selectarror")): Object: 'Object Repository/05-Chat/08-Schedule a meeting/div_recurrence_selectarror' is double clicked on

2023-05-22 11:41:46 - [MESSAGE][PASSED] - Object: 'Object Repository/05-Chat/08-Schedule a meeting/div_recurrence_selectarror' is double clicked on

2023-05-22 11:41:46 - [TEST_STEP][PASSED] - verifyElementVisible(findTestObject("05-Chat/08-Schedule a meeting/span_Does not repeat")): Object 'Object Repository/05-Chat/08-Schedule a meeting/span_Does not repeat' is visible

2023-05-22 11:42:17 - [MESSAGE][PASSED] - Object 'Object Repository/05-Chat/08-Schedule a meeting/span_Does not repeat' is visible

2023-05-22 11:42:17 - [TEST_STEP][PASSED] - verifyElementVisible(findTestObject("05-Chat/08-Schedule a meeting/span_Daily")): Object 'Object Repository/05-Chat/08-Schedule a meeting/span_Daily' is visible

2023-05-22 11:42:47 - [MESSAGE][PASSED] - Object 'Object Repository/05-Chat/08-Schedule a meeting/span_Daily' is visible

2023-05-22 11:42:47 - [TEST_STEP][PASSED] - verifyElementVisible(findTestObject("05-Chat/08-Schedule a meeting/span_Weekly")): Object 'Object Repository/05-Chat/08-Schedule a meeting/span_Weekly' is visible

2023-05-22 11:43:18 - [MESSAGE][PASSED] - Object 'Object Repository/05-Chat/08-Schedule a meeting/span_Weekly' is visible

2023-05-22 11:43:18 - [TEST_STEP][PASSED] - verifyElementVisible(findTestObject("05-Chat/08-Schedule a meeting/span_Monthly")): Object 'Object Repository/05-Chat/08-Schedule a meeting/span_Monthly' is visible

2023-05-22 11:43:49 - [MESSAGE][PASSED] - Object 'Object Repository/05-Chat/08-Schedule a meeting/span_Monthly' is visible

2023-05-22 11:43:49 - [TEST_STEP][PASSED] - verifyElementVisible(findTestObject("05-Chat/08-Schedule a meeting/span_Every weekday")): Object 'Object Repository/05-Chat/08-Schedule a meeting/span_Every weekday' is visible

2023-05-22 11:44:19 - [MESSAGE][PASSED] - Object 'Object Repository/05-Chat/08-Schedule a meeting/span_Every weekday' is visible

2023-05-22 11:44:19 - [TEST_STEP][PASSED] - click(findTestObject("05-Chat/08-Schedule a meeting/span_Daily"), STOP_ON_FAILURE): Object: 'Object Repository/05-Chat/08-Schedule a meeting/span_Daily' is clicked on

2023-05-22 11:44:50 - [MESSAGE][PASSED] - Object: 'Object Repository/05-Chat/08-Schedule a meeting/span_Daily' is clicked on

2023-05-22 11:44:50 - [TEST_STEP][PASSED] - delay(delay_2seconds): Delayed 2 second(s)

2023-05-22 11:44:52 - [MESSAGE][PASSED] - Delayed 2 second(s)

2023-05-22 11:44:52 - [TEST_STEP][PASSED] - setText(findTestObject("05-Chat/08-Schedule a meeting/input_meeting title"), meeting_title): Text 'Automation Meeting' is set on object 'Object Repository/05-Chat/08-Schedule a meeting/input_meeting title'

2023-05-22 11:45:53 - [MESSAGE][PASSED] - Text 'Automation Meeting' is set on object 'Object Repository/05-Chat/08-Schedule a meeting/input_meeting title'

2023-05-22 11:45:53 - [TEST_STEP][PASSED] - delay(delay_2seconds): Delayed 2 second(s)

2023-05-22 11:45:55 - [MESSAGE][PASSED] - Delayed 2 second(s)

2023-05-22 11:45:55 - [TEST_STEP][PASSED] - click(findTestObject("05-Chat/02-Sending chat messages/button_send")): Object: 'Object Repository/05-Chat/02-Sending chat messages/button_send' is clicked on

2023-05-22 11:46:26 - [MESSAGE][PASSED] - Object: 'Object Repository/05-Chat/02-Sending chat messages/button_send' is clicked on

2023-05-22 11:46:26 - [TEST_STEP][PASSED] - delay(delay_3seconds): Delayed 3 second(s)

2023-05-22 11:46:29 - [MESSAGE][PASSED] - Delayed 3 second(s)

2023-05-22 11:46:30 - [TEST_STEP][PASSED] - verifyElementVisible(findTestObject("05-Chat/08-Schedule a meeting/span_Automation Meeting")): Object 'Object Repository/05-Chat/08-Schedule a meeting/span_Automation Meeting' is visible

2023-05-22 11:47:01 - [MESSAGE][PASSED] - Object 'Object Repository/05-Chat/08-Schedule a meeting/span_Automation Meeting' is visible

2023-05-22 11:47:01 - [TEST_STEP][PASSED] - delay(delay_3seconds): Delayed 3 second(s)

2023-05-22 11:47:04 - [MESSAGE][PASSED] - Delayed 3 second(s)]]></system-out>
         <system-err><![CDATA[]]></system-err>
      </testcase>
      <testcase name="Test Cases/05- Chat/09-Hiding a chat" time="406.698" classname="Test Cases/05- Chat/09-Hiding a chat" status="PASSED">
         <system-out><![CDATA[2023-05-22 11:47:05 - [TEST_CASE][PASSED] - Test Cases/05- Chat/09-Hiding a chat: Test Cases/05- Chat/09-Hiding a chat

2023-05-22 11:47:06 - [TEST_STEP][PASSED] - delay(delay_2seconds): Delayed 2 second(s)

2023-05-22 11:47:08 - [MESSAGE][PASSED] - Delayed 2 second(s)

2023-05-22 11:47:08 - [TEST_STEP][PASSED] - click(findTestObject("05-Chat/09-Hiding a chat/ellipsis_chat setting")): Object: 'Object Repository/05-Chat/09-Hiding a chat/ellipsis_chat setting' is clicked on

2023-05-22 11:47:39 - [MESSAGE][PASSED] - Object: 'Object Repository/05-Chat/09-Hiding a chat/ellipsis_chat setting' is clicked on

2023-05-22 11:47:39 - [TEST_STEP][PASSED] - delay(delay_2seconds): Delayed 2 second(s)

2023-05-22 11:47:41 - [MESSAGE][PASSED] - Delayed 2 second(s)

2023-05-22 11:47:41 - [TEST_STEP][PASSED] - verifyElementVisible(findTestObject("05-Chat/09-Hiding a chat/button_Group info")): Object 'Object Repository/05-Chat/09-Hiding a chat/button_Group info' is visible

2023-05-22 11:48:13 - [MESSAGE][PASSED] - Object 'Object Repository/05-Chat/09-Hiding a chat/button_Group info' is visible

2023-05-22 11:48:13 - [TEST_STEP][PASSED] - verifyElementVisible(findTestObject("05-Chat/09-Hiding a chat/button_Hide chat")): Object 'Object Repository/05-Chat/09-Hiding a chat/button_Hide chat' is visible

2023-05-22 11:48:45 - [MESSAGE][PASSED] - Object 'Object Repository/05-Chat/09-Hiding a chat/button_Hide chat' is visible

2023-05-22 11:48:45 - [TEST_STEP][PASSED] - delay(delay_2seconds): Delayed 2 second(s)

2023-05-22 11:48:47 - [MESSAGE][PASSED] - Delayed 2 second(s)

2023-05-22 11:48:47 - [TEST_STEP][PASSED] - click(findTestObject("05-Chat/09-Hiding a chat/button_Hide chat")): Object: 'Object Repository/05-Chat/09-Hiding a chat/button_Hide chat' is clicked on

2023-05-22 11:49:19 - [MESSAGE][PASSED] - Object: 'Object Repository/05-Chat/09-Hiding a chat/button_Hide chat' is clicked on

2023-05-22 11:49:19 - [TEST_STEP][PASSED] - delay(delay_2seconds): Delayed 2 second(s)

2023-05-22 11:49:21 - [MESSAGE][PASSED] - Delayed 2 second(s)

2023-05-22 11:49:21 - [TEST_STEP][PASSED] - refresh(): Refresh successfully

2023-05-22 11:49:25 - [MESSAGE][PASSED] - Refresh successfully

2023-05-22 11:49:25 - [TEST_STEP][PASSED] - delay(delay_2seconds): Delayed 2 second(s)

2023-05-22 11:49:27 - [MESSAGE][PASSED] - Delayed 2 second(s)

2023-05-22 11:49:27 - [TEST_STEP][PASSED] - verifyElementVisible(findTestObject("05-Chat/01- Creating a Chat group/div_No chat available")): Object 'Object Repository/05-Chat/01- Creating a Chat group/div_No chat available' is visible

2023-05-22 11:50:03 - [MESSAGE][PASSED] - Object 'Object Repository/05-Chat/01- Creating a Chat group/div_No chat available' is visible

2023-05-22 11:50:03 - [TEST_STEP][PASSED] - delay(delay_1second): Delayed 1 second(s)

2023-05-22 11:50:04 - [MESSAGE][PASSED] - Delayed 1 second(s)

2023-05-22 11:50:04 - [TEST_STEP][PASSED] - click(findTestObject("05-Chat/09-Hiding a chat/button_search")): Object: 'Object Repository/05-Chat/09-Hiding a chat/button_search' is clicked on

2023-05-22 11:50:34 - [MESSAGE][PASSED] - Object: 'Object Repository/05-Chat/09-Hiding a chat/button_search' is clicked on

2023-05-22 11:50:34 - [TEST_STEP][PASSED] - setText(findTestObject("05-Chat/09-Hiding a chat/input_search"), "Auto"): Text 'Auto' is set on object 'Object Repository/05-Chat/09-Hiding a chat/input_search'

2023-05-22 11:51:35 - [MESSAGE][PASSED] - Text 'Auto' is set on object 'Object Repository/05-Chat/09-Hiding a chat/input_search'

2023-05-22 11:51:35 - [TEST_STEP][PASSED] - delay(delay_2seconds): Delayed 2 second(s)

2023-05-22 11:51:37 - [MESSAGE][PASSED] - Delayed 2 second(s)

2023-05-22 11:51:37 - [TEST_STEP][PASSED] - click(findTestObject("05-Chat/02-Sending chat messages/div_AC")): Object: 'Object Repository/05-Chat/02-Sending chat messages/div_AC' is clicked on

2023-05-22 11:52:10 - [MESSAGE][PASSED] - Object: 'Object Repository/05-Chat/02-Sending chat messages/div_AC' is clicked on

2023-05-22 11:52:10 - [TEST_STEP][PASSED] - delay(delay_2seconds): Delayed 2 second(s)

2023-05-22 11:52:12 - [MESSAGE][PASSED] - Delayed 2 second(s)

2023-05-22 11:52:12 - [TEST_STEP][PASSED] - setText(findTestObject("05-Chat/02-Sending chat messages/textarea__msg"), "Test auto"): Text 'Test auto' is set on object 'Object Repository/05-Chat/02-Sending chat messages/textarea__msg'

2023-05-22 11:53:13 - [MESSAGE][PASSED] - Text 'Test auto' is set on object 'Object Repository/05-Chat/02-Sending chat messages/textarea__msg'

2023-05-22 11:53:13 - [TEST_STEP][PASSED] - click(findTestObject("05-Chat/02-Sending chat messages/button_send")): Object: 'Object Repository/05-Chat/02-Sending chat messages/button_send' is clicked on

2023-05-22 11:53:44 - [MESSAGE][PASSED] - Object: 'Object Repository/05-Chat/02-Sending chat messages/button_send' is clicked on

2023-05-22 11:53:44 - [TEST_STEP][PASSED] - delay(delay_2seconds): Delayed 2 second(s)

2023-05-22 11:53:46 - [MESSAGE][PASSED] - Delayed 2 second(s)

2023-05-22 11:53:46 - [TEST_STEP][PASSED] - refresh(): Refresh successfully

2023-05-22 11:53:50 - [MESSAGE][PASSED] - Refresh successfully

2023-05-22 11:53:50 - [TEST_STEP][PASSED] - delay(delay_2seconds): Delayed 2 second(s)

2023-05-22 11:53:52 - [MESSAGE][PASSED] - Delayed 2 second(s)]]></system-out>
         <system-err><![CDATA[]]></system-err>
      </testcase>
      <testcase name="Test Cases/05- Chat/10-Group Info" time="325.132" classname="Test Cases/05- Chat/10-Group Info" status="FAILED">
         <failure type="FAILED" message="Test Cases/05- Chat/10-Group Info FAILED.
Reason:
com.kms.katalon.core.exception.StepFailedException: Unable to verify object 'Object Repository/05-Chat/10-Group Info/Successfully changed group name msg' is visible
	at com.kms.katalon.core.webui.keyword.internal.WebUIKeywordMain.stepFailed(WebUIKeywordMain.groovy:64)
	at com.kms.katalon.core.webui.keyword.internal.WebUIKeywordMain.runKeyword(WebUIKeywordMain.groovy:26)
	at com.kms.katalon.core.webui.keyword.builtin.VerifyElementVisibleKeyword.verifyElementVisible(VerifyElementVisibleKeyword.groovy:97)
	at com.kms.katalon.core.webui.keyword.builtin.VerifyElementVisibleKeyword.execute(VerifyElementVisibleKeyword.groovy:67)
	at com.kms.katalon.core.keyword.internal.KeywordExecutor.executeKeywordForPlatform(KeywordExecutor.groovy:74)
	at com.kms.katalon.core.webui.keyword.WebUiBuiltInKeywords.verifyElementVisible(WebUiBuiltInKeywords.groovy:376)
	at com.kms.katalon.core.webui.keyword.WebUiBuiltInKeywords$verifyElementVisible$11.call(Unknown Source)
	at 10-Group Info.run(10-Group Info:44)
	at com.kms.katalon.core.main.ScriptEngine.run(ScriptEngine.java:194)
	at com.kms.katalon.core.main.ScriptEngine.runScriptAsRawText(ScriptEngine.java:119)
	at com.kms.katalon.core.main.TestCaseExecutor.runScript(TestCaseExecutor.java:448)
	at com.kms.katalon.core.main.TestCaseExecutor.doExecute(TestCaseExecutor.java:439)
	at com.kms.katalon.core.main.TestCaseExecutor.processExecutionPhase(TestCaseExecutor.java:418)
	at com.kms.katalon.core.main.TestCaseExecutor.accessMainPhase(TestCaseExecutor.java:410)
	at com.kms.katalon.core.main.TestCaseExecutor.execute(TestCaseExecutor.java:285)
	at com.kms.katalon.core.common.CommonExecutor.accessTestCaseMainPhase(CommonExecutor.java:65)
	at com.kms.katalon.core.main.TestSuiteExecutor.accessTestSuiteMainPhase(TestSuiteExecutor.java:148)
	at com.kms.katalon.core.main.TestSuiteExecutor.execute(TestSuiteExecutor.java:106)
	at com.kms.katalon.core.main.TestCaseMain.startTestSuite(TestCaseMain.java:187)
	at com.kms.katalon.core.main.TestCaseMain$startTestSuite$0.call(Unknown Source)
	at TempTestSuite1684724063453.run(TempTestSuite1684724063453.groovy:36)
Caused by: com.kms.katalon.core.exception.StepFailedException: Web element with id: 'Object Repository/05-Chat/10-Group Info/Successfully changed group name msg' located by '//div[@id='cdk-overlay-4']/snack-bar-container' not found
	at com.kms.katalon.core.webui.keyword.internal.WebUIKeywordMain.stepFailed(WebUIKeywordMain.groovy:64)
	at com.kms.katalon.core.webui.keyword.builtin.VerifyElementVisibleKeyword$_verifyElementVisible_closure1.doCall(VerifyElementVisibleKeyword.groovy:89)
	at com.kms.katalon.core.webui.keyword.builtin.VerifyElementVisibleKeyword$_verifyElementVisible_closure1.call(VerifyElementVisibleKeyword.groovy)
	at com.kms.katalon.core.webui.keyword.internal.WebUIKeywordMain.runKeyword(WebUIKeywordMain.groovy:20)
	... 19 more
"/>
         <system-out><![CDATA[2023-05-22 11:53:52 - [TEST_CASE][FAILED] - Test Cases/05- Chat/10-Group Info: Test Cases/05- Chat/10-Group Info FAILED.
Reason:
com.kms.katalon.core.exception.StepFailedException: Unable to verify object 'Object Repository/05-Chat/10-Group Info/Successfully changed group name msg' is visible
	at com.kms.katalon.core.webui.keyword.internal.WebUIKeywordMain.stepFailed(WebUIKeywordMain.groovy:64)
	at com.kms.katalon.core.webui.keyword.internal.WebUIKeywordMain.runKeyword(WebUIKeywordMain.groovy:26)
	at com.kms.katalon.core.webui.keyword.builtin.VerifyElementVisibleKeyword.verifyElementVisible(VerifyElementVisibleKeyword.groovy:97)
	at com.kms.katalon.core.webui.keyword.builtin.VerifyElementVisibleKeyword.execute(VerifyElementVisibleKeyword.groovy:67)
	at com.kms.katalon.core.keyword.internal.KeywordExecutor.executeKeywordForPlatform(KeywordExecutor.groovy:74)
	at com.kms.katalon.core.webui.keyword.WebUiBuiltInKeywords.verifyElementVisible(WebUiBuiltInKeywords.groovy:376)
	at com.kms.katalon.core.webui.keyword.WebUiBuiltInKeywords$verifyElementVisible$11.call(Unknown Source)
	at 10-Group Info.run(10-Group Info:44)
	at com.kms.katalon.core.main.ScriptEngine.run(ScriptEngine.java:194)
	at com.kms.katalon.core.main.ScriptEngine.runScriptAsRawText(ScriptEngine.java:119)
	at com.kms.katalon.core.main.TestCaseExecutor.runScript(TestCaseExecutor.java:448)
	at com.kms.katalon.core.main.TestCaseExecutor.doExecute(TestCaseExecutor.java:439)
	at com.kms.katalon.core.main.TestCaseExecutor.processExecutionPhase(TestCaseExecutor.java:418)
	at com.kms.katalon.core.main.TestCaseExecutor.accessMainPhase(TestCaseExecutor.java:410)
	at com.kms.katalon.core.main.TestCaseExecutor.execute(TestCaseExecutor.java:285)
	at com.kms.katalon.core.common.CommonExecutor.accessTestCaseMainPhase(CommonExecutor.java:65)
	at com.kms.katalon.core.main.TestSuiteExecutor.accessTestSuiteMainPhase(TestSuiteExecutor.java:148)
	at com.kms.katalon.core.main.TestSuiteExecutor.execute(TestSuiteExecutor.java:106)
	at com.kms.katalon.core.main.TestCaseMain.startTestSuite(TestCaseMain.java:187)
	at com.kms.katalon.core.main.TestCaseMain$startTestSuite$0.call(Unknown Source)
	at TempTestSuite1684724063453.run(TempTestSuite1684724063453.groovy:36)
Caused by: com.kms.katalon.core.exception.StepFailedException: Web element with id: 'Object Repository/05-Chat/10-Group Info/Successfully changed group name msg' located by '//div[@id='cdk-overlay-4']/snack-bar-container' not found
	at com.kms.katalon.core.webui.keyword.internal.WebUIKeywordMain.stepFailed(WebUIKeywordMain.groovy:64)
	at com.kms.katalon.core.webui.keyword.builtin.VerifyElementVisibleKeyword$_verifyElementVisible_closure1.doCall(VerifyElementVisibleKeyword.groovy:89)
	at com.kms.katalon.core.webui.keyword.builtin.VerifyElementVisibleKeyword$_verifyElementVisible_closure1.call(VerifyElementVisibleKeyword.groovy)
	at com.kms.katalon.core.webui.keyword.internal.WebUIKeywordMain.runKeyword(WebUIKeywordMain.groovy:20)
	... 19 more


2023-05-22 11:53:54 - [TEST_STEP][PASSED] - click(findTestObject("05-Chat/02-Sending chat messages/div_AC")): Object: 'Object Repository/05-Chat/02-Sending chat messages/div_AC' is clicked on

2023-05-22 11:54:29 - [MESSAGE][PASSED] - Object: 'Object Repository/05-Chat/02-Sending chat messages/div_AC' is clicked on

2023-05-22 11:54:29 - [TEST_STEP][PASSED] - delay(delay_2seconds): Delayed 2 second(s)

2023-05-22 11:54:31 - [MESSAGE][PASSED] - Delayed 2 second(s)

2023-05-22 11:54:31 - [TEST_STEP][PASSED] - click(findTestObject("05-Chat/09-Hiding a chat/ellipsis_chat setting")): Object: 'Object Repository/05-Chat/09-Hiding a chat/ellipsis_chat setting' is clicked on

2023-05-22 11:55:02 - [MESSAGE][PASSED] - Object: 'Object Repository/05-Chat/09-Hiding a chat/ellipsis_chat setting' is clicked on

2023-05-22 11:55:02 - [TEST_STEP][PASSED] - delay(delay_1second): Delayed 1 second(s)

2023-05-22 11:55:03 - [MESSAGE][PASSED] - Delayed 1 second(s)

2023-05-22 11:55:03 - [TEST_STEP][PASSED] - click(findTestObject("05-Chat/09-Hiding a chat/button_Group info")): Object: 'Object Repository/05-Chat/09-Hiding a chat/button_Group info' is clicked on

2023-05-22 11:55:34 - [MESSAGE][PASSED] - Object: 'Object Repository/05-Chat/09-Hiding a chat/button_Group info' is clicked on

2023-05-22 11:55:34 - [TEST_STEP][PASSED] - delay(delay_1second): Delayed 1 second(s)

2023-05-22 11:55:36 - [MESSAGE][PASSED] - Delayed 1 second(s)

2023-05-22 11:55:36 - [TEST_STEP][PASSED] - verifyElementVisible(findTestObject("05-Chat/09-Hiding a chat/Group info")): Object 'Object Repository/05-Chat/09-Hiding a chat/Group info' is visible

2023-05-22 11:56:06 - [MESSAGE][PASSED] - Object 'Object Repository/05-Chat/09-Hiding a chat/Group info' is visible

2023-05-22 11:56:06 - [TEST_STEP][PASSED] - delay(delay_1second): Delayed 1 second(s)

2023-05-22 11:56:07 - [MESSAGE][PASSED] - Delayed 1 second(s)

2023-05-22 11:56:07 - [TEST_STEP][PASSED] - click(findTestObject("05-Chat/10-Group Info/button_EDIT")): Object: 'Object Repository/05-Chat/10-Group Info/button_EDIT' is clicked on

2023-05-22 11:56:38 - [MESSAGE][PASSED] - Object: 'Object Repository/05-Chat/10-Group Info/button_EDIT' is clicked on

2023-05-22 11:56:38 - [TEST_STEP][PASSED] - setText(findTestObject("05-Chat/10-Group Info/input_groupName_edit"), edit_groupname): Text 'Automation Chat EDITED' is set on object 'Object Repository/05-Chat/10-Group Info/input_groupName_edit'

2023-05-22 11:57:39 - [MESSAGE][PASSED] - Text 'Automation Chat EDITED' is set on object 'Object Repository/05-Chat/10-Group Info/input_groupName_edit'

2023-05-22 11:57:39 - [TEST_STEP][PASSED] - delay(delay_1second): Delayed 1 second(s)

2023-05-22 11:57:40 - [MESSAGE][PASSED] - Delayed 1 second(s)

2023-05-22 11:57:40 - [TEST_STEP][PASSED] - click(findTestObject("05-Chat/10-Group Info/button_Save")): Object: 'Object Repository/05-Chat/10-Group Info/button_Save' is clicked on

2023-05-22 11:58:13 - [MESSAGE][PASSED] - Object: 'Object Repository/05-Chat/10-Group Info/button_Save' is clicked on

2023-05-22 11:58:13 - [TEST_STEP][FAILED] - verifyElementVisible(findTestObject("05-Chat/10-Group Info/Successfully changed group name msg")): Unable to verify object 'Object Repository/05-Chat/10-Group Info/Successfully changed group name msg' is visible (Root cause: com.kms.katalon.core.exception.StepFailedException: Unable to verify object 'Object Repository/05-Chat/10-Group Info/Successfully changed group name msg' is visible
	at com.kms.katalon.core.webui.keyword.internal.WebUIKeywordMain.stepFailed(WebUIKeywordMain.groovy:64)
	at com.kms.katalon.core.webui.keyword.internal.WebUIKeywordMain.runKeyword(WebUIKeywordMain.groovy:26)
	at com.kms.katalon.core.webui.keyword.builtin.VerifyElementVisibleKeyword.verifyElementVisible(VerifyElementVisibleKeyword.groovy:97)
	at com.kms.katalon.core.webui.keyword.builtin.VerifyElementVisibleKeyword.execute(VerifyElementVisibleKeyword.groovy:67)
	at com.kms.katalon.core.keyword.internal.KeywordExecutor.executeKeywordForPlatform(KeywordExecutor.groovy:74)
	at com.kms.katalon.core.webui.keyword.WebUiBuiltInKeywords.verifyElementVisible(WebUiBuiltInKeywords.groovy:376)
	at com.kms.katalon.core.webui.keyword.WebUiBuiltInKeywords$verifyElementVisible$11.call(Unknown Source)
	at 10-Group Info.run(10-Group Info:44)
	at com.kms.katalon.core.main.ScriptEngine.run(ScriptEngine.java:194)
	at com.kms.katalon.core.main.ScriptEngine.runScriptAsRawText(ScriptEngine.java:119)
	at com.kms.katalon.core.main.TestCaseExecutor.runScript(TestCaseExecutor.java:448)
	at com.kms.katalon.core.main.TestCaseExecutor.doExecute(TestCaseExecutor.java:439)
	at com.kms.katalon.core.main.TestCaseExecutor.processExecutionPhase(TestCaseExecutor.java:418)
	at com.kms.katalon.core.main.TestCaseExecutor.accessMainPhase(TestCaseExecutor.java:410)
	at com.kms.katalon.core.main.TestCaseExecutor.execute(TestCaseExecutor.java:285)
	at com.kms.katalon.core.common.CommonExecutor.accessTestCaseMainPhase(CommonExecutor.java:65)
	at com.kms.katalon.core.main.TestSuiteExecutor.accessTestSuiteMainPhase(TestSuiteExecutor.java:148)
	at com.kms.katalon.core.main.TestSuiteExecutor.execute(TestSuiteExecutor.java:106)
	at com.kms.katalon.core.main.TestCaseMain.startTestSuite(TestCaseMain.java:187)
	at com.kms.katalon.core.main.TestCaseMain$startTestSuite$0.call(Unknown Source)
	at TempTestSuite1684724063453.run(TempTestSuite1684724063453.groovy:36)
Caused by: com.kms.katalon.core.exception.StepFailedException: Web element with id: 'Object Repository/05-Chat/10-Group Info/Successfully changed group name msg' located by '//div[@id='cdk-overlay-4']/snack-bar-container' not found
	at com.kms.katalon.core.webui.keyword.internal.WebUIKeywordMain.stepFailed(WebUIKeywordMain.groovy:64)
	at com.kms.katalon.core.webui.keyword.builtin.VerifyElementVisibleKeyword$_verifyElementVisible_closure1.doCall(VerifyElementVisibleKeyword.groovy:89)
	at com.kms.katalon.core.webui.keyword.builtin.VerifyElementVisibleKeyword$_verifyElementVisible_closure1.call(VerifyElementVisibleKeyword.groovy)
	at com.kms.katalon.core.webui.keyword.internal.WebUIKeywordMain.runKeyword(WebUIKeywordMain.groovy:20)
	... 19 more
)

2023-05-22 11:59:15 - [MESSAGE][INFO] - Unable to find the element located by 'By.xpath: //div[@id='cdk-overlay-4']/snack-bar-container'. Please recheck the objects properties to make sure the desired element is located. 

2023-05-22 11:59:17 - [MESSAGE][FAILED] - Web element with id: 'Object Repository/05-Chat/10-Group Info/Successfully changed group name msg' located by '//div[@id='cdk-overlay-4']/snack-bar-container' not found (Root cause: com.kms.katalon.core.exception.StepFailedException: Web element with id: 'Object Repository/05-Chat/10-Group Info/Successfully changed group name msg' located by '//div[@id='cdk-overlay-4']/snack-bar-container' not found
	at com.kms.katalon.core.webui.keyword.internal.WebUIKeywordMain.stepFailed(WebUIKeywordMain.groovy:64)
	at com.kms.katalon.core.webui.keyword.builtin.VerifyElementVisibleKeyword$_verifyElementVisible_closure1.doCall(VerifyElementVisibleKeyword.groovy:89)
	at com.kms.katalon.core.webui.keyword.builtin.VerifyElementVisibleKeyword$_verifyElementVisible_closure1.call(VerifyElementVisibleKeyword.groovy)
	at com.kms.katalon.core.webui.keyword.internal.WebUIKeywordMain.runKeyword(WebUIKeywordMain.groovy:20)
	at com.kms.katalon.core.webui.keyword.builtin.VerifyElementVisibleKeyword.verifyElementVisible(VerifyElementVisibleKeyword.groovy:97)
	at com.kms.katalon.core.webui.keyword.builtin.VerifyElementVisibleKeyword.execute(VerifyElementVisibleKeyword.groovy:67)
	at com.kms.katalon.core.keyword.internal.KeywordExecutor.executeKeywordForPlatform(KeywordExecutor.groovy:74)
	at com.kms.katalon.core.webui.keyword.WebUiBuiltInKeywords.verifyElementVisible(WebUiBuiltInKeywords.groovy:376)
	at com.kms.katalon.core.webui.keyword.WebUiBuiltInKeywords$verifyElementVisible$11.call(Unknown Source)
	at 10-Group Info.run(10-Group Info:44)
	at com.kms.katalon.core.main.ScriptEngine.run(ScriptEngine.java:194)
	at com.kms.katalon.core.main.ScriptEngine.runScriptAsRawText(ScriptEngine.java:119)
	at com.kms.katalon.core.main.TestCaseExecutor.runScript(TestCaseExecutor.java:448)
	at com.kms.katalon.core.main.TestCaseExecutor.doExecute(TestCaseExecutor.java:439)
	at com.kms.katalon.core.main.TestCaseExecutor.processExecutionPhase(TestCaseExecutor.java:418)
	at com.kms.katalon.core.main.TestCaseExecutor.accessMainPhase(TestCaseExecutor.java:410)
	at com.kms.katalon.core.main.TestCaseExecutor.execute(TestCaseExecutor.java:285)
	at com.kms.katalon.core.common.CommonExecutor.accessTestCaseMainPhase(CommonExecutor.java:65)
	at com.kms.katalon.core.main.TestSuiteExecutor.accessTestSuiteMainPhase(TestSuiteExecutor.java:148)
	at com.kms.katalon.core.main.TestSuiteExecutor.execute(TestSuiteExecutor.java:106)
	at com.kms.katalon.core.main.TestCaseMain.startTestSuite(TestCaseMain.java:187)
	at com.kms.katalon.core.main.TestCaseMain$startTestSuite$0.call(Unknown Source)
	at TempTestSuite1684724063453.run(TempTestSuite1684724063453.groovy:36)
)
[[ATTACHMENT|D:\\Users\\Michelle\\Project\\Everleagues\\Reports\\20230522_105423\\TS-Organization\\05-Chat\\20230522_105423\\1684727957037.png]]

2023-05-22 11:59:17 - [MESSAGE][FAILED] - Unable to verify object 'Object Repository/05-Chat/10-Group Info/Successfully changed group name msg' is visible (Root cause: com.kms.katalon.core.exception.StepFailedException: Unable to verify object 'Object Repository/05-Chat/10-Group Info/Successfully changed group name msg' is visible
	at com.kms.katalon.core.webui.keyword.internal.WebUIKeywordMain.stepFailed(WebUIKeywordMain.groovy:64)
	at com.kms.katalon.core.webui.keyword.internal.WebUIKeywordMain.runKeyword(WebUIKeywordMain.groovy:26)
	at com.kms.katalon.core.webui.keyword.builtin.VerifyElementVisibleKeyword.verifyElementVisible(VerifyElementVisibleKeyword.groovy:97)
	at com.kms.katalon.core.webui.keyword.builtin.VerifyElementVisibleKeyword.execute(VerifyElementVisibleKeyword.groovy:67)
	at com.kms.katalon.core.keyword.internal.KeywordExecutor.executeKeywordForPlatform(KeywordExecutor.groovy:74)
	at com.kms.katalon.core.webui.keyword.WebUiBuiltInKeywords.verifyElementVisible(WebUiBuiltInKeywords.groovy:376)
	at com.kms.katalon.core.webui.keyword.WebUiBuiltInKeywords$verifyElementVisible$11.call(Unknown Source)
	at 10-Group Info.run(10-Group Info:44)
	at com.kms.katalon.core.main.ScriptEngine.run(ScriptEngine.java:194)
	at com.kms.katalon.core.main.ScriptEngine.runScriptAsRawText(ScriptEngine.java:119)
	at com.kms.katalon.core.main.TestCaseExecutor.runScript(TestCaseExecutor.java:448)
	at com.kms.katalon.core.main.TestCaseExecutor.doExecute(TestCaseExecutor.java:439)
	at com.kms.katalon.core.main.TestCaseExecutor.processExecutionPhase(TestCaseExecutor.java:418)
	at com.kms.katalon.core.main.TestCaseExecutor.accessMainPhase(TestCaseExecutor.java:410)
	at com.kms.katalon.core.main.TestCaseExecutor.execute(TestCaseExecutor.java:285)
	at com.kms.katalon.core.common.CommonExecutor.accessTestCaseMainPhase(CommonExecutor.java:65)
	at com.kms.katalon.core.main.TestSuiteExecutor.accessTestSuiteMainPhase(TestSuiteExecutor.java:148)
	at com.kms.katalon.core.main.TestSuiteExecutor.execute(TestSuiteExecutor.java:106)
	at com.kms.katalon.core.main.TestCaseMain.startTestSuite(TestCaseMain.java:187)
	at com.kms.katalon.core.main.TestCaseMain$startTestSuite$0.call(Unknown Source)
	at TempTestSuite1684724063453.run(TempTestSuite1684724063453.groovy:36)
Caused by: com.kms.katalon.core.exception.StepFailedException: Web element with id: 'Object Repository/05-Chat/10-Group Info/Successfully changed group name msg' located by '//div[@id='cdk-overlay-4']/snack-bar-container' not found
	at com.kms.katalon.core.webui.keyword.internal.WebUIKeywordMain.stepFailed(WebUIKeywordMain.groovy:64)
	at com.kms.katalon.core.webui.keyword.builtin.VerifyElementVisibleKeyword$_verifyElementVisible_closure1.doCall(VerifyElementVisibleKeyword.groovy:89)
	at com.kms.katalon.core.webui.keyword.builtin.VerifyElementVisibleKeyword$_verifyElementVisible_closure1.call(VerifyElementVisibleKeyword.groovy)
	at com.kms.katalon.core.webui.keyword.internal.WebUIKeywordMain.runKeyword(WebUIKeywordMain.groovy:20)
	... 19 more
)
[[ATTACHMENT|D:\\Users\\Michelle\\Project\\Everleagues\\Reports\\20230522_105423\\TS-Organization\\05-Chat\\20230522_105423\\1684727957680.png]]]]></system-out>
         <system-err><![CDATA[2023-05-22 11:53:52 - [TEST_CASE][FAILED] - Test Cases/05- Chat/10-Group Info: Test Cases/05- Chat/10-Group Info FAILED.
Reason:
com.kms.katalon.core.exception.StepFailedException: Unable to verify object 'Object Repository/05-Chat/10-Group Info/Successfully changed group name msg' is visible
	at com.kms.katalon.core.webui.keyword.internal.WebUIKeywordMain.stepFailed(WebUIKeywordMain.groovy:64)
	at com.kms.katalon.core.webui.keyword.internal.WebUIKeywordMain.runKeyword(WebUIKeywordMain.groovy:26)
	at com.kms.katalon.core.webui.keyword.builtin.VerifyElementVisibleKeyword.verifyElementVisible(VerifyElementVisibleKeyword.groovy:97)
	at com.kms.katalon.core.webui.keyword.builtin.VerifyElementVisibleKeyword.execute(VerifyElementVisibleKeyword.groovy:67)
	at com.kms.katalon.core.keyword.internal.KeywordExecutor.executeKeywordForPlatform(KeywordExecutor.groovy:74)
	at com.kms.katalon.core.webui.keyword.WebUiBuiltInKeywords.verifyElementVisible(WebUiBuiltInKeywords.groovy:376)
	at com.kms.katalon.core.webui.keyword.WebUiBuiltInKeywords$verifyElementVisible$11.call(Unknown Source)
	at 10-Group Info.run(10-Group Info:44)
	at com.kms.katalon.core.main.ScriptEngine.run(ScriptEngine.java:194)
	at com.kms.katalon.core.main.ScriptEngine.runScriptAsRawText(ScriptEngine.java:119)
	at com.kms.katalon.core.main.TestCaseExecutor.runScript(TestCaseExecutor.java:448)
	at com.kms.katalon.core.main.TestCaseExecutor.doExecute(TestCaseExecutor.java:439)
	at com.kms.katalon.core.main.TestCaseExecutor.processExecutionPhase(TestCaseExecutor.java:418)
	at com.kms.katalon.core.main.TestCaseExecutor.accessMainPhase(TestCaseExecutor.java:410)
	at com.kms.katalon.core.main.TestCaseExecutor.execute(TestCaseExecutor.java:285)
	at com.kms.katalon.core.common.CommonExecutor.accessTestCaseMainPhase(CommonExecutor.java:65)
	at com.kms.katalon.core.main.TestSuiteExecutor.accessTestSuiteMainPhase(TestSuiteExecutor.java:148)
	at com.kms.katalon.core.main.TestSuiteExecutor.execute(TestSuiteExecutor.java:106)
	at com.kms.katalon.core.main.TestCaseMain.startTestSuite(TestCaseMain.java:187)
	at com.kms.katalon.core.main.TestCaseMain$startTestSuite$0.call(Unknown Source)
	at TempTestSuite1684724063453.run(TempTestSuite1684724063453.groovy:36)
Caused by: com.kms.katalon.core.exception.StepFailedException: Web element with id: 'Object Repository/05-Chat/10-Group Info/Successfully changed group name msg' located by '//div[@id='cdk-overlay-4']/snack-bar-container' not found
	at com.kms.katalon.core.webui.keyword.internal.WebUIKeywordMain.stepFailed(WebUIKeywordMain.groovy:64)
	at com.kms.katalon.core.webui.keyword.builtin.VerifyElementVisibleKeyword$_verifyElementVisible_closure1.doCall(VerifyElementVisibleKeyword.groovy:89)
	at com.kms.katalon.core.webui.keyword.builtin.VerifyElementVisibleKeyword$_verifyElementVisible_closure1.call(VerifyElementVisibleKeyword.groovy)
	at com.kms.katalon.core.webui.keyword.internal.WebUIKeywordMain.runKeyword(WebUIKeywordMain.groovy:20)
	... 19 more]]></system-err>
      </testcase>
      <system-out><![CDATA[2023-05-22 10:54:30 - [TEST_SUITE][FAILED] - 05-Chat: Test Cases/05- Chat/10-Group Info FAILED.
Reason:
com.kms.katalon.core.exception.StepFailedException: Unable to verify object 'Object Repository/05-Chat/10-Group Info/Successfully changed group name msg' is visible
	at com.kms.katalon.core.webui.keyword.internal.WebUIKeywordMain.stepFailed(WebUIKeywordMain.groovy:64)
	at com.kms.katalon.core.webui.keyword.internal.WebUIKeywordMain.runKeyword(WebUIKeywordMain.groovy:26)
	at com.kms.katalon.core.webui.keyword.builtin.VerifyElementVisibleKeyword.verifyElementVisible(VerifyElementVisibleKeyword.groovy:97)
	at com.kms.katalon.core.webui.keyword.builtin.VerifyElementVisibleKeyword.execute(VerifyElementVisibleKeyword.groovy:67)
	at com.kms.katalon.core.keyword.internal.KeywordExecutor.executeKeywordForPlatform(KeywordExecutor.groovy:74)
	at com.kms.katalon.core.webui.keyword.WebUiBuiltInKeywords.verifyElementVisible(WebUiBuiltInKeywords.groovy:376)
	at com.kms.katalon.core.webui.keyword.WebUiBuiltInKeywords$verifyElementVisible$11.call(Unknown Source)
	at 10-Group Info.run(10-Group Info:44)
	at com.kms.katalon.core.main.ScriptEngine.run(ScriptEngine.java:194)
	at com.kms.katalon.core.main.ScriptEngine.runScriptAsRawText(ScriptEngine.java:119)
	at com.kms.katalon.core.main.TestCaseExecutor.runScript(TestCaseExecutor.java:448)
	at com.kms.katalon.core.main.TestCaseExecutor.doExecute(TestCaseExecutor.java:439)
	at com.kms.katalon.core.main.TestCaseExecutor.processExecutionPhase(TestCaseExecutor.java:418)
	at com.kms.katalon.core.main.TestCaseExecutor.accessMainPhase(TestCaseExecutor.java:410)
	at com.kms.katalon.core.main.TestCaseExecutor.execute(TestCaseExecutor.java:285)
	at com.kms.katalon.core.common.CommonExecutor.accessTestCaseMainPhase(CommonExecutor.java:65)
	at com.kms.katalon.core.main.TestSuiteExecutor.accessTestSuiteMainPhase(TestSuiteExecutor.java:148)
	at com.kms.katalon.core.main.TestSuiteExecutor.execute(TestSuiteExecutor.java:106)
	at com.kms.katalon.core.main.TestCaseMain.startTestSuite(TestCaseMain.java:187)
	at com.kms.katalon.core.main.TestCaseMain$startTestSuite$0.call(Unknown Source)
	at TempTestSuite1684724063453.run(TempTestSuite1684724063453.groovy:36)
Caused by: com.kms.katalon.core.exception.StepFailedException: Web element with id: 'Object Repository/05-Chat/10-Group Info/Successfully changed group name msg' located by '//div[@id='cdk-overlay-4']/snack-bar-container' not found
	at com.kms.katalon.core.webui.keyword.internal.WebUIKeywordMain.stepFailed(WebUIKeywordMain.groovy:64)
	at com.kms.katalon.core.webui.keyword.builtin.VerifyElementVisibleKeyword$_verifyElementVisible_closure1.doCall(VerifyElementVisibleKeyword.groovy:89)
	at com.kms.katalon.core.webui.keyword.builtin.VerifyElementVisibleKeyword$_verifyElementVisible_closure1.call(VerifyElementVisibleKeyword.groovy)
	at com.kms.katalon.core.webui.keyword.internal.WebUIKeywordMain.runKeyword(WebUIKeywordMain.groovy:20)
	... 19 more]]></system-out>
      <system-err><![CDATA[2023-05-22 10:54:30 - [TEST_SUITE][FAILED] - 05-Chat: Test Cases/05- Chat/10-Group Info FAILED.
Reason:
com.kms.katalon.core.exception.StepFailedException: Unable to verify object 'Object Repository/05-Chat/10-Group Info/Successfully changed group name msg' is visible
	at com.kms.katalon.core.webui.keyword.internal.WebUIKeywordMain.stepFailed(WebUIKeywordMain.groovy:64)
	at com.kms.katalon.core.webui.keyword.internal.WebUIKeywordMain.runKeyword(WebUIKeywordMain.groovy:26)
	at com.kms.katalon.core.webui.keyword.builtin.VerifyElementVisibleKeyword.verifyElementVisible(VerifyElementVisibleKeyword.groovy:97)
	at com.kms.katalon.core.webui.keyword.builtin.VerifyElementVisibleKeyword.execute(VerifyElementVisibleKeyword.groovy:67)
	at com.kms.katalon.core.keyword.internal.KeywordExecutor.executeKeywordForPlatform(KeywordExecutor.groovy:74)
	at com.kms.katalon.core.webui.keyword.WebUiBuiltInKeywords.verifyElementVisible(WebUiBuiltInKeywords.groovy:376)
	at com.kms.katalon.core.webui.keyword.WebUiBuiltInKeywords$verifyElementVisible$11.call(Unknown Source)
	at 10-Group Info.run(10-Group Info:44)
	at com.kms.katalon.core.main.ScriptEngine.run(ScriptEngine.java:194)
	at com.kms.katalon.core.main.ScriptEngine.runScriptAsRawText(ScriptEngine.java:119)
	at com.kms.katalon.core.main.TestCaseExecutor.runScript(TestCaseExecutor.java:448)
	at com.kms.katalon.core.main.TestCaseExecutor.doExecute(TestCaseExecutor.java:439)
	at com.kms.katalon.core.main.TestCaseExecutor.processExecutionPhase(TestCaseExecutor.java:418)
	at com.kms.katalon.core.main.TestCaseExecutor.accessMainPhase(TestCaseExecutor.java:410)
	at com.kms.katalon.core.main.TestCaseExecutor.execute(TestCaseExecutor.java:285)
	at com.kms.katalon.core.common.CommonExecutor.accessTestCaseMainPhase(CommonExecutor.java:65)
	at com.kms.katalon.core.main.TestSuiteExecutor.accessTestSuiteMainPhase(TestSuiteExecutor.java:148)
	at com.kms.katalon.core.main.TestSuiteExecutor.execute(TestSuiteExecutor.java:106)
	at com.kms.katalon.core.main.TestCaseMain.startTestSuite(TestCaseMain.java:187)
	at com.kms.katalon.core.main.TestCaseMain$startTestSuite$0.call(Unknown Source)
	at TempTestSuite1684724063453.run(TempTestSuite1684724063453.groovy:36)
Caused by: com.kms.katalon.core.exception.StepFailedException: Web element with id: 'Object Repository/05-Chat/10-Group Info/Successfully changed group name msg' located by '//div[@id='cdk-overlay-4']/snack-bar-container' not found
	at com.kms.katalon.core.webui.keyword.internal.WebUIKeywordMain.stepFailed(WebUIKeywordMain.groovy:64)
	at com.kms.katalon.core.webui.keyword.builtin.VerifyElementVisibleKeyword$_verifyElementVisible_closure1.doCall(VerifyElementVisibleKeyword.groovy:89)
	at com.kms.katalon.core.webui.keyword.builtin.VerifyElementVisibleKeyword$_verifyElementVisible_closure1.call(VerifyElementVisibleKeyword.groovy)
	at com.kms.katalon.core.webui.keyword.internal.WebUIKeywordMain.runKeyword(WebUIKeywordMain.groovy:20)
	... 19 more]]></system-err>
   </testsuite>
</testsuites>
