<?xml version="1.0" encoding="UTF-8"?>
<testsuites name="10-Open Video Conference" time="345.524" tests="5" failures="0" errors="0">
   <testsuite name="10-Open Video Conference" tests="5" failures="0" errors="0" time="345.524" skipped="0" timestamp="2023-04-03 12:53:35" hostname="asus - DESKTOP-3L3J9C1" id="Test Suites/TS-Organization/10-Open Video Conference">
      <properties>
         <property name="deviceName" value=""/>
         <property name="devicePlatform" value=""/>
         <property name="logFolder" value="C:\\Users\\asus\\Katalon Studio\\Everleagues\\Everleagues\\Reports\\20230403_125319\\TS-Organization\\10-Open Video Conference\\20230403_125319"/>
         <property name="logFiles" value="C:\\Users\\asus\\Katalon Studio\\Everleagues\\Everleagues\\Reports\\20230403_125319\\TS-Organization\\10-Open Video Conference\\20230403_125319\\execution0.log"/>
         <property name="attachments" value=""/>
         <property name="hostName" value="asus - DESKTOP-3L3J9C1"/>
         <property name="os" value="Windows 10 64bit"/>
         <property name="katalonVersion" value="8.4.1.208"/>
         <property name="browser" value="Chrome 111.0.0.0"/>
         <property name="hostAddress" value="10.100.1.180"/>
         <property name="sessionId" value="e0e19bf9e84af1dca766186609272e24"/>
         <property name="seleniumVersion" value="3.141.59"/>
         <property name="proxyInformation" value="ProxyInformation { proxyOption=NO_PROXY, proxyServerType=HTTP, username=, password=********, proxyServerAddress=, proxyServerPort=0, executionList=&quot;&quot;, isApplyToDesiredCapabilities=true }"/>
         <property name="platform" value="Windows 10"/>
      </properties>
      <testcase name="Test Cases/10-Open Video Conference/01-Blank Fields" time="209.26" classname="Test Cases/10-Open Video Conference/01-Blank Fields" status="PASSED">
         <system-out><![CDATA[2023-04-03 12:53:37 - [TEST_CASE][PASSED] - Test Cases/10-Open Video Conference/01-Blank Fields: Test Cases/10-Open Video Conference/01-Blank Fields

2023-04-03 12:53:39 - [TEST_STEP][PASSED] - openBrowser(""): Browser is opened with url: ''

2023-04-03 12:53:40 - [MESSAGE][INFO] - Starting 'Chrome' driver

2023-04-03 12:53:40 - [MESSAGE][INFO] - Action delay is set to 0 milliseconds

2023-04-03 12:53:48 - [MESSAGE][PASSED] - Browser is opened with url: ''

2023-04-03 12:53:48 - [TEST_STEP][PASSED] - navigateToUrl("https://lab.everleagues.com/"): Navigate to 'https://lab.everleagues.com/' successfully

2023-04-03 12:54:15 - [MESSAGE][PASSED] - Navigate to 'https://lab.everleagues.com/' successfully

2023-04-03 12:54:15 - [TEST_STEP][PASSED] - maximizeWindow(): Current window maximized

2023-04-03 12:54:15 - [MESSAGE][PASSED] - Current window maximized

2023-04-03 12:54:15 - [TEST_STEP][PASSED] - callTestCase(findTestCase("01-Login and Forgot Password/04-Login(Valid Credentials-With Subscription)"), [:], STOP_ON_FAILURE): Call Test Case 'Test Cases/01-Login and Forgot Password/04-Login(Valid Credentials-With Subscription)' successfully

2023-04-03 12:54:15 - [TEST_CASE][PASSED] - Test Cases/01-Login and Forgot Password/04-Login(Valid Credentials-With Subscription): Test Cases/01-Login and Forgot Password/04-Login(Valid Credentials-With Subscription)

2023-04-03 12:54:17 - [TEST_STEP][PASSED] - setText(findTestObject("01-Login and Forgot Password/input_Email_email"), "testuser05@mailinator.com"): Text 'testuser05@mailinator.com' is set on object 'Object Repository/01-Login and Forgot Password/input_Email_email'

2023-04-03 12:54:19 - [MESSAGE][PASSED] - Text 'testuser05@mailinator.com' is set on object 'Object Repository/01-Login and Forgot Password/input_Email_email'

2023-04-03 12:54:19 - [TEST_STEP][PASSED] - setEncryptedText(findTestObject("01-Login and Forgot Password/input_Email_password"), "8yFRyszE6U6jvsCn51OQbg=="): Text ****** has been set on object 'Object Repository/01-Login and Forgot Password/input_Email_password'

2023-04-03 12:54:20 - [MESSAGE][PASSED] - Text ****** has been set on object 'Object Repository/01-Login and Forgot Password/input_Email_password'

2023-04-03 12:54:20 - [TEST_STEP][PASSED] - delay(2): Delayed 2 second(s)

2023-04-03 12:54:23 - [MESSAGE][PASSED] - Delayed 2 second(s)

2023-04-03 12:54:23 - [TEST_STEP][PASSED] - click(findTestObject("01-Login and Forgot Password/show pass button")): Object: 'Object Repository/01-Login and Forgot Password/show pass button' is clicked on

2023-04-03 12:54:24 - [MESSAGE][PASSED] - Object: 'Object Repository/01-Login and Forgot Password/show pass button' is clicked on

2023-04-03 12:54:24 - [TEST_STEP][PASSED] - delay(3): Delayed 3 second(s)

2023-04-03 12:54:27 - [MESSAGE][PASSED] - Delayed 3 second(s)

2023-04-03 12:54:27 - [TEST_STEP][PASSED] - click(findTestObject("01-Login and Forgot Password/button_Sign in")): Object: 'Object Repository/01-Login and Forgot Password/button_Sign in' is clicked on

2023-04-03 12:54:27 - [MESSAGE][PASSED] - Object: 'Object Repository/01-Login and Forgot Password/button_Sign in' is clicked on

2023-04-03 12:54:27 - [TEST_STEP][PASSED] - delay(3): Delayed 3 second(s)

2023-04-03 12:54:30 - [MESSAGE][PASSED] - Delayed 3 second(s)

2023-04-03 12:54:30 - [TEST_STEP][PASSED] - click(findTestObject("06-Teams/For 2FA/button_Confirm_2FA")): Object: 'Object Repository/06-Teams/For 2FA/button_Confirm_2FA' is clicked on

2023-04-03 12:54:32 - [MESSAGE][PASSED] - Object: 'Object Repository/06-Teams/For 2FA/button_Confirm_2FA' is clicked on

2023-04-03 12:54:32 - [TEST_STEP][PASSED] - executeJavaScript("window.open();", []): Execute JavaScript 'window.open();' successfully

2023-04-03 12:54:33 - [MESSAGE][PASSED] - Execute JavaScript 'window.open();' successfully

2023-04-03 12:54:33 - [TEST_STEP][PASSED] - currentWindow = getWindowIndex(): Current window's index is: 0

2023-04-03 12:54:33 - [MESSAGE][PASSED] - Current window's index is: 0

2023-04-03 12:54:33 - [TEST_STEP][PASSED] - delay(3): Delayed 3 second(s)

2023-04-03 12:54:36 - [MESSAGE][PASSED] - Delayed 3 second(s)

2023-04-03 12:54:36 - [TEST_STEP][PASSED] - switchToWindowIndex(currentWindow + 1): Switched to window with index: '1'

2023-04-03 12:54:36 - [MESSAGE][PASSED] - Switched to window with index: '1'

2023-04-03 12:54:36 - [TEST_STEP][PASSED] - navigateToUrl("https://www.mailinator.com/"): Navigate to 'https://www.mailinator.com/' successfully

2023-04-03 12:54:45 - [MESSAGE][PASSED] - Navigate to 'https://www.mailinator.com/' successfully

2023-04-03 12:54:45 - [TEST_STEP][PASSED] - delay(3): Delayed 3 second(s)

2023-04-03 12:54:48 - [MESSAGE][PASSED] - Delayed 3 second(s)

2023-04-03 12:54:48 - [TEST_STEP][PASSED] - setText(findTestObject("00-Signup and Activation/zMailinator/input_LOGIN_search"), "testuser05@mailinator.com"): Text 'testuser05@mailinator.com' is set on object 'Object Repository/00-Signup and Activation/zMailinator/input_LOGIN_search'

2023-04-03 12:54:49 - [MESSAGE][PASSED] - Text 'testuser05@mailinator.com' is set on object 'Object Repository/00-Signup and Activation/zMailinator/input_LOGIN_search'

2023-04-03 12:54:49 - [TEST_STEP][PASSED] - click(findTestObject("00-Signup and Activation/zMailinator/gobutton"), STOP_ON_FAILURE): Object: 'Object Repository/00-Signup and Activation/zMailinator/gobutton' is clicked on

2023-04-03 12:54:53 - [MESSAGE][PASSED] - Object: 'Object Repository/00-Signup and Activation/zMailinator/gobutton' is clicked on

2023-04-03 12:54:53 - [TEST_STEP][PASSED] - delay(3): Delayed 3 second(s)

2023-04-03 12:54:56 - [MESSAGE][PASSED] - Delayed 3 second(s)

2023-04-03 12:54:56 - [TEST_STEP][PASSED] - click(findTestObject("00-Signup and Activation/zMailinator/Email - everleagues")): Object: 'Object Repository/00-Signup and Activation/zMailinator/Email - everleagues' is clicked on

2023-04-03 12:54:56 - [MESSAGE][PASSED] - Object: 'Object Repository/00-Signup and Activation/zMailinator/Email - everleagues' is clicked on

2023-04-03 12:54:56 - [TEST_STEP][PASSED] - delay(3): Delayed 3 second(s)

2023-04-03 12:54:59 - [MESSAGE][PASSED] - Delayed 3 second(s)

2023-04-03 12:54:59 - [TEST_STEP][PASSED] - code = getText(findTestObject("Object Repository/06-Teams/For 2FA/2FA code")): Text of object 'Object Repository/06-Teams/For 2FA/2FA code' is: '481090'

2023-04-03 12:55:01 - [MESSAGE][PASSED] - Text of object 'Object Repository/06-Teams/For 2FA/2FA code' is: '481090'

2023-04-03 12:55:01 - [TEST_STEP][PASSED] - delay(3): Delayed 3 second(s)

2023-04-03 12:55:04 - [MESSAGE][PASSED] - Delayed 3 second(s)

2023-04-03 12:55:04 - [TEST_STEP][PASSED] - closeWindowTitle("Mailinator"): Window with title: 'Mailinator' is closed

2023-04-03 12:55:04 - [MESSAGE][PASSED] - Window with title: 'Mailinator' is closed

2023-04-03 12:55:04 - [TEST_STEP][PASSED] - delay(3): Delayed 3 second(s)

2023-04-03 12:55:07 - [MESSAGE][PASSED] - Delayed 3 second(s)

2023-04-03 12:55:07 - [TEST_STEP][PASSED] - switchToWindowIndex(0): Switched to window with index: '0'

2023-04-03 12:55:07 - [MESSAGE][PASSED] - Switched to window with index: '0'

2023-04-03 12:55:07 - [TEST_STEP][PASSED] - delay(3): Delayed 3 second(s)

2023-04-03 12:55:10 - [MESSAGE][PASSED] - Delayed 3 second(s)

2023-04-03 12:55:10 - [TEST_STEP][PASSED] - setText(findTestObject("Object Repository/06-Teams/For 2FA/input_Enter verification code_code"), code): Text '481090' is set on object 'Object Repository/06-Teams/For 2FA/input_Enter verification code_code'

2023-04-03 12:55:12 - [MESSAGE][PASSED] - Text '481090' is set on object 'Object Repository/06-Teams/For 2FA/input_Enter verification code_code'

2023-04-03 12:55:12 - [TEST_STEP][PASSED] - delay(3): Delayed 3 second(s)

2023-04-03 12:55:15 - [MESSAGE][PASSED] - Delayed 3 second(s)

2023-04-03 12:55:15 - [TEST_STEP][PASSED] - click(findTestObject("06-Teams/For 2FA/button_Verify_2FA")): Object: 'Object Repository/06-Teams/For 2FA/button_Verify_2FA' is clicked on

2023-04-03 12:55:18 - [MESSAGE][PASSED] - Object: 'Object Repository/06-Teams/For 2FA/button_Verify_2FA' is clicked on

2023-04-03 12:55:18 - [TEST_STEP][PASSED] - delay(3): Delayed 3 second(s)

2023-04-03 12:55:21 - [MESSAGE][PASSED] - Delayed 3 second(s)

2023-04-03 12:55:22 - [MESSAGE][PASSED] - Call Test Case 'Test Cases/01-Login and Forgot Password/04-Login(Valid Credentials-With Subscription)' successfully

2023-04-03 12:55:22 - [TEST_STEP][PASSED] - click(findTestObject("06-Teams/button_doublearrow")): Object: 'Object Repository/06-Teams/button_doublearrow' is clicked on

2023-04-03 12:55:27 - [MESSAGE][PASSED] - Object: 'Object Repository/06-Teams/button_doublearrow' is clicked on

2023-04-03 12:55:27 - [TEST_STEP][PASSED] - click(findTestObject("06-Teams/button_My Organizations")): Object: 'Object Repository/06-Teams/button_My Organizations' is clicked on

2023-04-03 12:55:29 - [MESSAGE][PASSED] - Object: 'Object Repository/06-Teams/button_My Organizations' is clicked on

2023-04-03 12:55:29 - [TEST_STEP][PASSED] - click(findTestObject("02-Side Icons(Organization)/Add Contact/button_Automation Test Org")): Object: 'Object Repository/02-Side Icons(Organization)/Add Contact/button_Automation Test Org' is clicked on

2023-04-03 12:55:30 - [MESSAGE][PASSED] - Object: 'Object Repository/02-Side Icons(Organization)/Add Contact/button_Automation Test Org' is clicked on

2023-04-03 12:55:30 - [TEST_STEP][PASSED] - delay(4): Delayed 4 second(s)

2023-04-03 12:55:34 - [MESSAGE][PASSED] - Delayed 4 second(s)

2023-04-03 12:55:34 - [TEST_STEP][PASSED] - verifyElementVisible(findTestObject("02-Side Icons(Organization)/Add Contact/span_Automation Test Org")): Object 'Object Repository/02-Side Icons(Organization)/Add Contact/span_Automation Test Org' is visible

2023-04-03 12:55:35 - [MESSAGE][PASSED] - Object 'Object Repository/02-Side Icons(Organization)/Add Contact/span_Automation Test Org' is visible

2023-04-03 12:55:35 - [TEST_STEP][PASSED] - delay(5): Delayed 5 second(s)

2023-04-03 12:55:40 - [MESSAGE][PASSED] - Delayed 5 second(s)

2023-04-03 12:55:40 - [TEST_STEP][PASSED] - click(findTestObject("03-Header Menu/Hamburger Button/div_Open Video Conference")): Object: 'Object Repository/03-Header Menu/Hamburger Button/div_Open Video Conference' is clicked on

2023-04-03 12:55:42 - [MESSAGE][PASSED] - Object: 'Object Repository/03-Header Menu/Hamburger Button/div_Open Video Conference' is clicked on

2023-04-03 12:55:42 - [TEST_STEP][PASSED] - verifyElementVisible(findTestObject("10-Open Video Conference/h4_OPEN VIDEO CONFERENCE")): Object 'Object Repository/10-Open Video Conference/h4_OPEN VIDEO CONFERENCE' is visible

2023-04-03 12:55:43 - [MESSAGE][PASSED] - Object 'Object Repository/10-Open Video Conference/h4_OPEN VIDEO CONFERENCE' is visible

2023-04-03 12:55:43 - [TEST_STEP][PASSED] - verifyElementVisible(findTestObject("10-Open Video Conference/span_warning")): Object 'Object Repository/10-Open Video Conference/span_warning' is visible

2023-04-03 12:55:44 - [MESSAGE][PASSED] - Object 'Object Repository/10-Open Video Conference/span_warning' is visible

2023-04-03 12:55:45 - [TEST_STEP][PASSED] - click(findTestObject("10-Open Video Conference/a_chat")): Object: 'Object Repository/10-Open Video Conference/a_chat' is clicked on

2023-04-03 12:55:53 - [MESSAGE][PASSED] - Object: 'Object Repository/10-Open Video Conference/a_chat' is clicked on

2023-04-03 12:55:53 - [TEST_STEP][PASSED] - delay(3): Delayed 3 second(s)

2023-04-03 12:55:56 - [MESSAGE][PASSED] - Delayed 3 second(s)

2023-04-03 12:55:56 - [TEST_STEP][PASSED] - click(findTestObject("03-Header Menu/Hamburger Button/div_Open Video Conference")): Object: 'Object Repository/03-Header Menu/Hamburger Button/div_Open Video Conference' is clicked on

2023-04-03 12:56:28 - [MESSAGE][PASSED] - Object: 'Object Repository/03-Header Menu/Hamburger Button/div_Open Video Conference' is clicked on

2023-04-03 12:56:28 - [TEST_STEP][PASSED] - delay(3): Delayed 3 second(s)

2023-04-03 12:56:31 - [MESSAGE][PASSED] - Delayed 3 second(s)

2023-04-03 12:56:31 - [TEST_STEP][PASSED] - verifyElementVisible(findTestObject("10-Open Video Conference/h5_Meeting Title")): Object 'Object Repository/10-Open Video Conference/h5_Meeting Title' is visible

2023-04-03 12:56:32 - [MESSAGE][PASSED] - Object 'Object Repository/10-Open Video Conference/h5_Meeting Title' is visible

2023-04-03 12:56:32 - [TEST_STEP][PASSED] - click(findTestObject("10-Open Video Conference/input_Meeting Title")): Object: 'Object Repository/10-Open Video Conference/input_Meeting Title' is clicked on

2023-04-03 12:56:33 - [MESSAGE][PASSED] - Object: 'Object Repository/10-Open Video Conference/input_Meeting Title' is clicked on

2023-04-03 12:56:33 - [TEST_STEP][PASSED] - click(findTestObject("10-Open Video Conference/div_Now")): Object: 'Object Repository/10-Open Video Conference/div_Now' is clicked on

2023-04-03 12:56:34 - [MESSAGE][PASSED] - Object: 'Object Repository/10-Open Video Conference/div_Now' is clicked on

2023-04-03 12:56:34 - [TEST_STEP][PASSED] - delay(3): Delayed 3 second(s)

2023-04-03 12:56:37 - [MESSAGE][PASSED] - Delayed 3 second(s)

2023-04-03 12:56:37 - [TEST_STEP][PASSED] - verifyElementVisible(findTestObject("10-Open Video Conference/h5_Current Contacts")): Object 'Object Repository/10-Open Video Conference/h5_Current Contacts' is visible

2023-04-03 12:56:37 - [MESSAGE][PASSED] - Object 'Object Repository/10-Open Video Conference/h5_Current Contacts' is visible

2023-04-03 12:56:37 - [TEST_STEP][PASSED] - click(findTestObject("10-Open Video Conference/input_Current Contacts_inputSearchContacts")): Object: 'Object Repository/10-Open Video Conference/input_Current Contacts_inputSearchContacts' is clicked on

2023-04-03 12:56:38 - [MESSAGE][PASSED] - Object: 'Object Repository/10-Open Video Conference/input_Current Contacts_inputSearchContacts' is clicked on

2023-04-03 12:56:38 - [TEST_STEP][PASSED] - click(findTestObject("10-Open Video Conference/div_Now")): Object: 'Object Repository/10-Open Video Conference/div_Now' is clicked on

2023-04-03 12:56:39 - [MESSAGE][PASSED] - Object: 'Object Repository/10-Open Video Conference/div_Now' is clicked on

2023-04-03 12:56:39 - [TEST_STEP][PASSED] - delay(3): Delayed 3 second(s)

2023-04-03 12:56:42 - [MESSAGE][PASSED] - Delayed 3 second(s)

2023-04-03 12:56:42 - [TEST_STEP][PASSED] - scrollToElement(findTestObject("10-Open Video Conference/h5_New Guests"), 0): Scroll to object 'Object Repository/10-Open Video Conference/h5_New Guests' successfully

2023-04-03 12:56:43 - [MESSAGE][WARNING] - Timeout '0' is invalid. Using default page load timeout: '30'

2023-04-03 12:56:43 - [MESSAGE][PASSED] - Scroll to object 'Object Repository/10-Open Video Conference/h5_New Guests' successfully

2023-04-03 12:56:43 - [TEST_STEP][PASSED] - verifyElementVisible(findTestObject("10-Open Video Conference/h5_New Guests")): Object 'Object Repository/10-Open Video Conference/h5_New Guests' is visible

2023-04-03 12:56:44 - [MESSAGE][PASSED] - Object 'Object Repository/10-Open Video Conference/h5_New Guests' is visible

2023-04-03 12:56:44 - [TEST_STEP][PASSED] - click(findTestObject("10-Open Video Conference/mat-checkbox-Save all to contacts")): Object: 'Object Repository/10-Open Video Conference/mat-checkbox-Save all to contacts' is clicked on

2023-04-03 12:56:45 - [MESSAGE][PASSED] - Object: 'Object Repository/10-Open Video Conference/mat-checkbox-Save all to contacts' is clicked on

2023-04-03 12:56:45 - [TEST_STEP][PASSED] - click(findTestObject("10-Open Video Conference/mat-checkbox-Save all to contacts")): Object: 'Object Repository/10-Open Video Conference/mat-checkbox-Save all to contacts' is clicked on

2023-04-03 12:56:47 - [MESSAGE][PASSED] - Object: 'Object Repository/10-Open Video Conference/mat-checkbox-Save all to contacts' is clicked on

2023-04-03 12:56:47 - [TEST_STEP][PASSED] - click(findTestObject("10-Open Video Conference/div_Enter a valid phone number")): Object: 'Object Repository/10-Open Video Conference/div_Enter a valid phone number' is clicked on

2023-04-03 12:56:48 - [MESSAGE][PASSED] - Object: 'Object Repository/10-Open Video Conference/div_Enter a valid phone number' is clicked on

2023-04-03 12:56:48 - [TEST_STEP][PASSED] - click(findTestObject("10-Open Video Conference/div_Enter a valid phone number")): Object: 'Object Repository/10-Open Video Conference/div_Enter a valid phone number' is clicked on

2023-04-03 12:56:49 - [MESSAGE][PASSED] - Object: 'Object Repository/10-Open Video Conference/div_Enter a valid phone number' is clicked on

2023-04-03 12:56:49 - [TEST_STEP][PASSED] - delay(2): Delayed 2 second(s)

2023-04-03 12:56:51 - [MESSAGE][PASSED] - Delayed 2 second(s)

2023-04-03 12:56:51 - [TEST_STEP][PASSED] - click(findTestObject("10-Open Video Conference/input_Firstname")): Object: 'Object Repository/10-Open Video Conference/input_Firstname' is clicked on

2023-04-03 12:56:51 - [MESSAGE][PASSED] - Object: 'Object Repository/10-Open Video Conference/input_Firstname' is clicked on

2023-04-03 12:56:51 - [TEST_STEP][PASSED] - click(findTestObject("10-Open Video Conference/input_Lastname")): Object: 'Object Repository/10-Open Video Conference/input_Lastname' is clicked on

2023-04-03 12:56:52 - [MESSAGE][PASSED] - Object: 'Object Repository/10-Open Video Conference/input_Lastname' is clicked on

2023-04-03 12:56:52 - [TEST_STEP][PASSED] - click(findTestObject("10-Open Video Conference/input_emailPhonenumber")): Object: 'Object Repository/10-Open Video Conference/input_emailPhonenumber' is clicked on

2023-04-03 12:56:53 - [MESSAGE][PASSED] - Object: 'Object Repository/10-Open Video Conference/input_emailPhonenumber' is clicked on

2023-04-03 12:56:53 - [TEST_STEP][PASSED] - verifyElementVisible(findTestObject("10-Open Video Conference/mat-error_Field is required")): Object 'Object Repository/10-Open Video Conference/mat-error_Field is required' is visible

2023-04-03 12:56:54 - [MESSAGE][PASSED] - Object 'Object Repository/10-Open Video Conference/mat-error_Field is required' is visible

2023-04-03 12:56:54 - [TEST_STEP][PASSED] - clickOffset(findTestObject("10-Open Video Conference/input_Meeting Title"), 10, 10): Object: 'Object Repository/10-Open Video Conference/input_Meeting Title' is clicked on using offset x=10 and y=10

2023-04-03 12:56:55 - [MESSAGE][PASSED] - Object: 'Object Repository/10-Open Video Conference/input_Meeting Title' is clicked on using offset x=10 and y=10

2023-04-03 12:56:55 - [TEST_STEP][PASSED] - verifyElementVisible(findTestObject("10-Open Video Conference/error_Enter a valid emailEnter a valid phone number (eg 13330001234)")): Object 'Object Repository/10-Open Video Conference/error_Enter a valid emailEnter a valid phone number (eg 13330001234)' is visible

2023-04-03 12:56:56 - [MESSAGE][PASSED] - Object 'Object Repository/10-Open Video Conference/error_Enter a valid emailEnter a valid phone number (eg 13330001234)' is visible

2023-04-03 12:56:56 - [TEST_STEP][PASSED] - clickOffset(findTestObject("10-Open Video Conference/input_Lastname"), 10, 10): Object: 'Object Repository/10-Open Video Conference/input_Lastname' is clicked on using offset x=10 and y=10

2023-04-03 12:56:57 - [MESSAGE][PASSED] - Object: 'Object Repository/10-Open Video Conference/input_Lastname' is clicked on using offset x=10 and y=10

2023-04-03 12:56:57 - [TEST_STEP][PASSED] - delay(2): Delayed 2 second(s)

2023-04-03 12:56:59 - [MESSAGE][PASSED] - Delayed 2 second(s)

2023-04-03 12:56:59 - [TEST_STEP][PASSED] - click(findTestObject("10-Open Video Conference/div_Schedule")): Object: 'Object Repository/10-Open Video Conference/div_Schedule' is clicked on

2023-04-03 12:57:00 - [MESSAGE][PASSED] - Object: 'Object Repository/10-Open Video Conference/div_Schedule' is clicked on

2023-04-03 12:57:00 - [TEST_STEP][PASSED] - verifyElementVisible(findTestObject("10-Open Video Conference/button_Start Date")): Object 'Object Repository/10-Open Video Conference/button_Start Date' is visible

2023-04-03 12:57:01 - [MESSAGE][PASSED] - Object 'Object Repository/10-Open Video Conference/button_Start Date' is visible

2023-04-03 12:57:01 - [TEST_STEP][PASSED] - clickOffset(findTestObject("10-Open Video Conference/input_Meeting Title"), 10, 10): Object: 'Object Repository/10-Open Video Conference/input_Meeting Title' is clicked on using offset x=10 and y=10

2023-04-03 12:57:02 - [MESSAGE][PASSED] - Object: 'Object Repository/10-Open Video Conference/input_Meeting Title' is clicked on using offset x=10 and y=10

2023-04-03 12:57:02 - [TEST_STEP][PASSED] - verifyElementVisible(findTestObject("10-Open Video Conference/button_End Date")): Object 'Object Repository/10-Open Video Conference/button_End Date' is visible

2023-04-03 12:57:03 - [MESSAGE][PASSED] - Object 'Object Repository/10-Open Video Conference/button_End Date' is visible

2023-04-03 12:57:03 - [TEST_STEP][PASSED] - verifyElementNotClickable(findTestObject("10-Open Video Conference/button_Create meeting")): Object 'Object Repository/10-Open Video Conference/button_Create meeting' is NOT clickable

2023-04-03 12:57:03 - [MESSAGE][PASSED] - Object 'Object Repository/10-Open Video Conference/button_Create meeting' is NOT clickable

2023-04-03 12:57:03 - [TEST_STEP][PASSED] - clickOffset(findTestObject("10-Open Video Conference/input_Meeting Title"), 10, 10): Object: 'Object Repository/10-Open Video Conference/input_Meeting Title' is clicked on using offset x=10 and y=10

2023-04-03 12:57:04 - [MESSAGE][PASSED] - Object: 'Object Repository/10-Open Video Conference/input_Meeting Title' is clicked on using offset x=10 and y=10

2023-04-03 12:57:04 - [TEST_STEP][PASSED] - verifyElementVisible(findTestObject("10-Open Video Conference/div_recurrence_dropdown")): Object 'Object Repository/10-Open Video Conference/div_recurrence_dropdown' is visible

2023-04-03 12:57:06 - [MESSAGE][PASSED] - Object 'Object Repository/10-Open Video Conference/div_recurrence_dropdown' is visible]]></system-out>
         <system-err><![CDATA[]]></system-err>
      </testcase>
      <testcase name="Test Cases/10-Open Video Conference/02-Invalid email" time="12.043" classname="Test Cases/10-Open Video Conference/02-Invalid email" status="PASSED">
         <system-out><![CDATA[2023-04-03 12:57:06 - [TEST_CASE][PASSED] - Test Cases/10-Open Video Conference/02-Invalid email: Test Cases/10-Open Video Conference/02-Invalid email

2023-04-03 12:57:08 - [TEST_STEP][PASSED] - delay(3): Delayed 3 second(s)

2023-04-03 12:57:11 - [MESSAGE][PASSED] - Delayed 3 second(s)

2023-04-03 12:57:11 - [TEST_STEP][PASSED] - verifyElementVisible(findTestObject("10-Open Video Conference/h5_New Guests")): Object 'Object Repository/10-Open Video Conference/h5_New Guests' is visible

2023-04-03 12:57:12 - [MESSAGE][PASSED] - Object 'Object Repository/10-Open Video Conference/h5_New Guests' is visible

2023-04-03 12:57:12 - [TEST_STEP][PASSED] - setText(findTestObject("10-Open Video Conference/input_emailPhonenumber"), "invalidemail123.com"): Text 'invalidemail123.com' is set on object 'Object Repository/10-Open Video Conference/input_emailPhonenumber'

2023-04-03 12:57:15 - [MESSAGE][PASSED] - Text 'invalidemail123.com' is set on object 'Object Repository/10-Open Video Conference/input_emailPhonenumber'

2023-04-03 12:57:15 - [TEST_STEP][PASSED] - verifyElementVisible(findTestObject("10-Open Video Conference/mat-error_Enter a valid email")): Object 'Object Repository/10-Open Video Conference/mat-error_Enter a valid email' is visible

2023-04-03 12:57:18 - [MESSAGE][PASSED] - Object 'Object Repository/10-Open Video Conference/mat-error_Enter a valid email' is visible]]></system-out>
         <system-err><![CDATA[]]></system-err>
      </testcase>
      <testcase name="Test Cases/10-Open Video Conference/03-Invalid phone number" time="10.27" classname="Test Cases/10-Open Video Conference/03-Invalid phone number" status="PASSED">
         <system-out><![CDATA[2023-04-03 12:57:18 - [TEST_CASE][PASSED] - Test Cases/10-Open Video Conference/03-Invalid phone number: Test Cases/10-Open Video Conference/03-Invalid phone number

2023-04-03 12:57:21 - [TEST_STEP][PASSED] - delay(3): Delayed 3 second(s)

2023-04-03 12:57:24 - [MESSAGE][PASSED] - Delayed 3 second(s)

2023-04-03 12:57:24 - [TEST_STEP][PASSED] - verifyElementVisible(findTestObject("10-Open Video Conference/h5_New Guests")): Object 'Object Repository/10-Open Video Conference/h5_New Guests' is visible

2023-04-03 12:57:25 - [MESSAGE][PASSED] - Object 'Object Repository/10-Open Video Conference/h5_New Guests' is visible

2023-04-03 12:57:25 - [TEST_STEP][PASSED] - setText(findTestObject("10-Open Video Conference/input_emailPhonenumber"), "+123456789"): Text '+123456789' is set on object 'Object Repository/10-Open Video Conference/input_emailPhonenumber'

2023-04-03 12:57:28 - [MESSAGE][PASSED] - Text '+123456789' is set on object 'Object Repository/10-Open Video Conference/input_emailPhonenumber'

2023-04-03 12:57:28 - [TEST_STEP][PASSED] - verifyElementVisible(findTestObject("10-Open Video Conference/mat-error_Enter a valid phone number (eg 13330001234)")): Object 'Object Repository/10-Open Video Conference/mat-error_Enter a valid phone number (eg 13330001234)' is visible

2023-04-03 12:57:29 - [MESSAGE][PASSED] - Object 'Object Repository/10-Open Video Conference/mat-error_Enter a valid phone number (eg 13330001234)' is visible]]></system-out>
         <system-err><![CDATA[]]></system-err>
      </testcase>
      <testcase name="Test Cases/10-Open Video Conference/04-Schedule a Meeting(Now)" time="57.075" classname="Test Cases/10-Open Video Conference/04-Schedule a Meeting(Now)" status="PASSED">
         <system-out><![CDATA[2023-04-03 12:57:29 - [TEST_CASE][PASSED] - Test Cases/10-Open Video Conference/04-Schedule a Meeting(Now): Test Cases/10-Open Video Conference/04-Schedule a Meeting(Now)

2023-04-03 12:57:31 - [TEST_STEP][PASSED] - delay(3): Delayed 3 second(s)

2023-04-03 12:57:34 - [MESSAGE][PASSED] - Delayed 3 second(s)

2023-04-03 12:57:34 - [TEST_STEP][PASSED] - verifyElementVisible(findTestObject("10-Open Video Conference/h5_Meeting Title")): Object 'Object Repository/10-Open Video Conference/h5_Meeting Title' is visible

2023-04-03 12:57:34 - [MESSAGE][PASSED] - Object 'Object Repository/10-Open Video Conference/h5_Meeting Title' is visible

2023-04-03 12:57:34 - [TEST_STEP][PASSED] - setText(findTestObject("10-Open Video Conference/input_Meeting Title"), "Automation Meeting"): Text 'Automation Meeting' is set on object 'Object Repository/10-Open Video Conference/input_Meeting Title'

2023-04-03 12:57:37 - [MESSAGE][PASSED] - Text 'Automation Meeting' is set on object 'Object Repository/10-Open Video Conference/input_Meeting Title'

2023-04-03 12:57:37 - [TEST_STEP][PASSED] - click(findTestObject("10-Open Video Conference/div_Now")): Object: 'Object Repository/10-Open Video Conference/div_Now' is clicked on

2023-04-03 12:57:37 - [MESSAGE][PASSED] - Object: 'Object Repository/10-Open Video Conference/div_Now' is clicked on

2023-04-03 12:57:37 - [TEST_STEP][PASSED] - delay(3): Delayed 3 second(s)

2023-04-03 12:57:40 - [MESSAGE][PASSED] - Delayed 3 second(s)

2023-04-03 12:57:40 - [TEST_STEP][PASSED] - verifyElementVisible(findTestObject("10-Open Video Conference/h5_Current Contacts")): Object 'Object Repository/10-Open Video Conference/h5_Current Contacts' is visible

2023-04-03 12:57:41 - [MESSAGE][PASSED] - Object 'Object Repository/10-Open Video Conference/h5_Current Contacts' is visible

2023-04-03 12:57:41 - [TEST_STEP][PASSED] - click(findTestObject("10-Open Video Conference/input_Current Contacts_inputSearchContacts")): Object: 'Object Repository/10-Open Video Conference/input_Current Contacts_inputSearchContacts' is clicked on

2023-04-03 12:57:42 - [MESSAGE][PASSED] - Object: 'Object Repository/10-Open Video Conference/input_Current Contacts_inputSearchContacts' is clicked on

2023-04-03 12:57:42 - [TEST_STEP][PASSED] - click(findTestObject("10-Open Video Conference/span_GG tester")): Object: 'Object Repository/10-Open Video Conference/span_GG tester' is clicked on

2023-04-03 12:57:43 - [MESSAGE][PASSED] - Object: 'Object Repository/10-Open Video Conference/span_GG tester' is clicked on

2023-04-03 12:57:43 - [TEST_STEP][PASSED] - delay(2): Delayed 2 second(s)

2023-04-03 12:57:45 - [MESSAGE][PASSED] - Delayed 2 second(s)

2023-04-03 12:57:45 - [TEST_STEP][PASSED] - clickOffset(findTestObject("10-Open Video Conference/h5_Meeting Title"), 10, 10): Object: 'Object Repository/10-Open Video Conference/h5_Meeting Title' is clicked on using offset x=10 and y=10

2023-04-03 12:57:46 - [MESSAGE][PASSED] - Object: 'Object Repository/10-Open Video Conference/h5_Meeting Title' is clicked on using offset x=10 and y=10

2023-04-03 12:57:46 - [TEST_STEP][PASSED] - delay(3): Delayed 3 second(s)

2023-04-03 12:57:49 - [MESSAGE][PASSED] - Delayed 3 second(s)

2023-04-03 12:57:49 - [TEST_STEP][PASSED] - scrollToElement(findTestObject("10-Open Video Conference/h5_New Guests"), 0): Scroll to object 'Object Repository/10-Open Video Conference/h5_New Guests' successfully

2023-04-03 12:57:49 - [MESSAGE][WARNING] - Timeout '0' is invalid. Using default page load timeout: '30'

2023-04-03 12:57:49 - [MESSAGE][PASSED] - Scroll to object 'Object Repository/10-Open Video Conference/h5_New Guests' successfully

2023-04-03 12:57:49 - [TEST_STEP][PASSED] - verifyElementVisible(findTestObject("10-Open Video Conference/h5_New Guests")): Object 'Object Repository/10-Open Video Conference/h5_New Guests' is visible

2023-04-03 12:57:50 - [MESSAGE][PASSED] - Object 'Object Repository/10-Open Video Conference/h5_New Guests' is visible

2023-04-03 12:57:50 - [TEST_STEP][PASSED] - delay(2): Delayed 2 second(s)

2023-04-03 12:57:52 - [MESSAGE][PASSED] - Delayed 2 second(s)

2023-04-03 12:57:52 - [TEST_STEP][PASSED] - setText(findTestObject("10-Open Video Conference/input_Firstname"), "Automation"): Text 'Automation' is set on object 'Object Repository/10-Open Video Conference/input_Firstname'

2023-04-03 12:57:53 - [MESSAGE][PASSED] - Text 'Automation' is set on object 'Object Repository/10-Open Video Conference/input_Firstname'

2023-04-03 12:57:53 - [TEST_STEP][PASSED] - setText(findTestObject("10-Open Video Conference/input_Lastname"), "Tester"): Text 'Tester' is set on object 'Object Repository/10-Open Video Conference/input_Lastname'

2023-04-03 12:57:55 - [MESSAGE][PASSED] - Text 'Tester' is set on object 'Object Repository/10-Open Video Conference/input_Lastname'

2023-04-03 12:57:55 - [TEST_STEP][PASSED] - setText(findTestObject("10-Open Video Conference/input_emailPhonenumber"), "+1234567890"): Text '+1234567890' is set on object 'Object Repository/10-Open Video Conference/input_emailPhonenumber'

2023-04-03 12:57:56 - [MESSAGE][PASSED] - Text '+1234567890' is set on object 'Object Repository/10-Open Video Conference/input_emailPhonenumber'

2023-04-03 12:57:56 - [TEST_STEP][PASSED] - click(findTestObject("10-Open Video Conference/button_remove_new guests")): Object: 'Object Repository/10-Open Video Conference/button_remove_new guests' is clicked on

2023-04-03 12:57:57 - [MESSAGE][PASSED] - Object: 'Object Repository/10-Open Video Conference/button_remove_new guests' is clicked on

2023-04-03 12:57:57 - [TEST_STEP][PASSED] - delay(3): Delayed 3 second(s)

2023-04-03 12:58:00 - [MESSAGE][PASSED] - Delayed 3 second(s)

2023-04-03 12:58:00 - [TEST_STEP][PASSED] - setText(findTestObject("10-Open Video Conference/input_Firstname"), "Automation"): Text 'Automation' is set on object 'Object Repository/10-Open Video Conference/input_Firstname'

2023-04-03 12:58:02 - [MESSAGE][PASSED] - Text 'Automation' is set on object 'Object Repository/10-Open Video Conference/input_Firstname'

2023-04-03 12:58:02 - [TEST_STEP][PASSED] - setText(findTestObject("10-Open Video Conference/input_Lastname"), "Tester"): Text 'Tester' is set on object 'Object Repository/10-Open Video Conference/input_Lastname'

2023-04-03 12:58:04 - [MESSAGE][PASSED] - Text 'Tester' is set on object 'Object Repository/10-Open Video Conference/input_Lastname'

2023-04-03 12:58:04 - [TEST_STEP][PASSED] - setText(findTestObject("10-Open Video Conference/input_emailPhonenumber"), "+1234567890"): Text '+1234567890' is set on object 'Object Repository/10-Open Video Conference/input_emailPhonenumber'

2023-04-03 12:58:05 - [MESSAGE][PASSED] - Text '+1234567890' is set on object 'Object Repository/10-Open Video Conference/input_emailPhonenumber'

2023-04-03 12:58:05 - [TEST_STEP][PASSED] - delay(3): Delayed 3 second(s)

2023-04-03 12:58:08 - [MESSAGE][PASSED] - Delayed 3 second(s)

2023-04-03 12:58:08 - [TEST_STEP][PASSED] - click(findTestObject("10-Open Video Conference/button_add_new guests")): Object: 'Object Repository/10-Open Video Conference/button_add_new guests' is clicked on

2023-04-03 12:58:09 - [MESSAGE][PASSED] - Object: 'Object Repository/10-Open Video Conference/button_add_new guests' is clicked on

2023-04-03 12:58:09 - [TEST_STEP][PASSED] - delay(4): Delayed 4 second(s)

2023-04-03 12:58:13 - [MESSAGE][PASSED] - Delayed 4 second(s)

2023-04-03 12:58:13 - [TEST_STEP][PASSED] - scrollToElement(findTestObject("10-Open Video Conference/h5_Meeting Title"), 0): Scroll to object 'Object Repository/10-Open Video Conference/h5_Meeting Title' successfully

2023-04-03 12:58:13 - [MESSAGE][WARNING] - Timeout '0' is invalid. Using default page load timeout: '30'

2023-04-03 12:58:14 - [MESSAGE][PASSED] - Scroll to object 'Object Repository/10-Open Video Conference/h5_Meeting Title' successfully

2023-04-03 12:58:14 - [TEST_STEP][PASSED] - click(findTestObject("10-Open Video Conference/button_Create meeting")): Object: 'Object Repository/10-Open Video Conference/button_Create meeting' is clicked on

2023-04-03 12:58:15 - [MESSAGE][PASSED] - Object: 'Object Repository/10-Open Video Conference/button_Create meeting' is clicked on

2023-04-03 12:58:15 - [TEST_STEP][PASSED] - delay(3): Delayed 3 second(s)

2023-04-03 12:58:18 - [MESSAGE][PASSED] - Delayed 3 second(s)

2023-04-03 12:58:18 - [TEST_STEP][PASSED] - verifyElementVisible(findTestObject("10-Open Video Conference/div_link_meetingroom")): Object 'Object Repository/10-Open Video Conference/div_link_meetingroom' is visible

2023-04-03 12:58:19 - [MESSAGE][PASSED] - Object 'Object Repository/10-Open Video Conference/div_link_meetingroom' is visible

2023-04-03 12:58:19 - [TEST_STEP][PASSED] - delay(2): Delayed 2 second(s)

2023-04-03 12:58:21 - [MESSAGE][PASSED] - Delayed 2 second(s)

2023-04-03 12:58:21 - [TEST_STEP][PASSED] - click(findTestObject("10-Open Video Conference/button_Create another meeting")): Object: 'Object Repository/10-Open Video Conference/button_Create another meeting' is clicked on

2023-04-03 12:58:22 - [MESSAGE][PASSED] - Object: 'Object Repository/10-Open Video Conference/button_Create another meeting' is clicked on

2023-04-03 12:58:22 - [TEST_STEP][PASSED] - delay(4): Delayed 4 second(s)

2023-04-03 12:58:26 - [MESSAGE][PASSED] - Delayed 4 second(s)]]></system-out>
         <system-err><![CDATA[]]></system-err>
      </testcase>
      <testcase name="Test Cases/10-Open Video Conference/05-Schedule a Meeting(Schedule)" time="55.03" classname="Test Cases/10-Open Video Conference/05-Schedule a Meeting(Schedule)" status="PASSED">
         <system-out><![CDATA[2023-04-03 12:58:26 - [TEST_CASE][PASSED] - Test Cases/10-Open Video Conference/05-Schedule a Meeting(Schedule): Test Cases/10-Open Video Conference/05-Schedule a Meeting(Schedule)

2023-04-03 12:58:27 - [TEST_STEP][PASSED] - delay(3): Delayed 3 second(s)

2023-04-03 12:58:30 - [MESSAGE][PASSED] - Delayed 3 second(s)

2023-04-03 12:58:30 - [TEST_STEP][PASSED] - verifyElementVisible(findTestObject("10-Open Video Conference/h5_Meeting Title")): Object 'Object Repository/10-Open Video Conference/h5_Meeting Title' is visible

2023-04-03 12:58:31 - [MESSAGE][PASSED] - Object 'Object Repository/10-Open Video Conference/h5_Meeting Title' is visible

2023-04-03 12:58:31 - [TEST_STEP][PASSED] - click(findTestObject("10-Open Video Conference/div_Schedule")): Object: 'Object Repository/10-Open Video Conference/div_Schedule' is clicked on

2023-04-03 12:58:32 - [MESSAGE][PASSED] - Object: 'Object Repository/10-Open Video Conference/div_Schedule' is clicked on

2023-04-03 12:58:32 - [TEST_STEP][PASSED] - setText(findTestObject("10-Open Video Conference/input_Meeting Title"), "Automation Meeting"): Text 'Automation Meeting' is set on object 'Object Repository/10-Open Video Conference/input_Meeting Title'

2023-04-03 12:58:34 - [MESSAGE][PASSED] - Text 'Automation Meeting' is set on object 'Object Repository/10-Open Video Conference/input_Meeting Title'

2023-04-03 12:58:34 - [TEST_STEP][PASSED] - delay(3): Delayed 3 second(s)

2023-04-03 12:58:37 - [MESSAGE][PASSED] - Delayed 3 second(s)

2023-04-03 12:58:37 - [TEST_STEP][PASSED] - click(findTestObject("10-Open Video Conference/button_Start Date")): Object: 'Object Repository/10-Open Video Conference/button_Start Date' is clicked on

2023-04-03 12:58:38 - [MESSAGE][PASSED] - Object: 'Object Repository/10-Open Video Conference/button_Start Date' is clicked on

2023-04-03 12:58:38 - [TEST_STEP][PASSED] - verifyElementVisible(findTestObject("05-Chat/08-Schedule a meeting/calendar modal")): Object 'Object Repository/05-Chat/08-Schedule a meeting/calendar modal' is visible

2023-04-03 12:58:39 - [MESSAGE][PASSED] - Object 'Object Repository/05-Chat/08-Schedule a meeting/calendar modal' is visible

2023-04-03 12:58:39 - [TEST_STEP][PASSED] - delay(3): Delayed 3 second(s)

2023-04-03 12:58:42 - [MESSAGE][PASSED] - Delayed 3 second(s)

2023-04-03 12:58:42 - [TEST_STEP][PASSED] - doubleClick(findTestObject("10-Open Video Conference/button_End Date")): Object: 'Object Repository/10-Open Video Conference/button_End Date' is double clicked on

2023-04-03 12:58:43 - [MESSAGE][PASSED] - Object: 'Object Repository/10-Open Video Conference/button_End Date' is double clicked on

2023-04-03 12:58:43 - [TEST_STEP][PASSED] - verifyElementVisible(findTestObject("05-Chat/08-Schedule a meeting/calendar modal")): Object 'Object Repository/05-Chat/08-Schedule a meeting/calendar modal' is visible

2023-04-03 12:58:44 - [MESSAGE][PASSED] - Object 'Object Repository/05-Chat/08-Schedule a meeting/calendar modal' is visible

2023-04-03 12:58:44 - [TEST_STEP][PASSED] - delay(3): Delayed 3 second(s)

2023-04-03 12:58:47 - [MESSAGE][PASSED] - Delayed 3 second(s)

2023-04-03 12:58:47 - [TEST_STEP][PASSED] - doubleClick(findTestObject("10-Open Video Conference/div_recurrence_dropdown")): Object: 'Object Repository/10-Open Video Conference/div_recurrence_dropdown' is double clicked on

2023-04-03 12:58:48 - [MESSAGE][PASSED] - Object: 'Object Repository/10-Open Video Conference/div_recurrence_dropdown' is double clicked on

2023-04-03 12:58:48 - [TEST_STEP][PASSED] - click(findTestObject("10-Open Video Conference/span_Does not repeat")): Object: 'Object Repository/10-Open Video Conference/span_Does not repeat' is clicked on

2023-04-03 12:58:49 - [MESSAGE][PASSED] - Object: 'Object Repository/10-Open Video Conference/span_Does not repeat' is clicked on

2023-04-03 12:58:49 - [TEST_STEP][PASSED] - delay(3): Delayed 3 second(s)

2023-04-03 12:58:52 - [MESSAGE][PASSED] - Delayed 3 second(s)

2023-04-03 12:58:52 - [TEST_STEP][PASSED] - scrollToElement(findTestObject("10-Open Video Conference/h5_New Guests"), 0): Scroll to object 'Object Repository/10-Open Video Conference/h5_New Guests' successfully

2023-04-03 12:58:52 - [MESSAGE][WARNING] - Timeout '0' is invalid. Using default page load timeout: '30'

2023-04-03 12:58:53 - [MESSAGE][PASSED] - Scroll to object 'Object Repository/10-Open Video Conference/h5_New Guests' successfully

2023-04-03 12:58:53 - [TEST_STEP][PASSED] - verifyElementVisible(findTestObject("10-Open Video Conference/h5_Current Contacts")): Object 'Object Repository/10-Open Video Conference/h5_Current Contacts' is visible

2023-04-03 12:58:53 - [MESSAGE][PASSED] - Object 'Object Repository/10-Open Video Conference/h5_Current Contacts' is visible

2023-04-03 12:58:53 - [TEST_STEP][PASSED] - click(findTestObject("10-Open Video Conference/input_Current Contacts_inputSearchContacts")): Object: 'Object Repository/10-Open Video Conference/input_Current Contacts_inputSearchContacts' is clicked on

2023-04-03 12:58:54 - [MESSAGE][PASSED] - Object: 'Object Repository/10-Open Video Conference/input_Current Contacts_inputSearchContacts' is clicked on

2023-04-03 12:58:54 - [TEST_STEP][PASSED] - click(findTestObject("10-Open Video Conference/span_GG tester 2")): Object: 'Object Repository/10-Open Video Conference/span_GG tester 2' is clicked on

2023-04-03 12:58:55 - [MESSAGE][PASSED] - Object: 'Object Repository/10-Open Video Conference/span_GG tester 2' is clicked on

2023-04-03 12:58:55 - [TEST_STEP][PASSED] - clickOffset(findTestObject("10-Open Video Conference/h5_Current Contacts"), 10, 10): Object: 'Object Repository/10-Open Video Conference/h5_Current Contacts' is clicked on using offset x=10 and y=10

2023-04-03 12:58:56 - [MESSAGE][PASSED] - Object: 'Object Repository/10-Open Video Conference/h5_Current Contacts' is clicked on using offset x=10 and y=10

2023-04-03 12:58:56 - [TEST_STEP][PASSED] - delay(3): Delayed 3 second(s)

2023-04-03 12:58:59 - [MESSAGE][PASSED] - Delayed 3 second(s)

2023-04-03 12:58:59 - [TEST_STEP][PASSED] - verifyElementVisible(findTestObject("10-Open Video Conference/h5_New Guests")): Object 'Object Repository/10-Open Video Conference/h5_New Guests' is visible

2023-04-03 12:59:00 - [MESSAGE][PASSED] - Object 'Object Repository/10-Open Video Conference/h5_New Guests' is visible

2023-04-03 12:59:00 - [TEST_STEP][PASSED] - setText(findTestObject("10-Open Video Conference/input_Firstname"), "Automation"): Text 'Automation' is set on object 'Object Repository/10-Open Video Conference/input_Firstname'

2023-04-03 12:59:01 - [MESSAGE][PASSED] - Text 'Automation' is set on object 'Object Repository/10-Open Video Conference/input_Firstname'

2023-04-03 12:59:01 - [TEST_STEP][PASSED] - setText(findTestObject("10-Open Video Conference/input_Lastname"), "Tester"): Text 'Tester' is set on object 'Object Repository/10-Open Video Conference/input_Lastname'

2023-04-03 12:59:03 - [MESSAGE][PASSED] - Text 'Tester' is set on object 'Object Repository/10-Open Video Conference/input_Lastname'

2023-04-03 12:59:03 - [TEST_STEP][PASSED] - setText(findTestObject("10-Open Video Conference/input_emailPhonenumber"), "+1234567890"): Text '+1234567890' is set on object 'Object Repository/10-Open Video Conference/input_emailPhonenumber'

2023-04-03 12:59:04 - [MESSAGE][PASSED] - Text '+1234567890' is set on object 'Object Repository/10-Open Video Conference/input_emailPhonenumber'

2023-04-03 12:59:04 - [TEST_STEP][PASSED] - delay(3): Delayed 3 second(s)

2023-04-03 12:59:07 - [MESSAGE][PASSED] - Delayed 3 second(s)

2023-04-03 12:59:07 - [TEST_STEP][PASSED] - scrollToElement(findTestObject("10-Open Video Conference/h5_Meeting Title"), 0): Scroll to object 'Object Repository/10-Open Video Conference/h5_Meeting Title' successfully

2023-04-03 12:59:07 - [MESSAGE][WARNING] - Timeout '0' is invalid. Using default page load timeout: '30'

2023-04-03 12:59:07 - [MESSAGE][PASSED] - Scroll to object 'Object Repository/10-Open Video Conference/h5_Meeting Title' successfully

2023-04-03 12:59:07 - [TEST_STEP][PASSED] - click(findTestObject("10-Open Video Conference/button_Create meeting")): Object: 'Object Repository/10-Open Video Conference/button_Create meeting' is clicked on

2023-04-03 12:59:08 - [MESSAGE][PASSED] - Object: 'Object Repository/10-Open Video Conference/button_Create meeting' is clicked on

2023-04-03 12:59:08 - [TEST_STEP][PASSED] - delay(3): Delayed 3 second(s)

2023-04-03 12:59:11 - [MESSAGE][PASSED] - Delayed 3 second(s)

2023-04-03 12:59:11 - [TEST_STEP][PASSED] - verifyElementVisible(findTestObject("10-Open Video Conference/div_link_meetingroom")): Object 'Object Repository/10-Open Video Conference/div_link_meetingroom' is visible

2023-04-03 12:59:12 - [MESSAGE][PASSED] - Object 'Object Repository/10-Open Video Conference/div_link_meetingroom' is visible

2023-04-03 12:59:12 - [TEST_STEP][PASSED] - delay(2): Delayed 2 second(s)

2023-04-03 12:59:14 - [MESSAGE][PASSED] - Delayed 2 second(s)

2023-04-03 12:59:14 - [TEST_STEP][PASSED] - click(findTestObject("10-Open Video Conference/button_Create another meeting")): Object: 'Object Repository/10-Open Video Conference/button_Create another meeting' is clicked on

2023-04-03 12:59:15 - [MESSAGE][PASSED] - Object: 'Object Repository/10-Open Video Conference/button_Create another meeting' is clicked on

2023-04-03 12:59:15 - [TEST_STEP][PASSED] - delay(4): Delayed 4 second(s)

2023-04-03 12:59:19 - [MESSAGE][PASSED] - Delayed 4 second(s)

2023-04-03 12:59:19 - [TEST_STEP][PASSED] - closeBrowser(): Browser is closed

2023-04-03 12:59:21 - [MESSAGE][PASSED] - Browser is closed]]></system-out>
         <system-err><![CDATA[]]></system-err>
      </testcase>
      <system-out><![CDATA[2023-04-03 12:53:35 - [TEST_SUITE][PASSED] - 10-Open Video Conference: Test Cases/10-Open Video Conference/05-Schedule a Meeting(Schedule)]]></system-out>
      <system-err><![CDATA[]]></system-err>
   </testsuite>
</testsuites>
