<?xml version="1.0" encoding="UTF-8"?>
<testsuites name="09-Settings" time="1094.714" tests="5" failures="0" errors="0">
   <testsuite name="09-Settings" tests="5" failures="0" errors="0" time="1094.714" skipped="0" timestamp="2022-10-12 16:46:47" hostname="User - DESKTOP-QCRNR4M" id="Test Suites/TS-Organization/09-Settings">
      <properties>
         <property name="deviceName" value=""/>
         <property name="devicePlatform" value=""/>
         <property name="logFolder" value="C:\\Users\\User\\Katalon Studio\\EverleaguesMain\\Reports\\20221012_164645\\TS-Organization\\09-Settings\\20221012_164645"/>
         <property name="logFiles" value="C:\\Users\\User\\Katalon Studio\\EverleaguesMain\\Reports\\20221012_164645\\TS-Organization\\09-Settings\\20221012_164645\\execution0.log"/>
         <property name="attachments" value=""/>
         <property name="hostName" value="User - DESKTOP-QCRNR4M"/>
         <property name="os" value="Windows 10 64bit"/>
         <property name="katalonVersion" value="8.4.1.208"/>
         <property name="browser" value="Chrome 106.0.0.0"/>
         <property name="hostAddress" value="192.168.5.124"/>
         <property name="sessionId" value="6ab22f48a1a4af145652b05c58578577"/>
         <property name="seleniumVersion" value="3.141.59"/>
         <property name="proxyInformation" value="ProxyInformation { proxyOption=NO_PROXY, proxyServerType=HTTP, username=, password=********, proxyServerAddress=, proxyServerPort=0, executionList=&quot;&quot;, isApplyToDesiredCapabilities=true }"/>
         <property name="platform" value="Windows 10"/>
      </properties>
      <testcase name="Test Cases/09-Settings/01 - Users (Invite new user but field are blank)" time="94.853" classname="Test Cases/09-Settings/01 - Users (Invite new user but field are blank)" status="PASSED">
         <system-out><![CDATA[2022-10-12 16:46:48 - [TEST_CASE][PASSED] - Test Cases/09-Settings/01 - Users (Invite new user but field are blank): Test Cases/09-Settings/01 - Users (Invite new user but field are blank)

2022-10-12 16:46:48 - [TEST_STEP][PASSED] - openBrowser(""): Browser is opened with url: ''

2022-10-12 16:46:48 - [MESSAGE][INFO] - Starting 'Chrome' driver

2022-10-12 16:46:49 - [MESSAGE][INFO] - Action delay is set to 0 milliseconds

2022-10-12 16:46:50 - [MESSAGE][PASSED] - Browser is opened with url: ''

2022-10-12 16:46:50 - [TEST_STEP][PASSED] - navigateToUrl("https://lab.everleagues.com/"): Navigate to 'https://lab.everleagues.com/' successfully

2022-10-12 16:47:01 - [MESSAGE][PASSED] - Navigate to 'https://lab.everleagues.com/' successfully

2022-10-12 16:47:01 - [TEST_STEP][PASSED] - maximizeWindow(): Current window maximized

2022-10-12 16:47:01 - [MESSAGE][PASSED] - Current window maximized

2022-10-12 16:47:01 - [TEST_STEP][PASSED] - setText(findTestObject("02-Side Icons(Organization)/Add Contact/Email Field"), "testuser02@mailinator.com"): Text 'testuser02@mailinator.com' is set on object 'Object Repository/02-Side Icons(Organization)/Add Contact/Email Field'

2022-10-12 16:47:02 - [MESSAGE][PASSED] - Text 'testuser02@mailinator.com' is set on object 'Object Repository/02-Side Icons(Organization)/Add Contact/Email Field'

2022-10-12 16:47:02 - [TEST_STEP][PASSED] - setEncryptedText(findTestObject("02-Side Icons(Organization)/Add Contact/Password Field"), "8yFRyszE6U6jvsCn51OQbg=="): Text ****** has been set on object 'Object Repository/02-Side Icons(Organization)/Add Contact/Password Field'

2022-10-12 16:47:02 - [MESSAGE][PASSED] - Text ****** has been set on object 'Object Repository/02-Side Icons(Organization)/Add Contact/Password Field'

2022-10-12 16:47:02 - [TEST_STEP][PASSED] - click(findTestObject("02-Side Icons(Organization)/Add Contact/button_Sign in")): Object: 'Object Repository/02-Side Icons(Organization)/Add Contact/button_Sign in' is clicked on

2022-10-12 16:47:03 - [MESSAGE][PASSED] - Object: 'Object Repository/02-Side Icons(Organization)/Add Contact/button_Sign in' is clicked on

2022-10-12 16:47:03 - [TEST_STEP][PASSED] - delay(2): Delayed 2 second(s)

2022-10-12 16:47:05 - [MESSAGE][PASSED] - Delayed 2 second(s)

2022-10-12 16:47:05 - [TEST_STEP][PASSED] - click(findTestObject("06-Teams/For 2FA/button_Confirm_2FA")): Object: 'Object Repository/06-Teams/For 2FA/button_Confirm_2FA' is clicked on

2022-10-12 16:47:06 - [MESSAGE][PASSED] - Object: 'Object Repository/06-Teams/For 2FA/button_Confirm_2FA' is clicked on

2022-10-12 16:47:06 - [TEST_STEP][PASSED] - executeJavaScript("window.open();", []): Execute JavaScript 'window.open();' successfully

2022-10-12 16:47:06 - [MESSAGE][PASSED] - Execute JavaScript 'window.open();' successfully

2022-10-12 16:47:06 - [TEST_STEP][PASSED] - currentWindow = getWindowIndex(): Current window's index is: 0

2022-10-12 16:47:06 - [MESSAGE][PASSED] - Current window's index is: 0

2022-10-12 16:47:06 - [TEST_STEP][PASSED] - delay(3): Delayed 3 second(s)

2022-10-12 16:47:09 - [MESSAGE][PASSED] - Delayed 3 second(s)

2022-10-12 16:47:09 - [TEST_STEP][PASSED] - switchToWindowIndex(currentWindow + 1): Switched to window with index: '1'

2022-10-12 16:47:09 - [MESSAGE][PASSED] - Switched to window with index: '1'

2022-10-12 16:47:09 - [TEST_STEP][PASSED] - navigateToUrl("https://www.mailinator.com/"): Navigate to 'https://www.mailinator.com/' successfully

2022-10-12 16:47:11 - [MESSAGE][PASSED] - Navigate to 'https://www.mailinator.com/' successfully

2022-10-12 16:47:11 - [TEST_STEP][PASSED] - delay(3): Delayed 3 second(s)

2022-10-12 16:47:14 - [MESSAGE][PASSED] - Delayed 3 second(s)

2022-10-12 16:47:14 - [TEST_STEP][PASSED] - setText(findTestObject("00-Signup and Activation/zMailinator/input_LOGIN_search"), "testuser02@mailinator.com"): Text 'testuser02@mailinator.com' is set on object 'Object Repository/00-Signup and Activation/zMailinator/input_LOGIN_search'

2022-10-12 16:47:14 - [MESSAGE][PASSED] - Text 'testuser02@mailinator.com' is set on object 'Object Repository/00-Signup and Activation/zMailinator/input_LOGIN_search'

2022-10-12 16:47:14 - [TEST_STEP][PASSED] - click(findTestObject("00-Signup and Activation/zMailinator/gobutton"), STOP_ON_FAILURE): Object: 'Object Repository/00-Signup and Activation/zMailinator/gobutton' is clicked on

2022-10-12 16:47:16 - [MESSAGE][PASSED] - Object: 'Object Repository/00-Signup and Activation/zMailinator/gobutton' is clicked on

2022-10-12 16:47:16 - [TEST_STEP][PASSED] - delay(3): Delayed 3 second(s)

2022-10-12 16:47:19 - [MESSAGE][PASSED] - Delayed 3 second(s)

2022-10-12 16:47:19 - [TEST_STEP][PASSED] - click(findTestObject("00-Signup and Activation/zMailinator/Email - everleagues")): Object: 'Object Repository/00-Signup and Activation/zMailinator/Email - everleagues' is clicked on

2022-10-12 16:47:19 - [MESSAGE][PASSED] - Object: 'Object Repository/00-Signup and Activation/zMailinator/Email - everleagues' is clicked on

2022-10-12 16:47:19 - [TEST_STEP][PASSED] - delay(3): Delayed 3 second(s)

2022-10-12 16:47:22 - [MESSAGE][PASSED] - Delayed 3 second(s)

2022-10-12 16:47:22 - [TEST_STEP][PASSED] - code = getText(findTestObject("Object Repository/06-Teams/For 2FA/2FA code")): Text of object 'Object Repository/06-Teams/For 2FA/2FA code' is: '908818'

2022-10-12 16:47:22 - [MESSAGE][PASSED] - Text of object 'Object Repository/06-Teams/For 2FA/2FA code' is: '908818'

2022-10-12 16:47:22 - [TEST_STEP][PASSED] - delay(3): Delayed 3 second(s)

2022-10-12 16:47:25 - [MESSAGE][PASSED] - Delayed 3 second(s)

2022-10-12 16:47:25 - [TEST_STEP][PASSED] - closeWindowTitle("Mailinator"): Window with title: 'Mailinator' is closed

2022-10-12 16:47:26 - [MESSAGE][PASSED] - Window with title: 'Mailinator' is closed

2022-10-12 16:47:26 - [TEST_STEP][PASSED] - delay(3): Delayed 3 second(s)

2022-10-12 16:47:29 - [MESSAGE][PASSED] - Delayed 3 second(s)

2022-10-12 16:47:29 - [TEST_STEP][PASSED] - switchToWindowIndex(0): Switched to window with index: '0'

2022-10-12 16:47:29 - [MESSAGE][PASSED] - Switched to window with index: '0'

2022-10-12 16:47:29 - [TEST_STEP][PASSED] - delay(3): Delayed 3 second(s)

2022-10-12 16:47:32 - [MESSAGE][PASSED] - Delayed 3 second(s)

2022-10-12 16:47:32 - [TEST_STEP][PASSED] - setText(findTestObject("Object Repository/06-Teams/For 2FA/input_Enter verification code_code"), code): Text '908818' is set on object 'Object Repository/06-Teams/For 2FA/input_Enter verification code_code'

2022-10-12 16:47:33 - [MESSAGE][PASSED] - Text '908818' is set on object 'Object Repository/06-Teams/For 2FA/input_Enter verification code_code'

2022-10-12 16:47:33 - [TEST_STEP][PASSED] - delay(3): Delayed 3 second(s)

2022-10-12 16:47:36 - [MESSAGE][PASSED] - Delayed 3 second(s)

2022-10-12 16:47:36 - [TEST_STEP][PASSED] - click(findTestObject("06-Teams/For 2FA/button_Verify_2FA")): Object: 'Object Repository/06-Teams/For 2FA/button_Verify_2FA' is clicked on

2022-10-12 16:47:36 - [MESSAGE][PASSED] - Object: 'Object Repository/06-Teams/For 2FA/button_Verify_2FA' is clicked on

2022-10-12 16:47:36 - [TEST_STEP][PASSED] - delay(5): Delayed 5 second(s)

2022-10-12 16:47:41 - [MESSAGE][PASSED] - Delayed 5 second(s)

2022-10-12 16:47:41 - [TEST_STEP][PASSED] - click(findTestObject("06-Teams/button_doublearrow")): Object: 'Object Repository/06-Teams/button_doublearrow' is clicked on

2022-10-12 16:47:42 - [MESSAGE][PASSED] - Object: 'Object Repository/06-Teams/button_doublearrow' is clicked on

2022-10-12 16:47:42 - [TEST_STEP][PASSED] - click(findTestObject("06-Teams/button_My Organizations")): Object: 'Object Repository/06-Teams/button_My Organizations' is clicked on

2022-10-12 16:47:42 - [MESSAGE][PASSED] - Object: 'Object Repository/06-Teams/button_My Organizations' is clicked on

2022-10-12 16:47:42 - [TEST_STEP][PASSED] - click(findTestObject("06-Teams/button_GG Automation")): Object: 'Object Repository/06-Teams/button_GG Automation' is clicked on

2022-10-12 16:47:43 - [MESSAGE][PASSED] - Object: 'Object Repository/06-Teams/button_GG Automation' is clicked on

2022-10-12 16:47:43 - [TEST_STEP][PASSED] - delay(4): Delayed 4 second(s)

2022-10-12 16:47:47 - [MESSAGE][PASSED] - Delayed 4 second(s)

2022-10-12 16:47:47 - [TEST_STEP][PASSED] - verifyElementVisible(findTestObject("06-Teams/span_GG Automation")): Object 'Object Repository/06-Teams/span_GG Automation' is visible

2022-10-12 16:47:48 - [MESSAGE][PASSED] - Object 'Object Repository/06-Teams/span_GG Automation' is visible

2022-10-12 16:47:48 - [TEST_STEP][PASSED] - delay(10): Delayed 10 second(s)

2022-10-12 16:47:58 - [MESSAGE][PASSED] - Delayed 10 second(s)

2022-10-12 16:47:58 - [TEST_STEP][PASSED] - click(findTestObject("03-Header Menu/Hamburger Button/div_Settings")): Object: 'Object Repository/03-Header Menu/Hamburger Button/div_Settings' is clicked on

2022-10-12 16:47:58 - [MESSAGE][PASSED] - Object: 'Object Repository/03-Header Menu/Hamburger Button/div_Settings' is clicked on

2022-10-12 16:47:58 - [TEST_STEP][PASSED] - verifyElementVisible(findTestObject("09-Settings/Users/div_Organization")): Object 'Object Repository/09-Settings/Users/div_Organization' is visible

2022-10-12 16:47:59 - [MESSAGE][PASSED] - Object 'Object Repository/09-Settings/Users/div_Organization' is visible

2022-10-12 16:47:59 - [TEST_STEP][PASSED] - verifyElementVisible(findTestObject("09-Settings/Users/div_Organization Units")): Object 'Object Repository/09-Settings/Users/div_Organization Units' is visible

2022-10-12 16:48:00 - [MESSAGE][PASSED] - Object 'Object Repository/09-Settings/Users/div_Organization Units' is visible

2022-10-12 16:48:00 - [TEST_STEP][PASSED] - verifyElementVisible(findTestObject("09-Settings/Users/div_Subscriptions")): Object 'Object Repository/09-Settings/Users/div_Subscriptions' is visible

2022-10-12 16:48:00 - [MESSAGE][PASSED] - Object 'Object Repository/09-Settings/Users/div_Subscriptions' is visible

2022-10-12 16:48:00 - [TEST_STEP][PASSED] - verifyElementVisible(findTestObject("09-Settings/Users/div_Users")): Object 'Object Repository/09-Settings/Users/div_Users' is visible

2022-10-12 16:48:00 - [MESSAGE][PASSED] - Object 'Object Repository/09-Settings/Users/div_Users' is visible

2022-10-12 16:48:00 - [TEST_STEP][PASSED] - delay(3): Delayed 3 second(s)

2022-10-12 16:48:03 - [MESSAGE][PASSED] - Delayed 3 second(s)

2022-10-12 16:48:03 - [TEST_STEP][PASSED] - click(findTestObject("09-Settings/Users/div_Users")): Object: 'Object Repository/09-Settings/Users/div_Users' is clicked on

2022-10-12 16:48:04 - [MESSAGE][PASSED] - Object: 'Object Repository/09-Settings/Users/div_Users' is clicked on

2022-10-12 16:48:04 - [TEST_STEP][PASSED] - verifyElementVisible(findTestObject("09-Settings/Users/h4_USERS")): Object 'Object Repository/09-Settings/Users/h4_USERS' is visible

2022-10-12 16:48:05 - [MESSAGE][PASSED] - Object 'Object Repository/09-Settings/Users/h4_USERS' is visible

2022-10-12 16:48:05 - [TEST_STEP][PASSED] - verifyElementVisible(findTestObject("09-Settings/Users/User Page")): Object 'Object Repository/09-Settings/Users/User Page' is visible

2022-10-12 16:48:05 - [MESSAGE][PASSED] - Object 'Object Repository/09-Settings/Users/User Page' is visible

2022-10-12 16:48:05 - [TEST_STEP][PASSED] - delay(3): Delayed 3 second(s)

2022-10-12 16:48:08 - [MESSAGE][PASSED] - Delayed 3 second(s)

2022-10-12 16:48:08 - [TEST_STEP][PASSED] - click(findTestObject("09-Settings/Users/button_add")): Object: 'Object Repository/09-Settings/Users/button_add' is clicked on

2022-10-12 16:48:09 - [MESSAGE][PASSED] - Object: 'Object Repository/09-Settings/Users/button_add' is clicked on

2022-10-12 16:48:09 - [TEST_STEP][PASSED] - verifyElementVisible(findTestObject("09-Settings/Users/User Invitation modal")): Object 'Object Repository/09-Settings/Users/User Invitation modal' is visible

2022-10-12 16:48:09 - [MESSAGE][PASSED] - Object 'Object Repository/09-Settings/Users/User Invitation modal' is visible

2022-10-12 16:48:09 - [TEST_STEP][PASSED] - delay(3): Delayed 3 second(s)

2022-10-12 16:48:12 - [MESSAGE][PASSED] - Delayed 3 second(s)

2022-10-12 16:48:12 - [TEST_STEP][PASSED] - click(findTestObject("09-Settings/Users/add Invite a single user")): Object: 'Object Repository/09-Settings/Users/add Invite a single user' is clicked on

2022-10-12 16:48:13 - [MESSAGE][PASSED] - Object: 'Object Repository/09-Settings/Users/add Invite a single user' is clicked on

2022-10-12 16:48:13 - [TEST_STEP][PASSED] - verifyElementVisible(findTestObject("09-Settings/Users/Invite new user modal")): Object 'Object Repository/09-Settings/Users/Invite new user modal' is visible

2022-10-12 16:48:14 - [MESSAGE][PASSED] - Object 'Object Repository/09-Settings/Users/Invite new user modal' is visible

2022-10-12 16:48:14 - [TEST_STEP][PASSED] - click(findTestObject("09-Settings/Users/input_email")): Object: 'Object Repository/09-Settings/Users/input_email' is clicked on

2022-10-12 16:48:14 - [MESSAGE][PASSED] - Object: 'Object Repository/09-Settings/Users/input_email' is clicked on

2022-10-12 16:48:14 - [TEST_STEP][PASSED] - click(findTestObject("09-Settings/Users/input_firstName")): Object: 'Object Repository/09-Settings/Users/input_firstName' is clicked on

2022-10-12 16:48:15 - [MESSAGE][PASSED] - Object: 'Object Repository/09-Settings/Users/input_firstName' is clicked on

2022-10-12 16:48:15 - [TEST_STEP][PASSED] - click(findTestObject("09-Settings/Users/input_lastName")): Object: 'Object Repository/09-Settings/Users/input_lastName' is clicked on

2022-10-12 16:48:15 - [MESSAGE][PASSED] - Object: 'Object Repository/09-Settings/Users/input_lastName' is clicked on

2022-10-12 16:48:15 - [TEST_STEP][PASSED] - click(findTestObject("09-Settings/Users/span_Role")): Object: 'Object Repository/09-Settings/Users/span_Role' is clicked on

2022-10-12 16:48:16 - [MESSAGE][PASSED] - Object: 'Object Repository/09-Settings/Users/span_Role' is clicked on

2022-10-12 16:48:16 - [TEST_STEP][PASSED] - clickOffset(findTestObject("09-Settings/Users/h4_Invite New User"), 100, 100): Object: 'Object Repository/09-Settings/Users/h4_Invite New User' is clicked on using offset x=100 and y=100

2022-10-12 16:48:16 - [MESSAGE][PASSED] - Object: 'Object Repository/09-Settings/Users/h4_Invite New User' is clicked on using offset x=100 and y=100

2022-10-12 16:48:16 - [TEST_STEP][PASSED] - verifyElementVisible(findTestObject("09-Settings/Users/Email required")): Object 'Object Repository/09-Settings/Users/Email required' is visible

2022-10-12 16:48:18 - [MESSAGE][PASSED] - Object 'Object Repository/09-Settings/Users/Email required' is visible

2022-10-12 16:48:18 - [TEST_STEP][PASSED] - verifyElementVisible(findTestObject("09-Settings/Users/Firstname required")): Object 'Object Repository/09-Settings/Users/Firstname required' is visible

2022-10-12 16:48:18 - [MESSAGE][PASSED] - Object 'Object Repository/09-Settings/Users/Firstname required' is visible

2022-10-12 16:48:18 - [TEST_STEP][PASSED] - verifyElementVisible(findTestObject("09-Settings/Users/last name required")): Object 'Object Repository/09-Settings/Users/last name required' is visible

2022-10-12 16:48:18 - [MESSAGE][PASSED] - Object 'Object Repository/09-Settings/Users/last name required' is visible

2022-10-12 16:48:18 - [TEST_STEP][PASSED] - verifyElementVisible(findTestObject("09-Settings/Users/error_Select a role")): Object 'Object Repository/09-Settings/Users/error_Select a role' is visible

2022-10-12 16:48:19 - [MESSAGE][PASSED] - Object 'Object Repository/09-Settings/Users/error_Select a role' is visible

2022-10-12 16:48:19 - [TEST_STEP][PASSED] - delay(3): Delayed 3 second(s)

2022-10-12 16:48:22 - [MESSAGE][PASSED] - Delayed 3 second(s)

2022-10-12 16:48:22 - [TEST_STEP][PASSED] - closeBrowser(): Browser is closed

2022-10-12 16:48:23 - [MESSAGE][PASSED] - Browser is closed]]></system-out>
         <system-err><![CDATA[]]></system-err>
      </testcase>
      <testcase name="Test Cases/09-Settings/02 - Users (Invite new user as co worker)" time="422.597" classname="Test Cases/09-Settings/02 - Users (Invite new user as co worker)" status="PASSED">
         <system-out><![CDATA[2022-10-12 16:48:23 - [TEST_CASE][PASSED] - Test Cases/09-Settings/02 - Users (Invite new user as co worker): Test Cases/09-Settings/02 - Users (Invite new user as co worker)

2022-10-12 16:48:23 - [TEST_STEP][PASSED] - openBrowser(""): Browser is opened with url: ''

2022-10-12 16:48:23 - [MESSAGE][INFO] - Starting 'Chrome' driver

2022-10-12 16:48:23 - [MESSAGE][INFO] - Action delay is set to 0 milliseconds

2022-10-12 16:48:24 - [MESSAGE][PASSED] - Browser is opened with url: ''

2022-10-12 16:48:24 - [TEST_STEP][PASSED] - navigateToUrl("https://lab.everleagues.com/"): Navigate to 'https://lab.everleagues.com/' successfully

2022-10-12 16:48:35 - [MESSAGE][PASSED] - Navigate to 'https://lab.everleagues.com/' successfully

2022-10-12 16:48:35 - [TEST_STEP][PASSED] - maximizeWindow(): Current window maximized

2022-10-12 16:48:35 - [MESSAGE][PASSED] - Current window maximized

2022-10-12 16:48:35 - [TEST_STEP][PASSED] - setText(findTestObject("02-Side Icons(Organization)/Add Contact/Email Field"), "testuser02@mailinator.com"): Text 'testuser02@mailinator.com' is set on object 'Object Repository/02-Side Icons(Organization)/Add Contact/Email Field'

2022-10-12 16:48:36 - [MESSAGE][PASSED] - Text 'testuser02@mailinator.com' is set on object 'Object Repository/02-Side Icons(Organization)/Add Contact/Email Field'

2022-10-12 16:48:36 - [TEST_STEP][PASSED] - setEncryptedText(findTestObject("02-Side Icons(Organization)/Add Contact/Password Field"), "8yFRyszE6U6jvsCn51OQbg=="): Text ****** has been set on object 'Object Repository/02-Side Icons(Organization)/Add Contact/Password Field'

2022-10-12 16:48:36 - [MESSAGE][PASSED] - Text ****** has been set on object 'Object Repository/02-Side Icons(Organization)/Add Contact/Password Field'

2022-10-12 16:48:36 - [TEST_STEP][PASSED] - click(findTestObject("02-Side Icons(Organization)/Add Contact/button_Sign in")): Object: 'Object Repository/02-Side Icons(Organization)/Add Contact/button_Sign in' is clicked on

2022-10-12 16:48:37 - [MESSAGE][PASSED] - Object: 'Object Repository/02-Side Icons(Organization)/Add Contact/button_Sign in' is clicked on

2022-10-12 16:48:37 - [TEST_STEP][PASSED] - delay(2): Delayed 2 second(s)

2022-10-12 16:48:39 - [MESSAGE][PASSED] - Delayed 2 second(s)

2022-10-12 16:48:39 - [TEST_STEP][PASSED] - click(findTestObject("06-Teams/For 2FA/button_Confirm_2FA")): Object: 'Object Repository/06-Teams/For 2FA/button_Confirm_2FA' is clicked on

2022-10-12 16:48:40 - [MESSAGE][PASSED] - Object: 'Object Repository/06-Teams/For 2FA/button_Confirm_2FA' is clicked on

2022-10-12 16:48:40 - [TEST_STEP][PASSED] - executeJavaScript("window.open();", []): Execute JavaScript 'window.open();' successfully

2022-10-12 16:48:40 - [MESSAGE][PASSED] - Execute JavaScript 'window.open();' successfully

2022-10-12 16:48:40 - [TEST_STEP][PASSED] - currentWindow = getWindowIndex(): Current window's index is: 0

2022-10-12 16:48:40 - [MESSAGE][PASSED] - Current window's index is: 0

2022-10-12 16:48:40 - [TEST_STEP][PASSED] - delay(3): Delayed 3 second(s)

2022-10-12 16:48:43 - [MESSAGE][PASSED] - Delayed 3 second(s)

2022-10-12 16:48:43 - [TEST_STEP][PASSED] - switchToWindowIndex(currentWindow + 1): Switched to window with index: '1'

2022-10-12 16:48:43 - [MESSAGE][PASSED] - Switched to window with index: '1'

2022-10-12 16:48:43 - [TEST_STEP][PASSED] - navigateToUrl("https://www.mailinator.com/"): Navigate to 'https://www.mailinator.com/' successfully

2022-10-12 16:48:45 - [MESSAGE][PASSED] - Navigate to 'https://www.mailinator.com/' successfully

2022-10-12 16:48:45 - [TEST_STEP][PASSED] - delay(3): Delayed 3 second(s)

2022-10-12 16:48:48 - [MESSAGE][PASSED] - Delayed 3 second(s)

2022-10-12 16:48:48 - [TEST_STEP][PASSED] - setText(findTestObject("00-Signup and Activation/zMailinator/input_LOGIN_search"), "testuser02@mailinator.com"): Text 'testuser02@mailinator.com' is set on object 'Object Repository/00-Signup and Activation/zMailinator/input_LOGIN_search'

2022-10-12 16:48:48 - [MESSAGE][PASSED] - Text 'testuser02@mailinator.com' is set on object 'Object Repository/00-Signup and Activation/zMailinator/input_LOGIN_search'

2022-10-12 16:48:48 - [TEST_STEP][PASSED] - click(findTestObject("00-Signup and Activation/zMailinator/gobutton"), STOP_ON_FAILURE): Object: 'Object Repository/00-Signup and Activation/zMailinator/gobutton' is clicked on

2022-10-12 16:48:50 - [MESSAGE][PASSED] - Object: 'Object Repository/00-Signup and Activation/zMailinator/gobutton' is clicked on

2022-10-12 16:48:50 - [TEST_STEP][PASSED] - delay(3): Delayed 3 second(s)

2022-10-12 16:48:53 - [MESSAGE][PASSED] - Delayed 3 second(s)

2022-10-12 16:48:53 - [TEST_STEP][PASSED] - click(findTestObject("00-Signup and Activation/zMailinator/Email - everleagues")): Object: 'Object Repository/00-Signup and Activation/zMailinator/Email - everleagues' is clicked on

2022-10-12 16:48:53 - [MESSAGE][PASSED] - Object: 'Object Repository/00-Signup and Activation/zMailinator/Email - everleagues' is clicked on

2022-10-12 16:48:53 - [TEST_STEP][PASSED] - delay(3): Delayed 3 second(s)

2022-10-12 16:48:56 - [MESSAGE][PASSED] - Delayed 3 second(s)

2022-10-12 16:48:56 - [TEST_STEP][PASSED] - code = getText(findTestObject("Object Repository/06-Teams/For 2FA/2FA code")): Text of object 'Object Repository/06-Teams/For 2FA/2FA code' is: '455549'

2022-10-12 16:48:57 - [MESSAGE][PASSED] - Text of object 'Object Repository/06-Teams/For 2FA/2FA code' is: '455549'

2022-10-12 16:48:57 - [TEST_STEP][PASSED] - delay(3): Delayed 3 second(s)

2022-10-12 16:49:00 - [MESSAGE][PASSED] - Delayed 3 second(s)

2022-10-12 16:49:00 - [TEST_STEP][PASSED] - closeWindowTitle("Mailinator"): Window with title: 'Mailinator' is closed

2022-10-12 16:49:00 - [MESSAGE][PASSED] - Window with title: 'Mailinator' is closed

2022-10-12 16:49:00 - [TEST_STEP][PASSED] - delay(3): Delayed 3 second(s)

2022-10-12 16:49:03 - [MESSAGE][PASSED] - Delayed 3 second(s)

2022-10-12 16:49:03 - [TEST_STEP][PASSED] - switchToWindowIndex(0): Switched to window with index: '0'

2022-10-12 16:49:03 - [MESSAGE][PASSED] - Switched to window with index: '0'

2022-10-12 16:49:03 - [TEST_STEP][PASSED] - delay(3): Delayed 3 second(s)

2022-10-12 16:49:06 - [MESSAGE][PASSED] - Delayed 3 second(s)

2022-10-12 16:49:06 - [TEST_STEP][PASSED] - setText(findTestObject("Object Repository/06-Teams/For 2FA/input_Enter verification code_code"), code): Text '455549' is set on object 'Object Repository/06-Teams/For 2FA/input_Enter verification code_code'

2022-10-12 16:49:07 - [MESSAGE][PASSED] - Text '455549' is set on object 'Object Repository/06-Teams/For 2FA/input_Enter verification code_code'

2022-10-12 16:49:07 - [TEST_STEP][PASSED] - delay(3): Delayed 3 second(s)

2022-10-12 16:49:10 - [MESSAGE][PASSED] - Delayed 3 second(s)

2022-10-12 16:49:10 - [TEST_STEP][PASSED] - click(findTestObject("06-Teams/For 2FA/button_Verify_2FA")): Object: 'Object Repository/06-Teams/For 2FA/button_Verify_2FA' is clicked on

2022-10-12 16:49:10 - [MESSAGE][PASSED] - Object: 'Object Repository/06-Teams/For 2FA/button_Verify_2FA' is clicked on

2022-10-12 16:49:10 - [TEST_STEP][PASSED] - delay(5): Delayed 5 second(s)

2022-10-12 16:49:15 - [MESSAGE][PASSED] - Delayed 5 second(s)

2022-10-12 16:49:15 - [TEST_STEP][PASSED] - click(findTestObject("06-Teams/button_doublearrow")): Object: 'Object Repository/06-Teams/button_doublearrow' is clicked on

2022-10-12 16:49:16 - [MESSAGE][PASSED] - Object: 'Object Repository/06-Teams/button_doublearrow' is clicked on

2022-10-12 16:49:16 - [TEST_STEP][PASSED] - click(findTestObject("06-Teams/button_My Organizations")): Object: 'Object Repository/06-Teams/button_My Organizations' is clicked on

2022-10-12 16:49:16 - [MESSAGE][PASSED] - Object: 'Object Repository/06-Teams/button_My Organizations' is clicked on

2022-10-12 16:49:16 - [TEST_STEP][PASSED] - click(findTestObject("06-Teams/button_GG Automation")): Object: 'Object Repository/06-Teams/button_GG Automation' is clicked on

2022-10-12 16:49:17 - [MESSAGE][PASSED] - Object: 'Object Repository/06-Teams/button_GG Automation' is clicked on

2022-10-12 16:49:17 - [TEST_STEP][PASSED] - delay(4): Delayed 4 second(s)

2022-10-12 16:49:21 - [MESSAGE][PASSED] - Delayed 4 second(s)

2022-10-12 16:49:21 - [TEST_STEP][PASSED] - verifyElementVisible(findTestObject("06-Teams/span_GG Automation")): Object 'Object Repository/06-Teams/span_GG Automation' is visible

2022-10-12 16:49:22 - [MESSAGE][PASSED] - Object 'Object Repository/06-Teams/span_GG Automation' is visible

2022-10-12 16:49:22 - [TEST_STEP][PASSED] - delay(10): Delayed 10 second(s)

2022-10-12 16:49:32 - [MESSAGE][PASSED] - Delayed 10 second(s)

2022-10-12 16:49:32 - [TEST_STEP][PASSED] - click(findTestObject("03-Header Menu/Hamburger Button/div_Settings")): Object: 'Object Repository/03-Header Menu/Hamburger Button/div_Settings' is clicked on

2022-10-12 16:49:32 - [MESSAGE][PASSED] - Object: 'Object Repository/03-Header Menu/Hamburger Button/div_Settings' is clicked on

2022-10-12 16:49:32 - [TEST_STEP][PASSED] - delay(3): Delayed 3 second(s)

2022-10-12 16:49:35 - [MESSAGE][PASSED] - Delayed 3 second(s)

2022-10-12 16:49:35 - [TEST_STEP][PASSED] - click(findTestObject("09-Settings/Users/div_Users")): Object: 'Object Repository/09-Settings/Users/div_Users' is clicked on

2022-10-12 16:49:36 - [MESSAGE][PASSED] - Object: 'Object Repository/09-Settings/Users/div_Users' is clicked on

2022-10-12 16:49:36 - [TEST_STEP][PASSED] - delay(3): Delayed 3 second(s)

2022-10-12 16:49:39 - [MESSAGE][PASSED] - Delayed 3 second(s)

2022-10-12 16:49:39 - [TEST_STEP][PASSED] - click(findTestObject("09-Settings/Users/button_add")): Object: 'Object Repository/09-Settings/Users/button_add' is clicked on

2022-10-12 16:49:39 - [MESSAGE][PASSED] - Object: 'Object Repository/09-Settings/Users/button_add' is clicked on

2022-10-12 16:49:39 - [TEST_STEP][PASSED] - delay(3): Delayed 3 second(s)

2022-10-12 16:49:42 - [MESSAGE][PASSED] - Delayed 3 second(s)

2022-10-12 16:49:42 - [TEST_STEP][PASSED] - click(findTestObject("09-Settings/Users/add Invite a single user")): Object: 'Object Repository/09-Settings/Users/add Invite a single user' is clicked on

2022-10-12 16:49:42 - [MESSAGE][PASSED] - Object: 'Object Repository/09-Settings/Users/add Invite a single user' is clicked on

2022-10-12 16:49:42 - [TEST_STEP][PASSED] - delay(3): Delayed 3 second(s)

2022-10-12 16:49:45 - [MESSAGE][PASSED] - Delayed 3 second(s)

2022-10-12 16:49:45 - [TEST_STEP][PASSED] - setText(findTestObject("09-Settings/Users/input_email"), "autotester04@mailinator.com"): Text 'autotester04@mailinator.com' is set on object 'Object Repository/09-Settings/Users/input_email'

2022-10-12 16:49:46 - [MESSAGE][PASSED] - Text 'autotester04@mailinator.com' is set on object 'Object Repository/09-Settings/Users/input_email'

2022-10-12 16:49:46 - [TEST_STEP][PASSED] - setText(findTestObject("09-Settings/Users/input_firstName"), "GG"): Text 'GG' is set on object 'Object Repository/09-Settings/Users/input_firstName'

2022-10-12 16:49:47 - [MESSAGE][PASSED] - Text 'GG' is set on object 'Object Repository/09-Settings/Users/input_firstName'

2022-10-12 16:49:47 - [TEST_STEP][PASSED] - setText(findTestObject("09-Settings/Users/input_lastName"), "Auto Contact 2"): Text 'Auto Contact 2' is set on object 'Object Repository/09-Settings/Users/input_lastName'

2022-10-12 16:49:48 - [MESSAGE][PASSED] - Text 'Auto Contact 2' is set on object 'Object Repository/09-Settings/Users/input_lastName'

2022-10-12 16:49:48 - [TEST_STEP][PASSED] - click(findTestObject("09-Settings/Users/span_Role")): Object: 'Object Repository/09-Settings/Users/span_Role' is clicked on

2022-10-12 16:49:48 - [MESSAGE][PASSED] - Object: 'Object Repository/09-Settings/Users/span_Role' is clicked on

2022-10-12 16:49:48 - [TEST_STEP][PASSED] - click(findTestObject("09-Settings/Users/span_CoWorker")): Object: 'Object Repository/09-Settings/Users/span_CoWorker' is clicked on

2022-10-12 16:49:49 - [MESSAGE][PASSED] - Object: 'Object Repository/09-Settings/Users/span_CoWorker' is clicked on

2022-10-12 16:49:49 - [TEST_STEP][PASSED] - click(findTestObject("09-Settings/Users/button_Send Invitation")): Object: 'Object Repository/09-Settings/Users/button_Send Invitation' is clicked on

2022-10-12 16:49:50 - [MESSAGE][PASSED] - Object: 'Object Repository/09-Settings/Users/button_Send Invitation' is clicked on

2022-10-12 16:49:50 - [TEST_STEP][PASSED] - delay(2): Delayed 2 second(s)

2022-10-12 16:49:52 - [MESSAGE][PASSED] - Delayed 2 second(s)

2022-10-12 16:49:52 - [TEST_STEP][PASSED] - verifyElementVisible(findTestObject("07-Directory/Connections/zContact Profile/Successfully invited user")): Object 'Object Repository/07-Directory/Connections/zContact Profile/Successfully invited user' is visible

2022-10-12 16:49:53 - [MESSAGE][PASSED] - Object 'Object Repository/07-Directory/Connections/zContact Profile/Successfully invited user' is visible

2022-10-12 16:49:53 - [TEST_STEP][PASSED] - delay(2): Delayed 2 second(s)

2022-10-12 16:49:55 - [MESSAGE][PASSED] - Delayed 2 second(s)

2022-10-12 16:49:55 - [TEST_STEP][PASSED] - executeJavaScript("window.open();", []): Execute JavaScript 'window.open();' successfully

2022-10-12 16:49:55 - [MESSAGE][PASSED] - Execute JavaScript 'window.open();' successfully

2022-10-12 16:49:55 - [TEST_STEP][PASSED] - currentWindow = getWindowIndex(): Current window's index is: 0

2022-10-12 16:49:55 - [MESSAGE][PASSED] - Current window's index is: 0

2022-10-12 16:49:55 - [TEST_STEP][PASSED] - delay(3): Delayed 3 second(s)

2022-10-12 16:49:58 - [MESSAGE][PASSED] - Delayed 3 second(s)

2022-10-12 16:49:58 - [TEST_STEP][PASSED] - switchToWindowIndex(currentWindow + 1): Switched to window with index: '1'

2022-10-12 16:49:58 - [MESSAGE][PASSED] - Switched to window with index: '1'

2022-10-12 16:49:58 - [TEST_STEP][PASSED] - navigateToUrl("https://www.mailinator.com/"): Navigate to 'https://www.mailinator.com/' successfully

2022-10-12 16:50:00 - [MESSAGE][PASSED] - Navigate to 'https://www.mailinator.com/' successfully

2022-10-12 16:50:00 - [TEST_STEP][PASSED] - delay(3): Delayed 3 second(s)

2022-10-12 16:50:03 - [MESSAGE][PASSED] - Delayed 3 second(s)

2022-10-12 16:50:03 - [TEST_STEP][PASSED] - setText(findTestObject("00-Signup and Activation/zMailinator/input_LOGIN_search"), "autotester04@mailinator.com"): Text 'autotester04@mailinator.com' is set on object 'Object Repository/00-Signup and Activation/zMailinator/input_LOGIN_search'

2022-10-12 16:50:04 - [MESSAGE][PASSED] - Text 'autotester04@mailinator.com' is set on object 'Object Repository/00-Signup and Activation/zMailinator/input_LOGIN_search'

2022-10-12 16:50:04 - [TEST_STEP][PASSED] - click(findTestObject("00-Signup and Activation/zMailinator/gobutton"), STOP_ON_FAILURE): Object: 'Object Repository/00-Signup and Activation/zMailinator/gobutton' is clicked on

2022-10-12 16:50:05 - [MESSAGE][PASSED] - Object: 'Object Repository/00-Signup and Activation/zMailinator/gobutton' is clicked on

2022-10-12 16:50:05 - [TEST_STEP][PASSED] - delay(3): Delayed 3 second(s)

2022-10-12 16:50:08 - [MESSAGE][PASSED] - Delayed 3 second(s)

2022-10-12 16:50:08 - [TEST_STEP][PASSED] - closeWindowTitle("Everleagues"): Window with title: 'Everleagues' is closed

2022-10-12 16:50:08 - [MESSAGE][PASSED] - Window with title: 'Everleagues' is closed

2022-10-12 16:50:08 - [TEST_STEP][PASSED] - switchToWindowIndex(0): Switched to window with index: '0'

2022-10-12 16:50:08 - [MESSAGE][PASSED] - Switched to window with index: '0'

2022-10-12 16:50:08 - [TEST_STEP][PASSED] - click(findTestObject("09-Settings/Users/Co worker/td_Invitation from GG Automation")): Object: 'Object Repository/09-Settings/Users/Co worker/td_Invitation from GG Automation' is clicked on

2022-10-12 16:50:08 - [MESSAGE][PASSED] - Object: 'Object Repository/09-Settings/Users/Co worker/td_Invitation from GG Automation' is clicked on

2022-10-12 16:50:08 - [TEST_STEP][PASSED] - click(findTestObject("09-Settings/Users/Co worker/a_Click here to join GG Automation on EverLeagues")): Object: 'Object Repository/09-Settings/Users/Co worker/a_Click here to join GG Automation on EverLeagues' is clicked on

2022-10-12 16:50:09 - [MESSAGE][PASSED] - Object: 'Object Repository/09-Settings/Users/Co worker/a_Click here to join GG Automation on EverLeagues' is clicked on

2022-10-12 16:50:09 - [TEST_STEP][PASSED] - closeWindowTitle("Mailinator"): Window with title: 'Mailinator' is closed

2022-10-12 16:50:09 - [MESSAGE][PASSED] - Window with title: 'Mailinator' is closed

2022-10-12 16:50:09 - [TEST_STEP][PASSED] - switchToWindowIndex(0): Switched to window with index: '0'

2022-10-12 16:50:09 - [MESSAGE][PASSED] - Switched to window with index: '0'

2022-10-12 16:50:09 - [TEST_STEP][PASSED] - verifyElementVisible(findTestObject("09-Settings/Users/Co worker/Logout before proceed modal")): Object 'Object Repository/09-Settings/Users/Co worker/Logout before proceed modal' is visible

2022-10-12 16:50:15 - [MESSAGE][PASSED] - Object 'Object Repository/09-Settings/Users/Co worker/Logout before proceed modal' is visible

2022-10-12 16:50:15 - [TEST_STEP][PASSED] - click(findTestObject("09-Settings/Users/Co worker/button_Yes")): Object: 'Object Repository/09-Settings/Users/Co worker/button_Yes' is clicked on

2022-10-12 16:50:16 - [MESSAGE][PASSED] - Object: 'Object Repository/09-Settings/Users/Co worker/button_Yes' is clicked on

2022-10-12 16:50:16 - [TEST_STEP][PASSED] - delay(3): Delayed 3 second(s)

2022-10-12 16:50:19 - [MESSAGE][PASSED] - Delayed 3 second(s)

2022-10-12 16:50:19 - [TEST_STEP][PASSED] - setText(findTestObject("09-Settings/Users/Co worker/input_Email_email"), "autotester04@mailinator.com"): Text 'autotester04@mailinator.com' is set on object 'Object Repository/09-Settings/Users/Co worker/input_Email_email'

2022-10-12 16:51:19 - [MESSAGE][PASSED] - Text 'autotester04@mailinator.com' is set on object 'Object Repository/09-Settings/Users/Co worker/input_Email_email'

2022-10-12 16:51:19 - [TEST_STEP][PASSED] - setEncryptedText(findTestObject("09-Settings/Users/Co worker/input__password"), "8yFRyszE6U6jvsCn51OQbg=="): Text ****** has been set on object 'Object Repository/09-Settings/Users/Co worker/input__password'

2022-10-12 16:51:49 - [MESSAGE][PASSED] - Text ****** has been set on object 'Object Repository/09-Settings/Users/Co worker/input__password'

2022-10-12 16:51:49 - [TEST_STEP][PASSED] - click(findTestObject("02-Side Icons(Organization)/Add Contact/button_Sign in")): Object: 'Object Repository/02-Side Icons(Organization)/Add Contact/button_Sign in' is clicked on

2022-10-12 16:52:19 - [MESSAGE][PASSED] - Object: 'Object Repository/02-Side Icons(Organization)/Add Contact/button_Sign in' is clicked on

2022-10-12 16:52:19 - [TEST_STEP][PASSED] - delay(2): Delayed 2 second(s)

2022-10-12 16:52:21 - [MESSAGE][PASSED] - Delayed 2 second(s)

2022-10-12 16:52:21 - [TEST_STEP][PASSED] - click(findTestObject("06-Teams/For 2FA/button_Confirm_2FA")): Object: 'Object Repository/06-Teams/For 2FA/button_Confirm_2FA' is clicked on

2022-10-12 16:52:52 - [MESSAGE][PASSED] - Object: 'Object Repository/06-Teams/For 2FA/button_Confirm_2FA' is clicked on

2022-10-12 16:52:52 - [TEST_STEP][PASSED] - executeJavaScript("window.open();", []): Execute JavaScript 'window.open();' successfully

2022-10-12 16:52:52 - [MESSAGE][PASSED] - Execute JavaScript 'window.open();' successfully

2022-10-12 16:52:52 - [TEST_STEP][PASSED] - currentWindow = getWindowIndex(): Current window's index is: 0

2022-10-12 16:52:52 - [MESSAGE][PASSED] - Current window's index is: 0

2022-10-12 16:52:52 - [TEST_STEP][PASSED] - delay(3): Delayed 3 second(s)

2022-10-12 16:52:55 - [MESSAGE][PASSED] - Delayed 3 second(s)

2022-10-12 16:52:55 - [TEST_STEP][PASSED] - switchToWindowIndex(currentWindow + 1): Switched to window with index: '1'

2022-10-12 16:52:55 - [MESSAGE][PASSED] - Switched to window with index: '1'

2022-10-12 16:52:55 - [TEST_STEP][PASSED] - navigateToUrl("https://www.mailinator.com/"): Navigate to 'https://www.mailinator.com/' successfully

2022-10-12 16:52:56 - [MESSAGE][PASSED] - Navigate to 'https://www.mailinator.com/' successfully

2022-10-12 16:52:56 - [TEST_STEP][PASSED] - delay(3): Delayed 3 second(s)

2022-10-12 16:52:59 - [MESSAGE][PASSED] - Delayed 3 second(s)

2022-10-12 16:52:59 - [TEST_STEP][PASSED] - setText(findTestObject("00-Signup and Activation/zMailinator/input_LOGIN_search"), "autotester04@mailinator.com"): Text 'autotester04@mailinator.com' is set on object 'Object Repository/00-Signup and Activation/zMailinator/input_LOGIN_search'

2022-10-12 16:53:00 - [MESSAGE][PASSED] - Text 'autotester04@mailinator.com' is set on object 'Object Repository/00-Signup and Activation/zMailinator/input_LOGIN_search'

2022-10-12 16:53:00 - [TEST_STEP][PASSED] - click(findTestObject("00-Signup and Activation/zMailinator/gobutton"), STOP_ON_FAILURE): Object: 'Object Repository/00-Signup and Activation/zMailinator/gobutton' is clicked on

2022-10-12 16:53:00 - [MESSAGE][PASSED] - Object: 'Object Repository/00-Signup and Activation/zMailinator/gobutton' is clicked on

2022-10-12 16:53:00 - [TEST_STEP][PASSED] - delay(3): Delayed 3 second(s)

2022-10-12 16:53:03 - [MESSAGE][PASSED] - Delayed 3 second(s)

2022-10-12 16:53:03 - [TEST_STEP][PASSED] - click(findTestObject("00-Signup and Activation/zMailinator/Email - everleagues")): Object: 'Object Repository/00-Signup and Activation/zMailinator/Email - everleagues' is clicked on

2022-10-12 16:53:04 - [MESSAGE][PASSED] - Object: 'Object Repository/00-Signup and Activation/zMailinator/Email - everleagues' is clicked on

2022-10-12 16:53:04 - [TEST_STEP][PASSED] - delay(3): Delayed 3 second(s)

2022-10-12 16:53:07 - [MESSAGE][PASSED] - Delayed 3 second(s)

2022-10-12 16:53:07 - [TEST_STEP][PASSED] - codetwo = getText(findTestObject("Object Repository/06-Teams/For 2FA/2FA code")): Text of object 'Object Repository/06-Teams/For 2FA/2FA code' is: '181099'

2022-10-12 16:53:07 - [MESSAGE][PASSED] - Text of object 'Object Repository/06-Teams/For 2FA/2FA code' is: '181099'

2022-10-12 16:53:07 - [TEST_STEP][PASSED] - delay(3): Delayed 3 second(s)

2022-10-12 16:53:10 - [MESSAGE][PASSED] - Delayed 3 second(s)

2022-10-12 16:53:10 - [TEST_STEP][PASSED] - closeWindowTitle("Mailinator"): Window with title: 'Mailinator' is closed

2022-10-12 16:53:10 - [MESSAGE][PASSED] - Window with title: 'Mailinator' is closed

2022-10-12 16:53:10 - [TEST_STEP][PASSED] - delay(3): Delayed 3 second(s)

2022-10-12 16:53:13 - [MESSAGE][PASSED] - Delayed 3 second(s)

2022-10-12 16:53:13 - [TEST_STEP][PASSED] - switchToWindowIndex(0): Switched to window with index: '0'

2022-10-12 16:53:13 - [MESSAGE][PASSED] - Switched to window with index: '0'

2022-10-12 16:53:13 - [TEST_STEP][PASSED] - delay(3): Delayed 3 second(s)

2022-10-12 16:53:16 - [MESSAGE][PASSED] - Delayed 3 second(s)

2022-10-12 16:53:16 - [TEST_STEP][PASSED] - setText(findTestObject("Object Repository/06-Teams/For 2FA/input_Enter verification code_code"), codetwo): Text '181099' is set on object 'Object Repository/06-Teams/For 2FA/input_Enter verification code_code'

2022-10-12 16:54:17 - [MESSAGE][PASSED] - Text '181099' is set on object 'Object Repository/06-Teams/For 2FA/input_Enter verification code_code'

2022-10-12 16:54:17 - [TEST_STEP][PASSED] - delay(3): Delayed 3 second(s)

2022-10-12 16:54:20 - [MESSAGE][PASSED] - Delayed 3 second(s)

2022-10-12 16:54:20 - [TEST_STEP][PASSED] - click(findTestObject("06-Teams/For 2FA/button_Verify_2FA")): Object: 'Object Repository/06-Teams/For 2FA/button_Verify_2FA' is clicked on

2022-10-12 16:54:50 - [MESSAGE][PASSED] - Object: 'Object Repository/06-Teams/For 2FA/button_Verify_2FA' is clicked on

2022-10-12 16:54:50 - [TEST_STEP][PASSED] - delay(5): Delayed 5 second(s)

2022-10-12 16:54:55 - [MESSAGE][PASSED] - Delayed 5 second(s)

2022-10-12 16:54:55 - [TEST_STEP][PASSED] - executeJavaScript("window.open();", []): Execute JavaScript 'window.open();' successfully

2022-10-12 16:54:55 - [MESSAGE][PASSED] - Execute JavaScript 'window.open();' successfully

2022-10-12 16:54:55 - [TEST_STEP][PASSED] - currentWindow = getWindowIndex(): Current window's index is: 0

2022-10-12 16:54:55 - [MESSAGE][PASSED] - Current window's index is: 0

2022-10-12 16:54:55 - [TEST_STEP][PASSED] - delay(3): Delayed 3 second(s)

2022-10-12 16:54:58 - [MESSAGE][PASSED] - Delayed 3 second(s)

2022-10-12 16:54:58 - [TEST_STEP][PASSED] - switchToWindowIndex(currentWindow + 1): Switched to window with index: '1'

2022-10-12 16:54:58 - [MESSAGE][PASSED] - Switched to window with index: '1'

2022-10-12 16:54:58 - [TEST_STEP][PASSED] - navigateToUrl("https://www.mailinator.com/"): Navigate to 'https://www.mailinator.com/' successfully

2022-10-12 16:54:59 - [MESSAGE][PASSED] - Navigate to 'https://www.mailinator.com/' successfully

2022-10-12 16:54:59 - [TEST_STEP][PASSED] - delay(3): Delayed 3 second(s)

2022-10-12 16:55:02 - [MESSAGE][PASSED] - Delayed 3 second(s)

2022-10-12 16:55:02 - [TEST_STEP][PASSED] - setText(findTestObject("00-Signup and Activation/zMailinator/input_LOGIN_search"), "autotester04@mailinator.com"): Text 'autotester04@mailinator.com' is set on object 'Object Repository/00-Signup and Activation/zMailinator/input_LOGIN_search'

2022-10-12 16:55:03 - [MESSAGE][PASSED] - Text 'autotester04@mailinator.com' is set on object 'Object Repository/00-Signup and Activation/zMailinator/input_LOGIN_search'

2022-10-12 16:55:03 - [TEST_STEP][PASSED] - click(findTestObject("00-Signup and Activation/zMailinator/gobutton"), STOP_ON_FAILURE): Object: 'Object Repository/00-Signup and Activation/zMailinator/gobutton' is clicked on

2022-10-12 16:55:04 - [MESSAGE][PASSED] - Object: 'Object Repository/00-Signup and Activation/zMailinator/gobutton' is clicked on

2022-10-12 16:55:04 - [TEST_STEP][PASSED] - delay(3): Delayed 3 second(s)

2022-10-12 16:55:07 - [MESSAGE][PASSED] - Delayed 3 second(s)

2022-10-12 16:55:07 - [TEST_STEP][PASSED] - closeWindowTitle("Everleagues"): Window with title: 'Everleagues' is closed

2022-10-12 16:55:07 - [MESSAGE][PASSED] - Window with title: 'Everleagues' is closed

2022-10-12 16:55:07 - [TEST_STEP][PASSED] - switchToWindowIndex(0): Switched to window with index: '0'

2022-10-12 16:55:07 - [MESSAGE][PASSED] - Switched to window with index: '0'

2022-10-12 16:55:07 - [TEST_STEP][PASSED] - click(findTestObject("09-Settings/Users/Co worker/td_Invitation from GG Automation")): Object: 'Object Repository/09-Settings/Users/Co worker/td_Invitation from GG Automation' is clicked on

2022-10-12 16:55:07 - [MESSAGE][PASSED] - Object: 'Object Repository/09-Settings/Users/Co worker/td_Invitation from GG Automation' is clicked on

2022-10-12 16:55:07 - [TEST_STEP][PASSED] - click(findTestObject("09-Settings/Users/Co worker/a_Click here to join GG Automation on EverLeagues")): Object: 'Object Repository/09-Settings/Users/Co worker/a_Click here to join GG Automation on EverLeagues' is clicked on

2022-10-12 16:55:08 - [MESSAGE][PASSED] - Object: 'Object Repository/09-Settings/Users/Co worker/a_Click here to join GG Automation on EverLeagues' is clicked on

2022-10-12 16:55:08 - [TEST_STEP][PASSED] - delay(3): Delayed 3 second(s)

2022-10-12 16:55:11 - [MESSAGE][PASSED] - Delayed 3 second(s)

2022-10-12 16:55:11 - [TEST_STEP][PASSED] - closeWindowTitle("Mailinator"): Window with title: 'Mailinator' is closed

2022-10-12 16:55:11 - [MESSAGE][PASSED] - Window with title: 'Mailinator' is closed

2022-10-12 16:55:11 - [TEST_STEP][PASSED] - switchToWindowIndex(0): Switched to window with index: '0'

2022-10-12 16:55:11 - [MESSAGE][PASSED] - Switched to window with index: '0'

2022-10-12 16:55:11 - [TEST_STEP][PASSED] - verifyElementVisible(findTestObject("09-Settings/Users/Co worker/Invite modal")): Object 'Object Repository/09-Settings/Users/Co worker/Invite modal' is visible

2022-10-12 16:55:14 - [MESSAGE][PASSED] - Object 'Object Repository/09-Settings/Users/Co worker/Invite modal' is visible

2022-10-12 16:55:14 - [TEST_STEP][PASSED] - click(findTestObject("09-Settings/Users/Co worker/button_Accept")): Object: 'Object Repository/09-Settings/Users/Co worker/button_Accept' is clicked on

2022-10-12 16:55:14 - [MESSAGE][PASSED] - Object: 'Object Repository/09-Settings/Users/Co worker/button_Accept' is clicked on

2022-10-12 16:55:14 - [TEST_STEP][PASSED] - delay(10): Delayed 10 second(s)

2022-10-12 16:55:24 - [MESSAGE][PASSED] - Delayed 10 second(s)

2022-10-12 16:55:24 - [TEST_STEP][PASSED] - verifyElementVisible(findTestObject("09-Settings/Users/Co worker/div_Joined as CoWorker")): Object 'Object Repository/09-Settings/Users/Co worker/div_Joined as CoWorker' is visible

2022-10-12 16:55:24 - [MESSAGE][PASSED] - Object 'Object Repository/09-Settings/Users/Co worker/div_Joined as CoWorker' is visible

2022-10-12 16:55:24 - [TEST_STEP][PASSED] - closeBrowser(): Browser is closed

2022-10-12 16:55:25 - [MESSAGE][PASSED] - Browser is closed]]></system-out>
         <system-err><![CDATA[]]></system-err>
      </testcase>
      <testcase name="Test Cases/09-Settings/03 - Users (Invite new user as client)" time="210.71" classname="Test Cases/09-Settings/03 - Users (Invite new user as client)" status="PASSED">
         <system-out><![CDATA[2022-10-12 16:55:25 - [TEST_CASE][PASSED] - Test Cases/09-Settings/03 - Users (Invite new user as client): Test Cases/09-Settings/03 - Users (Invite new user as client)

2022-10-12 16:55:26 - [TEST_STEP][PASSED] - openBrowser(""): Browser is opened with url: ''

2022-10-12 16:55:26 - [MESSAGE][INFO] - Starting 'Chrome' driver

2022-10-12 16:55:26 - [MESSAGE][INFO] - Action delay is set to 0 milliseconds

2022-10-12 16:55:27 - [MESSAGE][PASSED] - Browser is opened with url: ''

2022-10-12 16:55:27 - [TEST_STEP][PASSED] - navigateToUrl("https://lab.everleagues.com/"): Navigate to 'https://lab.everleagues.com/' successfully

2022-10-12 16:55:38 - [MESSAGE][PASSED] - Navigate to 'https://lab.everleagues.com/' successfully

2022-10-12 16:55:38 - [TEST_STEP][PASSED] - maximizeWindow(): Current window maximized

2022-10-12 16:55:39 - [MESSAGE][PASSED] - Current window maximized

2022-10-12 16:55:39 - [TEST_STEP][PASSED] - setText(findTestObject("02-Side Icons(Organization)/Add Contact/Email Field"), "testuser02@mailinator.com"): Text 'testuser02@mailinator.com' is set on object 'Object Repository/02-Side Icons(Organization)/Add Contact/Email Field'

2022-10-12 16:55:39 - [MESSAGE][PASSED] - Text 'testuser02@mailinator.com' is set on object 'Object Repository/02-Side Icons(Organization)/Add Contact/Email Field'

2022-10-12 16:55:39 - [TEST_STEP][PASSED] - setEncryptedText(findTestObject("02-Side Icons(Organization)/Add Contact/Password Field"), "8yFRyszE6U6jvsCn51OQbg=="): Text ****** has been set on object 'Object Repository/02-Side Icons(Organization)/Add Contact/Password Field'

2022-10-12 16:55:40 - [MESSAGE][PASSED] - Text ****** has been set on object 'Object Repository/02-Side Icons(Organization)/Add Contact/Password Field'

2022-10-12 16:55:40 - [TEST_STEP][PASSED] - click(findTestObject("02-Side Icons(Organization)/Add Contact/button_Sign in")): Object: 'Object Repository/02-Side Icons(Organization)/Add Contact/button_Sign in' is clicked on

2022-10-12 16:55:40 - [MESSAGE][PASSED] - Object: 'Object Repository/02-Side Icons(Organization)/Add Contact/button_Sign in' is clicked on

2022-10-12 16:55:40 - [TEST_STEP][PASSED] - delay(2): Delayed 2 second(s)

2022-10-12 16:55:42 - [MESSAGE][PASSED] - Delayed 2 second(s)

2022-10-12 16:55:42 - [TEST_STEP][PASSED] - click(findTestObject("06-Teams/For 2FA/button_Confirm_2FA")): Object: 'Object Repository/06-Teams/For 2FA/button_Confirm_2FA' is clicked on

2022-10-12 16:55:43 - [MESSAGE][PASSED] - Object: 'Object Repository/06-Teams/For 2FA/button_Confirm_2FA' is clicked on

2022-10-12 16:55:43 - [TEST_STEP][PASSED] - executeJavaScript("window.open();", []): Execute JavaScript 'window.open();' successfully

2022-10-12 16:55:43 - [MESSAGE][PASSED] - Execute JavaScript 'window.open();' successfully

2022-10-12 16:55:43 - [TEST_STEP][PASSED] - currentWindow = getWindowIndex(): Current window's index is: 0

2022-10-12 16:55:43 - [MESSAGE][PASSED] - Current window's index is: 0

2022-10-12 16:55:43 - [TEST_STEP][PASSED] - delay(3): Delayed 3 second(s)

2022-10-12 16:55:46 - [MESSAGE][PASSED] - Delayed 3 second(s)

2022-10-12 16:55:46 - [TEST_STEP][PASSED] - switchToWindowIndex(currentWindow + 1): Switched to window with index: '1'

2022-10-12 16:55:46 - [MESSAGE][PASSED] - Switched to window with index: '1'

2022-10-12 16:55:46 - [TEST_STEP][PASSED] - navigateToUrl("https://www.mailinator.com/"): Navigate to 'https://www.mailinator.com/' successfully

2022-10-12 16:55:48 - [MESSAGE][PASSED] - Navigate to 'https://www.mailinator.com/' successfully

2022-10-12 16:55:48 - [TEST_STEP][PASSED] - delay(3): Delayed 3 second(s)

2022-10-12 16:55:51 - [MESSAGE][PASSED] - Delayed 3 second(s)

2022-10-12 16:55:51 - [TEST_STEP][PASSED] - setText(findTestObject("00-Signup and Activation/zMailinator/input_LOGIN_search"), "testuser02@mailinator.com"): Text 'testuser02@mailinator.com' is set on object 'Object Repository/00-Signup and Activation/zMailinator/input_LOGIN_search'

2022-10-12 16:55:51 - [MESSAGE][PASSED] - Text 'testuser02@mailinator.com' is set on object 'Object Repository/00-Signup and Activation/zMailinator/input_LOGIN_search'

2022-10-12 16:55:51 - [TEST_STEP][PASSED] - click(findTestObject("00-Signup and Activation/zMailinator/gobutton"), STOP_ON_FAILURE): Object: 'Object Repository/00-Signup and Activation/zMailinator/gobutton' is clicked on

2022-10-12 16:55:53 - [MESSAGE][PASSED] - Object: 'Object Repository/00-Signup and Activation/zMailinator/gobutton' is clicked on

2022-10-12 16:55:53 - [TEST_STEP][PASSED] - delay(3): Delayed 3 second(s)

2022-10-12 16:55:56 - [MESSAGE][PASSED] - Delayed 3 second(s)

2022-10-12 16:55:56 - [TEST_STEP][PASSED] - click(findTestObject("00-Signup and Activation/zMailinator/Email - everleagues")): Object: 'Object Repository/00-Signup and Activation/zMailinator/Email - everleagues' is clicked on

2022-10-12 16:55:56 - [MESSAGE][PASSED] - Object: 'Object Repository/00-Signup and Activation/zMailinator/Email - everleagues' is clicked on

2022-10-12 16:55:56 - [TEST_STEP][PASSED] - delay(3): Delayed 3 second(s)

2022-10-12 16:55:59 - [MESSAGE][PASSED] - Delayed 3 second(s)

2022-10-12 16:55:59 - [TEST_STEP][PASSED] - code = getText(findTestObject("Object Repository/06-Teams/For 2FA/2FA code")): Text of object 'Object Repository/06-Teams/For 2FA/2FA code' is: '699284'

2022-10-12 16:56:00 - [MESSAGE][PASSED] - Text of object 'Object Repository/06-Teams/For 2FA/2FA code' is: '699284'

2022-10-12 16:56:00 - [TEST_STEP][PASSED] - delay(3): Delayed 3 second(s)

2022-10-12 16:56:03 - [MESSAGE][PASSED] - Delayed 3 second(s)

2022-10-12 16:56:03 - [TEST_STEP][PASSED] - closeWindowTitle("Mailinator"): Window with title: 'Mailinator' is closed

2022-10-12 16:56:03 - [MESSAGE][PASSED] - Window with title: 'Mailinator' is closed

2022-10-12 16:56:03 - [TEST_STEP][PASSED] - delay(3): Delayed 3 second(s)

2022-10-12 16:56:06 - [MESSAGE][PASSED] - Delayed 3 second(s)

2022-10-12 16:56:06 - [TEST_STEP][PASSED] - switchToWindowIndex(0): Switched to window with index: '0'

2022-10-12 16:56:06 - [MESSAGE][PASSED] - Switched to window with index: '0'

2022-10-12 16:56:06 - [TEST_STEP][PASSED] - delay(3): Delayed 3 second(s)

2022-10-12 16:56:09 - [MESSAGE][PASSED] - Delayed 3 second(s)

2022-10-12 16:56:09 - [TEST_STEP][PASSED] - setText(findTestObject("Object Repository/06-Teams/For 2FA/input_Enter verification code_code"), code): Text '699284' is set on object 'Object Repository/06-Teams/For 2FA/input_Enter verification code_code'

2022-10-12 16:56:10 - [MESSAGE][PASSED] - Text '699284' is set on object 'Object Repository/06-Teams/For 2FA/input_Enter verification code_code'

2022-10-12 16:56:10 - [TEST_STEP][PASSED] - delay(3): Delayed 3 second(s)

2022-10-12 16:56:13 - [MESSAGE][PASSED] - Delayed 3 second(s)

2022-10-12 16:56:13 - [TEST_STEP][PASSED] - click(findTestObject("06-Teams/For 2FA/button_Verify_2FA")): Object: 'Object Repository/06-Teams/For 2FA/button_Verify_2FA' is clicked on

2022-10-12 16:56:13 - [MESSAGE][PASSED] - Object: 'Object Repository/06-Teams/For 2FA/button_Verify_2FA' is clicked on

2022-10-12 16:56:13 - [TEST_STEP][PASSED] - delay(5): Delayed 5 second(s)

2022-10-12 16:56:18 - [MESSAGE][PASSED] - Delayed 5 second(s)

2022-10-12 16:56:18 - [TEST_STEP][PASSED] - click(findTestObject("06-Teams/button_doublearrow")): Object: 'Object Repository/06-Teams/button_doublearrow' is clicked on

2022-10-12 16:56:19 - [MESSAGE][PASSED] - Object: 'Object Repository/06-Teams/button_doublearrow' is clicked on

2022-10-12 16:56:19 - [TEST_STEP][PASSED] - click(findTestObject("06-Teams/button_My Organizations")): Object: 'Object Repository/06-Teams/button_My Organizations' is clicked on

2022-10-12 16:56:19 - [MESSAGE][PASSED] - Object: 'Object Repository/06-Teams/button_My Organizations' is clicked on

2022-10-12 16:56:19 - [TEST_STEP][PASSED] - click(findTestObject("06-Teams/button_GG Automation")): Object: 'Object Repository/06-Teams/button_GG Automation' is clicked on

2022-10-12 16:56:20 - [MESSAGE][PASSED] - Object: 'Object Repository/06-Teams/button_GG Automation' is clicked on

2022-10-12 16:56:20 - [TEST_STEP][PASSED] - delay(4): Delayed 4 second(s)

2022-10-12 16:56:24 - [MESSAGE][PASSED] - Delayed 4 second(s)

2022-10-12 16:56:24 - [TEST_STEP][PASSED] - verifyElementVisible(findTestObject("06-Teams/span_GG Automation")): Object 'Object Repository/06-Teams/span_GG Automation' is visible

2022-10-12 16:56:24 - [MESSAGE][PASSED] - Object 'Object Repository/06-Teams/span_GG Automation' is visible

2022-10-12 16:56:24 - [TEST_STEP][PASSED] - delay(10): Delayed 10 second(s)

2022-10-12 16:56:34 - [MESSAGE][PASSED] - Delayed 10 second(s)

2022-10-12 16:56:34 - [TEST_STEP][PASSED] - click(findTestObject("03-Header Menu/Hamburger Button/div_Settings")): Object: 'Object Repository/03-Header Menu/Hamburger Button/div_Settings' is clicked on

2022-10-12 16:56:35 - [MESSAGE][PASSED] - Object: 'Object Repository/03-Header Menu/Hamburger Button/div_Settings' is clicked on

2022-10-12 16:56:35 - [TEST_STEP][PASSED] - delay(3): Delayed 3 second(s)

2022-10-12 16:56:38 - [MESSAGE][PASSED] - Delayed 3 second(s)

2022-10-12 16:56:38 - [TEST_STEP][PASSED] - click(findTestObject("09-Settings/Users/div_Users")): Object: 'Object Repository/09-Settings/Users/div_Users' is clicked on

2022-10-12 16:56:38 - [MESSAGE][PASSED] - Object: 'Object Repository/09-Settings/Users/div_Users' is clicked on

2022-10-12 16:56:38 - [TEST_STEP][PASSED] - delay(3): Delayed 3 second(s)

2022-10-12 16:56:41 - [MESSAGE][PASSED] - Delayed 3 second(s)

2022-10-12 16:56:41 - [TEST_STEP][PASSED] - click(findTestObject("09-Settings/Users/button_add")): Object: 'Object Repository/09-Settings/Users/button_add' is clicked on

2022-10-12 16:56:42 - [MESSAGE][PASSED] - Object: 'Object Repository/09-Settings/Users/button_add' is clicked on

2022-10-12 16:56:42 - [TEST_STEP][PASSED] - delay(3): Delayed 3 second(s)

2022-10-12 16:56:45 - [MESSAGE][PASSED] - Delayed 3 second(s)

2022-10-12 16:56:45 - [TEST_STEP][PASSED] - click(findTestObject("09-Settings/Users/add Invite a single user")): Object: 'Object Repository/09-Settings/Users/add Invite a single user' is clicked on

2022-10-12 16:56:45 - [MESSAGE][PASSED] - Object: 'Object Repository/09-Settings/Users/add Invite a single user' is clicked on

2022-10-12 16:56:45 - [TEST_STEP][PASSED] - delay(3): Delayed 3 second(s)

2022-10-12 16:56:48 - [MESSAGE][PASSED] - Delayed 3 second(s)

2022-10-12 16:56:48 - [TEST_STEP][PASSED] - setText(findTestObject("09-Settings/Users/input_email"), "autotester09@mailinator.com"): Text 'autotester09@mailinator.com' is set on object 'Object Repository/09-Settings/Users/input_email'

2022-10-12 16:56:49 - [MESSAGE][PASSED] - Text 'autotester09@mailinator.com' is set on object 'Object Repository/09-Settings/Users/input_email'

2022-10-12 16:56:49 - [TEST_STEP][PASSED] - setText(findTestObject("09-Settings/Users/input_firstName"), "GG"): Text 'GG' is set on object 'Object Repository/09-Settings/Users/input_firstName'

2022-10-12 16:56:50 - [MESSAGE][PASSED] - Text 'GG' is set on object 'Object Repository/09-Settings/Users/input_firstName'

2022-10-12 16:56:50 - [TEST_STEP][PASSED] - setText(findTestObject("09-Settings/Users/input_lastName"), "Client"): Text 'Client' is set on object 'Object Repository/09-Settings/Users/input_lastName'

2022-10-12 16:56:51 - [MESSAGE][PASSED] - Text 'Client' is set on object 'Object Repository/09-Settings/Users/input_lastName'

2022-10-12 16:56:51 - [TEST_STEP][PASSED] - click(findTestObject("09-Settings/Users/span_Role")): Object: 'Object Repository/09-Settings/Users/span_Role' is clicked on

2022-10-12 16:56:51 - [MESSAGE][PASSED] - Object: 'Object Repository/09-Settings/Users/span_Role' is clicked on

2022-10-12 16:56:51 - [TEST_STEP][PASSED] - click(findTestObject("09-Settings/Users/span_Client")): Object: 'Object Repository/09-Settings/Users/span_Client' is clicked on

2022-10-12 16:56:52 - [MESSAGE][PASSED] - Object: 'Object Repository/09-Settings/Users/span_Client' is clicked on

2022-10-12 16:56:52 - [TEST_STEP][PASSED] - click(findTestObject("09-Settings/Users/button_Send Invitation")): Object: 'Object Repository/09-Settings/Users/button_Send Invitation' is clicked on

2022-10-12 16:56:53 - [MESSAGE][PASSED] - Object: 'Object Repository/09-Settings/Users/button_Send Invitation' is clicked on

2022-10-12 16:56:53 - [TEST_STEP][PASSED] - delay(2): Delayed 2 second(s)

2022-10-12 16:56:55 - [MESSAGE][PASSED] - Delayed 2 second(s)

2022-10-12 16:56:55 - [TEST_STEP][PASSED] - verifyElementVisible(findTestObject("07-Directory/Connections/zContact Profile/Successfully invited user")): Object 'Object Repository/07-Directory/Connections/zContact Profile/Successfully invited user' is visible

2022-10-12 16:56:56 - [MESSAGE][PASSED] - Object 'Object Repository/07-Directory/Connections/zContact Profile/Successfully invited user' is visible

2022-10-12 16:56:56 - [TEST_STEP][PASSED] - delay(2): Delayed 2 second(s)

2022-10-12 16:56:58 - [MESSAGE][PASSED] - Delayed 2 second(s)

2022-10-12 16:56:58 - [TEST_STEP][PASSED] - click(findTestObject("01-Login and Forgot Password/User menu drop")): Object: 'Object Repository/01-Login and Forgot Password/User menu drop' is clicked on

2022-10-12 16:56:58 - [MESSAGE][PASSED] - Object: 'Object Repository/01-Login and Forgot Password/User menu drop' is clicked on

2022-10-12 16:56:58 - [TEST_STEP][PASSED] - delay(2): Delayed 2 second(s)

2022-10-12 16:57:00 - [MESSAGE][PASSED] - Delayed 2 second(s)

2022-10-12 16:57:00 - [TEST_STEP][PASSED] - click(findTestObject("01-Login and Forgot Password/h4_Sign Out"), STOP_ON_FAILURE): Object: 'Object Repository/01-Login and Forgot Password/h4_Sign Out' is clicked on

2022-10-12 16:57:01 - [MESSAGE][PASSED] - Object: 'Object Repository/01-Login and Forgot Password/h4_Sign Out' is clicked on

2022-10-12 16:57:01 - [TEST_STEP][PASSED] - delay(2): Delayed 2 second(s)

2022-10-12 16:57:03 - [MESSAGE][PASSED] - Delayed 2 second(s)

2022-10-12 16:57:03 - [TEST_STEP][PASSED] - verifyElementPresent(findTestObject("01-Login and Forgot Password/Login_Card"), 0): Object 'Object Repository/01-Login and Forgot Password/Login_Card' is present

2022-10-12 16:57:03 - [MESSAGE][WARNING] - Timeout '0' is invalid. Using default page load timeout: '30'

2022-10-12 16:57:03 - [MESSAGE][PASSED] - Object 'Object Repository/01-Login and Forgot Password/Login_Card' is present

2022-10-12 16:57:03 - [TEST_STEP][PASSED] - delay(3): Delayed 3 second(s)

2022-10-12 16:57:06 - [MESSAGE][PASSED] - Delayed 3 second(s)

2022-10-12 16:57:06 - [TEST_STEP][PASSED] - closeBrowser(): Browser is closed

2022-10-12 16:57:07 - [MESSAGE][PASSED] - Browser is closed

2022-10-12 16:57:07 - [TEST_STEP][PASSED] - openBrowser(""): Browser is opened with url: ''

2022-10-12 16:57:07 - [MESSAGE][INFO] - Starting 'Chrome' driver

2022-10-12 16:57:07 - [MESSAGE][INFO] - Action delay is set to 0 milliseconds

2022-10-12 16:57:08 - [MESSAGE][PASSED] - Browser is opened with url: ''

2022-10-12 16:57:08 - [TEST_STEP][PASSED] - navigateToUrl("https://lab.everleagues.com/"): Navigate to 'https://lab.everleagues.com/' successfully

2022-10-12 16:57:40 - [MESSAGE][PASSED] - Navigate to 'https://lab.everleagues.com/' successfully

2022-10-12 16:57:40 - [TEST_STEP][PASSED] - maximizeWindow(): Current window maximized

2022-10-12 16:57:40 - [MESSAGE][PASSED] - Current window maximized

2022-10-12 16:57:40 - [TEST_STEP][PASSED] - setText(findTestObject("02-Side Icons(Organization)/Add Contact/Email Field"), "autotester09@mailinator.com"): Text 'autotester09@mailinator.com' is set on object 'Object Repository/02-Side Icons(Organization)/Add Contact/Email Field'

2022-10-12 16:57:40 - [MESSAGE][PASSED] - Text 'autotester09@mailinator.com' is set on object 'Object Repository/02-Side Icons(Organization)/Add Contact/Email Field'

2022-10-12 16:57:40 - [TEST_STEP][PASSED] - setEncryptedText(findTestObject("02-Side Icons(Organization)/Add Contact/Password Field"), "8yFRyszE6U6jvsCn51OQbg=="): Text ****** has been set on object 'Object Repository/02-Side Icons(Organization)/Add Contact/Password Field'

2022-10-12 16:57:41 - [MESSAGE][PASSED] - Text ****** has been set on object 'Object Repository/02-Side Icons(Organization)/Add Contact/Password Field'

2022-10-12 16:57:41 - [TEST_STEP][PASSED] - click(findTestObject("02-Side Icons(Organization)/Add Contact/button_Sign in")): Object: 'Object Repository/02-Side Icons(Organization)/Add Contact/button_Sign in' is clicked on

2022-10-12 16:57:43 - [MESSAGE][PASSED] - Object: 'Object Repository/02-Side Icons(Organization)/Add Contact/button_Sign in' is clicked on

2022-10-12 16:57:43 - [TEST_STEP][PASSED] - delay(2): Delayed 2 second(s)

2022-10-12 16:57:45 - [MESSAGE][PASSED] - Delayed 2 second(s)

2022-10-12 16:57:45 - [TEST_STEP][PASSED] - click(findTestObject("06-Teams/For 2FA/button_Confirm_2FA")): Object: 'Object Repository/06-Teams/For 2FA/button_Confirm_2FA' is clicked on

2022-10-12 16:57:45 - [MESSAGE][PASSED] - Object: 'Object Repository/06-Teams/For 2FA/button_Confirm_2FA' is clicked on

2022-10-12 16:57:45 - [TEST_STEP][PASSED] - executeJavaScript("window.open();", []): Execute JavaScript 'window.open();' successfully

2022-10-12 16:57:45 - [MESSAGE][PASSED] - Execute JavaScript 'window.open();' successfully

2022-10-12 16:57:45 - [TEST_STEP][PASSED] - currentWindow = getWindowIndex(): Current window's index is: 0

2022-10-12 16:57:45 - [MESSAGE][PASSED] - Current window's index is: 0

2022-10-12 16:57:45 - [TEST_STEP][PASSED] - delay(3): Delayed 3 second(s)

2022-10-12 16:57:48 - [MESSAGE][PASSED] - Delayed 3 second(s)

2022-10-12 16:57:48 - [TEST_STEP][PASSED] - switchToWindowIndex(currentWindow + 1): Switched to window with index: '1'

2022-10-12 16:57:48 - [MESSAGE][PASSED] - Switched to window with index: '1'

2022-10-12 16:57:48 - [TEST_STEP][PASSED] - navigateToUrl("https://www.mailinator.com/"): Navigate to 'https://www.mailinator.com/' successfully

2022-10-12 16:57:50 - [MESSAGE][PASSED] - Navigate to 'https://www.mailinator.com/' successfully

2022-10-12 16:57:50 - [TEST_STEP][PASSED] - delay(3): Delayed 3 second(s)

2022-10-12 16:57:53 - [MESSAGE][PASSED] - Delayed 3 second(s)

2022-10-12 16:57:53 - [TEST_STEP][PASSED] - setText(findTestObject("00-Signup and Activation/zMailinator/input_LOGIN_search"), "autotester09@mailinator.com"): Text 'autotester09@mailinator.com' is set on object 'Object Repository/00-Signup and Activation/zMailinator/input_LOGIN_search'

2022-10-12 16:57:54 - [MESSAGE][PASSED] - Text 'autotester09@mailinator.com' is set on object 'Object Repository/00-Signup and Activation/zMailinator/input_LOGIN_search'

2022-10-12 16:57:54 - [TEST_STEP][PASSED] - click(findTestObject("00-Signup and Activation/zMailinator/gobutton"), STOP_ON_FAILURE): Object: 'Object Repository/00-Signup and Activation/zMailinator/gobutton' is clicked on

2022-10-12 16:57:56 - [MESSAGE][PASSED] - Object: 'Object Repository/00-Signup and Activation/zMailinator/gobutton' is clicked on

2022-10-12 16:57:56 - [TEST_STEP][PASSED] - delay(3): Delayed 3 second(s)

2022-10-12 16:57:59 - [MESSAGE][PASSED] - Delayed 3 second(s)

2022-10-12 16:57:59 - [TEST_STEP][PASSED] - click(findTestObject("00-Signup and Activation/zMailinator/Email - everleagues")): Object: 'Object Repository/00-Signup and Activation/zMailinator/Email - everleagues' is clicked on

2022-10-12 16:57:59 - [MESSAGE][PASSED] - Object: 'Object Repository/00-Signup and Activation/zMailinator/Email - everleagues' is clicked on

2022-10-12 16:57:59 - [TEST_STEP][PASSED] - delay(3): Delayed 3 second(s)

2022-10-12 16:58:02 - [MESSAGE][PASSED] - Delayed 3 second(s)

2022-10-12 16:58:02 - [TEST_STEP][PASSED] - codetwo = getText(findTestObject("Object Repository/06-Teams/For 2FA/2FA code")): Text of object 'Object Repository/06-Teams/For 2FA/2FA code' is: '138789'

2022-10-12 16:58:03 - [MESSAGE][PASSED] - Text of object 'Object Repository/06-Teams/For 2FA/2FA code' is: '138789'

2022-10-12 16:58:03 - [TEST_STEP][PASSED] - delay(3): Delayed 3 second(s)

2022-10-12 16:58:06 - [MESSAGE][PASSED] - Delayed 3 second(s)

2022-10-12 16:58:06 - [TEST_STEP][PASSED] - closeWindowTitle("Mailinator"): Window with title: 'Mailinator' is closed

2022-10-12 16:58:06 - [MESSAGE][PASSED] - Window with title: 'Mailinator' is closed

2022-10-12 16:58:06 - [TEST_STEP][PASSED] - delay(3): Delayed 3 second(s)

2022-10-12 16:58:09 - [MESSAGE][PASSED] - Delayed 3 second(s)

2022-10-12 16:58:09 - [TEST_STEP][PASSED] - switchToWindowIndex(0): Switched to window with index: '0'

2022-10-12 16:58:09 - [MESSAGE][PASSED] - Switched to window with index: '0'

2022-10-12 16:58:09 - [TEST_STEP][PASSED] - delay(3): Delayed 3 second(s)

2022-10-12 16:58:12 - [MESSAGE][PASSED] - Delayed 3 second(s)

2022-10-12 16:58:12 - [TEST_STEP][PASSED] - setText(findTestObject("Object Repository/06-Teams/For 2FA/input_Enter verification code_code"), codetwo): Text '138789' is set on object 'Object Repository/06-Teams/For 2FA/input_Enter verification code_code'

2022-10-12 16:58:13 - [MESSAGE][PASSED] - Text '138789' is set on object 'Object Repository/06-Teams/For 2FA/input_Enter verification code_code'

2022-10-12 16:58:13 - [TEST_STEP][PASSED] - delay(3): Delayed 3 second(s)

2022-10-12 16:58:16 - [MESSAGE][PASSED] - Delayed 3 second(s)

2022-10-12 16:58:16 - [TEST_STEP][PASSED] - click(findTestObject("06-Teams/For 2FA/button_Verify_2FA")): Object: 'Object Repository/06-Teams/For 2FA/button_Verify_2FA' is clicked on

2022-10-12 16:58:16 - [MESSAGE][PASSED] - Object: 'Object Repository/06-Teams/For 2FA/button_Verify_2FA' is clicked on

2022-10-12 16:58:16 - [TEST_STEP][PASSED] - delay(5): Delayed 5 second(s)

2022-10-12 16:58:21 - [MESSAGE][PASSED] - Delayed 5 second(s)

2022-10-12 16:58:21 - [TEST_STEP][PASSED] - executeJavaScript("window.open();", []): Execute JavaScript 'window.open();' successfully

2022-10-12 16:58:22 - [MESSAGE][PASSED] - Execute JavaScript 'window.open();' successfully

2022-10-12 16:58:22 - [TEST_STEP][PASSED] - currentWindow = getWindowIndex(): Current window's index is: 0

2022-10-12 16:58:22 - [MESSAGE][PASSED] - Current window's index is: 0

2022-10-12 16:58:22 - [TEST_STEP][PASSED] - delay(3): Delayed 3 second(s)

2022-10-12 16:58:25 - [MESSAGE][PASSED] - Delayed 3 second(s)

2022-10-12 16:58:25 - [TEST_STEP][PASSED] - switchToWindowIndex(currentWindow + 1): Switched to window with index: '1'

2022-10-12 16:58:25 - [MESSAGE][PASSED] - Switched to window with index: '1'

2022-10-12 16:58:25 - [TEST_STEP][PASSED] - navigateToUrl("https://www.mailinator.com/"): Navigate to 'https://www.mailinator.com/' successfully

2022-10-12 16:58:26 - [MESSAGE][PASSED] - Navigate to 'https://www.mailinator.com/' successfully

2022-10-12 16:58:26 - [TEST_STEP][PASSED] - delay(3): Delayed 3 second(s)

2022-10-12 16:58:29 - [MESSAGE][PASSED] - Delayed 3 second(s)

2022-10-12 16:58:29 - [TEST_STEP][PASSED] - setText(findTestObject("00-Signup and Activation/zMailinator/input_LOGIN_search"), "autotester09@mailinator.com"): Text 'autotester09@mailinator.com' is set on object 'Object Repository/00-Signup and Activation/zMailinator/input_LOGIN_search'

2022-10-12 16:58:29 - [MESSAGE][PASSED] - Text 'autotester09@mailinator.com' is set on object 'Object Repository/00-Signup and Activation/zMailinator/input_LOGIN_search'

2022-10-12 16:58:29 - [TEST_STEP][PASSED] - click(findTestObject("00-Signup and Activation/zMailinator/gobutton"), STOP_ON_FAILURE): Object: 'Object Repository/00-Signup and Activation/zMailinator/gobutton' is clicked on

2022-10-12 16:58:30 - [MESSAGE][PASSED] - Object: 'Object Repository/00-Signup and Activation/zMailinator/gobutton' is clicked on

2022-10-12 16:58:30 - [TEST_STEP][PASSED] - delay(3): Delayed 3 second(s)

2022-10-12 16:58:33 - [MESSAGE][PASSED] - Delayed 3 second(s)

2022-10-12 16:58:33 - [TEST_STEP][PASSED] - closeWindowTitle("Everleagues"): Window with title: 'Everleagues' is closed

2022-10-12 16:58:33 - [MESSAGE][PASSED] - Window with title: 'Everleagues' is closed

2022-10-12 16:58:33 - [TEST_STEP][PASSED] - switchToWindowIndex(0): Switched to window with index: '0'

2022-10-12 16:58:33 - [MESSAGE][PASSED] - Switched to window with index: '0'

2022-10-12 16:58:33 - [TEST_STEP][PASSED] - click(findTestObject("09-Settings/Users/Co worker/td_Invitation from GG Automation")): Object: 'Object Repository/09-Settings/Users/Co worker/td_Invitation from GG Automation' is clicked on

2022-10-12 16:58:34 - [MESSAGE][PASSED] - Object: 'Object Repository/09-Settings/Users/Co worker/td_Invitation from GG Automation' is clicked on

2022-10-12 16:58:34 - [TEST_STEP][PASSED] - click(findTestObject("09-Settings/Users/Co worker/a_Click here to join GG Automation on EverLeagues")): Object: 'Object Repository/09-Settings/Users/Co worker/a_Click here to join GG Automation on EverLeagues' is clicked on

2022-10-12 16:58:35 - [MESSAGE][PASSED] - Object: 'Object Repository/09-Settings/Users/Co worker/a_Click here to join GG Automation on EverLeagues' is clicked on

2022-10-12 16:58:35 - [TEST_STEP][PASSED] - closeWindowTitle("Mailinator"): Window with title: 'Mailinator' is closed

2022-10-12 16:58:35 - [MESSAGE][PASSED] - Window with title: 'Mailinator' is closed

2022-10-12 16:58:35 - [TEST_STEP][PASSED] - switchToWindowIndex(0): Switched to window with index: '0'

2022-10-12 16:58:35 - [MESSAGE][PASSED] - Switched to window with index: '0'

2022-10-12 16:58:35 - [TEST_STEP][PASSED] - verifyElementVisible(findTestObject("09-Settings/Users/Client/Invite modal")): Object 'Object Repository/09-Settings/Users/Client/Invite modal' is visible

2022-10-12 16:58:41 - [MESSAGE][PASSED] - Object 'Object Repository/09-Settings/Users/Client/Invite modal' is visible

2022-10-12 16:58:41 - [TEST_STEP][PASSED] - setText(findTestObject("09-Settings/Users/Client/Company field"), "QA Company"): Text 'QA Company' is set on object 'Object Repository/09-Settings/Users/Client/Company field'

2022-10-12 16:58:41 - [MESSAGE][PASSED] - Text 'QA Company' is set on object 'Object Repository/09-Settings/Users/Client/Company field'

2022-10-12 16:58:41 - [TEST_STEP][PASSED] - click(findTestObject("09-Settings/Users/Client/button_Accept")): Object: 'Object Repository/09-Settings/Users/Client/button_Accept' is clicked on

2022-10-12 16:58:42 - [MESSAGE][PASSED] - Object: 'Object Repository/09-Settings/Users/Client/button_Accept' is clicked on

2022-10-12 16:58:42 - [TEST_STEP][PASSED] - delay(10): Delayed 10 second(s)

2022-10-12 16:58:52 - [MESSAGE][PASSED] - Delayed 10 second(s)

2022-10-12 16:58:52 - [TEST_STEP][PASSED] - verifyElementVisible(findTestObject("09-Settings/Users/Client/div_Joined as CLIENT")): Object 'Object Repository/09-Settings/Users/Client/div_Joined as CLIENT' is visible

2022-10-12 16:58:52 - [MESSAGE][PASSED] - Object 'Object Repository/09-Settings/Users/Client/div_Joined as CLIENT' is visible

2022-10-12 16:58:52 - [TEST_STEP][PASSED] - delay(3): Delayed 3 second(s)

2022-10-12 16:58:55 - [MESSAGE][PASSED] - Delayed 3 second(s)

2022-10-12 16:58:55 - [TEST_STEP][PASSED] - closeBrowser(): Browser is closed

2022-10-12 16:58:56 - [MESSAGE][PASSED] - Browser is closed]]></system-out>
         <system-err><![CDATA[]]></system-err>
      </testcase>
      <testcase name="Test Cases/09-Settings/04 - Users (Invite new user as partner)" time="219.085" classname="Test Cases/09-Settings/04 - Users (Invite new user as partner)" status="PASSED">
         <system-out><![CDATA[2022-10-12 16:58:56 - [TEST_CASE][PASSED] - Test Cases/09-Settings/04 - Users (Invite new user as partner): Test Cases/09-Settings/04 - Users (Invite new user as partner)

2022-10-12 16:58:56 - [TEST_STEP][PASSED] - openBrowser(""): Browser is opened with url: ''

2022-10-12 16:58:56 - [MESSAGE][INFO] - Starting 'Chrome' driver

2022-10-12 16:58:56 - [MESSAGE][INFO] - Action delay is set to 0 milliseconds

2022-10-12 16:58:57 - [MESSAGE][PASSED] - Browser is opened with url: ''

2022-10-12 16:58:57 - [TEST_STEP][PASSED] - navigateToUrl("https://lab.everleagues.com/"): Navigate to 'https://lab.everleagues.com/' successfully

2022-10-12 16:59:35 - [MESSAGE][PASSED] - Navigate to 'https://lab.everleagues.com/' successfully

2022-10-12 16:59:35 - [TEST_STEP][PASSED] - maximizeWindow(): Current window maximized

2022-10-12 16:59:35 - [MESSAGE][PASSED] - Current window maximized

2022-10-12 16:59:35 - [TEST_STEP][PASSED] - setText(findTestObject("02-Side Icons(Organization)/Add Contact/Email Field"), "testuser02@mailinator.com"): Text 'testuser02@mailinator.com' is set on object 'Object Repository/02-Side Icons(Organization)/Add Contact/Email Field'

2022-10-12 16:59:36 - [MESSAGE][PASSED] - Text 'testuser02@mailinator.com' is set on object 'Object Repository/02-Side Icons(Organization)/Add Contact/Email Field'

2022-10-12 16:59:36 - [TEST_STEP][PASSED] - setEncryptedText(findTestObject("02-Side Icons(Organization)/Add Contact/Password Field"), "8yFRyszE6U6jvsCn51OQbg=="): Text ****** has been set on object 'Object Repository/02-Side Icons(Organization)/Add Contact/Password Field'

2022-10-12 16:59:36 - [MESSAGE][PASSED] - Text ****** has been set on object 'Object Repository/02-Side Icons(Organization)/Add Contact/Password Field'

2022-10-12 16:59:36 - [TEST_STEP][PASSED] - click(findTestObject("02-Side Icons(Organization)/Add Contact/button_Sign in")): Object: 'Object Repository/02-Side Icons(Organization)/Add Contact/button_Sign in' is clicked on

2022-10-12 16:59:37 - [MESSAGE][PASSED] - Object: 'Object Repository/02-Side Icons(Organization)/Add Contact/button_Sign in' is clicked on

2022-10-12 16:59:37 - [TEST_STEP][PASSED] - delay(2): Delayed 2 second(s)

2022-10-12 16:59:39 - [MESSAGE][PASSED] - Delayed 2 second(s)

2022-10-12 16:59:39 - [TEST_STEP][PASSED] - click(findTestObject("06-Teams/For 2FA/button_Confirm_2FA")): Object: 'Object Repository/06-Teams/For 2FA/button_Confirm_2FA' is clicked on

2022-10-12 16:59:40 - [MESSAGE][PASSED] - Object: 'Object Repository/06-Teams/For 2FA/button_Confirm_2FA' is clicked on

2022-10-12 16:59:40 - [TEST_STEP][PASSED] - executeJavaScript("window.open();", []): Execute JavaScript 'window.open();' successfully

2022-10-12 16:59:40 - [MESSAGE][PASSED] - Execute JavaScript 'window.open();' successfully

2022-10-12 16:59:40 - [TEST_STEP][PASSED] - currentWindow = getWindowIndex(): Current window's index is: 0

2022-10-12 16:59:40 - [MESSAGE][PASSED] - Current window's index is: 0

2022-10-12 16:59:40 - [TEST_STEP][PASSED] - delay(3): Delayed 3 second(s)

2022-10-12 16:59:43 - [MESSAGE][PASSED] - Delayed 3 second(s)

2022-10-12 16:59:43 - [TEST_STEP][PASSED] - switchToWindowIndex(currentWindow + 1): Switched to window with index: '1'

2022-10-12 16:59:43 - [MESSAGE][PASSED] - Switched to window with index: '1'

2022-10-12 16:59:43 - [TEST_STEP][PASSED] - navigateToUrl("https://www.mailinator.com/"): Navigate to 'https://www.mailinator.com/' successfully

2022-10-12 16:59:45 - [MESSAGE][PASSED] - Navigate to 'https://www.mailinator.com/' successfully

2022-10-12 16:59:45 - [TEST_STEP][PASSED] - delay(3): Delayed 3 second(s)

2022-10-12 16:59:48 - [MESSAGE][PASSED] - Delayed 3 second(s)

2022-10-12 16:59:48 - [TEST_STEP][PASSED] - setText(findTestObject("00-Signup and Activation/zMailinator/input_LOGIN_search"), "testuser02@mailinator.com"): Text 'testuser02@mailinator.com' is set on object 'Object Repository/00-Signup and Activation/zMailinator/input_LOGIN_search'

2022-10-12 16:59:48 - [MESSAGE][PASSED] - Text 'testuser02@mailinator.com' is set on object 'Object Repository/00-Signup and Activation/zMailinator/input_LOGIN_search'

2022-10-12 16:59:48 - [TEST_STEP][PASSED] - click(findTestObject("00-Signup and Activation/zMailinator/gobutton"), STOP_ON_FAILURE): Object: 'Object Repository/00-Signup and Activation/zMailinator/gobutton' is clicked on

2022-10-12 16:59:49 - [MESSAGE][PASSED] - Object: 'Object Repository/00-Signup and Activation/zMailinator/gobutton' is clicked on

2022-10-12 16:59:49 - [TEST_STEP][PASSED] - delay(3): Delayed 3 second(s)

2022-10-12 16:59:52 - [MESSAGE][PASSED] - Delayed 3 second(s)

2022-10-12 16:59:52 - [TEST_STEP][PASSED] - click(findTestObject("00-Signup and Activation/zMailinator/Email - everleagues")): Object: 'Object Repository/00-Signup and Activation/zMailinator/Email - everleagues' is clicked on

2022-10-12 16:59:53 - [MESSAGE][PASSED] - Object: 'Object Repository/00-Signup and Activation/zMailinator/Email - everleagues' is clicked on

2022-10-12 16:59:53 - [TEST_STEP][PASSED] - delay(3): Delayed 3 second(s)

2022-10-12 16:59:56 - [MESSAGE][PASSED] - Delayed 3 second(s)

2022-10-12 16:59:56 - [TEST_STEP][PASSED] - code = getText(findTestObject("Object Repository/06-Teams/For 2FA/2FA code")): Text of object 'Object Repository/06-Teams/For 2FA/2FA code' is: '309133'

2022-10-12 16:59:56 - [MESSAGE][PASSED] - Text of object 'Object Repository/06-Teams/For 2FA/2FA code' is: '309133'

2022-10-12 16:59:56 - [TEST_STEP][PASSED] - delay(3): Delayed 3 second(s)

2022-10-12 16:59:59 - [MESSAGE][PASSED] - Delayed 3 second(s)

2022-10-12 16:59:59 - [TEST_STEP][PASSED] - closeWindowTitle("Mailinator"): Window with title: 'Mailinator' is closed

2022-10-12 16:59:59 - [MESSAGE][PASSED] - Window with title: 'Mailinator' is closed

2022-10-12 16:59:59 - [TEST_STEP][PASSED] - delay(3): Delayed 3 second(s)

2022-10-12 17:00:02 - [MESSAGE][PASSED] - Delayed 3 second(s)

2022-10-12 17:00:02 - [TEST_STEP][PASSED] - switchToWindowIndex(0): Switched to window with index: '0'

2022-10-12 17:00:02 - [MESSAGE][PASSED] - Switched to window with index: '0'

2022-10-12 17:00:02 - [TEST_STEP][PASSED] - delay(3): Delayed 3 second(s)

2022-10-12 17:00:05 - [MESSAGE][PASSED] - Delayed 3 second(s)

2022-10-12 17:00:05 - [TEST_STEP][PASSED] - setText(findTestObject("Object Repository/06-Teams/For 2FA/input_Enter verification code_code"), code): Text '309133' is set on object 'Object Repository/06-Teams/For 2FA/input_Enter verification code_code'

2022-10-12 17:00:06 - [MESSAGE][PASSED] - Text '309133' is set on object 'Object Repository/06-Teams/For 2FA/input_Enter verification code_code'

2022-10-12 17:00:06 - [TEST_STEP][PASSED] - delay(3): Delayed 3 second(s)

2022-10-12 17:00:09 - [MESSAGE][PASSED] - Delayed 3 second(s)

2022-10-12 17:00:09 - [TEST_STEP][PASSED] - click(findTestObject("06-Teams/For 2FA/button_Verify_2FA")): Object: 'Object Repository/06-Teams/For 2FA/button_Verify_2FA' is clicked on

2022-10-12 17:00:10 - [MESSAGE][PASSED] - Object: 'Object Repository/06-Teams/For 2FA/button_Verify_2FA' is clicked on

2022-10-12 17:00:10 - [TEST_STEP][PASSED] - delay(5): Delayed 5 second(s)

2022-10-12 17:00:15 - [MESSAGE][PASSED] - Delayed 5 second(s)

2022-10-12 17:00:15 - [TEST_STEP][PASSED] - click(findTestObject("06-Teams/button_doublearrow")): Object: 'Object Repository/06-Teams/button_doublearrow' is clicked on

2022-10-12 17:00:15 - [MESSAGE][PASSED] - Object: 'Object Repository/06-Teams/button_doublearrow' is clicked on

2022-10-12 17:00:15 - [TEST_STEP][PASSED] - click(findTestObject("06-Teams/button_My Organizations")): Object: 'Object Repository/06-Teams/button_My Organizations' is clicked on

2022-10-12 17:00:16 - [MESSAGE][PASSED] - Object: 'Object Repository/06-Teams/button_My Organizations' is clicked on

2022-10-12 17:00:16 - [TEST_STEP][PASSED] - click(findTestObject("06-Teams/button_GG Automation")): Object: 'Object Repository/06-Teams/button_GG Automation' is clicked on

2022-10-12 17:00:17 - [MESSAGE][PASSED] - Object: 'Object Repository/06-Teams/button_GG Automation' is clicked on

2022-10-12 17:00:17 - [TEST_STEP][PASSED] - delay(4): Delayed 4 second(s)

2022-10-12 17:00:21 - [MESSAGE][PASSED] - Delayed 4 second(s)

2022-10-12 17:00:21 - [TEST_STEP][PASSED] - verifyElementVisible(findTestObject("06-Teams/span_GG Automation")): Object 'Object Repository/06-Teams/span_GG Automation' is visible

2022-10-12 17:00:21 - [MESSAGE][PASSED] - Object 'Object Repository/06-Teams/span_GG Automation' is visible

2022-10-12 17:00:21 - [TEST_STEP][PASSED] - delay(10): Delayed 10 second(s)

2022-10-12 17:00:31 - [MESSAGE][PASSED] - Delayed 10 second(s)

2022-10-12 17:00:31 - [TEST_STEP][PASSED] - click(findTestObject("03-Header Menu/Hamburger Button/div_Settings")): Object: 'Object Repository/03-Header Menu/Hamburger Button/div_Settings' is clicked on

2022-10-12 17:00:31 - [MESSAGE][PASSED] - Object: 'Object Repository/03-Header Menu/Hamburger Button/div_Settings' is clicked on

2022-10-12 17:00:31 - [TEST_STEP][PASSED] - delay(3): Delayed 3 second(s)

2022-10-12 17:00:34 - [MESSAGE][PASSED] - Delayed 3 second(s)

2022-10-12 17:00:34 - [TEST_STEP][PASSED] - click(findTestObject("09-Settings/Users/div_Users")): Object: 'Object Repository/09-Settings/Users/div_Users' is clicked on

2022-10-12 17:00:35 - [MESSAGE][PASSED] - Object: 'Object Repository/09-Settings/Users/div_Users' is clicked on

2022-10-12 17:00:35 - [TEST_STEP][PASSED] - delay(3): Delayed 3 second(s)

2022-10-12 17:00:38 - [MESSAGE][PASSED] - Delayed 3 second(s)

2022-10-12 17:00:38 - [TEST_STEP][PASSED] - click(findTestObject("09-Settings/Users/button_add")): Object: 'Object Repository/09-Settings/Users/button_add' is clicked on

2022-10-12 17:00:38 - [MESSAGE][PASSED] - Object: 'Object Repository/09-Settings/Users/button_add' is clicked on

2022-10-12 17:00:38 - [TEST_STEP][PASSED] - delay(3): Delayed 3 second(s)

2022-10-12 17:00:41 - [MESSAGE][PASSED] - Delayed 3 second(s)

2022-10-12 17:00:41 - [TEST_STEP][PASSED] - click(findTestObject("09-Settings/Users/add Invite a single user")): Object: 'Object Repository/09-Settings/Users/add Invite a single user' is clicked on

2022-10-12 17:00:43 - [MESSAGE][PASSED] - Object: 'Object Repository/09-Settings/Users/add Invite a single user' is clicked on

2022-10-12 17:00:43 - [TEST_STEP][PASSED] - delay(3): Delayed 3 second(s)

2022-10-12 17:00:46 - [MESSAGE][PASSED] - Delayed 3 second(s)

2022-10-12 17:00:46 - [TEST_STEP][PASSED] - setText(findTestObject("09-Settings/Users/input_email"), "autotester10@mailinator.com"): Text 'autotester10@mailinator.com' is set on object 'Object Repository/09-Settings/Users/input_email'

2022-10-12 17:00:47 - [MESSAGE][PASSED] - Text 'autotester10@mailinator.com' is set on object 'Object Repository/09-Settings/Users/input_email'

2022-10-12 17:00:47 - [TEST_STEP][PASSED] - setText(findTestObject("09-Settings/Users/input_firstName"), "GG"): Text 'GG' is set on object 'Object Repository/09-Settings/Users/input_firstName'

2022-10-12 17:00:47 - [MESSAGE][PASSED] - Text 'GG' is set on object 'Object Repository/09-Settings/Users/input_firstName'

2022-10-12 17:00:47 - [TEST_STEP][PASSED] - setText(findTestObject("09-Settings/Users/input_lastName"), "Partner"): Text 'Partner' is set on object 'Object Repository/09-Settings/Users/input_lastName'

2022-10-12 17:00:48 - [MESSAGE][PASSED] - Text 'Partner' is set on object 'Object Repository/09-Settings/Users/input_lastName'

2022-10-12 17:00:48 - [TEST_STEP][PASSED] - click(findTestObject("09-Settings/Users/span_Role")): Object: 'Object Repository/09-Settings/Users/span_Role' is clicked on

2022-10-12 17:00:49 - [MESSAGE][PASSED] - Object: 'Object Repository/09-Settings/Users/span_Role' is clicked on

2022-10-12 17:00:49 - [TEST_STEP][PASSED] - click(findTestObject("09-Settings/Users/span_Partner")): Object: 'Object Repository/09-Settings/Users/span_Partner' is clicked on

2022-10-12 17:00:49 - [MESSAGE][PASSED] - Object: 'Object Repository/09-Settings/Users/span_Partner' is clicked on

2022-10-12 17:00:49 - [TEST_STEP][PASSED] - click(findTestObject("09-Settings/Users/button_Send Invitation")): Object: 'Object Repository/09-Settings/Users/button_Send Invitation' is clicked on

2022-10-12 17:00:50 - [MESSAGE][PASSED] - Object: 'Object Repository/09-Settings/Users/button_Send Invitation' is clicked on

2022-10-12 17:00:50 - [TEST_STEP][PASSED] - delay(2): Delayed 2 second(s)

2022-10-12 17:00:52 - [MESSAGE][PASSED] - Delayed 2 second(s)

2022-10-12 17:00:52 - [TEST_STEP][PASSED] - verifyElementVisible(findTestObject("07-Directory/Connections/zContact Profile/Successfully invited user")): Object 'Object Repository/07-Directory/Connections/zContact Profile/Successfully invited user' is visible

2022-10-12 17:00:54 - [MESSAGE][PASSED] - Object 'Object Repository/07-Directory/Connections/zContact Profile/Successfully invited user' is visible

2022-10-12 17:00:54 - [TEST_STEP][PASSED] - delay(2): Delayed 2 second(s)

2022-10-12 17:00:56 - [MESSAGE][PASSED] - Delayed 2 second(s)

2022-10-12 17:00:56 - [TEST_STEP][PASSED] - click(findTestObject("01-Login and Forgot Password/User menu drop")): Object: 'Object Repository/01-Login and Forgot Password/User menu drop' is clicked on

2022-10-12 17:00:56 - [MESSAGE][PASSED] - Object: 'Object Repository/01-Login and Forgot Password/User menu drop' is clicked on

2022-10-12 17:00:56 - [TEST_STEP][PASSED] - delay(2): Delayed 2 second(s)

2022-10-12 17:00:58 - [MESSAGE][PASSED] - Delayed 2 second(s)

2022-10-12 17:00:58 - [TEST_STEP][PASSED] - click(findTestObject("01-Login and Forgot Password/h4_Sign Out"), STOP_ON_FAILURE): Object: 'Object Repository/01-Login and Forgot Password/h4_Sign Out' is clicked on

2022-10-12 17:00:59 - [MESSAGE][PASSED] - Object: 'Object Repository/01-Login and Forgot Password/h4_Sign Out' is clicked on

2022-10-12 17:00:59 - [TEST_STEP][PASSED] - delay(2): Delayed 2 second(s)

2022-10-12 17:01:01 - [MESSAGE][PASSED] - Delayed 2 second(s)

2022-10-12 17:01:01 - [TEST_STEP][PASSED] - verifyElementPresent(findTestObject("01-Login and Forgot Password/Login_Card"), 0): Object 'Object Repository/01-Login and Forgot Password/Login_Card' is present

2022-10-12 17:01:01 - [MESSAGE][WARNING] - Timeout '0' is invalid. Using default page load timeout: '30'

2022-10-12 17:01:01 - [MESSAGE][PASSED] - Object 'Object Repository/01-Login and Forgot Password/Login_Card' is present

2022-10-12 17:01:01 - [TEST_STEP][PASSED] - delay(3): Delayed 3 second(s)

2022-10-12 17:01:04 - [MESSAGE][PASSED] - Delayed 3 second(s)

2022-10-12 17:01:04 - [TEST_STEP][PASSED] - closeBrowser(): Browser is closed

2022-10-12 17:01:05 - [MESSAGE][PASSED] - Browser is closed

2022-10-12 17:01:05 - [TEST_STEP][PASSED] - openBrowser(""): Browser is opened with url: ''

2022-10-12 17:01:05 - [MESSAGE][INFO] - Starting 'Chrome' driver

2022-10-12 17:01:05 - [MESSAGE][INFO] - Action delay is set to 0 milliseconds

2022-10-12 17:01:06 - [MESSAGE][PASSED] - Browser is opened with url: ''

2022-10-12 17:01:06 - [TEST_STEP][PASSED] - navigateToUrl("https://lab.everleagues.com/"): Navigate to 'https://lab.everleagues.com/' successfully

2022-10-12 17:01:20 - [MESSAGE][PASSED] - Navigate to 'https://lab.everleagues.com/' successfully

2022-10-12 17:01:20 - [TEST_STEP][PASSED] - maximizeWindow(): Current window maximized

2022-10-12 17:01:20 - [MESSAGE][PASSED] - Current window maximized

2022-10-12 17:01:20 - [TEST_STEP][PASSED] - setText(findTestObject("02-Side Icons(Organization)/Add Contact/Email Field"), "autotester10@mailinator.com"): Text 'autotester10@mailinator.com' is set on object 'Object Repository/02-Side Icons(Organization)/Add Contact/Email Field'

2022-10-12 17:01:21 - [MESSAGE][PASSED] - Text 'autotester10@mailinator.com' is set on object 'Object Repository/02-Side Icons(Organization)/Add Contact/Email Field'

2022-10-12 17:01:21 - [TEST_STEP][PASSED] - setEncryptedText(findTestObject("02-Side Icons(Organization)/Add Contact/Password Field"), "8yFRyszE6U6jvsCn51OQbg=="): Text ****** has been set on object 'Object Repository/02-Side Icons(Organization)/Add Contact/Password Field'

2022-10-12 17:01:22 - [MESSAGE][PASSED] - Text ****** has been set on object 'Object Repository/02-Side Icons(Organization)/Add Contact/Password Field'

2022-10-12 17:01:22 - [TEST_STEP][PASSED] - click(findTestObject("02-Side Icons(Organization)/Add Contact/button_Sign in")): Object: 'Object Repository/02-Side Icons(Organization)/Add Contact/button_Sign in' is clicked on

2022-10-12 17:01:22 - [MESSAGE][PASSED] - Object: 'Object Repository/02-Side Icons(Organization)/Add Contact/button_Sign in' is clicked on

2022-10-12 17:01:22 - [TEST_STEP][PASSED] - delay(2): Delayed 2 second(s)

2022-10-12 17:01:24 - [MESSAGE][PASSED] - Delayed 2 second(s)

2022-10-12 17:01:24 - [TEST_STEP][PASSED] - click(findTestObject("06-Teams/For 2FA/button_Confirm_2FA")): Object: 'Object Repository/06-Teams/For 2FA/button_Confirm_2FA' is clicked on

2022-10-12 17:01:25 - [MESSAGE][PASSED] - Object: 'Object Repository/06-Teams/For 2FA/button_Confirm_2FA' is clicked on

2022-10-12 17:01:25 - [TEST_STEP][PASSED] - executeJavaScript("window.open();", []): Execute JavaScript 'window.open();' successfully

2022-10-12 17:01:25 - [MESSAGE][PASSED] - Execute JavaScript 'window.open();' successfully

2022-10-12 17:01:25 - [TEST_STEP][PASSED] - currentWindow = getWindowIndex(): Current window's index is: 0

2022-10-12 17:01:25 - [MESSAGE][PASSED] - Current window's index is: 0

2022-10-12 17:01:25 - [TEST_STEP][PASSED] - delay(3): Delayed 3 second(s)

2022-10-12 17:01:28 - [MESSAGE][PASSED] - Delayed 3 second(s)

2022-10-12 17:01:28 - [TEST_STEP][PASSED] - switchToWindowIndex(currentWindow + 1): Switched to window with index: '1'

2022-10-12 17:01:28 - [MESSAGE][PASSED] - Switched to window with index: '1'

2022-10-12 17:01:28 - [TEST_STEP][PASSED] - navigateToUrl("https://www.mailinator.com/"): Navigate to 'https://www.mailinator.com/' successfully

2022-10-12 17:01:30 - [MESSAGE][PASSED] - Navigate to 'https://www.mailinator.com/' successfully

2022-10-12 17:01:30 - [TEST_STEP][PASSED] - delay(3): Delayed 3 second(s)

2022-10-12 17:01:33 - [MESSAGE][PASSED] - Delayed 3 second(s)

2022-10-12 17:01:33 - [TEST_STEP][PASSED] - setText(findTestObject("00-Signup and Activation/zMailinator/input_LOGIN_search"), "autotester10@mailinator.com"): Text 'autotester10@mailinator.com' is set on object 'Object Repository/00-Signup and Activation/zMailinator/input_LOGIN_search'

2022-10-12 17:01:33 - [MESSAGE][PASSED] - Text 'autotester10@mailinator.com' is set on object 'Object Repository/00-Signup and Activation/zMailinator/input_LOGIN_search'

2022-10-12 17:01:33 - [TEST_STEP][PASSED] - click(findTestObject("00-Signup and Activation/zMailinator/gobutton"), STOP_ON_FAILURE): Object: 'Object Repository/00-Signup and Activation/zMailinator/gobutton' is clicked on

2022-10-12 17:01:35 - [MESSAGE][PASSED] - Object: 'Object Repository/00-Signup and Activation/zMailinator/gobutton' is clicked on

2022-10-12 17:01:35 - [TEST_STEP][PASSED] - delay(3): Delayed 3 second(s)

2022-10-12 17:01:38 - [MESSAGE][PASSED] - Delayed 3 second(s)

2022-10-12 17:01:38 - [TEST_STEP][PASSED] - click(findTestObject("00-Signup and Activation/zMailinator/Email - everleagues")): Object: 'Object Repository/00-Signup and Activation/zMailinator/Email - everleagues' is clicked on

2022-10-12 17:01:38 - [MESSAGE][PASSED] - Object: 'Object Repository/00-Signup and Activation/zMailinator/Email - everleagues' is clicked on

2022-10-12 17:01:38 - [TEST_STEP][PASSED] - delay(3): Delayed 3 second(s)

2022-10-12 17:01:41 - [MESSAGE][PASSED] - Delayed 3 second(s)

2022-10-12 17:01:41 - [TEST_STEP][PASSED] - codetwo = getText(findTestObject("Object Repository/06-Teams/For 2FA/2FA code")): Text of object 'Object Repository/06-Teams/For 2FA/2FA code' is: '090060'

2022-10-12 17:01:42 - [MESSAGE][PASSED] - Text of object 'Object Repository/06-Teams/For 2FA/2FA code' is: '090060'

2022-10-12 17:01:42 - [TEST_STEP][PASSED] - delay(3): Delayed 3 second(s)

2022-10-12 17:01:45 - [MESSAGE][PASSED] - Delayed 3 second(s)

2022-10-12 17:01:45 - [TEST_STEP][PASSED] - closeWindowTitle("Mailinator"): Window with title: 'Mailinator' is closed

2022-10-12 17:01:45 - [MESSAGE][PASSED] - Window with title: 'Mailinator' is closed

2022-10-12 17:01:45 - [TEST_STEP][PASSED] - delay(3): Delayed 3 second(s)

2022-10-12 17:01:48 - [MESSAGE][PASSED] - Delayed 3 second(s)

2022-10-12 17:01:48 - [TEST_STEP][PASSED] - switchToWindowIndex(0): Switched to window with index: '0'

2022-10-12 17:01:48 - [MESSAGE][PASSED] - Switched to window with index: '0'

2022-10-12 17:01:48 - [TEST_STEP][PASSED] - delay(3): Delayed 3 second(s)

2022-10-12 17:01:51 - [MESSAGE][PASSED] - Delayed 3 second(s)

2022-10-12 17:01:51 - [TEST_STEP][PASSED] - setText(findTestObject("Object Repository/06-Teams/For 2FA/input_Enter verification code_code"), codetwo): Text '090060' is set on object 'Object Repository/06-Teams/For 2FA/input_Enter verification code_code'

2022-10-12 17:01:52 - [MESSAGE][PASSED] - Text '090060' is set on object 'Object Repository/06-Teams/For 2FA/input_Enter verification code_code'

2022-10-12 17:01:52 - [TEST_STEP][PASSED] - delay(3): Delayed 3 second(s)

2022-10-12 17:01:55 - [MESSAGE][PASSED] - Delayed 3 second(s)

2022-10-12 17:01:55 - [TEST_STEP][PASSED] - click(findTestObject("06-Teams/For 2FA/button_Verify_2FA")): Object: 'Object Repository/06-Teams/For 2FA/button_Verify_2FA' is clicked on

2022-10-12 17:01:55 - [MESSAGE][PASSED] - Object: 'Object Repository/06-Teams/For 2FA/button_Verify_2FA' is clicked on

2022-10-12 17:01:55 - [TEST_STEP][PASSED] - delay(5): Delayed 5 second(s)

2022-10-12 17:02:01 - [MESSAGE][PASSED] - Delayed 5 second(s)

2022-10-12 17:02:01 - [TEST_STEP][PASSED] - executeJavaScript("window.open();", []): Execute JavaScript 'window.open();' successfully

2022-10-12 17:02:01 - [MESSAGE][PASSED] - Execute JavaScript 'window.open();' successfully

2022-10-12 17:02:01 - [TEST_STEP][PASSED] - currentWindow = getWindowIndex(): Current window's index is: 0

2022-10-12 17:02:01 - [MESSAGE][PASSED] - Current window's index is: 0

2022-10-12 17:02:01 - [TEST_STEP][PASSED] - delay(3): Delayed 3 second(s)

2022-10-12 17:02:04 - [MESSAGE][PASSED] - Delayed 3 second(s)

2022-10-12 17:02:04 - [TEST_STEP][PASSED] - switchToWindowIndex(currentWindow + 1): Switched to window with index: '1'

2022-10-12 17:02:04 - [MESSAGE][PASSED] - Switched to window with index: '1'

2022-10-12 17:02:04 - [TEST_STEP][PASSED] - navigateToUrl("https://www.mailinator.com/"): Navigate to 'https://www.mailinator.com/' successfully

2022-10-12 17:02:05 - [MESSAGE][PASSED] - Navigate to 'https://www.mailinator.com/' successfully

2022-10-12 17:02:05 - [TEST_STEP][PASSED] - delay(3): Delayed 3 second(s)

2022-10-12 17:02:08 - [MESSAGE][PASSED] - Delayed 3 second(s)

2022-10-12 17:02:08 - [TEST_STEP][PASSED] - setText(findTestObject("00-Signup and Activation/zMailinator/input_LOGIN_search"), "autotester10@mailinator.com"): Text 'autotester10@mailinator.com' is set on object 'Object Repository/00-Signup and Activation/zMailinator/input_LOGIN_search'

2022-10-12 17:02:08 - [MESSAGE][PASSED] - Text 'autotester10@mailinator.com' is set on object 'Object Repository/00-Signup and Activation/zMailinator/input_LOGIN_search'

2022-10-12 17:02:08 - [TEST_STEP][PASSED] - click(findTestObject("00-Signup and Activation/zMailinator/gobutton"), STOP_ON_FAILURE): Object: 'Object Repository/00-Signup and Activation/zMailinator/gobutton' is clicked on

2022-10-12 17:02:09 - [MESSAGE][PASSED] - Object: 'Object Repository/00-Signup and Activation/zMailinator/gobutton' is clicked on

2022-10-12 17:02:09 - [TEST_STEP][PASSED] - delay(3): Delayed 3 second(s)

2022-10-12 17:02:12 - [MESSAGE][PASSED] - Delayed 3 second(s)

2022-10-12 17:02:12 - [TEST_STEP][PASSED] - closeWindowTitle("Everleagues"): Window with title: 'Everleagues' is closed

2022-10-12 17:02:12 - [MESSAGE][PASSED] - Window with title: 'Everleagues' is closed

2022-10-12 17:02:12 - [TEST_STEP][PASSED] - switchToWindowIndex(0): Switched to window with index: '0'

2022-10-12 17:02:12 - [MESSAGE][PASSED] - Switched to window with index: '0'

2022-10-12 17:02:12 - [TEST_STEP][PASSED] - click(findTestObject("09-Settings/Users/Co worker/td_Invitation from GG Automation")): Object: 'Object Repository/09-Settings/Users/Co worker/td_Invitation from GG Automation' is clicked on

2022-10-12 17:02:13 - [MESSAGE][PASSED] - Object: 'Object Repository/09-Settings/Users/Co worker/td_Invitation from GG Automation' is clicked on

2022-10-12 17:02:13 - [TEST_STEP][PASSED] - click(findTestObject("09-Settings/Users/Co worker/a_Click here to join GG Automation on EverLeagues")): Object: 'Object Repository/09-Settings/Users/Co worker/a_Click here to join GG Automation on EverLeagues' is clicked on

2022-10-12 17:02:14 - [MESSAGE][PASSED] - Object: 'Object Repository/09-Settings/Users/Co worker/a_Click here to join GG Automation on EverLeagues' is clicked on

2022-10-12 17:02:14 - [TEST_STEP][PASSED] - closeWindowTitle("Mailinator"): Window with title: 'Mailinator' is closed

2022-10-12 17:02:14 - [MESSAGE][PASSED] - Window with title: 'Mailinator' is closed

2022-10-12 17:02:14 - [TEST_STEP][PASSED] - switchToWindowIndex(0): Switched to window with index: '0'

2022-10-12 17:02:14 - [MESSAGE][PASSED] - Switched to window with index: '0'

2022-10-12 17:02:14 - [TEST_STEP][PASSED] - verifyElementVisible(findTestObject("09-Settings/Users/Client/Invite modal")): Object 'Object Repository/09-Settings/Users/Client/Invite modal' is visible

2022-10-12 17:02:20 - [MESSAGE][PASSED] - Object 'Object Repository/09-Settings/Users/Client/Invite modal' is visible

2022-10-12 17:02:20 - [TEST_STEP][PASSED] - setText(findTestObject("09-Settings/Users/Client/Company field"), "QA Company"): Text 'QA Company' is set on object 'Object Repository/09-Settings/Users/Client/Company field'

2022-10-12 17:02:20 - [MESSAGE][PASSED] - Text 'QA Company' is set on object 'Object Repository/09-Settings/Users/Client/Company field'

2022-10-12 17:02:20 - [TEST_STEP][PASSED] - click(findTestObject("09-Settings/Users/Client/button_Accept")): Object: 'Object Repository/09-Settings/Users/Client/button_Accept' is clicked on

2022-10-12 17:02:21 - [MESSAGE][PASSED] - Object: 'Object Repository/09-Settings/Users/Client/button_Accept' is clicked on

2022-10-12 17:02:21 - [TEST_STEP][PASSED] - delay(10): Delayed 10 second(s)

2022-10-12 17:02:31 - [MESSAGE][PASSED] - Delayed 10 second(s)

2022-10-12 17:02:31 - [TEST_STEP][PASSED] - verifyElementVisible(findTestObject("09-Settings/Users/div_Joined as Partner")): Object 'Object Repository/09-Settings/Users/div_Joined as Partner' is visible

2022-10-12 17:02:31 - [MESSAGE][PASSED] - Object 'Object Repository/09-Settings/Users/div_Joined as Partner' is visible

2022-10-12 17:02:31 - [TEST_STEP][PASSED] - delay(3): Delayed 3 second(s)

2022-10-12 17:02:34 - [MESSAGE][PASSED] - Delayed 3 second(s)

2022-10-12 17:02:34 - [TEST_STEP][PASSED] - closeBrowser(): Browser is closed

2022-10-12 17:02:35 - [MESSAGE][PASSED] - Browser is closed]]></system-out>
         <system-err><![CDATA[]]></system-err>
      </testcase>
      <testcase name="Test Cases/09-Settings/05 - Users (Invite batch of users via CSV file)" time="147.129" classname="Test Cases/09-Settings/05 - Users (Invite batch of users via CSV file)" status="PASSED">
         <system-out><![CDATA[2022-10-12 17:02:35 - [TEST_CASE][PASSED] - Test Cases/09-Settings/05 - Users (Invite batch of users via CSV file): Test Cases/09-Settings/05 - Users (Invite batch of users via CSV file)

2022-10-12 17:02:35 - [TEST_STEP][PASSED] - openBrowser(""): Browser is opened with url: ''

2022-10-12 17:02:35 - [MESSAGE][INFO] - Starting 'Chrome' driver

2022-10-12 17:02:35 - [MESSAGE][INFO] - Action delay is set to 0 milliseconds

2022-10-12 17:02:36 - [MESSAGE][PASSED] - Browser is opened with url: ''

2022-10-12 17:02:36 - [TEST_STEP][PASSED] - navigateToUrl("https://lab.everleagues.com/"): Navigate to 'https://lab.everleagues.com/' successfully

2022-10-12 17:03:12 - [MESSAGE][PASSED] - Navigate to 'https://lab.everleagues.com/' successfully

2022-10-12 17:03:12 - [TEST_STEP][PASSED] - maximizeWindow(): Current window maximized

2022-10-12 17:03:12 - [MESSAGE][PASSED] - Current window maximized

2022-10-12 17:03:12 - [TEST_STEP][PASSED] - setText(findTestObject("02-Side Icons(Organization)/Add Contact/Email Field"), "testuser02@mailinator.com"): Text 'testuser02@mailinator.com' is set on object 'Object Repository/02-Side Icons(Organization)/Add Contact/Email Field'

2022-10-12 17:03:13 - [MESSAGE][PASSED] - Text 'testuser02@mailinator.com' is set on object 'Object Repository/02-Side Icons(Organization)/Add Contact/Email Field'

2022-10-12 17:03:13 - [TEST_STEP][PASSED] - setEncryptedText(findTestObject("02-Side Icons(Organization)/Add Contact/Password Field"), "8yFRyszE6U6jvsCn51OQbg=="): Text ****** has been set on object 'Object Repository/02-Side Icons(Organization)/Add Contact/Password Field'

2022-10-12 17:03:13 - [MESSAGE][PASSED] - Text ****** has been set on object 'Object Repository/02-Side Icons(Organization)/Add Contact/Password Field'

2022-10-12 17:03:13 - [TEST_STEP][PASSED] - click(findTestObject("02-Side Icons(Organization)/Add Contact/button_Sign in")): Object: 'Object Repository/02-Side Icons(Organization)/Add Contact/button_Sign in' is clicked on

2022-10-12 17:03:14 - [MESSAGE][PASSED] - Object: 'Object Repository/02-Side Icons(Organization)/Add Contact/button_Sign in' is clicked on

2022-10-12 17:03:14 - [TEST_STEP][PASSED] - delay(2): Delayed 2 second(s)

2022-10-12 17:03:16 - [MESSAGE][PASSED] - Delayed 2 second(s)

2022-10-12 17:03:16 - [TEST_STEP][PASSED] - click(findTestObject("06-Teams/For 2FA/button_Confirm_2FA")): Object: 'Object Repository/06-Teams/For 2FA/button_Confirm_2FA' is clicked on

2022-10-12 17:03:17 - [MESSAGE][PASSED] - Object: 'Object Repository/06-Teams/For 2FA/button_Confirm_2FA' is clicked on

2022-10-12 17:03:17 - [TEST_STEP][PASSED] - executeJavaScript("window.open();", []): Execute JavaScript 'window.open();' successfully

2022-10-12 17:03:17 - [MESSAGE][PASSED] - Execute JavaScript 'window.open();' successfully

2022-10-12 17:03:17 - [TEST_STEP][PASSED] - currentWindow = getWindowIndex(): Current window's index is: 0

2022-10-12 17:03:17 - [MESSAGE][PASSED] - Current window's index is: 0

2022-10-12 17:03:17 - [TEST_STEP][PASSED] - delay(3): Delayed 3 second(s)

2022-10-12 17:03:20 - [MESSAGE][PASSED] - Delayed 3 second(s)

2022-10-12 17:03:20 - [TEST_STEP][PASSED] - switchToWindowIndex(currentWindow + 1): Switched to window with index: '1'

2022-10-12 17:03:20 - [MESSAGE][PASSED] - Switched to window with index: '1'

2022-10-12 17:03:20 - [TEST_STEP][PASSED] - navigateToUrl("https://www.mailinator.com/"): Navigate to 'https://www.mailinator.com/' successfully

2022-10-12 17:03:22 - [MESSAGE][PASSED] - Navigate to 'https://www.mailinator.com/' successfully

2022-10-12 17:03:22 - [TEST_STEP][PASSED] - delay(3): Delayed 3 second(s)

2022-10-12 17:03:25 - [MESSAGE][PASSED] - Delayed 3 second(s)

2022-10-12 17:03:25 - [TEST_STEP][PASSED] - setText(findTestObject("00-Signup and Activation/zMailinator/input_LOGIN_search"), "testuser02@mailinator.com"): Text 'testuser02@mailinator.com' is set on object 'Object Repository/00-Signup and Activation/zMailinator/input_LOGIN_search'

2022-10-12 17:03:26 - [MESSAGE][PASSED] - Text 'testuser02@mailinator.com' is set on object 'Object Repository/00-Signup and Activation/zMailinator/input_LOGIN_search'

2022-10-12 17:03:26 - [TEST_STEP][PASSED] - click(findTestObject("00-Signup and Activation/zMailinator/gobutton"), STOP_ON_FAILURE): Object: 'Object Repository/00-Signup and Activation/zMailinator/gobutton' is clicked on

2022-10-12 17:03:28 - [MESSAGE][PASSED] - Object: 'Object Repository/00-Signup and Activation/zMailinator/gobutton' is clicked on

2022-10-12 17:03:28 - [TEST_STEP][PASSED] - delay(3): Delayed 3 second(s)

2022-10-12 17:03:31 - [MESSAGE][PASSED] - Delayed 3 second(s)

2022-10-12 17:03:31 - [TEST_STEP][PASSED] - click(findTestObject("00-Signup and Activation/zMailinator/Email - everleagues")): Object: 'Object Repository/00-Signup and Activation/zMailinator/Email - everleagues' is clicked on

2022-10-12 17:03:31 - [MESSAGE][PASSED] - Object: 'Object Repository/00-Signup and Activation/zMailinator/Email - everleagues' is clicked on

2022-10-12 17:03:31 - [TEST_STEP][PASSED] - delay(3): Delayed 3 second(s)

2022-10-12 17:03:34 - [MESSAGE][PASSED] - Delayed 3 second(s)

2022-10-12 17:03:34 - [TEST_STEP][PASSED] - code = getText(findTestObject("Object Repository/06-Teams/For 2FA/2FA code")): Text of object 'Object Repository/06-Teams/For 2FA/2FA code' is: '242717'

2022-10-12 17:03:34 - [MESSAGE][PASSED] - Text of object 'Object Repository/06-Teams/For 2FA/2FA code' is: '242717'

2022-10-12 17:03:34 - [TEST_STEP][PASSED] - delay(3): Delayed 3 second(s)

2022-10-12 17:03:37 - [MESSAGE][PASSED] - Delayed 3 second(s)

2022-10-12 17:03:37 - [TEST_STEP][PASSED] - closeWindowTitle("Mailinator"): Window with title: 'Mailinator' is closed

2022-10-12 17:03:38 - [MESSAGE][PASSED] - Window with title: 'Mailinator' is closed

2022-10-12 17:03:38 - [TEST_STEP][PASSED] - delay(3): Delayed 3 second(s)

2022-10-12 17:03:41 - [MESSAGE][PASSED] - Delayed 3 second(s)

2022-10-12 17:03:41 - [TEST_STEP][PASSED] - switchToWindowIndex(0): Switched to window with index: '0'

2022-10-12 17:03:41 - [MESSAGE][PASSED] - Switched to window with index: '0'

2022-10-12 17:03:41 - [TEST_STEP][PASSED] - delay(3): Delayed 3 second(s)

2022-10-12 17:03:44 - [MESSAGE][PASSED] - Delayed 3 second(s)

2022-10-12 17:03:44 - [TEST_STEP][PASSED] - setText(findTestObject("Object Repository/06-Teams/For 2FA/input_Enter verification code_code"), code): Text '242717' is set on object 'Object Repository/06-Teams/For 2FA/input_Enter verification code_code'

2022-10-12 17:03:45 - [MESSAGE][PASSED] - Text '242717' is set on object 'Object Repository/06-Teams/For 2FA/input_Enter verification code_code'

2022-10-12 17:03:45 - [TEST_STEP][PASSED] - delay(3): Delayed 3 second(s)

2022-10-12 17:03:48 - [MESSAGE][PASSED] - Delayed 3 second(s)

2022-10-12 17:03:48 - [TEST_STEP][PASSED] - click(findTestObject("06-Teams/For 2FA/button_Verify_2FA")): Object: 'Object Repository/06-Teams/For 2FA/button_Verify_2FA' is clicked on

2022-10-12 17:03:48 - [MESSAGE][PASSED] - Object: 'Object Repository/06-Teams/For 2FA/button_Verify_2FA' is clicked on

2022-10-12 17:03:48 - [TEST_STEP][PASSED] - delay(5): Delayed 5 second(s)

2022-10-12 17:03:53 - [MESSAGE][PASSED] - Delayed 5 second(s)

2022-10-12 17:03:53 - [TEST_STEP][PASSED] - click(findTestObject("06-Teams/button_doublearrow")): Object: 'Object Repository/06-Teams/button_doublearrow' is clicked on

2022-10-12 17:03:54 - [MESSAGE][PASSED] - Object: 'Object Repository/06-Teams/button_doublearrow' is clicked on

2022-10-12 17:03:54 - [TEST_STEP][PASSED] - click(findTestObject("06-Teams/button_My Organizations")): Object: 'Object Repository/06-Teams/button_My Organizations' is clicked on

2022-10-12 17:03:55 - [MESSAGE][PASSED] - Object: 'Object Repository/06-Teams/button_My Organizations' is clicked on

2022-10-12 17:03:55 - [TEST_STEP][PASSED] - click(findTestObject("06-Teams/button_GG Automation")): Object: 'Object Repository/06-Teams/button_GG Automation' is clicked on

2022-10-12 17:03:55 - [MESSAGE][PASSED] - Object: 'Object Repository/06-Teams/button_GG Automation' is clicked on

2022-10-12 17:03:55 - [TEST_STEP][PASSED] - delay(4): Delayed 4 second(s)

2022-10-12 17:03:59 - [MESSAGE][PASSED] - Delayed 4 second(s)

2022-10-12 17:03:59 - [TEST_STEP][PASSED] - verifyElementVisible(findTestObject("06-Teams/span_GG Automation")): Object 'Object Repository/06-Teams/span_GG Automation' is visible

2022-10-12 17:04:00 - [MESSAGE][PASSED] - Object 'Object Repository/06-Teams/span_GG Automation' is visible

2022-10-12 17:04:00 - [TEST_STEP][PASSED] - delay(10): Delayed 10 second(s)

2022-10-12 17:04:10 - [MESSAGE][PASSED] - Delayed 10 second(s)

2022-10-12 17:04:10 - [TEST_STEP][PASSED] - click(findTestObject("03-Header Menu/Hamburger Button/div_Settings")): Object: 'Object Repository/03-Header Menu/Hamburger Button/div_Settings' is clicked on

2022-10-12 17:04:11 - [MESSAGE][PASSED] - Object: 'Object Repository/03-Header Menu/Hamburger Button/div_Settings' is clicked on

2022-10-12 17:04:11 - [TEST_STEP][PASSED] - delay(3): Delayed 3 second(s)

2022-10-12 17:04:14 - [MESSAGE][PASSED] - Delayed 3 second(s)

2022-10-12 17:04:14 - [TEST_STEP][PASSED] - click(findTestObject("09-Settings/Users/div_Users")): Object: 'Object Repository/09-Settings/Users/div_Users' is clicked on

2022-10-12 17:04:14 - [MESSAGE][PASSED] - Object: 'Object Repository/09-Settings/Users/div_Users' is clicked on

2022-10-12 17:04:14 - [TEST_STEP][PASSED] - delay(3): Delayed 3 second(s)

2022-10-12 17:04:17 - [MESSAGE][PASSED] - Delayed 3 second(s)

2022-10-12 17:04:17 - [TEST_STEP][PASSED] - click(findTestObject("09-Settings/Users/button_add")): Object: 'Object Repository/09-Settings/Users/button_add' is clicked on

2022-10-12 17:04:18 - [MESSAGE][PASSED] - Object: 'Object Repository/09-Settings/Users/button_add' is clicked on

2022-10-12 17:04:18 - [TEST_STEP][PASSED] - delay(3): Delayed 3 second(s)

2022-10-12 17:04:21 - [MESSAGE][PASSED] - Delayed 3 second(s)

2022-10-12 17:04:21 - [TEST_STEP][PASSED] - click(findTestObject("09-Settings/Users/Invite batch of users via CSV file")): Object: 'Object Repository/09-Settings/Users/Invite batch of users via CSV file' is clicked on

2022-10-12 17:04:21 - [MESSAGE][PASSED] - Object: 'Object Repository/09-Settings/Users/Invite batch of users via CSV file' is clicked on

2022-10-12 17:04:21 - [TEST_STEP][PASSED] - verifyElementVisible(findTestObject("09-Settings/Users/CSV Invite/Import CSV File modal")): Object 'Object Repository/09-Settings/Users/CSV Invite/Import CSV File modal' is visible

2022-10-12 17:04:22 - [MESSAGE][PASSED] - Object 'Object Repository/09-Settings/Users/CSV Invite/Import CSV File modal' is visible

2022-10-12 17:04:22 - [TEST_STEP][PASSED] - verifyElementNotClickable(findTestObject("09-Settings/Users/CSV Invite/button_Import")): Object 'Object Repository/09-Settings/Users/CSV Invite/button_Import' is NOT clickable

2022-10-12 17:04:22 - [MESSAGE][PASSED] - Object 'Object Repository/09-Settings/Users/CSV Invite/button_Import' is NOT clickable

2022-10-12 17:04:22 - [TEST_STEP][PASSED] - delay(3): Delayed 3 second(s)

2022-10-12 17:04:25 - [MESSAGE][PASSED] - Delayed 3 second(s)

2022-10-12 17:04:25 - [TEST_STEP][PASSED] - uploadpackage.Upload.uploadFile(findTestObject("Object Repository/09-Settings/Users/CSV Invite/button_Choose File"), "C:\Users\User\Desktop\EL automation\sample csv.csv"): uploadpackage.Upload.uploadFile is PASSED

2022-10-12 17:04:26 - [MESSAGE][PASSED] - Object: 'Object Repository/09-Settings/Users/CSV Invite/button_Choose File' is clicked on

2022-10-12 17:04:26 - [MESSAGE][PASSED] - uploadpackage.Upload.uploadFile is PASSED

2022-10-12 17:04:26 - [TEST_STEP][PASSED] - delay(3): Delayed 3 second(s)

2022-10-12 17:04:29 - [MESSAGE][PASSED] - Delayed 3 second(s)

2022-10-12 17:04:29 - [TEST_STEP][PASSED] - verifyElementVisible(findTestObject("09-Settings/Users/CSV Invite/div_Sample csv.csv")): Object 'Object Repository/09-Settings/Users/CSV Invite/div_Sample csv.csv' is visible

2022-10-12 17:04:29 - [MESSAGE][PASSED] - Object 'Object Repository/09-Settings/Users/CSV Invite/div_Sample csv.csv' is visible

2022-10-12 17:04:29 - [TEST_STEP][PASSED] - click(findTestObject("09-Settings/Users/CSV Invite/button_Import")): Object: 'Object Repository/09-Settings/Users/CSV Invite/button_Import' is clicked on

2022-10-12 17:04:30 - [MESSAGE][PASSED] - Object: 'Object Repository/09-Settings/Users/CSV Invite/button_Import' is clicked on

2022-10-12 17:04:30 - [TEST_STEP][PASSED] - delay(10): Delayed 10 second(s)

2022-10-12 17:04:40 - [MESSAGE][PASSED] - Delayed 10 second(s)

2022-10-12 17:04:40 - [TEST_STEP][PASSED] - verifyElementVisible(findTestObject("09-Settings/Users/CSV Invite/Success import modal")): Object 'Object Repository/09-Settings/Users/CSV Invite/Success import modal' is visible

2022-10-12 17:04:51 - [MESSAGE][PASSED] - Object 'Object Repository/09-Settings/Users/CSV Invite/Success import modal' is visible

2022-10-12 17:04:51 - [TEST_STEP][PASSED] - click(findTestObject("09-Settings/Users/CSV Invite/button_Close")): Object: 'Object Repository/09-Settings/Users/CSV Invite/button_Close' is clicked on

2022-10-12 17:04:51 - [MESSAGE][PASSED] - Object: 'Object Repository/09-Settings/Users/CSV Invite/button_Close' is clicked on

2022-10-12 17:04:51 - [TEST_STEP][PASSED] - click(findTestObject("09-Settings/Users/CSV Invite/Invited Users tab")): Object: 'Object Repository/09-Settings/Users/CSV Invite/Invited Users tab' is clicked on

2022-10-12 17:04:52 - [MESSAGE][PASSED] - Object: 'Object Repository/09-Settings/Users/CSV Invite/Invited Users tab' is clicked on

2022-10-12 17:04:52 - [TEST_STEP][PASSED] - delay(3): Delayed 3 second(s)

2022-10-12 17:04:55 - [MESSAGE][PASSED] - Delayed 3 second(s)

2022-10-12 17:04:55 - [TEST_STEP][PASSED] - verifyElementVisible(findTestObject("09-Settings/Users/CSV Invite/div_CTCSV test3")): Object 'Object Repository/09-Settings/Users/CSV Invite/div_CTCSV test3' is visible

2022-10-12 17:04:56 - [MESSAGE][PASSED] - Object 'Object Repository/09-Settings/Users/CSV Invite/div_CTCSV test3' is visible

2022-10-12 17:04:56 - [TEST_STEP][PASSED] - verifyElementVisible(findTestObject("09-Settings/Users/CSV Invite/div_autotester08mailinator.com")): Object 'Object Repository/09-Settings/Users/CSV Invite/div_autotester08mailinator.com' is visible

2022-10-12 17:04:56 - [MESSAGE][PASSED] - Object 'Object Repository/09-Settings/Users/CSV Invite/div_autotester08mailinator.com' is visible

2022-10-12 17:04:56 - [TEST_STEP][PASSED] - verifyElementVisible(findTestObject("09-Settings/Users/CSV Invite/div_Partner")): Object 'Object Repository/09-Settings/Users/CSV Invite/div_Partner' is visible

2022-10-12 17:04:56 - [MESSAGE][PASSED] - Object 'Object Repository/09-Settings/Users/CSV Invite/div_Partner' is visible

2022-10-12 17:04:56 - [TEST_STEP][PASSED] - verifyElementVisible(findTestObject("09-Settings/Users/CSV Invite/div_CTCSV test2")): Object 'Object Repository/09-Settings/Users/CSV Invite/div_CTCSV test2' is visible

2022-10-12 17:04:57 - [MESSAGE][PASSED] - Object 'Object Repository/09-Settings/Users/CSV Invite/div_CTCSV test2' is visible

2022-10-12 17:04:57 - [TEST_STEP][PASSED] - verifyElementVisible(findTestObject("09-Settings/Users/CSV Invite/div_autotester07mailinator.com")): Object 'Object Repository/09-Settings/Users/CSV Invite/div_autotester07mailinator.com' is visible

2022-10-12 17:04:57 - [MESSAGE][PASSED] - Object 'Object Repository/09-Settings/Users/CSV Invite/div_autotester07mailinator.com' is visible

2022-10-12 17:04:57 - [TEST_STEP][PASSED] - verifyElementVisible(findTestObject("09-Settings/Users/CSV Invite/div_Client")): Object 'Object Repository/09-Settings/Users/CSV Invite/div_Client' is visible

2022-10-12 17:04:57 - [MESSAGE][PASSED] - Object 'Object Repository/09-Settings/Users/CSV Invite/div_Client' is visible

2022-10-12 17:04:57 - [TEST_STEP][PASSED] - verifyElementVisible(findTestObject("09-Settings/Users/CSV Invite/div_CTCSV test1")): Object 'Object Repository/09-Settings/Users/CSV Invite/div_CTCSV test1' is visible

2022-10-12 17:04:58 - [MESSAGE][PASSED] - Object 'Object Repository/09-Settings/Users/CSV Invite/div_CTCSV test1' is visible

2022-10-12 17:04:58 - [TEST_STEP][PASSED] - verifyElementVisible(findTestObject("09-Settings/Users/CSV Invite/div_autotester06mailinator.com")): Object 'Object Repository/09-Settings/Users/CSV Invite/div_autotester06mailinator.com' is visible

2022-10-12 17:04:58 - [MESSAGE][PASSED] - Object 'Object Repository/09-Settings/Users/CSV Invite/div_autotester06mailinator.com' is visible

2022-10-12 17:04:58 - [TEST_STEP][PASSED] - verifyElementVisible(findTestObject("09-Settings/Users/CSV Invite/div_Coworker")): Object 'Object Repository/09-Settings/Users/CSV Invite/div_Coworker' is visible

2022-10-12 17:04:58 - [MESSAGE][PASSED] - Object 'Object Repository/09-Settings/Users/CSV Invite/div_Coworker' is visible

2022-10-12 17:04:58 - [TEST_STEP][PASSED] - delay(3): Delayed 3 second(s)

2022-10-12 17:05:01 - [MESSAGE][PASSED] - Delayed 3 second(s)

2022-10-12 17:05:01 - [TEST_STEP][PASSED] - closeBrowser(): Browser is closed

2022-10-12 17:05:02 - [MESSAGE][PASSED] - Browser is closed]]></system-out>
         <system-err><![CDATA[]]></system-err>
      </testcase>
      <system-out><![CDATA[2022-10-12 16:46:47 - [TEST_SUITE][PASSED] - 09-Settings: Test Cases/09-Settings/05 - Users (Invite batch of users via CSV file)]]></system-out>
      <system-err><![CDATA[]]></system-err>
   </testsuite>
</testsuites>
