<?xml version="1.0" encoding="UTF-8"?>
<testsuites name="09-Settings" time="1155.091" tests="5" failures="0" errors="0">
   <testsuite name="09-Settings" tests="5" failures="0" errors="0" time="1155.091" skipped="0" timestamp="2022-10-28 16:40:40" hostname="User - DESKTOP-QCRNR4M" id="Test Suites/TS-Organization/09-Settings">
      <properties>
         <property name="deviceName" value=""/>
         <property name="devicePlatform" value=""/>
         <property name="logFolder" value="C:\\Users\\User\\Katalon Studio\\EverleaguesMain\\Reports\\20221028_164037\\TS-Organization\\09-Settings\\20221028_164037"/>
         <property name="logFiles" value="C:\\Users\\User\\Katalon Studio\\EverleaguesMain\\Reports\\20221028_164037\\TS-Organization\\09-Settings\\20221028_164037\\execution0.log"/>
         <property name="attachments" value=""/>
         <property name="hostName" value="User - DESKTOP-QCRNR4M"/>
         <property name="os" value="Windows 10 64bit"/>
         <property name="katalonVersion" value="8.4.1.208"/>
         <property name="browser" value="Chrome 106.0.0.0"/>
         <property name="hostAddress" value="192.168.5.124"/>
         <property name="sessionId" value="f9a1c577097f054da253cbf4a778c9d4"/>
         <property name="seleniumVersion" value="3.141.59"/>
         <property name="proxyInformation" value="ProxyInformation { proxyOption=NO_PROXY, proxyServerType=HTTP, username=, password=********, proxyServerAddress=, proxyServerPort=0, executionList=&quot;&quot;, isApplyToDesiredCapabilities=true }"/>
         <property name="platform" value="Windows 10"/>
      </properties>
      <testcase name="Test Cases/09-Settings/01 - Users (Invite new user but field are blank)" time="110.413" classname="Test Cases/09-Settings/01 - Users (Invite new user but field are blank)" status="PASSED">
         <system-out><![CDATA[2022-10-28 16:40:40 - [TEST_CASE][PASSED] - Test Cases/09-Settings/01 - Users (Invite new user but field are blank): Test Cases/09-Settings/01 - Users (Invite new user but field are blank)

2022-10-28 16:40:40 - [TEST_STEP][PASSED] - openBrowser(""): Browser is opened with url: ''

2022-10-28 16:40:41 - [MESSAGE][INFO] - Starting 'Chrome' driver

2022-10-28 16:40:41 - [MESSAGE][INFO] - Action delay is set to 0 milliseconds

2022-10-28 16:40:43 - [MESSAGE][PASSED] - Browser is opened with url: ''

2022-10-28 16:40:43 - [TEST_STEP][PASSED] - navigateToUrl("https://lab.everleagues.com/"): Navigate to 'https://lab.everleagues.com/' successfully

2022-10-28 16:41:08 - [MESSAGE][PASSED] - Navigate to 'https://lab.everleagues.com/' successfully

2022-10-28 16:41:08 - [TEST_STEP][PASSED] - maximizeWindow(): Current window maximized

2022-10-28 16:41:08 - [MESSAGE][PASSED] - Current window maximized

2022-10-28 16:41:08 - [TEST_STEP][PASSED] - setText(findTestObject("02-Side Icons(Organization)/Add Contact/Email Field"), "testuser02@mailinator.com"): Text 'testuser02@mailinator.com' is set on object 'Object Repository/02-Side Icons(Organization)/Add Contact/Email Field'

2022-10-28 16:41:09 - [MESSAGE][PASSED] - Text 'testuser02@mailinator.com' is set on object 'Object Repository/02-Side Icons(Organization)/Add Contact/Email Field'

2022-10-28 16:41:09 - [TEST_STEP][PASSED] - setEncryptedText(findTestObject("02-Side Icons(Organization)/Add Contact/Password Field"), "8yFRyszE6U6jvsCn51OQbg=="): Text ****** has been set on object 'Object Repository/02-Side Icons(Organization)/Add Contact/Password Field'

2022-10-28 16:41:10 - [MESSAGE][PASSED] - Text ****** has been set on object 'Object Repository/02-Side Icons(Organization)/Add Contact/Password Field'

2022-10-28 16:41:10 - [TEST_STEP][PASSED] - click(findTestObject("02-Side Icons(Organization)/Add Contact/button_Sign in")): Object: 'Object Repository/02-Side Icons(Organization)/Add Contact/button_Sign in' is clicked on

2022-10-28 16:41:10 - [MESSAGE][PASSED] - Object: 'Object Repository/02-Side Icons(Organization)/Add Contact/button_Sign in' is clicked on

2022-10-28 16:41:10 - [TEST_STEP][PASSED] - delay(2): Delayed 2 second(s)

2022-10-28 16:41:12 - [MESSAGE][PASSED] - Delayed 2 second(s)

2022-10-28 16:41:12 - [TEST_STEP][PASSED] - click(findTestObject("06-Teams/For 2FA/button_Confirm_2FA")): Object: 'Object Repository/06-Teams/For 2FA/button_Confirm_2FA' is clicked on

2022-10-28 16:41:13 - [MESSAGE][PASSED] - Object: 'Object Repository/06-Teams/For 2FA/button_Confirm_2FA' is clicked on

2022-10-28 16:41:13 - [TEST_STEP][PASSED] - executeJavaScript("window.open();", []): Execute JavaScript 'window.open();' successfully

2022-10-28 16:41:13 - [MESSAGE][PASSED] - Execute JavaScript 'window.open();' successfully

2022-10-28 16:41:13 - [TEST_STEP][PASSED] - currentWindow = getWindowIndex(): Current window's index is: 0

2022-10-28 16:41:13 - [MESSAGE][PASSED] - Current window's index is: 0

2022-10-28 16:41:13 - [TEST_STEP][PASSED] - delay(3): Delayed 3 second(s)

2022-10-28 16:41:16 - [MESSAGE][PASSED] - Delayed 3 second(s)

2022-10-28 16:41:16 - [TEST_STEP][PASSED] - switchToWindowIndex(currentWindow + 1): Switched to window with index: '1'

2022-10-28 16:41:16 - [MESSAGE][PASSED] - Switched to window with index: '1'

2022-10-28 16:41:16 - [TEST_STEP][PASSED] - navigateToUrl("https://www.mailinator.com/"): Navigate to 'https://www.mailinator.com/' successfully

2022-10-28 16:41:18 - [MESSAGE][PASSED] - Navigate to 'https://www.mailinator.com/' successfully

2022-10-28 16:41:18 - [TEST_STEP][PASSED] - delay(3): Delayed 3 second(s)

2022-10-28 16:41:21 - [MESSAGE][PASSED] - Delayed 3 second(s)

2022-10-28 16:41:21 - [TEST_STEP][PASSED] - setText(findTestObject("00-Signup and Activation/zMailinator/input_LOGIN_search"), "testuser02@mailinator.com"): Text 'testuser02@mailinator.com' is set on object 'Object Repository/00-Signup and Activation/zMailinator/input_LOGIN_search'

2022-10-28 16:41:22 - [MESSAGE][PASSED] - Text 'testuser02@mailinator.com' is set on object 'Object Repository/00-Signup and Activation/zMailinator/input_LOGIN_search'

2022-10-28 16:41:22 - [TEST_STEP][PASSED] - click(findTestObject("00-Signup and Activation/zMailinator/gobutton"), STOP_ON_FAILURE): Object: 'Object Repository/00-Signup and Activation/zMailinator/gobutton' is clicked on

2022-10-28 16:41:25 - [MESSAGE][PASSED] - Object: 'Object Repository/00-Signup and Activation/zMailinator/gobutton' is clicked on

2022-10-28 16:41:25 - [TEST_STEP][PASSED] - delay(3): Delayed 3 second(s)

2022-10-28 16:41:28 - [MESSAGE][PASSED] - Delayed 3 second(s)

2022-10-28 16:41:28 - [TEST_STEP][PASSED] - click(findTestObject("00-Signup and Activation/zMailinator/Email - everleagues")): Object: 'Object Repository/00-Signup and Activation/zMailinator/Email - everleagues' is clicked on

2022-10-28 16:41:28 - [MESSAGE][PASSED] - Object: 'Object Repository/00-Signup and Activation/zMailinator/Email - everleagues' is clicked on

2022-10-28 16:41:28 - [TEST_STEP][PASSED] - delay(3): Delayed 3 second(s)

2022-10-28 16:41:31 - [MESSAGE][PASSED] - Delayed 3 second(s)

2022-10-28 16:41:31 - [TEST_STEP][PASSED] - code = getText(findTestObject("Object Repository/06-Teams/For 2FA/2FA code")): Text of object 'Object Repository/06-Teams/For 2FA/2FA code' is: '727706'

2022-10-28 16:41:32 - [MESSAGE][PASSED] - Text of object 'Object Repository/06-Teams/For 2FA/2FA code' is: '727706'

2022-10-28 16:41:32 - [TEST_STEP][PASSED] - delay(3): Delayed 3 second(s)

2022-10-28 16:41:35 - [MESSAGE][PASSED] - Delayed 3 second(s)

2022-10-28 16:41:35 - [TEST_STEP][PASSED] - closeWindowTitle("Mailinator"): Window with title: 'Mailinator' is closed

2022-10-28 16:41:35 - [MESSAGE][PASSED] - Window with title: 'Mailinator' is closed

2022-10-28 16:41:35 - [TEST_STEP][PASSED] - delay(3): Delayed 3 second(s)

2022-10-28 16:41:38 - [MESSAGE][PASSED] - Delayed 3 second(s)

2022-10-28 16:41:38 - [TEST_STEP][PASSED] - switchToWindowIndex(0): Switched to window with index: '0'

2022-10-28 16:41:38 - [MESSAGE][PASSED] - Switched to window with index: '0'

2022-10-28 16:41:38 - [TEST_STEP][PASSED] - delay(3): Delayed 3 second(s)

2022-10-28 16:41:41 - [MESSAGE][PASSED] - Delayed 3 second(s)

2022-10-28 16:41:41 - [TEST_STEP][PASSED] - setText(findTestObject("Object Repository/06-Teams/For 2FA/input_Enter verification code_code"), code): Text '727706' is set on object 'Object Repository/06-Teams/For 2FA/input_Enter verification code_code'

2022-10-28 16:41:42 - [MESSAGE][PASSED] - Text '727706' is set on object 'Object Repository/06-Teams/For 2FA/input_Enter verification code_code'

2022-10-28 16:41:42 - [TEST_STEP][PASSED] - delay(3): Delayed 3 second(s)

2022-10-28 16:41:45 - [MESSAGE][PASSED] - Delayed 3 second(s)

2022-10-28 16:41:45 - [TEST_STEP][PASSED] - click(findTestObject("06-Teams/For 2FA/button_Verify_2FA")): Object: 'Object Repository/06-Teams/For 2FA/button_Verify_2FA' is clicked on

2022-10-28 16:41:45 - [MESSAGE][PASSED] - Object: 'Object Repository/06-Teams/For 2FA/button_Verify_2FA' is clicked on

2022-10-28 16:41:45 - [TEST_STEP][PASSED] - delay(5): Delayed 5 second(s)

2022-10-28 16:41:50 - [MESSAGE][PASSED] - Delayed 5 second(s)

2022-10-28 16:41:50 - [TEST_STEP][PASSED] - click(findTestObject("06-Teams/button_doublearrow")): Object: 'Object Repository/06-Teams/button_doublearrow' is clicked on

2022-10-28 16:41:51 - [MESSAGE][PASSED] - Object: 'Object Repository/06-Teams/button_doublearrow' is clicked on

2022-10-28 16:41:51 - [TEST_STEP][PASSED] - click(findTestObject("06-Teams/button_My Organizations")): Object: 'Object Repository/06-Teams/button_My Organizations' is clicked on

2022-10-28 16:41:51 - [MESSAGE][PASSED] - Object: 'Object Repository/06-Teams/button_My Organizations' is clicked on

2022-10-28 16:41:51 - [TEST_STEP][PASSED] - click(findTestObject("06-Teams/button_GG Automation")): Object: 'Object Repository/06-Teams/button_GG Automation' is clicked on

2022-10-28 16:41:52 - [MESSAGE][PASSED] - Object: 'Object Repository/06-Teams/button_GG Automation' is clicked on

2022-10-28 16:41:52 - [TEST_STEP][PASSED] - delay(4): Delayed 4 second(s)

2022-10-28 16:41:56 - [MESSAGE][PASSED] - Delayed 4 second(s)

2022-10-28 16:41:56 - [TEST_STEP][PASSED] - verifyElementVisible(findTestObject("06-Teams/span_GG Automation")): Object 'Object Repository/06-Teams/span_GG Automation' is visible

2022-10-28 16:41:56 - [MESSAGE][PASSED] - Object 'Object Repository/06-Teams/span_GG Automation' is visible

2022-10-28 16:41:56 - [TEST_STEP][PASSED] - delay(10): Delayed 10 second(s)

2022-10-28 16:42:06 - [MESSAGE][PASSED] - Delayed 10 second(s)

2022-10-28 16:42:06 - [TEST_STEP][PASSED] - click(findTestObject("03-Header Menu/Hamburger Button/div_Settings")): Object: 'Object Repository/03-Header Menu/Hamburger Button/div_Settings' is clicked on

2022-10-28 16:42:07 - [MESSAGE][PASSED] - Object: 'Object Repository/03-Header Menu/Hamburger Button/div_Settings' is clicked on

2022-10-28 16:42:07 - [TEST_STEP][PASSED] - verifyElementVisible(findTestObject("09-Settings/Users/div_Organization")): Object 'Object Repository/09-Settings/Users/div_Organization' is visible

2022-10-28 16:42:07 - [MESSAGE][PASSED] - Object 'Object Repository/09-Settings/Users/div_Organization' is visible

2022-10-28 16:42:07 - [TEST_STEP][PASSED] - verifyElementVisible(findTestObject("09-Settings/Users/div_Organization Units")): Object 'Object Repository/09-Settings/Users/div_Organization Units' is visible

2022-10-28 16:42:08 - [MESSAGE][PASSED] - Object 'Object Repository/09-Settings/Users/div_Organization Units' is visible

2022-10-28 16:42:08 - [TEST_STEP][PASSED] - verifyElementVisible(findTestObject("09-Settings/Users/div_Subscriptions")): Object 'Object Repository/09-Settings/Users/div_Subscriptions' is visible

2022-10-28 16:42:08 - [MESSAGE][PASSED] - Object 'Object Repository/09-Settings/Users/div_Subscriptions' is visible

2022-10-28 16:42:08 - [TEST_STEP][PASSED] - verifyElementVisible(findTestObject("09-Settings/Users/div_Users")): Object 'Object Repository/09-Settings/Users/div_Users' is visible

2022-10-28 16:42:08 - [MESSAGE][PASSED] - Object 'Object Repository/09-Settings/Users/div_Users' is visible

2022-10-28 16:42:08 - [TEST_STEP][PASSED] - delay(3): Delayed 3 second(s)

2022-10-28 16:42:11 - [MESSAGE][PASSED] - Delayed 3 second(s)

2022-10-28 16:42:11 - [TEST_STEP][PASSED] - click(findTestObject("09-Settings/Users/div_Users")): Object: 'Object Repository/09-Settings/Users/div_Users' is clicked on

2022-10-28 16:42:12 - [MESSAGE][PASSED] - Object: 'Object Repository/09-Settings/Users/div_Users' is clicked on

2022-10-28 16:42:12 - [TEST_STEP][PASSED] - verifyElementVisible(findTestObject("09-Settings/Users/h4_USERS")): Object 'Object Repository/09-Settings/Users/h4_USERS' is visible

2022-10-28 16:42:13 - [MESSAGE][PASSED] - Object 'Object Repository/09-Settings/Users/h4_USERS' is visible

2022-10-28 16:42:13 - [TEST_STEP][PASSED] - verifyElementVisible(findTestObject("09-Settings/Users/User Page")): Object 'Object Repository/09-Settings/Users/User Page' is visible

2022-10-28 16:42:14 - [MESSAGE][PASSED] - Object 'Object Repository/09-Settings/Users/User Page' is visible

2022-10-28 16:42:14 - [TEST_STEP][PASSED] - delay(3): Delayed 3 second(s)

2022-10-28 16:42:17 - [MESSAGE][PASSED] - Delayed 3 second(s)

2022-10-28 16:42:17 - [TEST_STEP][PASSED] - click(findTestObject("09-Settings/Users/button_add")): Object: 'Object Repository/09-Settings/Users/button_add' is clicked on

2022-10-28 16:42:17 - [MESSAGE][PASSED] - Object: 'Object Repository/09-Settings/Users/button_add' is clicked on

2022-10-28 16:42:17 - [TEST_STEP][PASSED] - verifyElementVisible(findTestObject("09-Settings/Users/User Invitation modal")): Object 'Object Repository/09-Settings/Users/User Invitation modal' is visible

2022-10-28 16:42:18 - [MESSAGE][PASSED] - Object 'Object Repository/09-Settings/Users/User Invitation modal' is visible

2022-10-28 16:42:18 - [TEST_STEP][PASSED] - delay(3): Delayed 3 second(s)

2022-10-28 16:42:21 - [MESSAGE][PASSED] - Delayed 3 second(s)

2022-10-28 16:42:21 - [TEST_STEP][PASSED] - click(findTestObject("09-Settings/Users/add Invite a single user")): Object: 'Object Repository/09-Settings/Users/add Invite a single user' is clicked on

2022-10-28 16:42:21 - [MESSAGE][PASSED] - Object: 'Object Repository/09-Settings/Users/add Invite a single user' is clicked on

2022-10-28 16:42:21 - [TEST_STEP][PASSED] - verifyElementVisible(findTestObject("09-Settings/Users/Invite new user modal")): Object 'Object Repository/09-Settings/Users/Invite new user modal' is visible

2022-10-28 16:42:22 - [MESSAGE][PASSED] - Object 'Object Repository/09-Settings/Users/Invite new user modal' is visible

2022-10-28 16:42:22 - [TEST_STEP][PASSED] - click(findTestObject("09-Settings/Users/input_email")): Object: 'Object Repository/09-Settings/Users/input_email' is clicked on

2022-10-28 16:42:22 - [MESSAGE][PASSED] - Object: 'Object Repository/09-Settings/Users/input_email' is clicked on

2022-10-28 16:42:22 - [TEST_STEP][PASSED] - click(findTestObject("09-Settings/Users/input_firstName")): Object: 'Object Repository/09-Settings/Users/input_firstName' is clicked on

2022-10-28 16:42:23 - [MESSAGE][PASSED] - Object: 'Object Repository/09-Settings/Users/input_firstName' is clicked on

2022-10-28 16:42:23 - [TEST_STEP][PASSED] - click(findTestObject("09-Settings/Users/input_lastName")): Object: 'Object Repository/09-Settings/Users/input_lastName' is clicked on

2022-10-28 16:42:23 - [MESSAGE][PASSED] - Object: 'Object Repository/09-Settings/Users/input_lastName' is clicked on

2022-10-28 16:42:23 - [TEST_STEP][PASSED] - click(findTestObject("09-Settings/Users/span_Role")): Object: 'Object Repository/09-Settings/Users/span_Role' is clicked on

2022-10-28 16:42:24 - [MESSAGE][PASSED] - Object: 'Object Repository/09-Settings/Users/span_Role' is clicked on

2022-10-28 16:42:24 - [TEST_STEP][PASSED] - clickOffset(findTestObject("09-Settings/Users/h4_Invite New User"), 100, 100): Object: 'Object Repository/09-Settings/Users/h4_Invite New User' is clicked on using offset x=100 and y=100

2022-10-28 16:42:25 - [MESSAGE][PASSED] - Object: 'Object Repository/09-Settings/Users/h4_Invite New User' is clicked on using offset x=100 and y=100

2022-10-28 16:42:25 - [TEST_STEP][PASSED] - verifyElementVisible(findTestObject("09-Settings/Users/Email required")): Object 'Object Repository/09-Settings/Users/Email required' is visible

2022-10-28 16:42:26 - [MESSAGE][PASSED] - Object 'Object Repository/09-Settings/Users/Email required' is visible

2022-10-28 16:42:26 - [TEST_STEP][PASSED] - verifyElementVisible(findTestObject("09-Settings/Users/Firstname required")): Object 'Object Repository/09-Settings/Users/Firstname required' is visible

2022-10-28 16:42:26 - [MESSAGE][PASSED] - Object 'Object Repository/09-Settings/Users/Firstname required' is visible

2022-10-28 16:42:26 - [TEST_STEP][PASSED] - verifyElementVisible(findTestObject("09-Settings/Users/last name required")): Object 'Object Repository/09-Settings/Users/last name required' is visible

2022-10-28 16:42:26 - [MESSAGE][PASSED] - Object 'Object Repository/09-Settings/Users/last name required' is visible

2022-10-28 16:42:26 - [TEST_STEP][PASSED] - verifyElementVisible(findTestObject("09-Settings/Users/error_Select a role")): Object 'Object Repository/09-Settings/Users/error_Select a role' is visible

2022-10-28 16:42:27 - [MESSAGE][PASSED] - Object 'Object Repository/09-Settings/Users/error_Select a role' is visible

2022-10-28 16:42:27 - [TEST_STEP][PASSED] - delay(3): Delayed 3 second(s)

2022-10-28 16:42:30 - [MESSAGE][PASSED] - Delayed 3 second(s)

2022-10-28 16:42:30 - [TEST_STEP][PASSED] - closeBrowser(): Browser is closed

2022-10-28 16:42:30 - [MESSAGE][PASSED] - Browser is closed]]></system-out>
         <system-err><![CDATA[]]></system-err>
      </testcase>
      <testcase name="Test Cases/09-Settings/02 - Users (Invite new user as co worker)" time="471.908" classname="Test Cases/09-Settings/02 - Users (Invite new user as co worker)" status="PASSED">
         <system-out><![CDATA[2022-10-28 16:42:30 - [TEST_CASE][PASSED] - Test Cases/09-Settings/02 - Users (Invite new user as co worker): Test Cases/09-Settings/02 - Users (Invite new user as co worker)

2022-10-28 16:42:31 - [TEST_STEP][PASSED] - openBrowser(""): Browser is opened with url: ''

2022-10-28 16:42:31 - [MESSAGE][INFO] - Starting 'Chrome' driver

2022-10-28 16:42:31 - [MESSAGE][INFO] - Action delay is set to 0 milliseconds

2022-10-28 16:42:32 - [MESSAGE][PASSED] - Browser is opened with url: ''

2022-10-28 16:42:32 - [TEST_STEP][PASSED] - navigateToUrl("https://lab.everleagues.com/"): Navigate to 'https://lab.everleagues.com/' successfully

2022-10-28 16:43:30 - [MESSAGE][PASSED] - Navigate to 'https://lab.everleagues.com/' successfully

2022-10-28 16:43:30 - [TEST_STEP][PASSED] - maximizeWindow(): Current window maximized

2022-10-28 16:43:30 - [MESSAGE][PASSED] - Current window maximized

2022-10-28 16:43:30 - [TEST_STEP][PASSED] - setText(findTestObject("02-Side Icons(Organization)/Add Contact/Email Field"), "testuser02@mailinator.com"): Text 'testuser02@mailinator.com' is set on object 'Object Repository/02-Side Icons(Organization)/Add Contact/Email Field'

2022-10-28 16:43:31 - [MESSAGE][PASSED] - Text 'testuser02@mailinator.com' is set on object 'Object Repository/02-Side Icons(Organization)/Add Contact/Email Field'

2022-10-28 16:43:31 - [TEST_STEP][PASSED] - setEncryptedText(findTestObject("02-Side Icons(Organization)/Add Contact/Password Field"), "8yFRyszE6U6jvsCn51OQbg=="): Text ****** has been set on object 'Object Repository/02-Side Icons(Organization)/Add Contact/Password Field'

2022-10-28 16:43:31 - [MESSAGE][PASSED] - Text ****** has been set on object 'Object Repository/02-Side Icons(Organization)/Add Contact/Password Field'

2022-10-28 16:43:31 - [TEST_STEP][PASSED] - click(findTestObject("02-Side Icons(Organization)/Add Contact/button_Sign in")): Object: 'Object Repository/02-Side Icons(Organization)/Add Contact/button_Sign in' is clicked on

2022-10-28 16:43:32 - [MESSAGE][PASSED] - Object: 'Object Repository/02-Side Icons(Organization)/Add Contact/button_Sign in' is clicked on

2022-10-28 16:43:32 - [TEST_STEP][PASSED] - delay(2): Delayed 2 second(s)

2022-10-28 16:43:34 - [MESSAGE][PASSED] - Delayed 2 second(s)

2022-10-28 16:43:34 - [TEST_STEP][PASSED] - click(findTestObject("06-Teams/For 2FA/button_Confirm_2FA")): Object: 'Object Repository/06-Teams/For 2FA/button_Confirm_2FA' is clicked on

2022-10-28 16:43:34 - [MESSAGE][PASSED] - Object: 'Object Repository/06-Teams/For 2FA/button_Confirm_2FA' is clicked on

2022-10-28 16:43:34 - [TEST_STEP][PASSED] - executeJavaScript("window.open();", []): Execute JavaScript 'window.open();' successfully

2022-10-28 16:43:34 - [MESSAGE][PASSED] - Execute JavaScript 'window.open();' successfully

2022-10-28 16:43:34 - [TEST_STEP][PASSED] - currentWindow = getWindowIndex(): Current window's index is: 0

2022-10-28 16:43:34 - [MESSAGE][PASSED] - Current window's index is: 0

2022-10-28 16:43:34 - [TEST_STEP][PASSED] - delay(3): Delayed 3 second(s)

2022-10-28 16:43:37 - [MESSAGE][PASSED] - Delayed 3 second(s)

2022-10-28 16:43:37 - [TEST_STEP][PASSED] - switchToWindowIndex(currentWindow + 1): Switched to window with index: '1'

2022-10-28 16:43:37 - [MESSAGE][PASSED] - Switched to window with index: '1'

2022-10-28 16:43:37 - [TEST_STEP][PASSED] - navigateToUrl("https://www.mailinator.com/"): Navigate to 'https://www.mailinator.com/' successfully

2022-10-28 16:43:41 - [MESSAGE][PASSED] - Navigate to 'https://www.mailinator.com/' successfully

2022-10-28 16:43:41 - [TEST_STEP][PASSED] - delay(3): Delayed 3 second(s)

2022-10-28 16:43:44 - [MESSAGE][PASSED] - Delayed 3 second(s)

2022-10-28 16:43:44 - [TEST_STEP][PASSED] - setText(findTestObject("00-Signup and Activation/zMailinator/input_LOGIN_search"), "testuser02@mailinator.com"): Text 'testuser02@mailinator.com' is set on object 'Object Repository/00-Signup and Activation/zMailinator/input_LOGIN_search'

2022-10-28 16:43:44 - [MESSAGE][PASSED] - Text 'testuser02@mailinator.com' is set on object 'Object Repository/00-Signup and Activation/zMailinator/input_LOGIN_search'

2022-10-28 16:43:44 - [TEST_STEP][PASSED] - click(findTestObject("00-Signup and Activation/zMailinator/gobutton"), STOP_ON_FAILURE): Object: 'Object Repository/00-Signup and Activation/zMailinator/gobutton' is clicked on

2022-10-28 16:43:46 - [MESSAGE][PASSED] - Object: 'Object Repository/00-Signup and Activation/zMailinator/gobutton' is clicked on

2022-10-28 16:43:46 - [TEST_STEP][PASSED] - delay(3): Delayed 3 second(s)

2022-10-28 16:43:49 - [MESSAGE][PASSED] - Delayed 3 second(s)

2022-10-28 16:43:49 - [TEST_STEP][PASSED] - click(findTestObject("00-Signup and Activation/zMailinator/Email - everleagues")): Object: 'Object Repository/00-Signup and Activation/zMailinator/Email - everleagues' is clicked on

2022-10-28 16:43:49 - [MESSAGE][PASSED] - Object: 'Object Repository/00-Signup and Activation/zMailinator/Email - everleagues' is clicked on

2022-10-28 16:43:49 - [TEST_STEP][PASSED] - delay(3): Delayed 3 second(s)

2022-10-28 16:43:52 - [MESSAGE][PASSED] - Delayed 3 second(s)

2022-10-28 16:43:52 - [TEST_STEP][PASSED] - code = getText(findTestObject("Object Repository/06-Teams/For 2FA/2FA code")): Text of object 'Object Repository/06-Teams/For 2FA/2FA code' is: '081199'

2022-10-28 16:43:53 - [MESSAGE][PASSED] - Text of object 'Object Repository/06-Teams/For 2FA/2FA code' is: '081199'

2022-10-28 16:43:53 - [TEST_STEP][PASSED] - delay(3): Delayed 3 second(s)

2022-10-28 16:43:56 - [MESSAGE][PASSED] - Delayed 3 second(s)

2022-10-28 16:43:56 - [TEST_STEP][PASSED] - closeWindowTitle("Mailinator"): Window with title: 'Mailinator' is closed

2022-10-28 16:43:56 - [MESSAGE][PASSED] - Window with title: 'Mailinator' is closed

2022-10-28 16:43:56 - [TEST_STEP][PASSED] - delay(3): Delayed 3 second(s)

2022-10-28 16:43:59 - [MESSAGE][PASSED] - Delayed 3 second(s)

2022-10-28 16:43:59 - [TEST_STEP][PASSED] - switchToWindowIndex(0): Switched to window with index: '0'

2022-10-28 16:43:59 - [MESSAGE][PASSED] - Switched to window with index: '0'

2022-10-28 16:43:59 - [TEST_STEP][PASSED] - delay(3): Delayed 3 second(s)

2022-10-28 16:44:02 - [MESSAGE][PASSED] - Delayed 3 second(s)

2022-10-28 16:44:02 - [TEST_STEP][PASSED] - setText(findTestObject("Object Repository/06-Teams/For 2FA/input_Enter verification code_code"), code): Text '081199' is set on object 'Object Repository/06-Teams/For 2FA/input_Enter verification code_code'

2022-10-28 16:44:03 - [MESSAGE][PASSED] - Text '081199' is set on object 'Object Repository/06-Teams/For 2FA/input_Enter verification code_code'

2022-10-28 16:44:03 - [TEST_STEP][PASSED] - delay(3): Delayed 3 second(s)

2022-10-28 16:44:06 - [MESSAGE][PASSED] - Delayed 3 second(s)

2022-10-28 16:44:06 - [TEST_STEP][PASSED] - click(findTestObject("06-Teams/For 2FA/button_Verify_2FA")): Object: 'Object Repository/06-Teams/For 2FA/button_Verify_2FA' is clicked on

2022-10-28 16:44:06 - [MESSAGE][PASSED] - Object: 'Object Repository/06-Teams/For 2FA/button_Verify_2FA' is clicked on

2022-10-28 16:44:06 - [TEST_STEP][PASSED] - delay(5): Delayed 5 second(s)

2022-10-28 16:44:11 - [MESSAGE][PASSED] - Delayed 5 second(s)

2022-10-28 16:44:11 - [TEST_STEP][PASSED] - click(findTestObject("06-Teams/button_doublearrow")): Object: 'Object Repository/06-Teams/button_doublearrow' is clicked on

2022-10-28 16:44:12 - [MESSAGE][PASSED] - Object: 'Object Repository/06-Teams/button_doublearrow' is clicked on

2022-10-28 16:44:12 - [TEST_STEP][PASSED] - click(findTestObject("06-Teams/button_My Organizations")): Object: 'Object Repository/06-Teams/button_My Organizations' is clicked on

2022-10-28 16:44:12 - [MESSAGE][PASSED] - Object: 'Object Repository/06-Teams/button_My Organizations' is clicked on

2022-10-28 16:44:12 - [TEST_STEP][PASSED] - click(findTestObject("06-Teams/button_GG Automation")): Object: 'Object Repository/06-Teams/button_GG Automation' is clicked on

2022-10-28 16:44:13 - [MESSAGE][PASSED] - Object: 'Object Repository/06-Teams/button_GG Automation' is clicked on

2022-10-28 16:44:13 - [TEST_STEP][PASSED] - delay(4): Delayed 4 second(s)

2022-10-28 16:44:17 - [MESSAGE][PASSED] - Delayed 4 second(s)

2022-10-28 16:44:17 - [TEST_STEP][PASSED] - verifyElementVisible(findTestObject("06-Teams/span_GG Automation")): Object 'Object Repository/06-Teams/span_GG Automation' is visible

2022-10-28 16:44:17 - [MESSAGE][PASSED] - Object 'Object Repository/06-Teams/span_GG Automation' is visible

2022-10-28 16:44:17 - [TEST_STEP][PASSED] - delay(10): Delayed 10 second(s)

2022-10-28 16:44:27 - [MESSAGE][PASSED] - Delayed 10 second(s)

2022-10-28 16:44:27 - [TEST_STEP][PASSED] - click(findTestObject("03-Header Menu/Hamburger Button/div_Settings")): Object: 'Object Repository/03-Header Menu/Hamburger Button/div_Settings' is clicked on

2022-10-28 16:44:28 - [MESSAGE][PASSED] - Object: 'Object Repository/03-Header Menu/Hamburger Button/div_Settings' is clicked on

2022-10-28 16:44:28 - [TEST_STEP][PASSED] - delay(3): Delayed 3 second(s)

2022-10-28 16:44:31 - [MESSAGE][PASSED] - Delayed 3 second(s)

2022-10-28 16:44:31 - [TEST_STEP][PASSED] - click(findTestObject("09-Settings/Users/div_Users")): Object: 'Object Repository/09-Settings/Users/div_Users' is clicked on

2022-10-28 16:44:31 - [MESSAGE][PASSED] - Object: 'Object Repository/09-Settings/Users/div_Users' is clicked on

2022-10-28 16:44:31 - [TEST_STEP][PASSED] - delay(3): Delayed 3 second(s)

2022-10-28 16:44:34 - [MESSAGE][PASSED] - Delayed 3 second(s)

2022-10-28 16:44:34 - [TEST_STEP][PASSED] - click(findTestObject("09-Settings/Users/button_add")): Object: 'Object Repository/09-Settings/Users/button_add' is clicked on

2022-10-28 16:44:35 - [MESSAGE][PASSED] - Object: 'Object Repository/09-Settings/Users/button_add' is clicked on

2022-10-28 16:44:35 - [TEST_STEP][PASSED] - delay(3): Delayed 3 second(s)

2022-10-28 16:44:38 - [MESSAGE][PASSED] - Delayed 3 second(s)

2022-10-28 16:44:38 - [TEST_STEP][PASSED] - click(findTestObject("09-Settings/Users/add Invite a single user")): Object: 'Object Repository/09-Settings/Users/add Invite a single user' is clicked on

2022-10-28 16:44:38 - [MESSAGE][PASSED] - Object: 'Object Repository/09-Settings/Users/add Invite a single user' is clicked on

2022-10-28 16:44:38 - [TEST_STEP][PASSED] - delay(3): Delayed 3 second(s)

2022-10-28 16:44:41 - [MESSAGE][PASSED] - Delayed 3 second(s)

2022-10-28 16:44:41 - [TEST_STEP][PASSED] - setText(findTestObject("09-Settings/Users/input_email"), "autotester04@mailinator.com"): Text 'autotester04@mailinator.com' is set on object 'Object Repository/09-Settings/Users/input_email'

2022-10-28 16:44:42 - [MESSAGE][PASSED] - Text 'autotester04@mailinator.com' is set on object 'Object Repository/09-Settings/Users/input_email'

2022-10-28 16:44:42 - [TEST_STEP][PASSED] - setText(findTestObject("09-Settings/Users/input_firstName"), "GG"): Text 'GG' is set on object 'Object Repository/09-Settings/Users/input_firstName'

2022-10-28 16:44:43 - [MESSAGE][PASSED] - Text 'GG' is set on object 'Object Repository/09-Settings/Users/input_firstName'

2022-10-28 16:44:43 - [TEST_STEP][PASSED] - setText(findTestObject("09-Settings/Users/input_lastName"), "Auto Contact 2"): Text 'Auto Contact 2' is set on object 'Object Repository/09-Settings/Users/input_lastName'

2022-10-28 16:44:44 - [MESSAGE][PASSED] - Text 'Auto Contact 2' is set on object 'Object Repository/09-Settings/Users/input_lastName'

2022-10-28 16:44:44 - [TEST_STEP][PASSED] - click(findTestObject("09-Settings/Users/span_Role")): Object: 'Object Repository/09-Settings/Users/span_Role' is clicked on

2022-10-28 16:44:44 - [MESSAGE][PASSED] - Object: 'Object Repository/09-Settings/Users/span_Role' is clicked on

2022-10-28 16:44:44 - [TEST_STEP][PASSED] - click(findTestObject("09-Settings/Users/span_CoWorker")): Object: 'Object Repository/09-Settings/Users/span_CoWorker' is clicked on

2022-10-28 16:44:45 - [MESSAGE][PASSED] - Object: 'Object Repository/09-Settings/Users/span_CoWorker' is clicked on

2022-10-28 16:44:45 - [TEST_STEP][PASSED] - click(findTestObject("09-Settings/Users/button_Send Invitation")): Object: 'Object Repository/09-Settings/Users/button_Send Invitation' is clicked on

2022-10-28 16:44:46 - [MESSAGE][PASSED] - Object: 'Object Repository/09-Settings/Users/button_Send Invitation' is clicked on

2022-10-28 16:44:46 - [TEST_STEP][PASSED] - delay(2): Delayed 2 second(s)

2022-10-28 16:44:48 - [MESSAGE][PASSED] - Delayed 2 second(s)

2022-10-28 16:44:48 - [TEST_STEP][PASSED] - verifyElementVisible(findTestObject("07-Directory/Connections/zContact Profile/Successfully invited user")): Object 'Object Repository/07-Directory/Connections/zContact Profile/Successfully invited user' is visible

2022-10-28 16:44:50 - [MESSAGE][PASSED] - Object 'Object Repository/07-Directory/Connections/zContact Profile/Successfully invited user' is visible

2022-10-28 16:44:50 - [TEST_STEP][PASSED] - delay(2): Delayed 2 second(s)

2022-10-28 16:44:52 - [MESSAGE][PASSED] - Delayed 2 second(s)

2022-10-28 16:44:52 - [TEST_STEP][PASSED] - executeJavaScript("window.open();", []): Execute JavaScript 'window.open();' successfully

2022-10-28 16:44:52 - [MESSAGE][PASSED] - Execute JavaScript 'window.open();' successfully

2022-10-28 16:44:52 - [TEST_STEP][PASSED] - currentWindow = getWindowIndex(): Current window's index is: 0

2022-10-28 16:44:52 - [MESSAGE][PASSED] - Current window's index is: 0

2022-10-28 16:44:52 - [TEST_STEP][PASSED] - delay(3): Delayed 3 second(s)

2022-10-28 16:44:55 - [MESSAGE][PASSED] - Delayed 3 second(s)

2022-10-28 16:44:55 - [TEST_STEP][PASSED] - switchToWindowIndex(currentWindow + 1): Switched to window with index: '1'

2022-10-28 16:44:55 - [MESSAGE][PASSED] - Switched to window with index: '1'

2022-10-28 16:44:55 - [TEST_STEP][PASSED] - navigateToUrl("https://www.mailinator.com/"): Navigate to 'https://www.mailinator.com/' successfully

2022-10-28 16:44:56 - [MESSAGE][PASSED] - Navigate to 'https://www.mailinator.com/' successfully

2022-10-28 16:44:56 - [TEST_STEP][PASSED] - delay(3): Delayed 3 second(s)

2022-10-28 16:44:59 - [MESSAGE][PASSED] - Delayed 3 second(s)

2022-10-28 16:44:59 - [TEST_STEP][PASSED] - setText(findTestObject("00-Signup and Activation/zMailinator/input_LOGIN_search"), "autotester04@mailinator.com"): Text 'autotester04@mailinator.com' is set on object 'Object Repository/00-Signup and Activation/zMailinator/input_LOGIN_search'

2022-10-28 16:45:00 - [MESSAGE][PASSED] - Text 'autotester04@mailinator.com' is set on object 'Object Repository/00-Signup and Activation/zMailinator/input_LOGIN_search'

2022-10-28 16:45:00 - [TEST_STEP][PASSED] - click(findTestObject("00-Signup and Activation/zMailinator/gobutton"), STOP_ON_FAILURE): Object: 'Object Repository/00-Signup and Activation/zMailinator/gobutton' is clicked on

2022-10-28 16:45:01 - [MESSAGE][PASSED] - Object: 'Object Repository/00-Signup and Activation/zMailinator/gobutton' is clicked on

2022-10-28 16:45:01 - [TEST_STEP][PASSED] - delay(3): Delayed 3 second(s)

2022-10-28 16:45:04 - [MESSAGE][PASSED] - Delayed 3 second(s)

2022-10-28 16:45:04 - [TEST_STEP][PASSED] - closeWindowTitle("Everleagues"): Window with title: 'Everleagues' is closed

2022-10-28 16:45:04 - [MESSAGE][PASSED] - Window with title: 'Everleagues' is closed

2022-10-28 16:45:04 - [TEST_STEP][PASSED] - switchToWindowIndex(0): Switched to window with index: '0'

2022-10-28 16:45:04 - [MESSAGE][PASSED] - Switched to window with index: '0'

2022-10-28 16:45:04 - [TEST_STEP][PASSED] - click(findTestObject("09-Settings/Users/Co worker/td_Invitation from GG Automation")): Object: 'Object Repository/09-Settings/Users/Co worker/td_Invitation from GG Automation' is clicked on

2022-10-28 16:45:05 - [MESSAGE][PASSED] - Object: 'Object Repository/09-Settings/Users/Co worker/td_Invitation from GG Automation' is clicked on

2022-10-28 16:45:05 - [TEST_STEP][PASSED] - click(findTestObject("09-Settings/Users/Co worker/a_Click here to join GG Automation on EverLeagues")): Object: 'Object Repository/09-Settings/Users/Co worker/a_Click here to join GG Automation on EverLeagues' is clicked on

2022-10-28 16:45:06 - [MESSAGE][PASSED] - Object: 'Object Repository/09-Settings/Users/Co worker/a_Click here to join GG Automation on EverLeagues' is clicked on

2022-10-28 16:45:06 - [TEST_STEP][PASSED] - closeWindowTitle("Mailinator"): Window with title: 'Mailinator' is closed

2022-10-28 16:45:06 - [MESSAGE][PASSED] - Window with title: 'Mailinator' is closed

2022-10-28 16:45:06 - [TEST_STEP][PASSED] - switchToWindowIndex(0): Switched to window with index: '0'

2022-10-28 16:45:06 - [MESSAGE][PASSED] - Switched to window with index: '0'

2022-10-28 16:45:06 - [TEST_STEP][PASSED] - verifyElementVisible(findTestObject("09-Settings/Users/Co worker/Logout before proceed modal")): Object 'Object Repository/09-Settings/Users/Co worker/Logout before proceed modal' is visible

2022-10-28 16:45:12 - [MESSAGE][PASSED] - Object 'Object Repository/09-Settings/Users/Co worker/Logout before proceed modal' is visible

2022-10-28 16:45:12 - [TEST_STEP][PASSED] - click(findTestObject("09-Settings/Users/Co worker/button_Yes")): Object: 'Object Repository/09-Settings/Users/Co worker/button_Yes' is clicked on

2022-10-28 16:45:13 - [MESSAGE][PASSED] - Object: 'Object Repository/09-Settings/Users/Co worker/button_Yes' is clicked on

2022-10-28 16:45:13 - [TEST_STEP][PASSED] - delay(3): Delayed 3 second(s)

2022-10-28 16:45:16 - [MESSAGE][PASSED] - Delayed 3 second(s)

2022-10-28 16:45:16 - [TEST_STEP][PASSED] - setText(findTestObject("09-Settings/Users/Co worker/input_Email_email"), "autotester04@mailinator.com"): Text 'autotester04@mailinator.com' is set on object 'Object Repository/09-Settings/Users/Co worker/input_Email_email'

2022-10-28 16:46:16 - [MESSAGE][PASSED] - Text 'autotester04@mailinator.com' is set on object 'Object Repository/09-Settings/Users/Co worker/input_Email_email'

2022-10-28 16:46:16 - [TEST_STEP][PASSED] - setEncryptedText(findTestObject("09-Settings/Users/Co worker/input__password"), "8yFRyszE6U6jvsCn51OQbg=="): Text ****** has been set on object 'Object Repository/09-Settings/Users/Co worker/input__password'

2022-10-28 16:46:46 - [MESSAGE][PASSED] - Text ****** has been set on object 'Object Repository/09-Settings/Users/Co worker/input__password'

2022-10-28 16:46:46 - [TEST_STEP][PASSED] - click(findTestObject("02-Side Icons(Organization)/Add Contact/button_Sign in")): Object: 'Object Repository/02-Side Icons(Organization)/Add Contact/button_Sign in' is clicked on

2022-10-28 16:47:16 - [MESSAGE][PASSED] - Object: 'Object Repository/02-Side Icons(Organization)/Add Contact/button_Sign in' is clicked on

2022-10-28 16:47:16 - [TEST_STEP][PASSED] - delay(2): Delayed 2 second(s)

2022-10-28 16:47:18 - [MESSAGE][PASSED] - Delayed 2 second(s)

2022-10-28 16:47:18 - [TEST_STEP][PASSED] - click(findTestObject("06-Teams/For 2FA/button_Confirm_2FA")): Object: 'Object Repository/06-Teams/For 2FA/button_Confirm_2FA' is clicked on

2022-10-28 16:47:49 - [MESSAGE][PASSED] - Object: 'Object Repository/06-Teams/For 2FA/button_Confirm_2FA' is clicked on

2022-10-28 16:47:49 - [TEST_STEP][PASSED] - executeJavaScript("window.open();", []): Execute JavaScript 'window.open();' successfully

2022-10-28 16:47:49 - [MESSAGE][PASSED] - Execute JavaScript 'window.open();' successfully

2022-10-28 16:47:49 - [TEST_STEP][PASSED] - currentWindow = getWindowIndex(): Current window's index is: 0

2022-10-28 16:47:49 - [MESSAGE][PASSED] - Current window's index is: 0

2022-10-28 16:47:49 - [TEST_STEP][PASSED] - delay(3): Delayed 3 second(s)

2022-10-28 16:47:52 - [MESSAGE][PASSED] - Delayed 3 second(s)

2022-10-28 16:47:52 - [TEST_STEP][PASSED] - switchToWindowIndex(currentWindow + 1): Switched to window with index: '1'

2022-10-28 16:47:52 - [MESSAGE][PASSED] - Switched to window with index: '1'

2022-10-28 16:47:52 - [TEST_STEP][PASSED] - navigateToUrl("https://www.mailinator.com/"): Navigate to 'https://www.mailinator.com/' successfully

2022-10-28 16:47:53 - [MESSAGE][PASSED] - Navigate to 'https://www.mailinator.com/' successfully

2022-10-28 16:47:53 - [TEST_STEP][PASSED] - delay(3): Delayed 3 second(s)

2022-10-28 16:47:56 - [MESSAGE][PASSED] - Delayed 3 second(s)

2022-10-28 16:47:56 - [TEST_STEP][PASSED] - setText(findTestObject("00-Signup and Activation/zMailinator/input_LOGIN_search"), "autotester04@mailinator.com"): Text 'autotester04@mailinator.com' is set on object 'Object Repository/00-Signup and Activation/zMailinator/input_LOGIN_search'

2022-10-28 16:47:57 - [MESSAGE][PASSED] - Text 'autotester04@mailinator.com' is set on object 'Object Repository/00-Signup and Activation/zMailinator/input_LOGIN_search'

2022-10-28 16:47:57 - [TEST_STEP][PASSED] - click(findTestObject("00-Signup and Activation/zMailinator/gobutton"), STOP_ON_FAILURE): Object: 'Object Repository/00-Signup and Activation/zMailinator/gobutton' is clicked on

2022-10-28 16:47:57 - [MESSAGE][PASSED] - Object: 'Object Repository/00-Signup and Activation/zMailinator/gobutton' is clicked on

2022-10-28 16:47:57 - [TEST_STEP][PASSED] - delay(3): Delayed 3 second(s)

2022-10-28 16:48:00 - [MESSAGE][PASSED] - Delayed 3 second(s)

2022-10-28 16:48:00 - [TEST_STEP][PASSED] - click(findTestObject("00-Signup and Activation/zMailinator/Email - everleagues")): Object: 'Object Repository/00-Signup and Activation/zMailinator/Email - everleagues' is clicked on

2022-10-28 16:48:01 - [MESSAGE][PASSED] - Object: 'Object Repository/00-Signup and Activation/zMailinator/Email - everleagues' is clicked on

2022-10-28 16:48:01 - [TEST_STEP][PASSED] - delay(3): Delayed 3 second(s)

2022-10-28 16:48:04 - [MESSAGE][PASSED] - Delayed 3 second(s)

2022-10-28 16:48:04 - [TEST_STEP][PASSED] - codetwo = getText(findTestObject("Object Repository/06-Teams/For 2FA/2FA code")): Text of object 'Object Repository/06-Teams/For 2FA/2FA code' is: '175740'

2022-10-28 16:48:04 - [MESSAGE][PASSED] - Text of object 'Object Repository/06-Teams/For 2FA/2FA code' is: '175740'

2022-10-28 16:48:04 - [TEST_STEP][PASSED] - delay(3): Delayed 3 second(s)

2022-10-28 16:48:07 - [MESSAGE][PASSED] - Delayed 3 second(s)

2022-10-28 16:48:07 - [TEST_STEP][PASSED] - closeWindowTitle("Mailinator"): Window with title: 'Mailinator' is closed

2022-10-28 16:48:07 - [MESSAGE][PASSED] - Window with title: 'Mailinator' is closed

2022-10-28 16:48:07 - [TEST_STEP][PASSED] - delay(3): Delayed 3 second(s)

2022-10-28 16:48:10 - [MESSAGE][PASSED] - Delayed 3 second(s)

2022-10-28 16:48:10 - [TEST_STEP][PASSED] - switchToWindowIndex(0): Switched to window with index: '0'

2022-10-28 16:48:10 - [MESSAGE][PASSED] - Switched to window with index: '0'

2022-10-28 16:48:10 - [TEST_STEP][PASSED] - delay(3): Delayed 3 second(s)

2022-10-28 16:48:13 - [MESSAGE][PASSED] - Delayed 3 second(s)

2022-10-28 16:48:13 - [TEST_STEP][PASSED] - setText(findTestObject("Object Repository/06-Teams/For 2FA/input_Enter verification code_code"), codetwo): Text '175740' is set on object 'Object Repository/06-Teams/For 2FA/input_Enter verification code_code'

2022-10-28 16:49:14 - [MESSAGE][PASSED] - Text '175740' is set on object 'Object Repository/06-Teams/For 2FA/input_Enter verification code_code'

2022-10-28 16:49:14 - [TEST_STEP][PASSED] - delay(3): Delayed 3 second(s)

2022-10-28 16:49:17 - [MESSAGE][PASSED] - Delayed 3 second(s)

2022-10-28 16:49:17 - [TEST_STEP][PASSED] - click(findTestObject("06-Teams/For 2FA/button_Verify_2FA")): Object: 'Object Repository/06-Teams/For 2FA/button_Verify_2FA' is clicked on

2022-10-28 16:49:47 - [MESSAGE][PASSED] - Object: 'Object Repository/06-Teams/For 2FA/button_Verify_2FA' is clicked on

2022-10-28 16:49:47 - [TEST_STEP][PASSED] - delay(5): Delayed 5 second(s)

2022-10-28 16:49:52 - [MESSAGE][PASSED] - Delayed 5 second(s)

2022-10-28 16:49:52 - [TEST_STEP][PASSED] - executeJavaScript("window.open();", []): Execute JavaScript 'window.open();' successfully

2022-10-28 16:49:52 - [MESSAGE][PASSED] - Execute JavaScript 'window.open();' successfully

2022-10-28 16:49:52 - [TEST_STEP][PASSED] - currentWindow = getWindowIndex(): Current window's index is: 0

2022-10-28 16:49:52 - [MESSAGE][PASSED] - Current window's index is: 0

2022-10-28 16:49:52 - [TEST_STEP][PASSED] - delay(3): Delayed 3 second(s)

2022-10-28 16:49:55 - [MESSAGE][PASSED] - Delayed 3 second(s)

2022-10-28 16:49:55 - [TEST_STEP][PASSED] - switchToWindowIndex(currentWindow + 1): Switched to window with index: '1'

2022-10-28 16:49:55 - [MESSAGE][PASSED] - Switched to window with index: '1'

2022-10-28 16:49:55 - [TEST_STEP][PASSED] - navigateToUrl("https://www.mailinator.com/"): Navigate to 'https://www.mailinator.com/' successfully

2022-10-28 16:49:56 - [MESSAGE][PASSED] - Navigate to 'https://www.mailinator.com/' successfully

2022-10-28 16:49:56 - [TEST_STEP][PASSED] - delay(3): Delayed 3 second(s)

2022-10-28 16:49:59 - [MESSAGE][PASSED] - Delayed 3 second(s)

2022-10-28 16:49:59 - [TEST_STEP][PASSED] - setText(findTestObject("00-Signup and Activation/zMailinator/input_LOGIN_search"), "autotester04@mailinator.com"): Text 'autotester04@mailinator.com' is set on object 'Object Repository/00-Signup and Activation/zMailinator/input_LOGIN_search'

2022-10-28 16:50:00 - [MESSAGE][PASSED] - Text 'autotester04@mailinator.com' is set on object 'Object Repository/00-Signup and Activation/zMailinator/input_LOGIN_search'

2022-10-28 16:50:00 - [TEST_STEP][PASSED] - click(findTestObject("00-Signup and Activation/zMailinator/gobutton"), STOP_ON_FAILURE): Object: 'Object Repository/00-Signup and Activation/zMailinator/gobutton' is clicked on

2022-10-28 16:50:01 - [MESSAGE][PASSED] - Object: 'Object Repository/00-Signup and Activation/zMailinator/gobutton' is clicked on

2022-10-28 16:50:01 - [TEST_STEP][PASSED] - delay(3): Delayed 3 second(s)

2022-10-28 16:50:04 - [MESSAGE][PASSED] - Delayed 3 second(s)

2022-10-28 16:50:04 - [TEST_STEP][PASSED] - closeWindowTitle("Everleagues"): Window with title: 'Everleagues' is closed

2022-10-28 16:50:04 - [MESSAGE][PASSED] - Window with title: 'Everleagues' is closed

2022-10-28 16:50:04 - [TEST_STEP][PASSED] - switchToWindowIndex(0): Switched to window with index: '0'

2022-10-28 16:50:04 - [MESSAGE][PASSED] - Switched to window with index: '0'

2022-10-28 16:50:04 - [TEST_STEP][PASSED] - click(findTestObject("09-Settings/Users/Co worker/td_Invitation from GG Automation")): Object: 'Object Repository/09-Settings/Users/Co worker/td_Invitation from GG Automation' is clicked on

2022-10-28 16:50:04 - [MESSAGE][PASSED] - Object: 'Object Repository/09-Settings/Users/Co worker/td_Invitation from GG Automation' is clicked on

2022-10-28 16:50:04 - [TEST_STEP][PASSED] - click(findTestObject("09-Settings/Users/Co worker/a_Click here to join GG Automation on EverLeagues")): Object: 'Object Repository/09-Settings/Users/Co worker/a_Click here to join GG Automation on EverLeagues' is clicked on

2022-10-28 16:50:05 - [MESSAGE][PASSED] - Object: 'Object Repository/09-Settings/Users/Co worker/a_Click here to join GG Automation on EverLeagues' is clicked on

2022-10-28 16:50:05 - [TEST_STEP][PASSED] - delay(3): Delayed 3 second(s)

2022-10-28 16:50:08 - [MESSAGE][PASSED] - Delayed 3 second(s)

2022-10-28 16:50:08 - [TEST_STEP][PASSED] - closeWindowTitle("Mailinator"): Window with title: 'Mailinator' is closed

2022-10-28 16:50:09 - [MESSAGE][PASSED] - Window with title: 'Mailinator' is closed

2022-10-28 16:50:09 - [TEST_STEP][PASSED] - switchToWindowIndex(0): Switched to window with index: '0'

2022-10-28 16:50:09 - [MESSAGE][PASSED] - Switched to window with index: '0'

2022-10-28 16:50:09 - [TEST_STEP][PASSED] - verifyElementVisible(findTestObject("09-Settings/Users/Co worker/Invite modal")): Object 'Object Repository/09-Settings/Users/Co worker/Invite modal' is visible

2022-10-28 16:50:11 - [MESSAGE][PASSED] - Object 'Object Repository/09-Settings/Users/Co worker/Invite modal' is visible

2022-10-28 16:50:11 - [TEST_STEP][PASSED] - click(findTestObject("09-Settings/Users/Co worker/button_Accept")): Object: 'Object Repository/09-Settings/Users/Co worker/button_Accept' is clicked on

2022-10-28 16:50:11 - [MESSAGE][PASSED] - Object: 'Object Repository/09-Settings/Users/Co worker/button_Accept' is clicked on

2022-10-28 16:50:11 - [TEST_STEP][PASSED] - delay(10): Delayed 10 second(s)

2022-10-28 16:50:21 - [MESSAGE][PASSED] - Delayed 10 second(s)

2022-10-28 16:50:21 - [TEST_STEP][PASSED] - verifyElementVisible(findTestObject("09-Settings/Users/Co worker/div_Joined as CoWorker")): Object 'Object Repository/09-Settings/Users/Co worker/div_Joined as CoWorker' is visible

2022-10-28 16:50:22 - [MESSAGE][PASSED] - Object 'Object Repository/09-Settings/Users/Co worker/div_Joined as CoWorker' is visible

2022-10-28 16:50:22 - [TEST_STEP][PASSED] - closeBrowser(): Browser is closed

2022-10-28 16:50:22 - [MESSAGE][PASSED] - Browser is closed]]></system-out>
         <system-err><![CDATA[]]></system-err>
      </testcase>
      <testcase name="Test Cases/09-Settings/03 - Users (Invite new user as client)" time="197.065" classname="Test Cases/09-Settings/03 - Users (Invite new user as client)" status="PASSED">
         <system-out><![CDATA[2022-10-28 16:50:22 - [TEST_CASE][PASSED] - Test Cases/09-Settings/03 - Users (Invite new user as client): Test Cases/09-Settings/03 - Users (Invite new user as client)

2022-10-28 16:50:23 - [TEST_STEP][PASSED] - openBrowser(""): Browser is opened with url: ''

2022-10-28 16:50:23 - [MESSAGE][INFO] - Starting 'Chrome' driver

2022-10-28 16:50:23 - [MESSAGE][INFO] - Action delay is set to 0 milliseconds

2022-10-28 16:50:24 - [MESSAGE][PASSED] - Browser is opened with url: ''

2022-10-28 16:50:24 - [TEST_STEP][PASSED] - navigateToUrl("https://lab.everleagues.com/"): Navigate to 'https://lab.everleagues.com/' successfully

2022-10-28 16:50:38 - [MESSAGE][PASSED] - Navigate to 'https://lab.everleagues.com/' successfully

2022-10-28 16:50:38 - [TEST_STEP][PASSED] - maximizeWindow(): Current window maximized

2022-10-28 16:50:38 - [MESSAGE][PASSED] - Current window maximized

2022-10-28 16:50:38 - [TEST_STEP][PASSED] - setText(findTestObject("02-Side Icons(Organization)/Add Contact/Email Field"), "testuser02@mailinator.com"): Text 'testuser02@mailinator.com' is set on object 'Object Repository/02-Side Icons(Organization)/Add Contact/Email Field'

2022-10-28 16:50:38 - [MESSAGE][PASSED] - Text 'testuser02@mailinator.com' is set on object 'Object Repository/02-Side Icons(Organization)/Add Contact/Email Field'

2022-10-28 16:50:38 - [TEST_STEP][PASSED] - setEncryptedText(findTestObject("02-Side Icons(Organization)/Add Contact/Password Field"), "8yFRyszE6U6jvsCn51OQbg=="): Text ****** has been set on object 'Object Repository/02-Side Icons(Organization)/Add Contact/Password Field'

2022-10-28 16:50:39 - [MESSAGE][PASSED] - Text ****** has been set on object 'Object Repository/02-Side Icons(Organization)/Add Contact/Password Field'

2022-10-28 16:50:39 - [TEST_STEP][PASSED] - click(findTestObject("02-Side Icons(Organization)/Add Contact/button_Sign in")): Object: 'Object Repository/02-Side Icons(Organization)/Add Contact/button_Sign in' is clicked on

2022-10-28 16:50:40 - [MESSAGE][PASSED] - Object: 'Object Repository/02-Side Icons(Organization)/Add Contact/button_Sign in' is clicked on

2022-10-28 16:50:40 - [TEST_STEP][PASSED] - delay(2): Delayed 2 second(s)

2022-10-28 16:50:42 - [MESSAGE][PASSED] - Delayed 2 second(s)

2022-10-28 16:50:42 - [TEST_STEP][PASSED] - click(findTestObject("06-Teams/For 2FA/button_Confirm_2FA")): Object: 'Object Repository/06-Teams/For 2FA/button_Confirm_2FA' is clicked on

2022-10-28 16:50:42 - [MESSAGE][PASSED] - Object: 'Object Repository/06-Teams/For 2FA/button_Confirm_2FA' is clicked on

2022-10-28 16:50:42 - [TEST_STEP][PASSED] - executeJavaScript("window.open();", []): Execute JavaScript 'window.open();' successfully

2022-10-28 16:50:42 - [MESSAGE][PASSED] - Execute JavaScript 'window.open();' successfully

2022-10-28 16:50:42 - [TEST_STEP][PASSED] - currentWindow = getWindowIndex(): Current window's index is: 0

2022-10-28 16:50:42 - [MESSAGE][PASSED] - Current window's index is: 0

2022-10-28 16:50:42 - [TEST_STEP][PASSED] - delay(3): Delayed 3 second(s)

2022-10-28 16:50:45 - [MESSAGE][PASSED] - Delayed 3 second(s)

2022-10-28 16:50:45 - [TEST_STEP][PASSED] - switchToWindowIndex(currentWindow + 1): Switched to window with index: '1'

2022-10-28 16:50:45 - [MESSAGE][PASSED] - Switched to window with index: '1'

2022-10-28 16:50:45 - [TEST_STEP][PASSED] - navigateToUrl("https://www.mailinator.com/"): Navigate to 'https://www.mailinator.com/' successfully

2022-10-28 16:50:47 - [MESSAGE][PASSED] - Navigate to 'https://www.mailinator.com/' successfully

2022-10-28 16:50:47 - [TEST_STEP][PASSED] - delay(3): Delayed 3 second(s)

2022-10-28 16:50:51 - [MESSAGE][PASSED] - Delayed 3 second(s)

2022-10-28 16:50:51 - [TEST_STEP][PASSED] - setText(findTestObject("00-Signup and Activation/zMailinator/input_LOGIN_search"), "testuser02@mailinator.com"): Text 'testuser02@mailinator.com' is set on object 'Object Repository/00-Signup and Activation/zMailinator/input_LOGIN_search'

2022-10-28 16:50:51 - [MESSAGE][PASSED] - Text 'testuser02@mailinator.com' is set on object 'Object Repository/00-Signup and Activation/zMailinator/input_LOGIN_search'

2022-10-28 16:50:51 - [TEST_STEP][PASSED] - click(findTestObject("00-Signup and Activation/zMailinator/gobutton"), STOP_ON_FAILURE): Object: 'Object Repository/00-Signup and Activation/zMailinator/gobutton' is clicked on

2022-10-28 16:50:53 - [MESSAGE][PASSED] - Object: 'Object Repository/00-Signup and Activation/zMailinator/gobutton' is clicked on

2022-10-28 16:50:53 - [TEST_STEP][PASSED] - delay(3): Delayed 3 second(s)

2022-10-28 16:50:56 - [MESSAGE][PASSED] - Delayed 3 second(s)

2022-10-28 16:50:56 - [TEST_STEP][PASSED] - click(findTestObject("00-Signup and Activation/zMailinator/Email - everleagues")): Object: 'Object Repository/00-Signup and Activation/zMailinator/Email - everleagues' is clicked on

2022-10-28 16:50:56 - [MESSAGE][PASSED] - Object: 'Object Repository/00-Signup and Activation/zMailinator/Email - everleagues' is clicked on

2022-10-28 16:50:56 - [TEST_STEP][PASSED] - delay(3): Delayed 3 second(s)

2022-10-28 16:50:59 - [MESSAGE][PASSED] - Delayed 3 second(s)

2022-10-28 16:50:59 - [TEST_STEP][PASSED] - code = getText(findTestObject("Object Repository/06-Teams/For 2FA/2FA code")): Text of object 'Object Repository/06-Teams/For 2FA/2FA code' is: '984237'

2022-10-28 16:50:59 - [MESSAGE][PASSED] - Text of object 'Object Repository/06-Teams/For 2FA/2FA code' is: '984237'

2022-10-28 16:50:59 - [TEST_STEP][PASSED] - delay(3): Delayed 3 second(s)

2022-10-28 16:51:02 - [MESSAGE][PASSED] - Delayed 3 second(s)

2022-10-28 16:51:02 - [TEST_STEP][PASSED] - closeWindowTitle("Mailinator"): Window with title: 'Mailinator' is closed

2022-10-28 16:51:03 - [MESSAGE][PASSED] - Window with title: 'Mailinator' is closed

2022-10-28 16:51:03 - [TEST_STEP][PASSED] - delay(3): Delayed 3 second(s)

2022-10-28 16:51:06 - [MESSAGE][PASSED] - Delayed 3 second(s)

2022-10-28 16:51:06 - [TEST_STEP][PASSED] - switchToWindowIndex(0): Switched to window with index: '0'

2022-10-28 16:51:06 - [MESSAGE][PASSED] - Switched to window with index: '0'

2022-10-28 16:51:06 - [TEST_STEP][PASSED] - delay(3): Delayed 3 second(s)

2022-10-28 16:51:09 - [MESSAGE][PASSED] - Delayed 3 second(s)

2022-10-28 16:51:09 - [TEST_STEP][PASSED] - setText(findTestObject("Object Repository/06-Teams/For 2FA/input_Enter verification code_code"), code): Text '984237' is set on object 'Object Repository/06-Teams/For 2FA/input_Enter verification code_code'

2022-10-28 16:51:09 - [MESSAGE][PASSED] - Text '984237' is set on object 'Object Repository/06-Teams/For 2FA/input_Enter verification code_code'

2022-10-28 16:51:09 - [TEST_STEP][PASSED] - delay(3): Delayed 3 second(s)

2022-10-28 16:51:12 - [MESSAGE][PASSED] - Delayed 3 second(s)

2022-10-28 16:51:12 - [TEST_STEP][PASSED] - click(findTestObject("06-Teams/For 2FA/button_Verify_2FA")): Object: 'Object Repository/06-Teams/For 2FA/button_Verify_2FA' is clicked on

2022-10-28 16:51:13 - [MESSAGE][PASSED] - Object: 'Object Repository/06-Teams/For 2FA/button_Verify_2FA' is clicked on

2022-10-28 16:51:13 - [TEST_STEP][PASSED] - delay(5): Delayed 5 second(s)

2022-10-28 16:51:18 - [MESSAGE][PASSED] - Delayed 5 second(s)

2022-10-28 16:51:18 - [TEST_STEP][PASSED] - click(findTestObject("06-Teams/button_doublearrow")): Object: 'Object Repository/06-Teams/button_doublearrow' is clicked on

2022-10-28 16:51:18 - [MESSAGE][PASSED] - Object: 'Object Repository/06-Teams/button_doublearrow' is clicked on

2022-10-28 16:51:18 - [TEST_STEP][PASSED] - click(findTestObject("06-Teams/button_My Organizations")): Object: 'Object Repository/06-Teams/button_My Organizations' is clicked on

2022-10-28 16:51:19 - [MESSAGE][PASSED] - Object: 'Object Repository/06-Teams/button_My Organizations' is clicked on

2022-10-28 16:51:19 - [TEST_STEP][PASSED] - click(findTestObject("06-Teams/button_GG Automation")): Object: 'Object Repository/06-Teams/button_GG Automation' is clicked on

2022-10-28 16:51:20 - [MESSAGE][PASSED] - Object: 'Object Repository/06-Teams/button_GG Automation' is clicked on

2022-10-28 16:51:20 - [TEST_STEP][PASSED] - delay(4): Delayed 4 second(s)

2022-10-28 16:51:24 - [MESSAGE][PASSED] - Delayed 4 second(s)

2022-10-28 16:51:24 - [TEST_STEP][PASSED] - verifyElementVisible(findTestObject("06-Teams/span_GG Automation")): Object 'Object Repository/06-Teams/span_GG Automation' is visible

2022-10-28 16:51:24 - [MESSAGE][PASSED] - Object 'Object Repository/06-Teams/span_GG Automation' is visible

2022-10-28 16:51:24 - [TEST_STEP][PASSED] - delay(10): Delayed 10 second(s)

2022-10-28 16:51:34 - [MESSAGE][PASSED] - Delayed 10 second(s)

2022-10-28 16:51:34 - [TEST_STEP][PASSED] - click(findTestObject("03-Header Menu/Hamburger Button/div_Settings")): Object: 'Object Repository/03-Header Menu/Hamburger Button/div_Settings' is clicked on

2022-10-28 16:51:34 - [MESSAGE][PASSED] - Object: 'Object Repository/03-Header Menu/Hamburger Button/div_Settings' is clicked on

2022-10-28 16:51:34 - [TEST_STEP][PASSED] - delay(3): Delayed 3 second(s)

2022-10-28 16:51:37 - [MESSAGE][PASSED] - Delayed 3 second(s)

2022-10-28 16:51:37 - [TEST_STEP][PASSED] - click(findTestObject("09-Settings/Users/div_Users")): Object: 'Object Repository/09-Settings/Users/div_Users' is clicked on

2022-10-28 16:51:38 - [MESSAGE][PASSED] - Object: 'Object Repository/09-Settings/Users/div_Users' is clicked on

2022-10-28 16:51:38 - [TEST_STEP][PASSED] - delay(3): Delayed 3 second(s)

2022-10-28 16:51:41 - [MESSAGE][PASSED] - Delayed 3 second(s)

2022-10-28 16:51:41 - [TEST_STEP][PASSED] - click(findTestObject("09-Settings/Users/button_add")): Object: 'Object Repository/09-Settings/Users/button_add' is clicked on

2022-10-28 16:51:41 - [MESSAGE][PASSED] - Object: 'Object Repository/09-Settings/Users/button_add' is clicked on

2022-10-28 16:51:41 - [TEST_STEP][PASSED] - delay(3): Delayed 3 second(s)

2022-10-28 16:51:44 - [MESSAGE][PASSED] - Delayed 3 second(s)

2022-10-28 16:51:44 - [TEST_STEP][PASSED] - click(findTestObject("09-Settings/Users/add Invite a single user")): Object: 'Object Repository/09-Settings/Users/add Invite a single user' is clicked on

2022-10-28 16:51:45 - [MESSAGE][PASSED] - Object: 'Object Repository/09-Settings/Users/add Invite a single user' is clicked on

2022-10-28 16:51:45 - [TEST_STEP][PASSED] - delay(3): Delayed 3 second(s)

2022-10-28 16:51:48 - [MESSAGE][PASSED] - Delayed 3 second(s)

2022-10-28 16:51:48 - [TEST_STEP][PASSED] - setText(findTestObject("09-Settings/Users/input_email"), "autotester09@mailinator.com"): Text 'autotester09@mailinator.com' is set on object 'Object Repository/09-Settings/Users/input_email'

2022-10-28 16:51:49 - [MESSAGE][PASSED] - Text 'autotester09@mailinator.com' is set on object 'Object Repository/09-Settings/Users/input_email'

2022-10-28 16:51:49 - [TEST_STEP][PASSED] - setText(findTestObject("09-Settings/Users/input_firstName"), "GG"): Text 'GG' is set on object 'Object Repository/09-Settings/Users/input_firstName'

2022-10-28 16:51:49 - [MESSAGE][PASSED] - Text 'GG' is set on object 'Object Repository/09-Settings/Users/input_firstName'

2022-10-28 16:51:49 - [TEST_STEP][PASSED] - setText(findTestObject("09-Settings/Users/input_lastName"), "Client"): Text 'Client' is set on object 'Object Repository/09-Settings/Users/input_lastName'

2022-10-28 16:51:50 - [MESSAGE][PASSED] - Text 'Client' is set on object 'Object Repository/09-Settings/Users/input_lastName'

2022-10-28 16:51:50 - [TEST_STEP][PASSED] - click(findTestObject("09-Settings/Users/span_Role")): Object: 'Object Repository/09-Settings/Users/span_Role' is clicked on

2022-10-28 16:51:51 - [MESSAGE][PASSED] - Object: 'Object Repository/09-Settings/Users/span_Role' is clicked on

2022-10-28 16:51:51 - [TEST_STEP][PASSED] - click(findTestObject("09-Settings/Users/span_Client")): Object: 'Object Repository/09-Settings/Users/span_Client' is clicked on

2022-10-28 16:51:51 - [MESSAGE][PASSED] - Object: 'Object Repository/09-Settings/Users/span_Client' is clicked on

2022-10-28 16:51:51 - [TEST_STEP][PASSED] - click(findTestObject("09-Settings/Users/button_Send Invitation")): Object: 'Object Repository/09-Settings/Users/button_Send Invitation' is clicked on

2022-10-28 16:51:52 - [MESSAGE][PASSED] - Object: 'Object Repository/09-Settings/Users/button_Send Invitation' is clicked on

2022-10-28 16:51:52 - [TEST_STEP][PASSED] - delay(2): Delayed 2 second(s)

2022-10-28 16:51:54 - [MESSAGE][PASSED] - Delayed 2 second(s)

2022-10-28 16:51:54 - [TEST_STEP][PASSED] - verifyElementVisible(findTestObject("07-Directory/Connections/zContact Profile/Successfully invited user")): Object 'Object Repository/07-Directory/Connections/zContact Profile/Successfully invited user' is visible

2022-10-28 16:51:55 - [MESSAGE][PASSED] - Object 'Object Repository/07-Directory/Connections/zContact Profile/Successfully invited user' is visible

2022-10-28 16:51:55 - [TEST_STEP][PASSED] - delay(2): Delayed 2 second(s)

2022-10-28 16:51:57 - [MESSAGE][PASSED] - Delayed 2 second(s)

2022-10-28 16:51:57 - [TEST_STEP][PASSED] - click(findTestObject("01-Login and Forgot Password/User menu drop")): Object: 'Object Repository/01-Login and Forgot Password/User menu drop' is clicked on

2022-10-28 16:51:58 - [MESSAGE][PASSED] - Object: 'Object Repository/01-Login and Forgot Password/User menu drop' is clicked on

2022-10-28 16:51:58 - [TEST_STEP][PASSED] - delay(2): Delayed 2 second(s)

2022-10-28 16:52:00 - [MESSAGE][PASSED] - Delayed 2 second(s)

2022-10-28 16:52:00 - [TEST_STEP][PASSED] - click(findTestObject("01-Login and Forgot Password/h4_Sign Out"), STOP_ON_FAILURE): Object: 'Object Repository/01-Login and Forgot Password/h4_Sign Out' is clicked on

2022-10-28 16:52:00 - [MESSAGE][PASSED] - Object: 'Object Repository/01-Login and Forgot Password/h4_Sign Out' is clicked on

2022-10-28 16:52:00 - [TEST_STEP][PASSED] - delay(2): Delayed 2 second(s)

2022-10-28 16:52:02 - [MESSAGE][PASSED] - Delayed 2 second(s)

2022-10-28 16:52:02 - [TEST_STEP][PASSED] - verifyElementPresent(findTestObject("01-Login and Forgot Password/Login_Card"), 0): Object 'Object Repository/01-Login and Forgot Password/Login_Card' is present

2022-10-28 16:52:02 - [MESSAGE][WARNING] - Timeout '0' is invalid. Using default page load timeout: '30'

2022-10-28 16:52:02 - [MESSAGE][PASSED] - Object 'Object Repository/01-Login and Forgot Password/Login_Card' is present

2022-10-28 16:52:02 - [TEST_STEP][PASSED] - delay(3): Delayed 3 second(s)

2022-10-28 16:52:05 - [MESSAGE][PASSED] - Delayed 3 second(s)

2022-10-28 16:52:05 - [TEST_STEP][PASSED] - closeBrowser(): Browser is closed

2022-10-28 16:52:06 - [MESSAGE][PASSED] - Browser is closed

2022-10-28 16:52:06 - [TEST_STEP][PASSED] - openBrowser(""): Browser is opened with url: ''

2022-10-28 16:52:06 - [MESSAGE][INFO] - Starting 'Chrome' driver

2022-10-28 16:52:06 - [MESSAGE][INFO] - Action delay is set to 0 milliseconds

2022-10-28 16:52:07 - [MESSAGE][PASSED] - Browser is opened with url: ''

2022-10-28 16:52:07 - [TEST_STEP][PASSED] - navigateToUrl("https://lab.everleagues.com/"): Navigate to 'https://lab.everleagues.com/' successfully

2022-10-28 16:52:25 - [MESSAGE][PASSED] - Navigate to 'https://lab.everleagues.com/' successfully

2022-10-28 16:52:25 - [TEST_STEP][PASSED] - maximizeWindow(): Current window maximized

2022-10-28 16:52:25 - [MESSAGE][PASSED] - Current window maximized

2022-10-28 16:52:25 - [TEST_STEP][PASSED] - setText(findTestObject("02-Side Icons(Organization)/Add Contact/Email Field"), "autotester09@mailinator.com"): Text 'autotester09@mailinator.com' is set on object 'Object Repository/02-Side Icons(Organization)/Add Contact/Email Field'

2022-10-28 16:52:26 - [MESSAGE][PASSED] - Text 'autotester09@mailinator.com' is set on object 'Object Repository/02-Side Icons(Organization)/Add Contact/Email Field'

2022-10-28 16:52:26 - [TEST_STEP][PASSED] - setEncryptedText(findTestObject("02-Side Icons(Organization)/Add Contact/Password Field"), "8yFRyszE6U6jvsCn51OQbg=="): Text ****** has been set on object 'Object Repository/02-Side Icons(Organization)/Add Contact/Password Field'

2022-10-28 16:52:26 - [MESSAGE][PASSED] - Text ****** has been set on object 'Object Repository/02-Side Icons(Organization)/Add Contact/Password Field'

2022-10-28 16:52:26 - [TEST_STEP][PASSED] - click(findTestObject("02-Side Icons(Organization)/Add Contact/button_Sign in")): Object: 'Object Repository/02-Side Icons(Organization)/Add Contact/button_Sign in' is clicked on

2022-10-28 16:52:27 - [MESSAGE][PASSED] - Object: 'Object Repository/02-Side Icons(Organization)/Add Contact/button_Sign in' is clicked on

2022-10-28 16:52:27 - [TEST_STEP][PASSED] - delay(2): Delayed 2 second(s)

2022-10-28 16:52:29 - [MESSAGE][PASSED] - Delayed 2 second(s)

2022-10-28 16:52:29 - [TEST_STEP][PASSED] - click(findTestObject("06-Teams/For 2FA/button_Confirm_2FA")): Object: 'Object Repository/06-Teams/For 2FA/button_Confirm_2FA' is clicked on

2022-10-28 16:52:30 - [MESSAGE][PASSED] - Object: 'Object Repository/06-Teams/For 2FA/button_Confirm_2FA' is clicked on

2022-10-28 16:52:30 - [TEST_STEP][PASSED] - executeJavaScript("window.open();", []): Execute JavaScript 'window.open();' successfully

2022-10-28 16:52:30 - [MESSAGE][PASSED] - Execute JavaScript 'window.open();' successfully

2022-10-28 16:52:30 - [TEST_STEP][PASSED] - currentWindow = getWindowIndex(): Current window's index is: 0

2022-10-28 16:52:30 - [MESSAGE][PASSED] - Current window's index is: 0

2022-10-28 16:52:30 - [TEST_STEP][PASSED] - delay(3): Delayed 3 second(s)

2022-10-28 16:52:33 - [MESSAGE][PASSED] - Delayed 3 second(s)

2022-10-28 16:52:33 - [TEST_STEP][PASSED] - switchToWindowIndex(currentWindow + 1): Switched to window with index: '1'

2022-10-28 16:52:33 - [MESSAGE][PASSED] - Switched to window with index: '1'

2022-10-28 16:52:33 - [TEST_STEP][PASSED] - navigateToUrl("https://www.mailinator.com/"): Navigate to 'https://www.mailinator.com/' successfully

2022-10-28 16:52:34 - [MESSAGE][PASSED] - Navigate to 'https://www.mailinator.com/' successfully

2022-10-28 16:52:34 - [TEST_STEP][PASSED] - delay(3): Delayed 3 second(s)

2022-10-28 16:52:37 - [MESSAGE][PASSED] - Delayed 3 second(s)

2022-10-28 16:52:37 - [TEST_STEP][PASSED] - setText(findTestObject("00-Signup and Activation/zMailinator/input_LOGIN_search"), "autotester09@mailinator.com"): Text 'autotester09@mailinator.com' is set on object 'Object Repository/00-Signup and Activation/zMailinator/input_LOGIN_search'

2022-10-28 16:52:38 - [MESSAGE][PASSED] - Text 'autotester09@mailinator.com' is set on object 'Object Repository/00-Signup and Activation/zMailinator/input_LOGIN_search'

2022-10-28 16:52:38 - [TEST_STEP][PASSED] - click(findTestObject("00-Signup and Activation/zMailinator/gobutton"), STOP_ON_FAILURE): Object: 'Object Repository/00-Signup and Activation/zMailinator/gobutton' is clicked on

2022-10-28 16:52:40 - [MESSAGE][PASSED] - Object: 'Object Repository/00-Signup and Activation/zMailinator/gobutton' is clicked on

2022-10-28 16:52:40 - [TEST_STEP][PASSED] - delay(3): Delayed 3 second(s)

2022-10-28 16:52:43 - [MESSAGE][PASSED] - Delayed 3 second(s)

2022-10-28 16:52:43 - [TEST_STEP][PASSED] - click(findTestObject("00-Signup and Activation/zMailinator/Email - everleagues")): Object: 'Object Repository/00-Signup and Activation/zMailinator/Email - everleagues' is clicked on

2022-10-28 16:52:43 - [MESSAGE][PASSED] - Object: 'Object Repository/00-Signup and Activation/zMailinator/Email - everleagues' is clicked on

2022-10-28 16:52:43 - [TEST_STEP][PASSED] - delay(3): Delayed 3 second(s)

2022-10-28 16:52:46 - [MESSAGE][PASSED] - Delayed 3 second(s)

2022-10-28 16:52:46 - [TEST_STEP][PASSED] - codetwo = getText(findTestObject("Object Repository/06-Teams/For 2FA/2FA code")): Text of object 'Object Repository/06-Teams/For 2FA/2FA code' is: '609439'

2022-10-28 16:52:46 - [MESSAGE][PASSED] - Text of object 'Object Repository/06-Teams/For 2FA/2FA code' is: '609439'

2022-10-28 16:52:46 - [TEST_STEP][PASSED] - delay(3): Delayed 3 second(s)

2022-10-28 16:52:49 - [MESSAGE][PASSED] - Delayed 3 second(s)

2022-10-28 16:52:49 - [TEST_STEP][PASSED] - closeWindowTitle("Mailinator"): Window with title: 'Mailinator' is closed

2022-10-28 16:52:50 - [MESSAGE][PASSED] - Window with title: 'Mailinator' is closed

2022-10-28 16:52:50 - [TEST_STEP][PASSED] - delay(3): Delayed 3 second(s)

2022-10-28 16:52:53 - [MESSAGE][PASSED] - Delayed 3 second(s)

2022-10-28 16:52:53 - [TEST_STEP][PASSED] - switchToWindowIndex(0): Switched to window with index: '0'

2022-10-28 16:52:53 - [MESSAGE][PASSED] - Switched to window with index: '0'

2022-10-28 16:52:53 - [TEST_STEP][PASSED] - delay(3): Delayed 3 second(s)

2022-10-28 16:52:56 - [MESSAGE][PASSED] - Delayed 3 second(s)

2022-10-28 16:52:56 - [TEST_STEP][PASSED] - setText(findTestObject("Object Repository/06-Teams/For 2FA/input_Enter verification code_code"), codetwo): Text '609439' is set on object 'Object Repository/06-Teams/For 2FA/input_Enter verification code_code'

2022-10-28 16:52:56 - [MESSAGE][PASSED] - Text '609439' is set on object 'Object Repository/06-Teams/For 2FA/input_Enter verification code_code'

2022-10-28 16:52:56 - [TEST_STEP][PASSED] - delay(3): Delayed 3 second(s)

2022-10-28 16:52:59 - [MESSAGE][PASSED] - Delayed 3 second(s)

2022-10-28 16:52:59 - [TEST_STEP][PASSED] - click(findTestObject("06-Teams/For 2FA/button_Verify_2FA")): Object: 'Object Repository/06-Teams/For 2FA/button_Verify_2FA' is clicked on

2022-10-28 16:53:00 - [MESSAGE][PASSED] - Object: 'Object Repository/06-Teams/For 2FA/button_Verify_2FA' is clicked on

2022-10-28 16:53:00 - [TEST_STEP][PASSED] - delay(5): Delayed 5 second(s)

2022-10-28 16:53:05 - [MESSAGE][PASSED] - Delayed 5 second(s)

2022-10-28 16:53:05 - [TEST_STEP][PASSED] - executeJavaScript("window.open();", []): Execute JavaScript 'window.open();' successfully

2022-10-28 16:53:05 - [MESSAGE][PASSED] - Execute JavaScript 'window.open();' successfully

2022-10-28 16:53:05 - [TEST_STEP][PASSED] - currentWindow = getWindowIndex(): Current window's index is: 0

2022-10-28 16:53:05 - [MESSAGE][PASSED] - Current window's index is: 0

2022-10-28 16:53:05 - [TEST_STEP][PASSED] - delay(3): Delayed 3 second(s)

2022-10-28 16:53:08 - [MESSAGE][PASSED] - Delayed 3 second(s)

2022-10-28 16:53:08 - [TEST_STEP][PASSED] - switchToWindowIndex(currentWindow + 1): Switched to window with index: '1'

2022-10-28 16:53:08 - [MESSAGE][PASSED] - Switched to window with index: '1'

2022-10-28 16:53:08 - [TEST_STEP][PASSED] - navigateToUrl("https://www.mailinator.com/"): Navigate to 'https://www.mailinator.com/' successfully

2022-10-28 16:53:09 - [MESSAGE][PASSED] - Navigate to 'https://www.mailinator.com/' successfully

2022-10-28 16:53:09 - [TEST_STEP][PASSED] - delay(3): Delayed 3 second(s)

2022-10-28 16:53:12 - [MESSAGE][PASSED] - Delayed 3 second(s)

2022-10-28 16:53:12 - [TEST_STEP][PASSED] - setText(findTestObject("00-Signup and Activation/zMailinator/input_LOGIN_search"), "autotester09@mailinator.com"): Text 'autotester09@mailinator.com' is set on object 'Object Repository/00-Signup and Activation/zMailinator/input_LOGIN_search'

2022-10-28 16:53:13 - [MESSAGE][PASSED] - Text 'autotester09@mailinator.com' is set on object 'Object Repository/00-Signup and Activation/zMailinator/input_LOGIN_search'

2022-10-28 16:53:13 - [TEST_STEP][PASSED] - click(findTestObject("00-Signup and Activation/zMailinator/gobutton"), STOP_ON_FAILURE): Object: 'Object Repository/00-Signup and Activation/zMailinator/gobutton' is clicked on

2022-10-28 16:53:14 - [MESSAGE][PASSED] - Object: 'Object Repository/00-Signup and Activation/zMailinator/gobutton' is clicked on

2022-10-28 16:53:14 - [TEST_STEP][PASSED] - delay(3): Delayed 3 second(s)

2022-10-28 16:53:17 - [MESSAGE][PASSED] - Delayed 3 second(s)

2022-10-28 16:53:17 - [TEST_STEP][PASSED] - closeWindowTitle("Everleagues"): Window with title: 'Everleagues' is closed

2022-10-28 16:53:17 - [MESSAGE][PASSED] - Window with title: 'Everleagues' is closed

2022-10-28 16:53:17 - [TEST_STEP][PASSED] - switchToWindowIndex(0): Switched to window with index: '0'

2022-10-28 16:53:17 - [MESSAGE][PASSED] - Switched to window with index: '0'

2022-10-28 16:53:17 - [TEST_STEP][PASSED] - click(findTestObject("09-Settings/Users/Co worker/td_Invitation from GG Automation")): Object: 'Object Repository/09-Settings/Users/Co worker/td_Invitation from GG Automation' is clicked on

2022-10-28 16:53:17 - [MESSAGE][PASSED] - Object: 'Object Repository/09-Settings/Users/Co worker/td_Invitation from GG Automation' is clicked on

2022-10-28 16:53:17 - [TEST_STEP][PASSED] - click(findTestObject("09-Settings/Users/Co worker/a_Click here to join GG Automation on EverLeagues")): Object: 'Object Repository/09-Settings/Users/Co worker/a_Click here to join GG Automation on EverLeagues' is clicked on

2022-10-28 16:53:18 - [MESSAGE][PASSED] - Object: 'Object Repository/09-Settings/Users/Co worker/a_Click here to join GG Automation on EverLeagues' is clicked on

2022-10-28 16:53:18 - [TEST_STEP][PASSED] - closeWindowTitle("Mailinator"): Window with title: 'Mailinator' is closed

2022-10-28 16:53:18 - [MESSAGE][PASSED] - Window with title: 'Mailinator' is closed

2022-10-28 16:53:18 - [TEST_STEP][PASSED] - switchToWindowIndex(0): Switched to window with index: '0'

2022-10-28 16:53:18 - [MESSAGE][PASSED] - Switched to window with index: '0'

2022-10-28 16:53:18 - [TEST_STEP][PASSED] - verifyElementVisible(findTestObject("09-Settings/Users/Client/Invite modal")): Object 'Object Repository/09-Settings/Users/Client/Invite modal' is visible

2022-10-28 16:53:24 - [MESSAGE][PASSED] - Object 'Object Repository/09-Settings/Users/Client/Invite modal' is visible

2022-10-28 16:53:24 - [TEST_STEP][PASSED] - setText(findTestObject("09-Settings/Users/Client/Company field"), "QA Company"): Text 'QA Company' is set on object 'Object Repository/09-Settings/Users/Client/Company field'

2022-10-28 16:53:25 - [MESSAGE][PASSED] - Text 'QA Company' is set on object 'Object Repository/09-Settings/Users/Client/Company field'

2022-10-28 16:53:25 - [TEST_STEP][PASSED] - click(findTestObject("09-Settings/Users/Client/button_Accept")): Object: 'Object Repository/09-Settings/Users/Client/button_Accept' is clicked on

2022-10-28 16:53:25 - [MESSAGE][PASSED] - Object: 'Object Repository/09-Settings/Users/Client/button_Accept' is clicked on

2022-10-28 16:53:25 - [TEST_STEP][PASSED] - delay(10): Delayed 10 second(s)

2022-10-28 16:53:35 - [MESSAGE][PASSED] - Delayed 10 second(s)

2022-10-28 16:53:35 - [TEST_STEP][PASSED] - verifyElementVisible(findTestObject("09-Settings/Users/Client/div_Joined as CLIENT")): Object 'Object Repository/09-Settings/Users/Client/div_Joined as CLIENT' is visible

2022-10-28 16:53:36 - [MESSAGE][PASSED] - Object 'Object Repository/09-Settings/Users/Client/div_Joined as CLIENT' is visible

2022-10-28 16:53:36 - [TEST_STEP][PASSED] - delay(3): Delayed 3 second(s)

2022-10-28 16:53:39 - [MESSAGE][PASSED] - Delayed 3 second(s)

2022-10-28 16:53:39 - [TEST_STEP][PASSED] - closeBrowser(): Browser is closed

2022-10-28 16:53:39 - [MESSAGE][PASSED] - Browser is closed]]></system-out>
         <system-err><![CDATA[]]></system-err>
      </testcase>
      <testcase name="Test Cases/09-Settings/04 - Users (Invite new user as partner)" time="205.114" classname="Test Cases/09-Settings/04 - Users (Invite new user as partner)" status="PASSED">
         <system-out><![CDATA[2022-10-28 16:53:39 - [TEST_CASE][PASSED] - Test Cases/09-Settings/04 - Users (Invite new user as partner): Test Cases/09-Settings/04 - Users (Invite new user as partner)

2022-10-28 16:53:40 - [TEST_STEP][PASSED] - openBrowser(""): Browser is opened with url: ''

2022-10-28 16:53:40 - [MESSAGE][INFO] - Starting 'Chrome' driver

2022-10-28 16:53:40 - [MESSAGE][INFO] - Action delay is set to 0 milliseconds

2022-10-28 16:53:41 - [MESSAGE][PASSED] - Browser is opened with url: ''

2022-10-28 16:53:41 - [TEST_STEP][PASSED] - navigateToUrl("https://lab.everleagues.com/"): Navigate to 'https://lab.everleagues.com/' successfully

2022-10-28 16:54:00 - [MESSAGE][PASSED] - Navigate to 'https://lab.everleagues.com/' successfully

2022-10-28 16:54:00 - [TEST_STEP][PASSED] - maximizeWindow(): Current window maximized

2022-10-28 16:54:00 - [MESSAGE][PASSED] - Current window maximized

2022-10-28 16:54:00 - [TEST_STEP][PASSED] - setText(findTestObject("02-Side Icons(Organization)/Add Contact/Email Field"), "testuser02@mailinator.com"): Text 'testuser02@mailinator.com' is set on object 'Object Repository/02-Side Icons(Organization)/Add Contact/Email Field'

2022-10-28 16:54:01 - [MESSAGE][PASSED] - Text 'testuser02@mailinator.com' is set on object 'Object Repository/02-Side Icons(Organization)/Add Contact/Email Field'

2022-10-28 16:54:01 - [TEST_STEP][PASSED] - setEncryptedText(findTestObject("02-Side Icons(Organization)/Add Contact/Password Field"), "8yFRyszE6U6jvsCn51OQbg=="): Text ****** has been set on object 'Object Repository/02-Side Icons(Organization)/Add Contact/Password Field'

2022-10-28 16:54:01 - [MESSAGE][PASSED] - Text ****** has been set on object 'Object Repository/02-Side Icons(Organization)/Add Contact/Password Field'

2022-10-28 16:54:01 - [TEST_STEP][PASSED] - click(findTestObject("02-Side Icons(Organization)/Add Contact/button_Sign in")): Object: 'Object Repository/02-Side Icons(Organization)/Add Contact/button_Sign in' is clicked on

2022-10-28 16:54:02 - [MESSAGE][PASSED] - Object: 'Object Repository/02-Side Icons(Organization)/Add Contact/button_Sign in' is clicked on

2022-10-28 16:54:02 - [TEST_STEP][PASSED] - delay(2): Delayed 2 second(s)

2022-10-28 16:54:04 - [MESSAGE][PASSED] - Delayed 2 second(s)

2022-10-28 16:54:04 - [TEST_STEP][PASSED] - click(findTestObject("06-Teams/For 2FA/button_Confirm_2FA")): Object: 'Object Repository/06-Teams/For 2FA/button_Confirm_2FA' is clicked on

2022-10-28 16:54:04 - [MESSAGE][PASSED] - Object: 'Object Repository/06-Teams/For 2FA/button_Confirm_2FA' is clicked on

2022-10-28 16:54:04 - [TEST_STEP][PASSED] - executeJavaScript("window.open();", []): Execute JavaScript 'window.open();' successfully

2022-10-28 16:54:05 - [MESSAGE][PASSED] - Execute JavaScript 'window.open();' successfully

2022-10-28 16:54:05 - [TEST_STEP][PASSED] - currentWindow = getWindowIndex(): Current window's index is: 0

2022-10-28 16:54:05 - [MESSAGE][PASSED] - Current window's index is: 0

2022-10-28 16:54:05 - [TEST_STEP][PASSED] - delay(3): Delayed 3 second(s)

2022-10-28 16:54:08 - [MESSAGE][PASSED] - Delayed 3 second(s)

2022-10-28 16:54:08 - [TEST_STEP][PASSED] - switchToWindowIndex(currentWindow + 1): Switched to window with index: '1'

2022-10-28 16:54:08 - [MESSAGE][PASSED] - Switched to window with index: '1'

2022-10-28 16:54:08 - [TEST_STEP][PASSED] - navigateToUrl("https://www.mailinator.com/"): Navigate to 'https://www.mailinator.com/' successfully

2022-10-28 16:54:10 - [MESSAGE][PASSED] - Navigate to 'https://www.mailinator.com/' successfully

2022-10-28 16:54:10 - [TEST_STEP][PASSED] - delay(3): Delayed 3 second(s)

2022-10-28 16:54:13 - [MESSAGE][PASSED] - Delayed 3 second(s)

2022-10-28 16:54:13 - [TEST_STEP][PASSED] - setText(findTestObject("00-Signup and Activation/zMailinator/input_LOGIN_search"), "testuser02@mailinator.com"): Text 'testuser02@mailinator.com' is set on object 'Object Repository/00-Signup and Activation/zMailinator/input_LOGIN_search'

2022-10-28 16:54:13 - [MESSAGE][PASSED] - Text 'testuser02@mailinator.com' is set on object 'Object Repository/00-Signup and Activation/zMailinator/input_LOGIN_search'

2022-10-28 16:54:13 - [TEST_STEP][PASSED] - click(findTestObject("00-Signup and Activation/zMailinator/gobutton"), STOP_ON_FAILURE): Object: 'Object Repository/00-Signup and Activation/zMailinator/gobutton' is clicked on

2022-10-28 16:54:16 - [MESSAGE][PASSED] - Object: 'Object Repository/00-Signup and Activation/zMailinator/gobutton' is clicked on

2022-10-28 16:54:16 - [TEST_STEP][PASSED] - delay(3): Delayed 3 second(s)

2022-10-28 16:54:19 - [MESSAGE][PASSED] - Delayed 3 second(s)

2022-10-28 16:54:19 - [TEST_STEP][PASSED] - click(findTestObject("00-Signup and Activation/zMailinator/Email - everleagues")): Object: 'Object Repository/00-Signup and Activation/zMailinator/Email - everleagues' is clicked on

2022-10-28 16:54:20 - [MESSAGE][PASSED] - Object: 'Object Repository/00-Signup and Activation/zMailinator/Email - everleagues' is clicked on

2022-10-28 16:54:20 - [TEST_STEP][PASSED] - delay(3): Delayed 3 second(s)

2022-10-28 16:54:23 - [MESSAGE][PASSED] - Delayed 3 second(s)

2022-10-28 16:54:23 - [TEST_STEP][PASSED] - code = getText(findTestObject("Object Repository/06-Teams/For 2FA/2FA code")): Text of object 'Object Repository/06-Teams/For 2FA/2FA code' is: '071749'

2022-10-28 16:54:23 - [MESSAGE][PASSED] - Text of object 'Object Repository/06-Teams/For 2FA/2FA code' is: '071749'

2022-10-28 16:54:23 - [TEST_STEP][PASSED] - delay(3): Delayed 3 second(s)

2022-10-28 16:54:26 - [MESSAGE][PASSED] - Delayed 3 second(s)

2022-10-28 16:54:26 - [TEST_STEP][PASSED] - closeWindowTitle("Mailinator"): Window with title: 'Mailinator' is closed

2022-10-28 16:54:26 - [MESSAGE][PASSED] - Window with title: 'Mailinator' is closed

2022-10-28 16:54:26 - [TEST_STEP][PASSED] - delay(3): Delayed 3 second(s)

2022-10-28 16:54:29 - [MESSAGE][PASSED] - Delayed 3 second(s)

2022-10-28 16:54:29 - [TEST_STEP][PASSED] - switchToWindowIndex(0): Switched to window with index: '0'

2022-10-28 16:54:29 - [MESSAGE][PASSED] - Switched to window with index: '0'

2022-10-28 16:54:29 - [TEST_STEP][PASSED] - delay(3): Delayed 3 second(s)

2022-10-28 16:54:32 - [MESSAGE][PASSED] - Delayed 3 second(s)

2022-10-28 16:54:32 - [TEST_STEP][PASSED] - setText(findTestObject("Object Repository/06-Teams/For 2FA/input_Enter verification code_code"), code): Text '071749' is set on object 'Object Repository/06-Teams/For 2FA/input_Enter verification code_code'

2022-10-28 16:54:33 - [MESSAGE][PASSED] - Text '071749' is set on object 'Object Repository/06-Teams/For 2FA/input_Enter verification code_code'

2022-10-28 16:54:33 - [TEST_STEP][PASSED] - delay(3): Delayed 3 second(s)

2022-10-28 16:54:36 - [MESSAGE][PASSED] - Delayed 3 second(s)

2022-10-28 16:54:36 - [TEST_STEP][PASSED] - click(findTestObject("06-Teams/For 2FA/button_Verify_2FA")): Object: 'Object Repository/06-Teams/For 2FA/button_Verify_2FA' is clicked on

2022-10-28 16:54:37 - [MESSAGE][PASSED] - Object: 'Object Repository/06-Teams/For 2FA/button_Verify_2FA' is clicked on

2022-10-28 16:54:37 - [TEST_STEP][PASSED] - delay(5): Delayed 5 second(s)

2022-10-28 16:54:42 - [MESSAGE][PASSED] - Delayed 5 second(s)

2022-10-28 16:54:42 - [TEST_STEP][PASSED] - click(findTestObject("06-Teams/button_doublearrow")): Object: 'Object Repository/06-Teams/button_doublearrow' is clicked on

2022-10-28 16:54:45 - [MESSAGE][PASSED] - Object: 'Object Repository/06-Teams/button_doublearrow' is clicked on

2022-10-28 16:54:45 - [TEST_STEP][PASSED] - click(findTestObject("06-Teams/button_My Organizations")): Object: 'Object Repository/06-Teams/button_My Organizations' is clicked on

2022-10-28 16:54:45 - [MESSAGE][PASSED] - Object: 'Object Repository/06-Teams/button_My Organizations' is clicked on

2022-10-28 16:54:45 - [TEST_STEP][PASSED] - click(findTestObject("06-Teams/button_GG Automation")): Object: 'Object Repository/06-Teams/button_GG Automation' is clicked on

2022-10-28 16:54:46 - [MESSAGE][PASSED] - Object: 'Object Repository/06-Teams/button_GG Automation' is clicked on

2022-10-28 16:54:46 - [TEST_STEP][PASSED] - delay(4): Delayed 4 second(s)

2022-10-28 16:54:50 - [MESSAGE][PASSED] - Delayed 4 second(s)

2022-10-28 16:54:50 - [TEST_STEP][PASSED] - verifyElementVisible(findTestObject("06-Teams/span_GG Automation")): Object 'Object Repository/06-Teams/span_GG Automation' is visible

2022-10-28 16:54:50 - [MESSAGE][PASSED] - Object 'Object Repository/06-Teams/span_GG Automation' is visible

2022-10-28 16:54:50 - [TEST_STEP][PASSED] - delay(10): Delayed 10 second(s)

2022-10-28 16:55:00 - [MESSAGE][PASSED] - Delayed 10 second(s)

2022-10-28 16:55:00 - [TEST_STEP][PASSED] - click(findTestObject("03-Header Menu/Hamburger Button/div_Settings")): Object: 'Object Repository/03-Header Menu/Hamburger Button/div_Settings' is clicked on

2022-10-28 16:55:01 - [MESSAGE][PASSED] - Object: 'Object Repository/03-Header Menu/Hamburger Button/div_Settings' is clicked on

2022-10-28 16:55:01 - [TEST_STEP][PASSED] - delay(3): Delayed 3 second(s)

2022-10-28 16:55:04 - [MESSAGE][PASSED] - Delayed 3 second(s)

2022-10-28 16:55:04 - [TEST_STEP][PASSED] - click(findTestObject("09-Settings/Users/div_Users")): Object: 'Object Repository/09-Settings/Users/div_Users' is clicked on

2022-10-28 16:55:04 - [MESSAGE][PASSED] - Object: 'Object Repository/09-Settings/Users/div_Users' is clicked on

2022-10-28 16:55:04 - [TEST_STEP][PASSED] - delay(3): Delayed 3 second(s)

2022-10-28 16:55:07 - [MESSAGE][PASSED] - Delayed 3 second(s)

2022-10-28 16:55:07 - [TEST_STEP][PASSED] - click(findTestObject("09-Settings/Users/button_add")): Object: 'Object Repository/09-Settings/Users/button_add' is clicked on

2022-10-28 16:55:08 - [MESSAGE][PASSED] - Object: 'Object Repository/09-Settings/Users/button_add' is clicked on

2022-10-28 16:55:08 - [TEST_STEP][PASSED] - delay(3): Delayed 3 second(s)

2022-10-28 16:55:11 - [MESSAGE][PASSED] - Delayed 3 second(s)

2022-10-28 16:55:11 - [TEST_STEP][PASSED] - click(findTestObject("09-Settings/Users/add Invite a single user")): Object: 'Object Repository/09-Settings/Users/add Invite a single user' is clicked on

2022-10-28 16:55:11 - [MESSAGE][PASSED] - Object: 'Object Repository/09-Settings/Users/add Invite a single user' is clicked on

2022-10-28 16:55:11 - [TEST_STEP][PASSED] - delay(3): Delayed 3 second(s)

2022-10-28 16:55:14 - [MESSAGE][PASSED] - Delayed 3 second(s)

2022-10-28 16:55:14 - [TEST_STEP][PASSED] - setText(findTestObject("09-Settings/Users/input_email"), "autotester10@mailinator.com"): Text 'autotester10@mailinator.com' is set on object 'Object Repository/09-Settings/Users/input_email'

2022-10-28 16:55:15 - [MESSAGE][PASSED] - Text 'autotester10@mailinator.com' is set on object 'Object Repository/09-Settings/Users/input_email'

2022-10-28 16:55:15 - [TEST_STEP][PASSED] - setText(findTestObject("09-Settings/Users/input_firstName"), "GG"): Text 'GG' is set on object 'Object Repository/09-Settings/Users/input_firstName'

2022-10-28 16:55:16 - [MESSAGE][PASSED] - Text 'GG' is set on object 'Object Repository/09-Settings/Users/input_firstName'

2022-10-28 16:55:16 - [TEST_STEP][PASSED] - setText(findTestObject("09-Settings/Users/input_lastName"), "Partner"): Text 'Partner' is set on object 'Object Repository/09-Settings/Users/input_lastName'

2022-10-28 16:55:17 - [MESSAGE][PASSED] - Text 'Partner' is set on object 'Object Repository/09-Settings/Users/input_lastName'

2022-10-28 16:55:17 - [TEST_STEP][PASSED] - click(findTestObject("09-Settings/Users/span_Role")): Object: 'Object Repository/09-Settings/Users/span_Role' is clicked on

2022-10-28 16:55:17 - [MESSAGE][PASSED] - Object: 'Object Repository/09-Settings/Users/span_Role' is clicked on

2022-10-28 16:55:17 - [TEST_STEP][PASSED] - click(findTestObject("09-Settings/Users/span_Partner")): Object: 'Object Repository/09-Settings/Users/span_Partner' is clicked on

2022-10-28 16:55:18 - [MESSAGE][PASSED] - Object: 'Object Repository/09-Settings/Users/span_Partner' is clicked on

2022-10-28 16:55:18 - [TEST_STEP][PASSED] - click(findTestObject("09-Settings/Users/button_Send Invitation")): Object: 'Object Repository/09-Settings/Users/button_Send Invitation' is clicked on

2022-10-28 16:55:19 - [MESSAGE][PASSED] - Object: 'Object Repository/09-Settings/Users/button_Send Invitation' is clicked on

2022-10-28 16:55:19 - [TEST_STEP][PASSED] - delay(2): Delayed 2 second(s)

2022-10-28 16:55:21 - [MESSAGE][PASSED] - Delayed 2 second(s)

2022-10-28 16:55:21 - [TEST_STEP][PASSED] - verifyElementVisible(findTestObject("07-Directory/Connections/zContact Profile/Successfully invited user")): Object 'Object Repository/07-Directory/Connections/zContact Profile/Successfully invited user' is visible

2022-10-28 16:55:22 - [MESSAGE][PASSED] - Object 'Object Repository/07-Directory/Connections/zContact Profile/Successfully invited user' is visible

2022-10-28 16:55:22 - [TEST_STEP][PASSED] - delay(2): Delayed 2 second(s)

2022-10-28 16:55:24 - [MESSAGE][PASSED] - Delayed 2 second(s)

2022-10-28 16:55:24 - [TEST_STEP][PASSED] - click(findTestObject("01-Login and Forgot Password/User menu drop")): Object: 'Object Repository/01-Login and Forgot Password/User menu drop' is clicked on

2022-10-28 16:55:25 - [MESSAGE][PASSED] - Object: 'Object Repository/01-Login and Forgot Password/User menu drop' is clicked on

2022-10-28 16:55:25 - [TEST_STEP][PASSED] - delay(2): Delayed 2 second(s)

2022-10-28 16:55:27 - [MESSAGE][PASSED] - Delayed 2 second(s)

2022-10-28 16:55:27 - [TEST_STEP][PASSED] - click(findTestObject("01-Login and Forgot Password/h4_Sign Out"), STOP_ON_FAILURE): Object: 'Object Repository/01-Login and Forgot Password/h4_Sign Out' is clicked on

2022-10-28 16:55:27 - [MESSAGE][PASSED] - Object: 'Object Repository/01-Login and Forgot Password/h4_Sign Out' is clicked on

2022-10-28 16:55:27 - [TEST_STEP][PASSED] - delay(2): Delayed 2 second(s)

2022-10-28 16:55:29 - [MESSAGE][PASSED] - Delayed 2 second(s)

2022-10-28 16:55:29 - [TEST_STEP][PASSED] - verifyElementPresent(findTestObject("01-Login and Forgot Password/Login_Card"), 0): Object 'Object Repository/01-Login and Forgot Password/Login_Card' is present

2022-10-28 16:55:29 - [MESSAGE][WARNING] - Timeout '0' is invalid. Using default page load timeout: '30'

2022-10-28 16:55:29 - [MESSAGE][PASSED] - Object 'Object Repository/01-Login and Forgot Password/Login_Card' is present

2022-10-28 16:55:29 - [TEST_STEP][PASSED] - delay(3): Delayed 3 second(s)

2022-10-28 16:55:32 - [MESSAGE][PASSED] - Delayed 3 second(s)

2022-10-28 16:55:32 - [TEST_STEP][PASSED] - closeBrowser(): Browser is closed

2022-10-28 16:55:33 - [MESSAGE][PASSED] - Browser is closed

2022-10-28 16:55:33 - [TEST_STEP][PASSED] - openBrowser(""): Browser is opened with url: ''

2022-10-28 16:55:33 - [MESSAGE][INFO] - Starting 'Chrome' driver

2022-10-28 16:55:33 - [MESSAGE][INFO] - Action delay is set to 0 milliseconds

2022-10-28 16:55:34 - [MESSAGE][PASSED] - Browser is opened with url: ''

2022-10-28 16:55:34 - [TEST_STEP][PASSED] - navigateToUrl("https://lab.everleagues.com/"): Navigate to 'https://lab.everleagues.com/' successfully

2022-10-28 16:55:49 - [MESSAGE][PASSED] - Navigate to 'https://lab.everleagues.com/' successfully

2022-10-28 16:55:49 - [TEST_STEP][PASSED] - maximizeWindow(): Current window maximized

2022-10-28 16:55:49 - [MESSAGE][PASSED] - Current window maximized

2022-10-28 16:55:49 - [TEST_STEP][PASSED] - setText(findTestObject("02-Side Icons(Organization)/Add Contact/Email Field"), "autotester10@mailinator.com"): Text 'autotester10@mailinator.com' is set on object 'Object Repository/02-Side Icons(Organization)/Add Contact/Email Field'

2022-10-28 16:55:50 - [MESSAGE][PASSED] - Text 'autotester10@mailinator.com' is set on object 'Object Repository/02-Side Icons(Organization)/Add Contact/Email Field'

2022-10-28 16:55:50 - [TEST_STEP][PASSED] - setEncryptedText(findTestObject("02-Side Icons(Organization)/Add Contact/Password Field"), "8yFRyszE6U6jvsCn51OQbg=="): Text ****** has been set on object 'Object Repository/02-Side Icons(Organization)/Add Contact/Password Field'

2022-10-28 16:55:50 - [MESSAGE][PASSED] - Text ****** has been set on object 'Object Repository/02-Side Icons(Organization)/Add Contact/Password Field'

2022-10-28 16:55:50 - [TEST_STEP][PASSED] - click(findTestObject("02-Side Icons(Organization)/Add Contact/button_Sign in")): Object: 'Object Repository/02-Side Icons(Organization)/Add Contact/button_Sign in' is clicked on

2022-10-28 16:55:51 - [MESSAGE][PASSED] - Object: 'Object Repository/02-Side Icons(Organization)/Add Contact/button_Sign in' is clicked on

2022-10-28 16:55:51 - [TEST_STEP][PASSED] - delay(2): Delayed 2 second(s)

2022-10-28 16:55:53 - [MESSAGE][PASSED] - Delayed 2 second(s)

2022-10-28 16:55:53 - [TEST_STEP][PASSED] - click(findTestObject("06-Teams/For 2FA/button_Confirm_2FA")): Object: 'Object Repository/06-Teams/For 2FA/button_Confirm_2FA' is clicked on

2022-10-28 16:55:54 - [MESSAGE][PASSED] - Object: 'Object Repository/06-Teams/For 2FA/button_Confirm_2FA' is clicked on

2022-10-28 16:55:54 - [TEST_STEP][PASSED] - executeJavaScript("window.open();", []): Execute JavaScript 'window.open();' successfully

2022-10-28 16:55:54 - [MESSAGE][PASSED] - Execute JavaScript 'window.open();' successfully

2022-10-28 16:55:54 - [TEST_STEP][PASSED] - currentWindow = getWindowIndex(): Current window's index is: 0

2022-10-28 16:55:54 - [MESSAGE][PASSED] - Current window's index is: 0

2022-10-28 16:55:54 - [TEST_STEP][PASSED] - delay(3): Delayed 3 second(s)

2022-10-28 16:55:57 - [MESSAGE][PASSED] - Delayed 3 second(s)

2022-10-28 16:55:57 - [TEST_STEP][PASSED] - switchToWindowIndex(currentWindow + 1): Switched to window with index: '1'

2022-10-28 16:55:57 - [MESSAGE][PASSED] - Switched to window with index: '1'

2022-10-28 16:55:57 - [TEST_STEP][PASSED] - navigateToUrl("https://www.mailinator.com/"): Navigate to 'https://www.mailinator.com/' successfully

2022-10-28 16:55:59 - [MESSAGE][PASSED] - Navigate to 'https://www.mailinator.com/' successfully

2022-10-28 16:55:59 - [TEST_STEP][PASSED] - delay(3): Delayed 3 second(s)

2022-10-28 16:56:02 - [MESSAGE][PASSED] - Delayed 3 second(s)

2022-10-28 16:56:02 - [TEST_STEP][PASSED] - setText(findTestObject("00-Signup and Activation/zMailinator/input_LOGIN_search"), "autotester10@mailinator.com"): Text 'autotester10@mailinator.com' is set on object 'Object Repository/00-Signup and Activation/zMailinator/input_LOGIN_search'

2022-10-28 16:56:02 - [MESSAGE][PASSED] - Text 'autotester10@mailinator.com' is set on object 'Object Repository/00-Signup and Activation/zMailinator/input_LOGIN_search'

2022-10-28 16:56:02 - [TEST_STEP][PASSED] - click(findTestObject("00-Signup and Activation/zMailinator/gobutton"), STOP_ON_FAILURE): Object: 'Object Repository/00-Signup and Activation/zMailinator/gobutton' is clicked on

2022-10-28 16:56:04 - [MESSAGE][PASSED] - Object: 'Object Repository/00-Signup and Activation/zMailinator/gobutton' is clicked on

2022-10-28 16:56:04 - [TEST_STEP][PASSED] - delay(3): Delayed 3 second(s)

2022-10-28 16:56:07 - [MESSAGE][PASSED] - Delayed 3 second(s)

2022-10-28 16:56:07 - [TEST_STEP][PASSED] - click(findTestObject("00-Signup and Activation/zMailinator/Email - everleagues")): Object: 'Object Repository/00-Signup and Activation/zMailinator/Email - everleagues' is clicked on

2022-10-28 16:56:08 - [MESSAGE][PASSED] - Object: 'Object Repository/00-Signup and Activation/zMailinator/Email - everleagues' is clicked on

2022-10-28 16:56:08 - [TEST_STEP][PASSED] - delay(3): Delayed 3 second(s)

2022-10-28 16:56:11 - [MESSAGE][PASSED] - Delayed 3 second(s)

2022-10-28 16:56:11 - [TEST_STEP][PASSED] - codetwo = getText(findTestObject("Object Repository/06-Teams/For 2FA/2FA code")): Text of object 'Object Repository/06-Teams/For 2FA/2FA code' is: '554422'

2022-10-28 16:56:11 - [MESSAGE][PASSED] - Text of object 'Object Repository/06-Teams/For 2FA/2FA code' is: '554422'

2022-10-28 16:56:11 - [TEST_STEP][PASSED] - delay(3): Delayed 3 second(s)

2022-10-28 16:56:14 - [MESSAGE][PASSED] - Delayed 3 second(s)

2022-10-28 16:56:14 - [TEST_STEP][PASSED] - closeWindowTitle("Mailinator"): Window with title: 'Mailinator' is closed

2022-10-28 16:56:14 - [MESSAGE][PASSED] - Window with title: 'Mailinator' is closed

2022-10-28 16:56:14 - [TEST_STEP][PASSED] - delay(3): Delayed 3 second(s)

2022-10-28 16:56:17 - [MESSAGE][PASSED] - Delayed 3 second(s)

2022-10-28 16:56:17 - [TEST_STEP][PASSED] - switchToWindowIndex(0): Switched to window with index: '0'

2022-10-28 16:56:17 - [MESSAGE][PASSED] - Switched to window with index: '0'

2022-10-28 16:56:17 - [TEST_STEP][PASSED] - delay(3): Delayed 3 second(s)

2022-10-28 16:56:20 - [MESSAGE][PASSED] - Delayed 3 second(s)

2022-10-28 16:56:20 - [TEST_STEP][PASSED] - setText(findTestObject("Object Repository/06-Teams/For 2FA/input_Enter verification code_code"), codetwo): Text '554422' is set on object 'Object Repository/06-Teams/For 2FA/input_Enter verification code_code'

2022-10-28 16:56:21 - [MESSAGE][PASSED] - Text '554422' is set on object 'Object Repository/06-Teams/For 2FA/input_Enter verification code_code'

2022-10-28 16:56:21 - [TEST_STEP][PASSED] - delay(3): Delayed 3 second(s)

2022-10-28 16:56:24 - [MESSAGE][PASSED] - Delayed 3 second(s)

2022-10-28 16:56:24 - [TEST_STEP][PASSED] - click(findTestObject("06-Teams/For 2FA/button_Verify_2FA")): Object: 'Object Repository/06-Teams/For 2FA/button_Verify_2FA' is clicked on

2022-10-28 16:56:25 - [MESSAGE][PASSED] - Object: 'Object Repository/06-Teams/For 2FA/button_Verify_2FA' is clicked on

2022-10-28 16:56:25 - [TEST_STEP][PASSED] - delay(5): Delayed 5 second(s)

2022-10-28 16:56:30 - [MESSAGE][PASSED] - Delayed 5 second(s)

2022-10-28 16:56:30 - [TEST_STEP][PASSED] - executeJavaScript("window.open();", []): Execute JavaScript 'window.open();' successfully

2022-10-28 16:56:30 - [MESSAGE][PASSED] - Execute JavaScript 'window.open();' successfully

2022-10-28 16:56:30 - [TEST_STEP][PASSED] - currentWindow = getWindowIndex(): Current window's index is: 0

2022-10-28 16:56:30 - [MESSAGE][PASSED] - Current window's index is: 0

2022-10-28 16:56:30 - [TEST_STEP][PASSED] - delay(3): Delayed 3 second(s)

2022-10-28 16:56:33 - [MESSAGE][PASSED] - Delayed 3 second(s)

2022-10-28 16:56:33 - [TEST_STEP][PASSED] - switchToWindowIndex(currentWindow + 1): Switched to window with index: '1'

2022-10-28 16:56:33 - [MESSAGE][PASSED] - Switched to window with index: '1'

2022-10-28 16:56:33 - [TEST_STEP][PASSED] - navigateToUrl("https://www.mailinator.com/"): Navigate to 'https://www.mailinator.com/' successfully

2022-10-28 16:56:34 - [MESSAGE][PASSED] - Navigate to 'https://www.mailinator.com/' successfully

2022-10-28 16:56:34 - [TEST_STEP][PASSED] - delay(3): Delayed 3 second(s)

2022-10-28 16:56:37 - [MESSAGE][PASSED] - Delayed 3 second(s)

2022-10-28 16:56:37 - [TEST_STEP][PASSED] - setText(findTestObject("00-Signup and Activation/zMailinator/input_LOGIN_search"), "autotester10@mailinator.com"): Text 'autotester10@mailinator.com' is set on object 'Object Repository/00-Signup and Activation/zMailinator/input_LOGIN_search'

2022-10-28 16:56:38 - [MESSAGE][PASSED] - Text 'autotester10@mailinator.com' is set on object 'Object Repository/00-Signup and Activation/zMailinator/input_LOGIN_search'

2022-10-28 16:56:38 - [TEST_STEP][PASSED] - click(findTestObject("00-Signup and Activation/zMailinator/gobutton"), STOP_ON_FAILURE): Object: 'Object Repository/00-Signup and Activation/zMailinator/gobutton' is clicked on

2022-10-28 16:56:39 - [MESSAGE][PASSED] - Object: 'Object Repository/00-Signup and Activation/zMailinator/gobutton' is clicked on

2022-10-28 16:56:39 - [TEST_STEP][PASSED] - delay(3): Delayed 3 second(s)

2022-10-28 16:56:42 - [MESSAGE][PASSED] - Delayed 3 second(s)

2022-10-28 16:56:42 - [TEST_STEP][PASSED] - closeWindowTitle("Everleagues"): Window with title: 'Everleagues' is closed

2022-10-28 16:56:42 - [MESSAGE][PASSED] - Window with title: 'Everleagues' is closed

2022-10-28 16:56:42 - [TEST_STEP][PASSED] - switchToWindowIndex(0): Switched to window with index: '0'

2022-10-28 16:56:42 - [MESSAGE][PASSED] - Switched to window with index: '0'

2022-10-28 16:56:42 - [TEST_STEP][PASSED] - click(findTestObject("09-Settings/Users/Co worker/td_Invitation from GG Automation")): Object: 'Object Repository/09-Settings/Users/Co worker/td_Invitation from GG Automation' is clicked on

2022-10-28 16:56:42 - [MESSAGE][PASSED] - Object: 'Object Repository/09-Settings/Users/Co worker/td_Invitation from GG Automation' is clicked on

2022-10-28 16:56:42 - [TEST_STEP][PASSED] - click(findTestObject("09-Settings/Users/Co worker/a_Click here to join GG Automation on EverLeagues")): Object: 'Object Repository/09-Settings/Users/Co worker/a_Click here to join GG Automation on EverLeagues' is clicked on

2022-10-28 16:56:43 - [MESSAGE][PASSED] - Object: 'Object Repository/09-Settings/Users/Co worker/a_Click here to join GG Automation on EverLeagues' is clicked on

2022-10-28 16:56:43 - [TEST_STEP][PASSED] - closeWindowTitle("Mailinator"): Window with title: 'Mailinator' is closed

2022-10-28 16:56:44 - [MESSAGE][PASSED] - Window with title: 'Mailinator' is closed

2022-10-28 16:56:44 - [TEST_STEP][PASSED] - switchToWindowIndex(0): Switched to window with index: '0'

2022-10-28 16:56:44 - [MESSAGE][PASSED] - Switched to window with index: '0'

2022-10-28 16:56:44 - [TEST_STEP][PASSED] - verifyElementVisible(findTestObject("09-Settings/Users/Client/Invite modal")): Object 'Object Repository/09-Settings/Users/Client/Invite modal' is visible

2022-10-28 16:56:49 - [MESSAGE][PASSED] - Object 'Object Repository/09-Settings/Users/Client/Invite modal' is visible

2022-10-28 16:56:49 - [TEST_STEP][PASSED] - setText(findTestObject("09-Settings/Users/Client/Company field"), "QA Company"): Text 'QA Company' is set on object 'Object Repository/09-Settings/Users/Client/Company field'

2022-10-28 16:56:50 - [MESSAGE][PASSED] - Text 'QA Company' is set on object 'Object Repository/09-Settings/Users/Client/Company field'

2022-10-28 16:56:50 - [TEST_STEP][PASSED] - click(findTestObject("09-Settings/Users/Client/button_Accept")): Object: 'Object Repository/09-Settings/Users/Client/button_Accept' is clicked on

2022-10-28 16:56:50 - [MESSAGE][PASSED] - Object: 'Object Repository/09-Settings/Users/Client/button_Accept' is clicked on

2022-10-28 16:56:50 - [TEST_STEP][PASSED] - delay(10): Delayed 10 second(s)

2022-10-28 16:57:00 - [MESSAGE][PASSED] - Delayed 10 second(s)

2022-10-28 16:57:00 - [TEST_STEP][PASSED] - verifyElementVisible(findTestObject("09-Settings/Users/div_Joined as Partner")): Object 'Object Repository/09-Settings/Users/div_Joined as Partner' is visible

2022-10-28 16:57:01 - [MESSAGE][PASSED] - Object 'Object Repository/09-Settings/Users/div_Joined as Partner' is visible

2022-10-28 16:57:01 - [TEST_STEP][PASSED] - delay(3): Delayed 3 second(s)

2022-10-28 16:57:04 - [MESSAGE][PASSED] - Delayed 3 second(s)

2022-10-28 16:57:04 - [TEST_STEP][PASSED] - closeBrowser(): Browser is closed

2022-10-28 16:57:04 - [MESSAGE][PASSED] - Browser is closed]]></system-out>
         <system-err><![CDATA[]]></system-err>
      </testcase>
      <testcase name="Test Cases/09-Settings/05 - Users (Invite batch of users via CSV file)" time="170.28" classname="Test Cases/09-Settings/05 - Users (Invite batch of users via CSV file)" status="PASSED">
         <system-out><![CDATA[2022-10-28 16:57:04 - [TEST_CASE][PASSED] - Test Cases/09-Settings/05 - Users (Invite batch of users via CSV file): Test Cases/09-Settings/05 - Users (Invite batch of users via CSV file)

2022-10-28 16:57:05 - [TEST_STEP][PASSED] - openBrowser(""): Browser is opened with url: ''

2022-10-28 16:57:05 - [MESSAGE][INFO] - Starting 'Chrome' driver

2022-10-28 16:57:05 - [MESSAGE][INFO] - Action delay is set to 0 milliseconds

2022-10-28 16:57:06 - [MESSAGE][PASSED] - Browser is opened with url: ''

2022-10-28 16:57:06 - [TEST_STEP][PASSED] - navigateToUrl("https://lab.everleagues.com/"): Navigate to 'https://lab.everleagues.com/' successfully

2022-10-28 16:58:18 - [MESSAGE][PASSED] - Navigate to 'https://lab.everleagues.com/' successfully

2022-10-28 16:58:18 - [TEST_STEP][PASSED] - maximizeWindow(): Current window maximized

2022-10-28 16:58:18 - [MESSAGE][PASSED] - Current window maximized

2022-10-28 16:58:18 - [TEST_STEP][PASSED] - setText(findTestObject("02-Side Icons(Organization)/Add Contact/Email Field"), "testuser02@mailinator.com"): Text 'testuser02@mailinator.com' is set on object 'Object Repository/02-Side Icons(Organization)/Add Contact/Email Field'

2022-10-28 16:58:19 - [MESSAGE][PASSED] - Text 'testuser02@mailinator.com' is set on object 'Object Repository/02-Side Icons(Organization)/Add Contact/Email Field'

2022-10-28 16:58:19 - [TEST_STEP][PASSED] - setEncryptedText(findTestObject("02-Side Icons(Organization)/Add Contact/Password Field"), "8yFRyszE6U6jvsCn51OQbg=="): Text ****** has been set on object 'Object Repository/02-Side Icons(Organization)/Add Contact/Password Field'

2022-10-28 16:58:19 - [MESSAGE][PASSED] - Text ****** has been set on object 'Object Repository/02-Side Icons(Organization)/Add Contact/Password Field'

2022-10-28 16:58:19 - [TEST_STEP][PASSED] - click(findTestObject("02-Side Icons(Organization)/Add Contact/button_Sign in")): Object: 'Object Repository/02-Side Icons(Organization)/Add Contact/button_Sign in' is clicked on

2022-10-28 16:58:20 - [MESSAGE][PASSED] - Object: 'Object Repository/02-Side Icons(Organization)/Add Contact/button_Sign in' is clicked on

2022-10-28 16:58:20 - [TEST_STEP][PASSED] - delay(2): Delayed 2 second(s)

2022-10-28 16:58:22 - [MESSAGE][PASSED] - Delayed 2 second(s)

2022-10-28 16:58:22 - [TEST_STEP][PASSED] - click(findTestObject("06-Teams/For 2FA/button_Confirm_2FA")): Object: 'Object Repository/06-Teams/For 2FA/button_Confirm_2FA' is clicked on

2022-10-28 16:58:22 - [MESSAGE][PASSED] - Object: 'Object Repository/06-Teams/For 2FA/button_Confirm_2FA' is clicked on

2022-10-28 16:58:22 - [TEST_STEP][PASSED] - executeJavaScript("window.open();", []): Execute JavaScript 'window.open();' successfully

2022-10-28 16:58:22 - [MESSAGE][PASSED] - Execute JavaScript 'window.open();' successfully

2022-10-28 16:58:22 - [TEST_STEP][PASSED] - currentWindow = getWindowIndex(): Current window's index is: 0

2022-10-28 16:58:22 - [MESSAGE][PASSED] - Current window's index is: 0

2022-10-28 16:58:22 - [TEST_STEP][PASSED] - delay(3): Delayed 3 second(s)

2022-10-28 16:58:25 - [MESSAGE][PASSED] - Delayed 3 second(s)

2022-10-28 16:58:25 - [TEST_STEP][PASSED] - switchToWindowIndex(currentWindow + 1): Switched to window with index: '1'

2022-10-28 16:58:25 - [MESSAGE][PASSED] - Switched to window with index: '1'

2022-10-28 16:58:25 - [TEST_STEP][PASSED] - navigateToUrl("https://www.mailinator.com/"): Navigate to 'https://www.mailinator.com/' successfully

2022-10-28 16:58:27 - [MESSAGE][PASSED] - Navigate to 'https://www.mailinator.com/' successfully

2022-10-28 16:58:27 - [TEST_STEP][PASSED] - delay(3): Delayed 3 second(s)

2022-10-28 16:58:30 - [MESSAGE][PASSED] - Delayed 3 second(s)

2022-10-28 16:58:30 - [TEST_STEP][PASSED] - setText(findTestObject("00-Signup and Activation/zMailinator/input_LOGIN_search"), "testuser02@mailinator.com"): Text 'testuser02@mailinator.com' is set on object 'Object Repository/00-Signup and Activation/zMailinator/input_LOGIN_search'

2022-10-28 16:58:31 - [MESSAGE][PASSED] - Text 'testuser02@mailinator.com' is set on object 'Object Repository/00-Signup and Activation/zMailinator/input_LOGIN_search'

2022-10-28 16:58:31 - [TEST_STEP][PASSED] - click(findTestObject("00-Signup and Activation/zMailinator/gobutton"), STOP_ON_FAILURE): Object: 'Object Repository/00-Signup and Activation/zMailinator/gobutton' is clicked on

2022-10-28 16:58:32 - [MESSAGE][PASSED] - Object: 'Object Repository/00-Signup and Activation/zMailinator/gobutton' is clicked on

2022-10-28 16:58:32 - [TEST_STEP][PASSED] - delay(3): Delayed 3 second(s)

2022-10-28 16:58:35 - [MESSAGE][PASSED] - Delayed 3 second(s)

2022-10-28 16:58:35 - [TEST_STEP][PASSED] - click(findTestObject("00-Signup and Activation/zMailinator/Email - everleagues")): Object: 'Object Repository/00-Signup and Activation/zMailinator/Email - everleagues' is clicked on

2022-10-28 16:58:36 - [MESSAGE][PASSED] - Object: 'Object Repository/00-Signup and Activation/zMailinator/Email - everleagues' is clicked on

2022-10-28 16:58:36 - [TEST_STEP][PASSED] - delay(3): Delayed 3 second(s)

2022-10-28 16:58:39 - [MESSAGE][PASSED] - Delayed 3 second(s)

2022-10-28 16:58:39 - [TEST_STEP][PASSED] - code = getText(findTestObject("Object Repository/06-Teams/For 2FA/2FA code")): Text of object 'Object Repository/06-Teams/For 2FA/2FA code' is: '362527'

2022-10-28 16:58:39 - [MESSAGE][PASSED] - Text of object 'Object Repository/06-Teams/For 2FA/2FA code' is: '362527'

2022-10-28 16:58:39 - [TEST_STEP][PASSED] - delay(3): Delayed 3 second(s)

2022-10-28 16:58:42 - [MESSAGE][PASSED] - Delayed 3 second(s)

2022-10-28 16:58:42 - [TEST_STEP][PASSED] - closeWindowTitle("Mailinator"): Window with title: 'Mailinator' is closed

2022-10-28 16:58:42 - [MESSAGE][PASSED] - Window with title: 'Mailinator' is closed

2022-10-28 16:58:42 - [TEST_STEP][PASSED] - delay(3): Delayed 3 second(s)

2022-10-28 16:58:45 - [MESSAGE][PASSED] - Delayed 3 second(s)

2022-10-28 16:58:45 - [TEST_STEP][PASSED] - switchToWindowIndex(0): Switched to window with index: '0'

2022-10-28 16:58:45 - [MESSAGE][PASSED] - Switched to window with index: '0'

2022-10-28 16:58:45 - [TEST_STEP][PASSED] - delay(3): Delayed 3 second(s)

2022-10-28 16:58:48 - [MESSAGE][PASSED] - Delayed 3 second(s)

2022-10-28 16:58:48 - [TEST_STEP][PASSED] - setText(findTestObject("Object Repository/06-Teams/For 2FA/input_Enter verification code_code"), code): Text '362527' is set on object 'Object Repository/06-Teams/For 2FA/input_Enter verification code_code'

2022-10-28 16:58:49 - [MESSAGE][PASSED] - Text '362527' is set on object 'Object Repository/06-Teams/For 2FA/input_Enter verification code_code'

2022-10-28 16:58:49 - [TEST_STEP][PASSED] - delay(3): Delayed 3 second(s)

2022-10-28 16:58:52 - [MESSAGE][PASSED] - Delayed 3 second(s)

2022-10-28 16:58:52 - [TEST_STEP][PASSED] - click(findTestObject("06-Teams/For 2FA/button_Verify_2FA")): Object: 'Object Repository/06-Teams/For 2FA/button_Verify_2FA' is clicked on

2022-10-28 16:58:53 - [MESSAGE][PASSED] - Object: 'Object Repository/06-Teams/For 2FA/button_Verify_2FA' is clicked on

2022-10-28 16:58:53 - [TEST_STEP][PASSED] - delay(5): Delayed 5 second(s)

2022-10-28 16:58:58 - [MESSAGE][PASSED] - Delayed 5 second(s)

2022-10-28 16:58:58 - [TEST_STEP][PASSED] - click(findTestObject("06-Teams/button_doublearrow")): Object: 'Object Repository/06-Teams/button_doublearrow' is clicked on

2022-10-28 16:58:58 - [MESSAGE][PASSED] - Object: 'Object Repository/06-Teams/button_doublearrow' is clicked on

2022-10-28 16:58:58 - [TEST_STEP][PASSED] - click(findTestObject("06-Teams/button_My Organizations")): Object: 'Object Repository/06-Teams/button_My Organizations' is clicked on

2022-10-28 16:58:59 - [MESSAGE][PASSED] - Object: 'Object Repository/06-Teams/button_My Organizations' is clicked on

2022-10-28 16:58:59 - [TEST_STEP][PASSED] - click(findTestObject("06-Teams/button_GG Automation")): Object: 'Object Repository/06-Teams/button_GG Automation' is clicked on

2022-10-28 16:59:00 - [MESSAGE][PASSED] - Object: 'Object Repository/06-Teams/button_GG Automation' is clicked on

2022-10-28 16:59:00 - [TEST_STEP][PASSED] - delay(4): Delayed 4 second(s)

2022-10-28 16:59:04 - [MESSAGE][PASSED] - Delayed 4 second(s)

2022-10-28 16:59:04 - [TEST_STEP][PASSED] - verifyElementVisible(findTestObject("06-Teams/span_GG Automation")): Object 'Object Repository/06-Teams/span_GG Automation' is visible

2022-10-28 16:59:04 - [MESSAGE][PASSED] - Object 'Object Repository/06-Teams/span_GG Automation' is visible

2022-10-28 16:59:04 - [TEST_STEP][PASSED] - delay(10): Delayed 10 second(s)

2022-10-28 16:59:14 - [MESSAGE][PASSED] - Delayed 10 second(s)

2022-10-28 16:59:14 - [TEST_STEP][PASSED] - click(findTestObject("03-Header Menu/Hamburger Button/div_Settings")): Object: 'Object Repository/03-Header Menu/Hamburger Button/div_Settings' is clicked on

2022-10-28 16:59:14 - [MESSAGE][PASSED] - Object: 'Object Repository/03-Header Menu/Hamburger Button/div_Settings' is clicked on

2022-10-28 16:59:14 - [TEST_STEP][PASSED] - delay(3): Delayed 3 second(s)

2022-10-28 16:59:17 - [MESSAGE][PASSED] - Delayed 3 second(s)

2022-10-28 16:59:17 - [TEST_STEP][PASSED] - click(findTestObject("09-Settings/Users/div_Users")): Object: 'Object Repository/09-Settings/Users/div_Users' is clicked on

2022-10-28 16:59:18 - [MESSAGE][PASSED] - Object: 'Object Repository/09-Settings/Users/div_Users' is clicked on

2022-10-28 16:59:18 - [TEST_STEP][PASSED] - delay(3): Delayed 3 second(s)

2022-10-28 16:59:21 - [MESSAGE][PASSED] - Delayed 3 second(s)

2022-10-28 16:59:21 - [TEST_STEP][PASSED] - click(findTestObject("09-Settings/Users/button_add")): Object: 'Object Repository/09-Settings/Users/button_add' is clicked on

2022-10-28 16:59:21 - [MESSAGE][PASSED] - Object: 'Object Repository/09-Settings/Users/button_add' is clicked on

2022-10-28 16:59:21 - [TEST_STEP][PASSED] - delay(3): Delayed 3 second(s)

2022-10-28 16:59:24 - [MESSAGE][PASSED] - Delayed 3 second(s)

2022-10-28 16:59:24 - [TEST_STEP][PASSED] - click(findTestObject("09-Settings/Users/Invite batch of users via CSV file")): Object: 'Object Repository/09-Settings/Users/Invite batch of users via CSV file' is clicked on

2022-10-28 16:59:25 - [MESSAGE][PASSED] - Object: 'Object Repository/09-Settings/Users/Invite batch of users via CSV file' is clicked on

2022-10-28 16:59:25 - [TEST_STEP][PASSED] - verifyElementVisible(findTestObject("09-Settings/Users/CSV Invite/Import CSV File modal")): Object 'Object Repository/09-Settings/Users/CSV Invite/Import CSV File modal' is visible

2022-10-28 16:59:26 - [MESSAGE][PASSED] - Object 'Object Repository/09-Settings/Users/CSV Invite/Import CSV File modal' is visible

2022-10-28 16:59:26 - [TEST_STEP][PASSED] - verifyElementNotClickable(findTestObject("09-Settings/Users/CSV Invite/button_Import")): Object 'Object Repository/09-Settings/Users/CSV Invite/button_Import' is NOT clickable

2022-10-28 16:59:26 - [MESSAGE][PASSED] - Object 'Object Repository/09-Settings/Users/CSV Invite/button_Import' is NOT clickable

2022-10-28 16:59:26 - [TEST_STEP][PASSED] - delay(3): Delayed 3 second(s)

2022-10-28 16:59:29 - [MESSAGE][PASSED] - Delayed 3 second(s)

2022-10-28 16:59:29 - [TEST_STEP][PASSED] - uploadpackage.Upload.uploadFile(findTestObject("Object Repository/09-Settings/Users/CSV Invite/button_Choose File"), "C:\Users\User\Desktop\EL automation\sample csv.csv"): uploadpackage.Upload.uploadFile is PASSED

2022-10-28 16:59:29 - [MESSAGE][PASSED] - Object: 'Object Repository/09-Settings/Users/CSV Invite/button_Choose File' is clicked on

2022-10-28 16:59:30 - [MESSAGE][PASSED] - uploadpackage.Upload.uploadFile is PASSED

2022-10-28 16:59:30 - [TEST_STEP][PASSED] - delay(3): Delayed 3 second(s)

2022-10-28 16:59:33 - [MESSAGE][PASSED] - Delayed 3 second(s)

2022-10-28 16:59:33 - [TEST_STEP][PASSED] - verifyElementVisible(findTestObject("09-Settings/Users/CSV Invite/div_Sample csv.csv")): Object 'Object Repository/09-Settings/Users/CSV Invite/div_Sample csv.csv' is visible

2022-10-28 16:59:33 - [MESSAGE][PASSED] - Object 'Object Repository/09-Settings/Users/CSV Invite/div_Sample csv.csv' is visible

2022-10-28 16:59:33 - [TEST_STEP][PASSED] - click(findTestObject("09-Settings/Users/CSV Invite/button_Import")): Object: 'Object Repository/09-Settings/Users/CSV Invite/button_Import' is clicked on

2022-10-28 16:59:33 - [MESSAGE][PASSED] - Object: 'Object Repository/09-Settings/Users/CSV Invite/button_Import' is clicked on

2022-10-28 16:59:33 - [TEST_STEP][PASSED] - delay(10): Delayed 10 second(s)

2022-10-28 16:59:43 - [MESSAGE][PASSED] - Delayed 10 second(s)

2022-10-28 16:59:43 - [TEST_STEP][PASSED] - verifyElementVisible(findTestObject("09-Settings/Users/CSV Invite/Success import modal")): Object 'Object Repository/09-Settings/Users/CSV Invite/Success import modal' is visible

2022-10-28 16:59:44 - [MESSAGE][PASSED] - Object 'Object Repository/09-Settings/Users/CSV Invite/Success import modal' is visible

2022-10-28 16:59:44 - [TEST_STEP][PASSED] - click(findTestObject("09-Settings/Users/CSV Invite/button_Close")): Object: 'Object Repository/09-Settings/Users/CSV Invite/button_Close' is clicked on

2022-10-28 16:59:44 - [MESSAGE][PASSED] - Object: 'Object Repository/09-Settings/Users/CSV Invite/button_Close' is clicked on

2022-10-28 16:59:44 - [TEST_STEP][PASSED] - click(findTestObject("09-Settings/Users/CSV Invite/Invited Users tab")): Object: 'Object Repository/09-Settings/Users/CSV Invite/Invited Users tab' is clicked on

2022-10-28 16:59:45 - [MESSAGE][PASSED] - Object: 'Object Repository/09-Settings/Users/CSV Invite/Invited Users tab' is clicked on

2022-10-28 16:59:45 - [TEST_STEP][PASSED] - delay(3): Delayed 3 second(s)

2022-10-28 16:59:48 - [MESSAGE][PASSED] - Delayed 3 second(s)

2022-10-28 16:59:48 - [TEST_STEP][PASSED] - verifyElementVisible(findTestObject("09-Settings/Users/CSV Invite/div_CTCSV test3")): Object 'Object Repository/09-Settings/Users/CSV Invite/div_CTCSV test3' is visible

2022-10-28 16:59:48 - [MESSAGE][PASSED] - Object 'Object Repository/09-Settings/Users/CSV Invite/div_CTCSV test3' is visible

2022-10-28 16:59:48 - [TEST_STEP][PASSED] - verifyElementVisible(findTestObject("09-Settings/Users/CSV Invite/div_autotester08mailinator.com")): Object 'Object Repository/09-Settings/Users/CSV Invite/div_autotester08mailinator.com' is visible

2022-10-28 16:59:49 - [MESSAGE][PASSED] - Object 'Object Repository/09-Settings/Users/CSV Invite/div_autotester08mailinator.com' is visible

2022-10-28 16:59:49 - [TEST_STEP][PASSED] - verifyElementVisible(findTestObject("09-Settings/Users/CSV Invite/div_Partner")): Object 'Object Repository/09-Settings/Users/CSV Invite/div_Partner' is visible

2022-10-28 16:59:49 - [MESSAGE][PASSED] - Object 'Object Repository/09-Settings/Users/CSV Invite/div_Partner' is visible

2022-10-28 16:59:49 - [TEST_STEP][PASSED] - verifyElementVisible(findTestObject("09-Settings/Users/CSV Invite/div_CTCSV test2")): Object 'Object Repository/09-Settings/Users/CSV Invite/div_CTCSV test2' is visible

2022-10-28 16:59:49 - [MESSAGE][PASSED] - Object 'Object Repository/09-Settings/Users/CSV Invite/div_CTCSV test2' is visible

2022-10-28 16:59:49 - [TEST_STEP][PASSED] - verifyElementVisible(findTestObject("09-Settings/Users/CSV Invite/div_autotester07mailinator.com")): Object 'Object Repository/09-Settings/Users/CSV Invite/div_autotester07mailinator.com' is visible

2022-10-28 16:59:50 - [MESSAGE][PASSED] - Object 'Object Repository/09-Settings/Users/CSV Invite/div_autotester07mailinator.com' is visible

2022-10-28 16:59:50 - [TEST_STEP][PASSED] - verifyElementVisible(findTestObject("09-Settings/Users/CSV Invite/div_Client")): Object 'Object Repository/09-Settings/Users/CSV Invite/div_Client' is visible

2022-10-28 16:59:50 - [MESSAGE][PASSED] - Object 'Object Repository/09-Settings/Users/CSV Invite/div_Client' is visible

2022-10-28 16:59:50 - [TEST_STEP][PASSED] - verifyElementVisible(findTestObject("09-Settings/Users/CSV Invite/div_CTCSV test1")): Object 'Object Repository/09-Settings/Users/CSV Invite/div_CTCSV test1' is visible

2022-10-28 16:59:50 - [MESSAGE][PASSED] - Object 'Object Repository/09-Settings/Users/CSV Invite/div_CTCSV test1' is visible

2022-10-28 16:59:50 - [TEST_STEP][PASSED] - verifyElementVisible(findTestObject("09-Settings/Users/CSV Invite/div_autotester06mailinator.com")): Object 'Object Repository/09-Settings/Users/CSV Invite/div_autotester06mailinator.com' is visible

2022-10-28 16:59:51 - [MESSAGE][PASSED] - Object 'Object Repository/09-Settings/Users/CSV Invite/div_autotester06mailinator.com' is visible

2022-10-28 16:59:51 - [TEST_STEP][PASSED] - verifyElementVisible(findTestObject("09-Settings/Users/CSV Invite/div_Coworker")): Object 'Object Repository/09-Settings/Users/CSV Invite/div_Coworker' is visible

2022-10-28 16:59:51 - [MESSAGE][PASSED] - Object 'Object Repository/09-Settings/Users/CSV Invite/div_Coworker' is visible

2022-10-28 16:59:51 - [TEST_STEP][PASSED] - delay(3): Delayed 3 second(s)

2022-10-28 16:59:54 - [MESSAGE][PASSED] - Delayed 3 second(s)

2022-10-28 16:59:54 - [TEST_STEP][PASSED] - closeBrowser(): Browser is closed

2022-10-28 16:59:55 - [MESSAGE][PASSED] - Browser is closed]]></system-out>
         <system-err><![CDATA[]]></system-err>
      </testcase>
      <system-out><![CDATA[2022-10-28 16:40:40 - [TEST_SUITE][PASSED] - 09-Settings: Test Cases/09-Settings/05 - Users (Invite batch of users via CSV file)]]></system-out>
      <system-err><![CDATA[]]></system-err>
   </testsuite>
</testsuites>
