<?xml version="1.0" encoding="UTF-8"?>
<testsuites name="09-Settings" time="1131.236" tests="5" failures="0" errors="0">
   <testsuite name="09-Settings" tests="5" failures="0" errors="0" time="1131.236" skipped="0" timestamp="2022-10-31 16:15:18" hostname="User - DESKTOP-QCRNR4M" id="Test Suites/TS-Organization/09-Settings">
      <properties>
         <property name="deviceName" value=""/>
         <property name="devicePlatform" value=""/>
         <property name="logFolder" value="C:\\Users\\User\\Katalon Studio\\EverleaguesMain\\Reports\\20221031_161516\\TS-Organization\\09-Settings\\20221031_161516"/>
         <property name="logFiles" value="C:\\Users\\User\\Katalon Studio\\EverleaguesMain\\Reports\\20221031_161516\\TS-Organization\\09-Settings\\20221031_161516\\execution0.log"/>
         <property name="attachments" value=""/>
         <property name="hostName" value="User - DESKTOP-QCRNR4M"/>
         <property name="os" value="Windows 10 64bit"/>
         <property name="katalonVersion" value="8.4.1.208"/>
         <property name="browser" value="Chrome 106.0.0.0"/>
         <property name="hostAddress" value="192.168.5.124"/>
         <property name="sessionId" value="360045546ac237135bea0ff8c41c2e11"/>
         <property name="seleniumVersion" value="3.141.59"/>
         <property name="proxyInformation" value="ProxyInformation { proxyOption=NO_PROXY, proxyServerType=HTTP, username=, password=********, proxyServerAddress=, proxyServerPort=0, executionList=&quot;&quot;, isApplyToDesiredCapabilities=true }"/>
         <property name="platform" value="Windows 10"/>
      </properties>
      <testcase name="Test Cases/09-Settings/01 - Users (Invite new user but field are blank)" time="103.356" classname="Test Cases/09-Settings/01 - Users (Invite new user but field are blank)" status="PASSED">
         <system-out><![CDATA[2022-10-31 16:15:19 - [TEST_CASE][PASSED] - Test Cases/09-Settings/01 - Users (Invite new user but field are blank): Test Cases/09-Settings/01 - Users (Invite new user but field are blank)

2022-10-31 16:15:19 - [TEST_STEP][PASSED] - openBrowser(""): Browser is opened with url: ''

2022-10-31 16:15:19 - [MESSAGE][INFO] - Starting 'Chrome' driver

2022-10-31 16:15:19 - [MESSAGE][INFO] - Action delay is set to 0 milliseconds

2022-10-31 16:15:21 - [MESSAGE][PASSED] - Browser is opened with url: ''

2022-10-31 16:15:21 - [TEST_STEP][PASSED] - navigateToUrl("https://lab.everleagues.com/"): Navigate to 'https://lab.everleagues.com/' successfully

2022-10-31 16:15:40 - [MESSAGE][PASSED] - Navigate to 'https://lab.everleagues.com/' successfully

2022-10-31 16:15:40 - [TEST_STEP][PASSED] - maximizeWindow(): Current window maximized

2022-10-31 16:15:40 - [MESSAGE][PASSED] - Current window maximized

2022-10-31 16:15:40 - [TEST_STEP][PASSED] - setText(findTestObject("02-Side Icons(Organization)/Add Contact/Email Field"), "testuser02@mailinator.com"): Text 'testuser02@mailinator.com' is set on object 'Object Repository/02-Side Icons(Organization)/Add Contact/Email Field'

2022-10-31 16:15:41 - [MESSAGE][PASSED] - Text 'testuser02@mailinator.com' is set on object 'Object Repository/02-Side Icons(Organization)/Add Contact/Email Field'

2022-10-31 16:15:41 - [TEST_STEP][PASSED] - setEncryptedText(findTestObject("02-Side Icons(Organization)/Add Contact/Password Field"), "8yFRyszE6U6jvsCn51OQbg=="): Text ****** has been set on object 'Object Repository/02-Side Icons(Organization)/Add Contact/Password Field'

2022-10-31 16:15:41 - [MESSAGE][PASSED] - Text ****** has been set on object 'Object Repository/02-Side Icons(Organization)/Add Contact/Password Field'

2022-10-31 16:15:41 - [TEST_STEP][PASSED] - click(findTestObject("02-Side Icons(Organization)/Add Contact/button_Sign in")): Object: 'Object Repository/02-Side Icons(Organization)/Add Contact/button_Sign in' is clicked on

2022-10-31 16:15:42 - [MESSAGE][PASSED] - Object: 'Object Repository/02-Side Icons(Organization)/Add Contact/button_Sign in' is clicked on

2022-10-31 16:15:42 - [TEST_STEP][PASSED] - delay(2): Delayed 2 second(s)

2022-10-31 16:15:44 - [MESSAGE][PASSED] - Delayed 2 second(s)

2022-10-31 16:15:44 - [TEST_STEP][PASSED] - click(findTestObject("06-Teams/For 2FA/button_Confirm_2FA")): Object: 'Object Repository/06-Teams/For 2FA/button_Confirm_2FA' is clicked on

2022-10-31 16:15:44 - [MESSAGE][PASSED] - Object: 'Object Repository/06-Teams/For 2FA/button_Confirm_2FA' is clicked on

2022-10-31 16:15:44 - [TEST_STEP][PASSED] - executeJavaScript("window.open();", []): Execute JavaScript 'window.open();' successfully

2022-10-31 16:15:44 - [MESSAGE][PASSED] - Execute JavaScript 'window.open();' successfully

2022-10-31 16:15:44 - [TEST_STEP][PASSED] - currentWindow = getWindowIndex(): Current window's index is: 0

2022-10-31 16:15:44 - [MESSAGE][PASSED] - Current window's index is: 0

2022-10-31 16:15:44 - [TEST_STEP][PASSED] - delay(3): Delayed 3 second(s)

2022-10-31 16:15:47 - [MESSAGE][PASSED] - Delayed 3 second(s)

2022-10-31 16:15:47 - [TEST_STEP][PASSED] - switchToWindowIndex(currentWindow + 1): Switched to window with index: '1'

2022-10-31 16:15:47 - [MESSAGE][PASSED] - Switched to window with index: '1'

2022-10-31 16:15:47 - [TEST_STEP][PASSED] - navigateToUrl("https://www.mailinator.com/"): Navigate to 'https://www.mailinator.com/' successfully

2022-10-31 16:15:50 - [MESSAGE][PASSED] - Navigate to 'https://www.mailinator.com/' successfully

2022-10-31 16:15:50 - [TEST_STEP][PASSED] - delay(3): Delayed 3 second(s)

2022-10-31 16:15:53 - [MESSAGE][PASSED] - Delayed 3 second(s)

2022-10-31 16:15:53 - [TEST_STEP][PASSED] - setText(findTestObject("00-Signup and Activation/zMailinator/input_LOGIN_search"), "testuser02@mailinator.com"): Text 'testuser02@mailinator.com' is set on object 'Object Repository/00-Signup and Activation/zMailinator/input_LOGIN_search'

2022-10-31 16:15:53 - [MESSAGE][PASSED] - Text 'testuser02@mailinator.com' is set on object 'Object Repository/00-Signup and Activation/zMailinator/input_LOGIN_search'

2022-10-31 16:15:53 - [TEST_STEP][PASSED] - click(findTestObject("00-Signup and Activation/zMailinator/gobutton"), STOP_ON_FAILURE): Object: 'Object Repository/00-Signup and Activation/zMailinator/gobutton' is clicked on

2022-10-31 16:15:56 - [MESSAGE][PASSED] - Object: 'Object Repository/00-Signup and Activation/zMailinator/gobutton' is clicked on

2022-10-31 16:15:56 - [TEST_STEP][PASSED] - delay(3): Delayed 3 second(s)

2022-10-31 16:15:59 - [MESSAGE][PASSED] - Delayed 3 second(s)

2022-10-31 16:15:59 - [TEST_STEP][PASSED] - click(findTestObject("00-Signup and Activation/zMailinator/Email - everleagues")): Object: 'Object Repository/00-Signup and Activation/zMailinator/Email - everleagues' is clicked on

2022-10-31 16:15:59 - [MESSAGE][PASSED] - Object: 'Object Repository/00-Signup and Activation/zMailinator/Email - everleagues' is clicked on

2022-10-31 16:15:59 - [TEST_STEP][PASSED] - delay(3): Delayed 3 second(s)

2022-10-31 16:16:02 - [MESSAGE][PASSED] - Delayed 3 second(s)

2022-10-31 16:16:02 - [TEST_STEP][PASSED] - code = getText(findTestObject("Object Repository/06-Teams/For 2FA/2FA code")): Text of object 'Object Repository/06-Teams/For 2FA/2FA code' is: '303291'

2022-10-31 16:16:03 - [MESSAGE][PASSED] - Text of object 'Object Repository/06-Teams/For 2FA/2FA code' is: '303291'

2022-10-31 16:16:03 - [TEST_STEP][PASSED] - delay(3): Delayed 3 second(s)

2022-10-31 16:16:06 - [MESSAGE][PASSED] - Delayed 3 second(s)

2022-10-31 16:16:06 - [TEST_STEP][PASSED] - closeWindowTitle("Mailinator"): Window with title: 'Mailinator' is closed

2022-10-31 16:16:06 - [MESSAGE][PASSED] - Window with title: 'Mailinator' is closed

2022-10-31 16:16:06 - [TEST_STEP][PASSED] - delay(3): Delayed 3 second(s)

2022-10-31 16:16:09 - [MESSAGE][PASSED] - Delayed 3 second(s)

2022-10-31 16:16:09 - [TEST_STEP][PASSED] - switchToWindowIndex(0): Switched to window with index: '0'

2022-10-31 16:16:09 - [MESSAGE][PASSED] - Switched to window with index: '0'

2022-10-31 16:16:09 - [TEST_STEP][PASSED] - delay(3): Delayed 3 second(s)

2022-10-31 16:16:12 - [MESSAGE][PASSED] - Delayed 3 second(s)

2022-10-31 16:16:12 - [TEST_STEP][PASSED] - setText(findTestObject("Object Repository/06-Teams/For 2FA/input_Enter verification code_code"), code): Text '303291' is set on object 'Object Repository/06-Teams/For 2FA/input_Enter verification code_code'

2022-10-31 16:16:13 - [MESSAGE][PASSED] - Text '303291' is set on object 'Object Repository/06-Teams/For 2FA/input_Enter verification code_code'

2022-10-31 16:16:13 - [TEST_STEP][PASSED] - delay(3): Delayed 3 second(s)

2022-10-31 16:16:16 - [MESSAGE][PASSED] - Delayed 3 second(s)

2022-10-31 16:16:16 - [TEST_STEP][PASSED] - click(findTestObject("06-Teams/For 2FA/button_Verify_2FA")): Object: 'Object Repository/06-Teams/For 2FA/button_Verify_2FA' is clicked on

2022-10-31 16:16:17 - [MESSAGE][PASSED] - Object: 'Object Repository/06-Teams/For 2FA/button_Verify_2FA' is clicked on

2022-10-31 16:16:17 - [TEST_STEP][PASSED] - delay(5): Delayed 5 second(s)

2022-10-31 16:16:22 - [MESSAGE][PASSED] - Delayed 5 second(s)

2022-10-31 16:16:22 - [TEST_STEP][PASSED] - click(findTestObject("06-Teams/button_doublearrow")): Object: 'Object Repository/06-Teams/button_doublearrow' is clicked on

2022-10-31 16:16:23 - [MESSAGE][PASSED] - Object: 'Object Repository/06-Teams/button_doublearrow' is clicked on

2022-10-31 16:16:23 - [TEST_STEP][PASSED] - click(findTestObject("06-Teams/button_My Organizations")): Object: 'Object Repository/06-Teams/button_My Organizations' is clicked on

2022-10-31 16:16:23 - [MESSAGE][PASSED] - Object: 'Object Repository/06-Teams/button_My Organizations' is clicked on

2022-10-31 16:16:23 - [TEST_STEP][PASSED] - click(findTestObject("06-Teams/button_GG Automation")): Object: 'Object Repository/06-Teams/button_GG Automation' is clicked on

2022-10-31 16:16:24 - [MESSAGE][PASSED] - Object: 'Object Repository/06-Teams/button_GG Automation' is clicked on

2022-10-31 16:16:24 - [TEST_STEP][PASSED] - delay(4): Delayed 4 second(s)

2022-10-31 16:16:28 - [MESSAGE][PASSED] - Delayed 4 second(s)

2022-10-31 16:16:28 - [TEST_STEP][PASSED] - verifyElementVisible(findTestObject("06-Teams/span_GG Automation")): Object 'Object Repository/06-Teams/span_GG Automation' is visible

2022-10-31 16:16:28 - [MESSAGE][PASSED] - Object 'Object Repository/06-Teams/span_GG Automation' is visible

2022-10-31 16:16:28 - [TEST_STEP][PASSED] - delay(10): Delayed 10 second(s)

2022-10-31 16:16:38 - [MESSAGE][PASSED] - Delayed 10 second(s)

2022-10-31 16:16:38 - [TEST_STEP][PASSED] - click(findTestObject("03-Header Menu/Hamburger Button/div_Settings")): Object: 'Object Repository/03-Header Menu/Hamburger Button/div_Settings' is clicked on

2022-10-31 16:16:39 - [MESSAGE][PASSED] - Object: 'Object Repository/03-Header Menu/Hamburger Button/div_Settings' is clicked on

2022-10-31 16:16:39 - [TEST_STEP][PASSED] - verifyElementVisible(findTestObject("09-Settings/Users/div_Organization")): Object 'Object Repository/09-Settings/Users/div_Organization' is visible

2022-10-31 16:16:39 - [MESSAGE][PASSED] - Object 'Object Repository/09-Settings/Users/div_Organization' is visible

2022-10-31 16:16:39 - [TEST_STEP][PASSED] - verifyElementVisible(findTestObject("09-Settings/Users/div_Organization Units")): Object 'Object Repository/09-Settings/Users/div_Organization Units' is visible

2022-10-31 16:16:40 - [MESSAGE][PASSED] - Object 'Object Repository/09-Settings/Users/div_Organization Units' is visible

2022-10-31 16:16:40 - [TEST_STEP][PASSED] - verifyElementVisible(findTestObject("09-Settings/Users/div_Subscriptions")): Object 'Object Repository/09-Settings/Users/div_Subscriptions' is visible

2022-10-31 16:16:40 - [MESSAGE][PASSED] - Object 'Object Repository/09-Settings/Users/div_Subscriptions' is visible

2022-10-31 16:16:40 - [TEST_STEP][PASSED] - verifyElementVisible(findTestObject("09-Settings/Users/div_Users")): Object 'Object Repository/09-Settings/Users/div_Users' is visible

2022-10-31 16:16:40 - [MESSAGE][PASSED] - Object 'Object Repository/09-Settings/Users/div_Users' is visible

2022-10-31 16:16:40 - [TEST_STEP][PASSED] - delay(3): Delayed 3 second(s)

2022-10-31 16:16:43 - [MESSAGE][PASSED] - Delayed 3 second(s)

2022-10-31 16:16:43 - [TEST_STEP][PASSED] - click(findTestObject("09-Settings/Users/div_Users")): Object: 'Object Repository/09-Settings/Users/div_Users' is clicked on

2022-10-31 16:16:44 - [MESSAGE][PASSED] - Object: 'Object Repository/09-Settings/Users/div_Users' is clicked on

2022-10-31 16:16:44 - [TEST_STEP][PASSED] - verifyElementVisible(findTestObject("09-Settings/Users/h4_USERS")): Object 'Object Repository/09-Settings/Users/h4_USERS' is visible

2022-10-31 16:16:45 - [MESSAGE][PASSED] - Object 'Object Repository/09-Settings/Users/h4_USERS' is visible

2022-10-31 16:16:45 - [TEST_STEP][PASSED] - verifyElementVisible(findTestObject("09-Settings/Users/User Page")): Object 'Object Repository/09-Settings/Users/User Page' is visible

2022-10-31 16:16:45 - [MESSAGE][PASSED] - Object 'Object Repository/09-Settings/Users/User Page' is visible

2022-10-31 16:16:45 - [TEST_STEP][PASSED] - delay(3): Delayed 3 second(s)

2022-10-31 16:16:48 - [MESSAGE][PASSED] - Delayed 3 second(s)

2022-10-31 16:16:48 - [TEST_STEP][PASSED] - click(findTestObject("09-Settings/Users/button_add")): Object: 'Object Repository/09-Settings/Users/button_add' is clicked on

2022-10-31 16:16:49 - [MESSAGE][PASSED] - Object: 'Object Repository/09-Settings/Users/button_add' is clicked on

2022-10-31 16:16:49 - [TEST_STEP][PASSED] - verifyElementVisible(findTestObject("09-Settings/Users/User Invitation modal")): Object 'Object Repository/09-Settings/Users/User Invitation modal' is visible

2022-10-31 16:16:49 - [MESSAGE][PASSED] - Object 'Object Repository/09-Settings/Users/User Invitation modal' is visible

2022-10-31 16:16:49 - [TEST_STEP][PASSED] - delay(3): Delayed 3 second(s)

2022-10-31 16:16:52 - [MESSAGE][PASSED] - Delayed 3 second(s)

2022-10-31 16:16:52 - [TEST_STEP][PASSED] - click(findTestObject("09-Settings/Users/add Invite a single user")): Object: 'Object Repository/09-Settings/Users/add Invite a single user' is clicked on

2022-10-31 16:16:53 - [MESSAGE][PASSED] - Object: 'Object Repository/09-Settings/Users/add Invite a single user' is clicked on

2022-10-31 16:16:53 - [TEST_STEP][PASSED] - verifyElementVisible(findTestObject("09-Settings/Users/Invite new user modal")): Object 'Object Repository/09-Settings/Users/Invite new user modal' is visible

2022-10-31 16:16:54 - [MESSAGE][PASSED] - Object 'Object Repository/09-Settings/Users/Invite new user modal' is visible

2022-10-31 16:16:54 - [TEST_STEP][PASSED] - click(findTestObject("09-Settings/Users/input_email")): Object: 'Object Repository/09-Settings/Users/input_email' is clicked on

2022-10-31 16:16:54 - [MESSAGE][PASSED] - Object: 'Object Repository/09-Settings/Users/input_email' is clicked on

2022-10-31 16:16:54 - [TEST_STEP][PASSED] - click(findTestObject("09-Settings/Users/input_firstName")): Object: 'Object Repository/09-Settings/Users/input_firstName' is clicked on

2022-10-31 16:16:55 - [MESSAGE][PASSED] - Object: 'Object Repository/09-Settings/Users/input_firstName' is clicked on

2022-10-31 16:16:55 - [TEST_STEP][PASSED] - click(findTestObject("09-Settings/Users/input_lastName")): Object: 'Object Repository/09-Settings/Users/input_lastName' is clicked on

2022-10-31 16:16:55 - [MESSAGE][PASSED] - Object: 'Object Repository/09-Settings/Users/input_lastName' is clicked on

2022-10-31 16:16:55 - [TEST_STEP][PASSED] - click(findTestObject("09-Settings/Users/span_Role")): Object: 'Object Repository/09-Settings/Users/span_Role' is clicked on

2022-10-31 16:16:56 - [MESSAGE][PASSED] - Object: 'Object Repository/09-Settings/Users/span_Role' is clicked on

2022-10-31 16:16:56 - [TEST_STEP][PASSED] - clickOffset(findTestObject("09-Settings/Users/h4_Invite New User"), 100, 100): Object: 'Object Repository/09-Settings/Users/h4_Invite New User' is clicked on using offset x=100 and y=100

2022-10-31 16:16:56 - [MESSAGE][PASSED] - Object: 'Object Repository/09-Settings/Users/h4_Invite New User' is clicked on using offset x=100 and y=100

2022-10-31 16:16:56 - [TEST_STEP][PASSED] - verifyElementVisible(findTestObject("09-Settings/Users/Email required")): Object 'Object Repository/09-Settings/Users/Email required' is visible

2022-10-31 16:16:57 - [MESSAGE][PASSED] - Object 'Object Repository/09-Settings/Users/Email required' is visible

2022-10-31 16:16:57 - [TEST_STEP][PASSED] - verifyElementVisible(findTestObject("09-Settings/Users/Firstname required")): Object 'Object Repository/09-Settings/Users/Firstname required' is visible

2022-10-31 16:16:58 - [MESSAGE][PASSED] - Object 'Object Repository/09-Settings/Users/Firstname required' is visible

2022-10-31 16:16:58 - [TEST_STEP][PASSED] - verifyElementVisible(findTestObject("09-Settings/Users/last name required")): Object 'Object Repository/09-Settings/Users/last name required' is visible

2022-10-31 16:16:58 - [MESSAGE][PASSED] - Object 'Object Repository/09-Settings/Users/last name required' is visible

2022-10-31 16:16:58 - [TEST_STEP][PASSED] - verifyElementVisible(findTestObject("09-Settings/Users/error_Select a role")): Object 'Object Repository/09-Settings/Users/error_Select a role' is visible

2022-10-31 16:16:58 - [MESSAGE][PASSED] - Object 'Object Repository/09-Settings/Users/error_Select a role' is visible

2022-10-31 16:16:58 - [TEST_STEP][PASSED] - delay(3): Delayed 3 second(s)

2022-10-31 16:17:01 - [MESSAGE][PASSED] - Delayed 3 second(s)

2022-10-31 16:17:01 - [TEST_STEP][PASSED] - closeBrowser(): Browser is closed

2022-10-31 16:17:02 - [MESSAGE][PASSED] - Browser is closed]]></system-out>
         <system-err><![CDATA[]]></system-err>
      </testcase>
      <testcase name="Test Cases/09-Settings/02 - Users (Invite new user as co worker)" time="430.811" classname="Test Cases/09-Settings/02 - Users (Invite new user as co worker)" status="PASSED">
         <system-out><![CDATA[2022-10-31 16:17:02 - [TEST_CASE][PASSED] - Test Cases/09-Settings/02 - Users (Invite new user as co worker): Test Cases/09-Settings/02 - Users (Invite new user as co worker)

2022-10-31 16:17:02 - [TEST_STEP][PASSED] - openBrowser(""): Browser is opened with url: ''

2022-10-31 16:17:02 - [MESSAGE][INFO] - Starting 'Chrome' driver

2022-10-31 16:17:02 - [MESSAGE][INFO] - Action delay is set to 0 milliseconds

2022-10-31 16:17:04 - [MESSAGE][PASSED] - Browser is opened with url: ''

2022-10-31 16:17:04 - [TEST_STEP][PASSED] - navigateToUrl("https://lab.everleagues.com/"): Navigate to 'https://lab.everleagues.com/' successfully

2022-10-31 16:17:22 - [MESSAGE][PASSED] - Navigate to 'https://lab.everleagues.com/' successfully

2022-10-31 16:17:22 - [TEST_STEP][PASSED] - maximizeWindow(): Current window maximized

2022-10-31 16:17:22 - [MESSAGE][PASSED] - Current window maximized

2022-10-31 16:17:22 - [TEST_STEP][PASSED] - setText(findTestObject("02-Side Icons(Organization)/Add Contact/Email Field"), "testuser02@mailinator.com"): Text 'testuser02@mailinator.com' is set on object 'Object Repository/02-Side Icons(Organization)/Add Contact/Email Field'

2022-10-31 16:17:23 - [MESSAGE][PASSED] - Text 'testuser02@mailinator.com' is set on object 'Object Repository/02-Side Icons(Organization)/Add Contact/Email Field'

2022-10-31 16:17:23 - [TEST_STEP][PASSED] - setEncryptedText(findTestObject("02-Side Icons(Organization)/Add Contact/Password Field"), "8yFRyszE6U6jvsCn51OQbg=="): Text ****** has been set on object 'Object Repository/02-Side Icons(Organization)/Add Contact/Password Field'

2022-10-31 16:17:23 - [MESSAGE][PASSED] - Text ****** has been set on object 'Object Repository/02-Side Icons(Organization)/Add Contact/Password Field'

2022-10-31 16:17:23 - [TEST_STEP][PASSED] - click(findTestObject("02-Side Icons(Organization)/Add Contact/button_Sign in")): Object: 'Object Repository/02-Side Icons(Organization)/Add Contact/button_Sign in' is clicked on

2022-10-31 16:17:24 - [MESSAGE][PASSED] - Object: 'Object Repository/02-Side Icons(Organization)/Add Contact/button_Sign in' is clicked on

2022-10-31 16:17:24 - [TEST_STEP][PASSED] - delay(2): Delayed 2 second(s)

2022-10-31 16:17:26 - [MESSAGE][PASSED] - Delayed 2 second(s)

2022-10-31 16:17:26 - [TEST_STEP][PASSED] - click(findTestObject("06-Teams/For 2FA/button_Confirm_2FA")): Object: 'Object Repository/06-Teams/For 2FA/button_Confirm_2FA' is clicked on

2022-10-31 16:17:26 - [MESSAGE][PASSED] - Object: 'Object Repository/06-Teams/For 2FA/button_Confirm_2FA' is clicked on

2022-10-31 16:17:26 - [TEST_STEP][PASSED] - executeJavaScript("window.open();", []): Execute JavaScript 'window.open();' successfully

2022-10-31 16:17:26 - [MESSAGE][PASSED] - Execute JavaScript 'window.open();' successfully

2022-10-31 16:17:26 - [TEST_STEP][PASSED] - currentWindow = getWindowIndex(): Current window's index is: 0

2022-10-31 16:17:26 - [MESSAGE][PASSED] - Current window's index is: 0

2022-10-31 16:17:26 - [TEST_STEP][PASSED] - delay(3): Delayed 3 second(s)

2022-10-31 16:17:29 - [MESSAGE][PASSED] - Delayed 3 second(s)

2022-10-31 16:17:29 - [TEST_STEP][PASSED] - switchToWindowIndex(currentWindow + 1): Switched to window with index: '1'

2022-10-31 16:17:29 - [MESSAGE][PASSED] - Switched to window with index: '1'

2022-10-31 16:17:29 - [TEST_STEP][PASSED] - navigateToUrl("https://www.mailinator.com/"): Navigate to 'https://www.mailinator.com/' successfully

2022-10-31 16:17:31 - [MESSAGE][PASSED] - Navigate to 'https://www.mailinator.com/' successfully

2022-10-31 16:17:31 - [TEST_STEP][PASSED] - delay(3): Delayed 3 second(s)

2022-10-31 16:17:34 - [MESSAGE][PASSED] - Delayed 3 second(s)

2022-10-31 16:17:34 - [TEST_STEP][PASSED] - setText(findTestObject("00-Signup and Activation/zMailinator/input_LOGIN_search"), "testuser02@mailinator.com"): Text 'testuser02@mailinator.com' is set on object 'Object Repository/00-Signup and Activation/zMailinator/input_LOGIN_search'

2022-10-31 16:17:35 - [MESSAGE][PASSED] - Text 'testuser02@mailinator.com' is set on object 'Object Repository/00-Signup and Activation/zMailinator/input_LOGIN_search'

2022-10-31 16:17:35 - [TEST_STEP][PASSED] - click(findTestObject("00-Signup and Activation/zMailinator/gobutton"), STOP_ON_FAILURE): Object: 'Object Repository/00-Signup and Activation/zMailinator/gobutton' is clicked on

2022-10-31 16:17:36 - [MESSAGE][PASSED] - Object: 'Object Repository/00-Signup and Activation/zMailinator/gobutton' is clicked on

2022-10-31 16:17:36 - [TEST_STEP][PASSED] - delay(3): Delayed 3 second(s)

2022-10-31 16:17:39 - [MESSAGE][PASSED] - Delayed 3 second(s)

2022-10-31 16:17:39 - [TEST_STEP][PASSED] - click(findTestObject("00-Signup and Activation/zMailinator/Email - everleagues")): Object: 'Object Repository/00-Signup and Activation/zMailinator/Email - everleagues' is clicked on

2022-10-31 16:17:40 - [MESSAGE][PASSED] - Object: 'Object Repository/00-Signup and Activation/zMailinator/Email - everleagues' is clicked on

2022-10-31 16:17:40 - [TEST_STEP][PASSED] - delay(3): Delayed 3 second(s)

2022-10-31 16:17:43 - [MESSAGE][PASSED] - Delayed 3 second(s)

2022-10-31 16:17:43 - [TEST_STEP][PASSED] - code = getText(findTestObject("Object Repository/06-Teams/For 2FA/2FA code")): Text of object 'Object Repository/06-Teams/For 2FA/2FA code' is: '303291'

2022-10-31 16:17:43 - [MESSAGE][PASSED] - Text of object 'Object Repository/06-Teams/For 2FA/2FA code' is: '303291'

2022-10-31 16:17:43 - [TEST_STEP][PASSED] - delay(3): Delayed 3 second(s)

2022-10-31 16:17:46 - [MESSAGE][PASSED] - Delayed 3 second(s)

2022-10-31 16:17:46 - [TEST_STEP][PASSED] - closeWindowTitle("Mailinator"): Window with title: 'Mailinator' is closed

2022-10-31 16:17:46 - [MESSAGE][PASSED] - Window with title: 'Mailinator' is closed

2022-10-31 16:17:46 - [TEST_STEP][PASSED] - delay(3): Delayed 3 second(s)

2022-10-31 16:17:49 - [MESSAGE][PASSED] - Delayed 3 second(s)

2022-10-31 16:17:49 - [TEST_STEP][PASSED] - switchToWindowIndex(0): Switched to window with index: '0'

2022-10-31 16:17:49 - [MESSAGE][PASSED] - Switched to window with index: '0'

2022-10-31 16:17:49 - [TEST_STEP][PASSED] - delay(3): Delayed 3 second(s)

2022-10-31 16:17:52 - [MESSAGE][PASSED] - Delayed 3 second(s)

2022-10-31 16:17:52 - [TEST_STEP][PASSED] - setText(findTestObject("Object Repository/06-Teams/For 2FA/input_Enter verification code_code"), code): Text '303291' is set on object 'Object Repository/06-Teams/For 2FA/input_Enter verification code_code'

2022-10-31 16:17:53 - [MESSAGE][PASSED] - Text '303291' is set on object 'Object Repository/06-Teams/For 2FA/input_Enter verification code_code'

2022-10-31 16:17:53 - [TEST_STEP][PASSED] - delay(3): Delayed 3 second(s)

2022-10-31 16:17:56 - [MESSAGE][PASSED] - Delayed 3 second(s)

2022-10-31 16:17:56 - [TEST_STEP][PASSED] - click(findTestObject("06-Teams/For 2FA/button_Verify_2FA")): Object: 'Object Repository/06-Teams/For 2FA/button_Verify_2FA' is clicked on

2022-10-31 16:17:57 - [MESSAGE][PASSED] - Object: 'Object Repository/06-Teams/For 2FA/button_Verify_2FA' is clicked on

2022-10-31 16:17:57 - [TEST_STEP][PASSED] - delay(5): Delayed 5 second(s)

2022-10-31 16:18:02 - [MESSAGE][PASSED] - Delayed 5 second(s)

2022-10-31 16:18:02 - [TEST_STEP][PASSED] - click(findTestObject("06-Teams/button_doublearrow")): Object: 'Object Repository/06-Teams/button_doublearrow' is clicked on

2022-10-31 16:18:03 - [MESSAGE][PASSED] - Object: 'Object Repository/06-Teams/button_doublearrow' is clicked on

2022-10-31 16:18:03 - [TEST_STEP][PASSED] - click(findTestObject("06-Teams/button_My Organizations")): Object: 'Object Repository/06-Teams/button_My Organizations' is clicked on

2022-10-31 16:18:03 - [MESSAGE][PASSED] - Object: 'Object Repository/06-Teams/button_My Organizations' is clicked on

2022-10-31 16:18:03 - [TEST_STEP][PASSED] - click(findTestObject("06-Teams/button_GG Automation")): Object: 'Object Repository/06-Teams/button_GG Automation' is clicked on

2022-10-31 16:18:04 - [MESSAGE][PASSED] - Object: 'Object Repository/06-Teams/button_GG Automation' is clicked on

2022-10-31 16:18:04 - [TEST_STEP][PASSED] - delay(4): Delayed 4 second(s)

2022-10-31 16:18:08 - [MESSAGE][PASSED] - Delayed 4 second(s)

2022-10-31 16:18:08 - [TEST_STEP][PASSED] - verifyElementVisible(findTestObject("06-Teams/span_GG Automation")): Object 'Object Repository/06-Teams/span_GG Automation' is visible

2022-10-31 16:18:09 - [MESSAGE][PASSED] - Object 'Object Repository/06-Teams/span_GG Automation' is visible

2022-10-31 16:18:09 - [TEST_STEP][PASSED] - delay(10): Delayed 10 second(s)

2022-10-31 16:18:19 - [MESSAGE][PASSED] - Delayed 10 second(s)

2022-10-31 16:18:19 - [TEST_STEP][PASSED] - click(findTestObject("03-Header Menu/Hamburger Button/div_Settings")): Object: 'Object Repository/03-Header Menu/Hamburger Button/div_Settings' is clicked on

2022-10-31 16:18:19 - [MESSAGE][PASSED] - Object: 'Object Repository/03-Header Menu/Hamburger Button/div_Settings' is clicked on

2022-10-31 16:18:19 - [TEST_STEP][PASSED] - delay(3): Delayed 3 second(s)

2022-10-31 16:18:22 - [MESSAGE][PASSED] - Delayed 3 second(s)

2022-10-31 16:18:22 - [TEST_STEP][PASSED] - click(findTestObject("09-Settings/Users/div_Users")): Object: 'Object Repository/09-Settings/Users/div_Users' is clicked on

2022-10-31 16:18:22 - [MESSAGE][PASSED] - Object: 'Object Repository/09-Settings/Users/div_Users' is clicked on

2022-10-31 16:18:22 - [TEST_STEP][PASSED] - delay(3): Delayed 3 second(s)

2022-10-31 16:18:25 - [MESSAGE][PASSED] - Delayed 3 second(s)

2022-10-31 16:18:25 - [TEST_STEP][PASSED] - click(findTestObject("09-Settings/Users/button_add")): Object: 'Object Repository/09-Settings/Users/button_add' is clicked on

2022-10-31 16:18:26 - [MESSAGE][PASSED] - Object: 'Object Repository/09-Settings/Users/button_add' is clicked on

2022-10-31 16:18:26 - [TEST_STEP][PASSED] - delay(3): Delayed 3 second(s)

2022-10-31 16:18:29 - [MESSAGE][PASSED] - Delayed 3 second(s)

2022-10-31 16:18:29 - [TEST_STEP][PASSED] - click(findTestObject("09-Settings/Users/add Invite a single user")): Object: 'Object Repository/09-Settings/Users/add Invite a single user' is clicked on

2022-10-31 16:18:29 - [MESSAGE][PASSED] - Object: 'Object Repository/09-Settings/Users/add Invite a single user' is clicked on

2022-10-31 16:18:29 - [TEST_STEP][PASSED] - delay(3): Delayed 3 second(s)

2022-10-31 16:18:32 - [MESSAGE][PASSED] - Delayed 3 second(s)

2022-10-31 16:18:32 - [TEST_STEP][PASSED] - setText(findTestObject("09-Settings/Users/input_email"), "autotester04@mailinator.com"): Text 'autotester04@mailinator.com' is set on object 'Object Repository/09-Settings/Users/input_email'

2022-10-31 16:18:33 - [MESSAGE][PASSED] - Text 'autotester04@mailinator.com' is set on object 'Object Repository/09-Settings/Users/input_email'

2022-10-31 16:18:33 - [TEST_STEP][PASSED] - setText(findTestObject("09-Settings/Users/input_firstName"), "GG"): Text 'GG' is set on object 'Object Repository/09-Settings/Users/input_firstName'

2022-10-31 16:18:34 - [MESSAGE][PASSED] - Text 'GG' is set on object 'Object Repository/09-Settings/Users/input_firstName'

2022-10-31 16:18:34 - [TEST_STEP][PASSED] - setText(findTestObject("09-Settings/Users/input_lastName"), "Auto Contact 2"): Text 'Auto Contact 2' is set on object 'Object Repository/09-Settings/Users/input_lastName'

2022-10-31 16:18:35 - [MESSAGE][PASSED] - Text 'Auto Contact 2' is set on object 'Object Repository/09-Settings/Users/input_lastName'

2022-10-31 16:18:35 - [TEST_STEP][PASSED] - click(findTestObject("09-Settings/Users/span_Role")): Object: 'Object Repository/09-Settings/Users/span_Role' is clicked on

2022-10-31 16:18:35 - [MESSAGE][PASSED] - Object: 'Object Repository/09-Settings/Users/span_Role' is clicked on

2022-10-31 16:18:35 - [TEST_STEP][PASSED] - click(findTestObject("09-Settings/Users/span_CoWorker")): Object: 'Object Repository/09-Settings/Users/span_CoWorker' is clicked on

2022-10-31 16:18:36 - [MESSAGE][PASSED] - Object: 'Object Repository/09-Settings/Users/span_CoWorker' is clicked on

2022-10-31 16:18:36 - [TEST_STEP][PASSED] - click(findTestObject("09-Settings/Users/button_Send Invitation")): Object: 'Object Repository/09-Settings/Users/button_Send Invitation' is clicked on

2022-10-31 16:18:37 - [MESSAGE][PASSED] - Object: 'Object Repository/09-Settings/Users/button_Send Invitation' is clicked on

2022-10-31 16:18:37 - [TEST_STEP][PASSED] - delay(2): Delayed 2 second(s)

2022-10-31 16:18:39 - [MESSAGE][PASSED] - Delayed 2 second(s)

2022-10-31 16:18:39 - [TEST_STEP][PASSED] - verifyElementVisible(findTestObject("07-Directory/Connections/zContact Profile/Successfully invited user")): Object 'Object Repository/07-Directory/Connections/zContact Profile/Successfully invited user' is visible

2022-10-31 16:18:40 - [MESSAGE][PASSED] - Object 'Object Repository/07-Directory/Connections/zContact Profile/Successfully invited user' is visible

2022-10-31 16:18:40 - [TEST_STEP][PASSED] - delay(2): Delayed 2 second(s)

2022-10-31 16:18:42 - [MESSAGE][PASSED] - Delayed 2 second(s)

2022-10-31 16:18:42 - [TEST_STEP][PASSED] - executeJavaScript("window.open();", []): Execute JavaScript 'window.open();' successfully

2022-10-31 16:18:42 - [MESSAGE][PASSED] - Execute JavaScript 'window.open();' successfully

2022-10-31 16:18:42 - [TEST_STEP][PASSED] - currentWindow = getWindowIndex(): Current window's index is: 0

2022-10-31 16:18:42 - [MESSAGE][PASSED] - Current window's index is: 0

2022-10-31 16:18:42 - [TEST_STEP][PASSED] - delay(3): Delayed 3 second(s)

2022-10-31 16:18:45 - [MESSAGE][PASSED] - Delayed 3 second(s)

2022-10-31 16:18:45 - [TEST_STEP][PASSED] - switchToWindowIndex(currentWindow + 1): Switched to window with index: '1'

2022-10-31 16:18:45 - [MESSAGE][PASSED] - Switched to window with index: '1'

2022-10-31 16:18:45 - [TEST_STEP][PASSED] - navigateToUrl("https://www.mailinator.com/"): Navigate to 'https://www.mailinator.com/' successfully

2022-10-31 16:18:48 - [MESSAGE][PASSED] - Navigate to 'https://www.mailinator.com/' successfully

2022-10-31 16:18:48 - [TEST_STEP][PASSED] - delay(3): Delayed 3 second(s)

2022-10-31 16:18:51 - [MESSAGE][PASSED] - Delayed 3 second(s)

2022-10-31 16:18:51 - [TEST_STEP][PASSED] - setText(findTestObject("00-Signup and Activation/zMailinator/input_LOGIN_search"), "autotester04@mailinator.com"): Text 'autotester04@mailinator.com' is set on object 'Object Repository/00-Signup and Activation/zMailinator/input_LOGIN_search'

2022-10-31 16:18:51 - [MESSAGE][PASSED] - Text 'autotester04@mailinator.com' is set on object 'Object Repository/00-Signup and Activation/zMailinator/input_LOGIN_search'

2022-10-31 16:18:51 - [TEST_STEP][PASSED] - click(findTestObject("00-Signup and Activation/zMailinator/gobutton"), STOP_ON_FAILURE): Object: 'Object Repository/00-Signup and Activation/zMailinator/gobutton' is clicked on

2022-10-31 16:18:52 - [MESSAGE][PASSED] - Object: 'Object Repository/00-Signup and Activation/zMailinator/gobutton' is clicked on

2022-10-31 16:18:52 - [TEST_STEP][PASSED] - delay(3): Delayed 3 second(s)

2022-10-31 16:18:55 - [MESSAGE][PASSED] - Delayed 3 second(s)

2022-10-31 16:18:55 - [TEST_STEP][PASSED] - closeWindowTitle("Everleagues"): Window with title: 'Everleagues' is closed

2022-10-31 16:18:56 - [MESSAGE][PASSED] - Window with title: 'Everleagues' is closed

2022-10-31 16:18:56 - [TEST_STEP][PASSED] - switchToWindowIndex(0): Switched to window with index: '0'

2022-10-31 16:18:56 - [MESSAGE][PASSED] - Switched to window with index: '0'

2022-10-31 16:18:56 - [TEST_STEP][PASSED] - click(findTestObject("09-Settings/Users/Co worker/td_Invitation from GG Automation")): Object: 'Object Repository/09-Settings/Users/Co worker/td_Invitation from GG Automation' is clicked on

2022-10-31 16:18:56 - [MESSAGE][PASSED] - Object: 'Object Repository/09-Settings/Users/Co worker/td_Invitation from GG Automation' is clicked on

2022-10-31 16:18:56 - [TEST_STEP][PASSED] - click(findTestObject("09-Settings/Users/Co worker/a_Click here to join GG Automation on EverLeagues")): Object: 'Object Repository/09-Settings/Users/Co worker/a_Click here to join GG Automation on EverLeagues' is clicked on

2022-10-31 16:18:57 - [MESSAGE][PASSED] - Object: 'Object Repository/09-Settings/Users/Co worker/a_Click here to join GG Automation on EverLeagues' is clicked on

2022-10-31 16:18:57 - [TEST_STEP][PASSED] - closeWindowTitle("Mailinator"): Window with title: 'Mailinator' is closed

2022-10-31 16:18:57 - [MESSAGE][PASSED] - Window with title: 'Mailinator' is closed

2022-10-31 16:18:57 - [TEST_STEP][PASSED] - switchToWindowIndex(0): Switched to window with index: '0'

2022-10-31 16:18:57 - [MESSAGE][PASSED] - Switched to window with index: '0'

2022-10-31 16:18:57 - [TEST_STEP][PASSED] - verifyElementVisible(findTestObject("09-Settings/Users/Co worker/Logout before proceed modal")): Object 'Object Repository/09-Settings/Users/Co worker/Logout before proceed modal' is visible

2022-10-31 16:19:03 - [MESSAGE][PASSED] - Object 'Object Repository/09-Settings/Users/Co worker/Logout before proceed modal' is visible

2022-10-31 16:19:03 - [TEST_STEP][PASSED] - click(findTestObject("09-Settings/Users/Co worker/button_Yes")): Object: 'Object Repository/09-Settings/Users/Co worker/button_Yes' is clicked on

2022-10-31 16:19:03 - [MESSAGE][PASSED] - Object: 'Object Repository/09-Settings/Users/Co worker/button_Yes' is clicked on

2022-10-31 16:19:03 - [TEST_STEP][PASSED] - delay(3): Delayed 3 second(s)

2022-10-31 16:19:06 - [MESSAGE][PASSED] - Delayed 3 second(s)

2022-10-31 16:19:06 - [TEST_STEP][PASSED] - setText(findTestObject("09-Settings/Users/Co worker/input_Email_email"), "autotester04@mailinator.com"): Text 'autotester04@mailinator.com' is set on object 'Object Repository/09-Settings/Users/Co worker/input_Email_email'

2022-10-31 16:20:07 - [MESSAGE][PASSED] - Text 'autotester04@mailinator.com' is set on object 'Object Repository/09-Settings/Users/Co worker/input_Email_email'

2022-10-31 16:20:07 - [TEST_STEP][PASSED] - setEncryptedText(findTestObject("09-Settings/Users/Co worker/input__password"), "8yFRyszE6U6jvsCn51OQbg=="): Text ****** has been set on object 'Object Repository/09-Settings/Users/Co worker/input__password'

2022-10-31 16:20:37 - [MESSAGE][PASSED] - Text ****** has been set on object 'Object Repository/09-Settings/Users/Co worker/input__password'

2022-10-31 16:20:37 - [TEST_STEP][PASSED] - click(findTestObject("02-Side Icons(Organization)/Add Contact/button_Sign in")): Object: 'Object Repository/02-Side Icons(Organization)/Add Contact/button_Sign in' is clicked on

2022-10-31 16:21:07 - [MESSAGE][PASSED] - Object: 'Object Repository/02-Side Icons(Organization)/Add Contact/button_Sign in' is clicked on

2022-10-31 16:21:07 - [TEST_STEP][PASSED] - delay(2): Delayed 2 second(s)

2022-10-31 16:21:09 - [MESSAGE][PASSED] - Delayed 2 second(s)

2022-10-31 16:21:09 - [TEST_STEP][PASSED] - click(findTestObject("06-Teams/For 2FA/button_Confirm_2FA")): Object: 'Object Repository/06-Teams/For 2FA/button_Confirm_2FA' is clicked on

2022-10-31 16:21:39 - [MESSAGE][PASSED] - Object: 'Object Repository/06-Teams/For 2FA/button_Confirm_2FA' is clicked on

2022-10-31 16:21:39 - [TEST_STEP][PASSED] - executeJavaScript("window.open();", []): Execute JavaScript 'window.open();' successfully

2022-10-31 16:21:39 - [MESSAGE][PASSED] - Execute JavaScript 'window.open();' successfully

2022-10-31 16:21:39 - [TEST_STEP][PASSED] - currentWindow = getWindowIndex(): Current window's index is: 0

2022-10-31 16:21:39 - [MESSAGE][PASSED] - Current window's index is: 0

2022-10-31 16:21:39 - [TEST_STEP][PASSED] - delay(3): Delayed 3 second(s)

2022-10-31 16:21:42 - [MESSAGE][PASSED] - Delayed 3 second(s)

2022-10-31 16:21:42 - [TEST_STEP][PASSED] - switchToWindowIndex(currentWindow + 1): Switched to window with index: '1'

2022-10-31 16:21:42 - [MESSAGE][PASSED] - Switched to window with index: '1'

2022-10-31 16:21:42 - [TEST_STEP][PASSED] - navigateToUrl("https://www.mailinator.com/"): Navigate to 'https://www.mailinator.com/' successfully

2022-10-31 16:21:44 - [MESSAGE][PASSED] - Navigate to 'https://www.mailinator.com/' successfully

2022-10-31 16:21:44 - [TEST_STEP][PASSED] - delay(3): Delayed 3 second(s)

2022-10-31 16:21:47 - [MESSAGE][PASSED] - Delayed 3 second(s)

2022-10-31 16:21:47 - [TEST_STEP][PASSED] - setText(findTestObject("00-Signup and Activation/zMailinator/input_LOGIN_search"), "autotester04@mailinator.com"): Text 'autotester04@mailinator.com' is set on object 'Object Repository/00-Signup and Activation/zMailinator/input_LOGIN_search'

2022-10-31 16:21:47 - [MESSAGE][PASSED] - Text 'autotester04@mailinator.com' is set on object 'Object Repository/00-Signup and Activation/zMailinator/input_LOGIN_search'

2022-10-31 16:21:47 - [TEST_STEP][PASSED] - click(findTestObject("00-Signup and Activation/zMailinator/gobutton"), STOP_ON_FAILURE): Object: 'Object Repository/00-Signup and Activation/zMailinator/gobutton' is clicked on

2022-10-31 16:21:48 - [MESSAGE][PASSED] - Object: 'Object Repository/00-Signup and Activation/zMailinator/gobutton' is clicked on

2022-10-31 16:21:48 - [TEST_STEP][PASSED] - delay(3): Delayed 3 second(s)

2022-10-31 16:21:51 - [MESSAGE][PASSED] - Delayed 3 second(s)

2022-10-31 16:21:51 - [TEST_STEP][PASSED] - click(findTestObject("00-Signup and Activation/zMailinator/Email - everleagues")): Object: 'Object Repository/00-Signup and Activation/zMailinator/Email - everleagues' is clicked on

2022-10-31 16:21:52 - [MESSAGE][PASSED] - Object: 'Object Repository/00-Signup and Activation/zMailinator/Email - everleagues' is clicked on

2022-10-31 16:21:52 - [TEST_STEP][PASSED] - delay(3): Delayed 3 second(s)

2022-10-31 16:21:55 - [MESSAGE][PASSED] - Delayed 3 second(s)

2022-10-31 16:21:55 - [TEST_STEP][PASSED] - codetwo = getText(findTestObject("Object Repository/06-Teams/For 2FA/2FA code")): Text of object 'Object Repository/06-Teams/For 2FA/2FA code' is: '709199'

2022-10-31 16:21:55 - [MESSAGE][PASSED] - Text of object 'Object Repository/06-Teams/For 2FA/2FA code' is: '709199'

2022-10-31 16:21:55 - [TEST_STEP][PASSED] - delay(3): Delayed 3 second(s)

2022-10-31 16:21:58 - [MESSAGE][PASSED] - Delayed 3 second(s)

2022-10-31 16:21:58 - [TEST_STEP][PASSED] - closeWindowTitle("Mailinator"): Window with title: 'Mailinator' is closed

2022-10-31 16:21:58 - [MESSAGE][PASSED] - Window with title: 'Mailinator' is closed

2022-10-31 16:21:58 - [TEST_STEP][PASSED] - delay(3): Delayed 3 second(s)

2022-10-31 16:22:01 - [MESSAGE][PASSED] - Delayed 3 second(s)

2022-10-31 16:22:01 - [TEST_STEP][PASSED] - switchToWindowIndex(0): Switched to window with index: '0'

2022-10-31 16:22:01 - [MESSAGE][PASSED] - Switched to window with index: '0'

2022-10-31 16:22:01 - [TEST_STEP][PASSED] - delay(3): Delayed 3 second(s)

2022-10-31 16:22:04 - [MESSAGE][PASSED] - Delayed 3 second(s)

2022-10-31 16:22:04 - [TEST_STEP][PASSED] - setText(findTestObject("Object Repository/06-Teams/For 2FA/input_Enter verification code_code"), codetwo): Text '709199' is set on object 'Object Repository/06-Teams/For 2FA/input_Enter verification code_code'

2022-10-31 16:23:05 - [MESSAGE][PASSED] - Text '709199' is set on object 'Object Repository/06-Teams/For 2FA/input_Enter verification code_code'

2022-10-31 16:23:05 - [TEST_STEP][PASSED] - delay(3): Delayed 3 second(s)

2022-10-31 16:23:08 - [MESSAGE][PASSED] - Delayed 3 second(s)

2022-10-31 16:23:08 - [TEST_STEP][PASSED] - click(findTestObject("06-Teams/For 2FA/button_Verify_2FA")): Object: 'Object Repository/06-Teams/For 2FA/button_Verify_2FA' is clicked on

2022-10-31 16:23:38 - [MESSAGE][PASSED] - Object: 'Object Repository/06-Teams/For 2FA/button_Verify_2FA' is clicked on

2022-10-31 16:23:38 - [TEST_STEP][PASSED] - delay(5): Delayed 5 second(s)

2022-10-31 16:23:43 - [MESSAGE][PASSED] - Delayed 5 second(s)

2022-10-31 16:23:43 - [TEST_STEP][PASSED] - executeJavaScript("window.open();", []): Execute JavaScript 'window.open();' successfully

2022-10-31 16:23:43 - [MESSAGE][PASSED] - Execute JavaScript 'window.open();' successfully

2022-10-31 16:23:43 - [TEST_STEP][PASSED] - currentWindow = getWindowIndex(): Current window's index is: 0

2022-10-31 16:23:43 - [MESSAGE][PASSED] - Current window's index is: 0

2022-10-31 16:23:43 - [TEST_STEP][PASSED] - delay(3): Delayed 3 second(s)

2022-10-31 16:23:46 - [MESSAGE][PASSED] - Delayed 3 second(s)

2022-10-31 16:23:46 - [TEST_STEP][PASSED] - switchToWindowIndex(currentWindow + 1): Switched to window with index: '1'

2022-10-31 16:23:46 - [MESSAGE][PASSED] - Switched to window with index: '1'

2022-10-31 16:23:46 - [TEST_STEP][PASSED] - navigateToUrl("https://www.mailinator.com/"): Navigate to 'https://www.mailinator.com/' successfully

2022-10-31 16:23:47 - [MESSAGE][PASSED] - Navigate to 'https://www.mailinator.com/' successfully

2022-10-31 16:23:47 - [TEST_STEP][PASSED] - delay(3): Delayed 3 second(s)

2022-10-31 16:23:50 - [MESSAGE][PASSED] - Delayed 3 second(s)

2022-10-31 16:23:50 - [TEST_STEP][PASSED] - setText(findTestObject("00-Signup and Activation/zMailinator/input_LOGIN_search"), "autotester04@mailinator.com"): Text 'autotester04@mailinator.com' is set on object 'Object Repository/00-Signup and Activation/zMailinator/input_LOGIN_search'

2022-10-31 16:23:51 - [MESSAGE][PASSED] - Text 'autotester04@mailinator.com' is set on object 'Object Repository/00-Signup and Activation/zMailinator/input_LOGIN_search'

2022-10-31 16:23:51 - [TEST_STEP][PASSED] - click(findTestObject("00-Signup and Activation/zMailinator/gobutton"), STOP_ON_FAILURE): Object: 'Object Repository/00-Signup and Activation/zMailinator/gobutton' is clicked on

2022-10-31 16:23:52 - [MESSAGE][PASSED] - Object: 'Object Repository/00-Signup and Activation/zMailinator/gobutton' is clicked on

2022-10-31 16:23:52 - [TEST_STEP][PASSED] - delay(3): Delayed 3 second(s)

2022-10-31 16:23:55 - [MESSAGE][PASSED] - Delayed 3 second(s)

2022-10-31 16:23:55 - [TEST_STEP][PASSED] - closeWindowTitle("Everleagues"): Window with title: 'Everleagues' is closed

2022-10-31 16:23:55 - [MESSAGE][PASSED] - Window with title: 'Everleagues' is closed

2022-10-31 16:23:55 - [TEST_STEP][PASSED] - switchToWindowIndex(0): Switched to window with index: '0'

2022-10-31 16:23:55 - [MESSAGE][PASSED] - Switched to window with index: '0'

2022-10-31 16:23:55 - [TEST_STEP][PASSED] - click(findTestObject("09-Settings/Users/Co worker/td_Invitation from GG Automation")): Object: 'Object Repository/09-Settings/Users/Co worker/td_Invitation from GG Automation' is clicked on

2022-10-31 16:23:55 - [MESSAGE][PASSED] - Object: 'Object Repository/09-Settings/Users/Co worker/td_Invitation from GG Automation' is clicked on

2022-10-31 16:23:55 - [TEST_STEP][PASSED] - click(findTestObject("09-Settings/Users/Co worker/a_Click here to join GG Automation on EverLeagues")): Object: 'Object Repository/09-Settings/Users/Co worker/a_Click here to join GG Automation on EverLeagues' is clicked on

2022-10-31 16:23:56 - [MESSAGE][PASSED] - Object: 'Object Repository/09-Settings/Users/Co worker/a_Click here to join GG Automation on EverLeagues' is clicked on

2022-10-31 16:23:56 - [TEST_STEP][PASSED] - delay(3): Delayed 3 second(s)

2022-10-31 16:23:59 - [MESSAGE][PASSED] - Delayed 3 second(s)

2022-10-31 16:23:59 - [TEST_STEP][PASSED] - closeWindowTitle("Mailinator"): Window with title: 'Mailinator' is closed

2022-10-31 16:23:59 - [MESSAGE][PASSED] - Window with title: 'Mailinator' is closed

2022-10-31 16:23:59 - [TEST_STEP][PASSED] - switchToWindowIndex(0): Switched to window with index: '0'

2022-10-31 16:23:59 - [MESSAGE][PASSED] - Switched to window with index: '0'

2022-10-31 16:23:59 - [TEST_STEP][PASSED] - verifyElementVisible(findTestObject("09-Settings/Users/Co worker/Invite modal")): Object 'Object Repository/09-Settings/Users/Co worker/Invite modal' is visible

2022-10-31 16:24:01 - [MESSAGE][PASSED] - Object 'Object Repository/09-Settings/Users/Co worker/Invite modal' is visible

2022-10-31 16:24:01 - [TEST_STEP][PASSED] - click(findTestObject("09-Settings/Users/Co worker/button_Accept")): Object: 'Object Repository/09-Settings/Users/Co worker/button_Accept' is clicked on

2022-10-31 16:24:02 - [MESSAGE][PASSED] - Object: 'Object Repository/09-Settings/Users/Co worker/button_Accept' is clicked on

2022-10-31 16:24:02 - [TEST_STEP][PASSED] - delay(10): Delayed 10 second(s)

2022-10-31 16:24:12 - [MESSAGE][PASSED] - Delayed 10 second(s)

2022-10-31 16:24:12 - [TEST_STEP][PASSED] - verifyElementVisible(findTestObject("09-Settings/Users/Co worker/div_Joined as CoWorker")): Object 'Object Repository/09-Settings/Users/Co worker/div_Joined as CoWorker' is visible

2022-10-31 16:24:12 - [MESSAGE][PASSED] - Object 'Object Repository/09-Settings/Users/Co worker/div_Joined as CoWorker' is visible

2022-10-31 16:24:12 - [TEST_STEP][PASSED] - closeBrowser(): Browser is closed

2022-10-31 16:24:13 - [MESSAGE][PASSED] - Browser is closed]]></system-out>
         <system-err><![CDATA[]]></system-err>
      </testcase>
      <testcase name="Test Cases/09-Settings/03 - Users (Invite new user as client)" time="223.624" classname="Test Cases/09-Settings/03 - Users (Invite new user as client)" status="PASSED">
         <system-out><![CDATA[2022-10-31 16:24:13 - [TEST_CASE][PASSED] - Test Cases/09-Settings/03 - Users (Invite new user as client): Test Cases/09-Settings/03 - Users (Invite new user as client)

2022-10-31 16:24:13 - [TEST_STEP][PASSED] - openBrowser(""): Browser is opened with url: ''

2022-10-31 16:24:13 - [MESSAGE][INFO] - Starting 'Chrome' driver

2022-10-31 16:24:13 - [MESSAGE][INFO] - Action delay is set to 0 milliseconds

2022-10-31 16:24:14 - [MESSAGE][PASSED] - Browser is opened with url: ''

2022-10-31 16:24:14 - [TEST_STEP][PASSED] - navigateToUrl("https://lab.everleagues.com/"): Navigate to 'https://lab.everleagues.com/' successfully

2022-10-31 16:24:56 - [MESSAGE][PASSED] - Navigate to 'https://lab.everleagues.com/' successfully

2022-10-31 16:24:56 - [TEST_STEP][PASSED] - maximizeWindow(): Current window maximized

2022-10-31 16:24:56 - [MESSAGE][PASSED] - Current window maximized

2022-10-31 16:24:56 - [TEST_STEP][PASSED] - setText(findTestObject("02-Side Icons(Organization)/Add Contact/Email Field"), "testuser02@mailinator.com"): Text 'testuser02@mailinator.com' is set on object 'Object Repository/02-Side Icons(Organization)/Add Contact/Email Field'

2022-10-31 16:24:57 - [MESSAGE][PASSED] - Text 'testuser02@mailinator.com' is set on object 'Object Repository/02-Side Icons(Organization)/Add Contact/Email Field'

2022-10-31 16:24:57 - [TEST_STEP][PASSED] - setEncryptedText(findTestObject("02-Side Icons(Organization)/Add Contact/Password Field"), "8yFRyszE6U6jvsCn51OQbg=="): Text ****** has been set on object 'Object Repository/02-Side Icons(Organization)/Add Contact/Password Field'

2022-10-31 16:24:57 - [MESSAGE][PASSED] - Text ****** has been set on object 'Object Repository/02-Side Icons(Organization)/Add Contact/Password Field'

2022-10-31 16:24:57 - [TEST_STEP][PASSED] - click(findTestObject("02-Side Icons(Organization)/Add Contact/button_Sign in")): Object: 'Object Repository/02-Side Icons(Organization)/Add Contact/button_Sign in' is clicked on

2022-10-31 16:24:58 - [MESSAGE][PASSED] - Object: 'Object Repository/02-Side Icons(Organization)/Add Contact/button_Sign in' is clicked on

2022-10-31 16:24:58 - [TEST_STEP][PASSED] - delay(2): Delayed 2 second(s)

2022-10-31 16:25:00 - [MESSAGE][PASSED] - Delayed 2 second(s)

2022-10-31 16:25:00 - [TEST_STEP][PASSED] - click(findTestObject("06-Teams/For 2FA/button_Confirm_2FA")): Object: 'Object Repository/06-Teams/For 2FA/button_Confirm_2FA' is clicked on

2022-10-31 16:25:01 - [MESSAGE][PASSED] - Object: 'Object Repository/06-Teams/For 2FA/button_Confirm_2FA' is clicked on

2022-10-31 16:25:01 - [TEST_STEP][PASSED] - executeJavaScript("window.open();", []): Execute JavaScript 'window.open();' successfully

2022-10-31 16:25:01 - [MESSAGE][PASSED] - Execute JavaScript 'window.open();' successfully

2022-10-31 16:25:01 - [TEST_STEP][PASSED] - currentWindow = getWindowIndex(): Current window's index is: 0

2022-10-31 16:25:01 - [MESSAGE][PASSED] - Current window's index is: 0

2022-10-31 16:25:01 - [TEST_STEP][PASSED] - delay(3): Delayed 3 second(s)

2022-10-31 16:25:04 - [MESSAGE][PASSED] - Delayed 3 second(s)

2022-10-31 16:25:04 - [TEST_STEP][PASSED] - switchToWindowIndex(currentWindow + 1): Switched to window with index: '1'

2022-10-31 16:25:04 - [MESSAGE][PASSED] - Switched to window with index: '1'

2022-10-31 16:25:04 - [TEST_STEP][PASSED] - navigateToUrl("https://www.mailinator.com/"): Navigate to 'https://www.mailinator.com/' successfully

2022-10-31 16:25:07 - [MESSAGE][PASSED] - Navigate to 'https://www.mailinator.com/' successfully

2022-10-31 16:25:07 - [TEST_STEP][PASSED] - delay(3): Delayed 3 second(s)

2022-10-31 16:25:10 - [MESSAGE][PASSED] - Delayed 3 second(s)

2022-10-31 16:25:10 - [TEST_STEP][PASSED] - setText(findTestObject("00-Signup and Activation/zMailinator/input_LOGIN_search"), "testuser02@mailinator.com"): Text 'testuser02@mailinator.com' is set on object 'Object Repository/00-Signup and Activation/zMailinator/input_LOGIN_search'

2022-10-31 16:25:10 - [MESSAGE][PASSED] - Text 'testuser02@mailinator.com' is set on object 'Object Repository/00-Signup and Activation/zMailinator/input_LOGIN_search'

2022-10-31 16:25:10 - [TEST_STEP][PASSED] - click(findTestObject("00-Signup and Activation/zMailinator/gobutton"), STOP_ON_FAILURE): Object: 'Object Repository/00-Signup and Activation/zMailinator/gobutton' is clicked on

2022-10-31 16:25:12 - [MESSAGE][PASSED] - Object: 'Object Repository/00-Signup and Activation/zMailinator/gobutton' is clicked on

2022-10-31 16:25:12 - [TEST_STEP][PASSED] - delay(3): Delayed 3 second(s)

2022-10-31 16:25:15 - [MESSAGE][PASSED] - Delayed 3 second(s)

2022-10-31 16:25:15 - [TEST_STEP][PASSED] - click(findTestObject("00-Signup and Activation/zMailinator/Email - everleagues")): Object: 'Object Repository/00-Signup and Activation/zMailinator/Email - everleagues' is clicked on

2022-10-31 16:25:15 - [MESSAGE][PASSED] - Object: 'Object Repository/00-Signup and Activation/zMailinator/Email - everleagues' is clicked on

2022-10-31 16:25:15 - [TEST_STEP][PASSED] - delay(3): Delayed 3 second(s)

2022-10-31 16:25:18 - [MESSAGE][PASSED] - Delayed 3 second(s)

2022-10-31 16:25:18 - [TEST_STEP][PASSED] - code = getText(findTestObject("Object Repository/06-Teams/For 2FA/2FA code")): Text of object 'Object Repository/06-Teams/For 2FA/2FA code' is: '931874'

2022-10-31 16:25:19 - [MESSAGE][PASSED] - Text of object 'Object Repository/06-Teams/For 2FA/2FA code' is: '931874'

2022-10-31 16:25:19 - [TEST_STEP][PASSED] - delay(3): Delayed 3 second(s)

2022-10-31 16:25:22 - [MESSAGE][PASSED] - Delayed 3 second(s)

2022-10-31 16:25:22 - [TEST_STEP][PASSED] - closeWindowTitle("Mailinator"): Window with title: 'Mailinator' is closed

2022-10-31 16:25:22 - [MESSAGE][PASSED] - Window with title: 'Mailinator' is closed

2022-10-31 16:25:22 - [TEST_STEP][PASSED] - delay(3): Delayed 3 second(s)

2022-10-31 16:25:25 - [MESSAGE][PASSED] - Delayed 3 second(s)

2022-10-31 16:25:25 - [TEST_STEP][PASSED] - switchToWindowIndex(0): Switched to window with index: '0'

2022-10-31 16:25:25 - [MESSAGE][PASSED] - Switched to window with index: '0'

2022-10-31 16:25:25 - [TEST_STEP][PASSED] - delay(3): Delayed 3 second(s)

2022-10-31 16:25:28 - [MESSAGE][PASSED] - Delayed 3 second(s)

2022-10-31 16:25:28 - [TEST_STEP][PASSED] - setText(findTestObject("Object Repository/06-Teams/For 2FA/input_Enter verification code_code"), code): Text '931874' is set on object 'Object Repository/06-Teams/For 2FA/input_Enter verification code_code'

2022-10-31 16:25:29 - [MESSAGE][PASSED] - Text '931874' is set on object 'Object Repository/06-Teams/For 2FA/input_Enter verification code_code'

2022-10-31 16:25:29 - [TEST_STEP][PASSED] - delay(3): Delayed 3 second(s)

2022-10-31 16:25:32 - [MESSAGE][PASSED] - Delayed 3 second(s)

2022-10-31 16:25:32 - [TEST_STEP][PASSED] - click(findTestObject("06-Teams/For 2FA/button_Verify_2FA")): Object: 'Object Repository/06-Teams/For 2FA/button_Verify_2FA' is clicked on

2022-10-31 16:25:33 - [MESSAGE][PASSED] - Object: 'Object Repository/06-Teams/For 2FA/button_Verify_2FA' is clicked on

2022-10-31 16:25:33 - [TEST_STEP][PASSED] - delay(5): Delayed 5 second(s)

2022-10-31 16:25:38 - [MESSAGE][PASSED] - Delayed 5 second(s)

2022-10-31 16:25:38 - [TEST_STEP][PASSED] - click(findTestObject("06-Teams/button_doublearrow")): Object: 'Object Repository/06-Teams/button_doublearrow' is clicked on

2022-10-31 16:25:38 - [MESSAGE][PASSED] - Object: 'Object Repository/06-Teams/button_doublearrow' is clicked on

2022-10-31 16:25:38 - [TEST_STEP][PASSED] - click(findTestObject("06-Teams/button_My Organizations")): Object: 'Object Repository/06-Teams/button_My Organizations' is clicked on

2022-10-31 16:25:39 - [MESSAGE][PASSED] - Object: 'Object Repository/06-Teams/button_My Organizations' is clicked on

2022-10-31 16:25:39 - [TEST_STEP][PASSED] - click(findTestObject("06-Teams/button_GG Automation")): Object: 'Object Repository/06-Teams/button_GG Automation' is clicked on

2022-10-31 16:25:40 - [MESSAGE][PASSED] - Object: 'Object Repository/06-Teams/button_GG Automation' is clicked on

2022-10-31 16:25:40 - [TEST_STEP][PASSED] - delay(4): Delayed 4 second(s)

2022-10-31 16:25:44 - [MESSAGE][PASSED] - Delayed 4 second(s)

2022-10-31 16:25:44 - [TEST_STEP][PASSED] - verifyElementVisible(findTestObject("06-Teams/span_GG Automation")): Object 'Object Repository/06-Teams/span_GG Automation' is visible

2022-10-31 16:25:44 - [MESSAGE][PASSED] - Object 'Object Repository/06-Teams/span_GG Automation' is visible

2022-10-31 16:25:44 - [TEST_STEP][PASSED] - delay(10): Delayed 10 second(s)

2022-10-31 16:25:54 - [MESSAGE][PASSED] - Delayed 10 second(s)

2022-10-31 16:25:54 - [TEST_STEP][PASSED] - click(findTestObject("03-Header Menu/Hamburger Button/div_Settings")): Object: 'Object Repository/03-Header Menu/Hamburger Button/div_Settings' is clicked on

2022-10-31 16:25:55 - [MESSAGE][PASSED] - Object: 'Object Repository/03-Header Menu/Hamburger Button/div_Settings' is clicked on

2022-10-31 16:25:55 - [TEST_STEP][PASSED] - delay(3): Delayed 3 second(s)

2022-10-31 16:25:58 - [MESSAGE][PASSED] - Delayed 3 second(s)

2022-10-31 16:25:58 - [TEST_STEP][PASSED] - click(findTestObject("09-Settings/Users/div_Users")): Object: 'Object Repository/09-Settings/Users/div_Users' is clicked on

2022-10-31 16:25:58 - [MESSAGE][PASSED] - Object: 'Object Repository/09-Settings/Users/div_Users' is clicked on

2022-10-31 16:25:58 - [TEST_STEP][PASSED] - delay(3): Delayed 3 second(s)

2022-10-31 16:26:01 - [MESSAGE][PASSED] - Delayed 3 second(s)

2022-10-31 16:26:01 - [TEST_STEP][PASSED] - click(findTestObject("09-Settings/Users/button_add")): Object: 'Object Repository/09-Settings/Users/button_add' is clicked on

2022-10-31 16:26:02 - [MESSAGE][PASSED] - Object: 'Object Repository/09-Settings/Users/button_add' is clicked on

2022-10-31 16:26:02 - [TEST_STEP][PASSED] - delay(3): Delayed 3 second(s)

2022-10-31 16:26:05 - [MESSAGE][PASSED] - Delayed 3 second(s)

2022-10-31 16:26:05 - [TEST_STEP][PASSED] - click(findTestObject("09-Settings/Users/add Invite a single user")): Object: 'Object Repository/09-Settings/Users/add Invite a single user' is clicked on

2022-10-31 16:26:05 - [MESSAGE][PASSED] - Object: 'Object Repository/09-Settings/Users/add Invite a single user' is clicked on

2022-10-31 16:26:05 - [TEST_STEP][PASSED] - delay(3): Delayed 3 second(s)

2022-10-31 16:26:08 - [MESSAGE][PASSED] - Delayed 3 second(s)

2022-10-31 16:26:08 - [TEST_STEP][PASSED] - setText(findTestObject("09-Settings/Users/input_email"), "autotester09@mailinator.com"): Text 'autotester09@mailinator.com' is set on object 'Object Repository/09-Settings/Users/input_email'

2022-10-31 16:26:09 - [MESSAGE][PASSED] - Text 'autotester09@mailinator.com' is set on object 'Object Repository/09-Settings/Users/input_email'

2022-10-31 16:26:09 - [TEST_STEP][PASSED] - setText(findTestObject("09-Settings/Users/input_firstName"), "GG"): Text 'GG' is set on object 'Object Repository/09-Settings/Users/input_firstName'

2022-10-31 16:26:10 - [MESSAGE][PASSED] - Text 'GG' is set on object 'Object Repository/09-Settings/Users/input_firstName'

2022-10-31 16:26:10 - [TEST_STEP][PASSED] - setText(findTestObject("09-Settings/Users/input_lastName"), "Client"): Text 'Client' is set on object 'Object Repository/09-Settings/Users/input_lastName'

2022-10-31 16:26:10 - [MESSAGE][PASSED] - Text 'Client' is set on object 'Object Repository/09-Settings/Users/input_lastName'

2022-10-31 16:26:10 - [TEST_STEP][PASSED] - click(findTestObject("09-Settings/Users/span_Role")): Object: 'Object Repository/09-Settings/Users/span_Role' is clicked on

2022-10-31 16:26:11 - [MESSAGE][PASSED] - Object: 'Object Repository/09-Settings/Users/span_Role' is clicked on

2022-10-31 16:26:11 - [TEST_STEP][PASSED] - click(findTestObject("09-Settings/Users/span_Client")): Object: 'Object Repository/09-Settings/Users/span_Client' is clicked on

2022-10-31 16:26:11 - [MESSAGE][PASSED] - Object: 'Object Repository/09-Settings/Users/span_Client' is clicked on

2022-10-31 16:26:11 - [TEST_STEP][PASSED] - click(findTestObject("09-Settings/Users/button_Send Invitation")): Object: 'Object Repository/09-Settings/Users/button_Send Invitation' is clicked on

2022-10-31 16:26:12 - [MESSAGE][PASSED] - Object: 'Object Repository/09-Settings/Users/button_Send Invitation' is clicked on

2022-10-31 16:26:12 - [TEST_STEP][PASSED] - delay(2): Delayed 2 second(s)

2022-10-31 16:26:14 - [MESSAGE][PASSED] - Delayed 2 second(s)

2022-10-31 16:26:14 - [TEST_STEP][PASSED] - verifyElementVisible(findTestObject("07-Directory/Connections/zContact Profile/Successfully invited user")): Object 'Object Repository/07-Directory/Connections/zContact Profile/Successfully invited user' is visible

2022-10-31 16:26:16 - [MESSAGE][PASSED] - Object 'Object Repository/07-Directory/Connections/zContact Profile/Successfully invited user' is visible

2022-10-31 16:26:16 - [TEST_STEP][PASSED] - delay(2): Delayed 2 second(s)

2022-10-31 16:26:18 - [MESSAGE][PASSED] - Delayed 2 second(s)

2022-10-31 16:26:18 - [TEST_STEP][PASSED] - click(findTestObject("01-Login and Forgot Password/User menu drop")): Object: 'Object Repository/01-Login and Forgot Password/User menu drop' is clicked on

2022-10-31 16:26:18 - [MESSAGE][PASSED] - Object: 'Object Repository/01-Login and Forgot Password/User menu drop' is clicked on

2022-10-31 16:26:18 - [TEST_STEP][PASSED] - delay(2): Delayed 2 second(s)

2022-10-31 16:26:20 - [MESSAGE][PASSED] - Delayed 2 second(s)

2022-10-31 16:26:20 - [TEST_STEP][PASSED] - click(findTestObject("01-Login and Forgot Password/h4_Sign Out"), STOP_ON_FAILURE): Object: 'Object Repository/01-Login and Forgot Password/h4_Sign Out' is clicked on

2022-10-31 16:26:21 - [MESSAGE][PASSED] - Object: 'Object Repository/01-Login and Forgot Password/h4_Sign Out' is clicked on

2022-10-31 16:26:21 - [TEST_STEP][PASSED] - delay(2): Delayed 2 second(s)

2022-10-31 16:26:23 - [MESSAGE][PASSED] - Delayed 2 second(s)

2022-10-31 16:26:23 - [TEST_STEP][PASSED] - verifyElementPresent(findTestObject("01-Login and Forgot Password/Login_Card"), 0): Object 'Object Repository/01-Login and Forgot Password/Login_Card' is present

2022-10-31 16:26:23 - [MESSAGE][WARNING] - Timeout '0' is invalid. Using default page load timeout: '30'

2022-10-31 16:26:23 - [MESSAGE][PASSED] - Object 'Object Repository/01-Login and Forgot Password/Login_Card' is present

2022-10-31 16:26:23 - [TEST_STEP][PASSED] - delay(3): Delayed 3 second(s)

2022-10-31 16:26:26 - [MESSAGE][PASSED] - Delayed 3 second(s)

2022-10-31 16:26:26 - [TEST_STEP][PASSED] - closeBrowser(): Browser is closed

2022-10-31 16:26:27 - [MESSAGE][PASSED] - Browser is closed

2022-10-31 16:26:27 - [TEST_STEP][PASSED] - openBrowser(""): Browser is opened with url: ''

2022-10-31 16:26:27 - [MESSAGE][INFO] - Starting 'Chrome' driver

2022-10-31 16:26:27 - [MESSAGE][INFO] - Action delay is set to 0 milliseconds

2022-10-31 16:26:28 - [MESSAGE][PASSED] - Browser is opened with url: ''

2022-10-31 16:26:28 - [TEST_STEP][PASSED] - navigateToUrl("https://lab.everleagues.com/"): Navigate to 'https://lab.everleagues.com/' successfully

2022-10-31 16:26:42 - [MESSAGE][PASSED] - Navigate to 'https://lab.everleagues.com/' successfully

2022-10-31 16:26:42 - [TEST_STEP][PASSED] - maximizeWindow(): Current window maximized

2022-10-31 16:26:42 - [MESSAGE][PASSED] - Current window maximized

2022-10-31 16:26:42 - [TEST_STEP][PASSED] - setText(findTestObject("02-Side Icons(Organization)/Add Contact/Email Field"), "autotester09@mailinator.com"): Text 'autotester09@mailinator.com' is set on object 'Object Repository/02-Side Icons(Organization)/Add Contact/Email Field'

2022-10-31 16:26:43 - [MESSAGE][PASSED] - Text 'autotester09@mailinator.com' is set on object 'Object Repository/02-Side Icons(Organization)/Add Contact/Email Field'

2022-10-31 16:26:43 - [TEST_STEP][PASSED] - setEncryptedText(findTestObject("02-Side Icons(Organization)/Add Contact/Password Field"), "8yFRyszE6U6jvsCn51OQbg=="): Text ****** has been set on object 'Object Repository/02-Side Icons(Organization)/Add Contact/Password Field'

2022-10-31 16:26:43 - [MESSAGE][PASSED] - Text ****** has been set on object 'Object Repository/02-Side Icons(Organization)/Add Contact/Password Field'

2022-10-31 16:26:43 - [TEST_STEP][PASSED] - click(findTestObject("02-Side Icons(Organization)/Add Contact/button_Sign in")): Object: 'Object Repository/02-Side Icons(Organization)/Add Contact/button_Sign in' is clicked on

2022-10-31 16:26:44 - [MESSAGE][PASSED] - Object: 'Object Repository/02-Side Icons(Organization)/Add Contact/button_Sign in' is clicked on

2022-10-31 16:26:44 - [TEST_STEP][PASSED] - delay(2): Delayed 2 second(s)

2022-10-31 16:26:46 - [MESSAGE][PASSED] - Delayed 2 second(s)

2022-10-31 16:26:46 - [TEST_STEP][PASSED] - click(findTestObject("06-Teams/For 2FA/button_Confirm_2FA")): Object: 'Object Repository/06-Teams/For 2FA/button_Confirm_2FA' is clicked on

2022-10-31 16:26:46 - [MESSAGE][PASSED] - Object: 'Object Repository/06-Teams/For 2FA/button_Confirm_2FA' is clicked on

2022-10-31 16:26:46 - [TEST_STEP][PASSED] - executeJavaScript("window.open();", []): Execute JavaScript 'window.open();' successfully

2022-10-31 16:26:46 - [MESSAGE][PASSED] - Execute JavaScript 'window.open();' successfully

2022-10-31 16:26:46 - [TEST_STEP][PASSED] - currentWindow = getWindowIndex(): Current window's index is: 0

2022-10-31 16:26:46 - [MESSAGE][PASSED] - Current window's index is: 0

2022-10-31 16:26:46 - [TEST_STEP][PASSED] - delay(3): Delayed 3 second(s)

2022-10-31 16:26:49 - [MESSAGE][PASSED] - Delayed 3 second(s)

2022-10-31 16:26:49 - [TEST_STEP][PASSED] - switchToWindowIndex(currentWindow + 1): Switched to window with index: '1'

2022-10-31 16:26:49 - [MESSAGE][PASSED] - Switched to window with index: '1'

2022-10-31 16:26:49 - [TEST_STEP][PASSED] - navigateToUrl("https://www.mailinator.com/"): Navigate to 'https://www.mailinator.com/' successfully

2022-10-31 16:26:51 - [MESSAGE][PASSED] - Navigate to 'https://www.mailinator.com/' successfully

2022-10-31 16:26:51 - [TEST_STEP][PASSED] - delay(3): Delayed 3 second(s)

2022-10-31 16:26:54 - [MESSAGE][PASSED] - Delayed 3 second(s)

2022-10-31 16:26:54 - [TEST_STEP][PASSED] - setText(findTestObject("00-Signup and Activation/zMailinator/input_LOGIN_search"), "autotester09@mailinator.com"): Text 'autotester09@mailinator.com' is set on object 'Object Repository/00-Signup and Activation/zMailinator/input_LOGIN_search'

2022-10-31 16:26:55 - [MESSAGE][PASSED] - Text 'autotester09@mailinator.com' is set on object 'Object Repository/00-Signup and Activation/zMailinator/input_LOGIN_search'

2022-10-31 16:26:55 - [TEST_STEP][PASSED] - click(findTestObject("00-Signup and Activation/zMailinator/gobutton"), STOP_ON_FAILURE): Object: 'Object Repository/00-Signup and Activation/zMailinator/gobutton' is clicked on

2022-10-31 16:26:56 - [MESSAGE][PASSED] - Object: 'Object Repository/00-Signup and Activation/zMailinator/gobutton' is clicked on

2022-10-31 16:26:56 - [TEST_STEP][PASSED] - delay(3): Delayed 3 second(s)

2022-10-31 16:26:59 - [MESSAGE][PASSED] - Delayed 3 second(s)

2022-10-31 16:26:59 - [TEST_STEP][PASSED] - click(findTestObject("00-Signup and Activation/zMailinator/Email - everleagues")): Object: 'Object Repository/00-Signup and Activation/zMailinator/Email - everleagues' is clicked on

2022-10-31 16:27:00 - [MESSAGE][PASSED] - Object: 'Object Repository/00-Signup and Activation/zMailinator/Email - everleagues' is clicked on

2022-10-31 16:27:00 - [TEST_STEP][PASSED] - delay(3): Delayed 3 second(s)

2022-10-31 16:27:03 - [MESSAGE][PASSED] - Delayed 3 second(s)

2022-10-31 16:27:03 - [TEST_STEP][PASSED] - codetwo = getText(findTestObject("Object Repository/06-Teams/For 2FA/2FA code")): Text of object 'Object Repository/06-Teams/For 2FA/2FA code' is: '653517'

2022-10-31 16:27:03 - [MESSAGE][PASSED] - Text of object 'Object Repository/06-Teams/For 2FA/2FA code' is: '653517'

2022-10-31 16:27:03 - [TEST_STEP][PASSED] - delay(3): Delayed 3 second(s)

2022-10-31 16:27:06 - [MESSAGE][PASSED] - Delayed 3 second(s)

2022-10-31 16:27:06 - [TEST_STEP][PASSED] - closeWindowTitle("Mailinator"): Window with title: 'Mailinator' is closed

2022-10-31 16:27:06 - [MESSAGE][PASSED] - Window with title: 'Mailinator' is closed

2022-10-31 16:27:06 - [TEST_STEP][PASSED] - delay(3): Delayed 3 second(s)

2022-10-31 16:27:09 - [MESSAGE][PASSED] - Delayed 3 second(s)

2022-10-31 16:27:09 - [TEST_STEP][PASSED] - switchToWindowIndex(0): Switched to window with index: '0'

2022-10-31 16:27:09 - [MESSAGE][PASSED] - Switched to window with index: '0'

2022-10-31 16:27:09 - [TEST_STEP][PASSED] - delay(3): Delayed 3 second(s)

2022-10-31 16:27:12 - [MESSAGE][PASSED] - Delayed 3 second(s)

2022-10-31 16:27:12 - [TEST_STEP][PASSED] - setText(findTestObject("Object Repository/06-Teams/For 2FA/input_Enter verification code_code"), codetwo): Text '653517' is set on object 'Object Repository/06-Teams/For 2FA/input_Enter verification code_code'

2022-10-31 16:27:14 - [MESSAGE][PASSED] - Text '653517' is set on object 'Object Repository/06-Teams/For 2FA/input_Enter verification code_code'

2022-10-31 16:27:14 - [TEST_STEP][PASSED] - delay(3): Delayed 3 second(s)

2022-10-31 16:27:17 - [MESSAGE][PASSED] - Delayed 3 second(s)

2022-10-31 16:27:17 - [TEST_STEP][PASSED] - click(findTestObject("06-Teams/For 2FA/button_Verify_2FA")): Object: 'Object Repository/06-Teams/For 2FA/button_Verify_2FA' is clicked on

2022-10-31 16:27:17 - [MESSAGE][PASSED] - Object: 'Object Repository/06-Teams/For 2FA/button_Verify_2FA' is clicked on

2022-10-31 16:27:17 - [TEST_STEP][PASSED] - delay(5): Delayed 5 second(s)

2022-10-31 16:27:22 - [MESSAGE][PASSED] - Delayed 5 second(s)

2022-10-31 16:27:22 - [TEST_STEP][PASSED] - executeJavaScript("window.open();", []): Execute JavaScript 'window.open();' successfully

2022-10-31 16:27:22 - [MESSAGE][PASSED] - Execute JavaScript 'window.open();' successfully

2022-10-31 16:27:22 - [TEST_STEP][PASSED] - currentWindow = getWindowIndex(): Current window's index is: 0

2022-10-31 16:27:22 - [MESSAGE][PASSED] - Current window's index is: 0

2022-10-31 16:27:22 - [TEST_STEP][PASSED] - delay(3): Delayed 3 second(s)

2022-10-31 16:27:25 - [MESSAGE][PASSED] - Delayed 3 second(s)

2022-10-31 16:27:25 - [TEST_STEP][PASSED] - switchToWindowIndex(currentWindow + 1): Switched to window with index: '1'

2022-10-31 16:27:25 - [MESSAGE][PASSED] - Switched to window with index: '1'

2022-10-31 16:27:25 - [TEST_STEP][PASSED] - navigateToUrl("https://www.mailinator.com/"): Navigate to 'https://www.mailinator.com/' successfully

2022-10-31 16:27:26 - [MESSAGE][PASSED] - Navigate to 'https://www.mailinator.com/' successfully

2022-10-31 16:27:26 - [TEST_STEP][PASSED] - delay(3): Delayed 3 second(s)

2022-10-31 16:27:29 - [MESSAGE][PASSED] - Delayed 3 second(s)

2022-10-31 16:27:29 - [TEST_STEP][PASSED] - setText(findTestObject("00-Signup and Activation/zMailinator/input_LOGIN_search"), "autotester09@mailinator.com"): Text 'autotester09@mailinator.com' is set on object 'Object Repository/00-Signup and Activation/zMailinator/input_LOGIN_search'

2022-10-31 16:27:30 - [MESSAGE][PASSED] - Text 'autotester09@mailinator.com' is set on object 'Object Repository/00-Signup and Activation/zMailinator/input_LOGIN_search'

2022-10-31 16:27:30 - [TEST_STEP][PASSED] - click(findTestObject("00-Signup and Activation/zMailinator/gobutton"), STOP_ON_FAILURE): Object: 'Object Repository/00-Signup and Activation/zMailinator/gobutton' is clicked on

2022-10-31 16:27:31 - [MESSAGE][PASSED] - Object: 'Object Repository/00-Signup and Activation/zMailinator/gobutton' is clicked on

2022-10-31 16:27:31 - [TEST_STEP][PASSED] - delay(3): Delayed 3 second(s)

2022-10-31 16:27:34 - [MESSAGE][PASSED] - Delayed 3 second(s)

2022-10-31 16:27:34 - [TEST_STEP][PASSED] - closeWindowTitle("Everleagues"): Window with title: 'Everleagues' is closed

2022-10-31 16:27:34 - [MESSAGE][PASSED] - Window with title: 'Everleagues' is closed

2022-10-31 16:27:34 - [TEST_STEP][PASSED] - switchToWindowIndex(0): Switched to window with index: '0'

2022-10-31 16:27:34 - [MESSAGE][PASSED] - Switched to window with index: '0'

2022-10-31 16:27:34 - [TEST_STEP][PASSED] - click(findTestObject("09-Settings/Users/Co worker/td_Invitation from GG Automation")): Object: 'Object Repository/09-Settings/Users/Co worker/td_Invitation from GG Automation' is clicked on

2022-10-31 16:27:34 - [MESSAGE][PASSED] - Object: 'Object Repository/09-Settings/Users/Co worker/td_Invitation from GG Automation' is clicked on

2022-10-31 16:27:34 - [TEST_STEP][PASSED] - click(findTestObject("09-Settings/Users/Co worker/a_Click here to join GG Automation on EverLeagues")): Object: 'Object Repository/09-Settings/Users/Co worker/a_Click here to join GG Automation on EverLeagues' is clicked on

2022-10-31 16:27:35 - [MESSAGE][PASSED] - Object: 'Object Repository/09-Settings/Users/Co worker/a_Click here to join GG Automation on EverLeagues' is clicked on

2022-10-31 16:27:35 - [TEST_STEP][PASSED] - closeWindowTitle("Mailinator"): Window with title: 'Mailinator' is closed

2022-10-31 16:27:35 - [MESSAGE][PASSED] - Window with title: 'Mailinator' is closed

2022-10-31 16:27:35 - [TEST_STEP][PASSED] - switchToWindowIndex(0): Switched to window with index: '0'

2022-10-31 16:27:35 - [MESSAGE][PASSED] - Switched to window with index: '0'

2022-10-31 16:27:35 - [TEST_STEP][PASSED] - verifyElementVisible(findTestObject("09-Settings/Users/Client/Invite modal")): Object 'Object Repository/09-Settings/Users/Client/Invite modal' is visible

2022-10-31 16:27:41 - [MESSAGE][PASSED] - Object 'Object Repository/09-Settings/Users/Client/Invite modal' is visible

2022-10-31 16:27:41 - [TEST_STEP][PASSED] - setText(findTestObject("09-Settings/Users/Client/Company field"), "QA Company"): Text 'QA Company' is set on object 'Object Repository/09-Settings/Users/Client/Company field'

2022-10-31 16:27:42 - [MESSAGE][PASSED] - Text 'QA Company' is set on object 'Object Repository/09-Settings/Users/Client/Company field'

2022-10-31 16:27:42 - [TEST_STEP][PASSED] - click(findTestObject("09-Settings/Users/Client/button_Accept")): Object: 'Object Repository/09-Settings/Users/Client/button_Accept' is clicked on

2022-10-31 16:27:43 - [MESSAGE][PASSED] - Object: 'Object Repository/09-Settings/Users/Client/button_Accept' is clicked on

2022-10-31 16:27:43 - [TEST_STEP][PASSED] - delay(10): Delayed 10 second(s)

2022-10-31 16:27:53 - [MESSAGE][PASSED] - Delayed 10 second(s)

2022-10-31 16:27:53 - [TEST_STEP][PASSED] - verifyElementVisible(findTestObject("09-Settings/Users/Client/div_Joined as CLIENT")): Object 'Object Repository/09-Settings/Users/Client/div_Joined as CLIENT' is visible

2022-10-31 16:27:53 - [MESSAGE][PASSED] - Object 'Object Repository/09-Settings/Users/Client/div_Joined as CLIENT' is visible

2022-10-31 16:27:53 - [TEST_STEP][PASSED] - delay(3): Delayed 3 second(s)

2022-10-31 16:27:56 - [MESSAGE][PASSED] - Delayed 3 second(s)

2022-10-31 16:27:56 - [TEST_STEP][PASSED] - closeBrowser(): Browser is closed

2022-10-31 16:27:57 - [MESSAGE][PASSED] - Browser is closed]]></system-out>
         <system-err><![CDATA[]]></system-err>
      </testcase>
      <testcase name="Test Cases/09-Settings/04 - Users (Invite new user as partner)" time="235.728" classname="Test Cases/09-Settings/04 - Users (Invite new user as partner)" status="PASSED">
         <system-out><![CDATA[2022-10-31 16:27:57 - [TEST_CASE][PASSED] - Test Cases/09-Settings/04 - Users (Invite new user as partner): Test Cases/09-Settings/04 - Users (Invite new user as partner)

2022-10-31 16:27:57 - [TEST_STEP][PASSED] - openBrowser(""): Browser is opened with url: ''

2022-10-31 16:27:57 - [MESSAGE][INFO] - Starting 'Chrome' driver

2022-10-31 16:27:57 - [MESSAGE][INFO] - Action delay is set to 0 milliseconds

2022-10-31 16:27:58 - [MESSAGE][PASSED] - Browser is opened with url: ''

2022-10-31 16:27:58 - [TEST_STEP][PASSED] - navigateToUrl("https://lab.everleagues.com/"): Navigate to 'https://lab.everleagues.com/' successfully

2022-10-31 16:28:15 - [MESSAGE][PASSED] - Navigate to 'https://lab.everleagues.com/' successfully

2022-10-31 16:28:15 - [TEST_STEP][PASSED] - maximizeWindow(): Current window maximized

2022-10-31 16:28:15 - [MESSAGE][PASSED] - Current window maximized

2022-10-31 16:28:15 - [TEST_STEP][PASSED] - setText(findTestObject("02-Side Icons(Organization)/Add Contact/Email Field"), "testuser02@mailinator.com"): Text 'testuser02@mailinator.com' is set on object 'Object Repository/02-Side Icons(Organization)/Add Contact/Email Field'

2022-10-31 16:28:16 - [MESSAGE][PASSED] - Text 'testuser02@mailinator.com' is set on object 'Object Repository/02-Side Icons(Organization)/Add Contact/Email Field'

2022-10-31 16:28:16 - [TEST_STEP][PASSED] - setEncryptedText(findTestObject("02-Side Icons(Organization)/Add Contact/Password Field"), "8yFRyszE6U6jvsCn51OQbg=="): Text ****** has been set on object 'Object Repository/02-Side Icons(Organization)/Add Contact/Password Field'

2022-10-31 16:28:16 - [MESSAGE][PASSED] - Text ****** has been set on object 'Object Repository/02-Side Icons(Organization)/Add Contact/Password Field'

2022-10-31 16:28:16 - [TEST_STEP][PASSED] - click(findTestObject("02-Side Icons(Organization)/Add Contact/button_Sign in")): Object: 'Object Repository/02-Side Icons(Organization)/Add Contact/button_Sign in' is clicked on

2022-10-31 16:28:17 - [MESSAGE][PASSED] - Object: 'Object Repository/02-Side Icons(Organization)/Add Contact/button_Sign in' is clicked on

2022-10-31 16:28:17 - [TEST_STEP][PASSED] - delay(2): Delayed 2 second(s)

2022-10-31 16:28:19 - [MESSAGE][PASSED] - Delayed 2 second(s)

2022-10-31 16:28:19 - [TEST_STEP][PASSED] - click(findTestObject("06-Teams/For 2FA/button_Confirm_2FA")): Object: 'Object Repository/06-Teams/For 2FA/button_Confirm_2FA' is clicked on

2022-10-31 16:28:19 - [MESSAGE][PASSED] - Object: 'Object Repository/06-Teams/For 2FA/button_Confirm_2FA' is clicked on

2022-10-31 16:28:19 - [TEST_STEP][PASSED] - executeJavaScript("window.open();", []): Execute JavaScript 'window.open();' successfully

2022-10-31 16:28:20 - [MESSAGE][PASSED] - Execute JavaScript 'window.open();' successfully

2022-10-31 16:28:20 - [TEST_STEP][PASSED] - currentWindow = getWindowIndex(): Current window's index is: 0

2022-10-31 16:28:20 - [MESSAGE][PASSED] - Current window's index is: 0

2022-10-31 16:28:20 - [TEST_STEP][PASSED] - delay(3): Delayed 3 second(s)

2022-10-31 16:28:23 - [MESSAGE][PASSED] - Delayed 3 second(s)

2022-10-31 16:28:23 - [TEST_STEP][PASSED] - switchToWindowIndex(currentWindow + 1): Switched to window with index: '1'

2022-10-31 16:28:23 - [MESSAGE][PASSED] - Switched to window with index: '1'

2022-10-31 16:28:23 - [TEST_STEP][PASSED] - navigateToUrl("https://www.mailinator.com/"): Navigate to 'https://www.mailinator.com/' successfully

2022-10-31 16:28:24 - [MESSAGE][PASSED] - Navigate to 'https://www.mailinator.com/' successfully

2022-10-31 16:28:24 - [TEST_STEP][PASSED] - delay(3): Delayed 3 second(s)

2022-10-31 16:28:27 - [MESSAGE][PASSED] - Delayed 3 second(s)

2022-10-31 16:28:27 - [TEST_STEP][PASSED] - setText(findTestObject("00-Signup and Activation/zMailinator/input_LOGIN_search"), "testuser02@mailinator.com"): Text 'testuser02@mailinator.com' is set on object 'Object Repository/00-Signup and Activation/zMailinator/input_LOGIN_search'

2022-10-31 16:28:28 - [MESSAGE][PASSED] - Text 'testuser02@mailinator.com' is set on object 'Object Repository/00-Signup and Activation/zMailinator/input_LOGIN_search'

2022-10-31 16:28:28 - [TEST_STEP][PASSED] - click(findTestObject("00-Signup and Activation/zMailinator/gobutton"), STOP_ON_FAILURE): Object: 'Object Repository/00-Signup and Activation/zMailinator/gobutton' is clicked on

2022-10-31 16:28:29 - [MESSAGE][PASSED] - Object: 'Object Repository/00-Signup and Activation/zMailinator/gobutton' is clicked on

2022-10-31 16:28:29 - [TEST_STEP][PASSED] - delay(3): Delayed 3 second(s)

2022-10-31 16:28:32 - [MESSAGE][PASSED] - Delayed 3 second(s)

2022-10-31 16:28:32 - [TEST_STEP][PASSED] - click(findTestObject("00-Signup and Activation/zMailinator/Email - everleagues")): Object: 'Object Repository/00-Signup and Activation/zMailinator/Email - everleagues' is clicked on

2022-10-31 16:28:33 - [MESSAGE][PASSED] - Object: 'Object Repository/00-Signup and Activation/zMailinator/Email - everleagues' is clicked on

2022-10-31 16:28:33 - [TEST_STEP][PASSED] - delay(3): Delayed 3 second(s)

2022-10-31 16:28:36 - [MESSAGE][PASSED] - Delayed 3 second(s)

2022-10-31 16:28:36 - [TEST_STEP][PASSED] - code = getText(findTestObject("Object Repository/06-Teams/For 2FA/2FA code")): Text of object 'Object Repository/06-Teams/For 2FA/2FA code' is: '466001'

2022-10-31 16:28:36 - [MESSAGE][PASSED] - Text of object 'Object Repository/06-Teams/For 2FA/2FA code' is: '466001'

2022-10-31 16:28:36 - [TEST_STEP][PASSED] - delay(3): Delayed 3 second(s)

2022-10-31 16:28:39 - [MESSAGE][PASSED] - Delayed 3 second(s)

2022-10-31 16:28:39 - [TEST_STEP][PASSED] - closeWindowTitle("Mailinator"): Window with title: 'Mailinator' is closed

2022-10-31 16:28:39 - [MESSAGE][PASSED] - Window with title: 'Mailinator' is closed

2022-10-31 16:28:39 - [TEST_STEP][PASSED] - delay(3): Delayed 3 second(s)

2022-10-31 16:28:42 - [MESSAGE][PASSED] - Delayed 3 second(s)

2022-10-31 16:28:42 - [TEST_STEP][PASSED] - switchToWindowIndex(0): Switched to window with index: '0'

2022-10-31 16:28:42 - [MESSAGE][PASSED] - Switched to window with index: '0'

2022-10-31 16:28:42 - [TEST_STEP][PASSED] - delay(3): Delayed 3 second(s)

2022-10-31 16:28:45 - [MESSAGE][PASSED] - Delayed 3 second(s)

2022-10-31 16:28:45 - [TEST_STEP][PASSED] - setText(findTestObject("Object Repository/06-Teams/For 2FA/input_Enter verification code_code"), code): Text '466001' is set on object 'Object Repository/06-Teams/For 2FA/input_Enter verification code_code'

2022-10-31 16:28:46 - [MESSAGE][PASSED] - Text '466001' is set on object 'Object Repository/06-Teams/For 2FA/input_Enter verification code_code'

2022-10-31 16:28:46 - [TEST_STEP][PASSED] - delay(3): Delayed 3 second(s)

2022-10-31 16:28:49 - [MESSAGE][PASSED] - Delayed 3 second(s)

2022-10-31 16:28:49 - [TEST_STEP][PASSED] - click(findTestObject("06-Teams/For 2FA/button_Verify_2FA")): Object: 'Object Repository/06-Teams/For 2FA/button_Verify_2FA' is clicked on

2022-10-31 16:28:50 - [MESSAGE][PASSED] - Object: 'Object Repository/06-Teams/For 2FA/button_Verify_2FA' is clicked on

2022-10-31 16:28:50 - [TEST_STEP][PASSED] - delay(5): Delayed 5 second(s)

2022-10-31 16:28:55 - [MESSAGE][PASSED] - Delayed 5 second(s)

2022-10-31 16:28:55 - [TEST_STEP][PASSED] - click(findTestObject("06-Teams/button_doublearrow")): Object: 'Object Repository/06-Teams/button_doublearrow' is clicked on

2022-10-31 16:28:56 - [MESSAGE][PASSED] - Object: 'Object Repository/06-Teams/button_doublearrow' is clicked on

2022-10-31 16:28:56 - [TEST_STEP][PASSED] - click(findTestObject("06-Teams/button_My Organizations")): Object: 'Object Repository/06-Teams/button_My Organizations' is clicked on

2022-10-31 16:28:57 - [MESSAGE][PASSED] - Object: 'Object Repository/06-Teams/button_My Organizations' is clicked on

2022-10-31 16:28:57 - [TEST_STEP][PASSED] - click(findTestObject("06-Teams/button_GG Automation")): Object: 'Object Repository/06-Teams/button_GG Automation' is clicked on

2022-10-31 16:28:58 - [MESSAGE][PASSED] - Object: 'Object Repository/06-Teams/button_GG Automation' is clicked on

2022-10-31 16:28:58 - [TEST_STEP][PASSED] - delay(4): Delayed 4 second(s)

2022-10-31 16:29:02 - [MESSAGE][PASSED] - Delayed 4 second(s)

2022-10-31 16:29:02 - [TEST_STEP][PASSED] - verifyElementVisible(findTestObject("06-Teams/span_GG Automation")): Object 'Object Repository/06-Teams/span_GG Automation' is visible

2022-10-31 16:29:02 - [MESSAGE][PASSED] - Object 'Object Repository/06-Teams/span_GG Automation' is visible

2022-10-31 16:29:02 - [TEST_STEP][PASSED] - delay(10): Delayed 10 second(s)

2022-10-31 16:29:12 - [MESSAGE][PASSED] - Delayed 10 second(s)

2022-10-31 16:29:12 - [TEST_STEP][PASSED] - click(findTestObject("03-Header Menu/Hamburger Button/div_Settings")): Object: 'Object Repository/03-Header Menu/Hamburger Button/div_Settings' is clicked on

2022-10-31 16:29:13 - [MESSAGE][PASSED] - Object: 'Object Repository/03-Header Menu/Hamburger Button/div_Settings' is clicked on

2022-10-31 16:29:13 - [TEST_STEP][PASSED] - delay(3): Delayed 3 second(s)

2022-10-31 16:29:16 - [MESSAGE][PASSED] - Delayed 3 second(s)

2022-10-31 16:29:16 - [TEST_STEP][PASSED] - click(findTestObject("09-Settings/Users/div_Users")): Object: 'Object Repository/09-Settings/Users/div_Users' is clicked on

2022-10-31 16:29:16 - [MESSAGE][PASSED] - Object: 'Object Repository/09-Settings/Users/div_Users' is clicked on

2022-10-31 16:29:16 - [TEST_STEP][PASSED] - delay(3): Delayed 3 second(s)

2022-10-31 16:29:19 - [MESSAGE][PASSED] - Delayed 3 second(s)

2022-10-31 16:29:19 - [TEST_STEP][PASSED] - click(findTestObject("09-Settings/Users/button_add")): Object: 'Object Repository/09-Settings/Users/button_add' is clicked on

2022-10-31 16:29:20 - [MESSAGE][PASSED] - Object: 'Object Repository/09-Settings/Users/button_add' is clicked on

2022-10-31 16:29:20 - [TEST_STEP][PASSED] - delay(3): Delayed 3 second(s)

2022-10-31 16:29:23 - [MESSAGE][PASSED] - Delayed 3 second(s)

2022-10-31 16:29:23 - [TEST_STEP][PASSED] - click(findTestObject("09-Settings/Users/add Invite a single user")): Object: 'Object Repository/09-Settings/Users/add Invite a single user' is clicked on

2022-10-31 16:29:24 - [MESSAGE][PASSED] - Object: 'Object Repository/09-Settings/Users/add Invite a single user' is clicked on

2022-10-31 16:29:24 - [TEST_STEP][PASSED] - delay(3): Delayed 3 second(s)

2022-10-31 16:29:27 - [MESSAGE][PASSED] - Delayed 3 second(s)

2022-10-31 16:29:27 - [TEST_STEP][PASSED] - setText(findTestObject("09-Settings/Users/input_email"), "autotester10@mailinator.com"): Text 'autotester10@mailinator.com' is set on object 'Object Repository/09-Settings/Users/input_email'

2022-10-31 16:29:28 - [MESSAGE][PASSED] - Text 'autotester10@mailinator.com' is set on object 'Object Repository/09-Settings/Users/input_email'

2022-10-31 16:29:28 - [TEST_STEP][PASSED] - setText(findTestObject("09-Settings/Users/input_firstName"), "GG"): Text 'GG' is set on object 'Object Repository/09-Settings/Users/input_firstName'

2022-10-31 16:29:28 - [MESSAGE][PASSED] - Text 'GG' is set on object 'Object Repository/09-Settings/Users/input_firstName'

2022-10-31 16:29:28 - [TEST_STEP][PASSED] - setText(findTestObject("09-Settings/Users/input_lastName"), "Partner"): Text 'Partner' is set on object 'Object Repository/09-Settings/Users/input_lastName'

2022-10-31 16:29:29 - [MESSAGE][PASSED] - Text 'Partner' is set on object 'Object Repository/09-Settings/Users/input_lastName'

2022-10-31 16:29:29 - [TEST_STEP][PASSED] - click(findTestObject("09-Settings/Users/span_Role")): Object: 'Object Repository/09-Settings/Users/span_Role' is clicked on

2022-10-31 16:29:30 - [MESSAGE][PASSED] - Object: 'Object Repository/09-Settings/Users/span_Role' is clicked on

2022-10-31 16:29:30 - [TEST_STEP][PASSED] - click(findTestObject("09-Settings/Users/span_Partner")): Object: 'Object Repository/09-Settings/Users/span_Partner' is clicked on

2022-10-31 16:29:30 - [MESSAGE][PASSED] - Object: 'Object Repository/09-Settings/Users/span_Partner' is clicked on

2022-10-31 16:29:30 - [TEST_STEP][PASSED] - click(findTestObject("09-Settings/Users/button_Send Invitation")): Object: 'Object Repository/09-Settings/Users/button_Send Invitation' is clicked on

2022-10-31 16:29:31 - [MESSAGE][PASSED] - Object: 'Object Repository/09-Settings/Users/button_Send Invitation' is clicked on

2022-10-31 16:29:31 - [TEST_STEP][PASSED] - delay(2): Delayed 2 second(s)

2022-10-31 16:29:33 - [MESSAGE][PASSED] - Delayed 2 second(s)

2022-10-31 16:29:33 - [TEST_STEP][PASSED] - verifyElementVisible(findTestObject("07-Directory/Connections/zContact Profile/Successfully invited user")): Object 'Object Repository/07-Directory/Connections/zContact Profile/Successfully invited user' is visible

2022-10-31 16:29:36 - [MESSAGE][PASSED] - Object 'Object Repository/07-Directory/Connections/zContact Profile/Successfully invited user' is visible

2022-10-31 16:29:36 - [TEST_STEP][PASSED] - delay(2): Delayed 2 second(s)

2022-10-31 16:29:38 - [MESSAGE][PASSED] - Delayed 2 second(s)

2022-10-31 16:29:38 - [TEST_STEP][PASSED] - click(findTestObject("01-Login and Forgot Password/User menu drop")): Object: 'Object Repository/01-Login and Forgot Password/User menu drop' is clicked on

2022-10-31 16:29:38 - [MESSAGE][PASSED] - Object: 'Object Repository/01-Login and Forgot Password/User menu drop' is clicked on

2022-10-31 16:29:38 - [TEST_STEP][PASSED] - delay(2): Delayed 2 second(s)

2022-10-31 16:29:40 - [MESSAGE][PASSED] - Delayed 2 second(s)

2022-10-31 16:29:40 - [TEST_STEP][PASSED] - click(findTestObject("01-Login and Forgot Password/h4_Sign Out"), STOP_ON_FAILURE): Object: 'Object Repository/01-Login and Forgot Password/h4_Sign Out' is clicked on

2022-10-31 16:29:41 - [MESSAGE][PASSED] - Object: 'Object Repository/01-Login and Forgot Password/h4_Sign Out' is clicked on

2022-10-31 16:29:41 - [TEST_STEP][PASSED] - delay(2): Delayed 2 second(s)

2022-10-31 16:29:43 - [MESSAGE][PASSED] - Delayed 2 second(s)

2022-10-31 16:29:43 - [TEST_STEP][PASSED] - verifyElementPresent(findTestObject("01-Login and Forgot Password/Login_Card"), 0): Object 'Object Repository/01-Login and Forgot Password/Login_Card' is present

2022-10-31 16:29:43 - [MESSAGE][WARNING] - Timeout '0' is invalid. Using default page load timeout: '30'

2022-10-31 16:29:43 - [MESSAGE][PASSED] - Object 'Object Repository/01-Login and Forgot Password/Login_Card' is present

2022-10-31 16:29:43 - [TEST_STEP][PASSED] - delay(3): Delayed 3 second(s)

2022-10-31 16:29:46 - [MESSAGE][PASSED] - Delayed 3 second(s)

2022-10-31 16:29:46 - [TEST_STEP][PASSED] - closeBrowser(): Browser is closed

2022-10-31 16:29:47 - [MESSAGE][PASSED] - Browser is closed

2022-10-31 16:29:47 - [TEST_STEP][PASSED] - openBrowser(""): Browser is opened with url: ''

2022-10-31 16:29:47 - [MESSAGE][INFO] - Starting 'Chrome' driver

2022-10-31 16:29:47 - [MESSAGE][INFO] - Action delay is set to 0 milliseconds

2022-10-31 16:29:48 - [MESSAGE][PASSED] - Browser is opened with url: ''

2022-10-31 16:29:48 - [TEST_STEP][PASSED] - navigateToUrl("https://lab.everleagues.com/"): Navigate to 'https://lab.everleagues.com/' successfully

2022-10-31 16:30:38 - [MESSAGE][PASSED] - Navigate to 'https://lab.everleagues.com/' successfully

2022-10-31 16:30:38 - [TEST_STEP][PASSED] - maximizeWindow(): Current window maximized

2022-10-31 16:30:38 - [MESSAGE][PASSED] - Current window maximized

2022-10-31 16:30:38 - [TEST_STEP][PASSED] - setText(findTestObject("02-Side Icons(Organization)/Add Contact/Email Field"), "autotester10@mailinator.com"): Text 'autotester10@mailinator.com' is set on object 'Object Repository/02-Side Icons(Organization)/Add Contact/Email Field'

2022-10-31 16:30:38 - [MESSAGE][PASSED] - Text 'autotester10@mailinator.com' is set on object 'Object Repository/02-Side Icons(Organization)/Add Contact/Email Field'

2022-10-31 16:30:38 - [TEST_STEP][PASSED] - setEncryptedText(findTestObject("02-Side Icons(Organization)/Add Contact/Password Field"), "8yFRyszE6U6jvsCn51OQbg=="): Text ****** has been set on object 'Object Repository/02-Side Icons(Organization)/Add Contact/Password Field'

2022-10-31 16:30:39 - [MESSAGE][PASSED] - Text ****** has been set on object 'Object Repository/02-Side Icons(Organization)/Add Contact/Password Field'

2022-10-31 16:30:39 - [TEST_STEP][PASSED] - click(findTestObject("02-Side Icons(Organization)/Add Contact/button_Sign in")): Object: 'Object Repository/02-Side Icons(Organization)/Add Contact/button_Sign in' is clicked on

2022-10-31 16:30:40 - [MESSAGE][PASSED] - Object: 'Object Repository/02-Side Icons(Organization)/Add Contact/button_Sign in' is clicked on

2022-10-31 16:30:40 - [TEST_STEP][PASSED] - delay(2): Delayed 2 second(s)

2022-10-31 16:30:42 - [MESSAGE][PASSED] - Delayed 2 second(s)

2022-10-31 16:30:42 - [TEST_STEP][PASSED] - click(findTestObject("06-Teams/For 2FA/button_Confirm_2FA")): Object: 'Object Repository/06-Teams/For 2FA/button_Confirm_2FA' is clicked on

2022-10-31 16:30:42 - [MESSAGE][PASSED] - Object: 'Object Repository/06-Teams/For 2FA/button_Confirm_2FA' is clicked on

2022-10-31 16:30:42 - [TEST_STEP][PASSED] - executeJavaScript("window.open();", []): Execute JavaScript 'window.open();' successfully

2022-10-31 16:30:42 - [MESSAGE][PASSED] - Execute JavaScript 'window.open();' successfully

2022-10-31 16:30:42 - [TEST_STEP][PASSED] - currentWindow = getWindowIndex(): Current window's index is: 0

2022-10-31 16:30:42 - [MESSAGE][PASSED] - Current window's index is: 0

2022-10-31 16:30:42 - [TEST_STEP][PASSED] - delay(3): Delayed 3 second(s)

2022-10-31 16:30:45 - [MESSAGE][PASSED] - Delayed 3 second(s)

2022-10-31 16:30:45 - [TEST_STEP][PASSED] - switchToWindowIndex(currentWindow + 1): Switched to window with index: '1'

2022-10-31 16:30:45 - [MESSAGE][PASSED] - Switched to window with index: '1'

2022-10-31 16:30:45 - [TEST_STEP][PASSED] - navigateToUrl("https://www.mailinator.com/"): Navigate to 'https://www.mailinator.com/' successfully

2022-10-31 16:30:47 - [MESSAGE][PASSED] - Navigate to 'https://www.mailinator.com/' successfully

2022-10-31 16:30:47 - [TEST_STEP][PASSED] - delay(3): Delayed 3 second(s)

2022-10-31 16:30:50 - [MESSAGE][PASSED] - Delayed 3 second(s)

2022-10-31 16:30:50 - [TEST_STEP][PASSED] - setText(findTestObject("00-Signup and Activation/zMailinator/input_LOGIN_search"), "autotester10@mailinator.com"): Text 'autotester10@mailinator.com' is set on object 'Object Repository/00-Signup and Activation/zMailinator/input_LOGIN_search'

2022-10-31 16:30:51 - [MESSAGE][PASSED] - Text 'autotester10@mailinator.com' is set on object 'Object Repository/00-Signup and Activation/zMailinator/input_LOGIN_search'

2022-10-31 16:30:51 - [TEST_STEP][PASSED] - click(findTestObject("00-Signup and Activation/zMailinator/gobutton"), STOP_ON_FAILURE): Object: 'Object Repository/00-Signup and Activation/zMailinator/gobutton' is clicked on

2022-10-31 16:30:52 - [MESSAGE][PASSED] - Object: 'Object Repository/00-Signup and Activation/zMailinator/gobutton' is clicked on

2022-10-31 16:30:52 - [TEST_STEP][PASSED] - delay(3): Delayed 3 second(s)

2022-10-31 16:30:55 - [MESSAGE][PASSED] - Delayed 3 second(s)

2022-10-31 16:30:55 - [TEST_STEP][PASSED] - click(findTestObject("00-Signup and Activation/zMailinator/Email - everleagues")): Object: 'Object Repository/00-Signup and Activation/zMailinator/Email - everleagues' is clicked on

2022-10-31 16:30:56 - [MESSAGE][PASSED] - Object: 'Object Repository/00-Signup and Activation/zMailinator/Email - everleagues' is clicked on

2022-10-31 16:30:56 - [TEST_STEP][PASSED] - delay(3): Delayed 3 second(s)

2022-10-31 16:30:59 - [MESSAGE][PASSED] - Delayed 3 second(s)

2022-10-31 16:30:59 - [TEST_STEP][PASSED] - codetwo = getText(findTestObject("Object Repository/06-Teams/For 2FA/2FA code")): Text of object 'Object Repository/06-Teams/For 2FA/2FA code' is: '223039'

2022-10-31 16:30:59 - [MESSAGE][PASSED] - Text of object 'Object Repository/06-Teams/For 2FA/2FA code' is: '223039'

2022-10-31 16:30:59 - [TEST_STEP][PASSED] - delay(3): Delayed 3 second(s)

2022-10-31 16:31:02 - [MESSAGE][PASSED] - Delayed 3 second(s)

2022-10-31 16:31:02 - [TEST_STEP][PASSED] - closeWindowTitle("Mailinator"): Window with title: 'Mailinator' is closed

2022-10-31 16:31:02 - [MESSAGE][PASSED] - Window with title: 'Mailinator' is closed

2022-10-31 16:31:02 - [TEST_STEP][PASSED] - delay(3): Delayed 3 second(s)

2022-10-31 16:31:05 - [MESSAGE][PASSED] - Delayed 3 second(s)

2022-10-31 16:31:05 - [TEST_STEP][PASSED] - switchToWindowIndex(0): Switched to window with index: '0'

2022-10-31 16:31:05 - [MESSAGE][PASSED] - Switched to window with index: '0'

2022-10-31 16:31:05 - [TEST_STEP][PASSED] - delay(3): Delayed 3 second(s)

2022-10-31 16:31:08 - [MESSAGE][PASSED] - Delayed 3 second(s)

2022-10-31 16:31:08 - [TEST_STEP][PASSED] - setText(findTestObject("Object Repository/06-Teams/For 2FA/input_Enter verification code_code"), codetwo): Text '223039' is set on object 'Object Repository/06-Teams/For 2FA/input_Enter verification code_code'

2022-10-31 16:31:09 - [MESSAGE][PASSED] - Text '223039' is set on object 'Object Repository/06-Teams/For 2FA/input_Enter verification code_code'

2022-10-31 16:31:09 - [TEST_STEP][PASSED] - delay(3): Delayed 3 second(s)

2022-10-31 16:31:12 - [MESSAGE][PASSED] - Delayed 3 second(s)

2022-10-31 16:31:12 - [TEST_STEP][PASSED] - click(findTestObject("06-Teams/For 2FA/button_Verify_2FA")): Object: 'Object Repository/06-Teams/For 2FA/button_Verify_2FA' is clicked on

2022-10-31 16:31:13 - [MESSAGE][PASSED] - Object: 'Object Repository/06-Teams/For 2FA/button_Verify_2FA' is clicked on

2022-10-31 16:31:13 - [TEST_STEP][PASSED] - delay(5): Delayed 5 second(s)

2022-10-31 16:31:18 - [MESSAGE][PASSED] - Delayed 5 second(s)

2022-10-31 16:31:18 - [TEST_STEP][PASSED] - executeJavaScript("window.open();", []): Execute JavaScript 'window.open();' successfully

2022-10-31 16:31:18 - [MESSAGE][PASSED] - Execute JavaScript 'window.open();' successfully

2022-10-31 16:31:18 - [TEST_STEP][PASSED] - currentWindow = getWindowIndex(): Current window's index is: 0

2022-10-31 16:31:18 - [MESSAGE][PASSED] - Current window's index is: 0

2022-10-31 16:31:18 - [TEST_STEP][PASSED] - delay(3): Delayed 3 second(s)

2022-10-31 16:31:21 - [MESSAGE][PASSED] - Delayed 3 second(s)

2022-10-31 16:31:21 - [TEST_STEP][PASSED] - switchToWindowIndex(currentWindow + 1): Switched to window with index: '1'

2022-10-31 16:31:21 - [MESSAGE][PASSED] - Switched to window with index: '1'

2022-10-31 16:31:21 - [TEST_STEP][PASSED] - navigateToUrl("https://www.mailinator.com/"): Navigate to 'https://www.mailinator.com/' successfully

2022-10-31 16:31:22 - [MESSAGE][PASSED] - Navigate to 'https://www.mailinator.com/' successfully

2022-10-31 16:31:22 - [TEST_STEP][PASSED] - delay(3): Delayed 3 second(s)

2022-10-31 16:31:25 - [MESSAGE][PASSED] - Delayed 3 second(s)

2022-10-31 16:31:25 - [TEST_STEP][PASSED] - setText(findTestObject("00-Signup and Activation/zMailinator/input_LOGIN_search"), "autotester10@mailinator.com"): Text 'autotester10@mailinator.com' is set on object 'Object Repository/00-Signup and Activation/zMailinator/input_LOGIN_search'

2022-10-31 16:31:26 - [MESSAGE][PASSED] - Text 'autotester10@mailinator.com' is set on object 'Object Repository/00-Signup and Activation/zMailinator/input_LOGIN_search'

2022-10-31 16:31:26 - [TEST_STEP][PASSED] - click(findTestObject("00-Signup and Activation/zMailinator/gobutton"), STOP_ON_FAILURE): Object: 'Object Repository/00-Signup and Activation/zMailinator/gobutton' is clicked on

2022-10-31 16:31:26 - [MESSAGE][PASSED] - Object: 'Object Repository/00-Signup and Activation/zMailinator/gobutton' is clicked on

2022-10-31 16:31:26 - [TEST_STEP][PASSED] - delay(3): Delayed 3 second(s)

2022-10-31 16:31:29 - [MESSAGE][PASSED] - Delayed 3 second(s)

2022-10-31 16:31:29 - [TEST_STEP][PASSED] - closeWindowTitle("Everleagues"): Window with title: 'Everleagues' is closed

2022-10-31 16:31:30 - [MESSAGE][PASSED] - Window with title: 'Everleagues' is closed

2022-10-31 16:31:30 - [TEST_STEP][PASSED] - switchToWindowIndex(0): Switched to window with index: '0'

2022-10-31 16:31:30 - [MESSAGE][PASSED] - Switched to window with index: '0'

2022-10-31 16:31:30 - [TEST_STEP][PASSED] - click(findTestObject("09-Settings/Users/Co worker/td_Invitation from GG Automation")): Object: 'Object Repository/09-Settings/Users/Co worker/td_Invitation from GG Automation' is clicked on

2022-10-31 16:31:30 - [MESSAGE][PASSED] - Object: 'Object Repository/09-Settings/Users/Co worker/td_Invitation from GG Automation' is clicked on

2022-10-31 16:31:30 - [TEST_STEP][PASSED] - click(findTestObject("09-Settings/Users/Co worker/a_Click here to join GG Automation on EverLeagues")): Object: 'Object Repository/09-Settings/Users/Co worker/a_Click here to join GG Automation on EverLeagues' is clicked on

2022-10-31 16:31:31 - [MESSAGE][PASSED] - Object: 'Object Repository/09-Settings/Users/Co worker/a_Click here to join GG Automation on EverLeagues' is clicked on

2022-10-31 16:31:31 - [TEST_STEP][PASSED] - closeWindowTitle("Mailinator"): Window with title: 'Mailinator' is closed

2022-10-31 16:31:31 - [MESSAGE][PASSED] - Window with title: 'Mailinator' is closed

2022-10-31 16:31:31 - [TEST_STEP][PASSED] - switchToWindowIndex(0): Switched to window with index: '0'

2022-10-31 16:31:31 - [MESSAGE][PASSED] - Switched to window with index: '0'

2022-10-31 16:31:31 - [TEST_STEP][PASSED] - verifyElementVisible(findTestObject("09-Settings/Users/Client/Invite modal")): Object 'Object Repository/09-Settings/Users/Client/Invite modal' is visible

2022-10-31 16:31:37 - [MESSAGE][PASSED] - Object 'Object Repository/09-Settings/Users/Client/Invite modal' is visible

2022-10-31 16:31:37 - [TEST_STEP][PASSED] - setText(findTestObject("09-Settings/Users/Client/Company field"), "QA Company"): Text 'QA Company' is set on object 'Object Repository/09-Settings/Users/Client/Company field'

2022-10-31 16:31:38 - [MESSAGE][PASSED] - Text 'QA Company' is set on object 'Object Repository/09-Settings/Users/Client/Company field'

2022-10-31 16:31:38 - [TEST_STEP][PASSED] - click(findTestObject("09-Settings/Users/Client/button_Accept")): Object: 'Object Repository/09-Settings/Users/Client/button_Accept' is clicked on

2022-10-31 16:31:38 - [MESSAGE][PASSED] - Object: 'Object Repository/09-Settings/Users/Client/button_Accept' is clicked on

2022-10-31 16:31:38 - [TEST_STEP][PASSED] - delay(10): Delayed 10 second(s)

2022-10-31 16:31:48 - [MESSAGE][PASSED] - Delayed 10 second(s)

2022-10-31 16:31:48 - [TEST_STEP][PASSED] - verifyElementVisible(findTestObject("09-Settings/Users/div_Joined as Partner")): Object 'Object Repository/09-Settings/Users/div_Joined as Partner' is visible

2022-10-31 16:31:49 - [MESSAGE][PASSED] - Object 'Object Repository/09-Settings/Users/div_Joined as Partner' is visible

2022-10-31 16:31:49 - [TEST_STEP][PASSED] - delay(3): Delayed 3 second(s)

2022-10-31 16:31:52 - [MESSAGE][PASSED] - Delayed 3 second(s)

2022-10-31 16:31:52 - [TEST_STEP][PASSED] - closeBrowser(): Browser is closed

2022-10-31 16:31:52 - [MESSAGE][PASSED] - Browser is closed]]></system-out>
         <system-err><![CDATA[]]></system-err>
      </testcase>
      <testcase name="Test Cases/09-Settings/05 - Users (Invite batch of users via CSV file)" time="137.413" classname="Test Cases/09-Settings/05 - Users (Invite batch of users via CSV file)" status="PASSED">
         <system-out><![CDATA[2022-10-31 16:31:52 - [TEST_CASE][PASSED] - Test Cases/09-Settings/05 - Users (Invite batch of users via CSV file): Test Cases/09-Settings/05 - Users (Invite batch of users via CSV file)

2022-10-31 16:31:53 - [TEST_STEP][PASSED] - openBrowser(""): Browser is opened with url: ''

2022-10-31 16:31:53 - [MESSAGE][INFO] - Starting 'Chrome' driver

2022-10-31 16:31:53 - [MESSAGE][INFO] - Action delay is set to 0 milliseconds

2022-10-31 16:31:54 - [MESSAGE][PASSED] - Browser is opened with url: ''

2022-10-31 16:31:54 - [TEST_STEP][PASSED] - navigateToUrl("https://lab.everleagues.com/"): Navigate to 'https://lab.everleagues.com/' successfully

2022-10-31 16:32:30 - [MESSAGE][PASSED] - Navigate to 'https://lab.everleagues.com/' successfully

2022-10-31 16:32:30 - [TEST_STEP][PASSED] - maximizeWindow(): Current window maximized

2022-10-31 16:32:30 - [MESSAGE][PASSED] - Current window maximized

2022-10-31 16:32:30 - [TEST_STEP][PASSED] - setText(findTestObject("02-Side Icons(Organization)/Add Contact/Email Field"), "testuser02@mailinator.com"): Text 'testuser02@mailinator.com' is set on object 'Object Repository/02-Side Icons(Organization)/Add Contact/Email Field'

2022-10-31 16:32:31 - [MESSAGE][PASSED] - Text 'testuser02@mailinator.com' is set on object 'Object Repository/02-Side Icons(Organization)/Add Contact/Email Field'

2022-10-31 16:32:31 - [TEST_STEP][PASSED] - setEncryptedText(findTestObject("02-Side Icons(Organization)/Add Contact/Password Field"), "8yFRyszE6U6jvsCn51OQbg=="): Text ****** has been set on object 'Object Repository/02-Side Icons(Organization)/Add Contact/Password Field'

2022-10-31 16:32:31 - [MESSAGE][PASSED] - Text ****** has been set on object 'Object Repository/02-Side Icons(Organization)/Add Contact/Password Field'

2022-10-31 16:32:31 - [TEST_STEP][PASSED] - click(findTestObject("02-Side Icons(Organization)/Add Contact/button_Sign in")): Object: 'Object Repository/02-Side Icons(Organization)/Add Contact/button_Sign in' is clicked on

2022-10-31 16:32:32 - [MESSAGE][PASSED] - Object: 'Object Repository/02-Side Icons(Organization)/Add Contact/button_Sign in' is clicked on

2022-10-31 16:32:32 - [TEST_STEP][PASSED] - delay(2): Delayed 2 second(s)

2022-10-31 16:32:34 - [MESSAGE][PASSED] - Delayed 2 second(s)

2022-10-31 16:32:34 - [TEST_STEP][PASSED] - click(findTestObject("06-Teams/For 2FA/button_Confirm_2FA")): Object: 'Object Repository/06-Teams/For 2FA/button_Confirm_2FA' is clicked on

2022-10-31 16:32:34 - [MESSAGE][PASSED] - Object: 'Object Repository/06-Teams/For 2FA/button_Confirm_2FA' is clicked on

2022-10-31 16:32:34 - [TEST_STEP][PASSED] - executeJavaScript("window.open();", []): Execute JavaScript 'window.open();' successfully

2022-10-31 16:32:34 - [MESSAGE][PASSED] - Execute JavaScript 'window.open();' successfully

2022-10-31 16:32:34 - [TEST_STEP][PASSED] - currentWindow = getWindowIndex(): Current window's index is: 0

2022-10-31 16:32:34 - [MESSAGE][PASSED] - Current window's index is: 0

2022-10-31 16:32:34 - [TEST_STEP][PASSED] - delay(3): Delayed 3 second(s)

2022-10-31 16:32:38 - [MESSAGE][PASSED] - Delayed 3 second(s)

2022-10-31 16:32:38 - [TEST_STEP][PASSED] - switchToWindowIndex(currentWindow + 1): Switched to window with index: '1'

2022-10-31 16:32:38 - [MESSAGE][PASSED] - Switched to window with index: '1'

2022-10-31 16:32:38 - [TEST_STEP][PASSED] - navigateToUrl("https://www.mailinator.com/"): Navigate to 'https://www.mailinator.com/' successfully

2022-10-31 16:32:39 - [MESSAGE][PASSED] - Navigate to 'https://www.mailinator.com/' successfully

2022-10-31 16:32:39 - [TEST_STEP][PASSED] - delay(3): Delayed 3 second(s)

2022-10-31 16:32:42 - [MESSAGE][PASSED] - Delayed 3 second(s)

2022-10-31 16:32:42 - [TEST_STEP][PASSED] - setText(findTestObject("00-Signup and Activation/zMailinator/input_LOGIN_search"), "testuser02@mailinator.com"): Text 'testuser02@mailinator.com' is set on object 'Object Repository/00-Signup and Activation/zMailinator/input_LOGIN_search'

2022-10-31 16:32:43 - [MESSAGE][PASSED] - Text 'testuser02@mailinator.com' is set on object 'Object Repository/00-Signup and Activation/zMailinator/input_LOGIN_search'

2022-10-31 16:32:43 - [TEST_STEP][PASSED] - click(findTestObject("00-Signup and Activation/zMailinator/gobutton"), STOP_ON_FAILURE): Object: 'Object Repository/00-Signup and Activation/zMailinator/gobutton' is clicked on

2022-10-31 16:32:46 - [MESSAGE][PASSED] - Object: 'Object Repository/00-Signup and Activation/zMailinator/gobutton' is clicked on

2022-10-31 16:32:46 - [TEST_STEP][PASSED] - delay(3): Delayed 3 second(s)

2022-10-31 16:32:49 - [MESSAGE][PASSED] - Delayed 3 second(s)

2022-10-31 16:32:49 - [TEST_STEP][PASSED] - click(findTestObject("00-Signup and Activation/zMailinator/Email - everleagues")): Object: 'Object Repository/00-Signup and Activation/zMailinator/Email - everleagues' is clicked on

2022-10-31 16:32:50 - [MESSAGE][PASSED] - Object: 'Object Repository/00-Signup and Activation/zMailinator/Email - everleagues' is clicked on

2022-10-31 16:32:50 - [TEST_STEP][PASSED] - delay(3): Delayed 3 second(s)

2022-10-31 16:32:53 - [MESSAGE][PASSED] - Delayed 3 second(s)

2022-10-31 16:32:53 - [TEST_STEP][PASSED] - code = getText(findTestObject("Object Repository/06-Teams/For 2FA/2FA code")): Text of object 'Object Repository/06-Teams/For 2FA/2FA code' is: '060703'

2022-10-31 16:32:53 - [MESSAGE][PASSED] - Text of object 'Object Repository/06-Teams/For 2FA/2FA code' is: '060703'

2022-10-31 16:32:53 - [TEST_STEP][PASSED] - delay(3): Delayed 3 second(s)

2022-10-31 16:32:56 - [MESSAGE][PASSED] - Delayed 3 second(s)

2022-10-31 16:32:56 - [TEST_STEP][PASSED] - closeWindowTitle("Mailinator"): Window with title: 'Mailinator' is closed

2022-10-31 16:32:56 - [MESSAGE][PASSED] - Window with title: 'Mailinator' is closed

2022-10-31 16:32:56 - [TEST_STEP][PASSED] - delay(3): Delayed 3 second(s)

2022-10-31 16:32:59 - [MESSAGE][PASSED] - Delayed 3 second(s)

2022-10-31 16:32:59 - [TEST_STEP][PASSED] - switchToWindowIndex(0): Switched to window with index: '0'

2022-10-31 16:32:59 - [MESSAGE][PASSED] - Switched to window with index: '0'

2022-10-31 16:32:59 - [TEST_STEP][PASSED] - delay(3): Delayed 3 second(s)

2022-10-31 16:33:03 - [MESSAGE][PASSED] - Delayed 3 second(s)

2022-10-31 16:33:03 - [TEST_STEP][PASSED] - setText(findTestObject("Object Repository/06-Teams/For 2FA/input_Enter verification code_code"), code): Text '060703' is set on object 'Object Repository/06-Teams/For 2FA/input_Enter verification code_code'

2022-10-31 16:33:04 - [MESSAGE][PASSED] - Text '060703' is set on object 'Object Repository/06-Teams/For 2FA/input_Enter verification code_code'

2022-10-31 16:33:04 - [TEST_STEP][PASSED] - delay(3): Delayed 3 second(s)

2022-10-31 16:33:07 - [MESSAGE][PASSED] - Delayed 3 second(s)

2022-10-31 16:33:07 - [TEST_STEP][PASSED] - click(findTestObject("06-Teams/For 2FA/button_Verify_2FA")): Object: 'Object Repository/06-Teams/For 2FA/button_Verify_2FA' is clicked on

2022-10-31 16:33:08 - [MESSAGE][PASSED] - Object: 'Object Repository/06-Teams/For 2FA/button_Verify_2FA' is clicked on

2022-10-31 16:33:08 - [TEST_STEP][PASSED] - delay(5): Delayed 5 second(s)

2022-10-31 16:33:13 - [MESSAGE][PASSED] - Delayed 5 second(s)

2022-10-31 16:33:13 - [TEST_STEP][PASSED] - click(findTestObject("06-Teams/button_doublearrow")): Object: 'Object Repository/06-Teams/button_doublearrow' is clicked on

2022-10-31 16:33:13 - [MESSAGE][PASSED] - Object: 'Object Repository/06-Teams/button_doublearrow' is clicked on

2022-10-31 16:33:13 - [TEST_STEP][PASSED] - click(findTestObject("06-Teams/button_My Organizations")): Object: 'Object Repository/06-Teams/button_My Organizations' is clicked on

2022-10-31 16:33:14 - [MESSAGE][PASSED] - Object: 'Object Repository/06-Teams/button_My Organizations' is clicked on

2022-10-31 16:33:14 - [TEST_STEP][PASSED] - click(findTestObject("06-Teams/button_GG Automation")): Object: 'Object Repository/06-Teams/button_GG Automation' is clicked on

2022-10-31 16:33:14 - [MESSAGE][PASSED] - Object: 'Object Repository/06-Teams/button_GG Automation' is clicked on

2022-10-31 16:33:14 - [TEST_STEP][PASSED] - delay(4): Delayed 4 second(s)

2022-10-31 16:33:18 - [MESSAGE][PASSED] - Delayed 4 second(s)

2022-10-31 16:33:18 - [TEST_STEP][PASSED] - verifyElementVisible(findTestObject("06-Teams/span_GG Automation")): Object 'Object Repository/06-Teams/span_GG Automation' is visible

2022-10-31 16:33:19 - [MESSAGE][PASSED] - Object 'Object Repository/06-Teams/span_GG Automation' is visible

2022-10-31 16:33:19 - [TEST_STEP][PASSED] - delay(10): Delayed 10 second(s)

2022-10-31 16:33:29 - [MESSAGE][PASSED] - Delayed 10 second(s)

2022-10-31 16:33:29 - [TEST_STEP][PASSED] - click(findTestObject("03-Header Menu/Hamburger Button/div_Settings")): Object: 'Object Repository/03-Header Menu/Hamburger Button/div_Settings' is clicked on

2022-10-31 16:33:29 - [MESSAGE][PASSED] - Object: 'Object Repository/03-Header Menu/Hamburger Button/div_Settings' is clicked on

2022-10-31 16:33:29 - [TEST_STEP][PASSED] - delay(3): Delayed 3 second(s)

2022-10-31 16:33:32 - [MESSAGE][PASSED] - Delayed 3 second(s)

2022-10-31 16:33:32 - [TEST_STEP][PASSED] - click(findTestObject("09-Settings/Users/div_Users")): Object: 'Object Repository/09-Settings/Users/div_Users' is clicked on

2022-10-31 16:33:33 - [MESSAGE][PASSED] - Object: 'Object Repository/09-Settings/Users/div_Users' is clicked on

2022-10-31 16:33:33 - [TEST_STEP][PASSED] - delay(3): Delayed 3 second(s)

2022-10-31 16:33:36 - [MESSAGE][PASSED] - Delayed 3 second(s)

2022-10-31 16:33:36 - [TEST_STEP][PASSED] - click(findTestObject("09-Settings/Users/button_add")): Object: 'Object Repository/09-Settings/Users/button_add' is clicked on

2022-10-31 16:33:36 - [MESSAGE][PASSED] - Object: 'Object Repository/09-Settings/Users/button_add' is clicked on

2022-10-31 16:33:36 - [TEST_STEP][PASSED] - delay(3): Delayed 3 second(s)

2022-10-31 16:33:39 - [MESSAGE][PASSED] - Delayed 3 second(s)

2022-10-31 16:33:39 - [TEST_STEP][PASSED] - click(findTestObject("09-Settings/Users/Invite batch of users via CSV file")): Object: 'Object Repository/09-Settings/Users/Invite batch of users via CSV file' is clicked on

2022-10-31 16:33:40 - [MESSAGE][PASSED] - Object: 'Object Repository/09-Settings/Users/Invite batch of users via CSV file' is clicked on

2022-10-31 16:33:40 - [TEST_STEP][PASSED] - verifyElementVisible(findTestObject("09-Settings/Users/CSV Invite/Import CSV File modal")): Object 'Object Repository/09-Settings/Users/CSV Invite/Import CSV File modal' is visible

2022-10-31 16:33:41 - [MESSAGE][PASSED] - Object 'Object Repository/09-Settings/Users/CSV Invite/Import CSV File modal' is visible

2022-10-31 16:33:41 - [TEST_STEP][PASSED] - verifyElementNotClickable(findTestObject("09-Settings/Users/CSV Invite/button_Import")): Object 'Object Repository/09-Settings/Users/CSV Invite/button_Import' is NOT clickable

2022-10-31 16:33:41 - [MESSAGE][PASSED] - Object 'Object Repository/09-Settings/Users/CSV Invite/button_Import' is NOT clickable

2022-10-31 16:33:41 - [TEST_STEP][PASSED] - delay(3): Delayed 3 second(s)

2022-10-31 16:33:44 - [MESSAGE][PASSED] - Delayed 3 second(s)

2022-10-31 16:33:44 - [TEST_STEP][PASSED] - uploadpackage.Upload.uploadFile(findTestObject("Object Repository/09-Settings/Users/CSV Invite/button_Choose File"), "C:\Users\User\Desktop\EL automation\sample csv.csv"): uploadpackage.Upload.uploadFile is PASSED

2022-10-31 16:33:44 - [MESSAGE][PASSED] - Object: 'Object Repository/09-Settings/Users/CSV Invite/button_Choose File' is clicked on

2022-10-31 16:33:44 - [MESSAGE][PASSED] - uploadpackage.Upload.uploadFile is PASSED

2022-10-31 16:33:44 - [TEST_STEP][PASSED] - delay(3): Delayed 3 second(s)

2022-10-31 16:33:47 - [MESSAGE][PASSED] - Delayed 3 second(s)

2022-10-31 16:33:47 - [TEST_STEP][PASSED] - verifyElementVisible(findTestObject("09-Settings/Users/CSV Invite/div_Sample csv.csv")): Object 'Object Repository/09-Settings/Users/CSV Invite/div_Sample csv.csv' is visible

2022-10-31 16:33:48 - [MESSAGE][PASSED] - Object 'Object Repository/09-Settings/Users/CSV Invite/div_Sample csv.csv' is visible

2022-10-31 16:33:48 - [TEST_STEP][PASSED] - click(findTestObject("09-Settings/Users/CSV Invite/button_Import")): Object: 'Object Repository/09-Settings/Users/CSV Invite/button_Import' is clicked on

2022-10-31 16:33:48 - [MESSAGE][PASSED] - Object: 'Object Repository/09-Settings/Users/CSV Invite/button_Import' is clicked on

2022-10-31 16:33:48 - [TEST_STEP][PASSED] - delay(10): Delayed 10 second(s)

2022-10-31 16:33:58 - [MESSAGE][PASSED] - Delayed 10 second(s)

2022-10-31 16:33:58 - [TEST_STEP][PASSED] - verifyElementVisible(findTestObject("09-Settings/Users/CSV Invite/Success import modal")): Object 'Object Repository/09-Settings/Users/CSV Invite/Success import modal' is visible

2022-10-31 16:33:59 - [MESSAGE][PASSED] - Object 'Object Repository/09-Settings/Users/CSV Invite/Success import modal' is visible

2022-10-31 16:33:59 - [TEST_STEP][PASSED] - click(findTestObject("09-Settings/Users/CSV Invite/button_Close")): Object: 'Object Repository/09-Settings/Users/CSV Invite/button_Close' is clicked on

2022-10-31 16:33:59 - [MESSAGE][PASSED] - Object: 'Object Repository/09-Settings/Users/CSV Invite/button_Close' is clicked on

2022-10-31 16:33:59 - [TEST_STEP][PASSED] - click(findTestObject("09-Settings/Users/CSV Invite/Invited Users tab")): Object: 'Object Repository/09-Settings/Users/CSV Invite/Invited Users tab' is clicked on

2022-10-31 16:34:00 - [MESSAGE][PASSED] - Object: 'Object Repository/09-Settings/Users/CSV Invite/Invited Users tab' is clicked on

2022-10-31 16:34:00 - [TEST_STEP][PASSED] - delay(3): Delayed 3 second(s)

2022-10-31 16:34:03 - [MESSAGE][PASSED] - Delayed 3 second(s)

2022-10-31 16:34:03 - [TEST_STEP][PASSED] - verifyElementVisible(findTestObject("09-Settings/Users/CSV Invite/div_CTCSV test3")): Object 'Object Repository/09-Settings/Users/CSV Invite/div_CTCSV test3' is visible

2022-10-31 16:34:03 - [MESSAGE][PASSED] - Object 'Object Repository/09-Settings/Users/CSV Invite/div_CTCSV test3' is visible

2022-10-31 16:34:03 - [TEST_STEP][PASSED] - verifyElementVisible(findTestObject("09-Settings/Users/CSV Invite/div_autotester08mailinator.com")): Object 'Object Repository/09-Settings/Users/CSV Invite/div_autotester08mailinator.com' is visible

2022-10-31 16:34:04 - [MESSAGE][PASSED] - Object 'Object Repository/09-Settings/Users/CSV Invite/div_autotester08mailinator.com' is visible

2022-10-31 16:34:04 - [TEST_STEP][PASSED] - verifyElementVisible(findTestObject("09-Settings/Users/CSV Invite/div_Partner")): Object 'Object Repository/09-Settings/Users/CSV Invite/div_Partner' is visible

2022-10-31 16:34:04 - [MESSAGE][PASSED] - Object 'Object Repository/09-Settings/Users/CSV Invite/div_Partner' is visible

2022-10-31 16:34:04 - [TEST_STEP][PASSED] - verifyElementVisible(findTestObject("09-Settings/Users/CSV Invite/div_CTCSV test2")): Object 'Object Repository/09-Settings/Users/CSV Invite/div_CTCSV test2' is visible

2022-10-31 16:34:04 - [MESSAGE][PASSED] - Object 'Object Repository/09-Settings/Users/CSV Invite/div_CTCSV test2' is visible

2022-10-31 16:34:04 - [TEST_STEP][PASSED] - verifyElementVisible(findTestObject("09-Settings/Users/CSV Invite/div_autotester07mailinator.com")): Object 'Object Repository/09-Settings/Users/CSV Invite/div_autotester07mailinator.com' is visible

2022-10-31 16:34:05 - [MESSAGE][PASSED] - Object 'Object Repository/09-Settings/Users/CSV Invite/div_autotester07mailinator.com' is visible

2022-10-31 16:34:05 - [TEST_STEP][PASSED] - verifyElementVisible(findTestObject("09-Settings/Users/CSV Invite/div_Client")): Object 'Object Repository/09-Settings/Users/CSV Invite/div_Client' is visible

2022-10-31 16:34:05 - [MESSAGE][PASSED] - Object 'Object Repository/09-Settings/Users/CSV Invite/div_Client' is visible

2022-10-31 16:34:05 - [TEST_STEP][PASSED] - verifyElementVisible(findTestObject("09-Settings/Users/CSV Invite/div_CTCSV test1")): Object 'Object Repository/09-Settings/Users/CSV Invite/div_CTCSV test1' is visible

2022-10-31 16:34:05 - [MESSAGE][PASSED] - Object 'Object Repository/09-Settings/Users/CSV Invite/div_CTCSV test1' is visible

2022-10-31 16:34:05 - [TEST_STEP][PASSED] - verifyElementVisible(findTestObject("09-Settings/Users/CSV Invite/div_autotester06mailinator.com")): Object 'Object Repository/09-Settings/Users/CSV Invite/div_autotester06mailinator.com' is visible

2022-10-31 16:34:06 - [MESSAGE][PASSED] - Object 'Object Repository/09-Settings/Users/CSV Invite/div_autotester06mailinator.com' is visible

2022-10-31 16:34:06 - [TEST_STEP][PASSED] - verifyElementVisible(findTestObject("09-Settings/Users/CSV Invite/div_Coworker")): Object 'Object Repository/09-Settings/Users/CSV Invite/div_Coworker' is visible

2022-10-31 16:34:06 - [MESSAGE][PASSED] - Object 'Object Repository/09-Settings/Users/CSV Invite/div_Coworker' is visible

2022-10-31 16:34:06 - [TEST_STEP][PASSED] - delay(3): Delayed 3 second(s)

2022-10-31 16:34:09 - [MESSAGE][PASSED] - Delayed 3 second(s)

2022-10-31 16:34:09 - [TEST_STEP][PASSED] - closeBrowser(): Browser is closed

2022-10-31 16:34:10 - [MESSAGE][PASSED] - Browser is closed]]></system-out>
         <system-err><![CDATA[]]></system-err>
      </testcase>
      <system-out><![CDATA[2022-10-31 16:15:18 - [TEST_SUITE][PASSED] - 09-Settings: Test Cases/09-Settings/05 - Users (Invite batch of users via CSV file)]]></system-out>
      <system-err><![CDATA[]]></system-err>
   </testsuite>
</testsuites>
