<?xml version="1.0" encoding="UTF-8"?>
<testsuites name="06.1- Teams - Add" time="222.178" tests="2" failures="0" errors="0">
   <testsuite name="06.1- Teams - Add" tests="2" failures="0" errors="0" time="222.178" skipped="0" timestamp="2023-02-27 12:32:25" hostname="asus - DESKTOP-3L3J9C1" id="Test Suites/TS-Organization/06.1- Teams - Add">
      <properties>
         <property name="deviceName" value=""/>
         <property name="devicePlatform" value=""/>
         <property name="logFolder" value="C:\\Users\\asus\\Katalon Studio\\Everleagues\\Everleagues\\Reports\\20230227_123210\\TS-Organization\\06.1- Teams - Add\\20230227_123210"/>
         <property name="logFiles" value="C:\\Users\\asus\\Katalon Studio\\Everleagues\\Everleagues\\Reports\\20230227_123210\\TS-Organization\\06.1- Teams - Add\\20230227_123210\\execution0.log"/>
         <property name="attachments" value=""/>
         <property name="hostName" value="asus - DESKTOP-3L3J9C1"/>
         <property name="os" value="Windows 10 64bit"/>
         <property name="katalonVersion" value="8.4.1.208"/>
         <property name="browser" value="Chrome 110.0.0.0"/>
         <property name="hostAddress" value="10.100.1.128"/>
         <property name="sessionId" value="4616c35afaa6de0c155d737f36246938"/>
         <property name="seleniumVersion" value="3.141.59"/>
         <property name="proxyInformation" value="ProxyInformation { proxyOption=NO_PROXY, proxyServerType=HTTP, username=, password=********, proxyServerAddress=, proxyServerPort=0, executionList=&quot;&quot;, isApplyToDesiredCapabilities=true }"/>
         <property name="platform" value="Windows 10"/>
      </properties>
      <testcase name="Test Cases/06- Teams/01- Add Team- Public" time="166.208" classname="Test Cases/06- Teams/01- Add Team- Public" status="PASSED">
         <system-out><![CDATA[2023-02-27 12:32:26 - [TEST_CASE][PASSED] - Test Cases/06- Teams/01- Add Team- Public: Test Cases/06- Teams/01- Add Team- Public

2023-02-27 12:32:28 - [TEST_STEP][PASSED] - openBrowser(""): Browser is opened with url: ''

2023-02-27 12:32:29 - [MESSAGE][INFO] - Starting 'Chrome' driver

2023-02-27 12:32:29 - [MESSAGE][INFO] - Action delay is set to 0 milliseconds

2023-02-27 12:32:36 - [MESSAGE][PASSED] - Browser is opened with url: ''

2023-02-27 12:32:36 - [TEST_STEP][PASSED] - navigateToUrl("https://lab.everleagues.com/"): Navigate to 'https://lab.everleagues.com/' successfully

2023-02-27 12:32:58 - [MESSAGE][PASSED] - Navigate to 'https://lab.everleagues.com/' successfully

2023-02-27 12:32:58 - [TEST_STEP][PASSED] - maximizeWindow(): Current window maximized

2023-02-27 12:32:58 - [MESSAGE][PASSED] - Current window maximized

2023-02-27 12:32:58 - [TEST_STEP][PASSED] - callTestCase(findTestCase("01-Login and Forgot Password/04-Login(Valid Credentials-With Subscription)"), [:], STOP_ON_FAILURE): Call Test Case 'Test Cases/01-Login and Forgot Password/04-Login(Valid Credentials-With Subscription)' successfully

2023-02-27 12:32:58 - [TEST_CASE][PASSED] - Test Cases/01-Login and Forgot Password/04-Login(Valid Credentials-With Subscription): Test Cases/01-Login and Forgot Password/04-Login(Valid Credentials-With Subscription)

2023-02-27 12:33:00 - [TEST_STEP][PASSED] - setText(findTestObject("01-Login and Forgot Password/input_Email_email"), "testuser02@mailinator.com"): Text 'testuser02@mailinator.com' is set on object 'Object Repository/01-Login and Forgot Password/input_Email_email'

2023-02-27 12:33:02 - [MESSAGE][PASSED] - Text 'testuser02@mailinator.com' is set on object 'Object Repository/01-Login and Forgot Password/input_Email_email'

2023-02-27 12:33:02 - [TEST_STEP][PASSED] - setEncryptedText(findTestObject("01-Login and Forgot Password/input_Email_password"), "8yFRyszE6U6jvsCn51OQbg=="): Text ****** has been set on object 'Object Repository/01-Login and Forgot Password/input_Email_password'

2023-02-27 12:33:04 - [MESSAGE][PASSED] - Text ****** has been set on object 'Object Repository/01-Login and Forgot Password/input_Email_password'

2023-02-27 12:33:04 - [TEST_STEP][PASSED] - delay(2): Delayed 2 second(s)

2023-02-27 12:33:06 - [MESSAGE][PASSED] - Delayed 2 second(s)

2023-02-27 12:33:06 - [TEST_STEP][PASSED] - click(findTestObject("01-Login and Forgot Password/show pass button")): Object: 'Object Repository/01-Login and Forgot Password/show pass button' is clicked on

2023-02-27 12:33:07 - [MESSAGE][PASSED] - Object: 'Object Repository/01-Login and Forgot Password/show pass button' is clicked on

2023-02-27 12:33:07 - [TEST_STEP][PASSED] - delay(3): Delayed 3 second(s)

2023-02-27 12:33:10 - [MESSAGE][PASSED] - Delayed 3 second(s)

2023-02-27 12:33:10 - [TEST_STEP][PASSED] - click(findTestObject("01-Login and Forgot Password/button_Sign in")): Object: 'Object Repository/01-Login and Forgot Password/button_Sign in' is clicked on

2023-02-27 12:33:11 - [MESSAGE][PASSED] - Object: 'Object Repository/01-Login and Forgot Password/button_Sign in' is clicked on

2023-02-27 12:33:11 - [TEST_STEP][PASSED] - delay(3): Delayed 3 second(s)

2023-02-27 12:33:14 - [MESSAGE][PASSED] - Delayed 3 second(s)

2023-02-27 12:33:14 - [TEST_STEP][PASSED] - click(findTestObject("06-Teams/For 2FA/button_Confirm_2FA")): Object: 'Object Repository/06-Teams/For 2FA/button_Confirm_2FA' is clicked on

2023-02-27 12:33:14 - [MESSAGE][PASSED] - Object: 'Object Repository/06-Teams/For 2FA/button_Confirm_2FA' is clicked on

2023-02-27 12:33:14 - [TEST_STEP][PASSED] - executeJavaScript("window.open();", []): Execute JavaScript 'window.open();' successfully

2023-02-27 12:33:15 - [MESSAGE][PASSED] - Execute JavaScript 'window.open();' successfully

2023-02-27 12:33:15 - [TEST_STEP][PASSED] - currentWindow = getWindowIndex(): Current window's index is: 0

2023-02-27 12:33:15 - [MESSAGE][PASSED] - Current window's index is: 0

2023-02-27 12:33:15 - [TEST_STEP][PASSED] - delay(3): Delayed 3 second(s)

2023-02-27 12:33:18 - [MESSAGE][PASSED] - Delayed 3 second(s)

2023-02-27 12:33:18 - [TEST_STEP][PASSED] - switchToWindowIndex(currentWindow + 1): Switched to window with index: '1'

2023-02-27 12:33:18 - [MESSAGE][PASSED] - Switched to window with index: '1'

2023-02-27 12:33:18 - [TEST_STEP][PASSED] - navigateToUrl("https://www.mailinator.com/"): Navigate to 'https://www.mailinator.com/' successfully

2023-02-27 12:33:27 - [MESSAGE][PASSED] - Navigate to 'https://www.mailinator.com/' successfully

2023-02-27 12:33:27 - [TEST_STEP][PASSED] - delay(3): Delayed 3 second(s)

2023-02-27 12:33:30 - [MESSAGE][PASSED] - Delayed 3 second(s)

2023-02-27 12:33:30 - [TEST_STEP][PASSED] - setText(findTestObject("00-Signup and Activation/zMailinator/input_LOGIN_search"), "testuser02@mailinator.com"): Text 'testuser02@mailinator.com' is set on object 'Object Repository/00-Signup and Activation/zMailinator/input_LOGIN_search'

2023-02-27 12:33:36 - [MESSAGE][PASSED] - Text 'testuser02@mailinator.com' is set on object 'Object Repository/00-Signup and Activation/zMailinator/input_LOGIN_search'

2023-02-27 12:33:36 - [TEST_STEP][PASSED] - click(findTestObject("00-Signup and Activation/zMailinator/gobutton"), STOP_ON_FAILURE): Object: 'Object Repository/00-Signup and Activation/zMailinator/gobutton' is clicked on

2023-02-27 12:33:40 - [MESSAGE][PASSED] - Object: 'Object Repository/00-Signup and Activation/zMailinator/gobutton' is clicked on

2023-02-27 12:33:40 - [TEST_STEP][PASSED] - delay(3): Delayed 3 second(s)

2023-02-27 12:33:43 - [MESSAGE][PASSED] - Delayed 3 second(s)

2023-02-27 12:33:43 - [TEST_STEP][PASSED] - click(findTestObject("00-Signup and Activation/zMailinator/Email - everleagues")): Object: 'Object Repository/00-Signup and Activation/zMailinator/Email - everleagues' is clicked on

2023-02-27 12:33:45 - [MESSAGE][PASSED] - Object: 'Object Repository/00-Signup and Activation/zMailinator/Email - everleagues' is clicked on

2023-02-27 12:33:45 - [TEST_STEP][PASSED] - delay(3): Delayed 3 second(s)

2023-02-27 12:33:48 - [MESSAGE][PASSED] - Delayed 3 second(s)

2023-02-27 12:33:48 - [TEST_STEP][PASSED] - code = getText(findTestObject("Object Repository/06-Teams/For 2FA/2FA code")): Text of object 'Object Repository/06-Teams/For 2FA/2FA code' is: '096210'

2023-02-27 12:33:51 - [MESSAGE][PASSED] - Text of object 'Object Repository/06-Teams/For 2FA/2FA code' is: '096210'

2023-02-27 12:33:51 - [TEST_STEP][PASSED] - delay(3): Delayed 3 second(s)

2023-02-27 12:33:54 - [MESSAGE][PASSED] - Delayed 3 second(s)

2023-02-27 12:33:54 - [TEST_STEP][PASSED] - closeWindowTitle("Mailinator"): Window with title: 'Mailinator' is closed

2023-02-27 12:33:55 - [MESSAGE][PASSED] - Window with title: 'Mailinator' is closed

2023-02-27 12:33:55 - [TEST_STEP][PASSED] - delay(3): Delayed 3 second(s)

2023-02-27 12:33:58 - [MESSAGE][PASSED] - Delayed 3 second(s)

2023-02-27 12:33:58 - [TEST_STEP][PASSED] - switchToWindowIndex(0): Switched to window with index: '0'

2023-02-27 12:33:58 - [MESSAGE][PASSED] - Switched to window with index: '0'

2023-02-27 12:33:58 - [TEST_STEP][PASSED] - delay(3): Delayed 3 second(s)

2023-02-27 12:34:01 - [MESSAGE][PASSED] - Delayed 3 second(s)

2023-02-27 12:34:01 - [TEST_STEP][PASSED] - setText(findTestObject("Object Repository/06-Teams/For 2FA/input_Enter verification code_code"), code): Text '096210' is set on object 'Object Repository/06-Teams/For 2FA/input_Enter verification code_code'

2023-02-27 12:34:03 - [MESSAGE][PASSED] - Text '096210' is set on object 'Object Repository/06-Teams/For 2FA/input_Enter verification code_code'

2023-02-27 12:34:03 - [TEST_STEP][PASSED] - delay(3): Delayed 3 second(s)

2023-02-27 12:34:06 - [MESSAGE][PASSED] - Delayed 3 second(s)

2023-02-27 12:34:06 - [TEST_STEP][PASSED] - click(findTestObject("06-Teams/For 2FA/button_Verify_2FA")): Object: 'Object Repository/06-Teams/For 2FA/button_Verify_2FA' is clicked on

2023-02-27 12:34:07 - [MESSAGE][PASSED] - Object: 'Object Repository/06-Teams/For 2FA/button_Verify_2FA' is clicked on

2023-02-27 12:34:07 - [TEST_STEP][PASSED] - delay(3): Delayed 3 second(s)

2023-02-27 12:34:10 - [MESSAGE][PASSED] - Delayed 3 second(s)

2023-02-27 12:34:10 - [MESSAGE][PASSED] - Call Test Case 'Test Cases/01-Login and Forgot Password/04-Login(Valid Credentials-With Subscription)' successfully

2023-02-27 12:34:10 - [TEST_STEP][PASSED] - click(findTestObject("06-Teams/button_doublearrow")): Object: 'Object Repository/06-Teams/button_doublearrow' is clicked on

2023-02-27 12:34:14 - [MESSAGE][PASSED] - Object: 'Object Repository/06-Teams/button_doublearrow' is clicked on

2023-02-27 12:34:14 - [TEST_STEP][PASSED] - click(findTestObject("06-Teams/button_My Organizations")): Object: 'Object Repository/06-Teams/button_My Organizations' is clicked on

2023-02-27 12:34:15 - [MESSAGE][PASSED] - Object: 'Object Repository/06-Teams/button_My Organizations' is clicked on

2023-02-27 12:34:15 - [TEST_STEP][PASSED] - click(findTestObject("06-Teams/button_GG Automation")): Object: 'Object Repository/06-Teams/button_GG Automation' is clicked on

2023-02-27 12:34:17 - [MESSAGE][PASSED] - Object: 'Object Repository/06-Teams/button_GG Automation' is clicked on

2023-02-27 12:34:17 - [TEST_STEP][PASSED] - delay(4): Delayed 4 second(s)

2023-02-27 12:34:21 - [MESSAGE][PASSED] - Delayed 4 second(s)

2023-02-27 12:34:21 - [TEST_STEP][PASSED] - verifyElementVisible(findTestObject("06-Teams/span_GG Automation")): Object 'Object Repository/06-Teams/span_GG Automation' is visible

2023-02-27 12:34:21 - [MESSAGE][PASSED] - Object 'Object Repository/06-Teams/span_GG Automation' is visible

2023-02-27 12:34:21 - [TEST_STEP][PASSED] - delay(2): Delayed 2 second(s)

2023-02-27 12:34:23 - [MESSAGE][PASSED] - Delayed 2 second(s)

2023-02-27 12:34:23 - [TEST_STEP][PASSED] - click(findTestObject("03-Header Menu/Hamburger Button/div_Teams")): Object: 'Object Repository/03-Header Menu/Hamburger Button/div_Teams' is clicked on

2023-02-27 12:34:25 - [MESSAGE][PASSED] - Object: 'Object Repository/03-Header Menu/Hamburger Button/div_Teams' is clicked on

2023-02-27 12:34:25 - [TEST_STEP][PASSED] - delay(2): Delayed 2 second(s)

2023-02-27 12:34:27 - [MESSAGE][PASSED] - Delayed 2 second(s)

2023-02-27 12:34:27 - [TEST_STEP][PASSED] - verifyElementVisible(findTestObject("06-Teams/h4_TEAMS")): Object 'Object Repository/06-Teams/h4_TEAMS' is visible

2023-02-27 12:34:27 - [MESSAGE][PASSED] - Object 'Object Repository/06-Teams/h4_TEAMS' is visible

2023-02-27 12:34:27 - [TEST_STEP][PASSED] - delay(3): Delayed 3 second(s)

2023-02-27 12:34:30 - [MESSAGE][PASSED] - Delayed 3 second(s)

2023-02-27 12:34:30 - [TEST_STEP][PASSED] - click(findTestObject("06-Teams/Add Team")): Object: 'Object Repository/06-Teams/Add Team' is clicked on

2023-02-27 12:34:31 - [MESSAGE][PASSED] - Object: 'Object Repository/06-Teams/Add Team' is clicked on

2023-02-27 12:34:31 - [TEST_STEP][PASSED] - delay(3): Delayed 3 second(s)

2023-02-27 12:34:34 - [MESSAGE][PASSED] - Delayed 3 second(s)

2023-02-27 12:34:34 - [TEST_STEP][PASSED] - verifyElementVisible(findTestObject("06-Teams/button_Public")): Object 'Object Repository/06-Teams/button_Public' is visible

2023-02-27 12:34:35 - [MESSAGE][PASSED] - Object 'Object Repository/06-Teams/button_Public' is visible

2023-02-27 12:34:35 - [TEST_STEP][PASSED] - verifyElementVisible(findTestObject("06-Teams/button_Private")): Object 'Object Repository/06-Teams/button_Private' is visible

2023-02-27 12:34:36 - [MESSAGE][PASSED] - Object 'Object Repository/06-Teams/button_Private' is visible

2023-02-27 12:34:36 - [TEST_STEP][PASSED] - delay(3): Delayed 3 second(s)

2023-02-27 12:34:39 - [MESSAGE][PASSED] - Delayed 3 second(s)

2023-02-27 12:34:39 - [TEST_STEP][PASSED] - click(findTestObject("06-Teams/button_Public")): Object: 'Object Repository/06-Teams/button_Public' is clicked on

2023-02-27 12:34:40 - [MESSAGE][PASSED] - Object: 'Object Repository/06-Teams/button_Public' is clicked on

2023-02-27 12:34:40 - [TEST_STEP][PASSED] - verifyElementVisible(findTestObject("06-Teams/01-Add Team-Public/Add Team_Public")): Object 'Object Repository/06-Teams/01-Add Team-Public/Add Team_Public' is visible

2023-02-27 12:34:41 - [MESSAGE][PASSED] - Object 'Object Repository/06-Teams/01-Add Team-Public/Add Team_Public' is visible

2023-02-27 12:34:41 - [TEST_STEP][PASSED] - scrollToElement(findTestObject("06-Teams/01-Add Team-Public/button_Create"), 0): Scroll to object 'Object Repository/06-Teams/01-Add Team-Public/button_Create' successfully

2023-02-27 12:34:41 - [MESSAGE][WARNING] - Timeout '0' is invalid. Using default page load timeout: '30'

2023-02-27 12:34:42 - [MESSAGE][PASSED] - Scroll to object 'Object Repository/06-Teams/01-Add Team-Public/button_Create' successfully

2023-02-27 12:34:42 - [TEST_STEP][PASSED] - verifyElementNotClickable(findTestObject("06-Teams/01-Add Team-Public/button_Create")): Object 'Object Repository/06-Teams/01-Add Team-Public/button_Create' is NOT clickable

2023-02-27 12:34:42 - [MESSAGE][PASSED] - Object 'Object Repository/06-Teams/01-Add Team-Public/button_Create' is NOT clickable

2023-02-27 12:34:42 - [TEST_STEP][PASSED] - delay(3): Delayed 3 second(s)

2023-02-27 12:34:45 - [MESSAGE][PASSED] - Delayed 3 second(s)

2023-02-27 12:34:45 - [TEST_STEP][PASSED] - click(findTestObject("06-Teams/01-Add Team-Public/input_teamName")): Object: 'Object Repository/06-Teams/01-Add Team-Public/input_teamName' is clicked on

2023-02-27 12:34:46 - [MESSAGE][PASSED] - Object: 'Object Repository/06-Teams/01-Add Team-Public/input_teamName' is clicked on

2023-02-27 12:34:46 - [TEST_STEP][PASSED] - click(findTestObject("06-Teams/01-Add Team-Public/Org unit")): Object: 'Object Repository/06-Teams/01-Add Team-Public/Org unit' is clicked on

2023-02-27 12:34:47 - [MESSAGE][PASSED] - Object: 'Object Repository/06-Teams/01-Add Team-Public/Org unit' is clicked on

2023-02-27 12:34:47 - [TEST_STEP][PASSED] - verifyElementVisible(findTestObject("06-Teams/01-Add Team-Public/h4_Select an organization unit")): Object 'Object Repository/06-Teams/01-Add Team-Public/h4_Select an organization unit' is visible

2023-02-27 12:34:49 - [MESSAGE][PASSED] - Object 'Object Repository/06-Teams/01-Add Team-Public/h4_Select an organization unit' is visible

2023-02-27 12:34:49 - [TEST_STEP][PASSED] - delay(3): Delayed 3 second(s)

2023-02-27 12:34:52 - [MESSAGE][PASSED] - Delayed 3 second(s)

2023-02-27 12:34:52 - [TEST_STEP][PASSED] - click(findTestObject("06-Teams/01-Add Team-Public/div_GG Automation")): Object: 'Object Repository/06-Teams/01-Add Team-Public/div_GG Automation' is clicked on

2023-02-27 12:34:53 - [MESSAGE][PASSED] - Object: 'Object Repository/06-Teams/01-Add Team-Public/div_GG Automation' is clicked on

2023-02-27 12:34:53 - [TEST_STEP][PASSED] - click(findTestObject("06-Teams/01-Add Team-Public/button_Select")): Object: 'Object Repository/06-Teams/01-Add Team-Public/button_Select' is clicked on

2023-02-27 12:34:54 - [MESSAGE][PASSED] - Object: 'Object Repository/06-Teams/01-Add Team-Public/button_Select' is clicked on

2023-02-27 12:34:54 - [TEST_STEP][PASSED] - verifyElementVisible(findTestObject("06-Teams/01-Add Team-Public/Error Team name")): Object 'Object Repository/06-Teams/01-Add Team-Public/Error Team name' is visible

2023-02-27 12:34:54 - [MESSAGE][PASSED] - Object 'Object Repository/06-Teams/01-Add Team-Public/Error Team name' is visible

2023-02-27 12:34:54 - [TEST_STEP][PASSED] - delay(3): Delayed 3 second(s)

2023-02-27 12:34:57 - [MESSAGE][PASSED] - Delayed 3 second(s)

2023-02-27 12:34:57 - [TEST_STEP][PASSED] - setText(findTestObject("06-Teams/01-Add Team-Public/input_teamName"), "Auto Team Public"): Text 'Auto Team Public' is set on object 'Object Repository/06-Teams/01-Add Team-Public/input_teamName'

2023-02-27 12:35:00 - [MESSAGE][PASSED] - Text 'Auto Team Public' is set on object 'Object Repository/06-Teams/01-Add Team-Public/input_teamName'

2023-02-27 12:35:00 - [TEST_STEP][PASSED] - scrollToElement(findTestObject("06-Teams/01-Add Team-Public/button_Create"), 0): Scroll to object 'Object Repository/06-Teams/01-Add Team-Public/button_Create' successfully

2023-02-27 12:35:00 - [MESSAGE][WARNING] - Timeout '0' is invalid. Using default page load timeout: '30'

2023-02-27 12:35:01 - [MESSAGE][PASSED] - Scroll to object 'Object Repository/06-Teams/01-Add Team-Public/button_Create' successfully

2023-02-27 12:35:01 - [TEST_STEP][PASSED] - click(findTestObject("06-Teams/01-Add Team-Public/button_Create")): Object: 'Object Repository/06-Teams/01-Add Team-Public/button_Create' is clicked on

2023-02-27 12:35:02 - [MESSAGE][PASSED] - Object: 'Object Repository/06-Teams/01-Add Team-Public/button_Create' is clicked on

2023-02-27 12:35:02 - [TEST_STEP][PASSED] - delay(3): Delayed 3 second(s)

2023-02-27 12:35:05 - [MESSAGE][PASSED] - Delayed 3 second(s)

2023-02-27 12:35:05 - [TEST_STEP][PASSED] - verifyElementVisible(findTestObject("06-Teams/01-Add Team-Public/span_Successfully added new team")): Object 'Object Repository/06-Teams/01-Add Team-Public/span_Successfully added new team' is visible

2023-02-27 12:35:05 - [MESSAGE][PASSED] - Object 'Object Repository/06-Teams/01-Add Team-Public/span_Successfully added new team' is visible

2023-02-27 12:35:05 - [TEST_STEP][PASSED] - delay(3): Delayed 3 second(s)

2023-02-27 12:35:08 - [MESSAGE][PASSED] - Delayed 3 second(s)

2023-02-27 12:35:08 - [TEST_STEP][PASSED] - verifyElementVisible(findTestObject("06-Teams/01-Add Team-Public/span_Auto Team Public")): Object 'Object Repository/06-Teams/01-Add Team-Public/span_Auto Team Public' is visible

2023-02-27 12:35:09 - [MESSAGE][PASSED] - Object 'Object Repository/06-Teams/01-Add Team-Public/span_Auto Team Public' is visible

2023-02-27 12:35:09 - [TEST_STEP][PASSED] - delay(3): Delayed 3 second(s)

2023-02-27 12:35:12 - [MESSAGE][PASSED] - Delayed 3 second(s)]]></system-out>
         <system-err><![CDATA[]]></system-err>
      </testcase>
      <testcase name="Test Cases/06- Teams/02-Add Team-Private" time="54.618" classname="Test Cases/06- Teams/02-Add Team-Private" status="PASSED">
         <system-out><![CDATA[2023-02-27 12:35:12 - [TEST_CASE][PASSED] - Test Cases/06- Teams/02-Add Team-Private: Test Cases/06- Teams/02-Add Team-Private

2023-02-27 12:35:14 - [TEST_STEP][PASSED] - click(findTestObject("06-Teams/Add Team")): Object: 'Object Repository/06-Teams/Add Team' is clicked on

2023-02-27 12:35:15 - [MESSAGE][PASSED] - Object: 'Object Repository/06-Teams/Add Team' is clicked on

2023-02-27 12:35:15 - [TEST_STEP][PASSED] - delay(3): Delayed 3 second(s)

2023-02-27 12:35:18 - [MESSAGE][PASSED] - Delayed 3 second(s)

2023-02-27 12:35:18 - [TEST_STEP][PASSED] - verifyElementVisible(findTestObject("06-Teams/button_Public")): Object 'Object Repository/06-Teams/button_Public' is visible

2023-02-27 12:35:19 - [MESSAGE][PASSED] - Object 'Object Repository/06-Teams/button_Public' is visible

2023-02-27 12:35:19 - [TEST_STEP][PASSED] - verifyElementVisible(findTestObject("06-Teams/button_Private")): Object 'Object Repository/06-Teams/button_Private' is visible

2023-02-27 12:35:20 - [MESSAGE][PASSED] - Object 'Object Repository/06-Teams/button_Private' is visible

2023-02-27 12:35:20 - [TEST_STEP][PASSED] - delay(3): Delayed 3 second(s)

2023-02-27 12:35:23 - [MESSAGE][PASSED] - Delayed 3 second(s)

2023-02-27 12:35:23 - [TEST_STEP][PASSED] - click(findTestObject("06-Teams/button_Private")): Object: 'Object Repository/06-Teams/button_Private' is clicked on

2023-02-27 12:35:24 - [MESSAGE][PASSED] - Object: 'Object Repository/06-Teams/button_Private' is clicked on

2023-02-27 12:35:24 - [TEST_STEP][PASSED] - delay(3): Delayed 3 second(s)

2023-02-27 12:35:27 - [MESSAGE][PASSED] - Delayed 3 second(s)

2023-02-27 12:35:27 - [TEST_STEP][PASSED] - verifyElementVisible(findTestObject("06-Teams/02-Add Team-Private/Add team- Private")): Object 'Object Repository/06-Teams/02-Add Team-Private/Add team- Private' is visible

2023-02-27 12:35:28 - [MESSAGE][PASSED] - Object 'Object Repository/06-Teams/02-Add Team-Private/Add team- Private' is visible

2023-02-27 12:35:28 - [TEST_STEP][PASSED] - verifyElementVisible(findTestObject("06-Teams/02-Add Team-Private/div_Settings")): Object 'Object Repository/06-Teams/02-Add Team-Private/div_Settings' is visible

2023-02-27 12:35:29 - [MESSAGE][PASSED] - Object 'Object Repository/06-Teams/02-Add Team-Private/div_Settings' is visible

2023-02-27 12:35:29 - [TEST_STEP][PASSED] - verifyElementVisible(findTestObject("06-Teams/02-Add Team-Private/div_Members")): Object 'Object Repository/06-Teams/02-Add Team-Private/div_Members' is visible

2023-02-27 12:35:30 - [MESSAGE][PASSED] - Object 'Object Repository/06-Teams/02-Add Team-Private/div_Members' is visible

2023-02-27 12:35:30 - [TEST_STEP][PASSED] - scrollToElement(findTestObject("06-Teams/01-Add Team-Public/button_Create"), 0): Scroll to object 'Object Repository/06-Teams/01-Add Team-Public/button_Create' successfully

2023-02-27 12:35:30 - [MESSAGE][WARNING] - Timeout '0' is invalid. Using default page load timeout: '30'

2023-02-27 12:35:30 - [MESSAGE][PASSED] - Scroll to object 'Object Repository/06-Teams/01-Add Team-Public/button_Create' successfully

2023-02-27 12:35:30 - [TEST_STEP][PASSED] - verifyElementNotClickable(findTestObject("06-Teams/01-Add Team-Public/button_Create")): Object 'Object Repository/06-Teams/01-Add Team-Public/button_Create' is NOT clickable

2023-02-27 12:35:31 - [MESSAGE][PASSED] - Object 'Object Repository/06-Teams/01-Add Team-Public/button_Create' is NOT clickable

2023-02-27 12:35:31 - [TEST_STEP][PASSED] - delay(3): Delayed 3 second(s)

2023-02-27 12:35:34 - [MESSAGE][PASSED] - Delayed 3 second(s)

2023-02-27 12:35:34 - [TEST_STEP][PASSED] - click(findTestObject("06-Teams/01-Add Team-Public/input_teamName")): Object: 'Object Repository/06-Teams/01-Add Team-Public/input_teamName' is clicked on

2023-02-27 12:35:35 - [MESSAGE][PASSED] - Object: 'Object Repository/06-Teams/01-Add Team-Public/input_teamName' is clicked on

2023-02-27 12:35:35 - [TEST_STEP][PASSED] - click(findTestObject("06-Teams/01-Add Team-Public/Org unit")): Object: 'Object Repository/06-Teams/01-Add Team-Public/Org unit' is clicked on

2023-02-27 12:35:36 - [MESSAGE][PASSED] - Object: 'Object Repository/06-Teams/01-Add Team-Public/Org unit' is clicked on

2023-02-27 12:35:36 - [TEST_STEP][PASSED] - verifyElementVisible(findTestObject("06-Teams/01-Add Team-Public/h4_Select an organization unit")): Object 'Object Repository/06-Teams/01-Add Team-Public/h4_Select an organization unit' is visible

2023-02-27 12:35:37 - [MESSAGE][PASSED] - Object 'Object Repository/06-Teams/01-Add Team-Public/h4_Select an organization unit' is visible

2023-02-27 12:35:37 - [TEST_STEP][PASSED] - delay(3): Delayed 3 second(s)

2023-02-27 12:35:40 - [MESSAGE][PASSED] - Delayed 3 second(s)

2023-02-27 12:35:40 - [TEST_STEP][PASSED] - click(findTestObject("06-Teams/01-Add Team-Public/div_GG Automation")): Object: 'Object Repository/06-Teams/01-Add Team-Public/div_GG Automation' is clicked on

2023-02-27 12:35:41 - [MESSAGE][PASSED] - Object: 'Object Repository/06-Teams/01-Add Team-Public/div_GG Automation' is clicked on

2023-02-27 12:35:41 - [TEST_STEP][PASSED] - click(findTestObject("06-Teams/01-Add Team-Public/button_Select")): Object: 'Object Repository/06-Teams/01-Add Team-Public/button_Select' is clicked on

2023-02-27 12:35:41 - [MESSAGE][PASSED] - Object: 'Object Repository/06-Teams/01-Add Team-Public/button_Select' is clicked on

2023-02-27 12:35:41 - [TEST_STEP][PASSED] - verifyElementVisible(findTestObject("06-Teams/01-Add Team-Public/Error Team name")): Object 'Object Repository/06-Teams/01-Add Team-Public/Error Team name' is visible

2023-02-27 12:35:42 - [MESSAGE][PASSED] - Object 'Object Repository/06-Teams/01-Add Team-Public/Error Team name' is visible

2023-02-27 12:35:42 - [TEST_STEP][PASSED] - delay(3): Delayed 3 second(s)

2023-02-27 12:35:45 - [MESSAGE][PASSED] - Delayed 3 second(s)

2023-02-27 12:35:45 - [TEST_STEP][PASSED] - setText(findTestObject("06-Teams/01-Add Team-Public/input_teamName"), "Auto Team Private"): Text 'Auto Team Private' is set on object 'Object Repository/06-Teams/01-Add Team-Public/input_teamName'

2023-02-27 12:35:47 - [MESSAGE][PASSED] - Text 'Auto Team Private' is set on object 'Object Repository/06-Teams/01-Add Team-Public/input_teamName'

2023-02-27 12:35:47 - [TEST_STEP][PASSED] - delay(3): Delayed 3 second(s)

2023-02-27 12:35:50 - [MESSAGE][PASSED] - Delayed 3 second(s)

2023-02-27 12:35:50 - [TEST_STEP][PASSED] - click(findTestObject("06-Teams/02-Add Team-Private/div_Members")): Object: 'Object Repository/06-Teams/02-Add Team-Private/div_Members' is clicked on

2023-02-27 12:35:51 - [MESSAGE][PASSED] - Object: 'Object Repository/06-Teams/02-Add Team-Private/div_Members' is clicked on

2023-02-27 12:35:51 - [TEST_STEP][PASSED] - verifyElementVisible(findTestObject("06-Teams/02-Add Team-Private/Members dialog box")): Object 'Object Repository/06-Teams/02-Add Team-Private/Members dialog box' is visible

2023-02-27 12:35:52 - [MESSAGE][PASSED] - Object 'Object Repository/06-Teams/02-Add Team-Private/Members dialog box' is visible

2023-02-27 12:35:52 - [TEST_STEP][PASSED] - delay(3): Delayed 3 second(s)

2023-02-27 12:35:55 - [MESSAGE][PASSED] - Delayed 3 second(s)

2023-02-27 12:35:55 - [TEST_STEP][PASSED] - scrollToElement(findTestObject("06-Teams/01-Add Team-Public/button_Create"), 0): Scroll to object 'Object Repository/06-Teams/01-Add Team-Public/button_Create' successfully

2023-02-27 12:35:55 - [MESSAGE][WARNING] - Timeout '0' is invalid. Using default page load timeout: '30'

2023-02-27 12:35:55 - [MESSAGE][PASSED] - Scroll to object 'Object Repository/06-Teams/01-Add Team-Public/button_Create' successfully

2023-02-27 12:35:55 - [TEST_STEP][PASSED] - click(findTestObject("06-Teams/01-Add Team-Public/button_Create")): Object: 'Object Repository/06-Teams/01-Add Team-Public/button_Create' is clicked on

2023-02-27 12:35:56 - [MESSAGE][PASSED] - Object: 'Object Repository/06-Teams/01-Add Team-Public/button_Create' is clicked on

2023-02-27 12:35:56 - [TEST_STEP][PASSED] - verifyElementVisible(findTestObject("06-Teams/01-Add Team-Public/span_Successfully added new team")): Object 'Object Repository/06-Teams/01-Add Team-Public/span_Successfully added new team' is visible

2023-02-27 12:35:58 - [MESSAGE][PASSED] - Object 'Object Repository/06-Teams/01-Add Team-Public/span_Successfully added new team' is visible

2023-02-27 12:35:58 - [TEST_STEP][PASSED] - delay(3): Delayed 3 second(s)

2023-02-27 12:36:01 - [MESSAGE][PASSED] - Delayed 3 second(s)

2023-02-27 12:36:01 - [TEST_STEP][PASSED] - verifyElementVisible(findTestObject("06-Teams/02-Add Team-Private/span_Auto Team Private")): Object 'Object Repository/06-Teams/02-Add Team-Private/span_Auto Team Private' is visible

2023-02-27 12:36:02 - [MESSAGE][PASSED] - Object 'Object Repository/06-Teams/02-Add Team-Private/span_Auto Team Private' is visible

2023-02-27 12:36:02 - [TEST_STEP][PASSED] - delay(3): Delayed 3 second(s)

2023-02-27 12:36:05 - [MESSAGE][PASSED] - Delayed 3 second(s)

2023-02-27 12:36:05 - [TEST_STEP][PASSED] - closeBrowser(): Browser is closed

2023-02-27 12:36:07 - [MESSAGE][PASSED] - Browser is closed]]></system-out>
         <system-err><![CDATA[]]></system-err>
      </testcase>
      <system-out><![CDATA[2023-02-27 12:32:25 - [TEST_SUITE][PASSED] - 06.1- Teams - Add: Test Cases/06- Teams/02-Add Team-Private]]></system-out>
      <system-err><![CDATA[]]></system-err>
   </testsuite>
</testsuites>
