<?xml version="1.0" encoding="UTF-8"?>
<testsuites name="09.1 - Settings (Invite users)" time="990.093" tests="5" failures="0" errors="0">
   <testsuite name="09.1 - Settings (Invite users)" tests="5" failures="0" errors="0" time="990.093" skipped="0" timestamp="2022-11-16 16:45:06" hostname="User - DESKTOP-QCRNR4M" id="Test Suites/TS-Organization/09.1 - Settings (Invite users)">
      <properties>
         <property name="deviceName" value=""/>
         <property name="devicePlatform" value=""/>
         <property name="logFolder" value="C:\\Users\\User\\Katalon Studio\\EverleaguesMain\\Reports\\20221116_164501\\TS-Organization\\09.1 - Settings (Invite users)\\20221116_164501"/>
         <property name="logFiles" value="C:\\Users\\User\\Katalon Studio\\EverleaguesMain\\Reports\\20221116_164501\\TS-Organization\\09.1 - Settings (Invite users)\\20221116_164501\\execution0.log"/>
         <property name="attachments" value=""/>
         <property name="hostName" value="User - DESKTOP-QCRNR4M"/>
         <property name="os" value="Windows 10 64bit"/>
         <property name="katalonVersion" value="8.4.1.208"/>
         <property name="browser" value="Chrome 107.0.0.0"/>
         <property name="hostAddress" value="192.168.5.124"/>
         <property name="sessionId" value="c5ee1ecbc82f2b2872755f3c6527faf8"/>
         <property name="seleniumVersion" value="3.141.59"/>
         <property name="proxyInformation" value="ProxyInformation { proxyOption=NO_PROXY, proxyServerType=HTTP, username=, password=********, proxyServerAddress=, proxyServerPort=0, executionList=&quot;&quot;, isApplyToDesiredCapabilities=true }"/>
         <property name="platform" value="Windows 10"/>
      </properties>
      <testcase name="Test Cases/09-Settings/01 - Users (Invite new user but field are blank)" time="88.575" classname="Test Cases/09-Settings/01 - Users (Invite new user but field are blank)" status="PASSED">
         <system-out><![CDATA[2022-11-16 16:45:06 - [TEST_CASE][PASSED] - Test Cases/09-Settings/01 - Users (Invite new user but field are blank): Test Cases/09-Settings/01 - Users (Invite new user but field are blank)

2022-11-16 16:45:07 - [TEST_STEP][PASSED] - openBrowser(""): Browser is opened with url: ''

2022-11-16 16:45:07 - [MESSAGE][INFO] - Starting 'Chrome' driver

2022-11-16 16:45:07 - [MESSAGE][INFO] - Action delay is set to 0 milliseconds

2022-11-16 16:45:09 - [MESSAGE][PASSED] - Browser is opened with url: ''

2022-11-16 16:45:09 - [TEST_STEP][PASSED] - navigateToUrl("https://lab.everleagues.com/"): Navigate to 'https://lab.everleagues.com/' successfully

2022-11-16 16:45:22 - [MESSAGE][PASSED] - Navigate to 'https://lab.everleagues.com/' successfully

2022-11-16 16:45:22 - [TEST_STEP][PASSED] - maximizeWindow(): Current window maximized

2022-11-16 16:45:23 - [MESSAGE][PASSED] - Current window maximized

2022-11-16 16:45:23 - [TEST_STEP][PASSED] - setText(findTestObject("02-Side Icons(Organization)/Add Contact/Email Field"), "testuser02@mailinator.com"): Text 'testuser02@mailinator.com' is set on object 'Object Repository/02-Side Icons(Organization)/Add Contact/Email Field'

2022-11-16 16:45:23 - [MESSAGE][PASSED] - Text 'testuser02@mailinator.com' is set on object 'Object Repository/02-Side Icons(Organization)/Add Contact/Email Field'

2022-11-16 16:45:23 - [TEST_STEP][PASSED] - setEncryptedText(findTestObject("02-Side Icons(Organization)/Add Contact/Password Field"), "8yFRyszE6U6jvsCn51OQbg=="): Text ****** has been set on object 'Object Repository/02-Side Icons(Organization)/Add Contact/Password Field'

2022-11-16 16:45:24 - [MESSAGE][PASSED] - Text ****** has been set on object 'Object Repository/02-Side Icons(Organization)/Add Contact/Password Field'

2022-11-16 16:45:24 - [TEST_STEP][PASSED] - click(findTestObject("02-Side Icons(Organization)/Add Contact/button_Sign in")): Object: 'Object Repository/02-Side Icons(Organization)/Add Contact/button_Sign in' is clicked on

2022-11-16 16:45:25 - [MESSAGE][PASSED] - Object: 'Object Repository/02-Side Icons(Organization)/Add Contact/button_Sign in' is clicked on

2022-11-16 16:45:25 - [TEST_STEP][PASSED] - delay(2): Delayed 2 second(s)

2022-11-16 16:45:27 - [MESSAGE][PASSED] - Delayed 2 second(s)

2022-11-16 16:45:27 - [TEST_STEP][PASSED] - click(findTestObject("06-Teams/For 2FA/button_Confirm_2FA")): Object: 'Object Repository/06-Teams/For 2FA/button_Confirm_2FA' is clicked on

2022-11-16 16:45:27 - [MESSAGE][PASSED] - Object: 'Object Repository/06-Teams/For 2FA/button_Confirm_2FA' is clicked on

2022-11-16 16:45:27 - [TEST_STEP][PASSED] - executeJavaScript("window.open();", []): Execute JavaScript 'window.open();' successfully

2022-11-16 16:45:27 - [MESSAGE][PASSED] - Execute JavaScript 'window.open();' successfully

2022-11-16 16:45:27 - [TEST_STEP][PASSED] - currentWindow = getWindowIndex(): Current window's index is: 0

2022-11-16 16:45:27 - [MESSAGE][PASSED] - Current window's index is: 0

2022-11-16 16:45:27 - [TEST_STEP][PASSED] - delay(3): Delayed 3 second(s)

2022-11-16 16:45:30 - [MESSAGE][PASSED] - Delayed 3 second(s)

2022-11-16 16:45:30 - [TEST_STEP][PASSED] - switchToWindowIndex(currentWindow + 1): Switched to window with index: '1'

2022-11-16 16:45:30 - [MESSAGE][PASSED] - Switched to window with index: '1'

2022-11-16 16:45:30 - [TEST_STEP][PASSED] - navigateToUrl("https://www.mailinator.com/"): Navigate to 'https://www.mailinator.com/' successfully

2022-11-16 16:45:32 - [MESSAGE][PASSED] - Navigate to 'https://www.mailinator.com/' successfully

2022-11-16 16:45:32 - [TEST_STEP][PASSED] - delay(3): Delayed 3 second(s)

2022-11-16 16:45:35 - [MESSAGE][PASSED] - Delayed 3 second(s)

2022-11-16 16:45:35 - [TEST_STEP][PASSED] - setText(findTestObject("00-Signup and Activation/zMailinator/input_LOGIN_search"), "testuser02@mailinator.com"): Text 'testuser02@mailinator.com' is set on object 'Object Repository/00-Signup and Activation/zMailinator/input_LOGIN_search'

2022-11-16 16:45:36 - [MESSAGE][PASSED] - Text 'testuser02@mailinator.com' is set on object 'Object Repository/00-Signup and Activation/zMailinator/input_LOGIN_search'

2022-11-16 16:45:36 - [TEST_STEP][PASSED] - click(findTestObject("00-Signup and Activation/zMailinator/gobutton"), STOP_ON_FAILURE): Object: 'Object Repository/00-Signup and Activation/zMailinator/gobutton' is clicked on

2022-11-16 16:45:38 - [MESSAGE][PASSED] - Object: 'Object Repository/00-Signup and Activation/zMailinator/gobutton' is clicked on

2022-11-16 16:45:38 - [TEST_STEP][PASSED] - delay(3): Delayed 3 second(s)

2022-11-16 16:45:41 - [MESSAGE][PASSED] - Delayed 3 second(s)

2022-11-16 16:45:41 - [TEST_STEP][PASSED] - click(findTestObject("00-Signup and Activation/zMailinator/Email - everleagues")): Object: 'Object Repository/00-Signup and Activation/zMailinator/Email - everleagues' is clicked on

2022-11-16 16:45:41 - [MESSAGE][PASSED] - Object: 'Object Repository/00-Signup and Activation/zMailinator/Email - everleagues' is clicked on

2022-11-16 16:45:41 - [TEST_STEP][PASSED] - delay(3): Delayed 3 second(s)

2022-11-16 16:45:44 - [MESSAGE][PASSED] - Delayed 3 second(s)

2022-11-16 16:45:44 - [TEST_STEP][PASSED] - code = getText(findTestObject("Object Repository/06-Teams/For 2FA/2FA code")): Text of object 'Object Repository/06-Teams/For 2FA/2FA code' is: '458069'

2022-11-16 16:45:44 - [MESSAGE][PASSED] - Text of object 'Object Repository/06-Teams/For 2FA/2FA code' is: '458069'

2022-11-16 16:45:44 - [TEST_STEP][PASSED] - delay(3): Delayed 3 second(s)

2022-11-16 16:45:47 - [MESSAGE][PASSED] - Delayed 3 second(s)

2022-11-16 16:45:47 - [TEST_STEP][PASSED] - closeWindowTitle("Mailinator"): Window with title: 'Mailinator' is closed

2022-11-16 16:45:48 - [MESSAGE][PASSED] - Window with title: 'Mailinator' is closed

2022-11-16 16:45:48 - [TEST_STEP][PASSED] - delay(3): Delayed 3 second(s)

2022-11-16 16:45:51 - [MESSAGE][PASSED] - Delayed 3 second(s)

2022-11-16 16:45:51 - [TEST_STEP][PASSED] - switchToWindowIndex(0): Switched to window with index: '0'

2022-11-16 16:45:51 - [MESSAGE][PASSED] - Switched to window with index: '0'

2022-11-16 16:45:51 - [TEST_STEP][PASSED] - delay(3): Delayed 3 second(s)

2022-11-16 16:45:54 - [MESSAGE][PASSED] - Delayed 3 second(s)

2022-11-16 16:45:54 - [TEST_STEP][PASSED] - setText(findTestObject("Object Repository/06-Teams/For 2FA/input_Enter verification code_code"), code): Text '458069' is set on object 'Object Repository/06-Teams/For 2FA/input_Enter verification code_code'

2022-11-16 16:45:55 - [MESSAGE][PASSED] - Text '458069' is set on object 'Object Repository/06-Teams/For 2FA/input_Enter verification code_code'

2022-11-16 16:45:55 - [TEST_STEP][PASSED] - delay(3): Delayed 3 second(s)

2022-11-16 16:45:58 - [MESSAGE][PASSED] - Delayed 3 second(s)

2022-11-16 16:45:58 - [TEST_STEP][PASSED] - click(findTestObject("06-Teams/For 2FA/button_Verify_2FA")): Object: 'Object Repository/06-Teams/For 2FA/button_Verify_2FA' is clicked on

2022-11-16 16:45:58 - [MESSAGE][PASSED] - Object: 'Object Repository/06-Teams/For 2FA/button_Verify_2FA' is clicked on

2022-11-16 16:45:58 - [TEST_STEP][PASSED] - delay(5): Delayed 5 second(s)

2022-11-16 16:46:03 - [MESSAGE][PASSED] - Delayed 5 second(s)

2022-11-16 16:46:03 - [TEST_STEP][PASSED] - click(findTestObject("06-Teams/button_doublearrow")): Object: 'Object Repository/06-Teams/button_doublearrow' is clicked on

2022-11-16 16:46:04 - [MESSAGE][PASSED] - Object: 'Object Repository/06-Teams/button_doublearrow' is clicked on

2022-11-16 16:46:04 - [TEST_STEP][PASSED] - click(findTestObject("06-Teams/button_My Organizations")): Object: 'Object Repository/06-Teams/button_My Organizations' is clicked on

2022-11-16 16:46:04 - [MESSAGE][PASSED] - Object: 'Object Repository/06-Teams/button_My Organizations' is clicked on

2022-11-16 16:46:04 - [TEST_STEP][PASSED] - click(findTestObject("06-Teams/button_GG Automation")): Object: 'Object Repository/06-Teams/button_GG Automation' is clicked on

2022-11-16 16:46:05 - [MESSAGE][PASSED] - Object: 'Object Repository/06-Teams/button_GG Automation' is clicked on

2022-11-16 16:46:05 - [TEST_STEP][PASSED] - delay(4): Delayed 4 second(s)

2022-11-16 16:46:09 - [MESSAGE][PASSED] - Delayed 4 second(s)

2022-11-16 16:46:09 - [TEST_STEP][PASSED] - verifyElementVisible(findTestObject("06-Teams/span_GG Automation")): Object 'Object Repository/06-Teams/span_GG Automation' is visible

2022-11-16 16:46:10 - [MESSAGE][PASSED] - Object 'Object Repository/06-Teams/span_GG Automation' is visible

2022-11-16 16:46:10 - [TEST_STEP][PASSED] - delay(5): Delayed 5 second(s)

2022-11-16 16:46:15 - [MESSAGE][PASSED] - Delayed 5 second(s)

2022-11-16 16:46:15 - [TEST_STEP][PASSED] - click(findTestObject("03-Header Menu/Hamburger Button/div_Settings")): Object: 'Object Repository/03-Header Menu/Hamburger Button/div_Settings' is clicked on

2022-11-16 16:46:15 - [MESSAGE][PASSED] - Object: 'Object Repository/03-Header Menu/Hamburger Button/div_Settings' is clicked on

2022-11-16 16:46:15 - [TEST_STEP][PASSED] - verifyElementVisible(findTestObject("09-Settings/Users/div_Organization")): Object 'Object Repository/09-Settings/Users/div_Organization' is visible

2022-11-16 16:46:16 - [MESSAGE][PASSED] - Object 'Object Repository/09-Settings/Users/div_Organization' is visible

2022-11-16 16:46:16 - [TEST_STEP][PASSED] - verifyElementVisible(findTestObject("09-Settings/Users/div_Organization Units")): Object 'Object Repository/09-Settings/Users/div_Organization Units' is visible

2022-11-16 16:46:16 - [MESSAGE][PASSED] - Object 'Object Repository/09-Settings/Users/div_Organization Units' is visible

2022-11-16 16:46:16 - [TEST_STEP][PASSED] - verifyElementVisible(findTestObject("09-Settings/Users/div_Subscriptions")): Object 'Object Repository/09-Settings/Users/div_Subscriptions' is visible

2022-11-16 16:46:16 - [MESSAGE][PASSED] - Object 'Object Repository/09-Settings/Users/div_Subscriptions' is visible

2022-11-16 16:46:16 - [TEST_STEP][PASSED] - verifyElementVisible(findTestObject("09-Settings/Users/div_Users")): Object 'Object Repository/09-Settings/Users/div_Users' is visible

2022-11-16 16:46:17 - [MESSAGE][PASSED] - Object 'Object Repository/09-Settings/Users/div_Users' is visible

2022-11-16 16:46:17 - [TEST_STEP][PASSED] - delay(3): Delayed 3 second(s)

2022-11-16 16:46:20 - [MESSAGE][PASSED] - Delayed 3 second(s)

2022-11-16 16:46:20 - [TEST_STEP][PASSED] - click(findTestObject("09-Settings/Users/div_Users")): Object: 'Object Repository/09-Settings/Users/div_Users' is clicked on

2022-11-16 16:46:20 - [MESSAGE][PASSED] - Object: 'Object Repository/09-Settings/Users/div_Users' is clicked on

2022-11-16 16:46:20 - [TEST_STEP][PASSED] - verifyElementVisible(findTestObject("09-Settings/Users/h4_USERS")): Object 'Object Repository/09-Settings/Users/h4_USERS' is visible

2022-11-16 16:46:21 - [MESSAGE][PASSED] - Object 'Object Repository/09-Settings/Users/h4_USERS' is visible

2022-11-16 16:46:21 - [TEST_STEP][PASSED] - verifyElementVisible(findTestObject("09-Settings/Users/User Page")): Object 'Object Repository/09-Settings/Users/User Page' is visible

2022-11-16 16:46:22 - [MESSAGE][PASSED] - Object 'Object Repository/09-Settings/Users/User Page' is visible

2022-11-16 16:46:22 - [TEST_STEP][PASSED] - delay(3): Delayed 3 second(s)

2022-11-16 16:46:25 - [MESSAGE][PASSED] - Delayed 3 second(s)

2022-11-16 16:46:25 - [TEST_STEP][PASSED] - click(findTestObject("09-Settings/Users/button_add")): Object: 'Object Repository/09-Settings/Users/button_add' is clicked on

2022-11-16 16:46:25 - [MESSAGE][PASSED] - Object: 'Object Repository/09-Settings/Users/button_add' is clicked on

2022-11-16 16:46:25 - [TEST_STEP][PASSED] - verifyElementVisible(findTestObject("09-Settings/Users/User Invitation modal")): Object 'Object Repository/09-Settings/Users/User Invitation modal' is visible

2022-11-16 16:46:26 - [MESSAGE][PASSED] - Object 'Object Repository/09-Settings/Users/User Invitation modal' is visible

2022-11-16 16:46:26 - [TEST_STEP][PASSED] - delay(3): Delayed 3 second(s)

2022-11-16 16:46:29 - [MESSAGE][PASSED] - Delayed 3 second(s)

2022-11-16 16:46:29 - [TEST_STEP][PASSED] - click(findTestObject("09-Settings/Users/add Invite a single user")): Object: 'Object Repository/09-Settings/Users/add Invite a single user' is clicked on

2022-11-16 16:46:29 - [MESSAGE][PASSED] - Object: 'Object Repository/09-Settings/Users/add Invite a single user' is clicked on

2022-11-16 16:46:29 - [TEST_STEP][PASSED] - verifyElementVisible(findTestObject("09-Settings/Users/Invite new user modal")): Object 'Object Repository/09-Settings/Users/Invite new user modal' is visible

2022-11-16 16:46:30 - [MESSAGE][PASSED] - Object 'Object Repository/09-Settings/Users/Invite new user modal' is visible

2022-11-16 16:46:30 - [TEST_STEP][PASSED] - click(findTestObject("09-Settings/Users/input_email")): Object: 'Object Repository/09-Settings/Users/input_email' is clicked on

2022-11-16 16:46:31 - [MESSAGE][PASSED] - Object: 'Object Repository/09-Settings/Users/input_email' is clicked on

2022-11-16 16:46:31 - [TEST_STEP][PASSED] - click(findTestObject("09-Settings/Users/input_firstName")): Object: 'Object Repository/09-Settings/Users/input_firstName' is clicked on

2022-11-16 16:46:31 - [MESSAGE][PASSED] - Object: 'Object Repository/09-Settings/Users/input_firstName' is clicked on

2022-11-16 16:46:31 - [TEST_STEP][PASSED] - click(findTestObject("09-Settings/Users/input_lastName")): Object: 'Object Repository/09-Settings/Users/input_lastName' is clicked on

2022-11-16 16:46:32 - [MESSAGE][PASSED] - Object: 'Object Repository/09-Settings/Users/input_lastName' is clicked on

2022-11-16 16:46:32 - [TEST_STEP][PASSED] - click(findTestObject("09-Settings/Users/span_Role")): Object: 'Object Repository/09-Settings/Users/span_Role' is clicked on

2022-11-16 16:46:32 - [MESSAGE][PASSED] - Object: 'Object Repository/09-Settings/Users/span_Role' is clicked on

2022-11-16 16:46:32 - [TEST_STEP][PASSED] - clickOffset(findTestObject("09-Settings/Users/h4_Invite New User"), 100, 100): Object: 'Object Repository/09-Settings/Users/h4_Invite New User' is clicked on using offset x=100 and y=100

2022-11-16 16:46:33 - [MESSAGE][PASSED] - Object: 'Object Repository/09-Settings/Users/h4_Invite New User' is clicked on using offset x=100 and y=100

2022-11-16 16:46:33 - [TEST_STEP][PASSED] - verifyElementVisible(findTestObject("09-Settings/Users/Email required")): Object 'Object Repository/09-Settings/Users/Email required' is visible

2022-11-16 16:46:34 - [MESSAGE][PASSED] - Object 'Object Repository/09-Settings/Users/Email required' is visible

2022-11-16 16:46:34 - [TEST_STEP][PASSED] - verifyElementVisible(findTestObject("09-Settings/Users/Firstname required")): Object 'Object Repository/09-Settings/Users/Firstname required' is visible

2022-11-16 16:46:34 - [MESSAGE][PASSED] - Object 'Object Repository/09-Settings/Users/Firstname required' is visible

2022-11-16 16:46:34 - [TEST_STEP][PASSED] - verifyElementVisible(findTestObject("09-Settings/Users/last name required")): Object 'Object Repository/09-Settings/Users/last name required' is visible

2022-11-16 16:46:35 - [MESSAGE][PASSED] - Object 'Object Repository/09-Settings/Users/last name required' is visible

2022-11-16 16:46:35 - [TEST_STEP][PASSED] - verifyElementVisible(findTestObject("09-Settings/Users/error_Select a role")): Object 'Object Repository/09-Settings/Users/error_Select a role' is visible

2022-11-16 16:46:35 - [MESSAGE][PASSED] - Object 'Object Repository/09-Settings/Users/error_Select a role' is visible]]></system-out>
         <system-err><![CDATA[]]></system-err>
      </testcase>
      <testcase name="Test Cases/09-Settings/02 - Users (Invite new user as co worker)" time="343.803" classname="Test Cases/09-Settings/02 - Users (Invite new user as co worker)" status="PASSED">
         <system-out><![CDATA[2022-11-16 16:46:35 - [TEST_CASE][PASSED] - Test Cases/09-Settings/02 - Users (Invite new user as co worker): Test Cases/09-Settings/02 - Users (Invite new user as co worker)

2022-11-16 16:46:35 - [TEST_STEP][PASSED] - delay(3): Delayed 3 second(s)

2022-11-16 16:46:38 - [MESSAGE][PASSED] - Delayed 3 second(s)

2022-11-16 16:46:38 - [TEST_STEP][PASSED] - setText(findTestObject("09-Settings/Users/input_email"), "autotester04@mailinator.com"): Text 'autotester04@mailinator.com' is set on object 'Object Repository/09-Settings/Users/input_email'

2022-11-16 16:46:40 - [MESSAGE][PASSED] - Text 'autotester04@mailinator.com' is set on object 'Object Repository/09-Settings/Users/input_email'

2022-11-16 16:46:40 - [TEST_STEP][PASSED] - setText(findTestObject("09-Settings/Users/input_firstName"), "GG"): Text 'GG' is set on object 'Object Repository/09-Settings/Users/input_firstName'

2022-11-16 16:46:40 - [MESSAGE][PASSED] - Text 'GG' is set on object 'Object Repository/09-Settings/Users/input_firstName'

2022-11-16 16:46:40 - [TEST_STEP][PASSED] - setText(findTestObject("09-Settings/Users/input_lastName"), "Auto Contact 2"): Text 'Auto Contact 2' is set on object 'Object Repository/09-Settings/Users/input_lastName'

2022-11-16 16:46:41 - [MESSAGE][PASSED] - Text 'Auto Contact 2' is set on object 'Object Repository/09-Settings/Users/input_lastName'

2022-11-16 16:46:41 - [TEST_STEP][PASSED] - click(findTestObject("09-Settings/Users/span_Role")): Object: 'Object Repository/09-Settings/Users/span_Role' is clicked on

2022-11-16 16:46:42 - [MESSAGE][PASSED] - Object: 'Object Repository/09-Settings/Users/span_Role' is clicked on

2022-11-16 16:46:42 - [TEST_STEP][PASSED] - click(findTestObject("09-Settings/Users/span_CoWorker")): Object: 'Object Repository/09-Settings/Users/span_CoWorker' is clicked on

2022-11-16 16:46:42 - [MESSAGE][PASSED] - Object: 'Object Repository/09-Settings/Users/span_CoWorker' is clicked on

2022-11-16 16:46:42 - [TEST_STEP][PASSED] - click(findTestObject("09-Settings/Users/button_Send Invitation")): Object: 'Object Repository/09-Settings/Users/button_Send Invitation' is clicked on

2022-11-16 16:46:43 - [MESSAGE][PASSED] - Object: 'Object Repository/09-Settings/Users/button_Send Invitation' is clicked on

2022-11-16 16:46:43 - [TEST_STEP][PASSED] - delay(2): Delayed 2 second(s)

2022-11-16 16:46:45 - [MESSAGE][PASSED] - Delayed 2 second(s)

2022-11-16 16:46:45 - [TEST_STEP][PASSED] - verifyElementVisible(findTestObject("07-Directory/Connections/zContact Profile/Successfully invited user")): Object 'Object Repository/07-Directory/Connections/zContact Profile/Successfully invited user' is visible

2022-11-16 16:46:46 - [MESSAGE][PASSED] - Object 'Object Repository/07-Directory/Connections/zContact Profile/Successfully invited user' is visible

2022-11-16 16:46:46 - [TEST_STEP][PASSED] - delay(2): Delayed 2 second(s)

2022-11-16 16:46:48 - [MESSAGE][PASSED] - Delayed 2 second(s)

2022-11-16 16:46:48 - [TEST_STEP][PASSED] - executeJavaScript("window.open();", []): Execute JavaScript 'window.open();' successfully

2022-11-16 16:46:48 - [MESSAGE][PASSED] - Execute JavaScript 'window.open();' successfully

2022-11-16 16:46:48 - [TEST_STEP][PASSED] - currentWindow = getWindowIndex(): Current window's index is: 0

2022-11-16 16:46:48 - [MESSAGE][PASSED] - Current window's index is: 0

2022-11-16 16:46:48 - [TEST_STEP][PASSED] - delay(3): Delayed 3 second(s)

2022-11-16 16:46:51 - [MESSAGE][PASSED] - Delayed 3 second(s)

2022-11-16 16:46:51 - [TEST_STEP][PASSED] - switchToWindowIndex(currentWindow + 1): Switched to window with index: '1'

2022-11-16 16:46:51 - [MESSAGE][PASSED] - Switched to window with index: '1'

2022-11-16 16:46:51 - [TEST_STEP][PASSED] - navigateToUrl("https://www.mailinator.com/"): Navigate to 'https://www.mailinator.com/' successfully

2022-11-16 16:46:53 - [MESSAGE][PASSED] - Navigate to 'https://www.mailinator.com/' successfully

2022-11-16 16:46:53 - [TEST_STEP][PASSED] - delay(3): Delayed 3 second(s)

2022-11-16 16:46:56 - [MESSAGE][PASSED] - Delayed 3 second(s)

2022-11-16 16:46:56 - [TEST_STEP][PASSED] - setText(findTestObject("00-Signup and Activation/zMailinator/input_LOGIN_search"), "autotester04@mailinator.com"): Text 'autotester04@mailinator.com' is set on object 'Object Repository/00-Signup and Activation/zMailinator/input_LOGIN_search'

2022-11-16 16:46:56 - [MESSAGE][PASSED] - Text 'autotester04@mailinator.com' is set on object 'Object Repository/00-Signup and Activation/zMailinator/input_LOGIN_search'

2022-11-16 16:46:56 - [TEST_STEP][PASSED] - click(findTestObject("00-Signup and Activation/zMailinator/gobutton"), STOP_ON_FAILURE): Object: 'Object Repository/00-Signup and Activation/zMailinator/gobutton' is clicked on

2022-11-16 16:46:57 - [MESSAGE][PASSED] - Object: 'Object Repository/00-Signup and Activation/zMailinator/gobutton' is clicked on

2022-11-16 16:46:57 - [TEST_STEP][PASSED] - delay(3): Delayed 3 second(s)

2022-11-16 16:47:01 - [MESSAGE][PASSED] - Delayed 3 second(s)

2022-11-16 16:47:01 - [TEST_STEP][PASSED] - closeWindowTitle("Everleagues"): Window with title: 'Everleagues' is closed

2022-11-16 16:47:01 - [MESSAGE][PASSED] - Window with title: 'Everleagues' is closed

2022-11-16 16:47:01 - [TEST_STEP][PASSED] - switchToWindowIndex(0): Switched to window with index: '0'

2022-11-16 16:47:01 - [MESSAGE][PASSED] - Switched to window with index: '0'

2022-11-16 16:47:01 - [TEST_STEP][PASSED] - click(findTestObject("09-Settings/Users/Co worker/td_Invitation from GG Automation")): Object: 'Object Repository/09-Settings/Users/Co worker/td_Invitation from GG Automation' is clicked on

2022-11-16 16:47:01 - [MESSAGE][PASSED] - Object: 'Object Repository/09-Settings/Users/Co worker/td_Invitation from GG Automation' is clicked on

2022-11-16 16:47:01 - [TEST_STEP][PASSED] - click(findTestObject("09-Settings/Users/Co worker/a_Click here to join GG Automation on EverLeagues")): Object: 'Object Repository/09-Settings/Users/Co worker/a_Click here to join GG Automation on EverLeagues' is clicked on

2022-11-16 16:47:02 - [MESSAGE][PASSED] - Object: 'Object Repository/09-Settings/Users/Co worker/a_Click here to join GG Automation on EverLeagues' is clicked on

2022-11-16 16:47:02 - [TEST_STEP][PASSED] - closeWindowTitle("Mailinator"): Window with title: 'Mailinator' is closed

2022-11-16 16:47:02 - [MESSAGE][PASSED] - Window with title: 'Mailinator' is closed

2022-11-16 16:47:02 - [TEST_STEP][PASSED] - switchToWindowIndex(0): Switched to window with index: '0'

2022-11-16 16:47:02 - [MESSAGE][PASSED] - Switched to window with index: '0'

2022-11-16 16:47:02 - [TEST_STEP][PASSED] - verifyElementVisible(findTestObject("09-Settings/Users/Co worker/Logout before proceed modal")): Object 'Object Repository/09-Settings/Users/Co worker/Logout before proceed modal' is visible

2022-11-16 16:47:08 - [MESSAGE][PASSED] - Object 'Object Repository/09-Settings/Users/Co worker/Logout before proceed modal' is visible

2022-11-16 16:47:08 - [TEST_STEP][PASSED] - click(findTestObject("09-Settings/Users/Co worker/button_Yes")): Object: 'Object Repository/09-Settings/Users/Co worker/button_Yes' is clicked on

2022-11-16 16:47:09 - [MESSAGE][PASSED] - Object: 'Object Repository/09-Settings/Users/Co worker/button_Yes' is clicked on

2022-11-16 16:47:09 - [TEST_STEP][PASSED] - delay(3): Delayed 3 second(s)

2022-11-16 16:47:12 - [MESSAGE][PASSED] - Delayed 3 second(s)

2022-11-16 16:47:12 - [TEST_STEP][PASSED] - setText(findTestObject("09-Settings/Users/Co worker/input_Email_email"), "autotester04@mailinator.com"): Text 'autotester04@mailinator.com' is set on object 'Object Repository/09-Settings/Users/Co worker/input_Email_email'

2022-11-16 16:48:12 - [MESSAGE][PASSED] - Text 'autotester04@mailinator.com' is set on object 'Object Repository/09-Settings/Users/Co worker/input_Email_email'

2022-11-16 16:48:12 - [TEST_STEP][PASSED] - setEncryptedText(findTestObject("09-Settings/Users/Co worker/input__password"), "8yFRyszE6U6jvsCn51OQbg=="): Text ****** has been set on object 'Object Repository/09-Settings/Users/Co worker/input__password'

2022-11-16 16:48:42 - [MESSAGE][PASSED] - Text ****** has been set on object 'Object Repository/09-Settings/Users/Co worker/input__password'

2022-11-16 16:48:42 - [TEST_STEP][PASSED] - click(findTestObject("02-Side Icons(Organization)/Add Contact/button_Sign in")): Object: 'Object Repository/02-Side Icons(Organization)/Add Contact/button_Sign in' is clicked on

2022-11-16 16:49:12 - [MESSAGE][PASSED] - Object: 'Object Repository/02-Side Icons(Organization)/Add Contact/button_Sign in' is clicked on

2022-11-16 16:49:12 - [TEST_STEP][PASSED] - delay(2): Delayed 2 second(s)

2022-11-16 16:49:14 - [MESSAGE][PASSED] - Delayed 2 second(s)

2022-11-16 16:49:14 - [TEST_STEP][PASSED] - click(findTestObject("06-Teams/For 2FA/button_Confirm_2FA")): Object: 'Object Repository/06-Teams/For 2FA/button_Confirm_2FA' is clicked on

2022-11-16 16:49:45 - [MESSAGE][PASSED] - Object: 'Object Repository/06-Teams/For 2FA/button_Confirm_2FA' is clicked on

2022-11-16 16:49:45 - [TEST_STEP][PASSED] - executeJavaScript("window.open();", []): Execute JavaScript 'window.open();' successfully

2022-11-16 16:49:45 - [MESSAGE][PASSED] - Execute JavaScript 'window.open();' successfully

2022-11-16 16:49:45 - [TEST_STEP][PASSED] - currentWindow = getWindowIndex(): Current window's index is: 0

2022-11-16 16:49:45 - [MESSAGE][PASSED] - Current window's index is: 0

2022-11-16 16:49:45 - [TEST_STEP][PASSED] - delay(3): Delayed 3 second(s)

2022-11-16 16:49:48 - [MESSAGE][PASSED] - Delayed 3 second(s)

2022-11-16 16:49:48 - [TEST_STEP][PASSED] - switchToWindowIndex(currentWindow + 1): Switched to window with index: '1'

2022-11-16 16:49:48 - [MESSAGE][PASSED] - Switched to window with index: '1'

2022-11-16 16:49:48 - [TEST_STEP][PASSED] - navigateToUrl("https://www.mailinator.com/"): Navigate to 'https://www.mailinator.com/' successfully

2022-11-16 16:49:49 - [MESSAGE][PASSED] - Navigate to 'https://www.mailinator.com/' successfully

2022-11-16 16:49:49 - [TEST_STEP][PASSED] - delay(3): Delayed 3 second(s)

2022-11-16 16:49:52 - [MESSAGE][PASSED] - Delayed 3 second(s)

2022-11-16 16:49:52 - [TEST_STEP][PASSED] - setText(findTestObject("00-Signup and Activation/zMailinator/input_LOGIN_search"), "autotester04@mailinator.com"): Text 'autotester04@mailinator.com' is set on object 'Object Repository/00-Signup and Activation/zMailinator/input_LOGIN_search'

2022-11-16 16:49:52 - [MESSAGE][PASSED] - Text 'autotester04@mailinator.com' is set on object 'Object Repository/00-Signup and Activation/zMailinator/input_LOGIN_search'

2022-11-16 16:49:52 - [TEST_STEP][PASSED] - click(findTestObject("00-Signup and Activation/zMailinator/gobutton"), STOP_ON_FAILURE): Object: 'Object Repository/00-Signup and Activation/zMailinator/gobutton' is clicked on

2022-11-16 16:49:53 - [MESSAGE][PASSED] - Object: 'Object Repository/00-Signup and Activation/zMailinator/gobutton' is clicked on

2022-11-16 16:49:53 - [TEST_STEP][PASSED] - delay(3): Delayed 3 second(s)

2022-11-16 16:49:56 - [MESSAGE][PASSED] - Delayed 3 second(s)

2022-11-16 16:49:56 - [TEST_STEP][PASSED] - click(findTestObject("00-Signup and Activation/zMailinator/Email - everleagues")): Object: 'Object Repository/00-Signup and Activation/zMailinator/Email - everleagues' is clicked on

2022-11-16 16:49:57 - [MESSAGE][PASSED] - Object: 'Object Repository/00-Signup and Activation/zMailinator/Email - everleagues' is clicked on

2022-11-16 16:49:57 - [TEST_STEP][PASSED] - delay(3): Delayed 3 second(s)

2022-11-16 16:50:00 - [MESSAGE][PASSED] - Delayed 3 second(s)

2022-11-16 16:50:00 - [TEST_STEP][PASSED] - codetwo = getText(findTestObject("Object Repository/06-Teams/For 2FA/2FA code")): Text of object 'Object Repository/06-Teams/For 2FA/2FA code' is: '308128'

2022-11-16 16:50:00 - [MESSAGE][PASSED] - Text of object 'Object Repository/06-Teams/For 2FA/2FA code' is: '308128'

2022-11-16 16:50:00 - [TEST_STEP][PASSED] - delay(3): Delayed 3 second(s)

2022-11-16 16:50:03 - [MESSAGE][PASSED] - Delayed 3 second(s)

2022-11-16 16:50:03 - [TEST_STEP][PASSED] - closeWindowTitle("Mailinator"): Window with title: 'Mailinator' is closed

2022-11-16 16:50:03 - [MESSAGE][PASSED] - Window with title: 'Mailinator' is closed

2022-11-16 16:50:03 - [TEST_STEP][PASSED] - delay(3): Delayed 3 second(s)

2022-11-16 16:50:06 - [MESSAGE][PASSED] - Delayed 3 second(s)

2022-11-16 16:50:06 - [TEST_STEP][PASSED] - switchToWindowIndex(0): Switched to window with index: '0'

2022-11-16 16:50:06 - [MESSAGE][PASSED] - Switched to window with index: '0'

2022-11-16 16:50:06 - [TEST_STEP][PASSED] - delay(3): Delayed 3 second(s)

2022-11-16 16:50:09 - [MESSAGE][PASSED] - Delayed 3 second(s)

2022-11-16 16:50:09 - [TEST_STEP][PASSED] - setText(findTestObject("Object Repository/06-Teams/For 2FA/input_Enter verification code_code"), codetwo): Text '308128' is set on object 'Object Repository/06-Teams/For 2FA/input_Enter verification code_code'

2022-11-16 16:51:10 - [MESSAGE][PASSED] - Text '308128' is set on object 'Object Repository/06-Teams/For 2FA/input_Enter verification code_code'

2022-11-16 16:51:10 - [TEST_STEP][PASSED] - delay(3): Delayed 3 second(s)

2022-11-16 16:51:13 - [MESSAGE][PASSED] - Delayed 3 second(s)

2022-11-16 16:51:13 - [TEST_STEP][PASSED] - click(findTestObject("06-Teams/For 2FA/button_Verify_2FA")): Object: 'Object Repository/06-Teams/For 2FA/button_Verify_2FA' is clicked on

2022-11-16 16:51:43 - [MESSAGE][PASSED] - Object: 'Object Repository/06-Teams/For 2FA/button_Verify_2FA' is clicked on

2022-11-16 16:51:43 - [TEST_STEP][PASSED] - delay(5): Delayed 5 second(s)

2022-11-16 16:51:48 - [MESSAGE][PASSED] - Delayed 5 second(s)

2022-11-16 16:51:48 - [TEST_STEP][PASSED] - executeJavaScript("window.open();", []): Execute JavaScript 'window.open();' successfully

2022-11-16 16:51:48 - [MESSAGE][PASSED] - Execute JavaScript 'window.open();' successfully

2022-11-16 16:51:48 - [TEST_STEP][PASSED] - currentWindow = getWindowIndex(): Current window's index is: 0

2022-11-16 16:51:48 - [MESSAGE][PASSED] - Current window's index is: 0

2022-11-16 16:51:48 - [TEST_STEP][PASSED] - delay(3): Delayed 3 second(s)

2022-11-16 16:51:51 - [MESSAGE][PASSED] - Delayed 3 second(s)

2022-11-16 16:51:51 - [TEST_STEP][PASSED] - switchToWindowIndex(currentWindow + 1): Switched to window with index: '1'

2022-11-16 16:51:51 - [MESSAGE][PASSED] - Switched to window with index: '1'

2022-11-16 16:51:51 - [TEST_STEP][PASSED] - navigateToUrl("https://www.mailinator.com/"): Navigate to 'https://www.mailinator.com/' successfully

2022-11-16 16:51:52 - [MESSAGE][PASSED] - Navigate to 'https://www.mailinator.com/' successfully

2022-11-16 16:51:52 - [TEST_STEP][PASSED] - delay(3): Delayed 3 second(s)

2022-11-16 16:51:55 - [MESSAGE][PASSED] - Delayed 3 second(s)

2022-11-16 16:51:55 - [TEST_STEP][PASSED] - setText(findTestObject("00-Signup and Activation/zMailinator/input_LOGIN_search"), "autotester04@mailinator.com"): Text 'autotester04@mailinator.com' is set on object 'Object Repository/00-Signup and Activation/zMailinator/input_LOGIN_search'

2022-11-16 16:51:56 - [MESSAGE][PASSED] - Text 'autotester04@mailinator.com' is set on object 'Object Repository/00-Signup and Activation/zMailinator/input_LOGIN_search'

2022-11-16 16:51:56 - [TEST_STEP][PASSED] - click(findTestObject("00-Signup and Activation/zMailinator/gobutton"), STOP_ON_FAILURE): Object: 'Object Repository/00-Signup and Activation/zMailinator/gobutton' is clicked on

2022-11-16 16:51:57 - [MESSAGE][PASSED] - Object: 'Object Repository/00-Signup and Activation/zMailinator/gobutton' is clicked on

2022-11-16 16:51:57 - [TEST_STEP][PASSED] - delay(3): Delayed 3 second(s)

2022-11-16 16:52:00 - [MESSAGE][PASSED] - Delayed 3 second(s)

2022-11-16 16:52:00 - [TEST_STEP][PASSED] - closeWindowTitle("Everleagues"): Window with title: 'Everleagues' is closed

2022-11-16 16:52:00 - [MESSAGE][PASSED] - Window with title: 'Everleagues' is closed

2022-11-16 16:52:00 - [TEST_STEP][PASSED] - switchToWindowIndex(0): Switched to window with index: '0'

2022-11-16 16:52:00 - [MESSAGE][PASSED] - Switched to window with index: '0'

2022-11-16 16:52:00 - [TEST_STEP][PASSED] - click(findTestObject("09-Settings/Users/Co worker/td_Invitation from GG Automation")): Object: 'Object Repository/09-Settings/Users/Co worker/td_Invitation from GG Automation' is clicked on

2022-11-16 16:52:01 - [MESSAGE][PASSED] - Object: 'Object Repository/09-Settings/Users/Co worker/td_Invitation from GG Automation' is clicked on

2022-11-16 16:52:01 - [TEST_STEP][PASSED] - click(findTestObject("09-Settings/Users/Co worker/a_Click here to join GG Automation on EverLeagues")): Object: 'Object Repository/09-Settings/Users/Co worker/a_Click here to join GG Automation on EverLeagues' is clicked on

2022-11-16 16:52:01 - [MESSAGE][PASSED] - Object: 'Object Repository/09-Settings/Users/Co worker/a_Click here to join GG Automation on EverLeagues' is clicked on

2022-11-16 16:52:02 - [TEST_STEP][PASSED] - delay(3): Delayed 3 second(s)

2022-11-16 16:52:05 - [MESSAGE][PASSED] - Delayed 3 second(s)

2022-11-16 16:52:05 - [TEST_STEP][PASSED] - closeWindowTitle("Mailinator"): Window with title: 'Mailinator' is closed

2022-11-16 16:52:05 - [MESSAGE][PASSED] - Window with title: 'Mailinator' is closed

2022-11-16 16:52:05 - [TEST_STEP][PASSED] - switchToWindowIndex(0): Switched to window with index: '0'

2022-11-16 16:52:05 - [MESSAGE][PASSED] - Switched to window with index: '0'

2022-11-16 16:52:05 - [TEST_STEP][PASSED] - verifyElementVisible(findTestObject("09-Settings/Users/Co worker/Invite modal")): Object 'Object Repository/09-Settings/Users/Co worker/Invite modal' is visible

2022-11-16 16:52:07 - [MESSAGE][PASSED] - Object 'Object Repository/09-Settings/Users/Co worker/Invite modal' is visible

2022-11-16 16:52:07 - [TEST_STEP][PASSED] - click(findTestObject("09-Settings/Users/Co worker/button_Accept")): Object: 'Object Repository/09-Settings/Users/Co worker/button_Accept' is clicked on

2022-11-16 16:52:08 - [MESSAGE][PASSED] - Object: 'Object Repository/09-Settings/Users/Co worker/button_Accept' is clicked on

2022-11-16 16:52:08 - [TEST_STEP][PASSED] - delay(10): Delayed 10 second(s)

2022-11-16 16:52:18 - [MESSAGE][PASSED] - Delayed 10 second(s)

2022-11-16 16:52:18 - [TEST_STEP][PASSED] - verifyElementVisible(findTestObject("09-Settings/Users/Co worker/div_Joined as CoWorker")): Object 'Object Repository/09-Settings/Users/Co worker/div_Joined as CoWorker' is visible

2022-11-16 16:52:18 - [MESSAGE][PASSED] - Object 'Object Repository/09-Settings/Users/Co worker/div_Joined as CoWorker' is visible

2022-11-16 16:52:18 - [TEST_STEP][PASSED] - closeBrowser(): Browser is closed

2022-11-16 16:52:19 - [MESSAGE][PASSED] - Browser is closed]]></system-out>
         <system-err><![CDATA[]]></system-err>
      </testcase>
      <testcase name="Test Cases/09-Settings/03 - Users (Invite new user as client)" time="214.133" classname="Test Cases/09-Settings/03 - Users (Invite new user as client)" status="PASSED">
         <system-out><![CDATA[2022-11-16 16:52:19 - [TEST_CASE][PASSED] - Test Cases/09-Settings/03 - Users (Invite new user as client): Test Cases/09-Settings/03 - Users (Invite new user as client)

2022-11-16 16:52:19 - [TEST_STEP][PASSED] - openBrowser(""): Browser is opened with url: ''

2022-11-16 16:52:19 - [MESSAGE][INFO] - Starting 'Chrome' driver

2022-11-16 16:52:19 - [MESSAGE][INFO] - Action delay is set to 0 milliseconds

2022-11-16 16:52:20 - [MESSAGE][PASSED] - Browser is opened with url: ''

2022-11-16 16:52:20 - [TEST_STEP][PASSED] - navigateToUrl("https://lab.everleagues.com/"): Navigate to 'https://lab.everleagues.com/' successfully

2022-11-16 16:52:32 - [MESSAGE][PASSED] - Navigate to 'https://lab.everleagues.com/' successfully

2022-11-16 16:52:32 - [TEST_STEP][PASSED] - maximizeWindow(): Current window maximized

2022-11-16 16:52:32 - [MESSAGE][PASSED] - Current window maximized

2022-11-16 16:52:32 - [TEST_STEP][PASSED] - setText(findTestObject("02-Side Icons(Organization)/Add Contact/Email Field"), "testuser02@mailinator.com"): Text 'testuser02@mailinator.com' is set on object 'Object Repository/02-Side Icons(Organization)/Add Contact/Email Field'

2022-11-16 16:52:33 - [MESSAGE][PASSED] - Text 'testuser02@mailinator.com' is set on object 'Object Repository/02-Side Icons(Organization)/Add Contact/Email Field'

2022-11-16 16:52:33 - [TEST_STEP][PASSED] - setEncryptedText(findTestObject("02-Side Icons(Organization)/Add Contact/Password Field"), "8yFRyszE6U6jvsCn51OQbg=="): Text ****** has been set on object 'Object Repository/02-Side Icons(Organization)/Add Contact/Password Field'

2022-11-16 16:52:33 - [MESSAGE][PASSED] - Text ****** has been set on object 'Object Repository/02-Side Icons(Organization)/Add Contact/Password Field'

2022-11-16 16:52:33 - [TEST_STEP][PASSED] - click(findTestObject("02-Side Icons(Organization)/Add Contact/button_Sign in")): Object: 'Object Repository/02-Side Icons(Organization)/Add Contact/button_Sign in' is clicked on

2022-11-16 16:52:34 - [MESSAGE][PASSED] - Object: 'Object Repository/02-Side Icons(Organization)/Add Contact/button_Sign in' is clicked on

2022-11-16 16:52:34 - [TEST_STEP][PASSED] - delay(2): Delayed 2 second(s)

2022-11-16 16:52:36 - [MESSAGE][PASSED] - Delayed 2 second(s)

2022-11-16 16:52:36 - [TEST_STEP][PASSED] - click(findTestObject("06-Teams/For 2FA/button_Confirm_2FA")): Object: 'Object Repository/06-Teams/For 2FA/button_Confirm_2FA' is clicked on

2022-11-16 16:52:36 - [MESSAGE][PASSED] - Object: 'Object Repository/06-Teams/For 2FA/button_Confirm_2FA' is clicked on

2022-11-16 16:52:36 - [TEST_STEP][PASSED] - executeJavaScript("window.open();", []): Execute JavaScript 'window.open();' successfully

2022-11-16 16:52:36 - [MESSAGE][PASSED] - Execute JavaScript 'window.open();' successfully

2022-11-16 16:52:36 - [TEST_STEP][PASSED] - currentWindow = getWindowIndex(): Current window's index is: 0

2022-11-16 16:52:36 - [MESSAGE][PASSED] - Current window's index is: 0

2022-11-16 16:52:36 - [TEST_STEP][PASSED] - delay(3): Delayed 3 second(s)

2022-11-16 16:52:39 - [MESSAGE][PASSED] - Delayed 3 second(s)

2022-11-16 16:52:39 - [TEST_STEP][PASSED] - switchToWindowIndex(currentWindow + 1): Switched to window with index: '1'

2022-11-16 16:52:39 - [MESSAGE][PASSED] - Switched to window with index: '1'

2022-11-16 16:52:39 - [TEST_STEP][PASSED] - navigateToUrl("https://www.mailinator.com/"): Navigate to 'https://www.mailinator.com/' successfully

2022-11-16 16:52:41 - [MESSAGE][PASSED] - Navigate to 'https://www.mailinator.com/' successfully

2022-11-16 16:52:41 - [TEST_STEP][PASSED] - delay(3): Delayed 3 second(s)

2022-11-16 16:52:44 - [MESSAGE][PASSED] - Delayed 3 second(s)

2022-11-16 16:52:44 - [TEST_STEP][PASSED] - setText(findTestObject("00-Signup and Activation/zMailinator/input_LOGIN_search"), "testuser02@mailinator.com"): Text 'testuser02@mailinator.com' is set on object 'Object Repository/00-Signup and Activation/zMailinator/input_LOGIN_search'

2022-11-16 16:52:45 - [MESSAGE][PASSED] - Text 'testuser02@mailinator.com' is set on object 'Object Repository/00-Signup and Activation/zMailinator/input_LOGIN_search'

2022-11-16 16:52:45 - [TEST_STEP][PASSED] - click(findTestObject("00-Signup and Activation/zMailinator/gobutton"), STOP_ON_FAILURE): Object: 'Object Repository/00-Signup and Activation/zMailinator/gobutton' is clicked on

2022-11-16 16:52:46 - [MESSAGE][PASSED] - Object: 'Object Repository/00-Signup and Activation/zMailinator/gobutton' is clicked on

2022-11-16 16:52:46 - [TEST_STEP][PASSED] - delay(3): Delayed 3 second(s)

2022-11-16 16:52:50 - [MESSAGE][PASSED] - Delayed 3 second(s)

2022-11-16 16:52:50 - [TEST_STEP][PASSED] - click(findTestObject("00-Signup and Activation/zMailinator/Email - everleagues")): Object: 'Object Repository/00-Signup and Activation/zMailinator/Email - everleagues' is clicked on

2022-11-16 16:52:50 - [MESSAGE][PASSED] - Object: 'Object Repository/00-Signup and Activation/zMailinator/Email - everleagues' is clicked on

2022-11-16 16:52:50 - [TEST_STEP][PASSED] - delay(3): Delayed 3 second(s)

2022-11-16 16:52:53 - [MESSAGE][PASSED] - Delayed 3 second(s)

2022-11-16 16:52:53 - [TEST_STEP][PASSED] - code = getText(findTestObject("Object Repository/06-Teams/For 2FA/2FA code")): Text of object 'Object Repository/06-Teams/For 2FA/2FA code' is: '354038'

2022-11-16 16:52:53 - [MESSAGE][PASSED] - Text of object 'Object Repository/06-Teams/For 2FA/2FA code' is: '354038'

2022-11-16 16:52:53 - [TEST_STEP][PASSED] - delay(3): Delayed 3 second(s)

2022-11-16 16:52:56 - [MESSAGE][PASSED] - Delayed 3 second(s)

2022-11-16 16:52:56 - [TEST_STEP][PASSED] - closeWindowTitle("Mailinator"): Window with title: 'Mailinator' is closed

2022-11-16 16:52:57 - [MESSAGE][PASSED] - Window with title: 'Mailinator' is closed

2022-11-16 16:52:57 - [TEST_STEP][PASSED] - delay(3): Delayed 3 second(s)

2022-11-16 16:53:00 - [MESSAGE][PASSED] - Delayed 3 second(s)

2022-11-16 16:53:00 - [TEST_STEP][PASSED] - switchToWindowIndex(0): Switched to window with index: '0'

2022-11-16 16:53:00 - [MESSAGE][PASSED] - Switched to window with index: '0'

2022-11-16 16:53:00 - [TEST_STEP][PASSED] - delay(3): Delayed 3 second(s)

2022-11-16 16:53:03 - [MESSAGE][PASSED] - Delayed 3 second(s)

2022-11-16 16:53:03 - [TEST_STEP][PASSED] - setText(findTestObject("Object Repository/06-Teams/For 2FA/input_Enter verification code_code"), code): Text '354038' is set on object 'Object Repository/06-Teams/For 2FA/input_Enter verification code_code'

2022-11-16 16:53:03 - [MESSAGE][PASSED] - Text '354038' is set on object 'Object Repository/06-Teams/For 2FA/input_Enter verification code_code'

2022-11-16 16:53:03 - [TEST_STEP][PASSED] - delay(3): Delayed 3 second(s)

2022-11-16 16:53:06 - [MESSAGE][PASSED] - Delayed 3 second(s)

2022-11-16 16:53:06 - [TEST_STEP][PASSED] - click(findTestObject("06-Teams/For 2FA/button_Verify_2FA")): Object: 'Object Repository/06-Teams/For 2FA/button_Verify_2FA' is clicked on

2022-11-16 16:53:07 - [MESSAGE][PASSED] - Object: 'Object Repository/06-Teams/For 2FA/button_Verify_2FA' is clicked on

2022-11-16 16:53:07 - [TEST_STEP][PASSED] - delay(5): Delayed 5 second(s)

2022-11-16 16:53:12 - [MESSAGE][PASSED] - Delayed 5 second(s)

2022-11-16 16:53:12 - [TEST_STEP][PASSED] - click(findTestObject("06-Teams/button_doublearrow")): Object: 'Object Repository/06-Teams/button_doublearrow' is clicked on

2022-11-16 16:53:12 - [MESSAGE][PASSED] - Object: 'Object Repository/06-Teams/button_doublearrow' is clicked on

2022-11-16 16:53:12 - [TEST_STEP][PASSED] - click(findTestObject("06-Teams/button_My Organizations")): Object: 'Object Repository/06-Teams/button_My Organizations' is clicked on

2022-11-16 16:53:13 - [MESSAGE][PASSED] - Object: 'Object Repository/06-Teams/button_My Organizations' is clicked on

2022-11-16 16:53:13 - [TEST_STEP][PASSED] - click(findTestObject("06-Teams/button_GG Automation")): Object: 'Object Repository/06-Teams/button_GG Automation' is clicked on

2022-11-16 16:53:14 - [MESSAGE][PASSED] - Object: 'Object Repository/06-Teams/button_GG Automation' is clicked on

2022-11-16 16:53:14 - [TEST_STEP][PASSED] - delay(4): Delayed 4 second(s)

2022-11-16 16:53:18 - [MESSAGE][PASSED] - Delayed 4 second(s)

2022-11-16 16:53:18 - [TEST_STEP][PASSED] - verifyElementVisible(findTestObject("06-Teams/span_GG Automation")): Object 'Object Repository/06-Teams/span_GG Automation' is visible

2022-11-16 16:53:18 - [MESSAGE][PASSED] - Object 'Object Repository/06-Teams/span_GG Automation' is visible

2022-11-16 16:53:18 - [TEST_STEP][PASSED] - delay(10): Delayed 10 second(s)

2022-11-16 16:53:28 - [MESSAGE][PASSED] - Delayed 10 second(s)

2022-11-16 16:53:28 - [TEST_STEP][PASSED] - click(findTestObject("03-Header Menu/Hamburger Button/div_Settings")): Object: 'Object Repository/03-Header Menu/Hamburger Button/div_Settings' is clicked on

2022-11-16 16:53:28 - [MESSAGE][PASSED] - Object: 'Object Repository/03-Header Menu/Hamburger Button/div_Settings' is clicked on

2022-11-16 16:53:28 - [TEST_STEP][PASSED] - delay(3): Delayed 3 second(s)

2022-11-16 16:53:31 - [MESSAGE][PASSED] - Delayed 3 second(s)

2022-11-16 16:53:31 - [TEST_STEP][PASSED] - click(findTestObject("09-Settings/Users/div_Users")): Object: 'Object Repository/09-Settings/Users/div_Users' is clicked on

2022-11-16 16:53:32 - [MESSAGE][PASSED] - Object: 'Object Repository/09-Settings/Users/div_Users' is clicked on

2022-11-16 16:53:32 - [TEST_STEP][PASSED] - delay(3): Delayed 3 second(s)

2022-11-16 16:53:35 - [MESSAGE][PASSED] - Delayed 3 second(s)

2022-11-16 16:53:35 - [TEST_STEP][PASSED] - click(findTestObject("09-Settings/Users/button_add")): Object: 'Object Repository/09-Settings/Users/button_add' is clicked on

2022-11-16 16:53:36 - [MESSAGE][PASSED] - Object: 'Object Repository/09-Settings/Users/button_add' is clicked on

2022-11-16 16:53:36 - [TEST_STEP][PASSED] - delay(3): Delayed 3 second(s)

2022-11-16 16:53:39 - [MESSAGE][PASSED] - Delayed 3 second(s)

2022-11-16 16:53:39 - [TEST_STEP][PASSED] - click(findTestObject("09-Settings/Users/add Invite a single user")): Object: 'Object Repository/09-Settings/Users/add Invite a single user' is clicked on

2022-11-16 16:53:39 - [MESSAGE][PASSED] - Object: 'Object Repository/09-Settings/Users/add Invite a single user' is clicked on

2022-11-16 16:53:39 - [TEST_STEP][PASSED] - delay(3): Delayed 3 second(s)

2022-11-16 16:53:42 - [MESSAGE][PASSED] - Delayed 3 second(s)

2022-11-16 16:53:42 - [TEST_STEP][PASSED] - setText(findTestObject("09-Settings/Users/input_email"), "autotester09@mailinator.com"): Text 'autotester09@mailinator.com' is set on object 'Object Repository/09-Settings/Users/input_email'

2022-11-16 16:53:43 - [MESSAGE][PASSED] - Text 'autotester09@mailinator.com' is set on object 'Object Repository/09-Settings/Users/input_email'

2022-11-16 16:53:43 - [TEST_STEP][PASSED] - setText(findTestObject("09-Settings/Users/input_firstName"), "GG"): Text 'GG' is set on object 'Object Repository/09-Settings/Users/input_firstName'

2022-11-16 16:53:44 - [MESSAGE][PASSED] - Text 'GG' is set on object 'Object Repository/09-Settings/Users/input_firstName'

2022-11-16 16:53:44 - [TEST_STEP][PASSED] - setText(findTestObject("09-Settings/Users/input_lastName"), "Client"): Text 'Client' is set on object 'Object Repository/09-Settings/Users/input_lastName'

2022-11-16 16:53:45 - [MESSAGE][PASSED] - Text 'Client' is set on object 'Object Repository/09-Settings/Users/input_lastName'

2022-11-16 16:53:45 - [TEST_STEP][PASSED] - click(findTestObject("09-Settings/Users/span_Role")): Object: 'Object Repository/09-Settings/Users/span_Role' is clicked on

2022-11-16 16:53:45 - [MESSAGE][PASSED] - Object: 'Object Repository/09-Settings/Users/span_Role' is clicked on

2022-11-16 16:53:45 - [TEST_STEP][PASSED] - click(findTestObject("09-Settings/Users/span_Client")): Object: 'Object Repository/09-Settings/Users/span_Client' is clicked on

2022-11-16 16:53:46 - [MESSAGE][PASSED] - Object: 'Object Repository/09-Settings/Users/span_Client' is clicked on

2022-11-16 16:53:46 - [TEST_STEP][PASSED] - click(findTestObject("09-Settings/Users/button_Send Invitation")): Object: 'Object Repository/09-Settings/Users/button_Send Invitation' is clicked on

2022-11-16 16:53:47 - [MESSAGE][PASSED] - Object: 'Object Repository/09-Settings/Users/button_Send Invitation' is clicked on

2022-11-16 16:53:47 - [TEST_STEP][PASSED] - delay(2): Delayed 2 second(s)

2022-11-16 16:53:49 - [MESSAGE][PASSED] - Delayed 2 second(s)

2022-11-16 16:53:49 - [TEST_STEP][PASSED] - verifyElementVisible(findTestObject("07-Directory/Connections/zContact Profile/Successfully invited user")): Object 'Object Repository/07-Directory/Connections/zContact Profile/Successfully invited user' is visible

2022-11-16 16:53:50 - [MESSAGE][PASSED] - Object 'Object Repository/07-Directory/Connections/zContact Profile/Successfully invited user' is visible

2022-11-16 16:53:50 - [TEST_STEP][PASSED] - delay(2): Delayed 2 second(s)

2022-11-16 16:53:52 - [MESSAGE][PASSED] - Delayed 2 second(s)

2022-11-16 16:53:52 - [TEST_STEP][PASSED] - click(findTestObject("01-Login and Forgot Password/User menu drop")): Object: 'Object Repository/01-Login and Forgot Password/User menu drop' is clicked on

2022-11-16 16:53:52 - [MESSAGE][PASSED] - Object: 'Object Repository/01-Login and Forgot Password/User menu drop' is clicked on

2022-11-16 16:53:52 - [TEST_STEP][PASSED] - delay(2): Delayed 2 second(s)

2022-11-16 16:53:54 - [MESSAGE][PASSED] - Delayed 2 second(s)

2022-11-16 16:53:54 - [TEST_STEP][PASSED] - click(findTestObject("01-Login and Forgot Password/h4_Sign Out"), STOP_ON_FAILURE): Object: 'Object Repository/01-Login and Forgot Password/h4_Sign Out' is clicked on

2022-11-16 16:53:54 - [MESSAGE][PASSED] - Object: 'Object Repository/01-Login and Forgot Password/h4_Sign Out' is clicked on

2022-11-16 16:53:54 - [TEST_STEP][PASSED] - delay(2): Delayed 2 second(s)

2022-11-16 16:53:56 - [MESSAGE][PASSED] - Delayed 2 second(s)

2022-11-16 16:53:56 - [TEST_STEP][PASSED] - verifyElementPresent(findTestObject("01-Login and Forgot Password/Login_Card"), 0): Object 'Object Repository/01-Login and Forgot Password/Login_Card' is present

2022-11-16 16:53:56 - [MESSAGE][WARNING] - Timeout '0' is invalid. Using default page load timeout: '30'

2022-11-16 16:53:57 - [MESSAGE][PASSED] - Object 'Object Repository/01-Login and Forgot Password/Login_Card' is present

2022-11-16 16:53:57 - [TEST_STEP][PASSED] - delay(3): Delayed 3 second(s)

2022-11-16 16:54:00 - [MESSAGE][PASSED] - Delayed 3 second(s)

2022-11-16 16:54:00 - [TEST_STEP][PASSED] - closeBrowser(): Browser is closed

2022-11-16 16:54:01 - [MESSAGE][PASSED] - Browser is closed

2022-11-16 16:54:01 - [TEST_STEP][PASSED] - openBrowser(""): Browser is opened with url: ''

2022-11-16 16:54:01 - [MESSAGE][INFO] - Starting 'Chrome' driver

2022-11-16 16:54:01 - [MESSAGE][INFO] - Action delay is set to 0 milliseconds

2022-11-16 16:54:02 - [MESSAGE][PASSED] - Browser is opened with url: ''

2022-11-16 16:54:02 - [TEST_STEP][PASSED] - navigateToUrl("https://lab.everleagues.com/"): Navigate to 'https://lab.everleagues.com/' successfully

2022-11-16 16:54:36 - [MESSAGE][PASSED] - Navigate to 'https://lab.everleagues.com/' successfully

2022-11-16 16:54:36 - [TEST_STEP][PASSED] - maximizeWindow(): Current window maximized

2022-11-16 16:54:37 - [MESSAGE][PASSED] - Current window maximized

2022-11-16 16:54:37 - [TEST_STEP][PASSED] - setText(findTestObject("02-Side Icons(Organization)/Add Contact/Email Field"), "autotester09@mailinator.com"): Text 'autotester09@mailinator.com' is set on object 'Object Repository/02-Side Icons(Organization)/Add Contact/Email Field'

2022-11-16 16:54:38 - [MESSAGE][PASSED] - Text 'autotester09@mailinator.com' is set on object 'Object Repository/02-Side Icons(Organization)/Add Contact/Email Field'

2022-11-16 16:54:38 - [TEST_STEP][PASSED] - setEncryptedText(findTestObject("02-Side Icons(Organization)/Add Contact/Password Field"), "8yFRyszE6U6jvsCn51OQbg=="): Text ****** has been set on object 'Object Repository/02-Side Icons(Organization)/Add Contact/Password Field'

2022-11-16 16:54:38 - [MESSAGE][PASSED] - Text ****** has been set on object 'Object Repository/02-Side Icons(Organization)/Add Contact/Password Field'

2022-11-16 16:54:38 - [TEST_STEP][PASSED] - click(findTestObject("02-Side Icons(Organization)/Add Contact/button_Sign in")): Object: 'Object Repository/02-Side Icons(Organization)/Add Contact/button_Sign in' is clicked on

2022-11-16 16:54:39 - [MESSAGE][PASSED] - Object: 'Object Repository/02-Side Icons(Organization)/Add Contact/button_Sign in' is clicked on

2022-11-16 16:54:39 - [TEST_STEP][PASSED] - delay(2): Delayed 2 second(s)

2022-11-16 16:54:41 - [MESSAGE][PASSED] - Delayed 2 second(s)

2022-11-16 16:54:41 - [TEST_STEP][PASSED] - click(findTestObject("06-Teams/For 2FA/button_Confirm_2FA")): Object: 'Object Repository/06-Teams/For 2FA/button_Confirm_2FA' is clicked on

2022-11-16 16:54:41 - [MESSAGE][PASSED] - Object: 'Object Repository/06-Teams/For 2FA/button_Confirm_2FA' is clicked on

2022-11-16 16:54:41 - [TEST_STEP][PASSED] - executeJavaScript("window.open();", []): Execute JavaScript 'window.open();' successfully

2022-11-16 16:54:41 - [MESSAGE][PASSED] - Execute JavaScript 'window.open();' successfully

2022-11-16 16:54:41 - [TEST_STEP][PASSED] - currentWindow = getWindowIndex(): Current window's index is: 0

2022-11-16 16:54:41 - [MESSAGE][PASSED] - Current window's index is: 0

2022-11-16 16:54:41 - [TEST_STEP][PASSED] - delay(3): Delayed 3 second(s)

2022-11-16 16:54:44 - [MESSAGE][PASSED] - Delayed 3 second(s)

2022-11-16 16:54:44 - [TEST_STEP][PASSED] - switchToWindowIndex(currentWindow + 1): Switched to window with index: '1'

2022-11-16 16:54:44 - [MESSAGE][PASSED] - Switched to window with index: '1'

2022-11-16 16:54:44 - [TEST_STEP][PASSED] - navigateToUrl("https://www.mailinator.com/"): Navigate to 'https://www.mailinator.com/' successfully

2022-11-16 16:54:47 - [MESSAGE][PASSED] - Navigate to 'https://www.mailinator.com/' successfully

2022-11-16 16:54:47 - [TEST_STEP][PASSED] - delay(3): Delayed 3 second(s)

2022-11-16 16:54:50 - [MESSAGE][PASSED] - Delayed 3 second(s)

2022-11-16 16:54:50 - [TEST_STEP][PASSED] - setText(findTestObject("00-Signup and Activation/zMailinator/input_LOGIN_search"), "autotester09@mailinator.com"): Text 'autotester09@mailinator.com' is set on object 'Object Repository/00-Signup and Activation/zMailinator/input_LOGIN_search'

2022-11-16 16:54:50 - [MESSAGE][PASSED] - Text 'autotester09@mailinator.com' is set on object 'Object Repository/00-Signup and Activation/zMailinator/input_LOGIN_search'

2022-11-16 16:54:50 - [TEST_STEP][PASSED] - click(findTestObject("00-Signup and Activation/zMailinator/gobutton"), STOP_ON_FAILURE): Object: 'Object Repository/00-Signup and Activation/zMailinator/gobutton' is clicked on

2022-11-16 16:54:52 - [MESSAGE][PASSED] - Object: 'Object Repository/00-Signup and Activation/zMailinator/gobutton' is clicked on

2022-11-16 16:54:52 - [TEST_STEP][PASSED] - delay(3): Delayed 3 second(s)

2022-11-16 16:54:55 - [MESSAGE][PASSED] - Delayed 3 second(s)

2022-11-16 16:54:55 - [TEST_STEP][PASSED] - click(findTestObject("00-Signup and Activation/zMailinator/Email - everleagues")): Object: 'Object Repository/00-Signup and Activation/zMailinator/Email - everleagues' is clicked on

2022-11-16 16:54:55 - [MESSAGE][PASSED] - Object: 'Object Repository/00-Signup and Activation/zMailinator/Email - everleagues' is clicked on

2022-11-16 16:54:55 - [TEST_STEP][PASSED] - delay(3): Delayed 3 second(s)

2022-11-16 16:54:58 - [MESSAGE][PASSED] - Delayed 3 second(s)

2022-11-16 16:54:58 - [TEST_STEP][PASSED] - codetwo = getText(findTestObject("Object Repository/06-Teams/For 2FA/2FA code")): Text of object 'Object Repository/06-Teams/For 2FA/2FA code' is: '493866'

2022-11-16 16:54:59 - [MESSAGE][PASSED] - Text of object 'Object Repository/06-Teams/For 2FA/2FA code' is: '493866'

2022-11-16 16:54:59 - [TEST_STEP][PASSED] - delay(3): Delayed 3 second(s)

2022-11-16 16:55:02 - [MESSAGE][PASSED] - Delayed 3 second(s)

2022-11-16 16:55:02 - [TEST_STEP][PASSED] - closeWindowTitle("Mailinator"): Window with title: 'Mailinator' is closed

2022-11-16 16:55:02 - [MESSAGE][PASSED] - Window with title: 'Mailinator' is closed

2022-11-16 16:55:02 - [TEST_STEP][PASSED] - delay(3): Delayed 3 second(s)

2022-11-16 16:55:05 - [MESSAGE][PASSED] - Delayed 3 second(s)

2022-11-16 16:55:05 - [TEST_STEP][PASSED] - switchToWindowIndex(0): Switched to window with index: '0'

2022-11-16 16:55:05 - [MESSAGE][PASSED] - Switched to window with index: '0'

2022-11-16 16:55:05 - [TEST_STEP][PASSED] - delay(3): Delayed 3 second(s)

2022-11-16 16:55:08 - [MESSAGE][PASSED] - Delayed 3 second(s)

2022-11-16 16:55:08 - [TEST_STEP][PASSED] - setText(findTestObject("Object Repository/06-Teams/For 2FA/input_Enter verification code_code"), codetwo): Text '493866' is set on object 'Object Repository/06-Teams/For 2FA/input_Enter verification code_code'

2022-11-16 16:55:09 - [MESSAGE][PASSED] - Text '493866' is set on object 'Object Repository/06-Teams/For 2FA/input_Enter verification code_code'

2022-11-16 16:55:09 - [TEST_STEP][PASSED] - delay(3): Delayed 3 second(s)

2022-11-16 16:55:12 - [MESSAGE][PASSED] - Delayed 3 second(s)

2022-11-16 16:55:12 - [TEST_STEP][PASSED] - click(findTestObject("06-Teams/For 2FA/button_Verify_2FA")): Object: 'Object Repository/06-Teams/For 2FA/button_Verify_2FA' is clicked on

2022-11-16 16:55:13 - [MESSAGE][PASSED] - Object: 'Object Repository/06-Teams/For 2FA/button_Verify_2FA' is clicked on

2022-11-16 16:55:13 - [TEST_STEP][PASSED] - delay(5): Delayed 5 second(s)

2022-11-16 16:55:18 - [MESSAGE][PASSED] - Delayed 5 second(s)

2022-11-16 16:55:18 - [TEST_STEP][PASSED] - executeJavaScript("window.open();", []): Execute JavaScript 'window.open();' successfully

2022-11-16 16:55:18 - [MESSAGE][PASSED] - Execute JavaScript 'window.open();' successfully

2022-11-16 16:55:18 - [TEST_STEP][PASSED] - currentWindow = getWindowIndex(): Current window's index is: 0

2022-11-16 16:55:18 - [MESSAGE][PASSED] - Current window's index is: 0

2022-11-16 16:55:18 - [TEST_STEP][PASSED] - delay(3): Delayed 3 second(s)

2022-11-16 16:55:21 - [MESSAGE][PASSED] - Delayed 3 second(s)

2022-11-16 16:55:21 - [TEST_STEP][PASSED] - switchToWindowIndex(currentWindow + 1): Switched to window with index: '1'

2022-11-16 16:55:21 - [MESSAGE][PASSED] - Switched to window with index: '1'

2022-11-16 16:55:21 - [TEST_STEP][PASSED] - navigateToUrl("https://www.mailinator.com/"): Navigate to 'https://www.mailinator.com/' successfully

2022-11-16 16:55:22 - [MESSAGE][PASSED] - Navigate to 'https://www.mailinator.com/' successfully

2022-11-16 16:55:22 - [TEST_STEP][PASSED] - delay(3): Delayed 3 second(s)

2022-11-16 16:55:25 - [MESSAGE][PASSED] - Delayed 3 second(s)

2022-11-16 16:55:25 - [TEST_STEP][PASSED] - setText(findTestObject("00-Signup and Activation/zMailinator/input_LOGIN_search"), "autotester09@mailinator.com"): Text 'autotester09@mailinator.com' is set on object 'Object Repository/00-Signup and Activation/zMailinator/input_LOGIN_search'

2022-11-16 16:55:26 - [MESSAGE][PASSED] - Text 'autotester09@mailinator.com' is set on object 'Object Repository/00-Signup and Activation/zMailinator/input_LOGIN_search'

2022-11-16 16:55:26 - [TEST_STEP][PASSED] - click(findTestObject("00-Signup and Activation/zMailinator/gobutton"), STOP_ON_FAILURE): Object: 'Object Repository/00-Signup and Activation/zMailinator/gobutton' is clicked on

2022-11-16 16:55:27 - [MESSAGE][PASSED] - Object: 'Object Repository/00-Signup and Activation/zMailinator/gobutton' is clicked on

2022-11-16 16:55:27 - [TEST_STEP][PASSED] - delay(3): Delayed 3 second(s)

2022-11-16 16:55:30 - [MESSAGE][PASSED] - Delayed 3 second(s)

2022-11-16 16:55:30 - [TEST_STEP][PASSED] - closeWindowTitle("Everleagues"): Window with title: 'Everleagues' is closed

2022-11-16 16:55:30 - [MESSAGE][PASSED] - Window with title: 'Everleagues' is closed

2022-11-16 16:55:30 - [TEST_STEP][PASSED] - switchToWindowIndex(0): Switched to window with index: '0'

2022-11-16 16:55:30 - [MESSAGE][PASSED] - Switched to window with index: '0'

2022-11-16 16:55:30 - [TEST_STEP][PASSED] - click(findTestObject("09-Settings/Users/Co worker/td_Invitation from GG Automation")): Object: 'Object Repository/09-Settings/Users/Co worker/td_Invitation from GG Automation' is clicked on

2022-11-16 16:55:30 - [MESSAGE][PASSED] - Object: 'Object Repository/09-Settings/Users/Co worker/td_Invitation from GG Automation' is clicked on

2022-11-16 16:55:30 - [TEST_STEP][PASSED] - click(findTestObject("09-Settings/Users/Co worker/a_Click here to join GG Automation on EverLeagues")): Object: 'Object Repository/09-Settings/Users/Co worker/a_Click here to join GG Automation on EverLeagues' is clicked on

2022-11-16 16:55:31 - [MESSAGE][PASSED] - Object: 'Object Repository/09-Settings/Users/Co worker/a_Click here to join GG Automation on EverLeagues' is clicked on

2022-11-16 16:55:31 - [TEST_STEP][PASSED] - closeWindowTitle("Mailinator"): Window with title: 'Mailinator' is closed

2022-11-16 16:55:31 - [MESSAGE][PASSED] - Window with title: 'Mailinator' is closed

2022-11-16 16:55:31 - [TEST_STEP][PASSED] - switchToWindowIndex(0): Switched to window with index: '0'

2022-11-16 16:55:31 - [MESSAGE][PASSED] - Switched to window with index: '0'

2022-11-16 16:55:31 - [TEST_STEP][PASSED] - verifyElementVisible(findTestObject("09-Settings/Users/Client/Invite modal")): Object 'Object Repository/09-Settings/Users/Client/Invite modal' is visible

2022-11-16 16:55:37 - [MESSAGE][PASSED] - Object 'Object Repository/09-Settings/Users/Client/Invite modal' is visible

2022-11-16 16:55:37 - [TEST_STEP][PASSED] - setText(findTestObject("09-Settings/Users/Client/Company field"), "QA Company"): Text 'QA Company' is set on object 'Object Repository/09-Settings/Users/Client/Company field'

2022-11-16 16:55:38 - [MESSAGE][PASSED] - Text 'QA Company' is set on object 'Object Repository/09-Settings/Users/Client/Company field'

2022-11-16 16:55:38 - [TEST_STEP][PASSED] - click(findTestObject("09-Settings/Users/Client/button_Accept")): Object: 'Object Repository/09-Settings/Users/Client/button_Accept' is clicked on

2022-11-16 16:55:39 - [MESSAGE][PASSED] - Object: 'Object Repository/09-Settings/Users/Client/button_Accept' is clicked on

2022-11-16 16:55:39 - [TEST_STEP][PASSED] - delay(10): Delayed 10 second(s)

2022-11-16 16:55:49 - [MESSAGE][PASSED] - Delayed 10 second(s)

2022-11-16 16:55:49 - [TEST_STEP][PASSED] - verifyElementVisible(findTestObject("09-Settings/Users/Client/div_Joined as CLIENT")): Object 'Object Repository/09-Settings/Users/Client/div_Joined as CLIENT' is visible

2022-11-16 16:55:49 - [MESSAGE][PASSED] - Object 'Object Repository/09-Settings/Users/Client/div_Joined as CLIENT' is visible

2022-11-16 16:55:49 - [TEST_STEP][PASSED] - delay(3): Delayed 3 second(s)

2022-11-16 16:55:52 - [MESSAGE][PASSED] - Delayed 3 second(s)

2022-11-16 16:55:52 - [TEST_STEP][PASSED] - closeBrowser(): Browser is closed

2022-11-16 16:55:53 - [MESSAGE][PASSED] - Browser is closed]]></system-out>
         <system-err><![CDATA[]]></system-err>
      </testcase>
      <testcase name="Test Cases/09-Settings/04 - Users (Invite new user as partner)" time="205.475" classname="Test Cases/09-Settings/04 - Users (Invite new user as partner)" status="PASSED">
         <system-out><![CDATA[2022-11-16 16:55:53 - [TEST_CASE][PASSED] - Test Cases/09-Settings/04 - Users (Invite new user as partner): Test Cases/09-Settings/04 - Users (Invite new user as partner)

2022-11-16 16:55:53 - [TEST_STEP][PASSED] - openBrowser(""): Browser is opened with url: ''

2022-11-16 16:55:53 - [MESSAGE][INFO] - Starting 'Chrome' driver

2022-11-16 16:55:53 - [MESSAGE][INFO] - Action delay is set to 0 milliseconds

2022-11-16 16:55:54 - [MESSAGE][PASSED] - Browser is opened with url: ''

2022-11-16 16:55:54 - [TEST_STEP][PASSED] - navigateToUrl("https://lab.everleagues.com/"): Navigate to 'https://lab.everleagues.com/' successfully

2022-11-16 16:56:17 - [MESSAGE][PASSED] - Navigate to 'https://lab.everleagues.com/' successfully

2022-11-16 16:56:17 - [TEST_STEP][PASSED] - maximizeWindow(): Current window maximized

2022-11-16 16:56:17 - [MESSAGE][PASSED] - Current window maximized

2022-11-16 16:56:17 - [TEST_STEP][PASSED] - setText(findTestObject("02-Side Icons(Organization)/Add Contact/Email Field"), "testuser02@mailinator.com"): Text 'testuser02@mailinator.com' is set on object 'Object Repository/02-Side Icons(Organization)/Add Contact/Email Field'

2022-11-16 16:56:18 - [MESSAGE][PASSED] - Text 'testuser02@mailinator.com' is set on object 'Object Repository/02-Side Icons(Organization)/Add Contact/Email Field'

2022-11-16 16:56:18 - [TEST_STEP][PASSED] - setEncryptedText(findTestObject("02-Side Icons(Organization)/Add Contact/Password Field"), "8yFRyszE6U6jvsCn51OQbg=="): Text ****** has been set on object 'Object Repository/02-Side Icons(Organization)/Add Contact/Password Field'

2022-11-16 16:56:18 - [MESSAGE][PASSED] - Text ****** has been set on object 'Object Repository/02-Side Icons(Organization)/Add Contact/Password Field'

2022-11-16 16:56:18 - [TEST_STEP][PASSED] - click(findTestObject("02-Side Icons(Organization)/Add Contact/button_Sign in")): Object: 'Object Repository/02-Side Icons(Organization)/Add Contact/button_Sign in' is clicked on

2022-11-16 16:56:19 - [MESSAGE][PASSED] - Object: 'Object Repository/02-Side Icons(Organization)/Add Contact/button_Sign in' is clicked on

2022-11-16 16:56:19 - [TEST_STEP][PASSED] - delay(2): Delayed 2 second(s)

2022-11-16 16:56:21 - [MESSAGE][PASSED] - Delayed 2 second(s)

2022-11-16 16:56:21 - [TEST_STEP][PASSED] - click(findTestObject("06-Teams/For 2FA/button_Confirm_2FA")): Object: 'Object Repository/06-Teams/For 2FA/button_Confirm_2FA' is clicked on

2022-11-16 16:56:21 - [MESSAGE][PASSED] - Object: 'Object Repository/06-Teams/For 2FA/button_Confirm_2FA' is clicked on

2022-11-16 16:56:21 - [TEST_STEP][PASSED] - executeJavaScript("window.open();", []): Execute JavaScript 'window.open();' successfully

2022-11-16 16:56:21 - [MESSAGE][PASSED] - Execute JavaScript 'window.open();' successfully

2022-11-16 16:56:21 - [TEST_STEP][PASSED] - currentWindow = getWindowIndex(): Current window's index is: 0

2022-11-16 16:56:21 - [MESSAGE][PASSED] - Current window's index is: 0

2022-11-16 16:56:21 - [TEST_STEP][PASSED] - delay(3): Delayed 3 second(s)

2022-11-16 16:56:24 - [MESSAGE][PASSED] - Delayed 3 second(s)

2022-11-16 16:56:24 - [TEST_STEP][PASSED] - switchToWindowIndex(currentWindow + 1): Switched to window with index: '1'

2022-11-16 16:56:24 - [MESSAGE][PASSED] - Switched to window with index: '1'

2022-11-16 16:56:24 - [TEST_STEP][PASSED] - navigateToUrl("https://www.mailinator.com/"): Navigate to 'https://www.mailinator.com/' successfully

2022-11-16 16:56:26 - [MESSAGE][PASSED] - Navigate to 'https://www.mailinator.com/' successfully

2022-11-16 16:56:26 - [TEST_STEP][PASSED] - delay(3): Delayed 3 second(s)

2022-11-16 16:56:29 - [MESSAGE][PASSED] - Delayed 3 second(s)

2022-11-16 16:56:29 - [TEST_STEP][PASSED] - setText(findTestObject("00-Signup and Activation/zMailinator/input_LOGIN_search"), "testuser02@mailinator.com"): Text 'testuser02@mailinator.com' is set on object 'Object Repository/00-Signup and Activation/zMailinator/input_LOGIN_search'

2022-11-16 16:56:30 - [MESSAGE][PASSED] - Text 'testuser02@mailinator.com' is set on object 'Object Repository/00-Signup and Activation/zMailinator/input_LOGIN_search'

2022-11-16 16:56:30 - [TEST_STEP][PASSED] - click(findTestObject("00-Signup and Activation/zMailinator/gobutton"), STOP_ON_FAILURE): Object: 'Object Repository/00-Signup and Activation/zMailinator/gobutton' is clicked on

2022-11-16 16:56:32 - [MESSAGE][PASSED] - Object: 'Object Repository/00-Signup and Activation/zMailinator/gobutton' is clicked on

2022-11-16 16:56:32 - [TEST_STEP][PASSED] - delay(3): Delayed 3 second(s)

2022-11-16 16:56:35 - [MESSAGE][PASSED] - Delayed 3 second(s)

2022-11-16 16:56:35 - [TEST_STEP][PASSED] - click(findTestObject("00-Signup and Activation/zMailinator/Email - everleagues")): Object: 'Object Repository/00-Signup and Activation/zMailinator/Email - everleagues' is clicked on

2022-11-16 16:56:35 - [MESSAGE][PASSED] - Object: 'Object Repository/00-Signup and Activation/zMailinator/Email - everleagues' is clicked on

2022-11-16 16:56:35 - [TEST_STEP][PASSED] - delay(3): Delayed 3 second(s)

2022-11-16 16:56:38 - [MESSAGE][PASSED] - Delayed 3 second(s)

2022-11-16 16:56:38 - [TEST_STEP][PASSED] - code = getText(findTestObject("Object Repository/06-Teams/For 2FA/2FA code")): Text of object 'Object Repository/06-Teams/For 2FA/2FA code' is: '429938'

2022-11-16 16:56:39 - [MESSAGE][PASSED] - Text of object 'Object Repository/06-Teams/For 2FA/2FA code' is: '429938'

2022-11-16 16:56:39 - [TEST_STEP][PASSED] - delay(3): Delayed 3 second(s)

2022-11-16 16:56:42 - [MESSAGE][PASSED] - Delayed 3 second(s)

2022-11-16 16:56:42 - [TEST_STEP][PASSED] - closeWindowTitle("Mailinator"): Window with title: 'Mailinator' is closed

2022-11-16 16:56:42 - [MESSAGE][PASSED] - Window with title: 'Mailinator' is closed

2022-11-16 16:56:42 - [TEST_STEP][PASSED] - delay(3): Delayed 3 second(s)

2022-11-16 16:56:45 - [MESSAGE][PASSED] - Delayed 3 second(s)

2022-11-16 16:56:45 - [TEST_STEP][PASSED] - switchToWindowIndex(0): Switched to window with index: '0'

2022-11-16 16:56:45 - [MESSAGE][PASSED] - Switched to window with index: '0'

2022-11-16 16:56:45 - [TEST_STEP][PASSED] - delay(3): Delayed 3 second(s)

2022-11-16 16:56:48 - [MESSAGE][PASSED] - Delayed 3 second(s)

2022-11-16 16:56:48 - [TEST_STEP][PASSED] - setText(findTestObject("Object Repository/06-Teams/For 2FA/input_Enter verification code_code"), code): Text '429938' is set on object 'Object Repository/06-Teams/For 2FA/input_Enter verification code_code'

2022-11-16 16:56:49 - [MESSAGE][PASSED] - Text '429938' is set on object 'Object Repository/06-Teams/For 2FA/input_Enter verification code_code'

2022-11-16 16:56:49 - [TEST_STEP][PASSED] - delay(3): Delayed 3 second(s)

2022-11-16 16:56:52 - [MESSAGE][PASSED] - Delayed 3 second(s)

2022-11-16 16:56:52 - [TEST_STEP][PASSED] - click(findTestObject("06-Teams/For 2FA/button_Verify_2FA")): Object: 'Object Repository/06-Teams/For 2FA/button_Verify_2FA' is clicked on

2022-11-16 16:56:53 - [MESSAGE][PASSED] - Object: 'Object Repository/06-Teams/For 2FA/button_Verify_2FA' is clicked on

2022-11-16 16:56:53 - [TEST_STEP][PASSED] - delay(5): Delayed 5 second(s)

2022-11-16 16:56:58 - [MESSAGE][PASSED] - Delayed 5 second(s)

2022-11-16 16:56:58 - [TEST_STEP][PASSED] - click(findTestObject("06-Teams/button_doublearrow")): Object: 'Object Repository/06-Teams/button_doublearrow' is clicked on

2022-11-16 16:57:00 - [MESSAGE][PASSED] - Object: 'Object Repository/06-Teams/button_doublearrow' is clicked on

2022-11-16 16:57:00 - [TEST_STEP][PASSED] - click(findTestObject("06-Teams/button_My Organizations")): Object: 'Object Repository/06-Teams/button_My Organizations' is clicked on

2022-11-16 16:57:00 - [MESSAGE][PASSED] - Object: 'Object Repository/06-Teams/button_My Organizations' is clicked on

2022-11-16 16:57:00 - [TEST_STEP][PASSED] - click(findTestObject("06-Teams/button_GG Automation")): Object: 'Object Repository/06-Teams/button_GG Automation' is clicked on

2022-11-16 16:57:01 - [MESSAGE][PASSED] - Object: 'Object Repository/06-Teams/button_GG Automation' is clicked on

2022-11-16 16:57:01 - [TEST_STEP][PASSED] - delay(4): Delayed 4 second(s)

2022-11-16 16:57:05 - [MESSAGE][PASSED] - Delayed 4 second(s)

2022-11-16 16:57:05 - [TEST_STEP][PASSED] - verifyElementVisible(findTestObject("06-Teams/span_GG Automation")): Object 'Object Repository/06-Teams/span_GG Automation' is visible

2022-11-16 16:57:05 - [MESSAGE][PASSED] - Object 'Object Repository/06-Teams/span_GG Automation' is visible

2022-11-16 16:57:05 - [TEST_STEP][PASSED] - delay(10): Delayed 10 second(s)

2022-11-16 16:57:15 - [MESSAGE][PASSED] - Delayed 10 second(s)

2022-11-16 16:57:15 - [TEST_STEP][PASSED] - click(findTestObject("03-Header Menu/Hamburger Button/div_Settings")): Object: 'Object Repository/03-Header Menu/Hamburger Button/div_Settings' is clicked on

2022-11-16 16:57:16 - [MESSAGE][PASSED] - Object: 'Object Repository/03-Header Menu/Hamburger Button/div_Settings' is clicked on

2022-11-16 16:57:16 - [TEST_STEP][PASSED] - delay(3): Delayed 3 second(s)

2022-11-16 16:57:19 - [MESSAGE][PASSED] - Delayed 3 second(s)

2022-11-16 16:57:19 - [TEST_STEP][PASSED] - click(findTestObject("09-Settings/Users/div_Users")): Object: 'Object Repository/09-Settings/Users/div_Users' is clicked on

2022-11-16 16:57:20 - [MESSAGE][PASSED] - Object: 'Object Repository/09-Settings/Users/div_Users' is clicked on

2022-11-16 16:57:20 - [TEST_STEP][PASSED] - delay(3): Delayed 3 second(s)

2022-11-16 16:57:23 - [MESSAGE][PASSED] - Delayed 3 second(s)

2022-11-16 16:57:23 - [TEST_STEP][PASSED] - click(findTestObject("09-Settings/Users/button_add")): Object: 'Object Repository/09-Settings/Users/button_add' is clicked on

2022-11-16 16:57:23 - [MESSAGE][PASSED] - Object: 'Object Repository/09-Settings/Users/button_add' is clicked on

2022-11-16 16:57:23 - [TEST_STEP][PASSED] - delay(3): Delayed 3 second(s)

2022-11-16 16:57:26 - [MESSAGE][PASSED] - Delayed 3 second(s)

2022-11-16 16:57:26 - [TEST_STEP][PASSED] - click(findTestObject("09-Settings/Users/add Invite a single user")): Object: 'Object Repository/09-Settings/Users/add Invite a single user' is clicked on

2022-11-16 16:57:26 - [MESSAGE][PASSED] - Object: 'Object Repository/09-Settings/Users/add Invite a single user' is clicked on

2022-11-16 16:57:26 - [TEST_STEP][PASSED] - delay(3): Delayed 3 second(s)

2022-11-16 16:57:29 - [MESSAGE][PASSED] - Delayed 3 second(s)

2022-11-16 16:57:29 - [TEST_STEP][PASSED] - setText(findTestObject("09-Settings/Users/input_email"), "autotester10@mailinator.com"): Text 'autotester10@mailinator.com' is set on object 'Object Repository/09-Settings/Users/input_email'

2022-11-16 16:57:31 - [MESSAGE][PASSED] - Text 'autotester10@mailinator.com' is set on object 'Object Repository/09-Settings/Users/input_email'

2022-11-16 16:57:31 - [TEST_STEP][PASSED] - setText(findTestObject("09-Settings/Users/input_firstName"), "GG"): Text 'GG' is set on object 'Object Repository/09-Settings/Users/input_firstName'

2022-11-16 16:57:31 - [MESSAGE][PASSED] - Text 'GG' is set on object 'Object Repository/09-Settings/Users/input_firstName'

2022-11-16 16:57:31 - [TEST_STEP][PASSED] - setText(findTestObject("09-Settings/Users/input_lastName"), "Partner"): Text 'Partner' is set on object 'Object Repository/09-Settings/Users/input_lastName'

2022-11-16 16:57:32 - [MESSAGE][PASSED] - Text 'Partner' is set on object 'Object Repository/09-Settings/Users/input_lastName'

2022-11-16 16:57:32 - [TEST_STEP][PASSED] - click(findTestObject("09-Settings/Users/span_Role")): Object: 'Object Repository/09-Settings/Users/span_Role' is clicked on

2022-11-16 16:57:33 - [MESSAGE][PASSED] - Object: 'Object Repository/09-Settings/Users/span_Role' is clicked on

2022-11-16 16:57:33 - [TEST_STEP][PASSED] - click(findTestObject("09-Settings/Users/span_Partner")): Object: 'Object Repository/09-Settings/Users/span_Partner' is clicked on

2022-11-16 16:57:33 - [MESSAGE][PASSED] - Object: 'Object Repository/09-Settings/Users/span_Partner' is clicked on

2022-11-16 16:57:33 - [TEST_STEP][PASSED] - click(findTestObject("09-Settings/Users/button_Send Invitation")): Object: 'Object Repository/09-Settings/Users/button_Send Invitation' is clicked on

2022-11-16 16:57:34 - [MESSAGE][PASSED] - Object: 'Object Repository/09-Settings/Users/button_Send Invitation' is clicked on

2022-11-16 16:57:34 - [TEST_STEP][PASSED] - delay(2): Delayed 2 second(s)

2022-11-16 16:57:36 - [MESSAGE][PASSED] - Delayed 2 second(s)

2022-11-16 16:57:36 - [TEST_STEP][PASSED] - verifyElementVisible(findTestObject("07-Directory/Connections/zContact Profile/Successfully invited user")): Object 'Object Repository/07-Directory/Connections/zContact Profile/Successfully invited user' is visible

2022-11-16 16:57:38 - [MESSAGE][PASSED] - Object 'Object Repository/07-Directory/Connections/zContact Profile/Successfully invited user' is visible

2022-11-16 16:57:38 - [TEST_STEP][PASSED] - delay(2): Delayed 2 second(s)

2022-11-16 16:57:40 - [MESSAGE][PASSED] - Delayed 2 second(s)

2022-11-16 16:57:40 - [TEST_STEP][PASSED] - click(findTestObject("01-Login and Forgot Password/User menu drop")): Object: 'Object Repository/01-Login and Forgot Password/User menu drop' is clicked on

2022-11-16 16:57:41 - [MESSAGE][PASSED] - Object: 'Object Repository/01-Login and Forgot Password/User menu drop' is clicked on

2022-11-16 16:57:41 - [TEST_STEP][PASSED] - delay(2): Delayed 2 second(s)

2022-11-16 16:57:43 - [MESSAGE][PASSED] - Delayed 2 second(s)

2022-11-16 16:57:43 - [TEST_STEP][PASSED] - click(findTestObject("01-Login and Forgot Password/h4_Sign Out"), STOP_ON_FAILURE): Object: 'Object Repository/01-Login and Forgot Password/h4_Sign Out' is clicked on

2022-11-16 16:57:43 - [MESSAGE][PASSED] - Object: 'Object Repository/01-Login and Forgot Password/h4_Sign Out' is clicked on

2022-11-16 16:57:43 - [TEST_STEP][PASSED] - delay(2): Delayed 2 second(s)

2022-11-16 16:57:45 - [MESSAGE][PASSED] - Delayed 2 second(s)

2022-11-16 16:57:45 - [TEST_STEP][PASSED] - verifyElementPresent(findTestObject("01-Login and Forgot Password/Login_Card"), 0): Object 'Object Repository/01-Login and Forgot Password/Login_Card' is present

2022-11-16 16:57:45 - [MESSAGE][WARNING] - Timeout '0' is invalid. Using default page load timeout: '30'

2022-11-16 16:57:45 - [MESSAGE][PASSED] - Object 'Object Repository/01-Login and Forgot Password/Login_Card' is present

2022-11-16 16:57:45 - [TEST_STEP][PASSED] - delay(3): Delayed 3 second(s)

2022-11-16 16:57:48 - [MESSAGE][PASSED] - Delayed 3 second(s)

2022-11-16 16:57:48 - [TEST_STEP][PASSED] - closeBrowser(): Browser is closed

2022-11-16 16:57:49 - [MESSAGE][PASSED] - Browser is closed

2022-11-16 16:57:49 - [TEST_STEP][PASSED] - openBrowser(""): Browser is opened with url: ''

2022-11-16 16:57:49 - [MESSAGE][INFO] - Starting 'Chrome' driver

2022-11-16 16:57:49 - [MESSAGE][INFO] - Action delay is set to 0 milliseconds

2022-11-16 16:57:50 - [MESSAGE][PASSED] - Browser is opened with url: ''

2022-11-16 16:57:50 - [TEST_STEP][PASSED] - navigateToUrl("https://lab.everleagues.com/"): Navigate to 'https://lab.everleagues.com/' successfully

2022-11-16 16:58:03 - [MESSAGE][PASSED] - Navigate to 'https://lab.everleagues.com/' successfully

2022-11-16 16:58:03 - [TEST_STEP][PASSED] - maximizeWindow(): Current window maximized

2022-11-16 16:58:03 - [MESSAGE][PASSED] - Current window maximized

2022-11-16 16:58:03 - [TEST_STEP][PASSED] - setText(findTestObject("02-Side Icons(Organization)/Add Contact/Email Field"), "autotester10@mailinator.com"): Text 'autotester10@mailinator.com' is set on object 'Object Repository/02-Side Icons(Organization)/Add Contact/Email Field'

2022-11-16 16:58:04 - [MESSAGE][PASSED] - Text 'autotester10@mailinator.com' is set on object 'Object Repository/02-Side Icons(Organization)/Add Contact/Email Field'

2022-11-16 16:58:04 - [TEST_STEP][PASSED] - setEncryptedText(findTestObject("02-Side Icons(Organization)/Add Contact/Password Field"), "8yFRyszE6U6jvsCn51OQbg=="): Text ****** has been set on object 'Object Repository/02-Side Icons(Organization)/Add Contact/Password Field'

2022-11-16 16:58:04 - [MESSAGE][PASSED] - Text ****** has been set on object 'Object Repository/02-Side Icons(Organization)/Add Contact/Password Field'

2022-11-16 16:58:04 - [TEST_STEP][PASSED] - click(findTestObject("02-Side Icons(Organization)/Add Contact/button_Sign in")): Object: 'Object Repository/02-Side Icons(Organization)/Add Contact/button_Sign in' is clicked on

2022-11-16 16:58:05 - [MESSAGE][PASSED] - Object: 'Object Repository/02-Side Icons(Organization)/Add Contact/button_Sign in' is clicked on

2022-11-16 16:58:05 - [TEST_STEP][PASSED] - delay(2): Delayed 2 second(s)

2022-11-16 16:58:07 - [MESSAGE][PASSED] - Delayed 2 second(s)

2022-11-16 16:58:07 - [TEST_STEP][PASSED] - click(findTestObject("06-Teams/For 2FA/button_Confirm_2FA")): Object: 'Object Repository/06-Teams/For 2FA/button_Confirm_2FA' is clicked on

2022-11-16 16:58:07 - [MESSAGE][PASSED] - Object: 'Object Repository/06-Teams/For 2FA/button_Confirm_2FA' is clicked on

2022-11-16 16:58:07 - [TEST_STEP][PASSED] - executeJavaScript("window.open();", []): Execute JavaScript 'window.open();' successfully

2022-11-16 16:58:07 - [MESSAGE][PASSED] - Execute JavaScript 'window.open();' successfully

2022-11-16 16:58:07 - [TEST_STEP][PASSED] - currentWindow = getWindowIndex(): Current window's index is: 0

2022-11-16 16:58:07 - [MESSAGE][PASSED] - Current window's index is: 0

2022-11-16 16:58:07 - [TEST_STEP][PASSED] - delay(3): Delayed 3 second(s)

2022-11-16 16:58:10 - [MESSAGE][PASSED] - Delayed 3 second(s)

2022-11-16 16:58:10 - [TEST_STEP][PASSED] - switchToWindowIndex(currentWindow + 1): Switched to window with index: '1'

2022-11-16 16:58:10 - [MESSAGE][PASSED] - Switched to window with index: '1'

2022-11-16 16:58:10 - [TEST_STEP][PASSED] - navigateToUrl("https://www.mailinator.com/"): Navigate to 'https://www.mailinator.com/' successfully

2022-11-16 16:58:12 - [MESSAGE][PASSED] - Navigate to 'https://www.mailinator.com/' successfully

2022-11-16 16:58:12 - [TEST_STEP][PASSED] - delay(3): Delayed 3 second(s)

2022-11-16 16:58:15 - [MESSAGE][PASSED] - Delayed 3 second(s)

2022-11-16 16:58:15 - [TEST_STEP][PASSED] - setText(findTestObject("00-Signup and Activation/zMailinator/input_LOGIN_search"), "autotester10@mailinator.com"): Text 'autotester10@mailinator.com' is set on object 'Object Repository/00-Signup and Activation/zMailinator/input_LOGIN_search'

2022-11-16 16:58:16 - [MESSAGE][PASSED] - Text 'autotester10@mailinator.com' is set on object 'Object Repository/00-Signup and Activation/zMailinator/input_LOGIN_search'

2022-11-16 16:58:16 - [TEST_STEP][PASSED] - click(findTestObject("00-Signup and Activation/zMailinator/gobutton"), STOP_ON_FAILURE): Object: 'Object Repository/00-Signup and Activation/zMailinator/gobutton' is clicked on

2022-11-16 16:58:18 - [MESSAGE][PASSED] - Object: 'Object Repository/00-Signup and Activation/zMailinator/gobutton' is clicked on

2022-11-16 16:58:18 - [TEST_STEP][PASSED] - delay(3): Delayed 3 second(s)

2022-11-16 16:58:21 - [MESSAGE][PASSED] - Delayed 3 second(s)

2022-11-16 16:58:21 - [TEST_STEP][PASSED] - click(findTestObject("00-Signup and Activation/zMailinator/Email - everleagues")): Object: 'Object Repository/00-Signup and Activation/zMailinator/Email - everleagues' is clicked on

2022-11-16 16:58:21 - [MESSAGE][PASSED] - Object: 'Object Repository/00-Signup and Activation/zMailinator/Email - everleagues' is clicked on

2022-11-16 16:58:21 - [TEST_STEP][PASSED] - delay(3): Delayed 3 second(s)

2022-11-16 16:58:24 - [MESSAGE][PASSED] - Delayed 3 second(s)

2022-11-16 16:58:24 - [TEST_STEP][PASSED] - codetwo = getText(findTestObject("Object Repository/06-Teams/For 2FA/2FA code")): Text of object 'Object Repository/06-Teams/For 2FA/2FA code' is: '905124'

2022-11-16 16:58:25 - [MESSAGE][PASSED] - Text of object 'Object Repository/06-Teams/For 2FA/2FA code' is: '905124'

2022-11-16 16:58:25 - [TEST_STEP][PASSED] - delay(3): Delayed 3 second(s)

2022-11-16 16:58:28 - [MESSAGE][PASSED] - Delayed 3 second(s)

2022-11-16 16:58:28 - [TEST_STEP][PASSED] - closeWindowTitle("Mailinator"): Window with title: 'Mailinator' is closed

2022-11-16 16:58:28 - [MESSAGE][PASSED] - Window with title: 'Mailinator' is closed

2022-11-16 16:58:28 - [TEST_STEP][PASSED] - delay(3): Delayed 3 second(s)

2022-11-16 16:58:31 - [MESSAGE][PASSED] - Delayed 3 second(s)

2022-11-16 16:58:31 - [TEST_STEP][PASSED] - switchToWindowIndex(0): Switched to window with index: '0'

2022-11-16 16:58:31 - [MESSAGE][PASSED] - Switched to window with index: '0'

2022-11-16 16:58:31 - [TEST_STEP][PASSED] - delay(3): Delayed 3 second(s)

2022-11-16 16:58:34 - [MESSAGE][PASSED] - Delayed 3 second(s)

2022-11-16 16:58:34 - [TEST_STEP][PASSED] - setText(findTestObject("Object Repository/06-Teams/For 2FA/input_Enter verification code_code"), codetwo): Text '905124' is set on object 'Object Repository/06-Teams/For 2FA/input_Enter verification code_code'

2022-11-16 16:58:35 - [MESSAGE][PASSED] - Text '905124' is set on object 'Object Repository/06-Teams/For 2FA/input_Enter verification code_code'

2022-11-16 16:58:35 - [TEST_STEP][PASSED] - delay(3): Delayed 3 second(s)

2022-11-16 16:58:38 - [MESSAGE][PASSED] - Delayed 3 second(s)

2022-11-16 16:58:38 - [TEST_STEP][PASSED] - click(findTestObject("06-Teams/For 2FA/button_Verify_2FA")): Object: 'Object Repository/06-Teams/For 2FA/button_Verify_2FA' is clicked on

2022-11-16 16:58:38 - [MESSAGE][PASSED] - Object: 'Object Repository/06-Teams/For 2FA/button_Verify_2FA' is clicked on

2022-11-16 16:58:38 - [TEST_STEP][PASSED] - delay(5): Delayed 5 second(s)

2022-11-16 16:58:43 - [MESSAGE][PASSED] - Delayed 5 second(s)

2022-11-16 16:58:43 - [TEST_STEP][PASSED] - executeJavaScript("window.open();", []): Execute JavaScript 'window.open();' successfully

2022-11-16 16:58:43 - [MESSAGE][PASSED] - Execute JavaScript 'window.open();' successfully

2022-11-16 16:58:43 - [TEST_STEP][PASSED] - currentWindow = getWindowIndex(): Current window's index is: 0

2022-11-16 16:58:43 - [MESSAGE][PASSED] - Current window's index is: 0

2022-11-16 16:58:43 - [TEST_STEP][PASSED] - delay(3): Delayed 3 second(s)

2022-11-16 16:58:46 - [MESSAGE][PASSED] - Delayed 3 second(s)

2022-11-16 16:58:46 - [TEST_STEP][PASSED] - switchToWindowIndex(currentWindow + 1): Switched to window with index: '1'

2022-11-16 16:58:46 - [MESSAGE][PASSED] - Switched to window with index: '1'

2022-11-16 16:58:46 - [TEST_STEP][PASSED] - navigateToUrl("https://www.mailinator.com/"): Navigate to 'https://www.mailinator.com/' successfully

2022-11-16 16:58:48 - [MESSAGE][PASSED] - Navigate to 'https://www.mailinator.com/' successfully

2022-11-16 16:58:48 - [TEST_STEP][PASSED] - delay(3): Delayed 3 second(s)

2022-11-16 16:58:51 - [MESSAGE][PASSED] - Delayed 3 second(s)

2022-11-16 16:58:51 - [TEST_STEP][PASSED] - setText(findTestObject("00-Signup and Activation/zMailinator/input_LOGIN_search"), "autotester10@mailinator.com"): Text 'autotester10@mailinator.com' is set on object 'Object Repository/00-Signup and Activation/zMailinator/input_LOGIN_search'

2022-11-16 16:58:51 - [MESSAGE][PASSED] - Text 'autotester10@mailinator.com' is set on object 'Object Repository/00-Signup and Activation/zMailinator/input_LOGIN_search'

2022-11-16 16:58:51 - [TEST_STEP][PASSED] - click(findTestObject("00-Signup and Activation/zMailinator/gobutton"), STOP_ON_FAILURE): Object: 'Object Repository/00-Signup and Activation/zMailinator/gobutton' is clicked on

2022-11-16 16:58:52 - [MESSAGE][PASSED] - Object: 'Object Repository/00-Signup and Activation/zMailinator/gobutton' is clicked on

2022-11-16 16:58:52 - [TEST_STEP][PASSED] - delay(3): Delayed 3 second(s)

2022-11-16 16:58:55 - [MESSAGE][PASSED] - Delayed 3 second(s)

2022-11-16 16:58:55 - [TEST_STEP][PASSED] - closeWindowTitle("Everleagues"): Window with title: 'Everleagues' is closed

2022-11-16 16:58:55 - [MESSAGE][PASSED] - Window with title: 'Everleagues' is closed

2022-11-16 16:58:55 - [TEST_STEP][PASSED] - switchToWindowIndex(0): Switched to window with index: '0'

2022-11-16 16:58:55 - [MESSAGE][PASSED] - Switched to window with index: '0'

2022-11-16 16:58:55 - [TEST_STEP][PASSED] - click(findTestObject("09-Settings/Users/Co worker/td_Invitation from GG Automation")): Object: 'Object Repository/09-Settings/Users/Co worker/td_Invitation from GG Automation' is clicked on

2022-11-16 16:58:56 - [MESSAGE][PASSED] - Object: 'Object Repository/09-Settings/Users/Co worker/td_Invitation from GG Automation' is clicked on

2022-11-16 16:58:56 - [TEST_STEP][PASSED] - click(findTestObject("09-Settings/Users/Co worker/a_Click here to join GG Automation on EverLeagues")): Object: 'Object Repository/09-Settings/Users/Co worker/a_Click here to join GG Automation on EverLeagues' is clicked on

2022-11-16 16:58:57 - [MESSAGE][PASSED] - Object: 'Object Repository/09-Settings/Users/Co worker/a_Click here to join GG Automation on EverLeagues' is clicked on

2022-11-16 16:58:57 - [TEST_STEP][PASSED] - closeWindowTitle("Mailinator"): Window with title: 'Mailinator' is closed

2022-11-16 16:58:57 - [MESSAGE][PASSED] - Window with title: 'Mailinator' is closed

2022-11-16 16:58:57 - [TEST_STEP][PASSED] - switchToWindowIndex(0): Switched to window with index: '0'

2022-11-16 16:58:57 - [MESSAGE][PASSED] - Switched to window with index: '0'

2022-11-16 16:58:57 - [TEST_STEP][PASSED] - verifyElementVisible(findTestObject("09-Settings/Users/Client/Invite modal")): Object 'Object Repository/09-Settings/Users/Client/Invite modal' is visible

2022-11-16 16:59:03 - [MESSAGE][PASSED] - Object 'Object Repository/09-Settings/Users/Client/Invite modal' is visible

2022-11-16 16:59:03 - [TEST_STEP][PASSED] - setText(findTestObject("09-Settings/Users/Client/Company field"), "QA Company"): Text 'QA Company' is set on object 'Object Repository/09-Settings/Users/Client/Company field'

2022-11-16 16:59:04 - [MESSAGE][PASSED] - Text 'QA Company' is set on object 'Object Repository/09-Settings/Users/Client/Company field'

2022-11-16 16:59:04 - [TEST_STEP][PASSED] - click(findTestObject("09-Settings/Users/Client/button_Accept")): Object: 'Object Repository/09-Settings/Users/Client/button_Accept' is clicked on

2022-11-16 16:59:04 - [MESSAGE][PASSED] - Object: 'Object Repository/09-Settings/Users/Client/button_Accept' is clicked on

2022-11-16 16:59:04 - [TEST_STEP][PASSED] - delay(10): Delayed 10 second(s)

2022-11-16 16:59:14 - [MESSAGE][PASSED] - Delayed 10 second(s)

2022-11-16 16:59:14 - [TEST_STEP][PASSED] - verifyElementVisible(findTestObject("09-Settings/Users/div_Joined as Partner")): Object 'Object Repository/09-Settings/Users/div_Joined as Partner' is visible

2022-11-16 16:59:15 - [MESSAGE][PASSED] - Object 'Object Repository/09-Settings/Users/div_Joined as Partner' is visible

2022-11-16 16:59:15 - [TEST_STEP][PASSED] - delay(3): Delayed 3 second(s)

2022-11-16 16:59:18 - [MESSAGE][PASSED] - Delayed 3 second(s)

2022-11-16 16:59:18 - [TEST_STEP][PASSED] - closeBrowser(): Browser is closed

2022-11-16 16:59:18 - [MESSAGE][PASSED] - Browser is closed]]></system-out>
         <system-err><![CDATA[]]></system-err>
      </testcase>
      <testcase name="Test Cases/09-Settings/05 - Users (Invite batch of users via CSV file)" time="137.753" classname="Test Cases/09-Settings/05 - Users (Invite batch of users via CSV file)" status="PASSED">
         <system-out><![CDATA[2022-11-16 16:59:18 - [TEST_CASE][PASSED] - Test Cases/09-Settings/05 - Users (Invite batch of users via CSV file): Test Cases/09-Settings/05 - Users (Invite batch of users via CSV file)

2022-11-16 16:59:19 - [TEST_STEP][PASSED] - openBrowser(""): Browser is opened with url: ''

2022-11-16 16:59:19 - [MESSAGE][INFO] - Starting 'Chrome' driver

2022-11-16 16:59:19 - [MESSAGE][INFO] - Action delay is set to 0 milliseconds

2022-11-16 16:59:20 - [MESSAGE][PASSED] - Browser is opened with url: ''

2022-11-16 16:59:20 - [TEST_STEP][PASSED] - navigateToUrl("https://lab.everleagues.com/"): Navigate to 'https://lab.everleagues.com/' successfully

2022-11-16 16:59:55 - [MESSAGE][PASSED] - Navigate to 'https://lab.everleagues.com/' successfully

2022-11-16 16:59:55 - [TEST_STEP][PASSED] - maximizeWindow(): Current window maximized

2022-11-16 16:59:55 - [MESSAGE][PASSED] - Current window maximized

2022-11-16 16:59:55 - [TEST_STEP][PASSED] - setText(findTestObject("02-Side Icons(Organization)/Add Contact/Email Field"), "testuser02@mailinator.com"): Text 'testuser02@mailinator.com' is set on object 'Object Repository/02-Side Icons(Organization)/Add Contact/Email Field'

2022-11-16 16:59:57 - [MESSAGE][PASSED] - Text 'testuser02@mailinator.com' is set on object 'Object Repository/02-Side Icons(Organization)/Add Contact/Email Field'

2022-11-16 16:59:57 - [TEST_STEP][PASSED] - setEncryptedText(findTestObject("02-Side Icons(Organization)/Add Contact/Password Field"), "8yFRyszE6U6jvsCn51OQbg=="): Text ****** has been set on object 'Object Repository/02-Side Icons(Organization)/Add Contact/Password Field'

2022-11-16 16:59:58 - [MESSAGE][PASSED] - Text ****** has been set on object 'Object Repository/02-Side Icons(Organization)/Add Contact/Password Field'

2022-11-16 16:59:58 - [TEST_STEP][PASSED] - click(findTestObject("02-Side Icons(Organization)/Add Contact/button_Sign in")): Object: 'Object Repository/02-Side Icons(Organization)/Add Contact/button_Sign in' is clicked on

2022-11-16 16:59:58 - [MESSAGE][PASSED] - Object: 'Object Repository/02-Side Icons(Organization)/Add Contact/button_Sign in' is clicked on

2022-11-16 16:59:58 - [TEST_STEP][PASSED] - delay(2): Delayed 2 second(s)

2022-11-16 17:00:00 - [MESSAGE][PASSED] - Delayed 2 second(s)

2022-11-16 17:00:00 - [TEST_STEP][PASSED] - click(findTestObject("06-Teams/For 2FA/button_Confirm_2FA")): Object: 'Object Repository/06-Teams/For 2FA/button_Confirm_2FA' is clicked on

2022-11-16 17:00:01 - [MESSAGE][PASSED] - Object: 'Object Repository/06-Teams/For 2FA/button_Confirm_2FA' is clicked on

2022-11-16 17:00:01 - [TEST_STEP][PASSED] - executeJavaScript("window.open();", []): Execute JavaScript 'window.open();' successfully

2022-11-16 17:00:01 - [MESSAGE][PASSED] - Execute JavaScript 'window.open();' successfully

2022-11-16 17:00:01 - [TEST_STEP][PASSED] - currentWindow = getWindowIndex(): Current window's index is: 0

2022-11-16 17:00:01 - [MESSAGE][PASSED] - Current window's index is: 0

2022-11-16 17:00:01 - [TEST_STEP][PASSED] - delay(3): Delayed 3 second(s)

2022-11-16 17:00:04 - [MESSAGE][PASSED] - Delayed 3 second(s)

2022-11-16 17:00:04 - [TEST_STEP][PASSED] - switchToWindowIndex(currentWindow + 1): Switched to window with index: '1'

2022-11-16 17:00:04 - [MESSAGE][PASSED] - Switched to window with index: '1'

2022-11-16 17:00:04 - [TEST_STEP][PASSED] - navigateToUrl("https://www.mailinator.com/"): Navigate to 'https://www.mailinator.com/' successfully

2022-11-16 17:00:06 - [MESSAGE][PASSED] - Navigate to 'https://www.mailinator.com/' successfully

2022-11-16 17:00:06 - [TEST_STEP][PASSED] - delay(3): Delayed 3 second(s)

2022-11-16 17:00:09 - [MESSAGE][PASSED] - Delayed 3 second(s)

2022-11-16 17:00:09 - [TEST_STEP][PASSED] - setText(findTestObject("00-Signup and Activation/zMailinator/input_LOGIN_search"), "testuser02@mailinator.com"): Text 'testuser02@mailinator.com' is set on object 'Object Repository/00-Signup and Activation/zMailinator/input_LOGIN_search'

2022-11-16 17:00:10 - [MESSAGE][PASSED] - Text 'testuser02@mailinator.com' is set on object 'Object Repository/00-Signup and Activation/zMailinator/input_LOGIN_search'

2022-11-16 17:00:10 - [TEST_STEP][PASSED] - click(findTestObject("00-Signup and Activation/zMailinator/gobutton"), STOP_ON_FAILURE): Object: 'Object Repository/00-Signup and Activation/zMailinator/gobutton' is clicked on

2022-11-16 17:00:11 - [MESSAGE][PASSED] - Object: 'Object Repository/00-Signup and Activation/zMailinator/gobutton' is clicked on

2022-11-16 17:00:11 - [TEST_STEP][PASSED] - delay(3): Delayed 3 second(s)

2022-11-16 17:00:14 - [MESSAGE][PASSED] - Delayed 3 second(s)

2022-11-16 17:00:14 - [TEST_STEP][PASSED] - click(findTestObject("00-Signup and Activation/zMailinator/Email - everleagues")): Object: 'Object Repository/00-Signup and Activation/zMailinator/Email - everleagues' is clicked on

2022-11-16 17:00:15 - [MESSAGE][PASSED] - Object: 'Object Repository/00-Signup and Activation/zMailinator/Email - everleagues' is clicked on

2022-11-16 17:00:15 - [TEST_STEP][PASSED] - delay(3): Delayed 3 second(s)

2022-11-16 17:00:18 - [MESSAGE][PASSED] - Delayed 3 second(s)

2022-11-16 17:00:18 - [TEST_STEP][PASSED] - code = getText(findTestObject("Object Repository/06-Teams/For 2FA/2FA code")): Text of object 'Object Repository/06-Teams/For 2FA/2FA code' is: '059317'

2022-11-16 17:00:18 - [MESSAGE][PASSED] - Text of object 'Object Repository/06-Teams/For 2FA/2FA code' is: '059317'

2022-11-16 17:00:18 - [TEST_STEP][PASSED] - delay(3): Delayed 3 second(s)

2022-11-16 17:00:21 - [MESSAGE][PASSED] - Delayed 3 second(s)

2022-11-16 17:00:21 - [TEST_STEP][PASSED] - closeWindowTitle("Mailinator"): Window with title: 'Mailinator' is closed

2022-11-16 17:00:21 - [MESSAGE][PASSED] - Window with title: 'Mailinator' is closed

2022-11-16 17:00:21 - [TEST_STEP][PASSED] - delay(3): Delayed 3 second(s)

2022-11-16 17:00:24 - [MESSAGE][PASSED] - Delayed 3 second(s)

2022-11-16 17:00:24 - [TEST_STEP][PASSED] - switchToWindowIndex(0): Switched to window with index: '0'

2022-11-16 17:00:24 - [MESSAGE][PASSED] - Switched to window with index: '0'

2022-11-16 17:00:24 - [TEST_STEP][PASSED] - delay(3): Delayed 3 second(s)

2022-11-16 17:00:27 - [MESSAGE][PASSED] - Delayed 3 second(s)

2022-11-16 17:00:27 - [TEST_STEP][PASSED] - setText(findTestObject("Object Repository/06-Teams/For 2FA/input_Enter verification code_code"), code): Text '059317' is set on object 'Object Repository/06-Teams/For 2FA/input_Enter verification code_code'

2022-11-16 17:00:28 - [MESSAGE][PASSED] - Text '059317' is set on object 'Object Repository/06-Teams/For 2FA/input_Enter verification code_code'

2022-11-16 17:00:28 - [TEST_STEP][PASSED] - delay(3): Delayed 3 second(s)

2022-11-16 17:00:31 - [MESSAGE][PASSED] - Delayed 3 second(s)

2022-11-16 17:00:31 - [TEST_STEP][PASSED] - click(findTestObject("06-Teams/For 2FA/button_Verify_2FA")): Object: 'Object Repository/06-Teams/For 2FA/button_Verify_2FA' is clicked on

2022-11-16 17:00:32 - [MESSAGE][PASSED] - Object: 'Object Repository/06-Teams/For 2FA/button_Verify_2FA' is clicked on

2022-11-16 17:00:32 - [TEST_STEP][PASSED] - delay(5): Delayed 5 second(s)

2022-11-16 17:00:37 - [MESSAGE][PASSED] - Delayed 5 second(s)

2022-11-16 17:00:37 - [TEST_STEP][PASSED] - click(findTestObject("06-Teams/button_doublearrow")): Object: 'Object Repository/06-Teams/button_doublearrow' is clicked on

2022-11-16 17:00:39 - [MESSAGE][PASSED] - Object: 'Object Repository/06-Teams/button_doublearrow' is clicked on

2022-11-16 17:00:39 - [TEST_STEP][PASSED] - click(findTestObject("06-Teams/button_My Organizations")): Object: 'Object Repository/06-Teams/button_My Organizations' is clicked on

2022-11-16 17:00:40 - [MESSAGE][PASSED] - Object: 'Object Repository/06-Teams/button_My Organizations' is clicked on

2022-11-16 17:00:40 - [TEST_STEP][PASSED] - click(findTestObject("06-Teams/button_GG Automation")): Object: 'Object Repository/06-Teams/button_GG Automation' is clicked on

2022-11-16 17:00:41 - [MESSAGE][PASSED] - Object: 'Object Repository/06-Teams/button_GG Automation' is clicked on

2022-11-16 17:00:41 - [TEST_STEP][PASSED] - delay(4): Delayed 4 second(s)

2022-11-16 17:00:45 - [MESSAGE][PASSED] - Delayed 4 second(s)

2022-11-16 17:00:45 - [TEST_STEP][PASSED] - verifyElementVisible(findTestObject("06-Teams/span_GG Automation")): Object 'Object Repository/06-Teams/span_GG Automation' is visible

2022-11-16 17:00:45 - [MESSAGE][PASSED] - Object 'Object Repository/06-Teams/span_GG Automation' is visible

2022-11-16 17:00:45 - [TEST_STEP][PASSED] - delay(10): Delayed 10 second(s)

2022-11-16 17:00:55 - [MESSAGE][PASSED] - Delayed 10 second(s)

2022-11-16 17:00:55 - [TEST_STEP][PASSED] - click(findTestObject("03-Header Menu/Hamburger Button/div_Settings")): Object: 'Object Repository/03-Header Menu/Hamburger Button/div_Settings' is clicked on

2022-11-16 17:00:55 - [MESSAGE][PASSED] - Object: 'Object Repository/03-Header Menu/Hamburger Button/div_Settings' is clicked on

2022-11-16 17:00:55 - [TEST_STEP][PASSED] - delay(3): Delayed 3 second(s)

2022-11-16 17:00:58 - [MESSAGE][PASSED] - Delayed 3 second(s)

2022-11-16 17:00:58 - [TEST_STEP][PASSED] - click(findTestObject("09-Settings/Users/div_Users")): Object: 'Object Repository/09-Settings/Users/div_Users' is clicked on

2022-11-16 17:00:59 - [MESSAGE][PASSED] - Object: 'Object Repository/09-Settings/Users/div_Users' is clicked on

2022-11-16 17:00:59 - [TEST_STEP][PASSED] - delay(3): Delayed 3 second(s)

2022-11-16 17:01:02 - [MESSAGE][PASSED] - Delayed 3 second(s)

2022-11-16 17:01:02 - [TEST_STEP][PASSED] - click(findTestObject("09-Settings/Users/button_add")): Object: 'Object Repository/09-Settings/Users/button_add' is clicked on

2022-11-16 17:01:02 - [MESSAGE][PASSED] - Object: 'Object Repository/09-Settings/Users/button_add' is clicked on

2022-11-16 17:01:02 - [TEST_STEP][PASSED] - delay(3): Delayed 3 second(s)

2022-11-16 17:01:05 - [MESSAGE][PASSED] - Delayed 3 second(s)

2022-11-16 17:01:05 - [TEST_STEP][PASSED] - click(findTestObject("09-Settings/Users/Invite batch of users via CSV file")): Object: 'Object Repository/09-Settings/Users/Invite batch of users via CSV file' is clicked on

2022-11-16 17:01:06 - [MESSAGE][PASSED] - Object: 'Object Repository/09-Settings/Users/Invite batch of users via CSV file' is clicked on

2022-11-16 17:01:06 - [TEST_STEP][PASSED] - verifyElementVisible(findTestObject("09-Settings/Users/CSV Invite/Import CSV File modal")): Object 'Object Repository/09-Settings/Users/CSV Invite/Import CSV File modal' is visible

2022-11-16 17:01:07 - [MESSAGE][PASSED] - Object 'Object Repository/09-Settings/Users/CSV Invite/Import CSV File modal' is visible

2022-11-16 17:01:07 - [TEST_STEP][PASSED] - verifyElementNotClickable(findTestObject("09-Settings/Users/CSV Invite/button_Import")): Object 'Object Repository/09-Settings/Users/CSV Invite/button_Import' is NOT clickable

2022-11-16 17:01:07 - [MESSAGE][PASSED] - Object 'Object Repository/09-Settings/Users/CSV Invite/button_Import' is NOT clickable

2022-11-16 17:01:07 - [TEST_STEP][PASSED] - delay(3): Delayed 3 second(s)

2022-11-16 17:01:10 - [MESSAGE][PASSED] - Delayed 3 second(s)

2022-11-16 17:01:10 - [TEST_STEP][PASSED] - uploadpackage.Upload.uploadFile(findTestObject("Object Repository/09-Settings/Users/CSV Invite/button_Choose File"), "C:\Users\User\Desktop\EL automation\sample csv.csv"): uploadpackage.Upload.uploadFile is PASSED

2022-11-16 17:01:10 - [MESSAGE][PASSED] - Object: 'Object Repository/09-Settings/Users/CSV Invite/button_Choose File' is clicked on

2022-11-16 17:01:11 - [MESSAGE][PASSED] - uploadpackage.Upload.uploadFile is PASSED

2022-11-16 17:01:11 - [TEST_STEP][PASSED] - delay(3): Delayed 3 second(s)

2022-11-16 17:01:14 - [MESSAGE][PASSED] - Delayed 3 second(s)

2022-11-16 17:01:14 - [TEST_STEP][PASSED] - verifyElementVisible(findTestObject("09-Settings/Users/CSV Invite/div_Sample csv.csv")): Object 'Object Repository/09-Settings/Users/CSV Invite/div_Sample csv.csv' is visible

2022-11-16 17:01:14 - [MESSAGE][PASSED] - Object 'Object Repository/09-Settings/Users/CSV Invite/div_Sample csv.csv' is visible

2022-11-16 17:01:14 - [TEST_STEP][PASSED] - click(findTestObject("09-Settings/Users/CSV Invite/button_Import")): Object: 'Object Repository/09-Settings/Users/CSV Invite/button_Import' is clicked on

2022-11-16 17:01:14 - [MESSAGE][PASSED] - Object: 'Object Repository/09-Settings/Users/CSV Invite/button_Import' is clicked on

2022-11-16 17:01:14 - [TEST_STEP][PASSED] - delay(10): Delayed 10 second(s)

2022-11-16 17:01:24 - [MESSAGE][PASSED] - Delayed 10 second(s)

2022-11-16 17:01:24 - [TEST_STEP][PASSED] - verifyElementVisible(findTestObject("09-Settings/Users/CSV Invite/Success import modal")): Object 'Object Repository/09-Settings/Users/CSV Invite/Success import modal' is visible

2022-11-16 17:01:25 - [MESSAGE][PASSED] - Object 'Object Repository/09-Settings/Users/CSV Invite/Success import modal' is visible

2022-11-16 17:01:25 - [TEST_STEP][PASSED] - click(findTestObject("09-Settings/Users/CSV Invite/button_Close")): Object: 'Object Repository/09-Settings/Users/CSV Invite/button_Close' is clicked on

2022-11-16 17:01:25 - [MESSAGE][PASSED] - Object: 'Object Repository/09-Settings/Users/CSV Invite/button_Close' is clicked on

2022-11-16 17:01:25 - [TEST_STEP][PASSED] - click(findTestObject("09-Settings/Users/CSV Invite/Invited Users tab")): Object: 'Object Repository/09-Settings/Users/CSV Invite/Invited Users tab' is clicked on

2022-11-16 17:01:26 - [MESSAGE][PASSED] - Object: 'Object Repository/09-Settings/Users/CSV Invite/Invited Users tab' is clicked on

2022-11-16 17:01:26 - [TEST_STEP][PASSED] - delay(3): Delayed 3 second(s)

2022-11-16 17:01:29 - [MESSAGE][PASSED] - Delayed 3 second(s)

2022-11-16 17:01:29 - [TEST_STEP][PASSED] - verifyElementVisible(findTestObject("09-Settings/Users/CSV Invite/div_CTCSV test3")): Object 'Object Repository/09-Settings/Users/CSV Invite/div_CTCSV test3' is visible

2022-11-16 17:01:29 - [MESSAGE][PASSED] - Object 'Object Repository/09-Settings/Users/CSV Invite/div_CTCSV test3' is visible

2022-11-16 17:01:29 - [TEST_STEP][PASSED] - verifyElementVisible(findTestObject("09-Settings/Users/CSV Invite/div_autotester08mailinator.com")): Object 'Object Repository/09-Settings/Users/CSV Invite/div_autotester08mailinator.com' is visible

2022-11-16 17:01:30 - [MESSAGE][PASSED] - Object 'Object Repository/09-Settings/Users/CSV Invite/div_autotester08mailinator.com' is visible

2022-11-16 17:01:30 - [TEST_STEP][PASSED] - verifyElementVisible(findTestObject("09-Settings/Users/CSV Invite/div_Partner")): Object 'Object Repository/09-Settings/Users/CSV Invite/div_Partner' is visible

2022-11-16 17:01:30 - [MESSAGE][PASSED] - Object 'Object Repository/09-Settings/Users/CSV Invite/div_Partner' is visible

2022-11-16 17:01:30 - [TEST_STEP][PASSED] - verifyElementVisible(findTestObject("09-Settings/Users/CSV Invite/div_CTCSV test2")): Object 'Object Repository/09-Settings/Users/CSV Invite/div_CTCSV test2' is visible

2022-11-16 17:01:30 - [MESSAGE][PASSED] - Object 'Object Repository/09-Settings/Users/CSV Invite/div_CTCSV test2' is visible

2022-11-16 17:01:30 - [TEST_STEP][PASSED] - verifyElementVisible(findTestObject("09-Settings/Users/CSV Invite/div_autotester07mailinator.com")): Object 'Object Repository/09-Settings/Users/CSV Invite/div_autotester07mailinator.com' is visible

2022-11-16 17:01:31 - [MESSAGE][PASSED] - Object 'Object Repository/09-Settings/Users/CSV Invite/div_autotester07mailinator.com' is visible

2022-11-16 17:01:31 - [TEST_STEP][PASSED] - verifyElementVisible(findTestObject("09-Settings/Users/CSV Invite/div_Client")): Object 'Object Repository/09-Settings/Users/CSV Invite/div_Client' is visible

2022-11-16 17:01:31 - [MESSAGE][PASSED] - Object 'Object Repository/09-Settings/Users/CSV Invite/div_Client' is visible

2022-11-16 17:01:31 - [TEST_STEP][PASSED] - verifyElementVisible(findTestObject("09-Settings/Users/CSV Invite/div_CTCSV test1")): Object 'Object Repository/09-Settings/Users/CSV Invite/div_CTCSV test1' is visible

2022-11-16 17:01:32 - [MESSAGE][PASSED] - Object 'Object Repository/09-Settings/Users/CSV Invite/div_CTCSV test1' is visible

2022-11-16 17:01:32 - [TEST_STEP][PASSED] - verifyElementVisible(findTestObject("09-Settings/Users/CSV Invite/div_autotester06mailinator.com")): Object 'Object Repository/09-Settings/Users/CSV Invite/div_autotester06mailinator.com' is visible

2022-11-16 17:01:32 - [MESSAGE][PASSED] - Object 'Object Repository/09-Settings/Users/CSV Invite/div_autotester06mailinator.com' is visible

2022-11-16 17:01:32 - [TEST_STEP][PASSED] - verifyElementVisible(findTestObject("09-Settings/Users/CSV Invite/div_Coworker")): Object 'Object Repository/09-Settings/Users/CSV Invite/div_Coworker' is visible

2022-11-16 17:01:32 - [MESSAGE][PASSED] - Object 'Object Repository/09-Settings/Users/CSV Invite/div_Coworker' is visible

2022-11-16 17:01:32 - [TEST_STEP][PASSED] - delay(3): Delayed 3 second(s)

2022-11-16 17:01:35 - [MESSAGE][PASSED] - Delayed 3 second(s)

2022-11-16 17:01:35 - [TEST_STEP][PASSED] - closeBrowser(): Browser is closed

2022-11-16 17:01:36 - [MESSAGE][PASSED] - Browser is closed]]></system-out>
         <system-err><![CDATA[]]></system-err>
      </testcase>
      <system-out><![CDATA[2022-11-16 16:45:06 - [TEST_SUITE][PASSED] - 09.1 - Settings (Invite users): Test Cases/09-Settings/05 - Users (Invite batch of users via CSV file)]]></system-out>
      <system-err><![CDATA[]]></system-err>
   </testsuite>
</testsuites>
