<?xml version="1.0" encoding="UTF-8"?>
<testsuites name="09.2 - Setttings (Active user)" time="377.63" tests="10" failures="0" errors="0">
   <testsuite name="09.2 - Setttings (Active user)" tests="10" failures="0" errors="0" time="377.63" skipped="0" timestamp="2022-11-01 19:02:57" hostname="User - DESKTOP-QCRNR4M" id="Test Suites/TS-Organization/09.2 - Setttings (Active user)">
      <properties>
         <property name="deviceName" value=""/>
         <property name="devicePlatform" value=""/>
         <property name="logFolder" value="C:\\Users\\User\\Katalon Studio\\EverleaguesMain\\Reports\\20221101_190254\\TS-Organization\\09.2 - Setttings (Active user)\\20221101_190254"/>
         <property name="logFiles" value="C:\\Users\\User\\Katalon Studio\\EverleaguesMain\\Reports\\20221101_190254\\TS-Organization\\09.2 - Setttings (Active user)\\20221101_190254\\execution0.log"/>
         <property name="attachments" value=""/>
         <property name="hostName" value="User - DESKTOP-QCRNR4M"/>
         <property name="os" value="Windows 10 64bit"/>
         <property name="katalonVersion" value="8.4.1.208"/>
         <property name="browser" value="Chrome 106.0.0.0"/>
         <property name="hostAddress" value="192.168.5.124"/>
         <property name="sessionId" value="a9adecbacf3f0a16ace11982f677c474"/>
         <property name="seleniumVersion" value="3.141.59"/>
         <property name="proxyInformation" value="ProxyInformation { proxyOption=NO_PROXY, proxyServerType=HTTP, username=, password=********, proxyServerAddress=, proxyServerPort=0, executionList=&quot;&quot;, isApplyToDesiredCapabilities=true }"/>
         <property name="platform" value="Windows 10"/>
      </properties>
      <testcase name="Test Cases/09-Settings/06 - Users (Active User - Search user)" time="96.801" classname="Test Cases/09-Settings/06 - Users (Active User - Search user)" status="PASSED">
         <system-out><![CDATA[2022-11-01 19:02:57 - [TEST_CASE][PASSED] - Test Cases/09-Settings/06 - Users (Active User - Search user): Test Cases/09-Settings/06 - Users (Active User - Search user)

2022-11-01 19:02:57 - [TEST_STEP][PASSED] - openBrowser(""): Browser is opened with url: ''

2022-11-01 19:02:58 - [MESSAGE][INFO] - Starting 'Chrome' driver

2022-11-01 19:02:58 - [MESSAGE][INFO] - Action delay is set to 0 milliseconds

2022-11-01 19:03:00 - [MESSAGE][PASSED] - Browser is opened with url: ''

2022-11-01 19:03:00 - [TEST_STEP][PASSED] - navigateToUrl("https://lab.everleagues.com/"): Navigate to 'https://lab.everleagues.com/' successfully

2022-11-01 19:03:12 - [MESSAGE][PASSED] - Navigate to 'https://lab.everleagues.com/' successfully

2022-11-01 19:03:12 - [TEST_STEP][PASSED] - maximizeWindow(): Current window maximized

2022-11-01 19:03:12 - [MESSAGE][PASSED] - Current window maximized

2022-11-01 19:03:12 - [TEST_STEP][PASSED] - setText(findTestObject("02-Side Icons(Organization)/Add Contact/Email Field"), "testuser02@mailinator.com"): Text 'testuser02@mailinator.com' is set on object 'Object Repository/02-Side Icons(Organization)/Add Contact/Email Field'

2022-11-01 19:03:13 - [MESSAGE][PASSED] - Text 'testuser02@mailinator.com' is set on object 'Object Repository/02-Side Icons(Organization)/Add Contact/Email Field'

2022-11-01 19:03:13 - [TEST_STEP][PASSED] - setEncryptedText(findTestObject("02-Side Icons(Organization)/Add Contact/Password Field"), "8yFRyszE6U6jvsCn51OQbg=="): Text ****** has been set on object 'Object Repository/02-Side Icons(Organization)/Add Contact/Password Field'

2022-11-01 19:03:13 - [MESSAGE][PASSED] - Text ****** has been set on object 'Object Repository/02-Side Icons(Organization)/Add Contact/Password Field'

2022-11-01 19:03:13 - [TEST_STEP][PASSED] - click(findTestObject("02-Side Icons(Organization)/Add Contact/button_Sign in")): Object: 'Object Repository/02-Side Icons(Organization)/Add Contact/button_Sign in' is clicked on

2022-11-01 19:03:14 - [MESSAGE][PASSED] - Object: 'Object Repository/02-Side Icons(Organization)/Add Contact/button_Sign in' is clicked on

2022-11-01 19:03:14 - [TEST_STEP][PASSED] - delay(2): Delayed 2 second(s)

2022-11-01 19:03:16 - [MESSAGE][PASSED] - Delayed 2 second(s)

2022-11-01 19:03:16 - [TEST_STEP][PASSED] - click(findTestObject("06-Teams/For 2FA/button_Confirm_2FA")): Object: 'Object Repository/06-Teams/For 2FA/button_Confirm_2FA' is clicked on

2022-11-01 19:03:17 - [MESSAGE][PASSED] - Object: 'Object Repository/06-Teams/For 2FA/button_Confirm_2FA' is clicked on

2022-11-01 19:03:17 - [TEST_STEP][PASSED] - executeJavaScript("window.open();", []): Execute JavaScript 'window.open();' successfully

2022-11-01 19:03:17 - [MESSAGE][PASSED] - Execute JavaScript 'window.open();' successfully

2022-11-01 19:03:17 - [TEST_STEP][PASSED] - currentWindow = getWindowIndex(): Current window's index is: 0

2022-11-01 19:03:17 - [MESSAGE][PASSED] - Current window's index is: 0

2022-11-01 19:03:17 - [TEST_STEP][PASSED] - delay(3): Delayed 3 second(s)

2022-11-01 19:03:20 - [MESSAGE][PASSED] - Delayed 3 second(s)

2022-11-01 19:03:20 - [TEST_STEP][PASSED] - switchToWindowIndex(currentWindow + 1): Switched to window with index: '1'

2022-11-01 19:03:20 - [MESSAGE][PASSED] - Switched to window with index: '1'

2022-11-01 19:03:20 - [TEST_STEP][PASSED] - navigateToUrl("https://www.mailinator.com/"): Navigate to 'https://www.mailinator.com/' successfully

2022-11-01 19:03:24 - [MESSAGE][PASSED] - Navigate to 'https://www.mailinator.com/' successfully

2022-11-01 19:03:24 - [TEST_STEP][PASSED] - delay(3): Delayed 3 second(s)

2022-11-01 19:03:27 - [MESSAGE][PASSED] - Delayed 3 second(s)

2022-11-01 19:03:27 - [TEST_STEP][PASSED] - setText(findTestObject("00-Signup and Activation/zMailinator/input_LOGIN_search"), "testuser02@mailinator.com"): Text 'testuser02@mailinator.com' is set on object 'Object Repository/00-Signup and Activation/zMailinator/input_LOGIN_search'

2022-11-01 19:03:27 - [MESSAGE][PASSED] - Text 'testuser02@mailinator.com' is set on object 'Object Repository/00-Signup and Activation/zMailinator/input_LOGIN_search'

2022-11-01 19:03:27 - [TEST_STEP][PASSED] - click(findTestObject("00-Signup and Activation/zMailinator/gobutton"), STOP_ON_FAILURE): Object: 'Object Repository/00-Signup and Activation/zMailinator/gobutton' is clicked on

2022-11-01 19:03:29 - [MESSAGE][PASSED] - Object: 'Object Repository/00-Signup and Activation/zMailinator/gobutton' is clicked on

2022-11-01 19:03:29 - [TEST_STEP][PASSED] - delay(3): Delayed 3 second(s)

2022-11-01 19:03:32 - [MESSAGE][PASSED] - Delayed 3 second(s)

2022-11-01 19:03:32 - [TEST_STEP][PASSED] - click(findTestObject("00-Signup and Activation/zMailinator/Email - everleagues")): Object: 'Object Repository/00-Signup and Activation/zMailinator/Email - everleagues' is clicked on

2022-11-01 19:03:32 - [MESSAGE][PASSED] - Object: 'Object Repository/00-Signup and Activation/zMailinator/Email - everleagues' is clicked on

2022-11-01 19:03:32 - [TEST_STEP][PASSED] - delay(3): Delayed 3 second(s)

2022-11-01 19:03:35 - [MESSAGE][PASSED] - Delayed 3 second(s)

2022-11-01 19:03:35 - [TEST_STEP][PASSED] - code = getText(findTestObject("Object Repository/06-Teams/For 2FA/2FA code")): Text of object 'Object Repository/06-Teams/For 2FA/2FA code' is: '644687'

2022-11-01 19:03:36 - [MESSAGE][PASSED] - Text of object 'Object Repository/06-Teams/For 2FA/2FA code' is: '644687'

2022-11-01 19:03:36 - [TEST_STEP][PASSED] - delay(3): Delayed 3 second(s)

2022-11-01 19:03:39 - [MESSAGE][PASSED] - Delayed 3 second(s)

2022-11-01 19:03:39 - [TEST_STEP][PASSED] - closeWindowTitle("Mailinator"): Window with title: 'Mailinator' is closed

2022-11-01 19:03:39 - [MESSAGE][PASSED] - Window with title: 'Mailinator' is closed

2022-11-01 19:03:39 - [TEST_STEP][PASSED] - delay(3): Delayed 3 second(s)

2022-11-01 19:03:42 - [MESSAGE][PASSED] - Delayed 3 second(s)

2022-11-01 19:03:42 - [TEST_STEP][PASSED] - switchToWindowIndex(0): Switched to window with index: '0'

2022-11-01 19:03:42 - [MESSAGE][PASSED] - Switched to window with index: '0'

2022-11-01 19:03:42 - [TEST_STEP][PASSED] - delay(3): Delayed 3 second(s)

2022-11-01 19:03:45 - [MESSAGE][PASSED] - Delayed 3 second(s)

2022-11-01 19:03:45 - [TEST_STEP][PASSED] - setText(findTestObject("Object Repository/06-Teams/For 2FA/input_Enter verification code_code"), code): Text '644687' is set on object 'Object Repository/06-Teams/For 2FA/input_Enter verification code_code'

2022-11-01 19:03:46 - [MESSAGE][PASSED] - Text '644687' is set on object 'Object Repository/06-Teams/For 2FA/input_Enter verification code_code'

2022-11-01 19:03:46 - [TEST_STEP][PASSED] - delay(3): Delayed 3 second(s)

2022-11-01 19:03:49 - [MESSAGE][PASSED] - Delayed 3 second(s)

2022-11-01 19:03:49 - [TEST_STEP][PASSED] - click(findTestObject("06-Teams/For 2FA/button_Verify_2FA")): Object: 'Object Repository/06-Teams/For 2FA/button_Verify_2FA' is clicked on

2022-11-01 19:03:49 - [MESSAGE][PASSED] - Object: 'Object Repository/06-Teams/For 2FA/button_Verify_2FA' is clicked on

2022-11-01 19:03:49 - [TEST_STEP][PASSED] - delay(5): Delayed 5 second(s)

2022-11-01 19:03:54 - [MESSAGE][PASSED] - Delayed 5 second(s)

2022-11-01 19:03:54 - [TEST_STEP][PASSED] - click(findTestObject("06-Teams/button_doublearrow")): Object: 'Object Repository/06-Teams/button_doublearrow' is clicked on

2022-11-01 19:03:55 - [MESSAGE][PASSED] - Object: 'Object Repository/06-Teams/button_doublearrow' is clicked on

2022-11-01 19:03:55 - [TEST_STEP][PASSED] - click(findTestObject("06-Teams/button_My Organizations")): Object: 'Object Repository/06-Teams/button_My Organizations' is clicked on

2022-11-01 19:03:55 - [MESSAGE][PASSED] - Object: 'Object Repository/06-Teams/button_My Organizations' is clicked on

2022-11-01 19:03:55 - [TEST_STEP][PASSED] - click(findTestObject("06-Teams/button_GG Automation")): Object: 'Object Repository/06-Teams/button_GG Automation' is clicked on

2022-11-01 19:03:56 - [MESSAGE][PASSED] - Object: 'Object Repository/06-Teams/button_GG Automation' is clicked on

2022-11-01 19:03:56 - [TEST_STEP][PASSED] - delay(4): Delayed 4 second(s)

2022-11-01 19:04:00 - [MESSAGE][PASSED] - Delayed 4 second(s)

2022-11-01 19:04:00 - [TEST_STEP][PASSED] - verifyElementVisible(findTestObject("06-Teams/span_GG Automation")): Object 'Object Repository/06-Teams/span_GG Automation' is visible

2022-11-01 19:04:00 - [MESSAGE][PASSED] - Object 'Object Repository/06-Teams/span_GG Automation' is visible

2022-11-01 19:04:00 - [TEST_STEP][PASSED] - delay(10): Delayed 10 second(s)

2022-11-01 19:04:11 - [MESSAGE][PASSED] - Delayed 10 second(s)

2022-11-01 19:04:11 - [TEST_STEP][PASSED] - click(findTestObject("03-Header Menu/Hamburger Button/div_Settings")): Object: 'Object Repository/03-Header Menu/Hamburger Button/div_Settings' is clicked on

2022-11-01 19:04:11 - [MESSAGE][PASSED] - Object: 'Object Repository/03-Header Menu/Hamburger Button/div_Settings' is clicked on

2022-11-01 19:04:11 - [TEST_STEP][PASSED] - verifyElementVisible(findTestObject("09-Settings/Users/div_Organization")): Object 'Object Repository/09-Settings/Users/div_Organization' is visible

2022-11-01 19:04:11 - [MESSAGE][PASSED] - Object 'Object Repository/09-Settings/Users/div_Organization' is visible

2022-11-01 19:04:11 - [TEST_STEP][PASSED] - verifyElementVisible(findTestObject("09-Settings/Users/div_Organization Units")): Object 'Object Repository/09-Settings/Users/div_Organization Units' is visible

2022-11-01 19:04:12 - [MESSAGE][PASSED] - Object 'Object Repository/09-Settings/Users/div_Organization Units' is visible

2022-11-01 19:04:12 - [TEST_STEP][PASSED] - verifyElementVisible(findTestObject("09-Settings/Users/div_Subscriptions")): Object 'Object Repository/09-Settings/Users/div_Subscriptions' is visible

2022-11-01 19:04:12 - [MESSAGE][PASSED] - Object 'Object Repository/09-Settings/Users/div_Subscriptions' is visible

2022-11-01 19:04:12 - [TEST_STEP][PASSED] - verifyElementVisible(findTestObject("09-Settings/Users/div_Users")): Object 'Object Repository/09-Settings/Users/div_Users' is visible

2022-11-01 19:04:13 - [MESSAGE][PASSED] - Object 'Object Repository/09-Settings/Users/div_Users' is visible

2022-11-01 19:04:13 - [TEST_STEP][PASSED] - delay(3): Delayed 3 second(s)

2022-11-01 19:04:16 - [MESSAGE][PASSED] - Delayed 3 second(s)

2022-11-01 19:04:16 - [TEST_STEP][PASSED] - click(findTestObject("09-Settings/Users/div_Users")): Object: 'Object Repository/09-Settings/Users/div_Users' is clicked on

2022-11-01 19:04:16 - [MESSAGE][PASSED] - Object: 'Object Repository/09-Settings/Users/div_Users' is clicked on

2022-11-01 19:04:16 - [TEST_STEP][PASSED] - verifyElementVisible(findTestObject("09-Settings/Users/h4_USERS")): Object 'Object Repository/09-Settings/Users/h4_USERS' is visible

2022-11-01 19:04:17 - [MESSAGE][PASSED] - Object 'Object Repository/09-Settings/Users/h4_USERS' is visible

2022-11-01 19:04:17 - [TEST_STEP][PASSED] - verifyElementVisible(findTestObject("09-Settings/Users/Active User/div_Active Users")): Object 'Object Repository/09-Settings/Users/Active User/div_Active Users' is visible

2022-11-01 19:04:18 - [MESSAGE][PASSED] - Object 'Object Repository/09-Settings/Users/Active User/div_Active Users' is visible

2022-11-01 19:04:18 - [TEST_STEP][PASSED] - click(findTestObject("09-Settings/Users/Active User/div_Active Users")): Object: 'Object Repository/09-Settings/Users/Active User/div_Active Users' is clicked on

2022-11-01 19:04:18 - [MESSAGE][PASSED] - Object: 'Object Repository/09-Settings/Users/Active User/div_Active Users' is clicked on

2022-11-01 19:04:18 - [TEST_STEP][PASSED] - delay(3): Delayed 3 second(s)

2022-11-01 19:04:21 - [MESSAGE][PASSED] - Delayed 3 second(s)

2022-11-01 19:04:21 - [TEST_STEP][PASSED] - click(findTestObject("09-Settings/Users/Active User/button_search")): Object: 'Object Repository/09-Settings/Users/Active User/button_search' is clicked on

2022-11-01 19:04:22 - [MESSAGE][PASSED] - Object: 'Object Repository/09-Settings/Users/Active User/button_search' is clicked on

2022-11-01 19:04:22 - [TEST_STEP][PASSED] - delay(3): Delayed 3 second(s)

2022-11-01 19:04:25 - [MESSAGE][PASSED] - Delayed 3 second(s)

2022-11-01 19:04:25 - [TEST_STEP][PASSED] - click(findTestObject("09-Settings/Users/Active User/button_arrow_back")): Object: 'Object Repository/09-Settings/Users/Active User/button_arrow_back' is clicked on

2022-11-01 19:04:25 - [MESSAGE][PASSED] - Object: 'Object Repository/09-Settings/Users/Active User/button_arrow_back' is clicked on

2022-11-01 19:04:25 - [TEST_STEP][PASSED] - delay(4): Delayed 4 second(s)

2022-11-01 19:04:29 - [MESSAGE][PASSED] - Delayed 4 second(s)

2022-11-01 19:04:29 - [TEST_STEP][PASSED] - click(findTestObject("09-Settings/Users/Active User/button_search")): Object: 'Object Repository/09-Settings/Users/Active User/button_search' is clicked on

2022-11-01 19:04:29 - [MESSAGE][PASSED] - Object: 'Object Repository/09-Settings/Users/Active User/button_search' is clicked on

2022-11-01 19:04:29 - [TEST_STEP][PASSED] - setText(findTestObject("09-Settings/Users/Active User/Search field"), "partner"): Text 'partner' is set on object 'Object Repository/09-Settings/Users/Active User/Search field'

2022-11-01 19:04:30 - [MESSAGE][PASSED] - Text 'partner' is set on object 'Object Repository/09-Settings/Users/Active User/Search field'

2022-11-01 19:04:30 - [TEST_STEP][PASSED] - delay(3): Delayed 3 second(s)

2022-11-01 19:04:33 - [MESSAGE][PASSED] - Delayed 3 second(s)

2022-11-01 19:04:33 - [TEST_STEP][PASSED] - click(findTestObject("09-Settings/Users/Active User/button_Cancel")): Object: 'Object Repository/09-Settings/Users/Active User/button_Cancel' is clicked on

2022-11-01 19:04:34 - [MESSAGE][PASSED] - Object: 'Object Repository/09-Settings/Users/Active User/button_Cancel' is clicked on]]></system-out>
         <system-err><![CDATA[]]></system-err>
      </testcase>
      <testcase name="Test Cases/09-Settings/07 - Users (Active User - Suspend user)" time="22.798" classname="Test Cases/09-Settings/07 - Users (Active User - Suspend user)" status="PASSED">
         <system-out><![CDATA[2022-11-01 19:04:34 - [TEST_CASE][PASSED] - Test Cases/09-Settings/07 - Users (Active User - Suspend user): Test Cases/09-Settings/07 - Users (Active User - Suspend user)

2022-11-01 19:04:34 - [TEST_STEP][PASSED] - delay(3): Delayed 3 second(s)

2022-11-01 19:04:37 - [MESSAGE][PASSED] - Delayed 3 second(s)

2022-11-01 19:04:37 - [TEST_STEP][PASSED] - verifyElementPresent(findTestObject("09-Settings/Users/Active User/div_GTGG tester 2"), 0): Object 'Object Repository/09-Settings/Users/Active User/div_GTGG tester 2' is present

2022-11-01 19:04:37 - [MESSAGE][WARNING] - Timeout '0' is invalid. Using default page load timeout: '30'

2022-11-01 19:04:37 - [MESSAGE][PASSED] - Object 'Object Repository/09-Settings/Users/Active User/div_GTGG tester 2' is present

2022-11-01 19:04:37 - [TEST_STEP][PASSED] - click(findTestObject("09-Settings/Users/Active User/button_suspendUser")): Object: 'Object Repository/09-Settings/Users/Active User/button_suspendUser' is clicked on

2022-11-01 19:04:38 - [MESSAGE][PASSED] - Object: 'Object Repository/09-Settings/Users/Active User/button_suspendUser' is clicked on

2022-11-01 19:04:38 - [TEST_STEP][PASSED] - verifyElementPresent(findTestObject("09-Settings/Users/Active User/h4_Suspend User"), 0): Object 'Object Repository/09-Settings/Users/Active User/h4_Suspend User' is present

2022-11-01 19:04:38 - [MESSAGE][WARNING] - Timeout '0' is invalid. Using default page load timeout: '30'

2022-11-01 19:04:38 - [MESSAGE][PASSED] - Object 'Object Repository/09-Settings/Users/Active User/h4_Suspend User' is present

2022-11-01 19:04:38 - [TEST_STEP][PASSED] - delay(4): Delayed 4 second(s)

2022-11-01 19:04:42 - [MESSAGE][PASSED] - Delayed 4 second(s)

2022-11-01 19:04:42 - [TEST_STEP][PASSED] - click(findTestObject("09-Settings/Users/Active User/button_Cancel_restore")): Object: 'Object Repository/09-Settings/Users/Active User/button_Cancel_restore' is clicked on

2022-11-01 19:04:43 - [MESSAGE][PASSED] - Object: 'Object Repository/09-Settings/Users/Active User/button_Cancel_restore' is clicked on

2022-11-01 19:04:43 - [TEST_STEP][PASSED] - verifyElementPresent(findTestObject("09-Settings/Users/Active User/div_GTGG tester 2"), 0): Object 'Object Repository/09-Settings/Users/Active User/div_GTGG tester 2' is present

2022-11-01 19:04:43 - [MESSAGE][WARNING] - Timeout '0' is invalid. Using default page load timeout: '30'

2022-11-01 19:04:44 - [MESSAGE][PASSED] - Object 'Object Repository/09-Settings/Users/Active User/div_GTGG tester 2' is present

2022-11-01 19:04:44 - [TEST_STEP][PASSED] - click(findTestObject("09-Settings/Users/Active User/button_suspendUser")): Object: 'Object Repository/09-Settings/Users/Active User/button_suspendUser' is clicked on

2022-11-01 19:04:44 - [MESSAGE][PASSED] - Object: 'Object Repository/09-Settings/Users/Active User/button_suspendUser' is clicked on

2022-11-01 19:04:44 - [TEST_STEP][PASSED] - verifyElementPresent(findTestObject("09-Settings/Users/Active User/h4_Suspend User"), 0): Object 'Object Repository/09-Settings/Users/Active User/h4_Suspend User' is present

2022-11-01 19:04:44 - [MESSAGE][WARNING] - Timeout '0' is invalid. Using default page load timeout: '30'

2022-11-01 19:04:45 - [MESSAGE][PASSED] - Object 'Object Repository/09-Settings/Users/Active User/h4_Suspend User' is present

2022-11-01 19:04:45 - [TEST_STEP][PASSED] - delay(4): Delayed 4 second(s)

2022-11-01 19:04:49 - [MESSAGE][PASSED] - Delayed 4 second(s)

2022-11-01 19:04:49 - [TEST_STEP][PASSED] - click(findTestObject("09-Settings/Users/Active User/button_Suspend")): Object: 'Object Repository/09-Settings/Users/Active User/button_Suspend' is clicked on

2022-11-01 19:04:50 - [MESSAGE][PASSED] - Object: 'Object Repository/09-Settings/Users/Active User/button_Suspend' is clicked on

2022-11-01 19:04:50 - [TEST_STEP][PASSED] - verifyElementPresent(findTestObject("09-Settings/Users/Active User/span_Successfully suspended user"), 0): Object 'Object Repository/09-Settings/Users/Active User/span_Successfully suspended user' is present

2022-11-01 19:04:50 - [MESSAGE][WARNING] - Timeout '0' is invalid. Using default page load timeout: '30'

2022-11-01 19:04:51 - [MESSAGE][PASSED] - Object 'Object Repository/09-Settings/Users/Active User/span_Successfully suspended user' is present

2022-11-01 19:04:51 - [TEST_STEP][PASSED] - click(findTestObject("09-Settings/Users/Active User/button_OK")): Object: 'Object Repository/09-Settings/Users/Active User/button_OK' is clicked on

2022-11-01 19:04:51 - [MESSAGE][PASSED] - Object: 'Object Repository/09-Settings/Users/Active User/button_OK' is clicked on

2022-11-01 19:04:51 - [TEST_STEP][PASSED] - delay(5): Delayed 5 second(s)

2022-11-01 19:04:57 - [MESSAGE][PASSED] - Delayed 5 second(s)]]></system-out>
         <system-err><![CDATA[]]></system-err>
      </testcase>
      <testcase name="Test Cases/09-Settings/08 - Users (Active User - Reactivate user)" time="20.143" classname="Test Cases/09-Settings/08 - Users (Active User - Reactivate user)" status="PASSED">
         <system-out><![CDATA[2022-11-01 19:04:57 - [TEST_CASE][PASSED] - Test Cases/09-Settings/08 - Users (Active User - Reactivate user): Test Cases/09-Settings/08 - Users (Active User - Reactivate user)

2022-11-01 19:04:57 - [TEST_STEP][PASSED] - delay(3): Delayed 3 second(s)

2022-11-01 19:05:00 - [MESSAGE][PASSED] - Delayed 3 second(s)

2022-11-01 19:05:00 - [TEST_STEP][PASSED] - verifyElementPresent(findTestObject("09-Settings/Users/Active User/div_GTGG tester 2"), 0): Object 'Object Repository/09-Settings/Users/Active User/div_GTGG tester 2' is present

2022-11-01 19:05:00 - [MESSAGE][WARNING] - Timeout '0' is invalid. Using default page load timeout: '30'

2022-11-01 19:05:00 - [MESSAGE][PASSED] - Object 'Object Repository/09-Settings/Users/Active User/div_GTGG tester 2' is present

2022-11-01 19:05:00 - [TEST_STEP][PASSED] - click(findTestObject("09-Settings/Users/Active User/button_reactivateUser")): Object: 'Object Repository/09-Settings/Users/Active User/button_reactivateUser' is clicked on

2022-11-01 19:05:01 - [MESSAGE][PASSED] - Object: 'Object Repository/09-Settings/Users/Active User/button_reactivateUser' is clicked on

2022-11-01 19:05:01 - [TEST_STEP][PASSED] - verifyElementPresent(findTestObject("09-Settings/Users/Active User/h4_Reactivate User"), 0): Object 'Object Repository/09-Settings/Users/Active User/h4_Reactivate User' is present

2022-11-01 19:05:01 - [MESSAGE][WARNING] - Timeout '0' is invalid. Using default page load timeout: '30'

2022-11-01 19:05:01 - [MESSAGE][PASSED] - Object 'Object Repository/09-Settings/Users/Active User/h4_Reactivate User' is present

2022-11-01 19:05:01 - [TEST_STEP][PASSED] - delay(4): Delayed 4 second(s)

2022-11-01 19:05:05 - [MESSAGE][PASSED] - Delayed 4 second(s)

2022-11-01 19:05:05 - [TEST_STEP][PASSED] - click(findTestObject("09-Settings/Users/Active User/button_Cancel_restore")): Object: 'Object Repository/09-Settings/Users/Active User/button_Cancel_restore' is clicked on

2022-11-01 19:05:06 - [MESSAGE][PASSED] - Object: 'Object Repository/09-Settings/Users/Active User/button_Cancel_restore' is clicked on

2022-11-01 19:05:06 - [TEST_STEP][PASSED] - verifyElementPresent(findTestObject("09-Settings/Users/Active User/div_GTGG tester 2"), 0): Object 'Object Repository/09-Settings/Users/Active User/div_GTGG tester 2' is present

2022-11-01 19:05:06 - [MESSAGE][WARNING] - Timeout '0' is invalid. Using default page load timeout: '30'

2022-11-01 19:05:06 - [MESSAGE][PASSED] - Object 'Object Repository/09-Settings/Users/Active User/div_GTGG tester 2' is present

2022-11-01 19:05:06 - [TEST_STEP][PASSED] - click(findTestObject("09-Settings/Users/Active User/button_reactivateUser")): Object: 'Object Repository/09-Settings/Users/Active User/button_reactivateUser' is clicked on

2022-11-01 19:05:07 - [MESSAGE][PASSED] - Object: 'Object Repository/09-Settings/Users/Active User/button_reactivateUser' is clicked on

2022-11-01 19:05:07 - [TEST_STEP][PASSED] - verifyElementPresent(findTestObject("09-Settings/Users/Active User/h4_Reactivate User"), 0): Object 'Object Repository/09-Settings/Users/Active User/h4_Reactivate User' is present

2022-11-01 19:05:07 - [MESSAGE][WARNING] - Timeout '0' is invalid. Using default page load timeout: '30'

2022-11-01 19:05:07 - [MESSAGE][PASSED] - Object 'Object Repository/09-Settings/Users/Active User/h4_Reactivate User' is present

2022-11-01 19:05:07 - [TEST_STEP][PASSED] - delay(4): Delayed 4 second(s)

2022-11-01 19:05:11 - [MESSAGE][PASSED] - Delayed 4 second(s)

2022-11-01 19:05:11 - [TEST_STEP][PASSED] - click(findTestObject("09-Settings/Users/Active User/button_Reactivate")): Object: 'Object Repository/09-Settings/Users/Active User/button_Reactivate' is clicked on

2022-11-01 19:05:12 - [MESSAGE][PASSED] - Object: 'Object Repository/09-Settings/Users/Active User/button_Reactivate' is clicked on

2022-11-01 19:05:12 - [TEST_STEP][PASSED] - verifyElementPresent(findTestObject("09-Settings/Users/Active User/span_Successfully reactivated user"), 0): Object 'Object Repository/09-Settings/Users/Active User/span_Successfully reactivated user' is present

2022-11-01 19:05:12 - [MESSAGE][WARNING] - Timeout '0' is invalid. Using default page load timeout: '30'

2022-11-01 19:05:13 - [MESSAGE][PASSED] - Object 'Object Repository/09-Settings/Users/Active User/span_Successfully reactivated user' is present

2022-11-01 19:05:13 - [TEST_STEP][PASSED] - click(findTestObject("09-Settings/Users/Active User/button_OK")): Object: 'Object Repository/09-Settings/Users/Active User/button_OK' is clicked on

2022-11-01 19:05:14 - [MESSAGE][PASSED] - Object: 'Object Repository/09-Settings/Users/Active User/button_OK' is clicked on

2022-11-01 19:05:14 - [TEST_STEP][PASSED] - delay(3): Delayed 3 second(s)

2022-11-01 19:05:17 - [MESSAGE][PASSED] - Delayed 3 second(s)]]></system-out>
         <system-err><![CDATA[]]></system-err>
      </testcase>
      <testcase name="Test Cases/09-Settings/09 - Users (Active User - Delete Suspend user)" time="32.763" classname="Test Cases/09-Settings/09 - Users (Active User - Delete Suspend user)" status="PASSED">
         <system-out><![CDATA[2022-11-01 19:05:17 - [TEST_CASE][PASSED] - Test Cases/09-Settings/09 - Users (Active User - Delete Suspend user): Test Cases/09-Settings/09 - Users (Active User - Delete Suspend user)

2022-11-01 19:05:17 - [TEST_STEP][PASSED] - verifyElementPresent(findTestObject("09-Settings/Users/Active User/div_GTGG tester 2"), 0): Object 'Object Repository/09-Settings/Users/Active User/div_GTGG tester 2' is present

2022-11-01 19:05:17 - [MESSAGE][WARNING] - Timeout '0' is invalid. Using default page load timeout: '30'

2022-11-01 19:05:17 - [MESSAGE][PASSED] - Object 'Object Repository/09-Settings/Users/Active User/div_GTGG tester 2' is present

2022-11-01 19:05:17 - [TEST_STEP][PASSED] - click(findTestObject("09-Settings/Users/Active User/button_suspendUser")): Object: 'Object Repository/09-Settings/Users/Active User/button_suspendUser' is clicked on

2022-11-01 19:05:18 - [MESSAGE][PASSED] - Object: 'Object Repository/09-Settings/Users/Active User/button_suspendUser' is clicked on

2022-11-01 19:05:18 - [TEST_STEP][PASSED] - verifyElementPresent(findTestObject("09-Settings/Users/Active User/h4_Suspend User"), 0): Object 'Object Repository/09-Settings/Users/Active User/h4_Suspend User' is present

2022-11-01 19:05:18 - [MESSAGE][WARNING] - Timeout '0' is invalid. Using default page load timeout: '30'

2022-11-01 19:05:18 - [MESSAGE][PASSED] - Object 'Object Repository/09-Settings/Users/Active User/h4_Suspend User' is present

2022-11-01 19:05:18 - [TEST_STEP][PASSED] - delay(4): Delayed 4 second(s)

2022-11-01 19:05:22 - [MESSAGE][PASSED] - Delayed 4 second(s)

2022-11-01 19:05:22 - [TEST_STEP][PASSED] - click(findTestObject("09-Settings/Users/Active User/button_Suspend")): Object: 'Object Repository/09-Settings/Users/Active User/button_Suspend' is clicked on

2022-11-01 19:05:23 - [MESSAGE][PASSED] - Object: 'Object Repository/09-Settings/Users/Active User/button_Suspend' is clicked on

2022-11-01 19:05:23 - [TEST_STEP][PASSED] - verifyElementPresent(findTestObject("09-Settings/Users/Active User/span_Successfully suspended user"), 0): Object 'Object Repository/09-Settings/Users/Active User/span_Successfully suspended user' is present

2022-11-01 19:05:23 - [MESSAGE][WARNING] - Timeout '0' is invalid. Using default page load timeout: '30'

2022-11-01 19:05:25 - [MESSAGE][PASSED] - Object 'Object Repository/09-Settings/Users/Active User/span_Successfully suspended user' is present

2022-11-01 19:05:25 - [TEST_STEP][PASSED] - delay(3): Delayed 3 second(s)

2022-11-01 19:05:28 - [MESSAGE][PASSED] - Delayed 3 second(s)

2022-11-01 19:05:28 - [TEST_STEP][PASSED] - verifyElementPresent(findTestObject("09-Settings/Users/Active User/div_GTGG tester 2"), 0): Object 'Object Repository/09-Settings/Users/Active User/div_GTGG tester 2' is present

2022-11-01 19:05:28 - [MESSAGE][WARNING] - Timeout '0' is invalid. Using default page load timeout: '30'

2022-11-01 19:05:28 - [MESSAGE][PASSED] - Object 'Object Repository/09-Settings/Users/Active User/div_GTGG tester 2' is present

2022-11-01 19:05:28 - [TEST_STEP][PASSED] - click(findTestObject("09-Settings/Users/Active User/button_xDeleteuser")): Object: 'Object Repository/09-Settings/Users/Active User/button_xDeleteuser' is clicked on

2022-11-01 19:05:28 - [MESSAGE][PASSED] - Object: 'Object Repository/09-Settings/Users/Active User/button_xDeleteuser' is clicked on

2022-11-01 19:05:28 - [TEST_STEP][PASSED] - verifyElementPresent(findTestObject("09-Settings/Users/Active User/h4_Delete User"), 0): Object 'Object Repository/09-Settings/Users/Active User/h4_Delete User' is present

2022-11-01 19:05:29 - [MESSAGE][WARNING] - Timeout '0' is invalid. Using default page load timeout: '30'

2022-11-01 19:05:30 - [MESSAGE][PASSED] - Object 'Object Repository/09-Settings/Users/Active User/h4_Delete User' is present

2022-11-01 19:05:30 - [TEST_STEP][PASSED] - delay(4): Delayed 4 second(s)

2022-11-01 19:05:34 - [MESSAGE][PASSED] - Delayed 4 second(s)

2022-11-01 19:05:34 - [TEST_STEP][PASSED] - click(findTestObject("09-Settings/Users/Active User/button_Cancel_restore")): Object: 'Object Repository/09-Settings/Users/Active User/button_Cancel_restore' is clicked on

2022-11-01 19:05:34 - [MESSAGE][PASSED] - Object: 'Object Repository/09-Settings/Users/Active User/button_Cancel_restore' is clicked on

2022-11-01 19:05:34 - [TEST_STEP][PASSED] - verifyElementPresent(findTestObject("09-Settings/Users/Active User/div_GTGG tester 2"), 0): Object 'Object Repository/09-Settings/Users/Active User/div_GTGG tester 2' is present

2022-11-01 19:05:34 - [MESSAGE][WARNING] - Timeout '0' is invalid. Using default page load timeout: '30'

2022-11-01 19:05:35 - [MESSAGE][PASSED] - Object 'Object Repository/09-Settings/Users/Active User/div_GTGG tester 2' is present

2022-11-01 19:05:35 - [TEST_STEP][PASSED] - click(findTestObject("09-Settings/Users/Active User/button_xDeleteuser")): Object: 'Object Repository/09-Settings/Users/Active User/button_xDeleteuser' is clicked on

2022-11-01 19:05:35 - [MESSAGE][PASSED] - Object: 'Object Repository/09-Settings/Users/Active User/button_xDeleteuser' is clicked on

2022-11-01 19:05:35 - [TEST_STEP][PASSED] - verifyElementPresent(findTestObject("09-Settings/Users/Active User/h4_Delete User"), 0): Object 'Object Repository/09-Settings/Users/Active User/h4_Delete User' is present

2022-11-01 19:05:36 - [MESSAGE][WARNING] - Timeout '0' is invalid. Using default page load timeout: '30'

2022-11-01 19:05:36 - [MESSAGE][PASSED] - Object 'Object Repository/09-Settings/Users/Active User/h4_Delete User' is present

2022-11-01 19:05:36 - [TEST_STEP][PASSED] - delay(4): Delayed 4 second(s)

2022-11-01 19:05:40 - [MESSAGE][PASSED] - Delayed 4 second(s)

2022-11-01 19:05:40 - [TEST_STEP][PASSED] - click(findTestObject("09-Settings/Users/Active User/button_Delete")): Object: 'Object Repository/09-Settings/Users/Active User/button_Delete' is clicked on

2022-11-01 19:05:41 - [MESSAGE][PASSED] - Object: 'Object Repository/09-Settings/Users/Active User/button_Delete' is clicked on

2022-11-01 19:05:41 - [TEST_STEP][PASSED] - verifyElementPresent(findTestObject("09-Settings/Users/Active User/span_Successfully deleted user"), 0): Object 'Object Repository/09-Settings/Users/Active User/span_Successfully deleted user' is present

2022-11-01 19:05:41 - [MESSAGE][WARNING] - Timeout '0' is invalid. Using default page load timeout: '30'

2022-11-01 19:05:44 - [MESSAGE][PASSED] - Object 'Object Repository/09-Settings/Users/Active User/span_Successfully deleted user' is present

2022-11-01 19:05:44 - [TEST_STEP][PASSED] - click(findTestObject("09-Settings/Users/Active User/button_OK")): Object: 'Object Repository/09-Settings/Users/Active User/button_OK' is clicked on

2022-11-01 19:05:44 - [MESSAGE][PASSED] - Object: 'Object Repository/09-Settings/Users/Active User/button_OK' is clicked on

2022-11-01 19:05:44 - [TEST_STEP][PASSED] - delay(5): Delayed 5 second(s)

2022-11-01 19:05:49 - [MESSAGE][PASSED] - Delayed 5 second(s)]]></system-out>
         <system-err><![CDATA[]]></system-err>
      </testcase>
      <testcase name="Test Cases/09-Settings/10 - Users (Active User - Filter - Restore user)" time="25.271" classname="Test Cases/09-Settings/10 - Users (Active User - Filter - Restore user)" status="PASSED">
         <system-out><![CDATA[2022-11-01 19:05:49 - [TEST_CASE][PASSED] - Test Cases/09-Settings/10 - Users (Active User - Filter - Restore user): Test Cases/09-Settings/10 - Users (Active User - Filter - Restore user)

2022-11-01 19:05:50 - [TEST_STEP][PASSED] - delay(3): Delayed 3 second(s)

2022-11-01 19:05:53 - [MESSAGE][PASSED] - Delayed 3 second(s)

2022-11-01 19:05:53 - [TEST_STEP][PASSED] - click(findTestObject("09-Settings/Users/Active User/filter_icon")): Object: 'Object Repository/09-Settings/Users/Active User/filter_icon' is clicked on

2022-11-01 19:05:53 - [MESSAGE][PASSED] - Object: 'Object Repository/09-Settings/Users/Active User/filter_icon' is clicked on

2022-11-01 19:05:53 - [TEST_STEP][PASSED] - verifyElementVisible(findTestObject("09-Settings/Users/Active User/h6_Filter")): Object 'Object Repository/09-Settings/Users/Active User/h6_Filter' is visible

2022-11-01 19:05:54 - [MESSAGE][PASSED] - Object 'Object Repository/09-Settings/Users/Active User/h6_Filter' is visible

2022-11-01 19:05:54 - [TEST_STEP][PASSED] - verifyElementVisible(findTestObject("09-Settings/Users/Active User/span_Show deleted user")): Object 'Object Repository/09-Settings/Users/Active User/span_Show deleted user' is visible

2022-11-01 19:05:54 - [MESSAGE][PASSED] - Object 'Object Repository/09-Settings/Users/Active User/span_Show deleted user' is visible

2022-11-01 19:05:54 - [TEST_STEP][PASSED] - click(findTestObject("09-Settings/Users/Active User/div_show-deleted-user-toggle-bar")): Object: 'Object Repository/09-Settings/Users/Active User/div_show-deleted-user-toggle-bar' is clicked on

2022-11-01 19:05:55 - [MESSAGE][PASSED] - Object: 'Object Repository/09-Settings/Users/Active User/div_show-deleted-user-toggle-bar' is clicked on

2022-11-01 19:05:55 - [TEST_STEP][PASSED] - delay(3): Delayed 3 second(s)

2022-11-01 19:05:58 - [MESSAGE][PASSED] - Delayed 3 second(s)

2022-11-01 19:05:58 - [TEST_STEP][PASSED] - verifyElementVisible(findTestObject("09-Settings/Users/Active User/div_GTGG tester 2")): Object 'Object Repository/09-Settings/Users/Active User/div_GTGG tester 2' is visible

2022-11-01 19:05:58 - [MESSAGE][PASSED] - Object 'Object Repository/09-Settings/Users/Active User/div_GTGG tester 2' is visible

2022-11-01 19:05:58 - [TEST_STEP][PASSED] - click(findTestObject("09-Settings/Users/Active User/button_replay")): Object: 'Object Repository/09-Settings/Users/Active User/button_replay' is clicked on

2022-11-01 19:05:59 - [MESSAGE][PASSED] - Object: 'Object Repository/09-Settings/Users/Active User/button_replay' is clicked on

2022-11-01 19:05:59 - [TEST_STEP][PASSED] - verifyElementVisible(findTestObject("09-Settings/Users/Active User/h4_Restore User")): Object 'Object Repository/09-Settings/Users/Active User/h4_Restore User' is visible

2022-11-01 19:05:59 - [MESSAGE][PASSED] - Object 'Object Repository/09-Settings/Users/Active User/h4_Restore User' is visible

2022-11-01 19:05:59 - [TEST_STEP][PASSED] - click(findTestObject("09-Settings/Users/Active User/button_Cancel_restore")): Object: 'Object Repository/09-Settings/Users/Active User/button_Cancel_restore' is clicked on

2022-11-01 19:06:00 - [MESSAGE][PASSED] - Object: 'Object Repository/09-Settings/Users/Active User/button_Cancel_restore' is clicked on

2022-11-01 19:06:00 - [TEST_STEP][PASSED] - delay(4): Delayed 4 second(s)

2022-11-01 19:06:04 - [MESSAGE][PASSED] - Delayed 4 second(s)

2022-11-01 19:06:04 - [TEST_STEP][PASSED] - verifyElementVisible(findTestObject("09-Settings/Users/Active User/div_GTGG tester 2")): Object 'Object Repository/09-Settings/Users/Active User/div_GTGG tester 2' is visible

2022-11-01 19:06:04 - [MESSAGE][PASSED] - Object 'Object Repository/09-Settings/Users/Active User/div_GTGG tester 2' is visible

2022-11-01 19:06:04 - [TEST_STEP][PASSED] - click(findTestObject("09-Settings/Users/Active User/button_replay")): Object: 'Object Repository/09-Settings/Users/Active User/button_replay' is clicked on

2022-11-01 19:06:05 - [MESSAGE][PASSED] - Object: 'Object Repository/09-Settings/Users/Active User/button_replay' is clicked on

2022-11-01 19:06:05 - [TEST_STEP][PASSED] - verifyElementVisible(findTestObject("09-Settings/Users/Active User/h4_Restore User")): Object 'Object Repository/09-Settings/Users/Active User/h4_Restore User' is visible

2022-11-01 19:06:05 - [MESSAGE][PASSED] - Object 'Object Repository/09-Settings/Users/Active User/h4_Restore User' is visible

2022-11-01 19:06:05 - [TEST_STEP][PASSED] - click(findTestObject("09-Settings/Users/Active User/button_Restore")): Object: 'Object Repository/09-Settings/Users/Active User/button_Restore' is clicked on

2022-11-01 19:06:06 - [MESSAGE][PASSED] - Object: 'Object Repository/09-Settings/Users/Active User/button_Restore' is clicked on

2022-11-01 19:06:06 - [TEST_STEP][PASSED] - verifyElementVisible(findTestObject("09-Settings/Users/Active User/span_Successfully restored user")): Object 'Object Repository/09-Settings/Users/Active User/span_Successfully restored user' is visible

2022-11-01 19:06:09 - [MESSAGE][PASSED] - Object 'Object Repository/09-Settings/Users/Active User/span_Successfully restored user' is visible

2022-11-01 19:06:09 - [TEST_STEP][PASSED] - click(findTestObject("09-Settings/Users/Active User/button_OK")): Object: 'Object Repository/09-Settings/Users/Active User/button_OK' is clicked on

2022-11-01 19:06:10 - [MESSAGE][PASSED] - Object: 'Object Repository/09-Settings/Users/Active User/button_OK' is clicked on

2022-11-01 19:06:10 - [TEST_STEP][PASSED] - delay(5): Delayed 5 second(s)

2022-11-01 19:06:15 - [MESSAGE][PASSED] - Delayed 5 second(s)]]></system-out>
         <system-err><![CDATA[]]></system-err>
      </testcase>
      <testcase name="Test Cases/09-Settings/11 - Users (Active User - Filter - All and Selected Organization)" time="21.153" classname="Test Cases/09-Settings/11 - Users (Active User - Filter - All and Selected Organization)" status="PASSED">
         <system-out><![CDATA[2022-11-01 19:06:15 - [TEST_CASE][PASSED] - Test Cases/09-Settings/11 - Users (Active User - Filter - All and Selected Organization): Test Cases/09-Settings/11 - Users (Active User - Filter - All and Selected Organization)

2022-11-01 19:06:15 - [TEST_STEP][PASSED] - delay(3): Delayed 3 second(s)

2022-11-01 19:06:18 - [MESSAGE][PASSED] - Delayed 3 second(s)

2022-11-01 19:06:18 - [TEST_STEP][PASSED] - verifyElementVisible(findTestObject("09-Settings/Users/Active User/h6_Filter")): Object 'Object Repository/09-Settings/Users/Active User/h6_Filter' is visible

2022-11-01 19:06:18 - [MESSAGE][PASSED] - Object 'Object Repository/09-Settings/Users/Active User/h6_Filter' is visible

2022-11-01 19:06:18 - [TEST_STEP][PASSED] - verifyElementVisible(findTestObject("09-Settings/Users/Active User/div_All organization units")): Object 'Object Repository/09-Settings/Users/Active User/div_All organization units' is visible

2022-11-01 19:06:19 - [MESSAGE][PASSED] - Object 'Object Repository/09-Settings/Users/Active User/div_All organization units' is visible

2022-11-01 19:06:19 - [TEST_STEP][PASSED] - click(findTestObject("09-Settings/Users/Active User/div_All organization units")): Object: 'Object Repository/09-Settings/Users/Active User/div_All organization units' is clicked on

2022-11-01 19:06:19 - [MESSAGE][PASSED] - Object: 'Object Repository/09-Settings/Users/Active User/div_All organization units' is clicked on

2022-11-01 19:06:19 - [TEST_STEP][PASSED] - delay(3): Delayed 3 second(s)

2022-11-01 19:06:22 - [MESSAGE][PASSED] - Delayed 3 second(s)

2022-11-01 19:06:22 - [TEST_STEP][PASSED] - verifyElementVisible(findTestObject("09-Settings/Users/Active User/div_Active Users-All Organizations units")): Object 'Object Repository/09-Settings/Users/Active User/div_Active Users-All Organizations units' is visible

2022-11-01 19:06:23 - [MESSAGE][PASSED] - Object 'Object Repository/09-Settings/Users/Active User/div_Active Users-All Organizations units' is visible

2022-11-01 19:06:23 - [TEST_STEP][PASSED] - delay(3): Delayed 3 second(s)

2022-11-01 19:06:26 - [MESSAGE][PASSED] - Delayed 3 second(s)

2022-11-01 19:06:26 - [TEST_STEP][PASSED] - verifyElementVisible(findTestObject("09-Settings/Users/Active User/div_Selected organization unit")): Object 'Object Repository/09-Settings/Users/Active User/div_Selected organization unit' is visible

2022-11-01 19:06:26 - [MESSAGE][PASSED] - Object 'Object Repository/09-Settings/Users/Active User/div_Selected organization unit' is visible

2022-11-01 19:06:26 - [TEST_STEP][PASSED] - click(findTestObject("09-Settings/Users/Active User/div_Selected organization unit")): Object: 'Object Repository/09-Settings/Users/Active User/div_Selected organization unit' is clicked on

2022-11-01 19:06:27 - [MESSAGE][PASSED] - Object: 'Object Repository/09-Settings/Users/Active User/div_Selected organization unit' is clicked on

2022-11-01 19:06:27 - [TEST_STEP][PASSED] - delay(3): Delayed 3 second(s)

2022-11-01 19:06:30 - [MESSAGE][PASSED] - Delayed 3 second(s)

2022-11-01 19:06:30 - [TEST_STEP][PASSED] - click(findTestObject("09-Settings/Users/Active User/div_GG Automation")): Object: 'Object Repository/09-Settings/Users/Active User/div_GG Automation' is clicked on

2022-11-01 19:06:30 - [MESSAGE][PASSED] - Object: 'Object Repository/09-Settings/Users/Active User/div_GG Automation' is clicked on

2022-11-01 19:06:30 - [TEST_STEP][PASSED] - verifyElementVisible(findTestObject("09-Settings/Users/Active User/div_Active Users-Selected Organization units")): Object 'Object Repository/09-Settings/Users/Active User/div_Active Users-Selected Organization units' is visible

2022-11-01 19:06:30 - [MESSAGE][PASSED] - Object 'Object Repository/09-Settings/Users/Active User/div_Active Users-Selected Organization units' is visible

2022-11-01 19:06:30 - [TEST_STEP][PASSED] - click(findTestObject("09-Settings/Users/Active User/filter_icon")): Object: 'Object Repository/09-Settings/Users/Active User/filter_icon' is clicked on

2022-11-01 19:06:31 - [MESSAGE][PASSED] - Object: 'Object Repository/09-Settings/Users/Active User/filter_icon' is clicked on

2022-11-01 19:06:31 - [TEST_STEP][PASSED] - delay(5): Delayed 5 second(s)

2022-11-01 19:06:36 - [MESSAGE][PASSED] - Delayed 5 second(s)]]></system-out>
         <system-err><![CDATA[]]></system-err>
      </testcase>
      <testcase name="Test Cases/09-Settings/12 - Users (Active User - Edit Role)" time="47.06" classname="Test Cases/09-Settings/12 - Users (Active User - Edit Role)" status="PASSED">
         <system-out><![CDATA[2022-11-01 19:06:36 - [TEST_CASE][PASSED] - Test Cases/09-Settings/12 - Users (Active User - Edit Role): Test Cases/09-Settings/12 - Users (Active User - Edit Role)

2022-11-01 19:06:36 - [TEST_STEP][PASSED] - delay(3): Delayed 3 second(s)

2022-11-01 19:06:39 - [MESSAGE][PASSED] - Delayed 3 second(s)

2022-11-01 19:06:39 - [TEST_STEP][PASSED] - verifyElementPresent(findTestObject("09-Settings/Users/Active User/div_GTGG tester 2"), 0): Object 'Object Repository/09-Settings/Users/Active User/div_GTGG tester 2' is present

2022-11-01 19:06:39 - [MESSAGE][WARNING] - Timeout '0' is invalid. Using default page load timeout: '30'

2022-11-01 19:06:39 - [MESSAGE][PASSED] - Object 'Object Repository/09-Settings/Users/Active User/div_GTGG tester 2' is present

2022-11-01 19:06:39 - [TEST_STEP][PASSED] - click(findTestObject("09-Settings/Users/Active User/button_ellipses")): Object: 'Object Repository/09-Settings/Users/Active User/button_ellipses' is clicked on

2022-11-01 19:06:40 - [MESSAGE][PASSED] - Object: 'Object Repository/09-Settings/Users/Active User/button_ellipses' is clicked on

2022-11-01 19:06:40 - [TEST_STEP][PASSED] - click(findTestObject("09-Settings/Users/Active User/button_Edit Role")): Object: 'Object Repository/09-Settings/Users/Active User/button_Edit Role' is clicked on

2022-11-01 19:06:40 - [MESSAGE][PASSED] - Object: 'Object Repository/09-Settings/Users/Active User/button_Edit Role' is clicked on

2022-11-01 19:06:40 - [TEST_STEP][PASSED] - verifyElementPresent(findTestObject("09-Settings/Users/Active User/h4_Edit User Role"), 0): Object 'Object Repository/09-Settings/Users/Active User/h4_Edit User Role' is present

2022-11-01 19:06:41 - [MESSAGE][WARNING] - Timeout '0' is invalid. Using default page load timeout: '30'

2022-11-01 19:06:41 - [MESSAGE][PASSED] - Object 'Object Repository/09-Settings/Users/Active User/h4_Edit User Role' is present

2022-11-01 19:06:41 - [TEST_STEP][PASSED] - delay(4): Delayed 4 second(s)

2022-11-01 19:06:45 - [MESSAGE][PASSED] - Delayed 4 second(s)

2022-11-01 19:06:45 - [TEST_STEP][PASSED] - click(findTestObject("09-Settings/Users/Active User/button_Cancel_restore")): Object: 'Object Repository/09-Settings/Users/Active User/button_Cancel_restore' is clicked on

2022-11-01 19:06:46 - [MESSAGE][PASSED] - Object: 'Object Repository/09-Settings/Users/Active User/button_Cancel_restore' is clicked on

2022-11-01 19:06:46 - [TEST_STEP][PASSED] - verifyElementPresent(findTestObject("09-Settings/Users/Active User/div_GTGG tester 2"), 0): Object 'Object Repository/09-Settings/Users/Active User/div_GTGG tester 2' is present

2022-11-01 19:06:46 - [MESSAGE][WARNING] - Timeout '0' is invalid. Using default page load timeout: '30'

2022-11-01 19:06:47 - [MESSAGE][PASSED] - Object 'Object Repository/09-Settings/Users/Active User/div_GTGG tester 2' is present

2022-11-01 19:06:47 - [TEST_STEP][PASSED] - click(findTestObject("09-Settings/Users/Active User/button_ellipses")): Object: 'Object Repository/09-Settings/Users/Active User/button_ellipses' is clicked on

2022-11-01 19:06:47 - [MESSAGE][PASSED] - Object: 'Object Repository/09-Settings/Users/Active User/button_ellipses' is clicked on

2022-11-01 19:06:47 - [TEST_STEP][PASSED] - click(findTestObject("09-Settings/Users/Active User/button_Edit Role")): Object: 'Object Repository/09-Settings/Users/Active User/button_Edit Role' is clicked on

2022-11-01 19:06:48 - [MESSAGE][PASSED] - Object: 'Object Repository/09-Settings/Users/Active User/button_Edit Role' is clicked on

2022-11-01 19:06:48 - [TEST_STEP][PASSED] - verifyElementPresent(findTestObject("09-Settings/Users/Active User/h4_Edit User Role"), 0): Object 'Object Repository/09-Settings/Users/Active User/h4_Edit User Role' is present

2022-11-01 19:06:48 - [MESSAGE][WARNING] - Timeout '0' is invalid. Using default page load timeout: '30'

2022-11-01 19:06:49 - [MESSAGE][PASSED] - Object 'Object Repository/09-Settings/Users/Active User/h4_Edit User Role' is present

2022-11-01 19:06:49 - [TEST_STEP][PASSED] - click(findTestObject("09-Settings/Users/Active User/div_roleDropdown")): Object: 'Object Repository/09-Settings/Users/Active User/div_roleDropdown' is clicked on

2022-11-01 19:06:49 - [MESSAGE][PASSED] - Object: 'Object Repository/09-Settings/Users/Active User/div_roleDropdown' is clicked on

2022-11-01 19:06:49 - [TEST_STEP][PASSED] - click(findTestObject("09-Settings/Users/Active User/mat-option_External Contact")): Object: 'Object Repository/09-Settings/Users/Active User/mat-option_External Contact' is clicked on

2022-11-01 19:06:50 - [MESSAGE][PASSED] - Object: 'Object Repository/09-Settings/Users/Active User/mat-option_External Contact' is clicked on

2022-11-01 19:06:50 - [TEST_STEP][PASSED] - verifyElementPresent(findTestObject("09-Settings/Users/Active User/warning_when_changing_role"), 0): Object 'Object Repository/09-Settings/Users/Active User/warning_when_changing_role' is present

2022-11-01 19:06:50 - [MESSAGE][WARNING] - Timeout '0' is invalid. Using default page load timeout: '30'

2022-11-01 19:06:51 - [MESSAGE][PASSED] - Object 'Object Repository/09-Settings/Users/Active User/warning_when_changing_role' is present

2022-11-01 19:06:51 - [TEST_STEP][PASSED] - delay(4): Delayed 4 second(s)

2022-11-01 19:06:55 - [MESSAGE][PASSED] - Delayed 4 second(s)

2022-11-01 19:06:55 - [TEST_STEP][PASSED] - click(findTestObject("09-Settings/Users/Active User/div_roleTypeDropdown")): Object: 'Object Repository/09-Settings/Users/Active User/div_roleTypeDropdown' is clicked on

2022-11-01 19:06:55 - [MESSAGE][PASSED] - Object: 'Object Repository/09-Settings/Users/Active User/div_roleTypeDropdown' is clicked on

2022-11-01 19:06:55 - [TEST_STEP][PASSED] - click(findTestObject("09-Settings/Users/Active User/mat-option_None")): Object: 'Object Repository/09-Settings/Users/Active User/mat-option_None' is clicked on

2022-11-01 19:06:56 - [MESSAGE][PASSED] - Object: 'Object Repository/09-Settings/Users/Active User/mat-option_None' is clicked on

2022-11-01 19:06:56 - [TEST_STEP][PASSED] - delay(4): Delayed 4 second(s)

2022-11-01 19:07:00 - [MESSAGE][PASSED] - Delayed 4 second(s)

2022-11-01 19:07:00 - [TEST_STEP][PASSED] - click(findTestObject("09-Settings/Users/Active User/button_Save")): Object: 'Object Repository/09-Settings/Users/Active User/button_Save' is clicked on

2022-11-01 19:07:00 - [MESSAGE][PASSED] - Object: 'Object Repository/09-Settings/Users/Active User/button_Save' is clicked on

2022-11-01 19:07:00 - [TEST_STEP][PASSED] - delay(3): Delayed 3 second(s)

2022-11-01 19:07:03 - [MESSAGE][PASSED] - Delayed 3 second(s)

2022-11-01 19:07:03 - [TEST_STEP][PASSED] - verifyElementPresent(findTestObject("09-Settings/Users/Active User/div_GTGG tester 2"), 0): Object 'Object Repository/09-Settings/Users/Active User/div_GTGG tester 2' is present

2022-11-01 19:07:03 - [MESSAGE][WARNING] - Timeout '0' is invalid. Using default page load timeout: '30'

2022-11-01 19:07:03 - [MESSAGE][PASSED] - Object 'Object Repository/09-Settings/Users/Active User/div_GTGG tester 2' is present

2022-11-01 19:07:03 - [TEST_STEP][PASSED] - click(findTestObject("09-Settings/Users/Active User/button_ellipses")): Object: 'Object Repository/09-Settings/Users/Active User/button_ellipses' is clicked on

2022-11-01 19:07:04 - [MESSAGE][PASSED] - Object: 'Object Repository/09-Settings/Users/Active User/button_ellipses' is clicked on

2022-11-01 19:07:04 - [TEST_STEP][PASSED] - click(findTestObject("09-Settings/Users/Active User/button_Edit Role")): Object: 'Object Repository/09-Settings/Users/Active User/button_Edit Role' is clicked on

2022-11-01 19:07:04 - [MESSAGE][PASSED] - Object: 'Object Repository/09-Settings/Users/Active User/button_Edit Role' is clicked on

2022-11-01 19:07:04 - [TEST_STEP][PASSED] - verifyElementPresent(findTestObject("09-Settings/Users/Active User/h4_Edit User Role"), 0): Object 'Object Repository/09-Settings/Users/Active User/h4_Edit User Role' is present

2022-11-01 19:07:04 - [MESSAGE][WARNING] - Timeout '0' is invalid. Using default page load timeout: '30'

2022-11-01 19:07:05 - [MESSAGE][PASSED] - Object 'Object Repository/09-Settings/Users/Active User/h4_Edit User Role' is present

2022-11-01 19:07:05 - [TEST_STEP][PASSED] - click(findTestObject("09-Settings/Users/Active User/div_roleDropdown")): Object: 'Object Repository/09-Settings/Users/Active User/div_roleDropdown' is clicked on

2022-11-01 19:07:06 - [MESSAGE][PASSED] - Object: 'Object Repository/09-Settings/Users/Active User/div_roleDropdown' is clicked on

2022-11-01 19:07:06 - [TEST_STEP][PASSED] - click(findTestObject("09-Settings/Users/Active User/mat-option_CoWorker")): Object: 'Object Repository/09-Settings/Users/Active User/mat-option_CoWorker' is clicked on

2022-11-01 19:07:07 - [MESSAGE][PASSED] - Object: 'Object Repository/09-Settings/Users/Active User/mat-option_CoWorker' is clicked on

2022-11-01 19:07:07 - [TEST_STEP][PASSED] - verifyElementPresent(findTestObject("09-Settings/Users/Active User/warning_when_changing_role"), 0): Object 'Object Repository/09-Settings/Users/Active User/warning_when_changing_role' is present

2022-11-01 19:07:07 - [MESSAGE][WARNING] - Timeout '0' is invalid. Using default page load timeout: '30'

2022-11-01 19:07:08 - [MESSAGE][PASSED] - Object 'Object Repository/09-Settings/Users/Active User/warning_when_changing_role' is present

2022-11-01 19:07:08 - [TEST_STEP][PASSED] - delay(4): Delayed 4 second(s)

2022-11-01 19:07:12 - [MESSAGE][PASSED] - Delayed 4 second(s)

2022-11-01 19:07:12 - [TEST_STEP][PASSED] - click(findTestObject("09-Settings/Users/Active User/div_roleTypeDropdown")): Object: 'Object Repository/09-Settings/Users/Active User/div_roleTypeDropdown' is clicked on

2022-11-01 19:07:12 - [MESSAGE][PASSED] - Object: 'Object Repository/09-Settings/Users/Active User/div_roleTypeDropdown' is clicked on

2022-11-01 19:07:12 - [TEST_STEP][PASSED] - click(findTestObject("09-Settings/Users/Active User/mat-option_None")): Object: 'Object Repository/09-Settings/Users/Active User/mat-option_None' is clicked on

2022-11-01 19:07:13 - [MESSAGE][PASSED] - Object: 'Object Repository/09-Settings/Users/Active User/mat-option_None' is clicked on

2022-11-01 19:07:13 - [TEST_STEP][PASSED] - delay(4): Delayed 4 second(s)

2022-11-01 19:07:17 - [MESSAGE][PASSED] - Delayed 4 second(s)

2022-11-01 19:07:17 - [TEST_STEP][PASSED] - click(findTestObject("09-Settings/Users/Active User/button_Save")): Object: 'Object Repository/09-Settings/Users/Active User/button_Save' is clicked on

2022-11-01 19:07:17 - [MESSAGE][PASSED] - Object: 'Object Repository/09-Settings/Users/Active User/button_Save' is clicked on

2022-11-01 19:07:17 - [TEST_STEP][PASSED] - verifyElementPresent(findTestObject("09-Settings/Users/Active User/span_Successfully changed user role"), 0): Object 'Object Repository/09-Settings/Users/Active User/span_Successfully changed user role' is present

2022-11-01 19:07:17 - [MESSAGE][WARNING] - Timeout '0' is invalid. Using default page load timeout: '30'

2022-11-01 19:07:20 - [MESSAGE][PASSED] - Object 'Object Repository/09-Settings/Users/Active User/span_Successfully changed user role' is present

2022-11-01 19:07:20 - [TEST_STEP][PASSED] - click(findTestObject("09-Settings/Users/Active User/button_OK")): Object: 'Object Repository/09-Settings/Users/Active User/button_OK' is clicked on

2022-11-01 19:07:20 - [MESSAGE][PASSED] - Object: 'Object Repository/09-Settings/Users/Active User/button_OK' is clicked on

2022-11-01 19:07:20 - [TEST_STEP][PASSED] - delay(3): Delayed 3 second(s)

2022-11-01 19:07:23 - [MESSAGE][PASSED] - Delayed 3 second(s)]]></system-out>
         <system-err><![CDATA[]]></system-err>
      </testcase>
      <testcase name="Test Cases/09-Settings/13 - Users (Active User - Promote to admin)" time="22.456" classname="Test Cases/09-Settings/13 - Users (Active User - Promote to admin)" status="PASSED">
         <system-out><![CDATA[2022-11-01 19:07:23 - [TEST_CASE][PASSED] - Test Cases/09-Settings/13 - Users (Active User - Promote to admin): Test Cases/09-Settings/13 - Users (Active User - Promote to admin)

2022-11-01 19:07:23 - [TEST_STEP][PASSED] - delay(3): Delayed 3 second(s)

2022-11-01 19:07:26 - [MESSAGE][PASSED] - Delayed 3 second(s)

2022-11-01 19:07:26 - [TEST_STEP][PASSED] - verifyElementPresent(findTestObject("09-Settings/Users/Active User/div_GTGG tester 2"), 0): Object 'Object Repository/09-Settings/Users/Active User/div_GTGG tester 2' is present

2022-11-01 19:07:26 - [MESSAGE][WARNING] - Timeout '0' is invalid. Using default page load timeout: '30'

2022-11-01 19:07:27 - [MESSAGE][PASSED] - Object 'Object Repository/09-Settings/Users/Active User/div_GTGG tester 2' is present

2022-11-01 19:07:27 - [TEST_STEP][PASSED] - click(findTestObject("09-Settings/Users/Active User/button_ellipses")): Object: 'Object Repository/09-Settings/Users/Active User/button_ellipses' is clicked on

2022-11-01 19:07:27 - [MESSAGE][PASSED] - Object: 'Object Repository/09-Settings/Users/Active User/button_ellipses' is clicked on

2022-11-01 19:07:27 - [TEST_STEP][PASSED] - click(findTestObject("09-Settings/Users/Active User/button_Promote to Admin")): Object: 'Object Repository/09-Settings/Users/Active User/button_Promote to Admin' is clicked on

2022-11-01 19:07:27 - [MESSAGE][PASSED] - Object: 'Object Repository/09-Settings/Users/Active User/button_Promote to Admin' is clicked on

2022-11-01 19:07:27 - [TEST_STEP][PASSED] - verifyElementPresent(findTestObject("09-Settings/Users/Active User/h4_User Admin Settings"), 0): Object 'Object Repository/09-Settings/Users/Active User/h4_User Admin Settings' is present

2022-11-01 19:07:28 - [MESSAGE][WARNING] - Timeout '0' is invalid. Using default page load timeout: '30'

2022-11-01 19:07:28 - [MESSAGE][PASSED] - Object 'Object Repository/09-Settings/Users/Active User/h4_User Admin Settings' is present

2022-11-01 19:07:28 - [TEST_STEP][PASSED] - delay(3): Delayed 3 second(s)

2022-11-01 19:07:31 - [MESSAGE][PASSED] - Delayed 3 second(s)

2022-11-01 19:07:31 - [TEST_STEP][PASSED] - click(findTestObject("09-Settings/Users/Active User/button_Cancel_restore")): Object: 'Object Repository/09-Settings/Users/Active User/button_Cancel_restore' is clicked on

2022-11-01 19:07:32 - [MESSAGE][PASSED] - Object: 'Object Repository/09-Settings/Users/Active User/button_Cancel_restore' is clicked on

2022-11-01 19:07:32 - [TEST_STEP][PASSED] - delay(3): Delayed 3 second(s)

2022-11-01 19:07:35 - [MESSAGE][PASSED] - Delayed 3 second(s)

2022-11-01 19:07:35 - [TEST_STEP][PASSED] - verifyElementPresent(findTestObject("09-Settings/Users/Active User/div_GTGG tester 2"), 0): Object 'Object Repository/09-Settings/Users/Active User/div_GTGG tester 2' is present

2022-11-01 19:07:35 - [MESSAGE][WARNING] - Timeout '0' is invalid. Using default page load timeout: '30'

2022-11-01 19:07:35 - [MESSAGE][PASSED] - Object 'Object Repository/09-Settings/Users/Active User/div_GTGG tester 2' is present

2022-11-01 19:07:35 - [TEST_STEP][PASSED] - click(findTestObject("09-Settings/Users/Active User/button_ellipses")): Object: 'Object Repository/09-Settings/Users/Active User/button_ellipses' is clicked on

2022-11-01 19:07:35 - [MESSAGE][PASSED] - Object: 'Object Repository/09-Settings/Users/Active User/button_ellipses' is clicked on

2022-11-01 19:07:35 - [TEST_STEP][PASSED] - click(findTestObject("09-Settings/Users/Active User/button_Promote to Admin")): Object: 'Object Repository/09-Settings/Users/Active User/button_Promote to Admin' is clicked on

2022-11-01 19:07:36 - [MESSAGE][PASSED] - Object: 'Object Repository/09-Settings/Users/Active User/button_Promote to Admin' is clicked on

2022-11-01 19:07:36 - [TEST_STEP][PASSED] - verifyElementPresent(findTestObject("09-Settings/Users/Active User/h4_User Admin Settings"), 0): Object 'Object Repository/09-Settings/Users/Active User/h4_User Admin Settings' is present

2022-11-01 19:07:36 - [MESSAGE][WARNING] - Timeout '0' is invalid. Using default page load timeout: '30'

2022-11-01 19:07:37 - [MESSAGE][PASSED] - Object 'Object Repository/09-Settings/Users/Active User/h4_User Admin Settings' is present

2022-11-01 19:07:37 - [TEST_STEP][PASSED] - delay(3): Delayed 3 second(s)

2022-11-01 19:07:40 - [MESSAGE][PASSED] - Delayed 3 second(s)

2022-11-01 19:07:40 - [TEST_STEP][PASSED] - click(findTestObject("09-Settings/Users/Active User/button_Promote")): Object: 'Object Repository/09-Settings/Users/Active User/button_Promote' is clicked on

2022-11-01 19:07:40 - [MESSAGE][PASSED] - Object: 'Object Repository/09-Settings/Users/Active User/button_Promote' is clicked on

2022-11-01 19:07:40 - [TEST_STEP][PASSED] - verifyElementPresent(findTestObject("09-Settings/Users/Active User/span_Successfully promoted user to admin"), 0): Object 'Object Repository/09-Settings/Users/Active User/span_Successfully promoted user to admin' is present

2022-11-01 19:07:40 - [MESSAGE][WARNING] - Timeout '0' is invalid. Using default page load timeout: '30'

2022-11-01 19:07:42 - [MESSAGE][PASSED] - Object 'Object Repository/09-Settings/Users/Active User/span_Successfully promoted user to admin' is present

2022-11-01 19:07:42 - [TEST_STEP][PASSED] - click(findTestObject("09-Settings/Users/Active User/button_OK")): Object: 'Object Repository/09-Settings/Users/Active User/button_OK' is clicked on

2022-11-01 19:07:42 - [MESSAGE][PASSED] - Object: 'Object Repository/09-Settings/Users/Active User/button_OK' is clicked on

2022-11-01 19:07:42 - [TEST_STEP][PASSED] - delay(3): Delayed 3 second(s)

2022-11-01 19:07:45 - [MESSAGE][PASSED] - Delayed 3 second(s)]]></system-out>
         <system-err><![CDATA[]]></system-err>
      </testcase>
      <testcase name="Test Cases/09-Settings/14 - Users (Active User - Demote user)" time="22.909" classname="Test Cases/09-Settings/14 - Users (Active User - Demote user)" status="PASSED">
         <system-out><![CDATA[2022-11-01 19:07:45 - [TEST_CASE][PASSED] - Test Cases/09-Settings/14 - Users (Active User - Demote user): Test Cases/09-Settings/14 - Users (Active User - Demote user)

2022-11-01 19:07:46 - [TEST_STEP][PASSED] - delay(3): Delayed 3 second(s)

2022-11-01 19:07:49 - [MESSAGE][PASSED] - Delayed 3 second(s)

2022-11-01 19:07:49 - [TEST_STEP][PASSED] - verifyElementPresent(findTestObject("09-Settings/Users/Active User/div_GTGG tester 2"), 0): Object 'Object Repository/09-Settings/Users/Active User/div_GTGG tester 2' is present

2022-11-01 19:07:49 - [MESSAGE][WARNING] - Timeout '0' is invalid. Using default page load timeout: '30'

2022-11-01 19:07:49 - [MESSAGE][PASSED] - Object 'Object Repository/09-Settings/Users/Active User/div_GTGG tester 2' is present

2022-11-01 19:07:49 - [TEST_STEP][PASSED] - click(findTestObject("09-Settings/Users/Active User/button_ellipses")): Object: 'Object Repository/09-Settings/Users/Active User/button_ellipses' is clicked on

2022-11-01 19:07:50 - [MESSAGE][PASSED] - Object: 'Object Repository/09-Settings/Users/Active User/button_ellipses' is clicked on

2022-11-01 19:07:50 - [TEST_STEP][PASSED] - click(findTestObject("09-Settings/Users/Active User/button_Demote Admin")): Object: 'Object Repository/09-Settings/Users/Active User/button_Demote Admin' is clicked on

2022-11-01 19:07:50 - [MESSAGE][PASSED] - Object: 'Object Repository/09-Settings/Users/Active User/button_Demote Admin' is clicked on

2022-11-01 19:07:50 - [TEST_STEP][PASSED] - verifyElementPresent(findTestObject("09-Settings/Users/Active User/h4_User Admin Settings"), 0): Object 'Object Repository/09-Settings/Users/Active User/h4_User Admin Settings' is present

2022-11-01 19:07:50 - [MESSAGE][WARNING] - Timeout '0' is invalid. Using default page load timeout: '30'

2022-11-01 19:07:51 - [MESSAGE][PASSED] - Object 'Object Repository/09-Settings/Users/Active User/h4_User Admin Settings' is present

2022-11-01 19:07:51 - [TEST_STEP][PASSED] - delay(3): Delayed 3 second(s)

2022-11-01 19:07:54 - [MESSAGE][PASSED] - Delayed 3 second(s)

2022-11-01 19:07:54 - [TEST_STEP][PASSED] - click(findTestObject("09-Settings/Users/Active User/button_Cancel_restore")): Object: 'Object Repository/09-Settings/Users/Active User/button_Cancel_restore' is clicked on

2022-11-01 19:07:55 - [MESSAGE][PASSED] - Object: 'Object Repository/09-Settings/Users/Active User/button_Cancel_restore' is clicked on

2022-11-01 19:07:55 - [TEST_STEP][PASSED] - delay(3): Delayed 3 second(s)

2022-11-01 19:07:58 - [MESSAGE][PASSED] - Delayed 3 second(s)

2022-11-01 19:07:58 - [TEST_STEP][PASSED] - verifyElementPresent(findTestObject("09-Settings/Users/Active User/div_GTGG tester 2"), 0): Object 'Object Repository/09-Settings/Users/Active User/div_GTGG tester 2' is present

2022-11-01 19:07:58 - [MESSAGE][WARNING] - Timeout '0' is invalid. Using default page load timeout: '30'

2022-11-01 19:07:58 - [MESSAGE][PASSED] - Object 'Object Repository/09-Settings/Users/Active User/div_GTGG tester 2' is present

2022-11-01 19:07:58 - [TEST_STEP][PASSED] - click(findTestObject("09-Settings/Users/Active User/button_ellipses")): Object: 'Object Repository/09-Settings/Users/Active User/button_ellipses' is clicked on

2022-11-01 19:07:58 - [MESSAGE][PASSED] - Object: 'Object Repository/09-Settings/Users/Active User/button_ellipses' is clicked on

2022-11-01 19:07:58 - [TEST_STEP][PASSED] - click(findTestObject("09-Settings/Users/Active User/button_Demote Admin")): Object: 'Object Repository/09-Settings/Users/Active User/button_Demote Admin' is clicked on

2022-11-01 19:07:59 - [MESSAGE][PASSED] - Object: 'Object Repository/09-Settings/Users/Active User/button_Demote Admin' is clicked on

2022-11-01 19:07:59 - [TEST_STEP][PASSED] - verifyElementPresent(findTestObject("09-Settings/Users/Active User/h4_User Admin Settings"), 0): Object 'Object Repository/09-Settings/Users/Active User/h4_User Admin Settings' is present

2022-11-01 19:07:59 - [MESSAGE][WARNING] - Timeout '0' is invalid. Using default page load timeout: '30'

2022-11-01 19:08:00 - [MESSAGE][PASSED] - Object 'Object Repository/09-Settings/Users/Active User/h4_User Admin Settings' is present

2022-11-01 19:08:00 - [TEST_STEP][PASSED] - delay(3): Delayed 3 second(s)

2022-11-01 19:08:03 - [MESSAGE][PASSED] - Delayed 3 second(s)

2022-11-01 19:08:03 - [TEST_STEP][PASSED] - click(findTestObject("09-Settings/Users/Active User/button_Demote")): Object: 'Object Repository/09-Settings/Users/Active User/button_Demote' is clicked on

2022-11-01 19:08:03 - [MESSAGE][PASSED] - Object: 'Object Repository/09-Settings/Users/Active User/button_Demote' is clicked on

2022-11-01 19:08:03 - [TEST_STEP][PASSED] - verifyElementPresent(findTestObject("09-Settings/Users/Active User/span_Successfully demoted admin"), 0): Object 'Object Repository/09-Settings/Users/Active User/span_Successfully demoted admin' is present

2022-11-01 19:08:03 - [MESSAGE][WARNING] - Timeout '0' is invalid. Using default page load timeout: '30'

2022-11-01 19:08:05 - [MESSAGE][PASSED] - Object 'Object Repository/09-Settings/Users/Active User/span_Successfully demoted admin' is present

2022-11-01 19:08:05 - [TEST_STEP][PASSED] - click(findTestObject("09-Settings/Users/Active User/button_OK")): Object: 'Object Repository/09-Settings/Users/Active User/button_OK' is clicked on

2022-11-01 19:08:05 - [MESSAGE][PASSED] - Object: 'Object Repository/09-Settings/Users/Active User/button_OK' is clicked on

2022-11-01 19:08:05 - [TEST_STEP][PASSED] - delay(3): Delayed 3 second(s)

2022-11-01 19:08:08 - [MESSAGE][PASSED] - Delayed 3 second(s)]]></system-out>
         <system-err><![CDATA[]]></system-err>
      </testcase>
      <testcase name="Test Cases/09-Settings/15 - Users (Active User - Delete Active user)" time="65.975" classname="Test Cases/09-Settings/15 - Users (Active User - Delete Active user)" status="PASSED">
         <system-out><![CDATA[2022-11-01 19:08:08 - [TEST_CASE][PASSED] - Test Cases/09-Settings/15 - Users (Active User - Delete Active user): Test Cases/09-Settings/15 - Users (Active User - Delete Active user)

2022-11-01 19:08:09 - [TEST_STEP][PASSED] - delay(3): Delayed 3 second(s)

2022-11-01 19:08:12 - [MESSAGE][PASSED] - Delayed 3 second(s)

2022-11-01 19:08:12 - [TEST_STEP][PASSED] - verifyElementPresent(findTestObject("09-Settings/Users/Active User/div_GTGG tester 2"), 0): Object 'Object Repository/09-Settings/Users/Active User/div_GTGG tester 2' is present

2022-11-01 19:08:12 - [MESSAGE][WARNING] - Timeout '0' is invalid. Using default page load timeout: '30'

2022-11-01 19:08:12 - [MESSAGE][PASSED] - Object 'Object Repository/09-Settings/Users/Active User/div_GTGG tester 2' is present

2022-11-01 19:08:12 - [TEST_STEP][PASSED] - click(findTestObject("09-Settings/Users/Active User/button_ellipses")): Object: 'Object Repository/09-Settings/Users/Active User/button_ellipses' is clicked on

2022-11-01 19:08:12 - [MESSAGE][PASSED] - Object: 'Object Repository/09-Settings/Users/Active User/button_ellipses' is clicked on

2022-11-01 19:08:12 - [TEST_STEP][PASSED] - click(findTestObject("09-Settings/Users/Active User/button_Delete User")): Object: 'Object Repository/09-Settings/Users/Active User/button_Delete User' is clicked on

2022-11-01 19:08:13 - [MESSAGE][PASSED] - Object: 'Object Repository/09-Settings/Users/Active User/button_Delete User' is clicked on

2022-11-01 19:08:13 - [TEST_STEP][PASSED] - verifyElementPresent(findTestObject("09-Settings/Users/Active User/h4_Delete User"), 0): Object 'Object Repository/09-Settings/Users/Active User/h4_Delete User' is present

2022-11-01 19:08:13 - [MESSAGE][WARNING] - Timeout '0' is invalid. Using default page load timeout: '30'

2022-11-01 19:08:14 - [MESSAGE][PASSED] - Object 'Object Repository/09-Settings/Users/Active User/h4_Delete User' is present

2022-11-01 19:08:14 - [TEST_STEP][PASSED] - delay(4): Delayed 4 second(s)

2022-11-01 19:08:18 - [MESSAGE][PASSED] - Delayed 4 second(s)

2022-11-01 19:08:18 - [TEST_STEP][PASSED] - click(findTestObject("09-Settings/Users/Active User/button_Cancel_restore")): Object: 'Object Repository/09-Settings/Users/Active User/button_Cancel_restore' is clicked on

2022-11-01 19:08:18 - [MESSAGE][PASSED] - Object: 'Object Repository/09-Settings/Users/Active User/button_Cancel_restore' is clicked on

2022-11-01 19:08:18 - [TEST_STEP][PASSED] - verifyElementPresent(findTestObject("09-Settings/Users/Active User/div_GTGG tester 2"), 0): Object 'Object Repository/09-Settings/Users/Active User/div_GTGG tester 2' is present

2022-11-01 19:08:18 - [MESSAGE][WARNING] - Timeout '0' is invalid. Using default page load timeout: '30'

2022-11-01 19:08:19 - [MESSAGE][PASSED] - Object 'Object Repository/09-Settings/Users/Active User/div_GTGG tester 2' is present

2022-11-01 19:08:19 - [TEST_STEP][PASSED] - click(findTestObject("09-Settings/Users/Active User/button_ellipses")): Object: 'Object Repository/09-Settings/Users/Active User/button_ellipses' is clicked on

2022-11-01 19:08:19 - [MESSAGE][PASSED] - Object: 'Object Repository/09-Settings/Users/Active User/button_ellipses' is clicked on

2022-11-01 19:08:19 - [TEST_STEP][PASSED] - click(findTestObject("09-Settings/Users/Active User/button_Delete User")): Object: 'Object Repository/09-Settings/Users/Active User/button_Delete User' is clicked on

2022-11-01 19:08:20 - [MESSAGE][PASSED] - Object: 'Object Repository/09-Settings/Users/Active User/button_Delete User' is clicked on

2022-11-01 19:08:20 - [TEST_STEP][PASSED] - verifyElementPresent(findTestObject("09-Settings/Users/Active User/h4_Delete User"), 0): Object 'Object Repository/09-Settings/Users/Active User/h4_Delete User' is present

2022-11-01 19:08:20 - [MESSAGE][WARNING] - Timeout '0' is invalid. Using default page load timeout: '30'

2022-11-01 19:08:21 - [MESSAGE][PASSED] - Object 'Object Repository/09-Settings/Users/Active User/h4_Delete User' is present

2022-11-01 19:08:21 - [TEST_STEP][PASSED] - delay(4): Delayed 4 second(s)

2022-11-01 19:08:25 - [MESSAGE][PASSED] - Delayed 4 second(s)

2022-11-01 19:08:25 - [TEST_STEP][PASSED] - click(findTestObject("09-Settings/Users/Active User/button_Delete")): Object: 'Object Repository/09-Settings/Users/Active User/button_Delete' is clicked on

2022-11-01 19:08:25 - [MESSAGE][PASSED] - Object: 'Object Repository/09-Settings/Users/Active User/button_Delete' is clicked on

2022-11-01 19:08:25 - [TEST_STEP][PASSED] - delay(3): Delayed 3 second(s)

2022-11-01 19:08:28 - [MESSAGE][PASSED] - Delayed 3 second(s)

2022-11-01 19:08:28 - [TEST_STEP][PASSED] - verifyElementPresent(findTestObject("09-Settings/Users/Active User/div_GTGG tester"), 0): Object 'Object Repository/09-Settings/Users/Active User/div_GTGG tester' is present

2022-11-01 19:08:28 - [MESSAGE][WARNING] - Timeout '0' is invalid. Using default page load timeout: '30'

2022-11-01 19:08:29 - [MESSAGE][PASSED] - Object 'Object Repository/09-Settings/Users/Active User/div_GTGG tester' is present

2022-11-01 19:08:29 - [TEST_STEP][PASSED] - click(findTestObject("09-Settings/Users/Active User/button_ellipses")): Object: 'Object Repository/09-Settings/Users/Active User/button_ellipses' is clicked on

2022-11-01 19:08:29 - [MESSAGE][PASSED] - Object: 'Object Repository/09-Settings/Users/Active User/button_ellipses' is clicked on

2022-11-01 19:08:29 - [TEST_STEP][PASSED] - click(findTestObject("09-Settings/Users/Active User/button_Delete User")): Object: 'Object Repository/09-Settings/Users/Active User/button_Delete User' is clicked on

2022-11-01 19:08:31 - [MESSAGE][PASSED] - Object: 'Object Repository/09-Settings/Users/Active User/button_Delete User' is clicked on

2022-11-01 19:08:31 - [TEST_STEP][PASSED] - verifyElementPresent(findTestObject("09-Settings/Users/Active User/h4_Delete User"), 0): Object 'Object Repository/09-Settings/Users/Active User/h4_Delete User' is present

2022-11-01 19:08:31 - [MESSAGE][WARNING] - Timeout '0' is invalid. Using default page load timeout: '30'

2022-11-01 19:08:32 - [MESSAGE][PASSED] - Object 'Object Repository/09-Settings/Users/Active User/h4_Delete User' is present

2022-11-01 19:08:32 - [TEST_STEP][PASSED] - delay(4): Delayed 4 second(s)

2022-11-01 19:08:36 - [MESSAGE][PASSED] - Delayed 4 second(s)

2022-11-01 19:08:36 - [TEST_STEP][PASSED] - click(findTestObject("09-Settings/Users/Active User/button_Delete")): Object: 'Object Repository/09-Settings/Users/Active User/button_Delete' is clicked on

2022-11-01 19:08:36 - [MESSAGE][PASSED] - Object: 'Object Repository/09-Settings/Users/Active User/button_Delete' is clicked on

2022-11-01 19:08:36 - [TEST_STEP][PASSED] - delay(3): Delayed 3 second(s)

2022-11-01 19:08:39 - [MESSAGE][PASSED] - Delayed 3 second(s)

2022-11-01 19:08:39 - [TEST_STEP][PASSED] - verifyElementPresent(findTestObject("09-Settings/Users/Active User/div_GTGG Tester 3"), 0): Object 'Object Repository/09-Settings/Users/Active User/div_GTGG Tester 3' is present

2022-11-01 19:08:39 - [MESSAGE][WARNING] - Timeout '0' is invalid. Using default page load timeout: '30'

2022-11-01 19:08:39 - [MESSAGE][PASSED] - Object 'Object Repository/09-Settings/Users/Active User/div_GTGG Tester 3' is present

2022-11-01 19:08:39 - [TEST_STEP][PASSED] - click(findTestObject("09-Settings/Users/Active User/button_ellipses")): Object: 'Object Repository/09-Settings/Users/Active User/button_ellipses' is clicked on

2022-11-01 19:08:40 - [MESSAGE][PASSED] - Object: 'Object Repository/09-Settings/Users/Active User/button_ellipses' is clicked on

2022-11-01 19:08:40 - [TEST_STEP][PASSED] - click(findTestObject("09-Settings/Users/Active User/button_Delete User")): Object: 'Object Repository/09-Settings/Users/Active User/button_Delete User' is clicked on

2022-11-01 19:08:40 - [MESSAGE][PASSED] - Object: 'Object Repository/09-Settings/Users/Active User/button_Delete User' is clicked on

2022-11-01 19:08:40 - [TEST_STEP][PASSED] - verifyElementPresent(findTestObject("09-Settings/Users/Active User/h4_Delete User"), 0): Object 'Object Repository/09-Settings/Users/Active User/h4_Delete User' is present

2022-11-01 19:08:40 - [MESSAGE][WARNING] - Timeout '0' is invalid. Using default page load timeout: '30'

2022-11-01 19:08:41 - [MESSAGE][PASSED] - Object 'Object Repository/09-Settings/Users/Active User/h4_Delete User' is present

2022-11-01 19:08:41 - [TEST_STEP][PASSED] - delay(4): Delayed 4 second(s)

2022-11-01 19:08:45 - [MESSAGE][PASSED] - Delayed 4 second(s)

2022-11-01 19:08:45 - [TEST_STEP][PASSED] - click(findTestObject("09-Settings/Users/Active User/button_Delete")): Object: 'Object Repository/09-Settings/Users/Active User/button_Delete' is clicked on

2022-11-01 19:08:46 - [MESSAGE][PASSED] - Object: 'Object Repository/09-Settings/Users/Active User/button_Delete' is clicked on

2022-11-01 19:08:46 - [TEST_STEP][PASSED] - delay(3): Delayed 3 second(s)

2022-11-01 19:08:49 - [MESSAGE][PASSED] - Delayed 3 second(s)

2022-11-01 19:08:49 - [TEST_STEP][PASSED] - verifyElementPresent(findTestObject("09-Settings/Users/Active User/div_GPGG Partner"), 0): Object 'Object Repository/09-Settings/Users/Active User/div_GPGG Partner' is present

2022-11-01 19:08:49 - [MESSAGE][WARNING] - Timeout '0' is invalid. Using default page load timeout: '30'

2022-11-01 19:08:49 - [MESSAGE][PASSED] - Object 'Object Repository/09-Settings/Users/Active User/div_GPGG Partner' is present

2022-11-01 19:08:49 - [TEST_STEP][PASSED] - click(findTestObject("09-Settings/Users/Active User/button_ellipses")): Object: 'Object Repository/09-Settings/Users/Active User/button_ellipses' is clicked on

2022-11-01 19:08:50 - [MESSAGE][PASSED] - Object: 'Object Repository/09-Settings/Users/Active User/button_ellipses' is clicked on

2022-11-01 19:08:50 - [TEST_STEP][PASSED] - click(findTestObject("09-Settings/Users/Active User/button_Delete User")): Object: 'Object Repository/09-Settings/Users/Active User/button_Delete User' is clicked on

2022-11-01 19:08:50 - [MESSAGE][PASSED] - Object: 'Object Repository/09-Settings/Users/Active User/button_Delete User' is clicked on

2022-11-01 19:08:50 - [TEST_STEP][PASSED] - verifyElementPresent(findTestObject("09-Settings/Users/Active User/h4_Delete User"), 0): Object 'Object Repository/09-Settings/Users/Active User/h4_Delete User' is present

2022-11-01 19:08:50 - [MESSAGE][WARNING] - Timeout '0' is invalid. Using default page load timeout: '30'

2022-11-01 19:08:51 - [MESSAGE][PASSED] - Object 'Object Repository/09-Settings/Users/Active User/h4_Delete User' is present

2022-11-01 19:08:51 - [TEST_STEP][PASSED] - delay(4): Delayed 4 second(s)

2022-11-01 19:08:55 - [MESSAGE][PASSED] - Delayed 4 second(s)

2022-11-01 19:08:55 - [TEST_STEP][PASSED] - click(findTestObject("09-Settings/Users/Active User/button_Delete")): Object: 'Object Repository/09-Settings/Users/Active User/button_Delete' is clicked on

2022-11-01 19:08:56 - [MESSAGE][PASSED] - Object: 'Object Repository/09-Settings/Users/Active User/button_Delete' is clicked on

2022-11-01 19:08:56 - [TEST_STEP][PASSED] - delay(3): Delayed 3 second(s)

2022-11-01 19:08:59 - [MESSAGE][PASSED] - Delayed 3 second(s)

2022-11-01 19:08:59 - [TEST_STEP][PASSED] - verifyElementPresent(findTestObject("09-Settings/Users/Active User/div_GCGG Client"), 0): Object 'Object Repository/09-Settings/Users/Active User/div_GCGG Client' is present

2022-11-01 19:08:59 - [MESSAGE][WARNING] - Timeout '0' is invalid. Using default page load timeout: '30'

2022-11-01 19:08:59 - [MESSAGE][PASSED] - Object 'Object Repository/09-Settings/Users/Active User/div_GCGG Client' is present

2022-11-01 19:08:59 - [TEST_STEP][PASSED] - click(findTestObject("09-Settings/Users/Active User/button_ellipses")): Object: 'Object Repository/09-Settings/Users/Active User/button_ellipses' is clicked on

2022-11-01 19:09:00 - [MESSAGE][PASSED] - Object: 'Object Repository/09-Settings/Users/Active User/button_ellipses' is clicked on

2022-11-01 19:09:00 - [TEST_STEP][PASSED] - click(findTestObject("09-Settings/Users/Active User/button_Delete User")): Object: 'Object Repository/09-Settings/Users/Active User/button_Delete User' is clicked on

2022-11-01 19:09:01 - [MESSAGE][PASSED] - Object: 'Object Repository/09-Settings/Users/Active User/button_Delete User' is clicked on

2022-11-01 19:09:01 - [TEST_STEP][PASSED] - verifyElementPresent(findTestObject("09-Settings/Users/Active User/h4_Delete User"), 0): Object 'Object Repository/09-Settings/Users/Active User/h4_Delete User' is present

2022-11-01 19:09:01 - [MESSAGE][WARNING] - Timeout '0' is invalid. Using default page load timeout: '30'

2022-11-01 19:09:02 - [MESSAGE][PASSED] - Object 'Object Repository/09-Settings/Users/Active User/h4_Delete User' is present

2022-11-01 19:09:02 - [TEST_STEP][PASSED] - delay(4): Delayed 4 second(s)

2022-11-01 19:09:06 - [MESSAGE][PASSED] - Delayed 4 second(s)

2022-11-01 19:09:06 - [TEST_STEP][PASSED] - click(findTestObject("09-Settings/Users/Active User/button_Delete")): Object: 'Object Repository/09-Settings/Users/Active User/button_Delete' is clicked on

2022-11-01 19:09:06 - [MESSAGE][PASSED] - Object: 'Object Repository/09-Settings/Users/Active User/button_Delete' is clicked on

2022-11-01 19:09:06 - [TEST_STEP][PASSED] - verifyElementPresent(findTestObject("09-Settings/Users/Active User/span_Successfully deleted user"), 0): Object 'Object Repository/09-Settings/Users/Active User/span_Successfully deleted user' is present

2022-11-01 19:09:06 - [MESSAGE][WARNING] - Timeout '0' is invalid. Using default page load timeout: '30'

2022-11-01 19:09:08 - [MESSAGE][PASSED] - Object 'Object Repository/09-Settings/Users/Active User/span_Successfully deleted user' is present

2022-11-01 19:09:08 - [TEST_STEP][PASSED] - click(findTestObject("09-Settings/Users/Active User/button_OK")): Object: 'Object Repository/09-Settings/Users/Active User/button_OK' is clicked on

2022-11-01 19:09:08 - [MESSAGE][PASSED] - Object: 'Object Repository/09-Settings/Users/Active User/button_OK' is clicked on

2022-11-01 19:09:08 - [TEST_STEP][PASSED] - delay(5): Delayed 5 second(s)

2022-11-01 19:09:14 - [MESSAGE][PASSED] - Delayed 5 second(s)

2022-11-01 19:09:14 - [TEST_STEP][PASSED] - closeBrowser(): Browser is closed

2022-11-01 19:09:14 - [MESSAGE][PASSED] - Browser is closed]]></system-out>
         <system-err><![CDATA[]]></system-err>
      </testcase>
      <system-out><![CDATA[2022-11-01 19:02:57 - [TEST_SUITE][PASSED] - 09.2 - Setttings (Active user): Test Cases/09-Settings/15 - Users (Active User - Delete Active user)]]></system-out>
      <system-err><![CDATA[]]></system-err>
   </testsuite>
</testsuites>
