<?xml version="1.0" encoding="UTF-8"?>
<testsuites name="06.1- Teams - Add" time="282.911" tests="2" failures="0" errors="0">
   <testsuite name="06.1- Teams - Add" tests="2" failures="0" errors="0" time="282.911" skipped="0" timestamp="2023-02-15 10:45:19" hostname="asus - DESKTOP-3L3J9C1" id="Test Suites/TS-Organization/06.1- Teams - Add">
      <properties>
         <property name="deviceName" value=""/>
         <property name="devicePlatform" value=""/>
         <property name="logFolder" value="C:\\Users\\asus\\Katalon Studio\\Everleagues\\Everleagues\\Reports\\20230215_104457\\TS-Organization\\06.1- Teams - Add\\20230215_104457"/>
         <property name="logFiles" value="C:\\Users\\asus\\Katalon Studio\\Everleagues\\Everleagues\\Reports\\20230215_104457\\TS-Organization\\06.1- Teams - Add\\20230215_104457\\execution0.log"/>
         <property name="attachments" value=""/>
         <property name="hostName" value="asus - DESKTOP-3L3J9C1"/>
         <property name="os" value="Windows 10 64bit"/>
         <property name="katalonVersion" value="8.4.1.208"/>
         <property name="browser" value="Chrome 109.0.0.0"/>
         <property name="hostAddress" value="10.5.0.2"/>
         <property name="sessionId" value="a350797214c07b2c4802d0486225b599"/>
         <property name="seleniumVersion" value="3.141.59"/>
         <property name="proxyInformation" value="ProxyInformation { proxyOption=NO_PROXY, proxyServerType=HTTP, username=, password=********, proxyServerAddress=, proxyServerPort=0, executionList=&quot;&quot;, isApplyToDesiredCapabilities=true }"/>
         <property name="platform" value="Windows 10"/>
      </properties>
      <testcase name="Test Cases/06- Teams/01- Add Team- Public" time="203.096" classname="Test Cases/06- Teams/01- Add Team- Public" status="PASSED">
         <system-out><![CDATA[2023-02-15 10:45:20 - [TEST_CASE][PASSED] - Test Cases/06- Teams/01- Add Team- Public: Test Cases/06- Teams/01- Add Team- Public

2023-02-15 10:45:23 - [TEST_STEP][PASSED] - openBrowser(""): Browser is opened with url: ''

2023-02-15 10:45:25 - [MESSAGE][INFO] - Starting 'Chrome' driver

2023-02-15 10:45:25 - [MESSAGE][INFO] - Action delay is set to 0 milliseconds

2023-02-15 10:45:39 - [MESSAGE][PASSED] - Browser is opened with url: ''

2023-02-15 10:45:39 - [TEST_STEP][PASSED] - navigateToUrl("https://lab.everleagues.com/"): Navigate to 'https://lab.everleagues.com/' successfully

2023-02-15 10:46:12 - [MESSAGE][PASSED] - Navigate to 'https://lab.everleagues.com/' successfully

2023-02-15 10:46:12 - [TEST_STEP][PASSED] - maximizeWindow(): Current window maximized

2023-02-15 10:46:13 - [MESSAGE][PASSED] - Current window maximized

2023-02-15 10:46:13 - [TEST_STEP][PASSED] - callTestCase(findTestCase("01-Login and Forgot Password/04-Login(Valid Credentials-With Subscription)"), [:], STOP_ON_FAILURE): Call Test Case 'Test Cases/01-Login and Forgot Password/04-Login(Valid Credentials-With Subscription)' successfully

2023-02-15 10:46:14 - [TEST_CASE][PASSED] - Test Cases/01-Login and Forgot Password/04-Login(Valid Credentials-With Subscription): Test Cases/01-Login and Forgot Password/04-Login(Valid Credentials-With Subscription)

2023-02-15 10:46:17 - [TEST_STEP][PASSED] - setText(findTestObject("01-Login and Forgot Password/input_Email_email"), "testuser02@mailinator.com"): Text 'testuser02@mailinator.com' is set on object 'Object Repository/01-Login and Forgot Password/input_Email_email'

2023-02-15 10:46:23 - [MESSAGE][PASSED] - Text 'testuser02@mailinator.com' is set on object 'Object Repository/01-Login and Forgot Password/input_Email_email'

2023-02-15 10:46:23 - [TEST_STEP][PASSED] - setEncryptedText(findTestObject("01-Login and Forgot Password/input_Email_password"), "8yFRyszE6U6jvsCn51OQbg=="): Text ****** has been set on object 'Object Repository/01-Login and Forgot Password/input_Email_password'

2023-02-15 10:46:25 - [MESSAGE][PASSED] - Text ****** has been set on object 'Object Repository/01-Login and Forgot Password/input_Email_password'

2023-02-15 10:46:25 - [TEST_STEP][PASSED] - delay(2): Delayed 2 second(s)

2023-02-15 10:46:27 - [MESSAGE][PASSED] - Delayed 2 second(s)

2023-02-15 10:46:27 - [TEST_STEP][PASSED] - click(findTestObject("01-Login and Forgot Password/show pass button")): Object: 'Object Repository/01-Login and Forgot Password/show pass button' is clicked on

2023-02-15 10:46:28 - [MESSAGE][PASSED] - Object: 'Object Repository/01-Login and Forgot Password/show pass button' is clicked on

2023-02-15 10:46:28 - [TEST_STEP][PASSED] - delay(3): Delayed 3 second(s)

2023-02-15 10:46:31 - [MESSAGE][PASSED] - Delayed 3 second(s)

2023-02-15 10:46:31 - [TEST_STEP][PASSED] - click(findTestObject("01-Login and Forgot Password/button_Sign in")): Object: 'Object Repository/01-Login and Forgot Password/button_Sign in' is clicked on

2023-02-15 10:46:33 - [MESSAGE][PASSED] - Object: 'Object Repository/01-Login and Forgot Password/button_Sign in' is clicked on

2023-02-15 10:46:33 - [TEST_STEP][PASSED] - delay(3): Delayed 3 second(s)

2023-02-15 10:46:36 - [MESSAGE][PASSED] - Delayed 3 second(s)

2023-02-15 10:46:36 - [TEST_STEP][PASSED] - click(findTestObject("06-Teams/For 2FA/button_Confirm_2FA")): Object: 'Object Repository/06-Teams/For 2FA/button_Confirm_2FA' is clicked on

2023-02-15 10:46:37 - [MESSAGE][PASSED] - Object: 'Object Repository/06-Teams/For 2FA/button_Confirm_2FA' is clicked on

2023-02-15 10:46:37 - [TEST_STEP][PASSED] - executeJavaScript("window.open();", []): Execute JavaScript 'window.open();' successfully

2023-02-15 10:46:37 - [MESSAGE][PASSED] - Execute JavaScript 'window.open();' successfully

2023-02-15 10:46:37 - [TEST_STEP][PASSED] - currentWindow = getWindowIndex(): Current window's index is: 0

2023-02-15 10:46:38 - [MESSAGE][PASSED] - Current window's index is: 0

2023-02-15 10:46:38 - [TEST_STEP][PASSED] - delay(3): Delayed 3 second(s)

2023-02-15 10:46:41 - [MESSAGE][PASSED] - Delayed 3 second(s)

2023-02-15 10:46:41 - [TEST_STEP][PASSED] - switchToWindowIndex(currentWindow + 1): Switched to window with index: '1'

2023-02-15 10:46:41 - [MESSAGE][PASSED] - Switched to window with index: '1'

2023-02-15 10:46:41 - [TEST_STEP][PASSED] - navigateToUrl("https://www.mailinator.com/"): Navigate to 'https://www.mailinator.com/' successfully

2023-02-15 10:46:55 - [MESSAGE][PASSED] - Navigate to 'https://www.mailinator.com/' successfully

2023-02-15 10:46:55 - [TEST_STEP][PASSED] - delay(3): Delayed 3 second(s)

2023-02-15 10:46:58 - [MESSAGE][PASSED] - Delayed 3 second(s)

2023-02-15 10:46:58 - [TEST_STEP][PASSED] - setText(findTestObject("00-Signup and Activation/zMailinator/input_LOGIN_search"), "testuser02@mailinator.com"): Text 'testuser02@mailinator.com' is set on object 'Object Repository/00-Signup and Activation/zMailinator/input_LOGIN_search'

2023-02-15 10:47:00 - [MESSAGE][PASSED] - Text 'testuser02@mailinator.com' is set on object 'Object Repository/00-Signup and Activation/zMailinator/input_LOGIN_search'

2023-02-15 10:47:00 - [TEST_STEP][PASSED] - click(findTestObject("00-Signup and Activation/zMailinator/gobutton"), STOP_ON_FAILURE): Object: 'Object Repository/00-Signup and Activation/zMailinator/gobutton' is clicked on

2023-02-15 10:47:07 - [MESSAGE][PASSED] - Object: 'Object Repository/00-Signup and Activation/zMailinator/gobutton' is clicked on

2023-02-15 10:47:07 - [TEST_STEP][PASSED] - delay(3): Delayed 3 second(s)

2023-02-15 10:47:10 - [MESSAGE][PASSED] - Delayed 3 second(s)

2023-02-15 10:47:10 - [TEST_STEP][PASSED] - click(findTestObject("00-Signup and Activation/zMailinator/Email - everleagues")): Object: 'Object Repository/00-Signup and Activation/zMailinator/Email - everleagues' is clicked on

2023-02-15 10:47:11 - [MESSAGE][PASSED] - Object: 'Object Repository/00-Signup and Activation/zMailinator/Email - everleagues' is clicked on

2023-02-15 10:47:11 - [TEST_STEP][PASSED] - delay(3): Delayed 3 second(s)

2023-02-15 10:47:14 - [MESSAGE][PASSED] - Delayed 3 second(s)

2023-02-15 10:47:14 - [TEST_STEP][PASSED] - code = getText(findTestObject("Object Repository/06-Teams/For 2FA/2FA code")): Text of object 'Object Repository/06-Teams/For 2FA/2FA code' is: '094565'

2023-02-15 10:47:15 - [MESSAGE][PASSED] - Text of object 'Object Repository/06-Teams/For 2FA/2FA code' is: '094565'

2023-02-15 10:47:15 - [TEST_STEP][PASSED] - delay(3): Delayed 3 second(s)

2023-02-15 10:47:18 - [MESSAGE][PASSED] - Delayed 3 second(s)

2023-02-15 10:47:18 - [TEST_STEP][PASSED] - closeWindowTitle("Mailinator"): Window with title: 'Mailinator' is closed

2023-02-15 10:47:19 - [MESSAGE][PASSED] - Window with title: 'Mailinator' is closed

2023-02-15 10:47:19 - [TEST_STEP][PASSED] - delay(3): Delayed 3 second(s)

2023-02-15 10:47:22 - [MESSAGE][PASSED] - Delayed 3 second(s)

2023-02-15 10:47:22 - [TEST_STEP][PASSED] - switchToWindowIndex(0): Switched to window with index: '0'

2023-02-15 10:47:22 - [MESSAGE][PASSED] - Switched to window with index: '0'

2023-02-15 10:47:22 - [TEST_STEP][PASSED] - delay(3): Delayed 3 second(s)

2023-02-15 10:47:25 - [MESSAGE][PASSED] - Delayed 3 second(s)

2023-02-15 10:47:25 - [TEST_STEP][PASSED] - setText(findTestObject("Object Repository/06-Teams/For 2FA/input_Enter verification code_code"), code): Text '094565' is set on object 'Object Repository/06-Teams/For 2FA/input_Enter verification code_code'

2023-02-15 10:47:27 - [MESSAGE][PASSED] - Text '094565' is set on object 'Object Repository/06-Teams/For 2FA/input_Enter verification code_code'

2023-02-15 10:47:27 - [TEST_STEP][PASSED] - delay(3): Delayed 3 second(s)

2023-02-15 10:47:30 - [MESSAGE][PASSED] - Delayed 3 second(s)

2023-02-15 10:47:30 - [TEST_STEP][PASSED] - click(findTestObject("06-Teams/For 2FA/button_Verify_2FA")): Object: 'Object Repository/06-Teams/For 2FA/button_Verify_2FA' is clicked on

2023-02-15 10:47:32 - [MESSAGE][PASSED] - Object: 'Object Repository/06-Teams/For 2FA/button_Verify_2FA' is clicked on

2023-02-15 10:47:32 - [TEST_STEP][PASSED] - delay(3): Delayed 3 second(s)

2023-02-15 10:47:35 - [MESSAGE][PASSED] - Delayed 3 second(s)

2023-02-15 10:47:35 - [MESSAGE][PASSED] - Call Test Case 'Test Cases/01-Login and Forgot Password/04-Login(Valid Credentials-With Subscription)' successfully

2023-02-15 10:47:35 - [TEST_STEP][PASSED] - click(findTestObject("06-Teams/button_doublearrow")): Object: 'Object Repository/06-Teams/button_doublearrow' is clicked on

2023-02-15 10:47:40 - [MESSAGE][PASSED] - Object: 'Object Repository/06-Teams/button_doublearrow' is clicked on

2023-02-15 10:47:40 - [TEST_STEP][PASSED] - click(findTestObject("06-Teams/button_My Organizations")): Object: 'Object Repository/06-Teams/button_My Organizations' is clicked on

2023-02-15 10:47:41 - [MESSAGE][PASSED] - Object: 'Object Repository/06-Teams/button_My Organizations' is clicked on

2023-02-15 10:47:41 - [TEST_STEP][PASSED] - click(findTestObject("06-Teams/button_GG Automation")): Object: 'Object Repository/06-Teams/button_GG Automation' is clicked on

2023-02-15 10:47:42 - [MESSAGE][PASSED] - Object: 'Object Repository/06-Teams/button_GG Automation' is clicked on

2023-02-15 10:47:42 - [TEST_STEP][PASSED] - delay(4): Delayed 4 second(s)

2023-02-15 10:47:46 - [MESSAGE][PASSED] - Delayed 4 second(s)

2023-02-15 10:47:46 - [TEST_STEP][PASSED] - verifyElementVisible(findTestObject("06-Teams/span_GG Automation")): Object 'Object Repository/06-Teams/span_GG Automation' is visible

2023-02-15 10:47:47 - [MESSAGE][PASSED] - Object 'Object Repository/06-Teams/span_GG Automation' is visible

2023-02-15 10:47:47 - [TEST_STEP][PASSED] - delay(2): Delayed 2 second(s)

2023-02-15 10:47:49 - [MESSAGE][PASSED] - Delayed 2 second(s)

2023-02-15 10:47:49 - [TEST_STEP][PASSED] - click(findTestObject("03-Header Menu/Hamburger Button/div_Teams")): Object: 'Object Repository/03-Header Menu/Hamburger Button/div_Teams' is clicked on

2023-02-15 10:47:50 - [MESSAGE][PASSED] - Object: 'Object Repository/03-Header Menu/Hamburger Button/div_Teams' is clicked on

2023-02-15 10:47:50 - [TEST_STEP][PASSED] - delay(2): Delayed 2 second(s)

2023-02-15 10:47:52 - [MESSAGE][PASSED] - Delayed 2 second(s)

2023-02-15 10:47:52 - [TEST_STEP][PASSED] - verifyElementVisible(findTestObject("06-Teams/h4_TEAMS")): Object 'Object Repository/06-Teams/h4_TEAMS' is visible

2023-02-15 10:47:53 - [MESSAGE][PASSED] - Object 'Object Repository/06-Teams/h4_TEAMS' is visible

2023-02-15 10:47:53 - [TEST_STEP][PASSED] - delay(3): Delayed 3 second(s)

2023-02-15 10:47:56 - [MESSAGE][PASSED] - Delayed 3 second(s)

2023-02-15 10:47:56 - [TEST_STEP][PASSED] - click(findTestObject("06-Teams/Add Team")): Object: 'Object Repository/06-Teams/Add Team' is clicked on

2023-02-15 10:47:57 - [MESSAGE][PASSED] - Object: 'Object Repository/06-Teams/Add Team' is clicked on

2023-02-15 10:47:57 - [TEST_STEP][PASSED] - delay(3): Delayed 3 second(s)

2023-02-15 10:48:00 - [MESSAGE][PASSED] - Delayed 3 second(s)

2023-02-15 10:48:00 - [TEST_STEP][PASSED] - verifyElementVisible(findTestObject("06-Teams/button_Public")): Object 'Object Repository/06-Teams/button_Public' is visible

2023-02-15 10:48:01 - [MESSAGE][PASSED] - Object 'Object Repository/06-Teams/button_Public' is visible

2023-02-15 10:48:01 - [TEST_STEP][PASSED] - verifyElementVisible(findTestObject("06-Teams/button_Private")): Object 'Object Repository/06-Teams/button_Private' is visible

2023-02-15 10:48:02 - [MESSAGE][PASSED] - Object 'Object Repository/06-Teams/button_Private' is visible

2023-02-15 10:48:02 - [TEST_STEP][PASSED] - delay(3): Delayed 3 second(s)

2023-02-15 10:48:05 - [MESSAGE][PASSED] - Delayed 3 second(s)

2023-02-15 10:48:05 - [TEST_STEP][PASSED] - click(findTestObject("06-Teams/button_Public")): Object: 'Object Repository/06-Teams/button_Public' is clicked on

2023-02-15 10:48:06 - [MESSAGE][PASSED] - Object: 'Object Repository/06-Teams/button_Public' is clicked on

2023-02-15 10:48:06 - [TEST_STEP][PASSED] - verifyElementVisible(findTestObject("06-Teams/01-Add Team-Public/Add Team_Public")): Object 'Object Repository/06-Teams/01-Add Team-Public/Add Team_Public' is visible

2023-02-15 10:48:07 - [MESSAGE][PASSED] - Object 'Object Repository/06-Teams/01-Add Team-Public/Add Team_Public' is visible

2023-02-15 10:48:07 - [TEST_STEP][PASSED] - scrollToElement(findTestObject("06-Teams/01-Add Team-Public/button_Create"), 0): Scroll to object 'Object Repository/06-Teams/01-Add Team-Public/button_Create' successfully

2023-02-15 10:48:08 - [MESSAGE][WARNING] - Timeout '0' is invalid. Using default page load timeout: '30'

2023-02-15 10:48:09 - [MESSAGE][PASSED] - Scroll to object 'Object Repository/06-Teams/01-Add Team-Public/button_Create' successfully

2023-02-15 10:48:09 - [TEST_STEP][PASSED] - verifyElementNotClickable(findTestObject("06-Teams/01-Add Team-Public/button_Create")): Object 'Object Repository/06-Teams/01-Add Team-Public/button_Create' is NOT clickable

2023-02-15 10:48:10 - [MESSAGE][PASSED] - Object 'Object Repository/06-Teams/01-Add Team-Public/button_Create' is NOT clickable

2023-02-15 10:48:10 - [TEST_STEP][PASSED] - delay(3): Delayed 3 second(s)

2023-02-15 10:48:13 - [MESSAGE][PASSED] - Delayed 3 second(s)

2023-02-15 10:48:13 - [TEST_STEP][PASSED] - click(findTestObject("06-Teams/01-Add Team-Public/input_teamName")): Object: 'Object Repository/06-Teams/01-Add Team-Public/input_teamName' is clicked on

2023-02-15 10:48:14 - [MESSAGE][PASSED] - Object: 'Object Repository/06-Teams/01-Add Team-Public/input_teamName' is clicked on

2023-02-15 10:48:14 - [TEST_STEP][PASSED] - click(findTestObject("06-Teams/01-Add Team-Public/Org unit")): Object: 'Object Repository/06-Teams/01-Add Team-Public/Org unit' is clicked on

2023-02-15 10:48:15 - [MESSAGE][PASSED] - Object: 'Object Repository/06-Teams/01-Add Team-Public/Org unit' is clicked on

2023-02-15 10:48:15 - [TEST_STEP][PASSED] - verifyElementVisible(findTestObject("06-Teams/01-Add Team-Public/h4_Select an organization unit")): Object 'Object Repository/06-Teams/01-Add Team-Public/h4_Select an organization unit' is visible

2023-02-15 10:48:16 - [MESSAGE][PASSED] - Object 'Object Repository/06-Teams/01-Add Team-Public/h4_Select an organization unit' is visible

2023-02-15 10:48:16 - [TEST_STEP][PASSED] - delay(3): Delayed 3 second(s)

2023-02-15 10:48:19 - [MESSAGE][PASSED] - Delayed 3 second(s)

2023-02-15 10:48:19 - [TEST_STEP][PASSED] - click(findTestObject("06-Teams/01-Add Team-Public/div_GG Automation")): Object: 'Object Repository/06-Teams/01-Add Team-Public/div_GG Automation' is clicked on

2023-02-15 10:48:21 - [MESSAGE][PASSED] - Object: 'Object Repository/06-Teams/01-Add Team-Public/div_GG Automation' is clicked on

2023-02-15 10:48:21 - [TEST_STEP][PASSED] - click(findTestObject("06-Teams/01-Add Team-Public/button_Select")): Object: 'Object Repository/06-Teams/01-Add Team-Public/button_Select' is clicked on

2023-02-15 10:48:22 - [MESSAGE][PASSED] - Object: 'Object Repository/06-Teams/01-Add Team-Public/button_Select' is clicked on

2023-02-15 10:48:22 - [TEST_STEP][PASSED] - verifyElementVisible(findTestObject("06-Teams/01-Add Team-Public/Error Team name")): Object 'Object Repository/06-Teams/01-Add Team-Public/Error Team name' is visible

2023-02-15 10:48:23 - [MESSAGE][PASSED] - Object 'Object Repository/06-Teams/01-Add Team-Public/Error Team name' is visible

2023-02-15 10:48:23 - [TEST_STEP][PASSED] - delay(3): Delayed 3 second(s)

2023-02-15 10:48:26 - [MESSAGE][PASSED] - Delayed 3 second(s)

2023-02-15 10:48:26 - [TEST_STEP][PASSED] - setText(findTestObject("06-Teams/01-Add Team-Public/input_teamName"), "Auto Team Public"): Text 'Auto Team Public' is set on object 'Object Repository/06-Teams/01-Add Team-Public/input_teamName'

2023-02-15 10:48:28 - [MESSAGE][PASSED] - Text 'Auto Team Public' is set on object 'Object Repository/06-Teams/01-Add Team-Public/input_teamName'

2023-02-15 10:48:28 - [TEST_STEP][PASSED] - scrollToElement(findTestObject("06-Teams/01-Add Team-Public/button_Create"), 0): Scroll to object 'Object Repository/06-Teams/01-Add Team-Public/button_Create' successfully

2023-02-15 10:48:28 - [MESSAGE][WARNING] - Timeout '0' is invalid. Using default page load timeout: '30'

2023-02-15 10:48:30 - [MESSAGE][PASSED] - Scroll to object 'Object Repository/06-Teams/01-Add Team-Public/button_Create' successfully

2023-02-15 10:48:30 - [TEST_STEP][PASSED] - click(findTestObject("06-Teams/01-Add Team-Public/button_Create")): Object: 'Object Repository/06-Teams/01-Add Team-Public/button_Create' is clicked on

2023-02-15 10:48:31 - [MESSAGE][PASSED] - Object: 'Object Repository/06-Teams/01-Add Team-Public/button_Create' is clicked on

2023-02-15 10:48:31 - [TEST_STEP][PASSED] - delay(3): Delayed 3 second(s)

2023-02-15 10:48:34 - [MESSAGE][PASSED] - Delayed 3 second(s)

2023-02-15 10:48:34 - [TEST_STEP][PASSED] - verifyElementVisible(findTestObject("06-Teams/01-Add Team-Public/span_Successfully added new team")): Object 'Object Repository/06-Teams/01-Add Team-Public/span_Successfully added new team' is visible

2023-02-15 10:48:35 - [MESSAGE][PASSED] - Object 'Object Repository/06-Teams/01-Add Team-Public/span_Successfully added new team' is visible

2023-02-15 10:48:35 - [TEST_STEP][PASSED] - delay(3): Delayed 3 second(s)

2023-02-15 10:48:39 - [MESSAGE][PASSED] - Delayed 3 second(s)

2023-02-15 10:48:39 - [TEST_STEP][PASSED] - verifyElementVisible(findTestObject("06-Teams/01-Add Team-Public/span_Auto Team Public")): Object 'Object Repository/06-Teams/01-Add Team-Public/span_Auto Team Public' is visible

2023-02-15 10:48:40 - [MESSAGE][PASSED] - Object 'Object Repository/06-Teams/01-Add Team-Public/span_Auto Team Public' is visible

2023-02-15 10:48:40 - [TEST_STEP][PASSED] - delay(3): Delayed 3 second(s)

2023-02-15 10:48:43 - [MESSAGE][PASSED] - Delayed 3 second(s)]]></system-out>
         <system-err><![CDATA[]]></system-err>
      </testcase>
      <testcase name="Test Cases/06- Teams/02-Add Team-Private" time="77.893" classname="Test Cases/06- Teams/02-Add Team-Private" status="PASSED">
         <system-out><![CDATA[2023-02-15 10:48:44 - [TEST_CASE][PASSED] - Test Cases/06- Teams/02-Add Team-Private: Test Cases/06- Teams/02-Add Team-Private

2023-02-15 10:48:48 - [TEST_STEP][PASSED] - click(findTestObject("06-Teams/Add Team")): Object: 'Object Repository/06-Teams/Add Team' is clicked on

2023-02-15 10:48:51 - [MESSAGE][PASSED] - Object: 'Object Repository/06-Teams/Add Team' is clicked on

2023-02-15 10:48:51 - [TEST_STEP][PASSED] - delay(3): Delayed 3 second(s)

2023-02-15 10:48:54 - [MESSAGE][PASSED] - Delayed 3 second(s)

2023-02-15 10:48:54 - [TEST_STEP][PASSED] - verifyElementVisible(findTestObject("06-Teams/button_Public")): Object 'Object Repository/06-Teams/button_Public' is visible

2023-02-15 10:48:55 - [MESSAGE][PASSED] - Object 'Object Repository/06-Teams/button_Public' is visible

2023-02-15 10:48:55 - [TEST_STEP][PASSED] - verifyElementVisible(findTestObject("06-Teams/button_Private")): Object 'Object Repository/06-Teams/button_Private' is visible

2023-02-15 10:48:58 - [MESSAGE][PASSED] - Object 'Object Repository/06-Teams/button_Private' is visible

2023-02-15 10:48:58 - [TEST_STEP][PASSED] - delay(3): Delayed 3 second(s)

2023-02-15 10:49:01 - [MESSAGE][PASSED] - Delayed 3 second(s)

2023-02-15 10:49:01 - [TEST_STEP][PASSED] - click(findTestObject("06-Teams/button_Private")): Object: 'Object Repository/06-Teams/button_Private' is clicked on

2023-02-15 10:49:03 - [MESSAGE][PASSED] - Object: 'Object Repository/06-Teams/button_Private' is clicked on

2023-02-15 10:49:03 - [TEST_STEP][PASSED] - delay(3): Delayed 3 second(s)

2023-02-15 10:49:06 - [MESSAGE][PASSED] - Delayed 3 second(s)

2023-02-15 10:49:06 - [TEST_STEP][PASSED] - verifyElementVisible(findTestObject("06-Teams/02-Add Team-Private/Add team- Private")): Object 'Object Repository/06-Teams/02-Add Team-Private/Add team- Private' is visible

2023-02-15 10:49:08 - [MESSAGE][PASSED] - Object 'Object Repository/06-Teams/02-Add Team-Private/Add team- Private' is visible

2023-02-15 10:49:08 - [TEST_STEP][PASSED] - verifyElementVisible(findTestObject("06-Teams/02-Add Team-Private/div_Settings")): Object 'Object Repository/06-Teams/02-Add Team-Private/div_Settings' is visible

2023-02-15 10:49:10 - [MESSAGE][PASSED] - Object 'Object Repository/06-Teams/02-Add Team-Private/div_Settings' is visible

2023-02-15 10:49:10 - [TEST_STEP][PASSED] - verifyElementVisible(findTestObject("06-Teams/02-Add Team-Private/div_Members")): Object 'Object Repository/06-Teams/02-Add Team-Private/div_Members' is visible

2023-02-15 10:49:11 - [MESSAGE][PASSED] - Object 'Object Repository/06-Teams/02-Add Team-Private/div_Members' is visible

2023-02-15 10:49:11 - [TEST_STEP][PASSED] - scrollToElement(findTestObject("06-Teams/01-Add Team-Public/button_Create"), 0): Scroll to object 'Object Repository/06-Teams/01-Add Team-Public/button_Create' successfully

2023-02-15 10:49:11 - [MESSAGE][WARNING] - Timeout '0' is invalid. Using default page load timeout: '30'

2023-02-15 10:49:12 - [MESSAGE][PASSED] - Scroll to object 'Object Repository/06-Teams/01-Add Team-Public/button_Create' successfully

2023-02-15 10:49:12 - [TEST_STEP][PASSED] - verifyElementNotClickable(findTestObject("06-Teams/01-Add Team-Public/button_Create")): Object 'Object Repository/06-Teams/01-Add Team-Public/button_Create' is NOT clickable

2023-02-15 10:49:13 - [MESSAGE][PASSED] - Object 'Object Repository/06-Teams/01-Add Team-Public/button_Create' is NOT clickable

2023-02-15 10:49:13 - [TEST_STEP][PASSED] - delay(3): Delayed 3 second(s)

2023-02-15 10:49:16 - [MESSAGE][PASSED] - Delayed 3 second(s)

2023-02-15 10:49:16 - [TEST_STEP][PASSED] - click(findTestObject("06-Teams/01-Add Team-Public/input_teamName")): Object: 'Object Repository/06-Teams/01-Add Team-Public/input_teamName' is clicked on

2023-02-15 10:49:18 - [MESSAGE][PASSED] - Object: 'Object Repository/06-Teams/01-Add Team-Public/input_teamName' is clicked on

2023-02-15 10:49:18 - [TEST_STEP][PASSED] - click(findTestObject("06-Teams/01-Add Team-Public/Org unit")): Object: 'Object Repository/06-Teams/01-Add Team-Public/Org unit' is clicked on

2023-02-15 10:49:21 - [MESSAGE][PASSED] - Object: 'Object Repository/06-Teams/01-Add Team-Public/Org unit' is clicked on

2023-02-15 10:49:21 - [TEST_STEP][PASSED] - verifyElementVisible(findTestObject("06-Teams/01-Add Team-Public/h4_Select an organization unit")): Object 'Object Repository/06-Teams/01-Add Team-Public/h4_Select an organization unit' is visible

2023-02-15 10:49:22 - [MESSAGE][PASSED] - Object 'Object Repository/06-Teams/01-Add Team-Public/h4_Select an organization unit' is visible

2023-02-15 10:49:22 - [TEST_STEP][PASSED] - delay(3): Delayed 3 second(s)

2023-02-15 10:49:25 - [MESSAGE][PASSED] - Delayed 3 second(s)

2023-02-15 10:49:25 - [TEST_STEP][PASSED] - click(findTestObject("06-Teams/01-Add Team-Public/div_GG Automation")): Object: 'Object Repository/06-Teams/01-Add Team-Public/div_GG Automation' is clicked on

2023-02-15 10:49:26 - [MESSAGE][PASSED] - Object: 'Object Repository/06-Teams/01-Add Team-Public/div_GG Automation' is clicked on

2023-02-15 10:49:26 - [TEST_STEP][PASSED] - click(findTestObject("06-Teams/01-Add Team-Public/button_Select")): Object: 'Object Repository/06-Teams/01-Add Team-Public/button_Select' is clicked on

2023-02-15 10:49:27 - [MESSAGE][PASSED] - Object: 'Object Repository/06-Teams/01-Add Team-Public/button_Select' is clicked on

2023-02-15 10:49:27 - [TEST_STEP][PASSED] - verifyElementVisible(findTestObject("06-Teams/01-Add Team-Public/Error Team name")): Object 'Object Repository/06-Teams/01-Add Team-Public/Error Team name' is visible

2023-02-15 10:49:28 - [MESSAGE][PASSED] - Object 'Object Repository/06-Teams/01-Add Team-Public/Error Team name' is visible

2023-02-15 10:49:28 - [TEST_STEP][PASSED] - delay(3): Delayed 3 second(s)

2023-02-15 10:49:31 - [MESSAGE][PASSED] - Delayed 3 second(s)

2023-02-15 10:49:31 - [TEST_STEP][PASSED] - setText(findTestObject("06-Teams/01-Add Team-Public/input_teamName"), "Auto Team Private"): Text 'Auto Team Private' is set on object 'Object Repository/06-Teams/01-Add Team-Public/input_teamName'

2023-02-15 10:49:35 - [MESSAGE][PASSED] - Text 'Auto Team Private' is set on object 'Object Repository/06-Teams/01-Add Team-Public/input_teamName'

2023-02-15 10:49:35 - [TEST_STEP][PASSED] - delay(3): Delayed 3 second(s)

2023-02-15 10:49:38 - [MESSAGE][PASSED] - Delayed 3 second(s)

2023-02-15 10:49:38 - [TEST_STEP][PASSED] - click(findTestObject("06-Teams/02-Add Team-Private/div_Members")): Object: 'Object Repository/06-Teams/02-Add Team-Private/div_Members' is clicked on

2023-02-15 10:49:40 - [MESSAGE][PASSED] - Object: 'Object Repository/06-Teams/02-Add Team-Private/div_Members' is clicked on

2023-02-15 10:49:40 - [TEST_STEP][PASSED] - verifyElementVisible(findTestObject("06-Teams/02-Add Team-Private/Members dialog box")): Object 'Object Repository/06-Teams/02-Add Team-Private/Members dialog box' is visible

2023-02-15 10:49:41 - [MESSAGE][PASSED] - Object 'Object Repository/06-Teams/02-Add Team-Private/Members dialog box' is visible

2023-02-15 10:49:41 - [TEST_STEP][PASSED] - delay(3): Delayed 3 second(s)

2023-02-15 10:49:44 - [MESSAGE][PASSED] - Delayed 3 second(s)

2023-02-15 10:49:44 - [TEST_STEP][PASSED] - scrollToElement(findTestObject("06-Teams/01-Add Team-Public/button_Create"), 0): Scroll to object 'Object Repository/06-Teams/01-Add Team-Public/button_Create' successfully

2023-02-15 10:49:45 - [MESSAGE][WARNING] - Timeout '0' is invalid. Using default page load timeout: '30'

2023-02-15 10:49:45 - [MESSAGE][PASSED] - Scroll to object 'Object Repository/06-Teams/01-Add Team-Public/button_Create' successfully

2023-02-15 10:49:45 - [TEST_STEP][PASSED] - click(findTestObject("06-Teams/01-Add Team-Public/button_Create")): Object: 'Object Repository/06-Teams/01-Add Team-Public/button_Create' is clicked on

2023-02-15 10:49:47 - [MESSAGE][PASSED] - Object: 'Object Repository/06-Teams/01-Add Team-Public/button_Create' is clicked on

2023-02-15 10:49:47 - [TEST_STEP][PASSED] - verifyElementVisible(findTestObject("06-Teams/01-Add Team-Public/span_Successfully added new team")): Object 'Object Repository/06-Teams/01-Add Team-Public/span_Successfully added new team' is visible

2023-02-15 10:49:51 - [MESSAGE][PASSED] - Object 'Object Repository/06-Teams/01-Add Team-Public/span_Successfully added new team' is visible

2023-02-15 10:49:51 - [TEST_STEP][PASSED] - delay(3): Delayed 3 second(s)

2023-02-15 10:49:54 - [MESSAGE][PASSED] - Delayed 3 second(s)

2023-02-15 10:49:54 - [TEST_STEP][PASSED] - verifyElementVisible(findTestObject("06-Teams/02-Add Team-Private/span_Auto Team Private")): Object 'Object Repository/06-Teams/02-Add Team-Private/span_Auto Team Private' is visible

2023-02-15 10:49:56 - [MESSAGE][PASSED] - Object 'Object Repository/06-Teams/02-Add Team-Private/span_Auto Team Private' is visible

2023-02-15 10:49:56 - [TEST_STEP][PASSED] - delay(3): Delayed 3 second(s)

2023-02-15 10:49:59 - [MESSAGE][PASSED] - Delayed 3 second(s)

2023-02-15 10:49:59 - [TEST_STEP][PASSED] - closeBrowser(): Browser is closed

2023-02-15 10:50:01 - [MESSAGE][PASSED] - Browser is closed]]></system-out>
         <system-err><![CDATA[]]></system-err>
      </testcase>
      <system-out><![CDATA[2023-02-15 10:45:19 - [TEST_SUITE][PASSED] - 06.1- Teams - Add: Test Cases/06- Teams/02-Add Team-Private]]></system-out>
      <system-err><![CDATA[]]></system-err>
   </testsuite>
</testsuites>
