<?xml version="1.0" encoding="UTF-8"?>
<testsuites name="09.1 - Settings (Invite users)" time="1935.641" tests="5" failures="0" errors="0">
   <testsuite name="09.1 - Settings (Invite users)" tests="5" failures="0" errors="0" time="1935.641" skipped="0" timestamp="2022-12-30 16:20:09" hostname="asus - DESKTOP-3L3J9C1" id="Test Suites/TS-Organization/09.1 - Settings (Invite users)">
      <properties>
         <property name="deviceName" value=""/>
         <property name="devicePlatform" value=""/>
         <property name="logFolder" value="C:\\Users\\asus\\Katalon Studio\\Everleagues\\Everleagues\\Reports\\20221230_161952\\TS-Organization\\09.1 - Settings (Invite users)\\20221230_161952"/>
         <property name="logFiles" value="C:\\Users\\asus\\Katalon Studio\\Everleagues\\Everleagues\\Reports\\20221230_161952\\TS-Organization\\09.1 - Settings (Invite users)\\20221230_161952\\execution0.log"/>
         <property name="attachments" value=""/>
         <property name="hostName" value="asus - DESKTOP-3L3J9C1"/>
         <property name="os" value="Windows 10 64bit"/>
         <property name="katalonVersion" value="8.4.1.208"/>
         <property name="browser" value="Chrome 108.0.0.0"/>
         <property name="hostAddress" value="192.168.5.82"/>
         <property name="sessionId" value="f251fe4201e9ad31ee5934969f899def"/>
         <property name="seleniumVersion" value="3.141.59"/>
         <property name="proxyInformation" value="ProxyInformation { proxyOption=NO_PROXY, proxyServerType=HTTP, username=, password=********, proxyServerAddress=, proxyServerPort=0, executionList=&quot;&quot;, isApplyToDesiredCapabilities=true }"/>
         <property name="platform" value="Windows 10"/>
      </properties>
      <testcase name="Test Cases/09-Settings/01 - Users (Invite new user but field are blank)" time="379.078" classname="Test Cases/09-Settings/01 - Users (Invite new user but field are blank)" status="PASSED">
         <system-out><![CDATA[2022-12-30 16:20:10 - [TEST_CASE][PASSED] - Test Cases/09-Settings/01 - Users (Invite new user but field are blank): Test Cases/09-Settings/01 - Users (Invite new user but field are blank)

2022-12-30 16:20:15 - [TEST_STEP][PASSED] - openBrowser(""): Browser is opened with url: ''

2022-12-30 16:20:17 - [MESSAGE][INFO] - Starting 'Chrome' driver

2022-12-30 16:20:17 - [MESSAGE][INFO] - Action delay is set to 0 milliseconds

2022-12-30 16:20:28 - [MESSAGE][PASSED] - Browser is opened with url: ''

2022-12-30 16:20:28 - [TEST_STEP][PASSED] - navigateToUrl("https://lab.everleagues.com/"): Navigate to 'https://lab.everleagues.com/' successfully

2022-12-30 16:24:40 - [MESSAGE][PASSED] - Navigate to 'https://lab.everleagues.com/' successfully

2022-12-30 16:24:40 - [TEST_STEP][PASSED] - maximizeWindow(): Current window maximized

2022-12-30 16:24:40 - [MESSAGE][PASSED] - Current window maximized

2022-12-30 16:24:40 - [TEST_STEP][PASSED] - setText(findTestObject("02-Side Icons(Organization)/Add Contact/Email Field"), "testuser02@mailinator.com"): Text 'testuser02@mailinator.com' is set on object 'Object Repository/02-Side Icons(Organization)/Add Contact/Email Field'

2022-12-30 16:24:43 - [MESSAGE][PASSED] - Text 'testuser02@mailinator.com' is set on object 'Object Repository/02-Side Icons(Organization)/Add Contact/Email Field'

2022-12-30 16:24:43 - [TEST_STEP][PASSED] - setEncryptedText(findTestObject("02-Side Icons(Organization)/Add Contact/Password Field"), "8yFRyszE6U6jvsCn51OQbg=="): Text ****** has been set on object 'Object Repository/02-Side Icons(Organization)/Add Contact/Password Field'

2022-12-30 16:24:45 - [MESSAGE][PASSED] - Text ****** has been set on object 'Object Repository/02-Side Icons(Organization)/Add Contact/Password Field'

2022-12-30 16:24:45 - [TEST_STEP][PASSED] - click(findTestObject("02-Side Icons(Organization)/Add Contact/button_Sign in")): Object: 'Object Repository/02-Side Icons(Organization)/Add Contact/button_Sign in' is clicked on

2022-12-30 16:24:46 - [MESSAGE][PASSED] - Object: 'Object Repository/02-Side Icons(Organization)/Add Contact/button_Sign in' is clicked on

2022-12-30 16:24:46 - [TEST_STEP][PASSED] - delay(2): Delayed 2 second(s)

2022-12-30 16:24:48 - [MESSAGE][PASSED] - Delayed 2 second(s)

2022-12-30 16:24:48 - [TEST_STEP][PASSED] - click(findTestObject("06-Teams/For 2FA/button_Confirm_2FA")): Object: 'Object Repository/06-Teams/For 2FA/button_Confirm_2FA' is clicked on

2022-12-30 16:24:49 - [MESSAGE][PASSED] - Object: 'Object Repository/06-Teams/For 2FA/button_Confirm_2FA' is clicked on

2022-12-30 16:24:49 - [TEST_STEP][PASSED] - executeJavaScript("window.open();", []): Execute JavaScript 'window.open();' successfully

2022-12-30 16:24:49 - [MESSAGE][PASSED] - Execute JavaScript 'window.open();' successfully

2022-12-30 16:24:49 - [TEST_STEP][PASSED] - currentWindow = getWindowIndex(): Current window's index is: 0

2022-12-30 16:24:50 - [MESSAGE][PASSED] - Current window's index is: 0

2022-12-30 16:24:50 - [TEST_STEP][PASSED] - delay(3): Delayed 3 second(s)

2022-12-30 16:24:53 - [MESSAGE][PASSED] - Delayed 3 second(s)

2022-12-30 16:24:53 - [TEST_STEP][PASSED] - switchToWindowIndex(currentWindow + 1): Switched to window with index: '1'

2022-12-30 16:24:53 - [MESSAGE][PASSED] - Switched to window with index: '1'

2022-12-30 16:24:53 - [TEST_STEP][PASSED] - navigateToUrl("https://www.mailinator.com/"): Navigate to 'https://www.mailinator.com/' successfully

2022-12-30 16:25:00 - [MESSAGE][PASSED] - Navigate to 'https://www.mailinator.com/' successfully

2022-12-30 16:25:00 - [TEST_STEP][PASSED] - delay(3): Delayed 3 second(s)

2022-12-30 16:25:03 - [MESSAGE][PASSED] - Delayed 3 second(s)

2022-12-30 16:25:03 - [TEST_STEP][PASSED] - setText(findTestObject("00-Signup and Activation/zMailinator/input_LOGIN_search"), "testuser02@mailinator.com"): Text 'testuser02@mailinator.com' is set on object 'Object Repository/00-Signup and Activation/zMailinator/input_LOGIN_search'

2022-12-30 16:25:04 - [MESSAGE][PASSED] - Text 'testuser02@mailinator.com' is set on object 'Object Repository/00-Signup and Activation/zMailinator/input_LOGIN_search'

2022-12-30 16:25:04 - [TEST_STEP][PASSED] - click(findTestObject("00-Signup and Activation/zMailinator/gobutton"), STOP_ON_FAILURE): Object: 'Object Repository/00-Signup and Activation/zMailinator/gobutton' is clicked on

2022-12-30 16:25:07 - [MESSAGE][PASSED] - Object: 'Object Repository/00-Signup and Activation/zMailinator/gobutton' is clicked on

2022-12-30 16:25:07 - [TEST_STEP][PASSED] - delay(3): Delayed 3 second(s)

2022-12-30 16:25:10 - [MESSAGE][PASSED] - Delayed 3 second(s)

2022-12-30 16:25:10 - [TEST_STEP][PASSED] - click(findTestObject("00-Signup and Activation/zMailinator/Email - everleagues")): Object: 'Object Repository/00-Signup and Activation/zMailinator/Email - everleagues' is clicked on

2022-12-30 16:25:11 - [MESSAGE][PASSED] - Object: 'Object Repository/00-Signup and Activation/zMailinator/Email - everleagues' is clicked on

2022-12-30 16:25:11 - [TEST_STEP][PASSED] - delay(3): Delayed 3 second(s)

2022-12-30 16:25:14 - [MESSAGE][PASSED] - Delayed 3 second(s)

2022-12-30 16:25:14 - [TEST_STEP][PASSED] - code = getText(findTestObject("Object Repository/06-Teams/For 2FA/2FA code")): Text of object 'Object Repository/06-Teams/For 2FA/2FA code' is: '537386'

2022-12-30 16:25:15 - [MESSAGE][PASSED] - Text of object 'Object Repository/06-Teams/For 2FA/2FA code' is: '537386'

2022-12-30 16:25:15 - [TEST_STEP][PASSED] - delay(3): Delayed 3 second(s)

2022-12-30 16:25:18 - [MESSAGE][PASSED] - Delayed 3 second(s)

2022-12-30 16:25:18 - [TEST_STEP][PASSED] - closeWindowTitle("Mailinator"): Window with title: 'Mailinator' is closed

2022-12-30 16:25:19 - [MESSAGE][PASSED] - Window with title: 'Mailinator' is closed

2022-12-30 16:25:19 - [TEST_STEP][PASSED] - delay(3): Delayed 3 second(s)

2022-12-30 16:25:22 - [MESSAGE][PASSED] - Delayed 3 second(s)

2022-12-30 16:25:22 - [TEST_STEP][PASSED] - switchToWindowIndex(0): Switched to window with index: '0'

2022-12-30 16:25:22 - [MESSAGE][PASSED] - Switched to window with index: '0'

2022-12-30 16:25:22 - [TEST_STEP][PASSED] - delay(3): Delayed 3 second(s)

2022-12-30 16:25:25 - [MESSAGE][PASSED] - Delayed 3 second(s)

2022-12-30 16:25:25 - [TEST_STEP][PASSED] - setText(findTestObject("Object Repository/06-Teams/For 2FA/input_Enter verification code_code"), code): Text '537386' is set on object 'Object Repository/06-Teams/For 2FA/input_Enter verification code_code'

2022-12-30 16:25:26 - [MESSAGE][PASSED] - Text '537386' is set on object 'Object Repository/06-Teams/For 2FA/input_Enter verification code_code'

2022-12-30 16:25:26 - [TEST_STEP][PASSED] - delay(3): Delayed 3 second(s)

2022-12-30 16:25:29 - [MESSAGE][PASSED] - Delayed 3 second(s)

2022-12-30 16:25:29 - [TEST_STEP][PASSED] - click(findTestObject("06-Teams/For 2FA/button_Verify_2FA")): Object: 'Object Repository/06-Teams/For 2FA/button_Verify_2FA' is clicked on

2022-12-30 16:25:30 - [MESSAGE][PASSED] - Object: 'Object Repository/06-Teams/For 2FA/button_Verify_2FA' is clicked on

2022-12-30 16:25:30 - [TEST_STEP][PASSED] - delay(5): Delayed 5 second(s)

2022-12-30 16:25:35 - [MESSAGE][PASSED] - Delayed 5 second(s)

2022-12-30 16:25:36 - [TEST_STEP][PASSED] - click(findTestObject("06-Teams/button_doublearrow")): Object: 'Object Repository/06-Teams/button_doublearrow' is clicked on

2022-12-30 16:25:37 - [MESSAGE][PASSED] - Object: 'Object Repository/06-Teams/button_doublearrow' is clicked on

2022-12-30 16:25:37 - [TEST_STEP][PASSED] - click(findTestObject("06-Teams/button_My Organizations")): Object: 'Object Repository/06-Teams/button_My Organizations' is clicked on

2022-12-30 16:25:39 - [MESSAGE][PASSED] - Object: 'Object Repository/06-Teams/button_My Organizations' is clicked on

2022-12-30 16:25:39 - [TEST_STEP][PASSED] - click(findTestObject("06-Teams/button_GG Automation")): Object: 'Object Repository/06-Teams/button_GG Automation' is clicked on

2022-12-30 16:25:40 - [MESSAGE][PASSED] - Object: 'Object Repository/06-Teams/button_GG Automation' is clicked on

2022-12-30 16:25:40 - [TEST_STEP][PASSED] - delay(4): Delayed 4 second(s)

2022-12-30 16:25:44 - [MESSAGE][PASSED] - Delayed 4 second(s)

2022-12-30 16:25:44 - [TEST_STEP][PASSED] - verifyElementVisible(findTestObject("06-Teams/span_GG Automation")): Object 'Object Repository/06-Teams/span_GG Automation' is visible

2022-12-30 16:25:45 - [MESSAGE][PASSED] - Object 'Object Repository/06-Teams/span_GG Automation' is visible

2022-12-30 16:25:45 - [TEST_STEP][PASSED] - delay(5): Delayed 5 second(s)

2022-12-30 16:25:50 - [MESSAGE][PASSED] - Delayed 5 second(s)

2022-12-30 16:25:50 - [TEST_STEP][PASSED] - click(findTestObject("03-Header Menu/Hamburger Button/div_Settings")): Object: 'Object Repository/03-Header Menu/Hamburger Button/div_Settings' is clicked on

2022-12-30 16:25:51 - [MESSAGE][PASSED] - Object: 'Object Repository/03-Header Menu/Hamburger Button/div_Settings' is clicked on

2022-12-30 16:25:51 - [TEST_STEP][PASSED] - verifyElementVisible(findTestObject("09-Settings/Users/div_Organization")): Object 'Object Repository/09-Settings/Users/div_Organization' is visible

2022-12-30 16:25:53 - [MESSAGE][PASSED] - Object 'Object Repository/09-Settings/Users/div_Organization' is visible

2022-12-30 16:25:53 - [TEST_STEP][PASSED] - verifyElementVisible(findTestObject("09-Settings/Users/div_Organization Units")): Object 'Object Repository/09-Settings/Users/div_Organization Units' is visible

2022-12-30 16:25:54 - [MESSAGE][PASSED] - Object 'Object Repository/09-Settings/Users/div_Organization Units' is visible

2022-12-30 16:25:54 - [TEST_STEP][PASSED] - scrollToElement(findTestObject("09-Settings/Users/div_Subscriptions"), 0): Scroll to object 'Object Repository/09-Settings/Users/div_Subscriptions' successfully

2022-12-30 16:25:55 - [MESSAGE][WARNING] - Timeout '0' is invalid. Using default page load timeout: '30'

2022-12-30 16:25:56 - [MESSAGE][PASSED] - Scroll to object 'Object Repository/09-Settings/Users/div_Subscriptions' successfully

2022-12-30 16:25:56 - [TEST_STEP][PASSED] - verifyElementVisible(findTestObject("09-Settings/Users/div_Subscriptions")): Object 'Object Repository/09-Settings/Users/div_Subscriptions' is visible

2022-12-30 16:25:57 - [MESSAGE][PASSED] - Object 'Object Repository/09-Settings/Users/div_Subscriptions' is visible

2022-12-30 16:25:57 - [TEST_STEP][PASSED] - verifyElementVisible(findTestObject("09-Settings/Users/div_Users")): Object 'Object Repository/09-Settings/Users/div_Users' is visible

2022-12-30 16:25:57 - [MESSAGE][PASSED] - Object 'Object Repository/09-Settings/Users/div_Users' is visible

2022-12-30 16:25:57 - [TEST_STEP][PASSED] - delay(3): Delayed 3 second(s)

2022-12-30 16:26:00 - [MESSAGE][PASSED] - Delayed 3 second(s)

2022-12-30 16:26:00 - [TEST_STEP][PASSED] - click(findTestObject("09-Settings/Users/div_Users")): Object: 'Object Repository/09-Settings/Users/div_Users' is clicked on

2022-12-30 16:26:03 - [MESSAGE][PASSED] - Object: 'Object Repository/09-Settings/Users/div_Users' is clicked on

2022-12-30 16:26:03 - [TEST_STEP][PASSED] - verifyElementVisible(findTestObject("09-Settings/Users/h4_USERS")): Object 'Object Repository/09-Settings/Users/h4_USERS' is visible

2022-12-30 16:26:05 - [MESSAGE][PASSED] - Object 'Object Repository/09-Settings/Users/h4_USERS' is visible

2022-12-30 16:26:05 - [TEST_STEP][PASSED] - verifyElementVisible(findTestObject("09-Settings/Users/User Page")): Object 'Object Repository/09-Settings/Users/User Page' is visible

2022-12-30 16:26:07 - [MESSAGE][PASSED] - Object 'Object Repository/09-Settings/Users/User Page' is visible

2022-12-30 16:26:07 - [TEST_STEP][PASSED] - delay(3): Delayed 3 second(s)

2022-12-30 16:26:10 - [MESSAGE][PASSED] - Delayed 3 second(s)

2022-12-30 16:26:10 - [TEST_STEP][PASSED] - click(findTestObject("09-Settings/Users/button_add")): Object: 'Object Repository/09-Settings/Users/button_add' is clicked on

2022-12-30 16:26:11 - [MESSAGE][PASSED] - Object: 'Object Repository/09-Settings/Users/button_add' is clicked on

2022-12-30 16:26:11 - [TEST_STEP][PASSED] - verifyElementVisible(findTestObject("09-Settings/Users/User Invitation modal")): Object 'Object Repository/09-Settings/Users/User Invitation modal' is visible

2022-12-30 16:26:12 - [MESSAGE][PASSED] - Object 'Object Repository/09-Settings/Users/User Invitation modal' is visible

2022-12-30 16:26:12 - [TEST_STEP][PASSED] - delay(3): Delayed 3 second(s)

2022-12-30 16:26:15 - [MESSAGE][PASSED] - Delayed 3 second(s)

2022-12-30 16:26:15 - [TEST_STEP][PASSED] - click(findTestObject("09-Settings/Users/add Invite a single user")): Object: 'Object Repository/09-Settings/Users/add Invite a single user' is clicked on

2022-12-30 16:26:16 - [MESSAGE][PASSED] - Object: 'Object Repository/09-Settings/Users/add Invite a single user' is clicked on

2022-12-30 16:26:16 - [TEST_STEP][PASSED] - verifyElementVisible(findTestObject("09-Settings/Users/Invite new user modal")): Object 'Object Repository/09-Settings/Users/Invite new user modal' is visible

2022-12-30 16:26:17 - [MESSAGE][PASSED] - Object 'Object Repository/09-Settings/Users/Invite new user modal' is visible

2022-12-30 16:26:17 - [TEST_STEP][PASSED] - click(findTestObject("09-Settings/Users/input_email")): Object: 'Object Repository/09-Settings/Users/input_email' is clicked on

2022-12-30 16:26:20 - [MESSAGE][PASSED] - Object: 'Object Repository/09-Settings/Users/input_email' is clicked on

2022-12-30 16:26:20 - [TEST_STEP][PASSED] - click(findTestObject("09-Settings/Users/input_firstName")): Object: 'Object Repository/09-Settings/Users/input_firstName' is clicked on

2022-12-30 16:26:21 - [MESSAGE][PASSED] - Object: 'Object Repository/09-Settings/Users/input_firstName' is clicked on

2022-12-30 16:26:21 - [TEST_STEP][PASSED] - click(findTestObject("09-Settings/Users/input_lastName")): Object: 'Object Repository/09-Settings/Users/input_lastName' is clicked on

2022-12-30 16:26:23 - [MESSAGE][PASSED] - Object: 'Object Repository/09-Settings/Users/input_lastName' is clicked on

2022-12-30 16:26:23 - [TEST_STEP][PASSED] - click(findTestObject("09-Settings/Users/span_Role")): Object: 'Object Repository/09-Settings/Users/span_Role' is clicked on

2022-12-30 16:26:24 - [MESSAGE][PASSED] - Object: 'Object Repository/09-Settings/Users/span_Role' is clicked on

2022-12-30 16:26:24 - [TEST_STEP][PASSED] - clickOffset(findTestObject("09-Settings/Users/h4_Invite New User"), 100, 100): Object: 'Object Repository/09-Settings/Users/h4_Invite New User' is clicked on using offset x=100 and y=100

2022-12-30 16:26:25 - [MESSAGE][PASSED] - Object: 'Object Repository/09-Settings/Users/h4_Invite New User' is clicked on using offset x=100 and y=100

2022-12-30 16:26:25 - [TEST_STEP][PASSED] - verifyElementVisible(findTestObject("09-Settings/Users/Email required")): Object 'Object Repository/09-Settings/Users/Email required' is visible

2022-12-30 16:26:27 - [MESSAGE][PASSED] - Object 'Object Repository/09-Settings/Users/Email required' is visible

2022-12-30 16:26:27 - [TEST_STEP][PASSED] - verifyElementVisible(findTestObject("09-Settings/Users/Firstname required")): Object 'Object Repository/09-Settings/Users/Firstname required' is visible

2022-12-30 16:26:27 - [MESSAGE][PASSED] - Object 'Object Repository/09-Settings/Users/Firstname required' is visible

2022-12-30 16:26:27 - [TEST_STEP][PASSED] - verifyElementVisible(findTestObject("09-Settings/Users/last name required")): Object 'Object Repository/09-Settings/Users/last name required' is visible

2022-12-30 16:26:28 - [MESSAGE][PASSED] - Object 'Object Repository/09-Settings/Users/last name required' is visible

2022-12-30 16:26:28 - [TEST_STEP][PASSED] - verifyElementVisible(findTestObject("09-Settings/Users/error_Select a role")): Object 'Object Repository/09-Settings/Users/error_Select a role' is visible

2022-12-30 16:26:29 - [MESSAGE][PASSED] - Object 'Object Repository/09-Settings/Users/error_Select a role' is visible]]></system-out>
         <system-err><![CDATA[]]></system-err>
      </testcase>
      <testcase name="Test Cases/09-Settings/02 - Users (Invite new user as co worker)" time="178.975" classname="Test Cases/09-Settings/02 - Users (Invite new user as co worker)" status="PASSED">
         <system-out><![CDATA[2022-12-30 16:26:29 - [TEST_CASE][PASSED] - Test Cases/09-Settings/02 - Users (Invite new user as co worker): Test Cases/09-Settings/02 - Users (Invite new user as co worker)

2022-12-30 16:26:31 - [TEST_STEP][PASSED] - delay(3): Delayed 3 second(s)

2022-12-30 16:26:34 - [MESSAGE][PASSED] - Delayed 3 second(s)

2022-12-30 16:26:34 - [TEST_STEP][PASSED] - setText(findTestObject("09-Settings/Users/input_email"), "autotester04@mailinator.com"): Text 'autotester04@mailinator.com' is set on object 'Object Repository/09-Settings/Users/input_email'

2022-12-30 16:26:37 - [MESSAGE][PASSED] - Text 'autotester04@mailinator.com' is set on object 'Object Repository/09-Settings/Users/input_email'

2022-12-30 16:26:37 - [TEST_STEP][PASSED] - setText(findTestObject("09-Settings/Users/input_firstName"), "GG"): Text 'GG' is set on object 'Object Repository/09-Settings/Users/input_firstName'

2022-12-30 16:26:39 - [MESSAGE][PASSED] - Text 'GG' is set on object 'Object Repository/09-Settings/Users/input_firstName'

2022-12-30 16:26:39 - [TEST_STEP][PASSED] - setText(findTestObject("09-Settings/Users/input_lastName"), "Auto Contact 2"): Text 'Auto Contact 2' is set on object 'Object Repository/09-Settings/Users/input_lastName'

2022-12-30 16:26:41 - [MESSAGE][PASSED] - Text 'Auto Contact 2' is set on object 'Object Repository/09-Settings/Users/input_lastName'

2022-12-30 16:26:41 - [TEST_STEP][PASSED] - click(findTestObject("09-Settings/Users/span_Role")): Object: 'Object Repository/09-Settings/Users/span_Role' is clicked on

2022-12-30 16:26:42 - [MESSAGE][PASSED] - Object: 'Object Repository/09-Settings/Users/span_Role' is clicked on

2022-12-30 16:26:42 - [TEST_STEP][PASSED] - click(findTestObject("09-Settings/Users/span_CoWorker")): Object: 'Object Repository/09-Settings/Users/span_CoWorker' is clicked on

2022-12-30 16:26:43 - [MESSAGE][PASSED] - Object: 'Object Repository/09-Settings/Users/span_CoWorker' is clicked on

2022-12-30 16:26:43 - [TEST_STEP][PASSED] - click(findTestObject("09-Settings/Users/button_Send Invitation")): Object: 'Object Repository/09-Settings/Users/button_Send Invitation' is clicked on

2022-12-30 16:26:44 - [MESSAGE][PASSED] - Object: 'Object Repository/09-Settings/Users/button_Send Invitation' is clicked on

2022-12-30 16:26:44 - [TEST_STEP][PASSED] - delay(2): Delayed 2 second(s)

2022-12-30 16:26:46 - [MESSAGE][PASSED] - Delayed 2 second(s)

2022-12-30 16:26:46 - [TEST_STEP][PASSED] - verifyElementVisible(findTestObject("07-Directory/Connections/zContact Profile/Successfully invited user")): Object 'Object Repository/07-Directory/Connections/zContact Profile/Successfully invited user' is visible

2022-12-30 16:26:48 - [MESSAGE][PASSED] - Object 'Object Repository/07-Directory/Connections/zContact Profile/Successfully invited user' is visible

2022-12-30 16:26:48 - [TEST_STEP][PASSED] - delay(2): Delayed 2 second(s)

2022-12-30 16:26:50 - [MESSAGE][PASSED] - Delayed 2 second(s)

2022-12-30 16:26:50 - [TEST_STEP][PASSED] - executeJavaScript("window.open();", []): Execute JavaScript 'window.open();' successfully

2022-12-30 16:26:51 - [MESSAGE][PASSED] - Execute JavaScript 'window.open();' successfully

2022-12-30 16:26:51 - [TEST_STEP][PASSED] - currentWindow = getWindowIndex(): Current window's index is: 0

2022-12-30 16:26:51 - [MESSAGE][PASSED] - Current window's index is: 0

2022-12-30 16:26:51 - [TEST_STEP][PASSED] - delay(3): Delayed 3 second(s)

2022-12-30 16:26:54 - [MESSAGE][PASSED] - Delayed 3 second(s)

2022-12-30 16:26:54 - [TEST_STEP][PASSED] - switchToWindowIndex(currentWindow + 1): Switched to window with index: '1'

2022-12-30 16:26:54 - [MESSAGE][PASSED] - Switched to window with index: '1'

2022-12-30 16:26:54 - [TEST_STEP][PASSED] - navigateToUrl("https://www.mailinator.com/"): Navigate to 'https://www.mailinator.com/' successfully

2022-12-30 16:26:59 - [MESSAGE][PASSED] - Navigate to 'https://www.mailinator.com/' successfully

2022-12-30 16:26:59 - [TEST_STEP][PASSED] - delay(3): Delayed 3 second(s)

2022-12-30 16:27:02 - [MESSAGE][PASSED] - Delayed 3 second(s)

2022-12-30 16:27:02 - [TEST_STEP][PASSED] - setText(findTestObject("00-Signup and Activation/zMailinator/input_LOGIN_search"), "autotester04@mailinator.com"): Text 'autotester04@mailinator.com' is set on object 'Object Repository/00-Signup and Activation/zMailinator/input_LOGIN_search'

2022-12-30 16:27:04 - [MESSAGE][PASSED] - Text 'autotester04@mailinator.com' is set on object 'Object Repository/00-Signup and Activation/zMailinator/input_LOGIN_search'

2022-12-30 16:27:04 - [TEST_STEP][PASSED] - click(findTestObject("00-Signup and Activation/zMailinator/gobutton"), STOP_ON_FAILURE): Object: 'Object Repository/00-Signup and Activation/zMailinator/gobutton' is clicked on

2022-12-30 16:27:06 - [MESSAGE][PASSED] - Object: 'Object Repository/00-Signup and Activation/zMailinator/gobutton' is clicked on

2022-12-30 16:27:06 - [TEST_STEP][PASSED] - delay(3): Delayed 3 second(s)

2022-12-30 16:27:09 - [MESSAGE][PASSED] - Delayed 3 second(s)

2022-12-30 16:27:09 - [TEST_STEP][PASSED] - closeWindowTitle("Everleagues"): Window with title: 'Everleagues' is closed

2022-12-30 16:27:10 - [MESSAGE][PASSED] - Window with title: 'Everleagues' is closed

2022-12-30 16:27:10 - [TEST_STEP][PASSED] - switchToWindowIndex(0): Switched to window with index: '0'

2022-12-30 16:27:10 - [MESSAGE][PASSED] - Switched to window with index: '0'

2022-12-30 16:27:10 - [TEST_STEP][PASSED] - click(findTestObject("09-Settings/Users/Co worker/td_Invitation from GG Automation")): Object: 'Object Repository/09-Settings/Users/Co worker/td_Invitation from GG Automation' is clicked on

2022-12-30 16:27:11 - [MESSAGE][PASSED] - Object: 'Object Repository/09-Settings/Users/Co worker/td_Invitation from GG Automation' is clicked on

2022-12-30 16:27:11 - [TEST_STEP][PASSED] - click(findTestObject("09-Settings/Users/Co worker/a_Click here to join GG Automation on EverLeagues")): Object: 'Object Repository/09-Settings/Users/Co worker/a_Click here to join GG Automation on EverLeagues' is clicked on

2022-12-30 16:27:12 - [MESSAGE][PASSED] - Object: 'Object Repository/09-Settings/Users/Co worker/a_Click here to join GG Automation on EverLeagues' is clicked on

2022-12-30 16:27:13 - [TEST_STEP][PASSED] - closeWindowTitle("Mailinator"): Window with title: 'Mailinator' is closed

2022-12-30 16:27:13 - [MESSAGE][PASSED] - Window with title: 'Mailinator' is closed

2022-12-30 16:27:13 - [TEST_STEP][PASSED] - switchToWindowIndex(0): Switched to window with index: '0'

2022-12-30 16:27:13 - [MESSAGE][PASSED] - Switched to window with index: '0'

2022-12-30 16:27:13 - [TEST_STEP][PASSED] - verifyElementVisible(findTestObject("09-Settings/Users/Co worker/Logout before proceed modal")): Object 'Object Repository/09-Settings/Users/Co worker/Logout before proceed modal' is visible

2022-12-30 16:27:36 - [MESSAGE][PASSED] - Object 'Object Repository/09-Settings/Users/Co worker/Logout before proceed modal' is visible

2022-12-30 16:27:36 - [TEST_STEP][PASSED] - click(findTestObject("09-Settings/Users/Co worker/button_Yes")): Object: 'Object Repository/09-Settings/Users/Co worker/button_Yes' is clicked on

2022-12-30 16:27:38 - [MESSAGE][PASSED] - Object: 'Object Repository/09-Settings/Users/Co worker/button_Yes' is clicked on

2022-12-30 16:27:38 - [TEST_STEP][PASSED] - delay(3): Delayed 3 second(s)

2022-12-30 16:27:41 - [MESSAGE][PASSED] - Delayed 3 second(s)

2022-12-30 16:27:41 - [TEST_STEP][PASSED] - setText(findTestObject("09-Settings/Users/Co worker/input_Email_email"), "autotester04@mailinator.com"): Text 'autotester04@mailinator.com' is set on object 'Object Repository/09-Settings/Users/Co worker/input_Email_email'

2022-12-30 16:27:42 - [MESSAGE][PASSED] - Text 'autotester04@mailinator.com' is set on object 'Object Repository/09-Settings/Users/Co worker/input_Email_email'

2022-12-30 16:27:42 - [TEST_STEP][PASSED] - setEncryptedText(findTestObject("09-Settings/Users/Co worker/input__password"), "8yFRyszE6U6jvsCn51OQbg=="): Text ****** has been set on object 'Object Repository/09-Settings/Users/Co worker/input__password'

2022-12-30 16:27:44 - [MESSAGE][PASSED] - Text ****** has been set on object 'Object Repository/09-Settings/Users/Co worker/input__password'

2022-12-30 16:27:44 - [TEST_STEP][PASSED] - click(findTestObject("02-Side Icons(Organization)/Add Contact/button_Sign in")): Object: 'Object Repository/02-Side Icons(Organization)/Add Contact/button_Sign in' is clicked on

2022-12-30 16:27:44 - [MESSAGE][PASSED] - Object: 'Object Repository/02-Side Icons(Organization)/Add Contact/button_Sign in' is clicked on

2022-12-30 16:27:44 - [TEST_STEP][PASSED] - delay(2): Delayed 2 second(s)

2022-12-30 16:27:46 - [MESSAGE][PASSED] - Delayed 2 second(s)

2022-12-30 16:27:46 - [TEST_STEP][PASSED] - click(findTestObject("06-Teams/For 2FA/button_Confirm_2FA")): Object: 'Object Repository/06-Teams/For 2FA/button_Confirm_2FA' is clicked on

2022-12-30 16:27:47 - [MESSAGE][PASSED] - Object: 'Object Repository/06-Teams/For 2FA/button_Confirm_2FA' is clicked on

2022-12-30 16:27:47 - [TEST_STEP][PASSED] - executeJavaScript("window.open();", []): Execute JavaScript 'window.open();' successfully

2022-12-30 16:27:48 - [MESSAGE][PASSED] - Execute JavaScript 'window.open();' successfully

2022-12-30 16:27:48 - [TEST_STEP][PASSED] - currentWindow = getWindowIndex(): Current window's index is: 0

2022-12-30 16:27:48 - [MESSAGE][PASSED] - Current window's index is: 0

2022-12-30 16:27:48 - [TEST_STEP][PASSED] - delay(3): Delayed 3 second(s)

2022-12-30 16:27:51 - [MESSAGE][PASSED] - Delayed 3 second(s)

2022-12-30 16:27:51 - [TEST_STEP][PASSED] - switchToWindowIndex(currentWindow + 1): Switched to window with index: '1'

2022-12-30 16:27:51 - [MESSAGE][PASSED] - Switched to window with index: '1'

2022-12-30 16:27:51 - [TEST_STEP][PASSED] - navigateToUrl("https://www.mailinator.com/"): Navigate to 'https://www.mailinator.com/' successfully

2022-12-30 16:27:57 - [MESSAGE][PASSED] - Navigate to 'https://www.mailinator.com/' successfully

2022-12-30 16:27:57 - [TEST_STEP][PASSED] - delay(3): Delayed 3 second(s)

2022-12-30 16:28:00 - [MESSAGE][PASSED] - Delayed 3 second(s)

2022-12-30 16:28:00 - [TEST_STEP][PASSED] - setText(findTestObject("00-Signup and Activation/zMailinator/input_LOGIN_search"), "autotester04@mailinator.com"): Text 'autotester04@mailinator.com' is set on object 'Object Repository/00-Signup and Activation/zMailinator/input_LOGIN_search'

2022-12-30 16:28:02 - [MESSAGE][PASSED] - Text 'autotester04@mailinator.com' is set on object 'Object Repository/00-Signup and Activation/zMailinator/input_LOGIN_search'

2022-12-30 16:28:02 - [TEST_STEP][PASSED] - click(findTestObject("00-Signup and Activation/zMailinator/gobutton"), STOP_ON_FAILURE): Object: 'Object Repository/00-Signup and Activation/zMailinator/gobutton' is clicked on

2022-12-30 16:28:05 - [MESSAGE][PASSED] - Object: 'Object Repository/00-Signup and Activation/zMailinator/gobutton' is clicked on

2022-12-30 16:28:05 - [TEST_STEP][PASSED] - delay(3): Delayed 3 second(s)

2022-12-30 16:28:08 - [MESSAGE][PASSED] - Delayed 3 second(s)

2022-12-30 16:28:08 - [TEST_STEP][PASSED] - click(findTestObject("00-Signup and Activation/zMailinator/Email - everleagues")): Object: 'Object Repository/00-Signup and Activation/zMailinator/Email - everleagues' is clicked on

2022-12-30 16:28:08 - [MESSAGE][PASSED] - Object: 'Object Repository/00-Signup and Activation/zMailinator/Email - everleagues' is clicked on

2022-12-30 16:28:08 - [TEST_STEP][PASSED] - delay(3): Delayed 3 second(s)

2022-12-30 16:28:11 - [MESSAGE][PASSED] - Delayed 3 second(s)

2022-12-30 16:28:11 - [TEST_STEP][PASSED] - codetwo = getText(findTestObject("Object Repository/06-Teams/For 2FA/2FA code")): Text of object 'Object Repository/06-Teams/For 2FA/2FA code' is: '747304'

2022-12-30 16:28:12 - [MESSAGE][PASSED] - Text of object 'Object Repository/06-Teams/For 2FA/2FA code' is: '747304'

2022-12-30 16:28:12 - [TEST_STEP][PASSED] - delay(3): Delayed 3 second(s)

2022-12-30 16:28:15 - [MESSAGE][PASSED] - Delayed 3 second(s)

2022-12-30 16:28:15 - [TEST_STEP][PASSED] - closeWindowTitle("Mailinator"): Window with title: 'Mailinator' is closed

2022-12-30 16:28:16 - [MESSAGE][PASSED] - Window with title: 'Mailinator' is closed

2022-12-30 16:28:16 - [TEST_STEP][PASSED] - delay(3): Delayed 3 second(s)

2022-12-30 16:28:19 - [MESSAGE][PASSED] - Delayed 3 second(s)

2022-12-30 16:28:19 - [TEST_STEP][PASSED] - switchToWindowIndex(0): Switched to window with index: '0'

2022-12-30 16:28:19 - [MESSAGE][PASSED] - Switched to window with index: '0'

2022-12-30 16:28:19 - [TEST_STEP][PASSED] - delay(3): Delayed 3 second(s)

2022-12-30 16:28:22 - [MESSAGE][PASSED] - Delayed 3 second(s)

2022-12-30 16:28:22 - [TEST_STEP][PASSED] - setText(findTestObject("Object Repository/06-Teams/For 2FA/input_Enter verification code_code"), codetwo): Text '747304' is set on object 'Object Repository/06-Teams/For 2FA/input_Enter verification code_code'

2022-12-30 16:28:24 - [MESSAGE][PASSED] - Text '747304' is set on object 'Object Repository/06-Teams/For 2FA/input_Enter verification code_code'

2022-12-30 16:28:24 - [TEST_STEP][PASSED] - delay(3): Delayed 3 second(s)

2022-12-30 16:28:27 - [MESSAGE][PASSED] - Delayed 3 second(s)

2022-12-30 16:28:27 - [TEST_STEP][PASSED] - click(findTestObject("06-Teams/For 2FA/button_Verify_2FA")): Object: 'Object Repository/06-Teams/For 2FA/button_Verify_2FA' is clicked on

2022-12-30 16:28:28 - [MESSAGE][PASSED] - Object: 'Object Repository/06-Teams/For 2FA/button_Verify_2FA' is clicked on

2022-12-30 16:28:28 - [TEST_STEP][PASSED] - delay(5): Delayed 5 second(s)

2022-12-30 16:28:33 - [MESSAGE][PASSED] - Delayed 5 second(s)

2022-12-30 16:28:33 - [TEST_STEP][PASSED] - executeJavaScript("window.open();", []): Execute JavaScript 'window.open();' successfully

2022-12-30 16:28:33 - [MESSAGE][PASSED] - Execute JavaScript 'window.open();' successfully

2022-12-30 16:28:33 - [TEST_STEP][PASSED] - currentWindow = getWindowIndex(): Current window's index is: 0

2022-12-30 16:28:33 - [MESSAGE][PASSED] - Current window's index is: 0

2022-12-30 16:28:33 - [TEST_STEP][PASSED] - delay(3): Delayed 3 second(s)

2022-12-30 16:28:36 - [MESSAGE][PASSED] - Delayed 3 second(s)

2022-12-30 16:28:36 - [TEST_STEP][PASSED] - switchToWindowIndex(currentWindow + 1): Switched to window with index: '1'

2022-12-30 16:28:36 - [MESSAGE][PASSED] - Switched to window with index: '1'

2022-12-30 16:28:36 - [TEST_STEP][PASSED] - navigateToUrl("https://www.mailinator.com/"): Navigate to 'https://www.mailinator.com/' successfully

2022-12-30 16:28:41 - [MESSAGE][PASSED] - Navigate to 'https://www.mailinator.com/' successfully

2022-12-30 16:28:41 - [TEST_STEP][PASSED] - delay(3): Delayed 3 second(s)

2022-12-30 16:28:44 - [MESSAGE][PASSED] - Delayed 3 second(s)

2022-12-30 16:28:44 - [TEST_STEP][PASSED] - setText(findTestObject("00-Signup and Activation/zMailinator/input_LOGIN_search"), "autotester04@mailinator.com"): Text 'autotester04@mailinator.com' is set on object 'Object Repository/00-Signup and Activation/zMailinator/input_LOGIN_search'

2022-12-30 16:28:45 - [MESSAGE][PASSED] - Text 'autotester04@mailinator.com' is set on object 'Object Repository/00-Signup and Activation/zMailinator/input_LOGIN_search'

2022-12-30 16:28:45 - [TEST_STEP][PASSED] - click(findTestObject("00-Signup and Activation/zMailinator/gobutton"), STOP_ON_FAILURE): Object: 'Object Repository/00-Signup and Activation/zMailinator/gobutton' is clicked on

2022-12-30 16:28:48 - [MESSAGE][PASSED] - Object: 'Object Repository/00-Signup and Activation/zMailinator/gobutton' is clicked on

2022-12-30 16:28:48 - [TEST_STEP][PASSED] - delay(3): Delayed 3 second(s)

2022-12-30 16:28:51 - [MESSAGE][PASSED] - Delayed 3 second(s)

2022-12-30 16:28:51 - [TEST_STEP][PASSED] - closeWindowTitle("Everleagues"): Window with title: 'Everleagues' is closed

2022-12-30 16:28:52 - [MESSAGE][PASSED] - Window with title: 'Everleagues' is closed

2022-12-30 16:28:52 - [TEST_STEP][PASSED] - switchToWindowIndex(0): Switched to window with index: '0'

2022-12-30 16:28:52 - [MESSAGE][PASSED] - Switched to window with index: '0'

2022-12-30 16:28:52 - [TEST_STEP][PASSED] - click(findTestObject("09-Settings/Users/Co worker/td_Invitation from GG Automation")): Object: 'Object Repository/09-Settings/Users/Co worker/td_Invitation from GG Automation' is clicked on

2022-12-30 16:28:53 - [MESSAGE][PASSED] - Object: 'Object Repository/09-Settings/Users/Co worker/td_Invitation from GG Automation' is clicked on

2022-12-30 16:28:53 - [TEST_STEP][PASSED] - click(findTestObject("09-Settings/Users/Co worker/a_Click here to join GG Automation on EverLeagues")): Object: 'Object Repository/09-Settings/Users/Co worker/a_Click here to join GG Automation on EverLeagues' is clicked on

2022-12-30 16:28:54 - [MESSAGE][PASSED] - Object: 'Object Repository/09-Settings/Users/Co worker/a_Click here to join GG Automation on EverLeagues' is clicked on

2022-12-30 16:28:54 - [TEST_STEP][PASSED] - delay(3): Delayed 3 second(s)

2022-12-30 16:28:57 - [MESSAGE][PASSED] - Delayed 3 second(s)

2022-12-30 16:28:57 - [TEST_STEP][PASSED] - closeWindowTitle("Mailinator"): Window with title: 'Mailinator' is closed

2022-12-30 16:29:07 - [MESSAGE][PASSED] - Window with title: 'Mailinator' is closed

2022-12-30 16:29:07 - [TEST_STEP][PASSED] - switchToWindowIndex(0): Switched to window with index: '0'

2022-12-30 16:29:07 - [MESSAGE][PASSED] - Switched to window with index: '0'

2022-12-30 16:29:07 - [TEST_STEP][PASSED] - verifyElementVisible(findTestObject("09-Settings/Users/Co worker/Invite modal")): Object 'Object Repository/09-Settings/Users/Co worker/Invite modal' is visible

2022-12-30 16:29:16 - [MESSAGE][PASSED] - Object 'Object Repository/09-Settings/Users/Co worker/Invite modal' is visible

2022-12-30 16:29:16 - [TEST_STEP][PASSED] - click(findTestObject("09-Settings/Users/Co worker/button_Accept")): Object: 'Object Repository/09-Settings/Users/Co worker/button_Accept' is clicked on

2022-12-30 16:29:18 - [MESSAGE][PASSED] - Object: 'Object Repository/09-Settings/Users/Co worker/button_Accept' is clicked on

2022-12-30 16:29:18 - [TEST_STEP][PASSED] - delay(5): Delayed 5 second(s)

2022-12-30 16:29:23 - [MESSAGE][PASSED] - Delayed 5 second(s)

2022-12-30 16:29:23 - [TEST_STEP][PASSED] - verifyElementVisible(findTestObject("09-Settings/Users/Co worker/div_Joined as CoWorker")): Object 'Object Repository/09-Settings/Users/Co worker/div_Joined as CoWorker' is visible

2022-12-30 16:29:26 - [MESSAGE][PASSED] - Object 'Object Repository/09-Settings/Users/Co worker/div_Joined as CoWorker' is visible

2022-12-30 16:29:26 - [TEST_STEP][PASSED] - closeBrowser(): Browser is closed

2022-12-30 16:29:28 - [MESSAGE][PASSED] - Browser is closed]]></system-out>
         <system-err><![CDATA[]]></system-err>
      </testcase>
      <testcase name="Test Cases/09-Settings/03 - Users (Invite new user as client)" time="508.285" classname="Test Cases/09-Settings/03 - Users (Invite new user as client)" status="PASSED">
         <system-out><![CDATA[2022-12-30 16:29:28 - [TEST_CASE][PASSED] - Test Cases/09-Settings/03 - Users (Invite new user as client): Test Cases/09-Settings/03 - Users (Invite new user as client)

2022-12-30 16:29:31 - [TEST_STEP][PASSED] - openBrowser(""): Browser is opened with url: ''

2022-12-30 16:29:31 - [MESSAGE][INFO] - Starting 'Chrome' driver

2022-12-30 16:29:31 - [MESSAGE][INFO] - Action delay is set to 0 milliseconds

2022-12-30 16:29:36 - [MESSAGE][PASSED] - Browser is opened with url: ''

2022-12-30 16:29:36 - [TEST_STEP][PASSED] - navigateToUrl("https://lab.everleagues.com/"): Navigate to 'https://lab.everleagues.com/' successfully

2022-12-30 16:33:38 - [MESSAGE][PASSED] - Navigate to 'https://lab.everleagues.com/' successfully

2022-12-30 16:33:38 - [TEST_STEP][PASSED] - maximizeWindow(): Current window maximized

2022-12-30 16:33:39 - [MESSAGE][PASSED] - Current window maximized

2022-12-30 16:33:39 - [TEST_STEP][PASSED] - setText(findTestObject("02-Side Icons(Organization)/Add Contact/Email Field"), "testuser02@mailinator.com"): Text 'testuser02@mailinator.com' is set on object 'Object Repository/02-Side Icons(Organization)/Add Contact/Email Field'

2022-12-30 16:33:40 - [MESSAGE][PASSED] - Text 'testuser02@mailinator.com' is set on object 'Object Repository/02-Side Icons(Organization)/Add Contact/Email Field'

2022-12-30 16:33:40 - [TEST_STEP][PASSED] - setEncryptedText(findTestObject("02-Side Icons(Organization)/Add Contact/Password Field"), "8yFRyszE6U6jvsCn51OQbg=="): Text ****** has been set on object 'Object Repository/02-Side Icons(Organization)/Add Contact/Password Field'

2022-12-30 16:33:41 - [MESSAGE][PASSED] - Text ****** has been set on object 'Object Repository/02-Side Icons(Organization)/Add Contact/Password Field'

2022-12-30 16:33:41 - [TEST_STEP][PASSED] - click(findTestObject("02-Side Icons(Organization)/Add Contact/button_Sign in")): Object: 'Object Repository/02-Side Icons(Organization)/Add Contact/button_Sign in' is clicked on

2022-12-30 16:33:43 - [MESSAGE][PASSED] - Object: 'Object Repository/02-Side Icons(Organization)/Add Contact/button_Sign in' is clicked on

2022-12-30 16:33:43 - [TEST_STEP][PASSED] - delay(2): Delayed 2 second(s)

2022-12-30 16:33:45 - [MESSAGE][PASSED] - Delayed 2 second(s)

2022-12-30 16:33:45 - [TEST_STEP][PASSED] - click(findTestObject("06-Teams/For 2FA/button_Confirm_2FA")): Object: 'Object Repository/06-Teams/For 2FA/button_Confirm_2FA' is clicked on

2022-12-30 16:33:46 - [MESSAGE][PASSED] - Object: 'Object Repository/06-Teams/For 2FA/button_Confirm_2FA' is clicked on

2022-12-30 16:33:46 - [TEST_STEP][PASSED] - executeJavaScript("window.open();", []): Execute JavaScript 'window.open();' successfully

2022-12-30 16:33:46 - [MESSAGE][PASSED] - Execute JavaScript 'window.open();' successfully

2022-12-30 16:33:46 - [TEST_STEP][PASSED] - currentWindow = getWindowIndex(): Current window's index is: 0

2022-12-30 16:33:46 - [MESSAGE][PASSED] - Current window's index is: 0

2022-12-30 16:33:46 - [TEST_STEP][PASSED] - delay(3): Delayed 3 second(s)

2022-12-30 16:33:49 - [MESSAGE][PASSED] - Delayed 3 second(s)

2022-12-30 16:33:49 - [TEST_STEP][PASSED] - switchToWindowIndex(currentWindow + 1): Switched to window with index: '1'

2022-12-30 16:33:50 - [MESSAGE][PASSED] - Switched to window with index: '1'

2022-12-30 16:33:50 - [TEST_STEP][PASSED] - navigateToUrl("https://www.mailinator.com/"): Navigate to 'https://www.mailinator.com/' successfully

2022-12-30 16:33:57 - [MESSAGE][PASSED] - Navigate to 'https://www.mailinator.com/' successfully

2022-12-30 16:33:57 - [TEST_STEP][PASSED] - delay(3): Delayed 3 second(s)

2022-12-30 16:34:00 - [MESSAGE][PASSED] - Delayed 3 second(s)

2022-12-30 16:34:00 - [TEST_STEP][PASSED] - setText(findTestObject("00-Signup and Activation/zMailinator/input_LOGIN_search"), "testuser02@mailinator.com"): Text 'testuser02@mailinator.com' is set on object 'Object Repository/00-Signup and Activation/zMailinator/input_LOGIN_search'

2022-12-30 16:34:01 - [MESSAGE][PASSED] - Text 'testuser02@mailinator.com' is set on object 'Object Repository/00-Signup and Activation/zMailinator/input_LOGIN_search'

2022-12-30 16:34:01 - [TEST_STEP][PASSED] - click(findTestObject("00-Signup and Activation/zMailinator/gobutton"), STOP_ON_FAILURE): Object: 'Object Repository/00-Signup and Activation/zMailinator/gobutton' is clicked on

2022-12-30 16:34:05 - [MESSAGE][PASSED] - Object: 'Object Repository/00-Signup and Activation/zMailinator/gobutton' is clicked on

2022-12-30 16:34:05 - [TEST_STEP][PASSED] - delay(3): Delayed 3 second(s)

2022-12-30 16:34:08 - [MESSAGE][PASSED] - Delayed 3 second(s)

2022-12-30 16:34:08 - [TEST_STEP][PASSED] - click(findTestObject("00-Signup and Activation/zMailinator/Email - everleagues")): Object: 'Object Repository/00-Signup and Activation/zMailinator/Email - everleagues' is clicked on

2022-12-30 16:34:09 - [MESSAGE][PASSED] - Object: 'Object Repository/00-Signup and Activation/zMailinator/Email - everleagues' is clicked on

2022-12-30 16:34:09 - [TEST_STEP][PASSED] - delay(3): Delayed 3 second(s)

2022-12-30 16:34:12 - [MESSAGE][PASSED] - Delayed 3 second(s)

2022-12-30 16:34:12 - [TEST_STEP][PASSED] - code = getText(findTestObject("Object Repository/06-Teams/For 2FA/2FA code")): Text of object 'Object Repository/06-Teams/For 2FA/2FA code' is: '132426'

2022-12-30 16:34:13 - [MESSAGE][PASSED] - Text of object 'Object Repository/06-Teams/For 2FA/2FA code' is: '132426'

2022-12-30 16:34:13 - [TEST_STEP][PASSED] - delay(3): Delayed 3 second(s)

2022-12-30 16:34:16 - [MESSAGE][PASSED] - Delayed 3 second(s)

2022-12-30 16:34:16 - [TEST_STEP][PASSED] - closeWindowTitle("Mailinator"): Window with title: 'Mailinator' is closed

2022-12-30 16:34:16 - [MESSAGE][PASSED] - Window with title: 'Mailinator' is closed

2022-12-30 16:34:16 - [TEST_STEP][PASSED] - delay(3): Delayed 3 second(s)

2022-12-30 16:34:19 - [MESSAGE][PASSED] - Delayed 3 second(s)

2022-12-30 16:34:19 - [TEST_STEP][PASSED] - switchToWindowIndex(0): Switched to window with index: '0'

2022-12-30 16:34:19 - [MESSAGE][PASSED] - Switched to window with index: '0'

2022-12-30 16:34:19 - [TEST_STEP][PASSED] - delay(3): Delayed 3 second(s)

2022-12-30 16:34:22 - [MESSAGE][PASSED] - Delayed 3 second(s)

2022-12-30 16:34:22 - [TEST_STEP][PASSED] - setText(findTestObject("Object Repository/06-Teams/For 2FA/input_Enter verification code_code"), code): Text '132426' is set on object 'Object Repository/06-Teams/For 2FA/input_Enter verification code_code'

2022-12-30 16:34:25 - [MESSAGE][PASSED] - Text '132426' is set on object 'Object Repository/06-Teams/For 2FA/input_Enter verification code_code'

2022-12-30 16:34:25 - [TEST_STEP][PASSED] - delay(3): Delayed 3 second(s)

2022-12-30 16:34:28 - [MESSAGE][PASSED] - Delayed 3 second(s)

2022-12-30 16:34:28 - [TEST_STEP][PASSED] - click(findTestObject("06-Teams/For 2FA/button_Verify_2FA")): Object: 'Object Repository/06-Teams/For 2FA/button_Verify_2FA' is clicked on

2022-12-30 16:34:30 - [MESSAGE][PASSED] - Object: 'Object Repository/06-Teams/For 2FA/button_Verify_2FA' is clicked on

2022-12-30 16:34:30 - [TEST_STEP][PASSED] - delay(5): Delayed 5 second(s)

2022-12-30 16:34:35 - [MESSAGE][PASSED] - Delayed 5 second(s)

2022-12-30 16:34:35 - [TEST_STEP][PASSED] - click(findTestObject("06-Teams/button_doublearrow")): Object: 'Object Repository/06-Teams/button_doublearrow' is clicked on

2022-12-30 16:34:37 - [MESSAGE][PASSED] - Object: 'Object Repository/06-Teams/button_doublearrow' is clicked on

2022-12-30 16:34:37 - [TEST_STEP][PASSED] - click(findTestObject("06-Teams/button_My Organizations")): Object: 'Object Repository/06-Teams/button_My Organizations' is clicked on

2022-12-30 16:34:38 - [MESSAGE][PASSED] - Object: 'Object Repository/06-Teams/button_My Organizations' is clicked on

2022-12-30 16:34:38 - [TEST_STEP][PASSED] - click(findTestObject("06-Teams/button_GG Automation")): Object: 'Object Repository/06-Teams/button_GG Automation' is clicked on

2022-12-30 16:34:39 - [MESSAGE][PASSED] - Object: 'Object Repository/06-Teams/button_GG Automation' is clicked on

2022-12-30 16:34:39 - [TEST_STEP][PASSED] - delay(4): Delayed 4 second(s)

2022-12-30 16:34:44 - [MESSAGE][PASSED] - Delayed 4 second(s)

2022-12-30 16:34:44 - [TEST_STEP][PASSED] - verifyElementVisible(findTestObject("06-Teams/span_GG Automation")): Object 'Object Repository/06-Teams/span_GG Automation' is visible

2022-12-30 16:34:45 - [MESSAGE][PASSED] - Object 'Object Repository/06-Teams/span_GG Automation' is visible

2022-12-30 16:34:45 - [TEST_STEP][PASSED] - delay(5): Delayed 5 second(s)

2022-12-30 16:34:50 - [MESSAGE][PASSED] - Delayed 5 second(s)

2022-12-30 16:34:50 - [TEST_STEP][PASSED] - click(findTestObject("03-Header Menu/Hamburger Button/div_Settings")): Object: 'Object Repository/03-Header Menu/Hamburger Button/div_Settings' is clicked on

2022-12-30 16:34:51 - [MESSAGE][PASSED] - Object: 'Object Repository/03-Header Menu/Hamburger Button/div_Settings' is clicked on

2022-12-30 16:34:51 - [TEST_STEP][PASSED] - delay(3): Delayed 3 second(s)

2022-12-30 16:34:54 - [MESSAGE][PASSED] - Delayed 3 second(s)

2022-12-30 16:34:54 - [TEST_STEP][PASSED] - scrollToElement(findTestObject("09-Settings/Users/div_Users"), 0): Scroll to object 'Object Repository/09-Settings/Users/div_Users' successfully

2022-12-30 16:34:55 - [MESSAGE][WARNING] - Timeout '0' is invalid. Using default page load timeout: '30'

2022-12-30 16:34:55 - [MESSAGE][PASSED] - Scroll to object 'Object Repository/09-Settings/Users/div_Users' successfully

2022-12-30 16:34:55 - [TEST_STEP][PASSED] - click(findTestObject("09-Settings/Users/div_Users")): Object: 'Object Repository/09-Settings/Users/div_Users' is clicked on

2022-12-30 16:34:57 - [MESSAGE][PASSED] - Object: 'Object Repository/09-Settings/Users/div_Users' is clicked on

2022-12-30 16:34:57 - [TEST_STEP][PASSED] - delay(3): Delayed 3 second(s)

2022-12-30 16:35:00 - [MESSAGE][PASSED] - Delayed 3 second(s)

2022-12-30 16:35:00 - [TEST_STEP][PASSED] - click(findTestObject("09-Settings/Users/button_add")): Object: 'Object Repository/09-Settings/Users/button_add' is clicked on

2022-12-30 16:35:01 - [MESSAGE][PASSED] - Object: 'Object Repository/09-Settings/Users/button_add' is clicked on

2022-12-30 16:35:01 - [TEST_STEP][PASSED] - delay(3): Delayed 3 second(s)

2022-12-30 16:35:04 - [MESSAGE][PASSED] - Delayed 3 second(s)

2022-12-30 16:35:04 - [TEST_STEP][PASSED] - click(findTestObject("09-Settings/Users/add Invite a single user")): Object: 'Object Repository/09-Settings/Users/add Invite a single user' is clicked on

2022-12-30 16:35:05 - [MESSAGE][PASSED] - Object: 'Object Repository/09-Settings/Users/add Invite a single user' is clicked on

2022-12-30 16:35:05 - [TEST_STEP][PASSED] - delay(3): Delayed 3 second(s)

2022-12-30 16:35:08 - [MESSAGE][PASSED] - Delayed 3 second(s)

2022-12-30 16:35:08 - [TEST_STEP][PASSED] - setText(findTestObject("09-Settings/Users/input_email"), "autotester09@mailinator.com"): Text 'autotester09@mailinator.com' is set on object 'Object Repository/09-Settings/Users/input_email'

2022-12-30 16:35:11 - [MESSAGE][PASSED] - Text 'autotester09@mailinator.com' is set on object 'Object Repository/09-Settings/Users/input_email'

2022-12-30 16:35:11 - [TEST_STEP][PASSED] - setText(findTestObject("09-Settings/Users/input_firstName"), "GG"): Text 'GG' is set on object 'Object Repository/09-Settings/Users/input_firstName'

2022-12-30 16:35:13 - [MESSAGE][PASSED] - Text 'GG' is set on object 'Object Repository/09-Settings/Users/input_firstName'

2022-12-30 16:35:13 - [TEST_STEP][PASSED] - setText(findTestObject("09-Settings/Users/input_lastName"), "Client"): Text 'Client' is set on object 'Object Repository/09-Settings/Users/input_lastName'

2022-12-30 16:35:15 - [MESSAGE][PASSED] - Text 'Client' is set on object 'Object Repository/09-Settings/Users/input_lastName'

2022-12-30 16:35:15 - [TEST_STEP][PASSED] - click(findTestObject("09-Settings/Users/span_Role")): Object: 'Object Repository/09-Settings/Users/span_Role' is clicked on

2022-12-30 16:35:16 - [MESSAGE][PASSED] - Object: 'Object Repository/09-Settings/Users/span_Role' is clicked on

2022-12-30 16:35:16 - [TEST_STEP][PASSED] - click(findTestObject("09-Settings/Users/span_Client")): Object: 'Object Repository/09-Settings/Users/span_Client' is clicked on

2022-12-30 16:35:17 - [MESSAGE][PASSED] - Object: 'Object Repository/09-Settings/Users/span_Client' is clicked on

2022-12-30 16:35:17 - [TEST_STEP][PASSED] - click(findTestObject("09-Settings/Users/button_Send Invitation")): Object: 'Object Repository/09-Settings/Users/button_Send Invitation' is clicked on

2022-12-30 16:35:18 - [MESSAGE][PASSED] - Object: 'Object Repository/09-Settings/Users/button_Send Invitation' is clicked on

2022-12-30 16:35:18 - [TEST_STEP][PASSED] - delay(2): Delayed 2 second(s)

2022-12-30 16:35:20 - [MESSAGE][PASSED] - Delayed 2 second(s)

2022-12-30 16:35:20 - [TEST_STEP][PASSED] - verifyElementVisible(findTestObject("07-Directory/Connections/zContact Profile/Successfully invited user")): Object 'Object Repository/07-Directory/Connections/zContact Profile/Successfully invited user' is visible

2022-12-30 16:35:23 - [MESSAGE][PASSED] - Object 'Object Repository/07-Directory/Connections/zContact Profile/Successfully invited user' is visible

2022-12-30 16:35:23 - [TEST_STEP][PASSED] - delay(2): Delayed 2 second(s)

2022-12-30 16:35:25 - [MESSAGE][PASSED] - Delayed 2 second(s)

2022-12-30 16:35:25 - [TEST_STEP][PASSED] - click(findTestObject("01-Login and Forgot Password/User menu drop")): Object: 'Object Repository/01-Login and Forgot Password/User menu drop' is clicked on

2022-12-30 16:35:26 - [MESSAGE][PASSED] - Object: 'Object Repository/01-Login and Forgot Password/User menu drop' is clicked on

2022-12-30 16:35:26 - [TEST_STEP][PASSED] - delay(2): Delayed 2 second(s)

2022-12-30 16:35:28 - [MESSAGE][PASSED] - Delayed 2 second(s)

2022-12-30 16:35:28 - [TEST_STEP][PASSED] - click(findTestObject("01-Login and Forgot Password/h4_Sign Out"), STOP_ON_FAILURE): Object: 'Object Repository/01-Login and Forgot Password/h4_Sign Out' is clicked on

2022-12-30 16:35:29 - [MESSAGE][PASSED] - Object: 'Object Repository/01-Login and Forgot Password/h4_Sign Out' is clicked on

2022-12-30 16:35:29 - [TEST_STEP][PASSED] - delay(2): Delayed 2 second(s)

2022-12-30 16:35:31 - [MESSAGE][PASSED] - Delayed 2 second(s)

2022-12-30 16:35:31 - [TEST_STEP][PASSED] - verifyElementPresent(findTestObject("01-Login and Forgot Password/Login_Card"), 0): Object 'Object Repository/01-Login and Forgot Password/Login_Card' is present

2022-12-30 16:35:32 - [MESSAGE][WARNING] - Timeout '0' is invalid. Using default page load timeout: '30'

2022-12-30 16:35:33 - [MESSAGE][PASSED] - Object 'Object Repository/01-Login and Forgot Password/Login_Card' is present

2022-12-30 16:35:33 - [TEST_STEP][PASSED] - delay(3): Delayed 3 second(s)

2022-12-30 16:35:36 - [MESSAGE][PASSED] - Delayed 3 second(s)

2022-12-30 16:35:36 - [TEST_STEP][PASSED] - closeBrowser(): Browser is closed

2022-12-30 16:35:38 - [MESSAGE][PASSED] - Browser is closed

2022-12-30 16:35:38 - [TEST_STEP][PASSED] - openBrowser(""): Browser is opened with url: ''

2022-12-30 16:35:38 - [MESSAGE][INFO] - Starting 'Chrome' driver

2022-12-30 16:35:38 - [MESSAGE][INFO] - Action delay is set to 0 milliseconds

2022-12-30 16:35:42 - [MESSAGE][PASSED] - Browser is opened with url: ''

2022-12-30 16:35:42 - [TEST_STEP][PASSED] - navigateToUrl("https://lab.everleagues.com/"): Navigate to 'https://lab.everleagues.com/' successfully

2022-12-30 16:36:02 - [MESSAGE][PASSED] - Navigate to 'https://lab.everleagues.com/' successfully

2022-12-30 16:36:02 - [TEST_STEP][PASSED] - maximizeWindow(): Current window maximized

2022-12-30 16:36:03 - [MESSAGE][PASSED] - Current window maximized

2022-12-30 16:36:03 - [TEST_STEP][PASSED] - setText(findTestObject("02-Side Icons(Organization)/Add Contact/Email Field"), "autotester09@mailinator.com"): Text 'autotester09@mailinator.com' is set on object 'Object Repository/02-Side Icons(Organization)/Add Contact/Email Field'

2022-12-30 16:36:05 - [MESSAGE][PASSED] - Text 'autotester09@mailinator.com' is set on object 'Object Repository/02-Side Icons(Organization)/Add Contact/Email Field'

2022-12-30 16:36:05 - [TEST_STEP][PASSED] - setEncryptedText(findTestObject("02-Side Icons(Organization)/Add Contact/Password Field"), "8yFRyszE6U6jvsCn51OQbg=="): Text ****** has been set on object 'Object Repository/02-Side Icons(Organization)/Add Contact/Password Field'

2022-12-30 16:36:06 - [MESSAGE][PASSED] - Text ****** has been set on object 'Object Repository/02-Side Icons(Organization)/Add Contact/Password Field'

2022-12-30 16:36:06 - [TEST_STEP][PASSED] - click(findTestObject("02-Side Icons(Organization)/Add Contact/button_Sign in")): Object: 'Object Repository/02-Side Icons(Organization)/Add Contact/button_Sign in' is clicked on

2022-12-30 16:36:07 - [MESSAGE][PASSED] - Object: 'Object Repository/02-Side Icons(Organization)/Add Contact/button_Sign in' is clicked on

2022-12-30 16:36:07 - [TEST_STEP][PASSED] - delay(2): Delayed 2 second(s)

2022-12-30 16:36:10 - [MESSAGE][PASSED] - Delayed 2 second(s)

2022-12-30 16:36:10 - [TEST_STEP][PASSED] - click(findTestObject("06-Teams/For 2FA/button_Confirm_2FA")): Object: 'Object Repository/06-Teams/For 2FA/button_Confirm_2FA' is clicked on

2022-12-30 16:36:10 - [MESSAGE][PASSED] - Object: 'Object Repository/06-Teams/For 2FA/button_Confirm_2FA' is clicked on

2022-12-30 16:36:10 - [TEST_STEP][PASSED] - executeJavaScript("window.open();", []): Execute JavaScript 'window.open();' successfully

2022-12-30 16:36:11 - [MESSAGE][PASSED] - Execute JavaScript 'window.open();' successfully

2022-12-30 16:36:11 - [TEST_STEP][PASSED] - currentWindow = getWindowIndex(): Current window's index is: 0

2022-12-30 16:36:11 - [MESSAGE][PASSED] - Current window's index is: 0

2022-12-30 16:36:11 - [TEST_STEP][PASSED] - delay(3): Delayed 3 second(s)

2022-12-30 16:36:14 - [MESSAGE][PASSED] - Delayed 3 second(s)

2022-12-30 16:36:14 - [TEST_STEP][PASSED] - switchToWindowIndex(currentWindow + 1): Switched to window with index: '1'

2022-12-30 16:36:14 - [MESSAGE][PASSED] - Switched to window with index: '1'

2022-12-30 16:36:14 - [TEST_STEP][PASSED] - navigateToUrl("https://www.mailinator.com/"): Navigate to 'https://www.mailinator.com/' successfully

2022-12-30 16:36:24 - [MESSAGE][PASSED] - Navigate to 'https://www.mailinator.com/' successfully

2022-12-30 16:36:24 - [TEST_STEP][PASSED] - delay(3): Delayed 3 second(s)

2022-12-30 16:36:27 - [MESSAGE][PASSED] - Delayed 3 second(s)

2022-12-30 16:36:27 - [TEST_STEP][PASSED] - setText(findTestObject("00-Signup and Activation/zMailinator/input_LOGIN_search"), "autotester09@mailinator.com"): Text 'autotester09@mailinator.com' is set on object 'Object Repository/00-Signup and Activation/zMailinator/input_LOGIN_search'

2022-12-30 16:36:29 - [MESSAGE][PASSED] - Text 'autotester09@mailinator.com' is set on object 'Object Repository/00-Signup and Activation/zMailinator/input_LOGIN_search'

2022-12-30 16:36:29 - [TEST_STEP][PASSED] - click(findTestObject("00-Signup and Activation/zMailinator/gobutton"), STOP_ON_FAILURE): Object: 'Object Repository/00-Signup and Activation/zMailinator/gobutton' is clicked on

2022-12-30 16:36:33 - [MESSAGE][PASSED] - Object: 'Object Repository/00-Signup and Activation/zMailinator/gobutton' is clicked on

2022-12-30 16:36:33 - [TEST_STEP][PASSED] - delay(3): Delayed 3 second(s)

2022-12-30 16:36:36 - [MESSAGE][PASSED] - Delayed 3 second(s)

2022-12-30 16:36:36 - [TEST_STEP][PASSED] - click(findTestObject("00-Signup and Activation/zMailinator/Email - everleagues")): Object: 'Object Repository/00-Signup and Activation/zMailinator/Email - everleagues' is clicked on

2022-12-30 16:36:37 - [MESSAGE][PASSED] - Object: 'Object Repository/00-Signup and Activation/zMailinator/Email - everleagues' is clicked on

2022-12-30 16:36:37 - [TEST_STEP][PASSED] - delay(3): Delayed 3 second(s)

2022-12-30 16:36:40 - [MESSAGE][PASSED] - Delayed 3 second(s)

2022-12-30 16:36:40 - [TEST_STEP][PASSED] - codetwo = getText(findTestObject("Object Repository/06-Teams/For 2FA/2FA code")): Text of object 'Object Repository/06-Teams/For 2FA/2FA code' is: '650551'

2022-12-30 16:36:41 - [MESSAGE][PASSED] - Text of object 'Object Repository/06-Teams/For 2FA/2FA code' is: '650551'

2022-12-30 16:36:41 - [TEST_STEP][PASSED] - delay(3): Delayed 3 second(s)

2022-12-30 16:36:44 - [MESSAGE][PASSED] - Delayed 3 second(s)

2022-12-30 16:36:44 - [TEST_STEP][PASSED] - closeWindowTitle("Mailinator"): Window with title: 'Mailinator' is closed

2022-12-30 16:36:44 - [MESSAGE][PASSED] - Window with title: 'Mailinator' is closed

2022-12-30 16:36:44 - [TEST_STEP][PASSED] - delay(3): Delayed 3 second(s)

2022-12-30 16:36:47 - [MESSAGE][PASSED] - Delayed 3 second(s)

2022-12-30 16:36:47 - [TEST_STEP][PASSED] - switchToWindowIndex(0): Switched to window with index: '0'

2022-12-30 16:36:47 - [MESSAGE][PASSED] - Switched to window with index: '0'

2022-12-30 16:36:47 - [TEST_STEP][PASSED] - delay(3): Delayed 3 second(s)

2022-12-30 16:36:50 - [MESSAGE][PASSED] - Delayed 3 second(s)

2022-12-30 16:36:50 - [TEST_STEP][PASSED] - setText(findTestObject("Object Repository/06-Teams/For 2FA/input_Enter verification code_code"), codetwo): Text '650551' is set on object 'Object Repository/06-Teams/For 2FA/input_Enter verification code_code'

2022-12-30 16:36:52 - [MESSAGE][PASSED] - Text '650551' is set on object 'Object Repository/06-Teams/For 2FA/input_Enter verification code_code'

2022-12-30 16:36:52 - [TEST_STEP][PASSED] - delay(3): Delayed 3 second(s)

2022-12-30 16:36:55 - [MESSAGE][PASSED] - Delayed 3 second(s)

2022-12-30 16:36:55 - [TEST_STEP][PASSED] - click(findTestObject("06-Teams/For 2FA/button_Verify_2FA")): Object: 'Object Repository/06-Teams/For 2FA/button_Verify_2FA' is clicked on

2022-12-30 16:36:56 - [MESSAGE][PASSED] - Object: 'Object Repository/06-Teams/For 2FA/button_Verify_2FA' is clicked on

2022-12-30 16:36:56 - [TEST_STEP][PASSED] - delay(5): Delayed 5 second(s)

2022-12-30 16:37:01 - [MESSAGE][PASSED] - Delayed 5 second(s)

2022-12-30 16:37:01 - [TEST_STEP][PASSED] - executeJavaScript("window.open();", []): Execute JavaScript 'window.open();' successfully

2022-12-30 16:37:01 - [MESSAGE][PASSED] - Execute JavaScript 'window.open();' successfully

2022-12-30 16:37:01 - [TEST_STEP][PASSED] - currentWindow = getWindowIndex(): Current window's index is: 0

2022-12-30 16:37:01 - [MESSAGE][PASSED] - Current window's index is: 0

2022-12-30 16:37:01 - [TEST_STEP][PASSED] - delay(3): Delayed 3 second(s)

2022-12-30 16:37:04 - [MESSAGE][PASSED] - Delayed 3 second(s)

2022-12-30 16:37:04 - [TEST_STEP][PASSED] - switchToWindowIndex(currentWindow + 1): Switched to window with index: '1'

2022-12-30 16:37:04 - [MESSAGE][PASSED] - Switched to window with index: '1'

2022-12-30 16:37:04 - [TEST_STEP][PASSED] - navigateToUrl("https://www.mailinator.com/"): Navigate to 'https://www.mailinator.com/' successfully

2022-12-30 16:37:09 - [MESSAGE][PASSED] - Navigate to 'https://www.mailinator.com/' successfully

2022-12-30 16:37:09 - [TEST_STEP][PASSED] - delay(3): Delayed 3 second(s)

2022-12-30 16:37:12 - [MESSAGE][PASSED] - Delayed 3 second(s)

2022-12-30 16:37:12 - [TEST_STEP][PASSED] - setText(findTestObject("00-Signup and Activation/zMailinator/input_LOGIN_search"), "autotester09@mailinator.com"): Text 'autotester09@mailinator.com' is set on object 'Object Repository/00-Signup and Activation/zMailinator/input_LOGIN_search'

2022-12-30 16:37:14 - [MESSAGE][PASSED] - Text 'autotester09@mailinator.com' is set on object 'Object Repository/00-Signup and Activation/zMailinator/input_LOGIN_search'

2022-12-30 16:37:14 - [TEST_STEP][PASSED] - click(findTestObject("00-Signup and Activation/zMailinator/gobutton"), STOP_ON_FAILURE): Object: 'Object Repository/00-Signup and Activation/zMailinator/gobutton' is clicked on

2022-12-30 16:37:16 - [MESSAGE][PASSED] - Object: 'Object Repository/00-Signup and Activation/zMailinator/gobutton' is clicked on

2022-12-30 16:37:16 - [TEST_STEP][PASSED] - delay(3): Delayed 3 second(s)

2022-12-30 16:37:19 - [MESSAGE][PASSED] - Delayed 3 second(s)

2022-12-30 16:37:19 - [TEST_STEP][PASSED] - closeWindowTitle("Everleagues"): Window with title: 'Everleagues' is closed

2022-12-30 16:37:20 - [MESSAGE][PASSED] - Window with title: 'Everleagues' is closed

2022-12-30 16:37:20 - [TEST_STEP][PASSED] - switchToWindowIndex(0): Switched to window with index: '0'

2022-12-30 16:37:20 - [MESSAGE][PASSED] - Switched to window with index: '0'

2022-12-30 16:37:20 - [TEST_STEP][PASSED] - click(findTestObject("09-Settings/Users/Co worker/td_Invitation from GG Automation")): Object: 'Object Repository/09-Settings/Users/Co worker/td_Invitation from GG Automation' is clicked on

2022-12-30 16:37:21 - [MESSAGE][PASSED] - Object: 'Object Repository/09-Settings/Users/Co worker/td_Invitation from GG Automation' is clicked on

2022-12-30 16:37:21 - [TEST_STEP][PASSED] - click(findTestObject("09-Settings/Users/Co worker/a_Click here to join GG Automation on EverLeagues")): Object: 'Object Repository/09-Settings/Users/Co worker/a_Click here to join GG Automation on EverLeagues' is clicked on

2022-12-30 16:37:23 - [MESSAGE][PASSED] - Object: 'Object Repository/09-Settings/Users/Co worker/a_Click here to join GG Automation on EverLeagues' is clicked on

2022-12-30 16:37:23 - [TEST_STEP][PASSED] - closeWindowTitle("Mailinator"): Window with title: 'Mailinator' is closed

2022-12-30 16:37:23 - [MESSAGE][PASSED] - Window with title: 'Mailinator' is closed

2022-12-30 16:37:23 - [TEST_STEP][PASSED] - switchToWindowIndex(0): Switched to window with index: '0'

2022-12-30 16:37:23 - [MESSAGE][PASSED] - Switched to window with index: '0'

2022-12-30 16:37:23 - [TEST_STEP][PASSED] - verifyElementVisible(findTestObject("09-Settings/Users/Client/Invite modal")): Object 'Object Repository/09-Settings/Users/Client/Invite modal' is visible

2022-12-30 16:37:43 - [MESSAGE][PASSED] - Object 'Object Repository/09-Settings/Users/Client/Invite modal' is visible

2022-12-30 16:37:43 - [TEST_STEP][PASSED] - setText(findTestObject("09-Settings/Users/Client/Company field"), "QA Company"): Text 'QA Company' is set on object 'Object Repository/09-Settings/Users/Client/Company field'

2022-12-30 16:37:44 - [MESSAGE][PASSED] - Text 'QA Company' is set on object 'Object Repository/09-Settings/Users/Client/Company field'

2022-12-30 16:37:44 - [TEST_STEP][PASSED] - click(findTestObject("09-Settings/Users/Client/button_Accept")): Object: 'Object Repository/09-Settings/Users/Client/button_Accept' is clicked on

2022-12-30 16:37:45 - [MESSAGE][PASSED] - Object: 'Object Repository/09-Settings/Users/Client/button_Accept' is clicked on

2022-12-30 16:37:45 - [TEST_STEP][PASSED] - delay(5): Delayed 5 second(s)

2022-12-30 16:37:50 - [MESSAGE][PASSED] - Delayed 5 second(s)

2022-12-30 16:37:50 - [TEST_STEP][PASSED] - verifyElementVisible(findTestObject("09-Settings/Users/Client/div_Joined as CLIENT")): Object 'Object Repository/09-Settings/Users/Client/div_Joined as CLIENT' is visible

2022-12-30 16:37:52 - [MESSAGE][PASSED] - Object 'Object Repository/09-Settings/Users/Client/div_Joined as CLIENT' is visible

2022-12-30 16:37:52 - [TEST_STEP][PASSED] - delay(3): Delayed 3 second(s)

2022-12-30 16:37:55 - [MESSAGE][PASSED] - Delayed 3 second(s)

2022-12-30 16:37:55 - [TEST_STEP][PASSED] - closeBrowser(): Browser is closed

2022-12-30 16:37:57 - [MESSAGE][PASSED] - Browser is closed]]></system-out>
         <system-err><![CDATA[]]></system-err>
      </testcase>
      <testcase name="Test Cases/09-Settings/04 - Users (Invite new user as partner)" time="501.841" classname="Test Cases/09-Settings/04 - Users (Invite new user as partner)" status="PASSED">
         <system-out><![CDATA[2022-12-30 16:37:57 - [TEST_CASE][PASSED] - Test Cases/09-Settings/04 - Users (Invite new user as partner): Test Cases/09-Settings/04 - Users (Invite new user as partner)

2022-12-30 16:37:59 - [TEST_STEP][PASSED] - openBrowser(""): Browser is opened with url: ''

2022-12-30 16:37:59 - [MESSAGE][INFO] - Starting 'Chrome' driver

2022-12-30 16:37:59 - [MESSAGE][INFO] - Action delay is set to 0 milliseconds

2022-12-30 16:38:02 - [MESSAGE][PASSED] - Browser is opened with url: ''

2022-12-30 16:38:02 - [TEST_STEP][PASSED] - navigateToUrl("https://lab.everleagues.com/"): Navigate to 'https://lab.everleagues.com/' successfully

2022-12-30 16:42:10 - [MESSAGE][PASSED] - Navigate to 'https://lab.everleagues.com/' successfully

2022-12-30 16:42:10 - [TEST_STEP][PASSED] - maximizeWindow(): Current window maximized

2022-12-30 16:42:11 - [MESSAGE][PASSED] - Current window maximized

2022-12-30 16:42:11 - [TEST_STEP][PASSED] - setText(findTestObject("02-Side Icons(Organization)/Add Contact/Email Field"), "testuser02@mailinator.com"): Text 'testuser02@mailinator.com' is set on object 'Object Repository/02-Side Icons(Organization)/Add Contact/Email Field'

2022-12-30 16:42:12 - [MESSAGE][PASSED] - Text 'testuser02@mailinator.com' is set on object 'Object Repository/02-Side Icons(Organization)/Add Contact/Email Field'

2022-12-30 16:42:12 - [TEST_STEP][PASSED] - setEncryptedText(findTestObject("02-Side Icons(Organization)/Add Contact/Password Field"), "8yFRyszE6U6jvsCn51OQbg=="): Text ****** has been set on object 'Object Repository/02-Side Icons(Organization)/Add Contact/Password Field'

2022-12-30 16:42:13 - [MESSAGE][PASSED] - Text ****** has been set on object 'Object Repository/02-Side Icons(Organization)/Add Contact/Password Field'

2022-12-30 16:42:13 - [TEST_STEP][PASSED] - click(findTestObject("02-Side Icons(Organization)/Add Contact/button_Sign in")): Object: 'Object Repository/02-Side Icons(Organization)/Add Contact/button_Sign in' is clicked on

2022-12-30 16:42:14 - [MESSAGE][PASSED] - Object: 'Object Repository/02-Side Icons(Organization)/Add Contact/button_Sign in' is clicked on

2022-12-30 16:42:14 - [TEST_STEP][PASSED] - delay(2): Delayed 2 second(s)

2022-12-30 16:42:16 - [MESSAGE][PASSED] - Delayed 2 second(s)

2022-12-30 16:42:16 - [TEST_STEP][PASSED] - click(findTestObject("06-Teams/For 2FA/button_Confirm_2FA")): Object: 'Object Repository/06-Teams/For 2FA/button_Confirm_2FA' is clicked on

2022-12-30 16:42:17 - [MESSAGE][PASSED] - Object: 'Object Repository/06-Teams/For 2FA/button_Confirm_2FA' is clicked on

2022-12-30 16:42:17 - [TEST_STEP][PASSED] - executeJavaScript("window.open();", []): Execute JavaScript 'window.open();' successfully

2022-12-30 16:42:17 - [MESSAGE][PASSED] - Execute JavaScript 'window.open();' successfully

2022-12-30 16:42:17 - [TEST_STEP][PASSED] - currentWindow = getWindowIndex(): Current window's index is: 0

2022-12-30 16:42:17 - [MESSAGE][PASSED] - Current window's index is: 0

2022-12-30 16:42:17 - [TEST_STEP][PASSED] - delay(3): Delayed 3 second(s)

2022-12-30 16:42:20 - [MESSAGE][PASSED] - Delayed 3 second(s)

2022-12-30 16:42:20 - [TEST_STEP][PASSED] - switchToWindowIndex(currentWindow + 1): Switched to window with index: '1'

2022-12-30 16:42:20 - [MESSAGE][PASSED] - Switched to window with index: '1'

2022-12-30 16:42:20 - [TEST_STEP][PASSED] - navigateToUrl("https://www.mailinator.com/"): Navigate to 'https://www.mailinator.com/' successfully

2022-12-30 16:42:27 - [MESSAGE][PASSED] - Navigate to 'https://www.mailinator.com/' successfully

2022-12-30 16:42:27 - [TEST_STEP][PASSED] - delay(3): Delayed 3 second(s)

2022-12-30 16:42:30 - [MESSAGE][PASSED] - Delayed 3 second(s)

2022-12-30 16:42:30 - [TEST_STEP][PASSED] - setText(findTestObject("00-Signup and Activation/zMailinator/input_LOGIN_search"), "testuser02@mailinator.com"): Text 'testuser02@mailinator.com' is set on object 'Object Repository/00-Signup and Activation/zMailinator/input_LOGIN_search'

2022-12-30 16:42:32 - [MESSAGE][PASSED] - Text 'testuser02@mailinator.com' is set on object 'Object Repository/00-Signup and Activation/zMailinator/input_LOGIN_search'

2022-12-30 16:42:32 - [TEST_STEP][PASSED] - click(findTestObject("00-Signup and Activation/zMailinator/gobutton"), STOP_ON_FAILURE): Object: 'Object Repository/00-Signup and Activation/zMailinator/gobutton' is clicked on

2022-12-30 16:42:35 - [MESSAGE][PASSED] - Object: 'Object Repository/00-Signup and Activation/zMailinator/gobutton' is clicked on

2022-12-30 16:42:35 - [TEST_STEP][PASSED] - delay(3): Delayed 3 second(s)

2022-12-30 16:42:38 - [MESSAGE][PASSED] - Delayed 3 second(s)

2022-12-30 16:42:38 - [TEST_STEP][PASSED] - click(findTestObject("00-Signup and Activation/zMailinator/Email - everleagues")): Object: 'Object Repository/00-Signup and Activation/zMailinator/Email - everleagues' is clicked on

2022-12-30 16:42:38 - [MESSAGE][PASSED] - Object: 'Object Repository/00-Signup and Activation/zMailinator/Email - everleagues' is clicked on

2022-12-30 16:42:38 - [TEST_STEP][PASSED] - delay(3): Delayed 3 second(s)

2022-12-30 16:42:41 - [MESSAGE][PASSED] - Delayed 3 second(s)

2022-12-30 16:42:41 - [TEST_STEP][PASSED] - code = getText(findTestObject("Object Repository/06-Teams/For 2FA/2FA code")): Text of object 'Object Repository/06-Teams/For 2FA/2FA code' is: '544958'

2022-12-30 16:42:42 - [MESSAGE][PASSED] - Text of object 'Object Repository/06-Teams/For 2FA/2FA code' is: '544958'

2022-12-30 16:42:42 - [TEST_STEP][PASSED] - delay(3): Delayed 3 second(s)

2022-12-30 16:42:45 - [MESSAGE][PASSED] - Delayed 3 second(s)

2022-12-30 16:42:45 - [TEST_STEP][PASSED] - closeWindowTitle("Mailinator"): Window with title: 'Mailinator' is closed

2022-12-30 16:42:46 - [MESSAGE][PASSED] - Window with title: 'Mailinator' is closed

2022-12-30 16:42:46 - [TEST_STEP][PASSED] - delay(3): Delayed 3 second(s)

2022-12-30 16:42:49 - [MESSAGE][PASSED] - Delayed 3 second(s)

2022-12-30 16:42:49 - [TEST_STEP][PASSED] - switchToWindowIndex(0): Switched to window with index: '0'

2022-12-30 16:42:49 - [MESSAGE][PASSED] - Switched to window with index: '0'

2022-12-30 16:42:49 - [TEST_STEP][PASSED] - delay(3): Delayed 3 second(s)

2022-12-30 16:42:52 - [MESSAGE][PASSED] - Delayed 3 second(s)

2022-12-30 16:42:52 - [TEST_STEP][PASSED] - setText(findTestObject("Object Repository/06-Teams/For 2FA/input_Enter verification code_code"), code): Text '544958' is set on object 'Object Repository/06-Teams/For 2FA/input_Enter verification code_code'

2022-12-30 16:42:53 - [MESSAGE][PASSED] - Text '544958' is set on object 'Object Repository/06-Teams/For 2FA/input_Enter verification code_code'

2022-12-30 16:42:53 - [TEST_STEP][PASSED] - delay(3): Delayed 3 second(s)

2022-12-30 16:42:56 - [MESSAGE][PASSED] - Delayed 3 second(s)

2022-12-30 16:42:56 - [TEST_STEP][PASSED] - click(findTestObject("06-Teams/For 2FA/button_Verify_2FA")): Object: 'Object Repository/06-Teams/For 2FA/button_Verify_2FA' is clicked on

2022-12-30 16:42:57 - [MESSAGE][PASSED] - Object: 'Object Repository/06-Teams/For 2FA/button_Verify_2FA' is clicked on

2022-12-30 16:42:57 - [TEST_STEP][PASSED] - delay(5): Delayed 5 second(s)

2022-12-30 16:43:02 - [MESSAGE][PASSED] - Delayed 5 second(s)

2022-12-30 16:43:02 - [TEST_STEP][PASSED] - click(findTestObject("06-Teams/button_doublearrow")): Object: 'Object Repository/06-Teams/button_doublearrow' is clicked on

2022-12-30 16:43:06 - [MESSAGE][PASSED] - Object: 'Object Repository/06-Teams/button_doublearrow' is clicked on

2022-12-30 16:43:06 - [TEST_STEP][PASSED] - click(findTestObject("06-Teams/button_My Organizations")): Object: 'Object Repository/06-Teams/button_My Organizations' is clicked on

2022-12-30 16:43:07 - [MESSAGE][PASSED] - Object: 'Object Repository/06-Teams/button_My Organizations' is clicked on

2022-12-30 16:43:07 - [TEST_STEP][PASSED] - click(findTestObject("06-Teams/button_GG Automation")): Object: 'Object Repository/06-Teams/button_GG Automation' is clicked on

2022-12-30 16:43:08 - [MESSAGE][PASSED] - Object: 'Object Repository/06-Teams/button_GG Automation' is clicked on

2022-12-30 16:43:08 - [TEST_STEP][PASSED] - delay(4): Delayed 4 second(s)

2022-12-30 16:43:12 - [MESSAGE][PASSED] - Delayed 4 second(s)

2022-12-30 16:43:12 - [TEST_STEP][PASSED] - verifyElementVisible(findTestObject("06-Teams/span_GG Automation")): Object 'Object Repository/06-Teams/span_GG Automation' is visible

2022-12-30 16:43:13 - [MESSAGE][PASSED] - Object 'Object Repository/06-Teams/span_GG Automation' is visible

2022-12-30 16:43:13 - [TEST_STEP][PASSED] - delay(5): Delayed 5 second(s)

2022-12-30 16:43:18 - [MESSAGE][PASSED] - Delayed 5 second(s)

2022-12-30 16:43:18 - [TEST_STEP][PASSED] - click(findTestObject("03-Header Menu/Hamburger Button/div_Settings")): Object: 'Object Repository/03-Header Menu/Hamburger Button/div_Settings' is clicked on

2022-12-30 16:43:19 - [MESSAGE][PASSED] - Object: 'Object Repository/03-Header Menu/Hamburger Button/div_Settings' is clicked on

2022-12-30 16:43:19 - [TEST_STEP][PASSED] - delay(3): Delayed 3 second(s)

2022-12-30 16:43:22 - [MESSAGE][PASSED] - Delayed 3 second(s)

2022-12-30 16:43:22 - [TEST_STEP][PASSED] - scrollToElement(findTestObject("09-Settings/Users/div_Users"), 0): Scroll to object 'Object Repository/09-Settings/Users/div_Users' successfully

2022-12-30 16:43:22 - [MESSAGE][WARNING] - Timeout '0' is invalid. Using default page load timeout: '30'

2022-12-30 16:43:23 - [MESSAGE][PASSED] - Scroll to object 'Object Repository/09-Settings/Users/div_Users' successfully

2022-12-30 16:43:23 - [TEST_STEP][PASSED] - click(findTestObject("09-Settings/Users/div_Users")): Object: 'Object Repository/09-Settings/Users/div_Users' is clicked on

2022-12-30 16:43:25 - [MESSAGE][PASSED] - Object: 'Object Repository/09-Settings/Users/div_Users' is clicked on

2022-12-30 16:43:25 - [TEST_STEP][PASSED] - delay(3): Delayed 3 second(s)

2022-12-30 16:43:28 - [MESSAGE][PASSED] - Delayed 3 second(s)

2022-12-30 16:43:28 - [TEST_STEP][PASSED] - click(findTestObject("09-Settings/Users/button_add")): Object: 'Object Repository/09-Settings/Users/button_add' is clicked on

2022-12-30 16:43:29 - [MESSAGE][PASSED] - Object: 'Object Repository/09-Settings/Users/button_add' is clicked on

2022-12-30 16:43:29 - [TEST_STEP][PASSED] - delay(3): Delayed 3 second(s)

2022-12-30 16:43:32 - [MESSAGE][PASSED] - Delayed 3 second(s)

2022-12-30 16:43:32 - [TEST_STEP][PASSED] - click(findTestObject("09-Settings/Users/add Invite a single user")): Object: 'Object Repository/09-Settings/Users/add Invite a single user' is clicked on

2022-12-30 16:43:33 - [MESSAGE][PASSED] - Object: 'Object Repository/09-Settings/Users/add Invite a single user' is clicked on

2022-12-30 16:43:33 - [TEST_STEP][PASSED] - delay(3): Delayed 3 second(s)

2022-12-30 16:43:36 - [MESSAGE][PASSED] - Delayed 3 second(s)

2022-12-30 16:43:36 - [TEST_STEP][PASSED] - setText(findTestObject("09-Settings/Users/input_email"), "autotester10@mailinator.com"): Text 'autotester10@mailinator.com' is set on object 'Object Repository/09-Settings/Users/input_email'

2022-12-30 16:43:39 - [MESSAGE][PASSED] - Text 'autotester10@mailinator.com' is set on object 'Object Repository/09-Settings/Users/input_email'

2022-12-30 16:43:39 - [TEST_STEP][PASSED] - setText(findTestObject("09-Settings/Users/input_firstName"), "GG"): Text 'GG' is set on object 'Object Repository/09-Settings/Users/input_firstName'

2022-12-30 16:43:41 - [MESSAGE][PASSED] - Text 'GG' is set on object 'Object Repository/09-Settings/Users/input_firstName'

2022-12-30 16:43:41 - [TEST_STEP][PASSED] - setText(findTestObject("09-Settings/Users/input_lastName"), "Partner"): Text 'Partner' is set on object 'Object Repository/09-Settings/Users/input_lastName'

2022-12-30 16:43:42 - [MESSAGE][PASSED] - Text 'Partner' is set on object 'Object Repository/09-Settings/Users/input_lastName'

2022-12-30 16:43:42 - [TEST_STEP][PASSED] - click(findTestObject("09-Settings/Users/span_Role")): Object: 'Object Repository/09-Settings/Users/span_Role' is clicked on

2022-12-30 16:43:43 - [MESSAGE][PASSED] - Object: 'Object Repository/09-Settings/Users/span_Role' is clicked on

2022-12-30 16:43:43 - [TEST_STEP][PASSED] - click(findTestObject("09-Settings/Users/span_Partner")): Object: 'Object Repository/09-Settings/Users/span_Partner' is clicked on

2022-12-30 16:43:44 - [MESSAGE][PASSED] - Object: 'Object Repository/09-Settings/Users/span_Partner' is clicked on

2022-12-30 16:43:44 - [TEST_STEP][PASSED] - click(findTestObject("09-Settings/Users/button_Send Invitation")): Object: 'Object Repository/09-Settings/Users/button_Send Invitation' is clicked on

2022-12-30 16:43:46 - [MESSAGE][PASSED] - Object: 'Object Repository/09-Settings/Users/button_Send Invitation' is clicked on

2022-12-30 16:43:46 - [TEST_STEP][PASSED] - delay(2): Delayed 2 second(s)

2022-12-30 16:43:48 - [MESSAGE][PASSED] - Delayed 2 second(s)

2022-12-30 16:43:48 - [TEST_STEP][PASSED] - verifyElementVisible(findTestObject("07-Directory/Connections/zContact Profile/Successfully invited user")): Object 'Object Repository/07-Directory/Connections/zContact Profile/Successfully invited user' is visible

2022-12-30 16:43:50 - [MESSAGE][PASSED] - Object 'Object Repository/07-Directory/Connections/zContact Profile/Successfully invited user' is visible

2022-12-30 16:43:50 - [TEST_STEP][PASSED] - delay(2): Delayed 2 second(s)

2022-12-30 16:43:52 - [MESSAGE][PASSED] - Delayed 2 second(s)

2022-12-30 16:43:52 - [TEST_STEP][PASSED] - click(findTestObject("01-Login and Forgot Password/User menu drop")): Object: 'Object Repository/01-Login and Forgot Password/User menu drop' is clicked on

2022-12-30 16:43:54 - [MESSAGE][PASSED] - Object: 'Object Repository/01-Login and Forgot Password/User menu drop' is clicked on

2022-12-30 16:43:54 - [TEST_STEP][PASSED] - delay(2): Delayed 2 second(s)

2022-12-30 16:43:56 - [MESSAGE][PASSED] - Delayed 2 second(s)

2022-12-30 16:43:56 - [TEST_STEP][PASSED] - click(findTestObject("01-Login and Forgot Password/h4_Sign Out"), STOP_ON_FAILURE): Object: 'Object Repository/01-Login and Forgot Password/h4_Sign Out' is clicked on

2022-12-30 16:43:57 - [MESSAGE][PASSED] - Object: 'Object Repository/01-Login and Forgot Password/h4_Sign Out' is clicked on

2022-12-30 16:43:57 - [TEST_STEP][PASSED] - delay(2): Delayed 2 second(s)

2022-12-30 16:43:59 - [MESSAGE][PASSED] - Delayed 2 second(s)

2022-12-30 16:43:59 - [TEST_STEP][PASSED] - verifyElementPresent(findTestObject("01-Login and Forgot Password/Login_Card"), 0): Object 'Object Repository/01-Login and Forgot Password/Login_Card' is present

2022-12-30 16:43:59 - [MESSAGE][WARNING] - Timeout '0' is invalid. Using default page load timeout: '30'

2022-12-30 16:44:00 - [MESSAGE][PASSED] - Object 'Object Repository/01-Login and Forgot Password/Login_Card' is present

2022-12-30 16:44:00 - [TEST_STEP][PASSED] - delay(3): Delayed 3 second(s)

2022-12-30 16:44:03 - [MESSAGE][PASSED] - Delayed 3 second(s)

2022-12-30 16:44:03 - [TEST_STEP][PASSED] - closeBrowser(): Browser is closed

2022-12-30 16:44:04 - [MESSAGE][PASSED] - Browser is closed

2022-12-30 16:44:04 - [TEST_STEP][PASSED] - openBrowser(""): Browser is opened with url: ''

2022-12-30 16:44:04 - [MESSAGE][INFO] - Starting 'Chrome' driver

2022-12-30 16:44:04 - [MESSAGE][INFO] - Action delay is set to 0 milliseconds

2022-12-30 16:44:07 - [MESSAGE][PASSED] - Browser is opened with url: ''

2022-12-30 16:44:07 - [TEST_STEP][PASSED] - navigateToUrl("https://lab.everleagues.com/"): Navigate to 'https://lab.everleagues.com/' successfully

2022-12-30 16:44:26 - [MESSAGE][PASSED] - Navigate to 'https://lab.everleagues.com/' successfully

2022-12-30 16:44:26 - [TEST_STEP][PASSED] - maximizeWindow(): Current window maximized

2022-12-30 16:44:26 - [MESSAGE][PASSED] - Current window maximized

2022-12-30 16:44:26 - [TEST_STEP][PASSED] - setText(findTestObject("02-Side Icons(Organization)/Add Contact/Email Field"), "autotester10@mailinator.com"): Text 'autotester10@mailinator.com' is set on object 'Object Repository/02-Side Icons(Organization)/Add Contact/Email Field'

2022-12-30 16:44:28 - [MESSAGE][PASSED] - Text 'autotester10@mailinator.com' is set on object 'Object Repository/02-Side Icons(Organization)/Add Contact/Email Field'

2022-12-30 16:44:28 - [TEST_STEP][PASSED] - setEncryptedText(findTestObject("02-Side Icons(Organization)/Add Contact/Password Field"), "8yFRyszE6U6jvsCn51OQbg=="): Text ****** has been set on object 'Object Repository/02-Side Icons(Organization)/Add Contact/Password Field'

2022-12-30 16:44:29 - [MESSAGE][PASSED] - Text ****** has been set on object 'Object Repository/02-Side Icons(Organization)/Add Contact/Password Field'

2022-12-30 16:44:29 - [TEST_STEP][PASSED] - click(findTestObject("02-Side Icons(Organization)/Add Contact/button_Sign in")): Object: 'Object Repository/02-Side Icons(Organization)/Add Contact/button_Sign in' is clicked on

2022-12-30 16:44:30 - [MESSAGE][PASSED] - Object: 'Object Repository/02-Side Icons(Organization)/Add Contact/button_Sign in' is clicked on

2022-12-30 16:44:30 - [TEST_STEP][PASSED] - delay(2): Delayed 2 second(s)

2022-12-30 16:44:32 - [MESSAGE][PASSED] - Delayed 2 second(s)

2022-12-30 16:44:32 - [TEST_STEP][PASSED] - click(findTestObject("06-Teams/For 2FA/button_Confirm_2FA")): Object: 'Object Repository/06-Teams/For 2FA/button_Confirm_2FA' is clicked on

2022-12-30 16:44:33 - [MESSAGE][PASSED] - Object: 'Object Repository/06-Teams/For 2FA/button_Confirm_2FA' is clicked on

2022-12-30 16:44:33 - [TEST_STEP][PASSED] - executeJavaScript("window.open();", []): Execute JavaScript 'window.open();' successfully

2022-12-30 16:44:34 - [MESSAGE][PASSED] - Execute JavaScript 'window.open();' successfully

2022-12-30 16:44:34 - [TEST_STEP][PASSED] - currentWindow = getWindowIndex(): Current window's index is: 0

2022-12-30 16:44:34 - [MESSAGE][PASSED] - Current window's index is: 0

2022-12-30 16:44:34 - [TEST_STEP][PASSED] - delay(3): Delayed 3 second(s)

2022-12-30 16:44:37 - [MESSAGE][PASSED] - Delayed 3 second(s)

2022-12-30 16:44:37 - [TEST_STEP][PASSED] - switchToWindowIndex(currentWindow + 1): Switched to window with index: '1'

2022-12-30 16:44:37 - [MESSAGE][PASSED] - Switched to window with index: '1'

2022-12-30 16:44:37 - [TEST_STEP][PASSED] - navigateToUrl("https://www.mailinator.com/"): Navigate to 'https://www.mailinator.com/' successfully

2022-12-30 16:44:46 - [MESSAGE][PASSED] - Navigate to 'https://www.mailinator.com/' successfully

2022-12-30 16:44:46 - [TEST_STEP][PASSED] - delay(3): Delayed 3 second(s)

2022-12-30 16:44:49 - [MESSAGE][PASSED] - Delayed 3 second(s)

2022-12-30 16:44:49 - [TEST_STEP][PASSED] - setText(findTestObject("00-Signup and Activation/zMailinator/input_LOGIN_search"), "autotester10@mailinator.com"): Text 'autotester10@mailinator.com' is set on object 'Object Repository/00-Signup and Activation/zMailinator/input_LOGIN_search'

2022-12-30 16:44:50 - [MESSAGE][PASSED] - Text 'autotester10@mailinator.com' is set on object 'Object Repository/00-Signup and Activation/zMailinator/input_LOGIN_search'

2022-12-30 16:44:50 - [TEST_STEP][PASSED] - click(findTestObject("00-Signup and Activation/zMailinator/gobutton"), STOP_ON_FAILURE): Object: 'Object Repository/00-Signup and Activation/zMailinator/gobutton' is clicked on

2022-12-30 16:44:53 - [MESSAGE][PASSED] - Object: 'Object Repository/00-Signup and Activation/zMailinator/gobutton' is clicked on

2022-12-30 16:44:53 - [TEST_STEP][PASSED] - delay(3): Delayed 3 second(s)

2022-12-30 16:44:56 - [MESSAGE][PASSED] - Delayed 3 second(s)

2022-12-30 16:44:56 - [TEST_STEP][PASSED] - click(findTestObject("00-Signup and Activation/zMailinator/Email - everleagues")): Object: 'Object Repository/00-Signup and Activation/zMailinator/Email - everleagues' is clicked on

2022-12-30 16:44:57 - [MESSAGE][PASSED] - Object: 'Object Repository/00-Signup and Activation/zMailinator/Email - everleagues' is clicked on

2022-12-30 16:44:57 - [TEST_STEP][PASSED] - delay(3): Delayed 3 second(s)

2022-12-30 16:45:00 - [MESSAGE][PASSED] - Delayed 3 second(s)

2022-12-30 16:45:00 - [TEST_STEP][PASSED] - codetwo = getText(findTestObject("Object Repository/06-Teams/For 2FA/2FA code")): Text of object 'Object Repository/06-Teams/For 2FA/2FA code' is: '570911'

2022-12-30 16:45:01 - [MESSAGE][PASSED] - Text of object 'Object Repository/06-Teams/For 2FA/2FA code' is: '570911'

2022-12-30 16:45:01 - [TEST_STEP][PASSED] - delay(3): Delayed 3 second(s)

2022-12-30 16:45:04 - [MESSAGE][PASSED] - Delayed 3 second(s)

2022-12-30 16:45:04 - [TEST_STEP][PASSED] - closeWindowTitle("Mailinator"): Window with title: 'Mailinator' is closed

2022-12-30 16:45:05 - [MESSAGE][PASSED] - Window with title: 'Mailinator' is closed

2022-12-30 16:45:05 - [TEST_STEP][PASSED] - delay(3): Delayed 3 second(s)

2022-12-30 16:45:08 - [MESSAGE][PASSED] - Delayed 3 second(s)

2022-12-30 16:45:08 - [TEST_STEP][PASSED] - switchToWindowIndex(0): Switched to window with index: '0'

2022-12-30 16:45:08 - [MESSAGE][PASSED] - Switched to window with index: '0'

2022-12-30 16:45:08 - [TEST_STEP][PASSED] - delay(3): Delayed 3 second(s)

2022-12-30 16:45:11 - [MESSAGE][PASSED] - Delayed 3 second(s)

2022-12-30 16:45:11 - [TEST_STEP][PASSED] - setText(findTestObject("Object Repository/06-Teams/For 2FA/input_Enter verification code_code"), codetwo): Text '570911' is set on object 'Object Repository/06-Teams/For 2FA/input_Enter verification code_code'

2022-12-30 16:45:12 - [MESSAGE][PASSED] - Text '570911' is set on object 'Object Repository/06-Teams/For 2FA/input_Enter verification code_code'

2022-12-30 16:45:12 - [TEST_STEP][PASSED] - delay(3): Delayed 3 second(s)

2022-12-30 16:45:15 - [MESSAGE][PASSED] - Delayed 3 second(s)

2022-12-30 16:45:15 - [TEST_STEP][PASSED] - click(findTestObject("06-Teams/For 2FA/button_Verify_2FA")): Object: 'Object Repository/06-Teams/For 2FA/button_Verify_2FA' is clicked on

2022-12-30 16:45:16 - [MESSAGE][PASSED] - Object: 'Object Repository/06-Teams/For 2FA/button_Verify_2FA' is clicked on

2022-12-30 16:45:16 - [TEST_STEP][PASSED] - delay(5): Delayed 5 second(s)

2022-12-30 16:45:21 - [MESSAGE][PASSED] - Delayed 5 second(s)

2022-12-30 16:45:21 - [TEST_STEP][PASSED] - executeJavaScript("window.open();", []): Execute JavaScript 'window.open();' successfully

2022-12-30 16:45:21 - [MESSAGE][PASSED] - Execute JavaScript 'window.open();' successfully

2022-12-30 16:45:21 - [TEST_STEP][PASSED] - currentWindow = getWindowIndex(): Current window's index is: 0

2022-12-30 16:45:22 - [MESSAGE][PASSED] - Current window's index is: 0

2022-12-30 16:45:22 - [TEST_STEP][PASSED] - delay(3): Delayed 3 second(s)

2022-12-30 16:45:25 - [MESSAGE][PASSED] - Delayed 3 second(s)

2022-12-30 16:45:25 - [TEST_STEP][PASSED] - switchToWindowIndex(currentWindow + 1): Switched to window with index: '1'

2022-12-30 16:45:25 - [MESSAGE][PASSED] - Switched to window with index: '1'

2022-12-30 16:45:25 - [TEST_STEP][PASSED] - navigateToUrl("https://www.mailinator.com/"): Navigate to 'https://www.mailinator.com/' successfully

2022-12-30 16:45:30 - [MESSAGE][PASSED] - Navigate to 'https://www.mailinator.com/' successfully

2022-12-30 16:45:30 - [TEST_STEP][PASSED] - delay(3): Delayed 3 second(s)

2022-12-30 16:45:33 - [MESSAGE][PASSED] - Delayed 3 second(s)

2022-12-30 16:45:33 - [TEST_STEP][PASSED] - setText(findTestObject("00-Signup and Activation/zMailinator/input_LOGIN_search"), "autotester10@mailinator.com"): Text 'autotester10@mailinator.com' is set on object 'Object Repository/00-Signup and Activation/zMailinator/input_LOGIN_search'

2022-12-30 16:45:34 - [MESSAGE][PASSED] - Text 'autotester10@mailinator.com' is set on object 'Object Repository/00-Signup and Activation/zMailinator/input_LOGIN_search'

2022-12-30 16:45:34 - [TEST_STEP][PASSED] - click(findTestObject("00-Signup and Activation/zMailinator/gobutton"), STOP_ON_FAILURE): Object: 'Object Repository/00-Signup and Activation/zMailinator/gobutton' is clicked on

2022-12-30 16:45:37 - [MESSAGE][PASSED] - Object: 'Object Repository/00-Signup and Activation/zMailinator/gobutton' is clicked on

2022-12-30 16:45:37 - [TEST_STEP][PASSED] - delay(3): Delayed 3 second(s)

2022-12-30 16:45:40 - [MESSAGE][PASSED] - Delayed 3 second(s)

2022-12-30 16:45:40 - [TEST_STEP][PASSED] - closeWindowTitle("Everleagues"): Window with title: 'Everleagues' is closed

2022-12-30 16:45:41 - [MESSAGE][PASSED] - Window with title: 'Everleagues' is closed

2022-12-30 16:45:41 - [TEST_STEP][PASSED] - switchToWindowIndex(0): Switched to window with index: '0'

2022-12-30 16:45:41 - [MESSAGE][PASSED] - Switched to window with index: '0'

2022-12-30 16:45:41 - [TEST_STEP][PASSED] - click(findTestObject("09-Settings/Users/Co worker/td_Invitation from GG Automation")): Object: 'Object Repository/09-Settings/Users/Co worker/td_Invitation from GG Automation' is clicked on

2022-12-30 16:45:42 - [MESSAGE][PASSED] - Object: 'Object Repository/09-Settings/Users/Co worker/td_Invitation from GG Automation' is clicked on

2022-12-30 16:45:42 - [TEST_STEP][PASSED] - click(findTestObject("09-Settings/Users/Co worker/a_Click here to join GG Automation on EverLeagues")): Object: 'Object Repository/09-Settings/Users/Co worker/a_Click here to join GG Automation on EverLeagues' is clicked on

2022-12-30 16:45:43 - [MESSAGE][PASSED] - Object: 'Object Repository/09-Settings/Users/Co worker/a_Click here to join GG Automation on EverLeagues' is clicked on

2022-12-30 16:45:44 - [TEST_STEP][PASSED] - closeWindowTitle("Mailinator"): Window with title: 'Mailinator' is closed

2022-12-30 16:45:44 - [MESSAGE][PASSED] - Window with title: 'Mailinator' is closed

2022-12-30 16:45:44 - [TEST_STEP][PASSED] - switchToWindowIndex(0): Switched to window with index: '0'

2022-12-30 16:45:44 - [MESSAGE][PASSED] - Switched to window with index: '0'

2022-12-30 16:45:44 - [TEST_STEP][PASSED] - verifyElementVisible(findTestObject("09-Settings/Users/Client/Invite modal")): Object 'Object Repository/09-Settings/Users/Client/Invite modal' is visible

2022-12-30 16:46:04 - [MESSAGE][PASSED] - Object 'Object Repository/09-Settings/Users/Client/Invite modal' is visible

2022-12-30 16:46:04 - [TEST_STEP][PASSED] - setText(findTestObject("09-Settings/Users/Client/Company field"), "QA Company"): Text 'QA Company' is set on object 'Object Repository/09-Settings/Users/Client/Company field'

2022-12-30 16:46:06 - [MESSAGE][PASSED] - Text 'QA Company' is set on object 'Object Repository/09-Settings/Users/Client/Company field'

2022-12-30 16:46:06 - [TEST_STEP][PASSED] - click(findTestObject("09-Settings/Users/Client/button_Accept")): Object: 'Object Repository/09-Settings/Users/Client/button_Accept' is clicked on

2022-12-30 16:46:07 - [MESSAGE][PASSED] - Object: 'Object Repository/09-Settings/Users/Client/button_Accept' is clicked on

2022-12-30 16:46:07 - [TEST_STEP][PASSED] - delay(5): Delayed 5 second(s)

2022-12-30 16:46:12 - [MESSAGE][PASSED] - Delayed 5 second(s)

2022-12-30 16:46:12 - [TEST_STEP][PASSED] - verifyElementVisible(findTestObject("09-Settings/Users/div_Joined as Partner")): Object 'Object Repository/09-Settings/Users/div_Joined as Partner' is visible

2022-12-30 16:46:14 - [MESSAGE][PASSED] - Object 'Object Repository/09-Settings/Users/div_Joined as Partner' is visible

2022-12-30 16:46:14 - [TEST_STEP][PASSED] - delay(3): Delayed 3 second(s)

2022-12-30 16:46:17 - [MESSAGE][PASSED] - Delayed 3 second(s)

2022-12-30 16:46:17 - [TEST_STEP][PASSED] - closeBrowser(): Browser is closed

2022-12-30 16:46:19 - [MESSAGE][PASSED] - Browser is closed]]></system-out>
         <system-err><![CDATA[]]></system-err>
      </testcase>
      <testcase name="Test Cases/09-Settings/05 - Users (Invite batch of users via CSV file)" time="365.512" classname="Test Cases/09-Settings/05 - Users (Invite batch of users via CSV file)" status="PASSED">
         <system-out><![CDATA[2022-12-30 16:46:19 - [TEST_CASE][PASSED] - Test Cases/09-Settings/05 - Users (Invite batch of users via CSV file): Test Cases/09-Settings/05 - Users (Invite batch of users via CSV file)

2022-12-30 16:46:21 - [TEST_STEP][PASSED] - openBrowser(""): Browser is opened with url: ''

2022-12-30 16:46:21 - [MESSAGE][INFO] - Starting 'Chrome' driver

2022-12-30 16:46:21 - [MESSAGE][INFO] - Action delay is set to 0 milliseconds

2022-12-30 16:46:23 - [MESSAGE][PASSED] - Browser is opened with url: ''

2022-12-30 16:46:23 - [TEST_STEP][PASSED] - navigateToUrl("https://lab.everleagues.com/"): Navigate to 'https://lab.everleagues.com/' successfully

2022-12-30 16:50:26 - [MESSAGE][PASSED] - Navigate to 'https://lab.everleagues.com/' successfully

2022-12-30 16:50:26 - [TEST_STEP][PASSED] - maximizeWindow(): Current window maximized

2022-12-30 16:50:26 - [MESSAGE][PASSED] - Current window maximized

2022-12-30 16:50:26 - [TEST_STEP][PASSED] - setText(findTestObject("02-Side Icons(Organization)/Add Contact/Email Field"), "testuser02@mailinator.com"): Text 'testuser02@mailinator.com' is set on object 'Object Repository/02-Side Icons(Organization)/Add Contact/Email Field'

2022-12-30 16:50:28 - [MESSAGE][PASSED] - Text 'testuser02@mailinator.com' is set on object 'Object Repository/02-Side Icons(Organization)/Add Contact/Email Field'

2022-12-30 16:50:28 - [TEST_STEP][PASSED] - setEncryptedText(findTestObject("02-Side Icons(Organization)/Add Contact/Password Field"), "8yFRyszE6U6jvsCn51OQbg=="): Text ****** has been set on object 'Object Repository/02-Side Icons(Organization)/Add Contact/Password Field'

2022-12-30 16:50:29 - [MESSAGE][PASSED] - Text ****** has been set on object 'Object Repository/02-Side Icons(Organization)/Add Contact/Password Field'

2022-12-30 16:50:29 - [TEST_STEP][PASSED] - click(findTestObject("02-Side Icons(Organization)/Add Contact/button_Sign in")): Object: 'Object Repository/02-Side Icons(Organization)/Add Contact/button_Sign in' is clicked on

2022-12-30 16:50:30 - [MESSAGE][PASSED] - Object: 'Object Repository/02-Side Icons(Organization)/Add Contact/button_Sign in' is clicked on

2022-12-30 16:50:30 - [TEST_STEP][PASSED] - delay(2): Delayed 2 second(s)

2022-12-30 16:50:32 - [MESSAGE][PASSED] - Delayed 2 second(s)

2022-12-30 16:50:32 - [TEST_STEP][PASSED] - click(findTestObject("06-Teams/For 2FA/button_Confirm_2FA")): Object: 'Object Repository/06-Teams/For 2FA/button_Confirm_2FA' is clicked on

2022-12-30 16:50:33 - [MESSAGE][PASSED] - Object: 'Object Repository/06-Teams/For 2FA/button_Confirm_2FA' is clicked on

2022-12-30 16:50:33 - [TEST_STEP][PASSED] - executeJavaScript("window.open();", []): Execute JavaScript 'window.open();' successfully

2022-12-30 16:50:33 - [MESSAGE][PASSED] - Execute JavaScript 'window.open();' successfully

2022-12-30 16:50:33 - [TEST_STEP][PASSED] - currentWindow = getWindowIndex(): Current window's index is: 0

2022-12-30 16:50:33 - [MESSAGE][PASSED] - Current window's index is: 0

2022-12-30 16:50:33 - [TEST_STEP][PASSED] - delay(3): Delayed 3 second(s)

2022-12-30 16:50:36 - [MESSAGE][PASSED] - Delayed 3 second(s)

2022-12-30 16:50:36 - [TEST_STEP][PASSED] - switchToWindowIndex(currentWindow + 1): Switched to window with index: '1'

2022-12-30 16:50:36 - [MESSAGE][PASSED] - Switched to window with index: '1'

2022-12-30 16:50:36 - [TEST_STEP][PASSED] - navigateToUrl("https://www.mailinator.com/"): Navigate to 'https://www.mailinator.com/' successfully

2022-12-30 16:50:42 - [MESSAGE][PASSED] - Navigate to 'https://www.mailinator.com/' successfully

2022-12-30 16:50:42 - [TEST_STEP][PASSED] - delay(3): Delayed 3 second(s)

2022-12-30 16:50:45 - [MESSAGE][PASSED] - Delayed 3 second(s)

2022-12-30 16:50:45 - [TEST_STEP][PASSED] - setText(findTestObject("00-Signup and Activation/zMailinator/input_LOGIN_search"), "testuser02@mailinator.com"): Text 'testuser02@mailinator.com' is set on object 'Object Repository/00-Signup and Activation/zMailinator/input_LOGIN_search'

2022-12-30 16:50:47 - [MESSAGE][PASSED] - Text 'testuser02@mailinator.com' is set on object 'Object Repository/00-Signup and Activation/zMailinator/input_LOGIN_search'

2022-12-30 16:50:47 - [TEST_STEP][PASSED] - click(findTestObject("00-Signup and Activation/zMailinator/gobutton"), STOP_ON_FAILURE): Object: 'Object Repository/00-Signup and Activation/zMailinator/gobutton' is clicked on

2022-12-30 16:50:49 - [MESSAGE][PASSED] - Object: 'Object Repository/00-Signup and Activation/zMailinator/gobutton' is clicked on

2022-12-30 16:50:49 - [TEST_STEP][PASSED] - delay(3): Delayed 3 second(s)

2022-12-30 16:50:52 - [MESSAGE][PASSED] - Delayed 3 second(s)

2022-12-30 16:50:52 - [TEST_STEP][PASSED] - click(findTestObject("00-Signup and Activation/zMailinator/Email - everleagues")): Object: 'Object Repository/00-Signup and Activation/zMailinator/Email - everleagues' is clicked on

2022-12-30 16:50:53 - [MESSAGE][PASSED] - Object: 'Object Repository/00-Signup and Activation/zMailinator/Email - everleagues' is clicked on

2022-12-30 16:50:53 - [TEST_STEP][PASSED] - delay(3): Delayed 3 second(s)

2022-12-30 16:50:56 - [MESSAGE][PASSED] - Delayed 3 second(s)

2022-12-30 16:50:56 - [TEST_STEP][PASSED] - code = getText(findTestObject("Object Repository/06-Teams/For 2FA/2FA code")): Text of object 'Object Repository/06-Teams/For 2FA/2FA code' is: '101010'

2022-12-30 16:50:57 - [MESSAGE][PASSED] - Text of object 'Object Repository/06-Teams/For 2FA/2FA code' is: '101010'

2022-12-30 16:50:57 - [TEST_STEP][PASSED] - delay(3): Delayed 3 second(s)

2022-12-30 16:51:00 - [MESSAGE][PASSED] - Delayed 3 second(s)

2022-12-30 16:51:00 - [TEST_STEP][PASSED] - closeWindowTitle("Mailinator"): Window with title: 'Mailinator' is closed

2022-12-30 16:51:01 - [MESSAGE][PASSED] - Window with title: 'Mailinator' is closed

2022-12-30 16:51:01 - [TEST_STEP][PASSED] - delay(3): Delayed 3 second(s)

2022-12-30 16:51:04 - [MESSAGE][PASSED] - Delayed 3 second(s)

2022-12-30 16:51:04 - [TEST_STEP][PASSED] - switchToWindowIndex(0): Switched to window with index: '0'

2022-12-30 16:51:04 - [MESSAGE][PASSED] - Switched to window with index: '0'

2022-12-30 16:51:04 - [TEST_STEP][PASSED] - delay(3): Delayed 3 second(s)

2022-12-30 16:51:07 - [MESSAGE][PASSED] - Delayed 3 second(s)

2022-12-30 16:51:07 - [TEST_STEP][PASSED] - setText(findTestObject("Object Repository/06-Teams/For 2FA/input_Enter verification code_code"), code): Text '101010' is set on object 'Object Repository/06-Teams/For 2FA/input_Enter verification code_code'

2022-12-30 16:51:09 - [MESSAGE][PASSED] - Text '101010' is set on object 'Object Repository/06-Teams/For 2FA/input_Enter verification code_code'

2022-12-30 16:51:09 - [TEST_STEP][PASSED] - delay(3): Delayed 3 second(s)

2022-12-30 16:51:12 - [MESSAGE][PASSED] - Delayed 3 second(s)

2022-12-30 16:51:12 - [TEST_STEP][PASSED] - click(findTestObject("06-Teams/For 2FA/button_Verify_2FA")): Object: 'Object Repository/06-Teams/For 2FA/button_Verify_2FA' is clicked on

2022-12-30 16:51:13 - [MESSAGE][PASSED] - Object: 'Object Repository/06-Teams/For 2FA/button_Verify_2FA' is clicked on

2022-12-30 16:51:13 - [TEST_STEP][PASSED] - delay(5): Delayed 5 second(s)

2022-12-30 16:51:18 - [MESSAGE][PASSED] - Delayed 5 second(s)

2022-12-30 16:51:18 - [TEST_STEP][PASSED] - click(findTestObject("06-Teams/button_doublearrow")): Object: 'Object Repository/06-Teams/button_doublearrow' is clicked on

2022-12-30 16:51:20 - [MESSAGE][PASSED] - Object: 'Object Repository/06-Teams/button_doublearrow' is clicked on

2022-12-30 16:51:20 - [TEST_STEP][PASSED] - click(findTestObject("06-Teams/button_My Organizations")): Object: 'Object Repository/06-Teams/button_My Organizations' is clicked on

2022-12-30 16:51:21 - [MESSAGE][PASSED] - Object: 'Object Repository/06-Teams/button_My Organizations' is clicked on

2022-12-30 16:51:21 - [TEST_STEP][PASSED] - click(findTestObject("06-Teams/button_GG Automation")): Object: 'Object Repository/06-Teams/button_GG Automation' is clicked on

2022-12-30 16:51:23 - [MESSAGE][PASSED] - Object: 'Object Repository/06-Teams/button_GG Automation' is clicked on

2022-12-30 16:51:23 - [TEST_STEP][PASSED] - delay(4): Delayed 4 second(s)

2022-12-30 16:51:27 - [MESSAGE][PASSED] - Delayed 4 second(s)

2022-12-30 16:51:27 - [TEST_STEP][PASSED] - verifyElementVisible(findTestObject("06-Teams/span_GG Automation")): Object 'Object Repository/06-Teams/span_GG Automation' is visible

2022-12-30 16:51:28 - [MESSAGE][PASSED] - Object 'Object Repository/06-Teams/span_GG Automation' is visible

2022-12-30 16:51:28 - [TEST_STEP][PASSED] - delay(5): Delayed 5 second(s)

2022-12-30 16:51:33 - [MESSAGE][PASSED] - Delayed 5 second(s)

2022-12-30 16:51:33 - [TEST_STEP][PASSED] - click(findTestObject("03-Header Menu/Hamburger Button/div_Settings")): Object: 'Object Repository/03-Header Menu/Hamburger Button/div_Settings' is clicked on

2022-12-30 16:51:34 - [MESSAGE][PASSED] - Object: 'Object Repository/03-Header Menu/Hamburger Button/div_Settings' is clicked on

2022-12-30 16:51:34 - [TEST_STEP][PASSED] - delay(3): Delayed 3 second(s)

2022-12-30 16:51:37 - [MESSAGE][PASSED] - Delayed 3 second(s)

2022-12-30 16:51:37 - [TEST_STEP][PASSED] - scrollToElement(findTestObject("09-Settings/Users/div_Users"), 0): Scroll to object 'Object Repository/09-Settings/Users/div_Users' successfully

2022-12-30 16:51:37 - [MESSAGE][WARNING] - Timeout '0' is invalid. Using default page load timeout: '30'

2022-12-30 16:51:38 - [MESSAGE][PASSED] - Scroll to object 'Object Repository/09-Settings/Users/div_Users' successfully

2022-12-30 16:51:38 - [TEST_STEP][PASSED] - click(findTestObject("09-Settings/Users/div_Users")): Object: 'Object Repository/09-Settings/Users/div_Users' is clicked on

2022-12-30 16:51:40 - [MESSAGE][PASSED] - Object: 'Object Repository/09-Settings/Users/div_Users' is clicked on

2022-12-30 16:51:40 - [TEST_STEP][PASSED] - delay(3): Delayed 3 second(s)

2022-12-30 16:51:43 - [MESSAGE][PASSED] - Delayed 3 second(s)

2022-12-30 16:51:43 - [TEST_STEP][PASSED] - click(findTestObject("09-Settings/Users/button_add")): Object: 'Object Repository/09-Settings/Users/button_add' is clicked on

2022-12-30 16:51:44 - [MESSAGE][PASSED] - Object: 'Object Repository/09-Settings/Users/button_add' is clicked on

2022-12-30 16:51:44 - [TEST_STEP][PASSED] - delay(3): Delayed 3 second(s)

2022-12-30 16:51:47 - [MESSAGE][PASSED] - Delayed 3 second(s)

2022-12-30 16:51:47 - [TEST_STEP][PASSED] - click(findTestObject("09-Settings/Users/Invite batch of users via CSV file")): Object: 'Object Repository/09-Settings/Users/Invite batch of users via CSV file' is clicked on

2022-12-30 16:51:48 - [MESSAGE][PASSED] - Object: 'Object Repository/09-Settings/Users/Invite batch of users via CSV file' is clicked on

2022-12-30 16:51:48 - [TEST_STEP][PASSED] - verifyElementVisible(findTestObject("09-Settings/Users/CSV Invite/Import CSV File modal")): Object 'Object Repository/09-Settings/Users/CSV Invite/Import CSV File modal' is visible

2022-12-30 16:51:49 - [MESSAGE][PASSED] - Object 'Object Repository/09-Settings/Users/CSV Invite/Import CSV File modal' is visible

2022-12-30 16:51:49 - [TEST_STEP][PASSED] - verifyElementNotClickable(findTestObject("09-Settings/Users/CSV Invite/button_Import")): Object 'Object Repository/09-Settings/Users/CSV Invite/button_Import' is NOT clickable

2022-12-30 16:51:50 - [MESSAGE][PASSED] - Object 'Object Repository/09-Settings/Users/CSV Invite/button_Import' is NOT clickable

2022-12-30 16:51:50 - [TEST_STEP][PASSED] - delay(3): Delayed 3 second(s)

2022-12-30 16:51:53 - [MESSAGE][PASSED] - Delayed 3 second(s)

2022-12-30 16:51:53 - [TEST_STEP][PASSED] - uploadpackage.Upload.uploadFile(findTestObject("Object Repository/09-Settings/Users/CSV Invite/button_Choose File"), "C:\Users\asus\Desktop\EL automation\sample csv.csv"): uploadpackage.Upload.uploadFile is PASSED

2022-12-30 16:51:54 - [MESSAGE][PASSED] - Object: 'Object Repository/09-Settings/Users/CSV Invite/button_Choose File' is clicked on

2022-12-30 16:51:57 - [MESSAGE][PASSED] - uploadpackage.Upload.uploadFile is PASSED

2022-12-30 16:51:57 - [TEST_STEP][PASSED] - delay(3): Delayed 3 second(s)

2022-12-30 16:52:00 - [MESSAGE][PASSED] - Delayed 3 second(s)

2022-12-30 16:52:00 - [TEST_STEP][PASSED] - verifyElementVisible(findTestObject("09-Settings/Users/CSV Invite/div_Sample csv.csv")): Object 'Object Repository/09-Settings/Users/CSV Invite/div_Sample csv.csv' is visible

2022-12-30 16:52:01 - [MESSAGE][PASSED] - Object 'Object Repository/09-Settings/Users/CSV Invite/div_Sample csv.csv' is visible

2022-12-30 16:52:01 - [TEST_STEP][PASSED] - click(findTestObject("09-Settings/Users/CSV Invite/button_Import")): Object: 'Object Repository/09-Settings/Users/CSV Invite/button_Import' is clicked on

2022-12-30 16:52:03 - [MESSAGE][PASSED] - Object: 'Object Repository/09-Settings/Users/CSV Invite/button_Import' is clicked on

2022-12-30 16:52:03 - [TEST_STEP][PASSED] - delay(5): Delayed 5 second(s)

2022-12-30 16:52:08 - [MESSAGE][PASSED] - Delayed 5 second(s)

2022-12-30 16:52:08 - [TEST_STEP][PASSED] - verifyElementVisible(findTestObject("09-Settings/Users/CSV Invite/Success import modal")): Object 'Object Repository/09-Settings/Users/CSV Invite/Success import modal' is visible

2022-12-30 16:52:08 - [MESSAGE][PASSED] - Object 'Object Repository/09-Settings/Users/CSV Invite/Success import modal' is visible

2022-12-30 16:52:08 - [TEST_STEP][PASSED] - click(findTestObject("09-Settings/Users/CSV Invite/button_Close")): Object: 'Object Repository/09-Settings/Users/CSV Invite/button_Close' is clicked on

2022-12-30 16:52:09 - [MESSAGE][PASSED] - Object: 'Object Repository/09-Settings/Users/CSV Invite/button_Close' is clicked on

2022-12-30 16:52:09 - [TEST_STEP][PASSED] - click(findTestObject("09-Settings/Users/CSV Invite/Invited Users tab")): Object: 'Object Repository/09-Settings/Users/CSV Invite/Invited Users tab' is clicked on

2022-12-30 16:52:10 - [MESSAGE][PASSED] - Object: 'Object Repository/09-Settings/Users/CSV Invite/Invited Users tab' is clicked on

2022-12-30 16:52:10 - [TEST_STEP][PASSED] - delay(3): Delayed 3 second(s)

2022-12-30 16:52:13 - [MESSAGE][PASSED] - Delayed 3 second(s)

2022-12-30 16:52:13 - [TEST_STEP][PASSED] - verifyElementVisible(findTestObject("09-Settings/Users/CSV Invite/div_CTCSV test3")): Object 'Object Repository/09-Settings/Users/CSV Invite/div_CTCSV test3' is visible

2022-12-30 16:52:14 - [MESSAGE][PASSED] - Object 'Object Repository/09-Settings/Users/CSV Invite/div_CTCSV test3' is visible

2022-12-30 16:52:14 - [TEST_STEP][PASSED] - verifyElementVisible(findTestObject("09-Settings/Users/CSV Invite/div_autotester08mailinator.com")): Object 'Object Repository/09-Settings/Users/CSV Invite/div_autotester08mailinator.com' is visible

2022-12-30 16:52:15 - [MESSAGE][PASSED] - Object 'Object Repository/09-Settings/Users/CSV Invite/div_autotester08mailinator.com' is visible

2022-12-30 16:52:15 - [TEST_STEP][PASSED] - verifyElementVisible(findTestObject("09-Settings/Users/CSV Invite/div_Partner")): Object 'Object Repository/09-Settings/Users/CSV Invite/div_Partner' is visible

2022-12-30 16:52:16 - [MESSAGE][PASSED] - Object 'Object Repository/09-Settings/Users/CSV Invite/div_Partner' is visible

2022-12-30 16:52:16 - [TEST_STEP][PASSED] - verifyElementVisible(findTestObject("09-Settings/Users/CSV Invite/div_CTCSV test2")): Object 'Object Repository/09-Settings/Users/CSV Invite/div_CTCSV test2' is visible

2022-12-30 16:52:16 - [MESSAGE][PASSED] - Object 'Object Repository/09-Settings/Users/CSV Invite/div_CTCSV test2' is visible

2022-12-30 16:52:16 - [TEST_STEP][PASSED] - verifyElementVisible(findTestObject("09-Settings/Users/CSV Invite/div_autotester07mailinator.com")): Object 'Object Repository/09-Settings/Users/CSV Invite/div_autotester07mailinator.com' is visible

2022-12-30 16:52:17 - [MESSAGE][PASSED] - Object 'Object Repository/09-Settings/Users/CSV Invite/div_autotester07mailinator.com' is visible

2022-12-30 16:52:17 - [TEST_STEP][PASSED] - verifyElementVisible(findTestObject("09-Settings/Users/CSV Invite/div_Client")): Object 'Object Repository/09-Settings/Users/CSV Invite/div_Client' is visible

2022-12-30 16:52:18 - [MESSAGE][PASSED] - Object 'Object Repository/09-Settings/Users/CSV Invite/div_Client' is visible

2022-12-30 16:52:18 - [TEST_STEP][PASSED] - verifyElementVisible(findTestObject("09-Settings/Users/CSV Invite/div_CTCSV test1")): Object 'Object Repository/09-Settings/Users/CSV Invite/div_CTCSV test1' is visible

2022-12-30 16:52:18 - [MESSAGE][PASSED] - Object 'Object Repository/09-Settings/Users/CSV Invite/div_CTCSV test1' is visible

2022-12-30 16:52:18 - [TEST_STEP][PASSED] - verifyElementVisible(findTestObject("09-Settings/Users/CSV Invite/div_autotester06mailinator.com")): Object 'Object Repository/09-Settings/Users/CSV Invite/div_autotester06mailinator.com' is visible

2022-12-30 16:52:19 - [MESSAGE][PASSED] - Object 'Object Repository/09-Settings/Users/CSV Invite/div_autotester06mailinator.com' is visible

2022-12-30 16:52:19 - [TEST_STEP][PASSED] - verifyElementVisible(findTestObject("09-Settings/Users/CSV Invite/div_Coworker")): Object 'Object Repository/09-Settings/Users/CSV Invite/div_Coworker' is visible

2022-12-30 16:52:20 - [MESSAGE][PASSED] - Object 'Object Repository/09-Settings/Users/CSV Invite/div_Coworker' is visible

2022-12-30 16:52:20 - [TEST_STEP][PASSED] - delay(3): Delayed 3 second(s)

2022-12-30 16:52:23 - [MESSAGE][PASSED] - Delayed 3 second(s)

2022-12-30 16:52:23 - [TEST_STEP][PASSED] - closeBrowser(): Browser is closed

2022-12-30 16:52:24 - [MESSAGE][PASSED] - Browser is closed]]></system-out>
         <system-err><![CDATA[]]></system-err>
      </testcase>
      <system-out><![CDATA[2022-12-30 16:20:09 - [TEST_SUITE][PASSED] - 09.1 - Settings (Invite users): Test Cases/09-Settings/05 - Users (Invite batch of users via CSV file)]]></system-out>
      <system-err><![CDATA[]]></system-err>
   </testsuite>
</testsuites>
