<?xml version="1.0" encoding="UTF-8"?>
<testsuites name="02-Side Icons" time="195.147" tests="4" failures="0" errors="0">
   <testsuite name="02-Side Icons" tests="4" failures="0" errors="0" time="195.147" skipped="0" timestamp="2023-01-02 15:25:45" hostname="asus - DESKTOP-3L3J9C1" id="Test Suites/TS-Organization/02-Side Icons">
      <properties>
         <property name="deviceName" value=""/>
         <property name="devicePlatform" value=""/>
         <property name="logFolder" value="C:\\Users\\asus\\Katalon Studio\\Everleagues\\Everleagues\\Reports\\20230102_152531\\TS-Organization\\02-Side Icons\\20230102_152531"/>
         <property name="logFiles" value="C:\\Users\\asus\\Katalon Studio\\Everleagues\\Everleagues\\Reports\\20230102_152531\\TS-Organization\\02-Side Icons\\20230102_152531\\execution0.log"/>
         <property name="attachments" value=""/>
         <property name="hostName" value="asus - DESKTOP-3L3J9C1"/>
         <property name="os" value="Windows 10 64bit"/>
         <property name="katalonVersion" value="8.4.1.208"/>
         <property name="browser" value="Chrome 108.0.0.0"/>
         <property name="hostAddress" value="192.168.5.82"/>
         <property name="sessionId" value="8c55121af55dd1dc2c5f479ad2a62ef9"/>
         <property name="seleniumVersion" value="3.141.59"/>
         <property name="proxyInformation" value="ProxyInformation { proxyOption=NO_PROXY, proxyServerType=HTTP, username=, password=********, proxyServerAddress=, proxyServerPort=0, executionList=&quot;&quot;, isApplyToDesiredCapabilities=true }"/>
         <property name="platform" value="Windows 10"/>
      </properties>
      <testcase name="Test Cases/02-Side Icons (Organization)/01- (Add Contact)" time="146.62" classname="Test Cases/02-Side Icons (Organization)/01- (Add Contact)" status="PASSED">
         <system-out><![CDATA[2023-01-02 15:25:47 - [TEST_CASE][PASSED] - Test Cases/02-Side Icons (Organization)/01- (Add Contact): Test Cases/02-Side Icons (Organization)/01- (Add Contact)

2023-01-02 15:25:49 - [TEST_STEP][PASSED] - openBrowser(""): Browser is opened with url: ''

2023-01-02 15:25:51 - [MESSAGE][INFO] - Starting 'Chrome' driver

2023-01-02 15:25:51 - [MESSAGE][INFO] - Action delay is set to 0 milliseconds

2023-01-02 15:26:03 - [MESSAGE][PASSED] - Browser is opened with url: ''

2023-01-02 15:26:03 - [TEST_STEP][PASSED] - navigateToUrl("https://lab.everleagues.com/login?returnUrl=%2Fmain%2Fdashboard"): Navigate to 'https://lab.everleagues.com/login?returnUrl=%2Fmain%2Fdashboard' successfully

2023-01-02 15:26:26 - [MESSAGE][PASSED] - Navigate to 'https://lab.everleagues.com/login?returnUrl=%2Fmain%2Fdashboard' successfully

2023-01-02 15:26:26 - [TEST_STEP][PASSED] - maximizeWindow(): Current window maximized

2023-01-02 15:26:27 - [MESSAGE][PASSED] - Current window maximized

2023-01-02 15:26:27 - [TEST_STEP][PASSED] - setText(findTestObject("02-Side Icons(Organization)/Add Contact/Email Field"), "testuser02@mailinator.com"): Text 'testuser02@mailinator.com' is set on object 'Object Repository/02-Side Icons(Organization)/Add Contact/Email Field'

2023-01-02 15:26:29 - [MESSAGE][PASSED] - Text 'testuser02@mailinator.com' is set on object 'Object Repository/02-Side Icons(Organization)/Add Contact/Email Field'

2023-01-02 15:26:29 - [TEST_STEP][PASSED] - setEncryptedText(findTestObject("02-Side Icons(Organization)/Add Contact/Password Field"), "8yFRyszE6U6jvsCn51OQbg=="): Text ****** has been set on object 'Object Repository/02-Side Icons(Organization)/Add Contact/Password Field'

2023-01-02 15:26:31 - [MESSAGE][PASSED] - Text ****** has been set on object 'Object Repository/02-Side Icons(Organization)/Add Contact/Password Field'

2023-01-02 15:26:31 - [TEST_STEP][PASSED] - click(findTestObject("02-Side Icons(Organization)/Add Contact/button_Sign in")): Object: 'Object Repository/02-Side Icons(Organization)/Add Contact/button_Sign in' is clicked on

2023-01-02 15:26:32 - [MESSAGE][PASSED] - Object: 'Object Repository/02-Side Icons(Organization)/Add Contact/button_Sign in' is clicked on

2023-01-02 15:26:32 - [TEST_STEP][PASSED] - delay(2): Delayed 2 second(s)

2023-01-02 15:26:34 - [MESSAGE][PASSED] - Delayed 2 second(s)

2023-01-02 15:26:34 - [TEST_STEP][PASSED] - click(findTestObject("06-Teams/For 2FA/button_Confirm_2FA")): Object: 'Object Repository/06-Teams/For 2FA/button_Confirm_2FA' is clicked on

2023-01-02 15:26:35 - [MESSAGE][PASSED] - Object: 'Object Repository/06-Teams/For 2FA/button_Confirm_2FA' is clicked on

2023-01-02 15:26:35 - [TEST_STEP][PASSED] - executeJavaScript("window.open();", []): Execute JavaScript 'window.open();' successfully

2023-01-02 15:26:36 - [MESSAGE][PASSED] - Execute JavaScript 'window.open();' successfully

2023-01-02 15:26:36 - [TEST_STEP][PASSED] - currentWindow = getWindowIndex(): Current window's index is: 0

2023-01-02 15:26:36 - [MESSAGE][PASSED] - Current window's index is: 0

2023-01-02 15:26:36 - [TEST_STEP][PASSED] - delay(3): Delayed 3 second(s)

2023-01-02 15:26:39 - [MESSAGE][PASSED] - Delayed 3 second(s)

2023-01-02 15:26:39 - [TEST_STEP][PASSED] - switchToWindowIndex(currentWindow + 1): Switched to window with index: '1'

2023-01-02 15:26:39 - [MESSAGE][PASSED] - Switched to window with index: '1'

2023-01-02 15:26:39 - [TEST_STEP][PASSED] - navigateToUrl("https://www.mailinator.com/"): Navigate to 'https://www.mailinator.com/' successfully

2023-01-02 15:26:49 - [MESSAGE][PASSED] - Navigate to 'https://www.mailinator.com/' successfully

2023-01-02 15:26:49 - [TEST_STEP][PASSED] - delay(3): Delayed 3 second(s)

2023-01-02 15:26:52 - [MESSAGE][PASSED] - Delayed 3 second(s)

2023-01-02 15:26:52 - [TEST_STEP][PASSED] - setText(findTestObject("00-Signup and Activation/zMailinator/input_LOGIN_search"), "testuser02@mailinator.com"): Text 'testuser02@mailinator.com' is set on object 'Object Repository/00-Signup and Activation/zMailinator/input_LOGIN_search'

2023-01-02 15:26:53 - [MESSAGE][PASSED] - Text 'testuser02@mailinator.com' is set on object 'Object Repository/00-Signup and Activation/zMailinator/input_LOGIN_search'

2023-01-02 15:26:53 - [TEST_STEP][PASSED] - click(findTestObject("00-Signup and Activation/zMailinator/gobutton"), STOP_ON_FAILURE): Object: 'Object Repository/00-Signup and Activation/zMailinator/gobutton' is clicked on

2023-01-02 15:26:57 - [MESSAGE][PASSED] - Object: 'Object Repository/00-Signup and Activation/zMailinator/gobutton' is clicked on

2023-01-02 15:26:57 - [TEST_STEP][PASSED] - delay(3): Delayed 3 second(s)

2023-01-02 15:27:00 - [MESSAGE][PASSED] - Delayed 3 second(s)

2023-01-02 15:27:00 - [TEST_STEP][PASSED] - click(findTestObject("00-Signup and Activation/zMailinator/Email - everleagues")): Object: 'Object Repository/00-Signup and Activation/zMailinator/Email - everleagues' is clicked on

2023-01-02 15:27:02 - [MESSAGE][PASSED] - Object: 'Object Repository/00-Signup and Activation/zMailinator/Email - everleagues' is clicked on

2023-01-02 15:27:02 - [TEST_STEP][PASSED] - delay(3): Delayed 3 second(s)

2023-01-02 15:27:05 - [MESSAGE][PASSED] - Delayed 3 second(s)

2023-01-02 15:27:05 - [TEST_STEP][PASSED] - code = getText(findTestObject("Object Repository/06-Teams/For 2FA/2FA code")): Text of object 'Object Repository/06-Teams/For 2FA/2FA code' is: '617812'

2023-01-02 15:27:06 - [MESSAGE][PASSED] - Text of object 'Object Repository/06-Teams/For 2FA/2FA code' is: '617812'

2023-01-02 15:27:06 - [TEST_STEP][PASSED] - delay(3): Delayed 3 second(s)

2023-01-02 15:27:09 - [MESSAGE][PASSED] - Delayed 3 second(s)

2023-01-02 15:27:09 - [TEST_STEP][PASSED] - closeWindowTitle("Mailinator"): Window with title: 'Mailinator' is closed

2023-01-02 15:27:10 - [MESSAGE][PASSED] - Window with title: 'Mailinator' is closed

2023-01-02 15:27:10 - [TEST_STEP][PASSED] - delay(3): Delayed 3 second(s)

2023-01-02 15:27:13 - [MESSAGE][PASSED] - Delayed 3 second(s)

2023-01-02 15:27:14 - [TEST_STEP][PASSED] - switchToWindowIndex(0): Switched to window with index: '0'

2023-01-02 15:27:14 - [MESSAGE][PASSED] - Switched to window with index: '0'

2023-01-02 15:27:14 - [TEST_STEP][PASSED] - delay(3): Delayed 3 second(s)

2023-01-02 15:27:17 - [MESSAGE][PASSED] - Delayed 3 second(s)

2023-01-02 15:27:17 - [TEST_STEP][PASSED] - setText(findTestObject("Object Repository/06-Teams/For 2FA/input_Enter verification code_code"), code): Text '617812' is set on object 'Object Repository/06-Teams/For 2FA/input_Enter verification code_code'

2023-01-02 15:27:19 - [MESSAGE][PASSED] - Text '617812' is set on object 'Object Repository/06-Teams/For 2FA/input_Enter verification code_code'

2023-01-02 15:27:19 - [TEST_STEP][PASSED] - delay(3): Delayed 3 second(s)

2023-01-02 15:27:22 - [MESSAGE][PASSED] - Delayed 3 second(s)

2023-01-02 15:27:22 - [TEST_STEP][PASSED] - click(findTestObject("06-Teams/For 2FA/button_Verify_2FA")): Object: 'Object Repository/06-Teams/For 2FA/button_Verify_2FA' is clicked on

2023-01-02 15:27:23 - [MESSAGE][PASSED] - Object: 'Object Repository/06-Teams/For 2FA/button_Verify_2FA' is clicked on

2023-01-02 15:27:23 - [TEST_STEP][PASSED] - delay(5): Delayed 5 second(s)

2023-01-02 15:27:28 - [MESSAGE][PASSED] - Delayed 5 second(s)

2023-01-02 15:27:28 - [TEST_STEP][PASSED] - click(findTestObject("02-Side Icons(Organization)/Add Contact/Side Menu double arrow icon")): Object: 'Object Repository/02-Side Icons(Organization)/Add Contact/Side Menu double arrow icon' is clicked on

2023-01-02 15:27:30 - [MESSAGE][PASSED] - Object: 'Object Repository/02-Side Icons(Organization)/Add Contact/Side Menu double arrow icon' is clicked on

2023-01-02 15:27:30 - [TEST_STEP][PASSED] - delay(2): Delayed 2 second(s)

2023-01-02 15:27:32 - [MESSAGE][PASSED] - Delayed 2 second(s)

2023-01-02 15:27:32 - [TEST_STEP][PASSED] - click(findTestObject("02-Side Icons(Organization)/Add Contact/button_My Organizations")): Object: 'Object Repository/02-Side Icons(Organization)/Add Contact/button_My Organizations' is clicked on

2023-01-02 15:27:33 - [MESSAGE][PASSED] - Object: 'Object Repository/02-Side Icons(Organization)/Add Contact/button_My Organizations' is clicked on

2023-01-02 15:27:33 - [TEST_STEP][PASSED] - delay(2): Delayed 2 second(s)

2023-01-02 15:27:35 - [MESSAGE][PASSED] - Delayed 2 second(s)

2023-01-02 15:27:35 - [TEST_STEP][PASSED] - click(findTestObject("02-Side Icons(Organization)/Add Contact/button_Automation Test Org")): Object: 'Object Repository/02-Side Icons(Organization)/Add Contact/button_Automation Test Org' is clicked on

2023-01-02 15:27:37 - [MESSAGE][PASSED] - Object: 'Object Repository/02-Side Icons(Organization)/Add Contact/button_Automation Test Org' is clicked on

2023-01-02 15:27:37 - [TEST_STEP][PASSED] - delay(2): Delayed 2 second(s)

2023-01-02 15:27:39 - [MESSAGE][PASSED] - Delayed 2 second(s)

2023-01-02 15:27:39 - [TEST_STEP][PASSED] - verifyElementVisible(findTestObject("02-Side Icons(Organization)/Add Contact/span_Automation Test Org")): Object 'Object Repository/02-Side Icons(Organization)/Add Contact/span_Automation Test Org' is visible

2023-01-02 15:27:40 - [MESSAGE][PASSED] - Object 'Object Repository/02-Side Icons(Organization)/Add Contact/span_Automation Test Org' is visible

2023-01-02 15:27:40 - [TEST_STEP][PASSED] - delay(3): Delayed 3 second(s)

2023-01-02 15:27:43 - [MESSAGE][PASSED] - Delayed 3 second(s)

2023-01-02 15:27:43 - [TEST_STEP][PASSED] - click(findTestObject("02-Side Icons(Organization)/Add Contact/button_add new user")): Object: 'Object Repository/02-Side Icons(Organization)/Add Contact/button_add new user' is clicked on

2023-01-02 15:27:45 - [MESSAGE][PASSED] - Object: 'Object Repository/02-Side Icons(Organization)/Add Contact/button_add new user' is clicked on

2023-01-02 15:27:45 - [TEST_STEP][PASSED] - delay(3): Delayed 3 second(s)

2023-01-02 15:27:48 - [MESSAGE][PASSED] - Delayed 3 second(s)

2023-01-02 15:27:48 - [TEST_STEP][PASSED] - verifyElementVisible(findTestObject("02-Side Icons(Organization)/Add Contact/User Invitation modal")): Object 'Object Repository/02-Side Icons(Organization)/Add Contact/User Invitation modal' is visible

2023-01-02 15:27:49 - [MESSAGE][PASSED] - Object 'Object Repository/02-Side Icons(Organization)/Add Contact/User Invitation modal' is visible

2023-01-02 15:27:49 - [TEST_STEP][PASSED] - delay(2): Delayed 2 second(s)

2023-01-02 15:27:51 - [MESSAGE][PASSED] - Delayed 2 second(s)

2023-01-02 15:27:51 - [TEST_STEP][PASSED] - click(findTestObject("02-Side Icons(Organization)/Add Contact/Invite a single user option")): Object: 'Object Repository/02-Side Icons(Organization)/Add Contact/Invite a single user option' is clicked on

2023-01-02 15:27:52 - [MESSAGE][PASSED] - Object: 'Object Repository/02-Side Icons(Organization)/Add Contact/Invite a single user option' is clicked on

2023-01-02 15:27:52 - [TEST_STEP][PASSED] - verifyElementVisible(findTestObject("02-Side Icons(Organization)/Add Contact/Invite New user modal")): Object 'Object Repository/02-Side Icons(Organization)/Add Contact/Invite New user modal' is visible

2023-01-02 15:27:54 - [MESSAGE][PASSED] - Object 'Object Repository/02-Side Icons(Organization)/Add Contact/Invite New user modal' is visible

2023-01-02 15:27:54 - [TEST_STEP][PASSED] - delay(2): Delayed 2 second(s)

2023-01-02 15:27:56 - [MESSAGE][PASSED] - Delayed 2 second(s)

2023-01-02 15:27:56 - [TEST_STEP][PASSED] - click(findTestObject("02-Side Icons(Organization)/Add Contact/button_Cancel")): Object: 'Object Repository/02-Side Icons(Organization)/Add Contact/button_Cancel' is clicked on

2023-01-02 15:27:57 - [MESSAGE][PASSED] - Object: 'Object Repository/02-Side Icons(Organization)/Add Contact/button_Cancel' is clicked on

2023-01-02 15:27:57 - [TEST_STEP][PASSED] - delay(2): Delayed 2 second(s)

2023-01-02 15:27:59 - [MESSAGE][PASSED] - Delayed 2 second(s)

2023-01-02 15:27:59 - [TEST_STEP][PASSED] - click(findTestObject("02-Side Icons(Organization)/Add Contact/button_add new user")): Object: 'Object Repository/02-Side Icons(Organization)/Add Contact/button_add new user' is clicked on

2023-01-02 15:28:00 - [MESSAGE][PASSED] - Object: 'Object Repository/02-Side Icons(Organization)/Add Contact/button_add new user' is clicked on

2023-01-02 15:28:00 - [TEST_STEP][PASSED] - delay(3): Delayed 3 second(s)

2023-01-02 15:28:03 - [MESSAGE][PASSED] - Delayed 3 second(s)

2023-01-02 15:28:03 - [TEST_STEP][PASSED] - verifyElementVisible(findTestObject("02-Side Icons(Organization)/Add Contact/User Invitation modal")): Object 'Object Repository/02-Side Icons(Organization)/Add Contact/User Invitation modal' is visible

2023-01-02 15:28:04 - [MESSAGE][PASSED] - Object 'Object Repository/02-Side Icons(Organization)/Add Contact/User Invitation modal' is visible

2023-01-02 15:28:04 - [TEST_STEP][PASSED] - delay(2): Delayed 2 second(s)

2023-01-02 15:28:06 - [MESSAGE][PASSED] - Delayed 2 second(s)

2023-01-02 15:28:06 - [TEST_STEP][PASSED] - click(findTestObject("02-Side Icons(Organization)/Add Contact/Invite batch user option")): Object: 'Object Repository/02-Side Icons(Organization)/Add Contact/Invite batch user option' is clicked on

2023-01-02 15:28:08 - [MESSAGE][PASSED] - Object: 'Object Repository/02-Side Icons(Organization)/Add Contact/Invite batch user option' is clicked on

2023-01-02 15:28:08 - [TEST_STEP][PASSED] - verifyElementVisible(findTestObject("02-Side Icons(Organization)/Add Contact/Import CSV file modal")): Object 'Object Repository/02-Side Icons(Organization)/Add Contact/Import CSV file modal' is visible

2023-01-02 15:28:09 - [MESSAGE][PASSED] - Object 'Object Repository/02-Side Icons(Organization)/Add Contact/Import CSV file modal' is visible

2023-01-02 15:28:09 - [TEST_STEP][PASSED] - delay(2): Delayed 2 second(s)

2023-01-02 15:28:11 - [MESSAGE][PASSED] - Delayed 2 second(s)

2023-01-02 15:28:11 - [TEST_STEP][PASSED] - click(findTestObject("02-Side Icons(Organization)/Add Contact/button_Cancel")): Object: 'Object Repository/02-Side Icons(Organization)/Add Contact/button_Cancel' is clicked on

2023-01-02 15:28:11 - [MESSAGE][PASSED] - Object: 'Object Repository/02-Side Icons(Organization)/Add Contact/button_Cancel' is clicked on

2023-01-02 15:28:11 - [TEST_STEP][PASSED] - delay(2): Delayed 2 second(s)

2023-01-02 15:28:13 - [MESSAGE][PASSED] - Delayed 2 second(s)]]></system-out>
         <system-err><![CDATA[]]></system-err>
      </testcase>
      <testcase name="Test Cases/02-Side Icons (Organization)/02-(2FA)" time="13.013" classname="Test Cases/02-Side Icons (Organization)/02-(2FA)" status="PASSED">
         <system-out><![CDATA[2023-01-02 15:28:14 - [TEST_CASE][PASSED] - Test Cases/02-Side Icons (Organization)/02-(2FA): Test Cases/02-Side Icons (Organization)/02-(2FA)

2023-01-02 15:28:15 - [TEST_STEP][PASSED] - delay(3): Delayed 3 second(s)

2023-01-02 15:28:18 - [MESSAGE][PASSED] - Delayed 3 second(s)

2023-01-02 15:28:18 - [TEST_STEP][PASSED] - click(findTestObject("02-Side Icons(Organization)/2FA/button_2FA")): Object: 'Object Repository/02-Side Icons(Organization)/2FA/button_2FA' is clicked on

2023-01-02 15:28:20 - [MESSAGE][PASSED] - Object: 'Object Repository/02-Side Icons(Organization)/2FA/button_2FA' is clicked on

2023-01-02 15:28:20 - [TEST_STEP][PASSED] - delay(3): Delayed 3 second(s)

2023-01-02 15:28:23 - [MESSAGE][PASSED] - Delayed 3 second(s)

2023-01-02 15:28:23 - [TEST_STEP][PASSED] - verifyElementVisible(findTestObject("02-Side Icons(Organization)/2FA/span_Two Factor Authentication")): Object 'Object Repository/02-Side Icons(Organization)/2FA/span_Two Factor Authentication' is visible

2023-01-02 15:28:24 - [MESSAGE][PASSED] - Object 'Object Repository/02-Side Icons(Organization)/2FA/span_Two Factor Authentication' is visible

2023-01-02 15:28:24 - [TEST_STEP][PASSED] - delay(3): Delayed 3 second(s)

2023-01-02 15:28:27 - [MESSAGE][PASSED] - Delayed 3 second(s)]]></system-out>
         <system-err><![CDATA[]]></system-err>
      </testcase>
      <testcase name="Test Cases/02-Side Icons (Organization)/03-(Client Assignment)" time="14.528" classname="Test Cases/02-Side Icons (Organization)/03-(Client Assignment)" status="PASSED">
         <system-out><![CDATA[2023-01-02 15:28:27 - [TEST_CASE][PASSED] - Test Cases/02-Side Icons (Organization)/03-(Client Assignment): Test Cases/02-Side Icons (Organization)/03-(Client Assignment)

2023-01-02 15:28:28 - [TEST_STEP][PASSED] - delay(2): Delayed 2 second(s)

2023-01-02 15:28:30 - [MESSAGE][PASSED] - Delayed 2 second(s)

2023-01-02 15:28:30 - [TEST_STEP][PASSED] - click(findTestObject("02-Side Icons(Organization)/Client Assignment/button_Client assignment")): Object: 'Object Repository/02-Side Icons(Organization)/Client Assignment/button_Client assignment' is clicked on

2023-01-02 15:28:32 - [MESSAGE][PASSED] - Object: 'Object Repository/02-Side Icons(Organization)/Client Assignment/button_Client assignment' is clicked on

2023-01-02 15:28:32 - [TEST_STEP][PASSED] - delay(3): Delayed 3 second(s)

2023-01-02 15:28:35 - [MESSAGE][PASSED] - Delayed 3 second(s)

2023-01-02 15:28:35 - [TEST_STEP][PASSED] - verifyElementVisible(findTestObject("02-Side Icons(Organization)/Client Assignment/h4_CLIENT ASSIGNMENT")): Object 'Object Repository/02-Side Icons(Organization)/Client Assignment/h4_CLIENT ASSIGNMENT' is visible

2023-01-02 15:28:36 - [MESSAGE][PASSED] - Object 'Object Repository/02-Side Icons(Organization)/Client Assignment/h4_CLIENT ASSIGNMENT' is visible

2023-01-02 15:28:36 - [TEST_STEP][PASSED] - verifyElementVisible(findTestObject("02-Side Icons(Organization)/Client Assignment/div_By Employee")): Object 'Object Repository/02-Side Icons(Organization)/Client Assignment/div_By Employee' is visible

2023-01-02 15:28:37 - [MESSAGE][PASSED] - Object 'Object Repository/02-Side Icons(Organization)/Client Assignment/div_By Employee' is visible

2023-01-02 15:28:37 - [TEST_STEP][PASSED] - verifyElementVisible(findTestObject("02-Side Icons(Organization)/Client Assignment/div_By Client")): Object 'Object Repository/02-Side Icons(Organization)/Client Assignment/div_By Client' is visible

2023-01-02 15:28:38 - [MESSAGE][PASSED] - Object 'Object Repository/02-Side Icons(Organization)/Client Assignment/div_By Client' is visible

2023-01-02 15:28:38 - [TEST_STEP][PASSED] - delay(3): Delayed 3 second(s)

2023-01-02 15:28:41 - [MESSAGE][PASSED] - Delayed 3 second(s)]]></system-out>
         <system-err><![CDATA[]]></system-err>
      </testcase>
      <testcase name="Test Cases/02-Side Icons (Organization)/04-(Hide Quick Shortcuts)" time="19.118" classname="Test Cases/02-Side Icons (Organization)/04-(Hide Quick Shortcuts)" status="PASSED">
         <system-out><![CDATA[2023-01-02 15:28:41 - [TEST_CASE][PASSED] - Test Cases/02-Side Icons (Organization)/04-(Hide Quick Shortcuts): Test Cases/02-Side Icons (Organization)/04-(Hide Quick Shortcuts)

2023-01-02 15:28:43 - [TEST_STEP][PASSED] - delay(2): Delayed 2 second(s)

2023-01-02 15:28:45 - [MESSAGE][PASSED] - Delayed 2 second(s)

2023-01-02 15:28:45 - [TEST_STEP][PASSED] - click(findTestObject("02-Side Icons(Organization)/Hide Quick Shortcuts/button_hide quick shortcuts")): Object: 'Object Repository/02-Side Icons(Organization)/Hide Quick Shortcuts/button_hide quick shortcuts' is clicked on

2023-01-02 15:28:46 - [MESSAGE][PASSED] - Object: 'Object Repository/02-Side Icons(Organization)/Hide Quick Shortcuts/button_hide quick shortcuts' is clicked on

2023-01-02 15:28:46 - [TEST_STEP][PASSED] - delay(3): Delayed 3 second(s)

2023-01-02 15:28:49 - [MESSAGE][PASSED] - Delayed 3 second(s)

2023-01-02 15:28:49 - [TEST_STEP][PASSED] - verifyElementNotPresent(findTestObject("02-Side Icons(Organization)/2FA/button_2FA"), 0): Web element with id: 'Object Repository/02-Side Icons(Organization)/2FA/button_2FA' located by 'By.xpath: //*[@type = 'button' and (text() = 'security' or . = 'security')]' is not present after '30' second(s)

2023-01-02 15:28:50 - [MESSAGE][WARNING] - Timeout '0' is invalid. Using default page load timeout: '30'

2023-01-02 15:28:50 - [MESSAGE][PASSED] - Web element with id: 'Object Repository/02-Side Icons(Organization)/2FA/button_2FA' located by 'By.xpath: //*[@type = 'button' and (text() = 'security' or . = 'security')]' is not present after '30' second(s)

2023-01-02 15:28:50 - [TEST_STEP][PASSED] - verifyElementNotPresent(findTestObject("02-Side Icons(Organization)/Add Contact/button_add new user"), 0): Web element with id: 'Object Repository/02-Side Icons(Organization)/Add Contact/button_add new user' located by 'By.xpath: //button[@type = 'button' and @ng-reflect-message = 'Invite New User' and (text() = 'person_add' or . = 'person_add')]' is not present after '30' second(s)

2023-01-02 15:28:51 - [MESSAGE][WARNING] - Timeout '0' is invalid. Using default page load timeout: '30'

2023-01-02 15:28:51 - [MESSAGE][PASSED] - Web element with id: 'Object Repository/02-Side Icons(Organization)/Add Contact/button_add new user' located by 'By.xpath: //button[@type = 'button' and @ng-reflect-message = 'Invite New User' and (text() = 'person_add' or . = 'person_add')]' is not present after '30' second(s)

2023-01-02 15:28:51 - [TEST_STEP][PASSED] - verifyElementNotPresent(findTestObject("02-Side Icons(Organization)/Client Assignment/button_Client assignment"), 0): Web element with id: 'Object Repository/02-Side Icons(Organization)/Client Assignment/button_Client assignment' located by 'By.xpath: //*[@type = 'button' and (text() = 'assignment_ind' or . = 'assignment_ind')]' is not present after '30' second(s)

2023-01-02 15:28:51 - [MESSAGE][WARNING] - Timeout '0' is invalid. Using default page load timeout: '30'

2023-01-02 15:28:52 - [MESSAGE][PASSED] - Web element with id: 'Object Repository/02-Side Icons(Organization)/Client Assignment/button_Client assignment' located by 'By.xpath: //*[@type = 'button' and (text() = 'assignment_ind' or . = 'assignment_ind')]' is not present after '30' second(s)

2023-01-02 15:28:52 - [TEST_STEP][PASSED] - delay(3): Delayed 3 second(s)

2023-01-02 15:28:55 - [MESSAGE][PASSED] - Delayed 3 second(s)

2023-01-02 15:28:55 - [TEST_STEP][PASSED] - click(findTestObject("02-Side Icons(Organization)/Hide Quick Shortcuts/button_Show quick shortcuts")): Object: 'Object Repository/02-Side Icons(Organization)/Hide Quick Shortcuts/button_Show quick shortcuts' is clicked on

2023-01-02 15:28:56 - [MESSAGE][PASSED] - Object: 'Object Repository/02-Side Icons(Organization)/Hide Quick Shortcuts/button_Show quick shortcuts' is clicked on

2023-01-02 15:28:56 - [TEST_STEP][PASSED] - verifyElementVisible(findTestObject("02-Side Icons(Organization)/2FA/button_2FA")): Object 'Object Repository/02-Side Icons(Organization)/2FA/button_2FA' is visible

2023-01-02 15:28:57 - [MESSAGE][PASSED] - Object 'Object Repository/02-Side Icons(Organization)/2FA/button_2FA' is visible

2023-01-02 15:28:57 - [TEST_STEP][PASSED] - verifyElementVisible(findTestObject("02-Side Icons(Organization)/Add Contact/button_add new user")): Object 'Object Repository/02-Side Icons(Organization)/Add Contact/button_add new user' is visible

2023-01-02 15:28:58 - [MESSAGE][PASSED] - Object 'Object Repository/02-Side Icons(Organization)/Add Contact/button_add new user' is visible

2023-01-02 15:28:58 - [TEST_STEP][PASSED] - verifyElementVisible(findTestObject("02-Side Icons(Organization)/Client Assignment/button_Client assignment")): Object 'Object Repository/02-Side Icons(Organization)/Client Assignment/button_Client assignment' is visible

2023-01-02 15:28:58 - [MESSAGE][PASSED] - Object 'Object Repository/02-Side Icons(Organization)/Client Assignment/button_Client assignment' is visible

2023-01-02 15:28:58 - [TEST_STEP][PASSED] - delay(0): Delayed 0 second(s)

2023-01-02 15:28:58 - [MESSAGE][PASSED] - Delayed 0 second(s)

2023-01-02 15:28:58 - [TEST_STEP][PASSED] - closeBrowser(): Browser is closed

2023-01-02 15:29:00 - [MESSAGE][PASSED] - Browser is closed]]></system-out>
         <system-err><![CDATA[]]></system-err>
      </testcase>
      <system-out><![CDATA[2023-01-02 15:25:45 - [TEST_SUITE][PASSED] - 02-Side Icons: Test Cases/02-Side Icons (Organization)/04-(Hide Quick Shortcuts)]]></system-out>
      <system-err><![CDATA[]]></system-err>
   </testsuite>
</testsuites>
