<?xml version="1.0" encoding="UTF-8"?>
<testsuites name="02-Side Icons" time="422.112" tests="4" failures="0" errors="0">
   <testsuite name="02-Side Icons" tests="4" failures="0" errors="0" time="422.112" skipped="0" timestamp="2023-03-03 16:32:58" hostname="asus - DESKTOP-3L3J9C1" id="Test Suites/TS-Organization/02-Side Icons">
      <properties>
         <property name="deviceName" value=""/>
         <property name="devicePlatform" value=""/>
         <property name="logFolder" value="C:\\Users\\asus\\Katalon Studio\\Everleagues\\Everleagues\\Reports\\20230303_163241\\TS-Organization\\02-Side Icons\\20230303_163241"/>
         <property name="logFiles" value="C:\\Users\\asus\\Katalon Studio\\Everleagues\\Everleagues\\Reports\\20230303_163241\\TS-Organization\\02-Side Icons\\20230303_163241\\execution0.log"/>
         <property name="attachments" value=""/>
         <property name="hostName" value="asus - DESKTOP-3L3J9C1"/>
         <property name="os" value="Windows 10 64bit"/>
         <property name="katalonVersion" value="8.4.1.208"/>
         <property name="browser" value="Chrome 110.0.0.0"/>
         <property name="hostAddress" value="10.100.1.179"/>
         <property name="sessionId" value="915aeb28b1336b5312e3de863660e11c"/>
         <property name="seleniumVersion" value="3.141.59"/>
         <property name="proxyInformation" value="ProxyInformation { proxyOption=NO_PROXY, proxyServerType=HTTP, username=, password=********, proxyServerAddress=, proxyServerPort=0, executionList=&quot;&quot;, isApplyToDesiredCapabilities=true }"/>
         <property name="platform" value="Windows 10"/>
      </properties>
      <testcase name="Test Cases/02-Side Icons (Organization)/01- (Add Contact)" time="369.578" classname="Test Cases/02-Side Icons (Organization)/01- (Add Contact)" status="PASSED">
         <system-out><![CDATA[2023-03-03 16:32:59 - [TEST_CASE][PASSED] - Test Cases/02-Side Icons (Organization)/01- (Add Contact): Test Cases/02-Side Icons (Organization)/01- (Add Contact)

2023-03-03 16:33:02 - [TEST_STEP][PASSED] - openBrowser(""): Browser is opened with url: ''

2023-03-03 16:33:04 - [MESSAGE][INFO] - Starting 'Chrome' driver

2023-03-03 16:33:05 - [MESSAGE][INFO] - Action delay is set to 0 milliseconds

2023-03-03 16:33:16 - [MESSAGE][PASSED] - Browser is opened with url: ''

2023-03-03 16:33:16 - [TEST_STEP][PASSED] - navigateToUrl("https://lab.everleagues.com/login?returnUrl=%2Fmain%2Fdashboard"): Navigate to 'https://lab.everleagues.com/login?returnUrl=%2Fmain%2Fdashboard' successfully

2023-03-03 16:36:54 - [MESSAGE][PASSED] - Navigate to 'https://lab.everleagues.com/login?returnUrl=%2Fmain%2Fdashboard' successfully

2023-03-03 16:36:55 - [TEST_STEP][PASSED] - maximizeWindow(): Current window maximized

2023-03-03 16:36:58 - [MESSAGE][PASSED] - Current window maximized

2023-03-03 16:36:58 - [TEST_STEP][PASSED] - callTestCase(findTestCase("01-Login and Forgot Password/04-Login(Valid Credentials-With Subscription)"), [:], STOP_ON_FAILURE): Call Test Case 'Test Cases/01-Login and Forgot Password/04-Login(Valid Credentials-With Subscription)' successfully

2023-03-03 16:36:59 - [TEST_CASE][PASSED] - Test Cases/01-Login and Forgot Password/04-Login(Valid Credentials-With Subscription): Test Cases/01-Login and Forgot Password/04-Login(Valid Credentials-With Subscription)

2023-03-03 16:37:01 - [TEST_STEP][PASSED] - setText(findTestObject("01-Login and Forgot Password/input_Email_email"), "testuser02@mailinator.com"): Text 'testuser02@mailinator.com' is set on object 'Object Repository/01-Login and Forgot Password/input_Email_email'

2023-03-03 16:37:03 - [MESSAGE][PASSED] - Text 'testuser02@mailinator.com' is set on object 'Object Repository/01-Login and Forgot Password/input_Email_email'

2023-03-03 16:37:03 - [TEST_STEP][PASSED] - setEncryptedText(findTestObject("01-Login and Forgot Password/input_Email_password"), "8yFRyszE6U6jvsCn51OQbg=="): Text ****** has been set on object 'Object Repository/01-Login and Forgot Password/input_Email_password'

2023-03-03 16:37:05 - [MESSAGE][PASSED] - Text ****** has been set on object 'Object Repository/01-Login and Forgot Password/input_Email_password'

2023-03-03 16:37:05 - [TEST_STEP][PASSED] - delay(2): Delayed 2 second(s)

2023-03-03 16:37:07 - [MESSAGE][PASSED] - Delayed 2 second(s)

2023-03-03 16:37:07 - [TEST_STEP][PASSED] - click(findTestObject("01-Login and Forgot Password/show pass button")): Object: 'Object Repository/01-Login and Forgot Password/show pass button' is clicked on

2023-03-03 16:37:08 - [MESSAGE][PASSED] - Object: 'Object Repository/01-Login and Forgot Password/show pass button' is clicked on

2023-03-03 16:37:08 - [TEST_STEP][PASSED] - delay(3): Delayed 3 second(s)

2023-03-03 16:37:11 - [MESSAGE][PASSED] - Delayed 3 second(s)

2023-03-03 16:37:11 - [TEST_STEP][PASSED] - click(findTestObject("01-Login and Forgot Password/button_Sign in")): Object: 'Object Repository/01-Login and Forgot Password/button_Sign in' is clicked on

2023-03-03 16:37:12 - [MESSAGE][PASSED] - Object: 'Object Repository/01-Login and Forgot Password/button_Sign in' is clicked on

2023-03-03 16:37:12 - [TEST_STEP][PASSED] - delay(3): Delayed 3 second(s)

2023-03-03 16:37:15 - [MESSAGE][PASSED] - Delayed 3 second(s)

2023-03-03 16:37:15 - [TEST_STEP][PASSED] - click(findTestObject("06-Teams/For 2FA/button_Confirm_2FA")): Object: 'Object Repository/06-Teams/For 2FA/button_Confirm_2FA' is clicked on

2023-03-03 16:37:16 - [MESSAGE][PASSED] - Object: 'Object Repository/06-Teams/For 2FA/button_Confirm_2FA' is clicked on

2023-03-03 16:37:16 - [TEST_STEP][PASSED] - executeJavaScript("window.open();", []): Execute JavaScript 'window.open();' successfully

2023-03-03 16:37:16 - [MESSAGE][PASSED] - Execute JavaScript 'window.open();' successfully

2023-03-03 16:37:16 - [TEST_STEP][PASSED] - currentWindow = getWindowIndex(): Current window's index is: 0

2023-03-03 16:37:16 - [MESSAGE][PASSED] - Current window's index is: 0

2023-03-03 16:37:16 - [TEST_STEP][PASSED] - delay(3): Delayed 3 second(s)

2023-03-03 16:37:19 - [MESSAGE][PASSED] - Delayed 3 second(s)

2023-03-03 16:37:19 - [TEST_STEP][PASSED] - switchToWindowIndex(currentWindow + 1): Switched to window with index: '1'

2023-03-03 16:37:20 - [MESSAGE][PASSED] - Switched to window with index: '1'

2023-03-03 16:37:20 - [TEST_STEP][PASSED] - navigateToUrl("https://www.mailinator.com/"): Navigate to 'https://www.mailinator.com/' successfully

2023-03-03 16:37:26 - [MESSAGE][PASSED] - Navigate to 'https://www.mailinator.com/' successfully

2023-03-03 16:37:26 - [TEST_STEP][PASSED] - delay(3): Delayed 3 second(s)

2023-03-03 16:37:29 - [MESSAGE][PASSED] - Delayed 3 second(s)

2023-03-03 16:37:29 - [TEST_STEP][PASSED] - setText(findTestObject("00-Signup and Activation/zMailinator/input_LOGIN_search"), "testuser02@mailinator.com"): Text 'testuser02@mailinator.com' is set on object 'Object Repository/00-Signup and Activation/zMailinator/input_LOGIN_search'

2023-03-03 16:37:31 - [MESSAGE][PASSED] - Text 'testuser02@mailinator.com' is set on object 'Object Repository/00-Signup and Activation/zMailinator/input_LOGIN_search'

2023-03-03 16:37:31 - [TEST_STEP][PASSED] - click(findTestObject("00-Signup and Activation/zMailinator/gobutton"), STOP_ON_FAILURE): Object: 'Object Repository/00-Signup and Activation/zMailinator/gobutton' is clicked on

2023-03-03 16:37:35 - [MESSAGE][PASSED] - Object: 'Object Repository/00-Signup and Activation/zMailinator/gobutton' is clicked on

2023-03-03 16:37:35 - [TEST_STEP][PASSED] - delay(3): Delayed 3 second(s)

2023-03-03 16:37:38 - [MESSAGE][PASSED] - Delayed 3 second(s)

2023-03-03 16:37:38 - [TEST_STEP][PASSED] - click(findTestObject("00-Signup and Activation/zMailinator/Email - everleagues")): Object: 'Object Repository/00-Signup and Activation/zMailinator/Email - everleagues' is clicked on

2023-03-03 16:37:38 - [MESSAGE][PASSED] - Object: 'Object Repository/00-Signup and Activation/zMailinator/Email - everleagues' is clicked on

2023-03-03 16:37:38 - [TEST_STEP][PASSED] - delay(3): Delayed 3 second(s)

2023-03-03 16:37:41 - [MESSAGE][PASSED] - Delayed 3 second(s)

2023-03-03 16:37:41 - [TEST_STEP][PASSED] - code = getText(findTestObject("Object Repository/06-Teams/For 2FA/2FA code")): Text of object 'Object Repository/06-Teams/For 2FA/2FA code' is: '542850'

2023-03-03 16:37:43 - [MESSAGE][PASSED] - Text of object 'Object Repository/06-Teams/For 2FA/2FA code' is: '542850'

2023-03-03 16:37:43 - [TEST_STEP][PASSED] - delay(3): Delayed 3 second(s)

2023-03-03 16:37:46 - [MESSAGE][PASSED] - Delayed 3 second(s)

2023-03-03 16:37:46 - [TEST_STEP][PASSED] - closeWindowTitle("Mailinator"): Window with title: 'Mailinator' is closed

2023-03-03 16:37:46 - [MESSAGE][PASSED] - Window with title: 'Mailinator' is closed

2023-03-03 16:37:46 - [TEST_STEP][PASSED] - delay(3): Delayed 3 second(s)

2023-03-03 16:37:49 - [MESSAGE][PASSED] - Delayed 3 second(s)

2023-03-03 16:37:49 - [TEST_STEP][PASSED] - switchToWindowIndex(0): Switched to window with index: '0'

2023-03-03 16:37:49 - [MESSAGE][PASSED] - Switched to window with index: '0'

2023-03-03 16:37:49 - [TEST_STEP][PASSED] - delay(3): Delayed 3 second(s)

2023-03-03 16:37:52 - [MESSAGE][PASSED] - Delayed 3 second(s)

2023-03-03 16:37:52 - [TEST_STEP][PASSED] - setText(findTestObject("Object Repository/06-Teams/For 2FA/input_Enter verification code_code"), code): Text '542850' is set on object 'Object Repository/06-Teams/For 2FA/input_Enter verification code_code'

2023-03-03 16:37:54 - [MESSAGE][PASSED] - Text '542850' is set on object 'Object Repository/06-Teams/For 2FA/input_Enter verification code_code'

2023-03-03 16:37:54 - [TEST_STEP][PASSED] - delay(3): Delayed 3 second(s)

2023-03-03 16:37:57 - [MESSAGE][PASSED] - Delayed 3 second(s)

2023-03-03 16:37:57 - [TEST_STEP][PASSED] - click(findTestObject("06-Teams/For 2FA/button_Verify_2FA")): Object: 'Object Repository/06-Teams/For 2FA/button_Verify_2FA' is clicked on

2023-03-03 16:37:58 - [MESSAGE][PASSED] - Object: 'Object Repository/06-Teams/For 2FA/button_Verify_2FA' is clicked on

2023-03-03 16:37:58 - [TEST_STEP][PASSED] - delay(3): Delayed 3 second(s)

2023-03-03 16:38:01 - [MESSAGE][PASSED] - Delayed 3 second(s)

2023-03-03 16:38:01 - [MESSAGE][PASSED] - Call Test Case 'Test Cases/01-Login and Forgot Password/04-Login(Valid Credentials-With Subscription)' successfully

2023-03-03 16:38:01 - [TEST_STEP][PASSED] - click(findTestObject("02-Side Icons(Organization)/Add Contact/Side Menu double arrow icon")): Object: 'Object Repository/02-Side Icons(Organization)/Add Contact/Side Menu double arrow icon' is clicked on

2023-03-03 16:38:03 - [MESSAGE][PASSED] - Object: 'Object Repository/02-Side Icons(Organization)/Add Contact/Side Menu double arrow icon' is clicked on

2023-03-03 16:38:03 - [TEST_STEP][PASSED] - delay(2): Delayed 2 second(s)

2023-03-03 16:38:05 - [MESSAGE][PASSED] - Delayed 2 second(s)

2023-03-03 16:38:05 - [TEST_STEP][PASSED] - click(findTestObject("02-Side Icons(Organization)/Add Contact/button_My Organizations")): Object: 'Object Repository/02-Side Icons(Organization)/Add Contact/button_My Organizations' is clicked on

2023-03-03 16:38:32 - [MESSAGE][PASSED] - Object: 'Object Repository/02-Side Icons(Organization)/Add Contact/button_My Organizations' is clicked on

2023-03-03 16:38:32 - [TEST_STEP][PASSED] - delay(2): Delayed 2 second(s)

2023-03-03 16:38:34 - [MESSAGE][PASSED] - Delayed 2 second(s)

2023-03-03 16:38:34 - [TEST_STEP][PASSED] - click(findTestObject("02-Side Icons(Organization)/Add Contact/button_Automation Test Org")): Object: 'Object Repository/02-Side Icons(Organization)/Add Contact/button_Automation Test Org' is clicked on

2023-03-03 16:38:35 - [MESSAGE][PASSED] - Object: 'Object Repository/02-Side Icons(Organization)/Add Contact/button_Automation Test Org' is clicked on

2023-03-03 16:38:35 - [TEST_STEP][PASSED] - delay(2): Delayed 2 second(s)

2023-03-03 16:38:37 - [MESSAGE][PASSED] - Delayed 2 second(s)

2023-03-03 16:38:37 - [TEST_STEP][PASSED] - verifyElementVisible(findTestObject("02-Side Icons(Organization)/Add Contact/span_Automation Test Org")): Object 'Object Repository/02-Side Icons(Organization)/Add Contact/span_Automation Test Org' is visible

2023-03-03 16:38:37 - [MESSAGE][PASSED] - Object 'Object Repository/02-Side Icons(Organization)/Add Contact/span_Automation Test Org' is visible

2023-03-03 16:38:37 - [TEST_STEP][PASSED] - delay(3): Delayed 3 second(s)

2023-03-03 16:38:40 - [MESSAGE][PASSED] - Delayed 3 second(s)

2023-03-03 16:38:40 - [TEST_STEP][PASSED] - click(findTestObject("02-Side Icons(Organization)/Add Contact/button_add new user")): Object: 'Object Repository/02-Side Icons(Organization)/Add Contact/button_add new user' is clicked on

2023-03-03 16:38:43 - [MESSAGE][PASSED] - Object: 'Object Repository/02-Side Icons(Organization)/Add Contact/button_add new user' is clicked on

2023-03-03 16:38:43 - [TEST_STEP][PASSED] - delay(3): Delayed 3 second(s)

2023-03-03 16:38:46 - [MESSAGE][PASSED] - Delayed 3 second(s)

2023-03-03 16:38:46 - [TEST_STEP][PASSED] - verifyElementVisible(findTestObject("02-Side Icons(Organization)/Add Contact/User Invitation modal")): Object 'Object Repository/02-Side Icons(Organization)/Add Contact/User Invitation modal' is visible

2023-03-03 16:38:46 - [MESSAGE][PASSED] - Object 'Object Repository/02-Side Icons(Organization)/Add Contact/User Invitation modal' is visible

2023-03-03 16:38:46 - [TEST_STEP][PASSED] - delay(2): Delayed 2 second(s)

2023-03-03 16:38:48 - [MESSAGE][PASSED] - Delayed 2 second(s)

2023-03-03 16:38:48 - [TEST_STEP][PASSED] - click(findTestObject("02-Side Icons(Organization)/Add Contact/Invite a single user option")): Object: 'Object Repository/02-Side Icons(Organization)/Add Contact/Invite a single user option' is clicked on

2023-03-03 16:38:49 - [MESSAGE][PASSED] - Object: 'Object Repository/02-Side Icons(Organization)/Add Contact/Invite a single user option' is clicked on

2023-03-03 16:38:49 - [TEST_STEP][PASSED] - verifyElementVisible(findTestObject("02-Side Icons(Organization)/Add Contact/Invite New user modal")): Object 'Object Repository/02-Side Icons(Organization)/Add Contact/Invite New user modal' is visible

2023-03-03 16:38:51 - [MESSAGE][PASSED] - Object 'Object Repository/02-Side Icons(Organization)/Add Contact/Invite New user modal' is visible

2023-03-03 16:38:51 - [TEST_STEP][PASSED] - delay(2): Delayed 2 second(s)

2023-03-03 16:38:53 - [MESSAGE][PASSED] - Delayed 2 second(s)

2023-03-03 16:38:53 - [TEST_STEP][PASSED] - click(findTestObject("02-Side Icons(Organization)/Add Contact/button_Cancel")): Object: 'Object Repository/02-Side Icons(Organization)/Add Contact/button_Cancel' is clicked on

2023-03-03 16:38:54 - [MESSAGE][PASSED] - Object: 'Object Repository/02-Side Icons(Organization)/Add Contact/button_Cancel' is clicked on

2023-03-03 16:38:54 - [TEST_STEP][PASSED] - delay(2): Delayed 2 second(s)

2023-03-03 16:38:56 - [MESSAGE][PASSED] - Delayed 2 second(s)

2023-03-03 16:38:56 - [TEST_STEP][PASSED] - click(findTestObject("02-Side Icons(Organization)/Add Contact/button_add new user")): Object: 'Object Repository/02-Side Icons(Organization)/Add Contact/button_add new user' is clicked on

2023-03-03 16:38:57 - [MESSAGE][PASSED] - Object: 'Object Repository/02-Side Icons(Organization)/Add Contact/button_add new user' is clicked on

2023-03-03 16:38:57 - [TEST_STEP][PASSED] - delay(3): Delayed 3 second(s)

2023-03-03 16:39:00 - [MESSAGE][PASSED] - Delayed 3 second(s)

2023-03-03 16:39:00 - [TEST_STEP][PASSED] - verifyElementVisible(findTestObject("02-Side Icons(Organization)/Add Contact/User Invitation modal")): Object 'Object Repository/02-Side Icons(Organization)/Add Contact/User Invitation modal' is visible

2023-03-03 16:39:00 - [MESSAGE][PASSED] - Object 'Object Repository/02-Side Icons(Organization)/Add Contact/User Invitation modal' is visible

2023-03-03 16:39:00 - [TEST_STEP][PASSED] - delay(2): Delayed 2 second(s)

2023-03-03 16:39:02 - [MESSAGE][PASSED] - Delayed 2 second(s)

2023-03-03 16:39:02 - [TEST_STEP][PASSED] - click(findTestObject("02-Side Icons(Organization)/Add Contact/Invite batch user option")): Object: 'Object Repository/02-Side Icons(Organization)/Add Contact/Invite batch user option' is clicked on

2023-03-03 16:39:03 - [MESSAGE][PASSED] - Object: 'Object Repository/02-Side Icons(Organization)/Add Contact/Invite batch user option' is clicked on

2023-03-03 16:39:03 - [TEST_STEP][PASSED] - verifyElementVisible(findTestObject("02-Side Icons(Organization)/Add Contact/Import CSV file modal")): Object 'Object Repository/02-Side Icons(Organization)/Add Contact/Import CSV file modal' is visible

2023-03-03 16:39:04 - [MESSAGE][PASSED] - Object 'Object Repository/02-Side Icons(Organization)/Add Contact/Import CSV file modal' is visible

2023-03-03 16:39:04 - [TEST_STEP][PASSED] - delay(2): Delayed 2 second(s)

2023-03-03 16:39:06 - [MESSAGE][PASSED] - Delayed 2 second(s)

2023-03-03 16:39:06 - [TEST_STEP][PASSED] - click(findTestObject("02-Side Icons(Organization)/Add Contact/button_Cancel")): Object: 'Object Repository/02-Side Icons(Organization)/Add Contact/button_Cancel' is clicked on

2023-03-03 16:39:07 - [MESSAGE][PASSED] - Object: 'Object Repository/02-Side Icons(Organization)/Add Contact/button_Cancel' is clicked on

2023-03-03 16:39:07 - [TEST_STEP][PASSED] - delay(2): Delayed 2 second(s)

2023-03-03 16:39:09 - [MESSAGE][PASSED] - Delayed 2 second(s)]]></system-out>
         <system-err><![CDATA[]]></system-err>
      </testcase>
      <testcase name="Test Cases/02-Side Icons (Organization)/02-(2FA)" time="14.465" classname="Test Cases/02-Side Icons (Organization)/02-(2FA)" status="PASSED">
         <system-out><![CDATA[2023-03-03 16:39:09 - [TEST_CASE][PASSED] - Test Cases/02-Side Icons (Organization)/02-(2FA): Test Cases/02-Side Icons (Organization)/02-(2FA)

2023-03-03 16:39:12 - [TEST_STEP][PASSED] - delay(3): Delayed 3 second(s)

2023-03-03 16:39:15 - [MESSAGE][PASSED] - Delayed 3 second(s)

2023-03-03 16:39:15 - [TEST_STEP][PASSED] - click(findTestObject("02-Side Icons(Organization)/2FA/button_2FA")): Object: 'Object Repository/02-Side Icons(Organization)/2FA/button_2FA' is clicked on

2023-03-03 16:39:17 - [MESSAGE][PASSED] - Object: 'Object Repository/02-Side Icons(Organization)/2FA/button_2FA' is clicked on

2023-03-03 16:39:17 - [TEST_STEP][PASSED] - delay(3): Delayed 3 second(s)

2023-03-03 16:39:20 - [MESSAGE][PASSED] - Delayed 3 second(s)

2023-03-03 16:39:20 - [TEST_STEP][PASSED] - verifyElementVisible(findTestObject("02-Side Icons(Organization)/2FA/span_Two Factor Authentication")): Object 'Object Repository/02-Side Icons(Organization)/2FA/span_Two Factor Authentication' is visible

2023-03-03 16:39:20 - [MESSAGE][PASSED] - Object 'Object Repository/02-Side Icons(Organization)/2FA/span_Two Factor Authentication' is visible

2023-03-03 16:39:20 - [TEST_STEP][PASSED] - delay(3): Delayed 3 second(s)

2023-03-03 16:39:23 - [MESSAGE][PASSED] - Delayed 3 second(s)]]></system-out>
         <system-err><![CDATA[]]></system-err>
      </testcase>
      <testcase name="Test Cases/02-Side Icons (Organization)/03-(Client Assignment)" time="16.177" classname="Test Cases/02-Side Icons (Organization)/03-(Client Assignment)" status="PASSED">
         <system-out><![CDATA[2023-03-03 16:39:24 - [TEST_CASE][PASSED] - Test Cases/02-Side Icons (Organization)/03-(Client Assignment): Test Cases/02-Side Icons (Organization)/03-(Client Assignment)

2023-03-03 16:39:26 - [TEST_STEP][PASSED] - delay(2): Delayed 2 second(s)

2023-03-03 16:39:28 - [MESSAGE][PASSED] - Delayed 2 second(s)

2023-03-03 16:39:28 - [TEST_STEP][PASSED] - click(findTestObject("02-Side Icons(Organization)/Client Assignment/button_Client assignment")): Object: 'Object Repository/02-Side Icons(Organization)/Client Assignment/button_Client assignment' is clicked on

2023-03-03 16:39:30 - [MESSAGE][PASSED] - Object: 'Object Repository/02-Side Icons(Organization)/Client Assignment/button_Client assignment' is clicked on

2023-03-03 16:39:30 - [TEST_STEP][PASSED] - delay(3): Delayed 3 second(s)

2023-03-03 16:39:33 - [MESSAGE][PASSED] - Delayed 3 second(s)

2023-03-03 16:39:33 - [TEST_STEP][PASSED] - verifyElementVisible(findTestObject("02-Side Icons(Organization)/Client Assignment/h4_CLIENT ASSIGNMENT")): Object 'Object Repository/02-Side Icons(Organization)/Client Assignment/h4_CLIENT ASSIGNMENT' is visible

2023-03-03 16:39:34 - [MESSAGE][PASSED] - Object 'Object Repository/02-Side Icons(Organization)/Client Assignment/h4_CLIENT ASSIGNMENT' is visible

2023-03-03 16:39:34 - [TEST_STEP][PASSED] - verifyElementVisible(findTestObject("02-Side Icons(Organization)/Client Assignment/div_By Employee")): Object 'Object Repository/02-Side Icons(Organization)/Client Assignment/div_By Employee' is visible

2023-03-03 16:39:36 - [MESSAGE][PASSED] - Object 'Object Repository/02-Side Icons(Organization)/Client Assignment/div_By Employee' is visible

2023-03-03 16:39:36 - [TEST_STEP][PASSED] - verifyElementVisible(findTestObject("02-Side Icons(Organization)/Client Assignment/div_By Client")): Object 'Object Repository/02-Side Icons(Organization)/Client Assignment/div_By Client' is visible

2023-03-03 16:39:37 - [MESSAGE][PASSED] - Object 'Object Repository/02-Side Icons(Organization)/Client Assignment/div_By Client' is visible

2023-03-03 16:39:37 - [TEST_STEP][PASSED] - delay(3): Delayed 3 second(s)

2023-03-03 16:39:40 - [MESSAGE][PASSED] - Delayed 3 second(s)]]></system-out>
         <system-err><![CDATA[]]></system-err>
      </testcase>
      <testcase name="Test Cases/02-Side Icons (Organization)/04-(Hide Quick Shortcuts)" time="20.191" classname="Test Cases/02-Side Icons (Organization)/04-(Hide Quick Shortcuts)" status="PASSED">
         <system-out><![CDATA[2023-03-03 16:39:40 - [TEST_CASE][PASSED] - Test Cases/02-Side Icons (Organization)/04-(Hide Quick Shortcuts): Test Cases/02-Side Icons (Organization)/04-(Hide Quick Shortcuts)

2023-03-03 16:39:42 - [TEST_STEP][PASSED] - delay(2): Delayed 2 second(s)

2023-03-03 16:39:44 - [MESSAGE][PASSED] - Delayed 2 second(s)

2023-03-03 16:39:44 - [TEST_STEP][PASSED] - click(findTestObject("02-Side Icons(Organization)/Hide Quick Shortcuts/button_hide quick shortcuts")): Object: 'Object Repository/02-Side Icons(Organization)/Hide Quick Shortcuts/button_hide quick shortcuts' is clicked on

2023-03-03 16:39:45 - [MESSAGE][PASSED] - Object: 'Object Repository/02-Side Icons(Organization)/Hide Quick Shortcuts/button_hide quick shortcuts' is clicked on

2023-03-03 16:39:45 - [TEST_STEP][PASSED] - delay(3): Delayed 3 second(s)

2023-03-03 16:39:48 - [MESSAGE][PASSED] - Delayed 3 second(s)

2023-03-03 16:39:48 - [TEST_STEP][PASSED] - verifyElementNotPresent(findTestObject("02-Side Icons(Organization)/2FA/button_2FA"), 0): Web element with id: 'Object Repository/02-Side Icons(Organization)/2FA/button_2FA' located by 'By.xpath: //*[@type = 'button' and (text() = 'security' or . = 'security')]' is not present after '30' second(s)

2023-03-03 16:39:49 - [MESSAGE][WARNING] - Timeout '0' is invalid. Using default page load timeout: '30'

2023-03-03 16:39:50 - [MESSAGE][PASSED] - Web element with id: 'Object Repository/02-Side Icons(Organization)/2FA/button_2FA' located by 'By.xpath: //*[@type = 'button' and (text() = 'security' or . = 'security')]' is not present after '30' second(s)

2023-03-03 16:39:50 - [TEST_STEP][PASSED] - verifyElementNotPresent(findTestObject("02-Side Icons(Organization)/Add Contact/button_add new user"), 0): Web element with id: 'Object Repository/02-Side Icons(Organization)/Add Contact/button_add new user' located by 'By.xpath: //button[@type = 'button' and @ng-reflect-message = 'Invite New User' and (text() = 'person_add' or . = 'person_add')]' is not present after '30' second(s)

2023-03-03 16:39:50 - [MESSAGE][WARNING] - Timeout '0' is invalid. Using default page load timeout: '30'

2023-03-03 16:39:51 - [MESSAGE][PASSED] - Web element with id: 'Object Repository/02-Side Icons(Organization)/Add Contact/button_add new user' located by 'By.xpath: //button[@type = 'button' and @ng-reflect-message = 'Invite New User' and (text() = 'person_add' or . = 'person_add')]' is not present after '30' second(s)

2023-03-03 16:39:51 - [TEST_STEP][PASSED] - verifyElementNotPresent(findTestObject("02-Side Icons(Organization)/Client Assignment/button_Client assignment"), 0): Web element with id: 'Object Repository/02-Side Icons(Organization)/Client Assignment/button_Client assignment' located by 'By.xpath: //button[@permission-type='OU_DELEGATECLIENT_CREATE']' is not present after '30' second(s)

2023-03-03 16:39:51 - [MESSAGE][WARNING] - Timeout '0' is invalid. Using default page load timeout: '30'

2023-03-03 16:39:52 - [MESSAGE][PASSED] - Web element with id: 'Object Repository/02-Side Icons(Organization)/Client Assignment/button_Client assignment' located by 'By.xpath: //button[@permission-type='OU_DELEGATECLIENT_CREATE']' is not present after '30' second(s)

2023-03-03 16:39:52 - [TEST_STEP][PASSED] - delay(3): Delayed 3 second(s)

2023-03-03 16:39:55 - [MESSAGE][PASSED] - Delayed 3 second(s)

2023-03-03 16:39:55 - [TEST_STEP][PASSED] - click(findTestObject("02-Side Icons(Organization)/Hide Quick Shortcuts/button_Show quick shortcuts")): Object: 'Object Repository/02-Side Icons(Organization)/Hide Quick Shortcuts/button_Show quick shortcuts' is clicked on

2023-03-03 16:39:56 - [MESSAGE][PASSED] - Object: 'Object Repository/02-Side Icons(Organization)/Hide Quick Shortcuts/button_Show quick shortcuts' is clicked on

2023-03-03 16:39:56 - [TEST_STEP][PASSED] - verifyElementVisible(findTestObject("02-Side Icons(Organization)/2FA/button_2FA")): Object 'Object Repository/02-Side Icons(Organization)/2FA/button_2FA' is visible

2023-03-03 16:39:57 - [MESSAGE][PASSED] - Object 'Object Repository/02-Side Icons(Organization)/2FA/button_2FA' is visible

2023-03-03 16:39:57 - [TEST_STEP][PASSED] - verifyElementVisible(findTestObject("02-Side Icons(Organization)/Add Contact/button_add new user")): Object 'Object Repository/02-Side Icons(Organization)/Add Contact/button_add new user' is visible

2023-03-03 16:39:57 - [MESSAGE][PASSED] - Object 'Object Repository/02-Side Icons(Organization)/Add Contact/button_add new user' is visible

2023-03-03 16:39:57 - [TEST_STEP][PASSED] - verifyElementVisible(findTestObject("02-Side Icons(Organization)/Client Assignment/button_Client assignment")): Object 'Object Repository/02-Side Icons(Organization)/Client Assignment/button_Client assignment' is visible

2023-03-03 16:39:58 - [MESSAGE][PASSED] - Object 'Object Repository/02-Side Icons(Organization)/Client Assignment/button_Client assignment' is visible

2023-03-03 16:39:58 - [TEST_STEP][PASSED] - delay(0): Delayed 0 second(s)

2023-03-03 16:39:58 - [MESSAGE][PASSED] - Delayed 0 second(s)

2023-03-03 16:39:58 - [TEST_STEP][PASSED] - closeBrowser(): Browser is closed

2023-03-03 16:40:00 - [MESSAGE][PASSED] - Browser is closed]]></system-out>
         <system-err><![CDATA[]]></system-err>
      </testcase>
      <system-out><![CDATA[2023-03-03 16:32:58 - [TEST_SUITE][PASSED] - 02-Side Icons: Test Cases/02-Side Icons (Organization)/04-(Hide Quick Shortcuts)]]></system-out>
      <system-err><![CDATA[]]></system-err>
   </testsuite>
</testsuites>
