<?xml version="1.0" encoding="UTF-8"?>
<testsuites name="09.1 - Settings (Invite users)" time="1019.077" tests="5" failures="0" errors="0">
   <testsuite name="09.1 - Settings (Invite users)" tests="5" failures="0" errors="0" time="1019.077" skipped="0" timestamp="2022-11-30 13:58:27" hostname="User - DESKTOP-QCRNR4M" id="Test Suites/TS-Organization/09.1 - Settings (Invite users)">
      <properties>
         <property name="deviceName" value=""/>
         <property name="devicePlatform" value=""/>
         <property name="logFolder" value="C:\\Users\\User\\Katalon Studio\\EverleaguesMain\\Reports\\20221130_135823\\TS-Organization\\09.1 - Settings (Invite users)\\20221130_135824"/>
         <property name="logFiles" value="C:\\Users\\User\\Katalon Studio\\EverleaguesMain\\Reports\\20221130_135823\\TS-Organization\\09.1 - Settings (Invite users)\\20221130_135824\\execution0.log"/>
         <property name="attachments" value=""/>
         <property name="hostName" value="User - DESKTOP-QCRNR4M"/>
         <property name="os" value="Windows 10 64bit"/>
         <property name="katalonVersion" value="8.4.1.208"/>
         <property name="browser" value="Chrome 107.0.0.0"/>
         <property name="hostAddress" value="192.168.5.124"/>
         <property name="sessionId" value="0e5668f0aeea0e98fd27f114c0b3e864"/>
         <property name="seleniumVersion" value="3.141.59"/>
         <property name="proxyInformation" value="ProxyInformation { proxyOption=NO_PROXY, proxyServerType=HTTP, username=, password=********, proxyServerAddress=, proxyServerPort=0, executionList=&quot;&quot;, isApplyToDesiredCapabilities=true }"/>
         <property name="platform" value="Windows 10"/>
      </properties>
      <testcase name="Test Cases/09-Settings/01 - Users (Invite new user but field are blank)" time="99.877" classname="Test Cases/09-Settings/01 - Users (Invite new user but field are blank)" status="PASSED">
         <system-out><![CDATA[2022-11-30 13:58:27 - [TEST_CASE][PASSED] - Test Cases/09-Settings/01 - Users (Invite new user but field are blank): Test Cases/09-Settings/01 - Users (Invite new user but field are blank)

2022-11-30 13:58:28 - [TEST_STEP][PASSED] - openBrowser(""): Browser is opened with url: ''

2022-11-30 13:58:28 - [MESSAGE][INFO] - Starting 'Chrome' driver

2022-11-30 13:58:28 - [MESSAGE][INFO] - Action delay is set to 0 milliseconds

2022-11-30 13:58:30 - [MESSAGE][PASSED] - Browser is opened with url: ''

2022-11-30 13:58:30 - [TEST_STEP][PASSED] - navigateToUrl("https://lab.everleagues.com/"): Navigate to 'https://lab.everleagues.com/' successfully

2022-11-30 13:58:43 - [MESSAGE][PASSED] - Navigate to 'https://lab.everleagues.com/' successfully

2022-11-30 13:58:43 - [TEST_STEP][PASSED] - maximizeWindow(): Current window maximized

2022-11-30 13:58:43 - [MESSAGE][PASSED] - Current window maximized

2022-11-30 13:58:43 - [TEST_STEP][PASSED] - setText(findTestObject("02-Side Icons(Organization)/Add Contact/Email Field"), "testuser02@mailinator.com"): Text 'testuser02@mailinator.com' is set on object 'Object Repository/02-Side Icons(Organization)/Add Contact/Email Field'

2022-11-30 13:58:44 - [MESSAGE][PASSED] - Text 'testuser02@mailinator.com' is set on object 'Object Repository/02-Side Icons(Organization)/Add Contact/Email Field'

2022-11-30 13:58:44 - [TEST_STEP][PASSED] - setEncryptedText(findTestObject("02-Side Icons(Organization)/Add Contact/Password Field"), "8yFRyszE6U6jvsCn51OQbg=="): Text ****** has been set on object 'Object Repository/02-Side Icons(Organization)/Add Contact/Password Field'

2022-11-30 13:58:44 - [MESSAGE][PASSED] - Text ****** has been set on object 'Object Repository/02-Side Icons(Organization)/Add Contact/Password Field'

2022-11-30 13:58:44 - [TEST_STEP][PASSED] - click(findTestObject("02-Side Icons(Organization)/Add Contact/button_Sign in")): Object: 'Object Repository/02-Side Icons(Organization)/Add Contact/button_Sign in' is clicked on

2022-11-30 13:58:46 - [MESSAGE][PASSED] - Object: 'Object Repository/02-Side Icons(Organization)/Add Contact/button_Sign in' is clicked on

2022-11-30 13:58:46 - [TEST_STEP][PASSED] - delay(2): Delayed 2 second(s)

2022-11-30 13:58:48 - [MESSAGE][PASSED] - Delayed 2 second(s)

2022-11-30 13:58:48 - [TEST_STEP][PASSED] - click(findTestObject("06-Teams/For 2FA/button_Confirm_2FA")): Object: 'Object Repository/06-Teams/For 2FA/button_Confirm_2FA' is clicked on

2022-11-30 13:58:48 - [MESSAGE][PASSED] - Object: 'Object Repository/06-Teams/For 2FA/button_Confirm_2FA' is clicked on

2022-11-30 13:58:48 - [TEST_STEP][PASSED] - executeJavaScript("window.open();", []): Execute JavaScript 'window.open();' successfully

2022-11-30 13:58:48 - [MESSAGE][PASSED] - Execute JavaScript 'window.open();' successfully

2022-11-30 13:58:48 - [TEST_STEP][PASSED] - currentWindow = getWindowIndex(): Current window's index is: 0

2022-11-30 13:58:48 - [MESSAGE][PASSED] - Current window's index is: 0

2022-11-30 13:58:48 - [TEST_STEP][PASSED] - delay(3): Delayed 3 second(s)

2022-11-30 13:58:51 - [MESSAGE][PASSED] - Delayed 3 second(s)

2022-11-30 13:58:51 - [TEST_STEP][PASSED] - switchToWindowIndex(currentWindow + 1): Switched to window with index: '1'

2022-11-30 13:58:51 - [MESSAGE][PASSED] - Switched to window with index: '1'

2022-11-30 13:58:51 - [TEST_STEP][PASSED] - navigateToUrl("https://www.mailinator.com/"): Navigate to 'https://www.mailinator.com/' successfully

2022-11-30 13:58:53 - [MESSAGE][PASSED] - Navigate to 'https://www.mailinator.com/' successfully

2022-11-30 13:58:53 - [TEST_STEP][PASSED] - delay(3): Delayed 3 second(s)

2022-11-30 13:58:56 - [MESSAGE][PASSED] - Delayed 3 second(s)

2022-11-30 13:58:56 - [TEST_STEP][PASSED] - setText(findTestObject("00-Signup and Activation/zMailinator/input_LOGIN_search"), "testuser02@mailinator.com"): Text 'testuser02@mailinator.com' is set on object 'Object Repository/00-Signup and Activation/zMailinator/input_LOGIN_search'

2022-11-30 13:58:57 - [MESSAGE][PASSED] - Text 'testuser02@mailinator.com' is set on object 'Object Repository/00-Signup and Activation/zMailinator/input_LOGIN_search'

2022-11-30 13:58:57 - [TEST_STEP][PASSED] - click(findTestObject("00-Signup and Activation/zMailinator/gobutton"), STOP_ON_FAILURE): Object: 'Object Repository/00-Signup and Activation/zMailinator/gobutton' is clicked on

2022-11-30 13:58:59 - [MESSAGE][PASSED] - Object: 'Object Repository/00-Signup and Activation/zMailinator/gobutton' is clicked on

2022-11-30 13:58:59 - [TEST_STEP][PASSED] - delay(3): Delayed 3 second(s)

2022-11-30 13:59:02 - [MESSAGE][PASSED] - Delayed 3 second(s)

2022-11-30 13:59:02 - [TEST_STEP][PASSED] - click(findTestObject("00-Signup and Activation/zMailinator/Email - everleagues")): Object: 'Object Repository/00-Signup and Activation/zMailinator/Email - everleagues' is clicked on

2022-11-30 13:59:02 - [MESSAGE][PASSED] - Object: 'Object Repository/00-Signup and Activation/zMailinator/Email - everleagues' is clicked on

2022-11-30 13:59:02 - [TEST_STEP][PASSED] - delay(3): Delayed 3 second(s)

2022-11-30 13:59:05 - [MESSAGE][PASSED] - Delayed 3 second(s)

2022-11-30 13:59:05 - [TEST_STEP][PASSED] - code = getText(findTestObject("Object Repository/06-Teams/For 2FA/2FA code")): Text of object 'Object Repository/06-Teams/For 2FA/2FA code' is: '189385'

2022-11-30 13:59:06 - [MESSAGE][PASSED] - Text of object 'Object Repository/06-Teams/For 2FA/2FA code' is: '189385'

2022-11-30 13:59:06 - [TEST_STEP][PASSED] - delay(3): Delayed 3 second(s)

2022-11-30 13:59:09 - [MESSAGE][PASSED] - Delayed 3 second(s)

2022-11-30 13:59:09 - [TEST_STEP][PASSED] - closeWindowTitle("Mailinator"): Window with title: 'Mailinator' is closed

2022-11-30 13:59:09 - [MESSAGE][PASSED] - Window with title: 'Mailinator' is closed

2022-11-30 13:59:09 - [TEST_STEP][PASSED] - delay(3): Delayed 3 second(s)

2022-11-30 13:59:12 - [MESSAGE][PASSED] - Delayed 3 second(s)

2022-11-30 13:59:12 - [TEST_STEP][PASSED] - switchToWindowIndex(0): Switched to window with index: '0'

2022-11-30 13:59:12 - [MESSAGE][PASSED] - Switched to window with index: '0'

2022-11-30 13:59:12 - [TEST_STEP][PASSED] - delay(3): Delayed 3 second(s)

2022-11-30 13:59:15 - [MESSAGE][PASSED] - Delayed 3 second(s)

2022-11-30 13:59:15 - [TEST_STEP][PASSED] - setText(findTestObject("Object Repository/06-Teams/For 2FA/input_Enter verification code_code"), code): Text '189385' is set on object 'Object Repository/06-Teams/For 2FA/input_Enter verification code_code'

2022-11-30 13:59:16 - [MESSAGE][PASSED] - Text '189385' is set on object 'Object Repository/06-Teams/For 2FA/input_Enter verification code_code'

2022-11-30 13:59:16 - [TEST_STEP][PASSED] - delay(3): Delayed 3 second(s)

2022-11-30 13:59:19 - [MESSAGE][PASSED] - Delayed 3 second(s)

2022-11-30 13:59:19 - [TEST_STEP][PASSED] - click(findTestObject("06-Teams/For 2FA/button_Verify_2FA")): Object: 'Object Repository/06-Teams/For 2FA/button_Verify_2FA' is clicked on

2022-11-30 13:59:19 - [MESSAGE][PASSED] - Object: 'Object Repository/06-Teams/For 2FA/button_Verify_2FA' is clicked on

2022-11-30 13:59:19 - [TEST_STEP][PASSED] - delay(5): Delayed 5 second(s)

2022-11-30 13:59:24 - [MESSAGE][PASSED] - Delayed 5 second(s)

2022-11-30 13:59:24 - [TEST_STEP][PASSED] - click(findTestObject("06-Teams/button_doublearrow")): Object: 'Object Repository/06-Teams/button_doublearrow' is clicked on

2022-11-30 13:59:25 - [MESSAGE][PASSED] - Object: 'Object Repository/06-Teams/button_doublearrow' is clicked on

2022-11-30 13:59:25 - [TEST_STEP][PASSED] - click(findTestObject("06-Teams/button_My Organizations")): Object: 'Object Repository/06-Teams/button_My Organizations' is clicked on

2022-11-30 13:59:25 - [MESSAGE][PASSED] - Object: 'Object Repository/06-Teams/button_My Organizations' is clicked on

2022-11-30 13:59:25 - [TEST_STEP][PASSED] - click(findTestObject("06-Teams/button_GG Automation")): Object: 'Object Repository/06-Teams/button_GG Automation' is clicked on

2022-11-30 13:59:26 - [MESSAGE][PASSED] - Object: 'Object Repository/06-Teams/button_GG Automation' is clicked on

2022-11-30 13:59:26 - [TEST_STEP][PASSED] - delay(4): Delayed 4 second(s)

2022-11-30 13:59:30 - [MESSAGE][PASSED] - Delayed 4 second(s)

2022-11-30 13:59:30 - [TEST_STEP][PASSED] - verifyElementVisible(findTestObject("06-Teams/span_GG Automation")): Object 'Object Repository/06-Teams/span_GG Automation' is visible

2022-11-30 13:59:31 - [MESSAGE][PASSED] - Object 'Object Repository/06-Teams/span_GG Automation' is visible

2022-11-30 13:59:31 - [TEST_STEP][PASSED] - delay(5): Delayed 5 second(s)

2022-11-30 13:59:36 - [MESSAGE][PASSED] - Delayed 5 second(s)

2022-11-30 13:59:36 - [TEST_STEP][PASSED] - click(findTestObject("03-Header Menu/Hamburger Button/div_Settings")): Object: 'Object Repository/03-Header Menu/Hamburger Button/div_Settings' is clicked on

2022-11-30 13:59:36 - [MESSAGE][PASSED] - Object: 'Object Repository/03-Header Menu/Hamburger Button/div_Settings' is clicked on

2022-11-30 13:59:36 - [TEST_STEP][PASSED] - verifyElementVisible(findTestObject("09-Settings/Users/div_Organization")): Object 'Object Repository/09-Settings/Users/div_Organization' is visible

2022-11-30 13:59:36 - [MESSAGE][PASSED] - Object 'Object Repository/09-Settings/Users/div_Organization' is visible

2022-11-30 13:59:36 - [TEST_STEP][PASSED] - verifyElementVisible(findTestObject("09-Settings/Users/div_Organization Units")): Object 'Object Repository/09-Settings/Users/div_Organization Units' is visible

2022-11-30 13:59:37 - [MESSAGE][PASSED] - Object 'Object Repository/09-Settings/Users/div_Organization Units' is visible

2022-11-30 13:59:37 - [TEST_STEP][PASSED] - verifyElementVisible(findTestObject("09-Settings/Users/div_Subscriptions")): Object 'Object Repository/09-Settings/Users/div_Subscriptions' is visible

2022-11-30 13:59:37 - [MESSAGE][PASSED] - Object 'Object Repository/09-Settings/Users/div_Subscriptions' is visible

2022-11-30 13:59:37 - [TEST_STEP][PASSED] - verifyElementVisible(findTestObject("09-Settings/Users/div_Users")): Object 'Object Repository/09-Settings/Users/div_Users' is visible

2022-11-30 13:59:38 - [MESSAGE][PASSED] - Object 'Object Repository/09-Settings/Users/div_Users' is visible

2022-11-30 13:59:38 - [TEST_STEP][PASSED] - delay(3): Delayed 3 second(s)

2022-11-30 13:59:41 - [MESSAGE][PASSED] - Delayed 3 second(s)

2022-11-30 13:59:41 - [TEST_STEP][PASSED] - click(findTestObject("09-Settings/Users/div_Users")): Object: 'Object Repository/09-Settings/Users/div_Users' is clicked on

2022-11-30 13:59:41 - [MESSAGE][PASSED] - Object: 'Object Repository/09-Settings/Users/div_Users' is clicked on

2022-11-30 13:59:41 - [TEST_STEP][PASSED] - verifyElementVisible(findTestObject("09-Settings/Users/h4_USERS")): Object 'Object Repository/09-Settings/Users/h4_USERS' is visible

2022-11-30 13:59:42 - [MESSAGE][PASSED] - Object 'Object Repository/09-Settings/Users/h4_USERS' is visible

2022-11-30 13:59:42 - [TEST_STEP][PASSED] - verifyElementVisible(findTestObject("09-Settings/Users/User Page")): Object 'Object Repository/09-Settings/Users/User Page' is visible

2022-11-30 13:59:43 - [MESSAGE][PASSED] - Object 'Object Repository/09-Settings/Users/User Page' is visible

2022-11-30 13:59:43 - [TEST_STEP][PASSED] - delay(3): Delayed 3 second(s)

2022-11-30 13:59:46 - [MESSAGE][PASSED] - Delayed 3 second(s)

2022-11-30 13:59:46 - [TEST_STEP][PASSED] - click(findTestObject("09-Settings/Users/button_add")): Object: 'Object Repository/09-Settings/Users/button_add' is clicked on

2022-11-30 13:59:46 - [MESSAGE][PASSED] - Object: 'Object Repository/09-Settings/Users/button_add' is clicked on

2022-11-30 13:59:46 - [TEST_STEP][PASSED] - verifyElementVisible(findTestObject("09-Settings/Users/User Invitation modal")): Object 'Object Repository/09-Settings/Users/User Invitation modal' is visible

2022-11-30 13:59:47 - [MESSAGE][PASSED] - Object 'Object Repository/09-Settings/Users/User Invitation modal' is visible

2022-11-30 13:59:47 - [TEST_STEP][PASSED] - delay(3): Delayed 3 second(s)

2022-11-30 13:59:50 - [MESSAGE][PASSED] - Delayed 3 second(s)

2022-11-30 13:59:50 - [TEST_STEP][PASSED] - click(findTestObject("09-Settings/Users/add Invite a single user")): Object: 'Object Repository/09-Settings/Users/add Invite a single user' is clicked on

2022-11-30 14:00:02 - [MESSAGE][PASSED] - Object: 'Object Repository/09-Settings/Users/add Invite a single user' is clicked on

2022-11-30 14:00:02 - [TEST_STEP][PASSED] - verifyElementVisible(findTestObject("09-Settings/Users/Invite new user modal")): Object 'Object Repository/09-Settings/Users/Invite new user modal' is visible

2022-11-30 14:00:03 - [MESSAGE][PASSED] - Object 'Object Repository/09-Settings/Users/Invite new user modal' is visible

2022-11-30 14:00:03 - [TEST_STEP][PASSED] - click(findTestObject("09-Settings/Users/input_email")): Object: 'Object Repository/09-Settings/Users/input_email' is clicked on

2022-11-30 14:00:03 - [MESSAGE][PASSED] - Object: 'Object Repository/09-Settings/Users/input_email' is clicked on

2022-11-30 14:00:03 - [TEST_STEP][PASSED] - click(findTestObject("09-Settings/Users/input_firstName")): Object: 'Object Repository/09-Settings/Users/input_firstName' is clicked on

2022-11-30 14:00:03 - [MESSAGE][PASSED] - Object: 'Object Repository/09-Settings/Users/input_firstName' is clicked on

2022-11-30 14:00:03 - [TEST_STEP][PASSED] - click(findTestObject("09-Settings/Users/input_lastName")): Object: 'Object Repository/09-Settings/Users/input_lastName' is clicked on

2022-11-30 14:00:04 - [MESSAGE][PASSED] - Object: 'Object Repository/09-Settings/Users/input_lastName' is clicked on

2022-11-30 14:00:04 - [TEST_STEP][PASSED] - click(findTestObject("09-Settings/Users/span_Role")): Object: 'Object Repository/09-Settings/Users/span_Role' is clicked on

2022-11-30 14:00:04 - [MESSAGE][PASSED] - Object: 'Object Repository/09-Settings/Users/span_Role' is clicked on

2022-11-30 14:00:04 - [TEST_STEP][PASSED] - clickOffset(findTestObject("09-Settings/Users/h4_Invite New User"), 100, 100): Object: 'Object Repository/09-Settings/Users/h4_Invite New User' is clicked on using offset x=100 and y=100

2022-11-30 14:00:05 - [MESSAGE][PASSED] - Object: 'Object Repository/09-Settings/Users/h4_Invite New User' is clicked on using offset x=100 and y=100

2022-11-30 14:00:05 - [TEST_STEP][PASSED] - verifyElementVisible(findTestObject("09-Settings/Users/Email required")): Object 'Object Repository/09-Settings/Users/Email required' is visible

2022-11-30 14:00:06 - [MESSAGE][PASSED] - Object 'Object Repository/09-Settings/Users/Email required' is visible

2022-11-30 14:00:06 - [TEST_STEP][PASSED] - verifyElementVisible(findTestObject("09-Settings/Users/Firstname required")): Object 'Object Repository/09-Settings/Users/Firstname required' is visible

2022-11-30 14:00:06 - [MESSAGE][PASSED] - Object 'Object Repository/09-Settings/Users/Firstname required' is visible

2022-11-30 14:00:06 - [TEST_STEP][PASSED] - verifyElementVisible(findTestObject("09-Settings/Users/last name required")): Object 'Object Repository/09-Settings/Users/last name required' is visible

2022-11-30 14:00:07 - [MESSAGE][PASSED] - Object 'Object Repository/09-Settings/Users/last name required' is visible

2022-11-30 14:00:07 - [TEST_STEP][PASSED] - verifyElementVisible(findTestObject("09-Settings/Users/error_Select a role")): Object 'Object Repository/09-Settings/Users/error_Select a role' is visible

2022-11-30 14:00:07 - [MESSAGE][PASSED] - Object 'Object Repository/09-Settings/Users/error_Select a role' is visible]]></system-out>
         <system-err><![CDATA[]]></system-err>
      </testcase>
      <testcase name="Test Cases/09-Settings/02 - Users (Invite new user as co worker)" time="348.156" classname="Test Cases/09-Settings/02 - Users (Invite new user as co worker)" status="PASSED">
         <system-out><![CDATA[2022-11-30 14:00:07 - [TEST_CASE][PASSED] - Test Cases/09-Settings/02 - Users (Invite new user as co worker): Test Cases/09-Settings/02 - Users (Invite new user as co worker)

2022-11-30 14:00:07 - [TEST_STEP][PASSED] - delay(3): Delayed 3 second(s)

2022-11-30 14:00:10 - [MESSAGE][PASSED] - Delayed 3 second(s)

2022-11-30 14:00:10 - [TEST_STEP][PASSED] - setText(findTestObject("09-Settings/Users/input_email"), "autotester04@mailinator.com"): Text 'autotester04@mailinator.com' is set on object 'Object Repository/09-Settings/Users/input_email'

2022-11-30 14:00:11 - [MESSAGE][PASSED] - Text 'autotester04@mailinator.com' is set on object 'Object Repository/09-Settings/Users/input_email'

2022-11-30 14:00:11 - [TEST_STEP][PASSED] - setText(findTestObject("09-Settings/Users/input_firstName"), "GG"): Text 'GG' is set on object 'Object Repository/09-Settings/Users/input_firstName'

2022-11-30 14:00:12 - [MESSAGE][PASSED] - Text 'GG' is set on object 'Object Repository/09-Settings/Users/input_firstName'

2022-11-30 14:00:12 - [TEST_STEP][PASSED] - setText(findTestObject("09-Settings/Users/input_lastName"), "Auto Contact 2"): Text 'Auto Contact 2' is set on object 'Object Repository/09-Settings/Users/input_lastName'

2022-11-30 14:00:13 - [MESSAGE][PASSED] - Text 'Auto Contact 2' is set on object 'Object Repository/09-Settings/Users/input_lastName'

2022-11-30 14:00:13 - [TEST_STEP][PASSED] - click(findTestObject("09-Settings/Users/span_Role")): Object: 'Object Repository/09-Settings/Users/span_Role' is clicked on

2022-11-30 14:00:13 - [MESSAGE][PASSED] - Object: 'Object Repository/09-Settings/Users/span_Role' is clicked on

2022-11-30 14:00:13 - [TEST_STEP][PASSED] - click(findTestObject("09-Settings/Users/span_CoWorker")): Object: 'Object Repository/09-Settings/Users/span_CoWorker' is clicked on

2022-11-30 14:00:14 - [MESSAGE][PASSED] - Object: 'Object Repository/09-Settings/Users/span_CoWorker' is clicked on

2022-11-30 14:00:14 - [TEST_STEP][PASSED] - click(findTestObject("09-Settings/Users/button_Send Invitation")): Object: 'Object Repository/09-Settings/Users/button_Send Invitation' is clicked on

2022-11-30 14:00:15 - [MESSAGE][PASSED] - Object: 'Object Repository/09-Settings/Users/button_Send Invitation' is clicked on

2022-11-30 14:00:15 - [TEST_STEP][PASSED] - delay(2): Delayed 2 second(s)

2022-11-30 14:00:17 - [MESSAGE][PASSED] - Delayed 2 second(s)

2022-11-30 14:00:17 - [TEST_STEP][PASSED] - verifyElementVisible(findTestObject("07-Directory/Connections/zContact Profile/Successfully invited user")): Object 'Object Repository/07-Directory/Connections/zContact Profile/Successfully invited user' is visible

2022-11-30 14:00:18 - [MESSAGE][PASSED] - Object 'Object Repository/07-Directory/Connections/zContact Profile/Successfully invited user' is visible

2022-11-30 14:00:18 - [TEST_STEP][PASSED] - delay(2): Delayed 2 second(s)

2022-11-30 14:00:20 - [MESSAGE][PASSED] - Delayed 2 second(s)

2022-11-30 14:00:20 - [TEST_STEP][PASSED] - executeJavaScript("window.open();", []): Execute JavaScript 'window.open();' successfully

2022-11-30 14:00:20 - [MESSAGE][PASSED] - Execute JavaScript 'window.open();' successfully

2022-11-30 14:00:20 - [TEST_STEP][PASSED] - currentWindow = getWindowIndex(): Current window's index is: 0

2022-11-30 14:00:20 - [MESSAGE][PASSED] - Current window's index is: 0

2022-11-30 14:00:20 - [TEST_STEP][PASSED] - delay(3): Delayed 3 second(s)

2022-11-30 14:00:23 - [MESSAGE][PASSED] - Delayed 3 second(s)

2022-11-30 14:00:23 - [TEST_STEP][PASSED] - switchToWindowIndex(currentWindow + 1): Switched to window with index: '1'

2022-11-30 14:00:23 - [MESSAGE][PASSED] - Switched to window with index: '1'

2022-11-30 14:00:23 - [TEST_STEP][PASSED] - navigateToUrl("https://www.mailinator.com/"): Navigate to 'https://www.mailinator.com/' successfully

2022-11-30 14:00:26 - [MESSAGE][PASSED] - Navigate to 'https://www.mailinator.com/' successfully

2022-11-30 14:00:26 - [TEST_STEP][PASSED] - delay(3): Delayed 3 second(s)

2022-11-30 14:00:29 - [MESSAGE][PASSED] - Delayed 3 second(s)

2022-11-30 14:00:29 - [TEST_STEP][PASSED] - setText(findTestObject("00-Signup and Activation/zMailinator/input_LOGIN_search"), "autotester04@mailinator.com"): Text 'autotester04@mailinator.com' is set on object 'Object Repository/00-Signup and Activation/zMailinator/input_LOGIN_search'

2022-11-30 14:00:30 - [MESSAGE][PASSED] - Text 'autotester04@mailinator.com' is set on object 'Object Repository/00-Signup and Activation/zMailinator/input_LOGIN_search'

2022-11-30 14:00:30 - [TEST_STEP][PASSED] - click(findTestObject("00-Signup and Activation/zMailinator/gobutton"), STOP_ON_FAILURE): Object: 'Object Repository/00-Signup and Activation/zMailinator/gobutton' is clicked on

2022-11-30 14:00:31 - [MESSAGE][PASSED] - Object: 'Object Repository/00-Signup and Activation/zMailinator/gobutton' is clicked on

2022-11-30 14:00:31 - [TEST_STEP][PASSED] - delay(3): Delayed 3 second(s)

2022-11-30 14:00:34 - [MESSAGE][PASSED] - Delayed 3 second(s)

2022-11-30 14:00:34 - [TEST_STEP][PASSED] - closeWindowTitle("Everleagues"): Window with title: 'Everleagues' is closed

2022-11-30 14:00:34 - [MESSAGE][PASSED] - Window with title: 'Everleagues' is closed

2022-11-30 14:00:34 - [TEST_STEP][PASSED] - switchToWindowIndex(0): Switched to window with index: '0'

2022-11-30 14:00:34 - [MESSAGE][PASSED] - Switched to window with index: '0'

2022-11-30 14:00:34 - [TEST_STEP][PASSED] - click(findTestObject("09-Settings/Users/Co worker/td_Invitation from GG Automation")): Object: 'Object Repository/09-Settings/Users/Co worker/td_Invitation from GG Automation' is clicked on

2022-11-30 14:00:35 - [MESSAGE][PASSED] - Object: 'Object Repository/09-Settings/Users/Co worker/td_Invitation from GG Automation' is clicked on

2022-11-30 14:00:35 - [TEST_STEP][PASSED] - click(findTestObject("09-Settings/Users/Co worker/a_Click here to join GG Automation on EverLeagues")): Object: 'Object Repository/09-Settings/Users/Co worker/a_Click here to join GG Automation on EverLeagues' is clicked on

2022-11-30 14:00:35 - [MESSAGE][PASSED] - Object: 'Object Repository/09-Settings/Users/Co worker/a_Click here to join GG Automation on EverLeagues' is clicked on

2022-11-30 14:00:35 - [TEST_STEP][PASSED] - closeWindowTitle("Mailinator"): Window with title: 'Mailinator' is closed

2022-11-30 14:00:36 - [MESSAGE][PASSED] - Window with title: 'Mailinator' is closed

2022-11-30 14:00:36 - [TEST_STEP][PASSED] - switchToWindowIndex(0): Switched to window with index: '0'

2022-11-30 14:00:36 - [MESSAGE][PASSED] - Switched to window with index: '0'

2022-11-30 14:00:36 - [TEST_STEP][PASSED] - verifyElementVisible(findTestObject("09-Settings/Users/Co worker/Logout before proceed modal")): Object 'Object Repository/09-Settings/Users/Co worker/Logout before proceed modal' is visible

2022-11-30 14:00:42 - [MESSAGE][PASSED] - Object 'Object Repository/09-Settings/Users/Co worker/Logout before proceed modal' is visible

2022-11-30 14:00:42 - [TEST_STEP][PASSED] - click(findTestObject("09-Settings/Users/Co worker/button_Yes")): Object: 'Object Repository/09-Settings/Users/Co worker/button_Yes' is clicked on

2022-11-30 14:00:42 - [MESSAGE][PASSED] - Object: 'Object Repository/09-Settings/Users/Co worker/button_Yes' is clicked on

2022-11-30 14:00:42 - [TEST_STEP][PASSED] - delay(3): Delayed 3 second(s)

2022-11-30 14:00:45 - [MESSAGE][PASSED] - Delayed 3 second(s)

2022-11-30 14:00:45 - [TEST_STEP][PASSED] - setText(findTestObject("09-Settings/Users/Co worker/input_Email_email"), "autotester04@mailinator.com"): Text 'autotester04@mailinator.com' is set on object 'Object Repository/09-Settings/Users/Co worker/input_Email_email'

2022-11-30 14:01:45 - [MESSAGE][PASSED] - Text 'autotester04@mailinator.com' is set on object 'Object Repository/09-Settings/Users/Co worker/input_Email_email'

2022-11-30 14:01:45 - [TEST_STEP][PASSED] - setEncryptedText(findTestObject("09-Settings/Users/Co worker/input__password"), "8yFRyszE6U6jvsCn51OQbg=="): Text ****** has been set on object 'Object Repository/09-Settings/Users/Co worker/input__password'

2022-11-30 14:02:16 - [MESSAGE][PASSED] - Text ****** has been set on object 'Object Repository/09-Settings/Users/Co worker/input__password'

2022-11-30 14:02:16 - [TEST_STEP][PASSED] - click(findTestObject("02-Side Icons(Organization)/Add Contact/button_Sign in")): Object: 'Object Repository/02-Side Icons(Organization)/Add Contact/button_Sign in' is clicked on

2022-11-30 14:02:46 - [MESSAGE][PASSED] - Object: 'Object Repository/02-Side Icons(Organization)/Add Contact/button_Sign in' is clicked on

2022-11-30 14:02:46 - [TEST_STEP][PASSED] - delay(2): Delayed 2 second(s)

2022-11-30 14:02:48 - [MESSAGE][PASSED] - Delayed 2 second(s)

2022-11-30 14:02:48 - [TEST_STEP][PASSED] - click(findTestObject("06-Teams/For 2FA/button_Confirm_2FA")): Object: 'Object Repository/06-Teams/For 2FA/button_Confirm_2FA' is clicked on

2022-11-30 14:03:18 - [MESSAGE][PASSED] - Object: 'Object Repository/06-Teams/For 2FA/button_Confirm_2FA' is clicked on

2022-11-30 14:03:18 - [TEST_STEP][PASSED] - executeJavaScript("window.open();", []): Execute JavaScript 'window.open();' successfully

2022-11-30 14:03:18 - [MESSAGE][PASSED] - Execute JavaScript 'window.open();' successfully

2022-11-30 14:03:18 - [TEST_STEP][PASSED] - currentWindow = getWindowIndex(): Current window's index is: 0

2022-11-30 14:03:18 - [MESSAGE][PASSED] - Current window's index is: 0

2022-11-30 14:03:18 - [TEST_STEP][PASSED] - delay(3): Delayed 3 second(s)

2022-11-30 14:03:21 - [MESSAGE][PASSED] - Delayed 3 second(s)

2022-11-30 14:03:21 - [TEST_STEP][PASSED] - switchToWindowIndex(currentWindow + 1): Switched to window with index: '1'

2022-11-30 14:03:21 - [MESSAGE][PASSED] - Switched to window with index: '1'

2022-11-30 14:03:21 - [TEST_STEP][PASSED] - navigateToUrl("https://www.mailinator.com/"): Navigate to 'https://www.mailinator.com/' successfully

2022-11-30 14:03:22 - [MESSAGE][PASSED] - Navigate to 'https://www.mailinator.com/' successfully

2022-11-30 14:03:22 - [TEST_STEP][PASSED] - delay(3): Delayed 3 second(s)

2022-11-30 14:03:25 - [MESSAGE][PASSED] - Delayed 3 second(s)

2022-11-30 14:03:25 - [TEST_STEP][PASSED] - setText(findTestObject("00-Signup and Activation/zMailinator/input_LOGIN_search"), "autotester04@mailinator.com"): Text 'autotester04@mailinator.com' is set on object 'Object Repository/00-Signup and Activation/zMailinator/input_LOGIN_search'

2022-11-30 14:03:26 - [MESSAGE][PASSED] - Text 'autotester04@mailinator.com' is set on object 'Object Repository/00-Signup and Activation/zMailinator/input_LOGIN_search'

2022-11-30 14:03:26 - [TEST_STEP][PASSED] - click(findTestObject("00-Signup and Activation/zMailinator/gobutton"), STOP_ON_FAILURE): Object: 'Object Repository/00-Signup and Activation/zMailinator/gobutton' is clicked on

2022-11-30 14:03:27 - [MESSAGE][PASSED] - Object: 'Object Repository/00-Signup and Activation/zMailinator/gobutton' is clicked on

2022-11-30 14:03:27 - [TEST_STEP][PASSED] - delay(3): Delayed 3 second(s)

2022-11-30 14:03:30 - [MESSAGE][PASSED] - Delayed 3 second(s)

2022-11-30 14:03:30 - [TEST_STEP][PASSED] - click(findTestObject("00-Signup and Activation/zMailinator/Email - everleagues")): Object: 'Object Repository/00-Signup and Activation/zMailinator/Email - everleagues' is clicked on

2022-11-30 14:03:30 - [MESSAGE][PASSED] - Object: 'Object Repository/00-Signup and Activation/zMailinator/Email - everleagues' is clicked on

2022-11-30 14:03:30 - [TEST_STEP][PASSED] - delay(3): Delayed 3 second(s)

2022-11-30 14:03:33 - [MESSAGE][PASSED] - Delayed 3 second(s)

2022-11-30 14:03:33 - [TEST_STEP][PASSED] - codetwo = getText(findTestObject("Object Repository/06-Teams/For 2FA/2FA code")): Text of object 'Object Repository/06-Teams/For 2FA/2FA code' is: '590915'

2022-11-30 14:03:34 - [MESSAGE][PASSED] - Text of object 'Object Repository/06-Teams/For 2FA/2FA code' is: '590915'

2022-11-30 14:03:34 - [TEST_STEP][PASSED] - delay(3): Delayed 3 second(s)

2022-11-30 14:03:37 - [MESSAGE][PASSED] - Delayed 3 second(s)

2022-11-30 14:03:37 - [TEST_STEP][PASSED] - closeWindowTitle("Mailinator"): Window with title: 'Mailinator' is closed

2022-11-30 14:03:37 - [MESSAGE][PASSED] - Window with title: 'Mailinator' is closed

2022-11-30 14:03:37 - [TEST_STEP][PASSED] - delay(3): Delayed 3 second(s)

2022-11-30 14:03:40 - [MESSAGE][PASSED] - Delayed 3 second(s)

2022-11-30 14:03:40 - [TEST_STEP][PASSED] - switchToWindowIndex(0): Switched to window with index: '0'

2022-11-30 14:03:40 - [MESSAGE][PASSED] - Switched to window with index: '0'

2022-11-30 14:03:40 - [TEST_STEP][PASSED] - delay(3): Delayed 3 second(s)

2022-11-30 14:03:43 - [MESSAGE][PASSED] - Delayed 3 second(s)

2022-11-30 14:03:43 - [TEST_STEP][PASSED] - setText(findTestObject("Object Repository/06-Teams/For 2FA/input_Enter verification code_code"), codetwo): Text '590915' is set on object 'Object Repository/06-Teams/For 2FA/input_Enter verification code_code'

2022-11-30 14:04:43 - [MESSAGE][PASSED] - Text '590915' is set on object 'Object Repository/06-Teams/For 2FA/input_Enter verification code_code'

2022-11-30 14:04:43 - [TEST_STEP][PASSED] - delay(3): Delayed 3 second(s)

2022-11-30 14:04:46 - [MESSAGE][PASSED] - Delayed 3 second(s)

2022-11-30 14:04:46 - [TEST_STEP][PASSED] - click(findTestObject("06-Teams/For 2FA/button_Verify_2FA")): Object: 'Object Repository/06-Teams/For 2FA/button_Verify_2FA' is clicked on

2022-11-30 14:05:17 - [MESSAGE][PASSED] - Object: 'Object Repository/06-Teams/For 2FA/button_Verify_2FA' is clicked on

2022-11-30 14:05:17 - [TEST_STEP][PASSED] - delay(5): Delayed 5 second(s)

2022-11-30 14:05:22 - [MESSAGE][PASSED] - Delayed 5 second(s)

2022-11-30 14:05:22 - [TEST_STEP][PASSED] - executeJavaScript("window.open();", []): Execute JavaScript 'window.open();' successfully

2022-11-30 14:05:22 - [MESSAGE][PASSED] - Execute JavaScript 'window.open();' successfully

2022-11-30 14:05:22 - [TEST_STEP][PASSED] - currentWindow = getWindowIndex(): Current window's index is: 0

2022-11-30 14:05:22 - [MESSAGE][PASSED] - Current window's index is: 0

2022-11-30 14:05:22 - [TEST_STEP][PASSED] - delay(3): Delayed 3 second(s)

2022-11-30 14:05:25 - [MESSAGE][PASSED] - Delayed 3 second(s)

2022-11-30 14:05:25 - [TEST_STEP][PASSED] - switchToWindowIndex(currentWindow + 1): Switched to window with index: '1'

2022-11-30 14:05:25 - [MESSAGE][PASSED] - Switched to window with index: '1'

2022-11-30 14:05:25 - [TEST_STEP][PASSED] - navigateToUrl("https://www.mailinator.com/"): Navigate to 'https://www.mailinator.com/' successfully

2022-11-30 14:05:32 - [MESSAGE][PASSED] - Navigate to 'https://www.mailinator.com/' successfully

2022-11-30 14:05:32 - [TEST_STEP][PASSED] - delay(3): Delayed 3 second(s)

2022-11-30 14:05:35 - [MESSAGE][PASSED] - Delayed 3 second(s)

2022-11-30 14:05:35 - [TEST_STEP][PASSED] - setText(findTestObject("00-Signup and Activation/zMailinator/input_LOGIN_search"), "autotester04@mailinator.com"): Text 'autotester04@mailinator.com' is set on object 'Object Repository/00-Signup and Activation/zMailinator/input_LOGIN_search'

2022-11-30 14:05:36 - [MESSAGE][PASSED] - Text 'autotester04@mailinator.com' is set on object 'Object Repository/00-Signup and Activation/zMailinator/input_LOGIN_search'

2022-11-30 14:05:36 - [TEST_STEP][PASSED] - click(findTestObject("00-Signup and Activation/zMailinator/gobutton"), STOP_ON_FAILURE): Object: 'Object Repository/00-Signup and Activation/zMailinator/gobutton' is clicked on

2022-11-30 14:05:37 - [MESSAGE][PASSED] - Object: 'Object Repository/00-Signup and Activation/zMailinator/gobutton' is clicked on

2022-11-30 14:05:37 - [TEST_STEP][PASSED] - delay(3): Delayed 3 second(s)

2022-11-30 14:05:40 - [MESSAGE][PASSED] - Delayed 3 second(s)

2022-11-30 14:05:40 - [TEST_STEP][PASSED] - closeWindowTitle("Everleagues"): Window with title: 'Everleagues' is closed

2022-11-30 14:05:40 - [MESSAGE][PASSED] - Window with title: 'Everleagues' is closed

2022-11-30 14:05:40 - [TEST_STEP][PASSED] - switchToWindowIndex(0): Switched to window with index: '0'

2022-11-30 14:05:40 - [MESSAGE][PASSED] - Switched to window with index: '0'

2022-11-30 14:05:40 - [TEST_STEP][PASSED] - click(findTestObject("09-Settings/Users/Co worker/td_Invitation from GG Automation")): Object: 'Object Repository/09-Settings/Users/Co worker/td_Invitation from GG Automation' is clicked on

2022-11-30 14:05:41 - [MESSAGE][PASSED] - Object: 'Object Repository/09-Settings/Users/Co worker/td_Invitation from GG Automation' is clicked on

2022-11-30 14:05:41 - [TEST_STEP][PASSED] - click(findTestObject("09-Settings/Users/Co worker/a_Click here to join GG Automation on EverLeagues")): Object: 'Object Repository/09-Settings/Users/Co worker/a_Click here to join GG Automation on EverLeagues' is clicked on

2022-11-30 14:05:42 - [MESSAGE][PASSED] - Object: 'Object Repository/09-Settings/Users/Co worker/a_Click here to join GG Automation on EverLeagues' is clicked on

2022-11-30 14:05:42 - [TEST_STEP][PASSED] - delay(3): Delayed 3 second(s)

2022-11-30 14:05:45 - [MESSAGE][PASSED] - Delayed 3 second(s)

2022-11-30 14:05:45 - [TEST_STEP][PASSED] - closeWindowTitle("Mailinator"): Window with title: 'Mailinator' is closed

2022-11-30 14:05:45 - [MESSAGE][PASSED] - Window with title: 'Mailinator' is closed

2022-11-30 14:05:45 - [TEST_STEP][PASSED] - switchToWindowIndex(0): Switched to window with index: '0'

2022-11-30 14:05:45 - [MESSAGE][PASSED] - Switched to window with index: '0'

2022-11-30 14:05:45 - [TEST_STEP][PASSED] - verifyElementVisible(findTestObject("09-Settings/Users/Co worker/Invite modal")): Object 'Object Repository/09-Settings/Users/Co worker/Invite modal' is visible

2022-11-30 14:05:47 - [MESSAGE][PASSED] - Object 'Object Repository/09-Settings/Users/Co worker/Invite modal' is visible

2022-11-30 14:05:47 - [TEST_STEP][PASSED] - click(findTestObject("09-Settings/Users/Co worker/button_Accept")): Object: 'Object Repository/09-Settings/Users/Co worker/button_Accept' is clicked on

2022-11-30 14:05:47 - [MESSAGE][PASSED] - Object: 'Object Repository/09-Settings/Users/Co worker/button_Accept' is clicked on

2022-11-30 14:05:47 - [TEST_STEP][PASSED] - delay(5): Delayed 5 second(s)

2022-11-30 14:05:52 - [MESSAGE][PASSED] - Delayed 5 second(s)

2022-11-30 14:05:52 - [TEST_STEP][PASSED] - verifyElementVisible(findTestObject("09-Settings/Users/Co worker/div_Joined as CoWorker")): Object 'Object Repository/09-Settings/Users/Co worker/div_Joined as CoWorker' is visible

2022-11-30 14:05:54 - [MESSAGE][PASSED] - Object 'Object Repository/09-Settings/Users/Co worker/div_Joined as CoWorker' is visible

2022-11-30 14:05:54 - [TEST_STEP][PASSED] - closeBrowser(): Browser is closed

2022-11-30 14:05:55 - [MESSAGE][PASSED] - Browser is closed]]></system-out>
         <system-err><![CDATA[]]></system-err>
      </testcase>
      <testcase name="Test Cases/09-Settings/03 - Users (Invite new user as client)" time="235.855" classname="Test Cases/09-Settings/03 - Users (Invite new user as client)" status="PASSED">
         <system-out><![CDATA[2022-11-30 14:05:55 - [TEST_CASE][PASSED] - Test Cases/09-Settings/03 - Users (Invite new user as client): Test Cases/09-Settings/03 - Users (Invite new user as client)

2022-11-30 14:05:56 - [TEST_STEP][PASSED] - openBrowser(""): Browser is opened with url: ''

2022-11-30 14:05:56 - [MESSAGE][INFO] - Starting 'Chrome' driver

2022-11-30 14:05:56 - [MESSAGE][INFO] - Action delay is set to 0 milliseconds

2022-11-30 14:05:57 - [MESSAGE][PASSED] - Browser is opened with url: ''

2022-11-30 14:05:57 - [TEST_STEP][PASSED] - navigateToUrl("https://lab.everleagues.com/"): Navigate to 'https://lab.everleagues.com/' successfully

2022-11-30 14:06:21 - [MESSAGE][PASSED] - Navigate to 'https://lab.everleagues.com/' successfully

2022-11-30 14:06:21 - [TEST_STEP][PASSED] - maximizeWindow(): Current window maximized

2022-11-30 14:06:21 - [MESSAGE][PASSED] - Current window maximized

2022-11-30 14:06:21 - [TEST_STEP][PASSED] - setText(findTestObject("02-Side Icons(Organization)/Add Contact/Email Field"), "testuser02@mailinator.com"): Text 'testuser02@mailinator.com' is set on object 'Object Repository/02-Side Icons(Organization)/Add Contact/Email Field'

2022-11-30 14:06:22 - [MESSAGE][PASSED] - Text 'testuser02@mailinator.com' is set on object 'Object Repository/02-Side Icons(Organization)/Add Contact/Email Field'

2022-11-30 14:06:22 - [TEST_STEP][PASSED] - setEncryptedText(findTestObject("02-Side Icons(Organization)/Add Contact/Password Field"), "8yFRyszE6U6jvsCn51OQbg=="): Text ****** has been set on object 'Object Repository/02-Side Icons(Organization)/Add Contact/Password Field'

2022-11-30 14:06:22 - [MESSAGE][PASSED] - Text ****** has been set on object 'Object Repository/02-Side Icons(Organization)/Add Contact/Password Field'

2022-11-30 14:06:22 - [TEST_STEP][PASSED] - click(findTestObject("02-Side Icons(Organization)/Add Contact/button_Sign in")): Object: 'Object Repository/02-Side Icons(Organization)/Add Contact/button_Sign in' is clicked on

2022-11-30 14:06:23 - [MESSAGE][PASSED] - Object: 'Object Repository/02-Side Icons(Organization)/Add Contact/button_Sign in' is clicked on

2022-11-30 14:06:23 - [TEST_STEP][PASSED] - delay(2): Delayed 2 second(s)

2022-11-30 14:06:25 - [MESSAGE][PASSED] - Delayed 2 second(s)

2022-11-30 14:06:25 - [TEST_STEP][PASSED] - click(findTestObject("06-Teams/For 2FA/button_Confirm_2FA")): Object: 'Object Repository/06-Teams/For 2FA/button_Confirm_2FA' is clicked on

2022-11-30 14:06:26 - [MESSAGE][PASSED] - Object: 'Object Repository/06-Teams/For 2FA/button_Confirm_2FA' is clicked on

2022-11-30 14:06:26 - [TEST_STEP][PASSED] - executeJavaScript("window.open();", []): Execute JavaScript 'window.open();' successfully

2022-11-30 14:06:26 - [MESSAGE][PASSED] - Execute JavaScript 'window.open();' successfully

2022-11-30 14:06:26 - [TEST_STEP][PASSED] - currentWindow = getWindowIndex(): Current window's index is: 0

2022-11-30 14:06:26 - [MESSAGE][PASSED] - Current window's index is: 0

2022-11-30 14:06:26 - [TEST_STEP][PASSED] - delay(3): Delayed 3 second(s)

2022-11-30 14:06:29 - [MESSAGE][PASSED] - Delayed 3 second(s)

2022-11-30 14:06:29 - [TEST_STEP][PASSED] - switchToWindowIndex(currentWindow + 1): Switched to window with index: '1'

2022-11-30 14:06:29 - [MESSAGE][PASSED] - Switched to window with index: '1'

2022-11-30 14:06:29 - [TEST_STEP][PASSED] - navigateToUrl("https://www.mailinator.com/"): Navigate to 'https://www.mailinator.com/' successfully

2022-11-30 14:06:31 - [MESSAGE][PASSED] - Navigate to 'https://www.mailinator.com/' successfully

2022-11-30 14:06:31 - [TEST_STEP][PASSED] - delay(3): Delayed 3 second(s)

2022-11-30 14:06:34 - [MESSAGE][PASSED] - Delayed 3 second(s)

2022-11-30 14:06:34 - [TEST_STEP][PASSED] - setText(findTestObject("00-Signup and Activation/zMailinator/input_LOGIN_search"), "testuser02@mailinator.com"): Text 'testuser02@mailinator.com' is set on object 'Object Repository/00-Signup and Activation/zMailinator/input_LOGIN_search'

2022-11-30 14:06:35 - [MESSAGE][PASSED] - Text 'testuser02@mailinator.com' is set on object 'Object Repository/00-Signup and Activation/zMailinator/input_LOGIN_search'

2022-11-30 14:06:35 - [TEST_STEP][PASSED] - click(findTestObject("00-Signup and Activation/zMailinator/gobutton"), STOP_ON_FAILURE): Object: 'Object Repository/00-Signup and Activation/zMailinator/gobutton' is clicked on

2022-11-30 14:06:37 - [MESSAGE][PASSED] - Object: 'Object Repository/00-Signup and Activation/zMailinator/gobutton' is clicked on

2022-11-30 14:06:37 - [TEST_STEP][PASSED] - delay(3): Delayed 3 second(s)

2022-11-30 14:06:40 - [MESSAGE][PASSED] - Delayed 3 second(s)

2022-11-30 14:06:40 - [TEST_STEP][PASSED] - click(findTestObject("00-Signup and Activation/zMailinator/Email - everleagues")): Object: 'Object Repository/00-Signup and Activation/zMailinator/Email - everleagues' is clicked on

2022-11-30 14:06:40 - [MESSAGE][PASSED] - Object: 'Object Repository/00-Signup and Activation/zMailinator/Email - everleagues' is clicked on

2022-11-30 14:06:40 - [TEST_STEP][PASSED] - delay(3): Delayed 3 second(s)

2022-11-30 14:06:43 - [MESSAGE][PASSED] - Delayed 3 second(s)

2022-11-30 14:06:43 - [TEST_STEP][PASSED] - code = getText(findTestObject("Object Repository/06-Teams/For 2FA/2FA code")): Text of object 'Object Repository/06-Teams/For 2FA/2FA code' is: '778521'

2022-11-30 14:06:44 - [MESSAGE][PASSED] - Text of object 'Object Repository/06-Teams/For 2FA/2FA code' is: '778521'

2022-11-30 14:06:44 - [TEST_STEP][PASSED] - delay(3): Delayed 3 second(s)

2022-11-30 14:06:47 - [MESSAGE][PASSED] - Delayed 3 second(s)

2022-11-30 14:06:47 - [TEST_STEP][PASSED] - closeWindowTitle("Mailinator"): Window with title: 'Mailinator' is closed

2022-11-30 14:06:47 - [MESSAGE][PASSED] - Window with title: 'Mailinator' is closed

2022-11-30 14:06:47 - [TEST_STEP][PASSED] - delay(3): Delayed 3 second(s)

2022-11-30 14:06:50 - [MESSAGE][PASSED] - Delayed 3 second(s)

2022-11-30 14:06:50 - [TEST_STEP][PASSED] - switchToWindowIndex(0): Switched to window with index: '0'

2022-11-30 14:06:50 - [MESSAGE][PASSED] - Switched to window with index: '0'

2022-11-30 14:06:50 - [TEST_STEP][PASSED] - delay(3): Delayed 3 second(s)

2022-11-30 14:06:53 - [MESSAGE][PASSED] - Delayed 3 second(s)

2022-11-30 14:06:53 - [TEST_STEP][PASSED] - setText(findTestObject("Object Repository/06-Teams/For 2FA/input_Enter verification code_code"), code): Text '778521' is set on object 'Object Repository/06-Teams/For 2FA/input_Enter verification code_code'

2022-11-30 14:06:54 - [MESSAGE][PASSED] - Text '778521' is set on object 'Object Repository/06-Teams/For 2FA/input_Enter verification code_code'

2022-11-30 14:06:54 - [TEST_STEP][PASSED] - delay(3): Delayed 3 second(s)

2022-11-30 14:06:57 - [MESSAGE][PASSED] - Delayed 3 second(s)

2022-11-30 14:06:57 - [TEST_STEP][PASSED] - click(findTestObject("06-Teams/For 2FA/button_Verify_2FA")): Object: 'Object Repository/06-Teams/For 2FA/button_Verify_2FA' is clicked on

2022-11-30 14:06:58 - [MESSAGE][PASSED] - Object: 'Object Repository/06-Teams/For 2FA/button_Verify_2FA' is clicked on

2022-11-30 14:06:58 - [TEST_STEP][PASSED] - delay(5): Delayed 5 second(s)

2022-11-30 14:07:03 - [MESSAGE][PASSED] - Delayed 5 second(s)

2022-11-30 14:07:03 - [TEST_STEP][PASSED] - click(findTestObject("06-Teams/button_doublearrow")): Object: 'Object Repository/06-Teams/button_doublearrow' is clicked on

2022-11-30 14:07:26 - [MESSAGE][PASSED] - Object: 'Object Repository/06-Teams/button_doublearrow' is clicked on

2022-11-30 14:07:26 - [TEST_STEP][PASSED] - click(findTestObject("06-Teams/button_My Organizations")): Object: 'Object Repository/06-Teams/button_My Organizations' is clicked on

2022-11-30 14:07:28 - [MESSAGE][PASSED] - Object: 'Object Repository/06-Teams/button_My Organizations' is clicked on

2022-11-30 14:07:28 - [TEST_STEP][PASSED] - click(findTestObject("06-Teams/button_GG Automation")): Object: 'Object Repository/06-Teams/button_GG Automation' is clicked on

2022-11-30 14:07:29 - [MESSAGE][PASSED] - Object: 'Object Repository/06-Teams/button_GG Automation' is clicked on

2022-11-30 14:07:29 - [TEST_STEP][PASSED] - delay(4): Delayed 4 second(s)

2022-11-30 14:07:33 - [MESSAGE][PASSED] - Delayed 4 second(s)

2022-11-30 14:07:33 - [TEST_STEP][PASSED] - verifyElementVisible(findTestObject("06-Teams/span_GG Automation")): Object 'Object Repository/06-Teams/span_GG Automation' is visible

2022-11-30 14:07:33 - [MESSAGE][PASSED] - Object 'Object Repository/06-Teams/span_GG Automation' is visible

2022-11-30 14:07:33 - [TEST_STEP][PASSED] - delay(5): Delayed 5 second(s)

2022-11-30 14:07:38 - [MESSAGE][PASSED] - Delayed 5 second(s)

2022-11-30 14:07:38 - [TEST_STEP][PASSED] - click(findTestObject("03-Header Menu/Hamburger Button/div_Settings")): Object: 'Object Repository/03-Header Menu/Hamburger Button/div_Settings' is clicked on

2022-11-30 14:07:38 - [MESSAGE][PASSED] - Object: 'Object Repository/03-Header Menu/Hamburger Button/div_Settings' is clicked on

2022-11-30 14:07:38 - [TEST_STEP][PASSED] - delay(3): Delayed 3 second(s)

2022-11-30 14:07:41 - [MESSAGE][PASSED] - Delayed 3 second(s)

2022-11-30 14:07:41 - [TEST_STEP][PASSED] - click(findTestObject("09-Settings/Users/div_Users")): Object: 'Object Repository/09-Settings/Users/div_Users' is clicked on

2022-11-30 14:07:42 - [MESSAGE][PASSED] - Object: 'Object Repository/09-Settings/Users/div_Users' is clicked on

2022-11-30 14:07:42 - [TEST_STEP][PASSED] - delay(3): Delayed 3 second(s)

2022-11-30 14:07:45 - [MESSAGE][PASSED] - Delayed 3 second(s)

2022-11-30 14:07:45 - [TEST_STEP][PASSED] - click(findTestObject("09-Settings/Users/button_add")): Object: 'Object Repository/09-Settings/Users/button_add' is clicked on

2022-11-30 14:07:45 - [MESSAGE][PASSED] - Object: 'Object Repository/09-Settings/Users/button_add' is clicked on

2022-11-30 14:07:45 - [TEST_STEP][PASSED] - delay(3): Delayed 3 second(s)

2022-11-30 14:07:49 - [MESSAGE][PASSED] - Delayed 3 second(s)

2022-11-30 14:07:49 - [TEST_STEP][PASSED] - click(findTestObject("09-Settings/Users/add Invite a single user")): Object: 'Object Repository/09-Settings/Users/add Invite a single user' is clicked on

2022-11-30 14:07:49 - [MESSAGE][PASSED] - Object: 'Object Repository/09-Settings/Users/add Invite a single user' is clicked on

2022-11-30 14:07:49 - [TEST_STEP][PASSED] - delay(3): Delayed 3 second(s)

2022-11-30 14:07:52 - [MESSAGE][PASSED] - Delayed 3 second(s)

2022-11-30 14:07:52 - [TEST_STEP][PASSED] - setText(findTestObject("09-Settings/Users/input_email"), "autotester09@mailinator.com"): Text 'autotester09@mailinator.com' is set on object 'Object Repository/09-Settings/Users/input_email'

2022-11-30 14:07:53 - [MESSAGE][PASSED] - Text 'autotester09@mailinator.com' is set on object 'Object Repository/09-Settings/Users/input_email'

2022-11-30 14:07:53 - [TEST_STEP][PASSED] - setText(findTestObject("09-Settings/Users/input_firstName"), "GG"): Text 'GG' is set on object 'Object Repository/09-Settings/Users/input_firstName'

2022-11-30 14:07:53 - [MESSAGE][PASSED] - Text 'GG' is set on object 'Object Repository/09-Settings/Users/input_firstName'

2022-11-30 14:07:53 - [TEST_STEP][PASSED] - setText(findTestObject("09-Settings/Users/input_lastName"), "Client"): Text 'Client' is set on object 'Object Repository/09-Settings/Users/input_lastName'

2022-11-30 14:07:54 - [MESSAGE][PASSED] - Text 'Client' is set on object 'Object Repository/09-Settings/Users/input_lastName'

2022-11-30 14:07:54 - [TEST_STEP][PASSED] - click(findTestObject("09-Settings/Users/span_Role")): Object: 'Object Repository/09-Settings/Users/span_Role' is clicked on

2022-11-30 14:07:55 - [MESSAGE][PASSED] - Object: 'Object Repository/09-Settings/Users/span_Role' is clicked on

2022-11-30 14:07:55 - [TEST_STEP][PASSED] - click(findTestObject("09-Settings/Users/span_Client")): Object: 'Object Repository/09-Settings/Users/span_Client' is clicked on

2022-11-30 14:07:55 - [MESSAGE][PASSED] - Object: 'Object Repository/09-Settings/Users/span_Client' is clicked on

2022-11-30 14:07:55 - [TEST_STEP][PASSED] - click(findTestObject("09-Settings/Users/button_Send Invitation")): Object: 'Object Repository/09-Settings/Users/button_Send Invitation' is clicked on

2022-11-30 14:07:56 - [MESSAGE][PASSED] - Object: 'Object Repository/09-Settings/Users/button_Send Invitation' is clicked on

2022-11-30 14:07:56 - [TEST_STEP][PASSED] - delay(2): Delayed 2 second(s)

2022-11-30 14:07:58 - [MESSAGE][PASSED] - Delayed 2 second(s)

2022-11-30 14:07:58 - [TEST_STEP][PASSED] - verifyElementVisible(findTestObject("07-Directory/Connections/zContact Profile/Successfully invited user")): Object 'Object Repository/07-Directory/Connections/zContact Profile/Successfully invited user' is visible

2022-11-30 14:07:59 - [MESSAGE][PASSED] - Object 'Object Repository/07-Directory/Connections/zContact Profile/Successfully invited user' is visible

2022-11-30 14:07:59 - [TEST_STEP][PASSED] - delay(2): Delayed 2 second(s)

2022-11-30 14:08:01 - [MESSAGE][PASSED] - Delayed 2 second(s)

2022-11-30 14:08:01 - [TEST_STEP][PASSED] - click(findTestObject("01-Login and Forgot Password/User menu drop")): Object: 'Object Repository/01-Login and Forgot Password/User menu drop' is clicked on

2022-11-30 14:08:01 - [MESSAGE][PASSED] - Object: 'Object Repository/01-Login and Forgot Password/User menu drop' is clicked on

2022-11-30 14:08:01 - [TEST_STEP][PASSED] - delay(2): Delayed 2 second(s)

2022-11-30 14:08:03 - [MESSAGE][PASSED] - Delayed 2 second(s)

2022-11-30 14:08:03 - [TEST_STEP][PASSED] - click(findTestObject("01-Login and Forgot Password/h4_Sign Out"), STOP_ON_FAILURE): Object: 'Object Repository/01-Login and Forgot Password/h4_Sign Out' is clicked on

2022-11-30 14:08:04 - [MESSAGE][PASSED] - Object: 'Object Repository/01-Login and Forgot Password/h4_Sign Out' is clicked on

2022-11-30 14:08:04 - [TEST_STEP][PASSED] - delay(2): Delayed 2 second(s)

2022-11-30 14:08:06 - [MESSAGE][PASSED] - Delayed 2 second(s)

2022-11-30 14:08:06 - [TEST_STEP][PASSED] - verifyElementPresent(findTestObject("01-Login and Forgot Password/Login_Card"), 0): Object 'Object Repository/01-Login and Forgot Password/Login_Card' is present

2022-11-30 14:08:06 - [MESSAGE][WARNING] - Timeout '0' is invalid. Using default page load timeout: '30'

2022-11-30 14:08:06 - [MESSAGE][PASSED] - Object 'Object Repository/01-Login and Forgot Password/Login_Card' is present

2022-11-30 14:08:06 - [TEST_STEP][PASSED] - delay(3): Delayed 3 second(s)

2022-11-30 14:08:09 - [MESSAGE][PASSED] - Delayed 3 second(s)

2022-11-30 14:08:09 - [TEST_STEP][PASSED] - closeBrowser(): Browser is closed

2022-11-30 14:08:10 - [MESSAGE][PASSED] - Browser is closed

2022-11-30 14:08:10 - [TEST_STEP][PASSED] - openBrowser(""): Browser is opened with url: ''

2022-11-30 14:08:10 - [MESSAGE][INFO] - Starting 'Chrome' driver

2022-11-30 14:08:10 - [MESSAGE][INFO] - Action delay is set to 0 milliseconds

2022-11-30 14:08:11 - [MESSAGE][PASSED] - Browser is opened with url: ''

2022-11-30 14:08:11 - [TEST_STEP][PASSED] - navigateToUrl("https://lab.everleagues.com/"): Navigate to 'https://lab.everleagues.com/' successfully

2022-11-30 14:08:23 - [MESSAGE][PASSED] - Navigate to 'https://lab.everleagues.com/' successfully

2022-11-30 14:08:23 - [TEST_STEP][PASSED] - maximizeWindow(): Current window maximized

2022-11-30 14:08:24 - [MESSAGE][PASSED] - Current window maximized

2022-11-30 14:08:24 - [TEST_STEP][PASSED] - setText(findTestObject("02-Side Icons(Organization)/Add Contact/Email Field"), "autotester09@mailinator.com"): Text 'autotester09@mailinator.com' is set on object 'Object Repository/02-Side Icons(Organization)/Add Contact/Email Field'

2022-11-30 14:08:24 - [MESSAGE][PASSED] - Text 'autotester09@mailinator.com' is set on object 'Object Repository/02-Side Icons(Organization)/Add Contact/Email Field'

2022-11-30 14:08:24 - [TEST_STEP][PASSED] - setEncryptedText(findTestObject("02-Side Icons(Organization)/Add Contact/Password Field"), "8yFRyszE6U6jvsCn51OQbg=="): Text ****** has been set on object 'Object Repository/02-Side Icons(Organization)/Add Contact/Password Field'

2022-11-30 14:08:25 - [MESSAGE][PASSED] - Text ****** has been set on object 'Object Repository/02-Side Icons(Organization)/Add Contact/Password Field'

2022-11-30 14:08:25 - [TEST_STEP][PASSED] - click(findTestObject("02-Side Icons(Organization)/Add Contact/button_Sign in")): Object: 'Object Repository/02-Side Icons(Organization)/Add Contact/button_Sign in' is clicked on

2022-11-30 14:08:26 - [MESSAGE][PASSED] - Object: 'Object Repository/02-Side Icons(Organization)/Add Contact/button_Sign in' is clicked on

2022-11-30 14:08:26 - [TEST_STEP][PASSED] - delay(2): Delayed 2 second(s)

2022-11-30 14:08:28 - [MESSAGE][PASSED] - Delayed 2 second(s)

2022-11-30 14:08:28 - [TEST_STEP][PASSED] - click(findTestObject("06-Teams/For 2FA/button_Confirm_2FA")): Object: 'Object Repository/06-Teams/For 2FA/button_Confirm_2FA' is clicked on

2022-11-30 14:08:28 - [MESSAGE][PASSED] - Object: 'Object Repository/06-Teams/For 2FA/button_Confirm_2FA' is clicked on

2022-11-30 14:08:28 - [TEST_STEP][PASSED] - executeJavaScript("window.open();", []): Execute JavaScript 'window.open();' successfully

2022-11-30 14:08:28 - [MESSAGE][PASSED] - Execute JavaScript 'window.open();' successfully

2022-11-30 14:08:28 - [TEST_STEP][PASSED] - currentWindow = getWindowIndex(): Current window's index is: 0

2022-11-30 14:08:28 - [MESSAGE][PASSED] - Current window's index is: 0

2022-11-30 14:08:28 - [TEST_STEP][PASSED] - delay(3): Delayed 3 second(s)

2022-11-30 14:08:31 - [MESSAGE][PASSED] - Delayed 3 second(s)

2022-11-30 14:08:31 - [TEST_STEP][PASSED] - switchToWindowIndex(currentWindow + 1): Switched to window with index: '1'

2022-11-30 14:08:31 - [MESSAGE][PASSED] - Switched to window with index: '1'

2022-11-30 14:08:31 - [TEST_STEP][PASSED] - navigateToUrl("https://www.mailinator.com/"): Navigate to 'https://www.mailinator.com/' successfully

2022-11-30 14:08:34 - [MESSAGE][PASSED] - Navigate to 'https://www.mailinator.com/' successfully

2022-11-30 14:08:34 - [TEST_STEP][PASSED] - delay(3): Delayed 3 second(s)

2022-11-30 14:08:37 - [MESSAGE][PASSED] - Delayed 3 second(s)

2022-11-30 14:08:37 - [TEST_STEP][PASSED] - setText(findTestObject("00-Signup and Activation/zMailinator/input_LOGIN_search"), "autotester09@mailinator.com"): Text 'autotester09@mailinator.com' is set on object 'Object Repository/00-Signup and Activation/zMailinator/input_LOGIN_search'

2022-11-30 14:08:38 - [MESSAGE][PASSED] - Text 'autotester09@mailinator.com' is set on object 'Object Repository/00-Signup and Activation/zMailinator/input_LOGIN_search'

2022-11-30 14:08:38 - [TEST_STEP][PASSED] - click(findTestObject("00-Signup and Activation/zMailinator/gobutton"), STOP_ON_FAILURE): Object: 'Object Repository/00-Signup and Activation/zMailinator/gobutton' is clicked on

2022-11-30 14:08:39 - [MESSAGE][PASSED] - Object: 'Object Repository/00-Signup and Activation/zMailinator/gobutton' is clicked on

2022-11-30 14:08:39 - [TEST_STEP][PASSED] - delay(3): Delayed 3 second(s)

2022-11-30 14:08:42 - [MESSAGE][PASSED] - Delayed 3 second(s)

2022-11-30 14:08:42 - [TEST_STEP][PASSED] - click(findTestObject("00-Signup and Activation/zMailinator/Email - everleagues")): Object: 'Object Repository/00-Signup and Activation/zMailinator/Email - everleagues' is clicked on

2022-11-30 14:08:59 - [MESSAGE][PASSED] - Object: 'Object Repository/00-Signup and Activation/zMailinator/Email - everleagues' is clicked on

2022-11-30 14:08:59 - [TEST_STEP][PASSED] - delay(3): Delayed 3 second(s)

2022-11-30 14:09:02 - [MESSAGE][PASSED] - Delayed 3 second(s)

2022-11-30 14:09:02 - [TEST_STEP][PASSED] - codetwo = getText(findTestObject("Object Repository/06-Teams/For 2FA/2FA code")): Text of object 'Object Repository/06-Teams/For 2FA/2FA code' is: '985884'

2022-11-30 14:09:02 - [MESSAGE][PASSED] - Text of object 'Object Repository/06-Teams/For 2FA/2FA code' is: '985884'

2022-11-30 14:09:02 - [TEST_STEP][PASSED] - delay(3): Delayed 3 second(s)

2022-11-30 14:09:05 - [MESSAGE][PASSED] - Delayed 3 second(s)

2022-11-30 14:09:05 - [TEST_STEP][PASSED] - closeWindowTitle("Mailinator"): Window with title: 'Mailinator' is closed

2022-11-30 14:09:06 - [MESSAGE][PASSED] - Window with title: 'Mailinator' is closed

2022-11-30 14:09:06 - [TEST_STEP][PASSED] - delay(3): Delayed 3 second(s)

2022-11-30 14:09:09 - [MESSAGE][PASSED] - Delayed 3 second(s)

2022-11-30 14:09:09 - [TEST_STEP][PASSED] - switchToWindowIndex(0): Switched to window with index: '0'

2022-11-30 14:09:09 - [MESSAGE][PASSED] - Switched to window with index: '0'

2022-11-30 14:09:09 - [TEST_STEP][PASSED] - delay(3): Delayed 3 second(s)

2022-11-30 14:09:12 - [MESSAGE][PASSED] - Delayed 3 second(s)

2022-11-30 14:09:12 - [TEST_STEP][PASSED] - setText(findTestObject("Object Repository/06-Teams/For 2FA/input_Enter verification code_code"), codetwo): Text '985884' is set on object 'Object Repository/06-Teams/For 2FA/input_Enter verification code_code'

2022-11-30 14:09:12 - [MESSAGE][PASSED] - Text '985884' is set on object 'Object Repository/06-Teams/For 2FA/input_Enter verification code_code'

2022-11-30 14:09:12 - [TEST_STEP][PASSED] - delay(3): Delayed 3 second(s)

2022-11-30 14:09:15 - [MESSAGE][PASSED] - Delayed 3 second(s)

2022-11-30 14:09:15 - [TEST_STEP][PASSED] - click(findTestObject("06-Teams/For 2FA/button_Verify_2FA")): Object: 'Object Repository/06-Teams/For 2FA/button_Verify_2FA' is clicked on

2022-11-30 14:09:16 - [MESSAGE][PASSED] - Object: 'Object Repository/06-Teams/For 2FA/button_Verify_2FA' is clicked on

2022-11-30 14:09:16 - [TEST_STEP][PASSED] - delay(5): Delayed 5 second(s)

2022-11-30 14:09:21 - [MESSAGE][PASSED] - Delayed 5 second(s)

2022-11-30 14:09:21 - [TEST_STEP][PASSED] - executeJavaScript("window.open();", []): Execute JavaScript 'window.open();' successfully

2022-11-30 14:09:21 - [MESSAGE][PASSED] - Execute JavaScript 'window.open();' successfully

2022-11-30 14:09:21 - [TEST_STEP][PASSED] - currentWindow = getWindowIndex(): Current window's index is: 0

2022-11-30 14:09:21 - [MESSAGE][PASSED] - Current window's index is: 0

2022-11-30 14:09:21 - [TEST_STEP][PASSED] - delay(3): Delayed 3 second(s)

2022-11-30 14:09:24 - [MESSAGE][PASSED] - Delayed 3 second(s)

2022-11-30 14:09:24 - [TEST_STEP][PASSED] - switchToWindowIndex(currentWindow + 1): Switched to window with index: '1'

2022-11-30 14:09:24 - [MESSAGE][PASSED] - Switched to window with index: '1'

2022-11-30 14:09:24 - [TEST_STEP][PASSED] - navigateToUrl("https://www.mailinator.com/"): Navigate to 'https://www.mailinator.com/' successfully

2022-11-30 14:09:25 - [MESSAGE][PASSED] - Navigate to 'https://www.mailinator.com/' successfully

2022-11-30 14:09:25 - [TEST_STEP][PASSED] - delay(3): Delayed 3 second(s)

2022-11-30 14:09:28 - [MESSAGE][PASSED] - Delayed 3 second(s)

2022-11-30 14:09:28 - [TEST_STEP][PASSED] - setText(findTestObject("00-Signup and Activation/zMailinator/input_LOGIN_search"), "autotester09@mailinator.com"): Text 'autotester09@mailinator.com' is set on object 'Object Repository/00-Signup and Activation/zMailinator/input_LOGIN_search'

2022-11-30 14:09:29 - [MESSAGE][PASSED] - Text 'autotester09@mailinator.com' is set on object 'Object Repository/00-Signup and Activation/zMailinator/input_LOGIN_search'

2022-11-30 14:09:29 - [TEST_STEP][PASSED] - click(findTestObject("00-Signup and Activation/zMailinator/gobutton"), STOP_ON_FAILURE): Object: 'Object Repository/00-Signup and Activation/zMailinator/gobutton' is clicked on

2022-11-30 14:09:30 - [MESSAGE][PASSED] - Object: 'Object Repository/00-Signup and Activation/zMailinator/gobutton' is clicked on

2022-11-30 14:09:30 - [TEST_STEP][PASSED] - delay(3): Delayed 3 second(s)

2022-11-30 14:09:33 - [MESSAGE][PASSED] - Delayed 3 second(s)

2022-11-30 14:09:33 - [TEST_STEP][PASSED] - closeWindowTitle("Everleagues"): Window with title: 'Everleagues' is closed

2022-11-30 14:09:33 - [MESSAGE][PASSED] - Window with title: 'Everleagues' is closed

2022-11-30 14:09:33 - [TEST_STEP][PASSED] - switchToWindowIndex(0): Switched to window with index: '0'

2022-11-30 14:09:33 - [MESSAGE][PASSED] - Switched to window with index: '0'

2022-11-30 14:09:33 - [TEST_STEP][PASSED] - click(findTestObject("09-Settings/Users/Co worker/td_Invitation from GG Automation")): Object: 'Object Repository/09-Settings/Users/Co worker/td_Invitation from GG Automation' is clicked on

2022-11-30 14:09:34 - [MESSAGE][PASSED] - Object: 'Object Repository/09-Settings/Users/Co worker/td_Invitation from GG Automation' is clicked on

2022-11-30 14:09:34 - [TEST_STEP][PASSED] - click(findTestObject("09-Settings/Users/Co worker/a_Click here to join GG Automation on EverLeagues")): Object: 'Object Repository/09-Settings/Users/Co worker/a_Click here to join GG Automation on EverLeagues' is clicked on

2022-11-30 14:09:35 - [MESSAGE][PASSED] - Object: 'Object Repository/09-Settings/Users/Co worker/a_Click here to join GG Automation on EverLeagues' is clicked on

2022-11-30 14:09:35 - [TEST_STEP][PASSED] - closeWindowTitle("Mailinator"): Window with title: 'Mailinator' is closed

2022-11-30 14:09:35 - [MESSAGE][PASSED] - Window with title: 'Mailinator' is closed

2022-11-30 14:09:35 - [TEST_STEP][PASSED] - switchToWindowIndex(0): Switched to window with index: '0'

2022-11-30 14:09:35 - [MESSAGE][PASSED] - Switched to window with index: '0'

2022-11-30 14:09:35 - [TEST_STEP][PASSED] - verifyElementVisible(findTestObject("09-Settings/Users/Client/Invite modal")): Object 'Object Repository/09-Settings/Users/Client/Invite modal' is visible

2022-11-30 14:09:41 - [MESSAGE][PASSED] - Object 'Object Repository/09-Settings/Users/Client/Invite modal' is visible

2022-11-30 14:09:41 - [TEST_STEP][PASSED] - setText(findTestObject("09-Settings/Users/Client/Company field"), "QA Company"): Text 'QA Company' is set on object 'Object Repository/09-Settings/Users/Client/Company field'

2022-11-30 14:09:41 - [MESSAGE][PASSED] - Text 'QA Company' is set on object 'Object Repository/09-Settings/Users/Client/Company field'

2022-11-30 14:09:41 - [TEST_STEP][PASSED] - click(findTestObject("09-Settings/Users/Client/button_Accept")): Object: 'Object Repository/09-Settings/Users/Client/button_Accept' is clicked on

2022-11-30 14:09:42 - [MESSAGE][PASSED] - Object: 'Object Repository/09-Settings/Users/Client/button_Accept' is clicked on

2022-11-30 14:09:42 - [TEST_STEP][PASSED] - delay(5): Delayed 5 second(s)

2022-11-30 14:09:47 - [MESSAGE][PASSED] - Delayed 5 second(s)

2022-11-30 14:09:47 - [TEST_STEP][PASSED] - verifyElementVisible(findTestObject("09-Settings/Users/Client/div_Joined as CLIENT")): Object 'Object Repository/09-Settings/Users/Client/div_Joined as CLIENT' is visible

2022-11-30 14:09:47 - [MESSAGE][PASSED] - Object 'Object Repository/09-Settings/Users/Client/div_Joined as CLIENT' is visible

2022-11-30 14:09:47 - [TEST_STEP][PASSED] - delay(3): Delayed 3 second(s)

2022-11-30 14:09:50 - [MESSAGE][PASSED] - Delayed 3 second(s)

2022-11-30 14:09:50 - [TEST_STEP][PASSED] - closeBrowser(): Browser is closed

2022-11-30 14:09:51 - [MESSAGE][PASSED] - Browser is closed]]></system-out>
         <system-err><![CDATA[]]></system-err>
      </testcase>
      <testcase name="Test Cases/09-Settings/04 - Users (Invite new user as partner)" time="220.008" classname="Test Cases/09-Settings/04 - Users (Invite new user as partner)" status="PASSED">
         <system-out><![CDATA[2022-11-30 14:09:51 - [TEST_CASE][PASSED] - Test Cases/09-Settings/04 - Users (Invite new user as partner): Test Cases/09-Settings/04 - Users (Invite new user as partner)

2022-11-30 14:09:51 - [TEST_STEP][PASSED] - openBrowser(""): Browser is opened with url: ''

2022-11-30 14:09:51 - [MESSAGE][INFO] - Starting 'Chrome' driver

2022-11-30 14:09:51 - [MESSAGE][INFO] - Action delay is set to 0 milliseconds

2022-11-30 14:09:53 - [MESSAGE][PASSED] - Browser is opened with url: ''

2022-11-30 14:09:53 - [TEST_STEP][PASSED] - navigateToUrl("https://lab.everleagues.com/"): Navigate to 'https://lab.everleagues.com/' successfully

2022-11-30 14:10:26 - [MESSAGE][PASSED] - Navigate to 'https://lab.everleagues.com/' successfully

2022-11-30 14:10:26 - [TEST_STEP][PASSED] - maximizeWindow(): Current window maximized

2022-11-30 14:10:26 - [MESSAGE][PASSED] - Current window maximized

2022-11-30 14:10:26 - [TEST_STEP][PASSED] - setText(findTestObject("02-Side Icons(Organization)/Add Contact/Email Field"), "testuser02@mailinator.com"): Text 'testuser02@mailinator.com' is set on object 'Object Repository/02-Side Icons(Organization)/Add Contact/Email Field'

2022-11-30 14:10:27 - [MESSAGE][PASSED] - Text 'testuser02@mailinator.com' is set on object 'Object Repository/02-Side Icons(Organization)/Add Contact/Email Field'

2022-11-30 14:10:27 - [TEST_STEP][PASSED] - setEncryptedText(findTestObject("02-Side Icons(Organization)/Add Contact/Password Field"), "8yFRyszE6U6jvsCn51OQbg=="): Text ****** has been set on object 'Object Repository/02-Side Icons(Organization)/Add Contact/Password Field'

2022-11-30 14:10:28 - [MESSAGE][PASSED] - Text ****** has been set on object 'Object Repository/02-Side Icons(Organization)/Add Contact/Password Field'

2022-11-30 14:10:28 - [TEST_STEP][PASSED] - click(findTestObject("02-Side Icons(Organization)/Add Contact/button_Sign in")): Object: 'Object Repository/02-Side Icons(Organization)/Add Contact/button_Sign in' is clicked on

2022-11-30 14:10:29 - [MESSAGE][PASSED] - Object: 'Object Repository/02-Side Icons(Organization)/Add Contact/button_Sign in' is clicked on

2022-11-30 14:10:29 - [TEST_STEP][PASSED] - delay(2): Delayed 2 second(s)

2022-11-30 14:10:31 - [MESSAGE][PASSED] - Delayed 2 second(s)

2022-11-30 14:10:31 - [TEST_STEP][PASSED] - click(findTestObject("06-Teams/For 2FA/button_Confirm_2FA")): Object: 'Object Repository/06-Teams/For 2FA/button_Confirm_2FA' is clicked on

2022-11-30 14:10:31 - [MESSAGE][PASSED] - Object: 'Object Repository/06-Teams/For 2FA/button_Confirm_2FA' is clicked on

2022-11-30 14:10:31 - [TEST_STEP][PASSED] - executeJavaScript("window.open();", []): Execute JavaScript 'window.open();' successfully

2022-11-30 14:10:31 - [MESSAGE][PASSED] - Execute JavaScript 'window.open();' successfully

2022-11-30 14:10:31 - [TEST_STEP][PASSED] - currentWindow = getWindowIndex(): Current window's index is: 0

2022-11-30 14:10:31 - [MESSAGE][PASSED] - Current window's index is: 0

2022-11-30 14:10:31 - [TEST_STEP][PASSED] - delay(3): Delayed 3 second(s)

2022-11-30 14:10:34 - [MESSAGE][PASSED] - Delayed 3 second(s)

2022-11-30 14:10:34 - [TEST_STEP][PASSED] - switchToWindowIndex(currentWindow + 1): Switched to window with index: '1'

2022-11-30 14:10:34 - [MESSAGE][PASSED] - Switched to window with index: '1'

2022-11-30 14:10:34 - [TEST_STEP][PASSED] - navigateToUrl("https://www.mailinator.com/"): Navigate to 'https://www.mailinator.com/' successfully

2022-11-30 14:10:43 - [MESSAGE][PASSED] - Navigate to 'https://www.mailinator.com/' successfully

2022-11-30 14:10:43 - [TEST_STEP][PASSED] - delay(3): Delayed 3 second(s)

2022-11-30 14:10:46 - [MESSAGE][PASSED] - Delayed 3 second(s)

2022-11-30 14:10:46 - [TEST_STEP][PASSED] - setText(findTestObject("00-Signup and Activation/zMailinator/input_LOGIN_search"), "testuser02@mailinator.com"): Text 'testuser02@mailinator.com' is set on object 'Object Repository/00-Signup and Activation/zMailinator/input_LOGIN_search'

2022-11-30 14:10:47 - [MESSAGE][PASSED] - Text 'testuser02@mailinator.com' is set on object 'Object Repository/00-Signup and Activation/zMailinator/input_LOGIN_search'

2022-11-30 14:10:47 - [TEST_STEP][PASSED] - click(findTestObject("00-Signup and Activation/zMailinator/gobutton"), STOP_ON_FAILURE): Object: 'Object Repository/00-Signup and Activation/zMailinator/gobutton' is clicked on

2022-11-30 14:10:49 - [MESSAGE][PASSED] - Object: 'Object Repository/00-Signup and Activation/zMailinator/gobutton' is clicked on

2022-11-30 14:10:49 - [TEST_STEP][PASSED] - delay(3): Delayed 3 second(s)

2022-11-30 14:10:52 - [MESSAGE][PASSED] - Delayed 3 second(s)

2022-11-30 14:10:52 - [TEST_STEP][PASSED] - click(findTestObject("00-Signup and Activation/zMailinator/Email - everleagues")): Object: 'Object Repository/00-Signup and Activation/zMailinator/Email - everleagues' is clicked on

2022-11-30 14:10:52 - [MESSAGE][PASSED] - Object: 'Object Repository/00-Signup and Activation/zMailinator/Email - everleagues' is clicked on

2022-11-30 14:10:52 - [TEST_STEP][PASSED] - delay(3): Delayed 3 second(s)

2022-11-30 14:10:55 - [MESSAGE][PASSED] - Delayed 3 second(s)

2022-11-30 14:10:55 - [TEST_STEP][PASSED] - code = getText(findTestObject("Object Repository/06-Teams/For 2FA/2FA code")): Text of object 'Object Repository/06-Teams/For 2FA/2FA code' is: '982242'

2022-11-30 14:10:55 - [MESSAGE][PASSED] - Text of object 'Object Repository/06-Teams/For 2FA/2FA code' is: '982242'

2022-11-30 14:10:55 - [TEST_STEP][PASSED] - delay(3): Delayed 3 second(s)

2022-11-30 14:10:58 - [MESSAGE][PASSED] - Delayed 3 second(s)

2022-11-30 14:10:58 - [TEST_STEP][PASSED] - closeWindowTitle("Mailinator"): Window with title: 'Mailinator' is closed

2022-11-30 14:10:59 - [MESSAGE][PASSED] - Window with title: 'Mailinator' is closed

2022-11-30 14:10:59 - [TEST_STEP][PASSED] - delay(3): Delayed 3 second(s)

2022-11-30 14:11:02 - [MESSAGE][PASSED] - Delayed 3 second(s)

2022-11-30 14:11:02 - [TEST_STEP][PASSED] - switchToWindowIndex(0): Switched to window with index: '0'

2022-11-30 14:11:02 - [MESSAGE][PASSED] - Switched to window with index: '0'

2022-11-30 14:11:02 - [TEST_STEP][PASSED] - delay(3): Delayed 3 second(s)

2022-11-30 14:11:05 - [MESSAGE][PASSED] - Delayed 3 second(s)

2022-11-30 14:11:05 - [TEST_STEP][PASSED] - setText(findTestObject("Object Repository/06-Teams/For 2FA/input_Enter verification code_code"), code): Text '982242' is set on object 'Object Repository/06-Teams/For 2FA/input_Enter verification code_code'

2022-11-30 14:11:06 - [MESSAGE][PASSED] - Text '982242' is set on object 'Object Repository/06-Teams/For 2FA/input_Enter verification code_code'

2022-11-30 14:11:06 - [TEST_STEP][PASSED] - delay(3): Delayed 3 second(s)

2022-11-30 14:11:09 - [MESSAGE][PASSED] - Delayed 3 second(s)

2022-11-30 14:11:09 - [TEST_STEP][PASSED] - click(findTestObject("06-Teams/For 2FA/button_Verify_2FA")): Object: 'Object Repository/06-Teams/For 2FA/button_Verify_2FA' is clicked on

2022-11-30 14:11:09 - [MESSAGE][PASSED] - Object: 'Object Repository/06-Teams/For 2FA/button_Verify_2FA' is clicked on

2022-11-30 14:11:09 - [TEST_STEP][PASSED] - delay(5): Delayed 5 second(s)

2022-11-30 14:11:14 - [MESSAGE][PASSED] - Delayed 5 second(s)

2022-11-30 14:11:14 - [TEST_STEP][PASSED] - click(findTestObject("06-Teams/button_doublearrow")): Object: 'Object Repository/06-Teams/button_doublearrow' is clicked on

2022-11-30 14:11:16 - [MESSAGE][PASSED] - Object: 'Object Repository/06-Teams/button_doublearrow' is clicked on

2022-11-30 14:11:16 - [TEST_STEP][PASSED] - click(findTestObject("06-Teams/button_My Organizations")): Object: 'Object Repository/06-Teams/button_My Organizations' is clicked on

2022-11-30 14:11:16 - [MESSAGE][PASSED] - Object: 'Object Repository/06-Teams/button_My Organizations' is clicked on

2022-11-30 14:11:16 - [TEST_STEP][PASSED] - click(findTestObject("06-Teams/button_GG Automation")): Object: 'Object Repository/06-Teams/button_GG Automation' is clicked on

2022-11-30 14:11:17 - [MESSAGE][PASSED] - Object: 'Object Repository/06-Teams/button_GG Automation' is clicked on

2022-11-30 14:11:17 - [TEST_STEP][PASSED] - delay(4): Delayed 4 second(s)

2022-11-30 14:11:21 - [MESSAGE][PASSED] - Delayed 4 second(s)

2022-11-30 14:11:21 - [TEST_STEP][PASSED] - verifyElementVisible(findTestObject("06-Teams/span_GG Automation")): Object 'Object Repository/06-Teams/span_GG Automation' is visible

2022-11-30 14:11:21 - [MESSAGE][PASSED] - Object 'Object Repository/06-Teams/span_GG Automation' is visible

2022-11-30 14:11:21 - [TEST_STEP][PASSED] - delay(5): Delayed 5 second(s)

2022-11-30 14:11:26 - [MESSAGE][PASSED] - Delayed 5 second(s)

2022-11-30 14:11:26 - [TEST_STEP][PASSED] - click(findTestObject("03-Header Menu/Hamburger Button/div_Settings")): Object: 'Object Repository/03-Header Menu/Hamburger Button/div_Settings' is clicked on

2022-11-30 14:11:27 - [MESSAGE][PASSED] - Object: 'Object Repository/03-Header Menu/Hamburger Button/div_Settings' is clicked on

2022-11-30 14:11:27 - [TEST_STEP][PASSED] - delay(3): Delayed 3 second(s)

2022-11-30 14:11:30 - [MESSAGE][PASSED] - Delayed 3 second(s)

2022-11-30 14:11:30 - [TEST_STEP][PASSED] - click(findTestObject("09-Settings/Users/div_Users")): Object: 'Object Repository/09-Settings/Users/div_Users' is clicked on

2022-11-30 14:11:30 - [MESSAGE][PASSED] - Object: 'Object Repository/09-Settings/Users/div_Users' is clicked on

2022-11-30 14:11:30 - [TEST_STEP][PASSED] - delay(3): Delayed 3 second(s)

2022-11-30 14:11:33 - [MESSAGE][PASSED] - Delayed 3 second(s)

2022-11-30 14:11:33 - [TEST_STEP][PASSED] - click(findTestObject("09-Settings/Users/button_add")): Object: 'Object Repository/09-Settings/Users/button_add' is clicked on

2022-11-30 14:11:34 - [MESSAGE][PASSED] - Object: 'Object Repository/09-Settings/Users/button_add' is clicked on

2022-11-30 14:11:34 - [TEST_STEP][PASSED] - delay(3): Delayed 3 second(s)

2022-11-30 14:11:37 - [MESSAGE][PASSED] - Delayed 3 second(s)

2022-11-30 14:11:37 - [TEST_STEP][PASSED] - click(findTestObject("09-Settings/Users/add Invite a single user")): Object: 'Object Repository/09-Settings/Users/add Invite a single user' is clicked on

2022-11-30 14:11:37 - [MESSAGE][PASSED] - Object: 'Object Repository/09-Settings/Users/add Invite a single user' is clicked on

2022-11-30 14:11:37 - [TEST_STEP][PASSED] - delay(3): Delayed 3 second(s)

2022-11-30 14:11:40 - [MESSAGE][PASSED] - Delayed 3 second(s)

2022-11-30 14:11:40 - [TEST_STEP][PASSED] - setText(findTestObject("09-Settings/Users/input_email"), "autotester10@mailinator.com"): Text 'autotester10@mailinator.com' is set on object 'Object Repository/09-Settings/Users/input_email'

2022-11-30 14:11:41 - [MESSAGE][PASSED] - Text 'autotester10@mailinator.com' is set on object 'Object Repository/09-Settings/Users/input_email'

2022-11-30 14:11:41 - [TEST_STEP][PASSED] - setText(findTestObject("09-Settings/Users/input_firstName"), "GG"): Text 'GG' is set on object 'Object Repository/09-Settings/Users/input_firstName'

2022-11-30 14:11:42 - [MESSAGE][PASSED] - Text 'GG' is set on object 'Object Repository/09-Settings/Users/input_firstName'

2022-11-30 14:11:42 - [TEST_STEP][PASSED] - setText(findTestObject("09-Settings/Users/input_lastName"), "Partner"): Text 'Partner' is set on object 'Object Repository/09-Settings/Users/input_lastName'

2022-11-30 14:11:43 - [MESSAGE][PASSED] - Text 'Partner' is set on object 'Object Repository/09-Settings/Users/input_lastName'

2022-11-30 14:11:43 - [TEST_STEP][PASSED] - click(findTestObject("09-Settings/Users/span_Role")): Object: 'Object Repository/09-Settings/Users/span_Role' is clicked on

2022-11-30 14:11:43 - [MESSAGE][PASSED] - Object: 'Object Repository/09-Settings/Users/span_Role' is clicked on

2022-11-30 14:11:43 - [TEST_STEP][PASSED] - click(findTestObject("09-Settings/Users/span_Partner")): Object: 'Object Repository/09-Settings/Users/span_Partner' is clicked on

2022-11-30 14:11:44 - [MESSAGE][PASSED] - Object: 'Object Repository/09-Settings/Users/span_Partner' is clicked on

2022-11-30 14:11:44 - [TEST_STEP][PASSED] - click(findTestObject("09-Settings/Users/button_Send Invitation")): Object: 'Object Repository/09-Settings/Users/button_Send Invitation' is clicked on

2022-11-30 14:11:45 - [MESSAGE][PASSED] - Object: 'Object Repository/09-Settings/Users/button_Send Invitation' is clicked on

2022-11-30 14:11:45 - [TEST_STEP][PASSED] - delay(2): Delayed 2 second(s)

2022-11-30 14:11:47 - [MESSAGE][PASSED] - Delayed 2 second(s)

2022-11-30 14:11:47 - [TEST_STEP][PASSED] - verifyElementVisible(findTestObject("07-Directory/Connections/zContact Profile/Successfully invited user")): Object 'Object Repository/07-Directory/Connections/zContact Profile/Successfully invited user' is visible

2022-11-30 14:11:48 - [MESSAGE][PASSED] - Object 'Object Repository/07-Directory/Connections/zContact Profile/Successfully invited user' is visible

2022-11-30 14:11:48 - [TEST_STEP][PASSED] - delay(2): Delayed 2 second(s)

2022-11-30 14:11:50 - [MESSAGE][PASSED] - Delayed 2 second(s)

2022-11-30 14:11:50 - [TEST_STEP][PASSED] - click(findTestObject("01-Login and Forgot Password/User menu drop")): Object: 'Object Repository/01-Login and Forgot Password/User menu drop' is clicked on

2022-11-30 14:11:50 - [MESSAGE][PASSED] - Object: 'Object Repository/01-Login and Forgot Password/User menu drop' is clicked on

2022-11-30 14:11:50 - [TEST_STEP][PASSED] - delay(2): Delayed 2 second(s)

2022-11-30 14:11:52 - [MESSAGE][PASSED] - Delayed 2 second(s)

2022-11-30 14:11:52 - [TEST_STEP][PASSED] - click(findTestObject("01-Login and Forgot Password/h4_Sign Out"), STOP_ON_FAILURE): Object: 'Object Repository/01-Login and Forgot Password/h4_Sign Out' is clicked on

2022-11-30 14:11:53 - [MESSAGE][PASSED] - Object: 'Object Repository/01-Login and Forgot Password/h4_Sign Out' is clicked on

2022-11-30 14:11:53 - [TEST_STEP][PASSED] - delay(2): Delayed 2 second(s)

2022-11-30 14:11:55 - [MESSAGE][PASSED] - Delayed 2 second(s)

2022-11-30 14:11:55 - [TEST_STEP][PASSED] - verifyElementPresent(findTestObject("01-Login and Forgot Password/Login_Card"), 0): Object 'Object Repository/01-Login and Forgot Password/Login_Card' is present

2022-11-30 14:11:55 - [MESSAGE][WARNING] - Timeout '0' is invalid. Using default page load timeout: '30'

2022-11-30 14:11:55 - [MESSAGE][PASSED] - Object 'Object Repository/01-Login and Forgot Password/Login_Card' is present

2022-11-30 14:11:55 - [TEST_STEP][PASSED] - delay(3): Delayed 3 second(s)

2022-11-30 14:11:58 - [MESSAGE][PASSED] - Delayed 3 second(s)

2022-11-30 14:11:58 - [TEST_STEP][PASSED] - closeBrowser(): Browser is closed

2022-11-30 14:11:59 - [MESSAGE][PASSED] - Browser is closed

2022-11-30 14:11:59 - [TEST_STEP][PASSED] - openBrowser(""): Browser is opened with url: ''

2022-11-30 14:11:59 - [MESSAGE][INFO] - Starting 'Chrome' driver

2022-11-30 14:11:59 - [MESSAGE][INFO] - Action delay is set to 0 milliseconds

2022-11-30 14:12:00 - [MESSAGE][PASSED] - Browser is opened with url: ''

2022-11-30 14:12:00 - [TEST_STEP][PASSED] - navigateToUrl("https://lab.everleagues.com/"): Navigate to 'https://lab.everleagues.com/' successfully

2022-11-30 14:12:13 - [MESSAGE][PASSED] - Navigate to 'https://lab.everleagues.com/' successfully

2022-11-30 14:12:13 - [TEST_STEP][PASSED] - maximizeWindow(): Current window maximized

2022-11-30 14:12:13 - [MESSAGE][PASSED] - Current window maximized

2022-11-30 14:12:13 - [TEST_STEP][PASSED] - setText(findTestObject("02-Side Icons(Organization)/Add Contact/Email Field"), "autotester10@mailinator.com"): Text 'autotester10@mailinator.com' is set on object 'Object Repository/02-Side Icons(Organization)/Add Contact/Email Field'

2022-11-30 14:12:14 - [MESSAGE][PASSED] - Text 'autotester10@mailinator.com' is set on object 'Object Repository/02-Side Icons(Organization)/Add Contact/Email Field'

2022-11-30 14:12:14 - [TEST_STEP][PASSED] - setEncryptedText(findTestObject("02-Side Icons(Organization)/Add Contact/Password Field"), "8yFRyszE6U6jvsCn51OQbg=="): Text ****** has been set on object 'Object Repository/02-Side Icons(Organization)/Add Contact/Password Field'

2022-11-30 14:12:14 - [MESSAGE][PASSED] - Text ****** has been set on object 'Object Repository/02-Side Icons(Organization)/Add Contact/Password Field'

2022-11-30 14:12:14 - [TEST_STEP][PASSED] - click(findTestObject("02-Side Icons(Organization)/Add Contact/button_Sign in")): Object: 'Object Repository/02-Side Icons(Organization)/Add Contact/button_Sign in' is clicked on

2022-11-30 14:12:15 - [MESSAGE][PASSED] - Object: 'Object Repository/02-Side Icons(Organization)/Add Contact/button_Sign in' is clicked on

2022-11-30 14:12:15 - [TEST_STEP][PASSED] - delay(2): Delayed 2 second(s)

2022-11-30 14:12:17 - [MESSAGE][PASSED] - Delayed 2 second(s)

2022-11-30 14:12:17 - [TEST_STEP][PASSED] - click(findTestObject("06-Teams/For 2FA/button_Confirm_2FA")): Object: 'Object Repository/06-Teams/For 2FA/button_Confirm_2FA' is clicked on

2022-11-30 14:12:17 - [MESSAGE][PASSED] - Object: 'Object Repository/06-Teams/For 2FA/button_Confirm_2FA' is clicked on

2022-11-30 14:12:17 - [TEST_STEP][PASSED] - executeJavaScript("window.open();", []): Execute JavaScript 'window.open();' successfully

2022-11-30 14:12:17 - [MESSAGE][PASSED] - Execute JavaScript 'window.open();' successfully

2022-11-30 14:12:17 - [TEST_STEP][PASSED] - currentWindow = getWindowIndex(): Current window's index is: 0

2022-11-30 14:12:17 - [MESSAGE][PASSED] - Current window's index is: 0

2022-11-30 14:12:17 - [TEST_STEP][PASSED] - delay(3): Delayed 3 second(s)

2022-11-30 14:12:20 - [MESSAGE][PASSED] - Delayed 3 second(s)

2022-11-30 14:12:20 - [TEST_STEP][PASSED] - switchToWindowIndex(currentWindow + 1): Switched to window with index: '1'

2022-11-30 14:12:20 - [MESSAGE][PASSED] - Switched to window with index: '1'

2022-11-30 14:12:20 - [TEST_STEP][PASSED] - navigateToUrl("https://www.mailinator.com/"): Navigate to 'https://www.mailinator.com/' successfully

2022-11-30 14:12:22 - [MESSAGE][PASSED] - Navigate to 'https://www.mailinator.com/' successfully

2022-11-30 14:12:22 - [TEST_STEP][PASSED] - delay(3): Delayed 3 second(s)

2022-11-30 14:12:25 - [MESSAGE][PASSED] - Delayed 3 second(s)

2022-11-30 14:12:25 - [TEST_STEP][PASSED] - setText(findTestObject("00-Signup and Activation/zMailinator/input_LOGIN_search"), "autotester10@mailinator.com"): Text 'autotester10@mailinator.com' is set on object 'Object Repository/00-Signup and Activation/zMailinator/input_LOGIN_search'

2022-11-30 14:12:26 - [MESSAGE][PASSED] - Text 'autotester10@mailinator.com' is set on object 'Object Repository/00-Signup and Activation/zMailinator/input_LOGIN_search'

2022-11-30 14:12:26 - [TEST_STEP][PASSED] - click(findTestObject("00-Signup and Activation/zMailinator/gobutton"), STOP_ON_FAILURE): Object: 'Object Repository/00-Signup and Activation/zMailinator/gobutton' is clicked on

2022-11-30 14:12:28 - [MESSAGE][PASSED] - Object: 'Object Repository/00-Signup and Activation/zMailinator/gobutton' is clicked on

2022-11-30 14:12:28 - [TEST_STEP][PASSED] - delay(3): Delayed 3 second(s)

2022-11-30 14:12:31 - [MESSAGE][PASSED] - Delayed 3 second(s)

2022-11-30 14:12:31 - [TEST_STEP][PASSED] - click(findTestObject("00-Signup and Activation/zMailinator/Email - everleagues")): Object: 'Object Repository/00-Signup and Activation/zMailinator/Email - everleagues' is clicked on

2022-11-30 14:12:31 - [MESSAGE][PASSED] - Object: 'Object Repository/00-Signup and Activation/zMailinator/Email - everleagues' is clicked on

2022-11-30 14:12:31 - [TEST_STEP][PASSED] - delay(3): Delayed 3 second(s)

2022-11-30 14:12:34 - [MESSAGE][PASSED] - Delayed 3 second(s)

2022-11-30 14:12:34 - [TEST_STEP][PASSED] - codetwo = getText(findTestObject("Object Repository/06-Teams/For 2FA/2FA code")): Text of object 'Object Repository/06-Teams/For 2FA/2FA code' is: '150391'

2022-11-30 14:12:35 - [MESSAGE][PASSED] - Text of object 'Object Repository/06-Teams/For 2FA/2FA code' is: '150391'

2022-11-30 14:12:35 - [TEST_STEP][PASSED] - delay(3): Delayed 3 second(s)

2022-11-30 14:12:38 - [MESSAGE][PASSED] - Delayed 3 second(s)

2022-11-30 14:12:38 - [TEST_STEP][PASSED] - closeWindowTitle("Mailinator"): Window with title: 'Mailinator' is closed

2022-11-30 14:12:38 - [MESSAGE][PASSED] - Window with title: 'Mailinator' is closed

2022-11-30 14:12:38 - [TEST_STEP][PASSED] - delay(3): Delayed 3 second(s)

2022-11-30 14:12:41 - [MESSAGE][PASSED] - Delayed 3 second(s)

2022-11-30 14:12:41 - [TEST_STEP][PASSED] - switchToWindowIndex(0): Switched to window with index: '0'

2022-11-30 14:12:41 - [MESSAGE][PASSED] - Switched to window with index: '0'

2022-11-30 14:12:41 - [TEST_STEP][PASSED] - delay(3): Delayed 3 second(s)

2022-11-30 14:12:44 - [MESSAGE][PASSED] - Delayed 3 second(s)

2022-11-30 14:12:44 - [TEST_STEP][PASSED] - setText(findTestObject("Object Repository/06-Teams/For 2FA/input_Enter verification code_code"), codetwo): Text '150391' is set on object 'Object Repository/06-Teams/For 2FA/input_Enter verification code_code'

2022-11-30 14:12:45 - [MESSAGE][PASSED] - Text '150391' is set on object 'Object Repository/06-Teams/For 2FA/input_Enter verification code_code'

2022-11-30 14:12:45 - [TEST_STEP][PASSED] - delay(3): Delayed 3 second(s)

2022-11-30 14:12:48 - [MESSAGE][PASSED] - Delayed 3 second(s)

2022-11-30 14:12:48 - [TEST_STEP][PASSED] - click(findTestObject("06-Teams/For 2FA/button_Verify_2FA")): Object: 'Object Repository/06-Teams/For 2FA/button_Verify_2FA' is clicked on

2022-11-30 14:12:49 - [MESSAGE][PASSED] - Object: 'Object Repository/06-Teams/For 2FA/button_Verify_2FA' is clicked on

2022-11-30 14:12:49 - [TEST_STEP][PASSED] - delay(5): Delayed 5 second(s)

2022-11-30 14:12:54 - [MESSAGE][PASSED] - Delayed 5 second(s)

2022-11-30 14:12:54 - [TEST_STEP][PASSED] - executeJavaScript("window.open();", []): Execute JavaScript 'window.open();' successfully

2022-11-30 14:12:54 - [MESSAGE][PASSED] - Execute JavaScript 'window.open();' successfully

2022-11-30 14:12:54 - [TEST_STEP][PASSED] - currentWindow = getWindowIndex(): Current window's index is: 0

2022-11-30 14:12:54 - [MESSAGE][PASSED] - Current window's index is: 0

2022-11-30 14:12:54 - [TEST_STEP][PASSED] - delay(3): Delayed 3 second(s)

2022-11-30 14:12:57 - [MESSAGE][PASSED] - Delayed 3 second(s)

2022-11-30 14:12:57 - [TEST_STEP][PASSED] - switchToWindowIndex(currentWindow + 1): Switched to window with index: '1'

2022-11-30 14:12:57 - [MESSAGE][PASSED] - Switched to window with index: '1'

2022-11-30 14:12:57 - [TEST_STEP][PASSED] - navigateToUrl("https://www.mailinator.com/"): Navigate to 'https://www.mailinator.com/' successfully

2022-11-30 14:13:02 - [MESSAGE][PASSED] - Navigate to 'https://www.mailinator.com/' successfully

2022-11-30 14:13:02 - [TEST_STEP][PASSED] - delay(3): Delayed 3 second(s)

2022-11-30 14:13:05 - [MESSAGE][PASSED] - Delayed 3 second(s)

2022-11-30 14:13:05 - [TEST_STEP][PASSED] - setText(findTestObject("00-Signup and Activation/zMailinator/input_LOGIN_search"), "autotester10@mailinator.com"): Text 'autotester10@mailinator.com' is set on object 'Object Repository/00-Signup and Activation/zMailinator/input_LOGIN_search'

2022-11-30 14:13:06 - [MESSAGE][PASSED] - Text 'autotester10@mailinator.com' is set on object 'Object Repository/00-Signup and Activation/zMailinator/input_LOGIN_search'

2022-11-30 14:13:06 - [TEST_STEP][PASSED] - click(findTestObject("00-Signup and Activation/zMailinator/gobutton"), STOP_ON_FAILURE): Object: 'Object Repository/00-Signup and Activation/zMailinator/gobutton' is clicked on

2022-11-30 14:13:07 - [MESSAGE][PASSED] - Object: 'Object Repository/00-Signup and Activation/zMailinator/gobutton' is clicked on

2022-11-30 14:13:07 - [TEST_STEP][PASSED] - delay(3): Delayed 3 second(s)

2022-11-30 14:13:10 - [MESSAGE][PASSED] - Delayed 3 second(s)

2022-11-30 14:13:10 - [TEST_STEP][PASSED] - closeWindowTitle("Everleagues"): Window with title: 'Everleagues' is closed

2022-11-30 14:13:10 - [MESSAGE][PASSED] - Window with title: 'Everleagues' is closed

2022-11-30 14:13:10 - [TEST_STEP][PASSED] - switchToWindowIndex(0): Switched to window with index: '0'

2022-11-30 14:13:10 - [MESSAGE][PASSED] - Switched to window with index: '0'

2022-11-30 14:13:10 - [TEST_STEP][PASSED] - click(findTestObject("09-Settings/Users/Co worker/td_Invitation from GG Automation")): Object: 'Object Repository/09-Settings/Users/Co worker/td_Invitation from GG Automation' is clicked on

2022-11-30 14:13:10 - [MESSAGE][PASSED] - Object: 'Object Repository/09-Settings/Users/Co worker/td_Invitation from GG Automation' is clicked on

2022-11-30 14:13:10 - [TEST_STEP][PASSED] - click(findTestObject("09-Settings/Users/Co worker/a_Click here to join GG Automation on EverLeagues")): Object: 'Object Repository/09-Settings/Users/Co worker/a_Click here to join GG Automation on EverLeagues' is clicked on

2022-11-30 14:13:11 - [MESSAGE][PASSED] - Object: 'Object Repository/09-Settings/Users/Co worker/a_Click here to join GG Automation on EverLeagues' is clicked on

2022-11-30 14:13:11 - [TEST_STEP][PASSED] - closeWindowTitle("Mailinator"): Window with title: 'Mailinator' is closed

2022-11-30 14:13:11 - [MESSAGE][PASSED] - Window with title: 'Mailinator' is closed

2022-11-30 14:13:11 - [TEST_STEP][PASSED] - switchToWindowIndex(0): Switched to window with index: '0'

2022-11-30 14:13:11 - [MESSAGE][PASSED] - Switched to window with index: '0'

2022-11-30 14:13:11 - [TEST_STEP][PASSED] - verifyElementVisible(findTestObject("09-Settings/Users/Client/Invite modal")): Object 'Object Repository/09-Settings/Users/Client/Invite modal' is visible

2022-11-30 14:13:19 - [MESSAGE][PASSED] - Object 'Object Repository/09-Settings/Users/Client/Invite modal' is visible

2022-11-30 14:13:19 - [TEST_STEP][PASSED] - setText(findTestObject("09-Settings/Users/Client/Company field"), "QA Company"): Text 'QA Company' is set on object 'Object Repository/09-Settings/Users/Client/Company field'

2022-11-30 14:13:19 - [MESSAGE][PASSED] - Text 'QA Company' is set on object 'Object Repository/09-Settings/Users/Client/Company field'

2022-11-30 14:13:19 - [TEST_STEP][PASSED] - click(findTestObject("09-Settings/Users/Client/button_Accept")): Object: 'Object Repository/09-Settings/Users/Client/button_Accept' is clicked on

2022-11-30 14:13:20 - [MESSAGE][PASSED] - Object: 'Object Repository/09-Settings/Users/Client/button_Accept' is clicked on

2022-11-30 14:13:20 - [TEST_STEP][PASSED] - delay(5): Delayed 5 second(s)

2022-11-30 14:13:25 - [MESSAGE][PASSED] - Delayed 5 second(s)

2022-11-30 14:13:25 - [TEST_STEP][PASSED] - verifyElementVisible(findTestObject("09-Settings/Users/div_Joined as Partner")): Object 'Object Repository/09-Settings/Users/div_Joined as Partner' is visible

2022-11-30 14:13:27 - [MESSAGE][PASSED] - Object 'Object Repository/09-Settings/Users/div_Joined as Partner' is visible

2022-11-30 14:13:27 - [TEST_STEP][PASSED] - delay(3): Delayed 3 second(s)

2022-11-30 14:13:30 - [MESSAGE][PASSED] - Delayed 3 second(s)

2022-11-30 14:13:30 - [TEST_STEP][PASSED] - closeBrowser(): Browser is closed

2022-11-30 14:13:31 - [MESSAGE][PASSED] - Browser is closed]]></system-out>
         <system-err><![CDATA[]]></system-err>
      </testcase>
      <testcase name="Test Cases/09-Settings/05 - Users (Invite batch of users via CSV file)" time="114.869" classname="Test Cases/09-Settings/05 - Users (Invite batch of users via CSV file)" status="PASSED">
         <system-out><![CDATA[2022-11-30 14:13:31 - [TEST_CASE][PASSED] - Test Cases/09-Settings/05 - Users (Invite batch of users via CSV file): Test Cases/09-Settings/05 - Users (Invite batch of users via CSV file)

2022-11-30 14:13:31 - [TEST_STEP][PASSED] - openBrowser(""): Browser is opened with url: ''

2022-11-30 14:13:31 - [MESSAGE][INFO] - Starting 'Chrome' driver

2022-11-30 14:13:31 - [MESSAGE][INFO] - Action delay is set to 0 milliseconds

2022-11-30 14:13:33 - [MESSAGE][PASSED] - Browser is opened with url: ''

2022-11-30 14:13:33 - [TEST_STEP][PASSED] - navigateToUrl("https://lab.everleagues.com/"): Navigate to 'https://lab.everleagues.com/' successfully

2022-11-30 14:13:58 - [MESSAGE][PASSED] - Navigate to 'https://lab.everleagues.com/' successfully

2022-11-30 14:13:58 - [TEST_STEP][PASSED] - maximizeWindow(): Current window maximized

2022-11-30 14:13:59 - [MESSAGE][PASSED] - Current window maximized

2022-11-30 14:13:59 - [TEST_STEP][PASSED] - setText(findTestObject("02-Side Icons(Organization)/Add Contact/Email Field"), "testuser02@mailinator.com"): Text 'testuser02@mailinator.com' is set on object 'Object Repository/02-Side Icons(Organization)/Add Contact/Email Field'

2022-11-30 14:13:59 - [MESSAGE][PASSED] - Text 'testuser02@mailinator.com' is set on object 'Object Repository/02-Side Icons(Organization)/Add Contact/Email Field'

2022-11-30 14:13:59 - [TEST_STEP][PASSED] - setEncryptedText(findTestObject("02-Side Icons(Organization)/Add Contact/Password Field"), "8yFRyszE6U6jvsCn51OQbg=="): Text ****** has been set on object 'Object Repository/02-Side Icons(Organization)/Add Contact/Password Field'

2022-11-30 14:14:00 - [MESSAGE][PASSED] - Text ****** has been set on object 'Object Repository/02-Side Icons(Organization)/Add Contact/Password Field'

2022-11-30 14:14:00 - [TEST_STEP][PASSED] - click(findTestObject("02-Side Icons(Organization)/Add Contact/button_Sign in")): Object: 'Object Repository/02-Side Icons(Organization)/Add Contact/button_Sign in' is clicked on

2022-11-30 14:14:01 - [MESSAGE][PASSED] - Object: 'Object Repository/02-Side Icons(Organization)/Add Contact/button_Sign in' is clicked on

2022-11-30 14:14:01 - [TEST_STEP][PASSED] - delay(2): Delayed 2 second(s)

2022-11-30 14:14:03 - [MESSAGE][PASSED] - Delayed 2 second(s)

2022-11-30 14:14:03 - [TEST_STEP][PASSED] - click(findTestObject("06-Teams/For 2FA/button_Confirm_2FA")): Object: 'Object Repository/06-Teams/For 2FA/button_Confirm_2FA' is clicked on

2022-11-30 14:14:03 - [MESSAGE][PASSED] - Object: 'Object Repository/06-Teams/For 2FA/button_Confirm_2FA' is clicked on

2022-11-30 14:14:03 - [TEST_STEP][PASSED] - executeJavaScript("window.open();", []): Execute JavaScript 'window.open();' successfully

2022-11-30 14:14:03 - [MESSAGE][PASSED] - Execute JavaScript 'window.open();' successfully

2022-11-30 14:14:03 - [TEST_STEP][PASSED] - currentWindow = getWindowIndex(): Current window's index is: 0

2022-11-30 14:14:03 - [MESSAGE][PASSED] - Current window's index is: 0

2022-11-30 14:14:03 - [TEST_STEP][PASSED] - delay(3): Delayed 3 second(s)

2022-11-30 14:14:06 - [MESSAGE][PASSED] - Delayed 3 second(s)

2022-11-30 14:14:06 - [TEST_STEP][PASSED] - switchToWindowIndex(currentWindow + 1): Switched to window with index: '1'

2022-11-30 14:14:06 - [MESSAGE][PASSED] - Switched to window with index: '1'

2022-11-30 14:14:06 - [TEST_STEP][PASSED] - navigateToUrl("https://www.mailinator.com/"): Navigate to 'https://www.mailinator.com/' successfully

2022-11-30 14:14:08 - [MESSAGE][PASSED] - Navigate to 'https://www.mailinator.com/' successfully

2022-11-30 14:14:08 - [TEST_STEP][PASSED] - delay(3): Delayed 3 second(s)

2022-11-30 14:14:11 - [MESSAGE][PASSED] - Delayed 3 second(s)

2022-11-30 14:14:11 - [TEST_STEP][PASSED] - setText(findTestObject("00-Signup and Activation/zMailinator/input_LOGIN_search"), "testuser02@mailinator.com"): Text 'testuser02@mailinator.com' is set on object 'Object Repository/00-Signup and Activation/zMailinator/input_LOGIN_search'

2022-11-30 14:14:12 - [MESSAGE][PASSED] - Text 'testuser02@mailinator.com' is set on object 'Object Repository/00-Signup and Activation/zMailinator/input_LOGIN_search'

2022-11-30 14:14:12 - [TEST_STEP][PASSED] - click(findTestObject("00-Signup and Activation/zMailinator/gobutton"), STOP_ON_FAILURE): Object: 'Object Repository/00-Signup and Activation/zMailinator/gobutton' is clicked on

2022-11-30 14:14:13 - [MESSAGE][PASSED] - Object: 'Object Repository/00-Signup and Activation/zMailinator/gobutton' is clicked on

2022-11-30 14:14:13 - [TEST_STEP][PASSED] - delay(3): Delayed 3 second(s)

2022-11-30 14:14:16 - [MESSAGE][PASSED] - Delayed 3 second(s)

2022-11-30 14:14:16 - [TEST_STEP][PASSED] - click(findTestObject("00-Signup and Activation/zMailinator/Email - everleagues")): Object: 'Object Repository/00-Signup and Activation/zMailinator/Email - everleagues' is clicked on

2022-11-30 14:14:17 - [MESSAGE][PASSED] - Object: 'Object Repository/00-Signup and Activation/zMailinator/Email - everleagues' is clicked on

2022-11-30 14:14:17 - [TEST_STEP][PASSED] - delay(3): Delayed 3 second(s)

2022-11-30 14:14:20 - [MESSAGE][PASSED] - Delayed 3 second(s)

2022-11-30 14:14:20 - [TEST_STEP][PASSED] - code = getText(findTestObject("Object Repository/06-Teams/For 2FA/2FA code")): Text of object 'Object Repository/06-Teams/For 2FA/2FA code' is: '959793'

2022-11-30 14:14:20 - [MESSAGE][PASSED] - Text of object 'Object Repository/06-Teams/For 2FA/2FA code' is: '959793'

2022-11-30 14:14:20 - [TEST_STEP][PASSED] - delay(3): Delayed 3 second(s)

2022-11-30 14:14:23 - [MESSAGE][PASSED] - Delayed 3 second(s)

2022-11-30 14:14:23 - [TEST_STEP][PASSED] - closeWindowTitle("Mailinator"): Window with title: 'Mailinator' is closed

2022-11-30 14:14:24 - [MESSAGE][PASSED] - Window with title: 'Mailinator' is closed

2022-11-30 14:14:24 - [TEST_STEP][PASSED] - delay(3): Delayed 3 second(s)

2022-11-30 14:14:27 - [MESSAGE][PASSED] - Delayed 3 second(s)

2022-11-30 14:14:27 - [TEST_STEP][PASSED] - switchToWindowIndex(0): Switched to window with index: '0'

2022-11-30 14:14:27 - [MESSAGE][PASSED] - Switched to window with index: '0'

2022-11-30 14:14:27 - [TEST_STEP][PASSED] - delay(3): Delayed 3 second(s)

2022-11-30 14:14:30 - [MESSAGE][PASSED] - Delayed 3 second(s)

2022-11-30 14:14:30 - [TEST_STEP][PASSED] - setText(findTestObject("Object Repository/06-Teams/For 2FA/input_Enter verification code_code"), code): Text '959793' is set on object 'Object Repository/06-Teams/For 2FA/input_Enter verification code_code'

2022-11-30 14:14:30 - [MESSAGE][PASSED] - Text '959793' is set on object 'Object Repository/06-Teams/For 2FA/input_Enter verification code_code'

2022-11-30 14:14:30 - [TEST_STEP][PASSED] - delay(3): Delayed 3 second(s)

2022-11-30 14:14:33 - [MESSAGE][PASSED] - Delayed 3 second(s)

2022-11-30 14:14:33 - [TEST_STEP][PASSED] - click(findTestObject("06-Teams/For 2FA/button_Verify_2FA")): Object: 'Object Repository/06-Teams/For 2FA/button_Verify_2FA' is clicked on

2022-11-30 14:14:34 - [MESSAGE][PASSED] - Object: 'Object Repository/06-Teams/For 2FA/button_Verify_2FA' is clicked on

2022-11-30 14:14:34 - [TEST_STEP][PASSED] - delay(5): Delayed 5 second(s)

2022-11-30 14:14:39 - [MESSAGE][PASSED] - Delayed 5 second(s)

2022-11-30 14:14:39 - [TEST_STEP][PASSED] - click(findTestObject("06-Teams/button_doublearrow")): Object: 'Object Repository/06-Teams/button_doublearrow' is clicked on

2022-11-30 14:14:39 - [MESSAGE][PASSED] - Object: 'Object Repository/06-Teams/button_doublearrow' is clicked on

2022-11-30 14:14:39 - [TEST_STEP][PASSED] - click(findTestObject("06-Teams/button_My Organizations")): Object: 'Object Repository/06-Teams/button_My Organizations' is clicked on

2022-11-30 14:14:40 - [MESSAGE][PASSED] - Object: 'Object Repository/06-Teams/button_My Organizations' is clicked on

2022-11-30 14:14:40 - [TEST_STEP][PASSED] - click(findTestObject("06-Teams/button_GG Automation")): Object: 'Object Repository/06-Teams/button_GG Automation' is clicked on

2022-11-30 14:14:41 - [MESSAGE][PASSED] - Object: 'Object Repository/06-Teams/button_GG Automation' is clicked on

2022-11-30 14:14:41 - [TEST_STEP][PASSED] - delay(4): Delayed 4 second(s)

2022-11-30 14:14:45 - [MESSAGE][PASSED] - Delayed 4 second(s)

2022-11-30 14:14:45 - [TEST_STEP][PASSED] - verifyElementVisible(findTestObject("06-Teams/span_GG Automation")): Object 'Object Repository/06-Teams/span_GG Automation' is visible

2022-11-30 14:14:45 - [MESSAGE][PASSED] - Object 'Object Repository/06-Teams/span_GG Automation' is visible

2022-11-30 14:14:45 - [TEST_STEP][PASSED] - delay(5): Delayed 5 second(s)

2022-11-30 14:14:50 - [MESSAGE][PASSED] - Delayed 5 second(s)

2022-11-30 14:14:50 - [TEST_STEP][PASSED] - click(findTestObject("03-Header Menu/Hamburger Button/div_Settings")): Object: 'Object Repository/03-Header Menu/Hamburger Button/div_Settings' is clicked on

2022-11-30 14:14:50 - [MESSAGE][PASSED] - Object: 'Object Repository/03-Header Menu/Hamburger Button/div_Settings' is clicked on

2022-11-30 14:14:50 - [TEST_STEP][PASSED] - delay(3): Delayed 3 second(s)

2022-11-30 14:14:53 - [MESSAGE][PASSED] - Delayed 3 second(s)

2022-11-30 14:14:53 - [TEST_STEP][PASSED] - click(findTestObject("09-Settings/Users/div_Users")): Object: 'Object Repository/09-Settings/Users/div_Users' is clicked on

2022-11-30 14:14:54 - [MESSAGE][PASSED] - Object: 'Object Repository/09-Settings/Users/div_Users' is clicked on

2022-11-30 14:14:54 - [TEST_STEP][PASSED] - delay(3): Delayed 3 second(s)

2022-11-30 14:14:57 - [MESSAGE][PASSED] - Delayed 3 second(s)

2022-11-30 14:14:57 - [TEST_STEP][PASSED] - click(findTestObject("09-Settings/Users/button_add")): Object: 'Object Repository/09-Settings/Users/button_add' is clicked on

2022-11-30 14:14:57 - [MESSAGE][PASSED] - Object: 'Object Repository/09-Settings/Users/button_add' is clicked on

2022-11-30 14:14:57 - [TEST_STEP][PASSED] - delay(3): Delayed 3 second(s)

2022-11-30 14:15:00 - [MESSAGE][PASSED] - Delayed 3 second(s)

2022-11-30 14:15:00 - [TEST_STEP][PASSED] - click(findTestObject("09-Settings/Users/Invite batch of users via CSV file")): Object: 'Object Repository/09-Settings/Users/Invite batch of users via CSV file' is clicked on

2022-11-30 14:15:01 - [MESSAGE][PASSED] - Object: 'Object Repository/09-Settings/Users/Invite batch of users via CSV file' is clicked on

2022-11-30 14:15:01 - [TEST_STEP][PASSED] - verifyElementVisible(findTestObject("09-Settings/Users/CSV Invite/Import CSV File modal")): Object 'Object Repository/09-Settings/Users/CSV Invite/Import CSV File modal' is visible

2022-11-30 14:15:02 - [MESSAGE][PASSED] - Object 'Object Repository/09-Settings/Users/CSV Invite/Import CSV File modal' is visible

2022-11-30 14:15:02 - [TEST_STEP][PASSED] - verifyElementNotClickable(findTestObject("09-Settings/Users/CSV Invite/button_Import")): Object 'Object Repository/09-Settings/Users/CSV Invite/button_Import' is NOT clickable

2022-11-30 14:15:02 - [MESSAGE][PASSED] - Object 'Object Repository/09-Settings/Users/CSV Invite/button_Import' is NOT clickable

2022-11-30 14:15:02 - [TEST_STEP][PASSED] - delay(3): Delayed 3 second(s)

2022-11-30 14:15:05 - [MESSAGE][PASSED] - Delayed 3 second(s)

2022-11-30 14:15:05 - [TEST_STEP][PASSED] - uploadpackage.Upload.uploadFile(findTestObject("Object Repository/09-Settings/Users/CSV Invite/button_Choose File"), "C:\Users\User\Desktop\EL automation\sample csv.csv"): uploadpackage.Upload.uploadFile is PASSED

2022-11-30 14:15:06 - [MESSAGE][PASSED] - Object: 'Object Repository/09-Settings/Users/CSV Invite/button_Choose File' is clicked on

2022-11-30 14:15:06 - [MESSAGE][PASSED] - uploadpackage.Upload.uploadFile is PASSED

2022-11-30 14:15:06 - [TEST_STEP][PASSED] - delay(3): Delayed 3 second(s)

2022-11-30 14:15:09 - [MESSAGE][PASSED] - Delayed 3 second(s)

2022-11-30 14:15:09 - [TEST_STEP][PASSED] - verifyElementVisible(findTestObject("09-Settings/Users/CSV Invite/div_Sample csv.csv")): Object 'Object Repository/09-Settings/Users/CSV Invite/div_Sample csv.csv' is visible

2022-11-30 14:15:09 - [MESSAGE][PASSED] - Object 'Object Repository/09-Settings/Users/CSV Invite/div_Sample csv.csv' is visible

2022-11-30 14:15:09 - [TEST_STEP][PASSED] - click(findTestObject("09-Settings/Users/CSV Invite/button_Import")): Object: 'Object Repository/09-Settings/Users/CSV Invite/button_Import' is clicked on

2022-11-30 14:15:10 - [MESSAGE][PASSED] - Object: 'Object Repository/09-Settings/Users/CSV Invite/button_Import' is clicked on

2022-11-30 14:15:10 - [TEST_STEP][PASSED] - delay(5): Delayed 5 second(s)

2022-11-30 14:15:15 - [MESSAGE][PASSED] - Delayed 5 second(s)

2022-11-30 14:15:15 - [TEST_STEP][PASSED] - verifyElementVisible(findTestObject("09-Settings/Users/CSV Invite/Success import modal")): Object 'Object Repository/09-Settings/Users/CSV Invite/Success import modal' is visible

2022-11-30 14:15:15 - [MESSAGE][PASSED] - Object 'Object Repository/09-Settings/Users/CSV Invite/Success import modal' is visible

2022-11-30 14:15:15 - [TEST_STEP][PASSED] - click(findTestObject("09-Settings/Users/CSV Invite/button_Close")): Object: 'Object Repository/09-Settings/Users/CSV Invite/button_Close' is clicked on

2022-11-30 14:15:15 - [MESSAGE][PASSED] - Object: 'Object Repository/09-Settings/Users/CSV Invite/button_Close' is clicked on

2022-11-30 14:15:15 - [TEST_STEP][PASSED] - click(findTestObject("09-Settings/Users/CSV Invite/Invited Users tab")): Object: 'Object Repository/09-Settings/Users/CSV Invite/Invited Users tab' is clicked on

2022-11-30 14:15:16 - [MESSAGE][PASSED] - Object: 'Object Repository/09-Settings/Users/CSV Invite/Invited Users tab' is clicked on

2022-11-30 14:15:16 - [TEST_STEP][PASSED] - delay(3): Delayed 3 second(s)

2022-11-30 14:15:19 - [MESSAGE][PASSED] - Delayed 3 second(s)

2022-11-30 14:15:19 - [TEST_STEP][PASSED] - verifyElementVisible(findTestObject("09-Settings/Users/CSV Invite/div_CTCSV test3")): Object 'Object Repository/09-Settings/Users/CSV Invite/div_CTCSV test3' is visible

2022-11-30 14:15:19 - [MESSAGE][PASSED] - Object 'Object Repository/09-Settings/Users/CSV Invite/div_CTCSV test3' is visible

2022-11-30 14:15:19 - [TEST_STEP][PASSED] - verifyElementVisible(findTestObject("09-Settings/Users/CSV Invite/div_autotester08mailinator.com")): Object 'Object Repository/09-Settings/Users/CSV Invite/div_autotester08mailinator.com' is visible

2022-11-30 14:15:20 - [MESSAGE][PASSED] - Object 'Object Repository/09-Settings/Users/CSV Invite/div_autotester08mailinator.com' is visible

2022-11-30 14:15:20 - [TEST_STEP][PASSED] - verifyElementVisible(findTestObject("09-Settings/Users/CSV Invite/div_Partner")): Object 'Object Repository/09-Settings/Users/CSV Invite/div_Partner' is visible

2022-11-30 14:15:20 - [MESSAGE][PASSED] - Object 'Object Repository/09-Settings/Users/CSV Invite/div_Partner' is visible

2022-11-30 14:15:20 - [TEST_STEP][PASSED] - verifyElementVisible(findTestObject("09-Settings/Users/CSV Invite/div_CTCSV test2")): Object 'Object Repository/09-Settings/Users/CSV Invite/div_CTCSV test2' is visible

2022-11-30 14:15:20 - [MESSAGE][PASSED] - Object 'Object Repository/09-Settings/Users/CSV Invite/div_CTCSV test2' is visible

2022-11-30 14:15:20 - [TEST_STEP][PASSED] - verifyElementVisible(findTestObject("09-Settings/Users/CSV Invite/div_autotester07mailinator.com")): Object 'Object Repository/09-Settings/Users/CSV Invite/div_autotester07mailinator.com' is visible

2022-11-30 14:15:21 - [MESSAGE][PASSED] - Object 'Object Repository/09-Settings/Users/CSV Invite/div_autotester07mailinator.com' is visible

2022-11-30 14:15:21 - [TEST_STEP][PASSED] - verifyElementVisible(findTestObject("09-Settings/Users/CSV Invite/div_Client")): Object 'Object Repository/09-Settings/Users/CSV Invite/div_Client' is visible

2022-11-30 14:15:21 - [MESSAGE][PASSED] - Object 'Object Repository/09-Settings/Users/CSV Invite/div_Client' is visible

2022-11-30 14:15:21 - [TEST_STEP][PASSED] - verifyElementVisible(findTestObject("09-Settings/Users/CSV Invite/div_CTCSV test1")): Object 'Object Repository/09-Settings/Users/CSV Invite/div_CTCSV test1' is visible

2022-11-30 14:15:21 - [MESSAGE][PASSED] - Object 'Object Repository/09-Settings/Users/CSV Invite/div_CTCSV test1' is visible

2022-11-30 14:15:21 - [TEST_STEP][PASSED] - verifyElementVisible(findTestObject("09-Settings/Users/CSV Invite/div_autotester06mailinator.com")): Object 'Object Repository/09-Settings/Users/CSV Invite/div_autotester06mailinator.com' is visible

2022-11-30 14:15:22 - [MESSAGE][PASSED] - Object 'Object Repository/09-Settings/Users/CSV Invite/div_autotester06mailinator.com' is visible

2022-11-30 14:15:22 - [TEST_STEP][PASSED] - verifyElementVisible(findTestObject("09-Settings/Users/CSV Invite/div_Coworker")): Object 'Object Repository/09-Settings/Users/CSV Invite/div_Coworker' is visible

2022-11-30 14:15:22 - [MESSAGE][PASSED] - Object 'Object Repository/09-Settings/Users/CSV Invite/div_Coworker' is visible

2022-11-30 14:15:22 - [TEST_STEP][PASSED] - delay(3): Delayed 3 second(s)

2022-11-30 14:15:25 - [MESSAGE][PASSED] - Delayed 3 second(s)

2022-11-30 14:15:25 - [TEST_STEP][PASSED] - closeBrowser(): Browser is closed

2022-11-30 14:15:26 - [MESSAGE][PASSED] - Browser is closed]]></system-out>
         <system-err><![CDATA[]]></system-err>
      </testcase>
      <system-out><![CDATA[2022-11-30 13:58:27 - [TEST_SUITE][PASSED] - 09.1 - Settings (Invite users): Test Cases/09-Settings/05 - Users (Invite batch of users via CSV file)]]></system-out>
      <system-err><![CDATA[]]></system-err>
   </testsuite>
</testsuites>
