<?xml version="1.0" encoding="UTF-8"?>
<testsuites name="09-Settings" time="1133.368" tests="5" failures="1" errors="0">
   <testsuite name="09-Settings" tests="5" failures="1" errors="0" time="1133.368" skipped="0" timestamp="2022-10-10 15:24:22" hostname="User - DESKTOP-QCRNR4M" id="Test Suites/TS-Organization/09-Settings">
      <properties>
         <property name="deviceName" value=""/>
         <property name="devicePlatform" value=""/>
         <property name="logFolder" value="C:\\Users\\User\\Katalon Studio\\EverleaguesMain\\Reports\\20221010_152419\\TS-Organization\\09-Settings\\20221010_152419"/>
         <property name="logFiles" value="C:\\Users\\User\\Katalon Studio\\EverleaguesMain\\Reports\\20221010_152419\\TS-Organization\\09-Settings\\20221010_152419\\execution0.log"/>
         <property name="attachments" value="C:\\Users\\User\\Katalon Studio\\EverleaguesMain\\Reports\\20221010_152419\\TS-Organization\\09-Settings\\20221010_152419\\1665387795456.png, C:\\Users\\User\\Katalon Studio\\EverleaguesMain\\Reports\\20221010_152419\\TS-Organization\\09-Settings\\20221010_152419\\1665387795627.png"/>
         <property name="hostName" value="User - DESKTOP-QCRNR4M"/>
         <property name="os" value="Windows 10 64bit"/>
         <property name="katalonVersion" value="8.4.1.208"/>
         <property name="browser" value="Chrome 106.0.0.0"/>
         <property name="hostAddress" value="192.168.5.124"/>
         <property name="sessionId" value="3f4f149bff1327f5f4f8f4a29853c16f"/>
         <property name="seleniumVersion" value="3.141.59"/>
         <property name="proxyInformation" value="ProxyInformation { proxyOption=NO_PROXY, proxyServerType=HTTP, username=, password=********, proxyServerAddress=, proxyServerPort=0, executionList=&quot;&quot;, isApplyToDesiredCapabilities=true }"/>
         <property name="platform" value="Windows 10"/>
      </properties>
      <testcase name="Test Cases/09-Settings/01 - Users (Invite new user but field are blank)" time="95.669" classname="Test Cases/09-Settings/01 - Users (Invite new user but field are blank)" status="PASSED">
         <system-out><![CDATA[2022-10-10 15:24:22 - [TEST_CASE][PASSED] - Test Cases/09-Settings/01 - Users (Invite new user but field are blank): Test Cases/09-Settings/01 - Users (Invite new user but field are blank)

2022-10-10 15:24:23 - [TEST_STEP][PASSED] - openBrowser(""): Browser is opened with url: ''

2022-10-10 15:24:23 - [MESSAGE][INFO] - Starting 'Chrome' driver

2022-10-10 15:24:23 - [MESSAGE][INFO] - Action delay is set to 0 milliseconds

2022-10-10 15:24:25 - [MESSAGE][PASSED] - Browser is opened with url: ''

2022-10-10 15:24:25 - [TEST_STEP][PASSED] - navigateToUrl("https://lab.everleagues.com/"): Navigate to 'https://lab.everleagues.com/' successfully

2022-10-10 15:24:36 - [MESSAGE][PASSED] - Navigate to 'https://lab.everleagues.com/' successfully

2022-10-10 15:24:36 - [TEST_STEP][PASSED] - maximizeWindow(): Current window maximized

2022-10-10 15:24:37 - [MESSAGE][PASSED] - Current window maximized

2022-10-10 15:24:37 - [TEST_STEP][PASSED] - setText(findTestObject("02-Side Icons(Organization)/Add Contact/Email Field"), "testuser02@mailinator.com"): Text 'testuser02@mailinator.com' is set on object 'Object Repository/02-Side Icons(Organization)/Add Contact/Email Field'

2022-10-10 15:24:37 - [MESSAGE][PASSED] - Text 'testuser02@mailinator.com' is set on object 'Object Repository/02-Side Icons(Organization)/Add Contact/Email Field'

2022-10-10 15:24:37 - [TEST_STEP][PASSED] - setEncryptedText(findTestObject("02-Side Icons(Organization)/Add Contact/Password Field"), "8yFRyszE6U6jvsCn51OQbg=="): Text ****** has been set on object 'Object Repository/02-Side Icons(Organization)/Add Contact/Password Field'

2022-10-10 15:24:38 - [MESSAGE][PASSED] - Text ****** has been set on object 'Object Repository/02-Side Icons(Organization)/Add Contact/Password Field'

2022-10-10 15:24:38 - [TEST_STEP][PASSED] - click(findTestObject("02-Side Icons(Organization)/Add Contact/button_Sign in")): Object: 'Object Repository/02-Side Icons(Organization)/Add Contact/button_Sign in' is clicked on

2022-10-10 15:24:39 - [MESSAGE][PASSED] - Object: 'Object Repository/02-Side Icons(Organization)/Add Contact/button_Sign in' is clicked on

2022-10-10 15:24:39 - [TEST_STEP][PASSED] - delay(2): Delayed 2 second(s)

2022-10-10 15:24:41 - [MESSAGE][PASSED] - Delayed 2 second(s)

2022-10-10 15:24:41 - [TEST_STEP][PASSED] - click(findTestObject("06-Teams/For 2FA/button_Confirm_2FA")): Object: 'Object Repository/06-Teams/For 2FA/button_Confirm_2FA' is clicked on

2022-10-10 15:24:41 - [MESSAGE][PASSED] - Object: 'Object Repository/06-Teams/For 2FA/button_Confirm_2FA' is clicked on

2022-10-10 15:24:41 - [TEST_STEP][PASSED] - executeJavaScript("window.open();", []): Execute JavaScript 'window.open();' successfully

2022-10-10 15:24:41 - [MESSAGE][PASSED] - Execute JavaScript 'window.open();' successfully

2022-10-10 15:24:41 - [TEST_STEP][PASSED] - currentWindow = getWindowIndex(): Current window's index is: 0

2022-10-10 15:24:41 - [MESSAGE][PASSED] - Current window's index is: 0

2022-10-10 15:24:41 - [TEST_STEP][PASSED] - delay(3): Delayed 3 second(s)

2022-10-10 15:24:44 - [MESSAGE][PASSED] - Delayed 3 second(s)

2022-10-10 15:24:44 - [TEST_STEP][PASSED] - switchToWindowIndex(currentWindow + 1): Switched to window with index: '1'

2022-10-10 15:24:44 - [MESSAGE][PASSED] - Switched to window with index: '1'

2022-10-10 15:24:44 - [TEST_STEP][PASSED] - navigateToUrl("https://www.mailinator.com/"): Navigate to 'https://www.mailinator.com/' successfully

2022-10-10 15:24:46 - [MESSAGE][PASSED] - Navigate to 'https://www.mailinator.com/' successfully

2022-10-10 15:24:46 - [TEST_STEP][PASSED] - delay(3): Delayed 3 second(s)

2022-10-10 15:24:49 - [MESSAGE][PASSED] - Delayed 3 second(s)

2022-10-10 15:24:49 - [TEST_STEP][PASSED] - setText(findTestObject("00-Signup and Activation/zMailinator/input_LOGIN_search"), "testuser02@mailinator.com"): Text 'testuser02@mailinator.com' is set on object 'Object Repository/00-Signup and Activation/zMailinator/input_LOGIN_search'

2022-10-10 15:24:50 - [MESSAGE][PASSED] - Text 'testuser02@mailinator.com' is set on object 'Object Repository/00-Signup and Activation/zMailinator/input_LOGIN_search'

2022-10-10 15:24:50 - [TEST_STEP][PASSED] - click(findTestObject("00-Signup and Activation/zMailinator/gobutton"), STOP_ON_FAILURE): Object: 'Object Repository/00-Signup and Activation/zMailinator/gobutton' is clicked on

2022-10-10 15:24:51 - [MESSAGE][PASSED] - Object: 'Object Repository/00-Signup and Activation/zMailinator/gobutton' is clicked on

2022-10-10 15:24:51 - [TEST_STEP][PASSED] - delay(3): Delayed 3 second(s)

2022-10-10 15:24:54 - [MESSAGE][PASSED] - Delayed 3 second(s)

2022-10-10 15:24:54 - [TEST_STEP][PASSED] - click(findTestObject("00-Signup and Activation/zMailinator/Email - everleagues")): Object: 'Object Repository/00-Signup and Activation/zMailinator/Email - everleagues' is clicked on

2022-10-10 15:24:55 - [MESSAGE][PASSED] - Object: 'Object Repository/00-Signup and Activation/zMailinator/Email - everleagues' is clicked on

2022-10-10 15:24:55 - [TEST_STEP][PASSED] - delay(3): Delayed 3 second(s)

2022-10-10 15:24:58 - [MESSAGE][PASSED] - Delayed 3 second(s)

2022-10-10 15:24:58 - [TEST_STEP][PASSED] - code = getText(findTestObject("Object Repository/06-Teams/For 2FA/2FA code")): Text of object 'Object Repository/06-Teams/For 2FA/2FA code' is: '472525'

2022-10-10 15:24:58 - [MESSAGE][PASSED] - Text of object 'Object Repository/06-Teams/For 2FA/2FA code' is: '472525'

2022-10-10 15:24:58 - [TEST_STEP][PASSED] - delay(3): Delayed 3 second(s)

2022-10-10 15:25:01 - [MESSAGE][PASSED] - Delayed 3 second(s)

2022-10-10 15:25:01 - [TEST_STEP][PASSED] - closeWindowTitle("Mailinator"): Window with title: 'Mailinator' is closed

2022-10-10 15:25:01 - [MESSAGE][PASSED] - Window with title: 'Mailinator' is closed

2022-10-10 15:25:01 - [TEST_STEP][PASSED] - delay(3): Delayed 3 second(s)

2022-10-10 15:25:04 - [MESSAGE][PASSED] - Delayed 3 second(s)

2022-10-10 15:25:04 - [TEST_STEP][PASSED] - switchToWindowIndex(0): Switched to window with index: '0'

2022-10-10 15:25:04 - [MESSAGE][PASSED] - Switched to window with index: '0'

2022-10-10 15:25:04 - [TEST_STEP][PASSED] - delay(3): Delayed 3 second(s)

2022-10-10 15:25:07 - [MESSAGE][PASSED] - Delayed 3 second(s)

2022-10-10 15:25:07 - [TEST_STEP][PASSED] - setText(findTestObject("Object Repository/06-Teams/For 2FA/input_Enter verification code_code"), code): Text '472525' is set on object 'Object Repository/06-Teams/For 2FA/input_Enter verification code_code'

2022-10-10 15:25:08 - [MESSAGE][PASSED] - Text '472525' is set on object 'Object Repository/06-Teams/For 2FA/input_Enter verification code_code'

2022-10-10 15:25:08 - [TEST_STEP][PASSED] - delay(3): Delayed 3 second(s)

2022-10-10 15:25:11 - [MESSAGE][PASSED] - Delayed 3 second(s)

2022-10-10 15:25:11 - [TEST_STEP][PASSED] - click(findTestObject("06-Teams/For 2FA/button_Verify_2FA")): Object: 'Object Repository/06-Teams/For 2FA/button_Verify_2FA' is clicked on

2022-10-10 15:25:12 - [MESSAGE][PASSED] - Object: 'Object Repository/06-Teams/For 2FA/button_Verify_2FA' is clicked on

2022-10-10 15:25:12 - [TEST_STEP][PASSED] - delay(5): Delayed 5 second(s)

2022-10-10 15:25:17 - [MESSAGE][PASSED] - Delayed 5 second(s)

2022-10-10 15:25:17 - [TEST_STEP][PASSED] - click(findTestObject("06-Teams/button_doublearrow")): Object: 'Object Repository/06-Teams/button_doublearrow' is clicked on

2022-10-10 15:25:17 - [MESSAGE][PASSED] - Object: 'Object Repository/06-Teams/button_doublearrow' is clicked on

2022-10-10 15:25:17 - [TEST_STEP][PASSED] - click(findTestObject("06-Teams/button_My Organizations")): Object: 'Object Repository/06-Teams/button_My Organizations' is clicked on

2022-10-10 15:25:18 - [MESSAGE][PASSED] - Object: 'Object Repository/06-Teams/button_My Organizations' is clicked on

2022-10-10 15:25:18 - [TEST_STEP][PASSED] - click(findTestObject("06-Teams/button_GG Automation")): Object: 'Object Repository/06-Teams/button_GG Automation' is clicked on

2022-10-10 15:25:19 - [MESSAGE][PASSED] - Object: 'Object Repository/06-Teams/button_GG Automation' is clicked on

2022-10-10 15:25:19 - [TEST_STEP][PASSED] - delay(4): Delayed 4 second(s)

2022-10-10 15:25:23 - [MESSAGE][PASSED] - Delayed 4 second(s)

2022-10-10 15:25:23 - [TEST_STEP][PASSED] - verifyElementVisible(findTestObject("06-Teams/span_GG Automation")): Object 'Object Repository/06-Teams/span_GG Automation' is visible

2022-10-10 15:25:24 - [MESSAGE][PASSED] - Object 'Object Repository/06-Teams/span_GG Automation' is visible

2022-10-10 15:25:24 - [TEST_STEP][PASSED] - delay(10): Delayed 10 second(s)

2022-10-10 15:25:34 - [MESSAGE][PASSED] - Delayed 10 second(s)

2022-10-10 15:25:34 - [TEST_STEP][PASSED] - click(findTestObject("03-Header Menu/Hamburger Button/div_Settings")): Object: 'Object Repository/03-Header Menu/Hamburger Button/div_Settings' is clicked on

2022-10-10 15:25:34 - [MESSAGE][PASSED] - Object: 'Object Repository/03-Header Menu/Hamburger Button/div_Settings' is clicked on

2022-10-10 15:25:34 - [TEST_STEP][PASSED] - verifyElementVisible(findTestObject("09-Settings/Users/div_Organization")): Object 'Object Repository/09-Settings/Users/div_Organization' is visible

2022-10-10 15:25:34 - [MESSAGE][PASSED] - Object 'Object Repository/09-Settings/Users/div_Organization' is visible

2022-10-10 15:25:34 - [TEST_STEP][PASSED] - verifyElementVisible(findTestObject("09-Settings/Users/div_Organization Units")): Object 'Object Repository/09-Settings/Users/div_Organization Units' is visible

2022-10-10 15:25:35 - [MESSAGE][PASSED] - Object 'Object Repository/09-Settings/Users/div_Organization Units' is visible

2022-10-10 15:25:35 - [TEST_STEP][PASSED] - verifyElementVisible(findTestObject("09-Settings/Users/div_Subscriptions")): Object 'Object Repository/09-Settings/Users/div_Subscriptions' is visible

2022-10-10 15:25:35 - [MESSAGE][PASSED] - Object 'Object Repository/09-Settings/Users/div_Subscriptions' is visible

2022-10-10 15:25:35 - [TEST_STEP][PASSED] - verifyElementVisible(findTestObject("09-Settings/Users/div_Users")): Object 'Object Repository/09-Settings/Users/div_Users' is visible

2022-10-10 15:25:36 - [MESSAGE][PASSED] - Object 'Object Repository/09-Settings/Users/div_Users' is visible

2022-10-10 15:25:36 - [TEST_STEP][PASSED] - delay(3): Delayed 3 second(s)

2022-10-10 15:25:39 - [MESSAGE][PASSED] - Delayed 3 second(s)

2022-10-10 15:25:39 - [TEST_STEP][PASSED] - click(findTestObject("09-Settings/Users/div_Users")): Object: 'Object Repository/09-Settings/Users/div_Users' is clicked on

2022-10-10 15:25:39 - [MESSAGE][PASSED] - Object: 'Object Repository/09-Settings/Users/div_Users' is clicked on

2022-10-10 15:25:39 - [TEST_STEP][PASSED] - verifyElementVisible(findTestObject("09-Settings/Users/h4_USERS")): Object 'Object Repository/09-Settings/Users/h4_USERS' is visible

2022-10-10 15:25:40 - [MESSAGE][PASSED] - Object 'Object Repository/09-Settings/Users/h4_USERS' is visible

2022-10-10 15:25:40 - [TEST_STEP][PASSED] - verifyElementVisible(findTestObject("09-Settings/Users/User Page")): Object 'Object Repository/09-Settings/Users/User Page' is visible

2022-10-10 15:25:41 - [MESSAGE][PASSED] - Object 'Object Repository/09-Settings/Users/User Page' is visible

2022-10-10 15:25:41 - [TEST_STEP][PASSED] - delay(3): Delayed 3 second(s)

2022-10-10 15:25:44 - [MESSAGE][PASSED] - Delayed 3 second(s)

2022-10-10 15:25:44 - [TEST_STEP][PASSED] - click(findTestObject("09-Settings/Users/button_add")): Object: 'Object Repository/09-Settings/Users/button_add' is clicked on

2022-10-10 15:25:44 - [MESSAGE][PASSED] - Object: 'Object Repository/09-Settings/Users/button_add' is clicked on

2022-10-10 15:25:44 - [TEST_STEP][PASSED] - verifyElementVisible(findTestObject("09-Settings/Users/User Invitation modal")): Object 'Object Repository/09-Settings/Users/User Invitation modal' is visible

2022-10-10 15:25:45 - [MESSAGE][PASSED] - Object 'Object Repository/09-Settings/Users/User Invitation modal' is visible

2022-10-10 15:25:45 - [TEST_STEP][PASSED] - delay(3): Delayed 3 second(s)

2022-10-10 15:25:48 - [MESSAGE][PASSED] - Delayed 3 second(s)

2022-10-10 15:25:48 - [TEST_STEP][PASSED] - click(findTestObject("09-Settings/Users/add Invite a single user")): Object: 'Object Repository/09-Settings/Users/add Invite a single user' is clicked on

2022-10-10 15:25:48 - [MESSAGE][PASSED] - Object: 'Object Repository/09-Settings/Users/add Invite a single user' is clicked on

2022-10-10 15:25:48 - [TEST_STEP][PASSED] - verifyElementVisible(findTestObject("09-Settings/Users/Invite new user modal")): Object 'Object Repository/09-Settings/Users/Invite new user modal' is visible

2022-10-10 15:25:49 - [MESSAGE][PASSED] - Object 'Object Repository/09-Settings/Users/Invite new user modal' is visible

2022-10-10 15:25:49 - [TEST_STEP][PASSED] - click(findTestObject("09-Settings/Users/input_email")): Object: 'Object Repository/09-Settings/Users/input_email' is clicked on

2022-10-10 15:25:50 - [MESSAGE][PASSED] - Object: 'Object Repository/09-Settings/Users/input_email' is clicked on

2022-10-10 15:25:50 - [TEST_STEP][PASSED] - click(findTestObject("09-Settings/Users/input_firstName")): Object: 'Object Repository/09-Settings/Users/input_firstName' is clicked on

2022-10-10 15:25:50 - [MESSAGE][PASSED] - Object: 'Object Repository/09-Settings/Users/input_firstName' is clicked on

2022-10-10 15:25:50 - [TEST_STEP][PASSED] - click(findTestObject("09-Settings/Users/input_lastName")): Object: 'Object Repository/09-Settings/Users/input_lastName' is clicked on

2022-10-10 15:25:50 - [MESSAGE][PASSED] - Object: 'Object Repository/09-Settings/Users/input_lastName' is clicked on

2022-10-10 15:25:50 - [TEST_STEP][PASSED] - click(findTestObject("09-Settings/Users/span_Role")): Object: 'Object Repository/09-Settings/Users/span_Role' is clicked on

2022-10-10 15:25:51 - [MESSAGE][PASSED] - Object: 'Object Repository/09-Settings/Users/span_Role' is clicked on

2022-10-10 15:25:51 - [TEST_STEP][PASSED] - clickOffset(findTestObject("09-Settings/Users/h4_Invite New User"), 100, 100): Object: 'Object Repository/09-Settings/Users/h4_Invite New User' is clicked on using offset x=100 and y=100

2022-10-10 15:25:51 - [MESSAGE][PASSED] - Object: 'Object Repository/09-Settings/Users/h4_Invite New User' is clicked on using offset x=100 and y=100

2022-10-10 15:25:51 - [TEST_STEP][PASSED] - verifyElementVisible(findTestObject("09-Settings/Users/Email required")): Object 'Object Repository/09-Settings/Users/Email required' is visible

2022-10-10 15:25:53 - [MESSAGE][PASSED] - Object 'Object Repository/09-Settings/Users/Email required' is visible

2022-10-10 15:25:53 - [TEST_STEP][PASSED] - verifyElementVisible(findTestObject("09-Settings/Users/Firstname required")): Object 'Object Repository/09-Settings/Users/Firstname required' is visible

2022-10-10 15:25:53 - [MESSAGE][PASSED] - Object 'Object Repository/09-Settings/Users/Firstname required' is visible

2022-10-10 15:25:53 - [TEST_STEP][PASSED] - verifyElementVisible(findTestObject("09-Settings/Users/last name required")): Object 'Object Repository/09-Settings/Users/last name required' is visible

2022-10-10 15:25:54 - [MESSAGE][PASSED] - Object 'Object Repository/09-Settings/Users/last name required' is visible

2022-10-10 15:25:54 - [TEST_STEP][PASSED] - verifyElementVisible(findTestObject("09-Settings/Users/error_Select a role")): Object 'Object Repository/09-Settings/Users/error_Select a role' is visible

2022-10-10 15:25:54 - [MESSAGE][PASSED] - Object 'Object Repository/09-Settings/Users/error_Select a role' is visible

2022-10-10 15:25:54 - [TEST_STEP][PASSED] - delay(3): Delayed 3 second(s)

2022-10-10 15:25:57 - [MESSAGE][PASSED] - Delayed 3 second(s)

2022-10-10 15:25:57 - [TEST_STEP][PASSED] - closeBrowser(): Browser is closed

2022-10-10 15:25:58 - [MESSAGE][PASSED] - Browser is closed]]></system-out>
         <system-err><![CDATA[]]></system-err>
      </testcase>
      <testcase name="Test Cases/09-Settings/02 - Users (Invite new user as co worker)" time="425.876" classname="Test Cases/09-Settings/02 - Users (Invite new user as co worker)" status="PASSED">
         <system-out><![CDATA[2022-10-10 15:25:58 - [TEST_CASE][PASSED] - Test Cases/09-Settings/02 - Users (Invite new user as co worker): Test Cases/09-Settings/02 - Users (Invite new user as co worker)

2022-10-10 15:25:58 - [TEST_STEP][PASSED] - openBrowser(""): Browser is opened with url: ''

2022-10-10 15:25:58 - [MESSAGE][INFO] - Starting 'Chrome' driver

2022-10-10 15:25:58 - [MESSAGE][INFO] - Action delay is set to 0 milliseconds

2022-10-10 15:25:59 - [MESSAGE][PASSED] - Browser is opened with url: ''

2022-10-10 15:25:59 - [TEST_STEP][PASSED] - navigateToUrl("https://lab.everleagues.com/"): Navigate to 'https://lab.everleagues.com/' successfully

2022-10-10 15:26:15 - [MESSAGE][PASSED] - Navigate to 'https://lab.everleagues.com/' successfully

2022-10-10 15:26:15 - [TEST_STEP][PASSED] - maximizeWindow(): Current window maximized

2022-10-10 15:26:15 - [MESSAGE][PASSED] - Current window maximized

2022-10-10 15:26:15 - [TEST_STEP][PASSED] - setText(findTestObject("02-Side Icons(Organization)/Add Contact/Email Field"), "testuser02@mailinator.com"): Text 'testuser02@mailinator.com' is set on object 'Object Repository/02-Side Icons(Organization)/Add Contact/Email Field'

2022-10-10 15:26:16 - [MESSAGE][PASSED] - Text 'testuser02@mailinator.com' is set on object 'Object Repository/02-Side Icons(Organization)/Add Contact/Email Field'

2022-10-10 15:26:16 - [TEST_STEP][PASSED] - setEncryptedText(findTestObject("02-Side Icons(Organization)/Add Contact/Password Field"), "8yFRyszE6U6jvsCn51OQbg=="): Text ****** has been set on object 'Object Repository/02-Side Icons(Organization)/Add Contact/Password Field'

2022-10-10 15:26:16 - [MESSAGE][PASSED] - Text ****** has been set on object 'Object Repository/02-Side Icons(Organization)/Add Contact/Password Field'

2022-10-10 15:26:16 - [TEST_STEP][PASSED] - click(findTestObject("02-Side Icons(Organization)/Add Contact/button_Sign in")): Object: 'Object Repository/02-Side Icons(Organization)/Add Contact/button_Sign in' is clicked on

2022-10-10 15:26:17 - [MESSAGE][PASSED] - Object: 'Object Repository/02-Side Icons(Organization)/Add Contact/button_Sign in' is clicked on

2022-10-10 15:26:17 - [TEST_STEP][PASSED] - delay(2): Delayed 2 second(s)

2022-10-10 15:26:19 - [MESSAGE][PASSED] - Delayed 2 second(s)

2022-10-10 15:26:19 - [TEST_STEP][PASSED] - click(findTestObject("06-Teams/For 2FA/button_Confirm_2FA")): Object: 'Object Repository/06-Teams/For 2FA/button_Confirm_2FA' is clicked on

2022-10-10 15:26:19 - [MESSAGE][PASSED] - Object: 'Object Repository/06-Teams/For 2FA/button_Confirm_2FA' is clicked on

2022-10-10 15:26:19 - [TEST_STEP][PASSED] - executeJavaScript("window.open();", []): Execute JavaScript 'window.open();' successfully

2022-10-10 15:26:19 - [MESSAGE][PASSED] - Execute JavaScript 'window.open();' successfully

2022-10-10 15:26:19 - [TEST_STEP][PASSED] - currentWindow = getWindowIndex(): Current window's index is: 0

2022-10-10 15:26:19 - [MESSAGE][PASSED] - Current window's index is: 0

2022-10-10 15:26:19 - [TEST_STEP][PASSED] - delay(3): Delayed 3 second(s)

2022-10-10 15:26:22 - [MESSAGE][PASSED] - Delayed 3 second(s)

2022-10-10 15:26:22 - [TEST_STEP][PASSED] - switchToWindowIndex(currentWindow + 1): Switched to window with index: '1'

2022-10-10 15:26:22 - [MESSAGE][PASSED] - Switched to window with index: '1'

2022-10-10 15:26:22 - [TEST_STEP][PASSED] - navigateToUrl("https://www.mailinator.com/"): Navigate to 'https://www.mailinator.com/' successfully

2022-10-10 15:26:24 - [MESSAGE][PASSED] - Navigate to 'https://www.mailinator.com/' successfully

2022-10-10 15:26:24 - [TEST_STEP][PASSED] - delay(3): Delayed 3 second(s)

2022-10-10 15:26:27 - [MESSAGE][PASSED] - Delayed 3 second(s)

2022-10-10 15:26:27 - [TEST_STEP][PASSED] - setText(findTestObject("00-Signup and Activation/zMailinator/input_LOGIN_search"), "testuser02@mailinator.com"): Text 'testuser02@mailinator.com' is set on object 'Object Repository/00-Signup and Activation/zMailinator/input_LOGIN_search'

2022-10-10 15:26:28 - [MESSAGE][PASSED] - Text 'testuser02@mailinator.com' is set on object 'Object Repository/00-Signup and Activation/zMailinator/input_LOGIN_search'

2022-10-10 15:26:28 - [TEST_STEP][PASSED] - click(findTestObject("00-Signup and Activation/zMailinator/gobutton"), STOP_ON_FAILURE): Object: 'Object Repository/00-Signup and Activation/zMailinator/gobutton' is clicked on

2022-10-10 15:26:30 - [MESSAGE][PASSED] - Object: 'Object Repository/00-Signup and Activation/zMailinator/gobutton' is clicked on

2022-10-10 15:26:30 - [TEST_STEP][PASSED] - delay(3): Delayed 3 second(s)

2022-10-10 15:26:33 - [MESSAGE][PASSED] - Delayed 3 second(s)

2022-10-10 15:26:33 - [TEST_STEP][PASSED] - click(findTestObject("00-Signup and Activation/zMailinator/Email - everleagues")): Object: 'Object Repository/00-Signup and Activation/zMailinator/Email - everleagues' is clicked on

2022-10-10 15:26:33 - [MESSAGE][PASSED] - Object: 'Object Repository/00-Signup and Activation/zMailinator/Email - everleagues' is clicked on

2022-10-10 15:26:33 - [TEST_STEP][PASSED] - delay(3): Delayed 3 second(s)

2022-10-10 15:26:36 - [MESSAGE][PASSED] - Delayed 3 second(s)

2022-10-10 15:26:36 - [TEST_STEP][PASSED] - code = getText(findTestObject("Object Repository/06-Teams/For 2FA/2FA code")): Text of object 'Object Repository/06-Teams/For 2FA/2FA code' is: '472525'

2022-10-10 15:26:37 - [MESSAGE][PASSED] - Text of object 'Object Repository/06-Teams/For 2FA/2FA code' is: '472525'

2022-10-10 15:26:37 - [TEST_STEP][PASSED] - delay(3): Delayed 3 second(s)

2022-10-10 15:26:40 - [MESSAGE][PASSED] - Delayed 3 second(s)

2022-10-10 15:26:40 - [TEST_STEP][PASSED] - closeWindowTitle("Mailinator"): Window with title: 'Mailinator' is closed

2022-10-10 15:26:40 - [MESSAGE][PASSED] - Window with title: 'Mailinator' is closed

2022-10-10 15:26:40 - [TEST_STEP][PASSED] - delay(3): Delayed 3 second(s)

2022-10-10 15:26:43 - [MESSAGE][PASSED] - Delayed 3 second(s)

2022-10-10 15:26:43 - [TEST_STEP][PASSED] - switchToWindowIndex(0): Switched to window with index: '0'

2022-10-10 15:26:43 - [MESSAGE][PASSED] - Switched to window with index: '0'

2022-10-10 15:26:43 - [TEST_STEP][PASSED] - delay(3): Delayed 3 second(s)

2022-10-10 15:26:46 - [MESSAGE][PASSED] - Delayed 3 second(s)

2022-10-10 15:26:46 - [TEST_STEP][PASSED] - setText(findTestObject("Object Repository/06-Teams/For 2FA/input_Enter verification code_code"), code): Text '472525' is set on object 'Object Repository/06-Teams/For 2FA/input_Enter verification code_code'

2022-10-10 15:26:46 - [MESSAGE][PASSED] - Text '472525' is set on object 'Object Repository/06-Teams/For 2FA/input_Enter verification code_code'

2022-10-10 15:26:46 - [TEST_STEP][PASSED] - delay(3): Delayed 3 second(s)

2022-10-10 15:26:49 - [MESSAGE][PASSED] - Delayed 3 second(s)

2022-10-10 15:26:49 - [TEST_STEP][PASSED] - click(findTestObject("06-Teams/For 2FA/button_Verify_2FA")): Object: 'Object Repository/06-Teams/For 2FA/button_Verify_2FA' is clicked on

2022-10-10 15:26:50 - [MESSAGE][PASSED] - Object: 'Object Repository/06-Teams/For 2FA/button_Verify_2FA' is clicked on

2022-10-10 15:26:50 - [TEST_STEP][PASSED] - delay(5): Delayed 5 second(s)

2022-10-10 15:26:55 - [MESSAGE][PASSED] - Delayed 5 second(s)

2022-10-10 15:26:55 - [TEST_STEP][PASSED] - click(findTestObject("06-Teams/button_doublearrow")): Object: 'Object Repository/06-Teams/button_doublearrow' is clicked on

2022-10-10 15:26:55 - [MESSAGE][PASSED] - Object: 'Object Repository/06-Teams/button_doublearrow' is clicked on

2022-10-10 15:26:55 - [TEST_STEP][PASSED] - click(findTestObject("06-Teams/button_My Organizations")): Object: 'Object Repository/06-Teams/button_My Organizations' is clicked on

2022-10-10 15:26:56 - [MESSAGE][PASSED] - Object: 'Object Repository/06-Teams/button_My Organizations' is clicked on

2022-10-10 15:26:56 - [TEST_STEP][PASSED] - click(findTestObject("06-Teams/button_GG Automation")): Object: 'Object Repository/06-Teams/button_GG Automation' is clicked on

2022-10-10 15:26:57 - [MESSAGE][PASSED] - Object: 'Object Repository/06-Teams/button_GG Automation' is clicked on

2022-10-10 15:26:57 - [TEST_STEP][PASSED] - delay(4): Delayed 4 second(s)

2022-10-10 15:27:01 - [MESSAGE][PASSED] - Delayed 4 second(s)

2022-10-10 15:27:01 - [TEST_STEP][PASSED] - verifyElementVisible(findTestObject("06-Teams/span_GG Automation")): Object 'Object Repository/06-Teams/span_GG Automation' is visible

2022-10-10 15:27:01 - [MESSAGE][PASSED] - Object 'Object Repository/06-Teams/span_GG Automation' is visible

2022-10-10 15:27:01 - [TEST_STEP][PASSED] - delay(10): Delayed 10 second(s)

2022-10-10 15:27:11 - [MESSAGE][PASSED] - Delayed 10 second(s)

2022-10-10 15:27:11 - [TEST_STEP][PASSED] - click(findTestObject("03-Header Menu/Hamburger Button/div_Settings")): Object: 'Object Repository/03-Header Menu/Hamburger Button/div_Settings' is clicked on

2022-10-10 15:27:11 - [MESSAGE][PASSED] - Object: 'Object Repository/03-Header Menu/Hamburger Button/div_Settings' is clicked on

2022-10-10 15:27:11 - [TEST_STEP][PASSED] - delay(3): Delayed 3 second(s)

2022-10-10 15:27:14 - [MESSAGE][PASSED] - Delayed 3 second(s)

2022-10-10 15:27:14 - [TEST_STEP][PASSED] - click(findTestObject("09-Settings/Users/div_Users")): Object: 'Object Repository/09-Settings/Users/div_Users' is clicked on

2022-10-10 15:27:15 - [MESSAGE][PASSED] - Object: 'Object Repository/09-Settings/Users/div_Users' is clicked on

2022-10-10 15:27:15 - [TEST_STEP][PASSED] - delay(3): Delayed 3 second(s)

2022-10-10 15:27:18 - [MESSAGE][PASSED] - Delayed 3 second(s)

2022-10-10 15:27:18 - [TEST_STEP][PASSED] - click(findTestObject("09-Settings/Users/button_add")): Object: 'Object Repository/09-Settings/Users/button_add' is clicked on

2022-10-10 15:27:19 - [MESSAGE][PASSED] - Object: 'Object Repository/09-Settings/Users/button_add' is clicked on

2022-10-10 15:27:19 - [TEST_STEP][PASSED] - delay(3): Delayed 3 second(s)

2022-10-10 15:27:22 - [MESSAGE][PASSED] - Delayed 3 second(s)

2022-10-10 15:27:22 - [TEST_STEP][PASSED] - click(findTestObject("09-Settings/Users/add Invite a single user")): Object: 'Object Repository/09-Settings/Users/add Invite a single user' is clicked on

2022-10-10 15:27:22 - [MESSAGE][PASSED] - Object: 'Object Repository/09-Settings/Users/add Invite a single user' is clicked on

2022-10-10 15:27:22 - [TEST_STEP][PASSED] - delay(3): Delayed 3 second(s)

2022-10-10 15:27:25 - [MESSAGE][PASSED] - Delayed 3 second(s)

2022-10-10 15:27:25 - [TEST_STEP][PASSED] - setText(findTestObject("09-Settings/Users/input_email"), "autotester04@mailinator.com"): Text 'autotester04@mailinator.com' is set on object 'Object Repository/09-Settings/Users/input_email'

2022-10-10 15:27:26 - [MESSAGE][PASSED] - Text 'autotester04@mailinator.com' is set on object 'Object Repository/09-Settings/Users/input_email'

2022-10-10 15:27:26 - [TEST_STEP][PASSED] - setText(findTestObject("09-Settings/Users/input_firstName"), "GG"): Text 'GG' is set on object 'Object Repository/09-Settings/Users/input_firstName'

2022-10-10 15:27:27 - [MESSAGE][PASSED] - Text 'GG' is set on object 'Object Repository/09-Settings/Users/input_firstName'

2022-10-10 15:27:27 - [TEST_STEP][PASSED] - setText(findTestObject("09-Settings/Users/input_lastName"), "Auto Contact 2"): Text 'Auto Contact 2' is set on object 'Object Repository/09-Settings/Users/input_lastName'

2022-10-10 15:27:27 - [MESSAGE][PASSED] - Text 'Auto Contact 2' is set on object 'Object Repository/09-Settings/Users/input_lastName'

2022-10-10 15:27:27 - [TEST_STEP][PASSED] - click(findTestObject("09-Settings/Users/span_Role")): Object: 'Object Repository/09-Settings/Users/span_Role' is clicked on

2022-10-10 15:27:28 - [MESSAGE][PASSED] - Object: 'Object Repository/09-Settings/Users/span_Role' is clicked on

2022-10-10 15:27:28 - [TEST_STEP][PASSED] - click(findTestObject("09-Settings/Users/span_CoWorker")): Object: 'Object Repository/09-Settings/Users/span_CoWorker' is clicked on

2022-10-10 15:27:28 - [MESSAGE][PASSED] - Object: 'Object Repository/09-Settings/Users/span_CoWorker' is clicked on

2022-10-10 15:27:28 - [TEST_STEP][PASSED] - click(findTestObject("09-Settings/Users/button_Send Invitation")): Object: 'Object Repository/09-Settings/Users/button_Send Invitation' is clicked on

2022-10-10 15:27:29 - [MESSAGE][PASSED] - Object: 'Object Repository/09-Settings/Users/button_Send Invitation' is clicked on

2022-10-10 15:27:29 - [TEST_STEP][PASSED] - delay(2): Delayed 2 second(s)

2022-10-10 15:27:31 - [MESSAGE][PASSED] - Delayed 2 second(s)

2022-10-10 15:27:31 - [TEST_STEP][PASSED] - verifyElementVisible(findTestObject("07-Directory/Connections/zContact Profile/Successfully invited user")): Object 'Object Repository/07-Directory/Connections/zContact Profile/Successfully invited user' is visible

2022-10-10 15:27:33 - [MESSAGE][PASSED] - Object 'Object Repository/07-Directory/Connections/zContact Profile/Successfully invited user' is visible

2022-10-10 15:27:33 - [TEST_STEP][PASSED] - delay(2): Delayed 2 second(s)

2022-10-10 15:27:35 - [MESSAGE][PASSED] - Delayed 2 second(s)

2022-10-10 15:27:35 - [TEST_STEP][PASSED] - executeJavaScript("window.open();", []): Execute JavaScript 'window.open();' successfully

2022-10-10 15:27:35 - [MESSAGE][PASSED] - Execute JavaScript 'window.open();' successfully

2022-10-10 15:27:35 - [TEST_STEP][PASSED] - currentWindow = getWindowIndex(): Current window's index is: 0

2022-10-10 15:27:35 - [MESSAGE][PASSED] - Current window's index is: 0

2022-10-10 15:27:35 - [TEST_STEP][PASSED] - delay(3): Delayed 3 second(s)

2022-10-10 15:27:38 - [MESSAGE][PASSED] - Delayed 3 second(s)

2022-10-10 15:27:38 - [TEST_STEP][PASSED] - switchToWindowIndex(currentWindow + 1): Switched to window with index: '1'

2022-10-10 15:27:38 - [MESSAGE][PASSED] - Switched to window with index: '1'

2022-10-10 15:27:38 - [TEST_STEP][PASSED] - navigateToUrl("https://www.mailinator.com/"): Navigate to 'https://www.mailinator.com/' successfully

2022-10-10 15:27:39 - [MESSAGE][PASSED] - Navigate to 'https://www.mailinator.com/' successfully

2022-10-10 15:27:39 - [TEST_STEP][PASSED] - delay(3): Delayed 3 second(s)

2022-10-10 15:27:42 - [MESSAGE][PASSED] - Delayed 3 second(s)

2022-10-10 15:27:42 - [TEST_STEP][PASSED] - setText(findTestObject("00-Signup and Activation/zMailinator/input_LOGIN_search"), "autotester04@mailinator.com"): Text 'autotester04@mailinator.com' is set on object 'Object Repository/00-Signup and Activation/zMailinator/input_LOGIN_search'

2022-10-10 15:27:43 - [MESSAGE][PASSED] - Text 'autotester04@mailinator.com' is set on object 'Object Repository/00-Signup and Activation/zMailinator/input_LOGIN_search'

2022-10-10 15:27:43 - [TEST_STEP][PASSED] - click(findTestObject("00-Signup and Activation/zMailinator/gobutton"), STOP_ON_FAILURE): Object: 'Object Repository/00-Signup and Activation/zMailinator/gobutton' is clicked on

2022-10-10 15:27:44 - [MESSAGE][PASSED] - Object: 'Object Repository/00-Signup and Activation/zMailinator/gobutton' is clicked on

2022-10-10 15:27:44 - [TEST_STEP][PASSED] - delay(3): Delayed 3 second(s)

2022-10-10 15:27:47 - [MESSAGE][PASSED] - Delayed 3 second(s)

2022-10-10 15:27:47 - [TEST_STEP][PASSED] - closeWindowTitle("Everleagues"): Window with title: 'Everleagues' is closed

2022-10-10 15:27:47 - [MESSAGE][PASSED] - Window with title: 'Everleagues' is closed

2022-10-10 15:27:47 - [TEST_STEP][PASSED] - switchToWindowIndex(0): Switched to window with index: '0'

2022-10-10 15:27:47 - [MESSAGE][PASSED] - Switched to window with index: '0'

2022-10-10 15:27:47 - [TEST_STEP][PASSED] - click(findTestObject("09-Settings/Users/Co worker/td_Invitation from GG Automation")): Object: 'Object Repository/09-Settings/Users/Co worker/td_Invitation from GG Automation' is clicked on

2022-10-10 15:27:47 - [MESSAGE][PASSED] - Object: 'Object Repository/09-Settings/Users/Co worker/td_Invitation from GG Automation' is clicked on

2022-10-10 15:27:47 - [TEST_STEP][PASSED] - click(findTestObject("09-Settings/Users/Co worker/a_Click here to join GG Automation on EverLeagues")): Object: 'Object Repository/09-Settings/Users/Co worker/a_Click here to join GG Automation on EverLeagues' is clicked on

2022-10-10 15:27:48 - [MESSAGE][PASSED] - Object: 'Object Repository/09-Settings/Users/Co worker/a_Click here to join GG Automation on EverLeagues' is clicked on

2022-10-10 15:27:48 - [TEST_STEP][PASSED] - closeWindowTitle("Mailinator"): Window with title: 'Mailinator' is closed

2022-10-10 15:27:48 - [MESSAGE][PASSED] - Window with title: 'Mailinator' is closed

2022-10-10 15:27:48 - [TEST_STEP][PASSED] - switchToWindowIndex(0): Switched to window with index: '0'

2022-10-10 15:27:48 - [MESSAGE][PASSED] - Switched to window with index: '0'

2022-10-10 15:27:48 - [TEST_STEP][PASSED] - verifyElementVisible(findTestObject("09-Settings/Users/Co worker/Logout before proceed modal")): Object 'Object Repository/09-Settings/Users/Co worker/Logout before proceed modal' is visible

2022-10-10 15:27:54 - [MESSAGE][PASSED] - Object 'Object Repository/09-Settings/Users/Co worker/Logout before proceed modal' is visible

2022-10-10 15:27:54 - [TEST_STEP][PASSED] - click(findTestObject("09-Settings/Users/Co worker/button_Yes")): Object: 'Object Repository/09-Settings/Users/Co worker/button_Yes' is clicked on

2022-10-10 15:27:54 - [MESSAGE][PASSED] - Object: 'Object Repository/09-Settings/Users/Co worker/button_Yes' is clicked on

2022-10-10 15:27:54 - [TEST_STEP][PASSED] - delay(3): Delayed 3 second(s)

2022-10-10 15:27:57 - [MESSAGE][PASSED] - Delayed 3 second(s)

2022-10-10 15:27:57 - [TEST_STEP][PASSED] - setText(findTestObject("09-Settings/Users/Co worker/input_Email_email"), "autotester04@mailinator.com"): Text 'autotester04@mailinator.com' is set on object 'Object Repository/09-Settings/Users/Co worker/input_Email_email'

2022-10-10 15:28:58 - [MESSAGE][PASSED] - Text 'autotester04@mailinator.com' is set on object 'Object Repository/09-Settings/Users/Co worker/input_Email_email'

2022-10-10 15:28:58 - [TEST_STEP][PASSED] - setEncryptedText(findTestObject("09-Settings/Users/Co worker/input__password"), "8yFRyszE6U6jvsCn51OQbg=="): Text ****** has been set on object 'Object Repository/09-Settings/Users/Co worker/input__password'

2022-10-10 15:29:28 - [MESSAGE][PASSED] - Text ****** has been set on object 'Object Repository/09-Settings/Users/Co worker/input__password'

2022-10-10 15:29:28 - [TEST_STEP][PASSED] - click(findTestObject("02-Side Icons(Organization)/Add Contact/button_Sign in")): Object: 'Object Repository/02-Side Icons(Organization)/Add Contact/button_Sign in' is clicked on

2022-10-10 15:29:58 - [MESSAGE][PASSED] - Object: 'Object Repository/02-Side Icons(Organization)/Add Contact/button_Sign in' is clicked on

2022-10-10 15:29:58 - [TEST_STEP][PASSED] - delay(2): Delayed 2 second(s)

2022-10-10 15:30:00 - [MESSAGE][PASSED] - Delayed 2 second(s)

2022-10-10 15:30:00 - [TEST_STEP][PASSED] - click(findTestObject("06-Teams/For 2FA/button_Confirm_2FA")): Object: 'Object Repository/06-Teams/For 2FA/button_Confirm_2FA' is clicked on

2022-10-10 15:30:30 - [MESSAGE][PASSED] - Object: 'Object Repository/06-Teams/For 2FA/button_Confirm_2FA' is clicked on

2022-10-10 15:30:30 - [TEST_STEP][PASSED] - executeJavaScript("window.open();", []): Execute JavaScript 'window.open();' successfully

2022-10-10 15:30:30 - [MESSAGE][PASSED] - Execute JavaScript 'window.open();' successfully

2022-10-10 15:30:30 - [TEST_STEP][PASSED] - currentWindow = getWindowIndex(): Current window's index is: 0

2022-10-10 15:30:30 - [MESSAGE][PASSED] - Current window's index is: 0

2022-10-10 15:30:30 - [TEST_STEP][PASSED] - delay(3): Delayed 3 second(s)

2022-10-10 15:30:33 - [MESSAGE][PASSED] - Delayed 3 second(s)

2022-10-10 15:30:33 - [TEST_STEP][PASSED] - switchToWindowIndex(currentWindow + 1): Switched to window with index: '1'

2022-10-10 15:30:33 - [MESSAGE][PASSED] - Switched to window with index: '1'

2022-10-10 15:30:33 - [TEST_STEP][PASSED] - navigateToUrl("https://www.mailinator.com/"): Navigate to 'https://www.mailinator.com/' successfully

2022-10-10 15:30:35 - [MESSAGE][PASSED] - Navigate to 'https://www.mailinator.com/' successfully

2022-10-10 15:30:35 - [TEST_STEP][PASSED] - delay(3): Delayed 3 second(s)

2022-10-10 15:30:38 - [MESSAGE][PASSED] - Delayed 3 second(s)

2022-10-10 15:30:38 - [TEST_STEP][PASSED] - setText(findTestObject("00-Signup and Activation/zMailinator/input_LOGIN_search"), "autotester04@mailinator.com"): Text 'autotester04@mailinator.com' is set on object 'Object Repository/00-Signup and Activation/zMailinator/input_LOGIN_search'

2022-10-10 15:30:38 - [MESSAGE][PASSED] - Text 'autotester04@mailinator.com' is set on object 'Object Repository/00-Signup and Activation/zMailinator/input_LOGIN_search'

2022-10-10 15:30:38 - [TEST_STEP][PASSED] - click(findTestObject("00-Signup and Activation/zMailinator/gobutton"), STOP_ON_FAILURE): Object: 'Object Repository/00-Signup and Activation/zMailinator/gobutton' is clicked on

2022-10-10 15:30:39 - [MESSAGE][PASSED] - Object: 'Object Repository/00-Signup and Activation/zMailinator/gobutton' is clicked on

2022-10-10 15:30:39 - [TEST_STEP][PASSED] - delay(3): Delayed 3 second(s)

2022-10-10 15:30:42 - [MESSAGE][PASSED] - Delayed 3 second(s)

2022-10-10 15:30:42 - [TEST_STEP][PASSED] - click(findTestObject("00-Signup and Activation/zMailinator/Email - everleagues")): Object: 'Object Repository/00-Signup and Activation/zMailinator/Email - everleagues' is clicked on

2022-10-10 15:30:43 - [MESSAGE][PASSED] - Object: 'Object Repository/00-Signup and Activation/zMailinator/Email - everleagues' is clicked on

2022-10-10 15:30:43 - [TEST_STEP][PASSED] - delay(3): Delayed 3 second(s)

2022-10-10 15:30:46 - [MESSAGE][PASSED] - Delayed 3 second(s)

2022-10-10 15:30:46 - [TEST_STEP][PASSED] - codetwo = getText(findTestObject("Object Repository/06-Teams/For 2FA/2FA code")): Text of object 'Object Repository/06-Teams/For 2FA/2FA code' is: '669828'

2022-10-10 15:30:46 - [MESSAGE][PASSED] - Text of object 'Object Repository/06-Teams/For 2FA/2FA code' is: '669828'

2022-10-10 15:30:46 - [TEST_STEP][PASSED] - delay(3): Delayed 3 second(s)

2022-10-10 15:30:49 - [MESSAGE][PASSED] - Delayed 3 second(s)

2022-10-10 15:30:49 - [TEST_STEP][PASSED] - closeWindowTitle("Mailinator"): Window with title: 'Mailinator' is closed

2022-10-10 15:30:49 - [MESSAGE][PASSED] - Window with title: 'Mailinator' is closed

2022-10-10 15:30:49 - [TEST_STEP][PASSED] - delay(3): Delayed 3 second(s)

2022-10-10 15:30:52 - [MESSAGE][PASSED] - Delayed 3 second(s)

2022-10-10 15:30:52 - [TEST_STEP][PASSED] - switchToWindowIndex(0): Switched to window with index: '0'

2022-10-10 15:30:52 - [MESSAGE][PASSED] - Switched to window with index: '0'

2022-10-10 15:30:52 - [TEST_STEP][PASSED] - delay(3): Delayed 3 second(s)

2022-10-10 15:30:55 - [MESSAGE][PASSED] - Delayed 3 second(s)

2022-10-10 15:30:55 - [TEST_STEP][PASSED] - setText(findTestObject("Object Repository/06-Teams/For 2FA/input_Enter verification code_code"), codetwo): Text '669828' is set on object 'Object Repository/06-Teams/For 2FA/input_Enter verification code_code'

2022-10-10 15:31:56 - [MESSAGE][PASSED] - Text '669828' is set on object 'Object Repository/06-Teams/For 2FA/input_Enter verification code_code'

2022-10-10 15:31:56 - [TEST_STEP][PASSED] - delay(3): Delayed 3 second(s)

2022-10-10 15:31:59 - [MESSAGE][PASSED] - Delayed 3 second(s)

2022-10-10 15:31:59 - [TEST_STEP][PASSED] - click(findTestObject("06-Teams/For 2FA/button_Verify_2FA")): Object: 'Object Repository/06-Teams/For 2FA/button_Verify_2FA' is clicked on

2022-10-10 15:32:29 - [MESSAGE][PASSED] - Object: 'Object Repository/06-Teams/For 2FA/button_Verify_2FA' is clicked on

2022-10-10 15:32:29 - [TEST_STEP][PASSED] - delay(5): Delayed 5 second(s)

2022-10-10 15:32:34 - [MESSAGE][PASSED] - Delayed 5 second(s)

2022-10-10 15:32:34 - [TEST_STEP][PASSED] - executeJavaScript("window.open();", []): Execute JavaScript 'window.open();' successfully

2022-10-10 15:32:34 - [MESSAGE][PASSED] - Execute JavaScript 'window.open();' successfully

2022-10-10 15:32:34 - [TEST_STEP][PASSED] - currentWindow = getWindowIndex(): Current window's index is: 0

2022-10-10 15:32:34 - [MESSAGE][PASSED] - Current window's index is: 0

2022-10-10 15:32:34 - [TEST_STEP][PASSED] - delay(3): Delayed 3 second(s)

2022-10-10 15:32:37 - [MESSAGE][PASSED] - Delayed 3 second(s)

2022-10-10 15:32:37 - [TEST_STEP][PASSED] - switchToWindowIndex(currentWindow + 1): Switched to window with index: '1'

2022-10-10 15:32:37 - [MESSAGE][PASSED] - Switched to window with index: '1'

2022-10-10 15:32:37 - [TEST_STEP][PASSED] - navigateToUrl("https://www.mailinator.com/"): Navigate to 'https://www.mailinator.com/' successfully

2022-10-10 15:32:38 - [MESSAGE][PASSED] - Navigate to 'https://www.mailinator.com/' successfully

2022-10-10 15:32:38 - [TEST_STEP][PASSED] - delay(3): Delayed 3 second(s)

2022-10-10 15:32:41 - [MESSAGE][PASSED] - Delayed 3 second(s)

2022-10-10 15:32:41 - [TEST_STEP][PASSED] - setText(findTestObject("00-Signup and Activation/zMailinator/input_LOGIN_search"), "autotester04@mailinator.com"): Text 'autotester04@mailinator.com' is set on object 'Object Repository/00-Signup and Activation/zMailinator/input_LOGIN_search'

2022-10-10 15:32:42 - [MESSAGE][PASSED] - Text 'autotester04@mailinator.com' is set on object 'Object Repository/00-Signup and Activation/zMailinator/input_LOGIN_search'

2022-10-10 15:32:42 - [TEST_STEP][PASSED] - click(findTestObject("00-Signup and Activation/zMailinator/gobutton"), STOP_ON_FAILURE): Object: 'Object Repository/00-Signup and Activation/zMailinator/gobutton' is clicked on

2022-10-10 15:32:42 - [MESSAGE][PASSED] - Object: 'Object Repository/00-Signup and Activation/zMailinator/gobutton' is clicked on

2022-10-10 15:32:42 - [TEST_STEP][PASSED] - delay(3): Delayed 3 second(s)

2022-10-10 15:32:45 - [MESSAGE][PASSED] - Delayed 3 second(s)

2022-10-10 15:32:45 - [TEST_STEP][PASSED] - closeWindowTitle("Everleagues"): Window with title: 'Everleagues' is closed

2022-10-10 15:32:46 - [MESSAGE][PASSED] - Window with title: 'Everleagues' is closed

2022-10-10 15:32:46 - [TEST_STEP][PASSED] - switchToWindowIndex(0): Switched to window with index: '0'

2022-10-10 15:32:46 - [MESSAGE][PASSED] - Switched to window with index: '0'

2022-10-10 15:32:46 - [TEST_STEP][PASSED] - click(findTestObject("09-Settings/Users/Co worker/td_Invitation from GG Automation")): Object: 'Object Repository/09-Settings/Users/Co worker/td_Invitation from GG Automation' is clicked on

2022-10-10 15:32:46 - [MESSAGE][PASSED] - Object: 'Object Repository/09-Settings/Users/Co worker/td_Invitation from GG Automation' is clicked on

2022-10-10 15:32:46 - [TEST_STEP][PASSED] - click(findTestObject("09-Settings/Users/Co worker/a_Click here to join GG Automation on EverLeagues")): Object: 'Object Repository/09-Settings/Users/Co worker/a_Click here to join GG Automation on EverLeagues' is clicked on

2022-10-10 15:32:47 - [MESSAGE][PASSED] - Object: 'Object Repository/09-Settings/Users/Co worker/a_Click here to join GG Automation on EverLeagues' is clicked on

2022-10-10 15:32:47 - [TEST_STEP][PASSED] - delay(3): Delayed 3 second(s)

2022-10-10 15:32:50 - [MESSAGE][PASSED] - Delayed 3 second(s)

2022-10-10 15:32:50 - [TEST_STEP][PASSED] - closeWindowTitle("Mailinator"): Window with title: 'Mailinator' is closed

2022-10-10 15:32:50 - [MESSAGE][PASSED] - Window with title: 'Mailinator' is closed

2022-10-10 15:32:50 - [TEST_STEP][PASSED] - switchToWindowIndex(0): Switched to window with index: '0'

2022-10-10 15:32:50 - [MESSAGE][PASSED] - Switched to window with index: '0'

2022-10-10 15:32:50 - [TEST_STEP][PASSED] - verifyElementVisible(findTestObject("09-Settings/Users/Co worker/Invite modal")): Object 'Object Repository/09-Settings/Users/Co worker/Invite modal' is visible

2022-10-10 15:32:52 - [MESSAGE][PASSED] - Object 'Object Repository/09-Settings/Users/Co worker/Invite modal' is visible

2022-10-10 15:32:52 - [TEST_STEP][PASSED] - click(findTestObject("09-Settings/Users/Co worker/button_Accept")): Object: 'Object Repository/09-Settings/Users/Co worker/button_Accept' is clicked on

2022-10-10 15:32:53 - [MESSAGE][PASSED] - Object: 'Object Repository/09-Settings/Users/Co worker/button_Accept' is clicked on

2022-10-10 15:32:53 - [TEST_STEP][PASSED] - delay(10): Delayed 10 second(s)

2022-10-10 15:33:03 - [MESSAGE][PASSED] - Delayed 10 second(s)

2022-10-10 15:33:03 - [TEST_STEP][PASSED] - verifyElementVisible(findTestObject("09-Settings/Users/Co worker/div_Joined as CoWorker")): Object 'Object Repository/09-Settings/Users/Co worker/div_Joined as CoWorker' is visible

2022-10-10 15:33:03 - [MESSAGE][PASSED] - Object 'Object Repository/09-Settings/Users/Co worker/div_Joined as CoWorker' is visible

2022-10-10 15:33:03 - [TEST_STEP][PASSED] - closeBrowser(): Browser is closed

2022-10-10 15:33:04 - [MESSAGE][PASSED] - Browser is closed]]></system-out>
         <system-err><![CDATA[]]></system-err>
      </testcase>
      <testcase name="Test Cases/09-Settings/03 - Users (Invite new user as client)" time="224.852" classname="Test Cases/09-Settings/03 - Users (Invite new user as client)" status="PASSED">
         <system-out><![CDATA[2022-10-10 15:33:04 - [TEST_CASE][PASSED] - Test Cases/09-Settings/03 - Users (Invite new user as client): Test Cases/09-Settings/03 - Users (Invite new user as client)

2022-10-10 15:33:04 - [TEST_STEP][PASSED] - openBrowser(""): Browser is opened with url: ''

2022-10-10 15:33:04 - [MESSAGE][INFO] - Starting 'Chrome' driver

2022-10-10 15:33:04 - [MESSAGE][INFO] - Action delay is set to 0 milliseconds

2022-10-10 15:33:05 - [MESSAGE][PASSED] - Browser is opened with url: ''

2022-10-10 15:33:05 - [TEST_STEP][PASSED] - navigateToUrl("https://lab.everleagues.com/"): Navigate to 'https://lab.everleagues.com/' successfully

2022-10-10 15:33:31 - [MESSAGE][PASSED] - Navigate to 'https://lab.everleagues.com/' successfully

2022-10-10 15:33:31 - [TEST_STEP][PASSED] - maximizeWindow(): Current window maximized

2022-10-10 15:33:31 - [MESSAGE][PASSED] - Current window maximized

2022-10-10 15:33:31 - [TEST_STEP][PASSED] - setText(findTestObject("02-Side Icons(Organization)/Add Contact/Email Field"), "testuser02@mailinator.com"): Text 'testuser02@mailinator.com' is set on object 'Object Repository/02-Side Icons(Organization)/Add Contact/Email Field'

2022-10-10 15:33:32 - [MESSAGE][PASSED] - Text 'testuser02@mailinator.com' is set on object 'Object Repository/02-Side Icons(Organization)/Add Contact/Email Field'

2022-10-10 15:33:32 - [TEST_STEP][PASSED] - setEncryptedText(findTestObject("02-Side Icons(Organization)/Add Contact/Password Field"), "8yFRyszE6U6jvsCn51OQbg=="): Text ****** has been set on object 'Object Repository/02-Side Icons(Organization)/Add Contact/Password Field'

2022-10-10 15:33:32 - [MESSAGE][PASSED] - Text ****** has been set on object 'Object Repository/02-Side Icons(Organization)/Add Contact/Password Field'

2022-10-10 15:33:32 - [TEST_STEP][PASSED] - click(findTestObject("02-Side Icons(Organization)/Add Contact/button_Sign in")): Object: 'Object Repository/02-Side Icons(Organization)/Add Contact/button_Sign in' is clicked on

2022-10-10 15:33:33 - [MESSAGE][PASSED] - Object: 'Object Repository/02-Side Icons(Organization)/Add Contact/button_Sign in' is clicked on

2022-10-10 15:33:33 - [TEST_STEP][PASSED] - delay(2): Delayed 2 second(s)

2022-10-10 15:33:35 - [MESSAGE][PASSED] - Delayed 2 second(s)

2022-10-10 15:33:35 - [TEST_STEP][PASSED] - click(findTestObject("06-Teams/For 2FA/button_Confirm_2FA")): Object: 'Object Repository/06-Teams/For 2FA/button_Confirm_2FA' is clicked on

2022-10-10 15:33:35 - [MESSAGE][PASSED] - Object: 'Object Repository/06-Teams/For 2FA/button_Confirm_2FA' is clicked on

2022-10-10 15:33:35 - [TEST_STEP][PASSED] - executeJavaScript("window.open();", []): Execute JavaScript 'window.open();' successfully

2022-10-10 15:33:35 - [MESSAGE][PASSED] - Execute JavaScript 'window.open();' successfully

2022-10-10 15:33:35 - [TEST_STEP][PASSED] - currentWindow = getWindowIndex(): Current window's index is: 0

2022-10-10 15:33:35 - [MESSAGE][PASSED] - Current window's index is: 0

2022-10-10 15:33:35 - [TEST_STEP][PASSED] - delay(3): Delayed 3 second(s)

2022-10-10 15:33:38 - [MESSAGE][PASSED] - Delayed 3 second(s)

2022-10-10 15:33:38 - [TEST_STEP][PASSED] - switchToWindowIndex(currentWindow + 1): Switched to window with index: '1'

2022-10-10 15:33:38 - [MESSAGE][PASSED] - Switched to window with index: '1'

2022-10-10 15:33:38 - [TEST_STEP][PASSED] - navigateToUrl("https://www.mailinator.com/"): Navigate to 'https://www.mailinator.com/' successfully

2022-10-10 15:33:41 - [MESSAGE][PASSED] - Navigate to 'https://www.mailinator.com/' successfully

2022-10-10 15:33:41 - [TEST_STEP][PASSED] - delay(3): Delayed 3 second(s)

2022-10-10 15:33:44 - [MESSAGE][PASSED] - Delayed 3 second(s)

2022-10-10 15:33:44 - [TEST_STEP][PASSED] - setText(findTestObject("00-Signup and Activation/zMailinator/input_LOGIN_search"), "testuser02@mailinator.com"): Text 'testuser02@mailinator.com' is set on object 'Object Repository/00-Signup and Activation/zMailinator/input_LOGIN_search'

2022-10-10 15:33:44 - [MESSAGE][PASSED] - Text 'testuser02@mailinator.com' is set on object 'Object Repository/00-Signup and Activation/zMailinator/input_LOGIN_search'

2022-10-10 15:33:44 - [TEST_STEP][PASSED] - click(findTestObject("00-Signup and Activation/zMailinator/gobutton"), STOP_ON_FAILURE): Object: 'Object Repository/00-Signup and Activation/zMailinator/gobutton' is clicked on

2022-10-10 15:33:46 - [MESSAGE][PASSED] - Object: 'Object Repository/00-Signup and Activation/zMailinator/gobutton' is clicked on

2022-10-10 15:33:46 - [TEST_STEP][PASSED] - delay(3): Delayed 3 second(s)

2022-10-10 15:33:49 - [MESSAGE][PASSED] - Delayed 3 second(s)

2022-10-10 15:33:49 - [TEST_STEP][PASSED] - click(findTestObject("00-Signup and Activation/zMailinator/Email - everleagues")): Object: 'Object Repository/00-Signup and Activation/zMailinator/Email - everleagues' is clicked on

2022-10-10 15:33:49 - [MESSAGE][PASSED] - Object: 'Object Repository/00-Signup and Activation/zMailinator/Email - everleagues' is clicked on

2022-10-10 15:33:49 - [TEST_STEP][PASSED] - delay(3): Delayed 3 second(s)

2022-10-10 15:33:52 - [MESSAGE][PASSED] - Delayed 3 second(s)

2022-10-10 15:33:52 - [TEST_STEP][PASSED] - code = getText(findTestObject("Object Repository/06-Teams/For 2FA/2FA code")): Text of object 'Object Repository/06-Teams/For 2FA/2FA code' is: '520606'

2022-10-10 15:33:53 - [MESSAGE][PASSED] - Text of object 'Object Repository/06-Teams/For 2FA/2FA code' is: '520606'

2022-10-10 15:33:53 - [TEST_STEP][PASSED] - delay(3): Delayed 3 second(s)

2022-10-10 15:33:56 - [MESSAGE][PASSED] - Delayed 3 second(s)

2022-10-10 15:33:56 - [TEST_STEP][PASSED] - closeWindowTitle("Mailinator"): Window with title: 'Mailinator' is closed

2022-10-10 15:33:56 - [MESSAGE][PASSED] - Window with title: 'Mailinator' is closed

2022-10-10 15:33:56 - [TEST_STEP][PASSED] - delay(3): Delayed 3 second(s)

2022-10-10 15:33:59 - [MESSAGE][PASSED] - Delayed 3 second(s)

2022-10-10 15:33:59 - [TEST_STEP][PASSED] - switchToWindowIndex(0): Switched to window with index: '0'

2022-10-10 15:33:59 - [MESSAGE][PASSED] - Switched to window with index: '0'

2022-10-10 15:33:59 - [TEST_STEP][PASSED] - delay(3): Delayed 3 second(s)

2022-10-10 15:34:02 - [MESSAGE][PASSED] - Delayed 3 second(s)

2022-10-10 15:34:02 - [TEST_STEP][PASSED] - setText(findTestObject("Object Repository/06-Teams/For 2FA/input_Enter verification code_code"), code): Text '520606' is set on object 'Object Repository/06-Teams/For 2FA/input_Enter verification code_code'

2022-10-10 15:34:02 - [MESSAGE][PASSED] - Text '520606' is set on object 'Object Repository/06-Teams/For 2FA/input_Enter verification code_code'

2022-10-10 15:34:02 - [TEST_STEP][PASSED] - delay(3): Delayed 3 second(s)

2022-10-10 15:34:05 - [MESSAGE][PASSED] - Delayed 3 second(s)

2022-10-10 15:34:05 - [TEST_STEP][PASSED] - click(findTestObject("06-Teams/For 2FA/button_Verify_2FA")): Object: 'Object Repository/06-Teams/For 2FA/button_Verify_2FA' is clicked on

2022-10-10 15:34:06 - [MESSAGE][PASSED] - Object: 'Object Repository/06-Teams/For 2FA/button_Verify_2FA' is clicked on

2022-10-10 15:34:06 - [TEST_STEP][PASSED] - delay(5): Delayed 5 second(s)

2022-10-10 15:34:11 - [MESSAGE][PASSED] - Delayed 5 second(s)

2022-10-10 15:34:11 - [TEST_STEP][PASSED] - click(findTestObject("06-Teams/button_doublearrow")): Object: 'Object Repository/06-Teams/button_doublearrow' is clicked on

2022-10-10 15:34:11 - [MESSAGE][PASSED] - Object: 'Object Repository/06-Teams/button_doublearrow' is clicked on

2022-10-10 15:34:11 - [TEST_STEP][PASSED] - click(findTestObject("06-Teams/button_My Organizations")): Object: 'Object Repository/06-Teams/button_My Organizations' is clicked on

2022-10-10 15:34:12 - [MESSAGE][PASSED] - Object: 'Object Repository/06-Teams/button_My Organizations' is clicked on

2022-10-10 15:34:12 - [TEST_STEP][PASSED] - click(findTestObject("06-Teams/button_GG Automation")): Object: 'Object Repository/06-Teams/button_GG Automation' is clicked on

2022-10-10 15:34:13 - [MESSAGE][PASSED] - Object: 'Object Repository/06-Teams/button_GG Automation' is clicked on

2022-10-10 15:34:13 - [TEST_STEP][PASSED] - delay(4): Delayed 4 second(s)

2022-10-10 15:34:17 - [MESSAGE][PASSED] - Delayed 4 second(s)

2022-10-10 15:34:17 - [TEST_STEP][PASSED] - verifyElementVisible(findTestObject("06-Teams/span_GG Automation")): Object 'Object Repository/06-Teams/span_GG Automation' is visible

2022-10-10 15:34:17 - [MESSAGE][PASSED] - Object 'Object Repository/06-Teams/span_GG Automation' is visible

2022-10-10 15:34:17 - [TEST_STEP][PASSED] - delay(10): Delayed 10 second(s)

2022-10-10 15:34:27 - [MESSAGE][PASSED] - Delayed 10 second(s)

2022-10-10 15:34:27 - [TEST_STEP][PASSED] - click(findTestObject("03-Header Menu/Hamburger Button/div_Settings")): Object: 'Object Repository/03-Header Menu/Hamburger Button/div_Settings' is clicked on

2022-10-10 15:34:28 - [MESSAGE][PASSED] - Object: 'Object Repository/03-Header Menu/Hamburger Button/div_Settings' is clicked on

2022-10-10 15:34:28 - [TEST_STEP][PASSED] - delay(3): Delayed 3 second(s)

2022-10-10 15:34:31 - [MESSAGE][PASSED] - Delayed 3 second(s)

2022-10-10 15:34:31 - [TEST_STEP][PASSED] - click(findTestObject("09-Settings/Users/div_Users")): Object: 'Object Repository/09-Settings/Users/div_Users' is clicked on

2022-10-10 15:34:31 - [MESSAGE][PASSED] - Object: 'Object Repository/09-Settings/Users/div_Users' is clicked on

2022-10-10 15:34:31 - [TEST_STEP][PASSED] - delay(3): Delayed 3 second(s)

2022-10-10 15:34:34 - [MESSAGE][PASSED] - Delayed 3 second(s)

2022-10-10 15:34:34 - [TEST_STEP][PASSED] - click(findTestObject("09-Settings/Users/button_add")): Object: 'Object Repository/09-Settings/Users/button_add' is clicked on

2022-10-10 15:34:35 - [MESSAGE][PASSED] - Object: 'Object Repository/09-Settings/Users/button_add' is clicked on

2022-10-10 15:34:35 - [TEST_STEP][PASSED] - delay(3): Delayed 3 second(s)

2022-10-10 15:34:38 - [MESSAGE][PASSED] - Delayed 3 second(s)

2022-10-10 15:34:38 - [TEST_STEP][PASSED] - click(findTestObject("09-Settings/Users/add Invite a single user")): Object: 'Object Repository/09-Settings/Users/add Invite a single user' is clicked on

2022-10-10 15:34:38 - [MESSAGE][PASSED] - Object: 'Object Repository/09-Settings/Users/add Invite a single user' is clicked on

2022-10-10 15:34:38 - [TEST_STEP][PASSED] - delay(3): Delayed 3 second(s)

2022-10-10 15:34:41 - [MESSAGE][PASSED] - Delayed 3 second(s)

2022-10-10 15:34:41 - [TEST_STEP][PASSED] - setText(findTestObject("09-Settings/Users/input_email"), "autotester09@mailinator.com"): Text 'autotester09@mailinator.com' is set on object 'Object Repository/09-Settings/Users/input_email'

2022-10-10 15:34:42 - [MESSAGE][PASSED] - Text 'autotester09@mailinator.com' is set on object 'Object Repository/09-Settings/Users/input_email'

2022-10-10 15:34:42 - [TEST_STEP][PASSED] - setText(findTestObject("09-Settings/Users/input_firstName"), "GG"): Text 'GG' is set on object 'Object Repository/09-Settings/Users/input_firstName'

2022-10-10 15:34:43 - [MESSAGE][PASSED] - Text 'GG' is set on object 'Object Repository/09-Settings/Users/input_firstName'

2022-10-10 15:34:43 - [TEST_STEP][PASSED] - setText(findTestObject("09-Settings/Users/input_lastName"), "Client"): Text 'Client' is set on object 'Object Repository/09-Settings/Users/input_lastName'

2022-10-10 15:34:43 - [MESSAGE][PASSED] - Text 'Client' is set on object 'Object Repository/09-Settings/Users/input_lastName'

2022-10-10 15:34:43 - [TEST_STEP][PASSED] - click(findTestObject("09-Settings/Users/span_Role")): Object: 'Object Repository/09-Settings/Users/span_Role' is clicked on

2022-10-10 15:34:44 - [MESSAGE][PASSED] - Object: 'Object Repository/09-Settings/Users/span_Role' is clicked on

2022-10-10 15:34:44 - [TEST_STEP][PASSED] - click(findTestObject("09-Settings/Users/span_Client")): Object: 'Object Repository/09-Settings/Users/span_Client' is clicked on

2022-10-10 15:34:45 - [MESSAGE][PASSED] - Object: 'Object Repository/09-Settings/Users/span_Client' is clicked on

2022-10-10 15:34:45 - [TEST_STEP][PASSED] - click(findTestObject("09-Settings/Users/button_Send Invitation")): Object: 'Object Repository/09-Settings/Users/button_Send Invitation' is clicked on

2022-10-10 15:34:46 - [MESSAGE][PASSED] - Object: 'Object Repository/09-Settings/Users/button_Send Invitation' is clicked on

2022-10-10 15:34:46 - [TEST_STEP][PASSED] - delay(2): Delayed 2 second(s)

2022-10-10 15:34:48 - [MESSAGE][PASSED] - Delayed 2 second(s)

2022-10-10 15:34:48 - [TEST_STEP][PASSED] - verifyElementVisible(findTestObject("07-Directory/Connections/zContact Profile/Successfully invited user")): Object 'Object Repository/07-Directory/Connections/zContact Profile/Successfully invited user' is visible

2022-10-10 15:34:48 - [MESSAGE][PASSED] - Object 'Object Repository/07-Directory/Connections/zContact Profile/Successfully invited user' is visible

2022-10-10 15:34:48 - [TEST_STEP][PASSED] - delay(2): Delayed 2 second(s)

2022-10-10 15:34:50 - [MESSAGE][PASSED] - Delayed 2 second(s)

2022-10-10 15:34:50 - [TEST_STEP][PASSED] - click(findTestObject("01-Login and Forgot Password/User menu drop")): Object: 'Object Repository/01-Login and Forgot Password/User menu drop' is clicked on

2022-10-10 15:34:51 - [MESSAGE][PASSED] - Object: 'Object Repository/01-Login and Forgot Password/User menu drop' is clicked on

2022-10-10 15:34:51 - [TEST_STEP][PASSED] - delay(2): Delayed 2 second(s)

2022-10-10 15:34:53 - [MESSAGE][PASSED] - Delayed 2 second(s)

2022-10-10 15:34:53 - [TEST_STEP][PASSED] - click(findTestObject("01-Login and Forgot Password/h4_Sign Out"), STOP_ON_FAILURE): Object: 'Object Repository/01-Login and Forgot Password/h4_Sign Out' is clicked on

2022-10-10 15:34:53 - [MESSAGE][PASSED] - Object: 'Object Repository/01-Login and Forgot Password/h4_Sign Out' is clicked on

2022-10-10 15:34:53 - [TEST_STEP][PASSED] - delay(2): Delayed 2 second(s)

2022-10-10 15:34:55 - [MESSAGE][PASSED] - Delayed 2 second(s)

2022-10-10 15:34:55 - [TEST_STEP][PASSED] - verifyElementPresent(findTestObject("01-Login and Forgot Password/Login_Card"), 0): Object 'Object Repository/01-Login and Forgot Password/Login_Card' is present

2022-10-10 15:34:55 - [MESSAGE][WARNING] - Timeout '0' is invalid. Using default page load timeout: '30'

2022-10-10 15:34:56 - [MESSAGE][PASSED] - Object 'Object Repository/01-Login and Forgot Password/Login_Card' is present

2022-10-10 15:34:56 - [TEST_STEP][PASSED] - delay(3): Delayed 3 second(s)

2022-10-10 15:34:59 - [MESSAGE][PASSED] - Delayed 3 second(s)

2022-10-10 15:34:59 - [TEST_STEP][PASSED] - closeBrowser(): Browser is closed

2022-10-10 15:35:00 - [MESSAGE][PASSED] - Browser is closed

2022-10-10 15:35:00 - [TEST_STEP][PASSED] - openBrowser(""): Browser is opened with url: ''

2022-10-10 15:35:00 - [MESSAGE][INFO] - Starting 'Chrome' driver

2022-10-10 15:35:00 - [MESSAGE][INFO] - Action delay is set to 0 milliseconds

2022-10-10 15:35:01 - [MESSAGE][PASSED] - Browser is opened with url: ''

2022-10-10 15:35:01 - [TEST_STEP][PASSED] - navigateToUrl("https://lab.everleagues.com/"): Navigate to 'https://lab.everleagues.com/' successfully

2022-10-10 15:35:14 - [MESSAGE][PASSED] - Navigate to 'https://lab.everleagues.com/' successfully

2022-10-10 15:35:14 - [TEST_STEP][PASSED] - maximizeWindow(): Current window maximized

2022-10-10 15:35:14 - [MESSAGE][PASSED] - Current window maximized

2022-10-10 15:35:14 - [TEST_STEP][PASSED] - setText(findTestObject("02-Side Icons(Organization)/Add Contact/Email Field"), "autotester09@mailinator.com"): Text 'autotester09@mailinator.com' is set on object 'Object Repository/02-Side Icons(Organization)/Add Contact/Email Field'

2022-10-10 15:35:15 - [MESSAGE][PASSED] - Text 'autotester09@mailinator.com' is set on object 'Object Repository/02-Side Icons(Organization)/Add Contact/Email Field'

2022-10-10 15:35:15 - [TEST_STEP][PASSED] - setEncryptedText(findTestObject("02-Side Icons(Organization)/Add Contact/Password Field"), "8yFRyszE6U6jvsCn51OQbg=="): Text ****** has been set on object 'Object Repository/02-Side Icons(Organization)/Add Contact/Password Field'

2022-10-10 15:35:15 - [MESSAGE][PASSED] - Text ****** has been set on object 'Object Repository/02-Side Icons(Organization)/Add Contact/Password Field'

2022-10-10 15:35:15 - [TEST_STEP][PASSED] - click(findTestObject("02-Side Icons(Organization)/Add Contact/button_Sign in")): Object: 'Object Repository/02-Side Icons(Organization)/Add Contact/button_Sign in' is clicked on

2022-10-10 15:35:16 - [MESSAGE][PASSED] - Object: 'Object Repository/02-Side Icons(Organization)/Add Contact/button_Sign in' is clicked on

2022-10-10 15:35:16 - [TEST_STEP][PASSED] - delay(2): Delayed 2 second(s)

2022-10-10 15:35:18 - [MESSAGE][PASSED] - Delayed 2 second(s)

2022-10-10 15:35:18 - [TEST_STEP][PASSED] - click(findTestObject("06-Teams/For 2FA/button_Confirm_2FA")): Object: 'Object Repository/06-Teams/For 2FA/button_Confirm_2FA' is clicked on

2022-10-10 15:35:18 - [MESSAGE][PASSED] - Object: 'Object Repository/06-Teams/For 2FA/button_Confirm_2FA' is clicked on

2022-10-10 15:35:18 - [TEST_STEP][PASSED] - executeJavaScript("window.open();", []): Execute JavaScript 'window.open();' successfully

2022-10-10 15:35:18 - [MESSAGE][PASSED] - Execute JavaScript 'window.open();' successfully

2022-10-10 15:35:18 - [TEST_STEP][PASSED] - currentWindow = getWindowIndex(): Current window's index is: 0

2022-10-10 15:35:18 - [MESSAGE][PASSED] - Current window's index is: 0

2022-10-10 15:35:18 - [TEST_STEP][PASSED] - delay(3): Delayed 3 second(s)

2022-10-10 15:35:21 - [MESSAGE][PASSED] - Delayed 3 second(s)

2022-10-10 15:35:21 - [TEST_STEP][PASSED] - switchToWindowIndex(currentWindow + 1): Switched to window with index: '1'

2022-10-10 15:35:21 - [MESSAGE][PASSED] - Switched to window with index: '1'

2022-10-10 15:35:21 - [TEST_STEP][PASSED] - navigateToUrl("https://www.mailinator.com/"): Navigate to 'https://www.mailinator.com/' successfully

2022-10-10 15:35:23 - [MESSAGE][PASSED] - Navigate to 'https://www.mailinator.com/' successfully

2022-10-10 15:35:23 - [TEST_STEP][PASSED] - delay(3): Delayed 3 second(s)

2022-10-10 15:35:26 - [MESSAGE][PASSED] - Delayed 3 second(s)

2022-10-10 15:35:26 - [TEST_STEP][PASSED] - setText(findTestObject("00-Signup and Activation/zMailinator/input_LOGIN_search"), "autotester09@mailinator.com"): Text 'autotester09@mailinator.com' is set on object 'Object Repository/00-Signup and Activation/zMailinator/input_LOGIN_search'

2022-10-10 15:35:27 - [MESSAGE][PASSED] - Text 'autotester09@mailinator.com' is set on object 'Object Repository/00-Signup and Activation/zMailinator/input_LOGIN_search'

2022-10-10 15:35:27 - [TEST_STEP][PASSED] - click(findTestObject("00-Signup and Activation/zMailinator/gobutton"), STOP_ON_FAILURE): Object: 'Object Repository/00-Signup and Activation/zMailinator/gobutton' is clicked on

2022-10-10 15:35:30 - [MESSAGE][PASSED] - Object: 'Object Repository/00-Signup and Activation/zMailinator/gobutton' is clicked on

2022-10-10 15:35:30 - [TEST_STEP][PASSED] - delay(3): Delayed 3 second(s)

2022-10-10 15:35:33 - [MESSAGE][PASSED] - Delayed 3 second(s)

2022-10-10 15:35:33 - [TEST_STEP][PASSED] - click(findTestObject("00-Signup and Activation/zMailinator/Email - everleagues")): Object: 'Object Repository/00-Signup and Activation/zMailinator/Email - everleagues' is clicked on

2022-10-10 15:35:33 - [MESSAGE][PASSED] - Object: 'Object Repository/00-Signup and Activation/zMailinator/Email - everleagues' is clicked on

2022-10-10 15:35:33 - [TEST_STEP][PASSED] - delay(3): Delayed 3 second(s)

2022-10-10 15:35:36 - [MESSAGE][PASSED] - Delayed 3 second(s)

2022-10-10 15:35:36 - [TEST_STEP][PASSED] - codetwo = getText(findTestObject("Object Repository/06-Teams/For 2FA/2FA code")): Text of object 'Object Repository/06-Teams/For 2FA/2FA code' is: '810828'

2022-10-10 15:35:36 - [MESSAGE][PASSED] - Text of object 'Object Repository/06-Teams/For 2FA/2FA code' is: '810828'

2022-10-10 15:35:36 - [TEST_STEP][PASSED] - delay(3): Delayed 3 second(s)

2022-10-10 15:35:39 - [MESSAGE][PASSED] - Delayed 3 second(s)

2022-10-10 15:35:39 - [TEST_STEP][PASSED] - closeWindowTitle("Mailinator"): Window with title: 'Mailinator' is closed

2022-10-10 15:35:40 - [MESSAGE][PASSED] - Window with title: 'Mailinator' is closed

2022-10-10 15:35:40 - [TEST_STEP][PASSED] - delay(3): Delayed 3 second(s)

2022-10-10 15:35:43 - [MESSAGE][PASSED] - Delayed 3 second(s)

2022-10-10 15:35:43 - [TEST_STEP][PASSED] - switchToWindowIndex(0): Switched to window with index: '0'

2022-10-10 15:35:43 - [MESSAGE][PASSED] - Switched to window with index: '0'

2022-10-10 15:35:43 - [TEST_STEP][PASSED] - delay(3): Delayed 3 second(s)

2022-10-10 15:35:46 - [MESSAGE][PASSED] - Delayed 3 second(s)

2022-10-10 15:35:46 - [TEST_STEP][PASSED] - setText(findTestObject("Object Repository/06-Teams/For 2FA/input_Enter verification code_code"), codetwo): Text '810828' is set on object 'Object Repository/06-Teams/For 2FA/input_Enter verification code_code'

2022-10-10 15:35:46 - [MESSAGE][PASSED] - Text '810828' is set on object 'Object Repository/06-Teams/For 2FA/input_Enter verification code_code'

2022-10-10 15:35:46 - [TEST_STEP][PASSED] - delay(3): Delayed 3 second(s)

2022-10-10 15:35:49 - [MESSAGE][PASSED] - Delayed 3 second(s)

2022-10-10 15:35:49 - [TEST_STEP][PASSED] - click(findTestObject("06-Teams/For 2FA/button_Verify_2FA")): Object: 'Object Repository/06-Teams/For 2FA/button_Verify_2FA' is clicked on

2022-10-10 15:35:50 - [MESSAGE][PASSED] - Object: 'Object Repository/06-Teams/For 2FA/button_Verify_2FA' is clicked on

2022-10-10 15:35:50 - [TEST_STEP][PASSED] - delay(5): Delayed 5 second(s)

2022-10-10 15:35:55 - [MESSAGE][PASSED] - Delayed 5 second(s)

2022-10-10 15:35:55 - [TEST_STEP][PASSED] - executeJavaScript("window.open();", []): Execute JavaScript 'window.open();' successfully

2022-10-10 15:35:55 - [MESSAGE][PASSED] - Execute JavaScript 'window.open();' successfully

2022-10-10 15:35:55 - [TEST_STEP][PASSED] - currentWindow = getWindowIndex(): Current window's index is: 0

2022-10-10 15:35:55 - [MESSAGE][PASSED] - Current window's index is: 0

2022-10-10 15:35:55 - [TEST_STEP][PASSED] - delay(3): Delayed 3 second(s)

2022-10-10 15:35:58 - [MESSAGE][PASSED] - Delayed 3 second(s)

2022-10-10 15:35:58 - [TEST_STEP][PASSED] - switchToWindowIndex(currentWindow + 1): Switched to window with index: '1'

2022-10-10 15:35:58 - [MESSAGE][PASSED] - Switched to window with index: '1'

2022-10-10 15:35:58 - [TEST_STEP][PASSED] - navigateToUrl("https://www.mailinator.com/"): Navigate to 'https://www.mailinator.com/' successfully

2022-10-10 15:35:59 - [MESSAGE][PASSED] - Navigate to 'https://www.mailinator.com/' successfully

2022-10-10 15:35:59 - [TEST_STEP][PASSED] - delay(3): Delayed 3 second(s)

2022-10-10 15:36:02 - [MESSAGE][PASSED] - Delayed 3 second(s)

2022-10-10 15:36:02 - [TEST_STEP][PASSED] - setText(findTestObject("00-Signup and Activation/zMailinator/input_LOGIN_search"), "autotester09@mailinator.com"): Text 'autotester09@mailinator.com' is set on object 'Object Repository/00-Signup and Activation/zMailinator/input_LOGIN_search'

2022-10-10 15:36:03 - [MESSAGE][PASSED] - Text 'autotester09@mailinator.com' is set on object 'Object Repository/00-Signup and Activation/zMailinator/input_LOGIN_search'

2022-10-10 15:36:03 - [TEST_STEP][PASSED] - click(findTestObject("00-Signup and Activation/zMailinator/gobutton"), STOP_ON_FAILURE): Object: 'Object Repository/00-Signup and Activation/zMailinator/gobutton' is clicked on

2022-10-10 15:36:04 - [MESSAGE][PASSED] - Object: 'Object Repository/00-Signup and Activation/zMailinator/gobutton' is clicked on

2022-10-10 15:36:04 - [TEST_STEP][PASSED] - delay(3): Delayed 3 second(s)

2022-10-10 15:36:07 - [MESSAGE][PASSED] - Delayed 3 second(s)

2022-10-10 15:36:07 - [TEST_STEP][PASSED] - closeWindowTitle("Everleagues"): Window with title: 'Everleagues' is closed

2022-10-10 15:36:07 - [MESSAGE][PASSED] - Window with title: 'Everleagues' is closed

2022-10-10 15:36:07 - [TEST_STEP][PASSED] - switchToWindowIndex(0): Switched to window with index: '0'

2022-10-10 15:36:07 - [MESSAGE][PASSED] - Switched to window with index: '0'

2022-10-10 15:36:07 - [TEST_STEP][PASSED] - click(findTestObject("09-Settings/Users/Co worker/td_Invitation from GG Automation")): Object: 'Object Repository/09-Settings/Users/Co worker/td_Invitation from GG Automation' is clicked on

2022-10-10 15:36:07 - [MESSAGE][PASSED] - Object: 'Object Repository/09-Settings/Users/Co worker/td_Invitation from GG Automation' is clicked on

2022-10-10 15:36:07 - [TEST_STEP][PASSED] - click(findTestObject("09-Settings/Users/Co worker/a_Click here to join GG Automation on EverLeagues")): Object: 'Object Repository/09-Settings/Users/Co worker/a_Click here to join GG Automation on EverLeagues' is clicked on

2022-10-10 15:36:08 - [MESSAGE][PASSED] - Object: 'Object Repository/09-Settings/Users/Co worker/a_Click here to join GG Automation on EverLeagues' is clicked on

2022-10-10 15:36:08 - [TEST_STEP][PASSED] - closeWindowTitle("Mailinator"): Window with title: 'Mailinator' is closed

2022-10-10 15:36:09 - [MESSAGE][PASSED] - Window with title: 'Mailinator' is closed

2022-10-10 15:36:09 - [TEST_STEP][PASSED] - switchToWindowIndex(0): Switched to window with index: '0'

2022-10-10 15:36:09 - [MESSAGE][PASSED] - Switched to window with index: '0'

2022-10-10 15:36:09 - [TEST_STEP][PASSED] - verifyElementVisible(findTestObject("09-Settings/Users/Client/Invite modal")): Object 'Object Repository/09-Settings/Users/Client/Invite modal' is visible

2022-10-10 15:36:14 - [MESSAGE][PASSED] - Object 'Object Repository/09-Settings/Users/Client/Invite modal' is visible

2022-10-10 15:36:14 - [TEST_STEP][PASSED] - setText(findTestObject("09-Settings/Users/Client/Company field"), "QA Company"): Text 'QA Company' is set on object 'Object Repository/09-Settings/Users/Client/Company field'

2022-10-10 15:36:15 - [MESSAGE][PASSED] - Text 'QA Company' is set on object 'Object Repository/09-Settings/Users/Client/Company field'

2022-10-10 15:36:15 - [TEST_STEP][PASSED] - click(findTestObject("09-Settings/Users/Client/button_Accept")): Object: 'Object Repository/09-Settings/Users/Client/button_Accept' is clicked on

2022-10-10 15:36:16 - [MESSAGE][PASSED] - Object: 'Object Repository/09-Settings/Users/Client/button_Accept' is clicked on

2022-10-10 15:36:16 - [TEST_STEP][PASSED] - delay(10): Delayed 10 second(s)

2022-10-10 15:36:26 - [MESSAGE][PASSED] - Delayed 10 second(s)

2022-10-10 15:36:26 - [TEST_STEP][PASSED] - verifyElementVisible(findTestObject("09-Settings/Users/Client/div_Joined as CLIENT")): Object 'Object Repository/09-Settings/Users/Client/div_Joined as CLIENT' is visible

2022-10-10 15:36:45 - [MESSAGE][PASSED] - Object 'Object Repository/09-Settings/Users/Client/div_Joined as CLIENT' is visible

2022-10-10 15:36:45 - [TEST_STEP][PASSED] - delay(3): Delayed 3 second(s)

2022-10-10 15:36:48 - [MESSAGE][PASSED] - Delayed 3 second(s)

2022-10-10 15:36:48 - [TEST_STEP][PASSED] - closeBrowser(): Browser is closed

2022-10-10 15:36:49 - [MESSAGE][PASSED] - Browser is closed]]></system-out>
         <system-err><![CDATA[]]></system-err>
      </testcase>
      <testcase name="Test Cases/09-Settings/04 - Users (Invite new user as partner)" time="240.171" classname="Test Cases/09-Settings/04 - Users (Invite new user as partner)" status="PASSED">
         <system-out><![CDATA[2022-10-10 15:36:49 - [TEST_CASE][PASSED] - Test Cases/09-Settings/04 - Users (Invite new user as partner): Test Cases/09-Settings/04 - Users (Invite new user as partner)

2022-10-10 15:36:49 - [TEST_STEP][PASSED] - openBrowser(""): Browser is opened with url: ''

2022-10-10 15:36:49 - [MESSAGE][INFO] - Starting 'Chrome' driver

2022-10-10 15:36:49 - [MESSAGE][INFO] - Action delay is set to 0 milliseconds

2022-10-10 15:36:50 - [MESSAGE][PASSED] - Browser is opened with url: ''

2022-10-10 15:36:50 - [TEST_STEP][PASSED] - navigateToUrl("https://lab.everleagues.com/"): Navigate to 'https://lab.everleagues.com/' successfully

2022-10-10 15:37:32 - [MESSAGE][PASSED] - Navigate to 'https://lab.everleagues.com/' successfully

2022-10-10 15:37:32 - [TEST_STEP][PASSED] - maximizeWindow(): Current window maximized

2022-10-10 15:37:32 - [MESSAGE][PASSED] - Current window maximized

2022-10-10 15:37:32 - [TEST_STEP][PASSED] - setText(findTestObject("02-Side Icons(Organization)/Add Contact/Email Field"), "testuser02@mailinator.com"): Text 'testuser02@mailinator.com' is set on object 'Object Repository/02-Side Icons(Organization)/Add Contact/Email Field'

2022-10-10 15:37:32 - [MESSAGE][PASSED] - Text 'testuser02@mailinator.com' is set on object 'Object Repository/02-Side Icons(Organization)/Add Contact/Email Field'

2022-10-10 15:37:32 - [TEST_STEP][PASSED] - setEncryptedText(findTestObject("02-Side Icons(Organization)/Add Contact/Password Field"), "8yFRyszE6U6jvsCn51OQbg=="): Text ****** has been set on object 'Object Repository/02-Side Icons(Organization)/Add Contact/Password Field'

2022-10-10 15:37:33 - [MESSAGE][PASSED] - Text ****** has been set on object 'Object Repository/02-Side Icons(Organization)/Add Contact/Password Field'

2022-10-10 15:37:33 - [TEST_STEP][PASSED] - click(findTestObject("02-Side Icons(Organization)/Add Contact/button_Sign in")): Object: 'Object Repository/02-Side Icons(Organization)/Add Contact/button_Sign in' is clicked on

2022-10-10 15:37:34 - [MESSAGE][PASSED] - Object: 'Object Repository/02-Side Icons(Organization)/Add Contact/button_Sign in' is clicked on

2022-10-10 15:37:34 - [TEST_STEP][PASSED] - delay(2): Delayed 2 second(s)

2022-10-10 15:37:36 - [MESSAGE][PASSED] - Delayed 2 second(s)

2022-10-10 15:37:36 - [TEST_STEP][PASSED] - click(findTestObject("06-Teams/For 2FA/button_Confirm_2FA")): Object: 'Object Repository/06-Teams/For 2FA/button_Confirm_2FA' is clicked on

2022-10-10 15:37:36 - [MESSAGE][PASSED] - Object: 'Object Repository/06-Teams/For 2FA/button_Confirm_2FA' is clicked on

2022-10-10 15:37:36 - [TEST_STEP][PASSED] - executeJavaScript("window.open();", []): Execute JavaScript 'window.open();' successfully

2022-10-10 15:37:36 - [MESSAGE][PASSED] - Execute JavaScript 'window.open();' successfully

2022-10-10 15:37:36 - [TEST_STEP][PASSED] - currentWindow = getWindowIndex(): Current window's index is: 0

2022-10-10 15:37:36 - [MESSAGE][PASSED] - Current window's index is: 0

2022-10-10 15:37:36 - [TEST_STEP][PASSED] - delay(3): Delayed 3 second(s)

2022-10-10 15:37:39 - [MESSAGE][PASSED] - Delayed 3 second(s)

2022-10-10 15:37:39 - [TEST_STEP][PASSED] - switchToWindowIndex(currentWindow + 1): Switched to window with index: '1'

2022-10-10 15:37:39 - [MESSAGE][PASSED] - Switched to window with index: '1'

2022-10-10 15:37:39 - [TEST_STEP][PASSED] - navigateToUrl("https://www.mailinator.com/"): Navigate to 'https://www.mailinator.com/' successfully

2022-10-10 15:37:41 - [MESSAGE][PASSED] - Navigate to 'https://www.mailinator.com/' successfully

2022-10-10 15:37:41 - [TEST_STEP][PASSED] - delay(3): Delayed 3 second(s)

2022-10-10 15:37:44 - [MESSAGE][PASSED] - Delayed 3 second(s)

2022-10-10 15:37:44 - [TEST_STEP][PASSED] - setText(findTestObject("00-Signup and Activation/zMailinator/input_LOGIN_search"), "testuser02@mailinator.com"): Text 'testuser02@mailinator.com' is set on object 'Object Repository/00-Signup and Activation/zMailinator/input_LOGIN_search'

2022-10-10 15:37:45 - [MESSAGE][PASSED] - Text 'testuser02@mailinator.com' is set on object 'Object Repository/00-Signup and Activation/zMailinator/input_LOGIN_search'

2022-10-10 15:37:45 - [TEST_STEP][PASSED] - click(findTestObject("00-Signup and Activation/zMailinator/gobutton"), STOP_ON_FAILURE): Object: 'Object Repository/00-Signup and Activation/zMailinator/gobutton' is clicked on

2022-10-10 15:37:46 - [MESSAGE][PASSED] - Object: 'Object Repository/00-Signup and Activation/zMailinator/gobutton' is clicked on

2022-10-10 15:37:46 - [TEST_STEP][PASSED] - delay(3): Delayed 3 second(s)

2022-10-10 15:37:49 - [MESSAGE][PASSED] - Delayed 3 second(s)

2022-10-10 15:37:49 - [TEST_STEP][PASSED] - click(findTestObject("00-Signup and Activation/zMailinator/Email - everleagues")): Object: 'Object Repository/00-Signup and Activation/zMailinator/Email - everleagues' is clicked on

2022-10-10 15:37:49 - [MESSAGE][PASSED] - Object: 'Object Repository/00-Signup and Activation/zMailinator/Email - everleagues' is clicked on

2022-10-10 15:37:49 - [TEST_STEP][PASSED] - delay(3): Delayed 3 second(s)

2022-10-10 15:37:52 - [MESSAGE][PASSED] - Delayed 3 second(s)

2022-10-10 15:37:52 - [TEST_STEP][PASSED] - code = getText(findTestObject("Object Repository/06-Teams/For 2FA/2FA code")): Text of object 'Object Repository/06-Teams/For 2FA/2FA code' is: '653103'

2022-10-10 15:37:53 - [MESSAGE][PASSED] - Text of object 'Object Repository/06-Teams/For 2FA/2FA code' is: '653103'

2022-10-10 15:37:53 - [TEST_STEP][PASSED] - delay(3): Delayed 3 second(s)

2022-10-10 15:37:56 - [MESSAGE][PASSED] - Delayed 3 second(s)

2022-10-10 15:37:56 - [TEST_STEP][PASSED] - closeWindowTitle("Mailinator"): Window with title: 'Mailinator' is closed

2022-10-10 15:37:56 - [MESSAGE][PASSED] - Window with title: 'Mailinator' is closed

2022-10-10 15:37:56 - [TEST_STEP][PASSED] - delay(3): Delayed 3 second(s)

2022-10-10 15:37:59 - [MESSAGE][PASSED] - Delayed 3 second(s)

2022-10-10 15:37:59 - [TEST_STEP][PASSED] - switchToWindowIndex(0): Switched to window with index: '0'

2022-10-10 15:37:59 - [MESSAGE][PASSED] - Switched to window with index: '0'

2022-10-10 15:37:59 - [TEST_STEP][PASSED] - delay(3): Delayed 3 second(s)

2022-10-10 15:38:02 - [MESSAGE][PASSED] - Delayed 3 second(s)

2022-10-10 15:38:02 - [TEST_STEP][PASSED] - setText(findTestObject("Object Repository/06-Teams/For 2FA/input_Enter verification code_code"), code): Text '653103' is set on object 'Object Repository/06-Teams/For 2FA/input_Enter verification code_code'

2022-10-10 15:38:03 - [MESSAGE][PASSED] - Text '653103' is set on object 'Object Repository/06-Teams/For 2FA/input_Enter verification code_code'

2022-10-10 15:38:03 - [TEST_STEP][PASSED] - delay(3): Delayed 3 second(s)

2022-10-10 15:38:06 - [MESSAGE][PASSED] - Delayed 3 second(s)

2022-10-10 15:38:06 - [TEST_STEP][PASSED] - click(findTestObject("06-Teams/For 2FA/button_Verify_2FA")): Object: 'Object Repository/06-Teams/For 2FA/button_Verify_2FA' is clicked on

2022-10-10 15:38:06 - [MESSAGE][PASSED] - Object: 'Object Repository/06-Teams/For 2FA/button_Verify_2FA' is clicked on

2022-10-10 15:38:06 - [TEST_STEP][PASSED] - delay(5): Delayed 5 second(s)

2022-10-10 15:38:11 - [MESSAGE][PASSED] - Delayed 5 second(s)

2022-10-10 15:38:11 - [TEST_STEP][PASSED] - click(findTestObject("06-Teams/button_doublearrow")): Object: 'Object Repository/06-Teams/button_doublearrow' is clicked on

2022-10-10 15:38:12 - [MESSAGE][PASSED] - Object: 'Object Repository/06-Teams/button_doublearrow' is clicked on

2022-10-10 15:38:12 - [TEST_STEP][PASSED] - click(findTestObject("06-Teams/button_My Organizations")): Object: 'Object Repository/06-Teams/button_My Organizations' is clicked on

2022-10-10 15:38:12 - [MESSAGE][PASSED] - Object: 'Object Repository/06-Teams/button_My Organizations' is clicked on

2022-10-10 15:38:12 - [TEST_STEP][PASSED] - click(findTestObject("06-Teams/button_GG Automation")): Object: 'Object Repository/06-Teams/button_GG Automation' is clicked on

2022-10-10 15:38:13 - [MESSAGE][PASSED] - Object: 'Object Repository/06-Teams/button_GG Automation' is clicked on

2022-10-10 15:38:13 - [TEST_STEP][PASSED] - delay(4): Delayed 4 second(s)

2022-10-10 15:38:17 - [MESSAGE][PASSED] - Delayed 4 second(s)

2022-10-10 15:38:17 - [TEST_STEP][PASSED] - verifyElementVisible(findTestObject("06-Teams/span_GG Automation")): Object 'Object Repository/06-Teams/span_GG Automation' is visible

2022-10-10 15:38:18 - [MESSAGE][PASSED] - Object 'Object Repository/06-Teams/span_GG Automation' is visible

2022-10-10 15:38:18 - [TEST_STEP][PASSED] - delay(10): Delayed 10 second(s)

2022-10-10 15:38:28 - [MESSAGE][PASSED] - Delayed 10 second(s)

2022-10-10 15:38:28 - [TEST_STEP][PASSED] - click(findTestObject("03-Header Menu/Hamburger Button/div_Settings")): Object: 'Object Repository/03-Header Menu/Hamburger Button/div_Settings' is clicked on

2022-10-10 15:38:28 - [MESSAGE][PASSED] - Object: 'Object Repository/03-Header Menu/Hamburger Button/div_Settings' is clicked on

2022-10-10 15:38:28 - [TEST_STEP][PASSED] - delay(3): Delayed 3 second(s)

2022-10-10 15:38:31 - [MESSAGE][PASSED] - Delayed 3 second(s)

2022-10-10 15:38:31 - [TEST_STEP][PASSED] - click(findTestObject("09-Settings/Users/div_Users")): Object: 'Object Repository/09-Settings/Users/div_Users' is clicked on

2022-10-10 15:38:32 - [MESSAGE][PASSED] - Object: 'Object Repository/09-Settings/Users/div_Users' is clicked on

2022-10-10 15:38:32 - [TEST_STEP][PASSED] - delay(3): Delayed 3 second(s)

2022-10-10 15:38:35 - [MESSAGE][PASSED] - Delayed 3 second(s)

2022-10-10 15:38:35 - [TEST_STEP][PASSED] - click(findTestObject("09-Settings/Users/button_add")): Object: 'Object Repository/09-Settings/Users/button_add' is clicked on

2022-10-10 15:38:35 - [MESSAGE][PASSED] - Object: 'Object Repository/09-Settings/Users/button_add' is clicked on

2022-10-10 15:38:35 - [TEST_STEP][PASSED] - delay(3): Delayed 3 second(s)

2022-10-10 15:38:38 - [MESSAGE][PASSED] - Delayed 3 second(s)

2022-10-10 15:38:38 - [TEST_STEP][PASSED] - click(findTestObject("09-Settings/Users/add Invite a single user")): Object: 'Object Repository/09-Settings/Users/add Invite a single user' is clicked on

2022-10-10 15:38:39 - [MESSAGE][PASSED] - Object: 'Object Repository/09-Settings/Users/add Invite a single user' is clicked on

2022-10-10 15:38:39 - [TEST_STEP][PASSED] - delay(3): Delayed 3 second(s)

2022-10-10 15:38:42 - [MESSAGE][PASSED] - Delayed 3 second(s)

2022-10-10 15:38:42 - [TEST_STEP][PASSED] - setText(findTestObject("09-Settings/Users/input_email"), "autotester10@mailinator.com"): Text 'autotester10@mailinator.com' is set on object 'Object Repository/09-Settings/Users/input_email'

2022-10-10 15:38:43 - [MESSAGE][PASSED] - Text 'autotester10@mailinator.com' is set on object 'Object Repository/09-Settings/Users/input_email'

2022-10-10 15:38:43 - [TEST_STEP][PASSED] - setText(findTestObject("09-Settings/Users/input_firstName"), "GG"): Text 'GG' is set on object 'Object Repository/09-Settings/Users/input_firstName'

2022-10-10 15:38:43 - [MESSAGE][PASSED] - Text 'GG' is set on object 'Object Repository/09-Settings/Users/input_firstName'

2022-10-10 15:38:43 - [TEST_STEP][PASSED] - setText(findTestObject("09-Settings/Users/input_lastName"), "Partner"): Text 'Partner' is set on object 'Object Repository/09-Settings/Users/input_lastName'

2022-10-10 15:38:44 - [MESSAGE][PASSED] - Text 'Partner' is set on object 'Object Repository/09-Settings/Users/input_lastName'

2022-10-10 15:38:44 - [TEST_STEP][PASSED] - click(findTestObject("09-Settings/Users/span_Role")): Object: 'Object Repository/09-Settings/Users/span_Role' is clicked on

2022-10-10 15:38:45 - [MESSAGE][PASSED] - Object: 'Object Repository/09-Settings/Users/span_Role' is clicked on

2022-10-10 15:38:45 - [TEST_STEP][PASSED] - click(findTestObject("09-Settings/Users/span_Partner")): Object: 'Object Repository/09-Settings/Users/span_Partner' is clicked on

2022-10-10 15:38:45 - [MESSAGE][PASSED] - Object: 'Object Repository/09-Settings/Users/span_Partner' is clicked on

2022-10-10 15:38:45 - [TEST_STEP][PASSED] - click(findTestObject("09-Settings/Users/button_Send Invitation")): Object: 'Object Repository/09-Settings/Users/button_Send Invitation' is clicked on

2022-10-10 15:38:46 - [MESSAGE][PASSED] - Object: 'Object Repository/09-Settings/Users/button_Send Invitation' is clicked on

2022-10-10 15:38:46 - [TEST_STEP][PASSED] - delay(2): Delayed 2 second(s)

2022-10-10 15:38:48 - [MESSAGE][PASSED] - Delayed 2 second(s)

2022-10-10 15:38:48 - [TEST_STEP][PASSED] - verifyElementVisible(findTestObject("07-Directory/Connections/zContact Profile/Successfully invited user")): Object 'Object Repository/07-Directory/Connections/zContact Profile/Successfully invited user' is visible

2022-10-10 15:38:49 - [MESSAGE][PASSED] - Object 'Object Repository/07-Directory/Connections/zContact Profile/Successfully invited user' is visible

2022-10-10 15:38:49 - [TEST_STEP][PASSED] - delay(2): Delayed 2 second(s)

2022-10-10 15:38:51 - [MESSAGE][PASSED] - Delayed 2 second(s)

2022-10-10 15:38:51 - [TEST_STEP][PASSED] - click(findTestObject("01-Login and Forgot Password/User menu drop")): Object: 'Object Repository/01-Login and Forgot Password/User menu drop' is clicked on

2022-10-10 15:38:52 - [MESSAGE][PASSED] - Object: 'Object Repository/01-Login and Forgot Password/User menu drop' is clicked on

2022-10-10 15:38:52 - [TEST_STEP][PASSED] - delay(2): Delayed 2 second(s)

2022-10-10 15:38:54 - [MESSAGE][PASSED] - Delayed 2 second(s)

2022-10-10 15:38:54 - [TEST_STEP][PASSED] - click(findTestObject("01-Login and Forgot Password/h4_Sign Out"), STOP_ON_FAILURE): Object: 'Object Repository/01-Login and Forgot Password/h4_Sign Out' is clicked on

2022-10-10 15:38:54 - [MESSAGE][PASSED] - Object: 'Object Repository/01-Login and Forgot Password/h4_Sign Out' is clicked on

2022-10-10 15:38:54 - [TEST_STEP][PASSED] - delay(2): Delayed 2 second(s)

2022-10-10 15:38:56 - [MESSAGE][PASSED] - Delayed 2 second(s)

2022-10-10 15:38:56 - [TEST_STEP][PASSED] - verifyElementPresent(findTestObject("01-Login and Forgot Password/Login_Card"), 0): Object 'Object Repository/01-Login and Forgot Password/Login_Card' is present

2022-10-10 15:38:56 - [MESSAGE][WARNING] - Timeout '0' is invalid. Using default page load timeout: '30'

2022-10-10 15:38:57 - [MESSAGE][PASSED] - Object 'Object Repository/01-Login and Forgot Password/Login_Card' is present

2022-10-10 15:38:57 - [TEST_STEP][PASSED] - delay(3): Delayed 3 second(s)

2022-10-10 15:39:00 - [MESSAGE][PASSED] - Delayed 3 second(s)

2022-10-10 15:39:00 - [TEST_STEP][PASSED] - closeBrowser(): Browser is closed

2022-10-10 15:39:00 - [MESSAGE][PASSED] - Browser is closed

2022-10-10 15:39:00 - [TEST_STEP][PASSED] - openBrowser(""): Browser is opened with url: ''

2022-10-10 15:39:00 - [MESSAGE][INFO] - Starting 'Chrome' driver

2022-10-10 15:39:00 - [MESSAGE][INFO] - Action delay is set to 0 milliseconds

2022-10-10 15:39:01 - [MESSAGE][PASSED] - Browser is opened with url: ''

2022-10-10 15:39:01 - [TEST_STEP][PASSED] - navigateToUrl("https://lab.everleagues.com/"): Navigate to 'https://lab.everleagues.com/' successfully

2022-10-10 15:39:33 - [MESSAGE][PASSED] - Navigate to 'https://lab.everleagues.com/' successfully

2022-10-10 15:39:33 - [TEST_STEP][PASSED] - maximizeWindow(): Current window maximized

2022-10-10 15:39:33 - [MESSAGE][PASSED] - Current window maximized

2022-10-10 15:39:33 - [TEST_STEP][PASSED] - setText(findTestObject("02-Side Icons(Organization)/Add Contact/Email Field"), "autotester10@mailinator.com"): Text 'autotester10@mailinator.com' is set on object 'Object Repository/02-Side Icons(Organization)/Add Contact/Email Field'

2022-10-10 15:39:34 - [MESSAGE][PASSED] - Text 'autotester10@mailinator.com' is set on object 'Object Repository/02-Side Icons(Organization)/Add Contact/Email Field'

2022-10-10 15:39:34 - [TEST_STEP][PASSED] - setEncryptedText(findTestObject("02-Side Icons(Organization)/Add Contact/Password Field"), "8yFRyszE6U6jvsCn51OQbg=="): Text ****** has been set on object 'Object Repository/02-Side Icons(Organization)/Add Contact/Password Field'

2022-10-10 15:39:34 - [MESSAGE][PASSED] - Text ****** has been set on object 'Object Repository/02-Side Icons(Organization)/Add Contact/Password Field'

2022-10-10 15:39:34 - [TEST_STEP][PASSED] - click(findTestObject("02-Side Icons(Organization)/Add Contact/button_Sign in")): Object: 'Object Repository/02-Side Icons(Organization)/Add Contact/button_Sign in' is clicked on

2022-10-10 15:39:35 - [MESSAGE][PASSED] - Object: 'Object Repository/02-Side Icons(Organization)/Add Contact/button_Sign in' is clicked on

2022-10-10 15:39:35 - [TEST_STEP][PASSED] - delay(2): Delayed 2 second(s)

2022-10-10 15:39:37 - [MESSAGE][PASSED] - Delayed 2 second(s)

2022-10-10 15:39:37 - [TEST_STEP][PASSED] - click(findTestObject("06-Teams/For 2FA/button_Confirm_2FA")): Object: 'Object Repository/06-Teams/For 2FA/button_Confirm_2FA' is clicked on

2022-10-10 15:39:38 - [MESSAGE][PASSED] - Object: 'Object Repository/06-Teams/For 2FA/button_Confirm_2FA' is clicked on

2022-10-10 15:39:38 - [TEST_STEP][PASSED] - executeJavaScript("window.open();", []): Execute JavaScript 'window.open();' successfully

2022-10-10 15:39:38 - [MESSAGE][PASSED] - Execute JavaScript 'window.open();' successfully

2022-10-10 15:39:38 - [TEST_STEP][PASSED] - currentWindow = getWindowIndex(): Current window's index is: 0

2022-10-10 15:39:38 - [MESSAGE][PASSED] - Current window's index is: 0

2022-10-10 15:39:38 - [TEST_STEP][PASSED] - delay(3): Delayed 3 second(s)

2022-10-10 15:39:41 - [MESSAGE][PASSED] - Delayed 3 second(s)

2022-10-10 15:39:41 - [TEST_STEP][PASSED] - switchToWindowIndex(currentWindow + 1): Switched to window with index: '1'

2022-10-10 15:39:41 - [MESSAGE][PASSED] - Switched to window with index: '1'

2022-10-10 15:39:41 - [TEST_STEP][PASSED] - navigateToUrl("https://www.mailinator.com/"): Navigate to 'https://www.mailinator.com/' successfully

2022-10-10 15:39:43 - [MESSAGE][PASSED] - Navigate to 'https://www.mailinator.com/' successfully

2022-10-10 15:39:43 - [TEST_STEP][PASSED] - delay(3): Delayed 3 second(s)

2022-10-10 15:39:46 - [MESSAGE][PASSED] - Delayed 3 second(s)

2022-10-10 15:39:46 - [TEST_STEP][PASSED] - setText(findTestObject("00-Signup and Activation/zMailinator/input_LOGIN_search"), "autotester10@mailinator.com"): Text 'autotester10@mailinator.com' is set on object 'Object Repository/00-Signup and Activation/zMailinator/input_LOGIN_search'

2022-10-10 15:39:47 - [MESSAGE][PASSED] - Text 'autotester10@mailinator.com' is set on object 'Object Repository/00-Signup and Activation/zMailinator/input_LOGIN_search'

2022-10-10 15:39:47 - [TEST_STEP][PASSED] - click(findTestObject("00-Signup and Activation/zMailinator/gobutton"), STOP_ON_FAILURE): Object: 'Object Repository/00-Signup and Activation/zMailinator/gobutton' is clicked on

2022-10-10 15:39:48 - [MESSAGE][PASSED] - Object: 'Object Repository/00-Signup and Activation/zMailinator/gobutton' is clicked on

2022-10-10 15:39:48 - [TEST_STEP][PASSED] - delay(3): Delayed 3 second(s)

2022-10-10 15:39:51 - [MESSAGE][PASSED] - Delayed 3 second(s)

2022-10-10 15:39:51 - [TEST_STEP][PASSED] - click(findTestObject("00-Signup and Activation/zMailinator/Email - everleagues")): Object: 'Object Repository/00-Signup and Activation/zMailinator/Email - everleagues' is clicked on

2022-10-10 15:39:52 - [MESSAGE][PASSED] - Object: 'Object Repository/00-Signup and Activation/zMailinator/Email - everleagues' is clicked on

2022-10-10 15:39:52 - [TEST_STEP][PASSED] - delay(3): Delayed 3 second(s)

2022-10-10 15:39:55 - [MESSAGE][PASSED] - Delayed 3 second(s)

2022-10-10 15:39:55 - [TEST_STEP][PASSED] - codetwo = getText(findTestObject("Object Repository/06-Teams/For 2FA/2FA code")): Text of object 'Object Repository/06-Teams/For 2FA/2FA code' is: '454890'

2022-10-10 15:39:55 - [MESSAGE][PASSED] - Text of object 'Object Repository/06-Teams/For 2FA/2FA code' is: '454890'

2022-10-10 15:39:55 - [TEST_STEP][PASSED] - delay(3): Delayed 3 second(s)

2022-10-10 15:39:58 - [MESSAGE][PASSED] - Delayed 3 second(s)

2022-10-10 15:39:58 - [TEST_STEP][PASSED] - closeWindowTitle("Mailinator"): Window with title: 'Mailinator' is closed

2022-10-10 15:39:58 - [MESSAGE][PASSED] - Window with title: 'Mailinator' is closed

2022-10-10 15:39:58 - [TEST_STEP][PASSED] - delay(3): Delayed 3 second(s)

2022-10-10 15:40:01 - [MESSAGE][PASSED] - Delayed 3 second(s)

2022-10-10 15:40:01 - [TEST_STEP][PASSED] - switchToWindowIndex(0): Switched to window with index: '0'

2022-10-10 15:40:01 - [MESSAGE][PASSED] - Switched to window with index: '0'

2022-10-10 15:40:01 - [TEST_STEP][PASSED] - delay(3): Delayed 3 second(s)

2022-10-10 15:40:04 - [MESSAGE][PASSED] - Delayed 3 second(s)

2022-10-10 15:40:04 - [TEST_STEP][PASSED] - setText(findTestObject("Object Repository/06-Teams/For 2FA/input_Enter verification code_code"), codetwo): Text '454890' is set on object 'Object Repository/06-Teams/For 2FA/input_Enter verification code_code'

2022-10-10 15:40:05 - [MESSAGE][PASSED] - Text '454890' is set on object 'Object Repository/06-Teams/For 2FA/input_Enter verification code_code'

2022-10-10 15:40:05 - [TEST_STEP][PASSED] - delay(3): Delayed 3 second(s)

2022-10-10 15:40:08 - [MESSAGE][PASSED] - Delayed 3 second(s)

2022-10-10 15:40:08 - [TEST_STEP][PASSED] - click(findTestObject("06-Teams/For 2FA/button_Verify_2FA")): Object: 'Object Repository/06-Teams/For 2FA/button_Verify_2FA' is clicked on

2022-10-10 15:40:09 - [MESSAGE][PASSED] - Object: 'Object Repository/06-Teams/For 2FA/button_Verify_2FA' is clicked on

2022-10-10 15:40:09 - [TEST_STEP][PASSED] - delay(5): Delayed 5 second(s)

2022-10-10 15:40:14 - [MESSAGE][PASSED] - Delayed 5 second(s)

2022-10-10 15:40:14 - [TEST_STEP][PASSED] - executeJavaScript("window.open();", []): Execute JavaScript 'window.open();' successfully

2022-10-10 15:40:14 - [MESSAGE][PASSED] - Execute JavaScript 'window.open();' successfully

2022-10-10 15:40:14 - [TEST_STEP][PASSED] - currentWindow = getWindowIndex(): Current window's index is: 0

2022-10-10 15:40:14 - [MESSAGE][PASSED] - Current window's index is: 0

2022-10-10 15:40:14 - [TEST_STEP][PASSED] - delay(3): Delayed 3 second(s)

2022-10-10 15:40:17 - [MESSAGE][PASSED] - Delayed 3 second(s)

2022-10-10 15:40:17 - [TEST_STEP][PASSED] - switchToWindowIndex(currentWindow + 1): Switched to window with index: '1'

2022-10-10 15:40:17 - [MESSAGE][PASSED] - Switched to window with index: '1'

2022-10-10 15:40:17 - [TEST_STEP][PASSED] - navigateToUrl("https://www.mailinator.com/"): Navigate to 'https://www.mailinator.com/' successfully

2022-10-10 15:40:18 - [MESSAGE][PASSED] - Navigate to 'https://www.mailinator.com/' successfully

2022-10-10 15:40:18 - [TEST_STEP][PASSED] - delay(3): Delayed 3 second(s)

2022-10-10 15:40:21 - [MESSAGE][PASSED] - Delayed 3 second(s)

2022-10-10 15:40:21 - [TEST_STEP][PASSED] - setText(findTestObject("00-Signup and Activation/zMailinator/input_LOGIN_search"), "autotester10@mailinator.com"): Text 'autotester10@mailinator.com' is set on object 'Object Repository/00-Signup and Activation/zMailinator/input_LOGIN_search'

2022-10-10 15:40:22 - [MESSAGE][PASSED] - Text 'autotester10@mailinator.com' is set on object 'Object Repository/00-Signup and Activation/zMailinator/input_LOGIN_search'

2022-10-10 15:40:22 - [TEST_STEP][PASSED] - click(findTestObject("00-Signup and Activation/zMailinator/gobutton"), STOP_ON_FAILURE): Object: 'Object Repository/00-Signup and Activation/zMailinator/gobutton' is clicked on

2022-10-10 15:40:23 - [MESSAGE][PASSED] - Object: 'Object Repository/00-Signup and Activation/zMailinator/gobutton' is clicked on

2022-10-10 15:40:23 - [TEST_STEP][PASSED] - delay(3): Delayed 3 second(s)

2022-10-10 15:40:26 - [MESSAGE][PASSED] - Delayed 3 second(s)

2022-10-10 15:40:26 - [TEST_STEP][PASSED] - closeWindowTitle("Everleagues"): Window with title: 'Everleagues' is closed

2022-10-10 15:40:26 - [MESSAGE][PASSED] - Window with title: 'Everleagues' is closed

2022-10-10 15:40:26 - [TEST_STEP][PASSED] - switchToWindowIndex(0): Switched to window with index: '0'

2022-10-10 15:40:26 - [MESSAGE][PASSED] - Switched to window with index: '0'

2022-10-10 15:40:26 - [TEST_STEP][PASSED] - click(findTestObject("09-Settings/Users/Co worker/td_Invitation from GG Automation")): Object: 'Object Repository/09-Settings/Users/Co worker/td_Invitation from GG Automation' is clicked on

2022-10-10 15:40:27 - [MESSAGE][PASSED] - Object: 'Object Repository/09-Settings/Users/Co worker/td_Invitation from GG Automation' is clicked on

2022-10-10 15:40:27 - [TEST_STEP][PASSED] - click(findTestObject("09-Settings/Users/Co worker/a_Click here to join GG Automation on EverLeagues")): Object: 'Object Repository/09-Settings/Users/Co worker/a_Click here to join GG Automation on EverLeagues' is clicked on

2022-10-10 15:40:27 - [MESSAGE][PASSED] - Object: 'Object Repository/09-Settings/Users/Co worker/a_Click here to join GG Automation on EverLeagues' is clicked on

2022-10-10 15:40:27 - [TEST_STEP][PASSED] - closeWindowTitle("Mailinator"): Window with title: 'Mailinator' is closed

2022-10-10 15:40:28 - [MESSAGE][PASSED] - Window with title: 'Mailinator' is closed

2022-10-10 15:40:28 - [TEST_STEP][PASSED] - switchToWindowIndex(0): Switched to window with index: '0'

2022-10-10 15:40:28 - [MESSAGE][PASSED] - Switched to window with index: '0'

2022-10-10 15:40:28 - [TEST_STEP][PASSED] - verifyElementVisible(findTestObject("09-Settings/Users/Client/Invite modal")): Object 'Object Repository/09-Settings/Users/Client/Invite modal' is visible

2022-10-10 15:40:33 - [MESSAGE][PASSED] - Object 'Object Repository/09-Settings/Users/Client/Invite modal' is visible

2022-10-10 15:40:33 - [TEST_STEP][PASSED] - setText(findTestObject("09-Settings/Users/Client/Company field"), "QA Company"): Text 'QA Company' is set on object 'Object Repository/09-Settings/Users/Client/Company field'

2022-10-10 15:40:34 - [MESSAGE][PASSED] - Text 'QA Company' is set on object 'Object Repository/09-Settings/Users/Client/Company field'

2022-10-10 15:40:34 - [TEST_STEP][PASSED] - click(findTestObject("09-Settings/Users/Client/button_Accept")): Object: 'Object Repository/09-Settings/Users/Client/button_Accept' is clicked on

2022-10-10 15:40:35 - [MESSAGE][PASSED] - Object: 'Object Repository/09-Settings/Users/Client/button_Accept' is clicked on

2022-10-10 15:40:35 - [TEST_STEP][PASSED] - delay(10): Delayed 10 second(s)

2022-10-10 15:40:45 - [MESSAGE][PASSED] - Delayed 10 second(s)

2022-10-10 15:40:45 - [TEST_STEP][PASSED] - verifyElementVisible(findTestObject("09-Settings/Users/div_Joined as Partner")): Object 'Object Repository/09-Settings/Users/div_Joined as Partner' is visible

2022-10-10 15:40:45 - [MESSAGE][PASSED] - Object 'Object Repository/09-Settings/Users/div_Joined as Partner' is visible

2022-10-10 15:40:45 - [TEST_STEP][PASSED] - delay(3): Delayed 3 second(s)

2022-10-10 15:40:48 - [MESSAGE][PASSED] - Delayed 3 second(s)

2022-10-10 15:40:48 - [TEST_STEP][PASSED] - closeBrowser(): Browser is closed

2022-10-10 15:40:49 - [MESSAGE][PASSED] - Browser is closed]]></system-out>
         <system-err><![CDATA[]]></system-err>
      </testcase>
      <testcase name="Test Cases/09-Settings/05 - Users (Invite batch of users via CSV file)" time="146.458" classname="Test Cases/09-Settings/05 - Users (Invite batch of users via CSV file)" status="FAILED">
         <failure type="FAILED" message="Test Cases/09-Settings/05 - Users (Invite batch of users via CSV file) FAILED.
Reason:
com.kms.katalon.core.exception.StepFailedException: Unable to verify object 'Object Repository/09-Settings/Users/CSV Invite/div_Partner' is visible
	at com.kms.katalon.core.webui.keyword.internal.WebUIKeywordMain.stepFailed(WebUIKeywordMain.groovy:64)
	at com.kms.katalon.core.webui.keyword.internal.WebUIKeywordMain.runKeyword(WebUIKeywordMain.groovy:26)
	at com.kms.katalon.core.webui.keyword.builtin.VerifyElementVisibleKeyword.verifyElementVisible(VerifyElementVisibleKeyword.groovy:97)
	at com.kms.katalon.core.webui.keyword.builtin.VerifyElementVisibleKeyword.execute(VerifyElementVisibleKeyword.groovy:67)
	at com.kms.katalon.core.keyword.internal.KeywordExecutor.executeKeywordForPlatform(KeywordExecutor.groovy:74)
	at com.kms.katalon.core.webui.keyword.WebUiBuiltInKeywords.verifyElementVisible(WebUiBuiltInKeywords.groovy:376)
	at com.kms.katalon.core.webui.keyword.WebUiBuiltInKeywords$verifyElementVisible$11.call(Unknown Source)
	at 05 - Users (Invite batch of users via CSV file).run(05 - Users (Invite batch of users via CSV file):133)
	at com.kms.katalon.core.main.ScriptEngine.run(ScriptEngine.java:194)
	at com.kms.katalon.core.main.ScriptEngine.runScriptAsRawText(ScriptEngine.java:119)
	at com.kms.katalon.core.main.TestCaseExecutor.runScript(TestCaseExecutor.java:448)
	at com.kms.katalon.core.main.TestCaseExecutor.doExecute(TestCaseExecutor.java:439)
	at com.kms.katalon.core.main.TestCaseExecutor.processExecutionPhase(TestCaseExecutor.java:418)
	at com.kms.katalon.core.main.TestCaseExecutor.accessMainPhase(TestCaseExecutor.java:410)
	at com.kms.katalon.core.main.TestCaseExecutor.execute(TestCaseExecutor.java:285)
	at com.kms.katalon.core.common.CommonExecutor.accessTestCaseMainPhase(CommonExecutor.java:65)
	at com.kms.katalon.core.main.TestSuiteExecutor.accessTestSuiteMainPhase(TestSuiteExecutor.java:144)
	at com.kms.katalon.core.main.TestSuiteExecutor.execute(TestSuiteExecutor.java:106)
	at com.kms.katalon.core.main.TestCaseMain.startTestSuite(TestCaseMain.java:185)
	at com.kms.katalon.core.main.TestCaseMain$startTestSuite$0.call(Unknown Source)
	at TempTestSuite1665386659607.run(TempTestSuite1665386659607.groovy:36)
Caused by: com.kms.katalon.core.exception.StepFailedException: Web element with id: 'Object Repository/09-Settings/Users/CSV Invite/div_Partner' located by '//div[@class = 'td-data-table-cell-content-wrapper' and (text() = 'Partner' or . = 'Partner')]' not found
	at com.kms.katalon.core.webui.keyword.internal.WebUIKeywordMain.stepFailed(WebUIKeywordMain.groovy:64)
	at com.kms.katalon.core.webui.keyword.builtin.VerifyElementVisibleKeyword$_verifyElementVisible_closure1.doCall(VerifyElementVisibleKeyword.groovy:89)
	at com.kms.katalon.core.webui.keyword.builtin.VerifyElementVisibleKeyword$_verifyElementVisible_closure1.call(VerifyElementVisibleKeyword.groovy)
	at com.kms.katalon.core.webui.keyword.internal.WebUIKeywordMain.runKeyword(WebUIKeywordMain.groovy:20)
	... 19 more
"/>
         <system-out><![CDATA[2022-10-10 15:40:49 - [TEST_CASE][FAILED] - Test Cases/09-Settings/05 - Users (Invite batch of users via CSV file): Test Cases/09-Settings/05 - Users (Invite batch of users via CSV file) FAILED.
Reason:
com.kms.katalon.core.exception.StepFailedException: Unable to verify object 'Object Repository/09-Settings/Users/CSV Invite/div_Partner' is visible
	at com.kms.katalon.core.webui.keyword.internal.WebUIKeywordMain.stepFailed(WebUIKeywordMain.groovy:64)
	at com.kms.katalon.core.webui.keyword.internal.WebUIKeywordMain.runKeyword(WebUIKeywordMain.groovy:26)
	at com.kms.katalon.core.webui.keyword.builtin.VerifyElementVisibleKeyword.verifyElementVisible(VerifyElementVisibleKeyword.groovy:97)
	at com.kms.katalon.core.webui.keyword.builtin.VerifyElementVisibleKeyword.execute(VerifyElementVisibleKeyword.groovy:67)
	at com.kms.katalon.core.keyword.internal.KeywordExecutor.executeKeywordForPlatform(KeywordExecutor.groovy:74)
	at com.kms.katalon.core.webui.keyword.WebUiBuiltInKeywords.verifyElementVisible(WebUiBuiltInKeywords.groovy:376)
	at com.kms.katalon.core.webui.keyword.WebUiBuiltInKeywords$verifyElementVisible$11.call(Unknown Source)
	at 05 - Users (Invite batch of users via CSV file).run(05 - Users (Invite batch of users via CSV file):133)
	at com.kms.katalon.core.main.ScriptEngine.run(ScriptEngine.java:194)
	at com.kms.katalon.core.main.ScriptEngine.runScriptAsRawText(ScriptEngine.java:119)
	at com.kms.katalon.core.main.TestCaseExecutor.runScript(TestCaseExecutor.java:448)
	at com.kms.katalon.core.main.TestCaseExecutor.doExecute(TestCaseExecutor.java:439)
	at com.kms.katalon.core.main.TestCaseExecutor.processExecutionPhase(TestCaseExecutor.java:418)
	at com.kms.katalon.core.main.TestCaseExecutor.accessMainPhase(TestCaseExecutor.java:410)
	at com.kms.katalon.core.main.TestCaseExecutor.execute(TestCaseExecutor.java:285)
	at com.kms.katalon.core.common.CommonExecutor.accessTestCaseMainPhase(CommonExecutor.java:65)
	at com.kms.katalon.core.main.TestSuiteExecutor.accessTestSuiteMainPhase(TestSuiteExecutor.java:144)
	at com.kms.katalon.core.main.TestSuiteExecutor.execute(TestSuiteExecutor.java:106)
	at com.kms.katalon.core.main.TestCaseMain.startTestSuite(TestCaseMain.java:185)
	at com.kms.katalon.core.main.TestCaseMain$startTestSuite$0.call(Unknown Source)
	at TempTestSuite1665386659607.run(TempTestSuite1665386659607.groovy:36)
Caused by: com.kms.katalon.core.exception.StepFailedException: Web element with id: 'Object Repository/09-Settings/Users/CSV Invite/div_Partner' located by '//div[@class = 'td-data-table-cell-content-wrapper' and (text() = 'Partner' or . = 'Partner')]' not found
	at com.kms.katalon.core.webui.keyword.internal.WebUIKeywordMain.stepFailed(WebUIKeywordMain.groovy:64)
	at com.kms.katalon.core.webui.keyword.builtin.VerifyElementVisibleKeyword$_verifyElementVisible_closure1.doCall(VerifyElementVisibleKeyword.groovy:89)
	at com.kms.katalon.core.webui.keyword.builtin.VerifyElementVisibleKeyword$_verifyElementVisible_closure1.call(VerifyElementVisibleKeyword.groovy)
	at com.kms.katalon.core.webui.keyword.internal.WebUIKeywordMain.runKeyword(WebUIKeywordMain.groovy:20)
	... 19 more


2022-10-10 15:40:49 - [TEST_STEP][PASSED] - openBrowser(""): Browser is opened with url: ''

2022-10-10 15:40:49 - [MESSAGE][INFO] - Starting 'Chrome' driver

2022-10-10 15:40:49 - [MESSAGE][INFO] - Action delay is set to 0 milliseconds

2022-10-10 15:40:50 - [MESSAGE][PASSED] - Browser is opened with url: ''

2022-10-10 15:40:50 - [TEST_STEP][PASSED] - navigateToUrl("https://lab.everleagues.com/"): Navigate to 'https://lab.everleagues.com/' successfully

2022-10-10 15:41:07 - [MESSAGE][PASSED] - Navigate to 'https://lab.everleagues.com/' successfully

2022-10-10 15:41:07 - [TEST_STEP][PASSED] - maximizeWindow(): Current window maximized

2022-10-10 15:41:07 - [MESSAGE][PASSED] - Current window maximized

2022-10-10 15:41:07 - [TEST_STEP][PASSED] - setText(findTestObject("02-Side Icons(Organization)/Add Contact/Email Field"), "testuser02@mailinator.com"): Text 'testuser02@mailinator.com' is set on object 'Object Repository/02-Side Icons(Organization)/Add Contact/Email Field'

2022-10-10 15:41:08 - [MESSAGE][PASSED] - Text 'testuser02@mailinator.com' is set on object 'Object Repository/02-Side Icons(Organization)/Add Contact/Email Field'

2022-10-10 15:41:08 - [TEST_STEP][PASSED] - setEncryptedText(findTestObject("02-Side Icons(Organization)/Add Contact/Password Field"), "8yFRyszE6U6jvsCn51OQbg=="): Text ****** has been set on object 'Object Repository/02-Side Icons(Organization)/Add Contact/Password Field'

2022-10-10 15:41:08 - [MESSAGE][PASSED] - Text ****** has been set on object 'Object Repository/02-Side Icons(Organization)/Add Contact/Password Field'

2022-10-10 15:41:08 - [TEST_STEP][PASSED] - click(findTestObject("02-Side Icons(Organization)/Add Contact/button_Sign in")): Object: 'Object Repository/02-Side Icons(Organization)/Add Contact/button_Sign in' is clicked on

2022-10-10 15:41:09 - [MESSAGE][PASSED] - Object: 'Object Repository/02-Side Icons(Organization)/Add Contact/button_Sign in' is clicked on

2022-10-10 15:41:09 - [TEST_STEP][PASSED] - delay(2): Delayed 2 second(s)

2022-10-10 15:41:11 - [MESSAGE][PASSED] - Delayed 2 second(s)

2022-10-10 15:41:11 - [TEST_STEP][PASSED] - click(findTestObject("06-Teams/For 2FA/button_Confirm_2FA")): Object: 'Object Repository/06-Teams/For 2FA/button_Confirm_2FA' is clicked on

2022-10-10 15:41:11 - [MESSAGE][PASSED] - Object: 'Object Repository/06-Teams/For 2FA/button_Confirm_2FA' is clicked on

2022-10-10 15:41:11 - [TEST_STEP][PASSED] - executeJavaScript("window.open();", []): Execute JavaScript 'window.open();' successfully

2022-10-10 15:41:11 - [MESSAGE][PASSED] - Execute JavaScript 'window.open();' successfully

2022-10-10 15:41:11 - [TEST_STEP][PASSED] - currentWindow = getWindowIndex(): Current window's index is: 0

2022-10-10 15:41:11 - [MESSAGE][PASSED] - Current window's index is: 0

2022-10-10 15:41:11 - [TEST_STEP][PASSED] - delay(3): Delayed 3 second(s)

2022-10-10 15:41:14 - [MESSAGE][PASSED] - Delayed 3 second(s)

2022-10-10 15:41:14 - [TEST_STEP][PASSED] - switchToWindowIndex(currentWindow + 1): Switched to window with index: '1'

2022-10-10 15:41:14 - [MESSAGE][PASSED] - Switched to window with index: '1'

2022-10-10 15:41:14 - [TEST_STEP][PASSED] - navigateToUrl("https://www.mailinator.com/"): Navigate to 'https://www.mailinator.com/' successfully

2022-10-10 15:41:16 - [MESSAGE][PASSED] - Navigate to 'https://www.mailinator.com/' successfully

2022-10-10 15:41:16 - [TEST_STEP][PASSED] - delay(3): Delayed 3 second(s)

2022-10-10 15:41:19 - [MESSAGE][PASSED] - Delayed 3 second(s)

2022-10-10 15:41:19 - [TEST_STEP][PASSED] - setText(findTestObject("00-Signup and Activation/zMailinator/input_LOGIN_search"), "testuser02@mailinator.com"): Text 'testuser02@mailinator.com' is set on object 'Object Repository/00-Signup and Activation/zMailinator/input_LOGIN_search'

2022-10-10 15:41:20 - [MESSAGE][PASSED] - Text 'testuser02@mailinator.com' is set on object 'Object Repository/00-Signup and Activation/zMailinator/input_LOGIN_search'

2022-10-10 15:41:20 - [TEST_STEP][PASSED] - click(findTestObject("00-Signup and Activation/zMailinator/gobutton"), STOP_ON_FAILURE): Object: 'Object Repository/00-Signup and Activation/zMailinator/gobutton' is clicked on

2022-10-10 15:41:21 - [MESSAGE][PASSED] - Object: 'Object Repository/00-Signup and Activation/zMailinator/gobutton' is clicked on

2022-10-10 15:41:21 - [TEST_STEP][PASSED] - delay(3): Delayed 3 second(s)

2022-10-10 15:41:24 - [MESSAGE][PASSED] - Delayed 3 second(s)

2022-10-10 15:41:24 - [TEST_STEP][PASSED] - click(findTestObject("00-Signup and Activation/zMailinator/Email - everleagues")): Object: 'Object Repository/00-Signup and Activation/zMailinator/Email - everleagues' is clicked on

2022-10-10 15:41:24 - [MESSAGE][PASSED] - Object: 'Object Repository/00-Signup and Activation/zMailinator/Email - everleagues' is clicked on

2022-10-10 15:41:24 - [TEST_STEP][PASSED] - delay(3): Delayed 3 second(s)

2022-10-10 15:41:28 - [MESSAGE][PASSED] - Delayed 3 second(s)

2022-10-10 15:41:28 - [TEST_STEP][PASSED] - code = getText(findTestObject("Object Repository/06-Teams/For 2FA/2FA code")): Text of object 'Object Repository/06-Teams/For 2FA/2FA code' is: '717463'

2022-10-10 15:41:28 - [MESSAGE][PASSED] - Text of object 'Object Repository/06-Teams/For 2FA/2FA code' is: '717463'

2022-10-10 15:41:28 - [TEST_STEP][PASSED] - delay(3): Delayed 3 second(s)

2022-10-10 15:41:31 - [MESSAGE][PASSED] - Delayed 3 second(s)

2022-10-10 15:41:31 - [TEST_STEP][PASSED] - closeWindowTitle("Mailinator"): Window with title: 'Mailinator' is closed

2022-10-10 15:41:31 - [MESSAGE][PASSED] - Window with title: 'Mailinator' is closed

2022-10-10 15:41:31 - [TEST_STEP][PASSED] - delay(3): Delayed 3 second(s)

2022-10-10 15:41:34 - [MESSAGE][PASSED] - Delayed 3 second(s)

2022-10-10 15:41:34 - [TEST_STEP][PASSED] - switchToWindowIndex(0): Switched to window with index: '0'

2022-10-10 15:41:34 - [MESSAGE][PASSED] - Switched to window with index: '0'

2022-10-10 15:41:34 - [TEST_STEP][PASSED] - delay(3): Delayed 3 second(s)

2022-10-10 15:41:37 - [MESSAGE][PASSED] - Delayed 3 second(s)

2022-10-10 15:41:37 - [TEST_STEP][PASSED] - setText(findTestObject("Object Repository/06-Teams/For 2FA/input_Enter verification code_code"), code): Text '717463' is set on object 'Object Repository/06-Teams/For 2FA/input_Enter verification code_code'

2022-10-10 15:41:38 - [MESSAGE][PASSED] - Text '717463' is set on object 'Object Repository/06-Teams/For 2FA/input_Enter verification code_code'

2022-10-10 15:41:38 - [TEST_STEP][PASSED] - delay(3): Delayed 3 second(s)

2022-10-10 15:41:41 - [MESSAGE][PASSED] - Delayed 3 second(s)

2022-10-10 15:41:41 - [TEST_STEP][PASSED] - click(findTestObject("06-Teams/For 2FA/button_Verify_2FA")): Object: 'Object Repository/06-Teams/For 2FA/button_Verify_2FA' is clicked on

2022-10-10 15:41:42 - [MESSAGE][PASSED] - Object: 'Object Repository/06-Teams/For 2FA/button_Verify_2FA' is clicked on

2022-10-10 15:41:42 - [TEST_STEP][PASSED] - delay(5): Delayed 5 second(s)

2022-10-10 15:41:47 - [MESSAGE][PASSED] - Delayed 5 second(s)

2022-10-10 15:41:47 - [TEST_STEP][PASSED] - click(findTestObject("06-Teams/button_doublearrow")): Object: 'Object Repository/06-Teams/button_doublearrow' is clicked on

2022-10-10 15:41:47 - [MESSAGE][PASSED] - Object: 'Object Repository/06-Teams/button_doublearrow' is clicked on

2022-10-10 15:41:47 - [TEST_STEP][PASSED] - click(findTestObject("06-Teams/button_My Organizations")): Object: 'Object Repository/06-Teams/button_My Organizations' is clicked on

2022-10-10 15:41:48 - [MESSAGE][PASSED] - Object: 'Object Repository/06-Teams/button_My Organizations' is clicked on

2022-10-10 15:41:48 - [TEST_STEP][PASSED] - click(findTestObject("06-Teams/button_GG Automation")): Object: 'Object Repository/06-Teams/button_GG Automation' is clicked on

2022-10-10 15:41:49 - [MESSAGE][PASSED] - Object: 'Object Repository/06-Teams/button_GG Automation' is clicked on

2022-10-10 15:41:49 - [TEST_STEP][PASSED] - delay(4): Delayed 4 second(s)

2022-10-10 15:41:53 - [MESSAGE][PASSED] - Delayed 4 second(s)

2022-10-10 15:41:53 - [TEST_STEP][PASSED] - verifyElementVisible(findTestObject("06-Teams/span_GG Automation")): Object 'Object Repository/06-Teams/span_GG Automation' is visible

2022-10-10 15:41:53 - [MESSAGE][PASSED] - Object 'Object Repository/06-Teams/span_GG Automation' is visible

2022-10-10 15:41:53 - [TEST_STEP][PASSED] - delay(10): Delayed 10 second(s)

2022-10-10 15:42:03 - [MESSAGE][PASSED] - Delayed 10 second(s)

2022-10-10 15:42:03 - [TEST_STEP][PASSED] - click(findTestObject("03-Header Menu/Hamburger Button/div_Settings")): Object: 'Object Repository/03-Header Menu/Hamburger Button/div_Settings' is clicked on

2022-10-10 15:42:04 - [MESSAGE][PASSED] - Object: 'Object Repository/03-Header Menu/Hamburger Button/div_Settings' is clicked on

2022-10-10 15:42:04 - [TEST_STEP][PASSED] - delay(3): Delayed 3 second(s)

2022-10-10 15:42:07 - [MESSAGE][PASSED] - Delayed 3 second(s)

2022-10-10 15:42:07 - [TEST_STEP][PASSED] - click(findTestObject("09-Settings/Users/div_Users")): Object: 'Object Repository/09-Settings/Users/div_Users' is clicked on

2022-10-10 15:42:07 - [MESSAGE][PASSED] - Object: 'Object Repository/09-Settings/Users/div_Users' is clicked on

2022-10-10 15:42:07 - [TEST_STEP][PASSED] - delay(3): Delayed 3 second(s)

2022-10-10 15:42:10 - [MESSAGE][PASSED] - Delayed 3 second(s)

2022-10-10 15:42:10 - [TEST_STEP][PASSED] - click(findTestObject("09-Settings/Users/button_add")): Object: 'Object Repository/09-Settings/Users/button_add' is clicked on

2022-10-10 15:42:11 - [MESSAGE][PASSED] - Object: 'Object Repository/09-Settings/Users/button_add' is clicked on

2022-10-10 15:42:11 - [TEST_STEP][PASSED] - delay(3): Delayed 3 second(s)

2022-10-10 15:42:14 - [MESSAGE][PASSED] - Delayed 3 second(s)

2022-10-10 15:42:14 - [TEST_STEP][PASSED] - click(findTestObject("09-Settings/Users/Invite batch of users via CSV file")): Object: 'Object Repository/09-Settings/Users/Invite batch of users via CSV file' is clicked on

2022-10-10 15:42:14 - [MESSAGE][PASSED] - Object: 'Object Repository/09-Settings/Users/Invite batch of users via CSV file' is clicked on

2022-10-10 15:42:14 - [TEST_STEP][PASSED] - verifyElementVisible(findTestObject("09-Settings/Users/CSV Invite/Import CSV File modal")): Object 'Object Repository/09-Settings/Users/CSV Invite/Import CSV File modal' is visible

2022-10-10 15:42:15 - [MESSAGE][PASSED] - Object 'Object Repository/09-Settings/Users/CSV Invite/Import CSV File modal' is visible

2022-10-10 15:42:15 - [TEST_STEP][PASSED] - verifyElementNotClickable(findTestObject("09-Settings/Users/CSV Invite/button_Import")): Object 'Object Repository/09-Settings/Users/CSV Invite/button_Import' is NOT clickable

2022-10-10 15:42:15 - [MESSAGE][PASSED] - Object 'Object Repository/09-Settings/Users/CSV Invite/button_Import' is NOT clickable

2022-10-10 15:42:15 - [TEST_STEP][PASSED] - delay(3): Delayed 3 second(s)

2022-10-10 15:42:18 - [MESSAGE][PASSED] - Delayed 3 second(s)

2022-10-10 15:42:18 - [TEST_STEP][PASSED] - uploadpackage.Upload.uploadFile(findTestObject("Object Repository/09-Settings/Users/CSV Invite/button_Choose File"), "C:\Users\User\Desktop\EL automation\sample csv.csv"): uploadpackage.Upload.uploadFile is PASSED

2022-10-10 15:42:19 - [MESSAGE][PASSED] - Object: 'Object Repository/09-Settings/Users/CSV Invite/button_Choose File' is clicked on

2022-10-10 15:42:19 - [MESSAGE][PASSED] - uploadpackage.Upload.uploadFile is PASSED

2022-10-10 15:42:19 - [TEST_STEP][PASSED] - delay(3): Delayed 3 second(s)

2022-10-10 15:42:22 - [MESSAGE][PASSED] - Delayed 3 second(s)

2022-10-10 15:42:22 - [TEST_STEP][PASSED] - verifyElementVisible(findTestObject("09-Settings/Users/CSV Invite/div_Sample csv.csv")): Object 'Object Repository/09-Settings/Users/CSV Invite/div_Sample csv.csv' is visible

2022-10-10 15:42:27 - [MESSAGE][PASSED] - Object 'Object Repository/09-Settings/Users/CSV Invite/div_Sample csv.csv' is visible

2022-10-10 15:42:27 - [TEST_STEP][PASSED] - click(findTestObject("09-Settings/Users/CSV Invite/button_Import")): Object: 'Object Repository/09-Settings/Users/CSV Invite/button_Import' is clicked on

2022-10-10 15:42:28 - [MESSAGE][PASSED] - Object: 'Object Repository/09-Settings/Users/CSV Invite/button_Import' is clicked on

2022-10-10 15:42:28 - [TEST_STEP][PASSED] - delay(10): Delayed 10 second(s)

2022-10-10 15:42:38 - [MESSAGE][PASSED] - Delayed 10 second(s)

2022-10-10 15:42:38 - [TEST_STEP][PASSED] - verifyElementVisible(findTestObject("09-Settings/Users/CSV Invite/Success import modal")): Object 'Object Repository/09-Settings/Users/CSV Invite/Success import modal' is visible

2022-10-10 15:42:38 - [MESSAGE][PASSED] - Object 'Object Repository/09-Settings/Users/CSV Invite/Success import modal' is visible

2022-10-10 15:42:38 - [TEST_STEP][PASSED] - click(findTestObject("09-Settings/Users/CSV Invite/button_Close")): Object: 'Object Repository/09-Settings/Users/CSV Invite/button_Close' is clicked on

2022-10-10 15:42:39 - [MESSAGE][PASSED] - Object: 'Object Repository/09-Settings/Users/CSV Invite/button_Close' is clicked on

2022-10-10 15:42:39 - [TEST_STEP][PASSED] - click(findTestObject("09-Settings/Users/CSV Invite/Invited Users tab")): Object: 'Object Repository/09-Settings/Users/CSV Invite/Invited Users tab' is clicked on

2022-10-10 15:42:40 - [MESSAGE][PASSED] - Object: 'Object Repository/09-Settings/Users/CSV Invite/Invited Users tab' is clicked on

2022-10-10 15:42:40 - [TEST_STEP][PASSED] - delay(3): Delayed 3 second(s)

2022-10-10 15:42:43 - [MESSAGE][PASSED] - Delayed 3 second(s)

2022-10-10 15:42:43 - [TEST_STEP][PASSED] - verifyElementVisible(findTestObject("09-Settings/Users/CSV Invite/div_CTCSV test3")): Object 'Object Repository/09-Settings/Users/CSV Invite/div_CTCSV test3' is visible

2022-10-10 15:42:43 - [MESSAGE][PASSED] - Object 'Object Repository/09-Settings/Users/CSV Invite/div_CTCSV test3' is visible

2022-10-10 15:42:43 - [TEST_STEP][PASSED] - verifyElementVisible(findTestObject("09-Settings/Users/CSV Invite/div_autotester08mailinator.com")): Object 'Object Repository/09-Settings/Users/CSV Invite/div_autotester08mailinator.com' is visible

2022-10-10 15:42:44 - [MESSAGE][PASSED] - Object 'Object Repository/09-Settings/Users/CSV Invite/div_autotester08mailinator.com' is visible

2022-10-10 15:42:44 - [TEST_STEP][FAILED] - verifyElementVisible(findTestObject("09-Settings/Users/CSV Invite/div_Partner")): Unable to verify object 'Object Repository/09-Settings/Users/CSV Invite/div_Partner' is visible (Root cause: com.kms.katalon.core.exception.StepFailedException: Unable to verify object 'Object Repository/09-Settings/Users/CSV Invite/div_Partner' is visible
	at com.kms.katalon.core.webui.keyword.internal.WebUIKeywordMain.stepFailed(WebUIKeywordMain.groovy:64)
	at com.kms.katalon.core.webui.keyword.internal.WebUIKeywordMain.runKeyword(WebUIKeywordMain.groovy:26)
	at com.kms.katalon.core.webui.keyword.builtin.VerifyElementVisibleKeyword.verifyElementVisible(VerifyElementVisibleKeyword.groovy:97)
	at com.kms.katalon.core.webui.keyword.builtin.VerifyElementVisibleKeyword.execute(VerifyElementVisibleKeyword.groovy:67)
	at com.kms.katalon.core.keyword.internal.KeywordExecutor.executeKeywordForPlatform(KeywordExecutor.groovy:74)
	at com.kms.katalon.core.webui.keyword.WebUiBuiltInKeywords.verifyElementVisible(WebUiBuiltInKeywords.groovy:376)
	at com.kms.katalon.core.webui.keyword.WebUiBuiltInKeywords$verifyElementVisible$11.call(Unknown Source)
	at 05 - Users (Invite batch of users via CSV file).run(05 - Users (Invite batch of users via CSV file):133)
	at com.kms.katalon.core.main.ScriptEngine.run(ScriptEngine.java:194)
	at com.kms.katalon.core.main.ScriptEngine.runScriptAsRawText(ScriptEngine.java:119)
	at com.kms.katalon.core.main.TestCaseExecutor.runScript(TestCaseExecutor.java:448)
	at com.kms.katalon.core.main.TestCaseExecutor.doExecute(TestCaseExecutor.java:439)
	at com.kms.katalon.core.main.TestCaseExecutor.processExecutionPhase(TestCaseExecutor.java:418)
	at com.kms.katalon.core.main.TestCaseExecutor.accessMainPhase(TestCaseExecutor.java:410)
	at com.kms.katalon.core.main.TestCaseExecutor.execute(TestCaseExecutor.java:285)
	at com.kms.katalon.core.common.CommonExecutor.accessTestCaseMainPhase(CommonExecutor.java:65)
	at com.kms.katalon.core.main.TestSuiteExecutor.accessTestSuiteMainPhase(TestSuiteExecutor.java:144)
	at com.kms.katalon.core.main.TestSuiteExecutor.execute(TestSuiteExecutor.java:106)
	at com.kms.katalon.core.main.TestCaseMain.startTestSuite(TestCaseMain.java:185)
	at com.kms.katalon.core.main.TestCaseMain$startTestSuite$0.call(Unknown Source)
	at TempTestSuite1665386659607.run(TempTestSuite1665386659607.groovy:36)
Caused by: com.kms.katalon.core.exception.StepFailedException: Web element with id: 'Object Repository/09-Settings/Users/CSV Invite/div_Partner' located by '//div[@class = 'td-data-table-cell-content-wrapper' and (text() = 'Partner' or . = 'Partner')]' not found
	at com.kms.katalon.core.webui.keyword.internal.WebUIKeywordMain.stepFailed(WebUIKeywordMain.groovy:64)
	at com.kms.katalon.core.webui.keyword.builtin.VerifyElementVisibleKeyword$_verifyElementVisible_closure1.doCall(VerifyElementVisibleKeyword.groovy:89)
	at com.kms.katalon.core.webui.keyword.builtin.VerifyElementVisibleKeyword$_verifyElementVisible_closure1.call(VerifyElementVisibleKeyword.groovy)
	at com.kms.katalon.core.webui.keyword.internal.WebUIKeywordMain.runKeyword(WebUIKeywordMain.groovy:20)
	... 19 more
)

2022-10-10 15:43:15 - [MESSAGE][INFO] - Unable to find the element located by 'By.xpath: //div[@class = 'td-data-table-cell-content-wrapper' and (text() = 'Partner' or . = 'Partner')]'. Please recheck the objects properties to make sure the desired element is located. 

2022-10-10 15:43:15 - [MESSAGE][FAILED] - Web element with id: 'Object Repository/09-Settings/Users/CSV Invite/div_Partner' located by '//div[@class = 'td-data-table-cell-content-wrapper' and (text() = 'Partner' or . = 'Partner')]' not found (Root cause: com.kms.katalon.core.exception.StepFailedException: Web element with id: 'Object Repository/09-Settings/Users/CSV Invite/div_Partner' located by '//div[@class = 'td-data-table-cell-content-wrapper' and (text() = 'Partner' or . = 'Partner')]' not found
	at com.kms.katalon.core.webui.keyword.internal.WebUIKeywordMain.stepFailed(WebUIKeywordMain.groovy:64)
	at com.kms.katalon.core.webui.keyword.builtin.VerifyElementVisibleKeyword$_verifyElementVisible_closure1.doCall(VerifyElementVisibleKeyword.groovy:89)
	at com.kms.katalon.core.webui.keyword.builtin.VerifyElementVisibleKeyword$_verifyElementVisible_closure1.call(VerifyElementVisibleKeyword.groovy)
	at com.kms.katalon.core.webui.keyword.internal.WebUIKeywordMain.runKeyword(WebUIKeywordMain.groovy:20)
	at com.kms.katalon.core.webui.keyword.builtin.VerifyElementVisibleKeyword.verifyElementVisible(VerifyElementVisibleKeyword.groovy:97)
	at com.kms.katalon.core.webui.keyword.builtin.VerifyElementVisibleKeyword.execute(VerifyElementVisibleKeyword.groovy:67)
	at com.kms.katalon.core.keyword.internal.KeywordExecutor.executeKeywordForPlatform(KeywordExecutor.groovy:74)
	at com.kms.katalon.core.webui.keyword.WebUiBuiltInKeywords.verifyElementVisible(WebUiBuiltInKeywords.groovy:376)
	at com.kms.katalon.core.webui.keyword.WebUiBuiltInKeywords$verifyElementVisible$11.call(Unknown Source)
	at 05 - Users (Invite batch of users via CSV file).run(05 - Users (Invite batch of users via CSV file):133)
	at com.kms.katalon.core.main.ScriptEngine.run(ScriptEngine.java:194)
	at com.kms.katalon.core.main.ScriptEngine.runScriptAsRawText(ScriptEngine.java:119)
	at com.kms.katalon.core.main.TestCaseExecutor.runScript(TestCaseExecutor.java:448)
	at com.kms.katalon.core.main.TestCaseExecutor.doExecute(TestCaseExecutor.java:439)
	at com.kms.katalon.core.main.TestCaseExecutor.processExecutionPhase(TestCaseExecutor.java:418)
	at com.kms.katalon.core.main.TestCaseExecutor.accessMainPhase(TestCaseExecutor.java:410)
	at com.kms.katalon.core.main.TestCaseExecutor.execute(TestCaseExecutor.java:285)
	at com.kms.katalon.core.common.CommonExecutor.accessTestCaseMainPhase(CommonExecutor.java:65)
	at com.kms.katalon.core.main.TestSuiteExecutor.accessTestSuiteMainPhase(TestSuiteExecutor.java:144)
	at com.kms.katalon.core.main.TestSuiteExecutor.execute(TestSuiteExecutor.java:106)
	at com.kms.katalon.core.main.TestCaseMain.startTestSuite(TestCaseMain.java:185)
	at com.kms.katalon.core.main.TestCaseMain$startTestSuite$0.call(Unknown Source)
	at TempTestSuite1665386659607.run(TempTestSuite1665386659607.groovy:36)
)
[[ATTACHMENT|C:\\Users\\User\\Katalon Studio\\EverleaguesMain\\Reports\\20221010_152419\\TS-Organization\\09-Settings\\20221010_152419\\1665387795456.png]]

2022-10-10 15:43:15 - [MESSAGE][FAILED] - Unable to verify object 'Object Repository/09-Settings/Users/CSV Invite/div_Partner' is visible (Root cause: com.kms.katalon.core.exception.StepFailedException: Unable to verify object 'Object Repository/09-Settings/Users/CSV Invite/div_Partner' is visible
	at com.kms.katalon.core.webui.keyword.internal.WebUIKeywordMain.stepFailed(WebUIKeywordMain.groovy:64)
	at com.kms.katalon.core.webui.keyword.internal.WebUIKeywordMain.runKeyword(WebUIKeywordMain.groovy:26)
	at com.kms.katalon.core.webui.keyword.builtin.VerifyElementVisibleKeyword.verifyElementVisible(VerifyElementVisibleKeyword.groovy:97)
	at com.kms.katalon.core.webui.keyword.builtin.VerifyElementVisibleKeyword.execute(VerifyElementVisibleKeyword.groovy:67)
	at com.kms.katalon.core.keyword.internal.KeywordExecutor.executeKeywordForPlatform(KeywordExecutor.groovy:74)
	at com.kms.katalon.core.webui.keyword.WebUiBuiltInKeywords.verifyElementVisible(WebUiBuiltInKeywords.groovy:376)
	at com.kms.katalon.core.webui.keyword.WebUiBuiltInKeywords$verifyElementVisible$11.call(Unknown Source)
	at 05 - Users (Invite batch of users via CSV file).run(05 - Users (Invite batch of users via CSV file):133)
	at com.kms.katalon.core.main.ScriptEngine.run(ScriptEngine.java:194)
	at com.kms.katalon.core.main.ScriptEngine.runScriptAsRawText(ScriptEngine.java:119)
	at com.kms.katalon.core.main.TestCaseExecutor.runScript(TestCaseExecutor.java:448)
	at com.kms.katalon.core.main.TestCaseExecutor.doExecute(TestCaseExecutor.java:439)
	at com.kms.katalon.core.main.TestCaseExecutor.processExecutionPhase(TestCaseExecutor.java:418)
	at com.kms.katalon.core.main.TestCaseExecutor.accessMainPhase(TestCaseExecutor.java:410)
	at com.kms.katalon.core.main.TestCaseExecutor.execute(TestCaseExecutor.java:285)
	at com.kms.katalon.core.common.CommonExecutor.accessTestCaseMainPhase(CommonExecutor.java:65)
	at com.kms.katalon.core.main.TestSuiteExecutor.accessTestSuiteMainPhase(TestSuiteExecutor.java:144)
	at com.kms.katalon.core.main.TestSuiteExecutor.execute(TestSuiteExecutor.java:106)
	at com.kms.katalon.core.main.TestCaseMain.startTestSuite(TestCaseMain.java:185)
	at com.kms.katalon.core.main.TestCaseMain$startTestSuite$0.call(Unknown Source)
	at TempTestSuite1665386659607.run(TempTestSuite1665386659607.groovy:36)
Caused by: com.kms.katalon.core.exception.StepFailedException: Web element with id: 'Object Repository/09-Settings/Users/CSV Invite/div_Partner' located by '//div[@class = 'td-data-table-cell-content-wrapper' and (text() = 'Partner' or . = 'Partner')]' not found
	at com.kms.katalon.core.webui.keyword.internal.WebUIKeywordMain.stepFailed(WebUIKeywordMain.groovy:64)
	at com.kms.katalon.core.webui.keyword.builtin.VerifyElementVisibleKeyword$_verifyElementVisible_closure1.doCall(VerifyElementVisibleKeyword.groovy:89)
	at com.kms.katalon.core.webui.keyword.builtin.VerifyElementVisibleKeyword$_verifyElementVisible_closure1.call(VerifyElementVisibleKeyword.groovy)
	at com.kms.katalon.core.webui.keyword.internal.WebUIKeywordMain.runKeyword(WebUIKeywordMain.groovy:20)
	... 19 more
)
[[ATTACHMENT|C:\\Users\\User\\Katalon Studio\\EverleaguesMain\\Reports\\20221010_152419\\TS-Organization\\09-Settings\\20221010_152419\\1665387795627.png]]]]></system-out>
         <system-err><![CDATA[2022-10-10 15:40:49 - [TEST_CASE][FAILED] - Test Cases/09-Settings/05 - Users (Invite batch of users via CSV file): Test Cases/09-Settings/05 - Users (Invite batch of users via CSV file) FAILED.
Reason:
com.kms.katalon.core.exception.StepFailedException: Unable to verify object 'Object Repository/09-Settings/Users/CSV Invite/div_Partner' is visible
	at com.kms.katalon.core.webui.keyword.internal.WebUIKeywordMain.stepFailed(WebUIKeywordMain.groovy:64)
	at com.kms.katalon.core.webui.keyword.internal.WebUIKeywordMain.runKeyword(WebUIKeywordMain.groovy:26)
	at com.kms.katalon.core.webui.keyword.builtin.VerifyElementVisibleKeyword.verifyElementVisible(VerifyElementVisibleKeyword.groovy:97)
	at com.kms.katalon.core.webui.keyword.builtin.VerifyElementVisibleKeyword.execute(VerifyElementVisibleKeyword.groovy:67)
	at com.kms.katalon.core.keyword.internal.KeywordExecutor.executeKeywordForPlatform(KeywordExecutor.groovy:74)
	at com.kms.katalon.core.webui.keyword.WebUiBuiltInKeywords.verifyElementVisible(WebUiBuiltInKeywords.groovy:376)
	at com.kms.katalon.core.webui.keyword.WebUiBuiltInKeywords$verifyElementVisible$11.call(Unknown Source)
	at 05 - Users (Invite batch of users via CSV file).run(05 - Users (Invite batch of users via CSV file):133)
	at com.kms.katalon.core.main.ScriptEngine.run(ScriptEngine.java:194)
	at com.kms.katalon.core.main.ScriptEngine.runScriptAsRawText(ScriptEngine.java:119)
	at com.kms.katalon.core.main.TestCaseExecutor.runScript(TestCaseExecutor.java:448)
	at com.kms.katalon.core.main.TestCaseExecutor.doExecute(TestCaseExecutor.java:439)
	at com.kms.katalon.core.main.TestCaseExecutor.processExecutionPhase(TestCaseExecutor.java:418)
	at com.kms.katalon.core.main.TestCaseExecutor.accessMainPhase(TestCaseExecutor.java:410)
	at com.kms.katalon.core.main.TestCaseExecutor.execute(TestCaseExecutor.java:285)
	at com.kms.katalon.core.common.CommonExecutor.accessTestCaseMainPhase(CommonExecutor.java:65)
	at com.kms.katalon.core.main.TestSuiteExecutor.accessTestSuiteMainPhase(TestSuiteExecutor.java:144)
	at com.kms.katalon.core.main.TestSuiteExecutor.execute(TestSuiteExecutor.java:106)
	at com.kms.katalon.core.main.TestCaseMain.startTestSuite(TestCaseMain.java:185)
	at com.kms.katalon.core.main.TestCaseMain$startTestSuite$0.call(Unknown Source)
	at TempTestSuite1665386659607.run(TempTestSuite1665386659607.groovy:36)
Caused by: com.kms.katalon.core.exception.StepFailedException: Web element with id: 'Object Repository/09-Settings/Users/CSV Invite/div_Partner' located by '//div[@class = 'td-data-table-cell-content-wrapper' and (text() = 'Partner' or . = 'Partner')]' not found
	at com.kms.katalon.core.webui.keyword.internal.WebUIKeywordMain.stepFailed(WebUIKeywordMain.groovy:64)
	at com.kms.katalon.core.webui.keyword.builtin.VerifyElementVisibleKeyword$_verifyElementVisible_closure1.doCall(VerifyElementVisibleKeyword.groovy:89)
	at com.kms.katalon.core.webui.keyword.builtin.VerifyElementVisibleKeyword$_verifyElementVisible_closure1.call(VerifyElementVisibleKeyword.groovy)
	at com.kms.katalon.core.webui.keyword.internal.WebUIKeywordMain.runKeyword(WebUIKeywordMain.groovy:20)
	... 19 more]]></system-err>
      </testcase>
      <system-out><![CDATA[2022-10-10 15:24:22 - [TEST_SUITE][FAILED] - 09-Settings: Test Cases/09-Settings/05 - Users (Invite batch of users via CSV file) FAILED.
Reason:
com.kms.katalon.core.exception.StepFailedException: Unable to verify object 'Object Repository/09-Settings/Users/CSV Invite/div_Partner' is visible
	at com.kms.katalon.core.webui.keyword.internal.WebUIKeywordMain.stepFailed(WebUIKeywordMain.groovy:64)
	at com.kms.katalon.core.webui.keyword.internal.WebUIKeywordMain.runKeyword(WebUIKeywordMain.groovy:26)
	at com.kms.katalon.core.webui.keyword.builtin.VerifyElementVisibleKeyword.verifyElementVisible(VerifyElementVisibleKeyword.groovy:97)
	at com.kms.katalon.core.webui.keyword.builtin.VerifyElementVisibleKeyword.execute(VerifyElementVisibleKeyword.groovy:67)
	at com.kms.katalon.core.keyword.internal.KeywordExecutor.executeKeywordForPlatform(KeywordExecutor.groovy:74)
	at com.kms.katalon.core.webui.keyword.WebUiBuiltInKeywords.verifyElementVisible(WebUiBuiltInKeywords.groovy:376)
	at com.kms.katalon.core.webui.keyword.WebUiBuiltInKeywords$verifyElementVisible$11.call(Unknown Source)
	at 05 - Users (Invite batch of users via CSV file).run(05 - Users (Invite batch of users via CSV file):133)
	at com.kms.katalon.core.main.ScriptEngine.run(ScriptEngine.java:194)
	at com.kms.katalon.core.main.ScriptEngine.runScriptAsRawText(ScriptEngine.java:119)
	at com.kms.katalon.core.main.TestCaseExecutor.runScript(TestCaseExecutor.java:448)
	at com.kms.katalon.core.main.TestCaseExecutor.doExecute(TestCaseExecutor.java:439)
	at com.kms.katalon.core.main.TestCaseExecutor.processExecutionPhase(TestCaseExecutor.java:418)
	at com.kms.katalon.core.main.TestCaseExecutor.accessMainPhase(TestCaseExecutor.java:410)
	at com.kms.katalon.core.main.TestCaseExecutor.execute(TestCaseExecutor.java:285)
	at com.kms.katalon.core.common.CommonExecutor.accessTestCaseMainPhase(CommonExecutor.java:65)
	at com.kms.katalon.core.main.TestSuiteExecutor.accessTestSuiteMainPhase(TestSuiteExecutor.java:144)
	at com.kms.katalon.core.main.TestSuiteExecutor.execute(TestSuiteExecutor.java:106)
	at com.kms.katalon.core.main.TestCaseMain.startTestSuite(TestCaseMain.java:185)
	at com.kms.katalon.core.main.TestCaseMain$startTestSuite$0.call(Unknown Source)
	at TempTestSuite1665386659607.run(TempTestSuite1665386659607.groovy:36)
Caused by: com.kms.katalon.core.exception.StepFailedException: Web element with id: 'Object Repository/09-Settings/Users/CSV Invite/div_Partner' located by '//div[@class = 'td-data-table-cell-content-wrapper' and (text() = 'Partner' or . = 'Partner')]' not found
	at com.kms.katalon.core.webui.keyword.internal.WebUIKeywordMain.stepFailed(WebUIKeywordMain.groovy:64)
	at com.kms.katalon.core.webui.keyword.builtin.VerifyElementVisibleKeyword$_verifyElementVisible_closure1.doCall(VerifyElementVisibleKeyword.groovy:89)
	at com.kms.katalon.core.webui.keyword.builtin.VerifyElementVisibleKeyword$_verifyElementVisible_closure1.call(VerifyElementVisibleKeyword.groovy)
	at com.kms.katalon.core.webui.keyword.internal.WebUIKeywordMain.runKeyword(WebUIKeywordMain.groovy:20)
	... 19 more]]></system-out>
      <system-err><![CDATA[2022-10-10 15:24:22 - [TEST_SUITE][FAILED] - 09-Settings: Test Cases/09-Settings/05 - Users (Invite batch of users via CSV file) FAILED.
Reason:
com.kms.katalon.core.exception.StepFailedException: Unable to verify object 'Object Repository/09-Settings/Users/CSV Invite/div_Partner' is visible
	at com.kms.katalon.core.webui.keyword.internal.WebUIKeywordMain.stepFailed(WebUIKeywordMain.groovy:64)
	at com.kms.katalon.core.webui.keyword.internal.WebUIKeywordMain.runKeyword(WebUIKeywordMain.groovy:26)
	at com.kms.katalon.core.webui.keyword.builtin.VerifyElementVisibleKeyword.verifyElementVisible(VerifyElementVisibleKeyword.groovy:97)
	at com.kms.katalon.core.webui.keyword.builtin.VerifyElementVisibleKeyword.execute(VerifyElementVisibleKeyword.groovy:67)
	at com.kms.katalon.core.keyword.internal.KeywordExecutor.executeKeywordForPlatform(KeywordExecutor.groovy:74)
	at com.kms.katalon.core.webui.keyword.WebUiBuiltInKeywords.verifyElementVisible(WebUiBuiltInKeywords.groovy:376)
	at com.kms.katalon.core.webui.keyword.WebUiBuiltInKeywords$verifyElementVisible$11.call(Unknown Source)
	at 05 - Users (Invite batch of users via CSV file).run(05 - Users (Invite batch of users via CSV file):133)
	at com.kms.katalon.core.main.ScriptEngine.run(ScriptEngine.java:194)
	at com.kms.katalon.core.main.ScriptEngine.runScriptAsRawText(ScriptEngine.java:119)
	at com.kms.katalon.core.main.TestCaseExecutor.runScript(TestCaseExecutor.java:448)
	at com.kms.katalon.core.main.TestCaseExecutor.doExecute(TestCaseExecutor.java:439)
	at com.kms.katalon.core.main.TestCaseExecutor.processExecutionPhase(TestCaseExecutor.java:418)
	at com.kms.katalon.core.main.TestCaseExecutor.accessMainPhase(TestCaseExecutor.java:410)
	at com.kms.katalon.core.main.TestCaseExecutor.execute(TestCaseExecutor.java:285)
	at com.kms.katalon.core.common.CommonExecutor.accessTestCaseMainPhase(CommonExecutor.java:65)
	at com.kms.katalon.core.main.TestSuiteExecutor.accessTestSuiteMainPhase(TestSuiteExecutor.java:144)
	at com.kms.katalon.core.main.TestSuiteExecutor.execute(TestSuiteExecutor.java:106)
	at com.kms.katalon.core.main.TestCaseMain.startTestSuite(TestCaseMain.java:185)
	at com.kms.katalon.core.main.TestCaseMain$startTestSuite$0.call(Unknown Source)
	at TempTestSuite1665386659607.run(TempTestSuite1665386659607.groovy:36)
Caused by: com.kms.katalon.core.exception.StepFailedException: Web element with id: 'Object Repository/09-Settings/Users/CSV Invite/div_Partner' located by '//div[@class = 'td-data-table-cell-content-wrapper' and (text() = 'Partner' or . = 'Partner')]' not found
	at com.kms.katalon.core.webui.keyword.internal.WebUIKeywordMain.stepFailed(WebUIKeywordMain.groovy:64)
	at com.kms.katalon.core.webui.keyword.builtin.VerifyElementVisibleKeyword$_verifyElementVisible_closure1.doCall(VerifyElementVisibleKeyword.groovy:89)
	at com.kms.katalon.core.webui.keyword.builtin.VerifyElementVisibleKeyword$_verifyElementVisible_closure1.call(VerifyElementVisibleKeyword.groovy)
	at com.kms.katalon.core.webui.keyword.internal.WebUIKeywordMain.runKeyword(WebUIKeywordMain.groovy:20)
	... 19 more]]></system-err>
   </testsuite>
</testsuites>
