<?xml version="1.0" encoding="UTF-8"?>
<testsuites name="04-Add my Organizations" time="348.867" tests="2" failures="0" errors="0">
   <testsuite name="04-Add my Organizations" tests="2" failures="0" errors="0" time="348.867" skipped="0" timestamp="2022-04-29 16:06:19" hostname="User - DESKTOP-QCRNR4M" id="Test Suites/TS-Organization/04-Add my Organizations">
      <properties>
         <property name="deviceName" value=""/>
         <property name="devicePlatform" value=""/>
         <property name="logFolder" value="C:\\Users\\User\\Katalon Studio\\EverleaguesMain\\Reports\\20220429_160617\\TS-Organization\\04-Add my Organizations\\20220429_160617"/>
         <property name="logFiles" value="C:\\Users\\User\\Katalon Studio\\EverleaguesMain\\Reports\\20220429_160617\\TS-Organization\\04-Add my Organizations\\20220429_160617\\execution0.log"/>
         <property name="attachments" value=""/>
         <property name="hostName" value="User - DESKTOP-QCRNR4M"/>
         <property name="os" value="Windows 10 64bit"/>
         <property name="katalonVersion" value="8.3.0.208"/>
         <property name="browser" value="Chrome 101.0.4951.41"/>
         <property name="hostAddress" value="192.168.5.83"/>
         <property name="sessionId" value="f959e43604410a49fc453111f2c63663"/>
         <property name="seleniumVersion" value="3.141.59"/>
         <property name="proxyInformation" value="ProxyInformation { proxyOption=NO_PROXY, proxyServerType=HTTP, username=, password=********, proxyServerAddress=, proxyServerPort=0, executionList=&quot;&quot;, isApplyToDesiredCapabilities=true }"/>
         <property name="platform" value="Windows 10"/>
      </properties>
      <testcase name="Test Cases/04-Add my Organizations/01- Free limited Plan (Negative Scenarios)" time="302.569" classname="Test Cases/04-Add my Organizations/01- Free limited Plan (Negative Scenarios)" status="PASSED">
         <system-out><![CDATA[2022-04-29 16:06:20 - [TEST_CASE][PASSED] - Test Cases/04-Add my Organizations/01- Free limited Plan (Negative Scenarios): Test Cases/04-Add my Organizations/01- Free limited Plan (Negative Scenarios)

2022-04-29 16:06:20 - [TEST_STEP][PASSED] - openBrowser(""): Browser is opened with url: ''

2022-04-29 16:06:20 - [MESSAGE][INFO] - Starting 'Chrome' driver

2022-04-29 16:06:20 - [MESSAGE][INFO] - Action delay is set to 0 milliseconds

2022-04-29 16:06:22 - [MESSAGE][PASSED] - Browser is opened with url: ''

2022-04-29 16:06:22 - [TEST_STEP][PASSED] - navigateToUrl("https://lab.everleagues.com/"): Navigate to 'https://lab.everleagues.com/' successfully

2022-04-29 16:10:31 - [MESSAGE][PASSED] - Navigate to 'https://lab.everleagues.com/' successfully

2022-04-29 16:10:31 - [TEST_STEP][PASSED] - maximizeWindow(): Current window maximized

2022-04-29 16:10:31 - [MESSAGE][PASSED] - Current window maximized

2022-04-29 16:10:31 - [TEST_STEP][PASSED] - setText(findTestObject("02-Side Icons(Organization)/Add Contact/Email Field"), "testuser02@mailinator.com"): Text 'testuser02@mailinator.com' is set on object 'Object Repository/02-Side Icons(Organization)/Add Contact/Email Field'

2022-04-29 16:10:32 - [MESSAGE][PASSED] - Text 'testuser02@mailinator.com' is set on object 'Object Repository/02-Side Icons(Organization)/Add Contact/Email Field'

2022-04-29 16:10:32 - [TEST_STEP][PASSED] - setEncryptedText(findTestObject("02-Side Icons(Organization)/Add Contact/Password Field"), "8yFRyszE6U6jvsCn51OQbg=="): Text ****** has been set on object 'Object Repository/02-Side Icons(Organization)/Add Contact/Password Field'

2022-04-29 16:10:32 - [MESSAGE][PASSED] - Text ****** has been set on object 'Object Repository/02-Side Icons(Organization)/Add Contact/Password Field'

2022-04-29 16:10:32 - [TEST_STEP][PASSED] - click(findTestObject("02-Side Icons(Organization)/Add Contact/button_Sign in")): Object: 'Object Repository/02-Side Icons(Organization)/Add Contact/button_Sign in' is clicked on

2022-04-29 16:10:33 - [MESSAGE][PASSED] - Object: 'Object Repository/02-Side Icons(Organization)/Add Contact/button_Sign in' is clicked on

2022-04-29 16:10:33 - [TEST_STEP][PASSED] - delay(2): Delayed 2 second(s)

2022-04-29 16:10:35 - [MESSAGE][PASSED] - Delayed 2 second(s)

2022-04-29 16:10:35 - [TEST_STEP][PASSED] - click(findTestObject("06-Teams/For 2FA/button_Confirm_2FA")): Object: 'Object Repository/06-Teams/For 2FA/button_Confirm_2FA' is clicked on

2022-04-29 16:10:35 - [MESSAGE][PASSED] - Object: 'Object Repository/06-Teams/For 2FA/button_Confirm_2FA' is clicked on

2022-04-29 16:10:35 - [TEST_STEP][PASSED] - executeJavaScript("window.open();", []): Execute JavaScript 'window.open();' successfully

2022-04-29 16:10:35 - [MESSAGE][PASSED] - Execute JavaScript 'window.open();' successfully

2022-04-29 16:10:35 - [TEST_STEP][PASSED] - currentWindow = getWindowIndex(): Current window's index is: 0

2022-04-29 16:10:35 - [MESSAGE][PASSED] - Current window's index is: 0

2022-04-29 16:10:35 - [TEST_STEP][PASSED] - delay(3): Delayed 3 second(s)

2022-04-29 16:10:38 - [MESSAGE][PASSED] - Delayed 3 second(s)

2022-04-29 16:10:38 - [TEST_STEP][PASSED] - switchToWindowIndex(currentWindow + 1): Switched to window with index: '1'

2022-04-29 16:10:39 - [MESSAGE][PASSED] - Switched to window with index: '1'

2022-04-29 16:10:39 - [TEST_STEP][PASSED] - navigateToUrl("https://www.mailinator.com/"): Navigate to 'https://www.mailinator.com/' successfully

2022-04-29 16:10:40 - [MESSAGE][PASSED] - Navigate to 'https://www.mailinator.com/' successfully

2022-04-29 16:10:40 - [TEST_STEP][PASSED] - delay(3): Delayed 3 second(s)

2022-04-29 16:10:43 - [MESSAGE][PASSED] - Delayed 3 second(s)

2022-04-29 16:10:43 - [TEST_STEP][PASSED] - setText(findTestObject("00-Signup and Activation/zMailinator/input_LOGIN_search"), "testuser02@mailinator.com"): Text 'testuser02@mailinator.com' is set on object 'Object Repository/00-Signup and Activation/zMailinator/input_LOGIN_search'

2022-04-29 16:10:44 - [MESSAGE][PASSED] - Text 'testuser02@mailinator.com' is set on object 'Object Repository/00-Signup and Activation/zMailinator/input_LOGIN_search'

2022-04-29 16:10:44 - [TEST_STEP][PASSED] - click(findTestObject("00-Signup and Activation/zMailinator/gobutton"), STOP_ON_FAILURE): Object: 'Object Repository/00-Signup and Activation/zMailinator/gobutton' is clicked on

2022-04-29 16:10:45 - [MESSAGE][PASSED] - Object: 'Object Repository/00-Signup and Activation/zMailinator/gobutton' is clicked on

2022-04-29 16:10:45 - [TEST_STEP][PASSED] - delay(3): Delayed 3 second(s)

2022-04-29 16:10:48 - [MESSAGE][PASSED] - Delayed 3 second(s)

2022-04-29 16:10:48 - [TEST_STEP][PASSED] - click(findTestObject("00-Signup and Activation/zMailinator/Email - everleagues")): Object: 'Object Repository/00-Signup and Activation/zMailinator/Email - everleagues' is clicked on

2022-04-29 16:10:49 - [MESSAGE][PASSED] - Object: 'Object Repository/00-Signup and Activation/zMailinator/Email - everleagues' is clicked on

2022-04-29 16:10:49 - [TEST_STEP][PASSED] - delay(3): Delayed 3 second(s)

2022-04-29 16:10:52 - [MESSAGE][PASSED] - Delayed 3 second(s)

2022-04-29 16:10:52 - [TEST_STEP][PASSED] - code = getText(findTestObject("Object Repository/06-Teams/For 2FA/2FA code")): Text of object 'Object Repository/06-Teams/For 2FA/2FA code' is: '423457'

2022-04-29 16:10:52 - [MESSAGE][PASSED] - Text of object 'Object Repository/06-Teams/For 2FA/2FA code' is: '423457'

2022-04-29 16:10:52 - [TEST_STEP][PASSED] - delay(3): Delayed 3 second(s)

2022-04-29 16:10:55 - [MESSAGE][PASSED] - Delayed 3 second(s)

2022-04-29 16:10:55 - [TEST_STEP][PASSED] - closeWindowTitle("Mailinator"): Window with title: 'Mailinator' is closed

2022-04-29 16:10:55 - [MESSAGE][PASSED] - Window with title: 'Mailinator' is closed

2022-04-29 16:10:55 - [TEST_STEP][PASSED] - delay(3): Delayed 3 second(s)

2022-04-29 16:10:58 - [MESSAGE][PASSED] - Delayed 3 second(s)

2022-04-29 16:10:58 - [TEST_STEP][PASSED] - switchToWindowIndex(0): Switched to window with index: '0'

2022-04-29 16:10:58 - [MESSAGE][PASSED] - Switched to window with index: '0'

2022-04-29 16:10:58 - [TEST_STEP][PASSED] - delay(3): Delayed 3 second(s)

2022-04-29 16:11:01 - [MESSAGE][PASSED] - Delayed 3 second(s)

2022-04-29 16:11:01 - [TEST_STEP][PASSED] - setText(findTestObject("Object Repository/06-Teams/For 2FA/input_Enter verification code_code"), code): Text '423457' is set on object 'Object Repository/06-Teams/For 2FA/input_Enter verification code_code'

2022-04-29 16:11:03 - [MESSAGE][PASSED] - Text '423457' is set on object 'Object Repository/06-Teams/For 2FA/input_Enter verification code_code'

2022-04-29 16:11:03 - [TEST_STEP][PASSED] - delay(3): Delayed 3 second(s)

2022-04-29 16:11:06 - [MESSAGE][PASSED] - Delayed 3 second(s)

2022-04-29 16:11:06 - [TEST_STEP][PASSED] - click(findTestObject("06-Teams/For 2FA/button_Verify_2FA")): Object: 'Object Repository/06-Teams/For 2FA/button_Verify_2FA' is clicked on

2022-04-29 16:11:06 - [MESSAGE][PASSED] - Object: 'Object Repository/06-Teams/For 2FA/button_Verify_2FA' is clicked on

2022-04-29 16:11:06 - [TEST_STEP][PASSED] - delay(5): Delayed 5 second(s)

2022-04-29 16:11:11 - [MESSAGE][PASSED] - Delayed 5 second(s)

2022-04-29 16:11:11 - [TEST_STEP][PASSED] - click(findTestObject("04-Add my Organizations/Free limited Plan/span_Add My Organization")): Object: 'Object Repository/04-Add my Organizations/Free limited Plan/span_Add My Organization' is clicked on

2022-04-29 16:11:12 - [MESSAGE][PASSED] - Object: 'Object Repository/04-Add my Organizations/Free limited Plan/span_Add My Organization' is clicked on

2022-04-29 16:11:12 - [TEST_STEP][PASSED] - verifyElementVisible(findTestObject("04-Add my Organizations/Free limited Plan/Add my org modal")): Object 'Object Repository/04-Add my Organizations/Free limited Plan/Add my org modal' is visible

2022-04-29 16:11:13 - [MESSAGE][PASSED] - Object 'Object Repository/04-Add my Organizations/Free limited Plan/Add my org modal' is visible

2022-04-29 16:11:13 - [TEST_STEP][PASSED] - delay(2): Delayed 2 second(s)

2022-04-29 16:11:15 - [MESSAGE][PASSED] - Delayed 2 second(s)

2022-04-29 16:11:15 - [TEST_STEP][PASSED] - click(findTestObject("04-Add my Organizations/Free limited Plan/button_Create")): Object: 'Object Repository/04-Add my Organizations/Free limited Plan/button_Create' is clicked on

2022-04-29 16:11:16 - [MESSAGE][PASSED] - Object: 'Object Repository/04-Add my Organizations/Free limited Plan/button_Create' is clicked on

2022-04-29 16:11:16 - [TEST_STEP][PASSED] - delay(1): Delayed 1 second(s)

2022-04-29 16:11:17 - [MESSAGE][PASSED] - Delayed 1 second(s)

2022-04-29 16:11:17 - [TEST_STEP][PASSED] - verifyElementVisible(findTestObject("04-Add my Organizations/Free limited Plan/div_OrganizationName_error")): Object 'Object Repository/04-Add my Organizations/Free limited Plan/div_OrganizationName_error' is visible

2022-04-29 16:11:17 - [MESSAGE][PASSED] - Object 'Object Repository/04-Add my Organizations/Free limited Plan/div_OrganizationName_error' is visible

2022-04-29 16:11:17 - [TEST_STEP][PASSED] - verifyElementVisible(findTestObject("04-Add my Organizations/Free limited Plan/div_Organization Alias_error")): Object 'Object Repository/04-Add my Organizations/Free limited Plan/div_Organization Alias_error' is visible

2022-04-29 16:11:18 - [MESSAGE][PASSED] - Object 'Object Repository/04-Add my Organizations/Free limited Plan/div_Organization Alias_error' is visible

2022-04-29 16:11:18 - [TEST_STEP][PASSED] - verifyElementVisible(findTestObject("04-Add my Organizations/Free limited Plan/div_Service Industry_error")): Object 'Object Repository/04-Add my Organizations/Free limited Plan/div_Service Industry_error' is visible

2022-04-29 16:11:18 - [MESSAGE][PASSED] - Object 'Object Repository/04-Add my Organizations/Free limited Plan/div_Service Industry_error' is visible

2022-04-29 16:11:18 - [TEST_STEP][PASSED] - delay(1): Delayed 1 second(s)

2022-04-29 16:11:19 - [MESSAGE][PASSED] - Delayed 1 second(s)

2022-04-29 16:11:19 - [TEST_STEP][PASSED] - setText(findTestObject("04-Add my Organizations/Free limited Plan/input_org alias"), "1234"): Text '1234' is set on object 'Object Repository/04-Add my Organizations/Free limited Plan/input_org alias'

2022-04-29 16:11:20 - [MESSAGE][PASSED] - Text '1234' is set on object 'Object Repository/04-Add my Organizations/Free limited Plan/input_org alias'

2022-04-29 16:11:20 - [TEST_STEP][PASSED] - click(findTestObject("04-Add my Organizations/Free limited Plan/input_orgName")): Object: 'Object Repository/04-Add my Organizations/Free limited Plan/input_orgName' is clicked on

2022-04-29 16:11:20 - [MESSAGE][PASSED] - Object: 'Object Repository/04-Add my Organizations/Free limited Plan/input_orgName' is clicked on

2022-04-29 16:11:20 - [TEST_STEP][PASSED] - verifyElementVisible(findTestObject("04-Add my Organizations/Free limited Plan/mat-error_1234 already exists. Please enter another ID")): Object 'Object Repository/04-Add my Organizations/Free limited Plan/mat-error_1234 already exists. Please enter another ID' is visible

2022-04-29 16:11:21 - [MESSAGE][PASSED] - Object 'Object Repository/04-Add my Organizations/Free limited Plan/mat-error_1234 already exists. Please enter another ID' is visible

2022-04-29 16:11:21 - [TEST_STEP][PASSED] - delay(1): Delayed 1 second(s)

2022-04-29 16:11:22 - [MESSAGE][PASSED] - Delayed 1 second(s)]]></system-out>
         <system-err><![CDATA[]]></system-err>
      </testcase>
      <testcase name="Test Cases/04-Add my Organizations/02- Free limited Plan (Positive Scenarios)" time="45.994" classname="Test Cases/04-Add my Organizations/02- Free limited Plan (Positive Scenarios)" status="PASSED">
         <system-out><![CDATA[2022-04-29 16:11:22 - [TEST_CASE][PASSED] - Test Cases/04-Add my Organizations/02- Free limited Plan (Positive Scenarios): Test Cases/04-Add my Organizations/02- Free limited Plan (Positive Scenarios)

2022-04-29 16:11:23 - [TEST_STEP][PASSED] - delay(2): Delayed 2 second(s)

2022-04-29 16:11:25 - [MESSAGE][PASSED] - Delayed 2 second(s)

2022-04-29 16:11:25 - [TEST_STEP][PASSED] - setText(findTestObject("04-Add my Organizations/Free limited Plan/input_orgName"), "GG Automation"): Text 'GG Automation' is set on object 'Object Repository/04-Add my Organizations/Free limited Plan/input_orgName'

2022-04-29 16:11:25 - [MESSAGE][PASSED] - Text 'GG Automation' is set on object 'Object Repository/04-Add my Organizations/Free limited Plan/input_orgName'

2022-04-29 16:11:25 - [TEST_STEP][PASSED] - setText(findTestObject("04-Add my Organizations/Free limited Plan/input_org alias"), "GGAutoAlias"): Text 'GGAutoAlias' is set on object 'Object Repository/04-Add my Organizations/Free limited Plan/input_org alias'

2022-04-29 16:11:26 - [MESSAGE][PASSED] - Text 'GGAutoAlias' is set on object 'Object Repository/04-Add my Organizations/Free limited Plan/input_org alias'

2022-04-29 16:11:26 - [TEST_STEP][PASSED] - click(findTestObject("04-Add my Organizations/Free limited Plan/div_Service Industry_select-arrow"), STOP_ON_FAILURE): Object: 'Object Repository/04-Add my Organizations/Free limited Plan/div_Service Industry_select-arrow' is clicked on

2022-04-29 16:11:27 - [MESSAGE][PASSED] - Object: 'Object Repository/04-Add my Organizations/Free limited Plan/div_Service Industry_select-arrow' is clicked on

2022-04-29 16:11:27 - [TEST_STEP][PASSED] - delay(1): Delayed 1 second(s)

2022-04-29 16:11:28 - [MESSAGE][PASSED] - Delayed 1 second(s)

2022-04-29 16:11:28 - [TEST_STEP][PASSED] - verifyElementVisible(findTestObject("04-Add my Organizations/Free limited Plan/span_CPA_EA_Accounting Firms")): Object 'Object Repository/04-Add my Organizations/Free limited Plan/span_CPA_EA_Accounting Firms' is visible

2022-04-29 16:11:28 - [MESSAGE][PASSED] - Object 'Object Repository/04-Add my Organizations/Free limited Plan/span_CPA_EA_Accounting Firms' is visible

2022-04-29 16:11:28 - [TEST_STEP][PASSED] - verifyElementVisible(findTestObject("04-Add my Organizations/Free limited Plan/span_Law Firms")): Object 'Object Repository/04-Add my Organizations/Free limited Plan/span_Law Firms' is visible

2022-04-29 16:11:28 - [MESSAGE][PASSED] - Object 'Object Repository/04-Add my Organizations/Free limited Plan/span_Law Firms' is visible

2022-04-29 16:11:28 - [TEST_STEP][PASSED] - verifyElementVisible(findTestObject("04-Add my Organizations/Free limited Plan/span_Medical Service_Physian_Dentist Office")): Object 'Object Repository/04-Add my Organizations/Free limited Plan/span_Medical Service_Physian_Dentist Office' is visible

2022-04-29 16:11:29 - [MESSAGE][PASSED] - Object 'Object Repository/04-Add my Organizations/Free limited Plan/span_Medical Service_Physian_Dentist Office' is visible

2022-04-29 16:11:29 - [TEST_STEP][PASSED] - verifyElementVisible(findTestObject("04-Add my Organizations/Free limited Plan/span_Education")): Object 'Object Repository/04-Add my Organizations/Free limited Plan/span_Education' is visible

2022-04-29 16:11:29 - [MESSAGE][PASSED] - Object 'Object Repository/04-Add my Organizations/Free limited Plan/span_Education' is visible

2022-04-29 16:11:29 - [TEST_STEP][PASSED] - verifyElementVisible(findTestObject("04-Add my Organizations/Free limited Plan/span_Real Estate")): Object 'Object Repository/04-Add my Organizations/Free limited Plan/span_Real Estate' is visible

2022-04-29 16:11:30 - [MESSAGE][PASSED] - Object 'Object Repository/04-Add my Organizations/Free limited Plan/span_Real Estate' is visible

2022-04-29 16:11:30 - [TEST_STEP][PASSED] - verifyElementVisible(findTestObject("04-Add my Organizations/Free limited Plan/span_Other Service Business")): Object 'Object Repository/04-Add my Organizations/Free limited Plan/span_Other Service Business' is visible

2022-04-29 16:11:30 - [MESSAGE][PASSED] - Object 'Object Repository/04-Add my Organizations/Free limited Plan/span_Other Service Business' is visible

2022-04-29 16:11:30 - [TEST_STEP][PASSED] - verifyElementVisible(findTestObject("04-Add my Organizations/Free limited Plan/span_Product Business")): Object 'Object Repository/04-Add my Organizations/Free limited Plan/span_Product Business' is visible

2022-04-29 16:11:30 - [MESSAGE][PASSED] - Object 'Object Repository/04-Add my Organizations/Free limited Plan/span_Product Business' is visible

2022-04-29 16:11:30 - [TEST_STEP][PASSED] - verifyElementVisible(findTestObject("04-Add my Organizations/Free limited Plan/span_Community")): Object 'Object Repository/04-Add my Organizations/Free limited Plan/span_Community' is visible

2022-04-29 16:11:31 - [MESSAGE][PASSED] - Object 'Object Repository/04-Add my Organizations/Free limited Plan/span_Community' is visible

2022-04-29 16:11:31 - [TEST_STEP][PASSED] - verifyElementVisible(findTestObject("04-Add my Organizations/Free limited Plan/span_Non Profit Organizations")): Object 'Object Repository/04-Add my Organizations/Free limited Plan/span_Non Profit Organizations' is visible

2022-04-29 16:11:31 - [MESSAGE][PASSED] - Object 'Object Repository/04-Add my Organizations/Free limited Plan/span_Non Profit Organizations' is visible

2022-04-29 16:11:31 - [TEST_STEP][PASSED] - delay(1): Delayed 1 second(s)

2022-04-29 16:11:32 - [MESSAGE][PASSED] - Delayed 1 second(s)

2022-04-29 16:11:32 - [TEST_STEP][PASSED] - click(findTestObject("04-Add my Organizations/Free limited Plan/span_Other Service Business")): Object: 'Object Repository/04-Add my Organizations/Free limited Plan/span_Other Service Business' is clicked on

2022-04-29 16:11:33 - [MESSAGE][PASSED] - Object: 'Object Repository/04-Add my Organizations/Free limited Plan/span_Other Service Business' is clicked on

2022-04-29 16:11:33 - [TEST_STEP][PASSED] - click(findTestObject("04-Add my Organizations/Free limited Plan/Free limited plan radio button")): Object: 'Object Repository/04-Add my Organizations/Free limited Plan/Free limited plan radio button' is clicked on

2022-04-29 16:11:34 - [MESSAGE][PASSED] - Object: 'Object Repository/04-Add my Organizations/Free limited Plan/Free limited plan radio button' is clicked on

2022-04-29 16:11:34 - [TEST_STEP][PASSED] - delay(1): Delayed 1 second(s)

2022-04-29 16:11:35 - [MESSAGE][PASSED] - Delayed 1 second(s)

2022-04-29 16:11:35 - [TEST_STEP][PASSED] - click(findTestObject("04-Add my Organizations/Free limited Plan/span_Usage limit")): Object: 'Object Repository/04-Add my Organizations/Free limited Plan/span_Usage limit' is clicked on

2022-04-29 16:11:35 - [MESSAGE][PASSED] - Object: 'Object Repository/04-Add my Organizations/Free limited Plan/span_Usage limit' is clicked on

2022-04-29 16:11:35 - [TEST_STEP][PASSED] - switchToWindowIndex(1): Switched to window with index: '1'

2022-04-29 16:11:35 - [MESSAGE][PASSED] - Switched to window with index: '1'

2022-04-29 16:11:35 - [TEST_STEP][PASSED] - delay(5): Delayed 5 second(s)

2022-04-29 16:11:40 - [MESSAGE][PASSED] - Delayed 5 second(s)

2022-04-29 16:11:40 - [TEST_STEP][PASSED] - assert getUrl() == "https://www.everleagues.com/pricing/": Current window's url is: 'https://www.everleagues.com/pricing/'

2022-04-29 16:11:42 - [MESSAGE][PASSED] - Current window's url is: 'https://www.everleagues.com/pricing/'

2022-04-29 16:11:42 - [TEST_STEP][PASSED] - closeWindowUrl("https://www.everleagues.com/pricing/"): Window with url: 'https://www.everleagues.com/pricing/' is closed

2022-04-29 16:11:42 - [MESSAGE][PASSED] - Window with url: 'https://www.everleagues.com/pricing/' is closed

2022-04-29 16:11:42 - [TEST_STEP][PASSED] - switchToWindowIndex(0): Switched to window with index: '0'

2022-04-29 16:11:42 - [MESSAGE][PASSED] - Switched to window with index: '0'

2022-04-29 16:11:42 - [TEST_STEP][PASSED] - delay(1): Delayed 1 second(s)

2022-04-29 16:11:43 - [MESSAGE][PASSED] - Delayed 1 second(s)

2022-04-29 16:11:43 - [TEST_STEP][PASSED] - click(findTestObject("04-Add my Organizations/Free limited Plan/a_Software as a service (SaaS) subscription agreement")): Object: 'Object Repository/04-Add my Organizations/Free limited Plan/a_Software as a service (SaaS) subscription agreement' is clicked on

2022-04-29 16:11:44 - [MESSAGE][PASSED] - Object: 'Object Repository/04-Add my Organizations/Free limited Plan/a_Software as a service (SaaS) subscription agreement' is clicked on

2022-04-29 16:11:44 - [TEST_STEP][PASSED] - switchToWindowIndex(1): Switched to window with index: '1'

2022-04-29 16:11:44 - [MESSAGE][PASSED] - Switched to window with index: '1'

2022-04-29 16:11:44 - [TEST_STEP][PASSED] - delay(5): Delayed 5 second(s)

2022-04-29 16:11:49 - [MESSAGE][PASSED] - Delayed 5 second(s)

2022-04-29 16:11:49 - [TEST_STEP][PASSED] - assert getUrl() == "https://www.everleagues.com/saas-agreement/": Current window's url is: 'https://www.everleagues.com/saas-agreement/'

2022-04-29 16:11:49 - [MESSAGE][PASSED] - Current window's url is: 'https://www.everleagues.com/saas-agreement/'

2022-04-29 16:11:49 - [TEST_STEP][PASSED] - closeWindowUrl("https://www.everleagues.com/saas-agreement/"): Window with url: 'https://www.everleagues.com/saas-agreement/' is closed

2022-04-29 16:11:49 - [MESSAGE][PASSED] - Window with url: 'https://www.everleagues.com/saas-agreement/' is closed

2022-04-29 16:11:49 - [TEST_STEP][PASSED] - switchToWindowIndex(0): Switched to window with index: '0'

2022-04-29 16:11:49 - [MESSAGE][PASSED] - Switched to window with index: '0'

2022-04-29 16:11:49 - [TEST_STEP][PASSED] - delay(1): Delayed 1 second(s)

2022-04-29 16:11:50 - [MESSAGE][PASSED] - Delayed 1 second(s)

2022-04-29 16:11:50 - [TEST_STEP][PASSED] - click(findTestObject("04-Add my Organizations/Free limited Plan/SaaS checkbox")): Object: 'Object Repository/04-Add my Organizations/Free limited Plan/SaaS checkbox' is clicked on

2022-04-29 16:11:50 - [MESSAGE][PASSED] - Object: 'Object Repository/04-Add my Organizations/Free limited Plan/SaaS checkbox' is clicked on

2022-04-29 16:11:50 - [TEST_STEP][PASSED] - delay(1): Delayed 1 second(s)

2022-04-29 16:11:51 - [MESSAGE][PASSED] - Delayed 1 second(s)

2022-04-29 16:11:51 - [TEST_STEP][PASSED] - click(findTestObject("04-Add my Organizations/Free limited Plan/button_Create")): Object: 'Object Repository/04-Add my Organizations/Free limited Plan/button_Create' is clicked on

2022-04-29 16:11:52 - [MESSAGE][PASSED] - Object: 'Object Repository/04-Add my Organizations/Free limited Plan/button_Create' is clicked on

2022-04-29 16:11:52 - [TEST_STEP][PASSED] - delay(1): Delayed 1 second(s)

2022-04-29 16:11:53 - [MESSAGE][PASSED] - Delayed 1 second(s)

2022-04-29 16:11:53 - [TEST_STEP][PASSED] - verifyElementVisible(findTestObject("04-Add my Organizations/Free limited Plan/Congratulations msg")): Object 'Object Repository/04-Add my Organizations/Free limited Plan/Congratulations msg' is visible

2022-04-29 16:11:59 - [MESSAGE][PASSED] - Object 'Object Repository/04-Add my Organizations/Free limited Plan/Congratulations msg' is visible

2022-04-29 16:11:59 - [TEST_STEP][PASSED] - verifyElementVisible(findTestObject("04-Add my Organizations/Free limited Plan/button_SET UP")): Object 'Object Repository/04-Add my Organizations/Free limited Plan/button_SET UP' is visible

2022-04-29 16:12:00 - [MESSAGE][PASSED] - Object 'Object Repository/04-Add my Organizations/Free limited Plan/button_SET UP' is visible

2022-04-29 16:12:00 - [TEST_STEP][PASSED] - verifyElementVisible(findTestObject("04-Add my Organizations/Free limited Plan/button_INVITE EMPLOYEES etc")): Object 'Object Repository/04-Add my Organizations/Free limited Plan/button_INVITE EMPLOYEES etc' is visible

2022-04-29 16:12:00 - [MESSAGE][PASSED] - Object 'Object Repository/04-Add my Organizations/Free limited Plan/button_INVITE EMPLOYEES etc' is visible

2022-04-29 16:12:00 - [TEST_STEP][PASSED] - verifyElementVisible(findTestObject("04-Add my Organizations/Free limited Plan/button_SET UP TEAM")): Object 'Object Repository/04-Add my Organizations/Free limited Plan/button_SET UP TEAM' is visible

2022-04-29 16:12:00 - [MESSAGE][PASSED] - Object 'Object Repository/04-Add my Organizations/Free limited Plan/button_SET UP TEAM' is visible

2022-04-29 16:12:00 - [TEST_STEP][PASSED] - verifyElementVisible(findTestObject("04-Add my Organizations/Free limited Plan/button_LEARN MORE")): Object 'Object Repository/04-Add my Organizations/Free limited Plan/button_LEARN MORE' is visible

2022-04-29 16:12:01 - [MESSAGE][PASSED] - Object 'Object Repository/04-Add my Organizations/Free limited Plan/button_LEARN MORE' is visible

2022-04-29 16:12:01 - [TEST_STEP][PASSED] - delay(4): Delayed 4 second(s)

2022-04-29 16:12:05 - [MESSAGE][PASSED] - Delayed 4 second(s)

2022-04-29 16:12:05 - [TEST_STEP][PASSED] - click(findTestObject("04-Add my Organizations/Free limited Plan/button_DO THIS LATER")): Object: 'Object Repository/04-Add my Organizations/Free limited Plan/button_DO THIS LATER' is clicked on

2022-04-29 16:12:05 - [MESSAGE][PASSED] - Object: 'Object Repository/04-Add my Organizations/Free limited Plan/button_DO THIS LATER' is clicked on

2022-04-29 16:12:05 - [TEST_STEP][PASSED] - delay(1): Delayed 1 second(s)

2022-04-29 16:12:06 - [MESSAGE][PASSED] - Delayed 1 second(s)

2022-04-29 16:12:06 - [TEST_STEP][PASSED] - verifyElementVisible(findTestObject("04-Add my Organizations/Free limited Plan/span_GG Automation")): Object 'Object Repository/04-Add my Organizations/Free limited Plan/span_GG Automation' is visible

2022-04-29 16:12:06 - [MESSAGE][PASSED] - Object 'Object Repository/04-Add my Organizations/Free limited Plan/span_GG Automation' is visible

2022-04-29 16:12:06 - [TEST_STEP][PASSED] - delay(1): Delayed 1 second(s)

2022-04-29 16:12:07 - [MESSAGE][PASSED] - Delayed 1 second(s)

2022-04-29 16:12:07 - [TEST_STEP][PASSED] - closeBrowser(): Browser is closed

2022-04-29 16:12:08 - [MESSAGE][PASSED] - Browser is closed]]></system-out>
         <system-err><![CDATA[]]></system-err>
      </testcase>
      <system-out><![CDATA[2022-04-29 16:06:19 - [TEST_SUITE][PASSED] - 04-Add my Organizations: Test Cases/04-Add my Organizations/02- Free limited Plan (Positive Scenarios)]]></system-out>
      <system-err><![CDATA[]]></system-err>
   </testsuite>
</testsuites>
