<?xml version="1.0" encoding="UTF-8"?>
<testsuites name="09.4 - Settings (Organization unit)" time="300.426" tests="4" failures="0" errors="0">
   <testsuite name="09.4 - Settings (Organization unit)" tests="4" failures="0" errors="0" time="300.426" skipped="0" timestamp="2023-05-22 17:34:34" hostname="Mike - LAPTOP-LF5VTH4H" id="Test Suites/TS-Organization/09.4 - Settings (Organization unit)">
      <properties>
         <property name="deviceName" value=""/>
         <property name="devicePlatform" value=""/>
         <property name="logFolder" value="D:\\Users\\Michelle\\Project\\Everleagues\\Reports\\20230522_173424\\TS-Organization\\09.4 - Settings (Organization unit)\\20230522_173424"/>
         <property name="logFiles" value="D:\\Users\\Michelle\\Project\\Everleagues\\Reports\\20230522_173424\\TS-Organization\\09.4 - Settings (Organization unit)\\20230522_173424\\execution0.log"/>
         <property name="attachments" value=""/>
         <property name="hostName" value="Mike - LAPTOP-LF5VTH4H"/>
         <property name="os" value="Windows 10 64bit"/>
         <property name="katalonVersion" value="8.6.0.208"/>
         <property name="browser" value="Chrome 113.0.0.0"/>
         <property name="hostAddress" value="192.168.100.69"/>
         <property name="sessionId" value="ebd7b77a72d1e4b02ca5fbe959a32c9b"/>
         <property name="seleniumVersion" value="3.141.59"/>
         <property name="proxyInformation" value="ProxyInformation { proxyOption=NO_PROXY, proxyServerType=HTTP, username=, password=********, proxyServerAddress=, proxyServerPort=0, executionList=&quot;&quot;, isApplyToDesiredCapabilities=true }"/>
         <property name="platform" value="Windows 10"/>
      </properties>
      <testcase name="Test Cases/09-Settings/19 - Organization unit - Add Organization unit" time="139.253" classname="Test Cases/09-Settings/19 - Organization unit - Add Organization unit" status="PASSED">
         <system-out><![CDATA[2023-05-22 17:34:35 - [TEST_CASE][PASSED] - Test Cases/09-Settings/19 - Organization unit - Add Organization unit: Test Cases/09-Settings/19 - Organization unit - Add Organization unit

2023-05-22 17:34:36 - [TEST_STEP][PASSED] - openBrowser(""): Browser is opened with url: ''

2023-05-22 17:34:36 - [MESSAGE][INFO] - Starting 'Chrome' driver

2023-05-22 17:34:37 - [MESSAGE][INFO] - Action delay is set to 0 milliseconds

2023-05-22 17:34:44 - [MESSAGE][PASSED] - Browser is opened with url: ''

2023-05-22 17:34:44 - [TEST_STEP][PASSED] - navigateToUrl(appURL): Navigate to 'https://lab.everleagues.com/' successfully

2023-05-22 17:34:55 - [MESSAGE][PASSED] - Navigate to 'https://lab.everleagues.com/' successfully

2023-05-22 17:34:55 - [TEST_STEP][PASSED] - maximizeWindow(): Current window maximized

2023-05-22 17:34:56 - [MESSAGE][PASSED] - Current window maximized

2023-05-22 17:34:56 - [TEST_STEP][PASSED] - callTestCase(findTestCase("01-Login and Forgot Password/04-Login(Valid Credentials-With Subscription)"), [:], STOP_ON_FAILURE): Call Test Case 'Test Cases/01-Login and Forgot Password/04-Login(Valid Credentials-With Subscription)' successfully

2023-05-22 17:34:56 - [TEST_CASE][PASSED] - Test Cases/01-Login and Forgot Password/04-Login(Valid Credentials-With Subscription): Test Cases/01-Login and Forgot Password/04-Login(Valid Credentials-With Subscription)

2023-05-22 17:34:58 - [TEST_STEP][PASSED] - setText(findTestObject("01-Login and Forgot Password/input_Email_email"), email_with_subscription): Text 'testuser05@mailinator.com' is set on object 'Object Repository/01-Login and Forgot Password/input_Email_email'

2023-05-22 17:35:02 - [MESSAGE][PASSED] - Text 'testuser05@mailinator.com' is set on object 'Object Repository/01-Login and Forgot Password/input_Email_email'

2023-05-22 17:35:02 - [TEST_STEP][PASSED] - setEncryptedText(findTestObject("01-Login and Forgot Password/input_Email_password"), password): Text ****** has been set on object 'Object Repository/01-Login and Forgot Password/input_Email_password'

2023-05-22 17:35:02 - [MESSAGE][PASSED] - Text ****** has been set on object 'Object Repository/01-Login and Forgot Password/input_Email_password'

2023-05-22 17:35:02 - [TEST_STEP][PASSED] - delay(delay_2seconds): Delayed 2 second(s)

2023-05-22 17:35:05 - [MESSAGE][PASSED] - Delayed 2 second(s)

2023-05-22 17:35:05 - [TEST_STEP][PASSED] - click(findTestObject("01-Login and Forgot Password/show pass button")): Object: 'Object Repository/01-Login and Forgot Password/show pass button' is clicked on

2023-05-22 17:35:05 - [MESSAGE][PASSED] - Object: 'Object Repository/01-Login and Forgot Password/show pass button' is clicked on

2023-05-22 17:35:05 - [TEST_STEP][PASSED] - delay(delay_3seconds): Delayed 3 second(s)

2023-05-22 17:35:08 - [MESSAGE][PASSED] - Delayed 3 second(s)

2023-05-22 17:35:08 - [TEST_STEP][PASSED] - click(findTestObject("01-Login and Forgot Password/button_Sign in")): Object: 'Object Repository/01-Login and Forgot Password/button_Sign in' is clicked on

2023-05-22 17:35:09 - [MESSAGE][PASSED] - Object: 'Object Repository/01-Login and Forgot Password/button_Sign in' is clicked on

2023-05-22 17:35:09 - [TEST_STEP][PASSED] - delay(delay_3seconds): Delayed 3 second(s)

2023-05-22 17:35:12 - [MESSAGE][PASSED] - Delayed 3 second(s)

2023-05-22 17:35:12 - [TEST_STEP][PASSED] - click(findTestObject("06-Teams/For 2FA/button_Confirm_2FA")): Object: 'Object Repository/06-Teams/For 2FA/button_Confirm_2FA' is clicked on

2023-05-22 17:35:12 - [MESSAGE][PASSED] - Object: 'Object Repository/06-Teams/For 2FA/button_Confirm_2FA' is clicked on

2023-05-22 17:35:12 - [TEST_STEP][PASSED] - executeJavaScript("window.open();", []): Execute JavaScript 'window.open();' successfully

2023-05-22 17:35:13 - [MESSAGE][PASSED] - Execute JavaScript 'window.open();' successfully

2023-05-22 17:35:13 - [TEST_STEP][PASSED] - currentWindow = getWindowIndex(): Current window's index is: 0

2023-05-22 17:35:13 - [MESSAGE][PASSED] - Current window's index is: 0

2023-05-22 17:35:13 - [TEST_STEP][PASSED] - delay(delay_3seconds): Delayed 3 second(s)

2023-05-22 17:35:16 - [MESSAGE][PASSED] - Delayed 3 second(s)

2023-05-22 17:35:16 - [TEST_STEP][PASSED] - switchToWindowIndex(currentWindow + 1): Switched to window with index: '1'

2023-05-22 17:35:16 - [MESSAGE][PASSED] - Switched to window with index: '1'

2023-05-22 17:35:16 - [TEST_STEP][PASSED] - navigateToUrl(app_mailinator): Navigate to 'https://www.mailinator.com/' successfully

2023-05-22 17:35:22 - [MESSAGE][PASSED] - Navigate to 'https://www.mailinator.com/' successfully

2023-05-22 17:35:22 - [TEST_STEP][PASSED] - delay(delay_3seconds): Delayed 3 second(s)

2023-05-22 17:35:25 - [MESSAGE][PASSED] - Delayed 3 second(s)

2023-05-22 17:35:25 - [TEST_STEP][PASSED] - setText(findTestObject("00-Signup and Activation/zMailinator/input_LOGIN_search"), email_for_searchmailinator_testuser05): Text 'testuser05@mailinator.com' is set on object 'Object Repository/00-Signup and Activation/zMailinator/input_LOGIN_search'

2023-05-22 17:35:26 - [MESSAGE][PASSED] - Text 'testuser05@mailinator.com' is set on object 'Object Repository/00-Signup and Activation/zMailinator/input_LOGIN_search'

2023-05-22 17:35:26 - [TEST_STEP][PASSED] - click(findTestObject("00-Signup and Activation/zMailinator/gobutton"), STOP_ON_FAILURE): Object: 'Object Repository/00-Signup and Activation/zMailinator/gobutton' is clicked on

2023-05-22 17:35:27 - [MESSAGE][PASSED] - Object: 'Object Repository/00-Signup and Activation/zMailinator/gobutton' is clicked on

2023-05-22 17:35:27 - [TEST_STEP][PASSED] - delay(delay_3seconds): Delayed 3 second(s)

2023-05-22 17:35:30 - [MESSAGE][PASSED] - Delayed 3 second(s)

2023-05-22 17:35:30 - [TEST_STEP][PASSED] - click(findTestObject("00-Signup and Activation/zMailinator/Email - everleagues")): Object: 'Object Repository/00-Signup and Activation/zMailinator/Email - everleagues' is clicked on

2023-05-22 17:35:31 - [MESSAGE][PASSED] - Object: 'Object Repository/00-Signup and Activation/zMailinator/Email - everleagues' is clicked on

2023-05-22 17:35:31 - [TEST_STEP][PASSED] - delay(delay_3seconds): Delayed 3 second(s)

2023-05-22 17:35:34 - [MESSAGE][PASSED] - Delayed 3 second(s)

2023-05-22 17:35:34 - [TEST_STEP][PASSED] - code = getText(findTestObject("Object Repository/06-Teams/For 2FA/2FA code")): Text of object 'Object Repository/06-Teams/For 2FA/2FA code' is: '806714'

2023-05-22 17:35:36 - [MESSAGE][PASSED] - Text of object 'Object Repository/06-Teams/For 2FA/2FA code' is: '806714'

2023-05-22 17:35:36 - [TEST_STEP][PASSED] - delay(delay_3seconds): Delayed 3 second(s)

2023-05-22 17:35:39 - [MESSAGE][PASSED] - Delayed 3 second(s)

2023-05-22 17:35:39 - [TEST_STEP][PASSED] - closeWindowTitle("Mailinator"): Window with title: 'Mailinator' is closed

2023-05-22 17:35:39 - [MESSAGE][PASSED] - Window with title: 'Mailinator' is closed

2023-05-22 17:35:39 - [TEST_STEP][PASSED] - delay(delay_3seconds): Delayed 3 second(s)

2023-05-22 17:35:42 - [MESSAGE][PASSED] - Delayed 3 second(s)

2023-05-22 17:35:42 - [TEST_STEP][PASSED] - switchToWindowIndex(0): Switched to window with index: '0'

2023-05-22 17:35:42 - [MESSAGE][PASSED] - Switched to window with index: '0'

2023-05-22 17:35:42 - [TEST_STEP][PASSED] - delay(delay_3seconds): Delayed 3 second(s)

2023-05-22 17:35:45 - [MESSAGE][PASSED] - Delayed 3 second(s)

2023-05-22 17:35:45 - [TEST_STEP][PASSED] - setText(findTestObject("Object Repository/06-Teams/For 2FA/input_Enter verification code_code"), code): Text '806714' is set on object 'Object Repository/06-Teams/For 2FA/input_Enter verification code_code'

2023-05-22 17:35:48 - [MESSAGE][PASSED] - Text '806714' is set on object 'Object Repository/06-Teams/For 2FA/input_Enter verification code_code'

2023-05-22 17:35:48 - [TEST_STEP][PASSED] - delay(delay_3seconds): Delayed 3 second(s)

2023-05-22 17:35:52 - [MESSAGE][PASSED] - Delayed 3 second(s)

2023-05-22 17:35:52 - [TEST_STEP][PASSED] - click(findTestObject("06-Teams/For 2FA/button_Verify_2FA")): Object: 'Object Repository/06-Teams/For 2FA/button_Verify_2FA' is clicked on

2023-05-22 17:35:52 - [MESSAGE][PASSED] - Object: 'Object Repository/06-Teams/For 2FA/button_Verify_2FA' is clicked on

2023-05-22 17:35:52 - [TEST_STEP][PASSED] - delay(delay_3seconds): Delayed 3 second(s)

2023-05-22 17:35:55 - [MESSAGE][PASSED] - Delayed 3 second(s)

2023-05-22 17:35:56 - [MESSAGE][PASSED] - Call Test Case 'Test Cases/01-Login and Forgot Password/04-Login(Valid Credentials-With Subscription)' successfully

2023-05-22 17:35:56 - [TEST_STEP][PASSED] - click(findTestObject("06-Teams/button_doublearrow")): Object: 'Object Repository/06-Teams/button_doublearrow' is clicked on

2023-05-22 17:35:58 - [MESSAGE][PASSED] - Object: 'Object Repository/06-Teams/button_doublearrow' is clicked on

2023-05-22 17:35:58 - [TEST_STEP][PASSED] - click(findTestObject("06-Teams/button_My Organizations")): Object: 'Object Repository/06-Teams/button_My Organizations' is clicked on

2023-05-22 17:35:59 - [MESSAGE][PASSED] - Object: 'Object Repository/06-Teams/button_My Organizations' is clicked on

2023-05-22 17:35:59 - [TEST_STEP][PASSED] - click(findTestObject("06-Teams/button_GG Automation")): Object: 'Object Repository/06-Teams/button_GG Automation' is clicked on

2023-05-22 17:36:00 - [MESSAGE][PASSED] - Object: 'Object Repository/06-Teams/button_GG Automation' is clicked on

2023-05-22 17:36:00 - [TEST_STEP][PASSED] - delay(delay_3seconds): Delayed 3 second(s)

2023-05-22 17:36:03 - [MESSAGE][PASSED] - Delayed 3 second(s)

2023-05-22 17:36:03 - [TEST_STEP][PASSED] - verifyElementVisible(findTestObject("06-Teams/span_GG Automation")): Object 'Object Repository/06-Teams/span_GG Automation' is visible

2023-05-22 17:36:04 - [MESSAGE][PASSED] - Object 'Object Repository/06-Teams/span_GG Automation' is visible

2023-05-22 17:36:04 - [TEST_STEP][PASSED] - delay(delay_4seconds): Delayed 4 second(s)

2023-05-22 17:36:08 - [MESSAGE][PASSED] - Delayed 4 second(s)

2023-05-22 17:36:08 - [TEST_STEP][PASSED] - click(findTestObject("03-Header Menu/Hamburger Button/div_Settings")): Object: 'Object Repository/03-Header Menu/Hamburger Button/div_Settings' is clicked on

2023-05-22 17:36:08 - [MESSAGE][PASSED] - Object: 'Object Repository/03-Header Menu/Hamburger Button/div_Settings' is clicked on

2023-05-22 17:36:08 - [TEST_STEP][PASSED] - delay(delay_3seconds): Delayed 3 second(s)

2023-05-22 17:36:11 - [MESSAGE][PASSED] - Delayed 3 second(s)

2023-05-22 17:36:11 - [TEST_STEP][PASSED] - scrollToElement(findTestObject("09-Settings/Users/div_Organization Units"), 0): Scroll to object 'Object Repository/09-Settings/Users/div_Organization Units' successfully

2023-05-22 17:36:12 - [MESSAGE][WARNING] - Timeout '0' is invalid. Using default page load timeout: '30'

2023-05-22 17:36:12 - [MESSAGE][PASSED] - Scroll to object 'Object Repository/09-Settings/Users/div_Organization Units' successfully

2023-05-22 17:36:12 - [TEST_STEP][PASSED] - click(findTestObject("09-Settings/Users/div_Organization Units")): Object: 'Object Repository/09-Settings/Users/div_Organization Units' is clicked on

2023-05-22 17:36:13 - [MESSAGE][PASSED] - Object: 'Object Repository/09-Settings/Users/div_Organization Units' is clicked on

2023-05-22 17:36:13 - [TEST_STEP][PASSED] - verifyElementVisible(findTestObject("09-Settings/Organization unit/h4_ORGANIZATION STRUCTURE SETUP")): Object 'Object Repository/09-Settings/Organization unit/h4_ORGANIZATION STRUCTURE SETUP' is visible

2023-05-22 17:36:14 - [MESSAGE][PASSED] - Object 'Object Repository/09-Settings/Organization unit/h4_ORGANIZATION STRUCTURE SETUP' is visible

2023-05-22 17:36:14 - [TEST_STEP][PASSED] - delay(delay_3seconds): Delayed 3 second(s)

2023-05-22 17:36:17 - [MESSAGE][PASSED] - Delayed 3 second(s)

2023-05-22 17:36:17 - [TEST_STEP][PASSED] - click(findTestObject("09-Settings/Organization unit/button_add")): Object: 'Object Repository/09-Settings/Organization unit/button_add' is clicked on

2023-05-22 17:36:18 - [MESSAGE][PASSED] - Object: 'Object Repository/09-Settings/Organization unit/button_add' is clicked on

2023-05-22 17:36:18 - [TEST_STEP][PASSED] - verifyElementPresent(findTestObject("09-Settings/Organization unit/mat-dialog-container_Add organization unit modal"), 0): Object 'Object Repository/09-Settings/Organization unit/mat-dialog-container_Add organization unit modal' is present

2023-05-22 17:36:18 - [MESSAGE][WARNING] - Timeout '0' is invalid. Using default page load timeout: '30'

2023-05-22 17:36:19 - [MESSAGE][PASSED] - Object 'Object Repository/09-Settings/Organization unit/mat-dialog-container_Add organization unit modal' is present

2023-05-22 17:36:19 - [TEST_STEP][PASSED] - verifyElementPresent(findTestObject("09-Settings/Organization unit/h4_Name"), 0): Object 'Object Repository/09-Settings/Organization unit/h4_Name' is present

2023-05-22 17:36:19 - [MESSAGE][WARNING] - Timeout '0' is invalid. Using default page load timeout: '30'

2023-05-22 17:36:20 - [MESSAGE][PASSED] - Object 'Object Repository/09-Settings/Organization unit/h4_Name' is present

2023-05-22 17:36:20 - [TEST_STEP][PASSED] - click(findTestObject("09-Settings/Organization unit/mat-icon_create")): Object: 'Object Repository/09-Settings/Organization unit/mat-icon_create' is clicked on

2023-05-22 17:36:20 - [MESSAGE][PASSED] - Object: 'Object Repository/09-Settings/Organization unit/mat-icon_create' is clicked on

2023-05-22 17:36:20 - [TEST_STEP][PASSED] - verifyElementPresent(findTestObject("09-Settings/Organization unit/mat-dialog-container_Select an organization unit modal"), 0): Object 'Object Repository/09-Settings/Organization unit/mat-dialog-container_Select an organization unit modal' is present

2023-05-22 17:36:21 - [MESSAGE][WARNING] - Timeout '0' is invalid. Using default page load timeout: '30'

2023-05-22 17:36:21 - [MESSAGE][PASSED] - Object 'Object Repository/09-Settings/Organization unit/mat-dialog-container_Select an organization unit modal' is present

2023-05-22 17:36:21 - [TEST_STEP][PASSED] - verifyElementPresent(findTestObject("09-Settings/Organization unit/h4_Select an organization unit"), 0): Object 'Object Repository/09-Settings/Organization unit/h4_Select an organization unit' is present

2023-05-22 17:36:21 - [MESSAGE][WARNING] - Timeout '0' is invalid. Using default page load timeout: '30'

2023-05-22 17:36:21 - [MESSAGE][PASSED] - Object 'Object Repository/09-Settings/Organization unit/h4_Select an organization unit' is present

2023-05-22 17:36:21 - [TEST_STEP][PASSED] - delay(delay_3seconds): Delayed 3 second(s)

2023-05-22 17:36:24 - [MESSAGE][PASSED] - Delayed 3 second(s)

2023-05-22 17:36:24 - [TEST_STEP][PASSED] - click(findTestObject("09-Settings/Organization unit/Cancel button for select an organization unit")): Object: 'Object Repository/09-Settings/Organization unit/Cancel button for select an organization unit' is clicked on

2023-05-22 17:36:25 - [MESSAGE][PASSED] - Object: 'Object Repository/09-Settings/Organization unit/Cancel button for select an organization unit' is clicked on

2023-05-22 17:36:25 - [TEST_STEP][PASSED] - delay(delay_3seconds): Delayed 3 second(s)

2023-05-22 17:36:28 - [MESSAGE][PASSED] - Delayed 3 second(s)

2023-05-22 17:36:28 - [TEST_STEP][PASSED] - click(findTestObject("09-Settings/Organization unit/input_Parent Organization Unit Name_orgName")): Object: 'Object Repository/09-Settings/Organization unit/input_Parent Organization Unit Name_orgName' is clicked on

2023-05-22 17:36:29 - [MESSAGE][PASSED] - Object: 'Object Repository/09-Settings/Organization unit/input_Parent Organization Unit Name_orgName' is clicked on

2023-05-22 17:36:29 - [TEST_STEP][PASSED] - click(findTestObject("09-Settings/Organization unit/mat-dialog-container_Add organization unit modal")): Object: 'Object Repository/09-Settings/Organization unit/mat-dialog-container_Add organization unit modal' is clicked on

2023-05-22 17:36:29 - [MESSAGE][PASSED] - Object: 'Object Repository/09-Settings/Organization unit/mat-dialog-container_Add organization unit modal' is clicked on

2023-05-22 17:36:29 - [TEST_STEP][PASSED] - verifyElementPresent(findTestObject("09-Settings/Organization unit/mat-error_Field is required"), 0): Object 'Object Repository/09-Settings/Organization unit/mat-error_Field is required' is present

2023-05-22 17:36:29 - [MESSAGE][WARNING] - Timeout '0' is invalid. Using default page load timeout: '30'

2023-05-22 17:36:30 - [MESSAGE][PASSED] - Object 'Object Repository/09-Settings/Organization unit/mat-error_Field is required' is present

2023-05-22 17:36:30 - [TEST_STEP][PASSED] - delay(delay_3seconds): Delayed 3 second(s)

2023-05-22 17:36:33 - [MESSAGE][PASSED] - Delayed 3 second(s)

2023-05-22 17:36:33 - [TEST_STEP][PASSED] - click(findTestObject("09-Settings/Users/Active User/button_Cancel_restore")): Object: 'Object Repository/09-Settings/Users/Active User/button_Cancel_restore' is clicked on

2023-05-22 17:36:34 - [MESSAGE][PASSED] - Object: 'Object Repository/09-Settings/Users/Active User/button_Cancel_restore' is clicked on

2023-05-22 17:36:34 - [TEST_STEP][PASSED] - delay(delay_3seconds): Delayed 3 second(s)

2023-05-22 17:36:37 - [MESSAGE][PASSED] - Delayed 3 second(s)

2023-05-22 17:36:37 - [TEST_STEP][PASSED] - click(findTestObject("09-Settings/Organization unit/button_add")): Object: 'Object Repository/09-Settings/Organization unit/button_add' is clicked on

2023-05-22 17:36:38 - [MESSAGE][PASSED] - Object: 'Object Repository/09-Settings/Organization unit/button_add' is clicked on

2023-05-22 17:36:38 - [TEST_STEP][PASSED] - verifyElementPresent(findTestObject("09-Settings/Organization unit/mat-dialog-container_Add organization unit modal"), 0): Object 'Object Repository/09-Settings/Organization unit/mat-dialog-container_Add organization unit modal' is present

2023-05-22 17:36:38 - [MESSAGE][WARNING] - Timeout '0' is invalid. Using default page load timeout: '30'

2023-05-22 17:36:39 - [MESSAGE][PASSED] - Object 'Object Repository/09-Settings/Organization unit/mat-dialog-container_Add organization unit modal' is present

2023-05-22 17:36:39 - [TEST_STEP][PASSED] - click(findTestObject("09-Settings/Organization unit/mat-icon_create")): Object: 'Object Repository/09-Settings/Organization unit/mat-icon_create' is clicked on

2023-05-22 17:36:39 - [MESSAGE][PASSED] - Object: 'Object Repository/09-Settings/Organization unit/mat-icon_create' is clicked on

2023-05-22 17:36:39 - [TEST_STEP][PASSED] - verifyElementPresent(findTestObject("09-Settings/Organization unit/mat-dialog-container_Select an organization unit modal"), 0): Object 'Object Repository/09-Settings/Organization unit/mat-dialog-container_Select an organization unit modal' is present

2023-05-22 17:36:39 - [MESSAGE][WARNING] - Timeout '0' is invalid. Using default page load timeout: '30'

2023-05-22 17:36:40 - [MESSAGE][PASSED] - Object 'Object Repository/09-Settings/Organization unit/mat-dialog-container_Select an organization unit modal' is present

2023-05-22 17:36:40 - [TEST_STEP][PASSED] - verifyElementPresent(findTestObject("09-Settings/Organization unit/h4_Select an organization unit"), 0): Object 'Object Repository/09-Settings/Organization unit/h4_Select an organization unit' is present

2023-05-22 17:36:40 - [MESSAGE][WARNING] - Timeout '0' is invalid. Using default page load timeout: '30'

2023-05-22 17:36:40 - [MESSAGE][PASSED] - Object 'Object Repository/09-Settings/Organization unit/h4_Select an organization unit' is present

2023-05-22 17:36:40 - [TEST_STEP][PASSED] - click(findTestObject("09-Settings/Organization unit/div_GG Automation")): Object: 'Object Repository/09-Settings/Organization unit/div_GG Automation' is clicked on

2023-05-22 17:36:41 - [MESSAGE][PASSED] - Object: 'Object Repository/09-Settings/Organization unit/div_GG Automation' is clicked on

2023-05-22 17:36:41 - [TEST_STEP][PASSED] - delay(delay_3seconds): Delayed 3 second(s)

2023-05-22 17:36:44 - [MESSAGE][PASSED] - Delayed 3 second(s)

2023-05-22 17:36:44 - [TEST_STEP][PASSED] - click(findTestObject("09-Settings/Organization unit/button_Select organization")): Object: 'Object Repository/09-Settings/Organization unit/button_Select organization' is clicked on

2023-05-22 17:36:44 - [MESSAGE][PASSED] - Object: 'Object Repository/09-Settings/Organization unit/button_Select organization' is clicked on

2023-05-22 17:36:44 - [TEST_STEP][PASSED] - setText(findTestObject("09-Settings/Organization unit/input_Parent Organization Unit Name_orgName"), org_unit): Text 'Automation Organization unit' is set on object 'Object Repository/09-Settings/Organization unit/input_Parent Organization Unit Name_orgName'

2023-05-22 17:36:46 - [MESSAGE][PASSED] - Text 'Automation Organization unit' is set on object 'Object Repository/09-Settings/Organization unit/input_Parent Organization Unit Name_orgName'

2023-05-22 17:36:46 - [TEST_STEP][PASSED] - delay(delay_3seconds): Delayed 3 second(s)

2023-05-22 17:36:49 - [MESSAGE][PASSED] - Delayed 3 second(s)

2023-05-22 17:36:49 - [TEST_STEP][PASSED] - click(findTestObject("09-Settings/Users/Active User/button_Save")): Object: 'Object Repository/09-Settings/Users/Active User/button_Save' is clicked on

2023-05-22 17:36:50 - [MESSAGE][PASSED] - Object: 'Object Repository/09-Settings/Users/Active User/button_Save' is clicked on

2023-05-22 17:36:50 - [TEST_STEP][PASSED] - verifyElementPresent(findTestObject("09-Settings/Organization unit/span_Successfully added organization unit"), 0): Object 'Object Repository/09-Settings/Organization unit/span_Successfully added organization unit' is present

2023-05-22 17:36:50 - [MESSAGE][WARNING] - Timeout '0' is invalid. Using default page load timeout: '30'

2023-05-22 17:36:51 - [MESSAGE][PASSED] - Object 'Object Repository/09-Settings/Organization unit/span_Successfully added organization unit' is present

2023-05-22 17:36:51 - [TEST_STEP][PASSED] - delay(delay_3seconds): Delayed 3 second(s)

2023-05-22 17:36:54 - [MESSAGE][PASSED] - Delayed 3 second(s)]]></system-out>
         <system-err><![CDATA[]]></system-err>
      </testcase>
      <testcase name="Test Cases/09-Settings/20 - Organization unit - Join Request Link" time="50.243" classname="Test Cases/09-Settings/20 - Organization unit - Join Request Link" status="PASSED">
         <system-out><![CDATA[2023-05-22 17:36:54 - [TEST_CASE][PASSED] - Test Cases/09-Settings/20 - Organization unit - Join Request Link: Test Cases/09-Settings/20 - Organization unit - Join Request Link

2023-05-22 17:36:56 - [TEST_STEP][PASSED] - delay(delay_3seconds): Delayed 3 second(s)

2023-05-22 17:36:59 - [MESSAGE][PASSED] - Delayed 3 second(s)

2023-05-22 17:36:59 - [TEST_STEP][PASSED] - mouseOver(findTestObject("09-Settings/Organization unit/div_GG TESTER")): Object: 'Object Repository/09-Settings/Organization unit/div_GG TESTER' is hovered

2023-05-22 17:37:00 - [MESSAGE][PASSED] - Object: 'Object Repository/09-Settings/Organization unit/div_GG TESTER' is hovered

2023-05-22 17:37:00 - [TEST_STEP][PASSED] - delay(delay_3seconds): Delayed 3 second(s)

2023-05-22 17:37:03 - [MESSAGE][PASSED] - Delayed 3 second(s)

2023-05-22 17:37:03 - [TEST_STEP][PASSED] - click(findTestObject("09-Settings/Organization unit/div_GG TESTER")): Object: 'Object Repository/09-Settings/Organization unit/div_GG TESTER' is clicked on

2023-05-22 17:37:03 - [MESSAGE][PASSED] - Object: 'Object Repository/09-Settings/Organization unit/div_GG TESTER' is clicked on

2023-05-22 17:37:03 - [TEST_STEP][PASSED] - delay(delay_3seconds): Delayed 3 second(s)

2023-05-22 17:37:06 - [MESSAGE][PASSED] - Delayed 3 second(s)

2023-05-22 17:37:06 - [TEST_STEP][PASSED] - click(findTestObject("09-Settings/Organization unit/button_link")): Object: 'Object Repository/09-Settings/Organization unit/button_link' is clicked on

2023-05-22 17:37:07 - [MESSAGE][PASSED] - Object: 'Object Repository/09-Settings/Organization unit/button_link' is clicked on

2023-05-22 17:37:07 - [TEST_STEP][PASSED] - verifyElementPresent(findTestObject("09-Settings/Organization unit/mat-dialog-container_Join Request modal"), 0): Object 'Object Repository/09-Settings/Organization unit/mat-dialog-container_Join Request modal' is present

2023-05-22 17:37:07 - [MESSAGE][WARNING] - Timeout '0' is invalid. Using default page load timeout: '30'

2023-05-22 17:37:09 - [MESSAGE][PASSED] - Object 'Object Repository/09-Settings/Organization unit/mat-dialog-container_Join Request modal' is present

2023-05-22 17:37:09 - [TEST_STEP][PASSED] - verifyElementPresent(findTestObject("09-Settings/Organization unit/h2_Join Request"), 0): Object 'Object Repository/09-Settings/Organization unit/h2_Join Request' is present

2023-05-22 17:37:09 - [MESSAGE][WARNING] - Timeout '0' is invalid. Using default page load timeout: '30'

2023-05-22 17:37:09 - [MESSAGE][PASSED] - Object 'Object Repository/09-Settings/Organization unit/h2_Join Request' is present

2023-05-22 17:37:09 - [TEST_STEP][PASSED] - verifyElementPresent(findTestObject("09-Settings/Organization unit/div_Client link"), 0): Object 'Object Repository/09-Settings/Organization unit/div_Client link' is present

2023-05-22 17:37:09 - [MESSAGE][WARNING] - Timeout '0' is invalid. Using default page load timeout: '30'

2023-05-22 17:37:10 - [MESSAGE][PASSED] - Object 'Object Repository/09-Settings/Organization unit/div_Client link' is present

2023-05-22 17:37:10 - [TEST_STEP][PASSED] - verifyElementPresent(findTestObject("09-Settings/Organization unit/div_Partner link"), 0): Object 'Object Repository/09-Settings/Organization unit/div_Partner link' is present

2023-05-22 17:37:10 - [MESSAGE][WARNING] - Timeout '0' is invalid. Using default page load timeout: '30'

2023-05-22 17:37:10 - [MESSAGE][PASSED] - Object 'Object Repository/09-Settings/Organization unit/div_Partner link' is present

2023-05-22 17:37:10 - [TEST_STEP][PASSED] - delay(delay_3seconds): Delayed 3 second(s)

2023-05-22 17:37:13 - [MESSAGE][PASSED] - Delayed 3 second(s)

2023-05-22 17:37:13 - [TEST_STEP][PASSED] - click(findTestObject("09-Settings/Organization unit/button_COPY")): Object: 'Object Repository/09-Settings/Organization unit/button_COPY' is clicked on

2023-05-22 17:37:14 - [MESSAGE][PASSED] - Object: 'Object Repository/09-Settings/Organization unit/button_COPY' is clicked on

2023-05-22 17:37:14 - [TEST_STEP][PASSED] - verifyElementPresent(findTestObject("09-Settings/Organization unit/snack-bar-container_Copy Link"), 0): Object 'Object Repository/09-Settings/Organization unit/snack-bar-container_Copy Link' is present

2023-05-22 17:37:14 - [MESSAGE][WARNING] - Timeout '0' is invalid. Using default page load timeout: '30'

2023-05-22 17:37:15 - [MESSAGE][PASSED] - Object 'Object Repository/09-Settings/Organization unit/snack-bar-container_Copy Link' is present

2023-05-22 17:37:15 - [TEST_STEP][PASSED] - click(findTestObject("09-Settings/Organization unit/button_Ok")): Object: 'Object Repository/09-Settings/Organization unit/button_Ok' is clicked on

2023-05-22 17:37:15 - [MESSAGE][PASSED] - Object: 'Object Repository/09-Settings/Organization unit/button_Ok' is clicked on

2023-05-22 17:37:15 - [TEST_STEP][PASSED] - delay(delay_3seconds): Delayed 3 second(s)

2023-05-22 17:37:18 - [MESSAGE][PASSED] - Delayed 3 second(s)

2023-05-22 17:37:18 - [TEST_STEP][PASSED] - my_clipboard = getContents(null).getTransferData(stringFlavor): null

2023-05-22 17:37:19 - [TEST_STEP][PASSED] - navigateToUrl(my_clipboard): Navigate to 'https://xukp7.app.goo.gl/UzbW' successfully

2023-05-22 17:37:30 - [MESSAGE][PASSED] - Navigate to 'https://xukp7.app.goo.gl/UzbW' successfully

2023-05-22 17:37:30 - [TEST_STEP][PASSED] - delay(delay_3seconds): Delayed 3 second(s)

2023-05-22 17:37:34 - [MESSAGE][PASSED] - Delayed 3 second(s)

2023-05-22 17:37:34 - [TEST_STEP][PASSED] - verifyElementPresent(findTestObject("09-Settings/Organization unit/mat_card_join request link"), 0): Object 'Object Repository/09-Settings/Organization unit/mat_card_join request link' is present

2023-05-22 17:37:34 - [MESSAGE][WARNING] - Timeout '0' is invalid. Using default page load timeout: '30'

2023-05-22 17:37:34 - [MESSAGE][PASSED] - Object 'Object Repository/09-Settings/Organization unit/mat_card_join request link' is present

2023-05-22 17:37:34 - [TEST_STEP][PASSED] - delay(delay_3seconds): Delayed 3 second(s)

2023-05-22 17:37:37 - [MESSAGE][PASSED] - Delayed 3 second(s)

2023-05-22 17:37:37 - [TEST_STEP][PASSED] - navigateToUrl(appURL): Navigate to 'https://lab.everleagues.com/' successfully

2023-05-22 17:37:41 - [MESSAGE][PASSED] - Navigate to 'https://lab.everleagues.com/' successfully

2023-05-22 17:37:41 - [TEST_STEP][PASSED] - delay(delay_3seconds): Delayed 3 second(s)

2023-05-22 17:37:44 - [MESSAGE][PASSED] - Delayed 3 second(s)]]></system-out>
         <system-err><![CDATA[]]></system-err>
      </testcase>
      <testcase name="Test Cases/09-Settings/21 - Organization unit - Edit Oganization unit" time="73.538" classname="Test Cases/09-Settings/21 - Organization unit - Edit Oganization unit" status="PASSED">
         <system-out><![CDATA[2023-05-22 17:37:44 - [TEST_CASE][PASSED] - Test Cases/09-Settings/21 - Organization unit - Edit Oganization unit: Test Cases/09-Settings/21 - Organization unit - Edit Oganization unit

2023-05-22 17:37:47 - [TEST_STEP][PASSED] - click(findTestObject("06-Teams/button_doublearrow")): Object: 'Object Repository/06-Teams/button_doublearrow' is clicked on

2023-05-22 17:37:49 - [MESSAGE][PASSED] - Object: 'Object Repository/06-Teams/button_doublearrow' is clicked on

2023-05-22 17:37:49 - [TEST_STEP][PASSED] - click(findTestObject("06-Teams/button_My Organizations")): Object: 'Object Repository/06-Teams/button_My Organizations' is clicked on

2023-05-22 17:37:50 - [MESSAGE][PASSED] - Object: 'Object Repository/06-Teams/button_My Organizations' is clicked on

2023-05-22 17:37:50 - [TEST_STEP][PASSED] - click(findTestObject("06-Teams/button_GG Automation")): Object: 'Object Repository/06-Teams/button_GG Automation' is clicked on

2023-05-22 17:37:51 - [MESSAGE][PASSED] - Object: 'Object Repository/06-Teams/button_GG Automation' is clicked on

2023-05-22 17:37:51 - [TEST_STEP][PASSED] - delay(delay_3seconds): Delayed 3 second(s)

2023-05-22 17:37:54 - [MESSAGE][PASSED] - Delayed 3 second(s)

2023-05-22 17:37:54 - [TEST_STEP][PASSED] - verifyElementVisible(findTestObject("06-Teams/span_GG Automation")): Object 'Object Repository/06-Teams/span_GG Automation' is visible

2023-05-22 17:37:55 - [MESSAGE][PASSED] - Object 'Object Repository/06-Teams/span_GG Automation' is visible

2023-05-22 17:37:55 - [TEST_STEP][PASSED] - delay(delay_4seconds): Delayed 4 second(s)

2023-05-22 17:37:59 - [MESSAGE][PASSED] - Delayed 4 second(s)

2023-05-22 17:37:59 - [TEST_STEP][PASSED] - click(findTestObject("03-Header Menu/Hamburger Button/div_Settings")): Object: 'Object Repository/03-Header Menu/Hamburger Button/div_Settings' is clicked on

2023-05-22 17:38:00 - [MESSAGE][PASSED] - Object: 'Object Repository/03-Header Menu/Hamburger Button/div_Settings' is clicked on

2023-05-22 17:38:00 - [TEST_STEP][PASSED] - delay(delay_3seconds): Delayed 3 second(s)

2023-05-22 17:38:03 - [MESSAGE][PASSED] - Delayed 3 second(s)

2023-05-22 17:38:03 - [TEST_STEP][PASSED] - scrollToElement(findTestObject("09-Settings/Users/div_Organization Units"), 0): Scroll to object 'Object Repository/09-Settings/Users/div_Organization Units' successfully

2023-05-22 17:38:03 - [MESSAGE][WARNING] - Timeout '0' is invalid. Using default page load timeout: '30'

2023-05-22 17:38:04 - [MESSAGE][PASSED] - Scroll to object 'Object Repository/09-Settings/Users/div_Organization Units' successfully

2023-05-22 17:38:04 - [TEST_STEP][PASSED] - click(findTestObject("09-Settings/Users/div_Organization Units")): Object: 'Object Repository/09-Settings/Users/div_Organization Units' is clicked on

2023-05-22 17:38:05 - [MESSAGE][PASSED] - Object: 'Object Repository/09-Settings/Users/div_Organization Units' is clicked on

2023-05-22 17:38:05 - [TEST_STEP][PASSED] - verifyElementVisible(findTestObject("09-Settings/Organization unit/h4_ORGANIZATION STRUCTURE SETUP")): Object 'Object Repository/09-Settings/Organization unit/h4_ORGANIZATION STRUCTURE SETUP' is visible

2023-05-22 17:38:06 - [MESSAGE][PASSED] - Object 'Object Repository/09-Settings/Organization unit/h4_ORGANIZATION STRUCTURE SETUP' is visible

2023-05-22 17:38:06 - [TEST_STEP][PASSED] - delay(delay_3seconds): Delayed 3 second(s)

2023-05-22 17:38:09 - [MESSAGE][PASSED] - Delayed 3 second(s)

2023-05-22 17:38:09 - [TEST_STEP][PASSED] - mouseOver(findTestObject("09-Settings/Organization unit/div_GG TESTER")): Object: 'Object Repository/09-Settings/Organization unit/div_GG TESTER' is hovered

2023-05-22 17:38:10 - [MESSAGE][PASSED] - Object: 'Object Repository/09-Settings/Organization unit/div_GG TESTER' is hovered

2023-05-22 17:38:10 - [TEST_STEP][PASSED] - delay(delay_3seconds): Delayed 3 second(s)

2023-05-22 17:38:13 - [MESSAGE][PASSED] - Delayed 3 second(s)

2023-05-22 17:38:13 - [TEST_STEP][PASSED] - click(findTestObject("09-Settings/Organization unit/div_GG TESTER")): Object: 'Object Repository/09-Settings/Organization unit/div_GG TESTER' is clicked on

2023-05-22 17:38:13 - [MESSAGE][PASSED] - Object: 'Object Repository/09-Settings/Organization unit/div_GG TESTER' is clicked on

2023-05-22 17:38:13 - [TEST_STEP][PASSED] - delay(delay_3seconds): Delayed 3 second(s)

2023-05-22 17:38:16 - [MESSAGE][PASSED] - Delayed 3 second(s)

2023-05-22 17:38:16 - [TEST_STEP][PASSED] - click(findTestObject("09-Settings/Users/Active User/button_ellipses")): Object: 'Object Repository/09-Settings/Users/Active User/button_ellipses' is clicked on

2023-05-22 17:38:17 - [MESSAGE][PASSED] - Object: 'Object Repository/09-Settings/Users/Active User/button_ellipses' is clicked on

2023-05-22 17:38:17 - [TEST_STEP][PASSED] - delay(delay_3seconds): Delayed 3 second(s)

2023-05-22 17:38:20 - [MESSAGE][PASSED] - Delayed 3 second(s)

2023-05-22 17:38:20 - [TEST_STEP][PASSED] - click(findTestObject("09-Settings/Organization unit/button_Edit Organization Unit")): Object: 'Object Repository/09-Settings/Organization unit/button_Edit Organization Unit' is clicked on

2023-05-22 17:38:21 - [MESSAGE][PASSED] - Object: 'Object Repository/09-Settings/Organization unit/button_Edit Organization Unit' is clicked on

2023-05-22 17:38:21 - [TEST_STEP][PASSED] - verifyElementVisible(findTestObject("09-Settings/Organization unit/mat-dialog-container_Edit Organization Unit modal"), STOP_ON_FAILURE): Object 'Object Repository/09-Settings/Organization unit/mat-dialog-container_Edit Organization Unit modal' is visible

2023-05-22 17:38:22 - [MESSAGE][PASSED] - Object 'Object Repository/09-Settings/Organization unit/mat-dialog-container_Edit Organization Unit modal' is visible

2023-05-22 17:38:22 - [TEST_STEP][PASSED] - verifyElementVisible(findTestObject("09-Settings/Organization unit/h4_Edit Organization Unit"), STOP_ON_FAILURE): Object 'Object Repository/09-Settings/Organization unit/h4_Edit Organization Unit' is visible

2023-05-22 17:38:22 - [MESSAGE][PASSED] - Object 'Object Repository/09-Settings/Organization unit/h4_Edit Organization Unit' is visible

2023-05-22 17:38:23 - [TEST_STEP][PASSED] - verifyElementVisible(findTestObject("09-Settings/Organization unit/input_Edit Organization Unit_orgName"), STOP_ON_FAILURE): Object 'Object Repository/09-Settings/Organization unit/input_Edit Organization Unit_orgName' is visible

2023-05-22 17:38:23 - [MESSAGE][PASSED] - Object 'Object Repository/09-Settings/Organization unit/input_Edit Organization Unit_orgName' is visible

2023-05-22 17:38:23 - [TEST_STEP][PASSED] - click(findTestObject("09-Settings/Users/Active User/button_Cancel_restore"), STOP_ON_FAILURE): Object: 'Object Repository/09-Settings/Users/Active User/button_Cancel_restore' is clicked on

2023-05-22 17:38:24 - [MESSAGE][PASSED] - Object: 'Object Repository/09-Settings/Users/Active User/button_Cancel_restore' is clicked on

2023-05-22 17:38:24 - [TEST_STEP][PASSED] - delay(delay_3seconds): Delayed 3 second(s)

2023-05-22 17:38:27 - [MESSAGE][PASSED] - Delayed 3 second(s)

2023-05-22 17:38:27 - [TEST_STEP][PASSED] - mouseOver(findTestObject("09-Settings/Organization unit/div_GG TESTER")): Object: 'Object Repository/09-Settings/Organization unit/div_GG TESTER' is hovered

2023-05-22 17:38:28 - [MESSAGE][PASSED] - Object: 'Object Repository/09-Settings/Organization unit/div_GG TESTER' is hovered

2023-05-22 17:38:28 - [TEST_STEP][PASSED] - delay(delay_3seconds): Delayed 3 second(s)

2023-05-22 17:38:31 - [MESSAGE][PASSED] - Delayed 3 second(s)

2023-05-22 17:38:31 - [TEST_STEP][PASSED] - click(findTestObject("09-Settings/Users/Active User/button_ellipses")): Object: 'Object Repository/09-Settings/Users/Active User/button_ellipses' is clicked on

2023-05-22 17:38:31 - [MESSAGE][PASSED] - Object: 'Object Repository/09-Settings/Users/Active User/button_ellipses' is clicked on

2023-05-22 17:38:31 - [TEST_STEP][PASSED] - click(findTestObject("09-Settings/Organization unit/button_Edit Organization Unit")): Object: 'Object Repository/09-Settings/Organization unit/button_Edit Organization Unit' is clicked on

2023-05-22 17:38:32 - [MESSAGE][PASSED] - Object: 'Object Repository/09-Settings/Organization unit/button_Edit Organization Unit' is clicked on

2023-05-22 17:38:32 - [TEST_STEP][PASSED] - verifyElementVisible(findTestObject("09-Settings/Organization unit/mat-dialog-container_Edit Organization Unit modal"), STOP_ON_FAILURE): Object 'Object Repository/09-Settings/Organization unit/mat-dialog-container_Edit Organization Unit modal' is visible

2023-05-22 17:38:33 - [MESSAGE][PASSED] - Object 'Object Repository/09-Settings/Organization unit/mat-dialog-container_Edit Organization Unit modal' is visible

2023-05-22 17:38:33 - [TEST_STEP][PASSED] - setText(findTestObject("09-Settings/Organization unit/input_Edit Organization Unit_orgName"), edit_org_unit): Text 'Automation Organization unit EDIT' is set on object 'Object Repository/09-Settings/Organization unit/input_Edit Organization Unit_orgName'

2023-05-22 17:38:35 - [MESSAGE][PASSED] - Text 'Automation Organization unit EDIT' is set on object 'Object Repository/09-Settings/Organization unit/input_Edit Organization Unit_orgName'

2023-05-22 17:38:35 - [TEST_STEP][PASSED] - delay(delay_3seconds): Delayed 3 second(s)

2023-05-22 17:38:38 - [MESSAGE][PASSED] - Delayed 3 second(s)

2023-05-22 17:38:38 - [TEST_STEP][PASSED] - click(findTestObject("09-Settings/Users/Active User/button_Save")): Object: 'Object Repository/09-Settings/Users/Active User/button_Save' is clicked on

2023-05-22 17:38:39 - [MESSAGE][PASSED] - Object: 'Object Repository/09-Settings/Users/Active User/button_Save' is clicked on

2023-05-22 17:38:39 - [TEST_STEP][PASSED] - verifyElementVisible(findTestObject("09-Settings/Organization unit/snack-bar-container_Successfully updated organization unitOK"), STOP_ON_FAILURE): Object 'Object Repository/09-Settings/Organization unit/snack-bar-container_Successfully updated organization unitOK' is visible

2023-05-22 17:38:40 - [MESSAGE][PASSED] - Object 'Object Repository/09-Settings/Organization unit/snack-bar-container_Successfully updated organization unitOK' is visible

2023-05-22 17:38:40 - [TEST_STEP][PASSED] - delay(delay_3seconds): Delayed 3 second(s)

2023-05-22 17:38:43 - [MESSAGE][PASSED] - Delayed 3 second(s)

2023-05-22 17:38:43 - [TEST_STEP][PASSED] - mouseOver(findTestObject("09-Settings/Organization unit/div_GG TESTER")): Object: 'Object Repository/09-Settings/Organization unit/div_GG TESTER' is hovered

2023-05-22 17:38:44 - [MESSAGE][PASSED] - Object: 'Object Repository/09-Settings/Organization unit/div_GG TESTER' is hovered

2023-05-22 17:38:44 - [TEST_STEP][PASSED] - delay(delay_3seconds): Delayed 3 second(s)

2023-05-22 17:38:47 - [MESSAGE][PASSED] - Delayed 3 second(s)

2023-05-22 17:38:47 - [TEST_STEP][PASSED] - click(findTestObject("09-Settings/Users/Active User/button_ellipses")): Object: 'Object Repository/09-Settings/Users/Active User/button_ellipses' is clicked on

2023-05-22 17:38:48 - [MESSAGE][PASSED] - Object: 'Object Repository/09-Settings/Users/Active User/button_ellipses' is clicked on

2023-05-22 17:38:48 - [TEST_STEP][PASSED] - click(findTestObject("09-Settings/Organization unit/button_Edit Organization Unit")): Object: 'Object Repository/09-Settings/Organization unit/button_Edit Organization Unit' is clicked on

2023-05-22 17:38:49 - [MESSAGE][PASSED] - Object: 'Object Repository/09-Settings/Organization unit/button_Edit Organization Unit' is clicked on

2023-05-22 17:38:49 - [TEST_STEP][PASSED] - setText(findTestObject("09-Settings/Organization unit/input_Edit Organization Unit_orgName"), org_unit): Text 'Automation Organization unit' is set on object 'Object Repository/09-Settings/Organization unit/input_Edit Organization Unit_orgName'

2023-05-22 17:38:51 - [MESSAGE][PASSED] - Text 'Automation Organization unit' is set on object 'Object Repository/09-Settings/Organization unit/input_Edit Organization Unit_orgName'

2023-05-22 17:38:51 - [TEST_STEP][PASSED] - delay(delay_3seconds): Delayed 3 second(s)

2023-05-22 17:38:54 - [MESSAGE][PASSED] - Delayed 3 second(s)

2023-05-22 17:38:54 - [TEST_STEP][PASSED] - click(findTestObject("09-Settings/Users/Active User/button_Save")): Object: 'Object Repository/09-Settings/Users/Active User/button_Save' is clicked on

2023-05-22 17:38:55 - [MESSAGE][PASSED] - Object: 'Object Repository/09-Settings/Users/Active User/button_Save' is clicked on

2023-05-22 17:38:55 - [TEST_STEP][PASSED] - delay(delay_3seconds): Delayed 3 second(s)

2023-05-22 17:38:58 - [MESSAGE][PASSED] - Delayed 3 second(s)]]></system-out>
         <system-err><![CDATA[]]></system-err>
      </testcase>
      <testcase name="Test Cases/09-Settings/22 - Organization unit - Delete Organization unit" time="36.339" classname="Test Cases/09-Settings/22 - Organization unit - Delete Organization unit" status="PASSED">
         <system-out><![CDATA[2023-05-22 17:38:58 - [TEST_CASE][PASSED] - Test Cases/09-Settings/22 - Organization unit - Delete Organization unit: Test Cases/09-Settings/22 - Organization unit - Delete Organization unit

2023-05-22 17:39:00 - [TEST_STEP][PASSED] - delay(delay_3seconds): Delayed 3 second(s)

2023-05-22 17:39:03 - [MESSAGE][PASSED] - Delayed 3 second(s)

2023-05-22 17:39:03 - [TEST_STEP][PASSED] - mouseOver(findTestObject("09-Settings/Organization unit/div_GG TESTER")): Object: 'Object Repository/09-Settings/Organization unit/div_GG TESTER' is hovered

2023-05-22 17:39:05 - [MESSAGE][PASSED] - Object: 'Object Repository/09-Settings/Organization unit/div_GG TESTER' is hovered

2023-05-22 17:39:05 - [TEST_STEP][PASSED] - delay(delay_3seconds): Delayed 3 second(s)

2023-05-22 17:39:08 - [MESSAGE][PASSED] - Delayed 3 second(s)

2023-05-22 17:39:08 - [TEST_STEP][PASSED] - click(findTestObject("09-Settings/Organization unit/div_GG TESTER")): Object: 'Object Repository/09-Settings/Organization unit/div_GG TESTER' is clicked on

2023-05-22 17:39:08 - [MESSAGE][PASSED] - Object: 'Object Repository/09-Settings/Organization unit/div_GG TESTER' is clicked on

2023-05-22 17:39:08 - [TEST_STEP][PASSED] - delay(delay_3seconds): Delayed 3 second(s)

2023-05-22 17:39:11 - [MESSAGE][PASSED] - Delayed 3 second(s)

2023-05-22 17:39:11 - [TEST_STEP][PASSED] - click(findTestObject("09-Settings/Users/Active User/button_ellipses")): Object: 'Object Repository/09-Settings/Users/Active User/button_ellipses' is clicked on

2023-05-22 17:39:12 - [MESSAGE][PASSED] - Object: 'Object Repository/09-Settings/Users/Active User/button_ellipses' is clicked on

2023-05-22 17:39:12 - [TEST_STEP][PASSED] - delay(delay_3seconds): Delayed 3 second(s)

2023-05-22 17:39:15 - [MESSAGE][PASSED] - Delayed 3 second(s)

2023-05-22 17:39:15 - [TEST_STEP][PASSED] - click(findTestObject("09-Settings/Organization unit/button_Delete Organization Unit")): Object: 'Object Repository/09-Settings/Organization unit/button_Delete Organization Unit' is clicked on

2023-05-22 17:39:15 - [MESSAGE][PASSED] - Object: 'Object Repository/09-Settings/Organization unit/button_Delete Organization Unit' is clicked on

2023-05-22 17:39:15 - [TEST_STEP][PASSED] - verifyElementVisible(findTestObject("09-Settings/Organization unit/mat-dialog-container_Delete Organization Unit modal"), STOP_ON_FAILURE): Object 'Object Repository/09-Settings/Organization unit/mat-dialog-container_Delete Organization Unit modal' is visible

2023-05-22 17:39:16 - [MESSAGE][PASSED] - Object 'Object Repository/09-Settings/Organization unit/mat-dialog-container_Delete Organization Unit modal' is visible

2023-05-22 17:39:16 - [TEST_STEP][PASSED] - verifyElementVisible(findTestObject("09-Settings/Organization unit/h4_Delete Organization Unit"), STOP_ON_FAILURE): Object 'Object Repository/09-Settings/Organization unit/h4_Delete Organization Unit' is visible

2023-05-22 17:39:16 - [MESSAGE][PASSED] - Object 'Object Repository/09-Settings/Organization unit/h4_Delete Organization Unit' is visible

2023-05-22 17:39:16 - [TEST_STEP][PASSED] - verifyElementVisible(findTestObject("09-Settings/Organization unit/span_Warning All resources associated with this root organization will be permanently deleted"), STOP_ON_FAILURE): Object 'Object Repository/09-Settings/Organization unit/span_Warning All resources associated with this root organization will be permanently deleted' is visible

2023-05-22 17:39:17 - [MESSAGE][PASSED] - Object 'Object Repository/09-Settings/Organization unit/span_Warning All resources associated with this root organization will be permanently deleted' is visible

2023-05-22 17:39:17 - [TEST_STEP][PASSED] - delay(delay_1second): Delayed 1 second(s)

2023-05-22 17:39:18 - [MESSAGE][PASSED] - Delayed 1 second(s)

2023-05-22 17:39:18 - [TEST_STEP][PASSED] - click(findTestObject("09-Settings/Users/Active User/button_Cancel_restore"), STOP_ON_FAILURE): Object: 'Object Repository/09-Settings/Users/Active User/button_Cancel_restore' is clicked on

2023-05-22 17:39:19 - [MESSAGE][PASSED] - Object: 'Object Repository/09-Settings/Users/Active User/button_Cancel_restore' is clicked on

2023-05-22 17:39:19 - [TEST_STEP][PASSED] - delay(delay_2seconds): Delayed 2 second(s)

2023-05-22 17:39:21 - [MESSAGE][PASSED] - Delayed 2 second(s)

2023-05-22 17:39:21 - [TEST_STEP][PASSED] - mouseOver(findTestObject("09-Settings/Organization unit/div_GG TESTER")): Object: 'Object Repository/09-Settings/Organization unit/div_GG TESTER' is hovered

2023-05-22 17:39:21 - [MESSAGE][PASSED] - Object: 'Object Repository/09-Settings/Organization unit/div_GG TESTER' is hovered

2023-05-22 17:39:21 - [TEST_STEP][PASSED] - click(findTestObject("09-Settings/Users/Active User/button_ellipses")): Object: 'Object Repository/09-Settings/Users/Active User/button_ellipses' is clicked on

2023-05-22 17:39:22 - [MESSAGE][PASSED] - Object: 'Object Repository/09-Settings/Users/Active User/button_ellipses' is clicked on

2023-05-22 17:39:22 - [TEST_STEP][PASSED] - delay(delay_2seconds): Delayed 2 second(s)

2023-05-22 17:39:24 - [MESSAGE][PASSED] - Delayed 2 second(s)

2023-05-22 17:39:24 - [TEST_STEP][PASSED] - click(findTestObject("09-Settings/Organization unit/button_Delete Organization Unit")): Object: 'Object Repository/09-Settings/Organization unit/button_Delete Organization Unit' is clicked on

2023-05-22 17:39:25 - [MESSAGE][PASSED] - Object: 'Object Repository/09-Settings/Organization unit/button_Delete Organization Unit' is clicked on

2023-05-22 17:39:25 - [TEST_STEP][PASSED] - delay(delay_3seconds): Delayed 3 second(s)

2023-05-22 17:39:28 - [MESSAGE][PASSED] - Delayed 3 second(s)

2023-05-22 17:39:28 - [TEST_STEP][PASSED] - click(findTestObject("09-Settings/Users/Active User/button_Delete")): Object: 'Object Repository/09-Settings/Users/Active User/button_Delete' is clicked on

2023-05-22 17:39:28 - [MESSAGE][PASSED] - Object: 'Object Repository/09-Settings/Users/Active User/button_Delete' is clicked on

2023-05-22 17:39:28 - [TEST_STEP][PASSED] - verifyElementVisible(findTestObject("09-Settings/Organization unit/snack-bar-container_Successfully deleted organization unitOK"), STOP_ON_FAILURE): Object 'Object Repository/09-Settings/Organization unit/snack-bar-container_Successfully deleted organization unitOK' is visible

2023-05-22 17:39:30 - [MESSAGE][PASSED] - Object 'Object Repository/09-Settings/Organization unit/snack-bar-container_Successfully deleted organization unitOK' is visible

2023-05-22 17:39:30 - [TEST_STEP][PASSED] - delay(delay_3seconds): Delayed 3 second(s)

2023-05-22 17:39:33 - [MESSAGE][PASSED] - Delayed 3 second(s)

2023-05-22 17:39:33 - [TEST_STEP][PASSED] - closeBrowser(): Browser is closed

2023-05-22 17:39:34 - [MESSAGE][PASSED] - Browser is closed]]></system-out>
         <system-err><![CDATA[]]></system-err>
      </testcase>
      <system-out><![CDATA[2023-05-22 17:34:34 - [TEST_SUITE][PASSED] - 09.4 - Settings (Organization unit): Test Cases/09-Settings/22 - Organization unit - Delete Organization unit]]></system-out>
      <system-err><![CDATA[]]></system-err>
   </testsuite>
</testsuites>
