<?xml version="1.0" encoding="UTF-8"?>
<testsuites name="06.1- Teams - Add" time="410.828" tests="2" failures="0" errors="0">
   <testsuite name="06.1- Teams - Add" tests="2" failures="0" errors="0" time="410.828" skipped="0" timestamp="2022-04-18 15:38:40" hostname="User - DESKTOP-QCRNR4M" id="Test Suites/TS-Organization/06.1- Teams - Add">
      <properties>
         <property name="deviceName" value=""/>
         <property name="devicePlatform" value=""/>
         <property name="logFolder" value="C:\\Users\\User\\Katalon Studio\\EverleaguesMain\\Reports\\20220418_153837\\TS-Organization\\06.1- Teams - Add\\20220418_153838"/>
         <property name="logFiles" value="C:\\Users\\User\\Katalon Studio\\EverleaguesMain\\Reports\\20220418_153837\\TS-Organization\\06.1- Teams - Add\\20220418_153838\\execution0.log"/>
         <property name="attachments" value=""/>
         <property name="hostName" value="User - DESKTOP-QCRNR4M"/>
         <property name="os" value="Windows 10 64bit"/>
         <property name="katalonVersion" value="8.3.0.208"/>
         <property name="browser" value="Chrome 100.0.4896.127"/>
         <property name="hostAddress" value="192.168.5.83"/>
         <property name="sessionId" value="b33f1469a8f29ca31cd54012a709c2cb"/>
         <property name="seleniumVersion" value="3.141.59"/>
         <property name="proxyInformation" value="ProxyInformation { proxyOption=NO_PROXY, proxyServerType=HTTP, username=, password=********, proxyServerAddress=, proxyServerPort=0, executionList=&quot;&quot;, isApplyToDesiredCapabilities=true }"/>
         <property name="platform" value="Windows 10"/>
      </properties>
      <testcase name="Test Cases/06-Teams/01- Add Team- Public" time="116.866" classname="Test Cases/06-Teams/01- Add Team- Public" status="PASSED">
         <system-out><![CDATA[2022-04-18 15:38:40 - [TEST_CASE][PASSED] - Test Cases/06-Teams/01- Add Team- Public: Test Cases/06-Teams/01- Add Team- Public

2022-04-18 15:38:41 - [TEST_STEP][PASSED] - openBrowser(""): Browser is opened with url: ''

2022-04-18 15:38:41 - [MESSAGE][INFO] - Starting 'Chrome' driver

2022-04-18 15:38:41 - [MESSAGE][INFO] - Action delay is set to 0 milliseconds

2022-04-18 15:38:43 - [MESSAGE][PASSED] - Browser is opened with url: ''

2022-04-18 15:38:43 - [TEST_STEP][PASSED] - navigateToUrl("https://lab.everleagues.com/"): Navigate to 'https://lab.everleagues.com/' successfully

2022-04-18 15:39:10 - [MESSAGE][PASSED] - Navigate to 'https://lab.everleagues.com/' successfully

2022-04-18 15:39:10 - [TEST_STEP][PASSED] - maximizeWindow(): Current window maximized

2022-04-18 15:39:10 - [MESSAGE][PASSED] - Current window maximized

2022-04-18 15:39:10 - [TEST_STEP][PASSED] - setText(findTestObject("02-Side Icons(Organization)/Add Contact/Email Field"), "testuser02@mailinator.com"): Text 'testuser02@mailinator.com' is set on object 'Object Repository/02-Side Icons(Organization)/Add Contact/Email Field'

2022-04-18 15:39:11 - [MESSAGE][PASSED] - Text 'testuser02@mailinator.com' is set on object 'Object Repository/02-Side Icons(Organization)/Add Contact/Email Field'

2022-04-18 15:39:11 - [TEST_STEP][PASSED] - setEncryptedText(findTestObject("02-Side Icons(Organization)/Add Contact/Password Field"), "8yFRyszE6U6jvsCn51OQbg=="): Text ****** has been set on object 'Object Repository/02-Side Icons(Organization)/Add Contact/Password Field'

2022-04-18 15:39:11 - [MESSAGE][PASSED] - Text ****** has been set on object 'Object Repository/02-Side Icons(Organization)/Add Contact/Password Field'

2022-04-18 15:39:11 - [TEST_STEP][PASSED] - click(findTestObject("02-Side Icons(Organization)/Add Contact/button_Sign in")): Object: 'Object Repository/02-Side Icons(Organization)/Add Contact/button_Sign in' is clicked on

2022-04-18 15:39:12 - [MESSAGE][PASSED] - Object: 'Object Repository/02-Side Icons(Organization)/Add Contact/button_Sign in' is clicked on

2022-04-18 15:39:12 - [TEST_STEP][PASSED] - delay(2): Delayed 2 second(s)

2022-04-18 15:39:14 - [MESSAGE][PASSED] - Delayed 2 second(s)

2022-04-18 15:39:14 - [TEST_STEP][PASSED] - click(findTestObject("06-Teams/For 2FA/button_Confirm_2FA")): Object: 'Object Repository/06-Teams/For 2FA/button_Confirm_2FA' is clicked on

2022-04-18 15:39:15 - [MESSAGE][PASSED] - Object: 'Object Repository/06-Teams/For 2FA/button_Confirm_2FA' is clicked on

2022-04-18 15:39:15 - [TEST_STEP][PASSED] - executeJavaScript("window.open();", []): Execute JavaScript 'window.open();' successfully

2022-04-18 15:39:15 - [MESSAGE][PASSED] - Execute JavaScript 'window.open();' successfully

2022-04-18 15:39:15 - [TEST_STEP][PASSED] - currentWindow = getWindowIndex(): Current window's index is: 0

2022-04-18 15:39:15 - [MESSAGE][PASSED] - Current window's index is: 0

2022-04-18 15:39:15 - [TEST_STEP][PASSED] - delay(3): Delayed 3 second(s)

2022-04-18 15:39:18 - [MESSAGE][PASSED] - Delayed 3 second(s)

2022-04-18 15:39:18 - [TEST_STEP][PASSED] - switchToWindowIndex(currentWindow + 1): Switched to window with index: '1'

2022-04-18 15:39:18 - [MESSAGE][PASSED] - Switched to window with index: '1'

2022-04-18 15:39:18 - [TEST_STEP][PASSED] - navigateToUrl("https://www.mailinator.com/"): Navigate to 'https://www.mailinator.com/' successfully

2022-04-18 15:39:20 - [MESSAGE][PASSED] - Navigate to 'https://www.mailinator.com/' successfully

2022-04-18 15:39:20 - [TEST_STEP][PASSED] - delay(3): Delayed 3 second(s)

2022-04-18 15:39:23 - [MESSAGE][PASSED] - Delayed 3 second(s)

2022-04-18 15:39:23 - [TEST_STEP][PASSED] - setText(findTestObject("00-Signup and Activation/zMailinator/input_LOGIN_search"), "testuser02@mailinator.com"): Text 'testuser02@mailinator.com' is set on object 'Object Repository/00-Signup and Activation/zMailinator/input_LOGIN_search'

2022-04-18 15:39:23 - [MESSAGE][PASSED] - Text 'testuser02@mailinator.com' is set on object 'Object Repository/00-Signup and Activation/zMailinator/input_LOGIN_search'

2022-04-18 15:39:23 - [TEST_STEP][PASSED] - click(findTestObject("00-Signup and Activation/zMailinator/gobutton"), STOP_ON_FAILURE): Object: 'Object Repository/00-Signup and Activation/zMailinator/gobutton' is clicked on

2022-04-18 15:39:25 - [MESSAGE][PASSED] - Object: 'Object Repository/00-Signup and Activation/zMailinator/gobutton' is clicked on

2022-04-18 15:39:25 - [TEST_STEP][PASSED] - delay(3): Delayed 3 second(s)

2022-04-18 15:39:28 - [MESSAGE][PASSED] - Delayed 3 second(s)

2022-04-18 15:39:28 - [TEST_STEP][PASSED] - click(findTestObject("00-Signup and Activation/zMailinator/Email - everleagues")): Object: 'Object Repository/00-Signup and Activation/zMailinator/Email - everleagues' is clicked on

2022-04-18 15:39:28 - [MESSAGE][PASSED] - Object: 'Object Repository/00-Signup and Activation/zMailinator/Email - everleagues' is clicked on

2022-04-18 15:39:28 - [TEST_STEP][PASSED] - delay(3): Delayed 3 second(s)

2022-04-18 15:39:31 - [MESSAGE][PASSED] - Delayed 3 second(s)

2022-04-18 15:39:31 - [TEST_STEP][PASSED] - code = getText(findTestObject("Object Repository/06-Teams/For 2FA/2FA code")): Text of object 'Object Repository/06-Teams/For 2FA/2FA code' is: '055929'

2022-04-18 15:39:32 - [MESSAGE][PASSED] - Text of object 'Object Repository/06-Teams/For 2FA/2FA code' is: '055929'

2022-04-18 15:39:32 - [TEST_STEP][PASSED] - delay(3): Delayed 3 second(s)

2022-04-18 15:39:35 - [MESSAGE][PASSED] - Delayed 3 second(s)

2022-04-18 15:39:35 - [TEST_STEP][PASSED] - closeWindowTitle("Mailinator"): Window with title: 'Mailinator' is closed

2022-04-18 15:39:35 - [MESSAGE][PASSED] - Window with title: 'Mailinator' is closed

2022-04-18 15:39:35 - [TEST_STEP][PASSED] - delay(3): Delayed 3 second(s)

2022-04-18 15:39:38 - [MESSAGE][PASSED] - Delayed 3 second(s)

2022-04-18 15:39:38 - [TEST_STEP][PASSED] - switchToWindowIndex(0): Switched to window with index: '0'

2022-04-18 15:39:38 - [MESSAGE][PASSED] - Switched to window with index: '0'

2022-04-18 15:39:38 - [TEST_STEP][PASSED] - delay(3): Delayed 3 second(s)

2022-04-18 15:39:41 - [MESSAGE][PASSED] - Delayed 3 second(s)

2022-04-18 15:39:41 - [TEST_STEP][PASSED] - setText(findTestObject("Object Repository/06-Teams/For 2FA/input_Enter verification code_code"), code): Text '055929' is set on object 'Object Repository/06-Teams/For 2FA/input_Enter verification code_code'

2022-04-18 15:39:42 - [MESSAGE][PASSED] - Text '055929' is set on object 'Object Repository/06-Teams/For 2FA/input_Enter verification code_code'

2022-04-18 15:39:42 - [TEST_STEP][PASSED] - delay(3): Delayed 3 second(s)

2022-04-18 15:39:45 - [MESSAGE][PASSED] - Delayed 3 second(s)

2022-04-18 15:39:45 - [TEST_STEP][PASSED] - click(findTestObject("06-Teams/For 2FA/button_Verify_2FA")): Object: 'Object Repository/06-Teams/For 2FA/button_Verify_2FA' is clicked on

2022-04-18 15:39:45 - [MESSAGE][PASSED] - Object: 'Object Repository/06-Teams/For 2FA/button_Verify_2FA' is clicked on

2022-04-18 15:39:45 - [TEST_STEP][PASSED] - delay(5): Delayed 5 second(s)

2022-04-18 15:39:50 - [MESSAGE][PASSED] - Delayed 5 second(s)

2022-04-18 15:39:50 - [TEST_STEP][PASSED] - click(findTestObject("06-Teams/button_doublearrow")): Object: 'Object Repository/06-Teams/button_doublearrow' is clicked on

2022-04-18 15:39:51 - [MESSAGE][PASSED] - Object: 'Object Repository/06-Teams/button_doublearrow' is clicked on

2022-04-18 15:39:51 - [TEST_STEP][PASSED] - click(findTestObject("06-Teams/button_My Organizations")): Object: 'Object Repository/06-Teams/button_My Organizations' is clicked on

2022-04-18 15:39:51 - [MESSAGE][PASSED] - Object: 'Object Repository/06-Teams/button_My Organizations' is clicked on

2022-04-18 15:39:51 - [TEST_STEP][PASSED] - click(findTestObject("06-Teams/button_GG Automation")): Object: 'Object Repository/06-Teams/button_GG Automation' is clicked on

2022-04-18 15:39:52 - [MESSAGE][PASSED] - Object: 'Object Repository/06-Teams/button_GG Automation' is clicked on

2022-04-18 15:39:52 - [TEST_STEP][PASSED] - delay(4): Delayed 4 second(s)

2022-04-18 15:39:56 - [MESSAGE][PASSED] - Delayed 4 second(s)

2022-04-18 15:39:56 - [TEST_STEP][PASSED] - verifyElementVisible(findTestObject("06-Teams/span_GG Automation")): Object 'Object Repository/06-Teams/span_GG Automation' is visible

2022-04-18 15:39:57 - [MESSAGE][PASSED] - Object 'Object Repository/06-Teams/span_GG Automation' is visible

2022-04-18 15:39:57 - [TEST_STEP][PASSED] - delay(2): Delayed 2 second(s)

2022-04-18 15:39:59 - [MESSAGE][PASSED] - Delayed 2 second(s)

2022-04-18 15:39:59 - [TEST_STEP][PASSED] - click(findTestObject("03-Header Menu/Hamburger Button/div_Teams")): Object: 'Object Repository/03-Header Menu/Hamburger Button/div_Teams' is clicked on

2022-04-18 15:39:59 - [MESSAGE][PASSED] - Object: 'Object Repository/03-Header Menu/Hamburger Button/div_Teams' is clicked on

2022-04-18 15:39:59 - [TEST_STEP][PASSED] - delay(2): Delayed 2 second(s)

2022-04-18 15:40:01 - [MESSAGE][PASSED] - Delayed 2 second(s)

2022-04-18 15:40:01 - [TEST_STEP][PASSED] - verifyElementVisible(findTestObject("06-Teams/h4_TEAMS")): Object 'Object Repository/06-Teams/h4_TEAMS' is visible

2022-04-18 15:40:01 - [MESSAGE][PASSED] - Object 'Object Repository/06-Teams/h4_TEAMS' is visible

2022-04-18 15:40:01 - [TEST_STEP][PASSED] - delay(3): Delayed 3 second(s)

2022-04-18 15:40:04 - [MESSAGE][PASSED] - Delayed 3 second(s)

2022-04-18 15:40:04 - [TEST_STEP][PASSED] - click(findTestObject("06-Teams/Add Team")): Object: 'Object Repository/06-Teams/Add Team' is clicked on

2022-04-18 15:40:05 - [MESSAGE][PASSED] - Object: 'Object Repository/06-Teams/Add Team' is clicked on

2022-04-18 15:40:05 - [TEST_STEP][PASSED] - delay(3): Delayed 3 second(s)

2022-04-18 15:40:08 - [MESSAGE][PASSED] - Delayed 3 second(s)

2022-04-18 15:40:08 - [TEST_STEP][PASSED] - verifyElementVisible(findTestObject("06-Teams/button_Public")): Object 'Object Repository/06-Teams/button_Public' is visible

2022-04-18 15:40:08 - [MESSAGE][PASSED] - Object 'Object Repository/06-Teams/button_Public' is visible

2022-04-18 15:40:08 - [TEST_STEP][PASSED] - verifyElementVisible(findTestObject("06-Teams/button_Private")): Object 'Object Repository/06-Teams/button_Private' is visible

2022-04-18 15:40:09 - [MESSAGE][PASSED] - Object 'Object Repository/06-Teams/button_Private' is visible

2022-04-18 15:40:09 - [TEST_STEP][PASSED] - delay(3): Delayed 3 second(s)

2022-04-18 15:40:12 - [MESSAGE][PASSED] - Delayed 3 second(s)

2022-04-18 15:40:12 - [TEST_STEP][PASSED] - click(findTestObject("06-Teams/button_Public")): Object: 'Object Repository/06-Teams/button_Public' is clicked on

2022-04-18 15:40:12 - [MESSAGE][PASSED] - Object: 'Object Repository/06-Teams/button_Public' is clicked on

2022-04-18 15:40:12 - [TEST_STEP][PASSED] - verifyElementVisible(findTestObject("06-Teams/01-Add Team-Public/Add Team_Public")): Object 'Object Repository/06-Teams/01-Add Team-Public/Add Team_Public' is visible

2022-04-18 15:40:13 - [MESSAGE][PASSED] - Object 'Object Repository/06-Teams/01-Add Team-Public/Add Team_Public' is visible

2022-04-18 15:40:13 - [TEST_STEP][PASSED] - verifyElementNotClickable(findTestObject("06-Teams/01-Add Team-Public/button_Create")): Object 'Object Repository/06-Teams/01-Add Team-Public/button_Create' is NOT clickable

2022-04-18 15:40:13 - [MESSAGE][PASSED] - Object 'Object Repository/06-Teams/01-Add Team-Public/button_Create' is NOT clickable

2022-04-18 15:40:13 - [TEST_STEP][PASSED] - delay(3): Delayed 3 second(s)

2022-04-18 15:40:16 - [MESSAGE][PASSED] - Delayed 3 second(s)

2022-04-18 15:40:16 - [TEST_STEP][PASSED] - click(findTestObject("06-Teams/01-Add Team-Public/input_teamName")): Object: 'Object Repository/06-Teams/01-Add Team-Public/input_teamName' is clicked on

2022-04-18 15:40:17 - [MESSAGE][PASSED] - Object: 'Object Repository/06-Teams/01-Add Team-Public/input_teamName' is clicked on

2022-04-18 15:40:17 - [TEST_STEP][PASSED] - click(findTestObject("06-Teams/01-Add Team-Public/Org unit")): Object: 'Object Repository/06-Teams/01-Add Team-Public/Org unit' is clicked on

2022-04-18 15:40:17 - [MESSAGE][PASSED] - Object: 'Object Repository/06-Teams/01-Add Team-Public/Org unit' is clicked on

2022-04-18 15:40:17 - [TEST_STEP][PASSED] - verifyElementVisible(findTestObject("06-Teams/01-Add Team-Public/h4_Select an organization unit")): Object 'Object Repository/06-Teams/01-Add Team-Public/h4_Select an organization unit' is visible

2022-04-18 15:40:18 - [MESSAGE][PASSED] - Object 'Object Repository/06-Teams/01-Add Team-Public/h4_Select an organization unit' is visible

2022-04-18 15:40:18 - [TEST_STEP][PASSED] - delay(3): Delayed 3 second(s)

2022-04-18 15:40:21 - [MESSAGE][PASSED] - Delayed 3 second(s)

2022-04-18 15:40:21 - [TEST_STEP][PASSED] - click(findTestObject("06-Teams/01-Add Team-Public/div_GG Automation")): Object: 'Object Repository/06-Teams/01-Add Team-Public/div_GG Automation' is clicked on

2022-04-18 15:40:21 - [MESSAGE][PASSED] - Object: 'Object Repository/06-Teams/01-Add Team-Public/div_GG Automation' is clicked on

2022-04-18 15:40:21 - [TEST_STEP][PASSED] - click(findTestObject("06-Teams/01-Add Team-Public/button_Select")): Object: 'Object Repository/06-Teams/01-Add Team-Public/button_Select' is clicked on

2022-04-18 15:40:22 - [MESSAGE][PASSED] - Object: 'Object Repository/06-Teams/01-Add Team-Public/button_Select' is clicked on

2022-04-18 15:40:22 - [TEST_STEP][PASSED] - verifyElementVisible(findTestObject("06-Teams/01-Add Team-Public/Error Team name")): Object 'Object Repository/06-Teams/01-Add Team-Public/Error Team name' is visible

2022-04-18 15:40:23 - [MESSAGE][PASSED] - Object 'Object Repository/06-Teams/01-Add Team-Public/Error Team name' is visible

2022-04-18 15:40:23 - [TEST_STEP][PASSED] - delay(3): Delayed 3 second(s)

2022-04-18 15:40:26 - [MESSAGE][PASSED] - Delayed 3 second(s)

2022-04-18 15:40:26 - [TEST_STEP][PASSED] - setText(findTestObject("06-Teams/01-Add Team-Public/input_teamName"), "Auto Team Public"): Text 'Auto Team Public' is set on object 'Object Repository/06-Teams/01-Add Team-Public/input_teamName'

2022-04-18 15:40:26 - [MESSAGE][PASSED] - Text 'Auto Team Public' is set on object 'Object Repository/06-Teams/01-Add Team-Public/input_teamName'

2022-04-18 15:40:26 - [TEST_STEP][PASSED] - click(findTestObject("06-Teams/01-Add Team-Public/button_Create")): Object: 'Object Repository/06-Teams/01-Add Team-Public/button_Create' is clicked on

2022-04-18 15:40:27 - [MESSAGE][PASSED] - Object: 'Object Repository/06-Teams/01-Add Team-Public/button_Create' is clicked on

2022-04-18 15:40:27 - [TEST_STEP][PASSED] - delay(3): Delayed 3 second(s)

2022-04-18 15:40:30 - [MESSAGE][PASSED] - Delayed 3 second(s)

2022-04-18 15:40:30 - [TEST_STEP][PASSED] - verifyElementVisible(findTestObject("06-Teams/01-Add Team-Public/span_Successfully added new team")): Object 'Object Repository/06-Teams/01-Add Team-Public/span_Successfully added new team' is visible

2022-04-18 15:40:30 - [MESSAGE][PASSED] - Object 'Object Repository/06-Teams/01-Add Team-Public/span_Successfully added new team' is visible

2022-04-18 15:40:30 - [TEST_STEP][PASSED] - delay(3): Delayed 3 second(s)

2022-04-18 15:40:33 - [MESSAGE][PASSED] - Delayed 3 second(s)

2022-04-18 15:40:33 - [TEST_STEP][PASSED] - verifyElementVisible(findTestObject("06-Teams/01-Add Team-Public/span_Auto Team Public")): Object 'Object Repository/06-Teams/01-Add Team-Public/span_Auto Team Public' is visible

2022-04-18 15:40:34 - [MESSAGE][PASSED] - Object 'Object Repository/06-Teams/01-Add Team-Public/span_Auto Team Public' is visible

2022-04-18 15:40:34 - [TEST_STEP][PASSED] - delay(3): Delayed 3 second(s)

2022-04-18 15:40:37 - [MESSAGE][PASSED] - Delayed 3 second(s)

2022-04-18 15:40:37 - [TEST_STEP][PASSED] - closeBrowser(): Browser is closed

2022-04-18 15:40:37 - [MESSAGE][PASSED] - Browser is closed]]></system-out>
         <system-err><![CDATA[]]></system-err>
      </testcase>
      <testcase name="Test Cases/06-Teams/02-Add Team-Private" time="293.661" classname="Test Cases/06-Teams/02-Add Team-Private" status="PASSED">
         <system-out><![CDATA[2022-04-18 15:40:37 - [TEST_CASE][PASSED] - Test Cases/06-Teams/02-Add Team-Private: Test Cases/06-Teams/02-Add Team-Private

2022-04-18 15:40:38 - [TEST_STEP][PASSED] - openBrowser(""): Browser is opened with url: ''

2022-04-18 15:40:38 - [MESSAGE][INFO] - Starting 'Chrome' driver

2022-04-18 15:40:38 - [MESSAGE][INFO] - Action delay is set to 0 milliseconds

2022-04-18 15:40:39 - [MESSAGE][PASSED] - Browser is opened with url: ''

2022-04-18 15:40:39 - [TEST_STEP][PASSED] - navigateToUrl("https://lab.everleagues.com/"): Navigate to 'https://lab.everleagues.com/' successfully

2022-04-18 15:43:40 - [MESSAGE][PASSED] - Navigate to 'https://lab.everleagues.com/' successfully

2022-04-18 15:43:40 - [TEST_STEP][PASSED] - maximizeWindow(): Current window maximized

2022-04-18 15:43:40 - [MESSAGE][PASSED] - Current window maximized

2022-04-18 15:43:40 - [TEST_STEP][PASSED] - setText(findTestObject("02-Side Icons(Organization)/Add Contact/Email Field"), "testuser02@mailinator.com"): Text 'testuser02@mailinator.com' is set on object 'Object Repository/02-Side Icons(Organization)/Add Contact/Email Field'

2022-04-18 15:43:41 - [MESSAGE][PASSED] - Text 'testuser02@mailinator.com' is set on object 'Object Repository/02-Side Icons(Organization)/Add Contact/Email Field'

2022-04-18 15:43:41 - [TEST_STEP][PASSED] - setEncryptedText(findTestObject("02-Side Icons(Organization)/Add Contact/Password Field"), "8yFRyszE6U6jvsCn51OQbg=="): Text ****** has been set on object 'Object Repository/02-Side Icons(Organization)/Add Contact/Password Field'

2022-04-18 15:43:42 - [MESSAGE][PASSED] - Text ****** has been set on object 'Object Repository/02-Side Icons(Organization)/Add Contact/Password Field'

2022-04-18 15:43:42 - [TEST_STEP][PASSED] - click(findTestObject("02-Side Icons(Organization)/Add Contact/button_Sign in")): Object: 'Object Repository/02-Side Icons(Organization)/Add Contact/button_Sign in' is clicked on

2022-04-18 15:43:42 - [MESSAGE][PASSED] - Object: 'Object Repository/02-Side Icons(Organization)/Add Contact/button_Sign in' is clicked on

2022-04-18 15:43:42 - [TEST_STEP][PASSED] - delay(3): Delayed 3 second(s)

2022-04-18 15:43:45 - [MESSAGE][PASSED] - Delayed 3 second(s)

2022-04-18 15:43:45 - [TEST_STEP][PASSED] - click(findTestObject("06-Teams/For 2FA/button_Confirm_2FA")): Object: 'Object Repository/06-Teams/For 2FA/button_Confirm_2FA' is clicked on

2022-04-18 15:43:46 - [MESSAGE][PASSED] - Object: 'Object Repository/06-Teams/For 2FA/button_Confirm_2FA' is clicked on

2022-04-18 15:43:46 - [TEST_STEP][PASSED] - executeJavaScript("window.open();", []): Execute JavaScript 'window.open();' successfully

2022-04-18 15:43:46 - [MESSAGE][PASSED] - Execute JavaScript 'window.open();' successfully

2022-04-18 15:43:46 - [TEST_STEP][PASSED] - currentWindow = getWindowIndex(): Current window's index is: 0

2022-04-18 15:43:46 - [MESSAGE][PASSED] - Current window's index is: 0

2022-04-18 15:43:46 - [TEST_STEP][PASSED] - delay(3): Delayed 3 second(s)

2022-04-18 15:43:49 - [MESSAGE][PASSED] - Delayed 3 second(s)

2022-04-18 15:43:49 - [TEST_STEP][PASSED] - switchToWindowIndex(currentWindow + 1): Switched to window with index: '1'

2022-04-18 15:43:49 - [MESSAGE][PASSED] - Switched to window with index: '1'

2022-04-18 15:43:49 - [TEST_STEP][PASSED] - navigateToUrl("https://www.mailinator.com/"): Navigate to 'https://www.mailinator.com/' successfully

2022-04-18 15:43:51 - [MESSAGE][PASSED] - Navigate to 'https://www.mailinator.com/' successfully

2022-04-18 15:43:51 - [TEST_STEP][PASSED] - delay(3): Delayed 3 second(s)

2022-04-18 15:43:54 - [MESSAGE][PASSED] - Delayed 3 second(s)

2022-04-18 15:43:54 - [TEST_STEP][PASSED] - setText(findTestObject("00-Signup and Activation/zMailinator/input_LOGIN_search"), "testuser02@mailinator.com"): Text 'testuser02@mailinator.com' is set on object 'Object Repository/00-Signup and Activation/zMailinator/input_LOGIN_search'

2022-04-18 15:43:55 - [MESSAGE][PASSED] - Text 'testuser02@mailinator.com' is set on object 'Object Repository/00-Signup and Activation/zMailinator/input_LOGIN_search'

2022-04-18 15:43:55 - [TEST_STEP][PASSED] - click(findTestObject("00-Signup and Activation/zMailinator/gobutton"), STOP_ON_FAILURE): Object: 'Object Repository/00-Signup and Activation/zMailinator/gobutton' is clicked on

2022-04-18 15:43:55 - [MESSAGE][PASSED] - Object: 'Object Repository/00-Signup and Activation/zMailinator/gobutton' is clicked on

2022-04-18 15:43:55 - [TEST_STEP][PASSED] - delay(3): Delayed 3 second(s)

2022-04-18 15:43:58 - [MESSAGE][PASSED] - Delayed 3 second(s)

2022-04-18 15:43:58 - [TEST_STEP][PASSED] - click(findTestObject("00-Signup and Activation/zMailinator/Email - everleagues")): Object: 'Object Repository/00-Signup and Activation/zMailinator/Email - everleagues' is clicked on

2022-04-18 15:43:59 - [MESSAGE][PASSED] - Object: 'Object Repository/00-Signup and Activation/zMailinator/Email - everleagues' is clicked on

2022-04-18 15:43:59 - [TEST_STEP][PASSED] - delay(3): Delayed 3 second(s)

2022-04-18 15:44:02 - [MESSAGE][PASSED] - Delayed 3 second(s)

2022-04-18 15:44:02 - [TEST_STEP][PASSED] - code = getText(findTestObject("Object Repository/06-Teams/For 2FA/2FA code")): Text of object 'Object Repository/06-Teams/For 2FA/2FA code' is: '069671'

2022-04-18 15:44:02 - [MESSAGE][PASSED] - Text of object 'Object Repository/06-Teams/For 2FA/2FA code' is: '069671'

2022-04-18 15:44:02 - [TEST_STEP][PASSED] - delay(3): Delayed 3 second(s)

2022-04-18 15:44:05 - [MESSAGE][PASSED] - Delayed 3 second(s)

2022-04-18 15:44:05 - [TEST_STEP][PASSED] - closeWindowTitle("Mailinator"): Window with title: 'Mailinator' is closed

2022-04-18 15:44:05 - [MESSAGE][PASSED] - Window with title: 'Mailinator' is closed

2022-04-18 15:44:05 - [TEST_STEP][PASSED] - delay(3): Delayed 3 second(s)

2022-04-18 15:44:08 - [MESSAGE][PASSED] - Delayed 3 second(s)

2022-04-18 15:44:08 - [TEST_STEP][PASSED] - switchToWindowIndex(0): Switched to window with index: '0'

2022-04-18 15:44:08 - [MESSAGE][PASSED] - Switched to window with index: '0'

2022-04-18 15:44:08 - [TEST_STEP][PASSED] - delay(3): Delayed 3 second(s)

2022-04-18 15:44:12 - [MESSAGE][PASSED] - Delayed 3 second(s)

2022-04-18 15:44:12 - [TEST_STEP][PASSED] - setText(findTestObject("Object Repository/06-Teams/For 2FA/input_Enter verification code_code"), code): Text '069671' is set on object 'Object Repository/06-Teams/For 2FA/input_Enter verification code_code'

2022-04-18 15:44:13 - [MESSAGE][PASSED] - Text '069671' is set on object 'Object Repository/06-Teams/For 2FA/input_Enter verification code_code'

2022-04-18 15:44:13 - [TEST_STEP][PASSED] - delay(3): Delayed 3 second(s)

2022-04-18 15:44:16 - [MESSAGE][PASSED] - Delayed 3 second(s)

2022-04-18 15:44:16 - [TEST_STEP][PASSED] - click(findTestObject("06-Teams/For 2FA/button_Verify_2FA")): Object: 'Object Repository/06-Teams/For 2FA/button_Verify_2FA' is clicked on

2022-04-18 15:44:16 - [MESSAGE][PASSED] - Object: 'Object Repository/06-Teams/For 2FA/button_Verify_2FA' is clicked on

2022-04-18 15:44:16 - [TEST_STEP][PASSED] - delay(5): Delayed 5 second(s)

2022-04-18 15:44:21 - [MESSAGE][PASSED] - Delayed 5 second(s)

2022-04-18 15:44:21 - [TEST_STEP][PASSED] - click(findTestObject("06-Teams/button_doublearrow")): Object: 'Object Repository/06-Teams/button_doublearrow' is clicked on

2022-04-18 15:44:35 - [MESSAGE][PASSED] - Object: 'Object Repository/06-Teams/button_doublearrow' is clicked on

2022-04-18 15:44:35 - [TEST_STEP][PASSED] - click(findTestObject("06-Teams/button_My Organizations")): Object: 'Object Repository/06-Teams/button_My Organizations' is clicked on

2022-04-18 15:44:36 - [MESSAGE][PASSED] - Object: 'Object Repository/06-Teams/button_My Organizations' is clicked on

2022-04-18 15:44:36 - [TEST_STEP][PASSED] - click(findTestObject("06-Teams/button_GG Automation")): Object: 'Object Repository/06-Teams/button_GG Automation' is clicked on

2022-04-18 15:44:37 - [MESSAGE][PASSED] - Object: 'Object Repository/06-Teams/button_GG Automation' is clicked on

2022-04-18 15:44:37 - [TEST_STEP][PASSED] - delay(4): Delayed 4 second(s)

2022-04-18 15:44:41 - [MESSAGE][PASSED] - Delayed 4 second(s)

2022-04-18 15:44:41 - [TEST_STEP][PASSED] - verifyElementVisible(findTestObject("06-Teams/span_GG Automation")): Object 'Object Repository/06-Teams/span_GG Automation' is visible

2022-04-18 15:44:41 - [MESSAGE][PASSED] - Object 'Object Repository/06-Teams/span_GG Automation' is visible

2022-04-18 15:44:41 - [TEST_STEP][PASSED] - delay(2): Delayed 2 second(s)

2022-04-18 15:44:43 - [MESSAGE][PASSED] - Delayed 2 second(s)

2022-04-18 15:44:43 - [TEST_STEP][PASSED] - click(findTestObject("03-Header Menu/Hamburger Button/div_Teams")): Object: 'Object Repository/03-Header Menu/Hamburger Button/div_Teams' is clicked on

2022-04-18 15:44:44 - [MESSAGE][PASSED] - Object: 'Object Repository/03-Header Menu/Hamburger Button/div_Teams' is clicked on

2022-04-18 15:44:44 - [TEST_STEP][PASSED] - delay(2): Delayed 2 second(s)

2022-04-18 15:44:46 - [MESSAGE][PASSED] - Delayed 2 second(s)

2022-04-18 15:44:46 - [TEST_STEP][PASSED] - verifyElementVisible(findTestObject("06-Teams/h4_TEAMS")): Object 'Object Repository/06-Teams/h4_TEAMS' is visible

2022-04-18 15:44:46 - [MESSAGE][PASSED] - Object 'Object Repository/06-Teams/h4_TEAMS' is visible

2022-04-18 15:44:46 - [TEST_STEP][PASSED] - delay(3): Delayed 3 second(s)

2022-04-18 15:44:49 - [MESSAGE][PASSED] - Delayed 3 second(s)

2022-04-18 15:44:49 - [TEST_STEP][PASSED] - click(findTestObject("06-Teams/Add Team")): Object: 'Object Repository/06-Teams/Add Team' is clicked on

2022-04-18 15:44:49 - [MESSAGE][PASSED] - Object: 'Object Repository/06-Teams/Add Team' is clicked on

2022-04-18 15:44:49 - [TEST_STEP][PASSED] - delay(3): Delayed 3 second(s)

2022-04-18 15:44:52 - [MESSAGE][PASSED] - Delayed 3 second(s)

2022-04-18 15:44:52 - [TEST_STEP][PASSED] - verifyElementVisible(findTestObject("06-Teams/button_Public")): Object 'Object Repository/06-Teams/button_Public' is visible

2022-04-18 15:44:53 - [MESSAGE][PASSED] - Object 'Object Repository/06-Teams/button_Public' is visible

2022-04-18 15:44:53 - [TEST_STEP][PASSED] - verifyElementVisible(findTestObject("06-Teams/button_Private")): Object 'Object Repository/06-Teams/button_Private' is visible

2022-04-18 15:44:53 - [MESSAGE][PASSED] - Object 'Object Repository/06-Teams/button_Private' is visible

2022-04-18 15:44:53 - [TEST_STEP][PASSED] - delay(3): Delayed 3 second(s)

2022-04-18 15:44:56 - [MESSAGE][PASSED] - Delayed 3 second(s)

2022-04-18 15:44:56 - [TEST_STEP][PASSED] - click(findTestObject("06-Teams/button_Private")): Object: 'Object Repository/06-Teams/button_Private' is clicked on

2022-04-18 15:44:57 - [MESSAGE][PASSED] - Object: 'Object Repository/06-Teams/button_Private' is clicked on

2022-04-18 15:44:57 - [TEST_STEP][PASSED] - delay(3): Delayed 3 second(s)

2022-04-18 15:45:00 - [MESSAGE][PASSED] - Delayed 3 second(s)

2022-04-18 15:45:00 - [TEST_STEP][PASSED] - verifyElementVisible(findTestObject("06-Teams/02-Add Team-Private/Add team- Private")): Object 'Object Repository/06-Teams/02-Add Team-Private/Add team- Private' is visible

2022-04-18 15:45:00 - [MESSAGE][PASSED] - Object 'Object Repository/06-Teams/02-Add Team-Private/Add team- Private' is visible

2022-04-18 15:45:00 - [TEST_STEP][PASSED] - verifyElementVisible(findTestObject("06-Teams/02-Add Team-Private/div_Settings")): Object 'Object Repository/06-Teams/02-Add Team-Private/div_Settings' is visible

2022-04-18 15:45:00 - [MESSAGE][PASSED] - Object 'Object Repository/06-Teams/02-Add Team-Private/div_Settings' is visible

2022-04-18 15:45:00 - [TEST_STEP][PASSED] - verifyElementVisible(findTestObject("06-Teams/02-Add Team-Private/div_Members")): Object 'Object Repository/06-Teams/02-Add Team-Private/div_Members' is visible

2022-04-18 15:45:01 - [MESSAGE][PASSED] - Object 'Object Repository/06-Teams/02-Add Team-Private/div_Members' is visible

2022-04-18 15:45:01 - [TEST_STEP][PASSED] - verifyElementNotClickable(findTestObject("06-Teams/01-Add Team-Public/button_Create")): Object 'Object Repository/06-Teams/01-Add Team-Public/button_Create' is NOT clickable

2022-04-18 15:45:01 - [MESSAGE][PASSED] - Object 'Object Repository/06-Teams/01-Add Team-Public/button_Create' is NOT clickable

2022-04-18 15:45:01 - [TEST_STEP][PASSED] - delay(3): Delayed 3 second(s)

2022-04-18 15:45:04 - [MESSAGE][PASSED] - Delayed 3 second(s)

2022-04-18 15:45:04 - [TEST_STEP][PASSED] - click(findTestObject("06-Teams/01-Add Team-Public/input_teamName")): Object: 'Object Repository/06-Teams/01-Add Team-Public/input_teamName' is clicked on

2022-04-18 15:45:05 - [MESSAGE][PASSED] - Object: 'Object Repository/06-Teams/01-Add Team-Public/input_teamName' is clicked on

2022-04-18 15:45:05 - [TEST_STEP][PASSED] - click(findTestObject("06-Teams/01-Add Team-Public/Org unit")): Object: 'Object Repository/06-Teams/01-Add Team-Public/Org unit' is clicked on

2022-04-18 15:45:05 - [MESSAGE][PASSED] - Object: 'Object Repository/06-Teams/01-Add Team-Public/Org unit' is clicked on

2022-04-18 15:45:05 - [TEST_STEP][PASSED] - verifyElementVisible(findTestObject("06-Teams/01-Add Team-Public/h4_Select an organization unit")): Object 'Object Repository/06-Teams/01-Add Team-Public/h4_Select an organization unit' is visible

2022-04-18 15:45:06 - [MESSAGE][PASSED] - Object 'Object Repository/06-Teams/01-Add Team-Public/h4_Select an organization unit' is visible

2022-04-18 15:45:06 - [TEST_STEP][PASSED] - delay(3): Delayed 3 second(s)

2022-04-18 15:45:09 - [MESSAGE][PASSED] - Delayed 3 second(s)

2022-04-18 15:45:09 - [TEST_STEP][PASSED] - click(findTestObject("06-Teams/01-Add Team-Public/div_GG Automation")): Object: 'Object Repository/06-Teams/01-Add Team-Public/div_GG Automation' is clicked on

2022-04-18 15:45:09 - [MESSAGE][PASSED] - Object: 'Object Repository/06-Teams/01-Add Team-Public/div_GG Automation' is clicked on

2022-04-18 15:45:09 - [TEST_STEP][PASSED] - click(findTestObject("06-Teams/01-Add Team-Public/button_Select")): Object: 'Object Repository/06-Teams/01-Add Team-Public/button_Select' is clicked on

2022-04-18 15:45:09 - [MESSAGE][PASSED] - Object: 'Object Repository/06-Teams/01-Add Team-Public/button_Select' is clicked on

2022-04-18 15:45:09 - [TEST_STEP][PASSED] - verifyElementVisible(findTestObject("06-Teams/01-Add Team-Public/Error Team name")): Object 'Object Repository/06-Teams/01-Add Team-Public/Error Team name' is visible

2022-04-18 15:45:10 - [MESSAGE][PASSED] - Object 'Object Repository/06-Teams/01-Add Team-Public/Error Team name' is visible

2022-04-18 15:45:10 - [TEST_STEP][PASSED] - delay(3): Delayed 3 second(s)

2022-04-18 15:45:13 - [MESSAGE][PASSED] - Delayed 3 second(s)

2022-04-18 15:45:13 - [TEST_STEP][PASSED] - setText(findTestObject("06-Teams/01-Add Team-Public/input_teamName"), "Auto Team Private"): Text 'Auto Team Private' is set on object 'Object Repository/06-Teams/01-Add Team-Public/input_teamName'

2022-04-18 15:45:14 - [MESSAGE][PASSED] - Text 'Auto Team Private' is set on object 'Object Repository/06-Teams/01-Add Team-Public/input_teamName'

2022-04-18 15:45:14 - [TEST_STEP][PASSED] - delay(3): Delayed 3 second(s)

2022-04-18 15:45:17 - [MESSAGE][PASSED] - Delayed 3 second(s)

2022-04-18 15:45:17 - [TEST_STEP][PASSED] - click(findTestObject("06-Teams/02-Add Team-Private/div_Members")): Object: 'Object Repository/06-Teams/02-Add Team-Private/div_Members' is clicked on

2022-04-18 15:45:18 - [MESSAGE][PASSED] - Object: 'Object Repository/06-Teams/02-Add Team-Private/div_Members' is clicked on

2022-04-18 15:45:18 - [TEST_STEP][PASSED] - verifyElementVisible(findTestObject("06-Teams/02-Add Team-Private/Members dialog box")): Object 'Object Repository/06-Teams/02-Add Team-Private/Members dialog box' is visible

2022-04-18 15:45:19 - [MESSAGE][PASSED] - Object 'Object Repository/06-Teams/02-Add Team-Private/Members dialog box' is visible

2022-04-18 15:45:19 - [TEST_STEP][PASSED] - delay(3): Delayed 3 second(s)

2022-04-18 15:45:22 - [MESSAGE][PASSED] - Delayed 3 second(s)

2022-04-18 15:45:22 - [TEST_STEP][PASSED] - click(findTestObject("06-Teams/01-Add Team-Public/button_Create")): Object: 'Object Repository/06-Teams/01-Add Team-Public/button_Create' is clicked on

2022-04-18 15:45:23 - [MESSAGE][PASSED] - Object: 'Object Repository/06-Teams/01-Add Team-Public/button_Create' is clicked on

2022-04-18 15:45:23 - [TEST_STEP][PASSED] - verifyElementVisible(findTestObject("06-Teams/01-Add Team-Public/span_Successfully added new team")): Object 'Object Repository/06-Teams/01-Add Team-Public/span_Successfully added new team' is visible

2022-04-18 15:45:24 - [MESSAGE][PASSED] - Object 'Object Repository/06-Teams/01-Add Team-Public/span_Successfully added new team' is visible

2022-04-18 15:45:24 - [TEST_STEP][PASSED] - delay(3): Delayed 3 second(s)

2022-04-18 15:45:27 - [MESSAGE][PASSED] - Delayed 3 second(s)

2022-04-18 15:45:27 - [TEST_STEP][PASSED] - verifyElementVisible(findTestObject("06-Teams/02-Add Team-Private/span_Auto Team Private")): Object 'Object Repository/06-Teams/02-Add Team-Private/span_Auto Team Private' is visible

2022-04-18 15:45:27 - [MESSAGE][PASSED] - Object 'Object Repository/06-Teams/02-Add Team-Private/span_Auto Team Private' is visible

2022-04-18 15:45:27 - [TEST_STEP][PASSED] - delay(3): Delayed 3 second(s)

2022-04-18 15:45:30 - [MESSAGE][PASSED] - Delayed 3 second(s)

2022-04-18 15:45:30 - [TEST_STEP][PASSED] - closeBrowser(): Browser is closed

2022-04-18 15:45:31 - [MESSAGE][PASSED] - Browser is closed]]></system-out>
         <system-err><![CDATA[]]></system-err>
      </testcase>
      <system-out><![CDATA[2022-04-18 15:38:40 - [TEST_SUITE][PASSED] - 06.1- Teams - Add: Test Cases/06-Teams/02-Add Team-Private]]></system-out>
      <system-err><![CDATA[]]></system-err>
   </testsuite>
</testsuites>
