<?xml version="1.0" encoding="UTF-8"?>
<testsuites name="04-Add my Organizations" time="492.11" tests="3" failures="0" errors="0">
   <testsuite name="04-Add my Organizations" tests="3" failures="0" errors="0" time="492.11" skipped="0" timestamp="2023-04-03 12:02:20" hostname="asus - DESKTOP-3L3J9C1" id="Test Suites/TS-Organization/04-Add my Organizations">
      <properties>
         <property name="deviceName" value=""/>
         <property name="devicePlatform" value=""/>
         <property name="logFolder" value="C:\\Users\\asus\\Katalon Studio\\Everleagues\\Everleagues\\Reports\\20230403_120203\\TS-Organization\\04-Add my Organizations\\20230403_120203"/>
         <property name="logFiles" value="C:\\Users\\asus\\Katalon Studio\\Everleagues\\Everleagues\\Reports\\20230403_120203\\TS-Organization\\04-Add my Organizations\\20230403_120203\\execution0.log"/>
         <property name="attachments" value=""/>
         <property name="hostName" value="asus - DESKTOP-3L3J9C1"/>
         <property name="os" value="Windows 10 64bit"/>
         <property name="katalonVersion" value="8.4.1.208"/>
         <property name="browser" value="Chrome 111.0.0.0"/>
         <property name="hostAddress" value="10.100.1.180"/>
         <property name="sessionId" value="00c352a698b8df30ad0a66b5a95ff9ab"/>
         <property name="seleniumVersion" value="3.141.59"/>
         <property name="proxyInformation" value="ProxyInformation { proxyOption=NO_PROXY, proxyServerType=HTTP, username=, password=********, proxyServerAddress=, proxyServerPort=0, executionList=&quot;&quot;, isApplyToDesiredCapabilities=true }"/>
         <property name="platform" value="Windows 10"/>
      </properties>
      <testcase name="Test Cases/04-Add my Organizations/01- Free limited Plan (Blank fields)" time="345.22" classname="Test Cases/04-Add my Organizations/01- Free limited Plan (Blank fields)" status="PASSED">
         <system-out><![CDATA[2023-04-03 12:02:21 - [TEST_CASE][PASSED] - Test Cases/04-Add my Organizations/01- Free limited Plan (Blank fields): Test Cases/04-Add my Organizations/01- Free limited Plan (Blank fields)

2023-04-03 12:02:23 - [TEST_STEP][PASSED] - openBrowser(""): Browser is opened with url: ''

2023-04-03 12:02:24 - [MESSAGE][INFO] - Starting 'Chrome' driver

2023-04-03 12:02:24 - [MESSAGE][INFO] - Action delay is set to 0 milliseconds

2023-04-03 12:02:30 - [MESSAGE][PASSED] - Browser is opened with url: ''

2023-04-03 12:02:30 - [TEST_STEP][PASSED] - navigateToUrl("https://lab.everleagues.com/"): Navigate to 'https://lab.everleagues.com/' successfully

2023-04-03 12:02:56 - [MESSAGE][PASSED] - Navigate to 'https://lab.everleagues.com/' successfully

2023-04-03 12:02:56 - [TEST_STEP][PASSED] - maximizeWindow(): Current window maximized

2023-04-03 12:02:56 - [MESSAGE][PASSED] - Current window maximized

2023-04-03 12:02:56 - [TEST_STEP][PASSED] - callTestCase(findTestCase("01-Login and Forgot Password/04-Login(Valid Credentials-With Subscription)"), [:], STOP_ON_FAILURE): Call Test Case 'Test Cases/01-Login and Forgot Password/04-Login(Valid Credentials-With Subscription)' successfully

2023-04-03 12:02:56 - [TEST_CASE][PASSED] - Test Cases/01-Login and Forgot Password/04-Login(Valid Credentials-With Subscription): Test Cases/01-Login and Forgot Password/04-Login(Valid Credentials-With Subscription)

2023-04-03 12:02:58 - [TEST_STEP][PASSED] - setText(findTestObject("01-Login and Forgot Password/input_Email_email"), "testuser05@mailinator.com"): Text 'testuser05@mailinator.com' is set on object 'Object Repository/01-Login and Forgot Password/input_Email_email'

2023-04-03 12:03:46 - [MESSAGE][PASSED] - Text 'testuser05@mailinator.com' is set on object 'Object Repository/01-Login and Forgot Password/input_Email_email'

2023-04-03 12:03:46 - [TEST_STEP][PASSED] - setEncryptedText(findTestObject("01-Login and Forgot Password/input_Email_password"), "8yFRyszE6U6jvsCn51OQbg=="): Text ****** has been set on object 'Object Repository/01-Login and Forgot Password/input_Email_password'

2023-04-03 12:03:48 - [MESSAGE][PASSED] - Text ****** has been set on object 'Object Repository/01-Login and Forgot Password/input_Email_password'

2023-04-03 12:03:48 - [TEST_STEP][PASSED] - delay(2): Delayed 2 second(s)

2023-04-03 12:03:50 - [MESSAGE][PASSED] - Delayed 2 second(s)

2023-04-03 12:03:50 - [TEST_STEP][PASSED] - click(findTestObject("01-Login and Forgot Password/show pass button")): Object: 'Object Repository/01-Login and Forgot Password/show pass button' is clicked on

2023-04-03 12:03:51 - [MESSAGE][PASSED] - Object: 'Object Repository/01-Login and Forgot Password/show pass button' is clicked on

2023-04-03 12:03:51 - [TEST_STEP][PASSED] - delay(3): Delayed 3 second(s)

2023-04-03 12:03:54 - [MESSAGE][PASSED] - Delayed 3 second(s)

2023-04-03 12:03:54 - [TEST_STEP][PASSED] - click(findTestObject("01-Login and Forgot Password/button_Sign in")): Object: 'Object Repository/01-Login and Forgot Password/button_Sign in' is clicked on

2023-04-03 12:03:56 - [MESSAGE][PASSED] - Object: 'Object Repository/01-Login and Forgot Password/button_Sign in' is clicked on

2023-04-03 12:03:56 - [TEST_STEP][PASSED] - delay(3): Delayed 3 second(s)

2023-04-03 12:03:59 - [MESSAGE][PASSED] - Delayed 3 second(s)

2023-04-03 12:03:59 - [TEST_STEP][PASSED] - click(findTestObject("06-Teams/For 2FA/button_Confirm_2FA")): Object: 'Object Repository/06-Teams/For 2FA/button_Confirm_2FA' is clicked on

2023-04-03 12:04:00 - [MESSAGE][PASSED] - Object: 'Object Repository/06-Teams/For 2FA/button_Confirm_2FA' is clicked on

2023-04-03 12:04:00 - [TEST_STEP][PASSED] - executeJavaScript("window.open();", []): Execute JavaScript 'window.open();' successfully

2023-04-03 12:04:00 - [MESSAGE][PASSED] - Execute JavaScript 'window.open();' successfully

2023-04-03 12:04:00 - [TEST_STEP][PASSED] - currentWindow = getWindowIndex(): Current window's index is: 0

2023-04-03 12:04:00 - [MESSAGE][PASSED] - Current window's index is: 0

2023-04-03 12:04:00 - [TEST_STEP][PASSED] - delay(3): Delayed 3 second(s)

2023-04-03 12:04:03 - [MESSAGE][PASSED] - Delayed 3 second(s)

2023-04-03 12:04:03 - [TEST_STEP][PASSED] - switchToWindowIndex(currentWindow + 1): Switched to window with index: '1'

2023-04-03 12:04:03 - [MESSAGE][PASSED] - Switched to window with index: '1'

2023-04-03 12:04:03 - [TEST_STEP][PASSED] - navigateToUrl("https://www.mailinator.com/"): Navigate to 'https://www.mailinator.com/' successfully

2023-04-03 12:05:20 - [MESSAGE][PASSED] - Navigate to 'https://www.mailinator.com/' successfully

2023-04-03 12:05:20 - [TEST_STEP][PASSED] - delay(3): Delayed 3 second(s)

2023-04-03 12:05:23 - [MESSAGE][PASSED] - Delayed 3 second(s)

2023-04-03 12:05:23 - [TEST_STEP][PASSED] - setText(findTestObject("00-Signup and Activation/zMailinator/input_LOGIN_search"), "testuser05@mailinator.com"): Text 'testuser05@mailinator.com' is set on object 'Object Repository/00-Signup and Activation/zMailinator/input_LOGIN_search'

2023-04-03 12:05:25 - [MESSAGE][PASSED] - Text 'testuser05@mailinator.com' is set on object 'Object Repository/00-Signup and Activation/zMailinator/input_LOGIN_search'

2023-04-03 12:05:25 - [TEST_STEP][PASSED] - click(findTestObject("00-Signup and Activation/zMailinator/gobutton"), STOP_ON_FAILURE): Object: 'Object Repository/00-Signup and Activation/zMailinator/gobutton' is clicked on

2023-04-03 12:05:27 - [MESSAGE][PASSED] - Object: 'Object Repository/00-Signup and Activation/zMailinator/gobutton' is clicked on

2023-04-03 12:05:27 - [TEST_STEP][PASSED] - delay(3): Delayed 3 second(s)

2023-04-03 12:05:30 - [MESSAGE][PASSED] - Delayed 3 second(s)

2023-04-03 12:05:30 - [TEST_STEP][PASSED] - click(findTestObject("00-Signup and Activation/zMailinator/Email - everleagues")): Object: 'Object Repository/00-Signup and Activation/zMailinator/Email - everleagues' is clicked on

2023-04-03 12:05:31 - [MESSAGE][PASSED] - Object: 'Object Repository/00-Signup and Activation/zMailinator/Email - everleagues' is clicked on

2023-04-03 12:05:31 - [TEST_STEP][PASSED] - delay(3): Delayed 3 second(s)

2023-04-03 12:05:34 - [MESSAGE][PASSED] - Delayed 3 second(s)

2023-04-03 12:05:34 - [TEST_STEP][PASSED] - code = getText(findTestObject("Object Repository/06-Teams/For 2FA/2FA code")): Text of object 'Object Repository/06-Teams/For 2FA/2FA code' is: '816619'

2023-04-03 12:05:35 - [MESSAGE][PASSED] - Text of object 'Object Repository/06-Teams/For 2FA/2FA code' is: '816619'

2023-04-03 12:05:35 - [TEST_STEP][PASSED] - delay(3): Delayed 3 second(s)

2023-04-03 12:05:38 - [MESSAGE][PASSED] - Delayed 3 second(s)

2023-04-03 12:05:38 - [TEST_STEP][PASSED] - closeWindowTitle("Mailinator"): Window with title: 'Mailinator' is closed

2023-04-03 12:05:39 - [MESSAGE][PASSED] - Window with title: 'Mailinator' is closed

2023-04-03 12:05:39 - [TEST_STEP][PASSED] - delay(3): Delayed 3 second(s)

2023-04-03 12:05:42 - [MESSAGE][PASSED] - Delayed 3 second(s)

2023-04-03 12:05:42 - [TEST_STEP][PASSED] - switchToWindowIndex(0): Switched to window with index: '0'

2023-04-03 12:05:42 - [MESSAGE][PASSED] - Switched to window with index: '0'

2023-04-03 12:05:42 - [TEST_STEP][PASSED] - delay(3): Delayed 3 second(s)

2023-04-03 12:05:45 - [MESSAGE][PASSED] - Delayed 3 second(s)

2023-04-03 12:05:45 - [TEST_STEP][PASSED] - setText(findTestObject("Object Repository/06-Teams/For 2FA/input_Enter verification code_code"), code): Text '816619' is set on object 'Object Repository/06-Teams/For 2FA/input_Enter verification code_code'

2023-04-03 12:05:49 - [MESSAGE][PASSED] - Text '816619' is set on object 'Object Repository/06-Teams/For 2FA/input_Enter verification code_code'

2023-04-03 12:05:49 - [TEST_STEP][PASSED] - delay(3): Delayed 3 second(s)

2023-04-03 12:05:52 - [MESSAGE][PASSED] - Delayed 3 second(s)

2023-04-03 12:05:52 - [TEST_STEP][PASSED] - click(findTestObject("06-Teams/For 2FA/button_Verify_2FA")): Object: 'Object Repository/06-Teams/For 2FA/button_Verify_2FA' is clicked on

2023-04-03 12:05:53 - [MESSAGE][PASSED] - Object: 'Object Repository/06-Teams/For 2FA/button_Verify_2FA' is clicked on

2023-04-03 12:05:53 - [TEST_STEP][PASSED] - delay(3): Delayed 3 second(s)

2023-04-03 12:05:56 - [MESSAGE][PASSED] - Delayed 3 second(s)

2023-04-03 12:05:56 - [MESSAGE][PASSED] - Call Test Case 'Test Cases/01-Login and Forgot Password/04-Login(Valid Credentials-With Subscription)' successfully

2023-04-03 12:05:56 - [TEST_STEP][PASSED] - click(findTestObject("04-Add my Organizations/Free limited Plan/span_Add My Organization")): Object: 'Object Repository/04-Add my Organizations/Free limited Plan/span_Add My Organization' is clicked on

2023-04-03 12:06:30 - [MESSAGE][PASSED] - Object: 'Object Repository/04-Add my Organizations/Free limited Plan/span_Add My Organization' is clicked on

2023-04-03 12:06:30 - [TEST_STEP][PASSED] - verifyElementVisible(findTestObject("04-Add my Organizations/Free limited Plan/Add my org modal")): Object 'Object Repository/04-Add my Organizations/Free limited Plan/Add my org modal' is visible

2023-04-03 12:07:02 - [MESSAGE][PASSED] - Object 'Object Repository/04-Add my Organizations/Free limited Plan/Add my org modal' is visible

2023-04-03 12:07:02 - [TEST_STEP][PASSED] - delay(2): Delayed 2 second(s)

2023-04-03 12:07:04 - [MESSAGE][PASSED] - Delayed 2 second(s)

2023-04-03 12:07:04 - [TEST_STEP][PASSED] - click(findTestObject("04-Add my Organizations/Free limited Plan/input_orgName")): Object: 'Object Repository/04-Add my Organizations/Free limited Plan/input_orgName' is clicked on

2023-04-03 12:07:35 - [MESSAGE][PASSED] - Object: 'Object Repository/04-Add my Organizations/Free limited Plan/input_orgName' is clicked on

2023-04-03 12:07:35 - [TEST_STEP][PASSED] - click(findTestObject("04-Add my Organizations/Free limited Plan/input_org alias")): Object: 'Object Repository/04-Add my Organizations/Free limited Plan/input_org alias' is clicked on

2023-04-03 12:07:44 - [MESSAGE][PASSED] - Object: 'Object Repository/04-Add my Organizations/Free limited Plan/input_org alias' is clicked on

2023-04-03 12:07:44 - [TEST_STEP][PASSED] - click(findTestObject("04-Add my Organizations/Free limited Plan/div_Service Industry_select-arrow")): Object: 'Object Repository/04-Add my Organizations/Free limited Plan/div_Service Industry_select-arrow' is clicked on

2023-04-03 12:07:56 - [MESSAGE][PASSED] - Object: 'Object Repository/04-Add my Organizations/Free limited Plan/div_Service Industry_select-arrow' is clicked on

2023-04-03 12:07:56 - [TEST_STEP][PASSED] - sendKeys(findTestObject(null), Keys.chord(ESCAPE)): Keys 'ESCAPE + ' sent to object: 'tempBody'

2023-04-03 12:07:56 - [MESSAGE][WARNING] - Test object id is null

2023-04-03 12:07:57 - [MESSAGE][WARNING] - Test object with id 'Object Repository/' does not exist

2023-04-03 12:07:57 - [MESSAGE][PASSED] - Keys 'ESCAPE + ' sent to object: 'tempBody'

2023-04-03 12:07:57 - [TEST_STEP][PASSED] - delay(3): Delayed 3 second(s)

2023-04-03 12:08:00 - [MESSAGE][PASSED] - Delayed 3 second(s)

2023-04-03 12:08:01 - [TEST_STEP][PASSED] - verifyElementVisible(findTestObject("04-Add my Organizations/Free limited Plan/div_OrganizationName_error")): Object 'Object Repository/04-Add my Organizations/Free limited Plan/div_OrganizationName_error' is visible

2023-04-03 12:08:02 - [MESSAGE][PASSED] - Object 'Object Repository/04-Add my Organizations/Free limited Plan/div_OrganizationName_error' is visible

2023-04-03 12:08:02 - [TEST_STEP][PASSED] - verifyElementVisible(findTestObject("04-Add my Organizations/Free limited Plan/div_Organization Alias_error")): Object 'Object Repository/04-Add my Organizations/Free limited Plan/div_Organization Alias_error' is visible

2023-04-03 12:08:02 - [MESSAGE][PASSED] - Object 'Object Repository/04-Add my Organizations/Free limited Plan/div_Organization Alias_error' is visible

2023-04-03 12:08:02 - [TEST_STEP][PASSED] - verifyElementVisible(findTestObject("04-Add my Organizations/Free limited Plan/div_Service Industry_error")): Object 'Object Repository/04-Add my Organizations/Free limited Plan/div_Service Industry_error' is visible

2023-04-03 12:08:03 - [MESSAGE][PASSED] - Object 'Object Repository/04-Add my Organizations/Free limited Plan/div_Service Industry_error' is visible

2023-04-03 12:08:03 - [TEST_STEP][PASSED] - delay(3): Delayed 3 second(s)

2023-04-03 12:08:06 - [MESSAGE][PASSED] - Delayed 3 second(s)]]></system-out>
         <system-err><![CDATA[]]></system-err>
      </testcase>
      <testcase name="Test Cases/04-Add my Organizations/02- Free limited Plan (Used Org Alias)" time="9.557" classname="Test Cases/04-Add my Organizations/02- Free limited Plan (Used Org Alias)" status="PASSED">
         <system-out><![CDATA[2023-04-03 12:08:06 - [TEST_CASE][PASSED] - Test Cases/04-Add my Organizations/02- Free limited Plan (Used Org Alias): Test Cases/04-Add my Organizations/02- Free limited Plan (Used Org Alias)

2023-04-03 12:08:08 - [TEST_STEP][PASSED] - setText(findTestObject("04-Add my Organizations/Free limited Plan/input_org alias"), "1234"): Text '1234' is set on object 'Object Repository/04-Add my Organizations/Free limited Plan/input_org alias'

2023-04-03 12:08:10 - [MESSAGE][PASSED] - Text '1234' is set on object 'Object Repository/04-Add my Organizations/Free limited Plan/input_org alias'

2023-04-03 12:08:10 - [TEST_STEP][PASSED] - click(findTestObject("04-Add my Organizations/Free limited Plan/input_orgName")): Object: 'Object Repository/04-Add my Organizations/Free limited Plan/input_orgName' is clicked on

2023-04-03 12:08:12 - [MESSAGE][PASSED] - Object: 'Object Repository/04-Add my Organizations/Free limited Plan/input_orgName' is clicked on

2023-04-03 12:08:12 - [TEST_STEP][PASSED] - verifyElementVisible(findTestObject("04-Add my Organizations/Free limited Plan/mat-error_1234 already exists. Please enter another ID")): Object 'Object Repository/04-Add my Organizations/Free limited Plan/mat-error_1234 already exists. Please enter another ID' is visible

2023-04-03 12:08:13 - [MESSAGE][PASSED] - Object 'Object Repository/04-Add my Organizations/Free limited Plan/mat-error_1234 already exists. Please enter another ID' is visible

2023-04-03 12:08:13 - [TEST_STEP][PASSED] - delay(3): Delayed 3 second(s)

2023-04-03 12:08:16 - [MESSAGE][PASSED] - Delayed 3 second(s)]]></system-out>
         <system-err><![CDATA[]]></system-err>
      </testcase>
      <testcase name="Test Cases/04-Add my Organizations/03- Free limited Plan (Positive Scenarios)" time="136.123" classname="Test Cases/04-Add my Organizations/03- Free limited Plan (Positive Scenarios)" status="PASSED">
         <system-out><![CDATA[2023-04-03 12:08:16 - [TEST_CASE][PASSED] - Test Cases/04-Add my Organizations/03- Free limited Plan (Positive Scenarios): Test Cases/04-Add my Organizations/03- Free limited Plan (Positive Scenarios)

2023-04-03 12:08:18 - [TEST_STEP][PASSED] - delay(2): Delayed 2 second(s)

2023-04-03 12:08:20 - [MESSAGE][PASSED] - Delayed 2 second(s)

2023-04-03 12:08:20 - [TEST_STEP][PASSED] - setText(findTestObject("04-Add my Organizations/Free limited Plan/input_orgName"), "GG Automation"): Text 'GG Automation' is set on object 'Object Repository/04-Add my Organizations/Free limited Plan/input_orgName'

2023-04-03 12:08:47 - [MESSAGE][PASSED] - Text 'GG Automation' is set on object 'Object Repository/04-Add my Organizations/Free limited Plan/input_orgName'

2023-04-03 12:08:47 - [TEST_STEP][PASSED] - setText(findTestObject("04-Add my Organizations/Free limited Plan/input_org alias"), "GGAutoAlias"): Text 'GGAutoAlias' is set on object 'Object Repository/04-Add my Organizations/Free limited Plan/input_org alias'

2023-04-03 12:08:49 - [MESSAGE][PASSED] - Text 'GGAutoAlias' is set on object 'Object Repository/04-Add my Organizations/Free limited Plan/input_org alias'

2023-04-03 12:08:49 - [TEST_STEP][PASSED] - click(findTestObject("04-Add my Organizations/Free limited Plan/div_Service Industry_select-arrow"), STOP_ON_FAILURE): Object: 'Object Repository/04-Add my Organizations/Free limited Plan/div_Service Industry_select-arrow' is clicked on

2023-04-03 12:08:51 - [MESSAGE][PASSED] - Object: 'Object Repository/04-Add my Organizations/Free limited Plan/div_Service Industry_select-arrow' is clicked on

2023-04-03 12:08:51 - [TEST_STEP][PASSED] - delay(1): Delayed 1 second(s)

2023-04-03 12:08:52 - [MESSAGE][PASSED] - Delayed 1 second(s)

2023-04-03 12:08:52 - [TEST_STEP][PASSED] - verifyElementVisible(findTestObject("04-Add my Organizations/Free limited Plan/span_CPA_EA_Accounting Firms")): Object 'Object Repository/04-Add my Organizations/Free limited Plan/span_CPA_EA_Accounting Firms' is visible

2023-04-03 12:08:52 - [MESSAGE][PASSED] - Object 'Object Repository/04-Add my Organizations/Free limited Plan/span_CPA_EA_Accounting Firms' is visible

2023-04-03 12:08:52 - [TEST_STEP][PASSED] - verifyElementVisible(findTestObject("04-Add my Organizations/Free limited Plan/span_Law Firms")): Object 'Object Repository/04-Add my Organizations/Free limited Plan/span_Law Firms' is visible

2023-04-03 12:08:53 - [MESSAGE][PASSED] - Object 'Object Repository/04-Add my Organizations/Free limited Plan/span_Law Firms' is visible

2023-04-03 12:08:53 - [TEST_STEP][PASSED] - verifyElementVisible(findTestObject("04-Add my Organizations/Free limited Plan/span_Medical Service_Physian_Dentist Office")): Object 'Object Repository/04-Add my Organizations/Free limited Plan/span_Medical Service_Physian_Dentist Office' is visible

2023-04-03 12:08:54 - [MESSAGE][PASSED] - Object 'Object Repository/04-Add my Organizations/Free limited Plan/span_Medical Service_Physian_Dentist Office' is visible

2023-04-03 12:08:54 - [TEST_STEP][PASSED] - verifyElementVisible(findTestObject("04-Add my Organizations/Free limited Plan/span_Education")): Object 'Object Repository/04-Add my Organizations/Free limited Plan/span_Education' is visible

2023-04-03 12:09:06 - [MESSAGE][PASSED] - Object 'Object Repository/04-Add my Organizations/Free limited Plan/span_Education' is visible

2023-04-03 12:09:06 - [TEST_STEP][PASSED] - verifyElementVisible(findTestObject("04-Add my Organizations/Free limited Plan/span_Real Estate")): Object 'Object Repository/04-Add my Organizations/Free limited Plan/span_Real Estate' is visible

2023-04-03 12:09:07 - [MESSAGE][PASSED] - Object 'Object Repository/04-Add my Organizations/Free limited Plan/span_Real Estate' is visible

2023-04-03 12:09:07 - [TEST_STEP][PASSED] - verifyElementVisible(findTestObject("04-Add my Organizations/Free limited Plan/span_Other Service Business")): Object 'Object Repository/04-Add my Organizations/Free limited Plan/span_Other Service Business' is visible

2023-04-03 12:09:07 - [MESSAGE][PASSED] - Object 'Object Repository/04-Add my Organizations/Free limited Plan/span_Other Service Business' is visible

2023-04-03 12:09:07 - [TEST_STEP][PASSED] - verifyElementVisible(findTestObject("04-Add my Organizations/Free limited Plan/span_Product Business")): Object 'Object Repository/04-Add my Organizations/Free limited Plan/span_Product Business' is visible

2023-04-03 12:09:08 - [MESSAGE][PASSED] - Object 'Object Repository/04-Add my Organizations/Free limited Plan/span_Product Business' is visible

2023-04-03 12:09:08 - [TEST_STEP][PASSED] - verifyElementVisible(findTestObject("04-Add my Organizations/Free limited Plan/span_Community")): Object 'Object Repository/04-Add my Organizations/Free limited Plan/span_Community' is visible

2023-04-03 12:09:09 - [MESSAGE][PASSED] - Object 'Object Repository/04-Add my Organizations/Free limited Plan/span_Community' is visible

2023-04-03 12:09:09 - [TEST_STEP][PASSED] - verifyElementVisible(findTestObject("04-Add my Organizations/Free limited Plan/span_Non Profit Organizations")): Object 'Object Repository/04-Add my Organizations/Free limited Plan/span_Non Profit Organizations' is visible

2023-04-03 12:09:10 - [MESSAGE][PASSED] - Object 'Object Repository/04-Add my Organizations/Free limited Plan/span_Non Profit Organizations' is visible

2023-04-03 12:09:10 - [TEST_STEP][PASSED] - delay(1): Delayed 1 second(s)

2023-04-03 12:09:11 - [MESSAGE][PASSED] - Delayed 1 second(s)

2023-04-03 12:09:11 - [TEST_STEP][PASSED] - click(findTestObject("04-Add my Organizations/Free limited Plan/span_Other Service Business")): Object: 'Object Repository/04-Add my Organizations/Free limited Plan/span_Other Service Business' is clicked on

2023-04-03 12:09:12 - [MESSAGE][PASSED] - Object: 'Object Repository/04-Add my Organizations/Free limited Plan/span_Other Service Business' is clicked on

2023-04-03 12:09:12 - [TEST_STEP][PASSED] - click(findTestObject("04-Add my Organizations/Free limited Plan/button_Next")): Object: 'Object Repository/04-Add my Organizations/Free limited Plan/button_Next' is clicked on

2023-04-03 12:09:13 - [MESSAGE][PASSED] - Object: 'Object Repository/04-Add my Organizations/Free limited Plan/button_Next' is clicked on

2023-04-03 12:09:13 - [TEST_STEP][PASSED] - delay(1): Delayed 1 second(s)

2023-04-03 12:09:14 - [MESSAGE][PASSED] - Delayed 1 second(s)

2023-04-03 12:09:14 - [TEST_STEP][PASSED] - verifyElementVisible(findTestObject("04-Add my Organizations/Free limited Plan/add my org modal 2")): Object 'Object Repository/04-Add my Organizations/Free limited Plan/add my org modal 2' is visible

2023-04-03 12:09:16 - [MESSAGE][PASSED] - Object 'Object Repository/04-Add my Organizations/Free limited Plan/add my org modal 2' is visible

2023-04-03 12:09:16 - [TEST_STEP][PASSED] - click(findTestObject("04-Add my Organizations/Free limited Plan/Free limited plan radio button")): Object: 'Object Repository/04-Add my Organizations/Free limited Plan/Free limited plan radio button' is clicked on

2023-04-03 12:09:17 - [MESSAGE][PASSED] - Object: 'Object Repository/04-Add my Organizations/Free limited Plan/Free limited plan radio button' is clicked on

2023-04-03 12:09:17 - [TEST_STEP][PASSED] - delay(1): Delayed 1 second(s)

2023-04-03 12:09:18 - [MESSAGE][PASSED] - Delayed 1 second(s)

2023-04-03 12:09:18 - [TEST_STEP][PASSED] - click(findTestObject("04-Add my Organizations/Free limited Plan/span_Usage limit")): Object: 'Object Repository/04-Add my Organizations/Free limited Plan/span_Usage limit' is clicked on

2023-04-03 12:09:19 - [MESSAGE][PASSED] - Object: 'Object Repository/04-Add my Organizations/Free limited Plan/span_Usage limit' is clicked on

2023-04-03 12:09:19 - [TEST_STEP][PASSED] - switchToWindowIndex(1): Switched to window with index: '1'

2023-04-03 12:09:20 - [MESSAGE][PASSED] - Switched to window with index: '1'

2023-04-03 12:09:20 - [TEST_STEP][PASSED] - delay(5): Delayed 5 second(s)

2023-04-03 12:09:25 - [MESSAGE][PASSED] - Delayed 5 second(s)

2023-04-03 12:09:25 - [TEST_STEP][PASSED] - assert getUrl() == "https://www.everleagues.com/pricing": Current window's url is: 'https://www.everleagues.com/pricing'

2023-04-03 12:09:26 - [MESSAGE][PASSED] - Current window's url is: 'https://www.everleagues.com/pricing'

2023-04-03 12:09:26 - [TEST_STEP][PASSED] - closeWindowUrl("https://www.everleagues.com/pricing"): Window with url: 'https://www.everleagues.com/pricing' is closed

2023-04-03 12:09:27 - [MESSAGE][PASSED] - Window with url: 'https://www.everleagues.com/pricing' is closed

2023-04-03 12:09:27 - [TEST_STEP][PASSED] - switchToWindowIndex(0): Switched to window with index: '0'

2023-04-03 12:09:27 - [MESSAGE][PASSED] - Switched to window with index: '0'

2023-04-03 12:09:27 - [TEST_STEP][PASSED] - delay(1): Delayed 1 second(s)

2023-04-03 12:09:28 - [MESSAGE][PASSED] - Delayed 1 second(s)

2023-04-03 12:09:28 - [TEST_STEP][PASSED] - click(findTestObject("04-Add my Organizations/Free limited Plan/a_open_in_newPricing detail")): Object: 'Object Repository/04-Add my Organizations/Free limited Plan/a_open_in_newPricing detail' is clicked on

2023-04-03 12:09:30 - [MESSAGE][PASSED] - Object: 'Object Repository/04-Add my Organizations/Free limited Plan/a_open_in_newPricing detail' is clicked on

2023-04-03 12:09:30 - [TEST_STEP][PASSED] - switchToWindowIndex(1): Switched to window with index: '1'

2023-04-03 12:09:30 - [MESSAGE][PASSED] - Switched to window with index: '1'

2023-04-03 12:09:30 - [TEST_STEP][PASSED] - delay(5): Delayed 5 second(s)

2023-04-03 12:09:35 - [MESSAGE][PASSED] - Delayed 5 second(s)

2023-04-03 12:09:35 - [TEST_STEP][PASSED] - assert getUrl() == "https://www.everleagues.com/pricing": Current window's url is: 'https://www.everleagues.com/pricing'

2023-04-03 12:09:35 - [MESSAGE][PASSED] - Current window's url is: 'https://www.everleagues.com/pricing'

2023-04-03 12:09:35 - [TEST_STEP][PASSED] - closeWindowUrl("https://www.everleagues.com/pricing"): Window with url: 'https://www.everleagues.com/pricing' is closed

2023-04-03 12:09:36 - [MESSAGE][PASSED] - Window with url: 'https://www.everleagues.com/pricing' is closed

2023-04-03 12:09:36 - [TEST_STEP][PASSED] - switchToWindowIndex(0): Switched to window with index: '0'

2023-04-03 12:09:36 - [MESSAGE][PASSED] - Switched to window with index: '0'

2023-04-03 12:09:36 - [TEST_STEP][PASSED] - delay(1): Delayed 1 second(s)

2023-04-03 12:09:37 - [MESSAGE][PASSED] - Delayed 1 second(s)

2023-04-03 12:09:37 - [TEST_STEP][PASSED] - click(findTestObject("04-Add my Organizations/Free limited Plan/button_Next2")): Object: 'Object Repository/04-Add my Organizations/Free limited Plan/button_Next2' is clicked on

2023-04-03 12:09:38 - [MESSAGE][PASSED] - Object: 'Object Repository/04-Add my Organizations/Free limited Plan/button_Next2' is clicked on

2023-04-03 12:09:38 - [TEST_STEP][PASSED] - delay(1): Delayed 1 second(s)

2023-04-03 12:09:39 - [MESSAGE][PASSED] - Delayed 1 second(s)

2023-04-03 12:09:39 - [TEST_STEP][PASSED] - verifyElementVisible(findTestObject("04-Add my Organizations/Free limited Plan/add my org modal 3")): Object 'Object Repository/04-Add my Organizations/Free limited Plan/add my org modal 3' is visible

2023-04-03 12:09:39 - [MESSAGE][PASSED] - Object 'Object Repository/04-Add my Organizations/Free limited Plan/add my org modal 3' is visible

2023-04-03 12:09:39 - [TEST_STEP][PASSED] - delay(1): Delayed 1 second(s)

2023-04-03 12:09:40 - [MESSAGE][PASSED] - Delayed 1 second(s)

2023-04-03 12:09:40 - [TEST_STEP][PASSED] - click(findTestObject("04-Add my Organizations/Free limited Plan/SaaS checkbox")): Object: 'Object Repository/04-Add my Organizations/Free limited Plan/SaaS checkbox' is clicked on

2023-04-03 12:09:41 - [MESSAGE][PASSED] - Object: 'Object Repository/04-Add my Organizations/Free limited Plan/SaaS checkbox' is clicked on

2023-04-03 12:09:41 - [TEST_STEP][PASSED] - click(findTestObject("04-Add my Organizations/Free limited Plan/a_Software as a service (SaaS) subscription agreement")): Object: 'Object Repository/04-Add my Organizations/Free limited Plan/a_Software as a service (SaaS) subscription agreement' is clicked on

2023-04-03 12:09:43 - [MESSAGE][PASSED] - Object: 'Object Repository/04-Add my Organizations/Free limited Plan/a_Software as a service (SaaS) subscription agreement' is clicked on

2023-04-03 12:09:43 - [TEST_STEP][PASSED] - switchToWindowIndex(1): Switched to window with index: '1'

2023-04-03 12:09:43 - [MESSAGE][PASSED] - Switched to window with index: '1'

2023-04-03 12:09:43 - [TEST_STEP][PASSED] - delay(5): Delayed 5 second(s)

2023-04-03 12:09:48 - [MESSAGE][PASSED] - Delayed 5 second(s)

2023-04-03 12:09:48 - [TEST_STEP][PASSED] - assert getUrl() == "https://www.everleagues.com/saas-agreement/": Current window's url is: 'https://www.everleagues.com/saas-agreement/'

2023-04-03 12:09:52 - [MESSAGE][PASSED] - Current window's url is: 'https://www.everleagues.com/saas-agreement/'

2023-04-03 12:09:52 - [TEST_STEP][PASSED] - closeWindowUrl("https://www.everleagues.com/saas-agreement/"): Window with url: 'https://www.everleagues.com/saas-agreement/' is closed

2023-04-03 12:09:53 - [MESSAGE][PASSED] - Window with url: 'https://www.everleagues.com/saas-agreement/' is closed

2023-04-03 12:09:53 - [TEST_STEP][PASSED] - switchToWindowIndex(0): Switched to window with index: '0'

2023-04-03 12:09:53 - [MESSAGE][PASSED] - Switched to window with index: '0'

2023-04-03 12:09:53 - [TEST_STEP][PASSED] - delay(1): Delayed 1 second(s)

2023-04-03 12:09:54 - [MESSAGE][PASSED] - Delayed 1 second(s)

2023-04-03 12:09:54 - [TEST_STEP][PASSED] - click(findTestObject("04-Add my Organizations/Free limited Plan/button_Create")): Object: 'Object Repository/04-Add my Organizations/Free limited Plan/button_Create' is clicked on

2023-04-03 12:10:01 - [MESSAGE][PASSED] - Object: 'Object Repository/04-Add my Organizations/Free limited Plan/button_Create' is clicked on

2023-04-03 12:10:01 - [TEST_STEP][PASSED] - delay(1): Delayed 1 second(s)

2023-04-03 12:10:02 - [MESSAGE][PASSED] - Delayed 1 second(s)

2023-04-03 12:10:02 - [TEST_STEP][PASSED] - verifyElementVisible(findTestObject("04-Add my Organizations/Free limited Plan/Congratulations msg")): Object 'Object Repository/04-Add my Organizations/Free limited Plan/Congratulations msg' is visible

2023-04-03 12:10:17 - [MESSAGE][PASSED] - Object 'Object Repository/04-Add my Organizations/Free limited Plan/Congratulations msg' is visible

2023-04-03 12:10:17 - [TEST_STEP][PASSED] - verifyElementVisible(findTestObject("04-Add my Organizations/Free limited Plan/button_SET UP")): Object 'Object Repository/04-Add my Organizations/Free limited Plan/button_SET UP' is visible

2023-04-03 12:10:19 - [MESSAGE][PASSED] - Object 'Object Repository/04-Add my Organizations/Free limited Plan/button_SET UP' is visible

2023-04-03 12:10:19 - [TEST_STEP][PASSED] - verifyElementVisible(findTestObject("04-Add my Organizations/Free limited Plan/button_INVITE EMPLOYEES etc")): Object 'Object Repository/04-Add my Organizations/Free limited Plan/button_INVITE EMPLOYEES etc' is visible

2023-04-03 12:10:19 - [MESSAGE][PASSED] - Object 'Object Repository/04-Add my Organizations/Free limited Plan/button_INVITE EMPLOYEES etc' is visible

2023-04-03 12:10:19 - [TEST_STEP][PASSED] - verifyElementVisible(findTestObject("04-Add my Organizations/Free limited Plan/button_SET UP TEAM")): Object 'Object Repository/04-Add my Organizations/Free limited Plan/button_SET UP TEAM' is visible

2023-04-03 12:10:20 - [MESSAGE][PASSED] - Object 'Object Repository/04-Add my Organizations/Free limited Plan/button_SET UP TEAM' is visible

2023-04-03 12:10:20 - [TEST_STEP][PASSED] - verifyElementVisible(findTestObject("04-Add my Organizations/Free limited Plan/button_LEARN MORE")): Object 'Object Repository/04-Add my Organizations/Free limited Plan/button_LEARN MORE' is visible

2023-04-03 12:10:21 - [MESSAGE][PASSED] - Object 'Object Repository/04-Add my Organizations/Free limited Plan/button_LEARN MORE' is visible

2023-04-03 12:10:21 - [TEST_STEP][PASSED] - delay(5): Delayed 5 second(s)

2023-04-03 12:10:26 - [MESSAGE][PASSED] - Delayed 5 second(s)

2023-04-03 12:10:26 - [TEST_STEP][PASSED] - click(findTestObject("04-Add my Organizations/Free limited Plan/button_DO THIS LATER")): Object: 'Object Repository/04-Add my Organizations/Free limited Plan/button_DO THIS LATER' is clicked on

2023-04-03 12:10:27 - [MESSAGE][PASSED] - Object: 'Object Repository/04-Add my Organizations/Free limited Plan/button_DO THIS LATER' is clicked on

2023-04-03 12:10:27 - [TEST_STEP][PASSED] - delay(1): Delayed 1 second(s)

2023-04-03 12:10:28 - [MESSAGE][PASSED] - Delayed 1 second(s)

2023-04-03 12:10:28 - [TEST_STEP][PASSED] - verifyElementVisible(findTestObject("04-Add my Organizations/Free limited Plan/span_GG Automation")): Object 'Object Repository/04-Add my Organizations/Free limited Plan/span_GG Automation' is visible

2023-04-03 12:10:29 - [MESSAGE][PASSED] - Object 'Object Repository/04-Add my Organizations/Free limited Plan/span_GG Automation' is visible

2023-04-03 12:10:29 - [TEST_STEP][PASSED] - delay(1): Delayed 1 second(s)

2023-04-03 12:10:30 - [MESSAGE][PASSED] - Delayed 1 second(s)

2023-04-03 12:10:30 - [TEST_STEP][PASSED] - closeBrowser(): Browser is closed

2023-04-03 12:10:32 - [MESSAGE][PASSED] - Browser is closed]]></system-out>
         <system-err><![CDATA[]]></system-err>
      </testcase>
      <system-out><![CDATA[2023-04-03 12:02:20 - [TEST_SUITE][PASSED] - 04-Add my Organizations: Test Cases/04-Add my Organizations/03- Free limited Plan (Positive Scenarios)]]></system-out>
      <system-err><![CDATA[]]></system-err>
   </testsuite>
</testsuites>
