<?xml version="1.0" encoding="UTF-8"?>
<testsuites name="09-Settings" time="844.653" tests="5" failures="0" errors="0">
   <testsuite name="09-Settings" tests="5" failures="0" errors="0" time="844.653" skipped="0" timestamp="2022-09-30 16:36:25" hostname="User - DESKTOP-QCRNR4M" id="Test Suites/TS-Organization/09-Settings">
      <properties>
         <property name="deviceName" value=""/>
         <property name="devicePlatform" value=""/>
         <property name="logFolder" value="C:\\Users\\User\\Katalon Studio\\EverleaguesMain\\Reports\\20220930_163622\\TS-Organization\\09-Settings\\20220930_163622"/>
         <property name="logFiles" value="C:\\Users\\User\\Katalon Studio\\EverleaguesMain\\Reports\\20220930_163622\\TS-Organization\\09-Settings\\20220930_163622\\execution0.log"/>
         <property name="attachments" value=""/>
         <property name="hostName" value="User - DESKTOP-QCRNR4M"/>
         <property name="os" value="Windows 10 64bit"/>
         <property name="katalonVersion" value="8.4.1.208"/>
         <property name="browser" value="Chrome 106.0.0.0"/>
         <property name="hostAddress" value="192.168.5.124"/>
         <property name="sessionId" value="7907de5f0a8b945878eb079efa4ab73f"/>
         <property name="seleniumVersion" value="3.141.59"/>
         <property name="proxyInformation" value="ProxyInformation { proxyOption=NO_PROXY, proxyServerType=HTTP, username=, password=********, proxyServerAddress=, proxyServerPort=0, executionList=&quot;&quot;, isApplyToDesiredCapabilities=true }"/>
         <property name="platform" value="Windows 10"/>
      </properties>
      <testcase name="Test Cases/09-Settings/01 - Users (Invite new user but field are blank)" time="131.876" classname="Test Cases/09-Settings/01 - Users (Invite new user but field are blank)" status="PASSED">
         <system-out><![CDATA[2022-09-30 16:36:25 - [TEST_CASE][PASSED] - Test Cases/09-Settings/01 - Users (Invite new user but field are blank): Test Cases/09-Settings/01 - Users (Invite new user but field are blank)

2022-09-30 16:36:25 - [TEST_STEP][PASSED] - openBrowser(""): Browser is opened with url: ''

2022-09-30 16:36:25 - [MESSAGE][INFO] - Starting 'Chrome' driver

2022-09-30 16:36:26 - [MESSAGE][INFO] - Action delay is set to 0 milliseconds

2022-09-30 16:36:27 - [MESSAGE][PASSED] - Browser is opened with url: ''

2022-09-30 16:36:27 - [TEST_STEP][PASSED] - navigateToUrl("https://lab.everleagues.com/"): Navigate to 'https://lab.everleagues.com/' successfully

2022-09-30 16:37:14 - [MESSAGE][PASSED] - Navigate to 'https://lab.everleagues.com/' successfully

2022-09-30 16:37:14 - [TEST_STEP][PASSED] - maximizeWindow(): Current window maximized

2022-09-30 16:37:14 - [MESSAGE][PASSED] - Current window maximized

2022-09-30 16:37:14 - [TEST_STEP][PASSED] - setText(findTestObject("02-Side Icons(Organization)/Add Contact/Email Field"), "testuser02@mailinator.com"): Text 'testuser02@mailinator.com' is set on object 'Object Repository/02-Side Icons(Organization)/Add Contact/Email Field'

2022-09-30 16:37:15 - [MESSAGE][PASSED] - Text 'testuser02@mailinator.com' is set on object 'Object Repository/02-Side Icons(Organization)/Add Contact/Email Field'

2022-09-30 16:37:15 - [TEST_STEP][PASSED] - setEncryptedText(findTestObject("02-Side Icons(Organization)/Add Contact/Password Field"), "8yFRyszE6U6jvsCn51OQbg=="): Text ****** has been set on object 'Object Repository/02-Side Icons(Organization)/Add Contact/Password Field'

2022-09-30 16:37:15 - [MESSAGE][PASSED] - Text ****** has been set on object 'Object Repository/02-Side Icons(Organization)/Add Contact/Password Field'

2022-09-30 16:37:15 - [TEST_STEP][PASSED] - click(findTestObject("02-Side Icons(Organization)/Add Contact/button_Sign in")): Object: 'Object Repository/02-Side Icons(Organization)/Add Contact/button_Sign in' is clicked on

2022-09-30 16:37:16 - [MESSAGE][PASSED] - Object: 'Object Repository/02-Side Icons(Organization)/Add Contact/button_Sign in' is clicked on

2022-09-30 16:37:16 - [TEST_STEP][PASSED] - delay(2): Delayed 2 second(s)

2022-09-30 16:37:18 - [MESSAGE][PASSED] - Delayed 2 second(s)

2022-09-30 16:37:18 - [TEST_STEP][PASSED] - click(findTestObject("06-Teams/For 2FA/button_Confirm_2FA")): Object: 'Object Repository/06-Teams/For 2FA/button_Confirm_2FA' is clicked on

2022-09-30 16:37:19 - [MESSAGE][PASSED] - Object: 'Object Repository/06-Teams/For 2FA/button_Confirm_2FA' is clicked on

2022-09-30 16:37:19 - [TEST_STEP][PASSED] - executeJavaScript("window.open();", []): Execute JavaScript 'window.open();' successfully

2022-09-30 16:37:19 - [MESSAGE][PASSED] - Execute JavaScript 'window.open();' successfully

2022-09-30 16:37:19 - [TEST_STEP][PASSED] - currentWindow = getWindowIndex(): Current window's index is: 0

2022-09-30 16:37:19 - [MESSAGE][PASSED] - Current window's index is: 0

2022-09-30 16:37:19 - [TEST_STEP][PASSED] - delay(3): Delayed 3 second(s)

2022-09-30 16:37:22 - [MESSAGE][PASSED] - Delayed 3 second(s)

2022-09-30 16:37:22 - [TEST_STEP][PASSED] - switchToWindowIndex(currentWindow + 1): Switched to window with index: '1'

2022-09-30 16:37:22 - [MESSAGE][PASSED] - Switched to window with index: '1'

2022-09-30 16:37:22 - [TEST_STEP][PASSED] - navigateToUrl("https://www.mailinator.com/"): Navigate to 'https://www.mailinator.com/' successfully

2022-09-30 16:37:24 - [MESSAGE][PASSED] - Navigate to 'https://www.mailinator.com/' successfully

2022-09-30 16:37:24 - [TEST_STEP][PASSED] - delay(3): Delayed 3 second(s)

2022-09-30 16:37:27 - [MESSAGE][PASSED] - Delayed 3 second(s)

2022-09-30 16:37:27 - [TEST_STEP][PASSED] - setText(findTestObject("00-Signup and Activation/zMailinator/input_LOGIN_search"), "testuser02@mailinator.com"): Text 'testuser02@mailinator.com' is set on object 'Object Repository/00-Signup and Activation/zMailinator/input_LOGIN_search'

2022-09-30 16:37:27 - [MESSAGE][PASSED] - Text 'testuser02@mailinator.com' is set on object 'Object Repository/00-Signup and Activation/zMailinator/input_LOGIN_search'

2022-09-30 16:37:27 - [TEST_STEP][PASSED] - click(findTestObject("00-Signup and Activation/zMailinator/gobutton"), STOP_ON_FAILURE): Object: 'Object Repository/00-Signup and Activation/zMailinator/gobutton' is clicked on

2022-09-30 16:37:29 - [MESSAGE][PASSED] - Object: 'Object Repository/00-Signup and Activation/zMailinator/gobutton' is clicked on

2022-09-30 16:37:29 - [TEST_STEP][PASSED] - delay(3): Delayed 3 second(s)

2022-09-30 16:37:32 - [MESSAGE][PASSED] - Delayed 3 second(s)

2022-09-30 16:37:32 - [TEST_STEP][PASSED] - click(findTestObject("00-Signup and Activation/zMailinator/Email - everleagues")): Object: 'Object Repository/00-Signup and Activation/zMailinator/Email - everleagues' is clicked on

2022-09-30 16:37:32 - [MESSAGE][PASSED] - Object: 'Object Repository/00-Signup and Activation/zMailinator/Email - everleagues' is clicked on

2022-09-30 16:37:32 - [TEST_STEP][PASSED] - delay(3): Delayed 3 second(s)

2022-09-30 16:37:35 - [MESSAGE][PASSED] - Delayed 3 second(s)

2022-09-30 16:37:35 - [TEST_STEP][PASSED] - code = getText(findTestObject("Object Repository/06-Teams/For 2FA/2FA code")): Text of object 'Object Repository/06-Teams/For 2FA/2FA code' is: '366564'

2022-09-30 16:37:36 - [MESSAGE][PASSED] - Text of object 'Object Repository/06-Teams/For 2FA/2FA code' is: '366564'

2022-09-30 16:37:36 - [TEST_STEP][PASSED] - delay(3): Delayed 3 second(s)

2022-09-30 16:37:39 - [MESSAGE][PASSED] - Delayed 3 second(s)

2022-09-30 16:37:39 - [TEST_STEP][PASSED] - closeWindowTitle("Mailinator"): Window with title: 'Mailinator' is closed

2022-09-30 16:37:39 - [MESSAGE][PASSED] - Window with title: 'Mailinator' is closed

2022-09-30 16:37:39 - [TEST_STEP][PASSED] - delay(3): Delayed 3 second(s)

2022-09-30 16:37:42 - [MESSAGE][PASSED] - Delayed 3 second(s)

2022-09-30 16:37:42 - [TEST_STEP][PASSED] - switchToWindowIndex(0): Switched to window with index: '0'

2022-09-30 16:37:42 - [MESSAGE][PASSED] - Switched to window with index: '0'

2022-09-30 16:37:42 - [TEST_STEP][PASSED] - delay(3): Delayed 3 second(s)

2022-09-30 16:37:45 - [MESSAGE][PASSED] - Delayed 3 second(s)

2022-09-30 16:37:45 - [TEST_STEP][PASSED] - setText(findTestObject("Object Repository/06-Teams/For 2FA/input_Enter verification code_code"), code): Text '366564' is set on object 'Object Repository/06-Teams/For 2FA/input_Enter verification code_code'

2022-09-30 16:37:46 - [MESSAGE][PASSED] - Text '366564' is set on object 'Object Repository/06-Teams/For 2FA/input_Enter verification code_code'

2022-09-30 16:37:46 - [TEST_STEP][PASSED] - delay(3): Delayed 3 second(s)

2022-09-30 16:37:49 - [MESSAGE][PASSED] - Delayed 3 second(s)

2022-09-30 16:37:49 - [TEST_STEP][PASSED] - click(findTestObject("06-Teams/For 2FA/button_Verify_2FA")): Object: 'Object Repository/06-Teams/For 2FA/button_Verify_2FA' is clicked on

2022-09-30 16:37:50 - [MESSAGE][PASSED] - Object: 'Object Repository/06-Teams/For 2FA/button_Verify_2FA' is clicked on

2022-09-30 16:37:50 - [TEST_STEP][PASSED] - delay(5): Delayed 5 second(s)

2022-09-30 16:37:55 - [MESSAGE][PASSED] - Delayed 5 second(s)

2022-09-30 16:37:55 - [TEST_STEP][PASSED] - click(findTestObject("06-Teams/button_doublearrow")): Object: 'Object Repository/06-Teams/button_doublearrow' is clicked on

2022-09-30 16:37:57 - [MESSAGE][PASSED] - Object: 'Object Repository/06-Teams/button_doublearrow' is clicked on

2022-09-30 16:37:57 - [TEST_STEP][PASSED] - click(findTestObject("06-Teams/button_My Organizations")): Object: 'Object Repository/06-Teams/button_My Organizations' is clicked on

2022-09-30 16:37:58 - [MESSAGE][PASSED] - Object: 'Object Repository/06-Teams/button_My Organizations' is clicked on

2022-09-30 16:37:58 - [TEST_STEP][PASSED] - click(findTestObject("06-Teams/button_GG Automation")): Object: 'Object Repository/06-Teams/button_GG Automation' is clicked on

2022-09-30 16:37:59 - [MESSAGE][PASSED] - Object: 'Object Repository/06-Teams/button_GG Automation' is clicked on

2022-09-30 16:37:59 - [TEST_STEP][PASSED] - delay(4): Delayed 4 second(s)

2022-09-30 16:38:03 - [MESSAGE][PASSED] - Delayed 4 second(s)

2022-09-30 16:38:03 - [TEST_STEP][PASSED] - verifyElementVisible(findTestObject("06-Teams/span_GG Automation")): Object 'Object Repository/06-Teams/span_GG Automation' is visible

2022-09-30 16:38:03 - [MESSAGE][PASSED] - Object 'Object Repository/06-Teams/span_GG Automation' is visible

2022-09-30 16:38:03 - [TEST_STEP][PASSED] - delay(10): Delayed 10 second(s)

2022-09-30 16:38:13 - [MESSAGE][PASSED] - Delayed 10 second(s)

2022-09-30 16:38:13 - [TEST_STEP][PASSED] - click(findTestObject("03-Header Menu/Hamburger Button/div_Settings")): Object: 'Object Repository/03-Header Menu/Hamburger Button/div_Settings' is clicked on

2022-09-30 16:38:14 - [MESSAGE][PASSED] - Object: 'Object Repository/03-Header Menu/Hamburger Button/div_Settings' is clicked on

2022-09-30 16:38:14 - [TEST_STEP][PASSED] - verifyElementVisible(findTestObject("09-Settings/Users/div_Organization")): Object 'Object Repository/09-Settings/Users/div_Organization' is visible

2022-09-30 16:38:14 - [MESSAGE][PASSED] - Object 'Object Repository/09-Settings/Users/div_Organization' is visible

2022-09-30 16:38:14 - [TEST_STEP][PASSED] - verifyElementVisible(findTestObject("09-Settings/Users/div_Organization Units")): Object 'Object Repository/09-Settings/Users/div_Organization Units' is visible

2022-09-30 16:38:14 - [MESSAGE][PASSED] - Object 'Object Repository/09-Settings/Users/div_Organization Units' is visible

2022-09-30 16:38:14 - [TEST_STEP][PASSED] - verifyElementVisible(findTestObject("09-Settings/Users/div_Subscriptions")): Object 'Object Repository/09-Settings/Users/div_Subscriptions' is visible

2022-09-30 16:38:15 - [MESSAGE][PASSED] - Object 'Object Repository/09-Settings/Users/div_Subscriptions' is visible

2022-09-30 16:38:15 - [TEST_STEP][PASSED] - verifyElementVisible(findTestObject("09-Settings/Users/div_Users")): Object 'Object Repository/09-Settings/Users/div_Users' is visible

2022-09-30 16:38:15 - [MESSAGE][PASSED] - Object 'Object Repository/09-Settings/Users/div_Users' is visible

2022-09-30 16:38:15 - [TEST_STEP][PASSED] - delay(3): Delayed 3 second(s)

2022-09-30 16:38:18 - [MESSAGE][PASSED] - Delayed 3 second(s)

2022-09-30 16:38:18 - [TEST_STEP][PASSED] - click(findTestObject("09-Settings/Users/div_Users")): Object: 'Object Repository/09-Settings/Users/div_Users' is clicked on

2022-09-30 16:38:19 - [MESSAGE][PASSED] - Object: 'Object Repository/09-Settings/Users/div_Users' is clicked on

2022-09-30 16:38:19 - [TEST_STEP][PASSED] - verifyElementVisible(findTestObject("09-Settings/Users/h4_USERS")): Object 'Object Repository/09-Settings/Users/h4_USERS' is visible

2022-09-30 16:38:20 - [MESSAGE][PASSED] - Object 'Object Repository/09-Settings/Users/h4_USERS' is visible

2022-09-30 16:38:20 - [TEST_STEP][PASSED] - verifyElementVisible(findTestObject("09-Settings/Users/User Page")): Object 'Object Repository/09-Settings/Users/User Page' is visible

2022-09-30 16:38:20 - [MESSAGE][PASSED] - Object 'Object Repository/09-Settings/Users/User Page' is visible

2022-09-30 16:38:20 - [TEST_STEP][PASSED] - delay(3): Delayed 3 second(s)

2022-09-30 16:38:23 - [MESSAGE][PASSED] - Delayed 3 second(s)

2022-09-30 16:38:23 - [TEST_STEP][PASSED] - click(findTestObject("09-Settings/Users/button_add")): Object: 'Object Repository/09-Settings/Users/button_add' is clicked on

2022-09-30 16:38:24 - [MESSAGE][PASSED] - Object: 'Object Repository/09-Settings/Users/button_add' is clicked on

2022-09-30 16:38:24 - [TEST_STEP][PASSED] - verifyElementVisible(findTestObject("09-Settings/Users/User Invitation modal")): Object 'Object Repository/09-Settings/Users/User Invitation modal' is visible

2022-09-30 16:38:24 - [MESSAGE][PASSED] - Object 'Object Repository/09-Settings/Users/User Invitation modal' is visible

2022-09-30 16:38:24 - [TEST_STEP][PASSED] - delay(3): Delayed 3 second(s)

2022-09-30 16:38:27 - [MESSAGE][PASSED] - Delayed 3 second(s)

2022-09-30 16:38:27 - [TEST_STEP][PASSED] - click(findTestObject("09-Settings/Users/add Invite a single user")): Object: 'Object Repository/09-Settings/Users/add Invite a single user' is clicked on

2022-09-30 16:38:28 - [MESSAGE][PASSED] - Object: 'Object Repository/09-Settings/Users/add Invite a single user' is clicked on

2022-09-30 16:38:28 - [TEST_STEP][PASSED] - verifyElementVisible(findTestObject("09-Settings/Users/Invite new user modal")): Object 'Object Repository/09-Settings/Users/Invite new user modal' is visible

2022-09-30 16:38:29 - [MESSAGE][PASSED] - Object 'Object Repository/09-Settings/Users/Invite new user modal' is visible

2022-09-30 16:38:29 - [TEST_STEP][PASSED] - click(findTestObject("09-Settings/Users/input_email")): Object: 'Object Repository/09-Settings/Users/input_email' is clicked on

2022-09-30 16:38:29 - [MESSAGE][PASSED] - Object: 'Object Repository/09-Settings/Users/input_email' is clicked on

2022-09-30 16:38:29 - [TEST_STEP][PASSED] - click(findTestObject("09-Settings/Users/input_firstName")): Object: 'Object Repository/09-Settings/Users/input_firstName' is clicked on

2022-09-30 16:38:29 - [MESSAGE][PASSED] - Object: 'Object Repository/09-Settings/Users/input_firstName' is clicked on

2022-09-30 16:38:29 - [TEST_STEP][PASSED] - click(findTestObject("09-Settings/Users/input_lastName")): Object: 'Object Repository/09-Settings/Users/input_lastName' is clicked on

2022-09-30 16:38:30 - [MESSAGE][PASSED] - Object: 'Object Repository/09-Settings/Users/input_lastName' is clicked on

2022-09-30 16:38:30 - [TEST_STEP][PASSED] - click(findTestObject("09-Settings/Users/span_Role")): Object: 'Object Repository/09-Settings/Users/span_Role' is clicked on

2022-09-30 16:38:30 - [MESSAGE][PASSED] - Object: 'Object Repository/09-Settings/Users/span_Role' is clicked on

2022-09-30 16:38:30 - [TEST_STEP][PASSED] - clickOffset(findTestObject("09-Settings/Users/h4_Invite New User"), 100, 100): Object: 'Object Repository/09-Settings/Users/h4_Invite New User' is clicked on using offset x=100 and y=100

2022-09-30 16:38:31 - [MESSAGE][PASSED] - Object: 'Object Repository/09-Settings/Users/h4_Invite New User' is clicked on using offset x=100 and y=100

2022-09-30 16:38:31 - [TEST_STEP][PASSED] - verifyElementVisible(findTestObject("09-Settings/Users/Email required")): Object 'Object Repository/09-Settings/Users/Email required' is visible

2022-09-30 16:38:32 - [MESSAGE][PASSED] - Object 'Object Repository/09-Settings/Users/Email required' is visible

2022-09-30 16:38:32 - [TEST_STEP][PASSED] - verifyElementVisible(findTestObject("09-Settings/Users/Firstname required")): Object 'Object Repository/09-Settings/Users/Firstname required' is visible

2022-09-30 16:38:32 - [MESSAGE][PASSED] - Object 'Object Repository/09-Settings/Users/Firstname required' is visible

2022-09-30 16:38:32 - [TEST_STEP][PASSED] - verifyElementVisible(findTestObject("09-Settings/Users/last name required")): Object 'Object Repository/09-Settings/Users/last name required' is visible

2022-09-30 16:38:33 - [MESSAGE][PASSED] - Object 'Object Repository/09-Settings/Users/last name required' is visible

2022-09-30 16:38:33 - [TEST_STEP][PASSED] - verifyElementVisible(findTestObject("09-Settings/Users/error_Select a role")): Object 'Object Repository/09-Settings/Users/error_Select a role' is visible

2022-09-30 16:38:33 - [MESSAGE][PASSED] - Object 'Object Repository/09-Settings/Users/error_Select a role' is visible

2022-09-30 16:38:33 - [TEST_STEP][PASSED] - delay(3): Delayed 3 second(s)

2022-09-30 16:38:36 - [MESSAGE][PASSED] - Delayed 3 second(s)

2022-09-30 16:38:36 - [TEST_STEP][PASSED] - closeBrowser(): Browser is closed

2022-09-30 16:38:37 - [MESSAGE][PASSED] - Browser is closed]]></system-out>
         <system-err><![CDATA[]]></system-err>
      </testcase>
      <testcase name="Test Cases/09-Settings/02 - Users (Invite new user as co worker)" time="206.081" classname="Test Cases/09-Settings/02 - Users (Invite new user as co worker)" status="PASSED">
         <system-out><![CDATA[2022-09-30 16:38:37 - [TEST_CASE][PASSED] - Test Cases/09-Settings/02 - Users (Invite new user as co worker): Test Cases/09-Settings/02 - Users (Invite new user as co worker)

2022-09-30 16:38:37 - [TEST_STEP][PASSED] - openBrowser(""): Browser is opened with url: ''

2022-09-30 16:38:37 - [MESSAGE][INFO] - Starting 'Chrome' driver

2022-09-30 16:38:37 - [MESSAGE][INFO] - Action delay is set to 0 milliseconds

2022-09-30 16:38:38 - [MESSAGE][PASSED] - Browser is opened with url: ''

2022-09-30 16:38:38 - [TEST_STEP][PASSED] - navigateToUrl("https://lab.everleagues.com/"): Navigate to 'https://lab.everleagues.com/' successfully

2022-09-30 16:39:12 - [MESSAGE][PASSED] - Navigate to 'https://lab.everleagues.com/' successfully

2022-09-30 16:39:12 - [TEST_STEP][PASSED] - maximizeWindow(): Current window maximized

2022-09-30 16:39:12 - [MESSAGE][PASSED] - Current window maximized

2022-09-30 16:39:12 - [TEST_STEP][PASSED] - setText(findTestObject("02-Side Icons(Organization)/Add Contact/Email Field"), "testuser02@mailinator.com"): Text 'testuser02@mailinator.com' is set on object 'Object Repository/02-Side Icons(Organization)/Add Contact/Email Field'

2022-09-30 16:39:13 - [MESSAGE][PASSED] - Text 'testuser02@mailinator.com' is set on object 'Object Repository/02-Side Icons(Organization)/Add Contact/Email Field'

2022-09-30 16:39:13 - [TEST_STEP][PASSED] - setEncryptedText(findTestObject("02-Side Icons(Organization)/Add Contact/Password Field"), "8yFRyszE6U6jvsCn51OQbg=="): Text ****** has been set on object 'Object Repository/02-Side Icons(Organization)/Add Contact/Password Field'

2022-09-30 16:39:13 - [MESSAGE][PASSED] - Text ****** has been set on object 'Object Repository/02-Side Icons(Organization)/Add Contact/Password Field'

2022-09-30 16:39:13 - [TEST_STEP][PASSED] - click(findTestObject("02-Side Icons(Organization)/Add Contact/button_Sign in")): Object: 'Object Repository/02-Side Icons(Organization)/Add Contact/button_Sign in' is clicked on

2022-09-30 16:39:14 - [MESSAGE][PASSED] - Object: 'Object Repository/02-Side Icons(Organization)/Add Contact/button_Sign in' is clicked on

2022-09-30 16:39:14 - [TEST_STEP][PASSED] - delay(2): Delayed 2 second(s)

2022-09-30 16:39:16 - [MESSAGE][PASSED] - Delayed 2 second(s)

2022-09-30 16:39:16 - [TEST_STEP][PASSED] - click(findTestObject("06-Teams/For 2FA/button_Confirm_2FA")): Object: 'Object Repository/06-Teams/For 2FA/button_Confirm_2FA' is clicked on

2022-09-30 16:39:16 - [MESSAGE][PASSED] - Object: 'Object Repository/06-Teams/For 2FA/button_Confirm_2FA' is clicked on

2022-09-30 16:39:16 - [TEST_STEP][PASSED] - executeJavaScript("window.open();", []): Execute JavaScript 'window.open();' successfully

2022-09-30 16:39:16 - [MESSAGE][PASSED] - Execute JavaScript 'window.open();' successfully

2022-09-30 16:39:16 - [TEST_STEP][PASSED] - currentWindow = getWindowIndex(): Current window's index is: 0

2022-09-30 16:39:16 - [MESSAGE][PASSED] - Current window's index is: 0

2022-09-30 16:39:16 - [TEST_STEP][PASSED] - delay(3): Delayed 3 second(s)

2022-09-30 16:39:19 - [MESSAGE][PASSED] - Delayed 3 second(s)

2022-09-30 16:39:19 - [TEST_STEP][PASSED] - switchToWindowIndex(currentWindow + 1): Switched to window with index: '1'

2022-09-30 16:39:19 - [MESSAGE][PASSED] - Switched to window with index: '1'

2022-09-30 16:39:19 - [TEST_STEP][PASSED] - navigateToUrl("https://www.mailinator.com/"): Navigate to 'https://www.mailinator.com/' successfully

2022-09-30 16:39:21 - [MESSAGE][PASSED] - Navigate to 'https://www.mailinator.com/' successfully

2022-09-30 16:39:21 - [TEST_STEP][PASSED] - delay(3): Delayed 3 second(s)

2022-09-30 16:39:24 - [MESSAGE][PASSED] - Delayed 3 second(s)

2022-09-30 16:39:24 - [TEST_STEP][PASSED] - setText(findTestObject("00-Signup and Activation/zMailinator/input_LOGIN_search"), "testuser02@mailinator.com"): Text 'testuser02@mailinator.com' is set on object 'Object Repository/00-Signup and Activation/zMailinator/input_LOGIN_search'

2022-09-30 16:39:25 - [MESSAGE][PASSED] - Text 'testuser02@mailinator.com' is set on object 'Object Repository/00-Signup and Activation/zMailinator/input_LOGIN_search'

2022-09-30 16:39:25 - [TEST_STEP][PASSED] - click(findTestObject("00-Signup and Activation/zMailinator/gobutton"), STOP_ON_FAILURE): Object: 'Object Repository/00-Signup and Activation/zMailinator/gobutton' is clicked on

2022-09-30 16:39:26 - [MESSAGE][PASSED] - Object: 'Object Repository/00-Signup and Activation/zMailinator/gobutton' is clicked on

2022-09-30 16:39:26 - [TEST_STEP][PASSED] - delay(3): Delayed 3 second(s)

2022-09-30 16:39:29 - [MESSAGE][PASSED] - Delayed 3 second(s)

2022-09-30 16:39:29 - [TEST_STEP][PASSED] - click(findTestObject("00-Signup and Activation/zMailinator/Email - everleagues")): Object: 'Object Repository/00-Signup and Activation/zMailinator/Email - everleagues' is clicked on

2022-09-30 16:39:30 - [MESSAGE][PASSED] - Object: 'Object Repository/00-Signup and Activation/zMailinator/Email - everleagues' is clicked on

2022-09-30 16:39:30 - [TEST_STEP][PASSED] - delay(3): Delayed 3 second(s)

2022-09-30 16:39:33 - [MESSAGE][PASSED] - Delayed 3 second(s)

2022-09-30 16:39:33 - [TEST_STEP][PASSED] - code = getText(findTestObject("Object Repository/06-Teams/For 2FA/2FA code")): Text of object 'Object Repository/06-Teams/For 2FA/2FA code' is: '245545'

2022-09-30 16:39:33 - [MESSAGE][PASSED] - Text of object 'Object Repository/06-Teams/For 2FA/2FA code' is: '245545'

2022-09-30 16:39:33 - [TEST_STEP][PASSED] - delay(3): Delayed 3 second(s)

2022-09-30 16:39:36 - [MESSAGE][PASSED] - Delayed 3 second(s)

2022-09-30 16:39:36 - [TEST_STEP][PASSED] - closeWindowTitle("Mailinator"): Window with title: 'Mailinator' is closed

2022-09-30 16:39:36 - [MESSAGE][PASSED] - Window with title: 'Mailinator' is closed

2022-09-30 16:39:36 - [TEST_STEP][PASSED] - delay(3): Delayed 3 second(s)

2022-09-30 16:39:39 - [MESSAGE][PASSED] - Delayed 3 second(s)

2022-09-30 16:39:39 - [TEST_STEP][PASSED] - switchToWindowIndex(0): Switched to window with index: '0'

2022-09-30 16:39:39 - [MESSAGE][PASSED] - Switched to window with index: '0'

2022-09-30 16:39:39 - [TEST_STEP][PASSED] - delay(3): Delayed 3 second(s)

2022-09-30 16:39:42 - [MESSAGE][PASSED] - Delayed 3 second(s)

2022-09-30 16:39:42 - [TEST_STEP][PASSED] - setText(findTestObject("Object Repository/06-Teams/For 2FA/input_Enter verification code_code"), code): Text '245545' is set on object 'Object Repository/06-Teams/For 2FA/input_Enter verification code_code'

2022-09-30 16:39:43 - [MESSAGE][PASSED] - Text '245545' is set on object 'Object Repository/06-Teams/For 2FA/input_Enter verification code_code'

2022-09-30 16:39:43 - [TEST_STEP][PASSED] - delay(3): Delayed 3 second(s)

2022-09-30 16:39:46 - [MESSAGE][PASSED] - Delayed 3 second(s)

2022-09-30 16:39:46 - [TEST_STEP][PASSED] - click(findTestObject("06-Teams/For 2FA/button_Verify_2FA")): Object: 'Object Repository/06-Teams/For 2FA/button_Verify_2FA' is clicked on

2022-09-30 16:39:47 - [MESSAGE][PASSED] - Object: 'Object Repository/06-Teams/For 2FA/button_Verify_2FA' is clicked on

2022-09-30 16:39:47 - [TEST_STEP][PASSED] - delay(5): Delayed 5 second(s)

2022-09-30 16:39:52 - [MESSAGE][PASSED] - Delayed 5 second(s)

2022-09-30 16:39:52 - [TEST_STEP][PASSED] - click(findTestObject("06-Teams/button_doublearrow")): Object: 'Object Repository/06-Teams/button_doublearrow' is clicked on

2022-09-30 16:39:52 - [MESSAGE][PASSED] - Object: 'Object Repository/06-Teams/button_doublearrow' is clicked on

2022-09-30 16:39:52 - [TEST_STEP][PASSED] - click(findTestObject("06-Teams/button_My Organizations")): Object: 'Object Repository/06-Teams/button_My Organizations' is clicked on

2022-09-30 16:39:53 - [MESSAGE][PASSED] - Object: 'Object Repository/06-Teams/button_My Organizations' is clicked on

2022-09-30 16:39:53 - [TEST_STEP][PASSED] - click(findTestObject("06-Teams/button_GG Automation")): Object: 'Object Repository/06-Teams/button_GG Automation' is clicked on

2022-09-30 16:39:53 - [MESSAGE][PASSED] - Object: 'Object Repository/06-Teams/button_GG Automation' is clicked on

2022-09-30 16:39:53 - [TEST_STEP][PASSED] - delay(4): Delayed 4 second(s)

2022-09-30 16:39:58 - [MESSAGE][PASSED] - Delayed 4 second(s)

2022-09-30 16:39:58 - [TEST_STEP][PASSED] - verifyElementVisible(findTestObject("06-Teams/span_GG Automation")): Object 'Object Repository/06-Teams/span_GG Automation' is visible

2022-09-30 16:39:58 - [MESSAGE][PASSED] - Object 'Object Repository/06-Teams/span_GG Automation' is visible

2022-09-30 16:39:58 - [TEST_STEP][PASSED] - delay(10): Delayed 10 second(s)

2022-09-30 16:40:08 - [MESSAGE][PASSED] - Delayed 10 second(s)

2022-09-30 16:40:08 - [TEST_STEP][PASSED] - click(findTestObject("03-Header Menu/Hamburger Button/div_Settings")): Object: 'Object Repository/03-Header Menu/Hamburger Button/div_Settings' is clicked on

2022-09-30 16:40:08 - [MESSAGE][PASSED] - Object: 'Object Repository/03-Header Menu/Hamburger Button/div_Settings' is clicked on

2022-09-30 16:40:08 - [TEST_STEP][PASSED] - delay(3): Delayed 3 second(s)

2022-09-30 16:40:11 - [MESSAGE][PASSED] - Delayed 3 second(s)

2022-09-30 16:40:11 - [TEST_STEP][PASSED] - click(findTestObject("09-Settings/Users/div_Users")): Object: 'Object Repository/09-Settings/Users/div_Users' is clicked on

2022-09-30 16:40:12 - [MESSAGE][PASSED] - Object: 'Object Repository/09-Settings/Users/div_Users' is clicked on

2022-09-30 16:40:12 - [TEST_STEP][PASSED] - delay(3): Delayed 3 second(s)

2022-09-30 16:40:15 - [MESSAGE][PASSED] - Delayed 3 second(s)

2022-09-30 16:40:15 - [TEST_STEP][PASSED] - click(findTestObject("09-Settings/Users/button_add")): Object: 'Object Repository/09-Settings/Users/button_add' is clicked on

2022-09-30 16:40:15 - [MESSAGE][PASSED] - Object: 'Object Repository/09-Settings/Users/button_add' is clicked on

2022-09-30 16:40:15 - [TEST_STEP][PASSED] - delay(3): Delayed 3 second(s)

2022-09-30 16:40:18 - [MESSAGE][PASSED] - Delayed 3 second(s)

2022-09-30 16:40:18 - [TEST_STEP][PASSED] - click(findTestObject("09-Settings/Users/add Invite a single user")): Object: 'Object Repository/09-Settings/Users/add Invite a single user' is clicked on

2022-09-30 16:40:19 - [MESSAGE][PASSED] - Object: 'Object Repository/09-Settings/Users/add Invite a single user' is clicked on

2022-09-30 16:40:19 - [TEST_STEP][PASSED] - delay(3): Delayed 3 second(s)

2022-09-30 16:40:22 - [MESSAGE][PASSED] - Delayed 3 second(s)

2022-09-30 16:40:22 - [TEST_STEP][PASSED] - setText(findTestObject("09-Settings/Users/input_email"), "autotester04@mailinator.com"): Text 'autotester04@mailinator.com' is set on object 'Object Repository/09-Settings/Users/input_email'

2022-09-30 16:40:23 - [MESSAGE][PASSED] - Text 'autotester04@mailinator.com' is set on object 'Object Repository/09-Settings/Users/input_email'

2022-09-30 16:40:23 - [TEST_STEP][PASSED] - setText(findTestObject("09-Settings/Users/input_firstName"), "GG"): Text 'GG' is set on object 'Object Repository/09-Settings/Users/input_firstName'

2022-09-30 16:40:23 - [MESSAGE][PASSED] - Text 'GG' is set on object 'Object Repository/09-Settings/Users/input_firstName'

2022-09-30 16:40:23 - [TEST_STEP][PASSED] - setText(findTestObject("09-Settings/Users/input_lastName"), "Auto Contact 2"): Text 'Auto Contact 2' is set on object 'Object Repository/09-Settings/Users/input_lastName'

2022-09-30 16:40:24 - [MESSAGE][PASSED] - Text 'Auto Contact 2' is set on object 'Object Repository/09-Settings/Users/input_lastName'

2022-09-30 16:40:24 - [TEST_STEP][PASSED] - click(findTestObject("09-Settings/Users/span_Role")): Object: 'Object Repository/09-Settings/Users/span_Role' is clicked on

2022-09-30 16:40:25 - [MESSAGE][PASSED] - Object: 'Object Repository/09-Settings/Users/span_Role' is clicked on

2022-09-30 16:40:25 - [TEST_STEP][PASSED] - click(findTestObject("09-Settings/Users/span_CoWorker")): Object: 'Object Repository/09-Settings/Users/span_CoWorker' is clicked on

2022-09-30 16:40:25 - [MESSAGE][PASSED] - Object: 'Object Repository/09-Settings/Users/span_CoWorker' is clicked on

2022-09-30 16:40:25 - [TEST_STEP][PASSED] - click(findTestObject("09-Settings/Users/button_Send Invitation")): Object: 'Object Repository/09-Settings/Users/button_Send Invitation' is clicked on

2022-09-30 16:40:26 - [MESSAGE][PASSED] - Object: 'Object Repository/09-Settings/Users/button_Send Invitation' is clicked on

2022-09-30 16:40:26 - [TEST_STEP][PASSED] - delay(2): Delayed 2 second(s)

2022-09-30 16:40:28 - [MESSAGE][PASSED] - Delayed 2 second(s)

2022-09-30 16:40:28 - [TEST_STEP][PASSED] - verifyElementVisible(findTestObject("07-Directory/Connections/zContact Profile/Successfully invited user")): Object 'Object Repository/07-Directory/Connections/zContact Profile/Successfully invited user' is visible

2022-09-30 16:40:29 - [MESSAGE][PASSED] - Object 'Object Repository/07-Directory/Connections/zContact Profile/Successfully invited user' is visible

2022-09-30 16:40:29 - [TEST_STEP][PASSED] - delay(2): Delayed 2 second(s)

2022-09-30 16:40:31 - [MESSAGE][PASSED] - Delayed 2 second(s)

2022-09-30 16:40:31 - [TEST_STEP][PASSED] - executeJavaScript("window.open();", []): Execute JavaScript 'window.open();' successfully

2022-09-30 16:40:31 - [MESSAGE][PASSED] - Execute JavaScript 'window.open();' successfully

2022-09-30 16:40:31 - [TEST_STEP][PASSED] - currentWindow = getWindowIndex(): Current window's index is: 0

2022-09-30 16:40:31 - [MESSAGE][PASSED] - Current window's index is: 0

2022-09-30 16:40:31 - [TEST_STEP][PASSED] - delay(3): Delayed 3 second(s)

2022-09-30 16:40:34 - [MESSAGE][PASSED] - Delayed 3 second(s)

2022-09-30 16:40:34 - [TEST_STEP][PASSED] - switchToWindowIndex(currentWindow + 1): Switched to window with index: '1'

2022-09-30 16:40:34 - [MESSAGE][PASSED] - Switched to window with index: '1'

2022-09-30 16:40:34 - [TEST_STEP][PASSED] - navigateToUrl("https://www.mailinator.com/"): Navigate to 'https://www.mailinator.com/' successfully

2022-09-30 16:40:36 - [MESSAGE][PASSED] - Navigate to 'https://www.mailinator.com/' successfully

2022-09-30 16:40:36 - [TEST_STEP][PASSED] - delay(3): Delayed 3 second(s)

2022-09-30 16:40:39 - [MESSAGE][PASSED] - Delayed 3 second(s)

2022-09-30 16:40:39 - [TEST_STEP][PASSED] - setText(findTestObject("00-Signup and Activation/zMailinator/input_LOGIN_search"), "autotester04@mailinator.com"): Text 'autotester04@mailinator.com' is set on object 'Object Repository/00-Signup and Activation/zMailinator/input_LOGIN_search'

2022-09-30 16:40:39 - [MESSAGE][PASSED] - Text 'autotester04@mailinator.com' is set on object 'Object Repository/00-Signup and Activation/zMailinator/input_LOGIN_search'

2022-09-30 16:40:39 - [TEST_STEP][PASSED] - click(findTestObject("00-Signup and Activation/zMailinator/gobutton"), STOP_ON_FAILURE): Object: 'Object Repository/00-Signup and Activation/zMailinator/gobutton' is clicked on

2022-09-30 16:40:40 - [MESSAGE][PASSED] - Object: 'Object Repository/00-Signup and Activation/zMailinator/gobutton' is clicked on

2022-09-30 16:40:40 - [TEST_STEP][PASSED] - delay(3): Delayed 3 second(s)

2022-09-30 16:40:43 - [MESSAGE][PASSED] - Delayed 3 second(s)

2022-09-30 16:40:43 - [TEST_STEP][PASSED] - closeWindowTitle("Everleagues"): Window with title: 'Everleagues' is closed

2022-09-30 16:40:43 - [MESSAGE][PASSED] - Window with title: 'Everleagues' is closed

2022-09-30 16:40:43 - [TEST_STEP][PASSED] - switchToWindowIndex(0): Switched to window with index: '0'

2022-09-30 16:40:43 - [MESSAGE][PASSED] - Switched to window with index: '0'

2022-09-30 16:40:43 - [TEST_STEP][PASSED] - click(findTestObject("09-Settings/Users/Co worker/td_Invitation from GG Automation")): Object: 'Object Repository/09-Settings/Users/Co worker/td_Invitation from GG Automation' is clicked on

2022-09-30 16:40:44 - [MESSAGE][PASSED] - Object: 'Object Repository/09-Settings/Users/Co worker/td_Invitation from GG Automation' is clicked on

2022-09-30 16:40:44 - [TEST_STEP][PASSED] - click(findTestObject("09-Settings/Users/Co worker/a_Click here to join GG Automation on EverLeagues")): Object: 'Object Repository/09-Settings/Users/Co worker/a_Click here to join GG Automation on EverLeagues' is clicked on

2022-09-30 16:40:45 - [MESSAGE][PASSED] - Object: 'Object Repository/09-Settings/Users/Co worker/a_Click here to join GG Automation on EverLeagues' is clicked on

2022-09-30 16:40:45 - [TEST_STEP][PASSED] - closeWindowTitle("Mailinator"): Window with title: 'Mailinator' is closed

2022-09-30 16:40:45 - [MESSAGE][PASSED] - Window with title: 'Mailinator' is closed

2022-09-30 16:40:45 - [TEST_STEP][PASSED] - switchToWindowIndex(0): Switched to window with index: '0'

2022-09-30 16:40:45 - [MESSAGE][PASSED] - Switched to window with index: '0'

2022-09-30 16:40:45 - [TEST_STEP][PASSED] - verifyElementVisible(findTestObject("09-Settings/Users/Co worker/Logout before proceed modal")): Object 'Object Repository/09-Settings/Users/Co worker/Logout before proceed modal' is visible

2022-09-30 16:40:51 - [MESSAGE][PASSED] - Object 'Object Repository/09-Settings/Users/Co worker/Logout before proceed modal' is visible

2022-09-30 16:40:51 - [TEST_STEP][PASSED] - click(findTestObject("09-Settings/Users/Co worker/button_Yes")): Object: 'Object Repository/09-Settings/Users/Co worker/button_Yes' is clicked on

2022-09-30 16:40:51 - [MESSAGE][PASSED] - Object: 'Object Repository/09-Settings/Users/Co worker/button_Yes' is clicked on

2022-09-30 16:40:51 - [TEST_STEP][PASSED] - delay(3): Delayed 3 second(s)

2022-09-30 16:40:54 - [MESSAGE][PASSED] - Delayed 3 second(s)

2022-09-30 16:40:54 - [TEST_STEP][PASSED] - setText(findTestObject("09-Settings/Users/Co worker/input_Email_email"), "autotester04@mailinator.com"): Text 'autotester04@mailinator.com' is set on object 'Object Repository/09-Settings/Users/Co worker/input_Email_email'

2022-09-30 16:40:55 - [MESSAGE][PASSED] - Text 'autotester04@mailinator.com' is set on object 'Object Repository/09-Settings/Users/Co worker/input_Email_email'

2022-09-30 16:40:55 - [TEST_STEP][PASSED] - setEncryptedText(findTestObject("09-Settings/Users/Co worker/input__password"), "8yFRyszE6U6jvsCn51OQbg=="): Text ****** has been set on object 'Object Repository/09-Settings/Users/Co worker/input__password'

2022-09-30 16:40:55 - [MESSAGE][PASSED] - Text ****** has been set on object 'Object Repository/09-Settings/Users/Co worker/input__password'

2022-09-30 16:40:55 - [TEST_STEP][PASSED] - click(findTestObject("02-Side Icons(Organization)/Add Contact/button_Sign in")): Object: 'Object Repository/02-Side Icons(Organization)/Add Contact/button_Sign in' is clicked on

2022-09-30 16:40:56 - [MESSAGE][PASSED] - Object: 'Object Repository/02-Side Icons(Organization)/Add Contact/button_Sign in' is clicked on

2022-09-30 16:40:56 - [TEST_STEP][PASSED] - delay(2): Delayed 2 second(s)

2022-09-30 16:40:58 - [MESSAGE][PASSED] - Delayed 2 second(s)

2022-09-30 16:40:58 - [TEST_STEP][PASSED] - click(findTestObject("06-Teams/For 2FA/button_Confirm_2FA")): Object: 'Object Repository/06-Teams/For 2FA/button_Confirm_2FA' is clicked on

2022-09-30 16:40:58 - [MESSAGE][PASSED] - Object: 'Object Repository/06-Teams/For 2FA/button_Confirm_2FA' is clicked on

2022-09-30 16:40:58 - [TEST_STEP][PASSED] - executeJavaScript("window.open();", []): Execute JavaScript 'window.open();' successfully

2022-09-30 16:40:58 - [MESSAGE][PASSED] - Execute JavaScript 'window.open();' successfully

2022-09-30 16:40:58 - [TEST_STEP][PASSED] - currentWindow = getWindowIndex(): Current window's index is: 0

2022-09-30 16:40:58 - [MESSAGE][PASSED] - Current window's index is: 0

2022-09-30 16:40:58 - [TEST_STEP][PASSED] - delay(3): Delayed 3 second(s)

2022-09-30 16:41:01 - [MESSAGE][PASSED] - Delayed 3 second(s)

2022-09-30 16:41:01 - [TEST_STEP][PASSED] - switchToWindowIndex(currentWindow + 1): Switched to window with index: '1'

2022-09-30 16:41:01 - [MESSAGE][PASSED] - Switched to window with index: '1'

2022-09-30 16:41:01 - [TEST_STEP][PASSED] - navigateToUrl("https://www.mailinator.com/"): Navigate to 'https://www.mailinator.com/' successfully

2022-09-30 16:41:02 - [MESSAGE][PASSED] - Navigate to 'https://www.mailinator.com/' successfully

2022-09-30 16:41:02 - [TEST_STEP][PASSED] - delay(3): Delayed 3 second(s)

2022-09-30 16:41:05 - [MESSAGE][PASSED] - Delayed 3 second(s)

2022-09-30 16:41:05 - [TEST_STEP][PASSED] - setText(findTestObject("00-Signup and Activation/zMailinator/input_LOGIN_search"), "autotester04@mailinator.com"): Text 'autotester04@mailinator.com' is set on object 'Object Repository/00-Signup and Activation/zMailinator/input_LOGIN_search'

2022-09-30 16:41:06 - [MESSAGE][PASSED] - Text 'autotester04@mailinator.com' is set on object 'Object Repository/00-Signup and Activation/zMailinator/input_LOGIN_search'

2022-09-30 16:41:06 - [TEST_STEP][PASSED] - click(findTestObject("00-Signup and Activation/zMailinator/gobutton"), STOP_ON_FAILURE): Object: 'Object Repository/00-Signup and Activation/zMailinator/gobutton' is clicked on

2022-09-30 16:41:07 - [MESSAGE][PASSED] - Object: 'Object Repository/00-Signup and Activation/zMailinator/gobutton' is clicked on

2022-09-30 16:41:07 - [TEST_STEP][PASSED] - delay(3): Delayed 3 second(s)

2022-09-30 16:41:10 - [MESSAGE][PASSED] - Delayed 3 second(s)

2022-09-30 16:41:10 - [TEST_STEP][PASSED] - click(findTestObject("00-Signup and Activation/zMailinator/Email - everleagues")): Object: 'Object Repository/00-Signup and Activation/zMailinator/Email - everleagues' is clicked on

2022-09-30 16:41:10 - [MESSAGE][PASSED] - Object: 'Object Repository/00-Signup and Activation/zMailinator/Email - everleagues' is clicked on

2022-09-30 16:41:10 - [TEST_STEP][PASSED] - delay(3): Delayed 3 second(s)

2022-09-30 16:41:13 - [MESSAGE][PASSED] - Delayed 3 second(s)

2022-09-30 16:41:13 - [TEST_STEP][PASSED] - codetwo = getText(findTestObject("Object Repository/06-Teams/For 2FA/2FA code")): Text of object 'Object Repository/06-Teams/For 2FA/2FA code' is: '607450'

2022-09-30 16:41:14 - [MESSAGE][PASSED] - Text of object 'Object Repository/06-Teams/For 2FA/2FA code' is: '607450'

2022-09-30 16:41:14 - [TEST_STEP][PASSED] - delay(3): Delayed 3 second(s)

2022-09-30 16:41:17 - [MESSAGE][PASSED] - Delayed 3 second(s)

2022-09-30 16:41:17 - [TEST_STEP][PASSED] - closeWindowTitle("Mailinator"): Window with title: 'Mailinator' is closed

2022-09-30 16:41:17 - [MESSAGE][PASSED] - Window with title: 'Mailinator' is closed

2022-09-30 16:41:17 - [TEST_STEP][PASSED] - delay(3): Delayed 3 second(s)

2022-09-30 16:41:20 - [MESSAGE][PASSED] - Delayed 3 second(s)

2022-09-30 16:41:20 - [TEST_STEP][PASSED] - switchToWindowIndex(0): Switched to window with index: '0'

2022-09-30 16:41:20 - [MESSAGE][PASSED] - Switched to window with index: '0'

2022-09-30 16:41:20 - [TEST_STEP][PASSED] - delay(3): Delayed 3 second(s)

2022-09-30 16:41:23 - [MESSAGE][PASSED] - Delayed 3 second(s)

2022-09-30 16:41:23 - [TEST_STEP][PASSED] - setText(findTestObject("Object Repository/06-Teams/For 2FA/input_Enter verification code_code"), codetwo): Text '607450' is set on object 'Object Repository/06-Teams/For 2FA/input_Enter verification code_code'

2022-09-30 16:41:24 - [MESSAGE][PASSED] - Text '607450' is set on object 'Object Repository/06-Teams/For 2FA/input_Enter verification code_code'

2022-09-30 16:41:24 - [TEST_STEP][PASSED] - delay(3): Delayed 3 second(s)

2022-09-30 16:41:27 - [MESSAGE][PASSED] - Delayed 3 second(s)

2022-09-30 16:41:27 - [TEST_STEP][PASSED] - click(findTestObject("06-Teams/For 2FA/button_Verify_2FA")): Object: 'Object Repository/06-Teams/For 2FA/button_Verify_2FA' is clicked on

2022-09-30 16:41:28 - [MESSAGE][PASSED] - Object: 'Object Repository/06-Teams/For 2FA/button_Verify_2FA' is clicked on

2022-09-30 16:41:28 - [TEST_STEP][PASSED] - delay(5): Delayed 5 second(s)

2022-09-30 16:41:33 - [MESSAGE][PASSED] - Delayed 5 second(s)

2022-09-30 16:41:33 - [TEST_STEP][PASSED] - executeJavaScript("window.open();", []): Execute JavaScript 'window.open();' successfully

2022-09-30 16:41:33 - [MESSAGE][PASSED] - Execute JavaScript 'window.open();' successfully

2022-09-30 16:41:33 - [TEST_STEP][PASSED] - currentWindow = getWindowIndex(): Current window's index is: 0

2022-09-30 16:41:33 - [MESSAGE][PASSED] - Current window's index is: 0

2022-09-30 16:41:33 - [TEST_STEP][PASSED] - delay(3): Delayed 3 second(s)

2022-09-30 16:41:36 - [MESSAGE][PASSED] - Delayed 3 second(s)

2022-09-30 16:41:36 - [TEST_STEP][PASSED] - switchToWindowIndex(currentWindow + 1): Switched to window with index: '1'

2022-09-30 16:41:36 - [MESSAGE][PASSED] - Switched to window with index: '1'

2022-09-30 16:41:36 - [TEST_STEP][PASSED] - navigateToUrl("https://www.mailinator.com/"): Navigate to 'https://www.mailinator.com/' successfully

2022-09-30 16:41:37 - [MESSAGE][PASSED] - Navigate to 'https://www.mailinator.com/' successfully

2022-09-30 16:41:37 - [TEST_STEP][PASSED] - delay(3): Delayed 3 second(s)

2022-09-30 16:41:40 - [MESSAGE][PASSED] - Delayed 3 second(s)

2022-09-30 16:41:40 - [TEST_STEP][PASSED] - setText(findTestObject("00-Signup and Activation/zMailinator/input_LOGIN_search"), "autotester04@mailinator.com"): Text 'autotester04@mailinator.com' is set on object 'Object Repository/00-Signup and Activation/zMailinator/input_LOGIN_search'

2022-09-30 16:41:41 - [MESSAGE][PASSED] - Text 'autotester04@mailinator.com' is set on object 'Object Repository/00-Signup and Activation/zMailinator/input_LOGIN_search'

2022-09-30 16:41:41 - [TEST_STEP][PASSED] - click(findTestObject("00-Signup and Activation/zMailinator/gobutton"), STOP_ON_FAILURE): Object: 'Object Repository/00-Signup and Activation/zMailinator/gobutton' is clicked on

2022-09-30 16:41:42 - [MESSAGE][PASSED] - Object: 'Object Repository/00-Signup and Activation/zMailinator/gobutton' is clicked on

2022-09-30 16:41:42 - [TEST_STEP][PASSED] - delay(3): Delayed 3 second(s)

2022-09-30 16:41:45 - [MESSAGE][PASSED] - Delayed 3 second(s)

2022-09-30 16:41:45 - [TEST_STEP][PASSED] - closeWindowTitle("Everleagues"): Window with title: 'Everleagues' is closed

2022-09-30 16:41:45 - [MESSAGE][PASSED] - Window with title: 'Everleagues' is closed

2022-09-30 16:41:45 - [TEST_STEP][PASSED] - switchToWindowIndex(0): Switched to window with index: '0'

2022-09-30 16:41:45 - [MESSAGE][PASSED] - Switched to window with index: '0'

2022-09-30 16:41:45 - [TEST_STEP][PASSED] - click(findTestObject("09-Settings/Users/Co worker/td_Invitation from GG Automation")): Object: 'Object Repository/09-Settings/Users/Co worker/td_Invitation from GG Automation' is clicked on

2022-09-30 16:41:45 - [MESSAGE][PASSED] - Object: 'Object Repository/09-Settings/Users/Co worker/td_Invitation from GG Automation' is clicked on

2022-09-30 16:41:45 - [TEST_STEP][PASSED] - click(findTestObject("09-Settings/Users/Co worker/a_Click here to join GG Automation on EverLeagues")): Object: 'Object Repository/09-Settings/Users/Co worker/a_Click here to join GG Automation on EverLeagues' is clicked on

2022-09-30 16:41:46 - [MESSAGE][PASSED] - Object: 'Object Repository/09-Settings/Users/Co worker/a_Click here to join GG Automation on EverLeagues' is clicked on

2022-09-30 16:41:46 - [TEST_STEP][PASSED] - delay(3): Delayed 3 second(s)

2022-09-30 16:41:49 - [MESSAGE][PASSED] - Delayed 3 second(s)

2022-09-30 16:41:49 - [TEST_STEP][PASSED] - closeWindowTitle("Mailinator"): Window with title: 'Mailinator' is closed

2022-09-30 16:41:49 - [MESSAGE][PASSED] - Window with title: 'Mailinator' is closed

2022-09-30 16:41:49 - [TEST_STEP][PASSED] - switchToWindowIndex(0): Switched to window with index: '0'

2022-09-30 16:41:49 - [MESSAGE][PASSED] - Switched to window with index: '0'

2022-09-30 16:41:49 - [TEST_STEP][PASSED] - verifyElementVisible(findTestObject("09-Settings/Users/Co worker/Invite modal")): Object 'Object Repository/09-Settings/Users/Co worker/Invite modal' is visible

2022-09-30 16:41:51 - [MESSAGE][PASSED] - Object 'Object Repository/09-Settings/Users/Co worker/Invite modal' is visible

2022-09-30 16:41:51 - [TEST_STEP][PASSED] - click(findTestObject("09-Settings/Users/Co worker/button_Accept")): Object: 'Object Repository/09-Settings/Users/Co worker/button_Accept' is clicked on

2022-09-30 16:41:52 - [MESSAGE][PASSED] - Object: 'Object Repository/09-Settings/Users/Co worker/button_Accept' is clicked on

2022-09-30 16:41:52 - [TEST_STEP][PASSED] - delay(10): Delayed 10 second(s)

2022-09-30 16:42:02 - [MESSAGE][PASSED] - Delayed 10 second(s)

2022-09-30 16:42:02 - [TEST_STEP][PASSED] - verifyElementVisible(findTestObject("09-Settings/Users/Co worker/div_Joined as CoWorker")): Object 'Object Repository/09-Settings/Users/Co worker/div_Joined as CoWorker' is visible

2022-09-30 16:42:02 - [MESSAGE][PASSED] - Object 'Object Repository/09-Settings/Users/Co worker/div_Joined as CoWorker' is visible

2022-09-30 16:42:02 - [TEST_STEP][PASSED] - closeBrowser(): Browser is closed

2022-09-30 16:42:03 - [MESSAGE][PASSED] - Browser is closed]]></system-out>
         <system-err><![CDATA[]]></system-err>
      </testcase>
      <testcase name="Test Cases/09-Settings/03 - Users (Invite new user as client)" time="197.407" classname="Test Cases/09-Settings/03 - Users (Invite new user as client)" status="PASSED">
         <system-out><![CDATA[2022-09-30 16:42:03 - [TEST_CASE][PASSED] - Test Cases/09-Settings/03 - Users (Invite new user as client): Test Cases/09-Settings/03 - Users (Invite new user as client)

2022-09-30 16:42:03 - [TEST_STEP][PASSED] - openBrowser(""): Browser is opened with url: ''

2022-09-30 16:42:03 - [MESSAGE][INFO] - Starting 'Chrome' driver

2022-09-30 16:42:03 - [MESSAGE][INFO] - Action delay is set to 0 milliseconds

2022-09-30 16:42:04 - [MESSAGE][PASSED] - Browser is opened with url: ''

2022-09-30 16:42:04 - [TEST_STEP][PASSED] - navigateToUrl("https://lab.everleagues.com/"): Navigate to 'https://lab.everleagues.com/' successfully

2022-09-30 16:42:18 - [MESSAGE][PASSED] - Navigate to 'https://lab.everleagues.com/' successfully

2022-09-30 16:42:18 - [TEST_STEP][PASSED] - maximizeWindow(): Current window maximized

2022-09-30 16:42:18 - [MESSAGE][PASSED] - Current window maximized

2022-09-30 16:42:18 - [TEST_STEP][PASSED] - setText(findTestObject("02-Side Icons(Organization)/Add Contact/Email Field"), "testuser02@mailinator.com"): Text 'testuser02@mailinator.com' is set on object 'Object Repository/02-Side Icons(Organization)/Add Contact/Email Field'

2022-09-30 16:42:19 - [MESSAGE][PASSED] - Text 'testuser02@mailinator.com' is set on object 'Object Repository/02-Side Icons(Organization)/Add Contact/Email Field'

2022-09-30 16:42:19 - [TEST_STEP][PASSED] - setEncryptedText(findTestObject("02-Side Icons(Organization)/Add Contact/Password Field"), "8yFRyszE6U6jvsCn51OQbg=="): Text ****** has been set on object 'Object Repository/02-Side Icons(Organization)/Add Contact/Password Field'

2022-09-30 16:42:19 - [MESSAGE][PASSED] - Text ****** has been set on object 'Object Repository/02-Side Icons(Organization)/Add Contact/Password Field'

2022-09-30 16:42:19 - [TEST_STEP][PASSED] - click(findTestObject("02-Side Icons(Organization)/Add Contact/button_Sign in")): Object: 'Object Repository/02-Side Icons(Organization)/Add Contact/button_Sign in' is clicked on

2022-09-30 16:42:20 - [MESSAGE][PASSED] - Object: 'Object Repository/02-Side Icons(Organization)/Add Contact/button_Sign in' is clicked on

2022-09-30 16:42:20 - [TEST_STEP][PASSED] - delay(2): Delayed 2 second(s)

2022-09-30 16:42:22 - [MESSAGE][PASSED] - Delayed 2 second(s)

2022-09-30 16:42:22 - [TEST_STEP][PASSED] - click(findTestObject("06-Teams/For 2FA/button_Confirm_2FA")): Object: 'Object Repository/06-Teams/For 2FA/button_Confirm_2FA' is clicked on

2022-09-30 16:42:23 - [MESSAGE][PASSED] - Object: 'Object Repository/06-Teams/For 2FA/button_Confirm_2FA' is clicked on

2022-09-30 16:42:23 - [TEST_STEP][PASSED] - executeJavaScript("window.open();", []): Execute JavaScript 'window.open();' successfully

2022-09-30 16:42:23 - [MESSAGE][PASSED] - Execute JavaScript 'window.open();' successfully

2022-09-30 16:42:23 - [TEST_STEP][PASSED] - currentWindow = getWindowIndex(): Current window's index is: 0

2022-09-30 16:42:23 - [MESSAGE][PASSED] - Current window's index is: 0

2022-09-30 16:42:23 - [TEST_STEP][PASSED] - delay(3): Delayed 3 second(s)

2022-09-30 16:42:26 - [MESSAGE][PASSED] - Delayed 3 second(s)

2022-09-30 16:42:26 - [TEST_STEP][PASSED] - switchToWindowIndex(currentWindow + 1): Switched to window with index: '1'

2022-09-30 16:42:26 - [MESSAGE][PASSED] - Switched to window with index: '1'

2022-09-30 16:42:26 - [TEST_STEP][PASSED] - navigateToUrl("https://www.mailinator.com/"): Navigate to 'https://www.mailinator.com/' successfully

2022-09-30 16:42:28 - [MESSAGE][PASSED] - Navigate to 'https://www.mailinator.com/' successfully

2022-09-30 16:42:28 - [TEST_STEP][PASSED] - delay(3): Delayed 3 second(s)

2022-09-30 16:42:31 - [MESSAGE][PASSED] - Delayed 3 second(s)

2022-09-30 16:42:31 - [TEST_STEP][PASSED] - setText(findTestObject("00-Signup and Activation/zMailinator/input_LOGIN_search"), "testuser02@mailinator.com"): Text 'testuser02@mailinator.com' is set on object 'Object Repository/00-Signup and Activation/zMailinator/input_LOGIN_search'

2022-09-30 16:42:32 - [MESSAGE][PASSED] - Text 'testuser02@mailinator.com' is set on object 'Object Repository/00-Signup and Activation/zMailinator/input_LOGIN_search'

2022-09-30 16:42:32 - [TEST_STEP][PASSED] - click(findTestObject("00-Signup and Activation/zMailinator/gobutton"), STOP_ON_FAILURE): Object: 'Object Repository/00-Signup and Activation/zMailinator/gobutton' is clicked on

2022-09-30 16:42:33 - [MESSAGE][PASSED] - Object: 'Object Repository/00-Signup and Activation/zMailinator/gobutton' is clicked on

2022-09-30 16:42:33 - [TEST_STEP][PASSED] - delay(3): Delayed 3 second(s)

2022-09-30 16:42:36 - [MESSAGE][PASSED] - Delayed 3 second(s)

2022-09-30 16:42:36 - [TEST_STEP][PASSED] - click(findTestObject("00-Signup and Activation/zMailinator/Email - everleagues")): Object: 'Object Repository/00-Signup and Activation/zMailinator/Email - everleagues' is clicked on

2022-09-30 16:42:37 - [MESSAGE][PASSED] - Object: 'Object Repository/00-Signup and Activation/zMailinator/Email - everleagues' is clicked on

2022-09-30 16:42:37 - [TEST_STEP][PASSED] - delay(3): Delayed 3 second(s)

2022-09-30 16:42:40 - [MESSAGE][PASSED] - Delayed 3 second(s)

2022-09-30 16:42:40 - [TEST_STEP][PASSED] - code = getText(findTestObject("Object Repository/06-Teams/For 2FA/2FA code")): Text of object 'Object Repository/06-Teams/For 2FA/2FA code' is: '998932'

2022-09-30 16:42:40 - [MESSAGE][PASSED] - Text of object 'Object Repository/06-Teams/For 2FA/2FA code' is: '998932'

2022-09-30 16:42:40 - [TEST_STEP][PASSED] - delay(3): Delayed 3 second(s)

2022-09-30 16:42:43 - [MESSAGE][PASSED] - Delayed 3 second(s)

2022-09-30 16:42:43 - [TEST_STEP][PASSED] - closeWindowTitle("Mailinator"): Window with title: 'Mailinator' is closed

2022-09-30 16:42:43 - [MESSAGE][PASSED] - Window with title: 'Mailinator' is closed

2022-09-30 16:42:43 - [TEST_STEP][PASSED] - delay(3): Delayed 3 second(s)

2022-09-30 16:42:46 - [MESSAGE][PASSED] - Delayed 3 second(s)

2022-09-30 16:42:46 - [TEST_STEP][PASSED] - switchToWindowIndex(0): Switched to window with index: '0'

2022-09-30 16:42:46 - [MESSAGE][PASSED] - Switched to window with index: '0'

2022-09-30 16:42:46 - [TEST_STEP][PASSED] - delay(3): Delayed 3 second(s)

2022-09-30 16:42:49 - [MESSAGE][PASSED] - Delayed 3 second(s)

2022-09-30 16:42:49 - [TEST_STEP][PASSED] - setText(findTestObject("Object Repository/06-Teams/For 2FA/input_Enter verification code_code"), code): Text '998932' is set on object 'Object Repository/06-Teams/For 2FA/input_Enter verification code_code'

2022-09-30 16:42:50 - [MESSAGE][PASSED] - Text '998932' is set on object 'Object Repository/06-Teams/For 2FA/input_Enter verification code_code'

2022-09-30 16:42:50 - [TEST_STEP][PASSED] - delay(3): Delayed 3 second(s)

2022-09-30 16:42:53 - [MESSAGE][PASSED] - Delayed 3 second(s)

2022-09-30 16:42:53 - [TEST_STEP][PASSED] - click(findTestObject("06-Teams/For 2FA/button_Verify_2FA")): Object: 'Object Repository/06-Teams/For 2FA/button_Verify_2FA' is clicked on

2022-09-30 16:42:54 - [MESSAGE][PASSED] - Object: 'Object Repository/06-Teams/For 2FA/button_Verify_2FA' is clicked on

2022-09-30 16:42:54 - [TEST_STEP][PASSED] - delay(5): Delayed 5 second(s)

2022-09-30 16:42:59 - [MESSAGE][PASSED] - Delayed 5 second(s)

2022-09-30 16:42:59 - [TEST_STEP][PASSED] - click(findTestObject("06-Teams/button_doublearrow")): Object: 'Object Repository/06-Teams/button_doublearrow' is clicked on

2022-09-30 16:43:00 - [MESSAGE][PASSED] - Object: 'Object Repository/06-Teams/button_doublearrow' is clicked on

2022-09-30 16:43:00 - [TEST_STEP][PASSED] - click(findTestObject("06-Teams/button_My Organizations")): Object: 'Object Repository/06-Teams/button_My Organizations' is clicked on

2022-09-30 16:43:00 - [MESSAGE][PASSED] - Object: 'Object Repository/06-Teams/button_My Organizations' is clicked on

2022-09-30 16:43:00 - [TEST_STEP][PASSED] - click(findTestObject("06-Teams/button_GG Automation")): Object: 'Object Repository/06-Teams/button_GG Automation' is clicked on

2022-09-30 16:43:01 - [MESSAGE][PASSED] - Object: 'Object Repository/06-Teams/button_GG Automation' is clicked on

2022-09-30 16:43:01 - [TEST_STEP][PASSED] - delay(4): Delayed 4 second(s)

2022-09-30 16:43:05 - [MESSAGE][PASSED] - Delayed 4 second(s)

2022-09-30 16:43:05 - [TEST_STEP][PASSED] - verifyElementVisible(findTestObject("06-Teams/span_GG Automation")): Object 'Object Repository/06-Teams/span_GG Automation' is visible

2022-09-30 16:43:05 - [MESSAGE][PASSED] - Object 'Object Repository/06-Teams/span_GG Automation' is visible

2022-09-30 16:43:05 - [TEST_STEP][PASSED] - delay(10): Delayed 10 second(s)

2022-09-30 16:43:15 - [MESSAGE][PASSED] - Delayed 10 second(s)

2022-09-30 16:43:15 - [TEST_STEP][PASSED] - click(findTestObject("03-Header Menu/Hamburger Button/div_Settings")): Object: 'Object Repository/03-Header Menu/Hamburger Button/div_Settings' is clicked on

2022-09-30 16:43:16 - [MESSAGE][PASSED] - Object: 'Object Repository/03-Header Menu/Hamburger Button/div_Settings' is clicked on

2022-09-30 16:43:16 - [TEST_STEP][PASSED] - delay(3): Delayed 3 second(s)

2022-09-30 16:43:19 - [MESSAGE][PASSED] - Delayed 3 second(s)

2022-09-30 16:43:19 - [TEST_STEP][PASSED] - click(findTestObject("09-Settings/Users/div_Users")): Object: 'Object Repository/09-Settings/Users/div_Users' is clicked on

2022-09-30 16:43:19 - [MESSAGE][PASSED] - Object: 'Object Repository/09-Settings/Users/div_Users' is clicked on

2022-09-30 16:43:19 - [TEST_STEP][PASSED] - delay(3): Delayed 3 second(s)

2022-09-30 16:43:22 - [MESSAGE][PASSED] - Delayed 3 second(s)

2022-09-30 16:43:22 - [TEST_STEP][PASSED] - click(findTestObject("09-Settings/Users/button_add")): Object: 'Object Repository/09-Settings/Users/button_add' is clicked on

2022-09-30 16:43:23 - [MESSAGE][PASSED] - Object: 'Object Repository/09-Settings/Users/button_add' is clicked on

2022-09-30 16:43:23 - [TEST_STEP][PASSED] - delay(3): Delayed 3 second(s)

2022-09-30 16:43:26 - [MESSAGE][PASSED] - Delayed 3 second(s)

2022-09-30 16:43:26 - [TEST_STEP][PASSED] - click(findTestObject("09-Settings/Users/add Invite a single user")): Object: 'Object Repository/09-Settings/Users/add Invite a single user' is clicked on

2022-09-30 16:43:26 - [MESSAGE][PASSED] - Object: 'Object Repository/09-Settings/Users/add Invite a single user' is clicked on

2022-09-30 16:43:26 - [TEST_STEP][PASSED] - delay(3): Delayed 3 second(s)

2022-09-30 16:43:29 - [MESSAGE][PASSED] - Delayed 3 second(s)

2022-09-30 16:43:29 - [TEST_STEP][PASSED] - setText(findTestObject("09-Settings/Users/input_email"), "autotester09@mailinator.com"): Text 'autotester09@mailinator.com' is set on object 'Object Repository/09-Settings/Users/input_email'

2022-09-30 16:43:30 - [MESSAGE][PASSED] - Text 'autotester09@mailinator.com' is set on object 'Object Repository/09-Settings/Users/input_email'

2022-09-30 16:43:30 - [TEST_STEP][PASSED] - setText(findTestObject("09-Settings/Users/input_firstName"), "GG"): Text 'GG' is set on object 'Object Repository/09-Settings/Users/input_firstName'

2022-09-30 16:43:31 - [MESSAGE][PASSED] - Text 'GG' is set on object 'Object Repository/09-Settings/Users/input_firstName'

2022-09-30 16:43:31 - [TEST_STEP][PASSED] - setText(findTestObject("09-Settings/Users/input_lastName"), "Client"): Text 'Client' is set on object 'Object Repository/09-Settings/Users/input_lastName'

2022-09-30 16:43:32 - [MESSAGE][PASSED] - Text 'Client' is set on object 'Object Repository/09-Settings/Users/input_lastName'

2022-09-30 16:43:32 - [TEST_STEP][PASSED] - click(findTestObject("09-Settings/Users/span_Role")): Object: 'Object Repository/09-Settings/Users/span_Role' is clicked on

2022-09-30 16:43:32 - [MESSAGE][PASSED] - Object: 'Object Repository/09-Settings/Users/span_Role' is clicked on

2022-09-30 16:43:32 - [TEST_STEP][PASSED] - click(findTestObject("09-Settings/Users/span_Client")): Object: 'Object Repository/09-Settings/Users/span_Client' is clicked on

2022-09-30 16:43:33 - [MESSAGE][PASSED] - Object: 'Object Repository/09-Settings/Users/span_Client' is clicked on

2022-09-30 16:43:33 - [TEST_STEP][PASSED] - click(findTestObject("09-Settings/Users/button_Send Invitation")): Object: 'Object Repository/09-Settings/Users/button_Send Invitation' is clicked on

2022-09-30 16:43:34 - [MESSAGE][PASSED] - Object: 'Object Repository/09-Settings/Users/button_Send Invitation' is clicked on

2022-09-30 16:43:34 - [TEST_STEP][PASSED] - delay(2): Delayed 2 second(s)

2022-09-30 16:43:36 - [MESSAGE][PASSED] - Delayed 2 second(s)

2022-09-30 16:43:36 - [TEST_STEP][PASSED] - verifyElementVisible(findTestObject("07-Directory/Connections/zContact Profile/Successfully invited user")): Object 'Object Repository/07-Directory/Connections/zContact Profile/Successfully invited user' is visible

2022-09-30 16:43:37 - [MESSAGE][PASSED] - Object 'Object Repository/07-Directory/Connections/zContact Profile/Successfully invited user' is visible

2022-09-30 16:43:37 - [TEST_STEP][PASSED] - delay(2): Delayed 2 second(s)

2022-09-30 16:43:39 - [MESSAGE][PASSED] - Delayed 2 second(s)

2022-09-30 16:43:39 - [TEST_STEP][PASSED] - click(findTestObject("01-Login and Forgot Password/User menu drop")): Object: 'Object Repository/01-Login and Forgot Password/User menu drop' is clicked on

2022-09-30 16:43:39 - [MESSAGE][PASSED] - Object: 'Object Repository/01-Login and Forgot Password/User menu drop' is clicked on

2022-09-30 16:43:39 - [TEST_STEP][PASSED] - delay(2): Delayed 2 second(s)

2022-09-30 16:43:41 - [MESSAGE][PASSED] - Delayed 2 second(s)

2022-09-30 16:43:41 - [TEST_STEP][PASSED] - click(findTestObject("01-Login and Forgot Password/h4_Sign Out"), STOP_ON_FAILURE): Object: 'Object Repository/01-Login and Forgot Password/h4_Sign Out' is clicked on

2022-09-30 16:43:42 - [MESSAGE][PASSED] - Object: 'Object Repository/01-Login and Forgot Password/h4_Sign Out' is clicked on

2022-09-30 16:43:42 - [TEST_STEP][PASSED] - delay(2): Delayed 2 second(s)

2022-09-30 16:43:44 - [MESSAGE][PASSED] - Delayed 2 second(s)

2022-09-30 16:43:44 - [TEST_STEP][PASSED] - verifyElementPresent(findTestObject("01-Login and Forgot Password/Login_Card"), 0): Object 'Object Repository/01-Login and Forgot Password/Login_Card' is present

2022-09-30 16:43:44 - [MESSAGE][WARNING] - Timeout '0' is invalid. Using default page load timeout: '30'

2022-09-30 16:43:44 - [MESSAGE][PASSED] - Object 'Object Repository/01-Login and Forgot Password/Login_Card' is present

2022-09-30 16:43:44 - [TEST_STEP][PASSED] - delay(3): Delayed 3 second(s)

2022-09-30 16:43:47 - [MESSAGE][PASSED] - Delayed 3 second(s)

2022-09-30 16:43:47 - [TEST_STEP][PASSED] - closeBrowser(): Browser is closed

2022-09-30 16:43:48 - [MESSAGE][PASSED] - Browser is closed

2022-09-30 16:43:48 - [TEST_STEP][PASSED] - openBrowser(""): Browser is opened with url: ''

2022-09-30 16:43:48 - [MESSAGE][INFO] - Starting 'Chrome' driver

2022-09-30 16:43:48 - [MESSAGE][INFO] - Action delay is set to 0 milliseconds

2022-09-30 16:43:49 - [MESSAGE][PASSED] - Browser is opened with url: ''

2022-09-30 16:43:49 - [TEST_STEP][PASSED] - navigateToUrl("https://lab.everleagues.com/"): Navigate to 'https://lab.everleagues.com/' successfully

2022-09-30 16:44:06 - [MESSAGE][PASSED] - Navigate to 'https://lab.everleagues.com/' successfully

2022-09-30 16:44:06 - [TEST_STEP][PASSED] - maximizeWindow(): Current window maximized

2022-09-30 16:44:06 - [MESSAGE][PASSED] - Current window maximized

2022-09-30 16:44:06 - [TEST_STEP][PASSED] - setText(findTestObject("02-Side Icons(Organization)/Add Contact/Email Field"), "autotester09@mailinator.com"): Text 'autotester09@mailinator.com' is set on object 'Object Repository/02-Side Icons(Organization)/Add Contact/Email Field'

2022-09-30 16:44:07 - [MESSAGE][PASSED] - Text 'autotester09@mailinator.com' is set on object 'Object Repository/02-Side Icons(Organization)/Add Contact/Email Field'

2022-09-30 16:44:07 - [TEST_STEP][PASSED] - setEncryptedText(findTestObject("02-Side Icons(Organization)/Add Contact/Password Field"), "8yFRyszE6U6jvsCn51OQbg=="): Text ****** has been set on object 'Object Repository/02-Side Icons(Organization)/Add Contact/Password Field'

2022-09-30 16:44:07 - [MESSAGE][PASSED] - Text ****** has been set on object 'Object Repository/02-Side Icons(Organization)/Add Contact/Password Field'

2022-09-30 16:44:07 - [TEST_STEP][PASSED] - click(findTestObject("02-Side Icons(Organization)/Add Contact/button_Sign in")): Object: 'Object Repository/02-Side Icons(Organization)/Add Contact/button_Sign in' is clicked on

2022-09-30 16:44:08 - [MESSAGE][PASSED] - Object: 'Object Repository/02-Side Icons(Organization)/Add Contact/button_Sign in' is clicked on

2022-09-30 16:44:08 - [TEST_STEP][PASSED] - delay(2): Delayed 2 second(s)

2022-09-30 16:44:10 - [MESSAGE][PASSED] - Delayed 2 second(s)

2022-09-30 16:44:10 - [TEST_STEP][PASSED] - click(findTestObject("06-Teams/For 2FA/button_Confirm_2FA")): Object: 'Object Repository/06-Teams/For 2FA/button_Confirm_2FA' is clicked on

2022-09-30 16:44:10 - [MESSAGE][PASSED] - Object: 'Object Repository/06-Teams/For 2FA/button_Confirm_2FA' is clicked on

2022-09-30 16:44:10 - [TEST_STEP][PASSED] - executeJavaScript("window.open();", []): Execute JavaScript 'window.open();' successfully

2022-09-30 16:44:10 - [MESSAGE][PASSED] - Execute JavaScript 'window.open();' successfully

2022-09-30 16:44:10 - [TEST_STEP][PASSED] - currentWindow = getWindowIndex(): Current window's index is: 0

2022-09-30 16:44:10 - [MESSAGE][PASSED] - Current window's index is: 0

2022-09-30 16:44:10 - [TEST_STEP][PASSED] - delay(3): Delayed 3 second(s)

2022-09-30 16:44:13 - [MESSAGE][PASSED] - Delayed 3 second(s)

2022-09-30 16:44:13 - [TEST_STEP][PASSED] - switchToWindowIndex(currentWindow + 1): Switched to window with index: '1'

2022-09-30 16:44:13 - [MESSAGE][PASSED] - Switched to window with index: '1'

2022-09-30 16:44:13 - [TEST_STEP][PASSED] - navigateToUrl("https://www.mailinator.com/"): Navigate to 'https://www.mailinator.com/' successfully

2022-09-30 16:44:15 - [MESSAGE][PASSED] - Navigate to 'https://www.mailinator.com/' successfully

2022-09-30 16:44:15 - [TEST_STEP][PASSED] - delay(3): Delayed 3 second(s)

2022-09-30 16:44:18 - [MESSAGE][PASSED] - Delayed 3 second(s)

2022-09-30 16:44:18 - [TEST_STEP][PASSED] - setText(findTestObject("00-Signup and Activation/zMailinator/input_LOGIN_search"), "autotester09@mailinator.com"): Text 'autotester09@mailinator.com' is set on object 'Object Repository/00-Signup and Activation/zMailinator/input_LOGIN_search'

2022-09-30 16:44:19 - [MESSAGE][PASSED] - Text 'autotester09@mailinator.com' is set on object 'Object Repository/00-Signup and Activation/zMailinator/input_LOGIN_search'

2022-09-30 16:44:19 - [TEST_STEP][PASSED] - click(findTestObject("00-Signup and Activation/zMailinator/gobutton"), STOP_ON_FAILURE): Object: 'Object Repository/00-Signup and Activation/zMailinator/gobutton' is clicked on

2022-09-30 16:44:20 - [MESSAGE][PASSED] - Object: 'Object Repository/00-Signup and Activation/zMailinator/gobutton' is clicked on

2022-09-30 16:44:20 - [TEST_STEP][PASSED] - delay(3): Delayed 3 second(s)

2022-09-30 16:44:23 - [MESSAGE][PASSED] - Delayed 3 second(s)

2022-09-30 16:44:23 - [TEST_STEP][PASSED] - click(findTestObject("00-Signup and Activation/zMailinator/Email - everleagues")): Object: 'Object Repository/00-Signup and Activation/zMailinator/Email - everleagues' is clicked on

2022-09-30 16:44:24 - [MESSAGE][PASSED] - Object: 'Object Repository/00-Signup and Activation/zMailinator/Email - everleagues' is clicked on

2022-09-30 16:44:24 - [TEST_STEP][PASSED] - delay(3): Delayed 3 second(s)

2022-09-30 16:44:27 - [MESSAGE][PASSED] - Delayed 3 second(s)

2022-09-30 16:44:27 - [TEST_STEP][PASSED] - codetwo = getText(findTestObject("Object Repository/06-Teams/For 2FA/2FA code")): Text of object 'Object Repository/06-Teams/For 2FA/2FA code' is: '313001'

2022-09-30 16:44:27 - [MESSAGE][PASSED] - Text of object 'Object Repository/06-Teams/For 2FA/2FA code' is: '313001'

2022-09-30 16:44:27 - [TEST_STEP][PASSED] - delay(3): Delayed 3 second(s)

2022-09-30 16:44:30 - [MESSAGE][PASSED] - Delayed 3 second(s)

2022-09-30 16:44:30 - [TEST_STEP][PASSED] - closeWindowTitle("Mailinator"): Window with title: 'Mailinator' is closed

2022-09-30 16:44:30 - [MESSAGE][PASSED] - Window with title: 'Mailinator' is closed

2022-09-30 16:44:30 - [TEST_STEP][PASSED] - delay(3): Delayed 3 second(s)

2022-09-30 16:44:33 - [MESSAGE][PASSED] - Delayed 3 second(s)

2022-09-30 16:44:33 - [TEST_STEP][PASSED] - switchToWindowIndex(0): Switched to window with index: '0'

2022-09-30 16:44:33 - [MESSAGE][PASSED] - Switched to window with index: '0'

2022-09-30 16:44:33 - [TEST_STEP][PASSED] - delay(3): Delayed 3 second(s)

2022-09-30 16:44:36 - [MESSAGE][PASSED] - Delayed 3 second(s)

2022-09-30 16:44:36 - [TEST_STEP][PASSED] - setText(findTestObject("Object Repository/06-Teams/For 2FA/input_Enter verification code_code"), codetwo): Text '313001' is set on object 'Object Repository/06-Teams/For 2FA/input_Enter verification code_code'

2022-09-30 16:44:37 - [MESSAGE][PASSED] - Text '313001' is set on object 'Object Repository/06-Teams/For 2FA/input_Enter verification code_code'

2022-09-30 16:44:37 - [TEST_STEP][PASSED] - delay(3): Delayed 3 second(s)

2022-09-30 16:44:40 - [MESSAGE][PASSED] - Delayed 3 second(s)

2022-09-30 16:44:40 - [TEST_STEP][PASSED] - click(findTestObject("06-Teams/For 2FA/button_Verify_2FA")): Object: 'Object Repository/06-Teams/For 2FA/button_Verify_2FA' is clicked on

2022-09-30 16:44:41 - [MESSAGE][PASSED] - Object: 'Object Repository/06-Teams/For 2FA/button_Verify_2FA' is clicked on

2022-09-30 16:44:41 - [TEST_STEP][PASSED] - delay(5): Delayed 5 second(s)

2022-09-30 16:44:46 - [MESSAGE][PASSED] - Delayed 5 second(s)

2022-09-30 16:44:46 - [TEST_STEP][PASSED] - executeJavaScript("window.open();", []): Execute JavaScript 'window.open();' successfully

2022-09-30 16:44:46 - [MESSAGE][PASSED] - Execute JavaScript 'window.open();' successfully

2022-09-30 16:44:46 - [TEST_STEP][PASSED] - currentWindow = getWindowIndex(): Current window's index is: 0

2022-09-30 16:44:46 - [MESSAGE][PASSED] - Current window's index is: 0

2022-09-30 16:44:46 - [TEST_STEP][PASSED] - delay(3): Delayed 3 second(s)

2022-09-30 16:44:49 - [MESSAGE][PASSED] - Delayed 3 second(s)

2022-09-30 16:44:49 - [TEST_STEP][PASSED] - switchToWindowIndex(currentWindow + 1): Switched to window with index: '1'

2022-09-30 16:44:49 - [MESSAGE][PASSED] - Switched to window with index: '1'

2022-09-30 16:44:49 - [TEST_STEP][PASSED] - navigateToUrl("https://www.mailinator.com/"): Navigate to 'https://www.mailinator.com/' successfully

2022-09-30 16:44:50 - [MESSAGE][PASSED] - Navigate to 'https://www.mailinator.com/' successfully

2022-09-30 16:44:50 - [TEST_STEP][PASSED] - delay(3): Delayed 3 second(s)

2022-09-30 16:44:53 - [MESSAGE][PASSED] - Delayed 3 second(s)

2022-09-30 16:44:53 - [TEST_STEP][PASSED] - setText(findTestObject("00-Signup and Activation/zMailinator/input_LOGIN_search"), "autotester09@mailinator.com"): Text 'autotester09@mailinator.com' is set on object 'Object Repository/00-Signup and Activation/zMailinator/input_LOGIN_search'

2022-09-30 16:44:54 - [MESSAGE][PASSED] - Text 'autotester09@mailinator.com' is set on object 'Object Repository/00-Signup and Activation/zMailinator/input_LOGIN_search'

2022-09-30 16:44:54 - [TEST_STEP][PASSED] - click(findTestObject("00-Signup and Activation/zMailinator/gobutton"), STOP_ON_FAILURE): Object: 'Object Repository/00-Signup and Activation/zMailinator/gobutton' is clicked on

2022-09-30 16:44:54 - [MESSAGE][PASSED] - Object: 'Object Repository/00-Signup and Activation/zMailinator/gobutton' is clicked on

2022-09-30 16:44:54 - [TEST_STEP][PASSED] - delay(3): Delayed 3 second(s)

2022-09-30 16:44:57 - [MESSAGE][PASSED] - Delayed 3 second(s)

2022-09-30 16:44:57 - [TEST_STEP][PASSED] - closeWindowTitle("Everleagues"): Window with title: 'Everleagues' is closed

2022-09-30 16:44:58 - [MESSAGE][PASSED] - Window with title: 'Everleagues' is closed

2022-09-30 16:44:58 - [TEST_STEP][PASSED] - switchToWindowIndex(0): Switched to window with index: '0'

2022-09-30 16:44:58 - [MESSAGE][PASSED] - Switched to window with index: '0'

2022-09-30 16:44:58 - [TEST_STEP][PASSED] - click(findTestObject("09-Settings/Users/Co worker/td_Invitation from GG Automation")): Object: 'Object Repository/09-Settings/Users/Co worker/td_Invitation from GG Automation' is clicked on

2022-09-30 16:44:58 - [MESSAGE][PASSED] - Object: 'Object Repository/09-Settings/Users/Co worker/td_Invitation from GG Automation' is clicked on

2022-09-30 16:44:58 - [TEST_STEP][PASSED] - click(findTestObject("09-Settings/Users/Co worker/a_Click here to join GG Automation on EverLeagues")): Object: 'Object Repository/09-Settings/Users/Co worker/a_Click here to join GG Automation on EverLeagues' is clicked on

2022-09-30 16:44:59 - [MESSAGE][PASSED] - Object: 'Object Repository/09-Settings/Users/Co worker/a_Click here to join GG Automation on EverLeagues' is clicked on

2022-09-30 16:44:59 - [TEST_STEP][PASSED] - closeWindowTitle("Mailinator"): Window with title: 'Mailinator' is closed

2022-09-30 16:44:59 - [MESSAGE][PASSED] - Window with title: 'Mailinator' is closed

2022-09-30 16:44:59 - [TEST_STEP][PASSED] - switchToWindowIndex(0): Switched to window with index: '0'

2022-09-30 16:44:59 - [MESSAGE][PASSED] - Switched to window with index: '0'

2022-09-30 16:44:59 - [TEST_STEP][PASSED] - verifyElementVisible(findTestObject("09-Settings/Users/Client/Invite modal")): Object 'Object Repository/09-Settings/Users/Client/Invite modal' is visible

2022-09-30 16:45:05 - [MESSAGE][PASSED] - Object 'Object Repository/09-Settings/Users/Client/Invite modal' is visible

2022-09-30 16:45:05 - [TEST_STEP][PASSED] - setText(findTestObject("09-Settings/Users/Client/Company field"), "QA Company"): Text 'QA Company' is set on object 'Object Repository/09-Settings/Users/Client/Company field'

2022-09-30 16:45:06 - [MESSAGE][PASSED] - Text 'QA Company' is set on object 'Object Repository/09-Settings/Users/Client/Company field'

2022-09-30 16:45:06 - [TEST_STEP][PASSED] - click(findTestObject("09-Settings/Users/Client/button_Accept")): Object: 'Object Repository/09-Settings/Users/Client/button_Accept' is clicked on

2022-09-30 16:45:06 - [MESSAGE][PASSED] - Object: 'Object Repository/09-Settings/Users/Client/button_Accept' is clicked on

2022-09-30 16:45:06 - [TEST_STEP][PASSED] - delay(10): Delayed 10 second(s)

2022-09-30 16:45:16 - [MESSAGE][PASSED] - Delayed 10 second(s)

2022-09-30 16:45:16 - [TEST_STEP][PASSED] - verifyElementVisible(findTestObject("09-Settings/Users/Client/div_Joined as CLIENT")): Object 'Object Repository/09-Settings/Users/Client/div_Joined as CLIENT' is visible

2022-09-30 16:45:17 - [MESSAGE][PASSED] - Object 'Object Repository/09-Settings/Users/Client/div_Joined as CLIENT' is visible

2022-09-30 16:45:17 - [TEST_STEP][PASSED] - delay(3): Delayed 3 second(s)

2022-09-30 16:45:20 - [MESSAGE][PASSED] - Delayed 3 second(s)

2022-09-30 16:45:20 - [TEST_STEP][PASSED] - closeBrowser(): Browser is closed

2022-09-30 16:45:20 - [MESSAGE][PASSED] - Browser is closed]]></system-out>
         <system-err><![CDATA[]]></system-err>
      </testcase>
      <testcase name="Test Cases/09-Settings/04 - Users (Invite new user as partner)" time="193.701" classname="Test Cases/09-Settings/04 - Users (Invite new user as partner)" status="PASSED">
         <system-out><![CDATA[2022-09-30 16:45:20 - [TEST_CASE][PASSED] - Test Cases/09-Settings/04 - Users (Invite new user as partner): Test Cases/09-Settings/04 - Users (Invite new user as partner)

2022-09-30 16:45:21 - [TEST_STEP][PASSED] - openBrowser(""): Browser is opened with url: ''

2022-09-30 16:45:21 - [MESSAGE][INFO] - Starting 'Chrome' driver

2022-09-30 16:45:21 - [MESSAGE][INFO] - Action delay is set to 0 milliseconds

2022-09-30 16:45:22 - [MESSAGE][PASSED] - Browser is opened with url: ''

2022-09-30 16:45:22 - [TEST_STEP][PASSED] - navigateToUrl("https://lab.everleagues.com/"): Navigate to 'https://lab.everleagues.com/' successfully

2022-09-30 16:45:35 - [MESSAGE][PASSED] - Navigate to 'https://lab.everleagues.com/' successfully

2022-09-30 16:45:35 - [TEST_STEP][PASSED] - maximizeWindow(): Current window maximized

2022-09-30 16:45:35 - [MESSAGE][PASSED] - Current window maximized

2022-09-30 16:45:35 - [TEST_STEP][PASSED] - setText(findTestObject("02-Side Icons(Organization)/Add Contact/Email Field"), "testuser02@mailinator.com"): Text 'testuser02@mailinator.com' is set on object 'Object Repository/02-Side Icons(Organization)/Add Contact/Email Field'

2022-09-30 16:45:36 - [MESSAGE][PASSED] - Text 'testuser02@mailinator.com' is set on object 'Object Repository/02-Side Icons(Organization)/Add Contact/Email Field'

2022-09-30 16:45:36 - [TEST_STEP][PASSED] - setEncryptedText(findTestObject("02-Side Icons(Organization)/Add Contact/Password Field"), "8yFRyszE6U6jvsCn51OQbg=="): Text ****** has been set on object 'Object Repository/02-Side Icons(Organization)/Add Contact/Password Field'

2022-09-30 16:45:37 - [MESSAGE][PASSED] - Text ****** has been set on object 'Object Repository/02-Side Icons(Organization)/Add Contact/Password Field'

2022-09-30 16:45:37 - [TEST_STEP][PASSED] - click(findTestObject("02-Side Icons(Organization)/Add Contact/button_Sign in")): Object: 'Object Repository/02-Side Icons(Organization)/Add Contact/button_Sign in' is clicked on

2022-09-30 16:45:37 - [MESSAGE][PASSED] - Object: 'Object Repository/02-Side Icons(Organization)/Add Contact/button_Sign in' is clicked on

2022-09-30 16:45:37 - [TEST_STEP][PASSED] - delay(2): Delayed 2 second(s)

2022-09-30 16:45:39 - [MESSAGE][PASSED] - Delayed 2 second(s)

2022-09-30 16:45:39 - [TEST_STEP][PASSED] - click(findTestObject("06-Teams/For 2FA/button_Confirm_2FA")): Object: 'Object Repository/06-Teams/For 2FA/button_Confirm_2FA' is clicked on

2022-09-30 16:45:40 - [MESSAGE][PASSED] - Object: 'Object Repository/06-Teams/For 2FA/button_Confirm_2FA' is clicked on

2022-09-30 16:45:40 - [TEST_STEP][PASSED] - executeJavaScript("window.open();", []): Execute JavaScript 'window.open();' successfully

2022-09-30 16:45:40 - [MESSAGE][PASSED] - Execute JavaScript 'window.open();' successfully

2022-09-30 16:45:40 - [TEST_STEP][PASSED] - currentWindow = getWindowIndex(): Current window's index is: 0

2022-09-30 16:45:40 - [MESSAGE][PASSED] - Current window's index is: 0

2022-09-30 16:45:40 - [TEST_STEP][PASSED] - delay(3): Delayed 3 second(s)

2022-09-30 16:45:43 - [MESSAGE][PASSED] - Delayed 3 second(s)

2022-09-30 16:45:43 - [TEST_STEP][PASSED] - switchToWindowIndex(currentWindow + 1): Switched to window with index: '1'

2022-09-30 16:45:43 - [MESSAGE][PASSED] - Switched to window with index: '1'

2022-09-30 16:45:43 - [TEST_STEP][PASSED] - navigateToUrl("https://www.mailinator.com/"): Navigate to 'https://www.mailinator.com/' successfully

2022-09-30 16:45:45 - [MESSAGE][PASSED] - Navigate to 'https://www.mailinator.com/' successfully

2022-09-30 16:45:45 - [TEST_STEP][PASSED] - delay(3): Delayed 3 second(s)

2022-09-30 16:45:48 - [MESSAGE][PASSED] - Delayed 3 second(s)

2022-09-30 16:45:48 - [TEST_STEP][PASSED] - setText(findTestObject("00-Signup and Activation/zMailinator/input_LOGIN_search"), "testuser02@mailinator.com"): Text 'testuser02@mailinator.com' is set on object 'Object Repository/00-Signup and Activation/zMailinator/input_LOGIN_search'

2022-09-30 16:45:48 - [MESSAGE][PASSED] - Text 'testuser02@mailinator.com' is set on object 'Object Repository/00-Signup and Activation/zMailinator/input_LOGIN_search'

2022-09-30 16:45:48 - [TEST_STEP][PASSED] - click(findTestObject("00-Signup and Activation/zMailinator/gobutton"), STOP_ON_FAILURE): Object: 'Object Repository/00-Signup and Activation/zMailinator/gobutton' is clicked on

2022-09-30 16:45:50 - [MESSAGE][PASSED] - Object: 'Object Repository/00-Signup and Activation/zMailinator/gobutton' is clicked on

2022-09-30 16:45:50 - [TEST_STEP][PASSED] - delay(3): Delayed 3 second(s)

2022-09-30 16:45:53 - [MESSAGE][PASSED] - Delayed 3 second(s)

2022-09-30 16:45:53 - [TEST_STEP][PASSED] - click(findTestObject("00-Signup and Activation/zMailinator/Email - everleagues")): Object: 'Object Repository/00-Signup and Activation/zMailinator/Email - everleagues' is clicked on

2022-09-30 16:45:53 - [MESSAGE][PASSED] - Object: 'Object Repository/00-Signup and Activation/zMailinator/Email - everleagues' is clicked on

2022-09-30 16:45:53 - [TEST_STEP][PASSED] - delay(3): Delayed 3 second(s)

2022-09-30 16:45:56 - [MESSAGE][PASSED] - Delayed 3 second(s)

2022-09-30 16:45:56 - [TEST_STEP][PASSED] - code = getText(findTestObject("Object Repository/06-Teams/For 2FA/2FA code")): Text of object 'Object Repository/06-Teams/For 2FA/2FA code' is: '600357'

2022-09-30 16:45:57 - [MESSAGE][PASSED] - Text of object 'Object Repository/06-Teams/For 2FA/2FA code' is: '600357'

2022-09-30 16:45:57 - [TEST_STEP][PASSED] - delay(3): Delayed 3 second(s)

2022-09-30 16:46:00 - [MESSAGE][PASSED] - Delayed 3 second(s)

2022-09-30 16:46:00 - [TEST_STEP][PASSED] - closeWindowTitle("Mailinator"): Window with title: 'Mailinator' is closed

2022-09-30 16:46:00 - [MESSAGE][PASSED] - Window with title: 'Mailinator' is closed

2022-09-30 16:46:00 - [TEST_STEP][PASSED] - delay(3): Delayed 3 second(s)

2022-09-30 16:46:03 - [MESSAGE][PASSED] - Delayed 3 second(s)

2022-09-30 16:46:03 - [TEST_STEP][PASSED] - switchToWindowIndex(0): Switched to window with index: '0'

2022-09-30 16:46:03 - [MESSAGE][PASSED] - Switched to window with index: '0'

2022-09-30 16:46:03 - [TEST_STEP][PASSED] - delay(3): Delayed 3 second(s)

2022-09-30 16:46:06 - [MESSAGE][PASSED] - Delayed 3 second(s)

2022-09-30 16:46:06 - [TEST_STEP][PASSED] - setText(findTestObject("Object Repository/06-Teams/For 2FA/input_Enter verification code_code"), code): Text '600357' is set on object 'Object Repository/06-Teams/For 2FA/input_Enter verification code_code'

2022-09-30 16:46:07 - [MESSAGE][PASSED] - Text '600357' is set on object 'Object Repository/06-Teams/For 2FA/input_Enter verification code_code'

2022-09-30 16:46:07 - [TEST_STEP][PASSED] - delay(3): Delayed 3 second(s)

2022-09-30 16:46:10 - [MESSAGE][PASSED] - Delayed 3 second(s)

2022-09-30 16:46:10 - [TEST_STEP][PASSED] - click(findTestObject("06-Teams/For 2FA/button_Verify_2FA")): Object: 'Object Repository/06-Teams/For 2FA/button_Verify_2FA' is clicked on

2022-09-30 16:46:11 - [MESSAGE][PASSED] - Object: 'Object Repository/06-Teams/For 2FA/button_Verify_2FA' is clicked on

2022-09-30 16:46:11 - [TEST_STEP][PASSED] - delay(5): Delayed 5 second(s)

2022-09-30 16:46:16 - [MESSAGE][PASSED] - Delayed 5 second(s)

2022-09-30 16:46:16 - [TEST_STEP][PASSED] - click(findTestObject("06-Teams/button_doublearrow")): Object: 'Object Repository/06-Teams/button_doublearrow' is clicked on

2022-09-30 16:46:17 - [MESSAGE][PASSED] - Object: 'Object Repository/06-Teams/button_doublearrow' is clicked on

2022-09-30 16:46:17 - [TEST_STEP][PASSED] - click(findTestObject("06-Teams/button_My Organizations")): Object: 'Object Repository/06-Teams/button_My Organizations' is clicked on

2022-09-30 16:46:18 - [MESSAGE][PASSED] - Object: 'Object Repository/06-Teams/button_My Organizations' is clicked on

2022-09-30 16:46:18 - [TEST_STEP][PASSED] - click(findTestObject("06-Teams/button_GG Automation")): Object: 'Object Repository/06-Teams/button_GG Automation' is clicked on

2022-09-30 16:46:18 - [MESSAGE][PASSED] - Object: 'Object Repository/06-Teams/button_GG Automation' is clicked on

2022-09-30 16:46:18 - [TEST_STEP][PASSED] - delay(4): Delayed 4 second(s)

2022-09-30 16:46:22 - [MESSAGE][PASSED] - Delayed 4 second(s)

2022-09-30 16:46:22 - [TEST_STEP][PASSED] - verifyElementVisible(findTestObject("06-Teams/span_GG Automation")): Object 'Object Repository/06-Teams/span_GG Automation' is visible

2022-09-30 16:46:23 - [MESSAGE][PASSED] - Object 'Object Repository/06-Teams/span_GG Automation' is visible

2022-09-30 16:46:23 - [TEST_STEP][PASSED] - delay(10): Delayed 10 second(s)

2022-09-30 16:46:33 - [MESSAGE][PASSED] - Delayed 10 second(s)

2022-09-30 16:46:33 - [TEST_STEP][PASSED] - click(findTestObject("03-Header Menu/Hamburger Button/div_Settings")): Object: 'Object Repository/03-Header Menu/Hamburger Button/div_Settings' is clicked on

2022-09-30 16:46:33 - [MESSAGE][PASSED] - Object: 'Object Repository/03-Header Menu/Hamburger Button/div_Settings' is clicked on

2022-09-30 16:46:33 - [TEST_STEP][PASSED] - delay(3): Delayed 3 second(s)

2022-09-30 16:46:36 - [MESSAGE][PASSED] - Delayed 3 second(s)

2022-09-30 16:46:36 - [TEST_STEP][PASSED] - click(findTestObject("09-Settings/Users/div_Users")): Object: 'Object Repository/09-Settings/Users/div_Users' is clicked on

2022-09-30 16:46:37 - [MESSAGE][PASSED] - Object: 'Object Repository/09-Settings/Users/div_Users' is clicked on

2022-09-30 16:46:37 - [TEST_STEP][PASSED] - delay(3): Delayed 3 second(s)

2022-09-30 16:46:40 - [MESSAGE][PASSED] - Delayed 3 second(s)

2022-09-30 16:46:40 - [TEST_STEP][PASSED] - click(findTestObject("09-Settings/Users/button_add")): Object: 'Object Repository/09-Settings/Users/button_add' is clicked on

2022-09-30 16:46:41 - [MESSAGE][PASSED] - Object: 'Object Repository/09-Settings/Users/button_add' is clicked on

2022-09-30 16:46:41 - [TEST_STEP][PASSED] - delay(3): Delayed 3 second(s)

2022-09-30 16:46:44 - [MESSAGE][PASSED] - Delayed 3 second(s)

2022-09-30 16:46:44 - [TEST_STEP][PASSED] - click(findTestObject("09-Settings/Users/add Invite a single user")): Object: 'Object Repository/09-Settings/Users/add Invite a single user' is clicked on

2022-09-30 16:46:44 - [MESSAGE][PASSED] - Object: 'Object Repository/09-Settings/Users/add Invite a single user' is clicked on

2022-09-30 16:46:44 - [TEST_STEP][PASSED] - delay(3): Delayed 3 second(s)

2022-09-30 16:46:47 - [MESSAGE][PASSED] - Delayed 3 second(s)

2022-09-30 16:46:47 - [TEST_STEP][PASSED] - setText(findTestObject("09-Settings/Users/input_email"), "autotester10@mailinator.com"): Text 'autotester10@mailinator.com' is set on object 'Object Repository/09-Settings/Users/input_email'

2022-09-30 16:46:48 - [MESSAGE][PASSED] - Text 'autotester10@mailinator.com' is set on object 'Object Repository/09-Settings/Users/input_email'

2022-09-30 16:46:48 - [TEST_STEP][PASSED] - setText(findTestObject("09-Settings/Users/input_firstName"), "GG"): Text 'GG' is set on object 'Object Repository/09-Settings/Users/input_firstName'

2022-09-30 16:46:49 - [MESSAGE][PASSED] - Text 'GG' is set on object 'Object Repository/09-Settings/Users/input_firstName'

2022-09-30 16:46:49 - [TEST_STEP][PASSED] - setText(findTestObject("09-Settings/Users/input_lastName"), "Partner"): Text 'Partner' is set on object 'Object Repository/09-Settings/Users/input_lastName'

2022-09-30 16:46:50 - [MESSAGE][PASSED] - Text 'Partner' is set on object 'Object Repository/09-Settings/Users/input_lastName'

2022-09-30 16:46:50 - [TEST_STEP][PASSED] - click(findTestObject("09-Settings/Users/span_Role")): Object: 'Object Repository/09-Settings/Users/span_Role' is clicked on

2022-09-30 16:46:50 - [MESSAGE][PASSED] - Object: 'Object Repository/09-Settings/Users/span_Role' is clicked on

2022-09-30 16:46:50 - [TEST_STEP][PASSED] - click(findTestObject("09-Settings/Users/span_Partner")): Object: 'Object Repository/09-Settings/Users/span_Partner' is clicked on

2022-09-30 16:46:51 - [MESSAGE][PASSED] - Object: 'Object Repository/09-Settings/Users/span_Partner' is clicked on

2022-09-30 16:46:51 - [TEST_STEP][PASSED] - click(findTestObject("09-Settings/Users/button_Send Invitation")): Object: 'Object Repository/09-Settings/Users/button_Send Invitation' is clicked on

2022-09-30 16:46:52 - [MESSAGE][PASSED] - Object: 'Object Repository/09-Settings/Users/button_Send Invitation' is clicked on

2022-09-30 16:46:52 - [TEST_STEP][PASSED] - delay(2): Delayed 2 second(s)

2022-09-30 16:46:54 - [MESSAGE][PASSED] - Delayed 2 second(s)

2022-09-30 16:46:54 - [TEST_STEP][PASSED] - verifyElementVisible(findTestObject("07-Directory/Connections/zContact Profile/Successfully invited user")): Object 'Object Repository/07-Directory/Connections/zContact Profile/Successfully invited user' is visible

2022-09-30 16:46:55 - [MESSAGE][PASSED] - Object 'Object Repository/07-Directory/Connections/zContact Profile/Successfully invited user' is visible

2022-09-30 16:46:55 - [TEST_STEP][PASSED] - delay(2): Delayed 2 second(s)

2022-09-30 16:46:57 - [MESSAGE][PASSED] - Delayed 2 second(s)

2022-09-30 16:46:57 - [TEST_STEP][PASSED] - click(findTestObject("01-Login and Forgot Password/User menu drop")): Object: 'Object Repository/01-Login and Forgot Password/User menu drop' is clicked on

2022-09-30 16:46:57 - [MESSAGE][PASSED] - Object: 'Object Repository/01-Login and Forgot Password/User menu drop' is clicked on

2022-09-30 16:46:57 - [TEST_STEP][PASSED] - delay(2): Delayed 2 second(s)

2022-09-30 16:46:59 - [MESSAGE][PASSED] - Delayed 2 second(s)

2022-09-30 16:46:59 - [TEST_STEP][PASSED] - click(findTestObject("01-Login and Forgot Password/h4_Sign Out"), STOP_ON_FAILURE): Object: 'Object Repository/01-Login and Forgot Password/h4_Sign Out' is clicked on

2022-09-30 16:47:00 - [MESSAGE][PASSED] - Object: 'Object Repository/01-Login and Forgot Password/h4_Sign Out' is clicked on

2022-09-30 16:47:00 - [TEST_STEP][PASSED] - delay(2): Delayed 2 second(s)

2022-09-30 16:47:02 - [MESSAGE][PASSED] - Delayed 2 second(s)

2022-09-30 16:47:02 - [TEST_STEP][PASSED] - verifyElementPresent(findTestObject("01-Login and Forgot Password/Login_Card"), 0): Object 'Object Repository/01-Login and Forgot Password/Login_Card' is present

2022-09-30 16:47:02 - [MESSAGE][WARNING] - Timeout '0' is invalid. Using default page load timeout: '30'

2022-09-30 16:47:02 - [MESSAGE][PASSED] - Object 'Object Repository/01-Login and Forgot Password/Login_Card' is present

2022-09-30 16:47:02 - [TEST_STEP][PASSED] - delay(3): Delayed 3 second(s)

2022-09-30 16:47:05 - [MESSAGE][PASSED] - Delayed 3 second(s)

2022-09-30 16:47:05 - [TEST_STEP][PASSED] - closeBrowser(): Browser is closed

2022-09-30 16:47:06 - [MESSAGE][PASSED] - Browser is closed

2022-09-30 16:47:06 - [TEST_STEP][PASSED] - openBrowser(""): Browser is opened with url: ''

2022-09-30 16:47:06 - [MESSAGE][INFO] - Starting 'Chrome' driver

2022-09-30 16:47:06 - [MESSAGE][INFO] - Action delay is set to 0 milliseconds

2022-09-30 16:47:07 - [MESSAGE][PASSED] - Browser is opened with url: ''

2022-09-30 16:47:07 - [TEST_STEP][PASSED] - navigateToUrl("https://lab.everleagues.com/"): Navigate to 'https://lab.everleagues.com/' successfully

2022-09-30 16:47:19 - [MESSAGE][PASSED] - Navigate to 'https://lab.everleagues.com/' successfully

2022-09-30 16:47:19 - [TEST_STEP][PASSED] - maximizeWindow(): Current window maximized

2022-09-30 16:47:19 - [MESSAGE][PASSED] - Current window maximized

2022-09-30 16:47:19 - [TEST_STEP][PASSED] - setText(findTestObject("02-Side Icons(Organization)/Add Contact/Email Field"), "autotester10@mailinator.com"): Text 'autotester10@mailinator.com' is set on object 'Object Repository/02-Side Icons(Organization)/Add Contact/Email Field'

2022-09-30 16:47:20 - [MESSAGE][PASSED] - Text 'autotester10@mailinator.com' is set on object 'Object Repository/02-Side Icons(Organization)/Add Contact/Email Field'

2022-09-30 16:47:20 - [TEST_STEP][PASSED] - setEncryptedText(findTestObject("02-Side Icons(Organization)/Add Contact/Password Field"), "8yFRyszE6U6jvsCn51OQbg=="): Text ****** has been set on object 'Object Repository/02-Side Icons(Organization)/Add Contact/Password Field'

2022-09-30 16:47:20 - [MESSAGE][PASSED] - Text ****** has been set on object 'Object Repository/02-Side Icons(Organization)/Add Contact/Password Field'

2022-09-30 16:47:20 - [TEST_STEP][PASSED] - click(findTestObject("02-Side Icons(Organization)/Add Contact/button_Sign in")): Object: 'Object Repository/02-Side Icons(Organization)/Add Contact/button_Sign in' is clicked on

2022-09-30 16:47:21 - [MESSAGE][PASSED] - Object: 'Object Repository/02-Side Icons(Organization)/Add Contact/button_Sign in' is clicked on

2022-09-30 16:47:21 - [TEST_STEP][PASSED] - delay(2): Delayed 2 second(s)

2022-09-30 16:47:23 - [MESSAGE][PASSED] - Delayed 2 second(s)

2022-09-30 16:47:23 - [TEST_STEP][PASSED] - click(findTestObject("06-Teams/For 2FA/button_Confirm_2FA")): Object: 'Object Repository/06-Teams/For 2FA/button_Confirm_2FA' is clicked on

2022-09-30 16:47:23 - [MESSAGE][PASSED] - Object: 'Object Repository/06-Teams/For 2FA/button_Confirm_2FA' is clicked on

2022-09-30 16:47:23 - [TEST_STEP][PASSED] - executeJavaScript("window.open();", []): Execute JavaScript 'window.open();' successfully

2022-09-30 16:47:23 - [MESSAGE][PASSED] - Execute JavaScript 'window.open();' successfully

2022-09-30 16:47:23 - [TEST_STEP][PASSED] - currentWindow = getWindowIndex(): Current window's index is: 0

2022-09-30 16:47:23 - [MESSAGE][PASSED] - Current window's index is: 0

2022-09-30 16:47:23 - [TEST_STEP][PASSED] - delay(3): Delayed 3 second(s)

2022-09-30 16:47:26 - [MESSAGE][PASSED] - Delayed 3 second(s)

2022-09-30 16:47:26 - [TEST_STEP][PASSED] - switchToWindowIndex(currentWindow + 1): Switched to window with index: '1'

2022-09-30 16:47:26 - [MESSAGE][PASSED] - Switched to window with index: '1'

2022-09-30 16:47:26 - [TEST_STEP][PASSED] - navigateToUrl("https://www.mailinator.com/"): Navigate to 'https://www.mailinator.com/' successfully

2022-09-30 16:47:28 - [MESSAGE][PASSED] - Navigate to 'https://www.mailinator.com/' successfully

2022-09-30 16:47:28 - [TEST_STEP][PASSED] - delay(3): Delayed 3 second(s)

2022-09-30 16:47:31 - [MESSAGE][PASSED] - Delayed 3 second(s)

2022-09-30 16:47:31 - [TEST_STEP][PASSED] - setText(findTestObject("00-Signup and Activation/zMailinator/input_LOGIN_search"), "autotester10@mailinator.com"): Text 'autotester10@mailinator.com' is set on object 'Object Repository/00-Signup and Activation/zMailinator/input_LOGIN_search'

2022-09-30 16:47:32 - [MESSAGE][PASSED] - Text 'autotester10@mailinator.com' is set on object 'Object Repository/00-Signup and Activation/zMailinator/input_LOGIN_search'

2022-09-30 16:47:32 - [TEST_STEP][PASSED] - click(findTestObject("00-Signup and Activation/zMailinator/gobutton"), STOP_ON_FAILURE): Object: 'Object Repository/00-Signup and Activation/zMailinator/gobutton' is clicked on

2022-09-30 16:47:33 - [MESSAGE][PASSED] - Object: 'Object Repository/00-Signup and Activation/zMailinator/gobutton' is clicked on

2022-09-30 16:47:33 - [TEST_STEP][PASSED] - delay(3): Delayed 3 second(s)

2022-09-30 16:47:36 - [MESSAGE][PASSED] - Delayed 3 second(s)

2022-09-30 16:47:36 - [TEST_STEP][PASSED] - click(findTestObject("00-Signup and Activation/zMailinator/Email - everleagues")): Object: 'Object Repository/00-Signup and Activation/zMailinator/Email - everleagues' is clicked on

2022-09-30 16:47:36 - [MESSAGE][PASSED] - Object: 'Object Repository/00-Signup and Activation/zMailinator/Email - everleagues' is clicked on

2022-09-30 16:47:36 - [TEST_STEP][PASSED] - delay(3): Delayed 3 second(s)

2022-09-30 16:47:39 - [MESSAGE][PASSED] - Delayed 3 second(s)

2022-09-30 16:47:39 - [TEST_STEP][PASSED] - codetwo = getText(findTestObject("Object Repository/06-Teams/For 2FA/2FA code")): Text of object 'Object Repository/06-Teams/For 2FA/2FA code' is: '867420'

2022-09-30 16:47:40 - [MESSAGE][PASSED] - Text of object 'Object Repository/06-Teams/For 2FA/2FA code' is: '867420'

2022-09-30 16:47:40 - [TEST_STEP][PASSED] - delay(3): Delayed 3 second(s)

2022-09-30 16:47:43 - [MESSAGE][PASSED] - Delayed 3 second(s)

2022-09-30 16:47:43 - [TEST_STEP][PASSED] - closeWindowTitle("Mailinator"): Window with title: 'Mailinator' is closed

2022-09-30 16:47:43 - [MESSAGE][PASSED] - Window with title: 'Mailinator' is closed

2022-09-30 16:47:43 - [TEST_STEP][PASSED] - delay(3): Delayed 3 second(s)

2022-09-30 16:47:46 - [MESSAGE][PASSED] - Delayed 3 second(s)

2022-09-30 16:47:46 - [TEST_STEP][PASSED] - switchToWindowIndex(0): Switched to window with index: '0'

2022-09-30 16:47:46 - [MESSAGE][PASSED] - Switched to window with index: '0'

2022-09-30 16:47:46 - [TEST_STEP][PASSED] - delay(3): Delayed 3 second(s)

2022-09-30 16:47:49 - [MESSAGE][PASSED] - Delayed 3 second(s)

2022-09-30 16:47:49 - [TEST_STEP][PASSED] - setText(findTestObject("Object Repository/06-Teams/For 2FA/input_Enter verification code_code"), codetwo): Text '867420' is set on object 'Object Repository/06-Teams/For 2FA/input_Enter verification code_code'

2022-09-30 16:47:50 - [MESSAGE][PASSED] - Text '867420' is set on object 'Object Repository/06-Teams/For 2FA/input_Enter verification code_code'

2022-09-30 16:47:50 - [TEST_STEP][PASSED] - delay(3): Delayed 3 second(s)

2022-09-30 16:47:53 - [MESSAGE][PASSED] - Delayed 3 second(s)

2022-09-30 16:47:53 - [TEST_STEP][PASSED] - click(findTestObject("06-Teams/For 2FA/button_Verify_2FA")): Object: 'Object Repository/06-Teams/For 2FA/button_Verify_2FA' is clicked on

2022-09-30 16:47:54 - [MESSAGE][PASSED] - Object: 'Object Repository/06-Teams/For 2FA/button_Verify_2FA' is clicked on

2022-09-30 16:47:54 - [TEST_STEP][PASSED] - delay(5): Delayed 5 second(s)

2022-09-30 16:47:59 - [MESSAGE][PASSED] - Delayed 5 second(s)

2022-09-30 16:47:59 - [TEST_STEP][PASSED] - executeJavaScript("window.open();", []): Execute JavaScript 'window.open();' successfully

2022-09-30 16:47:59 - [MESSAGE][PASSED] - Execute JavaScript 'window.open();' successfully

2022-09-30 16:47:59 - [TEST_STEP][PASSED] - currentWindow = getWindowIndex(): Current window's index is: 0

2022-09-30 16:47:59 - [MESSAGE][PASSED] - Current window's index is: 0

2022-09-30 16:47:59 - [TEST_STEP][PASSED] - delay(3): Delayed 3 second(s)

2022-09-30 16:48:02 - [MESSAGE][PASSED] - Delayed 3 second(s)

2022-09-30 16:48:02 - [TEST_STEP][PASSED] - switchToWindowIndex(currentWindow + 1): Switched to window with index: '1'

2022-09-30 16:48:02 - [MESSAGE][PASSED] - Switched to window with index: '1'

2022-09-30 16:48:02 - [TEST_STEP][PASSED] - navigateToUrl("https://www.mailinator.com/"): Navigate to 'https://www.mailinator.com/' successfully

2022-09-30 16:48:04 - [MESSAGE][PASSED] - Navigate to 'https://www.mailinator.com/' successfully

2022-09-30 16:48:04 - [TEST_STEP][PASSED] - delay(3): Delayed 3 second(s)

2022-09-30 16:48:07 - [MESSAGE][PASSED] - Delayed 3 second(s)

2022-09-30 16:48:07 - [TEST_STEP][PASSED] - setText(findTestObject("00-Signup and Activation/zMailinator/input_LOGIN_search"), "autotester10@mailinator.com"): Text 'autotester10@mailinator.com' is set on object 'Object Repository/00-Signup and Activation/zMailinator/input_LOGIN_search'

2022-09-30 16:48:07 - [MESSAGE][PASSED] - Text 'autotester10@mailinator.com' is set on object 'Object Repository/00-Signup and Activation/zMailinator/input_LOGIN_search'

2022-09-30 16:48:07 - [TEST_STEP][PASSED] - click(findTestObject("00-Signup and Activation/zMailinator/gobutton"), STOP_ON_FAILURE): Object: 'Object Repository/00-Signup and Activation/zMailinator/gobutton' is clicked on

2022-09-30 16:48:08 - [MESSAGE][PASSED] - Object: 'Object Repository/00-Signup and Activation/zMailinator/gobutton' is clicked on

2022-09-30 16:48:08 - [TEST_STEP][PASSED] - delay(3): Delayed 3 second(s)

2022-09-30 16:48:11 - [MESSAGE][PASSED] - Delayed 3 second(s)

2022-09-30 16:48:11 - [TEST_STEP][PASSED] - closeWindowTitle("Everleagues"): Window with title: 'Everleagues' is closed

2022-09-30 16:48:11 - [MESSAGE][PASSED] - Window with title: 'Everleagues' is closed

2022-09-30 16:48:11 - [TEST_STEP][PASSED] - switchToWindowIndex(0): Switched to window with index: '0'

2022-09-30 16:48:11 - [MESSAGE][PASSED] - Switched to window with index: '0'

2022-09-30 16:48:11 - [TEST_STEP][PASSED] - click(findTestObject("09-Settings/Users/Co worker/td_Invitation from GG Automation")): Object: 'Object Repository/09-Settings/Users/Co worker/td_Invitation from GG Automation' is clicked on

2022-09-30 16:48:12 - [MESSAGE][PASSED] - Object: 'Object Repository/09-Settings/Users/Co worker/td_Invitation from GG Automation' is clicked on

2022-09-30 16:48:12 - [TEST_STEP][PASSED] - click(findTestObject("09-Settings/Users/Co worker/a_Click here to join GG Automation on EverLeagues")): Object: 'Object Repository/09-Settings/Users/Co worker/a_Click here to join GG Automation on EverLeagues' is clicked on

2022-09-30 16:48:13 - [MESSAGE][PASSED] - Object: 'Object Repository/09-Settings/Users/Co worker/a_Click here to join GG Automation on EverLeagues' is clicked on

2022-09-30 16:48:13 - [TEST_STEP][PASSED] - closeWindowTitle("Mailinator"): Window with title: 'Mailinator' is closed

2022-09-30 16:48:13 - [MESSAGE][PASSED] - Window with title: 'Mailinator' is closed

2022-09-30 16:48:13 - [TEST_STEP][PASSED] - switchToWindowIndex(0): Switched to window with index: '0'

2022-09-30 16:48:13 - [MESSAGE][PASSED] - Switched to window with index: '0'

2022-09-30 16:48:13 - [TEST_STEP][PASSED] - verifyElementVisible(findTestObject("09-Settings/Users/Client/Invite modal")): Object 'Object Repository/09-Settings/Users/Client/Invite modal' is visible

2022-09-30 16:48:19 - [MESSAGE][PASSED] - Object 'Object Repository/09-Settings/Users/Client/Invite modal' is visible

2022-09-30 16:48:19 - [TEST_STEP][PASSED] - setText(findTestObject("09-Settings/Users/Client/Company field"), "QA Company"): Text 'QA Company' is set on object 'Object Repository/09-Settings/Users/Client/Company field'

2022-09-30 16:48:19 - [MESSAGE][PASSED] - Text 'QA Company' is set on object 'Object Repository/09-Settings/Users/Client/Company field'

2022-09-30 16:48:19 - [TEST_STEP][PASSED] - click(findTestObject("09-Settings/Users/Client/button_Accept")): Object: 'Object Repository/09-Settings/Users/Client/button_Accept' is clicked on

2022-09-30 16:48:20 - [MESSAGE][PASSED] - Object: 'Object Repository/09-Settings/Users/Client/button_Accept' is clicked on

2022-09-30 16:48:20 - [TEST_STEP][PASSED] - delay(10): Delayed 10 second(s)

2022-09-30 16:48:30 - [MESSAGE][PASSED] - Delayed 10 second(s)

2022-09-30 16:48:30 - [TEST_STEP][PASSED] - verifyElementVisible(findTestObject("09-Settings/Users/div_Joined as Partner")): Object 'Object Repository/09-Settings/Users/div_Joined as Partner' is visible

2022-09-30 16:48:30 - [MESSAGE][PASSED] - Object 'Object Repository/09-Settings/Users/div_Joined as Partner' is visible

2022-09-30 16:48:30 - [TEST_STEP][PASSED] - delay(3): Delayed 3 second(s)

2022-09-30 16:48:33 - [MESSAGE][PASSED] - Delayed 3 second(s)

2022-09-30 16:48:33 - [TEST_STEP][PASSED] - closeBrowser(): Browser is closed

2022-09-30 16:48:34 - [MESSAGE][PASSED] - Browser is closed]]></system-out>
         <system-err><![CDATA[]]></system-err>
      </testcase>
      <testcase name="Test Cases/09-Settings/05 - Users (Invite batch of users via CSV file)" time="115.274" classname="Test Cases/09-Settings/05 - Users (Invite batch of users via CSV file)" status="PASSED">
         <system-out><![CDATA[2022-09-30 16:48:34 - [TEST_CASE][PASSED] - Test Cases/09-Settings/05 - Users (Invite batch of users via CSV file): Test Cases/09-Settings/05 - Users (Invite batch of users via CSV file)

2022-09-30 16:48:34 - [TEST_STEP][PASSED] - openBrowser(""): Browser is opened with url: ''

2022-09-30 16:48:34 - [MESSAGE][INFO] - Starting 'Chrome' driver

2022-09-30 16:48:34 - [MESSAGE][INFO] - Action delay is set to 0 milliseconds

2022-09-30 16:48:35 - [MESSAGE][PASSED] - Browser is opened with url: ''

2022-09-30 16:48:35 - [TEST_STEP][PASSED] - navigateToUrl("https://lab.everleagues.com/"): Navigate to 'https://lab.everleagues.com/' successfully

2022-09-30 16:48:47 - [MESSAGE][PASSED] - Navigate to 'https://lab.everleagues.com/' successfully

2022-09-30 16:48:47 - [TEST_STEP][PASSED] - maximizeWindow(): Current window maximized

2022-09-30 16:48:47 - [MESSAGE][PASSED] - Current window maximized

2022-09-30 16:48:47 - [TEST_STEP][PASSED] - setText(findTestObject("02-Side Icons(Organization)/Add Contact/Email Field"), "testuser02@mailinator.com"): Text 'testuser02@mailinator.com' is set on object 'Object Repository/02-Side Icons(Organization)/Add Contact/Email Field'

2022-09-30 16:48:48 - [MESSAGE][PASSED] - Text 'testuser02@mailinator.com' is set on object 'Object Repository/02-Side Icons(Organization)/Add Contact/Email Field'

2022-09-30 16:48:48 - [TEST_STEP][PASSED] - setEncryptedText(findTestObject("02-Side Icons(Organization)/Add Contact/Password Field"), "8yFRyszE6U6jvsCn51OQbg=="): Text ****** has been set on object 'Object Repository/02-Side Icons(Organization)/Add Contact/Password Field'

2022-09-30 16:48:48 - [MESSAGE][PASSED] - Text ****** has been set on object 'Object Repository/02-Side Icons(Organization)/Add Contact/Password Field'

2022-09-30 16:48:48 - [TEST_STEP][PASSED] - click(findTestObject("02-Side Icons(Organization)/Add Contact/button_Sign in")): Object: 'Object Repository/02-Side Icons(Organization)/Add Contact/button_Sign in' is clicked on

2022-09-30 16:48:49 - [MESSAGE][PASSED] - Object: 'Object Repository/02-Side Icons(Organization)/Add Contact/button_Sign in' is clicked on

2022-09-30 16:48:49 - [TEST_STEP][PASSED] - delay(2): Delayed 2 second(s)

2022-09-30 16:48:51 - [MESSAGE][PASSED] - Delayed 2 second(s)

2022-09-30 16:48:51 - [TEST_STEP][PASSED] - click(findTestObject("06-Teams/For 2FA/button_Confirm_2FA")): Object: 'Object Repository/06-Teams/For 2FA/button_Confirm_2FA' is clicked on

2022-09-30 16:48:52 - [MESSAGE][PASSED] - Object: 'Object Repository/06-Teams/For 2FA/button_Confirm_2FA' is clicked on

2022-09-30 16:48:52 - [TEST_STEP][PASSED] - executeJavaScript("window.open();", []): Execute JavaScript 'window.open();' successfully

2022-09-30 16:48:52 - [MESSAGE][PASSED] - Execute JavaScript 'window.open();' successfully

2022-09-30 16:48:52 - [TEST_STEP][PASSED] - currentWindow = getWindowIndex(): Current window's index is: 0

2022-09-30 16:48:52 - [MESSAGE][PASSED] - Current window's index is: 0

2022-09-30 16:48:52 - [TEST_STEP][PASSED] - delay(3): Delayed 3 second(s)

2022-09-30 16:48:55 - [MESSAGE][PASSED] - Delayed 3 second(s)

2022-09-30 16:48:55 - [TEST_STEP][PASSED] - switchToWindowIndex(currentWindow + 1): Switched to window with index: '1'

2022-09-30 16:48:55 - [MESSAGE][PASSED] - Switched to window with index: '1'

2022-09-30 16:48:55 - [TEST_STEP][PASSED] - navigateToUrl("https://www.mailinator.com/"): Navigate to 'https://www.mailinator.com/' successfully

2022-09-30 16:48:57 - [MESSAGE][PASSED] - Navigate to 'https://www.mailinator.com/' successfully

2022-09-30 16:48:57 - [TEST_STEP][PASSED] - delay(3): Delayed 3 second(s)

2022-09-30 16:49:00 - [MESSAGE][PASSED] - Delayed 3 second(s)

2022-09-30 16:49:00 - [TEST_STEP][PASSED] - setText(findTestObject("00-Signup and Activation/zMailinator/input_LOGIN_search"), "testuser02@mailinator.com"): Text 'testuser02@mailinator.com' is set on object 'Object Repository/00-Signup and Activation/zMailinator/input_LOGIN_search'

2022-09-30 16:49:00 - [MESSAGE][PASSED] - Text 'testuser02@mailinator.com' is set on object 'Object Repository/00-Signup and Activation/zMailinator/input_LOGIN_search'

2022-09-30 16:49:00 - [TEST_STEP][PASSED] - click(findTestObject("00-Signup and Activation/zMailinator/gobutton"), STOP_ON_FAILURE): Object: 'Object Repository/00-Signup and Activation/zMailinator/gobutton' is clicked on

2022-09-30 16:49:02 - [MESSAGE][PASSED] - Object: 'Object Repository/00-Signup and Activation/zMailinator/gobutton' is clicked on

2022-09-30 16:49:02 - [TEST_STEP][PASSED] - delay(3): Delayed 3 second(s)

2022-09-30 16:49:05 - [MESSAGE][PASSED] - Delayed 3 second(s)

2022-09-30 16:49:05 - [TEST_STEP][PASSED] - click(findTestObject("00-Signup and Activation/zMailinator/Email - everleagues")): Object: 'Object Repository/00-Signup and Activation/zMailinator/Email - everleagues' is clicked on

2022-09-30 16:49:05 - [MESSAGE][PASSED] - Object: 'Object Repository/00-Signup and Activation/zMailinator/Email - everleagues' is clicked on

2022-09-30 16:49:05 - [TEST_STEP][PASSED] - delay(3): Delayed 3 second(s)

2022-09-30 16:49:08 - [MESSAGE][PASSED] - Delayed 3 second(s)

2022-09-30 16:49:08 - [TEST_STEP][PASSED] - code = getText(findTestObject("Object Repository/06-Teams/For 2FA/2FA code")): Text of object 'Object Repository/06-Teams/For 2FA/2FA code' is: '696897'

2022-09-30 16:49:09 - [MESSAGE][PASSED] - Text of object 'Object Repository/06-Teams/For 2FA/2FA code' is: '696897'

2022-09-30 16:49:09 - [TEST_STEP][PASSED] - delay(3): Delayed 3 second(s)

2022-09-30 16:49:12 - [MESSAGE][PASSED] - Delayed 3 second(s)

2022-09-30 16:49:12 - [TEST_STEP][PASSED] - closeWindowTitle("Mailinator"): Window with title: 'Mailinator' is closed

2022-09-30 16:49:12 - [MESSAGE][PASSED] - Window with title: 'Mailinator' is closed

2022-09-30 16:49:12 - [TEST_STEP][PASSED] - delay(3): Delayed 3 second(s)

2022-09-30 16:49:15 - [MESSAGE][PASSED] - Delayed 3 second(s)

2022-09-30 16:49:15 - [TEST_STEP][PASSED] - switchToWindowIndex(0): Switched to window with index: '0'

2022-09-30 16:49:15 - [MESSAGE][PASSED] - Switched to window with index: '0'

2022-09-30 16:49:15 - [TEST_STEP][PASSED] - delay(3): Delayed 3 second(s)

2022-09-30 16:49:18 - [MESSAGE][PASSED] - Delayed 3 second(s)

2022-09-30 16:49:18 - [TEST_STEP][PASSED] - setText(findTestObject("Object Repository/06-Teams/For 2FA/input_Enter verification code_code"), code): Text '696897' is set on object 'Object Repository/06-Teams/For 2FA/input_Enter verification code_code'

2022-09-30 16:49:19 - [MESSAGE][PASSED] - Text '696897' is set on object 'Object Repository/06-Teams/For 2FA/input_Enter verification code_code'

2022-09-30 16:49:19 - [TEST_STEP][PASSED] - delay(3): Delayed 3 second(s)

2022-09-30 16:49:22 - [MESSAGE][PASSED] - Delayed 3 second(s)

2022-09-30 16:49:22 - [TEST_STEP][PASSED] - click(findTestObject("06-Teams/For 2FA/button_Verify_2FA")): Object: 'Object Repository/06-Teams/For 2FA/button_Verify_2FA' is clicked on

2022-09-30 16:49:23 - [MESSAGE][PASSED] - Object: 'Object Repository/06-Teams/For 2FA/button_Verify_2FA' is clicked on

2022-09-30 16:49:23 - [TEST_STEP][PASSED] - delay(5): Delayed 5 second(s)

2022-09-30 16:49:28 - [MESSAGE][PASSED] - Delayed 5 second(s)

2022-09-30 16:49:28 - [TEST_STEP][PASSED] - click(findTestObject("06-Teams/button_doublearrow")): Object: 'Object Repository/06-Teams/button_doublearrow' is clicked on

2022-09-30 16:49:29 - [MESSAGE][PASSED] - Object: 'Object Repository/06-Teams/button_doublearrow' is clicked on

2022-09-30 16:49:29 - [TEST_STEP][PASSED] - click(findTestObject("06-Teams/button_My Organizations")): Object: 'Object Repository/06-Teams/button_My Organizations' is clicked on

2022-09-30 16:49:29 - [MESSAGE][PASSED] - Object: 'Object Repository/06-Teams/button_My Organizations' is clicked on

2022-09-30 16:49:29 - [TEST_STEP][PASSED] - click(findTestObject("06-Teams/button_GG Automation")): Object: 'Object Repository/06-Teams/button_GG Automation' is clicked on

2022-09-30 16:49:30 - [MESSAGE][PASSED] - Object: 'Object Repository/06-Teams/button_GG Automation' is clicked on

2022-09-30 16:49:30 - [TEST_STEP][PASSED] - delay(4): Delayed 4 second(s)

2022-09-30 16:49:34 - [MESSAGE][PASSED] - Delayed 4 second(s)

2022-09-30 16:49:34 - [TEST_STEP][PASSED] - verifyElementVisible(findTestObject("06-Teams/span_GG Automation")): Object 'Object Repository/06-Teams/span_GG Automation' is visible

2022-09-30 16:49:35 - [MESSAGE][PASSED] - Object 'Object Repository/06-Teams/span_GG Automation' is visible

2022-09-30 16:49:35 - [TEST_STEP][PASSED] - delay(10): Delayed 10 second(s)

2022-09-30 16:49:45 - [MESSAGE][PASSED] - Delayed 10 second(s)

2022-09-30 16:49:45 - [TEST_STEP][PASSED] - click(findTestObject("03-Header Menu/Hamburger Button/div_Settings")): Object: 'Object Repository/03-Header Menu/Hamburger Button/div_Settings' is clicked on

2022-09-30 16:49:45 - [MESSAGE][PASSED] - Object: 'Object Repository/03-Header Menu/Hamburger Button/div_Settings' is clicked on

2022-09-30 16:49:45 - [TEST_STEP][PASSED] - delay(3): Delayed 3 second(s)

2022-09-30 16:49:48 - [MESSAGE][PASSED] - Delayed 3 second(s)

2022-09-30 16:49:48 - [TEST_STEP][PASSED] - click(findTestObject("09-Settings/Users/div_Users")): Object: 'Object Repository/09-Settings/Users/div_Users' is clicked on

2022-09-30 16:49:49 - [MESSAGE][PASSED] - Object: 'Object Repository/09-Settings/Users/div_Users' is clicked on

2022-09-30 16:49:49 - [TEST_STEP][PASSED] - delay(3): Delayed 3 second(s)

2022-09-30 16:49:52 - [MESSAGE][PASSED] - Delayed 3 second(s)

2022-09-30 16:49:52 - [TEST_STEP][PASSED] - click(findTestObject("09-Settings/Users/button_add")): Object: 'Object Repository/09-Settings/Users/button_add' is clicked on

2022-09-30 16:49:52 - [MESSAGE][PASSED] - Object: 'Object Repository/09-Settings/Users/button_add' is clicked on

2022-09-30 16:49:52 - [TEST_STEP][PASSED] - delay(3): Delayed 3 second(s)

2022-09-30 16:49:55 - [MESSAGE][PASSED] - Delayed 3 second(s)

2022-09-30 16:49:55 - [TEST_STEP][PASSED] - click(findTestObject("09-Settings/Users/Invite batch of users via CSV file")): Object: 'Object Repository/09-Settings/Users/Invite batch of users via CSV file' is clicked on

2022-09-30 16:49:56 - [MESSAGE][PASSED] - Object: 'Object Repository/09-Settings/Users/Invite batch of users via CSV file' is clicked on

2022-09-30 16:49:56 - [TEST_STEP][PASSED] - verifyElementVisible(findTestObject("09-Settings/Users/CSV Invite/Import CSV File modal")): Object 'Object Repository/09-Settings/Users/CSV Invite/Import CSV File modal' is visible

2022-09-30 16:49:57 - [MESSAGE][PASSED] - Object 'Object Repository/09-Settings/Users/CSV Invite/Import CSV File modal' is visible

2022-09-30 16:49:57 - [TEST_STEP][PASSED] - verifyElementNotClickable(findTestObject("09-Settings/Users/CSV Invite/button_Import")): Object 'Object Repository/09-Settings/Users/CSV Invite/button_Import' is NOT clickable

2022-09-30 16:49:57 - [MESSAGE][PASSED] - Object 'Object Repository/09-Settings/Users/CSV Invite/button_Import' is NOT clickable

2022-09-30 16:49:57 - [TEST_STEP][PASSED] - delay(3): Delayed 3 second(s)

2022-09-30 16:50:00 - [MESSAGE][PASSED] - Delayed 3 second(s)

2022-09-30 16:50:00 - [TEST_STEP][PASSED] - uploadpackage.Upload.uploadFile(findTestObject("Object Repository/09-Settings/Users/CSV Invite/button_Choose File"), "C:\Users\User\Desktop\EL automation\sample csv.csv"): uploadpackage.Upload.uploadFile is PASSED

2022-09-30 16:50:00 - [MESSAGE][PASSED] - Object: 'Object Repository/09-Settings/Users/CSV Invite/button_Choose File' is clicked on

2022-09-30 16:50:01 - [MESSAGE][PASSED] - uploadpackage.Upload.uploadFile is PASSED

2022-09-30 16:50:01 - [TEST_STEP][PASSED] - delay(3): Delayed 3 second(s)

2022-09-30 16:50:04 - [MESSAGE][PASSED] - Delayed 3 second(s)

2022-09-30 16:50:04 - [TEST_STEP][PASSED] - verifyElementVisible(findTestObject("09-Settings/Users/CSV Invite/div_Sample csv.csv")): Object 'Object Repository/09-Settings/Users/CSV Invite/div_Sample csv.csv' is visible

2022-09-30 16:50:07 - [MESSAGE][PASSED] - Object 'Object Repository/09-Settings/Users/CSV Invite/div_Sample csv.csv' is visible

2022-09-30 16:50:07 - [TEST_STEP][PASSED] - click(findTestObject("09-Settings/Users/CSV Invite/button_Import")): Object: 'Object Repository/09-Settings/Users/CSV Invite/button_Import' is clicked on

2022-09-30 16:50:08 - [MESSAGE][PASSED] - Object: 'Object Repository/09-Settings/Users/CSV Invite/button_Import' is clicked on

2022-09-30 16:50:08 - [TEST_STEP][PASSED] - delay(10): Delayed 10 second(s)

2022-09-30 16:50:18 - [MESSAGE][PASSED] - Delayed 10 second(s)

2022-09-30 16:50:18 - [TEST_STEP][PASSED] - verifyElementVisible(findTestObject("09-Settings/Users/CSV Invite/Success import modal")): Object 'Object Repository/09-Settings/Users/CSV Invite/Success import modal' is visible

2022-09-30 16:50:18 - [MESSAGE][PASSED] - Object 'Object Repository/09-Settings/Users/CSV Invite/Success import modal' is visible

2022-09-30 16:50:18 - [TEST_STEP][PASSED] - click(findTestObject("09-Settings/Users/CSV Invite/button_Close")): Object: 'Object Repository/09-Settings/Users/CSV Invite/button_Close' is clicked on

2022-09-30 16:50:18 - [MESSAGE][PASSED] - Object: 'Object Repository/09-Settings/Users/CSV Invite/button_Close' is clicked on

2022-09-30 16:50:18 - [TEST_STEP][PASSED] - click(findTestObject("09-Settings/Users/CSV Invite/Invited Users tab")): Object: 'Object Repository/09-Settings/Users/CSV Invite/Invited Users tab' is clicked on

2022-09-30 16:50:19 - [MESSAGE][PASSED] - Object: 'Object Repository/09-Settings/Users/CSV Invite/Invited Users tab' is clicked on

2022-09-30 16:50:19 - [TEST_STEP][PASSED] - delay(3): Delayed 3 second(s)

2022-09-30 16:50:22 - [MESSAGE][PASSED] - Delayed 3 second(s)

2022-09-30 16:50:22 - [TEST_STEP][PASSED] - verifyElementVisible(findTestObject("09-Settings/Users/CSV Invite/div_CTCSV test3")): Object 'Object Repository/09-Settings/Users/CSV Invite/div_CTCSV test3' is visible

2022-09-30 16:50:23 - [MESSAGE][PASSED] - Object 'Object Repository/09-Settings/Users/CSV Invite/div_CTCSV test3' is visible

2022-09-30 16:50:23 - [TEST_STEP][PASSED] - verifyElementVisible(findTestObject("09-Settings/Users/CSV Invite/div_autotester08mailinator.com")): Object 'Object Repository/09-Settings/Users/CSV Invite/div_autotester08mailinator.com' is visible

2022-09-30 16:50:23 - [MESSAGE][PASSED] - Object 'Object Repository/09-Settings/Users/CSV Invite/div_autotester08mailinator.com' is visible

2022-09-30 16:50:23 - [TEST_STEP][PASSED] - verifyElementVisible(findTestObject("09-Settings/Users/CSV Invite/div_Partner")): Object 'Object Repository/09-Settings/Users/CSV Invite/div_Partner' is visible

2022-09-30 16:50:23 - [MESSAGE][PASSED] - Object 'Object Repository/09-Settings/Users/CSV Invite/div_Partner' is visible

2022-09-30 16:50:23 - [TEST_STEP][PASSED] - verifyElementVisible(findTestObject("09-Settings/Users/CSV Invite/div_CTCSV test2")): Object 'Object Repository/09-Settings/Users/CSV Invite/div_CTCSV test2' is visible

2022-09-30 16:50:24 - [MESSAGE][PASSED] - Object 'Object Repository/09-Settings/Users/CSV Invite/div_CTCSV test2' is visible

2022-09-30 16:50:24 - [TEST_STEP][PASSED] - verifyElementVisible(findTestObject("09-Settings/Users/CSV Invite/div_autotester07mailinator.com")): Object 'Object Repository/09-Settings/Users/CSV Invite/div_autotester07mailinator.com' is visible

2022-09-30 16:50:24 - [MESSAGE][PASSED] - Object 'Object Repository/09-Settings/Users/CSV Invite/div_autotester07mailinator.com' is visible

2022-09-30 16:50:24 - [TEST_STEP][PASSED] - verifyElementVisible(findTestObject("09-Settings/Users/CSV Invite/div_Client")): Object 'Object Repository/09-Settings/Users/CSV Invite/div_Client' is visible

2022-09-30 16:50:24 - [MESSAGE][PASSED] - Object 'Object Repository/09-Settings/Users/CSV Invite/div_Client' is visible

2022-09-30 16:50:24 - [TEST_STEP][PASSED] - verifyElementVisible(findTestObject("09-Settings/Users/CSV Invite/div_CTCSV test1")): Object 'Object Repository/09-Settings/Users/CSV Invite/div_CTCSV test1' is visible

2022-09-30 16:50:25 - [MESSAGE][PASSED] - Object 'Object Repository/09-Settings/Users/CSV Invite/div_CTCSV test1' is visible

2022-09-30 16:50:25 - [TEST_STEP][PASSED] - verifyElementVisible(findTestObject("09-Settings/Users/CSV Invite/div_autotester06mailinator.com")): Object 'Object Repository/09-Settings/Users/CSV Invite/div_autotester06mailinator.com' is visible

2022-09-30 16:50:25 - [MESSAGE][PASSED] - Object 'Object Repository/09-Settings/Users/CSV Invite/div_autotester06mailinator.com' is visible

2022-09-30 16:50:25 - [TEST_STEP][PASSED] - verifyElementVisible(findTestObject("09-Settings/Users/CSV Invite/div_Coworker")): Object 'Object Repository/09-Settings/Users/CSV Invite/div_Coworker' is visible

2022-09-30 16:50:26 - [MESSAGE][PASSED] - Object 'Object Repository/09-Settings/Users/CSV Invite/div_Coworker' is visible

2022-09-30 16:50:26 - [TEST_STEP][PASSED] - delay(3): Delayed 3 second(s)

2022-09-30 16:50:29 - [MESSAGE][PASSED] - Delayed 3 second(s)

2022-09-30 16:50:29 - [TEST_STEP][PASSED] - closeBrowser(): Browser is closed

2022-09-30 16:50:29 - [MESSAGE][PASSED] - Browser is closed]]></system-out>
         <system-err><![CDATA[]]></system-err>
      </testcase>
      <system-out><![CDATA[2022-09-30 16:36:25 - [TEST_SUITE][PASSED] - 09-Settings: Test Cases/09-Settings/05 - Users (Invite batch of users via CSV file)]]></system-out>
      <system-err><![CDATA[]]></system-err>
   </testsuite>
</testsuites>
