<?xml version="1.0" encoding="UTF-8"?>
<testsuites name="06.1- Teams - Add" time="236.223" tests="2" failures="0" errors="0">
   <testsuite name="06.1- Teams - Add" tests="2" failures="0" errors="0" time="236.223" skipped="0" timestamp="2022-05-27 13:59:48" hostname="User - DESKTOP-QCRNR4M" id="Test Suites/TS-Organization/06.1- Teams - Add">
      <properties>
         <property name="deviceName" value=""/>
         <property name="devicePlatform" value=""/>
         <property name="logFolder" value="C:\\Users\\User\\Katalon Studio\\EverleaguesMain\\Reports\\20220527_135946\\TS-Organization\\06.1- Teams - Add\\20220527_135946"/>
         <property name="logFiles" value="C:\\Users\\User\\Katalon Studio\\EverleaguesMain\\Reports\\20220527_135946\\TS-Organization\\06.1- Teams - Add\\20220527_135946\\execution0.log"/>
         <property name="attachments" value=""/>
         <property name="hostName" value="User - DESKTOP-QCRNR4M"/>
         <property name="os" value="Windows 10 64bit"/>
         <property name="katalonVersion" value="8.3.5.208"/>
         <property name="browser" value="Chrome 102.0.5005.63"/>
         <property name="hostAddress" value="192.168.5.89"/>
         <property name="sessionId" value="48cf1d632b828b140a9c4e929d6fa87e"/>
         <property name="seleniumVersion" value="3.141.59"/>
         <property name="proxyInformation" value="ProxyInformation { proxyOption=NO_PROXY, proxyServerType=HTTP, username=, password=********, proxyServerAddress=, proxyServerPort=0, executionList=&quot;&quot;, isApplyToDesiredCapabilities=true }"/>
         <property name="platform" value="Windows 10"/>
      </properties>
      <testcase name="Test Cases/06- Teams/01- Add Team- Public" time="108.287" classname="Test Cases/06- Teams/01- Add Team- Public" status="PASSED">
         <system-out><![CDATA[2022-05-27 13:59:48 - [TEST_CASE][PASSED] - Test Cases/06- Teams/01- Add Team- Public: Test Cases/06- Teams/01- Add Team- Public

2022-05-27 13:59:49 - [TEST_STEP][PASSED] - openBrowser(""): Browser is opened with url: ''

2022-05-27 13:59:49 - [MESSAGE][INFO] - Starting 'Chrome' driver

2022-05-27 13:59:49 - [MESSAGE][INFO] - Action delay is set to 0 milliseconds

2022-05-27 13:59:51 - [MESSAGE][PASSED] - Browser is opened with url: ''

2022-05-27 13:59:51 - [TEST_STEP][PASSED] - navigateToUrl("https://lab.everleagues.com/"): Navigate to 'https://lab.everleagues.com/' successfully

2022-05-27 14:00:06 - [MESSAGE][PASSED] - Navigate to 'https://lab.everleagues.com/' successfully

2022-05-27 14:00:06 - [TEST_STEP][PASSED] - maximizeWindow(): Current window maximized

2022-05-27 14:00:06 - [MESSAGE][PASSED] - Current window maximized

2022-05-27 14:00:06 - [TEST_STEP][PASSED] - setText(findTestObject("02-Side Icons(Organization)/Add Contact/Email Field"), "testuser02@mailinator.com"): Text 'testuser02@mailinator.com' is set on object 'Object Repository/02-Side Icons(Organization)/Add Contact/Email Field'

2022-05-27 14:00:07 - [MESSAGE][PASSED] - Text 'testuser02@mailinator.com' is set on object 'Object Repository/02-Side Icons(Organization)/Add Contact/Email Field'

2022-05-27 14:00:07 - [TEST_STEP][PASSED] - setEncryptedText(findTestObject("02-Side Icons(Organization)/Add Contact/Password Field"), "8yFRyszE6U6jvsCn51OQbg=="): Text ****** has been set on object 'Object Repository/02-Side Icons(Organization)/Add Contact/Password Field'

2022-05-27 14:00:08 - [MESSAGE][PASSED] - Text ****** has been set on object 'Object Repository/02-Side Icons(Organization)/Add Contact/Password Field'

2022-05-27 14:00:08 - [TEST_STEP][PASSED] - click(findTestObject("02-Side Icons(Organization)/Add Contact/button_Sign in")): Object: 'Object Repository/02-Side Icons(Organization)/Add Contact/button_Sign in' is clicked on

2022-05-27 14:00:09 - [MESSAGE][PASSED] - Object: 'Object Repository/02-Side Icons(Organization)/Add Contact/button_Sign in' is clicked on

2022-05-27 14:00:09 - [TEST_STEP][PASSED] - delay(2): Delayed 2 second(s)

2022-05-27 14:00:11 - [MESSAGE][PASSED] - Delayed 2 second(s)

2022-05-27 14:00:11 - [TEST_STEP][PASSED] - click(findTestObject("06-Teams/For 2FA/button_Confirm_2FA")): Object: 'Object Repository/06-Teams/For 2FA/button_Confirm_2FA' is clicked on

2022-05-27 14:00:11 - [MESSAGE][PASSED] - Object: 'Object Repository/06-Teams/For 2FA/button_Confirm_2FA' is clicked on

2022-05-27 14:00:11 - [TEST_STEP][PASSED] - executeJavaScript("window.open();", []): Execute JavaScript 'window.open();' successfully

2022-05-27 14:00:11 - [MESSAGE][PASSED] - Execute JavaScript 'window.open();' successfully

2022-05-27 14:00:11 - [TEST_STEP][PASSED] - currentWindow = getWindowIndex(): Current window's index is: 0

2022-05-27 14:00:11 - [MESSAGE][PASSED] - Current window's index is: 0

2022-05-27 14:00:11 - [TEST_STEP][PASSED] - delay(3): Delayed 3 second(s)

2022-05-27 14:00:14 - [MESSAGE][PASSED] - Delayed 3 second(s)

2022-05-27 14:00:14 - [TEST_STEP][PASSED] - switchToWindowIndex(currentWindow + 1): Switched to window with index: '1'

2022-05-27 14:00:14 - [MESSAGE][PASSED] - Switched to window with index: '1'

2022-05-27 14:00:14 - [TEST_STEP][PASSED] - navigateToUrl("https://www.mailinator.com/"): Navigate to 'https://www.mailinator.com/' successfully

2022-05-27 14:00:18 - [MESSAGE][PASSED] - Navigate to 'https://www.mailinator.com/' successfully

2022-05-27 14:00:18 - [TEST_STEP][PASSED] - delay(3): Delayed 3 second(s)

2022-05-27 14:00:21 - [MESSAGE][PASSED] - Delayed 3 second(s)

2022-05-27 14:00:21 - [TEST_STEP][PASSED] - setText(findTestObject("00-Signup and Activation/zMailinator/input_LOGIN_search"), "testuser02@mailinator.com"): Text 'testuser02@mailinator.com' is set on object 'Object Repository/00-Signup and Activation/zMailinator/input_LOGIN_search'

2022-05-27 14:00:22 - [MESSAGE][PASSED] - Text 'testuser02@mailinator.com' is set on object 'Object Repository/00-Signup and Activation/zMailinator/input_LOGIN_search'

2022-05-27 14:00:22 - [TEST_STEP][PASSED] - click(findTestObject("00-Signup and Activation/zMailinator/gobutton"), STOP_ON_FAILURE): Object: 'Object Repository/00-Signup and Activation/zMailinator/gobutton' is clicked on

2022-05-27 14:00:23 - [MESSAGE][PASSED] - Object: 'Object Repository/00-Signup and Activation/zMailinator/gobutton' is clicked on

2022-05-27 14:00:23 - [TEST_STEP][PASSED] - delay(3): Delayed 3 second(s)

2022-05-27 14:00:26 - [MESSAGE][PASSED] - Delayed 3 second(s)

2022-05-27 14:00:26 - [TEST_STEP][PASSED] - click(findTestObject("00-Signup and Activation/zMailinator/Email - everleagues")): Object: 'Object Repository/00-Signup and Activation/zMailinator/Email - everleagues' is clicked on

2022-05-27 14:00:26 - [MESSAGE][PASSED] - Object: 'Object Repository/00-Signup and Activation/zMailinator/Email - everleagues' is clicked on

2022-05-27 14:00:26 - [TEST_STEP][PASSED] - delay(3): Delayed 3 second(s)

2022-05-27 14:00:29 - [MESSAGE][PASSED] - Delayed 3 second(s)

2022-05-27 14:00:29 - [TEST_STEP][PASSED] - code = getText(findTestObject("Object Repository/06-Teams/For 2FA/2FA code")): Text of object 'Object Repository/06-Teams/For 2FA/2FA code' is: '425670'

2022-05-27 14:00:30 - [MESSAGE][PASSED] - Text of object 'Object Repository/06-Teams/For 2FA/2FA code' is: '425670'

2022-05-27 14:00:30 - [TEST_STEP][PASSED] - delay(3): Delayed 3 second(s)

2022-05-27 14:00:33 - [MESSAGE][PASSED] - Delayed 3 second(s)

2022-05-27 14:00:33 - [TEST_STEP][PASSED] - closeWindowTitle("Mailinator"): Window with title: 'Mailinator' is closed

2022-05-27 14:00:33 - [MESSAGE][PASSED] - Window with title: 'Mailinator' is closed

2022-05-27 14:00:33 - [TEST_STEP][PASSED] - delay(3): Delayed 3 second(s)

2022-05-27 14:00:36 - [MESSAGE][PASSED] - Delayed 3 second(s)

2022-05-27 14:00:36 - [TEST_STEP][PASSED] - switchToWindowIndex(0): Switched to window with index: '0'

2022-05-27 14:00:36 - [MESSAGE][PASSED] - Switched to window with index: '0'

2022-05-27 14:00:36 - [TEST_STEP][PASSED] - delay(3): Delayed 3 second(s)

2022-05-27 14:00:39 - [MESSAGE][PASSED] - Delayed 3 second(s)

2022-05-27 14:00:39 - [TEST_STEP][PASSED] - setText(findTestObject("Object Repository/06-Teams/For 2FA/input_Enter verification code_code"), code): Text '425670' is set on object 'Object Repository/06-Teams/For 2FA/input_Enter verification code_code'

2022-05-27 14:00:40 - [MESSAGE][PASSED] - Text '425670' is set on object 'Object Repository/06-Teams/For 2FA/input_Enter verification code_code'

2022-05-27 14:00:40 - [TEST_STEP][PASSED] - delay(3): Delayed 3 second(s)

2022-05-27 14:00:43 - [MESSAGE][PASSED] - Delayed 3 second(s)

2022-05-27 14:00:43 - [TEST_STEP][PASSED] - click(findTestObject("06-Teams/For 2FA/button_Verify_2FA")): Object: 'Object Repository/06-Teams/For 2FA/button_Verify_2FA' is clicked on

2022-05-27 14:00:43 - [MESSAGE][PASSED] - Object: 'Object Repository/06-Teams/For 2FA/button_Verify_2FA' is clicked on

2022-05-27 14:00:43 - [TEST_STEP][PASSED] - delay(5): Delayed 5 second(s)

2022-05-27 14:00:48 - [MESSAGE][PASSED] - Delayed 5 second(s)

2022-05-27 14:00:48 - [TEST_STEP][PASSED] - click(findTestObject("06-Teams/button_doublearrow")): Object: 'Object Repository/06-Teams/button_doublearrow' is clicked on

2022-05-27 14:00:50 - [MESSAGE][PASSED] - Object: 'Object Repository/06-Teams/button_doublearrow' is clicked on

2022-05-27 14:00:50 - [TEST_STEP][PASSED] - click(findTestObject("06-Teams/button_My Organizations")): Object: 'Object Repository/06-Teams/button_My Organizations' is clicked on

2022-05-27 14:00:51 - [MESSAGE][PASSED] - Object: 'Object Repository/06-Teams/button_My Organizations' is clicked on

2022-05-27 14:00:51 - [TEST_STEP][PASSED] - click(findTestObject("06-Teams/button_GG Automation")): Object: 'Object Repository/06-Teams/button_GG Automation' is clicked on

2022-05-27 14:00:51 - [MESSAGE][PASSED] - Object: 'Object Repository/06-Teams/button_GG Automation' is clicked on

2022-05-27 14:00:51 - [TEST_STEP][PASSED] - delay(4): Delayed 4 second(s)

2022-05-27 14:00:55 - [MESSAGE][PASSED] - Delayed 4 second(s)

2022-05-27 14:00:55 - [TEST_STEP][PASSED] - verifyElementVisible(findTestObject("06-Teams/span_GG Automation")): Object 'Object Repository/06-Teams/span_GG Automation' is visible

2022-05-27 14:00:56 - [MESSAGE][PASSED] - Object 'Object Repository/06-Teams/span_GG Automation' is visible

2022-05-27 14:00:56 - [TEST_STEP][PASSED] - delay(2): Delayed 2 second(s)

2022-05-27 14:00:58 - [MESSAGE][PASSED] - Delayed 2 second(s)

2022-05-27 14:00:58 - [TEST_STEP][PASSED] - click(findTestObject("03-Header Menu/Hamburger Button/div_Teams")): Object: 'Object Repository/03-Header Menu/Hamburger Button/div_Teams' is clicked on

2022-05-27 14:00:58 - [MESSAGE][PASSED] - Object: 'Object Repository/03-Header Menu/Hamburger Button/div_Teams' is clicked on

2022-05-27 14:00:58 - [TEST_STEP][PASSED] - delay(2): Delayed 2 second(s)

2022-05-27 14:01:00 - [MESSAGE][PASSED] - Delayed 2 second(s)

2022-05-27 14:01:00 - [TEST_STEP][PASSED] - verifyElementVisible(findTestObject("06-Teams/h4_TEAMS")): Object 'Object Repository/06-Teams/h4_TEAMS' is visible

2022-05-27 14:01:01 - [MESSAGE][PASSED] - Object 'Object Repository/06-Teams/h4_TEAMS' is visible

2022-05-27 14:01:01 - [TEST_STEP][PASSED] - delay(3): Delayed 3 second(s)

2022-05-27 14:01:04 - [MESSAGE][PASSED] - Delayed 3 second(s)

2022-05-27 14:01:04 - [TEST_STEP][PASSED] - click(findTestObject("06-Teams/Add Team")): Object: 'Object Repository/06-Teams/Add Team' is clicked on

2022-05-27 14:01:04 - [MESSAGE][PASSED] - Object: 'Object Repository/06-Teams/Add Team' is clicked on

2022-05-27 14:01:04 - [TEST_STEP][PASSED] - delay(3): Delayed 3 second(s)

2022-05-27 14:01:07 - [MESSAGE][PASSED] - Delayed 3 second(s)

2022-05-27 14:01:07 - [TEST_STEP][PASSED] - verifyElementVisible(findTestObject("06-Teams/button_Public")): Object 'Object Repository/06-Teams/button_Public' is visible

2022-05-27 14:01:08 - [MESSAGE][PASSED] - Object 'Object Repository/06-Teams/button_Public' is visible

2022-05-27 14:01:08 - [TEST_STEP][PASSED] - verifyElementVisible(findTestObject("06-Teams/button_Private")): Object 'Object Repository/06-Teams/button_Private' is visible

2022-05-27 14:01:08 - [MESSAGE][PASSED] - Object 'Object Repository/06-Teams/button_Private' is visible

2022-05-27 14:01:08 - [TEST_STEP][PASSED] - delay(3): Delayed 3 second(s)

2022-05-27 14:01:11 - [MESSAGE][PASSED] - Delayed 3 second(s)

2022-05-27 14:01:11 - [TEST_STEP][PASSED] - click(findTestObject("06-Teams/button_Public")): Object: 'Object Repository/06-Teams/button_Public' is clicked on

2022-05-27 14:01:11 - [MESSAGE][PASSED] - Object: 'Object Repository/06-Teams/button_Public' is clicked on

2022-05-27 14:01:11 - [TEST_STEP][PASSED] - verifyElementVisible(findTestObject("06-Teams/01-Add Team-Public/Add Team_Public")): Object 'Object Repository/06-Teams/01-Add Team-Public/Add Team_Public' is visible

2022-05-27 14:01:12 - [MESSAGE][PASSED] - Object 'Object Repository/06-Teams/01-Add Team-Public/Add Team_Public' is visible

2022-05-27 14:01:12 - [TEST_STEP][PASSED] - verifyElementNotClickable(findTestObject("06-Teams/01-Add Team-Public/button_Create")): Object 'Object Repository/06-Teams/01-Add Team-Public/button_Create' is NOT clickable

2022-05-27 14:01:13 - [MESSAGE][PASSED] - Object 'Object Repository/06-Teams/01-Add Team-Public/button_Create' is NOT clickable

2022-05-27 14:01:13 - [TEST_STEP][PASSED] - delay(3): Delayed 3 second(s)

2022-05-27 14:01:16 - [MESSAGE][PASSED] - Delayed 3 second(s)

2022-05-27 14:01:16 - [TEST_STEP][PASSED] - click(findTestObject("06-Teams/01-Add Team-Public/input_teamName")): Object: 'Object Repository/06-Teams/01-Add Team-Public/input_teamName' is clicked on

2022-05-27 14:01:16 - [MESSAGE][PASSED] - Object: 'Object Repository/06-Teams/01-Add Team-Public/input_teamName' is clicked on

2022-05-27 14:01:16 - [TEST_STEP][PASSED] - click(findTestObject("06-Teams/01-Add Team-Public/Org unit")): Object: 'Object Repository/06-Teams/01-Add Team-Public/Org unit' is clicked on

2022-05-27 14:01:17 - [MESSAGE][PASSED] - Object: 'Object Repository/06-Teams/01-Add Team-Public/Org unit' is clicked on

2022-05-27 14:01:17 - [TEST_STEP][PASSED] - verifyElementVisible(findTestObject("06-Teams/01-Add Team-Public/h4_Select an organization unit")): Object 'Object Repository/06-Teams/01-Add Team-Public/h4_Select an organization unit' is visible

2022-05-27 14:01:17 - [MESSAGE][PASSED] - Object 'Object Repository/06-Teams/01-Add Team-Public/h4_Select an organization unit' is visible

2022-05-27 14:01:17 - [TEST_STEP][PASSED] - delay(3): Delayed 3 second(s)

2022-05-27 14:01:20 - [MESSAGE][PASSED] - Delayed 3 second(s)

2022-05-27 14:01:20 - [TEST_STEP][PASSED] - click(findTestObject("06-Teams/01-Add Team-Public/div_GG Automation")): Object: 'Object Repository/06-Teams/01-Add Team-Public/div_GG Automation' is clicked on

2022-05-27 14:01:20 - [MESSAGE][PASSED] - Object: 'Object Repository/06-Teams/01-Add Team-Public/div_GG Automation' is clicked on

2022-05-27 14:01:20 - [TEST_STEP][PASSED] - click(findTestObject("06-Teams/01-Add Team-Public/button_Select")): Object: 'Object Repository/06-Teams/01-Add Team-Public/button_Select' is clicked on

2022-05-27 14:01:21 - [MESSAGE][PASSED] - Object: 'Object Repository/06-Teams/01-Add Team-Public/button_Select' is clicked on

2022-05-27 14:01:21 - [TEST_STEP][PASSED] - verifyElementVisible(findTestObject("06-Teams/01-Add Team-Public/Error Team name")): Object 'Object Repository/06-Teams/01-Add Team-Public/Error Team name' is visible

2022-05-27 14:01:22 - [MESSAGE][PASSED] - Object 'Object Repository/06-Teams/01-Add Team-Public/Error Team name' is visible

2022-05-27 14:01:22 - [TEST_STEP][PASSED] - delay(3): Delayed 3 second(s)

2022-05-27 14:01:25 - [MESSAGE][PASSED] - Delayed 3 second(s)

2022-05-27 14:01:25 - [TEST_STEP][PASSED] - setText(findTestObject("06-Teams/01-Add Team-Public/input_teamName"), "Auto Team Public"): Text 'Auto Team Public' is set on object 'Object Repository/06-Teams/01-Add Team-Public/input_teamName'

2022-05-27 14:01:26 - [MESSAGE][PASSED] - Text 'Auto Team Public' is set on object 'Object Repository/06-Teams/01-Add Team-Public/input_teamName'

2022-05-27 14:01:26 - [TEST_STEP][PASSED] - click(findTestObject("06-Teams/01-Add Team-Public/button_Create")): Object: 'Object Repository/06-Teams/01-Add Team-Public/button_Create' is clicked on

2022-05-27 14:01:26 - [MESSAGE][PASSED] - Object: 'Object Repository/06-Teams/01-Add Team-Public/button_Create' is clicked on

2022-05-27 14:01:26 - [TEST_STEP][PASSED] - delay(3): Delayed 3 second(s)

2022-05-27 14:01:29 - [MESSAGE][PASSED] - Delayed 3 second(s)

2022-05-27 14:01:29 - [TEST_STEP][PASSED] - verifyElementVisible(findTestObject("06-Teams/01-Add Team-Public/span_Successfully added new team")): Object 'Object Repository/06-Teams/01-Add Team-Public/span_Successfully added new team' is visible

2022-05-27 14:01:30 - [MESSAGE][PASSED] - Object 'Object Repository/06-Teams/01-Add Team-Public/span_Successfully added new team' is visible

2022-05-27 14:01:30 - [TEST_STEP][PASSED] - delay(3): Delayed 3 second(s)

2022-05-27 14:01:33 - [MESSAGE][PASSED] - Delayed 3 second(s)

2022-05-27 14:01:33 - [TEST_STEP][PASSED] - verifyElementVisible(findTestObject("06-Teams/01-Add Team-Public/span_Auto Team Public")): Object 'Object Repository/06-Teams/01-Add Team-Public/span_Auto Team Public' is visible

2022-05-27 14:01:33 - [MESSAGE][PASSED] - Object 'Object Repository/06-Teams/01-Add Team-Public/span_Auto Team Public' is visible

2022-05-27 14:01:33 - [TEST_STEP][PASSED] - delay(3): Delayed 3 second(s)

2022-05-27 14:01:36 - [MESSAGE][PASSED] - Delayed 3 second(s)

2022-05-27 14:01:36 - [TEST_STEP][PASSED] - closeBrowser(): Browser is closed

2022-05-27 14:01:37 - [MESSAGE][PASSED] - Browser is closed]]></system-out>
         <system-err><![CDATA[]]></system-err>
      </testcase>
      <testcase name="Test Cases/06- Teams/02-Add Team-Private" time="127.652" classname="Test Cases/06- Teams/02-Add Team-Private" status="PASSED">
         <system-out><![CDATA[2022-05-27 14:01:37 - [TEST_CASE][PASSED] - Test Cases/06- Teams/02-Add Team-Private: Test Cases/06- Teams/02-Add Team-Private

2022-05-27 14:01:37 - [TEST_STEP][PASSED] - openBrowser(""): Browser is opened with url: ''

2022-05-27 14:01:37 - [MESSAGE][INFO] - Starting 'Chrome' driver

2022-05-27 14:01:37 - [MESSAGE][INFO] - Action delay is set to 0 milliseconds

2022-05-27 14:01:38 - [MESSAGE][PASSED] - Browser is opened with url: ''

2022-05-27 14:01:38 - [TEST_STEP][PASSED] - navigateToUrl("https://lab.everleagues.com/"): Navigate to 'https://lab.everleagues.com/' successfully

2022-05-27 14:02:05 - [MESSAGE][PASSED] - Navigate to 'https://lab.everleagues.com/' successfully

2022-05-27 14:02:05 - [TEST_STEP][PASSED] - maximizeWindow(): Current window maximized

2022-05-27 14:02:05 - [MESSAGE][PASSED] - Current window maximized

2022-05-27 14:02:05 - [TEST_STEP][PASSED] - setText(findTestObject("02-Side Icons(Organization)/Add Contact/Email Field"), "testuser02@mailinator.com"): Text 'testuser02@mailinator.com' is set on object 'Object Repository/02-Side Icons(Organization)/Add Contact/Email Field'

2022-05-27 14:02:06 - [MESSAGE][PASSED] - Text 'testuser02@mailinator.com' is set on object 'Object Repository/02-Side Icons(Organization)/Add Contact/Email Field'

2022-05-27 14:02:06 - [TEST_STEP][PASSED] - setEncryptedText(findTestObject("02-Side Icons(Organization)/Add Contact/Password Field"), "8yFRyszE6U6jvsCn51OQbg=="): Text ****** has been set on object 'Object Repository/02-Side Icons(Organization)/Add Contact/Password Field'

2022-05-27 14:02:06 - [MESSAGE][PASSED] - Text ****** has been set on object 'Object Repository/02-Side Icons(Organization)/Add Contact/Password Field'

2022-05-27 14:02:06 - [TEST_STEP][PASSED] - click(findTestObject("02-Side Icons(Organization)/Add Contact/button_Sign in")): Object: 'Object Repository/02-Side Icons(Organization)/Add Contact/button_Sign in' is clicked on

2022-05-27 14:02:07 - [MESSAGE][PASSED] - Object: 'Object Repository/02-Side Icons(Organization)/Add Contact/button_Sign in' is clicked on

2022-05-27 14:02:07 - [TEST_STEP][PASSED] - delay(3): Delayed 3 second(s)

2022-05-27 14:02:10 - [MESSAGE][PASSED] - Delayed 3 second(s)

2022-05-27 14:02:10 - [TEST_STEP][PASSED] - click(findTestObject("06-Teams/For 2FA/button_Confirm_2FA")): Object: 'Object Repository/06-Teams/For 2FA/button_Confirm_2FA' is clicked on

2022-05-27 14:02:10 - [MESSAGE][PASSED] - Object: 'Object Repository/06-Teams/For 2FA/button_Confirm_2FA' is clicked on

2022-05-27 14:02:10 - [TEST_STEP][PASSED] - executeJavaScript("window.open();", []): Execute JavaScript 'window.open();' successfully

2022-05-27 14:02:10 - [MESSAGE][PASSED] - Execute JavaScript 'window.open();' successfully

2022-05-27 14:02:10 - [TEST_STEP][PASSED] - currentWindow = getWindowIndex(): Current window's index is: 0

2022-05-27 14:02:10 - [MESSAGE][PASSED] - Current window's index is: 0

2022-05-27 14:02:10 - [TEST_STEP][PASSED] - delay(3): Delayed 3 second(s)

2022-05-27 14:02:13 - [MESSAGE][PASSED] - Delayed 3 second(s)

2022-05-27 14:02:13 - [TEST_STEP][PASSED] - switchToWindowIndex(currentWindow + 1): Switched to window with index: '1'

2022-05-27 14:02:13 - [MESSAGE][PASSED] - Switched to window with index: '1'

2022-05-27 14:02:13 - [TEST_STEP][PASSED] - navigateToUrl("https://www.mailinator.com/"): Navigate to 'https://www.mailinator.com/' successfully

2022-05-27 14:02:15 - [MESSAGE][PASSED] - Navigate to 'https://www.mailinator.com/' successfully

2022-05-27 14:02:15 - [TEST_STEP][PASSED] - delay(3): Delayed 3 second(s)

2022-05-27 14:02:18 - [MESSAGE][PASSED] - Delayed 3 second(s)

2022-05-27 14:02:18 - [TEST_STEP][PASSED] - setText(findTestObject("00-Signup and Activation/zMailinator/input_LOGIN_search"), "testuser02@mailinator.com"): Text 'testuser02@mailinator.com' is set on object 'Object Repository/00-Signup and Activation/zMailinator/input_LOGIN_search'

2022-05-27 14:02:19 - [MESSAGE][PASSED] - Text 'testuser02@mailinator.com' is set on object 'Object Repository/00-Signup and Activation/zMailinator/input_LOGIN_search'

2022-05-27 14:02:19 - [TEST_STEP][PASSED] - click(findTestObject("00-Signup and Activation/zMailinator/gobutton"), STOP_ON_FAILURE): Object: 'Object Repository/00-Signup and Activation/zMailinator/gobutton' is clicked on

2022-05-27 14:02:20 - [MESSAGE][PASSED] - Object: 'Object Repository/00-Signup and Activation/zMailinator/gobutton' is clicked on

2022-05-27 14:02:20 - [TEST_STEP][PASSED] - delay(3): Delayed 3 second(s)

2022-05-27 14:02:23 - [MESSAGE][PASSED] - Delayed 3 second(s)

2022-05-27 14:02:23 - [TEST_STEP][PASSED] - click(findTestObject("00-Signup and Activation/zMailinator/Email - everleagues")): Object: 'Object Repository/00-Signup and Activation/zMailinator/Email - everleagues' is clicked on

2022-05-27 14:02:24 - [MESSAGE][PASSED] - Object: 'Object Repository/00-Signup and Activation/zMailinator/Email - everleagues' is clicked on

2022-05-27 14:02:24 - [TEST_STEP][PASSED] - delay(3): Delayed 3 second(s)

2022-05-27 14:02:27 - [MESSAGE][PASSED] - Delayed 3 second(s)

2022-05-27 14:02:27 - [TEST_STEP][PASSED] - code = getText(findTestObject("Object Repository/06-Teams/For 2FA/2FA code")): Text of object 'Object Repository/06-Teams/For 2FA/2FA code' is: '425670'

2022-05-27 14:02:27 - [MESSAGE][PASSED] - Text of object 'Object Repository/06-Teams/For 2FA/2FA code' is: '425670'

2022-05-27 14:02:27 - [TEST_STEP][PASSED] - delay(3): Delayed 3 second(s)

2022-05-27 14:02:30 - [MESSAGE][PASSED] - Delayed 3 second(s)

2022-05-27 14:02:30 - [TEST_STEP][PASSED] - closeWindowTitle("Mailinator"): Window with title: 'Mailinator' is closed

2022-05-27 14:02:31 - [MESSAGE][PASSED] - Window with title: 'Mailinator' is closed

2022-05-27 14:02:31 - [TEST_STEP][PASSED] - delay(3): Delayed 3 second(s)

2022-05-27 14:02:34 - [MESSAGE][PASSED] - Delayed 3 second(s)

2022-05-27 14:02:34 - [TEST_STEP][PASSED] - switchToWindowIndex(0): Switched to window with index: '0'

2022-05-27 14:02:34 - [MESSAGE][PASSED] - Switched to window with index: '0'

2022-05-27 14:02:34 - [TEST_STEP][PASSED] - delay(3): Delayed 3 second(s)

2022-05-27 14:02:37 - [MESSAGE][PASSED] - Delayed 3 second(s)

2022-05-27 14:02:37 - [TEST_STEP][PASSED] - setText(findTestObject("Object Repository/06-Teams/For 2FA/input_Enter verification code_code"), code): Text '425670' is set on object 'Object Repository/06-Teams/For 2FA/input_Enter verification code_code'

2022-05-27 14:02:38 - [MESSAGE][PASSED] - Text '425670' is set on object 'Object Repository/06-Teams/For 2FA/input_Enter verification code_code'

2022-05-27 14:02:38 - [TEST_STEP][PASSED] - delay(3): Delayed 3 second(s)

2022-05-27 14:02:41 - [MESSAGE][PASSED] - Delayed 3 second(s)

2022-05-27 14:02:41 - [TEST_STEP][PASSED] - click(findTestObject("06-Teams/For 2FA/button_Verify_2FA")): Object: 'Object Repository/06-Teams/For 2FA/button_Verify_2FA' is clicked on

2022-05-27 14:02:41 - [MESSAGE][PASSED] - Object: 'Object Repository/06-Teams/For 2FA/button_Verify_2FA' is clicked on

2022-05-27 14:02:41 - [TEST_STEP][PASSED] - delay(5): Delayed 5 second(s)

2022-05-27 14:02:46 - [MESSAGE][PASSED] - Delayed 5 second(s)

2022-05-27 14:02:46 - [TEST_STEP][PASSED] - click(findTestObject("06-Teams/button_doublearrow")): Object: 'Object Repository/06-Teams/button_doublearrow' is clicked on

2022-05-27 14:02:48 - [MESSAGE][PASSED] - Object: 'Object Repository/06-Teams/button_doublearrow' is clicked on

2022-05-27 14:02:48 - [TEST_STEP][PASSED] - click(findTestObject("06-Teams/button_My Organizations")): Object: 'Object Repository/06-Teams/button_My Organizations' is clicked on

2022-05-27 14:02:48 - [MESSAGE][PASSED] - Object: 'Object Repository/06-Teams/button_My Organizations' is clicked on

2022-05-27 14:02:48 - [TEST_STEP][PASSED] - click(findTestObject("06-Teams/button_GG Automation")): Object: 'Object Repository/06-Teams/button_GG Automation' is clicked on

2022-05-27 14:02:49 - [MESSAGE][PASSED] - Object: 'Object Repository/06-Teams/button_GG Automation' is clicked on

2022-05-27 14:02:49 - [TEST_STEP][PASSED] - delay(4): Delayed 4 second(s)

2022-05-27 14:02:53 - [MESSAGE][PASSED] - Delayed 4 second(s)

2022-05-27 14:02:53 - [TEST_STEP][PASSED] - verifyElementVisible(findTestObject("06-Teams/span_GG Automation")): Object 'Object Repository/06-Teams/span_GG Automation' is visible

2022-05-27 14:02:53 - [MESSAGE][PASSED] - Object 'Object Repository/06-Teams/span_GG Automation' is visible

2022-05-27 14:02:53 - [TEST_STEP][PASSED] - delay(2): Delayed 2 second(s)

2022-05-27 14:02:55 - [MESSAGE][PASSED] - Delayed 2 second(s)

2022-05-27 14:02:55 - [TEST_STEP][PASSED] - click(findTestObject("03-Header Menu/Hamburger Button/div_Teams")): Object: 'Object Repository/03-Header Menu/Hamburger Button/div_Teams' is clicked on

2022-05-27 14:02:56 - [MESSAGE][PASSED] - Object: 'Object Repository/03-Header Menu/Hamburger Button/div_Teams' is clicked on

2022-05-27 14:02:56 - [TEST_STEP][PASSED] - delay(2): Delayed 2 second(s)

2022-05-27 14:02:58 - [MESSAGE][PASSED] - Delayed 2 second(s)

2022-05-27 14:02:58 - [TEST_STEP][PASSED] - verifyElementVisible(findTestObject("06-Teams/h4_TEAMS")): Object 'Object Repository/06-Teams/h4_TEAMS' is visible

2022-05-27 14:02:58 - [MESSAGE][PASSED] - Object 'Object Repository/06-Teams/h4_TEAMS' is visible

2022-05-27 14:02:58 - [TEST_STEP][PASSED] - delay(3): Delayed 3 second(s)

2022-05-27 14:03:01 - [MESSAGE][PASSED] - Delayed 3 second(s)

2022-05-27 14:03:01 - [TEST_STEP][PASSED] - click(findTestObject("06-Teams/Add Team")): Object: 'Object Repository/06-Teams/Add Team' is clicked on

2022-05-27 14:03:02 - [MESSAGE][PASSED] - Object: 'Object Repository/06-Teams/Add Team' is clicked on

2022-05-27 14:03:02 - [TEST_STEP][PASSED] - delay(3): Delayed 3 second(s)

2022-05-27 14:03:05 - [MESSAGE][PASSED] - Delayed 3 second(s)

2022-05-27 14:03:05 - [TEST_STEP][PASSED] - verifyElementVisible(findTestObject("06-Teams/button_Public")): Object 'Object Repository/06-Teams/button_Public' is visible

2022-05-27 14:03:05 - [MESSAGE][PASSED] - Object 'Object Repository/06-Teams/button_Public' is visible

2022-05-27 14:03:05 - [TEST_STEP][PASSED] - verifyElementVisible(findTestObject("06-Teams/button_Private")): Object 'Object Repository/06-Teams/button_Private' is visible

2022-05-27 14:03:05 - [MESSAGE][PASSED] - Object 'Object Repository/06-Teams/button_Private' is visible

2022-05-27 14:03:05 - [TEST_STEP][PASSED] - delay(3): Delayed 3 second(s)

2022-05-27 14:03:08 - [MESSAGE][PASSED] - Delayed 3 second(s)

2022-05-27 14:03:08 - [TEST_STEP][PASSED] - click(findTestObject("06-Teams/button_Private")): Object: 'Object Repository/06-Teams/button_Private' is clicked on

2022-05-27 14:03:09 - [MESSAGE][PASSED] - Object: 'Object Repository/06-Teams/button_Private' is clicked on

2022-05-27 14:03:09 - [TEST_STEP][PASSED] - delay(3): Delayed 3 second(s)

2022-05-27 14:03:12 - [MESSAGE][PASSED] - Delayed 3 second(s)

2022-05-27 14:03:12 - [TEST_STEP][PASSED] - verifyElementVisible(findTestObject("06-Teams/02-Add Team-Private/Add team- Private")): Object 'Object Repository/06-Teams/02-Add Team-Private/Add team- Private' is visible

2022-05-27 14:03:12 - [MESSAGE][PASSED] - Object 'Object Repository/06-Teams/02-Add Team-Private/Add team- Private' is visible

2022-05-27 14:03:12 - [TEST_STEP][PASSED] - verifyElementVisible(findTestObject("06-Teams/02-Add Team-Private/div_Settings")): Object 'Object Repository/06-Teams/02-Add Team-Private/div_Settings' is visible

2022-05-27 14:03:12 - [MESSAGE][PASSED] - Object 'Object Repository/06-Teams/02-Add Team-Private/div_Settings' is visible

2022-05-27 14:03:12 - [TEST_STEP][PASSED] - verifyElementVisible(findTestObject("06-Teams/02-Add Team-Private/div_Members")): Object 'Object Repository/06-Teams/02-Add Team-Private/div_Members' is visible

2022-05-27 14:03:13 - [MESSAGE][PASSED] - Object 'Object Repository/06-Teams/02-Add Team-Private/div_Members' is visible

2022-05-27 14:03:13 - [TEST_STEP][PASSED] - verifyElementNotClickable(findTestObject("06-Teams/01-Add Team-Public/button_Create")): Object 'Object Repository/06-Teams/01-Add Team-Public/button_Create' is NOT clickable

2022-05-27 14:03:13 - [MESSAGE][PASSED] - Object 'Object Repository/06-Teams/01-Add Team-Public/button_Create' is NOT clickable

2022-05-27 14:03:13 - [TEST_STEP][PASSED] - delay(3): Delayed 3 second(s)

2022-05-27 14:03:16 - [MESSAGE][PASSED] - Delayed 3 second(s)

2022-05-27 14:03:16 - [TEST_STEP][PASSED] - click(findTestObject("06-Teams/01-Add Team-Public/input_teamName")): Object: 'Object Repository/06-Teams/01-Add Team-Public/input_teamName' is clicked on

2022-05-27 14:03:17 - [MESSAGE][PASSED] - Object: 'Object Repository/06-Teams/01-Add Team-Public/input_teamName' is clicked on

2022-05-27 14:03:17 - [TEST_STEP][PASSED] - click(findTestObject("06-Teams/01-Add Team-Public/Org unit")): Object: 'Object Repository/06-Teams/01-Add Team-Public/Org unit' is clicked on

2022-05-27 14:03:18 - [MESSAGE][PASSED] - Object: 'Object Repository/06-Teams/01-Add Team-Public/Org unit' is clicked on

2022-05-27 14:03:18 - [TEST_STEP][PASSED] - verifyElementVisible(findTestObject("06-Teams/01-Add Team-Public/h4_Select an organization unit")): Object 'Object Repository/06-Teams/01-Add Team-Public/h4_Select an organization unit' is visible

2022-05-27 14:03:18 - [MESSAGE][PASSED] - Object 'Object Repository/06-Teams/01-Add Team-Public/h4_Select an organization unit' is visible

2022-05-27 14:03:18 - [TEST_STEP][PASSED] - delay(3): Delayed 3 second(s)

2022-05-27 14:03:21 - [MESSAGE][PASSED] - Delayed 3 second(s)

2022-05-27 14:03:21 - [TEST_STEP][PASSED] - click(findTestObject("06-Teams/01-Add Team-Public/div_GG Automation")): Object: 'Object Repository/06-Teams/01-Add Team-Public/div_GG Automation' is clicked on

2022-05-27 14:03:22 - [MESSAGE][PASSED] - Object: 'Object Repository/06-Teams/01-Add Team-Public/div_GG Automation' is clicked on

2022-05-27 14:03:22 - [TEST_STEP][PASSED] - click(findTestObject("06-Teams/01-Add Team-Public/button_Select")): Object: 'Object Repository/06-Teams/01-Add Team-Public/button_Select' is clicked on

2022-05-27 14:03:22 - [MESSAGE][PASSED] - Object: 'Object Repository/06-Teams/01-Add Team-Public/button_Select' is clicked on

2022-05-27 14:03:22 - [TEST_STEP][PASSED] - verifyElementVisible(findTestObject("06-Teams/01-Add Team-Public/Error Team name")): Object 'Object Repository/06-Teams/01-Add Team-Public/Error Team name' is visible

2022-05-27 14:03:23 - [MESSAGE][PASSED] - Object 'Object Repository/06-Teams/01-Add Team-Public/Error Team name' is visible

2022-05-27 14:03:23 - [TEST_STEP][PASSED] - delay(3): Delayed 3 second(s)

2022-05-27 14:03:26 - [MESSAGE][PASSED] - Delayed 3 second(s)

2022-05-27 14:03:26 - [TEST_STEP][PASSED] - setText(findTestObject("06-Teams/01-Add Team-Public/input_teamName"), "Auto Team Private"): Text 'Auto Team Private' is set on object 'Object Repository/06-Teams/01-Add Team-Public/input_teamName'

2022-05-27 14:03:27 - [MESSAGE][PASSED] - Text 'Auto Team Private' is set on object 'Object Repository/06-Teams/01-Add Team-Public/input_teamName'

2022-05-27 14:03:27 - [TEST_STEP][PASSED] - delay(3): Delayed 3 second(s)

2022-05-27 14:03:30 - [MESSAGE][PASSED] - Delayed 3 second(s)

2022-05-27 14:03:30 - [TEST_STEP][PASSED] - click(findTestObject("06-Teams/02-Add Team-Private/div_Members")): Object: 'Object Repository/06-Teams/02-Add Team-Private/div_Members' is clicked on

2022-05-27 14:03:31 - [MESSAGE][PASSED] - Object: 'Object Repository/06-Teams/02-Add Team-Private/div_Members' is clicked on

2022-05-27 14:03:31 - [TEST_STEP][PASSED] - verifyElementVisible(findTestObject("06-Teams/02-Add Team-Private/Members dialog box")): Object 'Object Repository/06-Teams/02-Add Team-Private/Members dialog box' is visible

2022-05-27 14:03:32 - [MESSAGE][PASSED] - Object 'Object Repository/06-Teams/02-Add Team-Private/Members dialog box' is visible

2022-05-27 14:03:32 - [TEST_STEP][PASSED] - delay(3): Delayed 3 second(s)

2022-05-27 14:03:35 - [MESSAGE][PASSED] - Delayed 3 second(s)

2022-05-27 14:03:35 - [TEST_STEP][PASSED] - click(findTestObject("06-Teams/01-Add Team-Public/button_Create")): Object: 'Object Repository/06-Teams/01-Add Team-Public/button_Create' is clicked on

2022-05-27 14:03:36 - [MESSAGE][PASSED] - Object: 'Object Repository/06-Teams/01-Add Team-Public/button_Create' is clicked on

2022-05-27 14:03:36 - [TEST_STEP][PASSED] - verifyElementVisible(findTestObject("06-Teams/01-Add Team-Public/span_Successfully added new team")): Object 'Object Repository/06-Teams/01-Add Team-Public/span_Successfully added new team' is visible

2022-05-27 14:03:37 - [MESSAGE][PASSED] - Object 'Object Repository/06-Teams/01-Add Team-Public/span_Successfully added new team' is visible

2022-05-27 14:03:37 - [TEST_STEP][PASSED] - delay(3): Delayed 3 second(s)

2022-05-27 14:03:40 - [MESSAGE][PASSED] - Delayed 3 second(s)

2022-05-27 14:03:40 - [TEST_STEP][PASSED] - verifyElementVisible(findTestObject("06-Teams/02-Add Team-Private/span_Auto Team Private")): Object 'Object Repository/06-Teams/02-Add Team-Private/span_Auto Team Private' is visible

2022-05-27 14:03:41 - [MESSAGE][PASSED] - Object 'Object Repository/06-Teams/02-Add Team-Private/span_Auto Team Private' is visible

2022-05-27 14:03:41 - [TEST_STEP][PASSED] - delay(3): Delayed 3 second(s)

2022-05-27 14:03:44 - [MESSAGE][PASSED] - Delayed 3 second(s)

2022-05-27 14:03:44 - [TEST_STEP][PASSED] - closeBrowser(): Browser is closed

2022-05-27 14:03:44 - [MESSAGE][PASSED] - Browser is closed]]></system-out>
         <system-err><![CDATA[]]></system-err>
      </testcase>
      <system-out><![CDATA[2022-05-27 13:59:48 - [TEST_SUITE][PASSED] - 06.1- Teams - Add: Test Cases/06- Teams/02-Add Team-Private]]></system-out>
      <system-err><![CDATA[]]></system-err>
   </testsuite>
</testsuites>
