<?xml version="1.0" encoding="UTF-8"?>
<testsuites name="09.1 - Settings (Invite users)" time="950.143" tests="5" failures="0" errors="0">
   <testsuite name="09.1 - Settings (Invite users)" tests="5" failures="0" errors="0" time="950.143" skipped="0" timestamp="2022-12-02 15:09:43" hostname="User - DESKTOP-QCRNR4M" id="Test Suites/TS-Organization/09.1 - Settings (Invite users)">
      <properties>
         <property name="deviceName" value=""/>
         <property name="devicePlatform" value=""/>
         <property name="logFolder" value="C:\\Users\\User\\Katalon Studio\\EverleaguesMain\\Reports\\20221202_150941\\TS-Organization\\09.1 - Settings (Invite users)\\20221202_150941"/>
         <property name="logFiles" value="C:\\Users\\User\\Katalon Studio\\EverleaguesMain\\Reports\\20221202_150941\\TS-Organization\\09.1 - Settings (Invite users)\\20221202_150941\\execution0.log"/>
         <property name="attachments" value=""/>
         <property name="hostName" value="User - DESKTOP-QCRNR4M"/>
         <property name="os" value="Windows 10 64bit"/>
         <property name="katalonVersion" value="8.4.1.208"/>
         <property name="browser" value="Chrome 108.0.0.0"/>
         <property name="hostAddress" value="192.168.5.124"/>
         <property name="sessionId" value="371a9eade3e2e0f22ed051cb149af236"/>
         <property name="seleniumVersion" value="3.141.59"/>
         <property name="proxyInformation" value="ProxyInformation { proxyOption=NO_PROXY, proxyServerType=HTTP, username=, password=********, proxyServerAddress=, proxyServerPort=0, executionList=&quot;&quot;, isApplyToDesiredCapabilities=true }"/>
         <property name="platform" value="Windows 10"/>
      </properties>
      <testcase name="Test Cases/09-Settings/01 - Users (Invite new user but field are blank)" time="88.75" classname="Test Cases/09-Settings/01 - Users (Invite new user but field are blank)" status="PASSED">
         <system-out><![CDATA[2022-12-02 15:09:44 - [TEST_CASE][PASSED] - Test Cases/09-Settings/01 - Users (Invite new user but field are blank): Test Cases/09-Settings/01 - Users (Invite new user but field are blank)

2022-12-02 15:09:44 - [TEST_STEP][PASSED] - openBrowser(""): Browser is opened with url: ''

2022-12-02 15:09:44 - [MESSAGE][INFO] - Starting 'Chrome' driver

2022-12-02 15:09:44 - [MESSAGE][INFO] - Action delay is set to 0 milliseconds

2022-12-02 15:09:46 - [MESSAGE][PASSED] - Browser is opened with url: ''

2022-12-02 15:09:46 - [TEST_STEP][PASSED] - navigateToUrl("https://lab.everleagues.com/"): Navigate to 'https://lab.everleagues.com/' successfully

2022-12-02 15:09:59 - [MESSAGE][PASSED] - Navigate to 'https://lab.everleagues.com/' successfully

2022-12-02 15:09:59 - [TEST_STEP][PASSED] - maximizeWindow(): Current window maximized

2022-12-02 15:09:59 - [MESSAGE][PASSED] - Current window maximized

2022-12-02 15:09:59 - [TEST_STEP][PASSED] - setText(findTestObject("02-Side Icons(Organization)/Add Contact/Email Field"), "testuser02@mailinator.com"): Text 'testuser02@mailinator.com' is set on object 'Object Repository/02-Side Icons(Organization)/Add Contact/Email Field'

2022-12-02 15:10:00 - [MESSAGE][PASSED] - Text 'testuser02@mailinator.com' is set on object 'Object Repository/02-Side Icons(Organization)/Add Contact/Email Field'

2022-12-02 15:10:00 - [TEST_STEP][PASSED] - setEncryptedText(findTestObject("02-Side Icons(Organization)/Add Contact/Password Field"), "8yFRyszE6U6jvsCn51OQbg=="): Text ****** has been set on object 'Object Repository/02-Side Icons(Organization)/Add Contact/Password Field'

2022-12-02 15:10:01 - [MESSAGE][PASSED] - Text ****** has been set on object 'Object Repository/02-Side Icons(Organization)/Add Contact/Password Field'

2022-12-02 15:10:01 - [TEST_STEP][PASSED] - click(findTestObject("02-Side Icons(Organization)/Add Contact/button_Sign in")): Object: 'Object Repository/02-Side Icons(Organization)/Add Contact/button_Sign in' is clicked on

2022-12-02 15:10:01 - [MESSAGE][PASSED] - Object: 'Object Repository/02-Side Icons(Organization)/Add Contact/button_Sign in' is clicked on

2022-12-02 15:10:01 - [TEST_STEP][PASSED] - delay(2): Delayed 2 second(s)

2022-12-02 15:10:03 - [MESSAGE][PASSED] - Delayed 2 second(s)

2022-12-02 15:10:03 - [TEST_STEP][PASSED] - click(findTestObject("06-Teams/For 2FA/button_Confirm_2FA")): Object: 'Object Repository/06-Teams/For 2FA/button_Confirm_2FA' is clicked on

2022-12-02 15:10:04 - [MESSAGE][PASSED] - Object: 'Object Repository/06-Teams/For 2FA/button_Confirm_2FA' is clicked on

2022-12-02 15:10:04 - [TEST_STEP][PASSED] - executeJavaScript("window.open();", []): Execute JavaScript 'window.open();' successfully

2022-12-02 15:10:04 - [MESSAGE][PASSED] - Execute JavaScript 'window.open();' successfully

2022-12-02 15:10:04 - [TEST_STEP][PASSED] - currentWindow = getWindowIndex(): Current window's index is: 0

2022-12-02 15:10:04 - [MESSAGE][PASSED] - Current window's index is: 0

2022-12-02 15:10:04 - [TEST_STEP][PASSED] - delay(3): Delayed 3 second(s)

2022-12-02 15:10:07 - [MESSAGE][PASSED] - Delayed 3 second(s)

2022-12-02 15:10:07 - [TEST_STEP][PASSED] - switchToWindowIndex(currentWindow + 1): Switched to window with index: '1'

2022-12-02 15:10:07 - [MESSAGE][PASSED] - Switched to window with index: '1'

2022-12-02 15:10:07 - [TEST_STEP][PASSED] - navigateToUrl("https://www.mailinator.com/"): Navigate to 'https://www.mailinator.com/' successfully

2022-12-02 15:10:09 - [MESSAGE][PASSED] - Navigate to 'https://www.mailinator.com/' successfully

2022-12-02 15:10:09 - [TEST_STEP][PASSED] - delay(3): Delayed 3 second(s)

2022-12-02 15:10:12 - [MESSAGE][PASSED] - Delayed 3 second(s)

2022-12-02 15:10:12 - [TEST_STEP][PASSED] - setText(findTestObject("00-Signup and Activation/zMailinator/input_LOGIN_search"), "testuser02@mailinator.com"): Text 'testuser02@mailinator.com' is set on object 'Object Repository/00-Signup and Activation/zMailinator/input_LOGIN_search'

2022-12-02 15:10:13 - [MESSAGE][PASSED] - Text 'testuser02@mailinator.com' is set on object 'Object Repository/00-Signup and Activation/zMailinator/input_LOGIN_search'

2022-12-02 15:10:13 - [TEST_STEP][PASSED] - click(findTestObject("00-Signup and Activation/zMailinator/gobutton"), STOP_ON_FAILURE): Object: 'Object Repository/00-Signup and Activation/zMailinator/gobutton' is clicked on

2022-12-02 15:10:15 - [MESSAGE][PASSED] - Object: 'Object Repository/00-Signup and Activation/zMailinator/gobutton' is clicked on

2022-12-02 15:10:15 - [TEST_STEP][PASSED] - delay(3): Delayed 3 second(s)

2022-12-02 15:10:18 - [MESSAGE][PASSED] - Delayed 3 second(s)

2022-12-02 15:10:18 - [TEST_STEP][PASSED] - click(findTestObject("00-Signup and Activation/zMailinator/Email - everleagues")): Object: 'Object Repository/00-Signup and Activation/zMailinator/Email - everleagues' is clicked on

2022-12-02 15:10:18 - [MESSAGE][PASSED] - Object: 'Object Repository/00-Signup and Activation/zMailinator/Email - everleagues' is clicked on

2022-12-02 15:10:18 - [TEST_STEP][PASSED] - delay(3): Delayed 3 second(s)

2022-12-02 15:10:21 - [MESSAGE][PASSED] - Delayed 3 second(s)

2022-12-02 15:10:21 - [TEST_STEP][PASSED] - code = getText(findTestObject("Object Repository/06-Teams/For 2FA/2FA code")): Text of object 'Object Repository/06-Teams/For 2FA/2FA code' is: '102446'

2022-12-02 15:10:22 - [MESSAGE][PASSED] - Text of object 'Object Repository/06-Teams/For 2FA/2FA code' is: '102446'

2022-12-02 15:10:22 - [TEST_STEP][PASSED] - delay(3): Delayed 3 second(s)

2022-12-02 15:10:25 - [MESSAGE][PASSED] - Delayed 3 second(s)

2022-12-02 15:10:25 - [TEST_STEP][PASSED] - closeWindowTitle("Mailinator"): Window with title: 'Mailinator' is closed

2022-12-02 15:10:25 - [MESSAGE][PASSED] - Window with title: 'Mailinator' is closed

2022-12-02 15:10:25 - [TEST_STEP][PASSED] - delay(3): Delayed 3 second(s)

2022-12-02 15:10:28 - [MESSAGE][PASSED] - Delayed 3 second(s)

2022-12-02 15:10:28 - [TEST_STEP][PASSED] - switchToWindowIndex(0): Switched to window with index: '0'

2022-12-02 15:10:28 - [MESSAGE][PASSED] - Switched to window with index: '0'

2022-12-02 15:10:28 - [TEST_STEP][PASSED] - delay(3): Delayed 3 second(s)

2022-12-02 15:10:31 - [MESSAGE][PASSED] - Delayed 3 second(s)

2022-12-02 15:10:31 - [TEST_STEP][PASSED] - setText(findTestObject("Object Repository/06-Teams/For 2FA/input_Enter verification code_code"), code): Text '102446' is set on object 'Object Repository/06-Teams/For 2FA/input_Enter verification code_code'

2022-12-02 15:10:32 - [MESSAGE][PASSED] - Text '102446' is set on object 'Object Repository/06-Teams/For 2FA/input_Enter verification code_code'

2022-12-02 15:10:32 - [TEST_STEP][PASSED] - delay(3): Delayed 3 second(s)

2022-12-02 15:10:35 - [MESSAGE][PASSED] - Delayed 3 second(s)

2022-12-02 15:10:35 - [TEST_STEP][PASSED] - click(findTestObject("06-Teams/For 2FA/button_Verify_2FA")): Object: 'Object Repository/06-Teams/For 2FA/button_Verify_2FA' is clicked on

2022-12-02 15:10:35 - [MESSAGE][PASSED] - Object: 'Object Repository/06-Teams/For 2FA/button_Verify_2FA' is clicked on

2022-12-02 15:10:35 - [TEST_STEP][PASSED] - delay(5): Delayed 5 second(s)

2022-12-02 15:10:40 - [MESSAGE][PASSED] - Delayed 5 second(s)

2022-12-02 15:10:40 - [TEST_STEP][PASSED] - click(findTestObject("06-Teams/button_doublearrow")): Object: 'Object Repository/06-Teams/button_doublearrow' is clicked on

2022-12-02 15:10:41 - [MESSAGE][PASSED] - Object: 'Object Repository/06-Teams/button_doublearrow' is clicked on

2022-12-02 15:10:41 - [TEST_STEP][PASSED] - click(findTestObject("06-Teams/button_My Organizations")): Object: 'Object Repository/06-Teams/button_My Organizations' is clicked on

2022-12-02 15:10:41 - [MESSAGE][PASSED] - Object: 'Object Repository/06-Teams/button_My Organizations' is clicked on

2022-12-02 15:10:41 - [TEST_STEP][PASSED] - click(findTestObject("06-Teams/button_GG Automation")): Object: 'Object Repository/06-Teams/button_GG Automation' is clicked on

2022-12-02 15:10:42 - [MESSAGE][PASSED] - Object: 'Object Repository/06-Teams/button_GG Automation' is clicked on

2022-12-02 15:10:42 - [TEST_STEP][PASSED] - delay(4): Delayed 4 second(s)

2022-12-02 15:10:46 - [MESSAGE][PASSED] - Delayed 4 second(s)

2022-12-02 15:10:46 - [TEST_STEP][PASSED] - verifyElementVisible(findTestObject("06-Teams/span_GG Automation")): Object 'Object Repository/06-Teams/span_GG Automation' is visible

2022-12-02 15:10:47 - [MESSAGE][PASSED] - Object 'Object Repository/06-Teams/span_GG Automation' is visible

2022-12-02 15:10:47 - [TEST_STEP][PASSED] - delay(5): Delayed 5 second(s)

2022-12-02 15:10:52 - [MESSAGE][PASSED] - Delayed 5 second(s)

2022-12-02 15:10:52 - [TEST_STEP][PASSED] - click(findTestObject("03-Header Menu/Hamburger Button/div_Settings")): Object: 'Object Repository/03-Header Menu/Hamburger Button/div_Settings' is clicked on

2022-12-02 15:10:52 - [MESSAGE][PASSED] - Object: 'Object Repository/03-Header Menu/Hamburger Button/div_Settings' is clicked on

2022-12-02 15:10:52 - [TEST_STEP][PASSED] - verifyElementVisible(findTestObject("09-Settings/Users/div_Organization")): Object 'Object Repository/09-Settings/Users/div_Organization' is visible

2022-12-02 15:10:53 - [MESSAGE][PASSED] - Object 'Object Repository/09-Settings/Users/div_Organization' is visible

2022-12-02 15:10:53 - [TEST_STEP][PASSED] - verifyElementVisible(findTestObject("09-Settings/Users/div_Organization Units")): Object 'Object Repository/09-Settings/Users/div_Organization Units' is visible

2022-12-02 15:10:53 - [MESSAGE][PASSED] - Object 'Object Repository/09-Settings/Users/div_Organization Units' is visible

2022-12-02 15:10:53 - [TEST_STEP][PASSED] - verifyElementVisible(findTestObject("09-Settings/Users/div_Subscriptions")): Object 'Object Repository/09-Settings/Users/div_Subscriptions' is visible

2022-12-02 15:10:53 - [MESSAGE][PASSED] - Object 'Object Repository/09-Settings/Users/div_Subscriptions' is visible

2022-12-02 15:10:53 - [TEST_STEP][PASSED] - verifyElementVisible(findTestObject("09-Settings/Users/div_Users")): Object 'Object Repository/09-Settings/Users/div_Users' is visible

2022-12-02 15:10:54 - [MESSAGE][PASSED] - Object 'Object Repository/09-Settings/Users/div_Users' is visible

2022-12-02 15:10:54 - [TEST_STEP][PASSED] - delay(3): Delayed 3 second(s)

2022-12-02 15:10:57 - [MESSAGE][PASSED] - Delayed 3 second(s)

2022-12-02 15:10:57 - [TEST_STEP][PASSED] - click(findTestObject("09-Settings/Users/div_Users")): Object: 'Object Repository/09-Settings/Users/div_Users' is clicked on

2022-12-02 15:10:57 - [MESSAGE][PASSED] - Object: 'Object Repository/09-Settings/Users/div_Users' is clicked on

2022-12-02 15:10:57 - [TEST_STEP][PASSED] - verifyElementVisible(findTestObject("09-Settings/Users/h4_USERS")): Object 'Object Repository/09-Settings/Users/h4_USERS' is visible

2022-12-02 15:10:59 - [MESSAGE][PASSED] - Object 'Object Repository/09-Settings/Users/h4_USERS' is visible

2022-12-02 15:10:59 - [TEST_STEP][PASSED] - verifyElementVisible(findTestObject("09-Settings/Users/User Page")): Object 'Object Repository/09-Settings/Users/User Page' is visible

2022-12-02 15:10:59 - [MESSAGE][PASSED] - Object 'Object Repository/09-Settings/Users/User Page' is visible

2022-12-02 15:10:59 - [TEST_STEP][PASSED] - delay(3): Delayed 3 second(s)

2022-12-02 15:11:02 - [MESSAGE][PASSED] - Delayed 3 second(s)

2022-12-02 15:11:02 - [TEST_STEP][PASSED] - click(findTestObject("09-Settings/Users/button_add")): Object: 'Object Repository/09-Settings/Users/button_add' is clicked on

2022-12-02 15:11:02 - [MESSAGE][PASSED] - Object: 'Object Repository/09-Settings/Users/button_add' is clicked on

2022-12-02 15:11:02 - [TEST_STEP][PASSED] - verifyElementVisible(findTestObject("09-Settings/Users/User Invitation modal")): Object 'Object Repository/09-Settings/Users/User Invitation modal' is visible

2022-12-02 15:11:03 - [MESSAGE][PASSED] - Object 'Object Repository/09-Settings/Users/User Invitation modal' is visible

2022-12-02 15:11:03 - [TEST_STEP][PASSED] - delay(3): Delayed 3 second(s)

2022-12-02 15:11:06 - [MESSAGE][PASSED] - Delayed 3 second(s)

2022-12-02 15:11:06 - [TEST_STEP][PASSED] - click(findTestObject("09-Settings/Users/add Invite a single user")): Object: 'Object Repository/09-Settings/Users/add Invite a single user' is clicked on

2022-12-02 15:11:07 - [MESSAGE][PASSED] - Object: 'Object Repository/09-Settings/Users/add Invite a single user' is clicked on

2022-12-02 15:11:07 - [TEST_STEP][PASSED] - verifyElementVisible(findTestObject("09-Settings/Users/Invite new user modal")): Object 'Object Repository/09-Settings/Users/Invite new user modal' is visible

2022-12-02 15:11:08 - [MESSAGE][PASSED] - Object 'Object Repository/09-Settings/Users/Invite new user modal' is visible

2022-12-02 15:11:08 - [TEST_STEP][PASSED] - click(findTestObject("09-Settings/Users/input_email")): Object: 'Object Repository/09-Settings/Users/input_email' is clicked on

2022-12-02 15:11:08 - [MESSAGE][PASSED] - Object: 'Object Repository/09-Settings/Users/input_email' is clicked on

2022-12-02 15:11:08 - [TEST_STEP][PASSED] - click(findTestObject("09-Settings/Users/input_firstName")): Object: 'Object Repository/09-Settings/Users/input_firstName' is clicked on

2022-12-02 15:11:09 - [MESSAGE][PASSED] - Object: 'Object Repository/09-Settings/Users/input_firstName' is clicked on

2022-12-02 15:11:09 - [TEST_STEP][PASSED] - click(findTestObject("09-Settings/Users/input_lastName")): Object: 'Object Repository/09-Settings/Users/input_lastName' is clicked on

2022-12-02 15:11:09 - [MESSAGE][PASSED] - Object: 'Object Repository/09-Settings/Users/input_lastName' is clicked on

2022-12-02 15:11:09 - [TEST_STEP][PASSED] - click(findTestObject("09-Settings/Users/span_Role")): Object: 'Object Repository/09-Settings/Users/span_Role' is clicked on

2022-12-02 15:11:10 - [MESSAGE][PASSED] - Object: 'Object Repository/09-Settings/Users/span_Role' is clicked on

2022-12-02 15:11:10 - [TEST_STEP][PASSED] - clickOffset(findTestObject("09-Settings/Users/h4_Invite New User"), 100, 100): Object: 'Object Repository/09-Settings/Users/h4_Invite New User' is clicked on using offset x=100 and y=100

2022-12-02 15:11:10 - [MESSAGE][PASSED] - Object: 'Object Repository/09-Settings/Users/h4_Invite New User' is clicked on using offset x=100 and y=100

2022-12-02 15:11:10 - [TEST_STEP][PASSED] - verifyElementVisible(findTestObject("09-Settings/Users/Email required")): Object 'Object Repository/09-Settings/Users/Email required' is visible

2022-12-02 15:11:11 - [MESSAGE][PASSED] - Object 'Object Repository/09-Settings/Users/Email required' is visible

2022-12-02 15:11:11 - [TEST_STEP][PASSED] - verifyElementVisible(findTestObject("09-Settings/Users/Firstname required")): Object 'Object Repository/09-Settings/Users/Firstname required' is visible

2022-12-02 15:11:12 - [MESSAGE][PASSED] - Object 'Object Repository/09-Settings/Users/Firstname required' is visible

2022-12-02 15:11:12 - [TEST_STEP][PASSED] - verifyElementVisible(findTestObject("09-Settings/Users/last name required")): Object 'Object Repository/09-Settings/Users/last name required' is visible

2022-12-02 15:11:12 - [MESSAGE][PASSED] - Object 'Object Repository/09-Settings/Users/last name required' is visible

2022-12-02 15:11:12 - [TEST_STEP][PASSED] - verifyElementVisible(findTestObject("09-Settings/Users/error_Select a role")): Object 'Object Repository/09-Settings/Users/error_Select a role' is visible

2022-12-02 15:11:12 - [MESSAGE][PASSED] - Object 'Object Repository/09-Settings/Users/error_Select a role' is visible]]></system-out>
         <system-err><![CDATA[]]></system-err>
      </testcase>
      <testcase name="Test Cases/09-Settings/02 - Users (Invite new user as co worker)" time="342.645" classname="Test Cases/09-Settings/02 - Users (Invite new user as co worker)" status="PASSED">
         <system-out><![CDATA[2022-12-02 15:11:12 - [TEST_CASE][PASSED] - Test Cases/09-Settings/02 - Users (Invite new user as co worker): Test Cases/09-Settings/02 - Users (Invite new user as co worker)

2022-12-02 15:11:13 - [TEST_STEP][PASSED] - delay(3): Delayed 3 second(s)

2022-12-02 15:11:16 - [MESSAGE][PASSED] - Delayed 3 second(s)

2022-12-02 15:11:16 - [TEST_STEP][PASSED] - setText(findTestObject("09-Settings/Users/input_email"), "autotester04@mailinator.com"): Text 'autotester04@mailinator.com' is set on object 'Object Repository/09-Settings/Users/input_email'

2022-12-02 15:11:17 - [MESSAGE][PASSED] - Text 'autotester04@mailinator.com' is set on object 'Object Repository/09-Settings/Users/input_email'

2022-12-02 15:11:17 - [TEST_STEP][PASSED] - setText(findTestObject("09-Settings/Users/input_firstName"), "GG"): Text 'GG' is set on object 'Object Repository/09-Settings/Users/input_firstName'

2022-12-02 15:11:18 - [MESSAGE][PASSED] - Text 'GG' is set on object 'Object Repository/09-Settings/Users/input_firstName'

2022-12-02 15:11:18 - [TEST_STEP][PASSED] - setText(findTestObject("09-Settings/Users/input_lastName"), "Auto Contact 2"): Text 'Auto Contact 2' is set on object 'Object Repository/09-Settings/Users/input_lastName'

2022-12-02 15:11:19 - [MESSAGE][PASSED] - Text 'Auto Contact 2' is set on object 'Object Repository/09-Settings/Users/input_lastName'

2022-12-02 15:11:19 - [TEST_STEP][PASSED] - click(findTestObject("09-Settings/Users/span_Role")): Object: 'Object Repository/09-Settings/Users/span_Role' is clicked on

2022-12-02 15:11:19 - [MESSAGE][PASSED] - Object: 'Object Repository/09-Settings/Users/span_Role' is clicked on

2022-12-02 15:11:19 - [TEST_STEP][PASSED] - click(findTestObject("09-Settings/Users/span_CoWorker")): Object: 'Object Repository/09-Settings/Users/span_CoWorker' is clicked on

2022-12-02 15:11:19 - [MESSAGE][PASSED] - Object: 'Object Repository/09-Settings/Users/span_CoWorker' is clicked on

2022-12-02 15:11:19 - [TEST_STEP][PASSED] - click(findTestObject("09-Settings/Users/button_Send Invitation")): Object: 'Object Repository/09-Settings/Users/button_Send Invitation' is clicked on

2022-12-02 15:11:21 - [MESSAGE][PASSED] - Object: 'Object Repository/09-Settings/Users/button_Send Invitation' is clicked on

2022-12-02 15:11:21 - [TEST_STEP][PASSED] - delay(2): Delayed 2 second(s)

2022-12-02 15:11:23 - [MESSAGE][PASSED] - Delayed 2 second(s)

2022-12-02 15:11:23 - [TEST_STEP][PASSED] - verifyElementVisible(findTestObject("07-Directory/Connections/zContact Profile/Successfully invited user")): Object 'Object Repository/07-Directory/Connections/zContact Profile/Successfully invited user' is visible

2022-12-02 15:11:25 - [MESSAGE][PASSED] - Object 'Object Repository/07-Directory/Connections/zContact Profile/Successfully invited user' is visible

2022-12-02 15:11:25 - [TEST_STEP][PASSED] - delay(2): Delayed 2 second(s)

2022-12-02 15:11:27 - [MESSAGE][PASSED] - Delayed 2 second(s)

2022-12-02 15:11:27 - [TEST_STEP][PASSED] - executeJavaScript("window.open();", []): Execute JavaScript 'window.open();' successfully

2022-12-02 15:11:27 - [MESSAGE][PASSED] - Execute JavaScript 'window.open();' successfully

2022-12-02 15:11:27 - [TEST_STEP][PASSED] - currentWindow = getWindowIndex(): Current window's index is: 0

2022-12-02 15:11:27 - [MESSAGE][PASSED] - Current window's index is: 0

2022-12-02 15:11:27 - [TEST_STEP][PASSED] - delay(3): Delayed 3 second(s)

2022-12-02 15:11:30 - [MESSAGE][PASSED] - Delayed 3 second(s)

2022-12-02 15:11:30 - [TEST_STEP][PASSED] - switchToWindowIndex(currentWindow + 1): Switched to window with index: '1'

2022-12-02 15:11:30 - [MESSAGE][PASSED] - Switched to window with index: '1'

2022-12-02 15:11:30 - [TEST_STEP][PASSED] - navigateToUrl("https://www.mailinator.com/"): Navigate to 'https://www.mailinator.com/' successfully

2022-12-02 15:11:32 - [MESSAGE][PASSED] - Navigate to 'https://www.mailinator.com/' successfully

2022-12-02 15:11:32 - [TEST_STEP][PASSED] - delay(3): Delayed 3 second(s)

2022-12-02 15:11:35 - [MESSAGE][PASSED] - Delayed 3 second(s)

2022-12-02 15:11:35 - [TEST_STEP][PASSED] - setText(findTestObject("00-Signup and Activation/zMailinator/input_LOGIN_search"), "autotester04@mailinator.com"): Text 'autotester04@mailinator.com' is set on object 'Object Repository/00-Signup and Activation/zMailinator/input_LOGIN_search'

2022-12-02 15:11:36 - [MESSAGE][PASSED] - Text 'autotester04@mailinator.com' is set on object 'Object Repository/00-Signup and Activation/zMailinator/input_LOGIN_search'

2022-12-02 15:11:36 - [TEST_STEP][PASSED] - click(findTestObject("00-Signup and Activation/zMailinator/gobutton"), STOP_ON_FAILURE): Object: 'Object Repository/00-Signup and Activation/zMailinator/gobutton' is clicked on

2022-12-02 15:11:37 - [MESSAGE][PASSED] - Object: 'Object Repository/00-Signup and Activation/zMailinator/gobutton' is clicked on

2022-12-02 15:11:37 - [TEST_STEP][PASSED] - delay(3): Delayed 3 second(s)

2022-12-02 15:11:40 - [MESSAGE][PASSED] - Delayed 3 second(s)

2022-12-02 15:11:40 - [TEST_STEP][PASSED] - closeWindowTitle("Everleagues"): Window with title: 'Everleagues' is closed

2022-12-02 15:11:40 - [MESSAGE][PASSED] - Window with title: 'Everleagues' is closed

2022-12-02 15:11:40 - [TEST_STEP][PASSED] - switchToWindowIndex(0): Switched to window with index: '0'

2022-12-02 15:11:40 - [MESSAGE][PASSED] - Switched to window with index: '0'

2022-12-02 15:11:40 - [TEST_STEP][PASSED] - click(findTestObject("09-Settings/Users/Co worker/td_Invitation from GG Automation")): Object: 'Object Repository/09-Settings/Users/Co worker/td_Invitation from GG Automation' is clicked on

2022-12-02 15:11:41 - [MESSAGE][PASSED] - Object: 'Object Repository/09-Settings/Users/Co worker/td_Invitation from GG Automation' is clicked on

2022-12-02 15:11:41 - [TEST_STEP][PASSED] - click(findTestObject("09-Settings/Users/Co worker/a_Click here to join GG Automation on EverLeagues")): Object: 'Object Repository/09-Settings/Users/Co worker/a_Click here to join GG Automation on EverLeagues' is clicked on

2022-12-02 15:11:42 - [MESSAGE][PASSED] - Object: 'Object Repository/09-Settings/Users/Co worker/a_Click here to join GG Automation on EverLeagues' is clicked on

2022-12-02 15:11:42 - [TEST_STEP][PASSED] - closeWindowTitle("Mailinator"): Window with title: 'Mailinator' is closed

2022-12-02 15:11:42 - [MESSAGE][PASSED] - Window with title: 'Mailinator' is closed

2022-12-02 15:11:42 - [TEST_STEP][PASSED] - switchToWindowIndex(0): Switched to window with index: '0'

2022-12-02 15:11:42 - [MESSAGE][PASSED] - Switched to window with index: '0'

2022-12-02 15:11:42 - [TEST_STEP][PASSED] - verifyElementVisible(findTestObject("09-Settings/Users/Co worker/Logout before proceed modal")): Object 'Object Repository/09-Settings/Users/Co worker/Logout before proceed modal' is visible

2022-12-02 15:11:48 - [MESSAGE][PASSED] - Object 'Object Repository/09-Settings/Users/Co worker/Logout before proceed modal' is visible

2022-12-02 15:11:48 - [TEST_STEP][PASSED] - click(findTestObject("09-Settings/Users/Co worker/button_Yes")): Object: 'Object Repository/09-Settings/Users/Co worker/button_Yes' is clicked on

2022-12-02 15:11:48 - [MESSAGE][PASSED] - Object: 'Object Repository/09-Settings/Users/Co worker/button_Yes' is clicked on

2022-12-02 15:11:48 - [TEST_STEP][PASSED] - delay(3): Delayed 3 second(s)

2022-12-02 15:11:51 - [MESSAGE][PASSED] - Delayed 3 second(s)

2022-12-02 15:11:51 - [TEST_STEP][PASSED] - setText(findTestObject("09-Settings/Users/Co worker/input_Email_email"), "autotester04@mailinator.com"): Text 'autotester04@mailinator.com' is set on object 'Object Repository/09-Settings/Users/Co worker/input_Email_email'

2022-12-02 15:12:52 - [MESSAGE][PASSED] - Text 'autotester04@mailinator.com' is set on object 'Object Repository/09-Settings/Users/Co worker/input_Email_email'

2022-12-02 15:12:52 - [TEST_STEP][PASSED] - setEncryptedText(findTestObject("09-Settings/Users/Co worker/input__password"), "8yFRyszE6U6jvsCn51OQbg=="): Text ****** has been set on object 'Object Repository/09-Settings/Users/Co worker/input__password'

2022-12-02 15:13:22 - [MESSAGE][PASSED] - Text ****** has been set on object 'Object Repository/09-Settings/Users/Co worker/input__password'

2022-12-02 15:13:22 - [TEST_STEP][PASSED] - click(findTestObject("02-Side Icons(Organization)/Add Contact/button_Sign in")): Object: 'Object Repository/02-Side Icons(Organization)/Add Contact/button_Sign in' is clicked on

2022-12-02 15:13:52 - [MESSAGE][PASSED] - Object: 'Object Repository/02-Side Icons(Organization)/Add Contact/button_Sign in' is clicked on

2022-12-02 15:13:52 - [TEST_STEP][PASSED] - delay(2): Delayed 2 second(s)

2022-12-02 15:13:54 - [MESSAGE][PASSED] - Delayed 2 second(s)

2022-12-02 15:13:54 - [TEST_STEP][PASSED] - click(findTestObject("06-Teams/For 2FA/button_Confirm_2FA")): Object: 'Object Repository/06-Teams/For 2FA/button_Confirm_2FA' is clicked on

2022-12-02 15:14:24 - [MESSAGE][PASSED] - Object: 'Object Repository/06-Teams/For 2FA/button_Confirm_2FA' is clicked on

2022-12-02 15:14:24 - [TEST_STEP][PASSED] - executeJavaScript("window.open();", []): Execute JavaScript 'window.open();' successfully

2022-12-02 15:14:24 - [MESSAGE][PASSED] - Execute JavaScript 'window.open();' successfully

2022-12-02 15:14:24 - [TEST_STEP][PASSED] - currentWindow = getWindowIndex(): Current window's index is: 0

2022-12-02 15:14:24 - [MESSAGE][PASSED] - Current window's index is: 0

2022-12-02 15:14:24 - [TEST_STEP][PASSED] - delay(3): Delayed 3 second(s)

2022-12-02 15:14:27 - [MESSAGE][PASSED] - Delayed 3 second(s)

2022-12-02 15:14:27 - [TEST_STEP][PASSED] - switchToWindowIndex(currentWindow + 1): Switched to window with index: '1'

2022-12-02 15:14:27 - [MESSAGE][PASSED] - Switched to window with index: '1'

2022-12-02 15:14:27 - [TEST_STEP][PASSED] - navigateToUrl("https://www.mailinator.com/"): Navigate to 'https://www.mailinator.com/' successfully

2022-12-02 15:14:29 - [MESSAGE][PASSED] - Navigate to 'https://www.mailinator.com/' successfully

2022-12-02 15:14:29 - [TEST_STEP][PASSED] - delay(3): Delayed 3 second(s)

2022-12-02 15:14:32 - [MESSAGE][PASSED] - Delayed 3 second(s)

2022-12-02 15:14:32 - [TEST_STEP][PASSED] - setText(findTestObject("00-Signup and Activation/zMailinator/input_LOGIN_search"), "autotester04@mailinator.com"): Text 'autotester04@mailinator.com' is set on object 'Object Repository/00-Signup and Activation/zMailinator/input_LOGIN_search'

2022-12-02 15:14:32 - [MESSAGE][PASSED] - Text 'autotester04@mailinator.com' is set on object 'Object Repository/00-Signup and Activation/zMailinator/input_LOGIN_search'

2022-12-02 15:14:32 - [TEST_STEP][PASSED] - click(findTestObject("00-Signup and Activation/zMailinator/gobutton"), STOP_ON_FAILURE): Object: 'Object Repository/00-Signup and Activation/zMailinator/gobutton' is clicked on

2022-12-02 15:14:34 - [MESSAGE][PASSED] - Object: 'Object Repository/00-Signup and Activation/zMailinator/gobutton' is clicked on

2022-12-02 15:14:34 - [TEST_STEP][PASSED] - delay(3): Delayed 3 second(s)

2022-12-02 15:14:37 - [MESSAGE][PASSED] - Delayed 3 second(s)

2022-12-02 15:14:37 - [TEST_STEP][PASSED] - click(findTestObject("00-Signup and Activation/zMailinator/Email - everleagues")): Object: 'Object Repository/00-Signup and Activation/zMailinator/Email - everleagues' is clicked on

2022-12-02 15:14:37 - [MESSAGE][PASSED] - Object: 'Object Repository/00-Signup and Activation/zMailinator/Email - everleagues' is clicked on

2022-12-02 15:14:37 - [TEST_STEP][PASSED] - delay(3): Delayed 3 second(s)

2022-12-02 15:14:40 - [MESSAGE][PASSED] - Delayed 3 second(s)

2022-12-02 15:14:40 - [TEST_STEP][PASSED] - codetwo = getText(findTestObject("Object Repository/06-Teams/For 2FA/2FA code")): Text of object 'Object Repository/06-Teams/For 2FA/2FA code' is: '839731'

2022-12-02 15:14:40 - [MESSAGE][PASSED] - Text of object 'Object Repository/06-Teams/For 2FA/2FA code' is: '839731'

2022-12-02 15:14:40 - [TEST_STEP][PASSED] - delay(3): Delayed 3 second(s)

2022-12-02 15:14:43 - [MESSAGE][PASSED] - Delayed 3 second(s)

2022-12-02 15:14:43 - [TEST_STEP][PASSED] - closeWindowTitle("Mailinator"): Window with title: 'Mailinator' is closed

2022-12-02 15:14:44 - [MESSAGE][PASSED] - Window with title: 'Mailinator' is closed

2022-12-02 15:14:44 - [TEST_STEP][PASSED] - delay(3): Delayed 3 second(s)

2022-12-02 15:14:47 - [MESSAGE][PASSED] - Delayed 3 second(s)

2022-12-02 15:14:47 - [TEST_STEP][PASSED] - switchToWindowIndex(0): Switched to window with index: '0'

2022-12-02 15:14:47 - [MESSAGE][PASSED] - Switched to window with index: '0'

2022-12-02 15:14:47 - [TEST_STEP][PASSED] - delay(3): Delayed 3 second(s)

2022-12-02 15:14:50 - [MESSAGE][PASSED] - Delayed 3 second(s)

2022-12-02 15:14:50 - [TEST_STEP][PASSED] - setText(findTestObject("Object Repository/06-Teams/For 2FA/input_Enter verification code_code"), codetwo): Text '839731' is set on object 'Object Repository/06-Teams/For 2FA/input_Enter verification code_code'

2022-12-02 15:15:50 - [MESSAGE][PASSED] - Text '839731' is set on object 'Object Repository/06-Teams/For 2FA/input_Enter verification code_code'

2022-12-02 15:15:50 - [TEST_STEP][PASSED] - delay(3): Delayed 3 second(s)

2022-12-02 15:15:53 - [MESSAGE][PASSED] - Delayed 3 second(s)

2022-12-02 15:15:53 - [TEST_STEP][PASSED] - click(findTestObject("06-Teams/For 2FA/button_Verify_2FA")): Object: 'Object Repository/06-Teams/For 2FA/button_Verify_2FA' is clicked on

2022-12-02 15:16:23 - [MESSAGE][PASSED] - Object: 'Object Repository/06-Teams/For 2FA/button_Verify_2FA' is clicked on

2022-12-02 15:16:23 - [TEST_STEP][PASSED] - delay(5): Delayed 5 second(s)

2022-12-02 15:16:28 - [MESSAGE][PASSED] - Delayed 5 second(s)

2022-12-02 15:16:28 - [TEST_STEP][PASSED] - executeJavaScript("window.open();", []): Execute JavaScript 'window.open();' successfully

2022-12-02 15:16:28 - [MESSAGE][PASSED] - Execute JavaScript 'window.open();' successfully

2022-12-02 15:16:28 - [TEST_STEP][PASSED] - currentWindow = getWindowIndex(): Current window's index is: 0

2022-12-02 15:16:28 - [MESSAGE][PASSED] - Current window's index is: 0

2022-12-02 15:16:28 - [TEST_STEP][PASSED] - delay(3): Delayed 3 second(s)

2022-12-02 15:16:31 - [MESSAGE][PASSED] - Delayed 3 second(s)

2022-12-02 15:16:31 - [TEST_STEP][PASSED] - switchToWindowIndex(currentWindow + 1): Switched to window with index: '1'

2022-12-02 15:16:31 - [MESSAGE][PASSED] - Switched to window with index: '1'

2022-12-02 15:16:31 - [TEST_STEP][PASSED] - navigateToUrl("https://www.mailinator.com/"): Navigate to 'https://www.mailinator.com/' successfully

2022-12-02 15:16:33 - [MESSAGE][PASSED] - Navigate to 'https://www.mailinator.com/' successfully

2022-12-02 15:16:33 - [TEST_STEP][PASSED] - delay(3): Delayed 3 second(s)

2022-12-02 15:16:36 - [MESSAGE][PASSED] - Delayed 3 second(s)

2022-12-02 15:16:36 - [TEST_STEP][PASSED] - setText(findTestObject("00-Signup and Activation/zMailinator/input_LOGIN_search"), "autotester04@mailinator.com"): Text 'autotester04@mailinator.com' is set on object 'Object Repository/00-Signup and Activation/zMailinator/input_LOGIN_search'

2022-12-02 15:16:37 - [MESSAGE][PASSED] - Text 'autotester04@mailinator.com' is set on object 'Object Repository/00-Signup and Activation/zMailinator/input_LOGIN_search'

2022-12-02 15:16:37 - [TEST_STEP][PASSED] - click(findTestObject("00-Signup and Activation/zMailinator/gobutton"), STOP_ON_FAILURE): Object: 'Object Repository/00-Signup and Activation/zMailinator/gobutton' is clicked on

2022-12-02 15:16:38 - [MESSAGE][PASSED] - Object: 'Object Repository/00-Signup and Activation/zMailinator/gobutton' is clicked on

2022-12-02 15:16:38 - [TEST_STEP][PASSED] - delay(3): Delayed 3 second(s)

2022-12-02 15:16:41 - [MESSAGE][PASSED] - Delayed 3 second(s)

2022-12-02 15:16:41 - [TEST_STEP][PASSED] - closeWindowTitle("Everleagues"): Window with title: 'Everleagues' is closed

2022-12-02 15:16:41 - [MESSAGE][PASSED] - Window with title: 'Everleagues' is closed

2022-12-02 15:16:41 - [TEST_STEP][PASSED] - switchToWindowIndex(0): Switched to window with index: '0'

2022-12-02 15:16:41 - [MESSAGE][PASSED] - Switched to window with index: '0'

2022-12-02 15:16:41 - [TEST_STEP][PASSED] - click(findTestObject("09-Settings/Users/Co worker/td_Invitation from GG Automation")): Object: 'Object Repository/09-Settings/Users/Co worker/td_Invitation from GG Automation' is clicked on

2022-12-02 15:16:41 - [MESSAGE][PASSED] - Object: 'Object Repository/09-Settings/Users/Co worker/td_Invitation from GG Automation' is clicked on

2022-12-02 15:16:41 - [TEST_STEP][PASSED] - click(findTestObject("09-Settings/Users/Co worker/a_Click here to join GG Automation on EverLeagues")): Object: 'Object Repository/09-Settings/Users/Co worker/a_Click here to join GG Automation on EverLeagues' is clicked on

2022-12-02 15:16:42 - [MESSAGE][PASSED] - Object: 'Object Repository/09-Settings/Users/Co worker/a_Click here to join GG Automation on EverLeagues' is clicked on

2022-12-02 15:16:42 - [TEST_STEP][PASSED] - delay(3): Delayed 3 second(s)

2022-12-02 15:16:45 - [MESSAGE][PASSED] - Delayed 3 second(s)

2022-12-02 15:16:45 - [TEST_STEP][PASSED] - closeWindowTitle("Mailinator"): Window with title: 'Mailinator' is closed

2022-12-02 15:16:46 - [MESSAGE][PASSED] - Window with title: 'Mailinator' is closed

2022-12-02 15:16:46 - [TEST_STEP][PASSED] - switchToWindowIndex(0): Switched to window with index: '0'

2022-12-02 15:16:46 - [MESSAGE][PASSED] - Switched to window with index: '0'

2022-12-02 15:16:46 - [TEST_STEP][PASSED] - verifyElementVisible(findTestObject("09-Settings/Users/Co worker/Invite modal")): Object 'Object Repository/09-Settings/Users/Co worker/Invite modal' is visible

2022-12-02 15:16:48 - [MESSAGE][PASSED] - Object 'Object Repository/09-Settings/Users/Co worker/Invite modal' is visible

2022-12-02 15:16:48 - [TEST_STEP][PASSED] - click(findTestObject("09-Settings/Users/Co worker/button_Accept")): Object: 'Object Repository/09-Settings/Users/Co worker/button_Accept' is clicked on

2022-12-02 15:16:48 - [MESSAGE][PASSED] - Object: 'Object Repository/09-Settings/Users/Co worker/button_Accept' is clicked on

2022-12-02 15:16:48 - [TEST_STEP][PASSED] - delay(5): Delayed 5 second(s)

2022-12-02 15:16:53 - [MESSAGE][PASSED] - Delayed 5 second(s)

2022-12-02 15:16:53 - [TEST_STEP][PASSED] - verifyElementVisible(findTestObject("09-Settings/Users/Co worker/div_Joined as CoWorker")): Object 'Object Repository/09-Settings/Users/Co worker/div_Joined as CoWorker' is visible

2022-12-02 15:16:54 - [MESSAGE][PASSED] - Object 'Object Repository/09-Settings/Users/Co worker/div_Joined as CoWorker' is visible

2022-12-02 15:16:54 - [TEST_STEP][PASSED] - closeBrowser(): Browser is closed

2022-12-02 15:16:55 - [MESSAGE][PASSED] - Browser is closed]]></system-out>
         <system-err><![CDATA[]]></system-err>
      </testcase>
      <testcase name="Test Cases/09-Settings/03 - Users (Invite new user as client)" time="184.378" classname="Test Cases/09-Settings/03 - Users (Invite new user as client)" status="PASSED">
         <system-out><![CDATA[2022-12-02 15:16:55 - [TEST_CASE][PASSED] - Test Cases/09-Settings/03 - Users (Invite new user as client): Test Cases/09-Settings/03 - Users (Invite new user as client)

2022-12-02 15:16:55 - [TEST_STEP][PASSED] - openBrowser(""): Browser is opened with url: ''

2022-12-02 15:16:55 - [MESSAGE][INFO] - Starting 'Chrome' driver

2022-12-02 15:16:55 - [MESSAGE][INFO] - Action delay is set to 0 milliseconds

2022-12-02 15:16:57 - [MESSAGE][PASSED] - Browser is opened with url: ''

2022-12-02 15:16:57 - [TEST_STEP][PASSED] - navigateToUrl("https://lab.everleagues.com/"): Navigate to 'https://lab.everleagues.com/' successfully

2022-12-02 15:17:09 - [MESSAGE][PASSED] - Navigate to 'https://lab.everleagues.com/' successfully

2022-12-02 15:17:09 - [TEST_STEP][PASSED] - maximizeWindow(): Current window maximized

2022-12-02 15:17:09 - [MESSAGE][PASSED] - Current window maximized

2022-12-02 15:17:09 - [TEST_STEP][PASSED] - setText(findTestObject("02-Side Icons(Organization)/Add Contact/Email Field"), "testuser02@mailinator.com"): Text 'testuser02@mailinator.com' is set on object 'Object Repository/02-Side Icons(Organization)/Add Contact/Email Field'

2022-12-02 15:17:10 - [MESSAGE][PASSED] - Text 'testuser02@mailinator.com' is set on object 'Object Repository/02-Side Icons(Organization)/Add Contact/Email Field'

2022-12-02 15:17:10 - [TEST_STEP][PASSED] - setEncryptedText(findTestObject("02-Side Icons(Organization)/Add Contact/Password Field"), "8yFRyszE6U6jvsCn51OQbg=="): Text ****** has been set on object 'Object Repository/02-Side Icons(Organization)/Add Contact/Password Field'

2022-12-02 15:17:10 - [MESSAGE][PASSED] - Text ****** has been set on object 'Object Repository/02-Side Icons(Organization)/Add Contact/Password Field'

2022-12-02 15:17:10 - [TEST_STEP][PASSED] - click(findTestObject("02-Side Icons(Organization)/Add Contact/button_Sign in")): Object: 'Object Repository/02-Side Icons(Organization)/Add Contact/button_Sign in' is clicked on

2022-12-02 15:17:11 - [MESSAGE][PASSED] - Object: 'Object Repository/02-Side Icons(Organization)/Add Contact/button_Sign in' is clicked on

2022-12-02 15:17:11 - [TEST_STEP][PASSED] - delay(2): Delayed 2 second(s)

2022-12-02 15:17:13 - [MESSAGE][PASSED] - Delayed 2 second(s)

2022-12-02 15:17:13 - [TEST_STEP][PASSED] - click(findTestObject("06-Teams/For 2FA/button_Confirm_2FA")): Object: 'Object Repository/06-Teams/For 2FA/button_Confirm_2FA' is clicked on

2022-12-02 15:17:13 - [MESSAGE][PASSED] - Object: 'Object Repository/06-Teams/For 2FA/button_Confirm_2FA' is clicked on

2022-12-02 15:17:13 - [TEST_STEP][PASSED] - executeJavaScript("window.open();", []): Execute JavaScript 'window.open();' successfully

2022-12-02 15:17:13 - [MESSAGE][PASSED] - Execute JavaScript 'window.open();' successfully

2022-12-02 15:17:13 - [TEST_STEP][PASSED] - currentWindow = getWindowIndex(): Current window's index is: 0

2022-12-02 15:17:13 - [MESSAGE][PASSED] - Current window's index is: 0

2022-12-02 15:17:13 - [TEST_STEP][PASSED] - delay(3): Delayed 3 second(s)

2022-12-02 15:17:16 - [MESSAGE][PASSED] - Delayed 3 second(s)

2022-12-02 15:17:16 - [TEST_STEP][PASSED] - switchToWindowIndex(currentWindow + 1): Switched to window with index: '1'

2022-12-02 15:17:16 - [MESSAGE][PASSED] - Switched to window with index: '1'

2022-12-02 15:17:16 - [TEST_STEP][PASSED] - navigateToUrl("https://www.mailinator.com/"): Navigate to 'https://www.mailinator.com/' successfully

2022-12-02 15:17:18 - [MESSAGE][PASSED] - Navigate to 'https://www.mailinator.com/' successfully

2022-12-02 15:17:18 - [TEST_STEP][PASSED] - delay(3): Delayed 3 second(s)

2022-12-02 15:17:21 - [MESSAGE][PASSED] - Delayed 3 second(s)

2022-12-02 15:17:21 - [TEST_STEP][PASSED] - setText(findTestObject("00-Signup and Activation/zMailinator/input_LOGIN_search"), "testuser02@mailinator.com"): Text 'testuser02@mailinator.com' is set on object 'Object Repository/00-Signup and Activation/zMailinator/input_LOGIN_search'

2022-12-02 15:17:22 - [MESSAGE][PASSED] - Text 'testuser02@mailinator.com' is set on object 'Object Repository/00-Signup and Activation/zMailinator/input_LOGIN_search'

2022-12-02 15:17:22 - [TEST_STEP][PASSED] - click(findTestObject("00-Signup and Activation/zMailinator/gobutton"), STOP_ON_FAILURE): Object: 'Object Repository/00-Signup and Activation/zMailinator/gobutton' is clicked on

2022-12-02 15:17:24 - [MESSAGE][PASSED] - Object: 'Object Repository/00-Signup and Activation/zMailinator/gobutton' is clicked on

2022-12-02 15:17:24 - [TEST_STEP][PASSED] - delay(3): Delayed 3 second(s)

2022-12-02 15:17:27 - [MESSAGE][PASSED] - Delayed 3 second(s)

2022-12-02 15:17:27 - [TEST_STEP][PASSED] - click(findTestObject("00-Signup and Activation/zMailinator/Email - everleagues")): Object: 'Object Repository/00-Signup and Activation/zMailinator/Email - everleagues' is clicked on

2022-12-02 15:17:27 - [MESSAGE][PASSED] - Object: 'Object Repository/00-Signup and Activation/zMailinator/Email - everleagues' is clicked on

2022-12-02 15:17:27 - [TEST_STEP][PASSED] - delay(3): Delayed 3 second(s)

2022-12-02 15:17:30 - [MESSAGE][PASSED] - Delayed 3 second(s)

2022-12-02 15:17:30 - [TEST_STEP][PASSED] - code = getText(findTestObject("Object Repository/06-Teams/For 2FA/2FA code")): Text of object 'Object Repository/06-Teams/For 2FA/2FA code' is: '830970'

2022-12-02 15:17:31 - [MESSAGE][PASSED] - Text of object 'Object Repository/06-Teams/For 2FA/2FA code' is: '830970'

2022-12-02 15:17:31 - [TEST_STEP][PASSED] - delay(3): Delayed 3 second(s)

2022-12-02 15:17:34 - [MESSAGE][PASSED] - Delayed 3 second(s)

2022-12-02 15:17:34 - [TEST_STEP][PASSED] - closeWindowTitle("Mailinator"): Window with title: 'Mailinator' is closed

2022-12-02 15:17:34 - [MESSAGE][PASSED] - Window with title: 'Mailinator' is closed

2022-12-02 15:17:34 - [TEST_STEP][PASSED] - delay(3): Delayed 3 second(s)

2022-12-02 15:17:37 - [MESSAGE][PASSED] - Delayed 3 second(s)

2022-12-02 15:17:37 - [TEST_STEP][PASSED] - switchToWindowIndex(0): Switched to window with index: '0'

2022-12-02 15:17:37 - [MESSAGE][PASSED] - Switched to window with index: '0'

2022-12-02 15:17:37 - [TEST_STEP][PASSED] - delay(3): Delayed 3 second(s)

2022-12-02 15:17:40 - [MESSAGE][PASSED] - Delayed 3 second(s)

2022-12-02 15:17:40 - [TEST_STEP][PASSED] - setText(findTestObject("Object Repository/06-Teams/For 2FA/input_Enter verification code_code"), code): Text '830970' is set on object 'Object Repository/06-Teams/For 2FA/input_Enter verification code_code'

2022-12-02 15:17:41 - [MESSAGE][PASSED] - Text '830970' is set on object 'Object Repository/06-Teams/For 2FA/input_Enter verification code_code'

2022-12-02 15:17:41 - [TEST_STEP][PASSED] - delay(3): Delayed 3 second(s)

2022-12-02 15:17:44 - [MESSAGE][PASSED] - Delayed 3 second(s)

2022-12-02 15:17:44 - [TEST_STEP][PASSED] - click(findTestObject("06-Teams/For 2FA/button_Verify_2FA")): Object: 'Object Repository/06-Teams/For 2FA/button_Verify_2FA' is clicked on

2022-12-02 15:17:45 - [MESSAGE][PASSED] - Object: 'Object Repository/06-Teams/For 2FA/button_Verify_2FA' is clicked on

2022-12-02 15:17:45 - [TEST_STEP][PASSED] - delay(5): Delayed 5 second(s)

2022-12-02 15:17:50 - [MESSAGE][PASSED] - Delayed 5 second(s)

2022-12-02 15:17:50 - [TEST_STEP][PASSED] - click(findTestObject("06-Teams/button_doublearrow")): Object: 'Object Repository/06-Teams/button_doublearrow' is clicked on

2022-12-02 15:17:51 - [MESSAGE][PASSED] - Object: 'Object Repository/06-Teams/button_doublearrow' is clicked on

2022-12-02 15:17:51 - [TEST_STEP][PASSED] - click(findTestObject("06-Teams/button_My Organizations")): Object: 'Object Repository/06-Teams/button_My Organizations' is clicked on

2022-12-02 15:17:51 - [MESSAGE][PASSED] - Object: 'Object Repository/06-Teams/button_My Organizations' is clicked on

2022-12-02 15:17:51 - [TEST_STEP][PASSED] - click(findTestObject("06-Teams/button_GG Automation")): Object: 'Object Repository/06-Teams/button_GG Automation' is clicked on

2022-12-02 15:17:52 - [MESSAGE][PASSED] - Object: 'Object Repository/06-Teams/button_GG Automation' is clicked on

2022-12-02 15:17:52 - [TEST_STEP][PASSED] - delay(4): Delayed 4 second(s)

2022-12-02 15:17:56 - [MESSAGE][PASSED] - Delayed 4 second(s)

2022-12-02 15:17:56 - [TEST_STEP][PASSED] - verifyElementVisible(findTestObject("06-Teams/span_GG Automation")): Object 'Object Repository/06-Teams/span_GG Automation' is visible

2022-12-02 15:17:57 - [MESSAGE][PASSED] - Object 'Object Repository/06-Teams/span_GG Automation' is visible

2022-12-02 15:17:57 - [TEST_STEP][PASSED] - delay(5): Delayed 5 second(s)

2022-12-02 15:18:02 - [MESSAGE][PASSED] - Delayed 5 second(s)

2022-12-02 15:18:02 - [TEST_STEP][PASSED] - click(findTestObject("03-Header Menu/Hamburger Button/div_Settings")): Object: 'Object Repository/03-Header Menu/Hamburger Button/div_Settings' is clicked on

2022-12-02 15:18:02 - [MESSAGE][PASSED] - Object: 'Object Repository/03-Header Menu/Hamburger Button/div_Settings' is clicked on

2022-12-02 15:18:02 - [TEST_STEP][PASSED] - delay(3): Delayed 3 second(s)

2022-12-02 15:18:05 - [MESSAGE][PASSED] - Delayed 3 second(s)

2022-12-02 15:18:05 - [TEST_STEP][PASSED] - click(findTestObject("09-Settings/Users/div_Users")): Object: 'Object Repository/09-Settings/Users/div_Users' is clicked on

2022-12-02 15:18:06 - [MESSAGE][PASSED] - Object: 'Object Repository/09-Settings/Users/div_Users' is clicked on

2022-12-02 15:18:06 - [TEST_STEP][PASSED] - delay(3): Delayed 3 second(s)

2022-12-02 15:18:09 - [MESSAGE][PASSED] - Delayed 3 second(s)

2022-12-02 15:18:09 - [TEST_STEP][PASSED] - click(findTestObject("09-Settings/Users/button_add")): Object: 'Object Repository/09-Settings/Users/button_add' is clicked on

2022-12-02 15:18:09 - [MESSAGE][PASSED] - Object: 'Object Repository/09-Settings/Users/button_add' is clicked on

2022-12-02 15:18:09 - [TEST_STEP][PASSED] - delay(3): Delayed 3 second(s)

2022-12-02 15:18:12 - [MESSAGE][PASSED] - Delayed 3 second(s)

2022-12-02 15:18:12 - [TEST_STEP][PASSED] - click(findTestObject("09-Settings/Users/add Invite a single user")): Object: 'Object Repository/09-Settings/Users/add Invite a single user' is clicked on

2022-12-02 15:18:13 - [MESSAGE][PASSED] - Object: 'Object Repository/09-Settings/Users/add Invite a single user' is clicked on

2022-12-02 15:18:13 - [TEST_STEP][PASSED] - delay(3): Delayed 3 second(s)

2022-12-02 15:18:16 - [MESSAGE][PASSED] - Delayed 3 second(s)

2022-12-02 15:18:16 - [TEST_STEP][PASSED] - setText(findTestObject("09-Settings/Users/input_email"), "autotester09@mailinator.com"): Text 'autotester09@mailinator.com' is set on object 'Object Repository/09-Settings/Users/input_email'

2022-12-02 15:18:17 - [MESSAGE][PASSED] - Text 'autotester09@mailinator.com' is set on object 'Object Repository/09-Settings/Users/input_email'

2022-12-02 15:18:17 - [TEST_STEP][PASSED] - setText(findTestObject("09-Settings/Users/input_firstName"), "GG"): Text 'GG' is set on object 'Object Repository/09-Settings/Users/input_firstName'

2022-12-02 15:18:18 - [MESSAGE][PASSED] - Text 'GG' is set on object 'Object Repository/09-Settings/Users/input_firstName'

2022-12-02 15:18:18 - [TEST_STEP][PASSED] - setText(findTestObject("09-Settings/Users/input_lastName"), "Client"): Text 'Client' is set on object 'Object Repository/09-Settings/Users/input_lastName'

2022-12-02 15:18:19 - [MESSAGE][PASSED] - Text 'Client' is set on object 'Object Repository/09-Settings/Users/input_lastName'

2022-12-02 15:18:19 - [TEST_STEP][PASSED] - click(findTestObject("09-Settings/Users/span_Role")): Object: 'Object Repository/09-Settings/Users/span_Role' is clicked on

2022-12-02 15:18:19 - [MESSAGE][PASSED] - Object: 'Object Repository/09-Settings/Users/span_Role' is clicked on

2022-12-02 15:18:19 - [TEST_STEP][PASSED] - click(findTestObject("09-Settings/Users/span_Client")): Object: 'Object Repository/09-Settings/Users/span_Client' is clicked on

2022-12-02 15:18:20 - [MESSAGE][PASSED] - Object: 'Object Repository/09-Settings/Users/span_Client' is clicked on

2022-12-02 15:18:20 - [TEST_STEP][PASSED] - click(findTestObject("09-Settings/Users/button_Send Invitation")): Object: 'Object Repository/09-Settings/Users/button_Send Invitation' is clicked on

2022-12-02 15:18:21 - [MESSAGE][PASSED] - Object: 'Object Repository/09-Settings/Users/button_Send Invitation' is clicked on

2022-12-02 15:18:21 - [TEST_STEP][PASSED] - delay(2): Delayed 2 second(s)

2022-12-02 15:18:23 - [MESSAGE][PASSED] - Delayed 2 second(s)

2022-12-02 15:18:23 - [TEST_STEP][PASSED] - verifyElementVisible(findTestObject("07-Directory/Connections/zContact Profile/Successfully invited user")): Object 'Object Repository/07-Directory/Connections/zContact Profile/Successfully invited user' is visible

2022-12-02 15:18:24 - [MESSAGE][PASSED] - Object 'Object Repository/07-Directory/Connections/zContact Profile/Successfully invited user' is visible

2022-12-02 15:18:24 - [TEST_STEP][PASSED] - delay(2): Delayed 2 second(s)

2022-12-02 15:18:27 - [MESSAGE][PASSED] - Delayed 2 second(s)

2022-12-02 15:18:27 - [TEST_STEP][PASSED] - click(findTestObject("01-Login and Forgot Password/User menu drop")): Object: 'Object Repository/01-Login and Forgot Password/User menu drop' is clicked on

2022-12-02 15:18:27 - [MESSAGE][PASSED] - Object: 'Object Repository/01-Login and Forgot Password/User menu drop' is clicked on

2022-12-02 15:18:27 - [TEST_STEP][PASSED] - delay(2): Delayed 2 second(s)

2022-12-02 15:18:29 - [MESSAGE][PASSED] - Delayed 2 second(s)

2022-12-02 15:18:29 - [TEST_STEP][PASSED] - click(findTestObject("01-Login and Forgot Password/h4_Sign Out"), STOP_ON_FAILURE): Object: 'Object Repository/01-Login and Forgot Password/h4_Sign Out' is clicked on

2022-12-02 15:18:30 - [MESSAGE][PASSED] - Object: 'Object Repository/01-Login and Forgot Password/h4_Sign Out' is clicked on

2022-12-02 15:18:30 - [TEST_STEP][PASSED] - delay(2): Delayed 2 second(s)

2022-12-02 15:18:32 - [MESSAGE][PASSED] - Delayed 2 second(s)

2022-12-02 15:18:32 - [TEST_STEP][PASSED] - verifyElementPresent(findTestObject("01-Login and Forgot Password/Login_Card"), 0): Object 'Object Repository/01-Login and Forgot Password/Login_Card' is present

2022-12-02 15:18:32 - [MESSAGE][WARNING] - Timeout '0' is invalid. Using default page load timeout: '30'

2022-12-02 15:18:32 - [MESSAGE][PASSED] - Object 'Object Repository/01-Login and Forgot Password/Login_Card' is present

2022-12-02 15:18:32 - [TEST_STEP][PASSED] - delay(3): Delayed 3 second(s)

2022-12-02 15:18:35 - [MESSAGE][PASSED] - Delayed 3 second(s)

2022-12-02 15:18:35 - [TEST_STEP][PASSED] - closeBrowser(): Browser is closed

2022-12-02 15:18:36 - [MESSAGE][PASSED] - Browser is closed

2022-12-02 15:18:36 - [TEST_STEP][PASSED] - openBrowser(""): Browser is opened with url: ''

2022-12-02 15:18:36 - [MESSAGE][INFO] - Starting 'Chrome' driver

2022-12-02 15:18:36 - [MESSAGE][INFO] - Action delay is set to 0 milliseconds

2022-12-02 15:18:37 - [MESSAGE][PASSED] - Browser is opened with url: ''

2022-12-02 15:18:37 - [TEST_STEP][PASSED] - navigateToUrl("https://lab.everleagues.com/"): Navigate to 'https://lab.everleagues.com/' successfully

2022-12-02 15:18:48 - [MESSAGE][PASSED] - Navigate to 'https://lab.everleagues.com/' successfully

2022-12-02 15:18:48 - [TEST_STEP][PASSED] - maximizeWindow(): Current window maximized

2022-12-02 15:18:48 - [MESSAGE][PASSED] - Current window maximized

2022-12-02 15:18:48 - [TEST_STEP][PASSED] - setText(findTestObject("02-Side Icons(Organization)/Add Contact/Email Field"), "autotester09@mailinator.com"): Text 'autotester09@mailinator.com' is set on object 'Object Repository/02-Side Icons(Organization)/Add Contact/Email Field'

2022-12-02 15:18:49 - [MESSAGE][PASSED] - Text 'autotester09@mailinator.com' is set on object 'Object Repository/02-Side Icons(Organization)/Add Contact/Email Field'

2022-12-02 15:18:49 - [TEST_STEP][PASSED] - setEncryptedText(findTestObject("02-Side Icons(Organization)/Add Contact/Password Field"), "8yFRyszE6U6jvsCn51OQbg=="): Text ****** has been set on object 'Object Repository/02-Side Icons(Organization)/Add Contact/Password Field'

2022-12-02 15:18:49 - [MESSAGE][PASSED] - Text ****** has been set on object 'Object Repository/02-Side Icons(Organization)/Add Contact/Password Field'

2022-12-02 15:18:49 - [TEST_STEP][PASSED] - click(findTestObject("02-Side Icons(Organization)/Add Contact/button_Sign in")): Object: 'Object Repository/02-Side Icons(Organization)/Add Contact/button_Sign in' is clicked on

2022-12-02 15:18:50 - [MESSAGE][PASSED] - Object: 'Object Repository/02-Side Icons(Organization)/Add Contact/button_Sign in' is clicked on

2022-12-02 15:18:50 - [TEST_STEP][PASSED] - delay(2): Delayed 2 second(s)

2022-12-02 15:18:52 - [MESSAGE][PASSED] - Delayed 2 second(s)

2022-12-02 15:18:52 - [TEST_STEP][PASSED] - click(findTestObject("06-Teams/For 2FA/button_Confirm_2FA")): Object: 'Object Repository/06-Teams/For 2FA/button_Confirm_2FA' is clicked on

2022-12-02 15:18:52 - [MESSAGE][PASSED] - Object: 'Object Repository/06-Teams/For 2FA/button_Confirm_2FA' is clicked on

2022-12-02 15:18:52 - [TEST_STEP][PASSED] - executeJavaScript("window.open();", []): Execute JavaScript 'window.open();' successfully

2022-12-02 15:18:52 - [MESSAGE][PASSED] - Execute JavaScript 'window.open();' successfully

2022-12-02 15:18:52 - [TEST_STEP][PASSED] - currentWindow = getWindowIndex(): Current window's index is: 0

2022-12-02 15:18:52 - [MESSAGE][PASSED] - Current window's index is: 0

2022-12-02 15:18:52 - [TEST_STEP][PASSED] - delay(3): Delayed 3 second(s)

2022-12-02 15:18:55 - [MESSAGE][PASSED] - Delayed 3 second(s)

2022-12-02 15:18:55 - [TEST_STEP][PASSED] - switchToWindowIndex(currentWindow + 1): Switched to window with index: '1'

2022-12-02 15:18:55 - [MESSAGE][PASSED] - Switched to window with index: '1'

2022-12-02 15:18:55 - [TEST_STEP][PASSED] - navigateToUrl("https://www.mailinator.com/"): Navigate to 'https://www.mailinator.com/' successfully

2022-12-02 15:18:57 - [MESSAGE][PASSED] - Navigate to 'https://www.mailinator.com/' successfully

2022-12-02 15:18:57 - [TEST_STEP][PASSED] - delay(3): Delayed 3 second(s)

2022-12-02 15:19:00 - [MESSAGE][PASSED] - Delayed 3 second(s)

2022-12-02 15:19:00 - [TEST_STEP][PASSED] - setText(findTestObject("00-Signup and Activation/zMailinator/input_LOGIN_search"), "autotester09@mailinator.com"): Text 'autotester09@mailinator.com' is set on object 'Object Repository/00-Signup and Activation/zMailinator/input_LOGIN_search'

2022-12-02 15:19:01 - [MESSAGE][PASSED] - Text 'autotester09@mailinator.com' is set on object 'Object Repository/00-Signup and Activation/zMailinator/input_LOGIN_search'

2022-12-02 15:19:01 - [TEST_STEP][PASSED] - click(findTestObject("00-Signup and Activation/zMailinator/gobutton"), STOP_ON_FAILURE): Object: 'Object Repository/00-Signup and Activation/zMailinator/gobutton' is clicked on

2022-12-02 15:19:03 - [MESSAGE][PASSED] - Object: 'Object Repository/00-Signup and Activation/zMailinator/gobutton' is clicked on

2022-12-02 15:19:03 - [TEST_STEP][PASSED] - delay(3): Delayed 3 second(s)

2022-12-02 15:19:06 - [MESSAGE][PASSED] - Delayed 3 second(s)

2022-12-02 15:19:06 - [TEST_STEP][PASSED] - click(findTestObject("00-Signup and Activation/zMailinator/Email - everleagues")): Object: 'Object Repository/00-Signup and Activation/zMailinator/Email - everleagues' is clicked on

2022-12-02 15:19:07 - [MESSAGE][PASSED] - Object: 'Object Repository/00-Signup and Activation/zMailinator/Email - everleagues' is clicked on

2022-12-02 15:19:07 - [TEST_STEP][PASSED] - delay(3): Delayed 3 second(s)

2022-12-02 15:19:10 - [MESSAGE][PASSED] - Delayed 3 second(s)

2022-12-02 15:19:10 - [TEST_STEP][PASSED] - codetwo = getText(findTestObject("Object Repository/06-Teams/For 2FA/2FA code")): Text of object 'Object Repository/06-Teams/For 2FA/2FA code' is: '551923'

2022-12-02 15:19:10 - [MESSAGE][PASSED] - Text of object 'Object Repository/06-Teams/For 2FA/2FA code' is: '551923'

2022-12-02 15:19:10 - [TEST_STEP][PASSED] - delay(3): Delayed 3 second(s)

2022-12-02 15:19:13 - [MESSAGE][PASSED] - Delayed 3 second(s)

2022-12-02 15:19:13 - [TEST_STEP][PASSED] - closeWindowTitle("Mailinator"): Window with title: 'Mailinator' is closed

2022-12-02 15:19:13 - [MESSAGE][PASSED] - Window with title: 'Mailinator' is closed

2022-12-02 15:19:13 - [TEST_STEP][PASSED] - delay(3): Delayed 3 second(s)

2022-12-02 15:19:16 - [MESSAGE][PASSED] - Delayed 3 second(s)

2022-12-02 15:19:16 - [TEST_STEP][PASSED] - switchToWindowIndex(0): Switched to window with index: '0'

2022-12-02 15:19:16 - [MESSAGE][PASSED] - Switched to window with index: '0'

2022-12-02 15:19:16 - [TEST_STEP][PASSED] - delay(3): Delayed 3 second(s)

2022-12-02 15:19:19 - [MESSAGE][PASSED] - Delayed 3 second(s)

2022-12-02 15:19:19 - [TEST_STEP][PASSED] - setText(findTestObject("Object Repository/06-Teams/For 2FA/input_Enter verification code_code"), codetwo): Text '551923' is set on object 'Object Repository/06-Teams/For 2FA/input_Enter verification code_code'

2022-12-02 15:19:20 - [MESSAGE][PASSED] - Text '551923' is set on object 'Object Repository/06-Teams/For 2FA/input_Enter verification code_code'

2022-12-02 15:19:20 - [TEST_STEP][PASSED] - delay(3): Delayed 3 second(s)

2022-12-02 15:19:23 - [MESSAGE][PASSED] - Delayed 3 second(s)

2022-12-02 15:19:23 - [TEST_STEP][PASSED] - click(findTestObject("06-Teams/For 2FA/button_Verify_2FA")): Object: 'Object Repository/06-Teams/For 2FA/button_Verify_2FA' is clicked on

2022-12-02 15:19:24 - [MESSAGE][PASSED] - Object: 'Object Repository/06-Teams/For 2FA/button_Verify_2FA' is clicked on

2022-12-02 15:19:24 - [TEST_STEP][PASSED] - delay(5): Delayed 5 second(s)

2022-12-02 15:19:29 - [MESSAGE][PASSED] - Delayed 5 second(s)

2022-12-02 15:19:29 - [TEST_STEP][PASSED] - executeJavaScript("window.open();", []): Execute JavaScript 'window.open();' successfully

2022-12-02 15:19:29 - [MESSAGE][PASSED] - Execute JavaScript 'window.open();' successfully

2022-12-02 15:19:29 - [TEST_STEP][PASSED] - currentWindow = getWindowIndex(): Current window's index is: 0

2022-12-02 15:19:29 - [MESSAGE][PASSED] - Current window's index is: 0

2022-12-02 15:19:29 - [TEST_STEP][PASSED] - delay(3): Delayed 3 second(s)

2022-12-02 15:19:32 - [MESSAGE][PASSED] - Delayed 3 second(s)

2022-12-02 15:19:32 - [TEST_STEP][PASSED] - switchToWindowIndex(currentWindow + 1): Switched to window with index: '1'

2022-12-02 15:19:32 - [MESSAGE][PASSED] - Switched to window with index: '1'

2022-12-02 15:19:32 - [TEST_STEP][PASSED] - navigateToUrl("https://www.mailinator.com/"): Navigate to 'https://www.mailinator.com/' successfully

2022-12-02 15:19:33 - [MESSAGE][PASSED] - Navigate to 'https://www.mailinator.com/' successfully

2022-12-02 15:19:33 - [TEST_STEP][PASSED] - delay(3): Delayed 3 second(s)

2022-12-02 15:19:36 - [MESSAGE][PASSED] - Delayed 3 second(s)

2022-12-02 15:19:36 - [TEST_STEP][PASSED] - setText(findTestObject("00-Signup and Activation/zMailinator/input_LOGIN_search"), "autotester09@mailinator.com"): Text 'autotester09@mailinator.com' is set on object 'Object Repository/00-Signup and Activation/zMailinator/input_LOGIN_search'

2022-12-02 15:19:37 - [MESSAGE][PASSED] - Text 'autotester09@mailinator.com' is set on object 'Object Repository/00-Signup and Activation/zMailinator/input_LOGIN_search'

2022-12-02 15:19:37 - [TEST_STEP][PASSED] - click(findTestObject("00-Signup and Activation/zMailinator/gobutton"), STOP_ON_FAILURE): Object: 'Object Repository/00-Signup and Activation/zMailinator/gobutton' is clicked on

2022-12-02 15:19:38 - [MESSAGE][PASSED] - Object: 'Object Repository/00-Signup and Activation/zMailinator/gobutton' is clicked on

2022-12-02 15:19:38 - [TEST_STEP][PASSED] - delay(3): Delayed 3 second(s)

2022-12-02 15:19:41 - [MESSAGE][PASSED] - Delayed 3 second(s)

2022-12-02 15:19:41 - [TEST_STEP][PASSED] - closeWindowTitle("Everleagues"): Window with title: 'Everleagues' is closed

2022-12-02 15:19:41 - [MESSAGE][PASSED] - Window with title: 'Everleagues' is closed

2022-12-02 15:19:41 - [TEST_STEP][PASSED] - switchToWindowIndex(0): Switched to window with index: '0'

2022-12-02 15:19:41 - [MESSAGE][PASSED] - Switched to window with index: '0'

2022-12-02 15:19:41 - [TEST_STEP][PASSED] - click(findTestObject("09-Settings/Users/Co worker/td_Invitation from GG Automation")): Object: 'Object Repository/09-Settings/Users/Co worker/td_Invitation from GG Automation' is clicked on

2022-12-02 15:19:42 - [MESSAGE][PASSED] - Object: 'Object Repository/09-Settings/Users/Co worker/td_Invitation from GG Automation' is clicked on

2022-12-02 15:19:42 - [TEST_STEP][PASSED] - click(findTestObject("09-Settings/Users/Co worker/a_Click here to join GG Automation on EverLeagues")): Object: 'Object Repository/09-Settings/Users/Co worker/a_Click here to join GG Automation on EverLeagues' is clicked on

2022-12-02 15:19:42 - [MESSAGE][PASSED] - Object: 'Object Repository/09-Settings/Users/Co worker/a_Click here to join GG Automation on EverLeagues' is clicked on

2022-12-02 15:19:42 - [TEST_STEP][PASSED] - closeWindowTitle("Mailinator"): Window with title: 'Mailinator' is closed

2022-12-02 15:19:43 - [MESSAGE][PASSED] - Window with title: 'Mailinator' is closed

2022-12-02 15:19:43 - [TEST_STEP][PASSED] - switchToWindowIndex(0): Switched to window with index: '0'

2022-12-02 15:19:43 - [MESSAGE][PASSED] - Switched to window with index: '0'

2022-12-02 15:19:43 - [TEST_STEP][PASSED] - verifyElementVisible(findTestObject("09-Settings/Users/Client/Invite modal")): Object 'Object Repository/09-Settings/Users/Client/Invite modal' is visible

2022-12-02 15:19:48 - [MESSAGE][PASSED] - Object 'Object Repository/09-Settings/Users/Client/Invite modal' is visible

2022-12-02 15:19:48 - [TEST_STEP][PASSED] - setText(findTestObject("09-Settings/Users/Client/Company field"), "QA Company"): Text 'QA Company' is set on object 'Object Repository/09-Settings/Users/Client/Company field'

2022-12-02 15:19:49 - [MESSAGE][PASSED] - Text 'QA Company' is set on object 'Object Repository/09-Settings/Users/Client/Company field'

2022-12-02 15:19:49 - [TEST_STEP][PASSED] - click(findTestObject("09-Settings/Users/Client/button_Accept")): Object: 'Object Repository/09-Settings/Users/Client/button_Accept' is clicked on

2022-12-02 15:19:49 - [MESSAGE][PASSED] - Object: 'Object Repository/09-Settings/Users/Client/button_Accept' is clicked on

2022-12-02 15:19:49 - [TEST_STEP][PASSED] - delay(5): Delayed 5 second(s)

2022-12-02 15:19:54 - [MESSAGE][PASSED] - Delayed 5 second(s)

2022-12-02 15:19:54 - [TEST_STEP][PASSED] - verifyElementVisible(findTestObject("09-Settings/Users/Client/div_Joined as CLIENT")): Object 'Object Repository/09-Settings/Users/Client/div_Joined as CLIENT' is visible

2022-12-02 15:19:56 - [MESSAGE][PASSED] - Object 'Object Repository/09-Settings/Users/Client/div_Joined as CLIENT' is visible

2022-12-02 15:19:56 - [TEST_STEP][PASSED] - delay(3): Delayed 3 second(s)

2022-12-02 15:19:59 - [MESSAGE][PASSED] - Delayed 3 second(s)

2022-12-02 15:19:59 - [TEST_STEP][PASSED] - closeBrowser(): Browser is closed

2022-12-02 15:19:59 - [MESSAGE][PASSED] - Browser is closed]]></system-out>
         <system-err><![CDATA[]]></system-err>
      </testcase>
      <testcase name="Test Cases/09-Settings/04 - Users (Invite new user as partner)" time="183.364" classname="Test Cases/09-Settings/04 - Users (Invite new user as partner)" status="PASSED">
         <system-out><![CDATA[2022-12-02 15:19:59 - [TEST_CASE][PASSED] - Test Cases/09-Settings/04 - Users (Invite new user as partner): Test Cases/09-Settings/04 - Users (Invite new user as partner)

2022-12-02 15:20:00 - [TEST_STEP][PASSED] - openBrowser(""): Browser is opened with url: ''

2022-12-02 15:20:00 - [MESSAGE][INFO] - Starting 'Chrome' driver

2022-12-02 15:20:00 - [MESSAGE][INFO] - Action delay is set to 0 milliseconds

2022-12-02 15:20:01 - [MESSAGE][PASSED] - Browser is opened with url: ''

2022-12-02 15:20:01 - [TEST_STEP][PASSED] - navigateToUrl("https://lab.everleagues.com/"): Navigate to 'https://lab.everleagues.com/' successfully

2022-12-02 15:20:12 - [MESSAGE][PASSED] - Navigate to 'https://lab.everleagues.com/' successfully

2022-12-02 15:20:12 - [TEST_STEP][PASSED] - maximizeWindow(): Current window maximized

2022-12-02 15:20:12 - [MESSAGE][PASSED] - Current window maximized

2022-12-02 15:20:12 - [TEST_STEP][PASSED] - setText(findTestObject("02-Side Icons(Organization)/Add Contact/Email Field"), "testuser02@mailinator.com"): Text 'testuser02@mailinator.com' is set on object 'Object Repository/02-Side Icons(Organization)/Add Contact/Email Field'

2022-12-02 15:20:13 - [MESSAGE][PASSED] - Text 'testuser02@mailinator.com' is set on object 'Object Repository/02-Side Icons(Organization)/Add Contact/Email Field'

2022-12-02 15:20:13 - [TEST_STEP][PASSED] - setEncryptedText(findTestObject("02-Side Icons(Organization)/Add Contact/Password Field"), "8yFRyszE6U6jvsCn51OQbg=="): Text ****** has been set on object 'Object Repository/02-Side Icons(Organization)/Add Contact/Password Field'

2022-12-02 15:20:14 - [MESSAGE][PASSED] - Text ****** has been set on object 'Object Repository/02-Side Icons(Organization)/Add Contact/Password Field'

2022-12-02 15:20:14 - [TEST_STEP][PASSED] - click(findTestObject("02-Side Icons(Organization)/Add Contact/button_Sign in")): Object: 'Object Repository/02-Side Icons(Organization)/Add Contact/button_Sign in' is clicked on

2022-12-02 15:20:14 - [MESSAGE][PASSED] - Object: 'Object Repository/02-Side Icons(Organization)/Add Contact/button_Sign in' is clicked on

2022-12-02 15:20:14 - [TEST_STEP][PASSED] - delay(2): Delayed 2 second(s)

2022-12-02 15:20:16 - [MESSAGE][PASSED] - Delayed 2 second(s)

2022-12-02 15:20:16 - [TEST_STEP][PASSED] - click(findTestObject("06-Teams/For 2FA/button_Confirm_2FA")): Object: 'Object Repository/06-Teams/For 2FA/button_Confirm_2FA' is clicked on

2022-12-02 15:20:17 - [MESSAGE][PASSED] - Object: 'Object Repository/06-Teams/For 2FA/button_Confirm_2FA' is clicked on

2022-12-02 15:20:17 - [TEST_STEP][PASSED] - executeJavaScript("window.open();", []): Execute JavaScript 'window.open();' successfully

2022-12-02 15:20:17 - [MESSAGE][PASSED] - Execute JavaScript 'window.open();' successfully

2022-12-02 15:20:17 - [TEST_STEP][PASSED] - currentWindow = getWindowIndex(): Current window's index is: 0

2022-12-02 15:20:17 - [MESSAGE][PASSED] - Current window's index is: 0

2022-12-02 15:20:17 - [TEST_STEP][PASSED] - delay(3): Delayed 3 second(s)

2022-12-02 15:20:20 - [MESSAGE][PASSED] - Delayed 3 second(s)

2022-12-02 15:20:20 - [TEST_STEP][PASSED] - switchToWindowIndex(currentWindow + 1): Switched to window with index: '1'

2022-12-02 15:20:20 - [MESSAGE][PASSED] - Switched to window with index: '1'

2022-12-02 15:20:20 - [TEST_STEP][PASSED] - navigateToUrl("https://www.mailinator.com/"): Navigate to 'https://www.mailinator.com/' successfully

2022-12-02 15:20:22 - [MESSAGE][PASSED] - Navigate to 'https://www.mailinator.com/' successfully

2022-12-02 15:20:22 - [TEST_STEP][PASSED] - delay(3): Delayed 3 second(s)

2022-12-02 15:20:25 - [MESSAGE][PASSED] - Delayed 3 second(s)

2022-12-02 15:20:25 - [TEST_STEP][PASSED] - setText(findTestObject("00-Signup and Activation/zMailinator/input_LOGIN_search"), "testuser02@mailinator.com"): Text 'testuser02@mailinator.com' is set on object 'Object Repository/00-Signup and Activation/zMailinator/input_LOGIN_search'

2022-12-02 15:20:25 - [MESSAGE][PASSED] - Text 'testuser02@mailinator.com' is set on object 'Object Repository/00-Signup and Activation/zMailinator/input_LOGIN_search'

2022-12-02 15:20:25 - [TEST_STEP][PASSED] - click(findTestObject("00-Signup and Activation/zMailinator/gobutton"), STOP_ON_FAILURE): Object: 'Object Repository/00-Signup and Activation/zMailinator/gobutton' is clicked on

2022-12-02 15:20:28 - [MESSAGE][PASSED] - Object: 'Object Repository/00-Signup and Activation/zMailinator/gobutton' is clicked on

2022-12-02 15:20:28 - [TEST_STEP][PASSED] - delay(3): Delayed 3 second(s)

2022-12-02 15:20:31 - [MESSAGE][PASSED] - Delayed 3 second(s)

2022-12-02 15:20:31 - [TEST_STEP][PASSED] - click(findTestObject("00-Signup and Activation/zMailinator/Email - everleagues")): Object: 'Object Repository/00-Signup and Activation/zMailinator/Email - everleagues' is clicked on

2022-12-02 15:20:31 - [MESSAGE][PASSED] - Object: 'Object Repository/00-Signup and Activation/zMailinator/Email - everleagues' is clicked on

2022-12-02 15:20:31 - [TEST_STEP][PASSED] - delay(3): Delayed 3 second(s)

2022-12-02 15:20:34 - [MESSAGE][PASSED] - Delayed 3 second(s)

2022-12-02 15:20:34 - [TEST_STEP][PASSED] - code = getText(findTestObject("Object Repository/06-Teams/For 2FA/2FA code")): Text of object 'Object Repository/06-Teams/For 2FA/2FA code' is: '757365'

2022-12-02 15:20:35 - [MESSAGE][PASSED] - Text of object 'Object Repository/06-Teams/For 2FA/2FA code' is: '757365'

2022-12-02 15:20:35 - [TEST_STEP][PASSED] - delay(3): Delayed 3 second(s)

2022-12-02 15:20:38 - [MESSAGE][PASSED] - Delayed 3 second(s)

2022-12-02 15:20:38 - [TEST_STEP][PASSED] - closeWindowTitle("Mailinator"): Window with title: 'Mailinator' is closed

2022-12-02 15:20:38 - [MESSAGE][PASSED] - Window with title: 'Mailinator' is closed

2022-12-02 15:20:38 - [TEST_STEP][PASSED] - delay(3): Delayed 3 second(s)

2022-12-02 15:20:41 - [MESSAGE][PASSED] - Delayed 3 second(s)

2022-12-02 15:20:41 - [TEST_STEP][PASSED] - switchToWindowIndex(0): Switched to window with index: '0'

2022-12-02 15:20:41 - [MESSAGE][PASSED] - Switched to window with index: '0'

2022-12-02 15:20:41 - [TEST_STEP][PASSED] - delay(3): Delayed 3 second(s)

2022-12-02 15:20:44 - [MESSAGE][PASSED] - Delayed 3 second(s)

2022-12-02 15:20:44 - [TEST_STEP][PASSED] - setText(findTestObject("Object Repository/06-Teams/For 2FA/input_Enter verification code_code"), code): Text '757365' is set on object 'Object Repository/06-Teams/For 2FA/input_Enter verification code_code'

2022-12-02 15:20:45 - [MESSAGE][PASSED] - Text '757365' is set on object 'Object Repository/06-Teams/For 2FA/input_Enter verification code_code'

2022-12-02 15:20:45 - [TEST_STEP][PASSED] - delay(3): Delayed 3 second(s)

2022-12-02 15:20:48 - [MESSAGE][PASSED] - Delayed 3 second(s)

2022-12-02 15:20:48 - [TEST_STEP][PASSED] - click(findTestObject("06-Teams/For 2FA/button_Verify_2FA")): Object: 'Object Repository/06-Teams/For 2FA/button_Verify_2FA' is clicked on

2022-12-02 15:20:49 - [MESSAGE][PASSED] - Object: 'Object Repository/06-Teams/For 2FA/button_Verify_2FA' is clicked on

2022-12-02 15:20:49 - [TEST_STEP][PASSED] - delay(5): Delayed 5 second(s)

2022-12-02 15:20:54 - [MESSAGE][PASSED] - Delayed 5 second(s)

2022-12-02 15:20:54 - [TEST_STEP][PASSED] - click(findTestObject("06-Teams/button_doublearrow")): Object: 'Object Repository/06-Teams/button_doublearrow' is clicked on

2022-12-02 15:20:54 - [MESSAGE][PASSED] - Object: 'Object Repository/06-Teams/button_doublearrow' is clicked on

2022-12-02 15:20:54 - [TEST_STEP][PASSED] - click(findTestObject("06-Teams/button_My Organizations")): Object: 'Object Repository/06-Teams/button_My Organizations' is clicked on

2022-12-02 15:20:55 - [MESSAGE][PASSED] - Object: 'Object Repository/06-Teams/button_My Organizations' is clicked on

2022-12-02 15:20:55 - [TEST_STEP][PASSED] - click(findTestObject("06-Teams/button_GG Automation")): Object: 'Object Repository/06-Teams/button_GG Automation' is clicked on

2022-12-02 15:20:56 - [MESSAGE][PASSED] - Object: 'Object Repository/06-Teams/button_GG Automation' is clicked on

2022-12-02 15:20:56 - [TEST_STEP][PASSED] - delay(4): Delayed 4 second(s)

2022-12-02 15:21:00 - [MESSAGE][PASSED] - Delayed 4 second(s)

2022-12-02 15:21:00 - [TEST_STEP][PASSED] - verifyElementVisible(findTestObject("06-Teams/span_GG Automation")): Object 'Object Repository/06-Teams/span_GG Automation' is visible

2022-12-02 15:21:00 - [MESSAGE][PASSED] - Object 'Object Repository/06-Teams/span_GG Automation' is visible

2022-12-02 15:21:00 - [TEST_STEP][PASSED] - delay(5): Delayed 5 second(s)

2022-12-02 15:21:05 - [MESSAGE][PASSED] - Delayed 5 second(s)

2022-12-02 15:21:05 - [TEST_STEP][PASSED] - click(findTestObject("03-Header Menu/Hamburger Button/div_Settings")): Object: 'Object Repository/03-Header Menu/Hamburger Button/div_Settings' is clicked on

2022-12-02 15:21:06 - [MESSAGE][PASSED] - Object: 'Object Repository/03-Header Menu/Hamburger Button/div_Settings' is clicked on

2022-12-02 15:21:06 - [TEST_STEP][PASSED] - delay(3): Delayed 3 second(s)

2022-12-02 15:21:09 - [MESSAGE][PASSED] - Delayed 3 second(s)

2022-12-02 15:21:09 - [TEST_STEP][PASSED] - click(findTestObject("09-Settings/Users/div_Users")): Object: 'Object Repository/09-Settings/Users/div_Users' is clicked on

2022-12-02 15:21:09 - [MESSAGE][PASSED] - Object: 'Object Repository/09-Settings/Users/div_Users' is clicked on

2022-12-02 15:21:09 - [TEST_STEP][PASSED] - delay(3): Delayed 3 second(s)

2022-12-02 15:21:12 - [MESSAGE][PASSED] - Delayed 3 second(s)

2022-12-02 15:21:12 - [TEST_STEP][PASSED] - click(findTestObject("09-Settings/Users/button_add")): Object: 'Object Repository/09-Settings/Users/button_add' is clicked on

2022-12-02 15:21:13 - [MESSAGE][PASSED] - Object: 'Object Repository/09-Settings/Users/button_add' is clicked on

2022-12-02 15:21:13 - [TEST_STEP][PASSED] - delay(3): Delayed 3 second(s)

2022-12-02 15:21:16 - [MESSAGE][PASSED] - Delayed 3 second(s)

2022-12-02 15:21:16 - [TEST_STEP][PASSED] - click(findTestObject("09-Settings/Users/add Invite a single user")): Object: 'Object Repository/09-Settings/Users/add Invite a single user' is clicked on

2022-12-02 15:21:16 - [MESSAGE][PASSED] - Object: 'Object Repository/09-Settings/Users/add Invite a single user' is clicked on

2022-12-02 15:21:16 - [TEST_STEP][PASSED] - delay(3): Delayed 3 second(s)

2022-12-02 15:21:19 - [MESSAGE][PASSED] - Delayed 3 second(s)

2022-12-02 15:21:19 - [TEST_STEP][PASSED] - setText(findTestObject("09-Settings/Users/input_email"), "autotester10@mailinator.com"): Text 'autotester10@mailinator.com' is set on object 'Object Repository/09-Settings/Users/input_email'

2022-12-02 15:21:21 - [MESSAGE][PASSED] - Text 'autotester10@mailinator.com' is set on object 'Object Repository/09-Settings/Users/input_email'

2022-12-02 15:21:21 - [TEST_STEP][PASSED] - setText(findTestObject("09-Settings/Users/input_firstName"), "GG"): Text 'GG' is set on object 'Object Repository/09-Settings/Users/input_firstName'

2022-12-02 15:21:21 - [MESSAGE][PASSED] - Text 'GG' is set on object 'Object Repository/09-Settings/Users/input_firstName'

2022-12-02 15:21:21 - [TEST_STEP][PASSED] - setText(findTestObject("09-Settings/Users/input_lastName"), "Partner"): Text 'Partner' is set on object 'Object Repository/09-Settings/Users/input_lastName'

2022-12-02 15:21:22 - [MESSAGE][PASSED] - Text 'Partner' is set on object 'Object Repository/09-Settings/Users/input_lastName'

2022-12-02 15:21:22 - [TEST_STEP][PASSED] - click(findTestObject("09-Settings/Users/span_Role")): Object: 'Object Repository/09-Settings/Users/span_Role' is clicked on

2022-12-02 15:21:23 - [MESSAGE][PASSED] - Object: 'Object Repository/09-Settings/Users/span_Role' is clicked on

2022-12-02 15:21:23 - [TEST_STEP][PASSED] - click(findTestObject("09-Settings/Users/span_Partner")): Object: 'Object Repository/09-Settings/Users/span_Partner' is clicked on

2022-12-02 15:21:23 - [MESSAGE][PASSED] - Object: 'Object Repository/09-Settings/Users/span_Partner' is clicked on

2022-12-02 15:21:23 - [TEST_STEP][PASSED] - click(findTestObject("09-Settings/Users/button_Send Invitation")): Object: 'Object Repository/09-Settings/Users/button_Send Invitation' is clicked on

2022-12-02 15:21:24 - [MESSAGE][PASSED] - Object: 'Object Repository/09-Settings/Users/button_Send Invitation' is clicked on

2022-12-02 15:21:24 - [TEST_STEP][PASSED] - delay(2): Delayed 2 second(s)

2022-12-02 15:21:26 - [MESSAGE][PASSED] - Delayed 2 second(s)

2022-12-02 15:21:26 - [TEST_STEP][PASSED] - verifyElementVisible(findTestObject("07-Directory/Connections/zContact Profile/Successfully invited user")): Object 'Object Repository/07-Directory/Connections/zContact Profile/Successfully invited user' is visible

2022-12-02 15:21:27 - [MESSAGE][PASSED] - Object 'Object Repository/07-Directory/Connections/zContact Profile/Successfully invited user' is visible

2022-12-02 15:21:27 - [TEST_STEP][PASSED] - delay(2): Delayed 2 second(s)

2022-12-02 15:21:29 - [MESSAGE][PASSED] - Delayed 2 second(s)

2022-12-02 15:21:29 - [TEST_STEP][PASSED] - click(findTestObject("01-Login and Forgot Password/User menu drop")): Object: 'Object Repository/01-Login and Forgot Password/User menu drop' is clicked on

2022-12-02 15:21:29 - [MESSAGE][PASSED] - Object: 'Object Repository/01-Login and Forgot Password/User menu drop' is clicked on

2022-12-02 15:21:29 - [TEST_STEP][PASSED] - delay(2): Delayed 2 second(s)

2022-12-02 15:21:31 - [MESSAGE][PASSED] - Delayed 2 second(s)

2022-12-02 15:21:31 - [TEST_STEP][PASSED] - click(findTestObject("01-Login and Forgot Password/h4_Sign Out"), STOP_ON_FAILURE): Object: 'Object Repository/01-Login and Forgot Password/h4_Sign Out' is clicked on

2022-12-02 15:21:31 - [MESSAGE][PASSED] - Object: 'Object Repository/01-Login and Forgot Password/h4_Sign Out' is clicked on

2022-12-02 15:21:31 - [TEST_STEP][PASSED] - delay(2): Delayed 2 second(s)

2022-12-02 15:21:33 - [MESSAGE][PASSED] - Delayed 2 second(s)

2022-12-02 15:21:33 - [TEST_STEP][PASSED] - verifyElementPresent(findTestObject("01-Login and Forgot Password/Login_Card"), 0): Object 'Object Repository/01-Login and Forgot Password/Login_Card' is present

2022-12-02 15:21:33 - [MESSAGE][WARNING] - Timeout '0' is invalid. Using default page load timeout: '30'

2022-12-02 15:21:34 - [MESSAGE][PASSED] - Object 'Object Repository/01-Login and Forgot Password/Login_Card' is present

2022-12-02 15:21:34 - [TEST_STEP][PASSED] - delay(3): Delayed 3 second(s)

2022-12-02 15:21:37 - [MESSAGE][PASSED] - Delayed 3 second(s)

2022-12-02 15:21:37 - [TEST_STEP][PASSED] - closeBrowser(): Browser is closed

2022-12-02 15:21:37 - [MESSAGE][PASSED] - Browser is closed

2022-12-02 15:21:37 - [TEST_STEP][PASSED] - openBrowser(""): Browser is opened with url: ''

2022-12-02 15:21:37 - [MESSAGE][INFO] - Starting 'Chrome' driver

2022-12-02 15:21:37 - [MESSAGE][INFO] - Action delay is set to 0 milliseconds

2022-12-02 15:21:39 - [MESSAGE][PASSED] - Browser is opened with url: ''

2022-12-02 15:21:39 - [TEST_STEP][PASSED] - navigateToUrl("https://lab.everleagues.com/"): Navigate to 'https://lab.everleagues.com/' successfully

2022-12-02 15:21:51 - [MESSAGE][PASSED] - Navigate to 'https://lab.everleagues.com/' successfully

2022-12-02 15:21:51 - [TEST_STEP][PASSED] - maximizeWindow(): Current window maximized

2022-12-02 15:21:51 - [MESSAGE][PASSED] - Current window maximized

2022-12-02 15:21:51 - [TEST_STEP][PASSED] - setText(findTestObject("02-Side Icons(Organization)/Add Contact/Email Field"), "autotester10@mailinator.com"): Text 'autotester10@mailinator.com' is set on object 'Object Repository/02-Side Icons(Organization)/Add Contact/Email Field'

2022-12-02 15:21:52 - [MESSAGE][PASSED] - Text 'autotester10@mailinator.com' is set on object 'Object Repository/02-Side Icons(Organization)/Add Contact/Email Field'

2022-12-02 15:21:52 - [TEST_STEP][PASSED] - setEncryptedText(findTestObject("02-Side Icons(Organization)/Add Contact/Password Field"), "8yFRyszE6U6jvsCn51OQbg=="): Text ****** has been set on object 'Object Repository/02-Side Icons(Organization)/Add Contact/Password Field'

2022-12-02 15:21:52 - [MESSAGE][PASSED] - Text ****** has been set on object 'Object Repository/02-Side Icons(Organization)/Add Contact/Password Field'

2022-12-02 15:21:52 - [TEST_STEP][PASSED] - click(findTestObject("02-Side Icons(Organization)/Add Contact/button_Sign in")): Object: 'Object Repository/02-Side Icons(Organization)/Add Contact/button_Sign in' is clicked on

2022-12-02 15:21:53 - [MESSAGE][PASSED] - Object: 'Object Repository/02-Side Icons(Organization)/Add Contact/button_Sign in' is clicked on

2022-12-02 15:21:53 - [TEST_STEP][PASSED] - delay(2): Delayed 2 second(s)

2022-12-02 15:21:55 - [MESSAGE][PASSED] - Delayed 2 second(s)

2022-12-02 15:21:55 - [TEST_STEP][PASSED] - click(findTestObject("06-Teams/For 2FA/button_Confirm_2FA")): Object: 'Object Repository/06-Teams/For 2FA/button_Confirm_2FA' is clicked on

2022-12-02 15:21:56 - [MESSAGE][PASSED] - Object: 'Object Repository/06-Teams/For 2FA/button_Confirm_2FA' is clicked on

2022-12-02 15:21:56 - [TEST_STEP][PASSED] - executeJavaScript("window.open();", []): Execute JavaScript 'window.open();' successfully

2022-12-02 15:21:56 - [MESSAGE][PASSED] - Execute JavaScript 'window.open();' successfully

2022-12-02 15:21:56 - [TEST_STEP][PASSED] - currentWindow = getWindowIndex(): Current window's index is: 0

2022-12-02 15:21:56 - [MESSAGE][PASSED] - Current window's index is: 0

2022-12-02 15:21:56 - [TEST_STEP][PASSED] - delay(3): Delayed 3 second(s)

2022-12-02 15:21:59 - [MESSAGE][PASSED] - Delayed 3 second(s)

2022-12-02 15:21:59 - [TEST_STEP][PASSED] - switchToWindowIndex(currentWindow + 1): Switched to window with index: '1'

2022-12-02 15:21:59 - [MESSAGE][PASSED] - Switched to window with index: '1'

2022-12-02 15:21:59 - [TEST_STEP][PASSED] - navigateToUrl("https://www.mailinator.com/"): Navigate to 'https://www.mailinator.com/' successfully

2022-12-02 15:22:01 - [MESSAGE][PASSED] - Navigate to 'https://www.mailinator.com/' successfully

2022-12-02 15:22:01 - [TEST_STEP][PASSED] - delay(3): Delayed 3 second(s)

2022-12-02 15:22:04 - [MESSAGE][PASSED] - Delayed 3 second(s)

2022-12-02 15:22:04 - [TEST_STEP][PASSED] - setText(findTestObject("00-Signup and Activation/zMailinator/input_LOGIN_search"), "autotester10@mailinator.com"): Text 'autotester10@mailinator.com' is set on object 'Object Repository/00-Signup and Activation/zMailinator/input_LOGIN_search'

2022-12-02 15:22:05 - [MESSAGE][PASSED] - Text 'autotester10@mailinator.com' is set on object 'Object Repository/00-Signup and Activation/zMailinator/input_LOGIN_search'

2022-12-02 15:22:05 - [TEST_STEP][PASSED] - click(findTestObject("00-Signup and Activation/zMailinator/gobutton"), STOP_ON_FAILURE): Object: 'Object Repository/00-Signup and Activation/zMailinator/gobutton' is clicked on

2022-12-02 15:22:07 - [MESSAGE][PASSED] - Object: 'Object Repository/00-Signup and Activation/zMailinator/gobutton' is clicked on

2022-12-02 15:22:07 - [TEST_STEP][PASSED] - delay(3): Delayed 3 second(s)

2022-12-02 15:22:10 - [MESSAGE][PASSED] - Delayed 3 second(s)

2022-12-02 15:22:10 - [TEST_STEP][PASSED] - click(findTestObject("00-Signup and Activation/zMailinator/Email - everleagues")): Object: 'Object Repository/00-Signup and Activation/zMailinator/Email - everleagues' is clicked on

2022-12-02 15:22:10 - [MESSAGE][PASSED] - Object: 'Object Repository/00-Signup and Activation/zMailinator/Email - everleagues' is clicked on

2022-12-02 15:22:10 - [TEST_STEP][PASSED] - delay(3): Delayed 3 second(s)

2022-12-02 15:22:13 - [MESSAGE][PASSED] - Delayed 3 second(s)

2022-12-02 15:22:13 - [TEST_STEP][PASSED] - codetwo = getText(findTestObject("Object Repository/06-Teams/For 2FA/2FA code")): Text of object 'Object Repository/06-Teams/For 2FA/2FA code' is: '256214'

2022-12-02 15:22:14 - [MESSAGE][PASSED] - Text of object 'Object Repository/06-Teams/For 2FA/2FA code' is: '256214'

2022-12-02 15:22:14 - [TEST_STEP][PASSED] - delay(3): Delayed 3 second(s)

2022-12-02 15:22:17 - [MESSAGE][PASSED] - Delayed 3 second(s)

2022-12-02 15:22:17 - [TEST_STEP][PASSED] - closeWindowTitle("Mailinator"): Window with title: 'Mailinator' is closed

2022-12-02 15:22:17 - [MESSAGE][PASSED] - Window with title: 'Mailinator' is closed

2022-12-02 15:22:17 - [TEST_STEP][PASSED] - delay(3): Delayed 3 second(s)

2022-12-02 15:22:20 - [MESSAGE][PASSED] - Delayed 3 second(s)

2022-12-02 15:22:20 - [TEST_STEP][PASSED] - switchToWindowIndex(0): Switched to window with index: '0'

2022-12-02 15:22:20 - [MESSAGE][PASSED] - Switched to window with index: '0'

2022-12-02 15:22:20 - [TEST_STEP][PASSED] - delay(3): Delayed 3 second(s)

2022-12-02 15:22:23 - [MESSAGE][PASSED] - Delayed 3 second(s)

2022-12-02 15:22:23 - [TEST_STEP][PASSED] - setText(findTestObject("Object Repository/06-Teams/For 2FA/input_Enter verification code_code"), codetwo): Text '256214' is set on object 'Object Repository/06-Teams/For 2FA/input_Enter verification code_code'

2022-12-02 15:22:24 - [MESSAGE][PASSED] - Text '256214' is set on object 'Object Repository/06-Teams/For 2FA/input_Enter verification code_code'

2022-12-02 15:22:24 - [TEST_STEP][PASSED] - delay(3): Delayed 3 second(s)

2022-12-02 15:22:27 - [MESSAGE][PASSED] - Delayed 3 second(s)

2022-12-02 15:22:27 - [TEST_STEP][PASSED] - click(findTestObject("06-Teams/For 2FA/button_Verify_2FA")): Object: 'Object Repository/06-Teams/For 2FA/button_Verify_2FA' is clicked on

2022-12-02 15:22:27 - [MESSAGE][PASSED] - Object: 'Object Repository/06-Teams/For 2FA/button_Verify_2FA' is clicked on

2022-12-02 15:22:27 - [TEST_STEP][PASSED] - delay(5): Delayed 5 second(s)

2022-12-02 15:22:32 - [MESSAGE][PASSED] - Delayed 5 second(s)

2022-12-02 15:22:32 - [TEST_STEP][PASSED] - executeJavaScript("window.open();", []): Execute JavaScript 'window.open();' successfully

2022-12-02 15:22:32 - [MESSAGE][PASSED] - Execute JavaScript 'window.open();' successfully

2022-12-02 15:22:32 - [TEST_STEP][PASSED] - currentWindow = getWindowIndex(): Current window's index is: 0

2022-12-02 15:22:32 - [MESSAGE][PASSED] - Current window's index is: 0

2022-12-02 15:22:32 - [TEST_STEP][PASSED] - delay(3): Delayed 3 second(s)

2022-12-02 15:22:35 - [MESSAGE][PASSED] - Delayed 3 second(s)

2022-12-02 15:22:35 - [TEST_STEP][PASSED] - switchToWindowIndex(currentWindow + 1): Switched to window with index: '1'

2022-12-02 15:22:35 - [MESSAGE][PASSED] - Switched to window with index: '1'

2022-12-02 15:22:35 - [TEST_STEP][PASSED] - navigateToUrl("https://www.mailinator.com/"): Navigate to 'https://www.mailinator.com/' successfully

2022-12-02 15:22:37 - [MESSAGE][PASSED] - Navigate to 'https://www.mailinator.com/' successfully

2022-12-02 15:22:37 - [TEST_STEP][PASSED] - delay(3): Delayed 3 second(s)

2022-12-02 15:22:40 - [MESSAGE][PASSED] - Delayed 3 second(s)

2022-12-02 15:22:40 - [TEST_STEP][PASSED] - setText(findTestObject("00-Signup and Activation/zMailinator/input_LOGIN_search"), "autotester10@mailinator.com"): Text 'autotester10@mailinator.com' is set on object 'Object Repository/00-Signup and Activation/zMailinator/input_LOGIN_search'

2022-12-02 15:22:41 - [MESSAGE][PASSED] - Text 'autotester10@mailinator.com' is set on object 'Object Repository/00-Signup and Activation/zMailinator/input_LOGIN_search'

2022-12-02 15:22:41 - [TEST_STEP][PASSED] - click(findTestObject("00-Signup and Activation/zMailinator/gobutton"), STOP_ON_FAILURE): Object: 'Object Repository/00-Signup and Activation/zMailinator/gobutton' is clicked on

2022-12-02 15:22:42 - [MESSAGE][PASSED] - Object: 'Object Repository/00-Signup and Activation/zMailinator/gobutton' is clicked on

2022-12-02 15:22:42 - [TEST_STEP][PASSED] - delay(3): Delayed 3 second(s)

2022-12-02 15:22:45 - [MESSAGE][PASSED] - Delayed 3 second(s)

2022-12-02 15:22:45 - [TEST_STEP][PASSED] - closeWindowTitle("Everleagues"): Window with title: 'Everleagues' is closed

2022-12-02 15:22:45 - [MESSAGE][PASSED] - Window with title: 'Everleagues' is closed

2022-12-02 15:22:45 - [TEST_STEP][PASSED] - switchToWindowIndex(0): Switched to window with index: '0'

2022-12-02 15:22:45 - [MESSAGE][PASSED] - Switched to window with index: '0'

2022-12-02 15:22:45 - [TEST_STEP][PASSED] - click(findTestObject("09-Settings/Users/Co worker/td_Invitation from GG Automation")): Object: 'Object Repository/09-Settings/Users/Co worker/td_Invitation from GG Automation' is clicked on

2022-12-02 15:22:45 - [MESSAGE][PASSED] - Object: 'Object Repository/09-Settings/Users/Co worker/td_Invitation from GG Automation' is clicked on

2022-12-02 15:22:45 - [TEST_STEP][PASSED] - click(findTestObject("09-Settings/Users/Co worker/a_Click here to join GG Automation on EverLeagues")): Object: 'Object Repository/09-Settings/Users/Co worker/a_Click here to join GG Automation on EverLeagues' is clicked on

2022-12-02 15:22:46 - [MESSAGE][PASSED] - Object: 'Object Repository/09-Settings/Users/Co worker/a_Click here to join GG Automation on EverLeagues' is clicked on

2022-12-02 15:22:46 - [TEST_STEP][PASSED] - closeWindowTitle("Mailinator"): Window with title: 'Mailinator' is closed

2022-12-02 15:22:46 - [MESSAGE][PASSED] - Window with title: 'Mailinator' is closed

2022-12-02 15:22:46 - [TEST_STEP][PASSED] - switchToWindowIndex(0): Switched to window with index: '0'

2022-12-02 15:22:46 - [MESSAGE][PASSED] - Switched to window with index: '0'

2022-12-02 15:22:46 - [TEST_STEP][PASSED] - verifyElementVisible(findTestObject("09-Settings/Users/Client/Invite modal")): Object 'Object Repository/09-Settings/Users/Client/Invite modal' is visible

2022-12-02 15:22:52 - [MESSAGE][PASSED] - Object 'Object Repository/09-Settings/Users/Client/Invite modal' is visible

2022-12-02 15:22:52 - [TEST_STEP][PASSED] - setText(findTestObject("09-Settings/Users/Client/Company field"), "QA Company"): Text 'QA Company' is set on object 'Object Repository/09-Settings/Users/Client/Company field'

2022-12-02 15:22:53 - [MESSAGE][PASSED] - Text 'QA Company' is set on object 'Object Repository/09-Settings/Users/Client/Company field'

2022-12-02 15:22:53 - [TEST_STEP][PASSED] - click(findTestObject("09-Settings/Users/Client/button_Accept")): Object: 'Object Repository/09-Settings/Users/Client/button_Accept' is clicked on

2022-12-02 15:22:53 - [MESSAGE][PASSED] - Object: 'Object Repository/09-Settings/Users/Client/button_Accept' is clicked on

2022-12-02 15:22:53 - [TEST_STEP][PASSED] - delay(5): Delayed 5 second(s)

2022-12-02 15:22:58 - [MESSAGE][PASSED] - Delayed 5 second(s)

2022-12-02 15:22:58 - [TEST_STEP][PASSED] - verifyElementVisible(findTestObject("09-Settings/Users/div_Joined as Partner")): Object 'Object Repository/09-Settings/Users/div_Joined as Partner' is visible

2022-12-02 15:22:59 - [MESSAGE][PASSED] - Object 'Object Repository/09-Settings/Users/div_Joined as Partner' is visible

2022-12-02 15:22:59 - [TEST_STEP][PASSED] - delay(3): Delayed 3 second(s)

2022-12-02 15:23:02 - [MESSAGE][PASSED] - Delayed 3 second(s)

2022-12-02 15:23:02 - [TEST_STEP][PASSED] - closeBrowser(): Browser is closed

2022-12-02 15:23:03 - [MESSAGE][PASSED] - Browser is closed]]></system-out>
         <system-err><![CDATA[]]></system-err>
      </testcase>
      <testcase name="Test Cases/09-Settings/05 - Users (Invite batch of users via CSV file)" time="150.686" classname="Test Cases/09-Settings/05 - Users (Invite batch of users via CSV file)" status="PASSED">
         <system-out><![CDATA[2022-12-02 15:23:03 - [TEST_CASE][PASSED] - Test Cases/09-Settings/05 - Users (Invite batch of users via CSV file): Test Cases/09-Settings/05 - Users (Invite batch of users via CSV file)

2022-12-02 15:23:03 - [TEST_STEP][PASSED] - openBrowser(""): Browser is opened with url: ''

2022-12-02 15:23:03 - [MESSAGE][INFO] - Starting 'Chrome' driver

2022-12-02 15:23:03 - [MESSAGE][INFO] - Action delay is set to 0 milliseconds

2022-12-02 15:23:04 - [MESSAGE][PASSED] - Browser is opened with url: ''

2022-12-02 15:23:04 - [TEST_STEP][PASSED] - navigateToUrl("https://lab.everleagues.com/"): Navigate to 'https://lab.everleagues.com/' successfully

2022-12-02 15:23:41 - [MESSAGE][PASSED] - Navigate to 'https://lab.everleagues.com/' successfully

2022-12-02 15:23:41 - [TEST_STEP][PASSED] - maximizeWindow(): Current window maximized

2022-12-02 15:23:42 - [MESSAGE][PASSED] - Current window maximized

2022-12-02 15:23:42 - [TEST_STEP][PASSED] - setText(findTestObject("02-Side Icons(Organization)/Add Contact/Email Field"), "testuser02@mailinator.com"): Text 'testuser02@mailinator.com' is set on object 'Object Repository/02-Side Icons(Organization)/Add Contact/Email Field'

2022-12-02 15:23:42 - [MESSAGE][PASSED] - Text 'testuser02@mailinator.com' is set on object 'Object Repository/02-Side Icons(Organization)/Add Contact/Email Field'

2022-12-02 15:23:42 - [TEST_STEP][PASSED] - setEncryptedText(findTestObject("02-Side Icons(Organization)/Add Contact/Password Field"), "8yFRyszE6U6jvsCn51OQbg=="): Text ****** has been set on object 'Object Repository/02-Side Icons(Organization)/Add Contact/Password Field'

2022-12-02 15:23:43 - [MESSAGE][PASSED] - Text ****** has been set on object 'Object Repository/02-Side Icons(Organization)/Add Contact/Password Field'

2022-12-02 15:23:43 - [TEST_STEP][PASSED] - click(findTestObject("02-Side Icons(Organization)/Add Contact/button_Sign in")): Object: 'Object Repository/02-Side Icons(Organization)/Add Contact/button_Sign in' is clicked on

2022-12-02 15:23:44 - [MESSAGE][PASSED] - Object: 'Object Repository/02-Side Icons(Organization)/Add Contact/button_Sign in' is clicked on

2022-12-02 15:23:44 - [TEST_STEP][PASSED] - delay(2): Delayed 2 second(s)

2022-12-02 15:23:46 - [MESSAGE][PASSED] - Delayed 2 second(s)

2022-12-02 15:23:46 - [TEST_STEP][PASSED] - click(findTestObject("06-Teams/For 2FA/button_Confirm_2FA")): Object: 'Object Repository/06-Teams/For 2FA/button_Confirm_2FA' is clicked on

2022-12-02 15:23:46 - [MESSAGE][PASSED] - Object: 'Object Repository/06-Teams/For 2FA/button_Confirm_2FA' is clicked on

2022-12-02 15:23:46 - [TEST_STEP][PASSED] - executeJavaScript("window.open();", []): Execute JavaScript 'window.open();' successfully

2022-12-02 15:23:46 - [MESSAGE][PASSED] - Execute JavaScript 'window.open();' successfully

2022-12-02 15:23:46 - [TEST_STEP][PASSED] - currentWindow = getWindowIndex(): Current window's index is: 0

2022-12-02 15:23:46 - [MESSAGE][PASSED] - Current window's index is: 0

2022-12-02 15:23:46 - [TEST_STEP][PASSED] - delay(3): Delayed 3 second(s)

2022-12-02 15:23:49 - [MESSAGE][PASSED] - Delayed 3 second(s)

2022-12-02 15:23:49 - [TEST_STEP][PASSED] - switchToWindowIndex(currentWindow + 1): Switched to window with index: '1'

2022-12-02 15:23:49 - [MESSAGE][PASSED] - Switched to window with index: '1'

2022-12-02 15:23:49 - [TEST_STEP][PASSED] - navigateToUrl("https://www.mailinator.com/"): Navigate to 'https://www.mailinator.com/' successfully

2022-12-02 15:23:52 - [MESSAGE][PASSED] - Navigate to 'https://www.mailinator.com/' successfully

2022-12-02 15:23:52 - [TEST_STEP][PASSED] - delay(3): Delayed 3 second(s)

2022-12-02 15:23:55 - [MESSAGE][PASSED] - Delayed 3 second(s)

2022-12-02 15:23:55 - [TEST_STEP][PASSED] - setText(findTestObject("00-Signup and Activation/zMailinator/input_LOGIN_search"), "testuser02@mailinator.com"): Text 'testuser02@mailinator.com' is set on object 'Object Repository/00-Signup and Activation/zMailinator/input_LOGIN_search'

2022-12-02 15:23:55 - [MESSAGE][PASSED] - Text 'testuser02@mailinator.com' is set on object 'Object Repository/00-Signup and Activation/zMailinator/input_LOGIN_search'

2022-12-02 15:23:55 - [TEST_STEP][PASSED] - click(findTestObject("00-Signup and Activation/zMailinator/gobutton"), STOP_ON_FAILURE): Object: 'Object Repository/00-Signup and Activation/zMailinator/gobutton' is clicked on

2022-12-02 15:23:57 - [MESSAGE][PASSED] - Object: 'Object Repository/00-Signup and Activation/zMailinator/gobutton' is clicked on

2022-12-02 15:23:57 - [TEST_STEP][PASSED] - delay(3): Delayed 3 second(s)

2022-12-02 15:24:00 - [MESSAGE][PASSED] - Delayed 3 second(s)

2022-12-02 15:24:00 - [TEST_STEP][PASSED] - click(findTestObject("00-Signup and Activation/zMailinator/Email - everleagues")): Object: 'Object Repository/00-Signup and Activation/zMailinator/Email - everleagues' is clicked on

2022-12-02 15:24:00 - [MESSAGE][PASSED] - Object: 'Object Repository/00-Signup and Activation/zMailinator/Email - everleagues' is clicked on

2022-12-02 15:24:00 - [TEST_STEP][PASSED] - delay(3): Delayed 3 second(s)

2022-12-02 15:24:03 - [MESSAGE][PASSED] - Delayed 3 second(s)

2022-12-02 15:24:03 - [TEST_STEP][PASSED] - code = getText(findTestObject("Object Repository/06-Teams/For 2FA/2FA code")): Text of object 'Object Repository/06-Teams/For 2FA/2FA code' is: '786217'

2022-12-02 15:24:04 - [MESSAGE][PASSED] - Text of object 'Object Repository/06-Teams/For 2FA/2FA code' is: '786217'

2022-12-02 15:24:04 - [TEST_STEP][PASSED] - delay(3): Delayed 3 second(s)

2022-12-02 15:24:07 - [MESSAGE][PASSED] - Delayed 3 second(s)

2022-12-02 15:24:07 - [TEST_STEP][PASSED] - closeWindowTitle("Mailinator"): Window with title: 'Mailinator' is closed

2022-12-02 15:24:07 - [MESSAGE][PASSED] - Window with title: 'Mailinator' is closed

2022-12-02 15:24:07 - [TEST_STEP][PASSED] - delay(3): Delayed 3 second(s)

2022-12-02 15:24:10 - [MESSAGE][PASSED] - Delayed 3 second(s)

2022-12-02 15:24:10 - [TEST_STEP][PASSED] - switchToWindowIndex(0): Switched to window with index: '0'

2022-12-02 15:24:10 - [MESSAGE][PASSED] - Switched to window with index: '0'

2022-12-02 15:24:10 - [TEST_STEP][PASSED] - delay(3): Delayed 3 second(s)

2022-12-02 15:24:13 - [MESSAGE][PASSED] - Delayed 3 second(s)

2022-12-02 15:24:13 - [TEST_STEP][PASSED] - setText(findTestObject("Object Repository/06-Teams/For 2FA/input_Enter verification code_code"), code): Text '786217' is set on object 'Object Repository/06-Teams/For 2FA/input_Enter verification code_code'

2022-12-02 15:24:14 - [MESSAGE][PASSED] - Text '786217' is set on object 'Object Repository/06-Teams/For 2FA/input_Enter verification code_code'

2022-12-02 15:24:14 - [TEST_STEP][PASSED] - delay(3): Delayed 3 second(s)

2022-12-02 15:24:17 - [MESSAGE][PASSED] - Delayed 3 second(s)

2022-12-02 15:24:17 - [TEST_STEP][PASSED] - click(findTestObject("06-Teams/For 2FA/button_Verify_2FA")): Object: 'Object Repository/06-Teams/For 2FA/button_Verify_2FA' is clicked on

2022-12-02 15:24:17 - [MESSAGE][PASSED] - Object: 'Object Repository/06-Teams/For 2FA/button_Verify_2FA' is clicked on

2022-12-02 15:24:17 - [TEST_STEP][PASSED] - delay(5): Delayed 5 second(s)

2022-12-02 15:24:22 - [MESSAGE][PASSED] - Delayed 5 second(s)

2022-12-02 15:24:22 - [TEST_STEP][PASSED] - click(findTestObject("06-Teams/button_doublearrow")): Object: 'Object Repository/06-Teams/button_doublearrow' is clicked on

2022-12-02 15:24:23 - [MESSAGE][PASSED] - Object: 'Object Repository/06-Teams/button_doublearrow' is clicked on

2022-12-02 15:24:23 - [TEST_STEP][PASSED] - click(findTestObject("06-Teams/button_My Organizations")): Object: 'Object Repository/06-Teams/button_My Organizations' is clicked on

2022-12-02 15:24:23 - [MESSAGE][PASSED] - Object: 'Object Repository/06-Teams/button_My Organizations' is clicked on

2022-12-02 15:24:23 - [TEST_STEP][PASSED] - click(findTestObject("06-Teams/button_GG Automation")): Object: 'Object Repository/06-Teams/button_GG Automation' is clicked on

2022-12-02 15:24:24 - [MESSAGE][PASSED] - Object: 'Object Repository/06-Teams/button_GG Automation' is clicked on

2022-12-02 15:24:24 - [TEST_STEP][PASSED] - delay(4): Delayed 4 second(s)

2022-12-02 15:24:28 - [MESSAGE][PASSED] - Delayed 4 second(s)

2022-12-02 15:24:28 - [TEST_STEP][PASSED] - verifyElementVisible(findTestObject("06-Teams/span_GG Automation")): Object 'Object Repository/06-Teams/span_GG Automation' is visible

2022-12-02 15:24:29 - [MESSAGE][PASSED] - Object 'Object Repository/06-Teams/span_GG Automation' is visible

2022-12-02 15:24:29 - [TEST_STEP][PASSED] - delay(5): Delayed 5 second(s)

2022-12-02 15:24:34 - [MESSAGE][PASSED] - Delayed 5 second(s)

2022-12-02 15:24:34 - [TEST_STEP][PASSED] - click(findTestObject("03-Header Menu/Hamburger Button/div_Settings")): Object: 'Object Repository/03-Header Menu/Hamburger Button/div_Settings' is clicked on

2022-12-02 15:24:34 - [MESSAGE][PASSED] - Object: 'Object Repository/03-Header Menu/Hamburger Button/div_Settings' is clicked on

2022-12-02 15:24:34 - [TEST_STEP][PASSED] - delay(3): Delayed 3 second(s)

2022-12-02 15:24:37 - [MESSAGE][PASSED] - Delayed 3 second(s)

2022-12-02 15:24:37 - [TEST_STEP][PASSED] - click(findTestObject("09-Settings/Users/div_Users")): Object: 'Object Repository/09-Settings/Users/div_Users' is clicked on

2022-12-02 15:24:38 - [MESSAGE][PASSED] - Object: 'Object Repository/09-Settings/Users/div_Users' is clicked on

2022-12-02 15:24:38 - [TEST_STEP][PASSED] - delay(3): Delayed 3 second(s)

2022-12-02 15:24:41 - [MESSAGE][PASSED] - Delayed 3 second(s)

2022-12-02 15:24:41 - [TEST_STEP][PASSED] - click(findTestObject("09-Settings/Users/button_add")): Object: 'Object Repository/09-Settings/Users/button_add' is clicked on

2022-12-02 15:24:41 - [MESSAGE][PASSED] - Object: 'Object Repository/09-Settings/Users/button_add' is clicked on

2022-12-02 15:24:41 - [TEST_STEP][PASSED] - delay(3): Delayed 3 second(s)

2022-12-02 15:24:44 - [MESSAGE][PASSED] - Delayed 3 second(s)

2022-12-02 15:24:44 - [TEST_STEP][PASSED] - click(findTestObject("09-Settings/Users/Invite batch of users via CSV file")): Object: 'Object Repository/09-Settings/Users/Invite batch of users via CSV file' is clicked on

2022-12-02 15:24:45 - [MESSAGE][PASSED] - Object: 'Object Repository/09-Settings/Users/Invite batch of users via CSV file' is clicked on

2022-12-02 15:24:45 - [TEST_STEP][PASSED] - verifyElementVisible(findTestObject("09-Settings/Users/CSV Invite/Import CSV File modal")): Object 'Object Repository/09-Settings/Users/CSV Invite/Import CSV File modal' is visible

2022-12-02 15:24:45 - [MESSAGE][PASSED] - Object 'Object Repository/09-Settings/Users/CSV Invite/Import CSV File modal' is visible

2022-12-02 15:24:45 - [TEST_STEP][PASSED] - verifyElementNotClickable(findTestObject("09-Settings/Users/CSV Invite/button_Import")): Object 'Object Repository/09-Settings/Users/CSV Invite/button_Import' is NOT clickable

2022-12-02 15:24:46 - [MESSAGE][PASSED] - Object 'Object Repository/09-Settings/Users/CSV Invite/button_Import' is NOT clickable

2022-12-02 15:24:46 - [TEST_STEP][PASSED] - delay(3): Delayed 3 second(s)

2022-12-02 15:24:49 - [MESSAGE][PASSED] - Delayed 3 second(s)

2022-12-02 15:24:49 - [TEST_STEP][PASSED] - uploadpackage.Upload.uploadFile(findTestObject("Object Repository/09-Settings/Users/CSV Invite/button_Choose File"), "C:\Users\User\Desktop\EL automation\sample csv.csv"): uploadpackage.Upload.uploadFile is PASSED

2022-12-02 15:24:49 - [MESSAGE][PASSED] - Object: 'Object Repository/09-Settings/Users/CSV Invite/button_Choose File' is clicked on

2022-12-02 15:24:49 - [MESSAGE][PASSED] - uploadpackage.Upload.uploadFile is PASSED

2022-12-02 15:24:49 - [TEST_STEP][PASSED] - delay(3): Delayed 3 second(s)

2022-12-02 15:24:52 - [MESSAGE][PASSED] - Delayed 3 second(s)

2022-12-02 15:24:52 - [TEST_STEP][PASSED] - verifyElementVisible(findTestObject("09-Settings/Users/CSV Invite/div_Sample csv.csv")): Object 'Object Repository/09-Settings/Users/CSV Invite/div_Sample csv.csv' is visible

2022-12-02 15:25:16 - [MESSAGE][PASSED] - Object 'Object Repository/09-Settings/Users/CSV Invite/div_Sample csv.csv' is visible

2022-12-02 15:25:16 - [TEST_STEP][PASSED] - click(findTestObject("09-Settings/Users/CSV Invite/button_Import")): Object: 'Object Repository/09-Settings/Users/CSV Invite/button_Import' is clicked on

2022-12-02 15:25:16 - [MESSAGE][PASSED] - Object: 'Object Repository/09-Settings/Users/CSV Invite/button_Import' is clicked on

2022-12-02 15:25:16 - [TEST_STEP][PASSED] - delay(5): Delayed 5 second(s)

2022-12-02 15:25:21 - [MESSAGE][PASSED] - Delayed 5 second(s)

2022-12-02 15:25:21 - [TEST_STEP][PASSED] - verifyElementVisible(findTestObject("09-Settings/Users/CSV Invite/Success import modal")): Object 'Object Repository/09-Settings/Users/CSV Invite/Success import modal' is visible

2022-12-02 15:25:22 - [MESSAGE][PASSED] - Object 'Object Repository/09-Settings/Users/CSV Invite/Success import modal' is visible

2022-12-02 15:25:22 - [TEST_STEP][PASSED] - click(findTestObject("09-Settings/Users/CSV Invite/button_Close")): Object: 'Object Repository/09-Settings/Users/CSV Invite/button_Close' is clicked on

2022-12-02 15:25:22 - [MESSAGE][PASSED] - Object: 'Object Repository/09-Settings/Users/CSV Invite/button_Close' is clicked on

2022-12-02 15:25:22 - [TEST_STEP][PASSED] - click(findTestObject("09-Settings/Users/CSV Invite/Invited Users tab")): Object: 'Object Repository/09-Settings/Users/CSV Invite/Invited Users tab' is clicked on

2022-12-02 15:25:23 - [MESSAGE][PASSED] - Object: 'Object Repository/09-Settings/Users/CSV Invite/Invited Users tab' is clicked on

2022-12-02 15:25:23 - [TEST_STEP][PASSED] - delay(3): Delayed 3 second(s)

2022-12-02 15:25:26 - [MESSAGE][PASSED] - Delayed 3 second(s)

2022-12-02 15:25:26 - [TEST_STEP][PASSED] - verifyElementVisible(findTestObject("09-Settings/Users/CSV Invite/div_CTCSV test3")): Object 'Object Repository/09-Settings/Users/CSV Invite/div_CTCSV test3' is visible

2022-12-02 15:25:27 - [MESSAGE][PASSED] - Object 'Object Repository/09-Settings/Users/CSV Invite/div_CTCSV test3' is visible

2022-12-02 15:25:27 - [TEST_STEP][PASSED] - verifyElementVisible(findTestObject("09-Settings/Users/CSV Invite/div_autotester08mailinator.com")): Object 'Object Repository/09-Settings/Users/CSV Invite/div_autotester08mailinator.com' is visible

2022-12-02 15:25:27 - [MESSAGE][PASSED] - Object 'Object Repository/09-Settings/Users/CSV Invite/div_autotester08mailinator.com' is visible

2022-12-02 15:25:27 - [TEST_STEP][PASSED] - verifyElementVisible(findTestObject("09-Settings/Users/CSV Invite/div_Partner")): Object 'Object Repository/09-Settings/Users/CSV Invite/div_Partner' is visible

2022-12-02 15:25:27 - [MESSAGE][PASSED] - Object 'Object Repository/09-Settings/Users/CSV Invite/div_Partner' is visible

2022-12-02 15:25:27 - [TEST_STEP][PASSED] - verifyElementVisible(findTestObject("09-Settings/Users/CSV Invite/div_CTCSV test2")): Object 'Object Repository/09-Settings/Users/CSV Invite/div_CTCSV test2' is visible

2022-12-02 15:25:28 - [MESSAGE][PASSED] - Object 'Object Repository/09-Settings/Users/CSV Invite/div_CTCSV test2' is visible

2022-12-02 15:25:28 - [TEST_STEP][PASSED] - verifyElementVisible(findTestObject("09-Settings/Users/CSV Invite/div_autotester07mailinator.com")): Object 'Object Repository/09-Settings/Users/CSV Invite/div_autotester07mailinator.com' is visible

2022-12-02 15:25:28 - [MESSAGE][PASSED] - Object 'Object Repository/09-Settings/Users/CSV Invite/div_autotester07mailinator.com' is visible

2022-12-02 15:25:28 - [TEST_STEP][PASSED] - verifyElementVisible(findTestObject("09-Settings/Users/CSV Invite/div_Client")): Object 'Object Repository/09-Settings/Users/CSV Invite/div_Client' is visible

2022-12-02 15:25:29 - [MESSAGE][PASSED] - Object 'Object Repository/09-Settings/Users/CSV Invite/div_Client' is visible

2022-12-02 15:25:29 - [TEST_STEP][PASSED] - verifyElementVisible(findTestObject("09-Settings/Users/CSV Invite/div_CTCSV test1")): Object 'Object Repository/09-Settings/Users/CSV Invite/div_CTCSV test1' is visible

2022-12-02 15:25:29 - [MESSAGE][PASSED] - Object 'Object Repository/09-Settings/Users/CSV Invite/div_CTCSV test1' is visible

2022-12-02 15:25:29 - [TEST_STEP][PASSED] - verifyElementVisible(findTestObject("09-Settings/Users/CSV Invite/div_autotester06mailinator.com")): Object 'Object Repository/09-Settings/Users/CSV Invite/div_autotester06mailinator.com' is visible

2022-12-02 15:25:29 - [MESSAGE][PASSED] - Object 'Object Repository/09-Settings/Users/CSV Invite/div_autotester06mailinator.com' is visible

2022-12-02 15:25:29 - [TEST_STEP][PASSED] - verifyElementVisible(findTestObject("09-Settings/Users/CSV Invite/div_Coworker")): Object 'Object Repository/09-Settings/Users/CSV Invite/div_Coworker' is visible

2022-12-02 15:25:30 - [MESSAGE][PASSED] - Object 'Object Repository/09-Settings/Users/CSV Invite/div_Coworker' is visible

2022-12-02 15:25:30 - [TEST_STEP][PASSED] - delay(3): Delayed 3 second(s)

2022-12-02 15:25:33 - [MESSAGE][PASSED] - Delayed 3 second(s)

2022-12-02 15:25:33 - [TEST_STEP][PASSED] - closeBrowser(): Browser is closed

2022-12-02 15:25:33 - [MESSAGE][PASSED] - Browser is closed]]></system-out>
         <system-err><![CDATA[]]></system-err>
      </testcase>
      <system-out><![CDATA[2022-12-02 15:09:43 - [TEST_SUITE][PASSED] - 09.1 - Settings (Invite users): Test Cases/09-Settings/05 - Users (Invite batch of users via CSV file)]]></system-out>
      <system-err><![CDATA[]]></system-err>
   </testsuite>
</testsuites>
