<?xml version="1.0" encoding="UTF-8"?>
<testsuites name="01-Login and Forgot Password" time="217.053" tests="8" failures="0" errors="0">
   <testsuite name="01-Login and Forgot Password" tests="8" failures="0" errors="0" time="217.053" skipped="0" timestamp="2023-03-03 16:16:17" hostname="asus - DESKTOP-3L3J9C1" id="Test Suites/TS-Organization/01-Login and Forgot Password">
      <properties>
         <property name="deviceName" value=""/>
         <property name="devicePlatform" value=""/>
         <property name="logFolder" value="C:\\Users\\asus\\Katalon Studio\\Everleagues\\Everleagues\\Reports\\20230303_161604\\TS-Organization\\01-Login and Forgot Password\\20230303_161604"/>
         <property name="logFiles" value="C:\\Users\\asus\\Katalon Studio\\Everleagues\\Everleagues\\Reports\\20230303_161604\\TS-Organization\\01-Login and Forgot Password\\20230303_161604\\execution0.log"/>
         <property name="attachments" value=""/>
         <property name="hostName" value="asus - DESKTOP-3L3J9C1"/>
         <property name="os" value="Windows 10 64bit"/>
         <property name="katalonVersion" value="8.4.1.208"/>
         <property name="browser" value="Chrome 110.0.0.0"/>
         <property name="hostAddress" value="10.100.1.179"/>
         <property name="sessionId" value="8b9dbbd97c7b0e4f77076dbc858a5d6c"/>
         <property name="seleniumVersion" value="3.141.59"/>
         <property name="proxyInformation" value="ProxyInformation { proxyOption=NO_PROXY, proxyServerType=HTTP, username=, password=********, proxyServerAddress=, proxyServerPort=0, executionList=&quot;&quot;, isApplyToDesiredCapabilities=true }"/>
         <property name="platform" value="Windows 10"/>
      </properties>
      <testcase name="Test Cases/01-Login and Forgot Password/01-Login(Credentials Blank)" time="55.631" classname="Test Cases/01-Login and Forgot Password/01-Login(Credentials Blank)" status="PASSED">
         <system-out><![CDATA[2023-03-03 16:16:19 - [TEST_CASE][PASSED] - Test Cases/01-Login and Forgot Password/01-Login(Credentials Blank): Test Cases/01-Login and Forgot Password/01-Login(Credentials Blank)

2023-03-03 16:16:20 - [TEST_STEP][PASSED] - openBrowser(""): Browser is opened with url: ''

2023-03-03 16:16:22 - [MESSAGE][INFO] - Starting 'Chrome' driver

2023-03-03 16:16:22 - [MESSAGE][INFO] - Action delay is set to 0 milliseconds

2023-03-03 16:16:31 - [MESSAGE][PASSED] - Browser is opened with url: ''

2023-03-03 16:16:31 - [TEST_STEP][PASSED] - navigateToUrl("https://lab.everleagues.com/"): Navigate to 'https://lab.everleagues.com/' successfully

2023-03-03 16:16:59 - [MESSAGE][PASSED] - Navigate to 'https://lab.everleagues.com/' successfully

2023-03-03 16:16:59 - [TEST_STEP][PASSED] - maximizeWindow(): Current window maximized

2023-03-03 16:17:00 - [MESSAGE][PASSED] - Current window maximized

2023-03-03 16:17:00 - [TEST_STEP][PASSED] - verifyElementPresent(findTestObject("01-Login and Forgot Password/Login_Card"), 0): Object 'Object Repository/01-Login and Forgot Password/Login_Card' is present

2023-03-03 16:17:01 - [MESSAGE][WARNING] - Timeout '0' is invalid. Using default page load timeout: '30'

2023-03-03 16:17:02 - [MESSAGE][PASSED] - Object 'Object Repository/01-Login and Forgot Password/Login_Card' is present

2023-03-03 16:17:02 - [TEST_STEP][PASSED] - delay(2): Delayed 2 second(s)

2023-03-03 16:17:04 - [MESSAGE][PASSED] - Delayed 2 second(s)

2023-03-03 16:17:04 - [TEST_STEP][PASSED] - verifyElementNotClickable(findTestObject("01-Login and Forgot Password/button_Sign in")): Object 'Object Repository/01-Login and Forgot Password/button_Sign in' is NOT clickable

2023-03-03 16:17:11 - [MESSAGE][PASSED] - Object 'Object Repository/01-Login and Forgot Password/button_Sign in' is NOT clickable

2023-03-03 16:17:11 - [TEST_STEP][PASSED] - delay(3): Delayed 3 second(s)

2023-03-03 16:17:14 - [MESSAGE][PASSED] - Delayed 3 second(s)]]></system-out>
         <system-err><![CDATA[]]></system-err>
      </testcase>
      <testcase name="Test Cases/01-Login and Forgot Password/02-Login(Wrong Email)" time="19.828" classname="Test Cases/01-Login and Forgot Password/02-Login(Wrong Email)" status="PASSED">
         <system-out><![CDATA[2023-03-03 16:17:14 - [TEST_CASE][PASSED] - Test Cases/01-Login and Forgot Password/02-Login(Wrong Email): Test Cases/01-Login and Forgot Password/02-Login(Wrong Email)

2023-03-03 16:17:17 - [TEST_STEP][PASSED] - setText(findTestObject("01-Login and Forgot Password/input_Email_email"), "unregisteredemail@test.com"): Text 'unregisteredemail@test.com' is set on object 'Object Repository/01-Login and Forgot Password/input_Email_email'

2023-03-03 16:17:21 - [MESSAGE][PASSED] - Text 'unregisteredemail@test.com' is set on object 'Object Repository/01-Login and Forgot Password/input_Email_email'

2023-03-03 16:17:21 - [TEST_STEP][PASSED] - setEncryptedText(findTestObject("01-Login and Forgot Password/input_Email_password"), "pUQNV8a0dCQ="): Text ****** has been set on object 'Object Repository/01-Login and Forgot Password/input_Email_password'

2023-03-03 16:17:23 - [MESSAGE][PASSED] - Text ****** has been set on object 'Object Repository/01-Login and Forgot Password/input_Email_password'

2023-03-03 16:17:23 - [TEST_STEP][PASSED] - delay(3): Delayed 3 second(s)

2023-03-03 16:17:26 - [MESSAGE][PASSED] - Delayed 3 second(s)

2023-03-03 16:17:26 - [TEST_STEP][PASSED] - click(findTestObject("01-Login and Forgot Password/button_Sign in")): Object: 'Object Repository/01-Login and Forgot Password/button_Sign in' is clicked on

2023-03-03 16:17:27 - [MESSAGE][PASSED] - Object: 'Object Repository/01-Login and Forgot Password/button_Sign in' is clicked on

2023-03-03 16:17:27 - [TEST_STEP][PASSED] - delay(3): Delayed 3 second(s)

2023-03-03 16:17:30 - [MESSAGE][PASSED] - Delayed 3 second(s)

2023-03-03 16:17:30 - [TEST_STEP][PASSED] - verifyElementPresent(findTestObject("01-Login and Forgot Password/Invalid email error"), 0): Object 'Object Repository/01-Login and Forgot Password/Invalid email error' is present

2023-03-03 16:17:31 - [MESSAGE][WARNING] - Timeout '0' is invalid. Using default page load timeout: '30'

2023-03-03 16:17:31 - [MESSAGE][PASSED] - Object 'Object Repository/01-Login and Forgot Password/Invalid email error' is present

2023-03-03 16:17:31 - [TEST_STEP][PASSED] - delay(3): Delayed 3 second(s)

2023-03-03 16:17:34 - [MESSAGE][PASSED] - Delayed 3 second(s)]]></system-out>
         <system-err><![CDATA[]]></system-err>
      </testcase>
      <testcase name="Test Cases/01-Login and Forgot Password/03-Login(Valid email, wrong pass)" time="19.113" classname="Test Cases/01-Login and Forgot Password/03-Login(Valid email, wrong pass)" status="PASSED">
         <system-out><![CDATA[2023-03-03 16:17:34 - [TEST_CASE][PASSED] - Test Cases/01-Login and Forgot Password/03-Login(Valid email, wrong pass): Test Cases/01-Login and Forgot Password/03-Login(Valid email, wrong pass)

2023-03-03 16:17:37 - [TEST_STEP][PASSED] - setText(findTestObject("01-Login and Forgot Password/input_Email_email"), "testuser01@mailinator.com"): Text 'testuser01@mailinator.com' is set on object 'Object Repository/01-Login and Forgot Password/input_Email_email'

2023-03-03 16:17:39 - [MESSAGE][PASSED] - Text 'testuser01@mailinator.com' is set on object 'Object Repository/01-Login and Forgot Password/input_Email_email'

2023-03-03 16:17:39 - [TEST_STEP][PASSED] - setEncryptedText(findTestObject("01-Login and Forgot Password/input_Email_password"), "OxgQgnWTiECE3BxjMAl2ng=="): Text ****** has been set on object 'Object Repository/01-Login and Forgot Password/input_Email_password'

2023-03-03 16:17:40 - [MESSAGE][PASSED] - Text ****** has been set on object 'Object Repository/01-Login and Forgot Password/input_Email_password'

2023-03-03 16:17:40 - [TEST_STEP][PASSED] - delay(2): Delayed 2 second(s)

2023-03-03 16:17:42 - [MESSAGE][PASSED] - Delayed 2 second(s)

2023-03-03 16:17:42 - [TEST_STEP][PASSED] - click(findTestObject("01-Login and Forgot Password/show pass button")): Object: 'Object Repository/01-Login and Forgot Password/show pass button' is clicked on

2023-03-03 16:17:43 - [MESSAGE][PASSED] - Object: 'Object Repository/01-Login and Forgot Password/show pass button' is clicked on

2023-03-03 16:17:43 - [TEST_STEP][PASSED] - delay(3): Delayed 3 second(s)

2023-03-03 16:17:46 - [MESSAGE][PASSED] - Delayed 3 second(s)

2023-03-03 16:17:46 - [TEST_STEP][PASSED] - click(findTestObject("01-Login and Forgot Password/button_Sign in")): Object: 'Object Repository/01-Login and Forgot Password/button_Sign in' is clicked on

2023-03-03 16:17:47 - [MESSAGE][PASSED] - Object: 'Object Repository/01-Login and Forgot Password/button_Sign in' is clicked on

2023-03-03 16:17:47 - [TEST_STEP][PASSED] - delay(3): Delayed 3 second(s)

2023-03-03 16:17:50 - [MESSAGE][PASSED] - Delayed 3 second(s)

2023-03-03 16:17:50 - [TEST_STEP][PASSED] - verifyElementPresent(findTestObject("01-Login and Forgot Password/Invalid user name or password"), 0): Object 'Object Repository/01-Login and Forgot Password/Invalid user name or password' is present

2023-03-03 16:17:50 - [MESSAGE][WARNING] - Timeout '0' is invalid. Using default page load timeout: '30'

2023-03-03 16:17:50 - [MESSAGE][PASSED] - Object 'Object Repository/01-Login and Forgot Password/Invalid user name or password' is present

2023-03-03 16:17:50 - [TEST_STEP][PASSED] - delay(3): Delayed 3 second(s)

2023-03-03 16:17:53 - [MESSAGE][PASSED] - Delayed 3 second(s)]]></system-out>
         <system-err><![CDATA[]]></system-err>
      </testcase>
      <testcase name="Test Cases/01-Login and Forgot Password/04-Login (Valid Credentials-Without Subscription)" time="60.871" classname="Test Cases/01-Login and Forgot Password/04-Login (Valid Credentials-Without Subscription)" status="PASSED">
         <system-out><![CDATA[2023-03-03 16:17:53 - [TEST_CASE][PASSED] - Test Cases/01-Login and Forgot Password/04-Login (Valid Credentials-Without Subscription): Test Cases/01-Login and Forgot Password/04-Login (Valid Credentials-Without Subscription)

2023-03-03 16:17:55 - [TEST_STEP][PASSED] - setText(findTestObject("01-Login and Forgot Password/input_Email_email"), "testuser01@mailinator.com"): Text 'testuser01@mailinator.com' is set on object 'Object Repository/01-Login and Forgot Password/input_Email_email'

2023-03-03 16:17:57 - [MESSAGE][PASSED] - Text 'testuser01@mailinator.com' is set on object 'Object Repository/01-Login and Forgot Password/input_Email_email'

2023-03-03 16:17:57 - [TEST_STEP][PASSED] - setEncryptedText(findTestObject("01-Login and Forgot Password/input_Email_password2"), "8yFRyszE6U6jvsCn51OQbg=="): Text ****** has been set on object 'Object Repository/01-Login and Forgot Password/input_Email_password2'

2023-03-03 16:17:58 - [MESSAGE][PASSED] - Text ****** has been set on object 'Object Repository/01-Login and Forgot Password/input_Email_password2'

2023-03-03 16:17:58 - [TEST_STEP][PASSED] - delay(2): Delayed 2 second(s)

2023-03-03 16:18:00 - [MESSAGE][PASSED] - Delayed 2 second(s)

2023-03-03 16:18:00 - [TEST_STEP][PASSED] - click(findTestObject("01-Login and Forgot Password/show pass button")): Object: 'Object Repository/01-Login and Forgot Password/show pass button' is clicked on

2023-03-03 16:18:01 - [MESSAGE][PASSED] - Object: 'Object Repository/01-Login and Forgot Password/show pass button' is clicked on

2023-03-03 16:18:01 - [TEST_STEP][PASSED] - delay(3): Delayed 3 second(s)

2023-03-03 16:18:04 - [MESSAGE][PASSED] - Delayed 3 second(s)

2023-03-03 16:18:04 - [TEST_STEP][PASSED] - click(findTestObject("01-Login and Forgot Password/button_Sign in")): Object: 'Object Repository/01-Login and Forgot Password/button_Sign in' is clicked on

2023-03-03 16:18:05 - [MESSAGE][PASSED] - Object: 'Object Repository/01-Login and Forgot Password/button_Sign in' is clicked on

2023-03-03 16:18:05 - [TEST_STEP][PASSED] - delay(3): Delayed 3 second(s)

2023-03-03 16:18:08 - [MESSAGE][PASSED] - Delayed 3 second(s)

2023-03-03 16:18:08 - [TEST_STEP][PASSED] - click(findTestObject("06-Teams/For 2FA/button_Confirm_2FA")): Object: 'Object Repository/06-Teams/For 2FA/button_Confirm_2FA' is clicked on

2023-03-03 16:18:09 - [MESSAGE][PASSED] - Object: 'Object Repository/06-Teams/For 2FA/button_Confirm_2FA' is clicked on

2023-03-03 16:18:09 - [TEST_STEP][PASSED] - executeJavaScript("window.open();", []): Execute JavaScript 'window.open();' successfully

2023-03-03 16:18:09 - [MESSAGE][PASSED] - Execute JavaScript 'window.open();' successfully

2023-03-03 16:18:09 - [TEST_STEP][PASSED] - currentWindow = getWindowIndex(): Current window's index is: 0

2023-03-03 16:18:10 - [MESSAGE][PASSED] - Current window's index is: 0

2023-03-03 16:18:10 - [TEST_STEP][PASSED] - delay(3): Delayed 3 second(s)

2023-03-03 16:18:13 - [MESSAGE][PASSED] - Delayed 3 second(s)

2023-03-03 16:18:13 - [TEST_STEP][PASSED] - switchToWindowIndex(currentWindow + 1): Switched to window with index: '1'

2023-03-03 16:18:13 - [MESSAGE][PASSED] - Switched to window with index: '1'

2023-03-03 16:18:13 - [TEST_STEP][PASSED] - navigateToUrl("https://www.mailinator.com/"): Navigate to 'https://www.mailinator.com/' successfully

2023-03-03 16:18:19 - [MESSAGE][PASSED] - Navigate to 'https://www.mailinator.com/' successfully

2023-03-03 16:18:19 - [TEST_STEP][PASSED] - delay(3): Delayed 3 second(s)

2023-03-03 16:18:22 - [MESSAGE][PASSED] - Delayed 3 second(s)

2023-03-03 16:18:22 - [TEST_STEP][PASSED] - setText(findTestObject("00-Signup and Activation/zMailinator/input_LOGIN_search"), "testuser01@mailinator.com"): Text 'testuser01@mailinator.com' is set on object 'Object Repository/00-Signup and Activation/zMailinator/input_LOGIN_search'

2023-03-03 16:18:24 - [MESSAGE][PASSED] - Text 'testuser01@mailinator.com' is set on object 'Object Repository/00-Signup and Activation/zMailinator/input_LOGIN_search'

2023-03-03 16:18:24 - [TEST_STEP][PASSED] - click(findTestObject("00-Signup and Activation/zMailinator/gobutton"), STOP_ON_FAILURE): Object: 'Object Repository/00-Signup and Activation/zMailinator/gobutton' is clicked on

2023-03-03 16:18:27 - [MESSAGE][PASSED] - Object: 'Object Repository/00-Signup and Activation/zMailinator/gobutton' is clicked on

2023-03-03 16:18:27 - [TEST_STEP][PASSED] - delay(3): Delayed 3 second(s)

2023-03-03 16:18:30 - [MESSAGE][PASSED] - Delayed 3 second(s)

2023-03-03 16:18:30 - [TEST_STEP][PASSED] - click(findTestObject("00-Signup and Activation/zMailinator/Email - everleagues")): Object: 'Object Repository/00-Signup and Activation/zMailinator/Email - everleagues' is clicked on

2023-03-03 16:18:31 - [MESSAGE][PASSED] - Object: 'Object Repository/00-Signup and Activation/zMailinator/Email - everleagues' is clicked on

2023-03-03 16:18:31 - [TEST_STEP][PASSED] - delay(3): Delayed 3 second(s)

2023-03-03 16:18:34 - [MESSAGE][PASSED] - Delayed 3 second(s)

2023-03-03 16:18:34 - [TEST_STEP][PASSED] - code = getText(findTestObject("Object Repository/06-Teams/For 2FA/2FA code")): Text of object 'Object Repository/06-Teams/For 2FA/2FA code' is: '618598'

2023-03-03 16:18:35 - [MESSAGE][PASSED] - Text of object 'Object Repository/06-Teams/For 2FA/2FA code' is: '618598'

2023-03-03 16:18:35 - [TEST_STEP][PASSED] - delay(3): Delayed 3 second(s)

2023-03-03 16:18:38 - [MESSAGE][PASSED] - Delayed 3 second(s)

2023-03-03 16:18:38 - [TEST_STEP][PASSED] - closeWindowTitle("Mailinator"): Window with title: 'Mailinator' is closed

2023-03-03 16:18:39 - [MESSAGE][PASSED] - Window with title: 'Mailinator' is closed

2023-03-03 16:18:39 - [TEST_STEP][PASSED] - delay(3): Delayed 3 second(s)

2023-03-03 16:18:42 - [MESSAGE][PASSED] - Delayed 3 second(s)

2023-03-03 16:18:42 - [TEST_STEP][PASSED] - switchToWindowIndex(0): Switched to window with index: '0'

2023-03-03 16:18:42 - [MESSAGE][PASSED] - Switched to window with index: '0'

2023-03-03 16:18:42 - [TEST_STEP][PASSED] - delay(3): Delayed 3 second(s)

2023-03-03 16:18:45 - [MESSAGE][PASSED] - Delayed 3 second(s)

2023-03-03 16:18:45 - [TEST_STEP][PASSED] - setText(findTestObject("Object Repository/06-Teams/For 2FA/input_Enter verification code_code"), code): Text '618598' is set on object 'Object Repository/06-Teams/For 2FA/input_Enter verification code_code'

2023-03-03 16:18:47 - [MESSAGE][PASSED] - Text '618598' is set on object 'Object Repository/06-Teams/For 2FA/input_Enter verification code_code'

2023-03-03 16:18:47 - [TEST_STEP][PASSED] - delay(3): Delayed 3 second(s)

2023-03-03 16:18:50 - [MESSAGE][PASSED] - Delayed 3 second(s)

2023-03-03 16:18:50 - [TEST_STEP][PASSED] - click(findTestObject("06-Teams/For 2FA/button_Verify_2FA")): Object: 'Object Repository/06-Teams/For 2FA/button_Verify_2FA' is clicked on

2023-03-03 16:18:51 - [MESSAGE][PASSED] - Object: 'Object Repository/06-Teams/For 2FA/button_Verify_2FA' is clicked on

2023-03-03 16:18:51 - [TEST_STEP][PASSED] - delay(3): Delayed 3 second(s)

2023-03-03 16:18:54 - [MESSAGE][PASSED] - Delayed 3 second(s)]]></system-out>
         <system-err><![CDATA[]]></system-err>
      </testcase>
      <testcase name="Test Cases/01-Login and Forgot Password/05-Logout" time="12.263" classname="Test Cases/01-Login and Forgot Password/05-Logout" status="PASSED">
         <system-out><![CDATA[2023-03-03 16:18:54 - [TEST_CASE][PASSED] - Test Cases/01-Login and Forgot Password/05-Logout: Test Cases/01-Login and Forgot Password/05-Logout

2023-03-03 16:18:57 - [TEST_STEP][PASSED] - click(findTestObject("01-Login and Forgot Password/User menu drop")): Object: 'Object Repository/01-Login and Forgot Password/User menu drop' is clicked on

2023-03-03 16:18:58 - [MESSAGE][PASSED] - Object: 'Object Repository/01-Login and Forgot Password/User menu drop' is clicked on

2023-03-03 16:18:58 - [TEST_STEP][PASSED] - delay(2): Delayed 2 second(s)

2023-03-03 16:19:00 - [MESSAGE][PASSED] - Delayed 2 second(s)

2023-03-03 16:19:00 - [TEST_STEP][PASSED] - click(findTestObject("01-Login and Forgot Password/h4_Sign Out"), STOP_ON_FAILURE): Object: 'Object Repository/01-Login and Forgot Password/h4_Sign Out' is clicked on

2023-03-03 16:19:01 - [MESSAGE][PASSED] - Object: 'Object Repository/01-Login and Forgot Password/h4_Sign Out' is clicked on

2023-03-03 16:19:01 - [TEST_STEP][PASSED] - delay(2): Delayed 2 second(s)

2023-03-03 16:19:03 - [MESSAGE][PASSED] - Delayed 2 second(s)

2023-03-03 16:19:03 - [TEST_STEP][PASSED] - verifyElementPresent(findTestObject("01-Login and Forgot Password/Login_Card"), 0): Object 'Object Repository/01-Login and Forgot Password/Login_Card' is present

2023-03-03 16:19:03 - [MESSAGE][WARNING] - Timeout '0' is invalid. Using default page load timeout: '30'

2023-03-03 16:19:04 - [MESSAGE][PASSED] - Object 'Object Repository/01-Login and Forgot Password/Login_Card' is present

2023-03-03 16:19:04 - [TEST_STEP][PASSED] - delay(3): Delayed 3 second(s)

2023-03-03 16:19:07 - [MESSAGE][PASSED] - Delayed 3 second(s)]]></system-out>
         <system-err><![CDATA[]]></system-err>
      </testcase>
      <testcase name="Test Cases/01-Login and Forgot Password/06-Forgot Password(Credentials Blank)" time="9.823" classname="Test Cases/01-Login and Forgot Password/06-Forgot Password(Credentials Blank)" status="PASSED">
         <system-out><![CDATA[2023-03-03 16:19:07 - [TEST_CASE][PASSED] - Test Cases/01-Login and Forgot Password/06-Forgot Password(Credentials Blank): Test Cases/01-Login and Forgot Password/06-Forgot Password(Credentials Blank)

2023-03-03 16:19:08 - [TEST_STEP][PASSED] - click(findTestObject("01-Login and Forgot Password/zForgot Password/a_Forgot password")): Object: 'Object Repository/01-Login and Forgot Password/zForgot Password/a_Forgot password' is clicked on

2023-03-03 16:19:09 - [MESSAGE][PASSED] - Object: 'Object Repository/01-Login and Forgot Password/zForgot Password/a_Forgot password' is clicked on

2023-03-03 16:19:09 - [TEST_STEP][PASSED] - verifyElementPresent(findTestObject("01-Login and Forgot Password/zForgot Password/span_Reset Password"), 0): Object 'Object Repository/01-Login and Forgot Password/zForgot Password/span_Reset Password' is present

2023-03-03 16:19:10 - [MESSAGE][WARNING] - Timeout '0' is invalid. Using default page load timeout: '30'

2023-03-03 16:19:11 - [MESSAGE][PASSED] - Object 'Object Repository/01-Login and Forgot Password/zForgot Password/span_Reset Password' is present

2023-03-03 16:19:11 - [TEST_STEP][PASSED] - delay(2): Delayed 2 second(s)

2023-03-03 16:19:13 - [MESSAGE][PASSED] - Delayed 2 second(s)

2023-03-03 16:19:13 - [TEST_STEP][PASSED] - verifyElementNotClickable(findTestObject("01-Login and Forgot Password/zForgot Password/button_Reset Password")): Object 'Object Repository/01-Login and Forgot Password/zForgot Password/button_Reset Password' is NOT clickable

2023-03-03 16:19:14 - [MESSAGE][PASSED] - Object 'Object Repository/01-Login and Forgot Password/zForgot Password/button_Reset Password' is NOT clickable

2023-03-03 16:19:14 - [TEST_STEP][PASSED] - delay(3): Delayed 3 second(s)

2023-03-03 16:19:17 - [MESSAGE][PASSED] - Delayed 3 second(s)]]></system-out>
         <system-err><![CDATA[]]></system-err>
      </testcase>
      <testcase name="Test Cases/01-Login and Forgot Password/07-Forgot Password(Wrong email)" time="13.962" classname="Test Cases/01-Login and Forgot Password/07-Forgot Password(Wrong email)" status="PASSED">
         <system-out><![CDATA[2023-03-03 16:19:17 - [TEST_CASE][PASSED] - Test Cases/01-Login and Forgot Password/07-Forgot Password(Wrong email): Test Cases/01-Login and Forgot Password/07-Forgot Password(Wrong email)

2023-03-03 16:19:18 - [TEST_STEP][PASSED] - setText(findTestObject("01-Login and Forgot Password/zForgot Password/Reset pass email field"), "unregisteredemail@test.com"): Text 'unregisteredemail@test.com' is set on object 'Object Repository/01-Login and Forgot Password/zForgot Password/Reset pass email field'

2023-03-03 16:19:20 - [MESSAGE][PASSED] - Text 'unregisteredemail@test.com' is set on object 'Object Repository/01-Login and Forgot Password/zForgot Password/Reset pass email field'

2023-03-03 16:19:20 - [TEST_STEP][PASSED] - delay(2): Delayed 2 second(s)

2023-03-03 16:19:22 - [MESSAGE][PASSED] - Delayed 2 second(s)

2023-03-03 16:19:22 - [TEST_STEP][PASSED] - click(findTestObject("01-Login and Forgot Password/zForgot Password/button_Reset Password")): Object: 'Object Repository/01-Login and Forgot Password/zForgot Password/button_Reset Password' is clicked on

2023-03-03 16:19:23 - [MESSAGE][PASSED] - Object: 'Object Repository/01-Login and Forgot Password/zForgot Password/button_Reset Password' is clicked on

2023-03-03 16:19:23 - [TEST_STEP][PASSED] - verifyElementPresent(findTestObject("01-Login and Forgot Password/zForgot Password/Reset pass- wrong email"), 0): Object 'Object Repository/01-Login and Forgot Password/zForgot Password/Reset pass- wrong email' is present

2023-03-03 16:19:23 - [MESSAGE][WARNING] - Timeout '0' is invalid. Using default page load timeout: '30'

2023-03-03 16:19:24 - [MESSAGE][PASSED] - Object 'Object Repository/01-Login and Forgot Password/zForgot Password/Reset pass- wrong email' is present

2023-03-03 16:19:24 - [TEST_STEP][PASSED] - delay(3): Delayed 3 second(s)

2023-03-03 16:19:27 - [MESSAGE][PASSED] - Delayed 3 second(s)

2023-03-03 16:19:27 - [TEST_STEP][PASSED] - click(findTestObject("01-Login and Forgot Password/zForgot Password/button_Back to login")): Object: 'Object Repository/01-Login and Forgot Password/zForgot Password/button_Back to login' is clicked on

2023-03-03 16:19:28 - [MESSAGE][PASSED] - Object: 'Object Repository/01-Login and Forgot Password/zForgot Password/button_Back to login' is clicked on

2023-03-03 16:19:28 - [TEST_STEP][PASSED] - delay(3): Delayed 3 second(s)

2023-03-03 16:19:31 - [MESSAGE][PASSED] - Delayed 3 second(s)]]></system-out>
         <system-err><![CDATA[]]></system-err>
      </testcase>
      <testcase name="Test Cases/01-Login and Forgot Password/08-Forgot Password(Correct Email)" time="23.842" classname="Test Cases/01-Login and Forgot Password/08-Forgot Password(Correct Email)" status="PASSED">
         <system-out><![CDATA[2023-03-03 16:19:31 - [TEST_CASE][PASSED] - Test Cases/01-Login and Forgot Password/08-Forgot Password(Correct Email): Test Cases/01-Login and Forgot Password/08-Forgot Password(Correct Email)

2023-03-03 16:19:32 - [TEST_STEP][PASSED] - delay(2): Delayed 2 second(s)

2023-03-03 16:19:34 - [MESSAGE][PASSED] - Delayed 2 second(s)

2023-03-03 16:19:34 - [TEST_STEP][PASSED] - click(findTestObject("01-Login and Forgot Password/zForgot Password/a_Forgot password")): Object: 'Object Repository/01-Login and Forgot Password/zForgot Password/a_Forgot password' is clicked on

2023-03-03 16:19:35 - [MESSAGE][PASSED] - Object: 'Object Repository/01-Login and Forgot Password/zForgot Password/a_Forgot password' is clicked on

2023-03-03 16:19:35 - [TEST_STEP][PASSED] - verifyElementPresent(findTestObject("01-Login and Forgot Password/zForgot Password/span_Reset Password"), 0): Object 'Object Repository/01-Login and Forgot Password/zForgot Password/span_Reset Password' is present

2023-03-03 16:19:35 - [MESSAGE][WARNING] - Timeout '0' is invalid. Using default page load timeout: '30'

2023-03-03 16:19:36 - [MESSAGE][PASSED] - Object 'Object Repository/01-Login and Forgot Password/zForgot Password/span_Reset Password' is present

2023-03-03 16:19:36 - [TEST_STEP][PASSED] - delay(2): Delayed 2 second(s)

2023-03-03 16:19:38 - [MESSAGE][PASSED] - Delayed 2 second(s)

2023-03-03 16:19:38 - [TEST_STEP][PASSED] - setText(findTestObject("01-Login and Forgot Password/zForgot Password/Reset pass email field"), "testuser01@mailinator.com"): Text 'testuser01@mailinator.com' is set on object 'Object Repository/01-Login and Forgot Password/zForgot Password/Reset pass email field'

2023-03-03 16:19:39 - [MESSAGE][PASSED] - Text 'testuser01@mailinator.com' is set on object 'Object Repository/01-Login and Forgot Password/zForgot Password/Reset pass email field'

2023-03-03 16:19:39 - [TEST_STEP][PASSED] - delay(2): Delayed 2 second(s)

2023-03-03 16:19:41 - [MESSAGE][PASSED] - Delayed 2 second(s)

2023-03-03 16:19:41 - [TEST_STEP][PASSED] - click(findTestObject("01-Login and Forgot Password/zForgot Password/button_Reset Password")): Object: 'Object Repository/01-Login and Forgot Password/zForgot Password/button_Reset Password' is clicked on

2023-03-03 16:19:42 - [MESSAGE][PASSED] - Object: 'Object Repository/01-Login and Forgot Password/zForgot Password/button_Reset Password' is clicked on

2023-03-03 16:19:42 - [TEST_STEP][PASSED] - verifyElementPresent(findTestObject("01-Login and Forgot Password/zForgot Password/Reset pass - success msg"), 0): Object 'Object Repository/01-Login and Forgot Password/zForgot Password/Reset pass - success msg' is present

2023-03-03 16:19:42 - [MESSAGE][WARNING] - Timeout '0' is invalid. Using default page load timeout: '30'

2023-03-03 16:19:44 - [MESSAGE][PASSED] - Object 'Object Repository/01-Login and Forgot Password/zForgot Password/Reset pass - success msg' is present

2023-03-03 16:19:44 - [TEST_STEP][PASSED] - delay(2): Delayed 2 second(s)

2023-03-03 16:19:46 - [MESSAGE][PASSED] - Delayed 2 second(s)

2023-03-03 16:19:46 - [TEST_STEP][PASSED] - click(findTestObject("01-Login and Forgot Password/zForgot Password/button_Back to login")): Object: 'Object Repository/01-Login and Forgot Password/zForgot Password/button_Back to login' is clicked on

2023-03-03 16:19:47 - [MESSAGE][PASSED] - Object: 'Object Repository/01-Login and Forgot Password/zForgot Password/button_Back to login' is clicked on

2023-03-03 16:19:47 - [TEST_STEP][PASSED] - delay(3): Delayed 3 second(s)

2023-03-03 16:19:50 - [MESSAGE][PASSED] - Delayed 3 second(s)

2023-03-03 16:19:50 - [TEST_STEP][PASSED] - verifyElementVisible(findTestObject("01-Login and Forgot Password/Login_Card")): Object 'Object Repository/01-Login and Forgot Password/Login_Card' is visible

2023-03-03 16:19:51 - [MESSAGE][PASSED] - Object 'Object Repository/01-Login and Forgot Password/Login_Card' is visible

2023-03-03 16:19:51 - [TEST_STEP][PASSED] - delay(2): Delayed 2 second(s)

2023-03-03 16:19:53 - [MESSAGE][PASSED] - Delayed 2 second(s)

2023-03-03 16:19:53 - [TEST_STEP][PASSED] - closeBrowser(): Browser is closed

2023-03-03 16:19:54 - [MESSAGE][PASSED] - Browser is closed]]></system-out>
         <system-err><![CDATA[]]></system-err>
      </testcase>
      <system-out><![CDATA[2023-03-03 16:16:17 - [TEST_SUITE][PASSED] - 01-Login and Forgot Password: Test Cases/01-Login and Forgot Password/08-Forgot Password(Correct Email)]]></system-out>
      <system-err><![CDATA[]]></system-err>
   </testsuite>
</testsuites>
