<?xml version="1.0" encoding="UTF-8"?>
<testsuites name="06.2 - Teams - Settings" time="516.776" tests="2" failures="0" errors="0">
   <testsuite name="06.2 - Teams - Settings" tests="2" failures="0" errors="0" time="516.776" skipped="0" timestamp="2022-04-18 15:48:47" hostname="User - DESKTOP-QCRNR4M" id="Test Suites/TS-Organization/06.2 - Teams - Settings">
      <properties>
         <property name="deviceName" value=""/>
         <property name="devicePlatform" value=""/>
         <property name="logFolder" value="C:\\Users\\User\\Katalon Studio\\EverleaguesMain\\Reports\\20220418_154843\\TS-Organization\\06.2 - Teams - Settings\\20220418_154845"/>
         <property name="logFiles" value="C:\\Users\\User\\Katalon Studio\\EverleaguesMain\\Reports\\20220418_154843\\TS-Organization\\06.2 - Teams - Settings\\20220418_154845\\execution0.log"/>
         <property name="attachments" value=""/>
         <property name="hostName" value="User - DESKTOP-QCRNR4M"/>
         <property name="os" value="Windows 10 64bit"/>
         <property name="katalonVersion" value="8.3.0.208"/>
         <property name="browser" value="Chrome 100.0.4896.127"/>
         <property name="hostAddress" value="192.168.5.83"/>
         <property name="sessionId" value="b2f7f05eff4e260f45a885b582959d7c"/>
         <property name="seleniumVersion" value="3.141.59"/>
         <property name="proxyInformation" value="ProxyInformation { proxyOption=NO_PROXY, proxyServerType=HTTP, username=, password=********, proxyServerAddress=, proxyServerPort=0, executionList=&quot;&quot;, isApplyToDesiredCapabilities=true }"/>
         <property name="platform" value="Windows 10"/>
      </properties>
      <testcase name="Test Cases/06-Teams/03-Edit Team - Private" time="180.139" classname="Test Cases/06-Teams/03-Edit Team - Private" status="PASSED">
         <system-out><![CDATA[2022-04-18 15:48:47 - [TEST_CASE][PASSED] - Test Cases/06-Teams/03-Edit Team - Private: Test Cases/06-Teams/03-Edit Team - Private

2022-04-18 15:48:48 - [TEST_STEP][PASSED] - openBrowser(""): Browser is opened with url: ''

2022-04-18 15:48:48 - [MESSAGE][INFO] - Starting 'Chrome' driver

2022-04-18 15:48:48 - [MESSAGE][INFO] - Action delay is set to 0 milliseconds

2022-04-18 15:48:50 - [MESSAGE][PASSED] - Browser is opened with url: ''

2022-04-18 15:48:50 - [TEST_STEP][PASSED] - navigateToUrl("https://lab.everleagues.com/"): Navigate to 'https://lab.everleagues.com/' successfully

2022-04-18 15:49:35 - [MESSAGE][PASSED] - Navigate to 'https://lab.everleagues.com/' successfully

2022-04-18 15:49:35 - [TEST_STEP][PASSED] - maximizeWindow(): Current window maximized

2022-04-18 15:49:35 - [MESSAGE][PASSED] - Current window maximized

2022-04-18 15:49:35 - [TEST_STEP][PASSED] - setText(findTestObject("02-Side Icons(Organization)/Add Contact/Email Field"), "testuser02@mailinator.com"): Text 'testuser02@mailinator.com' is set on object 'Object Repository/02-Side Icons(Organization)/Add Contact/Email Field'

2022-04-18 15:49:36 - [MESSAGE][PASSED] - Text 'testuser02@mailinator.com' is set on object 'Object Repository/02-Side Icons(Organization)/Add Contact/Email Field'

2022-04-18 15:49:36 - [TEST_STEP][PASSED] - setEncryptedText(findTestObject("02-Side Icons(Organization)/Add Contact/Password Field"), "8yFRyszE6U6jvsCn51OQbg=="): Text ****** has been set on object 'Object Repository/02-Side Icons(Organization)/Add Contact/Password Field'

2022-04-18 15:49:37 - [MESSAGE][PASSED] - Text ****** has been set on object 'Object Repository/02-Side Icons(Organization)/Add Contact/Password Field'

2022-04-18 15:49:37 - [TEST_STEP][PASSED] - click(findTestObject("02-Side Icons(Organization)/Add Contact/button_Sign in")): Object: 'Object Repository/02-Side Icons(Organization)/Add Contact/button_Sign in' is clicked on

2022-04-18 15:49:38 - [MESSAGE][PASSED] - Object: 'Object Repository/02-Side Icons(Organization)/Add Contact/button_Sign in' is clicked on

2022-04-18 15:49:38 - [TEST_STEP][PASSED] - delay(3): Delayed 3 second(s)

2022-04-18 15:49:41 - [MESSAGE][PASSED] - Delayed 3 second(s)

2022-04-18 15:49:41 - [TEST_STEP][PASSED] - click(findTestObject("06-Teams/For 2FA/button_Confirm_2FA")): Object: 'Object Repository/06-Teams/For 2FA/button_Confirm_2FA' is clicked on

2022-04-18 15:49:42 - [MESSAGE][PASSED] - Object: 'Object Repository/06-Teams/For 2FA/button_Confirm_2FA' is clicked on

2022-04-18 15:49:42 - [TEST_STEP][PASSED] - executeJavaScript("window.open();", []): Execute JavaScript 'window.open();' successfully

2022-04-18 15:49:42 - [MESSAGE][PASSED] - Execute JavaScript 'window.open();' successfully

2022-04-18 15:49:42 - [TEST_STEP][PASSED] - currentWindow = getWindowIndex(): Current window's index is: 0

2022-04-18 15:49:42 - [MESSAGE][PASSED] - Current window's index is: 0

2022-04-18 15:49:42 - [TEST_STEP][PASSED] - delay(3): Delayed 3 second(s)

2022-04-18 15:49:45 - [MESSAGE][PASSED] - Delayed 3 second(s)

2022-04-18 15:49:45 - [TEST_STEP][PASSED] - switchToWindowIndex(currentWindow + 1): Switched to window with index: '1'

2022-04-18 15:49:45 - [MESSAGE][PASSED] - Switched to window with index: '1'

2022-04-18 15:49:45 - [TEST_STEP][PASSED] - navigateToUrl("https://www.mailinator.com/"): Navigate to 'https://www.mailinator.com/' successfully

2022-04-18 15:49:47 - [MESSAGE][PASSED] - Navigate to 'https://www.mailinator.com/' successfully

2022-04-18 15:49:47 - [TEST_STEP][PASSED] - delay(3): Delayed 3 second(s)

2022-04-18 15:49:50 - [MESSAGE][PASSED] - Delayed 3 second(s)

2022-04-18 15:49:50 - [TEST_STEP][PASSED] - setText(findTestObject("00-Signup and Activation/zMailinator/input_LOGIN_search"), "testuser02@mailinator.com"): Text 'testuser02@mailinator.com' is set on object 'Object Repository/00-Signup and Activation/zMailinator/input_LOGIN_search'

2022-04-18 15:49:50 - [MESSAGE][PASSED] - Text 'testuser02@mailinator.com' is set on object 'Object Repository/00-Signup and Activation/zMailinator/input_LOGIN_search'

2022-04-18 15:49:50 - [TEST_STEP][PASSED] - click(findTestObject("00-Signup and Activation/zMailinator/gobutton"), STOP_ON_FAILURE): Object: 'Object Repository/00-Signup and Activation/zMailinator/gobutton' is clicked on

2022-04-18 15:49:51 - [MESSAGE][PASSED] - Object: 'Object Repository/00-Signup and Activation/zMailinator/gobutton' is clicked on

2022-04-18 15:49:51 - [TEST_STEP][PASSED] - delay(3): Delayed 3 second(s)

2022-04-18 15:49:54 - [MESSAGE][PASSED] - Delayed 3 second(s)

2022-04-18 15:49:54 - [TEST_STEP][PASSED] - click(findTestObject("00-Signup and Activation/zMailinator/Email - everleagues")): Object: 'Object Repository/00-Signup and Activation/zMailinator/Email - everleagues' is clicked on

2022-04-18 15:49:55 - [MESSAGE][PASSED] - Object: 'Object Repository/00-Signup and Activation/zMailinator/Email - everleagues' is clicked on

2022-04-18 15:49:55 - [TEST_STEP][PASSED] - delay(3): Delayed 3 second(s)

2022-04-18 15:49:58 - [MESSAGE][PASSED] - Delayed 3 second(s)

2022-04-18 15:49:58 - [TEST_STEP][PASSED] - code = getText(findTestObject("Object Repository/06-Teams/For 2FA/2FA code")): Text of object 'Object Repository/06-Teams/For 2FA/2FA code' is: '741704'

2022-04-18 15:49:58 - [MESSAGE][PASSED] - Text of object 'Object Repository/06-Teams/For 2FA/2FA code' is: '741704'

2022-04-18 15:49:58 - [TEST_STEP][PASSED] - delay(3): Delayed 3 second(s)

2022-04-18 15:50:01 - [MESSAGE][PASSED] - Delayed 3 second(s)

2022-04-18 15:50:01 - [TEST_STEP][PASSED] - closeWindowTitle("Mailinator"): Window with title: 'Mailinator' is closed

2022-04-18 15:50:02 - [MESSAGE][PASSED] - Window with title: 'Mailinator' is closed

2022-04-18 15:50:02 - [TEST_STEP][PASSED] - delay(3): Delayed 3 second(s)

2022-04-18 15:50:05 - [MESSAGE][PASSED] - Delayed 3 second(s)

2022-04-18 15:50:05 - [TEST_STEP][PASSED] - switchToWindowIndex(0): Switched to window with index: '0'

2022-04-18 15:50:05 - [MESSAGE][PASSED] - Switched to window with index: '0'

2022-04-18 15:50:05 - [TEST_STEP][PASSED] - delay(3): Delayed 3 second(s)

2022-04-18 15:50:08 - [MESSAGE][PASSED] - Delayed 3 second(s)

2022-04-18 15:50:08 - [TEST_STEP][PASSED] - setText(findTestObject("Object Repository/06-Teams/For 2FA/input_Enter verification code_code"), code): Text '741704' is set on object 'Object Repository/06-Teams/For 2FA/input_Enter verification code_code'

2022-04-18 15:50:09 - [MESSAGE][PASSED] - Text '741704' is set on object 'Object Repository/06-Teams/For 2FA/input_Enter verification code_code'

2022-04-18 15:50:09 - [TEST_STEP][PASSED] - delay(3): Delayed 3 second(s)

2022-04-18 15:50:12 - [MESSAGE][PASSED] - Delayed 3 second(s)

2022-04-18 15:50:12 - [TEST_STEP][PASSED] - click(findTestObject("06-Teams/For 2FA/button_Verify_2FA")): Object: 'Object Repository/06-Teams/For 2FA/button_Verify_2FA' is clicked on

2022-04-18 15:50:12 - [MESSAGE][PASSED] - Object: 'Object Repository/06-Teams/For 2FA/button_Verify_2FA' is clicked on

2022-04-18 15:50:12 - [TEST_STEP][PASSED] - delay(5): Delayed 5 second(s)

2022-04-18 15:50:17 - [MESSAGE][PASSED] - Delayed 5 second(s)

2022-04-18 15:50:17 - [TEST_STEP][PASSED] - click(findTestObject("06-Teams/button_doublearrow")): Object: 'Object Repository/06-Teams/button_doublearrow' is clicked on

2022-04-18 15:50:18 - [MESSAGE][PASSED] - Object: 'Object Repository/06-Teams/button_doublearrow' is clicked on

2022-04-18 15:50:18 - [TEST_STEP][PASSED] - click(findTestObject("06-Teams/button_My Organizations")): Object: 'Object Repository/06-Teams/button_My Organizations' is clicked on

2022-04-18 15:50:18 - [MESSAGE][PASSED] - Object: 'Object Repository/06-Teams/button_My Organizations' is clicked on

2022-04-18 15:50:18 - [TEST_STEP][PASSED] - click(findTestObject("06-Teams/button_GG Automation")): Object: 'Object Repository/06-Teams/button_GG Automation' is clicked on

2022-04-18 15:50:19 - [MESSAGE][PASSED] - Object: 'Object Repository/06-Teams/button_GG Automation' is clicked on

2022-04-18 15:50:19 - [TEST_STEP][PASSED] - delay(4): Delayed 4 second(s)

2022-04-18 15:50:23 - [MESSAGE][PASSED] - Delayed 4 second(s)

2022-04-18 15:50:23 - [TEST_STEP][PASSED] - verifyElementVisible(findTestObject("06-Teams/span_GG Automation")): Object 'Object Repository/06-Teams/span_GG Automation' is visible

2022-04-18 15:50:24 - [MESSAGE][PASSED] - Object 'Object Repository/06-Teams/span_GG Automation' is visible

2022-04-18 15:50:24 - [TEST_STEP][PASSED] - delay(2): Delayed 2 second(s)

2022-04-18 15:50:26 - [MESSAGE][PASSED] - Delayed 2 second(s)

2022-04-18 15:50:26 - [TEST_STEP][PASSED] - click(findTestObject("03-Header Menu/Hamburger Button/div_Teams")): Object: 'Object Repository/03-Header Menu/Hamburger Button/div_Teams' is clicked on

2022-04-18 15:50:26 - [MESSAGE][PASSED] - Object: 'Object Repository/03-Header Menu/Hamburger Button/div_Teams' is clicked on

2022-04-18 15:50:26 - [TEST_STEP][PASSED] - delay(2): Delayed 2 second(s)

2022-04-18 15:50:28 - [MESSAGE][PASSED] - Delayed 2 second(s)

2022-04-18 15:50:28 - [TEST_STEP][PASSED] - verifyElementVisible(findTestObject("06-Teams/h4_TEAMS")): Object 'Object Repository/06-Teams/h4_TEAMS' is visible

2022-04-18 15:50:29 - [MESSAGE][PASSED] - Object 'Object Repository/06-Teams/h4_TEAMS' is visible

2022-04-18 15:50:29 - [TEST_STEP][PASSED] - delay(3): Delayed 3 second(s)

2022-04-18 15:50:32 - [MESSAGE][PASSED] - Delayed 3 second(s)

2022-04-18 15:50:32 - [TEST_STEP][PASSED] - click(findTestObject("06-Teams/03-Edit Team - Private/button_edit Auto Team Private")): Object: 'Object Repository/06-Teams/03-Edit Team - Private/button_edit Auto Team Private' is clicked on

2022-04-18 15:50:32 - [MESSAGE][PASSED] - Object: 'Object Repository/06-Teams/03-Edit Team - Private/button_edit Auto Team Private' is clicked on

2022-04-18 15:50:32 - [TEST_STEP][PASSED] - delay(3): Delayed 3 second(s)

2022-04-18 15:50:35 - [MESSAGE][PASSED] - Delayed 3 second(s)

2022-04-18 15:50:35 - [TEST_STEP][PASSED] - verifyElementVisible(findTestObject("06-Teams/03-Edit Team - Private/h4_Edit Auto Team Private")): Object 'Object Repository/06-Teams/03-Edit Team - Private/h4_Edit Auto Team Private' is visible

2022-04-18 15:50:36 - [MESSAGE][PASSED] - Object 'Object Repository/06-Teams/03-Edit Team - Private/h4_Edit Auto Team Private' is visible

2022-04-18 15:50:36 - [TEST_STEP][PASSED] - verifyElementVisible(findTestObject("06-Teams/03-Edit Team - Private/div_Members")): Object 'Object Repository/06-Teams/03-Edit Team - Private/div_Members' is visible

2022-04-18 15:50:36 - [MESSAGE][PASSED] - Object 'Object Repository/06-Teams/03-Edit Team - Private/div_Members' is visible

2022-04-18 15:50:36 - [TEST_STEP][PASSED] - verifyElementVisible(findTestObject("06-Teams/03-Edit Team - Private/div_Channels")): Object 'Object Repository/06-Teams/03-Edit Team - Private/div_Channels' is visible

2022-04-18 15:50:37 - [MESSAGE][PASSED] - Object 'Object Repository/06-Teams/03-Edit Team - Private/div_Channels' is visible

2022-04-18 15:50:37 - [TEST_STEP][PASSED] - verifyElementVisible(findTestObject("06-Teams/03-Edit Team - Private/div_Settings")): Object 'Object Repository/06-Teams/03-Edit Team - Private/div_Settings' is visible

2022-04-18 15:50:37 - [MESSAGE][PASSED] - Object 'Object Repository/06-Teams/03-Edit Team - Private/div_Settings' is visible

2022-04-18 15:50:37 - [TEST_STEP][PASSED] - delay(3): Delayed 3 second(s)

2022-04-18 15:50:40 - [MESSAGE][PASSED] - Delayed 3 second(s)

2022-04-18 15:50:40 - [TEST_STEP][PASSED] - click(findTestObject("06-Teams/03-Edit Team - Private/input_name or group")): Object: 'Object Repository/06-Teams/03-Edit Team - Private/input_name or group' is clicked on

2022-04-18 15:50:41 - [MESSAGE][PASSED] - Object: 'Object Repository/06-Teams/03-Edit Team - Private/input_name or group' is clicked on

2022-04-18 15:50:41 - [TEST_STEP][PASSED] - click(findTestObject("06-Teams/03-Edit Team - Private/select_GG tester 2")): Object: 'Object Repository/06-Teams/03-Edit Team - Private/select_GG tester 2' is clicked on

2022-04-18 15:50:41 - [MESSAGE][PASSED] - Object: 'Object Repository/06-Teams/03-Edit Team - Private/select_GG tester 2' is clicked on

2022-04-18 15:50:41 - [TEST_STEP][PASSED] - verifyElementVisible(findTestObject("06-Teams/03-Edit Team - Private/selected_GG tester 2")): Object 'Object Repository/06-Teams/03-Edit Team - Private/selected_GG tester 2' is visible

2022-04-18 15:50:42 - [MESSAGE][PASSED] - Object 'Object Repository/06-Teams/03-Edit Team - Private/selected_GG tester 2' is visible

2022-04-18 15:50:42 - [TEST_STEP][PASSED] - delay(3): Delayed 3 second(s)

2022-04-18 15:50:45 - [MESSAGE][PASSED] - Delayed 3 second(s)

2022-04-18 15:50:45 - [TEST_STEP][PASSED] - click(findTestObject("06-Teams/03-Edit Team - Private/div_INVITE")): Object: 'Object Repository/06-Teams/03-Edit Team - Private/div_INVITE' is clicked on

2022-04-18 15:50:45 - [MESSAGE][PASSED] - Object: 'Object Repository/06-Teams/03-Edit Team - Private/div_INVITE' is clicked on

2022-04-18 15:50:45 - [TEST_STEP][PASSED] - verifyElementVisible(findTestObject("06-Teams/03-Edit Team - Private/added_GTGG tester 2")): Object 'Object Repository/06-Teams/03-Edit Team - Private/added_GTGG tester 2' is visible

2022-04-18 15:50:46 - [MESSAGE][PASSED] - Object 'Object Repository/06-Teams/03-Edit Team - Private/added_GTGG tester 2' is visible

2022-04-18 15:50:46 - [TEST_STEP][PASSED] - delay(3): Delayed 3 second(s)

2022-04-18 15:50:49 - [MESSAGE][PASSED] - Delayed 3 second(s)

2022-04-18 15:50:49 - [TEST_STEP][PASSED] - mouseOver(findTestObject("06-Teams/03-Edit Team - Private/mouse over target element")): Object: 'Object Repository/06-Teams/03-Edit Team - Private/mouse over target element' is hovered

2022-04-18 15:50:50 - [MESSAGE][PASSED] - Object: 'Object Repository/06-Teams/03-Edit Team - Private/mouse over target element' is hovered

2022-04-18 15:50:50 - [TEST_STEP][PASSED] - click(findTestObject("06-Teams/03-Edit Team - Private/button_promote to admin")): Object: 'Object Repository/06-Teams/03-Edit Team - Private/button_promote to admin' is clicked on

2022-04-18 15:50:50 - [MESSAGE][PASSED] - Object: 'Object Repository/06-Teams/03-Edit Team - Private/button_promote to admin' is clicked on

2022-04-18 15:50:50 - [TEST_STEP][PASSED] - verifyElementVisible(findTestObject("06-Teams/03-Edit Team - Private/span_Admin")): Object 'Object Repository/06-Teams/03-Edit Team - Private/span_Admin' is visible

2022-04-18 15:50:51 - [MESSAGE][PASSED] - Object 'Object Repository/06-Teams/03-Edit Team - Private/span_Admin' is visible

2022-04-18 15:50:51 - [TEST_STEP][PASSED] - delay(3): Delayed 3 second(s)

2022-04-18 15:50:54 - [MESSAGE][PASSED] - Delayed 3 second(s)

2022-04-18 15:50:54 - [TEST_STEP][PASSED] - mouseOver(findTestObject("06-Teams/03-Edit Team - Private/mouse over target element 2")): Object: 'Object Repository/06-Teams/03-Edit Team - Private/mouse over target element 2' is hovered

2022-04-18 15:50:54 - [MESSAGE][PASSED] - Object: 'Object Repository/06-Teams/03-Edit Team - Private/mouse over target element 2' is hovered

2022-04-18 15:50:54 - [TEST_STEP][PASSED] - click(findTestObject("06-Teams/03-Edit Team - Private/button_remove member")): Object: 'Object Repository/06-Teams/03-Edit Team - Private/button_remove member' is clicked on

2022-04-18 15:50:55 - [MESSAGE][PASSED] - Object: 'Object Repository/06-Teams/03-Edit Team - Private/button_remove member' is clicked on

2022-04-18 15:50:55 - [TEST_STEP][PASSED] - verifyElementNotPresent(findTestObject("06-Teams/03-Edit Team - Private/added_GTGG tester 2"), 0): Web element with id: 'Object Repository/06-Teams/03-Edit Team - Private/added_GTGG tester 2' located by 'By.xpath: //td[(text() = 'GTGG tester 2' or . = 'GTGG tester 2')]' is not present after '30' second(s)

2022-04-18 15:50:55 - [MESSAGE][WARNING] - Timeout '0' is invalid. Using default page load timeout: '30'

2022-04-18 15:50:56 - [MESSAGE][PASSED] - Web element with id: 'Object Repository/06-Teams/03-Edit Team - Private/added_GTGG tester 2' located by 'By.xpath: //td[(text() = 'GTGG tester 2' or . = 'GTGG tester 2')]' is not present after '30' second(s)

2022-04-18 15:50:56 - [TEST_STEP][PASSED] - delay(5): Delayed 5 second(s)

2022-04-18 15:51:01 - [MESSAGE][PASSED] - Delayed 5 second(s)

2022-04-18 15:51:01 - [TEST_STEP][PASSED] - click(findTestObject("06-Teams/03-Edit Team - Private/div_Channels")): Object: 'Object Repository/06-Teams/03-Edit Team - Private/div_Channels' is clicked on

2022-04-18 15:51:01 - [MESSAGE][PASSED] - Object: 'Object Repository/06-Teams/03-Edit Team - Private/div_Channels' is clicked on

2022-04-18 15:51:01 - [TEST_STEP][PASSED] - verifyElementVisible(findTestObject("06-Teams/03-Edit Team - Private/div_Showing channels in team_Add Channel")): Object 'Object Repository/06-Teams/03-Edit Team - Private/div_Showing channels in team_Add Channel' is visible

2022-04-18 15:51:02 - [MESSAGE][PASSED] - Object 'Object Repository/06-Teams/03-Edit Team - Private/div_Showing channels in team_Add Channel' is visible

2022-04-18 15:51:02 - [TEST_STEP][PASSED] - delay(3): Delayed 3 second(s)

2022-04-18 15:51:05 - [MESSAGE][PASSED] - Delayed 3 second(s)

2022-04-18 15:51:05 - [TEST_STEP][PASSED] - click(findTestObject("06-Teams/03-Edit Team - Private/div_Add Channel")): Object: 'Object Repository/06-Teams/03-Edit Team - Private/div_Add Channel' is clicked on

2022-04-18 15:51:05 - [MESSAGE][PASSED] - Object: 'Object Repository/06-Teams/03-Edit Team - Private/div_Add Channel' is clicked on

2022-04-18 15:51:05 - [TEST_STEP][PASSED] - verifyElementVisible(findTestObject("06-Teams/03-Edit Team - Private/add channel modal")): Object 'Object Repository/06-Teams/03-Edit Team - Private/add channel modal' is visible

2022-04-18 15:51:06 - [MESSAGE][PASSED] - Object 'Object Repository/06-Teams/03-Edit Team - Private/add channel modal' is visible

2022-04-18 15:51:06 - [TEST_STEP][PASSED] - verifyElementNotClickable(findTestObject("06-Teams/03-Edit Team - Private/button_Add")): Object 'Object Repository/06-Teams/03-Edit Team - Private/button_Add' is NOT clickable

2022-04-18 15:51:07 - [MESSAGE][PASSED] - Object 'Object Repository/06-Teams/03-Edit Team - Private/button_Add' is NOT clickable

2022-04-18 15:51:07 - [TEST_STEP][PASSED] - delay(3): Delayed 3 second(s)

2022-04-18 15:51:10 - [MESSAGE][PASSED] - Delayed 3 second(s)

2022-04-18 15:51:10 - [TEST_STEP][PASSED] - click(findTestObject("06-Teams/03-Edit Team - Private/input_channel name")): Object: 'Object Repository/06-Teams/03-Edit Team - Private/input_channel name' is clicked on

2022-04-18 15:51:10 - [MESSAGE][PASSED] - Object: 'Object Repository/06-Teams/03-Edit Team - Private/input_channel name' is clicked on

2022-04-18 15:51:10 - [TEST_STEP][PASSED] - click(findTestObject("06-Teams/03-Edit Team - Private/h4_Add Channel")): Object: 'Object Repository/06-Teams/03-Edit Team - Private/h4_Add Channel' is clicked on

2022-04-18 15:51:10 - [MESSAGE][PASSED] - Object: 'Object Repository/06-Teams/03-Edit Team - Private/h4_Add Channel' is clicked on

2022-04-18 15:51:10 - [TEST_STEP][PASSED] - verifyElementVisible(findTestObject("06-Teams/03-Edit Team - Private/div_Channel Name Field is required")): Object 'Object Repository/06-Teams/03-Edit Team - Private/div_Channel Name Field is required' is visible

2022-04-18 15:51:11 - [MESSAGE][PASSED] - Object 'Object Repository/06-Teams/03-Edit Team - Private/div_Channel Name Field is required' is visible

2022-04-18 15:51:11 - [TEST_STEP][PASSED] - delay(3): Delayed 3 second(s)

2022-04-18 15:51:14 - [MESSAGE][PASSED] - Delayed 3 second(s)

2022-04-18 15:51:14 - [TEST_STEP][PASSED] - setText(findTestObject("06-Teams/03-Edit Team - Private/input_channel name"), "Auto Channel"): Text 'Auto Channel' is set on object 'Object Repository/06-Teams/03-Edit Team - Private/input_channel name'

2022-04-18 15:51:15 - [MESSAGE][PASSED] - Text 'Auto Channel' is set on object 'Object Repository/06-Teams/03-Edit Team - Private/input_channel name'

2022-04-18 15:51:15 - [TEST_STEP][PASSED] - click(findTestObject("06-Teams/03-Edit Team - Private/button_Add")): Object: 'Object Repository/06-Teams/03-Edit Team - Private/button_Add' is clicked on

2022-04-18 15:51:15 - [MESSAGE][PASSED] - Object: 'Object Repository/06-Teams/03-Edit Team - Private/button_Add' is clicked on

2022-04-18 15:51:15 - [TEST_STEP][PASSED] - verifyElementVisible(findTestObject("06-Teams/03-Edit Team - Private/Successfully added channel to team")): Object 'Object Repository/06-Teams/03-Edit Team - Private/Successfully added channel to team' is visible

2022-04-18 15:51:17 - [MESSAGE][PASSED] - Object 'Object Repository/06-Teams/03-Edit Team - Private/Successfully added channel to team' is visible

2022-04-18 15:51:17 - [TEST_STEP][PASSED] - delay(3): Delayed 3 second(s)

2022-04-18 15:51:20 - [MESSAGE][PASSED] - Delayed 3 second(s)

2022-04-18 15:51:20 - [TEST_STEP][PASSED] - verifyElementVisible(findTestObject("06-Teams/03-Edit Team - Private/div_Auto Channel")): Object 'Object Repository/06-Teams/03-Edit Team - Private/div_Auto Channel' is visible

2022-04-18 15:51:20 - [MESSAGE][PASSED] - Object 'Object Repository/06-Teams/03-Edit Team - Private/div_Auto Channel' is visible

2022-04-18 15:51:20 - [TEST_STEP][PASSED] - delay(3): Delayed 3 second(s)

2022-04-18 15:51:23 - [MESSAGE][PASSED] - Delayed 3 second(s)

2022-04-18 15:51:23 - [TEST_STEP][PASSED] - click(findTestObject("06-Teams/03-Edit Team - Private/button_edit channel")): Object: 'Object Repository/06-Teams/03-Edit Team - Private/button_edit channel' is clicked on

2022-04-18 15:51:23 - [MESSAGE][PASSED] - Object: 'Object Repository/06-Teams/03-Edit Team - Private/button_edit channel' is clicked on

2022-04-18 15:51:23 - [TEST_STEP][PASSED] - verifyElementVisible(findTestObject("06-Teams/03-Edit Team - Private/Edit channel modal")): Object 'Object Repository/06-Teams/03-Edit Team - Private/Edit channel modal' is visible

2022-04-18 15:51:24 - [MESSAGE][PASSED] - Object 'Object Repository/06-Teams/03-Edit Team - Private/Edit channel modal' is visible

2022-04-18 15:51:24 - [TEST_STEP][PASSED] - verifyElementNotClickable(findTestObject("06-Teams/03-Edit Team - Private/button_Save")): Object 'Object Repository/06-Teams/03-Edit Team - Private/button_Save' is NOT clickable

2022-04-18 15:51:25 - [MESSAGE][PASSED] - Object 'Object Repository/06-Teams/03-Edit Team - Private/button_Save' is NOT clickable

2022-04-18 15:51:25 - [TEST_STEP][PASSED] - delay(3): Delayed 3 second(s)

2022-04-18 15:51:28 - [MESSAGE][PASSED] - Delayed 3 second(s)

2022-04-18 15:51:28 - [TEST_STEP][PASSED] - setText(findTestObject("06-Teams/03-Edit Team - Private/input_Edit Channel name"), "Auto Channel Edit"): Text 'Auto Channel Edit' is set on object 'Object Repository/06-Teams/03-Edit Team - Private/input_Edit Channel name'

2022-04-18 15:51:29 - [MESSAGE][PASSED] - Text 'Auto Channel Edit' is set on object 'Object Repository/06-Teams/03-Edit Team - Private/input_Edit Channel name'

2022-04-18 15:51:29 - [TEST_STEP][PASSED] - click(findTestObject("06-Teams/03-Edit Team - Private/button_Save")): Object: 'Object Repository/06-Teams/03-Edit Team - Private/button_Save' is clicked on

2022-04-18 15:51:29 - [MESSAGE][PASSED] - Object: 'Object Repository/06-Teams/03-Edit Team - Private/button_Save' is clicked on

2022-04-18 15:51:29 - [TEST_STEP][PASSED] - verifyElementVisible(findTestObject("06-Teams/03-Edit Team - Private/Successfully edited channel")): Object 'Object Repository/06-Teams/03-Edit Team - Private/Successfully edited channel' is visible

2022-04-18 15:51:31 - [MESSAGE][PASSED] - Object 'Object Repository/06-Teams/03-Edit Team - Private/Successfully edited channel' is visible

2022-04-18 15:51:31 - [TEST_STEP][PASSED] - delay(3): Delayed 3 second(s)

2022-04-18 15:51:34 - [MESSAGE][PASSED] - Delayed 3 second(s)

2022-04-18 15:51:34 - [TEST_STEP][PASSED] - click(findTestObject("06-Teams/03-Edit Team - Private/button_delete channel")): Object: 'Object Repository/06-Teams/03-Edit Team - Private/button_delete channel' is clicked on

2022-04-18 15:51:34 - [MESSAGE][PASSED] - Object: 'Object Repository/06-Teams/03-Edit Team - Private/button_delete channel' is clicked on

2022-04-18 15:51:34 - [TEST_STEP][PASSED] - verifyElementVisible(findTestObject("06-Teams/03-Edit Team - Private/Delete confirm modal")): Object 'Object Repository/06-Teams/03-Edit Team - Private/Delete confirm modal' is visible

2022-04-18 15:51:35 - [MESSAGE][PASSED] - Object 'Object Repository/06-Teams/03-Edit Team - Private/Delete confirm modal' is visible

2022-04-18 15:51:35 - [TEST_STEP][PASSED] - click(findTestObject("06-Teams/03-Edit Team - Private/button_delete")): Object: 'Object Repository/06-Teams/03-Edit Team - Private/button_delete' is clicked on

2022-04-18 15:51:35 - [MESSAGE][PASSED] - Object: 'Object Repository/06-Teams/03-Edit Team - Private/button_delete' is clicked on

2022-04-18 15:51:35 - [TEST_STEP][PASSED] - verifyElementVisible(findTestObject("06-Teams/03-Edit Team - Private/Successfully deleted channel")): Object 'Object Repository/06-Teams/03-Edit Team - Private/Successfully deleted channel' is visible

2022-04-18 15:51:37 - [MESSAGE][PASSED] - Object 'Object Repository/06-Teams/03-Edit Team - Private/Successfully deleted channel' is visible

2022-04-18 15:51:37 - [TEST_STEP][PASSED] - delay(3): Delayed 3 second(s)

2022-04-18 15:51:40 - [MESSAGE][PASSED] - Delayed 3 second(s)

2022-04-18 15:51:40 - [TEST_STEP][PASSED] - click(findTestObject("06-Teams/03-Edit Team - Private/div_Settings")): Object: 'Object Repository/06-Teams/03-Edit Team - Private/div_Settings' is clicked on

2022-04-18 15:51:40 - [MESSAGE][PASSED] - Object: 'Object Repository/06-Teams/03-Edit Team - Private/div_Settings' is clicked on

2022-04-18 15:51:40 - [TEST_STEP][PASSED] - delay(3): Delayed 3 second(s)

2022-04-18 15:51:43 - [MESSAGE][PASSED] - Delayed 3 second(s)

2022-04-18 15:51:43 - [TEST_STEP][PASSED] - verifyElementVisible(findTestObject("06-Teams/03-Edit Team - Private/Private_settings")): Object 'Object Repository/06-Teams/03-Edit Team - Private/Private_settings' is visible

2022-04-18 15:51:44 - [MESSAGE][PASSED] - Object 'Object Repository/06-Teams/03-Edit Team - Private/Private_settings' is visible

2022-04-18 15:51:44 - [TEST_STEP][PASSED] - delay(3): Delayed 3 second(s)

2022-04-18 15:51:47 - [MESSAGE][PASSED] - Delayed 3 second(s)

2022-04-18 15:51:47 - [TEST_STEP][PASSED] - closeBrowser(): Browser is closed

2022-04-18 15:51:47 - [MESSAGE][PASSED] - Browser is closed]]></system-out>
         <system-err><![CDATA[]]></system-err>
      </testcase>
      <testcase name="Test Cases/06-Teams/04-Edit Team- Public" time="336.326" classname="Test Cases/06-Teams/04-Edit Team- Public" status="PASSED">
         <system-out><![CDATA[2022-04-18 15:51:47 - [TEST_CASE][PASSED] - Test Cases/06-Teams/04-Edit Team- Public: Test Cases/06-Teams/04-Edit Team- Public

2022-04-18 15:51:48 - [TEST_STEP][PASSED] - openBrowser(""): Browser is opened with url: ''

2022-04-18 15:51:48 - [MESSAGE][INFO] - Starting 'Chrome' driver

2022-04-18 15:51:48 - [MESSAGE][INFO] - Action delay is set to 0 milliseconds

2022-04-18 15:51:49 - [MESSAGE][PASSED] - Browser is opened with url: ''

2022-04-18 15:51:49 - [TEST_STEP][PASSED] - navigateToUrl("https://lab.everleagues.com/"): Navigate to 'https://lab.everleagues.com/' successfully

2022-04-18 15:55:41 - [MESSAGE][PASSED] - Navigate to 'https://lab.everleagues.com/' successfully

2022-04-18 15:55:41 - [TEST_STEP][PASSED] - maximizeWindow(): Current window maximized

2022-04-18 15:55:42 - [MESSAGE][PASSED] - Current window maximized

2022-04-18 15:55:42 - [TEST_STEP][PASSED] - setText(findTestObject("02-Side Icons(Organization)/Add Contact/Email Field"), "testuser02@mailinator.com"): Text 'testuser02@mailinator.com' is set on object 'Object Repository/02-Side Icons(Organization)/Add Contact/Email Field'

2022-04-18 15:55:43 - [MESSAGE][PASSED] - Text 'testuser02@mailinator.com' is set on object 'Object Repository/02-Side Icons(Organization)/Add Contact/Email Field'

2022-04-18 15:55:43 - [TEST_STEP][PASSED] - setEncryptedText(findTestObject("02-Side Icons(Organization)/Add Contact/Password Field"), "8yFRyszE6U6jvsCn51OQbg=="): Text ****** has been set on object 'Object Repository/02-Side Icons(Organization)/Add Contact/Password Field'

2022-04-18 15:55:44 - [MESSAGE][PASSED] - Text ****** has been set on object 'Object Repository/02-Side Icons(Organization)/Add Contact/Password Field'

2022-04-18 15:55:44 - [TEST_STEP][PASSED] - click(findTestObject("02-Side Icons(Organization)/Add Contact/button_Sign in")): Object: 'Object Repository/02-Side Icons(Organization)/Add Contact/button_Sign in' is clicked on

2022-04-18 15:55:44 - [MESSAGE][PASSED] - Object: 'Object Repository/02-Side Icons(Organization)/Add Contact/button_Sign in' is clicked on

2022-04-18 15:55:44 - [TEST_STEP][PASSED] - delay(3): Delayed 3 second(s)

2022-04-18 15:55:47 - [MESSAGE][PASSED] - Delayed 3 second(s)

2022-04-18 15:55:47 - [TEST_STEP][PASSED] - click(findTestObject("06-Teams/For 2FA/button_Confirm_2FA")): Object: 'Object Repository/06-Teams/For 2FA/button_Confirm_2FA' is clicked on

2022-04-18 15:55:48 - [MESSAGE][PASSED] - Object: 'Object Repository/06-Teams/For 2FA/button_Confirm_2FA' is clicked on

2022-04-18 15:55:48 - [TEST_STEP][PASSED] - executeJavaScript("window.open();", []): Execute JavaScript 'window.open();' successfully

2022-04-18 15:55:48 - [MESSAGE][PASSED] - Execute JavaScript 'window.open();' successfully

2022-04-18 15:55:48 - [TEST_STEP][PASSED] - currentWindow = getWindowIndex(): Current window's index is: 0

2022-04-18 15:55:48 - [MESSAGE][PASSED] - Current window's index is: 0

2022-04-18 15:55:48 - [TEST_STEP][PASSED] - delay(3): Delayed 3 second(s)

2022-04-18 15:55:51 - [MESSAGE][PASSED] - Delayed 3 second(s)

2022-04-18 15:55:51 - [TEST_STEP][PASSED] - switchToWindowIndex(currentWindow + 1): Switched to window with index: '1'

2022-04-18 15:55:51 - [MESSAGE][PASSED] - Switched to window with index: '1'

2022-04-18 15:55:51 - [TEST_STEP][PASSED] - navigateToUrl("https://www.mailinator.com/"): Navigate to 'https://www.mailinator.com/' successfully

2022-04-18 15:55:53 - [MESSAGE][PASSED] - Navigate to 'https://www.mailinator.com/' successfully

2022-04-18 15:55:53 - [TEST_STEP][PASSED] - delay(3): Delayed 3 second(s)

2022-04-18 15:55:56 - [MESSAGE][PASSED] - Delayed 3 second(s)

2022-04-18 15:55:56 - [TEST_STEP][PASSED] - setText(findTestObject("00-Signup and Activation/zMailinator/input_LOGIN_search"), "testuser02@mailinator.com"): Text 'testuser02@mailinator.com' is set on object 'Object Repository/00-Signup and Activation/zMailinator/input_LOGIN_search'

2022-04-18 15:55:56 - [MESSAGE][PASSED] - Text 'testuser02@mailinator.com' is set on object 'Object Repository/00-Signup and Activation/zMailinator/input_LOGIN_search'

2022-04-18 15:55:56 - [TEST_STEP][PASSED] - click(findTestObject("00-Signup and Activation/zMailinator/gobutton"), STOP_ON_FAILURE): Object: 'Object Repository/00-Signup and Activation/zMailinator/gobutton' is clicked on

2022-04-18 15:55:57 - [MESSAGE][PASSED] - Object: 'Object Repository/00-Signup and Activation/zMailinator/gobutton' is clicked on

2022-04-18 15:55:57 - [TEST_STEP][PASSED] - delay(3): Delayed 3 second(s)

2022-04-18 15:56:00 - [MESSAGE][PASSED] - Delayed 3 second(s)

2022-04-18 15:56:00 - [TEST_STEP][PASSED] - click(findTestObject("00-Signup and Activation/zMailinator/Email - everleagues")): Object: 'Object Repository/00-Signup and Activation/zMailinator/Email - everleagues' is clicked on

2022-04-18 15:56:01 - [MESSAGE][PASSED] - Object: 'Object Repository/00-Signup and Activation/zMailinator/Email - everleagues' is clicked on

2022-04-18 15:56:01 - [TEST_STEP][PASSED] - delay(3): Delayed 3 second(s)

2022-04-18 15:56:04 - [MESSAGE][PASSED] - Delayed 3 second(s)

2022-04-18 15:56:04 - [TEST_STEP][PASSED] - code = getText(findTestObject("Object Repository/06-Teams/For 2FA/2FA code")): Text of object 'Object Repository/06-Teams/For 2FA/2FA code' is: '589721'

2022-04-18 15:56:04 - [MESSAGE][PASSED] - Text of object 'Object Repository/06-Teams/For 2FA/2FA code' is: '589721'

2022-04-18 15:56:04 - [TEST_STEP][PASSED] - delay(3): Delayed 3 second(s)

2022-04-18 15:56:07 - [MESSAGE][PASSED] - Delayed 3 second(s)

2022-04-18 15:56:07 - [TEST_STEP][PASSED] - closeWindowTitle("Mailinator"): Window with title: 'Mailinator' is closed

2022-04-18 15:56:07 - [MESSAGE][PASSED] - Window with title: 'Mailinator' is closed

2022-04-18 15:56:07 - [TEST_STEP][PASSED] - delay(3): Delayed 3 second(s)

2022-04-18 15:56:10 - [MESSAGE][PASSED] - Delayed 3 second(s)

2022-04-18 15:56:10 - [TEST_STEP][PASSED] - switchToWindowIndex(0): Switched to window with index: '0'

2022-04-18 15:56:11 - [MESSAGE][PASSED] - Switched to window with index: '0'

2022-04-18 15:56:11 - [TEST_STEP][PASSED] - delay(3): Delayed 3 second(s)

2022-04-18 15:56:14 - [MESSAGE][PASSED] - Delayed 3 second(s)

2022-04-18 15:56:14 - [TEST_STEP][PASSED] - setText(findTestObject("Object Repository/06-Teams/For 2FA/input_Enter verification code_code"), code): Text '589721' is set on object 'Object Repository/06-Teams/For 2FA/input_Enter verification code_code'

2022-04-18 15:56:15 - [MESSAGE][PASSED] - Text '589721' is set on object 'Object Repository/06-Teams/For 2FA/input_Enter verification code_code'

2022-04-18 15:56:15 - [TEST_STEP][PASSED] - delay(3): Delayed 3 second(s)

2022-04-18 15:56:18 - [MESSAGE][PASSED] - Delayed 3 second(s)

2022-04-18 15:56:18 - [TEST_STEP][PASSED] - click(findTestObject("06-Teams/For 2FA/button_Verify_2FA")): Object: 'Object Repository/06-Teams/For 2FA/button_Verify_2FA' is clicked on

2022-04-18 15:56:18 - [MESSAGE][PASSED] - Object: 'Object Repository/06-Teams/For 2FA/button_Verify_2FA' is clicked on

2022-04-18 15:56:18 - [TEST_STEP][PASSED] - delay(5): Delayed 5 second(s)

2022-04-18 15:56:23 - [MESSAGE][PASSED] - Delayed 5 second(s)

2022-04-18 15:56:23 - [TEST_STEP][PASSED] - click(findTestObject("06-Teams/button_doublearrow")): Object: 'Object Repository/06-Teams/button_doublearrow' is clicked on

2022-04-18 15:56:24 - [MESSAGE][PASSED] - Object: 'Object Repository/06-Teams/button_doublearrow' is clicked on

2022-04-18 15:56:24 - [TEST_STEP][PASSED] - click(findTestObject("06-Teams/button_My Organizations")): Object: 'Object Repository/06-Teams/button_My Organizations' is clicked on

2022-04-18 15:56:24 - [MESSAGE][PASSED] - Object: 'Object Repository/06-Teams/button_My Organizations' is clicked on

2022-04-18 15:56:24 - [TEST_STEP][PASSED] - click(findTestObject("06-Teams/button_GG Automation")): Object: 'Object Repository/06-Teams/button_GG Automation' is clicked on

2022-04-18 15:56:25 - [MESSAGE][PASSED] - Object: 'Object Repository/06-Teams/button_GG Automation' is clicked on

2022-04-18 15:56:25 - [TEST_STEP][PASSED] - delay(4): Delayed 4 second(s)

2022-04-18 15:56:29 - [MESSAGE][PASSED] - Delayed 4 second(s)

2022-04-18 15:56:29 - [TEST_STEP][PASSED] - verifyElementVisible(findTestObject("06-Teams/span_GG Automation")): Object 'Object Repository/06-Teams/span_GG Automation' is visible

2022-04-18 15:56:29 - [MESSAGE][PASSED] - Object 'Object Repository/06-Teams/span_GG Automation' is visible

2022-04-18 15:56:29 - [TEST_STEP][PASSED] - delay(2): Delayed 2 second(s)

2022-04-18 15:56:31 - [MESSAGE][PASSED] - Delayed 2 second(s)

2022-04-18 15:56:31 - [TEST_STEP][PASSED] - click(findTestObject("03-Header Menu/Hamburger Button/div_Teams")): Object: 'Object Repository/03-Header Menu/Hamburger Button/div_Teams' is clicked on

2022-04-18 15:56:32 - [MESSAGE][PASSED] - Object: 'Object Repository/03-Header Menu/Hamburger Button/div_Teams' is clicked on

2022-04-18 15:56:32 - [TEST_STEP][PASSED] - delay(2): Delayed 2 second(s)

2022-04-18 15:56:34 - [MESSAGE][PASSED] - Delayed 2 second(s)

2022-04-18 15:56:34 - [TEST_STEP][PASSED] - verifyElementVisible(findTestObject("06-Teams/h4_TEAMS")): Object 'Object Repository/06-Teams/h4_TEAMS' is visible

2022-04-18 15:56:34 - [MESSAGE][PASSED] - Object 'Object Repository/06-Teams/h4_TEAMS' is visible

2022-04-18 15:56:34 - [TEST_STEP][PASSED] - delay(3): Delayed 3 second(s)

2022-04-18 15:56:37 - [MESSAGE][PASSED] - Delayed 3 second(s)

2022-04-18 15:56:37 - [TEST_STEP][PASSED] - click(findTestObject("06-Teams/04-Edit Team-Public/button_edit Auto Team Public")): Object: 'Object Repository/06-Teams/04-Edit Team-Public/button_edit Auto Team Public' is clicked on

2022-04-18 15:56:38 - [MESSAGE][PASSED] - Object: 'Object Repository/06-Teams/04-Edit Team-Public/button_edit Auto Team Public' is clicked on

2022-04-18 15:56:38 - [TEST_STEP][PASSED] - verifyElementVisible(findTestObject("06-Teams/04-Edit Team-Public/h4_Edit Auto Team Public")): Object 'Object Repository/06-Teams/04-Edit Team-Public/h4_Edit Auto Team Public' is visible

2022-04-18 15:56:39 - [MESSAGE][PASSED] - Object 'Object Repository/06-Teams/04-Edit Team-Public/h4_Edit Auto Team Public' is visible

2022-04-18 15:56:39 - [TEST_STEP][PASSED] - delay(3): Delayed 3 second(s)

2022-04-18 15:56:42 - [MESSAGE][PASSED] - Delayed 3 second(s)

2022-04-18 15:56:42 - [TEST_STEP][PASSED] - click(findTestObject("06-Teams/03-Edit Team - Private/div_Add Channel")): Object: 'Object Repository/06-Teams/03-Edit Team - Private/div_Add Channel' is clicked on

2022-04-18 15:56:42 - [MESSAGE][PASSED] - Object: 'Object Repository/06-Teams/03-Edit Team - Private/div_Add Channel' is clicked on

2022-04-18 15:56:42 - [TEST_STEP][PASSED] - verifyElementVisible(findTestObject("06-Teams/03-Edit Team - Private/add channel modal")): Object 'Object Repository/06-Teams/03-Edit Team - Private/add channel modal' is visible

2022-04-18 15:56:43 - [MESSAGE][PASSED] - Object 'Object Repository/06-Teams/03-Edit Team - Private/add channel modal' is visible

2022-04-18 15:56:43 - [TEST_STEP][PASSED] - verifyElementNotClickable(findTestObject("06-Teams/03-Edit Team - Private/button_Add")): Object 'Object Repository/06-Teams/03-Edit Team - Private/button_Add' is NOT clickable

2022-04-18 15:56:43 - [MESSAGE][PASSED] - Object 'Object Repository/06-Teams/03-Edit Team - Private/button_Add' is NOT clickable

2022-04-18 15:56:43 - [TEST_STEP][PASSED] - delay(3): Delayed 3 second(s)

2022-04-18 15:56:46 - [MESSAGE][PASSED] - Delayed 3 second(s)

2022-04-18 15:56:46 - [TEST_STEP][PASSED] - click(findTestObject("06-Teams/03-Edit Team - Private/input_channel name")): Object: 'Object Repository/06-Teams/03-Edit Team - Private/input_channel name' is clicked on

2022-04-18 15:56:47 - [MESSAGE][PASSED] - Object: 'Object Repository/06-Teams/03-Edit Team - Private/input_channel name' is clicked on

2022-04-18 15:56:47 - [TEST_STEP][PASSED] - click(findTestObject("06-Teams/03-Edit Team - Private/h4_Add Channel")): Object: 'Object Repository/06-Teams/03-Edit Team - Private/h4_Add Channel' is clicked on

2022-04-18 15:56:47 - [MESSAGE][PASSED] - Object: 'Object Repository/06-Teams/03-Edit Team - Private/h4_Add Channel' is clicked on

2022-04-18 15:56:47 - [TEST_STEP][PASSED] - verifyElementVisible(findTestObject("06-Teams/03-Edit Team - Private/div_Channel Name Field is required")): Object 'Object Repository/06-Teams/03-Edit Team - Private/div_Channel Name Field is required' is visible

2022-04-18 15:56:47 - [MESSAGE][PASSED] - Object 'Object Repository/06-Teams/03-Edit Team - Private/div_Channel Name Field is required' is visible

2022-04-18 15:56:47 - [TEST_STEP][PASSED] - delay(3): Delayed 3 second(s)

2022-04-18 15:56:50 - [MESSAGE][PASSED] - Delayed 3 second(s)

2022-04-18 15:56:50 - [TEST_STEP][PASSED] - setText(findTestObject("06-Teams/03-Edit Team - Private/input_channel name"), "Auto Channel"): Text 'Auto Channel' is set on object 'Object Repository/06-Teams/03-Edit Team - Private/input_channel name'

2022-04-18 15:56:51 - [MESSAGE][PASSED] - Text 'Auto Channel' is set on object 'Object Repository/06-Teams/03-Edit Team - Private/input_channel name'

2022-04-18 15:56:51 - [TEST_STEP][PASSED] - click(findTestObject("06-Teams/03-Edit Team - Private/button_Add")): Object: 'Object Repository/06-Teams/03-Edit Team - Private/button_Add' is clicked on

2022-04-18 15:56:52 - [MESSAGE][PASSED] - Object: 'Object Repository/06-Teams/03-Edit Team - Private/button_Add' is clicked on

2022-04-18 15:56:52 - [TEST_STEP][PASSED] - verifyElementVisible(findTestObject("06-Teams/03-Edit Team - Private/Successfully added channel to team")): Object 'Object Repository/06-Teams/03-Edit Team - Private/Successfully added channel to team' is visible

2022-04-18 15:56:53 - [MESSAGE][PASSED] - Object 'Object Repository/06-Teams/03-Edit Team - Private/Successfully added channel to team' is visible

2022-04-18 15:56:53 - [TEST_STEP][PASSED] - delay(3): Delayed 3 second(s)

2022-04-18 15:56:56 - [MESSAGE][PASSED] - Delayed 3 second(s)

2022-04-18 15:56:56 - [TEST_STEP][PASSED] - verifyElementVisible(findTestObject("06-Teams/03-Edit Team - Private/div_Auto Channel")): Object 'Object Repository/06-Teams/03-Edit Team - Private/div_Auto Channel' is visible

2022-04-18 15:56:56 - [MESSAGE][PASSED] - Object 'Object Repository/06-Teams/03-Edit Team - Private/div_Auto Channel' is visible

2022-04-18 15:56:56 - [TEST_STEP][PASSED] - delay(3): Delayed 3 second(s)

2022-04-18 15:56:59 - [MESSAGE][PASSED] - Delayed 3 second(s)

2022-04-18 15:56:59 - [TEST_STEP][PASSED] - click(findTestObject("06-Teams/03-Edit Team - Private/button_edit channel")): Object: 'Object Repository/06-Teams/03-Edit Team - Private/button_edit channel' is clicked on

2022-04-18 15:57:00 - [MESSAGE][PASSED] - Object: 'Object Repository/06-Teams/03-Edit Team - Private/button_edit channel' is clicked on

2022-04-18 15:57:00 - [TEST_STEP][PASSED] - verifyElementVisible(findTestObject("06-Teams/03-Edit Team - Private/Edit channel modal")): Object 'Object Repository/06-Teams/03-Edit Team - Private/Edit channel modal' is visible

2022-04-18 15:57:01 - [MESSAGE][PASSED] - Object 'Object Repository/06-Teams/03-Edit Team - Private/Edit channel modal' is visible

2022-04-18 15:57:01 - [TEST_STEP][PASSED] - verifyElementNotClickable(findTestObject("06-Teams/03-Edit Team - Private/button_Save")): Object 'Object Repository/06-Teams/03-Edit Team - Private/button_Save' is NOT clickable

2022-04-18 15:57:01 - [MESSAGE][PASSED] - Object 'Object Repository/06-Teams/03-Edit Team - Private/button_Save' is NOT clickable

2022-04-18 15:57:01 - [TEST_STEP][PASSED] - delay(3): Delayed 3 second(s)

2022-04-18 15:57:04 - [MESSAGE][PASSED] - Delayed 3 second(s)

2022-04-18 15:57:04 - [TEST_STEP][PASSED] - setText(findTestObject("06-Teams/03-Edit Team - Private/input_Edit Channel name"), "Auto Channel Edit"): Text 'Auto Channel Edit' is set on object 'Object Repository/06-Teams/03-Edit Team - Private/input_Edit Channel name'

2022-04-18 15:57:05 - [MESSAGE][PASSED] - Text 'Auto Channel Edit' is set on object 'Object Repository/06-Teams/03-Edit Team - Private/input_Edit Channel name'

2022-04-18 15:57:05 - [TEST_STEP][PASSED] - click(findTestObject("06-Teams/03-Edit Team - Private/button_Save")): Object: 'Object Repository/06-Teams/03-Edit Team - Private/button_Save' is clicked on

2022-04-18 15:57:06 - [MESSAGE][PASSED] - Object: 'Object Repository/06-Teams/03-Edit Team - Private/button_Save' is clicked on

2022-04-18 15:57:06 - [TEST_STEP][PASSED] - verifyElementVisible(findTestObject("06-Teams/03-Edit Team - Private/Successfully edited channel")): Object 'Object Repository/06-Teams/03-Edit Team - Private/Successfully edited channel' is visible

2022-04-18 15:57:07 - [MESSAGE][PASSED] - Object 'Object Repository/06-Teams/03-Edit Team - Private/Successfully edited channel' is visible

2022-04-18 15:57:07 - [TEST_STEP][PASSED] - delay(3): Delayed 3 second(s)

2022-04-18 15:57:10 - [MESSAGE][PASSED] - Delayed 3 second(s)

2022-04-18 15:57:10 - [TEST_STEP][PASSED] - click(findTestObject("06-Teams/03-Edit Team - Private/button_delete channel")): Object: 'Object Repository/06-Teams/03-Edit Team - Private/button_delete channel' is clicked on

2022-04-18 15:57:10 - [MESSAGE][PASSED] - Object: 'Object Repository/06-Teams/03-Edit Team - Private/button_delete channel' is clicked on

2022-04-18 15:57:10 - [TEST_STEP][PASSED] - verifyElementVisible(findTestObject("06-Teams/03-Edit Team - Private/Delete confirm modal")): Object 'Object Repository/06-Teams/03-Edit Team - Private/Delete confirm modal' is visible

2022-04-18 15:57:11 - [MESSAGE][PASSED] - Object 'Object Repository/06-Teams/03-Edit Team - Private/Delete confirm modal' is visible

2022-04-18 15:57:11 - [TEST_STEP][PASSED] - click(findTestObject("06-Teams/03-Edit Team - Private/button_delete")): Object: 'Object Repository/06-Teams/03-Edit Team - Private/button_delete' is clicked on

2022-04-18 15:57:12 - [MESSAGE][PASSED] - Object: 'Object Repository/06-Teams/03-Edit Team - Private/button_delete' is clicked on

2022-04-18 15:57:12 - [TEST_STEP][PASSED] - verifyElementVisible(findTestObject("06-Teams/03-Edit Team - Private/Successfully deleted channel")): Object 'Object Repository/06-Teams/03-Edit Team - Private/Successfully deleted channel' is visible

2022-04-18 15:57:13 - [MESSAGE][PASSED] - Object 'Object Repository/06-Teams/03-Edit Team - Private/Successfully deleted channel' is visible

2022-04-18 15:57:13 - [TEST_STEP][PASSED] - delay(3): Delayed 3 second(s)

2022-04-18 15:57:16 - [MESSAGE][PASSED] - Delayed 3 second(s)

2022-04-18 15:57:16 - [TEST_STEP][PASSED] - click(findTestObject("06-Teams/03-Edit Team - Private/div_Settings")): Object: 'Object Repository/06-Teams/03-Edit Team - Private/div_Settings' is clicked on

2022-04-18 15:57:16 - [MESSAGE][PASSED] - Object: 'Object Repository/06-Teams/03-Edit Team - Private/div_Settings' is clicked on

2022-04-18 15:57:16 - [TEST_STEP][PASSED] - delay(3): Delayed 3 second(s)

2022-04-18 15:57:19 - [MESSAGE][PASSED] - Delayed 3 second(s)

2022-04-18 15:57:19 - [TEST_STEP][PASSED] - verifyElementVisible(findTestObject("06-Teams/04-Edit Team-Public/Public_settings")): Object 'Object Repository/06-Teams/04-Edit Team-Public/Public_settings' is visible

2022-04-18 15:57:20 - [MESSAGE][PASSED] - Object 'Object Repository/06-Teams/04-Edit Team-Public/Public_settings' is visible

2022-04-18 15:57:20 - [TEST_STEP][PASSED] - delay(3): Delayed 3 second(s)

2022-04-18 15:57:23 - [MESSAGE][PASSED] - Delayed 3 second(s)

2022-04-18 15:57:23 - [TEST_STEP][PASSED] - closeBrowser(): Browser is closed

2022-04-18 15:57:24 - [MESSAGE][PASSED] - Browser is closed]]></system-out>
         <system-err><![CDATA[]]></system-err>
      </testcase>
      <system-out><![CDATA[2022-04-18 15:48:47 - [TEST_SUITE][PASSED] - 06.2 - Teams - Settings: Test Cases/06-Teams/04-Edit Team- Public]]></system-out>
      <system-err><![CDATA[]]></system-err>
   </testsuite>
</testsuites>
