<?xml version="1.0" encoding="UTF-8"?>
<testsuites name="02-Side Icons" time="209.758" tests="4" failures="0" errors="0">
   <testsuite name="02-Side Icons" tests="4" failures="0" errors="0" time="209.758" skipped="0" timestamp="2023-04-03 11:51:16" hostname="asus - DESKTOP-3L3J9C1" id="Test Suites/TS-Organization/02-Side Icons">
      <properties>
         <property name="deviceName" value=""/>
         <property name="devicePlatform" value=""/>
         <property name="logFolder" value="C:\\Users\\asus\\Katalon Studio\\Everleagues\\Everleagues\\Reports\\20230403_115103\\TS-Organization\\02-Side Icons\\20230403_115103"/>
         <property name="logFiles" value="C:\\Users\\asus\\Katalon Studio\\Everleagues\\Everleagues\\Reports\\20230403_115103\\TS-Organization\\02-Side Icons\\20230403_115103\\execution0.log"/>
         <property name="attachments" value=""/>
         <property name="hostName" value="asus - DESKTOP-3L3J9C1"/>
         <property name="os" value="Windows 10 64bit"/>
         <property name="katalonVersion" value="8.4.1.208"/>
         <property name="browser" value="Chrome 111.0.0.0"/>
         <property name="hostAddress" value="10.100.1.180"/>
         <property name="sessionId" value="ca80652bb621c63a1097b705a85361ba"/>
         <property name="seleniumVersion" value="3.141.59"/>
         <property name="proxyInformation" value="ProxyInformation { proxyOption=NO_PROXY, proxyServerType=HTTP, username=, password=********, proxyServerAddress=, proxyServerPort=0, executionList=&quot;&quot;, isApplyToDesiredCapabilities=true }"/>
         <property name="platform" value="Windows 10"/>
      </properties>
      <testcase name="Test Cases/02-Side Icons (Organization)/01- (Add Contact)" time="159.238" classname="Test Cases/02-Side Icons (Organization)/01- (Add Contact)" status="PASSED">
         <system-out><![CDATA[2023-04-03 11:51:17 - [TEST_CASE][PASSED] - Test Cases/02-Side Icons (Organization)/01- (Add Contact): Test Cases/02-Side Icons (Organization)/01- (Add Contact)

2023-04-03 11:51:19 - [TEST_STEP][PASSED] - openBrowser(""): Browser is opened with url: ''

2023-04-03 11:51:20 - [MESSAGE][INFO] - Starting 'Chrome' driver

2023-04-03 11:51:20 - [MESSAGE][INFO] - Action delay is set to 0 milliseconds

2023-04-03 11:51:28 - [MESSAGE][PASSED] - Browser is opened with url: ''

2023-04-03 11:51:28 - [TEST_STEP][PASSED] - navigateToUrl("https://lab.everleagues.com/login?returnUrl=%2Fmain%2Fdashboard"): Navigate to 'https://lab.everleagues.com/login?returnUrl=%2Fmain%2Fdashboard' successfully

2023-04-03 11:52:02 - [MESSAGE][PASSED] - Navigate to 'https://lab.everleagues.com/login?returnUrl=%2Fmain%2Fdashboard' successfully

2023-04-03 11:52:02 - [TEST_STEP][PASSED] - maximizeWindow(): Current window maximized

2023-04-03 11:52:02 - [MESSAGE][PASSED] - Current window maximized

2023-04-03 11:52:02 - [TEST_STEP][PASSED] - callTestCase(findTestCase("01-Login and Forgot Password/04-Login(Valid Credentials-With Subscription)"), [:], STOP_ON_FAILURE): Call Test Case 'Test Cases/01-Login and Forgot Password/04-Login(Valid Credentials-With Subscription)' successfully

2023-04-03 11:52:02 - [TEST_CASE][PASSED] - Test Cases/01-Login and Forgot Password/04-Login(Valid Credentials-With Subscription): Test Cases/01-Login and Forgot Password/04-Login(Valid Credentials-With Subscription)

2023-04-03 11:52:05 - [TEST_STEP][PASSED] - setText(findTestObject("01-Login and Forgot Password/input_Email_email"), "testuser05@mailinator.com"): Text 'testuser05@mailinator.com' is set on object 'Object Repository/01-Login and Forgot Password/input_Email_email'

2023-04-03 11:52:09 - [MESSAGE][PASSED] - Text 'testuser05@mailinator.com' is set on object 'Object Repository/01-Login and Forgot Password/input_Email_email'

2023-04-03 11:52:09 - [TEST_STEP][PASSED] - setEncryptedText(findTestObject("01-Login and Forgot Password/input_Email_password"), "8yFRyszE6U6jvsCn51OQbg=="): Text ****** has been set on object 'Object Repository/01-Login and Forgot Password/input_Email_password'

2023-04-03 11:52:12 - [MESSAGE][PASSED] - Text ****** has been set on object 'Object Repository/01-Login and Forgot Password/input_Email_password'

2023-04-03 11:52:12 - [TEST_STEP][PASSED] - delay(2): Delayed 2 second(s)

2023-04-03 11:52:14 - [MESSAGE][PASSED] - Delayed 2 second(s)

2023-04-03 11:52:14 - [TEST_STEP][PASSED] - click(findTestObject("01-Login and Forgot Password/show pass button")): Object: 'Object Repository/01-Login and Forgot Password/show pass button' is clicked on

2023-04-03 11:52:15 - [MESSAGE][PASSED] - Object: 'Object Repository/01-Login and Forgot Password/show pass button' is clicked on

2023-04-03 11:52:15 - [TEST_STEP][PASSED] - delay(3): Delayed 3 second(s)

2023-04-03 11:52:18 - [MESSAGE][PASSED] - Delayed 3 second(s)

2023-04-03 11:52:18 - [TEST_STEP][PASSED] - click(findTestObject("01-Login and Forgot Password/button_Sign in")): Object: 'Object Repository/01-Login and Forgot Password/button_Sign in' is clicked on

2023-04-03 11:52:20 - [MESSAGE][PASSED] - Object: 'Object Repository/01-Login and Forgot Password/button_Sign in' is clicked on

2023-04-03 11:52:20 - [TEST_STEP][PASSED] - delay(3): Delayed 3 second(s)

2023-04-03 11:52:23 - [MESSAGE][PASSED] - Delayed 3 second(s)

2023-04-03 11:52:23 - [TEST_STEP][PASSED] - click(findTestObject("06-Teams/For 2FA/button_Confirm_2FA")): Object: 'Object Repository/06-Teams/For 2FA/button_Confirm_2FA' is clicked on

2023-04-03 11:52:24 - [MESSAGE][PASSED] - Object: 'Object Repository/06-Teams/For 2FA/button_Confirm_2FA' is clicked on

2023-04-03 11:52:24 - [TEST_STEP][PASSED] - executeJavaScript("window.open();", []): Execute JavaScript 'window.open();' successfully

2023-04-03 11:52:25 - [MESSAGE][PASSED] - Execute JavaScript 'window.open();' successfully

2023-04-03 11:52:25 - [TEST_STEP][PASSED] - currentWindow = getWindowIndex(): Current window's index is: 0

2023-04-03 11:52:25 - [MESSAGE][PASSED] - Current window's index is: 0

2023-04-03 11:52:25 - [TEST_STEP][PASSED] - delay(3): Delayed 3 second(s)

2023-04-03 11:52:28 - [MESSAGE][PASSED] - Delayed 3 second(s)

2023-04-03 11:52:28 - [TEST_STEP][PASSED] - switchToWindowIndex(currentWindow + 1): Switched to window with index: '1'

2023-04-03 11:52:28 - [MESSAGE][PASSED] - Switched to window with index: '1'

2023-04-03 11:52:28 - [TEST_STEP][PASSED] - navigateToUrl("https://www.mailinator.com/"): Navigate to 'https://www.mailinator.com/' successfully

2023-04-03 11:52:35 - [MESSAGE][PASSED] - Navigate to 'https://www.mailinator.com/' successfully

2023-04-03 11:52:35 - [TEST_STEP][PASSED] - delay(3): Delayed 3 second(s)

2023-04-03 11:52:38 - [MESSAGE][PASSED] - Delayed 3 second(s)

2023-04-03 11:52:38 - [TEST_STEP][PASSED] - setText(findTestObject("00-Signup and Activation/zMailinator/input_LOGIN_search"), "testuser05@mailinator.com"): Text 'testuser05@mailinator.com' is set on object 'Object Repository/00-Signup and Activation/zMailinator/input_LOGIN_search'

2023-04-03 11:52:39 - [MESSAGE][PASSED] - Text 'testuser05@mailinator.com' is set on object 'Object Repository/00-Signup and Activation/zMailinator/input_LOGIN_search'

2023-04-03 11:52:39 - [TEST_STEP][PASSED] - click(findTestObject("00-Signup and Activation/zMailinator/gobutton"), STOP_ON_FAILURE): Object: 'Object Repository/00-Signup and Activation/zMailinator/gobutton' is clicked on

2023-04-03 11:52:42 - [MESSAGE][PASSED] - Object: 'Object Repository/00-Signup and Activation/zMailinator/gobutton' is clicked on

2023-04-03 11:52:42 - [TEST_STEP][PASSED] - delay(3): Delayed 3 second(s)

2023-04-03 11:52:45 - [MESSAGE][PASSED] - Delayed 3 second(s)

2023-04-03 11:52:45 - [TEST_STEP][PASSED] - click(findTestObject("00-Signup and Activation/zMailinator/Email - everleagues")): Object: 'Object Repository/00-Signup and Activation/zMailinator/Email - everleagues' is clicked on

2023-04-03 11:52:46 - [MESSAGE][PASSED] - Object: 'Object Repository/00-Signup and Activation/zMailinator/Email - everleagues' is clicked on

2023-04-03 11:52:46 - [TEST_STEP][PASSED] - delay(3): Delayed 3 second(s)

2023-04-03 11:52:49 - [MESSAGE][PASSED] - Delayed 3 second(s)

2023-04-03 11:52:49 - [TEST_STEP][PASSED] - code = getText(findTestObject("Object Repository/06-Teams/For 2FA/2FA code")): Text of object 'Object Repository/06-Teams/For 2FA/2FA code' is: '310435'

2023-04-03 11:52:50 - [MESSAGE][PASSED] - Text of object 'Object Repository/06-Teams/For 2FA/2FA code' is: '310435'

2023-04-03 11:52:50 - [TEST_STEP][PASSED] - delay(3): Delayed 3 second(s)

2023-04-03 11:52:53 - [MESSAGE][PASSED] - Delayed 3 second(s)

2023-04-03 11:52:53 - [TEST_STEP][PASSED] - closeWindowTitle("Mailinator"): Window with title: 'Mailinator' is closed

2023-04-03 11:52:53 - [MESSAGE][PASSED] - Window with title: 'Mailinator' is closed

2023-04-03 11:52:53 - [TEST_STEP][PASSED] - delay(3): Delayed 3 second(s)

2023-04-03 11:52:56 - [MESSAGE][PASSED] - Delayed 3 second(s)

2023-04-03 11:52:56 - [TEST_STEP][PASSED] - switchToWindowIndex(0): Switched to window with index: '0'

2023-04-03 11:52:56 - [MESSAGE][PASSED] - Switched to window with index: '0'

2023-04-03 11:52:56 - [TEST_STEP][PASSED] - delay(3): Delayed 3 second(s)

2023-04-03 11:52:59 - [MESSAGE][PASSED] - Delayed 3 second(s)

2023-04-03 11:52:59 - [TEST_STEP][PASSED] - setText(findTestObject("Object Repository/06-Teams/For 2FA/input_Enter verification code_code"), code): Text '310435' is set on object 'Object Repository/06-Teams/For 2FA/input_Enter verification code_code'

2023-04-03 11:53:01 - [MESSAGE][PASSED] - Text '310435' is set on object 'Object Repository/06-Teams/For 2FA/input_Enter verification code_code'

2023-04-03 11:53:01 - [TEST_STEP][PASSED] - delay(3): Delayed 3 second(s)

2023-04-03 11:53:04 - [MESSAGE][PASSED] - Delayed 3 second(s)

2023-04-03 11:53:04 - [TEST_STEP][PASSED] - click(findTestObject("06-Teams/For 2FA/button_Verify_2FA")): Object: 'Object Repository/06-Teams/For 2FA/button_Verify_2FA' is clicked on

2023-04-03 11:53:05 - [MESSAGE][PASSED] - Object: 'Object Repository/06-Teams/For 2FA/button_Verify_2FA' is clicked on

2023-04-03 11:53:05 - [TEST_STEP][PASSED] - delay(3): Delayed 3 second(s)

2023-04-03 11:53:08 - [MESSAGE][PASSED] - Delayed 3 second(s)

2023-04-03 11:53:08 - [MESSAGE][PASSED] - Call Test Case 'Test Cases/01-Login and Forgot Password/04-Login(Valid Credentials-With Subscription)' successfully

2023-04-03 11:53:08 - [TEST_STEP][PASSED] - click(findTestObject("02-Side Icons(Organization)/Add Contact/Side Menu double arrow icon")): Object: 'Object Repository/02-Side Icons(Organization)/Add Contact/Side Menu double arrow icon' is clicked on

2023-04-03 11:53:16 - [MESSAGE][PASSED] - Object: 'Object Repository/02-Side Icons(Organization)/Add Contact/Side Menu double arrow icon' is clicked on

2023-04-03 11:53:16 - [TEST_STEP][PASSED] - delay(2): Delayed 2 second(s)

2023-04-03 11:53:18 - [MESSAGE][PASSED] - Delayed 2 second(s)

2023-04-03 11:53:18 - [TEST_STEP][PASSED] - click(findTestObject("02-Side Icons(Organization)/Add Contact/button_My Organizations")): Object: 'Object Repository/02-Side Icons(Organization)/Add Contact/button_My Organizations' is clicked on

2023-04-03 11:53:18 - [MESSAGE][PASSED] - Object: 'Object Repository/02-Side Icons(Organization)/Add Contact/button_My Organizations' is clicked on

2023-04-03 11:53:18 - [TEST_STEP][PASSED] - delay(2): Delayed 2 second(s)

2023-04-03 11:53:20 - [MESSAGE][PASSED] - Delayed 2 second(s)

2023-04-03 11:53:20 - [TEST_STEP][PASSED] - click(findTestObject("02-Side Icons(Organization)/Add Contact/button_Automation Test Org")): Object: 'Object Repository/02-Side Icons(Organization)/Add Contact/button_Automation Test Org' is clicked on

2023-04-03 11:53:21 - [MESSAGE][PASSED] - Object: 'Object Repository/02-Side Icons(Organization)/Add Contact/button_Automation Test Org' is clicked on

2023-04-03 11:53:21 - [TEST_STEP][PASSED] - delay(2): Delayed 2 second(s)

2023-04-03 11:53:23 - [MESSAGE][PASSED] - Delayed 2 second(s)

2023-04-03 11:53:23 - [TEST_STEP][PASSED] - verifyElementVisible(findTestObject("02-Side Icons(Organization)/Add Contact/span_Automation Test Org")): Object 'Object Repository/02-Side Icons(Organization)/Add Contact/span_Automation Test Org' is visible

2023-04-03 11:53:24 - [MESSAGE][PASSED] - Object 'Object Repository/02-Side Icons(Organization)/Add Contact/span_Automation Test Org' is visible

2023-04-03 11:53:24 - [TEST_STEP][PASSED] - delay(3): Delayed 3 second(s)

2023-04-03 11:53:27 - [MESSAGE][PASSED] - Delayed 3 second(s)

2023-04-03 11:53:27 - [TEST_STEP][PASSED] - click(findTestObject("02-Side Icons(Organization)/Add Contact/button_add new user")): Object: 'Object Repository/02-Side Icons(Organization)/Add Contact/button_add new user' is clicked on

2023-04-03 11:53:29 - [MESSAGE][PASSED] - Object: 'Object Repository/02-Side Icons(Organization)/Add Contact/button_add new user' is clicked on

2023-04-03 11:53:29 - [TEST_STEP][PASSED] - delay(3): Delayed 3 second(s)

2023-04-03 11:53:32 - [MESSAGE][PASSED] - Delayed 3 second(s)

2023-04-03 11:53:32 - [TEST_STEP][PASSED] - verifyElementVisible(findTestObject("02-Side Icons(Organization)/Add Contact/User Invitation modal")): Object 'Object Repository/02-Side Icons(Organization)/Add Contact/User Invitation modal' is visible

2023-04-03 11:53:33 - [MESSAGE][PASSED] - Object 'Object Repository/02-Side Icons(Organization)/Add Contact/User Invitation modal' is visible

2023-04-03 11:53:33 - [TEST_STEP][PASSED] - delay(2): Delayed 2 second(s)

2023-04-03 11:53:35 - [MESSAGE][PASSED] - Delayed 2 second(s)

2023-04-03 11:53:35 - [TEST_STEP][PASSED] - click(findTestObject("02-Side Icons(Organization)/Add Contact/Invite a single user option")): Object: 'Object Repository/02-Side Icons(Organization)/Add Contact/Invite a single user option' is clicked on

2023-04-03 11:53:36 - [MESSAGE][PASSED] - Object: 'Object Repository/02-Side Icons(Organization)/Add Contact/Invite a single user option' is clicked on

2023-04-03 11:53:36 - [TEST_STEP][PASSED] - verifyElementVisible(findTestObject("02-Side Icons(Organization)/Add Contact/Invite New user modal")): Object 'Object Repository/02-Side Icons(Organization)/Add Contact/Invite New user modal' is visible

2023-04-03 11:53:38 - [MESSAGE][PASSED] - Object 'Object Repository/02-Side Icons(Organization)/Add Contact/Invite New user modal' is visible

2023-04-03 11:53:38 - [TEST_STEP][PASSED] - delay(2): Delayed 2 second(s)

2023-04-03 11:53:40 - [MESSAGE][PASSED] - Delayed 2 second(s)

2023-04-03 11:53:40 - [TEST_STEP][PASSED] - click(findTestObject("02-Side Icons(Organization)/Add Contact/button_Cancel")): Object: 'Object Repository/02-Side Icons(Organization)/Add Contact/button_Cancel' is clicked on

2023-04-03 11:53:41 - [MESSAGE][PASSED] - Object: 'Object Repository/02-Side Icons(Organization)/Add Contact/button_Cancel' is clicked on

2023-04-03 11:53:41 - [TEST_STEP][PASSED] - delay(2): Delayed 2 second(s)

2023-04-03 11:53:43 - [MESSAGE][PASSED] - Delayed 2 second(s)

2023-04-03 11:53:43 - [TEST_STEP][PASSED] - click(findTestObject("02-Side Icons(Organization)/Add Contact/button_add new user")): Object: 'Object Repository/02-Side Icons(Organization)/Add Contact/button_add new user' is clicked on

2023-04-03 11:53:44 - [MESSAGE][PASSED] - Object: 'Object Repository/02-Side Icons(Organization)/Add Contact/button_add new user' is clicked on

2023-04-03 11:53:44 - [TEST_STEP][PASSED] - delay(3): Delayed 3 second(s)

2023-04-03 11:53:47 - [MESSAGE][PASSED] - Delayed 3 second(s)

2023-04-03 11:53:47 - [TEST_STEP][PASSED] - verifyElementVisible(findTestObject("02-Side Icons(Organization)/Add Contact/User Invitation modal")): Object 'Object Repository/02-Side Icons(Organization)/Add Contact/User Invitation modal' is visible

2023-04-03 11:53:47 - [MESSAGE][PASSED] - Object 'Object Repository/02-Side Icons(Organization)/Add Contact/User Invitation modal' is visible

2023-04-03 11:53:47 - [TEST_STEP][PASSED] - delay(2): Delayed 2 second(s)

2023-04-03 11:53:49 - [MESSAGE][PASSED] - Delayed 2 second(s)

2023-04-03 11:53:49 - [TEST_STEP][PASSED] - click(findTestObject("02-Side Icons(Organization)/Add Contact/Invite batch user option")): Object: 'Object Repository/02-Side Icons(Organization)/Add Contact/Invite batch user option' is clicked on

2023-04-03 11:53:50 - [MESSAGE][PASSED] - Object: 'Object Repository/02-Side Icons(Organization)/Add Contact/Invite batch user option' is clicked on

2023-04-03 11:53:50 - [TEST_STEP][PASSED] - verifyElementVisible(findTestObject("02-Side Icons(Organization)/Add Contact/Import CSV file modal")): Object 'Object Repository/02-Side Icons(Organization)/Add Contact/Import CSV file modal' is visible

2023-04-03 11:53:51 - [MESSAGE][PASSED] - Object 'Object Repository/02-Side Icons(Organization)/Add Contact/Import CSV file modal' is visible

2023-04-03 11:53:51 - [TEST_STEP][PASSED] - delay(2): Delayed 2 second(s)

2023-04-03 11:53:53 - [MESSAGE][PASSED] - Delayed 2 second(s)

2023-04-03 11:53:53 - [TEST_STEP][PASSED] - click(findTestObject("02-Side Icons(Organization)/Add Contact/button_Cancel")): Object: 'Object Repository/02-Side Icons(Organization)/Add Contact/button_Cancel' is clicked on

2023-04-03 11:53:54 - [MESSAGE][PASSED] - Object: 'Object Repository/02-Side Icons(Organization)/Add Contact/button_Cancel' is clicked on

2023-04-03 11:53:54 - [TEST_STEP][PASSED] - delay(2): Delayed 2 second(s)

2023-04-03 11:53:56 - [MESSAGE][PASSED] - Delayed 2 second(s)]]></system-out>
         <system-err><![CDATA[]]></system-err>
      </testcase>
      <testcase name="Test Cases/02-Side Icons (Organization)/02-(2FA)" time="15.404" classname="Test Cases/02-Side Icons (Organization)/02-(2FA)" status="PASSED">
         <system-out><![CDATA[2023-04-03 11:53:56 - [TEST_CASE][PASSED] - Test Cases/02-Side Icons (Organization)/02-(2FA): Test Cases/02-Side Icons (Organization)/02-(2FA)

2023-04-03 11:53:58 - [TEST_STEP][PASSED] - delay(3): Delayed 3 second(s)

2023-04-03 11:54:01 - [MESSAGE][PASSED] - Delayed 3 second(s)

2023-04-03 11:54:01 - [TEST_STEP][PASSED] - click(findTestObject("02-Side Icons(Organization)/2FA/button_2FA")): Object: 'Object Repository/02-Side Icons(Organization)/2FA/button_2FA' is clicked on

2023-04-03 11:54:02 - [MESSAGE][PASSED] - Object: 'Object Repository/02-Side Icons(Organization)/2FA/button_2FA' is clicked on

2023-04-03 11:54:02 - [TEST_STEP][PASSED] - clickOffset(findTestObject("02-Side Icons(Organization)/2FA/span_Two Factor Authentication"), 100, 100): Object: 'Object Repository/02-Side Icons(Organization)/2FA/span_Two Factor Authentication' is clicked on using offset x=100 and y=100

2023-04-03 11:54:05 - [MESSAGE][PASSED] - Object: 'Object Repository/02-Side Icons(Organization)/2FA/span_Two Factor Authentication' is clicked on using offset x=100 and y=100

2023-04-03 11:54:05 - [TEST_STEP][PASSED] - delay(3): Delayed 3 second(s)

2023-04-03 11:54:08 - [MESSAGE][PASSED] - Delayed 3 second(s)

2023-04-03 11:54:08 - [TEST_STEP][PASSED] - verifyElementVisible(findTestObject("02-Side Icons(Organization)/2FA/span_Two Factor Authentication")): Object 'Object Repository/02-Side Icons(Organization)/2FA/span_Two Factor Authentication' is visible

2023-04-03 11:54:09 - [MESSAGE][PASSED] - Object 'Object Repository/02-Side Icons(Organization)/2FA/span_Two Factor Authentication' is visible

2023-04-03 11:54:09 - [TEST_STEP][PASSED] - delay(3): Delayed 3 second(s)

2023-04-03 11:54:12 - [MESSAGE][PASSED] - Delayed 3 second(s)]]></system-out>
         <system-err><![CDATA[]]></system-err>
      </testcase>
      <testcase name="Test Cases/02-Side Icons (Organization)/03-(Client Assignment)" time="14.89" classname="Test Cases/02-Side Icons (Organization)/03-(Client Assignment)" status="PASSED">
         <system-out><![CDATA[2023-04-03 11:54:12 - [TEST_CASE][PASSED] - Test Cases/02-Side Icons (Organization)/03-(Client Assignment): Test Cases/02-Side Icons (Organization)/03-(Client Assignment)

2023-04-03 11:54:13 - [TEST_STEP][PASSED] - delay(2): Delayed 2 second(s)

2023-04-03 11:54:15 - [MESSAGE][PASSED] - Delayed 2 second(s)

2023-04-03 11:54:15 - [TEST_STEP][PASSED] - click(findTestObject("02-Side Icons(Organization)/Client Assignment/button_Client assignment")): Object: 'Object Repository/02-Side Icons(Organization)/Client Assignment/button_Client assignment' is clicked on

2023-04-03 11:54:17 - [MESSAGE][PASSED] - Object: 'Object Repository/02-Side Icons(Organization)/Client Assignment/button_Client assignment' is clicked on

2023-04-03 11:54:17 - [TEST_STEP][PASSED] - clickOffset(findTestObject("02-Side Icons(Organization)/Client Assignment/h4_CLIENT ASSIGNMENT"), 50, 50): Object: 'Object Repository/02-Side Icons(Organization)/Client Assignment/h4_CLIENT ASSIGNMENT' is clicked on using offset x=50 and y=50

2023-04-03 11:54:18 - [MESSAGE][PASSED] - Object: 'Object Repository/02-Side Icons(Organization)/Client Assignment/h4_CLIENT ASSIGNMENT' is clicked on using offset x=50 and y=50

2023-04-03 11:54:18 - [TEST_STEP][PASSED] - delay(3): Delayed 3 second(s)

2023-04-03 11:54:21 - [MESSAGE][PASSED] - Delayed 3 second(s)

2023-04-03 11:54:21 - [TEST_STEP][PASSED] - verifyElementVisible(findTestObject("02-Side Icons(Organization)/Client Assignment/h4_CLIENT ASSIGNMENT")): Object 'Object Repository/02-Side Icons(Organization)/Client Assignment/h4_CLIENT ASSIGNMENT' is visible

2023-04-03 11:54:22 - [MESSAGE][PASSED] - Object 'Object Repository/02-Side Icons(Organization)/Client Assignment/h4_CLIENT ASSIGNMENT' is visible

2023-04-03 11:54:22 - [TEST_STEP][PASSED] - verifyElementVisible(findTestObject("02-Side Icons(Organization)/Client Assignment/div_By Employee")): Object 'Object Repository/02-Side Icons(Organization)/Client Assignment/div_By Employee' is visible

2023-04-03 11:54:23 - [MESSAGE][PASSED] - Object 'Object Repository/02-Side Icons(Organization)/Client Assignment/div_By Employee' is visible

2023-04-03 11:54:23 - [TEST_STEP][PASSED] - verifyElementVisible(findTestObject("02-Side Icons(Organization)/Client Assignment/div_By Client")): Object 'Object Repository/02-Side Icons(Organization)/Client Assignment/div_By Client' is visible

2023-04-03 11:54:24 - [MESSAGE][PASSED] - Object 'Object Repository/02-Side Icons(Organization)/Client Assignment/div_By Client' is visible

2023-04-03 11:54:24 - [TEST_STEP][PASSED] - delay(3): Delayed 3 second(s)

2023-04-03 11:54:27 - [MESSAGE][PASSED] - Delayed 3 second(s)]]></system-out>
         <system-err><![CDATA[]]></system-err>
      </testcase>
      <testcase name="Test Cases/02-Side Icons (Organization)/04-(Hide Quick Shortcuts)" time="18.884" classname="Test Cases/02-Side Icons (Organization)/04-(Hide Quick Shortcuts)" status="PASSED">
         <system-out><![CDATA[2023-04-03 11:54:27 - [TEST_CASE][PASSED] - Test Cases/02-Side Icons (Organization)/04-(Hide Quick Shortcuts): Test Cases/02-Side Icons (Organization)/04-(Hide Quick Shortcuts)

2023-04-03 11:54:28 - [TEST_STEP][PASSED] - delay(2): Delayed 2 second(s)

2023-04-03 11:54:30 - [MESSAGE][PASSED] - Delayed 2 second(s)

2023-04-03 11:54:30 - [TEST_STEP][PASSED] - click(findTestObject("02-Side Icons(Organization)/Hide Quick Shortcuts/button_hide quick shortcuts")): Object: 'Object Repository/02-Side Icons(Organization)/Hide Quick Shortcuts/button_hide quick shortcuts' is clicked on

2023-04-03 11:54:31 - [MESSAGE][PASSED] - Object: 'Object Repository/02-Side Icons(Organization)/Hide Quick Shortcuts/button_hide quick shortcuts' is clicked on

2023-04-03 11:54:31 - [TEST_STEP][PASSED] - delay(3): Delayed 3 second(s)

2023-04-03 11:54:34 - [MESSAGE][PASSED] - Delayed 3 second(s)

2023-04-03 11:54:34 - [TEST_STEP][PASSED] - verifyElementNotPresent(findTestObject("02-Side Icons(Organization)/2FA/button_2FA"), 0): Web element with id: 'Object Repository/02-Side Icons(Organization)/2FA/button_2FA' located by 'By.xpath: //*[@type = 'button' and (text() = 'security' or . = 'security')]' is not present after '30' second(s)

2023-04-03 11:54:35 - [MESSAGE][WARNING] - Timeout '0' is invalid. Using default page load timeout: '30'

2023-04-03 11:54:35 - [MESSAGE][PASSED] - Web element with id: 'Object Repository/02-Side Icons(Organization)/2FA/button_2FA' located by 'By.xpath: //*[@type = 'button' and (text() = 'security' or . = 'security')]' is not present after '30' second(s)

2023-04-03 11:54:35 - [TEST_STEP][PASSED] - verifyElementNotPresent(findTestObject("02-Side Icons(Organization)/Add Contact/button_add new user"), 0): Web element with id: 'Object Repository/02-Side Icons(Organization)/Add Contact/button_add new user' located by 'By.xpath: //button[@type = 'button' and @ng-reflect-message = 'Invite New User' and (text() = 'person_add' or . = 'person_add')]' is not present after '30' second(s)

2023-04-03 11:54:36 - [MESSAGE][WARNING] - Timeout '0' is invalid. Using default page load timeout: '30'

2023-04-03 11:54:36 - [MESSAGE][PASSED] - Web element with id: 'Object Repository/02-Side Icons(Organization)/Add Contact/button_add new user' located by 'By.xpath: //button[@type = 'button' and @ng-reflect-message = 'Invite New User' and (text() = 'person_add' or . = 'person_add')]' is not present after '30' second(s)

2023-04-03 11:54:36 - [TEST_STEP][PASSED] - verifyElementNotPresent(findTestObject("02-Side Icons(Organization)/Client Assignment/button_Client assignment"), 0): Web element with id: 'Object Repository/02-Side Icons(Organization)/Client Assignment/button_Client assignment' located by 'By.xpath: //button[@permission-type='OU_DELEGATECLIENT_CREATE']' is not present after '30' second(s)

2023-04-03 11:54:37 - [MESSAGE][WARNING] - Timeout '0' is invalid. Using default page load timeout: '30'

2023-04-03 11:54:37 - [MESSAGE][PASSED] - Web element with id: 'Object Repository/02-Side Icons(Organization)/Client Assignment/button_Client assignment' located by 'By.xpath: //button[@permission-type='OU_DELEGATECLIENT_CREATE']' is not present after '30' second(s)

2023-04-03 11:54:37 - [TEST_STEP][PASSED] - delay(3): Delayed 3 second(s)

2023-04-03 11:54:40 - [MESSAGE][PASSED] - Delayed 3 second(s)

2023-04-03 11:54:40 - [TEST_STEP][PASSED] - click(findTestObject("02-Side Icons(Organization)/Hide Quick Shortcuts/button_Show quick shortcuts")): Object: 'Object Repository/02-Side Icons(Organization)/Hide Quick Shortcuts/button_Show quick shortcuts' is clicked on

2023-04-03 11:54:42 - [MESSAGE][PASSED] - Object: 'Object Repository/02-Side Icons(Organization)/Hide Quick Shortcuts/button_Show quick shortcuts' is clicked on

2023-04-03 11:54:42 - [TEST_STEP][PASSED] - verifyElementVisible(findTestObject("02-Side Icons(Organization)/2FA/button_2FA")): Object 'Object Repository/02-Side Icons(Organization)/2FA/button_2FA' is visible

2023-04-03 11:54:43 - [MESSAGE][PASSED] - Object 'Object Repository/02-Side Icons(Organization)/2FA/button_2FA' is visible

2023-04-03 11:54:43 - [TEST_STEP][PASSED] - verifyElementVisible(findTestObject("02-Side Icons(Organization)/Add Contact/button_add new user")): Object 'Object Repository/02-Side Icons(Organization)/Add Contact/button_add new user' is visible

2023-04-03 11:54:43 - [MESSAGE][PASSED] - Object 'Object Repository/02-Side Icons(Organization)/Add Contact/button_add new user' is visible

2023-04-03 11:54:43 - [TEST_STEP][PASSED] - verifyElementVisible(findTestObject("02-Side Icons(Organization)/Client Assignment/button_Client assignment")): Object 'Object Repository/02-Side Icons(Organization)/Client Assignment/button_Client assignment' is visible

2023-04-03 11:54:44 - [MESSAGE][PASSED] - Object 'Object Repository/02-Side Icons(Organization)/Client Assignment/button_Client assignment' is visible

2023-04-03 11:54:44 - [TEST_STEP][PASSED] - delay(0): Delayed 0 second(s)

2023-04-03 11:54:44 - [MESSAGE][PASSED] - Delayed 0 second(s)

2023-04-03 11:54:44 - [TEST_STEP][PASSED] - closeBrowser(): Browser is closed

2023-04-03 11:54:45 - [MESSAGE][PASSED] - Browser is closed]]></system-out>
         <system-err><![CDATA[]]></system-err>
      </testcase>
      <system-out><![CDATA[2023-04-03 11:51:16 - [TEST_SUITE][PASSED] - 02-Side Icons: Test Cases/02-Side Icons (Organization)/04-(Hide Quick Shortcuts)]]></system-out>
      <system-err><![CDATA[]]></system-err>
   </testsuite>
</testsuites>
