<?xml version="1.0" encoding="UTF-8"?>
<testsuites name="05-Chat" time="474.259" tests="10" failures="0" errors="0">
   <testsuite name="05-Chat" tests="10" failures="0" errors="0" time="474.259" skipped="0" timestamp="2022-11-04 15:45:40" hostname="User - DESKTOP-QCRNR4M" id="Test Suites/TS-Organization/05-Chat">
      <properties>
         <property name="deviceName" value=""/>
         <property name="devicePlatform" value=""/>
         <property name="logFolder" value="C:\\Users\\User\\Katalon Studio\\EverleaguesMain\\Reports\\20221104_154537\\TS-Organization\\05-Chat\\20221104_154537"/>
         <property name="logFiles" value="C:\\Users\\User\\Katalon Studio\\EverleaguesMain\\Reports\\20221104_154537\\TS-Organization\\05-Chat\\20221104_154537\\execution0.log"/>
         <property name="attachments" value=""/>
         <property name="hostName" value="User - DESKTOP-QCRNR4M"/>
         <property name="os" value="Windows 10 64bit"/>
         <property name="katalonVersion" value="8.4.1.208"/>
         <property name="browser" value="Chrome 107.0.0.0"/>
         <property name="hostAddress" value="192.168.5.124"/>
         <property name="sessionId" value="bd726288facba291cdaa4be26d9afb2d"/>
         <property name="seleniumVersion" value="3.141.59"/>
         <property name="proxyInformation" value="ProxyInformation { proxyOption=NO_PROXY, proxyServerType=HTTP, username=, password=********, proxyServerAddress=, proxyServerPort=0, executionList=&quot;&quot;, isApplyToDesiredCapabilities=true }"/>
         <property name="platform" value="Windows 10"/>
      </properties>
      <testcase name="Test Cases/05- Chat/01-Creating a Chat group" time="102.363" classname="Test Cases/05- Chat/01-Creating a Chat group" status="PASSED">
         <system-out><![CDATA[2022-11-04 15:45:40 - [TEST_CASE][PASSED] - Test Cases/05- Chat/01-Creating a Chat group: Test Cases/05- Chat/01-Creating a Chat group

2022-11-04 15:45:41 - [TEST_STEP][PASSED] - openBrowser(""): Browser is opened with url: ''

2022-11-04 15:45:41 - [MESSAGE][INFO] - Starting 'Chrome' driver

2022-11-04 15:45:41 - [MESSAGE][INFO] - Action delay is set to 0 milliseconds

2022-11-04 15:45:43 - [MESSAGE][PASSED] - Browser is opened with url: ''

2022-11-04 15:45:43 - [TEST_STEP][PASSED] - navigateToUrl("https://lab.everleagues.com/"): Navigate to 'https://lab.everleagues.com/' successfully

2022-11-04 15:46:00 - [MESSAGE][PASSED] - Navigate to 'https://lab.everleagues.com/' successfully

2022-11-04 15:46:00 - [TEST_STEP][PASSED] - maximizeWindow(): Current window maximized

2022-11-04 15:46:00 - [MESSAGE][PASSED] - Current window maximized

2022-11-04 15:46:00 - [TEST_STEP][PASSED] - setText(findTestObject("02-Side Icons(Organization)/Add Contact/Email Field"), "testuser02@mailinator.com"): Text 'testuser02@mailinator.com' is set on object 'Object Repository/02-Side Icons(Organization)/Add Contact/Email Field'

2022-11-04 15:46:01 - [MESSAGE][PASSED] - Text 'testuser02@mailinator.com' is set on object 'Object Repository/02-Side Icons(Organization)/Add Contact/Email Field'

2022-11-04 15:46:01 - [TEST_STEP][PASSED] - setEncryptedText(findTestObject("02-Side Icons(Organization)/Add Contact/Password Field"), "8yFRyszE6U6jvsCn51OQbg=="): Text ****** has been set on object 'Object Repository/02-Side Icons(Organization)/Add Contact/Password Field'

2022-11-04 15:46:02 - [MESSAGE][PASSED] - Text ****** has been set on object 'Object Repository/02-Side Icons(Organization)/Add Contact/Password Field'

2022-11-04 15:46:02 - [TEST_STEP][PASSED] - click(findTestObject("02-Side Icons(Organization)/Add Contact/button_Sign in")): Object: 'Object Repository/02-Side Icons(Organization)/Add Contact/button_Sign in' is clicked on

2022-11-04 15:46:02 - [MESSAGE][PASSED] - Object: 'Object Repository/02-Side Icons(Organization)/Add Contact/button_Sign in' is clicked on

2022-11-04 15:46:02 - [TEST_STEP][PASSED] - delay(2): Delayed 2 second(s)

2022-11-04 15:46:04 - [MESSAGE][PASSED] - Delayed 2 second(s)

2022-11-04 15:46:04 - [TEST_STEP][PASSED] - click(findTestObject("06-Teams/For 2FA/button_Confirm_2FA")): Object: 'Object Repository/06-Teams/For 2FA/button_Confirm_2FA' is clicked on

2022-11-04 15:46:05 - [MESSAGE][PASSED] - Object: 'Object Repository/06-Teams/For 2FA/button_Confirm_2FA' is clicked on

2022-11-04 15:46:05 - [TEST_STEP][PASSED] - executeJavaScript("window.open();", []): Execute JavaScript 'window.open();' successfully

2022-11-04 15:46:05 - [MESSAGE][PASSED] - Execute JavaScript 'window.open();' successfully

2022-11-04 15:46:05 - [TEST_STEP][PASSED] - currentWindow = getWindowIndex(): Current window's index is: 0

2022-11-04 15:46:05 - [MESSAGE][PASSED] - Current window's index is: 0

2022-11-04 15:46:05 - [TEST_STEP][PASSED] - delay(3): Delayed 3 second(s)

2022-11-04 15:46:08 - [MESSAGE][PASSED] - Delayed 3 second(s)

2022-11-04 15:46:08 - [TEST_STEP][PASSED] - switchToWindowIndex(currentWindow + 1): Switched to window with index: '1'

2022-11-04 15:46:08 - [MESSAGE][PASSED] - Switched to window with index: '1'

2022-11-04 15:46:08 - [TEST_STEP][PASSED] - navigateToUrl("https://www.mailinator.com/"): Navigate to 'https://www.mailinator.com/' successfully

2022-11-04 15:46:10 - [MESSAGE][PASSED] - Navigate to 'https://www.mailinator.com/' successfully

2022-11-04 15:46:10 - [TEST_STEP][PASSED] - delay(3): Delayed 3 second(s)

2022-11-04 15:46:13 - [MESSAGE][PASSED] - Delayed 3 second(s)

2022-11-04 15:46:13 - [TEST_STEP][PASSED] - setText(findTestObject("00-Signup and Activation/zMailinator/input_LOGIN_search"), "testuser02@mailinator.com"): Text 'testuser02@mailinator.com' is set on object 'Object Repository/00-Signup and Activation/zMailinator/input_LOGIN_search'

2022-11-04 15:46:14 - [MESSAGE][PASSED] - Text 'testuser02@mailinator.com' is set on object 'Object Repository/00-Signup and Activation/zMailinator/input_LOGIN_search'

2022-11-04 15:46:14 - [TEST_STEP][PASSED] - click(findTestObject("00-Signup and Activation/zMailinator/gobutton"), STOP_ON_FAILURE): Object: 'Object Repository/00-Signup and Activation/zMailinator/gobutton' is clicked on

2022-11-04 15:46:15 - [MESSAGE][PASSED] - Object: 'Object Repository/00-Signup and Activation/zMailinator/gobutton' is clicked on

2022-11-04 15:46:15 - [TEST_STEP][PASSED] - delay(3): Delayed 3 second(s)

2022-11-04 15:46:18 - [MESSAGE][PASSED] - Delayed 3 second(s)

2022-11-04 15:46:18 - [TEST_STEP][PASSED] - click(findTestObject("00-Signup and Activation/zMailinator/Email - everleagues")): Object: 'Object Repository/00-Signup and Activation/zMailinator/Email - everleagues' is clicked on

2022-11-04 15:46:19 - [MESSAGE][PASSED] - Object: 'Object Repository/00-Signup and Activation/zMailinator/Email - everleagues' is clicked on

2022-11-04 15:46:19 - [TEST_STEP][PASSED] - delay(3): Delayed 3 second(s)

2022-11-04 15:46:22 - [MESSAGE][PASSED] - Delayed 3 second(s)

2022-11-04 15:46:22 - [TEST_STEP][PASSED] - code = getText(findTestObject("Object Repository/06-Teams/For 2FA/2FA code")): Text of object 'Object Repository/06-Teams/For 2FA/2FA code' is: '023301'

2022-11-04 15:46:22 - [MESSAGE][PASSED] - Text of object 'Object Repository/06-Teams/For 2FA/2FA code' is: '023301'

2022-11-04 15:46:22 - [TEST_STEP][PASSED] - delay(3): Delayed 3 second(s)

2022-11-04 15:46:25 - [MESSAGE][PASSED] - Delayed 3 second(s)

2022-11-04 15:46:25 - [TEST_STEP][PASSED] - closeWindowTitle("Mailinator"): Window with title: 'Mailinator' is closed

2022-11-04 15:46:26 - [MESSAGE][PASSED] - Window with title: 'Mailinator' is closed

2022-11-04 15:46:26 - [TEST_STEP][PASSED] - delay(3): Delayed 3 second(s)

2022-11-04 15:46:29 - [MESSAGE][PASSED] - Delayed 3 second(s)

2022-11-04 15:46:29 - [TEST_STEP][PASSED] - switchToWindowIndex(0): Switched to window with index: '0'

2022-11-04 15:46:29 - [MESSAGE][PASSED] - Switched to window with index: '0'

2022-11-04 15:46:29 - [TEST_STEP][PASSED] - delay(3): Delayed 3 second(s)

2022-11-04 15:46:32 - [MESSAGE][PASSED] - Delayed 3 second(s)

2022-11-04 15:46:32 - [TEST_STEP][PASSED] - setText(findTestObject("Object Repository/06-Teams/For 2FA/input_Enter verification code_code"), code): Text '023301' is set on object 'Object Repository/06-Teams/For 2FA/input_Enter verification code_code'

2022-11-04 15:46:33 - [MESSAGE][PASSED] - Text '023301' is set on object 'Object Repository/06-Teams/For 2FA/input_Enter verification code_code'

2022-11-04 15:46:33 - [TEST_STEP][PASSED] - delay(3): Delayed 3 second(s)

2022-11-04 15:46:36 - [MESSAGE][PASSED] - Delayed 3 second(s)

2022-11-04 15:46:36 - [TEST_STEP][PASSED] - click(findTestObject("06-Teams/For 2FA/button_Verify_2FA")): Object: 'Object Repository/06-Teams/For 2FA/button_Verify_2FA' is clicked on

2022-11-04 15:46:36 - [MESSAGE][PASSED] - Object: 'Object Repository/06-Teams/For 2FA/button_Verify_2FA' is clicked on

2022-11-04 15:46:36 - [TEST_STEP][PASSED] - delay(5): Delayed 5 second(s)

2022-11-04 15:46:41 - [MESSAGE][PASSED] - Delayed 5 second(s)

2022-11-04 15:46:41 - [TEST_STEP][PASSED] - click(findTestObject("02-Side Icons(Organization)/Add Contact/Side Menu double arrow icon")): Object: 'Object Repository/02-Side Icons(Organization)/Add Contact/Side Menu double arrow icon' is clicked on

2022-11-04 15:46:43 - [MESSAGE][PASSED] - Object: 'Object Repository/02-Side Icons(Organization)/Add Contact/Side Menu double arrow icon' is clicked on

2022-11-04 15:46:43 - [TEST_STEP][PASSED] - delay(2): Delayed 2 second(s)

2022-11-04 15:46:45 - [MESSAGE][PASSED] - Delayed 2 second(s)

2022-11-04 15:46:45 - [TEST_STEP][PASSED] - click(findTestObject("02-Side Icons(Organization)/Add Contact/button_My Organizations")): Object: 'Object Repository/02-Side Icons(Organization)/Add Contact/button_My Organizations' is clicked on

2022-11-04 15:46:45 - [MESSAGE][PASSED] - Object: 'Object Repository/02-Side Icons(Organization)/Add Contact/button_My Organizations' is clicked on

2022-11-04 15:46:45 - [TEST_STEP][PASSED] - delay(2): Delayed 2 second(s)

2022-11-04 15:46:47 - [MESSAGE][PASSED] - Delayed 2 second(s)

2022-11-04 15:46:47 - [TEST_STEP][PASSED] - click(findTestObject("02-Side Icons(Organization)/Add Contact/button_Automation Test Org")): Object: 'Object Repository/02-Side Icons(Organization)/Add Contact/button_Automation Test Org' is clicked on

2022-11-04 15:46:47 - [MESSAGE][PASSED] - Object: 'Object Repository/02-Side Icons(Organization)/Add Contact/button_Automation Test Org' is clicked on

2022-11-04 15:46:47 - [TEST_STEP][PASSED] - delay(2): Delayed 2 second(s)

2022-11-04 15:46:49 - [MESSAGE][PASSED] - Delayed 2 second(s)

2022-11-04 15:46:49 - [TEST_STEP][PASSED] - verifyElementVisible(findTestObject("02-Side Icons(Organization)/Add Contact/span_Automation Test Org")): Object 'Object Repository/02-Side Icons(Organization)/Add Contact/span_Automation Test Org' is visible

2022-11-04 15:46:50 - [MESSAGE][PASSED] - Object 'Object Repository/02-Side Icons(Organization)/Add Contact/span_Automation Test Org' is visible

2022-11-04 15:46:50 - [TEST_STEP][PASSED] - click(findTestObject("05-Chat/01- Creating a Chat group/div_Chat")): Object: 'Object Repository/05-Chat/01- Creating a Chat group/div_Chat' is clicked on

2022-11-04 15:46:51 - [MESSAGE][PASSED] - Object: 'Object Repository/05-Chat/01- Creating a Chat group/div_Chat' is clicked on

2022-11-04 15:46:51 - [TEST_STEP][PASSED] - delay(1): Delayed 1 second(s)

2022-11-04 15:46:52 - [MESSAGE][PASSED] - Delayed 1 second(s)

2022-11-04 15:46:52 - [TEST_STEP][PASSED] - verifyElementVisible(findTestObject("05-Chat/01- Creating a Chat group/h4_CHAT")): Object 'Object Repository/05-Chat/01- Creating a Chat group/h4_CHAT' is visible

2022-11-04 15:46:52 - [MESSAGE][PASSED] - Object 'Object Repository/05-Chat/01- Creating a Chat group/h4_CHAT' is visible

2022-11-04 15:46:52 - [TEST_STEP][PASSED] - verifyElementVisible(findTestObject("05-Chat/01- Creating a Chat group/div_No chat available")): Object 'Object Repository/05-Chat/01- Creating a Chat group/div_No chat available' is visible

2022-11-04 15:46:53 - [MESSAGE][PASSED] - Object 'Object Repository/05-Chat/01- Creating a Chat group/div_No chat available' is visible

2022-11-04 15:46:53 - [TEST_STEP][PASSED] - verifyElementVisible(findTestObject("05-Chat/01- Creating a Chat group/h5_Chat securely with your contacts here")): Object 'Object Repository/05-Chat/01- Creating a Chat group/h5_Chat securely with your contacts here' is visible

2022-11-04 15:46:53 - [MESSAGE][PASSED] - Object 'Object Repository/05-Chat/01- Creating a Chat group/h5_Chat securely with your contacts here' is visible

2022-11-04 15:46:53 - [TEST_STEP][PASSED] - delay(3): Delayed 3 second(s)

2022-11-04 15:46:56 - [MESSAGE][PASSED] - Delayed 3 second(s)

2022-11-04 15:46:56 - [TEST_STEP][PASSED] - click(findTestObject("05-Chat/01- Creating a Chat group/new chat icon")): Object: 'Object Repository/05-Chat/01- Creating a Chat group/new chat icon' is clicked on

2022-11-04 15:46:58 - [MESSAGE][PASSED] - Object: 'Object Repository/05-Chat/01- Creating a Chat group/new chat icon' is clicked on

2022-11-04 15:46:58 - [TEST_STEP][PASSED] - delay(5): Delayed 5 second(s)

2022-11-04 15:47:03 - [MESSAGE][PASSED] - Delayed 5 second(s)

2022-11-04 15:47:03 - [TEST_STEP][PASSED] - click(findTestObject("05-Chat/01- Creating a Chat group/div_New Group Chat")): Object: 'Object Repository/05-Chat/01- Creating a Chat group/div_New Group Chat' is clicked on

2022-11-04 15:47:04 - [MESSAGE][PASSED] - Object: 'Object Repository/05-Chat/01- Creating a Chat group/div_New Group Chat' is clicked on

2022-11-04 15:47:04 - [TEST_STEP][PASSED] - delay(1): Delayed 1 second(s)

2022-11-04 15:47:05 - [MESSAGE][PASSED] - Delayed 1 second(s)

2022-11-04 15:47:05 - [TEST_STEP][PASSED] - verifyElementVisible(findTestObject("05-Chat/01- Creating a Chat group/span_Add group participant")): Object 'Object Repository/05-Chat/01- Creating a Chat group/span_Add group participant' is visible

2022-11-04 15:47:05 - [MESSAGE][PASSED] - Object 'Object Repository/05-Chat/01- Creating a Chat group/span_Add group participant' is visible

2022-11-04 15:47:05 - [TEST_STEP][PASSED] - verifyElementNotPresent(findTestObject("05-Chat/01- Creating a Chat group/button_arrow_forward"), 0): Web element with id: 'Object Repository/05-Chat/01- Creating a Chat group/button_arrow_forward' located by 'By.xpath: //button[@type = 'button' and @ng-reflect-disabled = 'false' and (text() = 'arrow_forward' or . = 'arrow_forward')]' is not present after '30' second(s)

2022-11-04 15:47:05 - [MESSAGE][WARNING] - Timeout '0' is invalid. Using default page load timeout: '30'

2022-11-04 15:47:06 - [MESSAGE][PASSED] - Web element with id: 'Object Repository/05-Chat/01- Creating a Chat group/button_arrow_forward' located by 'By.xpath: //button[@type = 'button' and @ng-reflect-disabled = 'false' and (text() = 'arrow_forward' or . = 'arrow_forward')]' is not present after '30' second(s)

2022-11-04 15:47:06 - [TEST_STEP][PASSED] - delay(1): Delayed 1 second(s)

2022-11-04 15:47:07 - [MESSAGE][PASSED] - Delayed 1 second(s)

2022-11-04 15:47:07 - [TEST_STEP][PASSED] - setText(findTestObject("05-Chat/01- Creating a Chat group/input_newGroupName"), "Automation Chat"): Text 'Automation Chat' is set on object 'Object Repository/05-Chat/01- Creating a Chat group/input_newGroupName'

2022-11-04 15:47:08 - [MESSAGE][PASSED] - Text 'Automation Chat' is set on object 'Object Repository/05-Chat/01- Creating a Chat group/input_newGroupName'

2022-11-04 15:47:08 - [TEST_STEP][PASSED] - click(findTestObject("05-Chat/01- Creating a Chat group/div_GTGG tester")): Object: 'Object Repository/05-Chat/01- Creating a Chat group/div_GTGG tester' is clicked on

2022-11-04 15:47:08 - [MESSAGE][PASSED] - Object: 'Object Repository/05-Chat/01- Creating a Chat group/div_GTGG tester' is clicked on

2022-11-04 15:47:08 - [TEST_STEP][PASSED] - verifyElementVisible(findTestObject("05-Chat/01- Creating a Chat group/GG tester added")): Object 'Object Repository/05-Chat/01- Creating a Chat group/GG tester added' is visible

2022-11-04 15:47:09 - [MESSAGE][PASSED] - Object 'Object Repository/05-Chat/01- Creating a Chat group/GG tester added' is visible

2022-11-04 15:47:09 - [TEST_STEP][PASSED] - delay(1): Delayed 1 second(s)

2022-11-04 15:47:10 - [MESSAGE][PASSED] - Delayed 1 second(s)

2022-11-04 15:47:10 - [TEST_STEP][PASSED] - click(findTestObject("05-Chat/01- Creating a Chat group/div_GTGG tester 2")): Object: 'Object Repository/05-Chat/01- Creating a Chat group/div_GTGG tester 2' is clicked on

2022-11-04 15:47:10 - [MESSAGE][PASSED] - Object: 'Object Repository/05-Chat/01- Creating a Chat group/div_GTGG tester 2' is clicked on

2022-11-04 15:47:10 - [TEST_STEP][PASSED] - verifyElementVisible(findTestObject("05-Chat/01- Creating a Chat group/GG tester 2 added")): Object 'Object Repository/05-Chat/01- Creating a Chat group/GG tester 2 added' is visible

2022-11-04 15:47:11 - [MESSAGE][PASSED] - Object 'Object Repository/05-Chat/01- Creating a Chat group/GG tester 2 added' is visible

2022-11-04 15:47:11 - [TEST_STEP][PASSED] - delay(1): Delayed 1 second(s)

2022-11-04 15:47:12 - [MESSAGE][PASSED] - Delayed 1 second(s)

2022-11-04 15:47:12 - [TEST_STEP][PASSED] - click(findTestObject("05-Chat/01- Creating a Chat group/button_arrow_forward")): Object: 'Object Repository/05-Chat/01- Creating a Chat group/button_arrow_forward' is clicked on

2022-11-04 15:47:12 - [MESSAGE][PASSED] - Object: 'Object Repository/05-Chat/01- Creating a Chat group/button_arrow_forward' is clicked on

2022-11-04 15:47:12 - [TEST_STEP][PASSED] - verifyElementVisible(findTestObject("05-Chat/01- Creating a Chat group/div_Creating Chat")): Object 'Object Repository/05-Chat/01- Creating a Chat group/div_Creating Chat' is visible

2022-11-04 15:47:12 - [MESSAGE][PASSED] - Object 'Object Repository/05-Chat/01- Creating a Chat group/div_Creating Chat' is visible

2022-11-04 15:47:12 - [TEST_STEP][PASSED] - delay(3): Delayed 3 second(s)

2022-11-04 15:47:15 - [MESSAGE][PASSED] - Delayed 3 second(s)

2022-11-04 15:47:15 - [TEST_STEP][PASSED] - verifyElementVisible(findTestObject("05-Chat/01- Creating a Chat group/div_Automation Chat")): Object 'Object Repository/05-Chat/01- Creating a Chat group/div_Automation Chat' is visible

2022-11-04 15:47:18 - [MESSAGE][PASSED] - Object 'Object Repository/05-Chat/01- Creating a Chat group/div_Automation Chat' is visible

2022-11-04 15:47:18 - [TEST_STEP][PASSED] - delay(5): Delayed 5 second(s)

2022-11-04 15:47:23 - [MESSAGE][PASSED] - Delayed 5 second(s)]]></system-out>
         <system-err><![CDATA[]]></system-err>
      </testcase>
      <testcase name="Test Cases/05- Chat/02-Sending chat messages" time="22.594" classname="Test Cases/05- Chat/02-Sending chat messages" status="PASSED">
         <system-out><![CDATA[2022-11-04 15:47:23 - [TEST_CASE][PASSED] - Test Cases/05- Chat/02-Sending chat messages: Test Cases/05- Chat/02-Sending chat messages

2022-11-04 15:47:23 - [TEST_STEP][PASSED] - click(findTestObject("05-Chat/02-Sending chat messages/div_AC")): Object: 'Object Repository/05-Chat/02-Sending chat messages/div_AC' is clicked on

2022-11-04 15:47:23 - [MESSAGE][PASSED] - Object: 'Object Repository/05-Chat/02-Sending chat messages/div_AC' is clicked on

2022-11-04 15:47:23 - [TEST_STEP][PASSED] - setText(findTestObject("05-Chat/02-Sending chat messages/textarea__msg"), "Testing automation"): Text 'Testing automation' is set on object 'Object Repository/05-Chat/02-Sending chat messages/textarea__msg'

2022-11-04 15:47:25 - [MESSAGE][PASSED] - Text 'Testing automation' is set on object 'Object Repository/05-Chat/02-Sending chat messages/textarea__msg'

2022-11-04 15:47:25 - [TEST_STEP][PASSED] - click(findTestObject("05-Chat/02-Sending chat messages/button_send")): Object: 'Object Repository/05-Chat/02-Sending chat messages/button_send' is clicked on

2022-11-04 15:47:26 - [MESSAGE][PASSED] - Object: 'Object Repository/05-Chat/02-Sending chat messages/button_send' is clicked on

2022-11-04 15:47:26 - [TEST_STEP][PASSED] - verifyElementVisible(findTestObject("05-Chat/02-Sending chat messages/verify_Testing automation msg")): Object 'Object Repository/05-Chat/02-Sending chat messages/verify_Testing automation msg' is visible

2022-11-04 15:47:27 - [MESSAGE][PASSED] - Object 'Object Repository/05-Chat/02-Sending chat messages/verify_Testing automation msg' is visible

2022-11-04 15:47:27 - [TEST_STEP][PASSED] - delay(3): Delayed 3 second(s)

2022-11-04 15:47:30 - [MESSAGE][PASSED] - Delayed 3 second(s)

2022-11-04 15:47:30 - [TEST_STEP][PASSED] - click(findTestObject("05-Chat/02-Sending chat messages/button_insert_emoticon")): Object: 'Object Repository/05-Chat/02-Sending chat messages/button_insert_emoticon' is clicked on

2022-11-04 15:47:31 - [MESSAGE][PASSED] - Object: 'Object Repository/05-Chat/02-Sending chat messages/button_insert_emoticon' is clicked on

2022-11-04 15:47:31 - [TEST_STEP][PASSED] - verifyElementVisible(findTestObject("05-Chat/02-Sending chat messages/Frequently used")): Object 'Object Repository/05-Chat/02-Sending chat messages/Frequently used' is visible

2022-11-04 15:47:32 - [MESSAGE][PASSED] - Object 'Object Repository/05-Chat/02-Sending chat messages/Frequently used' is visible

2022-11-04 15:47:32 - [TEST_STEP][PASSED] - verifyElementVisible(findTestObject("05-Chat/02-Sending chat messages/smiley and people")): Object 'Object Repository/05-Chat/02-Sending chat messages/smiley and people' is visible

2022-11-04 15:47:32 - [MESSAGE][PASSED] - Object 'Object Repository/05-Chat/02-Sending chat messages/smiley and people' is visible

2022-11-04 15:47:32 - [TEST_STEP][PASSED] - verifyElementVisible(findTestObject("05-Chat/02-Sending chat messages/Animals and nature")): Object 'Object Repository/05-Chat/02-Sending chat messages/Animals and nature' is visible

2022-11-04 15:47:33 - [MESSAGE][PASSED] - Object 'Object Repository/05-Chat/02-Sending chat messages/Animals and nature' is visible

2022-11-04 15:47:33 - [TEST_STEP][PASSED] - verifyElementVisible(findTestObject("05-Chat/02-Sending chat messages/Food and drink")): Object 'Object Repository/05-Chat/02-Sending chat messages/Food and drink' is visible

2022-11-04 15:47:33 - [MESSAGE][PASSED] - Object 'Object Repository/05-Chat/02-Sending chat messages/Food and drink' is visible

2022-11-04 15:47:33 - [TEST_STEP][PASSED] - verifyElementVisible(findTestObject("05-Chat/02-Sending chat messages/Activity")): Object 'Object Repository/05-Chat/02-Sending chat messages/Activity' is visible

2022-11-04 15:47:34 - [MESSAGE][PASSED] - Object 'Object Repository/05-Chat/02-Sending chat messages/Activity' is visible

2022-11-04 15:47:34 - [TEST_STEP][PASSED] - verifyElementVisible(findTestObject("05-Chat/02-Sending chat messages/Travel and places")): Object 'Object Repository/05-Chat/02-Sending chat messages/Travel and places' is visible

2022-11-04 15:47:34 - [MESSAGE][PASSED] - Object 'Object Repository/05-Chat/02-Sending chat messages/Travel and places' is visible

2022-11-04 15:47:34 - [TEST_STEP][PASSED] - verifyElementVisible(findTestObject("05-Chat/02-Sending chat messages/Objects")): Object 'Object Repository/05-Chat/02-Sending chat messages/Objects' is visible

2022-11-04 15:47:34 - [MESSAGE][PASSED] - Object 'Object Repository/05-Chat/02-Sending chat messages/Objects' is visible

2022-11-04 15:47:34 - [TEST_STEP][PASSED] - verifyElementVisible(findTestObject("05-Chat/02-Sending chat messages/Symbols")): Object 'Object Repository/05-Chat/02-Sending chat messages/Symbols' is visible

2022-11-04 15:47:35 - [MESSAGE][PASSED] - Object 'Object Repository/05-Chat/02-Sending chat messages/Symbols' is visible

2022-11-04 15:47:35 - [TEST_STEP][PASSED] - delay(2): Delayed 2 second(s)

2022-11-04 15:47:37 - [MESSAGE][PASSED] - Delayed 2 second(s)

2022-11-04 15:47:37 - [TEST_STEP][PASSED] - click(findTestObject("05-Chat/02-Sending chat messages/Money Face")): Object: 'Object Repository/05-Chat/02-Sending chat messages/Money Face' is clicked on

2022-11-04 15:47:37 - [MESSAGE][PASSED] - Object: 'Object Repository/05-Chat/02-Sending chat messages/Money Face' is clicked on

2022-11-04 15:47:37 - [TEST_STEP][PASSED] - click(findTestObject("05-Chat/02-Sending chat messages/button_send")): Object: 'Object Repository/05-Chat/02-Sending chat messages/button_send' is clicked on

2022-11-04 15:47:38 - [MESSAGE][PASSED] - Object: 'Object Repository/05-Chat/02-Sending chat messages/button_send' is clicked on

2022-11-04 15:47:38 - [TEST_STEP][PASSED] - delay(2): Delayed 2 second(s)

2022-11-04 15:47:40 - [MESSAGE][PASSED] - Delayed 2 second(s)

2022-11-04 15:47:40 - [TEST_STEP][PASSED] - verifyElementVisible(findTestObject("05-Chat/02-Sending chat messages/money face in chat")): Object 'Object Repository/05-Chat/02-Sending chat messages/money face in chat' is visible

2022-11-04 15:47:40 - [MESSAGE][PASSED] - Object 'Object Repository/05-Chat/02-Sending chat messages/money face in chat' is visible

2022-11-04 15:47:40 - [TEST_STEP][PASSED] - delay(5): Delayed 5 second(s)

2022-11-04 15:47:45 - [MESSAGE][PASSED] - Delayed 5 second(s)]]></system-out>
         <system-err><![CDATA[]]></system-err>
      </testcase>
      <testcase name="Test Cases/05- Chat/03-React to a message" time="20.681" classname="Test Cases/05- Chat/03-React to a message" status="PASSED">
         <system-out><![CDATA[2022-11-04 15:47:45 - [TEST_CASE][PASSED] - Test Cases/05- Chat/03-React to a message: Test Cases/05- Chat/03-React to a message

2022-11-04 15:47:45 - [TEST_STEP][PASSED] - mouseOver(findTestObject("05-Chat/03-05 - React and Reply/div_chat")): Object: 'Object Repository/05-Chat/03-05 - React and Reply/div_chat' is hovered

2022-11-04 15:47:46 - [MESSAGE][PASSED] - Object: 'Object Repository/05-Chat/03-05 - React and Reply/div_chat' is hovered

2022-11-04 15:47:46 - [TEST_STEP][PASSED] - click(findTestObject("05-Chat/03-05 - React and Reply/mat-icon_mood")): Object: 'Object Repository/05-Chat/03-05 - React and Reply/mat-icon_mood' is clicked on

2022-11-04 15:47:47 - [MESSAGE][PASSED] - Object: 'Object Repository/05-Chat/03-05 - React and Reply/mat-icon_mood' is clicked on

2022-11-04 15:47:47 - [TEST_STEP][PASSED] - click(findTestObject("05-Chat/03-05 - React and Reply/button_react_like")): Object: 'Object Repository/05-Chat/03-05 - React and Reply/button_react_like' is clicked on

2022-11-04 15:47:48 - [MESSAGE][PASSED] - Object: 'Object Repository/05-Chat/03-05 - React and Reply/button_react_like' is clicked on

2022-11-04 15:47:48 - [TEST_STEP][PASSED] - delay(2): Delayed 2 second(s)

2022-11-04 15:47:50 - [MESSAGE][PASSED] - Delayed 2 second(s)

2022-11-04 15:47:50 - [TEST_STEP][PASSED] - mouseOver(findTestObject("05-Chat/03-05 - React and Reply/div_chat")): Object: 'Object Repository/05-Chat/03-05 - React and Reply/div_chat' is hovered

2022-11-04 15:47:51 - [MESSAGE][PASSED] - Object: 'Object Repository/05-Chat/03-05 - React and Reply/div_chat' is hovered

2022-11-04 15:47:51 - [TEST_STEP][PASSED] - click(findTestObject("05-Chat/03-05 - React and Reply/mat-icon_mood")): Object: 'Object Repository/05-Chat/03-05 - React and Reply/mat-icon_mood' is clicked on

2022-11-04 15:47:51 - [MESSAGE][PASSED] - Object: 'Object Repository/05-Chat/03-05 - React and Reply/mat-icon_mood' is clicked on

2022-11-04 15:47:51 - [TEST_STEP][PASSED] - click(findTestObject("05-Chat/03-05 - React and Reply/button_react_heart")): Object: 'Object Repository/05-Chat/03-05 - React and Reply/button_react_heart' is clicked on

2022-11-04 15:47:52 - [MESSAGE][PASSED] - Object: 'Object Repository/05-Chat/03-05 - React and Reply/button_react_heart' is clicked on

2022-11-04 15:47:52 - [TEST_STEP][PASSED] - delay(2): Delayed 2 second(s)

2022-11-04 15:47:54 - [MESSAGE][PASSED] - Delayed 2 second(s)

2022-11-04 15:47:54 - [TEST_STEP][PASSED] - click(findTestObject("05-Chat/03-05 - React and Reply/div_react_heart")): Object: 'Object Repository/05-Chat/03-05 - React and Reply/div_react_heart' is clicked on

2022-11-04 15:47:54 - [MESSAGE][PASSED] - Object: 'Object Repository/05-Chat/03-05 - React and Reply/div_react_heart' is clicked on

2022-11-04 15:47:54 - [TEST_STEP][PASSED] - verifyElementVisible(findTestObject("05-Chat/03-05 - React and Reply/h4_Message Reactions")): Object 'Object Repository/05-Chat/03-05 - React and Reply/h4_Message Reactions' is visible

2022-11-04 15:47:55 - [MESSAGE][PASSED] - Object 'Object Repository/05-Chat/03-05 - React and Reply/h4_Message Reactions' is visible

2022-11-04 15:47:55 - [TEST_STEP][PASSED] - click(findTestObject("05-Chat/03-05 - React and Reply/div_react_All")): Object: 'Object Repository/05-Chat/03-05 - React and Reply/div_react_All' is clicked on

2022-11-04 15:47:55 - [MESSAGE][PASSED] - Object: 'Object Repository/05-Chat/03-05 - React and Reply/div_react_All' is clicked on

2022-11-04 15:47:55 - [TEST_STEP][PASSED] - verifyElementVisible(findTestObject("05-Chat/03-05 - React and Reply/div_GG TESTER Click to remove")): Object 'Object Repository/05-Chat/03-05 - React and Reply/div_GG TESTER Click to remove' is visible

2022-11-04 15:47:56 - [MESSAGE][PASSED] - Object 'Object Repository/05-Chat/03-05 - React and Reply/div_GG TESTER Click to remove' is visible

2022-11-04 15:47:56 - [TEST_STEP][PASSED] - delay(2): Delayed 2 second(s)

2022-11-04 15:47:58 - [MESSAGE][PASSED] - Delayed 2 second(s)

2022-11-04 15:47:58 - [TEST_STEP][PASSED] - click(findTestObject("05-Chat/03-05 - React and Reply/div_react")): Object: 'Object Repository/05-Chat/03-05 - React and Reply/div_react' is clicked on

2022-11-04 15:47:58 - [MESSAGE][PASSED] - Object: 'Object Repository/05-Chat/03-05 - React and Reply/div_react' is clicked on

2022-11-04 15:47:58 - [TEST_STEP][PASSED] - verifyElementVisible(findTestObject("05-Chat/03-05 - React and Reply/div_GG TESTER Click to remove")): Object 'Object Repository/05-Chat/03-05 - React and Reply/div_GG TESTER Click to remove' is visible

2022-11-04 15:47:59 - [MESSAGE][PASSED] - Object 'Object Repository/05-Chat/03-05 - React and Reply/div_GG TESTER Click to remove' is visible

2022-11-04 15:47:59 - [TEST_STEP][PASSED] - refresh(): Refresh successfully

2022-11-04 15:48:01 - [MESSAGE][PASSED] - Refresh successfully

2022-11-04 15:48:01 - [TEST_STEP][PASSED] - delay(5): Delayed 5 second(s)

2022-11-04 15:48:06 - [MESSAGE][PASSED] - Delayed 5 second(s)]]></system-out>
         <system-err><![CDATA[]]></system-err>
      </testcase>
      <testcase name="Test Cases/05- Chat/04-Remove react on a message" time="9.643" classname="Test Cases/05- Chat/04-Remove react on a message" status="PASSED">
         <system-out><![CDATA[2022-11-04 15:48:06 - [TEST_CASE][PASSED] - Test Cases/05- Chat/04-Remove react on a message: Test Cases/05- Chat/04-Remove react on a message

2022-11-04 15:48:06 - [TEST_STEP][PASSED] - click(findTestObject("05-Chat/03-05 - React and Reply/div_react_heart")): Object: 'Object Repository/05-Chat/03-05 - React and Reply/div_react_heart' is clicked on

2022-11-04 15:48:09 - [MESSAGE][PASSED] - Object: 'Object Repository/05-Chat/03-05 - React and Reply/div_react_heart' is clicked on

2022-11-04 15:48:09 - [TEST_STEP][PASSED] - verifyElementVisible(findTestObject("05-Chat/03-05 - React and Reply/h4_Message Reactions")): Object 'Object Repository/05-Chat/03-05 - React and Reply/h4_Message Reactions' is visible

2022-11-04 15:48:10 - [MESSAGE][PASSED] - Object 'Object Repository/05-Chat/03-05 - React and Reply/h4_Message Reactions' is visible

2022-11-04 15:48:10 - [TEST_STEP][PASSED] - click(findTestObject("05-Chat/03-05 - React and Reply/div_react_All")): Object: 'Object Repository/05-Chat/03-05 - React and Reply/div_react_All' is clicked on

2022-11-04 15:48:10 - [MESSAGE][PASSED] - Object: 'Object Repository/05-Chat/03-05 - React and Reply/div_react_All' is clicked on

2022-11-04 15:48:10 - [TEST_STEP][PASSED] - click(findTestObject("05-Chat/03-05 - React and Reply/div_GG TESTER Click to remove")): Object: 'Object Repository/05-Chat/03-05 - React and Reply/div_GG TESTER Click to remove' is clicked on

2022-11-04 15:48:10 - [MESSAGE][PASSED] - Object: 'Object Repository/05-Chat/03-05 - React and Reply/div_GG TESTER Click to remove' is clicked on

2022-11-04 15:48:10 - [TEST_STEP][PASSED] - delay(5): Delayed 5 second(s)

2022-11-04 15:48:15 - [MESSAGE][PASSED] - Delayed 5 second(s)]]></system-out>
         <system-err><![CDATA[]]></system-err>
      </testcase>
      <testcase name="Test Cases/05- Chat/05-Reply on a message" time="19.057" classname="Test Cases/05- Chat/05-Reply on a message" status="PASSED">
         <system-out><![CDATA[2022-11-04 15:48:15 - [TEST_CASE][PASSED] - Test Cases/05- Chat/05-Reply on a message: Test Cases/05- Chat/05-Reply on a message

2022-11-04 15:48:16 - [TEST_STEP][PASSED] - mouseOver(findTestObject("05-Chat/03-05 - React and Reply/div_chat")): Object: 'Object Repository/05-Chat/03-05 - React and Reply/div_chat' is hovered

2022-11-04 15:48:16 - [MESSAGE][PASSED] - Object: 'Object Repository/05-Chat/03-05 - React and Reply/div_chat' is hovered

2022-11-04 15:48:16 - [TEST_STEP][PASSED] - click(findTestObject("05-Chat/03-05 - React and Reply/button_expand_less")): Object: 'Object Repository/05-Chat/03-05 - React and Reply/button_expand_less' is clicked on

2022-11-04 15:48:17 - [MESSAGE][PASSED] - Object: 'Object Repository/05-Chat/03-05 - React and Reply/button_expand_less' is clicked on

2022-11-04 15:48:17 - [TEST_STEP][PASSED] - click(findTestObject("05-Chat/03-05 - React and Reply/button_Reply")): Object: 'Object Repository/05-Chat/03-05 - React and Reply/button_Reply' is clicked on

2022-11-04 15:48:18 - [MESSAGE][PASSED] - Object: 'Object Repository/05-Chat/03-05 - React and Reply/button_Reply' is clicked on

2022-11-04 15:48:18 - [TEST_STEP][PASSED] - delay(2): Delayed 2 second(s)

2022-11-04 15:48:20 - [MESSAGE][PASSED] - Delayed 2 second(s)

2022-11-04 15:48:20 - [TEST_STEP][PASSED] - verifyElementVisible(findTestObject("05-Chat/03-05 - React and Reply/div_reply")): Object 'Object Repository/05-Chat/03-05 - React and Reply/div_reply' is visible

2022-11-04 15:48:20 - [MESSAGE][PASSED] - Object 'Object Repository/05-Chat/03-05 - React and Reply/div_reply' is visible

2022-11-04 15:48:20 - [TEST_STEP][PASSED] - click(findTestObject("05-Chat/03-05 - React and Reply/mat-icon_cancel"), STOP_ON_FAILURE): Object: 'Object Repository/05-Chat/03-05 - React and Reply/mat-icon_cancel' is clicked on

2022-11-04 15:48:20 - [MESSAGE][PASSED] - Object: 'Object Repository/05-Chat/03-05 - React and Reply/mat-icon_cancel' is clicked on

2022-11-04 15:48:20 - [TEST_STEP][PASSED] - delay(2): Delayed 2 second(s)

2022-11-04 15:48:22 - [MESSAGE][PASSED] - Delayed 2 second(s)

2022-11-04 15:48:22 - [TEST_STEP][PASSED] - mouseOver(findTestObject("05-Chat/03-05 - React and Reply/div_chat")): Object: 'Object Repository/05-Chat/03-05 - React and Reply/div_chat' is hovered

2022-11-04 15:48:23 - [MESSAGE][PASSED] - Object: 'Object Repository/05-Chat/03-05 - React and Reply/div_chat' is hovered

2022-11-04 15:48:23 - [TEST_STEP][PASSED] - click(findTestObject("05-Chat/03-05 - React and Reply/button_expand_less")): Object: 'Object Repository/05-Chat/03-05 - React and Reply/button_expand_less' is clicked on

2022-11-04 15:48:24 - [MESSAGE][PASSED] - Object: 'Object Repository/05-Chat/03-05 - React and Reply/button_expand_less' is clicked on

2022-11-04 15:48:24 - [TEST_STEP][PASSED] - click(findTestObject("05-Chat/03-05 - React and Reply/button_Reply")): Object: 'Object Repository/05-Chat/03-05 - React and Reply/button_Reply' is clicked on

2022-11-04 15:48:24 - [MESSAGE][PASSED] - Object: 'Object Repository/05-Chat/03-05 - React and Reply/button_Reply' is clicked on

2022-11-04 15:48:24 - [TEST_STEP][PASSED] - delay(2): Delayed 2 second(s)

2022-11-04 15:48:26 - [MESSAGE][PASSED] - Delayed 2 second(s)

2022-11-04 15:48:26 - [TEST_STEP][PASSED] - verifyElementVisible(findTestObject("05-Chat/03-05 - React and Reply/div_reply")): Object 'Object Repository/05-Chat/03-05 - React and Reply/div_reply' is visible

2022-11-04 15:48:27 - [MESSAGE][PASSED] - Object 'Object Repository/05-Chat/03-05 - React and Reply/div_reply' is visible

2022-11-04 15:48:27 - [TEST_STEP][PASSED] - setText(findTestObject("05-Chat/02-Sending chat messages/textarea__msg"), "Reply test"): Text 'Reply test' is set on object 'Object Repository/05-Chat/02-Sending chat messages/textarea__msg'

2022-11-04 15:48:27 - [MESSAGE][PASSED] - Text 'Reply test' is set on object 'Object Repository/05-Chat/02-Sending chat messages/textarea__msg'

2022-11-04 15:48:27 - [TEST_STEP][PASSED] - click(findTestObject("05-Chat/02-Sending chat messages/button_send")): Object: 'Object Repository/05-Chat/02-Sending chat messages/button_send' is clicked on

2022-11-04 15:48:28 - [MESSAGE][PASSED] - Object: 'Object Repository/05-Chat/02-Sending chat messages/button_send' is clicked on

2022-11-04 15:48:28 - [TEST_STEP][PASSED] - verifyElementVisible(findTestObject("05-Chat/03-05 - React and Reply/div_reply_chat")): Object 'Object Repository/05-Chat/03-05 - React and Reply/div_reply_chat' is visible

2022-11-04 15:48:30 - [MESSAGE][PASSED] - Object 'Object Repository/05-Chat/03-05 - React and Reply/div_reply_chat' is visible

2022-11-04 15:48:30 - [TEST_STEP][PASSED] - delay(5): Delayed 5 second(s)

2022-11-04 15:48:35 - [MESSAGE][PASSED] - Delayed 5 second(s)]]></system-out>
         <system-err><![CDATA[]]></system-err>
      </testcase>
      <testcase name="Test Cases/05- Chat/06-Sending attached file" time="149.476" classname="Test Cases/05- Chat/06-Sending attached file" status="PASSED">
         <system-out><![CDATA[2022-11-04 15:48:35 - [TEST_CASE][PASSED] - Test Cases/05- Chat/06-Sending attached file: Test Cases/05- Chat/06-Sending attached file

2022-11-04 15:48:35 - [TEST_STEP][PASSED] - delay(5): Delayed 5 second(s)

2022-11-04 15:48:40 - [MESSAGE][PASSED] - Delayed 5 second(s)

2022-11-04 15:48:40 - [TEST_STEP][PASSED] - uploadpackage.Upload.uploadFile(findTestObject("Object Repository/05-Chat/06-Sending attached file/button_attach_file"), "C:\Users\User\Desktop\EL automation\qa.jpg"): uploadpackage.Upload.uploadFile is PASSED

2022-11-04 15:48:40 - [MESSAGE][PASSED] - Object: 'Object Repository/05-Chat/06-Sending attached file/button_attach_file' is clicked on

2022-11-04 15:48:41 - [MESSAGE][PASSED] - uploadpackage.Upload.uploadFile is PASSED

2022-11-04 15:48:41 - [TEST_STEP][PASSED] - delay(5): Delayed 5 second(s)

2022-11-04 15:48:46 - [MESSAGE][PASSED] - Delayed 5 second(s)

2022-11-04 15:48:46 - [TEST_STEP][PASSED] - click(findTestObject("05-Chat/02-Sending chat messages/button_send")): Object: 'Object Repository/05-Chat/02-Sending chat messages/button_send' is clicked on

2022-11-04 15:48:46 - [MESSAGE][PASSED] - Object: 'Object Repository/05-Chat/02-Sending chat messages/button_send' is clicked on

2022-11-04 15:48:46 - [TEST_STEP][PASSED] - delay(20): Delayed 20 second(s)

2022-11-04 15:49:06 - [MESSAGE][PASSED] - Delayed 20 second(s)

2022-11-04 15:49:06 - [TEST_STEP][PASSED] - verifyElementVisible(findTestObject("05-Chat/06-Sending attached file/img_You_inserted")): Object 'Object Repository/05-Chat/06-Sending attached file/img_You_inserted' is visible

2022-11-04 15:49:07 - [MESSAGE][PASSED] - Object 'Object Repository/05-Chat/06-Sending attached file/img_You_inserted' is visible

2022-11-04 15:49:07 - [TEST_STEP][PASSED] - refresh(): Refresh successfully

2022-11-04 15:49:08 - [MESSAGE][PASSED] - Refresh successfully

2022-11-04 15:49:08 - [TEST_STEP][PASSED] - delay(15): Delayed 15 second(s)

2022-11-04 15:49:23 - [MESSAGE][PASSED] - Delayed 15 second(s)

2022-11-04 15:49:23 - [TEST_STEP][PASSED] - uploadFileWithDragAndDrop(findTestObject("Object Repository/05-Chat/02-Sending chat messages/textarea__msg"), "C:\Users\User\Desktop\EL automation\sample.pdf"): null

2022-11-04 15:49:24 - [TEST_STEP][PASSED] - delay(5): Delayed 5 second(s)

2022-11-04 15:49:29 - [MESSAGE][PASSED] - Delayed 5 second(s)

2022-11-04 15:49:29 - [TEST_STEP][PASSED] - click(findTestObject("05-Chat/02-Sending chat messages/button_send")): Object: 'Object Repository/05-Chat/02-Sending chat messages/button_send' is clicked on

2022-11-04 15:49:30 - [MESSAGE][PASSED] - Object: 'Object Repository/05-Chat/02-Sending chat messages/button_send' is clicked on

2022-11-04 15:49:30 - [TEST_STEP][PASSED] - delay(20): Delayed 20 second(s)

2022-11-04 15:49:50 - [MESSAGE][PASSED] - Delayed 20 second(s)

2022-11-04 15:49:50 - [TEST_STEP][PASSED] - verifyElementVisible(findTestObject("05-Chat/06-Sending attached file/span_sample.pdf")): Object 'Object Repository/05-Chat/06-Sending attached file/span_sample.pdf' is visible

2022-11-04 15:49:51 - [MESSAGE][PASSED] - Object 'Object Repository/05-Chat/06-Sending attached file/span_sample.pdf' is visible

2022-11-04 15:49:51 - [TEST_STEP][PASSED] - refresh(): Refresh successfully

2022-11-04 15:49:52 - [MESSAGE][PASSED] - Refresh successfully

2022-11-04 15:49:52 - [TEST_STEP][PASSED] - delay(15): Delayed 15 second(s)

2022-11-04 15:50:07 - [MESSAGE][PASSED] - Delayed 15 second(s)

2022-11-04 15:50:07 - [TEST_STEP][PASSED] - uploadFileWithDragAndDrop(findTestObject("Object Repository/05-Chat/02-Sending chat messages/textarea__msg"), "C:\Users\User\Desktop\EL automation\video.mp4"): null

2022-11-04 15:50:08 - [TEST_STEP][PASSED] - delay(5): Delayed 5 second(s)

2022-11-04 15:50:13 - [MESSAGE][PASSED] - Delayed 5 second(s)

2022-11-04 15:50:13 - [TEST_STEP][PASSED] - click(findTestObject("05-Chat/02-Sending chat messages/button_send")): Object: 'Object Repository/05-Chat/02-Sending chat messages/button_send' is clicked on

2022-11-04 15:50:14 - [MESSAGE][PASSED] - Object: 'Object Repository/05-Chat/02-Sending chat messages/button_send' is clicked on

2022-11-04 15:50:14 - [TEST_STEP][PASSED] - delay(20): Delayed 20 second(s)

2022-11-04 15:50:34 - [MESSAGE][PASSED] - Delayed 20 second(s)

2022-11-04 15:50:34 - [TEST_STEP][PASSED] - verifyElementVisible(findTestObject("05-Chat/06-Sending attached file/span_video.mp4")): Object 'Object Repository/05-Chat/06-Sending attached file/span_video.mp4' is visible

2022-11-04 15:50:59 - [MESSAGE][PASSED] - Object 'Object Repository/05-Chat/06-Sending attached file/span_video.mp4' is visible

2022-11-04 15:50:59 - [TEST_STEP][PASSED] - delay(5): Delayed 5 second(s)

2022-11-04 15:51:04 - [MESSAGE][PASSED] - Delayed 5 second(s)]]></system-out>
         <system-err><![CDATA[]]></system-err>
      </testcase>
      <testcase name="Test Cases/05- Chat/07-Sending a video conference invite" time="14.81" classname="Test Cases/05- Chat/07-Sending a video conference invite" status="PASSED">
         <system-out><![CDATA[2022-11-04 15:51:04 - [TEST_CASE][PASSED] - Test Cases/05- Chat/07-Sending a video conference invite: Test Cases/05- Chat/07-Sending a video conference invite

2022-11-04 15:51:04 - [TEST_STEP][PASSED] - click(findTestObject("05-Chat/07-Sending a video conference invite/button_videocam")): Object: 'Object Repository/05-Chat/07-Sending a video conference invite/button_videocam' is clicked on

2022-11-04 15:51:05 - [MESSAGE][PASSED] - Object: 'Object Repository/05-Chat/07-Sending a video conference invite/button_videocam' is clicked on

2022-11-04 15:51:05 - [TEST_STEP][PASSED] - delay(2): Delayed 2 second(s)

2022-11-04 15:51:07 - [MESSAGE][PASSED] - Delayed 2 second(s)

2022-11-04 15:51:07 - [TEST_STEP][PASSED] - click(findTestObject("05-Chat/02-Sending chat messages/button_send")): Object: 'Object Repository/05-Chat/02-Sending chat messages/button_send' is clicked on

2022-11-04 15:51:07 - [MESSAGE][PASSED] - Object: 'Object Repository/05-Chat/02-Sending chat messages/button_send' is clicked on

2022-11-04 15:51:07 - [TEST_STEP][PASSED] - delay(5): Delayed 5 second(s)

2022-11-04 15:51:12 - [MESSAGE][PASSED] - Delayed 5 second(s)

2022-11-04 15:51:12 - [TEST_STEP][PASSED] - verifyElementVisible(findTestObject("05-Chat/07-Sending a video conference invite/div_Video Conference"), CONTINUE_ON_FAILURE): Object 'Object Repository/05-Chat/07-Sending a video conference invite/div_Video Conference' is visible

2022-11-04 15:51:14 - [MESSAGE][PASSED] - Object 'Object Repository/05-Chat/07-Sending a video conference invite/div_Video Conference' is visible

2022-11-04 15:51:14 - [TEST_STEP][PASSED] - delay(5): Delayed 5 second(s)

2022-11-04 15:51:19 - [MESSAGE][PASSED] - Delayed 5 second(s)]]></system-out>
         <system-err><![CDATA[]]></system-err>
      </testcase>
      <testcase name="Test Cases/05- Chat/08-Schedule a meeting" time="45.547" classname="Test Cases/05- Chat/08-Schedule a meeting" status="PASSED">
         <system-out><![CDATA[2022-11-04 15:51:19 - [TEST_CASE][PASSED] - Test Cases/05- Chat/08-Schedule a meeting: Test Cases/05- Chat/08-Schedule a meeting

2022-11-04 15:51:19 - [TEST_STEP][PASSED] - click(findTestObject("05-Chat/08-Schedule a meeting/button_schedule a meeting")): Object: 'Object Repository/05-Chat/08-Schedule a meeting/button_schedule a meeting' is clicked on

2022-11-04 15:51:20 - [MESSAGE][PASSED] - Object: 'Object Repository/05-Chat/08-Schedule a meeting/button_schedule a meeting' is clicked on

2022-11-04 15:51:20 - [TEST_STEP][PASSED] - delay(2): Delayed 2 second(s)

2022-11-04 15:51:22 - [MESSAGE][PASSED] - Delayed 2 second(s)

2022-11-04 15:51:22 - [TEST_STEP][PASSED] - verifyElementVisible(findTestObject("05-Chat/08-Schedule a meeting/Meeting title field")): Object 'Object Repository/05-Chat/08-Schedule a meeting/Meeting title field' is visible

2022-11-04 15:51:22 - [MESSAGE][PASSED] - Object 'Object Repository/05-Chat/08-Schedule a meeting/Meeting title field' is visible

2022-11-04 15:51:22 - [TEST_STEP][PASSED] - verifyElementVisible(findTestObject("05-Chat/08-Schedule a meeting/div_Start Date")): Object 'Object Repository/05-Chat/08-Schedule a meeting/div_Start Date' is visible

2022-11-04 15:51:22 - [MESSAGE][PASSED] - Object 'Object Repository/05-Chat/08-Schedule a meeting/div_Start Date' is visible

2022-11-04 15:51:22 - [TEST_STEP][PASSED] - verifyElementVisible(findTestObject("05-Chat/08-Schedule a meeting/div_End Date")): Object 'Object Repository/05-Chat/08-Schedule a meeting/div_End Date' is visible

2022-11-04 15:51:23 - [MESSAGE][PASSED] - Object 'Object Repository/05-Chat/08-Schedule a meeting/div_End Date' is visible

2022-11-04 15:51:23 - [TEST_STEP][PASSED] - verifyElementVisible(findTestObject("05-Chat/08-Schedule a meeting/div_Recurrence")): Object 'Object Repository/05-Chat/08-Schedule a meeting/div_Recurrence' is visible

2022-11-04 15:51:24 - [MESSAGE][PASSED] - Object 'Object Repository/05-Chat/08-Schedule a meeting/div_Recurrence' is visible

2022-11-04 15:51:24 - [TEST_STEP][PASSED] - delay(2): Delayed 2 second(s)

2022-11-04 15:51:26 - [MESSAGE][PASSED] - Delayed 2 second(s)

2022-11-04 15:51:26 - [TEST_STEP][PASSED] - click(findTestObject("05-Chat/08-Schedule a meeting/div_recurrence_selectarror")): Object: 'Object Repository/05-Chat/08-Schedule a meeting/div_recurrence_selectarror' is clicked on

2022-11-04 15:51:27 - [MESSAGE][PASSED] - Object: 'Object Repository/05-Chat/08-Schedule a meeting/div_recurrence_selectarror' is clicked on

2022-11-04 15:51:27 - [TEST_STEP][PASSED] - verifyElementVisible(findTestObject("05-Chat/08-Schedule a meeting/span_Does not repeat")): Object 'Object Repository/05-Chat/08-Schedule a meeting/span_Does not repeat' is visible

2022-11-04 15:51:28 - [MESSAGE][PASSED] - Object 'Object Repository/05-Chat/08-Schedule a meeting/span_Does not repeat' is visible

2022-11-04 15:51:28 - [TEST_STEP][PASSED] - verifyElementVisible(findTestObject("05-Chat/08-Schedule a meeting/span_Daily")): Object 'Object Repository/05-Chat/08-Schedule a meeting/span_Daily' is visible

2022-11-04 15:51:28 - [MESSAGE][PASSED] - Object 'Object Repository/05-Chat/08-Schedule a meeting/span_Daily' is visible

2022-11-04 15:51:28 - [TEST_STEP][PASSED] - verifyElementVisible(findTestObject("05-Chat/08-Schedule a meeting/span_Weekly")): Object 'Object Repository/05-Chat/08-Schedule a meeting/span_Weekly' is visible

2022-11-04 15:51:29 - [MESSAGE][PASSED] - Object 'Object Repository/05-Chat/08-Schedule a meeting/span_Weekly' is visible

2022-11-04 15:51:29 - [TEST_STEP][PASSED] - verifyElementVisible(findTestObject("05-Chat/08-Schedule a meeting/span_Monthly")): Object 'Object Repository/05-Chat/08-Schedule a meeting/span_Monthly' is visible

2022-11-04 15:51:29 - [MESSAGE][PASSED] - Object 'Object Repository/05-Chat/08-Schedule a meeting/span_Monthly' is visible

2022-11-04 15:51:29 - [TEST_STEP][PASSED] - verifyElementVisible(findTestObject("05-Chat/08-Schedule a meeting/span_Every weekday")): Object 'Object Repository/05-Chat/08-Schedule a meeting/span_Every weekday' is visible

2022-11-04 15:51:29 - [MESSAGE][PASSED] - Object 'Object Repository/05-Chat/08-Schedule a meeting/span_Every weekday' is visible

2022-11-04 15:51:29 - [TEST_STEP][PASSED] - delay(2): Delayed 2 second(s)

2022-11-04 15:51:31 - [MESSAGE][PASSED] - Delayed 2 second(s)

2022-11-04 15:51:31 - [TEST_STEP][PASSED] - click(findTestObject("05-Chat/08-Schedule a meeting/span_Daily"), STOP_ON_FAILURE): Object: 'Object Repository/05-Chat/08-Schedule a meeting/span_Daily' is clicked on

2022-11-04 15:51:32 - [MESSAGE][PASSED] - Object: 'Object Repository/05-Chat/08-Schedule a meeting/span_Daily' is clicked on

2022-11-04 15:51:32 - [TEST_STEP][PASSED] - click(findTestObject("05-Chat/08-Schedule a meeting/button_Start Date_calendar")): Object: 'Object Repository/05-Chat/08-Schedule a meeting/button_Start Date_calendar' is clicked on

2022-11-04 15:51:34 - [MESSAGE][PASSED] - Object: 'Object Repository/05-Chat/08-Schedule a meeting/button_Start Date_calendar' is clicked on

2022-11-04 15:51:34 - [TEST_STEP][PASSED] - verifyElementVisible(findTestObject("05-Chat/08-Schedule a meeting/calendar modal")): Object 'Object Repository/05-Chat/08-Schedule a meeting/calendar modal' is visible

2022-11-04 15:51:35 - [MESSAGE][PASSED] - Object 'Object Repository/05-Chat/08-Schedule a meeting/calendar modal' is visible

2022-11-04 15:51:35 - [TEST_STEP][PASSED] - delay(2): Delayed 2 second(s)

2022-11-04 15:51:37 - [MESSAGE][PASSED] - Delayed 2 second(s)

2022-11-04 15:51:37 - [TEST_STEP][PASSED] - clickOffset(findTestObject("05-Chat/01- Creating a Chat group/div_Automation Chat"), 10, 10): Object: 'Object Repository/05-Chat/01- Creating a Chat group/div_Automation Chat' is clicked on using offset x=10 and y=10

2022-11-04 15:51:38 - [MESSAGE][PASSED] - Object: 'Object Repository/05-Chat/01- Creating a Chat group/div_Automation Chat' is clicked on using offset x=10 and y=10

2022-11-04 15:51:38 - [TEST_STEP][PASSED] - delay(3): Delayed 3 second(s)

2022-11-04 15:51:41 - [MESSAGE][PASSED] - Delayed 3 second(s)

2022-11-04 15:51:41 - [TEST_STEP][PASSED] - click(findTestObject("05-Chat/08-Schedule a meeting/button_End Date_calendar")): Object: 'Object Repository/05-Chat/08-Schedule a meeting/button_End Date_calendar' is clicked on

2022-11-04 15:51:41 - [MESSAGE][PASSED] - Object: 'Object Repository/05-Chat/08-Schedule a meeting/button_End Date_calendar' is clicked on

2022-11-04 15:51:41 - [TEST_STEP][PASSED] - verifyElementVisible(findTestObject("05-Chat/08-Schedule a meeting/calendar modal")): Object 'Object Repository/05-Chat/08-Schedule a meeting/calendar modal' is visible

2022-11-04 15:51:43 - [MESSAGE][PASSED] - Object 'Object Repository/05-Chat/08-Schedule a meeting/calendar modal' is visible

2022-11-04 15:51:43 - [TEST_STEP][PASSED] - delay(3): Delayed 3 second(s)

2022-11-04 15:51:46 - [MESSAGE][PASSED] - Delayed 3 second(s)

2022-11-04 15:51:46 - [TEST_STEP][PASSED] - clickOffset(findTestObject("05-Chat/01- Creating a Chat group/div_Automation Chat"), 10, 10): Object: 'Object Repository/05-Chat/01- Creating a Chat group/div_Automation Chat' is clicked on using offset x=10 and y=10

2022-11-04 15:51:47 - [MESSAGE][PASSED] - Object: 'Object Repository/05-Chat/01- Creating a Chat group/div_Automation Chat' is clicked on using offset x=10 and y=10

2022-11-04 15:51:47 - [TEST_STEP][PASSED] - delay(3): Delayed 3 second(s)

2022-11-04 15:51:50 - [MESSAGE][PASSED] - Delayed 3 second(s)

2022-11-04 15:51:50 - [TEST_STEP][PASSED] - setText(findTestObject("05-Chat/08-Schedule a meeting/input_meeting title"), "Automation Meeting"): Text 'Automation Meeting' is set on object 'Object Repository/05-Chat/08-Schedule a meeting/input_meeting title'

2022-11-04 15:51:51 - [MESSAGE][PASSED] - Text 'Automation Meeting' is set on object 'Object Repository/05-Chat/08-Schedule a meeting/input_meeting title'

2022-11-04 15:51:51 - [TEST_STEP][PASSED] - delay(2): Delayed 2 second(s)

2022-11-04 15:51:53 - [MESSAGE][PASSED] - Delayed 2 second(s)

2022-11-04 15:51:53 - [TEST_STEP][PASSED] - click(findTestObject("05-Chat/02-Sending chat messages/button_send")): Object: 'Object Repository/05-Chat/02-Sending chat messages/button_send' is clicked on

2022-11-04 15:51:54 - [MESSAGE][PASSED] - Object: 'Object Repository/05-Chat/02-Sending chat messages/button_send' is clicked on

2022-11-04 15:51:54 - [TEST_STEP][PASSED] - delay(5): Delayed 5 second(s)

2022-11-04 15:51:59 - [MESSAGE][PASSED] - Delayed 5 second(s)

2022-11-04 15:51:59 - [TEST_STEP][PASSED] - verifyElementVisible(findTestObject("05-Chat/08-Schedule a meeting/span_Automation Meeting")): Object 'Object Repository/05-Chat/08-Schedule a meeting/span_Automation Meeting' is visible

2022-11-04 15:51:59 - [MESSAGE][PASSED] - Object 'Object Repository/05-Chat/08-Schedule a meeting/span_Automation Meeting' is visible

2022-11-04 15:51:59 - [TEST_STEP][PASSED] - delay(5): Delayed 5 second(s)

2022-11-04 15:52:04 - [MESSAGE][PASSED] - Delayed 5 second(s)]]></system-out>
         <system-err><![CDATA[]]></system-err>
      </testcase>
      <testcase name="Test Cases/05- Chat/09-Hiding a chat" time="53.429" classname="Test Cases/05- Chat/09-Hiding a chat" status="PASSED">
         <system-out><![CDATA[2022-11-04 15:52:04 - [TEST_CASE][PASSED] - Test Cases/05- Chat/09-Hiding a chat: Test Cases/05- Chat/09-Hiding a chat

2022-11-04 15:52:05 - [TEST_STEP][PASSED] - delay(3): Delayed 3 second(s)

2022-11-04 15:52:08 - [MESSAGE][PASSED] - Delayed 3 second(s)

2022-11-04 15:52:08 - [TEST_STEP][PASSED] - click(findTestObject("05-Chat/09-Hiding a chat/ellipsis_chat setting")): Object: 'Object Repository/05-Chat/09-Hiding a chat/ellipsis_chat setting' is clicked on

2022-11-04 15:52:08 - [MESSAGE][PASSED] - Object: 'Object Repository/05-Chat/09-Hiding a chat/ellipsis_chat setting' is clicked on

2022-11-04 15:52:08 - [TEST_STEP][PASSED] - delay(2): Delayed 2 second(s)

2022-11-04 15:52:10 - [MESSAGE][PASSED] - Delayed 2 second(s)

2022-11-04 15:52:10 - [TEST_STEP][PASSED] - verifyElementVisible(findTestObject("05-Chat/09-Hiding a chat/button_Group info")): Object 'Object Repository/05-Chat/09-Hiding a chat/button_Group info' is visible

2022-11-04 15:52:11 - [MESSAGE][PASSED] - Object 'Object Repository/05-Chat/09-Hiding a chat/button_Group info' is visible

2022-11-04 15:52:11 - [TEST_STEP][PASSED] - verifyElementVisible(findTestObject("05-Chat/09-Hiding a chat/button_Hide chat")): Object 'Object Repository/05-Chat/09-Hiding a chat/button_Hide chat' is visible

2022-11-04 15:52:11 - [MESSAGE][PASSED] - Object 'Object Repository/05-Chat/09-Hiding a chat/button_Hide chat' is visible

2022-11-04 15:52:11 - [TEST_STEP][PASSED] - delay(3): Delayed 3 second(s)

2022-11-04 15:52:14 - [MESSAGE][PASSED] - Delayed 3 second(s)

2022-11-04 15:52:14 - [TEST_STEP][PASSED] - click(findTestObject("05-Chat/09-Hiding a chat/button_Hide chat")): Object: 'Object Repository/05-Chat/09-Hiding a chat/button_Hide chat' is clicked on

2022-11-04 15:52:14 - [MESSAGE][PASSED] - Object: 'Object Repository/05-Chat/09-Hiding a chat/button_Hide chat' is clicked on

2022-11-04 15:52:14 - [TEST_STEP][PASSED] - delay(3): Delayed 3 second(s)

2022-11-04 15:52:17 - [MESSAGE][PASSED] - Delayed 3 second(s)

2022-11-04 15:52:17 - [TEST_STEP][PASSED] - refresh(): Refresh successfully

2022-11-04 15:52:20 - [MESSAGE][PASSED] - Refresh successfully

2022-11-04 15:52:20 - [TEST_STEP][PASSED] - delay(10): Delayed 10 second(s)

2022-11-04 15:52:30 - [MESSAGE][PASSED] - Delayed 10 second(s)

2022-11-04 15:52:30 - [TEST_STEP][PASSED] - verifyElementVisible(findTestObject("05-Chat/01- Creating a Chat group/div_No chat available")): Object 'Object Repository/05-Chat/01- Creating a Chat group/div_No chat available' is visible

2022-11-04 15:52:30 - [MESSAGE][PASSED] - Object 'Object Repository/05-Chat/01- Creating a Chat group/div_No chat available' is visible

2022-11-04 15:52:30 - [TEST_STEP][PASSED] - delay(1): Delayed 1 second(s)

2022-11-04 15:52:31 - [MESSAGE][PASSED] - Delayed 1 second(s)

2022-11-04 15:52:31 - [TEST_STEP][PASSED] - click(findTestObject("05-Chat/09-Hiding a chat/button_search")): Object: 'Object Repository/05-Chat/09-Hiding a chat/button_search' is clicked on

2022-11-04 15:52:32 - [MESSAGE][PASSED] - Object: 'Object Repository/05-Chat/09-Hiding a chat/button_search' is clicked on

2022-11-04 15:52:32 - [TEST_STEP][PASSED] - setText(findTestObject("05-Chat/09-Hiding a chat/input_search"), "Auto"): Text 'Auto' is set on object 'Object Repository/05-Chat/09-Hiding a chat/input_search'

2022-11-04 15:52:33 - [MESSAGE][PASSED] - Text 'Auto' is set on object 'Object Repository/05-Chat/09-Hiding a chat/input_search'

2022-11-04 15:52:33 - [TEST_STEP][PASSED] - delay(3): Delayed 3 second(s)

2022-11-04 15:52:36 - [MESSAGE][PASSED] - Delayed 3 second(s)

2022-11-04 15:52:36 - [TEST_STEP][PASSED] - click(findTestObject("05-Chat/02-Sending chat messages/div_AC")): Object: 'Object Repository/05-Chat/02-Sending chat messages/div_AC' is clicked on

2022-11-04 15:52:36 - [MESSAGE][PASSED] - Object: 'Object Repository/05-Chat/02-Sending chat messages/div_AC' is clicked on

2022-11-04 15:52:36 - [TEST_STEP][PASSED] - delay(5): Delayed 5 second(s)

2022-11-04 15:52:41 - [MESSAGE][PASSED] - Delayed 5 second(s)

2022-11-04 15:52:41 - [TEST_STEP][PASSED] - setText(findTestObject("05-Chat/02-Sending chat messages/textarea__msg"), "Test auto"): Text 'Test auto' is set on object 'Object Repository/05-Chat/02-Sending chat messages/textarea__msg'

2022-11-04 15:52:43 - [MESSAGE][PASSED] - Text 'Test auto' is set on object 'Object Repository/05-Chat/02-Sending chat messages/textarea__msg'

2022-11-04 15:52:43 - [TEST_STEP][PASSED] - click(findTestObject("05-Chat/02-Sending chat messages/button_send")): Object: 'Object Repository/05-Chat/02-Sending chat messages/button_send' is clicked on

2022-11-04 15:52:43 - [MESSAGE][PASSED] - Object: 'Object Repository/05-Chat/02-Sending chat messages/button_send' is clicked on

2022-11-04 15:52:43 - [TEST_STEP][PASSED] - delay(3): Delayed 3 second(s)

2022-11-04 15:52:46 - [MESSAGE][PASSED] - Delayed 3 second(s)

2022-11-04 15:52:46 - [TEST_STEP][PASSED] - refresh(): Refresh successfully

2022-11-04 15:52:48 - [MESSAGE][PASSED] - Refresh successfully

2022-11-04 15:52:48 - [TEST_STEP][PASSED] - delay(10): Delayed 10 second(s)

2022-11-04 15:52:58 - [MESSAGE][PASSED] - Delayed 10 second(s)]]></system-out>
         <system-err><![CDATA[]]></system-err>
      </testcase>
      <testcase name="Test Cases/05- Chat/10-Group Info" time="36.302" classname="Test Cases/05- Chat/10-Group Info" status="PASSED">
         <system-out><![CDATA[2022-11-04 15:52:58 - [TEST_CASE][PASSED] - Test Cases/05- Chat/10-Group Info: Test Cases/05- Chat/10-Group Info

2022-11-04 15:52:58 - [TEST_STEP][PASSED] - delay(1): Delayed 1 second(s)

2022-11-04 15:52:59 - [MESSAGE][PASSED] - Delayed 1 second(s)

2022-11-04 15:52:59 - [TEST_STEP][PASSED] - click(findTestObject("05-Chat/02-Sending chat messages/div_AC")): Object: 'Object Repository/05-Chat/02-Sending chat messages/div_AC' is clicked on

2022-11-04 15:53:00 - [MESSAGE][PASSED] - Object: 'Object Repository/05-Chat/02-Sending chat messages/div_AC' is clicked on

2022-11-04 15:53:00 - [TEST_STEP][PASSED] - delay(3): Delayed 3 second(s)

2022-11-04 15:53:03 - [MESSAGE][PASSED] - Delayed 3 second(s)

2022-11-04 15:53:03 - [TEST_STEP][PASSED] - click(findTestObject("05-Chat/09-Hiding a chat/ellipsis_chat setting")): Object: 'Object Repository/05-Chat/09-Hiding a chat/ellipsis_chat setting' is clicked on

2022-11-04 15:53:03 - [MESSAGE][PASSED] - Object: 'Object Repository/05-Chat/09-Hiding a chat/ellipsis_chat setting' is clicked on

2022-11-04 15:53:03 - [TEST_STEP][PASSED] - delay(2): Delayed 2 second(s)

2022-11-04 15:53:05 - [MESSAGE][PASSED] - Delayed 2 second(s)

2022-11-04 15:53:05 - [TEST_STEP][PASSED] - click(findTestObject("05-Chat/09-Hiding a chat/button_Group info")): Object: 'Object Repository/05-Chat/09-Hiding a chat/button_Group info' is clicked on

2022-11-04 15:53:05 - [MESSAGE][PASSED] - Object: 'Object Repository/05-Chat/09-Hiding a chat/button_Group info' is clicked on

2022-11-04 15:53:05 - [TEST_STEP][PASSED] - delay(2): Delayed 2 second(s)

2022-11-04 15:53:07 - [MESSAGE][PASSED] - Delayed 2 second(s)

2022-11-04 15:53:07 - [TEST_STEP][PASSED] - verifyElementVisible(findTestObject("05-Chat/09-Hiding a chat/Group info")): Object 'Object Repository/05-Chat/09-Hiding a chat/Group info' is visible

2022-11-04 15:53:08 - [MESSAGE][PASSED] - Object 'Object Repository/05-Chat/09-Hiding a chat/Group info' is visible

2022-11-04 15:53:08 - [TEST_STEP][PASSED] - delay(2): Delayed 2 second(s)

2022-11-04 15:53:10 - [MESSAGE][PASSED] - Delayed 2 second(s)

2022-11-04 15:53:10 - [TEST_STEP][PASSED] - click(findTestObject("05-Chat/10-Group Info/button_EDIT")): Object: 'Object Repository/05-Chat/10-Group Info/button_EDIT' is clicked on

2022-11-04 15:53:10 - [MESSAGE][PASSED] - Object: 'Object Repository/05-Chat/10-Group Info/button_EDIT' is clicked on

2022-11-04 15:53:10 - [TEST_STEP][PASSED] - setText(findTestObject("05-Chat/10-Group Info/input_groupName_edit"), "Automation Chat EDITED"): Text 'Automation Chat EDITED' is set on object 'Object Repository/05-Chat/10-Group Info/input_groupName_edit'

2022-11-04 15:53:12 - [MESSAGE][PASSED] - Text 'Automation Chat EDITED' is set on object 'Object Repository/05-Chat/10-Group Info/input_groupName_edit'

2022-11-04 15:53:12 - [TEST_STEP][PASSED] - click(findTestObject("05-Chat/10-Group Info/button_Save")): Object: 'Object Repository/05-Chat/10-Group Info/button_Save' is clicked on

2022-11-04 15:53:12 - [MESSAGE][PASSED] - Object: 'Object Repository/05-Chat/10-Group Info/button_Save' is clicked on

2022-11-04 15:53:12 - [TEST_STEP][PASSED] - verifyElementVisible(findTestObject("05-Chat/10-Group Info/Successfully changed group name msg")): Object 'Object Repository/05-Chat/10-Group Info/Successfully changed group name msg' is visible

2022-11-04 15:53:14 - [MESSAGE][PASSED] - Object 'Object Repository/05-Chat/10-Group Info/Successfully changed group name msg' is visible

2022-11-04 15:53:14 - [TEST_STEP][PASSED] - delay(3): Delayed 3 second(s)

2022-11-04 15:53:17 - [MESSAGE][PASSED] - Delayed 3 second(s)

2022-11-04 15:53:17 - [TEST_STEP][PASSED] - click(findTestObject("05-Chat/10-Group Info/div_GTGG tester")): Object: 'Object Repository/05-Chat/10-Group Info/div_GTGG tester' is clicked on

2022-11-04 15:53:17 - [MESSAGE][PASSED] - Object: 'Object Repository/05-Chat/10-Group Info/div_GTGG tester' is clicked on

2022-11-04 15:53:17 - [TEST_STEP][PASSED] - verifyElementVisible(findTestObject("05-Chat/10-Group Info/button_Message")): Object 'Object Repository/05-Chat/10-Group Info/button_Message' is visible

2022-11-04 15:53:18 - [MESSAGE][PASSED] - Object 'Object Repository/05-Chat/10-Group Info/button_Message' is visible

2022-11-04 15:53:18 - [TEST_STEP][PASSED] - verifyElementVisible(findTestObject("05-Chat/10-Group Info/button_Kick from group")): Object 'Object Repository/05-Chat/10-Group Info/button_Kick from group' is visible

2022-11-04 15:53:18 - [MESSAGE][PASSED] - Object 'Object Repository/05-Chat/10-Group Info/button_Kick from group' is visible

2022-11-04 15:53:18 - [TEST_STEP][PASSED] - delay(3): Delayed 3 second(s)

2022-11-04 15:53:21 - [MESSAGE][PASSED] - Delayed 3 second(s)

2022-11-04 15:53:21 - [TEST_STEP][PASSED] - click(findTestObject("05-Chat/10-Group Info/button_Kick from group")): Object: 'Object Repository/05-Chat/10-Group Info/button_Kick from group' is clicked on

2022-11-04 15:53:22 - [MESSAGE][PASSED] - Object: 'Object Repository/05-Chat/10-Group Info/button_Kick from group' is clicked on

2022-11-04 15:53:22 - [TEST_STEP][PASSED] - delay(3): Delayed 3 second(s)

2022-11-04 15:53:25 - [MESSAGE][PASSED] - Delayed 3 second(s)

2022-11-04 15:53:25 - [TEST_STEP][PASSED] - verifyElementVisible(findTestObject("05-Chat/10-Group Info/Successfully removed user from group msg"), CONTINUE_ON_FAILURE): Object 'Object Repository/05-Chat/10-Group Info/Successfully removed user from group msg' is visible

2022-11-04 15:53:25 - [MESSAGE][PASSED] - Object 'Object Repository/05-Chat/10-Group Info/Successfully removed user from group msg' is visible

2022-11-04 15:53:25 - [TEST_STEP][PASSED] - delay(3): Delayed 3 second(s)

2022-11-04 15:53:28 - [MESSAGE][PASSED] - Delayed 3 second(s)

2022-11-04 15:53:28 - [TEST_STEP][PASSED] - click(findTestObject("05-Chat/10-Group Info/div_Remove group")): Object: 'Object Repository/05-Chat/10-Group Info/div_Remove group' is clicked on

2022-11-04 15:53:28 - [MESSAGE][PASSED] - Object: 'Object Repository/05-Chat/10-Group Info/div_Remove group' is clicked on

2022-11-04 15:53:28 - [TEST_STEP][PASSED] - verifyElementVisible(findTestObject("05-Chat/10-Group Info/Successfully removed group msg")): Object 'Object Repository/05-Chat/10-Group Info/Successfully removed group msg' is visible

2022-11-04 15:53:30 - [MESSAGE][PASSED] - Object 'Object Repository/05-Chat/10-Group Info/Successfully removed group msg' is visible

2022-11-04 15:53:30 - [TEST_STEP][PASSED] - delay(3): Delayed 3 second(s)

2022-11-04 15:53:33 - [MESSAGE][PASSED] - Delayed 3 second(s)

2022-11-04 15:53:33 - [TEST_STEP][PASSED] - closeBrowser(): Browser is closed

2022-11-04 15:53:34 - [MESSAGE][PASSED] - Browser is closed]]></system-out>
         <system-err><![CDATA[]]></system-err>
      </testcase>
      <system-out><![CDATA[2022-11-04 15:45:40 - [TEST_SUITE][PASSED] - 05-Chat: Test Cases/05- Chat/10-Group Info]]></system-out>
      <system-err><![CDATA[]]></system-err>
   </testsuite>
</testsuites>
