<?xml version="1.0" encoding="UTF-8"?>
<testsuites name="01-Login and Forgot Password" time="360.845" tests="8" failures="0" errors="0">
   <testsuite name="01-Login and Forgot Password" tests="8" failures="0" errors="0" time="360.845" skipped="0" timestamp="2023-04-07 13:26:44" hostname="asus - DESKTOP-3L3J9C1" id="Test Suites/TS-Organization/01-Login and Forgot Password">
      <properties>
         <property name="deviceName" value=""/>
         <property name="devicePlatform" value=""/>
         <property name="logFolder" value="C:\\Users\\asus\\Katalon Studio\\Everleagues\\Everleagues\\Reports\\20230407_132628\\TS-Organization\\01-Login and Forgot Password\\20230407_132628"/>
         <property name="logFiles" value="C:\\Users\\asus\\Katalon Studio\\Everleagues\\Everleagues\\Reports\\20230407_132628\\TS-Organization\\01-Login and Forgot Password\\20230407_132628\\execution0.log"/>
         <property name="attachments" value=""/>
         <property name="hostName" value="asus - DESKTOP-3L3J9C1"/>
         <property name="os" value="Windows 10 64bit"/>
         <property name="katalonVersion" value="8.4.1.208"/>
         <property name="browser" value="Chrome 112.0.0.0"/>
         <property name="hostAddress" value="10.100.1.180"/>
         <property name="sessionId" value="c6ed6a1bfa2db69477360efea3477147"/>
         <property name="seleniumVersion" value="3.141.59"/>
         <property name="proxyInformation" value="ProxyInformation { proxyOption=NO_PROXY, proxyServerType=HTTP, username=, password=********, proxyServerAddress=, proxyServerPort=0, executionList=&quot;&quot;, isApplyToDesiredCapabilities=true }"/>
         <property name="platform" value="Windows 10"/>
      </properties>
      <testcase name="Test Cases/01-Login and Forgot Password/01-Login(Credentials Blank)" time="203.677" classname="Test Cases/01-Login and Forgot Password/01-Login(Credentials Blank)" status="PASSED">
         <system-out><![CDATA[2023-04-07 13:26:45 - [TEST_CASE][PASSED] - Test Cases/01-Login and Forgot Password/01-Login(Credentials Blank): Test Cases/01-Login and Forgot Password/01-Login(Credentials Blank)

2023-04-07 13:26:47 - [TEST_STEP][PASSED] - openBrowser(""): Browser is opened with url: ''

2023-04-07 13:26:49 - [MESSAGE][INFO] - Starting 'Chrome' driver

2023-04-07 13:26:49 - [MESSAGE][INFO] - Action delay is set to 0 milliseconds

2023-04-07 13:26:57 - [MESSAGE][PASSED] - Browser is opened with url: ''

2023-04-07 13:26:57 - [TEST_STEP][PASSED] - navigateToUrl("https://lab.everleagues.com/"): Navigate to 'https://lab.everleagues.com/' successfully

2023-04-07 13:30:00 - [MESSAGE][PASSED] - Navigate to 'https://lab.everleagues.com/' successfully

2023-04-07 13:30:00 - [TEST_STEP][PASSED] - maximizeWindow(): Current window maximized

2023-04-07 13:30:01 - [MESSAGE][PASSED] - Current window maximized

2023-04-07 13:30:01 - [TEST_STEP][PASSED] - verifyElementPresent(findTestObject("01-Login and Forgot Password/Login_Card"), 0): Object 'Object Repository/01-Login and Forgot Password/Login_Card' is present

2023-04-07 13:30:02 - [MESSAGE][WARNING] - Timeout '0' is invalid. Using default page load timeout: '30'

2023-04-07 13:30:03 - [MESSAGE][PASSED] - Object 'Object Repository/01-Login and Forgot Password/Login_Card' is present

2023-04-07 13:30:03 - [TEST_STEP][PASSED] - delay(2): Delayed 2 second(s)

2023-04-07 13:30:05 - [MESSAGE][PASSED] - Delayed 2 second(s)

2023-04-07 13:30:05 - [TEST_STEP][PASSED] - verifyElementNotClickable(findTestObject("01-Login and Forgot Password/button_Sign in")): Object 'Object Repository/01-Login and Forgot Password/button_Sign in' is NOT clickable

2023-04-07 13:30:06 - [MESSAGE][PASSED] - Object 'Object Repository/01-Login and Forgot Password/button_Sign in' is NOT clickable

2023-04-07 13:30:06 - [TEST_STEP][PASSED] - delay(3): Delayed 3 second(s)

2023-04-07 13:30:09 - [MESSAGE][PASSED] - Delayed 3 second(s)]]></system-out>
         <system-err><![CDATA[]]></system-err>
      </testcase>
      <testcase name="Test Cases/01-Login and Forgot Password/02-Login(Wrong Email)" time="18.216" classname="Test Cases/01-Login and Forgot Password/02-Login(Wrong Email)" status="PASSED">
         <system-out><![CDATA[2023-04-07 13:30:09 - [TEST_CASE][PASSED] - Test Cases/01-Login and Forgot Password/02-Login(Wrong Email): Test Cases/01-Login and Forgot Password/02-Login(Wrong Email)

2023-04-07 13:30:11 - [TEST_STEP][PASSED] - setText(findTestObject("01-Login and Forgot Password/input_Email_email"), "unregisteredemail@test.com"): Text 'unregisteredemail@test.com' is set on object 'Object Repository/01-Login and Forgot Password/input_Email_email'

2023-04-07 13:30:13 - [MESSAGE][PASSED] - Text 'unregisteredemail@test.com' is set on object 'Object Repository/01-Login and Forgot Password/input_Email_email'

2023-04-07 13:30:13 - [TEST_STEP][PASSED] - setEncryptedText(findTestObject("01-Login and Forgot Password/input_Email_password"), "pUQNV8a0dCQ="): Text ****** has been set on object 'Object Repository/01-Login and Forgot Password/input_Email_password'

2023-04-07 13:30:14 - [MESSAGE][PASSED] - Text ****** has been set on object 'Object Repository/01-Login and Forgot Password/input_Email_password'

2023-04-07 13:30:14 - [TEST_STEP][PASSED] - delay(3): Delayed 3 second(s)

2023-04-07 13:30:17 - [MESSAGE][PASSED] - Delayed 3 second(s)

2023-04-07 13:30:17 - [TEST_STEP][PASSED] - click(findTestObject("01-Login and Forgot Password/button_Sign in")): Object: 'Object Repository/01-Login and Forgot Password/button_Sign in' is clicked on

2023-04-07 13:30:20 - [MESSAGE][PASSED] - Object: 'Object Repository/01-Login and Forgot Password/button_Sign in' is clicked on

2023-04-07 13:30:20 - [TEST_STEP][PASSED] - delay(3): Delayed 3 second(s)

2023-04-07 13:30:23 - [MESSAGE][PASSED] - Delayed 3 second(s)

2023-04-07 13:30:23 - [TEST_STEP][PASSED] - verifyElementPresent(findTestObject("01-Login and Forgot Password/Invalid email error"), 0): Object 'Object Repository/01-Login and Forgot Password/Invalid email error' is present

2023-04-07 13:30:24 - [MESSAGE][WARNING] - Timeout '0' is invalid. Using default page load timeout: '30'

2023-04-07 13:30:24 - [MESSAGE][PASSED] - Object 'Object Repository/01-Login and Forgot Password/Invalid email error' is present

2023-04-07 13:30:24 - [TEST_STEP][PASSED] - delay(3): Delayed 3 second(s)

2023-04-07 13:30:27 - [MESSAGE][PASSED] - Delayed 3 second(s)]]></system-out>
         <system-err><![CDATA[]]></system-err>
      </testcase>
      <testcase name="Test Cases/01-Login and Forgot Password/03-Login(Valid email, wrong pass)" time="18.082" classname="Test Cases/01-Login and Forgot Password/03-Login(Valid email, wrong pass)" status="PASSED">
         <system-out><![CDATA[2023-04-07 13:30:29 - [TEST_CASE][PASSED] - Test Cases/01-Login and Forgot Password/03-Login(Valid email, wrong pass): Test Cases/01-Login and Forgot Password/03-Login(Valid email, wrong pass)

2023-04-07 13:30:30 - [TEST_STEP][PASSED] - setText(findTestObject("01-Login and Forgot Password/input_Email_email"), "testuser01@mailinator.com"): Text 'testuser01@mailinator.com' is set on object 'Object Repository/01-Login and Forgot Password/input_Email_email'

2023-04-07 13:30:32 - [MESSAGE][PASSED] - Text 'testuser01@mailinator.com' is set on object 'Object Repository/01-Login and Forgot Password/input_Email_email'

2023-04-07 13:30:32 - [TEST_STEP][PASSED] - setEncryptedText(findTestObject("01-Login and Forgot Password/input_Email_password"), "OxgQgnWTiECE3BxjMAl2ng=="): Text ****** has been set on object 'Object Repository/01-Login and Forgot Password/input_Email_password'

2023-04-07 13:30:33 - [MESSAGE][PASSED] - Text ****** has been set on object 'Object Repository/01-Login and Forgot Password/input_Email_password'

2023-04-07 13:30:33 - [TEST_STEP][PASSED] - delay(2): Delayed 2 second(s)

2023-04-07 13:30:35 - [MESSAGE][PASSED] - Delayed 2 second(s)

2023-04-07 13:30:35 - [TEST_STEP][PASSED] - click(findTestObject("01-Login and Forgot Password/show pass button")): Object: 'Object Repository/01-Login and Forgot Password/show pass button' is clicked on

2023-04-07 13:30:36 - [MESSAGE][PASSED] - Object: 'Object Repository/01-Login and Forgot Password/show pass button' is clicked on

2023-04-07 13:30:36 - [TEST_STEP][PASSED] - delay(3): Delayed 3 second(s)

2023-04-07 13:30:39 - [MESSAGE][PASSED] - Delayed 3 second(s)

2023-04-07 13:30:39 - [TEST_STEP][PASSED] - click(findTestObject("01-Login and Forgot Password/button_Sign in")): Object: 'Object Repository/01-Login and Forgot Password/button_Sign in' is clicked on

2023-04-07 13:30:40 - [MESSAGE][PASSED] - Object: 'Object Repository/01-Login and Forgot Password/button_Sign in' is clicked on

2023-04-07 13:30:40 - [TEST_STEP][PASSED] - delay(3): Delayed 3 second(s)

2023-04-07 13:30:43 - [MESSAGE][PASSED] - Delayed 3 second(s)

2023-04-07 13:30:43 - [TEST_STEP][PASSED] - verifyElementPresent(findTestObject("01-Login and Forgot Password/Invalid user name or password"), 0): Object 'Object Repository/01-Login and Forgot Password/Invalid user name or password' is present

2023-04-07 13:30:43 - [MESSAGE][WARNING] - Timeout '0' is invalid. Using default page load timeout: '30'

2023-04-07 13:30:44 - [MESSAGE][PASSED] - Object 'Object Repository/01-Login and Forgot Password/Invalid user name or password' is present

2023-04-07 13:30:44 - [TEST_STEP][PASSED] - delay(3): Delayed 3 second(s)

2023-04-07 13:30:47 - [MESSAGE][PASSED] - Delayed 3 second(s)]]></system-out>
         <system-err><![CDATA[]]></system-err>
      </testcase>
      <testcase name="Test Cases/01-Login and Forgot Password/04-Login (Valid Credentials-Without Subscription)" time="57.708" classname="Test Cases/01-Login and Forgot Password/04-Login (Valid Credentials-Without Subscription)" status="PASSED">
         <system-out><![CDATA[2023-04-07 13:30:47 - [TEST_CASE][PASSED] - Test Cases/01-Login and Forgot Password/04-Login (Valid Credentials-Without Subscription): Test Cases/01-Login and Forgot Password/04-Login (Valid Credentials-Without Subscription)

2023-04-07 13:30:48 - [TEST_STEP][PASSED] - setText(findTestObject("01-Login and Forgot Password/input_Email_email"), "testuser01@mailinator.com"): Text 'testuser01@mailinator.com' is set on object 'Object Repository/01-Login and Forgot Password/input_Email_email'

2023-04-07 13:30:50 - [MESSAGE][PASSED] - Text 'testuser01@mailinator.com' is set on object 'Object Repository/01-Login and Forgot Password/input_Email_email'

2023-04-07 13:30:50 - [TEST_STEP][PASSED] - setEncryptedText(findTestObject("01-Login and Forgot Password/input_Email_password2"), "8yFRyszE6U6jvsCn51OQbg=="): Text ****** has been set on object 'Object Repository/01-Login and Forgot Password/input_Email_password2'

2023-04-07 13:30:51 - [MESSAGE][PASSED] - Text ****** has been set on object 'Object Repository/01-Login and Forgot Password/input_Email_password2'

2023-04-07 13:30:51 - [TEST_STEP][PASSED] - delay(2): Delayed 2 second(s)

2023-04-07 13:30:53 - [MESSAGE][PASSED] - Delayed 2 second(s)

2023-04-07 13:30:53 - [TEST_STEP][PASSED] - click(findTestObject("01-Login and Forgot Password/show pass button")): Object: 'Object Repository/01-Login and Forgot Password/show pass button' is clicked on

2023-04-07 13:30:54 - [MESSAGE][PASSED] - Object: 'Object Repository/01-Login and Forgot Password/show pass button' is clicked on

2023-04-07 13:30:54 - [TEST_STEP][PASSED] - delay(3): Delayed 3 second(s)

2023-04-07 13:30:57 - [MESSAGE][PASSED] - Delayed 3 second(s)

2023-04-07 13:30:57 - [TEST_STEP][PASSED] - click(findTestObject("01-Login and Forgot Password/button_Sign in")): Object: 'Object Repository/01-Login and Forgot Password/button_Sign in' is clicked on

2023-04-07 13:30:58 - [MESSAGE][PASSED] - Object: 'Object Repository/01-Login and Forgot Password/button_Sign in' is clicked on

2023-04-07 13:30:58 - [TEST_STEP][PASSED] - delay(3): Delayed 3 second(s)

2023-04-07 13:31:01 - [MESSAGE][PASSED] - Delayed 3 second(s)

2023-04-07 13:31:01 - [TEST_STEP][PASSED] - click(findTestObject("06-Teams/For 2FA/button_Confirm_2FA")): Object: 'Object Repository/06-Teams/For 2FA/button_Confirm_2FA' is clicked on

2023-04-07 13:31:02 - [MESSAGE][PASSED] - Object: 'Object Repository/06-Teams/For 2FA/button_Confirm_2FA' is clicked on

2023-04-07 13:31:02 - [TEST_STEP][PASSED] - executeJavaScript("window.open();", []): Execute JavaScript 'window.open();' successfully

2023-04-07 13:31:02 - [MESSAGE][PASSED] - Execute JavaScript 'window.open();' successfully

2023-04-07 13:31:02 - [TEST_STEP][PASSED] - currentWindow = getWindowIndex(): Current window's index is: 0

2023-04-07 13:31:03 - [MESSAGE][PASSED] - Current window's index is: 0

2023-04-07 13:31:03 - [TEST_STEP][PASSED] - delay(3): Delayed 3 second(s)

2023-04-07 13:31:06 - [MESSAGE][PASSED] - Delayed 3 second(s)

2023-04-07 13:31:06 - [TEST_STEP][PASSED] - switchToWindowIndex(currentWindow + 1): Switched to window with index: '1'

2023-04-07 13:31:06 - [MESSAGE][PASSED] - Switched to window with index: '1'

2023-04-07 13:31:06 - [TEST_STEP][PASSED] - navigateToUrl("https://www.mailinator.com/"): Navigate to 'https://www.mailinator.com/' successfully

2023-04-07 13:31:11 - [MESSAGE][PASSED] - Navigate to 'https://www.mailinator.com/' successfully

2023-04-07 13:31:11 - [TEST_STEP][PASSED] - delay(3): Delayed 3 second(s)

2023-04-07 13:31:14 - [MESSAGE][PASSED] - Delayed 3 second(s)

2023-04-07 13:31:15 - [TEST_STEP][PASSED] - setText(findTestObject("00-Signup and Activation/zMailinator/input_LOGIN_search"), "testuser01@mailinator.com"): Text 'testuser01@mailinator.com' is set on object 'Object Repository/00-Signup and Activation/zMailinator/input_LOGIN_search'

2023-04-07 13:31:16 - [MESSAGE][PASSED] - Text 'testuser01@mailinator.com' is set on object 'Object Repository/00-Signup and Activation/zMailinator/input_LOGIN_search'

2023-04-07 13:31:16 - [TEST_STEP][PASSED] - click(findTestObject("00-Signup and Activation/zMailinator/gobutton"), STOP_ON_FAILURE): Object: 'Object Repository/00-Signup and Activation/zMailinator/gobutton' is clicked on

2023-04-07 13:31:19 - [MESSAGE][PASSED] - Object: 'Object Repository/00-Signup and Activation/zMailinator/gobutton' is clicked on

2023-04-07 13:31:19 - [TEST_STEP][PASSED] - delay(3): Delayed 3 second(s)

2023-04-07 13:31:22 - [MESSAGE][PASSED] - Delayed 3 second(s)

2023-04-07 13:31:22 - [TEST_STEP][PASSED] - click(findTestObject("00-Signup and Activation/zMailinator/Email - everleagues")): Object: 'Object Repository/00-Signup and Activation/zMailinator/Email - everleagues' is clicked on

2023-04-07 13:31:22 - [MESSAGE][PASSED] - Object: 'Object Repository/00-Signup and Activation/zMailinator/Email - everleagues' is clicked on

2023-04-07 13:31:22 - [TEST_STEP][PASSED] - delay(3): Delayed 3 second(s)

2023-04-07 13:31:25 - [MESSAGE][PASSED] - Delayed 3 second(s)

2023-04-07 13:31:25 - [TEST_STEP][PASSED] - code = getText(findTestObject("Object Repository/06-Teams/For 2FA/2FA code")): Text of object 'Object Repository/06-Teams/For 2FA/2FA code' is: '919698'

2023-04-07 13:31:26 - [MESSAGE][PASSED] - Text of object 'Object Repository/06-Teams/For 2FA/2FA code' is: '919698'

2023-04-07 13:31:27 - [TEST_STEP][PASSED] - delay(3): Delayed 3 second(s)

2023-04-07 13:31:30 - [MESSAGE][PASSED] - Delayed 3 second(s)

2023-04-07 13:31:30 - [TEST_STEP][PASSED] - closeWindowTitle("Mailinator"): Window with title: 'Mailinator' is closed

2023-04-07 13:31:30 - [MESSAGE][PASSED] - Window with title: 'Mailinator' is closed

2023-04-07 13:31:30 - [TEST_STEP][PASSED] - delay(3): Delayed 3 second(s)

2023-04-07 13:31:33 - [MESSAGE][PASSED] - Delayed 3 second(s)

2023-04-07 13:31:33 - [TEST_STEP][PASSED] - switchToWindowIndex(0): Switched to window with index: '0'

2023-04-07 13:31:33 - [MESSAGE][PASSED] - Switched to window with index: '0'

2023-04-07 13:31:33 - [TEST_STEP][PASSED] - delay(3): Delayed 3 second(s)

2023-04-07 13:31:36 - [MESSAGE][PASSED] - Delayed 3 second(s)

2023-04-07 13:31:36 - [TEST_STEP][PASSED] - setText(findTestObject("Object Repository/06-Teams/For 2FA/input_Enter verification code_code"), code): Text '919698' is set on object 'Object Repository/06-Teams/For 2FA/input_Enter verification code_code'

2023-04-07 13:31:37 - [MESSAGE][PASSED] - Text '919698' is set on object 'Object Repository/06-Teams/For 2FA/input_Enter verification code_code'

2023-04-07 13:31:37 - [TEST_STEP][PASSED] - delay(3): Delayed 3 second(s)

2023-04-07 13:31:40 - [MESSAGE][PASSED] - Delayed 3 second(s)

2023-04-07 13:31:40 - [TEST_STEP][PASSED] - click(findTestObject("06-Teams/For 2FA/button_Verify_2FA")): Object: 'Object Repository/06-Teams/For 2FA/button_Verify_2FA' is clicked on

2023-04-07 13:31:42 - [MESSAGE][PASSED] - Object: 'Object Repository/06-Teams/For 2FA/button_Verify_2FA' is clicked on

2023-04-07 13:31:42 - [TEST_STEP][PASSED] - delay(3): Delayed 3 second(s)

2023-04-07 13:31:45 - [MESSAGE][PASSED] - Delayed 3 second(s)]]></system-out>
         <system-err><![CDATA[]]></system-err>
      </testcase>
      <testcase name="Test Cases/01-Login and Forgot Password/05-Logout" time="12.764" classname="Test Cases/01-Login and Forgot Password/05-Logout" status="PASSED">
         <system-out><![CDATA[2023-04-07 13:31:45 - [TEST_CASE][PASSED] - Test Cases/01-Login and Forgot Password/05-Logout: Test Cases/01-Login and Forgot Password/05-Logout

2023-04-07 13:31:47 - [TEST_STEP][PASSED] - click(findTestObject("01-Login and Forgot Password/User menu drop")): Object: 'Object Repository/01-Login and Forgot Password/User menu drop' is clicked on

2023-04-07 13:31:49 - [MESSAGE][PASSED] - Object: 'Object Repository/01-Login and Forgot Password/User menu drop' is clicked on

2023-04-07 13:31:49 - [TEST_STEP][PASSED] - delay(2): Delayed 2 second(s)

2023-04-07 13:31:51 - [MESSAGE][PASSED] - Delayed 2 second(s)

2023-04-07 13:31:51 - [TEST_STEP][PASSED] - click(findTestObject("01-Login and Forgot Password/h4_Sign Out"), STOP_ON_FAILURE): Object: 'Object Repository/01-Login and Forgot Password/h4_Sign Out' is clicked on

2023-04-07 13:31:52 - [MESSAGE][PASSED] - Object: 'Object Repository/01-Login and Forgot Password/h4_Sign Out' is clicked on

2023-04-07 13:31:52 - [TEST_STEP][PASSED] - delay(2): Delayed 2 second(s)

2023-04-07 13:31:54 - [MESSAGE][PASSED] - Delayed 2 second(s)

2023-04-07 13:31:54 - [TEST_STEP][PASSED] - verifyElementPresent(findTestObject("01-Login and Forgot Password/Login_Card"), 0): Object 'Object Repository/01-Login and Forgot Password/Login_Card' is present

2023-04-07 13:31:54 - [MESSAGE][WARNING] - Timeout '0' is invalid. Using default page load timeout: '30'

2023-04-07 13:31:54 - [MESSAGE][PASSED] - Object 'Object Repository/01-Login and Forgot Password/Login_Card' is present

2023-04-07 13:31:54 - [TEST_STEP][PASSED] - delay(3): Delayed 3 second(s)

2023-04-07 13:31:57 - [MESSAGE][PASSED] - Delayed 3 second(s)]]></system-out>
         <system-err><![CDATA[]]></system-err>
      </testcase>
      <testcase name="Test Cases/01-Login and Forgot Password/06-Forgot Password(Credentials Blank)" time="8.865" classname="Test Cases/01-Login and Forgot Password/06-Forgot Password(Credentials Blank)" status="PASSED">
         <system-out><![CDATA[2023-04-07 13:31:57 - [TEST_CASE][PASSED] - Test Cases/01-Login and Forgot Password/06-Forgot Password(Credentials Blank): Test Cases/01-Login and Forgot Password/06-Forgot Password(Credentials Blank)

2023-04-07 13:31:59 - [TEST_STEP][PASSED] - click(findTestObject("01-Login and Forgot Password/zForgot Password/a_Forgot password")): Object: 'Object Repository/01-Login and Forgot Password/zForgot Password/a_Forgot password' is clicked on

2023-04-07 13:32:00 - [MESSAGE][PASSED] - Object: 'Object Repository/01-Login and Forgot Password/zForgot Password/a_Forgot password' is clicked on

2023-04-07 13:32:00 - [TEST_STEP][PASSED] - verifyElementPresent(findTestObject("01-Login and Forgot Password/zForgot Password/span_Reset Password"), 0): Object 'Object Repository/01-Login and Forgot Password/zForgot Password/span_Reset Password' is present

2023-04-07 13:32:00 - [MESSAGE][WARNING] - Timeout '0' is invalid. Using default page load timeout: '30'

2023-04-07 13:32:00 - [MESSAGE][PASSED] - Object 'Object Repository/01-Login and Forgot Password/zForgot Password/span_Reset Password' is present

2023-04-07 13:32:00 - [TEST_STEP][PASSED] - delay(2): Delayed 2 second(s)

2023-04-07 13:32:02 - [MESSAGE][PASSED] - Delayed 2 second(s)

2023-04-07 13:32:02 - [TEST_STEP][PASSED] - verifyElementNotClickable(findTestObject("01-Login and Forgot Password/zForgot Password/button_Reset Password")): Object 'Object Repository/01-Login and Forgot Password/zForgot Password/button_Reset Password' is NOT clickable

2023-04-07 13:32:03 - [MESSAGE][PASSED] - Object 'Object Repository/01-Login and Forgot Password/zForgot Password/button_Reset Password' is NOT clickable

2023-04-07 13:32:03 - [TEST_STEP][PASSED] - delay(3): Delayed 3 second(s)

2023-04-07 13:32:06 - [MESSAGE][PASSED] - Delayed 3 second(s)]]></system-out>
         <system-err><![CDATA[]]></system-err>
      </testcase>
      <testcase name="Test Cases/01-Login and Forgot Password/07-Forgot Password(Wrong email)" time="13.748" classname="Test Cases/01-Login and Forgot Password/07-Forgot Password(Wrong email)" status="PASSED">
         <system-out><![CDATA[2023-04-07 13:32:06 - [TEST_CASE][PASSED] - Test Cases/01-Login and Forgot Password/07-Forgot Password(Wrong email): Test Cases/01-Login and Forgot Password/07-Forgot Password(Wrong email)

2023-04-07 13:32:08 - [TEST_STEP][PASSED] - setText(findTestObject("01-Login and Forgot Password/zForgot Password/Reset pass email field"), "unregisteredemail@test.com"): Text 'unregisteredemail@test.com' is set on object 'Object Repository/01-Login and Forgot Password/zForgot Password/Reset pass email field'

2023-04-07 13:32:09 - [MESSAGE][PASSED] - Text 'unregisteredemail@test.com' is set on object 'Object Repository/01-Login and Forgot Password/zForgot Password/Reset pass email field'

2023-04-07 13:32:09 - [TEST_STEP][PASSED] - delay(2): Delayed 2 second(s)

2023-04-07 13:32:11 - [MESSAGE][PASSED] - Delayed 2 second(s)

2023-04-07 13:32:11 - [TEST_STEP][PASSED] - click(findTestObject("01-Login and Forgot Password/zForgot Password/button_Reset Password")): Object: 'Object Repository/01-Login and Forgot Password/zForgot Password/button_Reset Password' is clicked on

2023-04-07 13:32:12 - [MESSAGE][PASSED] - Object: 'Object Repository/01-Login and Forgot Password/zForgot Password/button_Reset Password' is clicked on

2023-04-07 13:32:12 - [TEST_STEP][PASSED] - verifyElementPresent(findTestObject("01-Login and Forgot Password/zForgot Password/Reset pass- wrong email"), 0): Object 'Object Repository/01-Login and Forgot Password/zForgot Password/Reset pass- wrong email' is present

2023-04-07 13:32:12 - [MESSAGE][WARNING] - Timeout '0' is invalid. Using default page load timeout: '30'

2023-04-07 13:32:13 - [MESSAGE][PASSED] - Object 'Object Repository/01-Login and Forgot Password/zForgot Password/Reset pass- wrong email' is present

2023-04-07 13:32:13 - [TEST_STEP][PASSED] - delay(3): Delayed 3 second(s)

2023-04-07 13:32:16 - [MESSAGE][PASSED] - Delayed 3 second(s)

2023-04-07 13:32:16 - [TEST_STEP][PASSED] - click(findTestObject("01-Login and Forgot Password/zForgot Password/button_Back to login")): Object: 'Object Repository/01-Login and Forgot Password/zForgot Password/button_Back to login' is clicked on

2023-04-07 13:32:17 - [MESSAGE][PASSED] - Object: 'Object Repository/01-Login and Forgot Password/zForgot Password/button_Back to login' is clicked on

2023-04-07 13:32:17 - [TEST_STEP][PASSED] - delay(3): Delayed 3 second(s)

2023-04-07 13:32:20 - [MESSAGE][PASSED] - Delayed 3 second(s)]]></system-out>
         <system-err><![CDATA[]]></system-err>
      </testcase>
      <testcase name="Test Cases/01-Login and Forgot Password/08-Forgot Password(Correct Email)" time="24.818" classname="Test Cases/01-Login and Forgot Password/08-Forgot Password(Correct Email)" status="PASSED">
         <system-out><![CDATA[2023-04-07 13:32:20 - [TEST_CASE][PASSED] - Test Cases/01-Login and Forgot Password/08-Forgot Password(Correct Email): Test Cases/01-Login and Forgot Password/08-Forgot Password(Correct Email)

2023-04-07 13:32:23 - [TEST_STEP][PASSED] - delay(2): Delayed 2 second(s)

2023-04-07 13:32:25 - [MESSAGE][PASSED] - Delayed 2 second(s)

2023-04-07 13:32:25 - [TEST_STEP][PASSED] - click(findTestObject("01-Login and Forgot Password/zForgot Password/a_Forgot password")): Object: 'Object Repository/01-Login and Forgot Password/zForgot Password/a_Forgot password' is clicked on

2023-04-07 13:32:25 - [MESSAGE][PASSED] - Object: 'Object Repository/01-Login and Forgot Password/zForgot Password/a_Forgot password' is clicked on

2023-04-07 13:32:25 - [TEST_STEP][PASSED] - verifyElementPresent(findTestObject("01-Login and Forgot Password/zForgot Password/span_Reset Password"), 0): Object 'Object Repository/01-Login and Forgot Password/zForgot Password/span_Reset Password' is present

2023-04-07 13:32:26 - [MESSAGE][WARNING] - Timeout '0' is invalid. Using default page load timeout: '30'

2023-04-07 13:32:26 - [MESSAGE][PASSED] - Object 'Object Repository/01-Login and Forgot Password/zForgot Password/span_Reset Password' is present

2023-04-07 13:32:26 - [TEST_STEP][PASSED] - delay(2): Delayed 2 second(s)

2023-04-07 13:32:28 - [MESSAGE][PASSED] - Delayed 2 second(s)

2023-04-07 13:32:28 - [TEST_STEP][PASSED] - setText(findTestObject("01-Login and Forgot Password/zForgot Password/Reset pass email field"), "testuser01@mailinator.com"): Text 'testuser01@mailinator.com' is set on object 'Object Repository/01-Login and Forgot Password/zForgot Password/Reset pass email field'

2023-04-07 13:32:30 - [MESSAGE][PASSED] - Text 'testuser01@mailinator.com' is set on object 'Object Repository/01-Login and Forgot Password/zForgot Password/Reset pass email field'

2023-04-07 13:32:30 - [TEST_STEP][PASSED] - delay(2): Delayed 2 second(s)

2023-04-07 13:32:32 - [MESSAGE][PASSED] - Delayed 2 second(s)

2023-04-07 13:32:32 - [TEST_STEP][PASSED] - click(findTestObject("01-Login and Forgot Password/zForgot Password/button_Reset Password")): Object: 'Object Repository/01-Login and Forgot Password/zForgot Password/button_Reset Password' is clicked on

2023-04-07 13:32:33 - [MESSAGE][PASSED] - Object: 'Object Repository/01-Login and Forgot Password/zForgot Password/button_Reset Password' is clicked on

2023-04-07 13:32:33 - [TEST_STEP][PASSED] - verifyElementPresent(findTestObject("01-Login and Forgot Password/zForgot Password/Reset pass - success msg"), 0): Object 'Object Repository/01-Login and Forgot Password/zForgot Password/Reset pass - success msg' is present

2023-04-07 13:32:33 - [MESSAGE][WARNING] - Timeout '0' is invalid. Using default page load timeout: '30'

2023-04-07 13:32:34 - [MESSAGE][PASSED] - Object 'Object Repository/01-Login and Forgot Password/zForgot Password/Reset pass - success msg' is present

2023-04-07 13:32:34 - [TEST_STEP][PASSED] - delay(2): Delayed 2 second(s)

2023-04-07 13:32:36 - [MESSAGE][PASSED] - Delayed 2 second(s)

2023-04-07 13:32:36 - [TEST_STEP][PASSED] - click(findTestObject("01-Login and Forgot Password/zForgot Password/button_Back to login")): Object: 'Object Repository/01-Login and Forgot Password/zForgot Password/button_Back to login' is clicked on

2023-04-07 13:32:37 - [MESSAGE][PASSED] - Object: 'Object Repository/01-Login and Forgot Password/zForgot Password/button_Back to login' is clicked on

2023-04-07 13:32:37 - [TEST_STEP][PASSED] - delay(3): Delayed 3 second(s)

2023-04-07 13:32:40 - [MESSAGE][PASSED] - Delayed 3 second(s)

2023-04-07 13:32:40 - [TEST_STEP][PASSED] - verifyElementVisible(findTestObject("01-Login and Forgot Password/Login_Card")): Object 'Object Repository/01-Login and Forgot Password/Login_Card' is visible

2023-04-07 13:32:41 - [MESSAGE][PASSED] - Object 'Object Repository/01-Login and Forgot Password/Login_Card' is visible

2023-04-07 13:32:41 - [TEST_STEP][PASSED] - delay(2): Delayed 2 second(s)

2023-04-07 13:32:43 - [MESSAGE][PASSED] - Delayed 2 second(s)

2023-04-07 13:32:43 - [TEST_STEP][PASSED] - closeBrowser(): Browser is closed

2023-04-07 13:32:45 - [MESSAGE][PASSED] - Browser is closed]]></system-out>
         <system-err><![CDATA[]]></system-err>
      </testcase>
      <system-out><![CDATA[2023-04-07 13:26:44 - [TEST_SUITE][PASSED] - 01-Login and Forgot Password: Test Cases/01-Login and Forgot Password/08-Forgot Password(Correct Email)]]></system-out>
      <system-err><![CDATA[]]></system-err>
   </testsuite>
</testsuites>
