<?xml version="1.0" encoding="UTF-8"?>
<testsuites name="09.5 - Settings (Organization)" time="500.933" tests="3" failures="0" errors="0">
   <testsuite name="09.5 - Settings (Organization)" tests="3" failures="0" errors="0" time="500.933" skipped="0" timestamp="2022-12-19 19:52:37" hostname="asus - DESKTOP-3L3J9C1" id="Test Suites/TS-Organization/09.5 - Settings (Organization)">
      <properties>
         <property name="deviceName" value=""/>
         <property name="devicePlatform" value=""/>
         <property name="logFolder" value="C:\\Users\\asus\\Katalon Studio\\Everleagues\\Everleagues\\Reports\\20221219_195223\\TS-Organization\\09.5 - Settings (Organization)\\20221219_195223"/>
         <property name="logFiles" value="C:\\Users\\asus\\Katalon Studio\\Everleagues\\Everleagues\\Reports\\20221219_195223\\TS-Organization\\09.5 - Settings (Organization)\\20221219_195223\\execution0.log"/>
         <property name="attachments" value=""/>
         <property name="hostName" value="asus - DESKTOP-3L3J9C1"/>
         <property name="os" value="Windows 10 64bit"/>
         <property name="katalonVersion" value="8.4.1.208"/>
         <property name="browser" value="Chrome 108.0.0.0"/>
         <property name="hostAddress" value="192.168.5.82"/>
         <property name="sessionId" value="494ed23e9193c4bbf722279ec5d10272"/>
         <property name="seleniumVersion" value="3.141.59"/>
         <property name="proxyInformation" value="ProxyInformation { proxyOption=NO_PROXY, proxyServerType=HTTP, username=, password=********, proxyServerAddress=, proxyServerPort=0, executionList=&quot;&quot;, isApplyToDesiredCapabilities=true }"/>
         <property name="platform" value="Windows 10"/>
      </properties>
      <testcase name="Test Cases/09-Settings/23 - Organization - Profile Settings" time="275.591" classname="Test Cases/09-Settings/23 - Organization - Profile Settings" status="PASSED">
         <system-out><![CDATA[2022-12-19 19:52:39 - [TEST_CASE][PASSED] - Test Cases/09-Settings/23 - Organization - Profile Settings: Test Cases/09-Settings/23 - Organization - Profile Settings

2022-12-19 19:52:42 - [TEST_STEP][PASSED] - openBrowser(""): Browser is opened with url: ''

2022-12-19 19:52:44 - [MESSAGE][INFO] - Starting 'Chrome' driver

2022-12-19 19:52:45 - [MESSAGE][INFO] - Action delay is set to 0 milliseconds

2022-12-19 19:52:56 - [MESSAGE][PASSED] - Browser is opened with url: ''

2022-12-19 19:52:56 - [TEST_STEP][PASSED] - navigateToUrl("https://lab.everleagues.com/"): Navigate to 'https://lab.everleagues.com/' successfully

2022-12-19 19:53:23 - [MESSAGE][PASSED] - Navigate to 'https://lab.everleagues.com/' successfully

2022-12-19 19:53:23 - [TEST_STEP][PASSED] - maximizeWindow(): Current window maximized

2022-12-19 19:53:25 - [MESSAGE][PASSED] - Current window maximized

2022-12-19 19:53:25 - [TEST_STEP][PASSED] - setText(findTestObject("02-Side Icons(Organization)/Add Contact/Email Field"), "testuser02@mailinator.com"): Text 'testuser02@mailinator.com' is set on object 'Object Repository/02-Side Icons(Organization)/Add Contact/Email Field'

2022-12-19 19:53:27 - [MESSAGE][PASSED] - Text 'testuser02@mailinator.com' is set on object 'Object Repository/02-Side Icons(Organization)/Add Contact/Email Field'

2022-12-19 19:53:27 - [TEST_STEP][PASSED] - setEncryptedText(findTestObject("02-Side Icons(Organization)/Add Contact/Password Field"), "8yFRyszE6U6jvsCn51OQbg=="): Text ****** has been set on object 'Object Repository/02-Side Icons(Organization)/Add Contact/Password Field'

2022-12-19 19:53:29 - [MESSAGE][PASSED] - Text ****** has been set on object 'Object Repository/02-Side Icons(Organization)/Add Contact/Password Field'

2022-12-19 19:53:29 - [TEST_STEP][PASSED] - click(findTestObject("02-Side Icons(Organization)/Add Contact/button_Sign in")): Object: 'Object Repository/02-Side Icons(Organization)/Add Contact/button_Sign in' is clicked on

2022-12-19 19:53:31 - [MESSAGE][PASSED] - Object: 'Object Repository/02-Side Icons(Organization)/Add Contact/button_Sign in' is clicked on

2022-12-19 19:53:31 - [TEST_STEP][PASSED] - delay(2): Delayed 2 second(s)

2022-12-19 19:53:34 - [MESSAGE][PASSED] - Delayed 2 second(s)

2022-12-19 19:53:34 - [TEST_STEP][PASSED] - click(findTestObject("06-Teams/For 2FA/button_Confirm_2FA")): Object: 'Object Repository/06-Teams/For 2FA/button_Confirm_2FA' is clicked on

2022-12-19 19:53:35 - [MESSAGE][PASSED] - Object: 'Object Repository/06-Teams/For 2FA/button_Confirm_2FA' is clicked on

2022-12-19 19:53:35 - [TEST_STEP][PASSED] - executeJavaScript("window.open();", []): Execute JavaScript 'window.open();' successfully

2022-12-19 19:53:35 - [MESSAGE][PASSED] - Execute JavaScript 'window.open();' successfully

2022-12-19 19:53:35 - [TEST_STEP][PASSED] - currentWindow = getWindowIndex(): Current window's index is: 0

2022-12-19 19:53:36 - [MESSAGE][PASSED] - Current window's index is: 0

2022-12-19 19:53:36 - [TEST_STEP][PASSED] - delay(3): Delayed 3 second(s)

2022-12-19 19:53:39 - [MESSAGE][PASSED] - Delayed 3 second(s)

2022-12-19 19:53:39 - [TEST_STEP][PASSED] - switchToWindowIndex(currentWindow + 1): Switched to window with index: '1'

2022-12-19 19:53:39 - [MESSAGE][PASSED] - Switched to window with index: '1'

2022-12-19 19:53:39 - [TEST_STEP][PASSED] - navigateToUrl("https://www.mailinator.com/"): Navigate to 'https://www.mailinator.com/' successfully

2022-12-19 19:53:52 - [MESSAGE][PASSED] - Navigate to 'https://www.mailinator.com/' successfully

2022-12-19 19:53:52 - [TEST_STEP][PASSED] - delay(3): Delayed 3 second(s)

2022-12-19 19:53:55 - [MESSAGE][PASSED] - Delayed 3 second(s)

2022-12-19 19:53:55 - [TEST_STEP][PASSED] - setText(findTestObject("00-Signup and Activation/zMailinator/input_LOGIN_search"), "testuser02@mailinator.com"): Text 'testuser02@mailinator.com' is set on object 'Object Repository/00-Signup and Activation/zMailinator/input_LOGIN_search'

2022-12-19 19:53:59 - [MESSAGE][PASSED] - Text 'testuser02@mailinator.com' is set on object 'Object Repository/00-Signup and Activation/zMailinator/input_LOGIN_search'

2022-12-19 19:53:59 - [TEST_STEP][PASSED] - click(findTestObject("00-Signup and Activation/zMailinator/gobutton"), STOP_ON_FAILURE): Object: 'Object Repository/00-Signup and Activation/zMailinator/gobutton' is clicked on

2022-12-19 19:54:06 - [MESSAGE][PASSED] - Object: 'Object Repository/00-Signup and Activation/zMailinator/gobutton' is clicked on

2022-12-19 19:54:06 - [TEST_STEP][PASSED] - delay(3): Delayed 3 second(s)

2022-12-19 19:54:09 - [MESSAGE][PASSED] - Delayed 3 second(s)

2022-12-19 19:54:09 - [TEST_STEP][PASSED] - click(findTestObject("00-Signup and Activation/zMailinator/Email - everleagues")): Object: 'Object Repository/00-Signup and Activation/zMailinator/Email - everleagues' is clicked on

2022-12-19 19:54:11 - [MESSAGE][PASSED] - Object: 'Object Repository/00-Signup and Activation/zMailinator/Email - everleagues' is clicked on

2022-12-19 19:54:11 - [TEST_STEP][PASSED] - delay(3): Delayed 3 second(s)

2022-12-19 19:54:14 - [MESSAGE][PASSED] - Delayed 3 second(s)

2022-12-19 19:54:14 - [TEST_STEP][PASSED] - code = getText(findTestObject("Object Repository/06-Teams/For 2FA/2FA code")): Text of object 'Object Repository/06-Teams/For 2FA/2FA code' is: '292100'

2022-12-19 19:54:15 - [MESSAGE][PASSED] - Text of object 'Object Repository/06-Teams/For 2FA/2FA code' is: '292100'

2022-12-19 19:54:15 - [TEST_STEP][PASSED] - delay(3): Delayed 3 second(s)

2022-12-19 19:54:18 - [MESSAGE][PASSED] - Delayed 3 second(s)

2022-12-19 19:54:18 - [TEST_STEP][PASSED] - closeWindowTitle("Mailinator"): Window with title: 'Mailinator' is closed

2022-12-19 19:54:21 - [MESSAGE][PASSED] - Window with title: 'Mailinator' is closed

2022-12-19 19:54:21 - [TEST_STEP][PASSED] - delay(3): Delayed 3 second(s)

2022-12-19 19:54:24 - [MESSAGE][PASSED] - Delayed 3 second(s)

2022-12-19 19:54:24 - [TEST_STEP][PASSED] - switchToWindowIndex(0): Switched to window with index: '0'

2022-12-19 19:54:24 - [MESSAGE][PASSED] - Switched to window with index: '0'

2022-12-19 19:54:24 - [TEST_STEP][PASSED] - delay(3): Delayed 3 second(s)

2022-12-19 19:54:27 - [MESSAGE][PASSED] - Delayed 3 second(s)

2022-12-19 19:54:27 - [TEST_STEP][PASSED] - setText(findTestObject("Object Repository/06-Teams/For 2FA/input_Enter verification code_code"), code): Text '292100' is set on object 'Object Repository/06-Teams/For 2FA/input_Enter verification code_code'

2022-12-19 19:54:30 - [MESSAGE][PASSED] - Text '292100' is set on object 'Object Repository/06-Teams/For 2FA/input_Enter verification code_code'

2022-12-19 19:54:30 - [TEST_STEP][PASSED] - delay(3): Delayed 3 second(s)

2022-12-19 19:54:33 - [MESSAGE][PASSED] - Delayed 3 second(s)

2022-12-19 19:54:33 - [TEST_STEP][PASSED] - click(findTestObject("06-Teams/For 2FA/button_Verify_2FA")): Object: 'Object Repository/06-Teams/For 2FA/button_Verify_2FA' is clicked on

2022-12-19 19:54:35 - [MESSAGE][PASSED] - Object: 'Object Repository/06-Teams/For 2FA/button_Verify_2FA' is clicked on

2022-12-19 19:54:35 - [TEST_STEP][PASSED] - delay(5): Delayed 5 second(s)

2022-12-19 19:54:40 - [MESSAGE][PASSED] - Delayed 5 second(s)

2022-12-19 19:54:40 - [TEST_STEP][PASSED] - click(findTestObject("06-Teams/button_doublearrow")): Object: 'Object Repository/06-Teams/button_doublearrow' is clicked on

2022-12-19 19:54:45 - [MESSAGE][PASSED] - Object: 'Object Repository/06-Teams/button_doublearrow' is clicked on

2022-12-19 19:54:45 - [TEST_STEP][PASSED] - click(findTestObject("06-Teams/button_My Organizations")): Object: 'Object Repository/06-Teams/button_My Organizations' is clicked on

2022-12-19 19:54:47 - [MESSAGE][PASSED] - Object: 'Object Repository/06-Teams/button_My Organizations' is clicked on

2022-12-19 19:54:47 - [TEST_STEP][PASSED] - click(findTestObject("06-Teams/button_GG Automation")): Object: 'Object Repository/06-Teams/button_GG Automation' is clicked on

2022-12-19 19:54:48 - [MESSAGE][PASSED] - Object: 'Object Repository/06-Teams/button_GG Automation' is clicked on

2022-12-19 19:54:48 - [TEST_STEP][PASSED] - delay(4): Delayed 4 second(s)

2022-12-19 19:54:52 - [MESSAGE][PASSED] - Delayed 4 second(s)

2022-12-19 19:54:52 - [TEST_STEP][PASSED] - verifyElementVisible(findTestObject("06-Teams/span_GG Automation")): Object 'Object Repository/06-Teams/span_GG Automation' is visible

2022-12-19 19:54:53 - [MESSAGE][PASSED] - Object 'Object Repository/06-Teams/span_GG Automation' is visible

2022-12-19 19:54:53 - [TEST_STEP][PASSED] - delay(5): Delayed 5 second(s)

2022-12-19 19:54:58 - [MESSAGE][PASSED] - Delayed 5 second(s)

2022-12-19 19:54:58 - [TEST_STEP][PASSED] - click(findTestObject("03-Header Menu/Hamburger Button/div_Settings")): Object: 'Object Repository/03-Header Menu/Hamburger Button/div_Settings' is clicked on

2022-12-19 19:54:59 - [MESSAGE][PASSED] - Object: 'Object Repository/03-Header Menu/Hamburger Button/div_Settings' is clicked on

2022-12-19 19:54:59 - [TEST_STEP][PASSED] - verifyElementVisible(findTestObject("09-Settings/Users/div_Organization")): Object 'Object Repository/09-Settings/Users/div_Organization' is visible

2022-12-19 19:55:00 - [MESSAGE][PASSED] - Object 'Object Repository/09-Settings/Users/div_Organization' is visible

2022-12-19 19:55:00 - [TEST_STEP][PASSED] - verifyElementVisible(findTestObject("09-Settings/Users/div_Organization Units")): Object 'Object Repository/09-Settings/Users/div_Organization Units' is visible

2022-12-19 19:55:01 - [MESSAGE][PASSED] - Object 'Object Repository/09-Settings/Users/div_Organization Units' is visible

2022-12-19 19:55:01 - [TEST_STEP][PASSED] - scrollToElement(findTestObject("09-Settings/Users/div_Subscriptions"), 0): Scroll to object 'Object Repository/09-Settings/Users/div_Subscriptions' successfully

2022-12-19 19:55:02 - [MESSAGE][WARNING] - Timeout '0' is invalid. Using default page load timeout: '30'

2022-12-19 19:55:02 - [MESSAGE][PASSED] - Scroll to object 'Object Repository/09-Settings/Users/div_Subscriptions' successfully

2022-12-19 19:55:02 - [TEST_STEP][PASSED] - verifyElementVisible(findTestObject("09-Settings/Users/div_Subscriptions")): Object 'Object Repository/09-Settings/Users/div_Subscriptions' is visible

2022-12-19 19:55:03 - [MESSAGE][PASSED] - Object 'Object Repository/09-Settings/Users/div_Subscriptions' is visible

2022-12-19 19:55:03 - [TEST_STEP][PASSED] - verifyElementVisible(findTestObject("09-Settings/Users/div_Users")): Object 'Object Repository/09-Settings/Users/div_Users' is visible

2022-12-19 19:55:04 - [MESSAGE][PASSED] - Object 'Object Repository/09-Settings/Users/div_Users' is visible

2022-12-19 19:55:04 - [TEST_STEP][PASSED] - delay(3): Delayed 3 second(s)

2022-12-19 19:55:07 - [MESSAGE][PASSED] - Delayed 3 second(s)

2022-12-19 19:55:07 - [TEST_STEP][PASSED] - click(findTestObject("09-Settings/Users/div_Organization")): Object: 'Object Repository/09-Settings/Users/div_Organization' is clicked on

2022-12-19 19:55:11 - [MESSAGE][PASSED] - Object: 'Object Repository/09-Settings/Users/div_Organization' is clicked on

2022-12-19 19:55:11 - [TEST_STEP][PASSED] - verifyElementVisible(findTestObject("09-Settings/Organization/h4_ORGANIZATION SETTINGS")): Object 'Object Repository/09-Settings/Organization/h4_ORGANIZATION SETTINGS' is visible

2022-12-19 19:55:13 - [MESSAGE][PASSED] - Object 'Object Repository/09-Settings/Organization/h4_ORGANIZATION SETTINGS' is visible

2022-12-19 19:55:13 - [TEST_STEP][PASSED] - click(findTestObject("09-Settings/Organization/div_Profile")): Object: 'Object Repository/09-Settings/Organization/div_Profile' is clicked on

2022-12-19 19:55:14 - [MESSAGE][PASSED] - Object: 'Object Repository/09-Settings/Organization/div_Profile' is clicked on

2022-12-19 19:55:14 - [TEST_STEP][PASSED] - verifyElementVisible(findTestObject("09-Settings/Organization/div_ProfileSettings page")): Object 'Object Repository/09-Settings/Organization/div_ProfileSettings page' is visible

2022-12-19 19:55:15 - [MESSAGE][PASSED] - Object 'Object Repository/09-Settings/Organization/div_ProfileSettings page' is visible

2022-12-19 19:55:15 - [TEST_STEP][PASSED] - delay(3): Delayed 3 second(s)

2022-12-19 19:55:18 - [MESSAGE][PASSED] - Delayed 3 second(s)

2022-12-19 19:55:18 - [TEST_STEP][PASSED] - verifyElementVisible(findTestObject("09-Settings/Organization/mat-card-title_Profile")): Object 'Object Repository/09-Settings/Organization/mat-card-title_Profile' is visible

2022-12-19 19:55:18 - [MESSAGE][PASSED] - Object 'Object Repository/09-Settings/Organization/mat-card-title_Profile' is visible

2022-12-19 19:55:18 - [TEST_STEP][PASSED] - verifyElementVisible(findTestObject("09-Settings/Organization/input_Industry")): Object 'Object Repository/09-Settings/Organization/input_Industry' is visible

2022-12-19 19:55:19 - [MESSAGE][PASSED] - Object 'Object Repository/09-Settings/Organization/input_Industry' is visible

2022-12-19 19:55:19 - [TEST_STEP][PASSED] - verifyElementVisible(findTestObject("09-Settings/Organization/input_Organization number")): Object 'Object Repository/09-Settings/Organization/input_Organization number' is visible

2022-12-19 19:55:21 - [MESSAGE][PASSED] - Object 'Object Repository/09-Settings/Organization/input_Organization number' is visible

2022-12-19 19:55:21 - [TEST_STEP][PASSED] - delay(3): Delayed 3 second(s)

2022-12-19 19:55:24 - [MESSAGE][PASSED] - Delayed 3 second(s)

2022-12-19 19:55:24 - [TEST_STEP][PASSED] - click(findTestObject("03-Header Menu/User Profile/View Profile/Profile Tab/Upload Icon")): Object: 'Object Repository/03-Header Menu/User Profile/View Profile/Profile Tab/Upload Icon' is clicked on

2022-12-19 19:55:26 - [MESSAGE][PASSED] - Object: 'Object Repository/03-Header Menu/User Profile/View Profile/Profile Tab/Upload Icon' is clicked on

2022-12-19 19:55:26 - [TEST_STEP][PASSED] - delay(2): Delayed 2 second(s)

2022-12-19 19:55:28 - [MESSAGE][PASSED] - Delayed 2 second(s)

2022-12-19 19:55:28 - [TEST_STEP][PASSED] - verifyElementVisible(findTestObject("03-Header Menu/User Profile/View Profile/Profile Tab/Upload User Image modal")): Object 'Object Repository/03-Header Menu/User Profile/View Profile/Profile Tab/Upload User Image modal' is visible

2022-12-19 19:55:28 - [MESSAGE][PASSED] - Object 'Object Repository/03-Header Menu/User Profile/View Profile/Profile Tab/Upload User Image modal' is visible

2022-12-19 19:55:28 - [TEST_STEP][PASSED] - verifyElementNotClickable(findTestObject("03-Header Menu/User Profile/View Profile/Profile Tab/button_Upload Image")): Object 'Object Repository/03-Header Menu/User Profile/View Profile/Profile Tab/button_Upload Image' is NOT clickable

2022-12-19 19:55:29 - [MESSAGE][PASSED] - Object 'Object Repository/03-Header Menu/User Profile/View Profile/Profile Tab/button_Upload Image' is NOT clickable

2022-12-19 19:55:29 - [TEST_STEP][PASSED] - delay(1): Delayed 1 second(s)

2022-12-19 19:55:30 - [MESSAGE][PASSED] - Delayed 1 second(s)

2022-12-19 19:55:30 - [TEST_STEP][PASSED] - click(findTestObject("03-Header Menu/User Profile/View Profile/Profile Tab/button_Cancel")): Object: 'Object Repository/03-Header Menu/User Profile/View Profile/Profile Tab/button_Cancel' is clicked on

2022-12-19 19:55:31 - [MESSAGE][PASSED] - Object: 'Object Repository/03-Header Menu/User Profile/View Profile/Profile Tab/button_Cancel' is clicked on

2022-12-19 19:55:31 - [TEST_STEP][PASSED] - delay(3): Delayed 3 second(s)

2022-12-19 19:55:34 - [MESSAGE][PASSED] - Delayed 3 second(s)

2022-12-19 19:55:34 - [TEST_STEP][PASSED] - click(findTestObject("03-Header Menu/User Profile/View Profile/Profile Tab/Upload Icon")): Object: 'Object Repository/03-Header Menu/User Profile/View Profile/Profile Tab/Upload Icon' is clicked on

2022-12-19 19:55:36 - [MESSAGE][PASSED] - Object: 'Object Repository/03-Header Menu/User Profile/View Profile/Profile Tab/Upload Icon' is clicked on

2022-12-19 19:55:36 - [TEST_STEP][PASSED] - uploadpackage.Upload.uploadFile(findTestObject("Object Repository/03-Header Menu/User Profile/View Profile/Profile Tab/button_folderBrowse"), "C:\Users\asus\Desktop\EL automation\qa.jpg"): uploadpackage.Upload.uploadFile is PASSED

2022-12-19 19:55:37 - [MESSAGE][PASSED] - Object: 'Object Repository/03-Header Menu/User Profile/View Profile/Profile Tab/button_folderBrowse' is clicked on

2022-12-19 19:55:40 - [MESSAGE][PASSED] - uploadpackage.Upload.uploadFile is PASSED

2022-12-19 19:55:40 - [TEST_STEP][PASSED] - delay(2): Delayed 2 second(s)

2022-12-19 19:55:42 - [MESSAGE][PASSED] - Delayed 2 second(s)

2022-12-19 19:55:42 - [TEST_STEP][PASSED] - click(findTestObject("03-Header Menu/User Profile/View Profile/Profile Tab/button_Upload Image")): Object: 'Object Repository/03-Header Menu/User Profile/View Profile/Profile Tab/button_Upload Image' is clicked on

2022-12-19 19:55:44 - [MESSAGE][PASSED] - Object: 'Object Repository/03-Header Menu/User Profile/View Profile/Profile Tab/button_Upload Image' is clicked on

2022-12-19 19:55:44 - [TEST_STEP][PASSED] - verifyElementVisible(findTestObject("09-Settings/Organization/snack-bar-container_Successfully changed organization imageOK")): Object 'Object Repository/09-Settings/Organization/snack-bar-container_Successfully changed organization imageOK' is visible

2022-12-19 19:55:46 - [MESSAGE][PASSED] - Object 'Object Repository/09-Settings/Organization/snack-bar-container_Successfully changed organization imageOK' is visible

2022-12-19 19:55:46 - [TEST_STEP][PASSED] - click(findTestObject("09-Settings/Organization/input_name")): Object: 'Object Repository/09-Settings/Organization/input_name' is clicked on

2022-12-19 19:55:47 - [MESSAGE][PASSED] - Object: 'Object Repository/09-Settings/Organization/input_name' is clicked on

2022-12-19 19:55:47 - [TEST_STEP][PASSED] - setText(findTestObject("09-Settings/Organization/input_name"), "THIS IS AUTOMATION"): Text 'THIS IS AUTOMATION' is set on object 'Object Repository/09-Settings/Organization/input_name'

2022-12-19 19:55:50 - [MESSAGE][PASSED] - Text 'THIS IS AUTOMATION' is set on object 'Object Repository/09-Settings/Organization/input_name'

2022-12-19 19:55:50 - [TEST_STEP][PASSED] - delay(3): Delayed 3 second(s)

2022-12-19 19:55:53 - [MESSAGE][PASSED] - Delayed 3 second(s)

2022-12-19 19:55:53 - [TEST_STEP][PASSED] - scrollToElement(findTestObject("09-Settings/Users/Active User/button_Save"), 0): Scroll to object 'Object Repository/09-Settings/Users/Active User/button_Save' successfully

2022-12-19 19:55:54 - [MESSAGE][WARNING] - Timeout '0' is invalid. Using default page load timeout: '30'

2022-12-19 19:55:54 - [MESSAGE][PASSED] - Scroll to object 'Object Repository/09-Settings/Users/Active User/button_Save' successfully

2022-12-19 19:55:54 - [TEST_STEP][PASSED] - click(findTestObject("09-Settings/Users/Active User/button_Save")): Object: 'Object Repository/09-Settings/Users/Active User/button_Save' is clicked on

2022-12-19 19:55:55 - [MESSAGE][PASSED] - Object: 'Object Repository/09-Settings/Users/Active User/button_Save' is clicked on

2022-12-19 19:55:55 - [TEST_STEP][PASSED] - verifyElementVisible(findTestObject("09-Settings/Organization/snack-bar-container_Settings savedOK")): Object 'Object Repository/09-Settings/Organization/snack-bar-container_Settings savedOK' is visible

2022-12-19 19:55:57 - [MESSAGE][PASSED] - Object 'Object Repository/09-Settings/Organization/snack-bar-container_Settings savedOK' is visible

2022-12-19 19:55:57 - [TEST_STEP][PASSED] - delay(3): Delayed 3 second(s)

2022-12-19 19:56:00 - [MESSAGE][PASSED] - Delayed 3 second(s)

2022-12-19 19:56:00 - [TEST_STEP][PASSED] - scrollToElement(findTestObject("09-Settings/Organization/input_name"), 0): Scroll to object 'Object Repository/09-Settings/Organization/input_name' successfully

2022-12-19 19:56:00 - [MESSAGE][WARNING] - Timeout '0' is invalid. Using default page load timeout: '30'

2022-12-19 19:56:01 - [MESSAGE][PASSED] - Scroll to object 'Object Repository/09-Settings/Organization/input_name' successfully

2022-12-19 19:56:01 - [TEST_STEP][PASSED] - setText(findTestObject("09-Settings/Organization/input_name"), "GG Automation"): Text 'GG Automation' is set on object 'Object Repository/09-Settings/Organization/input_name'

2022-12-19 19:56:02 - [MESSAGE][PASSED] - Text 'GG Automation' is set on object 'Object Repository/09-Settings/Organization/input_name'

2022-12-19 19:56:02 - [TEST_STEP][PASSED] - delay(3): Delayed 3 second(s)

2022-12-19 19:56:05 - [MESSAGE][PASSED] - Delayed 3 second(s)

2022-12-19 19:56:05 - [TEST_STEP][PASSED] - scrollToElement(findTestObject("09-Settings/Users/Active User/button_Save"), 0): Scroll to object 'Object Repository/09-Settings/Users/Active User/button_Save' successfully

2022-12-19 19:56:06 - [MESSAGE][WARNING] - Timeout '0' is invalid. Using default page load timeout: '30'

2022-12-19 19:56:06 - [MESSAGE][PASSED] - Scroll to object 'Object Repository/09-Settings/Users/Active User/button_Save' successfully

2022-12-19 19:56:06 - [TEST_STEP][PASSED] - click(findTestObject("09-Settings/Users/Active User/button_Save")): Object: 'Object Repository/09-Settings/Users/Active User/button_Save' is clicked on

2022-12-19 19:56:07 - [MESSAGE][PASSED] - Object: 'Object Repository/09-Settings/Users/Active User/button_Save' is clicked on

2022-12-19 19:56:07 - [TEST_STEP][PASSED] - verifyElementVisible(findTestObject("09-Settings/Organization/snack-bar-container_Settings savedOK")): Object 'Object Repository/09-Settings/Organization/snack-bar-container_Settings savedOK' is visible

2022-12-19 19:56:09 - [MESSAGE][PASSED] - Object 'Object Repository/09-Settings/Organization/snack-bar-container_Settings savedOK' is visible

2022-12-19 19:56:09 - [TEST_STEP][PASSED] - delay(3): Delayed 3 second(s)

2022-12-19 19:56:12 - [MESSAGE][PASSED] - Delayed 3 second(s)

2022-12-19 19:56:12 - [TEST_STEP][PASSED] - scrollToElement(findTestObject("09-Settings/Organization/mat-card_Address"), 0): Scroll to object 'Object Repository/09-Settings/Organization/mat-card_Address' successfully

2022-12-19 19:56:13 - [MESSAGE][WARNING] - Timeout '0' is invalid. Using default page load timeout: '30'

2022-12-19 19:56:13 - [MESSAGE][PASSED] - Scroll to object 'Object Repository/09-Settings/Organization/mat-card_Address' successfully

2022-12-19 19:56:13 - [TEST_STEP][PASSED] - verifyElementVisible(findTestObject("09-Settings/Organization/mat-card_Address")): Object 'Object Repository/09-Settings/Organization/mat-card_Address' is visible

2022-12-19 19:56:14 - [MESSAGE][PASSED] - Object 'Object Repository/09-Settings/Organization/mat-card_Address' is visible

2022-12-19 19:56:14 - [TEST_STEP][PASSED] - verifyElementVisible(findTestObject("09-Settings/Organization/mat-card-title_Address")): Object 'Object Repository/09-Settings/Organization/mat-card-title_Address' is visible

2022-12-19 19:56:14 - [MESSAGE][PASSED] - Object 'Object Repository/09-Settings/Organization/mat-card-title_Address' is visible

2022-12-19 19:56:14 - [TEST_STEP][PASSED] - setText(findTestObject("09-Settings/Organization/input_Street"), "4711 Hardy Street"): Text '4711 Hardy Street' is set on object 'Object Repository/09-Settings/Organization/input_Street'

2022-12-19 19:56:17 - [MESSAGE][PASSED] - Text '4711 Hardy Street' is set on object 'Object Repository/09-Settings/Organization/input_Street'

2022-12-19 19:56:17 - [TEST_STEP][PASSED] - setText(findTestObject("09-Settings/Organization/input_City"), "Kelowna"): Text 'Kelowna' is set on object 'Object Repository/09-Settings/Organization/input_City'

2022-12-19 19:56:18 - [MESSAGE][PASSED] - Text 'Kelowna' is set on object 'Object Repository/09-Settings/Organization/input_City'

2022-12-19 19:56:18 - [TEST_STEP][PASSED] - setText(findTestObject("09-Settings/Organization/input_Zip"), "V1Y 8H2"): Text 'V1Y 8H2' is set on object 'Object Repository/09-Settings/Organization/input_Zip'

2022-12-19 19:56:21 - [MESSAGE][PASSED] - Text 'V1Y 8H2' is set on object 'Object Repository/09-Settings/Organization/input_Zip'

2022-12-19 19:56:21 - [TEST_STEP][PASSED] - setText(findTestObject("09-Settings/Organization/input_State"), "British Columbia"): Text 'British Columbia' is set on object 'Object Repository/09-Settings/Organization/input_State'

2022-12-19 19:56:27 - [MESSAGE][PASSED] - Text 'British Columbia' is set on object 'Object Repository/09-Settings/Organization/input_State'

2022-12-19 19:56:27 - [TEST_STEP][PASSED] - click(findTestObject("09-Settings/Organization/input_Country"), STOP_ON_FAILURE): Object: 'Object Repository/09-Settings/Organization/input_Country' is clicked on

2022-12-19 19:56:29 - [MESSAGE][PASSED] - Object: 'Object Repository/09-Settings/Organization/input_Country' is clicked on

2022-12-19 19:56:29 - [TEST_STEP][PASSED] - click(findTestObject("09-Settings/Organization/mat-option_united states"), STOP_ON_FAILURE): Object: 'Object Repository/09-Settings/Organization/mat-option_united states' is clicked on

2022-12-19 19:56:31 - [MESSAGE][PASSED] - Object: 'Object Repository/09-Settings/Organization/mat-option_united states' is clicked on

2022-12-19 19:56:31 - [TEST_STEP][PASSED] - delay(3): Delayed 3 second(s)

2022-12-19 19:56:34 - [MESSAGE][PASSED] - Delayed 3 second(s)

2022-12-19 19:56:34 - [TEST_STEP][PASSED] - scrollToElement(findTestObject("09-Settings/Users/Active User/button_Save"), 0): Scroll to object 'Object Repository/09-Settings/Users/Active User/button_Save' successfully

2022-12-19 19:56:35 - [MESSAGE][WARNING] - Timeout '0' is invalid. Using default page load timeout: '30'

2022-12-19 19:56:35 - [MESSAGE][PASSED] - Scroll to object 'Object Repository/09-Settings/Users/Active User/button_Save' successfully

2022-12-19 19:56:35 - [TEST_STEP][PASSED] - click(findTestObject("09-Settings/Users/Active User/button_Save")): Object: 'Object Repository/09-Settings/Users/Active User/button_Save' is clicked on

2022-12-19 19:56:36 - [MESSAGE][PASSED] - Object: 'Object Repository/09-Settings/Users/Active User/button_Save' is clicked on

2022-12-19 19:56:36 - [TEST_STEP][PASSED] - verifyElementVisible(findTestObject("09-Settings/Organization/snack-bar-container_Settings savedOK")): Object 'Object Repository/09-Settings/Organization/snack-bar-container_Settings savedOK' is visible

2022-12-19 19:56:38 - [MESSAGE][PASSED] - Object 'Object Repository/09-Settings/Organization/snack-bar-container_Settings savedOK' is visible

2022-12-19 19:56:38 - [TEST_STEP][PASSED] - delay(3): Delayed 3 second(s)

2022-12-19 19:56:41 - [MESSAGE][PASSED] - Delayed 3 second(s)

2022-12-19 19:56:41 - [TEST_STEP][PASSED] - verifyElementVisible(findTestObject("09-Settings/Organization/mat-card_Contact")): Object 'Object Repository/09-Settings/Organization/mat-card_Contact' is visible

2022-12-19 19:56:42 - [MESSAGE][PASSED] - Object 'Object Repository/09-Settings/Organization/mat-card_Contact' is visible

2022-12-19 19:56:42 - [TEST_STEP][PASSED] - verifyElementVisible(findTestObject("09-Settings/Organization/mat-card-title_Contact")): Object 'Object Repository/09-Settings/Organization/mat-card-title_Contact' is visible

2022-12-19 19:56:43 - [MESSAGE][PASSED] - Object 'Object Repository/09-Settings/Organization/mat-card-title_Contact' is visible

2022-12-19 19:56:43 - [TEST_STEP][PASSED] - setText(findTestObject("09-Settings/Organization/input_Email"), "testuser02@mailinator.com"): Text 'testuser02@mailinator.com' is set on object 'Object Repository/09-Settings/Organization/input_Email'

2022-12-19 19:56:46 - [MESSAGE][PASSED] - Text 'testuser02@mailinator.com' is set on object 'Object Repository/09-Settings/Organization/input_Email'

2022-12-19 19:56:46 - [TEST_STEP][PASSED] - setText(findTestObject("09-Settings/Organization/input_Web"), "https://lab.everleagues.com"): Text 'https://lab.everleagues.com' is set on object 'Object Repository/09-Settings/Organization/input_Web'

2022-12-19 19:56:48 - [MESSAGE][PASSED] - Text 'https://lab.everleagues.com' is set on object 'Object Repository/09-Settings/Organization/input_Web'

2022-12-19 19:56:48 - [TEST_STEP][PASSED] - click(findTestObject("09-Settings/Organization/button_Phone")): Object: 'Object Repository/09-Settings/Organization/button_Phone' is clicked on

2022-12-19 19:56:50 - [MESSAGE][PASSED] - Object: 'Object Repository/09-Settings/Organization/button_Phone' is clicked on

2022-12-19 19:56:50 - [TEST_STEP][PASSED] - setText(findTestObject("09-Settings/Organization/input_phone search"), "PH"): Text 'PH' is set on object 'Object Repository/09-Settings/Organization/input_phone search'

2022-12-19 19:56:53 - [MESSAGE][PASSED] - Text 'PH' is set on object 'Object Repository/09-Settings/Organization/input_phone search'

2022-12-19 19:56:53 - [TEST_STEP][PASSED] - click(findTestObject("09-Settings/Organization/button_Philippines 63")): Object: 'Object Repository/09-Settings/Organization/button_Philippines 63' is clicked on

2022-12-19 19:56:54 - [MESSAGE][PASSED] - Object: 'Object Repository/09-Settings/Organization/button_Philippines 63' is clicked on

2022-12-19 19:56:54 - [TEST_STEP][PASSED] - setText(findTestObject("09-Settings/Organization/input_phone"), "9211234567"): Text '9211234567' is set on object 'Object Repository/09-Settings/Organization/input_phone'

2022-12-19 19:56:57 - [MESSAGE][PASSED] - Text '9211234567' is set on object 'Object Repository/09-Settings/Organization/input_phone'

2022-12-19 19:56:57 - [TEST_STEP][PASSED] - click(findTestObject("09-Settings/Organization/button_fax")): Object: 'Object Repository/09-Settings/Organization/button_fax' is clicked on

2022-12-19 19:56:58 - [MESSAGE][PASSED] - Object: 'Object Repository/09-Settings/Organization/button_fax' is clicked on

2022-12-19 19:56:58 - [TEST_STEP][PASSED] - setText(findTestObject("09-Settings/Organization/input_phone search"), "PH"): Text 'PH' is set on object 'Object Repository/09-Settings/Organization/input_phone search'

2022-12-19 19:57:00 - [MESSAGE][PASSED] - Text 'PH' is set on object 'Object Repository/09-Settings/Organization/input_phone search'

2022-12-19 19:57:00 - [TEST_STEP][PASSED] - click(findTestObject("09-Settings/Organization/button_Philippines 63")): Object: 'Object Repository/09-Settings/Organization/button_Philippines 63' is clicked on

2022-12-19 19:57:02 - [MESSAGE][PASSED] - Object: 'Object Repository/09-Settings/Organization/button_Philippines 63' is clicked on

2022-12-19 19:57:02 - [TEST_STEP][PASSED] - setText(findTestObject("09-Settings/Organization/input_fax"), "9211234567"): Text '9211234567' is set on object 'Object Repository/09-Settings/Organization/input_fax'

2022-12-19 19:57:04 - [MESSAGE][PASSED] - Text '9211234567' is set on object 'Object Repository/09-Settings/Organization/input_fax'

2022-12-19 19:57:04 - [TEST_STEP][PASSED] - delay(3): Delayed 3 second(s)

2022-12-19 19:57:07 - [MESSAGE][PASSED] - Delayed 3 second(s)

2022-12-19 19:57:07 - [TEST_STEP][PASSED] - click(findTestObject("09-Settings/Users/Active User/button_Save")): Object: 'Object Repository/09-Settings/Users/Active User/button_Save' is clicked on

2022-12-19 19:57:08 - [MESSAGE][PASSED] - Object: 'Object Repository/09-Settings/Users/Active User/button_Save' is clicked on

2022-12-19 19:57:08 - [TEST_STEP][PASSED] - verifyElementVisible(findTestObject("09-Settings/Organization/snack-bar-container_Settings savedOK")): Object 'Object Repository/09-Settings/Organization/snack-bar-container_Settings savedOK' is visible

2022-12-19 19:57:11 - [MESSAGE][PASSED] - Object 'Object Repository/09-Settings/Organization/snack-bar-container_Settings savedOK' is visible

2022-12-19 19:57:11 - [TEST_STEP][PASSED] - delay(3): Delayed 3 second(s)

2022-12-19 19:57:14 - [MESSAGE][PASSED] - Delayed 3 second(s)

2022-12-19 19:57:14 - [TEST_STEP][PASSED] - scrollToElement(findTestObject("09-Settings/Organization/div_Profile"), 0): Scroll to object 'Object Repository/09-Settings/Organization/div_Profile' successfully

2022-12-19 19:57:14 - [MESSAGE][WARNING] - Timeout '0' is invalid. Using default page load timeout: '30'

2022-12-19 19:57:14 - [MESSAGE][PASSED] - Scroll to object 'Object Repository/09-Settings/Organization/div_Profile' successfully]]></system-out>
         <system-err><![CDATA[]]></system-err>
      </testcase>
      <testcase name="Test Cases/09-Settings/24 - Organization - Settings" time="180.967" classname="Test Cases/09-Settings/24 - Organization - Settings" status="PASSED">
         <system-out><![CDATA[2022-12-19 19:57:15 - [TEST_CASE][PASSED] - Test Cases/09-Settings/24 - Organization - Settings: Test Cases/09-Settings/24 - Organization - Settings

2022-12-19 19:57:18 - [TEST_STEP][PASSED] - delay(3): Delayed 3 second(s)

2022-12-19 19:57:21 - [MESSAGE][PASSED] - Delayed 3 second(s)

2022-12-19 19:57:21 - [TEST_STEP][PASSED] - click(findTestObject("09-Settings/Organization/div_Settings")): Object: 'Object Repository/09-Settings/Organization/div_Settings' is clicked on

2022-12-19 19:57:23 - [MESSAGE][PASSED] - Object: 'Object Repository/09-Settings/Organization/div_Settings' is clicked on

2022-12-19 19:57:23 - [TEST_STEP][PASSED] - verifyElementVisible(findTestObject("09-Settings/Organization/div_Settings page")): Object 'Object Repository/09-Settings/Organization/div_Settings page' is visible

2022-12-19 19:57:24 - [MESSAGE][PASSED] - Object 'Object Repository/09-Settings/Organization/div_Settings page' is visible

2022-12-19 19:57:24 - [TEST_STEP][PASSED] - delay(3): Delayed 3 second(s)

2022-12-19 19:57:27 - [MESSAGE][PASSED] - Delayed 3 second(s)

2022-12-19 19:57:27 - [TEST_STEP][PASSED] - verifyElementVisible(findTestObject("09-Settings/Organization/mat-card_Chat Message Settings")): Object 'Object Repository/09-Settings/Organization/mat-card_Chat Message Settings' is visible

2022-12-19 19:57:28 - [MESSAGE][PASSED] - Object 'Object Repository/09-Settings/Organization/mat-card_Chat Message Settings' is visible

2022-12-19 19:57:28 - [TEST_STEP][PASSED] - verifyElementVisible(findTestObject("09-Settings/Organization/mat-card-title_Chat Message Settings")): Object 'Object Repository/09-Settings/Organization/mat-card-title_Chat Message Settings' is visible

2022-12-19 19:57:29 - [MESSAGE][PASSED] - Object 'Object Repository/09-Settings/Organization/mat-card-title_Chat Message Settings' is visible

2022-12-19 19:57:29 - [TEST_STEP][PASSED] - click(findTestObject("09-Settings/Organization/toggle_Enable chat message editing")): Object: 'Object Repository/09-Settings/Organization/toggle_Enable chat message editing' is clicked on

2022-12-19 19:57:30 - [MESSAGE][PASSED] - Object: 'Object Repository/09-Settings/Organization/toggle_Enable chat message editing' is clicked on

2022-12-19 19:57:30 - [TEST_STEP][PASSED] - click(findTestObject("09-Settings/Organization/toggle_Enable chat message deletion")): Object: 'Object Repository/09-Settings/Organization/toggle_Enable chat message deletion' is clicked on

2022-12-19 19:57:33 - [MESSAGE][PASSED] - Object: 'Object Repository/09-Settings/Organization/toggle_Enable chat message deletion' is clicked on

2022-12-19 19:57:33 - [TEST_STEP][PASSED] - delay(3): Delayed 3 second(s)

2022-12-19 19:57:36 - [MESSAGE][PASSED] - Delayed 3 second(s)

2022-12-19 19:57:36 - [TEST_STEP][PASSED] - click(findTestObject("09-Settings/Organization/toggle_Enable chat message editing")): Object: 'Object Repository/09-Settings/Organization/toggle_Enable chat message editing' is clicked on

2022-12-19 19:57:37 - [MESSAGE][PASSED] - Object: 'Object Repository/09-Settings/Organization/toggle_Enable chat message editing' is clicked on

2022-12-19 19:57:37 - [TEST_STEP][PASSED] - click(findTestObject("09-Settings/Organization/toggle_Enable chat message deletion")): Object: 'Object Repository/09-Settings/Organization/toggle_Enable chat message deletion' is clicked on

2022-12-19 19:57:38 - [MESSAGE][PASSED] - Object: 'Object Repository/09-Settings/Organization/toggle_Enable chat message deletion' is clicked on

2022-12-19 19:57:38 - [TEST_STEP][PASSED] - delay(2): Delayed 2 second(s)

2022-12-19 19:57:40 - [MESSAGE][PASSED] - Delayed 2 second(s)

2022-12-19 19:57:40 - [TEST_STEP][PASSED] - refresh(STOP_ON_FAILURE): Refresh successfully

2022-12-19 19:57:54 - [MESSAGE][PASSED] - Refresh successfully

2022-12-19 19:57:54 - [TEST_STEP][PASSED] - click(findTestObject("09-Settings/Organization/div_Settings")): Object: 'Object Repository/09-Settings/Organization/div_Settings' is clicked on

2022-12-19 19:58:18 - [MESSAGE][PASSED] - Object: 'Object Repository/09-Settings/Organization/div_Settings' is clicked on

2022-12-19 19:58:18 - [TEST_STEP][PASSED] - delay(2): Delayed 2 second(s)

2022-12-19 19:58:20 - [MESSAGE][PASSED] - Delayed 2 second(s)

2022-12-19 19:58:20 - [TEST_STEP][PASSED] - verifyElementVisible(findTestObject("09-Settings/Organization/mat-card_Membership")): Object 'Object Repository/09-Settings/Organization/mat-card_Membership' is visible

2022-12-19 19:58:21 - [MESSAGE][PASSED] - Object 'Object Repository/09-Settings/Organization/mat-card_Membership' is visible

2022-12-19 19:58:21 - [TEST_STEP][PASSED] - verifyElementVisible(findTestObject("09-Settings/Organization/mat-card-title_Membership")): Object 'Object Repository/09-Settings/Organization/mat-card-title_Membership' is visible

2022-12-19 19:58:22 - [MESSAGE][PASSED] - Object 'Object Repository/09-Settings/Organization/mat-card-title_Membership' is visible

2022-12-19 19:58:22 - [TEST_STEP][PASSED] - verifyElementVisible(findTestObject("09-Settings/Organization/div_By enabling this option, all join requests via URL will be automatically approved")): Object 'Object Repository/09-Settings/Organization/div_By enabling this option, all join requests via URL will be automatically approved' is visible

2022-12-19 19:58:24 - [MESSAGE][PASSED] - Object 'Object Repository/09-Settings/Organization/div_By enabling this option, all join requests via URL will be automatically approved' is visible

2022-12-19 19:58:24 - [TEST_STEP][PASSED] - click(findTestObject("09-Settings/Organization/toggle_Enable auto approve")): Object: 'Object Repository/09-Settings/Organization/toggle_Enable auto approve' is clicked on

2022-12-19 19:58:25 - [MESSAGE][PASSED] - Object: 'Object Repository/09-Settings/Organization/toggle_Enable auto approve' is clicked on

2022-12-19 19:58:25 - [TEST_STEP][PASSED] - delay(2): Delayed 2 second(s)

2022-12-19 19:58:27 - [MESSAGE][PASSED] - Delayed 2 second(s)

2022-12-19 19:58:27 - [TEST_STEP][PASSED] - click(findTestObject("09-Settings/Organization/div_Settings")): Object: 'Object Repository/09-Settings/Organization/div_Settings' is clicked on

2022-12-19 19:58:30 - [MESSAGE][PASSED] - Object: 'Object Repository/09-Settings/Organization/div_Settings' is clicked on

2022-12-19 19:58:30 - [TEST_STEP][PASSED] - scrollToElement(findTestObject("09-Settings/Organization/mat-card_Tools"), 0): Scroll to object 'Object Repository/09-Settings/Organization/mat-card_Tools' successfully

2022-12-19 19:58:31 - [MESSAGE][WARNING] - Timeout '0' is invalid. Using default page load timeout: '30'

2022-12-19 19:58:32 - [MESSAGE][PASSED] - Scroll to object 'Object Repository/09-Settings/Organization/mat-card_Tools' successfully

2022-12-19 19:58:32 - [TEST_STEP][PASSED] - verifyElementVisible(findTestObject("09-Settings/Organization/mat-card_Tools")): Object 'Object Repository/09-Settings/Organization/mat-card_Tools' is visible

2022-12-19 19:58:33 - [MESSAGE][PASSED] - Object 'Object Repository/09-Settings/Organization/mat-card_Tools' is visible

2022-12-19 19:58:33 - [TEST_STEP][PASSED] - verifyElementVisible(findTestObject("09-Settings/Organization/mat-card-title_Tools")): Object 'Object Repository/09-Settings/Organization/mat-card-title_Tools' is visible

2022-12-19 19:58:34 - [MESSAGE][PASSED] - Object 'Object Repository/09-Settings/Organization/mat-card-title_Tools' is visible

2022-12-19 19:58:34 - [TEST_STEP][PASSED] - verifyElementVisible(findTestObject("09-Settings/Organization/div_Enable or disable tools by clicking on the toggle")): Object 'Object Repository/09-Settings/Organization/div_Enable or disable tools by clicking on the toggle' is visible

2022-12-19 19:58:35 - [MESSAGE][PASSED] - Object 'Object Repository/09-Settings/Organization/div_Enable or disable tools by clicking on the toggle' is visible

2022-12-19 19:58:35 - [TEST_STEP][PASSED] - click(findTestObject("09-Settings/Organization/toggle_EL Net")): Object: 'Object Repository/09-Settings/Organization/toggle_EL Net' is clicked on

2022-12-19 19:58:36 - [MESSAGE][PASSED] - Object: 'Object Repository/09-Settings/Organization/toggle_EL Net' is clicked on

2022-12-19 19:58:36 - [TEST_STEP][PASSED] - verifyElementVisible(findTestObject("09-Settings/Organization/snack-bar-container_ELNet tool disabled.OK")): Object 'Object Repository/09-Settings/Organization/snack-bar-container_ELNet tool disabled.OK' is visible

2022-12-19 19:58:38 - [MESSAGE][PASSED] - Object 'Object Repository/09-Settings/Organization/snack-bar-container_ELNet tool disabled.OK' is visible

2022-12-19 19:58:38 - [TEST_STEP][PASSED] - delay(3): Delayed 3 second(s)

2022-12-19 19:58:41 - [MESSAGE][PASSED] - Delayed 3 second(s)

2022-12-19 19:58:41 - [TEST_STEP][PASSED] - click(findTestObject("09-Settings/Organization/toggle_EL Sign")): Object: 'Object Repository/09-Settings/Organization/toggle_EL Sign' is clicked on

2022-12-19 19:58:42 - [MESSAGE][PASSED] - Object: 'Object Repository/09-Settings/Organization/toggle_EL Sign' is clicked on

2022-12-19 19:58:42 - [TEST_STEP][PASSED] - verifyElementVisible(findTestObject("09-Settings/Organization/snack-bar-container_ELSign tool disabled.OK")): Object 'Object Repository/09-Settings/Organization/snack-bar-container_ELSign tool disabled.OK' is visible

2022-12-19 19:58:45 - [MESSAGE][PASSED] - Object 'Object Repository/09-Settings/Organization/snack-bar-container_ELSign tool disabled.OK' is visible

2022-12-19 19:58:45 - [TEST_STEP][PASSED] - delay(3): Delayed 3 second(s)

2022-12-19 19:58:48 - [MESSAGE][PASSED] - Delayed 3 second(s)

2022-12-19 19:58:48 - [TEST_STEP][PASSED] - click(findTestObject("09-Settings/Organization/toggle_EL HealthCheck")): Object: 'Object Repository/09-Settings/Organization/toggle_EL HealthCheck' is clicked on

2022-12-19 19:58:49 - [MESSAGE][PASSED] - Object: 'Object Repository/09-Settings/Organization/toggle_EL HealthCheck' is clicked on

2022-12-19 19:58:49 - [TEST_STEP][PASSED] - verifyElementVisible(findTestObject("09-Settings/Organization/snack-bar-container_EL HealthCheck tool enabled.OK")): Object 'Object Repository/09-Settings/Organization/snack-bar-container_EL HealthCheck tool enabled.OK' is visible

2022-12-19 19:58:50 - [MESSAGE][PASSED] - Object 'Object Repository/09-Settings/Organization/snack-bar-container_EL HealthCheck tool enabled.OK' is visible

2022-12-19 19:58:50 - [TEST_STEP][PASSED] - delay(3): Delayed 3 second(s)

2022-12-19 19:58:53 - [MESSAGE][PASSED] - Delayed 3 second(s)

2022-12-19 19:58:53 - [TEST_STEP][PASSED] - click(findTestObject("09-Settings/Organization/toggle_Income and expense")): Object: 'Object Repository/09-Settings/Organization/toggle_Income and expense' is clicked on

2022-12-19 19:58:55 - [MESSAGE][PASSED] - Object: 'Object Repository/09-Settings/Organization/toggle_Income and expense' is clicked on

2022-12-19 19:58:55 - [TEST_STEP][PASSED] - verifyElementVisible(findTestObject("09-Settings/Organization/snack-bar-container_Income and Expense tool disabled.OK")): Object 'Object Repository/09-Settings/Organization/snack-bar-container_Income and Expense tool disabled.OK' is visible

2022-12-19 19:58:57 - [MESSAGE][PASSED] - Object 'Object Repository/09-Settings/Organization/snack-bar-container_Income and Expense tool disabled.OK' is visible

2022-12-19 19:58:57 - [TEST_STEP][PASSED] - delay(3): Delayed 3 second(s)

2022-12-19 19:59:00 - [MESSAGE][PASSED] - Delayed 3 second(s)

2022-12-19 19:59:00 - [TEST_STEP][PASSED] - click(findTestObject("09-Settings/Organization/toggle_PDF Converter")): Object: 'Object Repository/09-Settings/Organization/toggle_PDF Converter' is clicked on

2022-12-19 19:59:01 - [MESSAGE][PASSED] - Object: 'Object Repository/09-Settings/Organization/toggle_PDF Converter' is clicked on

2022-12-19 19:59:01 - [TEST_STEP][PASSED] - verifyElementVisible(findTestObject("09-Settings/Organization/snack-bar-container_PDF Converter tool disabled.OK")): Object 'Object Repository/09-Settings/Organization/snack-bar-container_PDF Converter tool disabled.OK' is visible

2022-12-19 19:59:02 - [MESSAGE][PASSED] - Object 'Object Repository/09-Settings/Organization/snack-bar-container_PDF Converter tool disabled.OK' is visible

2022-12-19 19:59:02 - [TEST_STEP][PASSED] - delay(3): Delayed 3 second(s)

2022-12-19 19:59:05 - [MESSAGE][PASSED] - Delayed 3 second(s)

2022-12-19 19:59:05 - [TEST_STEP][PASSED] - click(findTestObject("09-Settings/Organization/toggle_EL Net")): Object: 'Object Repository/09-Settings/Organization/toggle_EL Net' is clicked on

2022-12-19 19:59:08 - [MESSAGE][PASSED] - Object: 'Object Repository/09-Settings/Organization/toggle_EL Net' is clicked on

2022-12-19 19:59:08 - [TEST_STEP][PASSED] - verifyElementVisible(findTestObject("09-Settings/Organization/snack-bar-container_ELNet tool enabled.OK")): Object 'Object Repository/09-Settings/Organization/snack-bar-container_ELNet tool enabled.OK' is visible

2022-12-19 19:59:26 - [MESSAGE][PASSED] - Object 'Object Repository/09-Settings/Organization/snack-bar-container_ELNet tool enabled.OK' is visible

2022-12-19 19:59:26 - [TEST_STEP][PASSED] - delay(3): Delayed 3 second(s)

2022-12-19 19:59:29 - [MESSAGE][PASSED] - Delayed 3 second(s)

2022-12-19 19:59:29 - [TEST_STEP][PASSED] - click(findTestObject("09-Settings/Organization/toggle_EL Sign")): Object: 'Object Repository/09-Settings/Organization/toggle_EL Sign' is clicked on

2022-12-19 19:59:31 - [MESSAGE][PASSED] - Object: 'Object Repository/09-Settings/Organization/toggle_EL Sign' is clicked on

2022-12-19 19:59:31 - [TEST_STEP][PASSED] - verifyElementVisible(findTestObject("09-Settings/Organization/snack-bar-container_ELSign tool enabled.OK")): Object 'Object Repository/09-Settings/Organization/snack-bar-container_ELSign tool enabled.OK' is visible

2022-12-19 19:59:34 - [MESSAGE][PASSED] - Object 'Object Repository/09-Settings/Organization/snack-bar-container_ELSign tool enabled.OK' is visible

2022-12-19 19:59:34 - [TEST_STEP][PASSED] - delay(3): Delayed 3 second(s)

2022-12-19 19:59:37 - [MESSAGE][PASSED] - Delayed 3 second(s)

2022-12-19 19:59:37 - [TEST_STEP][PASSED] - click(findTestObject("09-Settings/Organization/toggle_EL HealthCheck")): Object: 'Object Repository/09-Settings/Organization/toggle_EL HealthCheck' is clicked on

2022-12-19 19:59:41 - [MESSAGE][PASSED] - Object: 'Object Repository/09-Settings/Organization/toggle_EL HealthCheck' is clicked on

2022-12-19 19:59:41 - [TEST_STEP][PASSED] - verifyElementVisible(findTestObject("09-Settings/Organization/snack-bar-container_EL HealthCheck tool disabled.OK")): Object 'Object Repository/09-Settings/Organization/snack-bar-container_EL HealthCheck tool disabled.OK' is visible

2022-12-19 20:00:00 - [MESSAGE][PASSED] - Object 'Object Repository/09-Settings/Organization/snack-bar-container_EL HealthCheck tool disabled.OK' is visible

2022-12-19 20:00:00 - [TEST_STEP][PASSED] - delay(3): Delayed 3 second(s)

2022-12-19 20:00:03 - [MESSAGE][PASSED] - Delayed 3 second(s)

2022-12-19 20:00:03 - [TEST_STEP][PASSED] - click(findTestObject("09-Settings/Organization/toggle_Income and expense")): Object: 'Object Repository/09-Settings/Organization/toggle_Income and expense' is clicked on

2022-12-19 20:00:04 - [MESSAGE][PASSED] - Object: 'Object Repository/09-Settings/Organization/toggle_Income and expense' is clicked on

2022-12-19 20:00:04 - [TEST_STEP][PASSED] - verifyElementVisible(findTestObject("09-Settings/Organization/snack-bar-container_Income and Expense tool enabled.OK")): Object 'Object Repository/09-Settings/Organization/snack-bar-container_Income and Expense tool enabled.OK' is visible

2022-12-19 20:00:07 - [MESSAGE][PASSED] - Object 'Object Repository/09-Settings/Organization/snack-bar-container_Income and Expense tool enabled.OK' is visible

2022-12-19 20:00:07 - [TEST_STEP][PASSED] - delay(3): Delayed 3 second(s)

2022-12-19 20:00:10 - [MESSAGE][PASSED] - Delayed 3 second(s)

2022-12-19 20:00:10 - [TEST_STEP][PASSED] - click(findTestObject("09-Settings/Organization/toggle_PDF Converter")): Object: 'Object Repository/09-Settings/Organization/toggle_PDF Converter' is clicked on

2022-12-19 20:00:12 - [MESSAGE][PASSED] - Object: 'Object Repository/09-Settings/Organization/toggle_PDF Converter' is clicked on

2022-12-19 20:00:12 - [TEST_STEP][PASSED] - verifyElementVisible(findTestObject("09-Settings/Organization/snack-bar-container_PDF Converter tool enabled.OK")): Object 'Object Repository/09-Settings/Organization/snack-bar-container_PDF Converter tool enabled.OK' is visible

2022-12-19 20:00:15 - [MESSAGE][PASSED] - Object 'Object Repository/09-Settings/Organization/snack-bar-container_PDF Converter tool enabled.OK' is visible]]></system-out>
         <system-err><![CDATA[]]></system-err>
      </testcase>
      <testcase name="Test Cases/09-Settings/25 - Organization - Delete Organization" time="42.686" classname="Test Cases/09-Settings/25 - Organization - Delete Organization" status="PASSED">
         <system-out><![CDATA[2022-12-19 20:00:16 - [TEST_CASE][PASSED] - Test Cases/09-Settings/25 - Organization - Delete Organization: Test Cases/09-Settings/25 - Organization - Delete Organization

2022-12-19 20:00:23 - [TEST_STEP][PASSED] - delay(3): Delayed 3 second(s)

2022-12-19 20:00:26 - [MESSAGE][PASSED] - Delayed 3 second(s)

2022-12-19 20:00:26 - [TEST_STEP][PASSED] - scrollToElement(findTestObject("09-Settings/Organization/div_Profile"), 0): Scroll to object 'Object Repository/09-Settings/Organization/div_Profile' successfully

2022-12-19 20:00:26 - [MESSAGE][WARNING] - Timeout '0' is invalid. Using default page load timeout: '30'

2022-12-19 20:00:26 - [MESSAGE][PASSED] - Scroll to object 'Object Repository/09-Settings/Organization/div_Profile' successfully

2022-12-19 20:00:26 - [TEST_STEP][PASSED] - click(findTestObject("09-Settings/Organization/div_Profile")): Object: 'Object Repository/09-Settings/Organization/div_Profile' is clicked on

2022-12-19 20:00:30 - [MESSAGE][PASSED] - Object: 'Object Repository/09-Settings/Organization/div_Profile' is clicked on

2022-12-19 20:00:30 - [TEST_STEP][PASSED] - delay(3): Delayed 3 second(s)

2022-12-19 20:00:33 - [MESSAGE][PASSED] - Delayed 3 second(s)

2022-12-19 20:00:33 - [TEST_STEP][PASSED] - verifyElementVisible(findTestObject("09-Settings/Organization/mat-card_Profile")): Object 'Object Repository/09-Settings/Organization/mat-card_Profile' is visible

2022-12-19 20:00:34 - [MESSAGE][PASSED] - Object 'Object Repository/09-Settings/Organization/mat-card_Profile' is visible

2022-12-19 20:00:34 - [TEST_STEP][PASSED] - verifyElementVisible(findTestObject("09-Settings/Organization/mat-card_Address")): Object 'Object Repository/09-Settings/Organization/mat-card_Address' is visible

2022-12-19 20:00:35 - [MESSAGE][PASSED] - Object 'Object Repository/09-Settings/Organization/mat-card_Address' is visible

2022-12-19 20:00:35 - [TEST_STEP][PASSED] - verifyElementVisible(findTestObject("09-Settings/Organization/mat-card_Contact")): Object 'Object Repository/09-Settings/Organization/mat-card_Contact' is visible

2022-12-19 20:00:37 - [MESSAGE][PASSED] - Object 'Object Repository/09-Settings/Organization/mat-card_Contact' is visible

2022-12-19 20:00:37 - [TEST_STEP][PASSED] - delay(5): Delayed 5 second(s)

2022-12-19 20:00:42 - [MESSAGE][PASSED] - Delayed 5 second(s)

2022-12-19 20:00:42 - [TEST_STEP][PASSED] - click(findTestObject("09-Settings/Organization/button_Delete Organization")): Object: 'Object Repository/09-Settings/Organization/button_Delete Organization' is clicked on

2022-12-19 20:00:43 - [MESSAGE][PASSED] - Object: 'Object Repository/09-Settings/Organization/button_Delete Organization' is clicked on

2022-12-19 20:00:43 - [TEST_STEP][PASSED] - delay(4): Delayed 4 second(s)

2022-12-19 20:00:47 - [MESSAGE][PASSED] - Delayed 4 second(s)

2022-12-19 20:00:47 - [TEST_STEP][PASSED] - closeBrowser(): Browser is closed

2022-12-19 20:00:58 - [MESSAGE][PASSED] - Browser is closed]]></system-out>
         <system-err><![CDATA[]]></system-err>
      </testcase>
      <system-out><![CDATA[2022-12-19 19:52:37 - [TEST_SUITE][PASSED] - 09.5 - Settings (Organization): Test Cases/09-Settings/25 - Organization - Delete Organization]]></system-out>
      <system-err><![CDATA[]]></system-err>
   </testsuite>
</testsuites>
