<?xml version="1.0" encoding="UTF-8"?>
<testsuites name="01-Login and Forgot Password" time="169.803" tests="8" failures="0" errors="0">
   <testsuite name="01-Login and Forgot Password" tests="8" failures="0" errors="0" time="169.803" skipped="0" timestamp="2022-04-06 14:00:44" hostname="User - DESKTOP-QCRNR4M" id="Test Suites/TS-Organization/01-Login and Forgot Password">
      <properties>
         <property name="deviceName" value=""/>
         <property name="devicePlatform" value=""/>
         <property name="logFolder" value="C:\\Users\\User\\Katalon Studio\\EverleaguesMain\\Reports\\20220406_140042\\TS-Organization\\01-Login and Forgot Password\\20220406_140042"/>
         <property name="logFiles" value="C:\\Users\\User\\Katalon Studio\\EverleaguesMain\\Reports\\20220406_140042\\TS-Organization\\01-Login and Forgot Password\\20220406_140042\\execution0.log"/>
         <property name="attachments" value=""/>
         <property name="hostName" value="User - DESKTOP-QCRNR4M"/>
         <property name="os" value="Windows 10 64bit"/>
         <property name="katalonVersion" value="8.2.5.208"/>
         <property name="browser" value="Chrome 100.0.4896.75"/>
         <property name="hostAddress" value="192.168.5.83"/>
         <property name="sessionId" value="3efd7f66e0bbf6f6e89cb3f9bd116d50"/>
         <property name="seleniumVersion" value="3.141.59"/>
         <property name="proxyInformation" value="ProxyInformation { proxyOption=NO_PROXY, proxyServerType=HTTP, username=, password=********, proxyServerAddress=, proxyServerPort=0, executionList=&quot;&quot;, isApplyToDesiredCapabilities=true }"/>
         <property name="platform" value="Windows 10"/>
      </properties>
      <testcase name="Test Cases/01-Login and Forgot Password/01-Login(Credentials Blank)" time="40.463" classname="Test Cases/01-Login and Forgot Password/01-Login(Credentials Blank)" status="PASSED">
         <system-out><![CDATA[2022-04-06 14:00:45 - [TEST_CASE][PASSED] - Test Cases/01-Login and Forgot Password/01-Login(Credentials Blank): Test Cases/01-Login and Forgot Password/01-Login(Credentials Blank)

2022-04-06 14:00:45 - [TEST_STEP][PASSED] - openBrowser(""): Browser is opened with url: ''

2022-04-06 14:00:45 - [MESSAGE][INFO] - Starting 'Chrome' driver

2022-04-06 14:00:45 - [MESSAGE][INFO] - Action delay is set to 0 milliseconds

2022-04-06 14:00:47 - [MESSAGE][PASSED] - Browser is opened with url: ''

2022-04-06 14:00:47 - [TEST_STEP][PASSED] - navigateToUrl("https://lab.everleagues.com/"): Navigate to 'https://lab.everleagues.com/' successfully

2022-04-06 14:01:19 - [MESSAGE][PASSED] - Navigate to 'https://lab.everleagues.com/' successfully

2022-04-06 14:01:19 - [TEST_STEP][PASSED] - maximizeWindow(): Current window maximized

2022-04-06 14:01:19 - [MESSAGE][PASSED] - Current window maximized

2022-04-06 14:01:19 - [TEST_STEP][PASSED] - verifyElementPresent(findTestObject("01-Login and Forgot Password/Login_Card"), 0): Object 'Object Repository/01-Login and Forgot Password/Login_Card' is present

2022-04-06 14:01:19 - [MESSAGE][WARNING] - Timeout '0' is invalid. Using default page load timeout: '30'

2022-04-06 14:01:20 - [MESSAGE][PASSED] - Object 'Object Repository/01-Login and Forgot Password/Login_Card' is present

2022-04-06 14:01:20 - [TEST_STEP][PASSED] - delay(2): Delayed 2 second(s)

2022-04-06 14:01:22 - [MESSAGE][PASSED] - Delayed 2 second(s)

2022-04-06 14:01:22 - [TEST_STEP][PASSED] - verifyElementNotClickable(findTestObject("01-Login and Forgot Password/button_Sign in")): Object 'Object Repository/01-Login and Forgot Password/button_Sign in' is NOT clickable

2022-04-06 14:01:22 - [MESSAGE][PASSED] - Object 'Object Repository/01-Login and Forgot Password/button_Sign in' is NOT clickable

2022-04-06 14:01:22 - [TEST_STEP][PASSED] - delay(3): Delayed 3 second(s)

2022-04-06 14:01:25 - [MESSAGE][PASSED] - Delayed 3 second(s)]]></system-out>
         <system-err><![CDATA[]]></system-err>
      </testcase>
      <testcase name="Test Cases/01-Login and Forgot Password/02-Login(Wrong Email)" time="11.49" classname="Test Cases/01-Login and Forgot Password/02-Login(Wrong Email)" status="PASSED">
         <system-out><![CDATA[2022-04-06 14:01:25 - [TEST_CASE][PASSED] - Test Cases/01-Login and Forgot Password/02-Login(Wrong Email): Test Cases/01-Login and Forgot Password/02-Login(Wrong Email)

2022-04-06 14:01:25 - [TEST_STEP][PASSED] - setText(findTestObject("01-Login and Forgot Password/input_Email_email"), "unregisteredemail@test.com"): Text 'unregisteredemail@test.com' is set on object 'Object Repository/01-Login and Forgot Password/input_Email_email'

2022-04-06 14:01:26 - [MESSAGE][PASSED] - Text 'unregisteredemail@test.com' is set on object 'Object Repository/01-Login and Forgot Password/input_Email_email'

2022-04-06 14:01:26 - [TEST_STEP][PASSED] - setEncryptedText(findTestObject("01-Login and Forgot Password/input_Email_password"), "pUQNV8a0dCQ="): Text ****** has been set on object 'Object Repository/01-Login and Forgot Password/input_Email_password'

2022-04-06 14:01:27 - [MESSAGE][PASSED] - Text ****** has been set on object 'Object Repository/01-Login and Forgot Password/input_Email_password'

2022-04-06 14:01:27 - [TEST_STEP][PASSED] - delay(3): Delayed 3 second(s)

2022-04-06 14:01:30 - [MESSAGE][PASSED] - Delayed 3 second(s)

2022-04-06 14:01:30 - [TEST_STEP][PASSED] - click(findTestObject("01-Login and Forgot Password/button_Sign in")): Object: 'Object Repository/01-Login and Forgot Password/button_Sign in' is clicked on

2022-04-06 14:01:30 - [MESSAGE][PASSED] - Object: 'Object Repository/01-Login and Forgot Password/button_Sign in' is clicked on

2022-04-06 14:01:30 - [TEST_STEP][PASSED] - delay(3): Delayed 3 second(s)

2022-04-06 14:01:33 - [MESSAGE][PASSED] - Delayed 3 second(s)

2022-04-06 14:01:33 - [TEST_STEP][PASSED] - verifyElementPresent(findTestObject("01-Login and Forgot Password/Invalid email error"), 0): Object 'Object Repository/01-Login and Forgot Password/Invalid email error' is present

2022-04-06 14:01:33 - [MESSAGE][WARNING] - Timeout '0' is invalid. Using default page load timeout: '30'

2022-04-06 14:01:34 - [MESSAGE][PASSED] - Object 'Object Repository/01-Login and Forgot Password/Invalid email error' is present

2022-04-06 14:01:34 - [TEST_STEP][PASSED] - delay(3): Delayed 3 second(s)

2022-04-06 14:01:37 - [MESSAGE][PASSED] - Delayed 3 second(s)]]></system-out>
         <system-err><![CDATA[]]></system-err>
      </testcase>
      <testcase name="Test Cases/01-Login and Forgot Password/03-Login(Valid email, wrong pass)" time="14.335" classname="Test Cases/01-Login and Forgot Password/03-Login(Valid email, wrong pass)" status="PASSED">
         <system-out><![CDATA[2022-04-06 14:01:37 - [TEST_CASE][PASSED] - Test Cases/01-Login and Forgot Password/03-Login(Valid email, wrong pass): Test Cases/01-Login and Forgot Password/03-Login(Valid email, wrong pass)

2022-04-06 14:01:37 - [TEST_STEP][PASSED] - setText(findTestObject("01-Login and Forgot Password/input_Email_email"), "testuser01@mailinator.com"): Text 'testuser01@mailinator.com' is set on object 'Object Repository/01-Login and Forgot Password/input_Email_email'

2022-04-06 14:01:38 - [MESSAGE][PASSED] - Text 'testuser01@mailinator.com' is set on object 'Object Repository/01-Login and Forgot Password/input_Email_email'

2022-04-06 14:01:38 - [TEST_STEP][PASSED] - setEncryptedText(findTestObject("01-Login and Forgot Password/input_Email_password"), "OxgQgnWTiECE3BxjMAl2ng=="): Text ****** has been set on object 'Object Repository/01-Login and Forgot Password/input_Email_password'

2022-04-06 14:01:39 - [MESSAGE][PASSED] - Text ****** has been set on object 'Object Repository/01-Login and Forgot Password/input_Email_password'

2022-04-06 14:01:39 - [TEST_STEP][PASSED] - delay(2): Delayed 2 second(s)

2022-04-06 14:01:41 - [MESSAGE][PASSED] - Delayed 2 second(s)

2022-04-06 14:01:41 - [TEST_STEP][PASSED] - click(findTestObject("01-Login and Forgot Password/show pass button")): Object: 'Object Repository/01-Login and Forgot Password/show pass button' is clicked on

2022-04-06 14:01:41 - [MESSAGE][PASSED] - Object: 'Object Repository/01-Login and Forgot Password/show pass button' is clicked on

2022-04-06 14:01:41 - [TEST_STEP][PASSED] - delay(3): Delayed 3 second(s)

2022-04-06 14:01:44 - [MESSAGE][PASSED] - Delayed 3 second(s)

2022-04-06 14:01:44 - [TEST_STEP][PASSED] - click(findTestObject("01-Login and Forgot Password/button_Sign in")): Object: 'Object Repository/01-Login and Forgot Password/button_Sign in' is clicked on

2022-04-06 14:01:44 - [MESSAGE][PASSED] - Object: 'Object Repository/01-Login and Forgot Password/button_Sign in' is clicked on

2022-04-06 14:01:44 - [TEST_STEP][PASSED] - delay(3): Delayed 3 second(s)

2022-04-06 14:01:47 - [MESSAGE][PASSED] - Delayed 3 second(s)

2022-04-06 14:01:47 - [TEST_STEP][PASSED] - verifyElementPresent(findTestObject("01-Login and Forgot Password/Invalid user name or password"), 0): Object 'Object Repository/01-Login and Forgot Password/Invalid user name or password' is present

2022-04-06 14:01:48 - [MESSAGE][WARNING] - Timeout '0' is invalid. Using default page load timeout: '30'

2022-04-06 14:01:48 - [MESSAGE][PASSED] - Object 'Object Repository/01-Login and Forgot Password/Invalid user name or password' is present

2022-04-06 14:01:48 - [TEST_STEP][PASSED] - delay(3): Delayed 3 second(s)

2022-04-06 14:01:51 - [MESSAGE][PASSED] - Delayed 3 second(s)]]></system-out>
         <system-err><![CDATA[]]></system-err>
      </testcase>
      <testcase name="Test Cases/01-Login and Forgot Password/04-Login (valid credentials)" time="57.915" classname="Test Cases/01-Login and Forgot Password/04-Login (valid credentials)" status="PASSED">
         <system-out><![CDATA[2022-04-06 14:01:51 - [TEST_CASE][PASSED] - Test Cases/01-Login and Forgot Password/04-Login (valid credentials): Test Cases/01-Login and Forgot Password/04-Login (valid credentials)

2022-04-06 14:01:51 - [TEST_STEP][PASSED] - setText(findTestObject("01-Login and Forgot Password/input_Email_email"), "testuser01@mailinator.com"): Text 'testuser01@mailinator.com' is set on object 'Object Repository/01-Login and Forgot Password/input_Email_email'

2022-04-06 14:01:52 - [MESSAGE][PASSED] - Text 'testuser01@mailinator.com' is set on object 'Object Repository/01-Login and Forgot Password/input_Email_email'

2022-04-06 14:01:52 - [TEST_STEP][PASSED] - setEncryptedText(findTestObject("01-Login and Forgot Password/input_Email_password2"), "8yFRyszE6U6jvsCn51OQbg=="): Text ****** has been set on object 'Object Repository/01-Login and Forgot Password/input_Email_password2'

2022-04-06 14:01:52 - [MESSAGE][PASSED] - Text ****** has been set on object 'Object Repository/01-Login and Forgot Password/input_Email_password2'

2022-04-06 14:01:52 - [TEST_STEP][PASSED] - delay(2): Delayed 2 second(s)

2022-04-06 14:01:54 - [MESSAGE][PASSED] - Delayed 2 second(s)

2022-04-06 14:01:54 - [TEST_STEP][PASSED] - click(findTestObject("01-Login and Forgot Password/show pass button")): Object: 'Object Repository/01-Login and Forgot Password/show pass button' is clicked on

2022-04-06 14:01:55 - [MESSAGE][PASSED] - Object: 'Object Repository/01-Login and Forgot Password/show pass button' is clicked on

2022-04-06 14:01:55 - [TEST_STEP][PASSED] - delay(3): Delayed 3 second(s)

2022-04-06 14:01:58 - [MESSAGE][PASSED] - Delayed 3 second(s)

2022-04-06 14:01:58 - [TEST_STEP][PASSED] - click(findTestObject("01-Login and Forgot Password/button_Sign in")): Object: 'Object Repository/01-Login and Forgot Password/button_Sign in' is clicked on

2022-04-06 14:01:58 - [MESSAGE][PASSED] - Object: 'Object Repository/01-Login and Forgot Password/button_Sign in' is clicked on

2022-04-06 14:01:58 - [TEST_STEP][PASSED] - delay(3): Delayed 3 second(s)

2022-04-06 14:02:01 - [MESSAGE][PASSED] - Delayed 3 second(s)

2022-04-06 14:02:01 - [TEST_STEP][PASSED] - click(findTestObject("06-Teams/For 2FA/button_Confirm_2FA")): Object: 'Object Repository/06-Teams/For 2FA/button_Confirm_2FA' is clicked on

2022-04-06 14:02:02 - [MESSAGE][PASSED] - Object: 'Object Repository/06-Teams/For 2FA/button_Confirm_2FA' is clicked on

2022-04-06 14:02:02 - [TEST_STEP][PASSED] - executeJavaScript("window.open();", []): Execute JavaScript 'window.open();' successfully

2022-04-06 14:02:02 - [MESSAGE][PASSED] - Execute JavaScript 'window.open();' successfully

2022-04-06 14:02:02 - [TEST_STEP][PASSED] - currentWindow = getWindowIndex(): Current window's index is: 0

2022-04-06 14:02:02 - [MESSAGE][PASSED] - Current window's index is: 0

2022-04-06 14:02:02 - [TEST_STEP][PASSED] - delay(3): Delayed 3 second(s)

2022-04-06 14:02:05 - [MESSAGE][PASSED] - Delayed 3 second(s)

2022-04-06 14:02:05 - [TEST_STEP][PASSED] - switchToWindowIndex(currentWindow + 1): Switched to window with index: '1'

2022-04-06 14:02:05 - [MESSAGE][PASSED] - Switched to window with index: '1'

2022-04-06 14:02:05 - [TEST_STEP][PASSED] - navigateToUrl("https://www.mailinator.com/"): Navigate to 'https://www.mailinator.com/' successfully

2022-04-06 14:02:07 - [MESSAGE][PASSED] - Navigate to 'https://www.mailinator.com/' successfully

2022-04-06 14:02:07 - [TEST_STEP][PASSED] - delay(3): Delayed 3 second(s)

2022-04-06 14:02:10 - [MESSAGE][PASSED] - Delayed 3 second(s)

2022-04-06 14:02:10 - [TEST_STEP][PASSED] - setText(findTestObject("00-Signup and Activation/zMailinator/input_LOGIN_search"), "testuser01@mailinator.com"): Text 'testuser01@mailinator.com' is set on object 'Object Repository/00-Signup and Activation/zMailinator/input_LOGIN_search'

2022-04-06 14:02:11 - [MESSAGE][PASSED] - Text 'testuser01@mailinator.com' is set on object 'Object Repository/00-Signup and Activation/zMailinator/input_LOGIN_search'

2022-04-06 14:02:11 - [TEST_STEP][PASSED] - click(findTestObject("00-Signup and Activation/zMailinator/gobutton"), STOP_ON_FAILURE): Object: 'Object Repository/00-Signup and Activation/zMailinator/gobutton' is clicked on

2022-04-06 14:02:12 - [MESSAGE][PASSED] - Object: 'Object Repository/00-Signup and Activation/zMailinator/gobutton' is clicked on

2022-04-06 14:02:12 - [TEST_STEP][PASSED] - delay(3): Delayed 3 second(s)

2022-04-06 14:02:15 - [MESSAGE][PASSED] - Delayed 3 second(s)

2022-04-06 14:02:15 - [TEST_STEP][PASSED] - click(findTestObject("00-Signup and Activation/zMailinator/Email - everleagues")): Object: 'Object Repository/00-Signup and Activation/zMailinator/Email - everleagues' is clicked on

2022-04-06 14:02:16 - [MESSAGE][PASSED] - Object: 'Object Repository/00-Signup and Activation/zMailinator/Email - everleagues' is clicked on

2022-04-06 14:02:16 - [TEST_STEP][PASSED] - delay(3): Delayed 3 second(s)

2022-04-06 14:02:19 - [MESSAGE][PASSED] - Delayed 3 second(s)

2022-04-06 14:02:19 - [TEST_STEP][PASSED] - code = getText(findTestObject("Object Repository/06-Teams/For 2FA/2FA code")): Text of object 'Object Repository/06-Teams/For 2FA/2FA code' is: '478054'

2022-04-06 14:02:19 - [MESSAGE][PASSED] - Text of object 'Object Repository/06-Teams/For 2FA/2FA code' is: '478054'

2022-04-06 14:02:19 - [TEST_STEP][PASSED] - delay(3): Delayed 3 second(s)

2022-04-06 14:02:22 - [MESSAGE][PASSED] - Delayed 3 second(s)

2022-04-06 14:02:22 - [TEST_STEP][PASSED] - closeWindowTitle("Mailinator"): Window with title: 'Mailinator' is closed

2022-04-06 14:02:23 - [MESSAGE][PASSED] - Window with title: 'Mailinator' is closed

2022-04-06 14:02:23 - [TEST_STEP][PASSED] - delay(3): Delayed 3 second(s)

2022-04-06 14:02:26 - [MESSAGE][PASSED] - Delayed 3 second(s)

2022-04-06 14:02:26 - [TEST_STEP][PASSED] - switchToWindowIndex(0): Switched to window with index: '0'

2022-04-06 14:02:26 - [MESSAGE][PASSED] - Switched to window with index: '0'

2022-04-06 14:02:26 - [TEST_STEP][PASSED] - delay(3): Delayed 3 second(s)

2022-04-06 14:02:29 - [MESSAGE][PASSED] - Delayed 3 second(s)

2022-04-06 14:02:29 - [TEST_STEP][PASSED] - setText(findTestObject("Object Repository/06-Teams/For 2FA/input_Enter verification code_code"), code): Text '478054' is set on object 'Object Repository/06-Teams/For 2FA/input_Enter verification code_code'

2022-04-06 14:02:29 - [MESSAGE][PASSED] - Text '478054' is set on object 'Object Repository/06-Teams/For 2FA/input_Enter verification code_code'

2022-04-06 14:02:29 - [TEST_STEP][PASSED] - delay(3): Delayed 3 second(s)

2022-04-06 14:02:32 - [MESSAGE][PASSED] - Delayed 3 second(s)

2022-04-06 14:02:32 - [TEST_STEP][PASSED] - click(findTestObject("06-Teams/For 2FA/button_Verify_2FA")): Object: 'Object Repository/06-Teams/For 2FA/button_Verify_2FA' is clicked on

2022-04-06 14:02:33 - [MESSAGE][PASSED] - Object: 'Object Repository/06-Teams/For 2FA/button_Verify_2FA' is clicked on

2022-04-06 14:02:33 - [TEST_STEP][PASSED] - delay(5): Delayed 5 second(s)

2022-04-06 14:02:38 - [MESSAGE][PASSED] - Delayed 5 second(s)

2022-04-06 14:02:38 - [TEST_STEP][PASSED] - verifyElementPresent(findTestObject("01-Login and Forgot Password/h4_EVERLEAGUES (v0.11.16 build 324)"), 0): Object 'Object Repository/01-Login and Forgot Password/h4_EVERLEAGUES (v0.11.16 build 324)' is present

2022-04-06 14:02:38 - [MESSAGE][WARNING] - Timeout '0' is invalid. Using default page load timeout: '30'

2022-04-06 14:02:39 - [MESSAGE][PASSED] - Object 'Object Repository/01-Login and Forgot Password/h4_EVERLEAGUES (v0.11.16 build 324)' is present

2022-04-06 14:02:39 - [TEST_STEP][PASSED] - delay(10): Delayed 10 second(s)

2022-04-06 14:02:49 - [MESSAGE][PASSED] - Delayed 10 second(s)]]></system-out>
         <system-err><![CDATA[]]></system-err>
      </testcase>
      <testcase name="Test Cases/01-Login and Forgot Password/05-Logout" time="8.466" classname="Test Cases/01-Login and Forgot Password/05-Logout" status="PASSED">
         <system-out><![CDATA[2022-04-06 14:02:49 - [TEST_CASE][PASSED] - Test Cases/01-Login and Forgot Password/05-Logout: Test Cases/01-Login and Forgot Password/05-Logout

2022-04-06 14:02:49 - [TEST_STEP][PASSED] - click(findTestObject("01-Login and Forgot Password/User menu drop")): Object: 'Object Repository/01-Login and Forgot Password/User menu drop' is clicked on

2022-04-06 14:02:50 - [MESSAGE][PASSED] - Object: 'Object Repository/01-Login and Forgot Password/User menu drop' is clicked on

2022-04-06 14:02:50 - [TEST_STEP][PASSED] - delay(2): Delayed 2 second(s)

2022-04-06 14:02:52 - [MESSAGE][PASSED] - Delayed 2 second(s)

2022-04-06 14:02:52 - [TEST_STEP][PASSED] - click(findTestObject("01-Login and Forgot Password/h4_Sign Out"), STOP_ON_FAILURE): Object: 'Object Repository/01-Login and Forgot Password/h4_Sign Out' is clicked on

2022-04-06 14:02:52 - [MESSAGE][PASSED] - Object: 'Object Repository/01-Login and Forgot Password/h4_Sign Out' is clicked on

2022-04-06 14:02:52 - [TEST_STEP][PASSED] - delay(2): Delayed 2 second(s)

2022-04-06 14:02:54 - [MESSAGE][PASSED] - Delayed 2 second(s)

2022-04-06 14:02:54 - [TEST_STEP][PASSED] - verifyElementPresent(findTestObject("01-Login and Forgot Password/Login_Card"), 0): Object 'Object Repository/01-Login and Forgot Password/Login_Card' is present

2022-04-06 14:02:54 - [MESSAGE][WARNING] - Timeout '0' is invalid. Using default page load timeout: '30'

2022-04-06 14:02:54 - [MESSAGE][PASSED] - Object 'Object Repository/01-Login and Forgot Password/Login_Card' is present

2022-04-06 14:02:54 - [TEST_STEP][PASSED] - delay(3): Delayed 3 second(s)

2022-04-06 14:02:57 - [MESSAGE][PASSED] - Delayed 3 second(s)]]></system-out>
         <system-err><![CDATA[]]></system-err>
      </testcase>
      <testcase name="Test Cases/01-Login and Forgot Password/06-Forgot Password(Credentials Blank)" time="6.718" classname="Test Cases/01-Login and Forgot Password/06-Forgot Password(Credentials Blank)" status="PASSED">
         <system-out><![CDATA[2022-04-06 14:02:57 - [TEST_CASE][PASSED] - Test Cases/01-Login and Forgot Password/06-Forgot Password(Credentials Blank): Test Cases/01-Login and Forgot Password/06-Forgot Password(Credentials Blank)

2022-04-06 14:02:58 - [TEST_STEP][PASSED] - click(findTestObject("01-Login and Forgot Password/zForgot Password/a_Forgot password")): Object: 'Object Repository/01-Login and Forgot Password/zForgot Password/a_Forgot password' is clicked on

2022-04-06 14:02:58 - [MESSAGE][PASSED] - Object: 'Object Repository/01-Login and Forgot Password/zForgot Password/a_Forgot password' is clicked on

2022-04-06 14:02:58 - [TEST_STEP][PASSED] - verifyElementPresent(findTestObject("01-Login and Forgot Password/zForgot Password/span_Reset Password"), 0): Object 'Object Repository/01-Login and Forgot Password/zForgot Password/span_Reset Password' is present

2022-04-06 14:02:58 - [MESSAGE][WARNING] - Timeout '0' is invalid. Using default page load timeout: '30'

2022-04-06 14:02:59 - [MESSAGE][PASSED] - Object 'Object Repository/01-Login and Forgot Password/zForgot Password/span_Reset Password' is present

2022-04-06 14:02:59 - [TEST_STEP][PASSED] - delay(2): Delayed 2 second(s)

2022-04-06 14:03:01 - [MESSAGE][PASSED] - Delayed 2 second(s)

2022-04-06 14:03:01 - [TEST_STEP][PASSED] - verifyElementNotClickable(findTestObject("01-Login and Forgot Password/zForgot Password/button_Reset Password")): Object 'Object Repository/01-Login and Forgot Password/zForgot Password/button_Reset Password' is NOT clickable

2022-04-06 14:03:01 - [MESSAGE][PASSED] - Object 'Object Repository/01-Login and Forgot Password/zForgot Password/button_Reset Password' is NOT clickable

2022-04-06 14:03:01 - [TEST_STEP][PASSED] - delay(3): Delayed 3 second(s)

2022-04-06 14:03:04 - [MESSAGE][PASSED] - Delayed 3 second(s)]]></system-out>
         <system-err><![CDATA[]]></system-err>
      </testcase>
      <testcase name="Test Cases/01-Login and Forgot Password/07-Forgot Password(Wrong email)" time="11.405" classname="Test Cases/01-Login and Forgot Password/07-Forgot Password(Wrong email)" status="PASSED">
         <system-out><![CDATA[2022-04-06 14:03:04 - [TEST_CASE][PASSED] - Test Cases/01-Login and Forgot Password/07-Forgot Password(Wrong email): Test Cases/01-Login and Forgot Password/07-Forgot Password(Wrong email)

2022-04-06 14:03:04 - [TEST_STEP][PASSED] - setText(findTestObject("01-Login and Forgot Password/zForgot Password/Reset pass email field"), "unregisteredemail@test.com"): Text 'unregisteredemail@test.com' is set on object 'Object Repository/01-Login and Forgot Password/zForgot Password/Reset pass email field'

2022-04-06 14:03:05 - [MESSAGE][PASSED] - Text 'unregisteredemail@test.com' is set on object 'Object Repository/01-Login and Forgot Password/zForgot Password/Reset pass email field'

2022-04-06 14:03:05 - [TEST_STEP][PASSED] - delay(2): Delayed 2 second(s)

2022-04-06 14:03:07 - [MESSAGE][PASSED] - Delayed 2 second(s)

2022-04-06 14:03:07 - [TEST_STEP][PASSED] - click(findTestObject("01-Login and Forgot Password/zForgot Password/button_Reset Password")): Object: 'Object Repository/01-Login and Forgot Password/zForgot Password/button_Reset Password' is clicked on

2022-04-06 14:03:08 - [MESSAGE][PASSED] - Object: 'Object Repository/01-Login and Forgot Password/zForgot Password/button_Reset Password' is clicked on

2022-04-06 14:03:08 - [TEST_STEP][PASSED] - verifyElementPresent(findTestObject("01-Login and Forgot Password/zForgot Password/Reset pass- wrong email"), 0): Object 'Object Repository/01-Login and Forgot Password/zForgot Password/Reset pass- wrong email' is present

2022-04-06 14:03:08 - [MESSAGE][WARNING] - Timeout '0' is invalid. Using default page load timeout: '30'

2022-04-06 14:03:09 - [MESSAGE][PASSED] - Object 'Object Repository/01-Login and Forgot Password/zForgot Password/Reset pass- wrong email' is present

2022-04-06 14:03:09 - [TEST_STEP][PASSED] - delay(3): Delayed 3 second(s)

2022-04-06 14:03:12 - [MESSAGE][PASSED] - Delayed 3 second(s)

2022-04-06 14:03:12 - [TEST_STEP][PASSED] - click(findTestObject("01-Login and Forgot Password/zForgot Password/button_Back to login")): Object: 'Object Repository/01-Login and Forgot Password/zForgot Password/button_Back to login' is clicked on

2022-04-06 14:03:12 - [MESSAGE][PASSED] - Object: 'Object Repository/01-Login and Forgot Password/zForgot Password/button_Back to login' is clicked on

2022-04-06 14:03:12 - [TEST_STEP][PASSED] - delay(3): Delayed 3 second(s)

2022-04-06 14:03:16 - [MESSAGE][PASSED] - Delayed 3 second(s)]]></system-out>
         <system-err><![CDATA[]]></system-err>
      </testcase>
      <testcase name="Test Cases/01-Login and Forgot Password/08-Forgot Password(Correct Email)" time="18.677" classname="Test Cases/01-Login and Forgot Password/08-Forgot Password(Correct Email)" status="PASSED">
         <system-out><![CDATA[2022-04-06 14:03:16 - [TEST_CASE][PASSED] - Test Cases/01-Login and Forgot Password/08-Forgot Password(Correct Email): Test Cases/01-Login and Forgot Password/08-Forgot Password(Correct Email)

2022-04-06 14:03:16 - [TEST_STEP][PASSED] - delay(2): Delayed 2 second(s)

2022-04-06 14:03:18 - [MESSAGE][PASSED] - Delayed 2 second(s)

2022-04-06 14:03:18 - [TEST_STEP][PASSED] - click(findTestObject("01-Login and Forgot Password/zForgot Password/a_Forgot password")): Object: 'Object Repository/01-Login and Forgot Password/zForgot Password/a_Forgot password' is clicked on

2022-04-06 14:03:18 - [MESSAGE][PASSED] - Object: 'Object Repository/01-Login and Forgot Password/zForgot Password/a_Forgot password' is clicked on

2022-04-06 14:03:18 - [TEST_STEP][PASSED] - verifyElementPresent(findTestObject("01-Login and Forgot Password/zForgot Password/span_Reset Password"), 0): Object 'Object Repository/01-Login and Forgot Password/zForgot Password/span_Reset Password' is present

2022-04-06 14:03:18 - [MESSAGE][WARNING] - Timeout '0' is invalid. Using default page load timeout: '30'

2022-04-06 14:03:19 - [MESSAGE][PASSED] - Object 'Object Repository/01-Login and Forgot Password/zForgot Password/span_Reset Password' is present

2022-04-06 14:03:19 - [TEST_STEP][PASSED] - delay(2): Delayed 2 second(s)

2022-04-06 14:03:21 - [MESSAGE][PASSED] - Delayed 2 second(s)

2022-04-06 14:03:21 - [TEST_STEP][PASSED] - setText(findTestObject("01-Login and Forgot Password/zForgot Password/Reset pass email field"), "testuser01@mailinator.com"): Text 'testuser01@mailinator.com' is set on object 'Object Repository/01-Login and Forgot Password/zForgot Password/Reset pass email field'

2022-04-06 14:03:22 - [MESSAGE][PASSED] - Text 'testuser01@mailinator.com' is set on object 'Object Repository/01-Login and Forgot Password/zForgot Password/Reset pass email field'

2022-04-06 14:03:22 - [TEST_STEP][PASSED] - delay(2): Delayed 2 second(s)

2022-04-06 14:03:24 - [MESSAGE][PASSED] - Delayed 2 second(s)

2022-04-06 14:03:24 - [TEST_STEP][PASSED] - click(findTestObject("01-Login and Forgot Password/zForgot Password/button_Reset Password")): Object: 'Object Repository/01-Login and Forgot Password/zForgot Password/button_Reset Password' is clicked on

2022-04-06 14:03:24 - [MESSAGE][PASSED] - Object: 'Object Repository/01-Login and Forgot Password/zForgot Password/button_Reset Password' is clicked on

2022-04-06 14:03:24 - [TEST_STEP][PASSED] - verifyElementPresent(findTestObject("01-Login and Forgot Password/zForgot Password/Reset pass - success msg"), 0): Object 'Object Repository/01-Login and Forgot Password/zForgot Password/Reset pass - success msg' is present

2022-04-06 14:03:24 - [MESSAGE][WARNING] - Timeout '0' is invalid. Using default page load timeout: '30'

2022-04-06 14:03:25 - [MESSAGE][PASSED] - Object 'Object Repository/01-Login and Forgot Password/zForgot Password/Reset pass - success msg' is present

2022-04-06 14:03:25 - [TEST_STEP][PASSED] - delay(2): Delayed 2 second(s)

2022-04-06 14:03:27 - [MESSAGE][PASSED] - Delayed 2 second(s)

2022-04-06 14:03:27 - [TEST_STEP][PASSED] - click(findTestObject("01-Login and Forgot Password/zForgot Password/button_Back to login")): Object: 'Object Repository/01-Login and Forgot Password/zForgot Password/button_Back to login' is clicked on

2022-04-06 14:03:28 - [MESSAGE][PASSED] - Object: 'Object Repository/01-Login and Forgot Password/zForgot Password/button_Back to login' is clicked on

2022-04-06 14:03:28 - [TEST_STEP][PASSED] - delay(3): Delayed 3 second(s)

2022-04-06 14:03:31 - [MESSAGE][PASSED] - Delayed 3 second(s)

2022-04-06 14:03:31 - [TEST_STEP][PASSED] - verifyElementVisible(findTestObject("01-Login and Forgot Password/Login_Card")): Object 'Object Repository/01-Login and Forgot Password/Login_Card' is visible

2022-04-06 14:03:31 - [MESSAGE][PASSED] - Object 'Object Repository/01-Login and Forgot Password/Login_Card' is visible

2022-04-06 14:03:31 - [TEST_STEP][PASSED] - delay(2): Delayed 2 second(s)

2022-04-06 14:03:33 - [MESSAGE][PASSED] - Delayed 2 second(s)

2022-04-06 14:03:33 - [TEST_STEP][PASSED] - closeBrowser(): Browser is closed

2022-04-06 14:03:34 - [MESSAGE][PASSED] - Browser is closed]]></system-out>
         <system-err><![CDATA[]]></system-err>
      </testcase>
      <system-out><![CDATA[2022-04-06 14:00:44 - [TEST_SUITE][PASSED] - 01-Login and Forgot Password: Test Cases/01-Login and Forgot Password/08-Forgot Password(Correct Email)]]></system-out>
      <system-err><![CDATA[]]></system-err>
   </testsuite>
</testsuites>
