<?xml version="1.0" encoding="UTF-8"?>
<testsuites name="09.1 - Settings (Invite users)" time="966.491" tests="5" failures="1" errors="0">
   <testsuite name="09.1 - Settings (Invite users)" tests="5" failures="1" errors="0" time="966.491" skipped="0" timestamp="2022-11-25 13:58:40" hostname="User - DESKTOP-QCRNR4M" id="Test Suites/TS-Organization/09.1 - Settings (Invite users)">
      <properties>
         <property name="deviceName" value=""/>
         <property name="devicePlatform" value=""/>
         <property name="logFolder" value="C:\\Users\\User\\Katalon Studio\\EverleaguesMain\\Reports\\20221125_135838\\TS-Organization\\09.1 - Settings (Invite users)\\20221125_135838"/>
         <property name="logFiles" value="C:\\Users\\User\\Katalon Studio\\EverleaguesMain\\Reports\\20221125_135838\\TS-Organization\\09.1 - Settings (Invite users)\\20221125_135838\\execution0.log"/>
         <property name="attachments" value="C:\\Users\\User\\Katalon Studio\\EverleaguesMain\\Reports\\20221125_135838\\TS-Organization\\09.1 - Settings (Invite users)\\20221125_135838\\1669356886846.png, C:\\Users\\User\\Katalon Studio\\EverleaguesMain\\Reports\\20221125_135838\\TS-Organization\\09.1 - Settings (Invite users)\\20221125_135838\\1669356887036.png"/>
         <property name="hostName" value="User - DESKTOP-QCRNR4M"/>
         <property name="os" value="Windows 10 64bit"/>
         <property name="katalonVersion" value="8.4.1.208"/>
         <property name="browser" value="Chrome 107.0.0.0"/>
         <property name="hostAddress" value="192.168.5.124"/>
         <property name="sessionId" value="b0f43b8e83d305dc9b54cae01aa6eea0"/>
         <property name="seleniumVersion" value="3.141.59"/>
         <property name="proxyInformation" value="ProxyInformation { proxyOption=NO_PROXY, proxyServerType=HTTP, username=, password=********, proxyServerAddress=, proxyServerPort=0, executionList=&quot;&quot;, isApplyToDesiredCapabilities=true }"/>
         <property name="platform" value="Windows 10"/>
      </properties>
      <testcase name="Test Cases/09-Settings/01 - Users (Invite new user but field are blank)" time="101.808" classname="Test Cases/09-Settings/01 - Users (Invite new user but field are blank)" status="PASSED">
         <system-out><![CDATA[2022-11-25 13:58:41 - [TEST_CASE][PASSED] - Test Cases/09-Settings/01 - Users (Invite new user but field are blank): Test Cases/09-Settings/01 - Users (Invite new user but field are blank)

2022-11-25 13:58:41 - [TEST_STEP][PASSED] - openBrowser(""): Browser is opened with url: ''

2022-11-25 13:58:41 - [MESSAGE][INFO] - Starting 'Chrome' driver

2022-11-25 13:58:41 - [MESSAGE][INFO] - Action delay is set to 0 milliseconds

2022-11-25 13:58:43 - [MESSAGE][PASSED] - Browser is opened with url: ''

2022-11-25 13:58:43 - [TEST_STEP][PASSED] - navigateToUrl("https://lab.everleagues.com/"): Navigate to 'https://lab.everleagues.com/' successfully

2022-11-25 13:59:09 - [MESSAGE][PASSED] - Navigate to 'https://lab.everleagues.com/' successfully

2022-11-25 13:59:09 - [TEST_STEP][PASSED] - maximizeWindow(): Current window maximized

2022-11-25 13:59:09 - [MESSAGE][PASSED] - Current window maximized

2022-11-25 13:59:09 - [TEST_STEP][PASSED] - setText(findTestObject("02-Side Icons(Organization)/Add Contact/Email Field"), "testuser02@mailinator.com"): Text 'testuser02@mailinator.com' is set on object 'Object Repository/02-Side Icons(Organization)/Add Contact/Email Field'

2022-11-25 13:59:09 - [MESSAGE][PASSED] - Text 'testuser02@mailinator.com' is set on object 'Object Repository/02-Side Icons(Organization)/Add Contact/Email Field'

2022-11-25 13:59:10 - [TEST_STEP][PASSED] - setEncryptedText(findTestObject("02-Side Icons(Organization)/Add Contact/Password Field"), "8yFRyszE6U6jvsCn51OQbg=="): Text ****** has been set on object 'Object Repository/02-Side Icons(Organization)/Add Contact/Password Field'

2022-11-25 13:59:10 - [MESSAGE][PASSED] - Text ****** has been set on object 'Object Repository/02-Side Icons(Organization)/Add Contact/Password Field'

2022-11-25 13:59:10 - [TEST_STEP][PASSED] - click(findTestObject("02-Side Icons(Organization)/Add Contact/button_Sign in")): Object: 'Object Repository/02-Side Icons(Organization)/Add Contact/button_Sign in' is clicked on

2022-11-25 13:59:11 - [MESSAGE][PASSED] - Object: 'Object Repository/02-Side Icons(Organization)/Add Contact/button_Sign in' is clicked on

2022-11-25 13:59:11 - [TEST_STEP][PASSED] - delay(2): Delayed 2 second(s)

2022-11-25 13:59:13 - [MESSAGE][PASSED] - Delayed 2 second(s)

2022-11-25 13:59:13 - [TEST_STEP][PASSED] - click(findTestObject("06-Teams/For 2FA/button_Confirm_2FA")): Object: 'Object Repository/06-Teams/For 2FA/button_Confirm_2FA' is clicked on

2022-11-25 13:59:14 - [MESSAGE][PASSED] - Object: 'Object Repository/06-Teams/For 2FA/button_Confirm_2FA' is clicked on

2022-11-25 13:59:14 - [TEST_STEP][PASSED] - executeJavaScript("window.open();", []): Execute JavaScript 'window.open();' successfully

2022-11-25 13:59:14 - [MESSAGE][PASSED] - Execute JavaScript 'window.open();' successfully

2022-11-25 13:59:14 - [TEST_STEP][PASSED] - currentWindow = getWindowIndex(): Current window's index is: 0

2022-11-25 13:59:14 - [MESSAGE][PASSED] - Current window's index is: 0

2022-11-25 13:59:14 - [TEST_STEP][PASSED] - delay(3): Delayed 3 second(s)

2022-11-25 13:59:17 - [MESSAGE][PASSED] - Delayed 3 second(s)

2022-11-25 13:59:17 - [TEST_STEP][PASSED] - switchToWindowIndex(currentWindow + 1): Switched to window with index: '1'

2022-11-25 13:59:17 - [MESSAGE][PASSED] - Switched to window with index: '1'

2022-11-25 13:59:17 - [TEST_STEP][PASSED] - navigateToUrl("https://www.mailinator.com/"): Navigate to 'https://www.mailinator.com/' successfully

2022-11-25 13:59:19 - [MESSAGE][PASSED] - Navigate to 'https://www.mailinator.com/' successfully

2022-11-25 13:59:19 - [TEST_STEP][PASSED] - delay(3): Delayed 3 second(s)

2022-11-25 13:59:22 - [MESSAGE][PASSED] - Delayed 3 second(s)

2022-11-25 13:59:22 - [TEST_STEP][PASSED] - setText(findTestObject("00-Signup and Activation/zMailinator/input_LOGIN_search"), "testuser02@mailinator.com"): Text 'testuser02@mailinator.com' is set on object 'Object Repository/00-Signup and Activation/zMailinator/input_LOGIN_search'

2022-11-25 13:59:22 - [MESSAGE][PASSED] - Text 'testuser02@mailinator.com' is set on object 'Object Repository/00-Signup and Activation/zMailinator/input_LOGIN_search'

2022-11-25 13:59:22 - [TEST_STEP][PASSED] - click(findTestObject("00-Signup and Activation/zMailinator/gobutton"), STOP_ON_FAILURE): Object: 'Object Repository/00-Signup and Activation/zMailinator/gobutton' is clicked on

2022-11-25 13:59:24 - [MESSAGE][PASSED] - Object: 'Object Repository/00-Signup and Activation/zMailinator/gobutton' is clicked on

2022-11-25 13:59:24 - [TEST_STEP][PASSED] - delay(3): Delayed 3 second(s)

2022-11-25 13:59:27 - [MESSAGE][PASSED] - Delayed 3 second(s)

2022-11-25 13:59:27 - [TEST_STEP][PASSED] - click(findTestObject("00-Signup and Activation/zMailinator/Email - everleagues")): Object: 'Object Repository/00-Signup and Activation/zMailinator/Email - everleagues' is clicked on

2022-11-25 13:59:27 - [MESSAGE][PASSED] - Object: 'Object Repository/00-Signup and Activation/zMailinator/Email - everleagues' is clicked on

2022-11-25 13:59:27 - [TEST_STEP][PASSED] - delay(3): Delayed 3 second(s)

2022-11-25 13:59:30 - [MESSAGE][PASSED] - Delayed 3 second(s)

2022-11-25 13:59:30 - [TEST_STEP][PASSED] - code = getText(findTestObject("Object Repository/06-Teams/For 2FA/2FA code")): Text of object 'Object Repository/06-Teams/For 2FA/2FA code' is: '264827'

2022-11-25 13:59:31 - [MESSAGE][PASSED] - Text of object 'Object Repository/06-Teams/For 2FA/2FA code' is: '264827'

2022-11-25 13:59:31 - [TEST_STEP][PASSED] - delay(3): Delayed 3 second(s)

2022-11-25 13:59:34 - [MESSAGE][PASSED] - Delayed 3 second(s)

2022-11-25 13:59:34 - [TEST_STEP][PASSED] - closeWindowTitle("Mailinator"): Window with title: 'Mailinator' is closed

2022-11-25 13:59:34 - [MESSAGE][PASSED] - Window with title: 'Mailinator' is closed

2022-11-25 13:59:34 - [TEST_STEP][PASSED] - delay(3): Delayed 3 second(s)

2022-11-25 13:59:37 - [MESSAGE][PASSED] - Delayed 3 second(s)

2022-11-25 13:59:37 - [TEST_STEP][PASSED] - switchToWindowIndex(0): Switched to window with index: '0'

2022-11-25 13:59:37 - [MESSAGE][PASSED] - Switched to window with index: '0'

2022-11-25 13:59:37 - [TEST_STEP][PASSED] - delay(3): Delayed 3 second(s)

2022-11-25 13:59:40 - [MESSAGE][PASSED] - Delayed 3 second(s)

2022-11-25 13:59:40 - [TEST_STEP][PASSED] - setText(findTestObject("Object Repository/06-Teams/For 2FA/input_Enter verification code_code"), code): Text '264827' is set on object 'Object Repository/06-Teams/For 2FA/input_Enter verification code_code'

2022-11-25 13:59:41 - [MESSAGE][PASSED] - Text '264827' is set on object 'Object Repository/06-Teams/For 2FA/input_Enter verification code_code'

2022-11-25 13:59:41 - [TEST_STEP][PASSED] - delay(3): Delayed 3 second(s)

2022-11-25 13:59:44 - [MESSAGE][PASSED] - Delayed 3 second(s)

2022-11-25 13:59:44 - [TEST_STEP][PASSED] - click(findTestObject("06-Teams/For 2FA/button_Verify_2FA")): Object: 'Object Repository/06-Teams/For 2FA/button_Verify_2FA' is clicked on

2022-11-25 13:59:45 - [MESSAGE][PASSED] - Object: 'Object Repository/06-Teams/For 2FA/button_Verify_2FA' is clicked on

2022-11-25 13:59:45 - [TEST_STEP][PASSED] - delay(5): Delayed 5 second(s)

2022-11-25 13:59:50 - [MESSAGE][PASSED] - Delayed 5 second(s)

2022-11-25 13:59:50 - [TEST_STEP][PASSED] - click(findTestObject("06-Teams/button_doublearrow")): Object: 'Object Repository/06-Teams/button_doublearrow' is clicked on

2022-11-25 13:59:51 - [MESSAGE][PASSED] - Object: 'Object Repository/06-Teams/button_doublearrow' is clicked on

2022-11-25 13:59:51 - [TEST_STEP][PASSED] - click(findTestObject("06-Teams/button_My Organizations")): Object: 'Object Repository/06-Teams/button_My Organizations' is clicked on

2022-11-25 13:59:52 - [MESSAGE][PASSED] - Object: 'Object Repository/06-Teams/button_My Organizations' is clicked on

2022-11-25 13:59:52 - [TEST_STEP][PASSED] - click(findTestObject("06-Teams/button_GG Automation")): Object: 'Object Repository/06-Teams/button_GG Automation' is clicked on

2022-11-25 13:59:53 - [MESSAGE][PASSED] - Object: 'Object Repository/06-Teams/button_GG Automation' is clicked on

2022-11-25 13:59:53 - [TEST_STEP][PASSED] - delay(4): Delayed 4 second(s)

2022-11-25 13:59:57 - [MESSAGE][PASSED] - Delayed 4 second(s)

2022-11-25 13:59:57 - [TEST_STEP][PASSED] - verifyElementVisible(findTestObject("06-Teams/span_GG Automation")): Object 'Object Repository/06-Teams/span_GG Automation' is visible

2022-11-25 13:59:57 - [MESSAGE][PASSED] - Object 'Object Repository/06-Teams/span_GG Automation' is visible

2022-11-25 13:59:57 - [TEST_STEP][PASSED] - delay(5): Delayed 5 second(s)

2022-11-25 14:00:02 - [MESSAGE][PASSED] - Delayed 5 second(s)

2022-11-25 14:00:02 - [TEST_STEP][PASSED] - click(findTestObject("03-Header Menu/Hamburger Button/div_Settings")): Object: 'Object Repository/03-Header Menu/Hamburger Button/div_Settings' is clicked on

2022-11-25 14:00:03 - [MESSAGE][PASSED] - Object: 'Object Repository/03-Header Menu/Hamburger Button/div_Settings' is clicked on

2022-11-25 14:00:03 - [TEST_STEP][PASSED] - verifyElementVisible(findTestObject("09-Settings/Users/div_Organization")): Object 'Object Repository/09-Settings/Users/div_Organization' is visible

2022-11-25 14:00:03 - [MESSAGE][PASSED] - Object 'Object Repository/09-Settings/Users/div_Organization' is visible

2022-11-25 14:00:03 - [TEST_STEP][PASSED] - verifyElementVisible(findTestObject("09-Settings/Users/div_Organization Units")): Object 'Object Repository/09-Settings/Users/div_Organization Units' is visible

2022-11-25 14:00:03 - [MESSAGE][PASSED] - Object 'Object Repository/09-Settings/Users/div_Organization Units' is visible

2022-11-25 14:00:03 - [TEST_STEP][PASSED] - verifyElementVisible(findTestObject("09-Settings/Users/div_Subscriptions")): Object 'Object Repository/09-Settings/Users/div_Subscriptions' is visible

2022-11-25 14:00:04 - [MESSAGE][PASSED] - Object 'Object Repository/09-Settings/Users/div_Subscriptions' is visible

2022-11-25 14:00:04 - [TEST_STEP][PASSED] - verifyElementVisible(findTestObject("09-Settings/Users/div_Users")): Object 'Object Repository/09-Settings/Users/div_Users' is visible

2022-11-25 14:00:04 - [MESSAGE][PASSED] - Object 'Object Repository/09-Settings/Users/div_Users' is visible

2022-11-25 14:00:04 - [TEST_STEP][PASSED] - delay(3): Delayed 3 second(s)

2022-11-25 14:00:07 - [MESSAGE][PASSED] - Delayed 3 second(s)

2022-11-25 14:00:07 - [TEST_STEP][PASSED] - click(findTestObject("09-Settings/Users/div_Users")): Object: 'Object Repository/09-Settings/Users/div_Users' is clicked on

2022-11-25 14:00:08 - [MESSAGE][PASSED] - Object: 'Object Repository/09-Settings/Users/div_Users' is clicked on

2022-11-25 14:00:08 - [TEST_STEP][PASSED] - verifyElementVisible(findTestObject("09-Settings/Users/h4_USERS")): Object 'Object Repository/09-Settings/Users/h4_USERS' is visible

2022-11-25 14:00:08 - [MESSAGE][PASSED] - Object 'Object Repository/09-Settings/Users/h4_USERS' is visible

2022-11-25 14:00:08 - [TEST_STEP][PASSED] - verifyElementVisible(findTestObject("09-Settings/Users/User Page")): Object 'Object Repository/09-Settings/Users/User Page' is visible

2022-11-25 14:00:09 - [MESSAGE][PASSED] - Object 'Object Repository/09-Settings/Users/User Page' is visible

2022-11-25 14:00:09 - [TEST_STEP][PASSED] - delay(3): Delayed 3 second(s)

2022-11-25 14:00:12 - [MESSAGE][PASSED] - Delayed 3 second(s)

2022-11-25 14:00:12 - [TEST_STEP][PASSED] - click(findTestObject("09-Settings/Users/button_add")): Object: 'Object Repository/09-Settings/Users/button_add' is clicked on

2022-11-25 14:00:12 - [MESSAGE][PASSED] - Object: 'Object Repository/09-Settings/Users/button_add' is clicked on

2022-11-25 14:00:12 - [TEST_STEP][PASSED] - verifyElementVisible(findTestObject("09-Settings/Users/User Invitation modal")): Object 'Object Repository/09-Settings/Users/User Invitation modal' is visible

2022-11-25 14:00:13 - [MESSAGE][PASSED] - Object 'Object Repository/09-Settings/Users/User Invitation modal' is visible

2022-11-25 14:00:13 - [TEST_STEP][PASSED] - delay(3): Delayed 3 second(s)

2022-11-25 14:00:16 - [MESSAGE][PASSED] - Delayed 3 second(s)

2022-11-25 14:00:16 - [TEST_STEP][PASSED] - click(findTestObject("09-Settings/Users/add Invite a single user")): Object: 'Object Repository/09-Settings/Users/add Invite a single user' is clicked on

2022-11-25 14:00:16 - [MESSAGE][PASSED] - Object: 'Object Repository/09-Settings/Users/add Invite a single user' is clicked on

2022-11-25 14:00:16 - [TEST_STEP][PASSED] - verifyElementVisible(findTestObject("09-Settings/Users/Invite new user modal")): Object 'Object Repository/09-Settings/Users/Invite new user modal' is visible

2022-11-25 14:00:17 - [MESSAGE][PASSED] - Object 'Object Repository/09-Settings/Users/Invite new user modal' is visible

2022-11-25 14:00:17 - [TEST_STEP][PASSED] - click(findTestObject("09-Settings/Users/input_email")): Object: 'Object Repository/09-Settings/Users/input_email' is clicked on

2022-11-25 14:00:18 - [MESSAGE][PASSED] - Object: 'Object Repository/09-Settings/Users/input_email' is clicked on

2022-11-25 14:00:18 - [TEST_STEP][PASSED] - click(findTestObject("09-Settings/Users/input_firstName")): Object: 'Object Repository/09-Settings/Users/input_firstName' is clicked on

2022-11-25 14:00:18 - [MESSAGE][PASSED] - Object: 'Object Repository/09-Settings/Users/input_firstName' is clicked on

2022-11-25 14:00:18 - [TEST_STEP][PASSED] - click(findTestObject("09-Settings/Users/input_lastName")): Object: 'Object Repository/09-Settings/Users/input_lastName' is clicked on

2022-11-25 14:00:19 - [MESSAGE][PASSED] - Object: 'Object Repository/09-Settings/Users/input_lastName' is clicked on

2022-11-25 14:00:19 - [TEST_STEP][PASSED] - click(findTestObject("09-Settings/Users/span_Role")): Object: 'Object Repository/09-Settings/Users/span_Role' is clicked on

2022-11-25 14:00:19 - [MESSAGE][PASSED] - Object: 'Object Repository/09-Settings/Users/span_Role' is clicked on

2022-11-25 14:00:19 - [TEST_STEP][PASSED] - clickOffset(findTestObject("09-Settings/Users/h4_Invite New User"), 100, 100): Object: 'Object Repository/09-Settings/Users/h4_Invite New User' is clicked on using offset x=100 and y=100

2022-11-25 14:00:20 - [MESSAGE][PASSED] - Object: 'Object Repository/09-Settings/Users/h4_Invite New User' is clicked on using offset x=100 and y=100

2022-11-25 14:00:20 - [TEST_STEP][PASSED] - verifyElementVisible(findTestObject("09-Settings/Users/Email required")): Object 'Object Repository/09-Settings/Users/Email required' is visible

2022-11-25 14:00:21 - [MESSAGE][PASSED] - Object 'Object Repository/09-Settings/Users/Email required' is visible

2022-11-25 14:00:21 - [TEST_STEP][PASSED] - verifyElementVisible(findTestObject("09-Settings/Users/Firstname required")): Object 'Object Repository/09-Settings/Users/Firstname required' is visible

2022-11-25 14:00:21 - [MESSAGE][PASSED] - Object 'Object Repository/09-Settings/Users/Firstname required' is visible

2022-11-25 14:00:21 - [TEST_STEP][PASSED] - verifyElementVisible(findTestObject("09-Settings/Users/last name required")): Object 'Object Repository/09-Settings/Users/last name required' is visible

2022-11-25 14:00:22 - [MESSAGE][PASSED] - Object 'Object Repository/09-Settings/Users/last name required' is visible

2022-11-25 14:00:22 - [TEST_STEP][PASSED] - verifyElementVisible(findTestObject("09-Settings/Users/error_Select a role")): Object 'Object Repository/09-Settings/Users/error_Select a role' is visible

2022-11-25 14:00:22 - [MESSAGE][PASSED] - Object 'Object Repository/09-Settings/Users/error_Select a role' is visible]]></system-out>
         <system-err><![CDATA[]]></system-err>
      </testcase>
      <testcase name="Test Cases/09-Settings/02 - Users (Invite new user as co worker)" time="339.891" classname="Test Cases/09-Settings/02 - Users (Invite new user as co worker)" status="PASSED">
         <system-out><![CDATA[2022-11-25 14:00:22 - [TEST_CASE][PASSED] - Test Cases/09-Settings/02 - Users (Invite new user as co worker): Test Cases/09-Settings/02 - Users (Invite new user as co worker)

2022-11-25 14:00:23 - [TEST_STEP][PASSED] - delay(3): Delayed 3 second(s)

2022-11-25 14:00:26 - [MESSAGE][PASSED] - Delayed 3 second(s)

2022-11-25 14:00:26 - [TEST_STEP][PASSED] - setText(findTestObject("09-Settings/Users/input_email"), "autotester04@mailinator.com"): Text 'autotester04@mailinator.com' is set on object 'Object Repository/09-Settings/Users/input_email'

2022-11-25 14:00:27 - [MESSAGE][PASSED] - Text 'autotester04@mailinator.com' is set on object 'Object Repository/09-Settings/Users/input_email'

2022-11-25 14:00:27 - [TEST_STEP][PASSED] - setText(findTestObject("09-Settings/Users/input_firstName"), "GG"): Text 'GG' is set on object 'Object Repository/09-Settings/Users/input_firstName'

2022-11-25 14:00:27 - [MESSAGE][PASSED] - Text 'GG' is set on object 'Object Repository/09-Settings/Users/input_firstName'

2022-11-25 14:00:27 - [TEST_STEP][PASSED] - setText(findTestObject("09-Settings/Users/input_lastName"), "Auto Contact 2"): Text 'Auto Contact 2' is set on object 'Object Repository/09-Settings/Users/input_lastName'

2022-11-25 14:00:28 - [MESSAGE][PASSED] - Text 'Auto Contact 2' is set on object 'Object Repository/09-Settings/Users/input_lastName'

2022-11-25 14:00:28 - [TEST_STEP][PASSED] - click(findTestObject("09-Settings/Users/span_Role")): Object: 'Object Repository/09-Settings/Users/span_Role' is clicked on

2022-11-25 14:00:29 - [MESSAGE][PASSED] - Object: 'Object Repository/09-Settings/Users/span_Role' is clicked on

2022-11-25 14:00:29 - [TEST_STEP][PASSED] - click(findTestObject("09-Settings/Users/span_CoWorker")): Object: 'Object Repository/09-Settings/Users/span_CoWorker' is clicked on

2022-11-25 14:00:29 - [MESSAGE][PASSED] - Object: 'Object Repository/09-Settings/Users/span_CoWorker' is clicked on

2022-11-25 14:00:29 - [TEST_STEP][PASSED] - click(findTestObject("09-Settings/Users/button_Send Invitation")): Object: 'Object Repository/09-Settings/Users/button_Send Invitation' is clicked on

2022-11-25 14:00:30 - [MESSAGE][PASSED] - Object: 'Object Repository/09-Settings/Users/button_Send Invitation' is clicked on

2022-11-25 14:00:30 - [TEST_STEP][PASSED] - delay(2): Delayed 2 second(s)

2022-11-25 14:00:32 - [MESSAGE][PASSED] - Delayed 2 second(s)

2022-11-25 14:00:32 - [TEST_STEP][PASSED] - verifyElementVisible(findTestObject("07-Directory/Connections/zContact Profile/Successfully invited user")): Object 'Object Repository/07-Directory/Connections/zContact Profile/Successfully invited user' is visible

2022-11-25 14:00:33 - [MESSAGE][PASSED] - Object 'Object Repository/07-Directory/Connections/zContact Profile/Successfully invited user' is visible

2022-11-25 14:00:33 - [TEST_STEP][PASSED] - delay(2): Delayed 2 second(s)

2022-11-25 14:00:35 - [MESSAGE][PASSED] - Delayed 2 second(s)

2022-11-25 14:00:35 - [TEST_STEP][PASSED] - executeJavaScript("window.open();", []): Execute JavaScript 'window.open();' successfully

2022-11-25 14:00:36 - [MESSAGE][PASSED] - Execute JavaScript 'window.open();' successfully

2022-11-25 14:00:36 - [TEST_STEP][PASSED] - currentWindow = getWindowIndex(): Current window's index is: 0

2022-11-25 14:00:36 - [MESSAGE][PASSED] - Current window's index is: 0

2022-11-25 14:00:36 - [TEST_STEP][PASSED] - delay(3): Delayed 3 second(s)

2022-11-25 14:00:39 - [MESSAGE][PASSED] - Delayed 3 second(s)

2022-11-25 14:00:39 - [TEST_STEP][PASSED] - switchToWindowIndex(currentWindow + 1): Switched to window with index: '1'

2022-11-25 14:00:39 - [MESSAGE][PASSED] - Switched to window with index: '1'

2022-11-25 14:00:39 - [TEST_STEP][PASSED] - navigateToUrl("https://www.mailinator.com/"): Navigate to 'https://www.mailinator.com/' successfully

2022-11-25 14:00:40 - [MESSAGE][PASSED] - Navigate to 'https://www.mailinator.com/' successfully

2022-11-25 14:00:40 - [TEST_STEP][PASSED] - delay(3): Delayed 3 second(s)

2022-11-25 14:00:43 - [MESSAGE][PASSED] - Delayed 3 second(s)

2022-11-25 14:00:43 - [TEST_STEP][PASSED] - setText(findTestObject("00-Signup and Activation/zMailinator/input_LOGIN_search"), "autotester04@mailinator.com"): Text 'autotester04@mailinator.com' is set on object 'Object Repository/00-Signup and Activation/zMailinator/input_LOGIN_search'

2022-11-25 14:00:44 - [MESSAGE][PASSED] - Text 'autotester04@mailinator.com' is set on object 'Object Repository/00-Signup and Activation/zMailinator/input_LOGIN_search'

2022-11-25 14:00:44 - [TEST_STEP][PASSED] - click(findTestObject("00-Signup and Activation/zMailinator/gobutton"), STOP_ON_FAILURE): Object: 'Object Repository/00-Signup and Activation/zMailinator/gobutton' is clicked on

2022-11-25 14:00:45 - [MESSAGE][PASSED] - Object: 'Object Repository/00-Signup and Activation/zMailinator/gobutton' is clicked on

2022-11-25 14:00:45 - [TEST_STEP][PASSED] - delay(3): Delayed 3 second(s)

2022-11-25 14:00:48 - [MESSAGE][PASSED] - Delayed 3 second(s)

2022-11-25 14:00:48 - [TEST_STEP][PASSED] - closeWindowTitle("Everleagues"): Window with title: 'Everleagues' is closed

2022-11-25 14:00:48 - [MESSAGE][PASSED] - Window with title: 'Everleagues' is closed

2022-11-25 14:00:48 - [TEST_STEP][PASSED] - switchToWindowIndex(0): Switched to window with index: '0'

2022-11-25 14:00:48 - [MESSAGE][PASSED] - Switched to window with index: '0'

2022-11-25 14:00:48 - [TEST_STEP][PASSED] - click(findTestObject("09-Settings/Users/Co worker/td_Invitation from GG Automation")): Object: 'Object Repository/09-Settings/Users/Co worker/td_Invitation from GG Automation' is clicked on

2022-11-25 14:00:48 - [MESSAGE][PASSED] - Object: 'Object Repository/09-Settings/Users/Co worker/td_Invitation from GG Automation' is clicked on

2022-11-25 14:00:48 - [TEST_STEP][PASSED] - click(findTestObject("09-Settings/Users/Co worker/a_Click here to join GG Automation on EverLeagues")): Object: 'Object Repository/09-Settings/Users/Co worker/a_Click here to join GG Automation on EverLeagues' is clicked on

2022-11-25 14:00:49 - [MESSAGE][PASSED] - Object: 'Object Repository/09-Settings/Users/Co worker/a_Click here to join GG Automation on EverLeagues' is clicked on

2022-11-25 14:00:49 - [TEST_STEP][PASSED] - closeWindowTitle("Mailinator"): Window with title: 'Mailinator' is closed

2022-11-25 14:00:49 - [MESSAGE][PASSED] - Window with title: 'Mailinator' is closed

2022-11-25 14:00:49 - [TEST_STEP][PASSED] - switchToWindowIndex(0): Switched to window with index: '0'

2022-11-25 14:00:49 - [MESSAGE][PASSED] - Switched to window with index: '0'

2022-11-25 14:00:49 - [TEST_STEP][PASSED] - verifyElementVisible(findTestObject("09-Settings/Users/Co worker/Logout before proceed modal")): Object 'Object Repository/09-Settings/Users/Co worker/Logout before proceed modal' is visible

2022-11-25 14:00:55 - [MESSAGE][PASSED] - Object 'Object Repository/09-Settings/Users/Co worker/Logout before proceed modal' is visible

2022-11-25 14:00:55 - [TEST_STEP][PASSED] - click(findTestObject("09-Settings/Users/Co worker/button_Yes")): Object: 'Object Repository/09-Settings/Users/Co worker/button_Yes' is clicked on

2022-11-25 14:00:56 - [MESSAGE][PASSED] - Object: 'Object Repository/09-Settings/Users/Co worker/button_Yes' is clicked on

2022-11-25 14:00:56 - [TEST_STEP][PASSED] - delay(3): Delayed 3 second(s)

2022-11-25 14:00:59 - [MESSAGE][PASSED] - Delayed 3 second(s)

2022-11-25 14:00:59 - [TEST_STEP][PASSED] - setText(findTestObject("09-Settings/Users/Co worker/input_Email_email"), "autotester04@mailinator.com"): Text 'autotester04@mailinator.com' is set on object 'Object Repository/09-Settings/Users/Co worker/input_Email_email'

2022-11-25 14:01:59 - [MESSAGE][PASSED] - Text 'autotester04@mailinator.com' is set on object 'Object Repository/09-Settings/Users/Co worker/input_Email_email'

2022-11-25 14:01:59 - [TEST_STEP][PASSED] - setEncryptedText(findTestObject("09-Settings/Users/Co worker/input__password"), "8yFRyszE6U6jvsCn51OQbg=="): Text ****** has been set on object 'Object Repository/09-Settings/Users/Co worker/input__password'

2022-11-25 14:02:29 - [MESSAGE][PASSED] - Text ****** has been set on object 'Object Repository/09-Settings/Users/Co worker/input__password'

2022-11-25 14:02:29 - [TEST_STEP][PASSED] - click(findTestObject("02-Side Icons(Organization)/Add Contact/button_Sign in")): Object: 'Object Repository/02-Side Icons(Organization)/Add Contact/button_Sign in' is clicked on

2022-11-25 14:03:00 - [MESSAGE][PASSED] - Object: 'Object Repository/02-Side Icons(Organization)/Add Contact/button_Sign in' is clicked on

2022-11-25 14:03:00 - [TEST_STEP][PASSED] - delay(2): Delayed 2 second(s)

2022-11-25 14:03:02 - [MESSAGE][PASSED] - Delayed 2 second(s)

2022-11-25 14:03:02 - [TEST_STEP][PASSED] - click(findTestObject("06-Teams/For 2FA/button_Confirm_2FA")): Object: 'Object Repository/06-Teams/For 2FA/button_Confirm_2FA' is clicked on

2022-11-25 14:03:32 - [MESSAGE][PASSED] - Object: 'Object Repository/06-Teams/For 2FA/button_Confirm_2FA' is clicked on

2022-11-25 14:03:32 - [TEST_STEP][PASSED] - executeJavaScript("window.open();", []): Execute JavaScript 'window.open();' successfully

2022-11-25 14:03:32 - [MESSAGE][PASSED] - Execute JavaScript 'window.open();' successfully

2022-11-25 14:03:32 - [TEST_STEP][PASSED] - currentWindow = getWindowIndex(): Current window's index is: 0

2022-11-25 14:03:32 - [MESSAGE][PASSED] - Current window's index is: 0

2022-11-25 14:03:32 - [TEST_STEP][PASSED] - delay(3): Delayed 3 second(s)

2022-11-25 14:03:35 - [MESSAGE][PASSED] - Delayed 3 second(s)

2022-11-25 14:03:35 - [TEST_STEP][PASSED] - switchToWindowIndex(currentWindow + 1): Switched to window with index: '1'

2022-11-25 14:03:35 - [MESSAGE][PASSED] - Switched to window with index: '1'

2022-11-25 14:03:35 - [TEST_STEP][PASSED] - navigateToUrl("https://www.mailinator.com/"): Navigate to 'https://www.mailinator.com/' successfully

2022-11-25 14:03:36 - [MESSAGE][PASSED] - Navigate to 'https://www.mailinator.com/' successfully

2022-11-25 14:03:36 - [TEST_STEP][PASSED] - delay(3): Delayed 3 second(s)

2022-11-25 14:03:39 - [MESSAGE][PASSED] - Delayed 3 second(s)

2022-11-25 14:03:39 - [TEST_STEP][PASSED] - setText(findTestObject("00-Signup and Activation/zMailinator/input_LOGIN_search"), "autotester04@mailinator.com"): Text 'autotester04@mailinator.com' is set on object 'Object Repository/00-Signup and Activation/zMailinator/input_LOGIN_search'

2022-11-25 14:03:40 - [MESSAGE][PASSED] - Text 'autotester04@mailinator.com' is set on object 'Object Repository/00-Signup and Activation/zMailinator/input_LOGIN_search'

2022-11-25 14:03:40 - [TEST_STEP][PASSED] - click(findTestObject("00-Signup and Activation/zMailinator/gobutton"), STOP_ON_FAILURE): Object: 'Object Repository/00-Signup and Activation/zMailinator/gobutton' is clicked on

2022-11-25 14:03:41 - [MESSAGE][PASSED] - Object: 'Object Repository/00-Signup and Activation/zMailinator/gobutton' is clicked on

2022-11-25 14:03:41 - [TEST_STEP][PASSED] - delay(3): Delayed 3 second(s)

2022-11-25 14:03:44 - [MESSAGE][PASSED] - Delayed 3 second(s)

2022-11-25 14:03:44 - [TEST_STEP][PASSED] - click(findTestObject("00-Signup and Activation/zMailinator/Email - everleagues")): Object: 'Object Repository/00-Signup and Activation/zMailinator/Email - everleagues' is clicked on

2022-11-25 14:03:44 - [MESSAGE][PASSED] - Object: 'Object Repository/00-Signup and Activation/zMailinator/Email - everleagues' is clicked on

2022-11-25 14:03:44 - [TEST_STEP][PASSED] - delay(3): Delayed 3 second(s)

2022-11-25 14:03:47 - [MESSAGE][PASSED] - Delayed 3 second(s)

2022-11-25 14:03:47 - [TEST_STEP][PASSED] - codetwo = getText(findTestObject("Object Repository/06-Teams/For 2FA/2FA code")): Text of object 'Object Repository/06-Teams/For 2FA/2FA code' is: '514356'

2022-11-25 14:03:48 - [MESSAGE][PASSED] - Text of object 'Object Repository/06-Teams/For 2FA/2FA code' is: '514356'

2022-11-25 14:03:48 - [TEST_STEP][PASSED] - delay(3): Delayed 3 second(s)

2022-11-25 14:03:51 - [MESSAGE][PASSED] - Delayed 3 second(s)

2022-11-25 14:03:51 - [TEST_STEP][PASSED] - closeWindowTitle("Mailinator"): Window with title: 'Mailinator' is closed

2022-11-25 14:03:51 - [MESSAGE][PASSED] - Window with title: 'Mailinator' is closed

2022-11-25 14:03:51 - [TEST_STEP][PASSED] - delay(3): Delayed 3 second(s)

2022-11-25 14:03:54 - [MESSAGE][PASSED] - Delayed 3 second(s)

2022-11-25 14:03:54 - [TEST_STEP][PASSED] - switchToWindowIndex(0): Switched to window with index: '0'

2022-11-25 14:03:54 - [MESSAGE][PASSED] - Switched to window with index: '0'

2022-11-25 14:03:54 - [TEST_STEP][PASSED] - delay(3): Delayed 3 second(s)

2022-11-25 14:03:57 - [MESSAGE][PASSED] - Delayed 3 second(s)

2022-11-25 14:03:57 - [TEST_STEP][PASSED] - setText(findTestObject("Object Repository/06-Teams/For 2FA/input_Enter verification code_code"), codetwo): Text '514356' is set on object 'Object Repository/06-Teams/For 2FA/input_Enter verification code_code'

2022-11-25 14:04:57 - [MESSAGE][PASSED] - Text '514356' is set on object 'Object Repository/06-Teams/For 2FA/input_Enter verification code_code'

2022-11-25 14:04:57 - [TEST_STEP][PASSED] - delay(3): Delayed 3 second(s)

2022-11-25 14:05:00 - [MESSAGE][PASSED] - Delayed 3 second(s)

2022-11-25 14:05:00 - [TEST_STEP][PASSED] - click(findTestObject("06-Teams/For 2FA/button_Verify_2FA")): Object: 'Object Repository/06-Teams/For 2FA/button_Verify_2FA' is clicked on

2022-11-25 14:05:30 - [MESSAGE][PASSED] - Object: 'Object Repository/06-Teams/For 2FA/button_Verify_2FA' is clicked on

2022-11-25 14:05:30 - [TEST_STEP][PASSED] - delay(5): Delayed 5 second(s)

2022-11-25 14:05:35 - [MESSAGE][PASSED] - Delayed 5 second(s)

2022-11-25 14:05:35 - [TEST_STEP][PASSED] - executeJavaScript("window.open();", []): Execute JavaScript 'window.open();' successfully

2022-11-25 14:05:35 - [MESSAGE][PASSED] - Execute JavaScript 'window.open();' successfully

2022-11-25 14:05:35 - [TEST_STEP][PASSED] - currentWindow = getWindowIndex(): Current window's index is: 0

2022-11-25 14:05:35 - [MESSAGE][PASSED] - Current window's index is: 0

2022-11-25 14:05:35 - [TEST_STEP][PASSED] - delay(3): Delayed 3 second(s)

2022-11-25 14:05:38 - [MESSAGE][PASSED] - Delayed 3 second(s)

2022-11-25 14:05:38 - [TEST_STEP][PASSED] - switchToWindowIndex(currentWindow + 1): Switched to window with index: '1'

2022-11-25 14:05:39 - [MESSAGE][PASSED] - Switched to window with index: '1'

2022-11-25 14:05:39 - [TEST_STEP][PASSED] - navigateToUrl("https://www.mailinator.com/"): Navigate to 'https://www.mailinator.com/' successfully

2022-11-25 14:05:40 - [MESSAGE][PASSED] - Navigate to 'https://www.mailinator.com/' successfully

2022-11-25 14:05:40 - [TEST_STEP][PASSED] - delay(3): Delayed 3 second(s)

2022-11-25 14:05:43 - [MESSAGE][PASSED] - Delayed 3 second(s)

2022-11-25 14:05:43 - [TEST_STEP][PASSED] - setText(findTestObject("00-Signup and Activation/zMailinator/input_LOGIN_search"), "autotester04@mailinator.com"): Text 'autotester04@mailinator.com' is set on object 'Object Repository/00-Signup and Activation/zMailinator/input_LOGIN_search'

2022-11-25 14:05:44 - [MESSAGE][PASSED] - Text 'autotester04@mailinator.com' is set on object 'Object Repository/00-Signup and Activation/zMailinator/input_LOGIN_search'

2022-11-25 14:05:44 - [TEST_STEP][PASSED] - click(findTestObject("00-Signup and Activation/zMailinator/gobutton"), STOP_ON_FAILURE): Object: 'Object Repository/00-Signup and Activation/zMailinator/gobutton' is clicked on

2022-11-25 14:05:45 - [MESSAGE][PASSED] - Object: 'Object Repository/00-Signup and Activation/zMailinator/gobutton' is clicked on

2022-11-25 14:05:45 - [TEST_STEP][PASSED] - delay(3): Delayed 3 second(s)

2022-11-25 14:05:48 - [MESSAGE][PASSED] - Delayed 3 second(s)

2022-11-25 14:05:48 - [TEST_STEP][PASSED] - closeWindowTitle("Everleagues"): Window with title: 'Everleagues' is closed

2022-11-25 14:05:48 - [MESSAGE][PASSED] - Window with title: 'Everleagues' is closed

2022-11-25 14:05:48 - [TEST_STEP][PASSED] - switchToWindowIndex(0): Switched to window with index: '0'

2022-11-25 14:05:48 - [MESSAGE][PASSED] - Switched to window with index: '0'

2022-11-25 14:05:48 - [TEST_STEP][PASSED] - click(findTestObject("09-Settings/Users/Co worker/td_Invitation from GG Automation")): Object: 'Object Repository/09-Settings/Users/Co worker/td_Invitation from GG Automation' is clicked on

2022-11-25 14:05:49 - [MESSAGE][PASSED] - Object: 'Object Repository/09-Settings/Users/Co worker/td_Invitation from GG Automation' is clicked on

2022-11-25 14:05:49 - [TEST_STEP][PASSED] - click(findTestObject("09-Settings/Users/Co worker/a_Click here to join GG Automation on EverLeagues")): Object: 'Object Repository/09-Settings/Users/Co worker/a_Click here to join GG Automation on EverLeagues' is clicked on

2022-11-25 14:05:50 - [MESSAGE][PASSED] - Object: 'Object Repository/09-Settings/Users/Co worker/a_Click here to join GG Automation on EverLeagues' is clicked on

2022-11-25 14:05:50 - [TEST_STEP][PASSED] - delay(3): Delayed 3 second(s)

2022-11-25 14:05:53 - [MESSAGE][PASSED] - Delayed 3 second(s)

2022-11-25 14:05:53 - [TEST_STEP][PASSED] - closeWindowTitle("Mailinator"): Window with title: 'Mailinator' is closed

2022-11-25 14:05:53 - [MESSAGE][PASSED] - Window with title: 'Mailinator' is closed

2022-11-25 14:05:53 - [TEST_STEP][PASSED] - switchToWindowIndex(0): Switched to window with index: '0'

2022-11-25 14:05:53 - [MESSAGE][PASSED] - Switched to window with index: '0'

2022-11-25 14:05:53 - [TEST_STEP][PASSED] - verifyElementVisible(findTestObject("09-Settings/Users/Co worker/Invite modal")): Object 'Object Repository/09-Settings/Users/Co worker/Invite modal' is visible

2022-11-25 14:05:55 - [MESSAGE][PASSED] - Object 'Object Repository/09-Settings/Users/Co worker/Invite modal' is visible

2022-11-25 14:05:55 - [TEST_STEP][PASSED] - click(findTestObject("09-Settings/Users/Co worker/button_Accept")): Object: 'Object Repository/09-Settings/Users/Co worker/button_Accept' is clicked on

2022-11-25 14:05:56 - [MESSAGE][PASSED] - Object: 'Object Repository/09-Settings/Users/Co worker/button_Accept' is clicked on

2022-11-25 14:05:56 - [TEST_STEP][PASSED] - delay(5): Delayed 5 second(s)

2022-11-25 14:06:01 - [MESSAGE][PASSED] - Delayed 5 second(s)

2022-11-25 14:06:01 - [TEST_STEP][PASSED] - verifyElementVisible(findTestObject("09-Settings/Users/Co worker/div_Joined as CoWorker")): Object 'Object Repository/09-Settings/Users/Co worker/div_Joined as CoWorker' is visible

2022-11-25 14:06:02 - [MESSAGE][PASSED] - Object 'Object Repository/09-Settings/Users/Co worker/div_Joined as CoWorker' is visible

2022-11-25 14:06:02 - [TEST_STEP][PASSED] - closeBrowser(): Browser is closed

2022-11-25 14:06:02 - [MESSAGE][PASSED] - Browser is closed]]></system-out>
         <system-err><![CDATA[]]></system-err>
      </testcase>
      <testcase name="Test Cases/09-Settings/03 - Users (Invite new user as client)" time="187.632" classname="Test Cases/09-Settings/03 - Users (Invite new user as client)" status="PASSED">
         <system-out><![CDATA[2022-11-25 14:06:02 - [TEST_CASE][PASSED] - Test Cases/09-Settings/03 - Users (Invite new user as client): Test Cases/09-Settings/03 - Users (Invite new user as client)

2022-11-25 14:06:03 - [TEST_STEP][PASSED] - openBrowser(""): Browser is opened with url: ''

2022-11-25 14:06:03 - [MESSAGE][INFO] - Starting 'Chrome' driver

2022-11-25 14:06:03 - [MESSAGE][INFO] - Action delay is set to 0 milliseconds

2022-11-25 14:06:04 - [MESSAGE][PASSED] - Browser is opened with url: ''

2022-11-25 14:06:04 - [TEST_STEP][PASSED] - navigateToUrl("https://lab.everleagues.com/"): Navigate to 'https://lab.everleagues.com/' successfully

2022-11-25 14:06:18 - [MESSAGE][PASSED] - Navigate to 'https://lab.everleagues.com/' successfully

2022-11-25 14:06:18 - [TEST_STEP][PASSED] - maximizeWindow(): Current window maximized

2022-11-25 14:06:19 - [MESSAGE][PASSED] - Current window maximized

2022-11-25 14:06:19 - [TEST_STEP][PASSED] - setText(findTestObject("02-Side Icons(Organization)/Add Contact/Email Field"), "testuser02@mailinator.com"): Text 'testuser02@mailinator.com' is set on object 'Object Repository/02-Side Icons(Organization)/Add Contact/Email Field'

2022-11-25 14:06:19 - [MESSAGE][PASSED] - Text 'testuser02@mailinator.com' is set on object 'Object Repository/02-Side Icons(Organization)/Add Contact/Email Field'

2022-11-25 14:06:19 - [TEST_STEP][PASSED] - setEncryptedText(findTestObject("02-Side Icons(Organization)/Add Contact/Password Field"), "8yFRyszE6U6jvsCn51OQbg=="): Text ****** has been set on object 'Object Repository/02-Side Icons(Organization)/Add Contact/Password Field'

2022-11-25 14:06:20 - [MESSAGE][PASSED] - Text ****** has been set on object 'Object Repository/02-Side Icons(Organization)/Add Contact/Password Field'

2022-11-25 14:06:20 - [TEST_STEP][PASSED] - click(findTestObject("02-Side Icons(Organization)/Add Contact/button_Sign in")): Object: 'Object Repository/02-Side Icons(Organization)/Add Contact/button_Sign in' is clicked on

2022-11-25 14:06:21 - [MESSAGE][PASSED] - Object: 'Object Repository/02-Side Icons(Organization)/Add Contact/button_Sign in' is clicked on

2022-11-25 14:06:21 - [TEST_STEP][PASSED] - delay(2): Delayed 2 second(s)

2022-11-25 14:06:23 - [MESSAGE][PASSED] - Delayed 2 second(s)

2022-11-25 14:06:23 - [TEST_STEP][PASSED] - click(findTestObject("06-Teams/For 2FA/button_Confirm_2FA")): Object: 'Object Repository/06-Teams/For 2FA/button_Confirm_2FA' is clicked on

2022-11-25 14:06:23 - [MESSAGE][PASSED] - Object: 'Object Repository/06-Teams/For 2FA/button_Confirm_2FA' is clicked on

2022-11-25 14:06:23 - [TEST_STEP][PASSED] - executeJavaScript("window.open();", []): Execute JavaScript 'window.open();' successfully

2022-11-25 14:06:23 - [MESSAGE][PASSED] - Execute JavaScript 'window.open();' successfully

2022-11-25 14:06:23 - [TEST_STEP][PASSED] - currentWindow = getWindowIndex(): Current window's index is: 0

2022-11-25 14:06:23 - [MESSAGE][PASSED] - Current window's index is: 0

2022-11-25 14:06:23 - [TEST_STEP][PASSED] - delay(3): Delayed 3 second(s)

2022-11-25 14:06:26 - [MESSAGE][PASSED] - Delayed 3 second(s)

2022-11-25 14:06:26 - [TEST_STEP][PASSED] - switchToWindowIndex(currentWindow + 1): Switched to window with index: '1'

2022-11-25 14:06:26 - [MESSAGE][PASSED] - Switched to window with index: '1'

2022-11-25 14:06:26 - [TEST_STEP][PASSED] - navigateToUrl("https://www.mailinator.com/"): Navigate to 'https://www.mailinator.com/' successfully

2022-11-25 14:06:28 - [MESSAGE][PASSED] - Navigate to 'https://www.mailinator.com/' successfully

2022-11-25 14:06:28 - [TEST_STEP][PASSED] - delay(3): Delayed 3 second(s)

2022-11-25 14:06:31 - [MESSAGE][PASSED] - Delayed 3 second(s)

2022-11-25 14:06:31 - [TEST_STEP][PASSED] - setText(findTestObject("00-Signup and Activation/zMailinator/input_LOGIN_search"), "testuser02@mailinator.com"): Text 'testuser02@mailinator.com' is set on object 'Object Repository/00-Signup and Activation/zMailinator/input_LOGIN_search'

2022-11-25 14:06:32 - [MESSAGE][PASSED] - Text 'testuser02@mailinator.com' is set on object 'Object Repository/00-Signup and Activation/zMailinator/input_LOGIN_search'

2022-11-25 14:06:32 - [TEST_STEP][PASSED] - click(findTestObject("00-Signup and Activation/zMailinator/gobutton"), STOP_ON_FAILURE): Object: 'Object Repository/00-Signup and Activation/zMailinator/gobutton' is clicked on

2022-11-25 14:06:34 - [MESSAGE][PASSED] - Object: 'Object Repository/00-Signup and Activation/zMailinator/gobutton' is clicked on

2022-11-25 14:06:34 - [TEST_STEP][PASSED] - delay(3): Delayed 3 second(s)

2022-11-25 14:06:37 - [MESSAGE][PASSED] - Delayed 3 second(s)

2022-11-25 14:06:37 - [TEST_STEP][PASSED] - click(findTestObject("00-Signup and Activation/zMailinator/Email - everleagues")): Object: 'Object Repository/00-Signup and Activation/zMailinator/Email - everleagues' is clicked on

2022-11-25 14:06:37 - [MESSAGE][PASSED] - Object: 'Object Repository/00-Signup and Activation/zMailinator/Email - everleagues' is clicked on

2022-11-25 14:06:37 - [TEST_STEP][PASSED] - delay(3): Delayed 3 second(s)

2022-11-25 14:06:40 - [MESSAGE][PASSED] - Delayed 3 second(s)

2022-11-25 14:06:40 - [TEST_STEP][PASSED] - code = getText(findTestObject("Object Repository/06-Teams/For 2FA/2FA code")): Text of object 'Object Repository/06-Teams/For 2FA/2FA code' is: '764442'

2022-11-25 14:06:41 - [MESSAGE][PASSED] - Text of object 'Object Repository/06-Teams/For 2FA/2FA code' is: '764442'

2022-11-25 14:06:41 - [TEST_STEP][PASSED] - delay(3): Delayed 3 second(s)

2022-11-25 14:06:44 - [MESSAGE][PASSED] - Delayed 3 second(s)

2022-11-25 14:06:44 - [TEST_STEP][PASSED] - closeWindowTitle("Mailinator"): Window with title: 'Mailinator' is closed

2022-11-25 14:06:44 - [MESSAGE][PASSED] - Window with title: 'Mailinator' is closed

2022-11-25 14:06:44 - [TEST_STEP][PASSED] - delay(3): Delayed 3 second(s)

2022-11-25 14:06:47 - [MESSAGE][PASSED] - Delayed 3 second(s)

2022-11-25 14:06:47 - [TEST_STEP][PASSED] - switchToWindowIndex(0): Switched to window with index: '0'

2022-11-25 14:06:47 - [MESSAGE][PASSED] - Switched to window with index: '0'

2022-11-25 14:06:47 - [TEST_STEP][PASSED] - delay(3): Delayed 3 second(s)

2022-11-25 14:06:50 - [MESSAGE][PASSED] - Delayed 3 second(s)

2022-11-25 14:06:50 - [TEST_STEP][PASSED] - setText(findTestObject("Object Repository/06-Teams/For 2FA/input_Enter verification code_code"), code): Text '764442' is set on object 'Object Repository/06-Teams/For 2FA/input_Enter verification code_code'

2022-11-25 14:06:51 - [MESSAGE][PASSED] - Text '764442' is set on object 'Object Repository/06-Teams/For 2FA/input_Enter verification code_code'

2022-11-25 14:06:51 - [TEST_STEP][PASSED] - delay(3): Delayed 3 second(s)

2022-11-25 14:06:54 - [MESSAGE][PASSED] - Delayed 3 second(s)

2022-11-25 14:06:54 - [TEST_STEP][PASSED] - click(findTestObject("06-Teams/For 2FA/button_Verify_2FA")): Object: 'Object Repository/06-Teams/For 2FA/button_Verify_2FA' is clicked on

2022-11-25 14:06:54 - [MESSAGE][PASSED] - Object: 'Object Repository/06-Teams/For 2FA/button_Verify_2FA' is clicked on

2022-11-25 14:06:54 - [TEST_STEP][PASSED] - delay(5): Delayed 5 second(s)

2022-11-25 14:06:59 - [MESSAGE][PASSED] - Delayed 5 second(s)

2022-11-25 14:06:59 - [TEST_STEP][PASSED] - click(findTestObject("06-Teams/button_doublearrow")): Object: 'Object Repository/06-Teams/button_doublearrow' is clicked on

2022-11-25 14:07:00 - [MESSAGE][PASSED] - Object: 'Object Repository/06-Teams/button_doublearrow' is clicked on

2022-11-25 14:07:00 - [TEST_STEP][PASSED] - click(findTestObject("06-Teams/button_My Organizations")): Object: 'Object Repository/06-Teams/button_My Organizations' is clicked on

2022-11-25 14:07:00 - [MESSAGE][PASSED] - Object: 'Object Repository/06-Teams/button_My Organizations' is clicked on

2022-11-25 14:07:00 - [TEST_STEP][PASSED] - click(findTestObject("06-Teams/button_GG Automation")): Object: 'Object Repository/06-Teams/button_GG Automation' is clicked on

2022-11-25 14:07:01 - [MESSAGE][PASSED] - Object: 'Object Repository/06-Teams/button_GG Automation' is clicked on

2022-11-25 14:07:01 - [TEST_STEP][PASSED] - delay(4): Delayed 4 second(s)

2022-11-25 14:07:05 - [MESSAGE][PASSED] - Delayed 4 second(s)

2022-11-25 14:07:05 - [TEST_STEP][PASSED] - verifyElementVisible(findTestObject("06-Teams/span_GG Automation")): Object 'Object Repository/06-Teams/span_GG Automation' is visible

2022-11-25 14:07:05 - [MESSAGE][PASSED] - Object 'Object Repository/06-Teams/span_GG Automation' is visible

2022-11-25 14:07:05 - [TEST_STEP][PASSED] - delay(5): Delayed 5 second(s)

2022-11-25 14:07:10 - [MESSAGE][PASSED] - Delayed 5 second(s)

2022-11-25 14:07:10 - [TEST_STEP][PASSED] - click(findTestObject("03-Header Menu/Hamburger Button/div_Settings")): Object: 'Object Repository/03-Header Menu/Hamburger Button/div_Settings' is clicked on

2022-11-25 14:07:11 - [MESSAGE][PASSED] - Object: 'Object Repository/03-Header Menu/Hamburger Button/div_Settings' is clicked on

2022-11-25 14:07:11 - [TEST_STEP][PASSED] - delay(3): Delayed 3 second(s)

2022-11-25 14:07:14 - [MESSAGE][PASSED] - Delayed 3 second(s)

2022-11-25 14:07:14 - [TEST_STEP][PASSED] - click(findTestObject("09-Settings/Users/div_Users")): Object: 'Object Repository/09-Settings/Users/div_Users' is clicked on

2022-11-25 14:07:15 - [MESSAGE][PASSED] - Object: 'Object Repository/09-Settings/Users/div_Users' is clicked on

2022-11-25 14:07:15 - [TEST_STEP][PASSED] - delay(3): Delayed 3 second(s)

2022-11-25 14:07:18 - [MESSAGE][PASSED] - Delayed 3 second(s)

2022-11-25 14:07:18 - [TEST_STEP][PASSED] - click(findTestObject("09-Settings/Users/button_add")): Object: 'Object Repository/09-Settings/Users/button_add' is clicked on

2022-11-25 14:07:18 - [MESSAGE][PASSED] - Object: 'Object Repository/09-Settings/Users/button_add' is clicked on

2022-11-25 14:07:18 - [TEST_STEP][PASSED] - delay(3): Delayed 3 second(s)

2022-11-25 14:07:21 - [MESSAGE][PASSED] - Delayed 3 second(s)

2022-11-25 14:07:21 - [TEST_STEP][PASSED] - click(findTestObject("09-Settings/Users/add Invite a single user")): Object: 'Object Repository/09-Settings/Users/add Invite a single user' is clicked on

2022-11-25 14:07:21 - [MESSAGE][PASSED] - Object: 'Object Repository/09-Settings/Users/add Invite a single user' is clicked on

2022-11-25 14:07:21 - [TEST_STEP][PASSED] - delay(3): Delayed 3 second(s)

2022-11-25 14:07:24 - [MESSAGE][PASSED] - Delayed 3 second(s)

2022-11-25 14:07:24 - [TEST_STEP][PASSED] - setText(findTestObject("09-Settings/Users/input_email"), "autotester09@mailinator.com"): Text 'autotester09@mailinator.com' is set on object 'Object Repository/09-Settings/Users/input_email'

2022-11-25 14:07:26 - [MESSAGE][PASSED] - Text 'autotester09@mailinator.com' is set on object 'Object Repository/09-Settings/Users/input_email'

2022-11-25 14:07:26 - [TEST_STEP][PASSED] - setText(findTestObject("09-Settings/Users/input_firstName"), "GG"): Text 'GG' is set on object 'Object Repository/09-Settings/Users/input_firstName'

2022-11-25 14:07:26 - [MESSAGE][PASSED] - Text 'GG' is set on object 'Object Repository/09-Settings/Users/input_firstName'

2022-11-25 14:07:26 - [TEST_STEP][PASSED] - setText(findTestObject("09-Settings/Users/input_lastName"), "Client"): Text 'Client' is set on object 'Object Repository/09-Settings/Users/input_lastName'

2022-11-25 14:07:27 - [MESSAGE][PASSED] - Text 'Client' is set on object 'Object Repository/09-Settings/Users/input_lastName'

2022-11-25 14:07:27 - [TEST_STEP][PASSED] - click(findTestObject("09-Settings/Users/span_Role")): Object: 'Object Repository/09-Settings/Users/span_Role' is clicked on

2022-11-25 14:07:28 - [MESSAGE][PASSED] - Object: 'Object Repository/09-Settings/Users/span_Role' is clicked on

2022-11-25 14:07:28 - [TEST_STEP][PASSED] - click(findTestObject("09-Settings/Users/span_Client")): Object: 'Object Repository/09-Settings/Users/span_Client' is clicked on

2022-11-25 14:07:28 - [MESSAGE][PASSED] - Object: 'Object Repository/09-Settings/Users/span_Client' is clicked on

2022-11-25 14:07:28 - [TEST_STEP][PASSED] - click(findTestObject("09-Settings/Users/button_Send Invitation")): Object: 'Object Repository/09-Settings/Users/button_Send Invitation' is clicked on

2022-11-25 14:07:29 - [MESSAGE][PASSED] - Object: 'Object Repository/09-Settings/Users/button_Send Invitation' is clicked on

2022-11-25 14:07:29 - [TEST_STEP][PASSED] - delay(2): Delayed 2 second(s)

2022-11-25 14:07:31 - [MESSAGE][PASSED] - Delayed 2 second(s)

2022-11-25 14:07:31 - [TEST_STEP][PASSED] - verifyElementVisible(findTestObject("07-Directory/Connections/zContact Profile/Successfully invited user")): Object 'Object Repository/07-Directory/Connections/zContact Profile/Successfully invited user' is visible

2022-11-25 14:07:32 - [MESSAGE][PASSED] - Object 'Object Repository/07-Directory/Connections/zContact Profile/Successfully invited user' is visible

2022-11-25 14:07:32 - [TEST_STEP][PASSED] - delay(2): Delayed 2 second(s)

2022-11-25 14:07:34 - [MESSAGE][PASSED] - Delayed 2 second(s)

2022-11-25 14:07:34 - [TEST_STEP][PASSED] - click(findTestObject("01-Login and Forgot Password/User menu drop")): Object: 'Object Repository/01-Login and Forgot Password/User menu drop' is clicked on

2022-11-25 14:07:35 - [MESSAGE][PASSED] - Object: 'Object Repository/01-Login and Forgot Password/User menu drop' is clicked on

2022-11-25 14:07:35 - [TEST_STEP][PASSED] - delay(2): Delayed 2 second(s)

2022-11-25 14:07:37 - [MESSAGE][PASSED] - Delayed 2 second(s)

2022-11-25 14:07:37 - [TEST_STEP][PASSED] - click(findTestObject("01-Login and Forgot Password/h4_Sign Out"), STOP_ON_FAILURE): Object: 'Object Repository/01-Login and Forgot Password/h4_Sign Out' is clicked on

2022-11-25 14:07:38 - [MESSAGE][PASSED] - Object: 'Object Repository/01-Login and Forgot Password/h4_Sign Out' is clicked on

2022-11-25 14:07:38 - [TEST_STEP][PASSED] - delay(2): Delayed 2 second(s)

2022-11-25 14:07:40 - [MESSAGE][PASSED] - Delayed 2 second(s)

2022-11-25 14:07:40 - [TEST_STEP][PASSED] - verifyElementPresent(findTestObject("01-Login and Forgot Password/Login_Card"), 0): Object 'Object Repository/01-Login and Forgot Password/Login_Card' is present

2022-11-25 14:07:40 - [MESSAGE][WARNING] - Timeout '0' is invalid. Using default page load timeout: '30'

2022-11-25 14:07:40 - [MESSAGE][PASSED] - Object 'Object Repository/01-Login and Forgot Password/Login_Card' is present

2022-11-25 14:07:40 - [TEST_STEP][PASSED] - delay(3): Delayed 3 second(s)

2022-11-25 14:07:43 - [MESSAGE][PASSED] - Delayed 3 second(s)

2022-11-25 14:07:43 - [TEST_STEP][PASSED] - closeBrowser(): Browser is closed

2022-11-25 14:07:44 - [MESSAGE][PASSED] - Browser is closed

2022-11-25 14:07:44 - [TEST_STEP][PASSED] - openBrowser(""): Browser is opened with url: ''

2022-11-25 14:07:44 - [MESSAGE][INFO] - Starting 'Chrome' driver

2022-11-25 14:07:44 - [MESSAGE][INFO] - Action delay is set to 0 milliseconds

2022-11-25 14:07:45 - [MESSAGE][PASSED] - Browser is opened with url: ''

2022-11-25 14:07:45 - [TEST_STEP][PASSED] - navigateToUrl("https://lab.everleagues.com/"): Navigate to 'https://lab.everleagues.com/' successfully

2022-11-25 14:07:59 - [MESSAGE][PASSED] - Navigate to 'https://lab.everleagues.com/' successfully

2022-11-25 14:07:59 - [TEST_STEP][PASSED] - maximizeWindow(): Current window maximized

2022-11-25 14:07:59 - [MESSAGE][PASSED] - Current window maximized

2022-11-25 14:07:59 - [TEST_STEP][PASSED] - setText(findTestObject("02-Side Icons(Organization)/Add Contact/Email Field"), "autotester09@mailinator.com"): Text 'autotester09@mailinator.com' is set on object 'Object Repository/02-Side Icons(Organization)/Add Contact/Email Field'

2022-11-25 14:08:00 - [MESSAGE][PASSED] - Text 'autotester09@mailinator.com' is set on object 'Object Repository/02-Side Icons(Organization)/Add Contact/Email Field'

2022-11-25 14:08:00 - [TEST_STEP][PASSED] - setEncryptedText(findTestObject("02-Side Icons(Organization)/Add Contact/Password Field"), "8yFRyszE6U6jvsCn51OQbg=="): Text ****** has been set on object 'Object Repository/02-Side Icons(Organization)/Add Contact/Password Field'

2022-11-25 14:08:00 - [MESSAGE][PASSED] - Text ****** has been set on object 'Object Repository/02-Side Icons(Organization)/Add Contact/Password Field'

2022-11-25 14:08:00 - [TEST_STEP][PASSED] - click(findTestObject("02-Side Icons(Organization)/Add Contact/button_Sign in")): Object: 'Object Repository/02-Side Icons(Organization)/Add Contact/button_Sign in' is clicked on

2022-11-25 14:08:01 - [MESSAGE][PASSED] - Object: 'Object Repository/02-Side Icons(Organization)/Add Contact/button_Sign in' is clicked on

2022-11-25 14:08:01 - [TEST_STEP][PASSED] - delay(2): Delayed 2 second(s)

2022-11-25 14:08:03 - [MESSAGE][PASSED] - Delayed 2 second(s)

2022-11-25 14:08:03 - [TEST_STEP][PASSED] - click(findTestObject("06-Teams/For 2FA/button_Confirm_2FA")): Object: 'Object Repository/06-Teams/For 2FA/button_Confirm_2FA' is clicked on

2022-11-25 14:08:03 - [MESSAGE][PASSED] - Object: 'Object Repository/06-Teams/For 2FA/button_Confirm_2FA' is clicked on

2022-11-25 14:08:03 - [TEST_STEP][PASSED] - executeJavaScript("window.open();", []): Execute JavaScript 'window.open();' successfully

2022-11-25 14:08:03 - [MESSAGE][PASSED] - Execute JavaScript 'window.open();' successfully

2022-11-25 14:08:03 - [TEST_STEP][PASSED] - currentWindow = getWindowIndex(): Current window's index is: 0

2022-11-25 14:08:03 - [MESSAGE][PASSED] - Current window's index is: 0

2022-11-25 14:08:03 - [TEST_STEP][PASSED] - delay(3): Delayed 3 second(s)

2022-11-25 14:08:06 - [MESSAGE][PASSED] - Delayed 3 second(s)

2022-11-25 14:08:06 - [TEST_STEP][PASSED] - switchToWindowIndex(currentWindow + 1): Switched to window with index: '1'

2022-11-25 14:08:06 - [MESSAGE][PASSED] - Switched to window with index: '1'

2022-11-25 14:08:06 - [TEST_STEP][PASSED] - navigateToUrl("https://www.mailinator.com/"): Navigate to 'https://www.mailinator.com/' successfully

2022-11-25 14:08:08 - [MESSAGE][PASSED] - Navigate to 'https://www.mailinator.com/' successfully

2022-11-25 14:08:08 - [TEST_STEP][PASSED] - delay(3): Delayed 3 second(s)

2022-11-25 14:08:11 - [MESSAGE][PASSED] - Delayed 3 second(s)

2022-11-25 14:08:11 - [TEST_STEP][PASSED] - setText(findTestObject("00-Signup and Activation/zMailinator/input_LOGIN_search"), "autotester09@mailinator.com"): Text 'autotester09@mailinator.com' is set on object 'Object Repository/00-Signup and Activation/zMailinator/input_LOGIN_search'

2022-11-25 14:08:12 - [MESSAGE][PASSED] - Text 'autotester09@mailinator.com' is set on object 'Object Repository/00-Signup and Activation/zMailinator/input_LOGIN_search'

2022-11-25 14:08:12 - [TEST_STEP][PASSED] - click(findTestObject("00-Signup and Activation/zMailinator/gobutton"), STOP_ON_FAILURE): Object: 'Object Repository/00-Signup and Activation/zMailinator/gobutton' is clicked on

2022-11-25 14:08:14 - [MESSAGE][PASSED] - Object: 'Object Repository/00-Signup and Activation/zMailinator/gobutton' is clicked on

2022-11-25 14:08:14 - [TEST_STEP][PASSED] - delay(3): Delayed 3 second(s)

2022-11-25 14:08:17 - [MESSAGE][PASSED] - Delayed 3 second(s)

2022-11-25 14:08:17 - [TEST_STEP][PASSED] - click(findTestObject("00-Signup and Activation/zMailinator/Email - everleagues")): Object: 'Object Repository/00-Signup and Activation/zMailinator/Email - everleagues' is clicked on

2022-11-25 14:08:17 - [MESSAGE][PASSED] - Object: 'Object Repository/00-Signup and Activation/zMailinator/Email - everleagues' is clicked on

2022-11-25 14:08:17 - [TEST_STEP][PASSED] - delay(3): Delayed 3 second(s)

2022-11-25 14:08:20 - [MESSAGE][PASSED] - Delayed 3 second(s)

2022-11-25 14:08:20 - [TEST_STEP][PASSED] - codetwo = getText(findTestObject("Object Repository/06-Teams/For 2FA/2FA code")): Text of object 'Object Repository/06-Teams/For 2FA/2FA code' is: '185721'

2022-11-25 14:08:21 - [MESSAGE][PASSED] - Text of object 'Object Repository/06-Teams/For 2FA/2FA code' is: '185721'

2022-11-25 14:08:21 - [TEST_STEP][PASSED] - delay(3): Delayed 3 second(s)

2022-11-25 14:08:24 - [MESSAGE][PASSED] - Delayed 3 second(s)

2022-11-25 14:08:24 - [TEST_STEP][PASSED] - closeWindowTitle("Mailinator"): Window with title: 'Mailinator' is closed

2022-11-25 14:08:24 - [MESSAGE][PASSED] - Window with title: 'Mailinator' is closed

2022-11-25 14:08:24 - [TEST_STEP][PASSED] - delay(3): Delayed 3 second(s)

2022-11-25 14:08:27 - [MESSAGE][PASSED] - Delayed 3 second(s)

2022-11-25 14:08:27 - [TEST_STEP][PASSED] - switchToWindowIndex(0): Switched to window with index: '0'

2022-11-25 14:08:27 - [MESSAGE][PASSED] - Switched to window with index: '0'

2022-11-25 14:08:27 - [TEST_STEP][PASSED] - delay(3): Delayed 3 second(s)

2022-11-25 14:08:30 - [MESSAGE][PASSED] - Delayed 3 second(s)

2022-11-25 14:08:30 - [TEST_STEP][PASSED] - setText(findTestObject("Object Repository/06-Teams/For 2FA/input_Enter verification code_code"), codetwo): Text '185721' is set on object 'Object Repository/06-Teams/For 2FA/input_Enter verification code_code'

2022-11-25 14:08:31 - [MESSAGE][PASSED] - Text '185721' is set on object 'Object Repository/06-Teams/For 2FA/input_Enter verification code_code'

2022-11-25 14:08:31 - [TEST_STEP][PASSED] - delay(3): Delayed 3 second(s)

2022-11-25 14:08:34 - [MESSAGE][PASSED] - Delayed 3 second(s)

2022-11-25 14:08:34 - [TEST_STEP][PASSED] - click(findTestObject("06-Teams/For 2FA/button_Verify_2FA")): Object: 'Object Repository/06-Teams/For 2FA/button_Verify_2FA' is clicked on

2022-11-25 14:08:34 - [MESSAGE][PASSED] - Object: 'Object Repository/06-Teams/For 2FA/button_Verify_2FA' is clicked on

2022-11-25 14:08:34 - [TEST_STEP][PASSED] - delay(5): Delayed 5 second(s)

2022-11-25 14:08:39 - [MESSAGE][PASSED] - Delayed 5 second(s)

2022-11-25 14:08:39 - [TEST_STEP][PASSED] - executeJavaScript("window.open();", []): Execute JavaScript 'window.open();' successfully

2022-11-25 14:08:39 - [MESSAGE][PASSED] - Execute JavaScript 'window.open();' successfully

2022-11-25 14:08:39 - [TEST_STEP][PASSED] - currentWindow = getWindowIndex(): Current window's index is: 0

2022-11-25 14:08:39 - [MESSAGE][PASSED] - Current window's index is: 0

2022-11-25 14:08:39 - [TEST_STEP][PASSED] - delay(3): Delayed 3 second(s)

2022-11-25 14:08:42 - [MESSAGE][PASSED] - Delayed 3 second(s)

2022-11-25 14:08:42 - [TEST_STEP][PASSED] - switchToWindowIndex(currentWindow + 1): Switched to window with index: '1'

2022-11-25 14:08:42 - [MESSAGE][PASSED] - Switched to window with index: '1'

2022-11-25 14:08:42 - [TEST_STEP][PASSED] - navigateToUrl("https://www.mailinator.com/"): Navigate to 'https://www.mailinator.com/' successfully

2022-11-25 14:08:44 - [MESSAGE][PASSED] - Navigate to 'https://www.mailinator.com/' successfully

2022-11-25 14:08:44 - [TEST_STEP][PASSED] - delay(3): Delayed 3 second(s)

2022-11-25 14:08:47 - [MESSAGE][PASSED] - Delayed 3 second(s)

2022-11-25 14:08:47 - [TEST_STEP][PASSED] - setText(findTestObject("00-Signup and Activation/zMailinator/input_LOGIN_search"), "autotester09@mailinator.com"): Text 'autotester09@mailinator.com' is set on object 'Object Repository/00-Signup and Activation/zMailinator/input_LOGIN_search'

2022-11-25 14:08:47 - [MESSAGE][PASSED] - Text 'autotester09@mailinator.com' is set on object 'Object Repository/00-Signup and Activation/zMailinator/input_LOGIN_search'

2022-11-25 14:08:47 - [TEST_STEP][PASSED] - click(findTestObject("00-Signup and Activation/zMailinator/gobutton"), STOP_ON_FAILURE): Object: 'Object Repository/00-Signup and Activation/zMailinator/gobutton' is clicked on

2022-11-25 14:08:48 - [MESSAGE][PASSED] - Object: 'Object Repository/00-Signup and Activation/zMailinator/gobutton' is clicked on

2022-11-25 14:08:48 - [TEST_STEP][PASSED] - delay(3): Delayed 3 second(s)

2022-11-25 14:08:51 - [MESSAGE][PASSED] - Delayed 3 second(s)

2022-11-25 14:08:51 - [TEST_STEP][PASSED] - closeWindowTitle("Everleagues"): Window with title: 'Everleagues' is closed

2022-11-25 14:08:51 - [MESSAGE][PASSED] - Window with title: 'Everleagues' is closed

2022-11-25 14:08:51 - [TEST_STEP][PASSED] - switchToWindowIndex(0): Switched to window with index: '0'

2022-11-25 14:08:51 - [MESSAGE][PASSED] - Switched to window with index: '0'

2022-11-25 14:08:51 - [TEST_STEP][PASSED] - click(findTestObject("09-Settings/Users/Co worker/td_Invitation from GG Automation")): Object: 'Object Repository/09-Settings/Users/Co worker/td_Invitation from GG Automation' is clicked on

2022-11-25 14:08:52 - [MESSAGE][PASSED] - Object: 'Object Repository/09-Settings/Users/Co worker/td_Invitation from GG Automation' is clicked on

2022-11-25 14:08:52 - [TEST_STEP][PASSED] - click(findTestObject("09-Settings/Users/Co worker/a_Click here to join GG Automation on EverLeagues")): Object: 'Object Repository/09-Settings/Users/Co worker/a_Click here to join GG Automation on EverLeagues' is clicked on

2022-11-25 14:08:53 - [MESSAGE][PASSED] - Object: 'Object Repository/09-Settings/Users/Co worker/a_Click here to join GG Automation on EverLeagues' is clicked on

2022-11-25 14:08:53 - [TEST_STEP][PASSED] - closeWindowTitle("Mailinator"): Window with title: 'Mailinator' is closed

2022-11-25 14:08:53 - [MESSAGE][PASSED] - Window with title: 'Mailinator' is closed

2022-11-25 14:08:53 - [TEST_STEP][PASSED] - switchToWindowIndex(0): Switched to window with index: '0'

2022-11-25 14:08:53 - [MESSAGE][PASSED] - Switched to window with index: '0'

2022-11-25 14:08:53 - [TEST_STEP][PASSED] - verifyElementVisible(findTestObject("09-Settings/Users/Client/Invite modal")): Object 'Object Repository/09-Settings/Users/Client/Invite modal' is visible

2022-11-25 14:08:59 - [MESSAGE][PASSED] - Object 'Object Repository/09-Settings/Users/Client/Invite modal' is visible

2022-11-25 14:08:59 - [TEST_STEP][PASSED] - setText(findTestObject("09-Settings/Users/Client/Company field"), "QA Company"): Text 'QA Company' is set on object 'Object Repository/09-Settings/Users/Client/Company field'

2022-11-25 14:08:59 - [MESSAGE][PASSED] - Text 'QA Company' is set on object 'Object Repository/09-Settings/Users/Client/Company field'

2022-11-25 14:08:59 - [TEST_STEP][PASSED] - click(findTestObject("09-Settings/Users/Client/button_Accept")): Object: 'Object Repository/09-Settings/Users/Client/button_Accept' is clicked on

2022-11-25 14:09:00 - [MESSAGE][PASSED] - Object: 'Object Repository/09-Settings/Users/Client/button_Accept' is clicked on

2022-11-25 14:09:00 - [TEST_STEP][PASSED] - delay(5): Delayed 5 second(s)

2022-11-25 14:09:05 - [MESSAGE][PASSED] - Delayed 5 second(s)

2022-11-25 14:09:05 - [TEST_STEP][PASSED] - verifyElementVisible(findTestObject("09-Settings/Users/Client/div_Joined as CLIENT")): Object 'Object Repository/09-Settings/Users/Client/div_Joined as CLIENT' is visible

2022-11-25 14:09:06 - [MESSAGE][PASSED] - Object 'Object Repository/09-Settings/Users/Client/div_Joined as CLIENT' is visible

2022-11-25 14:09:06 - [TEST_STEP][PASSED] - delay(3): Delayed 3 second(s)

2022-11-25 14:09:09 - [MESSAGE][PASSED] - Delayed 3 second(s)

2022-11-25 14:09:09 - [TEST_STEP][PASSED] - closeBrowser(): Browser is closed

2022-11-25 14:09:10 - [MESSAGE][PASSED] - Browser is closed]]></system-out>
         <system-err><![CDATA[]]></system-err>
      </testcase>
      <testcase name="Test Cases/09-Settings/04 - Users (Invite new user as partner)" time="221.426" classname="Test Cases/09-Settings/04 - Users (Invite new user as partner)" status="PASSED">
         <system-out><![CDATA[2022-11-25 14:09:10 - [TEST_CASE][PASSED] - Test Cases/09-Settings/04 - Users (Invite new user as partner): Test Cases/09-Settings/04 - Users (Invite new user as partner)

2022-11-25 14:09:10 - [TEST_STEP][PASSED] - openBrowser(""): Browser is opened with url: ''

2022-11-25 14:09:10 - [MESSAGE][INFO] - Starting 'Chrome' driver

2022-11-25 14:09:10 - [MESSAGE][INFO] - Action delay is set to 0 milliseconds

2022-11-25 14:09:11 - [MESSAGE][PASSED] - Browser is opened with url: ''

2022-11-25 14:09:11 - [TEST_STEP][PASSED] - navigateToUrl("https://lab.everleagues.com/"): Navigate to 'https://lab.everleagues.com/' successfully

2022-11-25 14:09:51 - [MESSAGE][PASSED] - Navigate to 'https://lab.everleagues.com/' successfully

2022-11-25 14:09:51 - [TEST_STEP][PASSED] - maximizeWindow(): Current window maximized

2022-11-25 14:09:51 - [MESSAGE][PASSED] - Current window maximized

2022-11-25 14:09:51 - [TEST_STEP][PASSED] - setText(findTestObject("02-Side Icons(Organization)/Add Contact/Email Field"), "testuser02@mailinator.com"): Text 'testuser02@mailinator.com' is set on object 'Object Repository/02-Side Icons(Organization)/Add Contact/Email Field'

2022-11-25 14:09:52 - [MESSAGE][PASSED] - Text 'testuser02@mailinator.com' is set on object 'Object Repository/02-Side Icons(Organization)/Add Contact/Email Field'

2022-11-25 14:09:52 - [TEST_STEP][PASSED] - setEncryptedText(findTestObject("02-Side Icons(Organization)/Add Contact/Password Field"), "8yFRyszE6U6jvsCn51OQbg=="): Text ****** has been set on object 'Object Repository/02-Side Icons(Organization)/Add Contact/Password Field'

2022-11-25 14:09:53 - [MESSAGE][PASSED] - Text ****** has been set on object 'Object Repository/02-Side Icons(Organization)/Add Contact/Password Field'

2022-11-25 14:09:53 - [TEST_STEP][PASSED] - click(findTestObject("02-Side Icons(Organization)/Add Contact/button_Sign in")): Object: 'Object Repository/02-Side Icons(Organization)/Add Contact/button_Sign in' is clicked on

2022-11-25 14:09:54 - [MESSAGE][PASSED] - Object: 'Object Repository/02-Side Icons(Organization)/Add Contact/button_Sign in' is clicked on

2022-11-25 14:09:54 - [TEST_STEP][PASSED] - delay(2): Delayed 2 second(s)

2022-11-25 14:09:56 - [MESSAGE][PASSED] - Delayed 2 second(s)

2022-11-25 14:09:56 - [TEST_STEP][PASSED] - click(findTestObject("06-Teams/For 2FA/button_Confirm_2FA")): Object: 'Object Repository/06-Teams/For 2FA/button_Confirm_2FA' is clicked on

2022-11-25 14:09:57 - [MESSAGE][PASSED] - Object: 'Object Repository/06-Teams/For 2FA/button_Confirm_2FA' is clicked on

2022-11-25 14:09:57 - [TEST_STEP][PASSED] - executeJavaScript("window.open();", []): Execute JavaScript 'window.open();' successfully

2022-11-25 14:09:57 - [MESSAGE][PASSED] - Execute JavaScript 'window.open();' successfully

2022-11-25 14:09:57 - [TEST_STEP][PASSED] - currentWindow = getWindowIndex(): Current window's index is: 0

2022-11-25 14:09:57 - [MESSAGE][PASSED] - Current window's index is: 0

2022-11-25 14:09:57 - [TEST_STEP][PASSED] - delay(3): Delayed 3 second(s)

2022-11-25 14:10:00 - [MESSAGE][PASSED] - Delayed 3 second(s)

2022-11-25 14:10:00 - [TEST_STEP][PASSED] - switchToWindowIndex(currentWindow + 1): Switched to window with index: '1'

2022-11-25 14:10:00 - [MESSAGE][PASSED] - Switched to window with index: '1'

2022-11-25 14:10:00 - [TEST_STEP][PASSED] - navigateToUrl("https://www.mailinator.com/"): Navigate to 'https://www.mailinator.com/' successfully

2022-11-25 14:10:02 - [MESSAGE][PASSED] - Navigate to 'https://www.mailinator.com/' successfully

2022-11-25 14:10:02 - [TEST_STEP][PASSED] - delay(3): Delayed 3 second(s)

2022-11-25 14:10:05 - [MESSAGE][PASSED] - Delayed 3 second(s)

2022-11-25 14:10:05 - [TEST_STEP][PASSED] - setText(findTestObject("00-Signup and Activation/zMailinator/input_LOGIN_search"), "testuser02@mailinator.com"): Text 'testuser02@mailinator.com' is set on object 'Object Repository/00-Signup and Activation/zMailinator/input_LOGIN_search'

2022-11-25 14:10:06 - [MESSAGE][PASSED] - Text 'testuser02@mailinator.com' is set on object 'Object Repository/00-Signup and Activation/zMailinator/input_LOGIN_search'

2022-11-25 14:10:06 - [TEST_STEP][PASSED] - click(findTestObject("00-Signup and Activation/zMailinator/gobutton"), STOP_ON_FAILURE): Object: 'Object Repository/00-Signup and Activation/zMailinator/gobutton' is clicked on

2022-11-25 14:10:07 - [MESSAGE][PASSED] - Object: 'Object Repository/00-Signup and Activation/zMailinator/gobutton' is clicked on

2022-11-25 14:10:07 - [TEST_STEP][PASSED] - delay(3): Delayed 3 second(s)

2022-11-25 14:10:10 - [MESSAGE][PASSED] - Delayed 3 second(s)

2022-11-25 14:10:10 - [TEST_STEP][PASSED] - click(findTestObject("00-Signup and Activation/zMailinator/Email - everleagues")): Object: 'Object Repository/00-Signup and Activation/zMailinator/Email - everleagues' is clicked on

2022-11-25 14:10:10 - [MESSAGE][PASSED] - Object: 'Object Repository/00-Signup and Activation/zMailinator/Email - everleagues' is clicked on

2022-11-25 14:10:10 - [TEST_STEP][PASSED] - delay(3): Delayed 3 second(s)

2022-11-25 14:10:13 - [MESSAGE][PASSED] - Delayed 3 second(s)

2022-11-25 14:10:13 - [TEST_STEP][PASSED] - code = getText(findTestObject("Object Repository/06-Teams/For 2FA/2FA code")): Text of object 'Object Repository/06-Teams/For 2FA/2FA code' is: '519648'

2022-11-25 14:10:14 - [MESSAGE][PASSED] - Text of object 'Object Repository/06-Teams/For 2FA/2FA code' is: '519648'

2022-11-25 14:10:14 - [TEST_STEP][PASSED] - delay(3): Delayed 3 second(s)

2022-11-25 14:10:17 - [MESSAGE][PASSED] - Delayed 3 second(s)

2022-11-25 14:10:17 - [TEST_STEP][PASSED] - closeWindowTitle("Mailinator"): Window with title: 'Mailinator' is closed

2022-11-25 14:10:17 - [MESSAGE][PASSED] - Window with title: 'Mailinator' is closed

2022-11-25 14:10:17 - [TEST_STEP][PASSED] - delay(3): Delayed 3 second(s)

2022-11-25 14:10:20 - [MESSAGE][PASSED] - Delayed 3 second(s)

2022-11-25 14:10:20 - [TEST_STEP][PASSED] - switchToWindowIndex(0): Switched to window with index: '0'

2022-11-25 14:10:20 - [MESSAGE][PASSED] - Switched to window with index: '0'

2022-11-25 14:10:20 - [TEST_STEP][PASSED] - delay(3): Delayed 3 second(s)

2022-11-25 14:10:23 - [MESSAGE][PASSED] - Delayed 3 second(s)

2022-11-25 14:10:23 - [TEST_STEP][PASSED] - setText(findTestObject("Object Repository/06-Teams/For 2FA/input_Enter verification code_code"), code): Text '519648' is set on object 'Object Repository/06-Teams/For 2FA/input_Enter verification code_code'

2022-11-25 14:10:24 - [MESSAGE][PASSED] - Text '519648' is set on object 'Object Repository/06-Teams/For 2FA/input_Enter verification code_code'

2022-11-25 14:10:24 - [TEST_STEP][PASSED] - delay(3): Delayed 3 second(s)

2022-11-25 14:10:27 - [MESSAGE][PASSED] - Delayed 3 second(s)

2022-11-25 14:10:27 - [TEST_STEP][PASSED] - click(findTestObject("06-Teams/For 2FA/button_Verify_2FA")): Object: 'Object Repository/06-Teams/For 2FA/button_Verify_2FA' is clicked on

2022-11-25 14:10:28 - [MESSAGE][PASSED] - Object: 'Object Repository/06-Teams/For 2FA/button_Verify_2FA' is clicked on

2022-11-25 14:10:28 - [TEST_STEP][PASSED] - delay(5): Delayed 5 second(s)

2022-11-25 14:10:33 - [MESSAGE][PASSED] - Delayed 5 second(s)

2022-11-25 14:10:33 - [TEST_STEP][PASSED] - click(findTestObject("06-Teams/button_doublearrow")): Object: 'Object Repository/06-Teams/button_doublearrow' is clicked on

2022-11-25 14:10:34 - [MESSAGE][PASSED] - Object: 'Object Repository/06-Teams/button_doublearrow' is clicked on

2022-11-25 14:10:34 - [TEST_STEP][PASSED] - click(findTestObject("06-Teams/button_My Organizations")): Object: 'Object Repository/06-Teams/button_My Organizations' is clicked on

2022-11-25 14:10:34 - [MESSAGE][PASSED] - Object: 'Object Repository/06-Teams/button_My Organizations' is clicked on

2022-11-25 14:10:34 - [TEST_STEP][PASSED] - click(findTestObject("06-Teams/button_GG Automation")): Object: 'Object Repository/06-Teams/button_GG Automation' is clicked on

2022-11-25 14:10:35 - [MESSAGE][PASSED] - Object: 'Object Repository/06-Teams/button_GG Automation' is clicked on

2022-11-25 14:10:35 - [TEST_STEP][PASSED] - delay(4): Delayed 4 second(s)

2022-11-25 14:10:39 - [MESSAGE][PASSED] - Delayed 4 second(s)

2022-11-25 14:10:39 - [TEST_STEP][PASSED] - verifyElementVisible(findTestObject("06-Teams/span_GG Automation")): Object 'Object Repository/06-Teams/span_GG Automation' is visible

2022-11-25 14:10:40 - [MESSAGE][PASSED] - Object 'Object Repository/06-Teams/span_GG Automation' is visible

2022-11-25 14:10:40 - [TEST_STEP][PASSED] - delay(5): Delayed 5 second(s)

2022-11-25 14:10:45 - [MESSAGE][PASSED] - Delayed 5 second(s)

2022-11-25 14:10:45 - [TEST_STEP][PASSED] - click(findTestObject("03-Header Menu/Hamburger Button/div_Settings")): Object: 'Object Repository/03-Header Menu/Hamburger Button/div_Settings' is clicked on

2022-11-25 14:10:45 - [MESSAGE][PASSED] - Object: 'Object Repository/03-Header Menu/Hamburger Button/div_Settings' is clicked on

2022-11-25 14:10:45 - [TEST_STEP][PASSED] - delay(3): Delayed 3 second(s)

2022-11-25 14:10:48 - [MESSAGE][PASSED] - Delayed 3 second(s)

2022-11-25 14:10:48 - [TEST_STEP][PASSED] - click(findTestObject("09-Settings/Users/div_Users")): Object: 'Object Repository/09-Settings/Users/div_Users' is clicked on

2022-11-25 14:10:49 - [MESSAGE][PASSED] - Object: 'Object Repository/09-Settings/Users/div_Users' is clicked on

2022-11-25 14:10:49 - [TEST_STEP][PASSED] - delay(3): Delayed 3 second(s)

2022-11-25 14:10:52 - [MESSAGE][PASSED] - Delayed 3 second(s)

2022-11-25 14:10:52 - [TEST_STEP][PASSED] - click(findTestObject("09-Settings/Users/button_add")): Object: 'Object Repository/09-Settings/Users/button_add' is clicked on

2022-11-25 14:10:52 - [MESSAGE][PASSED] - Object: 'Object Repository/09-Settings/Users/button_add' is clicked on

2022-11-25 14:10:52 - [TEST_STEP][PASSED] - delay(3): Delayed 3 second(s)

2022-11-25 14:10:55 - [MESSAGE][PASSED] - Delayed 3 second(s)

2022-11-25 14:10:55 - [TEST_STEP][PASSED] - click(findTestObject("09-Settings/Users/add Invite a single user")): Object: 'Object Repository/09-Settings/Users/add Invite a single user' is clicked on

2022-11-25 14:10:56 - [MESSAGE][PASSED] - Object: 'Object Repository/09-Settings/Users/add Invite a single user' is clicked on

2022-11-25 14:10:56 - [TEST_STEP][PASSED] - delay(3): Delayed 3 second(s)

2022-11-25 14:10:59 - [MESSAGE][PASSED] - Delayed 3 second(s)

2022-11-25 14:10:59 - [TEST_STEP][PASSED] - setText(findTestObject("09-Settings/Users/input_email"), "autotester10@mailinator.com"): Text 'autotester10@mailinator.com' is set on object 'Object Repository/09-Settings/Users/input_email'

2022-11-25 14:11:00 - [MESSAGE][PASSED] - Text 'autotester10@mailinator.com' is set on object 'Object Repository/09-Settings/Users/input_email'

2022-11-25 14:11:00 - [TEST_STEP][PASSED] - setText(findTestObject("09-Settings/Users/input_firstName"), "GG"): Text 'GG' is set on object 'Object Repository/09-Settings/Users/input_firstName'

2022-11-25 14:11:00 - [MESSAGE][PASSED] - Text 'GG' is set on object 'Object Repository/09-Settings/Users/input_firstName'

2022-11-25 14:11:00 - [TEST_STEP][PASSED] - setText(findTestObject("09-Settings/Users/input_lastName"), "Partner"): Text 'Partner' is set on object 'Object Repository/09-Settings/Users/input_lastName'

2022-11-25 14:11:01 - [MESSAGE][PASSED] - Text 'Partner' is set on object 'Object Repository/09-Settings/Users/input_lastName'

2022-11-25 14:11:01 - [TEST_STEP][PASSED] - click(findTestObject("09-Settings/Users/span_Role")): Object: 'Object Repository/09-Settings/Users/span_Role' is clicked on

2022-11-25 14:11:02 - [MESSAGE][PASSED] - Object: 'Object Repository/09-Settings/Users/span_Role' is clicked on

2022-11-25 14:11:02 - [TEST_STEP][PASSED] - click(findTestObject("09-Settings/Users/span_Partner")): Object: 'Object Repository/09-Settings/Users/span_Partner' is clicked on

2022-11-25 14:11:02 - [MESSAGE][PASSED] - Object: 'Object Repository/09-Settings/Users/span_Partner' is clicked on

2022-11-25 14:11:02 - [TEST_STEP][PASSED] - click(findTestObject("09-Settings/Users/button_Send Invitation")): Object: 'Object Repository/09-Settings/Users/button_Send Invitation' is clicked on

2022-11-25 14:11:03 - [MESSAGE][PASSED] - Object: 'Object Repository/09-Settings/Users/button_Send Invitation' is clicked on

2022-11-25 14:11:03 - [TEST_STEP][PASSED] - delay(2): Delayed 2 second(s)

2022-11-25 14:11:05 - [MESSAGE][PASSED] - Delayed 2 second(s)

2022-11-25 14:11:05 - [TEST_STEP][PASSED] - verifyElementVisible(findTestObject("07-Directory/Connections/zContact Profile/Successfully invited user")): Object 'Object Repository/07-Directory/Connections/zContact Profile/Successfully invited user' is visible

2022-11-25 14:11:06 - [MESSAGE][PASSED] - Object 'Object Repository/07-Directory/Connections/zContact Profile/Successfully invited user' is visible

2022-11-25 14:11:06 - [TEST_STEP][PASSED] - delay(2): Delayed 2 second(s)

2022-11-25 14:11:08 - [MESSAGE][PASSED] - Delayed 2 second(s)

2022-11-25 14:11:08 - [TEST_STEP][PASSED] - click(findTestObject("01-Login and Forgot Password/User menu drop")): Object: 'Object Repository/01-Login and Forgot Password/User menu drop' is clicked on

2022-11-25 14:11:09 - [MESSAGE][PASSED] - Object: 'Object Repository/01-Login and Forgot Password/User menu drop' is clicked on

2022-11-25 14:11:09 - [TEST_STEP][PASSED] - delay(2): Delayed 2 second(s)

2022-11-25 14:11:11 - [MESSAGE][PASSED] - Delayed 2 second(s)

2022-11-25 14:11:11 - [TEST_STEP][PASSED] - click(findTestObject("01-Login and Forgot Password/h4_Sign Out"), STOP_ON_FAILURE): Object: 'Object Repository/01-Login and Forgot Password/h4_Sign Out' is clicked on

2022-11-25 14:11:11 - [MESSAGE][PASSED] - Object: 'Object Repository/01-Login and Forgot Password/h4_Sign Out' is clicked on

2022-11-25 14:11:11 - [TEST_STEP][PASSED] - delay(2): Delayed 2 second(s)

2022-11-25 14:11:13 - [MESSAGE][PASSED] - Delayed 2 second(s)

2022-11-25 14:11:13 - [TEST_STEP][PASSED] - verifyElementPresent(findTestObject("01-Login and Forgot Password/Login_Card"), 0): Object 'Object Repository/01-Login and Forgot Password/Login_Card' is present

2022-11-25 14:11:13 - [MESSAGE][WARNING] - Timeout '0' is invalid. Using default page load timeout: '30'

2022-11-25 14:11:14 - [MESSAGE][PASSED] - Object 'Object Repository/01-Login and Forgot Password/Login_Card' is present

2022-11-25 14:11:14 - [TEST_STEP][PASSED] - delay(3): Delayed 3 second(s)

2022-11-25 14:11:17 - [MESSAGE][PASSED] - Delayed 3 second(s)

2022-11-25 14:11:17 - [TEST_STEP][PASSED] - closeBrowser(): Browser is closed

2022-11-25 14:11:17 - [MESSAGE][PASSED] - Browser is closed

2022-11-25 14:11:17 - [TEST_STEP][PASSED] - openBrowser(""): Browser is opened with url: ''

2022-11-25 14:11:17 - [MESSAGE][INFO] - Starting 'Chrome' driver

2022-11-25 14:11:17 - [MESSAGE][INFO] - Action delay is set to 0 milliseconds

2022-11-25 14:11:19 - [MESSAGE][PASSED] - Browser is opened with url: ''

2022-11-25 14:11:19 - [TEST_STEP][PASSED] - navigateToUrl("https://lab.everleagues.com/"): Navigate to 'https://lab.everleagues.com/' successfully

2022-11-25 14:11:30 - [MESSAGE][PASSED] - Navigate to 'https://lab.everleagues.com/' successfully

2022-11-25 14:11:30 - [TEST_STEP][PASSED] - maximizeWindow(): Current window maximized

2022-11-25 14:11:30 - [MESSAGE][PASSED] - Current window maximized

2022-11-25 14:11:30 - [TEST_STEP][PASSED] - setText(findTestObject("02-Side Icons(Organization)/Add Contact/Email Field"), "autotester10@mailinator.com"): Text 'autotester10@mailinator.com' is set on object 'Object Repository/02-Side Icons(Organization)/Add Contact/Email Field'

2022-11-25 14:11:31 - [MESSAGE][PASSED] - Text 'autotester10@mailinator.com' is set on object 'Object Repository/02-Side Icons(Organization)/Add Contact/Email Field'

2022-11-25 14:11:31 - [TEST_STEP][PASSED] - setEncryptedText(findTestObject("02-Side Icons(Organization)/Add Contact/Password Field"), "8yFRyszE6U6jvsCn51OQbg=="): Text ****** has been set on object 'Object Repository/02-Side Icons(Organization)/Add Contact/Password Field'

2022-11-25 14:11:31 - [MESSAGE][PASSED] - Text ****** has been set on object 'Object Repository/02-Side Icons(Organization)/Add Contact/Password Field'

2022-11-25 14:11:31 - [TEST_STEP][PASSED] - click(findTestObject("02-Side Icons(Organization)/Add Contact/button_Sign in")): Object: 'Object Repository/02-Side Icons(Organization)/Add Contact/button_Sign in' is clicked on

2022-11-25 14:11:32 - [MESSAGE][PASSED] - Object: 'Object Repository/02-Side Icons(Organization)/Add Contact/button_Sign in' is clicked on

2022-11-25 14:11:32 - [TEST_STEP][PASSED] - delay(2): Delayed 2 second(s)

2022-11-25 14:11:34 - [MESSAGE][PASSED] - Delayed 2 second(s)

2022-11-25 14:11:34 - [TEST_STEP][PASSED] - click(findTestObject("06-Teams/For 2FA/button_Confirm_2FA")): Object: 'Object Repository/06-Teams/For 2FA/button_Confirm_2FA' is clicked on

2022-11-25 14:11:34 - [MESSAGE][PASSED] - Object: 'Object Repository/06-Teams/For 2FA/button_Confirm_2FA' is clicked on

2022-11-25 14:11:34 - [TEST_STEP][PASSED] - executeJavaScript("window.open();", []): Execute JavaScript 'window.open();' successfully

2022-11-25 14:11:34 - [MESSAGE][PASSED] - Execute JavaScript 'window.open();' successfully

2022-11-25 14:11:34 - [TEST_STEP][PASSED] - currentWindow = getWindowIndex(): Current window's index is: 0

2022-11-25 14:11:34 - [MESSAGE][PASSED] - Current window's index is: 0

2022-11-25 14:11:34 - [TEST_STEP][PASSED] - delay(3): Delayed 3 second(s)

2022-11-25 14:11:37 - [MESSAGE][PASSED] - Delayed 3 second(s)

2022-11-25 14:11:37 - [TEST_STEP][PASSED] - switchToWindowIndex(currentWindow + 1): Switched to window with index: '1'

2022-11-25 14:11:37 - [MESSAGE][PASSED] - Switched to window with index: '1'

2022-11-25 14:11:37 - [TEST_STEP][PASSED] - navigateToUrl("https://www.mailinator.com/"): Navigate to 'https://www.mailinator.com/' successfully

2022-11-25 14:11:40 - [MESSAGE][PASSED] - Navigate to 'https://www.mailinator.com/' successfully

2022-11-25 14:11:40 - [TEST_STEP][PASSED] - delay(3): Delayed 3 second(s)

2022-11-25 14:11:43 - [MESSAGE][PASSED] - Delayed 3 second(s)

2022-11-25 14:11:43 - [TEST_STEP][PASSED] - setText(findTestObject("00-Signup and Activation/zMailinator/input_LOGIN_search"), "autotester10@mailinator.com"): Text 'autotester10@mailinator.com' is set on object 'Object Repository/00-Signup and Activation/zMailinator/input_LOGIN_search'

2022-11-25 14:11:44 - [MESSAGE][PASSED] - Text 'autotester10@mailinator.com' is set on object 'Object Repository/00-Signup and Activation/zMailinator/input_LOGIN_search'

2022-11-25 14:11:44 - [TEST_STEP][PASSED] - click(findTestObject("00-Signup and Activation/zMailinator/gobutton"), STOP_ON_FAILURE): Object: 'Object Repository/00-Signup and Activation/zMailinator/gobutton' is clicked on

2022-11-25 14:11:45 - [MESSAGE][PASSED] - Object: 'Object Repository/00-Signup and Activation/zMailinator/gobutton' is clicked on

2022-11-25 14:11:45 - [TEST_STEP][PASSED] - delay(3): Delayed 3 second(s)

2022-11-25 14:11:48 - [MESSAGE][PASSED] - Delayed 3 second(s)

2022-11-25 14:11:48 - [TEST_STEP][PASSED] - click(findTestObject("00-Signup and Activation/zMailinator/Email - everleagues")): Object: 'Object Repository/00-Signup and Activation/zMailinator/Email - everleagues' is clicked on

2022-11-25 14:11:49 - [MESSAGE][PASSED] - Object: 'Object Repository/00-Signup and Activation/zMailinator/Email - everleagues' is clicked on

2022-11-25 14:11:49 - [TEST_STEP][PASSED] - delay(3): Delayed 3 second(s)

2022-11-25 14:11:52 - [MESSAGE][PASSED] - Delayed 3 second(s)

2022-11-25 14:11:52 - [TEST_STEP][PASSED] - codetwo = getText(findTestObject("Object Repository/06-Teams/For 2FA/2FA code")): Text of object 'Object Repository/06-Teams/For 2FA/2FA code' is: '311879'

2022-11-25 14:11:52 - [MESSAGE][PASSED] - Text of object 'Object Repository/06-Teams/For 2FA/2FA code' is: '311879'

2022-11-25 14:11:52 - [TEST_STEP][PASSED] - delay(3): Delayed 3 second(s)

2022-11-25 14:11:55 - [MESSAGE][PASSED] - Delayed 3 second(s)

2022-11-25 14:11:55 - [TEST_STEP][PASSED] - closeWindowTitle("Mailinator"): Window with title: 'Mailinator' is closed

2022-11-25 14:11:55 - [MESSAGE][PASSED] - Window with title: 'Mailinator' is closed

2022-11-25 14:11:55 - [TEST_STEP][PASSED] - delay(3): Delayed 3 second(s)

2022-11-25 14:11:58 - [MESSAGE][PASSED] - Delayed 3 second(s)

2022-11-25 14:11:58 - [TEST_STEP][PASSED] - switchToWindowIndex(0): Switched to window with index: '0'

2022-11-25 14:11:58 - [MESSAGE][PASSED] - Switched to window with index: '0'

2022-11-25 14:11:58 - [TEST_STEP][PASSED] - delay(3): Delayed 3 second(s)

2022-11-25 14:12:01 - [MESSAGE][PASSED] - Delayed 3 second(s)

2022-11-25 14:12:01 - [TEST_STEP][PASSED] - setText(findTestObject("Object Repository/06-Teams/For 2FA/input_Enter verification code_code"), codetwo): Text '311879' is set on object 'Object Repository/06-Teams/For 2FA/input_Enter verification code_code'

2022-11-25 14:12:10 - [MESSAGE][PASSED] - Text '311879' is set on object 'Object Repository/06-Teams/For 2FA/input_Enter verification code_code'

2022-11-25 14:12:10 - [TEST_STEP][PASSED] - delay(3): Delayed 3 second(s)

2022-11-25 14:12:13 - [MESSAGE][PASSED] - Delayed 3 second(s)

2022-11-25 14:12:13 - [TEST_STEP][PASSED] - click(findTestObject("06-Teams/For 2FA/button_Verify_2FA")): Object: 'Object Repository/06-Teams/For 2FA/button_Verify_2FA' is clicked on

2022-11-25 14:12:14 - [MESSAGE][PASSED] - Object: 'Object Repository/06-Teams/For 2FA/button_Verify_2FA' is clicked on

2022-11-25 14:12:14 - [TEST_STEP][PASSED] - delay(5): Delayed 5 second(s)

2022-11-25 14:12:19 - [MESSAGE][PASSED] - Delayed 5 second(s)

2022-11-25 14:12:19 - [TEST_STEP][PASSED] - executeJavaScript("window.open();", []): Execute JavaScript 'window.open();' successfully

2022-11-25 14:12:19 - [MESSAGE][PASSED] - Execute JavaScript 'window.open();' successfully

2022-11-25 14:12:19 - [TEST_STEP][PASSED] - currentWindow = getWindowIndex(): Current window's index is: 0

2022-11-25 14:12:19 - [MESSAGE][PASSED] - Current window's index is: 0

2022-11-25 14:12:19 - [TEST_STEP][PASSED] - delay(3): Delayed 3 second(s)

2022-11-25 14:12:22 - [MESSAGE][PASSED] - Delayed 3 second(s)

2022-11-25 14:12:22 - [TEST_STEP][PASSED] - switchToWindowIndex(currentWindow + 1): Switched to window with index: '1'

2022-11-25 14:12:22 - [MESSAGE][PASSED] - Switched to window with index: '1'

2022-11-25 14:12:22 - [TEST_STEP][PASSED] - navigateToUrl("https://www.mailinator.com/"): Navigate to 'https://www.mailinator.com/' successfully

2022-11-25 14:12:23 - [MESSAGE][PASSED] - Navigate to 'https://www.mailinator.com/' successfully

2022-11-25 14:12:23 - [TEST_STEP][PASSED] - delay(3): Delayed 3 second(s)

2022-11-25 14:12:26 - [MESSAGE][PASSED] - Delayed 3 second(s)

2022-11-25 14:12:26 - [TEST_STEP][PASSED] - setText(findTestObject("00-Signup and Activation/zMailinator/input_LOGIN_search"), "autotester10@mailinator.com"): Text 'autotester10@mailinator.com' is set on object 'Object Repository/00-Signup and Activation/zMailinator/input_LOGIN_search'

2022-11-25 14:12:27 - [MESSAGE][PASSED] - Text 'autotester10@mailinator.com' is set on object 'Object Repository/00-Signup and Activation/zMailinator/input_LOGIN_search'

2022-11-25 14:12:27 - [TEST_STEP][PASSED] - click(findTestObject("00-Signup and Activation/zMailinator/gobutton"), STOP_ON_FAILURE): Object: 'Object Repository/00-Signup and Activation/zMailinator/gobutton' is clicked on

2022-11-25 14:12:28 - [MESSAGE][PASSED] - Object: 'Object Repository/00-Signup and Activation/zMailinator/gobutton' is clicked on

2022-11-25 14:12:28 - [TEST_STEP][PASSED] - delay(3): Delayed 3 second(s)

2022-11-25 14:12:31 - [MESSAGE][PASSED] - Delayed 3 second(s)

2022-11-25 14:12:31 - [TEST_STEP][PASSED] - closeWindowTitle("Everleagues"): Window with title: 'Everleagues' is closed

2022-11-25 14:12:31 - [MESSAGE][PASSED] - Window with title: 'Everleagues' is closed

2022-11-25 14:12:31 - [TEST_STEP][PASSED] - switchToWindowIndex(0): Switched to window with index: '0'

2022-11-25 14:12:31 - [MESSAGE][PASSED] - Switched to window with index: '0'

2022-11-25 14:12:31 - [TEST_STEP][PASSED] - click(findTestObject("09-Settings/Users/Co worker/td_Invitation from GG Automation")): Object: 'Object Repository/09-Settings/Users/Co worker/td_Invitation from GG Automation' is clicked on

2022-11-25 14:12:32 - [MESSAGE][PASSED] - Object: 'Object Repository/09-Settings/Users/Co worker/td_Invitation from GG Automation' is clicked on

2022-11-25 14:12:32 - [TEST_STEP][PASSED] - click(findTestObject("09-Settings/Users/Co worker/a_Click here to join GG Automation on EverLeagues")): Object: 'Object Repository/09-Settings/Users/Co worker/a_Click here to join GG Automation on EverLeagues' is clicked on

2022-11-25 14:12:32 - [MESSAGE][PASSED] - Object: 'Object Repository/09-Settings/Users/Co worker/a_Click here to join GG Automation on EverLeagues' is clicked on

2022-11-25 14:12:33 - [TEST_STEP][PASSED] - closeWindowTitle("Mailinator"): Window with title: 'Mailinator' is closed

2022-11-25 14:12:33 - [MESSAGE][PASSED] - Window with title: 'Mailinator' is closed

2022-11-25 14:12:33 - [TEST_STEP][PASSED] - switchToWindowIndex(0): Switched to window with index: '0'

2022-11-25 14:12:33 - [MESSAGE][PASSED] - Switched to window with index: '0'

2022-11-25 14:12:33 - [TEST_STEP][PASSED] - verifyElementVisible(findTestObject("09-Settings/Users/Client/Invite modal")): Object 'Object Repository/09-Settings/Users/Client/Invite modal' is visible

2022-11-25 14:12:39 - [MESSAGE][PASSED] - Object 'Object Repository/09-Settings/Users/Client/Invite modal' is visible

2022-11-25 14:12:39 - [TEST_STEP][PASSED] - setText(findTestObject("09-Settings/Users/Client/Company field"), "QA Company"): Text 'QA Company' is set on object 'Object Repository/09-Settings/Users/Client/Company field'

2022-11-25 14:12:40 - [MESSAGE][PASSED] - Text 'QA Company' is set on object 'Object Repository/09-Settings/Users/Client/Company field'

2022-11-25 14:12:40 - [TEST_STEP][PASSED] - click(findTestObject("09-Settings/Users/Client/button_Accept")): Object: 'Object Repository/09-Settings/Users/Client/button_Accept' is clicked on

2022-11-25 14:12:40 - [MESSAGE][PASSED] - Object: 'Object Repository/09-Settings/Users/Client/button_Accept' is clicked on

2022-11-25 14:12:40 - [TEST_STEP][PASSED] - delay(5): Delayed 5 second(s)

2022-11-25 14:12:45 - [MESSAGE][PASSED] - Delayed 5 second(s)

2022-11-25 14:12:45 - [TEST_STEP][PASSED] - verifyElementVisible(findTestObject("09-Settings/Users/div_Joined as Partner")): Object 'Object Repository/09-Settings/Users/div_Joined as Partner' is visible

2022-11-25 14:12:48 - [MESSAGE][PASSED] - Object 'Object Repository/09-Settings/Users/div_Joined as Partner' is visible

2022-11-25 14:12:48 - [TEST_STEP][PASSED] - delay(3): Delayed 3 second(s)

2022-11-25 14:12:51 - [MESSAGE][PASSED] - Delayed 3 second(s)

2022-11-25 14:12:51 - [TEST_STEP][PASSED] - closeBrowser(): Browser is closed

2022-11-25 14:12:51 - [MESSAGE][PASSED] - Browser is closed]]></system-out>
         <system-err><![CDATA[]]></system-err>
      </testcase>
      <testcase name="Test Cases/09-Settings/05 - Users (Invite batch of users via CSV file)" time="115.428" classname="Test Cases/09-Settings/05 - Users (Invite batch of users via CSV file)" status="FAILED">
         <failure type="FAILED" message="Test Cases/09-Settings/05 - Users (Invite batch of users via CSV file) FAILED.
Reason:
com.kms.katalon.core.exception.StepFailedException: Unable to verify object 'Object Repository/09-Settings/Users/CSV Invite/Import CSV File modal' is visible
	at com.kms.katalon.core.webui.keyword.internal.WebUIKeywordMain.stepFailed(WebUIKeywordMain.groovy:64)
	at com.kms.katalon.core.webui.keyword.internal.WebUIKeywordMain.runKeyword(WebUIKeywordMain.groovy:26)
	at com.kms.katalon.core.webui.keyword.builtin.VerifyElementVisibleKeyword.verifyElementVisible(VerifyElementVisibleKeyword.groovy:97)
	at com.kms.katalon.core.webui.keyword.builtin.VerifyElementVisibleKeyword.execute(VerifyElementVisibleKeyword.groovy:67)
	at com.kms.katalon.core.keyword.internal.KeywordExecutor.executeKeywordForPlatform(KeywordExecutor.groovy:74)
	at com.kms.katalon.core.webui.keyword.WebUiBuiltInKeywords.verifyElementVisible(WebUiBuiltInKeywords.groovy:376)
	at com.kms.katalon.core.webui.keyword.WebUiBuiltInKeywords$verifyElementVisible$11.call(Unknown Source)
	at 05 - Users (Invite batch of users via CSV file).run(05 - Users (Invite batch of users via CSV file):104)
	at com.kms.katalon.core.main.ScriptEngine.run(ScriptEngine.java:194)
	at com.kms.katalon.core.main.ScriptEngine.runScriptAsRawText(ScriptEngine.java:119)
	at com.kms.katalon.core.main.TestCaseExecutor.runScript(TestCaseExecutor.java:448)
	at com.kms.katalon.core.main.TestCaseExecutor.doExecute(TestCaseExecutor.java:439)
	at com.kms.katalon.core.main.TestCaseExecutor.processExecutionPhase(TestCaseExecutor.java:418)
	at com.kms.katalon.core.main.TestCaseExecutor.accessMainPhase(TestCaseExecutor.java:410)
	at com.kms.katalon.core.main.TestCaseExecutor.execute(TestCaseExecutor.java:285)
	at com.kms.katalon.core.common.CommonExecutor.accessTestCaseMainPhase(CommonExecutor.java:65)
	at com.kms.katalon.core.main.TestSuiteExecutor.accessTestSuiteMainPhase(TestSuiteExecutor.java:144)
	at com.kms.katalon.core.main.TestSuiteExecutor.execute(TestSuiteExecutor.java:106)
	at com.kms.katalon.core.main.TestCaseMain.startTestSuite(TestCaseMain.java:185)
	at com.kms.katalon.core.main.TestCaseMain$startTestSuite$0.call(Unknown Source)
	at TempTestSuite1669355918214.run(TempTestSuite1669355918214.groovy:36)
Caused by: com.kms.katalon.core.exception.StepFailedException: Web element with id: 'Object Repository/09-Settings/Users/CSV Invite/Import CSV File modal' located by '//mat-dialog-container[@role = 'dialog' and (text() = 'Import CSV FileNeed a CSV template? Download it here . Choose File No file chosen createImporting Organization Unit *ImportCancel' or . = 'Import CSV FileNeed a CSV template? Download it here . Choose File No file chosen createImporting Organization Unit *ImportCancel')]' not found
	at com.kms.katalon.core.webui.keyword.internal.WebUIKeywordMain.stepFailed(WebUIKeywordMain.groovy:64)
	at com.kms.katalon.core.webui.keyword.builtin.VerifyElementVisibleKeyword$_verifyElementVisible_closure1.doCall(VerifyElementVisibleKeyword.groovy:89)
	at com.kms.katalon.core.webui.keyword.builtin.VerifyElementVisibleKeyword$_verifyElementVisible_closure1.call(VerifyElementVisibleKeyword.groovy)
	at com.kms.katalon.core.webui.keyword.internal.WebUIKeywordMain.runKeyword(WebUIKeywordMain.groovy:20)
	... 19 more
"/>
         <system-out><![CDATA[2022-11-25 14:12:51 - [TEST_CASE][FAILED] - Test Cases/09-Settings/05 - Users (Invite batch of users via CSV file): Test Cases/09-Settings/05 - Users (Invite batch of users via CSV file) FAILED.
Reason:
com.kms.katalon.core.exception.StepFailedException: Unable to verify object 'Object Repository/09-Settings/Users/CSV Invite/Import CSV File modal' is visible
	at com.kms.katalon.core.webui.keyword.internal.WebUIKeywordMain.stepFailed(WebUIKeywordMain.groovy:64)
	at com.kms.katalon.core.webui.keyword.internal.WebUIKeywordMain.runKeyword(WebUIKeywordMain.groovy:26)
	at com.kms.katalon.core.webui.keyword.builtin.VerifyElementVisibleKeyword.verifyElementVisible(VerifyElementVisibleKeyword.groovy:97)
	at com.kms.katalon.core.webui.keyword.builtin.VerifyElementVisibleKeyword.execute(VerifyElementVisibleKeyword.groovy:67)
	at com.kms.katalon.core.keyword.internal.KeywordExecutor.executeKeywordForPlatform(KeywordExecutor.groovy:74)
	at com.kms.katalon.core.webui.keyword.WebUiBuiltInKeywords.verifyElementVisible(WebUiBuiltInKeywords.groovy:376)
	at com.kms.katalon.core.webui.keyword.WebUiBuiltInKeywords$verifyElementVisible$11.call(Unknown Source)
	at 05 - Users (Invite batch of users via CSV file).run(05 - Users (Invite batch of users via CSV file):104)
	at com.kms.katalon.core.main.ScriptEngine.run(ScriptEngine.java:194)
	at com.kms.katalon.core.main.ScriptEngine.runScriptAsRawText(ScriptEngine.java:119)
	at com.kms.katalon.core.main.TestCaseExecutor.runScript(TestCaseExecutor.java:448)
	at com.kms.katalon.core.main.TestCaseExecutor.doExecute(TestCaseExecutor.java:439)
	at com.kms.katalon.core.main.TestCaseExecutor.processExecutionPhase(TestCaseExecutor.java:418)
	at com.kms.katalon.core.main.TestCaseExecutor.accessMainPhase(TestCaseExecutor.java:410)
	at com.kms.katalon.core.main.TestCaseExecutor.execute(TestCaseExecutor.java:285)
	at com.kms.katalon.core.common.CommonExecutor.accessTestCaseMainPhase(CommonExecutor.java:65)
	at com.kms.katalon.core.main.TestSuiteExecutor.accessTestSuiteMainPhase(TestSuiteExecutor.java:144)
	at com.kms.katalon.core.main.TestSuiteExecutor.execute(TestSuiteExecutor.java:106)
	at com.kms.katalon.core.main.TestCaseMain.startTestSuite(TestCaseMain.java:185)
	at com.kms.katalon.core.main.TestCaseMain$startTestSuite$0.call(Unknown Source)
	at TempTestSuite1669355918214.run(TempTestSuite1669355918214.groovy:36)
Caused by: com.kms.katalon.core.exception.StepFailedException: Web element with id: 'Object Repository/09-Settings/Users/CSV Invite/Import CSV File modal' located by '//mat-dialog-container[@role = 'dialog' and (text() = 'Import CSV FileNeed a CSV template? Download it here . Choose File No file chosen createImporting Organization Unit *ImportCancel' or . = 'Import CSV FileNeed a CSV template? Download it here . Choose File No file chosen createImporting Organization Unit *ImportCancel')]' not found
	at com.kms.katalon.core.webui.keyword.internal.WebUIKeywordMain.stepFailed(WebUIKeywordMain.groovy:64)
	at com.kms.katalon.core.webui.keyword.builtin.VerifyElementVisibleKeyword$_verifyElementVisible_closure1.doCall(VerifyElementVisibleKeyword.groovy:89)
	at com.kms.katalon.core.webui.keyword.builtin.VerifyElementVisibleKeyword$_verifyElementVisible_closure1.call(VerifyElementVisibleKeyword.groovy)
	at com.kms.katalon.core.webui.keyword.internal.WebUIKeywordMain.runKeyword(WebUIKeywordMain.groovy:20)
	... 19 more


2022-11-25 14:12:52 - [TEST_STEP][PASSED] - openBrowser(""): Browser is opened with url: ''

2022-11-25 14:12:52 - [MESSAGE][INFO] - Starting 'Chrome' driver

2022-11-25 14:12:52 - [MESSAGE][INFO] - Action delay is set to 0 milliseconds

2022-11-25 14:12:53 - [MESSAGE][PASSED] - Browser is opened with url: ''

2022-11-25 14:12:53 - [TEST_STEP][PASSED] - navigateToUrl("https://lab.everleagues.com/"): Navigate to 'https://lab.everleagues.com/' successfully

2022-11-25 14:13:05 - [MESSAGE][PASSED] - Navigate to 'https://lab.everleagues.com/' successfully

2022-11-25 14:13:05 - [TEST_STEP][PASSED] - maximizeWindow(): Current window maximized

2022-11-25 14:13:05 - [MESSAGE][PASSED] - Current window maximized

2022-11-25 14:13:05 - [TEST_STEP][PASSED] - setText(findTestObject("02-Side Icons(Organization)/Add Contact/Email Field"), "testuser02@mailinator.com"): Text 'testuser02@mailinator.com' is set on object 'Object Repository/02-Side Icons(Organization)/Add Contact/Email Field'

2022-11-25 14:13:05 - [MESSAGE][PASSED] - Text 'testuser02@mailinator.com' is set on object 'Object Repository/02-Side Icons(Organization)/Add Contact/Email Field'

2022-11-25 14:13:05 - [TEST_STEP][PASSED] - setEncryptedText(findTestObject("02-Side Icons(Organization)/Add Contact/Password Field"), "8yFRyszE6U6jvsCn51OQbg=="): Text ****** has been set on object 'Object Repository/02-Side Icons(Organization)/Add Contact/Password Field'

2022-11-25 14:13:06 - [MESSAGE][PASSED] - Text ****** has been set on object 'Object Repository/02-Side Icons(Organization)/Add Contact/Password Field'

2022-11-25 14:13:06 - [TEST_STEP][PASSED] - click(findTestObject("02-Side Icons(Organization)/Add Contact/button_Sign in")): Object: 'Object Repository/02-Side Icons(Organization)/Add Contact/button_Sign in' is clicked on

2022-11-25 14:13:07 - [MESSAGE][PASSED] - Object: 'Object Repository/02-Side Icons(Organization)/Add Contact/button_Sign in' is clicked on

2022-11-25 14:13:07 - [TEST_STEP][PASSED] - delay(2): Delayed 2 second(s)

2022-11-25 14:13:09 - [MESSAGE][PASSED] - Delayed 2 second(s)

2022-11-25 14:13:09 - [TEST_STEP][PASSED] - click(findTestObject("06-Teams/For 2FA/button_Confirm_2FA")): Object: 'Object Repository/06-Teams/For 2FA/button_Confirm_2FA' is clicked on

2022-11-25 14:13:09 - [MESSAGE][PASSED] - Object: 'Object Repository/06-Teams/For 2FA/button_Confirm_2FA' is clicked on

2022-11-25 14:13:09 - [TEST_STEP][PASSED] - executeJavaScript("window.open();", []): Execute JavaScript 'window.open();' successfully

2022-11-25 14:13:09 - [MESSAGE][PASSED] - Execute JavaScript 'window.open();' successfully

2022-11-25 14:13:09 - [TEST_STEP][PASSED] - currentWindow = getWindowIndex(): Current window's index is: 0

2022-11-25 14:13:09 - [MESSAGE][PASSED] - Current window's index is: 0

2022-11-25 14:13:09 - [TEST_STEP][PASSED] - delay(3): Delayed 3 second(s)

2022-11-25 14:13:12 - [MESSAGE][PASSED] - Delayed 3 second(s)

2022-11-25 14:13:12 - [TEST_STEP][PASSED] - switchToWindowIndex(currentWindow + 1): Switched to window with index: '1'

2022-11-25 14:13:12 - [MESSAGE][PASSED] - Switched to window with index: '1'

2022-11-25 14:13:12 - [TEST_STEP][PASSED] - navigateToUrl("https://www.mailinator.com/"): Navigate to 'https://www.mailinator.com/' successfully

2022-11-25 14:13:14 - [MESSAGE][PASSED] - Navigate to 'https://www.mailinator.com/' successfully

2022-11-25 14:13:14 - [TEST_STEP][PASSED] - delay(3): Delayed 3 second(s)

2022-11-25 14:13:17 - [MESSAGE][PASSED] - Delayed 3 second(s)

2022-11-25 14:13:17 - [TEST_STEP][PASSED] - setText(findTestObject("00-Signup and Activation/zMailinator/input_LOGIN_search"), "testuser02@mailinator.com"): Text 'testuser02@mailinator.com' is set on object 'Object Repository/00-Signup and Activation/zMailinator/input_LOGIN_search'

2022-11-25 14:13:18 - [MESSAGE][PASSED] - Text 'testuser02@mailinator.com' is set on object 'Object Repository/00-Signup and Activation/zMailinator/input_LOGIN_search'

2022-11-25 14:13:18 - [TEST_STEP][PASSED] - click(findTestObject("00-Signup and Activation/zMailinator/gobutton"), STOP_ON_FAILURE): Object: 'Object Repository/00-Signup and Activation/zMailinator/gobutton' is clicked on

2022-11-25 14:13:20 - [MESSAGE][PASSED] - Object: 'Object Repository/00-Signup and Activation/zMailinator/gobutton' is clicked on

2022-11-25 14:13:20 - [TEST_STEP][PASSED] - delay(3): Delayed 3 second(s)

2022-11-25 14:13:23 - [MESSAGE][PASSED] - Delayed 3 second(s)

2022-11-25 14:13:23 - [TEST_STEP][PASSED] - click(findTestObject("00-Signup and Activation/zMailinator/Email - everleagues")): Object: 'Object Repository/00-Signup and Activation/zMailinator/Email - everleagues' is clicked on

2022-11-25 14:13:24 - [MESSAGE][PASSED] - Object: 'Object Repository/00-Signup and Activation/zMailinator/Email - everleagues' is clicked on

2022-11-25 14:13:24 - [TEST_STEP][PASSED] - delay(3): Delayed 3 second(s)

2022-11-25 14:13:27 - [MESSAGE][PASSED] - Delayed 3 second(s)

2022-11-25 14:13:27 - [TEST_STEP][PASSED] - code = getText(findTestObject("Object Repository/06-Teams/For 2FA/2FA code")): Text of object 'Object Repository/06-Teams/For 2FA/2FA code' is: '574142'

2022-11-25 14:13:27 - [MESSAGE][PASSED] - Text of object 'Object Repository/06-Teams/For 2FA/2FA code' is: '574142'

2022-11-25 14:13:27 - [TEST_STEP][PASSED] - delay(3): Delayed 3 second(s)

2022-11-25 14:13:30 - [MESSAGE][PASSED] - Delayed 3 second(s)

2022-11-25 14:13:30 - [TEST_STEP][PASSED] - closeWindowTitle("Mailinator"): Window with title: 'Mailinator' is closed

2022-11-25 14:13:31 - [MESSAGE][PASSED] - Window with title: 'Mailinator' is closed

2022-11-25 14:13:31 - [TEST_STEP][PASSED] - delay(3): Delayed 3 second(s)

2022-11-25 14:13:34 - [MESSAGE][PASSED] - Delayed 3 second(s)

2022-11-25 14:13:34 - [TEST_STEP][PASSED] - switchToWindowIndex(0): Switched to window with index: '0'

2022-11-25 14:13:34 - [MESSAGE][PASSED] - Switched to window with index: '0'

2022-11-25 14:13:34 - [TEST_STEP][PASSED] - delay(3): Delayed 3 second(s)

2022-11-25 14:13:37 - [MESSAGE][PASSED] - Delayed 3 second(s)

2022-11-25 14:13:37 - [TEST_STEP][PASSED] - setText(findTestObject("Object Repository/06-Teams/For 2FA/input_Enter verification code_code"), code): Text '574142' is set on object 'Object Repository/06-Teams/For 2FA/input_Enter verification code_code'

2022-11-25 14:13:38 - [MESSAGE][PASSED] - Text '574142' is set on object 'Object Repository/06-Teams/For 2FA/input_Enter verification code_code'

2022-11-25 14:13:38 - [TEST_STEP][PASSED] - delay(3): Delayed 3 second(s)

2022-11-25 14:13:41 - [MESSAGE][PASSED] - Delayed 3 second(s)

2022-11-25 14:13:41 - [TEST_STEP][PASSED] - click(findTestObject("06-Teams/For 2FA/button_Verify_2FA")): Object: 'Object Repository/06-Teams/For 2FA/button_Verify_2FA' is clicked on

2022-11-25 14:13:41 - [MESSAGE][PASSED] - Object: 'Object Repository/06-Teams/For 2FA/button_Verify_2FA' is clicked on

2022-11-25 14:13:41 - [TEST_STEP][PASSED] - delay(5): Delayed 5 second(s)

2022-11-25 14:13:46 - [MESSAGE][PASSED] - Delayed 5 second(s)

2022-11-25 14:13:46 - [TEST_STEP][PASSED] - click(findTestObject("06-Teams/button_doublearrow")): Object: 'Object Repository/06-Teams/button_doublearrow' is clicked on

2022-11-25 14:13:48 - [MESSAGE][PASSED] - Object: 'Object Repository/06-Teams/button_doublearrow' is clicked on

2022-11-25 14:13:48 - [TEST_STEP][PASSED] - click(findTestObject("06-Teams/button_My Organizations")): Object: 'Object Repository/06-Teams/button_My Organizations' is clicked on

2022-11-25 14:13:48 - [MESSAGE][PASSED] - Object: 'Object Repository/06-Teams/button_My Organizations' is clicked on

2022-11-25 14:13:48 - [TEST_STEP][PASSED] - click(findTestObject("06-Teams/button_GG Automation")): Object: 'Object Repository/06-Teams/button_GG Automation' is clicked on

2022-11-25 14:13:49 - [MESSAGE][PASSED] - Object: 'Object Repository/06-Teams/button_GG Automation' is clicked on

2022-11-25 14:13:49 - [TEST_STEP][PASSED] - delay(4): Delayed 4 second(s)

2022-11-25 14:13:53 - [MESSAGE][PASSED] - Delayed 4 second(s)

2022-11-25 14:13:53 - [TEST_STEP][PASSED] - verifyElementVisible(findTestObject("06-Teams/span_GG Automation")): Object 'Object Repository/06-Teams/span_GG Automation' is visible

2022-11-25 14:13:53 - [MESSAGE][PASSED] - Object 'Object Repository/06-Teams/span_GG Automation' is visible

2022-11-25 14:13:53 - [TEST_STEP][PASSED] - delay(5): Delayed 5 second(s)

2022-11-25 14:13:58 - [MESSAGE][PASSED] - Delayed 5 second(s)

2022-11-25 14:13:58 - [TEST_STEP][PASSED] - click(findTestObject("03-Header Menu/Hamburger Button/div_Settings")): Object: 'Object Repository/03-Header Menu/Hamburger Button/div_Settings' is clicked on

2022-11-25 14:14:00 - [MESSAGE][PASSED] - Object: 'Object Repository/03-Header Menu/Hamburger Button/div_Settings' is clicked on

2022-11-25 14:14:00 - [TEST_STEP][PASSED] - delay(3): Delayed 3 second(s)

2022-11-25 14:14:03 - [MESSAGE][PASSED] - Delayed 3 second(s)

2022-11-25 14:14:03 - [TEST_STEP][PASSED] - click(findTestObject("09-Settings/Users/div_Users")): Object: 'Object Repository/09-Settings/Users/div_Users' is clicked on

2022-11-25 14:14:05 - [MESSAGE][PASSED] - Object: 'Object Repository/09-Settings/Users/div_Users' is clicked on

2022-11-25 14:14:05 - [TEST_STEP][PASSED] - delay(3): Delayed 3 second(s)

2022-11-25 14:14:08 - [MESSAGE][PASSED] - Delayed 3 second(s)

2022-11-25 14:14:08 - [TEST_STEP][PASSED] - click(findTestObject("09-Settings/Users/button_add")): Object: 'Object Repository/09-Settings/Users/button_add' is clicked on

2022-11-25 14:14:10 - [MESSAGE][PASSED] - Object: 'Object Repository/09-Settings/Users/button_add' is clicked on

2022-11-25 14:14:10 - [TEST_STEP][PASSED] - delay(3): Delayed 3 second(s)

2022-11-25 14:14:13 - [MESSAGE][PASSED] - Delayed 3 second(s)

2022-11-25 14:14:13 - [TEST_STEP][PASSED] - click(findTestObject("09-Settings/Users/Invite batch of users via CSV file")): Object: 'Object Repository/09-Settings/Users/Invite batch of users via CSV file' is clicked on

2022-11-25 14:14:15 - [MESSAGE][PASSED] - Object: 'Object Repository/09-Settings/Users/Invite batch of users via CSV file' is clicked on

2022-11-25 14:14:15 - [TEST_STEP][FAILED] - verifyElementVisible(findTestObject("09-Settings/Users/CSV Invite/Import CSV File modal")): Unable to verify object 'Object Repository/09-Settings/Users/CSV Invite/Import CSV File modal' is visible (Root cause: com.kms.katalon.core.exception.StepFailedException: Unable to verify object 'Object Repository/09-Settings/Users/CSV Invite/Import CSV File modal' is visible
	at com.kms.katalon.core.webui.keyword.internal.WebUIKeywordMain.stepFailed(WebUIKeywordMain.groovy:64)
	at com.kms.katalon.core.webui.keyword.internal.WebUIKeywordMain.runKeyword(WebUIKeywordMain.groovy:26)
	at com.kms.katalon.core.webui.keyword.builtin.VerifyElementVisibleKeyword.verifyElementVisible(VerifyElementVisibleKeyword.groovy:97)
	at com.kms.katalon.core.webui.keyword.builtin.VerifyElementVisibleKeyword.execute(VerifyElementVisibleKeyword.groovy:67)
	at com.kms.katalon.core.keyword.internal.KeywordExecutor.executeKeywordForPlatform(KeywordExecutor.groovy:74)
	at com.kms.katalon.core.webui.keyword.WebUiBuiltInKeywords.verifyElementVisible(WebUiBuiltInKeywords.groovy:376)
	at com.kms.katalon.core.webui.keyword.WebUiBuiltInKeywords$verifyElementVisible$11.call(Unknown Source)
	at 05 - Users (Invite batch of users via CSV file).run(05 - Users (Invite batch of users via CSV file):104)
	at com.kms.katalon.core.main.ScriptEngine.run(ScriptEngine.java:194)
	at com.kms.katalon.core.main.ScriptEngine.runScriptAsRawText(ScriptEngine.java:119)
	at com.kms.katalon.core.main.TestCaseExecutor.runScript(TestCaseExecutor.java:448)
	at com.kms.katalon.core.main.TestCaseExecutor.doExecute(TestCaseExecutor.java:439)
	at com.kms.katalon.core.main.TestCaseExecutor.processExecutionPhase(TestCaseExecutor.java:418)
	at com.kms.katalon.core.main.TestCaseExecutor.accessMainPhase(TestCaseExecutor.java:410)
	at com.kms.katalon.core.main.TestCaseExecutor.execute(TestCaseExecutor.java:285)
	at com.kms.katalon.core.common.CommonExecutor.accessTestCaseMainPhase(CommonExecutor.java:65)
	at com.kms.katalon.core.main.TestSuiteExecutor.accessTestSuiteMainPhase(TestSuiteExecutor.java:144)
	at com.kms.katalon.core.main.TestSuiteExecutor.execute(TestSuiteExecutor.java:106)
	at com.kms.katalon.core.main.TestCaseMain.startTestSuite(TestCaseMain.java:185)
	at com.kms.katalon.core.main.TestCaseMain$startTestSuite$0.call(Unknown Source)
	at TempTestSuite1669355918214.run(TempTestSuite1669355918214.groovy:36)
Caused by: com.kms.katalon.core.exception.StepFailedException: Web element with id: 'Object Repository/09-Settings/Users/CSV Invite/Import CSV File modal' located by '//mat-dialog-container[@role = 'dialog' and (text() = 'Import CSV FileNeed a CSV template? Download it here . Choose File No file chosen createImporting Organization Unit *ImportCancel' or . = 'Import CSV FileNeed a CSV template? Download it here . Choose File No file chosen createImporting Organization Unit *ImportCancel')]' not found
	at com.kms.katalon.core.webui.keyword.internal.WebUIKeywordMain.stepFailed(WebUIKeywordMain.groovy:64)
	at com.kms.katalon.core.webui.keyword.builtin.VerifyElementVisibleKeyword$_verifyElementVisible_closure1.doCall(VerifyElementVisibleKeyword.groovy:89)
	at com.kms.katalon.core.webui.keyword.builtin.VerifyElementVisibleKeyword$_verifyElementVisible_closure1.call(VerifyElementVisibleKeyword.groovy)
	at com.kms.katalon.core.webui.keyword.internal.WebUIKeywordMain.runKeyword(WebUIKeywordMain.groovy:20)
	... 19 more
)

2022-11-25 14:14:46 - [MESSAGE][INFO] - Unable to find the element located by 'By.xpath: //mat-dialog-container[@role = 'dialog' and (text() = 'Import CSV FileNeed a CSV template? Download it here . Choose File No file chosen createImporting Organization Unit *ImportCancel' or . = 'Import CSV FileNeed a CSV template? Download it here . Choose File No file chosen createImporting Organization Unit *ImportCancel')]'. Please recheck the objects properties to make sure the desired element is located. 

2022-11-25 14:14:47 - [MESSAGE][FAILED] - Web element with id: 'Object Repository/09-Settings/Users/CSV Invite/Import CSV File modal' located by '//mat-dialog-container[@role = 'dialog' and (text() = 'Import CSV FileNeed a CSV template? Download it here . Choose File No file chosen createImporting Organization Unit *ImportCancel' or . = 'Import CSV FileNeed a CSV template? Download it here . Choose File No file chosen createImporting Organization Unit *ImportCancel')]' not found (Root cause: com.kms.katalon.core.exception.StepFailedException: Web element with id: 'Object Repository/09-Settings/Users/CSV Invite/Import CSV File modal' located by '//mat-dialog-container[@role = 'dialog' and (text() = 'Import CSV FileNeed a CSV template? Download it here . Choose File No file chosen createImporting Organization Unit *ImportCancel' or . = 'Import CSV FileNeed a CSV template? Download it here . Choose File No file chosen createImporting Organization Unit *ImportCancel')]' not found
	at com.kms.katalon.core.webui.keyword.internal.WebUIKeywordMain.stepFailed(WebUIKeywordMain.groovy:64)
	at com.kms.katalon.core.webui.keyword.builtin.VerifyElementVisibleKeyword$_verifyElementVisible_closure1.doCall(VerifyElementVisibleKeyword.groovy:89)
	at com.kms.katalon.core.webui.keyword.builtin.VerifyElementVisibleKeyword$_verifyElementVisible_closure1.call(VerifyElementVisibleKeyword.groovy)
	at com.kms.katalon.core.webui.keyword.internal.WebUIKeywordMain.runKeyword(WebUIKeywordMain.groovy:20)
	at com.kms.katalon.core.webui.keyword.builtin.VerifyElementVisibleKeyword.verifyElementVisible(VerifyElementVisibleKeyword.groovy:97)
	at com.kms.katalon.core.webui.keyword.builtin.VerifyElementVisibleKeyword.execute(VerifyElementVisibleKeyword.groovy:67)
	at com.kms.katalon.core.keyword.internal.KeywordExecutor.executeKeywordForPlatform(KeywordExecutor.groovy:74)
	at com.kms.katalon.core.webui.keyword.WebUiBuiltInKeywords.verifyElementVisible(WebUiBuiltInKeywords.groovy:376)
	at com.kms.katalon.core.webui.keyword.WebUiBuiltInKeywords$verifyElementVisible$11.call(Unknown Source)
	at 05 - Users (Invite batch of users via CSV file).run(05 - Users (Invite batch of users via CSV file):104)
	at com.kms.katalon.core.main.ScriptEngine.run(ScriptEngine.java:194)
	at com.kms.katalon.core.main.ScriptEngine.runScriptAsRawText(ScriptEngine.java:119)
	at com.kms.katalon.core.main.TestCaseExecutor.runScript(TestCaseExecutor.java:448)
	at com.kms.katalon.core.main.TestCaseExecutor.doExecute(TestCaseExecutor.java:439)
	at com.kms.katalon.core.main.TestCaseExecutor.processExecutionPhase(TestCaseExecutor.java:418)
	at com.kms.katalon.core.main.TestCaseExecutor.accessMainPhase(TestCaseExecutor.java:410)
	at com.kms.katalon.core.main.TestCaseExecutor.execute(TestCaseExecutor.java:285)
	at com.kms.katalon.core.common.CommonExecutor.accessTestCaseMainPhase(CommonExecutor.java:65)
	at com.kms.katalon.core.main.TestSuiteExecutor.accessTestSuiteMainPhase(TestSuiteExecutor.java:144)
	at com.kms.katalon.core.main.TestSuiteExecutor.execute(TestSuiteExecutor.java:106)
	at com.kms.katalon.core.main.TestCaseMain.startTestSuite(TestCaseMain.java:185)
	at com.kms.katalon.core.main.TestCaseMain$startTestSuite$0.call(Unknown Source)
	at TempTestSuite1669355918214.run(TempTestSuite1669355918214.groovy:36)
)
[[ATTACHMENT|C:\\Users\\User\\Katalon Studio\\EverleaguesMain\\Reports\\20221125_135838\\TS-Organization\\09.1 - Settings (Invite users)\\20221125_135838\\1669356886846.png]]

2022-11-25 14:14:47 - [MESSAGE][FAILED] - Unable to verify object 'Object Repository/09-Settings/Users/CSV Invite/Import CSV File modal' is visible (Root cause: com.kms.katalon.core.exception.StepFailedException: Unable to verify object 'Object Repository/09-Settings/Users/CSV Invite/Import CSV File modal' is visible
	at com.kms.katalon.core.webui.keyword.internal.WebUIKeywordMain.stepFailed(WebUIKeywordMain.groovy:64)
	at com.kms.katalon.core.webui.keyword.internal.WebUIKeywordMain.runKeyword(WebUIKeywordMain.groovy:26)
	at com.kms.katalon.core.webui.keyword.builtin.VerifyElementVisibleKeyword.verifyElementVisible(VerifyElementVisibleKeyword.groovy:97)
	at com.kms.katalon.core.webui.keyword.builtin.VerifyElementVisibleKeyword.execute(VerifyElementVisibleKeyword.groovy:67)
	at com.kms.katalon.core.keyword.internal.KeywordExecutor.executeKeywordForPlatform(KeywordExecutor.groovy:74)
	at com.kms.katalon.core.webui.keyword.WebUiBuiltInKeywords.verifyElementVisible(WebUiBuiltInKeywords.groovy:376)
	at com.kms.katalon.core.webui.keyword.WebUiBuiltInKeywords$verifyElementVisible$11.call(Unknown Source)
	at 05 - Users (Invite batch of users via CSV file).run(05 - Users (Invite batch of users via CSV file):104)
	at com.kms.katalon.core.main.ScriptEngine.run(ScriptEngine.java:194)
	at com.kms.katalon.core.main.ScriptEngine.runScriptAsRawText(ScriptEngine.java:119)
	at com.kms.katalon.core.main.TestCaseExecutor.runScript(TestCaseExecutor.java:448)
	at com.kms.katalon.core.main.TestCaseExecutor.doExecute(TestCaseExecutor.java:439)
	at com.kms.katalon.core.main.TestCaseExecutor.processExecutionPhase(TestCaseExecutor.java:418)
	at com.kms.katalon.core.main.TestCaseExecutor.accessMainPhase(TestCaseExecutor.java:410)
	at com.kms.katalon.core.main.TestCaseExecutor.execute(TestCaseExecutor.java:285)
	at com.kms.katalon.core.common.CommonExecutor.accessTestCaseMainPhase(CommonExecutor.java:65)
	at com.kms.katalon.core.main.TestSuiteExecutor.accessTestSuiteMainPhase(TestSuiteExecutor.java:144)
	at com.kms.katalon.core.main.TestSuiteExecutor.execute(TestSuiteExecutor.java:106)
	at com.kms.katalon.core.main.TestCaseMain.startTestSuite(TestCaseMain.java:185)
	at com.kms.katalon.core.main.TestCaseMain$startTestSuite$0.call(Unknown Source)
	at TempTestSuite1669355918214.run(TempTestSuite1669355918214.groovy:36)
Caused by: com.kms.katalon.core.exception.StepFailedException: Web element with id: 'Object Repository/09-Settings/Users/CSV Invite/Import CSV File modal' located by '//mat-dialog-container[@role = 'dialog' and (text() = 'Import CSV FileNeed a CSV template? Download it here . Choose File No file chosen createImporting Organization Unit *ImportCancel' or . = 'Import CSV FileNeed a CSV template? Download it here . Choose File No file chosen createImporting Organization Unit *ImportCancel')]' not found
	at com.kms.katalon.core.webui.keyword.internal.WebUIKeywordMain.stepFailed(WebUIKeywordMain.groovy:64)
	at com.kms.katalon.core.webui.keyword.builtin.VerifyElementVisibleKeyword$_verifyElementVisible_closure1.doCall(VerifyElementVisibleKeyword.groovy:89)
	at com.kms.katalon.core.webui.keyword.builtin.VerifyElementVisibleKeyword$_verifyElementVisible_closure1.call(VerifyElementVisibleKeyword.groovy)
	at com.kms.katalon.core.webui.keyword.internal.WebUIKeywordMain.runKeyword(WebUIKeywordMain.groovy:20)
	... 19 more
)
[[ATTACHMENT|C:\\Users\\User\\Katalon Studio\\EverleaguesMain\\Reports\\20221125_135838\\TS-Organization\\09.1 - Settings (Invite users)\\20221125_135838\\1669356887036.png]]]]></system-out>
         <system-err><![CDATA[2022-11-25 14:12:51 - [TEST_CASE][FAILED] - Test Cases/09-Settings/05 - Users (Invite batch of users via CSV file): Test Cases/09-Settings/05 - Users (Invite batch of users via CSV file) FAILED.
Reason:
com.kms.katalon.core.exception.StepFailedException: Unable to verify object 'Object Repository/09-Settings/Users/CSV Invite/Import CSV File modal' is visible
	at com.kms.katalon.core.webui.keyword.internal.WebUIKeywordMain.stepFailed(WebUIKeywordMain.groovy:64)
	at com.kms.katalon.core.webui.keyword.internal.WebUIKeywordMain.runKeyword(WebUIKeywordMain.groovy:26)
	at com.kms.katalon.core.webui.keyword.builtin.VerifyElementVisibleKeyword.verifyElementVisible(VerifyElementVisibleKeyword.groovy:97)
	at com.kms.katalon.core.webui.keyword.builtin.VerifyElementVisibleKeyword.execute(VerifyElementVisibleKeyword.groovy:67)
	at com.kms.katalon.core.keyword.internal.KeywordExecutor.executeKeywordForPlatform(KeywordExecutor.groovy:74)
	at com.kms.katalon.core.webui.keyword.WebUiBuiltInKeywords.verifyElementVisible(WebUiBuiltInKeywords.groovy:376)
	at com.kms.katalon.core.webui.keyword.WebUiBuiltInKeywords$verifyElementVisible$11.call(Unknown Source)
	at 05 - Users (Invite batch of users via CSV file).run(05 - Users (Invite batch of users via CSV file):104)
	at com.kms.katalon.core.main.ScriptEngine.run(ScriptEngine.java:194)
	at com.kms.katalon.core.main.ScriptEngine.runScriptAsRawText(ScriptEngine.java:119)
	at com.kms.katalon.core.main.TestCaseExecutor.runScript(TestCaseExecutor.java:448)
	at com.kms.katalon.core.main.TestCaseExecutor.doExecute(TestCaseExecutor.java:439)
	at com.kms.katalon.core.main.TestCaseExecutor.processExecutionPhase(TestCaseExecutor.java:418)
	at com.kms.katalon.core.main.TestCaseExecutor.accessMainPhase(TestCaseExecutor.java:410)
	at com.kms.katalon.core.main.TestCaseExecutor.execute(TestCaseExecutor.java:285)
	at com.kms.katalon.core.common.CommonExecutor.accessTestCaseMainPhase(CommonExecutor.java:65)
	at com.kms.katalon.core.main.TestSuiteExecutor.accessTestSuiteMainPhase(TestSuiteExecutor.java:144)
	at com.kms.katalon.core.main.TestSuiteExecutor.execute(TestSuiteExecutor.java:106)
	at com.kms.katalon.core.main.TestCaseMain.startTestSuite(TestCaseMain.java:185)
	at com.kms.katalon.core.main.TestCaseMain$startTestSuite$0.call(Unknown Source)
	at TempTestSuite1669355918214.run(TempTestSuite1669355918214.groovy:36)
Caused by: com.kms.katalon.core.exception.StepFailedException: Web element with id: 'Object Repository/09-Settings/Users/CSV Invite/Import CSV File modal' located by '//mat-dialog-container[@role = 'dialog' and (text() = 'Import CSV FileNeed a CSV template? Download it here . Choose File No file chosen createImporting Organization Unit *ImportCancel' or . = 'Import CSV FileNeed a CSV template? Download it here . Choose File No file chosen createImporting Organization Unit *ImportCancel')]' not found
	at com.kms.katalon.core.webui.keyword.internal.WebUIKeywordMain.stepFailed(WebUIKeywordMain.groovy:64)
	at com.kms.katalon.core.webui.keyword.builtin.VerifyElementVisibleKeyword$_verifyElementVisible_closure1.doCall(VerifyElementVisibleKeyword.groovy:89)
	at com.kms.katalon.core.webui.keyword.builtin.VerifyElementVisibleKeyword$_verifyElementVisible_closure1.call(VerifyElementVisibleKeyword.groovy)
	at com.kms.katalon.core.webui.keyword.internal.WebUIKeywordMain.runKeyword(WebUIKeywordMain.groovy:20)
	... 19 more]]></system-err>
      </testcase>
      <system-out><![CDATA[2022-11-25 13:58:40 - [TEST_SUITE][FAILED] - 09.1 - Settings (Invite users): Test Cases/09-Settings/05 - Users (Invite batch of users via CSV file) FAILED.
Reason:
com.kms.katalon.core.exception.StepFailedException: Unable to verify object 'Object Repository/09-Settings/Users/CSV Invite/Import CSV File modal' is visible
	at com.kms.katalon.core.webui.keyword.internal.WebUIKeywordMain.stepFailed(WebUIKeywordMain.groovy:64)
	at com.kms.katalon.core.webui.keyword.internal.WebUIKeywordMain.runKeyword(WebUIKeywordMain.groovy:26)
	at com.kms.katalon.core.webui.keyword.builtin.VerifyElementVisibleKeyword.verifyElementVisible(VerifyElementVisibleKeyword.groovy:97)
	at com.kms.katalon.core.webui.keyword.builtin.VerifyElementVisibleKeyword.execute(VerifyElementVisibleKeyword.groovy:67)
	at com.kms.katalon.core.keyword.internal.KeywordExecutor.executeKeywordForPlatform(KeywordExecutor.groovy:74)
	at com.kms.katalon.core.webui.keyword.WebUiBuiltInKeywords.verifyElementVisible(WebUiBuiltInKeywords.groovy:376)
	at com.kms.katalon.core.webui.keyword.WebUiBuiltInKeywords$verifyElementVisible$11.call(Unknown Source)
	at 05 - Users (Invite batch of users via CSV file).run(05 - Users (Invite batch of users via CSV file):104)
	at com.kms.katalon.core.main.ScriptEngine.run(ScriptEngine.java:194)
	at com.kms.katalon.core.main.ScriptEngine.runScriptAsRawText(ScriptEngine.java:119)
	at com.kms.katalon.core.main.TestCaseExecutor.runScript(TestCaseExecutor.java:448)
	at com.kms.katalon.core.main.TestCaseExecutor.doExecute(TestCaseExecutor.java:439)
	at com.kms.katalon.core.main.TestCaseExecutor.processExecutionPhase(TestCaseExecutor.java:418)
	at com.kms.katalon.core.main.TestCaseExecutor.accessMainPhase(TestCaseExecutor.java:410)
	at com.kms.katalon.core.main.TestCaseExecutor.execute(TestCaseExecutor.java:285)
	at com.kms.katalon.core.common.CommonExecutor.accessTestCaseMainPhase(CommonExecutor.java:65)
	at com.kms.katalon.core.main.TestSuiteExecutor.accessTestSuiteMainPhase(TestSuiteExecutor.java:144)
	at com.kms.katalon.core.main.TestSuiteExecutor.execute(TestSuiteExecutor.java:106)
	at com.kms.katalon.core.main.TestCaseMain.startTestSuite(TestCaseMain.java:185)
	at com.kms.katalon.core.main.TestCaseMain$startTestSuite$0.call(Unknown Source)
	at TempTestSuite1669355918214.run(TempTestSuite1669355918214.groovy:36)
Caused by: com.kms.katalon.core.exception.StepFailedException: Web element with id: 'Object Repository/09-Settings/Users/CSV Invite/Import CSV File modal' located by '//mat-dialog-container[@role = 'dialog' and (text() = 'Import CSV FileNeed a CSV template? Download it here . Choose File No file chosen createImporting Organization Unit *ImportCancel' or . = 'Import CSV FileNeed a CSV template? Download it here . Choose File No file chosen createImporting Organization Unit *ImportCancel')]' not found
	at com.kms.katalon.core.webui.keyword.internal.WebUIKeywordMain.stepFailed(WebUIKeywordMain.groovy:64)
	at com.kms.katalon.core.webui.keyword.builtin.VerifyElementVisibleKeyword$_verifyElementVisible_closure1.doCall(VerifyElementVisibleKeyword.groovy:89)
	at com.kms.katalon.core.webui.keyword.builtin.VerifyElementVisibleKeyword$_verifyElementVisible_closure1.call(VerifyElementVisibleKeyword.groovy)
	at com.kms.katalon.core.webui.keyword.internal.WebUIKeywordMain.runKeyword(WebUIKeywordMain.groovy:20)
	... 19 more]]></system-out>
      <system-err><![CDATA[2022-11-25 13:58:40 - [TEST_SUITE][FAILED] - 09.1 - Settings (Invite users): Test Cases/09-Settings/05 - Users (Invite batch of users via CSV file) FAILED.
Reason:
com.kms.katalon.core.exception.StepFailedException: Unable to verify object 'Object Repository/09-Settings/Users/CSV Invite/Import CSV File modal' is visible
	at com.kms.katalon.core.webui.keyword.internal.WebUIKeywordMain.stepFailed(WebUIKeywordMain.groovy:64)
	at com.kms.katalon.core.webui.keyword.internal.WebUIKeywordMain.runKeyword(WebUIKeywordMain.groovy:26)
	at com.kms.katalon.core.webui.keyword.builtin.VerifyElementVisibleKeyword.verifyElementVisible(VerifyElementVisibleKeyword.groovy:97)
	at com.kms.katalon.core.webui.keyword.builtin.VerifyElementVisibleKeyword.execute(VerifyElementVisibleKeyword.groovy:67)
	at com.kms.katalon.core.keyword.internal.KeywordExecutor.executeKeywordForPlatform(KeywordExecutor.groovy:74)
	at com.kms.katalon.core.webui.keyword.WebUiBuiltInKeywords.verifyElementVisible(WebUiBuiltInKeywords.groovy:376)
	at com.kms.katalon.core.webui.keyword.WebUiBuiltInKeywords$verifyElementVisible$11.call(Unknown Source)
	at 05 - Users (Invite batch of users via CSV file).run(05 - Users (Invite batch of users via CSV file):104)
	at com.kms.katalon.core.main.ScriptEngine.run(ScriptEngine.java:194)
	at com.kms.katalon.core.main.ScriptEngine.runScriptAsRawText(ScriptEngine.java:119)
	at com.kms.katalon.core.main.TestCaseExecutor.runScript(TestCaseExecutor.java:448)
	at com.kms.katalon.core.main.TestCaseExecutor.doExecute(TestCaseExecutor.java:439)
	at com.kms.katalon.core.main.TestCaseExecutor.processExecutionPhase(TestCaseExecutor.java:418)
	at com.kms.katalon.core.main.TestCaseExecutor.accessMainPhase(TestCaseExecutor.java:410)
	at com.kms.katalon.core.main.TestCaseExecutor.execute(TestCaseExecutor.java:285)
	at com.kms.katalon.core.common.CommonExecutor.accessTestCaseMainPhase(CommonExecutor.java:65)
	at com.kms.katalon.core.main.TestSuiteExecutor.accessTestSuiteMainPhase(TestSuiteExecutor.java:144)
	at com.kms.katalon.core.main.TestSuiteExecutor.execute(TestSuiteExecutor.java:106)
	at com.kms.katalon.core.main.TestCaseMain.startTestSuite(TestCaseMain.java:185)
	at com.kms.katalon.core.main.TestCaseMain$startTestSuite$0.call(Unknown Source)
	at TempTestSuite1669355918214.run(TempTestSuite1669355918214.groovy:36)
Caused by: com.kms.katalon.core.exception.StepFailedException: Web element with id: 'Object Repository/09-Settings/Users/CSV Invite/Import CSV File modal' located by '//mat-dialog-container[@role = 'dialog' and (text() = 'Import CSV FileNeed a CSV template? Download it here . Choose File No file chosen createImporting Organization Unit *ImportCancel' or . = 'Import CSV FileNeed a CSV template? Download it here . Choose File No file chosen createImporting Organization Unit *ImportCancel')]' not found
	at com.kms.katalon.core.webui.keyword.internal.WebUIKeywordMain.stepFailed(WebUIKeywordMain.groovy:64)
	at com.kms.katalon.core.webui.keyword.builtin.VerifyElementVisibleKeyword$_verifyElementVisible_closure1.doCall(VerifyElementVisibleKeyword.groovy:89)
	at com.kms.katalon.core.webui.keyword.builtin.VerifyElementVisibleKeyword$_verifyElementVisible_closure1.call(VerifyElementVisibleKeyword.groovy)
	at com.kms.katalon.core.webui.keyword.internal.WebUIKeywordMain.runKeyword(WebUIKeywordMain.groovy:20)
	... 19 more]]></system-err>
   </testsuite>
</testsuites>
