<?xml version="1.0" encoding="UTF-8"?>
<testsuites name="12-EL Sign" time="335.623" tests="3" failures="0" errors="0">
   <testsuite name="12-EL Sign" tests="3" failures="0" errors="0" time="335.623" skipped="0" timestamp="2022-12-27 17:03:02" hostname="asus - DESKTOP-3L3J9C1" id="Test Suites/TS-Organization/12-EL Sign">
      <properties>
         <property name="deviceName" value=""/>
         <property name="devicePlatform" value=""/>
         <property name="logFolder" value="C:\\Users\\asus\\Katalon Studio\\Everleagues\\Everleagues\\Reports\\20221227_170250\\TS-Organization\\12-EL Sign\\20221227_170250"/>
         <property name="logFiles" value="C:\\Users\\asus\\Katalon Studio\\Everleagues\\Everleagues\\Reports\\20221227_170250\\TS-Organization\\12-EL Sign\\20221227_170250\\execution0.log"/>
         <property name="attachments" value=""/>
         <property name="hostName" value="asus - DESKTOP-3L3J9C1"/>
         <property name="os" value="Windows 10 64bit"/>
         <property name="katalonVersion" value="8.4.1.208"/>
         <property name="browser" value="Chrome 108.0.0.0"/>
         <property name="hostAddress" value="192.168.5.82"/>
         <property name="sessionId" value="566b45b401a9781779a0cc0a37811be7"/>
         <property name="seleniumVersion" value="3.141.59"/>
         <property name="proxyInformation" value="ProxyInformation { proxyOption=NO_PROXY, proxyServerType=HTTP, username=, password=********, proxyServerAddress=, proxyServerPort=0, executionList=&quot;&quot;, isApplyToDesiredCapabilities=true }"/>
         <property name="platform" value="Windows 10"/>
      </properties>
      <testcase name="Test Cases/12-EL Sign/01-Send Documents (Upload a file-required field is blank)" time="146.86" classname="Test Cases/12-EL Sign/01-Send Documents (Upload a file-required field is blank)" status="PASSED">
         <system-out><![CDATA[2022-12-27 17:03:04 - [TEST_CASE][PASSED] - Test Cases/12-EL Sign/01-Send Documents (Upload a file-required field is blank): Test Cases/12-EL Sign/01-Send Documents (Upload a file-required field is blank)

2022-12-27 17:03:06 - [TEST_STEP][PASSED] - openBrowser(""): Browser is opened with url: ''

2022-12-27 17:03:08 - [MESSAGE][INFO] - Starting 'Chrome' driver

2022-12-27 17:03:08 - [MESSAGE][INFO] - Action delay is set to 0 milliseconds

2022-12-27 17:03:17 - [MESSAGE][PASSED] - Browser is opened with url: ''

2022-12-27 17:03:17 - [TEST_STEP][PASSED] - navigateToUrl("https://lab.everleagues.com/"): Navigate to 'https://lab.everleagues.com/' successfully

2022-12-27 17:03:44 - [MESSAGE][PASSED] - Navigate to 'https://lab.everleagues.com/' successfully

2022-12-27 17:03:44 - [TEST_STEP][PASSED] - maximizeWindow(): Current window maximized

2022-12-27 17:03:44 - [MESSAGE][PASSED] - Current window maximized

2022-12-27 17:03:44 - [TEST_STEP][PASSED] - setText(findTestObject("02-Side Icons(Organization)/Add Contact/Email Field"), "testuser02@mailinator.com"): Text 'testuser02@mailinator.com' is set on object 'Object Repository/02-Side Icons(Organization)/Add Contact/Email Field'

2022-12-27 17:03:46 - [MESSAGE][PASSED] - Text 'testuser02@mailinator.com' is set on object 'Object Repository/02-Side Icons(Organization)/Add Contact/Email Field'

2022-12-27 17:03:46 - [TEST_STEP][PASSED] - setEncryptedText(findTestObject("02-Side Icons(Organization)/Add Contact/Password Field"), "8yFRyszE6U6jvsCn51OQbg=="): Text ****** has been set on object 'Object Repository/02-Side Icons(Organization)/Add Contact/Password Field'

2022-12-27 17:03:47 - [MESSAGE][PASSED] - Text ****** has been set on object 'Object Repository/02-Side Icons(Organization)/Add Contact/Password Field'

2022-12-27 17:03:47 - [TEST_STEP][PASSED] - click(findTestObject("02-Side Icons(Organization)/Add Contact/button_Sign in")): Object: 'Object Repository/02-Side Icons(Organization)/Add Contact/button_Sign in' is clicked on

2022-12-27 17:03:48 - [MESSAGE][PASSED] - Object: 'Object Repository/02-Side Icons(Organization)/Add Contact/button_Sign in' is clicked on

2022-12-27 17:03:48 - [TEST_STEP][PASSED] - delay(2): Delayed 2 second(s)

2022-12-27 17:03:50 - [MESSAGE][PASSED] - Delayed 2 second(s)

2022-12-27 17:03:50 - [TEST_STEP][PASSED] - click(findTestObject("06-Teams/For 2FA/button_Confirm_2FA")): Object: 'Object Repository/06-Teams/For 2FA/button_Confirm_2FA' is clicked on

2022-12-27 17:03:51 - [MESSAGE][PASSED] - Object: 'Object Repository/06-Teams/For 2FA/button_Confirm_2FA' is clicked on

2022-12-27 17:03:51 - [TEST_STEP][PASSED] - delay(2): Delayed 2 second(s)

2022-12-27 17:03:53 - [MESSAGE][PASSED] - Delayed 2 second(s)

2022-12-27 17:03:53 - [TEST_STEP][PASSED] - executeJavaScript("window.open();", []): Execute JavaScript 'window.open();' successfully

2022-12-27 17:03:54 - [MESSAGE][PASSED] - Execute JavaScript 'window.open();' successfully

2022-12-27 17:03:54 - [TEST_STEP][PASSED] - currentWindow = getWindowIndex(): Current window's index is: 0

2022-12-27 17:03:54 - [MESSAGE][PASSED] - Current window's index is: 0

2022-12-27 17:03:54 - [TEST_STEP][PASSED] - delay(3): Delayed 3 second(s)

2022-12-27 17:03:57 - [MESSAGE][PASSED] - Delayed 3 second(s)

2022-12-27 17:03:57 - [TEST_STEP][PASSED] - switchToWindowIndex(currentWindow + 1): Switched to window with index: '1'

2022-12-27 17:03:57 - [MESSAGE][PASSED] - Switched to window with index: '1'

2022-12-27 17:03:57 - [TEST_STEP][PASSED] - navigateToUrl("https://www.mailinator.com/"): Navigate to 'https://www.mailinator.com/' successfully

2022-12-27 17:04:07 - [MESSAGE][PASSED] - Navigate to 'https://www.mailinator.com/' successfully

2022-12-27 17:04:07 - [TEST_STEP][PASSED] - delay(3): Delayed 3 second(s)

2022-12-27 17:04:10 - [MESSAGE][PASSED] - Delayed 3 second(s)

2022-12-27 17:04:10 - [TEST_STEP][PASSED] - setText(findTestObject("00-Signup and Activation/zMailinator/input_LOGIN_search"), "testuser02@mailinator.com"): Text 'testuser02@mailinator.com' is set on object 'Object Repository/00-Signup and Activation/zMailinator/input_LOGIN_search'

2022-12-27 17:04:11 - [MESSAGE][PASSED] - Text 'testuser02@mailinator.com' is set on object 'Object Repository/00-Signup and Activation/zMailinator/input_LOGIN_search'

2022-12-27 17:04:11 - [TEST_STEP][PASSED] - click(findTestObject("00-Signup and Activation/zMailinator/gobutton"), STOP_ON_FAILURE): Object: 'Object Repository/00-Signup and Activation/zMailinator/gobutton' is clicked on

2022-12-27 17:04:17 - [MESSAGE][PASSED] - Object: 'Object Repository/00-Signup and Activation/zMailinator/gobutton' is clicked on

2022-12-27 17:04:17 - [TEST_STEP][PASSED] - delay(3): Delayed 3 second(s)

2022-12-27 17:04:20 - [MESSAGE][PASSED] - Delayed 3 second(s)

2022-12-27 17:04:20 - [TEST_STEP][PASSED] - click(findTestObject("00-Signup and Activation/zMailinator/Email - everleagues")): Object: 'Object Repository/00-Signup and Activation/zMailinator/Email - everleagues' is clicked on

2022-12-27 17:04:21 - [MESSAGE][PASSED] - Object: 'Object Repository/00-Signup and Activation/zMailinator/Email - everleagues' is clicked on

2022-12-27 17:04:21 - [TEST_STEP][PASSED] - delay(3): Delayed 3 second(s)

2022-12-27 17:04:24 - [MESSAGE][PASSED] - Delayed 3 second(s)

2022-12-27 17:04:24 - [TEST_STEP][PASSED] - code = getText(findTestObject("Object Repository/06-Teams/For 2FA/2FA code")): Text of object 'Object Repository/06-Teams/For 2FA/2FA code' is: '467897'

2022-12-27 17:04:25 - [MESSAGE][PASSED] - Text of object 'Object Repository/06-Teams/For 2FA/2FA code' is: '467897'

2022-12-27 17:04:25 - [TEST_STEP][PASSED] - delay(3): Delayed 3 second(s)

2022-12-27 17:04:28 - [MESSAGE][PASSED] - Delayed 3 second(s)

2022-12-27 17:04:28 - [TEST_STEP][PASSED] - closeWindowTitle("Mailinator"): Window with title: 'Mailinator' is closed

2022-12-27 17:04:30 - [MESSAGE][PASSED] - Window with title: 'Mailinator' is closed

2022-12-27 17:04:30 - [TEST_STEP][PASSED] - delay(3): Delayed 3 second(s)

2022-12-27 17:04:33 - [MESSAGE][PASSED] - Delayed 3 second(s)

2022-12-27 17:04:34 - [TEST_STEP][PASSED] - switchToWindowIndex(0): Switched to window with index: '0'

2022-12-27 17:04:34 - [MESSAGE][PASSED] - Switched to window with index: '0'

2022-12-27 17:04:34 - [TEST_STEP][PASSED] - delay(3): Delayed 3 second(s)

2022-12-27 17:04:37 - [MESSAGE][PASSED] - Delayed 3 second(s)

2022-12-27 17:04:37 - [TEST_STEP][PASSED] - setText(findTestObject("Object Repository/06-Teams/For 2FA/input_Enter verification code_code"), code): Text '467897' is set on object 'Object Repository/06-Teams/For 2FA/input_Enter verification code_code'

2022-12-27 17:04:38 - [MESSAGE][PASSED] - Text '467897' is set on object 'Object Repository/06-Teams/For 2FA/input_Enter verification code_code'

2022-12-27 17:04:38 - [TEST_STEP][PASSED] - delay(3): Delayed 3 second(s)

2022-12-27 17:04:41 - [MESSAGE][PASSED] - Delayed 3 second(s)

2022-12-27 17:04:41 - [TEST_STEP][PASSED] - click(findTestObject("06-Teams/For 2FA/button_Verify_2FA")): Object: 'Object Repository/06-Teams/For 2FA/button_Verify_2FA' is clicked on

2022-12-27 17:04:43 - [MESSAGE][PASSED] - Object: 'Object Repository/06-Teams/For 2FA/button_Verify_2FA' is clicked on

2022-12-27 17:04:43 - [TEST_STEP][PASSED] - delay(5): Delayed 5 second(s)

2022-12-27 17:04:48 - [MESSAGE][PASSED] - Delayed 5 second(s)

2022-12-27 17:04:48 - [TEST_STEP][PASSED] - click(findTestObject("06-Teams/button_doublearrow")): Object: 'Object Repository/06-Teams/button_doublearrow' is clicked on

2022-12-27 17:04:49 - [MESSAGE][PASSED] - Object: 'Object Repository/06-Teams/button_doublearrow' is clicked on

2022-12-27 17:04:49 - [TEST_STEP][PASSED] - click(findTestObject("06-Teams/button_My Organizations")): Object: 'Object Repository/06-Teams/button_My Organizations' is clicked on

2022-12-27 17:04:51 - [MESSAGE][PASSED] - Object: 'Object Repository/06-Teams/button_My Organizations' is clicked on

2022-12-27 17:04:51 - [TEST_STEP][PASSED] - click(findTestObject("02-Side Icons(Organization)/Add Contact/button_Automation Test Org")): Object: 'Object Repository/02-Side Icons(Organization)/Add Contact/button_Automation Test Org' is clicked on

2022-12-27 17:04:52 - [MESSAGE][PASSED] - Object: 'Object Repository/02-Side Icons(Organization)/Add Contact/button_Automation Test Org' is clicked on

2022-12-27 17:04:52 - [TEST_STEP][PASSED] - delay(4): Delayed 4 second(s)

2022-12-27 17:04:56 - [MESSAGE][PASSED] - Delayed 4 second(s)

2022-12-27 17:04:56 - [TEST_STEP][PASSED] - verifyElementVisible(findTestObject("02-Side Icons(Organization)/Add Contact/span_Automation Test Org")): Object 'Object Repository/02-Side Icons(Organization)/Add Contact/span_Automation Test Org' is visible

2022-12-27 17:04:57 - [MESSAGE][PASSED] - Object 'Object Repository/02-Side Icons(Organization)/Add Contact/span_Automation Test Org' is visible

2022-12-27 17:04:57 - [TEST_STEP][PASSED] - delay(5): Delayed 5 second(s)

2022-12-27 17:05:02 - [MESSAGE][PASSED] - Delayed 5 second(s)

2022-12-27 17:05:02 - [TEST_STEP][PASSED] - scrollToElement(findTestObject("03-Header Menu/Hamburger Button/div_ELSign"), 0): Scroll to object 'Object Repository/03-Header Menu/Hamburger Button/div_ELSign' successfully

2022-12-27 17:05:03 - [MESSAGE][WARNING] - Timeout '0' is invalid. Using default page load timeout: '30'

2022-12-27 17:05:04 - [MESSAGE][PASSED] - Scroll to object 'Object Repository/03-Header Menu/Hamburger Button/div_ELSign' successfully

2022-12-27 17:05:04 - [TEST_STEP][PASSED] - click(findTestObject("03-Header Menu/Hamburger Button/div_ELSign")): Object: 'Object Repository/03-Header Menu/Hamburger Button/div_ELSign' is clicked on

2022-12-27 17:05:04 - [MESSAGE][PASSED] - Object: 'Object Repository/03-Header Menu/Hamburger Button/div_ELSign' is clicked on

2022-12-27 17:05:04 - [TEST_STEP][PASSED] - verifyElementVisible(findTestObject("03-Header Menu/Hamburger Button/div_ELSign")): Object 'Object Repository/03-Header Menu/Hamburger Button/div_ELSign' is visible

2022-12-27 17:05:07 - [MESSAGE][PASSED] - Object 'Object Repository/03-Header Menu/Hamburger Button/div_ELSign' is visible

2022-12-27 17:05:07 - [TEST_STEP][PASSED] - verifyElementVisible(findTestObject("12-EL Sign/h4_ELSign")): Object 'Object Repository/12-EL Sign/h4_ELSign' is visible

2022-12-27 17:05:08 - [MESSAGE][PASSED] - Object 'Object Repository/12-EL Sign/h4_ELSign' is visible

2022-12-27 17:05:08 - [TEST_STEP][PASSED] - delay(3): Delayed 3 second(s)

2022-12-27 17:05:11 - [MESSAGE][PASSED] - Delayed 3 second(s)

2022-12-27 17:05:11 - [TEST_STEP][PASSED] - click(findTestObject("12-EL Sign/div_Send Documents")): Object: 'Object Repository/12-EL Sign/div_Send Documents' is clicked on

2022-12-27 17:05:12 - [MESSAGE][PASSED] - Object: 'Object Repository/12-EL Sign/div_Send Documents' is clicked on

2022-12-27 17:05:12 - [TEST_STEP][PASSED] - uploadpackage.Upload.uploadFile(findTestObject("Object Repository/12-EL Sign/div_Drag and drop or Upload PDF or Word document here"), "C:\Users\asus\Desktop\EL automation\sample.pdf"): uploadpackage.Upload.uploadFile is PASSED

2022-12-27 17:05:13 - [MESSAGE][PASSED] - Object: 'Object Repository/12-EL Sign/div_Drag and drop or Upload PDF or Word document here' is clicked on

2022-12-27 17:05:18 - [MESSAGE][PASSED] - uploadpackage.Upload.uploadFile is PASSED

2022-12-27 17:05:18 - [TEST_STEP][PASSED] - delay(3): Delayed 3 second(s)

2022-12-27 17:05:21 - [MESSAGE][PASSED] - Delayed 3 second(s)

2022-12-27 17:05:21 - [TEST_STEP][PASSED] - click(findTestObject("12-EL Sign/input_documentTitle")): Object: 'Object Repository/12-EL Sign/input_documentTitle' is clicked on

2022-12-27 17:05:23 - [MESSAGE][PASSED] - Object: 'Object Repository/12-EL Sign/input_documentTitle' is clicked on

2022-12-27 17:05:23 - [TEST_STEP][PASSED] - sendKeys(findTestObject("Object Repository/12-EL Sign/input_documentTitle"), Keys.chord(CONTROL, "a")): Keys 'CONTROL + a' sent to object: 'Object Repository/12-EL Sign/input_documentTitle'

2022-12-27 17:05:25 - [MESSAGE][PASSED] - Keys 'CONTROL + a' sent to object: 'Object Repository/12-EL Sign/input_documentTitle'

2022-12-27 17:05:25 - [TEST_STEP][PASSED] - sendKeys(findTestObject("Object Repository/12-EL Sign/input_documentTitle"), Keys.chord(BACK_SPACE)): Keys 'BACK_SPACE + ' sent to object: 'Object Repository/12-EL Sign/input_documentTitle'

2022-12-27 17:05:26 - [MESSAGE][PASSED] - Keys 'BACK_SPACE + ' sent to object: 'Object Repository/12-EL Sign/input_documentTitle'

2022-12-27 17:05:26 - [TEST_STEP][PASSED] - clickOffset(findTestObject("12-EL Sign/h4_ELSign"), 100, 100): Object: 'Object Repository/12-EL Sign/h4_ELSign' is clicked on using offset x=100 and y=100

2022-12-27 17:05:27 - [MESSAGE][PASSED] - Object: 'Object Repository/12-EL Sign/h4_ELSign' is clicked on using offset x=100 and y=100

2022-12-27 17:05:27 - [TEST_STEP][PASSED] - verifyElementVisible(findTestObject("12-EL Sign/mat-error_Title is required")): Object 'Object Repository/12-EL Sign/mat-error_Title is required' is visible

2022-12-27 17:05:27 - [MESSAGE][PASSED] - Object 'Object Repository/12-EL Sign/mat-error_Title is required' is visible

2022-12-27 17:05:27 - [TEST_STEP][PASSED] - delay(3): Delayed 3 second(s)

2022-12-27 17:05:30 - [MESSAGE][PASSED] - Delayed 3 second(s)]]></system-out>
         <system-err><![CDATA[]]></system-err>
      </testcase>
      <testcase name="Test Cases/12-EL Sign/02-Send Documents (Upload a file-fill out required field)" time="14.373" classname="Test Cases/12-EL Sign/02-Send Documents (Upload a file-fill out required field)" status="PASSED">
         <system-out><![CDATA[2022-12-27 17:05:31 - [TEST_CASE][PASSED] - Test Cases/12-EL Sign/02-Send Documents (Upload a file-fill out required field): Test Cases/12-EL Sign/02-Send Documents (Upload a file-fill out required field)

2022-12-27 17:05:33 - [TEST_STEP][PASSED] - setText(findTestObject("12-EL Sign/input_documentTitle"), "sample.pdf"): Text 'sample.pdf' is set on object 'Object Repository/12-EL Sign/input_documentTitle'

2022-12-27 17:05:35 - [MESSAGE][PASSED] - Text 'sample.pdf' is set on object 'Object Repository/12-EL Sign/input_documentTitle'

2022-12-27 17:05:35 - [TEST_STEP][PASSED] - click(findTestObject("12-EL Sign/button_UPLOAD")): Object: 'Object Repository/12-EL Sign/button_UPLOAD' is clicked on

2022-12-27 17:05:36 - [MESSAGE][PASSED] - Object: 'Object Repository/12-EL Sign/button_UPLOAD' is clicked on

2022-12-27 17:05:36 - [TEST_STEP][PASSED] - delay(3): Delayed 3 second(s)

2022-12-27 17:05:39 - [MESSAGE][PASSED] - Delayed 3 second(s)

2022-12-27 17:05:39 - [TEST_STEP][PASSED] - click(findTestObject("12-EL Sign/button_homeELSIGN DOCUMENTS")): Object: 'Object Repository/12-EL Sign/button_homeELSIGN DOCUMENTS' is clicked on

2022-12-27 17:05:42 - [MESSAGE][PASSED] - Object: 'Object Repository/12-EL Sign/button_homeELSIGN DOCUMENTS' is clicked on

2022-12-27 17:05:42 - [TEST_STEP][PASSED] - delay(3): Delayed 3 second(s)

2022-12-27 17:05:45 - [MESSAGE][PASSED] - Delayed 3 second(s)]]></system-out>
         <system-err><![CDATA[]]></system-err>
      </testcase>
      <testcase name="Test Cases/12-EL Sign/03-Send Documents (Function buttons)" time="172.783" classname="Test Cases/12-EL Sign/03-Send Documents (Function buttons)" status="PASSED">
         <system-out><![CDATA[2022-12-27 17:05:45 - [TEST_CASE][PASSED] - Test Cases/12-EL Sign/03-Send Documents (Function buttons): Test Cases/12-EL Sign/03-Send Documents (Function buttons)

2022-12-27 17:05:47 - [TEST_STEP][PASSED] - openBrowser(""): Browser is opened with url: ''

2022-12-27 17:05:47 - [MESSAGE][WARNING] - A browser is already opened. Closing browser and opening a new one

2022-12-27 17:05:50 - [MESSAGE][INFO] - Starting 'Chrome' driver

2022-12-27 17:05:50 - [MESSAGE][INFO] - Action delay is set to 0 milliseconds

2022-12-27 17:05:53 - [MESSAGE][PASSED] - Browser is opened with url: ''

2022-12-27 17:05:53 - [TEST_STEP][PASSED] - navigateToUrl("https://lab.everleagues.com/"): Navigate to 'https://lab.everleagues.com/' successfully

2022-12-27 17:06:15 - [MESSAGE][PASSED] - Navigate to 'https://lab.everleagues.com/' successfully

2022-12-27 17:06:15 - [TEST_STEP][PASSED] - maximizeWindow(): Current window maximized

2022-12-27 17:06:15 - [MESSAGE][PASSED] - Current window maximized

2022-12-27 17:06:15 - [TEST_STEP][PASSED] - setText(findTestObject("02-Side Icons(Organization)/Add Contact/Email Field"), "testuser02@mailinator.com"): Text 'testuser02@mailinator.com' is set on object 'Object Repository/02-Side Icons(Organization)/Add Contact/Email Field'

2022-12-27 17:06:17 - [MESSAGE][PASSED] - Text 'testuser02@mailinator.com' is set on object 'Object Repository/02-Side Icons(Organization)/Add Contact/Email Field'

2022-12-27 17:06:17 - [TEST_STEP][PASSED] - setEncryptedText(findTestObject("02-Side Icons(Organization)/Add Contact/Password Field"), "8yFRyszE6U6jvsCn51OQbg=="): Text ****** has been set on object 'Object Repository/02-Side Icons(Organization)/Add Contact/Password Field'

2022-12-27 17:06:19 - [MESSAGE][PASSED] - Text ****** has been set on object 'Object Repository/02-Side Icons(Organization)/Add Contact/Password Field'

2022-12-27 17:06:19 - [TEST_STEP][PASSED] - click(findTestObject("02-Side Icons(Organization)/Add Contact/button_Sign in")): Object: 'Object Repository/02-Side Icons(Organization)/Add Contact/button_Sign in' is clicked on

2022-12-27 17:06:20 - [MESSAGE][PASSED] - Object: 'Object Repository/02-Side Icons(Organization)/Add Contact/button_Sign in' is clicked on

2022-12-27 17:06:20 - [TEST_STEP][PASSED] - delay(2): Delayed 2 second(s)

2022-12-27 17:06:22 - [MESSAGE][PASSED] - Delayed 2 second(s)

2022-12-27 17:06:22 - [TEST_STEP][PASSED] - click(findTestObject("06-Teams/For 2FA/button_Confirm_2FA")): Object: 'Object Repository/06-Teams/For 2FA/button_Confirm_2FA' is clicked on

2022-12-27 17:06:23 - [MESSAGE][PASSED] - Object: 'Object Repository/06-Teams/For 2FA/button_Confirm_2FA' is clicked on

2022-12-27 17:06:23 - [TEST_STEP][PASSED] - delay(2): Delayed 2 second(s)

2022-12-27 17:06:25 - [MESSAGE][PASSED] - Delayed 2 second(s)

2022-12-27 17:06:25 - [TEST_STEP][PASSED] - executeJavaScript("window.open();", []): Execute JavaScript 'window.open();' successfully

2022-12-27 17:06:26 - [MESSAGE][PASSED] - Execute JavaScript 'window.open();' successfully

2022-12-27 17:06:26 - [TEST_STEP][PASSED] - currentWindow = getWindowIndex(): Current window's index is: 0

2022-12-27 17:06:26 - [MESSAGE][PASSED] - Current window's index is: 0

2022-12-27 17:06:26 - [TEST_STEP][PASSED] - delay(3): Delayed 3 second(s)

2022-12-27 17:06:29 - [MESSAGE][PASSED] - Delayed 3 second(s)

2022-12-27 17:06:29 - [TEST_STEP][PASSED] - switchToWindowIndex(currentWindow + 1): Switched to window with index: '1'

2022-12-27 17:06:29 - [MESSAGE][PASSED] - Switched to window with index: '1'

2022-12-27 17:06:29 - [TEST_STEP][PASSED] - navigateToUrl("https://www.mailinator.com/"): Navigate to 'https://www.mailinator.com/' successfully

2022-12-27 17:06:38 - [MESSAGE][PASSED] - Navigate to 'https://www.mailinator.com/' successfully

2022-12-27 17:06:38 - [TEST_STEP][PASSED] - delay(3): Delayed 3 second(s)

2022-12-27 17:06:41 - [MESSAGE][PASSED] - Delayed 3 second(s)

2022-12-27 17:06:41 - [TEST_STEP][PASSED] - setText(findTestObject("00-Signup and Activation/zMailinator/input_LOGIN_search"), "testuser02@mailinator.com"): Text 'testuser02@mailinator.com' is set on object 'Object Repository/00-Signup and Activation/zMailinator/input_LOGIN_search'

2022-12-27 17:06:43 - [MESSAGE][PASSED] - Text 'testuser02@mailinator.com' is set on object 'Object Repository/00-Signup and Activation/zMailinator/input_LOGIN_search'

2022-12-27 17:06:43 - [TEST_STEP][PASSED] - click(findTestObject("00-Signup and Activation/zMailinator/gobutton"), STOP_ON_FAILURE): Object: 'Object Repository/00-Signup and Activation/zMailinator/gobutton' is clicked on

2022-12-27 17:06:47 - [MESSAGE][PASSED] - Object: 'Object Repository/00-Signup and Activation/zMailinator/gobutton' is clicked on

2022-12-27 17:06:47 - [TEST_STEP][PASSED] - delay(3): Delayed 3 second(s)

2022-12-27 17:06:50 - [MESSAGE][PASSED] - Delayed 3 second(s)

2022-12-27 17:06:50 - [TEST_STEP][PASSED] - click(findTestObject("00-Signup and Activation/zMailinator/Email - everleagues")): Object: 'Object Repository/00-Signup and Activation/zMailinator/Email - everleagues' is clicked on

2022-12-27 17:06:53 - [MESSAGE][PASSED] - Object: 'Object Repository/00-Signup and Activation/zMailinator/Email - everleagues' is clicked on

2022-12-27 17:06:53 - [TEST_STEP][PASSED] - delay(3): Delayed 3 second(s)

2022-12-27 17:06:56 - [MESSAGE][PASSED] - Delayed 3 second(s)

2022-12-27 17:06:56 - [TEST_STEP][PASSED] - code = getText(findTestObject("Object Repository/06-Teams/For 2FA/2FA code")): Text of object 'Object Repository/06-Teams/For 2FA/2FA code' is: '578758'

2022-12-27 17:06:57 - [MESSAGE][PASSED] - Text of object 'Object Repository/06-Teams/For 2FA/2FA code' is: '578758'

2022-12-27 17:06:57 - [TEST_STEP][PASSED] - delay(3): Delayed 3 second(s)

2022-12-27 17:07:00 - [MESSAGE][PASSED] - Delayed 3 second(s)

2022-12-27 17:07:00 - [TEST_STEP][PASSED] - closeWindowTitle("Mailinator"): Window with title: 'Mailinator' is closed

2022-12-27 17:07:01 - [MESSAGE][PASSED] - Window with title: 'Mailinator' is closed

2022-12-27 17:07:01 - [TEST_STEP][PASSED] - delay(3): Delayed 3 second(s)

2022-12-27 17:07:04 - [MESSAGE][PASSED] - Delayed 3 second(s)

2022-12-27 17:07:04 - [TEST_STEP][PASSED] - switchToWindowIndex(0): Switched to window with index: '0'

2022-12-27 17:07:04 - [MESSAGE][PASSED] - Switched to window with index: '0'

2022-12-27 17:07:04 - [TEST_STEP][PASSED] - delay(3): Delayed 3 second(s)

2022-12-27 17:07:07 - [MESSAGE][PASSED] - Delayed 3 second(s)

2022-12-27 17:07:07 - [TEST_STEP][PASSED] - setText(findTestObject("Object Repository/06-Teams/For 2FA/input_Enter verification code_code"), code): Text '578758' is set on object 'Object Repository/06-Teams/For 2FA/input_Enter verification code_code'

2022-12-27 17:07:08 - [MESSAGE][PASSED] - Text '578758' is set on object 'Object Repository/06-Teams/For 2FA/input_Enter verification code_code'

2022-12-27 17:07:08 - [TEST_STEP][PASSED] - delay(3): Delayed 3 second(s)

2022-12-27 17:07:11 - [MESSAGE][PASSED] - Delayed 3 second(s)

2022-12-27 17:07:11 - [TEST_STEP][PASSED] - click(findTestObject("06-Teams/For 2FA/button_Verify_2FA")): Object: 'Object Repository/06-Teams/For 2FA/button_Verify_2FA' is clicked on

2022-12-27 17:07:12 - [MESSAGE][PASSED] - Object: 'Object Repository/06-Teams/For 2FA/button_Verify_2FA' is clicked on

2022-12-27 17:07:12 - [TEST_STEP][PASSED] - delay(5): Delayed 5 second(s)

2022-12-27 17:07:17 - [MESSAGE][PASSED] - Delayed 5 second(s)

2022-12-27 17:07:18 - [TEST_STEP][PASSED] - click(findTestObject("06-Teams/button_doublearrow")): Object: 'Object Repository/06-Teams/button_doublearrow' is clicked on

2022-12-27 17:07:20 - [MESSAGE][PASSED] - Object: 'Object Repository/06-Teams/button_doublearrow' is clicked on

2022-12-27 17:07:20 - [TEST_STEP][PASSED] - click(findTestObject("06-Teams/button_My Organizations")): Object: 'Object Repository/06-Teams/button_My Organizations' is clicked on

2022-12-27 17:07:21 - [MESSAGE][PASSED] - Object: 'Object Repository/06-Teams/button_My Organizations' is clicked on

2022-12-27 17:07:21 - [TEST_STEP][PASSED] - click(findTestObject("02-Side Icons(Organization)/Add Contact/button_Automation Test Org")): Object: 'Object Repository/02-Side Icons(Organization)/Add Contact/button_Automation Test Org' is clicked on

2022-12-27 17:07:23 - [MESSAGE][PASSED] - Object: 'Object Repository/02-Side Icons(Organization)/Add Contact/button_Automation Test Org' is clicked on

2022-12-27 17:07:23 - [TEST_STEP][PASSED] - delay(4): Delayed 4 second(s)

2022-12-27 17:07:27 - [MESSAGE][PASSED] - Delayed 4 second(s)

2022-12-27 17:07:27 - [TEST_STEP][PASSED] - verifyElementVisible(findTestObject("02-Side Icons(Organization)/Add Contact/span_Automation Test Org")): Object 'Object Repository/02-Side Icons(Organization)/Add Contact/span_Automation Test Org' is visible

2022-12-27 17:07:27 - [MESSAGE][PASSED] - Object 'Object Repository/02-Side Icons(Organization)/Add Contact/span_Automation Test Org' is visible

2022-12-27 17:07:27 - [TEST_STEP][PASSED] - delay(5): Delayed 5 second(s)

2022-12-27 17:07:32 - [MESSAGE][PASSED] - Delayed 5 second(s)

2022-12-27 17:07:32 - [TEST_STEP][PASSED] - click(findTestObject("03-Header Menu/Hamburger Button/div_ELSign")): Object: 'Object Repository/03-Header Menu/Hamburger Button/div_ELSign' is clicked on

2022-12-27 17:07:34 - [MESSAGE][PASSED] - Object: 'Object Repository/03-Header Menu/Hamburger Button/div_ELSign' is clicked on

2022-12-27 17:07:34 - [TEST_STEP][PASSED] - verifyElementVisible(findTestObject("03-Header Menu/Hamburger Button/div_ELSign")): Object 'Object Repository/03-Header Menu/Hamburger Button/div_ELSign' is visible

2022-12-27 17:07:37 - [MESSAGE][PASSED] - Object 'Object Repository/03-Header Menu/Hamburger Button/div_ELSign' is visible

2022-12-27 17:07:37 - [TEST_STEP][PASSED] - verifyElementVisible(findTestObject("12-EL Sign/h4_ELSign")): Object 'Object Repository/12-EL Sign/h4_ELSign' is visible

2022-12-27 17:07:37 - [MESSAGE][PASSED] - Object 'Object Repository/12-EL Sign/h4_ELSign' is visible

2022-12-27 17:07:37 - [TEST_STEP][PASSED] - delay(3): Delayed 3 second(s)

2022-12-27 17:07:40 - [MESSAGE][PASSED] - Delayed 3 second(s)

2022-12-27 17:07:40 - [TEST_STEP][PASSED] - click(findTestObject("12-EL Sign/button_addELSIGN DOCUMENTS")): Object: 'Object Repository/12-EL Sign/button_addELSIGN DOCUMENTS' is clicked on

2022-12-27 17:07:42 - [MESSAGE][PASSED] - Object: 'Object Repository/12-EL Sign/button_addELSIGN DOCUMENTS' is clicked on

2022-12-27 17:07:42 - [TEST_STEP][PASSED] - delay(1): Delayed 1 second(s)

2022-12-27 17:07:43 - [MESSAGE][PASSED] - Delayed 1 second(s)

2022-12-27 17:07:43 - [TEST_STEP][PASSED] - click(findTestObject("12-EL Sign/button_homeELSIGN DOCUMENTS")): Object: 'Object Repository/12-EL Sign/button_homeELSIGN DOCUMENTS' is clicked on

2022-12-27 17:07:44 - [MESSAGE][PASSED] - Object: 'Object Repository/12-EL Sign/button_homeELSIGN DOCUMENTS' is clicked on

2022-12-27 17:07:44 - [TEST_STEP][PASSED] - click(findTestObject("12-EL Sign/mat-icon_refresh")): Object: 'Object Repository/12-EL Sign/mat-icon_refresh' is clicked on

2022-12-27 17:07:46 - [MESSAGE][PASSED] - Object: 'Object Repository/12-EL Sign/mat-icon_refresh' is clicked on

2022-12-27 17:07:46 - [TEST_STEP][PASSED] - delay(3): Delayed 3 second(s)

2022-12-27 17:07:49 - [MESSAGE][PASSED] - Delayed 3 second(s)

2022-12-27 17:07:49 - [TEST_STEP][PASSED] - click(findTestObject("12-EL Sign/mat-icon_configureColumns")): Object: 'Object Repository/12-EL Sign/mat-icon_configureColumns' is clicked on

2022-12-27 17:07:50 - [MESSAGE][PASSED] - Object: 'Object Repository/12-EL Sign/mat-icon_configureColumns' is clicked on

2022-12-27 17:07:50 - [TEST_STEP][PASSED] - click(findTestObject("12-EL Sign/mat-dialog-container_configureColumnModal")): Object: 'Object Repository/12-EL Sign/mat-dialog-container_configureColumnModal' is clicked on

2022-12-27 17:07:51 - [MESSAGE][PASSED] - Object: 'Object Repository/12-EL Sign/mat-dialog-container_configureColumnModal' is clicked on

2022-12-27 17:07:51 - [TEST_STEP][PASSED] - click(findTestObject("12-EL Sign/span_ELSign Tracking Id")): Object: 'Object Repository/12-EL Sign/span_ELSign Tracking Id' is clicked on

2022-12-27 17:07:52 - [MESSAGE][PASSED] - Object: 'Object Repository/12-EL Sign/span_ELSign Tracking Id' is clicked on

2022-12-27 17:07:52 - [TEST_STEP][PASSED] - click(findTestObject("12-EL Sign/span_Document Name")): Object: 'Object Repository/12-EL Sign/span_Document Name' is clicked on

2022-12-27 17:07:53 - [MESSAGE][PASSED] - Object: 'Object Repository/12-EL Sign/span_Document Name' is clicked on

2022-12-27 17:07:53 - [TEST_STEP][PASSED] - click(findTestObject("12-EL Sign/span_Status")): Object: 'Object Repository/12-EL Sign/span_Status' is clicked on

2022-12-27 17:07:55 - [MESSAGE][PASSED] - Object: 'Object Repository/12-EL Sign/span_Status' is clicked on

2022-12-27 17:07:55 - [TEST_STEP][PASSED] - click(findTestObject("12-EL Sign/span_Signer Status")): Object: 'Object Repository/12-EL Sign/span_Signer Status' is clicked on

2022-12-27 17:07:56 - [MESSAGE][PASSED] - Object: 'Object Repository/12-EL Sign/span_Signer Status' is clicked on

2022-12-27 17:07:56 - [TEST_STEP][PASSED] - click(findTestObject("12-EL Sign/span_View")): Object: 'Object Repository/12-EL Sign/span_View' is clicked on

2022-12-27 17:07:57 - [MESSAGE][PASSED] - Object: 'Object Repository/12-EL Sign/span_View' is clicked on

2022-12-27 17:07:57 - [TEST_STEP][PASSED] - click(findTestObject("12-EL Sign/span_Certificate")): Object: 'Object Repository/12-EL Sign/span_Certificate' is clicked on

2022-12-27 17:07:58 - [MESSAGE][PASSED] - Object: 'Object Repository/12-EL Sign/span_Certificate' is clicked on

2022-12-27 17:07:58 - [TEST_STEP][PASSED] - click(findTestObject("12-EL Sign/span_Delete")): Object: 'Object Repository/12-EL Sign/span_Delete' is clicked on

2022-12-27 17:08:00 - [MESSAGE][PASSED] - Object: 'Object Repository/12-EL Sign/span_Delete' is clicked on

2022-12-27 17:08:00 - [TEST_STEP][PASSED] - click(findTestObject("12-EL Sign/span_History")): Object: 'Object Repository/12-EL Sign/span_History' is clicked on

2022-12-27 17:08:01 - [MESSAGE][PASSED] - Object: 'Object Repository/12-EL Sign/span_History' is clicked on

2022-12-27 17:08:01 - [TEST_STEP][PASSED] - click(findTestObject("12-EL Sign/span_Reminder")): Object: 'Object Repository/12-EL Sign/span_Reminder' is clicked on

2022-12-27 17:08:02 - [MESSAGE][PASSED] - Object: 'Object Repository/12-EL Sign/span_Reminder' is clicked on

2022-12-27 17:08:02 - [TEST_STEP][PASSED] - click(findTestObject("12-EL Sign/span_Last Modified")): Object: 'Object Repository/12-EL Sign/span_Last Modified' is clicked on

2022-12-27 17:08:03 - [MESSAGE][PASSED] - Object: 'Object Repository/12-EL Sign/span_Last Modified' is clicked on

2022-12-27 17:08:03 - [TEST_STEP][PASSED] - delay(3): Delayed 3 second(s)

2022-12-27 17:08:06 - [MESSAGE][PASSED] - Delayed 3 second(s)

2022-12-27 17:08:06 - [TEST_STEP][PASSED] - click(findTestObject("12-EL Sign/span_ELSign Tracking Id")): Object: 'Object Repository/12-EL Sign/span_ELSign Tracking Id' is clicked on

2022-12-27 17:08:07 - [MESSAGE][PASSED] - Object: 'Object Repository/12-EL Sign/span_ELSign Tracking Id' is clicked on

2022-12-27 17:08:07 - [TEST_STEP][PASSED] - click(findTestObject("12-EL Sign/span_Document Name")): Object: 'Object Repository/12-EL Sign/span_Document Name' is clicked on

2022-12-27 17:08:08 - [MESSAGE][PASSED] - Object: 'Object Repository/12-EL Sign/span_Document Name' is clicked on

2022-12-27 17:08:08 - [TEST_STEP][PASSED] - click(findTestObject("12-EL Sign/span_Status")): Object: 'Object Repository/12-EL Sign/span_Status' is clicked on

2022-12-27 17:08:10 - [MESSAGE][PASSED] - Object: 'Object Repository/12-EL Sign/span_Status' is clicked on

2022-12-27 17:08:10 - [TEST_STEP][PASSED] - click(findTestObject("12-EL Sign/span_Signer Status")): Object: 'Object Repository/12-EL Sign/span_Signer Status' is clicked on

2022-12-27 17:08:11 - [MESSAGE][PASSED] - Object: 'Object Repository/12-EL Sign/span_Signer Status' is clicked on

2022-12-27 17:08:11 - [TEST_STEP][PASSED] - click(findTestObject("12-EL Sign/span_View")): Object: 'Object Repository/12-EL Sign/span_View' is clicked on

2022-12-27 17:08:12 - [MESSAGE][PASSED] - Object: 'Object Repository/12-EL Sign/span_View' is clicked on

2022-12-27 17:08:12 - [TEST_STEP][PASSED] - click(findTestObject("12-EL Sign/span_Download")): Object: 'Object Repository/12-EL Sign/span_Download' is clicked on

2022-12-27 17:08:13 - [MESSAGE][PASSED] - Object: 'Object Repository/12-EL Sign/span_Download' is clicked on

2022-12-27 17:08:13 - [TEST_STEP][PASSED] - click(findTestObject("12-EL Sign/span_Certificate")): Object: 'Object Repository/12-EL Sign/span_Certificate' is clicked on

2022-12-27 17:08:14 - [MESSAGE][PASSED] - Object: 'Object Repository/12-EL Sign/span_Certificate' is clicked on

2022-12-27 17:08:14 - [TEST_STEP][PASSED] - click(findTestObject("12-EL Sign/span_Delete")): Object: 'Object Repository/12-EL Sign/span_Delete' is clicked on

2022-12-27 17:08:15 - [MESSAGE][PASSED] - Object: 'Object Repository/12-EL Sign/span_Delete' is clicked on

2022-12-27 17:08:15 - [TEST_STEP][PASSED] - click(findTestObject("12-EL Sign/span_History")): Object: 'Object Repository/12-EL Sign/span_History' is clicked on

2022-12-27 17:08:16 - [MESSAGE][PASSED] - Object: 'Object Repository/12-EL Sign/span_History' is clicked on

2022-12-27 17:08:16 - [TEST_STEP][PASSED] - click(findTestObject("12-EL Sign/span_Reminder")): Object: 'Object Repository/12-EL Sign/span_Reminder' is clicked on

2022-12-27 17:08:18 - [MESSAGE][PASSED] - Object: 'Object Repository/12-EL Sign/span_Reminder' is clicked on

2022-12-27 17:08:18 - [TEST_STEP][PASSED] - click(findTestObject("12-EL Sign/span_Last Modified")): Object: 'Object Repository/12-EL Sign/span_Last Modified' is clicked on

2022-12-27 17:08:19 - [MESSAGE][PASSED] - Object: 'Object Repository/12-EL Sign/span_Last Modified' is clicked on

2022-12-27 17:08:19 - [TEST_STEP][PASSED] - delay(3): Delayed 3 second(s)

2022-12-27 17:08:22 - [MESSAGE][PASSED] - Delayed 3 second(s)

2022-12-27 17:08:22 - [TEST_STEP][PASSED] - click(findTestObject("12-EL Sign/button_CLOSE")): Object: 'Object Repository/12-EL Sign/button_CLOSE' is clicked on

2022-12-27 17:08:23 - [MESSAGE][PASSED] - Object: 'Object Repository/12-EL Sign/button_CLOSE' is clicked on

2022-12-27 17:08:23 - [TEST_STEP][PASSED] - delay(3): Delayed 3 second(s)

2022-12-27 17:08:26 - [MESSAGE][PASSED] - Delayed 3 second(s)

2022-12-27 17:08:26 - [TEST_STEP][PASSED] - click(findTestObject("12-EL Sign/mat-icon_exportCSV")): Object: 'Object Repository/12-EL Sign/mat-icon_exportCSV' is clicked on

2022-12-27 17:08:27 - [MESSAGE][PASSED] - Object: 'Object Repository/12-EL Sign/mat-icon_exportCSV' is clicked on

2022-12-27 17:08:27 - [TEST_STEP][PASSED] - delay(3): Delayed 3 second(s)

2022-12-27 17:08:30 - [MESSAGE][PASSED] - Delayed 3 second(s)

2022-12-27 17:08:30 - [TEST_STEP][PASSED] - click(findTestObject("12-EL Sign/mat-icon_expandAll")): Object: 'Object Repository/12-EL Sign/mat-icon_expandAll' is clicked on

2022-12-27 17:08:31 - [MESSAGE][PASSED] - Object: 'Object Repository/12-EL Sign/mat-icon_expandAll' is clicked on

2022-12-27 17:08:31 - [TEST_STEP][PASSED] - delay(3): Delayed 3 second(s)

2022-12-27 17:08:34 - [MESSAGE][PASSED] - Delayed 3 second(s)

2022-12-27 17:08:34 - [TEST_STEP][PASSED] - click(findTestObject("12-EL Sign/mat-icon_refit")): Object: 'Object Repository/12-EL Sign/mat-icon_refit' is clicked on

2022-12-27 17:08:35 - [MESSAGE][PASSED] - Object: 'Object Repository/12-EL Sign/mat-icon_refit' is clicked on

2022-12-27 17:08:35 - [TEST_STEP][PASSED] - delay(3): Delayed 3 second(s)

2022-12-27 17:08:38 - [MESSAGE][PASSED] - Delayed 3 second(s)]]></system-out>
         <system-err><![CDATA[]]></system-err>
      </testcase>
      <system-out><![CDATA[2022-12-27 17:03:02 - [TEST_SUITE][PASSED] - 12-EL Sign: Test Cases/12-EL Sign/03-Send Documents (Function buttons)]]></system-out>
      <system-err><![CDATA[]]></system-err>
   </testsuite>
</testsuites>
