<?xml version="1.0" encoding="UTF-8"?>
<testsuites name="08- Operations" time="151.973" tests="3" failures="0" errors="0">
   <testsuite name="08- Operations" tests="3" failures="0" errors="0" time="151.973" skipped="0" timestamp="2022-07-25 16:22:08" hostname="User - DESKTOP-QCRNR4M" id="Test Suites/TS-Organization/08- Operations">
      <properties>
         <property name="deviceName" value=""/>
         <property name="devicePlatform" value=""/>
         <property name="logFolder" value="C:\\Users\\User\\Katalon Studio\\EverleaguesMain\\Reports\\20220725_162204\\TS-Organization\\08- Operations\\20220725_162205"/>
         <property name="logFiles" value="C:\\Users\\User\\Katalon Studio\\EverleaguesMain\\Reports\\20220725_162204\\TS-Organization\\08- Operations\\20220725_162205\\execution0.log"/>
         <property name="attachments" value=""/>
         <property name="hostName" value="User - DESKTOP-QCRNR4M"/>
         <property name="os" value="Windows 10 64bit"/>
         <property name="katalonVersion" value="8.4.0.208"/>
         <property name="browser" value="Chrome 103.0.5060.134"/>
         <property name="hostAddress" value="192.168.5.124"/>
         <property name="sessionId" value="15eb6e521a311c1a96866d8adeda926d"/>
         <property name="seleniumVersion" value="3.141.59"/>
         <property name="proxyInformation" value="ProxyInformation { proxyOption=NO_PROXY, proxyServerType=HTTP, username=, password=********, proxyServerAddress=, proxyServerPort=0, executionList=&quot;&quot;, isApplyToDesiredCapabilities=true }"/>
         <property name="platform" value="Windows 10"/>
      </properties>
      <testcase name="Test Cases/08- Operations/01 - Client Assignment - Select Org unit" time="92.683" classname="Test Cases/08- Operations/01 - Client Assignment - Select Org unit" status="PASSED">
         <system-out><![CDATA[2022-07-25 16:22:08 - [TEST_CASE][PASSED] - Test Cases/08- Operations/01 - Client Assignment - Select Org unit: Test Cases/08- Operations/01 - Client Assignment - Select Org unit

2022-07-25 16:22:08 - [TEST_STEP][PASSED] - openBrowser(""): Browser is opened with url: ''

2022-07-25 16:22:09 - [MESSAGE][INFO] - Starting 'Chrome' driver

2022-07-25 16:22:09 - [MESSAGE][INFO] - Action delay is set to 0 milliseconds

2022-07-25 16:22:11 - [MESSAGE][PASSED] - Browser is opened with url: ''

2022-07-25 16:22:11 - [TEST_STEP][PASSED] - navigateToUrl("https://lab.everleagues.com/"): Navigate to 'https://lab.everleagues.com/' successfully

2022-07-25 16:22:45 - [MESSAGE][PASSED] - Navigate to 'https://lab.everleagues.com/' successfully

2022-07-25 16:22:45 - [TEST_STEP][PASSED] - maximizeWindow(): Current window maximized

2022-07-25 16:22:45 - [MESSAGE][PASSED] - Current window maximized

2022-07-25 16:22:45 - [TEST_STEP][PASSED] - setText(findTestObject("02-Side Icons(Organization)/Add Contact/Email Field"), "testuser02@mailinator.com"): Text 'testuser02@mailinator.com' is set on object 'Object Repository/02-Side Icons(Organization)/Add Contact/Email Field'

2022-07-25 16:22:47 - [MESSAGE][PASSED] - Text 'testuser02@mailinator.com' is set on object 'Object Repository/02-Side Icons(Organization)/Add Contact/Email Field'

2022-07-25 16:22:47 - [TEST_STEP][PASSED] - setEncryptedText(findTestObject("02-Side Icons(Organization)/Add Contact/Password Field"), "8yFRyszE6U6jvsCn51OQbg=="): Text ****** has been set on object 'Object Repository/02-Side Icons(Organization)/Add Contact/Password Field'

2022-07-25 16:22:47 - [MESSAGE][PASSED] - Text ****** has been set on object 'Object Repository/02-Side Icons(Organization)/Add Contact/Password Field'

2022-07-25 16:22:47 - [TEST_STEP][PASSED] - click(findTestObject("02-Side Icons(Organization)/Add Contact/button_Sign in")): Object: 'Object Repository/02-Side Icons(Organization)/Add Contact/button_Sign in' is clicked on

2022-07-25 16:22:48 - [MESSAGE][PASSED] - Object: 'Object Repository/02-Side Icons(Organization)/Add Contact/button_Sign in' is clicked on

2022-07-25 16:22:48 - [TEST_STEP][PASSED] - delay(3): Delayed 3 second(s)

2022-07-25 16:22:51 - [MESSAGE][PASSED] - Delayed 3 second(s)

2022-07-25 16:22:51 - [TEST_STEP][PASSED] - click(findTestObject("06-Teams/For 2FA/button_Confirm_2FA")): Object: 'Object Repository/06-Teams/For 2FA/button_Confirm_2FA' is clicked on

2022-07-25 16:22:51 - [MESSAGE][PASSED] - Object: 'Object Repository/06-Teams/For 2FA/button_Confirm_2FA' is clicked on

2022-07-25 16:22:51 - [TEST_STEP][PASSED] - executeJavaScript("window.open();", []): Execute JavaScript 'window.open();' successfully

2022-07-25 16:22:52 - [MESSAGE][PASSED] - Execute JavaScript 'window.open();' successfully

2022-07-25 16:22:52 - [TEST_STEP][PASSED] - currentWindow = getWindowIndex(): Current window's index is: 0

2022-07-25 16:22:52 - [MESSAGE][PASSED] - Current window's index is: 0

2022-07-25 16:22:52 - [TEST_STEP][PASSED] - delay(3): Delayed 3 second(s)

2022-07-25 16:22:55 - [MESSAGE][PASSED] - Delayed 3 second(s)

2022-07-25 16:22:55 - [TEST_STEP][PASSED] - switchToWindowIndex(currentWindow + 1): Switched to window with index: '1'

2022-07-25 16:22:55 - [MESSAGE][PASSED] - Switched to window with index: '1'

2022-07-25 16:22:55 - [TEST_STEP][PASSED] - navigateToUrl("https://www.mailinator.com/"): Navigate to 'https://www.mailinator.com/' successfully

2022-07-25 16:22:57 - [MESSAGE][PASSED] - Navigate to 'https://www.mailinator.com/' successfully

2022-07-25 16:22:57 - [TEST_STEP][PASSED] - delay(3): Delayed 3 second(s)

2022-07-25 16:23:00 - [MESSAGE][PASSED] - Delayed 3 second(s)

2022-07-25 16:23:00 - [TEST_STEP][PASSED] - setText(findTestObject("00-Signup and Activation/zMailinator/input_LOGIN_search"), "testuser02@mailinator.com"): Text 'testuser02@mailinator.com' is set on object 'Object Repository/00-Signup and Activation/zMailinator/input_LOGIN_search'

2022-07-25 16:23:01 - [MESSAGE][PASSED] - Text 'testuser02@mailinator.com' is set on object 'Object Repository/00-Signup and Activation/zMailinator/input_LOGIN_search'

2022-07-25 16:23:01 - [TEST_STEP][PASSED] - click(findTestObject("00-Signup and Activation/zMailinator/gobutton"), STOP_ON_FAILURE): Object: 'Object Repository/00-Signup and Activation/zMailinator/gobutton' is clicked on

2022-07-25 16:23:02 - [MESSAGE][PASSED] - Object: 'Object Repository/00-Signup and Activation/zMailinator/gobutton' is clicked on

2022-07-25 16:23:02 - [TEST_STEP][PASSED] - delay(3): Delayed 3 second(s)

2022-07-25 16:23:05 - [MESSAGE][PASSED] - Delayed 3 second(s)

2022-07-25 16:23:05 - [TEST_STEP][PASSED] - click(findTestObject("00-Signup and Activation/zMailinator/Email - everleagues")): Object: 'Object Repository/00-Signup and Activation/zMailinator/Email - everleagues' is clicked on

2022-07-25 16:23:05 - [MESSAGE][PASSED] - Object: 'Object Repository/00-Signup and Activation/zMailinator/Email - everleagues' is clicked on

2022-07-25 16:23:05 - [TEST_STEP][PASSED] - delay(3): Delayed 3 second(s)

2022-07-25 16:23:08 - [MESSAGE][PASSED] - Delayed 3 second(s)

2022-07-25 16:23:08 - [TEST_STEP][PASSED] - code = getText(findTestObject("Object Repository/06-Teams/For 2FA/2FA code")): Text of object 'Object Repository/06-Teams/For 2FA/2FA code' is: '726983'

2022-07-25 16:23:08 - [MESSAGE][PASSED] - Text of object 'Object Repository/06-Teams/For 2FA/2FA code' is: '726983'

2022-07-25 16:23:08 - [TEST_STEP][PASSED] - delay(3): Delayed 3 second(s)

2022-07-25 16:23:11 - [MESSAGE][PASSED] - Delayed 3 second(s)

2022-07-25 16:23:11 - [TEST_STEP][PASSED] - closeWindowTitle("Mailinator"): Window with title: 'Mailinator' is closed

2022-07-25 16:23:12 - [MESSAGE][PASSED] - Window with title: 'Mailinator' is closed

2022-07-25 16:23:12 - [TEST_STEP][PASSED] - delay(3): Delayed 3 second(s)

2022-07-25 16:23:15 - [MESSAGE][PASSED] - Delayed 3 second(s)

2022-07-25 16:23:15 - [TEST_STEP][PASSED] - switchToWindowIndex(0): Switched to window with index: '0'

2022-07-25 16:23:15 - [MESSAGE][PASSED] - Switched to window with index: '0'

2022-07-25 16:23:15 - [TEST_STEP][PASSED] - delay(3): Delayed 3 second(s)

2022-07-25 16:23:18 - [MESSAGE][PASSED] - Delayed 3 second(s)

2022-07-25 16:23:18 - [TEST_STEP][PASSED] - setText(findTestObject("Object Repository/06-Teams/For 2FA/input_Enter verification code_code"), code): Text '726983' is set on object 'Object Repository/06-Teams/For 2FA/input_Enter verification code_code'

2022-07-25 16:23:19 - [MESSAGE][PASSED] - Text '726983' is set on object 'Object Repository/06-Teams/For 2FA/input_Enter verification code_code'

2022-07-25 16:23:19 - [TEST_STEP][PASSED] - delay(3): Delayed 3 second(s)

2022-07-25 16:23:22 - [MESSAGE][PASSED] - Delayed 3 second(s)

2022-07-25 16:23:22 - [TEST_STEP][PASSED] - click(findTestObject("06-Teams/For 2FA/button_Verify_2FA")): Object: 'Object Repository/06-Teams/For 2FA/button_Verify_2FA' is clicked on

2022-07-25 16:23:22 - [MESSAGE][PASSED] - Object: 'Object Repository/06-Teams/For 2FA/button_Verify_2FA' is clicked on

2022-07-25 16:23:22 - [TEST_STEP][PASSED] - delay(5): Delayed 5 second(s)

2022-07-25 16:23:27 - [MESSAGE][PASSED] - Delayed 5 second(s)

2022-07-25 16:23:27 - [TEST_STEP][PASSED] - click(findTestObject("03-Header Menu/Hamburger Button/div_Directory")): Object: 'Object Repository/03-Header Menu/Hamburger Button/div_Directory' is clicked on

2022-07-25 16:23:28 - [MESSAGE][PASSED] - Object: 'Object Repository/03-Header Menu/Hamburger Button/div_Directory' is clicked on

2022-07-25 16:23:28 - [TEST_STEP][PASSED] - delay(3): Delayed 3 second(s)

2022-07-25 16:23:31 - [MESSAGE][PASSED] - Delayed 3 second(s)

2022-07-25 16:23:31 - [TEST_STEP][PASSED] - click(findTestObject("03-Header Menu/Hamburger Button/div_Operation")): Object: 'Object Repository/03-Header Menu/Hamburger Button/div_Operation' is clicked on

2022-07-25 16:23:31 - [MESSAGE][PASSED] - Object: 'Object Repository/03-Header Menu/Hamburger Button/div_Operation' is clicked on

2022-07-25 16:23:31 - [TEST_STEP][PASSED] - verifyElementVisible(findTestObject("08-Operations/Client_Assignment")): Object 'Object Repository/08-Operations/Client_Assignment' is visible

2022-07-25 16:23:32 - [MESSAGE][PASSED] - Object 'Object Repository/08-Operations/Client_Assignment' is visible

2022-07-25 16:23:32 - [TEST_STEP][PASSED] - verifyElementVisible(findTestObject("08-Operations/Private_Circle")): Object 'Object Repository/08-Operations/Private_Circle' is visible

2022-07-25 16:23:32 - [MESSAGE][PASSED] - Object 'Object Repository/08-Operations/Private_Circle' is visible

2022-07-25 16:23:32 - [TEST_STEP][PASSED] - delay(3): Delayed 3 second(s)

2022-07-25 16:23:35 - [MESSAGE][PASSED] - Delayed 3 second(s)

2022-07-25 16:23:35 - [TEST_STEP][PASSED] - click(findTestObject("08-Operations/Client_Assignment")): Object: 'Object Repository/08-Operations/Client_Assignment' is clicked on

2022-07-25 16:23:36 - [MESSAGE][PASSED] - Object: 'Object Repository/08-Operations/Client_Assignment' is clicked on

2022-07-25 16:23:36 - [TEST_STEP][PASSED] - verifyElementVisible(findTestObject("08-Operations/Client Assignment/Client Assignment Page")): Object 'Object Repository/08-Operations/Client Assignment/Client Assignment Page' is visible

2022-07-25 16:23:36 - [MESSAGE][PASSED] - Object 'Object Repository/08-Operations/Client Assignment/Client Assignment Page' is visible

2022-07-25 16:23:36 - [TEST_STEP][PASSED] - delay(3): Delayed 3 second(s)

2022-07-25 16:23:39 - [MESSAGE][PASSED] - Delayed 3 second(s)

2022-07-25 16:23:39 - [TEST_STEP][PASSED] - click(findTestObject("08-Operations/Client Assignment/Org unit edit")): Object: 'Object Repository/08-Operations/Client Assignment/Org unit edit' is clicked on

2022-07-25 16:23:40 - [MESSAGE][PASSED] - Object: 'Object Repository/08-Operations/Client Assignment/Org unit edit' is clicked on

2022-07-25 16:23:40 - [TEST_STEP][PASSED] - verifyElementVisible(findTestObject("08-Operations/Client Assignment/Select org unit modal")): Object 'Object Repository/08-Operations/Client Assignment/Select org unit modal' is visible

2022-07-25 16:23:40 - [MESSAGE][PASSED] - Object 'Object Repository/08-Operations/Client Assignment/Select org unit modal' is visible

2022-07-25 16:23:40 - [TEST_STEP][PASSED] - click(findTestObject("08-Operations/Client Assignment/button_Select_org unit select")): Object: 'Object Repository/08-Operations/Client Assignment/button_Select_org unit select' is clicked on

2022-07-25 16:23:41 - [MESSAGE][PASSED] - Object: 'Object Repository/08-Operations/Client Assignment/button_Select_org unit select' is clicked on]]></system-out>
         <system-err><![CDATA[]]></system-err>
      </testcase>
      <testcase name="Test Cases/08- Operations/02 - Client Assignment by Employee" time="26.878" classname="Test Cases/08- Operations/02 - Client Assignment by Employee" status="PASSED">
         <system-out><![CDATA[2022-07-25 16:23:41 - [TEST_CASE][PASSED] - Test Cases/08- Operations/02 - Client Assignment by Employee: Test Cases/08- Operations/02 - Client Assignment by Employee

2022-07-25 16:23:41 - [TEST_STEP][PASSED] - delay(3): Delayed 3 second(s)

2022-07-25 16:23:44 - [MESSAGE][PASSED] - Delayed 3 second(s)

2022-07-25 16:23:44 - [TEST_STEP][PASSED] - verifyElementNotClickable(findTestObject("08-Operations/Client Assignment/button_ Assign")): Object 'Object Repository/08-Operations/Client Assignment/button_ Assign' is NOT clickable

2022-07-25 16:23:44 - [MESSAGE][PASSED] - Object 'Object Repository/08-Operations/Client Assignment/button_ Assign' is NOT clickable

2022-07-25 16:23:44 - [TEST_STEP][PASSED] - verifyElementNotClickable(findTestObject("08-Operations/Client Assignment/button_Unassign")): Object 'Object Repository/08-Operations/Client Assignment/button_Unassign' is NOT clickable

2022-07-25 16:23:45 - [MESSAGE][PASSED] - Object 'Object Repository/08-Operations/Client Assignment/button_Unassign' is NOT clickable

2022-07-25 16:23:45 - [TEST_STEP][PASSED] - delay(3): Delayed 3 second(s)

2022-07-25 16:23:48 - [MESSAGE][PASSED] - Delayed 3 second(s)

2022-07-25 16:23:48 - [TEST_STEP][PASSED] - click(findTestObject("08-Operations/Client Assignment/div_GG TESTER")): Object: 'Object Repository/08-Operations/Client Assignment/div_GG TESTER' is clicked on

2022-07-25 16:23:48 - [MESSAGE][PASSED] - Object: 'Object Repository/08-Operations/Client Assignment/div_GG TESTER' is clicked on

2022-07-25 16:23:48 - [TEST_STEP][PASSED] - verifyElementVisible(findTestObject("08-Operations/Client Assignment/Clients column")): Object 'Object Repository/08-Operations/Client Assignment/Clients column' is visible

2022-07-25 16:23:49 - [MESSAGE][PASSED] - Object 'Object Repository/08-Operations/Client Assignment/Clients column' is visible

2022-07-25 16:23:49 - [TEST_STEP][PASSED] - verifyElementVisible(findTestObject("08-Operations/Client Assignment/Assigned Clients empty")): Object 'Object Repository/08-Operations/Client Assignment/Assigned Clients empty' is visible

2022-07-25 16:23:49 - [MESSAGE][PASSED] - Object 'Object Repository/08-Operations/Client Assignment/Assigned Clients empty' is visible

2022-07-25 16:23:49 - [TEST_STEP][PASSED] - delay(3): Delayed 3 second(s)

2022-07-25 16:23:52 - [MESSAGE][PASSED] - Delayed 3 second(s)

2022-07-25 16:23:52 - [TEST_STEP][PASSED] - click(findTestObject("08-Operations/Client Assignment/div_GTGG Tester 3")): Object: 'Object Repository/08-Operations/Client Assignment/div_GTGG Tester 3' is clicked on

2022-07-25 16:23:52 - [MESSAGE][PASSED] - Object: 'Object Repository/08-Operations/Client Assignment/div_GTGG Tester 3' is clicked on

2022-07-25 16:23:52 - [TEST_STEP][PASSED] - verifyElementClickable(findTestObject("08-Operations/Client Assignment/button_ Assign")): Object 'Object Repository/08-Operations/Client Assignment/button_ Assign' is clickable

2022-07-25 16:23:53 - [MESSAGE][PASSED] - Object 'Object Repository/08-Operations/Client Assignment/button_ Assign' is clickable

2022-07-25 16:23:53 - [TEST_STEP][PASSED] - click(findTestObject("08-Operations/Client Assignment/button_ Assign")): Object: 'Object Repository/08-Operations/Client Assignment/button_ Assign' is clicked on

2022-07-25 16:23:53 - [MESSAGE][PASSED] - Object: 'Object Repository/08-Operations/Client Assignment/button_ Assign' is clicked on

2022-07-25 16:23:53 - [TEST_STEP][PASSED] - verifyElementVisible(findTestObject("08-Operations/Client Assignment/Updated assignment msg")): Object 'Object Repository/08-Operations/Client Assignment/Updated assignment msg' is visible

2022-07-25 16:23:55 - [MESSAGE][PASSED] - Object 'Object Repository/08-Operations/Client Assignment/Updated assignment msg' is visible

2022-07-25 16:23:55 - [TEST_STEP][PASSED] - delay(3): Delayed 3 second(s)

2022-07-25 16:23:58 - [MESSAGE][PASSED] - Delayed 3 second(s)

2022-07-25 16:23:58 - [TEST_STEP][PASSED] - verifyElementVisible(findTestObject("08-Operations/Client Assignment/Client column Empty")): Object 'Object Repository/08-Operations/Client Assignment/Client column Empty' is visible

2022-07-25 16:23:58 - [MESSAGE][PASSED] - Object 'Object Repository/08-Operations/Client Assignment/Client column Empty' is visible

2022-07-25 16:23:58 - [TEST_STEP][PASSED] - verifyElementVisible(findTestObject("08-Operations/Client Assignment/Assigned clients column")): Object 'Object Repository/08-Operations/Client Assignment/Assigned clients column' is visible

2022-07-25 16:23:58 - [MESSAGE][PASSED] - Object 'Object Repository/08-Operations/Client Assignment/Assigned clients column' is visible

2022-07-25 16:23:58 - [TEST_STEP][PASSED] - delay(3): Delayed 3 second(s)

2022-07-25 16:24:01 - [MESSAGE][PASSED] - Delayed 3 second(s)

2022-07-25 16:24:01 - [TEST_STEP][PASSED] - click(findTestObject("08-Operations/Client Assignment/div_GTGG Tester 3")): Object: 'Object Repository/08-Operations/Client Assignment/div_GTGG Tester 3' is clicked on

2022-07-25 16:24:02 - [MESSAGE][PASSED] - Object: 'Object Repository/08-Operations/Client Assignment/div_GTGG Tester 3' is clicked on

2022-07-25 16:24:02 - [TEST_STEP][PASSED] - verifyElementClickable(findTestObject("08-Operations/Client Assignment/button_Unassign")): Object 'Object Repository/08-Operations/Client Assignment/button_Unassign' is clickable

2022-07-25 16:24:02 - [MESSAGE][PASSED] - Object 'Object Repository/08-Operations/Client Assignment/button_Unassign' is clickable

2022-07-25 16:24:02 - [TEST_STEP][PASSED] - click(findTestObject("08-Operations/Client Assignment/button_Unassign")): Object: 'Object Repository/08-Operations/Client Assignment/button_Unassign' is clicked on

2022-07-25 16:24:02 - [MESSAGE][PASSED] - Object: 'Object Repository/08-Operations/Client Assignment/button_Unassign' is clicked on

2022-07-25 16:24:02 - [TEST_STEP][PASSED] - verifyElementVisible(findTestObject("08-Operations/Client Assignment/Updated assignment msg")): Object 'Object Repository/08-Operations/Client Assignment/Updated assignment msg' is visible

2022-07-25 16:24:04 - [MESSAGE][PASSED] - Object 'Object Repository/08-Operations/Client Assignment/Updated assignment msg' is visible

2022-07-25 16:24:04 - [TEST_STEP][PASSED] - delay(3): Delayed 3 second(s)

2022-07-25 16:24:07 - [MESSAGE][PASSED] - Delayed 3 second(s)

2022-07-25 16:24:07 - [TEST_STEP][PASSED] - verifyElementVisible(findTestObject("08-Operations/Client Assignment/Clients column")): Object 'Object Repository/08-Operations/Client Assignment/Clients column' is visible

2022-07-25 16:24:07 - [MESSAGE][PASSED] - Object 'Object Repository/08-Operations/Client Assignment/Clients column' is visible

2022-07-25 16:24:07 - [TEST_STEP][PASSED] - verifyElementVisible(findTestObject("08-Operations/Client Assignment/Assigned Clients empty")): Object 'Object Repository/08-Operations/Client Assignment/Assigned Clients empty' is visible

2022-07-25 16:24:08 - [MESSAGE][PASSED] - Object 'Object Repository/08-Operations/Client Assignment/Assigned Clients empty' is visible]]></system-out>
         <system-err><![CDATA[]]></system-err>
      </testcase>
      <testcase name="Test Cases/08- Operations/03 - Client Assignment by Client" time="32.057" classname="Test Cases/08- Operations/03 - Client Assignment by Client" status="PASSED">
         <system-out><![CDATA[2022-07-25 16:24:08 - [TEST_CASE][PASSED] - Test Cases/08- Operations/03 - Client Assignment by Client: Test Cases/08- Operations/03 - Client Assignment by Client

2022-07-25 16:24:08 - [TEST_STEP][PASSED] - delay(3): Delayed 3 second(s)

2022-07-25 16:24:11 - [MESSAGE][PASSED] - Delayed 3 second(s)

2022-07-25 16:24:11 - [TEST_STEP][PASSED] - click(findTestObject("08-Operations/Client Assignment/div_By Client")): Object: 'Object Repository/08-Operations/Client Assignment/div_By Client' is clicked on

2022-07-25 16:24:11 - [MESSAGE][PASSED] - Object: 'Object Repository/08-Operations/Client Assignment/div_By Client' is clicked on

2022-07-25 16:24:11 - [TEST_STEP][PASSED] - verifyElementVisible(findTestObject("08-Operations/Client Assignment/By Client modal")): Object 'Object Repository/08-Operations/Client Assignment/By Client modal' is visible

2022-07-25 16:24:13 - [MESSAGE][PASSED] - Object 'Object Repository/08-Operations/Client Assignment/By Client modal' is visible

2022-07-25 16:24:13 - [TEST_STEP][PASSED] - verifyElementNotClickable(findTestObject("08-Operations/Client Assignment/button_ Assign")): Object 'Object Repository/08-Operations/Client Assignment/button_ Assign' is NOT clickable

2022-07-25 16:24:13 - [MESSAGE][PASSED] - Object 'Object Repository/08-Operations/Client Assignment/button_ Assign' is NOT clickable

2022-07-25 16:24:13 - [TEST_STEP][PASSED] - verifyElementNotClickable(findTestObject("08-Operations/Client Assignment/button_Unassign")): Object 'Object Repository/08-Operations/Client Assignment/button_Unassign' is NOT clickable

2022-07-25 16:24:13 - [MESSAGE][PASSED] - Object 'Object Repository/08-Operations/Client Assignment/button_Unassign' is NOT clickable

2022-07-25 16:24:13 - [TEST_STEP][PASSED] - delay(3): Delayed 3 second(s)

2022-07-25 16:24:16 - [MESSAGE][PASSED] - Delayed 3 second(s)

2022-07-25 16:24:16 - [TEST_STEP][PASSED] - click(findTestObject("08-Operations/Client Assignment/div_GTGG Tester 3")): Object: 'Object Repository/08-Operations/Client Assignment/div_GTGG Tester 3' is clicked on

2022-07-25 16:24:17 - [MESSAGE][PASSED] - Object: 'Object Repository/08-Operations/Client Assignment/div_GTGG Tester 3' is clicked on

2022-07-25 16:24:17 - [TEST_STEP][PASSED] - verifyElementVisible(findTestObject("08-Operations/Client Assignment/Employees column")): Object 'Object Repository/08-Operations/Client Assignment/Employees column' is visible

2022-07-25 16:24:17 - [MESSAGE][PASSED] - Object 'Object Repository/08-Operations/Client Assignment/Employees column' is visible

2022-07-25 16:24:17 - [TEST_STEP][PASSED] - verifyElementVisible(findTestObject("08-Operations/Client Assignment/Assigned Employees empty")): Object 'Object Repository/08-Operations/Client Assignment/Assigned Employees empty' is visible

2022-07-25 16:24:17 - [MESSAGE][PASSED] - Object 'Object Repository/08-Operations/Client Assignment/Assigned Employees empty' is visible

2022-07-25 16:24:17 - [TEST_STEP][PASSED] - delay(3): Delayed 3 second(s)

2022-07-25 16:24:20 - [MESSAGE][PASSED] - Delayed 3 second(s)

2022-07-25 16:24:20 - [TEST_STEP][PASSED] - click(findTestObject("08-Operations/Client Assignment/div_GG TESTER")): Object: 'Object Repository/08-Operations/Client Assignment/div_GG TESTER' is clicked on

2022-07-25 16:24:21 - [MESSAGE][PASSED] - Object: 'Object Repository/08-Operations/Client Assignment/div_GG TESTER' is clicked on

2022-07-25 16:24:21 - [TEST_STEP][PASSED] - click(findTestObject("08-Operations/Client Assignment/button_ Assign")): Object: 'Object Repository/08-Operations/Client Assignment/button_ Assign' is clicked on

2022-07-25 16:24:21 - [MESSAGE][PASSED] - Object: 'Object Repository/08-Operations/Client Assignment/button_ Assign' is clicked on

2022-07-25 16:24:21 - [TEST_STEP][PASSED] - verifyElementVisible(findTestObject("08-Operations/Client Assignment/Updated assignment msg")): Object 'Object Repository/08-Operations/Client Assignment/Updated assignment msg' is visible

2022-07-25 16:24:23 - [MESSAGE][PASSED] - Object 'Object Repository/08-Operations/Client Assignment/Updated assignment msg' is visible

2022-07-25 16:24:23 - [TEST_STEP][PASSED] - delay(3): Delayed 3 second(s)

2022-07-25 16:24:26 - [MESSAGE][PASSED] - Delayed 3 second(s)

2022-07-25 16:24:26 - [TEST_STEP][PASSED] - verifyElementVisible(findTestObject("08-Operations/Client Assignment/Employees column after assign")): Object 'Object Repository/08-Operations/Client Assignment/Employees column after assign' is visible

2022-07-25 16:24:26 - [MESSAGE][PASSED] - Object 'Object Repository/08-Operations/Client Assignment/Employees column after assign' is visible

2022-07-25 16:24:26 - [TEST_STEP][PASSED] - verifyElementVisible(findTestObject("08-Operations/Client Assignment/Assigned Employees - GG TESTER")): Object 'Object Repository/08-Operations/Client Assignment/Assigned Employees - GG TESTER' is visible

2022-07-25 16:24:26 - [MESSAGE][PASSED] - Object 'Object Repository/08-Operations/Client Assignment/Assigned Employees - GG TESTER' is visible

2022-07-25 16:24:26 - [TEST_STEP][PASSED] - delay(3): Delayed 3 second(s)

2022-07-25 16:24:29 - [MESSAGE][PASSED] - Delayed 3 second(s)

2022-07-25 16:24:29 - [TEST_STEP][PASSED] - click(findTestObject("08-Operations/Client Assignment/div_GG TESTER")): Object: 'Object Repository/08-Operations/Client Assignment/div_GG TESTER' is clicked on

2022-07-25 16:24:30 - [MESSAGE][PASSED] - Object: 'Object Repository/08-Operations/Client Assignment/div_GG TESTER' is clicked on

2022-07-25 16:24:30 - [TEST_STEP][PASSED] - click(findTestObject("08-Operations/Client Assignment/button_Unassign")): Object: 'Object Repository/08-Operations/Client Assignment/button_Unassign' is clicked on

2022-07-25 16:24:30 - [MESSAGE][PASSED] - Object: 'Object Repository/08-Operations/Client Assignment/button_Unassign' is clicked on

2022-07-25 16:24:30 - [TEST_STEP][PASSED] - verifyElementVisible(findTestObject("08-Operations/Client Assignment/Updated assignment msg")): Object 'Object Repository/08-Operations/Client Assignment/Updated assignment msg' is visible

2022-07-25 16:24:32 - [MESSAGE][PASSED] - Object 'Object Repository/08-Operations/Client Assignment/Updated assignment msg' is visible

2022-07-25 16:24:32 - [TEST_STEP][PASSED] - delay(3): Delayed 3 second(s)

2022-07-25 16:24:35 - [MESSAGE][PASSED] - Delayed 3 second(s)

2022-07-25 16:24:35 - [TEST_STEP][PASSED] - verifyElementVisible(findTestObject("08-Operations/Client Assignment/Employees column")): Object 'Object Repository/08-Operations/Client Assignment/Employees column' is visible

2022-07-25 16:24:36 - [MESSAGE][PASSED] - Object 'Object Repository/08-Operations/Client Assignment/Employees column' is visible

2022-07-25 16:24:36 - [TEST_STEP][PASSED] - verifyElementVisible(findTestObject("08-Operations/Client Assignment/Assigned Employees empty")): Object 'Object Repository/08-Operations/Client Assignment/Assigned Employees empty' is visible

2022-07-25 16:24:36 - [MESSAGE][PASSED] - Object 'Object Repository/08-Operations/Client Assignment/Assigned Employees empty' is visible

2022-07-25 16:24:36 - [TEST_STEP][PASSED] - delay(3): Delayed 3 second(s)

2022-07-25 16:24:39 - [MESSAGE][PASSED] - Delayed 3 second(s)

2022-07-25 16:24:39 - [TEST_STEP][PASSED] - closeBrowser(): Browser is closed

2022-07-25 16:24:40 - [MESSAGE][PASSED] - Browser is closed]]></system-out>
         <system-err><![CDATA[]]></system-err>
      </testcase>
      <system-out><![CDATA[2022-07-25 16:22:08 - [TEST_SUITE][PASSED] - 08- Operations: Test Cases/08- Operations/03 - Client Assignment by Client]]></system-out>
      <system-err><![CDATA[]]></system-err>
   </testsuite>
</testsuites>
