<?xml version="1.0" encoding="UTF-8"?>
<testsuites name="01-Login and Forgot Password" time="433.548" tests="8" failures="0" errors="0">
   <testsuite name="01-Login and Forgot Password" tests="8" failures="0" errors="0" time="433.548" skipped="0" timestamp="2022-12-28 15:26:40" hostname="asus - DESKTOP-3L3J9C1" id="Test Suites/TS-Organization/01-Login and Forgot Password">
      <properties>
         <property name="deviceName" value=""/>
         <property name="devicePlatform" value=""/>
         <property name="logFolder" value="C:\\Users\\asus\\Katalon Studio\\Everleagues\\Everleagues\\Reports\\20221228_152625\\TS-Organization\\01-Login and Forgot Password\\20221228_152625"/>
         <property name="logFiles" value="C:\\Users\\asus\\Katalon Studio\\Everleagues\\Everleagues\\Reports\\20221228_152625\\TS-Organization\\01-Login and Forgot Password\\20221228_152625\\execution0.log"/>
         <property name="attachments" value=""/>
         <property name="hostName" value="asus - DESKTOP-3L3J9C1"/>
         <property name="os" value="Windows 10 64bit"/>
         <property name="katalonVersion" value="8.4.1.208"/>
         <property name="browser" value="Chrome 108.0.0.0"/>
         <property name="hostAddress" value="192.168.5.82"/>
         <property name="sessionId" value="44bb6c273dfb0a35cb1c8ef96804caea"/>
         <property name="seleniumVersion" value="3.141.59"/>
         <property name="proxyInformation" value="ProxyInformation { proxyOption=NO_PROXY, proxyServerType=HTTP, username=, password=********, proxyServerAddress=, proxyServerPort=0, executionList=&quot;&quot;, isApplyToDesiredCapabilities=true }"/>
         <property name="platform" value="Windows 10"/>
      </properties>
      <testcase name="Test Cases/01-Login and Forgot Password/01-Login(Credentials Blank)" time="272.29" classname="Test Cases/01-Login and Forgot Password/01-Login(Credentials Blank)" status="PASSED">
         <system-out><![CDATA[2022-12-28 15:26:41 - [TEST_CASE][PASSED] - Test Cases/01-Login and Forgot Password/01-Login(Credentials Blank): Test Cases/01-Login and Forgot Password/01-Login(Credentials Blank)

2022-12-28 15:26:43 - [TEST_STEP][PASSED] - openBrowser(""): Browser is opened with url: ''

2022-12-28 15:26:45 - [MESSAGE][INFO] - Starting 'Chrome' driver

2022-12-28 15:26:45 - [MESSAGE][INFO] - Action delay is set to 0 milliseconds

2022-12-28 15:26:56 - [MESSAGE][PASSED] - Browser is opened with url: ''

2022-12-28 15:26:56 - [TEST_STEP][PASSED] - navigateToUrl("https://lab.everleagues.com/"): Navigate to 'https://lab.everleagues.com/' successfully

2022-12-28 15:31:04 - [MESSAGE][PASSED] - Navigate to 'https://lab.everleagues.com/' successfully

2022-12-28 15:31:04 - [TEST_STEP][PASSED] - maximizeWindow(): Current window maximized

2022-12-28 15:31:04 - [MESSAGE][PASSED] - Current window maximized

2022-12-28 15:31:04 - [TEST_STEP][PASSED] - verifyElementPresent(findTestObject("01-Login and Forgot Password/Login_Card"), 0): Object 'Object Repository/01-Login and Forgot Password/Login_Card' is present

2022-12-28 15:31:06 - [MESSAGE][WARNING] - Timeout '0' is invalid. Using default page load timeout: '30'

2022-12-28 15:31:06 - [MESSAGE][PASSED] - Object 'Object Repository/01-Login and Forgot Password/Login_Card' is present

2022-12-28 15:31:06 - [TEST_STEP][PASSED] - delay(2): Delayed 2 second(s)

2022-12-28 15:31:09 - [MESSAGE][PASSED] - Delayed 2 second(s)

2022-12-28 15:31:09 - [TEST_STEP][PASSED] - verifyElementNotClickable(findTestObject("01-Login and Forgot Password/button_Sign in")): Object 'Object Repository/01-Login and Forgot Password/button_Sign in' is NOT clickable

2022-12-28 15:31:10 - [MESSAGE][PASSED] - Object 'Object Repository/01-Login and Forgot Password/button_Sign in' is NOT clickable

2022-12-28 15:31:10 - [TEST_STEP][PASSED] - delay(3): Delayed 3 second(s)

2022-12-28 15:31:13 - [MESSAGE][PASSED] - Delayed 3 second(s)]]></system-out>
         <system-err><![CDATA[]]></system-err>
      </testcase>
      <testcase name="Test Cases/01-Login and Forgot Password/02-Login(Wrong Email)" time="16.979" classname="Test Cases/01-Login and Forgot Password/02-Login(Wrong Email)" status="PASSED">
         <system-out><![CDATA[2022-12-28 15:31:14 - [TEST_CASE][PASSED] - Test Cases/01-Login and Forgot Password/02-Login(Wrong Email): Test Cases/01-Login and Forgot Password/02-Login(Wrong Email)

2022-12-28 15:31:16 - [TEST_STEP][PASSED] - setText(findTestObject("01-Login and Forgot Password/input_Email_email"), "unregisteredemail@test.com"): Text 'unregisteredemail@test.com' is set on object 'Object Repository/01-Login and Forgot Password/input_Email_email'

2022-12-28 15:31:18 - [MESSAGE][PASSED] - Text 'unregisteredemail@test.com' is set on object 'Object Repository/01-Login and Forgot Password/input_Email_email'

2022-12-28 15:31:18 - [TEST_STEP][PASSED] - setEncryptedText(findTestObject("01-Login and Forgot Password/input_Email_password"), "pUQNV8a0dCQ="): Text ****** has been set on object 'Object Repository/01-Login and Forgot Password/input_Email_password'

2022-12-28 15:31:19 - [MESSAGE][PASSED] - Text ****** has been set on object 'Object Repository/01-Login and Forgot Password/input_Email_password'

2022-12-28 15:31:19 - [TEST_STEP][PASSED] - delay(3): Delayed 3 second(s)

2022-12-28 15:31:22 - [MESSAGE][PASSED] - Delayed 3 second(s)

2022-12-28 15:31:22 - [TEST_STEP][PASSED] - click(findTestObject("01-Login and Forgot Password/button_Sign in")): Object: 'Object Repository/01-Login and Forgot Password/button_Sign in' is clicked on

2022-12-28 15:31:24 - [MESSAGE][PASSED] - Object: 'Object Repository/01-Login and Forgot Password/button_Sign in' is clicked on

2022-12-28 15:31:24 - [TEST_STEP][PASSED] - delay(3): Delayed 3 second(s)

2022-12-28 15:31:27 - [MESSAGE][PASSED] - Delayed 3 second(s)

2022-12-28 15:31:27 - [TEST_STEP][PASSED] - verifyElementPresent(findTestObject("01-Login and Forgot Password/Invalid email error"), 0): Object 'Object Repository/01-Login and Forgot Password/Invalid email error' is present

2022-12-28 15:31:27 - [MESSAGE][WARNING] - Timeout '0' is invalid. Using default page load timeout: '30'

2022-12-28 15:31:28 - [MESSAGE][PASSED] - Object 'Object Repository/01-Login and Forgot Password/Invalid email error' is present

2022-12-28 15:31:28 - [TEST_STEP][PASSED] - delay(3): Delayed 3 second(s)

2022-12-28 15:31:31 - [MESSAGE][PASSED] - Delayed 3 second(s)]]></system-out>
         <system-err><![CDATA[]]></system-err>
      </testcase>
      <testcase name="Test Cases/01-Login and Forgot Password/03-Login(Valid email, wrong pass)" time="17.81" classname="Test Cases/01-Login and Forgot Password/03-Login(Valid email, wrong pass)" status="PASSED">
         <system-out><![CDATA[2022-12-28 15:31:31 - [TEST_CASE][PASSED] - Test Cases/01-Login and Forgot Password/03-Login(Valid email, wrong pass): Test Cases/01-Login and Forgot Password/03-Login(Valid email, wrong pass)

2022-12-28 15:31:32 - [TEST_STEP][PASSED] - setText(findTestObject("01-Login and Forgot Password/input_Email_email"), "testuser01@mailinator.com"): Text 'testuser01@mailinator.com' is set on object 'Object Repository/01-Login and Forgot Password/input_Email_email'

2022-12-28 15:31:34 - [MESSAGE][PASSED] - Text 'testuser01@mailinator.com' is set on object 'Object Repository/01-Login and Forgot Password/input_Email_email'

2022-12-28 15:31:34 - [TEST_STEP][PASSED] - setEncryptedText(findTestObject("01-Login and Forgot Password/input_Email_password"), "OxgQgnWTiECE3BxjMAl2ng=="): Text ****** has been set on object 'Object Repository/01-Login and Forgot Password/input_Email_password'

2022-12-28 15:31:35 - [MESSAGE][PASSED] - Text ****** has been set on object 'Object Repository/01-Login and Forgot Password/input_Email_password'

2022-12-28 15:31:35 - [TEST_STEP][PASSED] - delay(2): Delayed 2 second(s)

2022-12-28 15:31:37 - [MESSAGE][PASSED] - Delayed 2 second(s)

2022-12-28 15:31:37 - [TEST_STEP][PASSED] - click(findTestObject("01-Login and Forgot Password/show pass button")): Object: 'Object Repository/01-Login and Forgot Password/show pass button' is clicked on

2022-12-28 15:31:38 - [MESSAGE][PASSED] - Object: 'Object Repository/01-Login and Forgot Password/show pass button' is clicked on

2022-12-28 15:31:38 - [TEST_STEP][PASSED] - delay(3): Delayed 3 second(s)

2022-12-28 15:31:41 - [MESSAGE][PASSED] - Delayed 3 second(s)

2022-12-28 15:31:41 - [TEST_STEP][PASSED] - click(findTestObject("01-Login and Forgot Password/button_Sign in")): Object: 'Object Repository/01-Login and Forgot Password/button_Sign in' is clicked on

2022-12-28 15:31:42 - [MESSAGE][PASSED] - Object: 'Object Repository/01-Login and Forgot Password/button_Sign in' is clicked on

2022-12-28 15:31:42 - [TEST_STEP][PASSED] - delay(3): Delayed 3 second(s)

2022-12-28 15:31:45 - [MESSAGE][PASSED] - Delayed 3 second(s)

2022-12-28 15:31:45 - [TEST_STEP][PASSED] - verifyElementPresent(findTestObject("01-Login and Forgot Password/Invalid user name or password"), 0): Object 'Object Repository/01-Login and Forgot Password/Invalid user name or password' is present

2022-12-28 15:31:45 - [MESSAGE][WARNING] - Timeout '0' is invalid. Using default page load timeout: '30'

2022-12-28 15:31:45 - [MESSAGE][PASSED] - Object 'Object Repository/01-Login and Forgot Password/Invalid user name or password' is present

2022-12-28 15:31:45 - [TEST_STEP][PASSED] - delay(3): Delayed 3 second(s)

2022-12-28 15:31:48 - [MESSAGE][PASSED] - Delayed 3 second(s)]]></system-out>
         <system-err><![CDATA[]]></system-err>
      </testcase>
      <testcase name="Test Cases/01-Login and Forgot Password/04-Login (Valid Credentials-Without Subscription)" time="59.736" classname="Test Cases/01-Login and Forgot Password/04-Login (Valid Credentials-Without Subscription)" status="PASSED">
         <system-out><![CDATA[2022-12-28 15:31:48 - [TEST_CASE][PASSED] - Test Cases/01-Login and Forgot Password/04-Login (Valid Credentials-Without Subscription): Test Cases/01-Login and Forgot Password/04-Login (Valid Credentials-Without Subscription)

2022-12-28 15:31:50 - [TEST_STEP][PASSED] - setText(findTestObject("01-Login and Forgot Password/input_Email_email"), "testuser01@mailinator.com"): Text 'testuser01@mailinator.com' is set on object 'Object Repository/01-Login and Forgot Password/input_Email_email'

2022-12-28 15:31:52 - [MESSAGE][PASSED] - Text 'testuser01@mailinator.com' is set on object 'Object Repository/01-Login and Forgot Password/input_Email_email'

2022-12-28 15:31:52 - [TEST_STEP][PASSED] - setEncryptedText(findTestObject("01-Login and Forgot Password/input_Email_password2"), "8yFRyszE6U6jvsCn51OQbg=="): Text ****** has been set on object 'Object Repository/01-Login and Forgot Password/input_Email_password2'

2022-12-28 15:31:53 - [MESSAGE][PASSED] - Text ****** has been set on object 'Object Repository/01-Login and Forgot Password/input_Email_password2'

2022-12-28 15:31:53 - [TEST_STEP][PASSED] - delay(2): Delayed 2 second(s)

2022-12-28 15:31:55 - [MESSAGE][PASSED] - Delayed 2 second(s)

2022-12-28 15:31:55 - [TEST_STEP][PASSED] - click(findTestObject("01-Login and Forgot Password/show pass button")): Object: 'Object Repository/01-Login and Forgot Password/show pass button' is clicked on

2022-12-28 15:31:56 - [MESSAGE][PASSED] - Object: 'Object Repository/01-Login and Forgot Password/show pass button' is clicked on

2022-12-28 15:31:56 - [TEST_STEP][PASSED] - delay(3): Delayed 3 second(s)

2022-12-28 15:31:59 - [MESSAGE][PASSED] - Delayed 3 second(s)

2022-12-28 15:31:59 - [TEST_STEP][PASSED] - click(findTestObject("01-Login and Forgot Password/button_Sign in")): Object: 'Object Repository/01-Login and Forgot Password/button_Sign in' is clicked on

2022-12-28 15:32:01 - [MESSAGE][PASSED] - Object: 'Object Repository/01-Login and Forgot Password/button_Sign in' is clicked on

2022-12-28 15:32:01 - [TEST_STEP][PASSED] - delay(3): Delayed 3 second(s)

2022-12-28 15:32:04 - [MESSAGE][PASSED] - Delayed 3 second(s)

2022-12-28 15:32:04 - [TEST_STEP][PASSED] - click(findTestObject("06-Teams/For 2FA/button_Confirm_2FA")): Object: 'Object Repository/06-Teams/For 2FA/button_Confirm_2FA' is clicked on

2022-12-28 15:32:04 - [MESSAGE][PASSED] - Object: 'Object Repository/06-Teams/For 2FA/button_Confirm_2FA' is clicked on

2022-12-28 15:32:04 - [TEST_STEP][PASSED] - executeJavaScript("window.open();", []): Execute JavaScript 'window.open();' successfully

2022-12-28 15:32:05 - [MESSAGE][PASSED] - Execute JavaScript 'window.open();' successfully

2022-12-28 15:32:05 - [TEST_STEP][PASSED] - currentWindow = getWindowIndex(): Current window's index is: 0

2022-12-28 15:32:05 - [MESSAGE][PASSED] - Current window's index is: 0

2022-12-28 15:32:05 - [TEST_STEP][PASSED] - delay(3): Delayed 3 second(s)

2022-12-28 15:32:08 - [MESSAGE][PASSED] - Delayed 3 second(s)

2022-12-28 15:32:08 - [TEST_STEP][PASSED] - switchToWindowIndex(currentWindow + 1): Switched to window with index: '1'

2022-12-28 15:32:08 - [MESSAGE][PASSED] - Switched to window with index: '1'

2022-12-28 15:32:08 - [TEST_STEP][PASSED] - navigateToUrl("https://www.mailinator.com/"): Navigate to 'https://www.mailinator.com/' successfully

2022-12-28 15:32:14 - [MESSAGE][PASSED] - Navigate to 'https://www.mailinator.com/' successfully

2022-12-28 15:32:14 - [TEST_STEP][PASSED] - delay(3): Delayed 3 second(s)

2022-12-28 15:32:18 - [MESSAGE][PASSED] - Delayed 3 second(s)

2022-12-28 15:32:18 - [TEST_STEP][PASSED] - setText(findTestObject("00-Signup and Activation/zMailinator/input_LOGIN_search"), "testuser01@mailinator.com"): Text 'testuser01@mailinator.com' is set on object 'Object Repository/00-Signup and Activation/zMailinator/input_LOGIN_search'

2022-12-28 15:32:19 - [MESSAGE][PASSED] - Text 'testuser01@mailinator.com' is set on object 'Object Repository/00-Signup and Activation/zMailinator/input_LOGIN_search'

2022-12-28 15:32:19 - [TEST_STEP][PASSED] - click(findTestObject("00-Signup and Activation/zMailinator/gobutton"), STOP_ON_FAILURE): Object: 'Object Repository/00-Signup and Activation/zMailinator/gobutton' is clicked on

2022-12-28 15:32:22 - [MESSAGE][PASSED] - Object: 'Object Repository/00-Signup and Activation/zMailinator/gobutton' is clicked on

2022-12-28 15:32:22 - [TEST_STEP][PASSED] - delay(3): Delayed 3 second(s)

2022-12-28 15:32:25 - [MESSAGE][PASSED] - Delayed 3 second(s)

2022-12-28 15:32:25 - [TEST_STEP][PASSED] - click(findTestObject("00-Signup and Activation/zMailinator/Email - everleagues")): Object: 'Object Repository/00-Signup and Activation/zMailinator/Email - everleagues' is clicked on

2022-12-28 15:32:26 - [MESSAGE][PASSED] - Object: 'Object Repository/00-Signup and Activation/zMailinator/Email - everleagues' is clicked on

2022-12-28 15:32:26 - [TEST_STEP][PASSED] - delay(3): Delayed 3 second(s)

2022-12-28 15:32:29 - [MESSAGE][PASSED] - Delayed 3 second(s)

2022-12-28 15:32:29 - [TEST_STEP][PASSED] - code = getText(findTestObject("Object Repository/06-Teams/For 2FA/2FA code")): Text of object 'Object Repository/06-Teams/For 2FA/2FA code' is: '998026'

2022-12-28 15:32:30 - [MESSAGE][PASSED] - Text of object 'Object Repository/06-Teams/For 2FA/2FA code' is: '998026'

2022-12-28 15:32:30 - [TEST_STEP][PASSED] - delay(3): Delayed 3 second(s)

2022-12-28 15:32:33 - [MESSAGE][PASSED] - Delayed 3 second(s)

2022-12-28 15:32:33 - [TEST_STEP][PASSED] - closeWindowTitle("Mailinator"): Window with title: 'Mailinator' is closed

2022-12-28 15:32:34 - [MESSAGE][PASSED] - Window with title: 'Mailinator' is closed

2022-12-28 15:32:34 - [TEST_STEP][PASSED] - delay(3): Delayed 3 second(s)

2022-12-28 15:32:37 - [MESSAGE][PASSED] - Delayed 3 second(s)

2022-12-28 15:32:37 - [TEST_STEP][PASSED] - switchToWindowIndex(0): Switched to window with index: '0'

2022-12-28 15:32:37 - [MESSAGE][PASSED] - Switched to window with index: '0'

2022-12-28 15:32:37 - [TEST_STEP][PASSED] - delay(3): Delayed 3 second(s)

2022-12-28 15:32:40 - [MESSAGE][PASSED] - Delayed 3 second(s)

2022-12-28 15:32:40 - [TEST_STEP][PASSED] - setText(findTestObject("Object Repository/06-Teams/For 2FA/input_Enter verification code_code"), code): Text '998026' is set on object 'Object Repository/06-Teams/For 2FA/input_Enter verification code_code'

2022-12-28 15:32:41 - [MESSAGE][PASSED] - Text '998026' is set on object 'Object Repository/06-Teams/For 2FA/input_Enter verification code_code'

2022-12-28 15:32:41 - [TEST_STEP][PASSED] - delay(3): Delayed 3 second(s)

2022-12-28 15:32:44 - [MESSAGE][PASSED] - Delayed 3 second(s)

2022-12-28 15:32:44 - [TEST_STEP][PASSED] - click(findTestObject("06-Teams/For 2FA/button_Verify_2FA")): Object: 'Object Repository/06-Teams/For 2FA/button_Verify_2FA' is clicked on

2022-12-28 15:32:45 - [MESSAGE][PASSED] - Object: 'Object Repository/06-Teams/For 2FA/button_Verify_2FA' is clicked on

2022-12-28 15:32:45 - [TEST_STEP][PASSED] - delay(3): Delayed 3 second(s)

2022-12-28 15:32:48 - [MESSAGE][PASSED] - Delayed 3 second(s)]]></system-out>
         <system-err><![CDATA[]]></system-err>
      </testcase>
      <testcase name="Test Cases/01-Login and Forgot Password/05-Logout" time="12.764" classname="Test Cases/01-Login and Forgot Password/05-Logout" status="PASSED">
         <system-out><![CDATA[2022-12-28 15:32:48 - [TEST_CASE][PASSED] - Test Cases/01-Login and Forgot Password/05-Logout: Test Cases/01-Login and Forgot Password/05-Logout

2022-12-28 15:32:51 - [TEST_STEP][PASSED] - click(findTestObject("01-Login and Forgot Password/User menu drop")): Object: 'Object Repository/01-Login and Forgot Password/User menu drop' is clicked on

2022-12-28 15:32:52 - [MESSAGE][PASSED] - Object: 'Object Repository/01-Login and Forgot Password/User menu drop' is clicked on

2022-12-28 15:32:52 - [TEST_STEP][PASSED] - delay(2): Delayed 2 second(s)

2022-12-28 15:32:54 - [MESSAGE][PASSED] - Delayed 2 second(s)

2022-12-28 15:32:54 - [TEST_STEP][PASSED] - click(findTestObject("01-Login and Forgot Password/h4_Sign Out"), STOP_ON_FAILURE): Object: 'Object Repository/01-Login and Forgot Password/h4_Sign Out' is clicked on

2022-12-28 15:32:55 - [MESSAGE][PASSED] - Object: 'Object Repository/01-Login and Forgot Password/h4_Sign Out' is clicked on

2022-12-28 15:32:55 - [TEST_STEP][PASSED] - delay(2): Delayed 2 second(s)

2022-12-28 15:32:57 - [MESSAGE][PASSED] - Delayed 2 second(s)

2022-12-28 15:32:57 - [TEST_STEP][PASSED] - verifyElementPresent(findTestObject("01-Login and Forgot Password/Login_Card"), 0): Object 'Object Repository/01-Login and Forgot Password/Login_Card' is present

2022-12-28 15:32:58 - [MESSAGE][WARNING] - Timeout '0' is invalid. Using default page load timeout: '30'

2022-12-28 15:32:58 - [MESSAGE][PASSED] - Object 'Object Repository/01-Login and Forgot Password/Login_Card' is present

2022-12-28 15:32:58 - [TEST_STEP][PASSED] - delay(3): Delayed 3 second(s)

2022-12-28 15:33:01 - [MESSAGE][PASSED] - Delayed 3 second(s)]]></system-out>
         <system-err><![CDATA[]]></system-err>
      </testcase>
      <testcase name="Test Cases/01-Login and Forgot Password/06-Forgot Password(Credentials Blank)" time="9.058" classname="Test Cases/01-Login and Forgot Password/06-Forgot Password(Credentials Blank)" status="PASSED">
         <system-out><![CDATA[2022-12-28 15:33:01 - [TEST_CASE][PASSED] - Test Cases/01-Login and Forgot Password/06-Forgot Password(Credentials Blank): Test Cases/01-Login and Forgot Password/06-Forgot Password(Credentials Blank)

2022-12-28 15:33:03 - [TEST_STEP][PASSED] - click(findTestObject("01-Login and Forgot Password/zForgot Password/a_Forgot password")): Object: 'Object Repository/01-Login and Forgot Password/zForgot Password/a_Forgot password' is clicked on

2022-12-28 15:33:04 - [MESSAGE][PASSED] - Object: 'Object Repository/01-Login and Forgot Password/zForgot Password/a_Forgot password' is clicked on

2022-12-28 15:33:04 - [TEST_STEP][PASSED] - verifyElementPresent(findTestObject("01-Login and Forgot Password/zForgot Password/span_Reset Password"), 0): Object 'Object Repository/01-Login and Forgot Password/zForgot Password/span_Reset Password' is present

2022-12-28 15:33:04 - [MESSAGE][WARNING] - Timeout '0' is invalid. Using default page load timeout: '30'

2022-12-28 15:33:05 - [MESSAGE][PASSED] - Object 'Object Repository/01-Login and Forgot Password/zForgot Password/span_Reset Password' is present

2022-12-28 15:33:05 - [TEST_STEP][PASSED] - delay(2): Delayed 2 second(s)

2022-12-28 15:33:07 - [MESSAGE][PASSED] - Delayed 2 second(s)

2022-12-28 15:33:07 - [TEST_STEP][PASSED] - verifyElementNotClickable(findTestObject("01-Login and Forgot Password/zForgot Password/button_Reset Password")): Object 'Object Repository/01-Login and Forgot Password/zForgot Password/button_Reset Password' is NOT clickable

2022-12-28 15:33:07 - [MESSAGE][PASSED] - Object 'Object Repository/01-Login and Forgot Password/zForgot Password/button_Reset Password' is NOT clickable

2022-12-28 15:33:07 - [TEST_STEP][PASSED] - delay(3): Delayed 3 second(s)

2022-12-28 15:33:10 - [MESSAGE][PASSED] - Delayed 3 second(s)]]></system-out>
         <system-err><![CDATA[]]></system-err>
      </testcase>
      <testcase name="Test Cases/01-Login and Forgot Password/07-Forgot Password(Wrong email)" time="15.324" classname="Test Cases/01-Login and Forgot Password/07-Forgot Password(Wrong email)" status="PASSED">
         <system-out><![CDATA[2022-12-28 15:33:10 - [TEST_CASE][PASSED] - Test Cases/01-Login and Forgot Password/07-Forgot Password(Wrong email): Test Cases/01-Login and Forgot Password/07-Forgot Password(Wrong email)

2022-12-28 15:33:12 - [TEST_STEP][PASSED] - setText(findTestObject("01-Login and Forgot Password/zForgot Password/Reset pass email field"), "unregisteredemail@test.com"): Text 'unregisteredemail@test.com' is set on object 'Object Repository/01-Login and Forgot Password/zForgot Password/Reset pass email field'

2022-12-28 15:33:14 - [MESSAGE][PASSED] - Text 'unregisteredemail@test.com' is set on object 'Object Repository/01-Login and Forgot Password/zForgot Password/Reset pass email field'

2022-12-28 15:33:14 - [TEST_STEP][PASSED] - delay(2): Delayed 2 second(s)

2022-12-28 15:33:16 - [MESSAGE][PASSED] - Delayed 2 second(s)

2022-12-28 15:33:16 - [TEST_STEP][PASSED] - click(findTestObject("01-Login and Forgot Password/zForgot Password/button_Reset Password")): Object: 'Object Repository/01-Login and Forgot Password/zForgot Password/button_Reset Password' is clicked on

2022-12-28 15:33:17 - [MESSAGE][PASSED] - Object: 'Object Repository/01-Login and Forgot Password/zForgot Password/button_Reset Password' is clicked on

2022-12-28 15:33:17 - [TEST_STEP][PASSED] - verifyElementPresent(findTestObject("01-Login and Forgot Password/zForgot Password/Reset pass- wrong email"), 0): Object 'Object Repository/01-Login and Forgot Password/zForgot Password/Reset pass- wrong email' is present

2022-12-28 15:33:17 - [MESSAGE][WARNING] - Timeout '0' is invalid. Using default page load timeout: '30'

2022-12-28 15:33:18 - [MESSAGE][PASSED] - Object 'Object Repository/01-Login and Forgot Password/zForgot Password/Reset pass- wrong email' is present

2022-12-28 15:33:18 - [TEST_STEP][PASSED] - delay(3): Delayed 3 second(s)

2022-12-28 15:33:21 - [MESSAGE][PASSED] - Delayed 3 second(s)

2022-12-28 15:33:21 - [TEST_STEP][PASSED] - click(findTestObject("01-Login and Forgot Password/zForgot Password/button_Back to login")): Object: 'Object Repository/01-Login and Forgot Password/zForgot Password/button_Back to login' is clicked on

2022-12-28 15:33:23 - [MESSAGE][PASSED] - Object: 'Object Repository/01-Login and Forgot Password/zForgot Password/button_Back to login' is clicked on

2022-12-28 15:33:23 - [TEST_STEP][PASSED] - delay(3): Delayed 3 second(s)

2022-12-28 15:33:26 - [MESSAGE][PASSED] - Delayed 3 second(s)]]></system-out>
         <system-err><![CDATA[]]></system-err>
      </testcase>
      <testcase name="Test Cases/01-Login and Forgot Password/08-Forgot Password(Correct Email)" time="27.419" classname="Test Cases/01-Login and Forgot Password/08-Forgot Password(Correct Email)" status="PASSED">
         <system-out><![CDATA[2022-12-28 15:33:26 - [TEST_CASE][PASSED] - Test Cases/01-Login and Forgot Password/08-Forgot Password(Correct Email): Test Cases/01-Login and Forgot Password/08-Forgot Password(Correct Email)

2022-12-28 15:33:28 - [TEST_STEP][PASSED] - delay(2): Delayed 2 second(s)

2022-12-28 15:33:30 - [MESSAGE][PASSED] - Delayed 2 second(s)

2022-12-28 15:33:30 - [TEST_STEP][PASSED] - click(findTestObject("01-Login and Forgot Password/zForgot Password/a_Forgot password")): Object: 'Object Repository/01-Login and Forgot Password/zForgot Password/a_Forgot password' is clicked on

2022-12-28 15:33:31 - [MESSAGE][PASSED] - Object: 'Object Repository/01-Login and Forgot Password/zForgot Password/a_Forgot password' is clicked on

2022-12-28 15:33:31 - [TEST_STEP][PASSED] - verifyElementPresent(findTestObject("01-Login and Forgot Password/zForgot Password/span_Reset Password"), 0): Object 'Object Repository/01-Login and Forgot Password/zForgot Password/span_Reset Password' is present

2022-12-28 15:33:31 - [MESSAGE][WARNING] - Timeout '0' is invalid. Using default page load timeout: '30'

2022-12-28 15:33:32 - [MESSAGE][PASSED] - Object 'Object Repository/01-Login and Forgot Password/zForgot Password/span_Reset Password' is present

2022-12-28 15:33:32 - [TEST_STEP][PASSED] - delay(2): Delayed 2 second(s)

2022-12-28 15:33:34 - [MESSAGE][PASSED] - Delayed 2 second(s)

2022-12-28 15:33:34 - [TEST_STEP][PASSED] - setText(findTestObject("01-Login and Forgot Password/zForgot Password/Reset pass email field"), "testuser01@mailinator.com"): Text 'testuser01@mailinator.com' is set on object 'Object Repository/01-Login and Forgot Password/zForgot Password/Reset pass email field'

2022-12-28 15:33:35 - [MESSAGE][PASSED] - Text 'testuser01@mailinator.com' is set on object 'Object Repository/01-Login and Forgot Password/zForgot Password/Reset pass email field'

2022-12-28 15:33:35 - [TEST_STEP][PASSED] - delay(2): Delayed 2 second(s)

2022-12-28 15:33:37 - [MESSAGE][PASSED] - Delayed 2 second(s)

2022-12-28 15:33:37 - [TEST_STEP][PASSED] - click(findTestObject("01-Login and Forgot Password/zForgot Password/button_Reset Password")): Object: 'Object Repository/01-Login and Forgot Password/zForgot Password/button_Reset Password' is clicked on

2022-12-28 15:33:38 - [MESSAGE][PASSED] - Object: 'Object Repository/01-Login and Forgot Password/zForgot Password/button_Reset Password' is clicked on

2022-12-28 15:33:38 - [TEST_STEP][PASSED] - verifyElementPresent(findTestObject("01-Login and Forgot Password/zForgot Password/Reset pass - success msg"), 0): Object 'Object Repository/01-Login and Forgot Password/zForgot Password/Reset pass - success msg' is present

2022-12-28 15:33:38 - [MESSAGE][WARNING] - Timeout '0' is invalid. Using default page load timeout: '30'

2022-12-28 15:33:41 - [MESSAGE][PASSED] - Object 'Object Repository/01-Login and Forgot Password/zForgot Password/Reset pass - success msg' is present

2022-12-28 15:33:41 - [TEST_STEP][PASSED] - delay(2): Delayed 2 second(s)

2022-12-28 15:33:43 - [MESSAGE][PASSED] - Delayed 2 second(s)

2022-12-28 15:33:43 - [TEST_STEP][PASSED] - click(findTestObject("01-Login and Forgot Password/zForgot Password/button_Back to login")): Object: 'Object Repository/01-Login and Forgot Password/zForgot Password/button_Back to login' is clicked on

2022-12-28 15:33:44 - [MESSAGE][PASSED] - Object: 'Object Repository/01-Login and Forgot Password/zForgot Password/button_Back to login' is clicked on

2022-12-28 15:33:44 - [TEST_STEP][PASSED] - delay(3): Delayed 3 second(s)

2022-12-28 15:33:47 - [MESSAGE][PASSED] - Delayed 3 second(s)

2022-12-28 15:33:47 - [TEST_STEP][PASSED] - verifyElementVisible(findTestObject("01-Login and Forgot Password/Login_Card")): Object 'Object Repository/01-Login and Forgot Password/Login_Card' is visible

2022-12-28 15:33:48 - [MESSAGE][PASSED] - Object 'Object Repository/01-Login and Forgot Password/Login_Card' is visible

2022-12-28 15:33:48 - [TEST_STEP][PASSED] - delay(2): Delayed 2 second(s)

2022-12-28 15:33:50 - [MESSAGE][PASSED] - Delayed 2 second(s)

2022-12-28 15:33:50 - [TEST_STEP][PASSED] - closeBrowser(): Browser is closed

2022-12-28 15:33:53 - [MESSAGE][PASSED] - Browser is closed]]></system-out>
         <system-err><![CDATA[]]></system-err>
      </testcase>
      <system-out><![CDATA[2022-12-28 15:26:40 - [TEST_SUITE][PASSED] - 01-Login and Forgot Password: Test Cases/01-Login and Forgot Password/08-Forgot Password(Correct Email)]]></system-out>
      <system-err><![CDATA[]]></system-err>
   </testsuite>
</testsuites>
