<?xml version="1.0" encoding="UTF-8"?>
<testsuites name="01-Login" time="114.282" tests="8" failures="0" errors="0">
   <testsuite name="01-Login" tests="8" failures="0" errors="0" time="114.282" skipped="0" timestamp="2021-12-29 12:23:57" hostname="User - DESKTOP-QCRNR4M" id="Test Suites/TS-Organization/01-Login">
      <properties>
         <property name="deviceName" value=""/>
         <property name="devicePlatform" value=""/>
         <property name="logFolder" value="C:\\Users\\User\\Katalon Studio\\Everleagues\\Reports\\20211229_122354\\TS-Organization\\01-Login\\20211229_122354"/>
         <property name="logFiles" value="C:\\Users\\User\\Katalon Studio\\Everleagues\\Reports\\20211229_122354\\TS-Organization\\01-Login\\20211229_122354\\execution0.log"/>
         <property name="attachments" value=""/>
         <property name="hostName" value="User - DESKTOP-QCRNR4M"/>
         <property name="os" value="Windows 10 64bit"/>
         <property name="katalonVersion" value="8.2.0.208"/>
         <property name="browser" value="Chrome 96.0.4664.110"/>
         <property name="hostAddress" value="192.168.5.53"/>
         <property name="sessionId" value="a52bbc42d80f34cc386c7e1166698410"/>
         <property name="seleniumVersion" value="3.141.59"/>
         <property name="proxyInformation" value="ProxyInformation { proxyOption=NO_PROXY, proxyServerType=HTTP, username=, password=********, proxyServerAddress=, proxyServerPort=0, executionList=&quot;&quot;, isApplyToDesiredCapabilities=true }"/>
         <property name="platform" value="Windows 10"/>
      </properties>
      <testcase name="Test Cases/01-Login/01-Login(Credentials Blank)" time="23.209" classname="Test Cases/01-Login/01-Login(Credentials Blank)" status="PASSED">
         <system-out><![CDATA[2021-12-29 12:23:58 - [TEST_CASE][PASSED] - Test Cases/01-Login/01-Login(Credentials Blank): Test Cases/01-Login/01-Login(Credentials Blank)

2021-12-29 12:23:58 - [TEST_STEP][PASSED] - openBrowser(""): Browser is opened with url: ''

2021-12-29 12:23:59 - [MESSAGE][INFO] - Starting 'Chrome' driver

2021-12-29 12:23:59 - [MESSAGE][INFO] - Action delay is set to 0 milliseconds

2021-12-29 12:24:01 - [MESSAGE][PASSED] - Browser is opened with url: ''

2021-12-29 12:24:01 - [TEST_STEP][PASSED] - navigateToUrl("https://app.everleagues.com/"): Navigate to 'https://app.everleagues.com/' successfully

2021-12-29 12:24:15 - [MESSAGE][PASSED] - Navigate to 'https://app.everleagues.com/' successfully

2021-12-29 12:24:15 - [TEST_STEP][PASSED] - maximizeWindow(): Current window maximized

2021-12-29 12:24:15 - [MESSAGE][PASSED] - Current window maximized

2021-12-29 12:24:15 - [TEST_STEP][PASSED] - verifyElementPresent(findTestObject("01-Login/Login_Card"), 0): Object 'Object Repository/01-Login/Login_Card' is present

2021-12-29 12:24:15 - [MESSAGE][WARNING] - Timeout '0' is invalid. Using default page load timeout: '30'

2021-12-29 12:24:16 - [MESSAGE][PASSED] - Object 'Object Repository/01-Login/Login_Card' is present

2021-12-29 12:24:16 - [TEST_STEP][PASSED] - delay(2): Delayed 2 second(s)

2021-12-29 12:24:18 - [MESSAGE][PASSED] - Delayed 2 second(s)

2021-12-29 12:24:18 - [TEST_STEP][PASSED] - verifyElementNotClickable(findTestObject("01-Login/button_Sign in")): Object 'Object Repository/01-Login/button_Sign in' is NOT clickable

2021-12-29 12:24:18 - [MESSAGE][PASSED] - Object 'Object Repository/01-Login/button_Sign in' is NOT clickable

2021-12-29 12:24:18 - [TEST_STEP][PASSED] - delay(3): Delayed 3 second(s)

2021-12-29 12:24:21 - [MESSAGE][PASSED] - Delayed 3 second(s)]]></system-out>
         <system-err><![CDATA[]]></system-err>
      </testcase>
      <testcase name="Test Cases/01-Login/02-Login(Wrong Email)" time="11.61" classname="Test Cases/01-Login/02-Login(Wrong Email)" status="PASSED">
         <system-out><![CDATA[2021-12-29 12:24:21 - [TEST_CASE][PASSED] - Test Cases/01-Login/02-Login(Wrong Email): Test Cases/01-Login/02-Login(Wrong Email)

2021-12-29 12:24:21 - [TEST_STEP][PASSED] - setText(findTestObject("Object Repository/01-Login/input_Email_email"), "unregisteredemail@test.com"): Text 'unregisteredemail@test.com' is set on object 'Object Repository/01-Login/input_Email_email'

2021-12-29 12:24:22 - [MESSAGE][PASSED] - Text 'unregisteredemail@test.com' is set on object 'Object Repository/01-Login/input_Email_email'

2021-12-29 12:24:22 - [TEST_STEP][PASSED] - setEncryptedText(findTestObject("Object Repository/01-Login/input_Email_password"), "pUQNV8a0dCQ="): Text ****** has been set on object 'Object Repository/01-Login/input_Email_password'

2021-12-29 12:24:23 - [MESSAGE][PASSED] - Text ****** has been set on object 'Object Repository/01-Login/input_Email_password'

2021-12-29 12:24:23 - [TEST_STEP][PASSED] - delay(3): Delayed 3 second(s)

2021-12-29 12:24:26 - [MESSAGE][PASSED] - Delayed 3 second(s)

2021-12-29 12:24:26 - [TEST_STEP][PASSED] - click(findTestObject("Object Repository/01-Login/button_Sign in")): Object: 'Object Repository/01-Login/button_Sign in' is clicked on

2021-12-29 12:24:26 - [MESSAGE][PASSED] - Object: 'Object Repository/01-Login/button_Sign in' is clicked on

2021-12-29 12:24:26 - [TEST_STEP][PASSED] - delay(3): Delayed 3 second(s)

2021-12-29 12:24:29 - [MESSAGE][PASSED] - Delayed 3 second(s)

2021-12-29 12:24:29 - [TEST_STEP][PASSED] - verifyElementPresent(findTestObject("01-Login/Invalid email error"), 0): Object 'Object Repository/01-Login/Invalid email error' is present

2021-12-29 12:24:29 - [MESSAGE][WARNING] - Timeout '0' is invalid. Using default page load timeout: '30'

2021-12-29 12:24:30 - [MESSAGE][PASSED] - Object 'Object Repository/01-Login/Invalid email error' is present

2021-12-29 12:24:30 - [TEST_STEP][PASSED] - delay(3): Delayed 3 second(s)

2021-12-29 12:24:33 - [MESSAGE][PASSED] - Delayed 3 second(s)]]></system-out>
         <system-err><![CDATA[]]></system-err>
      </testcase>
      <testcase name="Test Cases/01-Login/03-Login(Valid email, wrong pass)" time="13.834" classname="Test Cases/01-Login/03-Login(Valid email, wrong pass)" status="PASSED">
         <system-out><![CDATA[2021-12-29 12:24:33 - [TEST_CASE][PASSED] - Test Cases/01-Login/03-Login(Valid email, wrong pass): Test Cases/01-Login/03-Login(Valid email, wrong pass)

2021-12-29 12:24:33 - [TEST_STEP][PASSED] - setText(findTestObject("Object Repository/01-Login/input_Email_email"), "testerapp001@mailinator.com"): Text 'testerapp001@mailinator.com' is set on object 'Object Repository/01-Login/input_Email_email'

2021-12-29 12:24:34 - [MESSAGE][PASSED] - Text 'testerapp001@mailinator.com' is set on object 'Object Repository/01-Login/input_Email_email'

2021-12-29 12:24:34 - [TEST_STEP][PASSED] - setEncryptedText(findTestObject("Object Repository/01-Login/input_Email_password"), "OxgQgnWTiECE3BxjMAl2ng=="): Text ****** has been set on object 'Object Repository/01-Login/input_Email_password'

2021-12-29 12:24:34 - [MESSAGE][PASSED] - Text ****** has been set on object 'Object Repository/01-Login/input_Email_password'

2021-12-29 12:24:34 - [TEST_STEP][PASSED] - delay(2): Delayed 2 second(s)

2021-12-29 12:24:36 - [MESSAGE][PASSED] - Delayed 2 second(s)

2021-12-29 12:24:36 - [TEST_STEP][PASSED] - click(findTestObject("01-Login/show pass button")): Object: 'Object Repository/01-Login/show pass button' is clicked on

2021-12-29 12:24:37 - [MESSAGE][PASSED] - Object: 'Object Repository/01-Login/show pass button' is clicked on

2021-12-29 12:24:37 - [TEST_STEP][PASSED] - delay(3): Delayed 3 second(s)

2021-12-29 12:24:40 - [MESSAGE][PASSED] - Delayed 3 second(s)

2021-12-29 12:24:40 - [TEST_STEP][PASSED] - click(findTestObject("Object Repository/01-Login/button_Sign in")): Object: 'Object Repository/01-Login/button_Sign in' is clicked on

2021-12-29 12:24:40 - [MESSAGE][PASSED] - Object: 'Object Repository/01-Login/button_Sign in' is clicked on

2021-12-29 12:24:40 - [TEST_STEP][PASSED] - delay(3): Delayed 3 second(s)

2021-12-29 12:24:43 - [MESSAGE][PASSED] - Delayed 3 second(s)

2021-12-29 12:24:43 - [TEST_STEP][PASSED] - verifyElementPresent(findTestObject("01-Login/Invalid user name or password"), 0): Object 'Object Repository/01-Login/Invalid user name or password' is present

2021-12-29 12:24:43 - [MESSAGE][WARNING] - Timeout '0' is invalid. Using default page load timeout: '30'

2021-12-29 12:24:43 - [MESSAGE][PASSED] - Object 'Object Repository/01-Login/Invalid user name or password' is present

2021-12-29 12:24:43 - [TEST_STEP][PASSED] - delay(3): Delayed 3 second(s)

2021-12-29 12:24:46 - [MESSAGE][PASSED] - Delayed 3 second(s)]]></system-out>
         <system-err><![CDATA[]]></system-err>
      </testcase>
      <testcase name="Test Cases/01-Login/04-Login (valid credentials)" time="22.981" classname="Test Cases/01-Login/04-Login (valid credentials)" status="PASSED">
         <system-out><![CDATA[2021-12-29 12:24:46 - [TEST_CASE][PASSED] - Test Cases/01-Login/04-Login (valid credentials): Test Cases/01-Login/04-Login (valid credentials)

2021-12-29 12:24:47 - [TEST_STEP][PASSED] - setText(findTestObject("Object Repository/01-Login/input_Email_email"), "testerapp001@mailinator.com"): Text 'testerapp001@mailinator.com' is set on object 'Object Repository/01-Login/input_Email_email'

2021-12-29 12:24:48 - [MESSAGE][PASSED] - Text 'testerapp001@mailinator.com' is set on object 'Object Repository/01-Login/input_Email_email'

2021-12-29 12:24:48 - [TEST_STEP][PASSED] - setEncryptedText(findTestObject("01-Login/input_Email_password2"), "8yFRyszE6U6jvsCn51OQbg=="): Text ****** has been set on object 'Object Repository/01-Login/input_Email_password2'

2021-12-29 12:24:48 - [MESSAGE][PASSED] - Text ****** has been set on object 'Object Repository/01-Login/input_Email_password2'

2021-12-29 12:24:48 - [TEST_STEP][PASSED] - delay(2): Delayed 2 second(s)

2021-12-29 12:24:50 - [MESSAGE][PASSED] - Delayed 2 second(s)

2021-12-29 12:24:50 - [TEST_STEP][PASSED] - click(findTestObject("01-Login/show pass button")): Object: 'Object Repository/01-Login/show pass button' is clicked on

2021-12-29 12:24:51 - [MESSAGE][PASSED] - Object: 'Object Repository/01-Login/show pass button' is clicked on

2021-12-29 12:24:51 - [TEST_STEP][PASSED] - delay(3): Delayed 3 second(s)

2021-12-29 12:24:54 - [MESSAGE][PASSED] - Delayed 3 second(s)

2021-12-29 12:24:54 - [TEST_STEP][PASSED] - click(findTestObject("Object Repository/01-Login/button_Sign in")): Object: 'Object Repository/01-Login/button_Sign in' is clicked on

2021-12-29 12:24:54 - [MESSAGE][PASSED] - Object: 'Object Repository/01-Login/button_Sign in' is clicked on

2021-12-29 12:24:54 - [TEST_STEP][PASSED] - delay(3): Delayed 3 second(s)

2021-12-29 12:24:57 - [MESSAGE][PASSED] - Delayed 3 second(s)

2021-12-29 12:24:57 - [TEST_STEP][PASSED] - verifyElementPresent(findTestObject("01-Login/h4_EVERLEAGUES (v0.11.16 build 324)"), 0): Object 'Object Repository/01-Login/h4_EVERLEAGUES (v0.11.16 build 324)' is present

2021-12-29 12:24:57 - [MESSAGE][WARNING] - Timeout '0' is invalid. Using default page load timeout: '30'

2021-12-29 12:24:59 - [MESSAGE][PASSED] - Object 'Object Repository/01-Login/h4_EVERLEAGUES (v0.11.16 build 324)' is present

2021-12-29 12:24:59 - [TEST_STEP][PASSED] - delay(10): Delayed 10 second(s)

2021-12-29 12:25:09 - [MESSAGE][PASSED] - Delayed 10 second(s)]]></system-out>
         <system-err><![CDATA[]]></system-err>
      </testcase>
      <testcase name="Test Cases/01-Login/05-Logout" time="8.656" classname="Test Cases/01-Login/05-Logout" status="PASSED">
         <system-out><![CDATA[2021-12-29 12:25:09 - [TEST_CASE][PASSED] - Test Cases/01-Login/05-Logout: Test Cases/01-Login/05-Logout

2021-12-29 12:25:10 - [TEST_STEP][PASSED] - click(findTestObject("01-Login/User menu drop")): Object: 'Object Repository/01-Login/User menu drop' is clicked on

2021-12-29 12:25:10 - [MESSAGE][PASSED] - Object: 'Object Repository/01-Login/User menu drop' is clicked on

2021-12-29 12:25:10 - [TEST_STEP][PASSED] - delay(2): Delayed 2 second(s)

2021-12-29 12:25:12 - [MESSAGE][PASSED] - Delayed 2 second(s)

2021-12-29 12:25:12 - [TEST_STEP][PASSED] - click(findTestObject("01-Login/h4_Sign Out"), STOP_ON_FAILURE): Object: 'Object Repository/01-Login/h4_Sign Out' is clicked on

2021-12-29 12:25:13 - [MESSAGE][PASSED] - Object: 'Object Repository/01-Login/h4_Sign Out' is clicked on

2021-12-29 12:25:13 - [TEST_STEP][PASSED] - delay(2): Delayed 2 second(s)

2021-12-29 12:25:15 - [MESSAGE][PASSED] - Delayed 2 second(s)

2021-12-29 12:25:15 - [TEST_STEP][PASSED] - verifyElementPresent(findTestObject("01-Login/Login_Card"), 0): Object 'Object Repository/01-Login/Login_Card' is present

2021-12-29 12:25:15 - [MESSAGE][WARNING] - Timeout '0' is invalid. Using default page load timeout: '30'

2021-12-29 12:25:15 - [MESSAGE][PASSED] - Object 'Object Repository/01-Login/Login_Card' is present

2021-12-29 12:25:15 - [TEST_STEP][PASSED] - delay(3): Delayed 3 second(s)

2021-12-29 12:25:18 - [MESSAGE][PASSED] - Delayed 3 second(s)]]></system-out>
         <system-err><![CDATA[]]></system-err>
      </testcase>
      <testcase name="Test Cases/01-Login/06-Forgot Password(Credentials Blank)" time="6.711" classname="Test Cases/01-Login/06-Forgot Password(Credentials Blank)" status="PASSED">
         <system-out><![CDATA[2021-12-29 12:25:18 - [TEST_CASE][PASSED] - Test Cases/01-Login/06-Forgot Password(Credentials Blank): Test Cases/01-Login/06-Forgot Password(Credentials Blank)

2021-12-29 12:25:19 - [TEST_STEP][PASSED] - click(findTestObject("01-Login/a_Forgot password")): Object: 'Object Repository/01-Login/a_Forgot password' is clicked on

2021-12-29 12:25:19 - [MESSAGE][PASSED] - Object: 'Object Repository/01-Login/a_Forgot password' is clicked on

2021-12-29 12:25:19 - [TEST_STEP][PASSED] - verifyElementPresent(findTestObject("01-Login/span_Reset Password"), 0): Object 'Object Repository/01-Login/span_Reset Password' is present

2021-12-29 12:25:19 - [MESSAGE][WARNING] - Timeout '0' is invalid. Using default page load timeout: '30'

2021-12-29 12:25:19 - [MESSAGE][PASSED] - Object 'Object Repository/01-Login/span_Reset Password' is present

2021-12-29 12:25:19 - [TEST_STEP][PASSED] - delay(2): Delayed 2 second(s)

2021-12-29 12:25:21 - [MESSAGE][PASSED] - Delayed 2 second(s)

2021-12-29 12:25:21 - [TEST_STEP][PASSED] - verifyElementNotClickable(findTestObject("01-Login/button_Reset Password")): Object 'Object Repository/01-Login/button_Reset Password' is NOT clickable

2021-12-29 12:25:22 - [MESSAGE][PASSED] - Object 'Object Repository/01-Login/button_Reset Password' is NOT clickable

2021-12-29 12:25:22 - [TEST_STEP][PASSED] - delay(3): Delayed 3 second(s)

2021-12-29 12:25:25 - [MESSAGE][PASSED] - Delayed 3 second(s)]]></system-out>
         <system-err><![CDATA[]]></system-err>
      </testcase>
      <testcase name="Test Cases/01-Login/07-Forgot Password(Wrong email)" time="10.908" classname="Test Cases/01-Login/07-Forgot Password(Wrong email)" status="PASSED">
         <system-out><![CDATA[2021-12-29 12:25:25 - [TEST_CASE][PASSED] - Test Cases/01-Login/07-Forgot Password(Wrong email): Test Cases/01-Login/07-Forgot Password(Wrong email)

2021-12-29 12:25:25 - [TEST_STEP][PASSED] - setText(findTestObject("01-Login/Reset pass email field"), "unregisteredemail@test.com"): Text 'unregisteredemail@test.com' is set on object 'Object Repository/01-Login/Reset pass email field'

2021-12-29 12:25:26 - [MESSAGE][PASSED] - Text 'unregisteredemail@test.com' is set on object 'Object Repository/01-Login/Reset pass email field'

2021-12-29 12:25:26 - [TEST_STEP][PASSED] - delay(2): Delayed 2 second(s)

2021-12-29 12:25:28 - [MESSAGE][PASSED] - Delayed 2 second(s)

2021-12-29 12:25:28 - [TEST_STEP][PASSED] - click(findTestObject("01-Login/button_Reset Password")): Object: 'Object Repository/01-Login/button_Reset Password' is clicked on

2021-12-29 12:25:28 - [MESSAGE][PASSED] - Object: 'Object Repository/01-Login/button_Reset Password' is clicked on

2021-12-29 12:25:28 - [TEST_STEP][PASSED] - verifyElementPresent(findTestObject("01-Login/Reset pass- wrong email"), 0): Object 'Object Repository/01-Login/Reset pass- wrong email' is present

2021-12-29 12:25:28 - [MESSAGE][WARNING] - Timeout '0' is invalid. Using default page load timeout: '30'

2021-12-29 12:25:29 - [MESSAGE][PASSED] - Object 'Object Repository/01-Login/Reset pass- wrong email' is present

2021-12-29 12:25:29 - [TEST_STEP][PASSED] - delay(3): Delayed 3 second(s)

2021-12-29 12:25:32 - [MESSAGE][PASSED] - Delayed 3 second(s)

2021-12-29 12:25:32 - [TEST_STEP][PASSED] - click(findTestObject("01-Login/button_Back to login")): Object: 'Object Repository/01-Login/button_Back to login' is clicked on

2021-12-29 12:25:33 - [MESSAGE][PASSED] - Object: 'Object Repository/01-Login/button_Back to login' is clicked on

2021-12-29 12:25:33 - [TEST_STEP][PASSED] - delay(3): Delayed 3 second(s)

2021-12-29 12:25:36 - [MESSAGE][PASSED] - Delayed 3 second(s)]]></system-out>
         <system-err><![CDATA[]]></system-err>
      </testcase>
      <testcase name="Test Cases/01-Login/08-Forgot Password(Correct Email)" time="15.918" classname="Test Cases/01-Login/08-Forgot Password(Correct Email)" status="PASSED">
         <system-out><![CDATA[2021-12-29 12:25:36 - [TEST_CASE][PASSED] - Test Cases/01-Login/08-Forgot Password(Correct Email): Test Cases/01-Login/08-Forgot Password(Correct Email)

2021-12-29 12:25:36 - [TEST_STEP][PASSED] - delay(2): Delayed 2 second(s)

2021-12-29 12:25:38 - [MESSAGE][PASSED] - Delayed 2 second(s)

2021-12-29 12:25:38 - [TEST_STEP][PASSED] - click(findTestObject("01-Login/a_Forgot password")): Object: 'Object Repository/01-Login/a_Forgot password' is clicked on

2021-12-29 12:25:39 - [MESSAGE][PASSED] - Object: 'Object Repository/01-Login/a_Forgot password' is clicked on

2021-12-29 12:25:39 - [TEST_STEP][PASSED] - verifyElementPresent(findTestObject("01-Login/span_Reset Password"), 0): Object 'Object Repository/01-Login/span_Reset Password' is present

2021-12-29 12:25:39 - [MESSAGE][WARNING] - Timeout '0' is invalid. Using default page load timeout: '30'

2021-12-29 12:25:39 - [MESSAGE][PASSED] - Object 'Object Repository/01-Login/span_Reset Password' is present

2021-12-29 12:25:39 - [TEST_STEP][PASSED] - delay(2): Delayed 2 second(s)

2021-12-29 12:25:41 - [MESSAGE][PASSED] - Delayed 2 second(s)

2021-12-29 12:25:41 - [TEST_STEP][PASSED] - setText(findTestObject("01-Login/Reset pass email field"), "testerapp001@mailinator.com"): Text 'testerapp001@mailinator.com' is set on object 'Object Repository/01-Login/Reset pass email field'

2021-12-29 12:25:42 - [MESSAGE][PASSED] - Text 'testerapp001@mailinator.com' is set on object 'Object Repository/01-Login/Reset pass email field'

2021-12-29 12:25:42 - [TEST_STEP][PASSED] - delay(2): Delayed 2 second(s)

2021-12-29 12:25:44 - [MESSAGE][PASSED] - Delayed 2 second(s)

2021-12-29 12:25:44 - [TEST_STEP][PASSED] - click(findTestObject("01-Login/button_Reset Password")): Object: 'Object Repository/01-Login/button_Reset Password' is clicked on

2021-12-29 12:25:44 - [MESSAGE][PASSED] - Object: 'Object Repository/01-Login/button_Reset Password' is clicked on

2021-12-29 12:25:44 - [TEST_STEP][PASSED] - verifyElementPresent(findTestObject("01-Login/Reset pass - success msg"), 0): Object 'Object Repository/01-Login/Reset pass - success msg' is present

2021-12-29 12:25:44 - [MESSAGE][WARNING] - Timeout '0' is invalid. Using default page load timeout: '30'

2021-12-29 12:25:46 - [MESSAGE][PASSED] - Object 'Object Repository/01-Login/Reset pass - success msg' is present

2021-12-29 12:25:46 - [TEST_STEP][PASSED] - delay(2): Delayed 2 second(s)

2021-12-29 12:25:48 - [MESSAGE][PASSED] - Delayed 2 second(s)

2021-12-29 12:25:48 - [TEST_STEP][PASSED] - click(findTestObject("01-Login/button_Back to login")): Object: 'Object Repository/01-Login/button_Back to login' is clicked on

2021-12-29 12:25:48 - [MESSAGE][PASSED] - Object: 'Object Repository/01-Login/button_Back to login' is clicked on

2021-12-29 12:25:48 - [TEST_STEP][PASSED] - delay(3): Delayed 3 second(s)

2021-12-29 12:25:51 - [MESSAGE][PASSED] - Delayed 3 second(s)

2021-12-29 12:25:51 - [TEST_STEP][PASSED] - verifyElementVisible(findTestObject("01-Login/Login_Card")): Object 'Object Repository/01-Login/Login_Card' is visible

2021-12-29 12:25:52 - [MESSAGE][PASSED] - Object 'Object Repository/01-Login/Login_Card' is visible]]></system-out>
         <system-err><![CDATA[]]></system-err>
      </testcase>
      <system-out><![CDATA[2021-12-29 12:23:57 - [TEST_SUITE][PASSED] - 01-Login: Test Cases/01-Login/08-Forgot Password(Correct Email)]]></system-out>
      <system-err><![CDATA[]]></system-err>
   </testsuite>
</testsuites>
