<?xml version="1.0" encoding="UTF-8"?>
<testsuites name="09.1 - Settings (Invite users)" time="1478.11" tests="5" failures="0" errors="0">
   <testsuite name="09.1 - Settings (Invite users)" tests="5" failures="0" errors="0" time="1478.11" skipped="0" timestamp="2023-01-06 17:30:38" hostname="asus - DESKTOP-3L3J9C1" id="Test Suites/TS-Organization/09.1 - Settings (Invite users)">
      <properties>
         <property name="deviceName" value=""/>
         <property name="devicePlatform" value=""/>
         <property name="logFolder" value="C:\\Users\\asus\\Katalon Studio\\Everleagues\\Everleagues\\Reports\\20230106_173024\\TS-Organization\\09.1 - Settings (Invite users)\\20230106_173024"/>
         <property name="logFiles" value="C:\\Users\\asus\\Katalon Studio\\Everleagues\\Everleagues\\Reports\\20230106_173024\\TS-Organization\\09.1 - Settings (Invite users)\\20230106_173024\\execution0.log"/>
         <property name="attachments" value=""/>
         <property name="hostName" value="asus - DESKTOP-3L3J9C1"/>
         <property name="os" value="Windows 10 64bit"/>
         <property name="katalonVersion" value="8.4.1.208"/>
         <property name="browser" value="Chrome 108.0.0.0"/>
         <property name="hostAddress" value="192.168.5.82"/>
         <property name="sessionId" value="cc9ab93be822527f8ac6e4b1e9613a46"/>
         <property name="seleniumVersion" value="3.141.59"/>
         <property name="proxyInformation" value="ProxyInformation { proxyOption=NO_PROXY, proxyServerType=HTTP, username=, password=********, proxyServerAddress=, proxyServerPort=0, executionList=&quot;&quot;, isApplyToDesiredCapabilities=true }"/>
         <property name="platform" value="Windows 10"/>
      </properties>
      <testcase name="Test Cases/09-Settings/01 - Users (Invite new user but field are blank)" time="315.901" classname="Test Cases/09-Settings/01 - Users (Invite new user but field are blank)" status="PASSED">
         <system-out><![CDATA[2023-01-06 17:30:40 - [TEST_CASE][PASSED] - Test Cases/09-Settings/01 - Users (Invite new user but field are blank): Test Cases/09-Settings/01 - Users (Invite new user but field are blank)

2023-01-06 17:30:42 - [TEST_STEP][PASSED] - openBrowser(""): Browser is opened with url: ''

2023-01-06 17:30:44 - [MESSAGE][INFO] - Starting 'Chrome' driver

2023-01-06 17:30:44 - [MESSAGE][INFO] - Action delay is set to 0 milliseconds

2023-01-06 17:30:55 - [MESSAGE][PASSED] - Browser is opened with url: ''

2023-01-06 17:30:55 - [TEST_STEP][PASSED] - navigateToUrl("https://lab.everleagues.com/"): Navigate to 'https://lab.everleagues.com/' successfully

2023-01-06 17:33:58 - [MESSAGE][PASSED] - Navigate to 'https://lab.everleagues.com/' successfully

2023-01-06 17:33:58 - [TEST_STEP][PASSED] - maximizeWindow(): Current window maximized

2023-01-06 17:33:59 - [MESSAGE][PASSED] - Current window maximized

2023-01-06 17:33:59 - [TEST_STEP][PASSED] - setText(findTestObject("02-Side Icons(Organization)/Add Contact/Email Field"), "testuser02@mailinator.com"): Text 'testuser02@mailinator.com' is set on object 'Object Repository/02-Side Icons(Organization)/Add Contact/Email Field'

2023-01-06 17:34:05 - [MESSAGE][PASSED] - Text 'testuser02@mailinator.com' is set on object 'Object Repository/02-Side Icons(Organization)/Add Contact/Email Field'

2023-01-06 17:34:05 - [TEST_STEP][PASSED] - setEncryptedText(findTestObject("02-Side Icons(Organization)/Add Contact/Password Field"), "8yFRyszE6U6jvsCn51OQbg=="): Text ****** has been set on object 'Object Repository/02-Side Icons(Organization)/Add Contact/Password Field'

2023-01-06 17:34:07 - [MESSAGE][PASSED] - Text ****** has been set on object 'Object Repository/02-Side Icons(Organization)/Add Contact/Password Field'

2023-01-06 17:34:07 - [TEST_STEP][PASSED] - click(findTestObject("02-Side Icons(Organization)/Add Contact/button_Sign in")): Object: 'Object Repository/02-Side Icons(Organization)/Add Contact/button_Sign in' is clicked on

2023-01-06 17:34:09 - [MESSAGE][PASSED] - Object: 'Object Repository/02-Side Icons(Organization)/Add Contact/button_Sign in' is clicked on

2023-01-06 17:34:09 - [TEST_STEP][PASSED] - delay(2): Delayed 2 second(s)

2023-01-06 17:34:11 - [MESSAGE][PASSED] - Delayed 2 second(s)

2023-01-06 17:34:11 - [TEST_STEP][PASSED] - click(findTestObject("06-Teams/For 2FA/button_Confirm_2FA")): Object: 'Object Repository/06-Teams/For 2FA/button_Confirm_2FA' is clicked on

2023-01-06 17:34:15 - [MESSAGE][PASSED] - Object: 'Object Repository/06-Teams/For 2FA/button_Confirm_2FA' is clicked on

2023-01-06 17:34:15 - [TEST_STEP][PASSED] - executeJavaScript("window.open();", []): Execute JavaScript 'window.open();' successfully

2023-01-06 17:34:15 - [MESSAGE][PASSED] - Execute JavaScript 'window.open();' successfully

2023-01-06 17:34:15 - [TEST_STEP][PASSED] - currentWindow = getWindowIndex(): Current window's index is: 0

2023-01-06 17:34:16 - [MESSAGE][PASSED] - Current window's index is: 0

2023-01-06 17:34:16 - [TEST_STEP][PASSED] - delay(3): Delayed 3 second(s)

2023-01-06 17:34:19 - [MESSAGE][PASSED] - Delayed 3 second(s)

2023-01-06 17:34:19 - [TEST_STEP][PASSED] - switchToWindowIndex(currentWindow + 1): Switched to window with index: '1'

2023-01-06 17:34:19 - [MESSAGE][PASSED] - Switched to window with index: '1'

2023-01-06 17:34:19 - [TEST_STEP][PASSED] - navigateToUrl("https://www.mailinator.com/"): Navigate to 'https://www.mailinator.com/' successfully

2023-01-06 17:34:27 - [MESSAGE][PASSED] - Navigate to 'https://www.mailinator.com/' successfully

2023-01-06 17:34:27 - [TEST_STEP][PASSED] - delay(3): Delayed 3 second(s)

2023-01-06 17:34:30 - [MESSAGE][PASSED] - Delayed 3 second(s)

2023-01-06 17:34:30 - [TEST_STEP][PASSED] - setText(findTestObject("00-Signup and Activation/zMailinator/input_LOGIN_search"), "testuser02@mailinator.com"): Text 'testuser02@mailinator.com' is set on object 'Object Repository/00-Signup and Activation/zMailinator/input_LOGIN_search'

2023-01-06 17:34:32 - [MESSAGE][PASSED] - Text 'testuser02@mailinator.com' is set on object 'Object Repository/00-Signup and Activation/zMailinator/input_LOGIN_search'

2023-01-06 17:34:32 - [TEST_STEP][PASSED] - click(findTestObject("00-Signup and Activation/zMailinator/gobutton"), STOP_ON_FAILURE): Object: 'Object Repository/00-Signup and Activation/zMailinator/gobutton' is clicked on

2023-01-06 17:34:35 - [MESSAGE][PASSED] - Object: 'Object Repository/00-Signup and Activation/zMailinator/gobutton' is clicked on

2023-01-06 17:34:35 - [TEST_STEP][PASSED] - delay(3): Delayed 3 second(s)

2023-01-06 17:34:38 - [MESSAGE][PASSED] - Delayed 3 second(s)

2023-01-06 17:34:38 - [TEST_STEP][PASSED] - click(findTestObject("00-Signup and Activation/zMailinator/Email - everleagues")): Object: 'Object Repository/00-Signup and Activation/zMailinator/Email - everleagues' is clicked on

2023-01-06 17:34:39 - [MESSAGE][PASSED] - Object: 'Object Repository/00-Signup and Activation/zMailinator/Email - everleagues' is clicked on

2023-01-06 17:34:39 - [TEST_STEP][PASSED] - delay(3): Delayed 3 second(s)

2023-01-06 17:34:42 - [MESSAGE][PASSED] - Delayed 3 second(s)

2023-01-06 17:34:42 - [TEST_STEP][PASSED] - code = getText(findTestObject("Object Repository/06-Teams/For 2FA/2FA code")): Text of object 'Object Repository/06-Teams/For 2FA/2FA code' is: '857315'

2023-01-06 17:34:43 - [MESSAGE][PASSED] - Text of object 'Object Repository/06-Teams/For 2FA/2FA code' is: '857315'

2023-01-06 17:34:43 - [TEST_STEP][PASSED] - delay(3): Delayed 3 second(s)

2023-01-06 17:34:46 - [MESSAGE][PASSED] - Delayed 3 second(s)

2023-01-06 17:34:46 - [TEST_STEP][PASSED] - closeWindowTitle("Mailinator"): Window with title: 'Mailinator' is closed

2023-01-06 17:34:47 - [MESSAGE][PASSED] - Window with title: 'Mailinator' is closed

2023-01-06 17:34:47 - [TEST_STEP][PASSED] - delay(3): Delayed 3 second(s)

2023-01-06 17:34:50 - [MESSAGE][PASSED] - Delayed 3 second(s)

2023-01-06 17:34:50 - [TEST_STEP][PASSED] - switchToWindowIndex(0): Switched to window with index: '0'

2023-01-06 17:34:50 - [MESSAGE][PASSED] - Switched to window with index: '0'

2023-01-06 17:34:50 - [TEST_STEP][PASSED] - delay(3): Delayed 3 second(s)

2023-01-06 17:34:53 - [MESSAGE][PASSED] - Delayed 3 second(s)

2023-01-06 17:34:53 - [TEST_STEP][PASSED] - setText(findTestObject("Object Repository/06-Teams/For 2FA/input_Enter verification code_code"), code): Text '857315' is set on object 'Object Repository/06-Teams/For 2FA/input_Enter verification code_code'

2023-01-06 17:34:55 - [MESSAGE][PASSED] - Text '857315' is set on object 'Object Repository/06-Teams/For 2FA/input_Enter verification code_code'

2023-01-06 17:34:55 - [TEST_STEP][PASSED] - delay(3): Delayed 3 second(s)

2023-01-06 17:34:58 - [MESSAGE][PASSED] - Delayed 3 second(s)

2023-01-06 17:34:58 - [TEST_STEP][PASSED] - click(findTestObject("06-Teams/For 2FA/button_Verify_2FA")): Object: 'Object Repository/06-Teams/For 2FA/button_Verify_2FA' is clicked on

2023-01-06 17:34:59 - [MESSAGE][PASSED] - Object: 'Object Repository/06-Teams/For 2FA/button_Verify_2FA' is clicked on

2023-01-06 17:34:59 - [TEST_STEP][PASSED] - delay(5): Delayed 5 second(s)

2023-01-06 17:35:04 - [MESSAGE][PASSED] - Delayed 5 second(s)

2023-01-06 17:35:04 - [TEST_STEP][PASSED] - click(findTestObject("06-Teams/button_doublearrow")): Object: 'Object Repository/06-Teams/button_doublearrow' is clicked on

2023-01-06 17:35:06 - [MESSAGE][PASSED] - Object: 'Object Repository/06-Teams/button_doublearrow' is clicked on

2023-01-06 17:35:06 - [TEST_STEP][PASSED] - click(findTestObject("06-Teams/button_My Organizations")): Object: 'Object Repository/06-Teams/button_My Organizations' is clicked on

2023-01-06 17:35:07 - [MESSAGE][PASSED] - Object: 'Object Repository/06-Teams/button_My Organizations' is clicked on

2023-01-06 17:35:07 - [TEST_STEP][PASSED] - click(findTestObject("06-Teams/button_GG Automation")): Object: 'Object Repository/06-Teams/button_GG Automation' is clicked on

2023-01-06 17:35:08 - [MESSAGE][PASSED] - Object: 'Object Repository/06-Teams/button_GG Automation' is clicked on

2023-01-06 17:35:08 - [TEST_STEP][PASSED] - delay(4): Delayed 4 second(s)

2023-01-06 17:35:12 - [MESSAGE][PASSED] - Delayed 4 second(s)

2023-01-06 17:35:12 - [TEST_STEP][PASSED] - verifyElementVisible(findTestObject("06-Teams/span_GG Automation")): Object 'Object Repository/06-Teams/span_GG Automation' is visible

2023-01-06 17:35:13 - [MESSAGE][PASSED] - Object 'Object Repository/06-Teams/span_GG Automation' is visible

2023-01-06 17:35:13 - [TEST_STEP][PASSED] - delay(5): Delayed 5 second(s)

2023-01-06 17:35:18 - [MESSAGE][PASSED] - Delayed 5 second(s)

2023-01-06 17:35:18 - [TEST_STEP][PASSED] - click(findTestObject("03-Header Menu/Hamburger Button/div_Settings")): Object: 'Object Repository/03-Header Menu/Hamburger Button/div_Settings' is clicked on

2023-01-06 17:35:19 - [MESSAGE][PASSED] - Object: 'Object Repository/03-Header Menu/Hamburger Button/div_Settings' is clicked on

2023-01-06 17:35:19 - [TEST_STEP][PASSED] - verifyElementVisible(findTestObject("09-Settings/Users/div_Organization")): Object 'Object Repository/09-Settings/Users/div_Organization' is visible

2023-01-06 17:35:20 - [MESSAGE][PASSED] - Object 'Object Repository/09-Settings/Users/div_Organization' is visible

2023-01-06 17:35:20 - [TEST_STEP][PASSED] - verifyElementVisible(findTestObject("09-Settings/Users/div_Organization Units")): Object 'Object Repository/09-Settings/Users/div_Organization Units' is visible

2023-01-06 17:35:21 - [MESSAGE][PASSED] - Object 'Object Repository/09-Settings/Users/div_Organization Units' is visible

2023-01-06 17:35:21 - [TEST_STEP][PASSED] - scrollToElement(findTestObject("09-Settings/Users/div_Subscriptions"), 0): Scroll to object 'Object Repository/09-Settings/Users/div_Subscriptions' successfully

2023-01-06 17:35:22 - [MESSAGE][WARNING] - Timeout '0' is invalid. Using default page load timeout: '30'

2023-01-06 17:35:22 - [MESSAGE][PASSED] - Scroll to object 'Object Repository/09-Settings/Users/div_Subscriptions' successfully

2023-01-06 17:35:22 - [TEST_STEP][PASSED] - verifyElementVisible(findTestObject("09-Settings/Users/div_Subscriptions")): Object 'Object Repository/09-Settings/Users/div_Subscriptions' is visible

2023-01-06 17:35:23 - [MESSAGE][PASSED] - Object 'Object Repository/09-Settings/Users/div_Subscriptions' is visible

2023-01-06 17:35:23 - [TEST_STEP][PASSED] - verifyElementVisible(findTestObject("09-Settings/Users/div_Users")): Object 'Object Repository/09-Settings/Users/div_Users' is visible

2023-01-06 17:35:24 - [MESSAGE][PASSED] - Object 'Object Repository/09-Settings/Users/div_Users' is visible

2023-01-06 17:35:24 - [TEST_STEP][PASSED] - delay(3): Delayed 3 second(s)

2023-01-06 17:35:27 - [MESSAGE][PASSED] - Delayed 3 second(s)

2023-01-06 17:35:27 - [TEST_STEP][PASSED] - click(findTestObject("09-Settings/Users/div_Users")): Object: 'Object Repository/09-Settings/Users/div_Users' is clicked on

2023-01-06 17:35:29 - [MESSAGE][PASSED] - Object: 'Object Repository/09-Settings/Users/div_Users' is clicked on

2023-01-06 17:35:29 - [TEST_STEP][PASSED] - verifyElementVisible(findTestObject("09-Settings/Users/h4_USERS")): Object 'Object Repository/09-Settings/Users/h4_USERS' is visible

2023-01-06 17:35:31 - [MESSAGE][PASSED] - Object 'Object Repository/09-Settings/Users/h4_USERS' is visible

2023-01-06 17:35:31 - [TEST_STEP][PASSED] - verifyElementVisible(findTestObject("09-Settings/Users/User Page")): Object 'Object Repository/09-Settings/Users/User Page' is visible

2023-01-06 17:35:32 - [MESSAGE][PASSED] - Object 'Object Repository/09-Settings/Users/User Page' is visible

2023-01-06 17:35:32 - [TEST_STEP][PASSED] - delay(3): Delayed 3 second(s)

2023-01-06 17:35:35 - [MESSAGE][PASSED] - Delayed 3 second(s)

2023-01-06 17:35:35 - [TEST_STEP][PASSED] - click(findTestObject("09-Settings/Users/button_add")): Object: 'Object Repository/09-Settings/Users/button_add' is clicked on

2023-01-06 17:35:37 - [MESSAGE][PASSED] - Object: 'Object Repository/09-Settings/Users/button_add' is clicked on

2023-01-06 17:35:37 - [TEST_STEP][PASSED] - verifyElementVisible(findTestObject("09-Settings/Users/User Invitation modal")): Object 'Object Repository/09-Settings/Users/User Invitation modal' is visible

2023-01-06 17:35:38 - [MESSAGE][PASSED] - Object 'Object Repository/09-Settings/Users/User Invitation modal' is visible

2023-01-06 17:35:38 - [TEST_STEP][PASSED] - delay(3): Delayed 3 second(s)

2023-01-06 17:35:41 - [MESSAGE][PASSED] - Delayed 3 second(s)

2023-01-06 17:35:41 - [TEST_STEP][PASSED] - click(findTestObject("09-Settings/Users/add Invite a single user")): Object: 'Object Repository/09-Settings/Users/add Invite a single user' is clicked on

2023-01-06 17:35:42 - [MESSAGE][PASSED] - Object: 'Object Repository/09-Settings/Users/add Invite a single user' is clicked on

2023-01-06 17:35:42 - [TEST_STEP][PASSED] - verifyElementVisible(findTestObject("09-Settings/Users/Invite new user modal")): Object 'Object Repository/09-Settings/Users/Invite new user modal' is visible

2023-01-06 17:35:46 - [MESSAGE][PASSED] - Object 'Object Repository/09-Settings/Users/Invite new user modal' is visible

2023-01-06 17:35:46 - [TEST_STEP][PASSED] - click(findTestObject("09-Settings/Users/input_email")): Object: 'Object Repository/09-Settings/Users/input_email' is clicked on

2023-01-06 17:35:47 - [MESSAGE][PASSED] - Object: 'Object Repository/09-Settings/Users/input_email' is clicked on

2023-01-06 17:35:47 - [TEST_STEP][PASSED] - click(findTestObject("09-Settings/Users/input_firstName")): Object: 'Object Repository/09-Settings/Users/input_firstName' is clicked on

2023-01-06 17:35:48 - [MESSAGE][PASSED] - Object: 'Object Repository/09-Settings/Users/input_firstName' is clicked on

2023-01-06 17:35:48 - [TEST_STEP][PASSED] - click(findTestObject("09-Settings/Users/input_lastName")): Object: 'Object Repository/09-Settings/Users/input_lastName' is clicked on

2023-01-06 17:35:49 - [MESSAGE][PASSED] - Object: 'Object Repository/09-Settings/Users/input_lastName' is clicked on

2023-01-06 17:35:49 - [TEST_STEP][PASSED] - click(findTestObject("09-Settings/Users/span_Role")): Object: 'Object Repository/09-Settings/Users/span_Role' is clicked on

2023-01-06 17:35:51 - [MESSAGE][PASSED] - Object: 'Object Repository/09-Settings/Users/span_Role' is clicked on

2023-01-06 17:35:51 - [TEST_STEP][PASSED] - clickOffset(findTestObject("09-Settings/Users/h4_Invite New User"), 100, 100): Object: 'Object Repository/09-Settings/Users/h4_Invite New User' is clicked on using offset x=100 and y=100

2023-01-06 17:35:52 - [MESSAGE][PASSED] - Object: 'Object Repository/09-Settings/Users/h4_Invite New User' is clicked on using offset x=100 and y=100

2023-01-06 17:35:52 - [TEST_STEP][PASSED] - verifyElementVisible(findTestObject("09-Settings/Users/Email required")): Object 'Object Repository/09-Settings/Users/Email required' is visible

2023-01-06 17:35:53 - [MESSAGE][PASSED] - Object 'Object Repository/09-Settings/Users/Email required' is visible

2023-01-06 17:35:53 - [TEST_STEP][PASSED] - verifyElementVisible(findTestObject("09-Settings/Users/Firstname required")): Object 'Object Repository/09-Settings/Users/Firstname required' is visible

2023-01-06 17:35:54 - [MESSAGE][PASSED] - Object 'Object Repository/09-Settings/Users/Firstname required' is visible

2023-01-06 17:35:54 - [TEST_STEP][PASSED] - verifyElementVisible(findTestObject("09-Settings/Users/last name required")): Object 'Object Repository/09-Settings/Users/last name required' is visible

2023-01-06 17:35:54 - [MESSAGE][PASSED] - Object 'Object Repository/09-Settings/Users/last name required' is visible

2023-01-06 17:35:55 - [TEST_STEP][PASSED] - verifyElementVisible(findTestObject("09-Settings/Users/error_Select a role")): Object 'Object Repository/09-Settings/Users/error_Select a role' is visible

2023-01-06 17:35:55 - [MESSAGE][PASSED] - Object 'Object Repository/09-Settings/Users/error_Select a role' is visible]]></system-out>
         <system-err><![CDATA[]]></system-err>
      </testcase>
      <testcase name="Test Cases/09-Settings/02 - Users (Invite new user as co worker)" time="191.362" classname="Test Cases/09-Settings/02 - Users (Invite new user as co worker)" status="PASSED">
         <system-out><![CDATA[2023-01-06 17:35:56 - [TEST_CASE][PASSED] - Test Cases/09-Settings/02 - Users (Invite new user as co worker): Test Cases/09-Settings/02 - Users (Invite new user as co worker)

2023-01-06 17:35:58 - [TEST_STEP][PASSED] - delay(3): Delayed 3 second(s)

2023-01-06 17:36:01 - [MESSAGE][PASSED] - Delayed 3 second(s)

2023-01-06 17:36:01 - [TEST_STEP][PASSED] - setText(findTestObject("09-Settings/Users/input_email"), "autotester04@mailinator.com"): Text 'autotester04@mailinator.com' is set on object 'Object Repository/09-Settings/Users/input_email'

2023-01-06 17:36:04 - [MESSAGE][PASSED] - Text 'autotester04@mailinator.com' is set on object 'Object Repository/09-Settings/Users/input_email'

2023-01-06 17:36:04 - [TEST_STEP][PASSED] - setText(findTestObject("09-Settings/Users/input_firstName"), "GG"): Text 'GG' is set on object 'Object Repository/09-Settings/Users/input_firstName'

2023-01-06 17:36:08 - [MESSAGE][PASSED] - Text 'GG' is set on object 'Object Repository/09-Settings/Users/input_firstName'

2023-01-06 17:36:08 - [TEST_STEP][PASSED] - setText(findTestObject("09-Settings/Users/input_lastName"), "Auto Contact 2"): Text 'Auto Contact 2' is set on object 'Object Repository/09-Settings/Users/input_lastName'

2023-01-06 17:36:10 - [MESSAGE][PASSED] - Text 'Auto Contact 2' is set on object 'Object Repository/09-Settings/Users/input_lastName'

2023-01-06 17:36:10 - [TEST_STEP][PASSED] - click(findTestObject("09-Settings/Users/span_Role")): Object: 'Object Repository/09-Settings/Users/span_Role' is clicked on

2023-01-06 17:36:11 - [MESSAGE][PASSED] - Object: 'Object Repository/09-Settings/Users/span_Role' is clicked on

2023-01-06 17:36:11 - [TEST_STEP][PASSED] - click(findTestObject("09-Settings/Users/span_CoWorker")): Object: 'Object Repository/09-Settings/Users/span_CoWorker' is clicked on

2023-01-06 17:36:12 - [MESSAGE][PASSED] - Object: 'Object Repository/09-Settings/Users/span_CoWorker' is clicked on

2023-01-06 17:36:12 - [TEST_STEP][PASSED] - click(findTestObject("09-Settings/Users/button_Send Invitation")): Object: 'Object Repository/09-Settings/Users/button_Send Invitation' is clicked on

2023-01-06 17:36:13 - [MESSAGE][PASSED] - Object: 'Object Repository/09-Settings/Users/button_Send Invitation' is clicked on

2023-01-06 17:36:13 - [TEST_STEP][PASSED] - delay(2): Delayed 2 second(s)

2023-01-06 17:36:16 - [MESSAGE][PASSED] - Delayed 2 second(s)

2023-01-06 17:36:16 - [TEST_STEP][PASSED] - verifyElementVisible(findTestObject("07-Directory/Connections/zContact Profile/Successfully invited user")): Object 'Object Repository/07-Directory/Connections/zContact Profile/Successfully invited user' is visible

2023-01-06 17:36:18 - [MESSAGE][PASSED] - Object 'Object Repository/07-Directory/Connections/zContact Profile/Successfully invited user' is visible

2023-01-06 17:36:18 - [TEST_STEP][PASSED] - delay(2): Delayed 2 second(s)

2023-01-06 17:36:20 - [MESSAGE][PASSED] - Delayed 2 second(s)

2023-01-06 17:36:20 - [TEST_STEP][PASSED] - executeJavaScript("window.open();", []): Execute JavaScript 'window.open();' successfully

2023-01-06 17:36:21 - [MESSAGE][PASSED] - Execute JavaScript 'window.open();' successfully

2023-01-06 17:36:21 - [TEST_STEP][PASSED] - currentWindow = getWindowIndex(): Current window's index is: 0

2023-01-06 17:36:21 - [MESSAGE][PASSED] - Current window's index is: 0

2023-01-06 17:36:21 - [TEST_STEP][PASSED] - delay(3): Delayed 3 second(s)

2023-01-06 17:36:24 - [MESSAGE][PASSED] - Delayed 3 second(s)

2023-01-06 17:36:24 - [TEST_STEP][PASSED] - switchToWindowIndex(currentWindow + 1): Switched to window with index: '1'

2023-01-06 17:36:24 - [MESSAGE][PASSED] - Switched to window with index: '1'

2023-01-06 17:36:24 - [TEST_STEP][PASSED] - navigateToUrl("https://www.mailinator.com/"): Navigate to 'https://www.mailinator.com/' successfully

2023-01-06 17:36:32 - [MESSAGE][PASSED] - Navigate to 'https://www.mailinator.com/' successfully

2023-01-06 17:36:32 - [TEST_STEP][PASSED] - delay(3): Delayed 3 second(s)

2023-01-06 17:36:35 - [MESSAGE][PASSED] - Delayed 3 second(s)

2023-01-06 17:36:35 - [TEST_STEP][PASSED] - setText(findTestObject("00-Signup and Activation/zMailinator/input_LOGIN_search"), "autotester04@mailinator.com"): Text 'autotester04@mailinator.com' is set on object 'Object Repository/00-Signup and Activation/zMailinator/input_LOGIN_search'

2023-01-06 17:36:36 - [MESSAGE][PASSED] - Text 'autotester04@mailinator.com' is set on object 'Object Repository/00-Signup and Activation/zMailinator/input_LOGIN_search'

2023-01-06 17:36:36 - [TEST_STEP][PASSED] - click(findTestObject("00-Signup and Activation/zMailinator/gobutton"), STOP_ON_FAILURE): Object: 'Object Repository/00-Signup and Activation/zMailinator/gobutton' is clicked on

2023-01-06 17:36:39 - [MESSAGE][PASSED] - Object: 'Object Repository/00-Signup and Activation/zMailinator/gobutton' is clicked on

2023-01-06 17:36:39 - [TEST_STEP][PASSED] - delay(3): Delayed 3 second(s)

2023-01-06 17:36:42 - [MESSAGE][PASSED] - Delayed 3 second(s)

2023-01-06 17:36:42 - [TEST_STEP][PASSED] - closeWindowTitle("Everleagues"): Window with title: 'Everleagues' is closed

2023-01-06 17:36:43 - [MESSAGE][PASSED] - Window with title: 'Everleagues' is closed

2023-01-06 17:36:43 - [TEST_STEP][PASSED] - switchToWindowIndex(0): Switched to window with index: '0'

2023-01-06 17:36:43 - [MESSAGE][PASSED] - Switched to window with index: '0'

2023-01-06 17:36:43 - [TEST_STEP][PASSED] - click(findTestObject("09-Settings/Users/Co worker/td_Invitation from GG Automation")): Object: 'Object Repository/09-Settings/Users/Co worker/td_Invitation from GG Automation' is clicked on

2023-01-06 17:36:44 - [MESSAGE][PASSED] - Object: 'Object Repository/09-Settings/Users/Co worker/td_Invitation from GG Automation' is clicked on

2023-01-06 17:36:44 - [TEST_STEP][PASSED] - click(findTestObject("09-Settings/Users/Co worker/a_Click here to join GG Automation on EverLeagues")): Object: 'Object Repository/09-Settings/Users/Co worker/a_Click here to join GG Automation on EverLeagues' is clicked on

2023-01-06 17:36:46 - [MESSAGE][PASSED] - Object: 'Object Repository/09-Settings/Users/Co worker/a_Click here to join GG Automation on EverLeagues' is clicked on

2023-01-06 17:36:46 - [TEST_STEP][PASSED] - closeWindowTitle("Mailinator"): Window with title: 'Mailinator' is closed

2023-01-06 17:36:46 - [MESSAGE][PASSED] - Window with title: 'Mailinator' is closed

2023-01-06 17:36:46 - [TEST_STEP][PASSED] - switchToWindowIndex(0): Switched to window with index: '0'

2023-01-06 17:36:46 - [MESSAGE][PASSED] - Switched to window with index: '0'

2023-01-06 17:36:46 - [TEST_STEP][PASSED] - verifyElementVisible(findTestObject("09-Settings/Users/Co worker/Logout before proceed modal")): Object 'Object Repository/09-Settings/Users/Co worker/Logout before proceed modal' is visible

2023-01-06 17:37:09 - [MESSAGE][PASSED] - Object 'Object Repository/09-Settings/Users/Co worker/Logout before proceed modal' is visible

2023-01-06 17:37:09 - [TEST_STEP][PASSED] - click(findTestObject("09-Settings/Users/Co worker/button_Yes")): Object: 'Object Repository/09-Settings/Users/Co worker/button_Yes' is clicked on

2023-01-06 17:37:11 - [MESSAGE][PASSED] - Object: 'Object Repository/09-Settings/Users/Co worker/button_Yes' is clicked on

2023-01-06 17:37:11 - [TEST_STEP][PASSED] - delay(3): Delayed 3 second(s)

2023-01-06 17:37:14 - [MESSAGE][PASSED] - Delayed 3 second(s)

2023-01-06 17:37:14 - [TEST_STEP][PASSED] - setText(findTestObject("09-Settings/Users/Co worker/input_Email_email"), "autotester04@mailinator.com"): Text 'autotester04@mailinator.com' is set on object 'Object Repository/09-Settings/Users/Co worker/input_Email_email'

2023-01-06 17:37:15 - [MESSAGE][PASSED] - Text 'autotester04@mailinator.com' is set on object 'Object Repository/09-Settings/Users/Co worker/input_Email_email'

2023-01-06 17:37:15 - [TEST_STEP][PASSED] - setEncryptedText(findTestObject("09-Settings/Users/Co worker/input__password"), "8yFRyszE6U6jvsCn51OQbg=="): Text ****** has been set on object 'Object Repository/09-Settings/Users/Co worker/input__password'

2023-01-06 17:37:17 - [MESSAGE][PASSED] - Text ****** has been set on object 'Object Repository/09-Settings/Users/Co worker/input__password'

2023-01-06 17:37:17 - [TEST_STEP][PASSED] - click(findTestObject("02-Side Icons(Organization)/Add Contact/button_Sign in")): Object: 'Object Repository/02-Side Icons(Organization)/Add Contact/button_Sign in' is clicked on

2023-01-06 17:37:19 - [MESSAGE][PASSED] - Object: 'Object Repository/02-Side Icons(Organization)/Add Contact/button_Sign in' is clicked on

2023-01-06 17:37:19 - [TEST_STEP][PASSED] - delay(2): Delayed 2 second(s)

2023-01-06 17:37:21 - [MESSAGE][PASSED] - Delayed 2 second(s)

2023-01-06 17:37:21 - [TEST_STEP][PASSED] - click(findTestObject("06-Teams/For 2FA/button_Confirm_2FA")): Object: 'Object Repository/06-Teams/For 2FA/button_Confirm_2FA' is clicked on

2023-01-06 17:37:22 - [MESSAGE][PASSED] - Object: 'Object Repository/06-Teams/For 2FA/button_Confirm_2FA' is clicked on

2023-01-06 17:37:22 - [TEST_STEP][PASSED] - executeJavaScript("window.open();", []): Execute JavaScript 'window.open();' successfully

2023-01-06 17:37:22 - [MESSAGE][PASSED] - Execute JavaScript 'window.open();' successfully

2023-01-06 17:37:22 - [TEST_STEP][PASSED] - currentWindow = getWindowIndex(): Current window's index is: 0

2023-01-06 17:37:22 - [MESSAGE][PASSED] - Current window's index is: 0

2023-01-06 17:37:22 - [TEST_STEP][PASSED] - delay(3): Delayed 3 second(s)

2023-01-06 17:37:25 - [MESSAGE][PASSED] - Delayed 3 second(s)

2023-01-06 17:37:25 - [TEST_STEP][PASSED] - switchToWindowIndex(currentWindow + 1): Switched to window with index: '1'

2023-01-06 17:37:25 - [MESSAGE][PASSED] - Switched to window with index: '1'

2023-01-06 17:37:25 - [TEST_STEP][PASSED] - navigateToUrl("https://www.mailinator.com/"): Navigate to 'https://www.mailinator.com/' successfully

2023-01-06 17:37:33 - [MESSAGE][PASSED] - Navigate to 'https://www.mailinator.com/' successfully

2023-01-06 17:37:33 - [TEST_STEP][PASSED] - delay(3): Delayed 3 second(s)

2023-01-06 17:37:36 - [MESSAGE][PASSED] - Delayed 3 second(s)

2023-01-06 17:37:36 - [TEST_STEP][PASSED] - setText(findTestObject("00-Signup and Activation/zMailinator/input_LOGIN_search"), "autotester04@mailinator.com"): Text 'autotester04@mailinator.com' is set on object 'Object Repository/00-Signup and Activation/zMailinator/input_LOGIN_search'

2023-01-06 17:37:38 - [MESSAGE][PASSED] - Text 'autotester04@mailinator.com' is set on object 'Object Repository/00-Signup and Activation/zMailinator/input_LOGIN_search'

2023-01-06 17:37:38 - [TEST_STEP][PASSED] - click(findTestObject("00-Signup and Activation/zMailinator/gobutton"), STOP_ON_FAILURE): Object: 'Object Repository/00-Signup and Activation/zMailinator/gobutton' is clicked on

2023-01-06 17:37:42 - [MESSAGE][PASSED] - Object: 'Object Repository/00-Signup and Activation/zMailinator/gobutton' is clicked on

2023-01-06 17:37:42 - [TEST_STEP][PASSED] - delay(3): Delayed 3 second(s)

2023-01-06 17:37:45 - [MESSAGE][PASSED] - Delayed 3 second(s)

2023-01-06 17:37:45 - [TEST_STEP][PASSED] - click(findTestObject("00-Signup and Activation/zMailinator/Email - everleagues")): Object: 'Object Repository/00-Signup and Activation/zMailinator/Email - everleagues' is clicked on

2023-01-06 17:37:46 - [MESSAGE][PASSED] - Object: 'Object Repository/00-Signup and Activation/zMailinator/Email - everleagues' is clicked on

2023-01-06 17:37:46 - [TEST_STEP][PASSED] - delay(3): Delayed 3 second(s)

2023-01-06 17:37:49 - [MESSAGE][PASSED] - Delayed 3 second(s)

2023-01-06 17:37:49 - [TEST_STEP][PASSED] - codetwo = getText(findTestObject("Object Repository/06-Teams/For 2FA/2FA code")): Text of object 'Object Repository/06-Teams/For 2FA/2FA code' is: '342494'

2023-01-06 17:37:50 - [MESSAGE][PASSED] - Text of object 'Object Repository/06-Teams/For 2FA/2FA code' is: '342494'

2023-01-06 17:37:50 - [TEST_STEP][PASSED] - delay(3): Delayed 3 second(s)

2023-01-06 17:37:53 - [MESSAGE][PASSED] - Delayed 3 second(s)

2023-01-06 17:37:53 - [TEST_STEP][PASSED] - closeWindowTitle("Mailinator"): Window with title: 'Mailinator' is closed

2023-01-06 17:37:54 - [MESSAGE][PASSED] - Window with title: 'Mailinator' is closed

2023-01-06 17:37:54 - [TEST_STEP][PASSED] - delay(3): Delayed 3 second(s)

2023-01-06 17:37:57 - [MESSAGE][PASSED] - Delayed 3 second(s)

2023-01-06 17:37:57 - [TEST_STEP][PASSED] - switchToWindowIndex(0): Switched to window with index: '0'

2023-01-06 17:37:57 - [MESSAGE][PASSED] - Switched to window with index: '0'

2023-01-06 17:37:57 - [TEST_STEP][PASSED] - delay(3): Delayed 3 second(s)

2023-01-06 17:38:00 - [MESSAGE][PASSED] - Delayed 3 second(s)

2023-01-06 17:38:00 - [TEST_STEP][PASSED] - setText(findTestObject("Object Repository/06-Teams/For 2FA/input_Enter verification code_code"), codetwo): Text '342494' is set on object 'Object Repository/06-Teams/For 2FA/input_Enter verification code_code'

2023-01-06 17:38:01 - [MESSAGE][PASSED] - Text '342494' is set on object 'Object Repository/06-Teams/For 2FA/input_Enter verification code_code'

2023-01-06 17:38:01 - [TEST_STEP][PASSED] - delay(3): Delayed 3 second(s)

2023-01-06 17:38:04 - [MESSAGE][PASSED] - Delayed 3 second(s)

2023-01-06 17:38:04 - [TEST_STEP][PASSED] - click(findTestObject("06-Teams/For 2FA/button_Verify_2FA")): Object: 'Object Repository/06-Teams/For 2FA/button_Verify_2FA' is clicked on

2023-01-06 17:38:05 - [MESSAGE][PASSED] - Object: 'Object Repository/06-Teams/For 2FA/button_Verify_2FA' is clicked on

2023-01-06 17:38:05 - [TEST_STEP][PASSED] - delay(5): Delayed 5 second(s)

2023-01-06 17:38:10 - [MESSAGE][PASSED] - Delayed 5 second(s)

2023-01-06 17:38:10 - [TEST_STEP][PASSED] - executeJavaScript("window.open();", []): Execute JavaScript 'window.open();' successfully

2023-01-06 17:38:11 - [MESSAGE][PASSED] - Execute JavaScript 'window.open();' successfully

2023-01-06 17:38:11 - [TEST_STEP][PASSED] - currentWindow = getWindowIndex(): Current window's index is: 0

2023-01-06 17:38:11 - [MESSAGE][PASSED] - Current window's index is: 0

2023-01-06 17:38:11 - [TEST_STEP][PASSED] - delay(3): Delayed 3 second(s)

2023-01-06 17:38:14 - [MESSAGE][PASSED] - Delayed 3 second(s)

2023-01-06 17:38:14 - [TEST_STEP][PASSED] - switchToWindowIndex(currentWindow + 1): Switched to window with index: '1'

2023-01-06 17:38:14 - [MESSAGE][PASSED] - Switched to window with index: '1'

2023-01-06 17:38:14 - [TEST_STEP][PASSED] - navigateToUrl("https://www.mailinator.com/"): Navigate to 'https://www.mailinator.com/' successfully

2023-01-06 17:38:19 - [MESSAGE][PASSED] - Navigate to 'https://www.mailinator.com/' successfully

2023-01-06 17:38:19 - [TEST_STEP][PASSED] - delay(3): Delayed 3 second(s)

2023-01-06 17:38:22 - [MESSAGE][PASSED] - Delayed 3 second(s)

2023-01-06 17:38:22 - [TEST_STEP][PASSED] - setText(findTestObject("00-Signup and Activation/zMailinator/input_LOGIN_search"), "autotester04@mailinator.com"): Text 'autotester04@mailinator.com' is set on object 'Object Repository/00-Signup and Activation/zMailinator/input_LOGIN_search'

2023-01-06 17:38:23 - [MESSAGE][PASSED] - Text 'autotester04@mailinator.com' is set on object 'Object Repository/00-Signup and Activation/zMailinator/input_LOGIN_search'

2023-01-06 17:38:23 - [TEST_STEP][PASSED] - click(findTestObject("00-Signup and Activation/zMailinator/gobutton"), STOP_ON_FAILURE): Object: 'Object Repository/00-Signup and Activation/zMailinator/gobutton' is clicked on

2023-01-06 17:38:27 - [MESSAGE][PASSED] - Object: 'Object Repository/00-Signup and Activation/zMailinator/gobutton' is clicked on

2023-01-06 17:38:27 - [TEST_STEP][PASSED] - delay(3): Delayed 3 second(s)

2023-01-06 17:38:30 - [MESSAGE][PASSED] - Delayed 3 second(s)

2023-01-06 17:38:30 - [TEST_STEP][PASSED] - closeWindowTitle("Everleagues"): Window with title: 'Everleagues' is closed

2023-01-06 17:38:30 - [MESSAGE][PASSED] - Window with title: 'Everleagues' is closed

2023-01-06 17:38:30 - [TEST_STEP][PASSED] - switchToWindowIndex(0): Switched to window with index: '0'

2023-01-06 17:38:31 - [MESSAGE][PASSED] - Switched to window with index: '0'

2023-01-06 17:38:31 - [TEST_STEP][PASSED] - click(findTestObject("09-Settings/Users/Co worker/td_Invitation from GG Automation")): Object: 'Object Repository/09-Settings/Users/Co worker/td_Invitation from GG Automation' is clicked on

2023-01-06 17:38:32 - [MESSAGE][PASSED] - Object: 'Object Repository/09-Settings/Users/Co worker/td_Invitation from GG Automation' is clicked on

2023-01-06 17:38:32 - [TEST_STEP][PASSED] - click(findTestObject("09-Settings/Users/Co worker/a_Click here to join GG Automation on EverLeagues")): Object: 'Object Repository/09-Settings/Users/Co worker/a_Click here to join GG Automation on EverLeagues' is clicked on

2023-01-06 17:38:33 - [MESSAGE][PASSED] - Object: 'Object Repository/09-Settings/Users/Co worker/a_Click here to join GG Automation on EverLeagues' is clicked on

2023-01-06 17:38:33 - [TEST_STEP][PASSED] - delay(3): Delayed 3 second(s)

2023-01-06 17:38:36 - [MESSAGE][PASSED] - Delayed 3 second(s)

2023-01-06 17:38:36 - [TEST_STEP][PASSED] - closeWindowTitle("Mailinator"): Window with title: 'Mailinator' is closed

2023-01-06 17:38:45 - [MESSAGE][PASSED] - Window with title: 'Mailinator' is closed

2023-01-06 17:38:45 - [TEST_STEP][PASSED] - switchToWindowIndex(0): Switched to window with index: '0'

2023-01-06 17:38:45 - [MESSAGE][PASSED] - Switched to window with index: '0'

2023-01-06 17:38:45 - [TEST_STEP][PASSED] - verifyElementVisible(findTestObject("09-Settings/Users/Co worker/Invite modal")): Object 'Object Repository/09-Settings/Users/Co worker/Invite modal' is visible

2023-01-06 17:38:55 - [MESSAGE][PASSED] - Object 'Object Repository/09-Settings/Users/Co worker/Invite modal' is visible

2023-01-06 17:38:55 - [TEST_STEP][PASSED] - click(findTestObject("09-Settings/Users/Co worker/button_Accept")): Object: 'Object Repository/09-Settings/Users/Co worker/button_Accept' is clicked on

2023-01-06 17:38:56 - [MESSAGE][PASSED] - Object: 'Object Repository/09-Settings/Users/Co worker/button_Accept' is clicked on

2023-01-06 17:38:56 - [TEST_STEP][PASSED] - delay(5): Delayed 5 second(s)

2023-01-06 17:39:01 - [MESSAGE][PASSED] - Delayed 5 second(s)

2023-01-06 17:39:01 - [TEST_STEP][PASSED] - verifyElementVisible(findTestObject("09-Settings/Users/Co worker/div_Joined as CoWorker")): Object 'Object Repository/09-Settings/Users/Co worker/div_Joined as CoWorker' is visible

2023-01-06 17:39:04 - [MESSAGE][PASSED] - Object 'Object Repository/09-Settings/Users/Co worker/div_Joined as CoWorker' is visible

2023-01-06 17:39:04 - [TEST_STEP][PASSED] - closeBrowser(): Browser is closed

2023-01-06 17:39:07 - [MESSAGE][PASSED] - Browser is closed]]></system-out>
         <system-err><![CDATA[]]></system-err>
      </testcase>
      <testcase name="Test Cases/09-Settings/03 - Users (Invite new user as client)" time="520.467" classname="Test Cases/09-Settings/03 - Users (Invite new user as client)" status="PASSED">
         <system-out><![CDATA[2023-01-06 17:39:07 - [TEST_CASE][PASSED] - Test Cases/09-Settings/03 - Users (Invite new user as client): Test Cases/09-Settings/03 - Users (Invite new user as client)

2023-01-06 17:39:10 - [TEST_STEP][PASSED] - openBrowser(""): Browser is opened with url: ''

2023-01-06 17:39:10 - [MESSAGE][INFO] - Starting 'Chrome' driver

2023-01-06 17:39:10 - [MESSAGE][INFO] - Action delay is set to 0 milliseconds

2023-01-06 17:39:14 - [MESSAGE][PASSED] - Browser is opened with url: ''

2023-01-06 17:39:14 - [TEST_STEP][PASSED] - navigateToUrl("https://lab.everleagues.com/"): Navigate to 'https://lab.everleagues.com/' successfully

2023-01-06 17:43:23 - [MESSAGE][PASSED] - Navigate to 'https://lab.everleagues.com/' successfully

2023-01-06 17:43:23 - [TEST_STEP][PASSED] - maximizeWindow(): Current window maximized

2023-01-06 17:43:24 - [MESSAGE][PASSED] - Current window maximized

2023-01-06 17:43:24 - [TEST_STEP][PASSED] - setText(findTestObject("02-Side Icons(Organization)/Add Contact/Email Field"), "testuser02@mailinator.com"): Text 'testuser02@mailinator.com' is set on object 'Object Repository/02-Side Icons(Organization)/Add Contact/Email Field'

2023-01-06 17:43:26 - [MESSAGE][PASSED] - Text 'testuser02@mailinator.com' is set on object 'Object Repository/02-Side Icons(Organization)/Add Contact/Email Field'

2023-01-06 17:43:26 - [TEST_STEP][PASSED] - setEncryptedText(findTestObject("02-Side Icons(Organization)/Add Contact/Password Field"), "8yFRyszE6U6jvsCn51OQbg=="): Text ****** has been set on object 'Object Repository/02-Side Icons(Organization)/Add Contact/Password Field'

2023-01-06 17:43:27 - [MESSAGE][PASSED] - Text ****** has been set on object 'Object Repository/02-Side Icons(Organization)/Add Contact/Password Field'

2023-01-06 17:43:27 - [TEST_STEP][PASSED] - click(findTestObject("02-Side Icons(Organization)/Add Contact/button_Sign in")): Object: 'Object Repository/02-Side Icons(Organization)/Add Contact/button_Sign in' is clicked on

2023-01-06 17:43:28 - [MESSAGE][PASSED] - Object: 'Object Repository/02-Side Icons(Organization)/Add Contact/button_Sign in' is clicked on

2023-01-06 17:43:28 - [TEST_STEP][PASSED] - delay(2): Delayed 2 second(s)

2023-01-06 17:43:30 - [MESSAGE][PASSED] - Delayed 2 second(s)

2023-01-06 17:43:30 - [TEST_STEP][PASSED] - click(findTestObject("06-Teams/For 2FA/button_Confirm_2FA")): Object: 'Object Repository/06-Teams/For 2FA/button_Confirm_2FA' is clicked on

2023-01-06 17:43:31 - [MESSAGE][PASSED] - Object: 'Object Repository/06-Teams/For 2FA/button_Confirm_2FA' is clicked on

2023-01-06 17:43:31 - [TEST_STEP][PASSED] - executeJavaScript("window.open();", []): Execute JavaScript 'window.open();' successfully

2023-01-06 17:43:31 - [MESSAGE][PASSED] - Execute JavaScript 'window.open();' successfully

2023-01-06 17:43:31 - [TEST_STEP][PASSED] - currentWindow = getWindowIndex(): Current window's index is: 0

2023-01-06 17:43:31 - [MESSAGE][PASSED] - Current window's index is: 0

2023-01-06 17:43:31 - [TEST_STEP][PASSED] - delay(3): Delayed 3 second(s)

2023-01-06 17:43:34 - [MESSAGE][PASSED] - Delayed 3 second(s)

2023-01-06 17:43:34 - [TEST_STEP][PASSED] - switchToWindowIndex(currentWindow + 1): Switched to window with index: '1'

2023-01-06 17:43:34 - [MESSAGE][PASSED] - Switched to window with index: '1'

2023-01-06 17:43:34 - [TEST_STEP][PASSED] - navigateToUrl("https://www.mailinator.com/"): Navigate to 'https://www.mailinator.com/' successfully

2023-01-06 17:43:41 - [MESSAGE][PASSED] - Navigate to 'https://www.mailinator.com/' successfully

2023-01-06 17:43:41 - [TEST_STEP][PASSED] - delay(3): Delayed 3 second(s)

2023-01-06 17:43:44 - [MESSAGE][PASSED] - Delayed 3 second(s)

2023-01-06 17:43:44 - [TEST_STEP][PASSED] - setText(findTestObject("00-Signup and Activation/zMailinator/input_LOGIN_search"), "testuser02@mailinator.com"): Text 'testuser02@mailinator.com' is set on object 'Object Repository/00-Signup and Activation/zMailinator/input_LOGIN_search'

2023-01-06 17:43:45 - [MESSAGE][PASSED] - Text 'testuser02@mailinator.com' is set on object 'Object Repository/00-Signup and Activation/zMailinator/input_LOGIN_search'

2023-01-06 17:43:45 - [TEST_STEP][PASSED] - click(findTestObject("00-Signup and Activation/zMailinator/gobutton"), STOP_ON_FAILURE): Object: 'Object Repository/00-Signup and Activation/zMailinator/gobutton' is clicked on

2023-01-06 17:43:48 - [MESSAGE][PASSED] - Object: 'Object Repository/00-Signup and Activation/zMailinator/gobutton' is clicked on

2023-01-06 17:43:48 - [TEST_STEP][PASSED] - delay(3): Delayed 3 second(s)

2023-01-06 17:43:51 - [MESSAGE][PASSED] - Delayed 3 second(s)

2023-01-06 17:43:51 - [TEST_STEP][PASSED] - click(findTestObject("00-Signup and Activation/zMailinator/Email - everleagues")): Object: 'Object Repository/00-Signup and Activation/zMailinator/Email - everleagues' is clicked on

2023-01-06 17:43:52 - [MESSAGE][PASSED] - Object: 'Object Repository/00-Signup and Activation/zMailinator/Email - everleagues' is clicked on

2023-01-06 17:43:52 - [TEST_STEP][PASSED] - delay(3): Delayed 3 second(s)

2023-01-06 17:43:55 - [MESSAGE][PASSED] - Delayed 3 second(s)

2023-01-06 17:43:55 - [TEST_STEP][PASSED] - code = getText(findTestObject("Object Repository/06-Teams/For 2FA/2FA code")): Text of object 'Object Repository/06-Teams/For 2FA/2FA code' is: '575572'

2023-01-06 17:43:56 - [MESSAGE][PASSED] - Text of object 'Object Repository/06-Teams/For 2FA/2FA code' is: '575572'

2023-01-06 17:43:56 - [TEST_STEP][PASSED] - delay(3): Delayed 3 second(s)

2023-01-06 17:43:59 - [MESSAGE][PASSED] - Delayed 3 second(s)

2023-01-06 17:43:59 - [TEST_STEP][PASSED] - closeWindowTitle("Mailinator"): Window with title: 'Mailinator' is closed

2023-01-06 17:44:00 - [MESSAGE][PASSED] - Window with title: 'Mailinator' is closed

2023-01-06 17:44:00 - [TEST_STEP][PASSED] - delay(3): Delayed 3 second(s)

2023-01-06 17:44:03 - [MESSAGE][PASSED] - Delayed 3 second(s)

2023-01-06 17:44:03 - [TEST_STEP][PASSED] - switchToWindowIndex(0): Switched to window with index: '0'

2023-01-06 17:44:03 - [MESSAGE][PASSED] - Switched to window with index: '0'

2023-01-06 17:44:03 - [TEST_STEP][PASSED] - delay(3): Delayed 3 second(s)

2023-01-06 17:44:06 - [MESSAGE][PASSED] - Delayed 3 second(s)

2023-01-06 17:44:06 - [TEST_STEP][PASSED] - setText(findTestObject("Object Repository/06-Teams/For 2FA/input_Enter verification code_code"), code): Text '575572' is set on object 'Object Repository/06-Teams/For 2FA/input_Enter verification code_code'

2023-01-06 17:44:07 - [MESSAGE][PASSED] - Text '575572' is set on object 'Object Repository/06-Teams/For 2FA/input_Enter verification code_code'

2023-01-06 17:44:07 - [TEST_STEP][PASSED] - delay(3): Delayed 3 second(s)

2023-01-06 17:44:10 - [MESSAGE][PASSED] - Delayed 3 second(s)

2023-01-06 17:44:10 - [TEST_STEP][PASSED] - click(findTestObject("06-Teams/For 2FA/button_Verify_2FA")): Object: 'Object Repository/06-Teams/For 2FA/button_Verify_2FA' is clicked on

2023-01-06 17:44:11 - [MESSAGE][PASSED] - Object: 'Object Repository/06-Teams/For 2FA/button_Verify_2FA' is clicked on

2023-01-06 17:44:11 - [TEST_STEP][PASSED] - delay(5): Delayed 5 second(s)

2023-01-06 17:44:16 - [MESSAGE][PASSED] - Delayed 5 second(s)

2023-01-06 17:44:16 - [TEST_STEP][PASSED] - click(findTestObject("06-Teams/button_doublearrow")): Object: 'Object Repository/06-Teams/button_doublearrow' is clicked on

2023-01-06 17:44:18 - [MESSAGE][PASSED] - Object: 'Object Repository/06-Teams/button_doublearrow' is clicked on

2023-01-06 17:44:18 - [TEST_STEP][PASSED] - click(findTestObject("06-Teams/button_My Organizations")): Object: 'Object Repository/06-Teams/button_My Organizations' is clicked on

2023-01-06 17:44:19 - [MESSAGE][PASSED] - Object: 'Object Repository/06-Teams/button_My Organizations' is clicked on

2023-01-06 17:44:19 - [TEST_STEP][PASSED] - click(findTestObject("06-Teams/button_GG Automation")): Object: 'Object Repository/06-Teams/button_GG Automation' is clicked on

2023-01-06 17:44:20 - [MESSAGE][PASSED] - Object: 'Object Repository/06-Teams/button_GG Automation' is clicked on

2023-01-06 17:44:20 - [TEST_STEP][PASSED] - delay(4): Delayed 4 second(s)

2023-01-06 17:44:24 - [MESSAGE][PASSED] - Delayed 4 second(s)

2023-01-06 17:44:24 - [TEST_STEP][PASSED] - verifyElementVisible(findTestObject("06-Teams/span_GG Automation")): Object 'Object Repository/06-Teams/span_GG Automation' is visible

2023-01-06 17:44:25 - [MESSAGE][PASSED] - Object 'Object Repository/06-Teams/span_GG Automation' is visible

2023-01-06 17:44:25 - [TEST_STEP][PASSED] - delay(5): Delayed 5 second(s)

2023-01-06 17:44:30 - [MESSAGE][PASSED] - Delayed 5 second(s)

2023-01-06 17:44:30 - [TEST_STEP][PASSED] - click(findTestObject("03-Header Menu/Hamburger Button/div_Settings")): Object: 'Object Repository/03-Header Menu/Hamburger Button/div_Settings' is clicked on

2023-01-06 17:44:31 - [MESSAGE][PASSED] - Object: 'Object Repository/03-Header Menu/Hamburger Button/div_Settings' is clicked on

2023-01-06 17:44:31 - [TEST_STEP][PASSED] - delay(3): Delayed 3 second(s)

2023-01-06 17:44:34 - [MESSAGE][PASSED] - Delayed 3 second(s)

2023-01-06 17:44:34 - [TEST_STEP][PASSED] - scrollToElement(findTestObject("09-Settings/Users/div_Users"), 0): Scroll to object 'Object Repository/09-Settings/Users/div_Users' successfully

2023-01-06 17:44:34 - [MESSAGE][WARNING] - Timeout '0' is invalid. Using default page load timeout: '30'

2023-01-06 17:44:35 - [MESSAGE][PASSED] - Scroll to object 'Object Repository/09-Settings/Users/div_Users' successfully

2023-01-06 17:44:35 - [TEST_STEP][PASSED] - click(findTestObject("09-Settings/Users/div_Users")): Object: 'Object Repository/09-Settings/Users/div_Users' is clicked on

2023-01-06 17:44:37 - [MESSAGE][PASSED] - Object: 'Object Repository/09-Settings/Users/div_Users' is clicked on

2023-01-06 17:44:37 - [TEST_STEP][PASSED] - delay(3): Delayed 3 second(s)

2023-01-06 17:44:40 - [MESSAGE][PASSED] - Delayed 3 second(s)

2023-01-06 17:44:40 - [TEST_STEP][PASSED] - click(findTestObject("09-Settings/Users/button_add")): Object: 'Object Repository/09-Settings/Users/button_add' is clicked on

2023-01-06 17:44:42 - [MESSAGE][PASSED] - Object: 'Object Repository/09-Settings/Users/button_add' is clicked on

2023-01-06 17:44:42 - [TEST_STEP][PASSED] - delay(3): Delayed 3 second(s)

2023-01-06 17:44:45 - [MESSAGE][PASSED] - Delayed 3 second(s)

2023-01-06 17:44:45 - [TEST_STEP][PASSED] - click(findTestObject("09-Settings/Users/add Invite a single user")): Object: 'Object Repository/09-Settings/Users/add Invite a single user' is clicked on

2023-01-06 17:44:45 - [MESSAGE][PASSED] - Object: 'Object Repository/09-Settings/Users/add Invite a single user' is clicked on

2023-01-06 17:44:45 - [TEST_STEP][PASSED] - delay(3): Delayed 3 second(s)

2023-01-06 17:44:48 - [MESSAGE][PASSED] - Delayed 3 second(s)

2023-01-06 17:44:48 - [TEST_STEP][PASSED] - setText(findTestObject("09-Settings/Users/input_email"), "autotester09@mailinator.com"): Text 'autotester09@mailinator.com' is set on object 'Object Repository/09-Settings/Users/input_email'

2023-01-06 17:44:51 - [MESSAGE][PASSED] - Text 'autotester09@mailinator.com' is set on object 'Object Repository/09-Settings/Users/input_email'

2023-01-06 17:44:51 - [TEST_STEP][PASSED] - setText(findTestObject("09-Settings/Users/input_firstName"), "GG"): Text 'GG' is set on object 'Object Repository/09-Settings/Users/input_firstName'

2023-01-06 17:44:53 - [MESSAGE][PASSED] - Text 'GG' is set on object 'Object Repository/09-Settings/Users/input_firstName'

2023-01-06 17:44:53 - [TEST_STEP][PASSED] - setText(findTestObject("09-Settings/Users/input_lastName"), "Client"): Text 'Client' is set on object 'Object Repository/09-Settings/Users/input_lastName'

2023-01-06 17:44:55 - [MESSAGE][PASSED] - Text 'Client' is set on object 'Object Repository/09-Settings/Users/input_lastName'

2023-01-06 17:44:55 - [TEST_STEP][PASSED] - click(findTestObject("09-Settings/Users/span_Role")): Object: 'Object Repository/09-Settings/Users/span_Role' is clicked on

2023-01-06 17:44:56 - [MESSAGE][PASSED] - Object: 'Object Repository/09-Settings/Users/span_Role' is clicked on

2023-01-06 17:44:56 - [TEST_STEP][PASSED] - click(findTestObject("09-Settings/Users/span_Client")): Object: 'Object Repository/09-Settings/Users/span_Client' is clicked on

2023-01-06 17:44:57 - [MESSAGE][PASSED] - Object: 'Object Repository/09-Settings/Users/span_Client' is clicked on

2023-01-06 17:44:57 - [TEST_STEP][PASSED] - click(findTestObject("09-Settings/Users/button_Send Invitation")): Object: 'Object Repository/09-Settings/Users/button_Send Invitation' is clicked on

2023-01-06 17:44:59 - [MESSAGE][PASSED] - Object: 'Object Repository/09-Settings/Users/button_Send Invitation' is clicked on

2023-01-06 17:44:59 - [TEST_STEP][PASSED] - delay(2): Delayed 2 second(s)

2023-01-06 17:45:01 - [MESSAGE][PASSED] - Delayed 2 second(s)

2023-01-06 17:45:01 - [TEST_STEP][PASSED] - verifyElementVisible(findTestObject("07-Directory/Connections/zContact Profile/Successfully invited user")): Object 'Object Repository/07-Directory/Connections/zContact Profile/Successfully invited user' is visible

2023-01-06 17:45:03 - [MESSAGE][PASSED] - Object 'Object Repository/07-Directory/Connections/zContact Profile/Successfully invited user' is visible

2023-01-06 17:45:03 - [TEST_STEP][PASSED] - delay(2): Delayed 2 second(s)

2023-01-06 17:45:05 - [MESSAGE][PASSED] - Delayed 2 second(s)

2023-01-06 17:45:05 - [TEST_STEP][PASSED] - click(findTestObject("01-Login and Forgot Password/User menu drop")): Object: 'Object Repository/01-Login and Forgot Password/User menu drop' is clicked on

2023-01-06 17:45:06 - [MESSAGE][PASSED] - Object: 'Object Repository/01-Login and Forgot Password/User menu drop' is clicked on

2023-01-06 17:45:06 - [TEST_STEP][PASSED] - delay(2): Delayed 2 second(s)

2023-01-06 17:45:08 - [MESSAGE][PASSED] - Delayed 2 second(s)

2023-01-06 17:45:08 - [TEST_STEP][PASSED] - click(findTestObject("01-Login and Forgot Password/h4_Sign Out"), STOP_ON_FAILURE): Object: 'Object Repository/01-Login and Forgot Password/h4_Sign Out' is clicked on

2023-01-06 17:45:09 - [MESSAGE][PASSED] - Object: 'Object Repository/01-Login and Forgot Password/h4_Sign Out' is clicked on

2023-01-06 17:45:09 - [TEST_STEP][PASSED] - delay(2): Delayed 2 second(s)

2023-01-06 17:45:11 - [MESSAGE][PASSED] - Delayed 2 second(s)

2023-01-06 17:45:11 - [TEST_STEP][PASSED] - verifyElementPresent(findTestObject("01-Login and Forgot Password/Login_Card"), 0): Object 'Object Repository/01-Login and Forgot Password/Login_Card' is present

2023-01-06 17:45:12 - [MESSAGE][WARNING] - Timeout '0' is invalid. Using default page load timeout: '30'

2023-01-06 17:45:12 - [MESSAGE][PASSED] - Object 'Object Repository/01-Login and Forgot Password/Login_Card' is present

2023-01-06 17:45:12 - [TEST_STEP][PASSED] - delay(3): Delayed 3 second(s)

2023-01-06 17:45:15 - [MESSAGE][PASSED] - Delayed 3 second(s)

2023-01-06 17:45:15 - [TEST_STEP][PASSED] - closeBrowser(): Browser is closed

2023-01-06 17:45:17 - [MESSAGE][PASSED] - Browser is closed

2023-01-06 17:45:17 - [TEST_STEP][PASSED] - openBrowser(""): Browser is opened with url: ''

2023-01-06 17:45:17 - [MESSAGE][INFO] - Starting 'Chrome' driver

2023-01-06 17:45:17 - [MESSAGE][INFO] - Action delay is set to 0 milliseconds

2023-01-06 17:45:19 - [MESSAGE][PASSED] - Browser is opened with url: ''

2023-01-06 17:45:19 - [TEST_STEP][PASSED] - navigateToUrl("https://lab.everleagues.com/"): Navigate to 'https://lab.everleagues.com/' successfully

2023-01-06 17:45:39 - [MESSAGE][PASSED] - Navigate to 'https://lab.everleagues.com/' successfully

2023-01-06 17:45:39 - [TEST_STEP][PASSED] - maximizeWindow(): Current window maximized

2023-01-06 17:45:40 - [MESSAGE][PASSED] - Current window maximized

2023-01-06 17:45:40 - [TEST_STEP][PASSED] - setText(findTestObject("02-Side Icons(Organization)/Add Contact/Email Field"), "autotester09@mailinator.com"): Text 'autotester09@mailinator.com' is set on object 'Object Repository/02-Side Icons(Organization)/Add Contact/Email Field'

2023-01-06 17:45:42 - [MESSAGE][PASSED] - Text 'autotester09@mailinator.com' is set on object 'Object Repository/02-Side Icons(Organization)/Add Contact/Email Field'

2023-01-06 17:45:42 - [TEST_STEP][PASSED] - setEncryptedText(findTestObject("02-Side Icons(Organization)/Add Contact/Password Field"), "8yFRyszE6U6jvsCn51OQbg=="): Text ****** has been set on object 'Object Repository/02-Side Icons(Organization)/Add Contact/Password Field'

2023-01-06 17:45:43 - [MESSAGE][PASSED] - Text ****** has been set on object 'Object Repository/02-Side Icons(Organization)/Add Contact/Password Field'

2023-01-06 17:45:43 - [TEST_STEP][PASSED] - click(findTestObject("02-Side Icons(Organization)/Add Contact/button_Sign in")): Object: 'Object Repository/02-Side Icons(Organization)/Add Contact/button_Sign in' is clicked on

2023-01-06 17:45:45 - [MESSAGE][PASSED] - Object: 'Object Repository/02-Side Icons(Organization)/Add Contact/button_Sign in' is clicked on

2023-01-06 17:45:45 - [TEST_STEP][PASSED] - delay(2): Delayed 2 second(s)

2023-01-06 17:45:47 - [MESSAGE][PASSED] - Delayed 2 second(s)

2023-01-06 17:45:47 - [TEST_STEP][PASSED] - click(findTestObject("06-Teams/For 2FA/button_Confirm_2FA")): Object: 'Object Repository/06-Teams/For 2FA/button_Confirm_2FA' is clicked on

2023-01-06 17:45:48 - [MESSAGE][PASSED] - Object: 'Object Repository/06-Teams/For 2FA/button_Confirm_2FA' is clicked on

2023-01-06 17:45:48 - [TEST_STEP][PASSED] - executeJavaScript("window.open();", []): Execute JavaScript 'window.open();' successfully

2023-01-06 17:45:48 - [MESSAGE][PASSED] - Execute JavaScript 'window.open();' successfully

2023-01-06 17:45:48 - [TEST_STEP][PASSED] - currentWindow = getWindowIndex(): Current window's index is: 0

2023-01-06 17:45:48 - [MESSAGE][PASSED] - Current window's index is: 0

2023-01-06 17:45:48 - [TEST_STEP][PASSED] - delay(3): Delayed 3 second(s)

2023-01-06 17:45:51 - [MESSAGE][PASSED] - Delayed 3 second(s)

2023-01-06 17:45:51 - [TEST_STEP][PASSED] - switchToWindowIndex(currentWindow + 1): Switched to window with index: '1'

2023-01-06 17:45:51 - [MESSAGE][PASSED] - Switched to window with index: '1'

2023-01-06 17:45:51 - [TEST_STEP][PASSED] - navigateToUrl("https://www.mailinator.com/"): Navigate to 'https://www.mailinator.com/' successfully

2023-01-06 17:46:04 - [MESSAGE][PASSED] - Navigate to 'https://www.mailinator.com/' successfully

2023-01-06 17:46:04 - [TEST_STEP][PASSED] - delay(3): Delayed 3 second(s)

2023-01-06 17:46:07 - [MESSAGE][PASSED] - Delayed 3 second(s)

2023-01-06 17:46:08 - [TEST_STEP][PASSED] - setText(findTestObject("00-Signup and Activation/zMailinator/input_LOGIN_search"), "autotester09@mailinator.com"): Text 'autotester09@mailinator.com' is set on object 'Object Repository/00-Signup and Activation/zMailinator/input_LOGIN_search'

2023-01-06 17:46:10 - [MESSAGE][PASSED] - Text 'autotester09@mailinator.com' is set on object 'Object Repository/00-Signup and Activation/zMailinator/input_LOGIN_search'

2023-01-06 17:46:10 - [TEST_STEP][PASSED] - click(findTestObject("00-Signup and Activation/zMailinator/gobutton"), STOP_ON_FAILURE): Object: 'Object Repository/00-Signup and Activation/zMailinator/gobutton' is clicked on

2023-01-06 17:46:13 - [MESSAGE][PASSED] - Object: 'Object Repository/00-Signup and Activation/zMailinator/gobutton' is clicked on

2023-01-06 17:46:13 - [TEST_STEP][PASSED] - delay(3): Delayed 3 second(s)

2023-01-06 17:46:16 - [MESSAGE][PASSED] - Delayed 3 second(s)

2023-01-06 17:46:16 - [TEST_STEP][PASSED] - click(findTestObject("00-Signup and Activation/zMailinator/Email - everleagues")): Object: 'Object Repository/00-Signup and Activation/zMailinator/Email - everleagues' is clicked on

2023-01-06 17:46:17 - [MESSAGE][PASSED] - Object: 'Object Repository/00-Signup and Activation/zMailinator/Email - everleagues' is clicked on

2023-01-06 17:46:17 - [TEST_STEP][PASSED] - delay(3): Delayed 3 second(s)

2023-01-06 17:46:20 - [MESSAGE][PASSED] - Delayed 3 second(s)

2023-01-06 17:46:20 - [TEST_STEP][PASSED] - codetwo = getText(findTestObject("Object Repository/06-Teams/For 2FA/2FA code")): Text of object 'Object Repository/06-Teams/For 2FA/2FA code' is: '728612'

2023-01-06 17:46:21 - [MESSAGE][PASSED] - Text of object 'Object Repository/06-Teams/For 2FA/2FA code' is: '728612'

2023-01-06 17:46:21 - [TEST_STEP][PASSED] - delay(3): Delayed 3 second(s)

2023-01-06 17:46:24 - [MESSAGE][PASSED] - Delayed 3 second(s)

2023-01-06 17:46:24 - [TEST_STEP][PASSED] - closeWindowTitle("Mailinator"): Window with title: 'Mailinator' is closed

2023-01-06 17:46:26 - [MESSAGE][PASSED] - Window with title: 'Mailinator' is closed

2023-01-06 17:46:26 - [TEST_STEP][PASSED] - delay(3): Delayed 3 second(s)

2023-01-06 17:46:29 - [MESSAGE][PASSED] - Delayed 3 second(s)

2023-01-06 17:46:29 - [TEST_STEP][PASSED] - switchToWindowIndex(0): Switched to window with index: '0'

2023-01-06 17:46:29 - [MESSAGE][PASSED] - Switched to window with index: '0'

2023-01-06 17:46:29 - [TEST_STEP][PASSED] - delay(3): Delayed 3 second(s)

2023-01-06 17:46:32 - [MESSAGE][PASSED] - Delayed 3 second(s)

2023-01-06 17:46:32 - [TEST_STEP][PASSED] - setText(findTestObject("Object Repository/06-Teams/For 2FA/input_Enter verification code_code"), codetwo): Text '728612' is set on object 'Object Repository/06-Teams/For 2FA/input_Enter verification code_code'

2023-01-06 17:46:34 - [MESSAGE][PASSED] - Text '728612' is set on object 'Object Repository/06-Teams/For 2FA/input_Enter verification code_code'

2023-01-06 17:46:34 - [TEST_STEP][PASSED] - delay(3): Delayed 3 second(s)

2023-01-06 17:46:37 - [MESSAGE][PASSED] - Delayed 3 second(s)

2023-01-06 17:46:37 - [TEST_STEP][PASSED] - click(findTestObject("06-Teams/For 2FA/button_Verify_2FA")): Object: 'Object Repository/06-Teams/For 2FA/button_Verify_2FA' is clicked on

2023-01-06 17:46:38 - [MESSAGE][PASSED] - Object: 'Object Repository/06-Teams/For 2FA/button_Verify_2FA' is clicked on

2023-01-06 17:46:38 - [TEST_STEP][PASSED] - delay(5): Delayed 5 second(s)

2023-01-06 17:46:43 - [MESSAGE][PASSED] - Delayed 5 second(s)

2023-01-06 17:46:43 - [TEST_STEP][PASSED] - executeJavaScript("window.open();", []): Execute JavaScript 'window.open();' successfully

2023-01-06 17:46:43 - [MESSAGE][PASSED] - Execute JavaScript 'window.open();' successfully

2023-01-06 17:46:43 - [TEST_STEP][PASSED] - currentWindow = getWindowIndex(): Current window's index is: 0

2023-01-06 17:46:43 - [MESSAGE][PASSED] - Current window's index is: 0

2023-01-06 17:46:43 - [TEST_STEP][PASSED] - delay(3): Delayed 3 second(s)

2023-01-06 17:46:46 - [MESSAGE][PASSED] - Delayed 3 second(s)

2023-01-06 17:46:46 - [TEST_STEP][PASSED] - switchToWindowIndex(currentWindow + 1): Switched to window with index: '1'

2023-01-06 17:46:46 - [MESSAGE][PASSED] - Switched to window with index: '1'

2023-01-06 17:46:46 - [TEST_STEP][PASSED] - navigateToUrl("https://www.mailinator.com/"): Navigate to 'https://www.mailinator.com/' successfully

2023-01-06 17:46:52 - [MESSAGE][PASSED] - Navigate to 'https://www.mailinator.com/' successfully

2023-01-06 17:46:52 - [TEST_STEP][PASSED] - delay(3): Delayed 3 second(s)

2023-01-06 17:46:55 - [MESSAGE][PASSED] - Delayed 3 second(s)

2023-01-06 17:46:55 - [TEST_STEP][PASSED] - setText(findTestObject("00-Signup and Activation/zMailinator/input_LOGIN_search"), "autotester09@mailinator.com"): Text 'autotester09@mailinator.com' is set on object 'Object Repository/00-Signup and Activation/zMailinator/input_LOGIN_search'

2023-01-06 17:46:57 - [MESSAGE][PASSED] - Text 'autotester09@mailinator.com' is set on object 'Object Repository/00-Signup and Activation/zMailinator/input_LOGIN_search'

2023-01-06 17:46:57 - [TEST_STEP][PASSED] - click(findTestObject("00-Signup and Activation/zMailinator/gobutton"), STOP_ON_FAILURE): Object: 'Object Repository/00-Signup and Activation/zMailinator/gobutton' is clicked on

2023-01-06 17:47:00 - [MESSAGE][PASSED] - Object: 'Object Repository/00-Signup and Activation/zMailinator/gobutton' is clicked on

2023-01-06 17:47:00 - [TEST_STEP][PASSED] - delay(3): Delayed 3 second(s)

2023-01-06 17:47:03 - [MESSAGE][PASSED] - Delayed 3 second(s)

2023-01-06 17:47:03 - [TEST_STEP][PASSED] - closeWindowTitle("Everleagues"): Window with title: 'Everleagues' is closed

2023-01-06 17:47:03 - [MESSAGE][PASSED] - Window with title: 'Everleagues' is closed

2023-01-06 17:47:03 - [TEST_STEP][PASSED] - switchToWindowIndex(0): Switched to window with index: '0'

2023-01-06 17:47:03 - [MESSAGE][PASSED] - Switched to window with index: '0'

2023-01-06 17:47:03 - [TEST_STEP][PASSED] - click(findTestObject("09-Settings/Users/Co worker/td_Invitation from GG Automation")): Object: 'Object Repository/09-Settings/Users/Co worker/td_Invitation from GG Automation' is clicked on

2023-01-06 17:47:04 - [MESSAGE][PASSED] - Object: 'Object Repository/09-Settings/Users/Co worker/td_Invitation from GG Automation' is clicked on

2023-01-06 17:47:04 - [TEST_STEP][PASSED] - click(findTestObject("09-Settings/Users/Co worker/a_Click here to join GG Automation on EverLeagues")): Object: 'Object Repository/09-Settings/Users/Co worker/a_Click here to join GG Automation on EverLeagues' is clicked on

2023-01-06 17:47:06 - [MESSAGE][PASSED] - Object: 'Object Repository/09-Settings/Users/Co worker/a_Click here to join GG Automation on EverLeagues' is clicked on

2023-01-06 17:47:06 - [TEST_STEP][PASSED] - closeWindowTitle("Mailinator"): Window with title: 'Mailinator' is closed

2023-01-06 17:47:06 - [MESSAGE][PASSED] - Window with title: 'Mailinator' is closed

2023-01-06 17:47:06 - [TEST_STEP][PASSED] - switchToWindowIndex(0): Switched to window with index: '0'

2023-01-06 17:47:06 - [MESSAGE][PASSED] - Switched to window with index: '0'

2023-01-06 17:47:06 - [TEST_STEP][PASSED] - verifyElementVisible(findTestObject("09-Settings/Users/Client/Invite modal")): Object 'Object Repository/09-Settings/Users/Client/Invite modal' is visible

2023-01-06 17:47:27 - [MESSAGE][PASSED] - Object 'Object Repository/09-Settings/Users/Client/Invite modal' is visible

2023-01-06 17:47:27 - [TEST_STEP][PASSED] - setText(findTestObject("09-Settings/Users/Client/Company field"), "QA Company"): Text 'QA Company' is set on object 'Object Repository/09-Settings/Users/Client/Company field'

2023-01-06 17:47:30 - [MESSAGE][PASSED] - Text 'QA Company' is set on object 'Object Repository/09-Settings/Users/Client/Company field'

2023-01-06 17:47:30 - [TEST_STEP][PASSED] - click(findTestObject("09-Settings/Users/Client/button_Accept")): Object: 'Object Repository/09-Settings/Users/Client/button_Accept' is clicked on

2023-01-06 17:47:31 - [MESSAGE][PASSED] - Object: 'Object Repository/09-Settings/Users/Client/button_Accept' is clicked on

2023-01-06 17:47:31 - [TEST_STEP][PASSED] - delay(5): Delayed 5 second(s)

2023-01-06 17:47:36 - [MESSAGE][PASSED] - Delayed 5 second(s)

2023-01-06 17:47:36 - [TEST_STEP][PASSED] - verifyElementVisible(findTestObject("09-Settings/Users/Client/div_Joined as CLIENT")): Object 'Object Repository/09-Settings/Users/Client/div_Joined as CLIENT' is visible

2023-01-06 17:47:41 - [MESSAGE][PASSED] - Object 'Object Repository/09-Settings/Users/Client/div_Joined as CLIENT' is visible

2023-01-06 17:47:41 - [TEST_STEP][PASSED] - delay(3): Delayed 3 second(s)

2023-01-06 17:47:44 - [MESSAGE][PASSED] - Delayed 3 second(s)

2023-01-06 17:47:44 - [TEST_STEP][PASSED] - closeBrowser(): Browser is closed

2023-01-06 17:47:48 - [MESSAGE][PASSED] - Browser is closed]]></system-out>
         <system-err><![CDATA[]]></system-err>
      </testcase>
      <testcase name="Test Cases/09-Settings/04 - Users (Invite new user as partner)" time="295.402" classname="Test Cases/09-Settings/04 - Users (Invite new user as partner)" status="PASSED">
         <system-out><![CDATA[2023-01-06 17:47:48 - [TEST_CASE][PASSED] - Test Cases/09-Settings/04 - Users (Invite new user as partner): Test Cases/09-Settings/04 - Users (Invite new user as partner)

2023-01-06 17:47:50 - [TEST_STEP][PASSED] - openBrowser(""): Browser is opened with url: ''

2023-01-06 17:47:50 - [MESSAGE][INFO] - Starting 'Chrome' driver

2023-01-06 17:47:50 - [MESSAGE][INFO] - Action delay is set to 0 milliseconds

2023-01-06 17:47:53 - [MESSAGE][PASSED] - Browser is opened with url: ''

2023-01-06 17:47:53 - [TEST_STEP][PASSED] - navigateToUrl("https://lab.everleagues.com/"): Navigate to 'https://lab.everleagues.com/' successfully

2023-01-06 17:48:13 - [MESSAGE][PASSED] - Navigate to 'https://lab.everleagues.com/' successfully

2023-01-06 17:48:13 - [TEST_STEP][PASSED] - maximizeWindow(): Current window maximized

2023-01-06 17:48:13 - [MESSAGE][PASSED] - Current window maximized

2023-01-06 17:48:13 - [TEST_STEP][PASSED] - setText(findTestObject("02-Side Icons(Organization)/Add Contact/Email Field"), "testuser02@mailinator.com"): Text 'testuser02@mailinator.com' is set on object 'Object Repository/02-Side Icons(Organization)/Add Contact/Email Field'

2023-01-06 17:48:15 - [MESSAGE][PASSED] - Text 'testuser02@mailinator.com' is set on object 'Object Repository/02-Side Icons(Organization)/Add Contact/Email Field'

2023-01-06 17:48:15 - [TEST_STEP][PASSED] - setEncryptedText(findTestObject("02-Side Icons(Organization)/Add Contact/Password Field"), "8yFRyszE6U6jvsCn51OQbg=="): Text ****** has been set on object 'Object Repository/02-Side Icons(Organization)/Add Contact/Password Field'

2023-01-06 17:48:17 - [MESSAGE][PASSED] - Text ****** has been set on object 'Object Repository/02-Side Icons(Organization)/Add Contact/Password Field'

2023-01-06 17:48:17 - [TEST_STEP][PASSED] - click(findTestObject("02-Side Icons(Organization)/Add Contact/button_Sign in")): Object: 'Object Repository/02-Side Icons(Organization)/Add Contact/button_Sign in' is clicked on

2023-01-06 17:48:18 - [MESSAGE][PASSED] - Object: 'Object Repository/02-Side Icons(Organization)/Add Contact/button_Sign in' is clicked on

2023-01-06 17:48:18 - [TEST_STEP][PASSED] - delay(2): Delayed 2 second(s)

2023-01-06 17:48:20 - [MESSAGE][PASSED] - Delayed 2 second(s)

2023-01-06 17:48:20 - [TEST_STEP][PASSED] - click(findTestObject("06-Teams/For 2FA/button_Confirm_2FA")): Object: 'Object Repository/06-Teams/For 2FA/button_Confirm_2FA' is clicked on

2023-01-06 17:48:21 - [MESSAGE][PASSED] - Object: 'Object Repository/06-Teams/For 2FA/button_Confirm_2FA' is clicked on

2023-01-06 17:48:21 - [TEST_STEP][PASSED] - executeJavaScript("window.open();", []): Execute JavaScript 'window.open();' successfully

2023-01-06 17:48:21 - [MESSAGE][PASSED] - Execute JavaScript 'window.open();' successfully

2023-01-06 17:48:21 - [TEST_STEP][PASSED] - currentWindow = getWindowIndex(): Current window's index is: 0

2023-01-06 17:48:21 - [MESSAGE][PASSED] - Current window's index is: 0

2023-01-06 17:48:21 - [TEST_STEP][PASSED] - delay(3): Delayed 3 second(s)

2023-01-06 17:48:24 - [MESSAGE][PASSED] - Delayed 3 second(s)

2023-01-06 17:48:24 - [TEST_STEP][PASSED] - switchToWindowIndex(currentWindow + 1): Switched to window with index: '1'

2023-01-06 17:48:24 - [MESSAGE][PASSED] - Switched to window with index: '1'

2023-01-06 17:48:24 - [TEST_STEP][PASSED] - navigateToUrl("https://www.mailinator.com/"): Navigate to 'https://www.mailinator.com/' successfully

2023-01-06 17:48:34 - [MESSAGE][PASSED] - Navigate to 'https://www.mailinator.com/' successfully

2023-01-06 17:48:34 - [TEST_STEP][PASSED] - delay(3): Delayed 3 second(s)

2023-01-06 17:48:37 - [MESSAGE][PASSED] - Delayed 3 second(s)

2023-01-06 17:48:37 - [TEST_STEP][PASSED] - setText(findTestObject("00-Signup and Activation/zMailinator/input_LOGIN_search"), "testuser02@mailinator.com"): Text 'testuser02@mailinator.com' is set on object 'Object Repository/00-Signup and Activation/zMailinator/input_LOGIN_search'

2023-01-06 17:48:39 - [MESSAGE][PASSED] - Text 'testuser02@mailinator.com' is set on object 'Object Repository/00-Signup and Activation/zMailinator/input_LOGIN_search'

2023-01-06 17:48:39 - [TEST_STEP][PASSED] - click(findTestObject("00-Signup and Activation/zMailinator/gobutton"), STOP_ON_FAILURE): Object: 'Object Repository/00-Signup and Activation/zMailinator/gobutton' is clicked on

2023-01-06 17:48:45 - [MESSAGE][PASSED] - Object: 'Object Repository/00-Signup and Activation/zMailinator/gobutton' is clicked on

2023-01-06 17:48:45 - [TEST_STEP][PASSED] - delay(3): Delayed 3 second(s)

2023-01-06 17:48:48 - [MESSAGE][PASSED] - Delayed 3 second(s)

2023-01-06 17:48:48 - [TEST_STEP][PASSED] - click(findTestObject("00-Signup and Activation/zMailinator/Email - everleagues")): Object: 'Object Repository/00-Signup and Activation/zMailinator/Email - everleagues' is clicked on

2023-01-06 17:48:49 - [MESSAGE][PASSED] - Object: 'Object Repository/00-Signup and Activation/zMailinator/Email - everleagues' is clicked on

2023-01-06 17:48:49 - [TEST_STEP][PASSED] - delay(3): Delayed 3 second(s)

2023-01-06 17:48:52 - [MESSAGE][PASSED] - Delayed 3 second(s)

2023-01-06 17:48:52 - [TEST_STEP][PASSED] - code = getText(findTestObject("Object Repository/06-Teams/For 2FA/2FA code")): Text of object 'Object Repository/06-Teams/For 2FA/2FA code' is: '755614'

2023-01-06 17:48:53 - [MESSAGE][PASSED] - Text of object 'Object Repository/06-Teams/For 2FA/2FA code' is: '755614'

2023-01-06 17:48:53 - [TEST_STEP][PASSED] - delay(3): Delayed 3 second(s)

2023-01-06 17:48:56 - [MESSAGE][PASSED] - Delayed 3 second(s)

2023-01-06 17:48:56 - [TEST_STEP][PASSED] - closeWindowTitle("Mailinator"): Window with title: 'Mailinator' is closed

2023-01-06 17:48:57 - [MESSAGE][PASSED] - Window with title: 'Mailinator' is closed

2023-01-06 17:48:57 - [TEST_STEP][PASSED] - delay(3): Delayed 3 second(s)

2023-01-06 17:49:00 - [MESSAGE][PASSED] - Delayed 3 second(s)

2023-01-06 17:49:00 - [TEST_STEP][PASSED] - switchToWindowIndex(0): Switched to window with index: '0'

2023-01-06 17:49:00 - [MESSAGE][PASSED] - Switched to window with index: '0'

2023-01-06 17:49:00 - [TEST_STEP][PASSED] - delay(3): Delayed 3 second(s)

2023-01-06 17:49:03 - [MESSAGE][PASSED] - Delayed 3 second(s)

2023-01-06 17:49:03 - [TEST_STEP][PASSED] - setText(findTestObject("Object Repository/06-Teams/For 2FA/input_Enter verification code_code"), code): Text '755614' is set on object 'Object Repository/06-Teams/For 2FA/input_Enter verification code_code'

2023-01-06 17:49:05 - [MESSAGE][PASSED] - Text '755614' is set on object 'Object Repository/06-Teams/For 2FA/input_Enter verification code_code'

2023-01-06 17:49:05 - [TEST_STEP][PASSED] - delay(3): Delayed 3 second(s)

2023-01-06 17:49:08 - [MESSAGE][PASSED] - Delayed 3 second(s)

2023-01-06 17:49:08 - [TEST_STEP][PASSED] - click(findTestObject("06-Teams/For 2FA/button_Verify_2FA")): Object: 'Object Repository/06-Teams/For 2FA/button_Verify_2FA' is clicked on

2023-01-06 17:49:09 - [MESSAGE][PASSED] - Object: 'Object Repository/06-Teams/For 2FA/button_Verify_2FA' is clicked on

2023-01-06 17:49:09 - [TEST_STEP][PASSED] - delay(5): Delayed 5 second(s)

2023-01-06 17:49:14 - [MESSAGE][PASSED] - Delayed 5 second(s)

2023-01-06 17:49:14 - [TEST_STEP][PASSED] - click(findTestObject("06-Teams/button_doublearrow")): Object: 'Object Repository/06-Teams/button_doublearrow' is clicked on

2023-01-06 17:49:17 - [MESSAGE][PASSED] - Object: 'Object Repository/06-Teams/button_doublearrow' is clicked on

2023-01-06 17:49:17 - [TEST_STEP][PASSED] - click(findTestObject("06-Teams/button_My Organizations")): Object: 'Object Repository/06-Teams/button_My Organizations' is clicked on

2023-01-06 17:49:18 - [MESSAGE][PASSED] - Object: 'Object Repository/06-Teams/button_My Organizations' is clicked on

2023-01-06 17:49:18 - [TEST_STEP][PASSED] - click(findTestObject("06-Teams/button_GG Automation")): Object: 'Object Repository/06-Teams/button_GG Automation' is clicked on

2023-01-06 17:49:19 - [MESSAGE][PASSED] - Object: 'Object Repository/06-Teams/button_GG Automation' is clicked on

2023-01-06 17:49:19 - [TEST_STEP][PASSED] - delay(4): Delayed 4 second(s)

2023-01-06 17:49:23 - [MESSAGE][PASSED] - Delayed 4 second(s)

2023-01-06 17:49:23 - [TEST_STEP][PASSED] - verifyElementVisible(findTestObject("06-Teams/span_GG Automation")): Object 'Object Repository/06-Teams/span_GG Automation' is visible

2023-01-06 17:49:25 - [MESSAGE][PASSED] - Object 'Object Repository/06-Teams/span_GG Automation' is visible

2023-01-06 17:49:25 - [TEST_STEP][PASSED] - delay(5): Delayed 5 second(s)

2023-01-06 17:49:30 - [MESSAGE][PASSED] - Delayed 5 second(s)

2023-01-06 17:49:30 - [TEST_STEP][PASSED] - click(findTestObject("03-Header Menu/Hamburger Button/div_Settings")): Object: 'Object Repository/03-Header Menu/Hamburger Button/div_Settings' is clicked on

2023-01-06 17:49:31 - [MESSAGE][PASSED] - Object: 'Object Repository/03-Header Menu/Hamburger Button/div_Settings' is clicked on

2023-01-06 17:49:31 - [TEST_STEP][PASSED] - delay(3): Delayed 3 second(s)

2023-01-06 17:49:34 - [MESSAGE][PASSED] - Delayed 3 second(s)

2023-01-06 17:49:34 - [TEST_STEP][PASSED] - scrollToElement(findTestObject("09-Settings/Users/div_Users"), 0): Scroll to object 'Object Repository/09-Settings/Users/div_Users' successfully

2023-01-06 17:49:34 - [MESSAGE][WARNING] - Timeout '0' is invalid. Using default page load timeout: '30'

2023-01-06 17:49:34 - [MESSAGE][PASSED] - Scroll to object 'Object Repository/09-Settings/Users/div_Users' successfully

2023-01-06 17:49:34 - [TEST_STEP][PASSED] - click(findTestObject("09-Settings/Users/div_Users")): Object: 'Object Repository/09-Settings/Users/div_Users' is clicked on

2023-01-06 17:49:37 - [MESSAGE][PASSED] - Object: 'Object Repository/09-Settings/Users/div_Users' is clicked on

2023-01-06 17:49:37 - [TEST_STEP][PASSED] - delay(3): Delayed 3 second(s)

2023-01-06 17:49:40 - [MESSAGE][PASSED] - Delayed 3 second(s)

2023-01-06 17:49:40 - [TEST_STEP][PASSED] - click(findTestObject("09-Settings/Users/button_add")): Object: 'Object Repository/09-Settings/Users/button_add' is clicked on

2023-01-06 17:49:41 - [MESSAGE][PASSED] - Object: 'Object Repository/09-Settings/Users/button_add' is clicked on

2023-01-06 17:49:41 - [TEST_STEP][PASSED] - delay(3): Delayed 3 second(s)

2023-01-06 17:49:44 - [MESSAGE][PASSED] - Delayed 3 second(s)

2023-01-06 17:49:44 - [TEST_STEP][PASSED] - click(findTestObject("09-Settings/Users/add Invite a single user")): Object: 'Object Repository/09-Settings/Users/add Invite a single user' is clicked on

2023-01-06 17:49:45 - [MESSAGE][PASSED] - Object: 'Object Repository/09-Settings/Users/add Invite a single user' is clicked on

2023-01-06 17:49:45 - [TEST_STEP][PASSED] - delay(3): Delayed 3 second(s)

2023-01-06 17:49:48 - [MESSAGE][PASSED] - Delayed 3 second(s)

2023-01-06 17:49:48 - [TEST_STEP][PASSED] - setText(findTestObject("09-Settings/Users/input_email"), "autotester10@mailinator.com"): Text 'autotester10@mailinator.com' is set on object 'Object Repository/09-Settings/Users/input_email'

2023-01-06 17:49:50 - [MESSAGE][PASSED] - Text 'autotester10@mailinator.com' is set on object 'Object Repository/09-Settings/Users/input_email'

2023-01-06 17:49:50 - [TEST_STEP][PASSED] - setText(findTestObject("09-Settings/Users/input_firstName"), "GG"): Text 'GG' is set on object 'Object Repository/09-Settings/Users/input_firstName'

2023-01-06 17:49:52 - [MESSAGE][PASSED] - Text 'GG' is set on object 'Object Repository/09-Settings/Users/input_firstName'

2023-01-06 17:49:52 - [TEST_STEP][PASSED] - setText(findTestObject("09-Settings/Users/input_lastName"), "Partner"): Text 'Partner' is set on object 'Object Repository/09-Settings/Users/input_lastName'

2023-01-06 17:49:55 - [MESSAGE][PASSED] - Text 'Partner' is set on object 'Object Repository/09-Settings/Users/input_lastName'

2023-01-06 17:49:55 - [TEST_STEP][PASSED] - click(findTestObject("09-Settings/Users/span_Role")): Object: 'Object Repository/09-Settings/Users/span_Role' is clicked on

2023-01-06 17:49:56 - [MESSAGE][PASSED] - Object: 'Object Repository/09-Settings/Users/span_Role' is clicked on

2023-01-06 17:49:56 - [TEST_STEP][PASSED] - click(findTestObject("09-Settings/Users/span_Partner")): Object: 'Object Repository/09-Settings/Users/span_Partner' is clicked on

2023-01-06 17:49:57 - [MESSAGE][PASSED] - Object: 'Object Repository/09-Settings/Users/span_Partner' is clicked on

2023-01-06 17:49:57 - [TEST_STEP][PASSED] - click(findTestObject("09-Settings/Users/button_Send Invitation")): Object: 'Object Repository/09-Settings/Users/button_Send Invitation' is clicked on

2023-01-06 17:49:58 - [MESSAGE][PASSED] - Object: 'Object Repository/09-Settings/Users/button_Send Invitation' is clicked on

2023-01-06 17:49:58 - [TEST_STEP][PASSED] - delay(2): Delayed 2 second(s)

2023-01-06 17:50:00 - [MESSAGE][PASSED] - Delayed 2 second(s)

2023-01-06 17:50:00 - [TEST_STEP][PASSED] - verifyElementVisible(findTestObject("07-Directory/Connections/zContact Profile/Successfully invited user")): Object 'Object Repository/07-Directory/Connections/zContact Profile/Successfully invited user' is visible

2023-01-06 17:50:03 - [MESSAGE][PASSED] - Object 'Object Repository/07-Directory/Connections/zContact Profile/Successfully invited user' is visible

2023-01-06 17:50:03 - [TEST_STEP][PASSED] - delay(2): Delayed 2 second(s)

2023-01-06 17:50:05 - [MESSAGE][PASSED] - Delayed 2 second(s)

2023-01-06 17:50:05 - [TEST_STEP][PASSED] - click(findTestObject("01-Login and Forgot Password/User menu drop")): Object: 'Object Repository/01-Login and Forgot Password/User menu drop' is clicked on

2023-01-06 17:50:06 - [MESSAGE][PASSED] - Object: 'Object Repository/01-Login and Forgot Password/User menu drop' is clicked on

2023-01-06 17:50:06 - [TEST_STEP][PASSED] - delay(2): Delayed 2 second(s)

2023-01-06 17:50:08 - [MESSAGE][PASSED] - Delayed 2 second(s)

2023-01-06 17:50:08 - [TEST_STEP][PASSED] - click(findTestObject("01-Login and Forgot Password/h4_Sign Out"), STOP_ON_FAILURE): Object: 'Object Repository/01-Login and Forgot Password/h4_Sign Out' is clicked on

2023-01-06 17:50:09 - [MESSAGE][PASSED] - Object: 'Object Repository/01-Login and Forgot Password/h4_Sign Out' is clicked on

2023-01-06 17:50:09 - [TEST_STEP][PASSED] - delay(2): Delayed 2 second(s)

2023-01-06 17:50:11 - [MESSAGE][PASSED] - Delayed 2 second(s)

2023-01-06 17:50:11 - [TEST_STEP][PASSED] - verifyElementPresent(findTestObject("01-Login and Forgot Password/Login_Card"), 0): Object 'Object Repository/01-Login and Forgot Password/Login_Card' is present

2023-01-06 17:50:12 - [MESSAGE][WARNING] - Timeout '0' is invalid. Using default page load timeout: '30'

2023-01-06 17:50:12 - [MESSAGE][PASSED] - Object 'Object Repository/01-Login and Forgot Password/Login_Card' is present

2023-01-06 17:50:12 - [TEST_STEP][PASSED] - delay(3): Delayed 3 second(s)

2023-01-06 17:50:15 - [MESSAGE][PASSED] - Delayed 3 second(s)

2023-01-06 17:50:15 - [TEST_STEP][PASSED] - closeBrowser(): Browser is closed

2023-01-06 17:50:17 - [MESSAGE][PASSED] - Browser is closed

2023-01-06 17:50:17 - [TEST_STEP][PASSED] - openBrowser(""): Browser is opened with url: ''

2023-01-06 17:50:17 - [MESSAGE][INFO] - Starting 'Chrome' driver

2023-01-06 17:50:17 - [MESSAGE][INFO] - Action delay is set to 0 milliseconds

2023-01-06 17:50:20 - [MESSAGE][PASSED] - Browser is opened with url: ''

2023-01-06 17:50:20 - [TEST_STEP][PASSED] - navigateToUrl("https://lab.everleagues.com/"): Navigate to 'https://lab.everleagues.com/' successfully

2023-01-06 17:50:44 - [MESSAGE][PASSED] - Navigate to 'https://lab.everleagues.com/' successfully

2023-01-06 17:50:44 - [TEST_STEP][PASSED] - maximizeWindow(): Current window maximized

2023-01-06 17:50:44 - [MESSAGE][PASSED] - Current window maximized

2023-01-06 17:50:44 - [TEST_STEP][PASSED] - setText(findTestObject("02-Side Icons(Organization)/Add Contact/Email Field"), "autotester10@mailinator.com"): Text 'autotester10@mailinator.com' is set on object 'Object Repository/02-Side Icons(Organization)/Add Contact/Email Field'

2023-01-06 17:50:46 - [MESSAGE][PASSED] - Text 'autotester10@mailinator.com' is set on object 'Object Repository/02-Side Icons(Organization)/Add Contact/Email Field'

2023-01-06 17:50:46 - [TEST_STEP][PASSED] - setEncryptedText(findTestObject("02-Side Icons(Organization)/Add Contact/Password Field"), "8yFRyszE6U6jvsCn51OQbg=="): Text ****** has been set on object 'Object Repository/02-Side Icons(Organization)/Add Contact/Password Field'

2023-01-06 17:50:47 - [MESSAGE][PASSED] - Text ****** has been set on object 'Object Repository/02-Side Icons(Organization)/Add Contact/Password Field'

2023-01-06 17:50:47 - [TEST_STEP][PASSED] - click(findTestObject("02-Side Icons(Organization)/Add Contact/button_Sign in")): Object: 'Object Repository/02-Side Icons(Organization)/Add Contact/button_Sign in' is clicked on

2023-01-06 17:50:48 - [MESSAGE][PASSED] - Object: 'Object Repository/02-Side Icons(Organization)/Add Contact/button_Sign in' is clicked on

2023-01-06 17:50:48 - [TEST_STEP][PASSED] - delay(2): Delayed 2 second(s)

2023-01-06 17:50:50 - [MESSAGE][PASSED] - Delayed 2 second(s)

2023-01-06 17:50:51 - [TEST_STEP][PASSED] - click(findTestObject("06-Teams/For 2FA/button_Confirm_2FA")): Object: 'Object Repository/06-Teams/For 2FA/button_Confirm_2FA' is clicked on

2023-01-06 17:50:51 - [MESSAGE][PASSED] - Object: 'Object Repository/06-Teams/For 2FA/button_Confirm_2FA' is clicked on

2023-01-06 17:50:51 - [TEST_STEP][PASSED] - executeJavaScript("window.open();", []): Execute JavaScript 'window.open();' successfully

2023-01-06 17:50:52 - [MESSAGE][PASSED] - Execute JavaScript 'window.open();' successfully

2023-01-06 17:50:52 - [TEST_STEP][PASSED] - currentWindow = getWindowIndex(): Current window's index is: 0

2023-01-06 17:50:52 - [MESSAGE][PASSED] - Current window's index is: 0

2023-01-06 17:50:52 - [TEST_STEP][PASSED] - delay(3): Delayed 3 second(s)

2023-01-06 17:50:55 - [MESSAGE][PASSED] - Delayed 3 second(s)

2023-01-06 17:50:55 - [TEST_STEP][PASSED] - switchToWindowIndex(currentWindow + 1): Switched to window with index: '1'

2023-01-06 17:50:56 - [MESSAGE][PASSED] - Switched to window with index: '1'

2023-01-06 17:50:56 - [TEST_STEP][PASSED] - navigateToUrl("https://www.mailinator.com/"): Navigate to 'https://www.mailinator.com/' successfully

2023-01-06 17:51:04 - [MESSAGE][PASSED] - Navigate to 'https://www.mailinator.com/' successfully

2023-01-06 17:51:04 - [TEST_STEP][PASSED] - delay(3): Delayed 3 second(s)

2023-01-06 17:51:07 - [MESSAGE][PASSED] - Delayed 3 second(s)

2023-01-06 17:51:07 - [TEST_STEP][PASSED] - setText(findTestObject("00-Signup and Activation/zMailinator/input_LOGIN_search"), "autotester10@mailinator.com"): Text 'autotester10@mailinator.com' is set on object 'Object Repository/00-Signup and Activation/zMailinator/input_LOGIN_search'

2023-01-06 17:51:09 - [MESSAGE][PASSED] - Text 'autotester10@mailinator.com' is set on object 'Object Repository/00-Signup and Activation/zMailinator/input_LOGIN_search'

2023-01-06 17:51:09 - [TEST_STEP][PASSED] - click(findTestObject("00-Signup and Activation/zMailinator/gobutton"), STOP_ON_FAILURE): Object: 'Object Repository/00-Signup and Activation/zMailinator/gobutton' is clicked on

2023-01-06 17:51:13 - [MESSAGE][PASSED] - Object: 'Object Repository/00-Signup and Activation/zMailinator/gobutton' is clicked on

2023-01-06 17:51:13 - [TEST_STEP][PASSED] - delay(3): Delayed 3 second(s)

2023-01-06 17:51:16 - [MESSAGE][PASSED] - Delayed 3 second(s)

2023-01-06 17:51:16 - [TEST_STEP][PASSED] - click(findTestObject("00-Signup and Activation/zMailinator/Email - everleagues")): Object: 'Object Repository/00-Signup and Activation/zMailinator/Email - everleagues' is clicked on

2023-01-06 17:51:18 - [MESSAGE][PASSED] - Object: 'Object Repository/00-Signup and Activation/zMailinator/Email - everleagues' is clicked on

2023-01-06 17:51:19 - [TEST_STEP][PASSED] - delay(3): Delayed 3 second(s)

2023-01-06 17:51:22 - [MESSAGE][PASSED] - Delayed 3 second(s)

2023-01-06 17:51:22 - [TEST_STEP][PASSED] - codetwo = getText(findTestObject("Object Repository/06-Teams/For 2FA/2FA code")): Text of object 'Object Repository/06-Teams/For 2FA/2FA code' is: '803146'

2023-01-06 17:51:22 - [MESSAGE][PASSED] - Text of object 'Object Repository/06-Teams/For 2FA/2FA code' is: '803146'

2023-01-06 17:51:23 - [TEST_STEP][PASSED] - delay(3): Delayed 3 second(s)

2023-01-06 17:51:26 - [MESSAGE][PASSED] - Delayed 3 second(s)

2023-01-06 17:51:26 - [TEST_STEP][PASSED] - closeWindowTitle("Mailinator"): Window with title: 'Mailinator' is closed

2023-01-06 17:51:26 - [MESSAGE][PASSED] - Window with title: 'Mailinator' is closed

2023-01-06 17:51:26 - [TEST_STEP][PASSED] - delay(3): Delayed 3 second(s)

2023-01-06 17:51:29 - [MESSAGE][PASSED] - Delayed 3 second(s)

2023-01-06 17:51:29 - [TEST_STEP][PASSED] - switchToWindowIndex(0): Switched to window with index: '0'

2023-01-06 17:51:29 - [MESSAGE][PASSED] - Switched to window with index: '0'

2023-01-06 17:51:29 - [TEST_STEP][PASSED] - delay(3): Delayed 3 second(s)

2023-01-06 17:51:32 - [MESSAGE][PASSED] - Delayed 3 second(s)

2023-01-06 17:51:32 - [TEST_STEP][PASSED] - setText(findTestObject("Object Repository/06-Teams/For 2FA/input_Enter verification code_code"), codetwo): Text '803146' is set on object 'Object Repository/06-Teams/For 2FA/input_Enter verification code_code'

2023-01-06 17:51:34 - [MESSAGE][PASSED] - Text '803146' is set on object 'Object Repository/06-Teams/For 2FA/input_Enter verification code_code'

2023-01-06 17:51:34 - [TEST_STEP][PASSED] - delay(3): Delayed 3 second(s)

2023-01-06 17:51:37 - [MESSAGE][PASSED] - Delayed 3 second(s)

2023-01-06 17:51:37 - [TEST_STEP][PASSED] - click(findTestObject("06-Teams/For 2FA/button_Verify_2FA")): Object: 'Object Repository/06-Teams/For 2FA/button_Verify_2FA' is clicked on

2023-01-06 17:51:38 - [MESSAGE][PASSED] - Object: 'Object Repository/06-Teams/For 2FA/button_Verify_2FA' is clicked on

2023-01-06 17:51:38 - [TEST_STEP][PASSED] - delay(5): Delayed 5 second(s)

2023-01-06 17:51:43 - [MESSAGE][PASSED] - Delayed 5 second(s)

2023-01-06 17:51:43 - [TEST_STEP][PASSED] - executeJavaScript("window.open();", []): Execute JavaScript 'window.open();' successfully

2023-01-06 17:51:43 - [MESSAGE][PASSED] - Execute JavaScript 'window.open();' successfully

2023-01-06 17:51:43 - [TEST_STEP][PASSED] - currentWindow = getWindowIndex(): Current window's index is: 0

2023-01-06 17:51:44 - [MESSAGE][PASSED] - Current window's index is: 0

2023-01-06 17:51:44 - [TEST_STEP][PASSED] - delay(3): Delayed 3 second(s)

2023-01-06 17:51:47 - [MESSAGE][PASSED] - Delayed 3 second(s)

2023-01-06 17:51:47 - [TEST_STEP][PASSED] - switchToWindowIndex(currentWindow + 1): Switched to window with index: '1'

2023-01-06 17:51:47 - [MESSAGE][PASSED] - Switched to window with index: '1'

2023-01-06 17:51:47 - [TEST_STEP][PASSED] - navigateToUrl("https://www.mailinator.com/"): Navigate to 'https://www.mailinator.com/' successfully

2023-01-06 17:51:52 - [MESSAGE][PASSED] - Navigate to 'https://www.mailinator.com/' successfully

2023-01-06 17:51:52 - [TEST_STEP][PASSED] - delay(3): Delayed 3 second(s)

2023-01-06 17:51:55 - [MESSAGE][PASSED] - Delayed 3 second(s)

2023-01-06 17:51:55 - [TEST_STEP][PASSED] - setText(findTestObject("00-Signup and Activation/zMailinator/input_LOGIN_search"), "autotester10@mailinator.com"): Text 'autotester10@mailinator.com' is set on object 'Object Repository/00-Signup and Activation/zMailinator/input_LOGIN_search'

2023-01-06 17:51:56 - [MESSAGE][PASSED] - Text 'autotester10@mailinator.com' is set on object 'Object Repository/00-Signup and Activation/zMailinator/input_LOGIN_search'

2023-01-06 17:51:56 - [TEST_STEP][PASSED] - click(findTestObject("00-Signup and Activation/zMailinator/gobutton"), STOP_ON_FAILURE): Object: 'Object Repository/00-Signup and Activation/zMailinator/gobutton' is clicked on

2023-01-06 17:51:58 - [MESSAGE][PASSED] - Object: 'Object Repository/00-Signup and Activation/zMailinator/gobutton' is clicked on

2023-01-06 17:51:58 - [TEST_STEP][PASSED] - delay(3): Delayed 3 second(s)

2023-01-06 17:52:01 - [MESSAGE][PASSED] - Delayed 3 second(s)

2023-01-06 17:52:01 - [TEST_STEP][PASSED] - closeWindowTitle("Everleagues"): Window with title: 'Everleagues' is closed

2023-01-06 17:52:02 - [MESSAGE][PASSED] - Window with title: 'Everleagues' is closed

2023-01-06 17:52:02 - [TEST_STEP][PASSED] - switchToWindowIndex(0): Switched to window with index: '0'

2023-01-06 17:52:02 - [MESSAGE][PASSED] - Switched to window with index: '0'

2023-01-06 17:52:02 - [TEST_STEP][PASSED] - click(findTestObject("09-Settings/Users/Co worker/td_Invitation from GG Automation")): Object: 'Object Repository/09-Settings/Users/Co worker/td_Invitation from GG Automation' is clicked on

2023-01-06 17:52:03 - [MESSAGE][PASSED] - Object: 'Object Repository/09-Settings/Users/Co worker/td_Invitation from GG Automation' is clicked on

2023-01-06 17:52:03 - [TEST_STEP][PASSED] - click(findTestObject("09-Settings/Users/Co worker/a_Click here to join GG Automation on EverLeagues")): Object: 'Object Repository/09-Settings/Users/Co worker/a_Click here to join GG Automation on EverLeagues' is clicked on

2023-01-06 17:52:04 - [MESSAGE][PASSED] - Object: 'Object Repository/09-Settings/Users/Co worker/a_Click here to join GG Automation on EverLeagues' is clicked on

2023-01-06 17:52:04 - [TEST_STEP][PASSED] - closeWindowTitle("Mailinator"): Window with title: 'Mailinator' is closed

2023-01-06 17:52:05 - [MESSAGE][PASSED] - Window with title: 'Mailinator' is closed

2023-01-06 17:52:05 - [TEST_STEP][PASSED] - switchToWindowIndex(0): Switched to window with index: '0'

2023-01-06 17:52:05 - [MESSAGE][PASSED] - Switched to window with index: '0'

2023-01-06 17:52:05 - [TEST_STEP][PASSED] - verifyElementVisible(findTestObject("09-Settings/Users/Client/Invite modal")): Object 'Object Repository/09-Settings/Users/Client/Invite modal' is visible

2023-01-06 17:52:28 - [MESSAGE][PASSED] - Object 'Object Repository/09-Settings/Users/Client/Invite modal' is visible

2023-01-06 17:52:28 - [TEST_STEP][PASSED] - setText(findTestObject("09-Settings/Users/Client/Company field"), "QA Company"): Text 'QA Company' is set on object 'Object Repository/09-Settings/Users/Client/Company field'

2023-01-06 17:52:30 - [MESSAGE][PASSED] - Text 'QA Company' is set on object 'Object Repository/09-Settings/Users/Client/Company field'

2023-01-06 17:52:30 - [TEST_STEP][PASSED] - click(findTestObject("09-Settings/Users/Client/button_Accept")): Object: 'Object Repository/09-Settings/Users/Client/button_Accept' is clicked on

2023-01-06 17:52:30 - [MESSAGE][PASSED] - Object: 'Object Repository/09-Settings/Users/Client/button_Accept' is clicked on

2023-01-06 17:52:30 - [TEST_STEP][PASSED] - delay(5): Delayed 5 second(s)

2023-01-06 17:52:35 - [MESSAGE][PASSED] - Delayed 5 second(s)

2023-01-06 17:52:35 - [TEST_STEP][PASSED] - verifyElementVisible(findTestObject("09-Settings/Users/div_Joined as Partner")): Object 'Object Repository/09-Settings/Users/div_Joined as Partner' is visible

2023-01-06 17:52:38 - [MESSAGE][PASSED] - Object 'Object Repository/09-Settings/Users/div_Joined as Partner' is visible

2023-01-06 17:52:38 - [TEST_STEP][PASSED] - delay(3): Delayed 3 second(s)

2023-01-06 17:52:41 - [MESSAGE][PASSED] - Delayed 3 second(s)

2023-01-06 17:52:41 - [TEST_STEP][PASSED] - closeBrowser(): Browser is closed

2023-01-06 17:52:43 - [MESSAGE][PASSED] - Browser is closed]]></system-out>
         <system-err><![CDATA[]]></system-err>
      </testcase>
      <testcase name="Test Cases/09-Settings/05 - Users (Invite batch of users via CSV file)" time="153.068" classname="Test Cases/09-Settings/05 - Users (Invite batch of users via CSV file)" status="PASSED">
         <system-out><![CDATA[2023-01-06 17:52:43 - [TEST_CASE][PASSED] - Test Cases/09-Settings/05 - Users (Invite batch of users via CSV file): Test Cases/09-Settings/05 - Users (Invite batch of users via CSV file)

2023-01-06 17:52:46 - [TEST_STEP][PASSED] - openBrowser(""): Browser is opened with url: ''

2023-01-06 17:52:46 - [MESSAGE][INFO] - Starting 'Chrome' driver

2023-01-06 17:52:46 - [MESSAGE][INFO] - Action delay is set to 0 milliseconds

2023-01-06 17:52:51 - [MESSAGE][PASSED] - Browser is opened with url: ''

2023-01-06 17:52:51 - [TEST_STEP][PASSED] - navigateToUrl("https://lab.everleagues.com/"): Navigate to 'https://lab.everleagues.com/' successfully

2023-01-06 17:53:13 - [MESSAGE][PASSED] - Navigate to 'https://lab.everleagues.com/' successfully

2023-01-06 17:53:13 - [TEST_STEP][PASSED] - maximizeWindow(): Current window maximized

2023-01-06 17:53:14 - [MESSAGE][PASSED] - Current window maximized

2023-01-06 17:53:14 - [TEST_STEP][PASSED] - setText(findTestObject("02-Side Icons(Organization)/Add Contact/Email Field"), "testuser02@mailinator.com"): Text 'testuser02@mailinator.com' is set on object 'Object Repository/02-Side Icons(Organization)/Add Contact/Email Field'

2023-01-06 17:53:16 - [MESSAGE][PASSED] - Text 'testuser02@mailinator.com' is set on object 'Object Repository/02-Side Icons(Organization)/Add Contact/Email Field'

2023-01-06 17:53:16 - [TEST_STEP][PASSED] - setEncryptedText(findTestObject("02-Side Icons(Organization)/Add Contact/Password Field"), "8yFRyszE6U6jvsCn51OQbg=="): Text ****** has been set on object 'Object Repository/02-Side Icons(Organization)/Add Contact/Password Field'

2023-01-06 17:53:17 - [MESSAGE][PASSED] - Text ****** has been set on object 'Object Repository/02-Side Icons(Organization)/Add Contact/Password Field'

2023-01-06 17:53:17 - [TEST_STEP][PASSED] - click(findTestObject("02-Side Icons(Organization)/Add Contact/button_Sign in")): Object: 'Object Repository/02-Side Icons(Organization)/Add Contact/button_Sign in' is clicked on

2023-01-06 17:53:18 - [MESSAGE][PASSED] - Object: 'Object Repository/02-Side Icons(Organization)/Add Contact/button_Sign in' is clicked on

2023-01-06 17:53:18 - [TEST_STEP][PASSED] - delay(2): Delayed 2 second(s)

2023-01-06 17:53:20 - [MESSAGE][PASSED] - Delayed 2 second(s)

2023-01-06 17:53:20 - [TEST_STEP][PASSED] - click(findTestObject("06-Teams/For 2FA/button_Confirm_2FA")): Object: 'Object Repository/06-Teams/For 2FA/button_Confirm_2FA' is clicked on

2023-01-06 17:53:21 - [MESSAGE][PASSED] - Object: 'Object Repository/06-Teams/For 2FA/button_Confirm_2FA' is clicked on

2023-01-06 17:53:21 - [TEST_STEP][PASSED] - executeJavaScript("window.open();", []): Execute JavaScript 'window.open();' successfully

2023-01-06 17:53:21 - [MESSAGE][PASSED] - Execute JavaScript 'window.open();' successfully

2023-01-06 17:53:21 - [TEST_STEP][PASSED] - currentWindow = getWindowIndex(): Current window's index is: 0

2023-01-06 17:53:21 - [MESSAGE][PASSED] - Current window's index is: 0

2023-01-06 17:53:21 - [TEST_STEP][PASSED] - delay(3): Delayed 3 second(s)

2023-01-06 17:53:25 - [MESSAGE][PASSED] - Delayed 3 second(s)

2023-01-06 17:53:25 - [TEST_STEP][PASSED] - switchToWindowIndex(currentWindow + 1): Switched to window with index: '1'

2023-01-06 17:53:25 - [MESSAGE][PASSED] - Switched to window with index: '1'

2023-01-06 17:53:25 - [TEST_STEP][PASSED] - navigateToUrl("https://www.mailinator.com/"): Navigate to 'https://www.mailinator.com/' successfully

2023-01-06 17:53:35 - [MESSAGE][PASSED] - Navigate to 'https://www.mailinator.com/' successfully

2023-01-06 17:53:35 - [TEST_STEP][PASSED] - delay(3): Delayed 3 second(s)

2023-01-06 17:53:38 - [MESSAGE][PASSED] - Delayed 3 second(s)

2023-01-06 17:53:38 - [TEST_STEP][PASSED] - setText(findTestObject("00-Signup and Activation/zMailinator/input_LOGIN_search"), "testuser02@mailinator.com"): Text 'testuser02@mailinator.com' is set on object 'Object Repository/00-Signup and Activation/zMailinator/input_LOGIN_search'

2023-01-06 17:53:40 - [MESSAGE][PASSED] - Text 'testuser02@mailinator.com' is set on object 'Object Repository/00-Signup and Activation/zMailinator/input_LOGIN_search'

2023-01-06 17:53:40 - [TEST_STEP][PASSED] - click(findTestObject("00-Signup and Activation/zMailinator/gobutton"), STOP_ON_FAILURE): Object: 'Object Repository/00-Signup and Activation/zMailinator/gobutton' is clicked on

2023-01-06 17:53:42 - [MESSAGE][PASSED] - Object: 'Object Repository/00-Signup and Activation/zMailinator/gobutton' is clicked on

2023-01-06 17:53:42 - [TEST_STEP][PASSED] - delay(3): Delayed 3 second(s)

2023-01-06 17:53:45 - [MESSAGE][PASSED] - Delayed 3 second(s)

2023-01-06 17:53:45 - [TEST_STEP][PASSED] - click(findTestObject("00-Signup and Activation/zMailinator/Email - everleagues")): Object: 'Object Repository/00-Signup and Activation/zMailinator/Email - everleagues' is clicked on

2023-01-06 17:53:46 - [MESSAGE][PASSED] - Object: 'Object Repository/00-Signup and Activation/zMailinator/Email - everleagues' is clicked on

2023-01-06 17:53:46 - [TEST_STEP][PASSED] - delay(3): Delayed 3 second(s)

2023-01-06 17:53:49 - [MESSAGE][PASSED] - Delayed 3 second(s)

2023-01-06 17:53:49 - [TEST_STEP][PASSED] - code = getText(findTestObject("Object Repository/06-Teams/For 2FA/2FA code")): Text of object 'Object Repository/06-Teams/For 2FA/2FA code' is: '861217'

2023-01-06 17:53:50 - [MESSAGE][PASSED] - Text of object 'Object Repository/06-Teams/For 2FA/2FA code' is: '861217'

2023-01-06 17:53:50 - [TEST_STEP][PASSED] - delay(3): Delayed 3 second(s)

2023-01-06 17:53:53 - [MESSAGE][PASSED] - Delayed 3 second(s)

2023-01-06 17:53:53 - [TEST_STEP][PASSED] - closeWindowTitle("Mailinator"): Window with title: 'Mailinator' is closed

2023-01-06 17:53:54 - [MESSAGE][PASSED] - Window with title: 'Mailinator' is closed

2023-01-06 17:53:54 - [TEST_STEP][PASSED] - delay(3): Delayed 3 second(s)

2023-01-06 17:53:57 - [MESSAGE][PASSED] - Delayed 3 second(s)

2023-01-06 17:53:57 - [TEST_STEP][PASSED] - switchToWindowIndex(0): Switched to window with index: '0'

2023-01-06 17:53:57 - [MESSAGE][PASSED] - Switched to window with index: '0'

2023-01-06 17:53:57 - [TEST_STEP][PASSED] - delay(3): Delayed 3 second(s)

2023-01-06 17:54:00 - [MESSAGE][PASSED] - Delayed 3 second(s)

2023-01-06 17:54:00 - [TEST_STEP][PASSED] - setText(findTestObject("Object Repository/06-Teams/For 2FA/input_Enter verification code_code"), code): Text '861217' is set on object 'Object Repository/06-Teams/For 2FA/input_Enter verification code_code'

2023-01-06 17:54:01 - [MESSAGE][PASSED] - Text '861217' is set on object 'Object Repository/06-Teams/For 2FA/input_Enter verification code_code'

2023-01-06 17:54:01 - [TEST_STEP][PASSED] - delay(3): Delayed 3 second(s)

2023-01-06 17:54:04 - [MESSAGE][PASSED] - Delayed 3 second(s)

2023-01-06 17:54:04 - [TEST_STEP][PASSED] - click(findTestObject("06-Teams/For 2FA/button_Verify_2FA")): Object: 'Object Repository/06-Teams/For 2FA/button_Verify_2FA' is clicked on

2023-01-06 17:54:05 - [MESSAGE][PASSED] - Object: 'Object Repository/06-Teams/For 2FA/button_Verify_2FA' is clicked on

2023-01-06 17:54:05 - [TEST_STEP][PASSED] - delay(5): Delayed 5 second(s)

2023-01-06 17:54:10 - [MESSAGE][PASSED] - Delayed 5 second(s)

2023-01-06 17:54:10 - [TEST_STEP][PASSED] - click(findTestObject("06-Teams/button_doublearrow")): Object: 'Object Repository/06-Teams/button_doublearrow' is clicked on

2023-01-06 17:54:13 - [MESSAGE][PASSED] - Object: 'Object Repository/06-Teams/button_doublearrow' is clicked on

2023-01-06 17:54:13 - [TEST_STEP][PASSED] - click(findTestObject("06-Teams/button_My Organizations")): Object: 'Object Repository/06-Teams/button_My Organizations' is clicked on

2023-01-06 17:54:14 - [MESSAGE][PASSED] - Object: 'Object Repository/06-Teams/button_My Organizations' is clicked on

2023-01-06 17:54:14 - [TEST_STEP][PASSED] - click(findTestObject("06-Teams/button_GG Automation")): Object: 'Object Repository/06-Teams/button_GG Automation' is clicked on

2023-01-06 17:54:15 - [MESSAGE][PASSED] - Object: 'Object Repository/06-Teams/button_GG Automation' is clicked on

2023-01-06 17:54:15 - [TEST_STEP][PASSED] - delay(4): Delayed 4 second(s)

2023-01-06 17:54:19 - [MESSAGE][PASSED] - Delayed 4 second(s)

2023-01-06 17:54:19 - [TEST_STEP][PASSED] - verifyElementVisible(findTestObject("06-Teams/span_GG Automation")): Object 'Object Repository/06-Teams/span_GG Automation' is visible

2023-01-06 17:54:20 - [MESSAGE][PASSED] - Object 'Object Repository/06-Teams/span_GG Automation' is visible

2023-01-06 17:54:20 - [TEST_STEP][PASSED] - delay(5): Delayed 5 second(s)

2023-01-06 17:54:25 - [MESSAGE][PASSED] - Delayed 5 second(s)

2023-01-06 17:54:25 - [TEST_STEP][PASSED] - click(findTestObject("03-Header Menu/Hamburger Button/div_Settings")): Object: 'Object Repository/03-Header Menu/Hamburger Button/div_Settings' is clicked on

2023-01-06 17:54:26 - [MESSAGE][PASSED] - Object: 'Object Repository/03-Header Menu/Hamburger Button/div_Settings' is clicked on

2023-01-06 17:54:26 - [TEST_STEP][PASSED] - delay(3): Delayed 3 second(s)

2023-01-06 17:54:29 - [MESSAGE][PASSED] - Delayed 3 second(s)

2023-01-06 17:54:29 - [TEST_STEP][PASSED] - scrollToElement(findTestObject("09-Settings/Users/div_Users"), 0): Scroll to object 'Object Repository/09-Settings/Users/div_Users' successfully

2023-01-06 17:54:29 - [MESSAGE][WARNING] - Timeout '0' is invalid. Using default page load timeout: '30'

2023-01-06 17:54:29 - [MESSAGE][PASSED] - Scroll to object 'Object Repository/09-Settings/Users/div_Users' successfully

2023-01-06 17:54:30 - [TEST_STEP][PASSED] - click(findTestObject("09-Settings/Users/div_Users")): Object: 'Object Repository/09-Settings/Users/div_Users' is clicked on

2023-01-06 17:54:33 - [MESSAGE][PASSED] - Object: 'Object Repository/09-Settings/Users/div_Users' is clicked on

2023-01-06 17:54:33 - [TEST_STEP][PASSED] - delay(3): Delayed 3 second(s)

2023-01-06 17:54:36 - [MESSAGE][PASSED] - Delayed 3 second(s)

2023-01-06 17:54:36 - [TEST_STEP][PASSED] - click(findTestObject("09-Settings/Users/button_add")): Object: 'Object Repository/09-Settings/Users/button_add' is clicked on

2023-01-06 17:54:37 - [MESSAGE][PASSED] - Object: 'Object Repository/09-Settings/Users/button_add' is clicked on

2023-01-06 17:54:37 - [TEST_STEP][PASSED] - delay(3): Delayed 3 second(s)

2023-01-06 17:54:40 - [MESSAGE][PASSED] - Delayed 3 second(s)

2023-01-06 17:54:40 - [TEST_STEP][PASSED] - click(findTestObject("09-Settings/Users/Invite batch of users via CSV file")): Object: 'Object Repository/09-Settings/Users/Invite batch of users via CSV file' is clicked on

2023-01-06 17:54:41 - [MESSAGE][PASSED] - Object: 'Object Repository/09-Settings/Users/Invite batch of users via CSV file' is clicked on

2023-01-06 17:54:41 - [TEST_STEP][PASSED] - verifyElementVisible(findTestObject("09-Settings/Users/CSV Invite/Import CSV File modal")): Object 'Object Repository/09-Settings/Users/CSV Invite/Import CSV File modal' is visible

2023-01-06 17:54:42 - [MESSAGE][PASSED] - Object 'Object Repository/09-Settings/Users/CSV Invite/Import CSV File modal' is visible

2023-01-06 17:54:42 - [TEST_STEP][PASSED] - verifyElementNotClickable(findTestObject("09-Settings/Users/CSV Invite/button_Import")): Object 'Object Repository/09-Settings/Users/CSV Invite/button_Import' is NOT clickable

2023-01-06 17:54:42 - [MESSAGE][PASSED] - Object 'Object Repository/09-Settings/Users/CSV Invite/button_Import' is NOT clickable

2023-01-06 17:54:43 - [TEST_STEP][PASSED] - delay(3): Delayed 3 second(s)

2023-01-06 17:54:46 - [MESSAGE][PASSED] - Delayed 3 second(s)

2023-01-06 17:54:46 - [TEST_STEP][PASSED] - uploadpackage.Upload.uploadFile(findTestObject("Object Repository/09-Settings/Users/CSV Invite/button_Choose File"), "C:\Users\asus\Desktop\EL automation\sample csv.csv"): uploadpackage.Upload.uploadFile is PASSED

2023-01-06 17:54:46 - [MESSAGE][PASSED] - Object: 'Object Repository/09-Settings/Users/CSV Invite/button_Choose File' is clicked on

2023-01-06 17:54:49 - [MESSAGE][PASSED] - uploadpackage.Upload.uploadFile is PASSED

2023-01-06 17:54:49 - [TEST_STEP][PASSED] - delay(3): Delayed 3 second(s)

2023-01-06 17:54:52 - [MESSAGE][PASSED] - Delayed 3 second(s)

2023-01-06 17:54:52 - [TEST_STEP][PASSED] - verifyElementVisible(findTestObject("09-Settings/Users/CSV Invite/div_Sample csv.csv")): Object 'Object Repository/09-Settings/Users/CSV Invite/div_Sample csv.csv' is visible

2023-01-06 17:54:54 - [MESSAGE][PASSED] - Object 'Object Repository/09-Settings/Users/CSV Invite/div_Sample csv.csv' is visible

2023-01-06 17:54:54 - [TEST_STEP][PASSED] - click(findTestObject("09-Settings/Users/CSV Invite/button_Import")): Object: 'Object Repository/09-Settings/Users/CSV Invite/button_Import' is clicked on

2023-01-06 17:54:55 - [MESSAGE][PASSED] - Object: 'Object Repository/09-Settings/Users/CSV Invite/button_Import' is clicked on

2023-01-06 17:54:55 - [TEST_STEP][PASSED] - delay(5): Delayed 5 second(s)

2023-01-06 17:55:00 - [MESSAGE][PASSED] - Delayed 5 second(s)

2023-01-06 17:55:00 - [TEST_STEP][PASSED] - verifyElementVisible(findTestObject("09-Settings/Users/CSV Invite/Success import modal")): Object 'Object Repository/09-Settings/Users/CSV Invite/Success import modal' is visible

2023-01-06 17:55:00 - [MESSAGE][PASSED] - Object 'Object Repository/09-Settings/Users/CSV Invite/Success import modal' is visible

2023-01-06 17:55:00 - [TEST_STEP][PASSED] - click(findTestObject("09-Settings/Users/CSV Invite/button_Close")): Object: 'Object Repository/09-Settings/Users/CSV Invite/button_Close' is clicked on

2023-01-06 17:55:01 - [MESSAGE][PASSED] - Object: 'Object Repository/09-Settings/Users/CSV Invite/button_Close' is clicked on

2023-01-06 17:55:01 - [TEST_STEP][PASSED] - click(findTestObject("09-Settings/Users/CSV Invite/Invited Users tab")): Object: 'Object Repository/09-Settings/Users/CSV Invite/Invited Users tab' is clicked on

2023-01-06 17:55:02 - [MESSAGE][PASSED] - Object: 'Object Repository/09-Settings/Users/CSV Invite/Invited Users tab' is clicked on

2023-01-06 17:55:02 - [TEST_STEP][PASSED] - delay(3): Delayed 3 second(s)

2023-01-06 17:55:05 - [MESSAGE][PASSED] - Delayed 3 second(s)

2023-01-06 17:55:05 - [TEST_STEP][PASSED] - verifyElementVisible(findTestObject("09-Settings/Users/CSV Invite/div_CTCSV test3")): Object 'Object Repository/09-Settings/Users/CSV Invite/div_CTCSV test3' is visible

2023-01-06 17:55:06 - [MESSAGE][PASSED] - Object 'Object Repository/09-Settings/Users/CSV Invite/div_CTCSV test3' is visible

2023-01-06 17:55:06 - [TEST_STEP][PASSED] - verifyElementVisible(findTestObject("09-Settings/Users/CSV Invite/div_autotester08mailinator.com")): Object 'Object Repository/09-Settings/Users/CSV Invite/div_autotester08mailinator.com' is visible

2023-01-06 17:55:07 - [MESSAGE][PASSED] - Object 'Object Repository/09-Settings/Users/CSV Invite/div_autotester08mailinator.com' is visible

2023-01-06 17:55:07 - [TEST_STEP][PASSED] - verifyElementVisible(findTestObject("09-Settings/Users/CSV Invite/div_Partner")): Object 'Object Repository/09-Settings/Users/CSV Invite/div_Partner' is visible

2023-01-06 17:55:08 - [MESSAGE][PASSED] - Object 'Object Repository/09-Settings/Users/CSV Invite/div_Partner' is visible

2023-01-06 17:55:08 - [TEST_STEP][PASSED] - verifyElementVisible(findTestObject("09-Settings/Users/CSV Invite/div_CTCSV test2")): Object 'Object Repository/09-Settings/Users/CSV Invite/div_CTCSV test2' is visible

2023-01-06 17:55:08 - [MESSAGE][PASSED] - Object 'Object Repository/09-Settings/Users/CSV Invite/div_CTCSV test2' is visible

2023-01-06 17:55:08 - [TEST_STEP][PASSED] - verifyElementVisible(findTestObject("09-Settings/Users/CSV Invite/div_autotester07mailinator.com")): Object 'Object Repository/09-Settings/Users/CSV Invite/div_autotester07mailinator.com' is visible

2023-01-06 17:55:09 - [MESSAGE][PASSED] - Object 'Object Repository/09-Settings/Users/CSV Invite/div_autotester07mailinator.com' is visible

2023-01-06 17:55:09 - [TEST_STEP][PASSED] - verifyElementVisible(findTestObject("09-Settings/Users/CSV Invite/div_Client")): Object 'Object Repository/09-Settings/Users/CSV Invite/div_Client' is visible

2023-01-06 17:55:10 - [MESSAGE][PASSED] - Object 'Object Repository/09-Settings/Users/CSV Invite/div_Client' is visible

2023-01-06 17:55:10 - [TEST_STEP][PASSED] - verifyElementVisible(findTestObject("09-Settings/Users/CSV Invite/div_CTCSV test1")): Object 'Object Repository/09-Settings/Users/CSV Invite/div_CTCSV test1' is visible

2023-01-06 17:55:10 - [MESSAGE][PASSED] - Object 'Object Repository/09-Settings/Users/CSV Invite/div_CTCSV test1' is visible

2023-01-06 17:55:10 - [TEST_STEP][PASSED] - verifyElementVisible(findTestObject("09-Settings/Users/CSV Invite/div_autotester06mailinator.com")): Object 'Object Repository/09-Settings/Users/CSV Invite/div_autotester06mailinator.com' is visible

2023-01-06 17:55:11 - [MESSAGE][PASSED] - Object 'Object Repository/09-Settings/Users/CSV Invite/div_autotester06mailinator.com' is visible

2023-01-06 17:55:11 - [TEST_STEP][PASSED] - verifyElementVisible(findTestObject("09-Settings/Users/CSV Invite/div_Coworker")): Object 'Object Repository/09-Settings/Users/CSV Invite/div_Coworker' is visible

2023-01-06 17:55:12 - [MESSAGE][PASSED] - Object 'Object Repository/09-Settings/Users/CSV Invite/div_Coworker' is visible

2023-01-06 17:55:12 - [TEST_STEP][PASSED] - delay(3): Delayed 3 second(s)

2023-01-06 17:55:15 - [MESSAGE][PASSED] - Delayed 3 second(s)

2023-01-06 17:55:15 - [TEST_STEP][PASSED] - closeBrowser(): Browser is closed

2023-01-06 17:55:16 - [MESSAGE][PASSED] - Browser is closed]]></system-out>
         <system-err><![CDATA[]]></system-err>
      </testcase>
      <system-out><![CDATA[2023-01-06 17:30:38 - [TEST_SUITE][PASSED] - 09.1 - Settings (Invite users): Test Cases/09-Settings/05 - Users (Invite batch of users via CSV file)]]></system-out>
      <system-err><![CDATA[]]></system-err>
   </testsuite>
</testsuites>
