<?xml version="1.0" encoding="UTF-8"?>
<testsuites name="09.3 - Settings (Invited users)" time="157.951" tests="3" failures="0" errors="0">
   <testsuite name="09.3 - Settings (Invited users)" tests="3" failures="0" errors="0" time="157.951" skipped="0" timestamp="2022-11-30 14:22:56" hostname="User - DESKTOP-QCRNR4M" id="Test Suites/TS-Organization/09.3 - Settings (Invited users)">
      <properties>
         <property name="deviceName" value=""/>
         <property name="devicePlatform" value=""/>
         <property name="logFolder" value="C:\\Users\\User\\Katalon Studio\\EverleaguesMain\\Reports\\20221130_142254\\TS-Organization\\09.3 - Settings (Invited users)\\20221130_142254"/>
         <property name="logFiles" value="C:\\Users\\User\\Katalon Studio\\EverleaguesMain\\Reports\\20221130_142254\\TS-Organization\\09.3 - Settings (Invited users)\\20221130_142254\\execution0.log"/>
         <property name="attachments" value=""/>
         <property name="hostName" value="User - DESKTOP-QCRNR4M"/>
         <property name="os" value="Windows 10 64bit"/>
         <property name="katalonVersion" value="8.4.1.208"/>
         <property name="browser" value="Chrome 107.0.0.0"/>
         <property name="hostAddress" value="192.168.5.124"/>
         <property name="sessionId" value="ab9b94df08dbfe20c653c0ab988c7ada"/>
         <property name="seleniumVersion" value="3.141.59"/>
         <property name="proxyInformation" value="ProxyInformation { proxyOption=NO_PROXY, proxyServerType=HTTP, username=, password=********, proxyServerAddress=, proxyServerPort=0, executionList=&quot;&quot;, isApplyToDesiredCapabilities=true }"/>
         <property name="platform" value="Windows 10"/>
      </properties>
      <testcase name="Test Cases/09-Settings/16 - Users (Invited User - Search)" time="109.411" classname="Test Cases/09-Settings/16 - Users (Invited User - Search)" status="PASSED">
         <system-out><![CDATA[2022-11-30 14:22:57 - [TEST_CASE][PASSED] - Test Cases/09-Settings/16 - Users (Invited User - Search): Test Cases/09-Settings/16 - Users (Invited User - Search)

2022-11-30 14:22:57 - [TEST_STEP][PASSED] - openBrowser(""): Browser is opened with url: ''

2022-11-30 14:22:57 - [MESSAGE][INFO] - Starting 'Chrome' driver

2022-11-30 14:22:57 - [MESSAGE][INFO] - Action delay is set to 0 milliseconds

2022-11-30 14:22:59 - [MESSAGE][PASSED] - Browser is opened with url: ''

2022-11-30 14:22:59 - [TEST_STEP][PASSED] - navigateToUrl("https://lab.everleagues.com/"): Navigate to 'https://lab.everleagues.com/' successfully

2022-11-30 14:23:26 - [MESSAGE][PASSED] - Navigate to 'https://lab.everleagues.com/' successfully

2022-11-30 14:23:26 - [TEST_STEP][PASSED] - maximizeWindow(): Current window maximized

2022-11-30 14:23:26 - [MESSAGE][PASSED] - Current window maximized

2022-11-30 14:23:26 - [TEST_STEP][PASSED] - setText(findTestObject("02-Side Icons(Organization)/Add Contact/Email Field"), "testuser02@mailinator.com"): Text 'testuser02@mailinator.com' is set on object 'Object Repository/02-Side Icons(Organization)/Add Contact/Email Field'

2022-11-30 14:23:27 - [MESSAGE][PASSED] - Text 'testuser02@mailinator.com' is set on object 'Object Repository/02-Side Icons(Organization)/Add Contact/Email Field'

2022-11-30 14:23:27 - [TEST_STEP][PASSED] - setEncryptedText(findTestObject("02-Side Icons(Organization)/Add Contact/Password Field"), "8yFRyszE6U6jvsCn51OQbg=="): Text ****** has been set on object 'Object Repository/02-Side Icons(Organization)/Add Contact/Password Field'

2022-11-30 14:23:28 - [MESSAGE][PASSED] - Text ****** has been set on object 'Object Repository/02-Side Icons(Organization)/Add Contact/Password Field'

2022-11-30 14:23:28 - [TEST_STEP][PASSED] - click(findTestObject("02-Side Icons(Organization)/Add Contact/button_Sign in")): Object: 'Object Repository/02-Side Icons(Organization)/Add Contact/button_Sign in' is clicked on

2022-11-30 14:23:28 - [MESSAGE][PASSED] - Object: 'Object Repository/02-Side Icons(Organization)/Add Contact/button_Sign in' is clicked on

2022-11-30 14:23:28 - [TEST_STEP][PASSED] - delay(2): Delayed 2 second(s)

2022-11-30 14:23:30 - [MESSAGE][PASSED] - Delayed 2 second(s)

2022-11-30 14:23:30 - [TEST_STEP][PASSED] - click(findTestObject("06-Teams/For 2FA/button_Confirm_2FA")): Object: 'Object Repository/06-Teams/For 2FA/button_Confirm_2FA' is clicked on

2022-11-30 14:23:31 - [MESSAGE][PASSED] - Object: 'Object Repository/06-Teams/For 2FA/button_Confirm_2FA' is clicked on

2022-11-30 14:23:31 - [TEST_STEP][PASSED] - executeJavaScript("window.open();", []): Execute JavaScript 'window.open();' successfully

2022-11-30 14:23:31 - [MESSAGE][PASSED] - Execute JavaScript 'window.open();' successfully

2022-11-30 14:23:31 - [TEST_STEP][PASSED] - currentWindow = getWindowIndex(): Current window's index is: 0

2022-11-30 14:23:31 - [MESSAGE][PASSED] - Current window's index is: 0

2022-11-30 14:23:31 - [TEST_STEP][PASSED] - delay(3): Delayed 3 second(s)

2022-11-30 14:23:34 - [MESSAGE][PASSED] - Delayed 3 second(s)

2022-11-30 14:23:34 - [TEST_STEP][PASSED] - switchToWindowIndex(currentWindow + 1): Switched to window with index: '1'

2022-11-30 14:23:34 - [MESSAGE][PASSED] - Switched to window with index: '1'

2022-11-30 14:23:34 - [TEST_STEP][PASSED] - navigateToUrl("https://www.mailinator.com/"): Navigate to 'https://www.mailinator.com/' successfully

2022-11-30 14:23:36 - [MESSAGE][PASSED] - Navigate to 'https://www.mailinator.com/' successfully

2022-11-30 14:23:36 - [TEST_STEP][PASSED] - delay(3): Delayed 3 second(s)

2022-11-30 14:23:39 - [MESSAGE][PASSED] - Delayed 3 second(s)

2022-11-30 14:23:39 - [TEST_STEP][PASSED] - setText(findTestObject("00-Signup and Activation/zMailinator/input_LOGIN_search"), "testuser02@mailinator.com"): Text 'testuser02@mailinator.com' is set on object 'Object Repository/00-Signup and Activation/zMailinator/input_LOGIN_search'

2022-11-30 14:23:40 - [MESSAGE][PASSED] - Text 'testuser02@mailinator.com' is set on object 'Object Repository/00-Signup and Activation/zMailinator/input_LOGIN_search'

2022-11-30 14:23:40 - [TEST_STEP][PASSED] - click(findTestObject("00-Signup and Activation/zMailinator/gobutton"), STOP_ON_FAILURE): Object: 'Object Repository/00-Signup and Activation/zMailinator/gobutton' is clicked on

2022-11-30 14:23:42 - [MESSAGE][PASSED] - Object: 'Object Repository/00-Signup and Activation/zMailinator/gobutton' is clicked on

2022-11-30 14:23:42 - [TEST_STEP][PASSED] - delay(3): Delayed 3 second(s)

2022-11-30 14:23:45 - [MESSAGE][PASSED] - Delayed 3 second(s)

2022-11-30 14:23:45 - [TEST_STEP][PASSED] - click(findTestObject("00-Signup and Activation/zMailinator/Email - everleagues")): Object: 'Object Repository/00-Signup and Activation/zMailinator/Email - everleagues' is clicked on

2022-11-30 14:23:45 - [MESSAGE][PASSED] - Object: 'Object Repository/00-Signup and Activation/zMailinator/Email - everleagues' is clicked on

2022-11-30 14:23:45 - [TEST_STEP][PASSED] - delay(3): Delayed 3 second(s)

2022-11-30 14:23:48 - [MESSAGE][PASSED] - Delayed 3 second(s)

2022-11-30 14:23:48 - [TEST_STEP][PASSED] - code = getText(findTestObject("Object Repository/06-Teams/For 2FA/2FA code")): Text of object 'Object Repository/06-Teams/For 2FA/2FA code' is: '302633'

2022-11-30 14:23:48 - [MESSAGE][PASSED] - Text of object 'Object Repository/06-Teams/For 2FA/2FA code' is: '302633'

2022-11-30 14:23:48 - [TEST_STEP][PASSED] - delay(3): Delayed 3 second(s)

2022-11-30 14:23:51 - [MESSAGE][PASSED] - Delayed 3 second(s)

2022-11-30 14:23:51 - [TEST_STEP][PASSED] - closeWindowTitle("Mailinator"): Window with title: 'Mailinator' is closed

2022-11-30 14:23:52 - [MESSAGE][PASSED] - Window with title: 'Mailinator' is closed

2022-11-30 14:23:52 - [TEST_STEP][PASSED] - delay(3): Delayed 3 second(s)

2022-11-30 14:23:55 - [MESSAGE][PASSED] - Delayed 3 second(s)

2022-11-30 14:23:55 - [TEST_STEP][PASSED] - switchToWindowIndex(0): Switched to window with index: '0'

2022-11-30 14:23:55 - [MESSAGE][PASSED] - Switched to window with index: '0'

2022-11-30 14:23:55 - [TEST_STEP][PASSED] - delay(3): Delayed 3 second(s)

2022-11-30 14:23:58 - [MESSAGE][PASSED] - Delayed 3 second(s)

2022-11-30 14:23:58 - [TEST_STEP][PASSED] - setText(findTestObject("Object Repository/06-Teams/For 2FA/input_Enter verification code_code"), code): Text '302633' is set on object 'Object Repository/06-Teams/For 2FA/input_Enter verification code_code'

2022-11-30 14:23:59 - [MESSAGE][PASSED] - Text '302633' is set on object 'Object Repository/06-Teams/For 2FA/input_Enter verification code_code'

2022-11-30 14:23:59 - [TEST_STEP][PASSED] - delay(3): Delayed 3 second(s)

2022-11-30 14:24:02 - [MESSAGE][PASSED] - Delayed 3 second(s)

2022-11-30 14:24:02 - [TEST_STEP][PASSED] - click(findTestObject("06-Teams/For 2FA/button_Verify_2FA")): Object: 'Object Repository/06-Teams/For 2FA/button_Verify_2FA' is clicked on

2022-11-30 14:24:02 - [MESSAGE][PASSED] - Object: 'Object Repository/06-Teams/For 2FA/button_Verify_2FA' is clicked on

2022-11-30 14:24:02 - [TEST_STEP][PASSED] - delay(5): Delayed 5 second(s)

2022-11-30 14:24:07 - [MESSAGE][PASSED] - Delayed 5 second(s)

2022-11-30 14:24:07 - [TEST_STEP][PASSED] - click(findTestObject("06-Teams/button_doublearrow")): Object: 'Object Repository/06-Teams/button_doublearrow' is clicked on

2022-11-30 14:24:09 - [MESSAGE][PASSED] - Object: 'Object Repository/06-Teams/button_doublearrow' is clicked on

2022-11-30 14:24:09 - [TEST_STEP][PASSED] - click(findTestObject("06-Teams/button_My Organizations")): Object: 'Object Repository/06-Teams/button_My Organizations' is clicked on

2022-11-30 14:24:09 - [MESSAGE][PASSED] - Object: 'Object Repository/06-Teams/button_My Organizations' is clicked on

2022-11-30 14:24:09 - [TEST_STEP][PASSED] - click(findTestObject("06-Teams/button_GG Automation")): Object: 'Object Repository/06-Teams/button_GG Automation' is clicked on

2022-11-30 14:24:10 - [MESSAGE][PASSED] - Object: 'Object Repository/06-Teams/button_GG Automation' is clicked on

2022-11-30 14:24:10 - [TEST_STEP][PASSED] - delay(4): Delayed 4 second(s)

2022-11-30 14:24:14 - [MESSAGE][PASSED] - Delayed 4 second(s)

2022-11-30 14:24:14 - [TEST_STEP][PASSED] - verifyElementVisible(findTestObject("06-Teams/span_GG Automation")): Object 'Object Repository/06-Teams/span_GG Automation' is visible

2022-11-30 14:24:15 - [MESSAGE][PASSED] - Object 'Object Repository/06-Teams/span_GG Automation' is visible

2022-11-30 14:24:15 - [TEST_STEP][PASSED] - delay(5): Delayed 5 second(s)

2022-11-30 14:24:20 - [MESSAGE][PASSED] - Delayed 5 second(s)

2022-11-30 14:24:20 - [TEST_STEP][PASSED] - click(findTestObject("03-Header Menu/Hamburger Button/div_Settings")): Object: 'Object Repository/03-Header Menu/Hamburger Button/div_Settings' is clicked on

2022-11-30 14:24:20 - [MESSAGE][PASSED] - Object: 'Object Repository/03-Header Menu/Hamburger Button/div_Settings' is clicked on

2022-11-30 14:24:20 - [TEST_STEP][PASSED] - verifyElementVisible(findTestObject("09-Settings/Users/div_Organization")): Object 'Object Repository/09-Settings/Users/div_Organization' is visible

2022-11-30 14:24:20 - [MESSAGE][PASSED] - Object 'Object Repository/09-Settings/Users/div_Organization' is visible

2022-11-30 14:24:20 - [TEST_STEP][PASSED] - verifyElementVisible(findTestObject("09-Settings/Users/div_Organization Units")): Object 'Object Repository/09-Settings/Users/div_Organization Units' is visible

2022-11-30 14:24:21 - [MESSAGE][PASSED] - Object 'Object Repository/09-Settings/Users/div_Organization Units' is visible

2022-11-30 14:24:21 - [TEST_STEP][PASSED] - verifyElementVisible(findTestObject("09-Settings/Users/div_Subscriptions")): Object 'Object Repository/09-Settings/Users/div_Subscriptions' is visible

2022-11-30 14:24:21 - [MESSAGE][PASSED] - Object 'Object Repository/09-Settings/Users/div_Subscriptions' is visible

2022-11-30 14:24:21 - [TEST_STEP][PASSED] - verifyElementVisible(findTestObject("09-Settings/Users/div_Users")): Object 'Object Repository/09-Settings/Users/div_Users' is visible

2022-11-30 14:24:22 - [MESSAGE][PASSED] - Object 'Object Repository/09-Settings/Users/div_Users' is visible

2022-11-30 14:24:22 - [TEST_STEP][PASSED] - delay(3): Delayed 3 second(s)

2022-11-30 14:24:25 - [MESSAGE][PASSED] - Delayed 3 second(s)

2022-11-30 14:24:25 - [TEST_STEP][PASSED] - click(findTestObject("09-Settings/Users/div_Users")): Object: 'Object Repository/09-Settings/Users/div_Users' is clicked on

2022-11-30 14:24:26 - [MESSAGE][PASSED] - Object: 'Object Repository/09-Settings/Users/div_Users' is clicked on

2022-11-30 14:24:26 - [TEST_STEP][PASSED] - verifyElementVisible(findTestObject("09-Settings/Users/h4_USERS")): Object 'Object Repository/09-Settings/Users/h4_USERS' is visible

2022-11-30 14:24:27 - [MESSAGE][PASSED] - Object 'Object Repository/09-Settings/Users/h4_USERS' is visible

2022-11-30 14:24:27 - [TEST_STEP][PASSED] - verifyElementVisible(findTestObject("09-Settings/Users/Invited Users/div_Invited Users")): Object 'Object Repository/09-Settings/Users/Invited Users/div_Invited Users' is visible

2022-11-30 14:24:27 - [MESSAGE][PASSED] - Object 'Object Repository/09-Settings/Users/Invited Users/div_Invited Users' is visible

2022-11-30 14:24:27 - [TEST_STEP][PASSED] - click(findTestObject("09-Settings/Users/Invited Users/div_Invited Users")): Object: 'Object Repository/09-Settings/Users/Invited Users/div_Invited Users' is clicked on

2022-11-30 14:24:28 - [MESSAGE][PASSED] - Object: 'Object Repository/09-Settings/Users/Invited Users/div_Invited Users' is clicked on

2022-11-30 14:24:28 - [TEST_STEP][PASSED] - delay(5): Delayed 5 second(s)

2022-11-30 14:24:33 - [MESSAGE][PASSED] - Delayed 5 second(s)

2022-11-30 14:24:33 - [TEST_STEP][PASSED] - click(findTestObject("09-Settings/Users/Active User/button_search")): Object: 'Object Repository/09-Settings/Users/Active User/button_search' is clicked on

2022-11-30 14:24:33 - [MESSAGE][PASSED] - Object: 'Object Repository/09-Settings/Users/Active User/button_search' is clicked on

2022-11-30 14:24:33 - [TEST_STEP][PASSED] - delay(3): Delayed 3 second(s)

2022-11-30 14:24:36 - [MESSAGE][PASSED] - Delayed 3 second(s)

2022-11-30 14:24:36 - [TEST_STEP][PASSED] - click(findTestObject("09-Settings/Users/Active User/button_arrow_back")): Object: 'Object Repository/09-Settings/Users/Active User/button_arrow_back' is clicked on

2022-11-30 14:24:37 - [MESSAGE][PASSED] - Object: 'Object Repository/09-Settings/Users/Active User/button_arrow_back' is clicked on

2022-11-30 14:24:37 - [TEST_STEP][PASSED] - delay(4): Delayed 4 second(s)

2022-11-30 14:24:41 - [MESSAGE][PASSED] - Delayed 4 second(s)

2022-11-30 14:24:41 - [TEST_STEP][PASSED] - click(findTestObject("09-Settings/Users/Active User/button_search")): Object: 'Object Repository/09-Settings/Users/Active User/button_search' is clicked on

2022-11-30 14:24:41 - [MESSAGE][PASSED] - Object: 'Object Repository/09-Settings/Users/Active User/button_search' is clicked on

2022-11-30 14:24:41 - [TEST_STEP][PASSED] - setText(findTestObject("09-Settings/Users/Active User/Search field"), "test3"): Text 'test3' is set on object 'Object Repository/09-Settings/Users/Active User/Search field'

2022-11-30 14:24:43 - [MESSAGE][PASSED] - Text 'test3' is set on object 'Object Repository/09-Settings/Users/Active User/Search field'

2022-11-30 14:24:43 - [TEST_STEP][PASSED] - delay(1): Delayed 1 second(s)

2022-11-30 14:24:44 - [MESSAGE][PASSED] - Delayed 1 second(s)

2022-11-30 14:24:44 - [TEST_STEP][PASSED] - click(findTestObject("09-Settings/Users/Active User/button_Cancel")): Object: 'Object Repository/09-Settings/Users/Active User/button_Cancel' is clicked on

2022-11-30 14:24:44 - [MESSAGE][PASSED] - Object: 'Object Repository/09-Settings/Users/Active User/button_Cancel' is clicked on

2022-11-30 14:24:44 - [TEST_STEP][PASSED] - delay(2): Delayed 2 second(s)

2022-11-30 14:24:46 - [MESSAGE][PASSED] - Delayed 2 second(s)]]></system-out>
         <system-err><![CDATA[]]></system-err>
      </testcase>
      <testcase name="Test Cases/09-Settings/17 - Users (Invited User - Resend Invitation)" time="10.537" classname="Test Cases/09-Settings/17 - Users (Invited User - Resend Invitation)" status="PASSED">
         <system-out><![CDATA[2022-11-30 14:24:46 - [TEST_CASE][PASSED] - Test Cases/09-Settings/17 - Users (Invited User - Resend Invitation): Test Cases/09-Settings/17 - Users (Invited User - Resend Invitation)

2022-11-30 14:24:46 - [TEST_STEP][PASSED] - verifyElementVisible(findTestObject("09-Settings/Users/Invited Users/div_CTCSV test 3")): Object 'Object Repository/09-Settings/Users/Invited Users/div_CTCSV test 3' is visible

2022-11-30 14:24:47 - [MESSAGE][PASSED] - Object 'Object Repository/09-Settings/Users/Invited Users/div_CTCSV test 3' is visible

2022-11-30 14:24:47 - [TEST_STEP][PASSED] - delay(3): Delayed 3 second(s)

2022-11-30 14:24:50 - [MESSAGE][PASSED] - Delayed 3 second(s)

2022-11-30 14:24:50 - [TEST_STEP][PASSED] - click(findTestObject("09-Settings/Users/Invited Users/button_resendInvitation")): Object: 'Object Repository/09-Settings/Users/Invited Users/button_resendInvitation' is clicked on

2022-11-30 14:24:50 - [MESSAGE][PASSED] - Object: 'Object Repository/09-Settings/Users/Invited Users/button_resendInvitation' is clicked on

2022-11-30 14:24:50 - [TEST_STEP][PASSED] - click(findTestObject("09-Settings/Users/Invited Users/span_Successfully resent invite")): Object: 'Object Repository/09-Settings/Users/Invited Users/span_Successfully resent invite' is clicked on

2022-11-30 14:24:53 - [MESSAGE][PASSED] - Object: 'Object Repository/09-Settings/Users/Invited Users/span_Successfully resent invite' is clicked on

2022-11-30 14:24:53 - [TEST_STEP][PASSED] - click(findTestObject("09-Settings/Users/Active User/button_OK")): Object: 'Object Repository/09-Settings/Users/Active User/button_OK' is clicked on

2022-11-30 14:24:54 - [MESSAGE][PASSED] - Object: 'Object Repository/09-Settings/Users/Active User/button_OK' is clicked on

2022-11-30 14:24:54 - [TEST_STEP][PASSED] - delay(3): Delayed 3 second(s)

2022-11-30 14:24:57 - [MESSAGE][PASSED] - Delayed 3 second(s)]]></system-out>
         <system-err><![CDATA[]]></system-err>
      </testcase>
      <testcase name="Test Cases/09-Settings/18 - Users (Invited User - Delete Invite)" time="37.72" classname="Test Cases/09-Settings/18 - Users (Invited User - Delete Invite)" status="PASSED">
         <system-out><![CDATA[2022-11-30 14:24:57 - [TEST_CASE][PASSED] - Test Cases/09-Settings/18 - Users (Invited User - Delete Invite): Test Cases/09-Settings/18 - Users (Invited User - Delete Invite)

2022-11-30 14:24:57 - [TEST_STEP][PASSED] - delay(3): Delayed 3 second(s)

2022-11-30 14:25:00 - [MESSAGE][PASSED] - Delayed 3 second(s)

2022-11-30 14:25:00 - [TEST_STEP][PASSED] - verifyElementVisible(findTestObject("09-Settings/Users/Invited Users/div_GG Auto")): Object 'Object Repository/09-Settings/Users/Invited Users/div_GG Auto' is visible

2022-11-30 14:25:00 - [MESSAGE][PASSED] - Object 'Object Repository/09-Settings/Users/Invited Users/div_GG Auto' is visible

2022-11-30 14:25:00 - [TEST_STEP][PASSED] - delay(3): Delayed 3 second(s)

2022-11-30 14:25:03 - [MESSAGE][PASSED] - Delayed 3 second(s)

2022-11-30 14:25:03 - [TEST_STEP][PASSED] - click(findTestObject("09-Settings/Users/Invited Users/button_deleteInvite")): Object: 'Object Repository/09-Settings/Users/Invited Users/button_deleteInvite' is clicked on

2022-11-30 14:25:04 - [MESSAGE][PASSED] - Object: 'Object Repository/09-Settings/Users/Invited Users/button_deleteInvite' is clicked on

2022-11-30 14:25:04 - [TEST_STEP][PASSED] - verifyElementVisible(findTestObject("09-Settings/Users/Invited Users/h4_Delete Invitation")): Object 'Object Repository/09-Settings/Users/Invited Users/h4_Delete Invitation' is visible

2022-11-30 14:25:04 - [MESSAGE][PASSED] - Object 'Object Repository/09-Settings/Users/Invited Users/h4_Delete Invitation' is visible

2022-11-30 14:25:04 - [TEST_STEP][PASSED] - delay(1): Delayed 1 second(s)

2022-11-30 14:25:05 - [MESSAGE][PASSED] - Delayed 1 second(s)

2022-11-30 14:25:05 - [TEST_STEP][PASSED] - click(findTestObject("09-Settings/Users/Active User/button_Cancel_restore")): Object: 'Object Repository/09-Settings/Users/Active User/button_Cancel_restore' is clicked on

2022-11-30 14:25:06 - [MESSAGE][PASSED] - Object: 'Object Repository/09-Settings/Users/Active User/button_Cancel_restore' is clicked on

2022-11-30 14:25:06 - [TEST_STEP][PASSED] - delay(2): Delayed 2 second(s)

2022-11-30 14:25:08 - [MESSAGE][PASSED] - Delayed 2 second(s)

2022-11-30 14:25:08 - [TEST_STEP][PASSED] - verifyElementVisible(findTestObject("09-Settings/Users/Invited Users/div_GG Auto")): Object 'Object Repository/09-Settings/Users/Invited Users/div_GG Auto' is visible

2022-11-30 14:25:08 - [MESSAGE][PASSED] - Object 'Object Repository/09-Settings/Users/Invited Users/div_GG Auto' is visible

2022-11-30 14:25:08 - [TEST_STEP][PASSED] - click(findTestObject("09-Settings/Users/Invited Users/button_deleteInvite")): Object: 'Object Repository/09-Settings/Users/Invited Users/button_deleteInvite' is clicked on

2022-11-30 14:25:08 - [MESSAGE][PASSED] - Object: 'Object Repository/09-Settings/Users/Invited Users/button_deleteInvite' is clicked on

2022-11-30 14:25:08 - [TEST_STEP][PASSED] - verifyElementVisible(findTestObject("09-Settings/Users/Invited Users/h4_Delete Invitation")): Object 'Object Repository/09-Settings/Users/Invited Users/h4_Delete Invitation' is visible

2022-11-30 14:25:09 - [MESSAGE][PASSED] - Object 'Object Repository/09-Settings/Users/Invited Users/h4_Delete Invitation' is visible

2022-11-30 14:25:09 - [TEST_STEP][PASSED] - click(findTestObject("09-Settings/Users/Active User/button_Delete")): Object: 'Object Repository/09-Settings/Users/Active User/button_Delete' is clicked on

2022-11-30 14:25:10 - [MESSAGE][PASSED] - Object: 'Object Repository/09-Settings/Users/Active User/button_Delete' is clicked on

2022-11-30 14:25:10 - [TEST_STEP][PASSED] - delay(3): Delayed 3 second(s)

2022-11-30 14:25:13 - [MESSAGE][PASSED] - Delayed 3 second(s)

2022-11-30 14:25:13 - [TEST_STEP][PASSED] - verifyElementVisible(findTestObject("09-Settings/Users/Invited Users/div_CTCSV test 3")): Object 'Object Repository/09-Settings/Users/Invited Users/div_CTCSV test 3' is visible

2022-11-30 14:25:13 - [MESSAGE][PASSED] - Object 'Object Repository/09-Settings/Users/Invited Users/div_CTCSV test 3' is visible

2022-11-30 14:25:13 - [TEST_STEP][PASSED] - click(findTestObject("09-Settings/Users/Invited Users/button_deleteInvite")): Object: 'Object Repository/09-Settings/Users/Invited Users/button_deleteInvite' is clicked on

2022-11-30 14:25:14 - [MESSAGE][PASSED] - Object: 'Object Repository/09-Settings/Users/Invited Users/button_deleteInvite' is clicked on

2022-11-30 14:25:14 - [TEST_STEP][PASSED] - verifyElementVisible(findTestObject("09-Settings/Users/Invited Users/h4_Delete Invitation")): Object 'Object Repository/09-Settings/Users/Invited Users/h4_Delete Invitation' is visible

2022-11-30 14:25:14 - [MESSAGE][PASSED] - Object 'Object Repository/09-Settings/Users/Invited Users/h4_Delete Invitation' is visible

2022-11-30 14:25:14 - [TEST_STEP][PASSED] - click(findTestObject("09-Settings/Users/Active User/button_Delete")): Object: 'Object Repository/09-Settings/Users/Active User/button_Delete' is clicked on

2022-11-30 14:25:15 - [MESSAGE][PASSED] - Object: 'Object Repository/09-Settings/Users/Active User/button_Delete' is clicked on

2022-11-30 14:25:15 - [TEST_STEP][PASSED] - delay(3): Delayed 3 second(s)

2022-11-30 14:25:18 - [MESSAGE][PASSED] - Delayed 3 second(s)

2022-11-30 14:25:18 - [TEST_STEP][PASSED] - verifyElementVisible(findTestObject("09-Settings/Users/Invited Users/div_CTCSV test 2")): Object 'Object Repository/09-Settings/Users/Invited Users/div_CTCSV test 2' is visible

2022-11-30 14:25:18 - [MESSAGE][PASSED] - Object 'Object Repository/09-Settings/Users/Invited Users/div_CTCSV test 2' is visible

2022-11-30 14:25:18 - [TEST_STEP][PASSED] - click(findTestObject("09-Settings/Users/Invited Users/button_deleteInvite")): Object: 'Object Repository/09-Settings/Users/Invited Users/button_deleteInvite' is clicked on

2022-11-30 14:25:19 - [MESSAGE][PASSED] - Object: 'Object Repository/09-Settings/Users/Invited Users/button_deleteInvite' is clicked on

2022-11-30 14:25:19 - [TEST_STEP][PASSED] - verifyElementVisible(findTestObject("09-Settings/Users/Invited Users/h4_Delete Invitation")): Object 'Object Repository/09-Settings/Users/Invited Users/h4_Delete Invitation' is visible

2022-11-30 14:25:19 - [MESSAGE][PASSED] - Object 'Object Repository/09-Settings/Users/Invited Users/h4_Delete Invitation' is visible

2022-11-30 14:25:19 - [TEST_STEP][PASSED] - click(findTestObject("09-Settings/Users/Active User/button_Delete")): Object: 'Object Repository/09-Settings/Users/Active User/button_Delete' is clicked on

2022-11-30 14:25:21 - [MESSAGE][PASSED] - Object: 'Object Repository/09-Settings/Users/Active User/button_Delete' is clicked on

2022-11-30 14:25:21 - [TEST_STEP][PASSED] - delay(3): Delayed 3 second(s)

2022-11-30 14:25:24 - [MESSAGE][PASSED] - Delayed 3 second(s)

2022-11-30 14:25:24 - [TEST_STEP][PASSED] - verifyElementVisible(findTestObject("09-Settings/Users/Invited Users/div_CTCSV test 1")): Object 'Object Repository/09-Settings/Users/Invited Users/div_CTCSV test 1' is visible

2022-11-30 14:25:24 - [MESSAGE][PASSED] - Object 'Object Repository/09-Settings/Users/Invited Users/div_CTCSV test 1' is visible

2022-11-30 14:25:24 - [TEST_STEP][PASSED] - click(findTestObject("09-Settings/Users/Invited Users/button_deleteInvite")): Object: 'Object Repository/09-Settings/Users/Invited Users/button_deleteInvite' is clicked on

2022-11-30 14:25:24 - [MESSAGE][PASSED] - Object: 'Object Repository/09-Settings/Users/Invited Users/button_deleteInvite' is clicked on

2022-11-30 14:25:24 - [TEST_STEP][PASSED] - verifyElementVisible(findTestObject("09-Settings/Users/Invited Users/h4_Delete Invitation")): Object 'Object Repository/09-Settings/Users/Invited Users/h4_Delete Invitation' is visible

2022-11-30 14:25:25 - [MESSAGE][PASSED] - Object 'Object Repository/09-Settings/Users/Invited Users/h4_Delete Invitation' is visible

2022-11-30 14:25:25 - [TEST_STEP][PASSED] - click(findTestObject("09-Settings/Users/Active User/button_Delete")): Object: 'Object Repository/09-Settings/Users/Active User/button_Delete' is clicked on

2022-11-30 14:25:26 - [MESSAGE][PASSED] - Object: 'Object Repository/09-Settings/Users/Active User/button_Delete' is clicked on

2022-11-30 14:25:26 - [TEST_STEP][PASSED] - click(findTestObject("09-Settings/Users/Invited Users/span_Successfully deleted invite")): Object: 'Object Repository/09-Settings/Users/Invited Users/span_Successfully deleted invite' is clicked on

2022-11-30 14:25:28 - [MESSAGE][PASSED] - Object: 'Object Repository/09-Settings/Users/Invited Users/span_Successfully deleted invite' is clicked on

2022-11-30 14:25:28 - [TEST_STEP][PASSED] - click(findTestObject("09-Settings/Users/Active User/button_OK")): Object: 'Object Repository/09-Settings/Users/Active User/button_OK' is clicked on

2022-11-30 14:25:29 - [MESSAGE][PASSED] - Object: 'Object Repository/09-Settings/Users/Active User/button_OK' is clicked on

2022-11-30 14:25:29 - [TEST_STEP][PASSED] - delay(5): Delayed 5 second(s)

2022-11-30 14:25:34 - [MESSAGE][PASSED] - Delayed 5 second(s)

2022-11-30 14:25:34 - [TEST_STEP][PASSED] - closeBrowser(): Browser is closed

2022-11-30 14:25:34 - [MESSAGE][PASSED] - Browser is closed]]></system-out>
         <system-err><![CDATA[]]></system-err>
      </testcase>
      <system-out><![CDATA[2022-11-30 14:22:56 - [TEST_SUITE][PASSED] - 09.3 - Settings (Invited users): Test Cases/09-Settings/18 - Users (Invited User - Delete Invite)]]></system-out>
      <system-err><![CDATA[]]></system-err>
   </testsuite>
</testsuites>
