<?xml version="1.0" encoding="UTF-8"?>
<testsuites name="04-Add my Organizations" time="159.945" tests="3" failures="0" errors="0">
   <testsuite name="04-Add my Organizations" tests="3" failures="0" errors="0" time="159.945" skipped="0" timestamp="2023-04-19 11:02:31" hostname="Mike - LAPTOP-LF5VTH4H" id="Test Suites/TS-Organization/04-Add my Organizations">
      <properties>
         <property name="deviceName" value=""/>
         <property name="devicePlatform" value=""/>
         <property name="logFolder" value="D:\\Users\\Michelle\\Project\\Everleagues\\Reports\\20230419_110223\\TS-Organization\\04-Add my Organizations\\20230419_110224"/>
         <property name="logFiles" value="D:\\Users\\Michelle\\Project\\Everleagues\\Reports\\20230419_110223\\TS-Organization\\04-Add my Organizations\\20230419_110224\\execution0.log"/>
         <property name="attachments" value=""/>
         <property name="hostName" value="Mike - LAPTOP-LF5VTH4H"/>
         <property name="os" value="Windows 10 64bit"/>
         <property name="katalonVersion" value="8.6.0.208"/>
         <property name="browser" value="Chrome 112.0.0.0"/>
         <property name="hostAddress" value="10.100.1.18"/>
         <property name="sessionId" value="7e7e32312cd2345720c191ea76726680"/>
         <property name="seleniumVersion" value="3.141.59"/>
         <property name="proxyInformation" value="ProxyInformation { proxyOption=NO_PROXY, proxyServerType=HTTP, username=, password=********, proxyServerAddress=, proxyServerPort=0, executionList=&quot;&quot;, isApplyToDesiredCapabilities=true }"/>
         <property name="platform" value="Windows 10"/>
      </properties>
      <testcase name="Test Cases/04-Add my Organizations/01- Free limited Plan (Blank fields)" time="88.649" classname="Test Cases/04-Add my Organizations/01- Free limited Plan (Blank fields)" status="PASSED">
         <system-out><![CDATA[2023-04-19 11:02:31 - [TEST_CASE][PASSED] - Test Cases/04-Add my Organizations/01- Free limited Plan (Blank fields): Test Cases/04-Add my Organizations/01- Free limited Plan (Blank fields)

2023-04-19 11:02:32 - [TEST_STEP][PASSED] - openBrowser(""): Browser is opened with url: ''

2023-04-19 11:02:32 - [MESSAGE][INFO] - Starting 'Chrome' driver

2023-04-19 11:02:33 - [MESSAGE][INFO] - Action delay is set to 0 milliseconds

2023-04-19 11:02:37 - [MESSAGE][PASSED] - Browser is opened with url: ''

2023-04-19 11:02:37 - [TEST_STEP][PASSED] - navigateToUrl("https://lab.everleagues.com/"): Navigate to 'https://lab.everleagues.com/' successfully

2023-04-19 11:02:55 - [MESSAGE][PASSED] - Navigate to 'https://lab.everleagues.com/' successfully

2023-04-19 11:02:55 - [TEST_STEP][PASSED] - maximizeWindow(): Current window maximized

2023-04-19 11:02:55 - [MESSAGE][PASSED] - Current window maximized

2023-04-19 11:02:55 - [TEST_STEP][PASSED] - callTestCase(findTestCase("01-Login and Forgot Password/04-Login(Valid Credentials-With Subscription)"), [:], STOP_ON_FAILURE): Call Test Case 'Test Cases/01-Login and Forgot Password/04-Login(Valid Credentials-With Subscription)' successfully

2023-04-19 11:02:55 - [TEST_CASE][PASSED] - Test Cases/01-Login and Forgot Password/04-Login(Valid Credentials-With Subscription): Test Cases/01-Login and Forgot Password/04-Login(Valid Credentials-With Subscription)

2023-04-19 11:02:55 - [TEST_STEP][PASSED] - setText(findTestObject("01-Login and Forgot Password/input_Email_email"), "testuser05@mailinator.com"): Text 'testuser05@mailinator.com' is set on object 'Object Repository/01-Login and Forgot Password/input_Email_email'

2023-04-19 11:02:57 - [MESSAGE][PASSED] - Text 'testuser05@mailinator.com' is set on object 'Object Repository/01-Login and Forgot Password/input_Email_email'

2023-04-19 11:02:57 - [TEST_STEP][PASSED] - setEncryptedText(findTestObject("01-Login and Forgot Password/input_Email_password"), "8yFRyszE6U6jvsCn51OQbg=="): Text ****** has been set on object 'Object Repository/01-Login and Forgot Password/input_Email_password'

2023-04-19 11:02:57 - [MESSAGE][PASSED] - Text ****** has been set on object 'Object Repository/01-Login and Forgot Password/input_Email_password'

2023-04-19 11:02:57 - [TEST_STEP][PASSED] - delay(2): Delayed 2 second(s)

2023-04-19 11:02:59 - [MESSAGE][PASSED] - Delayed 2 second(s)

2023-04-19 11:02:59 - [TEST_STEP][PASSED] - click(findTestObject("01-Login and Forgot Password/show pass button")): Object: 'Object Repository/01-Login and Forgot Password/show pass button' is clicked on

2023-04-19 11:03:00 - [MESSAGE][PASSED] - Object: 'Object Repository/01-Login and Forgot Password/show pass button' is clicked on

2023-04-19 11:03:00 - [TEST_STEP][PASSED] - delay(3): Delayed 3 second(s)

2023-04-19 11:03:03 - [MESSAGE][PASSED] - Delayed 3 second(s)

2023-04-19 11:03:03 - [TEST_STEP][PASSED] - click(findTestObject("01-Login and Forgot Password/button_Sign in")): Object: 'Object Repository/01-Login and Forgot Password/button_Sign in' is clicked on

2023-04-19 11:03:03 - [MESSAGE][PASSED] - Object: 'Object Repository/01-Login and Forgot Password/button_Sign in' is clicked on

2023-04-19 11:03:03 - [TEST_STEP][PASSED] - delay(3): Delayed 3 second(s)

2023-04-19 11:03:06 - [MESSAGE][PASSED] - Delayed 3 second(s)

2023-04-19 11:03:06 - [TEST_STEP][PASSED] - click(findTestObject("06-Teams/For 2FA/button_Confirm_2FA")): Object: 'Object Repository/06-Teams/For 2FA/button_Confirm_2FA' is clicked on

2023-04-19 11:03:07 - [MESSAGE][PASSED] - Object: 'Object Repository/06-Teams/For 2FA/button_Confirm_2FA' is clicked on

2023-04-19 11:03:07 - [TEST_STEP][PASSED] - executeJavaScript("window.open();", []): Execute JavaScript 'window.open();' successfully

2023-04-19 11:03:07 - [MESSAGE][PASSED] - Execute JavaScript 'window.open();' successfully

2023-04-19 11:03:07 - [TEST_STEP][PASSED] - currentWindow = getWindowIndex(): Current window's index is: 0

2023-04-19 11:03:07 - [MESSAGE][PASSED] - Current window's index is: 0

2023-04-19 11:03:07 - [TEST_STEP][PASSED] - delay(3): Delayed 3 second(s)

2023-04-19 11:03:10 - [MESSAGE][PASSED] - Delayed 3 second(s)

2023-04-19 11:03:10 - [TEST_STEP][PASSED] - switchToWindowIndex(currentWindow + 1): Switched to window with index: '1'

2023-04-19 11:03:10 - [MESSAGE][PASSED] - Switched to window with index: '1'

2023-04-19 11:03:10 - [TEST_STEP][PASSED] - navigateToUrl("https://www.mailinator.com/"): Navigate to 'https://www.mailinator.com/' successfully

2023-04-19 11:03:13 - [MESSAGE][PASSED] - Navigate to 'https://www.mailinator.com/' successfully

2023-04-19 11:03:13 - [TEST_STEP][PASSED] - delay(3): Delayed 3 second(s)

2023-04-19 11:03:16 - [MESSAGE][PASSED] - Delayed 3 second(s)

2023-04-19 11:03:16 - [TEST_STEP][PASSED] - setText(findTestObject("00-Signup and Activation/zMailinator/input_LOGIN_search"), "testuser05@mailinator.com"): Text 'testuser05@mailinator.com' is set on object 'Object Repository/00-Signup and Activation/zMailinator/input_LOGIN_search'

2023-04-19 11:03:17 - [MESSAGE][PASSED] - Text 'testuser05@mailinator.com' is set on object 'Object Repository/00-Signup and Activation/zMailinator/input_LOGIN_search'

2023-04-19 11:03:17 - [TEST_STEP][PASSED] - click(findTestObject("00-Signup and Activation/zMailinator/gobutton"), STOP_ON_FAILURE): Object: 'Object Repository/00-Signup and Activation/zMailinator/gobutton' is clicked on

2023-04-19 11:03:20 - [MESSAGE][PASSED] - Object: 'Object Repository/00-Signup and Activation/zMailinator/gobutton' is clicked on

2023-04-19 11:03:20 - [TEST_STEP][PASSED] - delay(3): Delayed 3 second(s)

2023-04-19 11:03:23 - [MESSAGE][PASSED] - Delayed 3 second(s)

2023-04-19 11:03:23 - [TEST_STEP][PASSED] - click(findTestObject("00-Signup and Activation/zMailinator/Email - everleagues")): Object: 'Object Repository/00-Signup and Activation/zMailinator/Email - everleagues' is clicked on

2023-04-19 11:03:23 - [MESSAGE][PASSED] - Object: 'Object Repository/00-Signup and Activation/zMailinator/Email - everleagues' is clicked on

2023-04-19 11:03:23 - [TEST_STEP][PASSED] - delay(3): Delayed 3 second(s)

2023-04-19 11:03:26 - [MESSAGE][PASSED] - Delayed 3 second(s)

2023-04-19 11:03:26 - [TEST_STEP][PASSED] - code = getText(findTestObject("Object Repository/06-Teams/For 2FA/2FA code")): Text of object 'Object Repository/06-Teams/For 2FA/2FA code' is: '475142'

2023-04-19 11:03:27 - [MESSAGE][PASSED] - Text of object 'Object Repository/06-Teams/For 2FA/2FA code' is: '475142'

2023-04-19 11:03:27 - [TEST_STEP][PASSED] - delay(3): Delayed 3 second(s)

2023-04-19 11:03:30 - [MESSAGE][PASSED] - Delayed 3 second(s)

2023-04-19 11:03:30 - [TEST_STEP][PASSED] - closeWindowTitle("Mailinator"): Window with title: 'Mailinator' is closed

2023-04-19 11:03:30 - [MESSAGE][PASSED] - Window with title: 'Mailinator' is closed

2023-04-19 11:03:30 - [TEST_STEP][PASSED] - delay(3): Delayed 3 second(s)

2023-04-19 11:03:33 - [MESSAGE][PASSED] - Delayed 3 second(s)

2023-04-19 11:03:33 - [TEST_STEP][PASSED] - switchToWindowIndex(0): Switched to window with index: '0'

2023-04-19 11:03:33 - [MESSAGE][PASSED] - Switched to window with index: '0'

2023-04-19 11:03:33 - [TEST_STEP][PASSED] - delay(3): Delayed 3 second(s)

2023-04-19 11:03:36 - [MESSAGE][PASSED] - Delayed 3 second(s)

2023-04-19 11:03:36 - [TEST_STEP][PASSED] - setText(findTestObject("Object Repository/06-Teams/For 2FA/input_Enter verification code_code"), code): Text '475142' is set on object 'Object Repository/06-Teams/For 2FA/input_Enter verification code_code'

2023-04-19 11:03:37 - [MESSAGE][PASSED] - Text '475142' is set on object 'Object Repository/06-Teams/For 2FA/input_Enter verification code_code'

2023-04-19 11:03:37 - [TEST_STEP][PASSED] - delay(3): Delayed 3 second(s)

2023-04-19 11:03:40 - [MESSAGE][PASSED] - Delayed 3 second(s)

2023-04-19 11:03:40 - [TEST_STEP][PASSED] - click(findTestObject("06-Teams/For 2FA/button_Verify_2FA")): Object: 'Object Repository/06-Teams/For 2FA/button_Verify_2FA' is clicked on

2023-04-19 11:03:41 - [MESSAGE][PASSED] - Object: 'Object Repository/06-Teams/For 2FA/button_Verify_2FA' is clicked on

2023-04-19 11:03:41 - [TEST_STEP][PASSED] - delay(3): Delayed 3 second(s)

2023-04-19 11:03:44 - [MESSAGE][PASSED] - Delayed 3 second(s)

2023-04-19 11:03:44 - [MESSAGE][PASSED] - Call Test Case 'Test Cases/01-Login and Forgot Password/04-Login(Valid Credentials-With Subscription)' successfully

2023-04-19 11:03:44 - [TEST_STEP][PASSED] - click(findTestObject("04-Add my Organizations/Free limited Plan/span_Add My Organization")): Object: 'Object Repository/04-Add my Organizations/Free limited Plan/span_Add My Organization' is clicked on

2023-04-19 11:03:48 - [MESSAGE][PASSED] - Object: 'Object Repository/04-Add my Organizations/Free limited Plan/span_Add My Organization' is clicked on

2023-04-19 11:03:48 - [TEST_STEP][PASSED] - verifyElementVisible(findTestObject("04-Add my Organizations/Free limited Plan/Add my org modal")): Object 'Object Repository/04-Add my Organizations/Free limited Plan/Add my org modal' is visible

2023-04-19 11:03:49 - [MESSAGE][PASSED] - Object 'Object Repository/04-Add my Organizations/Free limited Plan/Add my org modal' is visible

2023-04-19 11:03:49 - [TEST_STEP][PASSED] - delay(2): Delayed 2 second(s)

2023-04-19 11:03:51 - [MESSAGE][PASSED] - Delayed 2 second(s)

2023-04-19 11:03:51 - [TEST_STEP][PASSED] - click(findTestObject("04-Add my Organizations/Free limited Plan/input_orgName")): Object: 'Object Repository/04-Add my Organizations/Free limited Plan/input_orgName' is clicked on

2023-04-19 11:03:51 - [MESSAGE][PASSED] - Object: 'Object Repository/04-Add my Organizations/Free limited Plan/input_orgName' is clicked on

2023-04-19 11:03:51 - [TEST_STEP][PASSED] - click(findTestObject("04-Add my Organizations/Free limited Plan/input_org alias")): Object: 'Object Repository/04-Add my Organizations/Free limited Plan/input_org alias' is clicked on

2023-04-19 11:03:52 - [MESSAGE][PASSED] - Object: 'Object Repository/04-Add my Organizations/Free limited Plan/input_org alias' is clicked on

2023-04-19 11:03:52 - [TEST_STEP][PASSED] - click(findTestObject("04-Add my Organizations/Free limited Plan/div_Service Industry_select-arrow")): Object: 'Object Repository/04-Add my Organizations/Free limited Plan/div_Service Industry_select-arrow' is clicked on

2023-04-19 11:03:52 - [MESSAGE][PASSED] - Object: 'Object Repository/04-Add my Organizations/Free limited Plan/div_Service Industry_select-arrow' is clicked on

2023-04-19 11:03:52 - [TEST_STEP][PASSED] - sendKeys(findTestObject(null), Keys.chord(ESCAPE)): Keys 'ESCAPE + ' sent to object: 'tempBody'

2023-04-19 11:03:52 - [MESSAGE][WARNING] - Test object id is null

2023-04-19 11:03:52 - [MESSAGE][WARNING] - Test object with id 'Object Repository/' does not exist

2023-04-19 11:03:53 - [MESSAGE][PASSED] - Keys 'ESCAPE + ' sent to object: 'tempBody'

2023-04-19 11:03:53 - [TEST_STEP][PASSED] - delay(3): Delayed 3 second(s)

2023-04-19 11:03:56 - [MESSAGE][PASSED] - Delayed 3 second(s)

2023-04-19 11:03:56 - [TEST_STEP][PASSED] - verifyElementVisible(findTestObject("04-Add my Organizations/Free limited Plan/div_OrganizationName_error")): Object 'Object Repository/04-Add my Organizations/Free limited Plan/div_OrganizationName_error' is visible

2023-04-19 11:03:56 - [MESSAGE][PASSED] - Object 'Object Repository/04-Add my Organizations/Free limited Plan/div_OrganizationName_error' is visible

2023-04-19 11:03:56 - [TEST_STEP][PASSED] - verifyElementVisible(findTestObject("04-Add my Organizations/Free limited Plan/div_Organization Alias_error")): Object 'Object Repository/04-Add my Organizations/Free limited Plan/div_Organization Alias_error' is visible

2023-04-19 11:03:57 - [MESSAGE][PASSED] - Object 'Object Repository/04-Add my Organizations/Free limited Plan/div_Organization Alias_error' is visible

2023-04-19 11:03:57 - [TEST_STEP][PASSED] - verifyElementVisible(findTestObject("04-Add my Organizations/Free limited Plan/div_Service Industry_error")): Object 'Object Repository/04-Add my Organizations/Free limited Plan/div_Service Industry_error' is visible

2023-04-19 11:03:57 - [MESSAGE][PASSED] - Object 'Object Repository/04-Add my Organizations/Free limited Plan/div_Service Industry_error' is visible

2023-04-19 11:03:57 - [TEST_STEP][PASSED] - delay(3): Delayed 3 second(s)

2023-04-19 11:04:00 - [MESSAGE][PASSED] - Delayed 3 second(s)]]></system-out>
         <system-err><![CDATA[]]></system-err>
      </testcase>
      <testcase name="Test Cases/04-Add my Organizations/02- Free limited Plan (Used Org Alias)" time="6.102" classname="Test Cases/04-Add my Organizations/02- Free limited Plan (Used Org Alias)" status="PASSED">
         <system-out><![CDATA[2023-04-19 11:04:00 - [TEST_CASE][PASSED] - Test Cases/04-Add my Organizations/02- Free limited Plan (Used Org Alias): Test Cases/04-Add my Organizations/02- Free limited Plan (Used Org Alias)

2023-04-19 11:04:00 - [TEST_STEP][PASSED] - setText(findTestObject("04-Add my Organizations/Free limited Plan/input_org alias"), "1234"): Text '1234' is set on object 'Object Repository/04-Add my Organizations/Free limited Plan/input_org alias'

2023-04-19 11:04:01 - [MESSAGE][PASSED] - Text '1234' is set on object 'Object Repository/04-Add my Organizations/Free limited Plan/input_org alias'

2023-04-19 11:04:01 - [TEST_STEP][PASSED] - click(findTestObject("04-Add my Organizations/Free limited Plan/input_orgName")): Object: 'Object Repository/04-Add my Organizations/Free limited Plan/input_orgName' is clicked on

2023-04-19 11:04:02 - [MESSAGE][PASSED] - Object: 'Object Repository/04-Add my Organizations/Free limited Plan/input_orgName' is clicked on

2023-04-19 11:04:02 - [TEST_STEP][PASSED] - verifyElementVisible(findTestObject("04-Add my Organizations/Free limited Plan/mat-error_1234 already exists. Please enter another ID")): Object 'Object Repository/04-Add my Organizations/Free limited Plan/mat-error_1234 already exists. Please enter another ID' is visible

2023-04-19 11:04:03 - [MESSAGE][PASSED] - Object 'Object Repository/04-Add my Organizations/Free limited Plan/mat-error_1234 already exists. Please enter another ID' is visible

2023-04-19 11:04:03 - [TEST_STEP][PASSED] - delay(3): Delayed 3 second(s)

2023-04-19 11:04:06 - [MESSAGE][PASSED] - Delayed 3 second(s)]]></system-out>
         <system-err><![CDATA[]]></system-err>
      </testcase>
      <testcase name="Test Cases/04-Add my Organizations/03- Free limited Plan (Positive Scenarios)" time="64.693" classname="Test Cases/04-Add my Organizations/03- Free limited Plan (Positive Scenarios)" status="PASSED">
         <system-out><![CDATA[2023-04-19 11:04:06 - [TEST_CASE][PASSED] - Test Cases/04-Add my Organizations/03- Free limited Plan (Positive Scenarios): Test Cases/04-Add my Organizations/03- Free limited Plan (Positive Scenarios)

2023-04-19 11:04:07 - [TEST_STEP][PASSED] - delay(2): Delayed 2 second(s)

2023-04-19 11:04:09 - [MESSAGE][PASSED] - Delayed 2 second(s)

2023-04-19 11:04:09 - [TEST_STEP][PASSED] - setText(findTestObject("04-Add my Organizations/Free limited Plan/input_orgName"), "GG Automation"): Text 'GG Automation' is set on object 'Object Repository/04-Add my Organizations/Free limited Plan/input_orgName'

2023-04-19 11:04:09 - [MESSAGE][PASSED] - Text 'GG Automation' is set on object 'Object Repository/04-Add my Organizations/Free limited Plan/input_orgName'

2023-04-19 11:04:09 - [TEST_STEP][PASSED] - setText(findTestObject("04-Add my Organizations/Free limited Plan/input_org alias"), "GGAutoAlias"): Text 'GGAutoAlias' is set on object 'Object Repository/04-Add my Organizations/Free limited Plan/input_org alias'

2023-04-19 11:04:11 - [MESSAGE][PASSED] - Text 'GGAutoAlias' is set on object 'Object Repository/04-Add my Organizations/Free limited Plan/input_org alias'

2023-04-19 11:04:11 - [TEST_STEP][PASSED] - click(findTestObject("04-Add my Organizations/Free limited Plan/div_Service Industry_select-arrow"), STOP_ON_FAILURE): Object: 'Object Repository/04-Add my Organizations/Free limited Plan/div_Service Industry_select-arrow' is clicked on

2023-04-19 11:04:12 - [MESSAGE][PASSED] - Object: 'Object Repository/04-Add my Organizations/Free limited Plan/div_Service Industry_select-arrow' is clicked on

2023-04-19 11:04:12 - [TEST_STEP][PASSED] - delay(1): Delayed 1 second(s)

2023-04-19 11:04:13 - [MESSAGE][PASSED] - Delayed 1 second(s)

2023-04-19 11:04:13 - [TEST_STEP][PASSED] - verifyElementVisible(findTestObject("04-Add my Organizations/Free limited Plan/span_CPA_EA_Accounting Firms")): Object 'Object Repository/04-Add my Organizations/Free limited Plan/span_CPA_EA_Accounting Firms' is visible

2023-04-19 11:04:13 - [MESSAGE][PASSED] - Object 'Object Repository/04-Add my Organizations/Free limited Plan/span_CPA_EA_Accounting Firms' is visible

2023-04-19 11:04:13 - [TEST_STEP][PASSED] - verifyElementVisible(findTestObject("04-Add my Organizations/Free limited Plan/span_Law Firms")): Object 'Object Repository/04-Add my Organizations/Free limited Plan/span_Law Firms' is visible

2023-04-19 11:04:14 - [MESSAGE][PASSED] - Object 'Object Repository/04-Add my Organizations/Free limited Plan/span_Law Firms' is visible

2023-04-19 11:04:14 - [TEST_STEP][PASSED] - verifyElementVisible(findTestObject("04-Add my Organizations/Free limited Plan/span_Medical Service_Physian_Dentist Office")): Object 'Object Repository/04-Add my Organizations/Free limited Plan/span_Medical Service_Physian_Dentist Office' is visible

2023-04-19 11:04:14 - [MESSAGE][PASSED] - Object 'Object Repository/04-Add my Organizations/Free limited Plan/span_Medical Service_Physian_Dentist Office' is visible

2023-04-19 11:04:14 - [TEST_STEP][PASSED] - verifyElementVisible(findTestObject("04-Add my Organizations/Free limited Plan/span_Education")): Object 'Object Repository/04-Add my Organizations/Free limited Plan/span_Education' is visible

2023-04-19 11:04:14 - [MESSAGE][PASSED] - Object 'Object Repository/04-Add my Organizations/Free limited Plan/span_Education' is visible

2023-04-19 11:04:14 - [TEST_STEP][PASSED] - verifyElementVisible(findTestObject("04-Add my Organizations/Free limited Plan/span_Real Estate")): Object 'Object Repository/04-Add my Organizations/Free limited Plan/span_Real Estate' is visible

2023-04-19 11:04:15 - [MESSAGE][PASSED] - Object 'Object Repository/04-Add my Organizations/Free limited Plan/span_Real Estate' is visible

2023-04-19 11:04:15 - [TEST_STEP][PASSED] - verifyElementVisible(findTestObject("04-Add my Organizations/Free limited Plan/span_Other Service Business")): Object 'Object Repository/04-Add my Organizations/Free limited Plan/span_Other Service Business' is visible

2023-04-19 11:04:15 - [MESSAGE][PASSED] - Object 'Object Repository/04-Add my Organizations/Free limited Plan/span_Other Service Business' is visible

2023-04-19 11:04:15 - [TEST_STEP][PASSED] - verifyElementVisible(findTestObject("04-Add my Organizations/Free limited Plan/span_Product Business")): Object 'Object Repository/04-Add my Organizations/Free limited Plan/span_Product Business' is visible

2023-04-19 11:04:15 - [MESSAGE][PASSED] - Object 'Object Repository/04-Add my Organizations/Free limited Plan/span_Product Business' is visible

2023-04-19 11:04:15 - [TEST_STEP][PASSED] - verifyElementVisible(findTestObject("04-Add my Organizations/Free limited Plan/span_Community")): Object 'Object Repository/04-Add my Organizations/Free limited Plan/span_Community' is visible

2023-04-19 11:04:16 - [MESSAGE][PASSED] - Object 'Object Repository/04-Add my Organizations/Free limited Plan/span_Community' is visible

2023-04-19 11:04:16 - [TEST_STEP][PASSED] - verifyElementVisible(findTestObject("04-Add my Organizations/Free limited Plan/span_Non Profit Organizations")): Object 'Object Repository/04-Add my Organizations/Free limited Plan/span_Non Profit Organizations' is visible

2023-04-19 11:04:16 - [MESSAGE][PASSED] - Object 'Object Repository/04-Add my Organizations/Free limited Plan/span_Non Profit Organizations' is visible

2023-04-19 11:04:16 - [TEST_STEP][PASSED] - delay(1): Delayed 1 second(s)

2023-04-19 11:04:17 - [MESSAGE][PASSED] - Delayed 1 second(s)

2023-04-19 11:04:17 - [TEST_STEP][PASSED] - click(findTestObject("04-Add my Organizations/Free limited Plan/span_Other Service Business")): Object: 'Object Repository/04-Add my Organizations/Free limited Plan/span_Other Service Business' is clicked on

2023-04-19 11:04:18 - [MESSAGE][PASSED] - Object: 'Object Repository/04-Add my Organizations/Free limited Plan/span_Other Service Business' is clicked on

2023-04-19 11:04:18 - [TEST_STEP][PASSED] - click(findTestObject("04-Add my Organizations/Free limited Plan/button_Next")): Object: 'Object Repository/04-Add my Organizations/Free limited Plan/button_Next' is clicked on

2023-04-19 11:04:18 - [MESSAGE][PASSED] - Object: 'Object Repository/04-Add my Organizations/Free limited Plan/button_Next' is clicked on

2023-04-19 11:04:18 - [TEST_STEP][PASSED] - delay(1): Delayed 1 second(s)

2023-04-19 11:04:19 - [MESSAGE][PASSED] - Delayed 1 second(s)

2023-04-19 11:04:19 - [TEST_STEP][PASSED] - verifyElementVisible(findTestObject("04-Add my Organizations/Free limited Plan/add my org modal 2")): Object 'Object Repository/04-Add my Organizations/Free limited Plan/add my org modal 2' is visible

2023-04-19 11:04:20 - [MESSAGE][PASSED] - Object 'Object Repository/04-Add my Organizations/Free limited Plan/add my org modal 2' is visible

2023-04-19 11:04:20 - [TEST_STEP][PASSED] - click(findTestObject("04-Add my Organizations/Free limited Plan/Free limited plan radio button")): Object: 'Object Repository/04-Add my Organizations/Free limited Plan/Free limited plan radio button' is clicked on

2023-04-19 11:04:21 - [MESSAGE][PASSED] - Object: 'Object Repository/04-Add my Organizations/Free limited Plan/Free limited plan radio button' is clicked on

2023-04-19 11:04:21 - [TEST_STEP][PASSED] - delay(1): Delayed 1 second(s)

2023-04-19 11:04:22 - [MESSAGE][PASSED] - Delayed 1 second(s)

2023-04-19 11:04:22 - [TEST_STEP][PASSED] - click(findTestObject("04-Add my Organizations/Free limited Plan/span_Usage limit")): Object: 'Object Repository/04-Add my Organizations/Free limited Plan/span_Usage limit' is clicked on

2023-04-19 11:04:23 - [MESSAGE][PASSED] - Object: 'Object Repository/04-Add my Organizations/Free limited Plan/span_Usage limit' is clicked on

2023-04-19 11:04:23 - [TEST_STEP][PASSED] - switchToWindowIndex(1): Switched to window with index: '1'

2023-04-19 11:04:23 - [MESSAGE][PASSED] - Switched to window with index: '1'

2023-04-19 11:04:23 - [TEST_STEP][PASSED] - delay(5): Delayed 5 second(s)

2023-04-19 11:04:28 - [MESSAGE][PASSED] - Delayed 5 second(s)

2023-04-19 11:04:28 - [TEST_STEP][PASSED] - assert getUrl() == "https://www.everleagues.com/pricing": Current window's url is: 'https://www.everleagues.com/pricing'

2023-04-19 11:04:28 - [MESSAGE][PASSED] - Current window's url is: 'https://www.everleagues.com/pricing'

2023-04-19 11:04:28 - [TEST_STEP][PASSED] - closeWindowUrl("https://www.everleagues.com/pricing"): Window with url: 'https://www.everleagues.com/pricing' is closed

2023-04-19 11:04:29 - [MESSAGE][PASSED] - Window with url: 'https://www.everleagues.com/pricing' is closed

2023-04-19 11:04:29 - [TEST_STEP][PASSED] - switchToWindowIndex(0): Switched to window with index: '0'

2023-04-19 11:04:29 - [MESSAGE][PASSED] - Switched to window with index: '0'

2023-04-19 11:04:29 - [TEST_STEP][PASSED] - delay(1): Delayed 1 second(s)

2023-04-19 11:04:30 - [MESSAGE][PASSED] - Delayed 1 second(s)

2023-04-19 11:04:30 - [TEST_STEP][PASSED] - click(findTestObject("04-Add my Organizations/Free limited Plan/a_open_in_newPricing detail")): Object: 'Object Repository/04-Add my Organizations/Free limited Plan/a_open_in_newPricing detail' is clicked on

2023-04-19 11:04:30 - [MESSAGE][PASSED] - Object: 'Object Repository/04-Add my Organizations/Free limited Plan/a_open_in_newPricing detail' is clicked on

2023-04-19 11:04:30 - [TEST_STEP][PASSED] - switchToWindowIndex(1): Switched to window with index: '1'

2023-04-19 11:04:30 - [MESSAGE][PASSED] - Switched to window with index: '1'

2023-04-19 11:04:30 - [TEST_STEP][PASSED] - delay(5): Delayed 5 second(s)

2023-04-19 11:04:35 - [MESSAGE][PASSED] - Delayed 5 second(s)

2023-04-19 11:04:35 - [TEST_STEP][PASSED] - assert getUrl() == "https://www.everleagues.com/pricing": Current window's url is: 'https://www.everleagues.com/pricing'

2023-04-19 11:04:35 - [MESSAGE][PASSED] - Current window's url is: 'https://www.everleagues.com/pricing'

2023-04-19 11:04:35 - [TEST_STEP][PASSED] - closeWindowUrl("https://www.everleagues.com/pricing"): Window with url: 'https://www.everleagues.com/pricing' is closed

2023-04-19 11:04:36 - [MESSAGE][PASSED] - Window with url: 'https://www.everleagues.com/pricing' is closed

2023-04-19 11:04:36 - [TEST_STEP][PASSED] - switchToWindowIndex(0): Switched to window with index: '0'

2023-04-19 11:04:36 - [MESSAGE][PASSED] - Switched to window with index: '0'

2023-04-19 11:04:36 - [TEST_STEP][PASSED] - delay(1): Delayed 1 second(s)

2023-04-19 11:04:37 - [MESSAGE][PASSED] - Delayed 1 second(s)

2023-04-19 11:04:37 - [TEST_STEP][PASSED] - click(findTestObject("04-Add my Organizations/Free limited Plan/button_Next2")): Object: 'Object Repository/04-Add my Organizations/Free limited Plan/button_Next2' is clicked on

2023-04-19 11:04:37 - [MESSAGE][PASSED] - Object: 'Object Repository/04-Add my Organizations/Free limited Plan/button_Next2' is clicked on

2023-04-19 11:04:37 - [TEST_STEP][PASSED] - delay(1): Delayed 1 second(s)

2023-04-19 11:04:38 - [MESSAGE][PASSED] - Delayed 1 second(s)

2023-04-19 11:04:38 - [TEST_STEP][PASSED] - verifyElementVisible(findTestObject("04-Add my Organizations/Free limited Plan/add my org modal 3")): Object 'Object Repository/04-Add my Organizations/Free limited Plan/add my org modal 3' is visible

2023-04-19 11:04:38 - [MESSAGE][PASSED] - Object 'Object Repository/04-Add my Organizations/Free limited Plan/add my org modal 3' is visible

2023-04-19 11:04:38 - [TEST_STEP][PASSED] - delay(1): Delayed 1 second(s)

2023-04-19 11:04:39 - [MESSAGE][PASSED] - Delayed 1 second(s)

2023-04-19 11:04:39 - [TEST_STEP][PASSED] - click(findTestObject("04-Add my Organizations/Free limited Plan/SaaS checkbox")): Object: 'Object Repository/04-Add my Organizations/Free limited Plan/SaaS checkbox' is clicked on

2023-04-19 11:04:40 - [MESSAGE][PASSED] - Object: 'Object Repository/04-Add my Organizations/Free limited Plan/SaaS checkbox' is clicked on

2023-04-19 11:04:40 - [TEST_STEP][PASSED] - click(findTestObject("04-Add my Organizations/Free limited Plan/a_Software as a service (SaaS) subscription agreement")): Object: 'Object Repository/04-Add my Organizations/Free limited Plan/a_Software as a service (SaaS) subscription agreement' is clicked on

2023-04-19 11:04:41 - [MESSAGE][PASSED] - Object: 'Object Repository/04-Add my Organizations/Free limited Plan/a_Software as a service (SaaS) subscription agreement' is clicked on

2023-04-19 11:04:41 - [TEST_STEP][PASSED] - switchToWindowIndex(1): Switched to window with index: '1'

2023-04-19 11:04:41 - [MESSAGE][PASSED] - Switched to window with index: '1'

2023-04-19 11:04:41 - [TEST_STEP][PASSED] - delay(5): Delayed 5 second(s)

2023-04-19 11:04:46 - [MESSAGE][PASSED] - Delayed 5 second(s)

2023-04-19 11:04:46 - [TEST_STEP][PASSED] - assert getUrl() == "https://www.everleagues.com/saas-agreement/": Current window's url is: 'https://www.everleagues.com/saas-agreement/'

2023-04-19 11:04:48 - [MESSAGE][PASSED] - Current window's url is: 'https://www.everleagues.com/saas-agreement/'

2023-04-19 11:04:48 - [TEST_STEP][PASSED] - closeWindowUrl("https://www.everleagues.com/saas-agreement/"): Window with url: 'https://www.everleagues.com/saas-agreement/' is closed

2023-04-19 11:04:48 - [MESSAGE][PASSED] - Window with url: 'https://www.everleagues.com/saas-agreement/' is closed

2023-04-19 11:04:48 - [TEST_STEP][PASSED] - switchToWindowIndex(0): Switched to window with index: '0'

2023-04-19 11:04:48 - [MESSAGE][PASSED] - Switched to window with index: '0'

2023-04-19 11:04:48 - [TEST_STEP][PASSED] - delay(1): Delayed 1 second(s)

2023-04-19 11:04:49 - [MESSAGE][PASSED] - Delayed 1 second(s)

2023-04-19 11:04:49 - [TEST_STEP][PASSED] - click(findTestObject("04-Add my Organizations/Free limited Plan/button_Create")): Object: 'Object Repository/04-Add my Organizations/Free limited Plan/button_Create' is clicked on

2023-04-19 11:04:50 - [MESSAGE][PASSED] - Object: 'Object Repository/04-Add my Organizations/Free limited Plan/button_Create' is clicked on

2023-04-19 11:04:50 - [TEST_STEP][PASSED] - delay(1): Delayed 1 second(s)

2023-04-19 11:04:51 - [MESSAGE][PASSED] - Delayed 1 second(s)

2023-04-19 11:04:51 - [TEST_STEP][PASSED] - verifyElementVisible(findTestObject("04-Add my Organizations/Free limited Plan/Congratulations msg")): Object 'Object Repository/04-Add my Organizations/Free limited Plan/Congratulations msg' is visible

2023-04-19 11:05:00 - [MESSAGE][PASSED] - Object 'Object Repository/04-Add my Organizations/Free limited Plan/Congratulations msg' is visible

2023-04-19 11:05:00 - [TEST_STEP][PASSED] - verifyElementVisible(findTestObject("04-Add my Organizations/Free limited Plan/button_SET UP")): Object 'Object Repository/04-Add my Organizations/Free limited Plan/button_SET UP' is visible

2023-04-19 11:05:01 - [MESSAGE][PASSED] - Object 'Object Repository/04-Add my Organizations/Free limited Plan/button_SET UP' is visible

2023-04-19 11:05:01 - [TEST_STEP][PASSED] - verifyElementVisible(findTestObject("04-Add my Organizations/Free limited Plan/button_INVITE EMPLOYEES etc")): Object 'Object Repository/04-Add my Organizations/Free limited Plan/button_INVITE EMPLOYEES etc' is visible

2023-04-19 11:05:01 - [MESSAGE][PASSED] - Object 'Object Repository/04-Add my Organizations/Free limited Plan/button_INVITE EMPLOYEES etc' is visible

2023-04-19 11:05:01 - [TEST_STEP][PASSED] - verifyElementVisible(findTestObject("04-Add my Organizations/Free limited Plan/button_SET UP TEAM")): Object 'Object Repository/04-Add my Organizations/Free limited Plan/button_SET UP TEAM' is visible

2023-04-19 11:05:01 - [MESSAGE][PASSED] - Object 'Object Repository/04-Add my Organizations/Free limited Plan/button_SET UP TEAM' is visible

2023-04-19 11:05:01 - [TEST_STEP][PASSED] - verifyElementVisible(findTestObject("04-Add my Organizations/Free limited Plan/button_LEARN MORE")): Object 'Object Repository/04-Add my Organizations/Free limited Plan/button_LEARN MORE' is visible

2023-04-19 11:05:02 - [MESSAGE][PASSED] - Object 'Object Repository/04-Add my Organizations/Free limited Plan/button_LEARN MORE' is visible

2023-04-19 11:05:02 - [TEST_STEP][PASSED] - delay(5): Delayed 5 second(s)

2023-04-19 11:05:07 - [MESSAGE][PASSED] - Delayed 5 second(s)

2023-04-19 11:05:07 - [TEST_STEP][PASSED] - click(findTestObject("04-Add my Organizations/Free limited Plan/button_DO THIS LATER")): Object: 'Object Repository/04-Add my Organizations/Free limited Plan/button_DO THIS LATER' is clicked on

2023-04-19 11:05:07 - [MESSAGE][PASSED] - Object: 'Object Repository/04-Add my Organizations/Free limited Plan/button_DO THIS LATER' is clicked on

2023-04-19 11:05:07 - [TEST_STEP][PASSED] - delay(1): Delayed 1 second(s)

2023-04-19 11:05:08 - [MESSAGE][PASSED] - Delayed 1 second(s)

2023-04-19 11:05:08 - [TEST_STEP][PASSED] - verifyElementVisible(findTestObject("04-Add my Organizations/Free limited Plan/span_GG Automation")): Object 'Object Repository/04-Add my Organizations/Free limited Plan/span_GG Automation' is visible

2023-04-19 11:05:09 - [MESSAGE][PASSED] - Object 'Object Repository/04-Add my Organizations/Free limited Plan/span_GG Automation' is visible

2023-04-19 11:05:09 - [TEST_STEP][PASSED] - delay(1): Delayed 1 second(s)

2023-04-19 11:05:10 - [MESSAGE][PASSED] - Delayed 1 second(s)

2023-04-19 11:05:10 - [TEST_STEP][PASSED] - closeBrowser(): Browser is closed

2023-04-19 11:05:11 - [MESSAGE][PASSED] - Browser is closed]]></system-out>
         <system-err><![CDATA[]]></system-err>
      </testcase>
      <system-out><![CDATA[2023-04-19 11:02:31 - [TEST_SUITE][PASSED] - 04-Add my Organizations: Test Cases/04-Add my Organizations/03- Free limited Plan (Positive Scenarios)]]></system-out>
      <system-err><![CDATA[]]></system-err>
   </testsuite>
</testsuites>
