<?xml version="1.0" encoding="UTF-8"?>
<testsuites name="06.1- Teams - Add" time="418.165" tests="2" failures="0" errors="0">
   <testsuite name="06.1- Teams - Add" tests="2" failures="0" errors="0" time="418.165" skipped="0" timestamp="2023-03-06 18:40:41" hostname="asus - DESKTOP-3L3J9C1" id="Test Suites/TS-Organization/06.1- Teams - Add">
      <properties>
         <property name="deviceName" value=""/>
         <property name="devicePlatform" value=""/>
         <property name="logFolder" value="C:\\Users\\asus\\Katalon Studio\\Everleagues\\Everleagues\\Reports\\20230306_184022\\TS-Organization\\06.1- Teams - Add\\20230306_184022"/>
         <property name="logFiles" value="C:\\Users\\asus\\Katalon Studio\\Everleagues\\Everleagues\\Reports\\20230306_184022\\TS-Organization\\06.1- Teams - Add\\20230306_184022\\execution0.log"/>
         <property name="attachments" value=""/>
         <property name="hostName" value="asus - DESKTOP-3L3J9C1"/>
         <property name="os" value="Windows 10 64bit"/>
         <property name="katalonVersion" value="8.4.1.208"/>
         <property name="browser" value="Chrome 110.0.0.0"/>
         <property name="hostAddress" value="10.100.1.128"/>
         <property name="sessionId" value="38bbe61d236addebc2f90c7517772d85"/>
         <property name="seleniumVersion" value="3.141.59"/>
         <property name="proxyInformation" value="ProxyInformation { proxyOption=NO_PROXY, proxyServerType=HTTP, username=, password=********, proxyServerAddress=, proxyServerPort=0, executionList=&quot;&quot;, isApplyToDesiredCapabilities=true }"/>
         <property name="platform" value="Windows 10"/>
      </properties>
      <testcase name="Test Cases/06- Teams/01- Add Team- Public" time="351.372" classname="Test Cases/06- Teams/01- Add Team- Public" status="PASSED">
         <system-out><![CDATA[2023-03-06 18:40:43 - [TEST_CASE][PASSED] - Test Cases/06- Teams/01- Add Team- Public: Test Cases/06- Teams/01- Add Team- Public

2023-03-06 18:40:45 - [TEST_STEP][PASSED] - openBrowser(""): Browser is opened with url: ''

2023-03-06 18:40:47 - [MESSAGE][INFO] - Starting 'Chrome' driver

2023-03-06 18:40:48 - [MESSAGE][INFO] - Action delay is set to 0 milliseconds

2023-03-06 18:40:58 - [MESSAGE][PASSED] - Browser is opened with url: ''

2023-03-06 18:40:58 - [TEST_STEP][PASSED] - navigateToUrl("https://lab.everleagues.com/"): Navigate to 'https://lab.everleagues.com/' successfully

2023-03-06 18:44:02 - [MESSAGE][PASSED] - Navigate to 'https://lab.everleagues.com/' successfully

2023-03-06 18:44:02 - [TEST_STEP][PASSED] - maximizeWindow(): Current window maximized

2023-03-06 18:44:03 - [MESSAGE][PASSED] - Current window maximized

2023-03-06 18:44:03 - [TEST_STEP][PASSED] - callTestCase(findTestCase("01-Login and Forgot Password/04-Login(Valid Credentials-With Subscription)"), [:], STOP_ON_FAILURE): Call Test Case 'Test Cases/01-Login and Forgot Password/04-Login(Valid Credentials-With Subscription)' successfully

2023-03-06 18:44:04 - [TEST_CASE][PASSED] - Test Cases/01-Login and Forgot Password/04-Login(Valid Credentials-With Subscription): Test Cases/01-Login and Forgot Password/04-Login(Valid Credentials-With Subscription)

2023-03-06 18:44:07 - [TEST_STEP][PASSED] - setText(findTestObject("01-Login and Forgot Password/input_Email_email"), "testuser02@mailinator.com"): Text 'testuser02@mailinator.com' is set on object 'Object Repository/01-Login and Forgot Password/input_Email_email'

2023-03-06 18:44:10 - [MESSAGE][PASSED] - Text 'testuser02@mailinator.com' is set on object 'Object Repository/01-Login and Forgot Password/input_Email_email'

2023-03-06 18:44:10 - [TEST_STEP][PASSED] - setEncryptedText(findTestObject("01-Login and Forgot Password/input_Email_password"), "8yFRyszE6U6jvsCn51OQbg=="): Text ****** has been set on object 'Object Repository/01-Login and Forgot Password/input_Email_password'

2023-03-06 18:44:12 - [MESSAGE][PASSED] - Text ****** has been set on object 'Object Repository/01-Login and Forgot Password/input_Email_password'

2023-03-06 18:44:12 - [TEST_STEP][PASSED] - delay(2): Delayed 2 second(s)

2023-03-06 18:44:14 - [MESSAGE][PASSED] - Delayed 2 second(s)

2023-03-06 18:44:14 - [TEST_STEP][PASSED] - click(findTestObject("01-Login and Forgot Password/show pass button")): Object: 'Object Repository/01-Login and Forgot Password/show pass button' is clicked on

2023-03-06 18:44:16 - [MESSAGE][PASSED] - Object: 'Object Repository/01-Login and Forgot Password/show pass button' is clicked on

2023-03-06 18:44:16 - [TEST_STEP][PASSED] - delay(3): Delayed 3 second(s)

2023-03-06 18:44:19 - [MESSAGE][PASSED] - Delayed 3 second(s)

2023-03-06 18:44:19 - [TEST_STEP][PASSED] - click(findTestObject("01-Login and Forgot Password/button_Sign in")): Object: 'Object Repository/01-Login and Forgot Password/button_Sign in' is clicked on

2023-03-06 18:44:20 - [MESSAGE][PASSED] - Object: 'Object Repository/01-Login and Forgot Password/button_Sign in' is clicked on

2023-03-06 18:44:20 - [TEST_STEP][PASSED] - delay(3): Delayed 3 second(s)

2023-03-06 18:44:23 - [MESSAGE][PASSED] - Delayed 3 second(s)

2023-03-06 18:44:23 - [TEST_STEP][PASSED] - click(findTestObject("06-Teams/For 2FA/button_Confirm_2FA")): Object: 'Object Repository/06-Teams/For 2FA/button_Confirm_2FA' is clicked on

2023-03-06 18:44:24 - [MESSAGE][PASSED] - Object: 'Object Repository/06-Teams/For 2FA/button_Confirm_2FA' is clicked on

2023-03-06 18:44:24 - [TEST_STEP][PASSED] - executeJavaScript("window.open();", []): Execute JavaScript 'window.open();' successfully

2023-03-06 18:44:24 - [MESSAGE][PASSED] - Execute JavaScript 'window.open();' successfully

2023-03-06 18:44:24 - [TEST_STEP][PASSED] - currentWindow = getWindowIndex(): Current window's index is: 0

2023-03-06 18:44:25 - [MESSAGE][PASSED] - Current window's index is: 0

2023-03-06 18:44:25 - [TEST_STEP][PASSED] - delay(3): Delayed 3 second(s)

2023-03-06 18:44:28 - [MESSAGE][PASSED] - Delayed 3 second(s)

2023-03-06 18:44:28 - [TEST_STEP][PASSED] - switchToWindowIndex(currentWindow + 1): Switched to window with index: '1'

2023-03-06 18:44:28 - [MESSAGE][PASSED] - Switched to window with index: '1'

2023-03-06 18:44:28 - [TEST_STEP][PASSED] - navigateToUrl("https://www.mailinator.com/"): Navigate to 'https://www.mailinator.com/' successfully

2023-03-06 18:44:35 - [MESSAGE][PASSED] - Navigate to 'https://www.mailinator.com/' successfully

2023-03-06 18:44:35 - [TEST_STEP][PASSED] - delay(3): Delayed 3 second(s)

2023-03-06 18:44:38 - [MESSAGE][PASSED] - Delayed 3 second(s)

2023-03-06 18:44:38 - [TEST_STEP][PASSED] - setText(findTestObject("00-Signup and Activation/zMailinator/input_LOGIN_search"), "testuser02@mailinator.com"): Text 'testuser02@mailinator.com' is set on object 'Object Repository/00-Signup and Activation/zMailinator/input_LOGIN_search'

2023-03-06 18:44:40 - [MESSAGE][PASSED] - Text 'testuser02@mailinator.com' is set on object 'Object Repository/00-Signup and Activation/zMailinator/input_LOGIN_search'

2023-03-06 18:44:40 - [TEST_STEP][PASSED] - click(findTestObject("00-Signup and Activation/zMailinator/gobutton"), STOP_ON_FAILURE): Object: 'Object Repository/00-Signup and Activation/zMailinator/gobutton' is clicked on

2023-03-06 18:44:42 - [MESSAGE][PASSED] - Object: 'Object Repository/00-Signup and Activation/zMailinator/gobutton' is clicked on

2023-03-06 18:44:42 - [TEST_STEP][PASSED] - delay(3): Delayed 3 second(s)

2023-03-06 18:44:45 - [MESSAGE][PASSED] - Delayed 3 second(s)

2023-03-06 18:44:45 - [TEST_STEP][PASSED] - click(findTestObject("00-Signup and Activation/zMailinator/Email - everleagues")): Object: 'Object Repository/00-Signup and Activation/zMailinator/Email - everleagues' is clicked on

2023-03-06 18:44:46 - [MESSAGE][PASSED] - Object: 'Object Repository/00-Signup and Activation/zMailinator/Email - everleagues' is clicked on

2023-03-06 18:44:46 - [TEST_STEP][PASSED] - delay(3): Delayed 3 second(s)

2023-03-06 18:44:49 - [MESSAGE][PASSED] - Delayed 3 second(s)

2023-03-06 18:44:49 - [TEST_STEP][PASSED] - code = getText(findTestObject("Object Repository/06-Teams/For 2FA/2FA code")): Text of object 'Object Repository/06-Teams/For 2FA/2FA code' is: '149426'

2023-03-06 18:44:51 - [MESSAGE][PASSED] - Text of object 'Object Repository/06-Teams/For 2FA/2FA code' is: '149426'

2023-03-06 18:44:51 - [TEST_STEP][PASSED] - delay(3): Delayed 3 second(s)

2023-03-06 18:44:54 - [MESSAGE][PASSED] - Delayed 3 second(s)

2023-03-06 18:44:54 - [TEST_STEP][PASSED] - closeWindowTitle("Mailinator"): Window with title: 'Mailinator' is closed

2023-03-06 18:44:54 - [MESSAGE][PASSED] - Window with title: 'Mailinator' is closed

2023-03-06 18:44:54 - [TEST_STEP][PASSED] - delay(3): Delayed 3 second(s)

2023-03-06 18:44:57 - [MESSAGE][PASSED] - Delayed 3 second(s)

2023-03-06 18:44:57 - [TEST_STEP][PASSED] - switchToWindowIndex(0): Switched to window with index: '0'

2023-03-06 18:44:57 - [MESSAGE][PASSED] - Switched to window with index: '0'

2023-03-06 18:44:57 - [TEST_STEP][PASSED] - delay(3): Delayed 3 second(s)

2023-03-06 18:45:00 - [MESSAGE][PASSED] - Delayed 3 second(s)

2023-03-06 18:45:00 - [TEST_STEP][PASSED] - setText(findTestObject("Object Repository/06-Teams/For 2FA/input_Enter verification code_code"), code): Text '149426' is set on object 'Object Repository/06-Teams/For 2FA/input_Enter verification code_code'

2023-03-06 18:45:03 - [MESSAGE][PASSED] - Text '149426' is set on object 'Object Repository/06-Teams/For 2FA/input_Enter verification code_code'

2023-03-06 18:45:03 - [TEST_STEP][PASSED] - delay(3): Delayed 3 second(s)

2023-03-06 18:45:06 - [MESSAGE][PASSED] - Delayed 3 second(s)

2023-03-06 18:45:06 - [TEST_STEP][PASSED] - click(findTestObject("06-Teams/For 2FA/button_Verify_2FA")): Object: 'Object Repository/06-Teams/For 2FA/button_Verify_2FA' is clicked on

2023-03-06 18:45:07 - [MESSAGE][PASSED] - Object: 'Object Repository/06-Teams/For 2FA/button_Verify_2FA' is clicked on

2023-03-06 18:45:07 - [TEST_STEP][PASSED] - delay(3): Delayed 3 second(s)

2023-03-06 18:45:10 - [MESSAGE][PASSED] - Delayed 3 second(s)

2023-03-06 18:45:10 - [MESSAGE][PASSED] - Call Test Case 'Test Cases/01-Login and Forgot Password/04-Login(Valid Credentials-With Subscription)' successfully

2023-03-06 18:45:10 - [TEST_STEP][PASSED] - click(findTestObject("06-Teams/button_doublearrow")): Object: 'Object Repository/06-Teams/button_doublearrow' is clicked on

2023-03-06 18:45:16 - [MESSAGE][PASSED] - Object: 'Object Repository/06-Teams/button_doublearrow' is clicked on

2023-03-06 18:45:16 - [TEST_STEP][PASSED] - click(findTestObject("06-Teams/button_My Organizations")): Object: 'Object Repository/06-Teams/button_My Organizations' is clicked on

2023-03-06 18:45:19 - [MESSAGE][PASSED] - Object: 'Object Repository/06-Teams/button_My Organizations' is clicked on

2023-03-06 18:45:19 - [TEST_STEP][PASSED] - click(findTestObject("06-Teams/button_GG Automation")): Object: 'Object Repository/06-Teams/button_GG Automation' is clicked on

2023-03-06 18:45:21 - [MESSAGE][PASSED] - Object: 'Object Repository/06-Teams/button_GG Automation' is clicked on

2023-03-06 18:45:21 - [TEST_STEP][PASSED] - delay(4): Delayed 4 second(s)

2023-03-06 18:45:25 - [MESSAGE][PASSED] - Delayed 4 second(s)

2023-03-06 18:45:25 - [TEST_STEP][PASSED] - verifyElementVisible(findTestObject("06-Teams/span_GG Automation")): Object 'Object Repository/06-Teams/span_GG Automation' is visible

2023-03-06 18:45:27 - [MESSAGE][PASSED] - Object 'Object Repository/06-Teams/span_GG Automation' is visible

2023-03-06 18:45:27 - [TEST_STEP][PASSED] - delay(2): Delayed 2 second(s)

2023-03-06 18:45:29 - [MESSAGE][PASSED] - Delayed 2 second(s)

2023-03-06 18:45:29 - [TEST_STEP][PASSED] - click(findTestObject("03-Header Menu/Hamburger Button/div_Teams")): Object: 'Object Repository/03-Header Menu/Hamburger Button/div_Teams' is clicked on

2023-03-06 18:45:30 - [MESSAGE][PASSED] - Object: 'Object Repository/03-Header Menu/Hamburger Button/div_Teams' is clicked on

2023-03-06 18:45:31 - [TEST_STEP][PASSED] - delay(2): Delayed 2 second(s)

2023-03-06 18:45:33 - [MESSAGE][PASSED] - Delayed 2 second(s)

2023-03-06 18:45:33 - [TEST_STEP][PASSED] - verifyElementVisible(findTestObject("06-Teams/h4_TEAMS")): Object 'Object Repository/06-Teams/h4_TEAMS' is visible

2023-03-06 18:45:34 - [MESSAGE][PASSED] - Object 'Object Repository/06-Teams/h4_TEAMS' is visible

2023-03-06 18:45:34 - [TEST_STEP][PASSED] - delay(3): Delayed 3 second(s)

2023-03-06 18:45:37 - [MESSAGE][PASSED] - Delayed 3 second(s)

2023-03-06 18:45:37 - [TEST_STEP][PASSED] - click(findTestObject("06-Teams/Add Team")): Object: 'Object Repository/06-Teams/Add Team' is clicked on

2023-03-06 18:45:39 - [MESSAGE][PASSED] - Object: 'Object Repository/06-Teams/Add Team' is clicked on

2023-03-06 18:45:39 - [TEST_STEP][PASSED] - delay(3): Delayed 3 second(s)

2023-03-06 18:45:42 - [MESSAGE][PASSED] - Delayed 3 second(s)

2023-03-06 18:45:42 - [TEST_STEP][PASSED] - verifyElementVisible(findTestObject("06-Teams/button_Public")): Object 'Object Repository/06-Teams/button_Public' is visible

2023-03-06 18:45:44 - [MESSAGE][PASSED] - Object 'Object Repository/06-Teams/button_Public' is visible

2023-03-06 18:45:44 - [TEST_STEP][PASSED] - verifyElementVisible(findTestObject("06-Teams/button_Private")): Object 'Object Repository/06-Teams/button_Private' is visible

2023-03-06 18:45:45 - [MESSAGE][PASSED] - Object 'Object Repository/06-Teams/button_Private' is visible

2023-03-06 18:45:45 - [TEST_STEP][PASSED] - delay(3): Delayed 3 second(s)

2023-03-06 18:45:48 - [MESSAGE][PASSED] - Delayed 3 second(s)

2023-03-06 18:45:48 - [TEST_STEP][PASSED] - click(findTestObject("06-Teams/button_Public")): Object: 'Object Repository/06-Teams/button_Public' is clicked on

2023-03-06 18:45:53 - [MESSAGE][PASSED] - Object: 'Object Repository/06-Teams/button_Public' is clicked on

2023-03-06 18:45:53 - [TEST_STEP][PASSED] - verifyElementVisible(findTestObject("06-Teams/01-Add Team-Public/Add Team_Public")): Object 'Object Repository/06-Teams/01-Add Team-Public/Add Team_Public' is visible

2023-03-06 18:45:56 - [MESSAGE][PASSED] - Object 'Object Repository/06-Teams/01-Add Team-Public/Add Team_Public' is visible

2023-03-06 18:45:56 - [TEST_STEP][PASSED] - scrollToElement(findTestObject("06-Teams/01-Add Team-Public/button_Create"), 0): Scroll to object 'Object Repository/06-Teams/01-Add Team-Public/button_Create' successfully

2023-03-06 18:45:57 - [MESSAGE][WARNING] - Timeout '0' is invalid. Using default page load timeout: '30'

2023-03-06 18:45:58 - [MESSAGE][PASSED] - Scroll to object 'Object Repository/06-Teams/01-Add Team-Public/button_Create' successfully

2023-03-06 18:45:58 - [TEST_STEP][PASSED] - verifyElementNotClickable(findTestObject("06-Teams/01-Add Team-Public/button_Create")): Object 'Object Repository/06-Teams/01-Add Team-Public/button_Create' is NOT clickable

2023-03-06 18:45:59 - [MESSAGE][PASSED] - Object 'Object Repository/06-Teams/01-Add Team-Public/button_Create' is NOT clickable

2023-03-06 18:45:59 - [TEST_STEP][PASSED] - delay(3): Delayed 3 second(s)

2023-03-06 18:46:03 - [MESSAGE][PASSED] - Delayed 3 second(s)

2023-03-06 18:46:03 - [TEST_STEP][PASSED] - click(findTestObject("06-Teams/01-Add Team-Public/input_teamName")): Object: 'Object Repository/06-Teams/01-Add Team-Public/input_teamName' is clicked on

2023-03-06 18:46:04 - [MESSAGE][PASSED] - Object: 'Object Repository/06-Teams/01-Add Team-Public/input_teamName' is clicked on

2023-03-06 18:46:04 - [TEST_STEP][PASSED] - click(findTestObject("06-Teams/01-Add Team-Public/Org unit")): Object: 'Object Repository/06-Teams/01-Add Team-Public/Org unit' is clicked on

2023-03-06 18:46:06 - [MESSAGE][PASSED] - Object: 'Object Repository/06-Teams/01-Add Team-Public/Org unit' is clicked on

2023-03-06 18:46:06 - [TEST_STEP][PASSED] - verifyElementVisible(findTestObject("06-Teams/01-Add Team-Public/h4_Select an organization unit")): Object 'Object Repository/06-Teams/01-Add Team-Public/h4_Select an organization unit' is visible

2023-03-06 18:46:07 - [MESSAGE][PASSED] - Object 'Object Repository/06-Teams/01-Add Team-Public/h4_Select an organization unit' is visible

2023-03-06 18:46:07 - [TEST_STEP][PASSED] - delay(3): Delayed 3 second(s)

2023-03-06 18:46:10 - [MESSAGE][PASSED] - Delayed 3 second(s)

2023-03-06 18:46:10 - [TEST_STEP][PASSED] - click(findTestObject("06-Teams/01-Add Team-Public/div_GG Automation")): Object: 'Object Repository/06-Teams/01-Add Team-Public/div_GG Automation' is clicked on

2023-03-06 18:46:12 - [MESSAGE][PASSED] - Object: 'Object Repository/06-Teams/01-Add Team-Public/div_GG Automation' is clicked on

2023-03-06 18:46:12 - [TEST_STEP][PASSED] - click(findTestObject("06-Teams/01-Add Team-Public/button_Select")): Object: 'Object Repository/06-Teams/01-Add Team-Public/button_Select' is clicked on

2023-03-06 18:46:13 - [MESSAGE][PASSED] - Object: 'Object Repository/06-Teams/01-Add Team-Public/button_Select' is clicked on

2023-03-06 18:46:13 - [TEST_STEP][PASSED] - verifyElementVisible(findTestObject("06-Teams/01-Add Team-Public/Error Team name")): Object 'Object Repository/06-Teams/01-Add Team-Public/Error Team name' is visible

2023-03-06 18:46:14 - [MESSAGE][PASSED] - Object 'Object Repository/06-Teams/01-Add Team-Public/Error Team name' is visible

2023-03-06 18:46:14 - [TEST_STEP][PASSED] - delay(3): Delayed 3 second(s)

2023-03-06 18:46:17 - [MESSAGE][PASSED] - Delayed 3 second(s)

2023-03-06 18:46:17 - [TEST_STEP][PASSED] - setText(findTestObject("06-Teams/01-Add Team-Public/input_teamName"), "Auto Team Public"): Text 'Auto Team Public' is set on object 'Object Repository/06-Teams/01-Add Team-Public/input_teamName'

2023-03-06 18:46:20 - [MESSAGE][PASSED] - Text 'Auto Team Public' is set on object 'Object Repository/06-Teams/01-Add Team-Public/input_teamName'

2023-03-06 18:46:20 - [TEST_STEP][PASSED] - scrollToElement(findTestObject("06-Teams/01-Add Team-Public/button_Create"), 0): Scroll to object 'Object Repository/06-Teams/01-Add Team-Public/button_Create' successfully

2023-03-06 18:46:20 - [MESSAGE][WARNING] - Timeout '0' is invalid. Using default page load timeout: '30'

2023-03-06 18:46:21 - [MESSAGE][PASSED] - Scroll to object 'Object Repository/06-Teams/01-Add Team-Public/button_Create' successfully

2023-03-06 18:46:21 - [TEST_STEP][PASSED] - click(findTestObject("06-Teams/01-Add Team-Public/button_Create")): Object: 'Object Repository/06-Teams/01-Add Team-Public/button_Create' is clicked on

2023-03-06 18:46:22 - [MESSAGE][PASSED] - Object: 'Object Repository/06-Teams/01-Add Team-Public/button_Create' is clicked on

2023-03-06 18:46:22 - [TEST_STEP][PASSED] - delay(3): Delayed 3 second(s)

2023-03-06 18:46:25 - [MESSAGE][PASSED] - Delayed 3 second(s)

2023-03-06 18:46:25 - [TEST_STEP][PASSED] - verifyElementVisible(findTestObject("06-Teams/01-Add Team-Public/span_Successfully added new team")): Object 'Object Repository/06-Teams/01-Add Team-Public/span_Successfully added new team' is visible

2023-03-06 18:46:27 - [MESSAGE][PASSED] - Object 'Object Repository/06-Teams/01-Add Team-Public/span_Successfully added new team' is visible

2023-03-06 18:46:27 - [TEST_STEP][PASSED] - delay(3): Delayed 3 second(s)

2023-03-06 18:46:30 - [MESSAGE][PASSED] - Delayed 3 second(s)

2023-03-06 18:46:30 - [TEST_STEP][PASSED] - verifyElementVisible(findTestObject("06-Teams/01-Add Team-Public/span_Auto Team Public")): Object 'Object Repository/06-Teams/01-Add Team-Public/span_Auto Team Public' is visible

2023-03-06 18:46:31 - [MESSAGE][PASSED] - Object 'Object Repository/06-Teams/01-Add Team-Public/span_Auto Team Public' is visible

2023-03-06 18:46:31 - [TEST_STEP][PASSED] - delay(3): Delayed 3 second(s)

2023-03-06 18:46:34 - [MESSAGE][PASSED] - Delayed 3 second(s)]]></system-out>
         <system-err><![CDATA[]]></system-err>
      </testcase>
      <testcase name="Test Cases/06- Teams/02-Add Team-Private" time="65.408" classname="Test Cases/06- Teams/02-Add Team-Private" status="PASSED">
         <system-out><![CDATA[2023-03-06 18:46:34 - [TEST_CASE][PASSED] - Test Cases/06- Teams/02-Add Team-Private: Test Cases/06- Teams/02-Add Team-Private

2023-03-06 18:46:36 - [TEST_STEP][PASSED] - click(findTestObject("06-Teams/Add Team")): Object: 'Object Repository/06-Teams/Add Team' is clicked on

2023-03-06 18:46:38 - [MESSAGE][PASSED] - Object: 'Object Repository/06-Teams/Add Team' is clicked on

2023-03-06 18:46:38 - [TEST_STEP][PASSED] - delay(3): Delayed 3 second(s)

2023-03-06 18:46:41 - [MESSAGE][PASSED] - Delayed 3 second(s)

2023-03-06 18:46:41 - [TEST_STEP][PASSED] - verifyElementVisible(findTestObject("06-Teams/button_Public")): Object 'Object Repository/06-Teams/button_Public' is visible

2023-03-06 18:46:41 - [MESSAGE][PASSED] - Object 'Object Repository/06-Teams/button_Public' is visible

2023-03-06 18:46:41 - [TEST_STEP][PASSED] - verifyElementVisible(findTestObject("06-Teams/button_Private")): Object 'Object Repository/06-Teams/button_Private' is visible

2023-03-06 18:46:42 - [MESSAGE][PASSED] - Object 'Object Repository/06-Teams/button_Private' is visible

2023-03-06 18:46:42 - [TEST_STEP][PASSED] - delay(3): Delayed 3 second(s)

2023-03-06 18:46:45 - [MESSAGE][PASSED] - Delayed 3 second(s)

2023-03-06 18:46:45 - [TEST_STEP][PASSED] - click(findTestObject("06-Teams/button_Private")): Object: 'Object Repository/06-Teams/button_Private' is clicked on

2023-03-06 18:46:46 - [MESSAGE][PASSED] - Object: 'Object Repository/06-Teams/button_Private' is clicked on

2023-03-06 18:46:46 - [TEST_STEP][PASSED] - delay(3): Delayed 3 second(s)

2023-03-06 18:46:49 - [MESSAGE][PASSED] - Delayed 3 second(s)

2023-03-06 18:46:49 - [TEST_STEP][PASSED] - verifyElementVisible(findTestObject("06-Teams/02-Add Team-Private/Add team- Private")): Object 'Object Repository/06-Teams/02-Add Team-Private/Add team- Private' is visible

2023-03-06 18:46:50 - [MESSAGE][PASSED] - Object 'Object Repository/06-Teams/02-Add Team-Private/Add team- Private' is visible

2023-03-06 18:46:50 - [TEST_STEP][PASSED] - verifyElementVisible(findTestObject("06-Teams/02-Add Team-Private/div_Settings")): Object 'Object Repository/06-Teams/02-Add Team-Private/div_Settings' is visible

2023-03-06 18:46:51 - [MESSAGE][PASSED] - Object 'Object Repository/06-Teams/02-Add Team-Private/div_Settings' is visible

2023-03-06 18:46:51 - [TEST_STEP][PASSED] - verifyElementVisible(findTestObject("06-Teams/02-Add Team-Private/div_Members")): Object 'Object Repository/06-Teams/02-Add Team-Private/div_Members' is visible

2023-03-06 18:46:51 - [MESSAGE][PASSED] - Object 'Object Repository/06-Teams/02-Add Team-Private/div_Members' is visible

2023-03-06 18:46:51 - [TEST_STEP][PASSED] - scrollToElement(findTestObject("06-Teams/01-Add Team-Public/button_Create"), 0): Scroll to object 'Object Repository/06-Teams/01-Add Team-Public/button_Create' successfully

2023-03-06 18:46:52 - [MESSAGE][WARNING] - Timeout '0' is invalid. Using default page load timeout: '30'

2023-03-06 18:46:52 - [MESSAGE][PASSED] - Scroll to object 'Object Repository/06-Teams/01-Add Team-Public/button_Create' successfully

2023-03-06 18:46:52 - [TEST_STEP][PASSED] - verifyElementNotClickable(findTestObject("06-Teams/01-Add Team-Public/button_Create")): Object 'Object Repository/06-Teams/01-Add Team-Public/button_Create' is NOT clickable

2023-03-06 18:46:53 - [MESSAGE][PASSED] - Object 'Object Repository/06-Teams/01-Add Team-Public/button_Create' is NOT clickable

2023-03-06 18:46:53 - [TEST_STEP][PASSED] - delay(3): Delayed 3 second(s)

2023-03-06 18:46:56 - [MESSAGE][PASSED] - Delayed 3 second(s)

2023-03-06 18:46:56 - [TEST_STEP][PASSED] - click(findTestObject("06-Teams/01-Add Team-Public/input_teamName")): Object: 'Object Repository/06-Teams/01-Add Team-Public/input_teamName' is clicked on

2023-03-06 18:46:57 - [MESSAGE][PASSED] - Object: 'Object Repository/06-Teams/01-Add Team-Public/input_teamName' is clicked on

2023-03-06 18:46:57 - [TEST_STEP][PASSED] - click(findTestObject("06-Teams/01-Add Team-Public/Org unit")): Object: 'Object Repository/06-Teams/01-Add Team-Public/Org unit' is clicked on

2023-03-06 18:46:58 - [MESSAGE][PASSED] - Object: 'Object Repository/06-Teams/01-Add Team-Public/Org unit' is clicked on

2023-03-06 18:46:58 - [TEST_STEP][PASSED] - verifyElementVisible(findTestObject("06-Teams/01-Add Team-Public/h4_Select an organization unit")): Object 'Object Repository/06-Teams/01-Add Team-Public/h4_Select an organization unit' is visible

2023-03-06 18:46:59 - [MESSAGE][PASSED] - Object 'Object Repository/06-Teams/01-Add Team-Public/h4_Select an organization unit' is visible

2023-03-06 18:46:59 - [TEST_STEP][PASSED] - delay(3): Delayed 3 second(s)

2023-03-06 18:47:02 - [MESSAGE][PASSED] - Delayed 3 second(s)

2023-03-06 18:47:02 - [TEST_STEP][PASSED] - click(findTestObject("06-Teams/01-Add Team-Public/div_GG Automation")): Object: 'Object Repository/06-Teams/01-Add Team-Public/div_GG Automation' is clicked on

2023-03-06 18:47:03 - [MESSAGE][PASSED] - Object: 'Object Repository/06-Teams/01-Add Team-Public/div_GG Automation' is clicked on

2023-03-06 18:47:03 - [TEST_STEP][PASSED] - click(findTestObject("06-Teams/01-Add Team-Public/button_Select")): Object: 'Object Repository/06-Teams/01-Add Team-Public/button_Select' is clicked on

2023-03-06 18:47:04 - [MESSAGE][PASSED] - Object: 'Object Repository/06-Teams/01-Add Team-Public/button_Select' is clicked on

2023-03-06 18:47:04 - [TEST_STEP][PASSED] - verifyElementVisible(findTestObject("06-Teams/01-Add Team-Public/Error Team name")): Object 'Object Repository/06-Teams/01-Add Team-Public/Error Team name' is visible

2023-03-06 18:47:05 - [MESSAGE][PASSED] - Object 'Object Repository/06-Teams/01-Add Team-Public/Error Team name' is visible

2023-03-06 18:47:05 - [TEST_STEP][PASSED] - delay(3): Delayed 3 second(s)

2023-03-06 18:47:08 - [MESSAGE][PASSED] - Delayed 3 second(s)

2023-03-06 18:47:08 - [TEST_STEP][PASSED] - setText(findTestObject("06-Teams/01-Add Team-Public/input_teamName"), "Auto Team Private"): Text 'Auto Team Private' is set on object 'Object Repository/06-Teams/01-Add Team-Public/input_teamName'

2023-03-06 18:47:10 - [MESSAGE][PASSED] - Text 'Auto Team Private' is set on object 'Object Repository/06-Teams/01-Add Team-Public/input_teamName'

2023-03-06 18:47:10 - [TEST_STEP][PASSED] - delay(3): Delayed 3 second(s)

2023-03-06 18:47:13 - [MESSAGE][PASSED] - Delayed 3 second(s)

2023-03-06 18:47:13 - [TEST_STEP][PASSED] - click(findTestObject("06-Teams/02-Add Team-Private/div_Members")): Object: 'Object Repository/06-Teams/02-Add Team-Private/div_Members' is clicked on

2023-03-06 18:47:16 - [MESSAGE][PASSED] - Object: 'Object Repository/06-Teams/02-Add Team-Private/div_Members' is clicked on

2023-03-06 18:47:16 - [TEST_STEP][PASSED] - verifyElementVisible(findTestObject("06-Teams/02-Add Team-Private/Members dialog box")): Object 'Object Repository/06-Teams/02-Add Team-Private/Members dialog box' is visible

2023-03-06 18:47:17 - [MESSAGE][PASSED] - Object 'Object Repository/06-Teams/02-Add Team-Private/Members dialog box' is visible

2023-03-06 18:47:17 - [TEST_STEP][PASSED] - delay(3): Delayed 3 second(s)

2023-03-06 18:47:20 - [MESSAGE][PASSED] - Delayed 3 second(s)

2023-03-06 18:47:20 - [TEST_STEP][PASSED] - scrollToElement(findTestObject("06-Teams/01-Add Team-Public/button_Create"), 0): Scroll to object 'Object Repository/06-Teams/01-Add Team-Public/button_Create' successfully

2023-03-06 18:47:21 - [MESSAGE][WARNING] - Timeout '0' is invalid. Using default page load timeout: '30'

2023-03-06 18:47:22 - [MESSAGE][PASSED] - Scroll to object 'Object Repository/06-Teams/01-Add Team-Public/button_Create' successfully

2023-03-06 18:47:22 - [TEST_STEP][PASSED] - click(findTestObject("06-Teams/01-Add Team-Public/button_Create")): Object: 'Object Repository/06-Teams/01-Add Team-Public/button_Create' is clicked on

2023-03-06 18:47:23 - [MESSAGE][PASSED] - Object: 'Object Repository/06-Teams/01-Add Team-Public/button_Create' is clicked on

2023-03-06 18:47:23 - [TEST_STEP][PASSED] - verifyElementVisible(findTestObject("06-Teams/01-Add Team-Public/span_Successfully added new team")): Object 'Object Repository/06-Teams/01-Add Team-Public/span_Successfully added new team' is visible

2023-03-06 18:47:27 - [MESSAGE][PASSED] - Object 'Object Repository/06-Teams/01-Add Team-Public/span_Successfully added new team' is visible

2023-03-06 18:47:27 - [TEST_STEP][PASSED] - delay(3): Delayed 3 second(s)

2023-03-06 18:47:30 - [MESSAGE][PASSED] - Delayed 3 second(s)

2023-03-06 18:47:30 - [TEST_STEP][PASSED] - verifyElementVisible(findTestObject("06-Teams/02-Add Team-Private/span_Auto Team Private")): Object 'Object Repository/06-Teams/02-Add Team-Private/span_Auto Team Private' is visible

2023-03-06 18:47:31 - [MESSAGE][PASSED] - Object 'Object Repository/06-Teams/02-Add Team-Private/span_Auto Team Private' is visible

2023-03-06 18:47:31 - [TEST_STEP][PASSED] - delay(3): Delayed 3 second(s)

2023-03-06 18:47:34 - [MESSAGE][PASSED] - Delayed 3 second(s)

2023-03-06 18:47:34 - [TEST_STEP][PASSED] - closeBrowser(): Browser is closed

2023-03-06 18:47:40 - [MESSAGE][PASSED] - Browser is closed]]></system-out>
         <system-err><![CDATA[]]></system-err>
      </testcase>
      <system-out><![CDATA[2023-03-06 18:40:41 - [TEST_SUITE][PASSED] - 06.1- Teams - Add: Test Cases/06- Teams/02-Add Team-Private]]></system-out>
      <system-err><![CDATA[]]></system-err>
   </testsuite>
</testsuites>
