<?xml version="1.0" encoding="UTF-8"?>
<testsuites name="00-Signup and Account Activation" time="112.524" tests="4" failures="0" errors="0">
   <testsuite name="00-Signup and Account Activation" tests="4" failures="0" errors="0" time="112.524" skipped="0" timestamp="2022-08-24 12:59:49" hostname="User - DESKTOP-QCRNR4M" id="Test Suites/TS-Organization/00-Signup and Account Activation">
      <properties>
         <property name="deviceName" value=""/>
         <property name="devicePlatform" value=""/>
         <property name="logFolder" value="C:\\Users\\User\\Katalon Studio\\EverleaguesMain\\Reports\\20220824_125946\\TS-Organization\\00-Signup and Account Activation\\20220824_125946"/>
         <property name="logFiles" value="C:\\Users\\User\\Katalon Studio\\EverleaguesMain\\Reports\\20220824_125946\\TS-Organization\\00-Signup and Account Activation\\20220824_125946\\execution0.log"/>
         <property name="attachments" value=""/>
         <property name="hostName" value="User - DESKTOP-QCRNR4M"/>
         <property name="os" value="Windows 10 64bit"/>
         <property name="katalonVersion" value="8.4.1.208"/>
         <property name="browser" value="Chrome 104.0.5112.102"/>
         <property name="hostAddress" value="192.168.5.124"/>
         <property name="sessionId" value="50dbf99aa917a28fb910e261a2652be4"/>
         <property name="seleniumVersion" value="3.141.59"/>
         <property name="proxyInformation" value="ProxyInformation { proxyOption=NO_PROXY, proxyServerType=HTTP, username=, password=********, proxyServerAddress=, proxyServerPort=0, executionList=&quot;&quot;, isApplyToDesiredCapabilities=true }"/>
         <property name="platform" value="Windows 10"/>
      </properties>
      <testcase name="Test Cases/00-SignUp and Account Activation/01-Signup(Credentials Blank)" time="26.197" classname="Test Cases/00-SignUp and Account Activation/01-Signup(Credentials Blank)" status="PASSED">
         <system-out><![CDATA[2022-08-24 12:59:49 - [TEST_CASE][PASSED] - Test Cases/00-SignUp and Account Activation/01-Signup(Credentials Blank): Test Cases/00-SignUp and Account Activation/01-Signup(Credentials Blank)

2022-08-24 12:59:50 - [TEST_STEP][PASSED] - openBrowser(""): Browser is opened with url: ''

2022-08-24 12:59:50 - [MESSAGE][INFO] - Starting 'Chrome' driver

2022-08-24 12:59:50 - [MESSAGE][INFO] - Action delay is set to 0 milliseconds

2022-08-24 12:59:52 - [MESSAGE][PASSED] - Browser is opened with url: ''

2022-08-24 12:59:52 - [TEST_STEP][PASSED] - navigateToUrl("https://lab.everleagues.com/"): Navigate to 'https://lab.everleagues.com/' successfully

2022-08-24 13:00:04 - [MESSAGE][PASSED] - Navigate to 'https://lab.everleagues.com/' successfully

2022-08-24 13:00:04 - [TEST_STEP][PASSED] - maximizeWindow(): Current window maximized

2022-08-24 13:00:04 - [MESSAGE][PASSED] - Current window maximized

2022-08-24 13:00:04 - [TEST_STEP][PASSED] - click(findTestObject("00-Signup and Activation/span_Sign up")): Object: 'Object Repository/00-Signup and Activation/span_Sign up' is clicked on

2022-08-24 13:00:04 - [MESSAGE][PASSED] - Object: 'Object Repository/00-Signup and Activation/span_Sign up' is clicked on

2022-08-24 13:00:04 - [TEST_STEP][PASSED] - delay(3): Delayed 3 second(s)

2022-08-24 13:00:07 - [MESSAGE][PASSED] - Delayed 3 second(s)

2022-08-24 13:00:07 - [TEST_STEP][PASSED] - verifyElementVisible(findTestObject("00-Signup and Activation/div_Already have an account Log In")): Object 'Object Repository/00-Signup and Activation/div_Already have an account Log In' is visible

2022-08-24 13:00:08 - [MESSAGE][PASSED] - Object 'Object Repository/00-Signup and Activation/div_Already have an account Log In' is visible

2022-08-24 13:00:08 - [TEST_STEP][PASSED] - delay(3): Delayed 3 second(s)

2022-08-24 13:00:11 - [MESSAGE][PASSED] - Delayed 3 second(s)

2022-08-24 13:00:11 - [TEST_STEP][PASSED] - verifyElementNotClickable(findTestObject("00-Signup and Activation/button_Sign up")): Object 'Object Repository/00-Signup and Activation/button_Sign up' is NOT clickable

2022-08-24 13:00:12 - [MESSAGE][PASSED] - Object 'Object Repository/00-Signup and Activation/button_Sign up' is NOT clickable

2022-08-24 13:00:12 - [TEST_STEP][PASSED] - delay(3): Delayed 3 second(s)

2022-08-24 13:00:15 - [MESSAGE][PASSED] - Delayed 3 second(s)]]></system-out>
         <system-err><![CDATA[]]></system-err>
      </testcase>
      <testcase name="Test Cases/00-SignUp and Account Activation/02-Signup(Wrong email)" time="9.313" classname="Test Cases/00-SignUp and Account Activation/02-Signup(Wrong email)" status="PASSED">
         <system-out><![CDATA[2022-08-24 13:00:15 - [TEST_CASE][PASSED] - Test Cases/00-SignUp and Account Activation/02-Signup(Wrong email): Test Cases/00-SignUp and Account Activation/02-Signup(Wrong email)

2022-08-24 13:00:16 - [TEST_STEP][PASSED] - delay(3): Delayed 3 second(s)

2022-08-24 13:00:19 - [MESSAGE][PASSED] - Delayed 3 second(s)

2022-08-24 13:00:19 - [TEST_STEP][PASSED] - setText(findTestObject("00-Signup and Activation/input_Email"), "QATESTinvalidemailformat"): Text 'QATESTinvalidemailformat' is set on object 'Object Repository/00-Signup and Activation/input_Email'

2022-08-24 13:00:19 - [MESSAGE][PASSED] - Text 'QATESTinvalidemailformat' is set on object 'Object Repository/00-Signup and Activation/input_Email'

2022-08-24 13:00:19 - [TEST_STEP][PASSED] - delay(2): Delayed 2 second(s)

2022-08-24 13:00:21 - [MESSAGE][PASSED] - Delayed 2 second(s)

2022-08-24 13:00:21 - [TEST_STEP][PASSED] - click(findTestObject("00-Signup and Activation/input_firstName")): Object: 'Object Repository/00-Signup and Activation/input_firstName' is clicked on

2022-08-24 13:00:22 - [MESSAGE][PASSED] - Object: 'Object Repository/00-Signup and Activation/input_firstName' is clicked on

2022-08-24 13:00:22 - [TEST_STEP][PASSED] - verifyElementPresent(findTestObject("00-Signup and Activation/error_valid email is required"), 0): Object 'Object Repository/00-Signup and Activation/error_valid email is required' is present

2022-08-24 13:00:22 - [MESSAGE][WARNING] - Timeout '0' is invalid. Using default page load timeout: '30'

2022-08-24 13:00:22 - [MESSAGE][PASSED] - Object 'Object Repository/00-Signup and Activation/error_valid email is required' is present

2022-08-24 13:00:22 - [TEST_STEP][PASSED] - delay(0): Delayed 0 second(s)

2022-08-24 13:00:22 - [MESSAGE][PASSED] - Delayed 0 second(s)

2022-08-24 13:00:22 - [TEST_STEP][PASSED] - setText(findTestObject("00-Signup and Activation/input_Email"), "testuser01@mailinator.com"): Text 'testuser01@mailinator.com' is set on object 'Object Repository/00-Signup and Activation/input_Email'

2022-08-24 13:00:23 - [MESSAGE][PASSED] - Text 'testuser01@mailinator.com' is set on object 'Object Repository/00-Signup and Activation/input_Email'

2022-08-24 13:00:23 - [TEST_STEP][PASSED] - delay(0): Delayed 0 second(s)

2022-08-24 13:00:23 - [MESSAGE][PASSED] - Delayed 0 second(s)

2022-08-24 13:00:23 - [TEST_STEP][PASSED] - click(findTestObject("00-Signup and Activation/input_firstName")): Object: 'Object Repository/00-Signup and Activation/input_firstName' is clicked on

2022-08-24 13:00:24 - [MESSAGE][PASSED] - Object: 'Object Repository/00-Signup and Activation/input_firstName' is clicked on

2022-08-24 13:00:24 - [TEST_STEP][PASSED] - verifyElementVisible(findTestObject("00-Signup and Activation/error_email already exists")): Object 'Object Repository/00-Signup and Activation/error_email already exists' is visible

2022-08-24 13:00:25 - [MESSAGE][PASSED] - Object 'Object Repository/00-Signup and Activation/error_email already exists' is visible

2022-08-24 13:00:25 - [TEST_STEP][PASSED] - delay(0): Delayed 0 second(s)

2022-08-24 13:00:25 - [MESSAGE][PASSED] - Delayed 0 second(s)]]></system-out>
         <system-err><![CDATA[]]></system-err>
      </testcase>
      <testcase name="Test Cases/00-SignUp and Account Activation/03-Signup(Correct Details)" time="44.89" classname="Test Cases/00-SignUp and Account Activation/03-Signup(Correct Details)" status="PASSED">
         <system-out><![CDATA[2022-08-24 13:00:25 - [TEST_CASE][PASSED] - Test Cases/00-SignUp and Account Activation/03-Signup(Correct Details): Test Cases/00-SignUp and Account Activation/03-Signup(Correct Details)

2022-08-24 13:00:25 - [TEST_STEP][PASSED] - delay(2): Delayed 2 second(s)

2022-08-24 13:00:27 - [MESSAGE][PASSED] - Delayed 2 second(s)

2022-08-24 13:00:27 - [TEST_STEP][PASSED] - setText(findTestObject("00-Signup and Activation/input_Email"), "autotester74@mailinator.com"): Text 'autotester74@mailinator.com' is set on object 'Object Repository/00-Signup and Activation/input_Email'

2022-08-24 13:00:28 - [MESSAGE][PASSED] - Text 'autotester74@mailinator.com' is set on object 'Object Repository/00-Signup and Activation/input_Email'

2022-08-24 13:00:28 - [TEST_STEP][PASSED] - setText(findTestObject("00-Signup and Activation/input_firstName"), "GG"): Text 'GG' is set on object 'Object Repository/00-Signup and Activation/input_firstName'

2022-08-24 13:00:29 - [MESSAGE][PASSED] - Text 'GG' is set on object 'Object Repository/00-Signup and Activation/input_firstName'

2022-08-24 13:00:29 - [TEST_STEP][PASSED] - setText(findTestObject("00-Signup and Activation/input_lastName"), "tester"): Text 'tester' is set on object 'Object Repository/00-Signup and Activation/input_lastName'

2022-08-24 13:00:30 - [MESSAGE][PASSED] - Text 'tester' is set on object 'Object Repository/00-Signup and Activation/input_lastName'

2022-08-24 13:00:30 - [TEST_STEP][PASSED] - delay(2): Delayed 2 second(s)

2022-08-24 13:00:32 - [MESSAGE][PASSED] - Delayed 2 second(s)

2022-08-24 13:00:32 - [TEST_STEP][PASSED] - click(findTestObject("Object Repository/00-Signup and Activation/button_Sign up")): Object: 'Object Repository/00-Signup and Activation/button_Sign up' is clicked on

2022-08-24 13:00:32 - [MESSAGE][PASSED] - Object: 'Object Repository/00-Signup and Activation/button_Sign up' is clicked on

2022-08-24 13:00:32 - [TEST_STEP][PASSED] - delay(2): Delayed 2 second(s)

2022-08-24 13:00:34 - [MESSAGE][PASSED] - Delayed 2 second(s)

2022-08-24 13:00:34 - [TEST_STEP][PASSED] - executeJavaScript("window.open();", []): Execute JavaScript 'window.open();' successfully

2022-08-24 13:00:34 - [MESSAGE][PASSED] - Execute JavaScript 'window.open();' successfully

2022-08-24 13:00:34 - [TEST_STEP][PASSED] - currentWindow = getWindowIndex(): Current window's index is: 0

2022-08-24 13:00:34 - [MESSAGE][PASSED] - Current window's index is: 0

2022-08-24 13:00:34 - [TEST_STEP][PASSED] - delay(3): Delayed 3 second(s)

2022-08-24 13:00:37 - [MESSAGE][PASSED] - Delayed 3 second(s)

2022-08-24 13:00:37 - [TEST_STEP][PASSED] - switchToWindowIndex(currentWindow + 1): Switched to window with index: '1'

2022-08-24 13:00:37 - [MESSAGE][PASSED] - Switched to window with index: '1'

2022-08-24 13:00:37 - [TEST_STEP][PASSED] - navigateToUrl("https://www.mailinator.com/"): Navigate to 'https://www.mailinator.com/' successfully

2022-08-24 13:00:39 - [MESSAGE][PASSED] - Navigate to 'https://www.mailinator.com/' successfully

2022-08-24 13:00:39 - [TEST_STEP][PASSED] - delay(3): Delayed 3 second(s)

2022-08-24 13:00:42 - [MESSAGE][PASSED] - Delayed 3 second(s)

2022-08-24 13:00:42 - [TEST_STEP][PASSED] - setText(findTestObject("00-Signup and Activation/zMailinator/input_LOGIN_search"), "autotester74@mailinator.com"): Text 'autotester74@mailinator.com' is set on object 'Object Repository/00-Signup and Activation/zMailinator/input_LOGIN_search'

2022-08-24 13:00:43 - [MESSAGE][PASSED] - Text 'autotester74@mailinator.com' is set on object 'Object Repository/00-Signup and Activation/zMailinator/input_LOGIN_search'

2022-08-24 13:00:43 - [TEST_STEP][PASSED] - click(findTestObject("00-Signup and Activation/zMailinator/gobutton"), STOP_ON_FAILURE): Object: 'Object Repository/00-Signup and Activation/zMailinator/gobutton' is clicked on

2022-08-24 13:00:44 - [MESSAGE][PASSED] - Object: 'Object Repository/00-Signup and Activation/zMailinator/gobutton' is clicked on

2022-08-24 13:00:44 - [TEST_STEP][PASSED] - delay(3): Delayed 3 second(s)

2022-08-24 13:00:47 - [MESSAGE][PASSED] - Delayed 3 second(s)

2022-08-24 13:00:47 - [TEST_STEP][PASSED] - click(findTestObject("00-Signup and Activation/zMailinator/Email - everleagues")): Object: 'Object Repository/00-Signup and Activation/zMailinator/Email - everleagues' is clicked on

2022-08-24 13:00:47 - [MESSAGE][PASSED] - Object: 'Object Repository/00-Signup and Activation/zMailinator/Email - everleagues' is clicked on

2022-08-24 13:00:47 - [TEST_STEP][PASSED] - delay(3): Delayed 3 second(s)

2022-08-24 13:00:50 - [MESSAGE][PASSED] - Delayed 3 second(s)

2022-08-24 13:00:50 - [TEST_STEP][PASSED] - code = getText(findTestObject("Object Repository/06-Teams/For 2FA/2FA code")): Text of object 'Object Repository/06-Teams/For 2FA/2FA code' is: '497620'

2022-08-24 13:00:51 - [MESSAGE][PASSED] - Text of object 'Object Repository/06-Teams/For 2FA/2FA code' is: '497620'

2022-08-24 13:00:51 - [TEST_STEP][PASSED] - delay(3): Delayed 3 second(s)

2022-08-24 13:00:54 - [MESSAGE][PASSED] - Delayed 3 second(s)

2022-08-24 13:00:54 - [TEST_STEP][PASSED] - closeWindowTitle("Mailinator"): Window with title: 'Mailinator' is closed

2022-08-24 13:00:54 - [MESSAGE][PASSED] - Window with title: 'Mailinator' is closed

2022-08-24 13:00:54 - [TEST_STEP][PASSED] - delay(3): Delayed 3 second(s)

2022-08-24 13:00:57 - [MESSAGE][PASSED] - Delayed 3 second(s)

2022-08-24 13:00:57 - [TEST_STEP][PASSED] - switchToWindowIndex(0): Switched to window with index: '0'

2022-08-24 13:00:57 - [MESSAGE][PASSED] - Switched to window with index: '0'

2022-08-24 13:00:57 - [TEST_STEP][PASSED] - delay(3): Delayed 3 second(s)

2022-08-24 13:01:00 - [MESSAGE][PASSED] - Delayed 3 second(s)

2022-08-24 13:01:00 - [TEST_STEP][PASSED] - setText(findTestObject("Object Repository/06-Teams/For 2FA/input_Enter verification code_code"), code): Text '497620' is set on object 'Object Repository/06-Teams/For 2FA/input_Enter verification code_code'

2022-08-24 13:01:01 - [MESSAGE][PASSED] - Text '497620' is set on object 'Object Repository/06-Teams/For 2FA/input_Enter verification code_code'

2022-08-24 13:01:01 - [TEST_STEP][PASSED] - delay(3): Delayed 3 second(s)

2022-08-24 13:01:04 - [MESSAGE][PASSED] - Delayed 3 second(s)

2022-08-24 13:01:04 - [TEST_STEP][PASSED] - click(findTestObject("06-Teams/For 2FA/button_Verify_2FA")): Object: 'Object Repository/06-Teams/For 2FA/button_Verify_2FA' is clicked on

2022-08-24 13:01:05 - [MESSAGE][PASSED] - Object: 'Object Repository/06-Teams/For 2FA/button_Verify_2FA' is clicked on

2022-08-24 13:01:05 - [TEST_STEP][PASSED] - delay(5): Delayed 5 second(s)

2022-08-24 13:01:10 - [MESSAGE][PASSED] - Delayed 5 second(s)]]></system-out>
         <system-err><![CDATA[]]></system-err>
      </testcase>
      <testcase name="Test Cases/00-SignUp and Account Activation/04-Set password" time="31.809" classname="Test Cases/00-SignUp and Account Activation/04-Set password" status="PASSED">
         <system-out><![CDATA[2022-08-24 13:01:10 - [TEST_CASE][PASSED] - Test Cases/00-SignUp and Account Activation/04-Set password: Test Cases/00-SignUp and Account Activation/04-Set password

2022-08-24 13:01:10 - [TEST_STEP][PASSED] - delay(2): Delayed 2 second(s)

2022-08-24 13:01:12 - [MESSAGE][PASSED] - Delayed 2 second(s)

2022-08-24 13:01:12 - [TEST_STEP][PASSED] - setEncryptedText(findTestObject("00-Signup and Activation/input_password"), "8yFRyszE6U6jvsCn51OQbg==", STOP_ON_FAILURE): Text ****** has been set on object 'Object Repository/00-Signup and Activation/input_password'

2022-08-24 13:01:12 - [MESSAGE][PASSED] - Text ****** has been set on object 'Object Repository/00-Signup and Activation/input_password'

2022-08-24 13:01:12 - [TEST_STEP][PASSED] - setEncryptedText(findTestObject("00-Signup and Activation/input_ConfirmPassword"), "8yFRyszE6U6jvsCn51OQbg==", STOP_ON_FAILURE): Text ****** has been set on object 'Object Repository/00-Signup and Activation/input_ConfirmPassword'

2022-08-24 13:01:13 - [MESSAGE][PASSED] - Text ****** has been set on object 'Object Repository/00-Signup and Activation/input_ConfirmPassword'

2022-08-24 13:01:13 - [TEST_STEP][PASSED] - delay(2): Delayed 2 second(s)

2022-08-24 13:01:15 - [MESSAGE][PASSED] - Delayed 2 second(s)

2022-08-24 13:01:15 - [TEST_STEP][PASSED] - click(findTestObject("00-Signup and Activation/show pass")): Object: 'Object Repository/00-Signup and Activation/show pass' is clicked on

2022-08-24 13:01:16 - [MESSAGE][PASSED] - Object: 'Object Repository/00-Signup and Activation/show pass' is clicked on

2022-08-24 13:01:16 - [TEST_STEP][PASSED] - click(findTestObject("00-Signup and Activation/show confirm pass")): Object: 'Object Repository/00-Signup and Activation/show confirm pass' is clicked on

2022-08-24 13:01:16 - [MESSAGE][PASSED] - Object: 'Object Repository/00-Signup and Activation/show confirm pass' is clicked on

2022-08-24 13:01:16 - [TEST_STEP][PASSED] - delay(2): Delayed 2 second(s)

2022-08-24 13:01:18 - [MESSAGE][PASSED] - Delayed 2 second(s)

2022-08-24 13:01:18 - [TEST_STEP][PASSED] - check(findTestObject("00-Signup and Activation/div_checkbox")): Object 'Object Repository/00-Signup and Activation/div_checkbox' is checked

2022-08-24 13:01:19 - [MESSAGE][PASSED] - Object 'Object Repository/00-Signup and Activation/div_checkbox' is checked

2022-08-24 13:01:19 - [TEST_STEP][PASSED] - delay(2): Delayed 2 second(s)

2022-08-24 13:01:21 - [MESSAGE][PASSED] - Delayed 2 second(s)

2022-08-24 13:01:21 - [TEST_STEP][PASSED] - click(findTestObject("00-Signup and Activation/button_Confirm")): Object: 'Object Repository/00-Signup and Activation/button_Confirm' is clicked on

2022-08-24 13:01:21 - [MESSAGE][PASSED] - Object: 'Object Repository/00-Signup and Activation/button_Confirm' is clicked on

2022-08-24 13:01:21 - [TEST_STEP][PASSED] - delay(10): Delayed 10 second(s)

2022-08-24 13:01:31 - [MESSAGE][PASSED] - Delayed 10 second(s)

2022-08-24 13:01:31 - [TEST_STEP][PASSED] - verifyElementVisible(findTestObject("00-Signup and Activation/h4_Welcome to Everleagues")): Object 'Object Repository/00-Signup and Activation/h4_Welcome to Everleagues' is visible

2022-08-24 13:01:32 - [MESSAGE][PASSED] - Object 'Object Repository/00-Signup and Activation/h4_Welcome to Everleagues' is visible

2022-08-24 13:01:32 - [TEST_STEP][PASSED] - verifyElementVisible(findTestObject("00-Signup and Activation/span_CREATE A BUSINESS ORGANIZATION")): Object 'Object Repository/00-Signup and Activation/span_CREATE A BUSINESS ORGANIZATION' is visible

2022-08-24 13:01:32 - [MESSAGE][PASSED] - Object 'Object Repository/00-Signup and Activation/span_CREATE A BUSINESS ORGANIZATION' is visible

2022-08-24 13:01:32 - [TEST_STEP][PASSED] - verifyElementVisible(findTestObject("00-Signup and Activation/span_INVITE FRIENDS  FAMILY")): Object 'Object Repository/00-Signup and Activation/span_INVITE FRIENDS  FAMILY' is visible

2022-08-24 13:01:32 - [MESSAGE][PASSED] - Object 'Object Repository/00-Signup and Activation/span_INVITE FRIENDS  FAMILY' is visible

2022-08-24 13:01:32 - [TEST_STEP][PASSED] - delay(3): Delayed 3 second(s)

2022-08-24 13:01:35 - [MESSAGE][PASSED] - Delayed 3 second(s)

2022-08-24 13:01:35 - [TEST_STEP][PASSED] - click(findTestObject("00-Signup and Activation/button_DO THIS LATER")): Object: 'Object Repository/00-Signup and Activation/button_DO THIS LATER' is clicked on

2022-08-24 13:01:36 - [MESSAGE][PASSED] - Object: 'Object Repository/00-Signup and Activation/button_DO THIS LATER' is clicked on

2022-08-24 13:01:36 - [TEST_STEP][PASSED] - delay(2): Delayed 2 second(s)

2022-08-24 13:01:38 - [MESSAGE][PASSED] - Delayed 2 second(s)

2022-08-24 13:01:38 - [TEST_STEP][PASSED] - verifyElementVisible(findTestObject("00-Signup and Activation/Create your first organization Card")): Object 'Object Repository/00-Signup and Activation/Create your first organization Card' is visible

2022-08-24 13:01:38 - [MESSAGE][PASSED] - Object 'Object Repository/00-Signup and Activation/Create your first organization Card' is visible

2022-08-24 13:01:38 - [TEST_STEP][PASSED] - verifyElementVisible(findTestObject("00-Signup and Activation/Still not sure where to start Card")): Object 'Object Repository/00-Signup and Activation/Still not sure where to start Card' is visible

2022-08-24 13:01:38 - [MESSAGE][PASSED] - Object 'Object Repository/00-Signup and Activation/Still not sure where to start Card' is visible

2022-08-24 13:01:38 - [TEST_STEP][PASSED] - verifyElementVisible(findTestObject("00-Signup and Activation/Welcome to Everleagues Card")): Object 'Object Repository/00-Signup and Activation/Welcome to Everleagues Card' is visible

2022-08-24 13:01:39 - [MESSAGE][PASSED] - Object 'Object Repository/00-Signup and Activation/Welcome to Everleagues Card' is visible

2022-08-24 13:01:39 - [TEST_STEP][PASSED] - delay(2): Delayed 2 second(s)

2022-08-24 13:01:41 - [MESSAGE][PASSED] - Delayed 2 second(s)

2022-08-24 13:01:41 - [TEST_STEP][PASSED] - closeBrowser(): Browser is closed

2022-08-24 13:01:41 - [MESSAGE][PASSED] - Browser is closed]]></system-out>
         <system-err><![CDATA[]]></system-err>
      </testcase>
      <system-out><![CDATA[2022-08-24 12:59:49 - [TEST_SUITE][PASSED] - 00-Signup and Account Activation: Test Cases/00-SignUp and Account Activation/04-Set password]]></system-out>
      <system-err><![CDATA[]]></system-err>
   </testsuite>
</testsuites>
