<?xml version="1.0" encoding="UTF-8"?>
<testsuites name="06.1- Teams - Add" time="488.352" tests="2" failures="0" errors="0">
   <testsuite name="06.1- Teams - Add" tests="2" failures="0" errors="0" time="488.352" skipped="0" timestamp="2023-03-01 13:19:54" hostname="asus - DESKTOP-3L3J9C1" id="Test Suites/TS-Organization/06.1- Teams - Add">
      <properties>
         <property name="deviceName" value=""/>
         <property name="devicePlatform" value=""/>
         <property name="logFolder" value="C:\\Users\\asus\\Katalon Studio\\Everleagues\\Everleagues\\Reports\\20230301_131933\\TS-Organization\\06.1- Teams - Add\\20230301_131933"/>
         <property name="logFiles" value="C:\\Users\\asus\\Katalon Studio\\Everleagues\\Everleagues\\Reports\\20230301_131933\\TS-Organization\\06.1- Teams - Add\\20230301_131933\\execution0.log"/>
         <property name="attachments" value=""/>
         <property name="hostName" value="asus - DESKTOP-3L3J9C1"/>
         <property name="os" value="Windows 10 64bit"/>
         <property name="katalonVersion" value="8.4.1.208"/>
         <property name="browser" value="Chrome 110.0.0.0"/>
         <property name="hostAddress" value="10.100.1.179"/>
         <property name="sessionId" value="63a87c344f26869fb21ba2fe9081962b"/>
         <property name="seleniumVersion" value="3.141.59"/>
         <property name="proxyInformation" value="ProxyInformation { proxyOption=NO_PROXY, proxyServerType=HTTP, username=, password=********, proxyServerAddress=, proxyServerPort=0, executionList=&quot;&quot;, isApplyToDesiredCapabilities=true }"/>
         <property name="platform" value="Windows 10"/>
      </properties>
      <testcase name="Test Cases/06- Teams/01- Add Team- Public" time="418.558" classname="Test Cases/06- Teams/01- Add Team- Public" status="PASSED">
         <system-out><![CDATA[2023-03-01 13:19:55 - [TEST_CASE][PASSED] - Test Cases/06- Teams/01- Add Team- Public: Test Cases/06- Teams/01- Add Team- Public

2023-03-01 13:19:58 - [TEST_STEP][PASSED] - openBrowser(""): Browser is opened with url: ''

2023-03-01 13:20:00 - [MESSAGE][INFO] - Starting 'Chrome' driver

2023-03-01 13:20:00 - [MESSAGE][INFO] - Action delay is set to 0 milliseconds

2023-03-01 13:20:09 - [MESSAGE][PASSED] - Browser is opened with url: ''

2023-03-01 13:20:09 - [TEST_STEP][PASSED] - navigateToUrl("https://lab.everleagues.com/"): Navigate to 'https://lab.everleagues.com/' successfully

2023-03-01 13:24:14 - [MESSAGE][PASSED] - Navigate to 'https://lab.everleagues.com/' successfully

2023-03-01 13:24:14 - [TEST_STEP][PASSED] - maximizeWindow(): Current window maximized

2023-03-01 13:24:15 - [MESSAGE][PASSED] - Current window maximized

2023-03-01 13:24:15 - [TEST_STEP][PASSED] - callTestCase(findTestCase("01-Login and Forgot Password/04-Login(Valid Credentials-With Subscription)"), [:], STOP_ON_FAILURE): Call Test Case 'Test Cases/01-Login and Forgot Password/04-Login(Valid Credentials-With Subscription)' successfully

2023-03-01 13:24:16 - [TEST_CASE][PASSED] - Test Cases/01-Login and Forgot Password/04-Login(Valid Credentials-With Subscription): Test Cases/01-Login and Forgot Password/04-Login(Valid Credentials-With Subscription)

2023-03-01 13:24:20 - [TEST_STEP][PASSED] - setText(findTestObject("01-Login and Forgot Password/input_Email_email"), "testuser02@mailinator.com"): Text 'testuser02@mailinator.com' is set on object 'Object Repository/01-Login and Forgot Password/input_Email_email'

2023-03-01 13:24:23 - [MESSAGE][PASSED] - Text 'testuser02@mailinator.com' is set on object 'Object Repository/01-Login and Forgot Password/input_Email_email'

2023-03-01 13:24:23 - [TEST_STEP][PASSED] - setEncryptedText(findTestObject("01-Login and Forgot Password/input_Email_password"), "8yFRyszE6U6jvsCn51OQbg=="): Text ****** has been set on object 'Object Repository/01-Login and Forgot Password/input_Email_password'

2023-03-01 13:24:25 - [MESSAGE][PASSED] - Text ****** has been set on object 'Object Repository/01-Login and Forgot Password/input_Email_password'

2023-03-01 13:24:25 - [TEST_STEP][PASSED] - delay(2): Delayed 2 second(s)

2023-03-01 13:24:27 - [MESSAGE][PASSED] - Delayed 2 second(s)

2023-03-01 13:24:27 - [TEST_STEP][PASSED] - click(findTestObject("01-Login and Forgot Password/show pass button")): Object: 'Object Repository/01-Login and Forgot Password/show pass button' is clicked on

2023-03-01 13:24:29 - [MESSAGE][PASSED] - Object: 'Object Repository/01-Login and Forgot Password/show pass button' is clicked on

2023-03-01 13:24:29 - [TEST_STEP][PASSED] - delay(3): Delayed 3 second(s)

2023-03-01 13:24:32 - [MESSAGE][PASSED] - Delayed 3 second(s)

2023-03-01 13:24:32 - [TEST_STEP][PASSED] - click(findTestObject("01-Login and Forgot Password/button_Sign in")): Object: 'Object Repository/01-Login and Forgot Password/button_Sign in' is clicked on

2023-03-01 13:24:33 - [MESSAGE][PASSED] - Object: 'Object Repository/01-Login and Forgot Password/button_Sign in' is clicked on

2023-03-01 13:24:33 - [TEST_STEP][PASSED] - delay(3): Delayed 3 second(s)

2023-03-01 13:24:36 - [MESSAGE][PASSED] - Delayed 3 second(s)

2023-03-01 13:24:36 - [TEST_STEP][PASSED] - click(findTestObject("06-Teams/For 2FA/button_Confirm_2FA")): Object: 'Object Repository/06-Teams/For 2FA/button_Confirm_2FA' is clicked on

2023-03-01 13:24:38 - [MESSAGE][PASSED] - Object: 'Object Repository/06-Teams/For 2FA/button_Confirm_2FA' is clicked on

2023-03-01 13:24:38 - [TEST_STEP][PASSED] - executeJavaScript("window.open();", []): Execute JavaScript 'window.open();' successfully

2023-03-01 13:24:39 - [MESSAGE][PASSED] - Execute JavaScript 'window.open();' successfully

2023-03-01 13:24:39 - [TEST_STEP][PASSED] - currentWindow = getWindowIndex(): Current window's index is: 0

2023-03-01 13:24:39 - [MESSAGE][PASSED] - Current window's index is: 0

2023-03-01 13:24:39 - [TEST_STEP][PASSED] - delay(3): Delayed 3 second(s)

2023-03-01 13:24:42 - [MESSAGE][PASSED] - Delayed 3 second(s)

2023-03-01 13:24:42 - [TEST_STEP][PASSED] - switchToWindowIndex(currentWindow + 1): Switched to window with index: '1'

2023-03-01 13:24:42 - [MESSAGE][PASSED] - Switched to window with index: '1'

2023-03-01 13:24:42 - [TEST_STEP][PASSED] - navigateToUrl("https://www.mailinator.com/"): Navigate to 'https://www.mailinator.com/' successfully

2023-03-01 13:24:57 - [MESSAGE][PASSED] - Navigate to 'https://www.mailinator.com/' successfully

2023-03-01 13:24:57 - [TEST_STEP][PASSED] - delay(3): Delayed 3 second(s)

2023-03-01 13:25:00 - [MESSAGE][PASSED] - Delayed 3 second(s)

2023-03-01 13:25:00 - [TEST_STEP][PASSED] - setText(findTestObject("00-Signup and Activation/zMailinator/input_LOGIN_search"), "testuser02@mailinator.com"): Text 'testuser02@mailinator.com' is set on object 'Object Repository/00-Signup and Activation/zMailinator/input_LOGIN_search'

2023-03-01 13:25:05 - [MESSAGE][PASSED] - Text 'testuser02@mailinator.com' is set on object 'Object Repository/00-Signup and Activation/zMailinator/input_LOGIN_search'

2023-03-01 13:25:05 - [TEST_STEP][PASSED] - click(findTestObject("00-Signup and Activation/zMailinator/gobutton"), STOP_ON_FAILURE): Object: 'Object Repository/00-Signup and Activation/zMailinator/gobutton' is clicked on

2023-03-01 13:25:11 - [MESSAGE][PASSED] - Object: 'Object Repository/00-Signup and Activation/zMailinator/gobutton' is clicked on

2023-03-01 13:25:11 - [TEST_STEP][PASSED] - delay(3): Delayed 3 second(s)

2023-03-01 13:25:14 - [MESSAGE][PASSED] - Delayed 3 second(s)

2023-03-01 13:25:14 - [TEST_STEP][PASSED] - click(findTestObject("00-Signup and Activation/zMailinator/Email - everleagues")): Object: 'Object Repository/00-Signup and Activation/zMailinator/Email - everleagues' is clicked on

2023-03-01 13:25:17 - [MESSAGE][PASSED] - Object: 'Object Repository/00-Signup and Activation/zMailinator/Email - everleagues' is clicked on

2023-03-01 13:25:17 - [TEST_STEP][PASSED] - delay(3): Delayed 3 second(s)

2023-03-01 13:25:20 - [MESSAGE][PASSED] - Delayed 3 second(s)

2023-03-01 13:25:20 - [TEST_STEP][PASSED] - code = getText(findTestObject("Object Repository/06-Teams/For 2FA/2FA code")): Text of object 'Object Repository/06-Teams/For 2FA/2FA code' is: '110039'

2023-03-01 13:25:23 - [MESSAGE][PASSED] - Text of object 'Object Repository/06-Teams/For 2FA/2FA code' is: '110039'

2023-03-01 13:25:23 - [TEST_STEP][PASSED] - delay(3): Delayed 3 second(s)

2023-03-01 13:25:26 - [MESSAGE][PASSED] - Delayed 3 second(s)

2023-03-01 13:25:26 - [TEST_STEP][PASSED] - closeWindowTitle("Mailinator"): Window with title: 'Mailinator' is closed

2023-03-01 13:25:27 - [MESSAGE][PASSED] - Window with title: 'Mailinator' is closed

2023-03-01 13:25:27 - [TEST_STEP][PASSED] - delay(3): Delayed 3 second(s)

2023-03-01 13:25:30 - [MESSAGE][PASSED] - Delayed 3 second(s)

2023-03-01 13:25:30 - [TEST_STEP][PASSED] - switchToWindowIndex(0): Switched to window with index: '0'

2023-03-01 13:25:30 - [MESSAGE][PASSED] - Switched to window with index: '0'

2023-03-01 13:25:30 - [TEST_STEP][PASSED] - delay(3): Delayed 3 second(s)

2023-03-01 13:25:33 - [MESSAGE][PASSED] - Delayed 3 second(s)

2023-03-01 13:25:33 - [TEST_STEP][PASSED] - setText(findTestObject("Object Repository/06-Teams/For 2FA/input_Enter verification code_code"), code): Text '110039' is set on object 'Object Repository/06-Teams/For 2FA/input_Enter verification code_code'

2023-03-01 13:25:36 - [MESSAGE][PASSED] - Text '110039' is set on object 'Object Repository/06-Teams/For 2FA/input_Enter verification code_code'

2023-03-01 13:25:36 - [TEST_STEP][PASSED] - delay(3): Delayed 3 second(s)

2023-03-01 13:25:39 - [MESSAGE][PASSED] - Delayed 3 second(s)

2023-03-01 13:25:39 - [TEST_STEP][PASSED] - click(findTestObject("06-Teams/For 2FA/button_Verify_2FA")): Object: 'Object Repository/06-Teams/For 2FA/button_Verify_2FA' is clicked on

2023-03-01 13:25:41 - [MESSAGE][PASSED] - Object: 'Object Repository/06-Teams/For 2FA/button_Verify_2FA' is clicked on

2023-03-01 13:25:41 - [TEST_STEP][PASSED] - delay(3): Delayed 3 second(s)

2023-03-01 13:25:44 - [MESSAGE][PASSED] - Delayed 3 second(s)

2023-03-01 13:25:45 - [MESSAGE][PASSED] - Call Test Case 'Test Cases/01-Login and Forgot Password/04-Login(Valid Credentials-With Subscription)' successfully

2023-03-01 13:25:45 - [TEST_STEP][PASSED] - click(findTestObject("06-Teams/button_doublearrow")): Object: 'Object Repository/06-Teams/button_doublearrow' is clicked on

2023-03-01 13:25:49 - [MESSAGE][PASSED] - Object: 'Object Repository/06-Teams/button_doublearrow' is clicked on

2023-03-01 13:25:49 - [TEST_STEP][PASSED] - click(findTestObject("06-Teams/button_My Organizations")): Object: 'Object Repository/06-Teams/button_My Organizations' is clicked on

2023-03-01 13:25:51 - [MESSAGE][PASSED] - Object: 'Object Repository/06-Teams/button_My Organizations' is clicked on

2023-03-01 13:25:51 - [TEST_STEP][PASSED] - click(findTestObject("06-Teams/button_GG Automation")): Object: 'Object Repository/06-Teams/button_GG Automation' is clicked on

2023-03-01 13:25:52 - [MESSAGE][PASSED] - Object: 'Object Repository/06-Teams/button_GG Automation' is clicked on

2023-03-01 13:25:52 - [TEST_STEP][PASSED] - delay(4): Delayed 4 second(s)

2023-03-01 13:25:56 - [MESSAGE][PASSED] - Delayed 4 second(s)

2023-03-01 13:25:56 - [TEST_STEP][PASSED] - verifyElementVisible(findTestObject("06-Teams/span_GG Automation")): Object 'Object Repository/06-Teams/span_GG Automation' is visible

2023-03-01 13:25:57 - [MESSAGE][PASSED] - Object 'Object Repository/06-Teams/span_GG Automation' is visible

2023-03-01 13:25:57 - [TEST_STEP][PASSED] - delay(2): Delayed 2 second(s)

2023-03-01 13:25:59 - [MESSAGE][PASSED] - Delayed 2 second(s)

2023-03-01 13:25:59 - [TEST_STEP][PASSED] - click(findTestObject("03-Header Menu/Hamburger Button/div_Teams")): Object: 'Object Repository/03-Header Menu/Hamburger Button/div_Teams' is clicked on

2023-03-01 13:26:01 - [MESSAGE][PASSED] - Object: 'Object Repository/03-Header Menu/Hamburger Button/div_Teams' is clicked on

2023-03-01 13:26:01 - [TEST_STEP][PASSED] - delay(2): Delayed 2 second(s)

2023-03-01 13:26:03 - [MESSAGE][PASSED] - Delayed 2 second(s)

2023-03-01 13:26:03 - [TEST_STEP][PASSED] - verifyElementVisible(findTestObject("06-Teams/h4_TEAMS")): Object 'Object Repository/06-Teams/h4_TEAMS' is visible

2023-03-01 13:26:04 - [MESSAGE][PASSED] - Object 'Object Repository/06-Teams/h4_TEAMS' is visible

2023-03-01 13:26:04 - [TEST_STEP][PASSED] - delay(3): Delayed 3 second(s)

2023-03-01 13:26:07 - [MESSAGE][PASSED] - Delayed 3 second(s)

2023-03-01 13:26:07 - [TEST_STEP][PASSED] - click(findTestObject("06-Teams/Add Team")): Object: 'Object Repository/06-Teams/Add Team' is clicked on

2023-03-01 13:26:08 - [MESSAGE][PASSED] - Object: 'Object Repository/06-Teams/Add Team' is clicked on

2023-03-01 13:26:08 - [TEST_STEP][PASSED] - delay(3): Delayed 3 second(s)

2023-03-01 13:26:11 - [MESSAGE][PASSED] - Delayed 3 second(s)

2023-03-01 13:26:11 - [TEST_STEP][PASSED] - verifyElementVisible(findTestObject("06-Teams/button_Public")): Object 'Object Repository/06-Teams/button_Public' is visible

2023-03-01 13:26:12 - [MESSAGE][PASSED] - Object 'Object Repository/06-Teams/button_Public' is visible

2023-03-01 13:26:12 - [TEST_STEP][PASSED] - verifyElementVisible(findTestObject("06-Teams/button_Private")): Object 'Object Repository/06-Teams/button_Private' is visible

2023-03-01 13:26:13 - [MESSAGE][PASSED] - Object 'Object Repository/06-Teams/button_Private' is visible

2023-03-01 13:26:13 - [TEST_STEP][PASSED] - delay(3): Delayed 3 second(s)

2023-03-01 13:26:16 - [MESSAGE][PASSED] - Delayed 3 second(s)

2023-03-01 13:26:16 - [TEST_STEP][PASSED] - click(findTestObject("06-Teams/button_Public")): Object: 'Object Repository/06-Teams/button_Public' is clicked on

2023-03-01 13:26:18 - [MESSAGE][PASSED] - Object: 'Object Repository/06-Teams/button_Public' is clicked on

2023-03-01 13:26:18 - [TEST_STEP][PASSED] - verifyElementVisible(findTestObject("06-Teams/01-Add Team-Public/Add Team_Public")): Object 'Object Repository/06-Teams/01-Add Team-Public/Add Team_Public' is visible

2023-03-01 13:26:19 - [MESSAGE][PASSED] - Object 'Object Repository/06-Teams/01-Add Team-Public/Add Team_Public' is visible

2023-03-01 13:26:19 - [TEST_STEP][PASSED] - scrollToElement(findTestObject("06-Teams/01-Add Team-Public/button_Create"), 0): Scroll to object 'Object Repository/06-Teams/01-Add Team-Public/button_Create' successfully

2023-03-01 13:26:19 - [MESSAGE][WARNING] - Timeout '0' is invalid. Using default page load timeout: '30'

2023-03-01 13:26:20 - [MESSAGE][PASSED] - Scroll to object 'Object Repository/06-Teams/01-Add Team-Public/button_Create' successfully

2023-03-01 13:26:20 - [TEST_STEP][PASSED] - verifyElementNotClickable(findTestObject("06-Teams/01-Add Team-Public/button_Create")): Object 'Object Repository/06-Teams/01-Add Team-Public/button_Create' is NOT clickable

2023-03-01 13:26:21 - [MESSAGE][PASSED] - Object 'Object Repository/06-Teams/01-Add Team-Public/button_Create' is NOT clickable

2023-03-01 13:26:21 - [TEST_STEP][PASSED] - delay(3): Delayed 3 second(s)

2023-03-01 13:26:24 - [MESSAGE][PASSED] - Delayed 3 second(s)

2023-03-01 13:26:24 - [TEST_STEP][PASSED] - click(findTestObject("06-Teams/01-Add Team-Public/input_teamName")): Object: 'Object Repository/06-Teams/01-Add Team-Public/input_teamName' is clicked on

2023-03-01 13:26:25 - [MESSAGE][PASSED] - Object: 'Object Repository/06-Teams/01-Add Team-Public/input_teamName' is clicked on

2023-03-01 13:26:25 - [TEST_STEP][PASSED] - click(findTestObject("06-Teams/01-Add Team-Public/Org unit")): Object: 'Object Repository/06-Teams/01-Add Team-Public/Org unit' is clicked on

2023-03-01 13:26:27 - [MESSAGE][PASSED] - Object: 'Object Repository/06-Teams/01-Add Team-Public/Org unit' is clicked on

2023-03-01 13:26:27 - [TEST_STEP][PASSED] - verifyElementVisible(findTestObject("06-Teams/01-Add Team-Public/h4_Select an organization unit")): Object 'Object Repository/06-Teams/01-Add Team-Public/h4_Select an organization unit' is visible

2023-03-01 13:26:28 - [MESSAGE][PASSED] - Object 'Object Repository/06-Teams/01-Add Team-Public/h4_Select an organization unit' is visible

2023-03-01 13:26:28 - [TEST_STEP][PASSED] - delay(3): Delayed 3 second(s)

2023-03-01 13:26:31 - [MESSAGE][PASSED] - Delayed 3 second(s)

2023-03-01 13:26:31 - [TEST_STEP][PASSED] - click(findTestObject("06-Teams/01-Add Team-Public/div_GG Automation")): Object: 'Object Repository/06-Teams/01-Add Team-Public/div_GG Automation' is clicked on

2023-03-01 13:26:32 - [MESSAGE][PASSED] - Object: 'Object Repository/06-Teams/01-Add Team-Public/div_GG Automation' is clicked on

2023-03-01 13:26:32 - [TEST_STEP][PASSED] - click(findTestObject("06-Teams/01-Add Team-Public/button_Select")): Object: 'Object Repository/06-Teams/01-Add Team-Public/button_Select' is clicked on

2023-03-01 13:26:33 - [MESSAGE][PASSED] - Object: 'Object Repository/06-Teams/01-Add Team-Public/button_Select' is clicked on

2023-03-01 13:26:33 - [TEST_STEP][PASSED] - verifyElementVisible(findTestObject("06-Teams/01-Add Team-Public/Error Team name")): Object 'Object Repository/06-Teams/01-Add Team-Public/Error Team name' is visible

2023-03-01 13:26:35 - [MESSAGE][PASSED] - Object 'Object Repository/06-Teams/01-Add Team-Public/Error Team name' is visible

2023-03-01 13:26:35 - [TEST_STEP][PASSED] - delay(3): Delayed 3 second(s)

2023-03-01 13:26:38 - [MESSAGE][PASSED] - Delayed 3 second(s)

2023-03-01 13:26:38 - [TEST_STEP][PASSED] - setText(findTestObject("06-Teams/01-Add Team-Public/input_teamName"), "Auto Team Public"): Text 'Auto Team Public' is set on object 'Object Repository/06-Teams/01-Add Team-Public/input_teamName'

2023-03-01 13:26:40 - [MESSAGE][PASSED] - Text 'Auto Team Public' is set on object 'Object Repository/06-Teams/01-Add Team-Public/input_teamName'

2023-03-01 13:26:40 - [TEST_STEP][PASSED] - scrollToElement(findTestObject("06-Teams/01-Add Team-Public/button_Create"), 0): Scroll to object 'Object Repository/06-Teams/01-Add Team-Public/button_Create' successfully

2023-03-01 13:26:41 - [MESSAGE][WARNING] - Timeout '0' is invalid. Using default page load timeout: '30'

2023-03-01 13:26:41 - [MESSAGE][PASSED] - Scroll to object 'Object Repository/06-Teams/01-Add Team-Public/button_Create' successfully

2023-03-01 13:26:41 - [TEST_STEP][PASSED] - click(findTestObject("06-Teams/01-Add Team-Public/button_Create")): Object: 'Object Repository/06-Teams/01-Add Team-Public/button_Create' is clicked on

2023-03-01 13:26:42 - [MESSAGE][PASSED] - Object: 'Object Repository/06-Teams/01-Add Team-Public/button_Create' is clicked on

2023-03-01 13:26:42 - [TEST_STEP][PASSED] - delay(3): Delayed 3 second(s)

2023-03-01 13:26:45 - [MESSAGE][PASSED] - Delayed 3 second(s)

2023-03-01 13:26:45 - [TEST_STEP][PASSED] - verifyElementVisible(findTestObject("06-Teams/01-Add Team-Public/span_Successfully added new team")): Object 'Object Repository/06-Teams/01-Add Team-Public/span_Successfully added new team' is visible

2023-03-01 13:26:47 - [MESSAGE][PASSED] - Object 'Object Repository/06-Teams/01-Add Team-Public/span_Successfully added new team' is visible

2023-03-01 13:26:47 - [TEST_STEP][PASSED] - delay(3): Delayed 3 second(s)

2023-03-01 13:26:50 - [MESSAGE][PASSED] - Delayed 3 second(s)

2023-03-01 13:26:50 - [TEST_STEP][PASSED] - verifyElementVisible(findTestObject("06-Teams/01-Add Team-Public/span_Auto Team Public")): Object 'Object Repository/06-Teams/01-Add Team-Public/span_Auto Team Public' is visible

2023-03-01 13:26:51 - [MESSAGE][PASSED] - Object 'Object Repository/06-Teams/01-Add Team-Public/span_Auto Team Public' is visible

2023-03-01 13:26:51 - [TEST_STEP][PASSED] - delay(3): Delayed 3 second(s)

2023-03-01 13:26:54 - [MESSAGE][PASSED] - Delayed 3 second(s)]]></system-out>
         <system-err><![CDATA[]]></system-err>
      </testcase>
      <testcase name="Test Cases/06- Teams/02-Add Team-Private" time="68.202" classname="Test Cases/06- Teams/02-Add Team-Private" status="PASSED">
         <system-out><![CDATA[2023-03-01 13:26:54 - [TEST_CASE][PASSED] - Test Cases/06- Teams/02-Add Team-Private: Test Cases/06- Teams/02-Add Team-Private

2023-03-01 13:26:56 - [TEST_STEP][PASSED] - click(findTestObject("06-Teams/Add Team")): Object: 'Object Repository/06-Teams/Add Team' is clicked on

2023-03-01 13:26:57 - [MESSAGE][PASSED] - Object: 'Object Repository/06-Teams/Add Team' is clicked on

2023-03-01 13:26:57 - [TEST_STEP][PASSED] - delay(3): Delayed 3 second(s)

2023-03-01 13:27:00 - [MESSAGE][PASSED] - Delayed 3 second(s)

2023-03-01 13:27:00 - [TEST_STEP][PASSED] - verifyElementVisible(findTestObject("06-Teams/button_Public")): Object 'Object Repository/06-Teams/button_Public' is visible

2023-03-01 13:27:01 - [MESSAGE][PASSED] - Object 'Object Repository/06-Teams/button_Public' is visible

2023-03-01 13:27:01 - [TEST_STEP][PASSED] - verifyElementVisible(findTestObject("06-Teams/button_Private")): Object 'Object Repository/06-Teams/button_Private' is visible

2023-03-01 13:27:02 - [MESSAGE][PASSED] - Object 'Object Repository/06-Teams/button_Private' is visible

2023-03-01 13:27:02 - [TEST_STEP][PASSED] - delay(3): Delayed 3 second(s)

2023-03-01 13:27:05 - [MESSAGE][PASSED] - Delayed 3 second(s)

2023-03-01 13:27:05 - [TEST_STEP][PASSED] - click(findTestObject("06-Teams/button_Private")): Object: 'Object Repository/06-Teams/button_Private' is clicked on

2023-03-01 13:27:08 - [MESSAGE][PASSED] - Object: 'Object Repository/06-Teams/button_Private' is clicked on

2023-03-01 13:27:08 - [TEST_STEP][PASSED] - delay(3): Delayed 3 second(s)

2023-03-01 13:27:11 - [MESSAGE][PASSED] - Delayed 3 second(s)

2023-03-01 13:27:11 - [TEST_STEP][PASSED] - verifyElementVisible(findTestObject("06-Teams/02-Add Team-Private/Add team- Private")): Object 'Object Repository/06-Teams/02-Add Team-Private/Add team- Private' is visible

2023-03-01 13:27:12 - [MESSAGE][PASSED] - Object 'Object Repository/06-Teams/02-Add Team-Private/Add team- Private' is visible

2023-03-01 13:27:12 - [TEST_STEP][PASSED] - verifyElementVisible(findTestObject("06-Teams/02-Add Team-Private/div_Settings")): Object 'Object Repository/06-Teams/02-Add Team-Private/div_Settings' is visible

2023-03-01 13:27:13 - [MESSAGE][PASSED] - Object 'Object Repository/06-Teams/02-Add Team-Private/div_Settings' is visible

2023-03-01 13:27:13 - [TEST_STEP][PASSED] - verifyElementVisible(findTestObject("06-Teams/02-Add Team-Private/div_Members")): Object 'Object Repository/06-Teams/02-Add Team-Private/div_Members' is visible

2023-03-01 13:27:14 - [MESSAGE][PASSED] - Object 'Object Repository/06-Teams/02-Add Team-Private/div_Members' is visible

2023-03-01 13:27:14 - [TEST_STEP][PASSED] - scrollToElement(findTestObject("06-Teams/01-Add Team-Public/button_Create"), 0): Scroll to object 'Object Repository/06-Teams/01-Add Team-Public/button_Create' successfully

2023-03-01 13:27:14 - [MESSAGE][WARNING] - Timeout '0' is invalid. Using default page load timeout: '30'

2023-03-01 13:27:15 - [MESSAGE][PASSED] - Scroll to object 'Object Repository/06-Teams/01-Add Team-Public/button_Create' successfully

2023-03-01 13:27:15 - [TEST_STEP][PASSED] - verifyElementNotClickable(findTestObject("06-Teams/01-Add Team-Public/button_Create")): Object 'Object Repository/06-Teams/01-Add Team-Public/button_Create' is NOT clickable

2023-03-01 13:27:16 - [MESSAGE][PASSED] - Object 'Object Repository/06-Teams/01-Add Team-Public/button_Create' is NOT clickable

2023-03-01 13:27:16 - [TEST_STEP][PASSED] - delay(3): Delayed 3 second(s)

2023-03-01 13:27:19 - [MESSAGE][PASSED] - Delayed 3 second(s)

2023-03-01 13:27:19 - [TEST_STEP][PASSED] - click(findTestObject("06-Teams/01-Add Team-Public/input_teamName")): Object: 'Object Repository/06-Teams/01-Add Team-Public/input_teamName' is clicked on

2023-03-01 13:27:20 - [MESSAGE][PASSED] - Object: 'Object Repository/06-Teams/01-Add Team-Public/input_teamName' is clicked on

2023-03-01 13:27:20 - [TEST_STEP][PASSED] - click(findTestObject("06-Teams/01-Add Team-Public/Org unit")): Object: 'Object Repository/06-Teams/01-Add Team-Public/Org unit' is clicked on

2023-03-01 13:27:22 - [MESSAGE][PASSED] - Object: 'Object Repository/06-Teams/01-Add Team-Public/Org unit' is clicked on

2023-03-01 13:27:22 - [TEST_STEP][PASSED] - verifyElementVisible(findTestObject("06-Teams/01-Add Team-Public/h4_Select an organization unit")): Object 'Object Repository/06-Teams/01-Add Team-Public/h4_Select an organization unit' is visible

2023-03-01 13:27:23 - [MESSAGE][PASSED] - Object 'Object Repository/06-Teams/01-Add Team-Public/h4_Select an organization unit' is visible

2023-03-01 13:27:23 - [TEST_STEP][PASSED] - delay(3): Delayed 3 second(s)

2023-03-01 13:27:26 - [MESSAGE][PASSED] - Delayed 3 second(s)

2023-03-01 13:27:26 - [TEST_STEP][PASSED] - click(findTestObject("06-Teams/01-Add Team-Public/div_GG Automation")): Object: 'Object Repository/06-Teams/01-Add Team-Public/div_GG Automation' is clicked on

2023-03-01 13:27:27 - [MESSAGE][PASSED] - Object: 'Object Repository/06-Teams/01-Add Team-Public/div_GG Automation' is clicked on

2023-03-01 13:27:27 - [TEST_STEP][PASSED] - click(findTestObject("06-Teams/01-Add Team-Public/button_Select")): Object: 'Object Repository/06-Teams/01-Add Team-Public/button_Select' is clicked on

2023-03-01 13:27:28 - [MESSAGE][PASSED] - Object: 'Object Repository/06-Teams/01-Add Team-Public/button_Select' is clicked on

2023-03-01 13:27:28 - [TEST_STEP][PASSED] - verifyElementVisible(findTestObject("06-Teams/01-Add Team-Public/Error Team name")): Object 'Object Repository/06-Teams/01-Add Team-Public/Error Team name' is visible

2023-03-01 13:27:29 - [MESSAGE][PASSED] - Object 'Object Repository/06-Teams/01-Add Team-Public/Error Team name' is visible

2023-03-01 13:27:29 - [TEST_STEP][PASSED] - delay(3): Delayed 3 second(s)

2023-03-01 13:27:32 - [MESSAGE][PASSED] - Delayed 3 second(s)

2023-03-01 13:27:32 - [TEST_STEP][PASSED] - setText(findTestObject("06-Teams/01-Add Team-Public/input_teamName"), "Auto Team Private"): Text 'Auto Team Private' is set on object 'Object Repository/06-Teams/01-Add Team-Public/input_teamName'

2023-03-01 13:27:36 - [MESSAGE][PASSED] - Text 'Auto Team Private' is set on object 'Object Repository/06-Teams/01-Add Team-Public/input_teamName'

2023-03-01 13:27:36 - [TEST_STEP][PASSED] - delay(3): Delayed 3 second(s)

2023-03-01 13:27:39 - [MESSAGE][PASSED] - Delayed 3 second(s)

2023-03-01 13:27:39 - [TEST_STEP][PASSED] - click(findTestObject("06-Teams/02-Add Team-Private/div_Members")): Object: 'Object Repository/06-Teams/02-Add Team-Private/div_Members' is clicked on

2023-03-01 13:27:40 - [MESSAGE][PASSED] - Object: 'Object Repository/06-Teams/02-Add Team-Private/div_Members' is clicked on

2023-03-01 13:27:41 - [TEST_STEP][PASSED] - verifyElementVisible(findTestObject("06-Teams/02-Add Team-Private/Members dialog box")): Object 'Object Repository/06-Teams/02-Add Team-Private/Members dialog box' is visible

2023-03-01 13:27:42 - [MESSAGE][PASSED] - Object 'Object Repository/06-Teams/02-Add Team-Private/Members dialog box' is visible

2023-03-01 13:27:42 - [TEST_STEP][PASSED] - delay(3): Delayed 3 second(s)

2023-03-01 13:27:45 - [MESSAGE][PASSED] - Delayed 3 second(s)

2023-03-01 13:27:45 - [TEST_STEP][PASSED] - scrollToElement(findTestObject("06-Teams/01-Add Team-Public/button_Create"), 0): Scroll to object 'Object Repository/06-Teams/01-Add Team-Public/button_Create' successfully

2023-03-01 13:27:46 - [MESSAGE][WARNING] - Timeout '0' is invalid. Using default page load timeout: '30'

2023-03-01 13:27:47 - [MESSAGE][PASSED] - Scroll to object 'Object Repository/06-Teams/01-Add Team-Public/button_Create' successfully

2023-03-01 13:27:47 - [TEST_STEP][PASSED] - click(findTestObject("06-Teams/01-Add Team-Public/button_Create")): Object: 'Object Repository/06-Teams/01-Add Team-Public/button_Create' is clicked on

2023-03-01 13:27:48 - [MESSAGE][PASSED] - Object: 'Object Repository/06-Teams/01-Add Team-Public/button_Create' is clicked on

2023-03-01 13:27:48 - [TEST_STEP][PASSED] - verifyElementVisible(findTestObject("06-Teams/01-Add Team-Public/span_Successfully added new team")): Object 'Object Repository/06-Teams/01-Add Team-Public/span_Successfully added new team' is visible

2023-03-01 13:27:52 - [MESSAGE][PASSED] - Object 'Object Repository/06-Teams/01-Add Team-Public/span_Successfully added new team' is visible

2023-03-01 13:27:52 - [TEST_STEP][PASSED] - delay(3): Delayed 3 second(s)

2023-03-01 13:27:55 - [MESSAGE][PASSED] - Delayed 3 second(s)

2023-03-01 13:27:55 - [TEST_STEP][PASSED] - verifyElementVisible(findTestObject("06-Teams/02-Add Team-Private/span_Auto Team Private")): Object 'Object Repository/06-Teams/02-Add Team-Private/span_Auto Team Private' is visible

2023-03-01 13:27:57 - [MESSAGE][PASSED] - Object 'Object Repository/06-Teams/02-Add Team-Private/span_Auto Team Private' is visible

2023-03-01 13:27:57 - [TEST_STEP][PASSED] - delay(3): Delayed 3 second(s)

2023-03-01 13:28:00 - [MESSAGE][PASSED] - Delayed 3 second(s)

2023-03-01 13:28:00 - [TEST_STEP][PASSED] - closeBrowser(): Browser is closed

2023-03-01 13:28:02 - [MESSAGE][PASSED] - Browser is closed]]></system-out>
         <system-err><![CDATA[]]></system-err>
      </testcase>
      <system-out><![CDATA[2023-03-01 13:19:54 - [TEST_SUITE][PASSED] - 06.1- Teams - Add: Test Cases/06- Teams/02-Add Team-Private]]></system-out>
      <system-err><![CDATA[]]></system-err>
   </testsuite>
</testsuites>
