<?xml version="1.0" encoding="UTF-8"?>
<testsuites name="02-Side Icons" time="140.986" tests="4" failures="0" errors="0">
   <testsuite name="02-Side Icons" tests="4" failures="0" errors="0" time="140.986" skipped="0" timestamp="2022-04-20 11:20:13" hostname="User - DESKTOP-QCRNR4M" id="Test Suites/TS-Organization/02-Side Icons">
      <properties>
         <property name="deviceName" value=""/>
         <property name="devicePlatform" value=""/>
         <property name="logFolder" value="C:\\Users\\User\\Katalon Studio\\EverleaguesMain\\Reports\\20220420_112010\\TS-Organization\\02-Side Icons\\20220420_112011"/>
         <property name="logFiles" value="C:\\Users\\User\\Katalon Studio\\EverleaguesMain\\Reports\\20220420_112010\\TS-Organization\\02-Side Icons\\20220420_112011\\execution0.log"/>
         <property name="attachments" value=""/>
         <property name="hostName" value="User - DESKTOP-QCRNR4M"/>
         <property name="os" value="Windows 10 64bit"/>
         <property name="katalonVersion" value="8.3.0.208"/>
         <property name="browser" value="Chrome 100.0.4896.127"/>
         <property name="hostAddress" value="192.168.5.83"/>
         <property name="sessionId" value="48829e1e8d75519b94290a99a024fc35"/>
         <property name="seleniumVersion" value="3.141.59"/>
         <property name="proxyInformation" value="ProxyInformation { proxyOption=NO_PROXY, proxyServerType=HTTP, username=, password=********, proxyServerAddress=, proxyServerPort=0, executionList=&quot;&quot;, isApplyToDesiredCapabilities=true }"/>
         <property name="platform" value="Windows 10"/>
      </properties>
      <testcase name="Test Cases/02-Side Icons (Organization)/01- (Add Contact)" time="108.138" classname="Test Cases/02-Side Icons (Organization)/01- (Add Contact)" status="PASSED">
         <system-out><![CDATA[2022-04-20 11:20:14 - [TEST_CASE][PASSED] - Test Cases/02-Side Icons (Organization)/01- (Add Contact): Test Cases/02-Side Icons (Organization)/01- (Add Contact)

2022-04-20 11:20:14 - [TEST_STEP][PASSED] - openBrowser(""): Browser is opened with url: ''

2022-04-20 11:20:15 - [MESSAGE][INFO] - Starting 'Chrome' driver

2022-04-20 11:20:15 - [MESSAGE][INFO] - Action delay is set to 0 milliseconds

2022-04-20 11:20:17 - [MESSAGE][PASSED] - Browser is opened with url: ''

2022-04-20 11:20:17 - [TEST_STEP][PASSED] - navigateToUrl("https://lab.everleagues.com/login?returnUrl=%2Fmain%2Fdashboard"): Navigate to 'https://lab.everleagues.com/login?returnUrl=%2Fmain%2Fdashboard' successfully

2022-04-20 11:20:45 - [MESSAGE][PASSED] - Navigate to 'https://lab.everleagues.com/login?returnUrl=%2Fmain%2Fdashboard' successfully

2022-04-20 11:20:45 - [TEST_STEP][PASSED] - maximizeWindow(): Current window maximized

2022-04-20 11:20:45 - [MESSAGE][PASSED] - Current window maximized

2022-04-20 11:20:45 - [TEST_STEP][PASSED] - setText(findTestObject("02-Side Icons(Organization)/Add Contact/Email Field"), "testuser01@mailinator.com"): Text 'testuser01@mailinator.com' is set on object 'Object Repository/02-Side Icons(Organization)/Add Contact/Email Field'

2022-04-20 11:20:47 - [MESSAGE][PASSED] - Text 'testuser01@mailinator.com' is set on object 'Object Repository/02-Side Icons(Organization)/Add Contact/Email Field'

2022-04-20 11:20:47 - [TEST_STEP][PASSED] - setEncryptedText(findTestObject("02-Side Icons(Organization)/Add Contact/Password Field"), "8yFRyszE6U6jvsCn51OQbg=="): Text ****** has been set on object 'Object Repository/02-Side Icons(Organization)/Add Contact/Password Field'

2022-04-20 11:20:47 - [MESSAGE][PASSED] - Text ****** has been set on object 'Object Repository/02-Side Icons(Organization)/Add Contact/Password Field'

2022-04-20 11:20:47 - [TEST_STEP][PASSED] - click(findTestObject("02-Side Icons(Organization)/Add Contact/button_Sign in")): Object: 'Object Repository/02-Side Icons(Organization)/Add Contact/button_Sign in' is clicked on

2022-04-20 11:20:48 - [MESSAGE][PASSED] - Object: 'Object Repository/02-Side Icons(Organization)/Add Contact/button_Sign in' is clicked on

2022-04-20 11:20:48 - [TEST_STEP][PASSED] - delay(2): Delayed 2 second(s)

2022-04-20 11:20:50 - [MESSAGE][PASSED] - Delayed 2 second(s)

2022-04-20 11:20:50 - [TEST_STEP][PASSED] - click(findTestObject("06-Teams/For 2FA/button_Confirm_2FA")): Object: 'Object Repository/06-Teams/For 2FA/button_Confirm_2FA' is clicked on

2022-04-20 11:20:50 - [MESSAGE][PASSED] - Object: 'Object Repository/06-Teams/For 2FA/button_Confirm_2FA' is clicked on

2022-04-20 11:20:50 - [TEST_STEP][PASSED] - executeJavaScript("window.open();", []): Execute JavaScript 'window.open();' successfully

2022-04-20 11:20:51 - [MESSAGE][PASSED] - Execute JavaScript 'window.open();' successfully

2022-04-20 11:20:51 - [TEST_STEP][PASSED] - currentWindow = getWindowIndex(): Current window's index is: 0

2022-04-20 11:20:51 - [MESSAGE][PASSED] - Current window's index is: 0

2022-04-20 11:20:51 - [TEST_STEP][PASSED] - delay(3): Delayed 3 second(s)

2022-04-20 11:20:54 - [MESSAGE][PASSED] - Delayed 3 second(s)

2022-04-20 11:20:54 - [TEST_STEP][PASSED] - switchToWindowIndex(currentWindow + 1): Switched to window with index: '1'

2022-04-20 11:20:54 - [MESSAGE][PASSED] - Switched to window with index: '1'

2022-04-20 11:20:54 - [TEST_STEP][PASSED] - navigateToUrl("https://www.mailinator.com/"): Navigate to 'https://www.mailinator.com/' successfully

2022-04-20 11:20:56 - [MESSAGE][PASSED] - Navigate to 'https://www.mailinator.com/' successfully

2022-04-20 11:20:56 - [TEST_STEP][PASSED] - delay(3): Delayed 3 second(s)

2022-04-20 11:20:59 - [MESSAGE][PASSED] - Delayed 3 second(s)

2022-04-20 11:20:59 - [TEST_STEP][PASSED] - setText(findTestObject("00-Signup and Activation/zMailinator/input_LOGIN_search"), "testuser01@mailinator.com"): Text 'testuser01@mailinator.com' is set on object 'Object Repository/00-Signup and Activation/zMailinator/input_LOGIN_search'

2022-04-20 11:21:00 - [MESSAGE][PASSED] - Text 'testuser01@mailinator.com' is set on object 'Object Repository/00-Signup and Activation/zMailinator/input_LOGIN_search'

2022-04-20 11:21:00 - [TEST_STEP][PASSED] - click(findTestObject("00-Signup and Activation/zMailinator/gobutton"), STOP_ON_FAILURE): Object: 'Object Repository/00-Signup and Activation/zMailinator/gobutton' is clicked on

2022-04-20 11:21:01 - [MESSAGE][PASSED] - Object: 'Object Repository/00-Signup and Activation/zMailinator/gobutton' is clicked on

2022-04-20 11:21:01 - [TEST_STEP][PASSED] - delay(3): Delayed 3 second(s)

2022-04-20 11:21:04 - [MESSAGE][PASSED] - Delayed 3 second(s)

2022-04-20 11:21:04 - [TEST_STEP][PASSED] - click(findTestObject("00-Signup and Activation/zMailinator/Email - everleagues")): Object: 'Object Repository/00-Signup and Activation/zMailinator/Email - everleagues' is clicked on

2022-04-20 11:21:04 - [MESSAGE][PASSED] - Object: 'Object Repository/00-Signup and Activation/zMailinator/Email - everleagues' is clicked on

2022-04-20 11:21:04 - [TEST_STEP][PASSED] - delay(3): Delayed 3 second(s)

2022-04-20 11:21:07 - [MESSAGE][PASSED] - Delayed 3 second(s)

2022-04-20 11:21:07 - [TEST_STEP][PASSED] - code = getText(findTestObject("Object Repository/06-Teams/For 2FA/2FA code")): Text of object 'Object Repository/06-Teams/For 2FA/2FA code' is: '840751'

2022-04-20 11:21:08 - [MESSAGE][PASSED] - Text of object 'Object Repository/06-Teams/For 2FA/2FA code' is: '840751'

2022-04-20 11:21:08 - [TEST_STEP][PASSED] - delay(3): Delayed 3 second(s)

2022-04-20 11:21:11 - [MESSAGE][PASSED] - Delayed 3 second(s)

2022-04-20 11:21:11 - [TEST_STEP][PASSED] - closeWindowTitle("Mailinator"): Window with title: 'Mailinator' is closed

2022-04-20 11:21:11 - [MESSAGE][PASSED] - Window with title: 'Mailinator' is closed

2022-04-20 11:21:11 - [TEST_STEP][PASSED] - delay(3): Delayed 3 second(s)

2022-04-20 11:21:14 - [MESSAGE][PASSED] - Delayed 3 second(s)

2022-04-20 11:21:14 - [TEST_STEP][PASSED] - switchToWindowIndex(0): Switched to window with index: '0'

2022-04-20 11:21:14 - [MESSAGE][PASSED] - Switched to window with index: '0'

2022-04-20 11:21:14 - [TEST_STEP][PASSED] - delay(3): Delayed 3 second(s)

2022-04-20 11:21:17 - [MESSAGE][PASSED] - Delayed 3 second(s)

2022-04-20 11:21:17 - [TEST_STEP][PASSED] - setText(findTestObject("Object Repository/06-Teams/For 2FA/input_Enter verification code_code"), code): Text '840751' is set on object 'Object Repository/06-Teams/For 2FA/input_Enter verification code_code'

2022-04-20 11:21:18 - [MESSAGE][PASSED] - Text '840751' is set on object 'Object Repository/06-Teams/For 2FA/input_Enter verification code_code'

2022-04-20 11:21:18 - [TEST_STEP][PASSED] - delay(3): Delayed 3 second(s)

2022-04-20 11:21:21 - [MESSAGE][PASSED] - Delayed 3 second(s)

2022-04-20 11:21:21 - [TEST_STEP][PASSED] - click(findTestObject("06-Teams/For 2FA/button_Verify_2FA")): Object: 'Object Repository/06-Teams/For 2FA/button_Verify_2FA' is clicked on

2022-04-20 11:21:22 - [MESSAGE][PASSED] - Object: 'Object Repository/06-Teams/For 2FA/button_Verify_2FA' is clicked on

2022-04-20 11:21:22 - [TEST_STEP][PASSED] - delay(5): Delayed 5 second(s)

2022-04-20 11:21:27 - [MESSAGE][PASSED] - Delayed 5 second(s)

2022-04-20 11:21:27 - [TEST_STEP][PASSED] - click(findTestObject("02-Side Icons(Organization)/Add Contact/Side Menu double arrow icon")): Object: 'Object Repository/02-Side Icons(Organization)/Add Contact/Side Menu double arrow icon' is clicked on

2022-04-20 11:21:28 - [MESSAGE][PASSED] - Object: 'Object Repository/02-Side Icons(Organization)/Add Contact/Side Menu double arrow icon' is clicked on

2022-04-20 11:21:28 - [TEST_STEP][PASSED] - delay(2): Delayed 2 second(s)

2022-04-20 11:21:30 - [MESSAGE][PASSED] - Delayed 2 second(s)

2022-04-20 11:21:30 - [TEST_STEP][PASSED] - click(findTestObject("02-Side Icons(Organization)/Add Contact/button_My Organizations")): Object: 'Object Repository/02-Side Icons(Organization)/Add Contact/button_My Organizations' is clicked on

2022-04-20 11:21:31 - [MESSAGE][PASSED] - Object: 'Object Repository/02-Side Icons(Organization)/Add Contact/button_My Organizations' is clicked on

2022-04-20 11:21:31 - [TEST_STEP][PASSED] - delay(2): Delayed 2 second(s)

2022-04-20 11:21:33 - [MESSAGE][PASSED] - Delayed 2 second(s)

2022-04-20 11:21:33 - [TEST_STEP][PASSED] - click(findTestObject("02-Side Icons(Organization)/Add Contact/button_Automation Test Org")): Object: 'Object Repository/02-Side Icons(Organization)/Add Contact/button_Automation Test Org' is clicked on

2022-04-20 11:21:33 - [MESSAGE][PASSED] - Object: 'Object Repository/02-Side Icons(Organization)/Add Contact/button_Automation Test Org' is clicked on

2022-04-20 11:21:33 - [TEST_STEP][PASSED] - delay(2): Delayed 2 second(s)

2022-04-20 11:21:35 - [MESSAGE][PASSED] - Delayed 2 second(s)

2022-04-20 11:21:35 - [TEST_STEP][PASSED] - verifyElementVisible(findTestObject("02-Side Icons(Organization)/Add Contact/span_Automation Test Org")): Object 'Object Repository/02-Side Icons(Organization)/Add Contact/span_Automation Test Org' is visible

2022-04-20 11:21:35 - [MESSAGE][PASSED] - Object 'Object Repository/02-Side Icons(Organization)/Add Contact/span_Automation Test Org' is visible

2022-04-20 11:21:35 - [TEST_STEP][PASSED] - delay(3): Delayed 3 second(s)

2022-04-20 11:21:39 - [MESSAGE][PASSED] - Delayed 3 second(s)

2022-04-20 11:21:39 - [TEST_STEP][PASSED] - click(findTestObject("02-Side Icons(Organization)/Add Contact/button_add new user")): Object: 'Object Repository/02-Side Icons(Organization)/Add Contact/button_add new user' is clicked on

2022-04-20 11:21:39 - [MESSAGE][PASSED] - Object: 'Object Repository/02-Side Icons(Organization)/Add Contact/button_add new user' is clicked on

2022-04-20 11:21:39 - [TEST_STEP][PASSED] - delay(3): Delayed 3 second(s)

2022-04-20 11:21:42 - [MESSAGE][PASSED] - Delayed 3 second(s)

2022-04-20 11:21:42 - [TEST_STEP][PASSED] - verifyElementVisible(findTestObject("02-Side Icons(Organization)/Add Contact/User Invitation modal")): Object 'Object Repository/02-Side Icons(Organization)/Add Contact/User Invitation modal' is visible

2022-04-20 11:21:42 - [MESSAGE][PASSED] - Object 'Object Repository/02-Side Icons(Organization)/Add Contact/User Invitation modal' is visible

2022-04-20 11:21:42 - [TEST_STEP][PASSED] - delay(2): Delayed 2 second(s)

2022-04-20 11:21:44 - [MESSAGE][PASSED] - Delayed 2 second(s)

2022-04-20 11:21:44 - [TEST_STEP][PASSED] - click(findTestObject("02-Side Icons(Organization)/Add Contact/Invite a single user option")): Object: 'Object Repository/02-Side Icons(Organization)/Add Contact/Invite a single user option' is clicked on

2022-04-20 11:21:45 - [MESSAGE][PASSED] - Object: 'Object Repository/02-Side Icons(Organization)/Add Contact/Invite a single user option' is clicked on

2022-04-20 11:21:45 - [TEST_STEP][PASSED] - verifyElementVisible(findTestObject("02-Side Icons(Organization)/Add Contact/Invite New user modal")): Object 'Object Repository/02-Side Icons(Organization)/Add Contact/Invite New user modal' is visible

2022-04-20 11:21:46 - [MESSAGE][PASSED] - Object 'Object Repository/02-Side Icons(Organization)/Add Contact/Invite New user modal' is visible

2022-04-20 11:21:46 - [TEST_STEP][PASSED] - delay(2): Delayed 2 second(s)

2022-04-20 11:21:48 - [MESSAGE][PASSED] - Delayed 2 second(s)

2022-04-20 11:21:48 - [TEST_STEP][PASSED] - click(findTestObject("02-Side Icons(Organization)/Add Contact/button_Cancel")): Object: 'Object Repository/02-Side Icons(Organization)/Add Contact/button_Cancel' is clicked on

2022-04-20 11:21:48 - [MESSAGE][PASSED] - Object: 'Object Repository/02-Side Icons(Organization)/Add Contact/button_Cancel' is clicked on

2022-04-20 11:21:48 - [TEST_STEP][PASSED] - delay(2): Delayed 2 second(s)

2022-04-20 11:21:50 - [MESSAGE][PASSED] - Delayed 2 second(s)

2022-04-20 11:21:50 - [TEST_STEP][PASSED] - click(findTestObject("02-Side Icons(Organization)/Add Contact/button_add new user")): Object: 'Object Repository/02-Side Icons(Organization)/Add Contact/button_add new user' is clicked on

2022-04-20 11:21:51 - [MESSAGE][PASSED] - Object: 'Object Repository/02-Side Icons(Organization)/Add Contact/button_add new user' is clicked on

2022-04-20 11:21:51 - [TEST_STEP][PASSED] - delay(3): Delayed 3 second(s)

2022-04-20 11:21:54 - [MESSAGE][PASSED] - Delayed 3 second(s)

2022-04-20 11:21:54 - [TEST_STEP][PASSED] - verifyElementVisible(findTestObject("02-Side Icons(Organization)/Add Contact/User Invitation modal")): Object 'Object Repository/02-Side Icons(Organization)/Add Contact/User Invitation modal' is visible

2022-04-20 11:21:54 - [MESSAGE][PASSED] - Object 'Object Repository/02-Side Icons(Organization)/Add Contact/User Invitation modal' is visible

2022-04-20 11:21:54 - [TEST_STEP][PASSED] - delay(2): Delayed 2 second(s)

2022-04-20 11:21:56 - [MESSAGE][PASSED] - Delayed 2 second(s)

2022-04-20 11:21:56 - [TEST_STEP][PASSED] - click(findTestObject("02-Side Icons(Organization)/Add Contact/Invite batch user option")): Object: 'Object Repository/02-Side Icons(Organization)/Add Contact/Invite batch user option' is clicked on

2022-04-20 11:21:57 - [MESSAGE][PASSED] - Object: 'Object Repository/02-Side Icons(Organization)/Add Contact/Invite batch user option' is clicked on

2022-04-20 11:21:57 - [TEST_STEP][PASSED] - verifyElementVisible(findTestObject("02-Side Icons(Organization)/Add Contact/Import CSV file modal")): Object 'Object Repository/02-Side Icons(Organization)/Add Contact/Import CSV file modal' is visible

2022-04-20 11:21:57 - [MESSAGE][PASSED] - Object 'Object Repository/02-Side Icons(Organization)/Add Contact/Import CSV file modal' is visible

2022-04-20 11:21:57 - [TEST_STEP][PASSED] - delay(2): Delayed 2 second(s)

2022-04-20 11:21:59 - [MESSAGE][PASSED] - Delayed 2 second(s)

2022-04-20 11:21:59 - [TEST_STEP][PASSED] - click(findTestObject("02-Side Icons(Organization)/Add Contact/button_Cancel")): Object: 'Object Repository/02-Side Icons(Organization)/Add Contact/button_Cancel' is clicked on

2022-04-20 11:22:00 - [MESSAGE][PASSED] - Object: 'Object Repository/02-Side Icons(Organization)/Add Contact/button_Cancel' is clicked on

2022-04-20 11:22:00 - [TEST_STEP][PASSED] - delay(2): Delayed 2 second(s)

2022-04-20 11:22:02 - [MESSAGE][PASSED] - Delayed 2 second(s)]]></system-out>
         <system-err><![CDATA[]]></system-err>
      </testcase>
      <testcase name="Test Cases/02-Side Icons (Organization)/02-(2FA)" time="10.229" classname="Test Cases/02-Side Icons (Organization)/02-(2FA)" status="PASSED">
         <system-out><![CDATA[2022-04-20 11:22:02 - [TEST_CASE][PASSED] - Test Cases/02-Side Icons (Organization)/02-(2FA): Test Cases/02-Side Icons (Organization)/02-(2FA)

2022-04-20 11:22:02 - [TEST_STEP][PASSED] - delay(3): Delayed 3 second(s)

2022-04-20 11:22:05 - [MESSAGE][PASSED] - Delayed 3 second(s)

2022-04-20 11:22:05 - [TEST_STEP][PASSED] - click(findTestObject("02-Side Icons(Organization)/2FA/button_2FA")): Object: 'Object Repository/02-Side Icons(Organization)/2FA/button_2FA' is clicked on

2022-04-20 11:22:06 - [MESSAGE][PASSED] - Object: 'Object Repository/02-Side Icons(Organization)/2FA/button_2FA' is clicked on

2022-04-20 11:22:06 - [TEST_STEP][PASSED] - delay(3): Delayed 3 second(s)

2022-04-20 11:22:09 - [MESSAGE][PASSED] - Delayed 3 second(s)

2022-04-20 11:22:09 - [TEST_STEP][PASSED] - verifyElementVisible(findTestObject("02-Side Icons(Organization)/2FA/span_Two Factor Authentication")): Object 'Object Repository/02-Side Icons(Organization)/2FA/span_Two Factor Authentication' is visible

2022-04-20 11:22:09 - [MESSAGE][PASSED] - Object 'Object Repository/02-Side Icons(Organization)/2FA/span_Two Factor Authentication' is visible

2022-04-20 11:22:09 - [TEST_STEP][PASSED] - delay(3): Delayed 3 second(s)

2022-04-20 11:22:12 - [MESSAGE][PASSED] - Delayed 3 second(s)]]></system-out>
         <system-err><![CDATA[]]></system-err>
      </testcase>
      <testcase name="Test Cases/02-Side Icons (Organization)/03-(Client Assignment)" time="10.028" classname="Test Cases/02-Side Icons (Organization)/03-(Client Assignment)" status="PASSED">
         <system-out><![CDATA[2022-04-20 11:22:12 - [TEST_CASE][PASSED] - Test Cases/02-Side Icons (Organization)/03-(Client Assignment): Test Cases/02-Side Icons (Organization)/03-(Client Assignment)

2022-04-20 11:22:12 - [TEST_STEP][PASSED] - delay(2): Delayed 2 second(s)

2022-04-20 11:22:14 - [MESSAGE][PASSED] - Delayed 2 second(s)

2022-04-20 11:22:14 - [TEST_STEP][PASSED] - click(findTestObject("02-Side Icons(Organization)/Client Assignment/button_Client assignment")): Object: 'Object Repository/02-Side Icons(Organization)/Client Assignment/button_Client assignment' is clicked on

2022-04-20 11:22:15 - [MESSAGE][PASSED] - Object: 'Object Repository/02-Side Icons(Organization)/Client Assignment/button_Client assignment' is clicked on

2022-04-20 11:22:15 - [TEST_STEP][PASSED] - delay(3): Delayed 3 second(s)

2022-04-20 11:22:18 - [MESSAGE][PASSED] - Delayed 3 second(s)

2022-04-20 11:22:18 - [TEST_STEP][PASSED] - verifyElementVisible(findTestObject("02-Side Icons(Organization)/Client Assignment/h4_CLIENT ASSIGNMENT")): Object 'Object Repository/02-Side Icons(Organization)/Client Assignment/h4_CLIENT ASSIGNMENT' is visible

2022-04-20 11:22:18 - [MESSAGE][PASSED] - Object 'Object Repository/02-Side Icons(Organization)/Client Assignment/h4_CLIENT ASSIGNMENT' is visible

2022-04-20 11:22:18 - [TEST_STEP][PASSED] - verifyElementVisible(findTestObject("02-Side Icons(Organization)/Client Assignment/div_By Employee")): Object 'Object Repository/02-Side Icons(Organization)/Client Assignment/div_By Employee' is visible

2022-04-20 11:22:19 - [MESSAGE][PASSED] - Object 'Object Repository/02-Side Icons(Organization)/Client Assignment/div_By Employee' is visible

2022-04-20 11:22:19 - [TEST_STEP][PASSED] - verifyElementVisible(findTestObject("02-Side Icons(Organization)/Client Assignment/div_By Client")): Object 'Object Repository/02-Side Icons(Organization)/Client Assignment/div_By Client' is visible

2022-04-20 11:22:19 - [MESSAGE][PASSED] - Object 'Object Repository/02-Side Icons(Organization)/Client Assignment/div_By Client' is visible

2022-04-20 11:22:19 - [TEST_STEP][PASSED] - delay(3): Delayed 3 second(s)

2022-04-20 11:22:22 - [MESSAGE][PASSED] - Delayed 3 second(s)]]></system-out>
         <system-err><![CDATA[]]></system-err>
      </testcase>
      <testcase name="Test Cases/02-Side Icons (Organization)/04-(Hide Quick Shortcuts)" time="12.276" classname="Test Cases/02-Side Icons (Organization)/04-(Hide Quick Shortcuts)" status="PASSED">
         <system-out><![CDATA[2022-04-20 11:22:22 - [TEST_CASE][PASSED] - Test Cases/02-Side Icons (Organization)/04-(Hide Quick Shortcuts): Test Cases/02-Side Icons (Organization)/04-(Hide Quick Shortcuts)

2022-04-20 11:22:22 - [TEST_STEP][PASSED] - delay(2): Delayed 2 second(s)

2022-04-20 11:22:24 - [MESSAGE][PASSED] - Delayed 2 second(s)

2022-04-20 11:22:24 - [TEST_STEP][PASSED] - click(findTestObject("02-Side Icons(Organization)/Hide Quick Shortcuts/button_hide quick shortcuts")): Object: 'Object Repository/02-Side Icons(Organization)/Hide Quick Shortcuts/button_hide quick shortcuts' is clicked on

2022-04-20 11:22:25 - [MESSAGE][PASSED] - Object: 'Object Repository/02-Side Icons(Organization)/Hide Quick Shortcuts/button_hide quick shortcuts' is clicked on

2022-04-20 11:22:25 - [TEST_STEP][PASSED] - delay(3): Delayed 3 second(s)

2022-04-20 11:22:28 - [MESSAGE][PASSED] - Delayed 3 second(s)

2022-04-20 11:22:28 - [TEST_STEP][PASSED] - verifyElementNotPresent(findTestObject("02-Side Icons(Organization)/2FA/button_2FA"), 0): Web element with id: 'Object Repository/02-Side Icons(Organization)/2FA/button_2FA' located by 'By.xpath: //*[@type = 'button' and (text() = 'security' or . = 'security')]' is not present after '30' second(s)

2022-04-20 11:22:28 - [MESSAGE][WARNING] - Timeout '0' is invalid. Using default page load timeout: '30'

2022-04-20 11:22:28 - [MESSAGE][PASSED] - Web element with id: 'Object Repository/02-Side Icons(Organization)/2FA/button_2FA' located by 'By.xpath: //*[@type = 'button' and (text() = 'security' or . = 'security')]' is not present after '30' second(s)

2022-04-20 11:22:28 - [TEST_STEP][PASSED] - verifyElementNotPresent(findTestObject("02-Side Icons(Organization)/Add Contact/button_add new user"), 0): Web element with id: 'Object Repository/02-Side Icons(Organization)/Add Contact/button_add new user' located by 'By.xpath: //button[@type = 'button' and @ng-reflect-message = 'Invite New User' and (text() = 'person_add' or . = 'person_add')]' is not present after '30' second(s)

2022-04-20 11:22:28 - [MESSAGE][WARNING] - Timeout '0' is invalid. Using default page load timeout: '30'

2022-04-20 11:22:29 - [MESSAGE][PASSED] - Web element with id: 'Object Repository/02-Side Icons(Organization)/Add Contact/button_add new user' located by 'By.xpath: //button[@type = 'button' and @ng-reflect-message = 'Invite New User' and (text() = 'person_add' or . = 'person_add')]' is not present after '30' second(s)

2022-04-20 11:22:29 - [TEST_STEP][PASSED] - verifyElementNotPresent(findTestObject("02-Side Icons(Organization)/Client Assignment/button_Client assignment"), 0): Web element with id: 'Object Repository/02-Side Icons(Organization)/Client Assignment/button_Client assignment' located by 'By.xpath: //*[@type = 'button' and (text() = 'assignment_ind' or . = 'assignment_ind')]' is not present after '30' second(s)

2022-04-20 11:22:29 - [MESSAGE][WARNING] - Timeout '0' is invalid. Using default page load timeout: '30'

2022-04-20 11:22:29 - [MESSAGE][PASSED] - Web element with id: 'Object Repository/02-Side Icons(Organization)/Client Assignment/button_Client assignment' located by 'By.xpath: //*[@type = 'button' and (text() = 'assignment_ind' or . = 'assignment_ind')]' is not present after '30' second(s)

2022-04-20 11:22:29 - [TEST_STEP][PASSED] - delay(3): Delayed 3 second(s)

2022-04-20 11:22:32 - [MESSAGE][PASSED] - Delayed 3 second(s)

2022-04-20 11:22:32 - [TEST_STEP][PASSED] - click(findTestObject("02-Side Icons(Organization)/Hide Quick Shortcuts/button_Show quick shortcuts")): Object: 'Object Repository/02-Side Icons(Organization)/Hide Quick Shortcuts/button_Show quick shortcuts' is clicked on

2022-04-20 11:22:32 - [MESSAGE][PASSED] - Object: 'Object Repository/02-Side Icons(Organization)/Hide Quick Shortcuts/button_Show quick shortcuts' is clicked on

2022-04-20 11:22:32 - [TEST_STEP][PASSED] - verifyElementVisible(findTestObject("02-Side Icons(Organization)/2FA/button_2FA")): Object 'Object Repository/02-Side Icons(Organization)/2FA/button_2FA' is visible

2022-04-20 11:22:33 - [MESSAGE][PASSED] - Object 'Object Repository/02-Side Icons(Organization)/2FA/button_2FA' is visible

2022-04-20 11:22:33 - [TEST_STEP][PASSED] - verifyElementVisible(findTestObject("02-Side Icons(Organization)/Add Contact/button_add new user")): Object 'Object Repository/02-Side Icons(Organization)/Add Contact/button_add new user' is visible

2022-04-20 11:22:33 - [MESSAGE][PASSED] - Object 'Object Repository/02-Side Icons(Organization)/Add Contact/button_add new user' is visible

2022-04-20 11:22:33 - [TEST_STEP][PASSED] - verifyElementVisible(findTestObject("02-Side Icons(Organization)/Client Assignment/button_Client assignment")): Object 'Object Repository/02-Side Icons(Organization)/Client Assignment/button_Client assignment' is visible

2022-04-20 11:22:34 - [MESSAGE][PASSED] - Object 'Object Repository/02-Side Icons(Organization)/Client Assignment/button_Client assignment' is visible

2022-04-20 11:22:34 - [TEST_STEP][PASSED] - delay(0): Delayed 0 second(s)

2022-04-20 11:22:34 - [MESSAGE][PASSED] - Delayed 0 second(s)

2022-04-20 11:22:34 - [TEST_STEP][PASSED] - closeBrowser(): Browser is closed

2022-04-20 11:22:34 - [MESSAGE][PASSED] - Browser is closed]]></system-out>
         <system-err><![CDATA[]]></system-err>
      </testcase>
      <system-out><![CDATA[2022-04-20 11:20:13 - [TEST_SUITE][PASSED] - 02-Side Icons: Test Cases/02-Side Icons (Organization)/04-(Hide Quick Shortcuts)]]></system-out>
      <system-err><![CDATA[]]></system-err>
   </testsuite>
</testsuites>
