<?xml version="1.0" encoding="UTF-8"?>
<testsuites name="09.4 - Settings (Organization unit)" time="481.634" tests="4" failures="0" errors="0">
   <testsuite name="09.4 - Settings (Organization unit)" tests="4" failures="0" errors="0" time="481.634" skipped="0" timestamp="2023-01-02 18:36:11" hostname="asus - DESKTOP-3L3J9C1" id="Test Suites/TS-Organization/09.4 - Settings (Organization unit)">
      <properties>
         <property name="deviceName" value=""/>
         <property name="devicePlatform" value=""/>
         <property name="logFolder" value="C:\\Users\\asus\\Katalon Studio\\Everleagues\\Everleagues\\Reports\\20230102_183557\\TS-Organization\\09.4 - Settings (Organization unit)\\20230102_183557"/>
         <property name="logFiles" value="C:\\Users\\asus\\Katalon Studio\\Everleagues\\Everleagues\\Reports\\20230102_183557\\TS-Organization\\09.4 - Settings (Organization unit)\\20230102_183557\\execution0.log"/>
         <property name="attachments" value=""/>
         <property name="hostName" value="asus - DESKTOP-3L3J9C1"/>
         <property name="os" value="Windows 10 64bit"/>
         <property name="katalonVersion" value="8.4.1.208"/>
         <property name="browser" value="Chrome 108.0.0.0"/>
         <property name="hostAddress" value="192.168.5.82"/>
         <property name="sessionId" value="8bd0fbc0057d5fe9fa0ad64f2536e935"/>
         <property name="seleniumVersion" value="3.141.59"/>
         <property name="proxyInformation" value="ProxyInformation { proxyOption=NO_PROXY, proxyServerType=HTTP, username=, password=********, proxyServerAddress=, proxyServerPort=0, executionList=&quot;&quot;, isApplyToDesiredCapabilities=true }"/>
         <property name="platform" value="Windows 10"/>
      </properties>
      <testcase name="Test Cases/09-Settings/19 - Organization unit - Add Organization unit" time="185.351" classname="Test Cases/09-Settings/19 - Organization unit - Add Organization unit" status="PASSED">
         <system-out><![CDATA[2023-01-02 18:36:13 - [TEST_CASE][PASSED] - Test Cases/09-Settings/19 - Organization unit - Add Organization unit: Test Cases/09-Settings/19 - Organization unit - Add Organization unit

2023-01-02 18:36:15 - [TEST_STEP][PASSED] - openBrowser(""): Browser is opened with url: ''

2023-01-02 18:36:17 - [MESSAGE][INFO] - Starting 'Chrome' driver

2023-01-02 18:36:17 - [MESSAGE][INFO] - Action delay is set to 0 milliseconds

2023-01-02 18:36:28 - [MESSAGE][PASSED] - Browser is opened with url: ''

2023-01-02 18:36:28 - [TEST_STEP][PASSED] - navigateToUrl("https://lab.everleagues.com/"): Navigate to 'https://lab.everleagues.com/' successfully

2023-01-02 18:36:51 - [MESSAGE][PASSED] - Navigate to 'https://lab.everleagues.com/' successfully

2023-01-02 18:36:51 - [TEST_STEP][PASSED] - maximizeWindow(): Current window maximized

2023-01-02 18:36:51 - [MESSAGE][PASSED] - Current window maximized

2023-01-02 18:36:51 - [TEST_STEP][PASSED] - setText(findTestObject("02-Side Icons(Organization)/Add Contact/Email Field"), "testuser02@mailinator.com"): Text 'testuser02@mailinator.com' is set on object 'Object Repository/02-Side Icons(Organization)/Add Contact/Email Field'

2023-01-02 18:36:54 - [MESSAGE][PASSED] - Text 'testuser02@mailinator.com' is set on object 'Object Repository/02-Side Icons(Organization)/Add Contact/Email Field'

2023-01-02 18:36:54 - [TEST_STEP][PASSED] - setEncryptedText(findTestObject("02-Side Icons(Organization)/Add Contact/Password Field"), "8yFRyszE6U6jvsCn51OQbg=="): Text ****** has been set on object 'Object Repository/02-Side Icons(Organization)/Add Contact/Password Field'

2023-01-02 18:36:56 - [MESSAGE][PASSED] - Text ****** has been set on object 'Object Repository/02-Side Icons(Organization)/Add Contact/Password Field'

2023-01-02 18:36:56 - [TEST_STEP][PASSED] - click(findTestObject("02-Side Icons(Organization)/Add Contact/button_Sign in")): Object: 'Object Repository/02-Side Icons(Organization)/Add Contact/button_Sign in' is clicked on

2023-01-02 18:36:57 - [MESSAGE][PASSED] - Object: 'Object Repository/02-Side Icons(Organization)/Add Contact/button_Sign in' is clicked on

2023-01-02 18:36:57 - [TEST_STEP][PASSED] - delay(2): Delayed 2 second(s)

2023-01-02 18:36:59 - [MESSAGE][PASSED] - Delayed 2 second(s)

2023-01-02 18:36:59 - [TEST_STEP][PASSED] - click(findTestObject("06-Teams/For 2FA/button_Confirm_2FA")): Object: 'Object Repository/06-Teams/For 2FA/button_Confirm_2FA' is clicked on

2023-01-02 18:37:01 - [MESSAGE][PASSED] - Object: 'Object Repository/06-Teams/For 2FA/button_Confirm_2FA' is clicked on

2023-01-02 18:37:01 - [TEST_STEP][PASSED] - executeJavaScript("window.open();", []): Execute JavaScript 'window.open();' successfully

2023-01-02 18:37:02 - [MESSAGE][PASSED] - Execute JavaScript 'window.open();' successfully

2023-01-02 18:37:02 - [TEST_STEP][PASSED] - currentWindow = getWindowIndex(): Current window's index is: 0

2023-01-02 18:37:02 - [MESSAGE][PASSED] - Current window's index is: 0

2023-01-02 18:37:02 - [TEST_STEP][PASSED] - delay(3): Delayed 3 second(s)

2023-01-02 18:37:05 - [MESSAGE][PASSED] - Delayed 3 second(s)

2023-01-02 18:37:05 - [TEST_STEP][PASSED] - switchToWindowIndex(currentWindow + 1): Switched to window with index: '1'

2023-01-02 18:37:05 - [MESSAGE][PASSED] - Switched to window with index: '1'

2023-01-02 18:37:05 - [TEST_STEP][PASSED] - navigateToUrl("https://www.mailinator.com/"): Navigate to 'https://www.mailinator.com/' successfully

2023-01-02 18:37:17 - [MESSAGE][PASSED] - Navigate to 'https://www.mailinator.com/' successfully

2023-01-02 18:37:17 - [TEST_STEP][PASSED] - delay(3): Delayed 3 second(s)

2023-01-02 18:37:20 - [MESSAGE][PASSED] - Delayed 3 second(s)

2023-01-02 18:37:20 - [TEST_STEP][PASSED] - setText(findTestObject("00-Signup and Activation/zMailinator/input_LOGIN_search"), "testuser02@mailinator.com"): Text 'testuser02@mailinator.com' is set on object 'Object Repository/00-Signup and Activation/zMailinator/input_LOGIN_search'

2023-01-02 18:37:21 - [MESSAGE][PASSED] - Text 'testuser02@mailinator.com' is set on object 'Object Repository/00-Signup and Activation/zMailinator/input_LOGIN_search'

2023-01-02 18:37:21 - [TEST_STEP][PASSED] - click(findTestObject("00-Signup and Activation/zMailinator/gobutton"), STOP_ON_FAILURE): Object: 'Object Repository/00-Signup and Activation/zMailinator/gobutton' is clicked on

2023-01-02 18:37:26 - [MESSAGE][PASSED] - Object: 'Object Repository/00-Signup and Activation/zMailinator/gobutton' is clicked on

2023-01-02 18:37:26 - [TEST_STEP][PASSED] - delay(3): Delayed 3 second(s)

2023-01-02 18:37:29 - [MESSAGE][PASSED] - Delayed 3 second(s)

2023-01-02 18:37:29 - [TEST_STEP][PASSED] - click(findTestObject("00-Signup and Activation/zMailinator/Email - everleagues")): Object: 'Object Repository/00-Signup and Activation/zMailinator/Email - everleagues' is clicked on

2023-01-02 18:37:31 - [MESSAGE][PASSED] - Object: 'Object Repository/00-Signup and Activation/zMailinator/Email - everleagues' is clicked on

2023-01-02 18:37:31 - [TEST_STEP][PASSED] - delay(3): Delayed 3 second(s)

2023-01-02 18:37:34 - [MESSAGE][PASSED] - Delayed 3 second(s)

2023-01-02 18:37:34 - [TEST_STEP][PASSED] - code = getText(findTestObject("Object Repository/06-Teams/For 2FA/2FA code")): Text of object 'Object Repository/06-Teams/For 2FA/2FA code' is: '667393'

2023-01-02 18:37:36 - [MESSAGE][PASSED] - Text of object 'Object Repository/06-Teams/For 2FA/2FA code' is: '667393'

2023-01-02 18:37:36 - [TEST_STEP][PASSED] - delay(3): Delayed 3 second(s)

2023-01-02 18:37:39 - [MESSAGE][PASSED] - Delayed 3 second(s)

2023-01-02 18:37:39 - [TEST_STEP][PASSED] - closeWindowTitle("Mailinator"): Window with title: 'Mailinator' is closed

2023-01-02 18:37:40 - [MESSAGE][PASSED] - Window with title: 'Mailinator' is closed

2023-01-02 18:37:40 - [TEST_STEP][PASSED] - delay(3): Delayed 3 second(s)

2023-01-02 18:37:43 - [MESSAGE][PASSED] - Delayed 3 second(s)

2023-01-02 18:37:43 - [TEST_STEP][PASSED] - switchToWindowIndex(0): Switched to window with index: '0'

2023-01-02 18:37:43 - [MESSAGE][PASSED] - Switched to window with index: '0'

2023-01-02 18:37:43 - [TEST_STEP][PASSED] - delay(3): Delayed 3 second(s)

2023-01-02 18:37:46 - [MESSAGE][PASSED] - Delayed 3 second(s)

2023-01-02 18:37:46 - [TEST_STEP][PASSED] - setText(findTestObject("Object Repository/06-Teams/For 2FA/input_Enter verification code_code"), code): Text '667393' is set on object 'Object Repository/06-Teams/For 2FA/input_Enter verification code_code'

2023-01-02 18:37:49 - [MESSAGE][PASSED] - Text '667393' is set on object 'Object Repository/06-Teams/For 2FA/input_Enter verification code_code'

2023-01-02 18:37:49 - [TEST_STEP][PASSED] - delay(3): Delayed 3 second(s)

2023-01-02 18:37:52 - [MESSAGE][PASSED] - Delayed 3 second(s)

2023-01-02 18:37:52 - [TEST_STEP][PASSED] - click(findTestObject("06-Teams/For 2FA/button_Verify_2FA")): Object: 'Object Repository/06-Teams/For 2FA/button_Verify_2FA' is clicked on

2023-01-02 18:37:53 - [MESSAGE][PASSED] - Object: 'Object Repository/06-Teams/For 2FA/button_Verify_2FA' is clicked on

2023-01-02 18:37:53 - [TEST_STEP][PASSED] - delay(5): Delayed 5 second(s)

2023-01-02 18:37:58 - [MESSAGE][PASSED] - Delayed 5 second(s)

2023-01-02 18:37:58 - [TEST_STEP][PASSED] - click(findTestObject("06-Teams/button_doublearrow")): Object: 'Object Repository/06-Teams/button_doublearrow' is clicked on

2023-01-02 18:38:01 - [MESSAGE][PASSED] - Object: 'Object Repository/06-Teams/button_doublearrow' is clicked on

2023-01-02 18:38:01 - [TEST_STEP][PASSED] - click(findTestObject("06-Teams/button_My Organizations")): Object: 'Object Repository/06-Teams/button_My Organizations' is clicked on

2023-01-02 18:38:02 - [MESSAGE][PASSED] - Object: 'Object Repository/06-Teams/button_My Organizations' is clicked on

2023-01-02 18:38:02 - [TEST_STEP][PASSED] - click(findTestObject("06-Teams/button_GG Automation")): Object: 'Object Repository/06-Teams/button_GG Automation' is clicked on

2023-01-02 18:38:03 - [MESSAGE][PASSED] - Object: 'Object Repository/06-Teams/button_GG Automation' is clicked on

2023-01-02 18:38:03 - [TEST_STEP][PASSED] - delay(4): Delayed 4 second(s)

2023-01-02 18:38:07 - [MESSAGE][PASSED] - Delayed 4 second(s)

2023-01-02 18:38:07 - [TEST_STEP][PASSED] - verifyElementVisible(findTestObject("06-Teams/span_GG Automation")): Object 'Object Repository/06-Teams/span_GG Automation' is visible

2023-01-02 18:38:08 - [MESSAGE][PASSED] - Object 'Object Repository/06-Teams/span_GG Automation' is visible

2023-01-02 18:38:08 - [TEST_STEP][PASSED] - delay(5): Delayed 5 second(s)

2023-01-02 18:38:13 - [MESSAGE][PASSED] - Delayed 5 second(s)

2023-01-02 18:38:13 - [TEST_STEP][PASSED] - click(findTestObject("03-Header Menu/Hamburger Button/div_Settings")): Object: 'Object Repository/03-Header Menu/Hamburger Button/div_Settings' is clicked on

2023-01-02 18:38:14 - [MESSAGE][PASSED] - Object: 'Object Repository/03-Header Menu/Hamburger Button/div_Settings' is clicked on

2023-01-02 18:38:14 - [TEST_STEP][PASSED] - verifyElementVisible(findTestObject("09-Settings/Users/div_Organization")): Object 'Object Repository/09-Settings/Users/div_Organization' is visible

2023-01-02 18:38:15 - [MESSAGE][PASSED] - Object 'Object Repository/09-Settings/Users/div_Organization' is visible

2023-01-02 18:38:15 - [TEST_STEP][PASSED] - verifyElementVisible(findTestObject("09-Settings/Users/div_Organization Units")): Object 'Object Repository/09-Settings/Users/div_Organization Units' is visible

2023-01-02 18:38:16 - [MESSAGE][PASSED] - Object 'Object Repository/09-Settings/Users/div_Organization Units' is visible

2023-01-02 18:38:16 - [TEST_STEP][PASSED] - scrollToElement(findTestObject("09-Settings/Users/div_Subscriptions"), 0): Scroll to object 'Object Repository/09-Settings/Users/div_Subscriptions' successfully

2023-01-02 18:38:17 - [MESSAGE][WARNING] - Timeout '0' is invalid. Using default page load timeout: '30'

2023-01-02 18:38:17 - [MESSAGE][PASSED] - Scroll to object 'Object Repository/09-Settings/Users/div_Subscriptions' successfully

2023-01-02 18:38:17 - [TEST_STEP][PASSED] - verifyElementVisible(findTestObject("09-Settings/Users/div_Subscriptions")): Object 'Object Repository/09-Settings/Users/div_Subscriptions' is visible

2023-01-02 18:38:18 - [MESSAGE][PASSED] - Object 'Object Repository/09-Settings/Users/div_Subscriptions' is visible

2023-01-02 18:38:18 - [TEST_STEP][PASSED] - verifyElementVisible(findTestObject("09-Settings/Users/div_Users")): Object 'Object Repository/09-Settings/Users/div_Users' is visible

2023-01-02 18:38:18 - [MESSAGE][PASSED] - Object 'Object Repository/09-Settings/Users/div_Users' is visible

2023-01-02 18:38:18 - [TEST_STEP][PASSED] - delay(3): Delayed 3 second(s)

2023-01-02 18:38:22 - [MESSAGE][PASSED] - Delayed 3 second(s)

2023-01-02 18:38:22 - [TEST_STEP][PASSED] - scrollToElement(findTestObject("09-Settings/Users/div_Organization Units"), 0): Scroll to object 'Object Repository/09-Settings/Users/div_Organization Units' successfully

2023-01-02 18:38:22 - [MESSAGE][WARNING] - Timeout '0' is invalid. Using default page load timeout: '30'

2023-01-02 18:38:22 - [MESSAGE][PASSED] - Scroll to object 'Object Repository/09-Settings/Users/div_Organization Units' successfully

2023-01-02 18:38:22 - [TEST_STEP][PASSED] - click(findTestObject("09-Settings/Users/div_Organization Units")): Object: 'Object Repository/09-Settings/Users/div_Organization Units' is clicked on

2023-01-02 18:38:24 - [MESSAGE][PASSED] - Object: 'Object Repository/09-Settings/Users/div_Organization Units' is clicked on

2023-01-02 18:38:24 - [TEST_STEP][PASSED] - verifyElementVisible(findTestObject("09-Settings/Organization unit/h4_ORGANIZATION STRUCTURE SETUP")): Object 'Object Repository/09-Settings/Organization unit/h4_ORGANIZATION STRUCTURE SETUP' is visible

2023-01-02 18:38:25 - [MESSAGE][PASSED] - Object 'Object Repository/09-Settings/Organization unit/h4_ORGANIZATION STRUCTURE SETUP' is visible

2023-01-02 18:38:25 - [TEST_STEP][PASSED] - delay(3): Delayed 3 second(s)

2023-01-02 18:38:28 - [MESSAGE][PASSED] - Delayed 3 second(s)

2023-01-02 18:38:28 - [TEST_STEP][PASSED] - click(findTestObject("09-Settings/Organization unit/button_add")): Object: 'Object Repository/09-Settings/Organization unit/button_add' is clicked on

2023-01-02 18:38:29 - [MESSAGE][PASSED] - Object: 'Object Repository/09-Settings/Organization unit/button_add' is clicked on

2023-01-02 18:38:29 - [TEST_STEP][PASSED] - verifyElementPresent(findTestObject("09-Settings/Organization unit/mat-dialog-container_Add organization unit modal"), 0): Object 'Object Repository/09-Settings/Organization unit/mat-dialog-container_Add organization unit modal' is present

2023-01-02 18:38:30 - [MESSAGE][WARNING] - Timeout '0' is invalid. Using default page load timeout: '30'

2023-01-02 18:38:31 - [MESSAGE][PASSED] - Object 'Object Repository/09-Settings/Organization unit/mat-dialog-container_Add organization unit modal' is present

2023-01-02 18:38:31 - [TEST_STEP][PASSED] - verifyElementPresent(findTestObject("09-Settings/Organization unit/h4_Name"), 0): Object 'Object Repository/09-Settings/Organization unit/h4_Name' is present

2023-01-02 18:38:31 - [MESSAGE][WARNING] - Timeout '0' is invalid. Using default page load timeout: '30'

2023-01-02 18:38:31 - [MESSAGE][PASSED] - Object 'Object Repository/09-Settings/Organization unit/h4_Name' is present

2023-01-02 18:38:31 - [TEST_STEP][PASSED] - click(findTestObject("09-Settings/Organization unit/mat-icon_create")): Object: 'Object Repository/09-Settings/Organization unit/mat-icon_create' is clicked on

2023-01-02 18:38:33 - [MESSAGE][PASSED] - Object: 'Object Repository/09-Settings/Organization unit/mat-icon_create' is clicked on

2023-01-02 18:38:33 - [TEST_STEP][PASSED] - verifyElementPresent(findTestObject("09-Settings/Organization unit/mat-dialog-container_Select an organization unit modal"), 0): Object 'Object Repository/09-Settings/Organization unit/mat-dialog-container_Select an organization unit modal' is present

2023-01-02 18:38:33 - [MESSAGE][WARNING] - Timeout '0' is invalid. Using default page load timeout: '30'

2023-01-02 18:38:33 - [MESSAGE][PASSED] - Object 'Object Repository/09-Settings/Organization unit/mat-dialog-container_Select an organization unit modal' is present

2023-01-02 18:38:33 - [TEST_STEP][PASSED] - verifyElementPresent(findTestObject("09-Settings/Organization unit/h4_Select an organization unit"), 0): Object 'Object Repository/09-Settings/Organization unit/h4_Select an organization unit' is present

2023-01-02 18:38:34 - [MESSAGE][WARNING] - Timeout '0' is invalid. Using default page load timeout: '30'

2023-01-02 18:38:34 - [MESSAGE][PASSED] - Object 'Object Repository/09-Settings/Organization unit/h4_Select an organization unit' is present

2023-01-02 18:38:34 - [TEST_STEP][PASSED] - delay(3): Delayed 3 second(s)

2023-01-02 18:38:37 - [MESSAGE][PASSED] - Delayed 3 second(s)

2023-01-02 18:38:37 - [TEST_STEP][PASSED] - click(findTestObject("09-Settings/Organization unit/Cancel button for select an organization unit")): Object: 'Object Repository/09-Settings/Organization unit/Cancel button for select an organization unit' is clicked on

2023-01-02 18:38:38 - [MESSAGE][PASSED] - Object: 'Object Repository/09-Settings/Organization unit/Cancel button for select an organization unit' is clicked on

2023-01-02 18:38:38 - [TEST_STEP][PASSED] - delay(4): Delayed 4 second(s)

2023-01-02 18:38:42 - [MESSAGE][PASSED] - Delayed 4 second(s)

2023-01-02 18:38:42 - [TEST_STEP][PASSED] - verifyElementPresent(findTestObject("09-Settings/Organization unit/mat-dialog-container_Add organization unit modal"), 0): Object 'Object Repository/09-Settings/Organization unit/mat-dialog-container_Add organization unit modal' is present

2023-01-02 18:38:43 - [MESSAGE][WARNING] - Timeout '0' is invalid. Using default page load timeout: '30'

2023-01-02 18:38:43 - [MESSAGE][PASSED] - Object 'Object Repository/09-Settings/Organization unit/mat-dialog-container_Add organization unit modal' is present

2023-01-02 18:38:43 - [TEST_STEP][PASSED] - verifyElementPresent(findTestObject("09-Settings/Organization unit/h4_Name"), 0): Object 'Object Repository/09-Settings/Organization unit/h4_Name' is present

2023-01-02 18:38:43 - [MESSAGE][WARNING] - Timeout '0' is invalid. Using default page load timeout: '30'

2023-01-02 18:38:44 - [MESSAGE][PASSED] - Object 'Object Repository/09-Settings/Organization unit/h4_Name' is present

2023-01-02 18:38:44 - [TEST_STEP][PASSED] - click(findTestObject("09-Settings/Organization unit/input_Parent Organization Unit Name_orgName")): Object: 'Object Repository/09-Settings/Organization unit/input_Parent Organization Unit Name_orgName' is clicked on

2023-01-02 18:38:45 - [MESSAGE][PASSED] - Object: 'Object Repository/09-Settings/Organization unit/input_Parent Organization Unit Name_orgName' is clicked on

2023-01-02 18:38:45 - [TEST_STEP][PASSED] - click(findTestObject("09-Settings/Organization unit/mat-dialog-container_Add organization unit modal")): Object: 'Object Repository/09-Settings/Organization unit/mat-dialog-container_Add organization unit modal' is clicked on

2023-01-02 18:38:46 - [MESSAGE][PASSED] - Object: 'Object Repository/09-Settings/Organization unit/mat-dialog-container_Add organization unit modal' is clicked on

2023-01-02 18:38:46 - [TEST_STEP][PASSED] - verifyElementPresent(findTestObject("09-Settings/Organization unit/mat-error_Field is required"), 0): Object 'Object Repository/09-Settings/Organization unit/mat-error_Field is required' is present

2023-01-02 18:38:46 - [MESSAGE][WARNING] - Timeout '0' is invalid. Using default page load timeout: '30'

2023-01-02 18:38:46 - [MESSAGE][PASSED] - Object 'Object Repository/09-Settings/Organization unit/mat-error_Field is required' is present

2023-01-02 18:38:46 - [TEST_STEP][PASSED] - delay(3): Delayed 3 second(s)

2023-01-02 18:38:49 - [MESSAGE][PASSED] - Delayed 3 second(s)

2023-01-02 18:38:49 - [TEST_STEP][PASSED] - click(findTestObject("09-Settings/Users/Active User/button_Cancel_restore")): Object: 'Object Repository/09-Settings/Users/Active User/button_Cancel_restore' is clicked on

2023-01-02 18:38:50 - [MESSAGE][PASSED] - Object: 'Object Repository/09-Settings/Users/Active User/button_Cancel_restore' is clicked on

2023-01-02 18:38:50 - [TEST_STEP][PASSED] - delay(4): Delayed 4 second(s)

2023-01-02 18:38:54 - [MESSAGE][PASSED] - Delayed 4 second(s)

2023-01-02 18:38:54 - [TEST_STEP][PASSED] - click(findTestObject("09-Settings/Organization unit/button_add")): Object: 'Object Repository/09-Settings/Organization unit/button_add' is clicked on

2023-01-02 18:38:55 - [MESSAGE][PASSED] - Object: 'Object Repository/09-Settings/Organization unit/button_add' is clicked on

2023-01-02 18:38:55 - [TEST_STEP][PASSED] - verifyElementPresent(findTestObject("09-Settings/Organization unit/mat-dialog-container_Add organization unit modal"), 0): Object 'Object Repository/09-Settings/Organization unit/mat-dialog-container_Add organization unit modal' is present

2023-01-02 18:38:56 - [MESSAGE][WARNING] - Timeout '0' is invalid. Using default page load timeout: '30'

2023-01-02 18:38:57 - [MESSAGE][PASSED] - Object 'Object Repository/09-Settings/Organization unit/mat-dialog-container_Add organization unit modal' is present

2023-01-02 18:38:57 - [TEST_STEP][PASSED] - verifyElementPresent(findTestObject("09-Settings/Organization unit/h4_Name"), 0): Object 'Object Repository/09-Settings/Organization unit/h4_Name' is present

2023-01-02 18:38:57 - [MESSAGE][WARNING] - Timeout '0' is invalid. Using default page load timeout: '30'

2023-01-02 18:38:57 - [MESSAGE][PASSED] - Object 'Object Repository/09-Settings/Organization unit/h4_Name' is present

2023-01-02 18:38:57 - [TEST_STEP][PASSED] - click(findTestObject("09-Settings/Organization unit/mat-icon_create")): Object: 'Object Repository/09-Settings/Organization unit/mat-icon_create' is clicked on

2023-01-02 18:38:58 - [MESSAGE][PASSED] - Object: 'Object Repository/09-Settings/Organization unit/mat-icon_create' is clicked on

2023-01-02 18:38:58 - [TEST_STEP][PASSED] - verifyElementPresent(findTestObject("09-Settings/Organization unit/mat-dialog-container_Select an organization unit modal"), 0): Object 'Object Repository/09-Settings/Organization unit/mat-dialog-container_Select an organization unit modal' is present

2023-01-02 18:38:59 - [MESSAGE][WARNING] - Timeout '0' is invalid. Using default page load timeout: '30'

2023-01-02 18:38:59 - [MESSAGE][PASSED] - Object 'Object Repository/09-Settings/Organization unit/mat-dialog-container_Select an organization unit modal' is present

2023-01-02 18:38:59 - [TEST_STEP][PASSED] - verifyElementPresent(findTestObject("09-Settings/Organization unit/h4_Select an organization unit"), 0): Object 'Object Repository/09-Settings/Organization unit/h4_Select an organization unit' is present

2023-01-02 18:39:00 - [MESSAGE][WARNING] - Timeout '0' is invalid. Using default page load timeout: '30'

2023-01-02 18:39:00 - [MESSAGE][PASSED] - Object 'Object Repository/09-Settings/Organization unit/h4_Select an organization unit' is present

2023-01-02 18:39:00 - [TEST_STEP][PASSED] - click(findTestObject("09-Settings/Organization unit/div_GG Automation")): Object: 'Object Repository/09-Settings/Organization unit/div_GG Automation' is clicked on

2023-01-02 18:39:02 - [MESSAGE][PASSED] - Object: 'Object Repository/09-Settings/Organization unit/div_GG Automation' is clicked on

2023-01-02 18:39:02 - [TEST_STEP][PASSED] - delay(3): Delayed 3 second(s)

2023-01-02 18:39:05 - [MESSAGE][PASSED] - Delayed 3 second(s)

2023-01-02 18:39:05 - [TEST_STEP][PASSED] - click(findTestObject("09-Settings/Organization unit/button_Select organization")): Object: 'Object Repository/09-Settings/Organization unit/button_Select organization' is clicked on

2023-01-02 18:39:06 - [MESSAGE][PASSED] - Object: 'Object Repository/09-Settings/Organization unit/button_Select organization' is clicked on

2023-01-02 18:39:06 - [TEST_STEP][PASSED] - setText(findTestObject("09-Settings/Organization unit/input_Parent Organization Unit Name_orgName"), "Automation Organization unit"): Text 'Automation Organization unit' is set on object 'Object Repository/09-Settings/Organization unit/input_Parent Organization Unit Name_orgName'

2023-01-02 18:39:08 - [MESSAGE][PASSED] - Text 'Automation Organization unit' is set on object 'Object Repository/09-Settings/Organization unit/input_Parent Organization Unit Name_orgName'

2023-01-02 18:39:08 - [TEST_STEP][PASSED] - delay(3): Delayed 3 second(s)

2023-01-02 18:39:11 - [MESSAGE][PASSED] - Delayed 3 second(s)

2023-01-02 18:39:11 - [TEST_STEP][PASSED] - click(findTestObject("09-Settings/Users/Active User/button_Save")): Object: 'Object Repository/09-Settings/Users/Active User/button_Save' is clicked on

2023-01-02 18:39:13 - [MESSAGE][PASSED] - Object: 'Object Repository/09-Settings/Users/Active User/button_Save' is clicked on

2023-01-02 18:39:13 - [TEST_STEP][PASSED] - verifyElementPresent(findTestObject("09-Settings/Organization unit/span_Successfully added organization unit"), 0): Object 'Object Repository/09-Settings/Organization unit/span_Successfully added organization unit' is present

2023-01-02 18:39:13 - [MESSAGE][WARNING] - Timeout '0' is invalid. Using default page load timeout: '30'

2023-01-02 18:39:14 - [MESSAGE][PASSED] - Object 'Object Repository/09-Settings/Organization unit/span_Successfully added organization unit' is present

2023-01-02 18:39:14 - [TEST_STEP][PASSED] - click(findTestObject("09-Settings/Users/Active User/button_OK")): Object: 'Object Repository/09-Settings/Users/Active User/button_OK' is clicked on

2023-01-02 18:39:15 - [MESSAGE][PASSED] - Object: 'Object Repository/09-Settings/Users/Active User/button_OK' is clicked on

2023-01-02 18:39:15 - [TEST_STEP][PASSED] - delay(3): Delayed 3 second(s)

2023-01-02 18:39:18 - [MESSAGE][PASSED] - Delayed 3 second(s)]]></system-out>
         <system-err><![CDATA[]]></system-err>
      </testcase>
      <testcase name="Test Cases/09-Settings/20 - Organization unit - Join Request Link" time="72.177" classname="Test Cases/09-Settings/20 - Organization unit - Join Request Link" status="PASSED">
         <system-out><![CDATA[2023-01-02 18:39:18 - [TEST_CASE][PASSED] - Test Cases/09-Settings/20 - Organization unit - Join Request Link: Test Cases/09-Settings/20 - Organization unit - Join Request Link

2023-01-02 18:39:21 - [TEST_STEP][PASSED] - delay(3): Delayed 3 second(s)

2023-01-02 18:39:24 - [MESSAGE][PASSED] - Delayed 3 second(s)

2023-01-02 18:39:24 - [TEST_STEP][PASSED] - mouseOver(findTestObject("09-Settings/Organization unit/div_GG TESTER")): Object: 'Object Repository/09-Settings/Organization unit/div_GG TESTER' is hovered

2023-01-02 18:39:25 - [MESSAGE][PASSED] - Object: 'Object Repository/09-Settings/Organization unit/div_GG TESTER' is hovered

2023-01-02 18:39:25 - [TEST_STEP][PASSED] - delay(5): Delayed 5 second(s)

2023-01-02 18:39:30 - [MESSAGE][PASSED] - Delayed 5 second(s)

2023-01-02 18:39:30 - [TEST_STEP][PASSED] - waitForElementClickable(findTestObject("09-Settings/Organization unit/div_GG TESTER"), 0): Object 'Object Repository/09-Settings/Organization unit/div_GG TESTER' is clickable

2023-01-02 18:39:31 - [MESSAGE][WARNING] - Timeout '0' is invalid. Using default page load timeout: '30'

2023-01-02 18:39:32 - [MESSAGE][PASSED] - Object 'Object Repository/09-Settings/Organization unit/div_GG TESTER' is clickable

2023-01-02 18:39:32 - [TEST_STEP][PASSED] - click(findTestObject("09-Settings/Organization unit/div_GG TESTER")): Object: 'Object Repository/09-Settings/Organization unit/div_GG TESTER' is clicked on

2023-01-02 18:39:33 - [MESSAGE][PASSED] - Object: 'Object Repository/09-Settings/Organization unit/div_GG TESTER' is clicked on

2023-01-02 18:39:33 - [TEST_STEP][PASSED] - delay(3): Delayed 3 second(s)

2023-01-02 18:39:36 - [MESSAGE][PASSED] - Delayed 3 second(s)

2023-01-02 18:39:36 - [TEST_STEP][PASSED] - waitForElementVisible(findTestObject("09-Settings/Organization unit/button_link"), 0): Object 'Object Repository/09-Settings/Organization unit/button_link' is visible

2023-01-02 18:39:36 - [MESSAGE][WARNING] - Timeout '0' is invalid. Using default page load timeout: '30'

2023-01-02 18:39:37 - [MESSAGE][PASSED] - Object 'Object Repository/09-Settings/Organization unit/button_link' is visible

2023-01-02 18:39:37 - [TEST_STEP][PASSED] - waitForElementClickable(findTestObject("09-Settings/Organization unit/button_link"), 0): Object 'Object Repository/09-Settings/Organization unit/button_link' is clickable

2023-01-02 18:39:37 - [MESSAGE][WARNING] - Timeout '0' is invalid. Using default page load timeout: '30'

2023-01-02 18:39:37 - [MESSAGE][PASSED] - Object 'Object Repository/09-Settings/Organization unit/button_link' is clickable

2023-01-02 18:39:37 - [TEST_STEP][PASSED] - click(findTestObject("09-Settings/Organization unit/button_link")): Object: 'Object Repository/09-Settings/Organization unit/button_link' is clicked on

2023-01-02 18:39:39 - [MESSAGE][PASSED] - Object: 'Object Repository/09-Settings/Organization unit/button_link' is clicked on

2023-01-02 18:39:39 - [TEST_STEP][PASSED] - verifyElementPresent(findTestObject("09-Settings/Organization unit/mat-dialog-container_Join Request modal"), 0): Object 'Object Repository/09-Settings/Organization unit/mat-dialog-container_Join Request modal' is present

2023-01-02 18:39:39 - [MESSAGE][WARNING] - Timeout '0' is invalid. Using default page load timeout: '30'

2023-01-02 18:39:40 - [MESSAGE][PASSED] - Object 'Object Repository/09-Settings/Organization unit/mat-dialog-container_Join Request modal' is present

2023-01-02 18:39:40 - [TEST_STEP][PASSED] - verifyElementPresent(findTestObject("09-Settings/Organization unit/h2_Join Request"), 0): Object 'Object Repository/09-Settings/Organization unit/h2_Join Request' is present

2023-01-02 18:39:41 - [MESSAGE][WARNING] - Timeout '0' is invalid. Using default page load timeout: '30'

2023-01-02 18:39:41 - [MESSAGE][PASSED] - Object 'Object Repository/09-Settings/Organization unit/h2_Join Request' is present

2023-01-02 18:39:41 - [TEST_STEP][PASSED] - verifyElementPresent(findTestObject("09-Settings/Organization unit/div_Client link"), 0): Object 'Object Repository/09-Settings/Organization unit/div_Client link' is present

2023-01-02 18:39:42 - [MESSAGE][WARNING] - Timeout '0' is invalid. Using default page load timeout: '30'

2023-01-02 18:39:42 - [MESSAGE][PASSED] - Object 'Object Repository/09-Settings/Organization unit/div_Client link' is present

2023-01-02 18:39:42 - [TEST_STEP][PASSED] - verifyElementPresent(findTestObject("09-Settings/Organization unit/div_Partner link"), 0): Object 'Object Repository/09-Settings/Organization unit/div_Partner link' is present

2023-01-02 18:39:43 - [MESSAGE][WARNING] - Timeout '0' is invalid. Using default page load timeout: '30'

2023-01-02 18:39:43 - [MESSAGE][PASSED] - Object 'Object Repository/09-Settings/Organization unit/div_Partner link' is present

2023-01-02 18:39:43 - [TEST_STEP][PASSED] - delay(3): Delayed 3 second(s)

2023-01-02 18:39:46 - [MESSAGE][PASSED] - Delayed 3 second(s)

2023-01-02 18:39:46 - [TEST_STEP][PASSED] - click(findTestObject("09-Settings/Organization unit/button_COPY")): Object: 'Object Repository/09-Settings/Organization unit/button_COPY' is clicked on

2023-01-02 18:39:47 - [MESSAGE][PASSED] - Object: 'Object Repository/09-Settings/Organization unit/button_COPY' is clicked on

2023-01-02 18:39:47 - [TEST_STEP][PASSED] - verifyElementPresent(findTestObject("09-Settings/Organization unit/snack-bar-container_Copy Link"), 0): Object 'Object Repository/09-Settings/Organization unit/snack-bar-container_Copy Link' is present

2023-01-02 18:39:48 - [MESSAGE][WARNING] - Timeout '0' is invalid. Using default page load timeout: '30'

2023-01-02 18:39:48 - [MESSAGE][PASSED] - Object 'Object Repository/09-Settings/Organization unit/snack-bar-container_Copy Link' is present

2023-01-02 18:39:48 - [TEST_STEP][PASSED] - click(findTestObject("09-Settings/Users/Active User/button_OK")): Object: 'Object Repository/09-Settings/Users/Active User/button_OK' is clicked on

2023-01-02 18:39:49 - [MESSAGE][PASSED] - Object: 'Object Repository/09-Settings/Users/Active User/button_OK' is clicked on

2023-01-02 18:39:49 - [TEST_STEP][PASSED] - click(findTestObject("09-Settings/Organization unit/button_Ok")): Object: 'Object Repository/09-Settings/Organization unit/button_Ok' is clicked on

2023-01-02 18:39:51 - [MESSAGE][PASSED] - Object: 'Object Repository/09-Settings/Organization unit/button_Ok' is clicked on

2023-01-02 18:39:51 - [TEST_STEP][PASSED] - delay(3): Delayed 3 second(s)

2023-01-02 18:39:54 - [MESSAGE][PASSED] - Delayed 3 second(s)

2023-01-02 18:39:54 - [TEST_STEP][PASSED] - my_clipboard = getContents(null).getTransferData(stringFlavor): null

2023-01-02 18:39:55 - [TEST_STEP][PASSED] - navigateToUrl(my_clipboard): Navigate to 'https://xukp7.app.goo.gl/sQLs' successfully

2023-01-02 18:40:20 - [MESSAGE][PASSED] - Navigate to 'https://xukp7.app.goo.gl/sQLs' successfully

2023-01-02 18:40:20 - [TEST_STEP][PASSED] - delay(3): Delayed 3 second(s)

2023-01-02 18:40:23 - [MESSAGE][PASSED] - Delayed 3 second(s)

2023-01-02 18:40:23 - [TEST_STEP][PASSED] - verifyElementPresent(findTestObject("09-Settings/Organization unit/mat_card_join request link"), 0): Object 'Object Repository/09-Settings/Organization unit/mat_card_join request link' is present

2023-01-02 18:40:24 - [MESSAGE][WARNING] - Timeout '0' is invalid. Using default page load timeout: '30'

2023-01-02 18:40:24 - [MESSAGE][PASSED] - Object 'Object Repository/09-Settings/Organization unit/mat_card_join request link' is present

2023-01-02 18:40:24 - [TEST_STEP][PASSED] - delay(3): Delayed 3 second(s)

2023-01-02 18:40:27 - [MESSAGE][PASSED] - Delayed 3 second(s)

2023-01-02 18:40:27 - [TEST_STEP][PASSED] - closeBrowser(): Browser is closed

2023-01-02 18:40:30 - [MESSAGE][PASSED] - Browser is closed]]></system-out>
         <system-err><![CDATA[]]></system-err>
      </testcase>
      <testcase name="Test Cases/09-Settings/21 - Organization unit - Edit Oganization unit" time="175.454" classname="Test Cases/09-Settings/21 - Organization unit - Edit Oganization unit" status="PASSED">
         <system-out><![CDATA[2023-01-02 18:40:30 - [TEST_CASE][PASSED] - Test Cases/09-Settings/21 - Organization unit - Edit Oganization unit: Test Cases/09-Settings/21 - Organization unit - Edit Oganization unit

2023-01-02 18:40:33 - [TEST_STEP][PASSED] - openBrowser(""): Browser is opened with url: ''

2023-01-02 18:40:33 - [MESSAGE][INFO] - Starting 'Chrome' driver

2023-01-02 18:40:33 - [MESSAGE][INFO] - Action delay is set to 0 milliseconds

2023-01-02 18:40:37 - [MESSAGE][PASSED] - Browser is opened with url: ''

2023-01-02 18:40:37 - [TEST_STEP][PASSED] - navigateToUrl("https://lab.everleagues.com/"): Navigate to 'https://lab.everleagues.com/' successfully

2023-01-02 18:41:04 - [MESSAGE][PASSED] - Navigate to 'https://lab.everleagues.com/' successfully

2023-01-02 18:41:04 - [TEST_STEP][PASSED] - maximizeWindow(): Current window maximized

2023-01-02 18:41:04 - [MESSAGE][PASSED] - Current window maximized

2023-01-02 18:41:04 - [TEST_STEP][PASSED] - setText(findTestObject("02-Side Icons(Organization)/Add Contact/Email Field"), "testuser02@mailinator.com"): Text 'testuser02@mailinator.com' is set on object 'Object Repository/02-Side Icons(Organization)/Add Contact/Email Field'

2023-01-02 18:41:07 - [MESSAGE][PASSED] - Text 'testuser02@mailinator.com' is set on object 'Object Repository/02-Side Icons(Organization)/Add Contact/Email Field'

2023-01-02 18:41:07 - [TEST_STEP][PASSED] - setEncryptedText(findTestObject("02-Side Icons(Organization)/Add Contact/Password Field"), "8yFRyszE6U6jvsCn51OQbg=="): Text ****** has been set on object 'Object Repository/02-Side Icons(Organization)/Add Contact/Password Field'

2023-01-02 18:41:08 - [MESSAGE][PASSED] - Text ****** has been set on object 'Object Repository/02-Side Icons(Organization)/Add Contact/Password Field'

2023-01-02 18:41:08 - [TEST_STEP][PASSED] - click(findTestObject("02-Side Icons(Organization)/Add Contact/button_Sign in")): Object: 'Object Repository/02-Side Icons(Organization)/Add Contact/button_Sign in' is clicked on

2023-01-02 18:41:09 - [MESSAGE][PASSED] - Object: 'Object Repository/02-Side Icons(Organization)/Add Contact/button_Sign in' is clicked on

2023-01-02 18:41:09 - [TEST_STEP][PASSED] - delay(2): Delayed 2 second(s)

2023-01-02 18:41:11 - [MESSAGE][PASSED] - Delayed 2 second(s)

2023-01-02 18:41:11 - [TEST_STEP][PASSED] - click(findTestObject("06-Teams/For 2FA/button_Confirm_2FA")): Object: 'Object Repository/06-Teams/For 2FA/button_Confirm_2FA' is clicked on

2023-01-02 18:41:12 - [MESSAGE][PASSED] - Object: 'Object Repository/06-Teams/For 2FA/button_Confirm_2FA' is clicked on

2023-01-02 18:41:12 - [TEST_STEP][PASSED] - executeJavaScript("window.open();", []): Execute JavaScript 'window.open();' successfully

2023-01-02 18:41:12 - [MESSAGE][PASSED] - Execute JavaScript 'window.open();' successfully

2023-01-02 18:41:12 - [TEST_STEP][PASSED] - currentWindow = getWindowIndex(): Current window's index is: 0

2023-01-02 18:41:12 - [MESSAGE][PASSED] - Current window's index is: 0

2023-01-02 18:41:12 - [TEST_STEP][PASSED] - delay(3): Delayed 3 second(s)

2023-01-02 18:41:15 - [MESSAGE][PASSED] - Delayed 3 second(s)

2023-01-02 18:41:15 - [TEST_STEP][PASSED] - switchToWindowIndex(currentWindow + 1): Switched to window with index: '1'

2023-01-02 18:41:15 - [MESSAGE][PASSED] - Switched to window with index: '1'

2023-01-02 18:41:15 - [TEST_STEP][PASSED] - navigateToUrl("https://www.mailinator.com/"): Navigate to 'https://www.mailinator.com/' successfully

2023-01-02 18:41:22 - [MESSAGE][PASSED] - Navigate to 'https://www.mailinator.com/' successfully

2023-01-02 18:41:22 - [TEST_STEP][PASSED] - delay(3): Delayed 3 second(s)

2023-01-02 18:41:25 - [MESSAGE][PASSED] - Delayed 3 second(s)

2023-01-02 18:41:25 - [TEST_STEP][PASSED] - setText(findTestObject("00-Signup and Activation/zMailinator/input_LOGIN_search"), "testuser02@mailinator.com"): Text 'testuser02@mailinator.com' is set on object 'Object Repository/00-Signup and Activation/zMailinator/input_LOGIN_search'

2023-01-02 18:41:26 - [MESSAGE][PASSED] - Text 'testuser02@mailinator.com' is set on object 'Object Repository/00-Signup and Activation/zMailinator/input_LOGIN_search'

2023-01-02 18:41:26 - [TEST_STEP][PASSED] - click(findTestObject("00-Signup and Activation/zMailinator/gobutton"), STOP_ON_FAILURE): Object: 'Object Repository/00-Signup and Activation/zMailinator/gobutton' is clicked on

2023-01-02 18:41:30 - [MESSAGE][PASSED] - Object: 'Object Repository/00-Signup and Activation/zMailinator/gobutton' is clicked on

2023-01-02 18:41:30 - [TEST_STEP][PASSED] - delay(3): Delayed 3 second(s)

2023-01-02 18:41:33 - [MESSAGE][PASSED] - Delayed 3 second(s)

2023-01-02 18:41:33 - [TEST_STEP][PASSED] - click(findTestObject("00-Signup and Activation/zMailinator/Email - everleagues")): Object: 'Object Repository/00-Signup and Activation/zMailinator/Email - everleagues' is clicked on

2023-01-02 18:41:34 - [MESSAGE][PASSED] - Object: 'Object Repository/00-Signup and Activation/zMailinator/Email - everleagues' is clicked on

2023-01-02 18:41:34 - [TEST_STEP][PASSED] - delay(3): Delayed 3 second(s)

2023-01-02 18:41:37 - [MESSAGE][PASSED] - Delayed 3 second(s)

2023-01-02 18:41:37 - [TEST_STEP][PASSED] - code = getText(findTestObject("Object Repository/06-Teams/For 2FA/2FA code")): Text of object 'Object Repository/06-Teams/For 2FA/2FA code' is: '582414'

2023-01-02 18:41:38 - [MESSAGE][PASSED] - Text of object 'Object Repository/06-Teams/For 2FA/2FA code' is: '582414'

2023-01-02 18:41:38 - [TEST_STEP][PASSED] - delay(3): Delayed 3 second(s)

2023-01-02 18:41:41 - [MESSAGE][PASSED] - Delayed 3 second(s)

2023-01-02 18:41:41 - [TEST_STEP][PASSED] - closeWindowTitle("Mailinator"): Window with title: 'Mailinator' is closed

2023-01-02 18:41:42 - [MESSAGE][PASSED] - Window with title: 'Mailinator' is closed

2023-01-02 18:41:42 - [TEST_STEP][PASSED] - delay(3): Delayed 3 second(s)

2023-01-02 18:41:45 - [MESSAGE][PASSED] - Delayed 3 second(s)

2023-01-02 18:41:45 - [TEST_STEP][PASSED] - switchToWindowIndex(0): Switched to window with index: '0'

2023-01-02 18:41:45 - [MESSAGE][PASSED] - Switched to window with index: '0'

2023-01-02 18:41:45 - [TEST_STEP][PASSED] - delay(3): Delayed 3 second(s)

2023-01-02 18:41:48 - [MESSAGE][PASSED] - Delayed 3 second(s)

2023-01-02 18:41:48 - [TEST_STEP][PASSED] - setText(findTestObject("Object Repository/06-Teams/For 2FA/input_Enter verification code_code"), code): Text '582414' is set on object 'Object Repository/06-Teams/For 2FA/input_Enter verification code_code'

2023-01-02 18:41:49 - [MESSAGE][PASSED] - Text '582414' is set on object 'Object Repository/06-Teams/For 2FA/input_Enter verification code_code'

2023-01-02 18:41:49 - [TEST_STEP][PASSED] - delay(3): Delayed 3 second(s)

2023-01-02 18:41:52 - [MESSAGE][PASSED] - Delayed 3 second(s)

2023-01-02 18:41:52 - [TEST_STEP][PASSED] - click(findTestObject("06-Teams/For 2FA/button_Verify_2FA")): Object: 'Object Repository/06-Teams/For 2FA/button_Verify_2FA' is clicked on

2023-01-02 18:41:54 - [MESSAGE][PASSED] - Object: 'Object Repository/06-Teams/For 2FA/button_Verify_2FA' is clicked on

2023-01-02 18:41:54 - [TEST_STEP][PASSED] - delay(5): Delayed 5 second(s)

2023-01-02 18:41:59 - [MESSAGE][PASSED] - Delayed 5 second(s)

2023-01-02 18:41:59 - [TEST_STEP][PASSED] - click(findTestObject("06-Teams/button_doublearrow")): Object: 'Object Repository/06-Teams/button_doublearrow' is clicked on

2023-01-02 18:42:02 - [MESSAGE][PASSED] - Object: 'Object Repository/06-Teams/button_doublearrow' is clicked on

2023-01-02 18:42:02 - [TEST_STEP][PASSED] - click(findTestObject("06-Teams/button_My Organizations")): Object: 'Object Repository/06-Teams/button_My Organizations' is clicked on

2023-01-02 18:42:03 - [MESSAGE][PASSED] - Object: 'Object Repository/06-Teams/button_My Organizations' is clicked on

2023-01-02 18:42:03 - [TEST_STEP][PASSED] - click(findTestObject("06-Teams/button_GG Automation")): Object: 'Object Repository/06-Teams/button_GG Automation' is clicked on

2023-01-02 18:42:04 - [MESSAGE][PASSED] - Object: 'Object Repository/06-Teams/button_GG Automation' is clicked on

2023-01-02 18:42:04 - [TEST_STEP][PASSED] - delay(4): Delayed 4 second(s)

2023-01-02 18:42:08 - [MESSAGE][PASSED] - Delayed 4 second(s)

2023-01-02 18:42:08 - [TEST_STEP][PASSED] - verifyElementVisible(findTestObject("06-Teams/span_GG Automation")): Object 'Object Repository/06-Teams/span_GG Automation' is visible

2023-01-02 18:42:09 - [MESSAGE][PASSED] - Object 'Object Repository/06-Teams/span_GG Automation' is visible

2023-01-02 18:42:09 - [TEST_STEP][PASSED] - delay(5): Delayed 5 second(s)

2023-01-02 18:42:14 - [MESSAGE][PASSED] - Delayed 5 second(s)

2023-01-02 18:42:14 - [TEST_STEP][PASSED] - click(findTestObject("03-Header Menu/Hamburger Button/div_Settings")): Object: 'Object Repository/03-Header Menu/Hamburger Button/div_Settings' is clicked on

2023-01-02 18:42:15 - [MESSAGE][PASSED] - Object: 'Object Repository/03-Header Menu/Hamburger Button/div_Settings' is clicked on

2023-01-02 18:42:15 - [TEST_STEP][PASSED] - verifyElementVisible(findTestObject("09-Settings/Users/div_Organization")): Object 'Object Repository/09-Settings/Users/div_Organization' is visible

2023-01-02 18:42:16 - [MESSAGE][PASSED] - Object 'Object Repository/09-Settings/Users/div_Organization' is visible

2023-01-02 18:42:16 - [TEST_STEP][PASSED] - verifyElementVisible(findTestObject("09-Settings/Users/div_Organization Units")): Object 'Object Repository/09-Settings/Users/div_Organization Units' is visible

2023-01-02 18:42:17 - [MESSAGE][PASSED] - Object 'Object Repository/09-Settings/Users/div_Organization Units' is visible

2023-01-02 18:42:17 - [TEST_STEP][PASSED] - scrollToElement(findTestObject("09-Settings/Users/div_Subscriptions"), 0): Scroll to object 'Object Repository/09-Settings/Users/div_Subscriptions' successfully

2023-01-02 18:42:17 - [MESSAGE][WARNING] - Timeout '0' is invalid. Using default page load timeout: '30'

2023-01-02 18:42:18 - [MESSAGE][PASSED] - Scroll to object 'Object Repository/09-Settings/Users/div_Subscriptions' successfully

2023-01-02 18:42:18 - [TEST_STEP][PASSED] - verifyElementVisible(findTestObject("09-Settings/Users/div_Subscriptions")): Object 'Object Repository/09-Settings/Users/div_Subscriptions' is visible

2023-01-02 18:42:19 - [MESSAGE][PASSED] - Object 'Object Repository/09-Settings/Users/div_Subscriptions' is visible

2023-01-02 18:42:19 - [TEST_STEP][PASSED] - verifyElementVisible(findTestObject("09-Settings/Users/div_Users")): Object 'Object Repository/09-Settings/Users/div_Users' is visible

2023-01-02 18:42:19 - [MESSAGE][PASSED] - Object 'Object Repository/09-Settings/Users/div_Users' is visible

2023-01-02 18:42:19 - [TEST_STEP][PASSED] - delay(3): Delayed 3 second(s)

2023-01-02 18:42:22 - [MESSAGE][PASSED] - Delayed 3 second(s)

2023-01-02 18:42:22 - [TEST_STEP][PASSED] - scrollToElement(findTestObject("09-Settings/Users/div_Organization Units"), 0): Scroll to object 'Object Repository/09-Settings/Users/div_Organization Units' successfully

2023-01-02 18:42:23 - [MESSAGE][WARNING] - Timeout '0' is invalid. Using default page load timeout: '30'

2023-01-02 18:42:24 - [MESSAGE][PASSED] - Scroll to object 'Object Repository/09-Settings/Users/div_Organization Units' successfully

2023-01-02 18:42:24 - [TEST_STEP][PASSED] - click(findTestObject("09-Settings/Users/div_Organization Units")): Object: 'Object Repository/09-Settings/Users/div_Organization Units' is clicked on

2023-01-02 18:42:26 - [MESSAGE][PASSED] - Object: 'Object Repository/09-Settings/Users/div_Organization Units' is clicked on

2023-01-02 18:42:26 - [TEST_STEP][PASSED] - verifyElementVisible(findTestObject("09-Settings/Organization unit/h4_ORGANIZATION STRUCTURE SETUP")): Object 'Object Repository/09-Settings/Organization unit/h4_ORGANIZATION STRUCTURE SETUP' is visible

2023-01-02 18:42:27 - [MESSAGE][PASSED] - Object 'Object Repository/09-Settings/Organization unit/h4_ORGANIZATION STRUCTURE SETUP' is visible

2023-01-02 18:42:27 - [TEST_STEP][PASSED] - delay(3): Delayed 3 second(s)

2023-01-02 18:42:30 - [MESSAGE][PASSED] - Delayed 3 second(s)

2023-01-02 18:42:30 - [TEST_STEP][PASSED] - mouseOver(findTestObject("09-Settings/Organization unit/div_GG TESTER")): Object: 'Object Repository/09-Settings/Organization unit/div_GG TESTER' is hovered

2023-01-02 18:42:31 - [MESSAGE][PASSED] - Object: 'Object Repository/09-Settings/Organization unit/div_GG TESTER' is hovered

2023-01-02 18:42:31 - [TEST_STEP][PASSED] - delay(5): Delayed 5 second(s)

2023-01-02 18:42:36 - [MESSAGE][PASSED] - Delayed 5 second(s)

2023-01-02 18:42:36 - [TEST_STEP][PASSED] - waitForElementClickable(findTestObject("09-Settings/Organization unit/div_GG TESTER"), 0): Object 'Object Repository/09-Settings/Organization unit/div_GG TESTER' is clickable

2023-01-02 18:42:36 - [MESSAGE][WARNING] - Timeout '0' is invalid. Using default page load timeout: '30'

2023-01-02 18:42:36 - [MESSAGE][PASSED] - Object 'Object Repository/09-Settings/Organization unit/div_GG TESTER' is clickable

2023-01-02 18:42:36 - [TEST_STEP][PASSED] - click(findTestObject("09-Settings/Organization unit/div_GG TESTER")): Object: 'Object Repository/09-Settings/Organization unit/div_GG TESTER' is clicked on

2023-01-02 18:42:37 - [MESSAGE][PASSED] - Object: 'Object Repository/09-Settings/Organization unit/div_GG TESTER' is clicked on

2023-01-02 18:42:37 - [TEST_STEP][PASSED] - delay(3): Delayed 3 second(s)

2023-01-02 18:42:40 - [MESSAGE][PASSED] - Delayed 3 second(s)

2023-01-02 18:42:40 - [TEST_STEP][PASSED] - waitForElementVisible(findTestObject("09-Settings/Users/Active User/button_ellipses"), 0): Object 'Object Repository/09-Settings/Users/Active User/button_ellipses' is visible

2023-01-02 18:42:41 - [MESSAGE][WARNING] - Timeout '0' is invalid. Using default page load timeout: '30'

2023-01-02 18:42:41 - [MESSAGE][PASSED] - Object 'Object Repository/09-Settings/Users/Active User/button_ellipses' is visible

2023-01-02 18:42:41 - [TEST_STEP][PASSED] - waitForElementClickable(findTestObject("09-Settings/Users/Active User/button_ellipses"), 0): Object 'Object Repository/09-Settings/Users/Active User/button_ellipses' is clickable

2023-01-02 18:42:41 - [MESSAGE][WARNING] - Timeout '0' is invalid. Using default page load timeout: '30'

2023-01-02 18:42:42 - [MESSAGE][PASSED] - Object 'Object Repository/09-Settings/Users/Active User/button_ellipses' is clickable

2023-01-02 18:42:42 - [TEST_STEP][PASSED] - click(findTestObject("09-Settings/Users/Active User/button_ellipses")): Object: 'Object Repository/09-Settings/Users/Active User/button_ellipses' is clicked on

2023-01-02 18:42:43 - [MESSAGE][PASSED] - Object: 'Object Repository/09-Settings/Users/Active User/button_ellipses' is clicked on

2023-01-02 18:42:43 - [TEST_STEP][PASSED] - click(findTestObject("09-Settings/Organization unit/button_Edit Organization Unit")): Object: 'Object Repository/09-Settings/Organization unit/button_Edit Organization Unit' is clicked on

2023-01-02 18:42:44 - [MESSAGE][PASSED] - Object: 'Object Repository/09-Settings/Organization unit/button_Edit Organization Unit' is clicked on

2023-01-02 18:42:44 - [TEST_STEP][PASSED] - verifyElementVisible(findTestObject("09-Settings/Organization unit/mat-dialog-container_Edit Organization Unit modal"), STOP_ON_FAILURE): Object 'Object Repository/09-Settings/Organization unit/mat-dialog-container_Edit Organization Unit modal' is visible

2023-01-02 18:42:47 - [MESSAGE][PASSED] - Object 'Object Repository/09-Settings/Organization unit/mat-dialog-container_Edit Organization Unit modal' is visible

2023-01-02 18:42:47 - [TEST_STEP][PASSED] - verifyElementVisible(findTestObject("09-Settings/Organization unit/h4_Edit Organization Unit"), STOP_ON_FAILURE): Object 'Object Repository/09-Settings/Organization unit/h4_Edit Organization Unit' is visible

2023-01-02 18:42:47 - [MESSAGE][PASSED] - Object 'Object Repository/09-Settings/Organization unit/h4_Edit Organization Unit' is visible

2023-01-02 18:42:47 - [TEST_STEP][PASSED] - verifyElementVisible(findTestObject("09-Settings/Organization unit/input_Edit Organization Unit_orgName"), STOP_ON_FAILURE): Object 'Object Repository/09-Settings/Organization unit/input_Edit Organization Unit_orgName' is visible

2023-01-02 18:42:48 - [MESSAGE][PASSED] - Object 'Object Repository/09-Settings/Organization unit/input_Edit Organization Unit_orgName' is visible

2023-01-02 18:42:48 - [TEST_STEP][PASSED] - click(findTestObject("09-Settings/Users/Active User/button_Cancel_restore"), STOP_ON_FAILURE): Object: 'Object Repository/09-Settings/Users/Active User/button_Cancel_restore' is clicked on

2023-01-02 18:42:49 - [MESSAGE][PASSED] - Object: 'Object Repository/09-Settings/Users/Active User/button_Cancel_restore' is clicked on

2023-01-02 18:42:49 - [TEST_STEP][PASSED] - delay(3): Delayed 3 second(s)

2023-01-02 18:42:52 - [MESSAGE][PASSED] - Delayed 3 second(s)

2023-01-02 18:42:52 - [TEST_STEP][PASSED] - mouseOver(findTestObject("09-Settings/Organization unit/div_GG TESTER")): Object: 'Object Repository/09-Settings/Organization unit/div_GG TESTER' is hovered

2023-01-02 18:42:53 - [MESSAGE][PASSED] - Object: 'Object Repository/09-Settings/Organization unit/div_GG TESTER' is hovered

2023-01-02 18:42:53 - [TEST_STEP][PASSED] - click(findTestObject("09-Settings/Users/Active User/button_ellipses")): Object: 'Object Repository/09-Settings/Users/Active User/button_ellipses' is clicked on

2023-01-02 18:42:55 - [MESSAGE][PASSED] - Object: 'Object Repository/09-Settings/Users/Active User/button_ellipses' is clicked on

2023-01-02 18:42:55 - [TEST_STEP][PASSED] - click(findTestObject("09-Settings/Organization unit/button_Edit Organization Unit")): Object: 'Object Repository/09-Settings/Organization unit/button_Edit Organization Unit' is clicked on

2023-01-02 18:42:56 - [MESSAGE][PASSED] - Object: 'Object Repository/09-Settings/Organization unit/button_Edit Organization Unit' is clicked on

2023-01-02 18:42:56 - [TEST_STEP][PASSED] - verifyElementVisible(findTestObject("09-Settings/Organization unit/mat-dialog-container_Edit Organization Unit modal"), STOP_ON_FAILURE): Object 'Object Repository/09-Settings/Organization unit/mat-dialog-container_Edit Organization Unit modal' is visible

2023-01-02 18:42:57 - [MESSAGE][PASSED] - Object 'Object Repository/09-Settings/Organization unit/mat-dialog-container_Edit Organization Unit modal' is visible

2023-01-02 18:42:57 - [TEST_STEP][PASSED] - verifyElementVisible(findTestObject("09-Settings/Organization unit/h4_Edit Organization Unit"), STOP_ON_FAILURE): Object 'Object Repository/09-Settings/Organization unit/h4_Edit Organization Unit' is visible

2023-01-02 18:42:57 - [MESSAGE][PASSED] - Object 'Object Repository/09-Settings/Organization unit/h4_Edit Organization Unit' is visible

2023-01-02 18:42:57 - [TEST_STEP][PASSED] - setText(findTestObject("09-Settings/Organization unit/input_Edit Organization Unit_orgName"), "Automation Organization unit EDIT"): Text 'Automation Organization unit EDIT' is set on object 'Object Repository/09-Settings/Organization unit/input_Edit Organization Unit_orgName'

2023-01-02 18:43:00 - [MESSAGE][PASSED] - Text 'Automation Organization unit EDIT' is set on object 'Object Repository/09-Settings/Organization unit/input_Edit Organization Unit_orgName'

2023-01-02 18:43:00 - [TEST_STEP][PASSED] - delay(3): Delayed 3 second(s)

2023-01-02 18:43:03 - [MESSAGE][PASSED] - Delayed 3 second(s)

2023-01-02 18:43:03 - [TEST_STEP][PASSED] - click(findTestObject("09-Settings/Users/Active User/button_Save")): Object: 'Object Repository/09-Settings/Users/Active User/button_Save' is clicked on

2023-01-02 18:43:05 - [MESSAGE][PASSED] - Object: 'Object Repository/09-Settings/Users/Active User/button_Save' is clicked on

2023-01-02 18:43:05 - [TEST_STEP][PASSED] - delay(3): Delayed 3 second(s)

2023-01-02 18:43:08 - [MESSAGE][PASSED] - Delayed 3 second(s)

2023-01-02 18:43:08 - [TEST_STEP][PASSED] - mouseOver(findTestObject("09-Settings/Organization unit/div_GG TESTER")): Object: 'Object Repository/09-Settings/Organization unit/div_GG TESTER' is hovered

2023-01-02 18:43:09 - [MESSAGE][PASSED] - Object: 'Object Repository/09-Settings/Organization unit/div_GG TESTER' is hovered

2023-01-02 18:43:09 - [TEST_STEP][PASSED] - click(findTestObject("09-Settings/Users/Active User/button_ellipses")): Object: 'Object Repository/09-Settings/Users/Active User/button_ellipses' is clicked on

2023-01-02 18:43:10 - [MESSAGE][PASSED] - Object: 'Object Repository/09-Settings/Users/Active User/button_ellipses' is clicked on

2023-01-02 18:43:10 - [TEST_STEP][PASSED] - click(findTestObject("09-Settings/Organization unit/button_Edit Organization Unit")): Object: 'Object Repository/09-Settings/Organization unit/button_Edit Organization Unit' is clicked on

2023-01-02 18:43:11 - [MESSAGE][PASSED] - Object: 'Object Repository/09-Settings/Organization unit/button_Edit Organization Unit' is clicked on

2023-01-02 18:43:11 - [TEST_STEP][PASSED] - verifyElementVisible(findTestObject("09-Settings/Organization unit/mat-dialog-container_Edit Organization Unit modal"), STOP_ON_FAILURE): Object 'Object Repository/09-Settings/Organization unit/mat-dialog-container_Edit Organization Unit modal' is visible

2023-01-02 18:43:12 - [MESSAGE][PASSED] - Object 'Object Repository/09-Settings/Organization unit/mat-dialog-container_Edit Organization Unit modal' is visible

2023-01-02 18:43:12 - [TEST_STEP][PASSED] - verifyElementVisible(findTestObject("09-Settings/Organization unit/h4_Edit Organization Unit"), STOP_ON_FAILURE): Object 'Object Repository/09-Settings/Organization unit/h4_Edit Organization Unit' is visible

2023-01-02 18:43:12 - [MESSAGE][PASSED] - Object 'Object Repository/09-Settings/Organization unit/h4_Edit Organization Unit' is visible

2023-01-02 18:43:12 - [TEST_STEP][PASSED] - setText(findTestObject("09-Settings/Organization unit/input_Edit Organization Unit_orgName"), "Automation Organization unit"): Text 'Automation Organization unit' is set on object 'Object Repository/09-Settings/Organization unit/input_Edit Organization Unit_orgName'

2023-01-02 18:43:16 - [MESSAGE][PASSED] - Text 'Automation Organization unit' is set on object 'Object Repository/09-Settings/Organization unit/input_Edit Organization Unit_orgName'

2023-01-02 18:43:16 - [TEST_STEP][PASSED] - delay(3): Delayed 3 second(s)

2023-01-02 18:43:19 - [MESSAGE][PASSED] - Delayed 3 second(s)

2023-01-02 18:43:19 - [TEST_STEP][PASSED] - click(findTestObject("09-Settings/Users/Active User/button_Save")): Object: 'Object Repository/09-Settings/Users/Active User/button_Save' is clicked on

2023-01-02 18:43:20 - [MESSAGE][PASSED] - Object: 'Object Repository/09-Settings/Users/Active User/button_Save' is clicked on

2023-01-02 18:43:20 - [TEST_STEP][PASSED] - delay(3): Delayed 3 second(s)

2023-01-02 18:43:23 - [MESSAGE][PASSED] - Delayed 3 second(s)

2023-01-02 18:43:23 - [TEST_STEP][PASSED] - delay(3): Delayed 3 second(s)

2023-01-02 18:43:26 - [MESSAGE][PASSED] - Delayed 3 second(s)]]></system-out>
         <system-err><![CDATA[]]></system-err>
      </testcase>
      <testcase name="Test Cases/09-Settings/22 - Organization unit - Delete Organization unit" time="47.114" classname="Test Cases/09-Settings/22 - Organization unit - Delete Organization unit" status="PASSED">
         <system-out><![CDATA[2023-01-02 18:43:26 - [TEST_CASE][PASSED] - Test Cases/09-Settings/22 - Organization unit - Delete Organization unit: Test Cases/09-Settings/22 - Organization unit - Delete Organization unit

2023-01-02 18:43:28 - [TEST_STEP][PASSED] - delay(3): Delayed 3 second(s)

2023-01-02 18:43:31 - [MESSAGE][PASSED] - Delayed 3 second(s)

2023-01-02 18:43:31 - [TEST_STEP][PASSED] - mouseOver(findTestObject("09-Settings/Organization unit/div_GG TESTER")): Object: 'Object Repository/09-Settings/Organization unit/div_GG TESTER' is hovered

2023-01-02 18:43:32 - [MESSAGE][PASSED] - Object: 'Object Repository/09-Settings/Organization unit/div_GG TESTER' is hovered

2023-01-02 18:43:32 - [TEST_STEP][PASSED] - delay(5): Delayed 5 second(s)

2023-01-02 18:43:37 - [MESSAGE][PASSED] - Delayed 5 second(s)

2023-01-02 18:43:37 - [TEST_STEP][PASSED] - waitForElementClickable(findTestObject("09-Settings/Organization unit/div_GG TESTER"), 0): Object 'Object Repository/09-Settings/Organization unit/div_GG TESTER' is clickable

2023-01-02 18:43:37 - [MESSAGE][WARNING] - Timeout '0' is invalid. Using default page load timeout: '30'

2023-01-02 18:43:38 - [MESSAGE][PASSED] - Object 'Object Repository/09-Settings/Organization unit/div_GG TESTER' is clickable

2023-01-02 18:43:38 - [TEST_STEP][PASSED] - click(findTestObject("09-Settings/Organization unit/div_GG TESTER")): Object: 'Object Repository/09-Settings/Organization unit/div_GG TESTER' is clicked on

2023-01-02 18:43:39 - [MESSAGE][PASSED] - Object: 'Object Repository/09-Settings/Organization unit/div_GG TESTER' is clicked on

2023-01-02 18:43:39 - [TEST_STEP][PASSED] - delay(3): Delayed 3 second(s)

2023-01-02 18:43:42 - [MESSAGE][PASSED] - Delayed 3 second(s)

2023-01-02 18:43:42 - [TEST_STEP][PASSED] - waitForElementVisible(findTestObject("09-Settings/Users/Active User/button_ellipses"), 0): Object 'Object Repository/09-Settings/Users/Active User/button_ellipses' is visible

2023-01-02 18:43:42 - [MESSAGE][WARNING] - Timeout '0' is invalid. Using default page load timeout: '30'

2023-01-02 18:43:43 - [MESSAGE][PASSED] - Object 'Object Repository/09-Settings/Users/Active User/button_ellipses' is visible

2023-01-02 18:43:43 - [TEST_STEP][PASSED] - waitForElementClickable(findTestObject("09-Settings/Users/Active User/button_ellipses"), 0): Object 'Object Repository/09-Settings/Users/Active User/button_ellipses' is clickable

2023-01-02 18:43:43 - [MESSAGE][WARNING] - Timeout '0' is invalid. Using default page load timeout: '30'

2023-01-02 18:43:45 - [MESSAGE][PASSED] - Object 'Object Repository/09-Settings/Users/Active User/button_ellipses' is clickable

2023-01-02 18:43:45 - [TEST_STEP][PASSED] - click(findTestObject("09-Settings/Users/Active User/button_ellipses")): Object: 'Object Repository/09-Settings/Users/Active User/button_ellipses' is clicked on

2023-01-02 18:43:45 - [MESSAGE][PASSED] - Object: 'Object Repository/09-Settings/Users/Active User/button_ellipses' is clicked on

2023-01-02 18:43:45 - [TEST_STEP][PASSED] - click(findTestObject("09-Settings/Organization unit/button_Delete Organization Unit")): Object: 'Object Repository/09-Settings/Organization unit/button_Delete Organization Unit' is clicked on

2023-01-02 18:43:46 - [MESSAGE][PASSED] - Object: 'Object Repository/09-Settings/Organization unit/button_Delete Organization Unit' is clicked on

2023-01-02 18:43:46 - [TEST_STEP][PASSED] - verifyElementVisible(findTestObject("09-Settings/Organization unit/mat-dialog-container_Delete Organization Unit modal"), STOP_ON_FAILURE): Object 'Object Repository/09-Settings/Organization unit/mat-dialog-container_Delete Organization Unit modal' is visible

2023-01-02 18:43:47 - [MESSAGE][PASSED] - Object 'Object Repository/09-Settings/Organization unit/mat-dialog-container_Delete Organization Unit modal' is visible

2023-01-02 18:43:47 - [TEST_STEP][PASSED] - verifyElementVisible(findTestObject("09-Settings/Organization unit/h4_Delete Organization Unit"), STOP_ON_FAILURE): Object 'Object Repository/09-Settings/Organization unit/h4_Delete Organization Unit' is visible

2023-01-02 18:43:48 - [MESSAGE][PASSED] - Object 'Object Repository/09-Settings/Organization unit/h4_Delete Organization Unit' is visible

2023-01-02 18:43:48 - [TEST_STEP][PASSED] - verifyElementVisible(findTestObject("09-Settings/Organization unit/span_Warning All resources associated with this root organization will be permanently deleted"), STOP_ON_FAILURE): Object 'Object Repository/09-Settings/Organization unit/span_Warning All resources associated with this root organization will be permanently deleted' is visible

2023-01-02 18:43:49 - [MESSAGE][PASSED] - Object 'Object Repository/09-Settings/Organization unit/span_Warning All resources associated with this root organization will be permanently deleted' is visible

2023-01-02 18:43:49 - [TEST_STEP][PASSED] - delay(1): Delayed 1 second(s)

2023-01-02 18:43:50 - [MESSAGE][PASSED] - Delayed 1 second(s)

2023-01-02 18:43:50 - [TEST_STEP][PASSED] - click(findTestObject("09-Settings/Users/Active User/button_Cancel_restore"), STOP_ON_FAILURE): Object: 'Object Repository/09-Settings/Users/Active User/button_Cancel_restore' is clicked on

2023-01-02 18:43:51 - [MESSAGE][PASSED] - Object: 'Object Repository/09-Settings/Users/Active User/button_Cancel_restore' is clicked on

2023-01-02 18:43:51 - [TEST_STEP][PASSED] - delay(2): Delayed 2 second(s)

2023-01-02 18:43:53 - [MESSAGE][PASSED] - Delayed 2 second(s)

2023-01-02 18:43:53 - [TEST_STEP][PASSED] - mouseOver(findTestObject("09-Settings/Organization unit/div_GG TESTER")): Object: 'Object Repository/09-Settings/Organization unit/div_GG TESTER' is hovered

2023-01-02 18:43:55 - [MESSAGE][PASSED] - Object: 'Object Repository/09-Settings/Organization unit/div_GG TESTER' is hovered

2023-01-02 18:43:55 - [TEST_STEP][PASSED] - click(findTestObject("09-Settings/Users/Active User/button_ellipses")): Object: 'Object Repository/09-Settings/Users/Active User/button_ellipses' is clicked on

2023-01-02 18:43:55 - [MESSAGE][PASSED] - Object: 'Object Repository/09-Settings/Users/Active User/button_ellipses' is clicked on

2023-01-02 18:43:55 - [TEST_STEP][PASSED] - click(findTestObject("09-Settings/Organization unit/button_Delete Organization Unit")): Object: 'Object Repository/09-Settings/Organization unit/button_Delete Organization Unit' is clicked on

2023-01-02 18:43:56 - [MESSAGE][PASSED] - Object: 'Object Repository/09-Settings/Organization unit/button_Delete Organization Unit' is clicked on

2023-01-02 18:43:56 - [TEST_STEP][PASSED] - verifyElementVisible(findTestObject("09-Settings/Organization unit/mat-dialog-container_Delete Organization Unit modal"), STOP_ON_FAILURE): Object 'Object Repository/09-Settings/Organization unit/mat-dialog-container_Delete Organization Unit modal' is visible

2023-01-02 18:43:57 - [MESSAGE][PASSED] - Object 'Object Repository/09-Settings/Organization unit/mat-dialog-container_Delete Organization Unit modal' is visible

2023-01-02 18:43:57 - [TEST_STEP][PASSED] - verifyElementVisible(findTestObject("09-Settings/Organization unit/h4_Delete Organization Unit"), STOP_ON_FAILURE): Object 'Object Repository/09-Settings/Organization unit/h4_Delete Organization Unit' is visible

2023-01-02 18:43:58 - [MESSAGE][PASSED] - Object 'Object Repository/09-Settings/Organization unit/h4_Delete Organization Unit' is visible

2023-01-02 18:43:58 - [TEST_STEP][PASSED] - verifyElementVisible(findTestObject("09-Settings/Organization unit/span_Warning All resources associated with this root organization will be permanently deleted"), STOP_ON_FAILURE): Object 'Object Repository/09-Settings/Organization unit/span_Warning All resources associated with this root organization will be permanently deleted' is visible

2023-01-02 18:43:59 - [MESSAGE][PASSED] - Object 'Object Repository/09-Settings/Organization unit/span_Warning All resources associated with this root organization will be permanently deleted' is visible

2023-01-02 18:43:59 - [TEST_STEP][PASSED] - delay(3): Delayed 3 second(s)

2023-01-02 18:44:02 - [MESSAGE][PASSED] - Delayed 3 second(s)

2023-01-02 18:44:02 - [TEST_STEP][PASSED] - click(findTestObject("09-Settings/Users/Active User/button_Delete")): Object: 'Object Repository/09-Settings/Users/Active User/button_Delete' is clicked on

2023-01-02 18:44:02 - [MESSAGE][PASSED] - Object: 'Object Repository/09-Settings/Users/Active User/button_Delete' is clicked on

2023-01-02 18:44:02 - [TEST_STEP][PASSED] - delay(3): Delayed 3 second(s)

2023-01-02 18:44:05 - [MESSAGE][PASSED] - Delayed 3 second(s)

2023-01-02 18:44:05 - [TEST_STEP][PASSED] - verifyElementVisible(findTestObject("09-Settings/Organization unit/snack-bar-container_Successfully deleted organization unitOK"), STOP_ON_FAILURE): Object 'Object Repository/09-Settings/Organization unit/snack-bar-container_Successfully deleted organization unitOK' is visible

2023-01-02 18:44:06 - [MESSAGE][PASSED] - Object 'Object Repository/09-Settings/Organization unit/snack-bar-container_Successfully deleted organization unitOK' is visible

2023-01-02 18:44:06 - [TEST_STEP][PASSED] - delay(5): Delayed 5 second(s)

2023-01-02 18:44:11 - [MESSAGE][PASSED] - Delayed 5 second(s)

2023-01-02 18:44:11 - [TEST_STEP][PASSED] - closeBrowser(): Browser is closed

2023-01-02 18:44:13 - [MESSAGE][PASSED] - Browser is closed]]></system-out>
         <system-err><![CDATA[]]></system-err>
      </testcase>
      <system-out><![CDATA[2023-01-02 18:36:11 - [TEST_SUITE][PASSED] - 09.4 - Settings (Organization unit): Test Cases/09-Settings/22 - Organization unit - Delete Organization unit]]></system-out>
      <system-err><![CDATA[]]></system-err>
   </testsuite>
</testsuites>
