<?xml version="1.0" encoding="UTF-8"?>
<testsuites name="01-Login and Forgot Password" time="215.347" tests="8" failures="0" errors="0">
   <testsuite name="01-Login and Forgot Password" tests="8" failures="0" errors="0" time="215.347" skipped="0" timestamp="2023-05-02 12:59:05" hostname="Mike - LAPTOP-LF5VTH4H" id="Test Suites/TS-Organization/01-Login and Forgot Password">
      <properties>
         <property name="deviceName" value=""/>
         <property name="devicePlatform" value=""/>
         <property name="logFolder" value="D:\\Users\\Michelle\\Project\\Everleagues\\Reports\\20230502_125859\\TS-Organization\\01-Login and Forgot Password\\20230502_125859"/>
         <property name="logFiles" value="D:\\Users\\Michelle\\Project\\Everleagues\\Reports\\20230502_125859\\TS-Organization\\01-Login and Forgot Password\\20230502_125859\\execution0.log"/>
         <property name="attachments" value=""/>
         <property name="hostName" value="Mike - LAPTOP-LF5VTH4H"/>
         <property name="os" value="Windows 10 64bit"/>
         <property name="katalonVersion" value="8.6.0.208"/>
         <property name="browser" value="Chrome 112.0.0.0"/>
         <property name="hostAddress" value="192.168.100.69"/>
         <property name="sessionId" value="377a619014c0165d75b3081608fe87fe"/>
         <property name="seleniumVersion" value="3.141.59"/>
         <property name="proxyInformation" value="ProxyInformation { proxyOption=NO_PROXY, proxyServerType=HTTP, username=, password=********, proxyServerAddress=, proxyServerPort=0, executionList=&quot;&quot;, isApplyToDesiredCapabilities=true }"/>
         <property name="platform" value="Windows 10"/>
      </properties>
      <testcase name="Test Cases/01-Login and Forgot Password/01-Login(Credentials Blank)" time="38.531" classname="Test Cases/01-Login and Forgot Password/01-Login(Credentials Blank)" status="PASSED">
         <system-out><![CDATA[2023-05-02 12:59:05 - [TEST_CASE][PASSED] - Test Cases/01-Login and Forgot Password/01-Login(Credentials Blank): Test Cases/01-Login and Forgot Password/01-Login(Credentials Blank)

2023-05-02 12:59:06 - [TEST_STEP][PASSED] - openBrowser(""): Browser is opened with url: ''

2023-05-02 12:59:06 - [MESSAGE][INFO] - Starting 'Chrome' driver

2023-05-02 12:59:06 - [MESSAGE][INFO] - Action delay is set to 0 milliseconds

2023-05-02 12:59:11 - [MESSAGE][PASSED] - Browser is opened with url: ''

2023-05-02 12:59:12 - [TEST_STEP][PASSED] - navigateToUrl(appURL): Navigate to 'https://lab.everleagues.com/' successfully

2023-05-02 12:59:37 - [MESSAGE][PASSED] - Navigate to 'https://lab.everleagues.com/' successfully

2023-05-02 12:59:37 - [TEST_STEP][PASSED] - maximizeWindow(): Current window maximized

2023-05-02 12:59:37 - [MESSAGE][PASSED] - Current window maximized

2023-05-02 12:59:37 - [TEST_STEP][PASSED] - verifyElementPresent(findTestObject("01-Login and Forgot Password/Login_Card"), 0): Object 'Object Repository/01-Login and Forgot Password/Login_Card' is present

2023-05-02 12:59:38 - [MESSAGE][WARNING] - Timeout '0' is invalid. Using default page load timeout: '30'

2023-05-02 12:59:38 - [MESSAGE][PASSED] - Object 'Object Repository/01-Login and Forgot Password/Login_Card' is present

2023-05-02 12:59:38 - [TEST_STEP][PASSED] - delay(2): Delayed 2 second(s)

2023-05-02 12:59:40 - [MESSAGE][PASSED] - Delayed 2 second(s)

2023-05-02 12:59:40 - [TEST_STEP][PASSED] - verifyElementNotClickable(findTestObject("01-Login and Forgot Password/button_Sign in")): Object 'Object Repository/01-Login and Forgot Password/button_Sign in' is NOT clickable

2023-05-02 12:59:41 - [MESSAGE][PASSED] - Object 'Object Repository/01-Login and Forgot Password/button_Sign in' is NOT clickable

2023-05-02 12:59:41 - [TEST_STEP][PASSED] - delay(3): Delayed 3 second(s)

2023-05-02 12:59:44 - [MESSAGE][PASSED] - Delayed 3 second(s)]]></system-out>
         <system-err><![CDATA[]]></system-err>
      </testcase>
      <testcase name="Test Cases/01-Login and Forgot Password/02-Login(Wrong Email)" time="12.285" classname="Test Cases/01-Login and Forgot Password/02-Login(Wrong Email)" status="PASSED">
         <system-out><![CDATA[2023-05-02 12:59:44 - [TEST_CASE][PASSED] - Test Cases/01-Login and Forgot Password/02-Login(Wrong Email): Test Cases/01-Login and Forgot Password/02-Login(Wrong Email)

2023-05-02 12:59:44 - [TEST_STEP][PASSED] - setText(findTestObject("01-Login and Forgot Password/input_Email_email"), unregistered_email): Text 'unregisteredemail@test.com' is set on object 'Object Repository/01-Login and Forgot Password/input_Email_email'

2023-05-02 12:59:45 - [MESSAGE][PASSED] - Text 'unregisteredemail@test.com' is set on object 'Object Repository/01-Login and Forgot Password/input_Email_email'

2023-05-02 12:59:45 - [TEST_STEP][PASSED] - setEncryptedText(findTestObject("01-Login and Forgot Password/input_Email_password"), "pUQNV8a0dCQ="): Text ****** has been set on object 'Object Repository/01-Login and Forgot Password/input_Email_password'

2023-05-02 12:59:46 - [MESSAGE][PASSED] - Text ****** has been set on object 'Object Repository/01-Login and Forgot Password/input_Email_password'

2023-05-02 12:59:46 - [TEST_STEP][PASSED] - delay(3): Delayed 3 second(s)

2023-05-02 12:59:49 - [MESSAGE][PASSED] - Delayed 3 second(s)

2023-05-02 12:59:49 - [TEST_STEP][PASSED] - click(findTestObject("01-Login and Forgot Password/button_Sign in")): Object: 'Object Repository/01-Login and Forgot Password/button_Sign in' is clicked on

2023-05-02 12:59:49 - [MESSAGE][PASSED] - Object: 'Object Repository/01-Login and Forgot Password/button_Sign in' is clicked on

2023-05-02 12:59:49 - [TEST_STEP][PASSED] - delay(3): Delayed 3 second(s)

2023-05-02 12:59:52 - [MESSAGE][PASSED] - Delayed 3 second(s)

2023-05-02 12:59:52 - [TEST_STEP][PASSED] - verifyElementPresent(findTestObject("01-Login and Forgot Password/Invalid email error"), 0): Object 'Object Repository/01-Login and Forgot Password/Invalid email error' is present

2023-05-02 12:59:53 - [MESSAGE][WARNING] - Timeout '0' is invalid. Using default page load timeout: '30'

2023-05-02 12:59:53 - [MESSAGE][PASSED] - Object 'Object Repository/01-Login and Forgot Password/Invalid email error' is present

2023-05-02 12:59:53 - [TEST_STEP][PASSED] - delay(3): Delayed 3 second(s)

2023-05-02 12:59:56 - [MESSAGE][PASSED] - Delayed 3 second(s)]]></system-out>
         <system-err><![CDATA[]]></system-err>
      </testcase>
      <testcase name="Test Cases/01-Login and Forgot Password/03-Login(Valid email, wrong pass)" time="14.555" classname="Test Cases/01-Login and Forgot Password/03-Login(Valid email, wrong pass)" status="PASSED">
         <system-out><![CDATA[2023-05-02 12:59:56 - [TEST_CASE][PASSED] - Test Cases/01-Login and Forgot Password/03-Login(Valid email, wrong pass): Test Cases/01-Login and Forgot Password/03-Login(Valid email, wrong pass)

2023-05-02 12:59:56 - [TEST_STEP][PASSED] - setText(findTestObject("01-Login and Forgot Password/input_Email_email"), email_without_subscription): Text 'testuser01@mailinator.com' is set on object 'Object Repository/01-Login and Forgot Password/input_Email_email'

2023-05-02 12:59:57 - [MESSAGE][PASSED] - Text 'testuser01@mailinator.com' is set on object 'Object Repository/01-Login and Forgot Password/input_Email_email'

2023-05-02 12:59:57 - [TEST_STEP][PASSED] - setEncryptedText(findTestObject("01-Login and Forgot Password/input_Email_password"), "OxgQgnWTiECE3BxjMAl2ng=="): Text ****** has been set on object 'Object Repository/01-Login and Forgot Password/input_Email_password'

2023-05-02 12:59:58 - [MESSAGE][PASSED] - Text ****** has been set on object 'Object Repository/01-Login and Forgot Password/input_Email_password'

2023-05-02 12:59:58 - [TEST_STEP][PASSED] - delay(2): Delayed 2 second(s)

2023-05-02 13:00:00 - [MESSAGE][PASSED] - Delayed 2 second(s)

2023-05-02 13:00:00 - [TEST_STEP][PASSED] - click(findTestObject("01-Login and Forgot Password/show pass button")): Object: 'Object Repository/01-Login and Forgot Password/show pass button' is clicked on

2023-05-02 13:00:00 - [MESSAGE][PASSED] - Object: 'Object Repository/01-Login and Forgot Password/show pass button' is clicked on

2023-05-02 13:00:01 - [TEST_STEP][PASSED] - delay(3): Delayed 3 second(s)

2023-05-02 13:00:04 - [MESSAGE][PASSED] - Delayed 3 second(s)

2023-05-02 13:00:04 - [TEST_STEP][PASSED] - click(findTestObject("01-Login and Forgot Password/button_Sign in")): Object: 'Object Repository/01-Login and Forgot Password/button_Sign in' is clicked on

2023-05-02 13:00:04 - [MESSAGE][PASSED] - Object: 'Object Repository/01-Login and Forgot Password/button_Sign in' is clicked on

2023-05-02 13:00:04 - [TEST_STEP][PASSED] - delay(3): Delayed 3 second(s)

2023-05-02 13:00:07 - [MESSAGE][PASSED] - Delayed 3 second(s)

2023-05-02 13:00:07 - [TEST_STEP][PASSED] - verifyElementPresent(findTestObject("01-Login and Forgot Password/Invalid user name or password"), 0): Object 'Object Repository/01-Login and Forgot Password/Invalid user name or password' is present

2023-05-02 13:00:07 - [MESSAGE][WARNING] - Timeout '0' is invalid. Using default page load timeout: '30'

2023-05-02 13:00:07 - [MESSAGE][PASSED] - Object 'Object Repository/01-Login and Forgot Password/Invalid user name or password' is present

2023-05-02 13:00:07 - [TEST_STEP][PASSED] - delay(3): Delayed 3 second(s)

2023-05-02 13:00:10 - [MESSAGE][PASSED] - Delayed 3 second(s)]]></system-out>
         <system-err><![CDATA[]]></system-err>
      </testcase>
      <testcase name="Test Cases/01-Login and Forgot Password/04-Login (Valid Credentials-Without Subscription)" time="67.853" classname="Test Cases/01-Login and Forgot Password/04-Login (Valid Credentials-Without Subscription)" status="PASSED">
         <system-out><![CDATA[2023-05-02 13:00:10 - [TEST_CASE][PASSED] - Test Cases/01-Login and Forgot Password/04-Login (Valid Credentials-Without Subscription): Test Cases/01-Login and Forgot Password/04-Login (Valid Credentials-Without Subscription)

2023-05-02 13:00:11 - [TEST_STEP][PASSED] - setText(findTestObject("01-Login and Forgot Password/input_Email_email"), email_without_subscription): Text 'testuser01@mailinator.com' is set on object 'Object Repository/01-Login and Forgot Password/input_Email_email'

2023-05-02 13:00:12 - [MESSAGE][PASSED] - Text 'testuser01@mailinator.com' is set on object 'Object Repository/01-Login and Forgot Password/input_Email_email'

2023-05-02 13:00:12 - [TEST_STEP][PASSED] - setEncryptedText(findTestObject("01-Login and Forgot Password/input_Email_password2"), "8yFRyszE6U6jvsCn51OQbg=="): Text ****** has been set on object 'Object Repository/01-Login and Forgot Password/input_Email_password2'

2023-05-02 13:00:14 - [MESSAGE][PASSED] - Text ****** has been set on object 'Object Repository/01-Login and Forgot Password/input_Email_password2'

2023-05-02 13:00:14 - [TEST_STEP][PASSED] - delay(2): Delayed 2 second(s)

2023-05-02 13:00:16 - [MESSAGE][PASSED] - Delayed 2 second(s)

2023-05-02 13:00:16 - [TEST_STEP][PASSED] - click(findTestObject("01-Login and Forgot Password/show pass button")): Object: 'Object Repository/01-Login and Forgot Password/show pass button' is clicked on

2023-05-02 13:00:16 - [MESSAGE][PASSED] - Object: 'Object Repository/01-Login and Forgot Password/show pass button' is clicked on

2023-05-02 13:00:16 - [TEST_STEP][PASSED] - delay(3): Delayed 3 second(s)

2023-05-02 13:00:19 - [MESSAGE][PASSED] - Delayed 3 second(s)

2023-05-02 13:00:19 - [TEST_STEP][PASSED] - click(findTestObject("01-Login and Forgot Password/button_Sign in")): Object: 'Object Repository/01-Login and Forgot Password/button_Sign in' is clicked on

2023-05-02 13:00:20 - [MESSAGE][PASSED] - Object: 'Object Repository/01-Login and Forgot Password/button_Sign in' is clicked on

2023-05-02 13:00:20 - [TEST_STEP][PASSED] - delay(3): Delayed 3 second(s)

2023-05-02 13:00:23 - [MESSAGE][PASSED] - Delayed 3 second(s)

2023-05-02 13:00:23 - [TEST_STEP][PASSED] - click(findTestObject("06-Teams/For 2FA/button_Confirm_2FA")): Object: 'Object Repository/06-Teams/For 2FA/button_Confirm_2FA' is clicked on

2023-05-02 13:00:23 - [MESSAGE][PASSED] - Object: 'Object Repository/06-Teams/For 2FA/button_Confirm_2FA' is clicked on

2023-05-02 13:00:23 - [TEST_STEP][PASSED] - executeJavaScript("window.open();", []): Execute JavaScript 'window.open();' successfully

2023-05-02 13:00:23 - [MESSAGE][PASSED] - Execute JavaScript 'window.open();' successfully

2023-05-02 13:00:23 - [TEST_STEP][PASSED] - currentWindow = getWindowIndex(): Current window's index is: 0

2023-05-02 13:00:23 - [MESSAGE][PASSED] - Current window's index is: 0

2023-05-02 13:00:23 - [TEST_STEP][PASSED] - delay(5): Delayed 5 second(s)

2023-05-02 13:00:28 - [MESSAGE][PASSED] - Delayed 5 second(s)

2023-05-02 13:00:28 - [TEST_STEP][PASSED] - switchToWindowIndex(currentWindow + 1): Switched to window with index: '1'

2023-05-02 13:00:29 - [MESSAGE][PASSED] - Switched to window with index: '1'

2023-05-02 13:00:29 - [TEST_STEP][PASSED] - navigateToUrl(app_mailinator): Navigate to 'https://www.mailinator.com/' successfully

2023-05-02 13:00:32 - [MESSAGE][PASSED] - Navigate to 'https://www.mailinator.com/' successfully

2023-05-02 13:00:32 - [TEST_STEP][PASSED] - delay(5): Delayed 5 second(s)

2023-05-02 13:00:37 - [MESSAGE][PASSED] - Delayed 5 second(s)

2023-05-02 13:00:37 - [TEST_STEP][PASSED] - setText(findTestObject("00-Signup and Activation/zMailinator/input_LOGIN_search"), email_for_searchmailinator_testuser01): Text 'testuser01@mailinator.com' is set on object 'Object Repository/00-Signup and Activation/zMailinator/input_LOGIN_search'

2023-05-02 13:00:38 - [MESSAGE][PASSED] - Text 'testuser01@mailinator.com' is set on object 'Object Repository/00-Signup and Activation/zMailinator/input_LOGIN_search'

2023-05-02 13:00:38 - [TEST_STEP][PASSED] - click(findTestObject("00-Signup and Activation/zMailinator/gobutton"), STOP_ON_FAILURE): Object: 'Object Repository/00-Signup and Activation/zMailinator/gobutton' is clicked on

2023-05-02 13:00:40 - [MESSAGE][PASSED] - Object: 'Object Repository/00-Signup and Activation/zMailinator/gobutton' is clicked on

2023-05-02 13:00:40 - [TEST_STEP][PASSED] - delay(5): Delayed 5 second(s)

2023-05-02 13:00:45 - [MESSAGE][PASSED] - Delayed 5 second(s)

2023-05-02 13:00:45 - [TEST_STEP][PASSED] - click(findTestObject("00-Signup and Activation/zMailinator/Email - everleagues")): Object: 'Object Repository/00-Signup and Activation/zMailinator/Email - everleagues' is clicked on

2023-05-02 13:00:45 - [MESSAGE][PASSED] - Object: 'Object Repository/00-Signup and Activation/zMailinator/Email - everleagues' is clicked on

2023-05-02 13:00:45 - [TEST_STEP][PASSED] - delay(5): Delayed 5 second(s)

2023-05-02 13:00:50 - [MESSAGE][PASSED] - Delayed 5 second(s)

2023-05-02 13:00:50 - [TEST_STEP][PASSED] - code = getText(findTestObject("Object Repository/06-Teams/For 2FA/2FA code")): Text of object 'Object Repository/06-Teams/For 2FA/2FA code' is: '608220'

2023-05-02 13:00:51 - [MESSAGE][PASSED] - Text of object 'Object Repository/06-Teams/For 2FA/2FA code' is: '608220'

2023-05-02 13:00:51 - [TEST_STEP][PASSED] - delay(5): Delayed 5 second(s)

2023-05-02 13:00:56 - [MESSAGE][PASSED] - Delayed 5 second(s)

2023-05-02 13:00:56 - [TEST_STEP][PASSED] - closeWindowTitle("Mailinator"): Window with title: 'Mailinator' is closed

2023-05-02 13:00:56 - [MESSAGE][PASSED] - Window with title: 'Mailinator' is closed

2023-05-02 13:00:56 - [TEST_STEP][PASSED] - delay(5): Delayed 5 second(s)

2023-05-02 13:01:01 - [MESSAGE][PASSED] - Delayed 5 second(s)

2023-05-02 13:01:01 - [TEST_STEP][PASSED] - switchToWindowIndex(0): Switched to window with index: '0'

2023-05-02 13:01:01 - [MESSAGE][PASSED] - Switched to window with index: '0'

2023-05-02 13:01:01 - [TEST_STEP][PASSED] - delay(5): Delayed 5 second(s)

2023-05-02 13:01:06 - [MESSAGE][PASSED] - Delayed 5 second(s)

2023-05-02 13:01:06 - [TEST_STEP][PASSED] - setText(findTestObject("Object Repository/06-Teams/For 2FA/input_Enter verification code_code"), code): Text '608220' is set on object 'Object Repository/06-Teams/For 2FA/input_Enter verification code_code'

2023-05-02 13:01:08 - [MESSAGE][PASSED] - Text '608220' is set on object 'Object Repository/06-Teams/For 2FA/input_Enter verification code_code'

2023-05-02 13:01:08 - [TEST_STEP][PASSED] - delay(5): Delayed 5 second(s)

2023-05-02 13:01:13 - [MESSAGE][PASSED] - Delayed 5 second(s)

2023-05-02 13:01:13 - [TEST_STEP][PASSED] - click(findTestObject("06-Teams/For 2FA/button_Verify_2FA")): Object: 'Object Repository/06-Teams/For 2FA/button_Verify_2FA' is clicked on

2023-05-02 13:01:13 - [MESSAGE][PASSED] - Object: 'Object Repository/06-Teams/For 2FA/button_Verify_2FA' is clicked on

2023-05-02 13:01:13 - [TEST_STEP][PASSED] - delay(5): Delayed 5 second(s)

2023-05-02 13:01:18 - [MESSAGE][PASSED] - Delayed 5 second(s)]]></system-out>
         <system-err><![CDATA[]]></system-err>
      </testcase>
      <testcase name="Test Cases/01-Login and Forgot Password/05-Logout" time="10.331" classname="Test Cases/01-Login and Forgot Password/05-Logout" status="PASSED">
         <system-out><![CDATA[2023-05-02 13:01:18 - [TEST_CASE][PASSED] - Test Cases/01-Login and Forgot Password/05-Logout: Test Cases/01-Login and Forgot Password/05-Logout

2023-05-02 13:01:19 - [TEST_STEP][PASSED] - click(findTestObject("01-Login and Forgot Password/User menu drop")): Object: 'Object Repository/01-Login and Forgot Password/User menu drop' is clicked on

2023-05-02 13:01:20 - [MESSAGE][PASSED] - Object: 'Object Repository/01-Login and Forgot Password/User menu drop' is clicked on

2023-05-02 13:01:20 - [TEST_STEP][PASSED] - delay(2): Delayed 2 second(s)

2023-05-02 13:01:22 - [MESSAGE][PASSED] - Delayed 2 second(s)

2023-05-02 13:01:22 - [TEST_STEP][PASSED] - click(findTestObject("01-Login and Forgot Password/h4_Sign Out"), STOP_ON_FAILURE): Object: 'Object Repository/01-Login and Forgot Password/h4_Sign Out' is clicked on

2023-05-02 13:01:23 - [MESSAGE][PASSED] - Object: 'Object Repository/01-Login and Forgot Password/h4_Sign Out' is clicked on

2023-05-02 13:01:23 - [TEST_STEP][PASSED] - delay(2): Delayed 2 second(s)

2023-05-02 13:01:25 - [MESSAGE][PASSED] - Delayed 2 second(s)

2023-05-02 13:01:25 - [TEST_STEP][PASSED] - verifyElementPresent(findTestObject("01-Login and Forgot Password/Login_Card"), 0): Object 'Object Repository/01-Login and Forgot Password/Login_Card' is present

2023-05-02 13:01:25 - [MESSAGE][WARNING] - Timeout '0' is invalid. Using default page load timeout: '30'

2023-05-02 13:01:26 - [MESSAGE][PASSED] - Object 'Object Repository/01-Login and Forgot Password/Login_Card' is present

2023-05-02 13:01:26 - [TEST_STEP][PASSED] - delay(3): Delayed 3 second(s)

2023-05-02 13:01:29 - [MESSAGE][PASSED] - Delayed 3 second(s)]]></system-out>
         <system-err><![CDATA[]]></system-err>
      </testcase>
      <testcase name="Test Cases/01-Login and Forgot Password/06-Forgot Password(Credentials Blank)" time="7.515" classname="Test Cases/01-Login and Forgot Password/06-Forgot Password(Credentials Blank)" status="PASSED">
         <system-out><![CDATA[2023-05-02 13:01:29 - [TEST_CASE][PASSED] - Test Cases/01-Login and Forgot Password/06-Forgot Password(Credentials Blank): Test Cases/01-Login and Forgot Password/06-Forgot Password(Credentials Blank)

2023-05-02 13:01:29 - [TEST_STEP][PASSED] - click(findTestObject("01-Login and Forgot Password/zForgot Password/a_Forgot password")): Object: 'Object Repository/01-Login and Forgot Password/zForgot Password/a_Forgot password' is clicked on

2023-05-02 13:01:30 - [MESSAGE][PASSED] - Object: 'Object Repository/01-Login and Forgot Password/zForgot Password/a_Forgot password' is clicked on

2023-05-02 13:01:30 - [TEST_STEP][PASSED] - verifyElementPresent(findTestObject("01-Login and Forgot Password/zForgot Password/span_Reset Password"), 0): Object 'Object Repository/01-Login and Forgot Password/zForgot Password/span_Reset Password' is present

2023-05-02 13:01:30 - [MESSAGE][WARNING] - Timeout '0' is invalid. Using default page load timeout: '30'

2023-05-02 13:01:30 - [MESSAGE][PASSED] - Object 'Object Repository/01-Login and Forgot Password/zForgot Password/span_Reset Password' is present

2023-05-02 13:01:30 - [TEST_STEP][PASSED] - delay(2): Delayed 2 second(s)

2023-05-02 13:01:32 - [MESSAGE][PASSED] - Delayed 2 second(s)

2023-05-02 13:01:32 - [TEST_STEP][PASSED] - verifyElementNotClickable(findTestObject("01-Login and Forgot Password/zForgot Password/button_Reset Password")): Object 'Object Repository/01-Login and Forgot Password/zForgot Password/button_Reset Password' is NOT clickable

2023-05-02 13:01:33 - [MESSAGE][PASSED] - Object 'Object Repository/01-Login and Forgot Password/zForgot Password/button_Reset Password' is NOT clickable

2023-05-02 13:01:33 - [TEST_STEP][PASSED] - delay(3): Delayed 3 second(s)

2023-05-02 13:01:36 - [MESSAGE][PASSED] - Delayed 3 second(s)]]></system-out>
         <system-err><![CDATA[]]></system-err>
      </testcase>
      <testcase name="Test Cases/01-Login and Forgot Password/08-Forgot Password(Correct Email)" time="15.398" classname="Test Cases/01-Login and Forgot Password/08-Forgot Password(Correct Email)" status="PASSED">
         <system-out><![CDATA[2023-05-02 13:01:36 - [TEST_CASE][PASSED] - Test Cases/01-Login and Forgot Password/08-Forgot Password(Correct Email): Test Cases/01-Login and Forgot Password/08-Forgot Password(Correct Email)

2023-05-02 13:01:37 - [TEST_STEP][PASSED] - delay(2): Delayed 2 second(s)

2023-05-02 13:01:39 - [MESSAGE][PASSED] - Delayed 2 second(s)

2023-05-02 13:01:39 - [TEST_STEP][PASSED] - setText(findTestObject("01-Login and Forgot Password/zForgot Password/Reset pass email field"), email_without_subscription): Text 'testuser01@mailinator.com' is set on object 'Object Repository/01-Login and Forgot Password/zForgot Password/Reset pass email field'

2023-05-02 13:01:40 - [MESSAGE][PASSED] - Text 'testuser01@mailinator.com' is set on object 'Object Repository/01-Login and Forgot Password/zForgot Password/Reset pass email field'

2023-05-02 13:01:40 - [TEST_STEP][PASSED] - delay(2): Delayed 2 second(s)

2023-05-02 13:01:42 - [MESSAGE][PASSED] - Delayed 2 second(s)

2023-05-02 13:01:42 - [TEST_STEP][PASSED] - click(findTestObject("01-Login and Forgot Password/zForgot Password/button_Reset Password")): Object: 'Object Repository/01-Login and Forgot Password/zForgot Password/button_Reset Password' is clicked on

2023-05-02 13:01:42 - [MESSAGE][PASSED] - Object: 'Object Repository/01-Login and Forgot Password/zForgot Password/button_Reset Password' is clicked on

2023-05-02 13:01:42 - [TEST_STEP][PASSED] - verifyElementPresent(findTestObject("01-Login and Forgot Password/zForgot Password/Reset pass - success msg"), 0): Object 'Object Repository/01-Login and Forgot Password/zForgot Password/Reset pass - success msg' is present

2023-05-02 13:01:42 - [MESSAGE][WARNING] - Timeout '0' is invalid. Using default page load timeout: '30'

2023-05-02 13:01:44 - [MESSAGE][PASSED] - Object 'Object Repository/01-Login and Forgot Password/zForgot Password/Reset pass - success msg' is present

2023-05-02 13:01:44 - [TEST_STEP][PASSED] - delay(2): Delayed 2 second(s)

2023-05-02 13:01:46 - [MESSAGE][PASSED] - Delayed 2 second(s)

2023-05-02 13:01:46 - [TEST_STEP][PASSED] - click(findTestObject("01-Login and Forgot Password/zForgot Password/button_Back to login")): Object: 'Object Repository/01-Login and Forgot Password/zForgot Password/button_Back to login' is clicked on

2023-05-02 13:01:46 - [MESSAGE][PASSED] - Object: 'Object Repository/01-Login and Forgot Password/zForgot Password/button_Back to login' is clicked on

2023-05-02 13:01:46 - [TEST_STEP][PASSED] - delay(3): Delayed 3 second(s)

2023-05-02 13:01:49 - [MESSAGE][PASSED] - Delayed 3 second(s)

2023-05-02 13:01:49 - [TEST_STEP][PASSED] - verifyElementVisible(findTestObject("01-Login and Forgot Password/Login_Card")): Object 'Object Repository/01-Login and Forgot Password/Login_Card' is visible

2023-05-02 13:01:50 - [MESSAGE][PASSED] - Object 'Object Repository/01-Login and Forgot Password/Login_Card' is visible

2023-05-02 13:01:50 - [TEST_STEP][PASSED] - delay(2): Delayed 2 second(s)

2023-05-02 13:01:52 - [MESSAGE][PASSED] - Delayed 2 second(s)]]></system-out>
         <system-err><![CDATA[]]></system-err>
      </testcase>
      <testcase name="Test Cases/01-Login and Forgot Password/04-Login(Valid Credentials-With Subscription)" time="48.264" classname="Test Cases/01-Login and Forgot Password/04-Login(Valid Credentials-With Subscription)" status="PASSED">
         <system-out><![CDATA[2023-05-02 13:01:52 - [TEST_CASE][PASSED] - Test Cases/01-Login and Forgot Password/04-Login(Valid Credentials-With Subscription): Test Cases/01-Login and Forgot Password/04-Login(Valid Credentials-With Subscription)

2023-05-02 13:01:52 - [TEST_STEP][PASSED] - setText(findTestObject("01-Login and Forgot Password/input_Email_email"), email_with_subscription): Text 'testuser05@mailinator.com' is set on object 'Object Repository/01-Login and Forgot Password/input_Email_email'

2023-05-02 13:01:54 - [MESSAGE][PASSED] - Text 'testuser05@mailinator.com' is set on object 'Object Repository/01-Login and Forgot Password/input_Email_email'

2023-05-02 13:01:54 - [TEST_STEP][PASSED] - setEncryptedText(findTestObject("01-Login and Forgot Password/input_Email_password"), "8yFRyszE6U6jvsCn51OQbg=="): Text ****** has been set on object 'Object Repository/01-Login and Forgot Password/input_Email_password'

2023-05-02 13:01:55 - [MESSAGE][PASSED] - Text ****** has been set on object 'Object Repository/01-Login and Forgot Password/input_Email_password'

2023-05-02 13:01:55 - [TEST_STEP][PASSED] - delay(2): Delayed 2 second(s)

2023-05-02 13:01:57 - [MESSAGE][PASSED] - Delayed 2 second(s)

2023-05-02 13:01:57 - [TEST_STEP][PASSED] - click(findTestObject("01-Login and Forgot Password/show pass button")): Object: 'Object Repository/01-Login and Forgot Password/show pass button' is clicked on

2023-05-02 13:01:57 - [MESSAGE][PASSED] - Object: 'Object Repository/01-Login and Forgot Password/show pass button' is clicked on

2023-05-02 13:01:57 - [TEST_STEP][PASSED] - delay(3): Delayed 3 second(s)

2023-05-02 13:02:00 - [MESSAGE][PASSED] - Delayed 3 second(s)

2023-05-02 13:02:00 - [TEST_STEP][PASSED] - click(findTestObject("01-Login and Forgot Password/button_Sign in")): Object: 'Object Repository/01-Login and Forgot Password/button_Sign in' is clicked on

2023-05-02 13:02:00 - [MESSAGE][PASSED] - Object: 'Object Repository/01-Login and Forgot Password/button_Sign in' is clicked on

2023-05-02 13:02:00 - [TEST_STEP][PASSED] - delay(3): Delayed 3 second(s)

2023-05-02 13:02:03 - [MESSAGE][PASSED] - Delayed 3 second(s)

2023-05-02 13:02:03 - [TEST_STEP][PASSED] - click(findTestObject("06-Teams/For 2FA/button_Confirm_2FA")): Object: 'Object Repository/06-Teams/For 2FA/button_Confirm_2FA' is clicked on

2023-05-02 13:02:04 - [MESSAGE][PASSED] - Object: 'Object Repository/06-Teams/For 2FA/button_Confirm_2FA' is clicked on

2023-05-02 13:02:04 - [TEST_STEP][PASSED] - executeJavaScript("window.open();", []): Execute JavaScript 'window.open();' successfully

2023-05-02 13:02:04 - [MESSAGE][PASSED] - Execute JavaScript 'window.open();' successfully

2023-05-02 13:02:04 - [TEST_STEP][PASSED] - currentWindow = getWindowIndex(): Current window's index is: 0

2023-05-02 13:02:04 - [MESSAGE][PASSED] - Current window's index is: 0

2023-05-02 13:02:04 - [TEST_STEP][PASSED] - delay(3): Delayed 3 second(s)

2023-05-02 13:02:07 - [MESSAGE][PASSED] - Delayed 3 second(s)

2023-05-02 13:02:07 - [TEST_STEP][PASSED] - switchToWindowIndex(currentWindow + 1): Switched to window with index: '1'

2023-05-02 13:02:07 - [MESSAGE][PASSED] - Switched to window with index: '1'

2023-05-02 13:02:07 - [TEST_STEP][PASSED] - navigateToUrl(app_mailinator): Navigate to 'https://www.mailinator.com/' successfully

2023-05-02 13:02:10 - [MESSAGE][PASSED] - Navigate to 'https://www.mailinator.com/' successfully

2023-05-02 13:02:10 - [TEST_STEP][PASSED] - delay(3): Delayed 3 second(s)

2023-05-02 13:02:13 - [MESSAGE][PASSED] - Delayed 3 second(s)

2023-05-02 13:02:13 - [TEST_STEP][PASSED] - setText(findTestObject("00-Signup and Activation/zMailinator/input_LOGIN_search"), email_for_searchmailinator_testuser05): Text 'testuser05@mailinator.com' is set on object 'Object Repository/00-Signup and Activation/zMailinator/input_LOGIN_search'

2023-05-02 13:02:14 - [MESSAGE][PASSED] - Text 'testuser05@mailinator.com' is set on object 'Object Repository/00-Signup and Activation/zMailinator/input_LOGIN_search'

2023-05-02 13:02:14 - [TEST_STEP][PASSED] - click(findTestObject("00-Signup and Activation/zMailinator/gobutton"), STOP_ON_FAILURE): Object: 'Object Repository/00-Signup and Activation/zMailinator/gobutton' is clicked on

2023-05-02 13:02:15 - [MESSAGE][PASSED] - Object: 'Object Repository/00-Signup and Activation/zMailinator/gobutton' is clicked on

2023-05-02 13:02:15 - [TEST_STEP][PASSED] - delay(3): Delayed 3 second(s)

2023-05-02 13:02:18 - [MESSAGE][PASSED] - Delayed 3 second(s)

2023-05-02 13:02:18 - [TEST_STEP][PASSED] - click(findTestObject("00-Signup and Activation/zMailinator/Email - everleagues")): Object: 'Object Repository/00-Signup and Activation/zMailinator/Email - everleagues' is clicked on

2023-05-02 13:02:19 - [MESSAGE][PASSED] - Object: 'Object Repository/00-Signup and Activation/zMailinator/Email - everleagues' is clicked on

2023-05-02 13:02:19 - [TEST_STEP][PASSED] - delay(3): Delayed 3 second(s)

2023-05-02 13:02:22 - [MESSAGE][PASSED] - Delayed 3 second(s)

2023-05-02 13:02:22 - [TEST_STEP][PASSED] - code = getText(findTestObject("Object Repository/06-Teams/For 2FA/2FA code")): Text of object 'Object Repository/06-Teams/For 2FA/2FA code' is: '743606'

2023-05-02 13:02:22 - [MESSAGE][PASSED] - Text of object 'Object Repository/06-Teams/For 2FA/2FA code' is: '743606'

2023-05-02 13:02:22 - [TEST_STEP][PASSED] - delay(3): Delayed 3 second(s)

2023-05-02 13:02:25 - [MESSAGE][PASSED] - Delayed 3 second(s)

2023-05-02 13:02:25 - [TEST_STEP][PASSED] - closeWindowTitle("Mailinator"): Window with title: 'Mailinator' is closed

2023-05-02 13:02:25 - [MESSAGE][PASSED] - Window with title: 'Mailinator' is closed

2023-05-02 13:02:25 - [TEST_STEP][PASSED] - delay(3): Delayed 3 second(s)

2023-05-02 13:02:28 - [MESSAGE][PASSED] - Delayed 3 second(s)

2023-05-02 13:02:28 - [TEST_STEP][PASSED] - switchToWindowIndex(0): Switched to window with index: '0'

2023-05-02 13:02:28 - [MESSAGE][PASSED] - Switched to window with index: '0'

2023-05-02 13:02:28 - [TEST_STEP][PASSED] - delay(3): Delayed 3 second(s)

2023-05-02 13:02:32 - [MESSAGE][PASSED] - Delayed 3 second(s)

2023-05-02 13:02:32 - [TEST_STEP][PASSED] - setText(findTestObject("Object Repository/06-Teams/For 2FA/input_Enter verification code_code"), code): Text '743606' is set on object 'Object Repository/06-Teams/For 2FA/input_Enter verification code_code'

2023-05-02 13:02:33 - [MESSAGE][PASSED] - Text '743606' is set on object 'Object Repository/06-Teams/For 2FA/input_Enter verification code_code'

2023-05-02 13:02:33 - [TEST_STEP][PASSED] - delay(3): Delayed 3 second(s)

2023-05-02 13:02:36 - [MESSAGE][PASSED] - Delayed 3 second(s)

2023-05-02 13:02:36 - [TEST_STEP][PASSED] - click(findTestObject("06-Teams/For 2FA/button_Verify_2FA")): Object: 'Object Repository/06-Teams/For 2FA/button_Verify_2FA' is clicked on

2023-05-02 13:02:37 - [MESSAGE][PASSED] - Object: 'Object Repository/06-Teams/For 2FA/button_Verify_2FA' is clicked on

2023-05-02 13:02:37 - [TEST_STEP][PASSED] - delay(3): Delayed 3 second(s)

2023-05-02 13:02:40 - [MESSAGE][PASSED] - Delayed 3 second(s)]]></system-out>
         <system-err><![CDATA[]]></system-err>
      </testcase>
      <system-out><![CDATA[2023-05-02 12:59:05 - [TEST_SUITE][PASSED] - 01-Login and Forgot Password: Test Cases/01-Login and Forgot Password/04-Login(Valid Credentials-With Subscription)]]></system-out>
      <system-err><![CDATA[]]></system-err>
   </testsuite>
</testsuites>
