<?xml version="1.0" encoding="UTF-8"?>
<testsuites name="06.1- Teams - Add" time="238.215" tests="2" failures="0" errors="0">
   <testsuite name="06.1- Teams - Add" tests="2" failures="0" errors="0" time="238.215" skipped="0" timestamp="2022-07-20 17:23:41" hostname="User - DESKTOP-QCRNR4M" id="Test Suites/TS-Organization/06.1- Teams - Add">
      <properties>
         <property name="deviceName" value=""/>
         <property name="devicePlatform" value=""/>
         <property name="logFolder" value="C:\\Users\\User\\Katalon Studio\\EverleaguesMain\\Reports\\20220720_172339\\TS-Organization\\06.1- Teams - Add\\20220720_172339"/>
         <property name="logFiles" value="C:\\Users\\User\\Katalon Studio\\EverleaguesMain\\Reports\\20220720_172339\\TS-Organization\\06.1- Teams - Add\\20220720_172339\\execution0.log"/>
         <property name="attachments" value=""/>
         <property name="hostName" value="User - DESKTOP-QCRNR4M"/>
         <property name="os" value="Windows 10 64bit"/>
         <property name="katalonVersion" value="8.4.0.208"/>
         <property name="browser" value="Chrome 103.0.5060.114"/>
         <property name="hostAddress" value="192.168.5.124"/>
         <property name="sessionId" value="70ccfa07987d1519a57b6474c590fe88"/>
         <property name="seleniumVersion" value="3.141.59"/>
         <property name="proxyInformation" value="ProxyInformation { proxyOption=NO_PROXY, proxyServerType=HTTP, username=, password=********, proxyServerAddress=, proxyServerPort=0, executionList=&quot;&quot;, isApplyToDesiredCapabilities=true }"/>
         <property name="platform" value="Windows 10"/>
      </properties>
      <testcase name="Test Cases/06- Teams/01- Add Team- Public" time="126.205" classname="Test Cases/06- Teams/01- Add Team- Public" status="PASSED">
         <system-out><![CDATA[2022-07-20 17:23:41 - [TEST_CASE][PASSED] - Test Cases/06- Teams/01- Add Team- Public: Test Cases/06- Teams/01- Add Team- Public

2022-07-20 17:23:42 - [TEST_STEP][PASSED] - openBrowser(""): Browser is opened with url: ''

2022-07-20 17:23:42 - [MESSAGE][INFO] - Starting 'Chrome' driver

2022-07-20 17:23:42 - [MESSAGE][INFO] - Action delay is set to 0 milliseconds

2022-07-20 17:23:44 - [MESSAGE][PASSED] - Browser is opened with url: ''

2022-07-20 17:23:44 - [TEST_STEP][PASSED] - navigateToUrl("https://lab.everleagues.com/"): Navigate to 'https://lab.everleagues.com/' successfully

2022-07-20 17:24:19 - [MESSAGE][PASSED] - Navigate to 'https://lab.everleagues.com/' successfully

2022-07-20 17:24:19 - [TEST_STEP][PASSED] - maximizeWindow(): Current window maximized

2022-07-20 17:24:19 - [MESSAGE][PASSED] - Current window maximized

2022-07-20 17:24:19 - [TEST_STEP][PASSED] - setText(findTestObject("02-Side Icons(Organization)/Add Contact/Email Field"), "testuser02@mailinator.com"): Text 'testuser02@mailinator.com' is set on object 'Object Repository/02-Side Icons(Organization)/Add Contact/Email Field'

2022-07-20 17:24:21 - [MESSAGE][PASSED] - Text 'testuser02@mailinator.com' is set on object 'Object Repository/02-Side Icons(Organization)/Add Contact/Email Field'

2022-07-20 17:24:21 - [TEST_STEP][PASSED] - setEncryptedText(findTestObject("02-Side Icons(Organization)/Add Contact/Password Field"), "8yFRyszE6U6jvsCn51OQbg=="): Text ****** has been set on object 'Object Repository/02-Side Icons(Organization)/Add Contact/Password Field'

2022-07-20 17:24:22 - [MESSAGE][PASSED] - Text ****** has been set on object 'Object Repository/02-Side Icons(Organization)/Add Contact/Password Field'

2022-07-20 17:24:22 - [TEST_STEP][PASSED] - click(findTestObject("02-Side Icons(Organization)/Add Contact/button_Sign in")): Object: 'Object Repository/02-Side Icons(Organization)/Add Contact/button_Sign in' is clicked on

2022-07-20 17:24:22 - [MESSAGE][PASSED] - Object: 'Object Repository/02-Side Icons(Organization)/Add Contact/button_Sign in' is clicked on

2022-07-20 17:24:22 - [TEST_STEP][PASSED] - delay(2): Delayed 2 second(s)

2022-07-20 17:24:24 - [MESSAGE][PASSED] - Delayed 2 second(s)

2022-07-20 17:24:24 - [TEST_STEP][PASSED] - click(findTestObject("06-Teams/For 2FA/button_Confirm_2FA")): Object: 'Object Repository/06-Teams/For 2FA/button_Confirm_2FA' is clicked on

2022-07-20 17:24:25 - [MESSAGE][PASSED] - Object: 'Object Repository/06-Teams/For 2FA/button_Confirm_2FA' is clicked on

2022-07-20 17:24:25 - [TEST_STEP][PASSED] - executeJavaScript("window.open();", []): Execute JavaScript 'window.open();' successfully

2022-07-20 17:24:25 - [MESSAGE][PASSED] - Execute JavaScript 'window.open();' successfully

2022-07-20 17:24:25 - [TEST_STEP][PASSED] - currentWindow = getWindowIndex(): Current window's index is: 0

2022-07-20 17:24:25 - [MESSAGE][PASSED] - Current window's index is: 0

2022-07-20 17:24:25 - [TEST_STEP][PASSED] - delay(3): Delayed 3 second(s)

2022-07-20 17:24:28 - [MESSAGE][PASSED] - Delayed 3 second(s)

2022-07-20 17:24:28 - [TEST_STEP][PASSED] - switchToWindowIndex(currentWindow + 1): Switched to window with index: '1'

2022-07-20 17:24:28 - [MESSAGE][PASSED] - Switched to window with index: '1'

2022-07-20 17:24:28 - [TEST_STEP][PASSED] - navigateToUrl("https://www.mailinator.com/"): Navigate to 'https://www.mailinator.com/' successfully

2022-07-20 17:24:30 - [MESSAGE][PASSED] - Navigate to 'https://www.mailinator.com/' successfully

2022-07-20 17:24:30 - [TEST_STEP][PASSED] - delay(3): Delayed 3 second(s)

2022-07-20 17:24:33 - [MESSAGE][PASSED] - Delayed 3 second(s)

2022-07-20 17:24:33 - [TEST_STEP][PASSED] - setText(findTestObject("00-Signup and Activation/zMailinator/input_LOGIN_search"), "testuser02@mailinator.com"): Text 'testuser02@mailinator.com' is set on object 'Object Repository/00-Signup and Activation/zMailinator/input_LOGIN_search'

2022-07-20 17:24:34 - [MESSAGE][PASSED] - Text 'testuser02@mailinator.com' is set on object 'Object Repository/00-Signup and Activation/zMailinator/input_LOGIN_search'

2022-07-20 17:24:34 - [TEST_STEP][PASSED] - click(findTestObject("00-Signup and Activation/zMailinator/gobutton"), STOP_ON_FAILURE): Object: 'Object Repository/00-Signup and Activation/zMailinator/gobutton' is clicked on

2022-07-20 17:24:35 - [MESSAGE][PASSED] - Object: 'Object Repository/00-Signup and Activation/zMailinator/gobutton' is clicked on

2022-07-20 17:24:35 - [TEST_STEP][PASSED] - delay(3): Delayed 3 second(s)

2022-07-20 17:24:38 - [MESSAGE][PASSED] - Delayed 3 second(s)

2022-07-20 17:24:38 - [TEST_STEP][PASSED] - click(findTestObject("00-Signup and Activation/zMailinator/Email - everleagues")): Object: 'Object Repository/00-Signup and Activation/zMailinator/Email - everleagues' is clicked on

2022-07-20 17:24:38 - [MESSAGE][PASSED] - Object: 'Object Repository/00-Signup and Activation/zMailinator/Email - everleagues' is clicked on

2022-07-20 17:24:38 - [TEST_STEP][PASSED] - delay(3): Delayed 3 second(s)

2022-07-20 17:24:41 - [MESSAGE][PASSED] - Delayed 3 second(s)

2022-07-20 17:24:41 - [TEST_STEP][PASSED] - code = getText(findTestObject("Object Repository/06-Teams/For 2FA/2FA code")): Text of object 'Object Repository/06-Teams/For 2FA/2FA code' is: '638105'

2022-07-20 17:24:42 - [MESSAGE][PASSED] - Text of object 'Object Repository/06-Teams/For 2FA/2FA code' is: '638105'

2022-07-20 17:24:42 - [TEST_STEP][PASSED] - delay(3): Delayed 3 second(s)

2022-07-20 17:24:45 - [MESSAGE][PASSED] - Delayed 3 second(s)

2022-07-20 17:24:45 - [TEST_STEP][PASSED] - closeWindowTitle("Mailinator"): Window with title: 'Mailinator' is closed

2022-07-20 17:24:45 - [MESSAGE][PASSED] - Window with title: 'Mailinator' is closed

2022-07-20 17:24:45 - [TEST_STEP][PASSED] - delay(3): Delayed 3 second(s)

2022-07-20 17:24:48 - [MESSAGE][PASSED] - Delayed 3 second(s)

2022-07-20 17:24:48 - [TEST_STEP][PASSED] - switchToWindowIndex(0): Switched to window with index: '0'

2022-07-20 17:24:48 - [MESSAGE][PASSED] - Switched to window with index: '0'

2022-07-20 17:24:48 - [TEST_STEP][PASSED] - delay(3): Delayed 3 second(s)

2022-07-20 17:24:51 - [MESSAGE][PASSED] - Delayed 3 second(s)

2022-07-20 17:24:51 - [TEST_STEP][PASSED] - setText(findTestObject("Object Repository/06-Teams/For 2FA/input_Enter verification code_code"), code): Text '638105' is set on object 'Object Repository/06-Teams/For 2FA/input_Enter verification code_code'

2022-07-20 17:24:52 - [MESSAGE][PASSED] - Text '638105' is set on object 'Object Repository/06-Teams/For 2FA/input_Enter verification code_code'

2022-07-20 17:24:52 - [TEST_STEP][PASSED] - delay(3): Delayed 3 second(s)

2022-07-20 17:24:55 - [MESSAGE][PASSED] - Delayed 3 second(s)

2022-07-20 17:24:55 - [TEST_STEP][PASSED] - click(findTestObject("06-Teams/For 2FA/button_Verify_2FA")): Object: 'Object Repository/06-Teams/For 2FA/button_Verify_2FA' is clicked on

2022-07-20 17:24:55 - [MESSAGE][PASSED] - Object: 'Object Repository/06-Teams/For 2FA/button_Verify_2FA' is clicked on

2022-07-20 17:24:55 - [TEST_STEP][PASSED] - delay(5): Delayed 5 second(s)

2022-07-20 17:25:00 - [MESSAGE][PASSED] - Delayed 5 second(s)

2022-07-20 17:25:00 - [TEST_STEP][PASSED] - click(findTestObject("06-Teams/button_doublearrow")): Object: 'Object Repository/06-Teams/button_doublearrow' is clicked on

2022-07-20 17:25:02 - [MESSAGE][PASSED] - Object: 'Object Repository/06-Teams/button_doublearrow' is clicked on

2022-07-20 17:25:02 - [TEST_STEP][PASSED] - click(findTestObject("06-Teams/button_My Organizations")): Object: 'Object Repository/06-Teams/button_My Organizations' is clicked on

2022-07-20 17:25:02 - [MESSAGE][PASSED] - Object: 'Object Repository/06-Teams/button_My Organizations' is clicked on

2022-07-20 17:25:02 - [TEST_STEP][PASSED] - click(findTestObject("06-Teams/button_GG Automation")): Object: 'Object Repository/06-Teams/button_GG Automation' is clicked on

2022-07-20 17:25:03 - [MESSAGE][PASSED] - Object: 'Object Repository/06-Teams/button_GG Automation' is clicked on

2022-07-20 17:25:03 - [TEST_STEP][PASSED] - delay(4): Delayed 4 second(s)

2022-07-20 17:25:07 - [MESSAGE][PASSED] - Delayed 4 second(s)

2022-07-20 17:25:07 - [TEST_STEP][PASSED] - verifyElementVisible(findTestObject("06-Teams/span_GG Automation")): Object 'Object Repository/06-Teams/span_GG Automation' is visible

2022-07-20 17:25:07 - [MESSAGE][PASSED] - Object 'Object Repository/06-Teams/span_GG Automation' is visible

2022-07-20 17:25:07 - [TEST_STEP][PASSED] - delay(2): Delayed 2 second(s)

2022-07-20 17:25:09 - [MESSAGE][PASSED] - Delayed 2 second(s)

2022-07-20 17:25:09 - [TEST_STEP][PASSED] - click(findTestObject("03-Header Menu/Hamburger Button/div_Teams")): Object: 'Object Repository/03-Header Menu/Hamburger Button/div_Teams' is clicked on

2022-07-20 17:25:10 - [MESSAGE][PASSED] - Object: 'Object Repository/03-Header Menu/Hamburger Button/div_Teams' is clicked on

2022-07-20 17:25:10 - [TEST_STEP][PASSED] - delay(2): Delayed 2 second(s)

2022-07-20 17:25:12 - [MESSAGE][PASSED] - Delayed 2 second(s)

2022-07-20 17:25:12 - [TEST_STEP][PASSED] - verifyElementVisible(findTestObject("06-Teams/h4_TEAMS")): Object 'Object Repository/06-Teams/h4_TEAMS' is visible

2022-07-20 17:25:12 - [MESSAGE][PASSED] - Object 'Object Repository/06-Teams/h4_TEAMS' is visible

2022-07-20 17:25:12 - [TEST_STEP][PASSED] - delay(3): Delayed 3 second(s)

2022-07-20 17:25:15 - [MESSAGE][PASSED] - Delayed 3 second(s)

2022-07-20 17:25:15 - [TEST_STEP][PASSED] - click(findTestObject("06-Teams/Add Team")): Object: 'Object Repository/06-Teams/Add Team' is clicked on

2022-07-20 17:25:15 - [MESSAGE][PASSED] - Object: 'Object Repository/06-Teams/Add Team' is clicked on

2022-07-20 17:25:15 - [TEST_STEP][PASSED] - delay(3): Delayed 3 second(s)

2022-07-20 17:25:18 - [MESSAGE][PASSED] - Delayed 3 second(s)

2022-07-20 17:25:18 - [TEST_STEP][PASSED] - verifyElementVisible(findTestObject("06-Teams/button_Public")): Object 'Object Repository/06-Teams/button_Public' is visible

2022-07-20 17:25:19 - [MESSAGE][PASSED] - Object 'Object Repository/06-Teams/button_Public' is visible

2022-07-20 17:25:19 - [TEST_STEP][PASSED] - verifyElementVisible(findTestObject("06-Teams/button_Private")): Object 'Object Repository/06-Teams/button_Private' is visible

2022-07-20 17:25:19 - [MESSAGE][PASSED] - Object 'Object Repository/06-Teams/button_Private' is visible

2022-07-20 17:25:19 - [TEST_STEP][PASSED] - delay(3): Delayed 3 second(s)

2022-07-20 17:25:22 - [MESSAGE][PASSED] - Delayed 3 second(s)

2022-07-20 17:25:22 - [TEST_STEP][PASSED] - click(findTestObject("06-Teams/button_Public")): Object: 'Object Repository/06-Teams/button_Public' is clicked on

2022-07-20 17:25:23 - [MESSAGE][PASSED] - Object: 'Object Repository/06-Teams/button_Public' is clicked on

2022-07-20 17:25:23 - [TEST_STEP][PASSED] - verifyElementVisible(findTestObject("06-Teams/01-Add Team-Public/Add Team_Public")): Object 'Object Repository/06-Teams/01-Add Team-Public/Add Team_Public' is visible

2022-07-20 17:25:23 - [MESSAGE][PASSED] - Object 'Object Repository/06-Teams/01-Add Team-Public/Add Team_Public' is visible

2022-07-20 17:25:23 - [TEST_STEP][PASSED] - verifyElementNotClickable(findTestObject("06-Teams/01-Add Team-Public/button_Create")): Object 'Object Repository/06-Teams/01-Add Team-Public/button_Create' is NOT clickable

2022-07-20 17:25:24 - [MESSAGE][PASSED] - Object 'Object Repository/06-Teams/01-Add Team-Public/button_Create' is NOT clickable

2022-07-20 17:25:24 - [TEST_STEP][PASSED] - delay(3): Delayed 3 second(s)

2022-07-20 17:25:27 - [MESSAGE][PASSED] - Delayed 3 second(s)

2022-07-20 17:25:27 - [TEST_STEP][PASSED] - click(findTestObject("06-Teams/01-Add Team-Public/input_teamName")): Object: 'Object Repository/06-Teams/01-Add Team-Public/input_teamName' is clicked on

2022-07-20 17:25:27 - [MESSAGE][PASSED] - Object: 'Object Repository/06-Teams/01-Add Team-Public/input_teamName' is clicked on

2022-07-20 17:25:27 - [TEST_STEP][PASSED] - click(findTestObject("06-Teams/01-Add Team-Public/Org unit")): Object: 'Object Repository/06-Teams/01-Add Team-Public/Org unit' is clicked on

2022-07-20 17:25:28 - [MESSAGE][PASSED] - Object: 'Object Repository/06-Teams/01-Add Team-Public/Org unit' is clicked on

2022-07-20 17:25:28 - [TEST_STEP][PASSED] - verifyElementVisible(findTestObject("06-Teams/01-Add Team-Public/h4_Select an organization unit")): Object 'Object Repository/06-Teams/01-Add Team-Public/h4_Select an organization unit' is visible

2022-07-20 17:25:28 - [MESSAGE][PASSED] - Object 'Object Repository/06-Teams/01-Add Team-Public/h4_Select an organization unit' is visible

2022-07-20 17:25:28 - [TEST_STEP][PASSED] - delay(3): Delayed 3 second(s)

2022-07-20 17:25:31 - [MESSAGE][PASSED] - Delayed 3 second(s)

2022-07-20 17:25:31 - [TEST_STEP][PASSED] - click(findTestObject("06-Teams/01-Add Team-Public/div_GG Automation")): Object: 'Object Repository/06-Teams/01-Add Team-Public/div_GG Automation' is clicked on

2022-07-20 17:25:31 - [MESSAGE][PASSED] - Object: 'Object Repository/06-Teams/01-Add Team-Public/div_GG Automation' is clicked on

2022-07-20 17:25:31 - [TEST_STEP][PASSED] - click(findTestObject("06-Teams/01-Add Team-Public/button_Select")): Object: 'Object Repository/06-Teams/01-Add Team-Public/button_Select' is clicked on

2022-07-20 17:25:32 - [MESSAGE][PASSED] - Object: 'Object Repository/06-Teams/01-Add Team-Public/button_Select' is clicked on

2022-07-20 17:25:32 - [TEST_STEP][PASSED] - verifyElementVisible(findTestObject("06-Teams/01-Add Team-Public/Error Team name")): Object 'Object Repository/06-Teams/01-Add Team-Public/Error Team name' is visible

2022-07-20 17:25:33 - [MESSAGE][PASSED] - Object 'Object Repository/06-Teams/01-Add Team-Public/Error Team name' is visible

2022-07-20 17:25:33 - [TEST_STEP][PASSED] - delay(3): Delayed 3 second(s)

2022-07-20 17:25:36 - [MESSAGE][PASSED] - Delayed 3 second(s)

2022-07-20 17:25:36 - [TEST_STEP][PASSED] - setText(findTestObject("06-Teams/01-Add Team-Public/input_teamName"), "Auto Team Public"): Text 'Auto Team Public' is set on object 'Object Repository/06-Teams/01-Add Team-Public/input_teamName'

2022-07-20 17:25:37 - [MESSAGE][PASSED] - Text 'Auto Team Public' is set on object 'Object Repository/06-Teams/01-Add Team-Public/input_teamName'

2022-07-20 17:25:37 - [TEST_STEP][PASSED] - click(findTestObject("06-Teams/01-Add Team-Public/button_Create")): Object: 'Object Repository/06-Teams/01-Add Team-Public/button_Create' is clicked on

2022-07-20 17:25:37 - [MESSAGE][PASSED] - Object: 'Object Repository/06-Teams/01-Add Team-Public/button_Create' is clicked on

2022-07-20 17:25:37 - [TEST_STEP][PASSED] - delay(3): Delayed 3 second(s)

2022-07-20 17:25:40 - [MESSAGE][PASSED] - Delayed 3 second(s)

2022-07-20 17:25:40 - [TEST_STEP][PASSED] - verifyElementVisible(findTestObject("06-Teams/01-Add Team-Public/span_Successfully added new team")): Object 'Object Repository/06-Teams/01-Add Team-Public/span_Successfully added new team' is visible

2022-07-20 17:25:40 - [MESSAGE][PASSED] - Object 'Object Repository/06-Teams/01-Add Team-Public/span_Successfully added new team' is visible

2022-07-20 17:25:40 - [TEST_STEP][PASSED] - delay(3): Delayed 3 second(s)

2022-07-20 17:25:43 - [MESSAGE][PASSED] - Delayed 3 second(s)

2022-07-20 17:25:43 - [TEST_STEP][PASSED] - verifyElementVisible(findTestObject("06-Teams/01-Add Team-Public/span_Auto Team Public")): Object 'Object Repository/06-Teams/01-Add Team-Public/span_Auto Team Public' is visible

2022-07-20 17:25:44 - [MESSAGE][PASSED] - Object 'Object Repository/06-Teams/01-Add Team-Public/span_Auto Team Public' is visible

2022-07-20 17:25:44 - [TEST_STEP][PASSED] - delay(3): Delayed 3 second(s)

2022-07-20 17:25:47 - [MESSAGE][PASSED] - Delayed 3 second(s)

2022-07-20 17:25:47 - [TEST_STEP][PASSED] - closeBrowser(): Browser is closed

2022-07-20 17:25:47 - [MESSAGE][PASSED] - Browser is closed]]></system-out>
         <system-err><![CDATA[]]></system-err>
      </testcase>
      <testcase name="Test Cases/06- Teams/02-Add Team-Private" time="111.716" classname="Test Cases/06- Teams/02-Add Team-Private" status="PASSED">
         <system-out><![CDATA[2022-07-20 17:25:47 - [TEST_CASE][PASSED] - Test Cases/06- Teams/02-Add Team-Private: Test Cases/06- Teams/02-Add Team-Private

2022-07-20 17:25:48 - [TEST_STEP][PASSED] - openBrowser(""): Browser is opened with url: ''

2022-07-20 17:25:48 - [MESSAGE][INFO] - Starting 'Chrome' driver

2022-07-20 17:25:48 - [MESSAGE][INFO] - Action delay is set to 0 milliseconds

2022-07-20 17:25:49 - [MESSAGE][PASSED] - Browser is opened with url: ''

2022-07-20 17:25:49 - [TEST_STEP][PASSED] - navigateToUrl("https://lab.everleagues.com/"): Navigate to 'https://lab.everleagues.com/' successfully

2022-07-20 17:26:01 - [MESSAGE][PASSED] - Navigate to 'https://lab.everleagues.com/' successfully

2022-07-20 17:26:01 - [TEST_STEP][PASSED] - maximizeWindow(): Current window maximized

2022-07-20 17:26:01 - [MESSAGE][PASSED] - Current window maximized

2022-07-20 17:26:01 - [TEST_STEP][PASSED] - setText(findTestObject("02-Side Icons(Organization)/Add Contact/Email Field"), "testuser02@mailinator.com"): Text 'testuser02@mailinator.com' is set on object 'Object Repository/02-Side Icons(Organization)/Add Contact/Email Field'

2022-07-20 17:26:02 - [MESSAGE][PASSED] - Text 'testuser02@mailinator.com' is set on object 'Object Repository/02-Side Icons(Organization)/Add Contact/Email Field'

2022-07-20 17:26:02 - [TEST_STEP][PASSED] - setEncryptedText(findTestObject("02-Side Icons(Organization)/Add Contact/Password Field"), "8yFRyszE6U6jvsCn51OQbg=="): Text ****** has been set on object 'Object Repository/02-Side Icons(Organization)/Add Contact/Password Field'

2022-07-20 17:26:02 - [MESSAGE][PASSED] - Text ****** has been set on object 'Object Repository/02-Side Icons(Organization)/Add Contact/Password Field'

2022-07-20 17:26:02 - [TEST_STEP][PASSED] - click(findTestObject("02-Side Icons(Organization)/Add Contact/button_Sign in")): Object: 'Object Repository/02-Side Icons(Organization)/Add Contact/button_Sign in' is clicked on

2022-07-20 17:26:03 - [MESSAGE][PASSED] - Object: 'Object Repository/02-Side Icons(Organization)/Add Contact/button_Sign in' is clicked on

2022-07-20 17:26:03 - [TEST_STEP][PASSED] - delay(3): Delayed 3 second(s)

2022-07-20 17:26:06 - [MESSAGE][PASSED] - Delayed 3 second(s)

2022-07-20 17:26:06 - [TEST_STEP][PASSED] - click(findTestObject("06-Teams/For 2FA/button_Confirm_2FA")): Object: 'Object Repository/06-Teams/For 2FA/button_Confirm_2FA' is clicked on

2022-07-20 17:26:06 - [MESSAGE][PASSED] - Object: 'Object Repository/06-Teams/For 2FA/button_Confirm_2FA' is clicked on

2022-07-20 17:26:06 - [TEST_STEP][PASSED] - executeJavaScript("window.open();", []): Execute JavaScript 'window.open();' successfully

2022-07-20 17:26:06 - [MESSAGE][PASSED] - Execute JavaScript 'window.open();' successfully

2022-07-20 17:26:06 - [TEST_STEP][PASSED] - currentWindow = getWindowIndex(): Current window's index is: 0

2022-07-20 17:26:06 - [MESSAGE][PASSED] - Current window's index is: 0

2022-07-20 17:26:06 - [TEST_STEP][PASSED] - delay(3): Delayed 3 second(s)

2022-07-20 17:26:09 - [MESSAGE][PASSED] - Delayed 3 second(s)

2022-07-20 17:26:09 - [TEST_STEP][PASSED] - switchToWindowIndex(currentWindow + 1): Switched to window with index: '1'

2022-07-20 17:26:09 - [MESSAGE][PASSED] - Switched to window with index: '1'

2022-07-20 17:26:09 - [TEST_STEP][PASSED] - navigateToUrl("https://www.mailinator.com/"): Navigate to 'https://www.mailinator.com/' successfully

2022-07-20 17:26:12 - [MESSAGE][PASSED] - Navigate to 'https://www.mailinator.com/' successfully

2022-07-20 17:26:12 - [TEST_STEP][PASSED] - delay(3): Delayed 3 second(s)

2022-07-20 17:26:15 - [MESSAGE][PASSED] - Delayed 3 second(s)

2022-07-20 17:26:15 - [TEST_STEP][PASSED] - setText(findTestObject("00-Signup and Activation/zMailinator/input_LOGIN_search"), "testuser02@mailinator.com"): Text 'testuser02@mailinator.com' is set on object 'Object Repository/00-Signup and Activation/zMailinator/input_LOGIN_search'

2022-07-20 17:26:16 - [MESSAGE][PASSED] - Text 'testuser02@mailinator.com' is set on object 'Object Repository/00-Signup and Activation/zMailinator/input_LOGIN_search'

2022-07-20 17:26:16 - [TEST_STEP][PASSED] - click(findTestObject("00-Signup and Activation/zMailinator/gobutton"), STOP_ON_FAILURE): Object: 'Object Repository/00-Signup and Activation/zMailinator/gobutton' is clicked on

2022-07-20 17:26:17 - [MESSAGE][PASSED] - Object: 'Object Repository/00-Signup and Activation/zMailinator/gobutton' is clicked on

2022-07-20 17:26:17 - [TEST_STEP][PASSED] - delay(3): Delayed 3 second(s)

2022-07-20 17:26:20 - [MESSAGE][PASSED] - Delayed 3 second(s)

2022-07-20 17:26:20 - [TEST_STEP][PASSED] - click(findTestObject("00-Signup and Activation/zMailinator/Email - everleagues")): Object: 'Object Repository/00-Signup and Activation/zMailinator/Email - everleagues' is clicked on

2022-07-20 17:26:21 - [MESSAGE][PASSED] - Object: 'Object Repository/00-Signup and Activation/zMailinator/Email - everleagues' is clicked on

2022-07-20 17:26:21 - [TEST_STEP][PASSED] - delay(3): Delayed 3 second(s)

2022-07-20 17:26:24 - [MESSAGE][PASSED] - Delayed 3 second(s)

2022-07-20 17:26:24 - [TEST_STEP][PASSED] - code = getText(findTestObject("Object Repository/06-Teams/For 2FA/2FA code")): Text of object 'Object Repository/06-Teams/For 2FA/2FA code' is: '638105'

2022-07-20 17:26:24 - [MESSAGE][PASSED] - Text of object 'Object Repository/06-Teams/For 2FA/2FA code' is: '638105'

2022-07-20 17:26:24 - [TEST_STEP][PASSED] - delay(3): Delayed 3 second(s)

2022-07-20 17:26:27 - [MESSAGE][PASSED] - Delayed 3 second(s)

2022-07-20 17:26:27 - [TEST_STEP][PASSED] - closeWindowTitle("Mailinator"): Window with title: 'Mailinator' is closed

2022-07-20 17:26:27 - [MESSAGE][PASSED] - Window with title: 'Mailinator' is closed

2022-07-20 17:26:27 - [TEST_STEP][PASSED] - delay(3): Delayed 3 second(s)

2022-07-20 17:26:30 - [MESSAGE][PASSED] - Delayed 3 second(s)

2022-07-20 17:26:30 - [TEST_STEP][PASSED] - switchToWindowIndex(0): Switched to window with index: '0'

2022-07-20 17:26:30 - [MESSAGE][PASSED] - Switched to window with index: '0'

2022-07-20 17:26:30 - [TEST_STEP][PASSED] - delay(3): Delayed 3 second(s)

2022-07-20 17:26:33 - [MESSAGE][PASSED] - Delayed 3 second(s)

2022-07-20 17:26:33 - [TEST_STEP][PASSED] - setText(findTestObject("Object Repository/06-Teams/For 2FA/input_Enter verification code_code"), code): Text '638105' is set on object 'Object Repository/06-Teams/For 2FA/input_Enter verification code_code'

2022-07-20 17:26:34 - [MESSAGE][PASSED] - Text '638105' is set on object 'Object Repository/06-Teams/For 2FA/input_Enter verification code_code'

2022-07-20 17:26:34 - [TEST_STEP][PASSED] - delay(3): Delayed 3 second(s)

2022-07-20 17:26:37 - [MESSAGE][PASSED] - Delayed 3 second(s)

2022-07-20 17:26:37 - [TEST_STEP][PASSED] - click(findTestObject("06-Teams/For 2FA/button_Verify_2FA")): Object: 'Object Repository/06-Teams/For 2FA/button_Verify_2FA' is clicked on

2022-07-20 17:26:38 - [MESSAGE][PASSED] - Object: 'Object Repository/06-Teams/For 2FA/button_Verify_2FA' is clicked on

2022-07-20 17:26:38 - [TEST_STEP][PASSED] - delay(5): Delayed 5 second(s)

2022-07-20 17:26:43 - [MESSAGE][PASSED] - Delayed 5 second(s)

2022-07-20 17:26:43 - [TEST_STEP][PASSED] - click(findTestObject("06-Teams/button_doublearrow")): Object: 'Object Repository/06-Teams/button_doublearrow' is clicked on

2022-07-20 17:26:44 - [MESSAGE][PASSED] - Object: 'Object Repository/06-Teams/button_doublearrow' is clicked on

2022-07-20 17:26:44 - [TEST_STEP][PASSED] - click(findTestObject("06-Teams/button_My Organizations")): Object: 'Object Repository/06-Teams/button_My Organizations' is clicked on

2022-07-20 17:26:45 - [MESSAGE][PASSED] - Object: 'Object Repository/06-Teams/button_My Organizations' is clicked on

2022-07-20 17:26:45 - [TEST_STEP][PASSED] - click(findTestObject("06-Teams/button_GG Automation")): Object: 'Object Repository/06-Teams/button_GG Automation' is clicked on

2022-07-20 17:26:46 - [MESSAGE][PASSED] - Object: 'Object Repository/06-Teams/button_GG Automation' is clicked on

2022-07-20 17:26:46 - [TEST_STEP][PASSED] - delay(4): Delayed 4 second(s)

2022-07-20 17:26:50 - [MESSAGE][PASSED] - Delayed 4 second(s)

2022-07-20 17:26:50 - [TEST_STEP][PASSED] - verifyElementVisible(findTestObject("06-Teams/span_GG Automation")): Object 'Object Repository/06-Teams/span_GG Automation' is visible

2022-07-20 17:26:50 - [MESSAGE][PASSED] - Object 'Object Repository/06-Teams/span_GG Automation' is visible

2022-07-20 17:26:50 - [TEST_STEP][PASSED] - delay(2): Delayed 2 second(s)

2022-07-20 17:26:52 - [MESSAGE][PASSED] - Delayed 2 second(s)

2022-07-20 17:26:52 - [TEST_STEP][PASSED] - click(findTestObject("03-Header Menu/Hamburger Button/div_Teams")): Object: 'Object Repository/03-Header Menu/Hamburger Button/div_Teams' is clicked on

2022-07-20 17:26:52 - [MESSAGE][PASSED] - Object: 'Object Repository/03-Header Menu/Hamburger Button/div_Teams' is clicked on

2022-07-20 17:26:52 - [TEST_STEP][PASSED] - delay(2): Delayed 2 second(s)

2022-07-20 17:26:54 - [MESSAGE][PASSED] - Delayed 2 second(s)

2022-07-20 17:26:54 - [TEST_STEP][PASSED] - verifyElementVisible(findTestObject("06-Teams/h4_TEAMS")): Object 'Object Repository/06-Teams/h4_TEAMS' is visible

2022-07-20 17:26:55 - [MESSAGE][PASSED] - Object 'Object Repository/06-Teams/h4_TEAMS' is visible

2022-07-20 17:26:55 - [TEST_STEP][PASSED] - delay(3): Delayed 3 second(s)

2022-07-20 17:26:58 - [MESSAGE][PASSED] - Delayed 3 second(s)

2022-07-20 17:26:58 - [TEST_STEP][PASSED] - click(findTestObject("06-Teams/Add Team")): Object: 'Object Repository/06-Teams/Add Team' is clicked on

2022-07-20 17:26:58 - [MESSAGE][PASSED] - Object: 'Object Repository/06-Teams/Add Team' is clicked on

2022-07-20 17:26:58 - [TEST_STEP][PASSED] - delay(3): Delayed 3 second(s)

2022-07-20 17:27:01 - [MESSAGE][PASSED] - Delayed 3 second(s)

2022-07-20 17:27:01 - [TEST_STEP][PASSED] - verifyElementVisible(findTestObject("06-Teams/button_Public")): Object 'Object Repository/06-Teams/button_Public' is visible

2022-07-20 17:27:01 - [MESSAGE][PASSED] - Object 'Object Repository/06-Teams/button_Public' is visible

2022-07-20 17:27:02 - [TEST_STEP][PASSED] - verifyElementVisible(findTestObject("06-Teams/button_Private")): Object 'Object Repository/06-Teams/button_Private' is visible

2022-07-20 17:27:02 - [MESSAGE][PASSED] - Object 'Object Repository/06-Teams/button_Private' is visible

2022-07-20 17:27:02 - [TEST_STEP][PASSED] - delay(3): Delayed 3 second(s)

2022-07-20 17:27:05 - [MESSAGE][PASSED] - Delayed 3 second(s)

2022-07-20 17:27:05 - [TEST_STEP][PASSED] - click(findTestObject("06-Teams/button_Private")): Object: 'Object Repository/06-Teams/button_Private' is clicked on

2022-07-20 17:27:05 - [MESSAGE][PASSED] - Object: 'Object Repository/06-Teams/button_Private' is clicked on

2022-07-20 17:27:05 - [TEST_STEP][PASSED] - delay(3): Delayed 3 second(s)

2022-07-20 17:27:08 - [MESSAGE][PASSED] - Delayed 3 second(s)

2022-07-20 17:27:08 - [TEST_STEP][PASSED] - verifyElementVisible(findTestObject("06-Teams/02-Add Team-Private/Add team- Private")): Object 'Object Repository/06-Teams/02-Add Team-Private/Add team- Private' is visible

2022-07-20 17:27:09 - [MESSAGE][PASSED] - Object 'Object Repository/06-Teams/02-Add Team-Private/Add team- Private' is visible

2022-07-20 17:27:09 - [TEST_STEP][PASSED] - verifyElementVisible(findTestObject("06-Teams/02-Add Team-Private/div_Settings")): Object 'Object Repository/06-Teams/02-Add Team-Private/div_Settings' is visible

2022-07-20 17:27:09 - [MESSAGE][PASSED] - Object 'Object Repository/06-Teams/02-Add Team-Private/div_Settings' is visible

2022-07-20 17:27:09 - [TEST_STEP][PASSED] - verifyElementVisible(findTestObject("06-Teams/02-Add Team-Private/div_Members")): Object 'Object Repository/06-Teams/02-Add Team-Private/div_Members' is visible

2022-07-20 17:27:09 - [MESSAGE][PASSED] - Object 'Object Repository/06-Teams/02-Add Team-Private/div_Members' is visible

2022-07-20 17:27:09 - [TEST_STEP][PASSED] - verifyElementNotClickable(findTestObject("06-Teams/01-Add Team-Public/button_Create")): Object 'Object Repository/06-Teams/01-Add Team-Public/button_Create' is NOT clickable

2022-07-20 17:27:10 - [MESSAGE][PASSED] - Object 'Object Repository/06-Teams/01-Add Team-Public/button_Create' is NOT clickable

2022-07-20 17:27:10 - [TEST_STEP][PASSED] - delay(3): Delayed 3 second(s)

2022-07-20 17:27:13 - [MESSAGE][PASSED] - Delayed 3 second(s)

2022-07-20 17:27:13 - [TEST_STEP][PASSED] - click(findTestObject("06-Teams/01-Add Team-Public/input_teamName")): Object: 'Object Repository/06-Teams/01-Add Team-Public/input_teamName' is clicked on

2022-07-20 17:27:13 - [MESSAGE][PASSED] - Object: 'Object Repository/06-Teams/01-Add Team-Public/input_teamName' is clicked on

2022-07-20 17:27:13 - [TEST_STEP][PASSED] - click(findTestObject("06-Teams/01-Add Team-Public/Org unit")): Object: 'Object Repository/06-Teams/01-Add Team-Public/Org unit' is clicked on

2022-07-20 17:27:13 - [MESSAGE][PASSED] - Object: 'Object Repository/06-Teams/01-Add Team-Public/Org unit' is clicked on

2022-07-20 17:27:13 - [TEST_STEP][PASSED] - verifyElementVisible(findTestObject("06-Teams/01-Add Team-Public/h4_Select an organization unit")): Object 'Object Repository/06-Teams/01-Add Team-Public/h4_Select an organization unit' is visible

2022-07-20 17:27:14 - [MESSAGE][PASSED] - Object 'Object Repository/06-Teams/01-Add Team-Public/h4_Select an organization unit' is visible

2022-07-20 17:27:14 - [TEST_STEP][PASSED] - delay(3): Delayed 3 second(s)

2022-07-20 17:27:17 - [MESSAGE][PASSED] - Delayed 3 second(s)

2022-07-20 17:27:17 - [TEST_STEP][PASSED] - click(findTestObject("06-Teams/01-Add Team-Public/div_GG Automation")): Object: 'Object Repository/06-Teams/01-Add Team-Public/div_GG Automation' is clicked on

2022-07-20 17:27:17 - [MESSAGE][PASSED] - Object: 'Object Repository/06-Teams/01-Add Team-Public/div_GG Automation' is clicked on

2022-07-20 17:27:17 - [TEST_STEP][PASSED] - click(findTestObject("06-Teams/01-Add Team-Public/button_Select")): Object: 'Object Repository/06-Teams/01-Add Team-Public/button_Select' is clicked on

2022-07-20 17:27:18 - [MESSAGE][PASSED] - Object: 'Object Repository/06-Teams/01-Add Team-Public/button_Select' is clicked on

2022-07-20 17:27:18 - [TEST_STEP][PASSED] - verifyElementVisible(findTestObject("06-Teams/01-Add Team-Public/Error Team name")): Object 'Object Repository/06-Teams/01-Add Team-Public/Error Team name' is visible

2022-07-20 17:27:19 - [MESSAGE][PASSED] - Object 'Object Repository/06-Teams/01-Add Team-Public/Error Team name' is visible

2022-07-20 17:27:19 - [TEST_STEP][PASSED] - delay(3): Delayed 3 second(s)

2022-07-20 17:27:22 - [MESSAGE][PASSED] - Delayed 3 second(s)

2022-07-20 17:27:22 - [TEST_STEP][PASSED] - setText(findTestObject("06-Teams/01-Add Team-Public/input_teamName"), "Auto Team Private"): Text 'Auto Team Private' is set on object 'Object Repository/06-Teams/01-Add Team-Public/input_teamName'

2022-07-20 17:27:22 - [MESSAGE][PASSED] - Text 'Auto Team Private' is set on object 'Object Repository/06-Teams/01-Add Team-Public/input_teamName'

2022-07-20 17:27:22 - [TEST_STEP][PASSED] - delay(3): Delayed 3 second(s)

2022-07-20 17:27:25 - [MESSAGE][PASSED] - Delayed 3 second(s)

2022-07-20 17:27:25 - [TEST_STEP][PASSED] - click(findTestObject("06-Teams/02-Add Team-Private/div_Members")): Object: 'Object Repository/06-Teams/02-Add Team-Private/div_Members' is clicked on

2022-07-20 17:27:26 - [MESSAGE][PASSED] - Object: 'Object Repository/06-Teams/02-Add Team-Private/div_Members' is clicked on

2022-07-20 17:27:26 - [TEST_STEP][PASSED] - verifyElementVisible(findTestObject("06-Teams/02-Add Team-Private/Members dialog box")): Object 'Object Repository/06-Teams/02-Add Team-Private/Members dialog box' is visible

2022-07-20 17:27:27 - [MESSAGE][PASSED] - Object 'Object Repository/06-Teams/02-Add Team-Private/Members dialog box' is visible

2022-07-20 17:27:27 - [TEST_STEP][PASSED] - delay(3): Delayed 3 second(s)

2022-07-20 17:27:30 - [MESSAGE][PASSED] - Delayed 3 second(s)

2022-07-20 17:27:30 - [TEST_STEP][PASSED] - click(findTestObject("06-Teams/01-Add Team-Public/button_Create")): Object: 'Object Repository/06-Teams/01-Add Team-Public/button_Create' is clicked on

2022-07-20 17:27:31 - [MESSAGE][PASSED] - Object: 'Object Repository/06-Teams/01-Add Team-Public/button_Create' is clicked on

2022-07-20 17:27:31 - [TEST_STEP][PASSED] - verifyElementVisible(findTestObject("06-Teams/01-Add Team-Public/span_Successfully added new team")): Object 'Object Repository/06-Teams/01-Add Team-Public/span_Successfully added new team' is visible

2022-07-20 17:27:32 - [MESSAGE][PASSED] - Object 'Object Repository/06-Teams/01-Add Team-Public/span_Successfully added new team' is visible

2022-07-20 17:27:32 - [TEST_STEP][PASSED] - delay(3): Delayed 3 second(s)

2022-07-20 17:27:35 - [MESSAGE][PASSED] - Delayed 3 second(s)

2022-07-20 17:27:35 - [TEST_STEP][PASSED] - verifyElementVisible(findTestObject("06-Teams/02-Add Team-Private/span_Auto Team Private")): Object 'Object Repository/06-Teams/02-Add Team-Private/span_Auto Team Private' is visible

2022-07-20 17:27:35 - [MESSAGE][PASSED] - Object 'Object Repository/06-Teams/02-Add Team-Private/span_Auto Team Private' is visible

2022-07-20 17:27:35 - [TEST_STEP][PASSED] - delay(3): Delayed 3 second(s)

2022-07-20 17:27:38 - [MESSAGE][PASSED] - Delayed 3 second(s)

2022-07-20 17:27:38 - [TEST_STEP][PASSED] - closeBrowser(): Browser is closed

2022-07-20 17:27:39 - [MESSAGE][PASSED] - Browser is closed]]></system-out>
         <system-err><![CDATA[]]></system-err>
      </testcase>
      <system-out><![CDATA[2022-07-20 17:23:41 - [TEST_SUITE][PASSED] - 06.1- Teams - Add: Test Cases/06- Teams/02-Add Team-Private]]></system-out>
      <system-err><![CDATA[]]></system-err>
   </testsuite>
</testsuites>
