<?xml version="1.0" encoding="UTF-8"?>
<testsuites name="00-Signup and Account Activation" time="127.024" tests="5" failures="0" errors="0">
   <testsuite name="00-Signup and Account Activation" tests="5" failures="0" errors="0" time="127.024" skipped="0" timestamp="2022-01-04 14:26:17" hostname="User - DESKTOP-QCRNR4M" id="Test Suites/TS-Organization/00-Signup and Account Activation">
      <properties>
         <property name="deviceName" value=""/>
         <property name="devicePlatform" value=""/>
         <property name="logFolder" value="C:\\Users\\User\\Katalon Studio\\EverleaguesMain\\Reports\\20220104_142615\\TS-Organization\\00-Signup and Account Activation\\20220104_142615"/>
         <property name="logFiles" value="C:\\Users\\User\\Katalon Studio\\EverleaguesMain\\Reports\\20220104_142615\\TS-Organization\\00-Signup and Account Activation\\20220104_142615\\execution0.log"/>
         <property name="attachments" value=""/>
         <property name="hostName" value="User - DESKTOP-QCRNR4M"/>
         <property name="os" value="Windows 10 64bit"/>
         <property name="katalonVersion" value="8.2.0.208"/>
         <property name="browser" value="Chrome 96.0.4664.110"/>
         <property name="hostAddress" value="192.168.5.53"/>
         <property name="sessionId" value="7c74b157f8e93a22f73147205634a2c7"/>
         <property name="seleniumVersion" value="3.141.59"/>
         <property name="proxyInformation" value="ProxyInformation { proxyOption=NO_PROXY, proxyServerType=HTTP, username=, password=********, proxyServerAddress=, proxyServerPort=0, executionList=&quot;&quot;, isApplyToDesiredCapabilities=true }"/>
         <property name="platform" value="Windows 10"/>
      </properties>
      <testcase name="Test Cases/00-SignUp and Account Activation/01-Signup(Credentials Blank)" time="39.854" classname="Test Cases/00-SignUp and Account Activation/01-Signup(Credentials Blank)" status="PASSED">
         <system-out><![CDATA[2022-01-04 14:26:17 - [TEST_CASE][PASSED] - Test Cases/00-SignUp and Account Activation/01-Signup(Credentials Blank): Test Cases/00-SignUp and Account Activation/01-Signup(Credentials Blank)

2022-01-04 14:26:18 - [TEST_STEP][PASSED] - openBrowser(""): Browser is opened with url: ''

2022-01-04 14:26:18 - [MESSAGE][INFO] - Starting 'Chrome' driver

2022-01-04 14:26:18 - [MESSAGE][INFO] - Action delay is set to 0 milliseconds

2022-01-04 14:26:20 - [MESSAGE][PASSED] - Browser is opened with url: ''

2022-01-04 14:26:20 - [TEST_STEP][PASSED] - maximizeWindow(): Current window maximized

2022-01-04 14:26:20 - [MESSAGE][PASSED] - Current window maximized

2022-01-04 14:26:20 - [TEST_STEP][PASSED] - navigateToUrl("https://lab.everleagues.com/"): Navigate to 'https://lab.everleagues.com/' successfully

2022-01-04 14:26:46 - [MESSAGE][PASSED] - Navigate to 'https://lab.everleagues.com/' successfully

2022-01-04 14:26:46 - [TEST_STEP][PASSED] - click(findTestObject("00-Signup and Activation/span_Sign up")): Object: 'Object Repository/00-Signup and Activation/span_Sign up' is clicked on

2022-01-04 14:26:46 - [MESSAGE][PASSED] - Object: 'Object Repository/00-Signup and Activation/span_Sign up' is clicked on

2022-01-04 14:26:46 - [TEST_STEP][PASSED] - delay(3): Delayed 3 second(s)

2022-01-04 14:26:49 - [MESSAGE][PASSED] - Delayed 3 second(s)

2022-01-04 14:26:49 - [TEST_STEP][PASSED] - verifyElementVisible(findTestObject("00-Signup and Activation/div_Already have an account Log In")): Object 'Object Repository/00-Signup and Activation/div_Already have an account Log In' is visible

2022-01-04 14:26:51 - [MESSAGE][PASSED] - Object 'Object Repository/00-Signup and Activation/div_Already have an account Log In' is visible

2022-01-04 14:26:51 - [TEST_STEP][PASSED] - delay(3): Delayed 3 second(s)

2022-01-04 14:26:54 - [MESSAGE][PASSED] - Delayed 3 second(s)

2022-01-04 14:26:54 - [TEST_STEP][PASSED] - verifyElementNotClickable(findTestObject("00-Signup and Activation/button_Sign up")): Object 'Object Repository/00-Signup and Activation/button_Sign up' is NOT clickable

2022-01-04 14:26:54 - [MESSAGE][PASSED] - Object 'Object Repository/00-Signup and Activation/button_Sign up' is NOT clickable

2022-01-04 14:26:54 - [TEST_STEP][PASSED] - delay(3): Delayed 3 second(s)

2022-01-04 14:26:57 - [MESSAGE][PASSED] - Delayed 3 second(s)]]></system-out>
         <system-err><![CDATA[]]></system-err>
      </testcase>
      <testcase name="Test Cases/00-SignUp and Account Activation/02-Signup(Wrong email)" time="9.335" classname="Test Cases/00-SignUp and Account Activation/02-Signup(Wrong email)" status="PASSED">
         <system-out><![CDATA[2022-01-04 14:26:57 - [TEST_CASE][PASSED] - Test Cases/00-SignUp and Account Activation/02-Signup(Wrong email): Test Cases/00-SignUp and Account Activation/02-Signup(Wrong email)

2022-01-04 14:26:57 - [TEST_STEP][PASSED] - delay(3): Delayed 3 second(s)

2022-01-04 14:27:00 - [MESSAGE][PASSED] - Delayed 3 second(s)

2022-01-04 14:27:00 - [TEST_STEP][PASSED] - setText(findTestObject("00-Signup and Activation/input_Email"), "QATESTinvalidemailformat"): Text 'QATESTinvalidemailformat' is set on object 'Object Repository/00-Signup and Activation/input_Email'

2022-01-04 14:27:01 - [MESSAGE][PASSED] - Text 'QATESTinvalidemailformat' is set on object 'Object Repository/00-Signup and Activation/input_Email'

2022-01-04 14:27:01 - [TEST_STEP][PASSED] - delay(2): Delayed 2 second(s)

2022-01-04 14:27:03 - [MESSAGE][PASSED] - Delayed 2 second(s)

2022-01-04 14:27:03 - [TEST_STEP][PASSED] - click(findTestObject("00-Signup and Activation/input_firstName")): Object: 'Object Repository/00-Signup and Activation/input_firstName' is clicked on

2022-01-04 14:27:04 - [MESSAGE][PASSED] - Object: 'Object Repository/00-Signup and Activation/input_firstName' is clicked on

2022-01-04 14:27:04 - [TEST_STEP][PASSED] - verifyElementPresent(findTestObject("00-Signup and Activation/error_valid email is required"), 0): Object 'Object Repository/00-Signup and Activation/error_valid email is required' is present

2022-01-04 14:27:04 - [MESSAGE][WARNING] - Timeout '0' is invalid. Using default page load timeout: '30'

2022-01-04 14:27:04 - [MESSAGE][PASSED] - Object 'Object Repository/00-Signup and Activation/error_valid email is required' is present

2022-01-04 14:27:04 - [TEST_STEP][PASSED] - delay(0): Delayed 0 second(s)

2022-01-04 14:27:04 - [MESSAGE][PASSED] - Delayed 0 second(s)

2022-01-04 14:27:04 - [TEST_STEP][PASSED] - setText(findTestObject("00-Signup and Activation/input_Email"), "testuser01@mailinator.com"): Text 'testuser01@mailinator.com' is set on object 'Object Repository/00-Signup and Activation/input_Email'

2022-01-04 14:27:05 - [MESSAGE][PASSED] - Text 'testuser01@mailinator.com' is set on object 'Object Repository/00-Signup and Activation/input_Email'

2022-01-04 14:27:05 - [TEST_STEP][PASSED] - delay(0): Delayed 0 second(s)

2022-01-04 14:27:05 - [MESSAGE][PASSED] - Delayed 0 second(s)

2022-01-04 14:27:05 - [TEST_STEP][PASSED] - click(findTestObject("00-Signup and Activation/input_firstName")): Object: 'Object Repository/00-Signup and Activation/input_firstName' is clicked on

2022-01-04 14:27:06 - [MESSAGE][PASSED] - Object: 'Object Repository/00-Signup and Activation/input_firstName' is clicked on

2022-01-04 14:27:06 - [TEST_STEP][PASSED] - verifyElementVisible(findTestObject("00-Signup and Activation/error_email already exists")): Object 'Object Repository/00-Signup and Activation/error_email already exists' is visible

2022-01-04 14:27:07 - [MESSAGE][PASSED] - Object 'Object Repository/00-Signup and Activation/error_email already exists' is visible

2022-01-04 14:27:07 - [TEST_STEP][PASSED] - delay(0): Delayed 0 second(s)

2022-01-04 14:27:07 - [MESSAGE][PASSED] - Delayed 0 second(s)]]></system-out>
         <system-err><![CDATA[]]></system-err>
      </testcase>
      <testcase name="Test Cases/00-SignUp and Account Activation/03-Signup(Correct Details)" time="10.735" classname="Test Cases/00-SignUp and Account Activation/03-Signup(Correct Details)" status="PASSED">
         <system-out><![CDATA[2022-01-04 14:27:07 - [TEST_CASE][PASSED] - Test Cases/00-SignUp and Account Activation/03-Signup(Correct Details): Test Cases/00-SignUp and Account Activation/03-Signup(Correct Details)

2022-01-04 14:27:07 - [TEST_STEP][PASSED] - delay(2): Delayed 2 second(s)

2022-01-04 14:27:09 - [MESSAGE][PASSED] - Delayed 2 second(s)

2022-01-04 14:27:09 - [TEST_STEP][PASSED] - setText(findTestObject("00-Signup and Activation/input_Email"), "autotester02@mailinator.com"): Text 'autotester02@mailinator.com' is set on object 'Object Repository/00-Signup and Activation/input_Email'

2022-01-04 14:27:10 - [MESSAGE][PASSED] - Text 'autotester02@mailinator.com' is set on object 'Object Repository/00-Signup and Activation/input_Email'

2022-01-04 14:27:10 - [TEST_STEP][PASSED] - setText(findTestObject("00-Signup and Activation/input_firstName"), "GG"): Text 'GG' is set on object 'Object Repository/00-Signup and Activation/input_firstName'

2022-01-04 14:27:11 - [MESSAGE][PASSED] - Text 'GG' is set on object 'Object Repository/00-Signup and Activation/input_firstName'

2022-01-04 14:27:11 - [TEST_STEP][PASSED] - setText(findTestObject("00-Signup and Activation/input_lastName"), "tester"): Text 'tester' is set on object 'Object Repository/00-Signup and Activation/input_lastName'

2022-01-04 14:27:12 - [MESSAGE][PASSED] - Text 'tester' is set on object 'Object Repository/00-Signup and Activation/input_lastName'

2022-01-04 14:27:12 - [TEST_STEP][PASSED] - delay(2): Delayed 2 second(s)

2022-01-04 14:27:14 - [MESSAGE][PASSED] - Delayed 2 second(s)

2022-01-04 14:27:14 - [TEST_STEP][PASSED] - click(findTestObject("Object Repository/00-Signup and Activation/button_Sign up")): Object: 'Object Repository/00-Signup and Activation/button_Sign up' is clicked on

2022-01-04 14:27:15 - [MESSAGE][PASSED] - Object: 'Object Repository/00-Signup and Activation/button_Sign up' is clicked on

2022-01-04 14:27:15 - [TEST_STEP][PASSED] - delay(2): Delayed 2 second(s)

2022-01-04 14:27:17 - [MESSAGE][PASSED] - Delayed 2 second(s)

2022-01-04 14:27:17 - [TEST_STEP][PASSED] - closeBrowser(): Browser is closed

2022-01-04 14:27:17 - [MESSAGE][PASSED] - Browser is closed]]></system-out>
         <system-err><![CDATA[]]></system-err>
      </testcase>
      <testcase name="Test Cases/00-SignUp and Account Activation/04-Account Activation" time="20.101" classname="Test Cases/00-SignUp and Account Activation/04-Account Activation" status="PASSED">
         <system-out><![CDATA[2022-01-04 14:27:17 - [TEST_CASE][PASSED] - Test Cases/00-SignUp and Account Activation/04-Account Activation: Test Cases/00-SignUp and Account Activation/04-Account Activation

2022-01-04 14:27:18 - [TEST_STEP][PASSED] - delay(3): Delayed 3 second(s)

2022-01-04 14:27:21 - [MESSAGE][PASSED] - Delayed 3 second(s)

2022-01-04 14:27:21 - [TEST_STEP][PASSED] - openBrowser(""): Browser is opened with url: ''

2022-01-04 14:27:21 - [MESSAGE][INFO] - Starting 'Chrome' driver

2022-01-04 14:27:21 - [MESSAGE][INFO] - Action delay is set to 0 milliseconds

2022-01-04 14:27:22 - [MESSAGE][PASSED] - Browser is opened with url: ''

2022-01-04 14:27:22 - [TEST_STEP][PASSED] - maximizeWindow(): Current window maximized

2022-01-04 14:27:22 - [MESSAGE][PASSED] - Current window maximized

2022-01-04 14:27:22 - [TEST_STEP][PASSED] - navigateToUrl("https://www.mailinator.com/"): Navigate to 'https://www.mailinator.com/' successfully

2022-01-04 14:27:25 - [MESSAGE][PASSED] - Navigate to 'https://www.mailinator.com/' successfully

2022-01-04 14:27:25 - [TEST_STEP][PASSED] - delay(3): Delayed 3 second(s)

2022-01-04 14:27:28 - [MESSAGE][PASSED] - Delayed 3 second(s)

2022-01-04 14:27:28 - [TEST_STEP][PASSED] - setText(findTestObject("00-Signup and Activation/zMailinator/input_LOGIN_search"), "autotester02@mailinator.com"): Text 'autotester02@mailinator.com' is set on object 'Object Repository/00-Signup and Activation/zMailinator/input_LOGIN_search'

2022-01-04 14:27:29 - [MESSAGE][PASSED] - Text 'autotester02@mailinator.com' is set on object 'Object Repository/00-Signup and Activation/zMailinator/input_LOGIN_search'

2022-01-04 14:27:29 - [TEST_STEP][PASSED] - click(findTestObject("00-Signup and Activation/zMailinator/gobutton"), STOP_ON_FAILURE): Object: 'Object Repository/00-Signup and Activation/zMailinator/gobutton' is clicked on

2022-01-04 14:27:30 - [MESSAGE][PASSED] - Object: 'Object Repository/00-Signup and Activation/zMailinator/gobutton' is clicked on

2022-01-04 14:27:30 - [TEST_STEP][PASSED] - delay(3): Delayed 3 second(s)

2022-01-04 14:27:33 - [MESSAGE][PASSED] - Delayed 3 second(s)

2022-01-04 14:27:33 - [TEST_STEP][PASSED] - click(findTestObject("00-Signup and Activation/zMailinator/Email - everleagues")): Object: 'Object Repository/00-Signup and Activation/zMailinator/Email - everleagues' is clicked on

2022-01-04 14:27:34 - [MESSAGE][PASSED] - Object: 'Object Repository/00-Signup and Activation/zMailinator/Email - everleagues' is clicked on

2022-01-04 14:27:34 - [TEST_STEP][PASSED] - delay(3): Delayed 3 second(s)

2022-01-04 14:27:37 - [MESSAGE][PASSED] - Delayed 3 second(s)

2022-01-04 14:27:37 - [TEST_STEP][PASSED] - click(findTestObject("00-Signup and Activation/zMailinator/a_Activation link")): Object: 'Object Repository/00-Signup and Activation/zMailinator/a_Activation link' is clicked on

2022-01-04 14:27:37 - [MESSAGE][PASSED] - Object: 'Object Repository/00-Signup and Activation/zMailinator/a_Activation link' is clicked on]]></system-out>
         <system-err><![CDATA[]]></system-err>
      </testcase>
      <testcase name="Test Cases/00-SignUp and Account Activation/05-Set password" time="46.683" classname="Test Cases/00-SignUp and Account Activation/05-Set password" status="PASSED">
         <system-out><![CDATA[2022-01-04 14:27:37 - [TEST_CASE][PASSED] - Test Cases/00-SignUp and Account Activation/05-Set password: Test Cases/00-SignUp and Account Activation/05-Set password

2022-01-04 14:27:38 - [TEST_STEP][PASSED] - delay(3): Delayed 3 second(s)

2022-01-04 14:27:41 - [MESSAGE][PASSED] - Delayed 3 second(s)

2022-01-04 14:27:41 - [TEST_STEP][PASSED] - closeWindowTitle("Mailinator"): Window with title: 'Mailinator' is closed

2022-01-04 14:27:41 - [MESSAGE][PASSED] - Window with title: 'Mailinator' is closed

2022-01-04 14:27:41 - [TEST_STEP][PASSED] - delay(2): Delayed 2 second(s)

2022-01-04 14:27:43 - [MESSAGE][PASSED] - Delayed 2 second(s)

2022-01-04 14:27:43 - [TEST_STEP][PASSED] - switchToWindowIndex(0): Switched to window with index: '0'

2022-01-04 14:27:43 - [MESSAGE][PASSED] - Switched to window with index: '0'

2022-01-04 14:27:43 - [TEST_STEP][PASSED] - setEncryptedText(findTestObject("00-Signup and Activation/input_password"), "8yFRyszE6U6jvsCn51OQbg==", STOP_ON_FAILURE): Text ****** has been set on object 'Object Repository/00-Signup and Activation/input_password'

2022-01-04 14:28:00 - [MESSAGE][PASSED] - Text ****** has been set on object 'Object Repository/00-Signup and Activation/input_password'

2022-01-04 14:28:00 - [TEST_STEP][PASSED] - setEncryptedText(findTestObject("00-Signup and Activation/input_ConfirmPassword"), "8yFRyszE6U6jvsCn51OQbg==", STOP_ON_FAILURE): Text ****** has been set on object 'Object Repository/00-Signup and Activation/input_ConfirmPassword'

2022-01-04 14:28:01 - [MESSAGE][PASSED] - Text ****** has been set on object 'Object Repository/00-Signup and Activation/input_ConfirmPassword'

2022-01-04 14:28:01 - [TEST_STEP][PASSED] - delay(2): Delayed 2 second(s)

2022-01-04 14:28:03 - [MESSAGE][PASSED] - Delayed 2 second(s)

2022-01-04 14:28:03 - [TEST_STEP][PASSED] - click(findTestObject("00-Signup and Activation/show pass")): Object: 'Object Repository/00-Signup and Activation/show pass' is clicked on

2022-01-04 14:28:04 - [MESSAGE][PASSED] - Object: 'Object Repository/00-Signup and Activation/show pass' is clicked on

2022-01-04 14:28:04 - [TEST_STEP][PASSED] - click(findTestObject("00-Signup and Activation/show confirm pass")): Object: 'Object Repository/00-Signup and Activation/show confirm pass' is clicked on

2022-01-04 14:28:05 - [MESSAGE][PASSED] - Object: 'Object Repository/00-Signup and Activation/show confirm pass' is clicked on

2022-01-04 14:28:05 - [TEST_STEP][PASSED] - delay(2): Delayed 2 second(s)

2022-01-04 14:28:07 - [MESSAGE][PASSED] - Delayed 2 second(s)

2022-01-04 14:28:07 - [TEST_STEP][PASSED] - check(findTestObject("00-Signup and Activation/div_checkbox")): Object 'Object Repository/00-Signup and Activation/div_checkbox' is checked

2022-01-04 14:28:07 - [MESSAGE][PASSED] - Object 'Object Repository/00-Signup and Activation/div_checkbox' is checked

2022-01-04 14:28:07 - [TEST_STEP][PASSED] - delay(2): Delayed 2 second(s)

2022-01-04 14:28:09 - [MESSAGE][PASSED] - Delayed 2 second(s)

2022-01-04 14:28:09 - [TEST_STEP][PASSED] - click(findTestObject("00-Signup and Activation/button_Confirm")): Object: 'Object Repository/00-Signup and Activation/button_Confirm' is clicked on

2022-01-04 14:28:09 - [MESSAGE][PASSED] - Object: 'Object Repository/00-Signup and Activation/button_Confirm' is clicked on

2022-01-04 14:28:09 - [TEST_STEP][PASSED] - delay(2): Delayed 2 second(s)

2022-01-04 14:28:11 - [MESSAGE][PASSED] - Delayed 2 second(s)

2022-01-04 14:28:11 - [TEST_STEP][PASSED] - verifyElementVisible(findTestObject("00-Signup and Activation/Sign Up Success")): Object 'Object Repository/00-Signup and Activation/Sign Up Success' is visible

2022-01-04 14:28:15 - [MESSAGE][PASSED] - Object 'Object Repository/00-Signup and Activation/Sign Up Success' is visible

2022-01-04 14:28:15 - [TEST_STEP][PASSED] - delay(2): Delayed 2 second(s)

2022-01-04 14:28:17 - [MESSAGE][PASSED] - Delayed 2 second(s)

2022-01-04 14:28:17 - [TEST_STEP][PASSED] - click(findTestObject("00-Signup and Activation/button_Ok(signup)")): Object: 'Object Repository/00-Signup and Activation/button_Ok(signup)' is clicked on

2022-01-04 14:28:17 - [MESSAGE][PASSED] - Object: 'Object Repository/00-Signup and Activation/button_Ok(signup)' is clicked on

2022-01-04 14:28:17 - [TEST_STEP][PASSED] - delay(3): Delayed 3 second(s)

2022-01-04 14:28:20 - [MESSAGE][PASSED] - Delayed 3 second(s)

2022-01-04 14:28:20 - [TEST_STEP][PASSED] - verifyElementVisible(findTestObject("00-Signup and Activation/Add my organization tray")): Object 'Object Repository/00-Signup and Activation/Add my organization tray' is visible

2022-01-04 14:28:20 - [MESSAGE][PASSED] - Object 'Object Repository/00-Signup and Activation/Add my organization tray' is visible

2022-01-04 14:28:20 - [TEST_STEP][PASSED] - delay(3): Delayed 3 second(s)

2022-01-04 14:28:23 - [MESSAGE][PASSED] - Delayed 3 second(s)

2022-01-04 14:28:23 - [TEST_STEP][PASSED] - closeBrowser(): Browser is closed

2022-01-04 14:28:24 - [MESSAGE][PASSED] - Browser is closed]]></system-out>
         <system-err><![CDATA[]]></system-err>
      </testcase>
      <system-out><![CDATA[2022-01-04 14:26:17 - [TEST_SUITE][PASSED] - 00-Signup and Account Activation: Test Cases/00-SignUp and Account Activation/05-Set password]]></system-out>
      <system-err><![CDATA[]]></system-err>
   </testsuite>
</testsuites>
