<?xml version="1.0" encoding="UTF-8"?>
<testsuites name="09-Settings" time="1200.33" tests="5" failures="1" errors="0">
   <testsuite name="09-Settings" tests="5" failures="1" errors="0" time="1200.33" skipped="0" timestamp="2022-10-07 19:58:18" hostname="User - DESKTOP-QCRNR4M" id="Test Suites/TS-Organization/09-Settings">
      <properties>
         <property name="deviceName" value=""/>
         <property name="devicePlatform" value=""/>
         <property name="logFolder" value="C:\\Users\\User\\Katalon Studio\\EverleaguesMain\\Reports\\20221007_195815\\TS-Organization\\09-Settings\\20221007_195815"/>
         <property name="logFiles" value="C:\\Users\\User\\Katalon Studio\\EverleaguesMain\\Reports\\20221007_195815\\TS-Organization\\09-Settings\\20221007_195815\\execution0.log"/>
         <property name="attachments" value="C:\\Users\\User\\Katalon Studio\\EverleaguesMain\\Reports\\20221007_195815\\TS-Organization\\09-Settings\\20221007_195815\\1665145098315.png, C:\\Users\\User\\Katalon Studio\\EverleaguesMain\\Reports\\20221007_195815\\TS-Organization\\09-Settings\\20221007_195815\\1665145098478.png"/>
         <property name="hostName" value="User - DESKTOP-QCRNR4M"/>
         <property name="os" value="Windows 10 64bit"/>
         <property name="katalonVersion" value="8.4.1.208"/>
         <property name="browser" value="Chrome 106.0.0.0"/>
         <property name="hostAddress" value="192.168.5.124"/>
         <property name="sessionId" value="6b3303922410c6fb1f9f9f3c3975aad7"/>
         <property name="seleniumVersion" value="3.141.59"/>
         <property name="proxyInformation" value="ProxyInformation { proxyOption=NO_PROXY, proxyServerType=HTTP, username=, password=********, proxyServerAddress=, proxyServerPort=0, executionList=&quot;&quot;, isApplyToDesiredCapabilities=true }"/>
         <property name="platform" value="Windows 10"/>
      </properties>
      <testcase name="Test Cases/09-Settings/01 - Users (Invite new user but field are blank)" time="105.835" classname="Test Cases/09-Settings/01 - Users (Invite new user but field are blank)" status="PASSED">
         <system-out><![CDATA[2022-10-07 19:58:18 - [TEST_CASE][PASSED] - Test Cases/09-Settings/01 - Users (Invite new user but field are blank): Test Cases/09-Settings/01 - Users (Invite new user but field are blank)

2022-10-07 19:58:19 - [TEST_STEP][PASSED] - openBrowser(""): Browser is opened with url: ''

2022-10-07 19:58:19 - [MESSAGE][INFO] - Starting 'Chrome' driver

2022-10-07 19:58:19 - [MESSAGE][INFO] - Action delay is set to 0 milliseconds

2022-10-07 19:58:21 - [MESSAGE][PASSED] - Browser is opened with url: ''

2022-10-07 19:58:21 - [TEST_STEP][PASSED] - navigateToUrl("https://lab.everleagues.com/"): Navigate to 'https://lab.everleagues.com/' successfully

2022-10-07 19:58:42 - [MESSAGE][PASSED] - Navigate to 'https://lab.everleagues.com/' successfully

2022-10-07 19:58:42 - [TEST_STEP][PASSED] - maximizeWindow(): Current window maximized

2022-10-07 19:58:42 - [MESSAGE][PASSED] - Current window maximized

2022-10-07 19:58:42 - [TEST_STEP][PASSED] - setText(findTestObject("02-Side Icons(Organization)/Add Contact/Email Field"), "testuser02@mailinator.com"): Text 'testuser02@mailinator.com' is set on object 'Object Repository/02-Side Icons(Organization)/Add Contact/Email Field'

2022-10-07 19:58:43 - [MESSAGE][PASSED] - Text 'testuser02@mailinator.com' is set on object 'Object Repository/02-Side Icons(Organization)/Add Contact/Email Field'

2022-10-07 19:58:43 - [TEST_STEP][PASSED] - setEncryptedText(findTestObject("02-Side Icons(Organization)/Add Contact/Password Field"), "8yFRyszE6U6jvsCn51OQbg=="): Text ****** has been set on object 'Object Repository/02-Side Icons(Organization)/Add Contact/Password Field'

2022-10-07 19:58:44 - [MESSAGE][PASSED] - Text ****** has been set on object 'Object Repository/02-Side Icons(Organization)/Add Contact/Password Field'

2022-10-07 19:58:44 - [TEST_STEP][PASSED] - click(findTestObject("02-Side Icons(Organization)/Add Contact/button_Sign in")): Object: 'Object Repository/02-Side Icons(Organization)/Add Contact/button_Sign in' is clicked on

2022-10-07 19:58:45 - [MESSAGE][PASSED] - Object: 'Object Repository/02-Side Icons(Organization)/Add Contact/button_Sign in' is clicked on

2022-10-07 19:58:45 - [TEST_STEP][PASSED] - delay(2): Delayed 2 second(s)

2022-10-07 19:58:47 - [MESSAGE][PASSED] - Delayed 2 second(s)

2022-10-07 19:58:47 - [TEST_STEP][PASSED] - click(findTestObject("06-Teams/For 2FA/button_Confirm_2FA")): Object: 'Object Repository/06-Teams/For 2FA/button_Confirm_2FA' is clicked on

2022-10-07 19:58:47 - [MESSAGE][PASSED] - Object: 'Object Repository/06-Teams/For 2FA/button_Confirm_2FA' is clicked on

2022-10-07 19:58:47 - [TEST_STEP][PASSED] - executeJavaScript("window.open();", []): Execute JavaScript 'window.open();' successfully

2022-10-07 19:58:47 - [MESSAGE][PASSED] - Execute JavaScript 'window.open();' successfully

2022-10-07 19:58:47 - [TEST_STEP][PASSED] - currentWindow = getWindowIndex(): Current window's index is: 0

2022-10-07 19:58:47 - [MESSAGE][PASSED] - Current window's index is: 0

2022-10-07 19:58:47 - [TEST_STEP][PASSED] - delay(3): Delayed 3 second(s)

2022-10-07 19:58:50 - [MESSAGE][PASSED] - Delayed 3 second(s)

2022-10-07 19:58:50 - [TEST_STEP][PASSED] - switchToWindowIndex(currentWindow + 1): Switched to window with index: '1'

2022-10-07 19:58:50 - [MESSAGE][PASSED] - Switched to window with index: '1'

2022-10-07 19:58:50 - [TEST_STEP][PASSED] - navigateToUrl("https://www.mailinator.com/"): Navigate to 'https://www.mailinator.com/' successfully

2022-10-07 19:58:53 - [MESSAGE][PASSED] - Navigate to 'https://www.mailinator.com/' successfully

2022-10-07 19:58:53 - [TEST_STEP][PASSED] - delay(3): Delayed 3 second(s)

2022-10-07 19:58:56 - [MESSAGE][PASSED] - Delayed 3 second(s)

2022-10-07 19:58:56 - [TEST_STEP][PASSED] - setText(findTestObject("00-Signup and Activation/zMailinator/input_LOGIN_search"), "testuser02@mailinator.com"): Text 'testuser02@mailinator.com' is set on object 'Object Repository/00-Signup and Activation/zMailinator/input_LOGIN_search'

2022-10-07 19:58:57 - [MESSAGE][PASSED] - Text 'testuser02@mailinator.com' is set on object 'Object Repository/00-Signup and Activation/zMailinator/input_LOGIN_search'

2022-10-07 19:58:57 - [TEST_STEP][PASSED] - click(findTestObject("00-Signup and Activation/zMailinator/gobutton"), STOP_ON_FAILURE): Object: 'Object Repository/00-Signup and Activation/zMailinator/gobutton' is clicked on

2022-10-07 19:58:59 - [MESSAGE][PASSED] - Object: 'Object Repository/00-Signup and Activation/zMailinator/gobutton' is clicked on

2022-10-07 19:58:59 - [TEST_STEP][PASSED] - delay(3): Delayed 3 second(s)

2022-10-07 19:59:02 - [MESSAGE][PASSED] - Delayed 3 second(s)

2022-10-07 19:59:02 - [TEST_STEP][PASSED] - click(findTestObject("00-Signup and Activation/zMailinator/Email - everleagues")): Object: 'Object Repository/00-Signup and Activation/zMailinator/Email - everleagues' is clicked on

2022-10-07 19:59:02 - [MESSAGE][PASSED] - Object: 'Object Repository/00-Signup and Activation/zMailinator/Email - everleagues' is clicked on

2022-10-07 19:59:02 - [TEST_STEP][PASSED] - delay(3): Delayed 3 second(s)

2022-10-07 19:59:05 - [MESSAGE][PASSED] - Delayed 3 second(s)

2022-10-07 19:59:05 - [TEST_STEP][PASSED] - code = getText(findTestObject("Object Repository/06-Teams/For 2FA/2FA code")): Text of object 'Object Repository/06-Teams/For 2FA/2FA code' is: '313535'

2022-10-07 19:59:06 - [MESSAGE][PASSED] - Text of object 'Object Repository/06-Teams/For 2FA/2FA code' is: '313535'

2022-10-07 19:59:06 - [TEST_STEP][PASSED] - delay(3): Delayed 3 second(s)

2022-10-07 19:59:09 - [MESSAGE][PASSED] - Delayed 3 second(s)

2022-10-07 19:59:09 - [TEST_STEP][PASSED] - closeWindowTitle("Mailinator"): Window with title: 'Mailinator' is closed

2022-10-07 19:59:09 - [MESSAGE][PASSED] - Window with title: 'Mailinator' is closed

2022-10-07 19:59:09 - [TEST_STEP][PASSED] - delay(3): Delayed 3 second(s)

2022-10-07 19:59:12 - [MESSAGE][PASSED] - Delayed 3 second(s)

2022-10-07 19:59:12 - [TEST_STEP][PASSED] - switchToWindowIndex(0): Switched to window with index: '0'

2022-10-07 19:59:12 - [MESSAGE][PASSED] - Switched to window with index: '0'

2022-10-07 19:59:12 - [TEST_STEP][PASSED] - delay(3): Delayed 3 second(s)

2022-10-07 19:59:15 - [MESSAGE][PASSED] - Delayed 3 second(s)

2022-10-07 19:59:15 - [TEST_STEP][PASSED] - setText(findTestObject("Object Repository/06-Teams/For 2FA/input_Enter verification code_code"), code): Text '313535' is set on object 'Object Repository/06-Teams/For 2FA/input_Enter verification code_code'

2022-10-07 19:59:16 - [MESSAGE][PASSED] - Text '313535' is set on object 'Object Repository/06-Teams/For 2FA/input_Enter verification code_code'

2022-10-07 19:59:16 - [TEST_STEP][PASSED] - delay(3): Delayed 3 second(s)

2022-10-07 19:59:19 - [MESSAGE][PASSED] - Delayed 3 second(s)

2022-10-07 19:59:19 - [TEST_STEP][PASSED] - click(findTestObject("06-Teams/For 2FA/button_Verify_2FA")): Object: 'Object Repository/06-Teams/For 2FA/button_Verify_2FA' is clicked on

2022-10-07 19:59:20 - [MESSAGE][PASSED] - Object: 'Object Repository/06-Teams/For 2FA/button_Verify_2FA' is clicked on

2022-10-07 19:59:20 - [TEST_STEP][PASSED] - delay(5): Delayed 5 second(s)

2022-10-07 19:59:25 - [MESSAGE][PASSED] - Delayed 5 second(s)

2022-10-07 19:59:25 - [TEST_STEP][PASSED] - click(findTestObject("06-Teams/button_doublearrow")): Object: 'Object Repository/06-Teams/button_doublearrow' is clicked on

2022-10-07 19:59:25 - [MESSAGE][PASSED] - Object: 'Object Repository/06-Teams/button_doublearrow' is clicked on

2022-10-07 19:59:25 - [TEST_STEP][PASSED] - click(findTestObject("06-Teams/button_My Organizations")): Object: 'Object Repository/06-Teams/button_My Organizations' is clicked on

2022-10-07 19:59:26 - [MESSAGE][PASSED] - Object: 'Object Repository/06-Teams/button_My Organizations' is clicked on

2022-10-07 19:59:26 - [TEST_STEP][PASSED] - click(findTestObject("06-Teams/button_GG Automation")): Object: 'Object Repository/06-Teams/button_GG Automation' is clicked on

2022-10-07 19:59:26 - [MESSAGE][PASSED] - Object: 'Object Repository/06-Teams/button_GG Automation' is clicked on

2022-10-07 19:59:26 - [TEST_STEP][PASSED] - delay(4): Delayed 4 second(s)

2022-10-07 19:59:30 - [MESSAGE][PASSED] - Delayed 4 second(s)

2022-10-07 19:59:30 - [TEST_STEP][PASSED] - verifyElementVisible(findTestObject("06-Teams/span_GG Automation")): Object 'Object Repository/06-Teams/span_GG Automation' is visible

2022-10-07 19:59:31 - [MESSAGE][PASSED] - Object 'Object Repository/06-Teams/span_GG Automation' is visible

2022-10-07 19:59:31 - [TEST_STEP][PASSED] - delay(10): Delayed 10 second(s)

2022-10-07 19:59:41 - [MESSAGE][PASSED] - Delayed 10 second(s)

2022-10-07 19:59:41 - [TEST_STEP][PASSED] - click(findTestObject("03-Header Menu/Hamburger Button/div_Settings")): Object: 'Object Repository/03-Header Menu/Hamburger Button/div_Settings' is clicked on

2022-10-07 19:59:41 - [MESSAGE][PASSED] - Object: 'Object Repository/03-Header Menu/Hamburger Button/div_Settings' is clicked on

2022-10-07 19:59:41 - [TEST_STEP][PASSED] - verifyElementVisible(findTestObject("09-Settings/Users/div_Organization")): Object 'Object Repository/09-Settings/Users/div_Organization' is visible

2022-10-07 19:59:42 - [MESSAGE][PASSED] - Object 'Object Repository/09-Settings/Users/div_Organization' is visible

2022-10-07 19:59:42 - [TEST_STEP][PASSED] - verifyElementVisible(findTestObject("09-Settings/Users/div_Organization Units")): Object 'Object Repository/09-Settings/Users/div_Organization Units' is visible

2022-10-07 19:59:42 - [MESSAGE][PASSED] - Object 'Object Repository/09-Settings/Users/div_Organization Units' is visible

2022-10-07 19:59:42 - [TEST_STEP][PASSED] - verifyElementVisible(findTestObject("09-Settings/Users/div_Subscriptions")): Object 'Object Repository/09-Settings/Users/div_Subscriptions' is visible

2022-10-07 19:59:43 - [MESSAGE][PASSED] - Object 'Object Repository/09-Settings/Users/div_Subscriptions' is visible

2022-10-07 19:59:43 - [TEST_STEP][PASSED] - verifyElementVisible(findTestObject("09-Settings/Users/div_Users")): Object 'Object Repository/09-Settings/Users/div_Users' is visible

2022-10-07 19:59:43 - [MESSAGE][PASSED] - Object 'Object Repository/09-Settings/Users/div_Users' is visible

2022-10-07 19:59:43 - [TEST_STEP][PASSED] - delay(3): Delayed 3 second(s)

2022-10-07 19:59:46 - [MESSAGE][PASSED] - Delayed 3 second(s)

2022-10-07 19:59:46 - [TEST_STEP][PASSED] - click(findTestObject("09-Settings/Users/div_Users")): Object: 'Object Repository/09-Settings/Users/div_Users' is clicked on

2022-10-07 19:59:47 - [MESSAGE][PASSED] - Object: 'Object Repository/09-Settings/Users/div_Users' is clicked on

2022-10-07 19:59:47 - [TEST_STEP][PASSED] - verifyElementVisible(findTestObject("09-Settings/Users/h4_USERS")): Object 'Object Repository/09-Settings/Users/h4_USERS' is visible

2022-10-07 19:59:47 - [MESSAGE][PASSED] - Object 'Object Repository/09-Settings/Users/h4_USERS' is visible

2022-10-07 19:59:47 - [TEST_STEP][PASSED] - verifyElementVisible(findTestObject("09-Settings/Users/User Page")): Object 'Object Repository/09-Settings/Users/User Page' is visible

2022-10-07 19:59:48 - [MESSAGE][PASSED] - Object 'Object Repository/09-Settings/Users/User Page' is visible

2022-10-07 19:59:48 - [TEST_STEP][PASSED] - delay(3): Delayed 3 second(s)

2022-10-07 19:59:51 - [MESSAGE][PASSED] - Delayed 3 second(s)

2022-10-07 19:59:51 - [TEST_STEP][PASSED] - click(findTestObject("09-Settings/Users/button_add")): Object: 'Object Repository/09-Settings/Users/button_add' is clicked on

2022-10-07 19:59:51 - [MESSAGE][PASSED] - Object: 'Object Repository/09-Settings/Users/button_add' is clicked on

2022-10-07 19:59:51 - [TEST_STEP][PASSED] - verifyElementVisible(findTestObject("09-Settings/Users/User Invitation modal")): Object 'Object Repository/09-Settings/Users/User Invitation modal' is visible

2022-10-07 19:59:52 - [MESSAGE][PASSED] - Object 'Object Repository/09-Settings/Users/User Invitation modal' is visible

2022-10-07 19:59:52 - [TEST_STEP][PASSED] - delay(3): Delayed 3 second(s)

2022-10-07 19:59:55 - [MESSAGE][PASSED] - Delayed 3 second(s)

2022-10-07 19:59:55 - [TEST_STEP][PASSED] - click(findTestObject("09-Settings/Users/add Invite a single user")): Object: 'Object Repository/09-Settings/Users/add Invite a single user' is clicked on

2022-10-07 19:59:55 - [MESSAGE][PASSED] - Object: 'Object Repository/09-Settings/Users/add Invite a single user' is clicked on

2022-10-07 19:59:55 - [TEST_STEP][PASSED] - verifyElementVisible(findTestObject("09-Settings/Users/Invite new user modal")): Object 'Object Repository/09-Settings/Users/Invite new user modal' is visible

2022-10-07 19:59:56 - [MESSAGE][PASSED] - Object 'Object Repository/09-Settings/Users/Invite new user modal' is visible

2022-10-07 19:59:56 - [TEST_STEP][PASSED] - click(findTestObject("09-Settings/Users/input_email")): Object: 'Object Repository/09-Settings/Users/input_email' is clicked on

2022-10-07 19:59:56 - [MESSAGE][PASSED] - Object: 'Object Repository/09-Settings/Users/input_email' is clicked on

2022-10-07 19:59:56 - [TEST_STEP][PASSED] - click(findTestObject("09-Settings/Users/input_firstName")): Object: 'Object Repository/09-Settings/Users/input_firstName' is clicked on

2022-10-07 19:59:57 - [MESSAGE][PASSED] - Object: 'Object Repository/09-Settings/Users/input_firstName' is clicked on

2022-10-07 19:59:57 - [TEST_STEP][PASSED] - click(findTestObject("09-Settings/Users/input_lastName")): Object: 'Object Repository/09-Settings/Users/input_lastName' is clicked on

2022-10-07 19:59:57 - [MESSAGE][PASSED] - Object: 'Object Repository/09-Settings/Users/input_lastName' is clicked on

2022-10-07 19:59:57 - [TEST_STEP][PASSED] - click(findTestObject("09-Settings/Users/span_Role")): Object: 'Object Repository/09-Settings/Users/span_Role' is clicked on

2022-10-07 19:59:58 - [MESSAGE][PASSED] - Object: 'Object Repository/09-Settings/Users/span_Role' is clicked on

2022-10-07 19:59:58 - [TEST_STEP][PASSED] - clickOffset(findTestObject("09-Settings/Users/h4_Invite New User"), 100, 100): Object: 'Object Repository/09-Settings/Users/h4_Invite New User' is clicked on using offset x=100 and y=100

2022-10-07 19:59:58 - [MESSAGE][PASSED] - Object: 'Object Repository/09-Settings/Users/h4_Invite New User' is clicked on using offset x=100 and y=100

2022-10-07 19:59:58 - [TEST_STEP][PASSED] - verifyElementVisible(findTestObject("09-Settings/Users/Email required")): Object 'Object Repository/09-Settings/Users/Email required' is visible

2022-10-07 19:59:59 - [MESSAGE][PASSED] - Object 'Object Repository/09-Settings/Users/Email required' is visible

2022-10-07 19:59:59 - [TEST_STEP][PASSED] - verifyElementVisible(findTestObject("09-Settings/Users/Firstname required")): Object 'Object Repository/09-Settings/Users/Firstname required' is visible

2022-10-07 20:00:00 - [MESSAGE][PASSED] - Object 'Object Repository/09-Settings/Users/Firstname required' is visible

2022-10-07 20:00:00 - [TEST_STEP][PASSED] - verifyElementVisible(findTestObject("09-Settings/Users/last name required")): Object 'Object Repository/09-Settings/Users/last name required' is visible

2022-10-07 20:00:00 - [MESSAGE][PASSED] - Object 'Object Repository/09-Settings/Users/last name required' is visible

2022-10-07 20:00:00 - [TEST_STEP][PASSED] - verifyElementVisible(findTestObject("09-Settings/Users/error_Select a role")): Object 'Object Repository/09-Settings/Users/error_Select a role' is visible

2022-10-07 20:00:00 - [MESSAGE][PASSED] - Object 'Object Repository/09-Settings/Users/error_Select a role' is visible

2022-10-07 20:00:00 - [TEST_STEP][PASSED] - delay(3): Delayed 3 second(s)

2022-10-07 20:00:03 - [MESSAGE][PASSED] - Delayed 3 second(s)

2022-10-07 20:00:03 - [TEST_STEP][PASSED] - closeBrowser(): Browser is closed

2022-10-07 20:00:04 - [MESSAGE][PASSED] - Browser is closed]]></system-out>
         <system-err><![CDATA[]]></system-err>
      </testcase>
      <testcase name="Test Cases/09-Settings/02 - Users (Invite new user as co worker)" time="448.022" classname="Test Cases/09-Settings/02 - Users (Invite new user as co worker)" status="PASSED">
         <system-out><![CDATA[2022-10-07 20:00:04 - [TEST_CASE][PASSED] - Test Cases/09-Settings/02 - Users (Invite new user as co worker): Test Cases/09-Settings/02 - Users (Invite new user as co worker)

2022-10-07 20:00:04 - [TEST_STEP][PASSED] - openBrowser(""): Browser is opened with url: ''

2022-10-07 20:00:04 - [MESSAGE][INFO] - Starting 'Chrome' driver

2022-10-07 20:00:04 - [MESSAGE][INFO] - Action delay is set to 0 milliseconds

2022-10-07 20:00:05 - [MESSAGE][PASSED] - Browser is opened with url: ''

2022-10-07 20:00:05 - [TEST_STEP][PASSED] - navigateToUrl("https://lab.everleagues.com/"): Navigate to 'https://lab.everleagues.com/' successfully

2022-10-07 20:00:37 - [MESSAGE][PASSED] - Navigate to 'https://lab.everleagues.com/' successfully

2022-10-07 20:00:37 - [TEST_STEP][PASSED] - maximizeWindow(): Current window maximized

2022-10-07 20:00:37 - [MESSAGE][PASSED] - Current window maximized

2022-10-07 20:00:37 - [TEST_STEP][PASSED] - setText(findTestObject("02-Side Icons(Organization)/Add Contact/Email Field"), "testuser02@mailinator.com"): Text 'testuser02@mailinator.com' is set on object 'Object Repository/02-Side Icons(Organization)/Add Contact/Email Field'

2022-10-07 20:00:38 - [MESSAGE][PASSED] - Text 'testuser02@mailinator.com' is set on object 'Object Repository/02-Side Icons(Organization)/Add Contact/Email Field'

2022-10-07 20:00:38 - [TEST_STEP][PASSED] - setEncryptedText(findTestObject("02-Side Icons(Organization)/Add Contact/Password Field"), "8yFRyszE6U6jvsCn51OQbg=="): Text ****** has been set on object 'Object Repository/02-Side Icons(Organization)/Add Contact/Password Field'

2022-10-07 20:00:39 - [MESSAGE][PASSED] - Text ****** has been set on object 'Object Repository/02-Side Icons(Organization)/Add Contact/Password Field'

2022-10-07 20:00:39 - [TEST_STEP][PASSED] - click(findTestObject("02-Side Icons(Organization)/Add Contact/button_Sign in")): Object: 'Object Repository/02-Side Icons(Organization)/Add Contact/button_Sign in' is clicked on

2022-10-07 20:00:40 - [MESSAGE][PASSED] - Object: 'Object Repository/02-Side Icons(Organization)/Add Contact/button_Sign in' is clicked on

2022-10-07 20:00:40 - [TEST_STEP][PASSED] - delay(2): Delayed 2 second(s)

2022-10-07 20:00:42 - [MESSAGE][PASSED] - Delayed 2 second(s)

2022-10-07 20:00:42 - [TEST_STEP][PASSED] - click(findTestObject("06-Teams/For 2FA/button_Confirm_2FA")): Object: 'Object Repository/06-Teams/For 2FA/button_Confirm_2FA' is clicked on

2022-10-07 20:00:42 - [MESSAGE][PASSED] - Object: 'Object Repository/06-Teams/For 2FA/button_Confirm_2FA' is clicked on

2022-10-07 20:00:42 - [TEST_STEP][PASSED] - executeJavaScript("window.open();", []): Execute JavaScript 'window.open();' successfully

2022-10-07 20:00:42 - [MESSAGE][PASSED] - Execute JavaScript 'window.open();' successfully

2022-10-07 20:00:42 - [TEST_STEP][PASSED] - currentWindow = getWindowIndex(): Current window's index is: 0

2022-10-07 20:00:42 - [MESSAGE][PASSED] - Current window's index is: 0

2022-10-07 20:00:42 - [TEST_STEP][PASSED] - delay(3): Delayed 3 second(s)

2022-10-07 20:00:45 - [MESSAGE][PASSED] - Delayed 3 second(s)

2022-10-07 20:00:45 - [TEST_STEP][PASSED] - switchToWindowIndex(currentWindow + 1): Switched to window with index: '1'

2022-10-07 20:00:45 - [MESSAGE][PASSED] - Switched to window with index: '1'

2022-10-07 20:00:45 - [TEST_STEP][PASSED] - navigateToUrl("https://www.mailinator.com/"): Navigate to 'https://www.mailinator.com/' successfully

2022-10-07 20:00:49 - [MESSAGE][PASSED] - Navigate to 'https://www.mailinator.com/' successfully

2022-10-07 20:00:49 - [TEST_STEP][PASSED] - delay(3): Delayed 3 second(s)

2022-10-07 20:00:52 - [MESSAGE][PASSED] - Delayed 3 second(s)

2022-10-07 20:00:52 - [TEST_STEP][PASSED] - setText(findTestObject("00-Signup and Activation/zMailinator/input_LOGIN_search"), "testuser02@mailinator.com"): Text 'testuser02@mailinator.com' is set on object 'Object Repository/00-Signup and Activation/zMailinator/input_LOGIN_search'

2022-10-07 20:00:53 - [MESSAGE][PASSED] - Text 'testuser02@mailinator.com' is set on object 'Object Repository/00-Signup and Activation/zMailinator/input_LOGIN_search'

2022-10-07 20:00:53 - [TEST_STEP][PASSED] - click(findTestObject("00-Signup and Activation/zMailinator/gobutton"), STOP_ON_FAILURE): Object: 'Object Repository/00-Signup and Activation/zMailinator/gobutton' is clicked on

2022-10-07 20:00:54 - [MESSAGE][PASSED] - Object: 'Object Repository/00-Signup and Activation/zMailinator/gobutton' is clicked on

2022-10-07 20:00:54 - [TEST_STEP][PASSED] - delay(3): Delayed 3 second(s)

2022-10-07 20:00:57 - [MESSAGE][PASSED] - Delayed 3 second(s)

2022-10-07 20:00:57 - [TEST_STEP][PASSED] - click(findTestObject("00-Signup and Activation/zMailinator/Email - everleagues")): Object: 'Object Repository/00-Signup and Activation/zMailinator/Email - everleagues' is clicked on

2022-10-07 20:00:58 - [MESSAGE][PASSED] - Object: 'Object Repository/00-Signup and Activation/zMailinator/Email - everleagues' is clicked on

2022-10-07 20:00:58 - [TEST_STEP][PASSED] - delay(3): Delayed 3 second(s)

2022-10-07 20:01:01 - [MESSAGE][PASSED] - Delayed 3 second(s)

2022-10-07 20:01:01 - [TEST_STEP][PASSED] - code = getText(findTestObject("Object Repository/06-Teams/For 2FA/2FA code")): Text of object 'Object Repository/06-Teams/For 2FA/2FA code' is: '217152'

2022-10-07 20:01:01 - [MESSAGE][PASSED] - Text of object 'Object Repository/06-Teams/For 2FA/2FA code' is: '217152'

2022-10-07 20:01:01 - [TEST_STEP][PASSED] - delay(3): Delayed 3 second(s)

2022-10-07 20:01:04 - [MESSAGE][PASSED] - Delayed 3 second(s)

2022-10-07 20:01:04 - [TEST_STEP][PASSED] - closeWindowTitle("Mailinator"): Window with title: 'Mailinator' is closed

2022-10-07 20:01:04 - [MESSAGE][PASSED] - Window with title: 'Mailinator' is closed

2022-10-07 20:01:04 - [TEST_STEP][PASSED] - delay(3): Delayed 3 second(s)

2022-10-07 20:01:07 - [MESSAGE][PASSED] - Delayed 3 second(s)

2022-10-07 20:01:07 - [TEST_STEP][PASSED] - switchToWindowIndex(0): Switched to window with index: '0'

2022-10-07 20:01:07 - [MESSAGE][PASSED] - Switched to window with index: '0'

2022-10-07 20:01:07 - [TEST_STEP][PASSED] - delay(3): Delayed 3 second(s)

2022-10-07 20:01:10 - [MESSAGE][PASSED] - Delayed 3 second(s)

2022-10-07 20:01:10 - [TEST_STEP][PASSED] - setText(findTestObject("Object Repository/06-Teams/For 2FA/input_Enter verification code_code"), code): Text '217152' is set on object 'Object Repository/06-Teams/For 2FA/input_Enter verification code_code'

2022-10-07 20:01:11 - [MESSAGE][PASSED] - Text '217152' is set on object 'Object Repository/06-Teams/For 2FA/input_Enter verification code_code'

2022-10-07 20:01:11 - [TEST_STEP][PASSED] - delay(3): Delayed 3 second(s)

2022-10-07 20:01:14 - [MESSAGE][PASSED] - Delayed 3 second(s)

2022-10-07 20:01:14 - [TEST_STEP][PASSED] - click(findTestObject("06-Teams/For 2FA/button_Verify_2FA")): Object: 'Object Repository/06-Teams/For 2FA/button_Verify_2FA' is clicked on

2022-10-07 20:01:15 - [MESSAGE][PASSED] - Object: 'Object Repository/06-Teams/For 2FA/button_Verify_2FA' is clicked on

2022-10-07 20:01:15 - [TEST_STEP][PASSED] - delay(5): Delayed 5 second(s)

2022-10-07 20:01:20 - [MESSAGE][PASSED] - Delayed 5 second(s)

2022-10-07 20:01:20 - [TEST_STEP][PASSED] - click(findTestObject("06-Teams/button_doublearrow")): Object: 'Object Repository/06-Teams/button_doublearrow' is clicked on

2022-10-07 20:01:21 - [MESSAGE][PASSED] - Object: 'Object Repository/06-Teams/button_doublearrow' is clicked on

2022-10-07 20:01:21 - [TEST_STEP][PASSED] - click(findTestObject("06-Teams/button_My Organizations")): Object: 'Object Repository/06-Teams/button_My Organizations' is clicked on

2022-10-07 20:01:22 - [MESSAGE][PASSED] - Object: 'Object Repository/06-Teams/button_My Organizations' is clicked on

2022-10-07 20:01:22 - [TEST_STEP][PASSED] - click(findTestObject("06-Teams/button_GG Automation")): Object: 'Object Repository/06-Teams/button_GG Automation' is clicked on

2022-10-07 20:01:23 - [MESSAGE][PASSED] - Object: 'Object Repository/06-Teams/button_GG Automation' is clicked on

2022-10-07 20:01:23 - [TEST_STEP][PASSED] - delay(4): Delayed 4 second(s)

2022-10-07 20:01:27 - [MESSAGE][PASSED] - Delayed 4 second(s)

2022-10-07 20:01:27 - [TEST_STEP][PASSED] - verifyElementVisible(findTestObject("06-Teams/span_GG Automation")): Object 'Object Repository/06-Teams/span_GG Automation' is visible

2022-10-07 20:01:27 - [MESSAGE][PASSED] - Object 'Object Repository/06-Teams/span_GG Automation' is visible

2022-10-07 20:01:27 - [TEST_STEP][PASSED] - delay(10): Delayed 10 second(s)

2022-10-07 20:01:37 - [MESSAGE][PASSED] - Delayed 10 second(s)

2022-10-07 20:01:37 - [TEST_STEP][PASSED] - click(findTestObject("03-Header Menu/Hamburger Button/div_Settings")): Object: 'Object Repository/03-Header Menu/Hamburger Button/div_Settings' is clicked on

2022-10-07 20:01:37 - [MESSAGE][PASSED] - Object: 'Object Repository/03-Header Menu/Hamburger Button/div_Settings' is clicked on

2022-10-07 20:01:37 - [TEST_STEP][PASSED] - delay(3): Delayed 3 second(s)

2022-10-07 20:01:40 - [MESSAGE][PASSED] - Delayed 3 second(s)

2022-10-07 20:01:40 - [TEST_STEP][PASSED] - click(findTestObject("09-Settings/Users/div_Users")): Object: 'Object Repository/09-Settings/Users/div_Users' is clicked on

2022-10-07 20:01:41 - [MESSAGE][PASSED] - Object: 'Object Repository/09-Settings/Users/div_Users' is clicked on

2022-10-07 20:01:41 - [TEST_STEP][PASSED] - delay(3): Delayed 3 second(s)

2022-10-07 20:01:44 - [MESSAGE][PASSED] - Delayed 3 second(s)

2022-10-07 20:01:44 - [TEST_STEP][PASSED] - click(findTestObject("09-Settings/Users/button_add")): Object: 'Object Repository/09-Settings/Users/button_add' is clicked on

2022-10-07 20:01:44 - [MESSAGE][PASSED] - Object: 'Object Repository/09-Settings/Users/button_add' is clicked on

2022-10-07 20:01:44 - [TEST_STEP][PASSED] - delay(3): Delayed 3 second(s)

2022-10-07 20:01:47 - [MESSAGE][PASSED] - Delayed 3 second(s)

2022-10-07 20:01:47 - [TEST_STEP][PASSED] - click(findTestObject("09-Settings/Users/add Invite a single user")): Object: 'Object Repository/09-Settings/Users/add Invite a single user' is clicked on

2022-10-07 20:01:48 - [MESSAGE][PASSED] - Object: 'Object Repository/09-Settings/Users/add Invite a single user' is clicked on

2022-10-07 20:01:48 - [TEST_STEP][PASSED] - delay(3): Delayed 3 second(s)

2022-10-07 20:01:51 - [MESSAGE][PASSED] - Delayed 3 second(s)

2022-10-07 20:01:51 - [TEST_STEP][PASSED] - setText(findTestObject("09-Settings/Users/input_email"), "autotester04@mailinator.com"): Text 'autotester04@mailinator.com' is set on object 'Object Repository/09-Settings/Users/input_email'

2022-10-07 20:01:52 - [MESSAGE][PASSED] - Text 'autotester04@mailinator.com' is set on object 'Object Repository/09-Settings/Users/input_email'

2022-10-07 20:01:52 - [TEST_STEP][PASSED] - setText(findTestObject("09-Settings/Users/input_firstName"), "GG"): Text 'GG' is set on object 'Object Repository/09-Settings/Users/input_firstName'

2022-10-07 20:01:53 - [MESSAGE][PASSED] - Text 'GG' is set on object 'Object Repository/09-Settings/Users/input_firstName'

2022-10-07 20:01:53 - [TEST_STEP][PASSED] - setText(findTestObject("09-Settings/Users/input_lastName"), "Auto Contact 2"): Text 'Auto Contact 2' is set on object 'Object Repository/09-Settings/Users/input_lastName'

2022-10-07 20:01:54 - [MESSAGE][PASSED] - Text 'Auto Contact 2' is set on object 'Object Repository/09-Settings/Users/input_lastName'

2022-10-07 20:01:54 - [TEST_STEP][PASSED] - click(findTestObject("09-Settings/Users/span_Role")): Object: 'Object Repository/09-Settings/Users/span_Role' is clicked on

2022-10-07 20:01:54 - [MESSAGE][PASSED] - Object: 'Object Repository/09-Settings/Users/span_Role' is clicked on

2022-10-07 20:01:54 - [TEST_STEP][PASSED] - click(findTestObject("09-Settings/Users/span_CoWorker")): Object: 'Object Repository/09-Settings/Users/span_CoWorker' is clicked on

2022-10-07 20:01:55 - [MESSAGE][PASSED] - Object: 'Object Repository/09-Settings/Users/span_CoWorker' is clicked on

2022-10-07 20:01:55 - [TEST_STEP][PASSED] - click(findTestObject("09-Settings/Users/button_Send Invitation")): Object: 'Object Repository/09-Settings/Users/button_Send Invitation' is clicked on

2022-10-07 20:01:56 - [MESSAGE][PASSED] - Object: 'Object Repository/09-Settings/Users/button_Send Invitation' is clicked on

2022-10-07 20:01:56 - [TEST_STEP][PASSED] - delay(2): Delayed 2 second(s)

2022-10-07 20:01:58 - [MESSAGE][PASSED] - Delayed 2 second(s)

2022-10-07 20:01:58 - [TEST_STEP][PASSED] - verifyElementVisible(findTestObject("07-Directory/Connections/zContact Profile/Successfully invited user")): Object 'Object Repository/07-Directory/Connections/zContact Profile/Successfully invited user' is visible

2022-10-07 20:01:59 - [MESSAGE][PASSED] - Object 'Object Repository/07-Directory/Connections/zContact Profile/Successfully invited user' is visible

2022-10-07 20:01:59 - [TEST_STEP][PASSED] - delay(2): Delayed 2 second(s)

2022-10-07 20:02:01 - [MESSAGE][PASSED] - Delayed 2 second(s)

2022-10-07 20:02:01 - [TEST_STEP][PASSED] - executeJavaScript("window.open();", []): Execute JavaScript 'window.open();' successfully

2022-10-07 20:02:01 - [MESSAGE][PASSED] - Execute JavaScript 'window.open();' successfully

2022-10-07 20:02:01 - [TEST_STEP][PASSED] - currentWindow = getWindowIndex(): Current window's index is: 0

2022-10-07 20:02:01 - [MESSAGE][PASSED] - Current window's index is: 0

2022-10-07 20:02:01 - [TEST_STEP][PASSED] - delay(3): Delayed 3 second(s)

2022-10-07 20:02:04 - [MESSAGE][PASSED] - Delayed 3 second(s)

2022-10-07 20:02:04 - [TEST_STEP][PASSED] - switchToWindowIndex(currentWindow + 1): Switched to window with index: '1'

2022-10-07 20:02:04 - [MESSAGE][PASSED] - Switched to window with index: '1'

2022-10-07 20:02:04 - [TEST_STEP][PASSED] - navigateToUrl("https://www.mailinator.com/"): Navigate to 'https://www.mailinator.com/' successfully

2022-10-07 20:02:05 - [MESSAGE][PASSED] - Navigate to 'https://www.mailinator.com/' successfully

2022-10-07 20:02:05 - [TEST_STEP][PASSED] - delay(3): Delayed 3 second(s)

2022-10-07 20:02:08 - [MESSAGE][PASSED] - Delayed 3 second(s)

2022-10-07 20:02:08 - [TEST_STEP][PASSED] - setText(findTestObject("00-Signup and Activation/zMailinator/input_LOGIN_search"), "autotester04@mailinator.com"): Text 'autotester04@mailinator.com' is set on object 'Object Repository/00-Signup and Activation/zMailinator/input_LOGIN_search'

2022-10-07 20:02:09 - [MESSAGE][PASSED] - Text 'autotester04@mailinator.com' is set on object 'Object Repository/00-Signup and Activation/zMailinator/input_LOGIN_search'

2022-10-07 20:02:09 - [TEST_STEP][PASSED] - click(findTestObject("00-Signup and Activation/zMailinator/gobutton"), STOP_ON_FAILURE): Object: 'Object Repository/00-Signup and Activation/zMailinator/gobutton' is clicked on

2022-10-07 20:02:09 - [MESSAGE][PASSED] - Object: 'Object Repository/00-Signup and Activation/zMailinator/gobutton' is clicked on

2022-10-07 20:02:09 - [TEST_STEP][PASSED] - delay(3): Delayed 3 second(s)

2022-10-07 20:02:12 - [MESSAGE][PASSED] - Delayed 3 second(s)

2022-10-07 20:02:12 - [TEST_STEP][PASSED] - closeWindowTitle("Everleagues"): Window with title: 'Everleagues' is closed

2022-10-07 20:02:13 - [MESSAGE][PASSED] - Window with title: 'Everleagues' is closed

2022-10-07 20:02:13 - [TEST_STEP][PASSED] - switchToWindowIndex(0): Switched to window with index: '0'

2022-10-07 20:02:13 - [MESSAGE][PASSED] - Switched to window with index: '0'

2022-10-07 20:02:13 - [TEST_STEP][PASSED] - click(findTestObject("09-Settings/Users/Co worker/td_Invitation from GG Automation")): Object: 'Object Repository/09-Settings/Users/Co worker/td_Invitation from GG Automation' is clicked on

2022-10-07 20:02:13 - [MESSAGE][PASSED] - Object: 'Object Repository/09-Settings/Users/Co worker/td_Invitation from GG Automation' is clicked on

2022-10-07 20:02:13 - [TEST_STEP][PASSED] - click(findTestObject("09-Settings/Users/Co worker/a_Click here to join GG Automation on EverLeagues")): Object: 'Object Repository/09-Settings/Users/Co worker/a_Click here to join GG Automation on EverLeagues' is clicked on

2022-10-07 20:02:14 - [MESSAGE][PASSED] - Object: 'Object Repository/09-Settings/Users/Co worker/a_Click here to join GG Automation on EverLeagues' is clicked on

2022-10-07 20:02:14 - [TEST_STEP][PASSED] - closeWindowTitle("Mailinator"): Window with title: 'Mailinator' is closed

2022-10-07 20:02:14 - [MESSAGE][PASSED] - Window with title: 'Mailinator' is closed

2022-10-07 20:02:14 - [TEST_STEP][PASSED] - switchToWindowIndex(0): Switched to window with index: '0'

2022-10-07 20:02:14 - [MESSAGE][PASSED] - Switched to window with index: '0'

2022-10-07 20:02:14 - [TEST_STEP][PASSED] - verifyElementVisible(findTestObject("09-Settings/Users/Co worker/Logout before proceed modal")): Object 'Object Repository/09-Settings/Users/Co worker/Logout before proceed modal' is visible

2022-10-07 20:02:20 - [MESSAGE][PASSED] - Object 'Object Repository/09-Settings/Users/Co worker/Logout before proceed modal' is visible

2022-10-07 20:02:20 - [TEST_STEP][PASSED] - click(findTestObject("09-Settings/Users/Co worker/button_Yes")): Object: 'Object Repository/09-Settings/Users/Co worker/button_Yes' is clicked on

2022-10-07 20:02:21 - [MESSAGE][PASSED] - Object: 'Object Repository/09-Settings/Users/Co worker/button_Yes' is clicked on

2022-10-07 20:02:21 - [TEST_STEP][PASSED] - delay(3): Delayed 3 second(s)

2022-10-07 20:02:24 - [MESSAGE][PASSED] - Delayed 3 second(s)

2022-10-07 20:02:24 - [TEST_STEP][PASSED] - setText(findTestObject("09-Settings/Users/Co worker/input_Email_email"), "autotester04@mailinator.com"): Text 'autotester04@mailinator.com' is set on object 'Object Repository/09-Settings/Users/Co worker/input_Email_email'

2022-10-07 20:03:24 - [MESSAGE][PASSED] - Text 'autotester04@mailinator.com' is set on object 'Object Repository/09-Settings/Users/Co worker/input_Email_email'

2022-10-07 20:03:24 - [TEST_STEP][PASSED] - setEncryptedText(findTestObject("09-Settings/Users/Co worker/input__password"), "8yFRyszE6U6jvsCn51OQbg=="): Text ****** has been set on object 'Object Repository/09-Settings/Users/Co worker/input__password'

2022-10-07 20:03:54 - [MESSAGE][PASSED] - Text ****** has been set on object 'Object Repository/09-Settings/Users/Co worker/input__password'

2022-10-07 20:03:54 - [TEST_STEP][PASSED] - click(findTestObject("02-Side Icons(Organization)/Add Contact/button_Sign in")): Object: 'Object Repository/02-Side Icons(Organization)/Add Contact/button_Sign in' is clicked on

2022-10-07 20:04:24 - [MESSAGE][PASSED] - Object: 'Object Repository/02-Side Icons(Organization)/Add Contact/button_Sign in' is clicked on

2022-10-07 20:04:24 - [TEST_STEP][PASSED] - delay(2): Delayed 2 second(s)

2022-10-07 20:04:26 - [MESSAGE][PASSED] - Delayed 2 second(s)

2022-10-07 20:04:26 - [TEST_STEP][PASSED] - click(findTestObject("06-Teams/For 2FA/button_Confirm_2FA")): Object: 'Object Repository/06-Teams/For 2FA/button_Confirm_2FA' is clicked on

2022-10-07 20:04:57 - [MESSAGE][PASSED] - Object: 'Object Repository/06-Teams/For 2FA/button_Confirm_2FA' is clicked on

2022-10-07 20:04:57 - [TEST_STEP][PASSED] - executeJavaScript("window.open();", []): Execute JavaScript 'window.open();' successfully

2022-10-07 20:04:57 - [MESSAGE][PASSED] - Execute JavaScript 'window.open();' successfully

2022-10-07 20:04:57 - [TEST_STEP][PASSED] - currentWindow = getWindowIndex(): Current window's index is: 0

2022-10-07 20:04:57 - [MESSAGE][PASSED] - Current window's index is: 0

2022-10-07 20:04:57 - [TEST_STEP][PASSED] - delay(3): Delayed 3 second(s)

2022-10-07 20:05:00 - [MESSAGE][PASSED] - Delayed 3 second(s)

2022-10-07 20:05:00 - [TEST_STEP][PASSED] - switchToWindowIndex(currentWindow + 1): Switched to window with index: '1'

2022-10-07 20:05:00 - [MESSAGE][PASSED] - Switched to window with index: '1'

2022-10-07 20:05:00 - [TEST_STEP][PASSED] - navigateToUrl("https://www.mailinator.com/"): Navigate to 'https://www.mailinator.com/' successfully

2022-10-07 20:05:01 - [MESSAGE][PASSED] - Navigate to 'https://www.mailinator.com/' successfully

2022-10-07 20:05:01 - [TEST_STEP][PASSED] - delay(3): Delayed 3 second(s)

2022-10-07 20:05:04 - [MESSAGE][PASSED] - Delayed 3 second(s)

2022-10-07 20:05:04 - [TEST_STEP][PASSED] - setText(findTestObject("00-Signup and Activation/zMailinator/input_LOGIN_search"), "autotester04@mailinator.com"): Text 'autotester04@mailinator.com' is set on object 'Object Repository/00-Signup and Activation/zMailinator/input_LOGIN_search'

2022-10-07 20:05:05 - [MESSAGE][PASSED] - Text 'autotester04@mailinator.com' is set on object 'Object Repository/00-Signup and Activation/zMailinator/input_LOGIN_search'

2022-10-07 20:05:05 - [TEST_STEP][PASSED] - click(findTestObject("00-Signup and Activation/zMailinator/gobutton"), STOP_ON_FAILURE): Object: 'Object Repository/00-Signup and Activation/zMailinator/gobutton' is clicked on

2022-10-07 20:05:06 - [MESSAGE][PASSED] - Object: 'Object Repository/00-Signup and Activation/zMailinator/gobutton' is clicked on

2022-10-07 20:05:06 - [TEST_STEP][PASSED] - delay(3): Delayed 3 second(s)

2022-10-07 20:05:09 - [MESSAGE][PASSED] - Delayed 3 second(s)

2022-10-07 20:05:09 - [TEST_STEP][PASSED] - click(findTestObject("00-Signup and Activation/zMailinator/Email - everleagues")): Object: 'Object Repository/00-Signup and Activation/zMailinator/Email - everleagues' is clicked on

2022-10-07 20:05:09 - [MESSAGE][PASSED] - Object: 'Object Repository/00-Signup and Activation/zMailinator/Email - everleagues' is clicked on

2022-10-07 20:05:09 - [TEST_STEP][PASSED] - delay(3): Delayed 3 second(s)

2022-10-07 20:05:12 - [MESSAGE][PASSED] - Delayed 3 second(s)

2022-10-07 20:05:12 - [TEST_STEP][PASSED] - codetwo = getText(findTestObject("Object Repository/06-Teams/For 2FA/2FA code")): Text of object 'Object Repository/06-Teams/For 2FA/2FA code' is: '658164'

2022-10-07 20:05:13 - [MESSAGE][PASSED] - Text of object 'Object Repository/06-Teams/For 2FA/2FA code' is: '658164'

2022-10-07 20:05:13 - [TEST_STEP][PASSED] - delay(3): Delayed 3 second(s)

2022-10-07 20:05:16 - [MESSAGE][PASSED] - Delayed 3 second(s)

2022-10-07 20:05:16 - [TEST_STEP][PASSED] - closeWindowTitle("Mailinator"): Window with title: 'Mailinator' is closed

2022-10-07 20:05:16 - [MESSAGE][PASSED] - Window with title: 'Mailinator' is closed

2022-10-07 20:05:16 - [TEST_STEP][PASSED] - delay(3): Delayed 3 second(s)

2022-10-07 20:05:19 - [MESSAGE][PASSED] - Delayed 3 second(s)

2022-10-07 20:05:19 - [TEST_STEP][PASSED] - switchToWindowIndex(0): Switched to window with index: '0'

2022-10-07 20:05:19 - [MESSAGE][PASSED] - Switched to window with index: '0'

2022-10-07 20:05:19 - [TEST_STEP][PASSED] - delay(3): Delayed 3 second(s)

2022-10-07 20:05:22 - [MESSAGE][PASSED] - Delayed 3 second(s)

2022-10-07 20:05:22 - [TEST_STEP][PASSED] - setText(findTestObject("Object Repository/06-Teams/For 2FA/input_Enter verification code_code"), codetwo): Text '658164' is set on object 'Object Repository/06-Teams/For 2FA/input_Enter verification code_code'

2022-10-07 20:06:22 - [MESSAGE][PASSED] - Text '658164' is set on object 'Object Repository/06-Teams/For 2FA/input_Enter verification code_code'

2022-10-07 20:06:22 - [TEST_STEP][PASSED] - delay(3): Delayed 3 second(s)

2022-10-07 20:06:25 - [MESSAGE][PASSED] - Delayed 3 second(s)

2022-10-07 20:06:25 - [TEST_STEP][PASSED] - click(findTestObject("06-Teams/For 2FA/button_Verify_2FA")): Object: 'Object Repository/06-Teams/For 2FA/button_Verify_2FA' is clicked on

2022-10-07 20:06:55 - [MESSAGE][PASSED] - Object: 'Object Repository/06-Teams/For 2FA/button_Verify_2FA' is clicked on

2022-10-07 20:06:55 - [TEST_STEP][PASSED] - delay(5): Delayed 5 second(s)

2022-10-07 20:07:00 - [MESSAGE][PASSED] - Delayed 5 second(s)

2022-10-07 20:07:00 - [TEST_STEP][PASSED] - executeJavaScript("window.open();", []): Execute JavaScript 'window.open();' successfully

2022-10-07 20:07:01 - [MESSAGE][PASSED] - Execute JavaScript 'window.open();' successfully

2022-10-07 20:07:01 - [TEST_STEP][PASSED] - currentWindow = getWindowIndex(): Current window's index is: 0

2022-10-07 20:07:01 - [MESSAGE][PASSED] - Current window's index is: 0

2022-10-07 20:07:01 - [TEST_STEP][PASSED] - delay(3): Delayed 3 second(s)

2022-10-07 20:07:04 - [MESSAGE][PASSED] - Delayed 3 second(s)

2022-10-07 20:07:04 - [TEST_STEP][PASSED] - switchToWindowIndex(currentWindow + 1): Switched to window with index: '1'

2022-10-07 20:07:04 - [MESSAGE][PASSED] - Switched to window with index: '1'

2022-10-07 20:07:04 - [TEST_STEP][PASSED] - navigateToUrl("https://www.mailinator.com/"): Navigate to 'https://www.mailinator.com/' successfully

2022-10-07 20:07:05 - [MESSAGE][PASSED] - Navigate to 'https://www.mailinator.com/' successfully

2022-10-07 20:07:05 - [TEST_STEP][PASSED] - delay(3): Delayed 3 second(s)

2022-10-07 20:07:08 - [MESSAGE][PASSED] - Delayed 3 second(s)

2022-10-07 20:07:08 - [TEST_STEP][PASSED] - setText(findTestObject("00-Signup and Activation/zMailinator/input_LOGIN_search"), "autotester04@mailinator.com"): Text 'autotester04@mailinator.com' is set on object 'Object Repository/00-Signup and Activation/zMailinator/input_LOGIN_search'

2022-10-07 20:07:09 - [MESSAGE][PASSED] - Text 'autotester04@mailinator.com' is set on object 'Object Repository/00-Signup and Activation/zMailinator/input_LOGIN_search'

2022-10-07 20:07:09 - [TEST_STEP][PASSED] - click(findTestObject("00-Signup and Activation/zMailinator/gobutton"), STOP_ON_FAILURE): Object: 'Object Repository/00-Signup and Activation/zMailinator/gobutton' is clicked on

2022-10-07 20:07:10 - [MESSAGE][PASSED] - Object: 'Object Repository/00-Signup and Activation/zMailinator/gobutton' is clicked on

2022-10-07 20:07:10 - [TEST_STEP][PASSED] - delay(3): Delayed 3 second(s)

2022-10-07 20:07:13 - [MESSAGE][PASSED] - Delayed 3 second(s)

2022-10-07 20:07:13 - [TEST_STEP][PASSED] - closeWindowTitle("Everleagues"): Window with title: 'Everleagues' is closed

2022-10-07 20:07:13 - [MESSAGE][PASSED] - Window with title: 'Everleagues' is closed

2022-10-07 20:07:13 - [TEST_STEP][PASSED] - switchToWindowIndex(0): Switched to window with index: '0'

2022-10-07 20:07:13 - [MESSAGE][PASSED] - Switched to window with index: '0'

2022-10-07 20:07:13 - [TEST_STEP][PASSED] - click(findTestObject("09-Settings/Users/Co worker/td_Invitation from GG Automation")): Object: 'Object Repository/09-Settings/Users/Co worker/td_Invitation from GG Automation' is clicked on

2022-10-07 20:07:14 - [MESSAGE][PASSED] - Object: 'Object Repository/09-Settings/Users/Co worker/td_Invitation from GG Automation' is clicked on

2022-10-07 20:07:14 - [TEST_STEP][PASSED] - click(findTestObject("09-Settings/Users/Co worker/a_Click here to join GG Automation on EverLeagues")): Object: 'Object Repository/09-Settings/Users/Co worker/a_Click here to join GG Automation on EverLeagues' is clicked on

2022-10-07 20:07:15 - [MESSAGE][PASSED] - Object: 'Object Repository/09-Settings/Users/Co worker/a_Click here to join GG Automation on EverLeagues' is clicked on

2022-10-07 20:07:15 - [TEST_STEP][PASSED] - delay(3): Delayed 3 second(s)

2022-10-07 20:07:18 - [MESSAGE][PASSED] - Delayed 3 second(s)

2022-10-07 20:07:18 - [TEST_STEP][PASSED] - closeWindowTitle("Mailinator"): Window with title: 'Mailinator' is closed

2022-10-07 20:07:18 - [MESSAGE][PASSED] - Window with title: 'Mailinator' is closed

2022-10-07 20:07:18 - [TEST_STEP][PASSED] - switchToWindowIndex(0): Switched to window with index: '0'

2022-10-07 20:07:18 - [MESSAGE][PASSED] - Switched to window with index: '0'

2022-10-07 20:07:18 - [TEST_STEP][PASSED] - verifyElementVisible(findTestObject("09-Settings/Users/Co worker/Invite modal")): Object 'Object Repository/09-Settings/Users/Co worker/Invite modal' is visible

2022-10-07 20:07:21 - [MESSAGE][PASSED] - Object 'Object Repository/09-Settings/Users/Co worker/Invite modal' is visible

2022-10-07 20:07:21 - [TEST_STEP][PASSED] - click(findTestObject("09-Settings/Users/Co worker/button_Accept")): Object: 'Object Repository/09-Settings/Users/Co worker/button_Accept' is clicked on

2022-10-07 20:07:21 - [MESSAGE][PASSED] - Object: 'Object Repository/09-Settings/Users/Co worker/button_Accept' is clicked on

2022-10-07 20:07:21 - [TEST_STEP][PASSED] - delay(10): Delayed 10 second(s)

2022-10-07 20:07:31 - [MESSAGE][PASSED] - Delayed 10 second(s)

2022-10-07 20:07:31 - [TEST_STEP][PASSED] - verifyElementVisible(findTestObject("09-Settings/Users/Co worker/div_Joined as CoWorker")): Object 'Object Repository/09-Settings/Users/Co worker/div_Joined as CoWorker' is visible

2022-10-07 20:07:31 - [MESSAGE][PASSED] - Object 'Object Repository/09-Settings/Users/Co worker/div_Joined as CoWorker' is visible

2022-10-07 20:07:31 - [TEST_STEP][PASSED] - closeBrowser(): Browser is closed

2022-10-07 20:07:32 - [MESSAGE][PASSED] - Browser is closed]]></system-out>
         <system-err><![CDATA[]]></system-err>
      </testcase>
      <testcase name="Test Cases/09-Settings/03 - Users (Invite new user as client)" time="239.864" classname="Test Cases/09-Settings/03 - Users (Invite new user as client)" status="PASSED">
         <system-out><![CDATA[2022-10-07 20:07:32 - [TEST_CASE][PASSED] - Test Cases/09-Settings/03 - Users (Invite new user as client): Test Cases/09-Settings/03 - Users (Invite new user as client)

2022-10-07 20:07:32 - [TEST_STEP][PASSED] - openBrowser(""): Browser is opened with url: ''

2022-10-07 20:07:32 - [MESSAGE][INFO] - Starting 'Chrome' driver

2022-10-07 20:07:32 - [MESSAGE][INFO] - Action delay is set to 0 milliseconds

2022-10-07 20:07:33 - [MESSAGE][PASSED] - Browser is opened with url: ''

2022-10-07 20:07:33 - [TEST_STEP][PASSED] - navigateToUrl("https://lab.everleagues.com/"): Navigate to 'https://lab.everleagues.com/' successfully

2022-10-07 20:08:11 - [MESSAGE][PASSED] - Navigate to 'https://lab.everleagues.com/' successfully

2022-10-07 20:08:11 - [TEST_STEP][PASSED] - maximizeWindow(): Current window maximized

2022-10-07 20:08:11 - [MESSAGE][PASSED] - Current window maximized

2022-10-07 20:08:11 - [TEST_STEP][PASSED] - setText(findTestObject("02-Side Icons(Organization)/Add Contact/Email Field"), "testuser02@mailinator.com"): Text 'testuser02@mailinator.com' is set on object 'Object Repository/02-Side Icons(Organization)/Add Contact/Email Field'

2022-10-07 20:08:11 - [MESSAGE][PASSED] - Text 'testuser02@mailinator.com' is set on object 'Object Repository/02-Side Icons(Organization)/Add Contact/Email Field'

2022-10-07 20:08:11 - [TEST_STEP][PASSED] - setEncryptedText(findTestObject("02-Side Icons(Organization)/Add Contact/Password Field"), "8yFRyszE6U6jvsCn51OQbg=="): Text ****** has been set on object 'Object Repository/02-Side Icons(Organization)/Add Contact/Password Field'

2022-10-07 20:08:12 - [MESSAGE][PASSED] - Text ****** has been set on object 'Object Repository/02-Side Icons(Organization)/Add Contact/Password Field'

2022-10-07 20:08:12 - [TEST_STEP][PASSED] - click(findTestObject("02-Side Icons(Organization)/Add Contact/button_Sign in")): Object: 'Object Repository/02-Side Icons(Organization)/Add Contact/button_Sign in' is clicked on

2022-10-07 20:08:12 - [MESSAGE][PASSED] - Object: 'Object Repository/02-Side Icons(Organization)/Add Contact/button_Sign in' is clicked on

2022-10-07 20:08:12 - [TEST_STEP][PASSED] - delay(2): Delayed 2 second(s)

2022-10-07 20:08:14 - [MESSAGE][PASSED] - Delayed 2 second(s)

2022-10-07 20:08:14 - [TEST_STEP][PASSED] - click(findTestObject("06-Teams/For 2FA/button_Confirm_2FA")): Object: 'Object Repository/06-Teams/For 2FA/button_Confirm_2FA' is clicked on

2022-10-07 20:08:15 - [MESSAGE][PASSED] - Object: 'Object Repository/06-Teams/For 2FA/button_Confirm_2FA' is clicked on

2022-10-07 20:08:15 - [TEST_STEP][PASSED] - executeJavaScript("window.open();", []): Execute JavaScript 'window.open();' successfully

2022-10-07 20:08:15 - [MESSAGE][PASSED] - Execute JavaScript 'window.open();' successfully

2022-10-07 20:08:15 - [TEST_STEP][PASSED] - currentWindow = getWindowIndex(): Current window's index is: 0

2022-10-07 20:08:15 - [MESSAGE][PASSED] - Current window's index is: 0

2022-10-07 20:08:15 - [TEST_STEP][PASSED] - delay(3): Delayed 3 second(s)

2022-10-07 20:08:18 - [MESSAGE][PASSED] - Delayed 3 second(s)

2022-10-07 20:08:18 - [TEST_STEP][PASSED] - switchToWindowIndex(currentWindow + 1): Switched to window with index: '1'

2022-10-07 20:08:18 - [MESSAGE][PASSED] - Switched to window with index: '1'

2022-10-07 20:08:18 - [TEST_STEP][PASSED] - navigateToUrl("https://www.mailinator.com/"): Navigate to 'https://www.mailinator.com/' successfully

2022-10-07 20:08:21 - [MESSAGE][PASSED] - Navigate to 'https://www.mailinator.com/' successfully

2022-10-07 20:08:21 - [TEST_STEP][PASSED] - delay(3): Delayed 3 second(s)

2022-10-07 20:08:24 - [MESSAGE][PASSED] - Delayed 3 second(s)

2022-10-07 20:08:24 - [TEST_STEP][PASSED] - setText(findTestObject("00-Signup and Activation/zMailinator/input_LOGIN_search"), "testuser02@mailinator.com"): Text 'testuser02@mailinator.com' is set on object 'Object Repository/00-Signup and Activation/zMailinator/input_LOGIN_search'

2022-10-07 20:08:25 - [MESSAGE][PASSED] - Text 'testuser02@mailinator.com' is set on object 'Object Repository/00-Signup and Activation/zMailinator/input_LOGIN_search'

2022-10-07 20:08:25 - [TEST_STEP][PASSED] - click(findTestObject("00-Signup and Activation/zMailinator/gobutton"), STOP_ON_FAILURE): Object: 'Object Repository/00-Signup and Activation/zMailinator/gobutton' is clicked on

2022-10-07 20:08:27 - [MESSAGE][PASSED] - Object: 'Object Repository/00-Signup and Activation/zMailinator/gobutton' is clicked on

2022-10-07 20:08:27 - [TEST_STEP][PASSED] - delay(3): Delayed 3 second(s)

2022-10-07 20:08:30 - [MESSAGE][PASSED] - Delayed 3 second(s)

2022-10-07 20:08:30 - [TEST_STEP][PASSED] - click(findTestObject("00-Signup and Activation/zMailinator/Email - everleagues")): Object: 'Object Repository/00-Signup and Activation/zMailinator/Email - everleagues' is clicked on

2022-10-07 20:08:30 - [MESSAGE][PASSED] - Object: 'Object Repository/00-Signup and Activation/zMailinator/Email - everleagues' is clicked on

2022-10-07 20:08:30 - [TEST_STEP][PASSED] - delay(3): Delayed 3 second(s)

2022-10-07 20:08:33 - [MESSAGE][PASSED] - Delayed 3 second(s)

2022-10-07 20:08:33 - [TEST_STEP][PASSED] - code = getText(findTestObject("Object Repository/06-Teams/For 2FA/2FA code")): Text of object 'Object Repository/06-Teams/For 2FA/2FA code' is: '414878'

2022-10-07 20:08:34 - [MESSAGE][PASSED] - Text of object 'Object Repository/06-Teams/For 2FA/2FA code' is: '414878'

2022-10-07 20:08:34 - [TEST_STEP][PASSED] - delay(3): Delayed 3 second(s)

2022-10-07 20:08:37 - [MESSAGE][PASSED] - Delayed 3 second(s)

2022-10-07 20:08:37 - [TEST_STEP][PASSED] - closeWindowTitle("Mailinator"): Window with title: 'Mailinator' is closed

2022-10-07 20:08:37 - [MESSAGE][PASSED] - Window with title: 'Mailinator' is closed

2022-10-07 20:08:37 - [TEST_STEP][PASSED] - delay(3): Delayed 3 second(s)

2022-10-07 20:08:40 - [MESSAGE][PASSED] - Delayed 3 second(s)

2022-10-07 20:08:40 - [TEST_STEP][PASSED] - switchToWindowIndex(0): Switched to window with index: '0'

2022-10-07 20:08:40 - [MESSAGE][PASSED] - Switched to window with index: '0'

2022-10-07 20:08:40 - [TEST_STEP][PASSED] - delay(3): Delayed 3 second(s)

2022-10-07 20:08:43 - [MESSAGE][PASSED] - Delayed 3 second(s)

2022-10-07 20:08:43 - [TEST_STEP][PASSED] - setText(findTestObject("Object Repository/06-Teams/For 2FA/input_Enter verification code_code"), code): Text '414878' is set on object 'Object Repository/06-Teams/For 2FA/input_Enter verification code_code'

2022-10-07 20:08:44 - [MESSAGE][PASSED] - Text '414878' is set on object 'Object Repository/06-Teams/For 2FA/input_Enter verification code_code'

2022-10-07 20:08:44 - [TEST_STEP][PASSED] - delay(3): Delayed 3 second(s)

2022-10-07 20:08:47 - [MESSAGE][PASSED] - Delayed 3 second(s)

2022-10-07 20:08:47 - [TEST_STEP][PASSED] - click(findTestObject("06-Teams/For 2FA/button_Verify_2FA")): Object: 'Object Repository/06-Teams/For 2FA/button_Verify_2FA' is clicked on

2022-10-07 20:08:48 - [MESSAGE][PASSED] - Object: 'Object Repository/06-Teams/For 2FA/button_Verify_2FA' is clicked on

2022-10-07 20:08:48 - [TEST_STEP][PASSED] - delay(5): Delayed 5 second(s)

2022-10-07 20:08:53 - [MESSAGE][PASSED] - Delayed 5 second(s)

2022-10-07 20:08:53 - [TEST_STEP][PASSED] - click(findTestObject("06-Teams/button_doublearrow")): Object: 'Object Repository/06-Teams/button_doublearrow' is clicked on

2022-10-07 20:08:53 - [MESSAGE][PASSED] - Object: 'Object Repository/06-Teams/button_doublearrow' is clicked on

2022-10-07 20:08:53 - [TEST_STEP][PASSED] - click(findTestObject("06-Teams/button_My Organizations")): Object: 'Object Repository/06-Teams/button_My Organizations' is clicked on

2022-10-07 20:08:54 - [MESSAGE][PASSED] - Object: 'Object Repository/06-Teams/button_My Organizations' is clicked on

2022-10-07 20:08:54 - [TEST_STEP][PASSED] - click(findTestObject("06-Teams/button_GG Automation")): Object: 'Object Repository/06-Teams/button_GG Automation' is clicked on

2022-10-07 20:08:54 - [MESSAGE][PASSED] - Object: 'Object Repository/06-Teams/button_GG Automation' is clicked on

2022-10-07 20:08:54 - [TEST_STEP][PASSED] - delay(4): Delayed 4 second(s)

2022-10-07 20:08:58 - [MESSAGE][PASSED] - Delayed 4 second(s)

2022-10-07 20:08:58 - [TEST_STEP][PASSED] - verifyElementVisible(findTestObject("06-Teams/span_GG Automation")): Object 'Object Repository/06-Teams/span_GG Automation' is visible

2022-10-07 20:08:59 - [MESSAGE][PASSED] - Object 'Object Repository/06-Teams/span_GG Automation' is visible

2022-10-07 20:08:59 - [TEST_STEP][PASSED] - delay(10): Delayed 10 second(s)

2022-10-07 20:09:09 - [MESSAGE][PASSED] - Delayed 10 second(s)

2022-10-07 20:09:09 - [TEST_STEP][PASSED] - click(findTestObject("03-Header Menu/Hamburger Button/div_Settings")): Object: 'Object Repository/03-Header Menu/Hamburger Button/div_Settings' is clicked on

2022-10-07 20:09:09 - [MESSAGE][PASSED] - Object: 'Object Repository/03-Header Menu/Hamburger Button/div_Settings' is clicked on

2022-10-07 20:09:09 - [TEST_STEP][PASSED] - delay(3): Delayed 3 second(s)

2022-10-07 20:09:12 - [MESSAGE][PASSED] - Delayed 3 second(s)

2022-10-07 20:09:12 - [TEST_STEP][PASSED] - click(findTestObject("09-Settings/Users/div_Users")): Object: 'Object Repository/09-Settings/Users/div_Users' is clicked on

2022-10-07 20:09:13 - [MESSAGE][PASSED] - Object: 'Object Repository/09-Settings/Users/div_Users' is clicked on

2022-10-07 20:09:13 - [TEST_STEP][PASSED] - delay(3): Delayed 3 second(s)

2022-10-07 20:09:16 - [MESSAGE][PASSED] - Delayed 3 second(s)

2022-10-07 20:09:16 - [TEST_STEP][PASSED] - click(findTestObject("09-Settings/Users/button_add")): Object: 'Object Repository/09-Settings/Users/button_add' is clicked on

2022-10-07 20:09:16 - [MESSAGE][PASSED] - Object: 'Object Repository/09-Settings/Users/button_add' is clicked on

2022-10-07 20:09:16 - [TEST_STEP][PASSED] - delay(3): Delayed 3 second(s)

2022-10-07 20:09:19 - [MESSAGE][PASSED] - Delayed 3 second(s)

2022-10-07 20:09:19 - [TEST_STEP][PASSED] - click(findTestObject("09-Settings/Users/add Invite a single user")): Object: 'Object Repository/09-Settings/Users/add Invite a single user' is clicked on

2022-10-07 20:09:20 - [MESSAGE][PASSED] - Object: 'Object Repository/09-Settings/Users/add Invite a single user' is clicked on

2022-10-07 20:09:20 - [TEST_STEP][PASSED] - delay(3): Delayed 3 second(s)

2022-10-07 20:09:23 - [MESSAGE][PASSED] - Delayed 3 second(s)

2022-10-07 20:09:23 - [TEST_STEP][PASSED] - setText(findTestObject("09-Settings/Users/input_email"), "autotester09@mailinator.com"): Text 'autotester09@mailinator.com' is set on object 'Object Repository/09-Settings/Users/input_email'

2022-10-07 20:09:24 - [MESSAGE][PASSED] - Text 'autotester09@mailinator.com' is set on object 'Object Repository/09-Settings/Users/input_email'

2022-10-07 20:09:24 - [TEST_STEP][PASSED] - setText(findTestObject("09-Settings/Users/input_firstName"), "GG"): Text 'GG' is set on object 'Object Repository/09-Settings/Users/input_firstName'

2022-10-07 20:09:24 - [MESSAGE][PASSED] - Text 'GG' is set on object 'Object Repository/09-Settings/Users/input_firstName'

2022-10-07 20:09:24 - [TEST_STEP][PASSED] - setText(findTestObject("09-Settings/Users/input_lastName"), "Client"): Text 'Client' is set on object 'Object Repository/09-Settings/Users/input_lastName'

2022-10-07 20:09:25 - [MESSAGE][PASSED] - Text 'Client' is set on object 'Object Repository/09-Settings/Users/input_lastName'

2022-10-07 20:09:25 - [TEST_STEP][PASSED] - click(findTestObject("09-Settings/Users/span_Role")): Object: 'Object Repository/09-Settings/Users/span_Role' is clicked on

2022-10-07 20:09:26 - [MESSAGE][PASSED] - Object: 'Object Repository/09-Settings/Users/span_Role' is clicked on

2022-10-07 20:09:26 - [TEST_STEP][PASSED] - click(findTestObject("09-Settings/Users/span_Client")): Object: 'Object Repository/09-Settings/Users/span_Client' is clicked on

2022-10-07 20:09:26 - [MESSAGE][PASSED] - Object: 'Object Repository/09-Settings/Users/span_Client' is clicked on

2022-10-07 20:09:26 - [TEST_STEP][PASSED] - click(findTestObject("09-Settings/Users/button_Send Invitation")): Object: 'Object Repository/09-Settings/Users/button_Send Invitation' is clicked on

2022-10-07 20:09:27 - [MESSAGE][PASSED] - Object: 'Object Repository/09-Settings/Users/button_Send Invitation' is clicked on

2022-10-07 20:09:27 - [TEST_STEP][PASSED] - delay(2): Delayed 2 second(s)

2022-10-07 20:09:29 - [MESSAGE][PASSED] - Delayed 2 second(s)

2022-10-07 20:09:29 - [TEST_STEP][PASSED] - verifyElementVisible(findTestObject("07-Directory/Connections/zContact Profile/Successfully invited user")): Object 'Object Repository/07-Directory/Connections/zContact Profile/Successfully invited user' is visible

2022-10-07 20:09:30 - [MESSAGE][PASSED] - Object 'Object Repository/07-Directory/Connections/zContact Profile/Successfully invited user' is visible

2022-10-07 20:09:30 - [TEST_STEP][PASSED] - delay(2): Delayed 2 second(s)

2022-10-07 20:09:32 - [MESSAGE][PASSED] - Delayed 2 second(s)

2022-10-07 20:09:32 - [TEST_STEP][PASSED] - click(findTestObject("01-Login and Forgot Password/User menu drop")): Object: 'Object Repository/01-Login and Forgot Password/User menu drop' is clicked on

2022-10-07 20:09:32 - [MESSAGE][PASSED] - Object: 'Object Repository/01-Login and Forgot Password/User menu drop' is clicked on

2022-10-07 20:09:32 - [TEST_STEP][PASSED] - delay(2): Delayed 2 second(s)

2022-10-07 20:09:34 - [MESSAGE][PASSED] - Delayed 2 second(s)

2022-10-07 20:09:34 - [TEST_STEP][PASSED] - click(findTestObject("01-Login and Forgot Password/h4_Sign Out"), STOP_ON_FAILURE): Object: 'Object Repository/01-Login and Forgot Password/h4_Sign Out' is clicked on

2022-10-07 20:09:35 - [MESSAGE][PASSED] - Object: 'Object Repository/01-Login and Forgot Password/h4_Sign Out' is clicked on

2022-10-07 20:09:35 - [TEST_STEP][PASSED] - delay(2): Delayed 2 second(s)

2022-10-07 20:09:37 - [MESSAGE][PASSED] - Delayed 2 second(s)

2022-10-07 20:09:37 - [TEST_STEP][PASSED] - verifyElementPresent(findTestObject("01-Login and Forgot Password/Login_Card"), 0): Object 'Object Repository/01-Login and Forgot Password/Login_Card' is present

2022-10-07 20:09:37 - [MESSAGE][WARNING] - Timeout '0' is invalid. Using default page load timeout: '30'

2022-10-07 20:09:37 - [MESSAGE][PASSED] - Object 'Object Repository/01-Login and Forgot Password/Login_Card' is present

2022-10-07 20:09:37 - [TEST_STEP][PASSED] - delay(3): Delayed 3 second(s)

2022-10-07 20:09:40 - [MESSAGE][PASSED] - Delayed 3 second(s)

2022-10-07 20:09:40 - [TEST_STEP][PASSED] - closeBrowser(): Browser is closed

2022-10-07 20:09:41 - [MESSAGE][PASSED] - Browser is closed

2022-10-07 20:09:41 - [TEST_STEP][PASSED] - openBrowser(""): Browser is opened with url: ''

2022-10-07 20:09:41 - [MESSAGE][INFO] - Starting 'Chrome' driver

2022-10-07 20:09:41 - [MESSAGE][INFO] - Action delay is set to 0 milliseconds

2022-10-07 20:09:42 - [MESSAGE][PASSED] - Browser is opened with url: ''

2022-10-07 20:09:42 - [TEST_STEP][PASSED] - navigateToUrl("https://lab.everleagues.com/"): Navigate to 'https://lab.everleagues.com/' successfully

2022-10-07 20:10:14 - [MESSAGE][PASSED] - Navigate to 'https://lab.everleagues.com/' successfully

2022-10-07 20:10:14 - [TEST_STEP][PASSED] - maximizeWindow(): Current window maximized

2022-10-07 20:10:14 - [MESSAGE][PASSED] - Current window maximized

2022-10-07 20:10:14 - [TEST_STEP][PASSED] - setText(findTestObject("02-Side Icons(Organization)/Add Contact/Email Field"), "autotester09@mailinator.com"): Text 'autotester09@mailinator.com' is set on object 'Object Repository/02-Side Icons(Organization)/Add Contact/Email Field'

2022-10-07 20:10:15 - [MESSAGE][PASSED] - Text 'autotester09@mailinator.com' is set on object 'Object Repository/02-Side Icons(Organization)/Add Contact/Email Field'

2022-10-07 20:10:15 - [TEST_STEP][PASSED] - setEncryptedText(findTestObject("02-Side Icons(Organization)/Add Contact/Password Field"), "8yFRyszE6U6jvsCn51OQbg=="): Text ****** has been set on object 'Object Repository/02-Side Icons(Organization)/Add Contact/Password Field'

2022-10-07 20:10:16 - [MESSAGE][PASSED] - Text ****** has been set on object 'Object Repository/02-Side Icons(Organization)/Add Contact/Password Field'

2022-10-07 20:10:16 - [TEST_STEP][PASSED] - click(findTestObject("02-Side Icons(Organization)/Add Contact/button_Sign in")): Object: 'Object Repository/02-Side Icons(Organization)/Add Contact/button_Sign in' is clicked on

2022-10-07 20:10:17 - [MESSAGE][PASSED] - Object: 'Object Repository/02-Side Icons(Organization)/Add Contact/button_Sign in' is clicked on

2022-10-07 20:10:17 - [TEST_STEP][PASSED] - delay(2): Delayed 2 second(s)

2022-10-07 20:10:19 - [MESSAGE][PASSED] - Delayed 2 second(s)

2022-10-07 20:10:19 - [TEST_STEP][PASSED] - click(findTestObject("06-Teams/For 2FA/button_Confirm_2FA")): Object: 'Object Repository/06-Teams/For 2FA/button_Confirm_2FA' is clicked on

2022-10-07 20:10:19 - [MESSAGE][PASSED] - Object: 'Object Repository/06-Teams/For 2FA/button_Confirm_2FA' is clicked on

2022-10-07 20:10:19 - [TEST_STEP][PASSED] - executeJavaScript("window.open();", []): Execute JavaScript 'window.open();' successfully

2022-10-07 20:10:19 - [MESSAGE][PASSED] - Execute JavaScript 'window.open();' successfully

2022-10-07 20:10:19 - [TEST_STEP][PASSED] - currentWindow = getWindowIndex(): Current window's index is: 0

2022-10-07 20:10:19 - [MESSAGE][PASSED] - Current window's index is: 0

2022-10-07 20:10:19 - [TEST_STEP][PASSED] - delay(3): Delayed 3 second(s)

2022-10-07 20:10:22 - [MESSAGE][PASSED] - Delayed 3 second(s)

2022-10-07 20:10:22 - [TEST_STEP][PASSED] - switchToWindowIndex(currentWindow + 1): Switched to window with index: '1'

2022-10-07 20:10:22 - [MESSAGE][PASSED] - Switched to window with index: '1'

2022-10-07 20:10:22 - [TEST_STEP][PASSED] - navigateToUrl("https://www.mailinator.com/"): Navigate to 'https://www.mailinator.com/' successfully

2022-10-07 20:10:26 - [MESSAGE][PASSED] - Navigate to 'https://www.mailinator.com/' successfully

2022-10-07 20:10:26 - [TEST_STEP][PASSED] - delay(3): Delayed 3 second(s)

2022-10-07 20:10:29 - [MESSAGE][PASSED] - Delayed 3 second(s)

2022-10-07 20:10:29 - [TEST_STEP][PASSED] - setText(findTestObject("00-Signup and Activation/zMailinator/input_LOGIN_search"), "autotester09@mailinator.com"): Text 'autotester09@mailinator.com' is set on object 'Object Repository/00-Signup and Activation/zMailinator/input_LOGIN_search'

2022-10-07 20:10:29 - [MESSAGE][PASSED] - Text 'autotester09@mailinator.com' is set on object 'Object Repository/00-Signup and Activation/zMailinator/input_LOGIN_search'

2022-10-07 20:10:29 - [TEST_STEP][PASSED] - click(findTestObject("00-Signup and Activation/zMailinator/gobutton"), STOP_ON_FAILURE): Object: 'Object Repository/00-Signup and Activation/zMailinator/gobutton' is clicked on

2022-10-07 20:10:31 - [MESSAGE][PASSED] - Object: 'Object Repository/00-Signup and Activation/zMailinator/gobutton' is clicked on

2022-10-07 20:10:31 - [TEST_STEP][PASSED] - delay(3): Delayed 3 second(s)

2022-10-07 20:10:34 - [MESSAGE][PASSED] - Delayed 3 second(s)

2022-10-07 20:10:34 - [TEST_STEP][PASSED] - click(findTestObject("00-Signup and Activation/zMailinator/Email - everleagues")): Object: 'Object Repository/00-Signup and Activation/zMailinator/Email - everleagues' is clicked on

2022-10-07 20:10:34 - [MESSAGE][PASSED] - Object: 'Object Repository/00-Signup and Activation/zMailinator/Email - everleagues' is clicked on

2022-10-07 20:10:34 - [TEST_STEP][PASSED] - delay(3): Delayed 3 second(s)

2022-10-07 20:10:37 - [MESSAGE][PASSED] - Delayed 3 second(s)

2022-10-07 20:10:37 - [TEST_STEP][PASSED] - codetwo = getText(findTestObject("Object Repository/06-Teams/For 2FA/2FA code")): Text of object 'Object Repository/06-Teams/For 2FA/2FA code' is: '969056'

2022-10-07 20:10:38 - [MESSAGE][PASSED] - Text of object 'Object Repository/06-Teams/For 2FA/2FA code' is: '969056'

2022-10-07 20:10:38 - [TEST_STEP][PASSED] - delay(3): Delayed 3 second(s)

2022-10-07 20:10:41 - [MESSAGE][PASSED] - Delayed 3 second(s)

2022-10-07 20:10:41 - [TEST_STEP][PASSED] - closeWindowTitle("Mailinator"): Window with title: 'Mailinator' is closed

2022-10-07 20:10:41 - [MESSAGE][PASSED] - Window with title: 'Mailinator' is closed

2022-10-07 20:10:41 - [TEST_STEP][PASSED] - delay(3): Delayed 3 second(s)

2022-10-07 20:10:44 - [MESSAGE][PASSED] - Delayed 3 second(s)

2022-10-07 20:10:44 - [TEST_STEP][PASSED] - switchToWindowIndex(0): Switched to window with index: '0'

2022-10-07 20:10:44 - [MESSAGE][PASSED] - Switched to window with index: '0'

2022-10-07 20:10:44 - [TEST_STEP][PASSED] - delay(3): Delayed 3 second(s)

2022-10-07 20:10:47 - [MESSAGE][PASSED] - Delayed 3 second(s)

2022-10-07 20:10:47 - [TEST_STEP][PASSED] - setText(findTestObject("Object Repository/06-Teams/For 2FA/input_Enter verification code_code"), codetwo): Text '969056' is set on object 'Object Repository/06-Teams/For 2FA/input_Enter verification code_code'

2022-10-07 20:10:48 - [MESSAGE][PASSED] - Text '969056' is set on object 'Object Repository/06-Teams/For 2FA/input_Enter verification code_code'

2022-10-07 20:10:48 - [TEST_STEP][PASSED] - delay(3): Delayed 3 second(s)

2022-10-07 20:10:51 - [MESSAGE][PASSED] - Delayed 3 second(s)

2022-10-07 20:10:51 - [TEST_STEP][PASSED] - click(findTestObject("06-Teams/For 2FA/button_Verify_2FA")): Object: 'Object Repository/06-Teams/For 2FA/button_Verify_2FA' is clicked on

2022-10-07 20:10:52 - [MESSAGE][PASSED] - Object: 'Object Repository/06-Teams/For 2FA/button_Verify_2FA' is clicked on

2022-10-07 20:10:52 - [TEST_STEP][PASSED] - delay(5): Delayed 5 second(s)

2022-10-07 20:10:57 - [MESSAGE][PASSED] - Delayed 5 second(s)

2022-10-07 20:10:57 - [TEST_STEP][PASSED] - executeJavaScript("window.open();", []): Execute JavaScript 'window.open();' successfully

2022-10-07 20:10:57 - [MESSAGE][PASSED] - Execute JavaScript 'window.open();' successfully

2022-10-07 20:10:57 - [TEST_STEP][PASSED] - currentWindow = getWindowIndex(): Current window's index is: 0

2022-10-07 20:10:57 - [MESSAGE][PASSED] - Current window's index is: 0

2022-10-07 20:10:57 - [TEST_STEP][PASSED] - delay(3): Delayed 3 second(s)

2022-10-07 20:11:00 - [MESSAGE][PASSED] - Delayed 3 second(s)

2022-10-07 20:11:00 - [TEST_STEP][PASSED] - switchToWindowIndex(currentWindow + 1): Switched to window with index: '1'

2022-10-07 20:11:00 - [MESSAGE][PASSED] - Switched to window with index: '1'

2022-10-07 20:11:00 - [TEST_STEP][PASSED] - navigateToUrl("https://www.mailinator.com/"): Navigate to 'https://www.mailinator.com/' successfully

2022-10-07 20:11:01 - [MESSAGE][PASSED] - Navigate to 'https://www.mailinator.com/' successfully

2022-10-07 20:11:01 - [TEST_STEP][PASSED] - delay(3): Delayed 3 second(s)

2022-10-07 20:11:04 - [MESSAGE][PASSED] - Delayed 3 second(s)

2022-10-07 20:11:04 - [TEST_STEP][PASSED] - setText(findTestObject("00-Signup and Activation/zMailinator/input_LOGIN_search"), "autotester09@mailinator.com"): Text 'autotester09@mailinator.com' is set on object 'Object Repository/00-Signup and Activation/zMailinator/input_LOGIN_search'

2022-10-07 20:11:05 - [MESSAGE][PASSED] - Text 'autotester09@mailinator.com' is set on object 'Object Repository/00-Signup and Activation/zMailinator/input_LOGIN_search'

2022-10-07 20:11:05 - [TEST_STEP][PASSED] - click(findTestObject("00-Signup and Activation/zMailinator/gobutton"), STOP_ON_FAILURE): Object: 'Object Repository/00-Signup and Activation/zMailinator/gobutton' is clicked on

2022-10-07 20:11:06 - [MESSAGE][PASSED] - Object: 'Object Repository/00-Signup and Activation/zMailinator/gobutton' is clicked on

2022-10-07 20:11:06 - [TEST_STEP][PASSED] - delay(3): Delayed 3 second(s)

2022-10-07 20:11:09 - [MESSAGE][PASSED] - Delayed 3 second(s)

2022-10-07 20:11:09 - [TEST_STEP][PASSED] - closeWindowTitle("Everleagues"): Window with title: 'Everleagues' is closed

2022-10-07 20:11:09 - [MESSAGE][PASSED] - Window with title: 'Everleagues' is closed

2022-10-07 20:11:09 - [TEST_STEP][PASSED] - switchToWindowIndex(0): Switched to window with index: '0'

2022-10-07 20:11:09 - [MESSAGE][PASSED] - Switched to window with index: '0'

2022-10-07 20:11:09 - [TEST_STEP][PASSED] - click(findTestObject("09-Settings/Users/Co worker/td_Invitation from GG Automation")): Object: 'Object Repository/09-Settings/Users/Co worker/td_Invitation from GG Automation' is clicked on

2022-10-07 20:11:09 - [MESSAGE][PASSED] - Object: 'Object Repository/09-Settings/Users/Co worker/td_Invitation from GG Automation' is clicked on

2022-10-07 20:11:09 - [TEST_STEP][PASSED] - click(findTestObject("09-Settings/Users/Co worker/a_Click here to join GG Automation on EverLeagues")): Object: 'Object Repository/09-Settings/Users/Co worker/a_Click here to join GG Automation on EverLeagues' is clicked on

2022-10-07 20:11:10 - [MESSAGE][PASSED] - Object: 'Object Repository/09-Settings/Users/Co worker/a_Click here to join GG Automation on EverLeagues' is clicked on

2022-10-07 20:11:10 - [TEST_STEP][PASSED] - closeWindowTitle("Mailinator"): Window with title: 'Mailinator' is closed

2022-10-07 20:11:10 - [MESSAGE][PASSED] - Window with title: 'Mailinator' is closed

2022-10-07 20:11:10 - [TEST_STEP][PASSED] - switchToWindowIndex(0): Switched to window with index: '0'

2022-10-07 20:11:10 - [MESSAGE][PASSED] - Switched to window with index: '0'

2022-10-07 20:11:10 - [TEST_STEP][PASSED] - verifyElementVisible(findTestObject("09-Settings/Users/Client/Invite modal")): Object 'Object Repository/09-Settings/Users/Client/Invite modal' is visible

2022-10-07 20:11:17 - [MESSAGE][PASSED] - Object 'Object Repository/09-Settings/Users/Client/Invite modal' is visible

2022-10-07 20:11:17 - [TEST_STEP][PASSED] - setText(findTestObject("09-Settings/Users/Client/Company field"), "QA Company"): Text 'QA Company' is set on object 'Object Repository/09-Settings/Users/Client/Company field'

2022-10-07 20:11:17 - [MESSAGE][PASSED] - Text 'QA Company' is set on object 'Object Repository/09-Settings/Users/Client/Company field'

2022-10-07 20:11:17 - [TEST_STEP][PASSED] - click(findTestObject("09-Settings/Users/Client/button_Accept")): Object: 'Object Repository/09-Settings/Users/Client/button_Accept' is clicked on

2022-10-07 20:11:18 - [MESSAGE][PASSED] - Object: 'Object Repository/09-Settings/Users/Client/button_Accept' is clicked on

2022-10-07 20:11:18 - [TEST_STEP][PASSED] - delay(10): Delayed 10 second(s)

2022-10-07 20:11:28 - [MESSAGE][PASSED] - Delayed 10 second(s)

2022-10-07 20:11:28 - [TEST_STEP][PASSED] - verifyElementVisible(findTestObject("09-Settings/Users/Client/div_Joined as CLIENT")): Object 'Object Repository/09-Settings/Users/Client/div_Joined as CLIENT' is visible

2022-10-07 20:11:28 - [MESSAGE][PASSED] - Object 'Object Repository/09-Settings/Users/Client/div_Joined as CLIENT' is visible

2022-10-07 20:11:28 - [TEST_STEP][PASSED] - delay(3): Delayed 3 second(s)

2022-10-07 20:11:31 - [MESSAGE][PASSED] - Delayed 3 second(s)

2022-10-07 20:11:31 - [TEST_STEP][PASSED] - closeBrowser(): Browser is closed

2022-10-07 20:11:32 - [MESSAGE][PASSED] - Browser is closed]]></system-out>
         <system-err><![CDATA[]]></system-err>
      </testcase>
      <testcase name="Test Cases/09-Settings/04 - Users (Invite new user as partner)" time="245.069" classname="Test Cases/09-Settings/04 - Users (Invite new user as partner)" status="PASSED">
         <system-out><![CDATA[2022-10-07 20:11:32 - [TEST_CASE][PASSED] - Test Cases/09-Settings/04 - Users (Invite new user as partner): Test Cases/09-Settings/04 - Users (Invite new user as partner)

2022-10-07 20:11:32 - [TEST_STEP][PASSED] - openBrowser(""): Browser is opened with url: ''

2022-10-07 20:11:32 - [MESSAGE][INFO] - Starting 'Chrome' driver

2022-10-07 20:11:32 - [MESSAGE][INFO] - Action delay is set to 0 milliseconds

2022-10-07 20:11:33 - [MESSAGE][PASSED] - Browser is opened with url: ''

2022-10-07 20:11:33 - [TEST_STEP][PASSED] - navigateToUrl("https://lab.everleagues.com/"): Navigate to 'https://lab.everleagues.com/' successfully

2022-10-07 20:12:07 - [MESSAGE][PASSED] - Navigate to 'https://lab.everleagues.com/' successfully

2022-10-07 20:12:07 - [TEST_STEP][PASSED] - maximizeWindow(): Current window maximized

2022-10-07 20:12:08 - [MESSAGE][PASSED] - Current window maximized

2022-10-07 20:12:08 - [TEST_STEP][PASSED] - setText(findTestObject("02-Side Icons(Organization)/Add Contact/Email Field"), "testuser02@mailinator.com"): Text 'testuser02@mailinator.com' is set on object 'Object Repository/02-Side Icons(Organization)/Add Contact/Email Field'

2022-10-07 20:12:08 - [MESSAGE][PASSED] - Text 'testuser02@mailinator.com' is set on object 'Object Repository/02-Side Icons(Organization)/Add Contact/Email Field'

2022-10-07 20:12:08 - [TEST_STEP][PASSED] - setEncryptedText(findTestObject("02-Side Icons(Organization)/Add Contact/Password Field"), "8yFRyszE6U6jvsCn51OQbg=="): Text ****** has been set on object 'Object Repository/02-Side Icons(Organization)/Add Contact/Password Field'

2022-10-07 20:12:09 - [MESSAGE][PASSED] - Text ****** has been set on object 'Object Repository/02-Side Icons(Organization)/Add Contact/Password Field'

2022-10-07 20:12:09 - [TEST_STEP][PASSED] - click(findTestObject("02-Side Icons(Organization)/Add Contact/button_Sign in")): Object: 'Object Repository/02-Side Icons(Organization)/Add Contact/button_Sign in' is clicked on

2022-10-07 20:12:10 - [MESSAGE][PASSED] - Object: 'Object Repository/02-Side Icons(Organization)/Add Contact/button_Sign in' is clicked on

2022-10-07 20:12:10 - [TEST_STEP][PASSED] - delay(2): Delayed 2 second(s)

2022-10-07 20:12:12 - [MESSAGE][PASSED] - Delayed 2 second(s)

2022-10-07 20:12:12 - [TEST_STEP][PASSED] - click(findTestObject("06-Teams/For 2FA/button_Confirm_2FA")): Object: 'Object Repository/06-Teams/For 2FA/button_Confirm_2FA' is clicked on

2022-10-07 20:12:12 - [MESSAGE][PASSED] - Object: 'Object Repository/06-Teams/For 2FA/button_Confirm_2FA' is clicked on

2022-10-07 20:12:12 - [TEST_STEP][PASSED] - executeJavaScript("window.open();", []): Execute JavaScript 'window.open();' successfully

2022-10-07 20:12:12 - [MESSAGE][PASSED] - Execute JavaScript 'window.open();' successfully

2022-10-07 20:12:12 - [TEST_STEP][PASSED] - currentWindow = getWindowIndex(): Current window's index is: 0

2022-10-07 20:12:12 - [MESSAGE][PASSED] - Current window's index is: 0

2022-10-07 20:12:12 - [TEST_STEP][PASSED] - delay(3): Delayed 3 second(s)

2022-10-07 20:12:15 - [MESSAGE][PASSED] - Delayed 3 second(s)

2022-10-07 20:12:15 - [TEST_STEP][PASSED] - switchToWindowIndex(currentWindow + 1): Switched to window with index: '1'

2022-10-07 20:12:15 - [MESSAGE][PASSED] - Switched to window with index: '1'

2022-10-07 20:12:15 - [TEST_STEP][PASSED] - navigateToUrl("https://www.mailinator.com/"): Navigate to 'https://www.mailinator.com/' successfully

2022-10-07 20:12:18 - [MESSAGE][PASSED] - Navigate to 'https://www.mailinator.com/' successfully

2022-10-07 20:12:18 - [TEST_STEP][PASSED] - delay(3): Delayed 3 second(s)

2022-10-07 20:12:21 - [MESSAGE][PASSED] - Delayed 3 second(s)

2022-10-07 20:12:21 - [TEST_STEP][PASSED] - setText(findTestObject("00-Signup and Activation/zMailinator/input_LOGIN_search"), "testuser02@mailinator.com"): Text 'testuser02@mailinator.com' is set on object 'Object Repository/00-Signup and Activation/zMailinator/input_LOGIN_search'

2022-10-07 20:12:21 - [MESSAGE][PASSED] - Text 'testuser02@mailinator.com' is set on object 'Object Repository/00-Signup and Activation/zMailinator/input_LOGIN_search'

2022-10-07 20:12:21 - [TEST_STEP][PASSED] - click(findTestObject("00-Signup and Activation/zMailinator/gobutton"), STOP_ON_FAILURE): Object: 'Object Repository/00-Signup and Activation/zMailinator/gobutton' is clicked on

2022-10-07 20:12:23 - [MESSAGE][PASSED] - Object: 'Object Repository/00-Signup and Activation/zMailinator/gobutton' is clicked on

2022-10-07 20:12:23 - [TEST_STEP][PASSED] - delay(3): Delayed 3 second(s)

2022-10-07 20:12:26 - [MESSAGE][PASSED] - Delayed 3 second(s)

2022-10-07 20:12:26 - [TEST_STEP][PASSED] - click(findTestObject("00-Signup and Activation/zMailinator/Email - everleagues")): Object: 'Object Repository/00-Signup and Activation/zMailinator/Email - everleagues' is clicked on

2022-10-07 20:12:26 - [MESSAGE][PASSED] - Object: 'Object Repository/00-Signup and Activation/zMailinator/Email - everleagues' is clicked on

2022-10-07 20:12:26 - [TEST_STEP][PASSED] - delay(3): Delayed 3 second(s)

2022-10-07 20:12:29 - [MESSAGE][PASSED] - Delayed 3 second(s)

2022-10-07 20:12:29 - [TEST_STEP][PASSED] - code = getText(findTestObject("Object Repository/06-Teams/For 2FA/2FA code")): Text of object 'Object Repository/06-Teams/For 2FA/2FA code' is: '090051'

2022-10-07 20:12:29 - [MESSAGE][PASSED] - Text of object 'Object Repository/06-Teams/For 2FA/2FA code' is: '090051'

2022-10-07 20:12:29 - [TEST_STEP][PASSED] - delay(3): Delayed 3 second(s)

2022-10-07 20:12:32 - [MESSAGE][PASSED] - Delayed 3 second(s)

2022-10-07 20:12:32 - [TEST_STEP][PASSED] - closeWindowTitle("Mailinator"): Window with title: 'Mailinator' is closed

2022-10-07 20:12:33 - [MESSAGE][PASSED] - Window with title: 'Mailinator' is closed

2022-10-07 20:12:33 - [TEST_STEP][PASSED] - delay(3): Delayed 3 second(s)

2022-10-07 20:12:36 - [MESSAGE][PASSED] - Delayed 3 second(s)

2022-10-07 20:12:36 - [TEST_STEP][PASSED] - switchToWindowIndex(0): Switched to window with index: '0'

2022-10-07 20:12:36 - [MESSAGE][PASSED] - Switched to window with index: '0'

2022-10-07 20:12:36 - [TEST_STEP][PASSED] - delay(3): Delayed 3 second(s)

2022-10-07 20:12:39 - [MESSAGE][PASSED] - Delayed 3 second(s)

2022-10-07 20:12:39 - [TEST_STEP][PASSED] - setText(findTestObject("Object Repository/06-Teams/For 2FA/input_Enter verification code_code"), code): Text '090051' is set on object 'Object Repository/06-Teams/For 2FA/input_Enter verification code_code'

2022-10-07 20:12:40 - [MESSAGE][PASSED] - Text '090051' is set on object 'Object Repository/06-Teams/For 2FA/input_Enter verification code_code'

2022-10-07 20:12:40 - [TEST_STEP][PASSED] - delay(3): Delayed 3 second(s)

2022-10-07 20:12:43 - [MESSAGE][PASSED] - Delayed 3 second(s)

2022-10-07 20:12:43 - [TEST_STEP][PASSED] - click(findTestObject("06-Teams/For 2FA/button_Verify_2FA")): Object: 'Object Repository/06-Teams/For 2FA/button_Verify_2FA' is clicked on

2022-10-07 20:12:43 - [MESSAGE][PASSED] - Object: 'Object Repository/06-Teams/For 2FA/button_Verify_2FA' is clicked on

2022-10-07 20:12:43 - [TEST_STEP][PASSED] - delay(5): Delayed 5 second(s)

2022-10-07 20:12:48 - [MESSAGE][PASSED] - Delayed 5 second(s)

2022-10-07 20:12:48 - [TEST_STEP][PASSED] - click(findTestObject("06-Teams/button_doublearrow")): Object: 'Object Repository/06-Teams/button_doublearrow' is clicked on

2022-10-07 20:12:49 - [MESSAGE][PASSED] - Object: 'Object Repository/06-Teams/button_doublearrow' is clicked on

2022-10-07 20:12:49 - [TEST_STEP][PASSED] - click(findTestObject("06-Teams/button_My Organizations")): Object: 'Object Repository/06-Teams/button_My Organizations' is clicked on

2022-10-07 20:12:50 - [MESSAGE][PASSED] - Object: 'Object Repository/06-Teams/button_My Organizations' is clicked on

2022-10-07 20:12:50 - [TEST_STEP][PASSED] - click(findTestObject("06-Teams/button_GG Automation")): Object: 'Object Repository/06-Teams/button_GG Automation' is clicked on

2022-10-07 20:12:51 - [MESSAGE][PASSED] - Object: 'Object Repository/06-Teams/button_GG Automation' is clicked on

2022-10-07 20:12:51 - [TEST_STEP][PASSED] - delay(4): Delayed 4 second(s)

2022-10-07 20:12:55 - [MESSAGE][PASSED] - Delayed 4 second(s)

2022-10-07 20:12:55 - [TEST_STEP][PASSED] - verifyElementVisible(findTestObject("06-Teams/span_GG Automation")): Object 'Object Repository/06-Teams/span_GG Automation' is visible

2022-10-07 20:12:55 - [MESSAGE][PASSED] - Object 'Object Repository/06-Teams/span_GG Automation' is visible

2022-10-07 20:12:55 - [TEST_STEP][PASSED] - delay(10): Delayed 10 second(s)

2022-10-07 20:13:05 - [MESSAGE][PASSED] - Delayed 10 second(s)

2022-10-07 20:13:05 - [TEST_STEP][PASSED] - click(findTestObject("03-Header Menu/Hamburger Button/div_Settings")): Object: 'Object Repository/03-Header Menu/Hamburger Button/div_Settings' is clicked on

2022-10-07 20:13:06 - [MESSAGE][PASSED] - Object: 'Object Repository/03-Header Menu/Hamburger Button/div_Settings' is clicked on

2022-10-07 20:13:06 - [TEST_STEP][PASSED] - delay(3): Delayed 3 second(s)

2022-10-07 20:13:09 - [MESSAGE][PASSED] - Delayed 3 second(s)

2022-10-07 20:13:09 - [TEST_STEP][PASSED] - click(findTestObject("09-Settings/Users/div_Users")): Object: 'Object Repository/09-Settings/Users/div_Users' is clicked on

2022-10-07 20:13:09 - [MESSAGE][PASSED] - Object: 'Object Repository/09-Settings/Users/div_Users' is clicked on

2022-10-07 20:13:09 - [TEST_STEP][PASSED] - delay(3): Delayed 3 second(s)

2022-10-07 20:13:12 - [MESSAGE][PASSED] - Delayed 3 second(s)

2022-10-07 20:13:12 - [TEST_STEP][PASSED] - click(findTestObject("09-Settings/Users/button_add")): Object: 'Object Repository/09-Settings/Users/button_add' is clicked on

2022-10-07 20:13:13 - [MESSAGE][PASSED] - Object: 'Object Repository/09-Settings/Users/button_add' is clicked on

2022-10-07 20:13:13 - [TEST_STEP][PASSED] - delay(3): Delayed 3 second(s)

2022-10-07 20:13:16 - [MESSAGE][PASSED] - Delayed 3 second(s)

2022-10-07 20:13:16 - [TEST_STEP][PASSED] - click(findTestObject("09-Settings/Users/add Invite a single user")): Object: 'Object Repository/09-Settings/Users/add Invite a single user' is clicked on

2022-10-07 20:13:16 - [MESSAGE][PASSED] - Object: 'Object Repository/09-Settings/Users/add Invite a single user' is clicked on

2022-10-07 20:13:16 - [TEST_STEP][PASSED] - delay(3): Delayed 3 second(s)

2022-10-07 20:13:19 - [MESSAGE][PASSED] - Delayed 3 second(s)

2022-10-07 20:13:19 - [TEST_STEP][PASSED] - setText(findTestObject("09-Settings/Users/input_email"), "autotester10@mailinator.com"): Text 'autotester10@mailinator.com' is set on object 'Object Repository/09-Settings/Users/input_email'

2022-10-07 20:13:20 - [MESSAGE][PASSED] - Text 'autotester10@mailinator.com' is set on object 'Object Repository/09-Settings/Users/input_email'

2022-10-07 20:13:20 - [TEST_STEP][PASSED] - setText(findTestObject("09-Settings/Users/input_firstName"), "GG"): Text 'GG' is set on object 'Object Repository/09-Settings/Users/input_firstName'

2022-10-07 20:13:21 - [MESSAGE][PASSED] - Text 'GG' is set on object 'Object Repository/09-Settings/Users/input_firstName'

2022-10-07 20:13:21 - [TEST_STEP][PASSED] - setText(findTestObject("09-Settings/Users/input_lastName"), "Partner"): Text 'Partner' is set on object 'Object Repository/09-Settings/Users/input_lastName'

2022-10-07 20:13:22 - [MESSAGE][PASSED] - Text 'Partner' is set on object 'Object Repository/09-Settings/Users/input_lastName'

2022-10-07 20:13:22 - [TEST_STEP][PASSED] - click(findTestObject("09-Settings/Users/span_Role")): Object: 'Object Repository/09-Settings/Users/span_Role' is clicked on

2022-10-07 20:13:22 - [MESSAGE][PASSED] - Object: 'Object Repository/09-Settings/Users/span_Role' is clicked on

2022-10-07 20:13:22 - [TEST_STEP][PASSED] - click(findTestObject("09-Settings/Users/span_Partner")): Object: 'Object Repository/09-Settings/Users/span_Partner' is clicked on

2022-10-07 20:13:23 - [MESSAGE][PASSED] - Object: 'Object Repository/09-Settings/Users/span_Partner' is clicked on

2022-10-07 20:13:23 - [TEST_STEP][PASSED] - click(findTestObject("09-Settings/Users/button_Send Invitation")): Object: 'Object Repository/09-Settings/Users/button_Send Invitation' is clicked on

2022-10-07 20:13:24 - [MESSAGE][PASSED] - Object: 'Object Repository/09-Settings/Users/button_Send Invitation' is clicked on

2022-10-07 20:13:24 - [TEST_STEP][PASSED] - delay(2): Delayed 2 second(s)

2022-10-07 20:13:26 - [MESSAGE][PASSED] - Delayed 2 second(s)

2022-10-07 20:13:26 - [TEST_STEP][PASSED] - verifyElementVisible(findTestObject("07-Directory/Connections/zContact Profile/Successfully invited user")): Object 'Object Repository/07-Directory/Connections/zContact Profile/Successfully invited user' is visible

2022-10-07 20:13:27 - [MESSAGE][PASSED] - Object 'Object Repository/07-Directory/Connections/zContact Profile/Successfully invited user' is visible

2022-10-07 20:13:27 - [TEST_STEP][PASSED] - delay(2): Delayed 2 second(s)

2022-10-07 20:13:29 - [MESSAGE][PASSED] - Delayed 2 second(s)

2022-10-07 20:13:29 - [TEST_STEP][PASSED] - click(findTestObject("01-Login and Forgot Password/User menu drop")): Object: 'Object Repository/01-Login and Forgot Password/User menu drop' is clicked on

2022-10-07 20:13:30 - [MESSAGE][PASSED] - Object: 'Object Repository/01-Login and Forgot Password/User menu drop' is clicked on

2022-10-07 20:13:30 - [TEST_STEP][PASSED] - delay(2): Delayed 2 second(s)

2022-10-07 20:13:32 - [MESSAGE][PASSED] - Delayed 2 second(s)

2022-10-07 20:13:32 - [TEST_STEP][PASSED] - click(findTestObject("01-Login and Forgot Password/h4_Sign Out"), STOP_ON_FAILURE): Object: 'Object Repository/01-Login and Forgot Password/h4_Sign Out' is clicked on

2022-10-07 20:13:32 - [MESSAGE][PASSED] - Object: 'Object Repository/01-Login and Forgot Password/h4_Sign Out' is clicked on

2022-10-07 20:13:32 - [TEST_STEP][PASSED] - delay(2): Delayed 2 second(s)

2022-10-07 20:13:34 - [MESSAGE][PASSED] - Delayed 2 second(s)

2022-10-07 20:13:34 - [TEST_STEP][PASSED] - verifyElementPresent(findTestObject("01-Login and Forgot Password/Login_Card"), 0): Object 'Object Repository/01-Login and Forgot Password/Login_Card' is present

2022-10-07 20:13:34 - [MESSAGE][WARNING] - Timeout '0' is invalid. Using default page load timeout: '30'

2022-10-07 20:13:34 - [MESSAGE][PASSED] - Object 'Object Repository/01-Login and Forgot Password/Login_Card' is present

2022-10-07 20:13:34 - [TEST_STEP][PASSED] - delay(3): Delayed 3 second(s)

2022-10-07 20:13:37 - [MESSAGE][PASSED] - Delayed 3 second(s)

2022-10-07 20:13:37 - [TEST_STEP][PASSED] - closeBrowser(): Browser is closed

2022-10-07 20:13:38 - [MESSAGE][PASSED] - Browser is closed

2022-10-07 20:13:38 - [TEST_STEP][PASSED] - openBrowser(""): Browser is opened with url: ''

2022-10-07 20:13:38 - [MESSAGE][INFO] - Starting 'Chrome' driver

2022-10-07 20:13:38 - [MESSAGE][INFO] - Action delay is set to 0 milliseconds

2022-10-07 20:13:39 - [MESSAGE][PASSED] - Browser is opened with url: ''

2022-10-07 20:13:39 - [TEST_STEP][PASSED] - navigateToUrl("https://lab.everleagues.com/"): Navigate to 'https://lab.everleagues.com/' successfully

2022-10-07 20:14:20 - [MESSAGE][PASSED] - Navigate to 'https://lab.everleagues.com/' successfully

2022-10-07 20:14:20 - [TEST_STEP][PASSED] - maximizeWindow(): Current window maximized

2022-10-07 20:14:20 - [MESSAGE][PASSED] - Current window maximized

2022-10-07 20:14:20 - [TEST_STEP][PASSED] - setText(findTestObject("02-Side Icons(Organization)/Add Contact/Email Field"), "autotester10@mailinator.com"): Text 'autotester10@mailinator.com' is set on object 'Object Repository/02-Side Icons(Organization)/Add Contact/Email Field'

2022-10-07 20:14:22 - [MESSAGE][PASSED] - Text 'autotester10@mailinator.com' is set on object 'Object Repository/02-Side Icons(Organization)/Add Contact/Email Field'

2022-10-07 20:14:22 - [TEST_STEP][PASSED] - setEncryptedText(findTestObject("02-Side Icons(Organization)/Add Contact/Password Field"), "8yFRyszE6U6jvsCn51OQbg=="): Text ****** has been set on object 'Object Repository/02-Side Icons(Organization)/Add Contact/Password Field'

2022-10-07 20:14:22 - [MESSAGE][PASSED] - Text ****** has been set on object 'Object Repository/02-Side Icons(Organization)/Add Contact/Password Field'

2022-10-07 20:14:22 - [TEST_STEP][PASSED] - click(findTestObject("02-Side Icons(Organization)/Add Contact/button_Sign in")): Object: 'Object Repository/02-Side Icons(Organization)/Add Contact/button_Sign in' is clicked on

2022-10-07 20:14:23 - [MESSAGE][PASSED] - Object: 'Object Repository/02-Side Icons(Organization)/Add Contact/button_Sign in' is clicked on

2022-10-07 20:14:23 - [TEST_STEP][PASSED] - delay(2): Delayed 2 second(s)

2022-10-07 20:14:25 - [MESSAGE][PASSED] - Delayed 2 second(s)

2022-10-07 20:14:25 - [TEST_STEP][PASSED] - click(findTestObject("06-Teams/For 2FA/button_Confirm_2FA")): Object: 'Object Repository/06-Teams/For 2FA/button_Confirm_2FA' is clicked on

2022-10-07 20:14:25 - [MESSAGE][PASSED] - Object: 'Object Repository/06-Teams/For 2FA/button_Confirm_2FA' is clicked on

2022-10-07 20:14:25 - [TEST_STEP][PASSED] - executeJavaScript("window.open();", []): Execute JavaScript 'window.open();' successfully

2022-10-07 20:14:25 - [MESSAGE][PASSED] - Execute JavaScript 'window.open();' successfully

2022-10-07 20:14:25 - [TEST_STEP][PASSED] - currentWindow = getWindowIndex(): Current window's index is: 0

2022-10-07 20:14:25 - [MESSAGE][PASSED] - Current window's index is: 0

2022-10-07 20:14:25 - [TEST_STEP][PASSED] - delay(3): Delayed 3 second(s)

2022-10-07 20:14:28 - [MESSAGE][PASSED] - Delayed 3 second(s)

2022-10-07 20:14:28 - [TEST_STEP][PASSED] - switchToWindowIndex(currentWindow + 1): Switched to window with index: '1'

2022-10-07 20:14:28 - [MESSAGE][PASSED] - Switched to window with index: '1'

2022-10-07 20:14:28 - [TEST_STEP][PASSED] - navigateToUrl("https://www.mailinator.com/"): Navigate to 'https://www.mailinator.com/' successfully

2022-10-07 20:14:31 - [MESSAGE][PASSED] - Navigate to 'https://www.mailinator.com/' successfully

2022-10-07 20:14:31 - [TEST_STEP][PASSED] - delay(3): Delayed 3 second(s)

2022-10-07 20:14:34 - [MESSAGE][PASSED] - Delayed 3 second(s)

2022-10-07 20:14:34 - [TEST_STEP][PASSED] - setText(findTestObject("00-Signup and Activation/zMailinator/input_LOGIN_search"), "autotester10@mailinator.com"): Text 'autotester10@mailinator.com' is set on object 'Object Repository/00-Signup and Activation/zMailinator/input_LOGIN_search'

2022-10-07 20:14:35 - [MESSAGE][PASSED] - Text 'autotester10@mailinator.com' is set on object 'Object Repository/00-Signup and Activation/zMailinator/input_LOGIN_search'

2022-10-07 20:14:35 - [TEST_STEP][PASSED] - click(findTestObject("00-Signup and Activation/zMailinator/gobutton"), STOP_ON_FAILURE): Object: 'Object Repository/00-Signup and Activation/zMailinator/gobutton' is clicked on

2022-10-07 20:14:37 - [MESSAGE][PASSED] - Object: 'Object Repository/00-Signup and Activation/zMailinator/gobutton' is clicked on

2022-10-07 20:14:37 - [TEST_STEP][PASSED] - delay(3): Delayed 3 second(s)

2022-10-07 20:14:40 - [MESSAGE][PASSED] - Delayed 3 second(s)

2022-10-07 20:14:40 - [TEST_STEP][PASSED] - click(findTestObject("00-Signup and Activation/zMailinator/Email - everleagues")): Object: 'Object Repository/00-Signup and Activation/zMailinator/Email - everleagues' is clicked on

2022-10-07 20:14:40 - [MESSAGE][PASSED] - Object: 'Object Repository/00-Signup and Activation/zMailinator/Email - everleagues' is clicked on

2022-10-07 20:14:40 - [TEST_STEP][PASSED] - delay(3): Delayed 3 second(s)

2022-10-07 20:14:43 - [MESSAGE][PASSED] - Delayed 3 second(s)

2022-10-07 20:14:43 - [TEST_STEP][PASSED] - codetwo = getText(findTestObject("Object Repository/06-Teams/For 2FA/2FA code")): Text of object 'Object Repository/06-Teams/For 2FA/2FA code' is: '867098'

2022-10-07 20:14:43 - [MESSAGE][PASSED] - Text of object 'Object Repository/06-Teams/For 2FA/2FA code' is: '867098'

2022-10-07 20:14:43 - [TEST_STEP][PASSED] - delay(3): Delayed 3 second(s)

2022-10-07 20:14:46 - [MESSAGE][PASSED] - Delayed 3 second(s)

2022-10-07 20:14:46 - [TEST_STEP][PASSED] - closeWindowTitle("Mailinator"): Window with title: 'Mailinator' is closed

2022-10-07 20:14:47 - [MESSAGE][PASSED] - Window with title: 'Mailinator' is closed

2022-10-07 20:14:47 - [TEST_STEP][PASSED] - delay(3): Delayed 3 second(s)

2022-10-07 20:14:50 - [MESSAGE][PASSED] - Delayed 3 second(s)

2022-10-07 20:14:50 - [TEST_STEP][PASSED] - switchToWindowIndex(0): Switched to window with index: '0'

2022-10-07 20:14:50 - [MESSAGE][PASSED] - Switched to window with index: '0'

2022-10-07 20:14:50 - [TEST_STEP][PASSED] - delay(3): Delayed 3 second(s)

2022-10-07 20:14:53 - [MESSAGE][PASSED] - Delayed 3 second(s)

2022-10-07 20:14:53 - [TEST_STEP][PASSED] - setText(findTestObject("Object Repository/06-Teams/For 2FA/input_Enter verification code_code"), codetwo): Text '867098' is set on object 'Object Repository/06-Teams/For 2FA/input_Enter verification code_code'

2022-10-07 20:14:54 - [MESSAGE][PASSED] - Text '867098' is set on object 'Object Repository/06-Teams/For 2FA/input_Enter verification code_code'

2022-10-07 20:14:54 - [TEST_STEP][PASSED] - delay(3): Delayed 3 second(s)

2022-10-07 20:14:57 - [MESSAGE][PASSED] - Delayed 3 second(s)

2022-10-07 20:14:57 - [TEST_STEP][PASSED] - click(findTestObject("06-Teams/For 2FA/button_Verify_2FA")): Object: 'Object Repository/06-Teams/For 2FA/button_Verify_2FA' is clicked on

2022-10-07 20:14:57 - [MESSAGE][PASSED] - Object: 'Object Repository/06-Teams/For 2FA/button_Verify_2FA' is clicked on

2022-10-07 20:14:57 - [TEST_STEP][PASSED] - delay(5): Delayed 5 second(s)

2022-10-07 20:15:02 - [MESSAGE][PASSED] - Delayed 5 second(s)

2022-10-07 20:15:02 - [TEST_STEP][PASSED] - executeJavaScript("window.open();", []): Execute JavaScript 'window.open();' successfully

2022-10-07 20:15:02 - [MESSAGE][PASSED] - Execute JavaScript 'window.open();' successfully

2022-10-07 20:15:02 - [TEST_STEP][PASSED] - currentWindow = getWindowIndex(): Current window's index is: 0

2022-10-07 20:15:02 - [MESSAGE][PASSED] - Current window's index is: 0

2022-10-07 20:15:02 - [TEST_STEP][PASSED] - delay(3): Delayed 3 second(s)

2022-10-07 20:15:05 - [MESSAGE][PASSED] - Delayed 3 second(s)

2022-10-07 20:15:05 - [TEST_STEP][PASSED] - switchToWindowIndex(currentWindow + 1): Switched to window with index: '1'

2022-10-07 20:15:05 - [MESSAGE][PASSED] - Switched to window with index: '1'

2022-10-07 20:15:05 - [TEST_STEP][PASSED] - navigateToUrl("https://www.mailinator.com/"): Navigate to 'https://www.mailinator.com/' successfully

2022-10-07 20:15:06 - [MESSAGE][PASSED] - Navigate to 'https://www.mailinator.com/' successfully

2022-10-07 20:15:06 - [TEST_STEP][PASSED] - delay(3): Delayed 3 second(s)

2022-10-07 20:15:09 - [MESSAGE][PASSED] - Delayed 3 second(s)

2022-10-07 20:15:09 - [TEST_STEP][PASSED] - setText(findTestObject("00-Signup and Activation/zMailinator/input_LOGIN_search"), "autotester10@mailinator.com"): Text 'autotester10@mailinator.com' is set on object 'Object Repository/00-Signup and Activation/zMailinator/input_LOGIN_search'

2022-10-07 20:15:10 - [MESSAGE][PASSED] - Text 'autotester10@mailinator.com' is set on object 'Object Repository/00-Signup and Activation/zMailinator/input_LOGIN_search'

2022-10-07 20:15:10 - [TEST_STEP][PASSED] - click(findTestObject("00-Signup and Activation/zMailinator/gobutton"), STOP_ON_FAILURE): Object: 'Object Repository/00-Signup and Activation/zMailinator/gobutton' is clicked on

2022-10-07 20:15:11 - [MESSAGE][PASSED] - Object: 'Object Repository/00-Signup and Activation/zMailinator/gobutton' is clicked on

2022-10-07 20:15:11 - [TEST_STEP][PASSED] - delay(3): Delayed 3 second(s)

2022-10-07 20:15:14 - [MESSAGE][PASSED] - Delayed 3 second(s)

2022-10-07 20:15:14 - [TEST_STEP][PASSED] - closeWindowTitle("Everleagues"): Window with title: 'Everleagues' is closed

2022-10-07 20:15:14 - [MESSAGE][PASSED] - Window with title: 'Everleagues' is closed

2022-10-07 20:15:14 - [TEST_STEP][PASSED] - switchToWindowIndex(0): Switched to window with index: '0'

2022-10-07 20:15:14 - [MESSAGE][PASSED] - Switched to window with index: '0'

2022-10-07 20:15:14 - [TEST_STEP][PASSED] - click(findTestObject("09-Settings/Users/Co worker/td_Invitation from GG Automation")): Object: 'Object Repository/09-Settings/Users/Co worker/td_Invitation from GG Automation' is clicked on

2022-10-07 20:15:14 - [MESSAGE][PASSED] - Object: 'Object Repository/09-Settings/Users/Co worker/td_Invitation from GG Automation' is clicked on

2022-10-07 20:15:14 - [TEST_STEP][PASSED] - click(findTestObject("09-Settings/Users/Co worker/a_Click here to join GG Automation on EverLeagues")): Object: 'Object Repository/09-Settings/Users/Co worker/a_Click here to join GG Automation on EverLeagues' is clicked on

2022-10-07 20:15:15 - [MESSAGE][PASSED] - Object: 'Object Repository/09-Settings/Users/Co worker/a_Click here to join GG Automation on EverLeagues' is clicked on

2022-10-07 20:15:15 - [TEST_STEP][PASSED] - closeWindowTitle("Mailinator"): Window with title: 'Mailinator' is closed

2022-10-07 20:15:15 - [MESSAGE][PASSED] - Window with title: 'Mailinator' is closed

2022-10-07 20:15:15 - [TEST_STEP][PASSED] - switchToWindowIndex(0): Switched to window with index: '0'

2022-10-07 20:15:15 - [MESSAGE][PASSED] - Switched to window with index: '0'

2022-10-07 20:15:15 - [TEST_STEP][PASSED] - verifyElementVisible(findTestObject("09-Settings/Users/Client/Invite modal")): Object 'Object Repository/09-Settings/Users/Client/Invite modal' is visible

2022-10-07 20:15:22 - [MESSAGE][PASSED] - Object 'Object Repository/09-Settings/Users/Client/Invite modal' is visible

2022-10-07 20:15:22 - [TEST_STEP][PASSED] - setText(findTestObject("09-Settings/Users/Client/Company field"), "QA Company"): Text 'QA Company' is set on object 'Object Repository/09-Settings/Users/Client/Company field'

2022-10-07 20:15:22 - [MESSAGE][PASSED] - Text 'QA Company' is set on object 'Object Repository/09-Settings/Users/Client/Company field'

2022-10-07 20:15:22 - [TEST_STEP][PASSED] - click(findTestObject("09-Settings/Users/Client/button_Accept")): Object: 'Object Repository/09-Settings/Users/Client/button_Accept' is clicked on

2022-10-07 20:15:23 - [MESSAGE][PASSED] - Object: 'Object Repository/09-Settings/Users/Client/button_Accept' is clicked on

2022-10-07 20:15:23 - [TEST_STEP][PASSED] - delay(10): Delayed 10 second(s)

2022-10-07 20:15:33 - [MESSAGE][PASSED] - Delayed 10 second(s)

2022-10-07 20:15:33 - [TEST_STEP][PASSED] - verifyElementVisible(findTestObject("09-Settings/Users/div_Joined as Partner")): Object 'Object Repository/09-Settings/Users/div_Joined as Partner' is visible

2022-10-07 20:15:33 - [MESSAGE][PASSED] - Object 'Object Repository/09-Settings/Users/div_Joined as Partner' is visible

2022-10-07 20:15:33 - [TEST_STEP][PASSED] - delay(3): Delayed 3 second(s)

2022-10-07 20:15:36 - [MESSAGE][PASSED] - Delayed 3 second(s)

2022-10-07 20:15:36 - [TEST_STEP][PASSED] - closeBrowser(): Browser is closed

2022-10-07 20:15:37 - [MESSAGE][PASSED] - Browser is closed]]></system-out>
         <system-err><![CDATA[]]></system-err>
      </testcase>
      <testcase name="Test Cases/09-Settings/05 - Users (Invite batch of users via CSV file)" time="161.197" classname="Test Cases/09-Settings/05 - Users (Invite batch of users via CSV file)" status="FAILED">
         <failure type="FAILED" message="Test Cases/09-Settings/05 - Users (Invite batch of users via CSV file) FAILED.
Reason:
com.kms.katalon.core.exception.StepFailedException: Unable to verify object 'Object Repository/09-Settings/Users/CSV Invite/div_Partner' is visible
	at com.kms.katalon.core.webui.keyword.internal.WebUIKeywordMain.stepFailed(WebUIKeywordMain.groovy:64)
	at com.kms.katalon.core.webui.keyword.internal.WebUIKeywordMain.runKeyword(WebUIKeywordMain.groovy:26)
	at com.kms.katalon.core.webui.keyword.builtin.VerifyElementVisibleKeyword.verifyElementVisible(VerifyElementVisibleKeyword.groovy:97)
	at com.kms.katalon.core.webui.keyword.builtin.VerifyElementVisibleKeyword.execute(VerifyElementVisibleKeyword.groovy:67)
	at com.kms.katalon.core.keyword.internal.KeywordExecutor.executeKeywordForPlatform(KeywordExecutor.groovy:74)
	at com.kms.katalon.core.webui.keyword.WebUiBuiltInKeywords.verifyElementVisible(WebUiBuiltInKeywords.groovy:376)
	at com.kms.katalon.core.webui.keyword.WebUiBuiltInKeywords$verifyElementVisible$11.call(Unknown Source)
	at 05 - Users (Invite batch of users via CSV file).run(05 - Users (Invite batch of users via CSV file):133)
	at com.kms.katalon.core.main.ScriptEngine.run(ScriptEngine.java:194)
	at com.kms.katalon.core.main.ScriptEngine.runScriptAsRawText(ScriptEngine.java:119)
	at com.kms.katalon.core.main.TestCaseExecutor.runScript(TestCaseExecutor.java:448)
	at com.kms.katalon.core.main.TestCaseExecutor.doExecute(TestCaseExecutor.java:439)
	at com.kms.katalon.core.main.TestCaseExecutor.processExecutionPhase(TestCaseExecutor.java:418)
	at com.kms.katalon.core.main.TestCaseExecutor.accessMainPhase(TestCaseExecutor.java:410)
	at com.kms.katalon.core.main.TestCaseExecutor.execute(TestCaseExecutor.java:285)
	at com.kms.katalon.core.common.CommonExecutor.accessTestCaseMainPhase(CommonExecutor.java:65)
	at com.kms.katalon.core.main.TestSuiteExecutor.accessTestSuiteMainPhase(TestSuiteExecutor.java:144)
	at com.kms.katalon.core.main.TestSuiteExecutor.execute(TestSuiteExecutor.java:106)
	at com.kms.katalon.core.main.TestCaseMain.startTestSuite(TestCaseMain.java:185)
	at com.kms.katalon.core.main.TestCaseMain$startTestSuite$0.call(Unknown Source)
	at TempTestSuite1665143895638.run(TempTestSuite1665143895638.groovy:36)
Caused by: com.kms.katalon.core.exception.StepFailedException: Web element with id: 'Object Repository/09-Settings/Users/CSV Invite/div_Partner' located by '//div[@class = 'td-data-table-cell-content-wrapper' and (text() = 'Partner' or . = 'Partner')]' not found
	at com.kms.katalon.core.webui.keyword.internal.WebUIKeywordMain.stepFailed(WebUIKeywordMain.groovy:64)
	at com.kms.katalon.core.webui.keyword.builtin.VerifyElementVisibleKeyword$_verifyElementVisible_closure1.doCall(VerifyElementVisibleKeyword.groovy:89)
	at com.kms.katalon.core.webui.keyword.builtin.VerifyElementVisibleKeyword$_verifyElementVisible_closure1.call(VerifyElementVisibleKeyword.groovy)
	at com.kms.katalon.core.webui.keyword.internal.WebUIKeywordMain.runKeyword(WebUIKeywordMain.groovy:20)
	... 19 more
"/>
         <system-out><![CDATA[2022-10-07 20:15:37 - [TEST_CASE][FAILED] - Test Cases/09-Settings/05 - Users (Invite batch of users via CSV file): Test Cases/09-Settings/05 - Users (Invite batch of users via CSV file) FAILED.
Reason:
com.kms.katalon.core.exception.StepFailedException: Unable to verify object 'Object Repository/09-Settings/Users/CSV Invite/div_Partner' is visible
	at com.kms.katalon.core.webui.keyword.internal.WebUIKeywordMain.stepFailed(WebUIKeywordMain.groovy:64)
	at com.kms.katalon.core.webui.keyword.internal.WebUIKeywordMain.runKeyword(WebUIKeywordMain.groovy:26)
	at com.kms.katalon.core.webui.keyword.builtin.VerifyElementVisibleKeyword.verifyElementVisible(VerifyElementVisibleKeyword.groovy:97)
	at com.kms.katalon.core.webui.keyword.builtin.VerifyElementVisibleKeyword.execute(VerifyElementVisibleKeyword.groovy:67)
	at com.kms.katalon.core.keyword.internal.KeywordExecutor.executeKeywordForPlatform(KeywordExecutor.groovy:74)
	at com.kms.katalon.core.webui.keyword.WebUiBuiltInKeywords.verifyElementVisible(WebUiBuiltInKeywords.groovy:376)
	at com.kms.katalon.core.webui.keyword.WebUiBuiltInKeywords$verifyElementVisible$11.call(Unknown Source)
	at 05 - Users (Invite batch of users via CSV file).run(05 - Users (Invite batch of users via CSV file):133)
	at com.kms.katalon.core.main.ScriptEngine.run(ScriptEngine.java:194)
	at com.kms.katalon.core.main.ScriptEngine.runScriptAsRawText(ScriptEngine.java:119)
	at com.kms.katalon.core.main.TestCaseExecutor.runScript(TestCaseExecutor.java:448)
	at com.kms.katalon.core.main.TestCaseExecutor.doExecute(TestCaseExecutor.java:439)
	at com.kms.katalon.core.main.TestCaseExecutor.processExecutionPhase(TestCaseExecutor.java:418)
	at com.kms.katalon.core.main.TestCaseExecutor.accessMainPhase(TestCaseExecutor.java:410)
	at com.kms.katalon.core.main.TestCaseExecutor.execute(TestCaseExecutor.java:285)
	at com.kms.katalon.core.common.CommonExecutor.accessTestCaseMainPhase(CommonExecutor.java:65)
	at com.kms.katalon.core.main.TestSuiteExecutor.accessTestSuiteMainPhase(TestSuiteExecutor.java:144)
	at com.kms.katalon.core.main.TestSuiteExecutor.execute(TestSuiteExecutor.java:106)
	at com.kms.katalon.core.main.TestCaseMain.startTestSuite(TestCaseMain.java:185)
	at com.kms.katalon.core.main.TestCaseMain$startTestSuite$0.call(Unknown Source)
	at TempTestSuite1665143895638.run(TempTestSuite1665143895638.groovy:36)
Caused by: com.kms.katalon.core.exception.StepFailedException: Web element with id: 'Object Repository/09-Settings/Users/CSV Invite/div_Partner' located by '//div[@class = 'td-data-table-cell-content-wrapper' and (text() = 'Partner' or . = 'Partner')]' not found
	at com.kms.katalon.core.webui.keyword.internal.WebUIKeywordMain.stepFailed(WebUIKeywordMain.groovy:64)
	at com.kms.katalon.core.webui.keyword.builtin.VerifyElementVisibleKeyword$_verifyElementVisible_closure1.doCall(VerifyElementVisibleKeyword.groovy:89)
	at com.kms.katalon.core.webui.keyword.builtin.VerifyElementVisibleKeyword$_verifyElementVisible_closure1.call(VerifyElementVisibleKeyword.groovy)
	at com.kms.katalon.core.webui.keyword.internal.WebUIKeywordMain.runKeyword(WebUIKeywordMain.groovy:20)
	... 19 more


2022-10-07 20:15:37 - [TEST_STEP][PASSED] - openBrowser(""): Browser is opened with url: ''

2022-10-07 20:15:37 - [MESSAGE][INFO] - Starting 'Chrome' driver

2022-10-07 20:15:37 - [MESSAGE][INFO] - Action delay is set to 0 milliseconds

2022-10-07 20:15:38 - [MESSAGE][PASSED] - Browser is opened with url: ''

2022-10-07 20:15:38 - [TEST_STEP][PASSED] - navigateToUrl("https://lab.everleagues.com/"): Navigate to 'https://lab.everleagues.com/' successfully

2022-10-07 20:16:14 - [MESSAGE][PASSED] - Navigate to 'https://lab.everleagues.com/' successfully

2022-10-07 20:16:14 - [TEST_STEP][PASSED] - maximizeWindow(): Current window maximized

2022-10-07 20:16:14 - [MESSAGE][PASSED] - Current window maximized

2022-10-07 20:16:14 - [TEST_STEP][PASSED] - setText(findTestObject("02-Side Icons(Organization)/Add Contact/Email Field"), "testuser02@mailinator.com"): Text 'testuser02@mailinator.com' is set on object 'Object Repository/02-Side Icons(Organization)/Add Contact/Email Field'

2022-10-07 20:16:15 - [MESSAGE][PASSED] - Text 'testuser02@mailinator.com' is set on object 'Object Repository/02-Side Icons(Organization)/Add Contact/Email Field'

2022-10-07 20:16:15 - [TEST_STEP][PASSED] - setEncryptedText(findTestObject("02-Side Icons(Organization)/Add Contact/Password Field"), "8yFRyszE6U6jvsCn51OQbg=="): Text ****** has been set on object 'Object Repository/02-Side Icons(Organization)/Add Contact/Password Field'

2022-10-07 20:16:15 - [MESSAGE][PASSED] - Text ****** has been set on object 'Object Repository/02-Side Icons(Organization)/Add Contact/Password Field'

2022-10-07 20:16:15 - [TEST_STEP][PASSED] - click(findTestObject("02-Side Icons(Organization)/Add Contact/button_Sign in")): Object: 'Object Repository/02-Side Icons(Organization)/Add Contact/button_Sign in' is clicked on

2022-10-07 20:16:16 - [MESSAGE][PASSED] - Object: 'Object Repository/02-Side Icons(Organization)/Add Contact/button_Sign in' is clicked on

2022-10-07 20:16:16 - [TEST_STEP][PASSED] - delay(2): Delayed 2 second(s)

2022-10-07 20:16:19 - [MESSAGE][PASSED] - Delayed 2 second(s)

2022-10-07 20:16:19 - [TEST_STEP][PASSED] - click(findTestObject("06-Teams/For 2FA/button_Confirm_2FA")): Object: 'Object Repository/06-Teams/For 2FA/button_Confirm_2FA' is clicked on

2022-10-07 20:16:19 - [MESSAGE][PASSED] - Object: 'Object Repository/06-Teams/For 2FA/button_Confirm_2FA' is clicked on

2022-10-07 20:16:19 - [TEST_STEP][PASSED] - executeJavaScript("window.open();", []): Execute JavaScript 'window.open();' successfully

2022-10-07 20:16:19 - [MESSAGE][PASSED] - Execute JavaScript 'window.open();' successfully

2022-10-07 20:16:19 - [TEST_STEP][PASSED] - currentWindow = getWindowIndex(): Current window's index is: 0

2022-10-07 20:16:19 - [MESSAGE][PASSED] - Current window's index is: 0

2022-10-07 20:16:19 - [TEST_STEP][PASSED] - delay(3): Delayed 3 second(s)

2022-10-07 20:16:22 - [MESSAGE][PASSED] - Delayed 3 second(s)

2022-10-07 20:16:22 - [TEST_STEP][PASSED] - switchToWindowIndex(currentWindow + 1): Switched to window with index: '1'

2022-10-07 20:16:22 - [MESSAGE][PASSED] - Switched to window with index: '1'

2022-10-07 20:16:22 - [TEST_STEP][PASSED] - navigateToUrl("https://www.mailinator.com/"): Navigate to 'https://www.mailinator.com/' successfully

2022-10-07 20:16:25 - [MESSAGE][PASSED] - Navigate to 'https://www.mailinator.com/' successfully

2022-10-07 20:16:25 - [TEST_STEP][PASSED] - delay(3): Delayed 3 second(s)

2022-10-07 20:16:28 - [MESSAGE][PASSED] - Delayed 3 second(s)

2022-10-07 20:16:28 - [TEST_STEP][PASSED] - setText(findTestObject("00-Signup and Activation/zMailinator/input_LOGIN_search"), "testuser02@mailinator.com"): Text 'testuser02@mailinator.com' is set on object 'Object Repository/00-Signup and Activation/zMailinator/input_LOGIN_search'

2022-10-07 20:16:29 - [MESSAGE][PASSED] - Text 'testuser02@mailinator.com' is set on object 'Object Repository/00-Signup and Activation/zMailinator/input_LOGIN_search'

2022-10-07 20:16:29 - [TEST_STEP][PASSED] - click(findTestObject("00-Signup and Activation/zMailinator/gobutton"), STOP_ON_FAILURE): Object: 'Object Repository/00-Signup and Activation/zMailinator/gobutton' is clicked on

2022-10-07 20:16:30 - [MESSAGE][PASSED] - Object: 'Object Repository/00-Signup and Activation/zMailinator/gobutton' is clicked on

2022-10-07 20:16:30 - [TEST_STEP][PASSED] - delay(3): Delayed 3 second(s)

2022-10-07 20:16:33 - [MESSAGE][PASSED] - Delayed 3 second(s)

2022-10-07 20:16:33 - [TEST_STEP][PASSED] - click(findTestObject("00-Signup and Activation/zMailinator/Email - everleagues")): Object: 'Object Repository/00-Signup and Activation/zMailinator/Email - everleagues' is clicked on

2022-10-07 20:16:34 - [MESSAGE][PASSED] - Object: 'Object Repository/00-Signup and Activation/zMailinator/Email - everleagues' is clicked on

2022-10-07 20:16:34 - [TEST_STEP][PASSED] - delay(3): Delayed 3 second(s)

2022-10-07 20:16:37 - [MESSAGE][PASSED] - Delayed 3 second(s)

2022-10-07 20:16:37 - [TEST_STEP][PASSED] - code = getText(findTestObject("Object Repository/06-Teams/For 2FA/2FA code")): Text of object 'Object Repository/06-Teams/For 2FA/2FA code' is: '638295'

2022-10-07 20:16:37 - [MESSAGE][PASSED] - Text of object 'Object Repository/06-Teams/For 2FA/2FA code' is: '638295'

2022-10-07 20:16:37 - [TEST_STEP][PASSED] - delay(3): Delayed 3 second(s)

2022-10-07 20:16:40 - [MESSAGE][PASSED] - Delayed 3 second(s)

2022-10-07 20:16:40 - [TEST_STEP][PASSED] - closeWindowTitle("Mailinator"): Window with title: 'Mailinator' is closed

2022-10-07 20:16:40 - [MESSAGE][PASSED] - Window with title: 'Mailinator' is closed

2022-10-07 20:16:40 - [TEST_STEP][PASSED] - delay(3): Delayed 3 second(s)

2022-10-07 20:16:43 - [MESSAGE][PASSED] - Delayed 3 second(s)

2022-10-07 20:16:43 - [TEST_STEP][PASSED] - switchToWindowIndex(0): Switched to window with index: '0'

2022-10-07 20:16:43 - [MESSAGE][PASSED] - Switched to window with index: '0'

2022-10-07 20:16:43 - [TEST_STEP][PASSED] - delay(3): Delayed 3 second(s)

2022-10-07 20:16:46 - [MESSAGE][PASSED] - Delayed 3 second(s)

2022-10-07 20:16:46 - [TEST_STEP][PASSED] - setText(findTestObject("Object Repository/06-Teams/For 2FA/input_Enter verification code_code"), code): Text '638295' is set on object 'Object Repository/06-Teams/For 2FA/input_Enter verification code_code'

2022-10-07 20:16:47 - [MESSAGE][PASSED] - Text '638295' is set on object 'Object Repository/06-Teams/For 2FA/input_Enter verification code_code'

2022-10-07 20:16:47 - [TEST_STEP][PASSED] - delay(3): Delayed 3 second(s)

2022-10-07 20:16:50 - [MESSAGE][PASSED] - Delayed 3 second(s)

2022-10-07 20:16:50 - [TEST_STEP][PASSED] - click(findTestObject("06-Teams/For 2FA/button_Verify_2FA")): Object: 'Object Repository/06-Teams/For 2FA/button_Verify_2FA' is clicked on

2022-10-07 20:16:51 - [MESSAGE][PASSED] - Object: 'Object Repository/06-Teams/For 2FA/button_Verify_2FA' is clicked on

2022-10-07 20:16:51 - [TEST_STEP][PASSED] - delay(5): Delayed 5 second(s)

2022-10-07 20:16:56 - [MESSAGE][PASSED] - Delayed 5 second(s)

2022-10-07 20:16:56 - [TEST_STEP][PASSED] - click(findTestObject("06-Teams/button_doublearrow")): Object: 'Object Repository/06-Teams/button_doublearrow' is clicked on

2022-10-07 20:16:56 - [MESSAGE][PASSED] - Object: 'Object Repository/06-Teams/button_doublearrow' is clicked on

2022-10-07 20:16:56 - [TEST_STEP][PASSED] - click(findTestObject("06-Teams/button_My Organizations")): Object: 'Object Repository/06-Teams/button_My Organizations' is clicked on

2022-10-07 20:16:57 - [MESSAGE][PASSED] - Object: 'Object Repository/06-Teams/button_My Organizations' is clicked on

2022-10-07 20:16:57 - [TEST_STEP][PASSED] - click(findTestObject("06-Teams/button_GG Automation")): Object: 'Object Repository/06-Teams/button_GG Automation' is clicked on

2022-10-07 20:16:57 - [MESSAGE][PASSED] - Object: 'Object Repository/06-Teams/button_GG Automation' is clicked on

2022-10-07 20:16:57 - [TEST_STEP][PASSED] - delay(4): Delayed 4 second(s)

2022-10-07 20:17:01 - [MESSAGE][PASSED] - Delayed 4 second(s)

2022-10-07 20:17:01 - [TEST_STEP][PASSED] - verifyElementVisible(findTestObject("06-Teams/span_GG Automation")): Object 'Object Repository/06-Teams/span_GG Automation' is visible

2022-10-07 20:17:02 - [MESSAGE][PASSED] - Object 'Object Repository/06-Teams/span_GG Automation' is visible

2022-10-07 20:17:02 - [TEST_STEP][PASSED] - delay(10): Delayed 10 second(s)

2022-10-07 20:17:12 - [MESSAGE][PASSED] - Delayed 10 second(s)

2022-10-07 20:17:12 - [TEST_STEP][PASSED] - click(findTestObject("03-Header Menu/Hamburger Button/div_Settings")): Object: 'Object Repository/03-Header Menu/Hamburger Button/div_Settings' is clicked on

2022-10-07 20:17:12 - [MESSAGE][PASSED] - Object: 'Object Repository/03-Header Menu/Hamburger Button/div_Settings' is clicked on

2022-10-07 20:17:12 - [TEST_STEP][PASSED] - delay(3): Delayed 3 second(s)

2022-10-07 20:17:15 - [MESSAGE][PASSED] - Delayed 3 second(s)

2022-10-07 20:17:15 - [TEST_STEP][PASSED] - click(findTestObject("09-Settings/Users/div_Users")): Object: 'Object Repository/09-Settings/Users/div_Users' is clicked on

2022-10-07 20:17:16 - [MESSAGE][PASSED] - Object: 'Object Repository/09-Settings/Users/div_Users' is clicked on

2022-10-07 20:17:16 - [TEST_STEP][PASSED] - delay(3): Delayed 3 second(s)

2022-10-07 20:17:19 - [MESSAGE][PASSED] - Delayed 3 second(s)

2022-10-07 20:17:19 - [TEST_STEP][PASSED] - click(findTestObject("09-Settings/Users/button_add")): Object: 'Object Repository/09-Settings/Users/button_add' is clicked on

2022-10-07 20:17:19 - [MESSAGE][PASSED] - Object: 'Object Repository/09-Settings/Users/button_add' is clicked on

2022-10-07 20:17:19 - [TEST_STEP][PASSED] - delay(3): Delayed 3 second(s)

2022-10-07 20:17:22 - [MESSAGE][PASSED] - Delayed 3 second(s)

2022-10-07 20:17:22 - [TEST_STEP][PASSED] - click(findTestObject("09-Settings/Users/Invite batch of users via CSV file")): Object: 'Object Repository/09-Settings/Users/Invite batch of users via CSV file' is clicked on

2022-10-07 20:17:23 - [MESSAGE][PASSED] - Object: 'Object Repository/09-Settings/Users/Invite batch of users via CSV file' is clicked on

2022-10-07 20:17:23 - [TEST_STEP][PASSED] - verifyElementVisible(findTestObject("09-Settings/Users/CSV Invite/Import CSV File modal")): Object 'Object Repository/09-Settings/Users/CSV Invite/Import CSV File modal' is visible

2022-10-07 20:17:24 - [MESSAGE][PASSED] - Object 'Object Repository/09-Settings/Users/CSV Invite/Import CSV File modal' is visible

2022-10-07 20:17:24 - [TEST_STEP][PASSED] - verifyElementNotClickable(findTestObject("09-Settings/Users/CSV Invite/button_Import")): Object 'Object Repository/09-Settings/Users/CSV Invite/button_Import' is NOT clickable

2022-10-07 20:17:24 - [MESSAGE][PASSED] - Object 'Object Repository/09-Settings/Users/CSV Invite/button_Import' is NOT clickable

2022-10-07 20:17:24 - [TEST_STEP][PASSED] - delay(3): Delayed 3 second(s)

2022-10-07 20:17:27 - [MESSAGE][PASSED] - Delayed 3 second(s)

2022-10-07 20:17:27 - [TEST_STEP][PASSED] - uploadpackage.Upload.uploadFile(findTestObject("Object Repository/09-Settings/Users/CSV Invite/button_Choose File"), "C:\Users\User\Desktop\EL automation\sample csv.csv"): uploadpackage.Upload.uploadFile is PASSED

2022-10-07 20:17:27 - [MESSAGE][PASSED] - Object: 'Object Repository/09-Settings/Users/CSV Invite/button_Choose File' is clicked on

2022-10-07 20:17:28 - [MESSAGE][PASSED] - uploadpackage.Upload.uploadFile is PASSED

2022-10-07 20:17:28 - [TEST_STEP][PASSED] - delay(3): Delayed 3 second(s)

2022-10-07 20:17:31 - [MESSAGE][PASSED] - Delayed 3 second(s)

2022-10-07 20:17:31 - [TEST_STEP][PASSED] - verifyElementVisible(findTestObject("09-Settings/Users/CSV Invite/div_Sample csv.csv")): Object 'Object Repository/09-Settings/Users/CSV Invite/div_Sample csv.csv' is visible

2022-10-07 20:17:31 - [MESSAGE][PASSED] - Object 'Object Repository/09-Settings/Users/CSV Invite/div_Sample csv.csv' is visible

2022-10-07 20:17:31 - [TEST_STEP][PASSED] - click(findTestObject("09-Settings/Users/CSV Invite/button_Import")): Object: 'Object Repository/09-Settings/Users/CSV Invite/button_Import' is clicked on

2022-10-07 20:17:31 - [MESSAGE][PASSED] - Object: 'Object Repository/09-Settings/Users/CSV Invite/button_Import' is clicked on

2022-10-07 20:17:31 - [TEST_STEP][PASSED] - delay(10): Delayed 10 second(s)

2022-10-07 20:17:41 - [MESSAGE][PASSED] - Delayed 10 second(s)

2022-10-07 20:17:41 - [TEST_STEP][PASSED] - verifyElementVisible(findTestObject("09-Settings/Users/CSV Invite/Success import modal")): Object 'Object Repository/09-Settings/Users/CSV Invite/Success import modal' is visible

2022-10-07 20:17:42 - [MESSAGE][PASSED] - Object 'Object Repository/09-Settings/Users/CSV Invite/Success import modal' is visible

2022-10-07 20:17:42 - [TEST_STEP][PASSED] - click(findTestObject("09-Settings/Users/CSV Invite/button_Close")): Object: 'Object Repository/09-Settings/Users/CSV Invite/button_Close' is clicked on

2022-10-07 20:17:42 - [MESSAGE][PASSED] - Object: 'Object Repository/09-Settings/Users/CSV Invite/button_Close' is clicked on

2022-10-07 20:17:42 - [TEST_STEP][PASSED] - click(findTestObject("09-Settings/Users/CSV Invite/Invited Users tab")): Object: 'Object Repository/09-Settings/Users/CSV Invite/Invited Users tab' is clicked on

2022-10-07 20:17:43 - [MESSAGE][PASSED] - Object: 'Object Repository/09-Settings/Users/CSV Invite/Invited Users tab' is clicked on

2022-10-07 20:17:43 - [TEST_STEP][PASSED] - delay(3): Delayed 3 second(s)

2022-10-07 20:17:46 - [MESSAGE][PASSED] - Delayed 3 second(s)

2022-10-07 20:17:46 - [TEST_STEP][PASSED] - verifyElementVisible(findTestObject("09-Settings/Users/CSV Invite/div_CTCSV test3")): Object 'Object Repository/09-Settings/Users/CSV Invite/div_CTCSV test3' is visible

2022-10-07 20:17:46 - [MESSAGE][PASSED] - Object 'Object Repository/09-Settings/Users/CSV Invite/div_CTCSV test3' is visible

2022-10-07 20:17:46 - [TEST_STEP][PASSED] - verifyElementVisible(findTestObject("09-Settings/Users/CSV Invite/div_autotester08mailinator.com")): Object 'Object Repository/09-Settings/Users/CSV Invite/div_autotester08mailinator.com' is visible

2022-10-07 20:17:47 - [MESSAGE][PASSED] - Object 'Object Repository/09-Settings/Users/CSV Invite/div_autotester08mailinator.com' is visible

2022-10-07 20:17:47 - [TEST_STEP][FAILED] - verifyElementVisible(findTestObject("09-Settings/Users/CSV Invite/div_Partner")): Unable to verify object 'Object Repository/09-Settings/Users/CSV Invite/div_Partner' is visible (Root cause: com.kms.katalon.core.exception.StepFailedException: Unable to verify object 'Object Repository/09-Settings/Users/CSV Invite/div_Partner' is visible
	at com.kms.katalon.core.webui.keyword.internal.WebUIKeywordMain.stepFailed(WebUIKeywordMain.groovy:64)
	at com.kms.katalon.core.webui.keyword.internal.WebUIKeywordMain.runKeyword(WebUIKeywordMain.groovy:26)
	at com.kms.katalon.core.webui.keyword.builtin.VerifyElementVisibleKeyword.verifyElementVisible(VerifyElementVisibleKeyword.groovy:97)
	at com.kms.katalon.core.webui.keyword.builtin.VerifyElementVisibleKeyword.execute(VerifyElementVisibleKeyword.groovy:67)
	at com.kms.katalon.core.keyword.internal.KeywordExecutor.executeKeywordForPlatform(KeywordExecutor.groovy:74)
	at com.kms.katalon.core.webui.keyword.WebUiBuiltInKeywords.verifyElementVisible(WebUiBuiltInKeywords.groovy:376)
	at com.kms.katalon.core.webui.keyword.WebUiBuiltInKeywords$verifyElementVisible$11.call(Unknown Source)
	at 05 - Users (Invite batch of users via CSV file).run(05 - Users (Invite batch of users via CSV file):133)
	at com.kms.katalon.core.main.ScriptEngine.run(ScriptEngine.java:194)
	at com.kms.katalon.core.main.ScriptEngine.runScriptAsRawText(ScriptEngine.java:119)
	at com.kms.katalon.core.main.TestCaseExecutor.runScript(TestCaseExecutor.java:448)
	at com.kms.katalon.core.main.TestCaseExecutor.doExecute(TestCaseExecutor.java:439)
	at com.kms.katalon.core.main.TestCaseExecutor.processExecutionPhase(TestCaseExecutor.java:418)
	at com.kms.katalon.core.main.TestCaseExecutor.accessMainPhase(TestCaseExecutor.java:410)
	at com.kms.katalon.core.main.TestCaseExecutor.execute(TestCaseExecutor.java:285)
	at com.kms.katalon.core.common.CommonExecutor.accessTestCaseMainPhase(CommonExecutor.java:65)
	at com.kms.katalon.core.main.TestSuiteExecutor.accessTestSuiteMainPhase(TestSuiteExecutor.java:144)
	at com.kms.katalon.core.main.TestSuiteExecutor.execute(TestSuiteExecutor.java:106)
	at com.kms.katalon.core.main.TestCaseMain.startTestSuite(TestCaseMain.java:185)
	at com.kms.katalon.core.main.TestCaseMain$startTestSuite$0.call(Unknown Source)
	at TempTestSuite1665143895638.run(TempTestSuite1665143895638.groovy:36)
Caused by: com.kms.katalon.core.exception.StepFailedException: Web element with id: 'Object Repository/09-Settings/Users/CSV Invite/div_Partner' located by '//div[@class = 'td-data-table-cell-content-wrapper' and (text() = 'Partner' or . = 'Partner')]' not found
	at com.kms.katalon.core.webui.keyword.internal.WebUIKeywordMain.stepFailed(WebUIKeywordMain.groovy:64)
	at com.kms.katalon.core.webui.keyword.builtin.VerifyElementVisibleKeyword$_verifyElementVisible_closure1.doCall(VerifyElementVisibleKeyword.groovy:89)
	at com.kms.katalon.core.webui.keyword.builtin.VerifyElementVisibleKeyword$_verifyElementVisible_closure1.call(VerifyElementVisibleKeyword.groovy)
	at com.kms.katalon.core.webui.keyword.internal.WebUIKeywordMain.runKeyword(WebUIKeywordMain.groovy:20)
	... 19 more
)

2022-10-07 20:18:18 - [MESSAGE][INFO] - Unable to find the element located by 'By.xpath: //div[@class = 'td-data-table-cell-content-wrapper' and (text() = 'Partner' or . = 'Partner')]'. Please recheck the objects properties to make sure the desired element is located. 

2022-10-07 20:18:18 - [MESSAGE][FAILED] - Web element with id: 'Object Repository/09-Settings/Users/CSV Invite/div_Partner' located by '//div[@class = 'td-data-table-cell-content-wrapper' and (text() = 'Partner' or . = 'Partner')]' not found (Root cause: com.kms.katalon.core.exception.StepFailedException: Web element with id: 'Object Repository/09-Settings/Users/CSV Invite/div_Partner' located by '//div[@class = 'td-data-table-cell-content-wrapper' and (text() = 'Partner' or . = 'Partner')]' not found
	at com.kms.katalon.core.webui.keyword.internal.WebUIKeywordMain.stepFailed(WebUIKeywordMain.groovy:64)
	at com.kms.katalon.core.webui.keyword.builtin.VerifyElementVisibleKeyword$_verifyElementVisible_closure1.doCall(VerifyElementVisibleKeyword.groovy:89)
	at com.kms.katalon.core.webui.keyword.builtin.VerifyElementVisibleKeyword$_verifyElementVisible_closure1.call(VerifyElementVisibleKeyword.groovy)
	at com.kms.katalon.core.webui.keyword.internal.WebUIKeywordMain.runKeyword(WebUIKeywordMain.groovy:20)
	at com.kms.katalon.core.webui.keyword.builtin.VerifyElementVisibleKeyword.verifyElementVisible(VerifyElementVisibleKeyword.groovy:97)
	at com.kms.katalon.core.webui.keyword.builtin.VerifyElementVisibleKeyword.execute(VerifyElementVisibleKeyword.groovy:67)
	at com.kms.katalon.core.keyword.internal.KeywordExecutor.executeKeywordForPlatform(KeywordExecutor.groovy:74)
	at com.kms.katalon.core.webui.keyword.WebUiBuiltInKeywords.verifyElementVisible(WebUiBuiltInKeywords.groovy:376)
	at com.kms.katalon.core.webui.keyword.WebUiBuiltInKeywords$verifyElementVisible$11.call(Unknown Source)
	at 05 - Users (Invite batch of users via CSV file).run(05 - Users (Invite batch of users via CSV file):133)
	at com.kms.katalon.core.main.ScriptEngine.run(ScriptEngine.java:194)
	at com.kms.katalon.core.main.ScriptEngine.runScriptAsRawText(ScriptEngine.java:119)
	at com.kms.katalon.core.main.TestCaseExecutor.runScript(TestCaseExecutor.java:448)
	at com.kms.katalon.core.main.TestCaseExecutor.doExecute(TestCaseExecutor.java:439)
	at com.kms.katalon.core.main.TestCaseExecutor.processExecutionPhase(TestCaseExecutor.java:418)
	at com.kms.katalon.core.main.TestCaseExecutor.accessMainPhase(TestCaseExecutor.java:410)
	at com.kms.katalon.core.main.TestCaseExecutor.execute(TestCaseExecutor.java:285)
	at com.kms.katalon.core.common.CommonExecutor.accessTestCaseMainPhase(CommonExecutor.java:65)
	at com.kms.katalon.core.main.TestSuiteExecutor.accessTestSuiteMainPhase(TestSuiteExecutor.java:144)
	at com.kms.katalon.core.main.TestSuiteExecutor.execute(TestSuiteExecutor.java:106)
	at com.kms.katalon.core.main.TestCaseMain.startTestSuite(TestCaseMain.java:185)
	at com.kms.katalon.core.main.TestCaseMain$startTestSuite$0.call(Unknown Source)
	at TempTestSuite1665143895638.run(TempTestSuite1665143895638.groovy:36)
)
[[ATTACHMENT|C:\\Users\\User\\Katalon Studio\\EverleaguesMain\\Reports\\20221007_195815\\TS-Organization\\09-Settings\\20221007_195815\\1665145098315.png]]

2022-10-07 20:18:18 - [MESSAGE][FAILED] - Unable to verify object 'Object Repository/09-Settings/Users/CSV Invite/div_Partner' is visible (Root cause: com.kms.katalon.core.exception.StepFailedException: Unable to verify object 'Object Repository/09-Settings/Users/CSV Invite/div_Partner' is visible
	at com.kms.katalon.core.webui.keyword.internal.WebUIKeywordMain.stepFailed(WebUIKeywordMain.groovy:64)
	at com.kms.katalon.core.webui.keyword.internal.WebUIKeywordMain.runKeyword(WebUIKeywordMain.groovy:26)
	at com.kms.katalon.core.webui.keyword.builtin.VerifyElementVisibleKeyword.verifyElementVisible(VerifyElementVisibleKeyword.groovy:97)
	at com.kms.katalon.core.webui.keyword.builtin.VerifyElementVisibleKeyword.execute(VerifyElementVisibleKeyword.groovy:67)
	at com.kms.katalon.core.keyword.internal.KeywordExecutor.executeKeywordForPlatform(KeywordExecutor.groovy:74)
	at com.kms.katalon.core.webui.keyword.WebUiBuiltInKeywords.verifyElementVisible(WebUiBuiltInKeywords.groovy:376)
	at com.kms.katalon.core.webui.keyword.WebUiBuiltInKeywords$verifyElementVisible$11.call(Unknown Source)
	at 05 - Users (Invite batch of users via CSV file).run(05 - Users (Invite batch of users via CSV file):133)
	at com.kms.katalon.core.main.ScriptEngine.run(ScriptEngine.java:194)
	at com.kms.katalon.core.main.ScriptEngine.runScriptAsRawText(ScriptEngine.java:119)
	at com.kms.katalon.core.main.TestCaseExecutor.runScript(TestCaseExecutor.java:448)
	at com.kms.katalon.core.main.TestCaseExecutor.doExecute(TestCaseExecutor.java:439)
	at com.kms.katalon.core.main.TestCaseExecutor.processExecutionPhase(TestCaseExecutor.java:418)
	at com.kms.katalon.core.main.TestCaseExecutor.accessMainPhase(TestCaseExecutor.java:410)
	at com.kms.katalon.core.main.TestCaseExecutor.execute(TestCaseExecutor.java:285)
	at com.kms.katalon.core.common.CommonExecutor.accessTestCaseMainPhase(CommonExecutor.java:65)
	at com.kms.katalon.core.main.TestSuiteExecutor.accessTestSuiteMainPhase(TestSuiteExecutor.java:144)
	at com.kms.katalon.core.main.TestSuiteExecutor.execute(TestSuiteExecutor.java:106)
	at com.kms.katalon.core.main.TestCaseMain.startTestSuite(TestCaseMain.java:185)
	at com.kms.katalon.core.main.TestCaseMain$startTestSuite$0.call(Unknown Source)
	at TempTestSuite1665143895638.run(TempTestSuite1665143895638.groovy:36)
Caused by: com.kms.katalon.core.exception.StepFailedException: Web element with id: 'Object Repository/09-Settings/Users/CSV Invite/div_Partner' located by '//div[@class = 'td-data-table-cell-content-wrapper' and (text() = 'Partner' or . = 'Partner')]' not found
	at com.kms.katalon.core.webui.keyword.internal.WebUIKeywordMain.stepFailed(WebUIKeywordMain.groovy:64)
	at com.kms.katalon.core.webui.keyword.builtin.VerifyElementVisibleKeyword$_verifyElementVisible_closure1.doCall(VerifyElementVisibleKeyword.groovy:89)
	at com.kms.katalon.core.webui.keyword.builtin.VerifyElementVisibleKeyword$_verifyElementVisible_closure1.call(VerifyElementVisibleKeyword.groovy)
	at com.kms.katalon.core.webui.keyword.internal.WebUIKeywordMain.runKeyword(WebUIKeywordMain.groovy:20)
	... 19 more
)
[[ATTACHMENT|C:\\Users\\User\\Katalon Studio\\EverleaguesMain\\Reports\\20221007_195815\\TS-Organization\\09-Settings\\20221007_195815\\1665145098478.png]]]]></system-out>
         <system-err><![CDATA[2022-10-07 20:15:37 - [TEST_CASE][FAILED] - Test Cases/09-Settings/05 - Users (Invite batch of users via CSV file): Test Cases/09-Settings/05 - Users (Invite batch of users via CSV file) FAILED.
Reason:
com.kms.katalon.core.exception.StepFailedException: Unable to verify object 'Object Repository/09-Settings/Users/CSV Invite/div_Partner' is visible
	at com.kms.katalon.core.webui.keyword.internal.WebUIKeywordMain.stepFailed(WebUIKeywordMain.groovy:64)
	at com.kms.katalon.core.webui.keyword.internal.WebUIKeywordMain.runKeyword(WebUIKeywordMain.groovy:26)
	at com.kms.katalon.core.webui.keyword.builtin.VerifyElementVisibleKeyword.verifyElementVisible(VerifyElementVisibleKeyword.groovy:97)
	at com.kms.katalon.core.webui.keyword.builtin.VerifyElementVisibleKeyword.execute(VerifyElementVisibleKeyword.groovy:67)
	at com.kms.katalon.core.keyword.internal.KeywordExecutor.executeKeywordForPlatform(KeywordExecutor.groovy:74)
	at com.kms.katalon.core.webui.keyword.WebUiBuiltInKeywords.verifyElementVisible(WebUiBuiltInKeywords.groovy:376)
	at com.kms.katalon.core.webui.keyword.WebUiBuiltInKeywords$verifyElementVisible$11.call(Unknown Source)
	at 05 - Users (Invite batch of users via CSV file).run(05 - Users (Invite batch of users via CSV file):133)
	at com.kms.katalon.core.main.ScriptEngine.run(ScriptEngine.java:194)
	at com.kms.katalon.core.main.ScriptEngine.runScriptAsRawText(ScriptEngine.java:119)
	at com.kms.katalon.core.main.TestCaseExecutor.runScript(TestCaseExecutor.java:448)
	at com.kms.katalon.core.main.TestCaseExecutor.doExecute(TestCaseExecutor.java:439)
	at com.kms.katalon.core.main.TestCaseExecutor.processExecutionPhase(TestCaseExecutor.java:418)
	at com.kms.katalon.core.main.TestCaseExecutor.accessMainPhase(TestCaseExecutor.java:410)
	at com.kms.katalon.core.main.TestCaseExecutor.execute(TestCaseExecutor.java:285)
	at com.kms.katalon.core.common.CommonExecutor.accessTestCaseMainPhase(CommonExecutor.java:65)
	at com.kms.katalon.core.main.TestSuiteExecutor.accessTestSuiteMainPhase(TestSuiteExecutor.java:144)
	at com.kms.katalon.core.main.TestSuiteExecutor.execute(TestSuiteExecutor.java:106)
	at com.kms.katalon.core.main.TestCaseMain.startTestSuite(TestCaseMain.java:185)
	at com.kms.katalon.core.main.TestCaseMain$startTestSuite$0.call(Unknown Source)
	at TempTestSuite1665143895638.run(TempTestSuite1665143895638.groovy:36)
Caused by: com.kms.katalon.core.exception.StepFailedException: Web element with id: 'Object Repository/09-Settings/Users/CSV Invite/div_Partner' located by '//div[@class = 'td-data-table-cell-content-wrapper' and (text() = 'Partner' or . = 'Partner')]' not found
	at com.kms.katalon.core.webui.keyword.internal.WebUIKeywordMain.stepFailed(WebUIKeywordMain.groovy:64)
	at com.kms.katalon.core.webui.keyword.builtin.VerifyElementVisibleKeyword$_verifyElementVisible_closure1.doCall(VerifyElementVisibleKeyword.groovy:89)
	at com.kms.katalon.core.webui.keyword.builtin.VerifyElementVisibleKeyword$_verifyElementVisible_closure1.call(VerifyElementVisibleKeyword.groovy)
	at com.kms.katalon.core.webui.keyword.internal.WebUIKeywordMain.runKeyword(WebUIKeywordMain.groovy:20)
	... 19 more]]></system-err>
      </testcase>
      <system-out><![CDATA[2022-10-07 19:58:18 - [TEST_SUITE][FAILED] - 09-Settings: Test Cases/09-Settings/05 - Users (Invite batch of users via CSV file) FAILED.
Reason:
com.kms.katalon.core.exception.StepFailedException: Unable to verify object 'Object Repository/09-Settings/Users/CSV Invite/div_Partner' is visible
	at com.kms.katalon.core.webui.keyword.internal.WebUIKeywordMain.stepFailed(WebUIKeywordMain.groovy:64)
	at com.kms.katalon.core.webui.keyword.internal.WebUIKeywordMain.runKeyword(WebUIKeywordMain.groovy:26)
	at com.kms.katalon.core.webui.keyword.builtin.VerifyElementVisibleKeyword.verifyElementVisible(VerifyElementVisibleKeyword.groovy:97)
	at com.kms.katalon.core.webui.keyword.builtin.VerifyElementVisibleKeyword.execute(VerifyElementVisibleKeyword.groovy:67)
	at com.kms.katalon.core.keyword.internal.KeywordExecutor.executeKeywordForPlatform(KeywordExecutor.groovy:74)
	at com.kms.katalon.core.webui.keyword.WebUiBuiltInKeywords.verifyElementVisible(WebUiBuiltInKeywords.groovy:376)
	at com.kms.katalon.core.webui.keyword.WebUiBuiltInKeywords$verifyElementVisible$11.call(Unknown Source)
	at 05 - Users (Invite batch of users via CSV file).run(05 - Users (Invite batch of users via CSV file):133)
	at com.kms.katalon.core.main.ScriptEngine.run(ScriptEngine.java:194)
	at com.kms.katalon.core.main.ScriptEngine.runScriptAsRawText(ScriptEngine.java:119)
	at com.kms.katalon.core.main.TestCaseExecutor.runScript(TestCaseExecutor.java:448)
	at com.kms.katalon.core.main.TestCaseExecutor.doExecute(TestCaseExecutor.java:439)
	at com.kms.katalon.core.main.TestCaseExecutor.processExecutionPhase(TestCaseExecutor.java:418)
	at com.kms.katalon.core.main.TestCaseExecutor.accessMainPhase(TestCaseExecutor.java:410)
	at com.kms.katalon.core.main.TestCaseExecutor.execute(TestCaseExecutor.java:285)
	at com.kms.katalon.core.common.CommonExecutor.accessTestCaseMainPhase(CommonExecutor.java:65)
	at com.kms.katalon.core.main.TestSuiteExecutor.accessTestSuiteMainPhase(TestSuiteExecutor.java:144)
	at com.kms.katalon.core.main.TestSuiteExecutor.execute(TestSuiteExecutor.java:106)
	at com.kms.katalon.core.main.TestCaseMain.startTestSuite(TestCaseMain.java:185)
	at com.kms.katalon.core.main.TestCaseMain$startTestSuite$0.call(Unknown Source)
	at TempTestSuite1665143895638.run(TempTestSuite1665143895638.groovy:36)
Caused by: com.kms.katalon.core.exception.StepFailedException: Web element with id: 'Object Repository/09-Settings/Users/CSV Invite/div_Partner' located by '//div[@class = 'td-data-table-cell-content-wrapper' and (text() = 'Partner' or . = 'Partner')]' not found
	at com.kms.katalon.core.webui.keyword.internal.WebUIKeywordMain.stepFailed(WebUIKeywordMain.groovy:64)
	at com.kms.katalon.core.webui.keyword.builtin.VerifyElementVisibleKeyword$_verifyElementVisible_closure1.doCall(VerifyElementVisibleKeyword.groovy:89)
	at com.kms.katalon.core.webui.keyword.builtin.VerifyElementVisibleKeyword$_verifyElementVisible_closure1.call(VerifyElementVisibleKeyword.groovy)
	at com.kms.katalon.core.webui.keyword.internal.WebUIKeywordMain.runKeyword(WebUIKeywordMain.groovy:20)
	... 19 more]]></system-out>
      <system-err><![CDATA[2022-10-07 19:58:18 - [TEST_SUITE][FAILED] - 09-Settings: Test Cases/09-Settings/05 - Users (Invite batch of users via CSV file) FAILED.
Reason:
com.kms.katalon.core.exception.StepFailedException: Unable to verify object 'Object Repository/09-Settings/Users/CSV Invite/div_Partner' is visible
	at com.kms.katalon.core.webui.keyword.internal.WebUIKeywordMain.stepFailed(WebUIKeywordMain.groovy:64)
	at com.kms.katalon.core.webui.keyword.internal.WebUIKeywordMain.runKeyword(WebUIKeywordMain.groovy:26)
	at com.kms.katalon.core.webui.keyword.builtin.VerifyElementVisibleKeyword.verifyElementVisible(VerifyElementVisibleKeyword.groovy:97)
	at com.kms.katalon.core.webui.keyword.builtin.VerifyElementVisibleKeyword.execute(VerifyElementVisibleKeyword.groovy:67)
	at com.kms.katalon.core.keyword.internal.KeywordExecutor.executeKeywordForPlatform(KeywordExecutor.groovy:74)
	at com.kms.katalon.core.webui.keyword.WebUiBuiltInKeywords.verifyElementVisible(WebUiBuiltInKeywords.groovy:376)
	at com.kms.katalon.core.webui.keyword.WebUiBuiltInKeywords$verifyElementVisible$11.call(Unknown Source)
	at 05 - Users (Invite batch of users via CSV file).run(05 - Users (Invite batch of users via CSV file):133)
	at com.kms.katalon.core.main.ScriptEngine.run(ScriptEngine.java:194)
	at com.kms.katalon.core.main.ScriptEngine.runScriptAsRawText(ScriptEngine.java:119)
	at com.kms.katalon.core.main.TestCaseExecutor.runScript(TestCaseExecutor.java:448)
	at com.kms.katalon.core.main.TestCaseExecutor.doExecute(TestCaseExecutor.java:439)
	at com.kms.katalon.core.main.TestCaseExecutor.processExecutionPhase(TestCaseExecutor.java:418)
	at com.kms.katalon.core.main.TestCaseExecutor.accessMainPhase(TestCaseExecutor.java:410)
	at com.kms.katalon.core.main.TestCaseExecutor.execute(TestCaseExecutor.java:285)
	at com.kms.katalon.core.common.CommonExecutor.accessTestCaseMainPhase(CommonExecutor.java:65)
	at com.kms.katalon.core.main.TestSuiteExecutor.accessTestSuiteMainPhase(TestSuiteExecutor.java:144)
	at com.kms.katalon.core.main.TestSuiteExecutor.execute(TestSuiteExecutor.java:106)
	at com.kms.katalon.core.main.TestCaseMain.startTestSuite(TestCaseMain.java:185)
	at com.kms.katalon.core.main.TestCaseMain$startTestSuite$0.call(Unknown Source)
	at TempTestSuite1665143895638.run(TempTestSuite1665143895638.groovy:36)
Caused by: com.kms.katalon.core.exception.StepFailedException: Web element with id: 'Object Repository/09-Settings/Users/CSV Invite/div_Partner' located by '//div[@class = 'td-data-table-cell-content-wrapper' and (text() = 'Partner' or . = 'Partner')]' not found
	at com.kms.katalon.core.webui.keyword.internal.WebUIKeywordMain.stepFailed(WebUIKeywordMain.groovy:64)
	at com.kms.katalon.core.webui.keyword.builtin.VerifyElementVisibleKeyword$_verifyElementVisible_closure1.doCall(VerifyElementVisibleKeyword.groovy:89)
	at com.kms.katalon.core.webui.keyword.builtin.VerifyElementVisibleKeyword$_verifyElementVisible_closure1.call(VerifyElementVisibleKeyword.groovy)
	at com.kms.katalon.core.webui.keyword.internal.WebUIKeywordMain.runKeyword(WebUIKeywordMain.groovy:20)
	... 19 more]]></system-err>
   </testsuite>
</testsuites>
