<?xml version="1.0" encoding="UTF-8"?>
<testsuites name="04-Add my Organizations" time="206.056" tests="3" failures="0" errors="0">
   <testsuite name="04-Add my Organizations" tests="3" failures="0" errors="0" time="206.056" skipped="0" timestamp="2023-05-22 16:26:26" hostname="Mike - LAPTOP-LF5VTH4H" id="Test Suites/TS-Organization/04-Add my Organizations">
      <properties>
         <property name="deviceName" value=""/>
         <property name="devicePlatform" value=""/>
         <property name="logFolder" value="D:\\Users\\Michelle\\Project\\Everleagues\\Reports\\20230522_162618\\TS-Organization\\04-Add my Organizations\\20230522_162618"/>
         <property name="logFiles" value="D:\\Users\\Michelle\\Project\\Everleagues\\Reports\\20230522_162618\\TS-Organization\\04-Add my Organizations\\20230522_162618\\execution0.log"/>
         <property name="attachments" value=""/>
         <property name="hostName" value="Mike - LAPTOP-LF5VTH4H"/>
         <property name="os" value="Windows 10 64bit"/>
         <property name="katalonVersion" value="8.6.0.208"/>
         <property name="browser" value="Chrome 113.0.0.0"/>
         <property name="hostAddress" value="192.168.100.69"/>
         <property name="sessionId" value="1fdf84d0d12b44e4ac690bb7abaa312e"/>
         <property name="seleniumVersion" value="3.141.59"/>
         <property name="proxyInformation" value="ProxyInformation { proxyOption=NO_PROXY, proxyServerType=HTTP, username=, password=********, proxyServerAddress=, proxyServerPort=0, executionList=&quot;&quot;, isApplyToDesiredCapabilities=true }"/>
         <property name="platform" value="Windows 10"/>
      </properties>
      <testcase name="Test Cases/04-Add my Organizations/01- Free limited Plan (Blank fields)" time="94.984" classname="Test Cases/04-Add my Organizations/01- Free limited Plan (Blank fields)" status="PASSED">
         <system-out><![CDATA[2023-05-22 16:26:27 - [TEST_CASE][PASSED] - Test Cases/04-Add my Organizations/01- Free limited Plan (Blank fields): Test Cases/04-Add my Organizations/01- Free limited Plan (Blank fields)

2023-05-22 16:26:27 - [TEST_STEP][PASSED] - openBrowser(""): Browser is opened with url: ''

2023-05-22 16:26:28 - [MESSAGE][INFO] - Starting 'Chrome' driver

2023-05-22 16:26:28 - [MESSAGE][INFO] - Action delay is set to 0 milliseconds

2023-05-22 16:26:34 - [MESSAGE][PASSED] - Browser is opened with url: ''

2023-05-22 16:26:34 - [TEST_STEP][PASSED] - navigateToUrl(appURL): Navigate to 'https://lab.everleagues.com/' successfully

2023-05-22 16:26:47 - [MESSAGE][PASSED] - Navigate to 'https://lab.everleagues.com/' successfully

2023-05-22 16:26:47 - [TEST_STEP][PASSED] - maximizeWindow(): Current window maximized

2023-05-22 16:26:47 - [MESSAGE][PASSED] - Current window maximized

2023-05-22 16:26:47 - [TEST_STEP][PASSED] - callTestCase(findTestCase("01-Login and Forgot Password/04-Login(Valid Credentials-With Subscription)"), [:], STOP_ON_FAILURE): Call Test Case 'Test Cases/01-Login and Forgot Password/04-Login(Valid Credentials-With Subscription)' successfully

2023-05-22 16:26:48 - [TEST_CASE][PASSED] - Test Cases/01-Login and Forgot Password/04-Login(Valid Credentials-With Subscription): Test Cases/01-Login and Forgot Password/04-Login(Valid Credentials-With Subscription)

2023-05-22 16:26:49 - [TEST_STEP][PASSED] - setText(findTestObject("01-Login and Forgot Password/input_Email_email"), email_with_subscription): Text 'testuser05@mailinator.com' is set on object 'Object Repository/01-Login and Forgot Password/input_Email_email'

2023-05-22 16:26:54 - [MESSAGE][PASSED] - Text 'testuser05@mailinator.com' is set on object 'Object Repository/01-Login and Forgot Password/input_Email_email'

2023-05-22 16:26:54 - [TEST_STEP][PASSED] - setEncryptedText(findTestObject("01-Login and Forgot Password/input_Email_password"), password): Text ****** has been set on object 'Object Repository/01-Login and Forgot Password/input_Email_password'

2023-05-22 16:26:55 - [MESSAGE][PASSED] - Text ****** has been set on object 'Object Repository/01-Login and Forgot Password/input_Email_password'

2023-05-22 16:26:55 - [TEST_STEP][PASSED] - delay(delay_2seconds): Delayed 2 second(s)

2023-05-22 16:26:57 - [MESSAGE][PASSED] - Delayed 2 second(s)

2023-05-22 16:26:57 - [TEST_STEP][PASSED] - click(findTestObject("01-Login and Forgot Password/show pass button")): Object: 'Object Repository/01-Login and Forgot Password/show pass button' is clicked on

2023-05-22 16:26:59 - [MESSAGE][PASSED] - Object: 'Object Repository/01-Login and Forgot Password/show pass button' is clicked on

2023-05-22 16:26:59 - [TEST_STEP][PASSED] - delay(delay_3seconds): Delayed 3 second(s)

2023-05-22 16:27:02 - [MESSAGE][PASSED] - Delayed 3 second(s)

2023-05-22 16:27:02 - [TEST_STEP][PASSED] - click(findTestObject("01-Login and Forgot Password/button_Sign in")): Object: 'Object Repository/01-Login and Forgot Password/button_Sign in' is clicked on

2023-05-22 16:27:03 - [MESSAGE][PASSED] - Object: 'Object Repository/01-Login and Forgot Password/button_Sign in' is clicked on

2023-05-22 16:27:03 - [TEST_STEP][PASSED] - delay(delay_3seconds): Delayed 3 second(s)

2023-05-22 16:27:06 - [MESSAGE][PASSED] - Delayed 3 second(s)

2023-05-22 16:27:06 - [TEST_STEP][PASSED] - click(findTestObject("06-Teams/For 2FA/button_Confirm_2FA")): Object: 'Object Repository/06-Teams/For 2FA/button_Confirm_2FA' is clicked on

2023-05-22 16:27:06 - [MESSAGE][PASSED] - Object: 'Object Repository/06-Teams/For 2FA/button_Confirm_2FA' is clicked on

2023-05-22 16:27:06 - [TEST_STEP][PASSED] - executeJavaScript("window.open();", []): Execute JavaScript 'window.open();' successfully

2023-05-22 16:27:07 - [MESSAGE][PASSED] - Execute JavaScript 'window.open();' successfully

2023-05-22 16:27:07 - [TEST_STEP][PASSED] - currentWindow = getWindowIndex(): Current window's index is: 0

2023-05-22 16:27:07 - [MESSAGE][PASSED] - Current window's index is: 0

2023-05-22 16:27:07 - [TEST_STEP][PASSED] - delay(delay_3seconds): Delayed 3 second(s)

2023-05-22 16:27:10 - [MESSAGE][PASSED] - Delayed 3 second(s)

2023-05-22 16:27:10 - [TEST_STEP][PASSED] - switchToWindowIndex(currentWindow + 1): Switched to window with index: '1'

2023-05-22 16:27:10 - [MESSAGE][PASSED] - Switched to window with index: '1'

2023-05-22 16:27:10 - [TEST_STEP][PASSED] - navigateToUrl(app_mailinator): Navigate to 'https://www.mailinator.com/' successfully

2023-05-22 16:27:13 - [MESSAGE][PASSED] - Navigate to 'https://www.mailinator.com/' successfully

2023-05-22 16:27:13 - [TEST_STEP][PASSED] - delay(delay_3seconds): Delayed 3 second(s)

2023-05-22 16:27:16 - [MESSAGE][PASSED] - Delayed 3 second(s)

2023-05-22 16:27:16 - [TEST_STEP][PASSED] - setText(findTestObject("00-Signup and Activation/zMailinator/input_LOGIN_search"), email_for_searchmailinator_testuser05): Text 'testuser05@mailinator.com' is set on object 'Object Repository/00-Signup and Activation/zMailinator/input_LOGIN_search'

2023-05-22 16:27:17 - [MESSAGE][PASSED] - Text 'testuser05@mailinator.com' is set on object 'Object Repository/00-Signup and Activation/zMailinator/input_LOGIN_search'

2023-05-22 16:27:17 - [TEST_STEP][PASSED] - click(findTestObject("00-Signup and Activation/zMailinator/gobutton"), STOP_ON_FAILURE): Object: 'Object Repository/00-Signup and Activation/zMailinator/gobutton' is clicked on

2023-05-22 16:27:18 - [MESSAGE][PASSED] - Object: 'Object Repository/00-Signup and Activation/zMailinator/gobutton' is clicked on

2023-05-22 16:27:18 - [TEST_STEP][PASSED] - delay(delay_3seconds): Delayed 3 second(s)

2023-05-22 16:27:21 - [MESSAGE][PASSED] - Delayed 3 second(s)

2023-05-22 16:27:21 - [TEST_STEP][PASSED] - click(findTestObject("00-Signup and Activation/zMailinator/Email - everleagues")): Object: 'Object Repository/00-Signup and Activation/zMailinator/Email - everleagues' is clicked on

2023-05-22 16:27:21 - [MESSAGE][PASSED] - Object: 'Object Repository/00-Signup and Activation/zMailinator/Email - everleagues' is clicked on

2023-05-22 16:27:21 - [TEST_STEP][PASSED] - delay(delay_3seconds): Delayed 3 second(s)

2023-05-22 16:27:25 - [MESSAGE][PASSED] - Delayed 3 second(s)

2023-05-22 16:27:25 - [TEST_STEP][PASSED] - code = getText(findTestObject("Object Repository/06-Teams/For 2FA/2FA code")): Text of object 'Object Repository/06-Teams/For 2FA/2FA code' is: '831123'

2023-05-22 16:27:25 - [MESSAGE][PASSED] - Text of object 'Object Repository/06-Teams/For 2FA/2FA code' is: '831123'

2023-05-22 16:27:25 - [TEST_STEP][PASSED] - delay(delay_3seconds): Delayed 3 second(s)

2023-05-22 16:27:28 - [MESSAGE][PASSED] - Delayed 3 second(s)

2023-05-22 16:27:28 - [TEST_STEP][PASSED] - closeWindowTitle("Mailinator"): Window with title: 'Mailinator' is closed

2023-05-22 16:27:29 - [MESSAGE][PASSED] - Window with title: 'Mailinator' is closed

2023-05-22 16:27:29 - [TEST_STEP][PASSED] - delay(delay_3seconds): Delayed 3 second(s)

2023-05-22 16:27:32 - [MESSAGE][PASSED] - Delayed 3 second(s)

2023-05-22 16:27:32 - [TEST_STEP][PASSED] - switchToWindowIndex(0): Switched to window with index: '0'

2023-05-22 16:27:32 - [MESSAGE][PASSED] - Switched to window with index: '0'

2023-05-22 16:27:32 - [TEST_STEP][PASSED] - delay(delay_3seconds): Delayed 3 second(s)

2023-05-22 16:27:35 - [MESSAGE][PASSED] - Delayed 3 second(s)

2023-05-22 16:27:35 - [TEST_STEP][PASSED] - setText(findTestObject("Object Repository/06-Teams/For 2FA/input_Enter verification code_code"), code): Text '831123' is set on object 'Object Repository/06-Teams/For 2FA/input_Enter verification code_code'

2023-05-22 16:27:36 - [MESSAGE][PASSED] - Text '831123' is set on object 'Object Repository/06-Teams/For 2FA/input_Enter verification code_code'

2023-05-22 16:27:36 - [TEST_STEP][PASSED] - delay(delay_3seconds): Delayed 3 second(s)

2023-05-22 16:27:39 - [MESSAGE][PASSED] - Delayed 3 second(s)

2023-05-22 16:27:39 - [TEST_STEP][PASSED] - click(findTestObject("06-Teams/For 2FA/button_Verify_2FA")): Object: 'Object Repository/06-Teams/For 2FA/button_Verify_2FA' is clicked on

2023-05-22 16:27:39 - [MESSAGE][PASSED] - Object: 'Object Repository/06-Teams/For 2FA/button_Verify_2FA' is clicked on

2023-05-22 16:27:39 - [TEST_STEP][PASSED] - delay(delay_3seconds): Delayed 3 second(s)

2023-05-22 16:27:42 - [MESSAGE][PASSED] - Delayed 3 second(s)

2023-05-22 16:27:42 - [MESSAGE][PASSED] - Call Test Case 'Test Cases/01-Login and Forgot Password/04-Login(Valid Credentials-With Subscription)' successfully

2023-05-22 16:27:42 - [TEST_STEP][PASSED] - click(findTestObject("04-Add my Organizations/Free limited Plan/span_Add My Organization")): Object: 'Object Repository/04-Add my Organizations/Free limited Plan/span_Add My Organization' is clicked on

2023-05-22 16:27:47 - [MESSAGE][PASSED] - Object: 'Object Repository/04-Add my Organizations/Free limited Plan/span_Add My Organization' is clicked on

2023-05-22 16:27:47 - [TEST_STEP][PASSED] - verifyElementVisible(findTestObject("04-Add my Organizations/Free limited Plan/Add my org modal")): Object 'Object Repository/04-Add my Organizations/Free limited Plan/Add my org modal' is visible

2023-05-22 16:27:48 - [MESSAGE][PASSED] - Object 'Object Repository/04-Add my Organizations/Free limited Plan/Add my org modal' is visible

2023-05-22 16:27:49 - [TEST_STEP][PASSED] - delay(delay_2seconds): Delayed 2 second(s)

2023-05-22 16:27:51 - [MESSAGE][PASSED] - Delayed 2 second(s)

2023-05-22 16:27:51 - [TEST_STEP][PASSED] - click(findTestObject("04-Add my Organizations/Free limited Plan/input_orgName")): Object: 'Object Repository/04-Add my Organizations/Free limited Plan/input_orgName' is clicked on

2023-05-22 16:27:52 - [MESSAGE][PASSED] - Object: 'Object Repository/04-Add my Organizations/Free limited Plan/input_orgName' is clicked on

2023-05-22 16:27:52 - [TEST_STEP][PASSED] - click(findTestObject("04-Add my Organizations/Free limited Plan/input_org alias")): Object: 'Object Repository/04-Add my Organizations/Free limited Plan/input_org alias' is clicked on

2023-05-22 16:27:52 - [MESSAGE][PASSED] - Object: 'Object Repository/04-Add my Organizations/Free limited Plan/input_org alias' is clicked on

2023-05-22 16:27:52 - [TEST_STEP][PASSED] - click(findTestObject("04-Add my Organizations/Free limited Plan/div_Service Industry_select-arrow")): Object: 'Object Repository/04-Add my Organizations/Free limited Plan/div_Service Industry_select-arrow' is clicked on

2023-05-22 16:27:53 - [MESSAGE][PASSED] - Object: 'Object Repository/04-Add my Organizations/Free limited Plan/div_Service Industry_select-arrow' is clicked on

2023-05-22 16:27:53 - [TEST_STEP][PASSED] - sendKeys(findTestObject(null), Keys.chord(ESCAPE)): Keys 'ESCAPE + ' sent to object: 'tempBody'

2023-05-22 16:27:53 - [MESSAGE][WARNING] - Test object id is null

2023-05-22 16:27:53 - [MESSAGE][WARNING] - Test object with id 'Object Repository/' does not exist

2023-05-22 16:27:54 - [MESSAGE][PASSED] - Keys 'ESCAPE + ' sent to object: 'tempBody'

2023-05-22 16:27:54 - [TEST_STEP][PASSED] - delay(delay_3seconds): Delayed 3 second(s)

2023-05-22 16:27:57 - [MESSAGE][PASSED] - Delayed 3 second(s)

2023-05-22 16:27:57 - [TEST_STEP][PASSED] - verifyElementVisible(findTestObject("04-Add my Organizations/Free limited Plan/div_OrganizationName_error")): Object 'Object Repository/04-Add my Organizations/Free limited Plan/div_OrganizationName_error' is visible

2023-05-22 16:27:58 - [MESSAGE][PASSED] - Object 'Object Repository/04-Add my Organizations/Free limited Plan/div_OrganizationName_error' is visible

2023-05-22 16:27:58 - [TEST_STEP][PASSED] - verifyElementVisible(findTestObject("04-Add my Organizations/Free limited Plan/div_Organization Alias_error")): Object 'Object Repository/04-Add my Organizations/Free limited Plan/div_Organization Alias_error' is visible

2023-05-22 16:27:58 - [MESSAGE][PASSED] - Object 'Object Repository/04-Add my Organizations/Free limited Plan/div_Organization Alias_error' is visible

2023-05-22 16:27:58 - [TEST_STEP][PASSED] - verifyElementVisible(findTestObject("04-Add my Organizations/Free limited Plan/div_Service Industry_error")): Object 'Object Repository/04-Add my Organizations/Free limited Plan/div_Service Industry_error' is visible

2023-05-22 16:27:59 - [MESSAGE][PASSED] - Object 'Object Repository/04-Add my Organizations/Free limited Plan/div_Service Industry_error' is visible

2023-05-22 16:27:59 - [TEST_STEP][PASSED] - delay(delay_3seconds): Delayed 3 second(s)

2023-05-22 16:28:02 - [MESSAGE][PASSED] - Delayed 3 second(s)]]></system-out>
         <system-err><![CDATA[]]></system-err>
      </testcase>
      <testcase name="Test Cases/04-Add my Organizations/02- Free limited Plan (Used Org Alias)" time="6.332" classname="Test Cases/04-Add my Organizations/02- Free limited Plan (Used Org Alias)" status="PASSED">
         <system-out><![CDATA[2023-05-22 16:28:02 - [TEST_CASE][PASSED] - Test Cases/04-Add my Organizations/02- Free limited Plan (Used Org Alias): Test Cases/04-Add my Organizations/02- Free limited Plan (Used Org Alias)

2023-05-22 16:28:02 - [TEST_STEP][PASSED] - setText(findTestObject("04-Add my Organizations/Free limited Plan/input_org alias"), "1234"): Text '1234' is set on object 'Object Repository/04-Add my Organizations/Free limited Plan/input_org alias'

2023-05-22 16:28:03 - [MESSAGE][PASSED] - Text '1234' is set on object 'Object Repository/04-Add my Organizations/Free limited Plan/input_org alias'

2023-05-22 16:28:03 - [TEST_STEP][PASSED] - click(findTestObject("04-Add my Organizations/Free limited Plan/input_orgName")): Object: 'Object Repository/04-Add my Organizations/Free limited Plan/input_orgName' is clicked on

2023-05-22 16:28:04 - [MESSAGE][PASSED] - Object: 'Object Repository/04-Add my Organizations/Free limited Plan/input_orgName' is clicked on

2023-05-22 16:28:04 - [TEST_STEP][PASSED] - verifyElementVisible(findTestObject("04-Add my Organizations/Free limited Plan/mat-error_1234 already exists. Please enter another ID")): Object 'Object Repository/04-Add my Organizations/Free limited Plan/mat-error_1234 already exists. Please enter another ID' is visible

2023-05-22 16:28:05 - [MESSAGE][PASSED] - Object 'Object Repository/04-Add my Organizations/Free limited Plan/mat-error_1234 already exists. Please enter another ID' is visible

2023-05-22 16:28:05 - [TEST_STEP][PASSED] - delay(delay_3seconds): Delayed 3 second(s)

2023-05-22 16:28:08 - [MESSAGE][PASSED] - Delayed 3 second(s)]]></system-out>
         <system-err><![CDATA[]]></system-err>
      </testcase>
      <testcase name="Test Cases/04-Add my Organizations/03- Free limited Plan (Positive Scenarios)" time="104.143" classname="Test Cases/04-Add my Organizations/03- Free limited Plan (Positive Scenarios)" status="PASSED">
         <system-out><![CDATA[2023-05-22 16:28:08 - [TEST_CASE][PASSED] - Test Cases/04-Add my Organizations/03- Free limited Plan (Positive Scenarios): Test Cases/04-Add my Organizations/03- Free limited Plan (Positive Scenarios)

2023-05-22 16:28:09 - [TEST_STEP][PASSED] - delay(delay_2seconds): Delayed 2 second(s)

2023-05-22 16:28:11 - [MESSAGE][PASSED] - Delayed 2 second(s)

2023-05-22 16:28:11 - [TEST_STEP][PASSED] - setText(findTestObject("04-Add my Organizations/Free limited Plan/input_orgName"), org_name): Text 'GG Automation' is set on object 'Object Repository/04-Add my Organizations/Free limited Plan/input_orgName'

2023-05-22 16:28:12 - [MESSAGE][PASSED] - Text 'GG Automation' is set on object 'Object Repository/04-Add my Organizations/Free limited Plan/input_orgName'

2023-05-22 16:28:12 - [TEST_STEP][PASSED] - setText(findTestObject("04-Add my Organizations/Free limited Plan/input_org alias"), org_alias): Text 'GGAutoAlias' is set on object 'Object Repository/04-Add my Organizations/Free limited Plan/input_org alias'

2023-05-22 16:28:13 - [MESSAGE][PASSED] - Text 'GGAutoAlias' is set on object 'Object Repository/04-Add my Organizations/Free limited Plan/input_org alias'

2023-05-22 16:28:13 - [TEST_STEP][PASSED] - click(findTestObject("04-Add my Organizations/Free limited Plan/div_Service Industry_select-arrow"), STOP_ON_FAILURE): Object: 'Object Repository/04-Add my Organizations/Free limited Plan/div_Service Industry_select-arrow' is clicked on

2023-05-22 16:28:14 - [MESSAGE][PASSED] - Object: 'Object Repository/04-Add my Organizations/Free limited Plan/div_Service Industry_select-arrow' is clicked on

2023-05-22 16:28:14 - [TEST_STEP][PASSED] - delay(delay_1second): Delayed 1 second(s)

2023-05-22 16:28:15 - [MESSAGE][PASSED] - Delayed 1 second(s)

2023-05-22 16:28:15 - [TEST_STEP][PASSED] - verifyElementVisible(findTestObject("04-Add my Organizations/Free limited Plan/span_CPA_EA_Accounting Firms")): Object 'Object Repository/04-Add my Organizations/Free limited Plan/span_CPA_EA_Accounting Firms' is visible

2023-05-22 16:28:15 - [MESSAGE][PASSED] - Object 'Object Repository/04-Add my Organizations/Free limited Plan/span_CPA_EA_Accounting Firms' is visible

2023-05-22 16:28:15 - [TEST_STEP][PASSED] - verifyElementVisible(findTestObject("04-Add my Organizations/Free limited Plan/span_Law Firms")): Object 'Object Repository/04-Add my Organizations/Free limited Plan/span_Law Firms' is visible

2023-05-22 16:28:16 - [MESSAGE][PASSED] - Object 'Object Repository/04-Add my Organizations/Free limited Plan/span_Law Firms' is visible

2023-05-22 16:28:16 - [TEST_STEP][PASSED] - verifyElementVisible(findTestObject("04-Add my Organizations/Free limited Plan/span_Medical Service_Physian_Dentist Office")): Object 'Object Repository/04-Add my Organizations/Free limited Plan/span_Medical Service_Physian_Dentist Office' is visible

2023-05-22 16:28:16 - [MESSAGE][PASSED] - Object 'Object Repository/04-Add my Organizations/Free limited Plan/span_Medical Service_Physian_Dentist Office' is visible

2023-05-22 16:28:16 - [TEST_STEP][PASSED] - verifyElementVisible(findTestObject("04-Add my Organizations/Free limited Plan/span_Education")): Object 'Object Repository/04-Add my Organizations/Free limited Plan/span_Education' is visible

2023-05-22 16:28:17 - [MESSAGE][PASSED] - Object 'Object Repository/04-Add my Organizations/Free limited Plan/span_Education' is visible

2023-05-22 16:28:17 - [TEST_STEP][PASSED] - verifyElementVisible(findTestObject("04-Add my Organizations/Free limited Plan/span_Real Estate")): Object 'Object Repository/04-Add my Organizations/Free limited Plan/span_Real Estate' is visible

2023-05-22 16:28:18 - [MESSAGE][PASSED] - Object 'Object Repository/04-Add my Organizations/Free limited Plan/span_Real Estate' is visible

2023-05-22 16:28:18 - [TEST_STEP][PASSED] - verifyElementVisible(findTestObject("04-Add my Organizations/Free limited Plan/span_Other Service Business")): Object 'Object Repository/04-Add my Organizations/Free limited Plan/span_Other Service Business' is visible

2023-05-22 16:28:18 - [MESSAGE][PASSED] - Object 'Object Repository/04-Add my Organizations/Free limited Plan/span_Other Service Business' is visible

2023-05-22 16:28:18 - [TEST_STEP][PASSED] - verifyElementVisible(findTestObject("04-Add my Organizations/Free limited Plan/span_Product Business")): Object 'Object Repository/04-Add my Organizations/Free limited Plan/span_Product Business' is visible

2023-05-22 16:28:18 - [MESSAGE][PASSED] - Object 'Object Repository/04-Add my Organizations/Free limited Plan/span_Product Business' is visible

2023-05-22 16:28:18 - [TEST_STEP][PASSED] - verifyElementVisible(findTestObject("04-Add my Organizations/Free limited Plan/span_Community")): Object 'Object Repository/04-Add my Organizations/Free limited Plan/span_Community' is visible

2023-05-22 16:28:19 - [MESSAGE][PASSED] - Object 'Object Repository/04-Add my Organizations/Free limited Plan/span_Community' is visible

2023-05-22 16:28:19 - [TEST_STEP][PASSED] - verifyElementVisible(findTestObject("04-Add my Organizations/Free limited Plan/span_Non Profit Organizations")): Object 'Object Repository/04-Add my Organizations/Free limited Plan/span_Non Profit Organizations' is visible

2023-05-22 16:28:19 - [MESSAGE][PASSED] - Object 'Object Repository/04-Add my Organizations/Free limited Plan/span_Non Profit Organizations' is visible

2023-05-22 16:28:19 - [TEST_STEP][PASSED] - delay(delay_1second): Delayed 1 second(s)

2023-05-22 16:28:20 - [MESSAGE][PASSED] - Delayed 1 second(s)

2023-05-22 16:28:20 - [TEST_STEP][PASSED] - click(findTestObject("04-Add my Organizations/Free limited Plan/span_Other Service Business")): Object: 'Object Repository/04-Add my Organizations/Free limited Plan/span_Other Service Business' is clicked on

2023-05-22 16:28:22 - [MESSAGE][PASSED] - Object: 'Object Repository/04-Add my Organizations/Free limited Plan/span_Other Service Business' is clicked on

2023-05-22 16:28:22 - [TEST_STEP][PASSED] - click(findTestObject("04-Add my Organizations/Free limited Plan/button_Next")): Object: 'Object Repository/04-Add my Organizations/Free limited Plan/button_Next' is clicked on

2023-05-22 16:28:22 - [MESSAGE][PASSED] - Object: 'Object Repository/04-Add my Organizations/Free limited Plan/button_Next' is clicked on

2023-05-22 16:28:22 - [TEST_STEP][PASSED] - delay(delay_1second): Delayed 1 second(s)

2023-05-22 16:28:23 - [MESSAGE][PASSED] - Delayed 1 second(s)

2023-05-22 16:28:23 - [TEST_STEP][PASSED] - verifyElementVisible(findTestObject("04-Add my Organizations/Free limited Plan/add my org modal 2")): Object 'Object Repository/04-Add my Organizations/Free limited Plan/add my org modal 2' is visible

2023-05-22 16:28:24 - [MESSAGE][PASSED] - Object 'Object Repository/04-Add my Organizations/Free limited Plan/add my org modal 2' is visible

2023-05-22 16:28:24 - [TEST_STEP][PASSED] - click(findTestObject("04-Add my Organizations/Free limited Plan/Free limited plan radio button")): Object: 'Object Repository/04-Add my Organizations/Free limited Plan/Free limited plan radio button' is clicked on

2023-05-22 16:28:24 - [MESSAGE][PASSED] - Object: 'Object Repository/04-Add my Organizations/Free limited Plan/Free limited plan radio button' is clicked on

2023-05-22 16:28:24 - [TEST_STEP][PASSED] - delay(delay_1second): Delayed 1 second(s)

2023-05-22 16:28:25 - [MESSAGE][PASSED] - Delayed 1 second(s)

2023-05-22 16:28:25 - [TEST_STEP][PASSED] - click(findTestObject("04-Add my Organizations/Free limited Plan/span_Usage limit")): Object: 'Object Repository/04-Add my Organizations/Free limited Plan/span_Usage limit' is clicked on

2023-05-22 16:28:26 - [MESSAGE][PASSED] - Object: 'Object Repository/04-Add my Organizations/Free limited Plan/span_Usage limit' is clicked on

2023-05-22 16:28:26 - [TEST_STEP][PASSED] - switchToWindowIndex(1): Switched to window with index: '1'

2023-05-22 16:28:26 - [MESSAGE][PASSED] - Switched to window with index: '1'

2023-05-22 16:28:26 - [TEST_STEP][PASSED] - delay(delay_5seconds): Delayed 5 second(s)

2023-05-22 16:28:31 - [MESSAGE][PASSED] - Delayed 5 second(s)

2023-05-22 16:28:31 - [TEST_STEP][PASSED] - assert getUrl() == "https://www.everleagues.com/pricing": Current window's url is: 'https://www.everleagues.com/pricing'

2023-05-22 16:28:33 - [MESSAGE][PASSED] - Current window's url is: 'https://www.everleagues.com/pricing'

2023-05-22 16:28:33 - [TEST_STEP][PASSED] - closeWindowUrl("https://www.everleagues.com/pricing"): Window with url: 'https://www.everleagues.com/pricing' is closed

2023-05-22 16:28:33 - [MESSAGE][PASSED] - Window with url: 'https://www.everleagues.com/pricing' is closed

2023-05-22 16:28:33 - [TEST_STEP][PASSED] - switchToWindowIndex(0): Switched to window with index: '0'

2023-05-22 16:28:33 - [MESSAGE][PASSED] - Switched to window with index: '0'

2023-05-22 16:28:33 - [TEST_STEP][PASSED] - delay(delay_1second): Delayed 1 second(s)

2023-05-22 16:28:35 - [MESSAGE][PASSED] - Delayed 1 second(s)

2023-05-22 16:28:35 - [TEST_STEP][PASSED] - click(findTestObject("04-Add my Organizations/Free limited Plan/a_open_in_newPricing detail")): Object: 'Object Repository/04-Add my Organizations/Free limited Plan/a_open_in_newPricing detail' is clicked on

2023-05-22 16:28:35 - [MESSAGE][PASSED] - Object: 'Object Repository/04-Add my Organizations/Free limited Plan/a_open_in_newPricing detail' is clicked on

2023-05-22 16:28:35 - [TEST_STEP][PASSED] - switchToWindowIndex(1): Switched to window with index: '1'

2023-05-22 16:28:35 - [MESSAGE][PASSED] - Switched to window with index: '1'

2023-05-22 16:28:35 - [TEST_STEP][PASSED] - delay(delay_5seconds): Delayed 5 second(s)

2023-05-22 16:28:40 - [MESSAGE][PASSED] - Delayed 5 second(s)

2023-05-22 16:28:40 - [TEST_STEP][PASSED] - assert getUrl() == "https://www.everleagues.com/pricing": Current window's url is: 'https://www.everleagues.com/pricing'

2023-05-22 16:28:40 - [MESSAGE][PASSED] - Current window's url is: 'https://www.everleagues.com/pricing'

2023-05-22 16:28:40 - [TEST_STEP][PASSED] - closeWindowUrl("https://www.everleagues.com/pricing"): Window with url: 'https://www.everleagues.com/pricing' is closed

2023-05-22 16:28:41 - [MESSAGE][PASSED] - Window with url: 'https://www.everleagues.com/pricing' is closed

2023-05-22 16:28:41 - [TEST_STEP][PASSED] - switchToWindowIndex(0): Switched to window with index: '0'

2023-05-22 16:28:41 - [MESSAGE][PASSED] - Switched to window with index: '0'

2023-05-22 16:28:41 - [TEST_STEP][PASSED] - delay(delay_1second): Delayed 1 second(s)

2023-05-22 16:28:42 - [MESSAGE][PASSED] - Delayed 1 second(s)

2023-05-22 16:28:42 - [TEST_STEP][PASSED] - click(findTestObject("04-Add my Organizations/Free limited Plan/button_Next2")): Object: 'Object Repository/04-Add my Organizations/Free limited Plan/button_Next2' is clicked on

2023-05-22 16:28:42 - [MESSAGE][PASSED] - Object: 'Object Repository/04-Add my Organizations/Free limited Plan/button_Next2' is clicked on

2023-05-22 16:28:42 - [TEST_STEP][PASSED] - delay(delay_1second): Delayed 1 second(s)

2023-05-22 16:28:43 - [MESSAGE][PASSED] - Delayed 1 second(s)

2023-05-22 16:28:43 - [TEST_STEP][PASSED] - verifyElementVisible(findTestObject("04-Add my Organizations/Free limited Plan/add my org modal 3")): Object 'Object Repository/04-Add my Organizations/Free limited Plan/add my org modal 3' is visible

2023-05-22 16:28:44 - [MESSAGE][PASSED] - Object 'Object Repository/04-Add my Organizations/Free limited Plan/add my org modal 3' is visible

2023-05-22 16:28:44 - [TEST_STEP][PASSED] - delay(delay_1second): Delayed 1 second(s)

2023-05-22 16:28:45 - [MESSAGE][PASSED] - Delayed 1 second(s)

2023-05-22 16:28:45 - [TEST_STEP][PASSED] - click(findTestObject("04-Add my Organizations/Free limited Plan/SaaS checkbox")): Object: 'Object Repository/04-Add my Organizations/Free limited Plan/SaaS checkbox' is clicked on

2023-05-22 16:28:45 - [MESSAGE][PASSED] - Object: 'Object Repository/04-Add my Organizations/Free limited Plan/SaaS checkbox' is clicked on

2023-05-22 16:28:45 - [TEST_STEP][PASSED] - click(findTestObject("04-Add my Organizations/Free limited Plan/a_Software as a service (SaaS) subscription agreement")): Object: 'Object Repository/04-Add my Organizations/Free limited Plan/a_Software as a service (SaaS) subscription agreement' is clicked on

2023-05-22 16:28:46 - [MESSAGE][PASSED] - Object: 'Object Repository/04-Add my Organizations/Free limited Plan/a_Software as a service (SaaS) subscription agreement' is clicked on

2023-05-22 16:28:46 - [TEST_STEP][PASSED] - switchToWindowIndex(1): Switched to window with index: '1'

2023-05-22 16:28:47 - [MESSAGE][PASSED] - Switched to window with index: '1'

2023-05-22 16:28:47 - [TEST_STEP][PASSED] - delay(delay_5seconds): Delayed 5 second(s)

2023-05-22 16:28:52 - [MESSAGE][PASSED] - Delayed 5 second(s)

2023-05-22 16:28:52 - [TEST_STEP][PASSED] - assert getUrl() == "https://www.everleagues.com/saas-agreement/": Current window's url is: 'https://www.everleagues.com/saas-agreement/'

2023-05-22 16:29:31 - [MESSAGE][PASSED] - Current window's url is: 'https://www.everleagues.com/saas-agreement/'

2023-05-22 16:29:31 - [TEST_STEP][PASSED] - closeWindowUrl("https://www.everleagues.com/saas-agreement/"): Window with url: 'https://www.everleagues.com/saas-agreement/' is closed

2023-05-22 16:29:32 - [MESSAGE][PASSED] - Window with url: 'https://www.everleagues.com/saas-agreement/' is closed

2023-05-22 16:29:32 - [TEST_STEP][PASSED] - switchToWindowIndex(0): Switched to window with index: '0'

2023-05-22 16:29:32 - [MESSAGE][PASSED] - Switched to window with index: '0'

2023-05-22 16:29:32 - [TEST_STEP][PASSED] - delay(delay_1second): Delayed 1 second(s)

2023-05-22 16:29:33 - [MESSAGE][PASSED] - Delayed 1 second(s)

2023-05-22 16:29:33 - [TEST_STEP][PASSED] - click(findTestObject("04-Add my Organizations/Free limited Plan/button_Create")): Object: 'Object Repository/04-Add my Organizations/Free limited Plan/button_Create' is clicked on

2023-05-22 16:29:33 - [MESSAGE][PASSED] - Object: 'Object Repository/04-Add my Organizations/Free limited Plan/button_Create' is clicked on

2023-05-22 16:29:34 - [TEST_STEP][PASSED] - delay(delay_1second): Delayed 1 second(s)

2023-05-22 16:29:35 - [MESSAGE][PASSED] - Delayed 1 second(s)

2023-05-22 16:29:35 - [TEST_STEP][PASSED] - verifyElementVisible(findTestObject("04-Add my Organizations/Free limited Plan/Congratulations msg")): Object 'Object Repository/04-Add my Organizations/Free limited Plan/Congratulations msg' is visible

2023-05-22 16:29:40 - [MESSAGE][PASSED] - Object 'Object Repository/04-Add my Organizations/Free limited Plan/Congratulations msg' is visible

2023-05-22 16:29:40 - [TEST_STEP][PASSED] - verifyElementVisible(findTestObject("04-Add my Organizations/Free limited Plan/button_SET UP")): Object 'Object Repository/04-Add my Organizations/Free limited Plan/button_SET UP' is visible

2023-05-22 16:29:41 - [MESSAGE][PASSED] - Object 'Object Repository/04-Add my Organizations/Free limited Plan/button_SET UP' is visible

2023-05-22 16:29:41 - [TEST_STEP][PASSED] - verifyElementVisible(findTestObject("04-Add my Organizations/Free limited Plan/button_INVITE EMPLOYEES etc")): Object 'Object Repository/04-Add my Organizations/Free limited Plan/button_INVITE EMPLOYEES etc' is visible

2023-05-22 16:29:42 - [MESSAGE][PASSED] - Object 'Object Repository/04-Add my Organizations/Free limited Plan/button_INVITE EMPLOYEES etc' is visible

2023-05-22 16:29:42 - [TEST_STEP][PASSED] - verifyElementVisible(findTestObject("04-Add my Organizations/Free limited Plan/button_SET UP TEAM")): Object 'Object Repository/04-Add my Organizations/Free limited Plan/button_SET UP TEAM' is visible

2023-05-22 16:29:42 - [MESSAGE][PASSED] - Object 'Object Repository/04-Add my Organizations/Free limited Plan/button_SET UP TEAM' is visible

2023-05-22 16:29:42 - [TEST_STEP][PASSED] - verifyElementVisible(findTestObject("04-Add my Organizations/Free limited Plan/button_LEARN MORE")): Object 'Object Repository/04-Add my Organizations/Free limited Plan/button_LEARN MORE' is visible

2023-05-22 16:29:43 - [MESSAGE][PASSED] - Object 'Object Repository/04-Add my Organizations/Free limited Plan/button_LEARN MORE' is visible

2023-05-22 16:29:43 - [TEST_STEP][PASSED] - delay(delay_5seconds): Delayed 5 second(s)

2023-05-22 16:29:48 - [MESSAGE][PASSED] - Delayed 5 second(s)

2023-05-22 16:29:48 - [TEST_STEP][PASSED] - click(findTestObject("04-Add my Organizations/Free limited Plan/button_DO THIS LATER")): Object: 'Object Repository/04-Add my Organizations/Free limited Plan/button_DO THIS LATER' is clicked on

2023-05-22 16:29:48 - [MESSAGE][PASSED] - Object: 'Object Repository/04-Add my Organizations/Free limited Plan/button_DO THIS LATER' is clicked on

2023-05-22 16:29:48 - [TEST_STEP][PASSED] - delay(delay_1second): Delayed 1 second(s)

2023-05-22 16:29:49 - [MESSAGE][PASSED] - Delayed 1 second(s)

2023-05-22 16:29:49 - [TEST_STEP][PASSED] - verifyElementVisible(findTestObject("04-Add my Organizations/Free limited Plan/span_GG Automation")): Object 'Object Repository/04-Add my Organizations/Free limited Plan/span_GG Automation' is visible

2023-05-22 16:29:50 - [MESSAGE][PASSED] - Object 'Object Repository/04-Add my Organizations/Free limited Plan/span_GG Automation' is visible

2023-05-22 16:29:50 - [TEST_STEP][PASSED] - delay(delay_1second): Delayed 1 second(s)

2023-05-22 16:29:51 - [MESSAGE][PASSED] - Delayed 1 second(s)

2023-05-22 16:29:51 - [TEST_STEP][PASSED] - closeBrowser(): Browser is closed

2023-05-22 16:29:52 - [MESSAGE][PASSED] - Browser is closed]]></system-out>
         <system-err><![CDATA[]]></system-err>
      </testcase>
      <system-out><![CDATA[2023-05-22 16:26:26 - [TEST_SUITE][PASSED] - 04-Add my Organizations: Test Cases/04-Add my Organizations/03- Free limited Plan (Positive Scenarios)]]></system-out>
      <system-err><![CDATA[]]></system-err>
   </testsuite>
</testsuites>
