<?xml version="1.0" encoding="UTF-8"?>
<testsuites name="06.1- Teams - Add" time="226.305" tests="2" failures="0" errors="0">
   <testsuite name="06.1- Teams - Add" tests="2" failures="0" errors="0" time="226.305" skipped="0" timestamp="2022-09-30 15:58:14" hostname="User - DESKTOP-QCRNR4M" id="Test Suites/TS-Organization/06.1- Teams - Add">
      <properties>
         <property name="deviceName" value=""/>
         <property name="devicePlatform" value=""/>
         <property name="logFolder" value="C:\\Users\\User\\Katalon Studio\\EverleaguesMain\\Reports\\20220930_155812\\TS-Organization\\06.1- Teams - Add\\20220930_155812"/>
         <property name="logFiles" value="C:\\Users\\User\\Katalon Studio\\EverleaguesMain\\Reports\\20220930_155812\\TS-Organization\\06.1- Teams - Add\\20220930_155812\\execution0.log"/>
         <property name="attachments" value=""/>
         <property name="hostName" value="User - DESKTOP-QCRNR4M"/>
         <property name="os" value="Windows 10 64bit"/>
         <property name="katalonVersion" value="8.4.1.208"/>
         <property name="browser" value="Chrome 106.0.0.0"/>
         <property name="hostAddress" value="192.168.5.124"/>
         <property name="sessionId" value="7440a768c24dad014325936bb664861e"/>
         <property name="seleniumVersion" value="3.141.59"/>
         <property name="proxyInformation" value="ProxyInformation { proxyOption=NO_PROXY, proxyServerType=HTTP, username=, password=********, proxyServerAddress=, proxyServerPort=0, executionList=&quot;&quot;, isApplyToDesiredCapabilities=true }"/>
         <property name="platform" value="Windows 10"/>
      </properties>
      <testcase name="Test Cases/06- Teams/01- Add Team- Public" time="100.029" classname="Test Cases/06- Teams/01- Add Team- Public" status="PASSED">
         <system-out><![CDATA[2022-09-30 15:58:14 - [TEST_CASE][PASSED] - Test Cases/06- Teams/01- Add Team- Public: Test Cases/06- Teams/01- Add Team- Public

2022-09-30 15:58:15 - [TEST_STEP][PASSED] - openBrowser(""): Browser is opened with url: ''

2022-09-30 15:58:15 - [MESSAGE][INFO] - Starting 'Chrome' driver

2022-09-30 15:58:15 - [MESSAGE][INFO] - Action delay is set to 0 milliseconds

2022-09-30 15:58:17 - [MESSAGE][PASSED] - Browser is opened with url: ''

2022-09-30 15:58:17 - [TEST_STEP][PASSED] - navigateToUrl("https://lab.everleagues.com/"): Navigate to 'https://lab.everleagues.com/' successfully

2022-09-30 15:58:29 - [MESSAGE][PASSED] - Navigate to 'https://lab.everleagues.com/' successfully

2022-09-30 15:58:29 - [TEST_STEP][PASSED] - maximizeWindow(): Current window maximized

2022-09-30 15:58:29 - [MESSAGE][PASSED] - Current window maximized

2022-09-30 15:58:29 - [TEST_STEP][PASSED] - setText(findTestObject("02-Side Icons(Organization)/Add Contact/Email Field"), "testuser02@mailinator.com"): Text 'testuser02@mailinator.com' is set on object 'Object Repository/02-Side Icons(Organization)/Add Contact/Email Field'

2022-09-30 15:58:30 - [MESSAGE][PASSED] - Text 'testuser02@mailinator.com' is set on object 'Object Repository/02-Side Icons(Organization)/Add Contact/Email Field'

2022-09-30 15:58:30 - [TEST_STEP][PASSED] - setEncryptedText(findTestObject("02-Side Icons(Organization)/Add Contact/Password Field"), "8yFRyszE6U6jvsCn51OQbg=="): Text ****** has been set on object 'Object Repository/02-Side Icons(Organization)/Add Contact/Password Field'

2022-09-30 15:58:30 - [MESSAGE][PASSED] - Text ****** has been set on object 'Object Repository/02-Side Icons(Organization)/Add Contact/Password Field'

2022-09-30 15:58:30 - [TEST_STEP][PASSED] - click(findTestObject("02-Side Icons(Organization)/Add Contact/button_Sign in")): Object: 'Object Repository/02-Side Icons(Organization)/Add Contact/button_Sign in' is clicked on

2022-09-30 15:58:31 - [MESSAGE][PASSED] - Object: 'Object Repository/02-Side Icons(Organization)/Add Contact/button_Sign in' is clicked on

2022-09-30 15:58:31 - [TEST_STEP][PASSED] - delay(2): Delayed 2 second(s)

2022-09-30 15:58:33 - [MESSAGE][PASSED] - Delayed 2 second(s)

2022-09-30 15:58:33 - [TEST_STEP][PASSED] - click(findTestObject("06-Teams/For 2FA/button_Confirm_2FA")): Object: 'Object Repository/06-Teams/For 2FA/button_Confirm_2FA' is clicked on

2022-09-30 15:58:33 - [MESSAGE][PASSED] - Object: 'Object Repository/06-Teams/For 2FA/button_Confirm_2FA' is clicked on

2022-09-30 15:58:33 - [TEST_STEP][PASSED] - executeJavaScript("window.open();", []): Execute JavaScript 'window.open();' successfully

2022-09-30 15:58:33 - [MESSAGE][PASSED] - Execute JavaScript 'window.open();' successfully

2022-09-30 15:58:33 - [TEST_STEP][PASSED] - currentWindow = getWindowIndex(): Current window's index is: 0

2022-09-30 15:58:33 - [MESSAGE][PASSED] - Current window's index is: 0

2022-09-30 15:58:33 - [TEST_STEP][PASSED] - delay(3): Delayed 3 second(s)

2022-09-30 15:58:36 - [MESSAGE][PASSED] - Delayed 3 second(s)

2022-09-30 15:58:36 - [TEST_STEP][PASSED] - switchToWindowIndex(currentWindow + 1): Switched to window with index: '1'

2022-09-30 15:58:36 - [MESSAGE][PASSED] - Switched to window with index: '1'

2022-09-30 15:58:36 - [TEST_STEP][PASSED] - navigateToUrl("https://www.mailinator.com/"): Navigate to 'https://www.mailinator.com/' successfully

2022-09-30 15:58:38 - [MESSAGE][PASSED] - Navigate to 'https://www.mailinator.com/' successfully

2022-09-30 15:58:38 - [TEST_STEP][PASSED] - delay(3): Delayed 3 second(s)

2022-09-30 15:58:41 - [MESSAGE][PASSED] - Delayed 3 second(s)

2022-09-30 15:58:41 - [TEST_STEP][PASSED] - setText(findTestObject("00-Signup and Activation/zMailinator/input_LOGIN_search"), "testuser02@mailinator.com"): Text 'testuser02@mailinator.com' is set on object 'Object Repository/00-Signup and Activation/zMailinator/input_LOGIN_search'

2022-09-30 15:58:42 - [MESSAGE][PASSED] - Text 'testuser02@mailinator.com' is set on object 'Object Repository/00-Signup and Activation/zMailinator/input_LOGIN_search'

2022-09-30 15:58:42 - [TEST_STEP][PASSED] - click(findTestObject("00-Signup and Activation/zMailinator/gobutton"), STOP_ON_FAILURE): Object: 'Object Repository/00-Signup and Activation/zMailinator/gobutton' is clicked on

2022-09-30 15:58:43 - [MESSAGE][PASSED] - Object: 'Object Repository/00-Signup and Activation/zMailinator/gobutton' is clicked on

2022-09-30 15:58:43 - [TEST_STEP][PASSED] - delay(3): Delayed 3 second(s)

2022-09-30 15:58:46 - [MESSAGE][PASSED] - Delayed 3 second(s)

2022-09-30 15:58:46 - [TEST_STEP][PASSED] - click(findTestObject("00-Signup and Activation/zMailinator/Email - everleagues")): Object: 'Object Repository/00-Signup and Activation/zMailinator/Email - everleagues' is clicked on

2022-09-30 15:58:47 - [MESSAGE][PASSED] - Object: 'Object Repository/00-Signup and Activation/zMailinator/Email - everleagues' is clicked on

2022-09-30 15:58:47 - [TEST_STEP][PASSED] - delay(3): Delayed 3 second(s)

2022-09-30 15:58:50 - [MESSAGE][PASSED] - Delayed 3 second(s)

2022-09-30 15:58:50 - [TEST_STEP][PASSED] - code = getText(findTestObject("Object Repository/06-Teams/For 2FA/2FA code")): Text of object 'Object Repository/06-Teams/For 2FA/2FA code' is: '708091'

2022-09-30 15:58:50 - [MESSAGE][PASSED] - Text of object 'Object Repository/06-Teams/For 2FA/2FA code' is: '708091'

2022-09-30 15:58:50 - [TEST_STEP][PASSED] - delay(3): Delayed 3 second(s)

2022-09-30 15:58:53 - [MESSAGE][PASSED] - Delayed 3 second(s)

2022-09-30 15:58:53 - [TEST_STEP][PASSED] - closeWindowTitle("Mailinator"): Window with title: 'Mailinator' is closed

2022-09-30 15:58:53 - [MESSAGE][PASSED] - Window with title: 'Mailinator' is closed

2022-09-30 15:58:53 - [TEST_STEP][PASSED] - delay(3): Delayed 3 second(s)

2022-09-30 15:58:56 - [MESSAGE][PASSED] - Delayed 3 second(s)

2022-09-30 15:58:56 - [TEST_STEP][PASSED] - switchToWindowIndex(0): Switched to window with index: '0'

2022-09-30 15:58:56 - [MESSAGE][PASSED] - Switched to window with index: '0'

2022-09-30 15:58:56 - [TEST_STEP][PASSED] - delay(3): Delayed 3 second(s)

2022-09-30 15:58:59 - [MESSAGE][PASSED] - Delayed 3 second(s)

2022-09-30 15:58:59 - [TEST_STEP][PASSED] - setText(findTestObject("Object Repository/06-Teams/For 2FA/input_Enter verification code_code"), code): Text '708091' is set on object 'Object Repository/06-Teams/For 2FA/input_Enter verification code_code'

2022-09-30 15:59:00 - [MESSAGE][PASSED] - Text '708091' is set on object 'Object Repository/06-Teams/For 2FA/input_Enter verification code_code'

2022-09-30 15:59:00 - [TEST_STEP][PASSED] - delay(3): Delayed 3 second(s)

2022-09-30 15:59:03 - [MESSAGE][PASSED] - Delayed 3 second(s)

2022-09-30 15:59:03 - [TEST_STEP][PASSED] - click(findTestObject("06-Teams/For 2FA/button_Verify_2FA")): Object: 'Object Repository/06-Teams/For 2FA/button_Verify_2FA' is clicked on

2022-09-30 15:59:04 - [MESSAGE][PASSED] - Object: 'Object Repository/06-Teams/For 2FA/button_Verify_2FA' is clicked on

2022-09-30 15:59:04 - [TEST_STEP][PASSED] - delay(5): Delayed 5 second(s)

2022-09-30 15:59:09 - [MESSAGE][PASSED] - Delayed 5 second(s)

2022-09-30 15:59:09 - [TEST_STEP][PASSED] - click(findTestObject("06-Teams/button_doublearrow")): Object: 'Object Repository/06-Teams/button_doublearrow' is clicked on

2022-09-30 15:59:09 - [MESSAGE][PASSED] - Object: 'Object Repository/06-Teams/button_doublearrow' is clicked on

2022-09-30 15:59:09 - [TEST_STEP][PASSED] - click(findTestObject("06-Teams/button_My Organizations")): Object: 'Object Repository/06-Teams/button_My Organizations' is clicked on

2022-09-30 15:59:10 - [MESSAGE][PASSED] - Object: 'Object Repository/06-Teams/button_My Organizations' is clicked on

2022-09-30 15:59:10 - [TEST_STEP][PASSED] - click(findTestObject("06-Teams/button_GG Automation")): Object: 'Object Repository/06-Teams/button_GG Automation' is clicked on

2022-09-30 15:59:10 - [MESSAGE][PASSED] - Object: 'Object Repository/06-Teams/button_GG Automation' is clicked on

2022-09-30 15:59:10 - [TEST_STEP][PASSED] - delay(4): Delayed 4 second(s)

2022-09-30 15:59:14 - [MESSAGE][PASSED] - Delayed 4 second(s)

2022-09-30 15:59:14 - [TEST_STEP][PASSED] - verifyElementVisible(findTestObject("06-Teams/span_GG Automation")): Object 'Object Repository/06-Teams/span_GG Automation' is visible

2022-09-30 15:59:15 - [MESSAGE][PASSED] - Object 'Object Repository/06-Teams/span_GG Automation' is visible

2022-09-30 15:59:15 - [TEST_STEP][PASSED] - delay(2): Delayed 2 second(s)

2022-09-30 15:59:17 - [MESSAGE][PASSED] - Delayed 2 second(s)

2022-09-30 15:59:17 - [TEST_STEP][PASSED] - click(findTestObject("03-Header Menu/Hamburger Button/div_Teams")): Object: 'Object Repository/03-Header Menu/Hamburger Button/div_Teams' is clicked on

2022-09-30 15:59:17 - [MESSAGE][PASSED] - Object: 'Object Repository/03-Header Menu/Hamburger Button/div_Teams' is clicked on

2022-09-30 15:59:17 - [TEST_STEP][PASSED] - delay(2): Delayed 2 second(s)

2022-09-30 15:59:19 - [MESSAGE][PASSED] - Delayed 2 second(s)

2022-09-30 15:59:19 - [TEST_STEP][PASSED] - verifyElementVisible(findTestObject("06-Teams/h4_TEAMS")): Object 'Object Repository/06-Teams/h4_TEAMS' is visible

2022-09-30 15:59:20 - [MESSAGE][PASSED] - Object 'Object Repository/06-Teams/h4_TEAMS' is visible

2022-09-30 15:59:20 - [TEST_STEP][PASSED] - delay(3): Delayed 3 second(s)

2022-09-30 15:59:23 - [MESSAGE][PASSED] - Delayed 3 second(s)

2022-09-30 15:59:23 - [TEST_STEP][PASSED] - click(findTestObject("06-Teams/Add Team")): Object: 'Object Repository/06-Teams/Add Team' is clicked on

2022-09-30 15:59:23 - [MESSAGE][PASSED] - Object: 'Object Repository/06-Teams/Add Team' is clicked on

2022-09-30 15:59:23 - [TEST_STEP][PASSED] - delay(3): Delayed 3 second(s)

2022-09-30 15:59:26 - [MESSAGE][PASSED] - Delayed 3 second(s)

2022-09-30 15:59:26 - [TEST_STEP][PASSED] - verifyElementVisible(findTestObject("06-Teams/button_Public")): Object 'Object Repository/06-Teams/button_Public' is visible

2022-09-30 15:59:26 - [MESSAGE][PASSED] - Object 'Object Repository/06-Teams/button_Public' is visible

2022-09-30 15:59:26 - [TEST_STEP][PASSED] - verifyElementVisible(findTestObject("06-Teams/button_Private")): Object 'Object Repository/06-Teams/button_Private' is visible

2022-09-30 15:59:27 - [MESSAGE][PASSED] - Object 'Object Repository/06-Teams/button_Private' is visible

2022-09-30 15:59:27 - [TEST_STEP][PASSED] - delay(3): Delayed 3 second(s)

2022-09-30 15:59:30 - [MESSAGE][PASSED] - Delayed 3 second(s)

2022-09-30 15:59:30 - [TEST_STEP][PASSED] - click(findTestObject("06-Teams/button_Public")): Object: 'Object Repository/06-Teams/button_Public' is clicked on

2022-09-30 15:59:30 - [MESSAGE][PASSED] - Object: 'Object Repository/06-Teams/button_Public' is clicked on

2022-09-30 15:59:30 - [TEST_STEP][PASSED] - verifyElementVisible(findTestObject("06-Teams/01-Add Team-Public/Add Team_Public")): Object 'Object Repository/06-Teams/01-Add Team-Public/Add Team_Public' is visible

2022-09-30 15:59:31 - [MESSAGE][PASSED] - Object 'Object Repository/06-Teams/01-Add Team-Public/Add Team_Public' is visible

2022-09-30 15:59:31 - [TEST_STEP][PASSED] - verifyElementNotClickable(findTestObject("06-Teams/01-Add Team-Public/button_Create")): Object 'Object Repository/06-Teams/01-Add Team-Public/button_Create' is NOT clickable

2022-09-30 15:59:31 - [MESSAGE][PASSED] - Object 'Object Repository/06-Teams/01-Add Team-Public/button_Create' is NOT clickable

2022-09-30 15:59:31 - [TEST_STEP][PASSED] - delay(3): Delayed 3 second(s)

2022-09-30 15:59:34 - [MESSAGE][PASSED] - Delayed 3 second(s)

2022-09-30 15:59:34 - [TEST_STEP][PASSED] - click(findTestObject("06-Teams/01-Add Team-Public/input_teamName")): Object: 'Object Repository/06-Teams/01-Add Team-Public/input_teamName' is clicked on

2022-09-30 15:59:34 - [MESSAGE][PASSED] - Object: 'Object Repository/06-Teams/01-Add Team-Public/input_teamName' is clicked on

2022-09-30 15:59:34 - [TEST_STEP][PASSED] - click(findTestObject("06-Teams/01-Add Team-Public/Org unit")): Object: 'Object Repository/06-Teams/01-Add Team-Public/Org unit' is clicked on

2022-09-30 15:59:35 - [MESSAGE][PASSED] - Object: 'Object Repository/06-Teams/01-Add Team-Public/Org unit' is clicked on

2022-09-30 15:59:35 - [TEST_STEP][PASSED] - verifyElementVisible(findTestObject("06-Teams/01-Add Team-Public/h4_Select an organization unit")): Object 'Object Repository/06-Teams/01-Add Team-Public/h4_Select an organization unit' is visible

2022-09-30 15:59:35 - [MESSAGE][PASSED] - Object 'Object Repository/06-Teams/01-Add Team-Public/h4_Select an organization unit' is visible

2022-09-30 15:59:35 - [TEST_STEP][PASSED] - delay(3): Delayed 3 second(s)

2022-09-30 15:59:38 - [MESSAGE][PASSED] - Delayed 3 second(s)

2022-09-30 15:59:38 - [TEST_STEP][PASSED] - click(findTestObject("06-Teams/01-Add Team-Public/div_GG Automation")): Object: 'Object Repository/06-Teams/01-Add Team-Public/div_GG Automation' is clicked on

2022-09-30 15:59:39 - [MESSAGE][PASSED] - Object: 'Object Repository/06-Teams/01-Add Team-Public/div_GG Automation' is clicked on

2022-09-30 15:59:39 - [TEST_STEP][PASSED] - click(findTestObject("06-Teams/01-Add Team-Public/button_Select")): Object: 'Object Repository/06-Teams/01-Add Team-Public/button_Select' is clicked on

2022-09-30 15:59:39 - [MESSAGE][PASSED] - Object: 'Object Repository/06-Teams/01-Add Team-Public/button_Select' is clicked on

2022-09-30 15:59:39 - [TEST_STEP][PASSED] - verifyElementVisible(findTestObject("06-Teams/01-Add Team-Public/Error Team name")): Object 'Object Repository/06-Teams/01-Add Team-Public/Error Team name' is visible

2022-09-30 15:59:40 - [MESSAGE][PASSED] - Object 'Object Repository/06-Teams/01-Add Team-Public/Error Team name' is visible

2022-09-30 15:59:40 - [TEST_STEP][PASSED] - delay(3): Delayed 3 second(s)

2022-09-30 15:59:43 - [MESSAGE][PASSED] - Delayed 3 second(s)

2022-09-30 15:59:43 - [TEST_STEP][PASSED] - setText(findTestObject("06-Teams/01-Add Team-Public/input_teamName"), "Auto Team Public"): Text 'Auto Team Public' is set on object 'Object Repository/06-Teams/01-Add Team-Public/input_teamName'

2022-09-30 15:59:44 - [MESSAGE][PASSED] - Text 'Auto Team Public' is set on object 'Object Repository/06-Teams/01-Add Team-Public/input_teamName'

2022-09-30 15:59:44 - [TEST_STEP][PASSED] - click(findTestObject("06-Teams/01-Add Team-Public/button_Create")): Object: 'Object Repository/06-Teams/01-Add Team-Public/button_Create' is clicked on

2022-09-30 15:59:44 - [MESSAGE][PASSED] - Object: 'Object Repository/06-Teams/01-Add Team-Public/button_Create' is clicked on

2022-09-30 15:59:44 - [TEST_STEP][PASSED] - delay(3): Delayed 3 second(s)

2022-09-30 15:59:47 - [MESSAGE][PASSED] - Delayed 3 second(s)

2022-09-30 15:59:47 - [TEST_STEP][PASSED] - verifyElementVisible(findTestObject("06-Teams/01-Add Team-Public/span_Successfully added new team")): Object 'Object Repository/06-Teams/01-Add Team-Public/span_Successfully added new team' is visible

2022-09-30 15:59:47 - [MESSAGE][PASSED] - Object 'Object Repository/06-Teams/01-Add Team-Public/span_Successfully added new team' is visible

2022-09-30 15:59:47 - [TEST_STEP][PASSED] - delay(3): Delayed 3 second(s)

2022-09-30 15:59:50 - [MESSAGE][PASSED] - Delayed 3 second(s)

2022-09-30 15:59:50 - [TEST_STEP][PASSED] - verifyElementVisible(findTestObject("06-Teams/01-Add Team-Public/span_Auto Team Public")): Object 'Object Repository/06-Teams/01-Add Team-Public/span_Auto Team Public' is visible

2022-09-30 15:59:51 - [MESSAGE][PASSED] - Object 'Object Repository/06-Teams/01-Add Team-Public/span_Auto Team Public' is visible

2022-09-30 15:59:51 - [TEST_STEP][PASSED] - delay(3): Delayed 3 second(s)

2022-09-30 15:59:54 - [MESSAGE][PASSED] - Delayed 3 second(s)

2022-09-30 15:59:54 - [TEST_STEP][PASSED] - closeBrowser(): Browser is closed

2022-09-30 15:59:54 - [MESSAGE][PASSED] - Browser is closed]]></system-out>
         <system-err><![CDATA[]]></system-err>
      </testcase>
      <testcase name="Test Cases/06- Teams/02-Add Team-Private" time="125.973" classname="Test Cases/06- Teams/02-Add Team-Private" status="PASSED">
         <system-out><![CDATA[2022-09-30 15:59:54 - [TEST_CASE][PASSED] - Test Cases/06- Teams/02-Add Team-Private: Test Cases/06- Teams/02-Add Team-Private

2022-09-30 15:59:55 - [TEST_STEP][PASSED] - openBrowser(""): Browser is opened with url: ''

2022-09-30 15:59:55 - [MESSAGE][INFO] - Starting 'Chrome' driver

2022-09-30 15:59:55 - [MESSAGE][INFO] - Action delay is set to 0 milliseconds

2022-09-30 15:59:56 - [MESSAGE][PASSED] - Browser is opened with url: ''

2022-09-30 15:59:56 - [TEST_STEP][PASSED] - navigateToUrl("https://lab.everleagues.com/"): Navigate to 'https://lab.everleagues.com/' successfully

2022-09-30 16:00:24 - [MESSAGE][PASSED] - Navigate to 'https://lab.everleagues.com/' successfully

2022-09-30 16:00:24 - [TEST_STEP][PASSED] - maximizeWindow(): Current window maximized

2022-09-30 16:00:24 - [MESSAGE][PASSED] - Current window maximized

2022-09-30 16:00:24 - [TEST_STEP][PASSED] - setText(findTestObject("02-Side Icons(Organization)/Add Contact/Email Field"), "testuser02@mailinator.com"): Text 'testuser02@mailinator.com' is set on object 'Object Repository/02-Side Icons(Organization)/Add Contact/Email Field'

2022-09-30 16:00:25 - [MESSAGE][PASSED] - Text 'testuser02@mailinator.com' is set on object 'Object Repository/02-Side Icons(Organization)/Add Contact/Email Field'

2022-09-30 16:00:25 - [TEST_STEP][PASSED] - setEncryptedText(findTestObject("02-Side Icons(Organization)/Add Contact/Password Field"), "8yFRyszE6U6jvsCn51OQbg=="): Text ****** has been set on object 'Object Repository/02-Side Icons(Organization)/Add Contact/Password Field'

2022-09-30 16:00:25 - [MESSAGE][PASSED] - Text ****** has been set on object 'Object Repository/02-Side Icons(Organization)/Add Contact/Password Field'

2022-09-30 16:00:25 - [TEST_STEP][PASSED] - click(findTestObject("02-Side Icons(Organization)/Add Contact/button_Sign in")): Object: 'Object Repository/02-Side Icons(Organization)/Add Contact/button_Sign in' is clicked on

2022-09-30 16:00:26 - [MESSAGE][PASSED] - Object: 'Object Repository/02-Side Icons(Organization)/Add Contact/button_Sign in' is clicked on

2022-09-30 16:00:26 - [TEST_STEP][PASSED] - delay(3): Delayed 3 second(s)

2022-09-30 16:00:29 - [MESSAGE][PASSED] - Delayed 3 second(s)

2022-09-30 16:00:29 - [TEST_STEP][PASSED] - click(findTestObject("06-Teams/For 2FA/button_Confirm_2FA")): Object: 'Object Repository/06-Teams/For 2FA/button_Confirm_2FA' is clicked on

2022-09-30 16:00:30 - [MESSAGE][PASSED] - Object: 'Object Repository/06-Teams/For 2FA/button_Confirm_2FA' is clicked on

2022-09-30 16:00:30 - [TEST_STEP][PASSED] - executeJavaScript("window.open();", []): Execute JavaScript 'window.open();' successfully

2022-09-30 16:00:30 - [MESSAGE][PASSED] - Execute JavaScript 'window.open();' successfully

2022-09-30 16:00:30 - [TEST_STEP][PASSED] - currentWindow = getWindowIndex(): Current window's index is: 0

2022-09-30 16:00:30 - [MESSAGE][PASSED] - Current window's index is: 0

2022-09-30 16:00:30 - [TEST_STEP][PASSED] - delay(3): Delayed 3 second(s)

2022-09-30 16:00:33 - [MESSAGE][PASSED] - Delayed 3 second(s)

2022-09-30 16:00:33 - [TEST_STEP][PASSED] - switchToWindowIndex(currentWindow + 1): Switched to window with index: '1'

2022-09-30 16:00:33 - [MESSAGE][PASSED] - Switched to window with index: '1'

2022-09-30 16:00:33 - [TEST_STEP][PASSED] - navigateToUrl("https://www.mailinator.com/"): Navigate to 'https://www.mailinator.com/' successfully

2022-09-30 16:00:35 - [MESSAGE][PASSED] - Navigate to 'https://www.mailinator.com/' successfully

2022-09-30 16:00:35 - [TEST_STEP][PASSED] - delay(3): Delayed 3 second(s)

2022-09-30 16:00:38 - [MESSAGE][PASSED] - Delayed 3 second(s)

2022-09-30 16:00:38 - [TEST_STEP][PASSED] - setText(findTestObject("00-Signup and Activation/zMailinator/input_LOGIN_search"), "testuser02@mailinator.com"): Text 'testuser02@mailinator.com' is set on object 'Object Repository/00-Signup and Activation/zMailinator/input_LOGIN_search'

2022-09-30 16:00:38 - [MESSAGE][PASSED] - Text 'testuser02@mailinator.com' is set on object 'Object Repository/00-Signup and Activation/zMailinator/input_LOGIN_search'

2022-09-30 16:00:38 - [TEST_STEP][PASSED] - click(findTestObject("00-Signup and Activation/zMailinator/gobutton"), STOP_ON_FAILURE): Object: 'Object Repository/00-Signup and Activation/zMailinator/gobutton' is clicked on

2022-09-30 16:00:40 - [MESSAGE][PASSED] - Object: 'Object Repository/00-Signup and Activation/zMailinator/gobutton' is clicked on

2022-09-30 16:00:40 - [TEST_STEP][PASSED] - delay(3): Delayed 3 second(s)

2022-09-30 16:00:43 - [MESSAGE][PASSED] - Delayed 3 second(s)

2022-09-30 16:00:43 - [TEST_STEP][PASSED] - click(findTestObject("00-Signup and Activation/zMailinator/Email - everleagues")): Object: 'Object Repository/00-Signup and Activation/zMailinator/Email - everleagues' is clicked on

2022-09-30 16:00:43 - [MESSAGE][PASSED] - Object: 'Object Repository/00-Signup and Activation/zMailinator/Email - everleagues' is clicked on

2022-09-30 16:00:43 - [TEST_STEP][PASSED] - delay(3): Delayed 3 second(s)

2022-09-30 16:00:46 - [MESSAGE][PASSED] - Delayed 3 second(s)

2022-09-30 16:00:46 - [TEST_STEP][PASSED] - code = getText(findTestObject("Object Repository/06-Teams/For 2FA/2FA code")): Text of object 'Object Repository/06-Teams/For 2FA/2FA code' is: '456656'

2022-09-30 16:00:46 - [MESSAGE][PASSED] - Text of object 'Object Repository/06-Teams/For 2FA/2FA code' is: '456656'

2022-09-30 16:00:46 - [TEST_STEP][PASSED] - delay(3): Delayed 3 second(s)

2022-09-30 16:00:49 - [MESSAGE][PASSED] - Delayed 3 second(s)

2022-09-30 16:00:49 - [TEST_STEP][PASSED] - closeWindowTitle("Mailinator"): Window with title: 'Mailinator' is closed

2022-09-30 16:00:50 - [MESSAGE][PASSED] - Window with title: 'Mailinator' is closed

2022-09-30 16:00:50 - [TEST_STEP][PASSED] - delay(3): Delayed 3 second(s)

2022-09-30 16:00:53 - [MESSAGE][PASSED] - Delayed 3 second(s)

2022-09-30 16:00:53 - [TEST_STEP][PASSED] - switchToWindowIndex(0): Switched to window with index: '0'

2022-09-30 16:00:53 - [MESSAGE][PASSED] - Switched to window with index: '0'

2022-09-30 16:00:53 - [TEST_STEP][PASSED] - delay(3): Delayed 3 second(s)

2022-09-30 16:00:56 - [MESSAGE][PASSED] - Delayed 3 second(s)

2022-09-30 16:00:56 - [TEST_STEP][PASSED] - setText(findTestObject("Object Repository/06-Teams/For 2FA/input_Enter verification code_code"), code): Text '456656' is set on object 'Object Repository/06-Teams/For 2FA/input_Enter verification code_code'

2022-09-30 16:00:57 - [MESSAGE][PASSED] - Text '456656' is set on object 'Object Repository/06-Teams/For 2FA/input_Enter verification code_code'

2022-09-30 16:00:57 - [TEST_STEP][PASSED] - delay(3): Delayed 3 second(s)

2022-09-30 16:01:00 - [MESSAGE][PASSED] - Delayed 3 second(s)

2022-09-30 16:01:00 - [TEST_STEP][PASSED] - click(findTestObject("06-Teams/For 2FA/button_Verify_2FA")): Object: 'Object Repository/06-Teams/For 2FA/button_Verify_2FA' is clicked on

2022-09-30 16:01:00 - [MESSAGE][PASSED] - Object: 'Object Repository/06-Teams/For 2FA/button_Verify_2FA' is clicked on

2022-09-30 16:01:00 - [TEST_STEP][PASSED] - delay(5): Delayed 5 second(s)

2022-09-30 16:01:05 - [MESSAGE][PASSED] - Delayed 5 second(s)

2022-09-30 16:01:05 - [TEST_STEP][PASSED] - click(findTestObject("06-Teams/button_doublearrow")): Object: 'Object Repository/06-Teams/button_doublearrow' is clicked on

2022-09-30 16:01:05 - [MESSAGE][PASSED] - Object: 'Object Repository/06-Teams/button_doublearrow' is clicked on

2022-09-30 16:01:05 - [TEST_STEP][PASSED] - click(findTestObject("06-Teams/button_My Organizations")): Object: 'Object Repository/06-Teams/button_My Organizations' is clicked on

2022-09-30 16:01:06 - [MESSAGE][PASSED] - Object: 'Object Repository/06-Teams/button_My Organizations' is clicked on

2022-09-30 16:01:06 - [TEST_STEP][PASSED] - click(findTestObject("06-Teams/button_GG Automation")): Object: 'Object Repository/06-Teams/button_GG Automation' is clicked on

2022-09-30 16:01:07 - [MESSAGE][PASSED] - Object: 'Object Repository/06-Teams/button_GG Automation' is clicked on

2022-09-30 16:01:07 - [TEST_STEP][PASSED] - delay(4): Delayed 4 second(s)

2022-09-30 16:01:11 - [MESSAGE][PASSED] - Delayed 4 second(s)

2022-09-30 16:01:11 - [TEST_STEP][PASSED] - verifyElementVisible(findTestObject("06-Teams/span_GG Automation")): Object 'Object Repository/06-Teams/span_GG Automation' is visible

2022-09-30 16:01:11 - [MESSAGE][PASSED] - Object 'Object Repository/06-Teams/span_GG Automation' is visible

2022-09-30 16:01:11 - [TEST_STEP][PASSED] - delay(2): Delayed 2 second(s)

2022-09-30 16:01:13 - [MESSAGE][PASSED] - Delayed 2 second(s)

2022-09-30 16:01:13 - [TEST_STEP][PASSED] - click(findTestObject("03-Header Menu/Hamburger Button/div_Teams")): Object: 'Object Repository/03-Header Menu/Hamburger Button/div_Teams' is clicked on

2022-09-30 16:01:13 - [MESSAGE][PASSED] - Object: 'Object Repository/03-Header Menu/Hamburger Button/div_Teams' is clicked on

2022-09-30 16:01:13 - [TEST_STEP][PASSED] - delay(2): Delayed 2 second(s)

2022-09-30 16:01:15 - [MESSAGE][PASSED] - Delayed 2 second(s)

2022-09-30 16:01:15 - [TEST_STEP][PASSED] - verifyElementVisible(findTestObject("06-Teams/h4_TEAMS")): Object 'Object Repository/06-Teams/h4_TEAMS' is visible

2022-09-30 16:01:16 - [MESSAGE][PASSED] - Object 'Object Repository/06-Teams/h4_TEAMS' is visible

2022-09-30 16:01:16 - [TEST_STEP][PASSED] - delay(3): Delayed 3 second(s)

2022-09-30 16:01:19 - [MESSAGE][PASSED] - Delayed 3 second(s)

2022-09-30 16:01:19 - [TEST_STEP][PASSED] - click(findTestObject("06-Teams/Add Team")): Object: 'Object Repository/06-Teams/Add Team' is clicked on

2022-09-30 16:01:19 - [MESSAGE][PASSED] - Object: 'Object Repository/06-Teams/Add Team' is clicked on

2022-09-30 16:01:19 - [TEST_STEP][PASSED] - delay(3): Delayed 3 second(s)

2022-09-30 16:01:22 - [MESSAGE][PASSED] - Delayed 3 second(s)

2022-09-30 16:01:22 - [TEST_STEP][PASSED] - verifyElementVisible(findTestObject("06-Teams/button_Public")): Object 'Object Repository/06-Teams/button_Public' is visible

2022-09-30 16:01:22 - [MESSAGE][PASSED] - Object 'Object Repository/06-Teams/button_Public' is visible

2022-09-30 16:01:22 - [TEST_STEP][PASSED] - verifyElementVisible(findTestObject("06-Teams/button_Private")): Object 'Object Repository/06-Teams/button_Private' is visible

2022-09-30 16:01:23 - [MESSAGE][PASSED] - Object 'Object Repository/06-Teams/button_Private' is visible

2022-09-30 16:01:23 - [TEST_STEP][PASSED] - delay(3): Delayed 3 second(s)

2022-09-30 16:01:26 - [MESSAGE][PASSED] - Delayed 3 second(s)

2022-09-30 16:01:26 - [TEST_STEP][PASSED] - click(findTestObject("06-Teams/button_Private")): Object: 'Object Repository/06-Teams/button_Private' is clicked on

2022-09-30 16:01:26 - [MESSAGE][PASSED] - Object: 'Object Repository/06-Teams/button_Private' is clicked on

2022-09-30 16:01:26 - [TEST_STEP][PASSED] - delay(3): Delayed 3 second(s)

2022-09-30 16:01:29 - [MESSAGE][PASSED] - Delayed 3 second(s)

2022-09-30 16:01:29 - [TEST_STEP][PASSED] - verifyElementVisible(findTestObject("06-Teams/02-Add Team-Private/Add team- Private")): Object 'Object Repository/06-Teams/02-Add Team-Private/Add team- Private' is visible

2022-09-30 16:01:30 - [MESSAGE][PASSED] - Object 'Object Repository/06-Teams/02-Add Team-Private/Add team- Private' is visible

2022-09-30 16:01:30 - [TEST_STEP][PASSED] - verifyElementVisible(findTestObject("06-Teams/02-Add Team-Private/div_Settings")): Object 'Object Repository/06-Teams/02-Add Team-Private/div_Settings' is visible

2022-09-30 16:01:30 - [MESSAGE][PASSED] - Object 'Object Repository/06-Teams/02-Add Team-Private/div_Settings' is visible

2022-09-30 16:01:30 - [TEST_STEP][PASSED] - verifyElementVisible(findTestObject("06-Teams/02-Add Team-Private/div_Members")): Object 'Object Repository/06-Teams/02-Add Team-Private/div_Members' is visible

2022-09-30 16:01:30 - [MESSAGE][PASSED] - Object 'Object Repository/06-Teams/02-Add Team-Private/div_Members' is visible

2022-09-30 16:01:30 - [TEST_STEP][PASSED] - verifyElementNotClickable(findTestObject("06-Teams/01-Add Team-Public/button_Create")): Object 'Object Repository/06-Teams/01-Add Team-Public/button_Create' is NOT clickable

2022-09-30 16:01:31 - [MESSAGE][PASSED] - Object 'Object Repository/06-Teams/01-Add Team-Public/button_Create' is NOT clickable

2022-09-30 16:01:31 - [TEST_STEP][PASSED] - delay(3): Delayed 3 second(s)

2022-09-30 16:01:34 - [MESSAGE][PASSED] - Delayed 3 second(s)

2022-09-30 16:01:34 - [TEST_STEP][PASSED] - click(findTestObject("06-Teams/01-Add Team-Public/input_teamName")): Object: 'Object Repository/06-Teams/01-Add Team-Public/input_teamName' is clicked on

2022-09-30 16:01:34 - [MESSAGE][PASSED] - Object: 'Object Repository/06-Teams/01-Add Team-Public/input_teamName' is clicked on

2022-09-30 16:01:34 - [TEST_STEP][PASSED] - click(findTestObject("06-Teams/01-Add Team-Public/Org unit")): Object: 'Object Repository/06-Teams/01-Add Team-Public/Org unit' is clicked on

2022-09-30 16:01:34 - [MESSAGE][PASSED] - Object: 'Object Repository/06-Teams/01-Add Team-Public/Org unit' is clicked on

2022-09-30 16:01:34 - [TEST_STEP][PASSED] - verifyElementVisible(findTestObject("06-Teams/01-Add Team-Public/h4_Select an organization unit")): Object 'Object Repository/06-Teams/01-Add Team-Public/h4_Select an organization unit' is visible

2022-09-30 16:01:35 - [MESSAGE][PASSED] - Object 'Object Repository/06-Teams/01-Add Team-Public/h4_Select an organization unit' is visible

2022-09-30 16:01:35 - [TEST_STEP][PASSED] - delay(3): Delayed 3 second(s)

2022-09-30 16:01:38 - [MESSAGE][PASSED] - Delayed 3 second(s)

2022-09-30 16:01:38 - [TEST_STEP][PASSED] - click(findTestObject("06-Teams/01-Add Team-Public/div_GG Automation")): Object: 'Object Repository/06-Teams/01-Add Team-Public/div_GG Automation' is clicked on

2022-09-30 16:01:38 - [MESSAGE][PASSED] - Object: 'Object Repository/06-Teams/01-Add Team-Public/div_GG Automation' is clicked on

2022-09-30 16:01:38 - [TEST_STEP][PASSED] - click(findTestObject("06-Teams/01-Add Team-Public/button_Select")): Object: 'Object Repository/06-Teams/01-Add Team-Public/button_Select' is clicked on

2022-09-30 16:01:39 - [MESSAGE][PASSED] - Object: 'Object Repository/06-Teams/01-Add Team-Public/button_Select' is clicked on

2022-09-30 16:01:39 - [TEST_STEP][PASSED] - verifyElementVisible(findTestObject("06-Teams/01-Add Team-Public/Error Team name")): Object 'Object Repository/06-Teams/01-Add Team-Public/Error Team name' is visible

2022-09-30 16:01:40 - [MESSAGE][PASSED] - Object 'Object Repository/06-Teams/01-Add Team-Public/Error Team name' is visible

2022-09-30 16:01:40 - [TEST_STEP][PASSED] - delay(3): Delayed 3 second(s)

2022-09-30 16:01:43 - [MESSAGE][PASSED] - Delayed 3 second(s)

2022-09-30 16:01:43 - [TEST_STEP][PASSED] - setText(findTestObject("06-Teams/01-Add Team-Public/input_teamName"), "Auto Team Private"): Text 'Auto Team Private' is set on object 'Object Repository/06-Teams/01-Add Team-Public/input_teamName'

2022-09-30 16:01:44 - [MESSAGE][PASSED] - Text 'Auto Team Private' is set on object 'Object Repository/06-Teams/01-Add Team-Public/input_teamName'

2022-09-30 16:01:44 - [TEST_STEP][PASSED] - delay(3): Delayed 3 second(s)

2022-09-30 16:01:47 - [MESSAGE][PASSED] - Delayed 3 second(s)

2022-09-30 16:01:47 - [TEST_STEP][PASSED] - click(findTestObject("06-Teams/02-Add Team-Private/div_Members")): Object: 'Object Repository/06-Teams/02-Add Team-Private/div_Members' is clicked on

2022-09-30 16:01:47 - [MESSAGE][PASSED] - Object: 'Object Repository/06-Teams/02-Add Team-Private/div_Members' is clicked on

2022-09-30 16:01:47 - [TEST_STEP][PASSED] - verifyElementVisible(findTestObject("06-Teams/02-Add Team-Private/Members dialog box")): Object 'Object Repository/06-Teams/02-Add Team-Private/Members dialog box' is visible

2022-09-30 16:01:48 - [MESSAGE][PASSED] - Object 'Object Repository/06-Teams/02-Add Team-Private/Members dialog box' is visible

2022-09-30 16:01:48 - [TEST_STEP][PASSED] - delay(3): Delayed 3 second(s)

2022-09-30 16:01:51 - [MESSAGE][PASSED] - Delayed 3 second(s)

2022-09-30 16:01:51 - [TEST_STEP][PASSED] - click(findTestObject("06-Teams/01-Add Team-Public/button_Create")): Object: 'Object Repository/06-Teams/01-Add Team-Public/button_Create' is clicked on

2022-09-30 16:01:52 - [MESSAGE][PASSED] - Object: 'Object Repository/06-Teams/01-Add Team-Public/button_Create' is clicked on

2022-09-30 16:01:52 - [TEST_STEP][PASSED] - verifyElementVisible(findTestObject("06-Teams/01-Add Team-Public/span_Successfully added new team")): Object 'Object Repository/06-Teams/01-Add Team-Public/span_Successfully added new team' is visible

2022-09-30 16:01:53 - [MESSAGE][PASSED] - Object 'Object Repository/06-Teams/01-Add Team-Public/span_Successfully added new team' is visible

2022-09-30 16:01:53 - [TEST_STEP][PASSED] - delay(3): Delayed 3 second(s)

2022-09-30 16:01:56 - [MESSAGE][PASSED] - Delayed 3 second(s)

2022-09-30 16:01:56 - [TEST_STEP][PASSED] - verifyElementVisible(findTestObject("06-Teams/02-Add Team-Private/span_Auto Team Private")): Object 'Object Repository/06-Teams/02-Add Team-Private/span_Auto Team Private' is visible

2022-09-30 16:01:57 - [MESSAGE][PASSED] - Object 'Object Repository/06-Teams/02-Add Team-Private/span_Auto Team Private' is visible

2022-09-30 16:01:57 - [TEST_STEP][PASSED] - delay(3): Delayed 3 second(s)

2022-09-30 16:02:00 - [MESSAGE][PASSED] - Delayed 3 second(s)

2022-09-30 16:02:00 - [TEST_STEP][PASSED] - closeBrowser(): Browser is closed

2022-09-30 16:02:00 - [MESSAGE][PASSED] - Browser is closed]]></system-out>
         <system-err><![CDATA[]]></system-err>
      </testcase>
      <system-out><![CDATA[2022-09-30 15:58:14 - [TEST_SUITE][PASSED] - 06.1- Teams - Add: Test Cases/06- Teams/02-Add Team-Private]]></system-out>
      <system-err><![CDATA[]]></system-err>
   </testsuite>
</testsuites>
