<?xml version="1.0" encoding="UTF-8"?>
<testsuites name="06.1- Teams - Add" time="256.574" tests="2" failures="0" errors="0">
   <testsuite name="06.1- Teams - Add" tests="2" failures="0" errors="0" time="256.574" skipped="0" timestamp="2023-02-13 12:36:18" hostname="asus - DESKTOP-3L3J9C1" id="Test Suites/TS-Organization/06.1- Teams - Add">
      <properties>
         <property name="deviceName" value=""/>
         <property name="devicePlatform" value=""/>
         <property name="logFolder" value="C:\\Users\\asus\\Katalon Studio\\Everleagues\\Everleagues\\Reports\\20230213_123602\\TS-Organization\\06.1- Teams - Add\\20230213_123602"/>
         <property name="logFiles" value="C:\\Users\\asus\\Katalon Studio\\Everleagues\\Everleagues\\Reports\\20230213_123602\\TS-Organization\\06.1- Teams - Add\\20230213_123602\\execution0.log"/>
         <property name="attachments" value=""/>
         <property name="hostName" value="asus - DESKTOP-3L3J9C1"/>
         <property name="os" value="Windows 10 64bit"/>
         <property name="katalonVersion" value="8.4.1.208"/>
         <property name="browser" value="Chrome 109.0.0.0"/>
         <property name="hostAddress" value="10.5.0.2"/>
         <property name="sessionId" value="de181854d7f3c4b3b86d0ac2463cb260"/>
         <property name="seleniumVersion" value="3.141.59"/>
         <property name="proxyInformation" value="ProxyInformation { proxyOption=NO_PROXY, proxyServerType=HTTP, username=, password=********, proxyServerAddress=, proxyServerPort=0, executionList=&quot;&quot;, isApplyToDesiredCapabilities=true }"/>
         <property name="platform" value="Windows 10"/>
      </properties>
      <testcase name="Test Cases/06- Teams/01- Add Team- Public" time="196.63" classname="Test Cases/06- Teams/01- Add Team- Public" status="PASSED">
         <system-out><![CDATA[2023-02-13 12:36:20 - [TEST_CASE][PASSED] - Test Cases/06- Teams/01- Add Team- Public: Test Cases/06- Teams/01- Add Team- Public

2023-02-13 12:36:22 - [TEST_STEP][PASSED] - openBrowser(""): Browser is opened with url: ''

2023-02-13 12:36:24 - [MESSAGE][INFO] - Starting 'Chrome' driver

2023-02-13 12:36:24 - [MESSAGE][INFO] - Action delay is set to 0 milliseconds

2023-02-13 12:36:41 - [MESSAGE][PASSED] - Browser is opened with url: ''

2023-02-13 12:36:41 - [TEST_STEP][PASSED] - navigateToUrl("https://lab.everleagues.com/"): Navigate to 'https://lab.everleagues.com/' successfully

2023-02-13 12:37:16 - [MESSAGE][PASSED] - Navigate to 'https://lab.everleagues.com/' successfully

2023-02-13 12:37:16 - [TEST_STEP][PASSED] - maximizeWindow(): Current window maximized

2023-02-13 12:37:18 - [MESSAGE][PASSED] - Current window maximized

2023-02-13 12:37:18 - [TEST_STEP][PASSED] - callTestCase(findTestCase("01-Login and Forgot Password/04-Login(Valid Credentials-With Subscription)"), [:], STOP_ON_FAILURE): Call Test Case 'Test Cases/01-Login and Forgot Password/04-Login(Valid Credentials-With Subscription)' successfully

2023-02-13 12:37:19 - [TEST_CASE][PASSED] - Test Cases/01-Login and Forgot Password/04-Login(Valid Credentials-With Subscription): Test Cases/01-Login and Forgot Password/04-Login(Valid Credentials-With Subscription)

2023-02-13 12:37:21 - [TEST_STEP][PASSED] - setText(findTestObject("01-Login and Forgot Password/input_Email_email"), "testuser02@mailinator.com"): Text 'testuser02@mailinator.com' is set on object 'Object Repository/01-Login and Forgot Password/input_Email_email'

2023-02-13 12:37:24 - [MESSAGE][PASSED] - Text 'testuser02@mailinator.com' is set on object 'Object Repository/01-Login and Forgot Password/input_Email_email'

2023-02-13 12:37:24 - [TEST_STEP][PASSED] - setEncryptedText(findTestObject("01-Login and Forgot Password/input_Email_password"), "8yFRyszE6U6jvsCn51OQbg=="): Text ****** has been set on object 'Object Repository/01-Login and Forgot Password/input_Email_password'

2023-02-13 12:37:26 - [MESSAGE][PASSED] - Text ****** has been set on object 'Object Repository/01-Login and Forgot Password/input_Email_password'

2023-02-13 12:37:26 - [TEST_STEP][PASSED] - delay(2): Delayed 2 second(s)

2023-02-13 12:37:28 - [MESSAGE][PASSED] - Delayed 2 second(s)

2023-02-13 12:37:28 - [TEST_STEP][PASSED] - click(findTestObject("01-Login and Forgot Password/show pass button")): Object: 'Object Repository/01-Login and Forgot Password/show pass button' is clicked on

2023-02-13 12:37:29 - [MESSAGE][PASSED] - Object: 'Object Repository/01-Login and Forgot Password/show pass button' is clicked on

2023-02-13 12:37:29 - [TEST_STEP][PASSED] - delay(3): Delayed 3 second(s)

2023-02-13 12:37:32 - [MESSAGE][PASSED] - Delayed 3 second(s)

2023-02-13 12:37:32 - [TEST_STEP][PASSED] - click(findTestObject("01-Login and Forgot Password/button_Sign in")): Object: 'Object Repository/01-Login and Forgot Password/button_Sign in' is clicked on

2023-02-13 12:37:34 - [MESSAGE][PASSED] - Object: 'Object Repository/01-Login and Forgot Password/button_Sign in' is clicked on

2023-02-13 12:37:34 - [TEST_STEP][PASSED] - delay(3): Delayed 3 second(s)

2023-02-13 12:37:37 - [MESSAGE][PASSED] - Delayed 3 second(s)

2023-02-13 12:37:37 - [TEST_STEP][PASSED] - click(findTestObject("06-Teams/For 2FA/button_Confirm_2FA")): Object: 'Object Repository/06-Teams/For 2FA/button_Confirm_2FA' is clicked on

2023-02-13 12:37:38 - [MESSAGE][PASSED] - Object: 'Object Repository/06-Teams/For 2FA/button_Confirm_2FA' is clicked on

2023-02-13 12:37:38 - [TEST_STEP][PASSED] - executeJavaScript("window.open();", []): Execute JavaScript 'window.open();' successfully

2023-02-13 12:37:38 - [MESSAGE][PASSED] - Execute JavaScript 'window.open();' successfully

2023-02-13 12:37:38 - [TEST_STEP][PASSED] - currentWindow = getWindowIndex(): Current window's index is: 0

2023-02-13 12:37:38 - [MESSAGE][PASSED] - Current window's index is: 0

2023-02-13 12:37:38 - [TEST_STEP][PASSED] - delay(3): Delayed 3 second(s)

2023-02-13 12:37:41 - [MESSAGE][PASSED] - Delayed 3 second(s)

2023-02-13 12:37:41 - [TEST_STEP][PASSED] - switchToWindowIndex(currentWindow + 1): Switched to window with index: '1'

2023-02-13 12:37:41 - [MESSAGE][PASSED] - Switched to window with index: '1'

2023-02-13 12:37:41 - [TEST_STEP][PASSED] - navigateToUrl("https://www.mailinator.com/"): Navigate to 'https://www.mailinator.com/' successfully

2023-02-13 12:37:52 - [MESSAGE][PASSED] - Navigate to 'https://www.mailinator.com/' successfully

2023-02-13 12:37:52 - [TEST_STEP][PASSED] - delay(3): Delayed 3 second(s)

2023-02-13 12:37:55 - [MESSAGE][PASSED] - Delayed 3 second(s)

2023-02-13 12:37:55 - [TEST_STEP][PASSED] - setText(findTestObject("00-Signup and Activation/zMailinator/input_LOGIN_search"), "testuser02@mailinator.com"): Text 'testuser02@mailinator.com' is set on object 'Object Repository/00-Signup and Activation/zMailinator/input_LOGIN_search'

2023-02-13 12:37:56 - [MESSAGE][PASSED] - Text 'testuser02@mailinator.com' is set on object 'Object Repository/00-Signup and Activation/zMailinator/input_LOGIN_search'

2023-02-13 12:37:56 - [TEST_STEP][PASSED] - click(findTestObject("00-Signup and Activation/zMailinator/gobutton"), STOP_ON_FAILURE): Object: 'Object Repository/00-Signup and Activation/zMailinator/gobutton' is clicked on

2023-02-13 12:37:59 - [MESSAGE][PASSED] - Object: 'Object Repository/00-Signup and Activation/zMailinator/gobutton' is clicked on

2023-02-13 12:37:59 - [TEST_STEP][PASSED] - delay(3): Delayed 3 second(s)

2023-02-13 12:38:02 - [MESSAGE][PASSED] - Delayed 3 second(s)

2023-02-13 12:38:02 - [TEST_STEP][PASSED] - click(findTestObject("00-Signup and Activation/zMailinator/Email - everleagues")): Object: 'Object Repository/00-Signup and Activation/zMailinator/Email - everleagues' is clicked on

2023-02-13 12:38:03 - [MESSAGE][PASSED] - Object: 'Object Repository/00-Signup and Activation/zMailinator/Email - everleagues' is clicked on

2023-02-13 12:38:03 - [TEST_STEP][PASSED] - delay(3): Delayed 3 second(s)

2023-02-13 12:38:06 - [MESSAGE][PASSED] - Delayed 3 second(s)

2023-02-13 12:38:06 - [TEST_STEP][PASSED] - code = getText(findTestObject("Object Repository/06-Teams/For 2FA/2FA code")): Text of object 'Object Repository/06-Teams/For 2FA/2FA code' is: '625930'

2023-02-13 12:38:07 - [MESSAGE][PASSED] - Text of object 'Object Repository/06-Teams/For 2FA/2FA code' is: '625930'

2023-02-13 12:38:07 - [TEST_STEP][PASSED] - delay(3): Delayed 3 second(s)

2023-02-13 12:38:10 - [MESSAGE][PASSED] - Delayed 3 second(s)

2023-02-13 12:38:10 - [TEST_STEP][PASSED] - closeWindowTitle("Mailinator"): Window with title: 'Mailinator' is closed

2023-02-13 12:38:11 - [MESSAGE][PASSED] - Window with title: 'Mailinator' is closed

2023-02-13 12:38:11 - [TEST_STEP][PASSED] - delay(3): Delayed 3 second(s)

2023-02-13 12:38:14 - [MESSAGE][PASSED] - Delayed 3 second(s)

2023-02-13 12:38:14 - [TEST_STEP][PASSED] - switchToWindowIndex(0): Switched to window with index: '0'

2023-02-13 12:38:14 - [MESSAGE][PASSED] - Switched to window with index: '0'

2023-02-13 12:38:14 - [TEST_STEP][PASSED] - delay(3): Delayed 3 second(s)

2023-02-13 12:38:17 - [MESSAGE][PASSED] - Delayed 3 second(s)

2023-02-13 12:38:17 - [TEST_STEP][PASSED] - setText(findTestObject("Object Repository/06-Teams/For 2FA/input_Enter verification code_code"), code): Text '625930' is set on object 'Object Repository/06-Teams/For 2FA/input_Enter verification code_code'

2023-02-13 12:38:20 - [MESSAGE][PASSED] - Text '625930' is set on object 'Object Repository/06-Teams/For 2FA/input_Enter verification code_code'

2023-02-13 12:38:20 - [TEST_STEP][PASSED] - delay(3): Delayed 3 second(s)

2023-02-13 12:38:23 - [MESSAGE][PASSED] - Delayed 3 second(s)

2023-02-13 12:38:23 - [TEST_STEP][PASSED] - click(findTestObject("06-Teams/For 2FA/button_Verify_2FA")): Object: 'Object Repository/06-Teams/For 2FA/button_Verify_2FA' is clicked on

2023-02-13 12:38:24 - [MESSAGE][PASSED] - Object: 'Object Repository/06-Teams/For 2FA/button_Verify_2FA' is clicked on

2023-02-13 12:38:24 - [TEST_STEP][PASSED] - delay(3): Delayed 3 second(s)

2023-02-13 12:38:27 - [MESSAGE][PASSED] - Delayed 3 second(s)

2023-02-13 12:38:27 - [MESSAGE][PASSED] - Call Test Case 'Test Cases/01-Login and Forgot Password/04-Login(Valid Credentials-With Subscription)' successfully

2023-02-13 12:38:27 - [TEST_STEP][PASSED] - click(findTestObject("06-Teams/button_doublearrow")): Object: 'Object Repository/06-Teams/button_doublearrow' is clicked on

2023-02-13 12:38:32 - [MESSAGE][PASSED] - Object: 'Object Repository/06-Teams/button_doublearrow' is clicked on

2023-02-13 12:38:32 - [TEST_STEP][PASSED] - click(findTestObject("06-Teams/button_My Organizations")): Object: 'Object Repository/06-Teams/button_My Organizations' is clicked on

2023-02-13 12:38:33 - [MESSAGE][PASSED] - Object: 'Object Repository/06-Teams/button_My Organizations' is clicked on

2023-02-13 12:38:33 - [TEST_STEP][PASSED] - click(findTestObject("06-Teams/button_GG Automation")): Object: 'Object Repository/06-Teams/button_GG Automation' is clicked on

2023-02-13 12:38:35 - [MESSAGE][PASSED] - Object: 'Object Repository/06-Teams/button_GG Automation' is clicked on

2023-02-13 12:38:35 - [TEST_STEP][PASSED] - delay(4): Delayed 4 second(s)

2023-02-13 12:38:39 - [MESSAGE][PASSED] - Delayed 4 second(s)

2023-02-13 12:38:39 - [TEST_STEP][PASSED] - verifyElementVisible(findTestObject("06-Teams/span_GG Automation")): Object 'Object Repository/06-Teams/span_GG Automation' is visible

2023-02-13 12:38:40 - [MESSAGE][PASSED] - Object 'Object Repository/06-Teams/span_GG Automation' is visible

2023-02-13 12:38:40 - [TEST_STEP][PASSED] - delay(2): Delayed 2 second(s)

2023-02-13 12:38:42 - [MESSAGE][PASSED] - Delayed 2 second(s)

2023-02-13 12:38:42 - [TEST_STEP][PASSED] - click(findTestObject("03-Header Menu/Hamburger Button/div_Teams")): Object: 'Object Repository/03-Header Menu/Hamburger Button/div_Teams' is clicked on

2023-02-13 12:38:43 - [MESSAGE][PASSED] - Object: 'Object Repository/03-Header Menu/Hamburger Button/div_Teams' is clicked on

2023-02-13 12:38:43 - [TEST_STEP][PASSED] - delay(2): Delayed 2 second(s)

2023-02-13 12:38:45 - [MESSAGE][PASSED] - Delayed 2 second(s)

2023-02-13 12:38:45 - [TEST_STEP][PASSED] - verifyElementVisible(findTestObject("06-Teams/h4_TEAMS")): Object 'Object Repository/06-Teams/h4_TEAMS' is visible

2023-02-13 12:38:46 - [MESSAGE][PASSED] - Object 'Object Repository/06-Teams/h4_TEAMS' is visible

2023-02-13 12:38:46 - [TEST_STEP][PASSED] - delay(3): Delayed 3 second(s)

2023-02-13 12:38:49 - [MESSAGE][PASSED] - Delayed 3 second(s)

2023-02-13 12:38:49 - [TEST_STEP][PASSED] - click(findTestObject("06-Teams/Add Team")): Object: 'Object Repository/06-Teams/Add Team' is clicked on

2023-02-13 12:38:50 - [MESSAGE][PASSED] - Object: 'Object Repository/06-Teams/Add Team' is clicked on

2023-02-13 12:38:50 - [TEST_STEP][PASSED] - delay(3): Delayed 3 second(s)

2023-02-13 12:38:53 - [MESSAGE][PASSED] - Delayed 3 second(s)

2023-02-13 12:38:53 - [TEST_STEP][PASSED] - verifyElementVisible(findTestObject("06-Teams/button_Public")): Object 'Object Repository/06-Teams/button_Public' is visible

2023-02-13 12:38:54 - [MESSAGE][PASSED] - Object 'Object Repository/06-Teams/button_Public' is visible

2023-02-13 12:38:54 - [TEST_STEP][PASSED] - verifyElementVisible(findTestObject("06-Teams/button_Private")): Object 'Object Repository/06-Teams/button_Private' is visible

2023-02-13 12:38:56 - [MESSAGE][PASSED] - Object 'Object Repository/06-Teams/button_Private' is visible

2023-02-13 12:38:56 - [TEST_STEP][PASSED] - delay(3): Delayed 3 second(s)

2023-02-13 12:38:59 - [MESSAGE][PASSED] - Delayed 3 second(s)

2023-02-13 12:38:59 - [TEST_STEP][PASSED] - click(findTestObject("06-Teams/button_Public")): Object: 'Object Repository/06-Teams/button_Public' is clicked on

2023-02-13 12:39:00 - [MESSAGE][PASSED] - Object: 'Object Repository/06-Teams/button_Public' is clicked on

2023-02-13 12:39:00 - [TEST_STEP][PASSED] - verifyElementVisible(findTestObject("06-Teams/01-Add Team-Public/Add Team_Public")): Object 'Object Repository/06-Teams/01-Add Team-Public/Add Team_Public' is visible

2023-02-13 12:39:01 - [MESSAGE][PASSED] - Object 'Object Repository/06-Teams/01-Add Team-Public/Add Team_Public' is visible

2023-02-13 12:39:01 - [TEST_STEP][PASSED] - scrollToElement(findTestObject("06-Teams/01-Add Team-Public/button_Create"), 0): Scroll to object 'Object Repository/06-Teams/01-Add Team-Public/button_Create' successfully

2023-02-13 12:39:01 - [MESSAGE][WARNING] - Timeout '0' is invalid. Using default page load timeout: '30'

2023-02-13 12:39:02 - [MESSAGE][PASSED] - Scroll to object 'Object Repository/06-Teams/01-Add Team-Public/button_Create' successfully

2023-02-13 12:39:02 - [TEST_STEP][PASSED] - verifyElementNotClickable(findTestObject("06-Teams/01-Add Team-Public/button_Create")): Object 'Object Repository/06-Teams/01-Add Team-Public/button_Create' is NOT clickable

2023-02-13 12:39:03 - [MESSAGE][PASSED] - Object 'Object Repository/06-Teams/01-Add Team-Public/button_Create' is NOT clickable

2023-02-13 12:39:03 - [TEST_STEP][PASSED] - delay(3): Delayed 3 second(s)

2023-02-13 12:39:06 - [MESSAGE][PASSED] - Delayed 3 second(s)

2023-02-13 12:39:06 - [TEST_STEP][PASSED] - click(findTestObject("06-Teams/01-Add Team-Public/input_teamName")): Object: 'Object Repository/06-Teams/01-Add Team-Public/input_teamName' is clicked on

2023-02-13 12:39:06 - [MESSAGE][PASSED] - Object: 'Object Repository/06-Teams/01-Add Team-Public/input_teamName' is clicked on

2023-02-13 12:39:06 - [TEST_STEP][PASSED] - click(findTestObject("06-Teams/01-Add Team-Public/Org unit")): Object: 'Object Repository/06-Teams/01-Add Team-Public/Org unit' is clicked on

2023-02-13 12:39:08 - [MESSAGE][PASSED] - Object: 'Object Repository/06-Teams/01-Add Team-Public/Org unit' is clicked on

2023-02-13 12:39:08 - [TEST_STEP][PASSED] - verifyElementVisible(findTestObject("06-Teams/01-Add Team-Public/h4_Select an organization unit")): Object 'Object Repository/06-Teams/01-Add Team-Public/h4_Select an organization unit' is visible

2023-02-13 12:39:10 - [MESSAGE][PASSED] - Object 'Object Repository/06-Teams/01-Add Team-Public/h4_Select an organization unit' is visible

2023-02-13 12:39:10 - [TEST_STEP][PASSED] - delay(3): Delayed 3 second(s)

2023-02-13 12:39:13 - [MESSAGE][PASSED] - Delayed 3 second(s)

2023-02-13 12:39:13 - [TEST_STEP][PASSED] - click(findTestObject("06-Teams/01-Add Team-Public/div_GG Automation")): Object: 'Object Repository/06-Teams/01-Add Team-Public/div_GG Automation' is clicked on

2023-02-13 12:39:14 - [MESSAGE][PASSED] - Object: 'Object Repository/06-Teams/01-Add Team-Public/div_GG Automation' is clicked on

2023-02-13 12:39:14 - [TEST_STEP][PASSED] - click(findTestObject("06-Teams/01-Add Team-Public/button_Select")): Object: 'Object Repository/06-Teams/01-Add Team-Public/button_Select' is clicked on

2023-02-13 12:39:15 - [MESSAGE][PASSED] - Object: 'Object Repository/06-Teams/01-Add Team-Public/button_Select' is clicked on

2023-02-13 12:39:15 - [TEST_STEP][PASSED] - verifyElementVisible(findTestObject("06-Teams/01-Add Team-Public/Error Team name")): Object 'Object Repository/06-Teams/01-Add Team-Public/Error Team name' is visible

2023-02-13 12:39:16 - [MESSAGE][PASSED] - Object 'Object Repository/06-Teams/01-Add Team-Public/Error Team name' is visible

2023-02-13 12:39:16 - [TEST_STEP][PASSED] - delay(3): Delayed 3 second(s)

2023-02-13 12:39:19 - [MESSAGE][PASSED] - Delayed 3 second(s)

2023-02-13 12:39:19 - [TEST_STEP][PASSED] - setText(findTestObject("06-Teams/01-Add Team-Public/input_teamName"), "Auto Team Public"): Text 'Auto Team Public' is set on object 'Object Repository/06-Teams/01-Add Team-Public/input_teamName'

2023-02-13 12:39:21 - [MESSAGE][PASSED] - Text 'Auto Team Public' is set on object 'Object Repository/06-Teams/01-Add Team-Public/input_teamName'

2023-02-13 12:39:21 - [TEST_STEP][PASSED] - scrollToElement(findTestObject("06-Teams/01-Add Team-Public/button_Create"), 0): Scroll to object 'Object Repository/06-Teams/01-Add Team-Public/button_Create' successfully

2023-02-13 12:39:21 - [MESSAGE][WARNING] - Timeout '0' is invalid. Using default page load timeout: '30'

2023-02-13 12:39:22 - [MESSAGE][PASSED] - Scroll to object 'Object Repository/06-Teams/01-Add Team-Public/button_Create' successfully

2023-02-13 12:39:22 - [TEST_STEP][PASSED] - click(findTestObject("06-Teams/01-Add Team-Public/button_Create")): Object: 'Object Repository/06-Teams/01-Add Team-Public/button_Create' is clicked on

2023-02-13 12:39:23 - [MESSAGE][PASSED] - Object: 'Object Repository/06-Teams/01-Add Team-Public/button_Create' is clicked on

2023-02-13 12:39:23 - [TEST_STEP][PASSED] - delay(3): Delayed 3 second(s)

2023-02-13 12:39:26 - [MESSAGE][PASSED] - Delayed 3 second(s)

2023-02-13 12:39:26 - [TEST_STEP][PASSED] - verifyElementVisible(findTestObject("06-Teams/01-Add Team-Public/span_Successfully added new team")): Object 'Object Repository/06-Teams/01-Add Team-Public/span_Successfully added new team' is visible

2023-02-13 12:39:28 - [MESSAGE][PASSED] - Object 'Object Repository/06-Teams/01-Add Team-Public/span_Successfully added new team' is visible

2023-02-13 12:39:28 - [TEST_STEP][PASSED] - delay(3): Delayed 3 second(s)

2023-02-13 12:39:31 - [MESSAGE][PASSED] - Delayed 3 second(s)

2023-02-13 12:39:31 - [TEST_STEP][PASSED] - verifyElementVisible(findTestObject("06-Teams/01-Add Team-Public/span_Auto Team Public")): Object 'Object Repository/06-Teams/01-Add Team-Public/span_Auto Team Public' is visible

2023-02-13 12:39:32 - [MESSAGE][PASSED] - Object 'Object Repository/06-Teams/01-Add Team-Public/span_Auto Team Public' is visible

2023-02-13 12:39:32 - [TEST_STEP][PASSED] - delay(3): Delayed 3 second(s)

2023-02-13 12:39:36 - [MESSAGE][PASSED] - Delayed 3 second(s)]]></system-out>
         <system-err><![CDATA[]]></system-err>
      </testcase>
      <testcase name="Test Cases/06- Teams/02-Add Team-Private" time="57.965" classname="Test Cases/06- Teams/02-Add Team-Private" status="PASSED">
         <system-out><![CDATA[2023-02-13 12:39:37 - [TEST_CASE][PASSED] - Test Cases/06- Teams/02-Add Team-Private: Test Cases/06- Teams/02-Add Team-Private

2023-02-13 12:39:39 - [TEST_STEP][PASSED] - click(findTestObject("06-Teams/Add Team")): Object: 'Object Repository/06-Teams/Add Team' is clicked on

2023-02-13 12:39:40 - [MESSAGE][PASSED] - Object: 'Object Repository/06-Teams/Add Team' is clicked on

2023-02-13 12:39:40 - [TEST_STEP][PASSED] - delay(3): Delayed 3 second(s)

2023-02-13 12:39:43 - [MESSAGE][PASSED] - Delayed 3 second(s)

2023-02-13 12:39:43 - [TEST_STEP][PASSED] - verifyElementVisible(findTestObject("06-Teams/button_Public")): Object 'Object Repository/06-Teams/button_Public' is visible

2023-02-13 12:39:44 - [MESSAGE][PASSED] - Object 'Object Repository/06-Teams/button_Public' is visible

2023-02-13 12:39:44 - [TEST_STEP][PASSED] - verifyElementVisible(findTestObject("06-Teams/button_Private")): Object 'Object Repository/06-Teams/button_Private' is visible

2023-02-13 12:39:44 - [MESSAGE][PASSED] - Object 'Object Repository/06-Teams/button_Private' is visible

2023-02-13 12:39:44 - [TEST_STEP][PASSED] - delay(3): Delayed 3 second(s)

2023-02-13 12:39:47 - [MESSAGE][PASSED] - Delayed 3 second(s)

2023-02-13 12:39:47 - [TEST_STEP][PASSED] - click(findTestObject("06-Teams/button_Private")): Object: 'Object Repository/06-Teams/button_Private' is clicked on

2023-02-13 12:39:49 - [MESSAGE][PASSED] - Object: 'Object Repository/06-Teams/button_Private' is clicked on

2023-02-13 12:39:49 - [TEST_STEP][PASSED] - delay(3): Delayed 3 second(s)

2023-02-13 12:39:52 - [MESSAGE][PASSED] - Delayed 3 second(s)

2023-02-13 12:39:52 - [TEST_STEP][PASSED] - verifyElementVisible(findTestObject("06-Teams/02-Add Team-Private/Add team- Private")): Object 'Object Repository/06-Teams/02-Add Team-Private/Add team- Private' is visible

2023-02-13 12:39:53 - [MESSAGE][PASSED] - Object 'Object Repository/06-Teams/02-Add Team-Private/Add team- Private' is visible

2023-02-13 12:39:53 - [TEST_STEP][PASSED] - verifyElementVisible(findTestObject("06-Teams/02-Add Team-Private/div_Settings")): Object 'Object Repository/06-Teams/02-Add Team-Private/div_Settings' is visible

2023-02-13 12:39:54 - [MESSAGE][PASSED] - Object 'Object Repository/06-Teams/02-Add Team-Private/div_Settings' is visible

2023-02-13 12:39:54 - [TEST_STEP][PASSED] - verifyElementVisible(findTestObject("06-Teams/02-Add Team-Private/div_Members")): Object 'Object Repository/06-Teams/02-Add Team-Private/div_Members' is visible

2023-02-13 12:39:55 - [MESSAGE][PASSED] - Object 'Object Repository/06-Teams/02-Add Team-Private/div_Members' is visible

2023-02-13 12:39:55 - [TEST_STEP][PASSED] - scrollToElement(findTestObject("06-Teams/01-Add Team-Public/button_Create"), 0): Scroll to object 'Object Repository/06-Teams/01-Add Team-Public/button_Create' successfully

2023-02-13 12:39:55 - [MESSAGE][WARNING] - Timeout '0' is invalid. Using default page load timeout: '30'

2023-02-13 12:39:55 - [MESSAGE][PASSED] - Scroll to object 'Object Repository/06-Teams/01-Add Team-Public/button_Create' successfully

2023-02-13 12:39:55 - [TEST_STEP][PASSED] - verifyElementNotClickable(findTestObject("06-Teams/01-Add Team-Public/button_Create")): Object 'Object Repository/06-Teams/01-Add Team-Public/button_Create' is NOT clickable

2023-02-13 12:39:56 - [MESSAGE][PASSED] - Object 'Object Repository/06-Teams/01-Add Team-Public/button_Create' is NOT clickable

2023-02-13 12:39:56 - [TEST_STEP][PASSED] - delay(3): Delayed 3 second(s)

2023-02-13 12:39:59 - [MESSAGE][PASSED] - Delayed 3 second(s)

2023-02-13 12:39:59 - [TEST_STEP][PASSED] - click(findTestObject("06-Teams/01-Add Team-Public/input_teamName")): Object: 'Object Repository/06-Teams/01-Add Team-Public/input_teamName' is clicked on

2023-02-13 12:40:00 - [MESSAGE][PASSED] - Object: 'Object Repository/06-Teams/01-Add Team-Public/input_teamName' is clicked on

2023-02-13 12:40:00 - [TEST_STEP][PASSED] - click(findTestObject("06-Teams/01-Add Team-Public/Org unit")): Object: 'Object Repository/06-Teams/01-Add Team-Public/Org unit' is clicked on

2023-02-13 12:40:01 - [MESSAGE][PASSED] - Object: 'Object Repository/06-Teams/01-Add Team-Public/Org unit' is clicked on

2023-02-13 12:40:01 - [TEST_STEP][PASSED] - verifyElementVisible(findTestObject("06-Teams/01-Add Team-Public/h4_Select an organization unit")): Object 'Object Repository/06-Teams/01-Add Team-Public/h4_Select an organization unit' is visible

2023-02-13 12:40:02 - [MESSAGE][PASSED] - Object 'Object Repository/06-Teams/01-Add Team-Public/h4_Select an organization unit' is visible

2023-02-13 12:40:02 - [TEST_STEP][PASSED] - delay(3): Delayed 3 second(s)

2023-02-13 12:40:05 - [MESSAGE][PASSED] - Delayed 3 second(s)

2023-02-13 12:40:05 - [TEST_STEP][PASSED] - click(findTestObject("06-Teams/01-Add Team-Public/div_GG Automation")): Object: 'Object Repository/06-Teams/01-Add Team-Public/div_GG Automation' is clicked on

2023-02-13 12:40:05 - [MESSAGE][PASSED] - Object: 'Object Repository/06-Teams/01-Add Team-Public/div_GG Automation' is clicked on

2023-02-13 12:40:05 - [TEST_STEP][PASSED] - click(findTestObject("06-Teams/01-Add Team-Public/button_Select")): Object: 'Object Repository/06-Teams/01-Add Team-Public/button_Select' is clicked on

2023-02-13 12:40:06 - [MESSAGE][PASSED] - Object: 'Object Repository/06-Teams/01-Add Team-Public/button_Select' is clicked on

2023-02-13 12:40:06 - [TEST_STEP][PASSED] - verifyElementVisible(findTestObject("06-Teams/01-Add Team-Public/Error Team name")): Object 'Object Repository/06-Teams/01-Add Team-Public/Error Team name' is visible

2023-02-13 12:40:07 - [MESSAGE][PASSED] - Object 'Object Repository/06-Teams/01-Add Team-Public/Error Team name' is visible

2023-02-13 12:40:07 - [TEST_STEP][PASSED] - delay(3): Delayed 3 second(s)

2023-02-13 12:40:10 - [MESSAGE][PASSED] - Delayed 3 second(s)

2023-02-13 12:40:10 - [TEST_STEP][PASSED] - setText(findTestObject("06-Teams/01-Add Team-Public/input_teamName"), "Auto Team Private"): Text 'Auto Team Private' is set on object 'Object Repository/06-Teams/01-Add Team-Public/input_teamName'

2023-02-13 12:40:13 - [MESSAGE][PASSED] - Text 'Auto Team Private' is set on object 'Object Repository/06-Teams/01-Add Team-Public/input_teamName'

2023-02-13 12:40:13 - [TEST_STEP][PASSED] - delay(3): Delayed 3 second(s)

2023-02-13 12:40:16 - [MESSAGE][PASSED] - Delayed 3 second(s)

2023-02-13 12:40:16 - [TEST_STEP][PASSED] - click(findTestObject("06-Teams/02-Add Team-Private/div_Members")): Object: 'Object Repository/06-Teams/02-Add Team-Private/div_Members' is clicked on

2023-02-13 12:40:17 - [MESSAGE][PASSED] - Object: 'Object Repository/06-Teams/02-Add Team-Private/div_Members' is clicked on

2023-02-13 12:40:17 - [TEST_STEP][PASSED] - verifyElementVisible(findTestObject("06-Teams/02-Add Team-Private/Members dialog box")): Object 'Object Repository/06-Teams/02-Add Team-Private/Members dialog box' is visible

2023-02-13 12:40:18 - [MESSAGE][PASSED] - Object 'Object Repository/06-Teams/02-Add Team-Private/Members dialog box' is visible

2023-02-13 12:40:18 - [TEST_STEP][PASSED] - delay(3): Delayed 3 second(s)

2023-02-13 12:40:21 - [MESSAGE][PASSED] - Delayed 3 second(s)

2023-02-13 12:40:21 - [TEST_STEP][PASSED] - scrollToElement(findTestObject("06-Teams/01-Add Team-Public/button_Create"), 0): Scroll to object 'Object Repository/06-Teams/01-Add Team-Public/button_Create' successfully

2023-02-13 12:40:21 - [MESSAGE][WARNING] - Timeout '0' is invalid. Using default page load timeout: '30'

2023-02-13 12:40:21 - [MESSAGE][PASSED] - Scroll to object 'Object Repository/06-Teams/01-Add Team-Public/button_Create' successfully

2023-02-13 12:40:21 - [TEST_STEP][PASSED] - click(findTestObject("06-Teams/01-Add Team-Public/button_Create")): Object: 'Object Repository/06-Teams/01-Add Team-Public/button_Create' is clicked on

2023-02-13 12:40:22 - [MESSAGE][PASSED] - Object: 'Object Repository/06-Teams/01-Add Team-Public/button_Create' is clicked on

2023-02-13 12:40:22 - [TEST_STEP][PASSED] - verifyElementVisible(findTestObject("06-Teams/01-Add Team-Public/span_Successfully added new team")): Object 'Object Repository/06-Teams/01-Add Team-Public/span_Successfully added new team' is visible

2023-02-13 12:40:26 - [MESSAGE][PASSED] - Object 'Object Repository/06-Teams/01-Add Team-Public/span_Successfully added new team' is visible

2023-02-13 12:40:26 - [TEST_STEP][PASSED] - delay(3): Delayed 3 second(s)

2023-02-13 12:40:29 - [MESSAGE][PASSED] - Delayed 3 second(s)

2023-02-13 12:40:29 - [TEST_STEP][PASSED] - verifyElementVisible(findTestObject("06-Teams/02-Add Team-Private/span_Auto Team Private")): Object 'Object Repository/06-Teams/02-Add Team-Private/span_Auto Team Private' is visible

2023-02-13 12:40:30 - [MESSAGE][PASSED] - Object 'Object Repository/06-Teams/02-Add Team-Private/span_Auto Team Private' is visible

2023-02-13 12:40:30 - [TEST_STEP][PASSED] - delay(3): Delayed 3 second(s)

2023-02-13 12:40:33 - [MESSAGE][PASSED] - Delayed 3 second(s)

2023-02-13 12:40:33 - [TEST_STEP][PASSED] - closeBrowser(): Browser is closed

2023-02-13 12:40:35 - [MESSAGE][PASSED] - Browser is closed]]></system-out>
         <system-err><![CDATA[]]></system-err>
      </testcase>
      <system-out><![CDATA[2023-02-13 12:36:18 - [TEST_SUITE][PASSED] - 06.1- Teams - Add: Test Cases/06- Teams/02-Add Team-Private]]></system-out>
      <system-err><![CDATA[]]></system-err>
   </testsuite>
</testsuites>
