<?xml version="1.0" encoding="UTF-8"?>
<testsuites name="02-Side Icons" time="143.396" tests="4" failures="0" errors="0">
   <testsuite name="02-Side Icons" tests="4" failures="0" errors="0" time="143.396" skipped="0" timestamp="2022-08-19 16:06:33" hostname="User - DESKTOP-QCRNR4M" id="Test Suites/TS-Organization/02-Side Icons">
      <properties>
         <property name="deviceName" value=""/>
         <property name="devicePlatform" value=""/>
         <property name="logFolder" value="C:\\Users\\User\\Katalon Studio\\EverleaguesMain\\Reports\\20220819_160630\\TS-Organization\\02-Side Icons\\20220819_160630"/>
         <property name="logFiles" value="C:\\Users\\User\\Katalon Studio\\EverleaguesMain\\Reports\\20220819_160630\\TS-Organization\\02-Side Icons\\20220819_160630\\execution0.log"/>
         <property name="attachments" value=""/>
         <property name="hostName" value="User - DESKTOP-QCRNR4M"/>
         <property name="os" value="Windows 10 64bit"/>
         <property name="katalonVersion" value="8.4.1.208"/>
         <property name="browser" value="Chrome 104.0.5112.101"/>
         <property name="hostAddress" value="192.168.5.124"/>
         <property name="sessionId" value="e56398664186f44fe022d96b00d7b519"/>
         <property name="seleniumVersion" value="3.141.59"/>
         <property name="proxyInformation" value="ProxyInformation { proxyOption=NO_PROXY, proxyServerType=HTTP, username=, password=********, proxyServerAddress=, proxyServerPort=0, executionList=&quot;&quot;, isApplyToDesiredCapabilities=true }"/>
         <property name="platform" value="Windows 10"/>
      </properties>
      <testcase name="Test Cases/02-Side Icons (Organization)/01- (Add Contact)" time="110.888" classname="Test Cases/02-Side Icons (Organization)/01- (Add Contact)" status="PASSED">
         <system-out><![CDATA[2022-08-19 16:06:33 - [TEST_CASE][PASSED] - Test Cases/02-Side Icons (Organization)/01- (Add Contact): Test Cases/02-Side Icons (Organization)/01- (Add Contact)

2022-08-19 16:06:33 - [TEST_STEP][PASSED] - openBrowser(""): Browser is opened with url: ''

2022-08-19 16:06:34 - [MESSAGE][INFO] - Starting 'Chrome' driver

2022-08-19 16:06:34 - [MESSAGE][INFO] - Action delay is set to 0 milliseconds

2022-08-19 16:06:36 - [MESSAGE][PASSED] - Browser is opened with url: ''

2022-08-19 16:06:36 - [TEST_STEP][PASSED] - navigateToUrl("https://lab.everleagues.com/login?returnUrl=%2Fmain%2Fdashboard"): Navigate to 'https://lab.everleagues.com/login?returnUrl=%2Fmain%2Fdashboard' successfully

2022-08-19 16:07:05 - [MESSAGE][PASSED] - Navigate to 'https://lab.everleagues.com/login?returnUrl=%2Fmain%2Fdashboard' successfully

2022-08-19 16:07:05 - [TEST_STEP][PASSED] - maximizeWindow(): Current window maximized

2022-08-19 16:07:05 - [MESSAGE][PASSED] - Current window maximized

2022-08-19 16:07:05 - [TEST_STEP][PASSED] - setText(findTestObject("02-Side Icons(Organization)/Add Contact/Email Field"), "testuser01@mailinator.com"): Text 'testuser01@mailinator.com' is set on object 'Object Repository/02-Side Icons(Organization)/Add Contact/Email Field'

2022-08-19 16:07:06 - [MESSAGE][PASSED] - Text 'testuser01@mailinator.com' is set on object 'Object Repository/02-Side Icons(Organization)/Add Contact/Email Field'

2022-08-19 16:07:06 - [TEST_STEP][PASSED] - setEncryptedText(findTestObject("02-Side Icons(Organization)/Add Contact/Password Field"), "8yFRyszE6U6jvsCn51OQbg=="): Text ****** has been set on object 'Object Repository/02-Side Icons(Organization)/Add Contact/Password Field'

2022-08-19 16:07:07 - [MESSAGE][PASSED] - Text ****** has been set on object 'Object Repository/02-Side Icons(Organization)/Add Contact/Password Field'

2022-08-19 16:07:07 - [TEST_STEP][PASSED] - click(findTestObject("02-Side Icons(Organization)/Add Contact/button_Sign in")): Object: 'Object Repository/02-Side Icons(Organization)/Add Contact/button_Sign in' is clicked on

2022-08-19 16:07:08 - [MESSAGE][PASSED] - Object: 'Object Repository/02-Side Icons(Organization)/Add Contact/button_Sign in' is clicked on

2022-08-19 16:07:08 - [TEST_STEP][PASSED] - delay(2): Delayed 2 second(s)

2022-08-19 16:07:10 - [MESSAGE][PASSED] - Delayed 2 second(s)

2022-08-19 16:07:10 - [TEST_STEP][PASSED] - click(findTestObject("06-Teams/For 2FA/button_Confirm_2FA")): Object: 'Object Repository/06-Teams/For 2FA/button_Confirm_2FA' is clicked on

2022-08-19 16:07:10 - [MESSAGE][PASSED] - Object: 'Object Repository/06-Teams/For 2FA/button_Confirm_2FA' is clicked on

2022-08-19 16:07:10 - [TEST_STEP][PASSED] - executeJavaScript("window.open();", []): Execute JavaScript 'window.open();' successfully

2022-08-19 16:07:10 - [MESSAGE][PASSED] - Execute JavaScript 'window.open();' successfully

2022-08-19 16:07:10 - [TEST_STEP][PASSED] - currentWindow = getWindowIndex(): Current window's index is: 0

2022-08-19 16:07:10 - [MESSAGE][PASSED] - Current window's index is: 0

2022-08-19 16:07:10 - [TEST_STEP][PASSED] - delay(3): Delayed 3 second(s)

2022-08-19 16:07:13 - [MESSAGE][PASSED] - Delayed 3 second(s)

2022-08-19 16:07:13 - [TEST_STEP][PASSED] - switchToWindowIndex(currentWindow + 1): Switched to window with index: '1'

2022-08-19 16:07:13 - [MESSAGE][PASSED] - Switched to window with index: '1'

2022-08-19 16:07:13 - [TEST_STEP][PASSED] - navigateToUrl("https://www.mailinator.com/"): Navigate to 'https://www.mailinator.com/' successfully

2022-08-19 16:07:18 - [MESSAGE][PASSED] - Navigate to 'https://www.mailinator.com/' successfully

2022-08-19 16:07:18 - [TEST_STEP][PASSED] - delay(3): Delayed 3 second(s)

2022-08-19 16:07:21 - [MESSAGE][PASSED] - Delayed 3 second(s)

2022-08-19 16:07:21 - [TEST_STEP][PASSED] - setText(findTestObject("00-Signup and Activation/zMailinator/input_LOGIN_search"), "testuser01@mailinator.com"): Text 'testuser01@mailinator.com' is set on object 'Object Repository/00-Signup and Activation/zMailinator/input_LOGIN_search'

2022-08-19 16:07:22 - [MESSAGE][PASSED] - Text 'testuser01@mailinator.com' is set on object 'Object Repository/00-Signup and Activation/zMailinator/input_LOGIN_search'

2022-08-19 16:07:22 - [TEST_STEP][PASSED] - click(findTestObject("00-Signup and Activation/zMailinator/gobutton"), STOP_ON_FAILURE): Object: 'Object Repository/00-Signup and Activation/zMailinator/gobutton' is clicked on

2022-08-19 16:07:23 - [MESSAGE][PASSED] - Object: 'Object Repository/00-Signup and Activation/zMailinator/gobutton' is clicked on

2022-08-19 16:07:23 - [TEST_STEP][PASSED] - delay(3): Delayed 3 second(s)

2022-08-19 16:07:26 - [MESSAGE][PASSED] - Delayed 3 second(s)

2022-08-19 16:07:26 - [TEST_STEP][PASSED] - click(findTestObject("00-Signup and Activation/zMailinator/Email - everleagues")): Object: 'Object Repository/00-Signup and Activation/zMailinator/Email - everleagues' is clicked on

2022-08-19 16:07:27 - [MESSAGE][PASSED] - Object: 'Object Repository/00-Signup and Activation/zMailinator/Email - everleagues' is clicked on

2022-08-19 16:07:27 - [TEST_STEP][PASSED] - delay(3): Delayed 3 second(s)

2022-08-19 16:07:30 - [MESSAGE][PASSED] - Delayed 3 second(s)

2022-08-19 16:07:30 - [TEST_STEP][PASSED] - code = getText(findTestObject("Object Repository/06-Teams/For 2FA/2FA code")): Text of object 'Object Repository/06-Teams/For 2FA/2FA code' is: '995298'

2022-08-19 16:07:30 - [MESSAGE][PASSED] - Text of object 'Object Repository/06-Teams/For 2FA/2FA code' is: '995298'

2022-08-19 16:07:30 - [TEST_STEP][PASSED] - delay(3): Delayed 3 second(s)

2022-08-19 16:07:33 - [MESSAGE][PASSED] - Delayed 3 second(s)

2022-08-19 16:07:33 - [TEST_STEP][PASSED] - closeWindowTitle("Mailinator"): Window with title: 'Mailinator' is closed

2022-08-19 16:07:33 - [MESSAGE][PASSED] - Window with title: 'Mailinator' is closed

2022-08-19 16:07:33 - [TEST_STEP][PASSED] - delay(3): Delayed 3 second(s)

2022-08-19 16:07:36 - [MESSAGE][PASSED] - Delayed 3 second(s)

2022-08-19 16:07:36 - [TEST_STEP][PASSED] - switchToWindowIndex(0): Switched to window with index: '0'

2022-08-19 16:07:36 - [MESSAGE][PASSED] - Switched to window with index: '0'

2022-08-19 16:07:36 - [TEST_STEP][PASSED] - delay(3): Delayed 3 second(s)

2022-08-19 16:07:39 - [MESSAGE][PASSED] - Delayed 3 second(s)

2022-08-19 16:07:39 - [TEST_STEP][PASSED] - setText(findTestObject("Object Repository/06-Teams/For 2FA/input_Enter verification code_code"), code): Text '995298' is set on object 'Object Repository/06-Teams/For 2FA/input_Enter verification code_code'

2022-08-19 16:07:40 - [MESSAGE][PASSED] - Text '995298' is set on object 'Object Repository/06-Teams/For 2FA/input_Enter verification code_code'

2022-08-19 16:07:40 - [TEST_STEP][PASSED] - delay(3): Delayed 3 second(s)

2022-08-19 16:07:43 - [MESSAGE][PASSED] - Delayed 3 second(s)

2022-08-19 16:07:43 - [TEST_STEP][PASSED] - click(findTestObject("06-Teams/For 2FA/button_Verify_2FA")): Object: 'Object Repository/06-Teams/For 2FA/button_Verify_2FA' is clicked on

2022-08-19 16:07:44 - [MESSAGE][PASSED] - Object: 'Object Repository/06-Teams/For 2FA/button_Verify_2FA' is clicked on

2022-08-19 16:07:44 - [TEST_STEP][PASSED] - delay(5): Delayed 5 second(s)

2022-08-19 16:07:49 - [MESSAGE][PASSED] - Delayed 5 second(s)

2022-08-19 16:07:49 - [TEST_STEP][PASSED] - click(findTestObject("02-Side Icons(Organization)/Add Contact/Side Menu double arrow icon")): Object: 'Object Repository/02-Side Icons(Organization)/Add Contact/Side Menu double arrow icon' is clicked on

2022-08-19 16:07:50 - [MESSAGE][PASSED] - Object: 'Object Repository/02-Side Icons(Organization)/Add Contact/Side Menu double arrow icon' is clicked on

2022-08-19 16:07:50 - [TEST_STEP][PASSED] - delay(2): Delayed 2 second(s)

2022-08-19 16:07:52 - [MESSAGE][PASSED] - Delayed 2 second(s)

2022-08-19 16:07:52 - [TEST_STEP][PASSED] - click(findTestObject("02-Side Icons(Organization)/Add Contact/button_My Organizations")): Object: 'Object Repository/02-Side Icons(Organization)/Add Contact/button_My Organizations' is clicked on

2022-08-19 16:07:53 - [MESSAGE][PASSED] - Object: 'Object Repository/02-Side Icons(Organization)/Add Contact/button_My Organizations' is clicked on

2022-08-19 16:07:53 - [TEST_STEP][PASSED] - delay(2): Delayed 2 second(s)

2022-08-19 16:07:55 - [MESSAGE][PASSED] - Delayed 2 second(s)

2022-08-19 16:07:55 - [TEST_STEP][PASSED] - click(findTestObject("02-Side Icons(Organization)/Add Contact/button_Automation Test Org")): Object: 'Object Repository/02-Side Icons(Organization)/Add Contact/button_Automation Test Org' is clicked on

2022-08-19 16:07:55 - [MESSAGE][PASSED] - Object: 'Object Repository/02-Side Icons(Organization)/Add Contact/button_Automation Test Org' is clicked on

2022-08-19 16:07:55 - [TEST_STEP][PASSED] - delay(2): Delayed 2 second(s)

2022-08-19 16:07:57 - [MESSAGE][PASSED] - Delayed 2 second(s)

2022-08-19 16:07:57 - [TEST_STEP][PASSED] - verifyElementVisible(findTestObject("02-Side Icons(Organization)/Add Contact/span_Automation Test Org")): Object 'Object Repository/02-Side Icons(Organization)/Add Contact/span_Automation Test Org' is visible

2022-08-19 16:07:58 - [MESSAGE][PASSED] - Object 'Object Repository/02-Side Icons(Organization)/Add Contact/span_Automation Test Org' is visible

2022-08-19 16:07:58 - [TEST_STEP][PASSED] - delay(3): Delayed 3 second(s)

2022-08-19 16:08:01 - [MESSAGE][PASSED] - Delayed 3 second(s)

2022-08-19 16:08:01 - [TEST_STEP][PASSED] - click(findTestObject("02-Side Icons(Organization)/Add Contact/button_add new user")): Object: 'Object Repository/02-Side Icons(Organization)/Add Contact/button_add new user' is clicked on

2022-08-19 16:08:01 - [MESSAGE][PASSED] - Object: 'Object Repository/02-Side Icons(Organization)/Add Contact/button_add new user' is clicked on

2022-08-19 16:08:01 - [TEST_STEP][PASSED] - delay(3): Delayed 3 second(s)

2022-08-19 16:08:04 - [MESSAGE][PASSED] - Delayed 3 second(s)

2022-08-19 16:08:04 - [TEST_STEP][PASSED] - verifyElementVisible(findTestObject("02-Side Icons(Organization)/Add Contact/User Invitation modal")): Object 'Object Repository/02-Side Icons(Organization)/Add Contact/User Invitation modal' is visible

2022-08-19 16:08:05 - [MESSAGE][PASSED] - Object 'Object Repository/02-Side Icons(Organization)/Add Contact/User Invitation modal' is visible

2022-08-19 16:08:05 - [TEST_STEP][PASSED] - delay(2): Delayed 2 second(s)

2022-08-19 16:08:07 - [MESSAGE][PASSED] - Delayed 2 second(s)

2022-08-19 16:08:07 - [TEST_STEP][PASSED] - click(findTestObject("02-Side Icons(Organization)/Add Contact/Invite a single user option")): Object: 'Object Repository/02-Side Icons(Organization)/Add Contact/Invite a single user option' is clicked on

2022-08-19 16:08:07 - [MESSAGE][PASSED] - Object: 'Object Repository/02-Side Icons(Organization)/Add Contact/Invite a single user option' is clicked on

2022-08-19 16:08:07 - [TEST_STEP][PASSED] - verifyElementVisible(findTestObject("02-Side Icons(Organization)/Add Contact/Invite New user modal")): Object 'Object Repository/02-Side Icons(Organization)/Add Contact/Invite New user modal' is visible

2022-08-19 16:08:08 - [MESSAGE][PASSED] - Object 'Object Repository/02-Side Icons(Organization)/Add Contact/Invite New user modal' is visible

2022-08-19 16:08:08 - [TEST_STEP][PASSED] - delay(2): Delayed 2 second(s)

2022-08-19 16:08:10 - [MESSAGE][PASSED] - Delayed 2 second(s)

2022-08-19 16:08:10 - [TEST_STEP][PASSED] - click(findTestObject("02-Side Icons(Organization)/Add Contact/button_Cancel")): Object: 'Object Repository/02-Side Icons(Organization)/Add Contact/button_Cancel' is clicked on

2022-08-19 16:08:10 - [MESSAGE][PASSED] - Object: 'Object Repository/02-Side Icons(Organization)/Add Contact/button_Cancel' is clicked on

2022-08-19 16:08:10 - [TEST_STEP][PASSED] - delay(2): Delayed 2 second(s)

2022-08-19 16:08:12 - [MESSAGE][PASSED] - Delayed 2 second(s)

2022-08-19 16:08:12 - [TEST_STEP][PASSED] - click(findTestObject("02-Side Icons(Organization)/Add Contact/button_add new user")): Object: 'Object Repository/02-Side Icons(Organization)/Add Contact/button_add new user' is clicked on

2022-08-19 16:08:13 - [MESSAGE][PASSED] - Object: 'Object Repository/02-Side Icons(Organization)/Add Contact/button_add new user' is clicked on

2022-08-19 16:08:13 - [TEST_STEP][PASSED] - delay(3): Delayed 3 second(s)

2022-08-19 16:08:16 - [MESSAGE][PASSED] - Delayed 3 second(s)

2022-08-19 16:08:16 - [TEST_STEP][PASSED] - verifyElementVisible(findTestObject("02-Side Icons(Organization)/Add Contact/User Invitation modal")): Object 'Object Repository/02-Side Icons(Organization)/Add Contact/User Invitation modal' is visible

2022-08-19 16:08:16 - [MESSAGE][PASSED] - Object 'Object Repository/02-Side Icons(Organization)/Add Contact/User Invitation modal' is visible

2022-08-19 16:08:16 - [TEST_STEP][PASSED] - delay(2): Delayed 2 second(s)

2022-08-19 16:08:18 - [MESSAGE][PASSED] - Delayed 2 second(s)

2022-08-19 16:08:18 - [TEST_STEP][PASSED] - click(findTestObject("02-Side Icons(Organization)/Add Contact/Invite batch user option")): Object: 'Object Repository/02-Side Icons(Organization)/Add Contact/Invite batch user option' is clicked on

2022-08-19 16:08:19 - [MESSAGE][PASSED] - Object: 'Object Repository/02-Side Icons(Organization)/Add Contact/Invite batch user option' is clicked on

2022-08-19 16:08:19 - [TEST_STEP][PASSED] - verifyElementVisible(findTestObject("02-Side Icons(Organization)/Add Contact/Import CSV file modal")): Object 'Object Repository/02-Side Icons(Organization)/Add Contact/Import CSV file modal' is visible

2022-08-19 16:08:19 - [MESSAGE][PASSED] - Object 'Object Repository/02-Side Icons(Organization)/Add Contact/Import CSV file modal' is visible

2022-08-19 16:08:19 - [TEST_STEP][PASSED] - delay(2): Delayed 2 second(s)

2022-08-19 16:08:21 - [MESSAGE][PASSED] - Delayed 2 second(s)

2022-08-19 16:08:21 - [TEST_STEP][PASSED] - click(findTestObject("02-Side Icons(Organization)/Add Contact/button_Cancel")): Object: 'Object Repository/02-Side Icons(Organization)/Add Contact/button_Cancel' is clicked on

2022-08-19 16:08:22 - [MESSAGE][PASSED] - Object: 'Object Repository/02-Side Icons(Organization)/Add Contact/button_Cancel' is clicked on

2022-08-19 16:08:22 - [TEST_STEP][PASSED] - delay(2): Delayed 2 second(s)

2022-08-19 16:08:24 - [MESSAGE][PASSED] - Delayed 2 second(s)]]></system-out>
         <system-err><![CDATA[]]></system-err>
      </testcase>
      <testcase name="Test Cases/02-Side Icons (Organization)/02-(2FA)" time="10.108" classname="Test Cases/02-Side Icons (Organization)/02-(2FA)" status="PASSED">
         <system-out><![CDATA[2022-08-19 16:08:24 - [TEST_CASE][PASSED] - Test Cases/02-Side Icons (Organization)/02-(2FA): Test Cases/02-Side Icons (Organization)/02-(2FA)

2022-08-19 16:08:24 - [TEST_STEP][PASSED] - delay(3): Delayed 3 second(s)

2022-08-19 16:08:27 - [MESSAGE][PASSED] - Delayed 3 second(s)

2022-08-19 16:08:27 - [TEST_STEP][PASSED] - click(findTestObject("02-Side Icons(Organization)/2FA/button_2FA")): Object: 'Object Repository/02-Side Icons(Organization)/2FA/button_2FA' is clicked on

2022-08-19 16:08:28 - [MESSAGE][PASSED] - Object: 'Object Repository/02-Side Icons(Organization)/2FA/button_2FA' is clicked on

2022-08-19 16:08:28 - [TEST_STEP][PASSED] - delay(3): Delayed 3 second(s)

2022-08-19 16:08:31 - [MESSAGE][PASSED] - Delayed 3 second(s)

2022-08-19 16:08:31 - [TEST_STEP][PASSED] - verifyElementVisible(findTestObject("02-Side Icons(Organization)/2FA/span_Two Factor Authentication")): Object 'Object Repository/02-Side Icons(Organization)/2FA/span_Two Factor Authentication' is visible

2022-08-19 16:08:31 - [MESSAGE][PASSED] - Object 'Object Repository/02-Side Icons(Organization)/2FA/span_Two Factor Authentication' is visible

2022-08-19 16:08:31 - [TEST_STEP][PASSED] - delay(3): Delayed 3 second(s)

2022-08-19 16:08:34 - [MESSAGE][PASSED] - Delayed 3 second(s)]]></system-out>
         <system-err><![CDATA[]]></system-err>
      </testcase>
      <testcase name="Test Cases/02-Side Icons (Organization)/03-(Client Assignment)" time="9.982" classname="Test Cases/02-Side Icons (Organization)/03-(Client Assignment)" status="PASSED">
         <system-out><![CDATA[2022-08-19 16:08:34 - [TEST_CASE][PASSED] - Test Cases/02-Side Icons (Organization)/03-(Client Assignment): Test Cases/02-Side Icons (Organization)/03-(Client Assignment)

2022-08-19 16:08:34 - [TEST_STEP][PASSED] - delay(2): Delayed 2 second(s)

2022-08-19 16:08:36 - [MESSAGE][PASSED] - Delayed 2 second(s)

2022-08-19 16:08:36 - [TEST_STEP][PASSED] - click(findTestObject("02-Side Icons(Organization)/Client Assignment/button_Client assignment")): Object: 'Object Repository/02-Side Icons(Organization)/Client Assignment/button_Client assignment' is clicked on

2022-08-19 16:08:37 - [MESSAGE][PASSED] - Object: 'Object Repository/02-Side Icons(Organization)/Client Assignment/button_Client assignment' is clicked on

2022-08-19 16:08:37 - [TEST_STEP][PASSED] - delay(3): Delayed 3 second(s)

2022-08-19 16:08:40 - [MESSAGE][PASSED] - Delayed 3 second(s)

2022-08-19 16:08:40 - [TEST_STEP][PASSED] - verifyElementVisible(findTestObject("02-Side Icons(Organization)/Client Assignment/h4_CLIENT ASSIGNMENT")): Object 'Object Repository/02-Side Icons(Organization)/Client Assignment/h4_CLIENT ASSIGNMENT' is visible

2022-08-19 16:08:40 - [MESSAGE][PASSED] - Object 'Object Repository/02-Side Icons(Organization)/Client Assignment/h4_CLIENT ASSIGNMENT' is visible

2022-08-19 16:08:40 - [TEST_STEP][PASSED] - verifyElementVisible(findTestObject("02-Side Icons(Organization)/Client Assignment/div_By Employee")): Object 'Object Repository/02-Side Icons(Organization)/Client Assignment/div_By Employee' is visible

2022-08-19 16:08:41 - [MESSAGE][PASSED] - Object 'Object Repository/02-Side Icons(Organization)/Client Assignment/div_By Employee' is visible

2022-08-19 16:08:41 - [TEST_STEP][PASSED] - verifyElementVisible(findTestObject("02-Side Icons(Organization)/Client Assignment/div_By Client")): Object 'Object Repository/02-Side Icons(Organization)/Client Assignment/div_By Client' is visible

2022-08-19 16:08:41 - [MESSAGE][PASSED] - Object 'Object Repository/02-Side Icons(Organization)/Client Assignment/div_By Client' is visible

2022-08-19 16:08:41 - [TEST_STEP][PASSED] - delay(3): Delayed 3 second(s)

2022-08-19 16:08:44 - [MESSAGE][PASSED] - Delayed 3 second(s)]]></system-out>
         <system-err><![CDATA[]]></system-err>
      </testcase>
      <testcase name="Test Cases/02-Side Icons (Organization)/04-(Hide Quick Shortcuts)" time="12.115" classname="Test Cases/02-Side Icons (Organization)/04-(Hide Quick Shortcuts)" status="PASSED">
         <system-out><![CDATA[2022-08-19 16:08:44 - [TEST_CASE][PASSED] - Test Cases/02-Side Icons (Organization)/04-(Hide Quick Shortcuts): Test Cases/02-Side Icons (Organization)/04-(Hide Quick Shortcuts)

2022-08-19 16:08:44 - [TEST_STEP][PASSED] - delay(2): Delayed 2 second(s)

2022-08-19 16:08:46 - [MESSAGE][PASSED] - Delayed 2 second(s)

2022-08-19 16:08:46 - [TEST_STEP][PASSED] - click(findTestObject("02-Side Icons(Organization)/Hide Quick Shortcuts/button_hide quick shortcuts")): Object: 'Object Repository/02-Side Icons(Organization)/Hide Quick Shortcuts/button_hide quick shortcuts' is clicked on

2022-08-19 16:08:47 - [MESSAGE][PASSED] - Object: 'Object Repository/02-Side Icons(Organization)/Hide Quick Shortcuts/button_hide quick shortcuts' is clicked on

2022-08-19 16:08:47 - [TEST_STEP][PASSED] - delay(3): Delayed 3 second(s)

2022-08-19 16:08:50 - [MESSAGE][PASSED] - Delayed 3 second(s)

2022-08-19 16:08:50 - [TEST_STEP][PASSED] - verifyElementNotPresent(findTestObject("02-Side Icons(Organization)/2FA/button_2FA"), 0): Web element with id: 'Object Repository/02-Side Icons(Organization)/2FA/button_2FA' located by 'By.xpath: //*[@type = 'button' and (text() = 'security' or . = 'security')]' is not present after '30' second(s)

2022-08-19 16:08:50 - [MESSAGE][WARNING] - Timeout '0' is invalid. Using default page load timeout: '30'

2022-08-19 16:08:50 - [MESSAGE][PASSED] - Web element with id: 'Object Repository/02-Side Icons(Organization)/2FA/button_2FA' located by 'By.xpath: //*[@type = 'button' and (text() = 'security' or . = 'security')]' is not present after '30' second(s)

2022-08-19 16:08:50 - [TEST_STEP][PASSED] - verifyElementNotPresent(findTestObject("02-Side Icons(Organization)/Add Contact/button_add new user"), 0): Web element with id: 'Object Repository/02-Side Icons(Organization)/Add Contact/button_add new user' located by 'By.xpath: //button[@type = 'button' and @ng-reflect-message = 'Invite New User' and (text() = 'person_add' or . = 'person_add')]' is not present after '30' second(s)

2022-08-19 16:08:50 - [MESSAGE][WARNING] - Timeout '0' is invalid. Using default page load timeout: '30'

2022-08-19 16:08:50 - [MESSAGE][PASSED] - Web element with id: 'Object Repository/02-Side Icons(Organization)/Add Contact/button_add new user' located by 'By.xpath: //button[@type = 'button' and @ng-reflect-message = 'Invite New User' and (text() = 'person_add' or . = 'person_add')]' is not present after '30' second(s)

2022-08-19 16:08:50 - [TEST_STEP][PASSED] - verifyElementNotPresent(findTestObject("02-Side Icons(Organization)/Client Assignment/button_Client assignment"), 0): Web element with id: 'Object Repository/02-Side Icons(Organization)/Client Assignment/button_Client assignment' located by 'By.xpath: //*[@type = 'button' and (text() = 'assignment_ind' or . = 'assignment_ind')]' is not present after '30' second(s)

2022-08-19 16:08:50 - [MESSAGE][WARNING] - Timeout '0' is invalid. Using default page load timeout: '30'

2022-08-19 16:08:51 - [MESSAGE][PASSED] - Web element with id: 'Object Repository/02-Side Icons(Organization)/Client Assignment/button_Client assignment' located by 'By.xpath: //*[@type = 'button' and (text() = 'assignment_ind' or . = 'assignment_ind')]' is not present after '30' second(s)

2022-08-19 16:08:51 - [TEST_STEP][PASSED] - delay(3): Delayed 3 second(s)

2022-08-19 16:08:54 - [MESSAGE][PASSED] - Delayed 3 second(s)

2022-08-19 16:08:54 - [TEST_STEP][PASSED] - click(findTestObject("02-Side Icons(Organization)/Hide Quick Shortcuts/button_Show quick shortcuts")): Object: 'Object Repository/02-Side Icons(Organization)/Hide Quick Shortcuts/button_Show quick shortcuts' is clicked on

2022-08-19 16:08:54 - [MESSAGE][PASSED] - Object: 'Object Repository/02-Side Icons(Organization)/Hide Quick Shortcuts/button_Show quick shortcuts' is clicked on

2022-08-19 16:08:54 - [TEST_STEP][PASSED] - verifyElementVisible(findTestObject("02-Side Icons(Organization)/2FA/button_2FA")): Object 'Object Repository/02-Side Icons(Organization)/2FA/button_2FA' is visible

2022-08-19 16:08:55 - [MESSAGE][PASSED] - Object 'Object Repository/02-Side Icons(Organization)/2FA/button_2FA' is visible

2022-08-19 16:08:55 - [TEST_STEP][PASSED] - verifyElementVisible(findTestObject("02-Side Icons(Organization)/Add Contact/button_add new user")): Object 'Object Repository/02-Side Icons(Organization)/Add Contact/button_add new user' is visible

2022-08-19 16:08:55 - [MESSAGE][PASSED] - Object 'Object Repository/02-Side Icons(Organization)/Add Contact/button_add new user' is visible

2022-08-19 16:08:55 - [TEST_STEP][PASSED] - verifyElementVisible(findTestObject("02-Side Icons(Organization)/Client Assignment/button_Client assignment")): Object 'Object Repository/02-Side Icons(Organization)/Client Assignment/button_Client assignment' is visible

2022-08-19 16:08:55 - [MESSAGE][PASSED] - Object 'Object Repository/02-Side Icons(Organization)/Client Assignment/button_Client assignment' is visible

2022-08-19 16:08:55 - [TEST_STEP][PASSED] - delay(0): Delayed 0 second(s)

2022-08-19 16:08:55 - [MESSAGE][PASSED] - Delayed 0 second(s)

2022-08-19 16:08:55 - [TEST_STEP][PASSED] - closeBrowser(): Browser is closed

2022-08-19 16:08:56 - [MESSAGE][PASSED] - Browser is closed]]></system-out>
         <system-err><![CDATA[]]></system-err>
      </testcase>
      <system-out><![CDATA[2022-08-19 16:06:33 - [TEST_SUITE][PASSED] - 02-Side Icons: Test Cases/02-Side Icons (Organization)/04-(Hide Quick Shortcuts)]]></system-out>
      <system-err><![CDATA[]]></system-err>
   </testsuite>
</testsuites>
