<?xml version="1.0" encoding="UTF-8"?>
<testsuites name="06-Teams" time="265.074" tests="2" failures="1" errors="0">
   <testsuite name="06-Teams" tests="2" failures="1" errors="0" time="265.074" skipped="0" timestamp="2022-03-18 17:54:34" hostname="User - DESKTOP-QCRNR4M" id="Test Suites/TS-Organization/06-Teams">
      <properties>
         <property name="deviceName" value=""/>
         <property name="devicePlatform" value=""/>
         <property name="logFolder" value="C:\\Users\\User\\Katalon Studio\\EverleaguesMain\\Reports\\20220318_175430\\TS-Organization\\06-Teams\\20220318_175431"/>
         <property name="logFiles" value="C:\\Users\\User\\Katalon Studio\\EverleaguesMain\\Reports\\20220318_175430\\TS-Organization\\06-Teams\\20220318_175431\\execution0.log"/>
         <property name="attachments" value="C:\\Users\\User\\Katalon Studio\\EverleaguesMain\\Reports\\20220318_175430\\TS-Organization\\06-Teams\\20220318_175431\\1647597538824.png, C:\\Users\\User\\Katalon Studio\\EverleaguesMain\\Reports\\20220318_175430\\TS-Organization\\06-Teams\\20220318_175431\\1647597539020.png"/>
         <property name="hostName" value="User - DESKTOP-QCRNR4M"/>
         <property name="os" value="Windows 10 64bit"/>
         <property name="katalonVersion" value="8.2.5.208"/>
         <property name="browser" value="Chrome 99.0.4844.74"/>
         <property name="hostAddress" value="192.168.5.53"/>
         <property name="sessionId" value="36f501cbf083cf250b11766f5f014dd6"/>
         <property name="seleniumVersion" value="3.141.59"/>
         <property name="proxyInformation" value="ProxyInformation { proxyOption=NO_PROXY, proxyServerType=HTTP, username=, password=********, proxyServerAddress=, proxyServerPort=0, executionList=&quot;&quot;, isApplyToDesiredCapabilities=true }"/>
         <property name="platform" value="Windows 10"/>
      </properties>
      <testcase name="Test Cases/06-Teams/01- Add Team- Public" time="120.784" classname="Test Cases/06-Teams/01- Add Team- Public" status="PASSED">
         <system-out><![CDATA[2022-03-18 17:54:34 - [TEST_CASE][PASSED] - Test Cases/06-Teams/01- Add Team- Public: Test Cases/06-Teams/01- Add Team- Public

2022-03-18 17:54:34 - [TEST_STEP][PASSED] - openBrowser(""): Browser is opened with url: ''

2022-03-18 17:54:35 - [MESSAGE][INFO] - Starting 'Chrome' driver

2022-03-18 17:54:35 - [MESSAGE][INFO] - Action delay is set to 0 milliseconds

2022-03-18 17:54:37 - [MESSAGE][PASSED] - Browser is opened with url: ''

2022-03-18 17:54:37 - [TEST_STEP][PASSED] - navigateToUrl("https://lab.everleagues.com/"): Navigate to 'https://lab.everleagues.com/' successfully

2022-03-18 17:55:05 - [MESSAGE][PASSED] - Navigate to 'https://lab.everleagues.com/' successfully

2022-03-18 17:55:05 - [TEST_STEP][PASSED] - maximizeWindow(): Current window maximized

2022-03-18 17:55:06 - [MESSAGE][PASSED] - Current window maximized

2022-03-18 17:55:06 - [TEST_STEP][PASSED] - setText(findTestObject("02-Side Icons(Organization)/Add Contact/Email Field"), "testuser02@mailinator.com"): Text 'testuser02@mailinator.com' is set on object 'Object Repository/02-Side Icons(Organization)/Add Contact/Email Field'

2022-03-18 17:55:06 - [MESSAGE][PASSED] - Text 'testuser02@mailinator.com' is set on object 'Object Repository/02-Side Icons(Organization)/Add Contact/Email Field'

2022-03-18 17:55:06 - [TEST_STEP][PASSED] - setEncryptedText(findTestObject("02-Side Icons(Organization)/Add Contact/Password Field"), "8yFRyszE6U6jvsCn51OQbg=="): Text ****** has been set on object 'Object Repository/02-Side Icons(Organization)/Add Contact/Password Field'

2022-03-18 17:55:07 - [MESSAGE][PASSED] - Text ****** has been set on object 'Object Repository/02-Side Icons(Organization)/Add Contact/Password Field'

2022-03-18 17:55:07 - [TEST_STEP][PASSED] - click(findTestObject("02-Side Icons(Organization)/Add Contact/button_Sign in")): Object: 'Object Repository/02-Side Icons(Organization)/Add Contact/button_Sign in' is clicked on

2022-03-18 17:55:08 - [MESSAGE][PASSED] - Object: 'Object Repository/02-Side Icons(Organization)/Add Contact/button_Sign in' is clicked on

2022-03-18 17:55:08 - [TEST_STEP][PASSED] - delay(2): Delayed 2 second(s)

2022-03-18 17:55:10 - [MESSAGE][PASSED] - Delayed 2 second(s)

2022-03-18 17:55:10 - [TEST_STEP][PASSED] - click(findTestObject("06-Teams/For 2FA/button_Confirm_2FA")): Object: 'Object Repository/06-Teams/For 2FA/button_Confirm_2FA' is clicked on

2022-03-18 17:55:10 - [MESSAGE][PASSED] - Object: 'Object Repository/06-Teams/For 2FA/button_Confirm_2FA' is clicked on

2022-03-18 17:55:10 - [TEST_STEP][PASSED] - executeJavaScript("window.open();", []): Execute JavaScript 'window.open();' successfully

2022-03-18 17:55:10 - [MESSAGE][PASSED] - Execute JavaScript 'window.open();' successfully

2022-03-18 17:55:10 - [TEST_STEP][PASSED] - currentWindow = getWindowIndex(): Current window's index is: 0

2022-03-18 17:55:10 - [MESSAGE][PASSED] - Current window's index is: 0

2022-03-18 17:55:10 - [TEST_STEP][PASSED] - delay(3): Delayed 3 second(s)

2022-03-18 17:55:13 - [MESSAGE][PASSED] - Delayed 3 second(s)

2022-03-18 17:55:13 - [TEST_STEP][PASSED] - switchToWindowIndex(currentWindow + 1): Switched to window with index: '1'

2022-03-18 17:55:13 - [MESSAGE][PASSED] - Switched to window with index: '1'

2022-03-18 17:55:13 - [TEST_STEP][PASSED] - navigateToUrl("https://www.mailinator.com/"): Navigate to 'https://www.mailinator.com/' successfully

2022-03-18 17:55:16 - [MESSAGE][PASSED] - Navigate to 'https://www.mailinator.com/' successfully

2022-03-18 17:55:16 - [TEST_STEP][PASSED] - delay(3): Delayed 3 second(s)

2022-03-18 17:55:19 - [MESSAGE][PASSED] - Delayed 3 second(s)

2022-03-18 17:55:19 - [TEST_STEP][PASSED] - setText(findTestObject("00-Signup and Activation/zMailinator/input_LOGIN_search"), "testuser02@mailinator.com"): Text 'testuser02@mailinator.com' is set on object 'Object Repository/00-Signup and Activation/zMailinator/input_LOGIN_search'

2022-03-18 17:55:20 - [MESSAGE][PASSED] - Text 'testuser02@mailinator.com' is set on object 'Object Repository/00-Signup and Activation/zMailinator/input_LOGIN_search'

2022-03-18 17:55:20 - [TEST_STEP][PASSED] - click(findTestObject("00-Signup and Activation/zMailinator/gobutton"), STOP_ON_FAILURE): Object: 'Object Repository/00-Signup and Activation/zMailinator/gobutton' is clicked on

2022-03-18 17:55:21 - [MESSAGE][PASSED] - Object: 'Object Repository/00-Signup and Activation/zMailinator/gobutton' is clicked on

2022-03-18 17:55:21 - [TEST_STEP][PASSED] - delay(3): Delayed 3 second(s)

2022-03-18 17:55:24 - [MESSAGE][PASSED] - Delayed 3 second(s)

2022-03-18 17:55:24 - [TEST_STEP][PASSED] - click(findTestObject("00-Signup and Activation/zMailinator/Email - everleagues")): Object: 'Object Repository/00-Signup and Activation/zMailinator/Email - everleagues' is clicked on

2022-03-18 17:55:24 - [MESSAGE][PASSED] - Object: 'Object Repository/00-Signup and Activation/zMailinator/Email - everleagues' is clicked on

2022-03-18 17:55:24 - [TEST_STEP][PASSED] - delay(3): Delayed 3 second(s)

2022-03-18 17:55:27 - [MESSAGE][PASSED] - Delayed 3 second(s)

2022-03-18 17:55:27 - [TEST_STEP][PASSED] - code = getText(findTestObject("Object Repository/06-Teams/For 2FA/2FA code")): Text of object 'Object Repository/06-Teams/For 2FA/2FA code' is: '757013'

2022-03-18 17:55:28 - [MESSAGE][PASSED] - Text of object 'Object Repository/06-Teams/For 2FA/2FA code' is: '757013'

2022-03-18 17:55:28 - [TEST_STEP][PASSED] - delay(3): Delayed 3 second(s)

2022-03-18 17:55:31 - [MESSAGE][PASSED] - Delayed 3 second(s)

2022-03-18 17:55:31 - [TEST_STEP][PASSED] - closeWindowTitle("Mailinator"): Window with title: 'Mailinator' is closed

2022-03-18 17:55:31 - [MESSAGE][PASSED] - Window with title: 'Mailinator' is closed

2022-03-18 17:55:31 - [TEST_STEP][PASSED] - delay(3): Delayed 3 second(s)

2022-03-18 17:55:34 - [MESSAGE][PASSED] - Delayed 3 second(s)

2022-03-18 17:55:34 - [TEST_STEP][PASSED] - switchToWindowIndex(0): Switched to window with index: '0'

2022-03-18 17:55:34 - [MESSAGE][PASSED] - Switched to window with index: '0'

2022-03-18 17:55:34 - [TEST_STEP][PASSED] - delay(3): Delayed 3 second(s)

2022-03-18 17:55:37 - [MESSAGE][PASSED] - Delayed 3 second(s)

2022-03-18 17:55:37 - [TEST_STEP][PASSED] - setText(findTestObject("Object Repository/06-Teams/For 2FA/input_Enter verification code_code"), code): Text '757013' is set on object 'Object Repository/06-Teams/For 2FA/input_Enter verification code_code'

2022-03-18 17:55:38 - [MESSAGE][PASSED] - Text '757013' is set on object 'Object Repository/06-Teams/For 2FA/input_Enter verification code_code'

2022-03-18 17:55:38 - [TEST_STEP][PASSED] - delay(3): Delayed 3 second(s)

2022-03-18 17:55:41 - [MESSAGE][PASSED] - Delayed 3 second(s)

2022-03-18 17:55:41 - [TEST_STEP][PASSED] - click(findTestObject("06-Teams/For 2FA/button_Verify_2FA")): Object: 'Object Repository/06-Teams/For 2FA/button_Verify_2FA' is clicked on

2022-03-18 17:55:41 - [MESSAGE][PASSED] - Object: 'Object Repository/06-Teams/For 2FA/button_Verify_2FA' is clicked on

2022-03-18 17:55:41 - [TEST_STEP][PASSED] - delay(5): Delayed 5 second(s)

2022-03-18 17:55:46 - [MESSAGE][PASSED] - Delayed 5 second(s)

2022-03-18 17:55:46 - [TEST_STEP][PASSED] - click(findTestObject("06-Teams/button_doublearrow")): Object: 'Object Repository/06-Teams/button_doublearrow' is clicked on

2022-03-18 17:55:47 - [MESSAGE][PASSED] - Object: 'Object Repository/06-Teams/button_doublearrow' is clicked on

2022-03-18 17:55:47 - [TEST_STEP][PASSED] - click(findTestObject("06-Teams/button_My Organizations")): Object: 'Object Repository/06-Teams/button_My Organizations' is clicked on

2022-03-18 17:55:47 - [MESSAGE][PASSED] - Object: 'Object Repository/06-Teams/button_My Organizations' is clicked on

2022-03-18 17:55:47 - [TEST_STEP][PASSED] - click(findTestObject("06-Teams/button_GG Automation")): Object: 'Object Repository/06-Teams/button_GG Automation' is clicked on

2022-03-18 17:55:48 - [MESSAGE][PASSED] - Object: 'Object Repository/06-Teams/button_GG Automation' is clicked on

2022-03-18 17:55:48 - [TEST_STEP][PASSED] - delay(4): Delayed 4 second(s)

2022-03-18 17:55:52 - [MESSAGE][PASSED] - Delayed 4 second(s)

2022-03-18 17:55:52 - [TEST_STEP][PASSED] - verifyElementVisible(findTestObject("06-Teams/span_GG Automation")): Object 'Object Repository/06-Teams/span_GG Automation' is visible

2022-03-18 17:55:53 - [MESSAGE][PASSED] - Object 'Object Repository/06-Teams/span_GG Automation' is visible

2022-03-18 17:55:53 - [TEST_STEP][PASSED] - delay(2): Delayed 2 second(s)

2022-03-18 17:55:55 - [MESSAGE][PASSED] - Delayed 2 second(s)

2022-03-18 17:55:55 - [TEST_STEP][PASSED] - click(findTestObject("03-Header Menu/Hamburger Button/div_Teams")): Object: 'Object Repository/03-Header Menu/Hamburger Button/div_Teams' is clicked on

2022-03-18 17:55:55 - [MESSAGE][PASSED] - Object: 'Object Repository/03-Header Menu/Hamburger Button/div_Teams' is clicked on

2022-03-18 17:55:55 - [TEST_STEP][PASSED] - delay(2): Delayed 2 second(s)

2022-03-18 17:55:57 - [MESSAGE][PASSED] - Delayed 2 second(s)

2022-03-18 17:55:57 - [TEST_STEP][PASSED] - verifyElementVisible(findTestObject("06-Teams/h4_TEAMS")): Object 'Object Repository/06-Teams/h4_TEAMS' is visible

2022-03-18 17:55:58 - [MESSAGE][PASSED] - Object 'Object Repository/06-Teams/h4_TEAMS' is visible

2022-03-18 17:55:58 - [TEST_STEP][PASSED] - delay(3): Delayed 3 second(s)

2022-03-18 17:56:01 - [MESSAGE][PASSED] - Delayed 3 second(s)

2022-03-18 17:56:01 - [TEST_STEP][PASSED] - click(findTestObject("06-Teams/Add Team")): Object: 'Object Repository/06-Teams/Add Team' is clicked on

2022-03-18 17:56:01 - [MESSAGE][PASSED] - Object: 'Object Repository/06-Teams/Add Team' is clicked on

2022-03-18 17:56:01 - [TEST_STEP][PASSED] - delay(3): Delayed 3 second(s)

2022-03-18 17:56:04 - [MESSAGE][PASSED] - Delayed 3 second(s)

2022-03-18 17:56:04 - [TEST_STEP][PASSED] - verifyElementVisible(findTestObject("06-Teams/button_Public")): Object 'Object Repository/06-Teams/button_Public' is visible

2022-03-18 17:56:04 - [MESSAGE][PASSED] - Object 'Object Repository/06-Teams/button_Public' is visible

2022-03-18 17:56:04 - [TEST_STEP][PASSED] - verifyElementVisible(findTestObject("06-Teams/button_Private")): Object 'Object Repository/06-Teams/button_Private' is visible

2022-03-18 17:56:05 - [MESSAGE][PASSED] - Object 'Object Repository/06-Teams/button_Private' is visible

2022-03-18 17:56:05 - [TEST_STEP][PASSED] - delay(3): Delayed 3 second(s)

2022-03-18 17:56:08 - [MESSAGE][PASSED] - Delayed 3 second(s)

2022-03-18 17:56:08 - [TEST_STEP][PASSED] - click(findTestObject("06-Teams/button_Public")): Object: 'Object Repository/06-Teams/button_Public' is clicked on

2022-03-18 17:56:09 - [MESSAGE][PASSED] - Object: 'Object Repository/06-Teams/button_Public' is clicked on

2022-03-18 17:56:09 - [TEST_STEP][PASSED] - verifyElementVisible(findTestObject("06-Teams/01-Add Team-Public/Add Team_Public")): Object 'Object Repository/06-Teams/01-Add Team-Public/Add Team_Public' is visible

2022-03-18 17:56:09 - [MESSAGE][PASSED] - Object 'Object Repository/06-Teams/01-Add Team-Public/Add Team_Public' is visible

2022-03-18 17:56:09 - [TEST_STEP][PASSED] - verifyElementNotClickable(findTestObject("06-Teams/01-Add Team-Public/button_Create")): Object 'Object Repository/06-Teams/01-Add Team-Public/button_Create' is NOT clickable

2022-03-18 17:56:10 - [MESSAGE][PASSED] - Object 'Object Repository/06-Teams/01-Add Team-Public/button_Create' is NOT clickable

2022-03-18 17:56:10 - [TEST_STEP][PASSED] - delay(3): Delayed 3 second(s)

2022-03-18 17:56:13 - [MESSAGE][PASSED] - Delayed 3 second(s)

2022-03-18 17:56:13 - [TEST_STEP][PASSED] - click(findTestObject("06-Teams/01-Add Team-Public/input_teamName")): Object: 'Object Repository/06-Teams/01-Add Team-Public/input_teamName' is clicked on

2022-03-18 17:56:13 - [MESSAGE][PASSED] - Object: 'Object Repository/06-Teams/01-Add Team-Public/input_teamName' is clicked on

2022-03-18 17:56:13 - [TEST_STEP][PASSED] - click(findTestObject("06-Teams/01-Add Team-Public/Org unit")): Object: 'Object Repository/06-Teams/01-Add Team-Public/Org unit' is clicked on

2022-03-18 17:56:14 - [MESSAGE][PASSED] - Object: 'Object Repository/06-Teams/01-Add Team-Public/Org unit' is clicked on

2022-03-18 17:56:14 - [TEST_STEP][PASSED] - verifyElementVisible(findTestObject("06-Teams/01-Add Team-Public/h4_Select an organization unit")): Object 'Object Repository/06-Teams/01-Add Team-Public/h4_Select an organization unit' is visible

2022-03-18 17:56:14 - [MESSAGE][PASSED] - Object 'Object Repository/06-Teams/01-Add Team-Public/h4_Select an organization unit' is visible

2022-03-18 17:56:14 - [TEST_STEP][PASSED] - delay(3): Delayed 3 second(s)

2022-03-18 17:56:17 - [MESSAGE][PASSED] - Delayed 3 second(s)

2022-03-18 17:56:17 - [TEST_STEP][PASSED] - click(findTestObject("06-Teams/01-Add Team-Public/div_GG Automation")): Object: 'Object Repository/06-Teams/01-Add Team-Public/div_GG Automation' is clicked on

2022-03-18 17:56:18 - [MESSAGE][PASSED] - Object: 'Object Repository/06-Teams/01-Add Team-Public/div_GG Automation' is clicked on

2022-03-18 17:56:18 - [TEST_STEP][PASSED] - click(findTestObject("06-Teams/01-Add Team-Public/button_Select")): Object: 'Object Repository/06-Teams/01-Add Team-Public/button_Select' is clicked on

2022-03-18 17:56:19 - [MESSAGE][PASSED] - Object: 'Object Repository/06-Teams/01-Add Team-Public/button_Select' is clicked on

2022-03-18 17:56:19 - [TEST_STEP][PASSED] - verifyElementVisible(findTestObject("06-Teams/01-Add Team-Public/Error Team name")): Object 'Object Repository/06-Teams/01-Add Team-Public/Error Team name' is visible

2022-03-18 17:56:20 - [MESSAGE][PASSED] - Object 'Object Repository/06-Teams/01-Add Team-Public/Error Team name' is visible

2022-03-18 17:56:20 - [TEST_STEP][PASSED] - delay(3): Delayed 3 second(s)

2022-03-18 17:56:23 - [MESSAGE][PASSED] - Delayed 3 second(s)

2022-03-18 17:56:23 - [TEST_STEP][PASSED] - setText(findTestObject("06-Teams/01-Add Team-Public/input_teamName"), "Auto Team Public"): Text 'Auto Team Public' is set on object 'Object Repository/06-Teams/01-Add Team-Public/input_teamName'

2022-03-18 17:56:24 - [MESSAGE][PASSED] - Text 'Auto Team Public' is set on object 'Object Repository/06-Teams/01-Add Team-Public/input_teamName'

2022-03-18 17:56:24 - [TEST_STEP][PASSED] - click(findTestObject("06-Teams/01-Add Team-Public/button_Create")): Object: 'Object Repository/06-Teams/01-Add Team-Public/button_Create' is clicked on

2022-03-18 17:56:24 - [MESSAGE][PASSED] - Object: 'Object Repository/06-Teams/01-Add Team-Public/button_Create' is clicked on

2022-03-18 17:56:24 - [TEST_STEP][PASSED] - delay(3): Delayed 3 second(s)

2022-03-18 17:56:27 - [MESSAGE][PASSED] - Delayed 3 second(s)

2022-03-18 17:56:27 - [TEST_STEP][PASSED] - verifyElementVisible(findTestObject("06-Teams/01-Add Team-Public/span_Successfully added new team")): Object 'Object Repository/06-Teams/01-Add Team-Public/span_Successfully added new team' is visible

2022-03-18 17:56:28 - [MESSAGE][PASSED] - Object 'Object Repository/06-Teams/01-Add Team-Public/span_Successfully added new team' is visible

2022-03-18 17:56:28 - [TEST_STEP][PASSED] - delay(3): Delayed 3 second(s)

2022-03-18 17:56:31 - [MESSAGE][PASSED] - Delayed 3 second(s)

2022-03-18 17:56:31 - [TEST_STEP][PASSED] - verifyElementVisible(findTestObject("06-Teams/01-Add Team-Public/span_Auto Team Public")): Object 'Object Repository/06-Teams/01-Add Team-Public/span_Auto Team Public' is visible

2022-03-18 17:56:31 - [MESSAGE][PASSED] - Object 'Object Repository/06-Teams/01-Add Team-Public/span_Auto Team Public' is visible

2022-03-18 17:56:31 - [TEST_STEP][PASSED] - delay(3): Delayed 3 second(s)

2022-03-18 17:56:34 - [MESSAGE][PASSED] - Delayed 3 second(s)

2022-03-18 17:56:34 - [TEST_STEP][PASSED] - closeBrowser(): Browser is closed

2022-03-18 17:56:35 - [MESSAGE][PASSED] - Browser is closed]]></system-out>
         <system-err><![CDATA[]]></system-err>
      </testcase>
      <testcase name="Test Cases/06-Teams/02-Add Team-Private" time="143.944" classname="Test Cases/06-Teams/02-Add Team-Private" status="FAILED">
         <failure type="FAILED" message="Test Cases/06-Teams/02-Add Team-Private FAILED.
Reason:
com.kms.katalon.core.exception.StepFailedException: Unable to verify object 'Object Repository/06-Teams/02-Add Team-Private/Members dialog box' is visible
	at com.kms.katalon.core.webui.keyword.internal.WebUIKeywordMain.stepFailed(WebUIKeywordMain.groovy:64)
	at com.kms.katalon.core.webui.keyword.internal.WebUIKeywordMain.runKeyword(WebUIKeywordMain.groovy:26)
	at com.kms.katalon.core.webui.keyword.builtin.VerifyElementVisibleKeyword.verifyElementVisible(VerifyElementVisibleKeyword.groovy:97)
	at com.kms.katalon.core.webui.keyword.builtin.VerifyElementVisibleKeyword.execute(VerifyElementVisibleKeyword.groovy:67)
	at com.kms.katalon.core.keyword.internal.KeywordExecutor.executeKeywordForPlatform(KeywordExecutor.groovy:74)
	at com.kms.katalon.core.webui.keyword.WebUiBuiltInKeywords.verifyElementVisible(WebUiBuiltInKeywords.groovy:376)
	at com.kms.katalon.core.webui.keyword.WebUiBuiltInKeywords$verifyElementVisible$11.call(Unknown Source)
	at 02-Add Team-Private.run(02-Add Team-Private:144)
	at com.kms.katalon.core.main.ScriptEngine.run(ScriptEngine.java:194)
	at com.kms.katalon.core.main.ScriptEngine.runScriptAsRawText(ScriptEngine.java:119)
	at com.kms.katalon.core.main.TestCaseExecutor.runScript(TestCaseExecutor.java:442)
	at com.kms.katalon.core.main.TestCaseExecutor.doExecute(TestCaseExecutor.java:433)
	at com.kms.katalon.core.main.TestCaseExecutor.processExecutionPhase(TestCaseExecutor.java:412)
	at com.kms.katalon.core.main.TestCaseExecutor.accessMainPhase(TestCaseExecutor.java:404)
	at com.kms.katalon.core.main.TestCaseExecutor.execute(TestCaseExecutor.java:281)
	at com.kms.katalon.core.main.TestSuiteExecutor.accessTestCaseMainPhase(TestSuiteExecutor.java:202)
	at com.kms.katalon.core.main.TestSuiteExecutor.accessTestSuiteMainPhase(TestSuiteExecutor.java:164)
	at com.kms.katalon.core.main.TestSuiteExecutor.execute(TestSuiteExecutor.java:105)
	at com.kms.katalon.core.main.TestCaseMain.startTestSuite(TestCaseMain.java:185)
	at com.kms.katalon.core.main.TestCaseMain$startTestSuite$0.call(Unknown Source)
	at TempTestSuite1647597271579.run(TempTestSuite1647597271579.groovy:36)
Caused by: com.kms.katalon.core.exception.StepFailedException: Web element with id: 'Object Repository/06-Teams/02-Add Team-Private/Members dialog box' located by '//mat-dialog-container[(text() = 'Add TeamSettingsMembersEnter name/group to invite here INVITE searchFind existing member of this teamcancel Name  arrow_upward  Org Role  arrow_upward  Member Type  arrow_upward   GTGG TESTER Owner Owner Row per page: 1-1 of 1skip_previousnavigate_beforenavigate_nextskip_nextCreateCancel' or . = 'Add TeamSettingsMembersEnter name/group to invite here INVITE searchFind existing member of this teamcancel Name  arrow_upward  Org Role  arrow_upward  Member Type  arrow_upward   GTGG TESTER Owner Owner Row per page: 1-1 of 1skip_previousnavigate_beforenavigate_nextskip_nextCreateCancel')]' not found
	at com.kms.katalon.core.webui.keyword.internal.WebUIKeywordMain.stepFailed(WebUIKeywordMain.groovy:64)
	at com.kms.katalon.core.webui.keyword.builtin.VerifyElementVisibleKeyword$_verifyElementVisible_closure1.doCall(VerifyElementVisibleKeyword.groovy:89)
	at com.kms.katalon.core.webui.keyword.builtin.VerifyElementVisibleKeyword$_verifyElementVisible_closure1.call(VerifyElementVisibleKeyword.groovy)
	at com.kms.katalon.core.webui.keyword.internal.WebUIKeywordMain.runKeyword(WebUIKeywordMain.groovy:20)
	... 19 more
"/>
         <system-out><![CDATA[2022-03-18 17:56:35 - [TEST_CASE][FAILED] - Test Cases/06-Teams/02-Add Team-Private: Test Cases/06-Teams/02-Add Team-Private FAILED.
Reason:
com.kms.katalon.core.exception.StepFailedException: Unable to verify object 'Object Repository/06-Teams/02-Add Team-Private/Members dialog box' is visible
	at com.kms.katalon.core.webui.keyword.internal.WebUIKeywordMain.stepFailed(WebUIKeywordMain.groovy:64)
	at com.kms.katalon.core.webui.keyword.internal.WebUIKeywordMain.runKeyword(WebUIKeywordMain.groovy:26)
	at com.kms.katalon.core.webui.keyword.builtin.VerifyElementVisibleKeyword.verifyElementVisible(VerifyElementVisibleKeyword.groovy:97)
	at com.kms.katalon.core.webui.keyword.builtin.VerifyElementVisibleKeyword.execute(VerifyElementVisibleKeyword.groovy:67)
	at com.kms.katalon.core.keyword.internal.KeywordExecutor.executeKeywordForPlatform(KeywordExecutor.groovy:74)
	at com.kms.katalon.core.webui.keyword.WebUiBuiltInKeywords.verifyElementVisible(WebUiBuiltInKeywords.groovy:376)
	at com.kms.katalon.core.webui.keyword.WebUiBuiltInKeywords$verifyElementVisible$11.call(Unknown Source)
	at 02-Add Team-Private.run(02-Add Team-Private:144)
	at com.kms.katalon.core.main.ScriptEngine.run(ScriptEngine.java:194)
	at com.kms.katalon.core.main.ScriptEngine.runScriptAsRawText(ScriptEngine.java:119)
	at com.kms.katalon.core.main.TestCaseExecutor.runScript(TestCaseExecutor.java:442)
	at com.kms.katalon.core.main.TestCaseExecutor.doExecute(TestCaseExecutor.java:433)
	at com.kms.katalon.core.main.TestCaseExecutor.processExecutionPhase(TestCaseExecutor.java:412)
	at com.kms.katalon.core.main.TestCaseExecutor.accessMainPhase(TestCaseExecutor.java:404)
	at com.kms.katalon.core.main.TestCaseExecutor.execute(TestCaseExecutor.java:281)
	at com.kms.katalon.core.main.TestSuiteExecutor.accessTestCaseMainPhase(TestSuiteExecutor.java:202)
	at com.kms.katalon.core.main.TestSuiteExecutor.accessTestSuiteMainPhase(TestSuiteExecutor.java:164)
	at com.kms.katalon.core.main.TestSuiteExecutor.execute(TestSuiteExecutor.java:105)
	at com.kms.katalon.core.main.TestCaseMain.startTestSuite(TestCaseMain.java:185)
	at com.kms.katalon.core.main.TestCaseMain$startTestSuite$0.call(Unknown Source)
	at TempTestSuite1647597271579.run(TempTestSuite1647597271579.groovy:36)
Caused by: com.kms.katalon.core.exception.StepFailedException: Web element with id: 'Object Repository/06-Teams/02-Add Team-Private/Members dialog box' located by '//mat-dialog-container[(text() = 'Add TeamSettingsMembersEnter name/group to invite here INVITE searchFind existing member of this teamcancel Name  arrow_upward  Org Role  arrow_upward  Member Type  arrow_upward   GTGG TESTER Owner Owner Row per page: 1-1 of 1skip_previousnavigate_beforenavigate_nextskip_nextCreateCancel' or . = 'Add TeamSettingsMembersEnter name/group to invite here INVITE searchFind existing member of this teamcancel Name  arrow_upward  Org Role  arrow_upward  Member Type  arrow_upward   GTGG TESTER Owner Owner Row per page: 1-1 of 1skip_previousnavigate_beforenavigate_nextskip_nextCreateCancel')]' not found
	at com.kms.katalon.core.webui.keyword.internal.WebUIKeywordMain.stepFailed(WebUIKeywordMain.groovy:64)
	at com.kms.katalon.core.webui.keyword.builtin.VerifyElementVisibleKeyword$_verifyElementVisible_closure1.doCall(VerifyElementVisibleKeyword.groovy:89)
	at com.kms.katalon.core.webui.keyword.builtin.VerifyElementVisibleKeyword$_verifyElementVisible_closure1.call(VerifyElementVisibleKeyword.groovy)
	at com.kms.katalon.core.webui.keyword.internal.WebUIKeywordMain.runKeyword(WebUIKeywordMain.groovy:20)
	... 19 more


2022-03-18 17:56:35 - [TEST_STEP][PASSED] - openBrowser(""): Browser is opened with url: ''

2022-03-18 17:56:35 - [MESSAGE][INFO] - Starting 'Chrome' driver

2022-03-18 17:56:35 - [MESSAGE][INFO] - Action delay is set to 0 milliseconds

2022-03-18 17:56:36 - [MESSAGE][PASSED] - Browser is opened with url: ''

2022-03-18 17:56:36 - [TEST_STEP][PASSED] - navigateToUrl("https://lab.everleagues.com/"): Navigate to 'https://lab.everleagues.com/' successfully

2022-03-18 17:57:02 - [MESSAGE][PASSED] - Navigate to 'https://lab.everleagues.com/' successfully

2022-03-18 17:57:02 - [TEST_STEP][PASSED] - maximizeWindow(): Current window maximized

2022-03-18 17:57:02 - [MESSAGE][PASSED] - Current window maximized

2022-03-18 17:57:02 - [TEST_STEP][PASSED] - setText(findTestObject("02-Side Icons(Organization)/Add Contact/Email Field"), "testuser02@mailinator.com"): Text 'testuser02@mailinator.com' is set on object 'Object Repository/02-Side Icons(Organization)/Add Contact/Email Field'

2022-03-18 17:57:02 - [MESSAGE][PASSED] - Text 'testuser02@mailinator.com' is set on object 'Object Repository/02-Side Icons(Organization)/Add Contact/Email Field'

2022-03-18 17:57:02 - [TEST_STEP][PASSED] - setEncryptedText(findTestObject("02-Side Icons(Organization)/Add Contact/Password Field"), "8yFRyszE6U6jvsCn51OQbg=="): Text ****** has been set on object 'Object Repository/02-Side Icons(Organization)/Add Contact/Password Field'

2022-03-18 17:57:03 - [MESSAGE][PASSED] - Text ****** has been set on object 'Object Repository/02-Side Icons(Organization)/Add Contact/Password Field'

2022-03-18 17:57:03 - [TEST_STEP][PASSED] - click(findTestObject("02-Side Icons(Organization)/Add Contact/button_Sign in")): Object: 'Object Repository/02-Side Icons(Organization)/Add Contact/button_Sign in' is clicked on

2022-03-18 17:57:04 - [MESSAGE][PASSED] - Object: 'Object Repository/02-Side Icons(Organization)/Add Contact/button_Sign in' is clicked on

2022-03-18 17:57:04 - [TEST_STEP][PASSED] - delay(3): Delayed 3 second(s)

2022-03-18 17:57:07 - [MESSAGE][PASSED] - Delayed 3 second(s)

2022-03-18 17:57:07 - [TEST_STEP][PASSED] - click(findTestObject("06-Teams/For 2FA/button_Confirm_2FA")): Object: 'Object Repository/06-Teams/For 2FA/button_Confirm_2FA' is clicked on

2022-03-18 17:57:07 - [MESSAGE][PASSED] - Object: 'Object Repository/06-Teams/For 2FA/button_Confirm_2FA' is clicked on

2022-03-18 17:57:07 - [TEST_STEP][PASSED] - executeJavaScript("window.open();", []): Execute JavaScript 'window.open();' successfully

2022-03-18 17:57:07 - [MESSAGE][PASSED] - Execute JavaScript 'window.open();' successfully

2022-03-18 17:57:07 - [TEST_STEP][PASSED] - currentWindow = getWindowIndex(): Current window's index is: 0

2022-03-18 17:57:07 - [MESSAGE][PASSED] - Current window's index is: 0

2022-03-18 17:57:07 - [TEST_STEP][PASSED] - delay(3): Delayed 3 second(s)

2022-03-18 17:57:10 - [MESSAGE][PASSED] - Delayed 3 second(s)

2022-03-18 17:57:10 - [TEST_STEP][PASSED] - switchToWindowIndex(currentWindow + 1): Switched to window with index: '1'

2022-03-18 17:57:10 - [MESSAGE][PASSED] - Switched to window with index: '1'

2022-03-18 17:57:10 - [TEST_STEP][PASSED] - navigateToUrl("https://www.mailinator.com/"): Navigate to 'https://www.mailinator.com/' successfully

2022-03-18 17:57:13 - [MESSAGE][PASSED] - Navigate to 'https://www.mailinator.com/' successfully

2022-03-18 17:57:13 - [TEST_STEP][PASSED] - delay(3): Delayed 3 second(s)

2022-03-18 17:57:16 - [MESSAGE][PASSED] - Delayed 3 second(s)

2022-03-18 17:57:16 - [TEST_STEP][PASSED] - setText(findTestObject("00-Signup and Activation/zMailinator/input_LOGIN_search"), "testuser02@mailinator.com"): Text 'testuser02@mailinator.com' is set on object 'Object Repository/00-Signup and Activation/zMailinator/input_LOGIN_search'

2022-03-18 17:57:17 - [MESSAGE][PASSED] - Text 'testuser02@mailinator.com' is set on object 'Object Repository/00-Signup and Activation/zMailinator/input_LOGIN_search'

2022-03-18 17:57:17 - [TEST_STEP][PASSED] - click(findTestObject("00-Signup and Activation/zMailinator/gobutton"), STOP_ON_FAILURE): Object: 'Object Repository/00-Signup and Activation/zMailinator/gobutton' is clicked on

2022-03-18 17:57:18 - [MESSAGE][PASSED] - Object: 'Object Repository/00-Signup and Activation/zMailinator/gobutton' is clicked on

2022-03-18 17:57:18 - [TEST_STEP][PASSED] - delay(3): Delayed 3 second(s)

2022-03-18 17:57:21 - [MESSAGE][PASSED] - Delayed 3 second(s)

2022-03-18 17:57:21 - [TEST_STEP][PASSED] - click(findTestObject("00-Signup and Activation/zMailinator/Email - everleagues")): Object: 'Object Repository/00-Signup and Activation/zMailinator/Email - everleagues' is clicked on

2022-03-18 17:57:21 - [MESSAGE][PASSED] - Object: 'Object Repository/00-Signup and Activation/zMailinator/Email - everleagues' is clicked on

2022-03-18 17:57:21 - [TEST_STEP][PASSED] - delay(3): Delayed 3 second(s)

2022-03-18 17:57:24 - [MESSAGE][PASSED] - Delayed 3 second(s)

2022-03-18 17:57:24 - [TEST_STEP][PASSED] - code = getText(findTestObject("Object Repository/06-Teams/For 2FA/2FA code")): Text of object 'Object Repository/06-Teams/For 2FA/2FA code' is: '156937'

2022-03-18 17:57:25 - [MESSAGE][PASSED] - Text of object 'Object Repository/06-Teams/For 2FA/2FA code' is: '156937'

2022-03-18 17:57:25 - [TEST_STEP][PASSED] - delay(3): Delayed 3 second(s)

2022-03-18 17:57:28 - [MESSAGE][PASSED] - Delayed 3 second(s)

2022-03-18 17:57:28 - [TEST_STEP][PASSED] - closeWindowTitle("Mailinator"): Window with title: 'Mailinator' is closed

2022-03-18 17:57:28 - [MESSAGE][PASSED] - Window with title: 'Mailinator' is closed

2022-03-18 17:57:28 - [TEST_STEP][PASSED] - delay(3): Delayed 3 second(s)

2022-03-18 17:57:31 - [MESSAGE][PASSED] - Delayed 3 second(s)

2022-03-18 17:57:31 - [TEST_STEP][PASSED] - switchToWindowIndex(0): Switched to window with index: '0'

2022-03-18 17:57:31 - [MESSAGE][PASSED] - Switched to window with index: '0'

2022-03-18 17:57:31 - [TEST_STEP][PASSED] - delay(3): Delayed 3 second(s)

2022-03-18 17:57:34 - [MESSAGE][PASSED] - Delayed 3 second(s)

2022-03-18 17:57:34 - [TEST_STEP][PASSED] - setText(findTestObject("Object Repository/06-Teams/For 2FA/input_Enter verification code_code"), code): Text '156937' is set on object 'Object Repository/06-Teams/For 2FA/input_Enter verification code_code'

2022-03-18 17:57:35 - [MESSAGE][PASSED] - Text '156937' is set on object 'Object Repository/06-Teams/For 2FA/input_Enter verification code_code'

2022-03-18 17:57:35 - [TEST_STEP][PASSED] - delay(3): Delayed 3 second(s)

2022-03-18 17:57:38 - [MESSAGE][PASSED] - Delayed 3 second(s)

2022-03-18 17:57:38 - [TEST_STEP][PASSED] - click(findTestObject("06-Teams/For 2FA/button_Verify_2FA")): Object: 'Object Repository/06-Teams/For 2FA/button_Verify_2FA' is clicked on

2022-03-18 17:57:38 - [MESSAGE][PASSED] - Object: 'Object Repository/06-Teams/For 2FA/button_Verify_2FA' is clicked on

2022-03-18 17:57:38 - [TEST_STEP][PASSED] - delay(5): Delayed 5 second(s)

2022-03-18 17:57:43 - [MESSAGE][PASSED] - Delayed 5 second(s)

2022-03-18 17:57:43 - [TEST_STEP][PASSED] - click(findTestObject("06-Teams/button_doublearrow")): Object: 'Object Repository/06-Teams/button_doublearrow' is clicked on

2022-03-18 17:57:44 - [MESSAGE][PASSED] - Object: 'Object Repository/06-Teams/button_doublearrow' is clicked on

2022-03-18 17:57:44 - [TEST_STEP][PASSED] - click(findTestObject("06-Teams/button_My Organizations")): Object: 'Object Repository/06-Teams/button_My Organizations' is clicked on

2022-03-18 17:57:44 - [MESSAGE][PASSED] - Object: 'Object Repository/06-Teams/button_My Organizations' is clicked on

2022-03-18 17:57:44 - [TEST_STEP][PASSED] - click(findTestObject("06-Teams/button_GG Automation")): Object: 'Object Repository/06-Teams/button_GG Automation' is clicked on

2022-03-18 17:57:45 - [MESSAGE][PASSED] - Object: 'Object Repository/06-Teams/button_GG Automation' is clicked on

2022-03-18 17:57:45 - [TEST_STEP][PASSED] - delay(4): Delayed 4 second(s)

2022-03-18 17:57:49 - [MESSAGE][PASSED] - Delayed 4 second(s)

2022-03-18 17:57:49 - [TEST_STEP][PASSED] - verifyElementVisible(findTestObject("06-Teams/span_GG Automation")): Object 'Object Repository/06-Teams/span_GG Automation' is visible

2022-03-18 17:57:50 - [MESSAGE][PASSED] - Object 'Object Repository/06-Teams/span_GG Automation' is visible

2022-03-18 17:57:50 - [TEST_STEP][PASSED] - delay(2): Delayed 2 second(s)

2022-03-18 17:57:52 - [MESSAGE][PASSED] - Delayed 2 second(s)

2022-03-18 17:57:52 - [TEST_STEP][PASSED] - click(findTestObject("03-Header Menu/Hamburger Button/div_Teams")): Object: 'Object Repository/03-Header Menu/Hamburger Button/div_Teams' is clicked on

2022-03-18 17:57:52 - [MESSAGE][PASSED] - Object: 'Object Repository/03-Header Menu/Hamburger Button/div_Teams' is clicked on

2022-03-18 17:57:52 - [TEST_STEP][PASSED] - delay(2): Delayed 2 second(s)

2022-03-18 17:57:54 - [MESSAGE][PASSED] - Delayed 2 second(s)

2022-03-18 17:57:54 - [TEST_STEP][PASSED] - verifyElementVisible(findTestObject("06-Teams/h4_TEAMS")): Object 'Object Repository/06-Teams/h4_TEAMS' is visible

2022-03-18 17:57:55 - [MESSAGE][PASSED] - Object 'Object Repository/06-Teams/h4_TEAMS' is visible

2022-03-18 17:57:55 - [TEST_STEP][PASSED] - delay(3): Delayed 3 second(s)

2022-03-18 17:57:58 - [MESSAGE][PASSED] - Delayed 3 second(s)

2022-03-18 17:57:58 - [TEST_STEP][PASSED] - click(findTestObject("06-Teams/Add Team")): Object: 'Object Repository/06-Teams/Add Team' is clicked on

2022-03-18 17:57:58 - [MESSAGE][PASSED] - Object: 'Object Repository/06-Teams/Add Team' is clicked on

2022-03-18 17:57:58 - [TEST_STEP][PASSED] - delay(3): Delayed 3 second(s)

2022-03-18 17:58:01 - [MESSAGE][PASSED] - Delayed 3 second(s)

2022-03-18 17:58:01 - [TEST_STEP][PASSED] - verifyElementVisible(findTestObject("06-Teams/button_Public")): Object 'Object Repository/06-Teams/button_Public' is visible

2022-03-18 17:58:01 - [MESSAGE][PASSED] - Object 'Object Repository/06-Teams/button_Public' is visible

2022-03-18 17:58:01 - [TEST_STEP][PASSED] - verifyElementVisible(findTestObject("06-Teams/button_Private")): Object 'Object Repository/06-Teams/button_Private' is visible

2022-03-18 17:58:02 - [MESSAGE][PASSED] - Object 'Object Repository/06-Teams/button_Private' is visible

2022-03-18 17:58:02 - [TEST_STEP][PASSED] - delay(3): Delayed 3 second(s)

2022-03-18 17:58:05 - [MESSAGE][PASSED] - Delayed 3 second(s)

2022-03-18 17:58:05 - [TEST_STEP][PASSED] - click(findTestObject("06-Teams/button_Private")): Object: 'Object Repository/06-Teams/button_Private' is clicked on

2022-03-18 17:58:05 - [MESSAGE][PASSED] - Object: 'Object Repository/06-Teams/button_Private' is clicked on

2022-03-18 17:58:05 - [TEST_STEP][PASSED] - delay(3): Delayed 3 second(s)

2022-03-18 17:58:08 - [MESSAGE][PASSED] - Delayed 3 second(s)

2022-03-18 17:58:08 - [TEST_STEP][PASSED] - verifyElementVisible(findTestObject("06-Teams/02-Add Team-Private/Add team- Private")): Object 'Object Repository/06-Teams/02-Add Team-Private/Add team- Private' is visible

2022-03-18 17:58:09 - [MESSAGE][PASSED] - Object 'Object Repository/06-Teams/02-Add Team-Private/Add team- Private' is visible

2022-03-18 17:58:09 - [TEST_STEP][PASSED] - verifyElementVisible(findTestObject("06-Teams/02-Add Team-Private/div_Settings")): Object 'Object Repository/06-Teams/02-Add Team-Private/div_Settings' is visible

2022-03-18 17:58:09 - [MESSAGE][PASSED] - Object 'Object Repository/06-Teams/02-Add Team-Private/div_Settings' is visible

2022-03-18 17:58:09 - [TEST_STEP][PASSED] - verifyElementVisible(findTestObject("06-Teams/02-Add Team-Private/div_Members")): Object 'Object Repository/06-Teams/02-Add Team-Private/div_Members' is visible

2022-03-18 17:58:10 - [MESSAGE][PASSED] - Object 'Object Repository/06-Teams/02-Add Team-Private/div_Members' is visible

2022-03-18 17:58:10 - [TEST_STEP][PASSED] - verifyElementNotClickable(findTestObject("06-Teams/01-Add Team-Public/button_Create")): Object 'Object Repository/06-Teams/01-Add Team-Public/button_Create' is NOT clickable

2022-03-18 17:58:11 - [MESSAGE][PASSED] - Object 'Object Repository/06-Teams/01-Add Team-Public/button_Create' is NOT clickable

2022-03-18 17:58:11 - [TEST_STEP][PASSED] - delay(3): Delayed 3 second(s)

2022-03-18 17:58:14 - [MESSAGE][PASSED] - Delayed 3 second(s)

2022-03-18 17:58:14 - [TEST_STEP][PASSED] - click(findTestObject("06-Teams/01-Add Team-Public/input_teamName")): Object: 'Object Repository/06-Teams/01-Add Team-Public/input_teamName' is clicked on

2022-03-18 17:58:14 - [MESSAGE][PASSED] - Object: 'Object Repository/06-Teams/01-Add Team-Public/input_teamName' is clicked on

2022-03-18 17:58:14 - [TEST_STEP][PASSED] - click(findTestObject("06-Teams/01-Add Team-Public/Org unit")): Object: 'Object Repository/06-Teams/01-Add Team-Public/Org unit' is clicked on

2022-03-18 17:58:15 - [MESSAGE][PASSED] - Object: 'Object Repository/06-Teams/01-Add Team-Public/Org unit' is clicked on

2022-03-18 17:58:15 - [TEST_STEP][PASSED] - verifyElementVisible(findTestObject("06-Teams/01-Add Team-Public/h4_Select an organization unit")): Object 'Object Repository/06-Teams/01-Add Team-Public/h4_Select an organization unit' is visible

2022-03-18 17:58:15 - [MESSAGE][PASSED] - Object 'Object Repository/06-Teams/01-Add Team-Public/h4_Select an organization unit' is visible

2022-03-18 17:58:15 - [TEST_STEP][PASSED] - delay(3): Delayed 3 second(s)

2022-03-18 17:58:18 - [MESSAGE][PASSED] - Delayed 3 second(s)

2022-03-18 17:58:18 - [TEST_STEP][PASSED] - click(findTestObject("06-Teams/01-Add Team-Public/div_GG Automation")): Object: 'Object Repository/06-Teams/01-Add Team-Public/div_GG Automation' is clicked on

2022-03-18 17:58:18 - [MESSAGE][PASSED] - Object: 'Object Repository/06-Teams/01-Add Team-Public/div_GG Automation' is clicked on

2022-03-18 17:58:18 - [TEST_STEP][PASSED] - click(findTestObject("06-Teams/01-Add Team-Public/button_Select")): Object: 'Object Repository/06-Teams/01-Add Team-Public/button_Select' is clicked on

2022-03-18 17:58:19 - [MESSAGE][PASSED] - Object: 'Object Repository/06-Teams/01-Add Team-Public/button_Select' is clicked on

2022-03-18 17:58:19 - [TEST_STEP][PASSED] - verifyElementVisible(findTestObject("06-Teams/01-Add Team-Public/Error Team name")): Object 'Object Repository/06-Teams/01-Add Team-Public/Error Team name' is visible

2022-03-18 17:58:20 - [MESSAGE][PASSED] - Object 'Object Repository/06-Teams/01-Add Team-Public/Error Team name' is visible

2022-03-18 17:58:20 - [TEST_STEP][PASSED] - delay(3): Delayed 3 second(s)

2022-03-18 17:58:23 - [MESSAGE][PASSED] - Delayed 3 second(s)

2022-03-18 17:58:23 - [TEST_STEP][PASSED] - setText(findTestObject("06-Teams/01-Add Team-Public/input_teamName"), "Auto Team Private"): Text 'Auto Team Private' is set on object 'Object Repository/06-Teams/01-Add Team-Public/input_teamName'

2022-03-18 17:58:24 - [MESSAGE][PASSED] - Text 'Auto Team Private' is set on object 'Object Repository/06-Teams/01-Add Team-Public/input_teamName'

2022-03-18 17:58:24 - [TEST_STEP][PASSED] - delay(3): Delayed 3 second(s)

2022-03-18 17:58:27 - [MESSAGE][PASSED] - Delayed 3 second(s)

2022-03-18 17:58:27 - [TEST_STEP][PASSED] - click(findTestObject("06-Teams/02-Add Team-Private/div_Members")): Object: 'Object Repository/06-Teams/02-Add Team-Private/div_Members' is clicked on

2022-03-18 17:58:27 - [MESSAGE][PASSED] - Object: 'Object Repository/06-Teams/02-Add Team-Private/div_Members' is clicked on

2022-03-18 17:58:27 - [TEST_STEP][FAILED] - verifyElementVisible(findTestObject("06-Teams/02-Add Team-Private/Members dialog box")): Unable to verify object 'Object Repository/06-Teams/02-Add Team-Private/Members dialog box' is visible (Root cause: com.kms.katalon.core.exception.StepFailedException: Unable to verify object 'Object Repository/06-Teams/02-Add Team-Private/Members dialog box' is visible
	at com.kms.katalon.core.webui.keyword.internal.WebUIKeywordMain.stepFailed(WebUIKeywordMain.groovy:64)
	at com.kms.katalon.core.webui.keyword.internal.WebUIKeywordMain.runKeyword(WebUIKeywordMain.groovy:26)
	at com.kms.katalon.core.webui.keyword.builtin.VerifyElementVisibleKeyword.verifyElementVisible(VerifyElementVisibleKeyword.groovy:97)
	at com.kms.katalon.core.webui.keyword.builtin.VerifyElementVisibleKeyword.execute(VerifyElementVisibleKeyword.groovy:67)
	at com.kms.katalon.core.keyword.internal.KeywordExecutor.executeKeywordForPlatform(KeywordExecutor.groovy:74)
	at com.kms.katalon.core.webui.keyword.WebUiBuiltInKeywords.verifyElementVisible(WebUiBuiltInKeywords.groovy:376)
	at com.kms.katalon.core.webui.keyword.WebUiBuiltInKeywords$verifyElementVisible$11.call(Unknown Source)
	at 02-Add Team-Private.run(02-Add Team-Private:144)
	at com.kms.katalon.core.main.ScriptEngine.run(ScriptEngine.java:194)
	at com.kms.katalon.core.main.ScriptEngine.runScriptAsRawText(ScriptEngine.java:119)
	at com.kms.katalon.core.main.TestCaseExecutor.runScript(TestCaseExecutor.java:442)
	at com.kms.katalon.core.main.TestCaseExecutor.doExecute(TestCaseExecutor.java:433)
	at com.kms.katalon.core.main.TestCaseExecutor.processExecutionPhase(TestCaseExecutor.java:412)
	at com.kms.katalon.core.main.TestCaseExecutor.accessMainPhase(TestCaseExecutor.java:404)
	at com.kms.katalon.core.main.TestCaseExecutor.execute(TestCaseExecutor.java:281)
	at com.kms.katalon.core.main.TestSuiteExecutor.accessTestCaseMainPhase(TestSuiteExecutor.java:202)
	at com.kms.katalon.core.main.TestSuiteExecutor.accessTestSuiteMainPhase(TestSuiteExecutor.java:164)
	at com.kms.katalon.core.main.TestSuiteExecutor.execute(TestSuiteExecutor.java:105)
	at com.kms.katalon.core.main.TestCaseMain.startTestSuite(TestCaseMain.java:185)
	at com.kms.katalon.core.main.TestCaseMain$startTestSuite$0.call(Unknown Source)
	at TempTestSuite1647597271579.run(TempTestSuite1647597271579.groovy:36)
Caused by: com.kms.katalon.core.exception.StepFailedException: Web element with id: 'Object Repository/06-Teams/02-Add Team-Private/Members dialog box' located by '//mat-dialog-container[(text() = 'Add TeamSettingsMembersEnter name/group to invite here INVITE searchFind existing member of this teamcancel Name  arrow_upward  Org Role  arrow_upward  Member Type  arrow_upward   GTGG TESTER Owner Owner Row per page: 1-1 of 1skip_previousnavigate_beforenavigate_nextskip_nextCreateCancel' or . = 'Add TeamSettingsMembersEnter name/group to invite here INVITE searchFind existing member of this teamcancel Name  arrow_upward  Org Role  arrow_upward  Member Type  arrow_upward   GTGG TESTER Owner Owner Row per page: 1-1 of 1skip_previousnavigate_beforenavigate_nextskip_nextCreateCancel')]' not found
	at com.kms.katalon.core.webui.keyword.internal.WebUIKeywordMain.stepFailed(WebUIKeywordMain.groovy:64)
	at com.kms.katalon.core.webui.keyword.builtin.VerifyElementVisibleKeyword$_verifyElementVisible_closure1.doCall(VerifyElementVisibleKeyword.groovy:89)
	at com.kms.katalon.core.webui.keyword.builtin.VerifyElementVisibleKeyword$_verifyElementVisible_closure1.call(VerifyElementVisibleKeyword.groovy)
	at com.kms.katalon.core.webui.keyword.internal.WebUIKeywordMain.runKeyword(WebUIKeywordMain.groovy:20)
	... 19 more
)

2022-03-18 17:58:58 - [MESSAGE][INFO] - Unable to find the element located by 'By.xpath: //mat-dialog-container[(text() = 'Add TeamSettingsMembersEnter name/group to invite here INVITE searchFind existing member of this teamcancel Name  arrow_upward  Org Role  arrow_upward  Member Type  arrow_upward   GTGG TESTER Owner Owner Row per page: 1-1 of 1skip_previousnavigate_beforenavigate_nextskip_nextCreateCancel' or . = 'Add TeamSettingsMembersEnter name/group to invite here INVITE searchFind existing member of this teamcancel Name  arrow_upward  Org Role  arrow_upward  Member Type  arrow_upward   GTGG TESTER Owner Owner Row per page: 1-1 of 1skip_previousnavigate_beforenavigate_nextskip_nextCreateCancel')]'. Please recheck the objects properties to make sure the desired element is located. 

2022-03-18 17:58:59 - [MESSAGE][FAILED] - Web element with id: 'Object Repository/06-Teams/02-Add Team-Private/Members dialog box' located by '//mat-dialog-container[(text() = 'Add TeamSettingsMembersEnter name/group to invite here INVITE searchFind existing member of this teamcancel Name  arrow_upward  Org Role  arrow_upward  Member Type  arrow_upward   GTGG TESTER Owner Owner Row per page: 1-1 of 1skip_previousnavigate_beforenavigate_nextskip_nextCreateCancel' or . = 'Add TeamSettingsMembersEnter name/group to invite here INVITE searchFind existing member of this teamcancel Name  arrow_upward  Org Role  arrow_upward  Member Type  arrow_upward   GTGG TESTER Owner Owner Row per page: 1-1 of 1skip_previousnavigate_beforenavigate_nextskip_nextCreateCancel')]' not found (Root cause: com.kms.katalon.core.exception.StepFailedException: Web element with id: 'Object Repository/06-Teams/02-Add Team-Private/Members dialog box' located by '//mat-dialog-container[(text() = 'Add TeamSettingsMembersEnter name/group to invite here INVITE searchFind existing member of this teamcancel Name  arrow_upward  Org Role  arrow_upward  Member Type  arrow_upward   GTGG TESTER Owner Owner Row per page: 1-1 of 1skip_previousnavigate_beforenavigate_nextskip_nextCreateCancel' or . = 'Add TeamSettingsMembersEnter name/group to invite here INVITE searchFind existing member of this teamcancel Name  arrow_upward  Org Role  arrow_upward  Member Type  arrow_upward   GTGG TESTER Owner Owner Row per page: 1-1 of 1skip_previousnavigate_beforenavigate_nextskip_nextCreateCancel')]' not found
	at com.kms.katalon.core.webui.keyword.internal.WebUIKeywordMain.stepFailed(WebUIKeywordMain.groovy:64)
	at com.kms.katalon.core.webui.keyword.builtin.VerifyElementVisibleKeyword$_verifyElementVisible_closure1.doCall(VerifyElementVisibleKeyword.groovy:89)
	at com.kms.katalon.core.webui.keyword.builtin.VerifyElementVisibleKeyword$_verifyElementVisible_closure1.call(VerifyElementVisibleKeyword.groovy)
	at com.kms.katalon.core.webui.keyword.internal.WebUIKeywordMain.runKeyword(WebUIKeywordMain.groovy:20)
	at com.kms.katalon.core.webui.keyword.builtin.VerifyElementVisibleKeyword.verifyElementVisible(VerifyElementVisibleKeyword.groovy:97)
	at com.kms.katalon.core.webui.keyword.builtin.VerifyElementVisibleKeyword.execute(VerifyElementVisibleKeyword.groovy:67)
	at com.kms.katalon.core.keyword.internal.KeywordExecutor.executeKeywordForPlatform(KeywordExecutor.groovy:74)
	at com.kms.katalon.core.webui.keyword.WebUiBuiltInKeywords.verifyElementVisible(WebUiBuiltInKeywords.groovy:376)
	at com.kms.katalon.core.webui.keyword.WebUiBuiltInKeywords$verifyElementVisible$11.call(Unknown Source)
	at 02-Add Team-Private.run(02-Add Team-Private:144)
	at com.kms.katalon.core.main.ScriptEngine.run(ScriptEngine.java:194)
	at com.kms.katalon.core.main.ScriptEngine.runScriptAsRawText(ScriptEngine.java:119)
	at com.kms.katalon.core.main.TestCaseExecutor.runScript(TestCaseExecutor.java:442)
	at com.kms.katalon.core.main.TestCaseExecutor.doExecute(TestCaseExecutor.java:433)
	at com.kms.katalon.core.main.TestCaseExecutor.processExecutionPhase(TestCaseExecutor.java:412)
	at com.kms.katalon.core.main.TestCaseExecutor.accessMainPhase(TestCaseExecutor.java:404)
	at com.kms.katalon.core.main.TestCaseExecutor.execute(TestCaseExecutor.java:281)
	at com.kms.katalon.core.main.TestSuiteExecutor.accessTestCaseMainPhase(TestSuiteExecutor.java:202)
	at com.kms.katalon.core.main.TestSuiteExecutor.accessTestSuiteMainPhase(TestSuiteExecutor.java:164)
	at com.kms.katalon.core.main.TestSuiteExecutor.execute(TestSuiteExecutor.java:105)
	at com.kms.katalon.core.main.TestCaseMain.startTestSuite(TestCaseMain.java:185)
	at com.kms.katalon.core.main.TestCaseMain$startTestSuite$0.call(Unknown Source)
	at TempTestSuite1647597271579.run(TempTestSuite1647597271579.groovy:36)
)
[[ATTACHMENT|C:\\Users\\User\\Katalon Studio\\EverleaguesMain\\Reports\\20220318_175430\\TS-Organization\\06-Teams\\20220318_175431\\1647597538824.png]]

2022-03-18 17:58:59 - [MESSAGE][FAILED] - Unable to verify object 'Object Repository/06-Teams/02-Add Team-Private/Members dialog box' is visible (Root cause: com.kms.katalon.core.exception.StepFailedException: Unable to verify object 'Object Repository/06-Teams/02-Add Team-Private/Members dialog box' is visible
	at com.kms.katalon.core.webui.keyword.internal.WebUIKeywordMain.stepFailed(WebUIKeywordMain.groovy:64)
	at com.kms.katalon.core.webui.keyword.internal.WebUIKeywordMain.runKeyword(WebUIKeywordMain.groovy:26)
	at com.kms.katalon.core.webui.keyword.builtin.VerifyElementVisibleKeyword.verifyElementVisible(VerifyElementVisibleKeyword.groovy:97)
	at com.kms.katalon.core.webui.keyword.builtin.VerifyElementVisibleKeyword.execute(VerifyElementVisibleKeyword.groovy:67)
	at com.kms.katalon.core.keyword.internal.KeywordExecutor.executeKeywordForPlatform(KeywordExecutor.groovy:74)
	at com.kms.katalon.core.webui.keyword.WebUiBuiltInKeywords.verifyElementVisible(WebUiBuiltInKeywords.groovy:376)
	at com.kms.katalon.core.webui.keyword.WebUiBuiltInKeywords$verifyElementVisible$11.call(Unknown Source)
	at 02-Add Team-Private.run(02-Add Team-Private:144)
	at com.kms.katalon.core.main.ScriptEngine.run(ScriptEngine.java:194)
	at com.kms.katalon.core.main.ScriptEngine.runScriptAsRawText(ScriptEngine.java:119)
	at com.kms.katalon.core.main.TestCaseExecutor.runScript(TestCaseExecutor.java:442)
	at com.kms.katalon.core.main.TestCaseExecutor.doExecute(TestCaseExecutor.java:433)
	at com.kms.katalon.core.main.TestCaseExecutor.processExecutionPhase(TestCaseExecutor.java:412)
	at com.kms.katalon.core.main.TestCaseExecutor.accessMainPhase(TestCaseExecutor.java:404)
	at com.kms.katalon.core.main.TestCaseExecutor.execute(TestCaseExecutor.java:281)
	at com.kms.katalon.core.main.TestSuiteExecutor.accessTestCaseMainPhase(TestSuiteExecutor.java:202)
	at com.kms.katalon.core.main.TestSuiteExecutor.accessTestSuiteMainPhase(TestSuiteExecutor.java:164)
	at com.kms.katalon.core.main.TestSuiteExecutor.execute(TestSuiteExecutor.java:105)
	at com.kms.katalon.core.main.TestCaseMain.startTestSuite(TestCaseMain.java:185)
	at com.kms.katalon.core.main.TestCaseMain$startTestSuite$0.call(Unknown Source)
	at TempTestSuite1647597271579.run(TempTestSuite1647597271579.groovy:36)
Caused by: com.kms.katalon.core.exception.StepFailedException: Web element with id: 'Object Repository/06-Teams/02-Add Team-Private/Members dialog box' located by '//mat-dialog-container[(text() = 'Add TeamSettingsMembersEnter name/group to invite here INVITE searchFind existing member of this teamcancel Name  arrow_upward  Org Role  arrow_upward  Member Type  arrow_upward   GTGG TESTER Owner Owner Row per page: 1-1 of 1skip_previousnavigate_beforenavigate_nextskip_nextCreateCancel' or . = 'Add TeamSettingsMembersEnter name/group to invite here INVITE searchFind existing member of this teamcancel Name  arrow_upward  Org Role  arrow_upward  Member Type  arrow_upward   GTGG TESTER Owner Owner Row per page: 1-1 of 1skip_previousnavigate_beforenavigate_nextskip_nextCreateCancel')]' not found
	at com.kms.katalon.core.webui.keyword.internal.WebUIKeywordMain.stepFailed(WebUIKeywordMain.groovy:64)
	at com.kms.katalon.core.webui.keyword.builtin.VerifyElementVisibleKeyword$_verifyElementVisible_closure1.doCall(VerifyElementVisibleKeyword.groovy:89)
	at com.kms.katalon.core.webui.keyword.builtin.VerifyElementVisibleKeyword$_verifyElementVisible_closure1.call(VerifyElementVisibleKeyword.groovy)
	at com.kms.katalon.core.webui.keyword.internal.WebUIKeywordMain.runKeyword(WebUIKeywordMain.groovy:20)
	... 19 more
)
[[ATTACHMENT|C:\\Users\\User\\Katalon Studio\\EverleaguesMain\\Reports\\20220318_175430\\TS-Organization\\06-Teams\\20220318_175431\\1647597539020.png]]]]></system-out>
         <system-err><![CDATA[2022-03-18 17:56:35 - [TEST_CASE][FAILED] - Test Cases/06-Teams/02-Add Team-Private: Test Cases/06-Teams/02-Add Team-Private FAILED.
Reason:
com.kms.katalon.core.exception.StepFailedException: Unable to verify object 'Object Repository/06-Teams/02-Add Team-Private/Members dialog box' is visible
	at com.kms.katalon.core.webui.keyword.internal.WebUIKeywordMain.stepFailed(WebUIKeywordMain.groovy:64)
	at com.kms.katalon.core.webui.keyword.internal.WebUIKeywordMain.runKeyword(WebUIKeywordMain.groovy:26)
	at com.kms.katalon.core.webui.keyword.builtin.VerifyElementVisibleKeyword.verifyElementVisible(VerifyElementVisibleKeyword.groovy:97)
	at com.kms.katalon.core.webui.keyword.builtin.VerifyElementVisibleKeyword.execute(VerifyElementVisibleKeyword.groovy:67)
	at com.kms.katalon.core.keyword.internal.KeywordExecutor.executeKeywordForPlatform(KeywordExecutor.groovy:74)
	at com.kms.katalon.core.webui.keyword.WebUiBuiltInKeywords.verifyElementVisible(WebUiBuiltInKeywords.groovy:376)
	at com.kms.katalon.core.webui.keyword.WebUiBuiltInKeywords$verifyElementVisible$11.call(Unknown Source)
	at 02-Add Team-Private.run(02-Add Team-Private:144)
	at com.kms.katalon.core.main.ScriptEngine.run(ScriptEngine.java:194)
	at com.kms.katalon.core.main.ScriptEngine.runScriptAsRawText(ScriptEngine.java:119)
	at com.kms.katalon.core.main.TestCaseExecutor.runScript(TestCaseExecutor.java:442)
	at com.kms.katalon.core.main.TestCaseExecutor.doExecute(TestCaseExecutor.java:433)
	at com.kms.katalon.core.main.TestCaseExecutor.processExecutionPhase(TestCaseExecutor.java:412)
	at com.kms.katalon.core.main.TestCaseExecutor.accessMainPhase(TestCaseExecutor.java:404)
	at com.kms.katalon.core.main.TestCaseExecutor.execute(TestCaseExecutor.java:281)
	at com.kms.katalon.core.main.TestSuiteExecutor.accessTestCaseMainPhase(TestSuiteExecutor.java:202)
	at com.kms.katalon.core.main.TestSuiteExecutor.accessTestSuiteMainPhase(TestSuiteExecutor.java:164)
	at com.kms.katalon.core.main.TestSuiteExecutor.execute(TestSuiteExecutor.java:105)
	at com.kms.katalon.core.main.TestCaseMain.startTestSuite(TestCaseMain.java:185)
	at com.kms.katalon.core.main.TestCaseMain$startTestSuite$0.call(Unknown Source)
	at TempTestSuite1647597271579.run(TempTestSuite1647597271579.groovy:36)
Caused by: com.kms.katalon.core.exception.StepFailedException: Web element with id: 'Object Repository/06-Teams/02-Add Team-Private/Members dialog box' located by '//mat-dialog-container[(text() = 'Add TeamSettingsMembersEnter name/group to invite here INVITE searchFind existing member of this teamcancel Name  arrow_upward  Org Role  arrow_upward  Member Type  arrow_upward   GTGG TESTER Owner Owner Row per page: 1-1 of 1skip_previousnavigate_beforenavigate_nextskip_nextCreateCancel' or . = 'Add TeamSettingsMembersEnter name/group to invite here INVITE searchFind existing member of this teamcancel Name  arrow_upward  Org Role  arrow_upward  Member Type  arrow_upward   GTGG TESTER Owner Owner Row per page: 1-1 of 1skip_previousnavigate_beforenavigate_nextskip_nextCreateCancel')]' not found
	at com.kms.katalon.core.webui.keyword.internal.WebUIKeywordMain.stepFailed(WebUIKeywordMain.groovy:64)
	at com.kms.katalon.core.webui.keyword.builtin.VerifyElementVisibleKeyword$_verifyElementVisible_closure1.doCall(VerifyElementVisibleKeyword.groovy:89)
	at com.kms.katalon.core.webui.keyword.builtin.VerifyElementVisibleKeyword$_verifyElementVisible_closure1.call(VerifyElementVisibleKeyword.groovy)
	at com.kms.katalon.core.webui.keyword.internal.WebUIKeywordMain.runKeyword(WebUIKeywordMain.groovy:20)
	... 19 more]]></system-err>
      </testcase>
      <system-out><![CDATA[2022-03-18 17:54:34 - [TEST_SUITE][FAILED] - 06-Teams: Test Cases/06-Teams/02-Add Team-Private FAILED.
Reason:
com.kms.katalon.core.exception.StepFailedException: Unable to verify object 'Object Repository/06-Teams/02-Add Team-Private/Members dialog box' is visible
	at com.kms.katalon.core.webui.keyword.internal.WebUIKeywordMain.stepFailed(WebUIKeywordMain.groovy:64)
	at com.kms.katalon.core.webui.keyword.internal.WebUIKeywordMain.runKeyword(WebUIKeywordMain.groovy:26)
	at com.kms.katalon.core.webui.keyword.builtin.VerifyElementVisibleKeyword.verifyElementVisible(VerifyElementVisibleKeyword.groovy:97)
	at com.kms.katalon.core.webui.keyword.builtin.VerifyElementVisibleKeyword.execute(VerifyElementVisibleKeyword.groovy:67)
	at com.kms.katalon.core.keyword.internal.KeywordExecutor.executeKeywordForPlatform(KeywordExecutor.groovy:74)
	at com.kms.katalon.core.webui.keyword.WebUiBuiltInKeywords.verifyElementVisible(WebUiBuiltInKeywords.groovy:376)
	at com.kms.katalon.core.webui.keyword.WebUiBuiltInKeywords$verifyElementVisible$11.call(Unknown Source)
	at 02-Add Team-Private.run(02-Add Team-Private:144)
	at com.kms.katalon.core.main.ScriptEngine.run(ScriptEngine.java:194)
	at com.kms.katalon.core.main.ScriptEngine.runScriptAsRawText(ScriptEngine.java:119)
	at com.kms.katalon.core.main.TestCaseExecutor.runScript(TestCaseExecutor.java:442)
	at com.kms.katalon.core.main.TestCaseExecutor.doExecute(TestCaseExecutor.java:433)
	at com.kms.katalon.core.main.TestCaseExecutor.processExecutionPhase(TestCaseExecutor.java:412)
	at com.kms.katalon.core.main.TestCaseExecutor.accessMainPhase(TestCaseExecutor.java:404)
	at com.kms.katalon.core.main.TestCaseExecutor.execute(TestCaseExecutor.java:281)
	at com.kms.katalon.core.main.TestSuiteExecutor.accessTestCaseMainPhase(TestSuiteExecutor.java:202)
	at com.kms.katalon.core.main.TestSuiteExecutor.accessTestSuiteMainPhase(TestSuiteExecutor.java:164)
	at com.kms.katalon.core.main.TestSuiteExecutor.execute(TestSuiteExecutor.java:105)
	at com.kms.katalon.core.main.TestCaseMain.startTestSuite(TestCaseMain.java:185)
	at com.kms.katalon.core.main.TestCaseMain$startTestSuite$0.call(Unknown Source)
	at TempTestSuite1647597271579.run(TempTestSuite1647597271579.groovy:36)
Caused by: com.kms.katalon.core.exception.StepFailedException: Web element with id: 'Object Repository/06-Teams/02-Add Team-Private/Members dialog box' located by '//mat-dialog-container[(text() = 'Add TeamSettingsMembersEnter name/group to invite here INVITE searchFind existing member of this teamcancel Name  arrow_upward  Org Role  arrow_upward  Member Type  arrow_upward   GTGG TESTER Owner Owner Row per page: 1-1 of 1skip_previousnavigate_beforenavigate_nextskip_nextCreateCancel' or . = 'Add TeamSettingsMembersEnter name/group to invite here INVITE searchFind existing member of this teamcancel Name  arrow_upward  Org Role  arrow_upward  Member Type  arrow_upward   GTGG TESTER Owner Owner Row per page: 1-1 of 1skip_previousnavigate_beforenavigate_nextskip_nextCreateCancel')]' not found
	at com.kms.katalon.core.webui.keyword.internal.WebUIKeywordMain.stepFailed(WebUIKeywordMain.groovy:64)
	at com.kms.katalon.core.webui.keyword.builtin.VerifyElementVisibleKeyword$_verifyElementVisible_closure1.doCall(VerifyElementVisibleKeyword.groovy:89)
	at com.kms.katalon.core.webui.keyword.builtin.VerifyElementVisibleKeyword$_verifyElementVisible_closure1.call(VerifyElementVisibleKeyword.groovy)
	at com.kms.katalon.core.webui.keyword.internal.WebUIKeywordMain.runKeyword(WebUIKeywordMain.groovy:20)
	... 19 more]]></system-out>
      <system-err><![CDATA[2022-03-18 17:54:34 - [TEST_SUITE][FAILED] - 06-Teams: Test Cases/06-Teams/02-Add Team-Private FAILED.
Reason:
com.kms.katalon.core.exception.StepFailedException: Unable to verify object 'Object Repository/06-Teams/02-Add Team-Private/Members dialog box' is visible
	at com.kms.katalon.core.webui.keyword.internal.WebUIKeywordMain.stepFailed(WebUIKeywordMain.groovy:64)
	at com.kms.katalon.core.webui.keyword.internal.WebUIKeywordMain.runKeyword(WebUIKeywordMain.groovy:26)
	at com.kms.katalon.core.webui.keyword.builtin.VerifyElementVisibleKeyword.verifyElementVisible(VerifyElementVisibleKeyword.groovy:97)
	at com.kms.katalon.core.webui.keyword.builtin.VerifyElementVisibleKeyword.execute(VerifyElementVisibleKeyword.groovy:67)
	at com.kms.katalon.core.keyword.internal.KeywordExecutor.executeKeywordForPlatform(KeywordExecutor.groovy:74)
	at com.kms.katalon.core.webui.keyword.WebUiBuiltInKeywords.verifyElementVisible(WebUiBuiltInKeywords.groovy:376)
	at com.kms.katalon.core.webui.keyword.WebUiBuiltInKeywords$verifyElementVisible$11.call(Unknown Source)
	at 02-Add Team-Private.run(02-Add Team-Private:144)
	at com.kms.katalon.core.main.ScriptEngine.run(ScriptEngine.java:194)
	at com.kms.katalon.core.main.ScriptEngine.runScriptAsRawText(ScriptEngine.java:119)
	at com.kms.katalon.core.main.TestCaseExecutor.runScript(TestCaseExecutor.java:442)
	at com.kms.katalon.core.main.TestCaseExecutor.doExecute(TestCaseExecutor.java:433)
	at com.kms.katalon.core.main.TestCaseExecutor.processExecutionPhase(TestCaseExecutor.java:412)
	at com.kms.katalon.core.main.TestCaseExecutor.accessMainPhase(TestCaseExecutor.java:404)
	at com.kms.katalon.core.main.TestCaseExecutor.execute(TestCaseExecutor.java:281)
	at com.kms.katalon.core.main.TestSuiteExecutor.accessTestCaseMainPhase(TestSuiteExecutor.java:202)
	at com.kms.katalon.core.main.TestSuiteExecutor.accessTestSuiteMainPhase(TestSuiteExecutor.java:164)
	at com.kms.katalon.core.main.TestSuiteExecutor.execute(TestSuiteExecutor.java:105)
	at com.kms.katalon.core.main.TestCaseMain.startTestSuite(TestCaseMain.java:185)
	at com.kms.katalon.core.main.TestCaseMain$startTestSuite$0.call(Unknown Source)
	at TempTestSuite1647597271579.run(TempTestSuite1647597271579.groovy:36)
Caused by: com.kms.katalon.core.exception.StepFailedException: Web element with id: 'Object Repository/06-Teams/02-Add Team-Private/Members dialog box' located by '//mat-dialog-container[(text() = 'Add TeamSettingsMembersEnter name/group to invite here INVITE searchFind existing member of this teamcancel Name  arrow_upward  Org Role  arrow_upward  Member Type  arrow_upward   GTGG TESTER Owner Owner Row per page: 1-1 of 1skip_previousnavigate_beforenavigate_nextskip_nextCreateCancel' or . = 'Add TeamSettingsMembersEnter name/group to invite here INVITE searchFind existing member of this teamcancel Name  arrow_upward  Org Role  arrow_upward  Member Type  arrow_upward   GTGG TESTER Owner Owner Row per page: 1-1 of 1skip_previousnavigate_beforenavigate_nextskip_nextCreateCancel')]' not found
	at com.kms.katalon.core.webui.keyword.internal.WebUIKeywordMain.stepFailed(WebUIKeywordMain.groovy:64)
	at com.kms.katalon.core.webui.keyword.builtin.VerifyElementVisibleKeyword$_verifyElementVisible_closure1.doCall(VerifyElementVisibleKeyword.groovy:89)
	at com.kms.katalon.core.webui.keyword.builtin.VerifyElementVisibleKeyword$_verifyElementVisible_closure1.call(VerifyElementVisibleKeyword.groovy)
	at com.kms.katalon.core.webui.keyword.internal.WebUIKeywordMain.runKeyword(WebUIKeywordMain.groovy:20)
	... 19 more]]></system-err>
   </testsuite>
</testsuites>
