<?xml version="1.0" encoding="UTF-8"?>
<testsuites name="06.1- Teams - Add" time="216.372" tests="2" failures="0" errors="0">
   <testsuite name="06.1- Teams - Add" tests="2" failures="0" errors="0" time="216.372" skipped="0" timestamp="2023-03-29 10:20:18" hostname="asus - DESKTOP-3L3J9C1" id="Test Suites/TS-Organization/06.1- Teams - Add">
      <properties>
         <property name="deviceName" value=""/>
         <property name="devicePlatform" value=""/>
         <property name="logFolder" value="C:\\Users\\asus\\Katalon Studio\\Everleagues\\Everleagues\\Reports\\20230329_102005\\TS-Organization\\06.1- Teams - Add\\20230329_102005"/>
         <property name="logFiles" value="C:\\Users\\asus\\Katalon Studio\\Everleagues\\Everleagues\\Reports\\20230329_102005\\TS-Organization\\06.1- Teams - Add\\20230329_102005\\execution0.log"/>
         <property name="attachments" value=""/>
         <property name="hostName" value="asus - DESKTOP-3L3J9C1"/>
         <property name="os" value="Windows 10 64bit"/>
         <property name="katalonVersion" value="8.4.1.208"/>
         <property name="browser" value="Chrome 111.0.0.0"/>
         <property name="hostAddress" value="10.100.1.180"/>
         <property name="sessionId" value="5310d7a140d105f98667aab817066b9b"/>
         <property name="seleniumVersion" value="3.141.59"/>
         <property name="proxyInformation" value="ProxyInformation { proxyOption=NO_PROXY, proxyServerType=HTTP, username=, password=********, proxyServerAddress=, proxyServerPort=0, executionList=&quot;&quot;, isApplyToDesiredCapabilities=true }"/>
         <property name="platform" value="Windows 10"/>
      </properties>
      <testcase name="Test Cases/06- Teams/01- Add Team- Public" time="160.615" classname="Test Cases/06- Teams/01- Add Team- Public" status="PASSED">
         <system-out><![CDATA[2023-03-29 10:20:20 - [TEST_CASE][PASSED] - Test Cases/06- Teams/01- Add Team- Public: Test Cases/06- Teams/01- Add Team- Public

2023-03-29 10:20:22 - [TEST_STEP][PASSED] - openBrowser(""): Browser is opened with url: ''

2023-03-29 10:20:23 - [MESSAGE][INFO] - Starting 'Chrome' driver

2023-03-29 10:20:23 - [MESSAGE][INFO] - Action delay is set to 0 milliseconds

2023-03-29 10:20:30 - [MESSAGE][PASSED] - Browser is opened with url: ''

2023-03-29 10:20:30 - [TEST_STEP][PASSED] - navigateToUrl("https://lab.everleagues.com/"): Navigate to 'https://lab.everleagues.com/' successfully

2023-03-29 10:20:55 - [MESSAGE][PASSED] - Navigate to 'https://lab.everleagues.com/' successfully

2023-03-29 10:20:55 - [TEST_STEP][PASSED] - maximizeWindow(): Current window maximized

2023-03-29 10:20:55 - [MESSAGE][PASSED] - Current window maximized

2023-03-29 10:20:55 - [TEST_STEP][PASSED] - callTestCase(findTestCase("01-Login and Forgot Password/04-Login(Valid Credentials-With Subscription)"), [:], STOP_ON_FAILURE): Call Test Case 'Test Cases/01-Login and Forgot Password/04-Login(Valid Credentials-With Subscription)' successfully

2023-03-29 10:20:55 - [TEST_CASE][PASSED] - Test Cases/01-Login and Forgot Password/04-Login(Valid Credentials-With Subscription): Test Cases/01-Login and Forgot Password/04-Login(Valid Credentials-With Subscription)

2023-03-29 10:20:57 - [TEST_STEP][PASSED] - setText(findTestObject("01-Login and Forgot Password/input_Email_email"), "testuser05@mailinator.com"): Text 'testuser05@mailinator.com' is set on object 'Object Repository/01-Login and Forgot Password/input_Email_email'

2023-03-29 10:21:00 - [MESSAGE][PASSED] - Text 'testuser05@mailinator.com' is set on object 'Object Repository/01-Login and Forgot Password/input_Email_email'

2023-03-29 10:21:00 - [TEST_STEP][PASSED] - setEncryptedText(findTestObject("01-Login and Forgot Password/input_Email_password"), "8yFRyszE6U6jvsCn51OQbg=="): Text ****** has been set on object 'Object Repository/01-Login and Forgot Password/input_Email_password'

2023-03-29 10:21:02 - [MESSAGE][PASSED] - Text ****** has been set on object 'Object Repository/01-Login and Forgot Password/input_Email_password'

2023-03-29 10:21:02 - [TEST_STEP][PASSED] - delay(2): Delayed 2 second(s)

2023-03-29 10:21:04 - [MESSAGE][PASSED] - Delayed 2 second(s)

2023-03-29 10:21:04 - [TEST_STEP][PASSED] - click(findTestObject("01-Login and Forgot Password/show pass button")): Object: 'Object Repository/01-Login and Forgot Password/show pass button' is clicked on

2023-03-29 10:21:05 - [MESSAGE][PASSED] - Object: 'Object Repository/01-Login and Forgot Password/show pass button' is clicked on

2023-03-29 10:21:05 - [TEST_STEP][PASSED] - delay(3): Delayed 3 second(s)

2023-03-29 10:21:08 - [MESSAGE][PASSED] - Delayed 3 second(s)

2023-03-29 10:21:08 - [TEST_STEP][PASSED] - click(findTestObject("01-Login and Forgot Password/button_Sign in")): Object: 'Object Repository/01-Login and Forgot Password/button_Sign in' is clicked on

2023-03-29 10:21:08 - [MESSAGE][PASSED] - Object: 'Object Repository/01-Login and Forgot Password/button_Sign in' is clicked on

2023-03-29 10:21:08 - [TEST_STEP][PASSED] - delay(3): Delayed 3 second(s)

2023-03-29 10:21:12 - [MESSAGE][PASSED] - Delayed 3 second(s)

2023-03-29 10:21:12 - [TEST_STEP][PASSED] - click(findTestObject("06-Teams/For 2FA/button_Confirm_2FA")): Object: 'Object Repository/06-Teams/For 2FA/button_Confirm_2FA' is clicked on

2023-03-29 10:21:12 - [MESSAGE][PASSED] - Object: 'Object Repository/06-Teams/For 2FA/button_Confirm_2FA' is clicked on

2023-03-29 10:21:12 - [TEST_STEP][PASSED] - executeJavaScript("window.open();", []): Execute JavaScript 'window.open();' successfully

2023-03-29 10:21:13 - [MESSAGE][PASSED] - Execute JavaScript 'window.open();' successfully

2023-03-29 10:21:13 - [TEST_STEP][PASSED] - currentWindow = getWindowIndex(): Current window's index is: 0

2023-03-29 10:21:13 - [MESSAGE][PASSED] - Current window's index is: 0

2023-03-29 10:21:13 - [TEST_STEP][PASSED] - delay(3): Delayed 3 second(s)

2023-03-29 10:21:16 - [MESSAGE][PASSED] - Delayed 3 second(s)

2023-03-29 10:21:16 - [TEST_STEP][PASSED] - switchToWindowIndex(currentWindow + 1): Switched to window with index: '1'

2023-03-29 10:21:16 - [MESSAGE][PASSED] - Switched to window with index: '1'

2023-03-29 10:21:16 - [TEST_STEP][PASSED] - navigateToUrl("https://www.mailinator.com/"): Navigate to 'https://www.mailinator.com/' successfully

2023-03-29 10:21:23 - [MESSAGE][PASSED] - Navigate to 'https://www.mailinator.com/' successfully

2023-03-29 10:21:23 - [TEST_STEP][PASSED] - delay(3): Delayed 3 second(s)

2023-03-29 10:21:26 - [MESSAGE][PASSED] - Delayed 3 second(s)

2023-03-29 10:21:26 - [TEST_STEP][PASSED] - setText(findTestObject("00-Signup and Activation/zMailinator/input_LOGIN_search"), "testuser05@mailinator.com"): Text 'testuser05@mailinator.com' is set on object 'Object Repository/00-Signup and Activation/zMailinator/input_LOGIN_search'

2023-03-29 10:21:28 - [MESSAGE][PASSED] - Text 'testuser05@mailinator.com' is set on object 'Object Repository/00-Signup and Activation/zMailinator/input_LOGIN_search'

2023-03-29 10:21:28 - [TEST_STEP][PASSED] - click(findTestObject("00-Signup and Activation/zMailinator/gobutton"), STOP_ON_FAILURE): Object: 'Object Repository/00-Signup and Activation/zMailinator/gobutton' is clicked on

2023-03-29 10:21:31 - [MESSAGE][PASSED] - Object: 'Object Repository/00-Signup and Activation/zMailinator/gobutton' is clicked on

2023-03-29 10:21:31 - [TEST_STEP][PASSED] - delay(3): Delayed 3 second(s)

2023-03-29 10:21:34 - [MESSAGE][PASSED] - Delayed 3 second(s)

2023-03-29 10:21:34 - [TEST_STEP][PASSED] - click(findTestObject("00-Signup and Activation/zMailinator/Email - everleagues")): Object: 'Object Repository/00-Signup and Activation/zMailinator/Email - everleagues' is clicked on

2023-03-29 10:21:35 - [MESSAGE][PASSED] - Object: 'Object Repository/00-Signup and Activation/zMailinator/Email - everleagues' is clicked on

2023-03-29 10:21:35 - [TEST_STEP][PASSED] - delay(3): Delayed 3 second(s)

2023-03-29 10:21:38 - [MESSAGE][PASSED] - Delayed 3 second(s)

2023-03-29 10:21:38 - [TEST_STEP][PASSED] - code = getText(findTestObject("Object Repository/06-Teams/For 2FA/2FA code")): Text of object 'Object Repository/06-Teams/For 2FA/2FA code' is: '578647'

2023-03-29 10:21:39 - [MESSAGE][PASSED] - Text of object 'Object Repository/06-Teams/For 2FA/2FA code' is: '578647'

2023-03-29 10:21:39 - [TEST_STEP][PASSED] - delay(3): Delayed 3 second(s)

2023-03-29 10:21:42 - [MESSAGE][PASSED] - Delayed 3 second(s)

2023-03-29 10:21:42 - [TEST_STEP][PASSED] - closeWindowTitle("Mailinator"): Window with title: 'Mailinator' is closed

2023-03-29 10:21:43 - [MESSAGE][PASSED] - Window with title: 'Mailinator' is closed

2023-03-29 10:21:43 - [TEST_STEP][PASSED] - delay(3): Delayed 3 second(s)

2023-03-29 10:21:46 - [MESSAGE][PASSED] - Delayed 3 second(s)

2023-03-29 10:21:46 - [TEST_STEP][PASSED] - switchToWindowIndex(0): Switched to window with index: '0'

2023-03-29 10:21:46 - [MESSAGE][PASSED] - Switched to window with index: '0'

2023-03-29 10:21:46 - [TEST_STEP][PASSED] - delay(3): Delayed 3 second(s)

2023-03-29 10:21:49 - [MESSAGE][PASSED] - Delayed 3 second(s)

2023-03-29 10:21:49 - [TEST_STEP][PASSED] - setText(findTestObject("Object Repository/06-Teams/For 2FA/input_Enter verification code_code"), code): Text '578647' is set on object 'Object Repository/06-Teams/For 2FA/input_Enter verification code_code'

2023-03-29 10:21:50 - [MESSAGE][PASSED] - Text '578647' is set on object 'Object Repository/06-Teams/For 2FA/input_Enter verification code_code'

2023-03-29 10:21:50 - [TEST_STEP][PASSED] - delay(3): Delayed 3 second(s)

2023-03-29 10:21:53 - [MESSAGE][PASSED] - Delayed 3 second(s)

2023-03-29 10:21:53 - [TEST_STEP][PASSED] - click(findTestObject("06-Teams/For 2FA/button_Verify_2FA")): Object: 'Object Repository/06-Teams/For 2FA/button_Verify_2FA' is clicked on

2023-03-29 10:21:54 - [MESSAGE][PASSED] - Object: 'Object Repository/06-Teams/For 2FA/button_Verify_2FA' is clicked on

2023-03-29 10:21:54 - [TEST_STEP][PASSED] - delay(3): Delayed 3 second(s)

2023-03-29 10:21:57 - [MESSAGE][PASSED] - Delayed 3 second(s)

2023-03-29 10:21:57 - [MESSAGE][PASSED] - Call Test Case 'Test Cases/01-Login and Forgot Password/04-Login(Valid Credentials-With Subscription)' successfully

2023-03-29 10:21:57 - [TEST_STEP][PASSED] - click(findTestObject("06-Teams/button_doublearrow")): Object: 'Object Repository/06-Teams/button_doublearrow' is clicked on

2023-03-29 10:22:02 - [MESSAGE][PASSED] - Object: 'Object Repository/06-Teams/button_doublearrow' is clicked on

2023-03-29 10:22:02 - [TEST_STEP][PASSED] - click(findTestObject("06-Teams/button_My Organizations")): Object: 'Object Repository/06-Teams/button_My Organizations' is clicked on

2023-03-29 10:22:03 - [MESSAGE][PASSED] - Object: 'Object Repository/06-Teams/button_My Organizations' is clicked on

2023-03-29 10:22:03 - [TEST_STEP][PASSED] - click(findTestObject("06-Teams/button_GG Automation")): Object: 'Object Repository/06-Teams/button_GG Automation' is clicked on

2023-03-29 10:22:04 - [MESSAGE][PASSED] - Object: 'Object Repository/06-Teams/button_GG Automation' is clicked on

2023-03-29 10:22:04 - [TEST_STEP][PASSED] - delay(4): Delayed 4 second(s)

2023-03-29 10:22:08 - [MESSAGE][PASSED] - Delayed 4 second(s)

2023-03-29 10:22:08 - [TEST_STEP][PASSED] - verifyElementVisible(findTestObject("06-Teams/span_GG Automation")): Object 'Object Repository/06-Teams/span_GG Automation' is visible

2023-03-29 10:22:09 - [MESSAGE][PASSED] - Object 'Object Repository/06-Teams/span_GG Automation' is visible

2023-03-29 10:22:09 - [TEST_STEP][PASSED] - delay(2): Delayed 2 second(s)

2023-03-29 10:22:11 - [MESSAGE][PASSED] - Delayed 2 second(s)

2023-03-29 10:22:11 - [TEST_STEP][PASSED] - click(findTestObject("03-Header Menu/Hamburger Button/div_Teams")): Object: 'Object Repository/03-Header Menu/Hamburger Button/div_Teams' is clicked on

2023-03-29 10:22:12 - [MESSAGE][PASSED] - Object: 'Object Repository/03-Header Menu/Hamburger Button/div_Teams' is clicked on

2023-03-29 10:22:12 - [TEST_STEP][PASSED] - delay(2): Delayed 2 second(s)

2023-03-29 10:22:14 - [MESSAGE][PASSED] - Delayed 2 second(s)

2023-03-29 10:22:14 - [TEST_STEP][PASSED] - verifyElementVisible(findTestObject("06-Teams/h4_TEAMS")): Object 'Object Repository/06-Teams/h4_TEAMS' is visible

2023-03-29 10:22:16 - [MESSAGE][PASSED] - Object 'Object Repository/06-Teams/h4_TEAMS' is visible

2023-03-29 10:22:16 - [TEST_STEP][PASSED] - delay(3): Delayed 3 second(s)

2023-03-29 10:22:19 - [MESSAGE][PASSED] - Delayed 3 second(s)

2023-03-29 10:22:19 - [TEST_STEP][PASSED] - click(findTestObject("06-Teams/Add Team")): Object: 'Object Repository/06-Teams/Add Team' is clicked on

2023-03-29 10:22:20 - [MESSAGE][PASSED] - Object: 'Object Repository/06-Teams/Add Team' is clicked on

2023-03-29 10:22:20 - [TEST_STEP][PASSED] - delay(3): Delayed 3 second(s)

2023-03-29 10:22:23 - [MESSAGE][PASSED] - Delayed 3 second(s)

2023-03-29 10:22:23 - [TEST_STEP][PASSED] - verifyElementVisible(findTestObject("06-Teams/button_Public")): Object 'Object Repository/06-Teams/button_Public' is visible

2023-03-29 10:22:24 - [MESSAGE][PASSED] - Object 'Object Repository/06-Teams/button_Public' is visible

2023-03-29 10:22:24 - [TEST_STEP][PASSED] - verifyElementVisible(findTestObject("06-Teams/button_Private")): Object 'Object Repository/06-Teams/button_Private' is visible

2023-03-29 10:22:24 - [MESSAGE][PASSED] - Object 'Object Repository/06-Teams/button_Private' is visible

2023-03-29 10:22:24 - [TEST_STEP][PASSED] - delay(3): Delayed 3 second(s)

2023-03-29 10:22:27 - [MESSAGE][PASSED] - Delayed 3 second(s)

2023-03-29 10:22:27 - [TEST_STEP][PASSED] - click(findTestObject("06-Teams/button_Public")): Object: 'Object Repository/06-Teams/button_Public' is clicked on

2023-03-29 10:22:29 - [MESSAGE][PASSED] - Object: 'Object Repository/06-Teams/button_Public' is clicked on

2023-03-29 10:22:29 - [TEST_STEP][PASSED] - verifyElementVisible(findTestObject("06-Teams/01-Add Team-Public/Add Team_Public")): Object 'Object Repository/06-Teams/01-Add Team-Public/Add Team_Public' is visible

2023-03-29 10:22:30 - [MESSAGE][PASSED] - Object 'Object Repository/06-Teams/01-Add Team-Public/Add Team_Public' is visible

2023-03-29 10:22:30 - [TEST_STEP][PASSED] - scrollToElement(findTestObject("06-Teams/01-Add Team-Public/button_Create"), 0): Scroll to object 'Object Repository/06-Teams/01-Add Team-Public/button_Create' successfully

2023-03-29 10:22:30 - [MESSAGE][WARNING] - Timeout '0' is invalid. Using default page load timeout: '30'

2023-03-29 10:22:30 - [MESSAGE][PASSED] - Scroll to object 'Object Repository/06-Teams/01-Add Team-Public/button_Create' successfully

2023-03-29 10:22:30 - [TEST_STEP][PASSED] - verifyElementNotClickable(findTestObject("06-Teams/01-Add Team-Public/button_Create")): Object 'Object Repository/06-Teams/01-Add Team-Public/button_Create' is NOT clickable

2023-03-29 10:22:31 - [MESSAGE][PASSED] - Object 'Object Repository/06-Teams/01-Add Team-Public/button_Create' is NOT clickable

2023-03-29 10:22:31 - [TEST_STEP][PASSED] - delay(3): Delayed 3 second(s)

2023-03-29 10:22:34 - [MESSAGE][PASSED] - Delayed 3 second(s)

2023-03-29 10:22:34 - [TEST_STEP][PASSED] - click(findTestObject("06-Teams/01-Add Team-Public/input_teamName")): Object: 'Object Repository/06-Teams/01-Add Team-Public/input_teamName' is clicked on

2023-03-29 10:22:35 - [MESSAGE][PASSED] - Object: 'Object Repository/06-Teams/01-Add Team-Public/input_teamName' is clicked on

2023-03-29 10:22:35 - [TEST_STEP][PASSED] - click(findTestObject("06-Teams/01-Add Team-Public/Org unit")): Object: 'Object Repository/06-Teams/01-Add Team-Public/Org unit' is clicked on

2023-03-29 10:22:37 - [MESSAGE][PASSED] - Object: 'Object Repository/06-Teams/01-Add Team-Public/Org unit' is clicked on

2023-03-29 10:22:37 - [TEST_STEP][PASSED] - verifyElementVisible(findTestObject("06-Teams/01-Add Team-Public/h4_Select an organization unit")): Object 'Object Repository/06-Teams/01-Add Team-Public/h4_Select an organization unit' is visible

2023-03-29 10:22:38 - [MESSAGE][PASSED] - Object 'Object Repository/06-Teams/01-Add Team-Public/h4_Select an organization unit' is visible

2023-03-29 10:22:38 - [TEST_STEP][PASSED] - delay(3): Delayed 3 second(s)

2023-03-29 10:22:41 - [MESSAGE][PASSED] - Delayed 3 second(s)

2023-03-29 10:22:41 - [TEST_STEP][PASSED] - click(findTestObject("06-Teams/01-Add Team-Public/div_GG Automation")): Object: 'Object Repository/06-Teams/01-Add Team-Public/div_GG Automation' is clicked on

2023-03-29 10:22:42 - [MESSAGE][PASSED] - Object: 'Object Repository/06-Teams/01-Add Team-Public/div_GG Automation' is clicked on

2023-03-29 10:22:42 - [TEST_STEP][PASSED] - click(findTestObject("06-Teams/01-Add Team-Public/button_Select")): Object: 'Object Repository/06-Teams/01-Add Team-Public/button_Select' is clicked on

2023-03-29 10:22:43 - [MESSAGE][PASSED] - Object: 'Object Repository/06-Teams/01-Add Team-Public/button_Select' is clicked on

2023-03-29 10:22:43 - [TEST_STEP][PASSED] - verifyElementVisible(findTestObject("06-Teams/01-Add Team-Public/Error Team name")): Object 'Object Repository/06-Teams/01-Add Team-Public/Error Team name' is visible

2023-03-29 10:22:43 - [MESSAGE][PASSED] - Object 'Object Repository/06-Teams/01-Add Team-Public/Error Team name' is visible

2023-03-29 10:22:43 - [TEST_STEP][PASSED] - delay(3): Delayed 3 second(s)

2023-03-29 10:22:46 - [MESSAGE][PASSED] - Delayed 3 second(s)

2023-03-29 10:22:46 - [TEST_STEP][PASSED] - setText(findTestObject("06-Teams/01-Add Team-Public/input_teamName"), "Auto Team Public"): Text 'Auto Team Public' is set on object 'Object Repository/06-Teams/01-Add Team-Public/input_teamName'

2023-03-29 10:22:48 - [MESSAGE][PASSED] - Text 'Auto Team Public' is set on object 'Object Repository/06-Teams/01-Add Team-Public/input_teamName'

2023-03-29 10:22:48 - [TEST_STEP][PASSED] - scrollToElement(findTestObject("06-Teams/01-Add Team-Public/button_Create"), 0): Scroll to object 'Object Repository/06-Teams/01-Add Team-Public/button_Create' successfully

2023-03-29 10:22:49 - [MESSAGE][WARNING] - Timeout '0' is invalid. Using default page load timeout: '30'

2023-03-29 10:22:49 - [MESSAGE][PASSED] - Scroll to object 'Object Repository/06-Teams/01-Add Team-Public/button_Create' successfully

2023-03-29 10:22:49 - [TEST_STEP][PASSED] - click(findTestObject("06-Teams/01-Add Team-Public/button_Create")): Object: 'Object Repository/06-Teams/01-Add Team-Public/button_Create' is clicked on

2023-03-29 10:22:50 - [MESSAGE][PASSED] - Object: 'Object Repository/06-Teams/01-Add Team-Public/button_Create' is clicked on

2023-03-29 10:22:50 - [TEST_STEP][PASSED] - delay(3): Delayed 3 second(s)

2023-03-29 10:22:53 - [MESSAGE][PASSED] - Delayed 3 second(s)

2023-03-29 10:22:53 - [TEST_STEP][PASSED] - verifyElementVisible(findTestObject("06-Teams/01-Add Team-Public/span_Successfully added new team")): Object 'Object Repository/06-Teams/01-Add Team-Public/span_Successfully added new team' is visible

2023-03-29 10:22:53 - [MESSAGE][PASSED] - Object 'Object Repository/06-Teams/01-Add Team-Public/span_Successfully added new team' is visible

2023-03-29 10:22:53 - [TEST_STEP][PASSED] - delay(3): Delayed 3 second(s)

2023-03-29 10:22:57 - [MESSAGE][PASSED] - Delayed 3 second(s)

2023-03-29 10:22:57 - [TEST_STEP][PASSED] - verifyElementVisible(findTestObject("06-Teams/01-Add Team-Public/span_Auto Team Public")): Object 'Object Repository/06-Teams/01-Add Team-Public/span_Auto Team Public' is visible

2023-03-29 10:22:57 - [MESSAGE][PASSED] - Object 'Object Repository/06-Teams/01-Add Team-Public/span_Auto Team Public' is visible

2023-03-29 10:22:57 - [TEST_STEP][PASSED] - delay(3): Delayed 3 second(s)

2023-03-29 10:23:00 - [MESSAGE][PASSED] - Delayed 3 second(s)]]></system-out>
         <system-err><![CDATA[]]></system-err>
      </testcase>
      <testcase name="Test Cases/06- Teams/02-Add Team-Private" time="54.454" classname="Test Cases/06- Teams/02-Add Team-Private" status="PASSED">
         <system-out><![CDATA[2023-03-29 10:23:00 - [TEST_CASE][PASSED] - Test Cases/06- Teams/02-Add Team-Private: Test Cases/06- Teams/02-Add Team-Private

2023-03-29 10:23:02 - [TEST_STEP][PASSED] - click(findTestObject("06-Teams/Add Team")): Object: 'Object Repository/06-Teams/Add Team' is clicked on

2023-03-29 10:23:03 - [MESSAGE][PASSED] - Object: 'Object Repository/06-Teams/Add Team' is clicked on

2023-03-29 10:23:03 - [TEST_STEP][PASSED] - delay(3): Delayed 3 second(s)

2023-03-29 10:23:06 - [MESSAGE][PASSED] - Delayed 3 second(s)

2023-03-29 10:23:06 - [TEST_STEP][PASSED] - verifyElementVisible(findTestObject("06-Teams/button_Public")): Object 'Object Repository/06-Teams/button_Public' is visible

2023-03-29 10:23:07 - [MESSAGE][PASSED] - Object 'Object Repository/06-Teams/button_Public' is visible

2023-03-29 10:23:07 - [TEST_STEP][PASSED] - verifyElementVisible(findTestObject("06-Teams/button_Private")): Object 'Object Repository/06-Teams/button_Private' is visible

2023-03-29 10:23:07 - [MESSAGE][PASSED] - Object 'Object Repository/06-Teams/button_Private' is visible

2023-03-29 10:23:07 - [TEST_STEP][PASSED] - delay(3): Delayed 3 second(s)

2023-03-29 10:23:10 - [MESSAGE][PASSED] - Delayed 3 second(s)

2023-03-29 10:23:10 - [TEST_STEP][PASSED] - click(findTestObject("06-Teams/button_Private")): Object: 'Object Repository/06-Teams/button_Private' is clicked on

2023-03-29 10:23:12 - [MESSAGE][PASSED] - Object: 'Object Repository/06-Teams/button_Private' is clicked on

2023-03-29 10:23:12 - [TEST_STEP][PASSED] - delay(3): Delayed 3 second(s)

2023-03-29 10:23:15 - [MESSAGE][PASSED] - Delayed 3 second(s)

2023-03-29 10:23:15 - [TEST_STEP][PASSED] - verifyElementVisible(findTestObject("06-Teams/02-Add Team-Private/Add team- Private")): Object 'Object Repository/06-Teams/02-Add Team-Private/Add team- Private' is visible

2023-03-29 10:23:16 - [MESSAGE][PASSED] - Object 'Object Repository/06-Teams/02-Add Team-Private/Add team- Private' is visible

2023-03-29 10:23:16 - [TEST_STEP][PASSED] - verifyElementVisible(findTestObject("06-Teams/02-Add Team-Private/div_Settings")): Object 'Object Repository/06-Teams/02-Add Team-Private/div_Settings' is visible

2023-03-29 10:23:17 - [MESSAGE][PASSED] - Object 'Object Repository/06-Teams/02-Add Team-Private/div_Settings' is visible

2023-03-29 10:23:17 - [TEST_STEP][PASSED] - verifyElementVisible(findTestObject("06-Teams/02-Add Team-Private/div_Members")): Object 'Object Repository/06-Teams/02-Add Team-Private/div_Members' is visible

2023-03-29 10:23:17 - [MESSAGE][PASSED] - Object 'Object Repository/06-Teams/02-Add Team-Private/div_Members' is visible

2023-03-29 10:23:17 - [TEST_STEP][PASSED] - scrollToElement(findTestObject("06-Teams/01-Add Team-Public/button_Create"), 0): Scroll to object 'Object Repository/06-Teams/01-Add Team-Public/button_Create' successfully

2023-03-29 10:23:18 - [MESSAGE][WARNING] - Timeout '0' is invalid. Using default page load timeout: '30'

2023-03-29 10:23:18 - [MESSAGE][PASSED] - Scroll to object 'Object Repository/06-Teams/01-Add Team-Public/button_Create' successfully

2023-03-29 10:23:18 - [TEST_STEP][PASSED] - verifyElementNotClickable(findTestObject("06-Teams/01-Add Team-Public/button_Create")): Object 'Object Repository/06-Teams/01-Add Team-Public/button_Create' is NOT clickable

2023-03-29 10:23:19 - [MESSAGE][PASSED] - Object 'Object Repository/06-Teams/01-Add Team-Public/button_Create' is NOT clickable

2023-03-29 10:23:19 - [TEST_STEP][PASSED] - delay(3): Delayed 3 second(s)

2023-03-29 10:23:22 - [MESSAGE][PASSED] - Delayed 3 second(s)

2023-03-29 10:23:22 - [TEST_STEP][PASSED] - click(findTestObject("06-Teams/01-Add Team-Public/input_teamName")): Object: 'Object Repository/06-Teams/01-Add Team-Public/input_teamName' is clicked on

2023-03-29 10:23:23 - [MESSAGE][PASSED] - Object: 'Object Repository/06-Teams/01-Add Team-Public/input_teamName' is clicked on

2023-03-29 10:23:23 - [TEST_STEP][PASSED] - click(findTestObject("06-Teams/01-Add Team-Public/Org unit")): Object: 'Object Repository/06-Teams/01-Add Team-Public/Org unit' is clicked on

2023-03-29 10:23:24 - [MESSAGE][PASSED] - Object: 'Object Repository/06-Teams/01-Add Team-Public/Org unit' is clicked on

2023-03-29 10:23:24 - [TEST_STEP][PASSED] - verifyElementVisible(findTestObject("06-Teams/01-Add Team-Public/h4_Select an organization unit")): Object 'Object Repository/06-Teams/01-Add Team-Public/h4_Select an organization unit' is visible

2023-03-29 10:23:24 - [MESSAGE][PASSED] - Object 'Object Repository/06-Teams/01-Add Team-Public/h4_Select an organization unit' is visible

2023-03-29 10:23:24 - [TEST_STEP][PASSED] - delay(3): Delayed 3 second(s)

2023-03-29 10:23:27 - [MESSAGE][PASSED] - Delayed 3 second(s)

2023-03-29 10:23:27 - [TEST_STEP][PASSED] - click(findTestObject("06-Teams/01-Add Team-Public/div_GG Automation")): Object: 'Object Repository/06-Teams/01-Add Team-Public/div_GG Automation' is clicked on

2023-03-29 10:23:28 - [MESSAGE][PASSED] - Object: 'Object Repository/06-Teams/01-Add Team-Public/div_GG Automation' is clicked on

2023-03-29 10:23:28 - [TEST_STEP][PASSED] - click(findTestObject("06-Teams/01-Add Team-Public/button_Select")): Object: 'Object Repository/06-Teams/01-Add Team-Public/button_Select' is clicked on

2023-03-29 10:23:29 - [MESSAGE][PASSED] - Object: 'Object Repository/06-Teams/01-Add Team-Public/button_Select' is clicked on

2023-03-29 10:23:29 - [TEST_STEP][PASSED] - verifyElementVisible(findTestObject("06-Teams/01-Add Team-Public/Error Team name")): Object 'Object Repository/06-Teams/01-Add Team-Public/Error Team name' is visible

2023-03-29 10:23:30 - [MESSAGE][PASSED] - Object 'Object Repository/06-Teams/01-Add Team-Public/Error Team name' is visible

2023-03-29 10:23:30 - [TEST_STEP][PASSED] - delay(3): Delayed 3 second(s)

2023-03-29 10:23:33 - [MESSAGE][PASSED] - Delayed 3 second(s)

2023-03-29 10:23:33 - [TEST_STEP][PASSED] - setText(findTestObject("06-Teams/01-Add Team-Public/input_teamName"), "Auto Team Private"): Text 'Auto Team Private' is set on object 'Object Repository/06-Teams/01-Add Team-Public/input_teamName'

2023-03-29 10:23:35 - [MESSAGE][PASSED] - Text 'Auto Team Private' is set on object 'Object Repository/06-Teams/01-Add Team-Public/input_teamName'

2023-03-29 10:23:35 - [TEST_STEP][PASSED] - delay(3): Delayed 3 second(s)

2023-03-29 10:23:38 - [MESSAGE][PASSED] - Delayed 3 second(s)

2023-03-29 10:23:38 - [TEST_STEP][PASSED] - click(findTestObject("06-Teams/02-Add Team-Private/div_Members")): Object: 'Object Repository/06-Teams/02-Add Team-Private/div_Members' is clicked on

2023-03-29 10:23:39 - [MESSAGE][PASSED] - Object: 'Object Repository/06-Teams/02-Add Team-Private/div_Members' is clicked on

2023-03-29 10:23:39 - [TEST_STEP][PASSED] - verifyElementVisible(findTestObject("06-Teams/02-Add Team-Private/Members dialog box")): Object 'Object Repository/06-Teams/02-Add Team-Private/Members dialog box' is visible

2023-03-29 10:23:40 - [MESSAGE][PASSED] - Object 'Object Repository/06-Teams/02-Add Team-Private/Members dialog box' is visible

2023-03-29 10:23:40 - [TEST_STEP][PASSED] - delay(3): Delayed 3 second(s)

2023-03-29 10:23:43 - [MESSAGE][PASSED] - Delayed 3 second(s)

2023-03-29 10:23:43 - [TEST_STEP][PASSED] - scrollToElement(findTestObject("06-Teams/01-Add Team-Public/button_Create"), 0): Scroll to object 'Object Repository/06-Teams/01-Add Team-Public/button_Create' successfully

2023-03-29 10:23:43 - [MESSAGE][WARNING] - Timeout '0' is invalid. Using default page load timeout: '30'

2023-03-29 10:23:44 - [MESSAGE][PASSED] - Scroll to object 'Object Repository/06-Teams/01-Add Team-Public/button_Create' successfully

2023-03-29 10:23:44 - [TEST_STEP][PASSED] - click(findTestObject("06-Teams/01-Add Team-Public/button_Create")): Object: 'Object Repository/06-Teams/01-Add Team-Public/button_Create' is clicked on

2023-03-29 10:23:44 - [MESSAGE][PASSED] - Object: 'Object Repository/06-Teams/01-Add Team-Public/button_Create' is clicked on

2023-03-29 10:23:44 - [TEST_STEP][PASSED] - verifyElementVisible(findTestObject("06-Teams/01-Add Team-Public/span_Successfully added new team")): Object 'Object Repository/06-Teams/01-Add Team-Public/span_Successfully added new team' is visible

2023-03-29 10:23:46 - [MESSAGE][PASSED] - Object 'Object Repository/06-Teams/01-Add Team-Public/span_Successfully added new team' is visible

2023-03-29 10:23:46 - [TEST_STEP][PASSED] - delay(3): Delayed 3 second(s)

2023-03-29 10:23:49 - [MESSAGE][PASSED] - Delayed 3 second(s)

2023-03-29 10:23:49 - [TEST_STEP][PASSED] - verifyElementVisible(findTestObject("06-Teams/02-Add Team-Private/span_Auto Team Private")): Object 'Object Repository/06-Teams/02-Add Team-Private/span_Auto Team Private' is visible

2023-03-29 10:23:50 - [MESSAGE][PASSED] - Object 'Object Repository/06-Teams/02-Add Team-Private/span_Auto Team Private' is visible

2023-03-29 10:23:50 - [TEST_STEP][PASSED] - delay(3): Delayed 3 second(s)

2023-03-29 10:23:53 - [MESSAGE][PASSED] - Delayed 3 second(s)

2023-03-29 10:23:53 - [TEST_STEP][PASSED] - closeBrowser(): Browser is closed

2023-03-29 10:23:55 - [MESSAGE][PASSED] - Browser is closed]]></system-out>
         <system-err><![CDATA[]]></system-err>
      </testcase>
      <system-out><![CDATA[2023-03-29 10:20:18 - [TEST_SUITE][PASSED] - 06.1- Teams - Add: Test Cases/06- Teams/02-Add Team-Private]]></system-out>
      <system-err><![CDATA[]]></system-err>
   </testsuite>
</testsuites>
