<?xml version="1.0" encoding="UTF-8"?>
<testsuites name="02-Side Icons" time="90.306" tests="4" failures="0" errors="0">
   <testsuite name="02-Side Icons" tests="4" failures="0" errors="0" time="90.306" skipped="0" timestamp="2022-10-17 15:11:12" hostname="User - DESKTOP-QCRNR4M" id="Test Suites/TS-Organization/02-Side Icons">
      <properties>
         <property name="deviceName" value=""/>
         <property name="devicePlatform" value=""/>
         <property name="logFolder" value="C:\\Users\\User\\Katalon Studio\\EverleaguesMain\\Reports\\20221017_151107\\TS-Organization\\02-Side Icons\\20221017_151107"/>
         <property name="logFiles" value="C:\\Users\\User\\Katalon Studio\\EverleaguesMain\\Reports\\20221017_151107\\TS-Organization\\02-Side Icons\\20221017_151107\\execution0.log"/>
         <property name="attachments" value=""/>
         <property name="hostName" value="User - DESKTOP-QCRNR4M"/>
         <property name="os" value="Windows 10 64bit"/>
         <property name="katalonVersion" value="8.4.1.208"/>
         <property name="browser" value="Chrome 106.0.0.0"/>
         <property name="hostAddress" value="192.168.5.124"/>
         <property name="sessionId" value="070bc387865bee9c6eba9d194f2169a4"/>
         <property name="seleniumVersion" value="3.141.59"/>
         <property name="proxyInformation" value="ProxyInformation { proxyOption=NO_PROXY, proxyServerType=HTTP, username=, password=********, proxyServerAddress=, proxyServerPort=0, executionList=&quot;&quot;, isApplyToDesiredCapabilities=true }"/>
         <property name="platform" value="Windows 10"/>
      </properties>
      <testcase name="Test Cases/02-Side Icons (Organization)/01- (Add Contact)" time="57.513" classname="Test Cases/02-Side Icons (Organization)/01- (Add Contact)" status="PASSED">
         <system-out><![CDATA[2022-10-17 15:11:12 - [TEST_CASE][PASSED] - Test Cases/02-Side Icons (Organization)/01- (Add Contact): Test Cases/02-Side Icons (Organization)/01- (Add Contact)

2022-10-17 15:11:13 - [TEST_STEP][PASSED] - openBrowser(""): Browser is opened with url: ''

2022-10-17 15:11:13 - [MESSAGE][INFO] - Starting 'Chrome' driver

2022-10-17 15:11:13 - [MESSAGE][INFO] - Action delay is set to 0 milliseconds

2022-10-17 15:11:15 - [MESSAGE][PASSED] - Browser is opened with url: ''

2022-10-17 15:11:15 - [TEST_STEP][PASSED] - navigateToUrl("https://lab.everleagues.com/login?returnUrl=%2Fmain%2Fdashboard"): Navigate to 'https://lab.everleagues.com/login?returnUrl=%2Fmain%2Fdashboard' successfully

2022-10-17 15:11:27 - [MESSAGE][PASSED] - Navigate to 'https://lab.everleagues.com/login?returnUrl=%2Fmain%2Fdashboard' successfully

2022-10-17 15:11:27 - [TEST_STEP][PASSED] - maximizeWindow(): Current window maximized

2022-10-17 15:11:28 - [MESSAGE][PASSED] - Current window maximized

2022-10-17 15:11:28 - [TEST_STEP][PASSED] - setText(findTestObject("02-Side Icons(Organization)/Add Contact/Email Field"), "testuser01@mailinator.com"): Text 'testuser01@mailinator.com' is set on object 'Object Repository/02-Side Icons(Organization)/Add Contact/Email Field'

2022-10-17 15:11:28 - [MESSAGE][PASSED] - Text 'testuser01@mailinator.com' is set on object 'Object Repository/02-Side Icons(Organization)/Add Contact/Email Field'

2022-10-17 15:11:28 - [TEST_STEP][PASSED] - setEncryptedText(findTestObject("02-Side Icons(Organization)/Add Contact/Password Field"), "8yFRyszE6U6jvsCn51OQbg=="): Text ****** has been set on object 'Object Repository/02-Side Icons(Organization)/Add Contact/Password Field'

2022-10-17 15:11:29 - [MESSAGE][PASSED] - Text ****** has been set on object 'Object Repository/02-Side Icons(Organization)/Add Contact/Password Field'

2022-10-17 15:11:29 - [TEST_STEP][PASSED] - click(findTestObject("02-Side Icons(Organization)/Add Contact/button_Sign in")): Object: 'Object Repository/02-Side Icons(Organization)/Add Contact/button_Sign in' is clicked on

2022-10-17 15:11:30 - [MESSAGE][PASSED] - Object: 'Object Repository/02-Side Icons(Organization)/Add Contact/button_Sign in' is clicked on

2022-10-17 15:11:30 - [TEST_STEP][PASSED] - delay(5): Delayed 5 second(s)

2022-10-17 15:11:35 - [MESSAGE][PASSED] - Delayed 5 second(s)

2022-10-17 15:11:35 - [TEST_STEP][PASSED] - click(findTestObject("02-Side Icons(Organization)/Add Contact/Side Menu double arrow icon")): Object: 'Object Repository/02-Side Icons(Organization)/Add Contact/Side Menu double arrow icon' is clicked on

2022-10-17 15:11:36 - [MESSAGE][PASSED] - Object: 'Object Repository/02-Side Icons(Organization)/Add Contact/Side Menu double arrow icon' is clicked on

2022-10-17 15:11:36 - [TEST_STEP][PASSED] - delay(2): Delayed 2 second(s)

2022-10-17 15:11:38 - [MESSAGE][PASSED] - Delayed 2 second(s)

2022-10-17 15:11:38 - [TEST_STEP][PASSED] - click(findTestObject("02-Side Icons(Organization)/Add Contact/button_My Organizations")): Object: 'Object Repository/02-Side Icons(Organization)/Add Contact/button_My Organizations' is clicked on

2022-10-17 15:11:39 - [MESSAGE][PASSED] - Object: 'Object Repository/02-Side Icons(Organization)/Add Contact/button_My Organizations' is clicked on

2022-10-17 15:11:39 - [TEST_STEP][PASSED] - delay(2): Delayed 2 second(s)

2022-10-17 15:11:41 - [MESSAGE][PASSED] - Delayed 2 second(s)

2022-10-17 15:11:41 - [TEST_STEP][PASSED] - click(findTestObject("02-Side Icons(Organization)/Add Contact/button_Automation Test Org")): Object: 'Object Repository/02-Side Icons(Organization)/Add Contact/button_Automation Test Org' is clicked on

2022-10-17 15:11:41 - [MESSAGE][PASSED] - Object: 'Object Repository/02-Side Icons(Organization)/Add Contact/button_Automation Test Org' is clicked on

2022-10-17 15:11:41 - [TEST_STEP][PASSED] - delay(2): Delayed 2 second(s)

2022-10-17 15:11:43 - [MESSAGE][PASSED] - Delayed 2 second(s)

2022-10-17 15:11:43 - [TEST_STEP][PASSED] - verifyElementVisible(findTestObject("02-Side Icons(Organization)/Add Contact/span_Automation Test Org")): Object 'Object Repository/02-Side Icons(Organization)/Add Contact/span_Automation Test Org' is visible

2022-10-17 15:11:43 - [MESSAGE][PASSED] - Object 'Object Repository/02-Side Icons(Organization)/Add Contact/span_Automation Test Org' is visible

2022-10-17 15:11:43 - [TEST_STEP][PASSED] - delay(3): Delayed 3 second(s)

2022-10-17 15:11:46 - [MESSAGE][PASSED] - Delayed 3 second(s)

2022-10-17 15:11:46 - [TEST_STEP][PASSED] - click(findTestObject("02-Side Icons(Organization)/Add Contact/button_add new user")): Object: 'Object Repository/02-Side Icons(Organization)/Add Contact/button_add new user' is clicked on

2022-10-17 15:11:47 - [MESSAGE][PASSED] - Object: 'Object Repository/02-Side Icons(Organization)/Add Contact/button_add new user' is clicked on

2022-10-17 15:11:47 - [TEST_STEP][PASSED] - delay(3): Delayed 3 second(s)

2022-10-17 15:11:50 - [MESSAGE][PASSED] - Delayed 3 second(s)

2022-10-17 15:11:50 - [TEST_STEP][PASSED] - verifyElementVisible(findTestObject("02-Side Icons(Organization)/Add Contact/User Invitation modal")): Object 'Object Repository/02-Side Icons(Organization)/Add Contact/User Invitation modal' is visible

2022-10-17 15:11:50 - [MESSAGE][PASSED] - Object 'Object Repository/02-Side Icons(Organization)/Add Contact/User Invitation modal' is visible

2022-10-17 15:11:50 - [TEST_STEP][PASSED] - delay(2): Delayed 2 second(s)

2022-10-17 15:11:52 - [MESSAGE][PASSED] - Delayed 2 second(s)

2022-10-17 15:11:52 - [TEST_STEP][PASSED] - click(findTestObject("02-Side Icons(Organization)/Add Contact/Invite a single user option")): Object: 'Object Repository/02-Side Icons(Organization)/Add Contact/Invite a single user option' is clicked on

2022-10-17 15:11:53 - [MESSAGE][PASSED] - Object: 'Object Repository/02-Side Icons(Organization)/Add Contact/Invite a single user option' is clicked on

2022-10-17 15:11:53 - [TEST_STEP][PASSED] - verifyElementVisible(findTestObject("02-Side Icons(Organization)/Add Contact/Invite New user modal")): Object 'Object Repository/02-Side Icons(Organization)/Add Contact/Invite New user modal' is visible

2022-10-17 15:11:54 - [MESSAGE][PASSED] - Object 'Object Repository/02-Side Icons(Organization)/Add Contact/Invite New user modal' is visible

2022-10-17 15:11:54 - [TEST_STEP][PASSED] - delay(2): Delayed 2 second(s)

2022-10-17 15:11:56 - [MESSAGE][PASSED] - Delayed 2 second(s)

2022-10-17 15:11:56 - [TEST_STEP][PASSED] - click(findTestObject("02-Side Icons(Organization)/Add Contact/button_Cancel")): Object: 'Object Repository/02-Side Icons(Organization)/Add Contact/button_Cancel' is clicked on

2022-10-17 15:11:56 - [MESSAGE][PASSED] - Object: 'Object Repository/02-Side Icons(Organization)/Add Contact/button_Cancel' is clicked on

2022-10-17 15:11:56 - [TEST_STEP][PASSED] - delay(2): Delayed 2 second(s)

2022-10-17 15:11:58 - [MESSAGE][PASSED] - Delayed 2 second(s)

2022-10-17 15:11:58 - [TEST_STEP][PASSED] - click(findTestObject("02-Side Icons(Organization)/Add Contact/button_add new user")): Object: 'Object Repository/02-Side Icons(Organization)/Add Contact/button_add new user' is clicked on

2022-10-17 15:11:59 - [MESSAGE][PASSED] - Object: 'Object Repository/02-Side Icons(Organization)/Add Contact/button_add new user' is clicked on

2022-10-17 15:11:59 - [TEST_STEP][PASSED] - delay(3): Delayed 3 second(s)

2022-10-17 15:12:02 - [MESSAGE][PASSED] - Delayed 3 second(s)

2022-10-17 15:12:02 - [TEST_STEP][PASSED] - verifyElementVisible(findTestObject("02-Side Icons(Organization)/Add Contact/User Invitation modal")): Object 'Object Repository/02-Side Icons(Organization)/Add Contact/User Invitation modal' is visible

2022-10-17 15:12:02 - [MESSAGE][PASSED] - Object 'Object Repository/02-Side Icons(Organization)/Add Contact/User Invitation modal' is visible

2022-10-17 15:12:02 - [TEST_STEP][PASSED] - delay(2): Delayed 2 second(s)

2022-10-17 15:12:04 - [MESSAGE][PASSED] - Delayed 2 second(s)

2022-10-17 15:12:04 - [TEST_STEP][PASSED] - click(findTestObject("02-Side Icons(Organization)/Add Contact/Invite batch user option")): Object: 'Object Repository/02-Side Icons(Organization)/Add Contact/Invite batch user option' is clicked on

2022-10-17 15:12:04 - [MESSAGE][PASSED] - Object: 'Object Repository/02-Side Icons(Organization)/Add Contact/Invite batch user option' is clicked on

2022-10-17 15:12:04 - [TEST_STEP][PASSED] - verifyElementVisible(findTestObject("02-Side Icons(Organization)/Add Contact/Import CSV file modal")): Object 'Object Repository/02-Side Icons(Organization)/Add Contact/Import CSV file modal' is visible

2022-10-17 15:12:05 - [MESSAGE][PASSED] - Object 'Object Repository/02-Side Icons(Organization)/Add Contact/Import CSV file modal' is visible

2022-10-17 15:12:05 - [TEST_STEP][PASSED] - delay(2): Delayed 2 second(s)

2022-10-17 15:12:07 - [MESSAGE][PASSED] - Delayed 2 second(s)

2022-10-17 15:12:07 - [TEST_STEP][PASSED] - click(findTestObject("02-Side Icons(Organization)/Add Contact/button_Cancel")): Object: 'Object Repository/02-Side Icons(Organization)/Add Contact/button_Cancel' is clicked on

2022-10-17 15:12:08 - [MESSAGE][PASSED] - Object: 'Object Repository/02-Side Icons(Organization)/Add Contact/button_Cancel' is clicked on

2022-10-17 15:12:08 - [TEST_STEP][PASSED] - delay(2): Delayed 2 second(s)

2022-10-17 15:12:10 - [MESSAGE][PASSED] - Delayed 2 second(s)]]></system-out>
         <system-err><![CDATA[]]></system-err>
      </testcase>
      <testcase name="Test Cases/02-Side Icons (Organization)/02-(2FA)" time="10.15" classname="Test Cases/02-Side Icons (Organization)/02-(2FA)" status="PASSED">
         <system-out><![CDATA[2022-10-17 15:12:10 - [TEST_CASE][PASSED] - Test Cases/02-Side Icons (Organization)/02-(2FA): Test Cases/02-Side Icons (Organization)/02-(2FA)

2022-10-17 15:12:10 - [TEST_STEP][PASSED] - delay(3): Delayed 3 second(s)

2022-10-17 15:12:13 - [MESSAGE][PASSED] - Delayed 3 second(s)

2022-10-17 15:12:13 - [TEST_STEP][PASSED] - click(findTestObject("02-Side Icons(Organization)/2FA/button_2FA")): Object: 'Object Repository/02-Side Icons(Organization)/2FA/button_2FA' is clicked on

2022-10-17 15:12:14 - [MESSAGE][PASSED] - Object: 'Object Repository/02-Side Icons(Organization)/2FA/button_2FA' is clicked on

2022-10-17 15:12:14 - [TEST_STEP][PASSED] - delay(3): Delayed 3 second(s)

2022-10-17 15:12:17 - [MESSAGE][PASSED] - Delayed 3 second(s)

2022-10-17 15:12:17 - [TEST_STEP][PASSED] - verifyElementVisible(findTestObject("02-Side Icons(Organization)/2FA/span_Two Factor Authentication")): Object 'Object Repository/02-Side Icons(Organization)/2FA/span_Two Factor Authentication' is visible

2022-10-17 15:12:17 - [MESSAGE][PASSED] - Object 'Object Repository/02-Side Icons(Organization)/2FA/span_Two Factor Authentication' is visible

2022-10-17 15:12:17 - [TEST_STEP][PASSED] - delay(3): Delayed 3 second(s)

2022-10-17 15:12:20 - [MESSAGE][PASSED] - Delayed 3 second(s)]]></system-out>
         <system-err><![CDATA[]]></system-err>
      </testcase>
      <testcase name="Test Cases/02-Side Icons (Organization)/03-(Client Assignment)" time="9.97" classname="Test Cases/02-Side Icons (Organization)/03-(Client Assignment)" status="PASSED">
         <system-out><![CDATA[2022-10-17 15:12:20 - [TEST_CASE][PASSED] - Test Cases/02-Side Icons (Organization)/03-(Client Assignment): Test Cases/02-Side Icons (Organization)/03-(Client Assignment)

2022-10-17 15:12:20 - [TEST_STEP][PASSED] - delay(2): Delayed 2 second(s)

2022-10-17 15:12:22 - [MESSAGE][PASSED] - Delayed 2 second(s)

2022-10-17 15:12:22 - [TEST_STEP][PASSED] - click(findTestObject("02-Side Icons(Organization)/Client Assignment/button_Client assignment")): Object: 'Object Repository/02-Side Icons(Organization)/Client Assignment/button_Client assignment' is clicked on

2022-10-17 15:12:23 - [MESSAGE][PASSED] - Object: 'Object Repository/02-Side Icons(Organization)/Client Assignment/button_Client assignment' is clicked on

2022-10-17 15:12:23 - [TEST_STEP][PASSED] - delay(3): Delayed 3 second(s)

2022-10-17 15:12:26 - [MESSAGE][PASSED] - Delayed 3 second(s)

2022-10-17 15:12:26 - [TEST_STEP][PASSED] - verifyElementVisible(findTestObject("02-Side Icons(Organization)/Client Assignment/h4_CLIENT ASSIGNMENT")): Object 'Object Repository/02-Side Icons(Organization)/Client Assignment/h4_CLIENT ASSIGNMENT' is visible

2022-10-17 15:12:26 - [MESSAGE][PASSED] - Object 'Object Repository/02-Side Icons(Organization)/Client Assignment/h4_CLIENT ASSIGNMENT' is visible

2022-10-17 15:12:26 - [TEST_STEP][PASSED] - verifyElementVisible(findTestObject("02-Side Icons(Organization)/Client Assignment/div_By Employee")): Object 'Object Repository/02-Side Icons(Organization)/Client Assignment/div_By Employee' is visible

2022-10-17 15:12:27 - [MESSAGE][PASSED] - Object 'Object Repository/02-Side Icons(Organization)/Client Assignment/div_By Employee' is visible

2022-10-17 15:12:27 - [TEST_STEP][PASSED] - verifyElementVisible(findTestObject("02-Side Icons(Organization)/Client Assignment/div_By Client")): Object 'Object Repository/02-Side Icons(Organization)/Client Assignment/div_By Client' is visible

2022-10-17 15:12:27 - [MESSAGE][PASSED] - Object 'Object Repository/02-Side Icons(Organization)/Client Assignment/div_By Client' is visible

2022-10-17 15:12:27 - [TEST_STEP][PASSED] - delay(3): Delayed 3 second(s)

2022-10-17 15:12:30 - [MESSAGE][PASSED] - Delayed 3 second(s)]]></system-out>
         <system-err><![CDATA[]]></system-err>
      </testcase>
      <testcase name="Test Cases/02-Side Icons (Organization)/04-(Hide Quick Shortcuts)" time="12.327" classname="Test Cases/02-Side Icons (Organization)/04-(Hide Quick Shortcuts)" status="PASSED">
         <system-out><![CDATA[2022-10-17 15:12:30 - [TEST_CASE][PASSED] - Test Cases/02-Side Icons (Organization)/04-(Hide Quick Shortcuts): Test Cases/02-Side Icons (Organization)/04-(Hide Quick Shortcuts)

2022-10-17 15:12:30 - [TEST_STEP][PASSED] - delay(2): Delayed 2 second(s)

2022-10-17 15:12:32 - [MESSAGE][PASSED] - Delayed 2 second(s)

2022-10-17 15:12:32 - [TEST_STEP][PASSED] - click(findTestObject("02-Side Icons(Organization)/Hide Quick Shortcuts/button_hide quick shortcuts")): Object: 'Object Repository/02-Side Icons(Organization)/Hide Quick Shortcuts/button_hide quick shortcuts' is clicked on

2022-10-17 15:12:33 - [MESSAGE][PASSED] - Object: 'Object Repository/02-Side Icons(Organization)/Hide Quick Shortcuts/button_hide quick shortcuts' is clicked on

2022-10-17 15:12:33 - [TEST_STEP][PASSED] - delay(3): Delayed 3 second(s)

2022-10-17 15:12:36 - [MESSAGE][PASSED] - Delayed 3 second(s)

2022-10-17 15:12:36 - [TEST_STEP][PASSED] - verifyElementNotPresent(findTestObject("02-Side Icons(Organization)/2FA/button_2FA"), 0): Web element with id: 'Object Repository/02-Side Icons(Organization)/2FA/button_2FA' located by 'By.xpath: //*[@type = 'button' and (text() = 'security' or . = 'security')]' is not present after '30' second(s)

2022-10-17 15:12:36 - [MESSAGE][WARNING] - Timeout '0' is invalid. Using default page load timeout: '30'

2022-10-17 15:12:36 - [MESSAGE][PASSED] - Web element with id: 'Object Repository/02-Side Icons(Organization)/2FA/button_2FA' located by 'By.xpath: //*[@type = 'button' and (text() = 'security' or . = 'security')]' is not present after '30' second(s)

2022-10-17 15:12:36 - [TEST_STEP][PASSED] - verifyElementNotPresent(findTestObject("02-Side Icons(Organization)/Add Contact/button_add new user"), 0): Web element with id: 'Object Repository/02-Side Icons(Organization)/Add Contact/button_add new user' located by 'By.xpath: //button[@type = 'button' and @ng-reflect-message = 'Invite New User' and (text() = 'person_add' or . = 'person_add')]' is not present after '30' second(s)

2022-10-17 15:12:36 - [MESSAGE][WARNING] - Timeout '0' is invalid. Using default page load timeout: '30'

2022-10-17 15:12:37 - [MESSAGE][PASSED] - Web element with id: 'Object Repository/02-Side Icons(Organization)/Add Contact/button_add new user' located by 'By.xpath: //button[@type = 'button' and @ng-reflect-message = 'Invite New User' and (text() = 'person_add' or . = 'person_add')]' is not present after '30' second(s)

2022-10-17 15:12:37 - [TEST_STEP][PASSED] - verifyElementNotPresent(findTestObject("02-Side Icons(Organization)/Client Assignment/button_Client assignment"), 0): Web element with id: 'Object Repository/02-Side Icons(Organization)/Client Assignment/button_Client assignment' located by 'By.xpath: //*[@type = 'button' and (text() = 'assignment_ind' or . = 'assignment_ind')]' is not present after '30' second(s)

2022-10-17 15:12:37 - [MESSAGE][WARNING] - Timeout '0' is invalid. Using default page load timeout: '30'

2022-10-17 15:12:37 - [MESSAGE][PASSED] - Web element with id: 'Object Repository/02-Side Icons(Organization)/Client Assignment/button_Client assignment' located by 'By.xpath: //*[@type = 'button' and (text() = 'assignment_ind' or . = 'assignment_ind')]' is not present after '30' second(s)

2022-10-17 15:12:37 - [TEST_STEP][PASSED] - delay(3): Delayed 3 second(s)

2022-10-17 15:12:40 - [MESSAGE][PASSED] - Delayed 3 second(s)

2022-10-17 15:12:40 - [TEST_STEP][PASSED] - click(findTestObject("02-Side Icons(Organization)/Hide Quick Shortcuts/button_Show quick shortcuts")): Object: 'Object Repository/02-Side Icons(Organization)/Hide Quick Shortcuts/button_Show quick shortcuts' is clicked on

2022-10-17 15:12:40 - [MESSAGE][PASSED] - Object: 'Object Repository/02-Side Icons(Organization)/Hide Quick Shortcuts/button_Show quick shortcuts' is clicked on

2022-10-17 15:12:40 - [TEST_STEP][PASSED] - verifyElementVisible(findTestObject("02-Side Icons(Organization)/2FA/button_2FA")): Object 'Object Repository/02-Side Icons(Organization)/2FA/button_2FA' is visible

2022-10-17 15:12:41 - [MESSAGE][PASSED] - Object 'Object Repository/02-Side Icons(Organization)/2FA/button_2FA' is visible

2022-10-17 15:12:41 - [TEST_STEP][PASSED] - verifyElementVisible(findTestObject("02-Side Icons(Organization)/Add Contact/button_add new user")): Object 'Object Repository/02-Side Icons(Organization)/Add Contact/button_add new user' is visible

2022-10-17 15:12:41 - [MESSAGE][PASSED] - Object 'Object Repository/02-Side Icons(Organization)/Add Contact/button_add new user' is visible

2022-10-17 15:12:41 - [TEST_STEP][PASSED] - verifyElementVisible(findTestObject("02-Side Icons(Organization)/Client Assignment/button_Client assignment")): Object 'Object Repository/02-Side Icons(Organization)/Client Assignment/button_Client assignment' is visible

2022-10-17 15:12:42 - [MESSAGE][PASSED] - Object 'Object Repository/02-Side Icons(Organization)/Client Assignment/button_Client assignment' is visible

2022-10-17 15:12:42 - [TEST_STEP][PASSED] - delay(0): Delayed 0 second(s)

2022-10-17 15:12:42 - [MESSAGE][PASSED] - Delayed 0 second(s)

2022-10-17 15:12:42 - [TEST_STEP][PASSED] - closeBrowser(): Browser is closed

2022-10-17 15:12:42 - [MESSAGE][PASSED] - Browser is closed]]></system-out>
         <system-err><![CDATA[]]></system-err>
      </testcase>
      <system-out><![CDATA[2022-10-17 15:11:12 - [TEST_SUITE][PASSED] - 02-Side Icons: Test Cases/02-Side Icons (Organization)/04-(Hide Quick Shortcuts)]]></system-out>
      <system-err><![CDATA[]]></system-err>
   </testsuite>
</testsuites>
