<?xml version="1.0" encoding="UTF-8"?>
<testsuites name="12-EL Sign" time="275.221" tests="4" failures="0" errors="0">
   <testsuite name="12-EL Sign" tests="4" failures="0" errors="0" time="275.221" skipped="0" timestamp="2023-01-17 16:41:21" hostname="asus - DESKTOP-3L3J9C1" id="Test Suites/TS-Organization/12-EL Sign">
      <properties>
         <property name="deviceName" value=""/>
         <property name="devicePlatform" value=""/>
         <property name="logFolder" value="C:\\Users\\asus\\Katalon Studio\\Everleagues\\Everleagues\\Reports\\20230117_164107\\TS-Organization\\12-EL Sign\\20230117_164107"/>
         <property name="logFiles" value="C:\\Users\\asus\\Katalon Studio\\Everleagues\\Everleagues\\Reports\\20230117_164107\\TS-Organization\\12-EL Sign\\20230117_164107\\execution0.log"/>
         <property name="attachments" value=""/>
         <property name="hostName" value="asus - DESKTOP-3L3J9C1"/>
         <property name="os" value="Windows 10 64bit"/>
         <property name="katalonVersion" value="8.4.1.208"/>
         <property name="browser" value="Chrome 109.0.0.0"/>
         <property name="hostAddress" value="192.168.5.88"/>
         <property name="sessionId" value="863cd90d18ad98cda97c072fccea2d74"/>
         <property name="seleniumVersion" value="3.141.59"/>
         <property name="proxyInformation" value="ProxyInformation { proxyOption=NO_PROXY, proxyServerType=HTTP, username=, password=********, proxyServerAddress=, proxyServerPort=0, executionList=&quot;&quot;, isApplyToDesiredCapabilities=true }"/>
         <property name="platform" value="Windows 10"/>
      </properties>
      <testcase name="Test Cases/12-EL Sign/01-Send Documents (Upload a file-required field is blank)" time="159.706" classname="Test Cases/12-EL Sign/01-Send Documents (Upload a file-required field is blank)" status="PASSED">
         <system-out><![CDATA[2023-01-17 16:41:23 - [TEST_CASE][PASSED] - Test Cases/12-EL Sign/01-Send Documents (Upload a file-required field is blank): Test Cases/12-EL Sign/01-Send Documents (Upload a file-required field is blank)

2023-01-17 16:41:25 - [TEST_STEP][PASSED] - openBrowser(""): Browser is opened with url: ''

2023-01-17 16:41:27 - [MESSAGE][INFO] - Starting 'Chrome' driver

2023-01-17 16:41:27 - [MESSAGE][INFO] - Action delay is set to 0 milliseconds

2023-01-17 16:41:38 - [MESSAGE][PASSED] - Browser is opened with url: ''

2023-01-17 16:41:38 - [TEST_STEP][PASSED] - navigateToUrl("https://lab.everleagues.com/"): Navigate to 'https://lab.everleagues.com/' successfully

2023-01-17 16:42:09 - [MESSAGE][PASSED] - Navigate to 'https://lab.everleagues.com/' successfully

2023-01-17 16:42:09 - [TEST_STEP][PASSED] - maximizeWindow(): Current window maximized

2023-01-17 16:42:09 - [MESSAGE][PASSED] - Current window maximized

2023-01-17 16:42:09 - [TEST_STEP][PASSED] - callTestCase(findTestCase("01-Login and Forgot Password/Login(Valid Credentials-With Subscription)"), [:], STOP_ON_FAILURE): Call Test Case 'Test Cases/01-Login and Forgot Password/Login(Valid Credentials-With Subscription)' successfully

2023-01-17 16:42:10 - [TEST_CASE][PASSED] - Test Cases/01-Login and Forgot Password/Login(Valid Credentials-With Subscription): Test Cases/01-Login and Forgot Password/Login(Valid Credentials-With Subscription)

2023-01-17 16:42:13 - [TEST_STEP][PASSED] - setText(findTestObject("01-Login and Forgot Password/input_Email_email"), "testuser02@mailinator.com"): Text 'testuser02@mailinator.com' is set on object 'Object Repository/01-Login and Forgot Password/input_Email_email'

2023-01-17 16:42:16 - [MESSAGE][PASSED] - Text 'testuser02@mailinator.com' is set on object 'Object Repository/01-Login and Forgot Password/input_Email_email'

2023-01-17 16:42:16 - [TEST_STEP][PASSED] - setEncryptedText(findTestObject("01-Login and Forgot Password/input_Email_password"), "8yFRyszE6U6jvsCn51OQbg=="): Text ****** has been set on object 'Object Repository/01-Login and Forgot Password/input_Email_password'

2023-01-17 16:42:18 - [MESSAGE][PASSED] - Text ****** has been set on object 'Object Repository/01-Login and Forgot Password/input_Email_password'

2023-01-17 16:42:18 - [TEST_STEP][PASSED] - delay(2): Delayed 2 second(s)

2023-01-17 16:42:20 - [MESSAGE][PASSED] - Delayed 2 second(s)

2023-01-17 16:42:20 - [TEST_STEP][PASSED] - click(findTestObject("01-Login and Forgot Password/show pass button")): Object: 'Object Repository/01-Login and Forgot Password/show pass button' is clicked on

2023-01-17 16:42:22 - [MESSAGE][PASSED] - Object: 'Object Repository/01-Login and Forgot Password/show pass button' is clicked on

2023-01-17 16:42:22 - [TEST_STEP][PASSED] - delay(3): Delayed 3 second(s)

2023-01-17 16:42:25 - [MESSAGE][PASSED] - Delayed 3 second(s)

2023-01-17 16:42:25 - [TEST_STEP][PASSED] - click(findTestObject("01-Login and Forgot Password/button_Sign in")): Object: 'Object Repository/01-Login and Forgot Password/button_Sign in' is clicked on

2023-01-17 16:42:27 - [MESSAGE][PASSED] - Object: 'Object Repository/01-Login and Forgot Password/button_Sign in' is clicked on

2023-01-17 16:42:27 - [TEST_STEP][PASSED] - delay(3): Delayed 3 second(s)

2023-01-17 16:42:30 - [MESSAGE][PASSED] - Delayed 3 second(s)

2023-01-17 16:42:30 - [TEST_STEP][PASSED] - click(findTestObject("06-Teams/For 2FA/button_Confirm_2FA")): Object: 'Object Repository/06-Teams/For 2FA/button_Confirm_2FA' is clicked on

2023-01-17 16:42:30 - [MESSAGE][PASSED] - Object: 'Object Repository/06-Teams/For 2FA/button_Confirm_2FA' is clicked on

2023-01-17 16:42:30 - [TEST_STEP][PASSED] - executeJavaScript("window.open();", []): Execute JavaScript 'window.open();' successfully

2023-01-17 16:42:32 - [MESSAGE][PASSED] - Execute JavaScript 'window.open();' successfully

2023-01-17 16:42:32 - [TEST_STEP][PASSED] - currentWindow = getWindowIndex(): Current window's index is: 0

2023-01-17 16:42:32 - [MESSAGE][PASSED] - Current window's index is: 0

2023-01-17 16:42:32 - [TEST_STEP][PASSED] - delay(3): Delayed 3 second(s)

2023-01-17 16:42:35 - [MESSAGE][PASSED] - Delayed 3 second(s)

2023-01-17 16:42:35 - [TEST_STEP][PASSED] - switchToWindowIndex(currentWindow + 1): Switched to window with index: '1'

2023-01-17 16:42:35 - [MESSAGE][PASSED] - Switched to window with index: '1'

2023-01-17 16:42:35 - [TEST_STEP][PASSED] - navigateToUrl("https://www.mailinator.com/"): Navigate to 'https://www.mailinator.com/' successfully

2023-01-17 16:42:43 - [MESSAGE][PASSED] - Navigate to 'https://www.mailinator.com/' successfully

2023-01-17 16:42:43 - [TEST_STEP][PASSED] - delay(3): Delayed 3 second(s)

2023-01-17 16:42:46 - [MESSAGE][PASSED] - Delayed 3 second(s)

2023-01-17 16:42:46 - [TEST_STEP][PASSED] - setText(findTestObject("00-Signup and Activation/zMailinator/input_LOGIN_search"), "testuser02@mailinator.com"): Text 'testuser02@mailinator.com' is set on object 'Object Repository/00-Signup and Activation/zMailinator/input_LOGIN_search'

2023-01-17 16:42:48 - [MESSAGE][PASSED] - Text 'testuser02@mailinator.com' is set on object 'Object Repository/00-Signup and Activation/zMailinator/input_LOGIN_search'

2023-01-17 16:42:48 - [TEST_STEP][PASSED] - click(findTestObject("00-Signup and Activation/zMailinator/gobutton"), STOP_ON_FAILURE): Object: 'Object Repository/00-Signup and Activation/zMailinator/gobutton' is clicked on

2023-01-17 16:42:51 - [MESSAGE][PASSED] - Object: 'Object Repository/00-Signup and Activation/zMailinator/gobutton' is clicked on

2023-01-17 16:42:51 - [TEST_STEP][PASSED] - delay(3): Delayed 3 second(s)

2023-01-17 16:42:54 - [MESSAGE][PASSED] - Delayed 3 second(s)

2023-01-17 16:42:54 - [TEST_STEP][PASSED] - click(findTestObject("00-Signup and Activation/zMailinator/Email - everleagues")): Object: 'Object Repository/00-Signup and Activation/zMailinator/Email - everleagues' is clicked on

2023-01-17 16:42:56 - [MESSAGE][PASSED] - Object: 'Object Repository/00-Signup and Activation/zMailinator/Email - everleagues' is clicked on

2023-01-17 16:42:56 - [TEST_STEP][PASSED] - delay(3): Delayed 3 second(s)

2023-01-17 16:42:59 - [MESSAGE][PASSED] - Delayed 3 second(s)

2023-01-17 16:42:59 - [TEST_STEP][PASSED] - code = getText(findTestObject("Object Repository/06-Teams/For 2FA/2FA code")): Text of object 'Object Repository/06-Teams/For 2FA/2FA code' is: '879547'

2023-01-17 16:43:00 - [MESSAGE][PASSED] - Text of object 'Object Repository/06-Teams/For 2FA/2FA code' is: '879547'

2023-01-17 16:43:00 - [TEST_STEP][PASSED] - delay(3): Delayed 3 second(s)

2023-01-17 16:43:03 - [MESSAGE][PASSED] - Delayed 3 second(s)

2023-01-17 16:43:03 - [TEST_STEP][PASSED] - closeWindowTitle("Mailinator"): Window with title: 'Mailinator' is closed

2023-01-17 16:43:04 - [MESSAGE][PASSED] - Window with title: 'Mailinator' is closed

2023-01-17 16:43:04 - [TEST_STEP][PASSED] - delay(3): Delayed 3 second(s)

2023-01-17 16:43:07 - [MESSAGE][PASSED] - Delayed 3 second(s)

2023-01-17 16:43:07 - [TEST_STEP][PASSED] - switchToWindowIndex(0): Switched to window with index: '0'

2023-01-17 16:43:07 - [MESSAGE][PASSED] - Switched to window with index: '0'

2023-01-17 16:43:07 - [TEST_STEP][PASSED] - delay(3): Delayed 3 second(s)

2023-01-17 16:43:10 - [MESSAGE][PASSED] - Delayed 3 second(s)

2023-01-17 16:43:10 - [TEST_STEP][PASSED] - setText(findTestObject("Object Repository/06-Teams/For 2FA/input_Enter verification code_code"), code): Text '879547' is set on object 'Object Repository/06-Teams/For 2FA/input_Enter verification code_code'

2023-01-17 16:43:12 - [MESSAGE][PASSED] - Text '879547' is set on object 'Object Repository/06-Teams/For 2FA/input_Enter verification code_code'

2023-01-17 16:43:12 - [TEST_STEP][PASSED] - delay(3): Delayed 3 second(s)

2023-01-17 16:43:15 - [MESSAGE][PASSED] - Delayed 3 second(s)

2023-01-17 16:43:15 - [TEST_STEP][PASSED] - click(findTestObject("06-Teams/For 2FA/button_Verify_2FA")): Object: 'Object Repository/06-Teams/For 2FA/button_Verify_2FA' is clicked on

2023-01-17 16:43:17 - [MESSAGE][PASSED] - Object: 'Object Repository/06-Teams/For 2FA/button_Verify_2FA' is clicked on

2023-01-17 16:43:17 - [TEST_STEP][PASSED] - delay(3): Delayed 3 second(s)

2023-01-17 16:43:20 - [MESSAGE][PASSED] - Delayed 3 second(s)

2023-01-17 16:43:20 - [MESSAGE][PASSED] - Call Test Case 'Test Cases/01-Login and Forgot Password/Login(Valid Credentials-With Subscription)' successfully

2023-01-17 16:43:20 - [TEST_STEP][PASSED] - click(findTestObject("06-Teams/button_doublearrow")): Object: 'Object Repository/06-Teams/button_doublearrow' is clicked on

2023-01-17 16:43:24 - [MESSAGE][PASSED] - Object: 'Object Repository/06-Teams/button_doublearrow' is clicked on

2023-01-17 16:43:24 - [TEST_STEP][PASSED] - click(findTestObject("06-Teams/button_My Organizations")): Object: 'Object Repository/06-Teams/button_My Organizations' is clicked on

2023-01-17 16:43:25 - [MESSAGE][PASSED] - Object: 'Object Repository/06-Teams/button_My Organizations' is clicked on

2023-01-17 16:43:25 - [TEST_STEP][PASSED] - click(findTestObject("02-Side Icons(Organization)/Add Contact/button_Automation Test Org")): Object: 'Object Repository/02-Side Icons(Organization)/Add Contact/button_Automation Test Org' is clicked on

2023-01-17 16:43:27 - [MESSAGE][PASSED] - Object: 'Object Repository/02-Side Icons(Organization)/Add Contact/button_Automation Test Org' is clicked on

2023-01-17 16:43:27 - [TEST_STEP][PASSED] - delay(4): Delayed 4 second(s)

2023-01-17 16:43:31 - [MESSAGE][PASSED] - Delayed 4 second(s)

2023-01-17 16:43:31 - [TEST_STEP][PASSED] - verifyElementVisible(findTestObject("02-Side Icons(Organization)/Add Contact/span_Automation Test Org")): Object 'Object Repository/02-Side Icons(Organization)/Add Contact/span_Automation Test Org' is visible

2023-01-17 16:43:32 - [MESSAGE][PASSED] - Object 'Object Repository/02-Side Icons(Organization)/Add Contact/span_Automation Test Org' is visible

2023-01-17 16:43:32 - [TEST_STEP][PASSED] - delay(5): Delayed 5 second(s)

2023-01-17 16:43:37 - [MESSAGE][PASSED] - Delayed 5 second(s)

2023-01-17 16:43:37 - [TEST_STEP][PASSED] - scrollToElement(findTestObject("03-Header Menu/Hamburger Button/div_ELSign"), 0): Scroll to object 'Object Repository/03-Header Menu/Hamburger Button/div_ELSign' successfully

2023-01-17 16:43:37 - [MESSAGE][WARNING] - Timeout '0' is invalid. Using default page load timeout: '30'

2023-01-17 16:43:38 - [MESSAGE][PASSED] - Scroll to object 'Object Repository/03-Header Menu/Hamburger Button/div_ELSign' successfully

2023-01-17 16:43:38 - [TEST_STEP][PASSED] - click(findTestObject("03-Header Menu/Hamburger Button/div_ELSign")): Object: 'Object Repository/03-Header Menu/Hamburger Button/div_ELSign' is clicked on

2023-01-17 16:43:39 - [MESSAGE][PASSED] - Object: 'Object Repository/03-Header Menu/Hamburger Button/div_ELSign' is clicked on

2023-01-17 16:43:39 - [TEST_STEP][PASSED] - verifyElementVisible(findTestObject("03-Header Menu/Hamburger Button/div_ELSign")): Object 'Object Repository/03-Header Menu/Hamburger Button/div_ELSign' is visible

2023-01-17 16:43:42 - [MESSAGE][PASSED] - Object 'Object Repository/03-Header Menu/Hamburger Button/div_ELSign' is visible

2023-01-17 16:43:42 - [TEST_STEP][PASSED] - verifyElementVisible(findTestObject("12-EL Sign/h4_ELSign")): Object 'Object Repository/12-EL Sign/h4_ELSign' is visible

2023-01-17 16:43:43 - [MESSAGE][PASSED] - Object 'Object Repository/12-EL Sign/h4_ELSign' is visible

2023-01-17 16:43:43 - [TEST_STEP][PASSED] - delay(3): Delayed 3 second(s)

2023-01-17 16:43:46 - [MESSAGE][PASSED] - Delayed 3 second(s)

2023-01-17 16:43:46 - [TEST_STEP][PASSED] - click(findTestObject("12-EL Sign/div_Send Documents")): Object: 'Object Repository/12-EL Sign/div_Send Documents' is clicked on

2023-01-17 16:43:46 - [MESSAGE][PASSED] - Object: 'Object Repository/12-EL Sign/div_Send Documents' is clicked on

2023-01-17 16:43:46 - [TEST_STEP][PASSED] - uploadpackage.Upload.uploadFile(findTestObject("Object Repository/12-EL Sign/div_Drag and drop or Upload PDF or Word document here"), "C:\Users\asus\Desktop\EL automation\sample.pdf"): uploadpackage.Upload.uploadFile is PASSED

2023-01-17 16:43:48 - [MESSAGE][PASSED] - Object: 'Object Repository/12-EL Sign/div_Drag and drop or Upload PDF or Word document here' is clicked on

2023-01-17 16:43:50 - [MESSAGE][PASSED] - uploadpackage.Upload.uploadFile is PASSED

2023-01-17 16:43:50 - [TEST_STEP][PASSED] - delay(3): Delayed 3 second(s)

2023-01-17 16:43:53 - [MESSAGE][PASSED] - Delayed 3 second(s)

2023-01-17 16:43:53 - [TEST_STEP][PASSED] - click(findTestObject("12-EL Sign/input_documentTitle")): Object: 'Object Repository/12-EL Sign/input_documentTitle' is clicked on

2023-01-17 16:43:55 - [MESSAGE][PASSED] - Object: 'Object Repository/12-EL Sign/input_documentTitle' is clicked on

2023-01-17 16:43:55 - [TEST_STEP][PASSED] - sendKeys(findTestObject("Object Repository/12-EL Sign/input_documentTitle"), Keys.chord(CONTROL, "a")): Keys 'CONTROL + a' sent to object: 'Object Repository/12-EL Sign/input_documentTitle'

2023-01-17 16:43:57 - [MESSAGE][PASSED] - Keys 'CONTROL + a' sent to object: 'Object Repository/12-EL Sign/input_documentTitle'

2023-01-17 16:43:57 - [TEST_STEP][PASSED] - sendKeys(findTestObject("Object Repository/12-EL Sign/input_documentTitle"), Keys.chord(BACK_SPACE)): Keys 'BACK_SPACE + ' sent to object: 'Object Repository/12-EL Sign/input_documentTitle'

2023-01-17 16:43:57 - [MESSAGE][PASSED] - Keys 'BACK_SPACE + ' sent to object: 'Object Repository/12-EL Sign/input_documentTitle'

2023-01-17 16:43:57 - [TEST_STEP][PASSED] - clickOffset(findTestObject("12-EL Sign/h4_ELSign"), 100, 100): Object: 'Object Repository/12-EL Sign/h4_ELSign' is clicked on using offset x=100 and y=100

2023-01-17 16:43:58 - [MESSAGE][PASSED] - Object: 'Object Repository/12-EL Sign/h4_ELSign' is clicked on using offset x=100 and y=100

2023-01-17 16:43:58 - [TEST_STEP][PASSED] - verifyElementVisible(findTestObject("12-EL Sign/mat-error_Title is required")): Object 'Object Repository/12-EL Sign/mat-error_Title is required' is visible

2023-01-17 16:43:59 - [MESSAGE][PASSED] - Object 'Object Repository/12-EL Sign/mat-error_Title is required' is visible

2023-01-17 16:43:59 - [TEST_STEP][PASSED] - delay(3): Delayed 3 second(s)

2023-01-17 16:44:02 - [MESSAGE][PASSED] - Delayed 3 second(s)]]></system-out>
         <system-err><![CDATA[]]></system-err>
      </testcase>
      <testcase name="Test Cases/12-EL Sign/02-Send Documents (Upload a file-fill out required field)" time="14.94" classname="Test Cases/12-EL Sign/02-Send Documents (Upload a file-fill out required field)" status="PASSED">
         <system-out><![CDATA[2023-01-17 16:44:02 - [TEST_CASE][PASSED] - Test Cases/12-EL Sign/02-Send Documents (Upload a file-fill out required field): Test Cases/12-EL Sign/02-Send Documents (Upload a file-fill out required field)

2023-01-17 16:44:04 - [TEST_STEP][PASSED] - setText(findTestObject("12-EL Sign/input_documentTitle"), "sample.pdf"): Text 'sample.pdf' is set on object 'Object Repository/12-EL Sign/input_documentTitle'

2023-01-17 16:44:07 - [MESSAGE][PASSED] - Text 'sample.pdf' is set on object 'Object Repository/12-EL Sign/input_documentTitle'

2023-01-17 16:44:07 - [TEST_STEP][PASSED] - click(findTestObject("12-EL Sign/button_UPLOAD")): Object: 'Object Repository/12-EL Sign/button_UPLOAD' is clicked on

2023-01-17 16:44:09 - [MESSAGE][PASSED] - Object: 'Object Repository/12-EL Sign/button_UPLOAD' is clicked on

2023-01-17 16:44:09 - [TEST_STEP][PASSED] - delay(3): Delayed 3 second(s)

2023-01-17 16:44:12 - [MESSAGE][PASSED] - Delayed 3 second(s)

2023-01-17 16:44:12 - [TEST_STEP][PASSED] - click(findTestObject("12-EL Sign/button_homeELSIGN DOCUMENTS")): Object: 'Object Repository/12-EL Sign/button_homeELSIGN DOCUMENTS' is clicked on

2023-01-17 16:44:14 - [MESSAGE][PASSED] - Object: 'Object Repository/12-EL Sign/button_homeELSIGN DOCUMENTS' is clicked on

2023-01-17 16:44:14 - [TEST_STEP][PASSED] - delay(3): Delayed 3 second(s)

2023-01-17 16:44:17 - [MESSAGE][PASSED] - Delayed 3 second(s)]]></system-out>
         <system-err><![CDATA[]]></system-err>
      </testcase>
      <testcase name="Test Cases/12-EL Sign/03-Send Documents (Function buttons)" time="60.459" classname="Test Cases/12-EL Sign/03-Send Documents (Function buttons)" status="PASSED">
         <system-out><![CDATA[2023-01-17 16:44:17 - [TEST_CASE][PASSED] - Test Cases/12-EL Sign/03-Send Documents (Function buttons): Test Cases/12-EL Sign/03-Send Documents (Function buttons)

2023-01-17 16:44:19 - [TEST_STEP][PASSED] - click(findTestObject("12-EL Sign/mat-icon_refresh")): Object: 'Object Repository/12-EL Sign/mat-icon_refresh' is clicked on

2023-01-17 16:44:20 - [MESSAGE][PASSED] - Object: 'Object Repository/12-EL Sign/mat-icon_refresh' is clicked on

2023-01-17 16:44:20 - [TEST_STEP][PASSED] - delay(3): Delayed 3 second(s)

2023-01-17 16:44:23 - [MESSAGE][PASSED] - Delayed 3 second(s)

2023-01-17 16:44:23 - [TEST_STEP][PASSED] - click(findTestObject("12-EL Sign/mat-icon_configureColumns")): Object: 'Object Repository/12-EL Sign/mat-icon_configureColumns' is clicked on

2023-01-17 16:44:25 - [MESSAGE][PASSED] - Object: 'Object Repository/12-EL Sign/mat-icon_configureColumns' is clicked on

2023-01-17 16:44:25 - [TEST_STEP][PASSED] - click(findTestObject("12-EL Sign/mat-dialog-container_configureColumnModal")): Object: 'Object Repository/12-EL Sign/mat-dialog-container_configureColumnModal' is clicked on

2023-01-17 16:44:28 - [MESSAGE][PASSED] - Object: 'Object Repository/12-EL Sign/mat-dialog-container_configureColumnModal' is clicked on

2023-01-17 16:44:28 - [TEST_STEP][PASSED] - click(findTestObject("12-EL Sign/span_ELSign Tracking Id")): Object: 'Object Repository/12-EL Sign/span_ELSign Tracking Id' is clicked on

2023-01-17 16:44:29 - [MESSAGE][PASSED] - Object: 'Object Repository/12-EL Sign/span_ELSign Tracking Id' is clicked on

2023-01-17 16:44:29 - [TEST_STEP][PASSED] - click(findTestObject("12-EL Sign/span_Document Name")): Object: 'Object Repository/12-EL Sign/span_Document Name' is clicked on

2023-01-17 16:44:30 - [MESSAGE][PASSED] - Object: 'Object Repository/12-EL Sign/span_Document Name' is clicked on

2023-01-17 16:44:30 - [TEST_STEP][PASSED] - click(findTestObject("12-EL Sign/span_Status")): Object: 'Object Repository/12-EL Sign/span_Status' is clicked on

2023-01-17 16:44:31 - [MESSAGE][PASSED] - Object: 'Object Repository/12-EL Sign/span_Status' is clicked on

2023-01-17 16:44:31 - [TEST_STEP][PASSED] - click(findTestObject("12-EL Sign/span_Signer Status")): Object: 'Object Repository/12-EL Sign/span_Signer Status' is clicked on

2023-01-17 16:44:33 - [MESSAGE][PASSED] - Object: 'Object Repository/12-EL Sign/span_Signer Status' is clicked on

2023-01-17 16:44:33 - [TEST_STEP][PASSED] - click(findTestObject("12-EL Sign/span_View")): Object: 'Object Repository/12-EL Sign/span_View' is clicked on

2023-01-17 16:44:34 - [MESSAGE][PASSED] - Object: 'Object Repository/12-EL Sign/span_View' is clicked on

2023-01-17 16:44:34 - [TEST_STEP][PASSED] - click(findTestObject("12-EL Sign/span_Certificate")): Object: 'Object Repository/12-EL Sign/span_Certificate' is clicked on

2023-01-17 16:44:35 - [MESSAGE][PASSED] - Object: 'Object Repository/12-EL Sign/span_Certificate' is clicked on

2023-01-17 16:44:35 - [TEST_STEP][PASSED] - click(findTestObject("12-EL Sign/span_Delete")): Object: 'Object Repository/12-EL Sign/span_Delete' is clicked on

2023-01-17 16:44:37 - [MESSAGE][PASSED] - Object: 'Object Repository/12-EL Sign/span_Delete' is clicked on

2023-01-17 16:44:37 - [TEST_STEP][PASSED] - click(findTestObject("12-EL Sign/span_History")): Object: 'Object Repository/12-EL Sign/span_History' is clicked on

2023-01-17 16:44:38 - [MESSAGE][PASSED] - Object: 'Object Repository/12-EL Sign/span_History' is clicked on

2023-01-17 16:44:38 - [TEST_STEP][PASSED] - click(findTestObject("12-EL Sign/span_Reminder")): Object: 'Object Repository/12-EL Sign/span_Reminder' is clicked on

2023-01-17 16:44:39 - [MESSAGE][PASSED] - Object: 'Object Repository/12-EL Sign/span_Reminder' is clicked on

2023-01-17 16:44:39 - [TEST_STEP][PASSED] - click(findTestObject("12-EL Sign/span_Last Modified")): Object: 'Object Repository/12-EL Sign/span_Last Modified' is clicked on

2023-01-17 16:44:40 - [MESSAGE][PASSED] - Object: 'Object Repository/12-EL Sign/span_Last Modified' is clicked on

2023-01-17 16:44:40 - [TEST_STEP][PASSED] - delay(3): Delayed 3 second(s)

2023-01-17 16:44:43 - [MESSAGE][PASSED] - Delayed 3 second(s)

2023-01-17 16:44:43 - [TEST_STEP][PASSED] - click(findTestObject("12-EL Sign/span_ELSign Tracking Id")): Object: 'Object Repository/12-EL Sign/span_ELSign Tracking Id' is clicked on

2023-01-17 16:44:44 - [MESSAGE][PASSED] - Object: 'Object Repository/12-EL Sign/span_ELSign Tracking Id' is clicked on

2023-01-17 16:44:44 - [TEST_STEP][PASSED] - click(findTestObject("12-EL Sign/span_Document Name")): Object: 'Object Repository/12-EL Sign/span_Document Name' is clicked on

2023-01-17 16:44:46 - [MESSAGE][PASSED] - Object: 'Object Repository/12-EL Sign/span_Document Name' is clicked on

2023-01-17 16:44:46 - [TEST_STEP][PASSED] - click(findTestObject("12-EL Sign/span_Status")): Object: 'Object Repository/12-EL Sign/span_Status' is clicked on

2023-01-17 16:44:48 - [MESSAGE][PASSED] - Object: 'Object Repository/12-EL Sign/span_Status' is clicked on

2023-01-17 16:44:48 - [TEST_STEP][PASSED] - click(findTestObject("12-EL Sign/span_Signer Status")): Object: 'Object Repository/12-EL Sign/span_Signer Status' is clicked on

2023-01-17 16:44:49 - [MESSAGE][PASSED] - Object: 'Object Repository/12-EL Sign/span_Signer Status' is clicked on

2023-01-17 16:44:49 - [TEST_STEP][PASSED] - click(findTestObject("12-EL Sign/span_View")): Object: 'Object Repository/12-EL Sign/span_View' is clicked on

2023-01-17 16:44:50 - [MESSAGE][PASSED] - Object: 'Object Repository/12-EL Sign/span_View' is clicked on

2023-01-17 16:44:50 - [TEST_STEP][PASSED] - click(findTestObject("12-EL Sign/span_Download")): Object: 'Object Repository/12-EL Sign/span_Download' is clicked on

2023-01-17 16:44:51 - [MESSAGE][PASSED] - Object: 'Object Repository/12-EL Sign/span_Download' is clicked on

2023-01-17 16:44:51 - [TEST_STEP][PASSED] - click(findTestObject("12-EL Sign/span_Certificate")): Object: 'Object Repository/12-EL Sign/span_Certificate' is clicked on

2023-01-17 16:44:53 - [MESSAGE][PASSED] - Object: 'Object Repository/12-EL Sign/span_Certificate' is clicked on

2023-01-17 16:44:53 - [TEST_STEP][PASSED] - click(findTestObject("12-EL Sign/span_Delete")): Object: 'Object Repository/12-EL Sign/span_Delete' is clicked on

2023-01-17 16:44:54 - [MESSAGE][PASSED] - Object: 'Object Repository/12-EL Sign/span_Delete' is clicked on

2023-01-17 16:44:54 - [TEST_STEP][PASSED] - click(findTestObject("12-EL Sign/span_History")): Object: 'Object Repository/12-EL Sign/span_History' is clicked on

2023-01-17 16:44:55 - [MESSAGE][PASSED] - Object: 'Object Repository/12-EL Sign/span_History' is clicked on

2023-01-17 16:44:55 - [TEST_STEP][PASSED] - click(findTestObject("12-EL Sign/span_Reminder")): Object: 'Object Repository/12-EL Sign/span_Reminder' is clicked on

2023-01-17 16:44:56 - [MESSAGE][PASSED] - Object: 'Object Repository/12-EL Sign/span_Reminder' is clicked on

2023-01-17 16:44:56 - [TEST_STEP][PASSED] - click(findTestObject("12-EL Sign/span_Last Modified")): Object: 'Object Repository/12-EL Sign/span_Last Modified' is clicked on

2023-01-17 16:44:58 - [MESSAGE][PASSED] - Object: 'Object Repository/12-EL Sign/span_Last Modified' is clicked on

2023-01-17 16:44:58 - [TEST_STEP][PASSED] - delay(3): Delayed 3 second(s)

2023-01-17 16:45:01 - [MESSAGE][PASSED] - Delayed 3 second(s)

2023-01-17 16:45:01 - [TEST_STEP][PASSED] - click(findTestObject("12-EL Sign/button_CLOSE")): Object: 'Object Repository/12-EL Sign/button_CLOSE' is clicked on

2023-01-17 16:45:02 - [MESSAGE][PASSED] - Object: 'Object Repository/12-EL Sign/button_CLOSE' is clicked on

2023-01-17 16:45:02 - [TEST_STEP][PASSED] - delay(3): Delayed 3 second(s)

2023-01-17 16:45:05 - [MESSAGE][PASSED] - Delayed 3 second(s)

2023-01-17 16:45:05 - [TEST_STEP][PASSED] - click(findTestObject("12-EL Sign/mat-icon_exportCSV")): Object: 'Object Repository/12-EL Sign/mat-icon_exportCSV' is clicked on

2023-01-17 16:45:07 - [MESSAGE][PASSED] - Object: 'Object Repository/12-EL Sign/mat-icon_exportCSV' is clicked on

2023-01-17 16:45:07 - [TEST_STEP][PASSED] - delay(3): Delayed 3 second(s)

2023-01-17 16:45:10 - [MESSAGE][PASSED] - Delayed 3 second(s)

2023-01-17 16:45:10 - [TEST_STEP][PASSED] - click(findTestObject("12-EL Sign/mat-icon_expandAll")): Object: 'Object Repository/12-EL Sign/mat-icon_expandAll' is clicked on

2023-01-17 16:45:11 - [MESSAGE][PASSED] - Object: 'Object Repository/12-EL Sign/mat-icon_expandAll' is clicked on

2023-01-17 16:45:11 - [TEST_STEP][PASSED] - delay(3): Delayed 3 second(s)

2023-01-17 16:45:14 - [MESSAGE][PASSED] - Delayed 3 second(s)

2023-01-17 16:45:14 - [TEST_STEP][PASSED] - click(findTestObject("12-EL Sign/mat-icon_refit")): Object: 'Object Repository/12-EL Sign/mat-icon_refit' is clicked on

2023-01-17 16:45:15 - [MESSAGE][PASSED] - Object: 'Object Repository/12-EL Sign/mat-icon_refit' is clicked on

2023-01-17 16:45:15 - [TEST_STEP][PASSED] - delay(3): Delayed 3 second(s)

2023-01-17 16:45:18 - [MESSAGE][PASSED] - Delayed 3 second(s)]]></system-out>
         <system-err><![CDATA[]]></system-err>
      </testcase>
      <testcase name="Test Cases/12-EL Sign/04-Send Documents (Add Signer and guest- required field is blank)" time="38.638" classname="Test Cases/12-EL Sign/04-Send Documents (Add Signer and guest- required field is blank)" status="PASSED">
         <system-out><![CDATA[2023-01-17 16:45:18 - [TEST_CASE][PASSED] - Test Cases/12-EL Sign/04-Send Documents (Add Signer and guest- required field is blank): Test Cases/12-EL Sign/04-Send Documents (Add Signer and guest- required field is blank)

2023-01-17 16:45:20 - [TEST_STEP][PASSED] - click(findTestObject("12-EL Sign/div_ELSignTrackID")): Object: 'Object Repository/12-EL Sign/div_ELSignTrackID' is clicked on

2023-01-17 16:45:21 - [MESSAGE][PASSED] - Object: 'Object Repository/12-EL Sign/div_ELSignTrackID' is clicked on

2023-01-17 16:45:21 - [TEST_STEP][PASSED] - delay(3): Delayed 3 second(s)

2023-01-17 16:45:24 - [MESSAGE][PASSED] - Delayed 3 second(s)

2023-01-17 16:45:24 - [TEST_STEP][PASSED] - click(findTestObject("12-EL Sign/span_COMPLETE")): Object: 'Object Repository/12-EL Sign/span_COMPLETE' is clicked on

2023-01-17 16:45:25 - [MESSAGE][PASSED] - Object: 'Object Repository/12-EL Sign/span_COMPLETE' is clicked on

2023-01-17 16:45:25 - [TEST_STEP][PASSED] - verifyElementVisible(findTestObject("12-EL Sign/snack-bar-container_Please add signer and field")): Object 'Object Repository/12-EL Sign/snack-bar-container_Please add signer and field' is visible

2023-01-17 16:45:27 - [MESSAGE][PASSED] - Object 'Object Repository/12-EL Sign/snack-bar-container_Please add signer and field' is visible

2023-01-17 16:45:27 - [TEST_STEP][PASSED] - delay(3): Delayed 3 second(s)

2023-01-17 16:45:30 - [MESSAGE][PASSED] - Delayed 3 second(s)

2023-01-17 16:45:30 - [TEST_STEP][PASSED] - click(findTestObject("12-EL Sign/button_personADD SIGNER  FIELD")): Object: 'Object Repository/12-EL Sign/button_personADD SIGNER  FIELD' is clicked on

2023-01-17 16:45:32 - [MESSAGE][PASSED] - Object: 'Object Repository/12-EL Sign/button_personADD SIGNER  FIELD' is clicked on

2023-01-17 16:45:32 - [TEST_STEP][PASSED] - verifyElementVisible(findTestObject("12-EL Sign/mat-dialog-container_AddSignerModal")): Object 'Object Repository/12-EL Sign/mat-dialog-container_AddSignerModal' is visible

2023-01-17 16:45:33 - [MESSAGE][PASSED] - Object 'Object Repository/12-EL Sign/mat-dialog-container_AddSignerModal' is visible

2023-01-17 16:45:33 - [TEST_STEP][PASSED] - click(findTestObject("12-EL Sign/input_Search for a Signer")): Object: 'Object Repository/12-EL Sign/input_Search for a Signer' is clicked on

2023-01-17 16:45:34 - [MESSAGE][PASSED] - Object: 'Object Repository/12-EL Sign/input_Search for a Signer' is clicked on

2023-01-17 16:45:34 - [TEST_STEP][PASSED] - sendKeys(findTestObject("12-EL Sign/input_Search for a Signer"), Keys.chord(ESCAPE)): Keys 'ESCAPE + ' sent to object: 'Object Repository/12-EL Sign/input_Search for a Signer'

2023-01-17 16:45:35 - [MESSAGE][PASSED] - Keys 'ESCAPE + ' sent to object: 'Object Repository/12-EL Sign/input_Search for a Signer'

2023-01-17 16:45:35 - [TEST_STEP][PASSED] - click(findTestObject("12-EL Sign/input_Receiver email address")): Object: 'Object Repository/12-EL Sign/input_Receiver email address' is clicked on

2023-01-17 16:45:37 - [MESSAGE][PASSED] - Object: 'Object Repository/12-EL Sign/input_Receiver email address' is clicked on

2023-01-17 16:45:37 - [TEST_STEP][PASSED] - clickOffset(findTestObject("12-EL Sign/input_Receiver email address"), 100, 100): Object: 'Object Repository/12-EL Sign/input_Receiver email address' is clicked on using offset x=100 and y=100

2023-01-17 16:45:38 - [MESSAGE][PASSED] - Object: 'Object Repository/12-EL Sign/input_Receiver email address' is clicked on using offset x=100 and y=100

2023-01-17 16:45:38 - [TEST_STEP][PASSED] - verifyElementVisible(findTestObject("12-EL Sign/mat-error_Signer name is required")): Object 'Object Repository/12-EL Sign/mat-error_Signer name is required' is visible

2023-01-17 16:45:38 - [MESSAGE][PASSED] - Object 'Object Repository/12-EL Sign/mat-error_Signer name is required' is visible

2023-01-17 16:45:38 - [TEST_STEP][PASSED] - verifyElementVisible(findTestObject("12-EL Sign/mat-error_Email address is required")): Object 'Object Repository/12-EL Sign/mat-error_Email address is required' is visible

2023-01-17 16:45:39 - [MESSAGE][PASSED] - Object 'Object Repository/12-EL Sign/mat-error_Email address is required' is visible

2023-01-17 16:45:39 - [TEST_STEP][PASSED] - scrollToElement(findTestObject("12-EL Sign/button_SAVE"), 0): Scroll to object 'Object Repository/12-EL Sign/button_SAVE' successfully

2023-01-17 16:45:40 - [MESSAGE][WARNING] - Timeout '0' is invalid. Using default page load timeout: '30'

2023-01-17 16:45:40 - [MESSAGE][PASSED] - Scroll to object 'Object Repository/12-EL Sign/button_SAVE' successfully

2023-01-17 16:45:40 - [TEST_STEP][PASSED] - verifyElementNotClickable(findTestObject("12-EL Sign/button_SAVE")): Object 'Object Repository/12-EL Sign/button_SAVE' is NOT clickable

2023-01-17 16:45:41 - [MESSAGE][PASSED] - Object 'Object Repository/12-EL Sign/button_SAVE' is NOT clickable

2023-01-17 16:45:41 - [TEST_STEP][PASSED] - click(findTestObject("12-EL Sign/button_CANCEL")): Object: 'Object Repository/12-EL Sign/button_CANCEL' is clicked on

2023-01-17 16:45:42 - [MESSAGE][PASSED] - Object: 'Object Repository/12-EL Sign/button_CANCEL' is clicked on

2023-01-17 16:45:42 - [TEST_STEP][PASSED] - delay(3): Delayed 3 second(s)

2023-01-17 16:45:45 - [MESSAGE][PASSED] - Delayed 3 second(s)

2023-01-17 16:45:45 - [TEST_STEP][PASSED] - click(findTestObject("12-EL Sign/button_personADD SIGNER  FIELD")): Object: 'Object Repository/12-EL Sign/button_personADD SIGNER  FIELD' is clicked on

2023-01-17 16:45:47 - [MESSAGE][PASSED] - Object: 'Object Repository/12-EL Sign/button_personADD SIGNER  FIELD' is clicked on

2023-01-17 16:45:47 - [TEST_STEP][PASSED] - delay(3): Delayed 3 second(s)

2023-01-17 16:45:50 - [MESSAGE][PASSED] - Delayed 3 second(s)

2023-01-17 16:45:50 - [TEST_STEP][PASSED] - click(findTestObject("12-EL Sign/button_person_outlineADD GUEST")): Object: 'Object Repository/12-EL Sign/button_person_outlineADD GUEST' is clicked on

2023-01-17 16:45:52 - [MESSAGE][PASSED] - Object: 'Object Repository/12-EL Sign/button_person_outlineADD GUEST' is clicked on

2023-01-17 16:45:52 - [TEST_STEP][PASSED] - verifyElementVisible(findTestObject("12-EL Sign/mat-dialog-container_New GuestModal")): Object 'Object Repository/12-EL Sign/mat-dialog-container_New GuestModal' is visible

2023-01-17 16:45:54 - [MESSAGE][PASSED] - Object 'Object Repository/12-EL Sign/mat-dialog-container_New GuestModal' is visible

2023-01-17 16:45:54 - [TEST_STEP][PASSED] - click(findTestObject("12-EL Sign/input_GuestEmailAddress")): Object: 'Object Repository/12-EL Sign/input_GuestEmailAddress' is clicked on

2023-01-17 16:45:54 - [MESSAGE][PASSED] - Object: 'Object Repository/12-EL Sign/input_GuestEmailAddress' is clicked on

2023-01-17 16:45:54 - [TEST_STEP][PASSED] - sendKeys(findTestObject("12-EL Sign/input_GuestEmailAddress"), Keys.chord(ESCAPE)): Keys 'ESCAPE + ' sent to object: 'Object Repository/12-EL Sign/input_GuestEmailAddress'

2023-01-17 16:45:55 - [MESSAGE][PASSED] - Keys 'ESCAPE + ' sent to object: 'Object Repository/12-EL Sign/input_GuestEmailAddress'

2023-01-17 16:45:55 - [TEST_STEP][PASSED] - click(findTestObject("12-EL Sign/mat-icon_clear")): Object: 'Object Repository/12-EL Sign/mat-icon_clear' is clicked on

2023-01-17 16:45:56 - [MESSAGE][PASSED] - Object: 'Object Repository/12-EL Sign/mat-icon_clear' is clicked on]]></system-out>
         <system-err><![CDATA[]]></system-err>
      </testcase>
      <system-out><![CDATA[2023-01-17 16:41:21 - [TEST_SUITE][PASSED] - 12-EL Sign: Test Cases/12-EL Sign/04-Send Documents (Add Signer and guest- required field is blank)]]></system-out>
      <system-err><![CDATA[]]></system-err>
   </testsuite>
</testsuites>
