<?xml version="1.0" encoding="UTF-8"?>
<testsuites name="02-Side Icons" time="134.888" tests="4" failures="0" errors="0">
   <testsuite name="02-Side Icons" tests="4" failures="0" errors="0" time="134.888" skipped="0" timestamp="2022-05-13 15:03:52" hostname="User - DESKTOP-QCRNR4M" id="Test Suites/TS-Organization/02-Side Icons">
      <properties>
         <property name="deviceName" value=""/>
         <property name="devicePlatform" value=""/>
         <property name="logFolder" value="C:\\Users\\User\\Katalon Studio\\EverleaguesMain\\Reports\\20220513_150350\\TS-Organization\\02-Side Icons\\20220513_150350"/>
         <property name="logFiles" value="C:\\Users\\User\\Katalon Studio\\EverleaguesMain\\Reports\\20220513_150350\\TS-Organization\\02-Side Icons\\20220513_150350\\execution0.log"/>
         <property name="attachments" value=""/>
         <property name="hostName" value="User - DESKTOP-QCRNR4M"/>
         <property name="os" value="Windows 10 64bit"/>
         <property name="katalonVersion" value="8.3.0.208"/>
         <property name="browser" value="Chrome 101.0.4951.54"/>
         <property name="hostAddress" value="192.168.5.83"/>
         <property name="sessionId" value="40ffd2f8ced4fceb94eefe217e93917a"/>
         <property name="seleniumVersion" value="3.141.59"/>
         <property name="proxyInformation" value="ProxyInformation { proxyOption=NO_PROXY, proxyServerType=HTTP, username=, password=********, proxyServerAddress=, proxyServerPort=0, executionList=&quot;&quot;, isApplyToDesiredCapabilities=true }"/>
         <property name="platform" value="Windows 10"/>
      </properties>
      <testcase name="Test Cases/02-Side Icons (Organization)/01- (Add Contact)" time="102.151" classname="Test Cases/02-Side Icons (Organization)/01- (Add Contact)" status="PASSED">
         <system-out><![CDATA[2022-05-13 15:03:53 - [TEST_CASE][PASSED] - Test Cases/02-Side Icons (Organization)/01- (Add Contact): Test Cases/02-Side Icons (Organization)/01- (Add Contact)

2022-05-13 15:03:53 - [TEST_STEP][PASSED] - openBrowser(""): Browser is opened with url: ''

2022-05-13 15:03:53 - [MESSAGE][INFO] - Starting 'Chrome' driver

2022-05-13 15:03:53 - [MESSAGE][INFO] - Action delay is set to 0 milliseconds

2022-05-13 15:03:55 - [MESSAGE][PASSED] - Browser is opened with url: ''

2022-05-13 15:03:55 - [TEST_STEP][PASSED] - navigateToUrl("https://lab.everleagues.com/login?returnUrl=%2Fmain%2Fdashboard"): Navigate to 'https://lab.everleagues.com/login?returnUrl=%2Fmain%2Fdashboard' successfully

2022-05-13 15:04:18 - [MESSAGE][PASSED] - Navigate to 'https://lab.everleagues.com/login?returnUrl=%2Fmain%2Fdashboard' successfully

2022-05-13 15:04:18 - [TEST_STEP][PASSED] - maximizeWindow(): Current window maximized

2022-05-13 15:04:18 - [MESSAGE][PASSED] - Current window maximized

2022-05-13 15:04:18 - [TEST_STEP][PASSED] - setText(findTestObject("02-Side Icons(Organization)/Add Contact/Email Field"), "testuser01@mailinator.com"): Text 'testuser01@mailinator.com' is set on object 'Object Repository/02-Side Icons(Organization)/Add Contact/Email Field'

2022-05-13 15:04:19 - [MESSAGE][PASSED] - Text 'testuser01@mailinator.com' is set on object 'Object Repository/02-Side Icons(Organization)/Add Contact/Email Field'

2022-05-13 15:04:19 - [TEST_STEP][PASSED] - setEncryptedText(findTestObject("02-Side Icons(Organization)/Add Contact/Password Field"), "8yFRyszE6U6jvsCn51OQbg=="): Text ****** has been set on object 'Object Repository/02-Side Icons(Organization)/Add Contact/Password Field'

2022-05-13 15:04:20 - [MESSAGE][PASSED] - Text ****** has been set on object 'Object Repository/02-Side Icons(Organization)/Add Contact/Password Field'

2022-05-13 15:04:20 - [TEST_STEP][PASSED] - click(findTestObject("02-Side Icons(Organization)/Add Contact/button_Sign in")): Object: 'Object Repository/02-Side Icons(Organization)/Add Contact/button_Sign in' is clicked on

2022-05-13 15:04:21 - [MESSAGE][PASSED] - Object: 'Object Repository/02-Side Icons(Organization)/Add Contact/button_Sign in' is clicked on

2022-05-13 15:04:21 - [TEST_STEP][PASSED] - delay(2): Delayed 2 second(s)

2022-05-13 15:04:23 - [MESSAGE][PASSED] - Delayed 2 second(s)

2022-05-13 15:04:23 - [TEST_STEP][PASSED] - click(findTestObject("06-Teams/For 2FA/button_Confirm_2FA")): Object: 'Object Repository/06-Teams/For 2FA/button_Confirm_2FA' is clicked on

2022-05-13 15:04:23 - [MESSAGE][PASSED] - Object: 'Object Repository/06-Teams/For 2FA/button_Confirm_2FA' is clicked on

2022-05-13 15:04:23 - [TEST_STEP][PASSED] - executeJavaScript("window.open();", []): Execute JavaScript 'window.open();' successfully

2022-05-13 15:04:24 - [MESSAGE][PASSED] - Execute JavaScript 'window.open();' successfully

2022-05-13 15:04:24 - [TEST_STEP][PASSED] - currentWindow = getWindowIndex(): Current window's index is: 0

2022-05-13 15:04:24 - [MESSAGE][PASSED] - Current window's index is: 0

2022-05-13 15:04:24 - [TEST_STEP][PASSED] - delay(3): Delayed 3 second(s)

2022-05-13 15:04:27 - [MESSAGE][PASSED] - Delayed 3 second(s)

2022-05-13 15:04:27 - [TEST_STEP][PASSED] - switchToWindowIndex(currentWindow + 1): Switched to window with index: '1'

2022-05-13 15:04:27 - [MESSAGE][PASSED] - Switched to window with index: '1'

2022-05-13 15:04:27 - [TEST_STEP][PASSED] - navigateToUrl("https://www.mailinator.com/"): Navigate to 'https://www.mailinator.com/' successfully

2022-05-13 15:04:29 - [MESSAGE][PASSED] - Navigate to 'https://www.mailinator.com/' successfully

2022-05-13 15:04:29 - [TEST_STEP][PASSED] - delay(3): Delayed 3 second(s)

2022-05-13 15:04:32 - [MESSAGE][PASSED] - Delayed 3 second(s)

2022-05-13 15:04:32 - [TEST_STEP][PASSED] - setText(findTestObject("00-Signup and Activation/zMailinator/input_LOGIN_search"), "testuser01@mailinator.com"): Text 'testuser01@mailinator.com' is set on object 'Object Repository/00-Signup and Activation/zMailinator/input_LOGIN_search'

2022-05-13 15:04:33 - [MESSAGE][PASSED] - Text 'testuser01@mailinator.com' is set on object 'Object Repository/00-Signup and Activation/zMailinator/input_LOGIN_search'

2022-05-13 15:04:33 - [TEST_STEP][PASSED] - click(findTestObject("00-Signup and Activation/zMailinator/gobutton"), STOP_ON_FAILURE): Object: 'Object Repository/00-Signup and Activation/zMailinator/gobutton' is clicked on

2022-05-13 15:04:34 - [MESSAGE][PASSED] - Object: 'Object Repository/00-Signup and Activation/zMailinator/gobutton' is clicked on

2022-05-13 15:04:34 - [TEST_STEP][PASSED] - delay(3): Delayed 3 second(s)

2022-05-13 15:04:37 - [MESSAGE][PASSED] - Delayed 3 second(s)

2022-05-13 15:04:37 - [TEST_STEP][PASSED] - click(findTestObject("00-Signup and Activation/zMailinator/Email - everleagues")): Object: 'Object Repository/00-Signup and Activation/zMailinator/Email - everleagues' is clicked on

2022-05-13 15:04:37 - [MESSAGE][PASSED] - Object: 'Object Repository/00-Signup and Activation/zMailinator/Email - everleagues' is clicked on

2022-05-13 15:04:37 - [TEST_STEP][PASSED] - delay(3): Delayed 3 second(s)

2022-05-13 15:04:40 - [MESSAGE][PASSED] - Delayed 3 second(s)

2022-05-13 15:04:40 - [TEST_STEP][PASSED] - code = getText(findTestObject("Object Repository/06-Teams/For 2FA/2FA code")): Text of object 'Object Repository/06-Teams/For 2FA/2FA code' is: '320134'

2022-05-13 15:04:41 - [MESSAGE][PASSED] - Text of object 'Object Repository/06-Teams/For 2FA/2FA code' is: '320134'

2022-05-13 15:04:41 - [TEST_STEP][PASSED] - delay(3): Delayed 3 second(s)

2022-05-13 15:04:44 - [MESSAGE][PASSED] - Delayed 3 second(s)

2022-05-13 15:04:44 - [TEST_STEP][PASSED] - closeWindowTitle("Mailinator"): Window with title: 'Mailinator' is closed

2022-05-13 15:04:44 - [MESSAGE][PASSED] - Window with title: 'Mailinator' is closed

2022-05-13 15:04:44 - [TEST_STEP][PASSED] - delay(3): Delayed 3 second(s)

2022-05-13 15:04:47 - [MESSAGE][PASSED] - Delayed 3 second(s)

2022-05-13 15:04:47 - [TEST_STEP][PASSED] - switchToWindowIndex(0): Switched to window with index: '0'

2022-05-13 15:04:47 - [MESSAGE][PASSED] - Switched to window with index: '0'

2022-05-13 15:04:47 - [TEST_STEP][PASSED] - delay(3): Delayed 3 second(s)

2022-05-13 15:04:50 - [MESSAGE][PASSED] - Delayed 3 second(s)

2022-05-13 15:04:50 - [TEST_STEP][PASSED] - setText(findTestObject("Object Repository/06-Teams/For 2FA/input_Enter verification code_code"), code): Text '320134' is set on object 'Object Repository/06-Teams/For 2FA/input_Enter verification code_code'

2022-05-13 15:04:51 - [MESSAGE][PASSED] - Text '320134' is set on object 'Object Repository/06-Teams/For 2FA/input_Enter verification code_code'

2022-05-13 15:04:51 - [TEST_STEP][PASSED] - delay(3): Delayed 3 second(s)

2022-05-13 15:04:54 - [MESSAGE][PASSED] - Delayed 3 second(s)

2022-05-13 15:04:54 - [TEST_STEP][PASSED] - click(findTestObject("06-Teams/For 2FA/button_Verify_2FA")): Object: 'Object Repository/06-Teams/For 2FA/button_Verify_2FA' is clicked on

2022-05-13 15:04:54 - [MESSAGE][PASSED] - Object: 'Object Repository/06-Teams/For 2FA/button_Verify_2FA' is clicked on

2022-05-13 15:04:54 - [TEST_STEP][PASSED] - delay(5): Delayed 5 second(s)

2022-05-13 15:04:59 - [MESSAGE][PASSED] - Delayed 5 second(s)

2022-05-13 15:04:59 - [TEST_STEP][PASSED] - click(findTestObject("02-Side Icons(Organization)/Add Contact/Side Menu double arrow icon")): Object: 'Object Repository/02-Side Icons(Organization)/Add Contact/Side Menu double arrow icon' is clicked on

2022-05-13 15:05:01 - [MESSAGE][PASSED] - Object: 'Object Repository/02-Side Icons(Organization)/Add Contact/Side Menu double arrow icon' is clicked on

2022-05-13 15:05:01 - [TEST_STEP][PASSED] - delay(2): Delayed 2 second(s)

2022-05-13 15:05:03 - [MESSAGE][PASSED] - Delayed 2 second(s)

2022-05-13 15:05:03 - [TEST_STEP][PASSED] - click(findTestObject("02-Side Icons(Organization)/Add Contact/button_My Organizations")): Object: 'Object Repository/02-Side Icons(Organization)/Add Contact/button_My Organizations' is clicked on

2022-05-13 15:05:04 - [MESSAGE][PASSED] - Object: 'Object Repository/02-Side Icons(Organization)/Add Contact/button_My Organizations' is clicked on

2022-05-13 15:05:04 - [TEST_STEP][PASSED] - delay(2): Delayed 2 second(s)

2022-05-13 15:05:06 - [MESSAGE][PASSED] - Delayed 2 second(s)

2022-05-13 15:05:06 - [TEST_STEP][PASSED] - click(findTestObject("02-Side Icons(Organization)/Add Contact/button_Automation Test Org")): Object: 'Object Repository/02-Side Icons(Organization)/Add Contact/button_Automation Test Org' is clicked on

2022-05-13 15:05:06 - [MESSAGE][PASSED] - Object: 'Object Repository/02-Side Icons(Organization)/Add Contact/button_Automation Test Org' is clicked on

2022-05-13 15:05:06 - [TEST_STEP][PASSED] - delay(2): Delayed 2 second(s)

2022-05-13 15:05:08 - [MESSAGE][PASSED] - Delayed 2 second(s)

2022-05-13 15:05:08 - [TEST_STEP][PASSED] - verifyElementVisible(findTestObject("02-Side Icons(Organization)/Add Contact/span_Automation Test Org")): Object 'Object Repository/02-Side Icons(Organization)/Add Contact/span_Automation Test Org' is visible

2022-05-13 15:05:08 - [MESSAGE][PASSED] - Object 'Object Repository/02-Side Icons(Organization)/Add Contact/span_Automation Test Org' is visible

2022-05-13 15:05:08 - [TEST_STEP][PASSED] - delay(3): Delayed 3 second(s)

2022-05-13 15:05:11 - [MESSAGE][PASSED] - Delayed 3 second(s)

2022-05-13 15:05:11 - [TEST_STEP][PASSED] - click(findTestObject("02-Side Icons(Organization)/Add Contact/button_add new user")): Object: 'Object Repository/02-Side Icons(Organization)/Add Contact/button_add new user' is clicked on

2022-05-13 15:05:12 - [MESSAGE][PASSED] - Object: 'Object Repository/02-Side Icons(Organization)/Add Contact/button_add new user' is clicked on

2022-05-13 15:05:12 - [TEST_STEP][PASSED] - delay(3): Delayed 3 second(s)

2022-05-13 15:05:15 - [MESSAGE][PASSED] - Delayed 3 second(s)

2022-05-13 15:05:15 - [TEST_STEP][PASSED] - verifyElementVisible(findTestObject("02-Side Icons(Organization)/Add Contact/User Invitation modal")): Object 'Object Repository/02-Side Icons(Organization)/Add Contact/User Invitation modal' is visible

2022-05-13 15:05:15 - [MESSAGE][PASSED] - Object 'Object Repository/02-Side Icons(Organization)/Add Contact/User Invitation modal' is visible

2022-05-13 15:05:15 - [TEST_STEP][PASSED] - delay(2): Delayed 2 second(s)

2022-05-13 15:05:17 - [MESSAGE][PASSED] - Delayed 2 second(s)

2022-05-13 15:05:17 - [TEST_STEP][PASSED] - click(findTestObject("02-Side Icons(Organization)/Add Contact/Invite a single user option")): Object: 'Object Repository/02-Side Icons(Organization)/Add Contact/Invite a single user option' is clicked on

2022-05-13 15:05:18 - [MESSAGE][PASSED] - Object: 'Object Repository/02-Side Icons(Organization)/Add Contact/Invite a single user option' is clicked on

2022-05-13 15:05:18 - [TEST_STEP][PASSED] - verifyElementVisible(findTestObject("02-Side Icons(Organization)/Add Contact/Invite New user modal")): Object 'Object Repository/02-Side Icons(Organization)/Add Contact/Invite New user modal' is visible

2022-05-13 15:05:19 - [MESSAGE][PASSED] - Object 'Object Repository/02-Side Icons(Organization)/Add Contact/Invite New user modal' is visible

2022-05-13 15:05:19 - [TEST_STEP][PASSED] - delay(2): Delayed 2 second(s)

2022-05-13 15:05:21 - [MESSAGE][PASSED] - Delayed 2 second(s)

2022-05-13 15:05:21 - [TEST_STEP][PASSED] - click(findTestObject("02-Side Icons(Organization)/Add Contact/button_Cancel")): Object: 'Object Repository/02-Side Icons(Organization)/Add Contact/button_Cancel' is clicked on

2022-05-13 15:05:21 - [MESSAGE][PASSED] - Object: 'Object Repository/02-Side Icons(Organization)/Add Contact/button_Cancel' is clicked on

2022-05-13 15:05:21 - [TEST_STEP][PASSED] - delay(2): Delayed 2 second(s)

2022-05-13 15:05:23 - [MESSAGE][PASSED] - Delayed 2 second(s)

2022-05-13 15:05:23 - [TEST_STEP][PASSED] - click(findTestObject("02-Side Icons(Organization)/Add Contact/button_add new user")): Object: 'Object Repository/02-Side Icons(Organization)/Add Contact/button_add new user' is clicked on

2022-05-13 15:05:24 - [MESSAGE][PASSED] - Object: 'Object Repository/02-Side Icons(Organization)/Add Contact/button_add new user' is clicked on

2022-05-13 15:05:24 - [TEST_STEP][PASSED] - delay(3): Delayed 3 second(s)

2022-05-13 15:05:27 - [MESSAGE][PASSED] - Delayed 3 second(s)

2022-05-13 15:05:27 - [TEST_STEP][PASSED] - verifyElementVisible(findTestObject("02-Side Icons(Organization)/Add Contact/User Invitation modal")): Object 'Object Repository/02-Side Icons(Organization)/Add Contact/User Invitation modal' is visible

2022-05-13 15:05:27 - [MESSAGE][PASSED] - Object 'Object Repository/02-Side Icons(Organization)/Add Contact/User Invitation modal' is visible

2022-05-13 15:05:27 - [TEST_STEP][PASSED] - delay(2): Delayed 2 second(s)

2022-05-13 15:05:29 - [MESSAGE][PASSED] - Delayed 2 second(s)

2022-05-13 15:05:29 - [TEST_STEP][PASSED] - click(findTestObject("02-Side Icons(Organization)/Add Contact/Invite batch user option")): Object: 'Object Repository/02-Side Icons(Organization)/Add Contact/Invite batch user option' is clicked on

2022-05-13 15:05:29 - [MESSAGE][PASSED] - Object: 'Object Repository/02-Side Icons(Organization)/Add Contact/Invite batch user option' is clicked on

2022-05-13 15:05:29 - [TEST_STEP][PASSED] - verifyElementVisible(findTestObject("02-Side Icons(Organization)/Add Contact/Import CSV file modal")): Object 'Object Repository/02-Side Icons(Organization)/Add Contact/Import CSV file modal' is visible

2022-05-13 15:05:30 - [MESSAGE][PASSED] - Object 'Object Repository/02-Side Icons(Organization)/Add Contact/Import CSV file modal' is visible

2022-05-13 15:05:30 - [TEST_STEP][PASSED] - delay(2): Delayed 2 second(s)

2022-05-13 15:05:32 - [MESSAGE][PASSED] - Delayed 2 second(s)

2022-05-13 15:05:32 - [TEST_STEP][PASSED] - click(findTestObject("02-Side Icons(Organization)/Add Contact/button_Cancel")): Object: 'Object Repository/02-Side Icons(Organization)/Add Contact/button_Cancel' is clicked on

2022-05-13 15:05:33 - [MESSAGE][PASSED] - Object: 'Object Repository/02-Side Icons(Organization)/Add Contact/button_Cancel' is clicked on

2022-05-13 15:05:33 - [TEST_STEP][PASSED] - delay(2): Delayed 2 second(s)

2022-05-13 15:05:35 - [MESSAGE][PASSED] - Delayed 2 second(s)]]></system-out>
         <system-err><![CDATA[]]></system-err>
      </testcase>
      <testcase name="Test Cases/02-Side Icons (Organization)/02-(2FA)" time="10.217" classname="Test Cases/02-Side Icons (Organization)/02-(2FA)" status="PASSED">
         <system-out><![CDATA[2022-05-13 15:05:35 - [TEST_CASE][PASSED] - Test Cases/02-Side Icons (Organization)/02-(2FA): Test Cases/02-Side Icons (Organization)/02-(2FA)

2022-05-13 15:05:35 - [TEST_STEP][PASSED] - delay(3): Delayed 3 second(s)

2022-05-13 15:05:38 - [MESSAGE][PASSED] - Delayed 3 second(s)

2022-05-13 15:05:38 - [TEST_STEP][PASSED] - click(findTestObject("02-Side Icons(Organization)/2FA/button_2FA")): Object: 'Object Repository/02-Side Icons(Organization)/2FA/button_2FA' is clicked on

2022-05-13 15:05:39 - [MESSAGE][PASSED] - Object: 'Object Repository/02-Side Icons(Organization)/2FA/button_2FA' is clicked on

2022-05-13 15:05:39 - [TEST_STEP][PASSED] - delay(3): Delayed 3 second(s)

2022-05-13 15:05:42 - [MESSAGE][PASSED] - Delayed 3 second(s)

2022-05-13 15:05:42 - [TEST_STEP][PASSED] - verifyElementVisible(findTestObject("02-Side Icons(Organization)/2FA/span_Two Factor Authentication")): Object 'Object Repository/02-Side Icons(Organization)/2FA/span_Two Factor Authentication' is visible

2022-05-13 15:05:42 - [MESSAGE][PASSED] - Object 'Object Repository/02-Side Icons(Organization)/2FA/span_Two Factor Authentication' is visible

2022-05-13 15:05:42 - [TEST_STEP][PASSED] - delay(3): Delayed 3 second(s)

2022-05-13 15:05:45 - [MESSAGE][PASSED] - Delayed 3 second(s)]]></system-out>
         <system-err><![CDATA[]]></system-err>
      </testcase>
      <testcase name="Test Cases/02-Side Icons (Organization)/03-(Client Assignment)" time="10.005" classname="Test Cases/02-Side Icons (Organization)/03-(Client Assignment)" status="PASSED">
         <system-out><![CDATA[2022-05-13 15:05:45 - [TEST_CASE][PASSED] - Test Cases/02-Side Icons (Organization)/03-(Client Assignment): Test Cases/02-Side Icons (Organization)/03-(Client Assignment)

2022-05-13 15:05:45 - [TEST_STEP][PASSED] - delay(2): Delayed 2 second(s)

2022-05-13 15:05:47 - [MESSAGE][PASSED] - Delayed 2 second(s)

2022-05-13 15:05:47 - [TEST_STEP][PASSED] - click(findTestObject("02-Side Icons(Organization)/Client Assignment/button_Client assignment")): Object: 'Object Repository/02-Side Icons(Organization)/Client Assignment/button_Client assignment' is clicked on

2022-05-13 15:05:48 - [MESSAGE][PASSED] - Object: 'Object Repository/02-Side Icons(Organization)/Client Assignment/button_Client assignment' is clicked on

2022-05-13 15:05:48 - [TEST_STEP][PASSED] - delay(3): Delayed 3 second(s)

2022-05-13 15:05:51 - [MESSAGE][PASSED] - Delayed 3 second(s)

2022-05-13 15:05:51 - [TEST_STEP][PASSED] - verifyElementVisible(findTestObject("02-Side Icons(Organization)/Client Assignment/h4_CLIENT ASSIGNMENT")): Object 'Object Repository/02-Side Icons(Organization)/Client Assignment/h4_CLIENT ASSIGNMENT' is visible

2022-05-13 15:05:51 - [MESSAGE][PASSED] - Object 'Object Repository/02-Side Icons(Organization)/Client Assignment/h4_CLIENT ASSIGNMENT' is visible

2022-05-13 15:05:51 - [TEST_STEP][PASSED] - verifyElementVisible(findTestObject("02-Side Icons(Organization)/Client Assignment/div_By Employee")): Object 'Object Repository/02-Side Icons(Organization)/Client Assignment/div_By Employee' is visible

2022-05-13 15:05:52 - [MESSAGE][PASSED] - Object 'Object Repository/02-Side Icons(Organization)/Client Assignment/div_By Employee' is visible

2022-05-13 15:05:52 - [TEST_STEP][PASSED] - verifyElementVisible(findTestObject("02-Side Icons(Organization)/Client Assignment/div_By Client")): Object 'Object Repository/02-Side Icons(Organization)/Client Assignment/div_By Client' is visible

2022-05-13 15:05:52 - [MESSAGE][PASSED] - Object 'Object Repository/02-Side Icons(Organization)/Client Assignment/div_By Client' is visible

2022-05-13 15:05:52 - [TEST_STEP][PASSED] - delay(3): Delayed 3 second(s)

2022-05-13 15:05:55 - [MESSAGE][PASSED] - Delayed 3 second(s)]]></system-out>
         <system-err><![CDATA[]]></system-err>
      </testcase>
      <testcase name="Test Cases/02-Side Icons (Organization)/04-(Hide Quick Shortcuts)" time="12.198" classname="Test Cases/02-Side Icons (Organization)/04-(Hide Quick Shortcuts)" status="PASSED">
         <system-out><![CDATA[2022-05-13 15:05:55 - [TEST_CASE][PASSED] - Test Cases/02-Side Icons (Organization)/04-(Hide Quick Shortcuts): Test Cases/02-Side Icons (Organization)/04-(Hide Quick Shortcuts)

2022-05-13 15:05:55 - [TEST_STEP][PASSED] - delay(2): Delayed 2 second(s)

2022-05-13 15:05:57 - [MESSAGE][PASSED] - Delayed 2 second(s)

2022-05-13 15:05:57 - [TEST_STEP][PASSED] - click(findTestObject("02-Side Icons(Organization)/Hide Quick Shortcuts/button_hide quick shortcuts")): Object: 'Object Repository/02-Side Icons(Organization)/Hide Quick Shortcuts/button_hide quick shortcuts' is clicked on

2022-05-13 15:05:58 - [MESSAGE][PASSED] - Object: 'Object Repository/02-Side Icons(Organization)/Hide Quick Shortcuts/button_hide quick shortcuts' is clicked on

2022-05-13 15:05:58 - [TEST_STEP][PASSED] - delay(3): Delayed 3 second(s)

2022-05-13 15:06:01 - [MESSAGE][PASSED] - Delayed 3 second(s)

2022-05-13 15:06:01 - [TEST_STEP][PASSED] - verifyElementNotPresent(findTestObject("02-Side Icons(Organization)/2FA/button_2FA"), 0): Web element with id: 'Object Repository/02-Side Icons(Organization)/2FA/button_2FA' located by 'By.xpath: //*[@type = 'button' and (text() = 'security' or . = 'security')]' is not present after '30' second(s)

2022-05-13 15:06:01 - [MESSAGE][WARNING] - Timeout '0' is invalid. Using default page load timeout: '30'

2022-05-13 15:06:01 - [MESSAGE][PASSED] - Web element with id: 'Object Repository/02-Side Icons(Organization)/2FA/button_2FA' located by 'By.xpath: //*[@type = 'button' and (text() = 'security' or . = 'security')]' is not present after '30' second(s)

2022-05-13 15:06:01 - [TEST_STEP][PASSED] - verifyElementNotPresent(findTestObject("02-Side Icons(Organization)/Add Contact/button_add new user"), 0): Web element with id: 'Object Repository/02-Side Icons(Organization)/Add Contact/button_add new user' located by 'By.xpath: //button[@type = 'button' and @ng-reflect-message = 'Invite New User' and (text() = 'person_add' or . = 'person_add')]' is not present after '30' second(s)

2022-05-13 15:06:01 - [MESSAGE][WARNING] - Timeout '0' is invalid. Using default page load timeout: '30'

2022-05-13 15:06:02 - [MESSAGE][PASSED] - Web element with id: 'Object Repository/02-Side Icons(Organization)/Add Contact/button_add new user' located by 'By.xpath: //button[@type = 'button' and @ng-reflect-message = 'Invite New User' and (text() = 'person_add' or . = 'person_add')]' is not present after '30' second(s)

2022-05-13 15:06:02 - [TEST_STEP][PASSED] - verifyElementNotPresent(findTestObject("02-Side Icons(Organization)/Client Assignment/button_Client assignment"), 0): Web element with id: 'Object Repository/02-Side Icons(Organization)/Client Assignment/button_Client assignment' located by 'By.xpath: //*[@type = 'button' and (text() = 'assignment_ind' or . = 'assignment_ind')]' is not present after '30' second(s)

2022-05-13 15:06:02 - [MESSAGE][WARNING] - Timeout '0' is invalid. Using default page load timeout: '30'

2022-05-13 15:06:02 - [MESSAGE][PASSED] - Web element with id: 'Object Repository/02-Side Icons(Organization)/Client Assignment/button_Client assignment' located by 'By.xpath: //*[@type = 'button' and (text() = 'assignment_ind' or . = 'assignment_ind')]' is not present after '30' second(s)

2022-05-13 15:06:02 - [TEST_STEP][PASSED] - delay(3): Delayed 3 second(s)

2022-05-13 15:06:05 - [MESSAGE][PASSED] - Delayed 3 second(s)

2022-05-13 15:06:05 - [TEST_STEP][PASSED] - click(findTestObject("02-Side Icons(Organization)/Hide Quick Shortcuts/button_Show quick shortcuts")): Object: 'Object Repository/02-Side Icons(Organization)/Hide Quick Shortcuts/button_Show quick shortcuts' is clicked on

2022-05-13 15:06:05 - [MESSAGE][PASSED] - Object: 'Object Repository/02-Side Icons(Organization)/Hide Quick Shortcuts/button_Show quick shortcuts' is clicked on

2022-05-13 15:06:05 - [TEST_STEP][PASSED] - verifyElementVisible(findTestObject("02-Side Icons(Organization)/2FA/button_2FA")): Object 'Object Repository/02-Side Icons(Organization)/2FA/button_2FA' is visible

2022-05-13 15:06:06 - [MESSAGE][PASSED] - Object 'Object Repository/02-Side Icons(Organization)/2FA/button_2FA' is visible

2022-05-13 15:06:06 - [TEST_STEP][PASSED] - verifyElementVisible(findTestObject("02-Side Icons(Organization)/Add Contact/button_add new user")): Object 'Object Repository/02-Side Icons(Organization)/Add Contact/button_add new user' is visible

2022-05-13 15:06:06 - [MESSAGE][PASSED] - Object 'Object Repository/02-Side Icons(Organization)/Add Contact/button_add new user' is visible

2022-05-13 15:06:06 - [TEST_STEP][PASSED] - verifyElementVisible(findTestObject("02-Side Icons(Organization)/Client Assignment/button_Client assignment")): Object 'Object Repository/02-Side Icons(Organization)/Client Assignment/button_Client assignment' is visible

2022-05-13 15:06:07 - [MESSAGE][PASSED] - Object 'Object Repository/02-Side Icons(Organization)/Client Assignment/button_Client assignment' is visible

2022-05-13 15:06:07 - [TEST_STEP][PASSED] - delay(0): Delayed 0 second(s)

2022-05-13 15:06:07 - [MESSAGE][PASSED] - Delayed 0 second(s)

2022-05-13 15:06:07 - [TEST_STEP][PASSED] - closeBrowser(): Browser is closed

2022-05-13 15:06:07 - [MESSAGE][PASSED] - Browser is closed]]></system-out>
         <system-err><![CDATA[]]></system-err>
      </testcase>
      <system-out><![CDATA[2022-05-13 15:03:52 - [TEST_SUITE][PASSED] - 02-Side Icons: Test Cases/02-Side Icons (Organization)/04-(Hide Quick Shortcuts)]]></system-out>
      <system-err><![CDATA[]]></system-err>
   </testsuite>
</testsuites>
