<?xml version="1.0" encoding="UTF-8"?>
<testsuites name="09.1 - Settings (Invite users)" time="998.205" tests="5" failures="1" errors="0">
   <testsuite name="09.1 - Settings (Invite users)" tests="5" failures="1" errors="0" time="998.205" skipped="0" timestamp="2022-12-02 14:43:45" hostname="User - DESKTOP-QCRNR4M" id="Test Suites/TS-Organization/09.1 - Settings (Invite users)">
      <properties>
         <property name="deviceName" value=""/>
         <property name="devicePlatform" value=""/>
         <property name="logFolder" value="C:\\Users\\User\\Katalon Studio\\EverleaguesMain\\Reports\\20221202_144343\\TS-Organization\\09.1 - Settings (Invite users)\\20221202_144343"/>
         <property name="logFiles" value="C:\\Users\\User\\Katalon Studio\\EverleaguesMain\\Reports\\20221202_144343\\TS-Organization\\09.1 - Settings (Invite users)\\20221202_144343\\execution0.log"/>
         <property name="attachments" value="C:\\Users\\User\\Katalon Studio\\EverleaguesMain\\Reports\\20221202_144343\\TS-Organization\\09.1 - Settings (Invite users)\\20221202_144343\\1669964423446.png, C:\\Users\\User\\Katalon Studio\\EverleaguesMain\\Reports\\20221202_144343\\TS-Organization\\09.1 - Settings (Invite users)\\20221202_144343\\1669964423708.png"/>
         <property name="hostName" value="User - DESKTOP-QCRNR4M"/>
         <property name="os" value="Windows 10 64bit"/>
         <property name="katalonVersion" value="8.4.1.208"/>
         <property name="browser" value="Chrome 108.0.0.0"/>
         <property name="hostAddress" value="192.168.5.124"/>
         <property name="sessionId" value="ddaba19a6b15a748aaf7df349193551a"/>
         <property name="seleniumVersion" value="3.141.59"/>
         <property name="proxyInformation" value="ProxyInformation { proxyOption=NO_PROXY, proxyServerType=HTTP, username=, password=********, proxyServerAddress=, proxyServerPort=0, executionList=&quot;&quot;, isApplyToDesiredCapabilities=true }"/>
         <property name="platform" value="Windows 10"/>
      </properties>
      <testcase name="Test Cases/09-Settings/01 - Users (Invite new user but field are blank)" time="102.319" classname="Test Cases/09-Settings/01 - Users (Invite new user but field are blank)" status="PASSED">
         <system-out><![CDATA[2022-12-02 14:43:46 - [TEST_CASE][PASSED] - Test Cases/09-Settings/01 - Users (Invite new user but field are blank): Test Cases/09-Settings/01 - Users (Invite new user but field are blank)

2022-12-02 14:43:46 - [TEST_STEP][PASSED] - openBrowser(""): Browser is opened with url: ''

2022-12-02 14:43:46 - [MESSAGE][INFO] - Starting 'Chrome' driver

2022-12-02 14:43:46 - [MESSAGE][INFO] - Action delay is set to 0 milliseconds

2022-12-02 14:43:48 - [MESSAGE][PASSED] - Browser is opened with url: ''

2022-12-02 14:43:48 - [TEST_STEP][PASSED] - navigateToUrl("https://lab.everleagues.com/"): Navigate to 'https://lab.everleagues.com/' successfully

2022-12-02 14:44:14 - [MESSAGE][PASSED] - Navigate to 'https://lab.everleagues.com/' successfully

2022-12-02 14:44:14 - [TEST_STEP][PASSED] - maximizeWindow(): Current window maximized

2022-12-02 14:44:14 - [MESSAGE][PASSED] - Current window maximized

2022-12-02 14:44:14 - [TEST_STEP][PASSED] - setText(findTestObject("02-Side Icons(Organization)/Add Contact/Email Field"), "testuser02@mailinator.com"): Text 'testuser02@mailinator.com' is set on object 'Object Repository/02-Side Icons(Organization)/Add Contact/Email Field'

2022-12-02 14:44:15 - [MESSAGE][PASSED] - Text 'testuser02@mailinator.com' is set on object 'Object Repository/02-Side Icons(Organization)/Add Contact/Email Field'

2022-12-02 14:44:15 - [TEST_STEP][PASSED] - setEncryptedText(findTestObject("02-Side Icons(Organization)/Add Contact/Password Field"), "8yFRyszE6U6jvsCn51OQbg=="): Text ****** has been set on object 'Object Repository/02-Side Icons(Organization)/Add Contact/Password Field'

2022-12-02 14:44:15 - [MESSAGE][PASSED] - Text ****** has been set on object 'Object Repository/02-Side Icons(Organization)/Add Contact/Password Field'

2022-12-02 14:44:15 - [TEST_STEP][PASSED] - click(findTestObject("02-Side Icons(Organization)/Add Contact/button_Sign in")): Object: 'Object Repository/02-Side Icons(Organization)/Add Contact/button_Sign in' is clicked on

2022-12-02 14:44:16 - [MESSAGE][PASSED] - Object: 'Object Repository/02-Side Icons(Organization)/Add Contact/button_Sign in' is clicked on

2022-12-02 14:44:16 - [TEST_STEP][PASSED] - delay(2): Delayed 2 second(s)

2022-12-02 14:44:18 - [MESSAGE][PASSED] - Delayed 2 second(s)

2022-12-02 14:44:18 - [TEST_STEP][PASSED] - click(findTestObject("06-Teams/For 2FA/button_Confirm_2FA")): Object: 'Object Repository/06-Teams/For 2FA/button_Confirm_2FA' is clicked on

2022-12-02 14:44:19 - [MESSAGE][PASSED] - Object: 'Object Repository/06-Teams/For 2FA/button_Confirm_2FA' is clicked on

2022-12-02 14:44:19 - [TEST_STEP][PASSED] - executeJavaScript("window.open();", []): Execute JavaScript 'window.open();' successfully

2022-12-02 14:44:19 - [MESSAGE][PASSED] - Execute JavaScript 'window.open();' successfully

2022-12-02 14:44:19 - [TEST_STEP][PASSED] - currentWindow = getWindowIndex(): Current window's index is: 0

2022-12-02 14:44:19 - [MESSAGE][PASSED] - Current window's index is: 0

2022-12-02 14:44:19 - [TEST_STEP][PASSED] - delay(3): Delayed 3 second(s)

2022-12-02 14:44:22 - [MESSAGE][PASSED] - Delayed 3 second(s)

2022-12-02 14:44:22 - [TEST_STEP][PASSED] - switchToWindowIndex(currentWindow + 1): Switched to window with index: '1'

2022-12-02 14:44:22 - [MESSAGE][PASSED] - Switched to window with index: '1'

2022-12-02 14:44:22 - [TEST_STEP][PASSED] - navigateToUrl("https://www.mailinator.com/"): Navigate to 'https://www.mailinator.com/' successfully

2022-12-02 14:44:25 - [MESSAGE][PASSED] - Navigate to 'https://www.mailinator.com/' successfully

2022-12-02 14:44:25 - [TEST_STEP][PASSED] - delay(3): Delayed 3 second(s)

2022-12-02 14:44:28 - [MESSAGE][PASSED] - Delayed 3 second(s)

2022-12-02 14:44:28 - [TEST_STEP][PASSED] - setText(findTestObject("00-Signup and Activation/zMailinator/input_LOGIN_search"), "testuser02@mailinator.com"): Text 'testuser02@mailinator.com' is set on object 'Object Repository/00-Signup and Activation/zMailinator/input_LOGIN_search'

2022-12-02 14:44:28 - [MESSAGE][PASSED] - Text 'testuser02@mailinator.com' is set on object 'Object Repository/00-Signup and Activation/zMailinator/input_LOGIN_search'

2022-12-02 14:44:28 - [TEST_STEP][PASSED] - click(findTestObject("00-Signup and Activation/zMailinator/gobutton"), STOP_ON_FAILURE): Object: 'Object Repository/00-Signup and Activation/zMailinator/gobutton' is clicked on

2022-12-02 14:44:31 - [MESSAGE][PASSED] - Object: 'Object Repository/00-Signup and Activation/zMailinator/gobutton' is clicked on

2022-12-02 14:44:31 - [TEST_STEP][PASSED] - delay(3): Delayed 3 second(s)

2022-12-02 14:44:34 - [MESSAGE][PASSED] - Delayed 3 second(s)

2022-12-02 14:44:34 - [TEST_STEP][PASSED] - click(findTestObject("00-Signup and Activation/zMailinator/Email - everleagues")): Object: 'Object Repository/00-Signup and Activation/zMailinator/Email - everleagues' is clicked on

2022-12-02 14:44:34 - [MESSAGE][PASSED] - Object: 'Object Repository/00-Signup and Activation/zMailinator/Email - everleagues' is clicked on

2022-12-02 14:44:34 - [TEST_STEP][PASSED] - delay(3): Delayed 3 second(s)

2022-12-02 14:44:37 - [MESSAGE][PASSED] - Delayed 3 second(s)

2022-12-02 14:44:37 - [TEST_STEP][PASSED] - code = getText(findTestObject("Object Repository/06-Teams/For 2FA/2FA code")): Text of object 'Object Repository/06-Teams/For 2FA/2FA code' is: '025689'

2022-12-02 14:44:37 - [MESSAGE][PASSED] - Text of object 'Object Repository/06-Teams/For 2FA/2FA code' is: '025689'

2022-12-02 14:44:37 - [TEST_STEP][PASSED] - delay(3): Delayed 3 second(s)

2022-12-02 14:44:40 - [MESSAGE][PASSED] - Delayed 3 second(s)

2022-12-02 14:44:40 - [TEST_STEP][PASSED] - closeWindowTitle("Mailinator"): Window with title: 'Mailinator' is closed

2022-12-02 14:44:41 - [MESSAGE][PASSED] - Window with title: 'Mailinator' is closed

2022-12-02 14:44:41 - [TEST_STEP][PASSED] - delay(3): Delayed 3 second(s)

2022-12-02 14:44:44 - [MESSAGE][PASSED] - Delayed 3 second(s)

2022-12-02 14:44:44 - [TEST_STEP][PASSED] - switchToWindowIndex(0): Switched to window with index: '0'

2022-12-02 14:44:44 - [MESSAGE][PASSED] - Switched to window with index: '0'

2022-12-02 14:44:44 - [TEST_STEP][PASSED] - delay(3): Delayed 3 second(s)

2022-12-02 14:44:47 - [MESSAGE][PASSED] - Delayed 3 second(s)

2022-12-02 14:44:47 - [TEST_STEP][PASSED] - setText(findTestObject("Object Repository/06-Teams/For 2FA/input_Enter verification code_code"), code): Text '025689' is set on object 'Object Repository/06-Teams/For 2FA/input_Enter verification code_code'

2022-12-02 14:44:48 - [MESSAGE][PASSED] - Text '025689' is set on object 'Object Repository/06-Teams/For 2FA/input_Enter verification code_code'

2022-12-02 14:44:48 - [TEST_STEP][PASSED] - delay(3): Delayed 3 second(s)

2022-12-02 14:44:51 - [MESSAGE][PASSED] - Delayed 3 second(s)

2022-12-02 14:44:51 - [TEST_STEP][PASSED] - click(findTestObject("06-Teams/For 2FA/button_Verify_2FA")): Object: 'Object Repository/06-Teams/For 2FA/button_Verify_2FA' is clicked on

2022-12-02 14:44:51 - [MESSAGE][PASSED] - Object: 'Object Repository/06-Teams/For 2FA/button_Verify_2FA' is clicked on

2022-12-02 14:44:51 - [TEST_STEP][PASSED] - delay(5): Delayed 5 second(s)

2022-12-02 14:44:56 - [MESSAGE][PASSED] - Delayed 5 second(s)

2022-12-02 14:44:56 - [TEST_STEP][PASSED] - click(findTestObject("06-Teams/button_doublearrow")): Object: 'Object Repository/06-Teams/button_doublearrow' is clicked on

2022-12-02 14:44:57 - [MESSAGE][PASSED] - Object: 'Object Repository/06-Teams/button_doublearrow' is clicked on

2022-12-02 14:44:57 - [TEST_STEP][PASSED] - click(findTestObject("06-Teams/button_My Organizations")): Object: 'Object Repository/06-Teams/button_My Organizations' is clicked on

2022-12-02 14:44:57 - [MESSAGE][PASSED] - Object: 'Object Repository/06-Teams/button_My Organizations' is clicked on

2022-12-02 14:44:57 - [TEST_STEP][PASSED] - click(findTestObject("06-Teams/button_GG Automation")): Object: 'Object Repository/06-Teams/button_GG Automation' is clicked on

2022-12-02 14:44:58 - [MESSAGE][PASSED] - Object: 'Object Repository/06-Teams/button_GG Automation' is clicked on

2022-12-02 14:44:58 - [TEST_STEP][PASSED] - delay(4): Delayed 4 second(s)

2022-12-02 14:45:02 - [MESSAGE][PASSED] - Delayed 4 second(s)

2022-12-02 14:45:02 - [TEST_STEP][PASSED] - verifyElementVisible(findTestObject("06-Teams/span_GG Automation")): Object 'Object Repository/06-Teams/span_GG Automation' is visible

2022-12-02 14:45:02 - [MESSAGE][PASSED] - Object 'Object Repository/06-Teams/span_GG Automation' is visible

2022-12-02 14:45:02 - [TEST_STEP][PASSED] - delay(5): Delayed 5 second(s)

2022-12-02 14:45:07 - [MESSAGE][PASSED] - Delayed 5 second(s)

2022-12-02 14:45:07 - [TEST_STEP][PASSED] - click(findTestObject("03-Header Menu/Hamburger Button/div_Settings")): Object: 'Object Repository/03-Header Menu/Hamburger Button/div_Settings' is clicked on

2022-12-02 14:45:08 - [MESSAGE][PASSED] - Object: 'Object Repository/03-Header Menu/Hamburger Button/div_Settings' is clicked on

2022-12-02 14:45:08 - [TEST_STEP][PASSED] - verifyElementVisible(findTestObject("09-Settings/Users/div_Organization")): Object 'Object Repository/09-Settings/Users/div_Organization' is visible

2022-12-02 14:45:08 - [MESSAGE][PASSED] - Object 'Object Repository/09-Settings/Users/div_Organization' is visible

2022-12-02 14:45:08 - [TEST_STEP][PASSED] - verifyElementVisible(findTestObject("09-Settings/Users/div_Organization Units")): Object 'Object Repository/09-Settings/Users/div_Organization Units' is visible

2022-12-02 14:45:09 - [MESSAGE][PASSED] - Object 'Object Repository/09-Settings/Users/div_Organization Units' is visible

2022-12-02 14:45:09 - [TEST_STEP][PASSED] - verifyElementVisible(findTestObject("09-Settings/Users/div_Subscriptions")): Object 'Object Repository/09-Settings/Users/div_Subscriptions' is visible

2022-12-02 14:45:10 - [MESSAGE][PASSED] - Object 'Object Repository/09-Settings/Users/div_Subscriptions' is visible

2022-12-02 14:45:10 - [TEST_STEP][PASSED] - verifyElementVisible(findTestObject("09-Settings/Users/div_Users")): Object 'Object Repository/09-Settings/Users/div_Users' is visible

2022-12-02 14:45:10 - [MESSAGE][PASSED] - Object 'Object Repository/09-Settings/Users/div_Users' is visible

2022-12-02 14:45:10 - [TEST_STEP][PASSED] - delay(3): Delayed 3 second(s)

2022-12-02 14:45:13 - [MESSAGE][PASSED] - Delayed 3 second(s)

2022-12-02 14:45:13 - [TEST_STEP][PASSED] - click(findTestObject("09-Settings/Users/div_Users")): Object: 'Object Repository/09-Settings/Users/div_Users' is clicked on

2022-12-02 14:45:13 - [MESSAGE][PASSED] - Object: 'Object Repository/09-Settings/Users/div_Users' is clicked on

2022-12-02 14:45:13 - [TEST_STEP][PASSED] - verifyElementVisible(findTestObject("09-Settings/Users/h4_USERS")): Object 'Object Repository/09-Settings/Users/h4_USERS' is visible

2022-12-02 14:45:15 - [MESSAGE][PASSED] - Object 'Object Repository/09-Settings/Users/h4_USERS' is visible

2022-12-02 14:45:15 - [TEST_STEP][PASSED] - verifyElementVisible(findTestObject("09-Settings/Users/User Page")): Object 'Object Repository/09-Settings/Users/User Page' is visible

2022-12-02 14:45:15 - [MESSAGE][PASSED] - Object 'Object Repository/09-Settings/Users/User Page' is visible

2022-12-02 14:45:15 - [TEST_STEP][PASSED] - delay(3): Delayed 3 second(s)

2022-12-02 14:45:18 - [MESSAGE][PASSED] - Delayed 3 second(s)

2022-12-02 14:45:18 - [TEST_STEP][PASSED] - click(findTestObject("09-Settings/Users/button_add")): Object: 'Object Repository/09-Settings/Users/button_add' is clicked on

2022-12-02 14:45:18 - [MESSAGE][PASSED] - Object: 'Object Repository/09-Settings/Users/button_add' is clicked on

2022-12-02 14:45:18 - [TEST_STEP][PASSED] - verifyElementVisible(findTestObject("09-Settings/Users/User Invitation modal")): Object 'Object Repository/09-Settings/Users/User Invitation modal' is visible

2022-12-02 14:45:19 - [MESSAGE][PASSED] - Object 'Object Repository/09-Settings/Users/User Invitation modal' is visible

2022-12-02 14:45:19 - [TEST_STEP][PASSED] - delay(3): Delayed 3 second(s)

2022-12-02 14:45:22 - [MESSAGE][PASSED] - Delayed 3 second(s)

2022-12-02 14:45:22 - [TEST_STEP][PASSED] - click(findTestObject("09-Settings/Users/add Invite a single user")): Object: 'Object Repository/09-Settings/Users/add Invite a single user' is clicked on

2022-12-02 14:45:22 - [MESSAGE][PASSED] - Object: 'Object Repository/09-Settings/Users/add Invite a single user' is clicked on

2022-12-02 14:45:22 - [TEST_STEP][PASSED] - verifyElementVisible(findTestObject("09-Settings/Users/Invite new user modal")): Object 'Object Repository/09-Settings/Users/Invite new user modal' is visible

2022-12-02 14:45:23 - [MESSAGE][PASSED] - Object 'Object Repository/09-Settings/Users/Invite new user modal' is visible

2022-12-02 14:45:23 - [TEST_STEP][PASSED] - click(findTestObject("09-Settings/Users/input_email")): Object: 'Object Repository/09-Settings/Users/input_email' is clicked on

2022-12-02 14:45:24 - [MESSAGE][PASSED] - Object: 'Object Repository/09-Settings/Users/input_email' is clicked on

2022-12-02 14:45:24 - [TEST_STEP][PASSED] - click(findTestObject("09-Settings/Users/input_firstName")): Object: 'Object Repository/09-Settings/Users/input_firstName' is clicked on

2022-12-02 14:45:24 - [MESSAGE][PASSED] - Object: 'Object Repository/09-Settings/Users/input_firstName' is clicked on

2022-12-02 14:45:24 - [TEST_STEP][PASSED] - click(findTestObject("09-Settings/Users/input_lastName")): Object: 'Object Repository/09-Settings/Users/input_lastName' is clicked on

2022-12-02 14:45:25 - [MESSAGE][PASSED] - Object: 'Object Repository/09-Settings/Users/input_lastName' is clicked on

2022-12-02 14:45:25 - [TEST_STEP][PASSED] - click(findTestObject("09-Settings/Users/span_Role")): Object: 'Object Repository/09-Settings/Users/span_Role' is clicked on

2022-12-02 14:45:25 - [MESSAGE][PASSED] - Object: 'Object Repository/09-Settings/Users/span_Role' is clicked on

2022-12-02 14:45:25 - [TEST_STEP][PASSED] - clickOffset(findTestObject("09-Settings/Users/h4_Invite New User"), 100, 100): Object: 'Object Repository/09-Settings/Users/h4_Invite New User' is clicked on using offset x=100 and y=100

2022-12-02 14:45:26 - [MESSAGE][PASSED] - Object: 'Object Repository/09-Settings/Users/h4_Invite New User' is clicked on using offset x=100 and y=100

2022-12-02 14:45:26 - [TEST_STEP][PASSED] - verifyElementVisible(findTestObject("09-Settings/Users/Email required")): Object 'Object Repository/09-Settings/Users/Email required' is visible

2022-12-02 14:45:27 - [MESSAGE][PASSED] - Object 'Object Repository/09-Settings/Users/Email required' is visible

2022-12-02 14:45:27 - [TEST_STEP][PASSED] - verifyElementVisible(findTestObject("09-Settings/Users/Firstname required")): Object 'Object Repository/09-Settings/Users/Firstname required' is visible

2022-12-02 14:45:27 - [MESSAGE][PASSED] - Object 'Object Repository/09-Settings/Users/Firstname required' is visible

2022-12-02 14:45:27 - [TEST_STEP][PASSED] - verifyElementVisible(findTestObject("09-Settings/Users/last name required")): Object 'Object Repository/09-Settings/Users/last name required' is visible

2022-12-02 14:45:27 - [MESSAGE][PASSED] - Object 'Object Repository/09-Settings/Users/last name required' is visible

2022-12-02 14:45:27 - [TEST_STEP][PASSED] - verifyElementVisible(findTestObject("09-Settings/Users/error_Select a role")): Object 'Object Repository/09-Settings/Users/error_Select a role' is visible

2022-12-02 14:45:28 - [MESSAGE][PASSED] - Object 'Object Repository/09-Settings/Users/error_Select a role' is visible]]></system-out>
         <system-err><![CDATA[]]></system-err>
      </testcase>
      <testcase name="Test Cases/09-Settings/02 - Users (Invite new user as co worker)" time="341.341" classname="Test Cases/09-Settings/02 - Users (Invite new user as co worker)" status="PASSED">
         <system-out><![CDATA[2022-12-02 14:45:28 - [TEST_CASE][PASSED] - Test Cases/09-Settings/02 - Users (Invite new user as co worker): Test Cases/09-Settings/02 - Users (Invite new user as co worker)

2022-12-02 14:45:28 - [TEST_STEP][PASSED] - delay(3): Delayed 3 second(s)

2022-12-02 14:45:31 - [MESSAGE][PASSED] - Delayed 3 second(s)

2022-12-02 14:45:31 - [TEST_STEP][PASSED] - setText(findTestObject("09-Settings/Users/input_email"), "autotester04@mailinator.com"): Text 'autotester04@mailinator.com' is set on object 'Object Repository/09-Settings/Users/input_email'

2022-12-02 14:45:32 - [MESSAGE][PASSED] - Text 'autotester04@mailinator.com' is set on object 'Object Repository/09-Settings/Users/input_email'

2022-12-02 14:45:32 - [TEST_STEP][PASSED] - setText(findTestObject("09-Settings/Users/input_firstName"), "GG"): Text 'GG' is set on object 'Object Repository/09-Settings/Users/input_firstName'

2022-12-02 14:45:33 - [MESSAGE][PASSED] - Text 'GG' is set on object 'Object Repository/09-Settings/Users/input_firstName'

2022-12-02 14:45:33 - [TEST_STEP][PASSED] - setText(findTestObject("09-Settings/Users/input_lastName"), "Auto Contact 2"): Text 'Auto Contact 2' is set on object 'Object Repository/09-Settings/Users/input_lastName'

2022-12-02 14:45:34 - [MESSAGE][PASSED] - Text 'Auto Contact 2' is set on object 'Object Repository/09-Settings/Users/input_lastName'

2022-12-02 14:45:34 - [TEST_STEP][PASSED] - click(findTestObject("09-Settings/Users/span_Role")): Object: 'Object Repository/09-Settings/Users/span_Role' is clicked on

2022-12-02 14:45:34 - [MESSAGE][PASSED] - Object: 'Object Repository/09-Settings/Users/span_Role' is clicked on

2022-12-02 14:45:34 - [TEST_STEP][PASSED] - click(findTestObject("09-Settings/Users/span_CoWorker")): Object: 'Object Repository/09-Settings/Users/span_CoWorker' is clicked on

2022-12-02 14:45:35 - [MESSAGE][PASSED] - Object: 'Object Repository/09-Settings/Users/span_CoWorker' is clicked on

2022-12-02 14:45:35 - [TEST_STEP][PASSED] - click(findTestObject("09-Settings/Users/button_Send Invitation")): Object: 'Object Repository/09-Settings/Users/button_Send Invitation' is clicked on

2022-12-02 14:45:36 - [MESSAGE][PASSED] - Object: 'Object Repository/09-Settings/Users/button_Send Invitation' is clicked on

2022-12-02 14:45:36 - [TEST_STEP][PASSED] - delay(2): Delayed 2 second(s)

2022-12-02 14:45:38 - [MESSAGE][PASSED] - Delayed 2 second(s)

2022-12-02 14:45:38 - [TEST_STEP][PASSED] - verifyElementVisible(findTestObject("07-Directory/Connections/zContact Profile/Successfully invited user")): Object 'Object Repository/07-Directory/Connections/zContact Profile/Successfully invited user' is visible

2022-12-02 14:45:39 - [MESSAGE][PASSED] - Object 'Object Repository/07-Directory/Connections/zContact Profile/Successfully invited user' is visible

2022-12-02 14:45:39 - [TEST_STEP][PASSED] - delay(2): Delayed 2 second(s)

2022-12-02 14:45:41 - [MESSAGE][PASSED] - Delayed 2 second(s)

2022-12-02 14:45:41 - [TEST_STEP][PASSED] - executeJavaScript("window.open();", []): Execute JavaScript 'window.open();' successfully

2022-12-02 14:45:41 - [MESSAGE][PASSED] - Execute JavaScript 'window.open();' successfully

2022-12-02 14:45:41 - [TEST_STEP][PASSED] - currentWindow = getWindowIndex(): Current window's index is: 0

2022-12-02 14:45:41 - [MESSAGE][PASSED] - Current window's index is: 0

2022-12-02 14:45:41 - [TEST_STEP][PASSED] - delay(3): Delayed 3 second(s)

2022-12-02 14:45:44 - [MESSAGE][PASSED] - Delayed 3 second(s)

2022-12-02 14:45:44 - [TEST_STEP][PASSED] - switchToWindowIndex(currentWindow + 1): Switched to window with index: '1'

2022-12-02 14:45:44 - [MESSAGE][PASSED] - Switched to window with index: '1'

2022-12-02 14:45:44 - [TEST_STEP][PASSED] - navigateToUrl("https://www.mailinator.com/"): Navigate to 'https://www.mailinator.com/' successfully

2022-12-02 14:45:46 - [MESSAGE][PASSED] - Navigate to 'https://www.mailinator.com/' successfully

2022-12-02 14:45:46 - [TEST_STEP][PASSED] - delay(3): Delayed 3 second(s)

2022-12-02 14:45:49 - [MESSAGE][PASSED] - Delayed 3 second(s)

2022-12-02 14:45:49 - [TEST_STEP][PASSED] - setText(findTestObject("00-Signup and Activation/zMailinator/input_LOGIN_search"), "autotester04@mailinator.com"): Text 'autotester04@mailinator.com' is set on object 'Object Repository/00-Signup and Activation/zMailinator/input_LOGIN_search'

2022-12-02 14:45:50 - [MESSAGE][PASSED] - Text 'autotester04@mailinator.com' is set on object 'Object Repository/00-Signup and Activation/zMailinator/input_LOGIN_search'

2022-12-02 14:45:50 - [TEST_STEP][PASSED] - click(findTestObject("00-Signup and Activation/zMailinator/gobutton"), STOP_ON_FAILURE): Object: 'Object Repository/00-Signup and Activation/zMailinator/gobutton' is clicked on

2022-12-02 14:45:51 - [MESSAGE][PASSED] - Object: 'Object Repository/00-Signup and Activation/zMailinator/gobutton' is clicked on

2022-12-02 14:45:51 - [TEST_STEP][PASSED] - delay(3): Delayed 3 second(s)

2022-12-02 14:45:54 - [MESSAGE][PASSED] - Delayed 3 second(s)

2022-12-02 14:45:54 - [TEST_STEP][PASSED] - closeWindowTitle("Everleagues"): Window with title: 'Everleagues' is closed

2022-12-02 14:45:54 - [MESSAGE][PASSED] - Window with title: 'Everleagues' is closed

2022-12-02 14:45:54 - [TEST_STEP][PASSED] - switchToWindowIndex(0): Switched to window with index: '0'

2022-12-02 14:45:54 - [MESSAGE][PASSED] - Switched to window with index: '0'

2022-12-02 14:45:54 - [TEST_STEP][PASSED] - click(findTestObject("09-Settings/Users/Co worker/td_Invitation from GG Automation")): Object: 'Object Repository/09-Settings/Users/Co worker/td_Invitation from GG Automation' is clicked on

2022-12-02 14:45:55 - [MESSAGE][PASSED] - Object: 'Object Repository/09-Settings/Users/Co worker/td_Invitation from GG Automation' is clicked on

2022-12-02 14:45:55 - [TEST_STEP][PASSED] - click(findTestObject("09-Settings/Users/Co worker/a_Click here to join GG Automation on EverLeagues")): Object: 'Object Repository/09-Settings/Users/Co worker/a_Click here to join GG Automation on EverLeagues' is clicked on

2022-12-02 14:45:56 - [MESSAGE][PASSED] - Object: 'Object Repository/09-Settings/Users/Co worker/a_Click here to join GG Automation on EverLeagues' is clicked on

2022-12-02 14:45:56 - [TEST_STEP][PASSED] - closeWindowTitle("Mailinator"): Window with title: 'Mailinator' is closed

2022-12-02 14:45:56 - [MESSAGE][PASSED] - Window with title: 'Mailinator' is closed

2022-12-02 14:45:56 - [TEST_STEP][PASSED] - switchToWindowIndex(0): Switched to window with index: '0'

2022-12-02 14:45:56 - [MESSAGE][PASSED] - Switched to window with index: '0'

2022-12-02 14:45:56 - [TEST_STEP][PASSED] - verifyElementVisible(findTestObject("09-Settings/Users/Co worker/Logout before proceed modal")): Object 'Object Repository/09-Settings/Users/Co worker/Logout before proceed modal' is visible

2022-12-02 14:46:02 - [MESSAGE][PASSED] - Object 'Object Repository/09-Settings/Users/Co worker/Logout before proceed modal' is visible

2022-12-02 14:46:02 - [TEST_STEP][PASSED] - click(findTestObject("09-Settings/Users/Co worker/button_Yes")): Object: 'Object Repository/09-Settings/Users/Co worker/button_Yes' is clicked on

2022-12-02 14:46:02 - [MESSAGE][PASSED] - Object: 'Object Repository/09-Settings/Users/Co worker/button_Yes' is clicked on

2022-12-02 14:46:02 - [TEST_STEP][PASSED] - delay(3): Delayed 3 second(s)

2022-12-02 14:46:05 - [MESSAGE][PASSED] - Delayed 3 second(s)

2022-12-02 14:46:05 - [TEST_STEP][PASSED] - setText(findTestObject("09-Settings/Users/Co worker/input_Email_email"), "autotester04@mailinator.com"): Text 'autotester04@mailinator.com' is set on object 'Object Repository/09-Settings/Users/Co worker/input_Email_email'

2022-12-02 14:47:06 - [MESSAGE][PASSED] - Text 'autotester04@mailinator.com' is set on object 'Object Repository/09-Settings/Users/Co worker/input_Email_email'

2022-12-02 14:47:06 - [TEST_STEP][PASSED] - setEncryptedText(findTestObject("09-Settings/Users/Co worker/input__password"), "8yFRyszE6U6jvsCn51OQbg=="): Text ****** has been set on object 'Object Repository/09-Settings/Users/Co worker/input__password'

2022-12-02 14:47:36 - [MESSAGE][PASSED] - Text ****** has been set on object 'Object Repository/09-Settings/Users/Co worker/input__password'

2022-12-02 14:47:36 - [TEST_STEP][PASSED] - click(findTestObject("02-Side Icons(Organization)/Add Contact/button_Sign in")): Object: 'Object Repository/02-Side Icons(Organization)/Add Contact/button_Sign in' is clicked on

2022-12-02 14:48:06 - [MESSAGE][PASSED] - Object: 'Object Repository/02-Side Icons(Organization)/Add Contact/button_Sign in' is clicked on

2022-12-02 14:48:06 - [TEST_STEP][PASSED] - delay(2): Delayed 2 second(s)

2022-12-02 14:48:08 - [MESSAGE][PASSED] - Delayed 2 second(s)

2022-12-02 14:48:08 - [TEST_STEP][PASSED] - click(findTestObject("06-Teams/For 2FA/button_Confirm_2FA")): Object: 'Object Repository/06-Teams/For 2FA/button_Confirm_2FA' is clicked on

2022-12-02 14:48:38 - [MESSAGE][PASSED] - Object: 'Object Repository/06-Teams/For 2FA/button_Confirm_2FA' is clicked on

2022-12-02 14:48:38 - [TEST_STEP][PASSED] - executeJavaScript("window.open();", []): Execute JavaScript 'window.open();' successfully

2022-12-02 14:48:38 - [MESSAGE][PASSED] - Execute JavaScript 'window.open();' successfully

2022-12-02 14:48:38 - [TEST_STEP][PASSED] - currentWindow = getWindowIndex(): Current window's index is: 0

2022-12-02 14:48:38 - [MESSAGE][PASSED] - Current window's index is: 0

2022-12-02 14:48:38 - [TEST_STEP][PASSED] - delay(3): Delayed 3 second(s)

2022-12-02 14:48:41 - [MESSAGE][PASSED] - Delayed 3 second(s)

2022-12-02 14:48:41 - [TEST_STEP][PASSED] - switchToWindowIndex(currentWindow + 1): Switched to window with index: '1'

2022-12-02 14:48:41 - [MESSAGE][PASSED] - Switched to window with index: '1'

2022-12-02 14:48:41 - [TEST_STEP][PASSED] - navigateToUrl("https://www.mailinator.com/"): Navigate to 'https://www.mailinator.com/' successfully

2022-12-02 14:48:43 - [MESSAGE][PASSED] - Navigate to 'https://www.mailinator.com/' successfully

2022-12-02 14:48:43 - [TEST_STEP][PASSED] - delay(3): Delayed 3 second(s)

2022-12-02 14:48:46 - [MESSAGE][PASSED] - Delayed 3 second(s)

2022-12-02 14:48:46 - [TEST_STEP][PASSED] - setText(findTestObject("00-Signup and Activation/zMailinator/input_LOGIN_search"), "autotester04@mailinator.com"): Text 'autotester04@mailinator.com' is set on object 'Object Repository/00-Signup and Activation/zMailinator/input_LOGIN_search'

2022-12-02 14:48:46 - [MESSAGE][PASSED] - Text 'autotester04@mailinator.com' is set on object 'Object Repository/00-Signup and Activation/zMailinator/input_LOGIN_search'

2022-12-02 14:48:46 - [TEST_STEP][PASSED] - click(findTestObject("00-Signup and Activation/zMailinator/gobutton"), STOP_ON_FAILURE): Object: 'Object Repository/00-Signup and Activation/zMailinator/gobutton' is clicked on

2022-12-02 14:48:47 - [MESSAGE][PASSED] - Object: 'Object Repository/00-Signup and Activation/zMailinator/gobutton' is clicked on

2022-12-02 14:48:47 - [TEST_STEP][PASSED] - delay(3): Delayed 3 second(s)

2022-12-02 14:48:50 - [MESSAGE][PASSED] - Delayed 3 second(s)

2022-12-02 14:48:50 - [TEST_STEP][PASSED] - click(findTestObject("00-Signup and Activation/zMailinator/Email - everleagues")): Object: 'Object Repository/00-Signup and Activation/zMailinator/Email - everleagues' is clicked on

2022-12-02 14:48:51 - [MESSAGE][PASSED] - Object: 'Object Repository/00-Signup and Activation/zMailinator/Email - everleagues' is clicked on

2022-12-02 14:48:51 - [TEST_STEP][PASSED] - delay(3): Delayed 3 second(s)

2022-12-02 14:48:54 - [MESSAGE][PASSED] - Delayed 3 second(s)

2022-12-02 14:48:54 - [TEST_STEP][PASSED] - codetwo = getText(findTestObject("Object Repository/06-Teams/For 2FA/2FA code")): Text of object 'Object Repository/06-Teams/For 2FA/2FA code' is: '105812'

2022-12-02 14:48:54 - [MESSAGE][PASSED] - Text of object 'Object Repository/06-Teams/For 2FA/2FA code' is: '105812'

2022-12-02 14:48:54 - [TEST_STEP][PASSED] - delay(3): Delayed 3 second(s)

2022-12-02 14:48:57 - [MESSAGE][PASSED] - Delayed 3 second(s)

2022-12-02 14:48:57 - [TEST_STEP][PASSED] - closeWindowTitle("Mailinator"): Window with title: 'Mailinator' is closed

2022-12-02 14:48:58 - [MESSAGE][PASSED] - Window with title: 'Mailinator' is closed

2022-12-02 14:48:58 - [TEST_STEP][PASSED] - delay(3): Delayed 3 second(s)

2022-12-02 14:49:01 - [MESSAGE][PASSED] - Delayed 3 second(s)

2022-12-02 14:49:01 - [TEST_STEP][PASSED] - switchToWindowIndex(0): Switched to window with index: '0'

2022-12-02 14:49:01 - [MESSAGE][PASSED] - Switched to window with index: '0'

2022-12-02 14:49:01 - [TEST_STEP][PASSED] - delay(3): Delayed 3 second(s)

2022-12-02 14:49:04 - [MESSAGE][PASSED] - Delayed 3 second(s)

2022-12-02 14:49:04 - [TEST_STEP][PASSED] - setText(findTestObject("Object Repository/06-Teams/For 2FA/input_Enter verification code_code"), codetwo): Text '105812' is set on object 'Object Repository/06-Teams/For 2FA/input_Enter verification code_code'

2022-12-02 14:50:04 - [MESSAGE][PASSED] - Text '105812' is set on object 'Object Repository/06-Teams/For 2FA/input_Enter verification code_code'

2022-12-02 14:50:04 - [TEST_STEP][PASSED] - delay(3): Delayed 3 second(s)

2022-12-02 14:50:07 - [MESSAGE][PASSED] - Delayed 3 second(s)

2022-12-02 14:50:07 - [TEST_STEP][PASSED] - click(findTestObject("06-Teams/For 2FA/button_Verify_2FA")): Object: 'Object Repository/06-Teams/For 2FA/button_Verify_2FA' is clicked on

2022-12-02 14:50:37 - [MESSAGE][PASSED] - Object: 'Object Repository/06-Teams/For 2FA/button_Verify_2FA' is clicked on

2022-12-02 14:50:37 - [TEST_STEP][PASSED] - delay(5): Delayed 5 second(s)

2022-12-02 14:50:42 - [MESSAGE][PASSED] - Delayed 5 second(s)

2022-12-02 14:50:42 - [TEST_STEP][PASSED] - executeJavaScript("window.open();", []): Execute JavaScript 'window.open();' successfully

2022-12-02 14:50:42 - [MESSAGE][PASSED] - Execute JavaScript 'window.open();' successfully

2022-12-02 14:50:42 - [TEST_STEP][PASSED] - currentWindow = getWindowIndex(): Current window's index is: 0

2022-12-02 14:50:42 - [MESSAGE][PASSED] - Current window's index is: 0

2022-12-02 14:50:42 - [TEST_STEP][PASSED] - delay(3): Delayed 3 second(s)

2022-12-02 14:50:45 - [MESSAGE][PASSED] - Delayed 3 second(s)

2022-12-02 14:50:45 - [TEST_STEP][PASSED] - switchToWindowIndex(currentWindow + 1): Switched to window with index: '1'

2022-12-02 14:50:45 - [MESSAGE][PASSED] - Switched to window with index: '1'

2022-12-02 14:50:45 - [TEST_STEP][PASSED] - navigateToUrl("https://www.mailinator.com/"): Navigate to 'https://www.mailinator.com/' successfully

2022-12-02 14:50:46 - [MESSAGE][PASSED] - Navigate to 'https://www.mailinator.com/' successfully

2022-12-02 14:50:46 - [TEST_STEP][PASSED] - delay(3): Delayed 3 second(s)

2022-12-02 14:50:49 - [MESSAGE][PASSED] - Delayed 3 second(s)

2022-12-02 14:50:49 - [TEST_STEP][PASSED] - setText(findTestObject("00-Signup and Activation/zMailinator/input_LOGIN_search"), "autotester04@mailinator.com"): Text 'autotester04@mailinator.com' is set on object 'Object Repository/00-Signup and Activation/zMailinator/input_LOGIN_search'

2022-12-02 14:50:50 - [MESSAGE][PASSED] - Text 'autotester04@mailinator.com' is set on object 'Object Repository/00-Signup and Activation/zMailinator/input_LOGIN_search'

2022-12-02 14:50:50 - [TEST_STEP][PASSED] - click(findTestObject("00-Signup and Activation/zMailinator/gobutton"), STOP_ON_FAILURE): Object: 'Object Repository/00-Signup and Activation/zMailinator/gobutton' is clicked on

2022-12-02 14:50:51 - [MESSAGE][PASSED] - Object: 'Object Repository/00-Signup and Activation/zMailinator/gobutton' is clicked on

2022-12-02 14:50:51 - [TEST_STEP][PASSED] - delay(3): Delayed 3 second(s)

2022-12-02 14:50:54 - [MESSAGE][PASSED] - Delayed 3 second(s)

2022-12-02 14:50:54 - [TEST_STEP][PASSED] - closeWindowTitle("Everleagues"): Window with title: 'Everleagues' is closed

2022-12-02 14:50:54 - [MESSAGE][PASSED] - Window with title: 'Everleagues' is closed

2022-12-02 14:50:54 - [TEST_STEP][PASSED] - switchToWindowIndex(0): Switched to window with index: '0'

2022-12-02 14:50:54 - [MESSAGE][PASSED] - Switched to window with index: '0'

2022-12-02 14:50:54 - [TEST_STEP][PASSED] - click(findTestObject("09-Settings/Users/Co worker/td_Invitation from GG Automation")): Object: 'Object Repository/09-Settings/Users/Co worker/td_Invitation from GG Automation' is clicked on

2022-12-02 14:50:55 - [MESSAGE][PASSED] - Object: 'Object Repository/09-Settings/Users/Co worker/td_Invitation from GG Automation' is clicked on

2022-12-02 14:50:55 - [TEST_STEP][PASSED] - click(findTestObject("09-Settings/Users/Co worker/a_Click here to join GG Automation on EverLeagues")): Object: 'Object Repository/09-Settings/Users/Co worker/a_Click here to join GG Automation on EverLeagues' is clicked on

2022-12-02 14:50:56 - [MESSAGE][PASSED] - Object: 'Object Repository/09-Settings/Users/Co worker/a_Click here to join GG Automation on EverLeagues' is clicked on

2022-12-02 14:50:56 - [TEST_STEP][PASSED] - delay(3): Delayed 3 second(s)

2022-12-02 14:50:59 - [MESSAGE][PASSED] - Delayed 3 second(s)

2022-12-02 14:50:59 - [TEST_STEP][PASSED] - closeWindowTitle("Mailinator"): Window with title: 'Mailinator' is closed

2022-12-02 14:50:59 - [MESSAGE][PASSED] - Window with title: 'Mailinator' is closed

2022-12-02 14:50:59 - [TEST_STEP][PASSED] - switchToWindowIndex(0): Switched to window with index: '0'

2022-12-02 14:50:59 - [MESSAGE][PASSED] - Switched to window with index: '0'

2022-12-02 14:50:59 - [TEST_STEP][PASSED] - verifyElementVisible(findTestObject("09-Settings/Users/Co worker/Invite modal")): Object 'Object Repository/09-Settings/Users/Co worker/Invite modal' is visible

2022-12-02 14:51:01 - [MESSAGE][PASSED] - Object 'Object Repository/09-Settings/Users/Co worker/Invite modal' is visible

2022-12-02 14:51:01 - [TEST_STEP][PASSED] - click(findTestObject("09-Settings/Users/Co worker/button_Accept")): Object: 'Object Repository/09-Settings/Users/Co worker/button_Accept' is clicked on

2022-12-02 14:51:02 - [MESSAGE][PASSED] - Object: 'Object Repository/09-Settings/Users/Co worker/button_Accept' is clicked on

2022-12-02 14:51:02 - [TEST_STEP][PASSED] - delay(5): Delayed 5 second(s)

2022-12-02 14:51:07 - [MESSAGE][PASSED] - Delayed 5 second(s)

2022-12-02 14:51:07 - [TEST_STEP][PASSED] - verifyElementVisible(findTestObject("09-Settings/Users/Co worker/div_Joined as CoWorker")): Object 'Object Repository/09-Settings/Users/Co worker/div_Joined as CoWorker' is visible

2022-12-02 14:51:08 - [MESSAGE][PASSED] - Object 'Object Repository/09-Settings/Users/Co worker/div_Joined as CoWorker' is visible

2022-12-02 14:51:08 - [TEST_STEP][PASSED] - closeBrowser(): Browser is closed

2022-12-02 14:51:09 - [MESSAGE][PASSED] - Browser is closed]]></system-out>
         <system-err><![CDATA[]]></system-err>
      </testcase>
      <testcase name="Test Cases/09-Settings/03 - Users (Invite new user as client)" time="220.682" classname="Test Cases/09-Settings/03 - Users (Invite new user as client)" status="PASSED">
         <system-out><![CDATA[2022-12-02 14:51:09 - [TEST_CASE][PASSED] - Test Cases/09-Settings/03 - Users (Invite new user as client): Test Cases/09-Settings/03 - Users (Invite new user as client)

2022-12-02 14:51:09 - [TEST_STEP][PASSED] - openBrowser(""): Browser is opened with url: ''

2022-12-02 14:51:10 - [MESSAGE][INFO] - Starting 'Chrome' driver

2022-12-02 14:51:10 - [MESSAGE][INFO] - Action delay is set to 0 milliseconds

2022-12-02 14:51:11 - [MESSAGE][PASSED] - Browser is opened with url: ''

2022-12-02 14:51:11 - [TEST_STEP][PASSED] - navigateToUrl("https://lab.everleagues.com/"): Navigate to 'https://lab.everleagues.com/' successfully

2022-12-02 14:51:23 - [MESSAGE][PASSED] - Navigate to 'https://lab.everleagues.com/' successfully

2022-12-02 14:51:23 - [TEST_STEP][PASSED] - maximizeWindow(): Current window maximized

2022-12-02 14:51:23 - [MESSAGE][PASSED] - Current window maximized

2022-12-02 14:51:23 - [TEST_STEP][PASSED] - setText(findTestObject("02-Side Icons(Organization)/Add Contact/Email Field"), "testuser02@mailinator.com"): Text 'testuser02@mailinator.com' is set on object 'Object Repository/02-Side Icons(Organization)/Add Contact/Email Field'

2022-12-02 14:51:24 - [MESSAGE][PASSED] - Text 'testuser02@mailinator.com' is set on object 'Object Repository/02-Side Icons(Organization)/Add Contact/Email Field'

2022-12-02 14:51:24 - [TEST_STEP][PASSED] - setEncryptedText(findTestObject("02-Side Icons(Organization)/Add Contact/Password Field"), "8yFRyszE6U6jvsCn51OQbg=="): Text ****** has been set on object 'Object Repository/02-Side Icons(Organization)/Add Contact/Password Field'

2022-12-02 14:51:24 - [MESSAGE][PASSED] - Text ****** has been set on object 'Object Repository/02-Side Icons(Organization)/Add Contact/Password Field'

2022-12-02 14:51:24 - [TEST_STEP][PASSED] - click(findTestObject("02-Side Icons(Organization)/Add Contact/button_Sign in")): Object: 'Object Repository/02-Side Icons(Organization)/Add Contact/button_Sign in' is clicked on

2022-12-02 14:51:25 - [MESSAGE][PASSED] - Object: 'Object Repository/02-Side Icons(Organization)/Add Contact/button_Sign in' is clicked on

2022-12-02 14:51:25 - [TEST_STEP][PASSED] - delay(2): Delayed 2 second(s)

2022-12-02 14:51:27 - [MESSAGE][PASSED] - Delayed 2 second(s)

2022-12-02 14:51:27 - [TEST_STEP][PASSED] - click(findTestObject("06-Teams/For 2FA/button_Confirm_2FA")): Object: 'Object Repository/06-Teams/For 2FA/button_Confirm_2FA' is clicked on

2022-12-02 14:51:27 - [MESSAGE][PASSED] - Object: 'Object Repository/06-Teams/For 2FA/button_Confirm_2FA' is clicked on

2022-12-02 14:51:27 - [TEST_STEP][PASSED] - executeJavaScript("window.open();", []): Execute JavaScript 'window.open();' successfully

2022-12-02 14:51:28 - [MESSAGE][PASSED] - Execute JavaScript 'window.open();' successfully

2022-12-02 14:51:28 - [TEST_STEP][PASSED] - currentWindow = getWindowIndex(): Current window's index is: 0

2022-12-02 14:51:28 - [MESSAGE][PASSED] - Current window's index is: 0

2022-12-02 14:51:28 - [TEST_STEP][PASSED] - delay(3): Delayed 3 second(s)

2022-12-02 14:51:31 - [MESSAGE][PASSED] - Delayed 3 second(s)

2022-12-02 14:51:31 - [TEST_STEP][PASSED] - switchToWindowIndex(currentWindow + 1): Switched to window with index: '1'

2022-12-02 14:51:31 - [MESSAGE][PASSED] - Switched to window with index: '1'

2022-12-02 14:51:31 - [TEST_STEP][PASSED] - navigateToUrl("https://www.mailinator.com/"): Navigate to 'https://www.mailinator.com/' successfully

2022-12-02 14:51:33 - [MESSAGE][PASSED] - Navigate to 'https://www.mailinator.com/' successfully

2022-12-02 14:51:33 - [TEST_STEP][PASSED] - delay(3): Delayed 3 second(s)

2022-12-02 14:51:36 - [MESSAGE][PASSED] - Delayed 3 second(s)

2022-12-02 14:51:36 - [TEST_STEP][PASSED] - setText(findTestObject("00-Signup and Activation/zMailinator/input_LOGIN_search"), "testuser02@mailinator.com"): Text 'testuser02@mailinator.com' is set on object 'Object Repository/00-Signup and Activation/zMailinator/input_LOGIN_search'

2022-12-02 14:51:37 - [MESSAGE][PASSED] - Text 'testuser02@mailinator.com' is set on object 'Object Repository/00-Signup and Activation/zMailinator/input_LOGIN_search'

2022-12-02 14:51:37 - [TEST_STEP][PASSED] - click(findTestObject("00-Signup and Activation/zMailinator/gobutton"), STOP_ON_FAILURE): Object: 'Object Repository/00-Signup and Activation/zMailinator/gobutton' is clicked on

2022-12-02 14:51:39 - [MESSAGE][PASSED] - Object: 'Object Repository/00-Signup and Activation/zMailinator/gobutton' is clicked on

2022-12-02 14:51:39 - [TEST_STEP][PASSED] - delay(3): Delayed 3 second(s)

2022-12-02 14:51:42 - [MESSAGE][PASSED] - Delayed 3 second(s)

2022-12-02 14:51:42 - [TEST_STEP][PASSED] - click(findTestObject("00-Signup and Activation/zMailinator/Email - everleagues")): Object: 'Object Repository/00-Signup and Activation/zMailinator/Email - everleagues' is clicked on

2022-12-02 14:51:42 - [MESSAGE][PASSED] - Object: 'Object Repository/00-Signup and Activation/zMailinator/Email - everleagues' is clicked on

2022-12-02 14:51:42 - [TEST_STEP][PASSED] - delay(3): Delayed 3 second(s)

2022-12-02 14:51:45 - [MESSAGE][PASSED] - Delayed 3 second(s)

2022-12-02 14:51:45 - [TEST_STEP][PASSED] - code = getText(findTestObject("Object Repository/06-Teams/For 2FA/2FA code")): Text of object 'Object Repository/06-Teams/For 2FA/2FA code' is: '612113'

2022-12-02 14:51:46 - [MESSAGE][PASSED] - Text of object 'Object Repository/06-Teams/For 2FA/2FA code' is: '612113'

2022-12-02 14:51:46 - [TEST_STEP][PASSED] - delay(3): Delayed 3 second(s)

2022-12-02 14:51:49 - [MESSAGE][PASSED] - Delayed 3 second(s)

2022-12-02 14:51:49 - [TEST_STEP][PASSED] - closeWindowTitle("Mailinator"): Window with title: 'Mailinator' is closed

2022-12-02 14:51:49 - [MESSAGE][PASSED] - Window with title: 'Mailinator' is closed

2022-12-02 14:51:49 - [TEST_STEP][PASSED] - delay(3): Delayed 3 second(s)

2022-12-02 14:51:52 - [MESSAGE][PASSED] - Delayed 3 second(s)

2022-12-02 14:51:52 - [TEST_STEP][PASSED] - switchToWindowIndex(0): Switched to window with index: '0'

2022-12-02 14:51:52 - [MESSAGE][PASSED] - Switched to window with index: '0'

2022-12-02 14:51:52 - [TEST_STEP][PASSED] - delay(3): Delayed 3 second(s)

2022-12-02 14:51:55 - [MESSAGE][PASSED] - Delayed 3 second(s)

2022-12-02 14:51:55 - [TEST_STEP][PASSED] - setText(findTestObject("Object Repository/06-Teams/For 2FA/input_Enter verification code_code"), code): Text '612113' is set on object 'Object Repository/06-Teams/For 2FA/input_Enter verification code_code'

2022-12-02 14:51:56 - [MESSAGE][PASSED] - Text '612113' is set on object 'Object Repository/06-Teams/For 2FA/input_Enter verification code_code'

2022-12-02 14:51:56 - [TEST_STEP][PASSED] - delay(3): Delayed 3 second(s)

2022-12-02 14:51:59 - [MESSAGE][PASSED] - Delayed 3 second(s)

2022-12-02 14:51:59 - [TEST_STEP][PASSED] - click(findTestObject("06-Teams/For 2FA/button_Verify_2FA")): Object: 'Object Repository/06-Teams/For 2FA/button_Verify_2FA' is clicked on

2022-12-02 14:51:59 - [MESSAGE][PASSED] - Object: 'Object Repository/06-Teams/For 2FA/button_Verify_2FA' is clicked on

2022-12-02 14:51:59 - [TEST_STEP][PASSED] - delay(5): Delayed 5 second(s)

2022-12-02 14:52:04 - [MESSAGE][PASSED] - Delayed 5 second(s)

2022-12-02 14:52:04 - [TEST_STEP][PASSED] - click(findTestObject("06-Teams/button_doublearrow")): Object: 'Object Repository/06-Teams/button_doublearrow' is clicked on

2022-12-02 14:52:05 - [MESSAGE][PASSED] - Object: 'Object Repository/06-Teams/button_doublearrow' is clicked on

2022-12-02 14:52:05 - [TEST_STEP][PASSED] - click(findTestObject("06-Teams/button_My Organizations")): Object: 'Object Repository/06-Teams/button_My Organizations' is clicked on

2022-12-02 14:52:05 - [MESSAGE][PASSED] - Object: 'Object Repository/06-Teams/button_My Organizations' is clicked on

2022-12-02 14:52:05 - [TEST_STEP][PASSED] - click(findTestObject("06-Teams/button_GG Automation")): Object: 'Object Repository/06-Teams/button_GG Automation' is clicked on

2022-12-02 14:52:06 - [MESSAGE][PASSED] - Object: 'Object Repository/06-Teams/button_GG Automation' is clicked on

2022-12-02 14:52:06 - [TEST_STEP][PASSED] - delay(4): Delayed 4 second(s)

2022-12-02 14:52:10 - [MESSAGE][PASSED] - Delayed 4 second(s)

2022-12-02 14:52:10 - [TEST_STEP][PASSED] - verifyElementVisible(findTestObject("06-Teams/span_GG Automation")): Object 'Object Repository/06-Teams/span_GG Automation' is visible

2022-12-02 14:52:11 - [MESSAGE][PASSED] - Object 'Object Repository/06-Teams/span_GG Automation' is visible

2022-12-02 14:52:11 - [TEST_STEP][PASSED] - delay(5): Delayed 5 second(s)

2022-12-02 14:52:16 - [MESSAGE][PASSED] - Delayed 5 second(s)

2022-12-02 14:52:16 - [TEST_STEP][PASSED] - click(findTestObject("03-Header Menu/Hamburger Button/div_Settings")): Object: 'Object Repository/03-Header Menu/Hamburger Button/div_Settings' is clicked on

2022-12-02 14:52:16 - [MESSAGE][PASSED] - Object: 'Object Repository/03-Header Menu/Hamburger Button/div_Settings' is clicked on

2022-12-02 14:52:16 - [TEST_STEP][PASSED] - delay(3): Delayed 3 second(s)

2022-12-02 14:52:19 - [MESSAGE][PASSED] - Delayed 3 second(s)

2022-12-02 14:52:19 - [TEST_STEP][PASSED] - click(findTestObject("09-Settings/Users/div_Users")): Object: 'Object Repository/09-Settings/Users/div_Users' is clicked on

2022-12-02 14:52:20 - [MESSAGE][PASSED] - Object: 'Object Repository/09-Settings/Users/div_Users' is clicked on

2022-12-02 14:52:20 - [TEST_STEP][PASSED] - delay(3): Delayed 3 second(s)

2022-12-02 14:52:23 - [MESSAGE][PASSED] - Delayed 3 second(s)

2022-12-02 14:52:23 - [TEST_STEP][PASSED] - click(findTestObject("09-Settings/Users/button_add")): Object: 'Object Repository/09-Settings/Users/button_add' is clicked on

2022-12-02 14:52:23 - [MESSAGE][PASSED] - Object: 'Object Repository/09-Settings/Users/button_add' is clicked on

2022-12-02 14:52:23 - [TEST_STEP][PASSED] - delay(3): Delayed 3 second(s)

2022-12-02 14:52:26 - [MESSAGE][PASSED] - Delayed 3 second(s)

2022-12-02 14:52:26 - [TEST_STEP][PASSED] - click(findTestObject("09-Settings/Users/add Invite a single user")): Object: 'Object Repository/09-Settings/Users/add Invite a single user' is clicked on

2022-12-02 14:52:27 - [MESSAGE][PASSED] - Object: 'Object Repository/09-Settings/Users/add Invite a single user' is clicked on

2022-12-02 14:52:27 - [TEST_STEP][PASSED] - delay(3): Delayed 3 second(s)

2022-12-02 14:52:30 - [MESSAGE][PASSED] - Delayed 3 second(s)

2022-12-02 14:52:30 - [TEST_STEP][PASSED] - setText(findTestObject("09-Settings/Users/input_email"), "autotester09@mailinator.com"): Text 'autotester09@mailinator.com' is set on object 'Object Repository/09-Settings/Users/input_email'

2022-12-02 14:52:31 - [MESSAGE][PASSED] - Text 'autotester09@mailinator.com' is set on object 'Object Repository/09-Settings/Users/input_email'

2022-12-02 14:52:31 - [TEST_STEP][PASSED] - setText(findTestObject("09-Settings/Users/input_firstName"), "GG"): Text 'GG' is set on object 'Object Repository/09-Settings/Users/input_firstName'

2022-12-02 14:52:32 - [MESSAGE][PASSED] - Text 'GG' is set on object 'Object Repository/09-Settings/Users/input_firstName'

2022-12-02 14:52:32 - [TEST_STEP][PASSED] - setText(findTestObject("09-Settings/Users/input_lastName"), "Client"): Text 'Client' is set on object 'Object Repository/09-Settings/Users/input_lastName'

2022-12-02 14:52:33 - [MESSAGE][PASSED] - Text 'Client' is set on object 'Object Repository/09-Settings/Users/input_lastName'

2022-12-02 14:52:33 - [TEST_STEP][PASSED] - click(findTestObject("09-Settings/Users/span_Role")): Object: 'Object Repository/09-Settings/Users/span_Role' is clicked on

2022-12-02 14:52:34 - [MESSAGE][PASSED] - Object: 'Object Repository/09-Settings/Users/span_Role' is clicked on

2022-12-02 14:52:34 - [TEST_STEP][PASSED] - click(findTestObject("09-Settings/Users/span_Client")): Object: 'Object Repository/09-Settings/Users/span_Client' is clicked on

2022-12-02 14:52:34 - [MESSAGE][PASSED] - Object: 'Object Repository/09-Settings/Users/span_Client' is clicked on

2022-12-02 14:52:34 - [TEST_STEP][PASSED] - click(findTestObject("09-Settings/Users/button_Send Invitation")): Object: 'Object Repository/09-Settings/Users/button_Send Invitation' is clicked on

2022-12-02 14:52:35 - [MESSAGE][PASSED] - Object: 'Object Repository/09-Settings/Users/button_Send Invitation' is clicked on

2022-12-02 14:52:35 - [TEST_STEP][PASSED] - delay(2): Delayed 2 second(s)

2022-12-02 14:52:37 - [MESSAGE][PASSED] - Delayed 2 second(s)

2022-12-02 14:52:37 - [TEST_STEP][PASSED] - verifyElementVisible(findTestObject("07-Directory/Connections/zContact Profile/Successfully invited user")): Object 'Object Repository/07-Directory/Connections/zContact Profile/Successfully invited user' is visible

2022-12-02 14:52:38 - [MESSAGE][PASSED] - Object 'Object Repository/07-Directory/Connections/zContact Profile/Successfully invited user' is visible

2022-12-02 14:52:38 - [TEST_STEP][PASSED] - delay(2): Delayed 2 second(s)

2022-12-02 14:52:40 - [MESSAGE][PASSED] - Delayed 2 second(s)

2022-12-02 14:52:40 - [TEST_STEP][PASSED] - click(findTestObject("01-Login and Forgot Password/User menu drop")): Object: 'Object Repository/01-Login and Forgot Password/User menu drop' is clicked on

2022-12-02 14:52:40 - [MESSAGE][PASSED] - Object: 'Object Repository/01-Login and Forgot Password/User menu drop' is clicked on

2022-12-02 14:52:40 - [TEST_STEP][PASSED] - delay(2): Delayed 2 second(s)

2022-12-02 14:52:42 - [MESSAGE][PASSED] - Delayed 2 second(s)

2022-12-02 14:52:42 - [TEST_STEP][PASSED] - click(findTestObject("01-Login and Forgot Password/h4_Sign Out"), STOP_ON_FAILURE): Object: 'Object Repository/01-Login and Forgot Password/h4_Sign Out' is clicked on

2022-12-02 14:52:42 - [MESSAGE][PASSED] - Object: 'Object Repository/01-Login and Forgot Password/h4_Sign Out' is clicked on

2022-12-02 14:52:42 - [TEST_STEP][PASSED] - delay(2): Delayed 2 second(s)

2022-12-02 14:52:44 - [MESSAGE][PASSED] - Delayed 2 second(s)

2022-12-02 14:52:44 - [TEST_STEP][PASSED] - verifyElementPresent(findTestObject("01-Login and Forgot Password/Login_Card"), 0): Object 'Object Repository/01-Login and Forgot Password/Login_Card' is present

2022-12-02 14:52:45 - [MESSAGE][WARNING] - Timeout '0' is invalid. Using default page load timeout: '30'

2022-12-02 14:52:45 - [MESSAGE][PASSED] - Object 'Object Repository/01-Login and Forgot Password/Login_Card' is present

2022-12-02 14:52:45 - [TEST_STEP][PASSED] - delay(3): Delayed 3 second(s)

2022-12-02 14:52:48 - [MESSAGE][PASSED] - Delayed 3 second(s)

2022-12-02 14:52:48 - [TEST_STEP][PASSED] - closeBrowser(): Browser is closed

2022-12-02 14:52:49 - [MESSAGE][PASSED] - Browser is closed

2022-12-02 14:52:49 - [TEST_STEP][PASSED] - openBrowser(""): Browser is opened with url: ''

2022-12-02 14:52:49 - [MESSAGE][INFO] - Starting 'Chrome' driver

2022-12-02 14:52:49 - [MESSAGE][INFO] - Action delay is set to 0 milliseconds

2022-12-02 14:52:50 - [MESSAGE][PASSED] - Browser is opened with url: ''

2022-12-02 14:52:50 - [TEST_STEP][PASSED] - navigateToUrl("https://lab.everleagues.com/"): Navigate to 'https://lab.everleagues.com/' successfully

2022-12-02 14:53:38 - [MESSAGE][PASSED] - Navigate to 'https://lab.everleagues.com/' successfully

2022-12-02 14:53:38 - [TEST_STEP][PASSED] - maximizeWindow(): Current window maximized

2022-12-02 14:53:38 - [MESSAGE][PASSED] - Current window maximized

2022-12-02 14:53:38 - [TEST_STEP][PASSED] - setText(findTestObject("02-Side Icons(Organization)/Add Contact/Email Field"), "autotester09@mailinator.com"): Text 'autotester09@mailinator.com' is set on object 'Object Repository/02-Side Icons(Organization)/Add Contact/Email Field'

2022-12-02 14:53:39 - [MESSAGE][PASSED] - Text 'autotester09@mailinator.com' is set on object 'Object Repository/02-Side Icons(Organization)/Add Contact/Email Field'

2022-12-02 14:53:39 - [TEST_STEP][PASSED] - setEncryptedText(findTestObject("02-Side Icons(Organization)/Add Contact/Password Field"), "8yFRyszE6U6jvsCn51OQbg=="): Text ****** has been set on object 'Object Repository/02-Side Icons(Organization)/Add Contact/Password Field'

2022-12-02 14:53:40 - [MESSAGE][PASSED] - Text ****** has been set on object 'Object Repository/02-Side Icons(Organization)/Add Contact/Password Field'

2022-12-02 14:53:40 - [TEST_STEP][PASSED] - click(findTestObject("02-Side Icons(Organization)/Add Contact/button_Sign in")): Object: 'Object Repository/02-Side Icons(Organization)/Add Contact/button_Sign in' is clicked on

2022-12-02 14:53:40 - [MESSAGE][PASSED] - Object: 'Object Repository/02-Side Icons(Organization)/Add Contact/button_Sign in' is clicked on

2022-12-02 14:53:40 - [TEST_STEP][PASSED] - delay(2): Delayed 2 second(s)

2022-12-02 14:53:42 - [MESSAGE][PASSED] - Delayed 2 second(s)

2022-12-02 14:53:42 - [TEST_STEP][PASSED] - click(findTestObject("06-Teams/For 2FA/button_Confirm_2FA")): Object: 'Object Repository/06-Teams/For 2FA/button_Confirm_2FA' is clicked on

2022-12-02 14:53:43 - [MESSAGE][PASSED] - Object: 'Object Repository/06-Teams/For 2FA/button_Confirm_2FA' is clicked on

2022-12-02 14:53:43 - [TEST_STEP][PASSED] - executeJavaScript("window.open();", []): Execute JavaScript 'window.open();' successfully

2022-12-02 14:53:43 - [MESSAGE][PASSED] - Execute JavaScript 'window.open();' successfully

2022-12-02 14:53:43 - [TEST_STEP][PASSED] - currentWindow = getWindowIndex(): Current window's index is: 0

2022-12-02 14:53:43 - [MESSAGE][PASSED] - Current window's index is: 0

2022-12-02 14:53:43 - [TEST_STEP][PASSED] - delay(3): Delayed 3 second(s)

2022-12-02 14:53:46 - [MESSAGE][PASSED] - Delayed 3 second(s)

2022-12-02 14:53:46 - [TEST_STEP][PASSED] - switchToWindowIndex(currentWindow + 1): Switched to window with index: '1'

2022-12-02 14:53:46 - [MESSAGE][PASSED] - Switched to window with index: '1'

2022-12-02 14:53:46 - [TEST_STEP][PASSED] - navigateToUrl("https://www.mailinator.com/"): Navigate to 'https://www.mailinator.com/' successfully

2022-12-02 14:53:48 - [MESSAGE][PASSED] - Navigate to 'https://www.mailinator.com/' successfully

2022-12-02 14:53:48 - [TEST_STEP][PASSED] - delay(3): Delayed 3 second(s)

2022-12-02 14:53:51 - [MESSAGE][PASSED] - Delayed 3 second(s)

2022-12-02 14:53:51 - [TEST_STEP][PASSED] - setText(findTestObject("00-Signup and Activation/zMailinator/input_LOGIN_search"), "autotester09@mailinator.com"): Text 'autotester09@mailinator.com' is set on object 'Object Repository/00-Signup and Activation/zMailinator/input_LOGIN_search'

2022-12-02 14:53:51 - [MESSAGE][PASSED] - Text 'autotester09@mailinator.com' is set on object 'Object Repository/00-Signup and Activation/zMailinator/input_LOGIN_search'

2022-12-02 14:53:51 - [TEST_STEP][PASSED] - click(findTestObject("00-Signup and Activation/zMailinator/gobutton"), STOP_ON_FAILURE): Object: 'Object Repository/00-Signup and Activation/zMailinator/gobutton' is clicked on

2022-12-02 14:53:53 - [MESSAGE][PASSED] - Object: 'Object Repository/00-Signup and Activation/zMailinator/gobutton' is clicked on

2022-12-02 14:53:53 - [TEST_STEP][PASSED] - delay(3): Delayed 3 second(s)

2022-12-02 14:53:56 - [MESSAGE][PASSED] - Delayed 3 second(s)

2022-12-02 14:53:56 - [TEST_STEP][PASSED] - click(findTestObject("00-Signup and Activation/zMailinator/Email - everleagues")): Object: 'Object Repository/00-Signup and Activation/zMailinator/Email - everleagues' is clicked on

2022-12-02 14:53:56 - [MESSAGE][PASSED] - Object: 'Object Repository/00-Signup and Activation/zMailinator/Email - everleagues' is clicked on

2022-12-02 14:53:56 - [TEST_STEP][PASSED] - delay(3): Delayed 3 second(s)

2022-12-02 14:53:59 - [MESSAGE][PASSED] - Delayed 3 second(s)

2022-12-02 14:53:59 - [TEST_STEP][PASSED] - codetwo = getText(findTestObject("Object Repository/06-Teams/For 2FA/2FA code")): Text of object 'Object Repository/06-Teams/For 2FA/2FA code' is: '484628'

2022-12-02 14:54:00 - [MESSAGE][PASSED] - Text of object 'Object Repository/06-Teams/For 2FA/2FA code' is: '484628'

2022-12-02 14:54:00 - [TEST_STEP][PASSED] - delay(3): Delayed 3 second(s)

2022-12-02 14:54:03 - [MESSAGE][PASSED] - Delayed 3 second(s)

2022-12-02 14:54:03 - [TEST_STEP][PASSED] - closeWindowTitle("Mailinator"): Window with title: 'Mailinator' is closed

2022-12-02 14:54:03 - [MESSAGE][PASSED] - Window with title: 'Mailinator' is closed

2022-12-02 14:54:03 - [TEST_STEP][PASSED] - delay(3): Delayed 3 second(s)

2022-12-02 14:54:06 - [MESSAGE][PASSED] - Delayed 3 second(s)

2022-12-02 14:54:06 - [TEST_STEP][PASSED] - switchToWindowIndex(0): Switched to window with index: '0'

2022-12-02 14:54:06 - [MESSAGE][PASSED] - Switched to window with index: '0'

2022-12-02 14:54:06 - [TEST_STEP][PASSED] - delay(3): Delayed 3 second(s)

2022-12-02 14:54:09 - [MESSAGE][PASSED] - Delayed 3 second(s)

2022-12-02 14:54:09 - [TEST_STEP][PASSED] - setText(findTestObject("Object Repository/06-Teams/For 2FA/input_Enter verification code_code"), codetwo): Text '484628' is set on object 'Object Repository/06-Teams/For 2FA/input_Enter verification code_code'

2022-12-02 14:54:10 - [MESSAGE][PASSED] - Text '484628' is set on object 'Object Repository/06-Teams/For 2FA/input_Enter verification code_code'

2022-12-02 14:54:10 - [TEST_STEP][PASSED] - delay(3): Delayed 3 second(s)

2022-12-02 14:54:13 - [MESSAGE][PASSED] - Delayed 3 second(s)

2022-12-02 14:54:13 - [TEST_STEP][PASSED] - click(findTestObject("06-Teams/For 2FA/button_Verify_2FA")): Object: 'Object Repository/06-Teams/For 2FA/button_Verify_2FA' is clicked on

2022-12-02 14:54:13 - [MESSAGE][PASSED] - Object: 'Object Repository/06-Teams/For 2FA/button_Verify_2FA' is clicked on

2022-12-02 14:54:13 - [TEST_STEP][PASSED] - delay(5): Delayed 5 second(s)

2022-12-02 14:54:18 - [MESSAGE][PASSED] - Delayed 5 second(s)

2022-12-02 14:54:18 - [TEST_STEP][PASSED] - executeJavaScript("window.open();", []): Execute JavaScript 'window.open();' successfully

2022-12-02 14:54:18 - [MESSAGE][PASSED] - Execute JavaScript 'window.open();' successfully

2022-12-02 14:54:18 - [TEST_STEP][PASSED] - currentWindow = getWindowIndex(): Current window's index is: 0

2022-12-02 14:54:18 - [MESSAGE][PASSED] - Current window's index is: 0

2022-12-02 14:54:18 - [TEST_STEP][PASSED] - delay(3): Delayed 3 second(s)

2022-12-02 14:54:22 - [MESSAGE][PASSED] - Delayed 3 second(s)

2022-12-02 14:54:22 - [TEST_STEP][PASSED] - switchToWindowIndex(currentWindow + 1): Switched to window with index: '1'

2022-12-02 14:54:22 - [MESSAGE][PASSED] - Switched to window with index: '1'

2022-12-02 14:54:22 - [TEST_STEP][PASSED] - navigateToUrl("https://www.mailinator.com/"): Navigate to 'https://www.mailinator.com/' successfully

2022-12-02 14:54:23 - [MESSAGE][PASSED] - Navigate to 'https://www.mailinator.com/' successfully

2022-12-02 14:54:23 - [TEST_STEP][PASSED] - delay(3): Delayed 3 second(s)

2022-12-02 14:54:26 - [MESSAGE][PASSED] - Delayed 3 second(s)

2022-12-02 14:54:26 - [TEST_STEP][PASSED] - setText(findTestObject("00-Signup and Activation/zMailinator/input_LOGIN_search"), "autotester09@mailinator.com"): Text 'autotester09@mailinator.com' is set on object 'Object Repository/00-Signup and Activation/zMailinator/input_LOGIN_search'

2022-12-02 14:54:27 - [MESSAGE][PASSED] - Text 'autotester09@mailinator.com' is set on object 'Object Repository/00-Signup and Activation/zMailinator/input_LOGIN_search'

2022-12-02 14:54:27 - [TEST_STEP][PASSED] - click(findTestObject("00-Signup and Activation/zMailinator/gobutton"), STOP_ON_FAILURE): Object: 'Object Repository/00-Signup and Activation/zMailinator/gobutton' is clicked on

2022-12-02 14:54:28 - [MESSAGE][PASSED] - Object: 'Object Repository/00-Signup and Activation/zMailinator/gobutton' is clicked on

2022-12-02 14:54:28 - [TEST_STEP][PASSED] - delay(3): Delayed 3 second(s)

2022-12-02 14:54:31 - [MESSAGE][PASSED] - Delayed 3 second(s)

2022-12-02 14:54:31 - [TEST_STEP][PASSED] - closeWindowTitle("Everleagues"): Window with title: 'Everleagues' is closed

2022-12-02 14:54:31 - [MESSAGE][PASSED] - Window with title: 'Everleagues' is closed

2022-12-02 14:54:31 - [TEST_STEP][PASSED] - switchToWindowIndex(0): Switched to window with index: '0'

2022-12-02 14:54:31 - [MESSAGE][PASSED] - Switched to window with index: '0'

2022-12-02 14:54:31 - [TEST_STEP][PASSED] - click(findTestObject("09-Settings/Users/Co worker/td_Invitation from GG Automation")): Object: 'Object Repository/09-Settings/Users/Co worker/td_Invitation from GG Automation' is clicked on

2022-12-02 14:54:31 - [MESSAGE][PASSED] - Object: 'Object Repository/09-Settings/Users/Co worker/td_Invitation from GG Automation' is clicked on

2022-12-02 14:54:31 - [TEST_STEP][PASSED] - click(findTestObject("09-Settings/Users/Co worker/a_Click here to join GG Automation on EverLeagues")): Object: 'Object Repository/09-Settings/Users/Co worker/a_Click here to join GG Automation on EverLeagues' is clicked on

2022-12-02 14:54:32 - [MESSAGE][PASSED] - Object: 'Object Repository/09-Settings/Users/Co worker/a_Click here to join GG Automation on EverLeagues' is clicked on

2022-12-02 14:54:32 - [TEST_STEP][PASSED] - closeWindowTitle("Mailinator"): Window with title: 'Mailinator' is closed

2022-12-02 14:54:32 - [MESSAGE][PASSED] - Window with title: 'Mailinator' is closed

2022-12-02 14:54:32 - [TEST_STEP][PASSED] - switchToWindowIndex(0): Switched to window with index: '0'

2022-12-02 14:54:32 - [MESSAGE][PASSED] - Switched to window with index: '0'

2022-12-02 14:54:32 - [TEST_STEP][PASSED] - verifyElementVisible(findTestObject("09-Settings/Users/Client/Invite modal")): Object 'Object Repository/09-Settings/Users/Client/Invite modal' is visible

2022-12-02 14:54:38 - [MESSAGE][PASSED] - Object 'Object Repository/09-Settings/Users/Client/Invite modal' is visible

2022-12-02 14:54:38 - [TEST_STEP][PASSED] - setText(findTestObject("09-Settings/Users/Client/Company field"), "QA Company"): Text 'QA Company' is set on object 'Object Repository/09-Settings/Users/Client/Company field'

2022-12-02 14:54:39 - [MESSAGE][PASSED] - Text 'QA Company' is set on object 'Object Repository/09-Settings/Users/Client/Company field'

2022-12-02 14:54:39 - [TEST_STEP][PASSED] - click(findTestObject("09-Settings/Users/Client/button_Accept")): Object: 'Object Repository/09-Settings/Users/Client/button_Accept' is clicked on

2022-12-02 14:54:39 - [MESSAGE][PASSED] - Object: 'Object Repository/09-Settings/Users/Client/button_Accept' is clicked on

2022-12-02 14:54:39 - [TEST_STEP][PASSED] - delay(5): Delayed 5 second(s)

2022-12-02 14:54:44 - [MESSAGE][PASSED] - Delayed 5 second(s)

2022-12-02 14:54:44 - [TEST_STEP][PASSED] - verifyElementVisible(findTestObject("09-Settings/Users/Client/div_Joined as CLIENT")): Object 'Object Repository/09-Settings/Users/Client/div_Joined as CLIENT' is visible

2022-12-02 14:54:46 - [MESSAGE][PASSED] - Object 'Object Repository/09-Settings/Users/Client/div_Joined as CLIENT' is visible

2022-12-02 14:54:46 - [TEST_STEP][PASSED] - delay(3): Delayed 3 second(s)

2022-12-02 14:54:49 - [MESSAGE][PASSED] - Delayed 3 second(s)

2022-12-02 14:54:49 - [TEST_STEP][PASSED] - closeBrowser(): Browser is closed

2022-12-02 14:54:50 - [MESSAGE][PASSED] - Browser is closed]]></system-out>
         <system-err><![CDATA[]]></system-err>
      </testcase>
      <testcase name="Test Cases/09-Settings/04 - Users (Invite new user as partner)" time="213.855" classname="Test Cases/09-Settings/04 - Users (Invite new user as partner)" status="PASSED">
         <system-out><![CDATA[2022-12-02 14:54:50 - [TEST_CASE][PASSED] - Test Cases/09-Settings/04 - Users (Invite new user as partner): Test Cases/09-Settings/04 - Users (Invite new user as partner)

2022-12-02 14:54:50 - [TEST_STEP][PASSED] - openBrowser(""): Browser is opened with url: ''

2022-12-02 14:54:50 - [MESSAGE][INFO] - Starting 'Chrome' driver

2022-12-02 14:54:50 - [MESSAGE][INFO] - Action delay is set to 0 milliseconds

2022-12-02 14:54:51 - [MESSAGE][PASSED] - Browser is opened with url: ''

2022-12-02 14:54:51 - [TEST_STEP][PASSED] - navigateToUrl("https://lab.everleagues.com/"): Navigate to 'https://lab.everleagues.com/' successfully

2022-12-02 14:55:10 - [MESSAGE][PASSED] - Navigate to 'https://lab.everleagues.com/' successfully

2022-12-02 14:55:10 - [TEST_STEP][PASSED] - maximizeWindow(): Current window maximized

2022-12-02 14:55:10 - [MESSAGE][PASSED] - Current window maximized

2022-12-02 14:55:10 - [TEST_STEP][PASSED] - setText(findTestObject("02-Side Icons(Organization)/Add Contact/Email Field"), "testuser02@mailinator.com"): Text 'testuser02@mailinator.com' is set on object 'Object Repository/02-Side Icons(Organization)/Add Contact/Email Field'

2022-12-02 14:55:11 - [MESSAGE][PASSED] - Text 'testuser02@mailinator.com' is set on object 'Object Repository/02-Side Icons(Organization)/Add Contact/Email Field'

2022-12-02 14:55:11 - [TEST_STEP][PASSED] - setEncryptedText(findTestObject("02-Side Icons(Organization)/Add Contact/Password Field"), "8yFRyszE6U6jvsCn51OQbg=="): Text ****** has been set on object 'Object Repository/02-Side Icons(Organization)/Add Contact/Password Field'

2022-12-02 14:55:11 - [MESSAGE][PASSED] - Text ****** has been set on object 'Object Repository/02-Side Icons(Organization)/Add Contact/Password Field'

2022-12-02 14:55:11 - [TEST_STEP][PASSED] - click(findTestObject("02-Side Icons(Organization)/Add Contact/button_Sign in")): Object: 'Object Repository/02-Side Icons(Organization)/Add Contact/button_Sign in' is clicked on

2022-12-02 14:55:12 - [MESSAGE][PASSED] - Object: 'Object Repository/02-Side Icons(Organization)/Add Contact/button_Sign in' is clicked on

2022-12-02 14:55:12 - [TEST_STEP][PASSED] - delay(2): Delayed 2 second(s)

2022-12-02 14:55:14 - [MESSAGE][PASSED] - Delayed 2 second(s)

2022-12-02 14:55:14 - [TEST_STEP][PASSED] - click(findTestObject("06-Teams/For 2FA/button_Confirm_2FA")): Object: 'Object Repository/06-Teams/For 2FA/button_Confirm_2FA' is clicked on

2022-12-02 14:55:14 - [MESSAGE][PASSED] - Object: 'Object Repository/06-Teams/For 2FA/button_Confirm_2FA' is clicked on

2022-12-02 14:55:14 - [TEST_STEP][PASSED] - executeJavaScript("window.open();", []): Execute JavaScript 'window.open();' successfully

2022-12-02 14:55:14 - [MESSAGE][PASSED] - Execute JavaScript 'window.open();' successfully

2022-12-02 14:55:14 - [TEST_STEP][PASSED] - currentWindow = getWindowIndex(): Current window's index is: 0

2022-12-02 14:55:14 - [MESSAGE][PASSED] - Current window's index is: 0

2022-12-02 14:55:14 - [TEST_STEP][PASSED] - delay(3): Delayed 3 second(s)

2022-12-02 14:55:17 - [MESSAGE][PASSED] - Delayed 3 second(s)

2022-12-02 14:55:17 - [TEST_STEP][PASSED] - switchToWindowIndex(currentWindow + 1): Switched to window with index: '1'

2022-12-02 14:55:17 - [MESSAGE][PASSED] - Switched to window with index: '1'

2022-12-02 14:55:17 - [TEST_STEP][PASSED] - navigateToUrl("https://www.mailinator.com/"): Navigate to 'https://www.mailinator.com/' successfully

2022-12-02 14:55:19 - [MESSAGE][PASSED] - Navigate to 'https://www.mailinator.com/' successfully

2022-12-02 14:55:19 - [TEST_STEP][PASSED] - delay(3): Delayed 3 second(s)

2022-12-02 14:55:22 - [MESSAGE][PASSED] - Delayed 3 second(s)

2022-12-02 14:55:22 - [TEST_STEP][PASSED] - setText(findTestObject("00-Signup and Activation/zMailinator/input_LOGIN_search"), "testuser02@mailinator.com"): Text 'testuser02@mailinator.com' is set on object 'Object Repository/00-Signup and Activation/zMailinator/input_LOGIN_search'

2022-12-02 14:55:23 - [MESSAGE][PASSED] - Text 'testuser02@mailinator.com' is set on object 'Object Repository/00-Signup and Activation/zMailinator/input_LOGIN_search'

2022-12-02 14:55:23 - [TEST_STEP][PASSED] - click(findTestObject("00-Signup and Activation/zMailinator/gobutton"), STOP_ON_FAILURE): Object: 'Object Repository/00-Signup and Activation/zMailinator/gobutton' is clicked on

2022-12-02 14:55:26 - [MESSAGE][PASSED] - Object: 'Object Repository/00-Signup and Activation/zMailinator/gobutton' is clicked on

2022-12-02 14:55:26 - [TEST_STEP][PASSED] - delay(3): Delayed 3 second(s)

2022-12-02 14:55:29 - [MESSAGE][PASSED] - Delayed 3 second(s)

2022-12-02 14:55:29 - [TEST_STEP][PASSED] - click(findTestObject("00-Signup and Activation/zMailinator/Email - everleagues")): Object: 'Object Repository/00-Signup and Activation/zMailinator/Email - everleagues' is clicked on

2022-12-02 14:55:30 - [MESSAGE][PASSED] - Object: 'Object Repository/00-Signup and Activation/zMailinator/Email - everleagues' is clicked on

2022-12-02 14:55:30 - [TEST_STEP][PASSED] - delay(3): Delayed 3 second(s)

2022-12-02 14:55:33 - [MESSAGE][PASSED] - Delayed 3 second(s)

2022-12-02 14:55:33 - [TEST_STEP][PASSED] - code = getText(findTestObject("Object Repository/06-Teams/For 2FA/2FA code")): Text of object 'Object Repository/06-Teams/For 2FA/2FA code' is: '440542'

2022-12-02 14:55:33 - [MESSAGE][PASSED] - Text of object 'Object Repository/06-Teams/For 2FA/2FA code' is: '440542'

2022-12-02 14:55:33 - [TEST_STEP][PASSED] - delay(3): Delayed 3 second(s)

2022-12-02 14:55:36 - [MESSAGE][PASSED] - Delayed 3 second(s)

2022-12-02 14:55:36 - [TEST_STEP][PASSED] - closeWindowTitle("Mailinator"): Window with title: 'Mailinator' is closed

2022-12-02 14:55:36 - [MESSAGE][PASSED] - Window with title: 'Mailinator' is closed

2022-12-02 14:55:36 - [TEST_STEP][PASSED] - delay(3): Delayed 3 second(s)

2022-12-02 14:55:39 - [MESSAGE][PASSED] - Delayed 3 second(s)

2022-12-02 14:55:39 - [TEST_STEP][PASSED] - switchToWindowIndex(0): Switched to window with index: '0'

2022-12-02 14:55:39 - [MESSAGE][PASSED] - Switched to window with index: '0'

2022-12-02 14:55:39 - [TEST_STEP][PASSED] - delay(3): Delayed 3 second(s)

2022-12-02 14:55:42 - [MESSAGE][PASSED] - Delayed 3 second(s)

2022-12-02 14:55:42 - [TEST_STEP][PASSED] - setText(findTestObject("Object Repository/06-Teams/For 2FA/input_Enter verification code_code"), code): Text '440542' is set on object 'Object Repository/06-Teams/For 2FA/input_Enter verification code_code'

2022-12-02 14:55:43 - [MESSAGE][PASSED] - Text '440542' is set on object 'Object Repository/06-Teams/For 2FA/input_Enter verification code_code'

2022-12-02 14:55:43 - [TEST_STEP][PASSED] - delay(3): Delayed 3 second(s)

2022-12-02 14:55:46 - [MESSAGE][PASSED] - Delayed 3 second(s)

2022-12-02 14:55:46 - [TEST_STEP][PASSED] - click(findTestObject("06-Teams/For 2FA/button_Verify_2FA")): Object: 'Object Repository/06-Teams/For 2FA/button_Verify_2FA' is clicked on

2022-12-02 14:55:47 - [MESSAGE][PASSED] - Object: 'Object Repository/06-Teams/For 2FA/button_Verify_2FA' is clicked on

2022-12-02 14:55:47 - [TEST_STEP][PASSED] - delay(5): Delayed 5 second(s)

2022-12-02 14:55:52 - [MESSAGE][PASSED] - Delayed 5 second(s)

2022-12-02 14:55:52 - [TEST_STEP][PASSED] - click(findTestObject("06-Teams/button_doublearrow")): Object: 'Object Repository/06-Teams/button_doublearrow' is clicked on

2022-12-02 14:55:52 - [MESSAGE][PASSED] - Object: 'Object Repository/06-Teams/button_doublearrow' is clicked on

2022-12-02 14:55:52 - [TEST_STEP][PASSED] - click(findTestObject("06-Teams/button_My Organizations")): Object: 'Object Repository/06-Teams/button_My Organizations' is clicked on

2022-12-02 14:55:53 - [MESSAGE][PASSED] - Object: 'Object Repository/06-Teams/button_My Organizations' is clicked on

2022-12-02 14:55:53 - [TEST_STEP][PASSED] - click(findTestObject("06-Teams/button_GG Automation")): Object: 'Object Repository/06-Teams/button_GG Automation' is clicked on

2022-12-02 14:55:54 - [MESSAGE][PASSED] - Object: 'Object Repository/06-Teams/button_GG Automation' is clicked on

2022-12-02 14:55:54 - [TEST_STEP][PASSED] - delay(4): Delayed 4 second(s)

2022-12-02 14:55:58 - [MESSAGE][PASSED] - Delayed 4 second(s)

2022-12-02 14:55:58 - [TEST_STEP][PASSED] - verifyElementVisible(findTestObject("06-Teams/span_GG Automation")): Object 'Object Repository/06-Teams/span_GG Automation' is visible

2022-12-02 14:55:58 - [MESSAGE][PASSED] - Object 'Object Repository/06-Teams/span_GG Automation' is visible

2022-12-02 14:55:58 - [TEST_STEP][PASSED] - delay(5): Delayed 5 second(s)

2022-12-02 14:56:03 - [MESSAGE][PASSED] - Delayed 5 second(s)

2022-12-02 14:56:03 - [TEST_STEP][PASSED] - click(findTestObject("03-Header Menu/Hamburger Button/div_Settings")): Object: 'Object Repository/03-Header Menu/Hamburger Button/div_Settings' is clicked on

2022-12-02 14:56:03 - [MESSAGE][PASSED] - Object: 'Object Repository/03-Header Menu/Hamburger Button/div_Settings' is clicked on

2022-12-02 14:56:03 - [TEST_STEP][PASSED] - delay(3): Delayed 3 second(s)

2022-12-02 14:56:06 - [MESSAGE][PASSED] - Delayed 3 second(s)

2022-12-02 14:56:06 - [TEST_STEP][PASSED] - click(findTestObject("09-Settings/Users/div_Users")): Object: 'Object Repository/09-Settings/Users/div_Users' is clicked on

2022-12-02 14:56:07 - [MESSAGE][PASSED] - Object: 'Object Repository/09-Settings/Users/div_Users' is clicked on

2022-12-02 14:56:07 - [TEST_STEP][PASSED] - delay(3): Delayed 3 second(s)

2022-12-02 14:56:10 - [MESSAGE][PASSED] - Delayed 3 second(s)

2022-12-02 14:56:10 - [TEST_STEP][PASSED] - click(findTestObject("09-Settings/Users/button_add")): Object: 'Object Repository/09-Settings/Users/button_add' is clicked on

2022-12-02 14:56:10 - [MESSAGE][PASSED] - Object: 'Object Repository/09-Settings/Users/button_add' is clicked on

2022-12-02 14:56:10 - [TEST_STEP][PASSED] - delay(3): Delayed 3 second(s)

2022-12-02 14:56:13 - [MESSAGE][PASSED] - Delayed 3 second(s)

2022-12-02 14:56:13 - [TEST_STEP][PASSED] - click(findTestObject("09-Settings/Users/add Invite a single user")): Object: 'Object Repository/09-Settings/Users/add Invite a single user' is clicked on

2022-12-02 14:56:14 - [MESSAGE][PASSED] - Object: 'Object Repository/09-Settings/Users/add Invite a single user' is clicked on

2022-12-02 14:56:14 - [TEST_STEP][PASSED] - delay(3): Delayed 3 second(s)

2022-12-02 14:56:17 - [MESSAGE][PASSED] - Delayed 3 second(s)

2022-12-02 14:56:17 - [TEST_STEP][PASSED] - setText(findTestObject("09-Settings/Users/input_email"), "autotester10@mailinator.com"): Text 'autotester10@mailinator.com' is set on object 'Object Repository/09-Settings/Users/input_email'

2022-12-02 14:56:18 - [MESSAGE][PASSED] - Text 'autotester10@mailinator.com' is set on object 'Object Repository/09-Settings/Users/input_email'

2022-12-02 14:56:18 - [TEST_STEP][PASSED] - setText(findTestObject("09-Settings/Users/input_firstName"), "GG"): Text 'GG' is set on object 'Object Repository/09-Settings/Users/input_firstName'

2022-12-02 14:56:19 - [MESSAGE][PASSED] - Text 'GG' is set on object 'Object Repository/09-Settings/Users/input_firstName'

2022-12-02 14:56:19 - [TEST_STEP][PASSED] - setText(findTestObject("09-Settings/Users/input_lastName"), "Partner"): Text 'Partner' is set on object 'Object Repository/09-Settings/Users/input_lastName'

2022-12-02 14:56:19 - [MESSAGE][PASSED] - Text 'Partner' is set on object 'Object Repository/09-Settings/Users/input_lastName'

2022-12-02 14:56:19 - [TEST_STEP][PASSED] - click(findTestObject("09-Settings/Users/span_Role")): Object: 'Object Repository/09-Settings/Users/span_Role' is clicked on

2022-12-02 14:56:20 - [MESSAGE][PASSED] - Object: 'Object Repository/09-Settings/Users/span_Role' is clicked on

2022-12-02 14:56:20 - [TEST_STEP][PASSED] - click(findTestObject("09-Settings/Users/span_Partner")): Object: 'Object Repository/09-Settings/Users/span_Partner' is clicked on

2022-12-02 14:56:20 - [MESSAGE][PASSED] - Object: 'Object Repository/09-Settings/Users/span_Partner' is clicked on

2022-12-02 14:56:20 - [TEST_STEP][PASSED] - click(findTestObject("09-Settings/Users/button_Send Invitation")): Object: 'Object Repository/09-Settings/Users/button_Send Invitation' is clicked on

2022-12-02 14:56:21 - [MESSAGE][PASSED] - Object: 'Object Repository/09-Settings/Users/button_Send Invitation' is clicked on

2022-12-02 14:56:21 - [TEST_STEP][PASSED] - delay(2): Delayed 2 second(s)

2022-12-02 14:56:23 - [MESSAGE][PASSED] - Delayed 2 second(s)

2022-12-02 14:56:23 - [TEST_STEP][PASSED] - verifyElementVisible(findTestObject("07-Directory/Connections/zContact Profile/Successfully invited user")): Object 'Object Repository/07-Directory/Connections/zContact Profile/Successfully invited user' is visible

2022-12-02 14:56:25 - [MESSAGE][PASSED] - Object 'Object Repository/07-Directory/Connections/zContact Profile/Successfully invited user' is visible

2022-12-02 14:56:25 - [TEST_STEP][PASSED] - delay(2): Delayed 2 second(s)

2022-12-02 14:56:27 - [MESSAGE][PASSED] - Delayed 2 second(s)

2022-12-02 14:56:27 - [TEST_STEP][PASSED] - click(findTestObject("01-Login and Forgot Password/User menu drop")): Object: 'Object Repository/01-Login and Forgot Password/User menu drop' is clicked on

2022-12-02 14:56:27 - [MESSAGE][PASSED] - Object: 'Object Repository/01-Login and Forgot Password/User menu drop' is clicked on

2022-12-02 14:56:27 - [TEST_STEP][PASSED] - delay(2): Delayed 2 second(s)

2022-12-02 14:56:29 - [MESSAGE][PASSED] - Delayed 2 second(s)

2022-12-02 14:56:29 - [TEST_STEP][PASSED] - click(findTestObject("01-Login and Forgot Password/h4_Sign Out"), STOP_ON_FAILURE): Object: 'Object Repository/01-Login and Forgot Password/h4_Sign Out' is clicked on

2022-12-02 14:56:30 - [MESSAGE][PASSED] - Object: 'Object Repository/01-Login and Forgot Password/h4_Sign Out' is clicked on

2022-12-02 14:56:30 - [TEST_STEP][PASSED] - delay(2): Delayed 2 second(s)

2022-12-02 14:56:32 - [MESSAGE][PASSED] - Delayed 2 second(s)

2022-12-02 14:56:32 - [TEST_STEP][PASSED] - verifyElementPresent(findTestObject("01-Login and Forgot Password/Login_Card"), 0): Object 'Object Repository/01-Login and Forgot Password/Login_Card' is present

2022-12-02 14:56:32 - [MESSAGE][WARNING] - Timeout '0' is invalid. Using default page load timeout: '30'

2022-12-02 14:56:32 - [MESSAGE][PASSED] - Object 'Object Repository/01-Login and Forgot Password/Login_Card' is present

2022-12-02 14:56:32 - [TEST_STEP][PASSED] - delay(3): Delayed 3 second(s)

2022-12-02 14:56:35 - [MESSAGE][PASSED] - Delayed 3 second(s)

2022-12-02 14:56:35 - [TEST_STEP][PASSED] - closeBrowser(): Browser is closed

2022-12-02 14:56:36 - [MESSAGE][PASSED] - Browser is closed

2022-12-02 14:56:36 - [TEST_STEP][PASSED] - openBrowser(""): Browser is opened with url: ''

2022-12-02 14:56:36 - [MESSAGE][INFO] - Starting 'Chrome' driver

2022-12-02 14:56:36 - [MESSAGE][INFO] - Action delay is set to 0 milliseconds

2022-12-02 14:56:37 - [MESSAGE][PASSED] - Browser is opened with url: ''

2022-12-02 14:56:37 - [TEST_STEP][PASSED] - navigateToUrl("https://lab.everleagues.com/"): Navigate to 'https://lab.everleagues.com/' successfully

2022-12-02 14:57:11 - [MESSAGE][PASSED] - Navigate to 'https://lab.everleagues.com/' successfully

2022-12-02 14:57:11 - [TEST_STEP][PASSED] - maximizeWindow(): Current window maximized

2022-12-02 14:57:11 - [MESSAGE][PASSED] - Current window maximized

2022-12-02 14:57:11 - [TEST_STEP][PASSED] - setText(findTestObject("02-Side Icons(Organization)/Add Contact/Email Field"), "autotester10@mailinator.com"): Text 'autotester10@mailinator.com' is set on object 'Object Repository/02-Side Icons(Organization)/Add Contact/Email Field'

2022-12-02 14:57:12 - [MESSAGE][PASSED] - Text 'autotester10@mailinator.com' is set on object 'Object Repository/02-Side Icons(Organization)/Add Contact/Email Field'

2022-12-02 14:57:12 - [TEST_STEP][PASSED] - setEncryptedText(findTestObject("02-Side Icons(Organization)/Add Contact/Password Field"), "8yFRyszE6U6jvsCn51OQbg=="): Text ****** has been set on object 'Object Repository/02-Side Icons(Organization)/Add Contact/Password Field'

2022-12-02 14:57:13 - [MESSAGE][PASSED] - Text ****** has been set on object 'Object Repository/02-Side Icons(Organization)/Add Contact/Password Field'

2022-12-02 14:57:13 - [TEST_STEP][PASSED] - click(findTestObject("02-Side Icons(Organization)/Add Contact/button_Sign in")): Object: 'Object Repository/02-Side Icons(Organization)/Add Contact/button_Sign in' is clicked on

2022-12-02 14:57:14 - [MESSAGE][PASSED] - Object: 'Object Repository/02-Side Icons(Organization)/Add Contact/button_Sign in' is clicked on

2022-12-02 14:57:14 - [TEST_STEP][PASSED] - delay(2): Delayed 2 second(s)

2022-12-02 14:57:16 - [MESSAGE][PASSED] - Delayed 2 second(s)

2022-12-02 14:57:16 - [TEST_STEP][PASSED] - click(findTestObject("06-Teams/For 2FA/button_Confirm_2FA")): Object: 'Object Repository/06-Teams/For 2FA/button_Confirm_2FA' is clicked on

2022-12-02 14:57:16 - [MESSAGE][PASSED] - Object: 'Object Repository/06-Teams/For 2FA/button_Confirm_2FA' is clicked on

2022-12-02 14:57:16 - [TEST_STEP][PASSED] - executeJavaScript("window.open();", []): Execute JavaScript 'window.open();' successfully

2022-12-02 14:57:16 - [MESSAGE][PASSED] - Execute JavaScript 'window.open();' successfully

2022-12-02 14:57:16 - [TEST_STEP][PASSED] - currentWindow = getWindowIndex(): Current window's index is: 0

2022-12-02 14:57:17 - [MESSAGE][PASSED] - Current window's index is: 0

2022-12-02 14:57:17 - [TEST_STEP][PASSED] - delay(3): Delayed 3 second(s)

2022-12-02 14:57:20 - [MESSAGE][PASSED] - Delayed 3 second(s)

2022-12-02 14:57:20 - [TEST_STEP][PASSED] - switchToWindowIndex(currentWindow + 1): Switched to window with index: '1'

2022-12-02 14:57:20 - [MESSAGE][PASSED] - Switched to window with index: '1'

2022-12-02 14:57:20 - [TEST_STEP][PASSED] - navigateToUrl("https://www.mailinator.com/"): Navigate to 'https://www.mailinator.com/' successfully

2022-12-02 14:57:22 - [MESSAGE][PASSED] - Navigate to 'https://www.mailinator.com/' successfully

2022-12-02 14:57:22 - [TEST_STEP][PASSED] - delay(3): Delayed 3 second(s)

2022-12-02 14:57:25 - [MESSAGE][PASSED] - Delayed 3 second(s)

2022-12-02 14:57:25 - [TEST_STEP][PASSED] - setText(findTestObject("00-Signup and Activation/zMailinator/input_LOGIN_search"), "autotester10@mailinator.com"): Text 'autotester10@mailinator.com' is set on object 'Object Repository/00-Signup and Activation/zMailinator/input_LOGIN_search'

2022-12-02 14:57:26 - [MESSAGE][PASSED] - Text 'autotester10@mailinator.com' is set on object 'Object Repository/00-Signup and Activation/zMailinator/input_LOGIN_search'

2022-12-02 14:57:26 - [TEST_STEP][PASSED] - click(findTestObject("00-Signup and Activation/zMailinator/gobutton"), STOP_ON_FAILURE): Object: 'Object Repository/00-Signup and Activation/zMailinator/gobutton' is clicked on

2022-12-02 14:57:27 - [MESSAGE][PASSED] - Object: 'Object Repository/00-Signup and Activation/zMailinator/gobutton' is clicked on

2022-12-02 14:57:27 - [TEST_STEP][PASSED] - delay(3): Delayed 3 second(s)

2022-12-02 14:57:30 - [MESSAGE][PASSED] - Delayed 3 second(s)

2022-12-02 14:57:30 - [TEST_STEP][PASSED] - click(findTestObject("00-Signup and Activation/zMailinator/Email - everleagues")): Object: 'Object Repository/00-Signup and Activation/zMailinator/Email - everleagues' is clicked on

2022-12-02 14:57:31 - [MESSAGE][PASSED] - Object: 'Object Repository/00-Signup and Activation/zMailinator/Email - everleagues' is clicked on

2022-12-02 14:57:31 - [TEST_STEP][PASSED] - delay(3): Delayed 3 second(s)

2022-12-02 14:57:34 - [MESSAGE][PASSED] - Delayed 3 second(s)

2022-12-02 14:57:34 - [TEST_STEP][PASSED] - codetwo = getText(findTestObject("Object Repository/06-Teams/For 2FA/2FA code")): Text of object 'Object Repository/06-Teams/For 2FA/2FA code' is: '555745'

2022-12-02 14:57:34 - [MESSAGE][PASSED] - Text of object 'Object Repository/06-Teams/For 2FA/2FA code' is: '555745'

2022-12-02 14:57:34 - [TEST_STEP][PASSED] - delay(3): Delayed 3 second(s)

2022-12-02 14:57:37 - [MESSAGE][PASSED] - Delayed 3 second(s)

2022-12-02 14:57:37 - [TEST_STEP][PASSED] - closeWindowTitle("Mailinator"): Window with title: 'Mailinator' is closed

2022-12-02 14:57:37 - [MESSAGE][PASSED] - Window with title: 'Mailinator' is closed

2022-12-02 14:57:37 - [TEST_STEP][PASSED] - delay(3): Delayed 3 second(s)

2022-12-02 14:57:40 - [MESSAGE][PASSED] - Delayed 3 second(s)

2022-12-02 14:57:40 - [TEST_STEP][PASSED] - switchToWindowIndex(0): Switched to window with index: '0'

2022-12-02 14:57:40 - [MESSAGE][PASSED] - Switched to window with index: '0'

2022-12-02 14:57:40 - [TEST_STEP][PASSED] - delay(3): Delayed 3 second(s)

2022-12-02 14:57:43 - [MESSAGE][PASSED] - Delayed 3 second(s)

2022-12-02 14:57:43 - [TEST_STEP][PASSED] - setText(findTestObject("Object Repository/06-Teams/For 2FA/input_Enter verification code_code"), codetwo): Text '555745' is set on object 'Object Repository/06-Teams/For 2FA/input_Enter verification code_code'

2022-12-02 14:57:44 - [MESSAGE][PASSED] - Text '555745' is set on object 'Object Repository/06-Teams/For 2FA/input_Enter verification code_code'

2022-12-02 14:57:44 - [TEST_STEP][PASSED] - delay(3): Delayed 3 second(s)

2022-12-02 14:57:47 - [MESSAGE][PASSED] - Delayed 3 second(s)

2022-12-02 14:57:47 - [TEST_STEP][PASSED] - click(findTestObject("06-Teams/For 2FA/button_Verify_2FA")): Object: 'Object Repository/06-Teams/For 2FA/button_Verify_2FA' is clicked on

2022-12-02 14:57:48 - [MESSAGE][PASSED] - Object: 'Object Repository/06-Teams/For 2FA/button_Verify_2FA' is clicked on

2022-12-02 14:57:48 - [TEST_STEP][PASSED] - delay(5): Delayed 5 second(s)

2022-12-02 14:57:53 - [MESSAGE][PASSED] - Delayed 5 second(s)

2022-12-02 14:57:53 - [TEST_STEP][PASSED] - executeJavaScript("window.open();", []): Execute JavaScript 'window.open();' successfully

2022-12-02 14:57:53 - [MESSAGE][PASSED] - Execute JavaScript 'window.open();' successfully

2022-12-02 14:57:53 - [TEST_STEP][PASSED] - currentWindow = getWindowIndex(): Current window's index is: 0

2022-12-02 14:57:53 - [MESSAGE][PASSED] - Current window's index is: 0

2022-12-02 14:57:53 - [TEST_STEP][PASSED] - delay(3): Delayed 3 second(s)

2022-12-02 14:57:56 - [MESSAGE][PASSED] - Delayed 3 second(s)

2022-12-02 14:57:56 - [TEST_STEP][PASSED] - switchToWindowIndex(currentWindow + 1): Switched to window with index: '1'

2022-12-02 14:57:56 - [MESSAGE][PASSED] - Switched to window with index: '1'

2022-12-02 14:57:56 - [TEST_STEP][PASSED] - navigateToUrl("https://www.mailinator.com/"): Navigate to 'https://www.mailinator.com/' successfully

2022-12-02 14:57:57 - [MESSAGE][PASSED] - Navigate to 'https://www.mailinator.com/' successfully

2022-12-02 14:57:57 - [TEST_STEP][PASSED] - delay(3): Delayed 3 second(s)

2022-12-02 14:58:00 - [MESSAGE][PASSED] - Delayed 3 second(s)

2022-12-02 14:58:00 - [TEST_STEP][PASSED] - setText(findTestObject("00-Signup and Activation/zMailinator/input_LOGIN_search"), "autotester10@mailinator.com"): Text 'autotester10@mailinator.com' is set on object 'Object Repository/00-Signup and Activation/zMailinator/input_LOGIN_search'

2022-12-02 14:58:01 - [MESSAGE][PASSED] - Text 'autotester10@mailinator.com' is set on object 'Object Repository/00-Signup and Activation/zMailinator/input_LOGIN_search'

2022-12-02 14:58:01 - [TEST_STEP][PASSED] - click(findTestObject("00-Signup and Activation/zMailinator/gobutton"), STOP_ON_FAILURE): Object: 'Object Repository/00-Signup and Activation/zMailinator/gobutton' is clicked on

2022-12-02 14:58:02 - [MESSAGE][PASSED] - Object: 'Object Repository/00-Signup and Activation/zMailinator/gobutton' is clicked on

2022-12-02 14:58:02 - [TEST_STEP][PASSED] - delay(3): Delayed 3 second(s)

2022-12-02 14:58:05 - [MESSAGE][PASSED] - Delayed 3 second(s)

2022-12-02 14:58:05 - [TEST_STEP][PASSED] - closeWindowTitle("Everleagues"): Window with title: 'Everleagues' is closed

2022-12-02 14:58:05 - [MESSAGE][PASSED] - Window with title: 'Everleagues' is closed

2022-12-02 14:58:05 - [TEST_STEP][PASSED] - switchToWindowIndex(0): Switched to window with index: '0'

2022-12-02 14:58:05 - [MESSAGE][PASSED] - Switched to window with index: '0'

2022-12-02 14:58:05 - [TEST_STEP][PASSED] - click(findTestObject("09-Settings/Users/Co worker/td_Invitation from GG Automation")): Object: 'Object Repository/09-Settings/Users/Co worker/td_Invitation from GG Automation' is clicked on

2022-12-02 14:58:05 - [MESSAGE][PASSED] - Object: 'Object Repository/09-Settings/Users/Co worker/td_Invitation from GG Automation' is clicked on

2022-12-02 14:58:05 - [TEST_STEP][PASSED] - click(findTestObject("09-Settings/Users/Co worker/a_Click here to join GG Automation on EverLeagues")): Object: 'Object Repository/09-Settings/Users/Co worker/a_Click here to join GG Automation on EverLeagues' is clicked on

2022-12-02 14:58:06 - [MESSAGE][PASSED] - Object: 'Object Repository/09-Settings/Users/Co worker/a_Click here to join GG Automation on EverLeagues' is clicked on

2022-12-02 14:58:06 - [TEST_STEP][PASSED] - closeWindowTitle("Mailinator"): Window with title: 'Mailinator' is closed

2022-12-02 14:58:06 - [MESSAGE][PASSED] - Window with title: 'Mailinator' is closed

2022-12-02 14:58:06 - [TEST_STEP][PASSED] - switchToWindowIndex(0): Switched to window with index: '0'

2022-12-02 14:58:06 - [MESSAGE][PASSED] - Switched to window with index: '0'

2022-12-02 14:58:06 - [TEST_STEP][PASSED] - verifyElementVisible(findTestObject("09-Settings/Users/Client/Invite modal")): Object 'Object Repository/09-Settings/Users/Client/Invite modal' is visible

2022-12-02 14:58:12 - [MESSAGE][PASSED] - Object 'Object Repository/09-Settings/Users/Client/Invite modal' is visible

2022-12-02 14:58:12 - [TEST_STEP][PASSED] - setText(findTestObject("09-Settings/Users/Client/Company field"), "QA Company"): Text 'QA Company' is set on object 'Object Repository/09-Settings/Users/Client/Company field'

2022-12-02 14:58:13 - [MESSAGE][PASSED] - Text 'QA Company' is set on object 'Object Repository/09-Settings/Users/Client/Company field'

2022-12-02 14:58:13 - [TEST_STEP][PASSED] - click(findTestObject("09-Settings/Users/Client/button_Accept")): Object: 'Object Repository/09-Settings/Users/Client/button_Accept' is clicked on

2022-12-02 14:58:13 - [MESSAGE][PASSED] - Object: 'Object Repository/09-Settings/Users/Client/button_Accept' is clicked on

2022-12-02 14:58:13 - [TEST_STEP][PASSED] - delay(5): Delayed 5 second(s)

2022-12-02 14:58:18 - [MESSAGE][PASSED] - Delayed 5 second(s)

2022-12-02 14:58:18 - [TEST_STEP][PASSED] - verifyElementVisible(findTestObject("09-Settings/Users/div_Joined as Partner")): Object 'Object Repository/09-Settings/Users/div_Joined as Partner' is visible

2022-12-02 14:58:20 - [MESSAGE][PASSED] - Object 'Object Repository/09-Settings/Users/div_Joined as Partner' is visible

2022-12-02 14:58:20 - [TEST_STEP][PASSED] - delay(3): Delayed 3 second(s)

2022-12-02 14:58:23 - [MESSAGE][PASSED] - Delayed 3 second(s)

2022-12-02 14:58:23 - [TEST_STEP][PASSED] - closeBrowser(): Browser is closed

2022-12-02 14:58:24 - [MESSAGE][PASSED] - Browser is closed]]></system-out>
         <system-err><![CDATA[]]></system-err>
      </testcase>
      <testcase name="Test Cases/09-Settings/05 - Users (Invite batch of users via CSV file)" time="119.692" classname="Test Cases/09-Settings/05 - Users (Invite batch of users via CSV file)" status="FAILED">
         <failure type="FAILED" message="Test Cases/09-Settings/05 - Users (Invite batch of users via CSV file) FAILED.
Reason:
com.kms.katalon.core.exception.StepFailedException: Unable to verify object 'Object Repository/09-Settings/Users/CSV Invite/div_Sample csv.csv' is visible
	at com.kms.katalon.core.webui.keyword.internal.WebUIKeywordMain.stepFailed(WebUIKeywordMain.groovy:64)
	at com.kms.katalon.core.webui.keyword.internal.WebUIKeywordMain.runKeyword(WebUIKeywordMain.groovy:26)
	at com.kms.katalon.core.webui.keyword.builtin.VerifyElementVisibleKeyword.verifyElementVisible(VerifyElementVisibleKeyword.groovy:97)
	at com.kms.katalon.core.webui.keyword.builtin.VerifyElementVisibleKeyword.execute(VerifyElementVisibleKeyword.groovy:67)
	at com.kms.katalon.core.keyword.internal.KeywordExecutor.executeKeywordForPlatform(KeywordExecutor.groovy:74)
	at com.kms.katalon.core.webui.keyword.WebUiBuiltInKeywords.verifyElementVisible(WebUiBuiltInKeywords.groovy:376)
	at com.kms.katalon.core.webui.keyword.WebUiBuiltInKeywords$verifyElementVisible$11.call(Unknown Source)
	at 05 - Users (Invite batch of users via CSV file).run(05 - Users (Invite batch of users via CSV file):115)
	at com.kms.katalon.core.main.ScriptEngine.run(ScriptEngine.java:194)
	at com.kms.katalon.core.main.ScriptEngine.runScriptAsRawText(ScriptEngine.java:119)
	at com.kms.katalon.core.main.TestCaseExecutor.runScript(TestCaseExecutor.java:448)
	at com.kms.katalon.core.main.TestCaseExecutor.doExecute(TestCaseExecutor.java:439)
	at com.kms.katalon.core.main.TestCaseExecutor.processExecutionPhase(TestCaseExecutor.java:418)
	at com.kms.katalon.core.main.TestCaseExecutor.accessMainPhase(TestCaseExecutor.java:410)
	at com.kms.katalon.core.main.TestCaseExecutor.execute(TestCaseExecutor.java:285)
	at com.kms.katalon.core.common.CommonExecutor.accessTestCaseMainPhase(CommonExecutor.java:65)
	at com.kms.katalon.core.main.TestSuiteExecutor.accessTestSuiteMainPhase(TestSuiteExecutor.java:144)
	at com.kms.katalon.core.main.TestSuiteExecutor.execute(TestSuiteExecutor.java:106)
	at com.kms.katalon.core.main.TestCaseMain.startTestSuite(TestCaseMain.java:185)
	at com.kms.katalon.core.main.TestCaseMain$startTestSuite$0.call(Unknown Source)
	at TempTestSuite1669963423191.run(TempTestSuite1669963423191.groovy:36)
Caused by: com.kms.katalon.core.exception.StepFailedException: Web element with id: 'Object Repository/09-Settings/Users/CSV Invite/div_Sample csv.csv' located by '//div[@class = 'file-name' and (text() = ' sample csv.csv ' or . = ' sample csv.csv ')]' not found
	at com.kms.katalon.core.webui.keyword.internal.WebUIKeywordMain.stepFailed(WebUIKeywordMain.groovy:64)
	at com.kms.katalon.core.webui.keyword.builtin.VerifyElementVisibleKeyword$_verifyElementVisible_closure1.doCall(VerifyElementVisibleKeyword.groovy:89)
	at com.kms.katalon.core.webui.keyword.builtin.VerifyElementVisibleKeyword$_verifyElementVisible_closure1.call(VerifyElementVisibleKeyword.groovy)
	at com.kms.katalon.core.webui.keyword.internal.WebUIKeywordMain.runKeyword(WebUIKeywordMain.groovy:20)
	... 19 more
"/>
         <system-out><![CDATA[2022-12-02 14:58:24 - [TEST_CASE][FAILED] - Test Cases/09-Settings/05 - Users (Invite batch of users via CSV file): Test Cases/09-Settings/05 - Users (Invite batch of users via CSV file) FAILED.
Reason:
com.kms.katalon.core.exception.StepFailedException: Unable to verify object 'Object Repository/09-Settings/Users/CSV Invite/div_Sample csv.csv' is visible
	at com.kms.katalon.core.webui.keyword.internal.WebUIKeywordMain.stepFailed(WebUIKeywordMain.groovy:64)
	at com.kms.katalon.core.webui.keyword.internal.WebUIKeywordMain.runKeyword(WebUIKeywordMain.groovy:26)
	at com.kms.katalon.core.webui.keyword.builtin.VerifyElementVisibleKeyword.verifyElementVisible(VerifyElementVisibleKeyword.groovy:97)
	at com.kms.katalon.core.webui.keyword.builtin.VerifyElementVisibleKeyword.execute(VerifyElementVisibleKeyword.groovy:67)
	at com.kms.katalon.core.keyword.internal.KeywordExecutor.executeKeywordForPlatform(KeywordExecutor.groovy:74)
	at com.kms.katalon.core.webui.keyword.WebUiBuiltInKeywords.verifyElementVisible(WebUiBuiltInKeywords.groovy:376)
	at com.kms.katalon.core.webui.keyword.WebUiBuiltInKeywords$verifyElementVisible$11.call(Unknown Source)
	at 05 - Users (Invite batch of users via CSV file).run(05 - Users (Invite batch of users via CSV file):115)
	at com.kms.katalon.core.main.ScriptEngine.run(ScriptEngine.java:194)
	at com.kms.katalon.core.main.ScriptEngine.runScriptAsRawText(ScriptEngine.java:119)
	at com.kms.katalon.core.main.TestCaseExecutor.runScript(TestCaseExecutor.java:448)
	at com.kms.katalon.core.main.TestCaseExecutor.doExecute(TestCaseExecutor.java:439)
	at com.kms.katalon.core.main.TestCaseExecutor.processExecutionPhase(TestCaseExecutor.java:418)
	at com.kms.katalon.core.main.TestCaseExecutor.accessMainPhase(TestCaseExecutor.java:410)
	at com.kms.katalon.core.main.TestCaseExecutor.execute(TestCaseExecutor.java:285)
	at com.kms.katalon.core.common.CommonExecutor.accessTestCaseMainPhase(CommonExecutor.java:65)
	at com.kms.katalon.core.main.TestSuiteExecutor.accessTestSuiteMainPhase(TestSuiteExecutor.java:144)
	at com.kms.katalon.core.main.TestSuiteExecutor.execute(TestSuiteExecutor.java:106)
	at com.kms.katalon.core.main.TestCaseMain.startTestSuite(TestCaseMain.java:185)
	at com.kms.katalon.core.main.TestCaseMain$startTestSuite$0.call(Unknown Source)
	at TempTestSuite1669963423191.run(TempTestSuite1669963423191.groovy:36)
Caused by: com.kms.katalon.core.exception.StepFailedException: Web element with id: 'Object Repository/09-Settings/Users/CSV Invite/div_Sample csv.csv' located by '//div[@class = 'file-name' and (text() = ' sample csv.csv ' or . = ' sample csv.csv ')]' not found
	at com.kms.katalon.core.webui.keyword.internal.WebUIKeywordMain.stepFailed(WebUIKeywordMain.groovy:64)
	at com.kms.katalon.core.webui.keyword.builtin.VerifyElementVisibleKeyword$_verifyElementVisible_closure1.doCall(VerifyElementVisibleKeyword.groovy:89)
	at com.kms.katalon.core.webui.keyword.builtin.VerifyElementVisibleKeyword$_verifyElementVisible_closure1.call(VerifyElementVisibleKeyword.groovy)
	at com.kms.katalon.core.webui.keyword.internal.WebUIKeywordMain.runKeyword(WebUIKeywordMain.groovy:20)
	... 19 more


2022-12-02 14:58:24 - [TEST_STEP][PASSED] - openBrowser(""): Browser is opened with url: ''

2022-12-02 14:58:24 - [MESSAGE][INFO] - Starting 'Chrome' driver

2022-12-02 14:58:24 - [MESSAGE][INFO] - Action delay is set to 0 milliseconds

2022-12-02 14:58:25 - [MESSAGE][PASSED] - Browser is opened with url: ''

2022-12-02 14:58:25 - [TEST_STEP][PASSED] - navigateToUrl("https://lab.everleagues.com/"): Navigate to 'https://lab.everleagues.com/' successfully

2022-12-02 14:58:37 - [MESSAGE][PASSED] - Navigate to 'https://lab.everleagues.com/' successfully

2022-12-02 14:58:37 - [TEST_STEP][PASSED] - maximizeWindow(): Current window maximized

2022-12-02 14:58:38 - [MESSAGE][PASSED] - Current window maximized

2022-12-02 14:58:38 - [TEST_STEP][PASSED] - setText(findTestObject("02-Side Icons(Organization)/Add Contact/Email Field"), "testuser02@mailinator.com"): Text 'testuser02@mailinator.com' is set on object 'Object Repository/02-Side Icons(Organization)/Add Contact/Email Field'

2022-12-02 14:58:38 - [MESSAGE][PASSED] - Text 'testuser02@mailinator.com' is set on object 'Object Repository/02-Side Icons(Organization)/Add Contact/Email Field'

2022-12-02 14:58:38 - [TEST_STEP][PASSED] - setEncryptedText(findTestObject("02-Side Icons(Organization)/Add Contact/Password Field"), "8yFRyszE6U6jvsCn51OQbg=="): Text ****** has been set on object 'Object Repository/02-Side Icons(Organization)/Add Contact/Password Field'

2022-12-02 14:58:39 - [MESSAGE][PASSED] - Text ****** has been set on object 'Object Repository/02-Side Icons(Organization)/Add Contact/Password Field'

2022-12-02 14:58:39 - [TEST_STEP][PASSED] - click(findTestObject("02-Side Icons(Organization)/Add Contact/button_Sign in")): Object: 'Object Repository/02-Side Icons(Organization)/Add Contact/button_Sign in' is clicked on

2022-12-02 14:58:39 - [MESSAGE][PASSED] - Object: 'Object Repository/02-Side Icons(Organization)/Add Contact/button_Sign in' is clicked on

2022-12-02 14:58:39 - [TEST_STEP][PASSED] - delay(2): Delayed 2 second(s)

2022-12-02 14:58:41 - [MESSAGE][PASSED] - Delayed 2 second(s)

2022-12-02 14:58:41 - [TEST_STEP][PASSED] - click(findTestObject("06-Teams/For 2FA/button_Confirm_2FA")): Object: 'Object Repository/06-Teams/For 2FA/button_Confirm_2FA' is clicked on

2022-12-02 14:58:42 - [MESSAGE][PASSED] - Object: 'Object Repository/06-Teams/For 2FA/button_Confirm_2FA' is clicked on

2022-12-02 14:58:42 - [TEST_STEP][PASSED] - executeJavaScript("window.open();", []): Execute JavaScript 'window.open();' successfully

2022-12-02 14:58:42 - [MESSAGE][PASSED] - Execute JavaScript 'window.open();' successfully

2022-12-02 14:58:42 - [TEST_STEP][PASSED] - currentWindow = getWindowIndex(): Current window's index is: 0

2022-12-02 14:58:42 - [MESSAGE][PASSED] - Current window's index is: 0

2022-12-02 14:58:42 - [TEST_STEP][PASSED] - delay(3): Delayed 3 second(s)

2022-12-02 14:58:45 - [MESSAGE][PASSED] - Delayed 3 second(s)

2022-12-02 14:58:45 - [TEST_STEP][PASSED] - switchToWindowIndex(currentWindow + 1): Switched to window with index: '1'

2022-12-02 14:58:45 - [MESSAGE][PASSED] - Switched to window with index: '1'

2022-12-02 14:58:45 - [TEST_STEP][PASSED] - navigateToUrl("https://www.mailinator.com/"): Navigate to 'https://www.mailinator.com/' successfully

2022-12-02 14:58:49 - [MESSAGE][PASSED] - Navigate to 'https://www.mailinator.com/' successfully

2022-12-02 14:58:49 - [TEST_STEP][PASSED] - delay(3): Delayed 3 second(s)

2022-12-02 14:58:52 - [MESSAGE][PASSED] - Delayed 3 second(s)

2022-12-02 14:58:52 - [TEST_STEP][PASSED] - setText(findTestObject("00-Signup and Activation/zMailinator/input_LOGIN_search"), "testuser02@mailinator.com"): Text 'testuser02@mailinator.com' is set on object 'Object Repository/00-Signup and Activation/zMailinator/input_LOGIN_search'

2022-12-02 14:58:53 - [MESSAGE][PASSED] - Text 'testuser02@mailinator.com' is set on object 'Object Repository/00-Signup and Activation/zMailinator/input_LOGIN_search'

2022-12-02 14:58:53 - [TEST_STEP][PASSED] - click(findTestObject("00-Signup and Activation/zMailinator/gobutton"), STOP_ON_FAILURE): Object: 'Object Repository/00-Signup and Activation/zMailinator/gobutton' is clicked on

2022-12-02 14:58:55 - [MESSAGE][PASSED] - Object: 'Object Repository/00-Signup and Activation/zMailinator/gobutton' is clicked on

2022-12-02 14:58:55 - [TEST_STEP][PASSED] - delay(3): Delayed 3 second(s)

2022-12-02 14:58:58 - [MESSAGE][PASSED] - Delayed 3 second(s)

2022-12-02 14:58:58 - [TEST_STEP][PASSED] - click(findTestObject("00-Signup and Activation/zMailinator/Email - everleagues")): Object: 'Object Repository/00-Signup and Activation/zMailinator/Email - everleagues' is clicked on

2022-12-02 14:58:59 - [MESSAGE][PASSED] - Object: 'Object Repository/00-Signup and Activation/zMailinator/Email - everleagues' is clicked on

2022-12-02 14:58:59 - [TEST_STEP][PASSED] - delay(3): Delayed 3 second(s)

2022-12-02 14:59:02 - [MESSAGE][PASSED] - Delayed 3 second(s)

2022-12-02 14:59:02 - [TEST_STEP][PASSED] - code = getText(findTestObject("Object Repository/06-Teams/For 2FA/2FA code")): Text of object 'Object Repository/06-Teams/For 2FA/2FA code' is: '140152'

2022-12-02 14:59:02 - [MESSAGE][PASSED] - Text of object 'Object Repository/06-Teams/For 2FA/2FA code' is: '140152'

2022-12-02 14:59:02 - [TEST_STEP][PASSED] - delay(3): Delayed 3 second(s)

2022-12-02 14:59:05 - [MESSAGE][PASSED] - Delayed 3 second(s)

2022-12-02 14:59:05 - [TEST_STEP][PASSED] - closeWindowTitle("Mailinator"): Window with title: 'Mailinator' is closed

2022-12-02 14:59:05 - [MESSAGE][PASSED] - Window with title: 'Mailinator' is closed

2022-12-02 14:59:05 - [TEST_STEP][PASSED] - delay(3): Delayed 3 second(s)

2022-12-02 14:59:08 - [MESSAGE][PASSED] - Delayed 3 second(s)

2022-12-02 14:59:08 - [TEST_STEP][PASSED] - switchToWindowIndex(0): Switched to window with index: '0'

2022-12-02 14:59:08 - [MESSAGE][PASSED] - Switched to window with index: '0'

2022-12-02 14:59:08 - [TEST_STEP][PASSED] - delay(3): Delayed 3 second(s)

2022-12-02 14:59:11 - [MESSAGE][PASSED] - Delayed 3 second(s)

2022-12-02 14:59:11 - [TEST_STEP][PASSED] - setText(findTestObject("Object Repository/06-Teams/For 2FA/input_Enter verification code_code"), code): Text '140152' is set on object 'Object Repository/06-Teams/For 2FA/input_Enter verification code_code'

2022-12-02 14:59:12 - [MESSAGE][PASSED] - Text '140152' is set on object 'Object Repository/06-Teams/For 2FA/input_Enter verification code_code'

2022-12-02 14:59:12 - [TEST_STEP][PASSED] - delay(3): Delayed 3 second(s)

2022-12-02 14:59:15 - [MESSAGE][PASSED] - Delayed 3 second(s)

2022-12-02 14:59:15 - [TEST_STEP][PASSED] - click(findTestObject("06-Teams/For 2FA/button_Verify_2FA")): Object: 'Object Repository/06-Teams/For 2FA/button_Verify_2FA' is clicked on

2022-12-02 14:59:15 - [MESSAGE][PASSED] - Object: 'Object Repository/06-Teams/For 2FA/button_Verify_2FA' is clicked on

2022-12-02 14:59:15 - [TEST_STEP][PASSED] - delay(5): Delayed 5 second(s)

2022-12-02 14:59:20 - [MESSAGE][PASSED] - Delayed 5 second(s)

2022-12-02 14:59:20 - [TEST_STEP][PASSED] - click(findTestObject("06-Teams/button_doublearrow")): Object: 'Object Repository/06-Teams/button_doublearrow' is clicked on

2022-12-02 14:59:22 - [MESSAGE][PASSED] - Object: 'Object Repository/06-Teams/button_doublearrow' is clicked on

2022-12-02 14:59:22 - [TEST_STEP][PASSED] - click(findTestObject("06-Teams/button_My Organizations")): Object: 'Object Repository/06-Teams/button_My Organizations' is clicked on

2022-12-02 14:59:23 - [MESSAGE][PASSED] - Object: 'Object Repository/06-Teams/button_My Organizations' is clicked on

2022-12-02 14:59:23 - [TEST_STEP][PASSED] - click(findTestObject("06-Teams/button_GG Automation")): Object: 'Object Repository/06-Teams/button_GG Automation' is clicked on

2022-12-02 14:59:24 - [MESSAGE][PASSED] - Object: 'Object Repository/06-Teams/button_GG Automation' is clicked on

2022-12-02 14:59:24 - [TEST_STEP][PASSED] - delay(4): Delayed 4 second(s)

2022-12-02 14:59:28 - [MESSAGE][PASSED] - Delayed 4 second(s)

2022-12-02 14:59:28 - [TEST_STEP][PASSED] - verifyElementVisible(findTestObject("06-Teams/span_GG Automation")): Object 'Object Repository/06-Teams/span_GG Automation' is visible

2022-12-02 14:59:28 - [MESSAGE][PASSED] - Object 'Object Repository/06-Teams/span_GG Automation' is visible

2022-12-02 14:59:28 - [TEST_STEP][PASSED] - delay(5): Delayed 5 second(s)

2022-12-02 14:59:33 - [MESSAGE][PASSED] - Delayed 5 second(s)

2022-12-02 14:59:33 - [TEST_STEP][PASSED] - click(findTestObject("03-Header Menu/Hamburger Button/div_Settings")): Object: 'Object Repository/03-Header Menu/Hamburger Button/div_Settings' is clicked on

2022-12-02 14:59:33 - [MESSAGE][PASSED] - Object: 'Object Repository/03-Header Menu/Hamburger Button/div_Settings' is clicked on

2022-12-02 14:59:33 - [TEST_STEP][PASSED] - delay(3): Delayed 3 second(s)

2022-12-02 14:59:36 - [MESSAGE][PASSED] - Delayed 3 second(s)

2022-12-02 14:59:36 - [TEST_STEP][PASSED] - click(findTestObject("09-Settings/Users/div_Users")): Object: 'Object Repository/09-Settings/Users/div_Users' is clicked on

2022-12-02 14:59:37 - [MESSAGE][PASSED] - Object: 'Object Repository/09-Settings/Users/div_Users' is clicked on

2022-12-02 14:59:37 - [TEST_STEP][PASSED] - delay(3): Delayed 3 second(s)

2022-12-02 14:59:40 - [MESSAGE][PASSED] - Delayed 3 second(s)

2022-12-02 14:59:40 - [TEST_STEP][PASSED] - click(findTestObject("09-Settings/Users/button_add")): Object: 'Object Repository/09-Settings/Users/button_add' is clicked on

2022-12-02 14:59:40 - [MESSAGE][PASSED] - Object: 'Object Repository/09-Settings/Users/button_add' is clicked on

2022-12-02 14:59:40 - [TEST_STEP][PASSED] - delay(3): Delayed 3 second(s)

2022-12-02 14:59:43 - [MESSAGE][PASSED] - Delayed 3 second(s)

2022-12-02 14:59:43 - [TEST_STEP][PASSED] - click(findTestObject("09-Settings/Users/Invite batch of users via CSV file")): Object: 'Object Repository/09-Settings/Users/Invite batch of users via CSV file' is clicked on

2022-12-02 14:59:44 - [MESSAGE][PASSED] - Object: 'Object Repository/09-Settings/Users/Invite batch of users via CSV file' is clicked on

2022-12-02 14:59:44 - [TEST_STEP][PASSED] - verifyElementVisible(findTestObject("09-Settings/Users/CSV Invite/Import CSV File modal")): Object 'Object Repository/09-Settings/Users/CSV Invite/Import CSV File modal' is visible

2022-12-02 14:59:45 - [MESSAGE][PASSED] - Object 'Object Repository/09-Settings/Users/CSV Invite/Import CSV File modal' is visible

2022-12-02 14:59:45 - [TEST_STEP][PASSED] - verifyElementNotClickable(findTestObject("09-Settings/Users/CSV Invite/button_Import")): Object 'Object Repository/09-Settings/Users/CSV Invite/button_Import' is NOT clickable

2022-12-02 14:59:45 - [MESSAGE][PASSED] - Object 'Object Repository/09-Settings/Users/CSV Invite/button_Import' is NOT clickable

2022-12-02 14:59:45 - [TEST_STEP][PASSED] - delay(3): Delayed 3 second(s)

2022-12-02 14:59:48 - [MESSAGE][PASSED] - Delayed 3 second(s)

2022-12-02 14:59:48 - [TEST_STEP][PASSED] - uploadpackage.Upload.uploadFile(findTestObject("Object Repository/09-Settings/Users/CSV Invite/button_Choose File"), "C:\Users\User\Desktop\EL automation\sample csv.csv"): uploadpackage.Upload.uploadFile is PASSED

2022-12-02 14:59:49 - [MESSAGE][PASSED] - Object: 'Object Repository/09-Settings/Users/CSV Invite/button_Choose File' is clicked on

2022-12-02 14:59:49 - [MESSAGE][PASSED] - uploadpackage.Upload.uploadFile is PASSED

2022-12-02 14:59:49 - [TEST_STEP][PASSED] - delay(3): Delayed 3 second(s)

2022-12-02 14:59:52 - [MESSAGE][PASSED] - Delayed 3 second(s)

2022-12-02 14:59:52 - [TEST_STEP][FAILED] - verifyElementVisible(findTestObject("09-Settings/Users/CSV Invite/div_Sample csv.csv")): Unable to verify object 'Object Repository/09-Settings/Users/CSV Invite/div_Sample csv.csv' is visible (Root cause: com.kms.katalon.core.exception.StepFailedException: Unable to verify object 'Object Repository/09-Settings/Users/CSV Invite/div_Sample csv.csv' is visible
	at com.kms.katalon.core.webui.keyword.internal.WebUIKeywordMain.stepFailed(WebUIKeywordMain.groovy:64)
	at com.kms.katalon.core.webui.keyword.internal.WebUIKeywordMain.runKeyword(WebUIKeywordMain.groovy:26)
	at com.kms.katalon.core.webui.keyword.builtin.VerifyElementVisibleKeyword.verifyElementVisible(VerifyElementVisibleKeyword.groovy:97)
	at com.kms.katalon.core.webui.keyword.builtin.VerifyElementVisibleKeyword.execute(VerifyElementVisibleKeyword.groovy:67)
	at com.kms.katalon.core.keyword.internal.KeywordExecutor.executeKeywordForPlatform(KeywordExecutor.groovy:74)
	at com.kms.katalon.core.webui.keyword.WebUiBuiltInKeywords.verifyElementVisible(WebUiBuiltInKeywords.groovy:376)
	at com.kms.katalon.core.webui.keyword.WebUiBuiltInKeywords$verifyElementVisible$11.call(Unknown Source)
	at 05 - Users (Invite batch of users via CSV file).run(05 - Users (Invite batch of users via CSV file):115)
	at com.kms.katalon.core.main.ScriptEngine.run(ScriptEngine.java:194)
	at com.kms.katalon.core.main.ScriptEngine.runScriptAsRawText(ScriptEngine.java:119)
	at com.kms.katalon.core.main.TestCaseExecutor.runScript(TestCaseExecutor.java:448)
	at com.kms.katalon.core.main.TestCaseExecutor.doExecute(TestCaseExecutor.java:439)
	at com.kms.katalon.core.main.TestCaseExecutor.processExecutionPhase(TestCaseExecutor.java:418)
	at com.kms.katalon.core.main.TestCaseExecutor.accessMainPhase(TestCaseExecutor.java:410)
	at com.kms.katalon.core.main.TestCaseExecutor.execute(TestCaseExecutor.java:285)
	at com.kms.katalon.core.common.CommonExecutor.accessTestCaseMainPhase(CommonExecutor.java:65)
	at com.kms.katalon.core.main.TestSuiteExecutor.accessTestSuiteMainPhase(TestSuiteExecutor.java:144)
	at com.kms.katalon.core.main.TestSuiteExecutor.execute(TestSuiteExecutor.java:106)
	at com.kms.katalon.core.main.TestCaseMain.startTestSuite(TestCaseMain.java:185)
	at com.kms.katalon.core.main.TestCaseMain$startTestSuite$0.call(Unknown Source)
	at TempTestSuite1669963423191.run(TempTestSuite1669963423191.groovy:36)
Caused by: com.kms.katalon.core.exception.StepFailedException: Web element with id: 'Object Repository/09-Settings/Users/CSV Invite/div_Sample csv.csv' located by '//div[@class = 'file-name' and (text() = ' sample csv.csv ' or . = ' sample csv.csv ')]' not found
	at com.kms.katalon.core.webui.keyword.internal.WebUIKeywordMain.stepFailed(WebUIKeywordMain.groovy:64)
	at com.kms.katalon.core.webui.keyword.builtin.VerifyElementVisibleKeyword$_verifyElementVisible_closure1.doCall(VerifyElementVisibleKeyword.groovy:89)
	at com.kms.katalon.core.webui.keyword.builtin.VerifyElementVisibleKeyword$_verifyElementVisible_closure1.call(VerifyElementVisibleKeyword.groovy)
	at com.kms.katalon.core.webui.keyword.internal.WebUIKeywordMain.runKeyword(WebUIKeywordMain.groovy:20)
	... 19 more
)

2022-12-02 15:00:23 - [MESSAGE][INFO] - Unable to find the element located by 'By.xpath: //div[@class = 'file-name' and (text() = ' sample csv.csv ' or . = ' sample csv.csv ')]'. Please recheck the objects properties to make sure the desired element is located. 

2022-12-02 15:00:23 - [MESSAGE][FAILED] - Web element with id: 'Object Repository/09-Settings/Users/CSV Invite/div_Sample csv.csv' located by '//div[@class = 'file-name' and (text() = ' sample csv.csv ' or . = ' sample csv.csv ')]' not found (Root cause: com.kms.katalon.core.exception.StepFailedException: Web element with id: 'Object Repository/09-Settings/Users/CSV Invite/div_Sample csv.csv' located by '//div[@class = 'file-name' and (text() = ' sample csv.csv ' or . = ' sample csv.csv ')]' not found
	at com.kms.katalon.core.webui.keyword.internal.WebUIKeywordMain.stepFailed(WebUIKeywordMain.groovy:64)
	at com.kms.katalon.core.webui.keyword.builtin.VerifyElementVisibleKeyword$_verifyElementVisible_closure1.doCall(VerifyElementVisibleKeyword.groovy:89)
	at com.kms.katalon.core.webui.keyword.builtin.VerifyElementVisibleKeyword$_verifyElementVisible_closure1.call(VerifyElementVisibleKeyword.groovy)
	at com.kms.katalon.core.webui.keyword.internal.WebUIKeywordMain.runKeyword(WebUIKeywordMain.groovy:20)
	at com.kms.katalon.core.webui.keyword.builtin.VerifyElementVisibleKeyword.verifyElementVisible(VerifyElementVisibleKeyword.groovy:97)
	at com.kms.katalon.core.webui.keyword.builtin.VerifyElementVisibleKeyword.execute(VerifyElementVisibleKeyword.groovy:67)
	at com.kms.katalon.core.keyword.internal.KeywordExecutor.executeKeywordForPlatform(KeywordExecutor.groovy:74)
	at com.kms.katalon.core.webui.keyword.WebUiBuiltInKeywords.verifyElementVisible(WebUiBuiltInKeywords.groovy:376)
	at com.kms.katalon.core.webui.keyword.WebUiBuiltInKeywords$verifyElementVisible$11.call(Unknown Source)
	at 05 - Users (Invite batch of users via CSV file).run(05 - Users (Invite batch of users via CSV file):115)
	at com.kms.katalon.core.main.ScriptEngine.run(ScriptEngine.java:194)
	at com.kms.katalon.core.main.ScriptEngine.runScriptAsRawText(ScriptEngine.java:119)
	at com.kms.katalon.core.main.TestCaseExecutor.runScript(TestCaseExecutor.java:448)
	at com.kms.katalon.core.main.TestCaseExecutor.doExecute(TestCaseExecutor.java:439)
	at com.kms.katalon.core.main.TestCaseExecutor.processExecutionPhase(TestCaseExecutor.java:418)
	at com.kms.katalon.core.main.TestCaseExecutor.accessMainPhase(TestCaseExecutor.java:410)
	at com.kms.katalon.core.main.TestCaseExecutor.execute(TestCaseExecutor.java:285)
	at com.kms.katalon.core.common.CommonExecutor.accessTestCaseMainPhase(CommonExecutor.java:65)
	at com.kms.katalon.core.main.TestSuiteExecutor.accessTestSuiteMainPhase(TestSuiteExecutor.java:144)
	at com.kms.katalon.core.main.TestSuiteExecutor.execute(TestSuiteExecutor.java:106)
	at com.kms.katalon.core.main.TestCaseMain.startTestSuite(TestCaseMain.java:185)
	at com.kms.katalon.core.main.TestCaseMain$startTestSuite$0.call(Unknown Source)
	at TempTestSuite1669963423191.run(TempTestSuite1669963423191.groovy:36)
)
[[ATTACHMENT|C:\\Users\\User\\Katalon Studio\\EverleaguesMain\\Reports\\20221202_144343\\TS-Organization\\09.1 - Settings (Invite users)\\20221202_144343\\1669964423446.png]]

2022-12-02 15:00:23 - [MESSAGE][FAILED] - Unable to verify object 'Object Repository/09-Settings/Users/CSV Invite/div_Sample csv.csv' is visible (Root cause: com.kms.katalon.core.exception.StepFailedException: Unable to verify object 'Object Repository/09-Settings/Users/CSV Invite/div_Sample csv.csv' is visible
	at com.kms.katalon.core.webui.keyword.internal.WebUIKeywordMain.stepFailed(WebUIKeywordMain.groovy:64)
	at com.kms.katalon.core.webui.keyword.internal.WebUIKeywordMain.runKeyword(WebUIKeywordMain.groovy:26)
	at com.kms.katalon.core.webui.keyword.builtin.VerifyElementVisibleKeyword.verifyElementVisible(VerifyElementVisibleKeyword.groovy:97)
	at com.kms.katalon.core.webui.keyword.builtin.VerifyElementVisibleKeyword.execute(VerifyElementVisibleKeyword.groovy:67)
	at com.kms.katalon.core.keyword.internal.KeywordExecutor.executeKeywordForPlatform(KeywordExecutor.groovy:74)
	at com.kms.katalon.core.webui.keyword.WebUiBuiltInKeywords.verifyElementVisible(WebUiBuiltInKeywords.groovy:376)
	at com.kms.katalon.core.webui.keyword.WebUiBuiltInKeywords$verifyElementVisible$11.call(Unknown Source)
	at 05 - Users (Invite batch of users via CSV file).run(05 - Users (Invite batch of users via CSV file):115)
	at com.kms.katalon.core.main.ScriptEngine.run(ScriptEngine.java:194)
	at com.kms.katalon.core.main.ScriptEngine.runScriptAsRawText(ScriptEngine.java:119)
	at com.kms.katalon.core.main.TestCaseExecutor.runScript(TestCaseExecutor.java:448)
	at com.kms.katalon.core.main.TestCaseExecutor.doExecute(TestCaseExecutor.java:439)
	at com.kms.katalon.core.main.TestCaseExecutor.processExecutionPhase(TestCaseExecutor.java:418)
	at com.kms.katalon.core.main.TestCaseExecutor.accessMainPhase(TestCaseExecutor.java:410)
	at com.kms.katalon.core.main.TestCaseExecutor.execute(TestCaseExecutor.java:285)
	at com.kms.katalon.core.common.CommonExecutor.accessTestCaseMainPhase(CommonExecutor.java:65)
	at com.kms.katalon.core.main.TestSuiteExecutor.accessTestSuiteMainPhase(TestSuiteExecutor.java:144)
	at com.kms.katalon.core.main.TestSuiteExecutor.execute(TestSuiteExecutor.java:106)
	at com.kms.katalon.core.main.TestCaseMain.startTestSuite(TestCaseMain.java:185)
	at com.kms.katalon.core.main.TestCaseMain$startTestSuite$0.call(Unknown Source)
	at TempTestSuite1669963423191.run(TempTestSuite1669963423191.groovy:36)
Caused by: com.kms.katalon.core.exception.StepFailedException: Web element with id: 'Object Repository/09-Settings/Users/CSV Invite/div_Sample csv.csv' located by '//div[@class = 'file-name' and (text() = ' sample csv.csv ' or . = ' sample csv.csv ')]' not found
	at com.kms.katalon.core.webui.keyword.internal.WebUIKeywordMain.stepFailed(WebUIKeywordMain.groovy:64)
	at com.kms.katalon.core.webui.keyword.builtin.VerifyElementVisibleKeyword$_verifyElementVisible_closure1.doCall(VerifyElementVisibleKeyword.groovy:89)
	at com.kms.katalon.core.webui.keyword.builtin.VerifyElementVisibleKeyword$_verifyElementVisible_closure1.call(VerifyElementVisibleKeyword.groovy)
	at com.kms.katalon.core.webui.keyword.internal.WebUIKeywordMain.runKeyword(WebUIKeywordMain.groovy:20)
	... 19 more
)
[[ATTACHMENT|C:\\Users\\User\\Katalon Studio\\EverleaguesMain\\Reports\\20221202_144343\\TS-Organization\\09.1 - Settings (Invite users)\\20221202_144343\\1669964423708.png]]]]></system-out>
         <system-err><![CDATA[2022-12-02 14:58:24 - [TEST_CASE][FAILED] - Test Cases/09-Settings/05 - Users (Invite batch of users via CSV file): Test Cases/09-Settings/05 - Users (Invite batch of users via CSV file) FAILED.
Reason:
com.kms.katalon.core.exception.StepFailedException: Unable to verify object 'Object Repository/09-Settings/Users/CSV Invite/div_Sample csv.csv' is visible
	at com.kms.katalon.core.webui.keyword.internal.WebUIKeywordMain.stepFailed(WebUIKeywordMain.groovy:64)
	at com.kms.katalon.core.webui.keyword.internal.WebUIKeywordMain.runKeyword(WebUIKeywordMain.groovy:26)
	at com.kms.katalon.core.webui.keyword.builtin.VerifyElementVisibleKeyword.verifyElementVisible(VerifyElementVisibleKeyword.groovy:97)
	at com.kms.katalon.core.webui.keyword.builtin.VerifyElementVisibleKeyword.execute(VerifyElementVisibleKeyword.groovy:67)
	at com.kms.katalon.core.keyword.internal.KeywordExecutor.executeKeywordForPlatform(KeywordExecutor.groovy:74)
	at com.kms.katalon.core.webui.keyword.WebUiBuiltInKeywords.verifyElementVisible(WebUiBuiltInKeywords.groovy:376)
	at com.kms.katalon.core.webui.keyword.WebUiBuiltInKeywords$verifyElementVisible$11.call(Unknown Source)
	at 05 - Users (Invite batch of users via CSV file).run(05 - Users (Invite batch of users via CSV file):115)
	at com.kms.katalon.core.main.ScriptEngine.run(ScriptEngine.java:194)
	at com.kms.katalon.core.main.ScriptEngine.runScriptAsRawText(ScriptEngine.java:119)
	at com.kms.katalon.core.main.TestCaseExecutor.runScript(TestCaseExecutor.java:448)
	at com.kms.katalon.core.main.TestCaseExecutor.doExecute(TestCaseExecutor.java:439)
	at com.kms.katalon.core.main.TestCaseExecutor.processExecutionPhase(TestCaseExecutor.java:418)
	at com.kms.katalon.core.main.TestCaseExecutor.accessMainPhase(TestCaseExecutor.java:410)
	at com.kms.katalon.core.main.TestCaseExecutor.execute(TestCaseExecutor.java:285)
	at com.kms.katalon.core.common.CommonExecutor.accessTestCaseMainPhase(CommonExecutor.java:65)
	at com.kms.katalon.core.main.TestSuiteExecutor.accessTestSuiteMainPhase(TestSuiteExecutor.java:144)
	at com.kms.katalon.core.main.TestSuiteExecutor.execute(TestSuiteExecutor.java:106)
	at com.kms.katalon.core.main.TestCaseMain.startTestSuite(TestCaseMain.java:185)
	at com.kms.katalon.core.main.TestCaseMain$startTestSuite$0.call(Unknown Source)
	at TempTestSuite1669963423191.run(TempTestSuite1669963423191.groovy:36)
Caused by: com.kms.katalon.core.exception.StepFailedException: Web element with id: 'Object Repository/09-Settings/Users/CSV Invite/div_Sample csv.csv' located by '//div[@class = 'file-name' and (text() = ' sample csv.csv ' or . = ' sample csv.csv ')]' not found
	at com.kms.katalon.core.webui.keyword.internal.WebUIKeywordMain.stepFailed(WebUIKeywordMain.groovy:64)
	at com.kms.katalon.core.webui.keyword.builtin.VerifyElementVisibleKeyword$_verifyElementVisible_closure1.doCall(VerifyElementVisibleKeyword.groovy:89)
	at com.kms.katalon.core.webui.keyword.builtin.VerifyElementVisibleKeyword$_verifyElementVisible_closure1.call(VerifyElementVisibleKeyword.groovy)
	at com.kms.katalon.core.webui.keyword.internal.WebUIKeywordMain.runKeyword(WebUIKeywordMain.groovy:20)
	... 19 more]]></system-err>
      </testcase>
      <system-out><![CDATA[2022-12-02 14:43:45 - [TEST_SUITE][FAILED] - 09.1 - Settings (Invite users): Test Cases/09-Settings/05 - Users (Invite batch of users via CSV file) FAILED.
Reason:
com.kms.katalon.core.exception.StepFailedException: Unable to verify object 'Object Repository/09-Settings/Users/CSV Invite/div_Sample csv.csv' is visible
	at com.kms.katalon.core.webui.keyword.internal.WebUIKeywordMain.stepFailed(WebUIKeywordMain.groovy:64)
	at com.kms.katalon.core.webui.keyword.internal.WebUIKeywordMain.runKeyword(WebUIKeywordMain.groovy:26)
	at com.kms.katalon.core.webui.keyword.builtin.VerifyElementVisibleKeyword.verifyElementVisible(VerifyElementVisibleKeyword.groovy:97)
	at com.kms.katalon.core.webui.keyword.builtin.VerifyElementVisibleKeyword.execute(VerifyElementVisibleKeyword.groovy:67)
	at com.kms.katalon.core.keyword.internal.KeywordExecutor.executeKeywordForPlatform(KeywordExecutor.groovy:74)
	at com.kms.katalon.core.webui.keyword.WebUiBuiltInKeywords.verifyElementVisible(WebUiBuiltInKeywords.groovy:376)
	at com.kms.katalon.core.webui.keyword.WebUiBuiltInKeywords$verifyElementVisible$11.call(Unknown Source)
	at 05 - Users (Invite batch of users via CSV file).run(05 - Users (Invite batch of users via CSV file):115)
	at com.kms.katalon.core.main.ScriptEngine.run(ScriptEngine.java:194)
	at com.kms.katalon.core.main.ScriptEngine.runScriptAsRawText(ScriptEngine.java:119)
	at com.kms.katalon.core.main.TestCaseExecutor.runScript(TestCaseExecutor.java:448)
	at com.kms.katalon.core.main.TestCaseExecutor.doExecute(TestCaseExecutor.java:439)
	at com.kms.katalon.core.main.TestCaseExecutor.processExecutionPhase(TestCaseExecutor.java:418)
	at com.kms.katalon.core.main.TestCaseExecutor.accessMainPhase(TestCaseExecutor.java:410)
	at com.kms.katalon.core.main.TestCaseExecutor.execute(TestCaseExecutor.java:285)
	at com.kms.katalon.core.common.CommonExecutor.accessTestCaseMainPhase(CommonExecutor.java:65)
	at com.kms.katalon.core.main.TestSuiteExecutor.accessTestSuiteMainPhase(TestSuiteExecutor.java:144)
	at com.kms.katalon.core.main.TestSuiteExecutor.execute(TestSuiteExecutor.java:106)
	at com.kms.katalon.core.main.TestCaseMain.startTestSuite(TestCaseMain.java:185)
	at com.kms.katalon.core.main.TestCaseMain$startTestSuite$0.call(Unknown Source)
	at TempTestSuite1669963423191.run(TempTestSuite1669963423191.groovy:36)
Caused by: com.kms.katalon.core.exception.StepFailedException: Web element with id: 'Object Repository/09-Settings/Users/CSV Invite/div_Sample csv.csv' located by '//div[@class = 'file-name' and (text() = ' sample csv.csv ' or . = ' sample csv.csv ')]' not found
	at com.kms.katalon.core.webui.keyword.internal.WebUIKeywordMain.stepFailed(WebUIKeywordMain.groovy:64)
	at com.kms.katalon.core.webui.keyword.builtin.VerifyElementVisibleKeyword$_verifyElementVisible_closure1.doCall(VerifyElementVisibleKeyword.groovy:89)
	at com.kms.katalon.core.webui.keyword.builtin.VerifyElementVisibleKeyword$_verifyElementVisible_closure1.call(VerifyElementVisibleKeyword.groovy)
	at com.kms.katalon.core.webui.keyword.internal.WebUIKeywordMain.runKeyword(WebUIKeywordMain.groovy:20)
	... 19 more]]></system-out>
      <system-err><![CDATA[2022-12-02 14:43:45 - [TEST_SUITE][FAILED] - 09.1 - Settings (Invite users): Test Cases/09-Settings/05 - Users (Invite batch of users via CSV file) FAILED.
Reason:
com.kms.katalon.core.exception.StepFailedException: Unable to verify object 'Object Repository/09-Settings/Users/CSV Invite/div_Sample csv.csv' is visible
	at com.kms.katalon.core.webui.keyword.internal.WebUIKeywordMain.stepFailed(WebUIKeywordMain.groovy:64)
	at com.kms.katalon.core.webui.keyword.internal.WebUIKeywordMain.runKeyword(WebUIKeywordMain.groovy:26)
	at com.kms.katalon.core.webui.keyword.builtin.VerifyElementVisibleKeyword.verifyElementVisible(VerifyElementVisibleKeyword.groovy:97)
	at com.kms.katalon.core.webui.keyword.builtin.VerifyElementVisibleKeyword.execute(VerifyElementVisibleKeyword.groovy:67)
	at com.kms.katalon.core.keyword.internal.KeywordExecutor.executeKeywordForPlatform(KeywordExecutor.groovy:74)
	at com.kms.katalon.core.webui.keyword.WebUiBuiltInKeywords.verifyElementVisible(WebUiBuiltInKeywords.groovy:376)
	at com.kms.katalon.core.webui.keyword.WebUiBuiltInKeywords$verifyElementVisible$11.call(Unknown Source)
	at 05 - Users (Invite batch of users via CSV file).run(05 - Users (Invite batch of users via CSV file):115)
	at com.kms.katalon.core.main.ScriptEngine.run(ScriptEngine.java:194)
	at com.kms.katalon.core.main.ScriptEngine.runScriptAsRawText(ScriptEngine.java:119)
	at com.kms.katalon.core.main.TestCaseExecutor.runScript(TestCaseExecutor.java:448)
	at com.kms.katalon.core.main.TestCaseExecutor.doExecute(TestCaseExecutor.java:439)
	at com.kms.katalon.core.main.TestCaseExecutor.processExecutionPhase(TestCaseExecutor.java:418)
	at com.kms.katalon.core.main.TestCaseExecutor.accessMainPhase(TestCaseExecutor.java:410)
	at com.kms.katalon.core.main.TestCaseExecutor.execute(TestCaseExecutor.java:285)
	at com.kms.katalon.core.common.CommonExecutor.accessTestCaseMainPhase(CommonExecutor.java:65)
	at com.kms.katalon.core.main.TestSuiteExecutor.accessTestSuiteMainPhase(TestSuiteExecutor.java:144)
	at com.kms.katalon.core.main.TestSuiteExecutor.execute(TestSuiteExecutor.java:106)
	at com.kms.katalon.core.main.TestCaseMain.startTestSuite(TestCaseMain.java:185)
	at com.kms.katalon.core.main.TestCaseMain$startTestSuite$0.call(Unknown Source)
	at TempTestSuite1669963423191.run(TempTestSuite1669963423191.groovy:36)
Caused by: com.kms.katalon.core.exception.StepFailedException: Web element with id: 'Object Repository/09-Settings/Users/CSV Invite/div_Sample csv.csv' located by '//div[@class = 'file-name' and (text() = ' sample csv.csv ' or . = ' sample csv.csv ')]' not found
	at com.kms.katalon.core.webui.keyword.internal.WebUIKeywordMain.stepFailed(WebUIKeywordMain.groovy:64)
	at com.kms.katalon.core.webui.keyword.builtin.VerifyElementVisibleKeyword$_verifyElementVisible_closure1.doCall(VerifyElementVisibleKeyword.groovy:89)
	at com.kms.katalon.core.webui.keyword.builtin.VerifyElementVisibleKeyword$_verifyElementVisible_closure1.call(VerifyElementVisibleKeyword.groovy)
	at com.kms.katalon.core.webui.keyword.internal.WebUIKeywordMain.runKeyword(WebUIKeywordMain.groovy:20)
	... 19 more]]></system-err>
   </testsuite>
</testsuites>
