<?xml version="1.0" encoding="UTF-8"?>
<testsuites name="09-Settings" time="1176.667" tests="5" failures="0" errors="0">
   <testsuite name="09-Settings" tests="5" failures="0" errors="0" time="1176.667" skipped="0" timestamp="2022-09-21 17:02:25" hostname="User - DESKTOP-QCRNR4M" id="Test Suites/TS-Organization/09-Settings">
      <properties>
         <property name="deviceName" value=""/>
         <property name="devicePlatform" value=""/>
         <property name="logFolder" value="C:\\Users\\User\\Katalon Studio\\EverleaguesMain\\Reports\\20220921_170223\\TS-Organization\\09-Settings\\20220921_170223"/>
         <property name="logFiles" value="C:\\Users\\User\\Katalon Studio\\EverleaguesMain\\Reports\\20220921_170223\\TS-Organization\\09-Settings\\20220921_170223\\execution0.log"/>
         <property name="attachments" value=""/>
         <property name="hostName" value="User - DESKTOP-QCRNR4M"/>
         <property name="os" value="Windows 10 64bit"/>
         <property name="katalonVersion" value="8.4.1.208"/>
         <property name="browser" value="Chrome 105.0.0.0"/>
         <property name="hostAddress" value="192.168.5.124"/>
         <property name="sessionId" value="e5ade81cbbf0ea4b78f953acee950c1b"/>
         <property name="seleniumVersion" value="3.141.59"/>
         <property name="proxyInformation" value="ProxyInformation { proxyOption=NO_PROXY, proxyServerType=HTTP, username=, password=********, proxyServerAddress=, proxyServerPort=0, executionList=&quot;&quot;, isApplyToDesiredCapabilities=true }"/>
         <property name="platform" value="Windows 10"/>
      </properties>
      <testcase name="Test Cases/09-Settings/01 - Users (Invite new user but field are blank)" time="129.013" classname="Test Cases/09-Settings/01 - Users (Invite new user but field are blank)" status="PASSED">
         <system-out><![CDATA[2022-09-21 17:02:25 - [TEST_CASE][PASSED] - Test Cases/09-Settings/01 - Users (Invite new user but field are blank): Test Cases/09-Settings/01 - Users (Invite new user but field are blank)

2022-09-21 17:02:26 - [TEST_STEP][PASSED] - openBrowser(""): Browser is opened with url: ''

2022-09-21 17:02:26 - [MESSAGE][INFO] - Starting 'Chrome' driver

2022-09-21 17:02:26 - [MESSAGE][INFO] - Action delay is set to 0 milliseconds

2022-09-21 17:02:28 - [MESSAGE][PASSED] - Browser is opened with url: ''

2022-09-21 17:02:28 - [TEST_STEP][PASSED] - navigateToUrl("https://lab.everleagues.com/"): Navigate to 'https://lab.everleagues.com/' successfully

2022-09-21 17:02:58 - [MESSAGE][PASSED] - Navigate to 'https://lab.everleagues.com/' successfully

2022-09-21 17:02:58 - [TEST_STEP][PASSED] - maximizeWindow(): Current window maximized

2022-09-21 17:02:58 - [MESSAGE][PASSED] - Current window maximized

2022-09-21 17:02:58 - [TEST_STEP][PASSED] - setText(findTestObject("02-Side Icons(Organization)/Add Contact/Email Field"), "testuser02@mailinator.com"): Text 'testuser02@mailinator.com' is set on object 'Object Repository/02-Side Icons(Organization)/Add Contact/Email Field'

2022-09-21 17:02:59 - [MESSAGE][PASSED] - Text 'testuser02@mailinator.com' is set on object 'Object Repository/02-Side Icons(Organization)/Add Contact/Email Field'

2022-09-21 17:02:59 - [TEST_STEP][PASSED] - setEncryptedText(findTestObject("02-Side Icons(Organization)/Add Contact/Password Field"), "8yFRyszE6U6jvsCn51OQbg=="): Text ****** has been set on object 'Object Repository/02-Side Icons(Organization)/Add Contact/Password Field'

2022-09-21 17:02:59 - [MESSAGE][PASSED] - Text ****** has been set on object 'Object Repository/02-Side Icons(Organization)/Add Contact/Password Field'

2022-09-21 17:02:59 - [TEST_STEP][PASSED] - click(findTestObject("02-Side Icons(Organization)/Add Contact/button_Sign in")): Object: 'Object Repository/02-Side Icons(Organization)/Add Contact/button_Sign in' is clicked on

2022-09-21 17:03:00 - [MESSAGE][PASSED] - Object: 'Object Repository/02-Side Icons(Organization)/Add Contact/button_Sign in' is clicked on

2022-09-21 17:03:00 - [TEST_STEP][PASSED] - delay(2): Delayed 2 second(s)

2022-09-21 17:03:02 - [MESSAGE][PASSED] - Delayed 2 second(s)

2022-09-21 17:03:02 - [TEST_STEP][PASSED] - click(findTestObject("06-Teams/For 2FA/button_Confirm_2FA")): Object: 'Object Repository/06-Teams/For 2FA/button_Confirm_2FA' is clicked on

2022-09-21 17:03:03 - [MESSAGE][PASSED] - Object: 'Object Repository/06-Teams/For 2FA/button_Confirm_2FA' is clicked on

2022-09-21 17:03:03 - [TEST_STEP][PASSED] - executeJavaScript("window.open();", []): Execute JavaScript 'window.open();' successfully

2022-09-21 17:03:03 - [MESSAGE][PASSED] - Execute JavaScript 'window.open();' successfully

2022-09-21 17:03:03 - [TEST_STEP][PASSED] - currentWindow = getWindowIndex(): Current window's index is: 0

2022-09-21 17:03:03 - [MESSAGE][PASSED] - Current window's index is: 0

2022-09-21 17:03:03 - [TEST_STEP][PASSED] - delay(3): Delayed 3 second(s)

2022-09-21 17:03:06 - [MESSAGE][PASSED] - Delayed 3 second(s)

2022-09-21 17:03:06 - [TEST_STEP][PASSED] - switchToWindowIndex(currentWindow + 1): Switched to window with index: '1'

2022-09-21 17:03:06 - [MESSAGE][PASSED] - Switched to window with index: '1'

2022-09-21 17:03:06 - [TEST_STEP][PASSED] - navigateToUrl("https://www.mailinator.com/"): Navigate to 'https://www.mailinator.com/' successfully

2022-09-21 17:03:08 - [MESSAGE][PASSED] - Navigate to 'https://www.mailinator.com/' successfully

2022-09-21 17:03:08 - [TEST_STEP][PASSED] - delay(3): Delayed 3 second(s)

2022-09-21 17:03:11 - [MESSAGE][PASSED] - Delayed 3 second(s)

2022-09-21 17:03:11 - [TEST_STEP][PASSED] - setText(findTestObject("00-Signup and Activation/zMailinator/input_LOGIN_search"), "testuser02@mailinator.com"): Text 'testuser02@mailinator.com' is set on object 'Object Repository/00-Signup and Activation/zMailinator/input_LOGIN_search'

2022-09-21 17:03:11 - [MESSAGE][PASSED] - Text 'testuser02@mailinator.com' is set on object 'Object Repository/00-Signup and Activation/zMailinator/input_LOGIN_search'

2022-09-21 17:03:11 - [TEST_STEP][PASSED] - click(findTestObject("00-Signup and Activation/zMailinator/gobutton"), STOP_ON_FAILURE): Object: 'Object Repository/00-Signup and Activation/zMailinator/gobutton' is clicked on

2022-09-21 17:03:13 - [MESSAGE][PASSED] - Object: 'Object Repository/00-Signup and Activation/zMailinator/gobutton' is clicked on

2022-09-21 17:03:13 - [TEST_STEP][PASSED] - delay(3): Delayed 3 second(s)

2022-09-21 17:03:16 - [MESSAGE][PASSED] - Delayed 3 second(s)

2022-09-21 17:03:16 - [TEST_STEP][PASSED] - click(findTestObject("00-Signup and Activation/zMailinator/Email - everleagues")): Object: 'Object Repository/00-Signup and Activation/zMailinator/Email - everleagues' is clicked on

2022-09-21 17:03:16 - [MESSAGE][PASSED] - Object: 'Object Repository/00-Signup and Activation/zMailinator/Email - everleagues' is clicked on

2022-09-21 17:03:16 - [TEST_STEP][PASSED] - delay(3): Delayed 3 second(s)

2022-09-21 17:03:19 - [MESSAGE][PASSED] - Delayed 3 second(s)

2022-09-21 17:03:19 - [TEST_STEP][PASSED] - code = getText(findTestObject("Object Repository/06-Teams/For 2FA/2FA code")): Text of object 'Object Repository/06-Teams/For 2FA/2FA code' is: '022007'

2022-09-21 17:03:19 - [MESSAGE][PASSED] - Text of object 'Object Repository/06-Teams/For 2FA/2FA code' is: '022007'

2022-09-21 17:03:19 - [TEST_STEP][PASSED] - delay(3): Delayed 3 second(s)

2022-09-21 17:03:22 - [MESSAGE][PASSED] - Delayed 3 second(s)

2022-09-21 17:03:22 - [TEST_STEP][PASSED] - closeWindowTitle("Mailinator"): Window with title: 'Mailinator' is closed

2022-09-21 17:03:23 - [MESSAGE][PASSED] - Window with title: 'Mailinator' is closed

2022-09-21 17:03:23 - [TEST_STEP][PASSED] - delay(3): Delayed 3 second(s)

2022-09-21 17:03:26 - [MESSAGE][PASSED] - Delayed 3 second(s)

2022-09-21 17:03:26 - [TEST_STEP][PASSED] - switchToWindowIndex(0): Switched to window with index: '0'

2022-09-21 17:03:26 - [MESSAGE][PASSED] - Switched to window with index: '0'

2022-09-21 17:03:26 - [TEST_STEP][PASSED] - delay(3): Delayed 3 second(s)

2022-09-21 17:03:29 - [MESSAGE][PASSED] - Delayed 3 second(s)

2022-09-21 17:03:29 - [TEST_STEP][PASSED] - setText(findTestObject("Object Repository/06-Teams/For 2FA/input_Enter verification code_code"), code): Text '022007' is set on object 'Object Repository/06-Teams/For 2FA/input_Enter verification code_code'

2022-09-21 17:03:30 - [MESSAGE][PASSED] - Text '022007' is set on object 'Object Repository/06-Teams/For 2FA/input_Enter verification code_code'

2022-09-21 17:03:30 - [TEST_STEP][PASSED] - delay(3): Delayed 3 second(s)

2022-09-21 17:03:33 - [MESSAGE][PASSED] - Delayed 3 second(s)

2022-09-21 17:03:33 - [TEST_STEP][PASSED] - click(findTestObject("06-Teams/For 2FA/button_Verify_2FA")): Object: 'Object Repository/06-Teams/For 2FA/button_Verify_2FA' is clicked on

2022-09-21 17:03:33 - [MESSAGE][PASSED] - Object: 'Object Repository/06-Teams/For 2FA/button_Verify_2FA' is clicked on

2022-09-21 17:03:33 - [TEST_STEP][PASSED] - delay(5): Delayed 5 second(s)

2022-09-21 17:03:38 - [MESSAGE][PASSED] - Delayed 5 second(s)

2022-09-21 17:03:38 - [TEST_STEP][PASSED] - click(findTestObject("06-Teams/button_doublearrow")): Object: 'Object Repository/06-Teams/button_doublearrow' is clicked on

2022-09-21 17:03:55 - [MESSAGE][PASSED] - Object: 'Object Repository/06-Teams/button_doublearrow' is clicked on

2022-09-21 17:03:55 - [TEST_STEP][PASSED] - click(findTestObject("06-Teams/button_My Organizations")): Object: 'Object Repository/06-Teams/button_My Organizations' is clicked on

2022-09-21 17:03:55 - [MESSAGE][PASSED] - Object: 'Object Repository/06-Teams/button_My Organizations' is clicked on

2022-09-21 17:03:55 - [TEST_STEP][PASSED] - click(findTestObject("06-Teams/button_GG Automation")): Object: 'Object Repository/06-Teams/button_GG Automation' is clicked on

2022-09-21 17:03:56 - [MESSAGE][PASSED] - Object: 'Object Repository/06-Teams/button_GG Automation' is clicked on

2022-09-21 17:03:56 - [TEST_STEP][PASSED] - delay(4): Delayed 4 second(s)

2022-09-21 17:04:00 - [MESSAGE][PASSED] - Delayed 4 second(s)

2022-09-21 17:04:00 - [TEST_STEP][PASSED] - verifyElementVisible(findTestObject("06-Teams/span_GG Automation")): Object 'Object Repository/06-Teams/span_GG Automation' is visible

2022-09-21 17:04:01 - [MESSAGE][PASSED] - Object 'Object Repository/06-Teams/span_GG Automation' is visible

2022-09-21 17:04:01 - [TEST_STEP][PASSED] - delay(10): Delayed 10 second(s)

2022-09-21 17:04:11 - [MESSAGE][PASSED] - Delayed 10 second(s)

2022-09-21 17:04:11 - [TEST_STEP][PASSED] - click(findTestObject("03-Header Menu/Hamburger Button/div_Settings")): Object: 'Object Repository/03-Header Menu/Hamburger Button/div_Settings' is clicked on

2022-09-21 17:04:11 - [MESSAGE][PASSED] - Object: 'Object Repository/03-Header Menu/Hamburger Button/div_Settings' is clicked on

2022-09-21 17:04:11 - [TEST_STEP][PASSED] - verifyElementVisible(findTestObject("09-Settings/Users/div_Organization")): Object 'Object Repository/09-Settings/Users/div_Organization' is visible

2022-09-21 17:04:11 - [MESSAGE][PASSED] - Object 'Object Repository/09-Settings/Users/div_Organization' is visible

2022-09-21 17:04:11 - [TEST_STEP][PASSED] - verifyElementVisible(findTestObject("09-Settings/Users/div_Organization Units")): Object 'Object Repository/09-Settings/Users/div_Organization Units' is visible

2022-09-21 17:04:12 - [MESSAGE][PASSED] - Object 'Object Repository/09-Settings/Users/div_Organization Units' is visible

2022-09-21 17:04:12 - [TEST_STEP][PASSED] - verifyElementVisible(findTestObject("09-Settings/Users/div_Subscriptions")): Object 'Object Repository/09-Settings/Users/div_Subscriptions' is visible

2022-09-21 17:04:12 - [MESSAGE][PASSED] - Object 'Object Repository/09-Settings/Users/div_Subscriptions' is visible

2022-09-21 17:04:12 - [TEST_STEP][PASSED] - verifyElementVisible(findTestObject("09-Settings/Users/div_Users")): Object 'Object Repository/09-Settings/Users/div_Users' is visible

2022-09-21 17:04:13 - [MESSAGE][PASSED] - Object 'Object Repository/09-Settings/Users/div_Users' is visible

2022-09-21 17:04:13 - [TEST_STEP][PASSED] - delay(3): Delayed 3 second(s)

2022-09-21 17:04:16 - [MESSAGE][PASSED] - Delayed 3 second(s)

2022-09-21 17:04:16 - [TEST_STEP][PASSED] - click(findTestObject("09-Settings/Users/div_Users")): Object: 'Object Repository/09-Settings/Users/div_Users' is clicked on

2022-09-21 17:04:16 - [MESSAGE][PASSED] - Object: 'Object Repository/09-Settings/Users/div_Users' is clicked on

2022-09-21 17:04:16 - [TEST_STEP][PASSED] - verifyElementVisible(findTestObject("09-Settings/Users/h4_USERS")): Object 'Object Repository/09-Settings/Users/h4_USERS' is visible

2022-09-21 17:04:17 - [MESSAGE][PASSED] - Object 'Object Repository/09-Settings/Users/h4_USERS' is visible

2022-09-21 17:04:17 - [TEST_STEP][PASSED] - verifyElementVisible(findTestObject("09-Settings/Users/User Page")): Object 'Object Repository/09-Settings/Users/User Page' is visible

2022-09-21 17:04:18 - [MESSAGE][PASSED] - Object 'Object Repository/09-Settings/Users/User Page' is visible

2022-09-21 17:04:18 - [TEST_STEP][PASSED] - delay(3): Delayed 3 second(s)

2022-09-21 17:04:21 - [MESSAGE][PASSED] - Delayed 3 second(s)

2022-09-21 17:04:21 - [TEST_STEP][PASSED] - click(findTestObject("09-Settings/Users/button_add")): Object: 'Object Repository/09-Settings/Users/button_add' is clicked on

2022-09-21 17:04:21 - [MESSAGE][PASSED] - Object: 'Object Repository/09-Settings/Users/button_add' is clicked on

2022-09-21 17:04:21 - [TEST_STEP][PASSED] - verifyElementVisible(findTestObject("09-Settings/Users/User Invitation modal")): Object 'Object Repository/09-Settings/Users/User Invitation modal' is visible

2022-09-21 17:04:22 - [MESSAGE][PASSED] - Object 'Object Repository/09-Settings/Users/User Invitation modal' is visible

2022-09-21 17:04:22 - [TEST_STEP][PASSED] - delay(3): Delayed 3 second(s)

2022-09-21 17:04:25 - [MESSAGE][PASSED] - Delayed 3 second(s)

2022-09-21 17:04:25 - [TEST_STEP][PASSED] - click(findTestObject("09-Settings/Users/add Invite a single user")): Object: 'Object Repository/09-Settings/Users/add Invite a single user' is clicked on

2022-09-21 17:04:25 - [MESSAGE][PASSED] - Object: 'Object Repository/09-Settings/Users/add Invite a single user' is clicked on

2022-09-21 17:04:25 - [TEST_STEP][PASSED] - verifyElementVisible(findTestObject("09-Settings/Users/Invite new user modal")): Object 'Object Repository/09-Settings/Users/Invite new user modal' is visible

2022-09-21 17:04:26 - [MESSAGE][PASSED] - Object 'Object Repository/09-Settings/Users/Invite new user modal' is visible

2022-09-21 17:04:26 - [TEST_STEP][PASSED] - click(findTestObject("09-Settings/Users/input_email")): Object: 'Object Repository/09-Settings/Users/input_email' is clicked on

2022-09-21 17:04:27 - [MESSAGE][PASSED] - Object: 'Object Repository/09-Settings/Users/input_email' is clicked on

2022-09-21 17:04:27 - [TEST_STEP][PASSED] - click(findTestObject("09-Settings/Users/input_firstName")): Object: 'Object Repository/09-Settings/Users/input_firstName' is clicked on

2022-09-21 17:04:27 - [MESSAGE][PASSED] - Object: 'Object Repository/09-Settings/Users/input_firstName' is clicked on

2022-09-21 17:04:27 - [TEST_STEP][PASSED] - click(findTestObject("09-Settings/Users/input_lastName")): Object: 'Object Repository/09-Settings/Users/input_lastName' is clicked on

2022-09-21 17:04:27 - [MESSAGE][PASSED] - Object: 'Object Repository/09-Settings/Users/input_lastName' is clicked on

2022-09-21 17:04:27 - [TEST_STEP][PASSED] - click(findTestObject("09-Settings/Users/span_Role")): Object: 'Object Repository/09-Settings/Users/span_Role' is clicked on

2022-09-21 17:04:28 - [MESSAGE][PASSED] - Object: 'Object Repository/09-Settings/Users/span_Role' is clicked on

2022-09-21 17:04:28 - [TEST_STEP][PASSED] - clickOffset(findTestObject("09-Settings/Users/h4_Invite New User"), 100, 100): Object: 'Object Repository/09-Settings/Users/h4_Invite New User' is clicked on using offset x=100 and y=100

2022-09-21 17:04:29 - [MESSAGE][PASSED] - Object: 'Object Repository/09-Settings/Users/h4_Invite New User' is clicked on using offset x=100 and y=100

2022-09-21 17:04:29 - [TEST_STEP][PASSED] - verifyElementVisible(findTestObject("09-Settings/Users/Email required")): Object 'Object Repository/09-Settings/Users/Email required' is visible

2022-09-21 17:04:30 - [MESSAGE][PASSED] - Object 'Object Repository/09-Settings/Users/Email required' is visible

2022-09-21 17:04:30 - [TEST_STEP][PASSED] - verifyElementVisible(findTestObject("09-Settings/Users/Firstname required")): Object 'Object Repository/09-Settings/Users/Firstname required' is visible

2022-09-21 17:04:30 - [MESSAGE][PASSED] - Object 'Object Repository/09-Settings/Users/Firstname required' is visible

2022-09-21 17:04:30 - [TEST_STEP][PASSED] - verifyElementVisible(findTestObject("09-Settings/Users/last name required")): Object 'Object Repository/09-Settings/Users/last name required' is visible

2022-09-21 17:04:30 - [MESSAGE][PASSED] - Object 'Object Repository/09-Settings/Users/last name required' is visible

2022-09-21 17:04:30 - [TEST_STEP][PASSED] - verifyElementVisible(findTestObject("09-Settings/Users/error_Select a role")): Object 'Object Repository/09-Settings/Users/error_Select a role' is visible

2022-09-21 17:04:31 - [MESSAGE][PASSED] - Object 'Object Repository/09-Settings/Users/error_Select a role' is visible

2022-09-21 17:04:31 - [TEST_STEP][PASSED] - delay(3): Delayed 3 second(s)

2022-09-21 17:04:34 - [MESSAGE][PASSED] - Delayed 3 second(s)

2022-09-21 17:04:34 - [TEST_STEP][PASSED] - closeBrowser(): Browser is closed

2022-09-21 17:04:34 - [MESSAGE][PASSED] - Browser is closed]]></system-out>
         <system-err><![CDATA[]]></system-err>
      </testcase>
      <testcase name="Test Cases/09-Settings/02 - Users (Invite new user as co worker)" time="455.618" classname="Test Cases/09-Settings/02 - Users (Invite new user as co worker)" status="PASSED">
         <system-out><![CDATA[2022-09-21 17:04:34 - [TEST_CASE][PASSED] - Test Cases/09-Settings/02 - Users (Invite new user as co worker): Test Cases/09-Settings/02 - Users (Invite new user as co worker)

2022-09-21 17:04:35 - [TEST_STEP][PASSED] - openBrowser(""): Browser is opened with url: ''

2022-09-21 17:04:35 - [MESSAGE][INFO] - Starting 'Chrome' driver

2022-09-21 17:04:35 - [MESSAGE][INFO] - Action delay is set to 0 milliseconds

2022-09-21 17:04:36 - [MESSAGE][PASSED] - Browser is opened with url: ''

2022-09-21 17:04:36 - [TEST_STEP][PASSED] - navigateToUrl("https://lab.everleagues.com/"): Navigate to 'https://lab.everleagues.com/' successfully

2022-09-21 17:05:19 - [MESSAGE][PASSED] - Navigate to 'https://lab.everleagues.com/' successfully

2022-09-21 17:05:19 - [TEST_STEP][PASSED] - maximizeWindow(): Current window maximized

2022-09-21 17:05:19 - [MESSAGE][PASSED] - Current window maximized

2022-09-21 17:05:19 - [TEST_STEP][PASSED] - setText(findTestObject("02-Side Icons(Organization)/Add Contact/Email Field"), "testuser02@mailinator.com"): Text 'testuser02@mailinator.com' is set on object 'Object Repository/02-Side Icons(Organization)/Add Contact/Email Field'

2022-09-21 17:05:21 - [MESSAGE][PASSED] - Text 'testuser02@mailinator.com' is set on object 'Object Repository/02-Side Icons(Organization)/Add Contact/Email Field'

2022-09-21 17:05:21 - [TEST_STEP][PASSED] - setEncryptedText(findTestObject("02-Side Icons(Organization)/Add Contact/Password Field"), "8yFRyszE6U6jvsCn51OQbg=="): Text ****** has been set on object 'Object Repository/02-Side Icons(Organization)/Add Contact/Password Field'

2022-09-21 17:05:21 - [MESSAGE][PASSED] - Text ****** has been set on object 'Object Repository/02-Side Icons(Organization)/Add Contact/Password Field'

2022-09-21 17:05:21 - [TEST_STEP][PASSED] - click(findTestObject("02-Side Icons(Organization)/Add Contact/button_Sign in")): Object: 'Object Repository/02-Side Icons(Organization)/Add Contact/button_Sign in' is clicked on

2022-09-21 17:05:22 - [MESSAGE][PASSED] - Object: 'Object Repository/02-Side Icons(Organization)/Add Contact/button_Sign in' is clicked on

2022-09-21 17:05:22 - [TEST_STEP][PASSED] - delay(2): Delayed 2 second(s)

2022-09-21 17:05:24 - [MESSAGE][PASSED] - Delayed 2 second(s)

2022-09-21 17:05:24 - [TEST_STEP][PASSED] - click(findTestObject("06-Teams/For 2FA/button_Confirm_2FA")): Object: 'Object Repository/06-Teams/For 2FA/button_Confirm_2FA' is clicked on

2022-09-21 17:05:24 - [MESSAGE][PASSED] - Object: 'Object Repository/06-Teams/For 2FA/button_Confirm_2FA' is clicked on

2022-09-21 17:05:24 - [TEST_STEP][PASSED] - executeJavaScript("window.open();", []): Execute JavaScript 'window.open();' successfully

2022-09-21 17:05:24 - [MESSAGE][PASSED] - Execute JavaScript 'window.open();' successfully

2022-09-21 17:05:24 - [TEST_STEP][PASSED] - currentWindow = getWindowIndex(): Current window's index is: 0

2022-09-21 17:05:24 - [MESSAGE][PASSED] - Current window's index is: 0

2022-09-21 17:05:24 - [TEST_STEP][PASSED] - delay(3): Delayed 3 second(s)

2022-09-21 17:05:27 - [MESSAGE][PASSED] - Delayed 3 second(s)

2022-09-21 17:05:27 - [TEST_STEP][PASSED] - switchToWindowIndex(currentWindow + 1): Switched to window with index: '1'

2022-09-21 17:05:27 - [MESSAGE][PASSED] - Switched to window with index: '1'

2022-09-21 17:05:27 - [TEST_STEP][PASSED] - navigateToUrl("https://www.mailinator.com/"): Navigate to 'https://www.mailinator.com/' successfully

2022-09-21 17:05:29 - [MESSAGE][PASSED] - Navigate to 'https://www.mailinator.com/' successfully

2022-09-21 17:05:29 - [TEST_STEP][PASSED] - delay(3): Delayed 3 second(s)

2022-09-21 17:05:32 - [MESSAGE][PASSED] - Delayed 3 second(s)

2022-09-21 17:05:32 - [TEST_STEP][PASSED] - setText(findTestObject("00-Signup and Activation/zMailinator/input_LOGIN_search"), "testuser02@mailinator.com"): Text 'testuser02@mailinator.com' is set on object 'Object Repository/00-Signup and Activation/zMailinator/input_LOGIN_search'

2022-09-21 17:05:33 - [MESSAGE][PASSED] - Text 'testuser02@mailinator.com' is set on object 'Object Repository/00-Signup and Activation/zMailinator/input_LOGIN_search'

2022-09-21 17:05:33 - [TEST_STEP][PASSED] - click(findTestObject("00-Signup and Activation/zMailinator/gobutton"), STOP_ON_FAILURE): Object: 'Object Repository/00-Signup and Activation/zMailinator/gobutton' is clicked on

2022-09-21 17:05:35 - [MESSAGE][PASSED] - Object: 'Object Repository/00-Signup and Activation/zMailinator/gobutton' is clicked on

2022-09-21 17:05:35 - [TEST_STEP][PASSED] - delay(3): Delayed 3 second(s)

2022-09-21 17:05:38 - [MESSAGE][PASSED] - Delayed 3 second(s)

2022-09-21 17:05:38 - [TEST_STEP][PASSED] - click(findTestObject("00-Signup and Activation/zMailinator/Email - everleagues")): Object: 'Object Repository/00-Signup and Activation/zMailinator/Email - everleagues' is clicked on

2022-09-21 17:05:39 - [MESSAGE][PASSED] - Object: 'Object Repository/00-Signup and Activation/zMailinator/Email - everleagues' is clicked on

2022-09-21 17:05:39 - [TEST_STEP][PASSED] - delay(3): Delayed 3 second(s)

2022-09-21 17:05:42 - [MESSAGE][PASSED] - Delayed 3 second(s)

2022-09-21 17:05:42 - [TEST_STEP][PASSED] - code = getText(findTestObject("Object Repository/06-Teams/For 2FA/2FA code")): Text of object 'Object Repository/06-Teams/For 2FA/2FA code' is: '353536'

2022-09-21 17:05:42 - [MESSAGE][PASSED] - Text of object 'Object Repository/06-Teams/For 2FA/2FA code' is: '353536'

2022-09-21 17:05:42 - [TEST_STEP][PASSED] - delay(3): Delayed 3 second(s)

2022-09-21 17:05:45 - [MESSAGE][PASSED] - Delayed 3 second(s)

2022-09-21 17:05:45 - [TEST_STEP][PASSED] - closeWindowTitle("Mailinator"): Window with title: 'Mailinator' is closed

2022-09-21 17:05:45 - [MESSAGE][PASSED] - Window with title: 'Mailinator' is closed

2022-09-21 17:05:45 - [TEST_STEP][PASSED] - delay(3): Delayed 3 second(s)

2022-09-21 17:05:48 - [MESSAGE][PASSED] - Delayed 3 second(s)

2022-09-21 17:05:48 - [TEST_STEP][PASSED] - switchToWindowIndex(0): Switched to window with index: '0'

2022-09-21 17:05:48 - [MESSAGE][PASSED] - Switched to window with index: '0'

2022-09-21 17:05:48 - [TEST_STEP][PASSED] - delay(3): Delayed 3 second(s)

2022-09-21 17:05:51 - [MESSAGE][PASSED] - Delayed 3 second(s)

2022-09-21 17:05:51 - [TEST_STEP][PASSED] - setText(findTestObject("Object Repository/06-Teams/For 2FA/input_Enter verification code_code"), code): Text '353536' is set on object 'Object Repository/06-Teams/For 2FA/input_Enter verification code_code'

2022-09-21 17:05:52 - [MESSAGE][PASSED] - Text '353536' is set on object 'Object Repository/06-Teams/For 2FA/input_Enter verification code_code'

2022-09-21 17:05:52 - [TEST_STEP][PASSED] - delay(3): Delayed 3 second(s)

2022-09-21 17:05:55 - [MESSAGE][PASSED] - Delayed 3 second(s)

2022-09-21 17:05:55 - [TEST_STEP][PASSED] - click(findTestObject("06-Teams/For 2FA/button_Verify_2FA")): Object: 'Object Repository/06-Teams/For 2FA/button_Verify_2FA' is clicked on

2022-09-21 17:05:56 - [MESSAGE][PASSED] - Object: 'Object Repository/06-Teams/For 2FA/button_Verify_2FA' is clicked on

2022-09-21 17:05:56 - [TEST_STEP][PASSED] - delay(5): Delayed 5 second(s)

2022-09-21 17:06:01 - [MESSAGE][PASSED] - Delayed 5 second(s)

2022-09-21 17:06:01 - [TEST_STEP][PASSED] - click(findTestObject("06-Teams/button_doublearrow")): Object: 'Object Repository/06-Teams/button_doublearrow' is clicked on

2022-09-21 17:06:01 - [MESSAGE][PASSED] - Object: 'Object Repository/06-Teams/button_doublearrow' is clicked on

2022-09-21 17:06:01 - [TEST_STEP][PASSED] - click(findTestObject("06-Teams/button_My Organizations")): Object: 'Object Repository/06-Teams/button_My Organizations' is clicked on

2022-09-21 17:06:02 - [MESSAGE][PASSED] - Object: 'Object Repository/06-Teams/button_My Organizations' is clicked on

2022-09-21 17:06:02 - [TEST_STEP][PASSED] - click(findTestObject("06-Teams/button_GG Automation")): Object: 'Object Repository/06-Teams/button_GG Automation' is clicked on

2022-09-21 17:06:03 - [MESSAGE][PASSED] - Object: 'Object Repository/06-Teams/button_GG Automation' is clicked on

2022-09-21 17:06:03 - [TEST_STEP][PASSED] - delay(4): Delayed 4 second(s)

2022-09-21 17:06:07 - [MESSAGE][PASSED] - Delayed 4 second(s)

2022-09-21 17:06:07 - [TEST_STEP][PASSED] - verifyElementVisible(findTestObject("06-Teams/span_GG Automation")): Object 'Object Repository/06-Teams/span_GG Automation' is visible

2022-09-21 17:06:07 - [MESSAGE][PASSED] - Object 'Object Repository/06-Teams/span_GG Automation' is visible

2022-09-21 17:06:07 - [TEST_STEP][PASSED] - delay(10): Delayed 10 second(s)

2022-09-21 17:06:17 - [MESSAGE][PASSED] - Delayed 10 second(s)

2022-09-21 17:06:17 - [TEST_STEP][PASSED] - click(findTestObject("03-Header Menu/Hamburger Button/div_Settings")): Object: 'Object Repository/03-Header Menu/Hamburger Button/div_Settings' is clicked on

2022-09-21 17:06:18 - [MESSAGE][PASSED] - Object: 'Object Repository/03-Header Menu/Hamburger Button/div_Settings' is clicked on

2022-09-21 17:06:18 - [TEST_STEP][PASSED] - delay(3): Delayed 3 second(s)

2022-09-21 17:06:21 - [MESSAGE][PASSED] - Delayed 3 second(s)

2022-09-21 17:06:21 - [TEST_STEP][PASSED] - click(findTestObject("09-Settings/Users/div_Users")): Object: 'Object Repository/09-Settings/Users/div_Users' is clicked on

2022-09-21 17:06:21 - [MESSAGE][PASSED] - Object: 'Object Repository/09-Settings/Users/div_Users' is clicked on

2022-09-21 17:06:21 - [TEST_STEP][PASSED] - delay(3): Delayed 3 second(s)

2022-09-21 17:06:24 - [MESSAGE][PASSED] - Delayed 3 second(s)

2022-09-21 17:06:24 - [TEST_STEP][PASSED] - click(findTestObject("09-Settings/Users/button_add")): Object: 'Object Repository/09-Settings/Users/button_add' is clicked on

2022-09-21 17:06:25 - [MESSAGE][PASSED] - Object: 'Object Repository/09-Settings/Users/button_add' is clicked on

2022-09-21 17:06:25 - [TEST_STEP][PASSED] - delay(3): Delayed 3 second(s)

2022-09-21 17:06:28 - [MESSAGE][PASSED] - Delayed 3 second(s)

2022-09-21 17:06:28 - [TEST_STEP][PASSED] - click(findTestObject("09-Settings/Users/add Invite a single user")): Object: 'Object Repository/09-Settings/Users/add Invite a single user' is clicked on

2022-09-21 17:06:28 - [MESSAGE][PASSED] - Object: 'Object Repository/09-Settings/Users/add Invite a single user' is clicked on

2022-09-21 17:06:28 - [TEST_STEP][PASSED] - delay(3): Delayed 3 second(s)

2022-09-21 17:06:31 - [MESSAGE][PASSED] - Delayed 3 second(s)

2022-09-21 17:06:31 - [TEST_STEP][PASSED] - setText(findTestObject("09-Settings/Users/input_email"), "autotester04@mailinator.com"): Text 'autotester04@mailinator.com' is set on object 'Object Repository/09-Settings/Users/input_email'

2022-09-21 17:06:32 - [MESSAGE][PASSED] - Text 'autotester04@mailinator.com' is set on object 'Object Repository/09-Settings/Users/input_email'

2022-09-21 17:06:32 - [TEST_STEP][PASSED] - setText(findTestObject("09-Settings/Users/input_firstName"), "GG"): Text 'GG' is set on object 'Object Repository/09-Settings/Users/input_firstName'

2022-09-21 17:06:33 - [MESSAGE][PASSED] - Text 'GG' is set on object 'Object Repository/09-Settings/Users/input_firstName'

2022-09-21 17:06:33 - [TEST_STEP][PASSED] - setText(findTestObject("09-Settings/Users/input_lastName"), "Auto Contact 2"): Text 'Auto Contact 2' is set on object 'Object Repository/09-Settings/Users/input_lastName'

2022-09-21 17:06:34 - [MESSAGE][PASSED] - Text 'Auto Contact 2' is set on object 'Object Repository/09-Settings/Users/input_lastName'

2022-09-21 17:06:34 - [TEST_STEP][PASSED] - click(findTestObject("09-Settings/Users/span_Role")): Object: 'Object Repository/09-Settings/Users/span_Role' is clicked on

2022-09-21 17:06:34 - [MESSAGE][PASSED] - Object: 'Object Repository/09-Settings/Users/span_Role' is clicked on

2022-09-21 17:06:34 - [TEST_STEP][PASSED] - click(findTestObject("09-Settings/Users/span_CoWorker")): Object: 'Object Repository/09-Settings/Users/span_CoWorker' is clicked on

2022-09-21 17:06:34 - [MESSAGE][PASSED] - Object: 'Object Repository/09-Settings/Users/span_CoWorker' is clicked on

2022-09-21 17:06:34 - [TEST_STEP][PASSED] - click(findTestObject("09-Settings/Users/button_Send Invitation")): Object: 'Object Repository/09-Settings/Users/button_Send Invitation' is clicked on

2022-09-21 17:06:36 - [MESSAGE][PASSED] - Object: 'Object Repository/09-Settings/Users/button_Send Invitation' is clicked on

2022-09-21 17:06:36 - [TEST_STEP][PASSED] - delay(2): Delayed 2 second(s)

2022-09-21 17:06:38 - [MESSAGE][PASSED] - Delayed 2 second(s)

2022-09-21 17:06:38 - [TEST_STEP][PASSED] - verifyElementVisible(findTestObject("07-Directory/Connections/zContact Profile/Successfully invited user")): Object 'Object Repository/07-Directory/Connections/zContact Profile/Successfully invited user' is visible

2022-09-21 17:06:39 - [MESSAGE][PASSED] - Object 'Object Repository/07-Directory/Connections/zContact Profile/Successfully invited user' is visible

2022-09-21 17:06:39 - [TEST_STEP][PASSED] - delay(2): Delayed 2 second(s)

2022-09-21 17:06:41 - [MESSAGE][PASSED] - Delayed 2 second(s)

2022-09-21 17:06:41 - [TEST_STEP][PASSED] - executeJavaScript("window.open();", []): Execute JavaScript 'window.open();' successfully

2022-09-21 17:06:41 - [MESSAGE][PASSED] - Execute JavaScript 'window.open();' successfully

2022-09-21 17:06:41 - [TEST_STEP][PASSED] - currentWindow = getWindowIndex(): Current window's index is: 0

2022-09-21 17:06:41 - [MESSAGE][PASSED] - Current window's index is: 0

2022-09-21 17:06:41 - [TEST_STEP][PASSED] - delay(3): Delayed 3 second(s)

2022-09-21 17:06:44 - [MESSAGE][PASSED] - Delayed 3 second(s)

2022-09-21 17:06:44 - [TEST_STEP][PASSED] - switchToWindowIndex(currentWindow + 1): Switched to window with index: '1'

2022-09-21 17:06:44 - [MESSAGE][PASSED] - Switched to window with index: '1'

2022-09-21 17:06:44 - [TEST_STEP][PASSED] - navigateToUrl("https://www.mailinator.com/"): Navigate to 'https://www.mailinator.com/' successfully

2022-09-21 17:06:45 - [MESSAGE][PASSED] - Navigate to 'https://www.mailinator.com/' successfully

2022-09-21 17:06:45 - [TEST_STEP][PASSED] - delay(3): Delayed 3 second(s)

2022-09-21 17:06:48 - [MESSAGE][PASSED] - Delayed 3 second(s)

2022-09-21 17:06:48 - [TEST_STEP][PASSED] - setText(findTestObject("00-Signup and Activation/zMailinator/input_LOGIN_search"), "autotester04@mailinator.com"): Text 'autotester04@mailinator.com' is set on object 'Object Repository/00-Signup and Activation/zMailinator/input_LOGIN_search'

2022-09-21 17:06:49 - [MESSAGE][PASSED] - Text 'autotester04@mailinator.com' is set on object 'Object Repository/00-Signup and Activation/zMailinator/input_LOGIN_search'

2022-09-21 17:06:49 - [TEST_STEP][PASSED] - click(findTestObject("00-Signup and Activation/zMailinator/gobutton"), STOP_ON_FAILURE): Object: 'Object Repository/00-Signup and Activation/zMailinator/gobutton' is clicked on

2022-09-21 17:06:50 - [MESSAGE][PASSED] - Object: 'Object Repository/00-Signup and Activation/zMailinator/gobutton' is clicked on

2022-09-21 17:06:50 - [TEST_STEP][PASSED] - delay(3): Delayed 3 second(s)

2022-09-21 17:06:53 - [MESSAGE][PASSED] - Delayed 3 second(s)

2022-09-21 17:06:53 - [TEST_STEP][PASSED] - closeWindowTitle("Everleagues"): Window with title: 'Everleagues' is closed

2022-09-21 17:06:53 - [MESSAGE][PASSED] - Window with title: 'Everleagues' is closed

2022-09-21 17:06:53 - [TEST_STEP][PASSED] - switchToWindowIndex(0): Switched to window with index: '0'

2022-09-21 17:06:53 - [MESSAGE][PASSED] - Switched to window with index: '0'

2022-09-21 17:06:53 - [TEST_STEP][PASSED] - click(findTestObject("09-Settings/Users/Co worker/td_Invitation from GG Automation")): Object: 'Object Repository/09-Settings/Users/Co worker/td_Invitation from GG Automation' is clicked on

2022-09-21 17:06:53 - [MESSAGE][PASSED] - Object: 'Object Repository/09-Settings/Users/Co worker/td_Invitation from GG Automation' is clicked on

2022-09-21 17:06:53 - [TEST_STEP][PASSED] - click(findTestObject("09-Settings/Users/Co worker/a_Click here to join GG Automation on EverLeagues")): Object: 'Object Repository/09-Settings/Users/Co worker/a_Click here to join GG Automation on EverLeagues' is clicked on

2022-09-21 17:06:54 - [MESSAGE][PASSED] - Object: 'Object Repository/09-Settings/Users/Co worker/a_Click here to join GG Automation on EverLeagues' is clicked on

2022-09-21 17:06:54 - [TEST_STEP][PASSED] - closeWindowTitle("Mailinator"): Window with title: 'Mailinator' is closed

2022-09-21 17:06:54 - [MESSAGE][PASSED] - Window with title: 'Mailinator' is closed

2022-09-21 17:06:54 - [TEST_STEP][PASSED] - switchToWindowIndex(0): Switched to window with index: '0'

2022-09-21 17:06:54 - [MESSAGE][PASSED] - Switched to window with index: '0'

2022-09-21 17:06:54 - [TEST_STEP][PASSED] - verifyElementVisible(findTestObject("09-Settings/Users/Co worker/Logout before proceed modal")): Object 'Object Repository/09-Settings/Users/Co worker/Logout before proceed modal' is visible

2022-09-21 17:07:00 - [MESSAGE][PASSED] - Object 'Object Repository/09-Settings/Users/Co worker/Logout before proceed modal' is visible

2022-09-21 17:07:00 - [TEST_STEP][PASSED] - click(findTestObject("09-Settings/Users/Co worker/button_Yes")): Object: 'Object Repository/09-Settings/Users/Co worker/button_Yes' is clicked on

2022-09-21 17:07:00 - [MESSAGE][PASSED] - Object: 'Object Repository/09-Settings/Users/Co worker/button_Yes' is clicked on

2022-09-21 17:07:00 - [TEST_STEP][PASSED] - delay(3): Delayed 3 second(s)

2022-09-21 17:07:03 - [MESSAGE][PASSED] - Delayed 3 second(s)

2022-09-21 17:07:03 - [TEST_STEP][PASSED] - setText(findTestObject("09-Settings/Users/Co worker/input_Email_email"), "autotester04@mailinator.com"): Text 'autotester04@mailinator.com' is set on object 'Object Repository/09-Settings/Users/Co worker/input_Email_email'

2022-09-21 17:08:04 - [MESSAGE][PASSED] - Text 'autotester04@mailinator.com' is set on object 'Object Repository/09-Settings/Users/Co worker/input_Email_email'

2022-09-21 17:08:04 - [TEST_STEP][PASSED] - setEncryptedText(findTestObject("09-Settings/Users/Co worker/input__password"), "8yFRyszE6U6jvsCn51OQbg=="): Text ****** has been set on object 'Object Repository/09-Settings/Users/Co worker/input__password'

2022-09-21 17:08:34 - [MESSAGE][PASSED] - Text ****** has been set on object 'Object Repository/09-Settings/Users/Co worker/input__password'

2022-09-21 17:08:34 - [TEST_STEP][PASSED] - click(findTestObject("02-Side Icons(Organization)/Add Contact/button_Sign in")): Object: 'Object Repository/02-Side Icons(Organization)/Add Contact/button_Sign in' is clicked on

2022-09-21 17:09:04 - [MESSAGE][PASSED] - Object: 'Object Repository/02-Side Icons(Organization)/Add Contact/button_Sign in' is clicked on

2022-09-21 17:09:04 - [TEST_STEP][PASSED] - delay(2): Delayed 2 second(s)

2022-09-21 17:09:06 - [MESSAGE][PASSED] - Delayed 2 second(s)

2022-09-21 17:09:06 - [TEST_STEP][PASSED] - click(findTestObject("06-Teams/For 2FA/button_Confirm_2FA")): Object: 'Object Repository/06-Teams/For 2FA/button_Confirm_2FA' is clicked on

2022-09-21 17:09:36 - [MESSAGE][PASSED] - Object: 'Object Repository/06-Teams/For 2FA/button_Confirm_2FA' is clicked on

2022-09-21 17:09:36 - [TEST_STEP][PASSED] - executeJavaScript("window.open();", []): Execute JavaScript 'window.open();' successfully

2022-09-21 17:09:36 - [MESSAGE][PASSED] - Execute JavaScript 'window.open();' successfully

2022-09-21 17:09:36 - [TEST_STEP][PASSED] - currentWindow = getWindowIndex(): Current window's index is: 0

2022-09-21 17:09:37 - [MESSAGE][PASSED] - Current window's index is: 0

2022-09-21 17:09:37 - [TEST_STEP][PASSED] - delay(3): Delayed 3 second(s)

2022-09-21 17:09:40 - [MESSAGE][PASSED] - Delayed 3 second(s)

2022-09-21 17:09:40 - [TEST_STEP][PASSED] - switchToWindowIndex(currentWindow + 1): Switched to window with index: '1'

2022-09-21 17:09:40 - [MESSAGE][PASSED] - Switched to window with index: '1'

2022-09-21 17:09:40 - [TEST_STEP][PASSED] - navigateToUrl("https://www.mailinator.com/"): Navigate to 'https://www.mailinator.com/' successfully

2022-09-21 17:09:41 - [MESSAGE][PASSED] - Navigate to 'https://www.mailinator.com/' successfully

2022-09-21 17:09:41 - [TEST_STEP][PASSED] - delay(3): Delayed 3 second(s)

2022-09-21 17:09:44 - [MESSAGE][PASSED] - Delayed 3 second(s)

2022-09-21 17:09:44 - [TEST_STEP][PASSED] - setText(findTestObject("00-Signup and Activation/zMailinator/input_LOGIN_search"), "autotester04@mailinator.com"): Text 'autotester04@mailinator.com' is set on object 'Object Repository/00-Signup and Activation/zMailinator/input_LOGIN_search'

2022-09-21 17:09:44 - [MESSAGE][PASSED] - Text 'autotester04@mailinator.com' is set on object 'Object Repository/00-Signup and Activation/zMailinator/input_LOGIN_search'

2022-09-21 17:09:44 - [TEST_STEP][PASSED] - click(findTestObject("00-Signup and Activation/zMailinator/gobutton"), STOP_ON_FAILURE): Object: 'Object Repository/00-Signup and Activation/zMailinator/gobutton' is clicked on

2022-09-21 17:09:45 - [MESSAGE][PASSED] - Object: 'Object Repository/00-Signup and Activation/zMailinator/gobutton' is clicked on

2022-09-21 17:09:45 - [TEST_STEP][PASSED] - delay(3): Delayed 3 second(s)

2022-09-21 17:09:48 - [MESSAGE][PASSED] - Delayed 3 second(s)

2022-09-21 17:09:48 - [TEST_STEP][PASSED] - click(findTestObject("00-Signup and Activation/zMailinator/Email - everleagues")): Object: 'Object Repository/00-Signup and Activation/zMailinator/Email - everleagues' is clicked on

2022-09-21 17:09:49 - [MESSAGE][PASSED] - Object: 'Object Repository/00-Signup and Activation/zMailinator/Email - everleagues' is clicked on

2022-09-21 17:09:49 - [TEST_STEP][PASSED] - delay(3): Delayed 3 second(s)

2022-09-21 17:09:52 - [MESSAGE][PASSED] - Delayed 3 second(s)

2022-09-21 17:09:52 - [TEST_STEP][PASSED] - codetwo = getText(findTestObject("Object Repository/06-Teams/For 2FA/2FA code")): Text of object 'Object Repository/06-Teams/For 2FA/2FA code' is: '349390'

2022-09-21 17:09:52 - [MESSAGE][PASSED] - Text of object 'Object Repository/06-Teams/For 2FA/2FA code' is: '349390'

2022-09-21 17:09:52 - [TEST_STEP][PASSED] - delay(3): Delayed 3 second(s)

2022-09-21 17:09:55 - [MESSAGE][PASSED] - Delayed 3 second(s)

2022-09-21 17:09:55 - [TEST_STEP][PASSED] - closeWindowTitle("Mailinator"): Window with title: 'Mailinator' is closed

2022-09-21 17:09:55 - [MESSAGE][PASSED] - Window with title: 'Mailinator' is closed

2022-09-21 17:09:55 - [TEST_STEP][PASSED] - delay(3): Delayed 3 second(s)

2022-09-21 17:09:58 - [MESSAGE][PASSED] - Delayed 3 second(s)

2022-09-21 17:09:58 - [TEST_STEP][PASSED] - switchToWindowIndex(0): Switched to window with index: '0'

2022-09-21 17:09:58 - [MESSAGE][PASSED] - Switched to window with index: '0'

2022-09-21 17:09:58 - [TEST_STEP][PASSED] - delay(3): Delayed 3 second(s)

2022-09-21 17:10:01 - [MESSAGE][PASSED] - Delayed 3 second(s)

2022-09-21 17:10:01 - [TEST_STEP][PASSED] - setText(findTestObject("Object Repository/06-Teams/For 2FA/input_Enter verification code_code"), codetwo): Text '349390' is set on object 'Object Repository/06-Teams/For 2FA/input_Enter verification code_code'

2022-09-21 17:11:02 - [MESSAGE][PASSED] - Text '349390' is set on object 'Object Repository/06-Teams/For 2FA/input_Enter verification code_code'

2022-09-21 17:11:02 - [TEST_STEP][PASSED] - delay(3): Delayed 3 second(s)

2022-09-21 17:11:05 - [MESSAGE][PASSED] - Delayed 3 second(s)

2022-09-21 17:11:05 - [TEST_STEP][PASSED] - click(findTestObject("06-Teams/For 2FA/button_Verify_2FA")): Object: 'Object Repository/06-Teams/For 2FA/button_Verify_2FA' is clicked on

2022-09-21 17:11:35 - [MESSAGE][PASSED] - Object: 'Object Repository/06-Teams/For 2FA/button_Verify_2FA' is clicked on

2022-09-21 17:11:35 - [TEST_STEP][PASSED] - delay(5): Delayed 5 second(s)

2022-09-21 17:11:40 - [MESSAGE][PASSED] - Delayed 5 second(s)

2022-09-21 17:11:40 - [TEST_STEP][PASSED] - executeJavaScript("window.open();", []): Execute JavaScript 'window.open();' successfully

2022-09-21 17:11:40 - [MESSAGE][PASSED] - Execute JavaScript 'window.open();' successfully

2022-09-21 17:11:40 - [TEST_STEP][PASSED] - currentWindow = getWindowIndex(): Current window's index is: 0

2022-09-21 17:11:40 - [MESSAGE][PASSED] - Current window's index is: 0

2022-09-21 17:11:40 - [TEST_STEP][PASSED] - delay(3): Delayed 3 second(s)

2022-09-21 17:11:43 - [MESSAGE][PASSED] - Delayed 3 second(s)

2022-09-21 17:11:43 - [TEST_STEP][PASSED] - switchToWindowIndex(currentWindow + 1): Switched to window with index: '1'

2022-09-21 17:11:43 - [MESSAGE][PASSED] - Switched to window with index: '1'

2022-09-21 17:11:43 - [TEST_STEP][PASSED] - navigateToUrl("https://www.mailinator.com/"): Navigate to 'https://www.mailinator.com/' successfully

2022-09-21 17:11:44 - [MESSAGE][PASSED] - Navigate to 'https://www.mailinator.com/' successfully

2022-09-21 17:11:44 - [TEST_STEP][PASSED] - delay(3): Delayed 3 second(s)

2022-09-21 17:11:47 - [MESSAGE][PASSED] - Delayed 3 second(s)

2022-09-21 17:11:47 - [TEST_STEP][PASSED] - setText(findTestObject("00-Signup and Activation/zMailinator/input_LOGIN_search"), "autotester04@mailinator.com"): Text 'autotester04@mailinator.com' is set on object 'Object Repository/00-Signup and Activation/zMailinator/input_LOGIN_search'

2022-09-21 17:11:48 - [MESSAGE][PASSED] - Text 'autotester04@mailinator.com' is set on object 'Object Repository/00-Signup and Activation/zMailinator/input_LOGIN_search'

2022-09-21 17:11:48 - [TEST_STEP][PASSED] - click(findTestObject("00-Signup and Activation/zMailinator/gobutton"), STOP_ON_FAILURE): Object: 'Object Repository/00-Signup and Activation/zMailinator/gobutton' is clicked on

2022-09-21 17:11:48 - [MESSAGE][PASSED] - Object: 'Object Repository/00-Signup and Activation/zMailinator/gobutton' is clicked on

2022-09-21 17:11:48 - [TEST_STEP][PASSED] - delay(3): Delayed 3 second(s)

2022-09-21 17:11:51 - [MESSAGE][PASSED] - Delayed 3 second(s)

2022-09-21 17:11:51 - [TEST_STEP][PASSED] - closeWindowTitle("Everleagues"): Window with title: 'Everleagues' is closed

2022-09-21 17:11:52 - [MESSAGE][PASSED] - Window with title: 'Everleagues' is closed

2022-09-21 17:11:52 - [TEST_STEP][PASSED] - switchToWindowIndex(0): Switched to window with index: '0'

2022-09-21 17:11:52 - [MESSAGE][PASSED] - Switched to window with index: '0'

2022-09-21 17:11:52 - [TEST_STEP][PASSED] - click(findTestObject("09-Settings/Users/Co worker/td_Invitation from GG Automation")): Object: 'Object Repository/09-Settings/Users/Co worker/td_Invitation from GG Automation' is clicked on

2022-09-21 17:11:52 - [MESSAGE][PASSED] - Object: 'Object Repository/09-Settings/Users/Co worker/td_Invitation from GG Automation' is clicked on

2022-09-21 17:11:52 - [TEST_STEP][PASSED] - click(findTestObject("09-Settings/Users/Co worker/a_Click here to join GG Automation on EverLeagues")): Object: 'Object Repository/09-Settings/Users/Co worker/a_Click here to join GG Automation on EverLeagues' is clicked on

2022-09-21 17:11:53 - [MESSAGE][PASSED] - Object: 'Object Repository/09-Settings/Users/Co worker/a_Click here to join GG Automation on EverLeagues' is clicked on

2022-09-21 17:11:53 - [TEST_STEP][PASSED] - delay(3): Delayed 3 second(s)

2022-09-21 17:11:56 - [MESSAGE][PASSED] - Delayed 3 second(s)

2022-09-21 17:11:56 - [TEST_STEP][PASSED] - closeWindowTitle("Mailinator"): Window with title: 'Mailinator' is closed

2022-09-21 17:11:56 - [MESSAGE][PASSED] - Window with title: 'Mailinator' is closed

2022-09-21 17:11:56 - [TEST_STEP][PASSED] - switchToWindowIndex(0): Switched to window with index: '0'

2022-09-21 17:11:56 - [MESSAGE][PASSED] - Switched to window with index: '0'

2022-09-21 17:11:56 - [TEST_STEP][PASSED] - verifyElementVisible(findTestObject("09-Settings/Users/Co worker/Invite modal")): Object 'Object Repository/09-Settings/Users/Co worker/Invite modal' is visible

2022-09-21 17:11:59 - [MESSAGE][PASSED] - Object 'Object Repository/09-Settings/Users/Co worker/Invite modal' is visible

2022-09-21 17:11:59 - [TEST_STEP][PASSED] - click(findTestObject("09-Settings/Users/Co worker/button_Accept")): Object: 'Object Repository/09-Settings/Users/Co worker/button_Accept' is clicked on

2022-09-21 17:11:59 - [MESSAGE][PASSED] - Object: 'Object Repository/09-Settings/Users/Co worker/button_Accept' is clicked on

2022-09-21 17:11:59 - [TEST_STEP][PASSED] - delay(10): Delayed 10 second(s)

2022-09-21 17:12:09 - [MESSAGE][PASSED] - Delayed 10 second(s)

2022-09-21 17:12:09 - [TEST_STEP][PASSED] - verifyElementVisible(findTestObject("09-Settings/Users/Co worker/div_Joined as CoWorker")): Object 'Object Repository/09-Settings/Users/Co worker/div_Joined as CoWorker' is visible

2022-09-21 17:12:09 - [MESSAGE][PASSED] - Object 'Object Repository/09-Settings/Users/Co worker/div_Joined as CoWorker' is visible

2022-09-21 17:12:09 - [TEST_STEP][PASSED] - closeBrowser(): Browser is closed

2022-09-21 17:12:10 - [MESSAGE][PASSED] - Browser is closed]]></system-out>
         <system-err><![CDATA[]]></system-err>
      </testcase>
      <testcase name="Test Cases/09-Settings/03 - Users (Invite new user as client)" time="242.731" classname="Test Cases/09-Settings/03 - Users (Invite new user as client)" status="PASSED">
         <system-out><![CDATA[2022-09-21 17:12:10 - [TEST_CASE][PASSED] - Test Cases/09-Settings/03 - Users (Invite new user as client): Test Cases/09-Settings/03 - Users (Invite new user as client)

2022-09-21 17:12:10 - [TEST_STEP][PASSED] - openBrowser(""): Browser is opened with url: ''

2022-09-21 17:12:10 - [MESSAGE][INFO] - Starting 'Chrome' driver

2022-09-21 17:12:10 - [MESSAGE][INFO] - Action delay is set to 0 milliseconds

2022-09-21 17:12:11 - [MESSAGE][PASSED] - Browser is opened with url: ''

2022-09-21 17:12:11 - [TEST_STEP][PASSED] - navigateToUrl("https://lab.everleagues.com/"): Navigate to 'https://lab.everleagues.com/' successfully

2022-09-21 17:12:49 - [MESSAGE][PASSED] - Navigate to 'https://lab.everleagues.com/' successfully

2022-09-21 17:12:49 - [TEST_STEP][PASSED] - maximizeWindow(): Current window maximized

2022-09-21 17:12:49 - [MESSAGE][PASSED] - Current window maximized

2022-09-21 17:12:49 - [TEST_STEP][PASSED] - setText(findTestObject("02-Side Icons(Organization)/Add Contact/Email Field"), "testuser02@mailinator.com"): Text 'testuser02@mailinator.com' is set on object 'Object Repository/02-Side Icons(Organization)/Add Contact/Email Field'

2022-09-21 17:12:49 - [MESSAGE][PASSED] - Text 'testuser02@mailinator.com' is set on object 'Object Repository/02-Side Icons(Organization)/Add Contact/Email Field'

2022-09-21 17:12:49 - [TEST_STEP][PASSED] - setEncryptedText(findTestObject("02-Side Icons(Organization)/Add Contact/Password Field"), "8yFRyszE6U6jvsCn51OQbg=="): Text ****** has been set on object 'Object Repository/02-Side Icons(Organization)/Add Contact/Password Field'

2022-09-21 17:12:50 - [MESSAGE][PASSED] - Text ****** has been set on object 'Object Repository/02-Side Icons(Organization)/Add Contact/Password Field'

2022-09-21 17:12:50 - [TEST_STEP][PASSED] - click(findTestObject("02-Side Icons(Organization)/Add Contact/button_Sign in")): Object: 'Object Repository/02-Side Icons(Organization)/Add Contact/button_Sign in' is clicked on

2022-09-21 17:12:51 - [MESSAGE][PASSED] - Object: 'Object Repository/02-Side Icons(Organization)/Add Contact/button_Sign in' is clicked on

2022-09-21 17:12:51 - [TEST_STEP][PASSED] - delay(2): Delayed 2 second(s)

2022-09-21 17:12:53 - [MESSAGE][PASSED] - Delayed 2 second(s)

2022-09-21 17:12:53 - [TEST_STEP][PASSED] - click(findTestObject("06-Teams/For 2FA/button_Confirm_2FA")): Object: 'Object Repository/06-Teams/For 2FA/button_Confirm_2FA' is clicked on

2022-09-21 17:12:53 - [MESSAGE][PASSED] - Object: 'Object Repository/06-Teams/For 2FA/button_Confirm_2FA' is clicked on

2022-09-21 17:12:53 - [TEST_STEP][PASSED] - executeJavaScript("window.open();", []): Execute JavaScript 'window.open();' successfully

2022-09-21 17:12:53 - [MESSAGE][PASSED] - Execute JavaScript 'window.open();' successfully

2022-09-21 17:12:53 - [TEST_STEP][PASSED] - currentWindow = getWindowIndex(): Current window's index is: 0

2022-09-21 17:12:53 - [MESSAGE][PASSED] - Current window's index is: 0

2022-09-21 17:12:53 - [TEST_STEP][PASSED] - delay(3): Delayed 3 second(s)

2022-09-21 17:12:56 - [MESSAGE][PASSED] - Delayed 3 second(s)

2022-09-21 17:12:56 - [TEST_STEP][PASSED] - switchToWindowIndex(currentWindow + 1): Switched to window with index: '1'

2022-09-21 17:12:56 - [MESSAGE][PASSED] - Switched to window with index: '1'

2022-09-21 17:12:56 - [TEST_STEP][PASSED] - navigateToUrl("https://www.mailinator.com/"): Navigate to 'https://www.mailinator.com/' successfully

2022-09-21 17:12:59 - [MESSAGE][PASSED] - Navigate to 'https://www.mailinator.com/' successfully

2022-09-21 17:12:59 - [TEST_STEP][PASSED] - delay(3): Delayed 3 second(s)

2022-09-21 17:13:02 - [MESSAGE][PASSED] - Delayed 3 second(s)

2022-09-21 17:13:02 - [TEST_STEP][PASSED] - setText(findTestObject("00-Signup and Activation/zMailinator/input_LOGIN_search"), "testuser02@mailinator.com"): Text 'testuser02@mailinator.com' is set on object 'Object Repository/00-Signup and Activation/zMailinator/input_LOGIN_search'

2022-09-21 17:13:03 - [MESSAGE][PASSED] - Text 'testuser02@mailinator.com' is set on object 'Object Repository/00-Signup and Activation/zMailinator/input_LOGIN_search'

2022-09-21 17:13:03 - [TEST_STEP][PASSED] - click(findTestObject("00-Signup and Activation/zMailinator/gobutton"), STOP_ON_FAILURE): Object: 'Object Repository/00-Signup and Activation/zMailinator/gobutton' is clicked on

2022-09-21 17:13:05 - [MESSAGE][PASSED] - Object: 'Object Repository/00-Signup and Activation/zMailinator/gobutton' is clicked on

2022-09-21 17:13:05 - [TEST_STEP][PASSED] - delay(3): Delayed 3 second(s)

2022-09-21 17:13:08 - [MESSAGE][PASSED] - Delayed 3 second(s)

2022-09-21 17:13:08 - [TEST_STEP][PASSED] - click(findTestObject("00-Signup and Activation/zMailinator/Email - everleagues")): Object: 'Object Repository/00-Signup and Activation/zMailinator/Email - everleagues' is clicked on

2022-09-21 17:13:08 - [MESSAGE][PASSED] - Object: 'Object Repository/00-Signup and Activation/zMailinator/Email - everleagues' is clicked on

2022-09-21 17:13:08 - [TEST_STEP][PASSED] - delay(3): Delayed 3 second(s)

2022-09-21 17:13:11 - [MESSAGE][PASSED] - Delayed 3 second(s)

2022-09-21 17:13:11 - [TEST_STEP][PASSED] - code = getText(findTestObject("Object Repository/06-Teams/For 2FA/2FA code")): Text of object 'Object Repository/06-Teams/For 2FA/2FA code' is: '699742'

2022-09-21 17:13:11 - [MESSAGE][PASSED] - Text of object 'Object Repository/06-Teams/For 2FA/2FA code' is: '699742'

2022-09-21 17:13:11 - [TEST_STEP][PASSED] - delay(3): Delayed 3 second(s)

2022-09-21 17:13:14 - [MESSAGE][PASSED] - Delayed 3 second(s)

2022-09-21 17:13:14 - [TEST_STEP][PASSED] - closeWindowTitle("Mailinator"): Window with title: 'Mailinator' is closed

2022-09-21 17:13:15 - [MESSAGE][PASSED] - Window with title: 'Mailinator' is closed

2022-09-21 17:13:15 - [TEST_STEP][PASSED] - delay(3): Delayed 3 second(s)

2022-09-21 17:13:18 - [MESSAGE][PASSED] - Delayed 3 second(s)

2022-09-21 17:13:18 - [TEST_STEP][PASSED] - switchToWindowIndex(0): Switched to window with index: '0'

2022-09-21 17:13:18 - [MESSAGE][PASSED] - Switched to window with index: '0'

2022-09-21 17:13:18 - [TEST_STEP][PASSED] - delay(3): Delayed 3 second(s)

2022-09-21 17:13:21 - [MESSAGE][PASSED] - Delayed 3 second(s)

2022-09-21 17:13:21 - [TEST_STEP][PASSED] - setText(findTestObject("Object Repository/06-Teams/For 2FA/input_Enter verification code_code"), code): Text '699742' is set on object 'Object Repository/06-Teams/For 2FA/input_Enter verification code_code'

2022-09-21 17:13:21 - [MESSAGE][PASSED] - Text '699742' is set on object 'Object Repository/06-Teams/For 2FA/input_Enter verification code_code'

2022-09-21 17:13:21 - [TEST_STEP][PASSED] - delay(3): Delayed 3 second(s)

2022-09-21 17:13:24 - [MESSAGE][PASSED] - Delayed 3 second(s)

2022-09-21 17:13:24 - [TEST_STEP][PASSED] - click(findTestObject("06-Teams/For 2FA/button_Verify_2FA")): Object: 'Object Repository/06-Teams/For 2FA/button_Verify_2FA' is clicked on

2022-09-21 17:13:25 - [MESSAGE][PASSED] - Object: 'Object Repository/06-Teams/For 2FA/button_Verify_2FA' is clicked on

2022-09-21 17:13:25 - [TEST_STEP][PASSED] - delay(5): Delayed 5 second(s)

2022-09-21 17:13:30 - [MESSAGE][PASSED] - Delayed 5 second(s)

2022-09-21 17:13:30 - [TEST_STEP][PASSED] - click(findTestObject("06-Teams/button_doublearrow")): Object: 'Object Repository/06-Teams/button_doublearrow' is clicked on

2022-09-21 17:13:31 - [MESSAGE][PASSED] - Object: 'Object Repository/06-Teams/button_doublearrow' is clicked on

2022-09-21 17:13:31 - [TEST_STEP][PASSED] - click(findTestObject("06-Teams/button_My Organizations")): Object: 'Object Repository/06-Teams/button_My Organizations' is clicked on

2022-09-21 17:13:32 - [MESSAGE][PASSED] - Object: 'Object Repository/06-Teams/button_My Organizations' is clicked on

2022-09-21 17:13:32 - [TEST_STEP][PASSED] - click(findTestObject("06-Teams/button_GG Automation")): Object: 'Object Repository/06-Teams/button_GG Automation' is clicked on

2022-09-21 17:13:33 - [MESSAGE][PASSED] - Object: 'Object Repository/06-Teams/button_GG Automation' is clicked on

2022-09-21 17:13:33 - [TEST_STEP][PASSED] - delay(4): Delayed 4 second(s)

2022-09-21 17:13:37 - [MESSAGE][PASSED] - Delayed 4 second(s)

2022-09-21 17:13:37 - [TEST_STEP][PASSED] - verifyElementVisible(findTestObject("06-Teams/span_GG Automation")): Object 'Object Repository/06-Teams/span_GG Automation' is visible

2022-09-21 17:13:37 - [MESSAGE][PASSED] - Object 'Object Repository/06-Teams/span_GG Automation' is visible

2022-09-21 17:13:37 - [TEST_STEP][PASSED] - delay(10): Delayed 10 second(s)

2022-09-21 17:13:47 - [MESSAGE][PASSED] - Delayed 10 second(s)

2022-09-21 17:13:47 - [TEST_STEP][PASSED] - click(findTestObject("03-Header Menu/Hamburger Button/div_Settings")): Object: 'Object Repository/03-Header Menu/Hamburger Button/div_Settings' is clicked on

2022-09-21 17:13:47 - [MESSAGE][PASSED] - Object: 'Object Repository/03-Header Menu/Hamburger Button/div_Settings' is clicked on

2022-09-21 17:13:47 - [TEST_STEP][PASSED] - delay(3): Delayed 3 second(s)

2022-09-21 17:13:50 - [MESSAGE][PASSED] - Delayed 3 second(s)

2022-09-21 17:13:50 - [TEST_STEP][PASSED] - click(findTestObject("09-Settings/Users/div_Users")): Object: 'Object Repository/09-Settings/Users/div_Users' is clicked on

2022-09-21 17:13:51 - [MESSAGE][PASSED] - Object: 'Object Repository/09-Settings/Users/div_Users' is clicked on

2022-09-21 17:13:51 - [TEST_STEP][PASSED] - delay(3): Delayed 3 second(s)

2022-09-21 17:13:54 - [MESSAGE][PASSED] - Delayed 3 second(s)

2022-09-21 17:13:54 - [TEST_STEP][PASSED] - click(findTestObject("09-Settings/Users/button_add")): Object: 'Object Repository/09-Settings/Users/button_add' is clicked on

2022-09-21 17:13:54 - [MESSAGE][PASSED] - Object: 'Object Repository/09-Settings/Users/button_add' is clicked on

2022-09-21 17:13:54 - [TEST_STEP][PASSED] - delay(3): Delayed 3 second(s)

2022-09-21 17:13:57 - [MESSAGE][PASSED] - Delayed 3 second(s)

2022-09-21 17:13:57 - [TEST_STEP][PASSED] - click(findTestObject("09-Settings/Users/add Invite a single user")): Object: 'Object Repository/09-Settings/Users/add Invite a single user' is clicked on

2022-09-21 17:13:58 - [MESSAGE][PASSED] - Object: 'Object Repository/09-Settings/Users/add Invite a single user' is clicked on

2022-09-21 17:13:58 - [TEST_STEP][PASSED] - delay(3): Delayed 3 second(s)

2022-09-21 17:14:01 - [MESSAGE][PASSED] - Delayed 3 second(s)

2022-09-21 17:14:01 - [TEST_STEP][PASSED] - setText(findTestObject("09-Settings/Users/input_email"), "autotester09@mailinator.com"): Text 'autotester09@mailinator.com' is set on object 'Object Repository/09-Settings/Users/input_email'

2022-09-21 17:14:02 - [MESSAGE][PASSED] - Text 'autotester09@mailinator.com' is set on object 'Object Repository/09-Settings/Users/input_email'

2022-09-21 17:14:02 - [TEST_STEP][PASSED] - setText(findTestObject("09-Settings/Users/input_firstName"), "GG"): Text 'GG' is set on object 'Object Repository/09-Settings/Users/input_firstName'

2022-09-21 17:14:02 - [MESSAGE][PASSED] - Text 'GG' is set on object 'Object Repository/09-Settings/Users/input_firstName'

2022-09-21 17:14:02 - [TEST_STEP][PASSED] - setText(findTestObject("09-Settings/Users/input_lastName"), "Client"): Text 'Client' is set on object 'Object Repository/09-Settings/Users/input_lastName'

2022-09-21 17:14:03 - [MESSAGE][PASSED] - Text 'Client' is set on object 'Object Repository/09-Settings/Users/input_lastName'

2022-09-21 17:14:03 - [TEST_STEP][PASSED] - click(findTestObject("09-Settings/Users/span_Role")): Object: 'Object Repository/09-Settings/Users/span_Role' is clicked on

2022-09-21 17:14:04 - [MESSAGE][PASSED] - Object: 'Object Repository/09-Settings/Users/span_Role' is clicked on

2022-09-21 17:14:04 - [TEST_STEP][PASSED] - click(findTestObject("09-Settings/Users/span_Client")): Object: 'Object Repository/09-Settings/Users/span_Client' is clicked on

2022-09-21 17:14:04 - [MESSAGE][PASSED] - Object: 'Object Repository/09-Settings/Users/span_Client' is clicked on

2022-09-21 17:14:04 - [TEST_STEP][PASSED] - click(findTestObject("09-Settings/Users/button_Send Invitation")): Object: 'Object Repository/09-Settings/Users/button_Send Invitation' is clicked on

2022-09-21 17:14:05 - [MESSAGE][PASSED] - Object: 'Object Repository/09-Settings/Users/button_Send Invitation' is clicked on

2022-09-21 17:14:05 - [TEST_STEP][PASSED] - delay(2): Delayed 2 second(s)

2022-09-21 17:14:07 - [MESSAGE][PASSED] - Delayed 2 second(s)

2022-09-21 17:14:07 - [TEST_STEP][PASSED] - verifyElementVisible(findTestObject("07-Directory/Connections/zContact Profile/Successfully invited user")): Object 'Object Repository/07-Directory/Connections/zContact Profile/Successfully invited user' is visible

2022-09-21 17:14:09 - [MESSAGE][PASSED] - Object 'Object Repository/07-Directory/Connections/zContact Profile/Successfully invited user' is visible

2022-09-21 17:14:09 - [TEST_STEP][PASSED] - delay(2): Delayed 2 second(s)

2022-09-21 17:14:11 - [MESSAGE][PASSED] - Delayed 2 second(s)

2022-09-21 17:14:11 - [TEST_STEP][PASSED] - click(findTestObject("01-Login and Forgot Password/User menu drop")): Object: 'Object Repository/01-Login and Forgot Password/User menu drop' is clicked on

2022-09-21 17:14:11 - [MESSAGE][PASSED] - Object: 'Object Repository/01-Login and Forgot Password/User menu drop' is clicked on

2022-09-21 17:14:11 - [TEST_STEP][PASSED] - delay(2): Delayed 2 second(s)

2022-09-21 17:14:13 - [MESSAGE][PASSED] - Delayed 2 second(s)

2022-09-21 17:14:13 - [TEST_STEP][PASSED] - click(findTestObject("01-Login and Forgot Password/h4_Sign Out"), STOP_ON_FAILURE): Object: 'Object Repository/01-Login and Forgot Password/h4_Sign Out' is clicked on

2022-09-21 17:14:13 - [MESSAGE][PASSED] - Object: 'Object Repository/01-Login and Forgot Password/h4_Sign Out' is clicked on

2022-09-21 17:14:13 - [TEST_STEP][PASSED] - delay(2): Delayed 2 second(s)

2022-09-21 17:14:15 - [MESSAGE][PASSED] - Delayed 2 second(s)

2022-09-21 17:14:15 - [TEST_STEP][PASSED] - verifyElementPresent(findTestObject("01-Login and Forgot Password/Login_Card"), 0): Object 'Object Repository/01-Login and Forgot Password/Login_Card' is present

2022-09-21 17:14:15 - [MESSAGE][WARNING] - Timeout '0' is invalid. Using default page load timeout: '30'

2022-09-21 17:14:16 - [MESSAGE][PASSED] - Object 'Object Repository/01-Login and Forgot Password/Login_Card' is present

2022-09-21 17:14:16 - [TEST_STEP][PASSED] - delay(3): Delayed 3 second(s)

2022-09-21 17:14:19 - [MESSAGE][PASSED] - Delayed 3 second(s)

2022-09-21 17:14:19 - [TEST_STEP][PASSED] - closeBrowser(): Browser is closed

2022-09-21 17:14:19 - [MESSAGE][PASSED] - Browser is closed

2022-09-21 17:14:19 - [TEST_STEP][PASSED] - openBrowser(""): Browser is opened with url: ''

2022-09-21 17:14:19 - [MESSAGE][INFO] - Starting 'Chrome' driver

2022-09-21 17:14:19 - [MESSAGE][INFO] - Action delay is set to 0 milliseconds

2022-09-21 17:14:21 - [MESSAGE][PASSED] - Browser is opened with url: ''

2022-09-21 17:14:21 - [TEST_STEP][PASSED] - navigateToUrl("https://lab.everleagues.com/"): Navigate to 'https://lab.everleagues.com/' successfully

2022-09-21 17:14:58 - [MESSAGE][PASSED] - Navigate to 'https://lab.everleagues.com/' successfully

2022-09-21 17:14:58 - [TEST_STEP][PASSED] - maximizeWindow(): Current window maximized

2022-09-21 17:14:58 - [MESSAGE][PASSED] - Current window maximized

2022-09-21 17:14:58 - [TEST_STEP][PASSED] - setText(findTestObject("02-Side Icons(Organization)/Add Contact/Email Field"), "autotester09@mailinator.com"): Text 'autotester09@mailinator.com' is set on object 'Object Repository/02-Side Icons(Organization)/Add Contact/Email Field'

2022-09-21 17:14:59 - [MESSAGE][PASSED] - Text 'autotester09@mailinator.com' is set on object 'Object Repository/02-Side Icons(Organization)/Add Contact/Email Field'

2022-09-21 17:14:59 - [TEST_STEP][PASSED] - setEncryptedText(findTestObject("02-Side Icons(Organization)/Add Contact/Password Field"), "8yFRyszE6U6jvsCn51OQbg=="): Text ****** has been set on object 'Object Repository/02-Side Icons(Organization)/Add Contact/Password Field'

2022-09-21 17:14:59 - [MESSAGE][PASSED] - Text ****** has been set on object 'Object Repository/02-Side Icons(Organization)/Add Contact/Password Field'

2022-09-21 17:14:59 - [TEST_STEP][PASSED] - click(findTestObject("02-Side Icons(Organization)/Add Contact/button_Sign in")): Object: 'Object Repository/02-Side Icons(Organization)/Add Contact/button_Sign in' is clicked on

2022-09-21 17:15:00 - [MESSAGE][PASSED] - Object: 'Object Repository/02-Side Icons(Organization)/Add Contact/button_Sign in' is clicked on

2022-09-21 17:15:00 - [TEST_STEP][PASSED] - delay(2): Delayed 2 second(s)

2022-09-21 17:15:02 - [MESSAGE][PASSED] - Delayed 2 second(s)

2022-09-21 17:15:02 - [TEST_STEP][PASSED] - click(findTestObject("06-Teams/For 2FA/button_Confirm_2FA")): Object: 'Object Repository/06-Teams/For 2FA/button_Confirm_2FA' is clicked on

2022-09-21 17:15:02 - [MESSAGE][PASSED] - Object: 'Object Repository/06-Teams/For 2FA/button_Confirm_2FA' is clicked on

2022-09-21 17:15:02 - [TEST_STEP][PASSED] - executeJavaScript("window.open();", []): Execute JavaScript 'window.open();' successfully

2022-09-21 17:15:02 - [MESSAGE][PASSED] - Execute JavaScript 'window.open();' successfully

2022-09-21 17:15:02 - [TEST_STEP][PASSED] - currentWindow = getWindowIndex(): Current window's index is: 0

2022-09-21 17:15:02 - [MESSAGE][PASSED] - Current window's index is: 0

2022-09-21 17:15:02 - [TEST_STEP][PASSED] - delay(3): Delayed 3 second(s)

2022-09-21 17:15:05 - [MESSAGE][PASSED] - Delayed 3 second(s)

2022-09-21 17:15:05 - [TEST_STEP][PASSED] - switchToWindowIndex(currentWindow + 1): Switched to window with index: '1'

2022-09-21 17:15:05 - [MESSAGE][PASSED] - Switched to window with index: '1'

2022-09-21 17:15:05 - [TEST_STEP][PASSED] - navigateToUrl("https://www.mailinator.com/"): Navigate to 'https://www.mailinator.com/' successfully

2022-09-21 17:15:07 - [MESSAGE][PASSED] - Navigate to 'https://www.mailinator.com/' successfully

2022-09-21 17:15:07 - [TEST_STEP][PASSED] - delay(3): Delayed 3 second(s)

2022-09-21 17:15:10 - [MESSAGE][PASSED] - Delayed 3 second(s)

2022-09-21 17:15:10 - [TEST_STEP][PASSED] - setText(findTestObject("00-Signup and Activation/zMailinator/input_LOGIN_search"), "autotester09@mailinator.com"): Text 'autotester09@mailinator.com' is set on object 'Object Repository/00-Signup and Activation/zMailinator/input_LOGIN_search'

2022-09-21 17:15:11 - [MESSAGE][PASSED] - Text 'autotester09@mailinator.com' is set on object 'Object Repository/00-Signup and Activation/zMailinator/input_LOGIN_search'

2022-09-21 17:15:11 - [TEST_STEP][PASSED] - click(findTestObject("00-Signup and Activation/zMailinator/gobutton"), STOP_ON_FAILURE): Object: 'Object Repository/00-Signup and Activation/zMailinator/gobutton' is clicked on

2022-09-21 17:15:12 - [MESSAGE][PASSED] - Object: 'Object Repository/00-Signup and Activation/zMailinator/gobutton' is clicked on

2022-09-21 17:15:12 - [TEST_STEP][PASSED] - delay(3): Delayed 3 second(s)

2022-09-21 17:15:15 - [MESSAGE][PASSED] - Delayed 3 second(s)

2022-09-21 17:15:15 - [TEST_STEP][PASSED] - click(findTestObject("00-Signup and Activation/zMailinator/Email - everleagues")): Object: 'Object Repository/00-Signup and Activation/zMailinator/Email - everleagues' is clicked on

2022-09-21 17:15:16 - [MESSAGE][PASSED] - Object: 'Object Repository/00-Signup and Activation/zMailinator/Email - everleagues' is clicked on

2022-09-21 17:15:16 - [TEST_STEP][PASSED] - delay(3): Delayed 3 second(s)

2022-09-21 17:15:19 - [MESSAGE][PASSED] - Delayed 3 second(s)

2022-09-21 17:15:19 - [TEST_STEP][PASSED] - codetwo = getText(findTestObject("Object Repository/06-Teams/For 2FA/2FA code")): Text of object 'Object Repository/06-Teams/For 2FA/2FA code' is: '414010'

2022-09-21 17:15:19 - [MESSAGE][PASSED] - Text of object 'Object Repository/06-Teams/For 2FA/2FA code' is: '414010'

2022-09-21 17:15:19 - [TEST_STEP][PASSED] - delay(3): Delayed 3 second(s)

2022-09-21 17:15:22 - [MESSAGE][PASSED] - Delayed 3 second(s)

2022-09-21 17:15:22 - [TEST_STEP][PASSED] - closeWindowTitle("Mailinator"): Window with title: 'Mailinator' is closed

2022-09-21 17:15:22 - [MESSAGE][PASSED] - Window with title: 'Mailinator' is closed

2022-09-21 17:15:22 - [TEST_STEP][PASSED] - delay(3): Delayed 3 second(s)

2022-09-21 17:15:25 - [MESSAGE][PASSED] - Delayed 3 second(s)

2022-09-21 17:15:25 - [TEST_STEP][PASSED] - switchToWindowIndex(0): Switched to window with index: '0'

2022-09-21 17:15:25 - [MESSAGE][PASSED] - Switched to window with index: '0'

2022-09-21 17:15:25 - [TEST_STEP][PASSED] - delay(3): Delayed 3 second(s)

2022-09-21 17:15:28 - [MESSAGE][PASSED] - Delayed 3 second(s)

2022-09-21 17:15:28 - [TEST_STEP][PASSED] - setText(findTestObject("Object Repository/06-Teams/For 2FA/input_Enter verification code_code"), codetwo): Text '414010' is set on object 'Object Repository/06-Teams/For 2FA/input_Enter verification code_code'

2022-09-21 17:15:29 - [MESSAGE][PASSED] - Text '414010' is set on object 'Object Repository/06-Teams/For 2FA/input_Enter verification code_code'

2022-09-21 17:15:29 - [TEST_STEP][PASSED] - delay(3): Delayed 3 second(s)

2022-09-21 17:15:32 - [MESSAGE][PASSED] - Delayed 3 second(s)

2022-09-21 17:15:32 - [TEST_STEP][PASSED] - click(findTestObject("06-Teams/For 2FA/button_Verify_2FA")): Object: 'Object Repository/06-Teams/For 2FA/button_Verify_2FA' is clicked on

2022-09-21 17:15:33 - [MESSAGE][PASSED] - Object: 'Object Repository/06-Teams/For 2FA/button_Verify_2FA' is clicked on

2022-09-21 17:15:33 - [TEST_STEP][PASSED] - delay(5): Delayed 5 second(s)

2022-09-21 17:15:38 - [MESSAGE][PASSED] - Delayed 5 second(s)

2022-09-21 17:15:38 - [TEST_STEP][PASSED] - executeJavaScript("window.open();", []): Execute JavaScript 'window.open();' successfully

2022-09-21 17:15:38 - [MESSAGE][PASSED] - Execute JavaScript 'window.open();' successfully

2022-09-21 17:15:38 - [TEST_STEP][PASSED] - currentWindow = getWindowIndex(): Current window's index is: 0

2022-09-21 17:15:38 - [MESSAGE][PASSED] - Current window's index is: 0

2022-09-21 17:15:38 - [TEST_STEP][PASSED] - delay(3): Delayed 3 second(s)

2022-09-21 17:15:41 - [MESSAGE][PASSED] - Delayed 3 second(s)

2022-09-21 17:15:41 - [TEST_STEP][PASSED] - switchToWindowIndex(currentWindow + 1): Switched to window with index: '1'

2022-09-21 17:15:41 - [MESSAGE][PASSED] - Switched to window with index: '1'

2022-09-21 17:15:41 - [TEST_STEP][PASSED] - navigateToUrl("https://www.mailinator.com/"): Navigate to 'https://www.mailinator.com/' successfully

2022-09-21 17:15:42 - [MESSAGE][PASSED] - Navigate to 'https://www.mailinator.com/' successfully

2022-09-21 17:15:42 - [TEST_STEP][PASSED] - delay(3): Delayed 3 second(s)

2022-09-21 17:15:45 - [MESSAGE][PASSED] - Delayed 3 second(s)

2022-09-21 17:15:45 - [TEST_STEP][PASSED] - setText(findTestObject("00-Signup and Activation/zMailinator/input_LOGIN_search"), "autotester09@mailinator.com"): Text 'autotester09@mailinator.com' is set on object 'Object Repository/00-Signup and Activation/zMailinator/input_LOGIN_search'

2022-09-21 17:15:46 - [MESSAGE][PASSED] - Text 'autotester09@mailinator.com' is set on object 'Object Repository/00-Signup and Activation/zMailinator/input_LOGIN_search'

2022-09-21 17:15:46 - [TEST_STEP][PASSED] - click(findTestObject("00-Signup and Activation/zMailinator/gobutton"), STOP_ON_FAILURE): Object: 'Object Repository/00-Signup and Activation/zMailinator/gobutton' is clicked on

2022-09-21 17:15:47 - [MESSAGE][PASSED] - Object: 'Object Repository/00-Signup and Activation/zMailinator/gobutton' is clicked on

2022-09-21 17:15:47 - [TEST_STEP][PASSED] - delay(3): Delayed 3 second(s)

2022-09-21 17:15:50 - [MESSAGE][PASSED] - Delayed 3 second(s)

2022-09-21 17:15:50 - [TEST_STEP][PASSED] - closeWindowTitle("Everleagues"): Window with title: 'Everleagues' is closed

2022-09-21 17:15:50 - [MESSAGE][PASSED] - Window with title: 'Everleagues' is closed

2022-09-21 17:15:50 - [TEST_STEP][PASSED] - switchToWindowIndex(0): Switched to window with index: '0'

2022-09-21 17:15:50 - [MESSAGE][PASSED] - Switched to window with index: '0'

2022-09-21 17:15:50 - [TEST_STEP][PASSED] - click(findTestObject("09-Settings/Users/Co worker/td_Invitation from GG Automation")): Object: 'Object Repository/09-Settings/Users/Co worker/td_Invitation from GG Automation' is clicked on

2022-09-21 17:15:50 - [MESSAGE][PASSED] - Object: 'Object Repository/09-Settings/Users/Co worker/td_Invitation from GG Automation' is clicked on

2022-09-21 17:15:50 - [TEST_STEP][PASSED] - click(findTestObject("09-Settings/Users/Co worker/a_Click here to join GG Automation on EverLeagues")): Object: 'Object Repository/09-Settings/Users/Co worker/a_Click here to join GG Automation on EverLeagues' is clicked on

2022-09-21 17:15:51 - [MESSAGE][PASSED] - Object: 'Object Repository/09-Settings/Users/Co worker/a_Click here to join GG Automation on EverLeagues' is clicked on

2022-09-21 17:15:51 - [TEST_STEP][PASSED] - closeWindowTitle("Mailinator"): Window with title: 'Mailinator' is closed

2022-09-21 17:15:52 - [MESSAGE][PASSED] - Window with title: 'Mailinator' is closed

2022-09-21 17:15:52 - [TEST_STEP][PASSED] - switchToWindowIndex(0): Switched to window with index: '0'

2022-09-21 17:15:52 - [MESSAGE][PASSED] - Switched to window with index: '0'

2022-09-21 17:15:52 - [TEST_STEP][PASSED] - verifyElementVisible(findTestObject("09-Settings/Users/Client/Invite modal")): Object 'Object Repository/09-Settings/Users/Client/Invite modal' is visible

2022-09-21 17:15:57 - [MESSAGE][PASSED] - Object 'Object Repository/09-Settings/Users/Client/Invite modal' is visible

2022-09-21 17:15:57 - [TEST_STEP][PASSED] - setText(findTestObject("09-Settings/Users/Client/Company field"), "QA Company"): Text 'QA Company' is set on object 'Object Repository/09-Settings/Users/Client/Company field'

2022-09-21 17:15:58 - [MESSAGE][PASSED] - Text 'QA Company' is set on object 'Object Repository/09-Settings/Users/Client/Company field'

2022-09-21 17:15:58 - [TEST_STEP][PASSED] - click(findTestObject("09-Settings/Users/Client/button_Accept")): Object: 'Object Repository/09-Settings/Users/Client/button_Accept' is clicked on

2022-09-21 17:15:59 - [MESSAGE][PASSED] - Object: 'Object Repository/09-Settings/Users/Client/button_Accept' is clicked on

2022-09-21 17:15:59 - [TEST_STEP][PASSED] - delay(10): Delayed 10 second(s)

2022-09-21 17:16:09 - [MESSAGE][PASSED] - Delayed 10 second(s)

2022-09-21 17:16:09 - [TEST_STEP][PASSED] - verifyElementVisible(findTestObject("09-Settings/Users/Client/div_Joined as CLIENT")): Object 'Object Repository/09-Settings/Users/Client/div_Joined as CLIENT' is visible

2022-09-21 17:16:09 - [MESSAGE][PASSED] - Object 'Object Repository/09-Settings/Users/Client/div_Joined as CLIENT' is visible

2022-09-21 17:16:09 - [TEST_STEP][PASSED] - delay(3): Delayed 3 second(s)

2022-09-21 17:16:12 - [MESSAGE][PASSED] - Delayed 3 second(s)

2022-09-21 17:16:12 - [TEST_STEP][PASSED] - closeBrowser(): Browser is closed

2022-09-21 17:16:13 - [MESSAGE][PASSED] - Browser is closed]]></system-out>
         <system-err><![CDATA[]]></system-err>
      </testcase>
      <testcase name="Test Cases/09-Settings/04 - Users (Invite new user as partner)" time="209.838" classname="Test Cases/09-Settings/04 - Users (Invite new user as partner)" status="PASSED">
         <system-out><![CDATA[2022-09-21 17:16:13 - [TEST_CASE][PASSED] - Test Cases/09-Settings/04 - Users (Invite new user as partner): Test Cases/09-Settings/04 - Users (Invite new user as partner)

2022-09-21 17:16:13 - [TEST_STEP][PASSED] - openBrowser(""): Browser is opened with url: ''

2022-09-21 17:16:13 - [MESSAGE][INFO] - Starting 'Chrome' driver

2022-09-21 17:16:13 - [MESSAGE][INFO] - Action delay is set to 0 milliseconds

2022-09-21 17:16:14 - [MESSAGE][PASSED] - Browser is opened with url: ''

2022-09-21 17:16:14 - [TEST_STEP][PASSED] - navigateToUrl("https://lab.everleagues.com/"): Navigate to 'https://lab.everleagues.com/' successfully

2022-09-21 17:16:26 - [MESSAGE][PASSED] - Navigate to 'https://lab.everleagues.com/' successfully

2022-09-21 17:16:26 - [TEST_STEP][PASSED] - maximizeWindow(): Current window maximized

2022-09-21 17:16:26 - [MESSAGE][PASSED] - Current window maximized

2022-09-21 17:16:26 - [TEST_STEP][PASSED] - setText(findTestObject("02-Side Icons(Organization)/Add Contact/Email Field"), "testuser02@mailinator.com"): Text 'testuser02@mailinator.com' is set on object 'Object Repository/02-Side Icons(Organization)/Add Contact/Email Field'

2022-09-21 17:16:27 - [MESSAGE][PASSED] - Text 'testuser02@mailinator.com' is set on object 'Object Repository/02-Side Icons(Organization)/Add Contact/Email Field'

2022-09-21 17:16:27 - [TEST_STEP][PASSED] - setEncryptedText(findTestObject("02-Side Icons(Organization)/Add Contact/Password Field"), "8yFRyszE6U6jvsCn51OQbg=="): Text ****** has been set on object 'Object Repository/02-Side Icons(Organization)/Add Contact/Password Field'

2022-09-21 17:16:27 - [MESSAGE][PASSED] - Text ****** has been set on object 'Object Repository/02-Side Icons(Organization)/Add Contact/Password Field'

2022-09-21 17:16:27 - [TEST_STEP][PASSED] - click(findTestObject("02-Side Icons(Organization)/Add Contact/button_Sign in")): Object: 'Object Repository/02-Side Icons(Organization)/Add Contact/button_Sign in' is clicked on

2022-09-21 17:16:28 - [MESSAGE][PASSED] - Object: 'Object Repository/02-Side Icons(Organization)/Add Contact/button_Sign in' is clicked on

2022-09-21 17:16:28 - [TEST_STEP][PASSED] - delay(2): Delayed 2 second(s)

2022-09-21 17:16:30 - [MESSAGE][PASSED] - Delayed 2 second(s)

2022-09-21 17:16:30 - [TEST_STEP][PASSED] - click(findTestObject("06-Teams/For 2FA/button_Confirm_2FA")): Object: 'Object Repository/06-Teams/For 2FA/button_Confirm_2FA' is clicked on

2022-09-21 17:16:30 - [MESSAGE][PASSED] - Object: 'Object Repository/06-Teams/For 2FA/button_Confirm_2FA' is clicked on

2022-09-21 17:16:30 - [TEST_STEP][PASSED] - executeJavaScript("window.open();", []): Execute JavaScript 'window.open();' successfully

2022-09-21 17:16:30 - [MESSAGE][PASSED] - Execute JavaScript 'window.open();' successfully

2022-09-21 17:16:30 - [TEST_STEP][PASSED] - currentWindow = getWindowIndex(): Current window's index is: 0

2022-09-21 17:16:30 - [MESSAGE][PASSED] - Current window's index is: 0

2022-09-21 17:16:30 - [TEST_STEP][PASSED] - delay(3): Delayed 3 second(s)

2022-09-21 17:16:34 - [MESSAGE][PASSED] - Delayed 3 second(s)

2022-09-21 17:16:34 - [TEST_STEP][PASSED] - switchToWindowIndex(currentWindow + 1): Switched to window with index: '1'

2022-09-21 17:16:34 - [MESSAGE][PASSED] - Switched to window with index: '1'

2022-09-21 17:16:34 - [TEST_STEP][PASSED] - navigateToUrl("https://www.mailinator.com/"): Navigate to 'https://www.mailinator.com/' successfully

2022-09-21 17:16:35 - [MESSAGE][PASSED] - Navigate to 'https://www.mailinator.com/' successfully

2022-09-21 17:16:35 - [TEST_STEP][PASSED] - delay(3): Delayed 3 second(s)

2022-09-21 17:16:38 - [MESSAGE][PASSED] - Delayed 3 second(s)

2022-09-21 17:16:38 - [TEST_STEP][PASSED] - setText(findTestObject("00-Signup and Activation/zMailinator/input_LOGIN_search"), "testuser02@mailinator.com"): Text 'testuser02@mailinator.com' is set on object 'Object Repository/00-Signup and Activation/zMailinator/input_LOGIN_search'

2022-09-21 17:16:39 - [MESSAGE][PASSED] - Text 'testuser02@mailinator.com' is set on object 'Object Repository/00-Signup and Activation/zMailinator/input_LOGIN_search'

2022-09-21 17:16:39 - [TEST_STEP][PASSED] - click(findTestObject("00-Signup and Activation/zMailinator/gobutton"), STOP_ON_FAILURE): Object: 'Object Repository/00-Signup and Activation/zMailinator/gobutton' is clicked on

2022-09-21 17:16:41 - [MESSAGE][PASSED] - Object: 'Object Repository/00-Signup and Activation/zMailinator/gobutton' is clicked on

2022-09-21 17:16:41 - [TEST_STEP][PASSED] - delay(3): Delayed 3 second(s)

2022-09-21 17:16:44 - [MESSAGE][PASSED] - Delayed 3 second(s)

2022-09-21 17:16:44 - [TEST_STEP][PASSED] - click(findTestObject("00-Signup and Activation/zMailinator/Email - everleagues")): Object: 'Object Repository/00-Signup and Activation/zMailinator/Email - everleagues' is clicked on

2022-09-21 17:16:44 - [MESSAGE][PASSED] - Object: 'Object Repository/00-Signup and Activation/zMailinator/Email - everleagues' is clicked on

2022-09-21 17:16:44 - [TEST_STEP][PASSED] - delay(3): Delayed 3 second(s)

2022-09-21 17:16:47 - [MESSAGE][PASSED] - Delayed 3 second(s)

2022-09-21 17:16:47 - [TEST_STEP][PASSED] - code = getText(findTestObject("Object Repository/06-Teams/For 2FA/2FA code")): Text of object 'Object Repository/06-Teams/For 2FA/2FA code' is: '496841'

2022-09-21 17:16:48 - [MESSAGE][PASSED] - Text of object 'Object Repository/06-Teams/For 2FA/2FA code' is: '496841'

2022-09-21 17:16:48 - [TEST_STEP][PASSED] - delay(3): Delayed 3 second(s)

2022-09-21 17:16:51 - [MESSAGE][PASSED] - Delayed 3 second(s)

2022-09-21 17:16:51 - [TEST_STEP][PASSED] - closeWindowTitle("Mailinator"): Window with title: 'Mailinator' is closed

2022-09-21 17:16:51 - [MESSAGE][PASSED] - Window with title: 'Mailinator' is closed

2022-09-21 17:16:51 - [TEST_STEP][PASSED] - delay(3): Delayed 3 second(s)

2022-09-21 17:16:54 - [MESSAGE][PASSED] - Delayed 3 second(s)

2022-09-21 17:16:54 - [TEST_STEP][PASSED] - switchToWindowIndex(0): Switched to window with index: '0'

2022-09-21 17:16:54 - [MESSAGE][PASSED] - Switched to window with index: '0'

2022-09-21 17:16:54 - [TEST_STEP][PASSED] - delay(3): Delayed 3 second(s)

2022-09-21 17:16:57 - [MESSAGE][PASSED] - Delayed 3 second(s)

2022-09-21 17:16:57 - [TEST_STEP][PASSED] - setText(findTestObject("Object Repository/06-Teams/For 2FA/input_Enter verification code_code"), code): Text '496841' is set on object 'Object Repository/06-Teams/For 2FA/input_Enter verification code_code'

2022-09-21 17:16:58 - [MESSAGE][PASSED] - Text '496841' is set on object 'Object Repository/06-Teams/For 2FA/input_Enter verification code_code'

2022-09-21 17:16:58 - [TEST_STEP][PASSED] - delay(3): Delayed 3 second(s)

2022-09-21 17:17:01 - [MESSAGE][PASSED] - Delayed 3 second(s)

2022-09-21 17:17:01 - [TEST_STEP][PASSED] - click(findTestObject("06-Teams/For 2FA/button_Verify_2FA")): Object: 'Object Repository/06-Teams/For 2FA/button_Verify_2FA' is clicked on

2022-09-21 17:17:01 - [MESSAGE][PASSED] - Object: 'Object Repository/06-Teams/For 2FA/button_Verify_2FA' is clicked on

2022-09-21 17:17:01 - [TEST_STEP][PASSED] - delay(5): Delayed 5 second(s)

2022-09-21 17:17:06 - [MESSAGE][PASSED] - Delayed 5 second(s)

2022-09-21 17:17:06 - [TEST_STEP][PASSED] - click(findTestObject("06-Teams/button_doublearrow")): Object: 'Object Repository/06-Teams/button_doublearrow' is clicked on

2022-09-21 17:17:07 - [MESSAGE][PASSED] - Object: 'Object Repository/06-Teams/button_doublearrow' is clicked on

2022-09-21 17:17:07 - [TEST_STEP][PASSED] - click(findTestObject("06-Teams/button_My Organizations")): Object: 'Object Repository/06-Teams/button_My Organizations' is clicked on

2022-09-21 17:17:08 - [MESSAGE][PASSED] - Object: 'Object Repository/06-Teams/button_My Organizations' is clicked on

2022-09-21 17:17:08 - [TEST_STEP][PASSED] - click(findTestObject("06-Teams/button_GG Automation")): Object: 'Object Repository/06-Teams/button_GG Automation' is clicked on

2022-09-21 17:17:08 - [MESSAGE][PASSED] - Object: 'Object Repository/06-Teams/button_GG Automation' is clicked on

2022-09-21 17:17:08 - [TEST_STEP][PASSED] - delay(4): Delayed 4 second(s)

2022-09-21 17:17:12 - [MESSAGE][PASSED] - Delayed 4 second(s)

2022-09-21 17:17:12 - [TEST_STEP][PASSED] - verifyElementVisible(findTestObject("06-Teams/span_GG Automation")): Object 'Object Repository/06-Teams/span_GG Automation' is visible

2022-09-21 17:17:13 - [MESSAGE][PASSED] - Object 'Object Repository/06-Teams/span_GG Automation' is visible

2022-09-21 17:17:13 - [TEST_STEP][PASSED] - delay(10): Delayed 10 second(s)

2022-09-21 17:17:23 - [MESSAGE][PASSED] - Delayed 10 second(s)

2022-09-21 17:17:23 - [TEST_STEP][PASSED] - click(findTestObject("03-Header Menu/Hamburger Button/div_Settings")): Object: 'Object Repository/03-Header Menu/Hamburger Button/div_Settings' is clicked on

2022-09-21 17:17:23 - [MESSAGE][PASSED] - Object: 'Object Repository/03-Header Menu/Hamburger Button/div_Settings' is clicked on

2022-09-21 17:17:23 - [TEST_STEP][PASSED] - delay(3): Delayed 3 second(s)

2022-09-21 17:17:26 - [MESSAGE][PASSED] - Delayed 3 second(s)

2022-09-21 17:17:26 - [TEST_STEP][PASSED] - click(findTestObject("09-Settings/Users/div_Users")): Object: 'Object Repository/09-Settings/Users/div_Users' is clicked on

2022-09-21 17:17:27 - [MESSAGE][PASSED] - Object: 'Object Repository/09-Settings/Users/div_Users' is clicked on

2022-09-21 17:17:27 - [TEST_STEP][PASSED] - delay(3): Delayed 3 second(s)

2022-09-21 17:17:30 - [MESSAGE][PASSED] - Delayed 3 second(s)

2022-09-21 17:17:30 - [TEST_STEP][PASSED] - click(findTestObject("09-Settings/Users/button_add")): Object: 'Object Repository/09-Settings/Users/button_add' is clicked on

2022-09-21 17:17:30 - [MESSAGE][PASSED] - Object: 'Object Repository/09-Settings/Users/button_add' is clicked on

2022-09-21 17:17:30 - [TEST_STEP][PASSED] - delay(3): Delayed 3 second(s)

2022-09-21 17:17:33 - [MESSAGE][PASSED] - Delayed 3 second(s)

2022-09-21 17:17:33 - [TEST_STEP][PASSED] - click(findTestObject("09-Settings/Users/add Invite a single user")): Object: 'Object Repository/09-Settings/Users/add Invite a single user' is clicked on

2022-09-21 17:17:34 - [MESSAGE][PASSED] - Object: 'Object Repository/09-Settings/Users/add Invite a single user' is clicked on

2022-09-21 17:17:34 - [TEST_STEP][PASSED] - delay(3): Delayed 3 second(s)

2022-09-21 17:17:37 - [MESSAGE][PASSED] - Delayed 3 second(s)

2022-09-21 17:17:37 - [TEST_STEP][PASSED] - setText(findTestObject("09-Settings/Users/input_email"), "autotester10@mailinator.com"): Text 'autotester10@mailinator.com' is set on object 'Object Repository/09-Settings/Users/input_email'

2022-09-21 17:17:38 - [MESSAGE][PASSED] - Text 'autotester10@mailinator.com' is set on object 'Object Repository/09-Settings/Users/input_email'

2022-09-21 17:17:38 - [TEST_STEP][PASSED] - setText(findTestObject("09-Settings/Users/input_firstName"), "GG"): Text 'GG' is set on object 'Object Repository/09-Settings/Users/input_firstName'

2022-09-21 17:17:38 - [MESSAGE][PASSED] - Text 'GG' is set on object 'Object Repository/09-Settings/Users/input_firstName'

2022-09-21 17:17:38 - [TEST_STEP][PASSED] - setText(findTestObject("09-Settings/Users/input_lastName"), "Partner"): Text 'Partner' is set on object 'Object Repository/09-Settings/Users/input_lastName'

2022-09-21 17:17:39 - [MESSAGE][PASSED] - Text 'Partner' is set on object 'Object Repository/09-Settings/Users/input_lastName'

2022-09-21 17:17:39 - [TEST_STEP][PASSED] - click(findTestObject("09-Settings/Users/span_Role")): Object: 'Object Repository/09-Settings/Users/span_Role' is clicked on

2022-09-21 17:17:40 - [MESSAGE][PASSED] - Object: 'Object Repository/09-Settings/Users/span_Role' is clicked on

2022-09-21 17:17:40 - [TEST_STEP][PASSED] - click(findTestObject("09-Settings/Users/span_Partner")): Object: 'Object Repository/09-Settings/Users/span_Partner' is clicked on

2022-09-21 17:17:40 - [MESSAGE][PASSED] - Object: 'Object Repository/09-Settings/Users/span_Partner' is clicked on

2022-09-21 17:17:40 - [TEST_STEP][PASSED] - click(findTestObject("09-Settings/Users/button_Send Invitation")): Object: 'Object Repository/09-Settings/Users/button_Send Invitation' is clicked on

2022-09-21 17:17:41 - [MESSAGE][PASSED] - Object: 'Object Repository/09-Settings/Users/button_Send Invitation' is clicked on

2022-09-21 17:17:41 - [TEST_STEP][PASSED] - delay(2): Delayed 2 second(s)

2022-09-21 17:17:43 - [MESSAGE][PASSED] - Delayed 2 second(s)

2022-09-21 17:17:43 - [TEST_STEP][PASSED] - verifyElementVisible(findTestObject("07-Directory/Connections/zContact Profile/Successfully invited user")): Object 'Object Repository/07-Directory/Connections/zContact Profile/Successfully invited user' is visible

2022-09-21 17:17:44 - [MESSAGE][PASSED] - Object 'Object Repository/07-Directory/Connections/zContact Profile/Successfully invited user' is visible

2022-09-21 17:17:44 - [TEST_STEP][PASSED] - delay(2): Delayed 2 second(s)

2022-09-21 17:17:46 - [MESSAGE][PASSED] - Delayed 2 second(s)

2022-09-21 17:17:46 - [TEST_STEP][PASSED] - click(findTestObject("01-Login and Forgot Password/User menu drop")): Object: 'Object Repository/01-Login and Forgot Password/User menu drop' is clicked on

2022-09-21 17:17:47 - [MESSAGE][PASSED] - Object: 'Object Repository/01-Login and Forgot Password/User menu drop' is clicked on

2022-09-21 17:17:47 - [TEST_STEP][PASSED] - delay(2): Delayed 2 second(s)

2022-09-21 17:17:49 - [MESSAGE][PASSED] - Delayed 2 second(s)

2022-09-21 17:17:49 - [TEST_STEP][PASSED] - click(findTestObject("01-Login and Forgot Password/h4_Sign Out"), STOP_ON_FAILURE): Object: 'Object Repository/01-Login and Forgot Password/h4_Sign Out' is clicked on

2022-09-21 17:17:49 - [MESSAGE][PASSED] - Object: 'Object Repository/01-Login and Forgot Password/h4_Sign Out' is clicked on

2022-09-21 17:17:49 - [TEST_STEP][PASSED] - delay(2): Delayed 2 second(s)

2022-09-21 17:17:51 - [MESSAGE][PASSED] - Delayed 2 second(s)

2022-09-21 17:17:51 - [TEST_STEP][PASSED] - verifyElementPresent(findTestObject("01-Login and Forgot Password/Login_Card"), 0): Object 'Object Repository/01-Login and Forgot Password/Login_Card' is present

2022-09-21 17:17:51 - [MESSAGE][WARNING] - Timeout '0' is invalid. Using default page load timeout: '30'

2022-09-21 17:17:51 - [MESSAGE][PASSED] - Object 'Object Repository/01-Login and Forgot Password/Login_Card' is present

2022-09-21 17:17:51 - [TEST_STEP][PASSED] - delay(3): Delayed 3 second(s)

2022-09-21 17:17:54 - [MESSAGE][PASSED] - Delayed 3 second(s)

2022-09-21 17:17:54 - [TEST_STEP][PASSED] - closeBrowser(): Browser is closed

2022-09-21 17:17:55 - [MESSAGE][PASSED] - Browser is closed

2022-09-21 17:17:55 - [TEST_STEP][PASSED] - openBrowser(""): Browser is opened with url: ''

2022-09-21 17:17:55 - [MESSAGE][INFO] - Starting 'Chrome' driver

2022-09-21 17:17:55 - [MESSAGE][INFO] - Action delay is set to 0 milliseconds

2022-09-21 17:17:56 - [MESSAGE][PASSED] - Browser is opened with url: ''

2022-09-21 17:17:56 - [TEST_STEP][PASSED] - navigateToUrl("https://lab.everleagues.com/"): Navigate to 'https://lab.everleagues.com/' successfully

2022-09-21 17:18:27 - [MESSAGE][PASSED] - Navigate to 'https://lab.everleagues.com/' successfully

2022-09-21 17:18:27 - [TEST_STEP][PASSED] - maximizeWindow(): Current window maximized

2022-09-21 17:18:27 - [MESSAGE][PASSED] - Current window maximized

2022-09-21 17:18:27 - [TEST_STEP][PASSED] - setText(findTestObject("02-Side Icons(Organization)/Add Contact/Email Field"), "autotester10@mailinator.com"): Text 'autotester10@mailinator.com' is set on object 'Object Repository/02-Side Icons(Organization)/Add Contact/Email Field'

2022-09-21 17:18:27 - [MESSAGE][PASSED] - Text 'autotester10@mailinator.com' is set on object 'Object Repository/02-Side Icons(Organization)/Add Contact/Email Field'

2022-09-21 17:18:27 - [TEST_STEP][PASSED] - setEncryptedText(findTestObject("02-Side Icons(Organization)/Add Contact/Password Field"), "8yFRyszE6U6jvsCn51OQbg=="): Text ****** has been set on object 'Object Repository/02-Side Icons(Organization)/Add Contact/Password Field'

2022-09-21 17:18:28 - [MESSAGE][PASSED] - Text ****** has been set on object 'Object Repository/02-Side Icons(Organization)/Add Contact/Password Field'

2022-09-21 17:18:28 - [TEST_STEP][PASSED] - click(findTestObject("02-Side Icons(Organization)/Add Contact/button_Sign in")): Object: 'Object Repository/02-Side Icons(Organization)/Add Contact/button_Sign in' is clicked on

2022-09-21 17:18:29 - [MESSAGE][PASSED] - Object: 'Object Repository/02-Side Icons(Organization)/Add Contact/button_Sign in' is clicked on

2022-09-21 17:18:29 - [TEST_STEP][PASSED] - delay(2): Delayed 2 second(s)

2022-09-21 17:18:31 - [MESSAGE][PASSED] - Delayed 2 second(s)

2022-09-21 17:18:31 - [TEST_STEP][PASSED] - click(findTestObject("06-Teams/For 2FA/button_Confirm_2FA")): Object: 'Object Repository/06-Teams/For 2FA/button_Confirm_2FA' is clicked on

2022-09-21 17:18:31 - [MESSAGE][PASSED] - Object: 'Object Repository/06-Teams/For 2FA/button_Confirm_2FA' is clicked on

2022-09-21 17:18:31 - [TEST_STEP][PASSED] - executeJavaScript("window.open();", []): Execute JavaScript 'window.open();' successfully

2022-09-21 17:18:31 - [MESSAGE][PASSED] - Execute JavaScript 'window.open();' successfully

2022-09-21 17:18:31 - [TEST_STEP][PASSED] - currentWindow = getWindowIndex(): Current window's index is: 0

2022-09-21 17:18:31 - [MESSAGE][PASSED] - Current window's index is: 0

2022-09-21 17:18:31 - [TEST_STEP][PASSED] - delay(3): Delayed 3 second(s)

2022-09-21 17:18:34 - [MESSAGE][PASSED] - Delayed 3 second(s)

2022-09-21 17:18:34 - [TEST_STEP][PASSED] - switchToWindowIndex(currentWindow + 1): Switched to window with index: '1'

2022-09-21 17:18:34 - [MESSAGE][PASSED] - Switched to window with index: '1'

2022-09-21 17:18:34 - [TEST_STEP][PASSED] - navigateToUrl("https://www.mailinator.com/"): Navigate to 'https://www.mailinator.com/' successfully

2022-09-21 17:18:37 - [MESSAGE][PASSED] - Navigate to 'https://www.mailinator.com/' successfully

2022-09-21 17:18:37 - [TEST_STEP][PASSED] - delay(3): Delayed 3 second(s)

2022-09-21 17:18:40 - [MESSAGE][PASSED] - Delayed 3 second(s)

2022-09-21 17:18:40 - [TEST_STEP][PASSED] - setText(findTestObject("00-Signup and Activation/zMailinator/input_LOGIN_search"), "autotester10@mailinator.com"): Text 'autotester10@mailinator.com' is set on object 'Object Repository/00-Signup and Activation/zMailinator/input_LOGIN_search'

2022-09-21 17:18:40 - [MESSAGE][PASSED] - Text 'autotester10@mailinator.com' is set on object 'Object Repository/00-Signup and Activation/zMailinator/input_LOGIN_search'

2022-09-21 17:18:40 - [TEST_STEP][PASSED] - click(findTestObject("00-Signup and Activation/zMailinator/gobutton"), STOP_ON_FAILURE): Object: 'Object Repository/00-Signup and Activation/zMailinator/gobutton' is clicked on

2022-09-21 17:18:42 - [MESSAGE][PASSED] - Object: 'Object Repository/00-Signup and Activation/zMailinator/gobutton' is clicked on

2022-09-21 17:18:42 - [TEST_STEP][PASSED] - delay(3): Delayed 3 second(s)

2022-09-21 17:18:45 - [MESSAGE][PASSED] - Delayed 3 second(s)

2022-09-21 17:18:45 - [TEST_STEP][PASSED] - click(findTestObject("00-Signup and Activation/zMailinator/Email - everleagues")): Object: 'Object Repository/00-Signup and Activation/zMailinator/Email - everleagues' is clicked on

2022-09-21 17:18:45 - [MESSAGE][PASSED] - Object: 'Object Repository/00-Signup and Activation/zMailinator/Email - everleagues' is clicked on

2022-09-21 17:18:45 - [TEST_STEP][PASSED] - delay(3): Delayed 3 second(s)

2022-09-21 17:18:48 - [MESSAGE][PASSED] - Delayed 3 second(s)

2022-09-21 17:18:48 - [TEST_STEP][PASSED] - codetwo = getText(findTestObject("Object Repository/06-Teams/For 2FA/2FA code")): Text of object 'Object Repository/06-Teams/For 2FA/2FA code' is: '799182'

2022-09-21 17:18:49 - [MESSAGE][PASSED] - Text of object 'Object Repository/06-Teams/For 2FA/2FA code' is: '799182'

2022-09-21 17:18:49 - [TEST_STEP][PASSED] - delay(3): Delayed 3 second(s)

2022-09-21 17:18:52 - [MESSAGE][PASSED] - Delayed 3 second(s)

2022-09-21 17:18:52 - [TEST_STEP][PASSED] - closeWindowTitle("Mailinator"): Window with title: 'Mailinator' is closed

2022-09-21 17:18:52 - [MESSAGE][PASSED] - Window with title: 'Mailinator' is closed

2022-09-21 17:18:52 - [TEST_STEP][PASSED] - delay(3): Delayed 3 second(s)

2022-09-21 17:18:55 - [MESSAGE][PASSED] - Delayed 3 second(s)

2022-09-21 17:18:55 - [TEST_STEP][PASSED] - switchToWindowIndex(0): Switched to window with index: '0'

2022-09-21 17:18:55 - [MESSAGE][PASSED] - Switched to window with index: '0'

2022-09-21 17:18:55 - [TEST_STEP][PASSED] - delay(3): Delayed 3 second(s)

2022-09-21 17:18:58 - [MESSAGE][PASSED] - Delayed 3 second(s)

2022-09-21 17:18:58 - [TEST_STEP][PASSED] - setText(findTestObject("Object Repository/06-Teams/For 2FA/input_Enter verification code_code"), codetwo): Text '799182' is set on object 'Object Repository/06-Teams/For 2FA/input_Enter verification code_code'

2022-09-21 17:18:59 - [MESSAGE][PASSED] - Text '799182' is set on object 'Object Repository/06-Teams/For 2FA/input_Enter verification code_code'

2022-09-21 17:18:59 - [TEST_STEP][PASSED] - delay(3): Delayed 3 second(s)

2022-09-21 17:19:02 - [MESSAGE][PASSED] - Delayed 3 second(s)

2022-09-21 17:19:02 - [TEST_STEP][PASSED] - click(findTestObject("06-Teams/For 2FA/button_Verify_2FA")): Object: 'Object Repository/06-Teams/For 2FA/button_Verify_2FA' is clicked on

2022-09-21 17:19:02 - [MESSAGE][PASSED] - Object: 'Object Repository/06-Teams/For 2FA/button_Verify_2FA' is clicked on

2022-09-21 17:19:02 - [TEST_STEP][PASSED] - delay(5): Delayed 5 second(s)

2022-09-21 17:19:07 - [MESSAGE][PASSED] - Delayed 5 second(s)

2022-09-21 17:19:07 - [TEST_STEP][PASSED] - executeJavaScript("window.open();", []): Execute JavaScript 'window.open();' successfully

2022-09-21 17:19:07 - [MESSAGE][PASSED] - Execute JavaScript 'window.open();' successfully

2022-09-21 17:19:07 - [TEST_STEP][PASSED] - currentWindow = getWindowIndex(): Current window's index is: 0

2022-09-21 17:19:07 - [MESSAGE][PASSED] - Current window's index is: 0

2022-09-21 17:19:07 - [TEST_STEP][PASSED] - delay(3): Delayed 3 second(s)

2022-09-21 17:19:10 - [MESSAGE][PASSED] - Delayed 3 second(s)

2022-09-21 17:19:10 - [TEST_STEP][PASSED] - switchToWindowIndex(currentWindow + 1): Switched to window with index: '1'

2022-09-21 17:19:10 - [MESSAGE][PASSED] - Switched to window with index: '1'

2022-09-21 17:19:10 - [TEST_STEP][PASSED] - navigateToUrl("https://www.mailinator.com/"): Navigate to 'https://www.mailinator.com/' successfully

2022-09-21 17:19:12 - [MESSAGE][PASSED] - Navigate to 'https://www.mailinator.com/' successfully

2022-09-21 17:19:12 - [TEST_STEP][PASSED] - delay(3): Delayed 3 second(s)

2022-09-21 17:19:15 - [MESSAGE][PASSED] - Delayed 3 second(s)

2022-09-21 17:19:15 - [TEST_STEP][PASSED] - setText(findTestObject("00-Signup and Activation/zMailinator/input_LOGIN_search"), "autotester10@mailinator.com"): Text 'autotester10@mailinator.com' is set on object 'Object Repository/00-Signup and Activation/zMailinator/input_LOGIN_search'

2022-09-21 17:19:15 - [MESSAGE][PASSED] - Text 'autotester10@mailinator.com' is set on object 'Object Repository/00-Signup and Activation/zMailinator/input_LOGIN_search'

2022-09-21 17:19:15 - [TEST_STEP][PASSED] - click(findTestObject("00-Signup and Activation/zMailinator/gobutton"), STOP_ON_FAILURE): Object: 'Object Repository/00-Signup and Activation/zMailinator/gobutton' is clicked on

2022-09-21 17:19:16 - [MESSAGE][PASSED] - Object: 'Object Repository/00-Signup and Activation/zMailinator/gobutton' is clicked on

2022-09-21 17:19:16 - [TEST_STEP][PASSED] - delay(3): Delayed 3 second(s)

2022-09-21 17:19:19 - [MESSAGE][PASSED] - Delayed 3 second(s)

2022-09-21 17:19:19 - [TEST_STEP][PASSED] - closeWindowTitle("Everleagues"): Window with title: 'Everleagues' is closed

2022-09-21 17:19:19 - [MESSAGE][PASSED] - Window with title: 'Everleagues' is closed

2022-09-21 17:19:19 - [TEST_STEP][PASSED] - switchToWindowIndex(0): Switched to window with index: '0'

2022-09-21 17:19:19 - [MESSAGE][PASSED] - Switched to window with index: '0'

2022-09-21 17:19:19 - [TEST_STEP][PASSED] - click(findTestObject("09-Settings/Users/Co worker/td_Invitation from GG Automation")): Object: 'Object Repository/09-Settings/Users/Co worker/td_Invitation from GG Automation' is clicked on

2022-09-21 17:19:20 - [MESSAGE][PASSED] - Object: 'Object Repository/09-Settings/Users/Co worker/td_Invitation from GG Automation' is clicked on

2022-09-21 17:19:20 - [TEST_STEP][PASSED] - click(findTestObject("09-Settings/Users/Co worker/a_Click here to join GG Automation on EverLeagues")): Object: 'Object Repository/09-Settings/Users/Co worker/a_Click here to join GG Automation on EverLeagues' is clicked on

2022-09-21 17:19:21 - [MESSAGE][PASSED] - Object: 'Object Repository/09-Settings/Users/Co worker/a_Click here to join GG Automation on EverLeagues' is clicked on

2022-09-21 17:19:21 - [TEST_STEP][PASSED] - closeWindowTitle("Mailinator"): Window with title: 'Mailinator' is closed

2022-09-21 17:19:21 - [MESSAGE][PASSED] - Window with title: 'Mailinator' is closed

2022-09-21 17:19:21 - [TEST_STEP][PASSED] - switchToWindowIndex(0): Switched to window with index: '0'

2022-09-21 17:19:21 - [MESSAGE][PASSED] - Switched to window with index: '0'

2022-09-21 17:19:21 - [TEST_STEP][PASSED] - verifyElementVisible(findTestObject("09-Settings/Users/Client/Invite modal")): Object 'Object Repository/09-Settings/Users/Client/Invite modal' is visible

2022-09-21 17:19:27 - [MESSAGE][PASSED] - Object 'Object Repository/09-Settings/Users/Client/Invite modal' is visible

2022-09-21 17:19:27 - [TEST_STEP][PASSED] - setText(findTestObject("09-Settings/Users/Client/Company field"), "QA Company"): Text 'QA Company' is set on object 'Object Repository/09-Settings/Users/Client/Company field'

2022-09-21 17:19:28 - [MESSAGE][PASSED] - Text 'QA Company' is set on object 'Object Repository/09-Settings/Users/Client/Company field'

2022-09-21 17:19:28 - [TEST_STEP][PASSED] - click(findTestObject("09-Settings/Users/Client/button_Accept")): Object: 'Object Repository/09-Settings/Users/Client/button_Accept' is clicked on

2022-09-21 17:19:28 - [MESSAGE][PASSED] - Object: 'Object Repository/09-Settings/Users/Client/button_Accept' is clicked on

2022-09-21 17:19:28 - [TEST_STEP][PASSED] - delay(10): Delayed 10 second(s)

2022-09-21 17:19:38 - [MESSAGE][PASSED] - Delayed 10 second(s)

2022-09-21 17:19:38 - [TEST_STEP][PASSED] - verifyElementVisible(findTestObject("09-Settings/Users/div_Joined as Partner")): Object 'Object Repository/09-Settings/Users/div_Joined as Partner' is visible

2022-09-21 17:19:39 - [MESSAGE][PASSED] - Object 'Object Repository/09-Settings/Users/div_Joined as Partner' is visible

2022-09-21 17:19:39 - [TEST_STEP][PASSED] - delay(3): Delayed 3 second(s)

2022-09-21 17:19:42 - [MESSAGE][PASSED] - Delayed 3 second(s)

2022-09-21 17:19:42 - [TEST_STEP][PASSED] - closeBrowser(): Browser is closed

2022-09-21 17:19:43 - [MESSAGE][PASSED] - Browser is closed]]></system-out>
         <system-err><![CDATA[]]></system-err>
      </testcase>
      <testcase name="Test Cases/09-Settings/05 - Users (Invite batch of users via CSV file)" time="139.171" classname="Test Cases/09-Settings/05 - Users (Invite batch of users via CSV file)" status="PASSED">
         <system-out><![CDATA[2022-09-21 17:19:43 - [TEST_CASE][PASSED] - Test Cases/09-Settings/05 - Users (Invite batch of users via CSV file): Test Cases/09-Settings/05 - Users (Invite batch of users via CSV file)

2022-09-21 17:19:43 - [TEST_STEP][PASSED] - openBrowser(""): Browser is opened with url: ''

2022-09-21 17:19:43 - [MESSAGE][INFO] - Starting 'Chrome' driver

2022-09-21 17:19:43 - [MESSAGE][INFO] - Action delay is set to 0 milliseconds

2022-09-21 17:19:44 - [MESSAGE][PASSED] - Browser is opened with url: ''

2022-09-21 17:19:44 - [TEST_STEP][PASSED] - navigateToUrl("https://lab.everleagues.com/"): Navigate to 'https://lab.everleagues.com/' successfully

2022-09-21 17:20:23 - [MESSAGE][PASSED] - Navigate to 'https://lab.everleagues.com/' successfully

2022-09-21 17:20:23 - [TEST_STEP][PASSED] - maximizeWindow(): Current window maximized

2022-09-21 17:20:23 - [MESSAGE][PASSED] - Current window maximized

2022-09-21 17:20:23 - [TEST_STEP][PASSED] - setText(findTestObject("02-Side Icons(Organization)/Add Contact/Email Field"), "testuser02@mailinator.com"): Text 'testuser02@mailinator.com' is set on object 'Object Repository/02-Side Icons(Organization)/Add Contact/Email Field'

2022-09-21 17:20:24 - [MESSAGE][PASSED] - Text 'testuser02@mailinator.com' is set on object 'Object Repository/02-Side Icons(Organization)/Add Contact/Email Field'

2022-09-21 17:20:24 - [TEST_STEP][PASSED] - setEncryptedText(findTestObject("02-Side Icons(Organization)/Add Contact/Password Field"), "8yFRyszE6U6jvsCn51OQbg=="): Text ****** has been set on object 'Object Repository/02-Side Icons(Organization)/Add Contact/Password Field'

2022-09-21 17:20:25 - [MESSAGE][PASSED] - Text ****** has been set on object 'Object Repository/02-Side Icons(Organization)/Add Contact/Password Field'

2022-09-21 17:20:25 - [TEST_STEP][PASSED] - click(findTestObject("02-Side Icons(Organization)/Add Contact/button_Sign in")): Object: 'Object Repository/02-Side Icons(Organization)/Add Contact/button_Sign in' is clicked on

2022-09-21 17:20:25 - [MESSAGE][PASSED] - Object: 'Object Repository/02-Side Icons(Organization)/Add Contact/button_Sign in' is clicked on

2022-09-21 17:20:25 - [TEST_STEP][PASSED] - delay(2): Delayed 2 second(s)

2022-09-21 17:20:27 - [MESSAGE][PASSED] - Delayed 2 second(s)

2022-09-21 17:20:27 - [TEST_STEP][PASSED] - click(findTestObject("06-Teams/For 2FA/button_Confirm_2FA")): Object: 'Object Repository/06-Teams/For 2FA/button_Confirm_2FA' is clicked on

2022-09-21 17:20:28 - [MESSAGE][PASSED] - Object: 'Object Repository/06-Teams/For 2FA/button_Confirm_2FA' is clicked on

2022-09-21 17:20:28 - [TEST_STEP][PASSED] - executeJavaScript("window.open();", []): Execute JavaScript 'window.open();' successfully

2022-09-21 17:20:28 - [MESSAGE][PASSED] - Execute JavaScript 'window.open();' successfully

2022-09-21 17:20:28 - [TEST_STEP][PASSED] - currentWindow = getWindowIndex(): Current window's index is: 0

2022-09-21 17:20:28 - [MESSAGE][PASSED] - Current window's index is: 0

2022-09-21 17:20:28 - [TEST_STEP][PASSED] - delay(3): Delayed 3 second(s)

2022-09-21 17:20:31 - [MESSAGE][PASSED] - Delayed 3 second(s)

2022-09-21 17:20:31 - [TEST_STEP][PASSED] - switchToWindowIndex(currentWindow + 1): Switched to window with index: '1'

2022-09-21 17:20:31 - [MESSAGE][PASSED] - Switched to window with index: '1'

2022-09-21 17:20:31 - [TEST_STEP][PASSED] - navigateToUrl("https://www.mailinator.com/"): Navigate to 'https://www.mailinator.com/' successfully

2022-09-21 17:20:33 - [MESSAGE][PASSED] - Navigate to 'https://www.mailinator.com/' successfully

2022-09-21 17:20:33 - [TEST_STEP][PASSED] - delay(3): Delayed 3 second(s)

2022-09-21 17:20:36 - [MESSAGE][PASSED] - Delayed 3 second(s)

2022-09-21 17:20:36 - [TEST_STEP][PASSED] - setText(findTestObject("00-Signup and Activation/zMailinator/input_LOGIN_search"), "testuser02@mailinator.com"): Text 'testuser02@mailinator.com' is set on object 'Object Repository/00-Signup and Activation/zMailinator/input_LOGIN_search'

2022-09-21 17:20:36 - [MESSAGE][PASSED] - Text 'testuser02@mailinator.com' is set on object 'Object Repository/00-Signup and Activation/zMailinator/input_LOGIN_search'

2022-09-21 17:20:36 - [TEST_STEP][PASSED] - click(findTestObject("00-Signup and Activation/zMailinator/gobutton"), STOP_ON_FAILURE): Object: 'Object Repository/00-Signup and Activation/zMailinator/gobutton' is clicked on

2022-09-21 17:20:38 - [MESSAGE][PASSED] - Object: 'Object Repository/00-Signup and Activation/zMailinator/gobutton' is clicked on

2022-09-21 17:20:38 - [TEST_STEP][PASSED] - delay(3): Delayed 3 second(s)

2022-09-21 17:20:41 - [MESSAGE][PASSED] - Delayed 3 second(s)

2022-09-21 17:20:41 - [TEST_STEP][PASSED] - click(findTestObject("00-Signup and Activation/zMailinator/Email - everleagues")): Object: 'Object Repository/00-Signup and Activation/zMailinator/Email - everleagues' is clicked on

2022-09-21 17:20:41 - [MESSAGE][PASSED] - Object: 'Object Repository/00-Signup and Activation/zMailinator/Email - everleagues' is clicked on

2022-09-21 17:20:41 - [TEST_STEP][PASSED] - delay(3): Delayed 3 second(s)

2022-09-21 17:20:44 - [MESSAGE][PASSED] - Delayed 3 second(s)

2022-09-21 17:20:44 - [TEST_STEP][PASSED] - code = getText(findTestObject("Object Repository/06-Teams/For 2FA/2FA code")): Text of object 'Object Repository/06-Teams/For 2FA/2FA code' is: '712662'

2022-09-21 17:20:45 - [MESSAGE][PASSED] - Text of object 'Object Repository/06-Teams/For 2FA/2FA code' is: '712662'

2022-09-21 17:20:45 - [TEST_STEP][PASSED] - delay(3): Delayed 3 second(s)

2022-09-21 17:20:48 - [MESSAGE][PASSED] - Delayed 3 second(s)

2022-09-21 17:20:48 - [TEST_STEP][PASSED] - closeWindowTitle("Mailinator"): Window with title: 'Mailinator' is closed

2022-09-21 17:20:48 - [MESSAGE][PASSED] - Window with title: 'Mailinator' is closed

2022-09-21 17:20:48 - [TEST_STEP][PASSED] - delay(3): Delayed 3 second(s)

2022-09-21 17:20:51 - [MESSAGE][PASSED] - Delayed 3 second(s)

2022-09-21 17:20:51 - [TEST_STEP][PASSED] - switchToWindowIndex(0): Switched to window with index: '0'

2022-09-21 17:20:51 - [MESSAGE][PASSED] - Switched to window with index: '0'

2022-09-21 17:20:51 - [TEST_STEP][PASSED] - delay(3): Delayed 3 second(s)

2022-09-21 17:20:54 - [MESSAGE][PASSED] - Delayed 3 second(s)

2022-09-21 17:20:54 - [TEST_STEP][PASSED] - setText(findTestObject("Object Repository/06-Teams/For 2FA/input_Enter verification code_code"), code): Text '712662' is set on object 'Object Repository/06-Teams/For 2FA/input_Enter verification code_code'

2022-09-21 17:20:55 - [MESSAGE][PASSED] - Text '712662' is set on object 'Object Repository/06-Teams/For 2FA/input_Enter verification code_code'

2022-09-21 17:20:55 - [TEST_STEP][PASSED] - delay(3): Delayed 3 second(s)

2022-09-21 17:20:58 - [MESSAGE][PASSED] - Delayed 3 second(s)

2022-09-21 17:20:58 - [TEST_STEP][PASSED] - click(findTestObject("06-Teams/For 2FA/button_Verify_2FA")): Object: 'Object Repository/06-Teams/For 2FA/button_Verify_2FA' is clicked on

2022-09-21 17:20:59 - [MESSAGE][PASSED] - Object: 'Object Repository/06-Teams/For 2FA/button_Verify_2FA' is clicked on

2022-09-21 17:20:59 - [TEST_STEP][PASSED] - delay(5): Delayed 5 second(s)

2022-09-21 17:21:04 - [MESSAGE][PASSED] - Delayed 5 second(s)

2022-09-21 17:21:04 - [TEST_STEP][PASSED] - click(findTestObject("06-Teams/button_doublearrow")): Object: 'Object Repository/06-Teams/button_doublearrow' is clicked on

2022-09-21 17:21:05 - [MESSAGE][PASSED] - Object: 'Object Repository/06-Teams/button_doublearrow' is clicked on

2022-09-21 17:21:05 - [TEST_STEP][PASSED] - click(findTestObject("06-Teams/button_My Organizations")): Object: 'Object Repository/06-Teams/button_My Organizations' is clicked on

2022-09-21 17:21:06 - [MESSAGE][PASSED] - Object: 'Object Repository/06-Teams/button_My Organizations' is clicked on

2022-09-21 17:21:06 - [TEST_STEP][PASSED] - click(findTestObject("06-Teams/button_GG Automation")): Object: 'Object Repository/06-Teams/button_GG Automation' is clicked on

2022-09-21 17:21:07 - [MESSAGE][PASSED] - Object: 'Object Repository/06-Teams/button_GG Automation' is clicked on

2022-09-21 17:21:07 - [TEST_STEP][PASSED] - delay(4): Delayed 4 second(s)

2022-09-21 17:21:11 - [MESSAGE][PASSED] - Delayed 4 second(s)

2022-09-21 17:21:11 - [TEST_STEP][PASSED] - verifyElementVisible(findTestObject("06-Teams/span_GG Automation")): Object 'Object Repository/06-Teams/span_GG Automation' is visible

2022-09-21 17:21:11 - [MESSAGE][PASSED] - Object 'Object Repository/06-Teams/span_GG Automation' is visible

2022-09-21 17:21:11 - [TEST_STEP][PASSED] - delay(10): Delayed 10 second(s)

2022-09-21 17:21:21 - [MESSAGE][PASSED] - Delayed 10 second(s)

2022-09-21 17:21:21 - [TEST_STEP][PASSED] - click(findTestObject("03-Header Menu/Hamburger Button/div_Settings")): Object: 'Object Repository/03-Header Menu/Hamburger Button/div_Settings' is clicked on

2022-09-21 17:21:21 - [MESSAGE][PASSED] - Object: 'Object Repository/03-Header Menu/Hamburger Button/div_Settings' is clicked on

2022-09-21 17:21:21 - [TEST_STEP][PASSED] - delay(3): Delayed 3 second(s)

2022-09-21 17:21:24 - [MESSAGE][PASSED] - Delayed 3 second(s)

2022-09-21 17:21:24 - [TEST_STEP][PASSED] - click(findTestObject("09-Settings/Users/div_Users")): Object: 'Object Repository/09-Settings/Users/div_Users' is clicked on

2022-09-21 17:21:25 - [MESSAGE][PASSED] - Object: 'Object Repository/09-Settings/Users/div_Users' is clicked on

2022-09-21 17:21:25 - [TEST_STEP][PASSED] - delay(3): Delayed 3 second(s)

2022-09-21 17:21:28 - [MESSAGE][PASSED] - Delayed 3 second(s)

2022-09-21 17:21:28 - [TEST_STEP][PASSED] - click(findTestObject("09-Settings/Users/button_add")): Object: 'Object Repository/09-Settings/Users/button_add' is clicked on

2022-09-21 17:21:28 - [MESSAGE][PASSED] - Object: 'Object Repository/09-Settings/Users/button_add' is clicked on

2022-09-21 17:21:28 - [TEST_STEP][PASSED] - delay(3): Delayed 3 second(s)

2022-09-21 17:21:31 - [MESSAGE][PASSED] - Delayed 3 second(s)

2022-09-21 17:21:31 - [TEST_STEP][PASSED] - click(findTestObject("09-Settings/Users/Invite batch of users via CSV file")): Object: 'Object Repository/09-Settings/Users/Invite batch of users via CSV file' is clicked on

2022-09-21 17:21:32 - [MESSAGE][PASSED] - Object: 'Object Repository/09-Settings/Users/Invite batch of users via CSV file' is clicked on

2022-09-21 17:21:32 - [TEST_STEP][PASSED] - verifyElementVisible(findTestObject("09-Settings/Users/CSV Invite/Import CSV File modal")): Object 'Object Repository/09-Settings/Users/CSV Invite/Import CSV File modal' is visible

2022-09-21 17:21:33 - [MESSAGE][PASSED] - Object 'Object Repository/09-Settings/Users/CSV Invite/Import CSV File modal' is visible

2022-09-21 17:21:33 - [TEST_STEP][PASSED] - verifyElementNotClickable(findTestObject("09-Settings/Users/CSV Invite/button_Import")): Object 'Object Repository/09-Settings/Users/CSV Invite/button_Import' is NOT clickable

2022-09-21 17:21:33 - [MESSAGE][PASSED] - Object 'Object Repository/09-Settings/Users/CSV Invite/button_Import' is NOT clickable

2022-09-21 17:21:33 - [TEST_STEP][PASSED] - delay(3): Delayed 3 second(s)

2022-09-21 17:21:36 - [MESSAGE][PASSED] - Delayed 3 second(s)

2022-09-21 17:21:36 - [TEST_STEP][PASSED] - uploadpackage.Upload.uploadFile(findTestObject("Object Repository/09-Settings/Users/CSV Invite/button_Choose File"), "C:\Users\User\Desktop\EL automation\sample csv.csv"): uploadpackage.Upload.uploadFile is PASSED

2022-09-21 17:21:36 - [MESSAGE][PASSED] - Object: 'Object Repository/09-Settings/Users/CSV Invite/button_Choose File' is clicked on

2022-09-21 17:21:37 - [MESSAGE][PASSED] - uploadpackage.Upload.uploadFile is PASSED

2022-09-21 17:21:37 - [TEST_STEP][PASSED] - delay(3): Delayed 3 second(s)

2022-09-21 17:21:40 - [MESSAGE][PASSED] - Delayed 3 second(s)

2022-09-21 17:21:40 - [TEST_STEP][PASSED] - verifyElementVisible(findTestObject("09-Settings/Users/CSV Invite/div_Sample csv.csv")): Object 'Object Repository/09-Settings/Users/CSV Invite/div_Sample csv.csv' is visible

2022-09-21 17:21:40 - [MESSAGE][PASSED] - Object 'Object Repository/09-Settings/Users/CSV Invite/div_Sample csv.csv' is visible

2022-09-21 17:21:40 - [TEST_STEP][PASSED] - click(findTestObject("09-Settings/Users/CSV Invite/button_Import")): Object: 'Object Repository/09-Settings/Users/CSV Invite/button_Import' is clicked on

2022-09-21 17:21:40 - [MESSAGE][PASSED] - Object: 'Object Repository/09-Settings/Users/CSV Invite/button_Import' is clicked on

2022-09-21 17:21:40 - [TEST_STEP][PASSED] - delay(10): Delayed 10 second(s)

2022-09-21 17:21:50 - [MESSAGE][PASSED] - Delayed 10 second(s)

2022-09-21 17:21:50 - [TEST_STEP][PASSED] - verifyElementVisible(findTestObject("09-Settings/Users/CSV Invite/Success import modal")): Object 'Object Repository/09-Settings/Users/CSV Invite/Success import modal' is visible

2022-09-21 17:21:51 - [MESSAGE][PASSED] - Object 'Object Repository/09-Settings/Users/CSV Invite/Success import modal' is visible

2022-09-21 17:21:51 - [TEST_STEP][PASSED] - click(findTestObject("09-Settings/Users/CSV Invite/button_Close")): Object: 'Object Repository/09-Settings/Users/CSV Invite/button_Close' is clicked on

2022-09-21 17:21:51 - [MESSAGE][PASSED] - Object: 'Object Repository/09-Settings/Users/CSV Invite/button_Close' is clicked on

2022-09-21 17:21:51 - [TEST_STEP][PASSED] - click(findTestObject("09-Settings/Users/CSV Invite/Invited Users tab")): Object: 'Object Repository/09-Settings/Users/CSV Invite/Invited Users tab' is clicked on

2022-09-21 17:21:52 - [MESSAGE][PASSED] - Object: 'Object Repository/09-Settings/Users/CSV Invite/Invited Users tab' is clicked on

2022-09-21 17:21:52 - [TEST_STEP][PASSED] - delay(3): Delayed 3 second(s)

2022-09-21 17:21:55 - [MESSAGE][PASSED] - Delayed 3 second(s)

2022-09-21 17:21:55 - [TEST_STEP][PASSED] - verifyElementVisible(findTestObject("09-Settings/Users/CSV Invite/div_CTCSV test3")): Object 'Object Repository/09-Settings/Users/CSV Invite/div_CTCSV test3' is visible

2022-09-21 17:21:55 - [MESSAGE][PASSED] - Object 'Object Repository/09-Settings/Users/CSV Invite/div_CTCSV test3' is visible

2022-09-21 17:21:55 - [TEST_STEP][PASSED] - verifyElementVisible(findTestObject("09-Settings/Users/CSV Invite/div_autotester08mailinator.com")): Object 'Object Repository/09-Settings/Users/CSV Invite/div_autotester08mailinator.com' is visible

2022-09-21 17:21:56 - [MESSAGE][PASSED] - Object 'Object Repository/09-Settings/Users/CSV Invite/div_autotester08mailinator.com' is visible

2022-09-21 17:21:56 - [TEST_STEP][PASSED] - verifyElementVisible(findTestObject("09-Settings/Users/CSV Invite/div_Partner")): Object 'Object Repository/09-Settings/Users/CSV Invite/div_Partner' is visible

2022-09-21 17:21:56 - [MESSAGE][PASSED] - Object 'Object Repository/09-Settings/Users/CSV Invite/div_Partner' is visible

2022-09-21 17:21:56 - [TEST_STEP][PASSED] - verifyElementVisible(findTestObject("09-Settings/Users/CSV Invite/div_CTCSV test2")): Object 'Object Repository/09-Settings/Users/CSV Invite/div_CTCSV test2' is visible

2022-09-21 17:21:56 - [MESSAGE][PASSED] - Object 'Object Repository/09-Settings/Users/CSV Invite/div_CTCSV test2' is visible

2022-09-21 17:21:56 - [TEST_STEP][PASSED] - verifyElementVisible(findTestObject("09-Settings/Users/CSV Invite/div_autotester07mailinator.com")): Object 'Object Repository/09-Settings/Users/CSV Invite/div_autotester07mailinator.com' is visible

2022-09-21 17:21:57 - [MESSAGE][PASSED] - Object 'Object Repository/09-Settings/Users/CSV Invite/div_autotester07mailinator.com' is visible

2022-09-21 17:21:57 - [TEST_STEP][PASSED] - verifyElementVisible(findTestObject("09-Settings/Users/CSV Invite/div_Client")): Object 'Object Repository/09-Settings/Users/CSV Invite/div_Client' is visible

2022-09-21 17:21:57 - [MESSAGE][PASSED] - Object 'Object Repository/09-Settings/Users/CSV Invite/div_Client' is visible

2022-09-21 17:21:57 - [TEST_STEP][PASSED] - verifyElementVisible(findTestObject("09-Settings/Users/CSV Invite/div_CTCSV test1")): Object 'Object Repository/09-Settings/Users/CSV Invite/div_CTCSV test1' is visible

2022-09-21 17:21:57 - [MESSAGE][PASSED] - Object 'Object Repository/09-Settings/Users/CSV Invite/div_CTCSV test1' is visible

2022-09-21 17:21:57 - [TEST_STEP][PASSED] - verifyElementVisible(findTestObject("09-Settings/Users/CSV Invite/div_autotester06mailinator.com")): Object 'Object Repository/09-Settings/Users/CSV Invite/div_autotester06mailinator.com' is visible

2022-09-21 17:21:58 - [MESSAGE][PASSED] - Object 'Object Repository/09-Settings/Users/CSV Invite/div_autotester06mailinator.com' is visible

2022-09-21 17:21:58 - [TEST_STEP][PASSED] - verifyElementVisible(findTestObject("09-Settings/Users/CSV Invite/div_Coworker")): Object 'Object Repository/09-Settings/Users/CSV Invite/div_Coworker' is visible

2022-09-21 17:21:58 - [MESSAGE][PASSED] - Object 'Object Repository/09-Settings/Users/CSV Invite/div_Coworker' is visible

2022-09-21 17:21:58 - [TEST_STEP][PASSED] - delay(3): Delayed 3 second(s)

2022-09-21 17:22:01 - [MESSAGE][PASSED] - Delayed 3 second(s)

2022-09-21 17:22:01 - [TEST_STEP][PASSED] - closeBrowser(): Browser is closed

2022-09-21 17:22:02 - [MESSAGE][PASSED] - Browser is closed]]></system-out>
         <system-err><![CDATA[]]></system-err>
      </testcase>
      <system-out><![CDATA[2022-09-21 17:02:25 - [TEST_SUITE][PASSED] - 09-Settings: Test Cases/09-Settings/05 - Users (Invite batch of users via CSV file)]]></system-out>
      <system-err><![CDATA[]]></system-err>
   </testsuite>
</testsuites>
