<?xml version="1.0" encoding="UTF-8"?>
<testsuites name="00-Signup and Account Activation" time="224.28" tests="4" failures="0" errors="0">
   <testsuite name="00-Signup and Account Activation" tests="4" failures="0" errors="0" time="224.28" skipped="0" timestamp="2023-03-03 16:10:09" hostname="asus - DESKTOP-3L3J9C1" id="Test Suites/TS-Organization/00-Signup and Account Activation">
      <properties>
         <property name="deviceName" value=""/>
         <property name="devicePlatform" value=""/>
         <property name="logFolder" value="C:\\Users\\asus\\Katalon Studio\\Everleagues\\Everleagues\\Reports\\20230303_160954\\TS-Organization\\00-Signup and Account Activation\\20230303_160954"/>
         <property name="logFiles" value="C:\\Users\\asus\\Katalon Studio\\Everleagues\\Everleagues\\Reports\\20230303_160954\\TS-Organization\\00-Signup and Account Activation\\20230303_160954\\execution0.log"/>
         <property name="attachments" value=""/>
         <property name="hostName" value="asus - DESKTOP-3L3J9C1"/>
         <property name="os" value="Windows 10 64bit"/>
         <property name="katalonVersion" value="8.4.1.208"/>
         <property name="browser" value="Chrome 110.0.0.0"/>
         <property name="hostAddress" value="10.100.1.179"/>
         <property name="sessionId" value="ecbd7927d9855da7964106211c67d353"/>
         <property name="seleniumVersion" value="3.141.59"/>
         <property name="proxyInformation" value="ProxyInformation { proxyOption=NO_PROXY, proxyServerType=HTTP, username=, password=********, proxyServerAddress=, proxyServerPort=0, executionList=&quot;&quot;, isApplyToDesiredCapabilities=true }"/>
         <property name="platform" value="Windows 10"/>
      </properties>
      <testcase name="Test Cases/00-SignUp and Account Activation/01-Signup(Credentials Blank)" time="101.182" classname="Test Cases/00-SignUp and Account Activation/01-Signup(Credentials Blank)" status="PASSED">
         <system-out><![CDATA[2023-03-03 16:10:11 - [TEST_CASE][PASSED] - Test Cases/00-SignUp and Account Activation/01-Signup(Credentials Blank): Test Cases/00-SignUp and Account Activation/01-Signup(Credentials Blank)

2023-03-03 16:10:12 - [TEST_STEP][PASSED] - openBrowser(""): Browser is opened with url: ''

2023-03-03 16:10:14 - [MESSAGE][INFO] - Starting 'Chrome' driver

2023-03-03 16:10:14 - [MESSAGE][INFO] - Action delay is set to 0 milliseconds

2023-03-03 16:10:23 - [MESSAGE][PASSED] - Browser is opened with url: ''

2023-03-03 16:10:23 - [TEST_STEP][PASSED] - navigateToUrl("https://lab.everleagues.com/"): Navigate to 'https://lab.everleagues.com/' successfully

2023-03-03 16:11:37 - [MESSAGE][PASSED] - Navigate to 'https://lab.everleagues.com/' successfully

2023-03-03 16:11:37 - [TEST_STEP][PASSED] - maximizeWindow(): Current window maximized

2023-03-03 16:11:38 - [MESSAGE][PASSED] - Current window maximized

2023-03-03 16:11:38 - [TEST_STEP][PASSED] - click(findTestObject("00-Signup and Activation/span_Sign up")): Object: 'Object Repository/00-Signup and Activation/span_Sign up' is clicked on

2023-03-03 16:11:40 - [MESSAGE][PASSED] - Object: 'Object Repository/00-Signup and Activation/span_Sign up' is clicked on

2023-03-03 16:11:40 - [TEST_STEP][PASSED] - delay(3): Delayed 3 second(s)

2023-03-03 16:11:43 - [MESSAGE][PASSED] - Delayed 3 second(s)

2023-03-03 16:11:43 - [TEST_STEP][PASSED] - verifyElementVisible(findTestObject("00-Signup and Activation/div_Already have an account Log In")): Object 'Object Repository/00-Signup and Activation/div_Already have an account Log In' is visible

2023-03-03 16:11:44 - [MESSAGE][PASSED] - Object 'Object Repository/00-Signup and Activation/div_Already have an account Log In' is visible

2023-03-03 16:11:44 - [TEST_STEP][PASSED] - delay(3): Delayed 3 second(s)

2023-03-03 16:11:47 - [MESSAGE][PASSED] - Delayed 3 second(s)

2023-03-03 16:11:47 - [TEST_STEP][PASSED] - verifyElementNotClickable(findTestObject("00-Signup and Activation/button_Sign up")): Object 'Object Repository/00-Signup and Activation/button_Sign up' is NOT clickable

2023-03-03 16:11:49 - [MESSAGE][PASSED] - Object 'Object Repository/00-Signup and Activation/button_Sign up' is NOT clickable

2023-03-03 16:11:49 - [TEST_STEP][PASSED] - delay(3): Delayed 3 second(s)

2023-03-03 16:11:52 - [MESSAGE][PASSED] - Delayed 3 second(s)]]></system-out>
         <system-err><![CDATA[]]></system-err>
      </testcase>
      <testcase name="Test Cases/00-SignUp and Account Activation/02-Signup(Wrong email)" time="17.257" classname="Test Cases/00-SignUp and Account Activation/02-Signup(Wrong email)" status="PASSED">
         <system-out><![CDATA[2023-03-03 16:11:52 - [TEST_CASE][PASSED] - Test Cases/00-SignUp and Account Activation/02-Signup(Wrong email): Test Cases/00-SignUp and Account Activation/02-Signup(Wrong email)

2023-03-03 16:11:54 - [TEST_STEP][PASSED] - delay(3): Delayed 3 second(s)

2023-03-03 16:11:57 - [MESSAGE][PASSED] - Delayed 3 second(s)

2023-03-03 16:11:57 - [TEST_STEP][PASSED] - setText(findTestObject("00-Signup and Activation/input_Email"), "QATESTinvalidemailformat"): Text 'QATESTinvalidemailformat' is set on object 'Object Repository/00-Signup and Activation/input_Email'

2023-03-03 16:12:00 - [MESSAGE][PASSED] - Text 'QATESTinvalidemailformat' is set on object 'Object Repository/00-Signup and Activation/input_Email'

2023-03-03 16:12:00 - [TEST_STEP][PASSED] - delay(2): Delayed 2 second(s)

2023-03-03 16:12:03 - [MESSAGE][PASSED] - Delayed 2 second(s)

2023-03-03 16:12:03 - [TEST_STEP][PASSED] - click(findTestObject("00-Signup and Activation/input_firstName")): Object: 'Object Repository/00-Signup and Activation/input_firstName' is clicked on

2023-03-03 16:12:04 - [MESSAGE][PASSED] - Object: 'Object Repository/00-Signup and Activation/input_firstName' is clicked on

2023-03-03 16:12:04 - [TEST_STEP][PASSED] - verifyElementPresent(findTestObject("00-Signup and Activation/error_valid email is required"), 0): Object 'Object Repository/00-Signup and Activation/error_valid email is required' is present

2023-03-03 16:12:04 - [MESSAGE][WARNING] - Timeout '0' is invalid. Using default page load timeout: '30'

2023-03-03 16:12:05 - [MESSAGE][PASSED] - Object 'Object Repository/00-Signup and Activation/error_valid email is required' is present

2023-03-03 16:12:05 - [TEST_STEP][PASSED] - delay(0): Delayed 0 second(s)

2023-03-03 16:12:05 - [MESSAGE][PASSED] - Delayed 0 second(s)

2023-03-03 16:12:05 - [TEST_STEP][PASSED] - setText(findTestObject("00-Signup and Activation/input_Email"), "testuser01@mailinator.com"): Text 'testuser01@mailinator.com' is set on object 'Object Repository/00-Signup and Activation/input_Email'

2023-03-03 16:12:06 - [MESSAGE][PASSED] - Text 'testuser01@mailinator.com' is set on object 'Object Repository/00-Signup and Activation/input_Email'

2023-03-03 16:12:06 - [TEST_STEP][PASSED] - delay(0): Delayed 0 second(s)

2023-03-03 16:12:06 - [MESSAGE][PASSED] - Delayed 0 second(s)

2023-03-03 16:12:06 - [TEST_STEP][PASSED] - click(findTestObject("00-Signup and Activation/input_firstName")): Object: 'Object Repository/00-Signup and Activation/input_firstName' is clicked on

2023-03-03 16:12:08 - [MESSAGE][PASSED] - Object: 'Object Repository/00-Signup and Activation/input_firstName' is clicked on

2023-03-03 16:12:08 - [TEST_STEP][PASSED] - verifyElementVisible(findTestObject("00-Signup and Activation/error_email already exists")): Object 'Object Repository/00-Signup and Activation/error_email already exists' is visible

2023-03-03 16:12:09 - [MESSAGE][PASSED] - Object 'Object Repository/00-Signup and Activation/error_email already exists' is visible

2023-03-03 16:12:09 - [TEST_STEP][PASSED] - delay(0): Delayed 0 second(s)

2023-03-03 16:12:09 - [MESSAGE][PASSED] - Delayed 0 second(s)]]></system-out>
         <system-err><![CDATA[]]></system-err>
      </testcase>
      <testcase name="Test Cases/00-SignUp and Account Activation/03-Signup(Correct Details)" time="58.796" classname="Test Cases/00-SignUp and Account Activation/03-Signup(Correct Details)" status="PASSED">
         <system-out><![CDATA[2023-03-03 16:12:09 - [TEST_CASE][PASSED] - Test Cases/00-SignUp and Account Activation/03-Signup(Correct Details): Test Cases/00-SignUp and Account Activation/03-Signup(Correct Details)

2023-03-03 16:12:11 - [TEST_STEP][PASSED] - delay(2): Delayed 2 second(s)

2023-03-03 16:12:13 - [MESSAGE][PASSED] - Delayed 2 second(s)

2023-03-03 16:12:13 - [TEST_STEP][PASSED] - setText(findTestObject("00-Signup and Activation/input_Email"), "autotester1071@mailinator.com"): Text 'autotester1071@mailinator.com' is set on object 'Object Repository/00-Signup and Activation/input_Email'

2023-03-03 16:12:14 - [MESSAGE][PASSED] - Text 'autotester1071@mailinator.com' is set on object 'Object Repository/00-Signup and Activation/input_Email'

2023-03-03 16:12:14 - [TEST_STEP][PASSED] - setText(findTestObject("00-Signup and Activation/input_firstName"), "GG"): Text 'GG' is set on object 'Object Repository/00-Signup and Activation/input_firstName'

2023-03-03 16:12:17 - [MESSAGE][PASSED] - Text 'GG' is set on object 'Object Repository/00-Signup and Activation/input_firstName'

2023-03-03 16:12:17 - [TEST_STEP][PASSED] - setText(findTestObject("00-Signup and Activation/input_lastName"), "tester"): Text 'tester' is set on object 'Object Repository/00-Signup and Activation/input_lastName'

2023-03-03 16:12:18 - [MESSAGE][PASSED] - Text 'tester' is set on object 'Object Repository/00-Signup and Activation/input_lastName'

2023-03-03 16:12:19 - [TEST_STEP][PASSED] - delay(2): Delayed 2 second(s)

2023-03-03 16:12:21 - [MESSAGE][PASSED] - Delayed 2 second(s)

2023-03-03 16:12:21 - [TEST_STEP][PASSED] - click(findTestObject("Object Repository/00-Signup and Activation/button_Sign up")): Object: 'Object Repository/00-Signup and Activation/button_Sign up' is clicked on

2023-03-03 16:12:22 - [MESSAGE][PASSED] - Object: 'Object Repository/00-Signup and Activation/button_Sign up' is clicked on

2023-03-03 16:12:22 - [TEST_STEP][PASSED] - delay(2): Delayed 2 second(s)

2023-03-03 16:12:24 - [MESSAGE][PASSED] - Delayed 2 second(s)

2023-03-03 16:12:24 - [TEST_STEP][PASSED] - executeJavaScript("window.open();", []): Execute JavaScript 'window.open();' successfully

2023-03-03 16:12:24 - [MESSAGE][PASSED] - Execute JavaScript 'window.open();' successfully

2023-03-03 16:12:24 - [TEST_STEP][PASSED] - currentWindow = getWindowIndex(): Current window's index is: 0

2023-03-03 16:12:24 - [MESSAGE][PASSED] - Current window's index is: 0

2023-03-03 16:12:24 - [TEST_STEP][PASSED] - delay(3): Delayed 3 second(s)

2023-03-03 16:12:27 - [MESSAGE][PASSED] - Delayed 3 second(s)

2023-03-03 16:12:27 - [TEST_STEP][PASSED] - switchToWindowIndex(currentWindow + 1): Switched to window with index: '1'

2023-03-03 16:12:28 - [MESSAGE][PASSED] - Switched to window with index: '1'

2023-03-03 16:12:28 - [TEST_STEP][PASSED] - navigateToUrl("https://www.mailinator.com/"): Navigate to 'https://www.mailinator.com/' successfully

2023-03-03 16:12:33 - [MESSAGE][PASSED] - Navigate to 'https://www.mailinator.com/' successfully

2023-03-03 16:12:33 - [TEST_STEP][PASSED] - delay(3): Delayed 3 second(s)

2023-03-03 16:12:36 - [MESSAGE][PASSED] - Delayed 3 second(s)

2023-03-03 16:12:36 - [TEST_STEP][PASSED] - setText(findTestObject("00-Signup and Activation/zMailinator/input_LOGIN_search"), "autotester1071@mailinator.com"): Text 'autotester1071@mailinator.com' is set on object 'Object Repository/00-Signup and Activation/zMailinator/input_LOGIN_search'

2023-03-03 16:12:38 - [MESSAGE][PASSED] - Text 'autotester1071@mailinator.com' is set on object 'Object Repository/00-Signup and Activation/zMailinator/input_LOGIN_search'

2023-03-03 16:12:38 - [TEST_STEP][PASSED] - click(findTestObject("00-Signup and Activation/zMailinator/gobutton"), STOP_ON_FAILURE): Object: 'Object Repository/00-Signup and Activation/zMailinator/gobutton' is clicked on

2023-03-03 16:12:41 - [MESSAGE][PASSED] - Object: 'Object Repository/00-Signup and Activation/zMailinator/gobutton' is clicked on

2023-03-03 16:12:41 - [TEST_STEP][PASSED] - delay(3): Delayed 3 second(s)

2023-03-03 16:12:44 - [MESSAGE][PASSED] - Delayed 3 second(s)

2023-03-03 16:12:44 - [TEST_STEP][PASSED] - click(findTestObject("00-Signup and Activation/zMailinator/Email - everleagues")): Object: 'Object Repository/00-Signup and Activation/zMailinator/Email - everleagues' is clicked on

2023-03-03 16:12:44 - [MESSAGE][PASSED] - Object: 'Object Repository/00-Signup and Activation/zMailinator/Email - everleagues' is clicked on

2023-03-03 16:12:44 - [TEST_STEP][PASSED] - delay(3): Delayed 3 second(s)

2023-03-03 16:12:47 - [MESSAGE][PASSED] - Delayed 3 second(s)

2023-03-03 16:12:48 - [TEST_STEP][PASSED] - code = getText(findTestObject("Object Repository/06-Teams/For 2FA/2FA code")): Text of object 'Object Repository/06-Teams/For 2FA/2FA code' is: '839952'

2023-03-03 16:12:49 - [MESSAGE][PASSED] - Text of object 'Object Repository/06-Teams/For 2FA/2FA code' is: '839952'

2023-03-03 16:12:49 - [TEST_STEP][PASSED] - delay(3): Delayed 3 second(s)

2023-03-03 16:12:52 - [MESSAGE][PASSED] - Delayed 3 second(s)

2023-03-03 16:12:52 - [TEST_STEP][PASSED] - closeWindowTitle("Mailinator"): Window with title: 'Mailinator' is closed

2023-03-03 16:12:52 - [MESSAGE][PASSED] - Window with title: 'Mailinator' is closed

2023-03-03 16:12:52 - [TEST_STEP][PASSED] - delay(3): Delayed 3 second(s)

2023-03-03 16:12:55 - [MESSAGE][PASSED] - Delayed 3 second(s)

2023-03-03 16:12:55 - [TEST_STEP][PASSED] - switchToWindowIndex(0): Switched to window with index: '0'

2023-03-03 16:12:55 - [MESSAGE][PASSED] - Switched to window with index: '0'

2023-03-03 16:12:55 - [TEST_STEP][PASSED] - delay(3): Delayed 3 second(s)

2023-03-03 16:12:58 - [MESSAGE][PASSED] - Delayed 3 second(s)

2023-03-03 16:12:58 - [TEST_STEP][PASSED] - setText(findTestObject("Object Repository/06-Teams/For 2FA/input_Enter verification code_code"), code): Text '839952' is set on object 'Object Repository/06-Teams/For 2FA/input_Enter verification code_code'

2023-03-03 16:13:01 - [MESSAGE][PASSED] - Text '839952' is set on object 'Object Repository/06-Teams/For 2FA/input_Enter verification code_code'

2023-03-03 16:13:01 - [TEST_STEP][PASSED] - delay(3): Delayed 3 second(s)

2023-03-03 16:13:04 - [MESSAGE][PASSED] - Delayed 3 second(s)

2023-03-03 16:13:04 - [TEST_STEP][PASSED] - click(findTestObject("06-Teams/For 2FA/button_Verify_2FA")): Object: 'Object Repository/06-Teams/For 2FA/button_Verify_2FA' is clicked on

2023-03-03 16:13:05 - [MESSAGE][PASSED] - Object: 'Object Repository/06-Teams/For 2FA/button_Verify_2FA' is clicked on

2023-03-03 16:13:05 - [TEST_STEP][PASSED] - delay(3): Delayed 3 second(s)

2023-03-03 16:13:08 - [MESSAGE][PASSED] - Delayed 3 second(s)]]></system-out>
         <system-err><![CDATA[]]></system-err>
      </testcase>
      <testcase name="Test Cases/00-SignUp and Account Activation/04-Set password" time="45.452" classname="Test Cases/00-SignUp and Account Activation/04-Set password" status="PASSED">
         <system-out><![CDATA[2023-03-03 16:13:08 - [TEST_CASE][PASSED] - Test Cases/00-SignUp and Account Activation/04-Set password: Test Cases/00-SignUp and Account Activation/04-Set password

2023-03-03 16:13:10 - [TEST_STEP][PASSED] - delay(2): Delayed 2 second(s)

2023-03-03 16:13:12 - [MESSAGE][PASSED] - Delayed 2 second(s)

2023-03-03 16:13:12 - [TEST_STEP][PASSED] - setEncryptedText(findTestObject("00-Signup and Activation/input_password"), "8yFRyszE6U6jvsCn51OQbg==", STOP_ON_FAILURE): Text ****** has been set on object 'Object Repository/00-Signup and Activation/input_password'

2023-03-03 16:13:13 - [MESSAGE][PASSED] - Text ****** has been set on object 'Object Repository/00-Signup and Activation/input_password'

2023-03-03 16:13:13 - [TEST_STEP][PASSED] - setEncryptedText(findTestObject("00-Signup and Activation/input_ConfirmPassword"), "8yFRyszE6U6jvsCn51OQbg==", STOP_ON_FAILURE): Text ****** has been set on object 'Object Repository/00-Signup and Activation/input_ConfirmPassword'

2023-03-03 16:13:14 - [MESSAGE][PASSED] - Text ****** has been set on object 'Object Repository/00-Signup and Activation/input_ConfirmPassword'

2023-03-03 16:13:14 - [TEST_STEP][PASSED] - delay(2): Delayed 2 second(s)

2023-03-03 16:13:16 - [MESSAGE][PASSED] - Delayed 2 second(s)

2023-03-03 16:13:16 - [TEST_STEP][PASSED] - click(findTestObject("00-Signup and Activation/show pass")): Object: 'Object Repository/00-Signup and Activation/show pass' is clicked on

2023-03-03 16:13:17 - [MESSAGE][PASSED] - Object: 'Object Repository/00-Signup and Activation/show pass' is clicked on

2023-03-03 16:13:17 - [TEST_STEP][PASSED] - click(findTestObject("00-Signup and Activation/show confirm pass")): Object: 'Object Repository/00-Signup and Activation/show confirm pass' is clicked on

2023-03-03 16:13:19 - [MESSAGE][PASSED] - Object: 'Object Repository/00-Signup and Activation/show confirm pass' is clicked on

2023-03-03 16:13:19 - [TEST_STEP][PASSED] - delay(2): Delayed 2 second(s)

2023-03-03 16:13:21 - [MESSAGE][PASSED] - Delayed 2 second(s)

2023-03-03 16:13:21 - [TEST_STEP][PASSED] - check(findTestObject("00-Signup and Activation/div_checkbox")): Object 'Object Repository/00-Signup and Activation/div_checkbox' is checked

2023-03-03 16:13:22 - [MESSAGE][PASSED] - Object 'Object Repository/00-Signup and Activation/div_checkbox' is checked

2023-03-03 16:13:22 - [TEST_STEP][PASSED] - delay(2): Delayed 2 second(s)

2023-03-03 16:13:24 - [MESSAGE][PASSED] - Delayed 2 second(s)

2023-03-03 16:13:24 - [TEST_STEP][PASSED] - click(findTestObject("00-Signup and Activation/button_Confirm")): Object: 'Object Repository/00-Signup and Activation/button_Confirm' is clicked on

2023-03-03 16:13:24 - [MESSAGE][PASSED] - Object: 'Object Repository/00-Signup and Activation/button_Confirm' is clicked on

2023-03-03 16:13:25 - [TEST_STEP][PASSED] - delay(5): Delayed 5 second(s)

2023-03-03 16:13:30 - [MESSAGE][PASSED] - Delayed 5 second(s)

2023-03-03 16:13:30 - [TEST_STEP][PASSED] - verifyElementVisible(findTestObject("00-Signup and Activation/h4_Welcome to Everleagues")): Object 'Object Repository/00-Signup and Activation/h4_Welcome to Everleagues' is visible

2023-03-03 16:13:40 - [MESSAGE][PASSED] - Object 'Object Repository/00-Signup and Activation/h4_Welcome to Everleagues' is visible

2023-03-03 16:13:40 - [TEST_STEP][PASSED] - verifyElementVisible(findTestObject("00-Signup and Activation/span_CREATE A BUSINESS ORGANIZATION")): Object 'Object Repository/00-Signup and Activation/span_CREATE A BUSINESS ORGANIZATION' is visible

2023-03-03 16:13:41 - [MESSAGE][PASSED] - Object 'Object Repository/00-Signup and Activation/span_CREATE A BUSINESS ORGANIZATION' is visible

2023-03-03 16:13:41 - [TEST_STEP][PASSED] - verifyElementVisible(findTestObject("00-Signup and Activation/span_INVITE FRIENDS  FAMILY")): Object 'Object Repository/00-Signup and Activation/span_INVITE FRIENDS  FAMILY' is visible

2023-03-03 16:13:42 - [MESSAGE][PASSED] - Object 'Object Repository/00-Signup and Activation/span_INVITE FRIENDS  FAMILY' is visible

2023-03-03 16:13:42 - [TEST_STEP][PASSED] - delay(3): Delayed 3 second(s)

2023-03-03 16:13:45 - [MESSAGE][PASSED] - Delayed 3 second(s)

2023-03-03 16:13:45 - [TEST_STEP][PASSED] - click(findTestObject("00-Signup and Activation/button_DO THIS LATER")): Object: 'Object Repository/00-Signup and Activation/button_DO THIS LATER' is clicked on

2023-03-03 16:13:46 - [MESSAGE][PASSED] - Object: 'Object Repository/00-Signup and Activation/button_DO THIS LATER' is clicked on

2023-03-03 16:13:46 - [TEST_STEP][PASSED] - delay(2): Delayed 2 second(s)

2023-03-03 16:13:48 - [MESSAGE][PASSED] - Delayed 2 second(s)

2023-03-03 16:13:48 - [TEST_STEP][PASSED] - verifyElementVisible(findTestObject("00-Signup and Activation/Create your first organization Card")): Object 'Object Repository/00-Signup and Activation/Create your first organization Card' is visible

2023-03-03 16:13:48 - [MESSAGE][PASSED] - Object 'Object Repository/00-Signup and Activation/Create your first organization Card' is visible

2023-03-03 16:13:48 - [TEST_STEP][PASSED] - verifyElementVisible(findTestObject("00-Signup and Activation/Still not sure where to start Card")): Object 'Object Repository/00-Signup and Activation/Still not sure where to start Card' is visible

2023-03-03 16:13:49 - [MESSAGE][PASSED] - Object 'Object Repository/00-Signup and Activation/Still not sure where to start Card' is visible

2023-03-03 16:13:49 - [TEST_STEP][PASSED] - verifyElementVisible(findTestObject("00-Signup and Activation/Welcome to Everleagues Card")): Object 'Object Repository/00-Signup and Activation/Welcome to Everleagues Card' is visible

2023-03-03 16:13:50 - [MESSAGE][PASSED] - Object 'Object Repository/00-Signup and Activation/Welcome to Everleagues Card' is visible

2023-03-03 16:13:50 - [TEST_STEP][PASSED] - delay(2): Delayed 2 second(s)

2023-03-03 16:13:52 - [MESSAGE][PASSED] - Delayed 2 second(s)

2023-03-03 16:13:52 - [TEST_STEP][PASSED] - closeBrowser(): Browser is closed

2023-03-03 16:13:53 - [MESSAGE][PASSED] - Browser is closed]]></system-out>
         <system-err><![CDATA[]]></system-err>
      </testcase>
      <system-out><![CDATA[2023-03-03 16:10:09 - [TEST_SUITE][PASSED] - 00-Signup and Account Activation: Test Cases/00-SignUp and Account Activation/04-Set password]]></system-out>
      <system-err><![CDATA[]]></system-err>
   </testsuite>
</testsuites>
