<?xml version="1.0" encoding="UTF-8"?>
<testsuites name="09.3 - Settings (Invited users)" time="209.465" tests="3" failures="0" errors="0">
   <testsuite name="09.3 - Settings (Invited users)" tests="3" failures="0" errors="0" time="209.465" skipped="0" timestamp="2023-03-01 14:49:38" hostname="asus - DESKTOP-3L3J9C1" id="Test Suites/TS-Organization/09.3 - Settings (Invited users)">
      <properties>
         <property name="deviceName" value=""/>
         <property name="devicePlatform" value=""/>
         <property name="logFolder" value="C:\\Users\\asus\\Katalon Studio\\Everleagues\\Everleagues\\Reports\\20230301_144924\\TS-Organization\\09.3 - Settings (Invited users)\\20230301_144924"/>
         <property name="logFiles" value="C:\\Users\\asus\\Katalon Studio\\Everleagues\\Everleagues\\Reports\\20230301_144924\\TS-Organization\\09.3 - Settings (Invited users)\\20230301_144924\\execution0.log"/>
         <property name="attachments" value=""/>
         <property name="hostName" value="asus - DESKTOP-3L3J9C1"/>
         <property name="os" value="Windows 10 64bit"/>
         <property name="katalonVersion" value="8.4.1.208"/>
         <property name="browser" value="Chrome 110.0.0.0"/>
         <property name="hostAddress" value="10.100.1.179"/>
         <property name="sessionId" value="013bc79559a43a946d8785ee6cc10bd1"/>
         <property name="seleniumVersion" value="3.141.59"/>
         <property name="proxyInformation" value="ProxyInformation { proxyOption=NO_PROXY, proxyServerType=HTTP, username=, password=********, proxyServerAddress=, proxyServerPort=0, executionList=&quot;&quot;, isApplyToDesiredCapabilities=true }"/>
         <property name="platform" value="Windows 10"/>
      </properties>
      <testcase name="Test Cases/09-Settings/16 - Users (Invited User - Search)" time="150.161" classname="Test Cases/09-Settings/16 - Users (Invited User - Search)" status="PASSED">
         <system-out><![CDATA[2023-03-01 14:49:39 - [TEST_CASE][PASSED] - Test Cases/09-Settings/16 - Users (Invited User - Search): Test Cases/09-Settings/16 - Users (Invited User - Search)

2023-03-01 14:49:41 - [TEST_STEP][PASSED] - openBrowser(""): Browser is opened with url: ''

2023-03-01 14:49:43 - [MESSAGE][INFO] - Starting 'Chrome' driver

2023-03-01 14:49:43 - [MESSAGE][INFO] - Action delay is set to 0 milliseconds

2023-03-01 14:49:50 - [MESSAGE][PASSED] - Browser is opened with url: ''

2023-03-01 14:49:50 - [TEST_STEP][PASSED] - navigateToUrl("https://lab.everleagues.com/"): Navigate to 'https://lab.everleagues.com/' successfully

2023-03-01 14:50:09 - [MESSAGE][PASSED] - Navigate to 'https://lab.everleagues.com/' successfully

2023-03-01 14:50:10 - [TEST_STEP][PASSED] - maximizeWindow(): Current window maximized

2023-03-01 14:50:10 - [MESSAGE][PASSED] - Current window maximized

2023-03-01 14:50:10 - [TEST_STEP][PASSED] - callTestCase(findTestCase("01-Login and Forgot Password/04-Login(Valid Credentials-With Subscription)"), [:], STOP_ON_FAILURE): Call Test Case 'Test Cases/01-Login and Forgot Password/04-Login(Valid Credentials-With Subscription)' successfully

2023-03-01 14:50:10 - [TEST_CASE][PASSED] - Test Cases/01-Login and Forgot Password/04-Login(Valid Credentials-With Subscription): Test Cases/01-Login and Forgot Password/04-Login(Valid Credentials-With Subscription)

2023-03-01 14:50:14 - [TEST_STEP][PASSED] - setText(findTestObject("01-Login and Forgot Password/input_Email_email"), "testuser02@mailinator.com"): Text 'testuser02@mailinator.com' is set on object 'Object Repository/01-Login and Forgot Password/input_Email_email'

2023-03-01 14:50:21 - [MESSAGE][PASSED] - Text 'testuser02@mailinator.com' is set on object 'Object Repository/01-Login and Forgot Password/input_Email_email'

2023-03-01 14:50:21 - [TEST_STEP][PASSED] - setEncryptedText(findTestObject("01-Login and Forgot Password/input_Email_password"), "8yFRyszE6U6jvsCn51OQbg=="): Text ****** has been set on object 'Object Repository/01-Login and Forgot Password/input_Email_password'

2023-03-01 14:50:22 - [MESSAGE][PASSED] - Text ****** has been set on object 'Object Repository/01-Login and Forgot Password/input_Email_password'

2023-03-01 14:50:22 - [TEST_STEP][PASSED] - delay(2): Delayed 2 second(s)

2023-03-01 14:50:24 - [MESSAGE][PASSED] - Delayed 2 second(s)

2023-03-01 14:50:24 - [TEST_STEP][PASSED] - click(findTestObject("01-Login and Forgot Password/show pass button")): Object: 'Object Repository/01-Login and Forgot Password/show pass button' is clicked on

2023-03-01 14:50:26 - [MESSAGE][PASSED] - Object: 'Object Repository/01-Login and Forgot Password/show pass button' is clicked on

2023-03-01 14:50:26 - [TEST_STEP][PASSED] - delay(3): Delayed 3 second(s)

2023-03-01 14:50:29 - [MESSAGE][PASSED] - Delayed 3 second(s)

2023-03-01 14:50:29 - [TEST_STEP][PASSED] - click(findTestObject("01-Login and Forgot Password/button_Sign in")): Object: 'Object Repository/01-Login and Forgot Password/button_Sign in' is clicked on

2023-03-01 14:50:30 - [MESSAGE][PASSED] - Object: 'Object Repository/01-Login and Forgot Password/button_Sign in' is clicked on

2023-03-01 14:50:30 - [TEST_STEP][PASSED] - delay(3): Delayed 3 second(s)

2023-03-01 14:50:33 - [MESSAGE][PASSED] - Delayed 3 second(s)

2023-03-01 14:50:33 - [TEST_STEP][PASSED] - click(findTestObject("06-Teams/For 2FA/button_Confirm_2FA")): Object: 'Object Repository/06-Teams/For 2FA/button_Confirm_2FA' is clicked on

2023-03-01 14:50:34 - [MESSAGE][PASSED] - Object: 'Object Repository/06-Teams/For 2FA/button_Confirm_2FA' is clicked on

2023-03-01 14:50:34 - [TEST_STEP][PASSED] - executeJavaScript("window.open();", []): Execute JavaScript 'window.open();' successfully

2023-03-01 14:50:34 - [MESSAGE][PASSED] - Execute JavaScript 'window.open();' successfully

2023-03-01 14:50:34 - [TEST_STEP][PASSED] - currentWindow = getWindowIndex(): Current window's index is: 0

2023-03-01 14:50:35 - [MESSAGE][PASSED] - Current window's index is: 0

2023-03-01 14:50:35 - [TEST_STEP][PASSED] - delay(3): Delayed 3 second(s)

2023-03-01 14:50:38 - [MESSAGE][PASSED] - Delayed 3 second(s)

2023-03-01 14:50:38 - [TEST_STEP][PASSED] - switchToWindowIndex(currentWindow + 1): Switched to window with index: '1'

2023-03-01 14:50:38 - [MESSAGE][PASSED] - Switched to window with index: '1'

2023-03-01 14:50:38 - [TEST_STEP][PASSED] - navigateToUrl("https://www.mailinator.com/"): Navigate to 'https://www.mailinator.com/' successfully

2023-03-01 14:50:47 - [MESSAGE][PASSED] - Navigate to 'https://www.mailinator.com/' successfully

2023-03-01 14:50:47 - [TEST_STEP][PASSED] - delay(3): Delayed 3 second(s)

2023-03-01 14:50:50 - [MESSAGE][PASSED] - Delayed 3 second(s)

2023-03-01 14:50:50 - [TEST_STEP][PASSED] - setText(findTestObject("00-Signup and Activation/zMailinator/input_LOGIN_search"), "testuser02@mailinator.com"): Text 'testuser02@mailinator.com' is set on object 'Object Repository/00-Signup and Activation/zMailinator/input_LOGIN_search'

2023-03-01 14:50:51 - [MESSAGE][PASSED] - Text 'testuser02@mailinator.com' is set on object 'Object Repository/00-Signup and Activation/zMailinator/input_LOGIN_search'

2023-03-01 14:50:51 - [TEST_STEP][PASSED] - click(findTestObject("00-Signup and Activation/zMailinator/gobutton"), STOP_ON_FAILURE): Object: 'Object Repository/00-Signup and Activation/zMailinator/gobutton' is clicked on

2023-03-01 14:50:55 - [MESSAGE][PASSED] - Object: 'Object Repository/00-Signup and Activation/zMailinator/gobutton' is clicked on

2023-03-01 14:50:55 - [TEST_STEP][PASSED] - delay(3): Delayed 3 second(s)

2023-03-01 14:50:58 - [MESSAGE][PASSED] - Delayed 3 second(s)

2023-03-01 14:50:58 - [TEST_STEP][PASSED] - click(findTestObject("00-Signup and Activation/zMailinator/Email - everleagues")): Object: 'Object Repository/00-Signup and Activation/zMailinator/Email - everleagues' is clicked on

2023-03-01 14:50:58 - [MESSAGE][PASSED] - Object: 'Object Repository/00-Signup and Activation/zMailinator/Email - everleagues' is clicked on

2023-03-01 14:50:58 - [TEST_STEP][PASSED] - delay(3): Delayed 3 second(s)

2023-03-01 14:51:01 - [MESSAGE][PASSED] - Delayed 3 second(s)

2023-03-01 14:51:01 - [TEST_STEP][PASSED] - code = getText(findTestObject("Object Repository/06-Teams/For 2FA/2FA code")): Text of object 'Object Repository/06-Teams/For 2FA/2FA code' is: '915070'

2023-03-01 14:51:03 - [MESSAGE][PASSED] - Text of object 'Object Repository/06-Teams/For 2FA/2FA code' is: '915070'

2023-03-01 14:51:03 - [TEST_STEP][PASSED] - delay(3): Delayed 3 second(s)

2023-03-01 14:51:06 - [MESSAGE][PASSED] - Delayed 3 second(s)

2023-03-01 14:51:06 - [TEST_STEP][PASSED] - closeWindowTitle("Mailinator"): Window with title: 'Mailinator' is closed

2023-03-01 14:51:06 - [MESSAGE][PASSED] - Window with title: 'Mailinator' is closed

2023-03-01 14:51:06 - [TEST_STEP][PASSED] - delay(3): Delayed 3 second(s)

2023-03-01 14:51:09 - [MESSAGE][PASSED] - Delayed 3 second(s)

2023-03-01 14:51:09 - [TEST_STEP][PASSED] - switchToWindowIndex(0): Switched to window with index: '0'

2023-03-01 14:51:09 - [MESSAGE][PASSED] - Switched to window with index: '0'

2023-03-01 14:51:09 - [TEST_STEP][PASSED] - delay(3): Delayed 3 second(s)

2023-03-01 14:51:12 - [MESSAGE][PASSED] - Delayed 3 second(s)

2023-03-01 14:51:12 - [TEST_STEP][PASSED] - setText(findTestObject("Object Repository/06-Teams/For 2FA/input_Enter verification code_code"), code): Text '915070' is set on object 'Object Repository/06-Teams/For 2FA/input_Enter verification code_code'

2023-03-01 14:51:14 - [MESSAGE][PASSED] - Text '915070' is set on object 'Object Repository/06-Teams/For 2FA/input_Enter verification code_code'

2023-03-01 14:51:14 - [TEST_STEP][PASSED] - delay(3): Delayed 3 second(s)

2023-03-01 14:51:17 - [MESSAGE][PASSED] - Delayed 3 second(s)

2023-03-01 14:51:17 - [TEST_STEP][PASSED] - click(findTestObject("06-Teams/For 2FA/button_Verify_2FA")): Object: 'Object Repository/06-Teams/For 2FA/button_Verify_2FA' is clicked on

2023-03-01 14:51:18 - [MESSAGE][PASSED] - Object: 'Object Repository/06-Teams/For 2FA/button_Verify_2FA' is clicked on

2023-03-01 14:51:18 - [TEST_STEP][PASSED] - delay(3): Delayed 3 second(s)

2023-03-01 14:51:21 - [MESSAGE][PASSED] - Delayed 3 second(s)

2023-03-01 14:51:21 - [MESSAGE][PASSED] - Call Test Case 'Test Cases/01-Login and Forgot Password/04-Login(Valid Credentials-With Subscription)' successfully

2023-03-01 14:51:21 - [TEST_STEP][PASSED] - click(findTestObject("06-Teams/button_doublearrow")): Object: 'Object Repository/06-Teams/button_doublearrow' is clicked on

2023-03-01 14:51:25 - [MESSAGE][PASSED] - Object: 'Object Repository/06-Teams/button_doublearrow' is clicked on

2023-03-01 14:51:25 - [TEST_STEP][PASSED] - click(findTestObject("06-Teams/button_My Organizations")): Object: 'Object Repository/06-Teams/button_My Organizations' is clicked on

2023-03-01 14:51:26 - [MESSAGE][PASSED] - Object: 'Object Repository/06-Teams/button_My Organizations' is clicked on

2023-03-01 14:51:26 - [TEST_STEP][PASSED] - click(findTestObject("06-Teams/button_GG Automation")): Object: 'Object Repository/06-Teams/button_GG Automation' is clicked on

2023-03-01 14:51:27 - [MESSAGE][PASSED] - Object: 'Object Repository/06-Teams/button_GG Automation' is clicked on

2023-03-01 14:51:27 - [TEST_STEP][PASSED] - delay(4): Delayed 4 second(s)

2023-03-01 14:51:31 - [MESSAGE][PASSED] - Delayed 4 second(s)

2023-03-01 14:51:31 - [TEST_STEP][PASSED] - verifyElementVisible(findTestObject("06-Teams/span_GG Automation")): Object 'Object Repository/06-Teams/span_GG Automation' is visible

2023-03-01 14:51:32 - [MESSAGE][PASSED] - Object 'Object Repository/06-Teams/span_GG Automation' is visible

2023-03-01 14:51:32 - [TEST_STEP][PASSED] - delay(5): Delayed 5 second(s)

2023-03-01 14:51:37 - [MESSAGE][PASSED] - Delayed 5 second(s)

2023-03-01 14:51:37 - [TEST_STEP][PASSED] - click(findTestObject("03-Header Menu/Hamburger Button/div_Settings")): Object: 'Object Repository/03-Header Menu/Hamburger Button/div_Settings' is clicked on

2023-03-01 14:51:38 - [MESSAGE][PASSED] - Object: 'Object Repository/03-Header Menu/Hamburger Button/div_Settings' is clicked on

2023-03-01 14:51:38 - [TEST_STEP][PASSED] - verifyElementVisible(findTestObject("09-Settings/Users/div_Organization")): Object 'Object Repository/09-Settings/Users/div_Organization' is visible

2023-03-01 14:51:39 - [MESSAGE][PASSED] - Object 'Object Repository/09-Settings/Users/div_Organization' is visible

2023-03-01 14:51:39 - [TEST_STEP][PASSED] - verifyElementVisible(findTestObject("09-Settings/Users/div_Organization Units")): Object 'Object Repository/09-Settings/Users/div_Organization Units' is visible

2023-03-01 14:51:40 - [MESSAGE][PASSED] - Object 'Object Repository/09-Settings/Users/div_Organization Units' is visible

2023-03-01 14:51:40 - [TEST_STEP][PASSED] - verifyElementVisible(findTestObject("09-Settings/Users/div_Subscriptions")): Object 'Object Repository/09-Settings/Users/div_Subscriptions' is visible

2023-03-01 14:51:40 - [MESSAGE][PASSED] - Object 'Object Repository/09-Settings/Users/div_Subscriptions' is visible

2023-03-01 14:51:40 - [TEST_STEP][PASSED] - scrollToElement(findTestObject("09-Settings/Users/div_Users"), 0): Scroll to object 'Object Repository/09-Settings/Users/div_Users' successfully

2023-03-01 14:51:41 - [MESSAGE][WARNING] - Timeout '0' is invalid. Using default page load timeout: '30'

2023-03-01 14:51:42 - [MESSAGE][PASSED] - Scroll to object 'Object Repository/09-Settings/Users/div_Users' successfully

2023-03-01 14:51:42 - [TEST_STEP][PASSED] - verifyElementVisible(findTestObject("09-Settings/Users/div_Users")): Object 'Object Repository/09-Settings/Users/div_Users' is visible

2023-03-01 14:51:42 - [MESSAGE][PASSED] - Object 'Object Repository/09-Settings/Users/div_Users' is visible

2023-03-01 14:51:42 - [TEST_STEP][PASSED] - delay(3): Delayed 3 second(s)

2023-03-01 14:51:45 - [MESSAGE][PASSED] - Delayed 3 second(s)

2023-03-01 14:51:45 - [TEST_STEP][PASSED] - click(findTestObject("09-Settings/Users/div_Users")): Object: 'Object Repository/09-Settings/Users/div_Users' is clicked on

2023-03-01 14:51:47 - [MESSAGE][PASSED] - Object: 'Object Repository/09-Settings/Users/div_Users' is clicked on

2023-03-01 14:51:47 - [TEST_STEP][PASSED] - verifyElementVisible(findTestObject("09-Settings/Users/h4_USERS")): Object 'Object Repository/09-Settings/Users/h4_USERS' is visible

2023-03-01 14:51:48 - [MESSAGE][PASSED] - Object 'Object Repository/09-Settings/Users/h4_USERS' is visible

2023-03-01 14:51:48 - [TEST_STEP][PASSED] - verifyElementVisible(findTestObject("09-Settings/Users/Invited Users/div_Invited Users")): Object 'Object Repository/09-Settings/Users/Invited Users/div_Invited Users' is visible

2023-03-01 14:51:49 - [MESSAGE][PASSED] - Object 'Object Repository/09-Settings/Users/Invited Users/div_Invited Users' is visible

2023-03-01 14:51:49 - [TEST_STEP][PASSED] - click(findTestObject("09-Settings/Users/Invited Users/div_Invited Users")): Object: 'Object Repository/09-Settings/Users/Invited Users/div_Invited Users' is clicked on

2023-03-01 14:51:50 - [MESSAGE][PASSED] - Object: 'Object Repository/09-Settings/Users/Invited Users/div_Invited Users' is clicked on

2023-03-01 14:51:50 - [TEST_STEP][PASSED] - delay(4): Delayed 4 second(s)

2023-03-01 14:51:54 - [MESSAGE][PASSED] - Delayed 4 second(s)

2023-03-01 14:51:54 - [TEST_STEP][PASSED] - click(findTestObject("09-Settings/Users/Active User/button_search")): Object: 'Object Repository/09-Settings/Users/Active User/button_search' is clicked on

2023-03-01 14:51:55 - [MESSAGE][PASSED] - Object: 'Object Repository/09-Settings/Users/Active User/button_search' is clicked on

2023-03-01 14:51:55 - [TEST_STEP][PASSED] - delay(3): Delayed 3 second(s)

2023-03-01 14:51:58 - [MESSAGE][PASSED] - Delayed 3 second(s)

2023-03-01 14:51:58 - [TEST_STEP][PASSED] - click(findTestObject("09-Settings/Users/Active User/button_arrow_back")): Object: 'Object Repository/09-Settings/Users/Active User/button_arrow_back' is clicked on

2023-03-01 14:51:59 - [MESSAGE][PASSED] - Object: 'Object Repository/09-Settings/Users/Active User/button_arrow_back' is clicked on

2023-03-01 14:51:59 - [TEST_STEP][PASSED] - delay(3): Delayed 3 second(s)

2023-03-01 14:52:02 - [MESSAGE][PASSED] - Delayed 3 second(s)

2023-03-01 14:52:02 - [TEST_STEP][PASSED] - click(findTestObject("09-Settings/Users/Active User/button_search")): Object: 'Object Repository/09-Settings/Users/Active User/button_search' is clicked on

2023-03-01 14:52:03 - [MESSAGE][PASSED] - Object: 'Object Repository/09-Settings/Users/Active User/button_search' is clicked on

2023-03-01 14:52:03 - [TEST_STEP][PASSED] - setText(findTestObject("09-Settings/Users/Active User/Search field"), "test3"): Text 'test3' is set on object 'Object Repository/09-Settings/Users/Active User/Search field'

2023-03-01 14:52:05 - [MESSAGE][PASSED] - Text 'test3' is set on object 'Object Repository/09-Settings/Users/Active User/Search field'

2023-03-01 14:52:05 - [TEST_STEP][PASSED] - delay(1): Delayed 1 second(s)

2023-03-01 14:52:06 - [MESSAGE][PASSED] - Delayed 1 second(s)

2023-03-01 14:52:06 - [TEST_STEP][PASSED] - click(findTestObject("09-Settings/Users/Active User/button_Cancel")): Object: 'Object Repository/09-Settings/Users/Active User/button_Cancel' is clicked on

2023-03-01 14:52:06 - [MESSAGE][PASSED] - Object: 'Object Repository/09-Settings/Users/Active User/button_Cancel' is clicked on

2023-03-01 14:52:06 - [TEST_STEP][PASSED] - delay(3): Delayed 3 second(s)

2023-03-01 14:52:09 - [MESSAGE][PASSED] - Delayed 3 second(s)]]></system-out>
         <system-err><![CDATA[]]></system-err>
      </testcase>
      <testcase name="Test Cases/09-Settings/17 - Users (Invited User - Resend Invitation)" time="12.427" classname="Test Cases/09-Settings/17 - Users (Invited User - Resend Invitation)" status="PASSED">
         <system-out><![CDATA[2023-03-01 14:52:09 - [TEST_CASE][PASSED] - Test Cases/09-Settings/17 - Users (Invited User - Resend Invitation): Test Cases/09-Settings/17 - Users (Invited User - Resend Invitation)

2023-03-01 14:52:11 - [TEST_STEP][PASSED] - verifyElementVisible(findTestObject("09-Settings/Users/Invited Users/div_CTCSV test 3")): Object 'Object Repository/09-Settings/Users/Invited Users/div_CTCSV test 3' is visible

2023-03-01 14:52:12 - [MESSAGE][PASSED] - Object 'Object Repository/09-Settings/Users/Invited Users/div_CTCSV test 3' is visible

2023-03-01 14:52:12 - [TEST_STEP][PASSED] - delay(3): Delayed 3 second(s)

2023-03-01 14:52:15 - [MESSAGE][PASSED] - Delayed 3 second(s)

2023-03-01 14:52:15 - [TEST_STEP][PASSED] - click(findTestObject("09-Settings/Users/Invited Users/button_resendInvitation")): Object: 'Object Repository/09-Settings/Users/Invited Users/button_resendInvitation' is clicked on

2023-03-01 14:52:16 - [MESSAGE][PASSED] - Object: 'Object Repository/09-Settings/Users/Invited Users/button_resendInvitation' is clicked on

2023-03-01 14:52:16 - [TEST_STEP][PASSED] - click(findTestObject("09-Settings/Users/Invited Users/span_Successfully resent invite")): Object: 'Object Repository/09-Settings/Users/Invited Users/span_Successfully resent invite' is clicked on

2023-03-01 14:52:19 - [MESSAGE][PASSED] - Object: 'Object Repository/09-Settings/Users/Invited Users/span_Successfully resent invite' is clicked on

2023-03-01 14:52:19 - [TEST_STEP][PASSED] - delay(3): Delayed 3 second(s)

2023-03-01 14:52:22 - [MESSAGE][PASSED] - Delayed 3 second(s)]]></system-out>
         <system-err><![CDATA[]]></system-err>
      </testcase>
      <testcase name="Test Cases/09-Settings/18 - Users (Invited User - Delete Invite)" time="45.541" classname="Test Cases/09-Settings/18 - Users (Invited User - Delete Invite)" status="PASSED">
         <system-out><![CDATA[2023-03-01 14:52:22 - [TEST_CASE][PASSED] - Test Cases/09-Settings/18 - Users (Invited User - Delete Invite): Test Cases/09-Settings/18 - Users (Invited User - Delete Invite)

2023-03-01 14:52:24 - [TEST_STEP][PASSED] - delay(3): Delayed 3 second(s)

2023-03-01 14:52:27 - [MESSAGE][PASSED] - Delayed 3 second(s)

2023-03-01 14:52:27 - [TEST_STEP][PASSED] - verifyElementVisible(findTestObject("09-Settings/Users/Invited Users/div_GG Auto")): Object 'Object Repository/09-Settings/Users/Invited Users/div_GG Auto' is visible

2023-03-01 14:52:27 - [MESSAGE][PASSED] - Object 'Object Repository/09-Settings/Users/Invited Users/div_GG Auto' is visible

2023-03-01 14:52:27 - [TEST_STEP][PASSED] - delay(3): Delayed 3 second(s)

2023-03-01 14:52:30 - [MESSAGE][PASSED] - Delayed 3 second(s)

2023-03-01 14:52:30 - [TEST_STEP][PASSED] - click(findTestObject("09-Settings/Users/Invited Users/button_deleteInvite")): Object: 'Object Repository/09-Settings/Users/Invited Users/button_deleteInvite' is clicked on

2023-03-01 14:52:32 - [MESSAGE][PASSED] - Object: 'Object Repository/09-Settings/Users/Invited Users/button_deleteInvite' is clicked on

2023-03-01 14:52:32 - [TEST_STEP][PASSED] - verifyElementVisible(findTestObject("09-Settings/Users/Invited Users/h4_Delete Invitation")): Object 'Object Repository/09-Settings/Users/Invited Users/h4_Delete Invitation' is visible

2023-03-01 14:52:33 - [MESSAGE][PASSED] - Object 'Object Repository/09-Settings/Users/Invited Users/h4_Delete Invitation' is visible

2023-03-01 14:52:33 - [TEST_STEP][PASSED] - delay(1): Delayed 1 second(s)

2023-03-01 14:52:34 - [MESSAGE][PASSED] - Delayed 1 second(s)

2023-03-01 14:52:34 - [TEST_STEP][PASSED] - click(findTestObject("09-Settings/Users/Active User/button_Cancel_restore")): Object: 'Object Repository/09-Settings/Users/Active User/button_Cancel_restore' is clicked on

2023-03-01 14:52:34 - [MESSAGE][PASSED] - Object: 'Object Repository/09-Settings/Users/Active User/button_Cancel_restore' is clicked on

2023-03-01 14:52:34 - [TEST_STEP][PASSED] - delay(3): Delayed 3 second(s)

2023-03-01 14:52:37 - [MESSAGE][PASSED] - Delayed 3 second(s)

2023-03-01 14:52:37 - [TEST_STEP][PASSED] - verifyElementVisible(findTestObject("09-Settings/Users/Invited Users/div_GG Auto")): Object 'Object Repository/09-Settings/Users/Invited Users/div_GG Auto' is visible

2023-03-01 14:52:38 - [MESSAGE][PASSED] - Object 'Object Repository/09-Settings/Users/Invited Users/div_GG Auto' is visible

2023-03-01 14:52:38 - [TEST_STEP][PASSED] - click(findTestObject("09-Settings/Users/Invited Users/button_deleteInvite")): Object: 'Object Repository/09-Settings/Users/Invited Users/button_deleteInvite' is clicked on

2023-03-01 14:52:39 - [MESSAGE][PASSED] - Object: 'Object Repository/09-Settings/Users/Invited Users/button_deleteInvite' is clicked on

2023-03-01 14:52:39 - [TEST_STEP][PASSED] - verifyElementVisible(findTestObject("09-Settings/Users/Invited Users/h4_Delete Invitation")): Object 'Object Repository/09-Settings/Users/Invited Users/h4_Delete Invitation' is visible

2023-03-01 14:52:40 - [MESSAGE][PASSED] - Object 'Object Repository/09-Settings/Users/Invited Users/h4_Delete Invitation' is visible

2023-03-01 14:52:40 - [TEST_STEP][PASSED] - click(findTestObject("09-Settings/Users/Active User/button_Delete")): Object: 'Object Repository/09-Settings/Users/Active User/button_Delete' is clicked on

2023-03-01 14:52:42 - [MESSAGE][PASSED] - Object: 'Object Repository/09-Settings/Users/Active User/button_Delete' is clicked on

2023-03-01 14:52:42 - [TEST_STEP][PASSED] - delay(3): Delayed 3 second(s)

2023-03-01 14:52:45 - [MESSAGE][PASSED] - Delayed 3 second(s)

2023-03-01 14:52:45 - [TEST_STEP][PASSED] - verifyElementVisible(findTestObject("09-Settings/Users/Invited Users/div_CTCSV test 3")): Object 'Object Repository/09-Settings/Users/Invited Users/div_CTCSV test 3' is visible

2023-03-01 14:52:45 - [MESSAGE][PASSED] - Object 'Object Repository/09-Settings/Users/Invited Users/div_CTCSV test 3' is visible

2023-03-01 14:52:45 - [TEST_STEP][PASSED] - click(findTestObject("09-Settings/Users/Invited Users/button_deleteInvite")): Object: 'Object Repository/09-Settings/Users/Invited Users/button_deleteInvite' is clicked on

2023-03-01 14:52:46 - [MESSAGE][PASSED] - Object: 'Object Repository/09-Settings/Users/Invited Users/button_deleteInvite' is clicked on

2023-03-01 14:52:46 - [TEST_STEP][PASSED] - click(findTestObject("09-Settings/Users/Active User/button_Delete")): Object: 'Object Repository/09-Settings/Users/Active User/button_Delete' is clicked on

2023-03-01 14:52:47 - [MESSAGE][PASSED] - Object: 'Object Repository/09-Settings/Users/Active User/button_Delete' is clicked on

2023-03-01 14:52:47 - [TEST_STEP][PASSED] - delay(3): Delayed 3 second(s)

2023-03-01 14:52:50 - [MESSAGE][PASSED] - Delayed 3 second(s)

2023-03-01 14:52:50 - [TEST_STEP][PASSED] - verifyElementVisible(findTestObject("09-Settings/Users/Invited Users/div_CTCSV test 2")): Object 'Object Repository/09-Settings/Users/Invited Users/div_CTCSV test 2' is visible

2023-03-01 14:52:51 - [MESSAGE][PASSED] - Object 'Object Repository/09-Settings/Users/Invited Users/div_CTCSV test 2' is visible

2023-03-01 14:52:51 - [TEST_STEP][PASSED] - click(findTestObject("09-Settings/Users/Invited Users/button_deleteInvite")): Object: 'Object Repository/09-Settings/Users/Invited Users/button_deleteInvite' is clicked on

2023-03-01 14:52:52 - [MESSAGE][PASSED] - Object: 'Object Repository/09-Settings/Users/Invited Users/button_deleteInvite' is clicked on

2023-03-01 14:52:52 - [TEST_STEP][PASSED] - click(findTestObject("09-Settings/Users/Active User/button_Delete")): Object: 'Object Repository/09-Settings/Users/Active User/button_Delete' is clicked on

2023-03-01 14:52:53 - [MESSAGE][PASSED] - Object: 'Object Repository/09-Settings/Users/Active User/button_Delete' is clicked on

2023-03-01 14:52:53 - [TEST_STEP][PASSED] - delay(3): Delayed 3 second(s)

2023-03-01 14:52:56 - [MESSAGE][PASSED] - Delayed 3 second(s)

2023-03-01 14:52:56 - [TEST_STEP][PASSED] - verifyElementVisible(findTestObject("09-Settings/Users/Invited Users/div_CTCSV test 1")): Object 'Object Repository/09-Settings/Users/Invited Users/div_CTCSV test 1' is visible

2023-03-01 14:52:57 - [MESSAGE][PASSED] - Object 'Object Repository/09-Settings/Users/Invited Users/div_CTCSV test 1' is visible

2023-03-01 14:52:57 - [TEST_STEP][PASSED] - click(findTestObject("09-Settings/Users/Invited Users/button_deleteInvite")): Object: 'Object Repository/09-Settings/Users/Invited Users/button_deleteInvite' is clicked on

2023-03-01 14:52:58 - [MESSAGE][PASSED] - Object: 'Object Repository/09-Settings/Users/Invited Users/button_deleteInvite' is clicked on

2023-03-01 14:52:58 - [TEST_STEP][PASSED] - click(findTestObject("09-Settings/Users/Active User/button_Delete")): Object: 'Object Repository/09-Settings/Users/Active User/button_Delete' is clicked on

2023-03-01 14:52:59 - [MESSAGE][PASSED] - Object: 'Object Repository/09-Settings/Users/Active User/button_Delete' is clicked on

2023-03-01 14:52:59 - [TEST_STEP][PASSED] - click(findTestObject("09-Settings/Users/Invited Users/span_Successfully deleted invite")): Object: 'Object Repository/09-Settings/Users/Invited Users/span_Successfully deleted invite' is clicked on

2023-03-01 14:53:02 - [MESSAGE][PASSED] - Object: 'Object Repository/09-Settings/Users/Invited Users/span_Successfully deleted invite' is clicked on

2023-03-01 14:53:02 - [TEST_STEP][PASSED] - delay(4): Delayed 4 second(s)

2023-03-01 14:53:06 - [MESSAGE][PASSED] - Delayed 4 second(s)

2023-03-01 14:53:06 - [TEST_STEP][PASSED] - closeBrowser(): Browser is closed

2023-03-01 14:53:07 - [MESSAGE][PASSED] - Browser is closed]]></system-out>
         <system-err><![CDATA[]]></system-err>
      </testcase>
      <system-out><![CDATA[2023-03-01 14:49:38 - [TEST_SUITE][PASSED] - 09.3 - Settings (Invited users): Test Cases/09-Settings/18 - Users (Invited User - Delete Invite)]]></system-out>
      <system-err><![CDATA[]]></system-err>
   </testsuite>
</testsuites>
