<?xml version="1.0" encoding="UTF-8"?>
<testsuites name="09.1 - Settings (Invite users)" time="892.454" tests="5" failures="0" errors="0">
   <testsuite name="09.1 - Settings (Invite users)" tests="5" failures="0" errors="0" time="892.454" skipped="0" timestamp="2022-12-05 16:36:30" hostname="User - DESKTOP-QCRNR4M" id="Test Suites/TS-Organization/09.1 - Settings (Invite users)">
      <properties>
         <property name="deviceName" value=""/>
         <property name="devicePlatform" value=""/>
         <property name="logFolder" value="C:\\Users\\User\\Katalon Studio\\EverleaguesMain\\Reports\\20221205_163627\\TS-Organization\\09.1 - Settings (Invite users)\\20221205_163627"/>
         <property name="logFiles" value="C:\\Users\\User\\Katalon Studio\\EverleaguesMain\\Reports\\20221205_163627\\TS-Organization\\09.1 - Settings (Invite users)\\20221205_163627\\execution0.log"/>
         <property name="attachments" value=""/>
         <property name="hostName" value="User - DESKTOP-QCRNR4M"/>
         <property name="os" value="Windows 10 64bit"/>
         <property name="katalonVersion" value="8.4.1.208"/>
         <property name="browser" value="Chrome 108.0.0.0"/>
         <property name="hostAddress" value="192.168.5.124"/>
         <property name="sessionId" value="14c4af651132a5d18964f9017390045d"/>
         <property name="seleniumVersion" value="3.141.59"/>
         <property name="proxyInformation" value="ProxyInformation { proxyOption=NO_PROXY, proxyServerType=HTTP, username=, password=********, proxyServerAddress=, proxyServerPort=0, executionList=&quot;&quot;, isApplyToDesiredCapabilities=true }"/>
         <property name="platform" value="Windows 10"/>
      </properties>
      <testcase name="Test Cases/09-Settings/01 - Users (Invite new user but field are blank)" time="89.7" classname="Test Cases/09-Settings/01 - Users (Invite new user but field are blank)" status="PASSED">
         <system-out><![CDATA[2022-12-05 16:36:30 - [TEST_CASE][PASSED] - Test Cases/09-Settings/01 - Users (Invite new user but field are blank): Test Cases/09-Settings/01 - Users (Invite new user but field are blank)

2022-12-05 16:36:30 - [TEST_STEP][PASSED] - openBrowser(""): Browser is opened with url: ''

2022-12-05 16:36:31 - [MESSAGE][INFO] - Starting 'Chrome' driver

2022-12-05 16:36:31 - [MESSAGE][INFO] - Action delay is set to 0 milliseconds

2022-12-05 16:36:33 - [MESSAGE][PASSED] - Browser is opened with url: ''

2022-12-05 16:36:33 - [TEST_STEP][PASSED] - navigateToUrl("https://lab.everleagues.com/"): Navigate to 'https://lab.everleagues.com/' successfully

2022-12-05 16:36:47 - [MESSAGE][PASSED] - Navigate to 'https://lab.everleagues.com/' successfully

2022-12-05 16:36:47 - [TEST_STEP][PASSED] - maximizeWindow(): Current window maximized

2022-12-05 16:36:48 - [MESSAGE][PASSED] - Current window maximized

2022-12-05 16:36:48 - [TEST_STEP][PASSED] - setText(findTestObject("02-Side Icons(Organization)/Add Contact/Email Field"), "testuser02@mailinator.com"): Text 'testuser02@mailinator.com' is set on object 'Object Repository/02-Side Icons(Organization)/Add Contact/Email Field'

2022-12-05 16:36:48 - [MESSAGE][PASSED] - Text 'testuser02@mailinator.com' is set on object 'Object Repository/02-Side Icons(Organization)/Add Contact/Email Field'

2022-12-05 16:36:48 - [TEST_STEP][PASSED] - setEncryptedText(findTestObject("02-Side Icons(Organization)/Add Contact/Password Field"), "8yFRyszE6U6jvsCn51OQbg=="): Text ****** has been set on object 'Object Repository/02-Side Icons(Organization)/Add Contact/Password Field'

2022-12-05 16:36:49 - [MESSAGE][PASSED] - Text ****** has been set on object 'Object Repository/02-Side Icons(Organization)/Add Contact/Password Field'

2022-12-05 16:36:49 - [TEST_STEP][PASSED] - click(findTestObject("02-Side Icons(Organization)/Add Contact/button_Sign in")): Object: 'Object Repository/02-Side Icons(Organization)/Add Contact/button_Sign in' is clicked on

2022-12-05 16:36:50 - [MESSAGE][PASSED] - Object: 'Object Repository/02-Side Icons(Organization)/Add Contact/button_Sign in' is clicked on

2022-12-05 16:36:50 - [TEST_STEP][PASSED] - delay(2): Delayed 2 second(s)

2022-12-05 16:36:52 - [MESSAGE][PASSED] - Delayed 2 second(s)

2022-12-05 16:36:52 - [TEST_STEP][PASSED] - click(findTestObject("06-Teams/For 2FA/button_Confirm_2FA")): Object: 'Object Repository/06-Teams/For 2FA/button_Confirm_2FA' is clicked on

2022-12-05 16:36:52 - [MESSAGE][PASSED] - Object: 'Object Repository/06-Teams/For 2FA/button_Confirm_2FA' is clicked on

2022-12-05 16:36:52 - [TEST_STEP][PASSED] - executeJavaScript("window.open();", []): Execute JavaScript 'window.open();' successfully

2022-12-05 16:36:52 - [MESSAGE][PASSED] - Execute JavaScript 'window.open();' successfully

2022-12-05 16:36:52 - [TEST_STEP][PASSED] - currentWindow = getWindowIndex(): Current window's index is: 0

2022-12-05 16:36:52 - [MESSAGE][PASSED] - Current window's index is: 0

2022-12-05 16:36:52 - [TEST_STEP][PASSED] - delay(3): Delayed 3 second(s)

2022-12-05 16:36:55 - [MESSAGE][PASSED] - Delayed 3 second(s)

2022-12-05 16:36:55 - [TEST_STEP][PASSED] - switchToWindowIndex(currentWindow + 1): Switched to window with index: '1'

2022-12-05 16:36:55 - [MESSAGE][PASSED] - Switched to window with index: '1'

2022-12-05 16:36:55 - [TEST_STEP][PASSED] - navigateToUrl("https://www.mailinator.com/"): Navigate to 'https://www.mailinator.com/' successfully

2022-12-05 16:36:57 - [MESSAGE][PASSED] - Navigate to 'https://www.mailinator.com/' successfully

2022-12-05 16:36:57 - [TEST_STEP][PASSED] - delay(3): Delayed 3 second(s)

2022-12-05 16:37:00 - [MESSAGE][PASSED] - Delayed 3 second(s)

2022-12-05 16:37:00 - [TEST_STEP][PASSED] - setText(findTestObject("00-Signup and Activation/zMailinator/input_LOGIN_search"), "testuser02@mailinator.com"): Text 'testuser02@mailinator.com' is set on object 'Object Repository/00-Signup and Activation/zMailinator/input_LOGIN_search'

2022-12-05 16:37:01 - [MESSAGE][PASSED] - Text 'testuser02@mailinator.com' is set on object 'Object Repository/00-Signup and Activation/zMailinator/input_LOGIN_search'

2022-12-05 16:37:01 - [TEST_STEP][PASSED] - click(findTestObject("00-Signup and Activation/zMailinator/gobutton"), STOP_ON_FAILURE): Object: 'Object Repository/00-Signup and Activation/zMailinator/gobutton' is clicked on

2022-12-05 16:37:03 - [MESSAGE][PASSED] - Object: 'Object Repository/00-Signup and Activation/zMailinator/gobutton' is clicked on

2022-12-05 16:37:03 - [TEST_STEP][PASSED] - delay(3): Delayed 3 second(s)

2022-12-05 16:37:06 - [MESSAGE][PASSED] - Delayed 3 second(s)

2022-12-05 16:37:06 - [TEST_STEP][PASSED] - click(findTestObject("00-Signup and Activation/zMailinator/Email - everleagues")): Object: 'Object Repository/00-Signup and Activation/zMailinator/Email - everleagues' is clicked on

2022-12-05 16:37:06 - [MESSAGE][PASSED] - Object: 'Object Repository/00-Signup and Activation/zMailinator/Email - everleagues' is clicked on

2022-12-05 16:37:06 - [TEST_STEP][PASSED] - delay(3): Delayed 3 second(s)

2022-12-05 16:37:09 - [MESSAGE][PASSED] - Delayed 3 second(s)

2022-12-05 16:37:09 - [TEST_STEP][PASSED] - code = getText(findTestObject("Object Repository/06-Teams/For 2FA/2FA code")): Text of object 'Object Repository/06-Teams/For 2FA/2FA code' is: '818119'

2022-12-05 16:37:10 - [MESSAGE][PASSED] - Text of object 'Object Repository/06-Teams/For 2FA/2FA code' is: '818119'

2022-12-05 16:37:10 - [TEST_STEP][PASSED] - delay(3): Delayed 3 second(s)

2022-12-05 16:37:13 - [MESSAGE][PASSED] - Delayed 3 second(s)

2022-12-05 16:37:13 - [TEST_STEP][PASSED] - closeWindowTitle("Mailinator"): Window with title: 'Mailinator' is closed

2022-12-05 16:37:13 - [MESSAGE][PASSED] - Window with title: 'Mailinator' is closed

2022-12-05 16:37:13 - [TEST_STEP][PASSED] - delay(3): Delayed 3 second(s)

2022-12-05 16:37:16 - [MESSAGE][PASSED] - Delayed 3 second(s)

2022-12-05 16:37:16 - [TEST_STEP][PASSED] - switchToWindowIndex(0): Switched to window with index: '0'

2022-12-05 16:37:16 - [MESSAGE][PASSED] - Switched to window with index: '0'

2022-12-05 16:37:16 - [TEST_STEP][PASSED] - delay(3): Delayed 3 second(s)

2022-12-05 16:37:19 - [MESSAGE][PASSED] - Delayed 3 second(s)

2022-12-05 16:37:19 - [TEST_STEP][PASSED] - setText(findTestObject("Object Repository/06-Teams/For 2FA/input_Enter verification code_code"), code): Text '818119' is set on object 'Object Repository/06-Teams/For 2FA/input_Enter verification code_code'

2022-12-05 16:37:20 - [MESSAGE][PASSED] - Text '818119' is set on object 'Object Repository/06-Teams/For 2FA/input_Enter verification code_code'

2022-12-05 16:37:20 - [TEST_STEP][PASSED] - delay(3): Delayed 3 second(s)

2022-12-05 16:37:23 - [MESSAGE][PASSED] - Delayed 3 second(s)

2022-12-05 16:37:23 - [TEST_STEP][PASSED] - click(findTestObject("06-Teams/For 2FA/button_Verify_2FA")): Object: 'Object Repository/06-Teams/For 2FA/button_Verify_2FA' is clicked on

2022-12-05 16:37:23 - [MESSAGE][PASSED] - Object: 'Object Repository/06-Teams/For 2FA/button_Verify_2FA' is clicked on

2022-12-05 16:37:23 - [TEST_STEP][PASSED] - delay(5): Delayed 5 second(s)

2022-12-05 16:37:28 - [MESSAGE][PASSED] - Delayed 5 second(s)

2022-12-05 16:37:28 - [TEST_STEP][PASSED] - click(findTestObject("06-Teams/button_doublearrow")): Object: 'Object Repository/06-Teams/button_doublearrow' is clicked on

2022-12-05 16:37:29 - [MESSAGE][PASSED] - Object: 'Object Repository/06-Teams/button_doublearrow' is clicked on

2022-12-05 16:37:29 - [TEST_STEP][PASSED] - click(findTestObject("06-Teams/button_My Organizations")): Object: 'Object Repository/06-Teams/button_My Organizations' is clicked on

2022-12-05 16:37:29 - [MESSAGE][PASSED] - Object: 'Object Repository/06-Teams/button_My Organizations' is clicked on

2022-12-05 16:37:29 - [TEST_STEP][PASSED] - click(findTestObject("06-Teams/button_GG Automation")): Object: 'Object Repository/06-Teams/button_GG Automation' is clicked on

2022-12-05 16:37:30 - [MESSAGE][PASSED] - Object: 'Object Repository/06-Teams/button_GG Automation' is clicked on

2022-12-05 16:37:30 - [TEST_STEP][PASSED] - delay(4): Delayed 4 second(s)

2022-12-05 16:37:34 - [MESSAGE][PASSED] - Delayed 4 second(s)

2022-12-05 16:37:34 - [TEST_STEP][PASSED] - verifyElementVisible(findTestObject("06-Teams/span_GG Automation")): Object 'Object Repository/06-Teams/span_GG Automation' is visible

2022-12-05 16:37:35 - [MESSAGE][PASSED] - Object 'Object Repository/06-Teams/span_GG Automation' is visible

2022-12-05 16:37:35 - [TEST_STEP][PASSED] - delay(5): Delayed 5 second(s)

2022-12-05 16:37:40 - [MESSAGE][PASSED] - Delayed 5 second(s)

2022-12-05 16:37:40 - [TEST_STEP][PASSED] - click(findTestObject("03-Header Menu/Hamburger Button/div_Settings")): Object: 'Object Repository/03-Header Menu/Hamburger Button/div_Settings' is clicked on

2022-12-05 16:37:40 - [MESSAGE][PASSED] - Object: 'Object Repository/03-Header Menu/Hamburger Button/div_Settings' is clicked on

2022-12-05 16:37:40 - [TEST_STEP][PASSED] - verifyElementVisible(findTestObject("09-Settings/Users/div_Organization")): Object 'Object Repository/09-Settings/Users/div_Organization' is visible

2022-12-05 16:37:40 - [MESSAGE][PASSED] - Object 'Object Repository/09-Settings/Users/div_Organization' is visible

2022-12-05 16:37:40 - [TEST_STEP][PASSED] - verifyElementVisible(findTestObject("09-Settings/Users/div_Organization Units")): Object 'Object Repository/09-Settings/Users/div_Organization Units' is visible

2022-12-05 16:37:41 - [MESSAGE][PASSED] - Object 'Object Repository/09-Settings/Users/div_Organization Units' is visible

2022-12-05 16:37:41 - [TEST_STEP][PASSED] - verifyElementVisible(findTestObject("09-Settings/Users/div_Subscriptions")): Object 'Object Repository/09-Settings/Users/div_Subscriptions' is visible

2022-12-05 16:37:41 - [MESSAGE][PASSED] - Object 'Object Repository/09-Settings/Users/div_Subscriptions' is visible

2022-12-05 16:37:41 - [TEST_STEP][PASSED] - verifyElementVisible(findTestObject("09-Settings/Users/div_Users")): Object 'Object Repository/09-Settings/Users/div_Users' is visible

2022-12-05 16:37:42 - [MESSAGE][PASSED] - Object 'Object Repository/09-Settings/Users/div_Users' is visible

2022-12-05 16:37:42 - [TEST_STEP][PASSED] - delay(3): Delayed 3 second(s)

2022-12-05 16:37:45 - [MESSAGE][PASSED] - Delayed 3 second(s)

2022-12-05 16:37:45 - [TEST_STEP][PASSED] - click(findTestObject("09-Settings/Users/div_Users")): Object: 'Object Repository/09-Settings/Users/div_Users' is clicked on

2022-12-05 16:37:45 - [MESSAGE][PASSED] - Object: 'Object Repository/09-Settings/Users/div_Users' is clicked on

2022-12-05 16:37:45 - [TEST_STEP][PASSED] - verifyElementVisible(findTestObject("09-Settings/Users/h4_USERS")): Object 'Object Repository/09-Settings/Users/h4_USERS' is visible

2022-12-05 16:37:46 - [MESSAGE][PASSED] - Object 'Object Repository/09-Settings/Users/h4_USERS' is visible

2022-12-05 16:37:46 - [TEST_STEP][PASSED] - verifyElementVisible(findTestObject("09-Settings/Users/User Page")): Object 'Object Repository/09-Settings/Users/User Page' is visible

2022-12-05 16:37:47 - [MESSAGE][PASSED] - Object 'Object Repository/09-Settings/Users/User Page' is visible

2022-12-05 16:37:47 - [TEST_STEP][PASSED] - delay(3): Delayed 3 second(s)

2022-12-05 16:37:50 - [MESSAGE][PASSED] - Delayed 3 second(s)

2022-12-05 16:37:50 - [TEST_STEP][PASSED] - click(findTestObject("09-Settings/Users/button_add")): Object: 'Object Repository/09-Settings/Users/button_add' is clicked on

2022-12-05 16:37:50 - [MESSAGE][PASSED] - Object: 'Object Repository/09-Settings/Users/button_add' is clicked on

2022-12-05 16:37:50 - [TEST_STEP][PASSED] - verifyElementVisible(findTestObject("09-Settings/Users/User Invitation modal")): Object 'Object Repository/09-Settings/Users/User Invitation modal' is visible

2022-12-05 16:37:51 - [MESSAGE][PASSED] - Object 'Object Repository/09-Settings/Users/User Invitation modal' is visible

2022-12-05 16:37:51 - [TEST_STEP][PASSED] - delay(3): Delayed 3 second(s)

2022-12-05 16:37:54 - [MESSAGE][PASSED] - Delayed 3 second(s)

2022-12-05 16:37:54 - [TEST_STEP][PASSED] - click(findTestObject("09-Settings/Users/add Invite a single user")): Object: 'Object Repository/09-Settings/Users/add Invite a single user' is clicked on

2022-12-05 16:37:54 - [MESSAGE][PASSED] - Object: 'Object Repository/09-Settings/Users/add Invite a single user' is clicked on

2022-12-05 16:37:54 - [TEST_STEP][PASSED] - verifyElementVisible(findTestObject("09-Settings/Users/Invite new user modal")): Object 'Object Repository/09-Settings/Users/Invite new user modal' is visible

2022-12-05 16:37:55 - [MESSAGE][PASSED] - Object 'Object Repository/09-Settings/Users/Invite new user modal' is visible

2022-12-05 16:37:55 - [TEST_STEP][PASSED] - click(findTestObject("09-Settings/Users/input_email")): Object: 'Object Repository/09-Settings/Users/input_email' is clicked on

2022-12-05 16:37:55 - [MESSAGE][PASSED] - Object: 'Object Repository/09-Settings/Users/input_email' is clicked on

2022-12-05 16:37:55 - [TEST_STEP][PASSED] - click(findTestObject("09-Settings/Users/input_firstName")): Object: 'Object Repository/09-Settings/Users/input_firstName' is clicked on

2022-12-05 16:37:56 - [MESSAGE][PASSED] - Object: 'Object Repository/09-Settings/Users/input_firstName' is clicked on

2022-12-05 16:37:56 - [TEST_STEP][PASSED] - click(findTestObject("09-Settings/Users/input_lastName")): Object: 'Object Repository/09-Settings/Users/input_lastName' is clicked on

2022-12-05 16:37:56 - [MESSAGE][PASSED] - Object: 'Object Repository/09-Settings/Users/input_lastName' is clicked on

2022-12-05 16:37:56 - [TEST_STEP][PASSED] - click(findTestObject("09-Settings/Users/span_Role")): Object: 'Object Repository/09-Settings/Users/span_Role' is clicked on

2022-12-05 16:37:57 - [MESSAGE][PASSED] - Object: 'Object Repository/09-Settings/Users/span_Role' is clicked on

2022-12-05 16:37:57 - [TEST_STEP][PASSED] - clickOffset(findTestObject("09-Settings/Users/h4_Invite New User"), 100, 100): Object: 'Object Repository/09-Settings/Users/h4_Invite New User' is clicked on using offset x=100 and y=100

2022-12-05 16:37:58 - [MESSAGE][PASSED] - Object: 'Object Repository/09-Settings/Users/h4_Invite New User' is clicked on using offset x=100 and y=100

2022-12-05 16:37:58 - [TEST_STEP][PASSED] - verifyElementVisible(findTestObject("09-Settings/Users/Email required")): Object 'Object Repository/09-Settings/Users/Email required' is visible

2022-12-05 16:37:59 - [MESSAGE][PASSED] - Object 'Object Repository/09-Settings/Users/Email required' is visible

2022-12-05 16:37:59 - [TEST_STEP][PASSED] - verifyElementVisible(findTestObject("09-Settings/Users/Firstname required")): Object 'Object Repository/09-Settings/Users/Firstname required' is visible

2022-12-05 16:37:59 - [MESSAGE][PASSED] - Object 'Object Repository/09-Settings/Users/Firstname required' is visible

2022-12-05 16:37:59 - [TEST_STEP][PASSED] - verifyElementVisible(findTestObject("09-Settings/Users/last name required")): Object 'Object Repository/09-Settings/Users/last name required' is visible

2022-12-05 16:37:59 - [MESSAGE][PASSED] - Object 'Object Repository/09-Settings/Users/last name required' is visible

2022-12-05 16:37:59 - [TEST_STEP][PASSED] - verifyElementVisible(findTestObject("09-Settings/Users/error_Select a role")): Object 'Object Repository/09-Settings/Users/error_Select a role' is visible

2022-12-05 16:38:00 - [MESSAGE][PASSED] - Object 'Object Repository/09-Settings/Users/error_Select a role' is visible]]></system-out>
         <system-err><![CDATA[]]></system-err>
      </testcase>
      <testcase name="Test Cases/09-Settings/02 - Users (Invite new user as co worker)" time="339.067" classname="Test Cases/09-Settings/02 - Users (Invite new user as co worker)" status="PASSED">
         <system-out><![CDATA[2022-12-05 16:38:00 - [TEST_CASE][PASSED] - Test Cases/09-Settings/02 - Users (Invite new user as co worker): Test Cases/09-Settings/02 - Users (Invite new user as co worker)

2022-12-05 16:38:00 - [TEST_STEP][PASSED] - delay(3): Delayed 3 second(s)

2022-12-05 16:38:03 - [MESSAGE][PASSED] - Delayed 3 second(s)

2022-12-05 16:38:03 - [TEST_STEP][PASSED] - setText(findTestObject("09-Settings/Users/input_email"), "autotester04@mailinator.com"): Text 'autotester04@mailinator.com' is set on object 'Object Repository/09-Settings/Users/input_email'

2022-12-05 16:38:04 - [MESSAGE][PASSED] - Text 'autotester04@mailinator.com' is set on object 'Object Repository/09-Settings/Users/input_email'

2022-12-05 16:38:04 - [TEST_STEP][PASSED] - setText(findTestObject("09-Settings/Users/input_firstName"), "GG"): Text 'GG' is set on object 'Object Repository/09-Settings/Users/input_firstName'

2022-12-05 16:38:05 - [MESSAGE][PASSED] - Text 'GG' is set on object 'Object Repository/09-Settings/Users/input_firstName'

2022-12-05 16:38:05 - [TEST_STEP][PASSED] - setText(findTestObject("09-Settings/Users/input_lastName"), "Auto Contact 2"): Text 'Auto Contact 2' is set on object 'Object Repository/09-Settings/Users/input_lastName'

2022-12-05 16:38:06 - [MESSAGE][PASSED] - Text 'Auto Contact 2' is set on object 'Object Repository/09-Settings/Users/input_lastName'

2022-12-05 16:38:06 - [TEST_STEP][PASSED] - click(findTestObject("09-Settings/Users/span_Role")): Object: 'Object Repository/09-Settings/Users/span_Role' is clicked on

2022-12-05 16:38:06 - [MESSAGE][PASSED] - Object: 'Object Repository/09-Settings/Users/span_Role' is clicked on

2022-12-05 16:38:06 - [TEST_STEP][PASSED] - click(findTestObject("09-Settings/Users/span_CoWorker")): Object: 'Object Repository/09-Settings/Users/span_CoWorker' is clicked on

2022-12-05 16:38:07 - [MESSAGE][PASSED] - Object: 'Object Repository/09-Settings/Users/span_CoWorker' is clicked on

2022-12-05 16:38:07 - [TEST_STEP][PASSED] - click(findTestObject("09-Settings/Users/button_Send Invitation")): Object: 'Object Repository/09-Settings/Users/button_Send Invitation' is clicked on

2022-12-05 16:38:08 - [MESSAGE][PASSED] - Object: 'Object Repository/09-Settings/Users/button_Send Invitation' is clicked on

2022-12-05 16:38:08 - [TEST_STEP][PASSED] - delay(2): Delayed 2 second(s)

2022-12-05 16:38:10 - [MESSAGE][PASSED] - Delayed 2 second(s)

2022-12-05 16:38:10 - [TEST_STEP][PASSED] - verifyElementVisible(findTestObject("07-Directory/Connections/zContact Profile/Successfully invited user")): Object 'Object Repository/07-Directory/Connections/zContact Profile/Successfully invited user' is visible

2022-12-05 16:38:11 - [MESSAGE][PASSED] - Object 'Object Repository/07-Directory/Connections/zContact Profile/Successfully invited user' is visible

2022-12-05 16:38:11 - [TEST_STEP][PASSED] - delay(2): Delayed 2 second(s)

2022-12-05 16:38:13 - [MESSAGE][PASSED] - Delayed 2 second(s)

2022-12-05 16:38:13 - [TEST_STEP][PASSED] - executeJavaScript("window.open();", []): Execute JavaScript 'window.open();' successfully

2022-12-05 16:38:13 - [MESSAGE][PASSED] - Execute JavaScript 'window.open();' successfully

2022-12-05 16:38:13 - [TEST_STEP][PASSED] - currentWindow = getWindowIndex(): Current window's index is: 0

2022-12-05 16:38:13 - [MESSAGE][PASSED] - Current window's index is: 0

2022-12-05 16:38:13 - [TEST_STEP][PASSED] - delay(3): Delayed 3 second(s)

2022-12-05 16:38:16 - [MESSAGE][PASSED] - Delayed 3 second(s)

2022-12-05 16:38:16 - [TEST_STEP][PASSED] - switchToWindowIndex(currentWindow + 1): Switched to window with index: '1'

2022-12-05 16:38:16 - [MESSAGE][PASSED] - Switched to window with index: '1'

2022-12-05 16:38:16 - [TEST_STEP][PASSED] - navigateToUrl("https://www.mailinator.com/"): Navigate to 'https://www.mailinator.com/' successfully

2022-12-05 16:38:17 - [MESSAGE][PASSED] - Navigate to 'https://www.mailinator.com/' successfully

2022-12-05 16:38:17 - [TEST_STEP][PASSED] - delay(3): Delayed 3 second(s)

2022-12-05 16:38:20 - [MESSAGE][PASSED] - Delayed 3 second(s)

2022-12-05 16:38:20 - [TEST_STEP][PASSED] - setText(findTestObject("00-Signup and Activation/zMailinator/input_LOGIN_search"), "autotester04@mailinator.com"): Text 'autotester04@mailinator.com' is set on object 'Object Repository/00-Signup and Activation/zMailinator/input_LOGIN_search'

2022-12-05 16:38:21 - [MESSAGE][PASSED] - Text 'autotester04@mailinator.com' is set on object 'Object Repository/00-Signup and Activation/zMailinator/input_LOGIN_search'

2022-12-05 16:38:21 - [TEST_STEP][PASSED] - click(findTestObject("00-Signup and Activation/zMailinator/gobutton"), STOP_ON_FAILURE): Object: 'Object Repository/00-Signup and Activation/zMailinator/gobutton' is clicked on

2022-12-05 16:38:22 - [MESSAGE][PASSED] - Object: 'Object Repository/00-Signup and Activation/zMailinator/gobutton' is clicked on

2022-12-05 16:38:22 - [TEST_STEP][PASSED] - delay(3): Delayed 3 second(s)

2022-12-05 16:38:25 - [MESSAGE][PASSED] - Delayed 3 second(s)

2022-12-05 16:38:25 - [TEST_STEP][PASSED] - closeWindowTitle("Everleagues"): Window with title: 'Everleagues' is closed

2022-12-05 16:38:25 - [MESSAGE][PASSED] - Window with title: 'Everleagues' is closed

2022-12-05 16:38:25 - [TEST_STEP][PASSED] - switchToWindowIndex(0): Switched to window with index: '0'

2022-12-05 16:38:25 - [MESSAGE][PASSED] - Switched to window with index: '0'

2022-12-05 16:38:25 - [TEST_STEP][PASSED] - click(findTestObject("09-Settings/Users/Co worker/td_Invitation from GG Automation")): Object: 'Object Repository/09-Settings/Users/Co worker/td_Invitation from GG Automation' is clicked on

2022-12-05 16:38:25 - [MESSAGE][PASSED] - Object: 'Object Repository/09-Settings/Users/Co worker/td_Invitation from GG Automation' is clicked on

2022-12-05 16:38:25 - [TEST_STEP][PASSED] - click(findTestObject("09-Settings/Users/Co worker/a_Click here to join GG Automation on EverLeagues")): Object: 'Object Repository/09-Settings/Users/Co worker/a_Click here to join GG Automation on EverLeagues' is clicked on

2022-12-05 16:38:26 - [MESSAGE][PASSED] - Object: 'Object Repository/09-Settings/Users/Co worker/a_Click here to join GG Automation on EverLeagues' is clicked on

2022-12-05 16:38:26 - [TEST_STEP][PASSED] - closeWindowTitle("Mailinator"): Window with title: 'Mailinator' is closed

2022-12-05 16:38:26 - [MESSAGE][PASSED] - Window with title: 'Mailinator' is closed

2022-12-05 16:38:26 - [TEST_STEP][PASSED] - switchToWindowIndex(0): Switched to window with index: '0'

2022-12-05 16:38:26 - [MESSAGE][PASSED] - Switched to window with index: '0'

2022-12-05 16:38:26 - [TEST_STEP][PASSED] - verifyElementVisible(findTestObject("09-Settings/Users/Co worker/Logout before proceed modal")): Object 'Object Repository/09-Settings/Users/Co worker/Logout before proceed modal' is visible

2022-12-05 16:38:32 - [MESSAGE][PASSED] - Object 'Object Repository/09-Settings/Users/Co worker/Logout before proceed modal' is visible

2022-12-05 16:38:32 - [TEST_STEP][PASSED] - click(findTestObject("09-Settings/Users/Co worker/button_Yes")): Object: 'Object Repository/09-Settings/Users/Co worker/button_Yes' is clicked on

2022-12-05 16:38:32 - [MESSAGE][PASSED] - Object: 'Object Repository/09-Settings/Users/Co worker/button_Yes' is clicked on

2022-12-05 16:38:32 - [TEST_STEP][PASSED] - delay(3): Delayed 3 second(s)

2022-12-05 16:38:35 - [MESSAGE][PASSED] - Delayed 3 second(s)

2022-12-05 16:38:35 - [TEST_STEP][PASSED] - setText(findTestObject("09-Settings/Users/Co worker/input_Email_email"), "autotester04@mailinator.com"): Text 'autotester04@mailinator.com' is set on object 'Object Repository/09-Settings/Users/Co worker/input_Email_email'

2022-12-05 16:39:36 - [MESSAGE][PASSED] - Text 'autotester04@mailinator.com' is set on object 'Object Repository/09-Settings/Users/Co worker/input_Email_email'

2022-12-05 16:39:36 - [TEST_STEP][PASSED] - setEncryptedText(findTestObject("09-Settings/Users/Co worker/input__password"), "8yFRyszE6U6jvsCn51OQbg=="): Text ****** has been set on object 'Object Repository/09-Settings/Users/Co worker/input__password'

2022-12-05 16:40:06 - [MESSAGE][PASSED] - Text ****** has been set on object 'Object Repository/09-Settings/Users/Co worker/input__password'

2022-12-05 16:40:06 - [TEST_STEP][PASSED] - click(findTestObject("02-Side Icons(Organization)/Add Contact/button_Sign in")): Object: 'Object Repository/02-Side Icons(Organization)/Add Contact/button_Sign in' is clicked on

2022-12-05 16:40:36 - [MESSAGE][PASSED] - Object: 'Object Repository/02-Side Icons(Organization)/Add Contact/button_Sign in' is clicked on

2022-12-05 16:40:36 - [TEST_STEP][PASSED] - delay(2): Delayed 2 second(s)

2022-12-05 16:40:38 - [MESSAGE][PASSED] - Delayed 2 second(s)

2022-12-05 16:40:38 - [TEST_STEP][PASSED] - click(findTestObject("06-Teams/For 2FA/button_Confirm_2FA")): Object: 'Object Repository/06-Teams/For 2FA/button_Confirm_2FA' is clicked on

2022-12-05 16:41:08 - [MESSAGE][PASSED] - Object: 'Object Repository/06-Teams/For 2FA/button_Confirm_2FA' is clicked on

2022-12-05 16:41:08 - [TEST_STEP][PASSED] - executeJavaScript("window.open();", []): Execute JavaScript 'window.open();' successfully

2022-12-05 16:41:09 - [MESSAGE][PASSED] - Execute JavaScript 'window.open();' successfully

2022-12-05 16:41:09 - [TEST_STEP][PASSED] - currentWindow = getWindowIndex(): Current window's index is: 0

2022-12-05 16:41:09 - [MESSAGE][PASSED] - Current window's index is: 0

2022-12-05 16:41:09 - [TEST_STEP][PASSED] - delay(3): Delayed 3 second(s)

2022-12-05 16:41:12 - [MESSAGE][PASSED] - Delayed 3 second(s)

2022-12-05 16:41:12 - [TEST_STEP][PASSED] - switchToWindowIndex(currentWindow + 1): Switched to window with index: '1'

2022-12-05 16:41:12 - [MESSAGE][PASSED] - Switched to window with index: '1'

2022-12-05 16:41:12 - [TEST_STEP][PASSED] - navigateToUrl("https://www.mailinator.com/"): Navigate to 'https://www.mailinator.com/' successfully

2022-12-05 16:41:13 - [MESSAGE][PASSED] - Navigate to 'https://www.mailinator.com/' successfully

2022-12-05 16:41:13 - [TEST_STEP][PASSED] - delay(3): Delayed 3 second(s)

2022-12-05 16:41:16 - [MESSAGE][PASSED] - Delayed 3 second(s)

2022-12-05 16:41:16 - [TEST_STEP][PASSED] - setText(findTestObject("00-Signup and Activation/zMailinator/input_LOGIN_search"), "autotester04@mailinator.com"): Text 'autotester04@mailinator.com' is set on object 'Object Repository/00-Signup and Activation/zMailinator/input_LOGIN_search'

2022-12-05 16:41:17 - [MESSAGE][PASSED] - Text 'autotester04@mailinator.com' is set on object 'Object Repository/00-Signup and Activation/zMailinator/input_LOGIN_search'

2022-12-05 16:41:17 - [TEST_STEP][PASSED] - click(findTestObject("00-Signup and Activation/zMailinator/gobutton"), STOP_ON_FAILURE): Object: 'Object Repository/00-Signup and Activation/zMailinator/gobutton' is clicked on

2022-12-05 16:41:18 - [MESSAGE][PASSED] - Object: 'Object Repository/00-Signup and Activation/zMailinator/gobutton' is clicked on

2022-12-05 16:41:18 - [TEST_STEP][PASSED] - delay(3): Delayed 3 second(s)

2022-12-05 16:41:21 - [MESSAGE][PASSED] - Delayed 3 second(s)

2022-12-05 16:41:21 - [TEST_STEP][PASSED] - click(findTestObject("00-Signup and Activation/zMailinator/Email - everleagues")): Object: 'Object Repository/00-Signup and Activation/zMailinator/Email - everleagues' is clicked on

2022-12-05 16:41:22 - [MESSAGE][PASSED] - Object: 'Object Repository/00-Signup and Activation/zMailinator/Email - everleagues' is clicked on

2022-12-05 16:41:22 - [TEST_STEP][PASSED] - delay(3): Delayed 3 second(s)

2022-12-05 16:41:25 - [MESSAGE][PASSED] - Delayed 3 second(s)

2022-12-05 16:41:25 - [TEST_STEP][PASSED] - codetwo = getText(findTestObject("Object Repository/06-Teams/For 2FA/2FA code")): Text of object 'Object Repository/06-Teams/For 2FA/2FA code' is: '331774'

2022-12-05 16:41:25 - [MESSAGE][PASSED] - Text of object 'Object Repository/06-Teams/For 2FA/2FA code' is: '331774'

2022-12-05 16:41:25 - [TEST_STEP][PASSED] - delay(3): Delayed 3 second(s)

2022-12-05 16:41:28 - [MESSAGE][PASSED] - Delayed 3 second(s)

2022-12-05 16:41:28 - [TEST_STEP][PASSED] - closeWindowTitle("Mailinator"): Window with title: 'Mailinator' is closed

2022-12-05 16:41:28 - [MESSAGE][PASSED] - Window with title: 'Mailinator' is closed

2022-12-05 16:41:28 - [TEST_STEP][PASSED] - delay(3): Delayed 3 second(s)

2022-12-05 16:41:31 - [MESSAGE][PASSED] - Delayed 3 second(s)

2022-12-05 16:41:31 - [TEST_STEP][PASSED] - switchToWindowIndex(0): Switched to window with index: '0'

2022-12-05 16:41:31 - [MESSAGE][PASSED] - Switched to window with index: '0'

2022-12-05 16:41:31 - [TEST_STEP][PASSED] - delay(3): Delayed 3 second(s)

2022-12-05 16:41:34 - [MESSAGE][PASSED] - Delayed 3 second(s)

2022-12-05 16:41:34 - [TEST_STEP][PASSED] - setText(findTestObject("Object Repository/06-Teams/For 2FA/input_Enter verification code_code"), codetwo): Text '331774' is set on object 'Object Repository/06-Teams/For 2FA/input_Enter verification code_code'

2022-12-05 16:42:34 - [MESSAGE][PASSED] - Text '331774' is set on object 'Object Repository/06-Teams/For 2FA/input_Enter verification code_code'

2022-12-05 16:42:34 - [TEST_STEP][PASSED] - delay(3): Delayed 3 second(s)

2022-12-05 16:42:37 - [MESSAGE][PASSED] - Delayed 3 second(s)

2022-12-05 16:42:37 - [TEST_STEP][PASSED] - click(findTestObject("06-Teams/For 2FA/button_Verify_2FA")): Object: 'Object Repository/06-Teams/For 2FA/button_Verify_2FA' is clicked on

2022-12-05 16:43:08 - [MESSAGE][PASSED] - Object: 'Object Repository/06-Teams/For 2FA/button_Verify_2FA' is clicked on

2022-12-05 16:43:08 - [TEST_STEP][PASSED] - delay(5): Delayed 5 second(s)

2022-12-05 16:43:13 - [MESSAGE][PASSED] - Delayed 5 second(s)

2022-12-05 16:43:13 - [TEST_STEP][PASSED] - executeJavaScript("window.open();", []): Execute JavaScript 'window.open();' successfully

2022-12-05 16:43:13 - [MESSAGE][PASSED] - Execute JavaScript 'window.open();' successfully

2022-12-05 16:43:13 - [TEST_STEP][PASSED] - currentWindow = getWindowIndex(): Current window's index is: 0

2022-12-05 16:43:13 - [MESSAGE][PASSED] - Current window's index is: 0

2022-12-05 16:43:13 - [TEST_STEP][PASSED] - delay(3): Delayed 3 second(s)

2022-12-05 16:43:16 - [MESSAGE][PASSED] - Delayed 3 second(s)

2022-12-05 16:43:16 - [TEST_STEP][PASSED] - switchToWindowIndex(currentWindow + 1): Switched to window with index: '1'

2022-12-05 16:43:16 - [MESSAGE][PASSED] - Switched to window with index: '1'

2022-12-05 16:43:16 - [TEST_STEP][PASSED] - navigateToUrl("https://www.mailinator.com/"): Navigate to 'https://www.mailinator.com/' successfully

2022-12-05 16:43:17 - [MESSAGE][PASSED] - Navigate to 'https://www.mailinator.com/' successfully

2022-12-05 16:43:17 - [TEST_STEP][PASSED] - delay(3): Delayed 3 second(s)

2022-12-05 16:43:20 - [MESSAGE][PASSED] - Delayed 3 second(s)

2022-12-05 16:43:20 - [TEST_STEP][PASSED] - setText(findTestObject("00-Signup and Activation/zMailinator/input_LOGIN_search"), "autotester04@mailinator.com"): Text 'autotester04@mailinator.com' is set on object 'Object Repository/00-Signup and Activation/zMailinator/input_LOGIN_search'

2022-12-05 16:43:21 - [MESSAGE][PASSED] - Text 'autotester04@mailinator.com' is set on object 'Object Repository/00-Signup and Activation/zMailinator/input_LOGIN_search'

2022-12-05 16:43:21 - [TEST_STEP][PASSED] - click(findTestObject("00-Signup and Activation/zMailinator/gobutton"), STOP_ON_FAILURE): Object: 'Object Repository/00-Signup and Activation/zMailinator/gobutton' is clicked on

2022-12-05 16:43:22 - [MESSAGE][PASSED] - Object: 'Object Repository/00-Signup and Activation/zMailinator/gobutton' is clicked on

2022-12-05 16:43:22 - [TEST_STEP][PASSED] - delay(3): Delayed 3 second(s)

2022-12-05 16:43:25 - [MESSAGE][PASSED] - Delayed 3 second(s)

2022-12-05 16:43:25 - [TEST_STEP][PASSED] - closeWindowTitle("Everleagues"): Window with title: 'Everleagues' is closed

2022-12-05 16:43:25 - [MESSAGE][PASSED] - Window with title: 'Everleagues' is closed

2022-12-05 16:43:25 - [TEST_STEP][PASSED] - switchToWindowIndex(0): Switched to window with index: '0'

2022-12-05 16:43:25 - [MESSAGE][PASSED] - Switched to window with index: '0'

2022-12-05 16:43:25 - [TEST_STEP][PASSED] - click(findTestObject("09-Settings/Users/Co worker/td_Invitation from GG Automation")): Object: 'Object Repository/09-Settings/Users/Co worker/td_Invitation from GG Automation' is clicked on

2022-12-05 16:43:25 - [MESSAGE][PASSED] - Object: 'Object Repository/09-Settings/Users/Co worker/td_Invitation from GG Automation' is clicked on

2022-12-05 16:43:25 - [TEST_STEP][PASSED] - click(findTestObject("09-Settings/Users/Co worker/a_Click here to join GG Automation on EverLeagues")): Object: 'Object Repository/09-Settings/Users/Co worker/a_Click here to join GG Automation on EverLeagues' is clicked on

2022-12-05 16:43:26 - [MESSAGE][PASSED] - Object: 'Object Repository/09-Settings/Users/Co worker/a_Click here to join GG Automation on EverLeagues' is clicked on

2022-12-05 16:43:26 - [TEST_STEP][PASSED] - delay(3): Delayed 3 second(s)

2022-12-05 16:43:29 - [MESSAGE][PASSED] - Delayed 3 second(s)

2022-12-05 16:43:29 - [TEST_STEP][PASSED] - closeWindowTitle("Mailinator"): Window with title: 'Mailinator' is closed

2022-12-05 16:43:30 - [MESSAGE][PASSED] - Window with title: 'Mailinator' is closed

2022-12-05 16:43:30 - [TEST_STEP][PASSED] - switchToWindowIndex(0): Switched to window with index: '0'

2022-12-05 16:43:30 - [MESSAGE][PASSED] - Switched to window with index: '0'

2022-12-05 16:43:30 - [TEST_STEP][PASSED] - verifyElementVisible(findTestObject("09-Settings/Users/Co worker/Invite modal")): Object 'Object Repository/09-Settings/Users/Co worker/Invite modal' is visible

2022-12-05 16:43:31 - [MESSAGE][PASSED] - Object 'Object Repository/09-Settings/Users/Co worker/Invite modal' is visible

2022-12-05 16:43:31 - [TEST_STEP][PASSED] - click(findTestObject("09-Settings/Users/Co worker/button_Accept")): Object: 'Object Repository/09-Settings/Users/Co worker/button_Accept' is clicked on

2022-12-05 16:43:32 - [MESSAGE][PASSED] - Object: 'Object Repository/09-Settings/Users/Co worker/button_Accept' is clicked on

2022-12-05 16:43:32 - [TEST_STEP][PASSED] - delay(5): Delayed 5 second(s)

2022-12-05 16:43:37 - [MESSAGE][PASSED] - Delayed 5 second(s)

2022-12-05 16:43:37 - [TEST_STEP][PASSED] - verifyElementVisible(findTestObject("09-Settings/Users/Co worker/div_Joined as CoWorker")): Object 'Object Repository/09-Settings/Users/Co worker/div_Joined as CoWorker' is visible

2022-12-05 16:43:38 - [MESSAGE][PASSED] - Object 'Object Repository/09-Settings/Users/Co worker/div_Joined as CoWorker' is visible

2022-12-05 16:43:38 - [TEST_STEP][PASSED] - closeBrowser(): Browser is closed

2022-12-05 16:43:39 - [MESSAGE][PASSED] - Browser is closed]]></system-out>
         <system-err><![CDATA[]]></system-err>
      </testcase>
      <testcase name="Test Cases/09-Settings/03 - Users (Invite new user as client)" time="179.674" classname="Test Cases/09-Settings/03 - Users (Invite new user as client)" status="PASSED">
         <system-out><![CDATA[2022-12-05 16:43:39 - [TEST_CASE][PASSED] - Test Cases/09-Settings/03 - Users (Invite new user as client): Test Cases/09-Settings/03 - Users (Invite new user as client)

2022-12-05 16:43:39 - [TEST_STEP][PASSED] - openBrowser(""): Browser is opened with url: ''

2022-12-05 16:43:39 - [MESSAGE][INFO] - Starting 'Chrome' driver

2022-12-05 16:43:39 - [MESSAGE][INFO] - Action delay is set to 0 milliseconds

2022-12-05 16:43:40 - [MESSAGE][PASSED] - Browser is opened with url: ''

2022-12-05 16:43:40 - [TEST_STEP][PASSED] - navigateToUrl("https://lab.everleagues.com/"): Navigate to 'https://lab.everleagues.com/' successfully

2022-12-05 16:43:51 - [MESSAGE][PASSED] - Navigate to 'https://lab.everleagues.com/' successfully

2022-12-05 16:43:51 - [TEST_STEP][PASSED] - maximizeWindow(): Current window maximized

2022-12-05 16:43:52 - [MESSAGE][PASSED] - Current window maximized

2022-12-05 16:43:52 - [TEST_STEP][PASSED] - setText(findTestObject("02-Side Icons(Organization)/Add Contact/Email Field"), "testuser02@mailinator.com"): Text 'testuser02@mailinator.com' is set on object 'Object Repository/02-Side Icons(Organization)/Add Contact/Email Field'

2022-12-05 16:43:52 - [MESSAGE][PASSED] - Text 'testuser02@mailinator.com' is set on object 'Object Repository/02-Side Icons(Organization)/Add Contact/Email Field'

2022-12-05 16:43:52 - [TEST_STEP][PASSED] - setEncryptedText(findTestObject("02-Side Icons(Organization)/Add Contact/Password Field"), "8yFRyszE6U6jvsCn51OQbg=="): Text ****** has been set on object 'Object Repository/02-Side Icons(Organization)/Add Contact/Password Field'

2022-12-05 16:43:53 - [MESSAGE][PASSED] - Text ****** has been set on object 'Object Repository/02-Side Icons(Organization)/Add Contact/Password Field'

2022-12-05 16:43:53 - [TEST_STEP][PASSED] - click(findTestObject("02-Side Icons(Organization)/Add Contact/button_Sign in")): Object: 'Object Repository/02-Side Icons(Organization)/Add Contact/button_Sign in' is clicked on

2022-12-05 16:43:54 - [MESSAGE][PASSED] - Object: 'Object Repository/02-Side Icons(Organization)/Add Contact/button_Sign in' is clicked on

2022-12-05 16:43:54 - [TEST_STEP][PASSED] - delay(2): Delayed 2 second(s)

2022-12-05 16:43:56 - [MESSAGE][PASSED] - Delayed 2 second(s)

2022-12-05 16:43:56 - [TEST_STEP][PASSED] - click(findTestObject("06-Teams/For 2FA/button_Confirm_2FA")): Object: 'Object Repository/06-Teams/For 2FA/button_Confirm_2FA' is clicked on

2022-12-05 16:43:56 - [MESSAGE][PASSED] - Object: 'Object Repository/06-Teams/For 2FA/button_Confirm_2FA' is clicked on

2022-12-05 16:43:56 - [TEST_STEP][PASSED] - executeJavaScript("window.open();", []): Execute JavaScript 'window.open();' successfully

2022-12-05 16:43:56 - [MESSAGE][PASSED] - Execute JavaScript 'window.open();' successfully

2022-12-05 16:43:56 - [TEST_STEP][PASSED] - currentWindow = getWindowIndex(): Current window's index is: 0

2022-12-05 16:43:56 - [MESSAGE][PASSED] - Current window's index is: 0

2022-12-05 16:43:56 - [TEST_STEP][PASSED] - delay(3): Delayed 3 second(s)

2022-12-05 16:43:59 - [MESSAGE][PASSED] - Delayed 3 second(s)

2022-12-05 16:43:59 - [TEST_STEP][PASSED] - switchToWindowIndex(currentWindow + 1): Switched to window with index: '1'

2022-12-05 16:43:59 - [MESSAGE][PASSED] - Switched to window with index: '1'

2022-12-05 16:43:59 - [TEST_STEP][PASSED] - navigateToUrl("https://www.mailinator.com/"): Navigate to 'https://www.mailinator.com/' successfully

2022-12-05 16:44:01 - [MESSAGE][PASSED] - Navigate to 'https://www.mailinator.com/' successfully

2022-12-05 16:44:01 - [TEST_STEP][PASSED] - delay(3): Delayed 3 second(s)

2022-12-05 16:44:04 - [MESSAGE][PASSED] - Delayed 3 second(s)

2022-12-05 16:44:04 - [TEST_STEP][PASSED] - setText(findTestObject("00-Signup and Activation/zMailinator/input_LOGIN_search"), "testuser02@mailinator.com"): Text 'testuser02@mailinator.com' is set on object 'Object Repository/00-Signup and Activation/zMailinator/input_LOGIN_search'

2022-12-05 16:44:05 - [MESSAGE][PASSED] - Text 'testuser02@mailinator.com' is set on object 'Object Repository/00-Signup and Activation/zMailinator/input_LOGIN_search'

2022-12-05 16:44:05 - [TEST_STEP][PASSED] - click(findTestObject("00-Signup and Activation/zMailinator/gobutton"), STOP_ON_FAILURE): Object: 'Object Repository/00-Signup and Activation/zMailinator/gobutton' is clicked on

2022-12-05 16:44:06 - [MESSAGE][PASSED] - Object: 'Object Repository/00-Signup and Activation/zMailinator/gobutton' is clicked on

2022-12-05 16:44:06 - [TEST_STEP][PASSED] - delay(3): Delayed 3 second(s)

2022-12-05 16:44:09 - [MESSAGE][PASSED] - Delayed 3 second(s)

2022-12-05 16:44:09 - [TEST_STEP][PASSED] - click(findTestObject("00-Signup and Activation/zMailinator/Email - everleagues")): Object: 'Object Repository/00-Signup and Activation/zMailinator/Email - everleagues' is clicked on

2022-12-05 16:44:10 - [MESSAGE][PASSED] - Object: 'Object Repository/00-Signup and Activation/zMailinator/Email - everleagues' is clicked on

2022-12-05 16:44:10 - [TEST_STEP][PASSED] - delay(3): Delayed 3 second(s)

2022-12-05 16:44:13 - [MESSAGE][PASSED] - Delayed 3 second(s)

2022-12-05 16:44:13 - [TEST_STEP][PASSED] - code = getText(findTestObject("Object Repository/06-Teams/For 2FA/2FA code")): Text of object 'Object Repository/06-Teams/For 2FA/2FA code' is: '273368'

2022-12-05 16:44:13 - [MESSAGE][PASSED] - Text of object 'Object Repository/06-Teams/For 2FA/2FA code' is: '273368'

2022-12-05 16:44:13 - [TEST_STEP][PASSED] - delay(3): Delayed 3 second(s)

2022-12-05 16:44:16 - [MESSAGE][PASSED] - Delayed 3 second(s)

2022-12-05 16:44:16 - [TEST_STEP][PASSED] - closeWindowTitle("Mailinator"): Window with title: 'Mailinator' is closed

2022-12-05 16:44:16 - [MESSAGE][PASSED] - Window with title: 'Mailinator' is closed

2022-12-05 16:44:16 - [TEST_STEP][PASSED] - delay(3): Delayed 3 second(s)

2022-12-05 16:44:19 - [MESSAGE][PASSED] - Delayed 3 second(s)

2022-12-05 16:44:19 - [TEST_STEP][PASSED] - switchToWindowIndex(0): Switched to window with index: '0'

2022-12-05 16:44:19 - [MESSAGE][PASSED] - Switched to window with index: '0'

2022-12-05 16:44:19 - [TEST_STEP][PASSED] - delay(3): Delayed 3 second(s)

2022-12-05 16:44:22 - [MESSAGE][PASSED] - Delayed 3 second(s)

2022-12-05 16:44:22 - [TEST_STEP][PASSED] - setText(findTestObject("Object Repository/06-Teams/For 2FA/input_Enter verification code_code"), code): Text '273368' is set on object 'Object Repository/06-Teams/For 2FA/input_Enter verification code_code'

2022-12-05 16:44:23 - [MESSAGE][PASSED] - Text '273368' is set on object 'Object Repository/06-Teams/For 2FA/input_Enter verification code_code'

2022-12-05 16:44:23 - [TEST_STEP][PASSED] - delay(3): Delayed 3 second(s)

2022-12-05 16:44:26 - [MESSAGE][PASSED] - Delayed 3 second(s)

2022-12-05 16:44:26 - [TEST_STEP][PASSED] - click(findTestObject("06-Teams/For 2FA/button_Verify_2FA")): Object: 'Object Repository/06-Teams/For 2FA/button_Verify_2FA' is clicked on

2022-12-05 16:44:27 - [MESSAGE][PASSED] - Object: 'Object Repository/06-Teams/For 2FA/button_Verify_2FA' is clicked on

2022-12-05 16:44:27 - [TEST_STEP][PASSED] - delay(5): Delayed 5 second(s)

2022-12-05 16:44:32 - [MESSAGE][PASSED] - Delayed 5 second(s)

2022-12-05 16:44:32 - [TEST_STEP][PASSED] - click(findTestObject("06-Teams/button_doublearrow")): Object: 'Object Repository/06-Teams/button_doublearrow' is clicked on

2022-12-05 16:44:32 - [MESSAGE][PASSED] - Object: 'Object Repository/06-Teams/button_doublearrow' is clicked on

2022-12-05 16:44:32 - [TEST_STEP][PASSED] - click(findTestObject("06-Teams/button_My Organizations")): Object: 'Object Repository/06-Teams/button_My Organizations' is clicked on

2022-12-05 16:44:33 - [MESSAGE][PASSED] - Object: 'Object Repository/06-Teams/button_My Organizations' is clicked on

2022-12-05 16:44:33 - [TEST_STEP][PASSED] - click(findTestObject("06-Teams/button_GG Automation")): Object: 'Object Repository/06-Teams/button_GG Automation' is clicked on

2022-12-05 16:44:34 - [MESSAGE][PASSED] - Object: 'Object Repository/06-Teams/button_GG Automation' is clicked on

2022-12-05 16:44:34 - [TEST_STEP][PASSED] - delay(4): Delayed 4 second(s)

2022-12-05 16:44:38 - [MESSAGE][PASSED] - Delayed 4 second(s)

2022-12-05 16:44:38 - [TEST_STEP][PASSED] - verifyElementVisible(findTestObject("06-Teams/span_GG Automation")): Object 'Object Repository/06-Teams/span_GG Automation' is visible

2022-12-05 16:44:38 - [MESSAGE][PASSED] - Object 'Object Repository/06-Teams/span_GG Automation' is visible

2022-12-05 16:44:38 - [TEST_STEP][PASSED] - delay(5): Delayed 5 second(s)

2022-12-05 16:44:43 - [MESSAGE][PASSED] - Delayed 5 second(s)

2022-12-05 16:44:43 - [TEST_STEP][PASSED] - click(findTestObject("03-Header Menu/Hamburger Button/div_Settings")): Object: 'Object Repository/03-Header Menu/Hamburger Button/div_Settings' is clicked on

2022-12-05 16:44:44 - [MESSAGE][PASSED] - Object: 'Object Repository/03-Header Menu/Hamburger Button/div_Settings' is clicked on

2022-12-05 16:44:44 - [TEST_STEP][PASSED] - delay(3): Delayed 3 second(s)

2022-12-05 16:44:47 - [MESSAGE][PASSED] - Delayed 3 second(s)

2022-12-05 16:44:47 - [TEST_STEP][PASSED] - click(findTestObject("09-Settings/Users/div_Users")): Object: 'Object Repository/09-Settings/Users/div_Users' is clicked on

2022-12-05 16:44:48 - [MESSAGE][PASSED] - Object: 'Object Repository/09-Settings/Users/div_Users' is clicked on

2022-12-05 16:44:48 - [TEST_STEP][PASSED] - delay(3): Delayed 3 second(s)

2022-12-05 16:44:51 - [MESSAGE][PASSED] - Delayed 3 second(s)

2022-12-05 16:44:51 - [TEST_STEP][PASSED] - click(findTestObject("09-Settings/Users/button_add")): Object: 'Object Repository/09-Settings/Users/button_add' is clicked on

2022-12-05 16:44:51 - [MESSAGE][PASSED] - Object: 'Object Repository/09-Settings/Users/button_add' is clicked on

2022-12-05 16:44:51 - [TEST_STEP][PASSED] - delay(3): Delayed 3 second(s)

2022-12-05 16:44:54 - [MESSAGE][PASSED] - Delayed 3 second(s)

2022-12-05 16:44:54 - [TEST_STEP][PASSED] - click(findTestObject("09-Settings/Users/add Invite a single user")): Object: 'Object Repository/09-Settings/Users/add Invite a single user' is clicked on

2022-12-05 16:44:54 - [MESSAGE][PASSED] - Object: 'Object Repository/09-Settings/Users/add Invite a single user' is clicked on

2022-12-05 16:44:54 - [TEST_STEP][PASSED] - delay(3): Delayed 3 second(s)

2022-12-05 16:44:57 - [MESSAGE][PASSED] - Delayed 3 second(s)

2022-12-05 16:44:57 - [TEST_STEP][PASSED] - setText(findTestObject("09-Settings/Users/input_email"), "autotester09@mailinator.com"): Text 'autotester09@mailinator.com' is set on object 'Object Repository/09-Settings/Users/input_email'

2022-12-05 16:44:58 - [MESSAGE][PASSED] - Text 'autotester09@mailinator.com' is set on object 'Object Repository/09-Settings/Users/input_email'

2022-12-05 16:44:58 - [TEST_STEP][PASSED] - setText(findTestObject("09-Settings/Users/input_firstName"), "GG"): Text 'GG' is set on object 'Object Repository/09-Settings/Users/input_firstName'

2022-12-05 16:44:59 - [MESSAGE][PASSED] - Text 'GG' is set on object 'Object Repository/09-Settings/Users/input_firstName'

2022-12-05 16:44:59 - [TEST_STEP][PASSED] - setText(findTestObject("09-Settings/Users/input_lastName"), "Client"): Text 'Client' is set on object 'Object Repository/09-Settings/Users/input_lastName'

2022-12-05 16:45:00 - [MESSAGE][PASSED] - Text 'Client' is set on object 'Object Repository/09-Settings/Users/input_lastName'

2022-12-05 16:45:00 - [TEST_STEP][PASSED] - click(findTestObject("09-Settings/Users/span_Role")): Object: 'Object Repository/09-Settings/Users/span_Role' is clicked on

2022-12-05 16:45:01 - [MESSAGE][PASSED] - Object: 'Object Repository/09-Settings/Users/span_Role' is clicked on

2022-12-05 16:45:01 - [TEST_STEP][PASSED] - click(findTestObject("09-Settings/Users/span_Client")): Object: 'Object Repository/09-Settings/Users/span_Client' is clicked on

2022-12-05 16:45:01 - [MESSAGE][PASSED] - Object: 'Object Repository/09-Settings/Users/span_Client' is clicked on

2022-12-05 16:45:01 - [TEST_STEP][PASSED] - click(findTestObject("09-Settings/Users/button_Send Invitation")): Object: 'Object Repository/09-Settings/Users/button_Send Invitation' is clicked on

2022-12-05 16:45:02 - [MESSAGE][PASSED] - Object: 'Object Repository/09-Settings/Users/button_Send Invitation' is clicked on

2022-12-05 16:45:02 - [TEST_STEP][PASSED] - delay(2): Delayed 2 second(s)

2022-12-05 16:45:04 - [MESSAGE][PASSED] - Delayed 2 second(s)

2022-12-05 16:45:04 - [TEST_STEP][PASSED] - verifyElementVisible(findTestObject("07-Directory/Connections/zContact Profile/Successfully invited user")): Object 'Object Repository/07-Directory/Connections/zContact Profile/Successfully invited user' is visible

2022-12-05 16:45:05 - [MESSAGE][PASSED] - Object 'Object Repository/07-Directory/Connections/zContact Profile/Successfully invited user' is visible

2022-12-05 16:45:05 - [TEST_STEP][PASSED] - delay(2): Delayed 2 second(s)

2022-12-05 16:45:07 - [MESSAGE][PASSED] - Delayed 2 second(s)

2022-12-05 16:45:07 - [TEST_STEP][PASSED] - click(findTestObject("01-Login and Forgot Password/User menu drop")): Object: 'Object Repository/01-Login and Forgot Password/User menu drop' is clicked on

2022-12-05 16:45:07 - [MESSAGE][PASSED] - Object: 'Object Repository/01-Login and Forgot Password/User menu drop' is clicked on

2022-12-05 16:45:07 - [TEST_STEP][PASSED] - delay(2): Delayed 2 second(s)

2022-12-05 16:45:09 - [MESSAGE][PASSED] - Delayed 2 second(s)

2022-12-05 16:45:09 - [TEST_STEP][PASSED] - click(findTestObject("01-Login and Forgot Password/h4_Sign Out"), STOP_ON_FAILURE): Object: 'Object Repository/01-Login and Forgot Password/h4_Sign Out' is clicked on

2022-12-05 16:45:10 - [MESSAGE][PASSED] - Object: 'Object Repository/01-Login and Forgot Password/h4_Sign Out' is clicked on

2022-12-05 16:45:10 - [TEST_STEP][PASSED] - delay(2): Delayed 2 second(s)

2022-12-05 16:45:12 - [MESSAGE][PASSED] - Delayed 2 second(s)

2022-12-05 16:45:12 - [TEST_STEP][PASSED] - verifyElementPresent(findTestObject("01-Login and Forgot Password/Login_Card"), 0): Object 'Object Repository/01-Login and Forgot Password/Login_Card' is present

2022-12-05 16:45:12 - [MESSAGE][WARNING] - Timeout '0' is invalid. Using default page load timeout: '30'

2022-12-05 16:45:12 - [MESSAGE][PASSED] - Object 'Object Repository/01-Login and Forgot Password/Login_Card' is present

2022-12-05 16:45:12 - [TEST_STEP][PASSED] - delay(3): Delayed 3 second(s)

2022-12-05 16:45:15 - [MESSAGE][PASSED] - Delayed 3 second(s)

2022-12-05 16:45:15 - [TEST_STEP][PASSED] - closeBrowser(): Browser is closed

2022-12-05 16:45:16 - [MESSAGE][PASSED] - Browser is closed

2022-12-05 16:45:16 - [TEST_STEP][PASSED] - openBrowser(""): Browser is opened with url: ''

2022-12-05 16:45:16 - [MESSAGE][INFO] - Starting 'Chrome' driver

2022-12-05 16:45:16 - [MESSAGE][INFO] - Action delay is set to 0 milliseconds

2022-12-05 16:45:17 - [MESSAGE][PASSED] - Browser is opened with url: ''

2022-12-05 16:45:17 - [TEST_STEP][PASSED] - navigateToUrl("https://lab.everleagues.com/"): Navigate to 'https://lab.everleagues.com/' successfully

2022-12-05 16:45:26 - [MESSAGE][PASSED] - Navigate to 'https://lab.everleagues.com/' successfully

2022-12-05 16:45:26 - [TEST_STEP][PASSED] - maximizeWindow(): Current window maximized

2022-12-05 16:45:26 - [MESSAGE][PASSED] - Current window maximized

2022-12-05 16:45:26 - [TEST_STEP][PASSED] - setText(findTestObject("02-Side Icons(Organization)/Add Contact/Email Field"), "autotester09@mailinator.com"): Text 'autotester09@mailinator.com' is set on object 'Object Repository/02-Side Icons(Organization)/Add Contact/Email Field'

2022-12-05 16:45:27 - [MESSAGE][PASSED] - Text 'autotester09@mailinator.com' is set on object 'Object Repository/02-Side Icons(Organization)/Add Contact/Email Field'

2022-12-05 16:45:27 - [TEST_STEP][PASSED] - setEncryptedText(findTestObject("02-Side Icons(Organization)/Add Contact/Password Field"), "8yFRyszE6U6jvsCn51OQbg=="): Text ****** has been set on object 'Object Repository/02-Side Icons(Organization)/Add Contact/Password Field'

2022-12-05 16:45:28 - [MESSAGE][PASSED] - Text ****** has been set on object 'Object Repository/02-Side Icons(Organization)/Add Contact/Password Field'

2022-12-05 16:45:28 - [TEST_STEP][PASSED] - click(findTestObject("02-Side Icons(Organization)/Add Contact/button_Sign in")): Object: 'Object Repository/02-Side Icons(Organization)/Add Contact/button_Sign in' is clicked on

2022-12-05 16:45:28 - [MESSAGE][PASSED] - Object: 'Object Repository/02-Side Icons(Organization)/Add Contact/button_Sign in' is clicked on

2022-12-05 16:45:28 - [TEST_STEP][PASSED] - delay(2): Delayed 2 second(s)

2022-12-05 16:45:30 - [MESSAGE][PASSED] - Delayed 2 second(s)

2022-12-05 16:45:30 - [TEST_STEP][PASSED] - click(findTestObject("06-Teams/For 2FA/button_Confirm_2FA")): Object: 'Object Repository/06-Teams/For 2FA/button_Confirm_2FA' is clicked on

2022-12-05 16:45:31 - [MESSAGE][PASSED] - Object: 'Object Repository/06-Teams/For 2FA/button_Confirm_2FA' is clicked on

2022-12-05 16:45:31 - [TEST_STEP][PASSED] - executeJavaScript("window.open();", []): Execute JavaScript 'window.open();' successfully

2022-12-05 16:45:31 - [MESSAGE][PASSED] - Execute JavaScript 'window.open();' successfully

2022-12-05 16:45:31 - [TEST_STEP][PASSED] - currentWindow = getWindowIndex(): Current window's index is: 0

2022-12-05 16:45:31 - [MESSAGE][PASSED] - Current window's index is: 0

2022-12-05 16:45:31 - [TEST_STEP][PASSED] - delay(3): Delayed 3 second(s)

2022-12-05 16:45:34 - [MESSAGE][PASSED] - Delayed 3 second(s)

2022-12-05 16:45:34 - [TEST_STEP][PASSED] - switchToWindowIndex(currentWindow + 1): Switched to window with index: '1'

2022-12-05 16:45:34 - [MESSAGE][PASSED] - Switched to window with index: '1'

2022-12-05 16:45:34 - [TEST_STEP][PASSED] - navigateToUrl("https://www.mailinator.com/"): Navigate to 'https://www.mailinator.com/' successfully

2022-12-05 16:45:36 - [MESSAGE][PASSED] - Navigate to 'https://www.mailinator.com/' successfully

2022-12-05 16:45:36 - [TEST_STEP][PASSED] - delay(3): Delayed 3 second(s)

2022-12-05 16:45:39 - [MESSAGE][PASSED] - Delayed 3 second(s)

2022-12-05 16:45:39 - [TEST_STEP][PASSED] - setText(findTestObject("00-Signup and Activation/zMailinator/input_LOGIN_search"), "autotester09@mailinator.com"): Text 'autotester09@mailinator.com' is set on object 'Object Repository/00-Signup and Activation/zMailinator/input_LOGIN_search'

2022-12-05 16:45:39 - [MESSAGE][PASSED] - Text 'autotester09@mailinator.com' is set on object 'Object Repository/00-Signup and Activation/zMailinator/input_LOGIN_search'

2022-12-05 16:45:39 - [TEST_STEP][PASSED] - click(findTestObject("00-Signup and Activation/zMailinator/gobutton"), STOP_ON_FAILURE): Object: 'Object Repository/00-Signup and Activation/zMailinator/gobutton' is clicked on

2022-12-05 16:45:41 - [MESSAGE][PASSED] - Object: 'Object Repository/00-Signup and Activation/zMailinator/gobutton' is clicked on

2022-12-05 16:45:41 - [TEST_STEP][PASSED] - delay(3): Delayed 3 second(s)

2022-12-05 16:45:44 - [MESSAGE][PASSED] - Delayed 3 second(s)

2022-12-05 16:45:44 - [TEST_STEP][PASSED] - click(findTestObject("00-Signup and Activation/zMailinator/Email - everleagues")): Object: 'Object Repository/00-Signup and Activation/zMailinator/Email - everleagues' is clicked on

2022-12-05 16:45:45 - [MESSAGE][PASSED] - Object: 'Object Repository/00-Signup and Activation/zMailinator/Email - everleagues' is clicked on

2022-12-05 16:45:45 - [TEST_STEP][PASSED] - delay(3): Delayed 3 second(s)

2022-12-05 16:45:48 - [MESSAGE][PASSED] - Delayed 3 second(s)

2022-12-05 16:45:48 - [TEST_STEP][PASSED] - codetwo = getText(findTestObject("Object Repository/06-Teams/For 2FA/2FA code")): Text of object 'Object Repository/06-Teams/For 2FA/2FA code' is: '651157'

2022-12-05 16:45:48 - [MESSAGE][PASSED] - Text of object 'Object Repository/06-Teams/For 2FA/2FA code' is: '651157'

2022-12-05 16:45:48 - [TEST_STEP][PASSED] - delay(3): Delayed 3 second(s)

2022-12-05 16:45:51 - [MESSAGE][PASSED] - Delayed 3 second(s)

2022-12-05 16:45:51 - [TEST_STEP][PASSED] - closeWindowTitle("Mailinator"): Window with title: 'Mailinator' is closed

2022-12-05 16:45:51 - [MESSAGE][PASSED] - Window with title: 'Mailinator' is closed

2022-12-05 16:45:51 - [TEST_STEP][PASSED] - delay(3): Delayed 3 second(s)

2022-12-05 16:45:54 - [MESSAGE][PASSED] - Delayed 3 second(s)

2022-12-05 16:45:54 - [TEST_STEP][PASSED] - switchToWindowIndex(0): Switched to window with index: '0'

2022-12-05 16:45:54 - [MESSAGE][PASSED] - Switched to window with index: '0'

2022-12-05 16:45:54 - [TEST_STEP][PASSED] - delay(3): Delayed 3 second(s)

2022-12-05 16:45:57 - [MESSAGE][PASSED] - Delayed 3 second(s)

2022-12-05 16:45:57 - [TEST_STEP][PASSED] - setText(findTestObject("Object Repository/06-Teams/For 2FA/input_Enter verification code_code"), codetwo): Text '651157' is set on object 'Object Repository/06-Teams/For 2FA/input_Enter verification code_code'

2022-12-05 16:45:58 - [MESSAGE][PASSED] - Text '651157' is set on object 'Object Repository/06-Teams/For 2FA/input_Enter verification code_code'

2022-12-05 16:45:58 - [TEST_STEP][PASSED] - delay(3): Delayed 3 second(s)

2022-12-05 16:46:01 - [MESSAGE][PASSED] - Delayed 3 second(s)

2022-12-05 16:46:01 - [TEST_STEP][PASSED] - click(findTestObject("06-Teams/For 2FA/button_Verify_2FA")): Object: 'Object Repository/06-Teams/For 2FA/button_Verify_2FA' is clicked on

2022-12-05 16:46:02 - [MESSAGE][PASSED] - Object: 'Object Repository/06-Teams/For 2FA/button_Verify_2FA' is clicked on

2022-12-05 16:46:02 - [TEST_STEP][PASSED] - delay(5): Delayed 5 second(s)

2022-12-05 16:46:07 - [MESSAGE][PASSED] - Delayed 5 second(s)

2022-12-05 16:46:07 - [TEST_STEP][PASSED] - executeJavaScript("window.open();", []): Execute JavaScript 'window.open();' successfully

2022-12-05 16:46:07 - [MESSAGE][PASSED] - Execute JavaScript 'window.open();' successfully

2022-12-05 16:46:07 - [TEST_STEP][PASSED] - currentWindow = getWindowIndex(): Current window's index is: 0

2022-12-05 16:46:07 - [MESSAGE][PASSED] - Current window's index is: 0

2022-12-05 16:46:07 - [TEST_STEP][PASSED] - delay(3): Delayed 3 second(s)

2022-12-05 16:46:10 - [MESSAGE][PASSED] - Delayed 3 second(s)

2022-12-05 16:46:10 - [TEST_STEP][PASSED] - switchToWindowIndex(currentWindow + 1): Switched to window with index: '1'

2022-12-05 16:46:10 - [MESSAGE][PASSED] - Switched to window with index: '1'

2022-12-05 16:46:10 - [TEST_STEP][PASSED] - navigateToUrl("https://www.mailinator.com/"): Navigate to 'https://www.mailinator.com/' successfully

2022-12-05 16:46:12 - [MESSAGE][PASSED] - Navigate to 'https://www.mailinator.com/' successfully

2022-12-05 16:46:12 - [TEST_STEP][PASSED] - delay(3): Delayed 3 second(s)

2022-12-05 16:46:15 - [MESSAGE][PASSED] - Delayed 3 second(s)

2022-12-05 16:46:15 - [TEST_STEP][PASSED] - setText(findTestObject("00-Signup and Activation/zMailinator/input_LOGIN_search"), "autotester09@mailinator.com"): Text 'autotester09@mailinator.com' is set on object 'Object Repository/00-Signup and Activation/zMailinator/input_LOGIN_search'

2022-12-05 16:46:15 - [MESSAGE][PASSED] - Text 'autotester09@mailinator.com' is set on object 'Object Repository/00-Signup and Activation/zMailinator/input_LOGIN_search'

2022-12-05 16:46:15 - [TEST_STEP][PASSED] - click(findTestObject("00-Signup and Activation/zMailinator/gobutton"), STOP_ON_FAILURE): Object: 'Object Repository/00-Signup and Activation/zMailinator/gobutton' is clicked on

2022-12-05 16:46:16 - [MESSAGE][PASSED] - Object: 'Object Repository/00-Signup and Activation/zMailinator/gobutton' is clicked on

2022-12-05 16:46:16 - [TEST_STEP][PASSED] - delay(3): Delayed 3 second(s)

2022-12-05 16:46:19 - [MESSAGE][PASSED] - Delayed 3 second(s)

2022-12-05 16:46:19 - [TEST_STEP][PASSED] - closeWindowTitle("Everleagues"): Window with title: 'Everleagues' is closed

2022-12-05 16:46:20 - [MESSAGE][PASSED] - Window with title: 'Everleagues' is closed

2022-12-05 16:46:20 - [TEST_STEP][PASSED] - switchToWindowIndex(0): Switched to window with index: '0'

2022-12-05 16:46:20 - [MESSAGE][PASSED] - Switched to window with index: '0'

2022-12-05 16:46:20 - [TEST_STEP][PASSED] - click(findTestObject("09-Settings/Users/Co worker/td_Invitation from GG Automation")): Object: 'Object Repository/09-Settings/Users/Co worker/td_Invitation from GG Automation' is clicked on

2022-12-05 16:46:20 - [MESSAGE][PASSED] - Object: 'Object Repository/09-Settings/Users/Co worker/td_Invitation from GG Automation' is clicked on

2022-12-05 16:46:20 - [TEST_STEP][PASSED] - click(findTestObject("09-Settings/Users/Co worker/a_Click here to join GG Automation on EverLeagues")): Object: 'Object Repository/09-Settings/Users/Co worker/a_Click here to join GG Automation on EverLeagues' is clicked on

2022-12-05 16:46:22 - [MESSAGE][PASSED] - Object: 'Object Repository/09-Settings/Users/Co worker/a_Click here to join GG Automation on EverLeagues' is clicked on

2022-12-05 16:46:22 - [TEST_STEP][PASSED] - closeWindowTitle("Mailinator"): Window with title: 'Mailinator' is closed

2022-12-05 16:46:22 - [MESSAGE][PASSED] - Window with title: 'Mailinator' is closed

2022-12-05 16:46:22 - [TEST_STEP][PASSED] - switchToWindowIndex(0): Switched to window with index: '0'

2022-12-05 16:46:22 - [MESSAGE][PASSED] - Switched to window with index: '0'

2022-12-05 16:46:22 - [TEST_STEP][PASSED] - verifyElementVisible(findTestObject("09-Settings/Users/Client/Invite modal")): Object 'Object Repository/09-Settings/Users/Client/Invite modal' is visible

2022-12-05 16:46:28 - [MESSAGE][PASSED] - Object 'Object Repository/09-Settings/Users/Client/Invite modal' is visible

2022-12-05 16:46:28 - [TEST_STEP][PASSED] - setText(findTestObject("09-Settings/Users/Client/Company field"), "QA Company"): Text 'QA Company' is set on object 'Object Repository/09-Settings/Users/Client/Company field'

2022-12-05 16:46:29 - [MESSAGE][PASSED] - Text 'QA Company' is set on object 'Object Repository/09-Settings/Users/Client/Company field'

2022-12-05 16:46:29 - [TEST_STEP][PASSED] - click(findTestObject("09-Settings/Users/Client/button_Accept")): Object: 'Object Repository/09-Settings/Users/Client/button_Accept' is clicked on

2022-12-05 16:46:29 - [MESSAGE][PASSED] - Object: 'Object Repository/09-Settings/Users/Client/button_Accept' is clicked on

2022-12-05 16:46:29 - [TEST_STEP][PASSED] - delay(5): Delayed 5 second(s)

2022-12-05 16:46:34 - [MESSAGE][PASSED] - Delayed 5 second(s)

2022-12-05 16:46:34 - [TEST_STEP][PASSED] - verifyElementVisible(findTestObject("09-Settings/Users/Client/div_Joined as CLIENT")): Object 'Object Repository/09-Settings/Users/Client/div_Joined as CLIENT' is visible

2022-12-05 16:46:35 - [MESSAGE][PASSED] - Object 'Object Repository/09-Settings/Users/Client/div_Joined as CLIENT' is visible

2022-12-05 16:46:35 - [TEST_STEP][PASSED] - delay(3): Delayed 3 second(s)

2022-12-05 16:46:38 - [MESSAGE][PASSED] - Delayed 3 second(s)

2022-12-05 16:46:38 - [TEST_STEP][PASSED] - closeBrowser(): Browser is closed

2022-12-05 16:46:38 - [MESSAGE][PASSED] - Browser is closed]]></system-out>
         <system-err><![CDATA[]]></system-err>
      </testcase>
      <testcase name="Test Cases/09-Settings/04 - Users (Invite new user as partner)" time="181.363" classname="Test Cases/09-Settings/04 - Users (Invite new user as partner)" status="PASSED">
         <system-out><![CDATA[2022-12-05 16:46:38 - [TEST_CASE][PASSED] - Test Cases/09-Settings/04 - Users (Invite new user as partner): Test Cases/09-Settings/04 - Users (Invite new user as partner)

2022-12-05 16:46:39 - [TEST_STEP][PASSED] - openBrowser(""): Browser is opened with url: ''

2022-12-05 16:46:39 - [MESSAGE][INFO] - Starting 'Chrome' driver

2022-12-05 16:46:39 - [MESSAGE][INFO] - Action delay is set to 0 milliseconds

2022-12-05 16:46:40 - [MESSAGE][PASSED] - Browser is opened with url: ''

2022-12-05 16:46:40 - [TEST_STEP][PASSED] - navigateToUrl("https://lab.everleagues.com/"): Navigate to 'https://lab.everleagues.com/' successfully

2022-12-05 16:46:51 - [MESSAGE][PASSED] - Navigate to 'https://lab.everleagues.com/' successfully

2022-12-05 16:46:51 - [TEST_STEP][PASSED] - maximizeWindow(): Current window maximized

2022-12-05 16:46:51 - [MESSAGE][PASSED] - Current window maximized

2022-12-05 16:46:51 - [TEST_STEP][PASSED] - setText(findTestObject("02-Side Icons(Organization)/Add Contact/Email Field"), "testuser02@mailinator.com"): Text 'testuser02@mailinator.com' is set on object 'Object Repository/02-Side Icons(Organization)/Add Contact/Email Field'

2022-12-05 16:46:52 - [MESSAGE][PASSED] - Text 'testuser02@mailinator.com' is set on object 'Object Repository/02-Side Icons(Organization)/Add Contact/Email Field'

2022-12-05 16:46:52 - [TEST_STEP][PASSED] - setEncryptedText(findTestObject("02-Side Icons(Organization)/Add Contact/Password Field"), "8yFRyszE6U6jvsCn51OQbg=="): Text ****** has been set on object 'Object Repository/02-Side Icons(Organization)/Add Contact/Password Field'

2022-12-05 16:46:53 - [MESSAGE][PASSED] - Text ****** has been set on object 'Object Repository/02-Side Icons(Organization)/Add Contact/Password Field'

2022-12-05 16:46:53 - [TEST_STEP][PASSED] - click(findTestObject("02-Side Icons(Organization)/Add Contact/button_Sign in")): Object: 'Object Repository/02-Side Icons(Organization)/Add Contact/button_Sign in' is clicked on

2022-12-05 16:46:53 - [MESSAGE][PASSED] - Object: 'Object Repository/02-Side Icons(Organization)/Add Contact/button_Sign in' is clicked on

2022-12-05 16:46:53 - [TEST_STEP][PASSED] - delay(2): Delayed 2 second(s)

2022-12-05 16:46:55 - [MESSAGE][PASSED] - Delayed 2 second(s)

2022-12-05 16:46:55 - [TEST_STEP][PASSED] - click(findTestObject("06-Teams/For 2FA/button_Confirm_2FA")): Object: 'Object Repository/06-Teams/For 2FA/button_Confirm_2FA' is clicked on

2022-12-05 16:46:56 - [MESSAGE][PASSED] - Object: 'Object Repository/06-Teams/For 2FA/button_Confirm_2FA' is clicked on

2022-12-05 16:46:56 - [TEST_STEP][PASSED] - executeJavaScript("window.open();", []): Execute JavaScript 'window.open();' successfully

2022-12-05 16:46:56 - [MESSAGE][PASSED] - Execute JavaScript 'window.open();' successfully

2022-12-05 16:46:56 - [TEST_STEP][PASSED] - currentWindow = getWindowIndex(): Current window's index is: 0

2022-12-05 16:46:56 - [MESSAGE][PASSED] - Current window's index is: 0

2022-12-05 16:46:56 - [TEST_STEP][PASSED] - delay(3): Delayed 3 second(s)

2022-12-05 16:46:59 - [MESSAGE][PASSED] - Delayed 3 second(s)

2022-12-05 16:46:59 - [TEST_STEP][PASSED] - switchToWindowIndex(currentWindow + 1): Switched to window with index: '1'

2022-12-05 16:46:59 - [MESSAGE][PASSED] - Switched to window with index: '1'

2022-12-05 16:46:59 - [TEST_STEP][PASSED] - navigateToUrl("https://www.mailinator.com/"): Navigate to 'https://www.mailinator.com/' successfully

2022-12-05 16:47:01 - [MESSAGE][PASSED] - Navigate to 'https://www.mailinator.com/' successfully

2022-12-05 16:47:01 - [TEST_STEP][PASSED] - delay(3): Delayed 3 second(s)

2022-12-05 16:47:04 - [MESSAGE][PASSED] - Delayed 3 second(s)

2022-12-05 16:47:04 - [TEST_STEP][PASSED] - setText(findTestObject("00-Signup and Activation/zMailinator/input_LOGIN_search"), "testuser02@mailinator.com"): Text 'testuser02@mailinator.com' is set on object 'Object Repository/00-Signup and Activation/zMailinator/input_LOGIN_search'

2022-12-05 16:47:04 - [MESSAGE][PASSED] - Text 'testuser02@mailinator.com' is set on object 'Object Repository/00-Signup and Activation/zMailinator/input_LOGIN_search'

2022-12-05 16:47:04 - [TEST_STEP][PASSED] - click(findTestObject("00-Signup and Activation/zMailinator/gobutton"), STOP_ON_FAILURE): Object: 'Object Repository/00-Signup and Activation/zMailinator/gobutton' is clicked on

2022-12-05 16:47:06 - [MESSAGE][PASSED] - Object: 'Object Repository/00-Signup and Activation/zMailinator/gobutton' is clicked on

2022-12-05 16:47:06 - [TEST_STEP][PASSED] - delay(3): Delayed 3 second(s)

2022-12-05 16:47:09 - [MESSAGE][PASSED] - Delayed 3 second(s)

2022-12-05 16:47:09 - [TEST_STEP][PASSED] - click(findTestObject("00-Signup and Activation/zMailinator/Email - everleagues")): Object: 'Object Repository/00-Signup and Activation/zMailinator/Email - everleagues' is clicked on

2022-12-05 16:47:09 - [MESSAGE][PASSED] - Object: 'Object Repository/00-Signup and Activation/zMailinator/Email - everleagues' is clicked on

2022-12-05 16:47:09 - [TEST_STEP][PASSED] - delay(3): Delayed 3 second(s)

2022-12-05 16:47:12 - [MESSAGE][PASSED] - Delayed 3 second(s)

2022-12-05 16:47:12 - [TEST_STEP][PASSED] - code = getText(findTestObject("Object Repository/06-Teams/For 2FA/2FA code")): Text of object 'Object Repository/06-Teams/For 2FA/2FA code' is: '965880'

2022-12-05 16:47:13 - [MESSAGE][PASSED] - Text of object 'Object Repository/06-Teams/For 2FA/2FA code' is: '965880'

2022-12-05 16:47:13 - [TEST_STEP][PASSED] - delay(3): Delayed 3 second(s)

2022-12-05 16:47:16 - [MESSAGE][PASSED] - Delayed 3 second(s)

2022-12-05 16:47:16 - [TEST_STEP][PASSED] - closeWindowTitle("Mailinator"): Window with title: 'Mailinator' is closed

2022-12-05 16:47:16 - [MESSAGE][PASSED] - Window with title: 'Mailinator' is closed

2022-12-05 16:47:16 - [TEST_STEP][PASSED] - delay(3): Delayed 3 second(s)

2022-12-05 16:47:19 - [MESSAGE][PASSED] - Delayed 3 second(s)

2022-12-05 16:47:19 - [TEST_STEP][PASSED] - switchToWindowIndex(0): Switched to window with index: '0'

2022-12-05 16:47:19 - [MESSAGE][PASSED] - Switched to window with index: '0'

2022-12-05 16:47:19 - [TEST_STEP][PASSED] - delay(3): Delayed 3 second(s)

2022-12-05 16:47:22 - [MESSAGE][PASSED] - Delayed 3 second(s)

2022-12-05 16:47:22 - [TEST_STEP][PASSED] - setText(findTestObject("Object Repository/06-Teams/For 2FA/input_Enter verification code_code"), code): Text '965880' is set on object 'Object Repository/06-Teams/For 2FA/input_Enter verification code_code'

2022-12-05 16:47:23 - [MESSAGE][PASSED] - Text '965880' is set on object 'Object Repository/06-Teams/For 2FA/input_Enter verification code_code'

2022-12-05 16:47:23 - [TEST_STEP][PASSED] - delay(3): Delayed 3 second(s)

2022-12-05 16:47:26 - [MESSAGE][PASSED] - Delayed 3 second(s)

2022-12-05 16:47:26 - [TEST_STEP][PASSED] - click(findTestObject("06-Teams/For 2FA/button_Verify_2FA")): Object: 'Object Repository/06-Teams/For 2FA/button_Verify_2FA' is clicked on

2022-12-05 16:47:26 - [MESSAGE][PASSED] - Object: 'Object Repository/06-Teams/For 2FA/button_Verify_2FA' is clicked on

2022-12-05 16:47:26 - [TEST_STEP][PASSED] - delay(5): Delayed 5 second(s)

2022-12-05 16:47:31 - [MESSAGE][PASSED] - Delayed 5 second(s)

2022-12-05 16:47:31 - [TEST_STEP][PASSED] - click(findTestObject("06-Teams/button_doublearrow")): Object: 'Object Repository/06-Teams/button_doublearrow' is clicked on

2022-12-05 16:47:32 - [MESSAGE][PASSED] - Object: 'Object Repository/06-Teams/button_doublearrow' is clicked on

2022-12-05 16:47:32 - [TEST_STEP][PASSED] - click(findTestObject("06-Teams/button_My Organizations")): Object: 'Object Repository/06-Teams/button_My Organizations' is clicked on

2022-12-05 16:47:33 - [MESSAGE][PASSED] - Object: 'Object Repository/06-Teams/button_My Organizations' is clicked on

2022-12-05 16:47:33 - [TEST_STEP][PASSED] - click(findTestObject("06-Teams/button_GG Automation")): Object: 'Object Repository/06-Teams/button_GG Automation' is clicked on

2022-12-05 16:47:34 - [MESSAGE][PASSED] - Object: 'Object Repository/06-Teams/button_GG Automation' is clicked on

2022-12-05 16:47:34 - [TEST_STEP][PASSED] - delay(4): Delayed 4 second(s)

2022-12-05 16:47:38 - [MESSAGE][PASSED] - Delayed 4 second(s)

2022-12-05 16:47:38 - [TEST_STEP][PASSED] - verifyElementVisible(findTestObject("06-Teams/span_GG Automation")): Object 'Object Repository/06-Teams/span_GG Automation' is visible

2022-12-05 16:47:38 - [MESSAGE][PASSED] - Object 'Object Repository/06-Teams/span_GG Automation' is visible

2022-12-05 16:47:38 - [TEST_STEP][PASSED] - delay(5): Delayed 5 second(s)

2022-12-05 16:47:43 - [MESSAGE][PASSED] - Delayed 5 second(s)

2022-12-05 16:47:43 - [TEST_STEP][PASSED] - click(findTestObject("03-Header Menu/Hamburger Button/div_Settings")): Object: 'Object Repository/03-Header Menu/Hamburger Button/div_Settings' is clicked on

2022-12-05 16:47:43 - [MESSAGE][PASSED] - Object: 'Object Repository/03-Header Menu/Hamburger Button/div_Settings' is clicked on

2022-12-05 16:47:43 - [TEST_STEP][PASSED] - delay(3): Delayed 3 second(s)

2022-12-05 16:47:46 - [MESSAGE][PASSED] - Delayed 3 second(s)

2022-12-05 16:47:46 - [TEST_STEP][PASSED] - click(findTestObject("09-Settings/Users/div_Users")): Object: 'Object Repository/09-Settings/Users/div_Users' is clicked on

2022-12-05 16:47:47 - [MESSAGE][PASSED] - Object: 'Object Repository/09-Settings/Users/div_Users' is clicked on

2022-12-05 16:47:47 - [TEST_STEP][PASSED] - delay(3): Delayed 3 second(s)

2022-12-05 16:47:50 - [MESSAGE][PASSED] - Delayed 3 second(s)

2022-12-05 16:47:50 - [TEST_STEP][PASSED] - click(findTestObject("09-Settings/Users/button_add")): Object: 'Object Repository/09-Settings/Users/button_add' is clicked on

2022-12-05 16:47:50 - [MESSAGE][PASSED] - Object: 'Object Repository/09-Settings/Users/button_add' is clicked on

2022-12-05 16:47:50 - [TEST_STEP][PASSED] - delay(3): Delayed 3 second(s)

2022-12-05 16:47:53 - [MESSAGE][PASSED] - Delayed 3 second(s)

2022-12-05 16:47:53 - [TEST_STEP][PASSED] - click(findTestObject("09-Settings/Users/add Invite a single user")): Object: 'Object Repository/09-Settings/Users/add Invite a single user' is clicked on

2022-12-05 16:47:54 - [MESSAGE][PASSED] - Object: 'Object Repository/09-Settings/Users/add Invite a single user' is clicked on

2022-12-05 16:47:54 - [TEST_STEP][PASSED] - delay(3): Delayed 3 second(s)

2022-12-05 16:47:57 - [MESSAGE][PASSED] - Delayed 3 second(s)

2022-12-05 16:47:57 - [TEST_STEP][PASSED] - setText(findTestObject("09-Settings/Users/input_email"), "autotester10@mailinator.com"): Text 'autotester10@mailinator.com' is set on object 'Object Repository/09-Settings/Users/input_email'

2022-12-05 16:47:58 - [MESSAGE][PASSED] - Text 'autotester10@mailinator.com' is set on object 'Object Repository/09-Settings/Users/input_email'

2022-12-05 16:47:58 - [TEST_STEP][PASSED] - setText(findTestObject("09-Settings/Users/input_firstName"), "GG"): Text 'GG' is set on object 'Object Repository/09-Settings/Users/input_firstName'

2022-12-05 16:47:59 - [MESSAGE][PASSED] - Text 'GG' is set on object 'Object Repository/09-Settings/Users/input_firstName'

2022-12-05 16:47:59 - [TEST_STEP][PASSED] - setText(findTestObject("09-Settings/Users/input_lastName"), "Partner"): Text 'Partner' is set on object 'Object Repository/09-Settings/Users/input_lastName'

2022-12-05 16:48:00 - [MESSAGE][PASSED] - Text 'Partner' is set on object 'Object Repository/09-Settings/Users/input_lastName'

2022-12-05 16:48:00 - [TEST_STEP][PASSED] - click(findTestObject("09-Settings/Users/span_Role")): Object: 'Object Repository/09-Settings/Users/span_Role' is clicked on

2022-12-05 16:48:00 - [MESSAGE][PASSED] - Object: 'Object Repository/09-Settings/Users/span_Role' is clicked on

2022-12-05 16:48:00 - [TEST_STEP][PASSED] - click(findTestObject("09-Settings/Users/span_Partner")): Object: 'Object Repository/09-Settings/Users/span_Partner' is clicked on

2022-12-05 16:48:01 - [MESSAGE][PASSED] - Object: 'Object Repository/09-Settings/Users/span_Partner' is clicked on

2022-12-05 16:48:01 - [TEST_STEP][PASSED] - click(findTestObject("09-Settings/Users/button_Send Invitation")): Object: 'Object Repository/09-Settings/Users/button_Send Invitation' is clicked on

2022-12-05 16:48:02 - [MESSAGE][PASSED] - Object: 'Object Repository/09-Settings/Users/button_Send Invitation' is clicked on

2022-12-05 16:48:02 - [TEST_STEP][PASSED] - delay(2): Delayed 2 second(s)

2022-12-05 16:48:04 - [MESSAGE][PASSED] - Delayed 2 second(s)

2022-12-05 16:48:04 - [TEST_STEP][PASSED] - verifyElementVisible(findTestObject("07-Directory/Connections/zContact Profile/Successfully invited user")): Object 'Object Repository/07-Directory/Connections/zContact Profile/Successfully invited user' is visible

2022-12-05 16:48:05 - [MESSAGE][PASSED] - Object 'Object Repository/07-Directory/Connections/zContact Profile/Successfully invited user' is visible

2022-12-05 16:48:05 - [TEST_STEP][PASSED] - delay(2): Delayed 2 second(s)

2022-12-05 16:48:07 - [MESSAGE][PASSED] - Delayed 2 second(s)

2022-12-05 16:48:07 - [TEST_STEP][PASSED] - click(findTestObject("01-Login and Forgot Password/User menu drop")): Object: 'Object Repository/01-Login and Forgot Password/User menu drop' is clicked on

2022-12-05 16:48:07 - [MESSAGE][PASSED] - Object: 'Object Repository/01-Login and Forgot Password/User menu drop' is clicked on

2022-12-05 16:48:07 - [TEST_STEP][PASSED] - delay(2): Delayed 2 second(s)

2022-12-05 16:48:09 - [MESSAGE][PASSED] - Delayed 2 second(s)

2022-12-05 16:48:09 - [TEST_STEP][PASSED] - click(findTestObject("01-Login and Forgot Password/h4_Sign Out"), STOP_ON_FAILURE): Object: 'Object Repository/01-Login and Forgot Password/h4_Sign Out' is clicked on

2022-12-05 16:48:09 - [MESSAGE][PASSED] - Object: 'Object Repository/01-Login and Forgot Password/h4_Sign Out' is clicked on

2022-12-05 16:48:09 - [TEST_STEP][PASSED] - delay(2): Delayed 2 second(s)

2022-12-05 16:48:11 - [MESSAGE][PASSED] - Delayed 2 second(s)

2022-12-05 16:48:11 - [TEST_STEP][PASSED] - verifyElementPresent(findTestObject("01-Login and Forgot Password/Login_Card"), 0): Object 'Object Repository/01-Login and Forgot Password/Login_Card' is present

2022-12-05 16:48:12 - [MESSAGE][WARNING] - Timeout '0' is invalid. Using default page load timeout: '30'

2022-12-05 16:48:12 - [MESSAGE][PASSED] - Object 'Object Repository/01-Login and Forgot Password/Login_Card' is present

2022-12-05 16:48:12 - [TEST_STEP][PASSED] - delay(3): Delayed 3 second(s)

2022-12-05 16:48:15 - [MESSAGE][PASSED] - Delayed 3 second(s)

2022-12-05 16:48:15 - [TEST_STEP][PASSED] - closeBrowser(): Browser is closed

2022-12-05 16:48:15 - [MESSAGE][PASSED] - Browser is closed

2022-12-05 16:48:15 - [TEST_STEP][PASSED] - openBrowser(""): Browser is opened with url: ''

2022-12-05 16:48:15 - [MESSAGE][INFO] - Starting 'Chrome' driver

2022-12-05 16:48:15 - [MESSAGE][INFO] - Action delay is set to 0 milliseconds

2022-12-05 16:48:17 - [MESSAGE][PASSED] - Browser is opened with url: ''

2022-12-05 16:48:17 - [TEST_STEP][PASSED] - navigateToUrl("https://lab.everleagues.com/"): Navigate to 'https://lab.everleagues.com/' successfully

2022-12-05 16:48:28 - [MESSAGE][PASSED] - Navigate to 'https://lab.everleagues.com/' successfully

2022-12-05 16:48:28 - [TEST_STEP][PASSED] - maximizeWindow(): Current window maximized

2022-12-05 16:48:29 - [MESSAGE][PASSED] - Current window maximized

2022-12-05 16:48:29 - [TEST_STEP][PASSED] - setText(findTestObject("02-Side Icons(Organization)/Add Contact/Email Field"), "autotester10@mailinator.com"): Text 'autotester10@mailinator.com' is set on object 'Object Repository/02-Side Icons(Organization)/Add Contact/Email Field'

2022-12-05 16:48:29 - [MESSAGE][PASSED] - Text 'autotester10@mailinator.com' is set on object 'Object Repository/02-Side Icons(Organization)/Add Contact/Email Field'

2022-12-05 16:48:29 - [TEST_STEP][PASSED] - setEncryptedText(findTestObject("02-Side Icons(Organization)/Add Contact/Password Field"), "8yFRyszE6U6jvsCn51OQbg=="): Text ****** has been set on object 'Object Repository/02-Side Icons(Organization)/Add Contact/Password Field'

2022-12-05 16:48:30 - [MESSAGE][PASSED] - Text ****** has been set on object 'Object Repository/02-Side Icons(Organization)/Add Contact/Password Field'

2022-12-05 16:48:30 - [TEST_STEP][PASSED] - click(findTestObject("02-Side Icons(Organization)/Add Contact/button_Sign in")): Object: 'Object Repository/02-Side Icons(Organization)/Add Contact/button_Sign in' is clicked on

2022-12-05 16:48:30 - [MESSAGE][PASSED] - Object: 'Object Repository/02-Side Icons(Organization)/Add Contact/button_Sign in' is clicked on

2022-12-05 16:48:30 - [TEST_STEP][PASSED] - delay(2): Delayed 2 second(s)

2022-12-05 16:48:32 - [MESSAGE][PASSED] - Delayed 2 second(s)

2022-12-05 16:48:32 - [TEST_STEP][PASSED] - click(findTestObject("06-Teams/For 2FA/button_Confirm_2FA")): Object: 'Object Repository/06-Teams/For 2FA/button_Confirm_2FA' is clicked on

2022-12-05 16:48:33 - [MESSAGE][PASSED] - Object: 'Object Repository/06-Teams/For 2FA/button_Confirm_2FA' is clicked on

2022-12-05 16:48:33 - [TEST_STEP][PASSED] - executeJavaScript("window.open();", []): Execute JavaScript 'window.open();' successfully

2022-12-05 16:48:33 - [MESSAGE][PASSED] - Execute JavaScript 'window.open();' successfully

2022-12-05 16:48:33 - [TEST_STEP][PASSED] - currentWindow = getWindowIndex(): Current window's index is: 0

2022-12-05 16:48:33 - [MESSAGE][PASSED] - Current window's index is: 0

2022-12-05 16:48:33 - [TEST_STEP][PASSED] - delay(3): Delayed 3 second(s)

2022-12-05 16:48:36 - [MESSAGE][PASSED] - Delayed 3 second(s)

2022-12-05 16:48:36 - [TEST_STEP][PASSED] - switchToWindowIndex(currentWindow + 1): Switched to window with index: '1'

2022-12-05 16:48:36 - [MESSAGE][PASSED] - Switched to window with index: '1'

2022-12-05 16:48:36 - [TEST_STEP][PASSED] - navigateToUrl("https://www.mailinator.com/"): Navigate to 'https://www.mailinator.com/' successfully

2022-12-05 16:48:38 - [MESSAGE][PASSED] - Navigate to 'https://www.mailinator.com/' successfully

2022-12-05 16:48:38 - [TEST_STEP][PASSED] - delay(3): Delayed 3 second(s)

2022-12-05 16:48:41 - [MESSAGE][PASSED] - Delayed 3 second(s)

2022-12-05 16:48:41 - [TEST_STEP][PASSED] - setText(findTestObject("00-Signup and Activation/zMailinator/input_LOGIN_search"), "autotester10@mailinator.com"): Text 'autotester10@mailinator.com' is set on object 'Object Repository/00-Signup and Activation/zMailinator/input_LOGIN_search'

2022-12-05 16:48:42 - [MESSAGE][PASSED] - Text 'autotester10@mailinator.com' is set on object 'Object Repository/00-Signup and Activation/zMailinator/input_LOGIN_search'

2022-12-05 16:48:42 - [TEST_STEP][PASSED] - click(findTestObject("00-Signup and Activation/zMailinator/gobutton"), STOP_ON_FAILURE): Object: 'Object Repository/00-Signup and Activation/zMailinator/gobutton' is clicked on

2022-12-05 16:48:44 - [MESSAGE][PASSED] - Object: 'Object Repository/00-Signup and Activation/zMailinator/gobutton' is clicked on

2022-12-05 16:48:44 - [TEST_STEP][PASSED] - delay(3): Delayed 3 second(s)

2022-12-05 16:48:47 - [MESSAGE][PASSED] - Delayed 3 second(s)

2022-12-05 16:48:47 - [TEST_STEP][PASSED] - click(findTestObject("00-Signup and Activation/zMailinator/Email - everleagues")): Object: 'Object Repository/00-Signup and Activation/zMailinator/Email - everleagues' is clicked on

2022-12-05 16:48:47 - [MESSAGE][PASSED] - Object: 'Object Repository/00-Signup and Activation/zMailinator/Email - everleagues' is clicked on

2022-12-05 16:48:47 - [TEST_STEP][PASSED] - delay(3): Delayed 3 second(s)

2022-12-05 16:48:50 - [MESSAGE][PASSED] - Delayed 3 second(s)

2022-12-05 16:48:50 - [TEST_STEP][PASSED] - codetwo = getText(findTestObject("Object Repository/06-Teams/For 2FA/2FA code")): Text of object 'Object Repository/06-Teams/For 2FA/2FA code' is: '937142'

2022-12-05 16:48:51 - [MESSAGE][PASSED] - Text of object 'Object Repository/06-Teams/For 2FA/2FA code' is: '937142'

2022-12-05 16:48:51 - [TEST_STEP][PASSED] - delay(3): Delayed 3 second(s)

2022-12-05 16:48:54 - [MESSAGE][PASSED] - Delayed 3 second(s)

2022-12-05 16:48:54 - [TEST_STEP][PASSED] - closeWindowTitle("Mailinator"): Window with title: 'Mailinator' is closed

2022-12-05 16:48:54 - [MESSAGE][PASSED] - Window with title: 'Mailinator' is closed

2022-12-05 16:48:54 - [TEST_STEP][PASSED] - delay(3): Delayed 3 second(s)

2022-12-05 16:48:57 - [MESSAGE][PASSED] - Delayed 3 second(s)

2022-12-05 16:48:57 - [TEST_STEP][PASSED] - switchToWindowIndex(0): Switched to window with index: '0'

2022-12-05 16:48:57 - [MESSAGE][PASSED] - Switched to window with index: '0'

2022-12-05 16:48:57 - [TEST_STEP][PASSED] - delay(3): Delayed 3 second(s)

2022-12-05 16:49:00 - [MESSAGE][PASSED] - Delayed 3 second(s)

2022-12-05 16:49:00 - [TEST_STEP][PASSED] - setText(findTestObject("Object Repository/06-Teams/For 2FA/input_Enter verification code_code"), codetwo): Text '937142' is set on object 'Object Repository/06-Teams/For 2FA/input_Enter verification code_code'

2022-12-05 16:49:01 - [MESSAGE][PASSED] - Text '937142' is set on object 'Object Repository/06-Teams/For 2FA/input_Enter verification code_code'

2022-12-05 16:49:01 - [TEST_STEP][PASSED] - delay(3): Delayed 3 second(s)

2022-12-05 16:49:04 - [MESSAGE][PASSED] - Delayed 3 second(s)

2022-12-05 16:49:04 - [TEST_STEP][PASSED] - click(findTestObject("06-Teams/For 2FA/button_Verify_2FA")): Object: 'Object Repository/06-Teams/For 2FA/button_Verify_2FA' is clicked on

2022-12-05 16:49:04 - [MESSAGE][PASSED] - Object: 'Object Repository/06-Teams/For 2FA/button_Verify_2FA' is clicked on

2022-12-05 16:49:04 - [TEST_STEP][PASSED] - delay(5): Delayed 5 second(s)

2022-12-05 16:49:09 - [MESSAGE][PASSED] - Delayed 5 second(s)

2022-12-05 16:49:09 - [TEST_STEP][PASSED] - executeJavaScript("window.open();", []): Execute JavaScript 'window.open();' successfully

2022-12-05 16:49:10 - [MESSAGE][PASSED] - Execute JavaScript 'window.open();' successfully

2022-12-05 16:49:10 - [TEST_STEP][PASSED] - currentWindow = getWindowIndex(): Current window's index is: 0

2022-12-05 16:49:10 - [MESSAGE][PASSED] - Current window's index is: 0

2022-12-05 16:49:10 - [TEST_STEP][PASSED] - delay(3): Delayed 3 second(s)

2022-12-05 16:49:13 - [MESSAGE][PASSED] - Delayed 3 second(s)

2022-12-05 16:49:13 - [TEST_STEP][PASSED] - switchToWindowIndex(currentWindow + 1): Switched to window with index: '1'

2022-12-05 16:49:13 - [MESSAGE][PASSED] - Switched to window with index: '1'

2022-12-05 16:49:13 - [TEST_STEP][PASSED] - navigateToUrl("https://www.mailinator.com/"): Navigate to 'https://www.mailinator.com/' successfully

2022-12-05 16:49:14 - [MESSAGE][PASSED] - Navigate to 'https://www.mailinator.com/' successfully

2022-12-05 16:49:14 - [TEST_STEP][PASSED] - delay(3): Delayed 3 second(s)

2022-12-05 16:49:17 - [MESSAGE][PASSED] - Delayed 3 second(s)

2022-12-05 16:49:17 - [TEST_STEP][PASSED] - setText(findTestObject("00-Signup and Activation/zMailinator/input_LOGIN_search"), "autotester10@mailinator.com"): Text 'autotester10@mailinator.com' is set on object 'Object Repository/00-Signup and Activation/zMailinator/input_LOGIN_search'

2022-12-05 16:49:17 - [MESSAGE][PASSED] - Text 'autotester10@mailinator.com' is set on object 'Object Repository/00-Signup and Activation/zMailinator/input_LOGIN_search'

2022-12-05 16:49:17 - [TEST_STEP][PASSED] - click(findTestObject("00-Signup and Activation/zMailinator/gobutton"), STOP_ON_FAILURE): Object: 'Object Repository/00-Signup and Activation/zMailinator/gobutton' is clicked on

2022-12-05 16:49:19 - [MESSAGE][PASSED] - Object: 'Object Repository/00-Signup and Activation/zMailinator/gobutton' is clicked on

2022-12-05 16:49:19 - [TEST_STEP][PASSED] - delay(3): Delayed 3 second(s)

2022-12-05 16:49:22 - [MESSAGE][PASSED] - Delayed 3 second(s)

2022-12-05 16:49:22 - [TEST_STEP][PASSED] - closeWindowTitle("Everleagues"): Window with title: 'Everleagues' is closed

2022-12-05 16:49:22 - [MESSAGE][PASSED] - Window with title: 'Everleagues' is closed

2022-12-05 16:49:22 - [TEST_STEP][PASSED] - switchToWindowIndex(0): Switched to window with index: '0'

2022-12-05 16:49:22 - [MESSAGE][PASSED] - Switched to window with index: '0'

2022-12-05 16:49:22 - [TEST_STEP][PASSED] - click(findTestObject("09-Settings/Users/Co worker/td_Invitation from GG Automation")): Object: 'Object Repository/09-Settings/Users/Co worker/td_Invitation from GG Automation' is clicked on

2022-12-05 16:49:22 - [MESSAGE][PASSED] - Object: 'Object Repository/09-Settings/Users/Co worker/td_Invitation from GG Automation' is clicked on

2022-12-05 16:49:22 - [TEST_STEP][PASSED] - click(findTestObject("09-Settings/Users/Co worker/a_Click here to join GG Automation on EverLeagues")): Object: 'Object Repository/09-Settings/Users/Co worker/a_Click here to join GG Automation on EverLeagues' is clicked on

2022-12-05 16:49:23 - [MESSAGE][PASSED] - Object: 'Object Repository/09-Settings/Users/Co worker/a_Click here to join GG Automation on EverLeagues' is clicked on

2022-12-05 16:49:23 - [TEST_STEP][PASSED] - closeWindowTitle("Mailinator"): Window with title: 'Mailinator' is closed

2022-12-05 16:49:23 - [MESSAGE][PASSED] - Window with title: 'Mailinator' is closed

2022-12-05 16:49:23 - [TEST_STEP][PASSED] - switchToWindowIndex(0): Switched to window with index: '0'

2022-12-05 16:49:23 - [MESSAGE][PASSED] - Switched to window with index: '0'

2022-12-05 16:49:23 - [TEST_STEP][PASSED] - verifyElementVisible(findTestObject("09-Settings/Users/Client/Invite modal")): Object 'Object Repository/09-Settings/Users/Client/Invite modal' is visible

2022-12-05 16:49:29 - [MESSAGE][PASSED] - Object 'Object Repository/09-Settings/Users/Client/Invite modal' is visible

2022-12-05 16:49:29 - [TEST_STEP][PASSED] - setText(findTestObject("09-Settings/Users/Client/Company field"), "QA Company"): Text 'QA Company' is set on object 'Object Repository/09-Settings/Users/Client/Company field'

2022-12-05 16:49:30 - [MESSAGE][PASSED] - Text 'QA Company' is set on object 'Object Repository/09-Settings/Users/Client/Company field'

2022-12-05 16:49:30 - [TEST_STEP][PASSED] - click(findTestObject("09-Settings/Users/Client/button_Accept")): Object: 'Object Repository/09-Settings/Users/Client/button_Accept' is clicked on

2022-12-05 16:49:30 - [MESSAGE][PASSED] - Object: 'Object Repository/09-Settings/Users/Client/button_Accept' is clicked on

2022-12-05 16:49:30 - [TEST_STEP][PASSED] - delay(5): Delayed 5 second(s)

2022-12-05 16:49:35 - [MESSAGE][PASSED] - Delayed 5 second(s)

2022-12-05 16:49:35 - [TEST_STEP][PASSED] - verifyElementVisible(findTestObject("09-Settings/Users/div_Joined as Partner")): Object 'Object Repository/09-Settings/Users/div_Joined as Partner' is visible

2022-12-05 16:49:36 - [MESSAGE][PASSED] - Object 'Object Repository/09-Settings/Users/div_Joined as Partner' is visible

2022-12-05 16:49:36 - [TEST_STEP][PASSED] - delay(3): Delayed 3 second(s)

2022-12-05 16:49:39 - [MESSAGE][PASSED] - Delayed 3 second(s)

2022-12-05 16:49:39 - [TEST_STEP][PASSED] - closeBrowser(): Browser is closed

2022-12-05 16:49:40 - [MESSAGE][PASSED] - Browser is closed]]></system-out>
         <system-err><![CDATA[]]></system-err>
      </testcase>
      <testcase name="Test Cases/09-Settings/05 - Users (Invite batch of users via CSV file)" time="102.354" classname="Test Cases/09-Settings/05 - Users (Invite batch of users via CSV file)" status="PASSED">
         <system-out><![CDATA[2022-12-05 16:49:40 - [TEST_CASE][PASSED] - Test Cases/09-Settings/05 - Users (Invite batch of users via CSV file): Test Cases/09-Settings/05 - Users (Invite batch of users via CSV file)

2022-12-05 16:49:40 - [TEST_STEP][PASSED] - openBrowser(""): Browser is opened with url: ''

2022-12-05 16:49:40 - [MESSAGE][INFO] - Starting 'Chrome' driver

2022-12-05 16:49:40 - [MESSAGE][INFO] - Action delay is set to 0 milliseconds

2022-12-05 16:49:41 - [MESSAGE][PASSED] - Browser is opened with url: ''

2022-12-05 16:49:41 - [TEST_STEP][PASSED] - navigateToUrl("https://lab.everleagues.com/"): Navigate to 'https://lab.everleagues.com/' successfully

2022-12-05 16:49:54 - [MESSAGE][PASSED] - Navigate to 'https://lab.everleagues.com/' successfully

2022-12-05 16:49:54 - [TEST_STEP][PASSED] - maximizeWindow(): Current window maximized

2022-12-05 16:49:54 - [MESSAGE][PASSED] - Current window maximized

2022-12-05 16:49:54 - [TEST_STEP][PASSED] - setText(findTestObject("02-Side Icons(Organization)/Add Contact/Email Field"), "testuser02@mailinator.com"): Text 'testuser02@mailinator.com' is set on object 'Object Repository/02-Side Icons(Organization)/Add Contact/Email Field'

2022-12-05 16:49:55 - [MESSAGE][PASSED] - Text 'testuser02@mailinator.com' is set on object 'Object Repository/02-Side Icons(Organization)/Add Contact/Email Field'

2022-12-05 16:49:55 - [TEST_STEP][PASSED] - setEncryptedText(findTestObject("02-Side Icons(Organization)/Add Contact/Password Field"), "8yFRyszE6U6jvsCn51OQbg=="): Text ****** has been set on object 'Object Repository/02-Side Icons(Organization)/Add Contact/Password Field'

2022-12-05 16:49:55 - [MESSAGE][PASSED] - Text ****** has been set on object 'Object Repository/02-Side Icons(Organization)/Add Contact/Password Field'

2022-12-05 16:49:55 - [TEST_STEP][PASSED] - click(findTestObject("02-Side Icons(Organization)/Add Contact/button_Sign in")): Object: 'Object Repository/02-Side Icons(Organization)/Add Contact/button_Sign in' is clicked on

2022-12-05 16:49:56 - [MESSAGE][PASSED] - Object: 'Object Repository/02-Side Icons(Organization)/Add Contact/button_Sign in' is clicked on

2022-12-05 16:49:56 - [TEST_STEP][PASSED] - delay(2): Delayed 2 second(s)

2022-12-05 16:49:58 - [MESSAGE][PASSED] - Delayed 2 second(s)

2022-12-05 16:49:58 - [TEST_STEP][PASSED] - click(findTestObject("06-Teams/For 2FA/button_Confirm_2FA")): Object: 'Object Repository/06-Teams/For 2FA/button_Confirm_2FA' is clicked on

2022-12-05 16:49:58 - [MESSAGE][PASSED] - Object: 'Object Repository/06-Teams/For 2FA/button_Confirm_2FA' is clicked on

2022-12-05 16:49:58 - [TEST_STEP][PASSED] - executeJavaScript("window.open();", []): Execute JavaScript 'window.open();' successfully

2022-12-05 16:49:58 - [MESSAGE][PASSED] - Execute JavaScript 'window.open();' successfully

2022-12-05 16:49:58 - [TEST_STEP][PASSED] - currentWindow = getWindowIndex(): Current window's index is: 0

2022-12-05 16:49:58 - [MESSAGE][PASSED] - Current window's index is: 0

2022-12-05 16:49:58 - [TEST_STEP][PASSED] - delay(3): Delayed 3 second(s)

2022-12-05 16:50:01 - [MESSAGE][PASSED] - Delayed 3 second(s)

2022-12-05 16:50:01 - [TEST_STEP][PASSED] - switchToWindowIndex(currentWindow + 1): Switched to window with index: '1'

2022-12-05 16:50:01 - [MESSAGE][PASSED] - Switched to window with index: '1'

2022-12-05 16:50:01 - [TEST_STEP][PASSED] - navigateToUrl("https://www.mailinator.com/"): Navigate to 'https://www.mailinator.com/' successfully

2022-12-05 16:50:04 - [MESSAGE][PASSED] - Navigate to 'https://www.mailinator.com/' successfully

2022-12-05 16:50:04 - [TEST_STEP][PASSED] - delay(3): Delayed 3 second(s)

2022-12-05 16:50:07 - [MESSAGE][PASSED] - Delayed 3 second(s)

2022-12-05 16:50:07 - [TEST_STEP][PASSED] - setText(findTestObject("00-Signup and Activation/zMailinator/input_LOGIN_search"), "testuser02@mailinator.com"): Text 'testuser02@mailinator.com' is set on object 'Object Repository/00-Signup and Activation/zMailinator/input_LOGIN_search'

2022-12-05 16:50:08 - [MESSAGE][PASSED] - Text 'testuser02@mailinator.com' is set on object 'Object Repository/00-Signup and Activation/zMailinator/input_LOGIN_search'

2022-12-05 16:50:08 - [TEST_STEP][PASSED] - click(findTestObject("00-Signup and Activation/zMailinator/gobutton"), STOP_ON_FAILURE): Object: 'Object Repository/00-Signup and Activation/zMailinator/gobutton' is clicked on

2022-12-05 16:50:09 - [MESSAGE][PASSED] - Object: 'Object Repository/00-Signup and Activation/zMailinator/gobutton' is clicked on

2022-12-05 16:50:09 - [TEST_STEP][PASSED] - delay(3): Delayed 3 second(s)

2022-12-05 16:50:12 - [MESSAGE][PASSED] - Delayed 3 second(s)

2022-12-05 16:50:12 - [TEST_STEP][PASSED] - click(findTestObject("00-Signup and Activation/zMailinator/Email - everleagues")): Object: 'Object Repository/00-Signup and Activation/zMailinator/Email - everleagues' is clicked on

2022-12-05 16:50:12 - [MESSAGE][PASSED] - Object: 'Object Repository/00-Signup and Activation/zMailinator/Email - everleagues' is clicked on

2022-12-05 16:50:12 - [TEST_STEP][PASSED] - delay(3): Delayed 3 second(s)

2022-12-05 16:50:15 - [MESSAGE][PASSED] - Delayed 3 second(s)

2022-12-05 16:50:15 - [TEST_STEP][PASSED] - code = getText(findTestObject("Object Repository/06-Teams/For 2FA/2FA code")): Text of object 'Object Repository/06-Teams/For 2FA/2FA code' is: '347111'

2022-12-05 16:50:16 - [MESSAGE][PASSED] - Text of object 'Object Repository/06-Teams/For 2FA/2FA code' is: '347111'

2022-12-05 16:50:16 - [TEST_STEP][PASSED] - delay(3): Delayed 3 second(s)

2022-12-05 16:50:19 - [MESSAGE][PASSED] - Delayed 3 second(s)

2022-12-05 16:50:19 - [TEST_STEP][PASSED] - closeWindowTitle("Mailinator"): Window with title: 'Mailinator' is closed

2022-12-05 16:50:19 - [MESSAGE][PASSED] - Window with title: 'Mailinator' is closed

2022-12-05 16:50:19 - [TEST_STEP][PASSED] - delay(3): Delayed 3 second(s)

2022-12-05 16:50:22 - [MESSAGE][PASSED] - Delayed 3 second(s)

2022-12-05 16:50:22 - [TEST_STEP][PASSED] - switchToWindowIndex(0): Switched to window with index: '0'

2022-12-05 16:50:22 - [MESSAGE][PASSED] - Switched to window with index: '0'

2022-12-05 16:50:22 - [TEST_STEP][PASSED] - delay(3): Delayed 3 second(s)

2022-12-05 16:50:25 - [MESSAGE][PASSED] - Delayed 3 second(s)

2022-12-05 16:50:25 - [TEST_STEP][PASSED] - setText(findTestObject("Object Repository/06-Teams/For 2FA/input_Enter verification code_code"), code): Text '347111' is set on object 'Object Repository/06-Teams/For 2FA/input_Enter verification code_code'

2022-12-05 16:50:26 - [MESSAGE][PASSED] - Text '347111' is set on object 'Object Repository/06-Teams/For 2FA/input_Enter verification code_code'

2022-12-05 16:50:26 - [TEST_STEP][PASSED] - delay(3): Delayed 3 second(s)

2022-12-05 16:50:29 - [MESSAGE][PASSED] - Delayed 3 second(s)

2022-12-05 16:50:29 - [TEST_STEP][PASSED] - click(findTestObject("06-Teams/For 2FA/button_Verify_2FA")): Object: 'Object Repository/06-Teams/For 2FA/button_Verify_2FA' is clicked on

2022-12-05 16:50:29 - [MESSAGE][PASSED] - Object: 'Object Repository/06-Teams/For 2FA/button_Verify_2FA' is clicked on

2022-12-05 16:50:29 - [TEST_STEP][PASSED] - delay(5): Delayed 5 second(s)

2022-12-05 16:50:34 - [MESSAGE][PASSED] - Delayed 5 second(s)

2022-12-05 16:50:34 - [TEST_STEP][PASSED] - click(findTestObject("06-Teams/button_doublearrow")): Object: 'Object Repository/06-Teams/button_doublearrow' is clicked on

2022-12-05 16:50:35 - [MESSAGE][PASSED] - Object: 'Object Repository/06-Teams/button_doublearrow' is clicked on

2022-12-05 16:50:35 - [TEST_STEP][PASSED] - click(findTestObject("06-Teams/button_My Organizations")): Object: 'Object Repository/06-Teams/button_My Organizations' is clicked on

2022-12-05 16:50:35 - [MESSAGE][PASSED] - Object: 'Object Repository/06-Teams/button_My Organizations' is clicked on

2022-12-05 16:50:35 - [TEST_STEP][PASSED] - click(findTestObject("06-Teams/button_GG Automation")): Object: 'Object Repository/06-Teams/button_GG Automation' is clicked on

2022-12-05 16:50:36 - [MESSAGE][PASSED] - Object: 'Object Repository/06-Teams/button_GG Automation' is clicked on

2022-12-05 16:50:36 - [TEST_STEP][PASSED] - delay(4): Delayed 4 second(s)

2022-12-05 16:50:40 - [MESSAGE][PASSED] - Delayed 4 second(s)

2022-12-05 16:50:40 - [TEST_STEP][PASSED] - verifyElementVisible(findTestObject("06-Teams/span_GG Automation")): Object 'Object Repository/06-Teams/span_GG Automation' is visible

2022-12-05 16:50:41 - [MESSAGE][PASSED] - Object 'Object Repository/06-Teams/span_GG Automation' is visible

2022-12-05 16:50:41 - [TEST_STEP][PASSED] - delay(5): Delayed 5 second(s)

2022-12-05 16:50:46 - [MESSAGE][PASSED] - Delayed 5 second(s)

2022-12-05 16:50:46 - [TEST_STEP][PASSED] - click(findTestObject("03-Header Menu/Hamburger Button/div_Settings")): Object: 'Object Repository/03-Header Menu/Hamburger Button/div_Settings' is clicked on

2022-12-05 16:50:46 - [MESSAGE][PASSED] - Object: 'Object Repository/03-Header Menu/Hamburger Button/div_Settings' is clicked on

2022-12-05 16:50:46 - [TEST_STEP][PASSED] - delay(3): Delayed 3 second(s)

2022-12-05 16:50:49 - [MESSAGE][PASSED] - Delayed 3 second(s)

2022-12-05 16:50:49 - [TEST_STEP][PASSED] - click(findTestObject("09-Settings/Users/div_Users")): Object: 'Object Repository/09-Settings/Users/div_Users' is clicked on

2022-12-05 16:50:50 - [MESSAGE][PASSED] - Object: 'Object Repository/09-Settings/Users/div_Users' is clicked on

2022-12-05 16:50:50 - [TEST_STEP][PASSED] - delay(3): Delayed 3 second(s)

2022-12-05 16:50:53 - [MESSAGE][PASSED] - Delayed 3 second(s)

2022-12-05 16:50:53 - [TEST_STEP][PASSED] - click(findTestObject("09-Settings/Users/button_add")): Object: 'Object Repository/09-Settings/Users/button_add' is clicked on

2022-12-05 16:50:53 - [MESSAGE][PASSED] - Object: 'Object Repository/09-Settings/Users/button_add' is clicked on

2022-12-05 16:50:53 - [TEST_STEP][PASSED] - delay(3): Delayed 3 second(s)

2022-12-05 16:50:56 - [MESSAGE][PASSED] - Delayed 3 second(s)

2022-12-05 16:50:56 - [TEST_STEP][PASSED] - click(findTestObject("09-Settings/Users/Invite batch of users via CSV file")): Object: 'Object Repository/09-Settings/Users/Invite batch of users via CSV file' is clicked on

2022-12-05 16:50:57 - [MESSAGE][PASSED] - Object: 'Object Repository/09-Settings/Users/Invite batch of users via CSV file' is clicked on

2022-12-05 16:50:57 - [TEST_STEP][PASSED] - verifyElementVisible(findTestObject("09-Settings/Users/CSV Invite/Import CSV File modal")): Object 'Object Repository/09-Settings/Users/CSV Invite/Import CSV File modal' is visible

2022-12-05 16:50:58 - [MESSAGE][PASSED] - Object 'Object Repository/09-Settings/Users/CSV Invite/Import CSV File modal' is visible

2022-12-05 16:50:58 - [TEST_STEP][PASSED] - verifyElementNotClickable(findTestObject("09-Settings/Users/CSV Invite/button_Import")): Object 'Object Repository/09-Settings/Users/CSV Invite/button_Import' is NOT clickable

2022-12-05 16:50:58 - [MESSAGE][PASSED] - Object 'Object Repository/09-Settings/Users/CSV Invite/button_Import' is NOT clickable

2022-12-05 16:50:58 - [TEST_STEP][PASSED] - delay(3): Delayed 3 second(s)

2022-12-05 16:51:01 - [MESSAGE][PASSED] - Delayed 3 second(s)

2022-12-05 16:51:01 - [TEST_STEP][PASSED] - uploadpackage.Upload.uploadFile(findTestObject("Object Repository/09-Settings/Users/CSV Invite/button_Choose File"), "C:\Users\User\Desktop\EL automation\sample csv.csv"): uploadpackage.Upload.uploadFile is PASSED

2022-12-05 16:51:01 - [MESSAGE][PASSED] - Object: 'Object Repository/09-Settings/Users/CSV Invite/button_Choose File' is clicked on

2022-12-05 16:51:02 - [MESSAGE][PASSED] - uploadpackage.Upload.uploadFile is PASSED

2022-12-05 16:51:02 - [TEST_STEP][PASSED] - delay(3): Delayed 3 second(s)

2022-12-05 16:51:05 - [MESSAGE][PASSED] - Delayed 3 second(s)

2022-12-05 16:51:05 - [TEST_STEP][PASSED] - verifyElementVisible(findTestObject("09-Settings/Users/CSV Invite/div_Sample csv.csv")): Object 'Object Repository/09-Settings/Users/CSV Invite/div_Sample csv.csv' is visible

2022-12-05 16:51:05 - [MESSAGE][PASSED] - Object 'Object Repository/09-Settings/Users/CSV Invite/div_Sample csv.csv' is visible

2022-12-05 16:51:05 - [TEST_STEP][PASSED] - click(findTestObject("09-Settings/Users/CSV Invite/button_Import")): Object: 'Object Repository/09-Settings/Users/CSV Invite/button_Import' is clicked on

2022-12-05 16:51:05 - [MESSAGE][PASSED] - Object: 'Object Repository/09-Settings/Users/CSV Invite/button_Import' is clicked on

2022-12-05 16:51:05 - [TEST_STEP][PASSED] - delay(5): Delayed 5 second(s)

2022-12-05 16:51:10 - [MESSAGE][PASSED] - Delayed 5 second(s)

2022-12-05 16:51:10 - [TEST_STEP][PASSED] - verifyElementVisible(findTestObject("09-Settings/Users/CSV Invite/Success import modal")): Object 'Object Repository/09-Settings/Users/CSV Invite/Success import modal' is visible

2022-12-05 16:51:11 - [MESSAGE][PASSED] - Object 'Object Repository/09-Settings/Users/CSV Invite/Success import modal' is visible

2022-12-05 16:51:11 - [TEST_STEP][PASSED] - click(findTestObject("09-Settings/Users/CSV Invite/button_Close")): Object: 'Object Repository/09-Settings/Users/CSV Invite/button_Close' is clicked on

2022-12-05 16:51:11 - [MESSAGE][PASSED] - Object: 'Object Repository/09-Settings/Users/CSV Invite/button_Close' is clicked on

2022-12-05 16:51:11 - [TEST_STEP][PASSED] - click(findTestObject("09-Settings/Users/CSV Invite/Invited Users tab")): Object: 'Object Repository/09-Settings/Users/CSV Invite/Invited Users tab' is clicked on

2022-12-05 16:51:12 - [MESSAGE][PASSED] - Object: 'Object Repository/09-Settings/Users/CSV Invite/Invited Users tab' is clicked on

2022-12-05 16:51:12 - [TEST_STEP][PASSED] - delay(3): Delayed 3 second(s)

2022-12-05 16:51:15 - [MESSAGE][PASSED] - Delayed 3 second(s)

2022-12-05 16:51:15 - [TEST_STEP][PASSED] - verifyElementVisible(findTestObject("09-Settings/Users/CSV Invite/div_CTCSV test3")): Object 'Object Repository/09-Settings/Users/CSV Invite/div_CTCSV test3' is visible

2022-12-05 16:51:15 - [MESSAGE][PASSED] - Object 'Object Repository/09-Settings/Users/CSV Invite/div_CTCSV test3' is visible

2022-12-05 16:51:15 - [TEST_STEP][PASSED] - verifyElementVisible(findTestObject("09-Settings/Users/CSV Invite/div_autotester08mailinator.com")): Object 'Object Repository/09-Settings/Users/CSV Invite/div_autotester08mailinator.com' is visible

2022-12-05 16:51:16 - [MESSAGE][PASSED] - Object 'Object Repository/09-Settings/Users/CSV Invite/div_autotester08mailinator.com' is visible

2022-12-05 16:51:16 - [TEST_STEP][PASSED] - verifyElementVisible(findTestObject("09-Settings/Users/CSV Invite/div_Partner")): Object 'Object Repository/09-Settings/Users/CSV Invite/div_Partner' is visible

2022-12-05 16:51:16 - [MESSAGE][PASSED] - Object 'Object Repository/09-Settings/Users/CSV Invite/div_Partner' is visible

2022-12-05 16:51:16 - [TEST_STEP][PASSED] - verifyElementVisible(findTestObject("09-Settings/Users/CSV Invite/div_CTCSV test2")): Object 'Object Repository/09-Settings/Users/CSV Invite/div_CTCSV test2' is visible

2022-12-05 16:51:17 - [MESSAGE][PASSED] - Object 'Object Repository/09-Settings/Users/CSV Invite/div_CTCSV test2' is visible

2022-12-05 16:51:17 - [TEST_STEP][PASSED] - verifyElementVisible(findTestObject("09-Settings/Users/CSV Invite/div_autotester07mailinator.com")): Object 'Object Repository/09-Settings/Users/CSV Invite/div_autotester07mailinator.com' is visible

2022-12-05 16:51:17 - [MESSAGE][PASSED] - Object 'Object Repository/09-Settings/Users/CSV Invite/div_autotester07mailinator.com' is visible

2022-12-05 16:51:17 - [TEST_STEP][PASSED] - verifyElementVisible(findTestObject("09-Settings/Users/CSV Invite/div_Client")): Object 'Object Repository/09-Settings/Users/CSV Invite/div_Client' is visible

2022-12-05 16:51:17 - [MESSAGE][PASSED] - Object 'Object Repository/09-Settings/Users/CSV Invite/div_Client' is visible

2022-12-05 16:51:17 - [TEST_STEP][PASSED] - verifyElementVisible(findTestObject("09-Settings/Users/CSV Invite/div_CTCSV test1")): Object 'Object Repository/09-Settings/Users/CSV Invite/div_CTCSV test1' is visible

2022-12-05 16:51:18 - [MESSAGE][PASSED] - Object 'Object Repository/09-Settings/Users/CSV Invite/div_CTCSV test1' is visible

2022-12-05 16:51:18 - [TEST_STEP][PASSED] - verifyElementVisible(findTestObject("09-Settings/Users/CSV Invite/div_autotester06mailinator.com")): Object 'Object Repository/09-Settings/Users/CSV Invite/div_autotester06mailinator.com' is visible

2022-12-05 16:51:18 - [MESSAGE][PASSED] - Object 'Object Repository/09-Settings/Users/CSV Invite/div_autotester06mailinator.com' is visible

2022-12-05 16:51:18 - [TEST_STEP][PASSED] - verifyElementVisible(findTestObject("09-Settings/Users/CSV Invite/div_Coworker")): Object 'Object Repository/09-Settings/Users/CSV Invite/div_Coworker' is visible

2022-12-05 16:51:18 - [MESSAGE][PASSED] - Object 'Object Repository/09-Settings/Users/CSV Invite/div_Coworker' is visible

2022-12-05 16:51:18 - [TEST_STEP][PASSED] - delay(3): Delayed 3 second(s)

2022-12-05 16:51:21 - [MESSAGE][PASSED] - Delayed 3 second(s)

2022-12-05 16:51:21 - [TEST_STEP][PASSED] - closeBrowser(): Browser is closed

2022-12-05 16:51:22 - [MESSAGE][PASSED] - Browser is closed]]></system-out>
         <system-err><![CDATA[]]></system-err>
      </testcase>
      <system-out><![CDATA[2022-12-05 16:36:30 - [TEST_SUITE][PASSED] - 09.1 - Settings (Invite users): Test Cases/09-Settings/05 - Users (Invite batch of users via CSV file)]]></system-out>
      <system-err><![CDATA[]]></system-err>
   </testsuite>
</testsuites>
