<?xml version="1.0" encoding="UTF-8"?>
<testsuites name="12-EL Sign" time="177.136" tests="2" failures="0" errors="0">
   <testsuite name="12-EL Sign" tests="2" failures="0" errors="0" time="177.136" skipped="0" timestamp="2023-01-17 16:08:14" hostname="asus - DESKTOP-3L3J9C1" id="Test Suites/TS-Organization/12-EL Sign">
      <properties>
         <property name="deviceName" value=""/>
         <property name="devicePlatform" value=""/>
         <property name="logFolder" value="C:\\Users\\asus\\Katalon Studio\\Everleagues\\Everleagues\\Reports\\20230117_160801\\TS-Organization\\12-EL Sign\\20230117_160801"/>
         <property name="logFiles" value="C:\\Users\\asus\\Katalon Studio\\Everleagues\\Everleagues\\Reports\\20230117_160801\\TS-Organization\\12-EL Sign\\20230117_160801\\execution0.log"/>
         <property name="attachments" value=""/>
         <property name="hostName" value="asus - DESKTOP-3L3J9C1"/>
         <property name="os" value="Windows 10 64bit"/>
         <property name="katalonVersion" value="8.4.1.208"/>
         <property name="browser" value="Chrome 109.0.0.0"/>
         <property name="hostAddress" value="192.168.5.88"/>
         <property name="sessionId" value="9e57cf42e343403d0a911d5e77622c2e"/>
         <property name="seleniumVersion" value="3.141.59"/>
         <property name="proxyInformation" value="ProxyInformation { proxyOption=NO_PROXY, proxyServerType=HTTP, username=, password=********, proxyServerAddress=, proxyServerPort=0, executionList=&quot;&quot;, isApplyToDesiredCapabilities=true }"/>
         <property name="platform" value="Windows 10"/>
      </properties>
      <testcase name="Test Cases/12-EL Sign/01-Send Documents (Upload a file-required field is blank)" time="161.914" classname="Test Cases/12-EL Sign/01-Send Documents (Upload a file-required field is blank)" status="PASSED">
         <system-out><![CDATA[2023-01-17 16:08:15 - [TEST_CASE][PASSED] - Test Cases/12-EL Sign/01-Send Documents (Upload a file-required field is blank): Test Cases/12-EL Sign/01-Send Documents (Upload a file-required field is blank)

2023-01-17 16:08:18 - [TEST_STEP][PASSED] - openBrowser(""): Browser is opened with url: ''

2023-01-17 16:08:20 - [MESSAGE][INFO] - Starting 'Chrome' driver

2023-01-17 16:08:20 - [MESSAGE][INFO] - Action delay is set to 0 milliseconds

2023-01-17 16:08:29 - [MESSAGE][PASSED] - Browser is opened with url: ''

2023-01-17 16:08:29 - [TEST_STEP][PASSED] - navigateToUrl("https://lab.everleagues.com/"): Navigate to 'https://lab.everleagues.com/' successfully

2023-01-17 16:09:06 - [MESSAGE][PASSED] - Navigate to 'https://lab.everleagues.com/' successfully

2023-01-17 16:09:06 - [TEST_STEP][PASSED] - maximizeWindow(): Current window maximized

2023-01-17 16:09:07 - [MESSAGE][PASSED] - Current window maximized

2023-01-17 16:09:07 - [TEST_STEP][PASSED] - callTestCase(findTestCase("01-Login and Forgot Password/Login(Valid Credentials-With Subscription)"), [:], STOP_ON_FAILURE): Call Test Case 'Test Cases/01-Login and Forgot Password/Login(Valid Credentials-With Subscription)' successfully

2023-01-17 16:09:07 - [TEST_CASE][PASSED] - Test Cases/01-Login and Forgot Password/Login(Valid Credentials-With Subscription): Test Cases/01-Login and Forgot Password/Login(Valid Credentials-With Subscription)

2023-01-17 16:09:09 - [TEST_STEP][PASSED] - setText(findTestObject("01-Login and Forgot Password/input_Email_email"), "testuser02@mailinator.com"): Text 'testuser02@mailinator.com' is set on object 'Object Repository/01-Login and Forgot Password/input_Email_email'

2023-01-17 16:09:12 - [MESSAGE][PASSED] - Text 'testuser02@mailinator.com' is set on object 'Object Repository/01-Login and Forgot Password/input_Email_email'

2023-01-17 16:09:12 - [TEST_STEP][PASSED] - setEncryptedText(findTestObject("01-Login and Forgot Password/input_Email_password"), "8yFRyszE6U6jvsCn51OQbg=="): Text ****** has been set on object 'Object Repository/01-Login and Forgot Password/input_Email_password'

2023-01-17 16:09:14 - [MESSAGE][PASSED] - Text ****** has been set on object 'Object Repository/01-Login and Forgot Password/input_Email_password'

2023-01-17 16:09:14 - [TEST_STEP][PASSED] - delay(2): Delayed 2 second(s)

2023-01-17 16:09:16 - [MESSAGE][PASSED] - Delayed 2 second(s)

2023-01-17 16:09:16 - [TEST_STEP][PASSED] - click(findTestObject("01-Login and Forgot Password/show pass button")): Object: 'Object Repository/01-Login and Forgot Password/show pass button' is clicked on

2023-01-17 16:09:17 - [MESSAGE][PASSED] - Object: 'Object Repository/01-Login and Forgot Password/show pass button' is clicked on

2023-01-17 16:09:17 - [TEST_STEP][PASSED] - delay(3): Delayed 3 second(s)

2023-01-17 16:09:20 - [MESSAGE][PASSED] - Delayed 3 second(s)

2023-01-17 16:09:20 - [TEST_STEP][PASSED] - click(findTestObject("01-Login and Forgot Password/button_Sign in")): Object: 'Object Repository/01-Login and Forgot Password/button_Sign in' is clicked on

2023-01-17 16:09:21 - [MESSAGE][PASSED] - Object: 'Object Repository/01-Login and Forgot Password/button_Sign in' is clicked on

2023-01-17 16:09:21 - [TEST_STEP][PASSED] - delay(3): Delayed 3 second(s)

2023-01-17 16:09:24 - [MESSAGE][PASSED] - Delayed 3 second(s)

2023-01-17 16:09:24 - [TEST_STEP][PASSED] - click(findTestObject("06-Teams/For 2FA/button_Confirm_2FA")): Object: 'Object Repository/06-Teams/For 2FA/button_Confirm_2FA' is clicked on

2023-01-17 16:09:25 - [MESSAGE][PASSED] - Object: 'Object Repository/06-Teams/For 2FA/button_Confirm_2FA' is clicked on

2023-01-17 16:09:25 - [TEST_STEP][PASSED] - executeJavaScript("window.open();", []): Execute JavaScript 'window.open();' successfully

2023-01-17 16:09:26 - [MESSAGE][PASSED] - Execute JavaScript 'window.open();' successfully

2023-01-17 16:09:26 - [TEST_STEP][PASSED] - currentWindow = getWindowIndex(): Current window's index is: 0

2023-01-17 16:09:27 - [MESSAGE][PASSED] - Current window's index is: 0

2023-01-17 16:09:27 - [TEST_STEP][PASSED] - delay(3): Delayed 3 second(s)

2023-01-17 16:09:30 - [MESSAGE][PASSED] - Delayed 3 second(s)

2023-01-17 16:09:30 - [TEST_STEP][PASSED] - switchToWindowIndex(currentWindow + 1): Switched to window with index: '1'

2023-01-17 16:09:30 - [MESSAGE][PASSED] - Switched to window with index: '1'

2023-01-17 16:09:30 - [TEST_STEP][PASSED] - navigateToUrl("https://www.mailinator.com/"): Navigate to 'https://www.mailinator.com/' successfully

2023-01-17 16:09:40 - [MESSAGE][PASSED] - Navigate to 'https://www.mailinator.com/' successfully

2023-01-17 16:09:40 - [TEST_STEP][PASSED] - delay(3): Delayed 3 second(s)

2023-01-17 16:09:43 - [MESSAGE][PASSED] - Delayed 3 second(s)

2023-01-17 16:09:43 - [TEST_STEP][PASSED] - setText(findTestObject("00-Signup and Activation/zMailinator/input_LOGIN_search"), "testuser02@mailinator.com"): Text 'testuser02@mailinator.com' is set on object 'Object Repository/00-Signup and Activation/zMailinator/input_LOGIN_search'

2023-01-17 16:09:44 - [MESSAGE][PASSED] - Text 'testuser02@mailinator.com' is set on object 'Object Repository/00-Signup and Activation/zMailinator/input_LOGIN_search'

2023-01-17 16:09:44 - [TEST_STEP][PASSED] - click(findTestObject("00-Signup and Activation/zMailinator/gobutton"), STOP_ON_FAILURE): Object: 'Object Repository/00-Signup and Activation/zMailinator/gobutton' is clicked on

2023-01-17 16:09:49 - [MESSAGE][PASSED] - Object: 'Object Repository/00-Signup and Activation/zMailinator/gobutton' is clicked on

2023-01-17 16:09:49 - [TEST_STEP][PASSED] - delay(3): Delayed 3 second(s)

2023-01-17 16:09:52 - [MESSAGE][PASSED] - Delayed 3 second(s)

2023-01-17 16:09:52 - [TEST_STEP][PASSED] - click(findTestObject("00-Signup and Activation/zMailinator/Email - everleagues")): Object: 'Object Repository/00-Signup and Activation/zMailinator/Email - everleagues' is clicked on

2023-01-17 16:09:53 - [MESSAGE][PASSED] - Object: 'Object Repository/00-Signup and Activation/zMailinator/Email - everleagues' is clicked on

2023-01-17 16:09:53 - [TEST_STEP][PASSED] - delay(3): Delayed 3 second(s)

2023-01-17 16:09:56 - [MESSAGE][PASSED] - Delayed 3 second(s)

2023-01-17 16:09:56 - [TEST_STEP][PASSED] - code = getText(findTestObject("Object Repository/06-Teams/For 2FA/2FA code")): Text of object 'Object Repository/06-Teams/For 2FA/2FA code' is: '495173'

2023-01-17 16:09:57 - [MESSAGE][PASSED] - Text of object 'Object Repository/06-Teams/For 2FA/2FA code' is: '495173'

2023-01-17 16:09:58 - [TEST_STEP][PASSED] - delay(3): Delayed 3 second(s)

2023-01-17 16:10:01 - [MESSAGE][PASSED] - Delayed 3 second(s)

2023-01-17 16:10:01 - [TEST_STEP][PASSED] - closeWindowTitle("Mailinator"): Window with title: 'Mailinator' is closed

2023-01-17 16:10:01 - [MESSAGE][PASSED] - Window with title: 'Mailinator' is closed

2023-01-17 16:10:01 - [TEST_STEP][PASSED] - delay(3): Delayed 3 second(s)

2023-01-17 16:10:04 - [MESSAGE][PASSED] - Delayed 3 second(s)

2023-01-17 16:10:04 - [TEST_STEP][PASSED] - switchToWindowIndex(0): Switched to window with index: '0'

2023-01-17 16:10:04 - [MESSAGE][PASSED] - Switched to window with index: '0'

2023-01-17 16:10:04 - [TEST_STEP][PASSED] - delay(3): Delayed 3 second(s)

2023-01-17 16:10:07 - [MESSAGE][PASSED] - Delayed 3 second(s)

2023-01-17 16:10:07 - [TEST_STEP][PASSED] - setText(findTestObject("Object Repository/06-Teams/For 2FA/input_Enter verification code_code"), code): Text '495173' is set on object 'Object Repository/06-Teams/For 2FA/input_Enter verification code_code'

2023-01-17 16:10:09 - [MESSAGE][PASSED] - Text '495173' is set on object 'Object Repository/06-Teams/For 2FA/input_Enter verification code_code'

2023-01-17 16:10:09 - [TEST_STEP][PASSED] - delay(3): Delayed 3 second(s)

2023-01-17 16:10:12 - [MESSAGE][PASSED] - Delayed 3 second(s)

2023-01-17 16:10:12 - [TEST_STEP][PASSED] - click(findTestObject("06-Teams/For 2FA/button_Verify_2FA")): Object: 'Object Repository/06-Teams/For 2FA/button_Verify_2FA' is clicked on

2023-01-17 16:10:13 - [MESSAGE][PASSED] - Object: 'Object Repository/06-Teams/For 2FA/button_Verify_2FA' is clicked on

2023-01-17 16:10:13 - [TEST_STEP][PASSED] - delay(3): Delayed 3 second(s)

2023-01-17 16:10:16 - [MESSAGE][PASSED] - Delayed 3 second(s)

2023-01-17 16:10:16 - [MESSAGE][PASSED] - Call Test Case 'Test Cases/01-Login and Forgot Password/Login(Valid Credentials-With Subscription)' successfully

2023-01-17 16:10:16 - [TEST_STEP][PASSED] - click(findTestObject("06-Teams/button_doublearrow")): Object: 'Object Repository/06-Teams/button_doublearrow' is clicked on

2023-01-17 16:10:21 - [MESSAGE][PASSED] - Object: 'Object Repository/06-Teams/button_doublearrow' is clicked on

2023-01-17 16:10:21 - [TEST_STEP][PASSED] - click(findTestObject("06-Teams/button_My Organizations")): Object: 'Object Repository/06-Teams/button_My Organizations' is clicked on

2023-01-17 16:10:22 - [MESSAGE][PASSED] - Object: 'Object Repository/06-Teams/button_My Organizations' is clicked on

2023-01-17 16:10:22 - [TEST_STEP][PASSED] - click(findTestObject("02-Side Icons(Organization)/Add Contact/button_Automation Test Org")): Object: 'Object Repository/02-Side Icons(Organization)/Add Contact/button_Automation Test Org' is clicked on

2023-01-17 16:10:23 - [MESSAGE][PASSED] - Object: 'Object Repository/02-Side Icons(Organization)/Add Contact/button_Automation Test Org' is clicked on

2023-01-17 16:10:23 - [TEST_STEP][PASSED] - delay(4): Delayed 4 second(s)

2023-01-17 16:10:27 - [MESSAGE][PASSED] - Delayed 4 second(s)

2023-01-17 16:10:27 - [TEST_STEP][PASSED] - verifyElementVisible(findTestObject("02-Side Icons(Organization)/Add Contact/span_Automation Test Org")): Object 'Object Repository/02-Side Icons(Organization)/Add Contact/span_Automation Test Org' is visible

2023-01-17 16:10:28 - [MESSAGE][PASSED] - Object 'Object Repository/02-Side Icons(Organization)/Add Contact/span_Automation Test Org' is visible

2023-01-17 16:10:28 - [TEST_STEP][PASSED] - delay(5): Delayed 5 second(s)

2023-01-17 16:10:33 - [MESSAGE][PASSED] - Delayed 5 second(s)

2023-01-17 16:10:33 - [TEST_STEP][PASSED] - scrollToElement(findTestObject("03-Header Menu/Hamburger Button/div_ELSign"), 0): Scroll to object 'Object Repository/03-Header Menu/Hamburger Button/div_ELSign' successfully

2023-01-17 16:10:33 - [MESSAGE][WARNING] - Timeout '0' is invalid. Using default page load timeout: '30'

2023-01-17 16:10:34 - [MESSAGE][PASSED] - Scroll to object 'Object Repository/03-Header Menu/Hamburger Button/div_ELSign' successfully

2023-01-17 16:10:34 - [TEST_STEP][PASSED] - click(findTestObject("03-Header Menu/Hamburger Button/div_ELSign")): Object: 'Object Repository/03-Header Menu/Hamburger Button/div_ELSign' is clicked on

2023-01-17 16:10:35 - [MESSAGE][PASSED] - Object: 'Object Repository/03-Header Menu/Hamburger Button/div_ELSign' is clicked on

2023-01-17 16:10:35 - [TEST_STEP][PASSED] - verifyElementVisible(findTestObject("03-Header Menu/Hamburger Button/div_ELSign")): Object 'Object Repository/03-Header Menu/Hamburger Button/div_ELSign' is visible

2023-01-17 16:10:38 - [MESSAGE][PASSED] - Object 'Object Repository/03-Header Menu/Hamburger Button/div_ELSign' is visible

2023-01-17 16:10:38 - [TEST_STEP][PASSED] - verifyElementVisible(findTestObject("12-EL Sign/h4_ELSign")): Object 'Object Repository/12-EL Sign/h4_ELSign' is visible

2023-01-17 16:10:39 - [MESSAGE][PASSED] - Object 'Object Repository/12-EL Sign/h4_ELSign' is visible

2023-01-17 16:10:39 - [TEST_STEP][PASSED] - delay(3): Delayed 3 second(s)

2023-01-17 16:10:42 - [MESSAGE][PASSED] - Delayed 3 second(s)

2023-01-17 16:10:42 - [TEST_STEP][PASSED] - click(findTestObject("12-EL Sign/div_Send Documents")): Object: 'Object Repository/12-EL Sign/div_Send Documents' is clicked on

2023-01-17 16:10:43 - [MESSAGE][PASSED] - Object: 'Object Repository/12-EL Sign/div_Send Documents' is clicked on

2023-01-17 16:10:43 - [TEST_STEP][PASSED] - uploadpackage.Upload.uploadFile(findTestObject("Object Repository/12-EL Sign/div_Drag and drop or Upload PDF or Word document here"), "C:\Users\asus\Desktop\EL automation\sample.pdf"): uploadpackage.Upload.uploadFile is PASSED

2023-01-17 16:10:44 - [MESSAGE][PASSED] - Object: 'Object Repository/12-EL Sign/div_Drag and drop or Upload PDF or Word document here' is clicked on

2023-01-17 16:10:47 - [MESSAGE][PASSED] - uploadpackage.Upload.uploadFile is PASSED

2023-01-17 16:10:47 - [TEST_STEP][PASSED] - delay(3): Delayed 3 second(s)

2023-01-17 16:10:50 - [MESSAGE][PASSED] - Delayed 3 second(s)

2023-01-17 16:10:50 - [TEST_STEP][PASSED] - click(findTestObject("12-EL Sign/input_documentTitle")): Object: 'Object Repository/12-EL Sign/input_documentTitle' is clicked on

2023-01-17 16:10:51 - [MESSAGE][PASSED] - Object: 'Object Repository/12-EL Sign/input_documentTitle' is clicked on

2023-01-17 16:10:51 - [TEST_STEP][PASSED] - sendKeys(findTestObject("Object Repository/12-EL Sign/input_documentTitle"), Keys.chord(CONTROL, "a")): Keys 'CONTROL + a' sent to object: 'Object Repository/12-EL Sign/input_documentTitle'

2023-01-17 16:10:52 - [MESSAGE][PASSED] - Keys 'CONTROL + a' sent to object: 'Object Repository/12-EL Sign/input_documentTitle'

2023-01-17 16:10:52 - [TEST_STEP][PASSED] - sendKeys(findTestObject("Object Repository/12-EL Sign/input_documentTitle"), Keys.chord(BACK_SPACE)): Keys 'BACK_SPACE + ' sent to object: 'Object Repository/12-EL Sign/input_documentTitle'

2023-01-17 16:10:52 - [MESSAGE][PASSED] - Keys 'BACK_SPACE + ' sent to object: 'Object Repository/12-EL Sign/input_documentTitle'

2023-01-17 16:10:52 - [TEST_STEP][PASSED] - clickOffset(findTestObject("12-EL Sign/h4_ELSign"), 100, 100): Object: 'Object Repository/12-EL Sign/h4_ELSign' is clicked on using offset x=100 and y=100

2023-01-17 16:10:53 - [MESSAGE][PASSED] - Object: 'Object Repository/12-EL Sign/h4_ELSign' is clicked on using offset x=100 and y=100

2023-01-17 16:10:53 - [TEST_STEP][PASSED] - verifyElementVisible(findTestObject("12-EL Sign/mat-error_Title is required")): Object 'Object Repository/12-EL Sign/mat-error_Title is required' is visible

2023-01-17 16:10:54 - [MESSAGE][PASSED] - Object 'Object Repository/12-EL Sign/mat-error_Title is required' is visible

2023-01-17 16:10:54 - [TEST_STEP][PASSED] - delay(3): Delayed 3 second(s)

2023-01-17 16:10:57 - [MESSAGE][PASSED] - Delayed 3 second(s)]]></system-out>
         <system-err><![CDATA[]]></system-err>
      </testcase>
      <testcase name="Test Cases/12-EL Sign/02-Send Documents (Upload a file-fill out required field)" time="13.755" classname="Test Cases/12-EL Sign/02-Send Documents (Upload a file-fill out required field)" status="PASSED">
         <system-out><![CDATA[2023-01-17 16:10:57 - [TEST_CASE][PASSED] - Test Cases/12-EL Sign/02-Send Documents (Upload a file-fill out required field): Test Cases/12-EL Sign/02-Send Documents (Upload a file-fill out required field)

2023-01-17 16:10:59 - [TEST_STEP][PASSED] - setText(findTestObject("12-EL Sign/input_documentTitle"), "sample.pdf"): Text 'sample.pdf' is set on object 'Object Repository/12-EL Sign/input_documentTitle'

2023-01-17 16:11:01 - [MESSAGE][PASSED] - Text 'sample.pdf' is set on object 'Object Repository/12-EL Sign/input_documentTitle'

2023-01-17 16:11:01 - [TEST_STEP][PASSED] - click(findTestObject("12-EL Sign/button_UPLOAD")): Object: 'Object Repository/12-EL Sign/button_UPLOAD' is clicked on

2023-01-17 16:11:02 - [MESSAGE][PASSED] - Object: 'Object Repository/12-EL Sign/button_UPLOAD' is clicked on

2023-01-17 16:11:02 - [TEST_STEP][PASSED] - delay(3): Delayed 3 second(s)

2023-01-17 16:11:05 - [MESSAGE][PASSED] - Delayed 3 second(s)

2023-01-17 16:11:05 - [TEST_STEP][PASSED] - click(findTestObject("12-EL Sign/button_homeELSIGN DOCUMENTS")): Object: 'Object Repository/12-EL Sign/button_homeELSIGN DOCUMENTS' is clicked on

2023-01-17 16:11:08 - [MESSAGE][PASSED] - Object: 'Object Repository/12-EL Sign/button_homeELSIGN DOCUMENTS' is clicked on

2023-01-17 16:11:08 - [TEST_STEP][PASSED] - delay(3): Delayed 3 second(s)

2023-01-17 16:11:11 - [MESSAGE][PASSED] - Delayed 3 second(s)]]></system-out>
         <system-err><![CDATA[]]></system-err>
      </testcase>
      <system-out><![CDATA[2023-01-17 16:08:14 - [TEST_SUITE][PASSED] - 12-EL Sign: Test Cases/12-EL Sign/02-Send Documents (Upload a file-fill out required field)]]></system-out>
      <system-err><![CDATA[]]></system-err>
   </testsuite>
</testsuites>
