<?xml version="1.0" encoding="UTF-8"?>
<testsuites name="06.1- Teams - Add" time="173.142" tests="2" failures="0" errors="0">
   <testsuite name="06.1- Teams - Add" tests="2" failures="0" errors="0" time="173.142" skipped="0" timestamp="2022-11-23 11:06:52" hostname="User - DESKTOP-QCRNR4M" id="Test Suites/TS-Organization/06.1- Teams - Add">
      <properties>
         <property name="deviceName" value=""/>
         <property name="devicePlatform" value=""/>
         <property name="logFolder" value="C:\\Users\\User\\Katalon Studio\\EverleaguesMain\\Reports\\20221123_110650\\TS-Organization\\06.1- Teams - Add\\20221123_110650"/>
         <property name="logFiles" value="C:\\Users\\User\\Katalon Studio\\EverleaguesMain\\Reports\\20221123_110650\\TS-Organization\\06.1- Teams - Add\\20221123_110650\\execution0.log"/>
         <property name="attachments" value=""/>
         <property name="hostName" value="User - DESKTOP-QCRNR4M"/>
         <property name="os" value="Windows 10 64bit"/>
         <property name="katalonVersion" value="8.4.1.208"/>
         <property name="browser" value="Chrome 107.0.0.0"/>
         <property name="hostAddress" value="192.168.5.124"/>
         <property name="sessionId" value="824d50caa382804b94ecb73414725a6c"/>
         <property name="seleniumVersion" value="3.141.59"/>
         <property name="proxyInformation" value="ProxyInformation { proxyOption=NO_PROXY, proxyServerType=HTTP, username=, password=********, proxyServerAddress=, proxyServerPort=0, executionList=&quot;&quot;, isApplyToDesiredCapabilities=true }"/>
         <property name="platform" value="Windows 10"/>
      </properties>
      <testcase name="Test Cases/06- Teams/01- Add Team- Public" time="130.799" classname="Test Cases/06- Teams/01- Add Team- Public" status="PASSED">
         <system-out><![CDATA[2022-11-23 11:06:52 - [TEST_CASE][PASSED] - Test Cases/06- Teams/01- Add Team- Public: Test Cases/06- Teams/01- Add Team- Public

2022-11-23 11:06:53 - [TEST_STEP][PASSED] - openBrowser(""): Browser is opened with url: ''

2022-11-23 11:06:53 - [MESSAGE][INFO] - Starting 'Chrome' driver

2022-11-23 11:06:53 - [MESSAGE][INFO] - Action delay is set to 0 milliseconds

2022-11-23 11:06:55 - [MESSAGE][PASSED] - Browser is opened with url: ''

2022-11-23 11:06:55 - [TEST_STEP][PASSED] - navigateToUrl("https://lab.everleagues.com/"): Navigate to 'https://lab.everleagues.com/' successfully

2022-11-23 11:07:34 - [MESSAGE][PASSED] - Navigate to 'https://lab.everleagues.com/' successfully

2022-11-23 11:07:34 - [TEST_STEP][PASSED] - maximizeWindow(): Current window maximized

2022-11-23 11:07:34 - [MESSAGE][PASSED] - Current window maximized

2022-11-23 11:07:34 - [TEST_STEP][PASSED] - setText(findTestObject("02-Side Icons(Organization)/Add Contact/Email Field"), "testuser02@mailinator.com"): Text 'testuser02@mailinator.com' is set on object 'Object Repository/02-Side Icons(Organization)/Add Contact/Email Field'

2022-11-23 11:07:35 - [MESSAGE][PASSED] - Text 'testuser02@mailinator.com' is set on object 'Object Repository/02-Side Icons(Organization)/Add Contact/Email Field'

2022-11-23 11:07:35 - [TEST_STEP][PASSED] - setEncryptedText(findTestObject("02-Side Icons(Organization)/Add Contact/Password Field"), "8yFRyszE6U6jvsCn51OQbg=="): Text ****** has been set on object 'Object Repository/02-Side Icons(Organization)/Add Contact/Password Field'

2022-11-23 11:07:35 - [MESSAGE][PASSED] - Text ****** has been set on object 'Object Repository/02-Side Icons(Organization)/Add Contact/Password Field'

2022-11-23 11:07:35 - [TEST_STEP][PASSED] - click(findTestObject("02-Side Icons(Organization)/Add Contact/button_Sign in")): Object: 'Object Repository/02-Side Icons(Organization)/Add Contact/button_Sign in' is clicked on

2022-11-23 11:07:36 - [MESSAGE][PASSED] - Object: 'Object Repository/02-Side Icons(Organization)/Add Contact/button_Sign in' is clicked on

2022-11-23 11:07:36 - [TEST_STEP][PASSED] - delay(2): Delayed 2 second(s)

2022-11-23 11:07:38 - [MESSAGE][PASSED] - Delayed 2 second(s)

2022-11-23 11:07:38 - [TEST_STEP][PASSED] - click(findTestObject("06-Teams/For 2FA/button_Confirm_2FA")): Object: 'Object Repository/06-Teams/For 2FA/button_Confirm_2FA' is clicked on

2022-11-23 11:07:39 - [MESSAGE][PASSED] - Object: 'Object Repository/06-Teams/For 2FA/button_Confirm_2FA' is clicked on

2022-11-23 11:07:39 - [TEST_STEP][PASSED] - executeJavaScript("window.open();", []): Execute JavaScript 'window.open();' successfully

2022-11-23 11:07:39 - [MESSAGE][PASSED] - Execute JavaScript 'window.open();' successfully

2022-11-23 11:07:39 - [TEST_STEP][PASSED] - currentWindow = getWindowIndex(): Current window's index is: 0

2022-11-23 11:07:39 - [MESSAGE][PASSED] - Current window's index is: 0

2022-11-23 11:07:39 - [TEST_STEP][PASSED] - delay(3): Delayed 3 second(s)

2022-11-23 11:07:42 - [MESSAGE][PASSED] - Delayed 3 second(s)

2022-11-23 11:07:42 - [TEST_STEP][PASSED] - switchToWindowIndex(currentWindow + 1): Switched to window with index: '1'

2022-11-23 11:07:42 - [MESSAGE][PASSED] - Switched to window with index: '1'

2022-11-23 11:07:42 - [TEST_STEP][PASSED] - navigateToUrl("https://www.mailinator.com/"): Navigate to 'https://www.mailinator.com/' successfully

2022-11-23 11:07:46 - [MESSAGE][PASSED] - Navigate to 'https://www.mailinator.com/' successfully

2022-11-23 11:07:46 - [TEST_STEP][PASSED] - delay(3): Delayed 3 second(s)

2022-11-23 11:07:49 - [MESSAGE][PASSED] - Delayed 3 second(s)

2022-11-23 11:07:49 - [TEST_STEP][PASSED] - setText(findTestObject("00-Signup and Activation/zMailinator/input_LOGIN_search"), "testuser02@mailinator.com"): Text 'testuser02@mailinator.com' is set on object 'Object Repository/00-Signup and Activation/zMailinator/input_LOGIN_search'

2022-11-23 11:07:49 - [MESSAGE][PASSED] - Text 'testuser02@mailinator.com' is set on object 'Object Repository/00-Signup and Activation/zMailinator/input_LOGIN_search'

2022-11-23 11:07:49 - [TEST_STEP][PASSED] - click(findTestObject("00-Signup and Activation/zMailinator/gobutton"), STOP_ON_FAILURE): Object: 'Object Repository/00-Signup and Activation/zMailinator/gobutton' is clicked on

2022-11-23 11:07:51 - [MESSAGE][PASSED] - Object: 'Object Repository/00-Signup and Activation/zMailinator/gobutton' is clicked on

2022-11-23 11:07:51 - [TEST_STEP][PASSED] - delay(3): Delayed 3 second(s)

2022-11-23 11:07:54 - [MESSAGE][PASSED] - Delayed 3 second(s)

2022-11-23 11:07:54 - [TEST_STEP][PASSED] - click(findTestObject("00-Signup and Activation/zMailinator/Email - everleagues")): Object: 'Object Repository/00-Signup and Activation/zMailinator/Email - everleagues' is clicked on

2022-11-23 11:07:55 - [MESSAGE][PASSED] - Object: 'Object Repository/00-Signup and Activation/zMailinator/Email - everleagues' is clicked on

2022-11-23 11:07:55 - [TEST_STEP][PASSED] - delay(3): Delayed 3 second(s)

2022-11-23 11:07:58 - [MESSAGE][PASSED] - Delayed 3 second(s)

2022-11-23 11:07:58 - [TEST_STEP][PASSED] - code = getText(findTestObject("Object Repository/06-Teams/For 2FA/2FA code")): Text of object 'Object Repository/06-Teams/For 2FA/2FA code' is: '290985'

2022-11-23 11:07:58 - [MESSAGE][PASSED] - Text of object 'Object Repository/06-Teams/For 2FA/2FA code' is: '290985'

2022-11-23 11:07:58 - [TEST_STEP][PASSED] - delay(3): Delayed 3 second(s)

2022-11-23 11:08:01 - [MESSAGE][PASSED] - Delayed 3 second(s)

2022-11-23 11:08:01 - [TEST_STEP][PASSED] - closeWindowTitle("Mailinator"): Window with title: 'Mailinator' is closed

2022-11-23 11:08:01 - [MESSAGE][PASSED] - Window with title: 'Mailinator' is closed

2022-11-23 11:08:01 - [TEST_STEP][PASSED] - delay(3): Delayed 3 second(s)

2022-11-23 11:08:04 - [MESSAGE][PASSED] - Delayed 3 second(s)

2022-11-23 11:08:04 - [TEST_STEP][PASSED] - switchToWindowIndex(0): Switched to window with index: '0'

2022-11-23 11:08:04 - [MESSAGE][PASSED] - Switched to window with index: '0'

2022-11-23 11:08:04 - [TEST_STEP][PASSED] - delay(3): Delayed 3 second(s)

2022-11-23 11:08:07 - [MESSAGE][PASSED] - Delayed 3 second(s)

2022-11-23 11:08:07 - [TEST_STEP][PASSED] - setText(findTestObject("Object Repository/06-Teams/For 2FA/input_Enter verification code_code"), code): Text '290985' is set on object 'Object Repository/06-Teams/For 2FA/input_Enter verification code_code'

2022-11-23 11:08:08 - [MESSAGE][PASSED] - Text '290985' is set on object 'Object Repository/06-Teams/For 2FA/input_Enter verification code_code'

2022-11-23 11:08:08 - [TEST_STEP][PASSED] - delay(3): Delayed 3 second(s)

2022-11-23 11:08:11 - [MESSAGE][PASSED] - Delayed 3 second(s)

2022-11-23 11:08:11 - [TEST_STEP][PASSED] - click(findTestObject("06-Teams/For 2FA/button_Verify_2FA")): Object: 'Object Repository/06-Teams/For 2FA/button_Verify_2FA' is clicked on

2022-11-23 11:08:12 - [MESSAGE][PASSED] - Object: 'Object Repository/06-Teams/For 2FA/button_Verify_2FA' is clicked on

2022-11-23 11:08:12 - [TEST_STEP][PASSED] - delay(5): Delayed 5 second(s)

2022-11-23 11:08:17 - [MESSAGE][PASSED] - Delayed 5 second(s)

2022-11-23 11:08:17 - [TEST_STEP][PASSED] - click(findTestObject("06-Teams/button_doublearrow")): Object: 'Object Repository/06-Teams/button_doublearrow' is clicked on

2022-11-23 11:08:17 - [MESSAGE][PASSED] - Object: 'Object Repository/06-Teams/button_doublearrow' is clicked on

2022-11-23 11:08:17 - [TEST_STEP][PASSED] - click(findTestObject("06-Teams/button_My Organizations")): Object: 'Object Repository/06-Teams/button_My Organizations' is clicked on

2022-11-23 11:08:18 - [MESSAGE][PASSED] - Object: 'Object Repository/06-Teams/button_My Organizations' is clicked on

2022-11-23 11:08:18 - [TEST_STEP][PASSED] - click(findTestObject("06-Teams/button_GG Automation")): Object: 'Object Repository/06-Teams/button_GG Automation' is clicked on

2022-11-23 11:08:18 - [MESSAGE][PASSED] - Object: 'Object Repository/06-Teams/button_GG Automation' is clicked on

2022-11-23 11:08:18 - [TEST_STEP][PASSED] - delay(4): Delayed 4 second(s)

2022-11-23 11:08:22 - [MESSAGE][PASSED] - Delayed 4 second(s)

2022-11-23 11:08:22 - [TEST_STEP][PASSED] - verifyElementVisible(findTestObject("06-Teams/span_GG Automation")): Object 'Object Repository/06-Teams/span_GG Automation' is visible

2022-11-23 11:08:23 - [MESSAGE][PASSED] - Object 'Object Repository/06-Teams/span_GG Automation' is visible

2022-11-23 11:08:23 - [TEST_STEP][PASSED] - delay(2): Delayed 2 second(s)

2022-11-23 11:08:25 - [MESSAGE][PASSED] - Delayed 2 second(s)

2022-11-23 11:08:25 - [TEST_STEP][PASSED] - click(findTestObject("03-Header Menu/Hamburger Button/div_Teams")): Object: 'Object Repository/03-Header Menu/Hamburger Button/div_Teams' is clicked on

2022-11-23 11:08:25 - [MESSAGE][PASSED] - Object: 'Object Repository/03-Header Menu/Hamburger Button/div_Teams' is clicked on

2022-11-23 11:08:25 - [TEST_STEP][PASSED] - delay(2): Delayed 2 second(s)

2022-11-23 11:08:27 - [MESSAGE][PASSED] - Delayed 2 second(s)

2022-11-23 11:08:27 - [TEST_STEP][PASSED] - verifyElementVisible(findTestObject("06-Teams/h4_TEAMS")): Object 'Object Repository/06-Teams/h4_TEAMS' is visible

2022-11-23 11:08:28 - [MESSAGE][PASSED] - Object 'Object Repository/06-Teams/h4_TEAMS' is visible

2022-11-23 11:08:28 - [TEST_STEP][PASSED] - delay(3): Delayed 3 second(s)

2022-11-23 11:08:31 - [MESSAGE][PASSED] - Delayed 3 second(s)

2022-11-23 11:08:31 - [TEST_STEP][PASSED] - click(findTestObject("06-Teams/Add Team")): Object: 'Object Repository/06-Teams/Add Team' is clicked on

2022-11-23 11:08:31 - [MESSAGE][PASSED] - Object: 'Object Repository/06-Teams/Add Team' is clicked on

2022-11-23 11:08:31 - [TEST_STEP][PASSED] - delay(3): Delayed 3 second(s)

2022-11-23 11:08:34 - [MESSAGE][PASSED] - Delayed 3 second(s)

2022-11-23 11:08:34 - [TEST_STEP][PASSED] - verifyElementVisible(findTestObject("06-Teams/button_Public")): Object 'Object Repository/06-Teams/button_Public' is visible

2022-11-23 11:08:35 - [MESSAGE][PASSED] - Object 'Object Repository/06-Teams/button_Public' is visible

2022-11-23 11:08:35 - [TEST_STEP][PASSED] - verifyElementVisible(findTestObject("06-Teams/button_Private")): Object 'Object Repository/06-Teams/button_Private' is visible

2022-11-23 11:08:35 - [MESSAGE][PASSED] - Object 'Object Repository/06-Teams/button_Private' is visible

2022-11-23 11:08:35 - [TEST_STEP][PASSED] - delay(3): Delayed 3 second(s)

2022-11-23 11:08:38 - [MESSAGE][PASSED] - Delayed 3 second(s)

2022-11-23 11:08:38 - [TEST_STEP][PASSED] - click(findTestObject("06-Teams/button_Public")): Object: 'Object Repository/06-Teams/button_Public' is clicked on

2022-11-23 11:08:38 - [MESSAGE][PASSED] - Object: 'Object Repository/06-Teams/button_Public' is clicked on

2022-11-23 11:08:38 - [TEST_STEP][PASSED] - verifyElementVisible(findTestObject("06-Teams/01-Add Team-Public/Add Team_Public")): Object 'Object Repository/06-Teams/01-Add Team-Public/Add Team_Public' is visible

2022-11-23 11:08:39 - [MESSAGE][PASSED] - Object 'Object Repository/06-Teams/01-Add Team-Public/Add Team_Public' is visible

2022-11-23 11:08:39 - [TEST_STEP][PASSED] - verifyElementNotClickable(findTestObject("06-Teams/01-Add Team-Public/button_Create")): Object 'Object Repository/06-Teams/01-Add Team-Public/button_Create' is NOT clickable

2022-11-23 11:08:40 - [MESSAGE][PASSED] - Object 'Object Repository/06-Teams/01-Add Team-Public/button_Create' is NOT clickable

2022-11-23 11:08:40 - [TEST_STEP][PASSED] - delay(3): Delayed 3 second(s)

2022-11-23 11:08:43 - [MESSAGE][PASSED] - Delayed 3 second(s)

2022-11-23 11:08:43 - [TEST_STEP][PASSED] - click(findTestObject("06-Teams/01-Add Team-Public/input_teamName")): Object: 'Object Repository/06-Teams/01-Add Team-Public/input_teamName' is clicked on

2022-11-23 11:08:43 - [MESSAGE][PASSED] - Object: 'Object Repository/06-Teams/01-Add Team-Public/input_teamName' is clicked on

2022-11-23 11:08:43 - [TEST_STEP][PASSED] - click(findTestObject("06-Teams/01-Add Team-Public/Org unit")): Object: 'Object Repository/06-Teams/01-Add Team-Public/Org unit' is clicked on

2022-11-23 11:08:44 - [MESSAGE][PASSED] - Object: 'Object Repository/06-Teams/01-Add Team-Public/Org unit' is clicked on

2022-11-23 11:08:44 - [TEST_STEP][PASSED] - verifyElementVisible(findTestObject("06-Teams/01-Add Team-Public/h4_Select an organization unit")): Object 'Object Repository/06-Teams/01-Add Team-Public/h4_Select an organization unit' is visible

2022-11-23 11:08:44 - [MESSAGE][PASSED] - Object 'Object Repository/06-Teams/01-Add Team-Public/h4_Select an organization unit' is visible

2022-11-23 11:08:44 - [TEST_STEP][PASSED] - delay(3): Delayed 3 second(s)

2022-11-23 11:08:47 - [MESSAGE][PASSED] - Delayed 3 second(s)

2022-11-23 11:08:47 - [TEST_STEP][PASSED] - click(findTestObject("06-Teams/01-Add Team-Public/div_GG Automation")): Object: 'Object Repository/06-Teams/01-Add Team-Public/div_GG Automation' is clicked on

2022-11-23 11:08:48 - [MESSAGE][PASSED] - Object: 'Object Repository/06-Teams/01-Add Team-Public/div_GG Automation' is clicked on

2022-11-23 11:08:48 - [TEST_STEP][PASSED] - click(findTestObject("06-Teams/01-Add Team-Public/button_Select")): Object: 'Object Repository/06-Teams/01-Add Team-Public/button_Select' is clicked on

2022-11-23 11:08:48 - [MESSAGE][PASSED] - Object: 'Object Repository/06-Teams/01-Add Team-Public/button_Select' is clicked on

2022-11-23 11:08:48 - [TEST_STEP][PASSED] - verifyElementVisible(findTestObject("06-Teams/01-Add Team-Public/Error Team name")): Object 'Object Repository/06-Teams/01-Add Team-Public/Error Team name' is visible

2022-11-23 11:08:49 - [MESSAGE][PASSED] - Object 'Object Repository/06-Teams/01-Add Team-Public/Error Team name' is visible

2022-11-23 11:08:49 - [TEST_STEP][PASSED] - delay(3): Delayed 3 second(s)

2022-11-23 11:08:52 - [MESSAGE][PASSED] - Delayed 3 second(s)

2022-11-23 11:08:52 - [TEST_STEP][PASSED] - setText(findTestObject("06-Teams/01-Add Team-Public/input_teamName"), "Auto Team Public"): Text 'Auto Team Public' is set on object 'Object Repository/06-Teams/01-Add Team-Public/input_teamName'

2022-11-23 11:08:53 - [MESSAGE][PASSED] - Text 'Auto Team Public' is set on object 'Object Repository/06-Teams/01-Add Team-Public/input_teamName'

2022-11-23 11:08:53 - [TEST_STEP][PASSED] - click(findTestObject("06-Teams/01-Add Team-Public/button_Create")): Object: 'Object Repository/06-Teams/01-Add Team-Public/button_Create' is clicked on

2022-11-23 11:08:53 - [MESSAGE][PASSED] - Object: 'Object Repository/06-Teams/01-Add Team-Public/button_Create' is clicked on

2022-11-23 11:08:53 - [TEST_STEP][PASSED] - delay(3): Delayed 3 second(s)

2022-11-23 11:08:56 - [MESSAGE][PASSED] - Delayed 3 second(s)

2022-11-23 11:08:56 - [TEST_STEP][PASSED] - verifyElementVisible(findTestObject("06-Teams/01-Add Team-Public/span_Successfully added new team")): Object 'Object Repository/06-Teams/01-Add Team-Public/span_Successfully added new team' is visible

2022-11-23 11:08:57 - [MESSAGE][PASSED] - Object 'Object Repository/06-Teams/01-Add Team-Public/span_Successfully added new team' is visible

2022-11-23 11:08:57 - [TEST_STEP][PASSED] - delay(3): Delayed 3 second(s)

2022-11-23 11:09:00 - [MESSAGE][PASSED] - Delayed 3 second(s)

2022-11-23 11:09:00 - [TEST_STEP][PASSED] - verifyElementVisible(findTestObject("06-Teams/01-Add Team-Public/span_Auto Team Public")): Object 'Object Repository/06-Teams/01-Add Team-Public/span_Auto Team Public' is visible

2022-11-23 11:09:00 - [MESSAGE][PASSED] - Object 'Object Repository/06-Teams/01-Add Team-Public/span_Auto Team Public' is visible

2022-11-23 11:09:00 - [TEST_STEP][PASSED] - delay(3): Delayed 3 second(s)

2022-11-23 11:09:03 - [MESSAGE][PASSED] - Delayed 3 second(s)]]></system-out>
         <system-err><![CDATA[]]></system-err>
      </testcase>
      <testcase name="Test Cases/06- Teams/02-Add Team-Private" time="42.078" classname="Test Cases/06- Teams/02-Add Team-Private" status="PASSED">
         <system-out><![CDATA[2022-11-23 11:09:03 - [TEST_CASE][PASSED] - Test Cases/06- Teams/02-Add Team-Private: Test Cases/06- Teams/02-Add Team-Private

2022-11-23 11:09:03 - [TEST_STEP][PASSED] - click(findTestObject("06-Teams/Add Team")): Object: 'Object Repository/06-Teams/Add Team' is clicked on

2022-11-23 11:09:04 - [MESSAGE][PASSED] - Object: 'Object Repository/06-Teams/Add Team' is clicked on

2022-11-23 11:09:04 - [TEST_STEP][PASSED] - delay(3): Delayed 3 second(s)

2022-11-23 11:09:07 - [MESSAGE][PASSED] - Delayed 3 second(s)

2022-11-23 11:09:07 - [TEST_STEP][PASSED] - verifyElementVisible(findTestObject("06-Teams/button_Public")): Object 'Object Repository/06-Teams/button_Public' is visible

2022-11-23 11:09:07 - [MESSAGE][PASSED] - Object 'Object Repository/06-Teams/button_Public' is visible

2022-11-23 11:09:07 - [TEST_STEP][PASSED] - verifyElementVisible(findTestObject("06-Teams/button_Private")): Object 'Object Repository/06-Teams/button_Private' is visible

2022-11-23 11:09:08 - [MESSAGE][PASSED] - Object 'Object Repository/06-Teams/button_Private' is visible

2022-11-23 11:09:08 - [TEST_STEP][PASSED] - delay(3): Delayed 3 second(s)

2022-11-23 11:09:11 - [MESSAGE][PASSED] - Delayed 3 second(s)

2022-11-23 11:09:11 - [TEST_STEP][PASSED] - click(findTestObject("06-Teams/button_Private")): Object: 'Object Repository/06-Teams/button_Private' is clicked on

2022-11-23 11:09:11 - [MESSAGE][PASSED] - Object: 'Object Repository/06-Teams/button_Private' is clicked on

2022-11-23 11:09:11 - [TEST_STEP][PASSED] - delay(3): Delayed 3 second(s)

2022-11-23 11:09:14 - [MESSAGE][PASSED] - Delayed 3 second(s)

2022-11-23 11:09:14 - [TEST_STEP][PASSED] - verifyElementVisible(findTestObject("06-Teams/02-Add Team-Private/Add team- Private")): Object 'Object Repository/06-Teams/02-Add Team-Private/Add team- Private' is visible

2022-11-23 11:09:15 - [MESSAGE][PASSED] - Object 'Object Repository/06-Teams/02-Add Team-Private/Add team- Private' is visible

2022-11-23 11:09:15 - [TEST_STEP][PASSED] - verifyElementVisible(findTestObject("06-Teams/02-Add Team-Private/div_Settings")): Object 'Object Repository/06-Teams/02-Add Team-Private/div_Settings' is visible

2022-11-23 11:09:15 - [MESSAGE][PASSED] - Object 'Object Repository/06-Teams/02-Add Team-Private/div_Settings' is visible

2022-11-23 11:09:15 - [TEST_STEP][PASSED] - verifyElementVisible(findTestObject("06-Teams/02-Add Team-Private/div_Members")): Object 'Object Repository/06-Teams/02-Add Team-Private/div_Members' is visible

2022-11-23 11:09:15 - [MESSAGE][PASSED] - Object 'Object Repository/06-Teams/02-Add Team-Private/div_Members' is visible

2022-11-23 11:09:15 - [TEST_STEP][PASSED] - verifyElementNotClickable(findTestObject("06-Teams/01-Add Team-Public/button_Create")): Object 'Object Repository/06-Teams/01-Add Team-Public/button_Create' is NOT clickable

2022-11-23 11:09:16 - [MESSAGE][PASSED] - Object 'Object Repository/06-Teams/01-Add Team-Public/button_Create' is NOT clickable

2022-11-23 11:09:16 - [TEST_STEP][PASSED] - delay(3): Delayed 3 second(s)

2022-11-23 11:09:19 - [MESSAGE][PASSED] - Delayed 3 second(s)

2022-11-23 11:09:19 - [TEST_STEP][PASSED] - click(findTestObject("06-Teams/01-Add Team-Public/input_teamName")): Object: 'Object Repository/06-Teams/01-Add Team-Public/input_teamName' is clicked on

2022-11-23 11:09:19 - [MESSAGE][PASSED] - Object: 'Object Repository/06-Teams/01-Add Team-Public/input_teamName' is clicked on

2022-11-23 11:09:19 - [TEST_STEP][PASSED] - click(findTestObject("06-Teams/01-Add Team-Public/Org unit")): Object: 'Object Repository/06-Teams/01-Add Team-Public/Org unit' is clicked on

2022-11-23 11:09:19 - [MESSAGE][PASSED] - Object: 'Object Repository/06-Teams/01-Add Team-Public/Org unit' is clicked on

2022-11-23 11:09:19 - [TEST_STEP][PASSED] - verifyElementVisible(findTestObject("06-Teams/01-Add Team-Public/h4_Select an organization unit")): Object 'Object Repository/06-Teams/01-Add Team-Public/h4_Select an organization unit' is visible

2022-11-23 11:09:20 - [MESSAGE][PASSED] - Object 'Object Repository/06-Teams/01-Add Team-Public/h4_Select an organization unit' is visible

2022-11-23 11:09:20 - [TEST_STEP][PASSED] - delay(3): Delayed 3 second(s)

2022-11-23 11:09:23 - [MESSAGE][PASSED] - Delayed 3 second(s)

2022-11-23 11:09:23 - [TEST_STEP][PASSED] - click(findTestObject("06-Teams/01-Add Team-Public/div_GG Automation")): Object: 'Object Repository/06-Teams/01-Add Team-Public/div_GG Automation' is clicked on

2022-11-23 11:09:23 - [MESSAGE][PASSED] - Object: 'Object Repository/06-Teams/01-Add Team-Public/div_GG Automation' is clicked on

2022-11-23 11:09:23 - [TEST_STEP][PASSED] - click(findTestObject("06-Teams/01-Add Team-Public/button_Select")): Object: 'Object Repository/06-Teams/01-Add Team-Public/button_Select' is clicked on

2022-11-23 11:09:24 - [MESSAGE][PASSED] - Object: 'Object Repository/06-Teams/01-Add Team-Public/button_Select' is clicked on

2022-11-23 11:09:24 - [TEST_STEP][PASSED] - verifyElementVisible(findTestObject("06-Teams/01-Add Team-Public/Error Team name")): Object 'Object Repository/06-Teams/01-Add Team-Public/Error Team name' is visible

2022-11-23 11:09:25 - [MESSAGE][PASSED] - Object 'Object Repository/06-Teams/01-Add Team-Public/Error Team name' is visible

2022-11-23 11:09:25 - [TEST_STEP][PASSED] - delay(3): Delayed 3 second(s)

2022-11-23 11:09:28 - [MESSAGE][PASSED] - Delayed 3 second(s)

2022-11-23 11:09:28 - [TEST_STEP][PASSED] - setText(findTestObject("06-Teams/01-Add Team-Public/input_teamName"), "Auto Team Private"): Text 'Auto Team Private' is set on object 'Object Repository/06-Teams/01-Add Team-Public/input_teamName'

2022-11-23 11:09:28 - [MESSAGE][PASSED] - Text 'Auto Team Private' is set on object 'Object Repository/06-Teams/01-Add Team-Public/input_teamName'

2022-11-23 11:09:28 - [TEST_STEP][PASSED] - delay(3): Delayed 3 second(s)

2022-11-23 11:09:31 - [MESSAGE][PASSED] - Delayed 3 second(s)

2022-11-23 11:09:31 - [TEST_STEP][PASSED] - click(findTestObject("06-Teams/02-Add Team-Private/div_Members")): Object: 'Object Repository/06-Teams/02-Add Team-Private/div_Members' is clicked on

2022-11-23 11:09:32 - [MESSAGE][PASSED] - Object: 'Object Repository/06-Teams/02-Add Team-Private/div_Members' is clicked on

2022-11-23 11:09:32 - [TEST_STEP][PASSED] - verifyElementVisible(findTestObject("06-Teams/02-Add Team-Private/Members dialog box")): Object 'Object Repository/06-Teams/02-Add Team-Private/Members dialog box' is visible

2022-11-23 11:09:33 - [MESSAGE][PASSED] - Object 'Object Repository/06-Teams/02-Add Team-Private/Members dialog box' is visible

2022-11-23 11:09:33 - [TEST_STEP][PASSED] - delay(3): Delayed 3 second(s)

2022-11-23 11:09:36 - [MESSAGE][PASSED] - Delayed 3 second(s)

2022-11-23 11:09:36 - [TEST_STEP][PASSED] - click(findTestObject("06-Teams/01-Add Team-Public/button_Create")): Object: 'Object Repository/06-Teams/01-Add Team-Public/button_Create' is clicked on

2022-11-23 11:09:37 - [MESSAGE][PASSED] - Object: 'Object Repository/06-Teams/01-Add Team-Public/button_Create' is clicked on

2022-11-23 11:09:37 - [TEST_STEP][PASSED] - verifyElementVisible(findTestObject("06-Teams/01-Add Team-Public/span_Successfully added new team")): Object 'Object Repository/06-Teams/01-Add Team-Public/span_Successfully added new team' is visible

2022-11-23 11:09:38 - [MESSAGE][PASSED] - Object 'Object Repository/06-Teams/01-Add Team-Public/span_Successfully added new team' is visible

2022-11-23 11:09:38 - [TEST_STEP][PASSED] - delay(3): Delayed 3 second(s)

2022-11-23 11:09:41 - [MESSAGE][PASSED] - Delayed 3 second(s)

2022-11-23 11:09:41 - [TEST_STEP][PASSED] - verifyElementVisible(findTestObject("06-Teams/02-Add Team-Private/span_Auto Team Private")): Object 'Object Repository/06-Teams/02-Add Team-Private/span_Auto Team Private' is visible

2022-11-23 11:09:41 - [MESSAGE][PASSED] - Object 'Object Repository/06-Teams/02-Add Team-Private/span_Auto Team Private' is visible

2022-11-23 11:09:41 - [TEST_STEP][PASSED] - delay(3): Delayed 3 second(s)

2022-11-23 11:09:44 - [MESSAGE][PASSED] - Delayed 3 second(s)

2022-11-23 11:09:44 - [TEST_STEP][PASSED] - closeBrowser(): Browser is closed

2022-11-23 11:09:45 - [MESSAGE][PASSED] - Browser is closed]]></system-out>
         <system-err><![CDATA[]]></system-err>
      </testcase>
      <system-out><![CDATA[2022-11-23 11:06:52 - [TEST_SUITE][PASSED] - 06.1- Teams - Add: Test Cases/06- Teams/02-Add Team-Private]]></system-out>
      <system-err><![CDATA[]]></system-err>
   </testsuite>
</testsuites>
