<?xml version="1.0" encoding="UTF-8"?>
<testsuites name="09-Settings" time="854.516" tests="5" failures="0" errors="0">
   <testsuite name="09-Settings" tests="5" failures="0" errors="0" time="854.516" skipped="0" timestamp="2022-09-19 23:49:43" hostname="User - DESKTOP-QCRNR4M" id="Test Suites/TS-Organization/09-Settings">
      <properties>
         <property name="deviceName" value=""/>
         <property name="devicePlatform" value=""/>
         <property name="logFolder" value="C:\\Users\\User\\Katalon Studio\\EverleaguesMain\\Reports\\20220919_234941\\TS-Organization\\09-Settings\\20220919_234941"/>
         <property name="logFiles" value="C:\\Users\\User\\Katalon Studio\\EverleaguesMain\\Reports\\20220919_234941\\TS-Organization\\09-Settings\\20220919_234941\\execution0.log"/>
         <property name="attachments" value=""/>
         <property name="hostName" value="User - DESKTOP-QCRNR4M"/>
         <property name="os" value="Windows 10 64bit"/>
         <property name="katalonVersion" value="8.4.1.208"/>
         <property name="browser" value="Chrome 105.0.0.0"/>
         <property name="hostAddress" value="192.168.5.124"/>
         <property name="sessionId" value="a30949004eba80306f29537de41595f5"/>
         <property name="seleniumVersion" value="3.141.59"/>
         <property name="proxyInformation" value="ProxyInformation { proxyOption=NO_PROXY, proxyServerType=HTTP, username=, password=********, proxyServerAddress=, proxyServerPort=0, executionList=&quot;&quot;, isApplyToDesiredCapabilities=true }"/>
         <property name="platform" value="Windows 10"/>
      </properties>
      <testcase name="Test Cases/09-Settings/01 - Users (Invite new user but field are blank)" time="108.844" classname="Test Cases/09-Settings/01 - Users (Invite new user but field are blank)" status="PASSED">
         <system-out><![CDATA[2022-09-19 23:49:43 - [TEST_CASE][PASSED] - Test Cases/09-Settings/01 - Users (Invite new user but field are blank): Test Cases/09-Settings/01 - Users (Invite new user but field are blank)

2022-09-19 23:49:44 - [TEST_STEP][PASSED] - openBrowser(""): Browser is opened with url: ''

2022-09-19 23:49:44 - [MESSAGE][INFO] - Starting 'Chrome' driver

2022-09-19 23:49:44 - [MESSAGE][INFO] - Action delay is set to 0 milliseconds

2022-09-19 23:49:46 - [MESSAGE][PASSED] - Browser is opened with url: ''

2022-09-19 23:49:46 - [TEST_STEP][PASSED] - navigateToUrl("https://lab.everleagues.com/"): Navigate to 'https://lab.everleagues.com/' successfully

2022-09-19 23:50:11 - [MESSAGE][PASSED] - Navigate to 'https://lab.everleagues.com/' successfully

2022-09-19 23:50:11 - [TEST_STEP][PASSED] - maximizeWindow(): Current window maximized

2022-09-19 23:50:11 - [MESSAGE][PASSED] - Current window maximized

2022-09-19 23:50:11 - [TEST_STEP][PASSED] - setText(findTestObject("02-Side Icons(Organization)/Add Contact/Email Field"), "testuser02@mailinator.com"): Text 'testuser02@mailinator.com' is set on object 'Object Repository/02-Side Icons(Organization)/Add Contact/Email Field'

2022-09-19 23:50:12 - [MESSAGE][PASSED] - Text 'testuser02@mailinator.com' is set on object 'Object Repository/02-Side Icons(Organization)/Add Contact/Email Field'

2022-09-19 23:50:12 - [TEST_STEP][PASSED] - setEncryptedText(findTestObject("02-Side Icons(Organization)/Add Contact/Password Field"), "8yFRyszE6U6jvsCn51OQbg=="): Text ****** has been set on object 'Object Repository/02-Side Icons(Organization)/Add Contact/Password Field'

2022-09-19 23:50:13 - [MESSAGE][PASSED] - Text ****** has been set on object 'Object Repository/02-Side Icons(Organization)/Add Contact/Password Field'

2022-09-19 23:50:13 - [TEST_STEP][PASSED] - click(findTestObject("02-Side Icons(Organization)/Add Contact/button_Sign in")): Object: 'Object Repository/02-Side Icons(Organization)/Add Contact/button_Sign in' is clicked on

2022-09-19 23:50:14 - [MESSAGE][PASSED] - Object: 'Object Repository/02-Side Icons(Organization)/Add Contact/button_Sign in' is clicked on

2022-09-19 23:50:14 - [TEST_STEP][PASSED] - delay(2): Delayed 2 second(s)

2022-09-19 23:50:16 - [MESSAGE][PASSED] - Delayed 2 second(s)

2022-09-19 23:50:16 - [TEST_STEP][PASSED] - click(findTestObject("06-Teams/For 2FA/button_Confirm_2FA")): Object: 'Object Repository/06-Teams/For 2FA/button_Confirm_2FA' is clicked on

2022-09-19 23:50:17 - [MESSAGE][PASSED] - Object: 'Object Repository/06-Teams/For 2FA/button_Confirm_2FA' is clicked on

2022-09-19 23:50:17 - [TEST_STEP][PASSED] - executeJavaScript("window.open();", []): Execute JavaScript 'window.open();' successfully

2022-09-19 23:50:17 - [MESSAGE][PASSED] - Execute JavaScript 'window.open();' successfully

2022-09-19 23:50:17 - [TEST_STEP][PASSED] - currentWindow = getWindowIndex(): Current window's index is: 0

2022-09-19 23:50:17 - [MESSAGE][PASSED] - Current window's index is: 0

2022-09-19 23:50:17 - [TEST_STEP][PASSED] - delay(3): Delayed 3 second(s)

2022-09-19 23:50:20 - [MESSAGE][PASSED] - Delayed 3 second(s)

2022-09-19 23:50:20 - [TEST_STEP][PASSED] - switchToWindowIndex(currentWindow + 1): Switched to window with index: '1'

2022-09-19 23:50:20 - [MESSAGE][PASSED] - Switched to window with index: '1'

2022-09-19 23:50:20 - [TEST_STEP][PASSED] - navigateToUrl("https://www.mailinator.com/"): Navigate to 'https://www.mailinator.com/' successfully

2022-09-19 23:50:22 - [MESSAGE][PASSED] - Navigate to 'https://www.mailinator.com/' successfully

2022-09-19 23:50:22 - [TEST_STEP][PASSED] - delay(3): Delayed 3 second(s)

2022-09-19 23:50:25 - [MESSAGE][PASSED] - Delayed 3 second(s)

2022-09-19 23:50:25 - [TEST_STEP][PASSED] - setText(findTestObject("00-Signup and Activation/zMailinator/input_LOGIN_search"), "testuser02@mailinator.com"): Text 'testuser02@mailinator.com' is set on object 'Object Repository/00-Signup and Activation/zMailinator/input_LOGIN_search'

2022-09-19 23:50:25 - [MESSAGE][PASSED] - Text 'testuser02@mailinator.com' is set on object 'Object Repository/00-Signup and Activation/zMailinator/input_LOGIN_search'

2022-09-19 23:50:25 - [TEST_STEP][PASSED] - click(findTestObject("00-Signup and Activation/zMailinator/gobutton"), STOP_ON_FAILURE): Object: 'Object Repository/00-Signup and Activation/zMailinator/gobutton' is clicked on

2022-09-19 23:50:27 - [MESSAGE][PASSED] - Object: 'Object Repository/00-Signup and Activation/zMailinator/gobutton' is clicked on

2022-09-19 23:50:27 - [TEST_STEP][PASSED] - delay(3): Delayed 3 second(s)

2022-09-19 23:50:30 - [MESSAGE][PASSED] - Delayed 3 second(s)

2022-09-19 23:50:30 - [TEST_STEP][PASSED] - click(findTestObject("00-Signup and Activation/zMailinator/Email - everleagues")): Object: 'Object Repository/00-Signup and Activation/zMailinator/Email - everleagues' is clicked on

2022-09-19 23:50:30 - [MESSAGE][PASSED] - Object: 'Object Repository/00-Signup and Activation/zMailinator/Email - everleagues' is clicked on

2022-09-19 23:50:30 - [TEST_STEP][PASSED] - delay(3): Delayed 3 second(s)

2022-09-19 23:50:34 - [MESSAGE][PASSED] - Delayed 3 second(s)

2022-09-19 23:50:34 - [TEST_STEP][PASSED] - code = getText(findTestObject("Object Repository/06-Teams/For 2FA/2FA code")): Text of object 'Object Repository/06-Teams/For 2FA/2FA code' is: '171296'

2022-09-19 23:50:34 - [MESSAGE][PASSED] - Text of object 'Object Repository/06-Teams/For 2FA/2FA code' is: '171296'

2022-09-19 23:50:34 - [TEST_STEP][PASSED] - delay(3): Delayed 3 second(s)

2022-09-19 23:50:37 - [MESSAGE][PASSED] - Delayed 3 second(s)

2022-09-19 23:50:37 - [TEST_STEP][PASSED] - closeWindowTitle("Mailinator"): Window with title: 'Mailinator' is closed

2022-09-19 23:50:37 - [MESSAGE][PASSED] - Window with title: 'Mailinator' is closed

2022-09-19 23:50:37 - [TEST_STEP][PASSED] - delay(3): Delayed 3 second(s)

2022-09-19 23:50:40 - [MESSAGE][PASSED] - Delayed 3 second(s)

2022-09-19 23:50:40 - [TEST_STEP][PASSED] - switchToWindowIndex(0): Switched to window with index: '0'

2022-09-19 23:50:40 - [MESSAGE][PASSED] - Switched to window with index: '0'

2022-09-19 23:50:40 - [TEST_STEP][PASSED] - delay(3): Delayed 3 second(s)

2022-09-19 23:50:43 - [MESSAGE][PASSED] - Delayed 3 second(s)

2022-09-19 23:50:43 - [TEST_STEP][PASSED] - setText(findTestObject("Object Repository/06-Teams/For 2FA/input_Enter verification code_code"), code): Text '171296' is set on object 'Object Repository/06-Teams/For 2FA/input_Enter verification code_code'

2022-09-19 23:50:44 - [MESSAGE][PASSED] - Text '171296' is set on object 'Object Repository/06-Teams/For 2FA/input_Enter verification code_code'

2022-09-19 23:50:44 - [TEST_STEP][PASSED] - delay(3): Delayed 3 second(s)

2022-09-19 23:50:47 - [MESSAGE][PASSED] - Delayed 3 second(s)

2022-09-19 23:50:47 - [TEST_STEP][PASSED] - click(findTestObject("06-Teams/For 2FA/button_Verify_2FA")): Object: 'Object Repository/06-Teams/For 2FA/button_Verify_2FA' is clicked on

2022-09-19 23:50:47 - [MESSAGE][PASSED] - Object: 'Object Repository/06-Teams/For 2FA/button_Verify_2FA' is clicked on

2022-09-19 23:50:47 - [TEST_STEP][PASSED] - delay(5): Delayed 5 second(s)

2022-09-19 23:50:52 - [MESSAGE][PASSED] - Delayed 5 second(s)

2022-09-19 23:50:52 - [TEST_STEP][PASSED] - click(findTestObject("06-Teams/button_doublearrow")): Object: 'Object Repository/06-Teams/button_doublearrow' is clicked on

2022-09-19 23:50:53 - [MESSAGE][PASSED] - Object: 'Object Repository/06-Teams/button_doublearrow' is clicked on

2022-09-19 23:50:53 - [TEST_STEP][PASSED] - click(findTestObject("06-Teams/button_My Organizations")): Object: 'Object Repository/06-Teams/button_My Organizations' is clicked on

2022-09-19 23:50:53 - [MESSAGE][PASSED] - Object: 'Object Repository/06-Teams/button_My Organizations' is clicked on

2022-09-19 23:50:53 - [TEST_STEP][PASSED] - click(findTestObject("06-Teams/button_GG Automation")): Object: 'Object Repository/06-Teams/button_GG Automation' is clicked on

2022-09-19 23:50:54 - [MESSAGE][PASSED] - Object: 'Object Repository/06-Teams/button_GG Automation' is clicked on

2022-09-19 23:50:54 - [TEST_STEP][PASSED] - delay(4): Delayed 4 second(s)

2022-09-19 23:50:58 - [MESSAGE][PASSED] - Delayed 4 second(s)

2022-09-19 23:50:58 - [TEST_STEP][PASSED] - verifyElementVisible(findTestObject("06-Teams/span_GG Automation")): Object 'Object Repository/06-Teams/span_GG Automation' is visible

2022-09-19 23:50:59 - [MESSAGE][PASSED] - Object 'Object Repository/06-Teams/span_GG Automation' is visible

2022-09-19 23:50:59 - [TEST_STEP][PASSED] - delay(10): Delayed 10 second(s)

2022-09-19 23:51:09 - [MESSAGE][PASSED] - Delayed 10 second(s)

2022-09-19 23:51:09 - [TEST_STEP][PASSED] - click(findTestObject("03-Header Menu/Hamburger Button/div_Settings")): Object: 'Object Repository/03-Header Menu/Hamburger Button/div_Settings' is clicked on

2022-09-19 23:51:09 - [MESSAGE][PASSED] - Object: 'Object Repository/03-Header Menu/Hamburger Button/div_Settings' is clicked on

2022-09-19 23:51:09 - [TEST_STEP][PASSED] - verifyElementVisible(findTestObject("09-Settings/Users/div_Organization")): Object 'Object Repository/09-Settings/Users/div_Organization' is visible

2022-09-19 23:51:09 - [MESSAGE][PASSED] - Object 'Object Repository/09-Settings/Users/div_Organization' is visible

2022-09-19 23:51:09 - [TEST_STEP][PASSED] - verifyElementVisible(findTestObject("09-Settings/Users/div_Organization Units")): Object 'Object Repository/09-Settings/Users/div_Organization Units' is visible

2022-09-19 23:51:10 - [MESSAGE][PASSED] - Object 'Object Repository/09-Settings/Users/div_Organization Units' is visible

2022-09-19 23:51:10 - [TEST_STEP][PASSED] - verifyElementVisible(findTestObject("09-Settings/Users/div_Subscriptions")): Object 'Object Repository/09-Settings/Users/div_Subscriptions' is visible

2022-09-19 23:51:10 - [MESSAGE][PASSED] - Object 'Object Repository/09-Settings/Users/div_Subscriptions' is visible

2022-09-19 23:51:10 - [TEST_STEP][PASSED] - verifyElementVisible(findTestObject("09-Settings/Users/div_Users")): Object 'Object Repository/09-Settings/Users/div_Users' is visible

2022-09-19 23:51:11 - [MESSAGE][PASSED] - Object 'Object Repository/09-Settings/Users/div_Users' is visible

2022-09-19 23:51:11 - [TEST_STEP][PASSED] - delay(3): Delayed 3 second(s)

2022-09-19 23:51:14 - [MESSAGE][PASSED] - Delayed 3 second(s)

2022-09-19 23:51:14 - [TEST_STEP][PASSED] - click(findTestObject("09-Settings/Users/div_Users")): Object: 'Object Repository/09-Settings/Users/div_Users' is clicked on

2022-09-19 23:51:14 - [MESSAGE][PASSED] - Object: 'Object Repository/09-Settings/Users/div_Users' is clicked on

2022-09-19 23:51:14 - [TEST_STEP][PASSED] - verifyElementVisible(findTestObject("09-Settings/Users/h4_USERS")): Object 'Object Repository/09-Settings/Users/h4_USERS' is visible

2022-09-19 23:51:15 - [MESSAGE][PASSED] - Object 'Object Repository/09-Settings/Users/h4_USERS' is visible

2022-09-19 23:51:15 - [TEST_STEP][PASSED] - verifyElementVisible(findTestObject("09-Settings/Users/User Page")): Object 'Object Repository/09-Settings/Users/User Page' is visible

2022-09-19 23:51:16 - [MESSAGE][PASSED] - Object 'Object Repository/09-Settings/Users/User Page' is visible

2022-09-19 23:51:16 - [TEST_STEP][PASSED] - delay(3): Delayed 3 second(s)

2022-09-19 23:51:19 - [MESSAGE][PASSED] - Delayed 3 second(s)

2022-09-19 23:51:19 - [TEST_STEP][PASSED] - click(findTestObject("09-Settings/Users/button_add")): Object: 'Object Repository/09-Settings/Users/button_add' is clicked on

2022-09-19 23:51:19 - [MESSAGE][PASSED] - Object: 'Object Repository/09-Settings/Users/button_add' is clicked on

2022-09-19 23:51:19 - [TEST_STEP][PASSED] - verifyElementVisible(findTestObject("09-Settings/Users/User Invitation modal")): Object 'Object Repository/09-Settings/Users/User Invitation modal' is visible

2022-09-19 23:51:20 - [MESSAGE][PASSED] - Object 'Object Repository/09-Settings/Users/User Invitation modal' is visible

2022-09-19 23:51:20 - [TEST_STEP][PASSED] - delay(3): Delayed 3 second(s)

2022-09-19 23:51:23 - [MESSAGE][PASSED] - Delayed 3 second(s)

2022-09-19 23:51:23 - [TEST_STEP][PASSED] - click(findTestObject("09-Settings/Users/add Invite a single user")): Object: 'Object Repository/09-Settings/Users/add Invite a single user' is clicked on

2022-09-19 23:51:23 - [MESSAGE][PASSED] - Object: 'Object Repository/09-Settings/Users/add Invite a single user' is clicked on

2022-09-19 23:51:23 - [TEST_STEP][PASSED] - verifyElementVisible(findTestObject("09-Settings/Users/Invite new user modal")): Object 'Object Repository/09-Settings/Users/Invite new user modal' is visible

2022-09-19 23:51:24 - [MESSAGE][PASSED] - Object 'Object Repository/09-Settings/Users/Invite new user modal' is visible

2022-09-19 23:51:24 - [TEST_STEP][PASSED] - click(findTestObject("09-Settings/Users/input_email")): Object: 'Object Repository/09-Settings/Users/input_email' is clicked on

2022-09-19 23:51:25 - [MESSAGE][PASSED] - Object: 'Object Repository/09-Settings/Users/input_email' is clicked on

2022-09-19 23:51:25 - [TEST_STEP][PASSED] - click(findTestObject("09-Settings/Users/input_firstName")): Object: 'Object Repository/09-Settings/Users/input_firstName' is clicked on

2022-09-19 23:51:25 - [MESSAGE][PASSED] - Object: 'Object Repository/09-Settings/Users/input_firstName' is clicked on

2022-09-19 23:51:25 - [TEST_STEP][PASSED] - click(findTestObject("09-Settings/Users/input_lastName")): Object: 'Object Repository/09-Settings/Users/input_lastName' is clicked on

2022-09-19 23:51:25 - [MESSAGE][PASSED] - Object: 'Object Repository/09-Settings/Users/input_lastName' is clicked on

2022-09-19 23:51:25 - [TEST_STEP][PASSED] - click(findTestObject("09-Settings/Users/span_Role")): Object: 'Object Repository/09-Settings/Users/span_Role' is clicked on

2022-09-19 23:51:26 - [MESSAGE][PASSED] - Object: 'Object Repository/09-Settings/Users/span_Role' is clicked on

2022-09-19 23:51:26 - [TEST_STEP][PASSED] - clickOffset(findTestObject("09-Settings/Users/h4_Invite New User"), 100, 100): Object: 'Object Repository/09-Settings/Users/h4_Invite New User' is clicked on using offset x=100 and y=100

2022-09-19 23:51:27 - [MESSAGE][PASSED] - Object: 'Object Repository/09-Settings/Users/h4_Invite New User' is clicked on using offset x=100 and y=100

2022-09-19 23:51:27 - [TEST_STEP][PASSED] - verifyElementVisible(findTestObject("09-Settings/Users/Email required")): Object 'Object Repository/09-Settings/Users/Email required' is visible

2022-09-19 23:51:28 - [MESSAGE][PASSED] - Object 'Object Repository/09-Settings/Users/Email required' is visible

2022-09-19 23:51:28 - [TEST_STEP][PASSED] - verifyElementVisible(findTestObject("09-Settings/Users/Firstname required")): Object 'Object Repository/09-Settings/Users/Firstname required' is visible

2022-09-19 23:51:28 - [MESSAGE][PASSED] - Object 'Object Repository/09-Settings/Users/Firstname required' is visible

2022-09-19 23:51:28 - [TEST_STEP][PASSED] - verifyElementVisible(findTestObject("09-Settings/Users/last name required")): Object 'Object Repository/09-Settings/Users/last name required' is visible

2022-09-19 23:51:28 - [MESSAGE][PASSED] - Object 'Object Repository/09-Settings/Users/last name required' is visible

2022-09-19 23:51:28 - [TEST_STEP][PASSED] - verifyElementVisible(findTestObject("09-Settings/Users/error_Select a role")): Object 'Object Repository/09-Settings/Users/error_Select a role' is visible

2022-09-19 23:51:29 - [MESSAGE][PASSED] - Object 'Object Repository/09-Settings/Users/error_Select a role' is visible

2022-09-19 23:51:29 - [TEST_STEP][PASSED] - delay(3): Delayed 3 second(s)

2022-09-19 23:51:32 - [MESSAGE][PASSED] - Delayed 3 second(s)

2022-09-19 23:51:32 - [TEST_STEP][PASSED] - closeBrowser(): Browser is closed

2022-09-19 23:51:32 - [MESSAGE][PASSED] - Browser is closed]]></system-out>
         <system-err><![CDATA[]]></system-err>
      </testcase>
      <testcase name="Test Cases/09-Settings/02 - Users (Invite new user as co worker)" time="186.549" classname="Test Cases/09-Settings/02 - Users (Invite new user as co worker)" status="PASSED">
         <system-out><![CDATA[2022-09-19 23:51:32 - [TEST_CASE][PASSED] - Test Cases/09-Settings/02 - Users (Invite new user as co worker): Test Cases/09-Settings/02 - Users (Invite new user as co worker)

2022-09-19 23:51:33 - [TEST_STEP][PASSED] - openBrowser(""): Browser is opened with url: ''

2022-09-19 23:51:33 - [MESSAGE][INFO] - Starting 'Chrome' driver

2022-09-19 23:51:33 - [MESSAGE][INFO] - Action delay is set to 0 milliseconds

2022-09-19 23:51:34 - [MESSAGE][PASSED] - Browser is opened with url: ''

2022-09-19 23:51:34 - [TEST_STEP][PASSED] - navigateToUrl("https://lab.everleagues.com/"): Navigate to 'https://lab.everleagues.com/' successfully

2022-09-19 23:51:48 - [MESSAGE][PASSED] - Navigate to 'https://lab.everleagues.com/' successfully

2022-09-19 23:51:48 - [TEST_STEP][PASSED] - maximizeWindow(): Current window maximized

2022-09-19 23:51:49 - [MESSAGE][PASSED] - Current window maximized

2022-09-19 23:51:49 - [TEST_STEP][PASSED] - setText(findTestObject("02-Side Icons(Organization)/Add Contact/Email Field"), "testuser02@mailinator.com"): Text 'testuser02@mailinator.com' is set on object 'Object Repository/02-Side Icons(Organization)/Add Contact/Email Field'

2022-09-19 23:51:49 - [MESSAGE][PASSED] - Text 'testuser02@mailinator.com' is set on object 'Object Repository/02-Side Icons(Organization)/Add Contact/Email Field'

2022-09-19 23:51:49 - [TEST_STEP][PASSED] - setEncryptedText(findTestObject("02-Side Icons(Organization)/Add Contact/Password Field"), "8yFRyszE6U6jvsCn51OQbg=="): Text ****** has been set on object 'Object Repository/02-Side Icons(Organization)/Add Contact/Password Field'

2022-09-19 23:51:50 - [MESSAGE][PASSED] - Text ****** has been set on object 'Object Repository/02-Side Icons(Organization)/Add Contact/Password Field'

2022-09-19 23:51:50 - [TEST_STEP][PASSED] - click(findTestObject("02-Side Icons(Organization)/Add Contact/button_Sign in")): Object: 'Object Repository/02-Side Icons(Organization)/Add Contact/button_Sign in' is clicked on

2022-09-19 23:51:50 - [MESSAGE][PASSED] - Object: 'Object Repository/02-Side Icons(Organization)/Add Contact/button_Sign in' is clicked on

2022-09-19 23:51:50 - [TEST_STEP][PASSED] - delay(2): Delayed 2 second(s)

2022-09-19 23:51:52 - [MESSAGE][PASSED] - Delayed 2 second(s)

2022-09-19 23:51:52 - [TEST_STEP][PASSED] - click(findTestObject("06-Teams/For 2FA/button_Confirm_2FA")): Object: 'Object Repository/06-Teams/For 2FA/button_Confirm_2FA' is clicked on

2022-09-19 23:51:53 - [MESSAGE][PASSED] - Object: 'Object Repository/06-Teams/For 2FA/button_Confirm_2FA' is clicked on

2022-09-19 23:51:53 - [TEST_STEP][PASSED] - executeJavaScript("window.open();", []): Execute JavaScript 'window.open();' successfully

2022-09-19 23:51:53 - [MESSAGE][PASSED] - Execute JavaScript 'window.open();' successfully

2022-09-19 23:51:53 - [TEST_STEP][PASSED] - currentWindow = getWindowIndex(): Current window's index is: 0

2022-09-19 23:51:53 - [MESSAGE][PASSED] - Current window's index is: 0

2022-09-19 23:51:53 - [TEST_STEP][PASSED] - delay(3): Delayed 3 second(s)

2022-09-19 23:51:56 - [MESSAGE][PASSED] - Delayed 3 second(s)

2022-09-19 23:51:56 - [TEST_STEP][PASSED] - switchToWindowIndex(currentWindow + 1): Switched to window with index: '1'

2022-09-19 23:51:56 - [MESSAGE][PASSED] - Switched to window with index: '1'

2022-09-19 23:51:56 - [TEST_STEP][PASSED] - navigateToUrl("https://www.mailinator.com/"): Navigate to 'https://www.mailinator.com/' successfully

2022-09-19 23:51:58 - [MESSAGE][PASSED] - Navigate to 'https://www.mailinator.com/' successfully

2022-09-19 23:51:58 - [TEST_STEP][PASSED] - delay(3): Delayed 3 second(s)

2022-09-19 23:52:01 - [MESSAGE][PASSED] - Delayed 3 second(s)

2022-09-19 23:52:01 - [TEST_STEP][PASSED] - setText(findTestObject("00-Signup and Activation/zMailinator/input_LOGIN_search"), "testuser02@mailinator.com"): Text 'testuser02@mailinator.com' is set on object 'Object Repository/00-Signup and Activation/zMailinator/input_LOGIN_search'

2022-09-19 23:52:01 - [MESSAGE][PASSED] - Text 'testuser02@mailinator.com' is set on object 'Object Repository/00-Signup and Activation/zMailinator/input_LOGIN_search'

2022-09-19 23:52:01 - [TEST_STEP][PASSED] - click(findTestObject("00-Signup and Activation/zMailinator/gobutton"), STOP_ON_FAILURE): Object: 'Object Repository/00-Signup and Activation/zMailinator/gobutton' is clicked on

2022-09-19 23:52:03 - [MESSAGE][PASSED] - Object: 'Object Repository/00-Signup and Activation/zMailinator/gobutton' is clicked on

2022-09-19 23:52:03 - [TEST_STEP][PASSED] - delay(3): Delayed 3 second(s)

2022-09-19 23:52:06 - [MESSAGE][PASSED] - Delayed 3 second(s)

2022-09-19 23:52:06 - [TEST_STEP][PASSED] - click(findTestObject("00-Signup and Activation/zMailinator/Email - everleagues")): Object: 'Object Repository/00-Signup and Activation/zMailinator/Email - everleagues' is clicked on

2022-09-19 23:52:06 - [MESSAGE][PASSED] - Object: 'Object Repository/00-Signup and Activation/zMailinator/Email - everleagues' is clicked on

2022-09-19 23:52:06 - [TEST_STEP][PASSED] - delay(3): Delayed 3 second(s)

2022-09-19 23:52:09 - [MESSAGE][PASSED] - Delayed 3 second(s)

2022-09-19 23:52:09 - [TEST_STEP][PASSED] - code = getText(findTestObject("Object Repository/06-Teams/For 2FA/2FA code")): Text of object 'Object Repository/06-Teams/For 2FA/2FA code' is: '530920'

2022-09-19 23:52:10 - [MESSAGE][PASSED] - Text of object 'Object Repository/06-Teams/For 2FA/2FA code' is: '530920'

2022-09-19 23:52:10 - [TEST_STEP][PASSED] - delay(3): Delayed 3 second(s)

2022-09-19 23:52:13 - [MESSAGE][PASSED] - Delayed 3 second(s)

2022-09-19 23:52:13 - [TEST_STEP][PASSED] - closeWindowTitle("Mailinator"): Window with title: 'Mailinator' is closed

2022-09-19 23:52:13 - [MESSAGE][PASSED] - Window with title: 'Mailinator' is closed

2022-09-19 23:52:13 - [TEST_STEP][PASSED] - delay(3): Delayed 3 second(s)

2022-09-19 23:52:16 - [MESSAGE][PASSED] - Delayed 3 second(s)

2022-09-19 23:52:16 - [TEST_STEP][PASSED] - switchToWindowIndex(0): Switched to window with index: '0'

2022-09-19 23:52:16 - [MESSAGE][PASSED] - Switched to window with index: '0'

2022-09-19 23:52:16 - [TEST_STEP][PASSED] - delay(3): Delayed 3 second(s)

2022-09-19 23:52:19 - [MESSAGE][PASSED] - Delayed 3 second(s)

2022-09-19 23:52:19 - [TEST_STEP][PASSED] - setText(findTestObject("Object Repository/06-Teams/For 2FA/input_Enter verification code_code"), code): Text '530920' is set on object 'Object Repository/06-Teams/For 2FA/input_Enter verification code_code'

2022-09-19 23:52:20 - [MESSAGE][PASSED] - Text '530920' is set on object 'Object Repository/06-Teams/For 2FA/input_Enter verification code_code'

2022-09-19 23:52:20 - [TEST_STEP][PASSED] - delay(3): Delayed 3 second(s)

2022-09-19 23:52:23 - [MESSAGE][PASSED] - Delayed 3 second(s)

2022-09-19 23:52:23 - [TEST_STEP][PASSED] - click(findTestObject("06-Teams/For 2FA/button_Verify_2FA")): Object: 'Object Repository/06-Teams/For 2FA/button_Verify_2FA' is clicked on

2022-09-19 23:52:23 - [MESSAGE][PASSED] - Object: 'Object Repository/06-Teams/For 2FA/button_Verify_2FA' is clicked on

2022-09-19 23:52:23 - [TEST_STEP][PASSED] - delay(5): Delayed 5 second(s)

2022-09-19 23:52:28 - [MESSAGE][PASSED] - Delayed 5 second(s)

2022-09-19 23:52:28 - [TEST_STEP][PASSED] - click(findTestObject("06-Teams/button_doublearrow")): Object: 'Object Repository/06-Teams/button_doublearrow' is clicked on

2022-09-19 23:52:29 - [MESSAGE][PASSED] - Object: 'Object Repository/06-Teams/button_doublearrow' is clicked on

2022-09-19 23:52:29 - [TEST_STEP][PASSED] - click(findTestObject("06-Teams/button_My Organizations")): Object: 'Object Repository/06-Teams/button_My Organizations' is clicked on

2022-09-19 23:52:30 - [MESSAGE][PASSED] - Object: 'Object Repository/06-Teams/button_My Organizations' is clicked on

2022-09-19 23:52:30 - [TEST_STEP][PASSED] - click(findTestObject("06-Teams/button_GG Automation")): Object: 'Object Repository/06-Teams/button_GG Automation' is clicked on

2022-09-19 23:52:30 - [MESSAGE][PASSED] - Object: 'Object Repository/06-Teams/button_GG Automation' is clicked on

2022-09-19 23:52:30 - [TEST_STEP][PASSED] - delay(4): Delayed 4 second(s)

2022-09-19 23:52:34 - [MESSAGE][PASSED] - Delayed 4 second(s)

2022-09-19 23:52:34 - [TEST_STEP][PASSED] - verifyElementVisible(findTestObject("06-Teams/span_GG Automation")): Object 'Object Repository/06-Teams/span_GG Automation' is visible

2022-09-19 23:52:35 - [MESSAGE][PASSED] - Object 'Object Repository/06-Teams/span_GG Automation' is visible

2022-09-19 23:52:35 - [TEST_STEP][PASSED] - delay(10): Delayed 10 second(s)

2022-09-19 23:52:45 - [MESSAGE][PASSED] - Delayed 10 second(s)

2022-09-19 23:52:45 - [TEST_STEP][PASSED] - click(findTestObject("03-Header Menu/Hamburger Button/div_Settings")): Object: 'Object Repository/03-Header Menu/Hamburger Button/div_Settings' is clicked on

2022-09-19 23:52:45 - [MESSAGE][PASSED] - Object: 'Object Repository/03-Header Menu/Hamburger Button/div_Settings' is clicked on

2022-09-19 23:52:45 - [TEST_STEP][PASSED] - delay(3): Delayed 3 second(s)

2022-09-19 23:52:48 - [MESSAGE][PASSED] - Delayed 3 second(s)

2022-09-19 23:52:48 - [TEST_STEP][PASSED] - click(findTestObject("09-Settings/Users/div_Users")): Object: 'Object Repository/09-Settings/Users/div_Users' is clicked on

2022-09-19 23:52:49 - [MESSAGE][PASSED] - Object: 'Object Repository/09-Settings/Users/div_Users' is clicked on

2022-09-19 23:52:49 - [TEST_STEP][PASSED] - delay(3): Delayed 3 second(s)

2022-09-19 23:52:52 - [MESSAGE][PASSED] - Delayed 3 second(s)

2022-09-19 23:52:52 - [TEST_STEP][PASSED] - click(findTestObject("09-Settings/Users/button_add")): Object: 'Object Repository/09-Settings/Users/button_add' is clicked on

2022-09-19 23:52:52 - [MESSAGE][PASSED] - Object: 'Object Repository/09-Settings/Users/button_add' is clicked on

2022-09-19 23:52:52 - [TEST_STEP][PASSED] - delay(3): Delayed 3 second(s)

2022-09-19 23:52:55 - [MESSAGE][PASSED] - Delayed 3 second(s)

2022-09-19 23:52:55 - [TEST_STEP][PASSED] - click(findTestObject("09-Settings/Users/add Invite a single user")): Object: 'Object Repository/09-Settings/Users/add Invite a single user' is clicked on

2022-09-19 23:52:55 - [MESSAGE][PASSED] - Object: 'Object Repository/09-Settings/Users/add Invite a single user' is clicked on

2022-09-19 23:52:55 - [TEST_STEP][PASSED] - delay(3): Delayed 3 second(s)

2022-09-19 23:52:58 - [MESSAGE][PASSED] - Delayed 3 second(s)

2022-09-19 23:52:58 - [TEST_STEP][PASSED] - setText(findTestObject("09-Settings/Users/input_email"), "autotester04@mailinator.com"): Text 'autotester04@mailinator.com' is set on object 'Object Repository/09-Settings/Users/input_email'

2022-09-19 23:52:59 - [MESSAGE][PASSED] - Text 'autotester04@mailinator.com' is set on object 'Object Repository/09-Settings/Users/input_email'

2022-09-19 23:52:59 - [TEST_STEP][PASSED] - setText(findTestObject("09-Settings/Users/input_firstName"), "GG"): Text 'GG' is set on object 'Object Repository/09-Settings/Users/input_firstName'

2022-09-19 23:53:00 - [MESSAGE][PASSED] - Text 'GG' is set on object 'Object Repository/09-Settings/Users/input_firstName'

2022-09-19 23:53:00 - [TEST_STEP][PASSED] - setText(findTestObject("09-Settings/Users/input_lastName"), "Auto Contact 2"): Text 'Auto Contact 2' is set on object 'Object Repository/09-Settings/Users/input_lastName'

2022-09-19 23:53:01 - [MESSAGE][PASSED] - Text 'Auto Contact 2' is set on object 'Object Repository/09-Settings/Users/input_lastName'

2022-09-19 23:53:01 - [TEST_STEP][PASSED] - click(findTestObject("09-Settings/Users/span_Role")): Object: 'Object Repository/09-Settings/Users/span_Role' is clicked on

2022-09-19 23:53:02 - [MESSAGE][PASSED] - Object: 'Object Repository/09-Settings/Users/span_Role' is clicked on

2022-09-19 23:53:02 - [TEST_STEP][PASSED] - click(findTestObject("09-Settings/Users/span_CoWorker")): Object: 'Object Repository/09-Settings/Users/span_CoWorker' is clicked on

2022-09-19 23:53:02 - [MESSAGE][PASSED] - Object: 'Object Repository/09-Settings/Users/span_CoWorker' is clicked on

2022-09-19 23:53:02 - [TEST_STEP][PASSED] - click(findTestObject("09-Settings/Users/button_Send Invitation")): Object: 'Object Repository/09-Settings/Users/button_Send Invitation' is clicked on

2022-09-19 23:53:03 - [MESSAGE][PASSED] - Object: 'Object Repository/09-Settings/Users/button_Send Invitation' is clicked on

2022-09-19 23:53:03 - [TEST_STEP][PASSED] - delay(2): Delayed 2 second(s)

2022-09-19 23:53:05 - [MESSAGE][PASSED] - Delayed 2 second(s)

2022-09-19 23:53:05 - [TEST_STEP][PASSED] - verifyElementVisible(findTestObject("07-Directory/Connections/zContact Profile/Successfully invited user")): Object 'Object Repository/07-Directory/Connections/zContact Profile/Successfully invited user' is visible

2022-09-19 23:53:07 - [MESSAGE][PASSED] - Object 'Object Repository/07-Directory/Connections/zContact Profile/Successfully invited user' is visible

2022-09-19 23:53:07 - [TEST_STEP][PASSED] - delay(2): Delayed 2 second(s)

2022-09-19 23:53:09 - [MESSAGE][PASSED] - Delayed 2 second(s)

2022-09-19 23:53:09 - [TEST_STEP][PASSED] - executeJavaScript("window.open();", []): Execute JavaScript 'window.open();' successfully

2022-09-19 23:53:09 - [MESSAGE][PASSED] - Execute JavaScript 'window.open();' successfully

2022-09-19 23:53:09 - [TEST_STEP][PASSED] - currentWindow = getWindowIndex(): Current window's index is: 0

2022-09-19 23:53:09 - [MESSAGE][PASSED] - Current window's index is: 0

2022-09-19 23:53:09 - [TEST_STEP][PASSED] - delay(3): Delayed 3 second(s)

2022-09-19 23:53:12 - [MESSAGE][PASSED] - Delayed 3 second(s)

2022-09-19 23:53:12 - [TEST_STEP][PASSED] - switchToWindowIndex(currentWindow + 1): Switched to window with index: '1'

2022-09-19 23:53:12 - [MESSAGE][PASSED] - Switched to window with index: '1'

2022-09-19 23:53:12 - [TEST_STEP][PASSED] - navigateToUrl("https://www.mailinator.com/"): Navigate to 'https://www.mailinator.com/' successfully

2022-09-19 23:53:13 - [MESSAGE][PASSED] - Navigate to 'https://www.mailinator.com/' successfully

2022-09-19 23:53:13 - [TEST_STEP][PASSED] - delay(3): Delayed 3 second(s)

2022-09-19 23:53:16 - [MESSAGE][PASSED] - Delayed 3 second(s)

2022-09-19 23:53:16 - [TEST_STEP][PASSED] - setText(findTestObject("00-Signup and Activation/zMailinator/input_LOGIN_search"), "autotester04@mailinator.com"): Text 'autotester04@mailinator.com' is set on object 'Object Repository/00-Signup and Activation/zMailinator/input_LOGIN_search'

2022-09-19 23:53:17 - [MESSAGE][PASSED] - Text 'autotester04@mailinator.com' is set on object 'Object Repository/00-Signup and Activation/zMailinator/input_LOGIN_search'

2022-09-19 23:53:17 - [TEST_STEP][PASSED] - click(findTestObject("00-Signup and Activation/zMailinator/gobutton"), STOP_ON_FAILURE): Object: 'Object Repository/00-Signup and Activation/zMailinator/gobutton' is clicked on

2022-09-19 23:53:18 - [MESSAGE][PASSED] - Object: 'Object Repository/00-Signup and Activation/zMailinator/gobutton' is clicked on

2022-09-19 23:53:18 - [TEST_STEP][PASSED] - delay(3): Delayed 3 second(s)

2022-09-19 23:53:21 - [MESSAGE][PASSED] - Delayed 3 second(s)

2022-09-19 23:53:21 - [TEST_STEP][PASSED] - closeWindowTitle("Everleagues"): Window with title: 'Everleagues' is closed

2022-09-19 23:53:21 - [MESSAGE][PASSED] - Window with title: 'Everleagues' is closed

2022-09-19 23:53:21 - [TEST_STEP][PASSED] - switchToWindowIndex(0): Switched to window with index: '0'

2022-09-19 23:53:21 - [MESSAGE][PASSED] - Switched to window with index: '0'

2022-09-19 23:53:21 - [TEST_STEP][PASSED] - click(findTestObject("09-Settings/Users/Co worker/td_Invitation from GG Automation")): Object: 'Object Repository/09-Settings/Users/Co worker/td_Invitation from GG Automation' is clicked on

2022-09-19 23:53:21 - [MESSAGE][PASSED] - Object: 'Object Repository/09-Settings/Users/Co worker/td_Invitation from GG Automation' is clicked on

2022-09-19 23:53:21 - [TEST_STEP][PASSED] - click(findTestObject("09-Settings/Users/Co worker/a_Click here to join GG Automation on EverLeagues")): Object: 'Object Repository/09-Settings/Users/Co worker/a_Click here to join GG Automation on EverLeagues' is clicked on

2022-09-19 23:53:22 - [MESSAGE][PASSED] - Object: 'Object Repository/09-Settings/Users/Co worker/a_Click here to join GG Automation on EverLeagues' is clicked on

2022-09-19 23:53:22 - [TEST_STEP][PASSED] - closeWindowTitle("Mailinator"): Window with title: 'Mailinator' is closed

2022-09-19 23:53:22 - [MESSAGE][PASSED] - Window with title: 'Mailinator' is closed

2022-09-19 23:53:22 - [TEST_STEP][PASSED] - switchToWindowIndex(0): Switched to window with index: '0'

2022-09-19 23:53:22 - [MESSAGE][PASSED] - Switched to window with index: '0'

2022-09-19 23:53:22 - [TEST_STEP][PASSED] - verifyElementVisible(findTestObject("09-Settings/Users/Co worker/Logout before proceed modal")): Object 'Object Repository/09-Settings/Users/Co worker/Logout before proceed modal' is visible

2022-09-19 23:53:28 - [MESSAGE][PASSED] - Object 'Object Repository/09-Settings/Users/Co worker/Logout before proceed modal' is visible

2022-09-19 23:53:28 - [TEST_STEP][PASSED] - click(findTestObject("09-Settings/Users/Co worker/button_Yes")): Object: 'Object Repository/09-Settings/Users/Co worker/button_Yes' is clicked on

2022-09-19 23:53:28 - [MESSAGE][PASSED] - Object: 'Object Repository/09-Settings/Users/Co worker/button_Yes' is clicked on

2022-09-19 23:53:28 - [TEST_STEP][PASSED] - delay(3): Delayed 3 second(s)

2022-09-19 23:53:31 - [MESSAGE][PASSED] - Delayed 3 second(s)

2022-09-19 23:53:31 - [TEST_STEP][PASSED] - setText(findTestObject("09-Settings/Users/Co worker/input_Email_email"), "autotester04@mailinator.com"): Text 'autotester04@mailinator.com' is set on object 'Object Repository/09-Settings/Users/Co worker/input_Email_email'

2022-09-19 23:53:32 - [MESSAGE][PASSED] - Text 'autotester04@mailinator.com' is set on object 'Object Repository/09-Settings/Users/Co worker/input_Email_email'

2022-09-19 23:53:32 - [TEST_STEP][PASSED] - setEncryptedText(findTestObject("09-Settings/Users/Co worker/input__password"), "8yFRyszE6U6jvsCn51OQbg=="): Text ****** has been set on object 'Object Repository/09-Settings/Users/Co worker/input__password'

2022-09-19 23:53:32 - [MESSAGE][PASSED] - Text ****** has been set on object 'Object Repository/09-Settings/Users/Co worker/input__password'

2022-09-19 23:53:32 - [TEST_STEP][PASSED] - click(findTestObject("02-Side Icons(Organization)/Add Contact/button_Sign in")): Object: 'Object Repository/02-Side Icons(Organization)/Add Contact/button_Sign in' is clicked on

2022-09-19 23:53:33 - [MESSAGE][PASSED] - Object: 'Object Repository/02-Side Icons(Organization)/Add Contact/button_Sign in' is clicked on

2022-09-19 23:53:33 - [TEST_STEP][PASSED] - delay(2): Delayed 2 second(s)

2022-09-19 23:53:35 - [MESSAGE][PASSED] - Delayed 2 second(s)

2022-09-19 23:53:35 - [TEST_STEP][PASSED] - click(findTestObject("06-Teams/For 2FA/button_Confirm_2FA")): Object: 'Object Repository/06-Teams/For 2FA/button_Confirm_2FA' is clicked on

2022-09-19 23:53:35 - [MESSAGE][PASSED] - Object: 'Object Repository/06-Teams/For 2FA/button_Confirm_2FA' is clicked on

2022-09-19 23:53:35 - [TEST_STEP][PASSED] - executeJavaScript("window.open();", []): Execute JavaScript 'window.open();' successfully

2022-09-19 23:53:35 - [MESSAGE][PASSED] - Execute JavaScript 'window.open();' successfully

2022-09-19 23:53:35 - [TEST_STEP][PASSED] - currentWindow = getWindowIndex(): Current window's index is: 0

2022-09-19 23:53:35 - [MESSAGE][PASSED] - Current window's index is: 0

2022-09-19 23:53:35 - [TEST_STEP][PASSED] - delay(3): Delayed 3 second(s)

2022-09-19 23:53:38 - [MESSAGE][PASSED] - Delayed 3 second(s)

2022-09-19 23:53:38 - [TEST_STEP][PASSED] - switchToWindowIndex(currentWindow + 1): Switched to window with index: '1'

2022-09-19 23:53:39 - [MESSAGE][PASSED] - Switched to window with index: '1'

2022-09-19 23:53:39 - [TEST_STEP][PASSED] - navigateToUrl("https://www.mailinator.com/"): Navigate to 'https://www.mailinator.com/' successfully

2022-09-19 23:53:40 - [MESSAGE][PASSED] - Navigate to 'https://www.mailinator.com/' successfully

2022-09-19 23:53:40 - [TEST_STEP][PASSED] - delay(3): Delayed 3 second(s)

2022-09-19 23:53:43 - [MESSAGE][PASSED] - Delayed 3 second(s)

2022-09-19 23:53:43 - [TEST_STEP][PASSED] - setText(findTestObject("00-Signup and Activation/zMailinator/input_LOGIN_search"), "autotester04@mailinator.com"): Text 'autotester04@mailinator.com' is set on object 'Object Repository/00-Signup and Activation/zMailinator/input_LOGIN_search'

2022-09-19 23:53:43 - [MESSAGE][PASSED] - Text 'autotester04@mailinator.com' is set on object 'Object Repository/00-Signup and Activation/zMailinator/input_LOGIN_search'

2022-09-19 23:53:43 - [TEST_STEP][PASSED] - click(findTestObject("00-Signup and Activation/zMailinator/gobutton"), STOP_ON_FAILURE): Object: 'Object Repository/00-Signup and Activation/zMailinator/gobutton' is clicked on

2022-09-19 23:53:44 - [MESSAGE][PASSED] - Object: 'Object Repository/00-Signup and Activation/zMailinator/gobutton' is clicked on

2022-09-19 23:53:44 - [TEST_STEP][PASSED] - delay(3): Delayed 3 second(s)

2022-09-19 23:53:47 - [MESSAGE][PASSED] - Delayed 3 second(s)

2022-09-19 23:53:47 - [TEST_STEP][PASSED] - click(findTestObject("00-Signup and Activation/zMailinator/Email - everleagues")): Object: 'Object Repository/00-Signup and Activation/zMailinator/Email - everleagues' is clicked on

2022-09-19 23:53:47 - [MESSAGE][PASSED] - Object: 'Object Repository/00-Signup and Activation/zMailinator/Email - everleagues' is clicked on

2022-09-19 23:53:47 - [TEST_STEP][PASSED] - delay(3): Delayed 3 second(s)

2022-09-19 23:53:50 - [MESSAGE][PASSED] - Delayed 3 second(s)

2022-09-19 23:53:50 - [TEST_STEP][PASSED] - codetwo = getText(findTestObject("Object Repository/06-Teams/For 2FA/2FA code")): Text of object 'Object Repository/06-Teams/For 2FA/2FA code' is: '173944'

2022-09-19 23:53:51 - [MESSAGE][PASSED] - Text of object 'Object Repository/06-Teams/For 2FA/2FA code' is: '173944'

2022-09-19 23:53:51 - [TEST_STEP][PASSED] - delay(3): Delayed 3 second(s)

2022-09-19 23:53:54 - [MESSAGE][PASSED] - Delayed 3 second(s)

2022-09-19 23:53:54 - [TEST_STEP][PASSED] - closeWindowTitle("Mailinator"): Window with title: 'Mailinator' is closed

2022-09-19 23:53:54 - [MESSAGE][PASSED] - Window with title: 'Mailinator' is closed

2022-09-19 23:53:54 - [TEST_STEP][PASSED] - delay(3): Delayed 3 second(s)

2022-09-19 23:53:57 - [MESSAGE][PASSED] - Delayed 3 second(s)

2022-09-19 23:53:57 - [TEST_STEP][PASSED] - switchToWindowIndex(0): Switched to window with index: '0'

2022-09-19 23:53:57 - [MESSAGE][PASSED] - Switched to window with index: '0'

2022-09-19 23:53:57 - [TEST_STEP][PASSED] - delay(3): Delayed 3 second(s)

2022-09-19 23:54:00 - [MESSAGE][PASSED] - Delayed 3 second(s)

2022-09-19 23:54:00 - [TEST_STEP][PASSED] - setText(findTestObject("Object Repository/06-Teams/For 2FA/input_Enter verification code_code"), codetwo): Text '173944' is set on object 'Object Repository/06-Teams/For 2FA/input_Enter verification code_code'

2022-09-19 23:54:01 - [MESSAGE][PASSED] - Text '173944' is set on object 'Object Repository/06-Teams/For 2FA/input_Enter verification code_code'

2022-09-19 23:54:01 - [TEST_STEP][PASSED] - delay(3): Delayed 3 second(s)

2022-09-19 23:54:04 - [MESSAGE][PASSED] - Delayed 3 second(s)

2022-09-19 23:54:04 - [TEST_STEP][PASSED] - click(findTestObject("06-Teams/For 2FA/button_Verify_2FA")): Object: 'Object Repository/06-Teams/For 2FA/button_Verify_2FA' is clicked on

2022-09-19 23:54:04 - [MESSAGE][PASSED] - Object: 'Object Repository/06-Teams/For 2FA/button_Verify_2FA' is clicked on

2022-09-19 23:54:04 - [TEST_STEP][PASSED] - delay(5): Delayed 5 second(s)

2022-09-19 23:54:09 - [MESSAGE][PASSED] - Delayed 5 second(s)

2022-09-19 23:54:09 - [TEST_STEP][PASSED] - executeJavaScript("window.open();", []): Execute JavaScript 'window.open();' successfully

2022-09-19 23:54:09 - [MESSAGE][PASSED] - Execute JavaScript 'window.open();' successfully

2022-09-19 23:54:09 - [TEST_STEP][PASSED] - currentWindow = getWindowIndex(): Current window's index is: 0

2022-09-19 23:54:09 - [MESSAGE][PASSED] - Current window's index is: 0

2022-09-19 23:54:09 - [TEST_STEP][PASSED] - delay(3): Delayed 3 second(s)

2022-09-19 23:54:12 - [MESSAGE][PASSED] - Delayed 3 second(s)

2022-09-19 23:54:12 - [TEST_STEP][PASSED] - switchToWindowIndex(currentWindow + 1): Switched to window with index: '1'

2022-09-19 23:54:12 - [MESSAGE][PASSED] - Switched to window with index: '1'

2022-09-19 23:54:12 - [TEST_STEP][PASSED] - navigateToUrl("https://www.mailinator.com/"): Navigate to 'https://www.mailinator.com/' successfully

2022-09-19 23:54:13 - [MESSAGE][PASSED] - Navigate to 'https://www.mailinator.com/' successfully

2022-09-19 23:54:13 - [TEST_STEP][PASSED] - delay(3): Delayed 3 second(s)

2022-09-19 23:54:16 - [MESSAGE][PASSED] - Delayed 3 second(s)

2022-09-19 23:54:16 - [TEST_STEP][PASSED] - setText(findTestObject("00-Signup and Activation/zMailinator/input_LOGIN_search"), "autotester04@mailinator.com"): Text 'autotester04@mailinator.com' is set on object 'Object Repository/00-Signup and Activation/zMailinator/input_LOGIN_search'

2022-09-19 23:54:17 - [MESSAGE][PASSED] - Text 'autotester04@mailinator.com' is set on object 'Object Repository/00-Signup and Activation/zMailinator/input_LOGIN_search'

2022-09-19 23:54:17 - [TEST_STEP][PASSED] - click(findTestObject("00-Signup and Activation/zMailinator/gobutton"), STOP_ON_FAILURE): Object: 'Object Repository/00-Signup and Activation/zMailinator/gobutton' is clicked on

2022-09-19 23:54:18 - [MESSAGE][PASSED] - Object: 'Object Repository/00-Signup and Activation/zMailinator/gobutton' is clicked on

2022-09-19 23:54:18 - [TEST_STEP][PASSED] - delay(3): Delayed 3 second(s)

2022-09-19 23:54:21 - [MESSAGE][PASSED] - Delayed 3 second(s)

2022-09-19 23:54:21 - [TEST_STEP][PASSED] - closeWindowTitle("Everleagues"): Window with title: 'Everleagues' is closed

2022-09-19 23:54:21 - [MESSAGE][PASSED] - Window with title: 'Everleagues' is closed

2022-09-19 23:54:21 - [TEST_STEP][PASSED] - switchToWindowIndex(0): Switched to window with index: '0'

2022-09-19 23:54:21 - [MESSAGE][PASSED] - Switched to window with index: '0'

2022-09-19 23:54:21 - [TEST_STEP][PASSED] - click(findTestObject("09-Settings/Users/Co worker/td_Invitation from GG Automation")): Object: 'Object Repository/09-Settings/Users/Co worker/td_Invitation from GG Automation' is clicked on

2022-09-19 23:54:21 - [MESSAGE][PASSED] - Object: 'Object Repository/09-Settings/Users/Co worker/td_Invitation from GG Automation' is clicked on

2022-09-19 23:54:21 - [TEST_STEP][PASSED] - click(findTestObject("09-Settings/Users/Co worker/a_Click here to join GG Automation on EverLeagues")): Object: 'Object Repository/09-Settings/Users/Co worker/a_Click here to join GG Automation on EverLeagues' is clicked on

2022-09-19 23:54:22 - [MESSAGE][PASSED] - Object: 'Object Repository/09-Settings/Users/Co worker/a_Click here to join GG Automation on EverLeagues' is clicked on

2022-09-19 23:54:22 - [TEST_STEP][PASSED] - delay(3): Delayed 3 second(s)

2022-09-19 23:54:25 - [MESSAGE][PASSED] - Delayed 3 second(s)

2022-09-19 23:54:25 - [TEST_STEP][PASSED] - closeWindowTitle("Mailinator"): Window with title: 'Mailinator' is closed

2022-09-19 23:54:25 - [MESSAGE][PASSED] - Window with title: 'Mailinator' is closed

2022-09-19 23:54:25 - [TEST_STEP][PASSED] - switchToWindowIndex(0): Switched to window with index: '0'

2022-09-19 23:54:25 - [MESSAGE][PASSED] - Switched to window with index: '0'

2022-09-19 23:54:25 - [TEST_STEP][PASSED] - verifyElementVisible(findTestObject("09-Settings/Users/Co worker/Invite modal")): Object 'Object Repository/09-Settings/Users/Co worker/Invite modal' is visible

2022-09-19 23:54:27 - [MESSAGE][PASSED] - Object 'Object Repository/09-Settings/Users/Co worker/Invite modal' is visible

2022-09-19 23:54:27 - [TEST_STEP][PASSED] - click(findTestObject("09-Settings/Users/Co worker/button_Accept")): Object: 'Object Repository/09-Settings/Users/Co worker/button_Accept' is clicked on

2022-09-19 23:54:28 - [MESSAGE][PASSED] - Object: 'Object Repository/09-Settings/Users/Co worker/button_Accept' is clicked on

2022-09-19 23:54:28 - [TEST_STEP][PASSED] - delay(10): Delayed 10 second(s)

2022-09-19 23:54:38 - [MESSAGE][PASSED] - Delayed 10 second(s)

2022-09-19 23:54:38 - [TEST_STEP][PASSED] - verifyElementVisible(findTestObject("09-Settings/Users/Co worker/div_Joined as CoWorker")): Object 'Object Repository/09-Settings/Users/Co worker/div_Joined as CoWorker' is visible

2022-09-19 23:54:38 - [MESSAGE][PASSED] - Object 'Object Repository/09-Settings/Users/Co worker/div_Joined as CoWorker' is visible

2022-09-19 23:54:38 - [TEST_STEP][PASSED] - closeBrowser(): Browser is closed

2022-09-19 23:54:39 - [MESSAGE][PASSED] - Browser is closed]]></system-out>
         <system-err><![CDATA[]]></system-err>
      </testcase>
      <testcase name="Test Cases/09-Settings/03 - Users (Invite new user as client)" time="194.527" classname="Test Cases/09-Settings/03 - Users (Invite new user as client)" status="PASSED">
         <system-out><![CDATA[2022-09-19 23:54:39 - [TEST_CASE][PASSED] - Test Cases/09-Settings/03 - Users (Invite new user as client): Test Cases/09-Settings/03 - Users (Invite new user as client)

2022-09-19 23:54:39 - [TEST_STEP][PASSED] - openBrowser(""): Browser is opened with url: ''

2022-09-19 23:54:39 - [MESSAGE][INFO] - Starting 'Chrome' driver

2022-09-19 23:54:39 - [MESSAGE][INFO] - Action delay is set to 0 milliseconds

2022-09-19 23:54:40 - [MESSAGE][PASSED] - Browser is opened with url: ''

2022-09-19 23:54:40 - [TEST_STEP][PASSED] - navigateToUrl("https://lab.everleagues.com/"): Navigate to 'https://lab.everleagues.com/' successfully

2022-09-19 23:54:53 - [MESSAGE][PASSED] - Navigate to 'https://lab.everleagues.com/' successfully

2022-09-19 23:54:53 - [TEST_STEP][PASSED] - maximizeWindow(): Current window maximized

2022-09-19 23:54:53 - [MESSAGE][PASSED] - Current window maximized

2022-09-19 23:54:53 - [TEST_STEP][PASSED] - setText(findTestObject("02-Side Icons(Organization)/Add Contact/Email Field"), "testuser02@mailinator.com"): Text 'testuser02@mailinator.com' is set on object 'Object Repository/02-Side Icons(Organization)/Add Contact/Email Field'

2022-09-19 23:54:54 - [MESSAGE][PASSED] - Text 'testuser02@mailinator.com' is set on object 'Object Repository/02-Side Icons(Organization)/Add Contact/Email Field'

2022-09-19 23:54:54 - [TEST_STEP][PASSED] - setEncryptedText(findTestObject("02-Side Icons(Organization)/Add Contact/Password Field"), "8yFRyszE6U6jvsCn51OQbg=="): Text ****** has been set on object 'Object Repository/02-Side Icons(Organization)/Add Contact/Password Field'

2022-09-19 23:54:55 - [MESSAGE][PASSED] - Text ****** has been set on object 'Object Repository/02-Side Icons(Organization)/Add Contact/Password Field'

2022-09-19 23:54:55 - [TEST_STEP][PASSED] - click(findTestObject("02-Side Icons(Organization)/Add Contact/button_Sign in")): Object: 'Object Repository/02-Side Icons(Organization)/Add Contact/button_Sign in' is clicked on

2022-09-19 23:54:55 - [MESSAGE][PASSED] - Object: 'Object Repository/02-Side Icons(Organization)/Add Contact/button_Sign in' is clicked on

2022-09-19 23:54:55 - [TEST_STEP][PASSED] - delay(2): Delayed 2 second(s)

2022-09-19 23:54:57 - [MESSAGE][PASSED] - Delayed 2 second(s)

2022-09-19 23:54:57 - [TEST_STEP][PASSED] - click(findTestObject("06-Teams/For 2FA/button_Confirm_2FA")): Object: 'Object Repository/06-Teams/For 2FA/button_Confirm_2FA' is clicked on

2022-09-19 23:54:58 - [MESSAGE][PASSED] - Object: 'Object Repository/06-Teams/For 2FA/button_Confirm_2FA' is clicked on

2022-09-19 23:54:58 - [TEST_STEP][PASSED] - executeJavaScript("window.open();", []): Execute JavaScript 'window.open();' successfully

2022-09-19 23:54:58 - [MESSAGE][PASSED] - Execute JavaScript 'window.open();' successfully

2022-09-19 23:54:58 - [TEST_STEP][PASSED] - currentWindow = getWindowIndex(): Current window's index is: 0

2022-09-19 23:54:58 - [MESSAGE][PASSED] - Current window's index is: 0

2022-09-19 23:54:58 - [TEST_STEP][PASSED] - delay(3): Delayed 3 second(s)

2022-09-19 23:55:01 - [MESSAGE][PASSED] - Delayed 3 second(s)

2022-09-19 23:55:01 - [TEST_STEP][PASSED] - switchToWindowIndex(currentWindow + 1): Switched to window with index: '1'

2022-09-19 23:55:01 - [MESSAGE][PASSED] - Switched to window with index: '1'

2022-09-19 23:55:01 - [TEST_STEP][PASSED] - navigateToUrl("https://www.mailinator.com/"): Navigate to 'https://www.mailinator.com/' successfully

2022-09-19 23:55:03 - [MESSAGE][PASSED] - Navigate to 'https://www.mailinator.com/' successfully

2022-09-19 23:55:03 - [TEST_STEP][PASSED] - delay(3): Delayed 3 second(s)

2022-09-19 23:55:06 - [MESSAGE][PASSED] - Delayed 3 second(s)

2022-09-19 23:55:06 - [TEST_STEP][PASSED] - setText(findTestObject("00-Signup and Activation/zMailinator/input_LOGIN_search"), "testuser02@mailinator.com"): Text 'testuser02@mailinator.com' is set on object 'Object Repository/00-Signup and Activation/zMailinator/input_LOGIN_search'

2022-09-19 23:55:06 - [MESSAGE][PASSED] - Text 'testuser02@mailinator.com' is set on object 'Object Repository/00-Signup and Activation/zMailinator/input_LOGIN_search'

2022-09-19 23:55:06 - [TEST_STEP][PASSED] - click(findTestObject("00-Signup and Activation/zMailinator/gobutton"), STOP_ON_FAILURE): Object: 'Object Repository/00-Signup and Activation/zMailinator/gobutton' is clicked on

2022-09-19 23:55:08 - [MESSAGE][PASSED] - Object: 'Object Repository/00-Signup and Activation/zMailinator/gobutton' is clicked on

2022-09-19 23:55:08 - [TEST_STEP][PASSED] - delay(3): Delayed 3 second(s)

2022-09-19 23:55:11 - [MESSAGE][PASSED] - Delayed 3 second(s)

2022-09-19 23:55:11 - [TEST_STEP][PASSED] - click(findTestObject("00-Signup and Activation/zMailinator/Email - everleagues")): Object: 'Object Repository/00-Signup and Activation/zMailinator/Email - everleagues' is clicked on

2022-09-19 23:55:11 - [MESSAGE][PASSED] - Object: 'Object Repository/00-Signup and Activation/zMailinator/Email - everleagues' is clicked on

2022-09-19 23:55:11 - [TEST_STEP][PASSED] - delay(3): Delayed 3 second(s)

2022-09-19 23:55:14 - [MESSAGE][PASSED] - Delayed 3 second(s)

2022-09-19 23:55:14 - [TEST_STEP][PASSED] - code = getText(findTestObject("Object Repository/06-Teams/For 2FA/2FA code")): Text of object 'Object Repository/06-Teams/For 2FA/2FA code' is: '967684'

2022-09-19 23:55:15 - [MESSAGE][PASSED] - Text of object 'Object Repository/06-Teams/For 2FA/2FA code' is: '967684'

2022-09-19 23:55:15 - [TEST_STEP][PASSED] - delay(3): Delayed 3 second(s)

2022-09-19 23:55:18 - [MESSAGE][PASSED] - Delayed 3 second(s)

2022-09-19 23:55:18 - [TEST_STEP][PASSED] - closeWindowTitle("Mailinator"): Window with title: 'Mailinator' is closed

2022-09-19 23:55:18 - [MESSAGE][PASSED] - Window with title: 'Mailinator' is closed

2022-09-19 23:55:18 - [TEST_STEP][PASSED] - delay(3): Delayed 3 second(s)

2022-09-19 23:55:21 - [MESSAGE][PASSED] - Delayed 3 second(s)

2022-09-19 23:55:21 - [TEST_STEP][PASSED] - switchToWindowIndex(0): Switched to window with index: '0'

2022-09-19 23:55:21 - [MESSAGE][PASSED] - Switched to window with index: '0'

2022-09-19 23:55:21 - [TEST_STEP][PASSED] - delay(3): Delayed 3 second(s)

2022-09-19 23:55:24 - [MESSAGE][PASSED] - Delayed 3 second(s)

2022-09-19 23:55:24 - [TEST_STEP][PASSED] - setText(findTestObject("Object Repository/06-Teams/For 2FA/input_Enter verification code_code"), code): Text '967684' is set on object 'Object Repository/06-Teams/For 2FA/input_Enter verification code_code'

2022-09-19 23:55:25 - [MESSAGE][PASSED] - Text '967684' is set on object 'Object Repository/06-Teams/For 2FA/input_Enter verification code_code'

2022-09-19 23:55:25 - [TEST_STEP][PASSED] - delay(3): Delayed 3 second(s)

2022-09-19 23:55:28 - [MESSAGE][PASSED] - Delayed 3 second(s)

2022-09-19 23:55:28 - [TEST_STEP][PASSED] - click(findTestObject("06-Teams/For 2FA/button_Verify_2FA")): Object: 'Object Repository/06-Teams/For 2FA/button_Verify_2FA' is clicked on

2022-09-19 23:55:28 - [MESSAGE][PASSED] - Object: 'Object Repository/06-Teams/For 2FA/button_Verify_2FA' is clicked on

2022-09-19 23:55:28 - [TEST_STEP][PASSED] - delay(5): Delayed 5 second(s)

2022-09-19 23:55:34 - [MESSAGE][PASSED] - Delayed 5 second(s)

2022-09-19 23:55:34 - [TEST_STEP][PASSED] - click(findTestObject("06-Teams/button_doublearrow")): Object: 'Object Repository/06-Teams/button_doublearrow' is clicked on

2022-09-19 23:55:34 - [MESSAGE][PASSED] - Object: 'Object Repository/06-Teams/button_doublearrow' is clicked on

2022-09-19 23:55:34 - [TEST_STEP][PASSED] - click(findTestObject("06-Teams/button_My Organizations")): Object: 'Object Repository/06-Teams/button_My Organizations' is clicked on

2022-09-19 23:55:35 - [MESSAGE][PASSED] - Object: 'Object Repository/06-Teams/button_My Organizations' is clicked on

2022-09-19 23:55:35 - [TEST_STEP][PASSED] - click(findTestObject("06-Teams/button_GG Automation")): Object: 'Object Repository/06-Teams/button_GG Automation' is clicked on

2022-09-19 23:55:36 - [MESSAGE][PASSED] - Object: 'Object Repository/06-Teams/button_GG Automation' is clicked on

2022-09-19 23:55:36 - [TEST_STEP][PASSED] - delay(4): Delayed 4 second(s)

2022-09-19 23:55:40 - [MESSAGE][PASSED] - Delayed 4 second(s)

2022-09-19 23:55:40 - [TEST_STEP][PASSED] - verifyElementVisible(findTestObject("06-Teams/span_GG Automation")): Object 'Object Repository/06-Teams/span_GG Automation' is visible

2022-09-19 23:55:40 - [MESSAGE][PASSED] - Object 'Object Repository/06-Teams/span_GG Automation' is visible

2022-09-19 23:55:40 - [TEST_STEP][PASSED] - delay(10): Delayed 10 second(s)

2022-09-19 23:55:50 - [MESSAGE][PASSED] - Delayed 10 second(s)

2022-09-19 23:55:50 - [TEST_STEP][PASSED] - click(findTestObject("03-Header Menu/Hamburger Button/div_Settings")): Object: 'Object Repository/03-Header Menu/Hamburger Button/div_Settings' is clicked on

2022-09-19 23:55:51 - [MESSAGE][PASSED] - Object: 'Object Repository/03-Header Menu/Hamburger Button/div_Settings' is clicked on

2022-09-19 23:55:51 - [TEST_STEP][PASSED] - delay(3): Delayed 3 second(s)

2022-09-19 23:55:54 - [MESSAGE][PASSED] - Delayed 3 second(s)

2022-09-19 23:55:54 - [TEST_STEP][PASSED] - click(findTestObject("09-Settings/Users/div_Users")): Object: 'Object Repository/09-Settings/Users/div_Users' is clicked on

2022-09-19 23:55:54 - [MESSAGE][PASSED] - Object: 'Object Repository/09-Settings/Users/div_Users' is clicked on

2022-09-19 23:55:54 - [TEST_STEP][PASSED] - delay(3): Delayed 3 second(s)

2022-09-19 23:55:57 - [MESSAGE][PASSED] - Delayed 3 second(s)

2022-09-19 23:55:57 - [TEST_STEP][PASSED] - click(findTestObject("09-Settings/Users/button_add")): Object: 'Object Repository/09-Settings/Users/button_add' is clicked on

2022-09-19 23:55:58 - [MESSAGE][PASSED] - Object: 'Object Repository/09-Settings/Users/button_add' is clicked on

2022-09-19 23:55:58 - [TEST_STEP][PASSED] - delay(3): Delayed 3 second(s)

2022-09-19 23:56:01 - [MESSAGE][PASSED] - Delayed 3 second(s)

2022-09-19 23:56:01 - [TEST_STEP][PASSED] - click(findTestObject("09-Settings/Users/add Invite a single user")): Object: 'Object Repository/09-Settings/Users/add Invite a single user' is clicked on

2022-09-19 23:56:01 - [MESSAGE][PASSED] - Object: 'Object Repository/09-Settings/Users/add Invite a single user' is clicked on

2022-09-19 23:56:01 - [TEST_STEP][PASSED] - delay(3): Delayed 3 second(s)

2022-09-19 23:56:04 - [MESSAGE][PASSED] - Delayed 3 second(s)

2022-09-19 23:56:04 - [TEST_STEP][PASSED] - setText(findTestObject("09-Settings/Users/input_email"), "autotester09@mailinator.com"): Text 'autotester09@mailinator.com' is set on object 'Object Repository/09-Settings/Users/input_email'

2022-09-19 23:56:05 - [MESSAGE][PASSED] - Text 'autotester09@mailinator.com' is set on object 'Object Repository/09-Settings/Users/input_email'

2022-09-19 23:56:05 - [TEST_STEP][PASSED] - setText(findTestObject("09-Settings/Users/input_firstName"), "GG"): Text 'GG' is set on object 'Object Repository/09-Settings/Users/input_firstName'

2022-09-19 23:56:06 - [MESSAGE][PASSED] - Text 'GG' is set on object 'Object Repository/09-Settings/Users/input_firstName'

2022-09-19 23:56:06 - [TEST_STEP][PASSED] - setText(findTestObject("09-Settings/Users/input_lastName"), "Client"): Text 'Client' is set on object 'Object Repository/09-Settings/Users/input_lastName'

2022-09-19 23:56:07 - [MESSAGE][PASSED] - Text 'Client' is set on object 'Object Repository/09-Settings/Users/input_lastName'

2022-09-19 23:56:07 - [TEST_STEP][PASSED] - click(findTestObject("09-Settings/Users/span_Role")): Object: 'Object Repository/09-Settings/Users/span_Role' is clicked on

2022-09-19 23:56:07 - [MESSAGE][PASSED] - Object: 'Object Repository/09-Settings/Users/span_Role' is clicked on

2022-09-19 23:56:07 - [TEST_STEP][PASSED] - click(findTestObject("09-Settings/Users/span_Client")): Object: 'Object Repository/09-Settings/Users/span_Client' is clicked on

2022-09-19 23:56:08 - [MESSAGE][PASSED] - Object: 'Object Repository/09-Settings/Users/span_Client' is clicked on

2022-09-19 23:56:08 - [TEST_STEP][PASSED] - click(findTestObject("09-Settings/Users/button_Send Invitation")): Object: 'Object Repository/09-Settings/Users/button_Send Invitation' is clicked on

2022-09-19 23:56:09 - [MESSAGE][PASSED] - Object: 'Object Repository/09-Settings/Users/button_Send Invitation' is clicked on

2022-09-19 23:56:09 - [TEST_STEP][PASSED] - delay(2): Delayed 2 second(s)

2022-09-19 23:56:11 - [MESSAGE][PASSED] - Delayed 2 second(s)

2022-09-19 23:56:11 - [TEST_STEP][PASSED] - verifyElementVisible(findTestObject("07-Directory/Connections/zContact Profile/Successfully invited user")): Object 'Object Repository/07-Directory/Connections/zContact Profile/Successfully invited user' is visible

2022-09-19 23:56:11 - [MESSAGE][PASSED] - Object 'Object Repository/07-Directory/Connections/zContact Profile/Successfully invited user' is visible

2022-09-19 23:56:11 - [TEST_STEP][PASSED] - delay(2): Delayed 2 second(s)

2022-09-19 23:56:13 - [MESSAGE][PASSED] - Delayed 2 second(s)

2022-09-19 23:56:13 - [TEST_STEP][PASSED] - click(findTestObject("01-Login and Forgot Password/User menu drop")): Object: 'Object Repository/01-Login and Forgot Password/User menu drop' is clicked on

2022-09-19 23:56:14 - [MESSAGE][PASSED] - Object: 'Object Repository/01-Login and Forgot Password/User menu drop' is clicked on

2022-09-19 23:56:14 - [TEST_STEP][PASSED] - delay(2): Delayed 2 second(s)

2022-09-19 23:56:16 - [MESSAGE][PASSED] - Delayed 2 second(s)

2022-09-19 23:56:16 - [TEST_STEP][PASSED] - click(findTestObject("01-Login and Forgot Password/h4_Sign Out"), STOP_ON_FAILURE): Object: 'Object Repository/01-Login and Forgot Password/h4_Sign Out' is clicked on

2022-09-19 23:56:16 - [MESSAGE][PASSED] - Object: 'Object Repository/01-Login and Forgot Password/h4_Sign Out' is clicked on

2022-09-19 23:56:16 - [TEST_STEP][PASSED] - delay(2): Delayed 2 second(s)

2022-09-19 23:56:18 - [MESSAGE][PASSED] - Delayed 2 second(s)

2022-09-19 23:56:18 - [TEST_STEP][PASSED] - verifyElementPresent(findTestObject("01-Login and Forgot Password/Login_Card"), 0): Object 'Object Repository/01-Login and Forgot Password/Login_Card' is present

2022-09-19 23:56:18 - [MESSAGE][WARNING] - Timeout '0' is invalid. Using default page load timeout: '30'

2022-09-19 23:56:18 - [MESSAGE][PASSED] - Object 'Object Repository/01-Login and Forgot Password/Login_Card' is present

2022-09-19 23:56:18 - [TEST_STEP][PASSED] - delay(3): Delayed 3 second(s)

2022-09-19 23:56:21 - [MESSAGE][PASSED] - Delayed 3 second(s)

2022-09-19 23:56:21 - [TEST_STEP][PASSED] - closeBrowser(): Browser is closed

2022-09-19 23:56:22 - [MESSAGE][PASSED] - Browser is closed

2022-09-19 23:56:22 - [TEST_STEP][PASSED] - openBrowser(""): Browser is opened with url: ''

2022-09-19 23:56:22 - [MESSAGE][INFO] - Starting 'Chrome' driver

2022-09-19 23:56:22 - [MESSAGE][INFO] - Action delay is set to 0 milliseconds

2022-09-19 23:56:23 - [MESSAGE][PASSED] - Browser is opened with url: ''

2022-09-19 23:56:23 - [TEST_STEP][PASSED] - navigateToUrl("https://lab.everleagues.com/"): Navigate to 'https://lab.everleagues.com/' successfully

2022-09-19 23:56:35 - [MESSAGE][PASSED] - Navigate to 'https://lab.everleagues.com/' successfully

2022-09-19 23:56:35 - [TEST_STEP][PASSED] - maximizeWindow(): Current window maximized

2022-09-19 23:56:36 - [MESSAGE][PASSED] - Current window maximized

2022-09-19 23:56:36 - [TEST_STEP][PASSED] - setText(findTestObject("02-Side Icons(Organization)/Add Contact/Email Field"), "autotester09@mailinator.com"): Text 'autotester09@mailinator.com' is set on object 'Object Repository/02-Side Icons(Organization)/Add Contact/Email Field'

2022-09-19 23:56:36 - [MESSAGE][PASSED] - Text 'autotester09@mailinator.com' is set on object 'Object Repository/02-Side Icons(Organization)/Add Contact/Email Field'

2022-09-19 23:56:36 - [TEST_STEP][PASSED] - setEncryptedText(findTestObject("02-Side Icons(Organization)/Add Contact/Password Field"), "8yFRyszE6U6jvsCn51OQbg=="): Text ****** has been set on object 'Object Repository/02-Side Icons(Organization)/Add Contact/Password Field'

2022-09-19 23:56:37 - [MESSAGE][PASSED] - Text ****** has been set on object 'Object Repository/02-Side Icons(Organization)/Add Contact/Password Field'

2022-09-19 23:56:37 - [TEST_STEP][PASSED] - click(findTestObject("02-Side Icons(Organization)/Add Contact/button_Sign in")): Object: 'Object Repository/02-Side Icons(Organization)/Add Contact/button_Sign in' is clicked on

2022-09-19 23:56:37 - [MESSAGE][PASSED] - Object: 'Object Repository/02-Side Icons(Organization)/Add Contact/button_Sign in' is clicked on

2022-09-19 23:56:37 - [TEST_STEP][PASSED] - delay(2): Delayed 2 second(s)

2022-09-19 23:56:39 - [MESSAGE][PASSED] - Delayed 2 second(s)

2022-09-19 23:56:39 - [TEST_STEP][PASSED] - click(findTestObject("06-Teams/For 2FA/button_Confirm_2FA")): Object: 'Object Repository/06-Teams/For 2FA/button_Confirm_2FA' is clicked on

2022-09-19 23:56:40 - [MESSAGE][PASSED] - Object: 'Object Repository/06-Teams/For 2FA/button_Confirm_2FA' is clicked on

2022-09-19 23:56:40 - [TEST_STEP][PASSED] - executeJavaScript("window.open();", []): Execute JavaScript 'window.open();' successfully

2022-09-19 23:56:40 - [MESSAGE][PASSED] - Execute JavaScript 'window.open();' successfully

2022-09-19 23:56:40 - [TEST_STEP][PASSED] - currentWindow = getWindowIndex(): Current window's index is: 0

2022-09-19 23:56:40 - [MESSAGE][PASSED] - Current window's index is: 0

2022-09-19 23:56:40 - [TEST_STEP][PASSED] - delay(3): Delayed 3 second(s)

2022-09-19 23:56:43 - [MESSAGE][PASSED] - Delayed 3 second(s)

2022-09-19 23:56:43 - [TEST_STEP][PASSED] - switchToWindowIndex(currentWindow + 1): Switched to window with index: '1'

2022-09-19 23:56:43 - [MESSAGE][PASSED] - Switched to window with index: '1'

2022-09-19 23:56:43 - [TEST_STEP][PASSED] - navigateToUrl("https://www.mailinator.com/"): Navigate to 'https://www.mailinator.com/' successfully

2022-09-19 23:56:47 - [MESSAGE][PASSED] - Navigate to 'https://www.mailinator.com/' successfully

2022-09-19 23:56:47 - [TEST_STEP][PASSED] - delay(3): Delayed 3 second(s)

2022-09-19 23:56:50 - [MESSAGE][PASSED] - Delayed 3 second(s)

2022-09-19 23:56:50 - [TEST_STEP][PASSED] - setText(findTestObject("00-Signup and Activation/zMailinator/input_LOGIN_search"), "autotester09@mailinator.com"): Text 'autotester09@mailinator.com' is set on object 'Object Repository/00-Signup and Activation/zMailinator/input_LOGIN_search'

2022-09-19 23:56:51 - [MESSAGE][PASSED] - Text 'autotester09@mailinator.com' is set on object 'Object Repository/00-Signup and Activation/zMailinator/input_LOGIN_search'

2022-09-19 23:56:51 - [TEST_STEP][PASSED] - click(findTestObject("00-Signup and Activation/zMailinator/gobutton"), STOP_ON_FAILURE): Object: 'Object Repository/00-Signup and Activation/zMailinator/gobutton' is clicked on

2022-09-19 23:56:53 - [MESSAGE][PASSED] - Object: 'Object Repository/00-Signup and Activation/zMailinator/gobutton' is clicked on

2022-09-19 23:56:53 - [TEST_STEP][PASSED] - delay(3): Delayed 3 second(s)

2022-09-19 23:56:56 - [MESSAGE][PASSED] - Delayed 3 second(s)

2022-09-19 23:56:56 - [TEST_STEP][PASSED] - click(findTestObject("00-Signup and Activation/zMailinator/Email - everleagues")): Object: 'Object Repository/00-Signup and Activation/zMailinator/Email - everleagues' is clicked on

2022-09-19 23:56:57 - [MESSAGE][PASSED] - Object: 'Object Repository/00-Signup and Activation/zMailinator/Email - everleagues' is clicked on

2022-09-19 23:56:57 - [TEST_STEP][PASSED] - delay(3): Delayed 3 second(s)

2022-09-19 23:57:00 - [MESSAGE][PASSED] - Delayed 3 second(s)

2022-09-19 23:57:00 - [TEST_STEP][PASSED] - codetwo = getText(findTestObject("Object Repository/06-Teams/For 2FA/2FA code")): Text of object 'Object Repository/06-Teams/For 2FA/2FA code' is: '125655'

2022-09-19 23:57:00 - [MESSAGE][PASSED] - Text of object 'Object Repository/06-Teams/For 2FA/2FA code' is: '125655'

2022-09-19 23:57:00 - [TEST_STEP][PASSED] - delay(3): Delayed 3 second(s)

2022-09-19 23:57:03 - [MESSAGE][PASSED] - Delayed 3 second(s)

2022-09-19 23:57:03 - [TEST_STEP][PASSED] - closeWindowTitle("Mailinator"): Window with title: 'Mailinator' is closed

2022-09-19 23:57:03 - [MESSAGE][PASSED] - Window with title: 'Mailinator' is closed

2022-09-19 23:57:03 - [TEST_STEP][PASSED] - delay(3): Delayed 3 second(s)

2022-09-19 23:57:06 - [MESSAGE][PASSED] - Delayed 3 second(s)

2022-09-19 23:57:06 - [TEST_STEP][PASSED] - switchToWindowIndex(0): Switched to window with index: '0'

2022-09-19 23:57:06 - [MESSAGE][PASSED] - Switched to window with index: '0'

2022-09-19 23:57:06 - [TEST_STEP][PASSED] - delay(3): Delayed 3 second(s)

2022-09-19 23:57:09 - [MESSAGE][PASSED] - Delayed 3 second(s)

2022-09-19 23:57:09 - [TEST_STEP][PASSED] - setText(findTestObject("Object Repository/06-Teams/For 2FA/input_Enter verification code_code"), codetwo): Text '125655' is set on object 'Object Repository/06-Teams/For 2FA/input_Enter verification code_code'

2022-09-19 23:57:10 - [MESSAGE][PASSED] - Text '125655' is set on object 'Object Repository/06-Teams/For 2FA/input_Enter verification code_code'

2022-09-19 23:57:10 - [TEST_STEP][PASSED] - delay(3): Delayed 3 second(s)

2022-09-19 23:57:13 - [MESSAGE][PASSED] - Delayed 3 second(s)

2022-09-19 23:57:13 - [TEST_STEP][PASSED] - click(findTestObject("06-Teams/For 2FA/button_Verify_2FA")): Object: 'Object Repository/06-Teams/For 2FA/button_Verify_2FA' is clicked on

2022-09-19 23:57:13 - [MESSAGE][PASSED] - Object: 'Object Repository/06-Teams/For 2FA/button_Verify_2FA' is clicked on

2022-09-19 23:57:13 - [TEST_STEP][PASSED] - delay(5): Delayed 5 second(s)

2022-09-19 23:57:18 - [MESSAGE][PASSED] - Delayed 5 second(s)

2022-09-19 23:57:18 - [TEST_STEP][PASSED] - executeJavaScript("window.open();", []): Execute JavaScript 'window.open();' successfully

2022-09-19 23:57:18 - [MESSAGE][PASSED] - Execute JavaScript 'window.open();' successfully

2022-09-19 23:57:18 - [TEST_STEP][PASSED] - currentWindow = getWindowIndex(): Current window's index is: 0

2022-09-19 23:57:18 - [MESSAGE][PASSED] - Current window's index is: 0

2022-09-19 23:57:18 - [TEST_STEP][PASSED] - delay(3): Delayed 3 second(s)

2022-09-19 23:57:21 - [MESSAGE][PASSED] - Delayed 3 second(s)

2022-09-19 23:57:21 - [TEST_STEP][PASSED] - switchToWindowIndex(currentWindow + 1): Switched to window with index: '1'

2022-09-19 23:57:21 - [MESSAGE][PASSED] - Switched to window with index: '1'

2022-09-19 23:57:21 - [TEST_STEP][PASSED] - navigateToUrl("https://www.mailinator.com/"): Navigate to 'https://www.mailinator.com/' successfully

2022-09-19 23:57:23 - [MESSAGE][PASSED] - Navigate to 'https://www.mailinator.com/' successfully

2022-09-19 23:57:23 - [TEST_STEP][PASSED] - delay(3): Delayed 3 second(s)

2022-09-19 23:57:26 - [MESSAGE][PASSED] - Delayed 3 second(s)

2022-09-19 23:57:26 - [TEST_STEP][PASSED] - setText(findTestObject("00-Signup and Activation/zMailinator/input_LOGIN_search"), "autotester09@mailinator.com"): Text 'autotester09@mailinator.com' is set on object 'Object Repository/00-Signup and Activation/zMailinator/input_LOGIN_search'

2022-09-19 23:57:26 - [MESSAGE][PASSED] - Text 'autotester09@mailinator.com' is set on object 'Object Repository/00-Signup and Activation/zMailinator/input_LOGIN_search'

2022-09-19 23:57:26 - [TEST_STEP][PASSED] - click(findTestObject("00-Signup and Activation/zMailinator/gobutton"), STOP_ON_FAILURE): Object: 'Object Repository/00-Signup and Activation/zMailinator/gobutton' is clicked on

2022-09-19 23:57:27 - [MESSAGE][PASSED] - Object: 'Object Repository/00-Signup and Activation/zMailinator/gobutton' is clicked on

2022-09-19 23:57:27 - [TEST_STEP][PASSED] - delay(3): Delayed 3 second(s)

2022-09-19 23:57:30 - [MESSAGE][PASSED] - Delayed 3 second(s)

2022-09-19 23:57:30 - [TEST_STEP][PASSED] - closeWindowTitle("Everleagues"): Window with title: 'Everleagues' is closed

2022-09-19 23:57:30 - [MESSAGE][PASSED] - Window with title: 'Everleagues' is closed

2022-09-19 23:57:30 - [TEST_STEP][PASSED] - switchToWindowIndex(0): Switched to window with index: '0'

2022-09-19 23:57:30 - [MESSAGE][PASSED] - Switched to window with index: '0'

2022-09-19 23:57:30 - [TEST_STEP][PASSED] - click(findTestObject("09-Settings/Users/Co worker/td_Invitation from GG Automation")): Object: 'Object Repository/09-Settings/Users/Co worker/td_Invitation from GG Automation' is clicked on

2022-09-19 23:57:31 - [MESSAGE][PASSED] - Object: 'Object Repository/09-Settings/Users/Co worker/td_Invitation from GG Automation' is clicked on

2022-09-19 23:57:31 - [TEST_STEP][PASSED] - click(findTestObject("09-Settings/Users/Co worker/a_Click here to join GG Automation on EverLeagues")): Object: 'Object Repository/09-Settings/Users/Co worker/a_Click here to join GG Automation on EverLeagues' is clicked on

2022-09-19 23:57:32 - [MESSAGE][PASSED] - Object: 'Object Repository/09-Settings/Users/Co worker/a_Click here to join GG Automation on EverLeagues' is clicked on

2022-09-19 23:57:32 - [TEST_STEP][PASSED] - closeWindowTitle("Mailinator"): Window with title: 'Mailinator' is closed

2022-09-19 23:57:32 - [MESSAGE][PASSED] - Window with title: 'Mailinator' is closed

2022-09-19 23:57:32 - [TEST_STEP][PASSED] - switchToWindowIndex(0): Switched to window with index: '0'

2022-09-19 23:57:32 - [MESSAGE][PASSED] - Switched to window with index: '0'

2022-09-19 23:57:32 - [TEST_STEP][PASSED] - verifyElementVisible(findTestObject("09-Settings/Users/Client/Invite modal")): Object 'Object Repository/09-Settings/Users/Client/Invite modal' is visible

2022-09-19 23:57:38 - [MESSAGE][PASSED] - Object 'Object Repository/09-Settings/Users/Client/Invite modal' is visible

2022-09-19 23:57:38 - [TEST_STEP][PASSED] - setText(findTestObject("09-Settings/Users/Client/Company field"), "QA Company"): Text 'QA Company' is set on object 'Object Repository/09-Settings/Users/Client/Company field'

2022-09-19 23:57:39 - [MESSAGE][PASSED] - Text 'QA Company' is set on object 'Object Repository/09-Settings/Users/Client/Company field'

2022-09-19 23:57:39 - [TEST_STEP][PASSED] - click(findTestObject("09-Settings/Users/Client/button_Accept")): Object: 'Object Repository/09-Settings/Users/Client/button_Accept' is clicked on

2022-09-19 23:57:39 - [MESSAGE][PASSED] - Object: 'Object Repository/09-Settings/Users/Client/button_Accept' is clicked on

2022-09-19 23:57:39 - [TEST_STEP][PASSED] - delay(10): Delayed 10 second(s)

2022-09-19 23:57:49 - [MESSAGE][PASSED] - Delayed 10 second(s)

2022-09-19 23:57:49 - [TEST_STEP][PASSED] - verifyElementVisible(findTestObject("09-Settings/Users/Client/div_Joined as CLIENT")): Object 'Object Repository/09-Settings/Users/Client/div_Joined as CLIENT' is visible

2022-09-19 23:57:50 - [MESSAGE][PASSED] - Object 'Object Repository/09-Settings/Users/Client/div_Joined as CLIENT' is visible

2022-09-19 23:57:50 - [TEST_STEP][PASSED] - delay(3): Delayed 3 second(s)

2022-09-19 23:57:53 - [MESSAGE][PASSED] - Delayed 3 second(s)

2022-09-19 23:57:53 - [TEST_STEP][PASSED] - closeBrowser(): Browser is closed

2022-09-19 23:57:53 - [MESSAGE][PASSED] - Browser is closed]]></system-out>
         <system-err><![CDATA[]]></system-err>
      </testcase>
      <testcase name="Test Cases/09-Settings/04 - Users (Invite new user as partner)" time="210.56" classname="Test Cases/09-Settings/04 - Users (Invite new user as partner)" status="PASSED">
         <system-out><![CDATA[2022-09-19 23:57:53 - [TEST_CASE][PASSED] - Test Cases/09-Settings/04 - Users (Invite new user as partner): Test Cases/09-Settings/04 - Users (Invite new user as partner)

2022-09-19 23:57:54 - [TEST_STEP][PASSED] - openBrowser(""): Browser is opened with url: ''

2022-09-19 23:57:54 - [MESSAGE][INFO] - Starting 'Chrome' driver

2022-09-19 23:57:54 - [MESSAGE][INFO] - Action delay is set to 0 milliseconds

2022-09-19 23:57:55 - [MESSAGE][PASSED] - Browser is opened with url: ''

2022-09-19 23:57:55 - [TEST_STEP][PASSED] - navigateToUrl("https://lab.everleagues.com/"): Navigate to 'https://lab.everleagues.com/' successfully

2022-09-19 23:58:06 - [MESSAGE][PASSED] - Navigate to 'https://lab.everleagues.com/' successfully

2022-09-19 23:58:06 - [TEST_STEP][PASSED] - maximizeWindow(): Current window maximized

2022-09-19 23:58:06 - [MESSAGE][PASSED] - Current window maximized

2022-09-19 23:58:06 - [TEST_STEP][PASSED] - setText(findTestObject("02-Side Icons(Organization)/Add Contact/Email Field"), "testuser02@mailinator.com"): Text 'testuser02@mailinator.com' is set on object 'Object Repository/02-Side Icons(Organization)/Add Contact/Email Field'

2022-09-19 23:58:07 - [MESSAGE][PASSED] - Text 'testuser02@mailinator.com' is set on object 'Object Repository/02-Side Icons(Organization)/Add Contact/Email Field'

2022-09-19 23:58:07 - [TEST_STEP][PASSED] - setEncryptedText(findTestObject("02-Side Icons(Organization)/Add Contact/Password Field"), "8yFRyszE6U6jvsCn51OQbg=="): Text ****** has been set on object 'Object Repository/02-Side Icons(Organization)/Add Contact/Password Field'

2022-09-19 23:58:08 - [MESSAGE][PASSED] - Text ****** has been set on object 'Object Repository/02-Side Icons(Organization)/Add Contact/Password Field'

2022-09-19 23:58:08 - [TEST_STEP][PASSED] - click(findTestObject("02-Side Icons(Organization)/Add Contact/button_Sign in")): Object: 'Object Repository/02-Side Icons(Organization)/Add Contact/button_Sign in' is clicked on

2022-09-19 23:58:08 - [MESSAGE][PASSED] - Object: 'Object Repository/02-Side Icons(Organization)/Add Contact/button_Sign in' is clicked on

2022-09-19 23:58:08 - [TEST_STEP][PASSED] - delay(2): Delayed 2 second(s)

2022-09-19 23:58:10 - [MESSAGE][PASSED] - Delayed 2 second(s)

2022-09-19 23:58:10 - [TEST_STEP][PASSED] - click(findTestObject("06-Teams/For 2FA/button_Confirm_2FA")): Object: 'Object Repository/06-Teams/For 2FA/button_Confirm_2FA' is clicked on

2022-09-19 23:58:11 - [MESSAGE][PASSED] - Object: 'Object Repository/06-Teams/For 2FA/button_Confirm_2FA' is clicked on

2022-09-19 23:58:11 - [TEST_STEP][PASSED] - executeJavaScript("window.open();", []): Execute JavaScript 'window.open();' successfully

2022-09-19 23:58:11 - [MESSAGE][PASSED] - Execute JavaScript 'window.open();' successfully

2022-09-19 23:58:11 - [TEST_STEP][PASSED] - currentWindow = getWindowIndex(): Current window's index is: 0

2022-09-19 23:58:11 - [MESSAGE][PASSED] - Current window's index is: 0

2022-09-19 23:58:11 - [TEST_STEP][PASSED] - delay(3): Delayed 3 second(s)

2022-09-19 23:58:14 - [MESSAGE][PASSED] - Delayed 3 second(s)

2022-09-19 23:58:14 - [TEST_STEP][PASSED] - switchToWindowIndex(currentWindow + 1): Switched to window with index: '1'

2022-09-19 23:58:14 - [MESSAGE][PASSED] - Switched to window with index: '1'

2022-09-19 23:58:14 - [TEST_STEP][PASSED] - navigateToUrl("https://www.mailinator.com/"): Navigate to 'https://www.mailinator.com/' successfully

2022-09-19 23:58:16 - [MESSAGE][PASSED] - Navigate to 'https://www.mailinator.com/' successfully

2022-09-19 23:58:16 - [TEST_STEP][PASSED] - delay(3): Delayed 3 second(s)

2022-09-19 23:58:19 - [MESSAGE][PASSED] - Delayed 3 second(s)

2022-09-19 23:58:19 - [TEST_STEP][PASSED] - setText(findTestObject("00-Signup and Activation/zMailinator/input_LOGIN_search"), "testuser02@mailinator.com"): Text 'testuser02@mailinator.com' is set on object 'Object Repository/00-Signup and Activation/zMailinator/input_LOGIN_search'

2022-09-19 23:58:19 - [MESSAGE][PASSED] - Text 'testuser02@mailinator.com' is set on object 'Object Repository/00-Signup and Activation/zMailinator/input_LOGIN_search'

2022-09-19 23:58:19 - [TEST_STEP][PASSED] - click(findTestObject("00-Signup and Activation/zMailinator/gobutton"), STOP_ON_FAILURE): Object: 'Object Repository/00-Signup and Activation/zMailinator/gobutton' is clicked on

2022-09-19 23:58:21 - [MESSAGE][PASSED] - Object: 'Object Repository/00-Signup and Activation/zMailinator/gobutton' is clicked on

2022-09-19 23:58:21 - [TEST_STEP][PASSED] - delay(3): Delayed 3 second(s)

2022-09-19 23:58:24 - [MESSAGE][PASSED] - Delayed 3 second(s)

2022-09-19 23:58:24 - [TEST_STEP][PASSED] - click(findTestObject("00-Signup and Activation/zMailinator/Email - everleagues")): Object: 'Object Repository/00-Signup and Activation/zMailinator/Email - everleagues' is clicked on

2022-09-19 23:58:25 - [MESSAGE][PASSED] - Object: 'Object Repository/00-Signup and Activation/zMailinator/Email - everleagues' is clicked on

2022-09-19 23:58:25 - [TEST_STEP][PASSED] - delay(3): Delayed 3 second(s)

2022-09-19 23:58:28 - [MESSAGE][PASSED] - Delayed 3 second(s)

2022-09-19 23:58:28 - [TEST_STEP][PASSED] - code = getText(findTestObject("Object Repository/06-Teams/For 2FA/2FA code")): Text of object 'Object Repository/06-Teams/For 2FA/2FA code' is: '455136'

2022-09-19 23:58:28 - [MESSAGE][PASSED] - Text of object 'Object Repository/06-Teams/For 2FA/2FA code' is: '455136'

2022-09-19 23:58:28 - [TEST_STEP][PASSED] - delay(3): Delayed 3 second(s)

2022-09-19 23:58:31 - [MESSAGE][PASSED] - Delayed 3 second(s)

2022-09-19 23:58:31 - [TEST_STEP][PASSED] - closeWindowTitle("Mailinator"): Window with title: 'Mailinator' is closed

2022-09-19 23:58:31 - [MESSAGE][PASSED] - Window with title: 'Mailinator' is closed

2022-09-19 23:58:31 - [TEST_STEP][PASSED] - delay(3): Delayed 3 second(s)

2022-09-19 23:58:34 - [MESSAGE][PASSED] - Delayed 3 second(s)

2022-09-19 23:58:34 - [TEST_STEP][PASSED] - switchToWindowIndex(0): Switched to window with index: '0'

2022-09-19 23:58:34 - [MESSAGE][PASSED] - Switched to window with index: '0'

2022-09-19 23:58:34 - [TEST_STEP][PASSED] - delay(3): Delayed 3 second(s)

2022-09-19 23:58:37 - [MESSAGE][PASSED] - Delayed 3 second(s)

2022-09-19 23:58:37 - [TEST_STEP][PASSED] - setText(findTestObject("Object Repository/06-Teams/For 2FA/input_Enter verification code_code"), code): Text '455136' is set on object 'Object Repository/06-Teams/For 2FA/input_Enter verification code_code'

2022-09-19 23:58:38 - [MESSAGE][PASSED] - Text '455136' is set on object 'Object Repository/06-Teams/For 2FA/input_Enter verification code_code'

2022-09-19 23:58:38 - [TEST_STEP][PASSED] - delay(3): Delayed 3 second(s)

2022-09-19 23:58:41 - [MESSAGE][PASSED] - Delayed 3 second(s)

2022-09-19 23:58:41 - [TEST_STEP][PASSED] - click(findTestObject("06-Teams/For 2FA/button_Verify_2FA")): Object: 'Object Repository/06-Teams/For 2FA/button_Verify_2FA' is clicked on

2022-09-19 23:58:41 - [MESSAGE][PASSED] - Object: 'Object Repository/06-Teams/For 2FA/button_Verify_2FA' is clicked on

2022-09-19 23:58:41 - [TEST_STEP][PASSED] - delay(5): Delayed 5 second(s)

2022-09-19 23:58:46 - [MESSAGE][PASSED] - Delayed 5 second(s)

2022-09-19 23:58:46 - [TEST_STEP][PASSED] - click(findTestObject("06-Teams/button_doublearrow")): Object: 'Object Repository/06-Teams/button_doublearrow' is clicked on

2022-09-19 23:58:47 - [MESSAGE][PASSED] - Object: 'Object Repository/06-Teams/button_doublearrow' is clicked on

2022-09-19 23:58:47 - [TEST_STEP][PASSED] - click(findTestObject("06-Teams/button_My Organizations")): Object: 'Object Repository/06-Teams/button_My Organizations' is clicked on

2022-09-19 23:58:47 - [MESSAGE][PASSED] - Object: 'Object Repository/06-Teams/button_My Organizations' is clicked on

2022-09-19 23:58:47 - [TEST_STEP][PASSED] - click(findTestObject("06-Teams/button_GG Automation")): Object: 'Object Repository/06-Teams/button_GG Automation' is clicked on

2022-09-19 23:58:48 - [MESSAGE][PASSED] - Object: 'Object Repository/06-Teams/button_GG Automation' is clicked on

2022-09-19 23:58:48 - [TEST_STEP][PASSED] - delay(4): Delayed 4 second(s)

2022-09-19 23:58:52 - [MESSAGE][PASSED] - Delayed 4 second(s)

2022-09-19 23:58:52 - [TEST_STEP][PASSED] - verifyElementVisible(findTestObject("06-Teams/span_GG Automation")): Object 'Object Repository/06-Teams/span_GG Automation' is visible

2022-09-19 23:58:52 - [MESSAGE][PASSED] - Object 'Object Repository/06-Teams/span_GG Automation' is visible

2022-09-19 23:58:52 - [TEST_STEP][PASSED] - delay(10): Delayed 10 second(s)

2022-09-19 23:59:02 - [MESSAGE][PASSED] - Delayed 10 second(s)

2022-09-19 23:59:02 - [TEST_STEP][PASSED] - click(findTestObject("03-Header Menu/Hamburger Button/div_Settings")): Object: 'Object Repository/03-Header Menu/Hamburger Button/div_Settings' is clicked on

2022-09-19 23:59:03 - [MESSAGE][PASSED] - Object: 'Object Repository/03-Header Menu/Hamburger Button/div_Settings' is clicked on

2022-09-19 23:59:03 - [TEST_STEP][PASSED] - delay(3): Delayed 3 second(s)

2022-09-19 23:59:06 - [MESSAGE][PASSED] - Delayed 3 second(s)

2022-09-19 23:59:06 - [TEST_STEP][PASSED] - click(findTestObject("09-Settings/Users/div_Users")): Object: 'Object Repository/09-Settings/Users/div_Users' is clicked on

2022-09-19 23:59:07 - [MESSAGE][PASSED] - Object: 'Object Repository/09-Settings/Users/div_Users' is clicked on

2022-09-19 23:59:07 - [TEST_STEP][PASSED] - delay(3): Delayed 3 second(s)

2022-09-19 23:59:10 - [MESSAGE][PASSED] - Delayed 3 second(s)

2022-09-19 23:59:10 - [TEST_STEP][PASSED] - click(findTestObject("09-Settings/Users/button_add")): Object: 'Object Repository/09-Settings/Users/button_add' is clicked on

2022-09-19 23:59:10 - [MESSAGE][PASSED] - Object: 'Object Repository/09-Settings/Users/button_add' is clicked on

2022-09-19 23:59:10 - [TEST_STEP][PASSED] - delay(3): Delayed 3 second(s)

2022-09-19 23:59:13 - [MESSAGE][PASSED] - Delayed 3 second(s)

2022-09-19 23:59:13 - [TEST_STEP][PASSED] - click(findTestObject("09-Settings/Users/add Invite a single user")): Object: 'Object Repository/09-Settings/Users/add Invite a single user' is clicked on

2022-09-19 23:59:13 - [MESSAGE][PASSED] - Object: 'Object Repository/09-Settings/Users/add Invite a single user' is clicked on

2022-09-19 23:59:13 - [TEST_STEP][PASSED] - delay(3): Delayed 3 second(s)

2022-09-19 23:59:16 - [MESSAGE][PASSED] - Delayed 3 second(s)

2022-09-19 23:59:16 - [TEST_STEP][PASSED] - setText(findTestObject("09-Settings/Users/input_email"), "autotester10@mailinator.com"): Text 'autotester10@mailinator.com' is set on object 'Object Repository/09-Settings/Users/input_email'

2022-09-19 23:59:17 - [MESSAGE][PASSED] - Text 'autotester10@mailinator.com' is set on object 'Object Repository/09-Settings/Users/input_email'

2022-09-19 23:59:17 - [TEST_STEP][PASSED] - setText(findTestObject("09-Settings/Users/input_firstName"), "GG"): Text 'GG' is set on object 'Object Repository/09-Settings/Users/input_firstName'

2022-09-19 23:59:18 - [MESSAGE][PASSED] - Text 'GG' is set on object 'Object Repository/09-Settings/Users/input_firstName'

2022-09-19 23:59:18 - [TEST_STEP][PASSED] - setText(findTestObject("09-Settings/Users/input_lastName"), "Partner"): Text 'Partner' is set on object 'Object Repository/09-Settings/Users/input_lastName'

2022-09-19 23:59:19 - [MESSAGE][PASSED] - Text 'Partner' is set on object 'Object Repository/09-Settings/Users/input_lastName'

2022-09-19 23:59:19 - [TEST_STEP][PASSED] - click(findTestObject("09-Settings/Users/span_Role")): Object: 'Object Repository/09-Settings/Users/span_Role' is clicked on

2022-09-19 23:59:19 - [MESSAGE][PASSED] - Object: 'Object Repository/09-Settings/Users/span_Role' is clicked on

2022-09-19 23:59:19 - [TEST_STEP][PASSED] - click(findTestObject("09-Settings/Users/span_Partner")): Object: 'Object Repository/09-Settings/Users/span_Partner' is clicked on

2022-09-19 23:59:20 - [MESSAGE][PASSED] - Object: 'Object Repository/09-Settings/Users/span_Partner' is clicked on

2022-09-19 23:59:20 - [TEST_STEP][PASSED] - click(findTestObject("09-Settings/Users/button_Send Invitation")): Object: 'Object Repository/09-Settings/Users/button_Send Invitation' is clicked on

2022-09-19 23:59:21 - [MESSAGE][PASSED] - Object: 'Object Repository/09-Settings/Users/button_Send Invitation' is clicked on

2022-09-19 23:59:21 - [TEST_STEP][PASSED] - delay(2): Delayed 2 second(s)

2022-09-19 23:59:23 - [MESSAGE][PASSED] - Delayed 2 second(s)

2022-09-19 23:59:23 - [TEST_STEP][PASSED] - verifyElementVisible(findTestObject("07-Directory/Connections/zContact Profile/Successfully invited user")): Object 'Object Repository/07-Directory/Connections/zContact Profile/Successfully invited user' is visible

2022-09-19 23:59:24 - [MESSAGE][PASSED] - Object 'Object Repository/07-Directory/Connections/zContact Profile/Successfully invited user' is visible

2022-09-19 23:59:24 - [TEST_STEP][PASSED] - delay(2): Delayed 2 second(s)

2022-09-19 23:59:26 - [MESSAGE][PASSED] - Delayed 2 second(s)

2022-09-19 23:59:26 - [TEST_STEP][PASSED] - click(findTestObject("01-Login and Forgot Password/User menu drop")): Object: 'Object Repository/01-Login and Forgot Password/User menu drop' is clicked on

2022-09-19 23:59:26 - [MESSAGE][PASSED] - Object: 'Object Repository/01-Login and Forgot Password/User menu drop' is clicked on

2022-09-19 23:59:26 - [TEST_STEP][PASSED] - delay(2): Delayed 2 second(s)

2022-09-19 23:59:28 - [MESSAGE][PASSED] - Delayed 2 second(s)

2022-09-19 23:59:28 - [TEST_STEP][PASSED] - click(findTestObject("01-Login and Forgot Password/h4_Sign Out"), STOP_ON_FAILURE): Object: 'Object Repository/01-Login and Forgot Password/h4_Sign Out' is clicked on

2022-09-19 23:59:28 - [MESSAGE][PASSED] - Object: 'Object Repository/01-Login and Forgot Password/h4_Sign Out' is clicked on

2022-09-19 23:59:28 - [TEST_STEP][PASSED] - delay(2): Delayed 2 second(s)

2022-09-19 23:59:30 - [MESSAGE][PASSED] - Delayed 2 second(s)

2022-09-19 23:59:30 - [TEST_STEP][PASSED] - verifyElementPresent(findTestObject("01-Login and Forgot Password/Login_Card"), 0): Object 'Object Repository/01-Login and Forgot Password/Login_Card' is present

2022-09-19 23:59:30 - [MESSAGE][WARNING] - Timeout '0' is invalid. Using default page load timeout: '30'

2022-09-19 23:59:31 - [MESSAGE][PASSED] - Object 'Object Repository/01-Login and Forgot Password/Login_Card' is present

2022-09-19 23:59:31 - [TEST_STEP][PASSED] - delay(3): Delayed 3 second(s)

2022-09-19 23:59:34 - [MESSAGE][PASSED] - Delayed 3 second(s)

2022-09-19 23:59:34 - [TEST_STEP][PASSED] - closeBrowser(): Browser is closed

2022-09-19 23:59:34 - [MESSAGE][PASSED] - Browser is closed

2022-09-19 23:59:34 - [TEST_STEP][PASSED] - openBrowser(""): Browser is opened with url: ''

2022-09-19 23:59:34 - [MESSAGE][INFO] - Starting 'Chrome' driver

2022-09-19 23:59:34 - [MESSAGE][INFO] - Action delay is set to 0 milliseconds

2022-09-19 23:59:35 - [MESSAGE][PASSED] - Browser is opened with url: ''

2022-09-19 23:59:35 - [TEST_STEP][PASSED] - navigateToUrl("https://lab.everleagues.com/"): Navigate to 'https://lab.everleagues.com/' successfully

2022-09-20 00:00:08 - [MESSAGE][PASSED] - Navigate to 'https://lab.everleagues.com/' successfully

2022-09-20 00:00:08 - [TEST_STEP][PASSED] - maximizeWindow(): Current window maximized

2022-09-20 00:00:08 - [MESSAGE][PASSED] - Current window maximized

2022-09-20 00:00:08 - [TEST_STEP][PASSED] - setText(findTestObject("02-Side Icons(Organization)/Add Contact/Email Field"), "autotester10@mailinator.com"): Text 'autotester10@mailinator.com' is set on object 'Object Repository/02-Side Icons(Organization)/Add Contact/Email Field'

2022-09-20 00:00:09 - [MESSAGE][PASSED] - Text 'autotester10@mailinator.com' is set on object 'Object Repository/02-Side Icons(Organization)/Add Contact/Email Field'

2022-09-20 00:00:09 - [TEST_STEP][PASSED] - setEncryptedText(findTestObject("02-Side Icons(Organization)/Add Contact/Password Field"), "8yFRyszE6U6jvsCn51OQbg=="): Text ****** has been set on object 'Object Repository/02-Side Icons(Organization)/Add Contact/Password Field'

2022-09-20 00:00:10 - [MESSAGE][PASSED] - Text ****** has been set on object 'Object Repository/02-Side Icons(Organization)/Add Contact/Password Field'

2022-09-20 00:00:10 - [TEST_STEP][PASSED] - click(findTestObject("02-Side Icons(Organization)/Add Contact/button_Sign in")): Object: 'Object Repository/02-Side Icons(Organization)/Add Contact/button_Sign in' is clicked on

2022-09-20 00:00:11 - [MESSAGE][PASSED] - Object: 'Object Repository/02-Side Icons(Organization)/Add Contact/button_Sign in' is clicked on

2022-09-20 00:00:11 - [TEST_STEP][PASSED] - delay(2): Delayed 2 second(s)

2022-09-20 00:00:13 - [MESSAGE][PASSED] - Delayed 2 second(s)

2022-09-20 00:00:13 - [TEST_STEP][PASSED] - click(findTestObject("06-Teams/For 2FA/button_Confirm_2FA")): Object: 'Object Repository/06-Teams/For 2FA/button_Confirm_2FA' is clicked on

2022-09-20 00:00:13 - [MESSAGE][PASSED] - Object: 'Object Repository/06-Teams/For 2FA/button_Confirm_2FA' is clicked on

2022-09-20 00:00:13 - [TEST_STEP][PASSED] - executeJavaScript("window.open();", []): Execute JavaScript 'window.open();' successfully

2022-09-20 00:00:14 - [MESSAGE][PASSED] - Execute JavaScript 'window.open();' successfully

2022-09-20 00:00:14 - [TEST_STEP][PASSED] - currentWindow = getWindowIndex(): Current window's index is: 0

2022-09-20 00:00:14 - [MESSAGE][PASSED] - Current window's index is: 0

2022-09-20 00:00:14 - [TEST_STEP][PASSED] - delay(3): Delayed 3 second(s)

2022-09-20 00:00:17 - [MESSAGE][PASSED] - Delayed 3 second(s)

2022-09-20 00:00:17 - [TEST_STEP][PASSED] - switchToWindowIndex(currentWindow + 1): Switched to window with index: '1'

2022-09-20 00:00:17 - [MESSAGE][PASSED] - Switched to window with index: '1'

2022-09-20 00:00:17 - [TEST_STEP][PASSED] - navigateToUrl("https://www.mailinator.com/"): Navigate to 'https://www.mailinator.com/' successfully

2022-09-20 00:00:19 - [MESSAGE][PASSED] - Navigate to 'https://www.mailinator.com/' successfully

2022-09-20 00:00:19 - [TEST_STEP][PASSED] - delay(3): Delayed 3 second(s)

2022-09-20 00:00:22 - [MESSAGE][PASSED] - Delayed 3 second(s)

2022-09-20 00:00:22 - [TEST_STEP][PASSED] - setText(findTestObject("00-Signup and Activation/zMailinator/input_LOGIN_search"), "autotester10@mailinator.com"): Text 'autotester10@mailinator.com' is set on object 'Object Repository/00-Signup and Activation/zMailinator/input_LOGIN_search'

2022-09-20 00:00:22 - [MESSAGE][PASSED] - Text 'autotester10@mailinator.com' is set on object 'Object Repository/00-Signup and Activation/zMailinator/input_LOGIN_search'

2022-09-20 00:00:22 - [TEST_STEP][PASSED] - click(findTestObject("00-Signup and Activation/zMailinator/gobutton"), STOP_ON_FAILURE): Object: 'Object Repository/00-Signup and Activation/zMailinator/gobutton' is clicked on

2022-09-20 00:00:24 - [MESSAGE][PASSED] - Object: 'Object Repository/00-Signup and Activation/zMailinator/gobutton' is clicked on

2022-09-20 00:00:24 - [TEST_STEP][PASSED] - delay(3): Delayed 3 second(s)

2022-09-20 00:00:27 - [MESSAGE][PASSED] - Delayed 3 second(s)

2022-09-20 00:00:27 - [TEST_STEP][PASSED] - click(findTestObject("00-Signup and Activation/zMailinator/Email - everleagues")): Object: 'Object Repository/00-Signup and Activation/zMailinator/Email - everleagues' is clicked on

2022-09-20 00:00:27 - [MESSAGE][PASSED] - Object: 'Object Repository/00-Signup and Activation/zMailinator/Email - everleagues' is clicked on

2022-09-20 00:00:27 - [TEST_STEP][PASSED] - delay(3): Delayed 3 second(s)

2022-09-20 00:00:30 - [MESSAGE][PASSED] - Delayed 3 second(s)

2022-09-20 00:00:30 - [TEST_STEP][PASSED] - codetwo = getText(findTestObject("Object Repository/06-Teams/For 2FA/2FA code")): Text of object 'Object Repository/06-Teams/For 2FA/2FA code' is: '188536'

2022-09-20 00:00:31 - [MESSAGE][PASSED] - Text of object 'Object Repository/06-Teams/For 2FA/2FA code' is: '188536'

2022-09-20 00:00:31 - [TEST_STEP][PASSED] - delay(3): Delayed 3 second(s)

2022-09-20 00:00:34 - [MESSAGE][PASSED] - Delayed 3 second(s)

2022-09-20 00:00:34 - [TEST_STEP][PASSED] - closeWindowTitle("Mailinator"): Window with title: 'Mailinator' is closed

2022-09-20 00:00:34 - [MESSAGE][PASSED] - Window with title: 'Mailinator' is closed

2022-09-20 00:00:34 - [TEST_STEP][PASSED] - delay(3): Delayed 3 second(s)

2022-09-20 00:00:37 - [MESSAGE][PASSED] - Delayed 3 second(s)

2022-09-20 00:00:37 - [TEST_STEP][PASSED] - switchToWindowIndex(0): Switched to window with index: '0'

2022-09-20 00:00:37 - [MESSAGE][PASSED] - Switched to window with index: '0'

2022-09-20 00:00:37 - [TEST_STEP][PASSED] - delay(3): Delayed 3 second(s)

2022-09-20 00:00:40 - [MESSAGE][PASSED] - Delayed 3 second(s)

2022-09-20 00:00:40 - [TEST_STEP][PASSED] - setText(findTestObject("Object Repository/06-Teams/For 2FA/input_Enter verification code_code"), codetwo): Text '188536' is set on object 'Object Repository/06-Teams/For 2FA/input_Enter verification code_code'

2022-09-20 00:00:41 - [MESSAGE][PASSED] - Text '188536' is set on object 'Object Repository/06-Teams/For 2FA/input_Enter verification code_code'

2022-09-20 00:00:41 - [TEST_STEP][PASSED] - delay(3): Delayed 3 second(s)

2022-09-20 00:00:44 - [MESSAGE][PASSED] - Delayed 3 second(s)

2022-09-20 00:00:44 - [TEST_STEP][PASSED] - click(findTestObject("06-Teams/For 2FA/button_Verify_2FA")): Object: 'Object Repository/06-Teams/For 2FA/button_Verify_2FA' is clicked on

2022-09-20 00:00:44 - [MESSAGE][PASSED] - Object: 'Object Repository/06-Teams/For 2FA/button_Verify_2FA' is clicked on

2022-09-20 00:00:44 - [TEST_STEP][PASSED] - delay(5): Delayed 5 second(s)

2022-09-20 00:00:49 - [MESSAGE][PASSED] - Delayed 5 second(s)

2022-09-20 00:00:49 - [TEST_STEP][PASSED] - executeJavaScript("window.open();", []): Execute JavaScript 'window.open();' successfully

2022-09-20 00:00:49 - [MESSAGE][PASSED] - Execute JavaScript 'window.open();' successfully

2022-09-20 00:00:49 - [TEST_STEP][PASSED] - currentWindow = getWindowIndex(): Current window's index is: 0

2022-09-20 00:00:49 - [MESSAGE][PASSED] - Current window's index is: 0

2022-09-20 00:00:49 - [TEST_STEP][PASSED] - delay(3): Delayed 3 second(s)

2022-09-20 00:00:52 - [MESSAGE][PASSED] - Delayed 3 second(s)

2022-09-20 00:00:52 - [TEST_STEP][PASSED] - switchToWindowIndex(currentWindow + 1): Switched to window with index: '1'

2022-09-20 00:00:52 - [MESSAGE][PASSED] - Switched to window with index: '1'

2022-09-20 00:00:52 - [TEST_STEP][PASSED] - navigateToUrl("https://www.mailinator.com/"): Navigate to 'https://www.mailinator.com/' successfully

2022-09-20 00:00:54 - [MESSAGE][PASSED] - Navigate to 'https://www.mailinator.com/' successfully

2022-09-20 00:00:54 - [TEST_STEP][PASSED] - delay(3): Delayed 3 second(s)

2022-09-20 00:00:57 - [MESSAGE][PASSED] - Delayed 3 second(s)

2022-09-20 00:00:57 - [TEST_STEP][PASSED] - setText(findTestObject("00-Signup and Activation/zMailinator/input_LOGIN_search"), "autotester10@mailinator.com"): Text 'autotester10@mailinator.com' is set on object 'Object Repository/00-Signup and Activation/zMailinator/input_LOGIN_search'

2022-09-20 00:00:57 - [MESSAGE][PASSED] - Text 'autotester10@mailinator.com' is set on object 'Object Repository/00-Signup and Activation/zMailinator/input_LOGIN_search'

2022-09-20 00:00:57 - [TEST_STEP][PASSED] - click(findTestObject("00-Signup and Activation/zMailinator/gobutton"), STOP_ON_FAILURE): Object: 'Object Repository/00-Signup and Activation/zMailinator/gobutton' is clicked on

2022-09-20 00:00:58 - [MESSAGE][PASSED] - Object: 'Object Repository/00-Signup and Activation/zMailinator/gobutton' is clicked on

2022-09-20 00:00:58 - [TEST_STEP][PASSED] - delay(3): Delayed 3 second(s)

2022-09-20 00:01:01 - [MESSAGE][PASSED] - Delayed 3 second(s)

2022-09-20 00:01:01 - [TEST_STEP][PASSED] - closeWindowTitle("Everleagues"): Window with title: 'Everleagues' is closed

2022-09-20 00:01:01 - [MESSAGE][PASSED] - Window with title: 'Everleagues' is closed

2022-09-20 00:01:01 - [TEST_STEP][PASSED] - switchToWindowIndex(0): Switched to window with index: '0'

2022-09-20 00:01:01 - [MESSAGE][PASSED] - Switched to window with index: '0'

2022-09-20 00:01:01 - [TEST_STEP][PASSED] - click(findTestObject("09-Settings/Users/Co worker/td_Invitation from GG Automation")): Object: 'Object Repository/09-Settings/Users/Co worker/td_Invitation from GG Automation' is clicked on

2022-09-20 00:01:02 - [MESSAGE][PASSED] - Object: 'Object Repository/09-Settings/Users/Co worker/td_Invitation from GG Automation' is clicked on

2022-09-20 00:01:02 - [TEST_STEP][PASSED] - click(findTestObject("09-Settings/Users/Co worker/a_Click here to join GG Automation on EverLeagues")): Object: 'Object Repository/09-Settings/Users/Co worker/a_Click here to join GG Automation on EverLeagues' is clicked on

2022-09-20 00:01:03 - [MESSAGE][PASSED] - Object: 'Object Repository/09-Settings/Users/Co worker/a_Click here to join GG Automation on EverLeagues' is clicked on

2022-09-20 00:01:03 - [TEST_STEP][PASSED] - closeWindowTitle("Mailinator"): Window with title: 'Mailinator' is closed

2022-09-20 00:01:03 - [MESSAGE][PASSED] - Window with title: 'Mailinator' is closed

2022-09-20 00:01:03 - [TEST_STEP][PASSED] - switchToWindowIndex(0): Switched to window with index: '0'

2022-09-20 00:01:03 - [MESSAGE][PASSED] - Switched to window with index: '0'

2022-09-20 00:01:03 - [TEST_STEP][PASSED] - verifyElementVisible(findTestObject("09-Settings/Users/Client/Invite modal")): Object 'Object Repository/09-Settings/Users/Client/Invite modal' is visible

2022-09-20 00:01:09 - [MESSAGE][PASSED] - Object 'Object Repository/09-Settings/Users/Client/Invite modal' is visible

2022-09-20 00:01:09 - [TEST_STEP][PASSED] - setText(findTestObject("09-Settings/Users/Client/Company field"), "QA Company"): Text 'QA Company' is set on object 'Object Repository/09-Settings/Users/Client/Company field'

2022-09-20 00:01:09 - [MESSAGE][PASSED] - Text 'QA Company' is set on object 'Object Repository/09-Settings/Users/Client/Company field'

2022-09-20 00:01:09 - [TEST_STEP][PASSED] - click(findTestObject("09-Settings/Users/Client/button_Accept")): Object: 'Object Repository/09-Settings/Users/Client/button_Accept' is clicked on

2022-09-20 00:01:10 - [MESSAGE][PASSED] - Object: 'Object Repository/09-Settings/Users/Client/button_Accept' is clicked on

2022-09-20 00:01:10 - [TEST_STEP][PASSED] - delay(10): Delayed 10 second(s)

2022-09-20 00:01:20 - [MESSAGE][PASSED] - Delayed 10 second(s)

2022-09-20 00:01:20 - [TEST_STEP][PASSED] - verifyElementVisible(findTestObject("09-Settings/Users/div_Joined as Partner")): Object 'Object Repository/09-Settings/Users/div_Joined as Partner' is visible

2022-09-20 00:01:20 - [MESSAGE][PASSED] - Object 'Object Repository/09-Settings/Users/div_Joined as Partner' is visible

2022-09-20 00:01:20 - [TEST_STEP][PASSED] - delay(3): Delayed 3 second(s)

2022-09-20 00:01:23 - [MESSAGE][PASSED] - Delayed 3 second(s)

2022-09-20 00:01:23 - [TEST_STEP][PASSED] - closeBrowser(): Browser is closed

2022-09-20 00:01:24 - [MESSAGE][PASSED] - Browser is closed]]></system-out>
         <system-err><![CDATA[]]></system-err>
      </testcase>
      <testcase name="Test Cases/09-Settings/05 - Users (Invite batch of users via CSV file)" time="153.737" classname="Test Cases/09-Settings/05 - Users (Invite batch of users via CSV file)" status="PASSED">
         <system-out><![CDATA[2022-09-20 00:01:24 - [TEST_CASE][PASSED] - Test Cases/09-Settings/05 - Users (Invite batch of users via CSV file): Test Cases/09-Settings/05 - Users (Invite batch of users via CSV file)

2022-09-20 00:01:24 - [TEST_STEP][PASSED] - openBrowser(""): Browser is opened with url: ''

2022-09-20 00:01:24 - [MESSAGE][INFO] - Starting 'Chrome' driver

2022-09-20 00:01:24 - [MESSAGE][INFO] - Action delay is set to 0 milliseconds

2022-09-20 00:01:25 - [MESSAGE][PASSED] - Browser is opened with url: ''

2022-09-20 00:01:25 - [TEST_STEP][PASSED] - navigateToUrl("https://lab.everleagues.com/"): Navigate to 'https://lab.everleagues.com/' successfully

2022-09-20 00:02:17 - [MESSAGE][PASSED] - Navigate to 'https://lab.everleagues.com/' successfully

2022-09-20 00:02:17 - [TEST_STEP][PASSED] - maximizeWindow(): Current window maximized

2022-09-20 00:02:17 - [MESSAGE][PASSED] - Current window maximized

2022-09-20 00:02:17 - [TEST_STEP][PASSED] - setText(findTestObject("02-Side Icons(Organization)/Add Contact/Email Field"), "testuser02@mailinator.com"): Text 'testuser02@mailinator.com' is set on object 'Object Repository/02-Side Icons(Organization)/Add Contact/Email Field'

2022-09-20 00:02:18 - [MESSAGE][PASSED] - Text 'testuser02@mailinator.com' is set on object 'Object Repository/02-Side Icons(Organization)/Add Contact/Email Field'

2022-09-20 00:02:18 - [TEST_STEP][PASSED] - setEncryptedText(findTestObject("02-Side Icons(Organization)/Add Contact/Password Field"), "8yFRyszE6U6jvsCn51OQbg=="): Text ****** has been set on object 'Object Repository/02-Side Icons(Organization)/Add Contact/Password Field'

2022-09-20 00:02:18 - [MESSAGE][PASSED] - Text ****** has been set on object 'Object Repository/02-Side Icons(Organization)/Add Contact/Password Field'

2022-09-20 00:02:18 - [TEST_STEP][PASSED] - click(findTestObject("02-Side Icons(Organization)/Add Contact/button_Sign in")): Object: 'Object Repository/02-Side Icons(Organization)/Add Contact/button_Sign in' is clicked on

2022-09-20 00:02:19 - [MESSAGE][PASSED] - Object: 'Object Repository/02-Side Icons(Organization)/Add Contact/button_Sign in' is clicked on

2022-09-20 00:02:19 - [TEST_STEP][PASSED] - delay(2): Delayed 2 second(s)

2022-09-20 00:02:21 - [MESSAGE][PASSED] - Delayed 2 second(s)

2022-09-20 00:02:21 - [TEST_STEP][PASSED] - click(findTestObject("06-Teams/For 2FA/button_Confirm_2FA")): Object: 'Object Repository/06-Teams/For 2FA/button_Confirm_2FA' is clicked on

2022-09-20 00:02:22 - [MESSAGE][PASSED] - Object: 'Object Repository/06-Teams/For 2FA/button_Confirm_2FA' is clicked on

2022-09-20 00:02:22 - [TEST_STEP][PASSED] - executeJavaScript("window.open();", []): Execute JavaScript 'window.open();' successfully

2022-09-20 00:02:22 - [MESSAGE][PASSED] - Execute JavaScript 'window.open();' successfully

2022-09-20 00:02:22 - [TEST_STEP][PASSED] - currentWindow = getWindowIndex(): Current window's index is: 0

2022-09-20 00:02:22 - [MESSAGE][PASSED] - Current window's index is: 0

2022-09-20 00:02:22 - [TEST_STEP][PASSED] - delay(3): Delayed 3 second(s)

2022-09-20 00:02:25 - [MESSAGE][PASSED] - Delayed 3 second(s)

2022-09-20 00:02:25 - [TEST_STEP][PASSED] - switchToWindowIndex(currentWindow + 1): Switched to window with index: '1'

2022-09-20 00:02:25 - [MESSAGE][PASSED] - Switched to window with index: '1'

2022-09-20 00:02:25 - [TEST_STEP][PASSED] - navigateToUrl("https://www.mailinator.com/"): Navigate to 'https://www.mailinator.com/' successfully

2022-09-20 00:02:27 - [MESSAGE][PASSED] - Navigate to 'https://www.mailinator.com/' successfully

2022-09-20 00:02:27 - [TEST_STEP][PASSED] - delay(3): Delayed 3 second(s)

2022-09-20 00:02:30 - [MESSAGE][PASSED] - Delayed 3 second(s)

2022-09-20 00:02:30 - [TEST_STEP][PASSED] - setText(findTestObject("00-Signup and Activation/zMailinator/input_LOGIN_search"), "testuser02@mailinator.com"): Text 'testuser02@mailinator.com' is set on object 'Object Repository/00-Signup and Activation/zMailinator/input_LOGIN_search'

2022-09-20 00:02:31 - [MESSAGE][PASSED] - Text 'testuser02@mailinator.com' is set on object 'Object Repository/00-Signup and Activation/zMailinator/input_LOGIN_search'

2022-09-20 00:02:31 - [TEST_STEP][PASSED] - click(findTestObject("00-Signup and Activation/zMailinator/gobutton"), STOP_ON_FAILURE): Object: 'Object Repository/00-Signup and Activation/zMailinator/gobutton' is clicked on

2022-09-20 00:02:33 - [MESSAGE][PASSED] - Object: 'Object Repository/00-Signup and Activation/zMailinator/gobutton' is clicked on

2022-09-20 00:02:33 - [TEST_STEP][PASSED] - delay(3): Delayed 3 second(s)

2022-09-20 00:02:36 - [MESSAGE][PASSED] - Delayed 3 second(s)

2022-09-20 00:02:36 - [TEST_STEP][PASSED] - click(findTestObject("00-Signup and Activation/zMailinator/Email - everleagues")): Object: 'Object Repository/00-Signup and Activation/zMailinator/Email - everleagues' is clicked on

2022-09-20 00:02:37 - [MESSAGE][PASSED] - Object: 'Object Repository/00-Signup and Activation/zMailinator/Email - everleagues' is clicked on

2022-09-20 00:02:37 - [TEST_STEP][PASSED] - delay(3): Delayed 3 second(s)

2022-09-20 00:02:40 - [MESSAGE][PASSED] - Delayed 3 second(s)

2022-09-20 00:02:40 - [TEST_STEP][PASSED] - code = getText(findTestObject("Object Repository/06-Teams/For 2FA/2FA code")): Text of object 'Object Repository/06-Teams/For 2FA/2FA code' is: '815393'

2022-09-20 00:02:40 - [MESSAGE][PASSED] - Text of object 'Object Repository/06-Teams/For 2FA/2FA code' is: '815393'

2022-09-20 00:02:40 - [TEST_STEP][PASSED] - delay(3): Delayed 3 second(s)

2022-09-20 00:02:43 - [MESSAGE][PASSED] - Delayed 3 second(s)

2022-09-20 00:02:43 - [TEST_STEP][PASSED] - closeWindowTitle("Mailinator"): Window with title: 'Mailinator' is closed

2022-09-20 00:02:43 - [MESSAGE][PASSED] - Window with title: 'Mailinator' is closed

2022-09-20 00:02:43 - [TEST_STEP][PASSED] - delay(3): Delayed 3 second(s)

2022-09-20 00:02:46 - [MESSAGE][PASSED] - Delayed 3 second(s)

2022-09-20 00:02:46 - [TEST_STEP][PASSED] - switchToWindowIndex(0): Switched to window with index: '0'

2022-09-20 00:02:46 - [MESSAGE][PASSED] - Switched to window with index: '0'

2022-09-20 00:02:46 - [TEST_STEP][PASSED] - delay(3): Delayed 3 second(s)

2022-09-20 00:02:49 - [MESSAGE][PASSED] - Delayed 3 second(s)

2022-09-20 00:02:49 - [TEST_STEP][PASSED] - setText(findTestObject("Object Repository/06-Teams/For 2FA/input_Enter verification code_code"), code): Text '815393' is set on object 'Object Repository/06-Teams/For 2FA/input_Enter verification code_code'

2022-09-20 00:02:50 - [MESSAGE][PASSED] - Text '815393' is set on object 'Object Repository/06-Teams/For 2FA/input_Enter verification code_code'

2022-09-20 00:02:50 - [TEST_STEP][PASSED] - delay(3): Delayed 3 second(s)

2022-09-20 00:02:53 - [MESSAGE][PASSED] - Delayed 3 second(s)

2022-09-20 00:02:53 - [TEST_STEP][PASSED] - click(findTestObject("06-Teams/For 2FA/button_Verify_2FA")): Object: 'Object Repository/06-Teams/For 2FA/button_Verify_2FA' is clicked on

2022-09-20 00:02:54 - [MESSAGE][PASSED] - Object: 'Object Repository/06-Teams/For 2FA/button_Verify_2FA' is clicked on

2022-09-20 00:02:54 - [TEST_STEP][PASSED] - delay(5): Delayed 5 second(s)

2022-09-20 00:02:59 - [MESSAGE][PASSED] - Delayed 5 second(s)

2022-09-20 00:02:59 - [TEST_STEP][PASSED] - click(findTestObject("06-Teams/button_doublearrow")): Object: 'Object Repository/06-Teams/button_doublearrow' is clicked on

2022-09-20 00:03:00 - [MESSAGE][PASSED] - Object: 'Object Repository/06-Teams/button_doublearrow' is clicked on

2022-09-20 00:03:00 - [TEST_STEP][PASSED] - click(findTestObject("06-Teams/button_My Organizations")): Object: 'Object Repository/06-Teams/button_My Organizations' is clicked on

2022-09-20 00:03:00 - [MESSAGE][PASSED] - Object: 'Object Repository/06-Teams/button_My Organizations' is clicked on

2022-09-20 00:03:00 - [TEST_STEP][PASSED] - click(findTestObject("06-Teams/button_GG Automation")): Object: 'Object Repository/06-Teams/button_GG Automation' is clicked on

2022-09-20 00:03:01 - [MESSAGE][PASSED] - Object: 'Object Repository/06-Teams/button_GG Automation' is clicked on

2022-09-20 00:03:01 - [TEST_STEP][PASSED] - delay(4): Delayed 4 second(s)

2022-09-20 00:03:05 - [MESSAGE][PASSED] - Delayed 4 second(s)

2022-09-20 00:03:05 - [TEST_STEP][PASSED] - verifyElementVisible(findTestObject("06-Teams/span_GG Automation")): Object 'Object Repository/06-Teams/span_GG Automation' is visible

2022-09-20 00:03:05 - [MESSAGE][PASSED] - Object 'Object Repository/06-Teams/span_GG Automation' is visible

2022-09-20 00:03:05 - [TEST_STEP][PASSED] - delay(10): Delayed 10 second(s)

2022-09-20 00:03:15 - [MESSAGE][PASSED] - Delayed 10 second(s)

2022-09-20 00:03:15 - [TEST_STEP][PASSED] - click(findTestObject("03-Header Menu/Hamburger Button/div_Settings")): Object: 'Object Repository/03-Header Menu/Hamburger Button/div_Settings' is clicked on

2022-09-20 00:03:16 - [MESSAGE][PASSED] - Object: 'Object Repository/03-Header Menu/Hamburger Button/div_Settings' is clicked on

2022-09-20 00:03:16 - [TEST_STEP][PASSED] - delay(3): Delayed 3 second(s)

2022-09-20 00:03:19 - [MESSAGE][PASSED] - Delayed 3 second(s)

2022-09-20 00:03:19 - [TEST_STEP][PASSED] - click(findTestObject("09-Settings/Users/div_Users")): Object: 'Object Repository/09-Settings/Users/div_Users' is clicked on

2022-09-20 00:03:19 - [MESSAGE][PASSED] - Object: 'Object Repository/09-Settings/Users/div_Users' is clicked on

2022-09-20 00:03:19 - [TEST_STEP][PASSED] - delay(3): Delayed 3 second(s)

2022-09-20 00:03:22 - [MESSAGE][PASSED] - Delayed 3 second(s)

2022-09-20 00:03:22 - [TEST_STEP][PASSED] - click(findTestObject("09-Settings/Users/button_add")): Object: 'Object Repository/09-Settings/Users/button_add' is clicked on

2022-09-20 00:03:23 - [MESSAGE][PASSED] - Object: 'Object Repository/09-Settings/Users/button_add' is clicked on

2022-09-20 00:03:23 - [TEST_STEP][PASSED] - delay(3): Delayed 3 second(s)

2022-09-20 00:03:26 - [MESSAGE][PASSED] - Delayed 3 second(s)

2022-09-20 00:03:26 - [TEST_STEP][PASSED] - click(findTestObject("09-Settings/Users/Invite batch of users via CSV file")): Object: 'Object Repository/09-Settings/Users/Invite batch of users via CSV file' is clicked on

2022-09-20 00:03:26 - [MESSAGE][PASSED] - Object: 'Object Repository/09-Settings/Users/Invite batch of users via CSV file' is clicked on

2022-09-20 00:03:26 - [TEST_STEP][PASSED] - verifyElementVisible(findTestObject("09-Settings/Users/CSV Invite/Import CSV File modal")): Object 'Object Repository/09-Settings/Users/CSV Invite/Import CSV File modal' is visible

2022-09-20 00:03:27 - [MESSAGE][PASSED] - Object 'Object Repository/09-Settings/Users/CSV Invite/Import CSV File modal' is visible

2022-09-20 00:03:27 - [TEST_STEP][PASSED] - verifyElementNotClickable(findTestObject("09-Settings/Users/CSV Invite/button_Import")): Object 'Object Repository/09-Settings/Users/CSV Invite/button_Import' is NOT clickable

2022-09-20 00:03:27 - [MESSAGE][PASSED] - Object 'Object Repository/09-Settings/Users/CSV Invite/button_Import' is NOT clickable

2022-09-20 00:03:27 - [TEST_STEP][PASSED] - delay(3): Delayed 3 second(s)

2022-09-20 00:03:30 - [MESSAGE][PASSED] - Delayed 3 second(s)

2022-09-20 00:03:30 - [TEST_STEP][PASSED] - uploadpackage.Upload.uploadFile(findTestObject("Object Repository/09-Settings/Users/CSV Invite/button_Choose File"), "C:\Users\User\Desktop\EL automation\sample csv.csv"): uploadpackage.Upload.uploadFile is PASSED

2022-09-20 00:03:31 - [MESSAGE][PASSED] - Object: 'Object Repository/09-Settings/Users/CSV Invite/button_Choose File' is clicked on

2022-09-20 00:03:31 - [MESSAGE][PASSED] - uploadpackage.Upload.uploadFile is PASSED

2022-09-20 00:03:31 - [TEST_STEP][PASSED] - delay(3): Delayed 3 second(s)

2022-09-20 00:03:34 - [MESSAGE][PASSED] - Delayed 3 second(s)

2022-09-20 00:03:34 - [TEST_STEP][PASSED] - verifyElementVisible(findTestObject("09-Settings/Users/CSV Invite/div_Sample csv.csv")): Object 'Object Repository/09-Settings/Users/CSV Invite/div_Sample csv.csv' is visible

2022-09-20 00:03:36 - [MESSAGE][PASSED] - Object 'Object Repository/09-Settings/Users/CSV Invite/div_Sample csv.csv' is visible

2022-09-20 00:03:36 - [TEST_STEP][PASSED] - click(findTestObject("09-Settings/Users/CSV Invite/button_Import")): Object: 'Object Repository/09-Settings/Users/CSV Invite/button_Import' is clicked on

2022-09-20 00:03:36 - [MESSAGE][PASSED] - Object: 'Object Repository/09-Settings/Users/CSV Invite/button_Import' is clicked on

2022-09-20 00:03:36 - [TEST_STEP][PASSED] - delay(10): Delayed 10 second(s)

2022-09-20 00:03:46 - [MESSAGE][PASSED] - Delayed 10 second(s)

2022-09-20 00:03:46 - [TEST_STEP][PASSED] - verifyElementVisible(findTestObject("09-Settings/Users/CSV Invite/Success import modal")): Object 'Object Repository/09-Settings/Users/CSV Invite/Success import modal' is visible

2022-09-20 00:03:46 - [MESSAGE][PASSED] - Object 'Object Repository/09-Settings/Users/CSV Invite/Success import modal' is visible

2022-09-20 00:03:46 - [TEST_STEP][PASSED] - click(findTestObject("09-Settings/Users/CSV Invite/button_Close")): Object: 'Object Repository/09-Settings/Users/CSV Invite/button_Close' is clicked on

2022-09-20 00:03:47 - [MESSAGE][PASSED] - Object: 'Object Repository/09-Settings/Users/CSV Invite/button_Close' is clicked on

2022-09-20 00:03:47 - [TEST_STEP][PASSED] - click(findTestObject("09-Settings/Users/CSV Invite/Invited Users tab")): Object: 'Object Repository/09-Settings/Users/CSV Invite/Invited Users tab' is clicked on

2022-09-20 00:03:48 - [MESSAGE][PASSED] - Object: 'Object Repository/09-Settings/Users/CSV Invite/Invited Users tab' is clicked on

2022-09-20 00:03:48 - [TEST_STEP][PASSED] - delay(3): Delayed 3 second(s)

2022-09-20 00:03:51 - [MESSAGE][PASSED] - Delayed 3 second(s)

2022-09-20 00:03:51 - [TEST_STEP][PASSED] - verifyElementVisible(findTestObject("09-Settings/Users/CSV Invite/div_CTCSV test3")): Object 'Object Repository/09-Settings/Users/CSV Invite/div_CTCSV test3' is visible

2022-09-20 00:03:51 - [MESSAGE][PASSED] - Object 'Object Repository/09-Settings/Users/CSV Invite/div_CTCSV test3' is visible

2022-09-20 00:03:51 - [TEST_STEP][PASSED] - verifyElementVisible(findTestObject("09-Settings/Users/CSV Invite/div_autotester08mailinator.com")): Object 'Object Repository/09-Settings/Users/CSV Invite/div_autotester08mailinator.com' is visible

2022-09-20 00:03:51 - [MESSAGE][PASSED] - Object 'Object Repository/09-Settings/Users/CSV Invite/div_autotester08mailinator.com' is visible

2022-09-20 00:03:51 - [TEST_STEP][PASSED] - verifyElementVisible(findTestObject("09-Settings/Users/CSV Invite/div_Partner")): Object 'Object Repository/09-Settings/Users/CSV Invite/div_Partner' is visible

2022-09-20 00:03:52 - [MESSAGE][PASSED] - Object 'Object Repository/09-Settings/Users/CSV Invite/div_Partner' is visible

2022-09-20 00:03:52 - [TEST_STEP][PASSED] - verifyElementVisible(findTestObject("09-Settings/Users/CSV Invite/div_CTCSV test2")): Object 'Object Repository/09-Settings/Users/CSV Invite/div_CTCSV test2' is visible

2022-09-20 00:03:52 - [MESSAGE][PASSED] - Object 'Object Repository/09-Settings/Users/CSV Invite/div_CTCSV test2' is visible

2022-09-20 00:03:52 - [TEST_STEP][PASSED] - verifyElementVisible(findTestObject("09-Settings/Users/CSV Invite/div_autotester07mailinator.com")): Object 'Object Repository/09-Settings/Users/CSV Invite/div_autotester07mailinator.com' is visible

2022-09-20 00:03:52 - [MESSAGE][PASSED] - Object 'Object Repository/09-Settings/Users/CSV Invite/div_autotester07mailinator.com' is visible

2022-09-20 00:03:52 - [TEST_STEP][PASSED] - verifyElementVisible(findTestObject("09-Settings/Users/CSV Invite/div_Client")): Object 'Object Repository/09-Settings/Users/CSV Invite/div_Client' is visible

2022-09-20 00:03:53 - [MESSAGE][PASSED] - Object 'Object Repository/09-Settings/Users/CSV Invite/div_Client' is visible

2022-09-20 00:03:53 - [TEST_STEP][PASSED] - verifyElementVisible(findTestObject("09-Settings/Users/CSV Invite/div_CTCSV test1")): Object 'Object Repository/09-Settings/Users/CSV Invite/div_CTCSV test1' is visible

2022-09-20 00:03:53 - [MESSAGE][PASSED] - Object 'Object Repository/09-Settings/Users/CSV Invite/div_CTCSV test1' is visible

2022-09-20 00:03:53 - [TEST_STEP][PASSED] - verifyElementVisible(findTestObject("09-Settings/Users/CSV Invite/div_autotester06mailinator.com")): Object 'Object Repository/09-Settings/Users/CSV Invite/div_autotester06mailinator.com' is visible

2022-09-20 00:03:54 - [MESSAGE][PASSED] - Object 'Object Repository/09-Settings/Users/CSV Invite/div_autotester06mailinator.com' is visible

2022-09-20 00:03:54 - [TEST_STEP][PASSED] - verifyElementVisible(findTestObject("09-Settings/Users/CSV Invite/div_Coworker")): Object 'Object Repository/09-Settings/Users/CSV Invite/div_Coworker' is visible

2022-09-20 00:03:54 - [MESSAGE][PASSED] - Object 'Object Repository/09-Settings/Users/CSV Invite/div_Coworker' is visible

2022-09-20 00:03:54 - [TEST_STEP][PASSED] - delay(3): Delayed 3 second(s)

2022-09-20 00:03:57 - [MESSAGE][PASSED] - Delayed 3 second(s)

2022-09-20 00:03:57 - [TEST_STEP][PASSED] - closeBrowser(): Browser is closed

2022-09-20 00:03:58 - [MESSAGE][PASSED] - Browser is closed]]></system-out>
         <system-err><![CDATA[]]></system-err>
      </testcase>
      <system-out><![CDATA[2022-09-19 23:49:43 - [TEST_SUITE][PASSED] - 09-Settings: Test Cases/09-Settings/05 - Users (Invite batch of users via CSV file)]]></system-out>
      <system-err><![CDATA[]]></system-err>
   </testsuite>
</testsuites>
