<?xml version="1.0" encoding="UTF-8"?>
<testsuites name="07-Directory" time="566.565" tests="13" failures="0" errors="0">
   <testsuite name="07-Directory" tests="13" failures="0" errors="0" time="566.565" skipped="0" timestamp="2023-01-18 12:23:07" hostname="asus - DESKTOP-3L3J9C1" id="Test Suites/TS-Organization/07-Directory">
      <properties>
         <property name="deviceName" value=""/>
         <property name="devicePlatform" value=""/>
         <property name="logFolder" value="C:\\Users\\asus\\Katalon Studio\\Everleagues\\Everleagues\\Reports\\20230118_122255\\TS-Organization\\07-Directory\\20230118_122255"/>
         <property name="logFiles" value="C:\\Users\\asus\\Katalon Studio\\Everleagues\\Everleagues\\Reports\\20230118_122255\\TS-Organization\\07-Directory\\20230118_122255\\execution0.log"/>
         <property name="attachments" value=""/>
         <property name="hostName" value="asus - DESKTOP-3L3J9C1"/>
         <property name="os" value="Windows 10 64bit"/>
         <property name="katalonVersion" value="8.4.1.208"/>
         <property name="browser" value="Chrome 109.0.0.0"/>
         <property name="hostAddress" value="192.168.5.88"/>
         <property name="sessionId" value="a8de33b09a118253ae136c25b8f6578a"/>
         <property name="seleniumVersion" value="3.141.59"/>
         <property name="proxyInformation" value="ProxyInformation { proxyOption=NO_PROXY, proxyServerType=HTTP, username=, password=********, proxyServerAddress=, proxyServerPort=0, executionList=&quot;&quot;, isApplyToDesiredCapabilities=true }"/>
         <property name="platform" value="Windows 10"/>
      </properties>
      <testcase name="Test Cases/07-Directory/01 -Connections - Add New Contact (required field is blank)" time="278.657" classname="Test Cases/07-Directory/01 -Connections - Add New Contact (required field is blank)" status="PASSED">
         <system-out><![CDATA[2023-01-18 12:23:08 - [TEST_CASE][PASSED] - Test Cases/07-Directory/01 -Connections - Add New Contact (required field is blank): Test Cases/07-Directory/01 -Connections - Add New Contact (required field is blank)

2023-01-18 12:23:10 - [TEST_STEP][PASSED] - openBrowser(""): Browser is opened with url: ''

2023-01-18 12:23:11 - [MESSAGE][INFO] - Starting 'Chrome' driver

2023-01-18 12:23:12 - [MESSAGE][INFO] - Action delay is set to 0 milliseconds

2023-01-18 12:23:19 - [MESSAGE][PASSED] - Browser is opened with url: ''

2023-01-18 12:23:19 - [TEST_STEP][PASSED] - navigateToUrl("https://lab.everleagues.com/"): Navigate to 'https://lab.everleagues.com/' successfully

2023-01-18 12:26:05 - [MESSAGE][PASSED] - Navigate to 'https://lab.everleagues.com/' successfully

2023-01-18 12:26:05 - [TEST_STEP][PASSED] - maximizeWindow(): Current window maximized

2023-01-18 12:26:06 - [MESSAGE][PASSED] - Current window maximized

2023-01-18 12:26:06 - [TEST_STEP][PASSED] - setText(findTestObject("02-Side Icons(Organization)/Add Contact/Email Field"), "testuser02@mailinator.com"): Text 'testuser02@mailinator.com' is set on object 'Object Repository/02-Side Icons(Organization)/Add Contact/Email Field'

2023-01-18 12:26:08 - [MESSAGE][PASSED] - Text 'testuser02@mailinator.com' is set on object 'Object Repository/02-Side Icons(Organization)/Add Contact/Email Field'

2023-01-18 12:26:08 - [TEST_STEP][PASSED] - setEncryptedText(findTestObject("02-Side Icons(Organization)/Add Contact/Password Field"), "8yFRyszE6U6jvsCn51OQbg=="): Text ****** has been set on object 'Object Repository/02-Side Icons(Organization)/Add Contact/Password Field'

2023-01-18 12:26:09 - [MESSAGE][PASSED] - Text ****** has been set on object 'Object Repository/02-Side Icons(Organization)/Add Contact/Password Field'

2023-01-18 12:26:09 - [TEST_STEP][PASSED] - click(findTestObject("02-Side Icons(Organization)/Add Contact/button_Sign in")): Object: 'Object Repository/02-Side Icons(Organization)/Add Contact/button_Sign in' is clicked on

2023-01-18 12:26:10 - [MESSAGE][PASSED] - Object: 'Object Repository/02-Side Icons(Organization)/Add Contact/button_Sign in' is clicked on

2023-01-18 12:26:10 - [TEST_STEP][PASSED] - delay(3): Delayed 3 second(s)

2023-01-18 12:26:13 - [MESSAGE][PASSED] - Delayed 3 second(s)

2023-01-18 12:26:13 - [TEST_STEP][PASSED] - click(findTestObject("06-Teams/For 2FA/button_Confirm_2FA")): Object: 'Object Repository/06-Teams/For 2FA/button_Confirm_2FA' is clicked on

2023-01-18 12:26:14 - [MESSAGE][PASSED] - Object: 'Object Repository/06-Teams/For 2FA/button_Confirm_2FA' is clicked on

2023-01-18 12:26:14 - [TEST_STEP][PASSED] - executeJavaScript("window.open();", []): Execute JavaScript 'window.open();' successfully

2023-01-18 12:26:15 - [MESSAGE][PASSED] - Execute JavaScript 'window.open();' successfully

2023-01-18 12:26:15 - [TEST_STEP][PASSED] - currentWindow = getWindowIndex(): Current window's index is: 0

2023-01-18 12:26:15 - [MESSAGE][PASSED] - Current window's index is: 0

2023-01-18 12:26:15 - [TEST_STEP][PASSED] - delay(3): Delayed 3 second(s)

2023-01-18 12:26:18 - [MESSAGE][PASSED] - Delayed 3 second(s)

2023-01-18 12:26:18 - [TEST_STEP][PASSED] - switchToWindowIndex(currentWindow + 1): Switched to window with index: '1'

2023-01-18 12:26:18 - [MESSAGE][PASSED] - Switched to window with index: '1'

2023-01-18 12:26:18 - [TEST_STEP][PASSED] - navigateToUrl("https://www.mailinator.com/"): Navigate to 'https://www.mailinator.com/' successfully

2023-01-18 12:26:25 - [MESSAGE][PASSED] - Navigate to 'https://www.mailinator.com/' successfully

2023-01-18 12:26:25 - [TEST_STEP][PASSED] - delay(3): Delayed 3 second(s)

2023-01-18 12:26:28 - [MESSAGE][PASSED] - Delayed 3 second(s)

2023-01-18 12:26:28 - [TEST_STEP][PASSED] - setText(findTestObject("00-Signup and Activation/zMailinator/input_LOGIN_search"), "testuser02@mailinator.com"): Text 'testuser02@mailinator.com' is set on object 'Object Repository/00-Signup and Activation/zMailinator/input_LOGIN_search'

2023-01-18 12:26:30 - [MESSAGE][PASSED] - Text 'testuser02@mailinator.com' is set on object 'Object Repository/00-Signup and Activation/zMailinator/input_LOGIN_search'

2023-01-18 12:26:30 - [TEST_STEP][PASSED] - click(findTestObject("00-Signup and Activation/zMailinator/gobutton"), STOP_ON_FAILURE): Object: 'Object Repository/00-Signup and Activation/zMailinator/gobutton' is clicked on

2023-01-18 12:26:34 - [MESSAGE][PASSED] - Object: 'Object Repository/00-Signup and Activation/zMailinator/gobutton' is clicked on

2023-01-18 12:26:34 - [TEST_STEP][PASSED] - delay(3): Delayed 3 second(s)

2023-01-18 12:26:37 - [MESSAGE][PASSED] - Delayed 3 second(s)

2023-01-18 12:26:37 - [TEST_STEP][PASSED] - click(findTestObject("00-Signup and Activation/zMailinator/Email - everleagues")): Object: 'Object Repository/00-Signup and Activation/zMailinator/Email - everleagues' is clicked on

2023-01-18 12:26:38 - [MESSAGE][PASSED] - Object: 'Object Repository/00-Signup and Activation/zMailinator/Email - everleagues' is clicked on

2023-01-18 12:26:38 - [TEST_STEP][PASSED] - delay(3): Delayed 3 second(s)

2023-01-18 12:26:41 - [MESSAGE][PASSED] - Delayed 3 second(s)

2023-01-18 12:26:41 - [TEST_STEP][PASSED] - code = getText(findTestObject("Object Repository/06-Teams/For 2FA/2FA code")): Text of object 'Object Repository/06-Teams/For 2FA/2FA code' is: '809582'

2023-01-18 12:26:42 - [MESSAGE][PASSED] - Text of object 'Object Repository/06-Teams/For 2FA/2FA code' is: '809582'

2023-01-18 12:26:42 - [TEST_STEP][PASSED] - delay(3): Delayed 3 second(s)

2023-01-18 12:26:45 - [MESSAGE][PASSED] - Delayed 3 second(s)

2023-01-18 12:26:45 - [TEST_STEP][PASSED] - closeWindowTitle("Mailinator"): Window with title: 'Mailinator' is closed

2023-01-18 12:26:45 - [MESSAGE][PASSED] - Window with title: 'Mailinator' is closed

2023-01-18 12:26:45 - [TEST_STEP][PASSED] - delay(3): Delayed 3 second(s)

2023-01-18 12:26:48 - [MESSAGE][PASSED] - Delayed 3 second(s)

2023-01-18 12:26:48 - [TEST_STEP][PASSED] - switchToWindowIndex(0): Switched to window with index: '0'

2023-01-18 12:26:48 - [MESSAGE][PASSED] - Switched to window with index: '0'

2023-01-18 12:26:48 - [TEST_STEP][PASSED] - delay(3): Delayed 3 second(s)

2023-01-18 12:26:51 - [MESSAGE][PASSED] - Delayed 3 second(s)

2023-01-18 12:26:51 - [TEST_STEP][PASSED] - setText(findTestObject("Object Repository/06-Teams/For 2FA/input_Enter verification code_code"), code): Text '809582' is set on object 'Object Repository/06-Teams/For 2FA/input_Enter verification code_code'

2023-01-18 12:26:53 - [MESSAGE][PASSED] - Text '809582' is set on object 'Object Repository/06-Teams/For 2FA/input_Enter verification code_code'

2023-01-18 12:26:53 - [TEST_STEP][PASSED] - delay(3): Delayed 3 second(s)

2023-01-18 12:26:56 - [MESSAGE][PASSED] - Delayed 3 second(s)

2023-01-18 12:26:56 - [TEST_STEP][PASSED] - click(findTestObject("06-Teams/For 2FA/button_Verify_2FA")): Object: 'Object Repository/06-Teams/For 2FA/button_Verify_2FA' is clicked on

2023-01-18 12:26:57 - [MESSAGE][PASSED] - Object: 'Object Repository/06-Teams/For 2FA/button_Verify_2FA' is clicked on

2023-01-18 12:26:57 - [TEST_STEP][PASSED] - delay(5): Delayed 5 second(s)

2023-01-18 12:27:02 - [MESSAGE][PASSED] - Delayed 5 second(s)

2023-01-18 12:27:02 - [TEST_STEP][PASSED] - click(findTestObject("03-Header Menu/Hamburger Button/div_Directory")): Object: 'Object Repository/03-Header Menu/Hamburger Button/div_Directory' is clicked on

2023-01-18 12:27:05 - [MESSAGE][PASSED] - Object: 'Object Repository/03-Header Menu/Hamburger Button/div_Directory' is clicked on

2023-01-18 12:27:05 - [TEST_STEP][PASSED] - delay(3): Delayed 3 second(s)

2023-01-18 12:27:08 - [MESSAGE][PASSED] - Delayed 3 second(s)

2023-01-18 12:27:08 - [TEST_STEP][PASSED] - verifyElementVisible(findTestObject("07-Directory/Connections/div_Connections")): Object 'Object Repository/07-Directory/Connections/div_Connections' is visible

2023-01-18 12:27:09 - [MESSAGE][PASSED] - Object 'Object Repository/07-Directory/Connections/div_Connections' is visible

2023-01-18 12:27:09 - [TEST_STEP][PASSED] - verifyElementVisible(findTestObject("07-Directory/Connections/div_Labels")): Object 'Object Repository/07-Directory/Connections/div_Labels' is visible

2023-01-18 12:27:09 - [MESSAGE][PASSED] - Object 'Object Repository/07-Directory/Connections/div_Labels' is visible

2023-01-18 12:27:09 - [TEST_STEP][PASSED] - delay(3): Delayed 3 second(s)

2023-01-18 12:27:12 - [MESSAGE][PASSED] - Delayed 3 second(s)

2023-01-18 12:27:12 - [TEST_STEP][PASSED] - click(findTestObject("07-Directory/Connections/div_Connections")): Object: 'Object Repository/07-Directory/Connections/div_Connections' is clicked on

2023-01-18 12:27:13 - [MESSAGE][PASSED] - Object: 'Object Repository/07-Directory/Connections/div_Connections' is clicked on

2023-01-18 12:27:13 - [TEST_STEP][PASSED] - delay(3): Delayed 3 second(s)

2023-01-18 12:27:16 - [MESSAGE][PASSED] - Delayed 3 second(s)

2023-01-18 12:27:17 - [TEST_STEP][PASSED] - verifyElementVisible(findTestObject("07-Directory/Connections/h4_CONNECTIONS")): Object 'Object Repository/07-Directory/Connections/h4_CONNECTIONS' is visible

2023-01-18 12:27:17 - [MESSAGE][PASSED] - Object 'Object Repository/07-Directory/Connections/h4_CONNECTIONS' is visible

2023-01-18 12:27:17 - [TEST_STEP][PASSED] - verifyElementVisible(findTestObject("07-Directory/Connections/h5_Save your contacts here and throw your business cards away")): Object 'Object Repository/07-Directory/Connections/h5_Save your contacts here and throw your business cards away' is visible

2023-01-18 12:27:18 - [MESSAGE][PASSED] - Object 'Object Repository/07-Directory/Connections/h5_Save your contacts here and throw your business cards away' is visible

2023-01-18 12:27:18 - [TEST_STEP][PASSED] - verifyElementVisible(findTestObject("07-Directory/Connections/button_search")): Object 'Object Repository/07-Directory/Connections/button_search' is visible

2023-01-18 12:27:19 - [MESSAGE][PASSED] - Object 'Object Repository/07-Directory/Connections/button_search' is visible

2023-01-18 12:27:19 - [TEST_STEP][PASSED] - verifyElementVisible(findTestObject("07-Directory/Connections/button_add new contact")): Object 'Object Repository/07-Directory/Connections/button_add new contact' is visible

2023-01-18 12:27:20 - [MESSAGE][PASSED] - Object 'Object Repository/07-Directory/Connections/button_add new contact' is visible

2023-01-18 12:27:20 - [TEST_STEP][PASSED] - verifyElementVisible(findTestObject("07-Directory/Connections/button_Filter")): Object 'Object Repository/07-Directory/Connections/button_Filter' is visible

2023-01-18 12:27:21 - [MESSAGE][PASSED] - Object 'Object Repository/07-Directory/Connections/button_Filter' is visible

2023-01-18 12:27:21 - [TEST_STEP][PASSED] - delay(3): Delayed 3 second(s)

2023-01-18 12:27:24 - [MESSAGE][PASSED] - Delayed 3 second(s)

2023-01-18 12:27:24 - [TEST_STEP][PASSED] - click(findTestObject("07-Directory/Connections/button_add new contact")): Object: 'Object Repository/07-Directory/Connections/button_add new contact' is clicked on

2023-01-18 12:27:26 - [MESSAGE][PASSED] - Object: 'Object Repository/07-Directory/Connections/button_add new contact' is clicked on

2023-01-18 12:27:26 - [TEST_STEP][PASSED] - delay(3): Delayed 3 second(s)

2023-01-18 12:27:29 - [MESSAGE][PASSED] - Delayed 3 second(s)

2023-01-18 12:27:29 - [TEST_STEP][PASSED] - click(findTestObject("07-Directory/Connections/input_Type_email")): Object: 'Object Repository/07-Directory/Connections/input_Type_email' is clicked on

2023-01-18 12:27:30 - [MESSAGE][PASSED] - Object: 'Object Repository/07-Directory/Connections/input_Type_email' is clicked on

2023-01-18 12:27:30 - [TEST_STEP][PASSED] - verifyElementVisible(findTestObject("07-Directory/Connections/Add new contact modal")): Object 'Object Repository/07-Directory/Connections/Add new contact modal' is visible

2023-01-18 12:27:31 - [MESSAGE][PASSED] - Object 'Object Repository/07-Directory/Connections/Add new contact modal' is visible

2023-01-18 12:27:31 - [TEST_STEP][PASSED] - delay(3): Delayed 3 second(s)

2023-01-18 12:27:34 - [MESSAGE][PASSED] - Delayed 3 second(s)

2023-01-18 12:27:34 - [TEST_STEP][PASSED] - click(findTestObject("07-Directory/Connections/input_firstName")): Object: 'Object Repository/07-Directory/Connections/input_firstName' is clicked on

2023-01-18 12:27:35 - [MESSAGE][PASSED] - Object: 'Object Repository/07-Directory/Connections/input_firstName' is clicked on

2023-01-18 12:27:35 - [TEST_STEP][PASSED] - click(findTestObject("07-Directory/Connections/input_lastName")): Object: 'Object Repository/07-Directory/Connections/input_lastName' is clicked on

2023-01-18 12:27:37 - [MESSAGE][PASSED] - Object: 'Object Repository/07-Directory/Connections/input_lastName' is clicked on

2023-01-18 12:27:37 - [TEST_STEP][PASSED] - click(findTestObject("07-Directory/Connections/input_Type_email")): Object: 'Object Repository/07-Directory/Connections/input_Type_email' is clicked on

2023-01-18 12:27:38 - [MESSAGE][PASSED] - Object: 'Object Repository/07-Directory/Connections/input_Type_email' is clicked on

2023-01-18 12:27:38 - [TEST_STEP][PASSED] - delay(3): Delayed 3 second(s)

2023-01-18 12:27:41 - [MESSAGE][PASSED] - Delayed 3 second(s)

2023-01-18 12:27:41 - [TEST_STEP][PASSED] - verifyElementVisible(findTestObject("07-Directory/Connections/div_First Name Field is required")): Object 'Object Repository/07-Directory/Connections/div_First Name Field is required' is visible

2023-01-18 12:27:42 - [MESSAGE][PASSED] - Object 'Object Repository/07-Directory/Connections/div_First Name Field is required' is visible

2023-01-18 12:27:42 - [TEST_STEP][PASSED] - verifyElementVisible(findTestObject("07-Directory/Connections/div_Last Name Field is required")): Object 'Object Repository/07-Directory/Connections/div_Last Name Field is required' is visible

2023-01-18 12:27:42 - [MESSAGE][PASSED] - Object 'Object Repository/07-Directory/Connections/div_Last Name Field is required' is visible

2023-01-18 12:27:43 - [TEST_STEP][PASSED] - verifyElementNotClickable(findTestObject("07-Directory/Connections/button_Create")): Object 'Object Repository/07-Directory/Connections/button_Create' is NOT clickable

2023-01-18 12:27:44 - [MESSAGE][PASSED] - Object 'Object Repository/07-Directory/Connections/button_Create' is NOT clickable

2023-01-18 12:27:44 - [TEST_STEP][PASSED] - delay(3): Delayed 3 second(s)

2023-01-18 12:27:47 - [MESSAGE][PASSED] - Delayed 3 second(s)]]></system-out>
         <system-err><![CDATA[]]></system-err>
      </testcase>
      <testcase name="Test Cases/07-Directory/02 -Connections - Add New Contact (Fill out required field)" time="14.053" classname="Test Cases/07-Directory/02 -Connections - Add New Contact (Fill out required field)" status="PASSED">
         <system-out><![CDATA[2023-01-18 12:27:47 - [TEST_CASE][PASSED] - Test Cases/07-Directory/02 -Connections - Add New Contact (Fill out required field): Test Cases/07-Directory/02 -Connections - Add New Contact (Fill out required field)

2023-01-18 12:27:49 - [TEST_STEP][PASSED] - setText(findTestObject("07-Directory/Connections/input_firstName"), "GG"): Text 'GG' is set on object 'Object Repository/07-Directory/Connections/input_firstName'

2023-01-18 12:27:51 - [MESSAGE][PASSED] - Text 'GG' is set on object 'Object Repository/07-Directory/Connections/input_firstName'

2023-01-18 12:27:51 - [TEST_STEP][PASSED] - setText(findTestObject("07-Directory/Connections/input_lastName"), "Auto"): Text 'Auto' is set on object 'Object Repository/07-Directory/Connections/input_lastName'

2023-01-18 12:27:52 - [MESSAGE][PASSED] - Text 'Auto' is set on object 'Object Repository/07-Directory/Connections/input_lastName'

2023-01-18 12:27:52 - [TEST_STEP][PASSED] - setText(findTestObject("07-Directory/Connections/input_Type_email"), "autotester02@mailinator.com"): Text 'autotester02@mailinator.com' is set on object 'Object Repository/07-Directory/Connections/input_Type_email'

2023-01-18 12:27:54 - [MESSAGE][PASSED] - Text 'autotester02@mailinator.com' is set on object 'Object Repository/07-Directory/Connections/input_Type_email'

2023-01-18 12:27:54 - [TEST_STEP][PASSED] - click(findTestObject("07-Directory/Connections/input_Type_phone")): Object: 'Object Repository/07-Directory/Connections/input_Type_phone' is clicked on

2023-01-18 12:27:55 - [MESSAGE][PASSED] - Object: 'Object Repository/07-Directory/Connections/input_Type_phone' is clicked on

2023-01-18 12:27:55 - [TEST_STEP][PASSED] - click(findTestObject("07-Directory/Connections/button_area code")): Object: 'Object Repository/07-Directory/Connections/button_area code' is clicked on

2023-01-18 12:27:58 - [MESSAGE][PASSED] - Object: 'Object Repository/07-Directory/Connections/button_area code' is clicked on

2023-01-18 12:27:58 - [TEST_STEP][PASSED] - delay(3): Delayed 3 second(s)

2023-01-18 12:28:01 - [MESSAGE][PASSED] - Delayed 3 second(s)]]></system-out>
         <system-err><![CDATA[]]></system-err>
      </testcase>
      <testcase name="Test Cases/07-Directory/03 -Connections - Add New Contact (add phone number)" time="11.731" classname="Test Cases/07-Directory/03 -Connections - Add New Contact (add phone number)" status="PASSED">
         <system-out><![CDATA[2023-01-18 12:28:01 - [TEST_CASE][PASSED] - Test Cases/07-Directory/03 -Connections - Add New Contact (add phone number): Test Cases/07-Directory/03 -Connections - Add New Contact (add phone number)

2023-01-18 12:28:03 - [TEST_STEP][PASSED] - verifyElementVisible(findTestObject("07-Directory/Connections/area code modal")): Object 'Object Repository/07-Directory/Connections/area code modal' is visible

2023-01-18 12:28:04 - [MESSAGE][PASSED] - Object 'Object Repository/07-Directory/Connections/area code modal' is visible

2023-01-18 12:28:04 - [TEST_STEP][PASSED] - click(findTestObject("07-Directory/Connections/button_Australia")): Object: 'Object Repository/07-Directory/Connections/button_Australia' is clicked on

2023-01-18 12:28:05 - [MESSAGE][PASSED] - Object: 'Object Repository/07-Directory/Connections/button_Australia' is clicked on

2023-01-18 12:28:05 - [TEST_STEP][PASSED] - delay(3): Delayed 3 second(s)

2023-01-18 12:28:08 - [MESSAGE][PASSED] - Delayed 3 second(s)

2023-01-18 12:28:08 - [TEST_STEP][PASSED] - setText(findTestObject("07-Directory/Connections/input_Type_phone"), "488827341"): Text '488827341' is set on object 'Object Repository/07-Directory/Connections/input_Type_phone'

2023-01-18 12:28:10 - [MESSAGE][PASSED] - Text '488827341' is set on object 'Object Repository/07-Directory/Connections/input_Type_phone'

2023-01-18 12:28:10 - [TEST_STEP][PASSED] - delay(3): Delayed 3 second(s)

2023-01-18 12:28:13 - [MESSAGE][PASSED] - Delayed 3 second(s)]]></system-out>
         <system-err><![CDATA[]]></system-err>
      </testcase>
      <testcase name="Test Cases/07-Directory/04 -Connections - Add New Contact (address required fields blank)" time="42.26" classname="Test Cases/07-Directory/04 -Connections - Add New Contact (address required fields blank)" status="PASSED">
         <system-out><![CDATA[2023-01-18 12:28:13 - [TEST_CASE][PASSED] - Test Cases/07-Directory/04 -Connections - Add New Contact (address required fields blank): Test Cases/07-Directory/04 -Connections - Add New Contact (address required fields blank)

2023-01-18 12:28:15 - [TEST_STEP][PASSED] - scrollToElement(findTestObject("07-Directory/Connections/button_add_address"), 0): Scroll to object 'Object Repository/07-Directory/Connections/button_add_address' successfully

2023-01-18 12:28:15 - [MESSAGE][WARNING] - Timeout '0' is invalid. Using default page load timeout: '30'

2023-01-18 12:28:16 - [MESSAGE][PASSED] - Scroll to object 'Object Repository/07-Directory/Connections/button_add_address' successfully

2023-01-18 12:28:16 - [TEST_STEP][PASSED] - click(findTestObject("07-Directory/Connections/button_add_address")): Object: 'Object Repository/07-Directory/Connections/button_add_address' is clicked on

2023-01-18 12:28:17 - [MESSAGE][PASSED] - Object: 'Object Repository/07-Directory/Connections/button_add_address' is clicked on

2023-01-18 12:28:17 - [TEST_STEP][PASSED] - click(findTestObject("07-Directory/Connections/button_add_address")): Object: 'Object Repository/07-Directory/Connections/button_add_address' is clicked on

2023-01-18 12:28:19 - [MESSAGE][PASSED] - Object: 'Object Repository/07-Directory/Connections/button_add_address' is clicked on

2023-01-18 12:28:19 - [TEST_STEP][PASSED] - verifyElementVisible(findTestObject("07-Directory/Connections/Edit address modal")): Object 'Object Repository/07-Directory/Connections/Edit address modal' is visible

2023-01-18 12:28:21 - [MESSAGE][PASSED] - Object 'Object Repository/07-Directory/Connections/Edit address modal' is visible

2023-01-18 12:28:21 - [TEST_STEP][PASSED] - delay(3): Delayed 3 second(s)

2023-01-18 12:28:24 - [MESSAGE][PASSED] - Delayed 3 second(s)

2023-01-18 12:28:24 - [TEST_STEP][PASSED] - click(findTestObject("07-Directory/Connections/input_Edit Address_street1")): Object: 'Object Repository/07-Directory/Connections/input_Edit Address_street1' is clicked on

2023-01-18 12:28:25 - [MESSAGE][PASSED] - Object: 'Object Repository/07-Directory/Connections/input_Edit Address_street1' is clicked on

2023-01-18 12:28:25 - [TEST_STEP][PASSED] - click(findTestObject("07-Directory/Connections/input_Street 1_street2")): Object: 'Object Repository/07-Directory/Connections/input_Street 1_street2' is clicked on

2023-01-18 12:28:27 - [MESSAGE][PASSED] - Object: 'Object Repository/07-Directory/Connections/input_Street 1_street2' is clicked on

2023-01-18 12:28:27 - [TEST_STEP][PASSED] - click(findTestObject("07-Directory/Connections/input_Street 2_postcode")): Object: 'Object Repository/07-Directory/Connections/input_Street 2_postcode' is clicked on

2023-01-18 12:28:28 - [MESSAGE][PASSED] - Object: 'Object Repository/07-Directory/Connections/input_Street 2_postcode' is clicked on

2023-01-18 12:28:28 - [TEST_STEP][PASSED] - click(findTestObject("07-Directory/Connections/input_Zip  Postal Code_city")): Object: 'Object Repository/07-Directory/Connections/input_Zip  Postal Code_city' is clicked on

2023-01-18 12:28:29 - [MESSAGE][PASSED] - Object: 'Object Repository/07-Directory/Connections/input_Zip  Postal Code_city' is clicked on

2023-01-18 12:28:29 - [TEST_STEP][PASSED] - click(findTestObject("07-Directory/Connections/input_City_state")): Object: 'Object Repository/07-Directory/Connections/input_City_state' is clicked on

2023-01-18 12:28:30 - [MESSAGE][PASSED] - Object: 'Object Repository/07-Directory/Connections/input_City_state' is clicked on

2023-01-18 12:28:30 - [TEST_STEP][PASSED] - click(findTestObject("07-Directory/Connections/input_State_country")): Object: 'Object Repository/07-Directory/Connections/input_State_country' is clicked on

2023-01-18 12:28:31 - [MESSAGE][PASSED] - Object: 'Object Repository/07-Directory/Connections/input_State_country' is clicked on

2023-01-18 12:28:31 - [TEST_STEP][PASSED] - doubleClick(findTestObject("07-Directory/Connections/input_Edit Address_street1"), STOP_ON_FAILURE): Object: 'Object Repository/07-Directory/Connections/input_Edit Address_street1' is double clicked on

2023-01-18 12:28:33 - [MESSAGE][PASSED] - Object: 'Object Repository/07-Directory/Connections/input_Edit Address_street1' is double clicked on

2023-01-18 12:28:33 - [TEST_STEP][PASSED] - scrollToElement(findTestObject("07-Directory/Connections/input_Country_addressLabel"), 0): Scroll to object 'Object Repository/07-Directory/Connections/input_Country_addressLabel' successfully

2023-01-18 12:28:33 - [MESSAGE][WARNING] - Timeout '0' is invalid. Using default page load timeout: '30'

2023-01-18 12:28:33 - [MESSAGE][PASSED] - Scroll to object 'Object Repository/07-Directory/Connections/input_Country_addressLabel' successfully

2023-01-18 12:28:33 - [TEST_STEP][PASSED] - click(findTestObject("07-Directory/Connections/input_Country_addressLabel")): Object: 'Object Repository/07-Directory/Connections/input_Country_addressLabel' is clicked on

2023-01-18 12:28:35 - [MESSAGE][PASSED] - Object: 'Object Repository/07-Directory/Connections/input_Country_addressLabel' is clicked on

2023-01-18 12:28:35 - [TEST_STEP][PASSED] - delay(3): Delayed 3 second(s)

2023-01-18 12:28:38 - [MESSAGE][PASSED] - Delayed 3 second(s)

2023-01-18 12:28:38 - [TEST_STEP][PASSED] - verifyElementVisible(findTestObject("07-Directory/Connections/span_Work")): Object 'Object Repository/07-Directory/Connections/span_Work' is visible

2023-01-18 12:28:39 - [MESSAGE][PASSED] - Object 'Object Repository/07-Directory/Connections/span_Work' is visible

2023-01-18 12:28:39 - [TEST_STEP][PASSED] - verifyElementVisible(findTestObject("07-Directory/Connections/span_Personal")): Object 'Object Repository/07-Directory/Connections/span_Personal' is visible

2023-01-18 12:28:40 - [MESSAGE][PASSED] - Object 'Object Repository/07-Directory/Connections/span_Personal' is visible

2023-01-18 12:28:40 - [TEST_STEP][PASSED] - verifyElementVisible(findTestObject("07-Directory/Connections/span_Other")): Object 'Object Repository/07-Directory/Connections/span_Other' is visible

2023-01-18 12:28:40 - [MESSAGE][PASSED] - Object 'Object Repository/07-Directory/Connections/span_Other' is visible

2023-01-18 12:28:40 - [TEST_STEP][PASSED] - delay(3): Delayed 3 second(s)

2023-01-18 12:28:44 - [MESSAGE][PASSED] - Delayed 3 second(s)

2023-01-18 12:28:44 - [TEST_STEP][PASSED] - click(findTestObject("07-Directory/Connections/h4_Edit Address")): Object: 'Object Repository/07-Directory/Connections/h4_Edit Address' is clicked on

2023-01-18 12:28:45 - [MESSAGE][PASSED] - Object: 'Object Repository/07-Directory/Connections/h4_Edit Address' is clicked on

2023-01-18 12:28:45 - [TEST_STEP][PASSED] - delay(3): Delayed 3 second(s)

2023-01-18 12:28:48 - [MESSAGE][PASSED] - Delayed 3 second(s)

2023-01-18 12:28:48 - [TEST_STEP][PASSED] - scrollToElement(findTestObject("07-Directory/Connections/street 1 error"), 0): Scroll to object 'Object Repository/07-Directory/Connections/street 1 error' successfully

2023-01-18 12:28:48 - [MESSAGE][WARNING] - Timeout '0' is invalid. Using default page load timeout: '30'

2023-01-18 12:28:48 - [MESSAGE][PASSED] - Scroll to object 'Object Repository/07-Directory/Connections/street 1 error' successfully

2023-01-18 12:28:48 - [TEST_STEP][PASSED] - verifyElementVisible(findTestObject("07-Directory/Connections/street 1 error")): Object 'Object Repository/07-Directory/Connections/street 1 error' is visible

2023-01-18 12:28:49 - [MESSAGE][PASSED] - Object 'Object Repository/07-Directory/Connections/street 1 error' is visible

2023-01-18 12:28:49 - [TEST_STEP][PASSED] - verifyElementVisible(findTestObject("07-Directory/Connections/post code error")): Object 'Object Repository/07-Directory/Connections/post code error' is visible

2023-01-18 12:28:50 - [MESSAGE][PASSED] - Object 'Object Repository/07-Directory/Connections/post code error' is visible

2023-01-18 12:28:50 - [TEST_STEP][PASSED] - verifyElementVisible(findTestObject("07-Directory/Connections/city error")): Object 'Object Repository/07-Directory/Connections/city error' is visible

2023-01-18 12:28:51 - [MESSAGE][PASSED] - Object 'Object Repository/07-Directory/Connections/city error' is visible

2023-01-18 12:28:51 - [TEST_STEP][PASSED] - verifyElementVisible(findTestObject("07-Directory/Connections/state error")): Object 'Object Repository/07-Directory/Connections/state error' is visible

2023-01-18 12:28:52 - [MESSAGE][PASSED] - Object 'Object Repository/07-Directory/Connections/state error' is visible

2023-01-18 12:28:52 - [TEST_STEP][PASSED] - delay(3): Delayed 3 second(s)

2023-01-18 12:28:55 - [MESSAGE][PASSED] - Delayed 3 second(s)]]></system-out>
         <system-err><![CDATA[]]></system-err>
      </testcase>
      <testcase name="Test Cases/07-Directory/05 -Connections - Add New Contact (add address successfully and add new contact successfully)" time="32.176" classname="Test Cases/07-Directory/05 -Connections - Add New Contact (add address successfully and add new contact successfully)" status="PASSED">
         <system-out><![CDATA[2023-01-18 12:28:55 - [TEST_CASE][PASSED] - Test Cases/07-Directory/05 -Connections - Add New Contact (add address successfully and add new contact successfully): Test Cases/07-Directory/05 -Connections - Add New Contact (add address successfully and add new contact successfully)

2023-01-18 12:28:58 - [TEST_STEP][PASSED] - setText(findTestObject("07-Directory/Connections/input_Edit Address_street1"), "Auto street 1"): Text 'Auto street 1' is set on object 'Object Repository/07-Directory/Connections/input_Edit Address_street1'

2023-01-18 12:29:01 - [MESSAGE][PASSED] - Text 'Auto street 1' is set on object 'Object Repository/07-Directory/Connections/input_Edit Address_street1'

2023-01-18 12:29:01 - [TEST_STEP][PASSED] - setText(findTestObject("07-Directory/Connections/input_Street 1_street2"), "Auto street 2"): Text 'Auto street 2' is set on object 'Object Repository/07-Directory/Connections/input_Street 1_street2'

2023-01-18 12:29:03 - [MESSAGE][PASSED] - Text 'Auto street 2' is set on object 'Object Repository/07-Directory/Connections/input_Street 1_street2'

2023-01-18 12:29:03 - [TEST_STEP][PASSED] - setText(findTestObject("07-Directory/Connections/input_Street 2_postcode"), "54321"): Text '54321' is set on object 'Object Repository/07-Directory/Connections/input_Street 2_postcode'

2023-01-18 12:29:05 - [MESSAGE][PASSED] - Text '54321' is set on object 'Object Repository/07-Directory/Connections/input_Street 2_postcode'

2023-01-18 12:29:05 - [TEST_STEP][PASSED] - setText(findTestObject("07-Directory/Connections/input_Zip  Postal Code_city"), "Auto city"): Text 'Auto city' is set on object 'Object Repository/07-Directory/Connections/input_Zip  Postal Code_city'

2023-01-18 12:29:07 - [MESSAGE][PASSED] - Text 'Auto city' is set on object 'Object Repository/07-Directory/Connections/input_Zip  Postal Code_city'

2023-01-18 12:29:07 - [TEST_STEP][PASSED] - setText(findTestObject("07-Directory/Connections/input_City_state"), "Auto state"): Text 'Auto state' is set on object 'Object Repository/07-Directory/Connections/input_City_state'

2023-01-18 12:29:09 - [MESSAGE][PASSED] - Text 'Auto state' is set on object 'Object Repository/07-Directory/Connections/input_City_state'

2023-01-18 12:29:09 - [TEST_STEP][PASSED] - click(findTestObject("07-Directory/Connections/input_State_country"), STOP_ON_FAILURE): Object: 'Object Repository/07-Directory/Connections/input_State_country' is clicked on

2023-01-18 12:29:10 - [MESSAGE][PASSED] - Object: 'Object Repository/07-Directory/Connections/input_State_country' is clicked on

2023-01-18 12:29:10 - [TEST_STEP][PASSED] - click(findTestObject("07-Directory/Connections/option_united states"), STOP_ON_FAILURE): Object: 'Object Repository/07-Directory/Connections/option_united states' is clicked on

2023-01-18 12:29:11 - [MESSAGE][PASSED] - Object: 'Object Repository/07-Directory/Connections/option_united states' is clicked on

2023-01-18 12:29:11 - [TEST_STEP][PASSED] - scrollToElement(findTestObject("07-Directory/Connections/input_Country_addressLabel"), 0): Scroll to object 'Object Repository/07-Directory/Connections/input_Country_addressLabel' successfully

2023-01-18 12:29:12 - [MESSAGE][WARNING] - Timeout '0' is invalid. Using default page load timeout: '30'

2023-01-18 12:29:12 - [MESSAGE][PASSED] - Scroll to object 'Object Repository/07-Directory/Connections/input_Country_addressLabel' successfully

2023-01-18 12:29:12 - [TEST_STEP][PASSED] - click(findTestObject("07-Directory/Connections/input_Country_addressLabel"), STOP_ON_FAILURE): Object: 'Object Repository/07-Directory/Connections/input_Country_addressLabel' is clicked on

2023-01-18 12:29:13 - [MESSAGE][PASSED] - Object: 'Object Repository/07-Directory/Connections/input_Country_addressLabel' is clicked on

2023-01-18 12:29:13 - [TEST_STEP][PASSED] - delay(3): Delayed 3 second(s)

2023-01-18 12:29:16 - [MESSAGE][PASSED] - Delayed 3 second(s)

2023-01-18 12:29:16 - [TEST_STEP][PASSED] - click(findTestObject("07-Directory/Connections/span_Work")): Object: 'Object Repository/07-Directory/Connections/span_Work' is clicked on

2023-01-18 12:29:17 - [MESSAGE][PASSED] - Object: 'Object Repository/07-Directory/Connections/span_Work' is clicked on

2023-01-18 12:29:17 - [TEST_STEP][PASSED] - click(findTestObject("07-Directory/Connections/address_Save")): Object: 'Object Repository/07-Directory/Connections/address_Save' is clicked on

2023-01-18 12:29:18 - [MESSAGE][PASSED] - Object: 'Object Repository/07-Directory/Connections/address_Save' is clicked on

2023-01-18 12:29:18 - [TEST_STEP][PASSED] - delay(3): Delayed 3 second(s)

2023-01-18 12:29:21 - [MESSAGE][PASSED] - Delayed 3 second(s)

2023-01-18 12:29:21 - [TEST_STEP][PASSED] - verifyElementVisible(findTestObject("07-Directory/Connections/added address")): Object 'Object Repository/07-Directory/Connections/added address' is visible

2023-01-18 12:29:22 - [MESSAGE][PASSED] - Object 'Object Repository/07-Directory/Connections/added address' is visible

2023-01-18 12:29:22 - [TEST_STEP][PASSED] - click(findTestObject("07-Directory/Connections/button_Create")): Object: 'Object Repository/07-Directory/Connections/button_Create' is clicked on

2023-01-18 12:29:23 - [MESSAGE][PASSED] - Object: 'Object Repository/07-Directory/Connections/button_Create' is clicked on

2023-01-18 12:29:23 - [TEST_STEP][PASSED] - delay(3): Delayed 3 second(s)

2023-01-18 12:29:26 - [MESSAGE][PASSED] - Delayed 3 second(s)

2023-01-18 12:29:26 - [TEST_STEP][PASSED] - verifyElementVisible(findTestObject("07-Directory/Connections/div_added user")): Object 'Object Repository/07-Directory/Connections/div_added user' is visible

2023-01-18 12:29:28 - [MESSAGE][PASSED] - Object 'Object Repository/07-Directory/Connections/div_added user' is visible]]></system-out>
         <system-err><![CDATA[]]></system-err>
      </testcase>
      <testcase name="Test Cases/07-Directory/06- Connections - Invite contact as new user" time="37.218" classname="Test Cases/07-Directory/06- Connections - Invite contact as new user" status="PASSED">
         <system-out><![CDATA[2023-01-18 12:29:28 - [TEST_CASE][PASSED] - Test Cases/07-Directory/06- Connections - Invite contact as new user: Test Cases/07-Directory/06- Connections - Invite contact as new user

2023-01-18 12:29:30 - [TEST_STEP][PASSED] - delay(3): Delayed 3 second(s)

2023-01-18 12:29:33 - [MESSAGE][PASSED] - Delayed 3 second(s)

2023-01-18 12:29:33 - [TEST_STEP][PASSED] - click(findTestObject("07-Directory/Connections/div_added user")): Object: 'Object Repository/07-Directory/Connections/div_added user' is clicked on

2023-01-18 12:29:34 - [MESSAGE][PASSED] - Object: 'Object Repository/07-Directory/Connections/div_added user' is clicked on

2023-01-18 12:29:34 - [TEST_STEP][PASSED] - click(findTestObject("07-Directory/Connections/zContact Profile/button_invite")): Object: 'Object Repository/07-Directory/Connections/zContact Profile/button_invite' is clicked on

2023-01-18 12:29:36 - [MESSAGE][PASSED] - Object: 'Object Repository/07-Directory/Connections/zContact Profile/button_invite' is clicked on

2023-01-18 12:29:36 - [TEST_STEP][PASSED] - delay(3): Delayed 3 second(s)

2023-01-18 12:29:39 - [MESSAGE][PASSED] - Delayed 3 second(s)

2023-01-18 12:29:39 - [TEST_STEP][PASSED] - verifyElementVisible(findTestObject("07-Directory/Connections/zContact Profile/Invite new user modal")): Object 'Object Repository/07-Directory/Connections/zContact Profile/Invite new user modal' is visible

2023-01-18 12:29:40 - [MESSAGE][PASSED] - Object 'Object Repository/07-Directory/Connections/zContact Profile/Invite new user modal' is visible

2023-01-18 12:29:40 - [TEST_STEP][PASSED] - verifyElementNotClickable(findTestObject("07-Directory/Connections/zContact Profile/button_Send Invitation")): Object 'Object Repository/07-Directory/Connections/zContact Profile/button_Send Invitation' is NOT clickable

2023-01-18 12:29:41 - [MESSAGE][PASSED] - Object 'Object Repository/07-Directory/Connections/zContact Profile/button_Send Invitation' is NOT clickable

2023-01-18 12:29:41 - [TEST_STEP][PASSED] - delay(3): Delayed 3 second(s)

2023-01-18 12:29:44 - [MESSAGE][PASSED] - Delayed 3 second(s)

2023-01-18 12:29:44 - [TEST_STEP][PASSED] - click(findTestObject("07-Directory/Connections/zContact Profile/Role")): Object: 'Object Repository/07-Directory/Connections/zContact Profile/Role' is clicked on

2023-01-18 12:29:46 - [MESSAGE][PASSED] - Object: 'Object Repository/07-Directory/Connections/zContact Profile/Role' is clicked on

2023-01-18 12:29:46 - [TEST_STEP][PASSED] - clickOffset(findTestObject("07-Directory/Connections/zContact Profile/h4_Invite New User"), 100, 100): Object: 'Object Repository/07-Directory/Connections/zContact Profile/h4_Invite New User' is clicked on using offset x=100 and y=100

2023-01-18 12:29:48 - [MESSAGE][PASSED] - Object: 'Object Repository/07-Directory/Connections/zContact Profile/h4_Invite New User' is clicked on using offset x=100 and y=100

2023-01-18 12:29:48 - [TEST_STEP][PASSED] - verifyElementVisible(findTestObject("07-Directory/Connections/zContact Profile/Select a role error")): Object 'Object Repository/07-Directory/Connections/zContact Profile/Select a role error' is visible

2023-01-18 12:29:49 - [MESSAGE][PASSED] - Object 'Object Repository/07-Directory/Connections/zContact Profile/Select a role error' is visible

2023-01-18 12:29:49 - [TEST_STEP][PASSED] - delay(3): Delayed 3 second(s)

2023-01-18 12:29:52 - [MESSAGE][PASSED] - Delayed 3 second(s)

2023-01-18 12:29:52 - [TEST_STEP][PASSED] - click(findTestObject("07-Directory/Connections/zContact Profile/Role")): Object: 'Object Repository/07-Directory/Connections/zContact Profile/Role' is clicked on

2023-01-18 12:29:52 - [MESSAGE][PASSED] - Object: 'Object Repository/07-Directory/Connections/zContact Profile/Role' is clicked on

2023-01-18 12:29:52 - [TEST_STEP][PASSED] - verifyElementVisible(findTestObject("07-Directory/Connections/zContact Profile/span_Client")): Object 'Object Repository/07-Directory/Connections/zContact Profile/span_Client' is visible

2023-01-18 12:29:53 - [MESSAGE][PASSED] - Object 'Object Repository/07-Directory/Connections/zContact Profile/span_Client' is visible

2023-01-18 12:29:53 - [TEST_STEP][PASSED] - verifyElementVisible(findTestObject("07-Directory/Connections/zContact Profile/span_CoWorker")): Object 'Object Repository/07-Directory/Connections/zContact Profile/span_CoWorker' is visible

2023-01-18 12:29:54 - [MESSAGE][PASSED] - Object 'Object Repository/07-Directory/Connections/zContact Profile/span_CoWorker' is visible

2023-01-18 12:29:54 - [TEST_STEP][PASSED] - verifyElementVisible(findTestObject("07-Directory/Connections/zContact Profile/span_External Contact")): Object 'Object Repository/07-Directory/Connections/zContact Profile/span_External Contact' is visible

2023-01-18 12:29:55 - [MESSAGE][PASSED] - Object 'Object Repository/07-Directory/Connections/zContact Profile/span_External Contact' is visible

2023-01-18 12:29:55 - [TEST_STEP][PASSED] - click(findTestObject("07-Directory/Connections/zContact Profile/span_CoWorker")): Object: 'Object Repository/07-Directory/Connections/zContact Profile/span_CoWorker' is clicked on

2023-01-18 12:29:56 - [MESSAGE][PASSED] - Object: 'Object Repository/07-Directory/Connections/zContact Profile/span_CoWorker' is clicked on

2023-01-18 12:29:56 - [TEST_STEP][PASSED] - delay(3): Delayed 3 second(s)

2023-01-18 12:29:59 - [MESSAGE][PASSED] - Delayed 3 second(s)

2023-01-18 12:29:59 - [TEST_STEP][PASSED] - click(findTestObject("07-Directory/Connections/zContact Profile/button_Send Invitation")): Object: 'Object Repository/07-Directory/Connections/zContact Profile/button_Send Invitation' is clicked on

2023-01-18 12:30:00 - [MESSAGE][PASSED] - Object: 'Object Repository/07-Directory/Connections/zContact Profile/button_Send Invitation' is clicked on

2023-01-18 12:30:00 - [TEST_STEP][PASSED] - verifyElementVisible(findTestObject("07-Directory/Connections/zContact Profile/Successfully invited user")): Object 'Object Repository/07-Directory/Connections/zContact Profile/Successfully invited user' is visible

2023-01-18 12:30:05 - [MESSAGE][PASSED] - Object 'Object Repository/07-Directory/Connections/zContact Profile/Successfully invited user' is visible]]></system-out>
         <system-err><![CDATA[]]></system-err>
      </testcase>
      <testcase name="Test Cases/07-Directory/07-Connections - Delete invitation" time="32.343" classname="Test Cases/07-Directory/07-Connections - Delete invitation" status="PASSED">
         <system-out><![CDATA[2023-01-18 12:30:05 - [TEST_CASE][PASSED] - Test Cases/07-Directory/07-Connections - Delete invitation: Test Cases/07-Directory/07-Connections - Delete invitation

2023-01-18 12:30:07 - [TEST_STEP][PASSED] - delay(3): Delayed 3 second(s)

2023-01-18 12:30:10 - [MESSAGE][PASSED] - Delayed 3 second(s)

2023-01-18 12:30:10 - [TEST_STEP][PASSED] - click(findTestObject("07-Directory/Connections/button_delete invitation")): Object: 'Object Repository/07-Directory/Connections/button_delete invitation' is clicked on

2023-01-18 12:30:11 - [MESSAGE][PASSED] - Object: 'Object Repository/07-Directory/Connections/button_delete invitation' is clicked on

2023-01-18 12:30:11 - [TEST_STEP][PASSED] - verifyElementVisible(findTestObject("07-Directory/Connections/mat-dialog-container_deleteInvitationConfirmationModal")): Object 'Object Repository/07-Directory/Connections/mat-dialog-container_deleteInvitationConfirmationModal' is visible

2023-01-18 12:30:12 - [MESSAGE][PASSED] - Object 'Object Repository/07-Directory/Connections/mat-dialog-container_deleteInvitationConfirmationModal' is visible

2023-01-18 12:30:12 - [TEST_STEP][PASSED] - delay(2): Delayed 2 second(s)

2023-01-18 12:30:14 - [MESSAGE][PASSED] - Delayed 2 second(s)

2023-01-18 12:30:14 - [TEST_STEP][PASSED] - click(findTestObject("07-Directory/Connections/button_Cancel")): Object: 'Object Repository/07-Directory/Connections/button_Cancel' is clicked on

2023-01-18 12:30:15 - [MESSAGE][PASSED] - Object: 'Object Repository/07-Directory/Connections/button_Cancel' is clicked on

2023-01-18 12:30:15 - [TEST_STEP][PASSED] - delay(2): Delayed 2 second(s)

2023-01-18 12:30:17 - [MESSAGE][PASSED] - Delayed 2 second(s)

2023-01-18 12:30:17 - [TEST_STEP][PASSED] - click(findTestObject("07-Directory/Connections/button_delete invitation")): Object: 'Object Repository/07-Directory/Connections/button_delete invitation' is clicked on

2023-01-18 12:30:18 - [MESSAGE][PASSED] - Object: 'Object Repository/07-Directory/Connections/button_delete invitation' is clicked on

2023-01-18 12:30:18 - [TEST_STEP][PASSED] - verifyElementVisible(findTestObject("07-Directory/Connections/mat-dialog-container_deleteInvitationConfirmationModal")): Object 'Object Repository/07-Directory/Connections/mat-dialog-container_deleteInvitationConfirmationModal' is visible

2023-01-18 12:30:19 - [MESSAGE][PASSED] - Object 'Object Repository/07-Directory/Connections/mat-dialog-container_deleteInvitationConfirmationModal' is visible

2023-01-18 12:30:19 - [TEST_STEP][PASSED] - delay(3): Delayed 3 second(s)

2023-01-18 12:30:22 - [MESSAGE][PASSED] - Delayed 3 second(s)

2023-01-18 12:30:22 - [TEST_STEP][PASSED] - click(findTestObject("07-Directory/Connections/button_Confirm")): Object: 'Object Repository/07-Directory/Connections/button_Confirm' is clicked on

2023-01-18 12:30:23 - [MESSAGE][PASSED] - Object: 'Object Repository/07-Directory/Connections/button_Confirm' is clicked on

2023-01-18 12:30:23 - [TEST_STEP][PASSED] - verifyElementVisible(findTestObject("07-Directory/Connections/snack-bar-container_Successfully delete invitation requestOK")): Object 'Object Repository/07-Directory/Connections/snack-bar-container_Successfully delete invitation requestOK' is visible

2023-01-18 12:30:25 - [MESSAGE][PASSED] - Object 'Object Repository/07-Directory/Connections/snack-bar-container_Successfully delete invitation requestOK' is visible

2023-01-18 12:30:25 - [TEST_STEP][PASSED] - delay(3): Delayed 3 second(s)

2023-01-18 12:30:28 - [MESSAGE][PASSED] - Delayed 3 second(s)

2023-01-18 12:30:28 - [TEST_STEP][PASSED] - click(findTestObject("07-Directory/Connections/zContact Profile/button_invite")): Object: 'Object Repository/07-Directory/Connections/zContact Profile/button_invite' is clicked on

2023-01-18 12:30:30 - [MESSAGE][PASSED] - Object: 'Object Repository/07-Directory/Connections/zContact Profile/button_invite' is clicked on

2023-01-18 12:30:30 - [TEST_STEP][PASSED] - click(findTestObject("07-Directory/Connections/zContact Profile/Role")): Object: 'Object Repository/07-Directory/Connections/zContact Profile/Role' is clicked on

2023-01-18 12:30:33 - [MESSAGE][PASSED] - Object: 'Object Repository/07-Directory/Connections/zContact Profile/Role' is clicked on

2023-01-18 12:30:33 - [TEST_STEP][PASSED] - click(findTestObject("07-Directory/Connections/zContact Profile/span_CoWorker")): Object: 'Object Repository/07-Directory/Connections/zContact Profile/span_CoWorker' is clicked on

2023-01-18 12:30:33 - [MESSAGE][PASSED] - Object: 'Object Repository/07-Directory/Connections/zContact Profile/span_CoWorker' is clicked on

2023-01-18 12:30:33 - [TEST_STEP][PASSED] - delay(3): Delayed 3 second(s)

2023-01-18 12:30:36 - [MESSAGE][PASSED] - Delayed 3 second(s)

2023-01-18 12:30:36 - [TEST_STEP][PASSED] - click(findTestObject("07-Directory/Connections/zContact Profile/button_Send Invitation")): Object: 'Object Repository/07-Directory/Connections/zContact Profile/button_Send Invitation' is clicked on

2023-01-18 12:30:37 - [MESSAGE][PASSED] - Object: 'Object Repository/07-Directory/Connections/zContact Profile/button_Send Invitation' is clicked on]]></system-out>
         <system-err><![CDATA[]]></system-err>
      </testcase>
      <testcase name="Test Cases/07-Directory/08-Connections - Resend invitation" time="20.212" classname="Test Cases/07-Directory/08-Connections - Resend invitation" status="PASSED">
         <system-out><![CDATA[2023-01-18 12:30:37 - [TEST_CASE][PASSED] - Test Cases/07-Directory/08-Connections - Resend invitation: Test Cases/07-Directory/08-Connections - Resend invitation

2023-01-18 12:30:40 - [TEST_STEP][PASSED] - click(findTestObject("07-Directory/Connections/button_resendInvitation")): Object: 'Object Repository/07-Directory/Connections/button_resendInvitation' is clicked on

2023-01-18 12:30:40 - [MESSAGE][PASSED] - Object: 'Object Repository/07-Directory/Connections/button_resendInvitation' is clicked on

2023-01-18 12:30:40 - [TEST_STEP][PASSED] - verifyElementVisible(findTestObject("07-Directory/Connections/mat-dialog-container_resendInivationConfirmationModal")): Object 'Object Repository/07-Directory/Connections/mat-dialog-container_resendInivationConfirmationModal' is visible

2023-01-18 12:30:41 - [MESSAGE][PASSED] - Object 'Object Repository/07-Directory/Connections/mat-dialog-container_resendInivationConfirmationModal' is visible

2023-01-18 12:30:41 - [TEST_STEP][PASSED] - delay(2): Delayed 2 second(s)

2023-01-18 12:30:43 - [MESSAGE][PASSED] - Delayed 2 second(s)

2023-01-18 12:30:43 - [TEST_STEP][PASSED] - click(findTestObject("07-Directory/Connections/button_Cancel")): Object: 'Object Repository/07-Directory/Connections/button_Cancel' is clicked on

2023-01-18 12:30:44 - [MESSAGE][PASSED] - Object: 'Object Repository/07-Directory/Connections/button_Cancel' is clicked on

2023-01-18 12:30:44 - [TEST_STEP][PASSED] - delay(2): Delayed 2 second(s)

2023-01-18 12:30:46 - [MESSAGE][PASSED] - Delayed 2 second(s)

2023-01-18 12:30:46 - [TEST_STEP][PASSED] - click(findTestObject("07-Directory/Connections/button_resendInvitation")): Object: 'Object Repository/07-Directory/Connections/button_resendInvitation' is clicked on

2023-01-18 12:30:47 - [MESSAGE][PASSED] - Object: 'Object Repository/07-Directory/Connections/button_resendInvitation' is clicked on

2023-01-18 12:30:47 - [TEST_STEP][PASSED] - verifyElementVisible(findTestObject("07-Directory/Connections/mat-dialog-container_resendInivationConfirmationModal")): Object 'Object Repository/07-Directory/Connections/mat-dialog-container_resendInivationConfirmationModal' is visible

2023-01-18 12:30:48 - [MESSAGE][PASSED] - Object 'Object Repository/07-Directory/Connections/mat-dialog-container_resendInivationConfirmationModal' is visible

2023-01-18 12:30:48 - [TEST_STEP][PASSED] - delay(3): Delayed 3 second(s)

2023-01-18 12:30:51 - [MESSAGE][PASSED] - Delayed 3 second(s)

2023-01-18 12:30:51 - [TEST_STEP][PASSED] - click(findTestObject("07-Directory/Connections/button_Confirm")): Object: 'Object Repository/07-Directory/Connections/button_Confirm' is clicked on

2023-01-18 12:30:51 - [MESSAGE][PASSED] - Object: 'Object Repository/07-Directory/Connections/button_Confirm' is clicked on

2023-01-18 12:30:51 - [TEST_STEP][PASSED] - verifyElementVisible(findTestObject("07-Directory/Connections/simple-snack-bar_Successfully resent emailOK")): Object 'Object Repository/07-Directory/Connections/simple-snack-bar_Successfully resent emailOK' is visible

2023-01-18 12:30:54 - [MESSAGE][PASSED] - Object 'Object Repository/07-Directory/Connections/simple-snack-bar_Successfully resent emailOK' is visible

2023-01-18 12:30:54 - [TEST_STEP][PASSED] - delay(3): Delayed 3 second(s)

2023-01-18 12:30:58 - [MESSAGE][PASSED] - Delayed 3 second(s)]]></system-out>
         <system-err><![CDATA[]]></system-err>
      </testcase>
      <testcase name="Test Cases/07-Directory/09- Connections - Edit Profile" time="22.238" classname="Test Cases/07-Directory/09- Connections - Edit Profile" status="PASSED">
         <system-out><![CDATA[2023-01-18 12:30:58 - [TEST_CASE][PASSED] - Test Cases/07-Directory/09- Connections - Edit Profile: Test Cases/07-Directory/09- Connections - Edit Profile

2023-01-18 12:31:00 - [TEST_STEP][PASSED] - delay(3): Delayed 3 second(s)

2023-01-18 12:31:03 - [MESSAGE][PASSED] - Delayed 3 second(s)

2023-01-18 12:31:03 - [TEST_STEP][PASSED] - click(findTestObject("07-Directory/Connections/div_added user")): Object: 'Object Repository/07-Directory/Connections/div_added user' is clicked on

2023-01-18 12:31:04 - [MESSAGE][PASSED] - Object: 'Object Repository/07-Directory/Connections/div_added user' is clicked on

2023-01-18 12:31:04 - [TEST_STEP][PASSED] - click(findTestObject("07-Directory/Connections/zContact Profile/button_edit profile")): Object: 'Object Repository/07-Directory/Connections/zContact Profile/button_edit profile' is clicked on

2023-01-18 12:31:05 - [MESSAGE][PASSED] - Object: 'Object Repository/07-Directory/Connections/zContact Profile/button_edit profile' is clicked on

2023-01-18 12:31:05 - [TEST_STEP][PASSED] - verifyElementVisible(findTestObject("07-Directory/Connections/zContact Profile/connection profile modal")): Object 'Object Repository/07-Directory/Connections/zContact Profile/connection profile modal' is visible

2023-01-18 12:31:07 - [MESSAGE][PASSED] - Object 'Object Repository/07-Directory/Connections/zContact Profile/connection profile modal' is visible

2023-01-18 12:31:07 - [TEST_STEP][PASSED] - delay(2): Delayed 2 second(s)

2023-01-18 12:31:09 - [MESSAGE][PASSED] - Delayed 2 second(s)

2023-01-18 12:31:09 - [TEST_STEP][PASSED] - setText(findTestObject("07-Directory/Connections/zContact Profile/input_firstName"), "GGedit"): Text 'GGedit' is set on object 'Object Repository/07-Directory/Connections/zContact Profile/input_firstName'

2023-01-18 12:31:12 - [MESSAGE][PASSED] - Text 'GGedit' is set on object 'Object Repository/07-Directory/Connections/zContact Profile/input_firstName'

2023-01-18 12:31:12 - [TEST_STEP][PASSED] - setText(findTestObject("07-Directory/Connections/zContact Profile/input_lastName"), "Autoedit"): Text 'Autoedit' is set on object 'Object Repository/07-Directory/Connections/zContact Profile/input_lastName'

2023-01-18 12:31:13 - [MESSAGE][PASSED] - Text 'Autoedit' is set on object 'Object Repository/07-Directory/Connections/zContact Profile/input_lastName'

2023-01-18 12:31:13 - [TEST_STEP][PASSED] - scrollToElement(findTestObject("07-Directory/Connections/zContact Profile/notes"), 0): Scroll to object 'Object Repository/07-Directory/Connections/zContact Profile/notes' successfully

2023-01-18 12:31:14 - [MESSAGE][WARNING] - Timeout '0' is invalid. Using default page load timeout: '30'

2023-01-18 12:31:14 - [MESSAGE][PASSED] - Scroll to object 'Object Repository/07-Directory/Connections/zContact Profile/notes' successfully

2023-01-18 12:31:14 - [TEST_STEP][PASSED] - setText(findTestObject("07-Directory/Connections/zContact Profile/notes"), "Automation Notes"): Text 'Automation Notes' is set on object 'Object Repository/07-Directory/Connections/zContact Profile/notes'

2023-01-18 12:31:17 - [MESSAGE][PASSED] - Text 'Automation Notes' is set on object 'Object Repository/07-Directory/Connections/zContact Profile/notes'

2023-01-18 12:31:17 - [TEST_STEP][PASSED] - scrollToElement(findTestObject("07-Directory/Connections/zContact Profile/button_save changes"), 0): Scroll to object 'Object Repository/07-Directory/Connections/zContact Profile/button_save changes' successfully

2023-01-18 12:31:17 - [MESSAGE][WARNING] - Timeout '0' is invalid. Using default page load timeout: '30'

2023-01-18 12:31:17 - [MESSAGE][PASSED] - Scroll to object 'Object Repository/07-Directory/Connections/zContact Profile/button_save changes' successfully

2023-01-18 12:31:17 - [TEST_STEP][PASSED] - click(findTestObject("07-Directory/Connections/zContact Profile/button_save changes")): Object: 'Object Repository/07-Directory/Connections/zContact Profile/button_save changes' is clicked on

2023-01-18 12:31:19 - [MESSAGE][PASSED] - Object: 'Object Repository/07-Directory/Connections/zContact Profile/button_save changes' is clicked on

2023-01-18 12:31:19 - [TEST_STEP][PASSED] - verifyElementVisible(findTestObject("07-Directory/Connections/zContact Profile/success msg")): Object 'Object Repository/07-Directory/Connections/zContact Profile/success msg' is visible

2023-01-18 12:31:20 - [MESSAGE][PASSED] - Object 'Object Repository/07-Directory/Connections/zContact Profile/success msg' is visible]]></system-out>
         <system-err><![CDATA[]]></system-err>
      </testcase>
      <testcase name="Test Cases/07-Directory/10- Connections- delete" time="11.898" classname="Test Cases/07-Directory/10- Connections- delete" status="PASSED">
         <system-out><![CDATA[2023-01-18 12:31:20 - [TEST_CASE][PASSED] - Test Cases/07-Directory/10- Connections- delete: Test Cases/07-Directory/10- Connections- delete

2023-01-18 12:31:22 - [TEST_STEP][PASSED] - delay(2): Delayed 2 second(s)

2023-01-18 12:31:24 - [MESSAGE][PASSED] - Delayed 2 second(s)

2023-01-18 12:31:24 - [TEST_STEP][PASSED] - click(findTestObject("07-Directory/Connections/zContact Profile/GG edited")): Object: 'Object Repository/07-Directory/Connections/zContact Profile/GG edited' is clicked on

2023-01-18 12:31:24 - [MESSAGE][PASSED] - Object: 'Object Repository/07-Directory/Connections/zContact Profile/GG edited' is clicked on

2023-01-18 12:31:24 - [TEST_STEP][PASSED] - click(findTestObject("07-Directory/Connections/zContact Profile/button_delete")): Object: 'Object Repository/07-Directory/Connections/zContact Profile/button_delete' is clicked on

2023-01-18 12:31:26 - [MESSAGE][PASSED] - Object: 'Object Repository/07-Directory/Connections/zContact Profile/button_delete' is clicked on

2023-01-18 12:31:26 - [TEST_STEP][PASSED] - verifyElementVisible(findTestObject("07-Directory/Connections/zContact Profile/delete modal")): Object 'Object Repository/07-Directory/Connections/zContact Profile/delete modal' is visible

2023-01-18 12:31:27 - [MESSAGE][PASSED] - Object 'Object Repository/07-Directory/Connections/zContact Profile/delete modal' is visible

2023-01-18 12:31:27 - [TEST_STEP][PASSED] - click(findTestObject("07-Directory/Connections/zContact Profile/button_Deletemsg")): Object: 'Object Repository/07-Directory/Connections/zContact Profile/button_Deletemsg' is clicked on

2023-01-18 12:31:28 - [MESSAGE][PASSED] - Object: 'Object Repository/07-Directory/Connections/zContact Profile/button_Deletemsg' is clicked on

2023-01-18 12:31:28 - [TEST_STEP][PASSED] - verifyElementVisible(findTestObject("07-Directory/Connections/zContact Profile/success delete msg")): Object 'Object Repository/07-Directory/Connections/zContact Profile/success delete msg' is visible

2023-01-18 12:31:30 - [MESSAGE][PASSED] - Object 'Object Repository/07-Directory/Connections/zContact Profile/success delete msg' is visible

2023-01-18 12:31:30 - [TEST_STEP][PASSED] - delay(2): Delayed 2 second(s)

2023-01-18 12:31:32 - [MESSAGE][PASSED] - Delayed 2 second(s)]]></system-out>
         <system-err><![CDATA[]]></system-err>
      </testcase>
      <testcase name="Test Cases/07-Directory/11 - Add new label" time="30.82" classname="Test Cases/07-Directory/11 - Add new label" status="PASSED">
         <system-out><![CDATA[2023-01-18 12:31:32 - [TEST_CASE][PASSED] - Test Cases/07-Directory/11 - Add new label: Test Cases/07-Directory/11 - Add new label

2023-01-18 12:31:34 - [TEST_STEP][PASSED] - delay(3): Delayed 3 second(s)

2023-01-18 12:31:37 - [MESSAGE][PASSED] - Delayed 3 second(s)

2023-01-18 12:31:37 - [TEST_STEP][PASSED] - click(findTestObject("07-Directory/Connections/div_Labels")): Object: 'Object Repository/07-Directory/Connections/div_Labels' is clicked on

2023-01-18 12:31:38 - [MESSAGE][PASSED] - Object: 'Object Repository/07-Directory/Connections/div_Labels' is clicked on

2023-01-18 12:31:38 - [TEST_STEP][PASSED] - delay(3): Delayed 3 second(s)

2023-01-18 12:31:41 - [MESSAGE][PASSED] - Delayed 3 second(s)

2023-01-18 12:31:41 - [TEST_STEP][PASSED] - verifyElementVisible(findTestObject("07-Directory/Labels/Labels page")): Object 'Object Repository/07-Directory/Labels/Labels page' is visible

2023-01-18 12:31:42 - [MESSAGE][PASSED] - Object 'Object Repository/07-Directory/Labels/Labels page' is visible

2023-01-18 12:31:42 - [TEST_STEP][PASSED] - verifyElementVisible(findTestObject("07-Directory/Labels/h4_LABELS")): Object 'Object Repository/07-Directory/Labels/h4_LABELS' is visible

2023-01-18 12:31:43 - [MESSAGE][PASSED] - Object 'Object Repository/07-Directory/Labels/h4_LABELS' is visible

2023-01-18 12:31:43 - [TEST_STEP][PASSED] - delay(3): Delayed 3 second(s)

2023-01-18 12:31:46 - [MESSAGE][PASSED] - Delayed 3 second(s)

2023-01-18 12:31:46 - [TEST_STEP][PASSED] - click(findTestObject("07-Directory/Labels/plus_add label")): Object: 'Object Repository/07-Directory/Labels/plus_add label' is clicked on

2023-01-18 12:31:47 - [MESSAGE][PASSED] - Object: 'Object Repository/07-Directory/Labels/plus_add label' is clicked on

2023-01-18 12:31:47 - [TEST_STEP][PASSED] - verifyElementVisible(findTestObject("07-Directory/Labels/add new label modal")): Object 'Object Repository/07-Directory/Labels/add new label modal' is visible

2023-01-18 12:31:48 - [MESSAGE][PASSED] - Object 'Object Repository/07-Directory/Labels/add new label modal' is visible

2023-01-18 12:31:48 - [TEST_STEP][PASSED] - delay(3): Delayed 3 second(s)

2023-01-18 12:31:51 - [MESSAGE][PASSED] - Delayed 3 second(s)

2023-01-18 12:31:51 - [TEST_STEP][PASSED] - click(findTestObject("07-Directory/Labels/h4_Add New Label")): Object: 'Object Repository/07-Directory/Labels/h4_Add New Label' is clicked on

2023-01-18 12:31:52 - [MESSAGE][PASSED] - Object: 'Object Repository/07-Directory/Labels/h4_Add New Label' is clicked on

2023-01-18 12:31:52 - [TEST_STEP][PASSED] - verifyElementVisible(findTestObject("07-Directory/Labels/div_Label Name Field is required")): Object 'Object Repository/07-Directory/Labels/div_Label Name Field is required' is visible

2023-01-18 12:31:53 - [MESSAGE][PASSED] - Object 'Object Repository/07-Directory/Labels/div_Label Name Field is required' is visible

2023-01-18 12:31:53 - [TEST_STEP][PASSED] - verifyElementNotClickable(findTestObject("07-Directory/Labels/button_Add Label")): Object 'Object Repository/07-Directory/Labels/button_Add Label' is NOT clickable

2023-01-18 12:31:54 - [MESSAGE][PASSED] - Object 'Object Repository/07-Directory/Labels/button_Add Label' is NOT clickable

2023-01-18 12:31:54 - [TEST_STEP][PASSED] - delay(3): Delayed 3 second(s)

2023-01-18 12:31:57 - [MESSAGE][PASSED] - Delayed 3 second(s)

2023-01-18 12:31:57 - [TEST_STEP][PASSED] - setText(findTestObject("07-Directory/Labels/input_Add New Label Name"), "Label QA"): Text 'Label QA' is set on object 'Object Repository/07-Directory/Labels/input_Add New Label Name'

2023-01-18 12:31:58 - [MESSAGE][PASSED] - Text 'Label QA' is set on object 'Object Repository/07-Directory/Labels/input_Add New Label Name'

2023-01-18 12:31:58 - [TEST_STEP][PASSED] - click(findTestObject("07-Directory/Labels/button_Add Label")): Object: 'Object Repository/07-Directory/Labels/button_Add Label' is clicked on

2023-01-18 12:31:59 - [MESSAGE][PASSED] - Object: 'Object Repository/07-Directory/Labels/button_Add Label' is clicked on

2023-01-18 12:31:59 - [TEST_STEP][PASSED] - delay(2): Delayed 2 second(s)

2023-01-18 12:32:01 - [MESSAGE][PASSED] - Delayed 2 second(s)

2023-01-18 12:32:01 - [TEST_STEP][PASSED] - verifyElementVisible(findTestObject("07-Directory/Labels/success msg label")): Object 'Object Repository/07-Directory/Labels/success msg label' is visible

2023-01-18 12:32:02 - [MESSAGE][PASSED] - Object 'Object Repository/07-Directory/Labels/success msg label' is visible

2023-01-18 12:32:02 - [TEST_STEP][PASSED] - verifyElementVisible(findTestObject("07-Directory/Labels/div_Label QA added")): Object 'Object Repository/07-Directory/Labels/div_Label QA added' is visible

2023-01-18 12:32:03 - [MESSAGE][PASSED] - Object 'Object Repository/07-Directory/Labels/div_Label QA added' is visible]]></system-out>
         <system-err><![CDATA[]]></system-err>
      </testcase>
      <testcase name="Test Cases/07-Directory/12 - Edit a label" time="16.027" classname="Test Cases/07-Directory/12 - Edit a label" status="PASSED">
         <system-out><![CDATA[2023-01-18 12:32:03 - [TEST_CASE][PASSED] - Test Cases/07-Directory/12 - Edit a label: Test Cases/07-Directory/12 - Edit a label

2023-01-18 12:32:04 - [TEST_STEP][PASSED] - delay(3): Delayed 3 second(s)

2023-01-18 12:32:07 - [MESSAGE][PASSED] - Delayed 3 second(s)

2023-01-18 12:32:07 - [TEST_STEP][PASSED] - click(findTestObject("07-Directory/Labels/button_create")): Object: 'Object Repository/07-Directory/Labels/button_create' is clicked on

2023-01-18 12:32:08 - [MESSAGE][PASSED] - Object: 'Object Repository/07-Directory/Labels/button_create' is clicked on

2023-01-18 12:32:08 - [TEST_STEP][PASSED] - verifyElementVisible(findTestObject("07-Directory/Labels/Edit Label modal")): Object 'Object Repository/07-Directory/Labels/Edit Label modal' is visible

2023-01-18 12:32:10 - [MESSAGE][PASSED] - Object 'Object Repository/07-Directory/Labels/Edit Label modal' is visible

2023-01-18 12:32:10 - [TEST_STEP][PASSED] - verifyElementNotClickable(findTestObject("07-Directory/Labels/button_Edit Label")): Object 'Object Repository/07-Directory/Labels/button_Edit Label' is NOT clickable

2023-01-18 12:32:10 - [MESSAGE][PASSED] - Object 'Object Repository/07-Directory/Labels/button_Edit Label' is NOT clickable

2023-01-18 12:32:10 - [TEST_STEP][PASSED] - delay(3): Delayed 3 second(s)

2023-01-18 12:32:13 - [MESSAGE][PASSED] - Delayed 3 second(s)

2023-01-18 12:32:13 - [TEST_STEP][PASSED] - setText(findTestObject("07-Directory/Labels/input_Add New Label Name"), "Label QA Edit"): Text 'Label QA Edit' is set on object 'Object Repository/07-Directory/Labels/input_Add New Label Name'

2023-01-18 12:32:15 - [MESSAGE][PASSED] - Text 'Label QA Edit' is set on object 'Object Repository/07-Directory/Labels/input_Add New Label Name'

2023-01-18 12:32:15 - [TEST_STEP][PASSED] - click(findTestObject("07-Directory/Labels/button_Edit Label")): Object: 'Object Repository/07-Directory/Labels/button_Edit Label' is clicked on

2023-01-18 12:32:17 - [MESSAGE][PASSED] - Object: 'Object Repository/07-Directory/Labels/button_Edit Label' is clicked on

2023-01-18 12:32:17 - [TEST_STEP][PASSED] - verifyElementVisible(findTestObject("07-Directory/Labels/edit success msg")): Object 'Object Repository/07-Directory/Labels/edit success msg' is visible

2023-01-18 12:32:18 - [MESSAGE][PASSED] - Object 'Object Repository/07-Directory/Labels/edit success msg' is visible

2023-01-18 12:32:18 - [TEST_STEP][PASSED] - verifyElementVisible(findTestObject("07-Directory/Labels/div_Label QA Edited")): Object 'Object Repository/07-Directory/Labels/div_Label QA Edited' is visible

2023-01-18 12:32:19 - [MESSAGE][PASSED] - Object 'Object Repository/07-Directory/Labels/div_Label QA Edited' is visible]]></system-out>
         <system-err><![CDATA[]]></system-err>
      </testcase>
      <testcase name="Test Cases/07-Directory/13- Delete a label" time="14.893" classname="Test Cases/07-Directory/13- Delete a label" status="PASSED">
         <system-out><![CDATA[2023-01-18 12:32:19 - [TEST_CASE][PASSED] - Test Cases/07-Directory/13- Delete a label: Test Cases/07-Directory/13- Delete a label

2023-01-18 12:32:21 - [TEST_STEP][PASSED] - delay(3): Delayed 3 second(s)

2023-01-18 12:32:24 - [MESSAGE][PASSED] - Delayed 3 second(s)

2023-01-18 12:32:24 - [TEST_STEP][PASSED] - click(findTestObject("07-Directory/Labels/trash_delete label")): Object: 'Object Repository/07-Directory/Labels/trash_delete label' is clicked on

2023-01-18 12:32:25 - [MESSAGE][PASSED] - Object: 'Object Repository/07-Directory/Labels/trash_delete label' is clicked on

2023-01-18 12:32:25 - [TEST_STEP][PASSED] - verifyElementVisible(findTestObject("07-Directory/Labels/delete label modal")): Object 'Object Repository/07-Directory/Labels/delete label modal' is visible

2023-01-18 12:32:26 - [MESSAGE][PASSED] - Object 'Object Repository/07-Directory/Labels/delete label modal' is visible

2023-01-18 12:32:26 - [TEST_STEP][PASSED] - click(findTestObject("07-Directory/Labels/button_Delete Label")): Object: 'Object Repository/07-Directory/Labels/button_Delete Label' is clicked on

2023-01-18 12:32:27 - [MESSAGE][PASSED] - Object: 'Object Repository/07-Directory/Labels/button_Delete Label' is clicked on

2023-01-18 12:32:27 - [TEST_STEP][PASSED] - verifyElementVisible(findTestObject("07-Directory/Labels/success delete msg")): Object 'Object Repository/07-Directory/Labels/success delete msg' is visible

2023-01-18 12:32:28 - [MESSAGE][PASSED] - Object 'Object Repository/07-Directory/Labels/success delete msg' is visible

2023-01-18 12:32:28 - [TEST_STEP][PASSED] - verifyElementVisible(findTestObject("07-Directory/Labels/Labels page")): Object 'Object Repository/07-Directory/Labels/Labels page' is visible

2023-01-18 12:32:29 - [MESSAGE][PASSED] - Object 'Object Repository/07-Directory/Labels/Labels page' is visible

2023-01-18 12:32:29 - [TEST_STEP][PASSED] - delay(3): Delayed 3 second(s)

2023-01-18 12:32:32 - [MESSAGE][PASSED] - Delayed 3 second(s)

2023-01-18 12:32:32 - [TEST_STEP][PASSED] - closeBrowser(): Browser is closed

2023-01-18 12:32:34 - [MESSAGE][PASSED] - Browser is closed]]></system-out>
         <system-err><![CDATA[]]></system-err>
      </testcase>
      <system-out><![CDATA[2023-01-18 12:23:07 - [TEST_SUITE][PASSED] - 07-Directory: Test Cases/07-Directory/13- Delete a label]]></system-out>
      <system-err><![CDATA[]]></system-err>
   </testsuite>
</testsuites>
