<?xml version="1.0" encoding="UTF-8"?>
<testsuites name="04-Add my Organizations" time="457.557" tests="3" failures="0" errors="0">
   <testsuite name="04-Add my Organizations" tests="3" failures="0" errors="0" time="457.557" skipped="0" timestamp="2022-12-26 15:38:08" hostname="asus - DESKTOP-3L3J9C1" id="Test Suites/TS-Organization/04-Add my Organizations">
      <properties>
         <property name="deviceName" value=""/>
         <property name="devicePlatform" value=""/>
         <property name="logFolder" value="C:\\Users\\asus\\Katalon Studio\\Everleagues\\Everleagues\\Reports\\20221226_153754\\TS-Organization\\04-Add my Organizations\\20221226_153754"/>
         <property name="logFiles" value="C:\\Users\\asus\\Katalon Studio\\Everleagues\\Everleagues\\Reports\\20221226_153754\\TS-Organization\\04-Add my Organizations\\20221226_153754\\execution0.log"/>
         <property name="attachments" value=""/>
         <property name="hostName" value="asus - DESKTOP-3L3J9C1"/>
         <property name="os" value="Windows 10 64bit"/>
         <property name="katalonVersion" value="8.4.1.208"/>
         <property name="browser" value="Chrome 108.0.0.0"/>
         <property name="hostAddress" value="192.168.5.82"/>
         <property name="sessionId" value="0428d58fe9bd2d928d7a5adbb5876ef3"/>
         <property name="seleniumVersion" value="3.141.59"/>
         <property name="proxyInformation" value="ProxyInformation { proxyOption=NO_PROXY, proxyServerType=HTTP, username=, password=********, proxyServerAddress=, proxyServerPort=0, executionList=&quot;&quot;, isApplyToDesiredCapabilities=true }"/>
         <property name="platform" value="Windows 10"/>
      </properties>
      <testcase name="Test Cases/04-Add my Organizations/01- Free limited Plan (Blank fields)" time="366.072" classname="Test Cases/04-Add my Organizations/01- Free limited Plan (Blank fields)" status="PASSED">
         <system-out><![CDATA[2022-12-26 15:38:10 - [TEST_CASE][PASSED] - Test Cases/04-Add my Organizations/01- Free limited Plan (Blank fields): Test Cases/04-Add my Organizations/01- Free limited Plan (Blank fields)

2022-12-26 15:38:11 - [TEST_STEP][PASSED] - openBrowser(""): Browser is opened with url: ''

2022-12-26 15:38:13 - [MESSAGE][INFO] - Starting 'Chrome' driver

2022-12-26 15:38:13 - [MESSAGE][INFO] - Action delay is set to 0 milliseconds

2022-12-26 15:38:28 - [MESSAGE][PASSED] - Browser is opened with url: ''

2022-12-26 15:38:28 - [TEST_STEP][PASSED] - navigateToUrl("https://lab.everleagues.com/"): Navigate to 'https://lab.everleagues.com/' successfully

2022-12-26 15:42:51 - [MESSAGE][PASSED] - Navigate to 'https://lab.everleagues.com/' successfully

2022-12-26 15:42:51 - [TEST_STEP][PASSED] - maximizeWindow(): Current window maximized

2022-12-26 15:42:52 - [MESSAGE][PASSED] - Current window maximized

2022-12-26 15:42:52 - [TEST_STEP][PASSED] - setText(findTestObject("02-Side Icons(Organization)/Add Contact/Email Field"), "testuser02@mailinator.com"): Text 'testuser02@mailinator.com' is set on object 'Object Repository/02-Side Icons(Organization)/Add Contact/Email Field'

2022-12-26 15:42:55 - [MESSAGE][PASSED] - Text 'testuser02@mailinator.com' is set on object 'Object Repository/02-Side Icons(Organization)/Add Contact/Email Field'

2022-12-26 15:42:55 - [TEST_STEP][PASSED] - setEncryptedText(findTestObject("02-Side Icons(Organization)/Add Contact/Password Field"), "8yFRyszE6U6jvsCn51OQbg=="): Text ****** has been set on object 'Object Repository/02-Side Icons(Organization)/Add Contact/Password Field'

2022-12-26 15:42:58 - [MESSAGE][PASSED] - Text ****** has been set on object 'Object Repository/02-Side Icons(Organization)/Add Contact/Password Field'

2022-12-26 15:42:58 - [TEST_STEP][PASSED] - click(findTestObject("02-Side Icons(Organization)/Add Contact/button_Sign in")): Object: 'Object Repository/02-Side Icons(Organization)/Add Contact/button_Sign in' is clicked on

2022-12-26 15:43:01 - [MESSAGE][PASSED] - Object: 'Object Repository/02-Side Icons(Organization)/Add Contact/button_Sign in' is clicked on

2022-12-26 15:43:01 - [TEST_STEP][PASSED] - delay(2): Delayed 2 second(s)

2022-12-26 15:43:03 - [MESSAGE][PASSED] - Delayed 2 second(s)

2022-12-26 15:43:03 - [TEST_STEP][PASSED] - click(findTestObject("06-Teams/For 2FA/button_Confirm_2FA")): Object: 'Object Repository/06-Teams/For 2FA/button_Confirm_2FA' is clicked on

2022-12-26 15:43:04 - [MESSAGE][PASSED] - Object: 'Object Repository/06-Teams/For 2FA/button_Confirm_2FA' is clicked on

2022-12-26 15:43:04 - [TEST_STEP][PASSED] - executeJavaScript("window.open();", []): Execute JavaScript 'window.open();' successfully

2022-12-26 15:43:04 - [MESSAGE][PASSED] - Execute JavaScript 'window.open();' successfully

2022-12-26 15:43:04 - [TEST_STEP][PASSED] - currentWindow = getWindowIndex(): Current window's index is: 0

2022-12-26 15:43:04 - [MESSAGE][PASSED] - Current window's index is: 0

2022-12-26 15:43:04 - [TEST_STEP][PASSED] - delay(3): Delayed 3 second(s)

2022-12-26 15:43:07 - [MESSAGE][PASSED] - Delayed 3 second(s)

2022-12-26 15:43:07 - [TEST_STEP][PASSED] - switchToWindowIndex(currentWindow + 1): Switched to window with index: '1'

2022-12-26 15:43:08 - [MESSAGE][PASSED] - Switched to window with index: '1'

2022-12-26 15:43:08 - [TEST_STEP][PASSED] - navigateToUrl("https://www.mailinator.com/"): Navigate to 'https://www.mailinator.com/' successfully

2022-12-26 15:43:15 - [MESSAGE][PASSED] - Navigate to 'https://www.mailinator.com/' successfully

2022-12-26 15:43:15 - [TEST_STEP][PASSED] - delay(3): Delayed 3 second(s)

2022-12-26 15:43:18 - [MESSAGE][PASSED] - Delayed 3 second(s)

2022-12-26 15:43:18 - [TEST_STEP][PASSED] - setText(findTestObject("00-Signup and Activation/zMailinator/input_LOGIN_search"), "testuser02@mailinator.com"): Text 'testuser02@mailinator.com' is set on object 'Object Repository/00-Signup and Activation/zMailinator/input_LOGIN_search'

2022-12-26 15:43:19 - [MESSAGE][PASSED] - Text 'testuser02@mailinator.com' is set on object 'Object Repository/00-Signup and Activation/zMailinator/input_LOGIN_search'

2022-12-26 15:43:19 - [TEST_STEP][PASSED] - click(findTestObject("00-Signup and Activation/zMailinator/gobutton"), STOP_ON_FAILURE): Object: 'Object Repository/00-Signup and Activation/zMailinator/gobutton' is clicked on

2022-12-26 15:43:24 - [MESSAGE][PASSED] - Object: 'Object Repository/00-Signup and Activation/zMailinator/gobutton' is clicked on

2022-12-26 15:43:24 - [TEST_STEP][PASSED] - delay(3): Delayed 3 second(s)

2022-12-26 15:43:27 - [MESSAGE][PASSED] - Delayed 3 second(s)

2022-12-26 15:43:27 - [TEST_STEP][PASSED] - click(findTestObject("00-Signup and Activation/zMailinator/Email - everleagues")): Object: 'Object Repository/00-Signup and Activation/zMailinator/Email - everleagues' is clicked on

2022-12-26 15:43:28 - [MESSAGE][PASSED] - Object: 'Object Repository/00-Signup and Activation/zMailinator/Email - everleagues' is clicked on

2022-12-26 15:43:28 - [TEST_STEP][PASSED] - delay(3): Delayed 3 second(s)

2022-12-26 15:43:31 - [MESSAGE][PASSED] - Delayed 3 second(s)

2022-12-26 15:43:31 - [TEST_STEP][PASSED] - code = getText(findTestObject("Object Repository/06-Teams/For 2FA/2FA code")): Text of object 'Object Repository/06-Teams/For 2FA/2FA code' is: '877964'

2022-12-26 15:43:33 - [MESSAGE][PASSED] - Text of object 'Object Repository/06-Teams/For 2FA/2FA code' is: '877964'

2022-12-26 15:43:33 - [TEST_STEP][PASSED] - delay(3): Delayed 3 second(s)

2022-12-26 15:43:36 - [MESSAGE][PASSED] - Delayed 3 second(s)

2022-12-26 15:43:36 - [TEST_STEP][PASSED] - closeWindowTitle("Mailinator"): Window with title: 'Mailinator' is closed

2022-12-26 15:43:36 - [MESSAGE][PASSED] - Window with title: 'Mailinator' is closed

2022-12-26 15:43:36 - [TEST_STEP][PASSED] - delay(3): Delayed 3 second(s)

2022-12-26 15:43:39 - [MESSAGE][PASSED] - Delayed 3 second(s)

2022-12-26 15:43:39 - [TEST_STEP][PASSED] - switchToWindowIndex(0): Switched to window with index: '0'

2022-12-26 15:43:39 - [MESSAGE][PASSED] - Switched to window with index: '0'

2022-12-26 15:43:39 - [TEST_STEP][PASSED] - delay(3): Delayed 3 second(s)

2022-12-26 15:43:42 - [MESSAGE][PASSED] - Delayed 3 second(s)

2022-12-26 15:43:42 - [TEST_STEP][PASSED] - setText(findTestObject("Object Repository/06-Teams/For 2FA/input_Enter verification code_code"), code): Text '877964' is set on object 'Object Repository/06-Teams/For 2FA/input_Enter verification code_code'

2022-12-26 15:43:44 - [MESSAGE][PASSED] - Text '877964' is set on object 'Object Repository/06-Teams/For 2FA/input_Enter verification code_code'

2022-12-26 15:43:44 - [TEST_STEP][PASSED] - delay(3): Delayed 3 second(s)

2022-12-26 15:43:47 - [MESSAGE][PASSED] - Delayed 3 second(s)

2022-12-26 15:43:47 - [TEST_STEP][PASSED] - click(findTestObject("06-Teams/For 2FA/button_Verify_2FA")): Object: 'Object Repository/06-Teams/For 2FA/button_Verify_2FA' is clicked on

2022-12-26 15:43:48 - [MESSAGE][PASSED] - Object: 'Object Repository/06-Teams/For 2FA/button_Verify_2FA' is clicked on

2022-12-26 15:43:48 - [TEST_STEP][PASSED] - delay(5): Delayed 5 second(s)

2022-12-26 15:43:53 - [MESSAGE][PASSED] - Delayed 5 second(s)

2022-12-26 15:43:53 - [TEST_STEP][PASSED] - click(findTestObject("04-Add my Organizations/Free limited Plan/span_Add My Organization")): Object: 'Object Repository/04-Add my Organizations/Free limited Plan/span_Add My Organization' is clicked on

2022-12-26 15:43:59 - [MESSAGE][PASSED] - Object: 'Object Repository/04-Add my Organizations/Free limited Plan/span_Add My Organization' is clicked on

2022-12-26 15:43:59 - [TEST_STEP][PASSED] - verifyElementVisible(findTestObject("04-Add my Organizations/Free limited Plan/Add my org modal")): Object 'Object Repository/04-Add my Organizations/Free limited Plan/Add my org modal' is visible

2022-12-26 15:44:02 - [MESSAGE][PASSED] - Object 'Object Repository/04-Add my Organizations/Free limited Plan/Add my org modal' is visible

2022-12-26 15:44:02 - [TEST_STEP][PASSED] - delay(2): Delayed 2 second(s)

2022-12-26 15:44:04 - [MESSAGE][PASSED] - Delayed 2 second(s)

2022-12-26 15:44:04 - [TEST_STEP][PASSED] - click(findTestObject("04-Add my Organizations/Free limited Plan/input_orgName")): Object: 'Object Repository/04-Add my Organizations/Free limited Plan/input_orgName' is clicked on

2022-12-26 15:44:04 - [MESSAGE][PASSED] - Object: 'Object Repository/04-Add my Organizations/Free limited Plan/input_orgName' is clicked on

2022-12-26 15:44:04 - [TEST_STEP][PASSED] - click(findTestObject("04-Add my Organizations/Free limited Plan/input_org alias")): Object: 'Object Repository/04-Add my Organizations/Free limited Plan/input_org alias' is clicked on

2022-12-26 15:44:05 - [MESSAGE][PASSED] - Object: 'Object Repository/04-Add my Organizations/Free limited Plan/input_org alias' is clicked on

2022-12-26 15:44:05 - [TEST_STEP][PASSED] - click(findTestObject("04-Add my Organizations/Free limited Plan/div_Service Industry_select-arrow")): Object: 'Object Repository/04-Add my Organizations/Free limited Plan/div_Service Industry_select-arrow' is clicked on

2022-12-26 15:44:06 - [MESSAGE][PASSED] - Object: 'Object Repository/04-Add my Organizations/Free limited Plan/div_Service Industry_select-arrow' is clicked on

2022-12-26 15:44:06 - [TEST_STEP][PASSED] - sendKeys(findTestObject(null), Keys.chord(ESCAPE)): Keys 'ESCAPE + ' sent to object: 'tempBody'

2022-12-26 15:44:06 - [MESSAGE][WARNING] - Test object id is null

2022-12-26 15:44:06 - [MESSAGE][WARNING] - Test object with id 'Object Repository/' does not exist

2022-12-26 15:44:07 - [MESSAGE][PASSED] - Keys 'ESCAPE + ' sent to object: 'tempBody'

2022-12-26 15:44:07 - [TEST_STEP][PASSED] - delay(3): Delayed 3 second(s)

2022-12-26 15:44:10 - [MESSAGE][PASSED] - Delayed 3 second(s)

2022-12-26 15:44:10 - [TEST_STEP][PASSED] - verifyElementVisible(findTestObject("04-Add my Organizations/Free limited Plan/div_OrganizationName_error")): Object 'Object Repository/04-Add my Organizations/Free limited Plan/div_OrganizationName_error' is visible

2022-12-26 15:44:11 - [MESSAGE][PASSED] - Object 'Object Repository/04-Add my Organizations/Free limited Plan/div_OrganizationName_error' is visible

2022-12-26 15:44:11 - [TEST_STEP][PASSED] - verifyElementVisible(findTestObject("04-Add my Organizations/Free limited Plan/div_Organization Alias_error")): Object 'Object Repository/04-Add my Organizations/Free limited Plan/div_Organization Alias_error' is visible

2022-12-26 15:44:12 - [MESSAGE][PASSED] - Object 'Object Repository/04-Add my Organizations/Free limited Plan/div_Organization Alias_error' is visible

2022-12-26 15:44:12 - [TEST_STEP][PASSED] - verifyElementVisible(findTestObject("04-Add my Organizations/Free limited Plan/div_Service Industry_error")): Object 'Object Repository/04-Add my Organizations/Free limited Plan/div_Service Industry_error' is visible

2022-12-26 15:44:13 - [MESSAGE][PASSED] - Object 'Object Repository/04-Add my Organizations/Free limited Plan/div_Service Industry_error' is visible

2022-12-26 15:44:13 - [TEST_STEP][PASSED] - delay(3): Delayed 3 second(s)

2022-12-26 15:44:16 - [MESSAGE][PASSED] - Delayed 3 second(s)]]></system-out>
         <system-err><![CDATA[]]></system-err>
      </testcase>
      <testcase name="Test Cases/04-Add my Organizations/02- Free limited Plan (Used Org Alias)" time="9.151" classname="Test Cases/04-Add my Organizations/02- Free limited Plan (Used Org Alias)" status="PASSED">
         <system-out><![CDATA[2022-12-26 15:44:16 - [TEST_CASE][PASSED] - Test Cases/04-Add my Organizations/02- Free limited Plan (Used Org Alias): Test Cases/04-Add my Organizations/02- Free limited Plan (Used Org Alias)

2022-12-26 15:44:18 - [TEST_STEP][PASSED] - setText(findTestObject("04-Add my Organizations/Free limited Plan/input_org alias"), "1234"): Text '1234' is set on object 'Object Repository/04-Add my Organizations/Free limited Plan/input_org alias'

2022-12-26 15:44:19 - [MESSAGE][PASSED] - Text '1234' is set on object 'Object Repository/04-Add my Organizations/Free limited Plan/input_org alias'

2022-12-26 15:44:19 - [TEST_STEP][PASSED] - click(findTestObject("04-Add my Organizations/Free limited Plan/input_orgName")): Object: 'Object Repository/04-Add my Organizations/Free limited Plan/input_orgName' is clicked on

2022-12-26 15:44:21 - [MESSAGE][PASSED] - Object: 'Object Repository/04-Add my Organizations/Free limited Plan/input_orgName' is clicked on

2022-12-26 15:44:21 - [TEST_STEP][PASSED] - verifyElementVisible(findTestObject("04-Add my Organizations/Free limited Plan/mat-error_1234 already exists. Please enter another ID")): Object 'Object Repository/04-Add my Organizations/Free limited Plan/mat-error_1234 already exists. Please enter another ID' is visible

2022-12-26 15:44:22 - [MESSAGE][PASSED] - Object 'Object Repository/04-Add my Organizations/Free limited Plan/mat-error_1234 already exists. Please enter another ID' is visible

2022-12-26 15:44:22 - [TEST_STEP][PASSED] - delay(3): Delayed 3 second(s)

2022-12-26 15:44:25 - [MESSAGE][PASSED] - Delayed 3 second(s)]]></system-out>
         <system-err><![CDATA[]]></system-err>
      </testcase>
      <testcase name="Test Cases/04-Add my Organizations/03- Free limited Plan (Positive Scenarios)" time="81.083" classname="Test Cases/04-Add my Organizations/03- Free limited Plan (Positive Scenarios)" status="PASSED">
         <system-out><![CDATA[2022-12-26 15:44:25 - [TEST_CASE][PASSED] - Test Cases/04-Add my Organizations/03- Free limited Plan (Positive Scenarios): Test Cases/04-Add my Organizations/03- Free limited Plan (Positive Scenarios)

2022-12-26 15:44:27 - [TEST_STEP][PASSED] - delay(2): Delayed 2 second(s)

2022-12-26 15:44:29 - [MESSAGE][PASSED] - Delayed 2 second(s)

2022-12-26 15:44:29 - [TEST_STEP][PASSED] - setText(findTestObject("04-Add my Organizations/Free limited Plan/input_orgName"), "GG Automation"): Text 'GG Automation' is set on object 'Object Repository/04-Add my Organizations/Free limited Plan/input_orgName'

2022-12-26 15:44:31 - [MESSAGE][PASSED] - Text 'GG Automation' is set on object 'Object Repository/04-Add my Organizations/Free limited Plan/input_orgName'

2022-12-26 15:44:31 - [TEST_STEP][PASSED] - setText(findTestObject("04-Add my Organizations/Free limited Plan/input_org alias"), "GGAutoAlias"): Text 'GGAutoAlias' is set on object 'Object Repository/04-Add my Organizations/Free limited Plan/input_org alias'

2022-12-26 15:44:32 - [MESSAGE][PASSED] - Text 'GGAutoAlias' is set on object 'Object Repository/04-Add my Organizations/Free limited Plan/input_org alias'

2022-12-26 15:44:32 - [TEST_STEP][PASSED] - click(findTestObject("04-Add my Organizations/Free limited Plan/div_Service Industry_select-arrow"), STOP_ON_FAILURE): Object: 'Object Repository/04-Add my Organizations/Free limited Plan/div_Service Industry_select-arrow' is clicked on

2022-12-26 15:44:33 - [MESSAGE][PASSED] - Object: 'Object Repository/04-Add my Organizations/Free limited Plan/div_Service Industry_select-arrow' is clicked on

2022-12-26 15:44:33 - [TEST_STEP][PASSED] - delay(1): Delayed 1 second(s)

2022-12-26 15:44:34 - [MESSAGE][PASSED] - Delayed 1 second(s)

2022-12-26 15:44:34 - [TEST_STEP][PASSED] - verifyElementVisible(findTestObject("04-Add my Organizations/Free limited Plan/span_CPA_EA_Accounting Firms")): Object 'Object Repository/04-Add my Organizations/Free limited Plan/span_CPA_EA_Accounting Firms' is visible

2022-12-26 15:44:35 - [MESSAGE][PASSED] - Object 'Object Repository/04-Add my Organizations/Free limited Plan/span_CPA_EA_Accounting Firms' is visible

2022-12-26 15:44:35 - [TEST_STEP][PASSED] - verifyElementVisible(findTestObject("04-Add my Organizations/Free limited Plan/span_Law Firms")): Object 'Object Repository/04-Add my Organizations/Free limited Plan/span_Law Firms' is visible

2022-12-26 15:44:36 - [MESSAGE][PASSED] - Object 'Object Repository/04-Add my Organizations/Free limited Plan/span_Law Firms' is visible

2022-12-26 15:44:36 - [TEST_STEP][PASSED] - verifyElementVisible(findTestObject("04-Add my Organizations/Free limited Plan/span_Medical Service_Physian_Dentist Office")): Object 'Object Repository/04-Add my Organizations/Free limited Plan/span_Medical Service_Physian_Dentist Office' is visible

2022-12-26 15:44:37 - [MESSAGE][PASSED] - Object 'Object Repository/04-Add my Organizations/Free limited Plan/span_Medical Service_Physian_Dentist Office' is visible

2022-12-26 15:44:37 - [TEST_STEP][PASSED] - verifyElementVisible(findTestObject("04-Add my Organizations/Free limited Plan/span_Education")): Object 'Object Repository/04-Add my Organizations/Free limited Plan/span_Education' is visible

2022-12-26 15:44:38 - [MESSAGE][PASSED] - Object 'Object Repository/04-Add my Organizations/Free limited Plan/span_Education' is visible

2022-12-26 15:44:38 - [TEST_STEP][PASSED] - verifyElementVisible(findTestObject("04-Add my Organizations/Free limited Plan/span_Real Estate")): Object 'Object Repository/04-Add my Organizations/Free limited Plan/span_Real Estate' is visible

2022-12-26 15:44:39 - [MESSAGE][PASSED] - Object 'Object Repository/04-Add my Organizations/Free limited Plan/span_Real Estate' is visible

2022-12-26 15:44:39 - [TEST_STEP][PASSED] - verifyElementVisible(findTestObject("04-Add my Organizations/Free limited Plan/span_Other Service Business")): Object 'Object Repository/04-Add my Organizations/Free limited Plan/span_Other Service Business' is visible

2022-12-26 15:44:39 - [MESSAGE][PASSED] - Object 'Object Repository/04-Add my Organizations/Free limited Plan/span_Other Service Business' is visible

2022-12-26 15:44:39 - [TEST_STEP][PASSED] - verifyElementVisible(findTestObject("04-Add my Organizations/Free limited Plan/span_Product Business")): Object 'Object Repository/04-Add my Organizations/Free limited Plan/span_Product Business' is visible

2022-12-26 15:44:41 - [MESSAGE][PASSED] - Object 'Object Repository/04-Add my Organizations/Free limited Plan/span_Product Business' is visible

2022-12-26 15:44:41 - [TEST_STEP][PASSED] - verifyElementVisible(findTestObject("04-Add my Organizations/Free limited Plan/span_Community")): Object 'Object Repository/04-Add my Organizations/Free limited Plan/span_Community' is visible

2022-12-26 15:44:42 - [MESSAGE][PASSED] - Object 'Object Repository/04-Add my Organizations/Free limited Plan/span_Community' is visible

2022-12-26 15:44:42 - [TEST_STEP][PASSED] - verifyElementVisible(findTestObject("04-Add my Organizations/Free limited Plan/span_Non Profit Organizations")): Object 'Object Repository/04-Add my Organizations/Free limited Plan/span_Non Profit Organizations' is visible

2022-12-26 15:44:43 - [MESSAGE][PASSED] - Object 'Object Repository/04-Add my Organizations/Free limited Plan/span_Non Profit Organizations' is visible

2022-12-26 15:44:43 - [TEST_STEP][PASSED] - delay(1): Delayed 1 second(s)

2022-12-26 15:44:44 - [MESSAGE][PASSED] - Delayed 1 second(s)

2022-12-26 15:44:44 - [TEST_STEP][PASSED] - click(findTestObject("04-Add my Organizations/Free limited Plan/span_Other Service Business")): Object: 'Object Repository/04-Add my Organizations/Free limited Plan/span_Other Service Business' is clicked on

2022-12-26 15:44:45 - [MESSAGE][PASSED] - Object: 'Object Repository/04-Add my Organizations/Free limited Plan/span_Other Service Business' is clicked on

2022-12-26 15:44:45 - [TEST_STEP][PASSED] - click(findTestObject("04-Add my Organizations/Free limited Plan/button_Next")): Object: 'Object Repository/04-Add my Organizations/Free limited Plan/button_Next' is clicked on

2022-12-26 15:44:46 - [MESSAGE][PASSED] - Object: 'Object Repository/04-Add my Organizations/Free limited Plan/button_Next' is clicked on

2022-12-26 15:44:46 - [TEST_STEP][PASSED] - delay(1): Delayed 1 second(s)

2022-12-26 15:44:47 - [MESSAGE][PASSED] - Delayed 1 second(s)

2022-12-26 15:44:47 - [TEST_STEP][PASSED] - verifyElementVisible(findTestObject("04-Add my Organizations/Free limited Plan/add my org modal 2")): Object 'Object Repository/04-Add my Organizations/Free limited Plan/add my org modal 2' is visible

2022-12-26 15:44:48 - [MESSAGE][PASSED] - Object 'Object Repository/04-Add my Organizations/Free limited Plan/add my org modal 2' is visible

2022-12-26 15:44:48 - [TEST_STEP][PASSED] - click(findTestObject("04-Add my Organizations/Free limited Plan/Free limited plan radio button")): Object: 'Object Repository/04-Add my Organizations/Free limited Plan/Free limited plan radio button' is clicked on

2022-12-26 15:44:49 - [MESSAGE][PASSED] - Object: 'Object Repository/04-Add my Organizations/Free limited Plan/Free limited plan radio button' is clicked on

2022-12-26 15:44:49 - [TEST_STEP][PASSED] - delay(1): Delayed 1 second(s)

2022-12-26 15:44:50 - [MESSAGE][PASSED] - Delayed 1 second(s)

2022-12-26 15:44:50 - [TEST_STEP][PASSED] - click(findTestObject("04-Add my Organizations/Free limited Plan/span_Usage limit")): Object: 'Object Repository/04-Add my Organizations/Free limited Plan/span_Usage limit' is clicked on

2022-12-26 15:44:52 - [MESSAGE][PASSED] - Object: 'Object Repository/04-Add my Organizations/Free limited Plan/span_Usage limit' is clicked on

2022-12-26 15:44:52 - [TEST_STEP][PASSED] - switchToWindowIndex(1): Switched to window with index: '1'

2022-12-26 15:44:52 - [MESSAGE][PASSED] - Switched to window with index: '1'

2022-12-26 15:44:52 - [TEST_STEP][PASSED] - delay(5): Delayed 5 second(s)

2022-12-26 15:44:57 - [MESSAGE][PASSED] - Delayed 5 second(s)

2022-12-26 15:44:57 - [TEST_STEP][PASSED] - assert getUrl() == "https://www.everleagues.com/pricing": Current window's url is: 'https://www.everleagues.com/pricing'

2022-12-26 15:44:57 - [MESSAGE][PASSED] - Current window's url is: 'https://www.everleagues.com/pricing'

2022-12-26 15:44:57 - [TEST_STEP][PASSED] - closeWindowUrl("https://www.everleagues.com/pricing"): Window with url: 'https://www.everleagues.com/pricing' is closed

2022-12-26 15:44:58 - [MESSAGE][PASSED] - Window with url: 'https://www.everleagues.com/pricing' is closed

2022-12-26 15:44:58 - [TEST_STEP][PASSED] - switchToWindowIndex(0): Switched to window with index: '0'

2022-12-26 15:44:58 - [MESSAGE][PASSED] - Switched to window with index: '0'

2022-12-26 15:44:58 - [TEST_STEP][PASSED] - delay(1): Delayed 1 second(s)

2022-12-26 15:44:59 - [MESSAGE][PASSED] - Delayed 1 second(s)

2022-12-26 15:44:59 - [TEST_STEP][PASSED] - click(findTestObject("04-Add my Organizations/Free limited Plan/a_open_in_newPricing detail")): Object: 'Object Repository/04-Add my Organizations/Free limited Plan/a_open_in_newPricing detail' is clicked on

2022-12-26 15:45:01 - [MESSAGE][PASSED] - Object: 'Object Repository/04-Add my Organizations/Free limited Plan/a_open_in_newPricing detail' is clicked on

2022-12-26 15:45:01 - [TEST_STEP][PASSED] - switchToWindowIndex(1): Switched to window with index: '1'

2022-12-26 15:45:02 - [MESSAGE][PASSED] - Switched to window with index: '1'

2022-12-26 15:45:02 - [TEST_STEP][PASSED] - delay(5): Delayed 5 second(s)

2022-12-26 15:45:07 - [MESSAGE][PASSED] - Delayed 5 second(s)

2022-12-26 15:45:07 - [TEST_STEP][PASSED] - assert getUrl() == "https://www.everleagues.com/pricing": Current window's url is: 'https://www.everleagues.com/pricing'

2022-12-26 15:45:07 - [MESSAGE][PASSED] - Current window's url is: 'https://www.everleagues.com/pricing'

2022-12-26 15:45:07 - [TEST_STEP][PASSED] - closeWindowUrl("https://www.everleagues.com/pricing"): Window with url: 'https://www.everleagues.com/pricing' is closed

2022-12-26 15:45:07 - [MESSAGE][PASSED] - Window with url: 'https://www.everleagues.com/pricing' is closed

2022-12-26 15:45:07 - [TEST_STEP][PASSED] - switchToWindowIndex(0): Switched to window with index: '0'

2022-12-26 15:45:07 - [MESSAGE][PASSED] - Switched to window with index: '0'

2022-12-26 15:45:07 - [TEST_STEP][PASSED] - delay(1): Delayed 1 second(s)

2022-12-26 15:45:09 - [MESSAGE][PASSED] - Delayed 1 second(s)

2022-12-26 15:45:09 - [TEST_STEP][PASSED] - click(findTestObject("04-Add my Organizations/Free limited Plan/button_Next2")): Object: 'Object Repository/04-Add my Organizations/Free limited Plan/button_Next2' is clicked on

2022-12-26 15:45:09 - [MESSAGE][PASSED] - Object: 'Object Repository/04-Add my Organizations/Free limited Plan/button_Next2' is clicked on

2022-12-26 15:45:09 - [TEST_STEP][PASSED] - delay(1): Delayed 1 second(s)

2022-12-26 15:45:10 - [MESSAGE][PASSED] - Delayed 1 second(s)

2022-12-26 15:45:10 - [TEST_STEP][PASSED] - verifyElementVisible(findTestObject("04-Add my Organizations/Free limited Plan/add my org modal 3")): Object 'Object Repository/04-Add my Organizations/Free limited Plan/add my org modal 3' is visible

2022-12-26 15:45:11 - [MESSAGE][PASSED] - Object 'Object Repository/04-Add my Organizations/Free limited Plan/add my org modal 3' is visible

2022-12-26 15:45:11 - [TEST_STEP][PASSED] - delay(1): Delayed 1 second(s)

2022-12-26 15:45:12 - [MESSAGE][PASSED] - Delayed 1 second(s)

2022-12-26 15:45:12 - [TEST_STEP][PASSED] - click(findTestObject("04-Add my Organizations/Free limited Plan/SaaS checkbox")): Object: 'Object Repository/04-Add my Organizations/Free limited Plan/SaaS checkbox' is clicked on

2022-12-26 15:45:13 - [MESSAGE][PASSED] - Object: 'Object Repository/04-Add my Organizations/Free limited Plan/SaaS checkbox' is clicked on

2022-12-26 15:45:13 - [TEST_STEP][PASSED] - click(findTestObject("04-Add my Organizations/Free limited Plan/a_Software as a service (SaaS) subscription agreement")): Object: 'Object Repository/04-Add my Organizations/Free limited Plan/a_Software as a service (SaaS) subscription agreement' is clicked on

2022-12-26 15:45:15 - [MESSAGE][PASSED] - Object: 'Object Repository/04-Add my Organizations/Free limited Plan/a_Software as a service (SaaS) subscription agreement' is clicked on

2022-12-26 15:45:15 - [TEST_STEP][PASSED] - switchToWindowIndex(1): Switched to window with index: '1'

2022-12-26 15:45:15 - [MESSAGE][PASSED] - Switched to window with index: '1'

2022-12-26 15:45:15 - [TEST_STEP][PASSED] - delay(5): Delayed 5 second(s)

2022-12-26 15:45:20 - [MESSAGE][PASSED] - Delayed 5 second(s)

2022-12-26 15:45:20 - [TEST_STEP][PASSED] - assert getUrl() == "https://www.everleagues.com/saas-agreement/": Current window's url is: 'https://www.everleagues.com/saas-agreement/'

2022-12-26 15:45:22 - [MESSAGE][PASSED] - Current window's url is: 'https://www.everleagues.com/saas-agreement/'

2022-12-26 15:45:22 - [TEST_STEP][PASSED] - closeWindowUrl("https://www.everleagues.com/saas-agreement/"): Window with url: 'https://www.everleagues.com/saas-agreement/' is closed

2022-12-26 15:45:23 - [MESSAGE][PASSED] - Window with url: 'https://www.everleagues.com/saas-agreement/' is closed

2022-12-26 15:45:23 - [TEST_STEP][PASSED] - switchToWindowIndex(0): Switched to window with index: '0'

2022-12-26 15:45:23 - [MESSAGE][PASSED] - Switched to window with index: '0'

2022-12-26 15:45:23 - [TEST_STEP][PASSED] - delay(1): Delayed 1 second(s)

2022-12-26 15:45:24 - [MESSAGE][PASSED] - Delayed 1 second(s)

2022-12-26 15:45:24 - [TEST_STEP][PASSED] - click(findTestObject("04-Add my Organizations/Free limited Plan/button_Create")): Object: 'Object Repository/04-Add my Organizations/Free limited Plan/button_Create' is clicked on

2022-12-26 15:45:25 - [MESSAGE][PASSED] - Object: 'Object Repository/04-Add my Organizations/Free limited Plan/button_Create' is clicked on

2022-12-26 15:45:25 - [TEST_STEP][PASSED] - delay(1): Delayed 1 second(s)

2022-12-26 15:45:26 - [MESSAGE][PASSED] - Delayed 1 second(s)

2022-12-26 15:45:26 - [TEST_STEP][PASSED] - verifyElementVisible(findTestObject("04-Add my Organizations/Free limited Plan/Congratulations msg")): Object 'Object Repository/04-Add my Organizations/Free limited Plan/Congratulations msg' is visible

2022-12-26 15:45:32 - [MESSAGE][PASSED] - Object 'Object Repository/04-Add my Organizations/Free limited Plan/Congratulations msg' is visible

2022-12-26 15:45:32 - [TEST_STEP][PASSED] - verifyElementVisible(findTestObject("04-Add my Organizations/Free limited Plan/button_SET UP")): Object 'Object Repository/04-Add my Organizations/Free limited Plan/button_SET UP' is visible

2022-12-26 15:45:33 - [MESSAGE][PASSED] - Object 'Object Repository/04-Add my Organizations/Free limited Plan/button_SET UP' is visible

2022-12-26 15:45:33 - [TEST_STEP][PASSED] - verifyElementVisible(findTestObject("04-Add my Organizations/Free limited Plan/button_INVITE EMPLOYEES etc")): Object 'Object Repository/04-Add my Organizations/Free limited Plan/button_INVITE EMPLOYEES etc' is visible

2022-12-26 15:45:34 - [MESSAGE][PASSED] - Object 'Object Repository/04-Add my Organizations/Free limited Plan/button_INVITE EMPLOYEES etc' is visible

2022-12-26 15:45:34 - [TEST_STEP][PASSED] - verifyElementVisible(findTestObject("04-Add my Organizations/Free limited Plan/button_SET UP TEAM")): Object 'Object Repository/04-Add my Organizations/Free limited Plan/button_SET UP TEAM' is visible

2022-12-26 15:45:35 - [MESSAGE][PASSED] - Object 'Object Repository/04-Add my Organizations/Free limited Plan/button_SET UP TEAM' is visible

2022-12-26 15:45:35 - [TEST_STEP][PASSED] - verifyElementVisible(findTestObject("04-Add my Organizations/Free limited Plan/button_LEARN MORE")): Object 'Object Repository/04-Add my Organizations/Free limited Plan/button_LEARN MORE' is visible

2022-12-26 15:45:35 - [MESSAGE][PASSED] - Object 'Object Repository/04-Add my Organizations/Free limited Plan/button_LEARN MORE' is visible

2022-12-26 15:45:35 - [TEST_STEP][PASSED] - delay(5): Delayed 5 second(s)

2022-12-26 15:45:40 - [MESSAGE][PASSED] - Delayed 5 second(s)

2022-12-26 15:45:40 - [TEST_STEP][PASSED] - click(findTestObject("04-Add my Organizations/Free limited Plan/button_DO THIS LATER")): Object: 'Object Repository/04-Add my Organizations/Free limited Plan/button_DO THIS LATER' is clicked on

2022-12-26 15:45:41 - [MESSAGE][PASSED] - Object: 'Object Repository/04-Add my Organizations/Free limited Plan/button_DO THIS LATER' is clicked on

2022-12-26 15:45:41 - [TEST_STEP][PASSED] - delay(1): Delayed 1 second(s)

2022-12-26 15:45:42 - [MESSAGE][PASSED] - Delayed 1 second(s)

2022-12-26 15:45:42 - [TEST_STEP][PASSED] - verifyElementVisible(findTestObject("04-Add my Organizations/Free limited Plan/span_GG Automation")): Object 'Object Repository/04-Add my Organizations/Free limited Plan/span_GG Automation' is visible

2022-12-26 15:45:43 - [MESSAGE][PASSED] - Object 'Object Repository/04-Add my Organizations/Free limited Plan/span_GG Automation' is visible

2022-12-26 15:45:43 - [TEST_STEP][PASSED] - delay(1): Delayed 1 second(s)

2022-12-26 15:45:44 - [MESSAGE][PASSED] - Delayed 1 second(s)

2022-12-26 15:45:44 - [TEST_STEP][PASSED] - closeBrowser(): Browser is closed

2022-12-26 15:45:46 - [MESSAGE][PASSED] - Browser is closed]]></system-out>
         <system-err><![CDATA[]]></system-err>
      </testcase>
      <system-out><![CDATA[2022-12-26 15:38:08 - [TEST_SUITE][PASSED] - 04-Add my Organizations: Test Cases/04-Add my Organizations/03- Free limited Plan (Positive Scenarios)]]></system-out>
      <system-err><![CDATA[]]></system-err>
   </testsuite>
</testsuites>
