<?xml version="1.0" encoding="UTF-8"?>
<testsuites name="06.1- Teams - Add" time="178.784" tests="2" failures="0" errors="0">
   <testsuite name="06.1- Teams - Add" tests="2" failures="0" errors="0" time="178.784" skipped="0" timestamp="2022-10-14 20:01:58" hostname="User - DESKTOP-QCRNR4M" id="Test Suites/TS-Organization/06.1- Teams - Add">
      <properties>
         <property name="deviceName" value=""/>
         <property name="devicePlatform" value=""/>
         <property name="logFolder" value="C:\\Users\\User\\Katalon Studio\\EverleaguesMain\\Reports\\20221014_200155\\TS-Organization\\06.1- Teams - Add\\20221014_200155"/>
         <property name="logFiles" value="C:\\Users\\User\\Katalon Studio\\EverleaguesMain\\Reports\\20221014_200155\\TS-Organization\\06.1- Teams - Add\\20221014_200155\\execution0.log"/>
         <property name="attachments" value=""/>
         <property name="hostName" value="User - DESKTOP-QCRNR4M"/>
         <property name="os" value="Windows 10 64bit"/>
         <property name="katalonVersion" value="8.4.1.208"/>
         <property name="browser" value="Chrome 106.0.0.0"/>
         <property name="hostAddress" value="192.168.5.124"/>
         <property name="sessionId" value="e635294ffc0a48f8979b4d96866d051c"/>
         <property name="seleniumVersion" value="3.141.59"/>
         <property name="proxyInformation" value="ProxyInformation { proxyOption=NO_PROXY, proxyServerType=HTTP, username=, password=********, proxyServerAddress=, proxyServerPort=0, executionList=&quot;&quot;, isApplyToDesiredCapabilities=true }"/>
         <property name="platform" value="Windows 10"/>
      </properties>
      <testcase name="Test Cases/06- Teams/01- Add Team- Public" time="86.461" classname="Test Cases/06- Teams/01- Add Team- Public" status="PASSED">
         <system-out><![CDATA[2022-10-14 20:01:58 - [TEST_CASE][PASSED] - Test Cases/06- Teams/01- Add Team- Public: Test Cases/06- Teams/01- Add Team- Public

2022-10-14 20:01:58 - [TEST_STEP][PASSED] - openBrowser(""): Browser is opened with url: ''

2022-10-14 20:01:59 - [MESSAGE][INFO] - Starting 'Chrome' driver

2022-10-14 20:01:59 - [MESSAGE][INFO] - Action delay is set to 0 milliseconds

2022-10-14 20:02:01 - [MESSAGE][PASSED] - Browser is opened with url: ''

2022-10-14 20:02:01 - [TEST_STEP][PASSED] - navigateToUrl("https://lab.everleagues.com/"): Navigate to 'https://lab.everleagues.com/' successfully

2022-10-14 20:02:29 - [MESSAGE][PASSED] - Navigate to 'https://lab.everleagues.com/' successfully

2022-10-14 20:02:29 - [TEST_STEP][PASSED] - maximizeWindow(): Current window maximized

2022-10-14 20:02:29 - [MESSAGE][PASSED] - Current window maximized

2022-10-14 20:02:29 - [TEST_STEP][PASSED] - setText(findTestObject("02-Side Icons(Organization)/Add Contact/Email Field"), "testuser02@mailinator.com"): Text 'testuser02@mailinator.com' is set on object 'Object Repository/02-Side Icons(Organization)/Add Contact/Email Field'

2022-10-14 20:02:31 - [MESSAGE][PASSED] - Text 'testuser02@mailinator.com' is set on object 'Object Repository/02-Side Icons(Organization)/Add Contact/Email Field'

2022-10-14 20:02:31 - [TEST_STEP][PASSED] - setEncryptedText(findTestObject("02-Side Icons(Organization)/Add Contact/Password Field"), "8yFRyszE6U6jvsCn51OQbg=="): Text ****** has been set on object 'Object Repository/02-Side Icons(Organization)/Add Contact/Password Field'

2022-10-14 20:02:31 - [MESSAGE][PASSED] - Text ****** has been set on object 'Object Repository/02-Side Icons(Organization)/Add Contact/Password Field'

2022-10-14 20:02:31 - [TEST_STEP][PASSED] - click(findTestObject("02-Side Icons(Organization)/Add Contact/button_Sign in")): Object: 'Object Repository/02-Side Icons(Organization)/Add Contact/button_Sign in' is clicked on

2022-10-14 20:02:32 - [MESSAGE][PASSED] - Object: 'Object Repository/02-Side Icons(Organization)/Add Contact/button_Sign in' is clicked on

2022-10-14 20:02:32 - [TEST_STEP][PASSED] - delay(2): Delayed 2 second(s)

2022-10-14 20:02:34 - [MESSAGE][PASSED] - Delayed 2 second(s)

2022-10-14 20:02:34 - [TEST_STEP][PASSED] - click(findTestObject("06-Teams/button_doublearrow")): Object: 'Object Repository/06-Teams/button_doublearrow' is clicked on

2022-10-14 20:02:39 - [MESSAGE][PASSED] - Object: 'Object Repository/06-Teams/button_doublearrow' is clicked on

2022-10-14 20:02:39 - [TEST_STEP][PASSED] - click(findTestObject("06-Teams/button_My Organizations")): Object: 'Object Repository/06-Teams/button_My Organizations' is clicked on

2022-10-14 20:02:40 - [MESSAGE][PASSED] - Object: 'Object Repository/06-Teams/button_My Organizations' is clicked on

2022-10-14 20:02:40 - [TEST_STEP][PASSED] - click(findTestObject("06-Teams/button_GG Automation")): Object: 'Object Repository/06-Teams/button_GG Automation' is clicked on

2022-10-14 20:02:40 - [MESSAGE][PASSED] - Object: 'Object Repository/06-Teams/button_GG Automation' is clicked on

2022-10-14 20:02:40 - [TEST_STEP][PASSED] - delay(4): Delayed 4 second(s)

2022-10-14 20:02:44 - [MESSAGE][PASSED] - Delayed 4 second(s)

2022-10-14 20:02:44 - [TEST_STEP][PASSED] - verifyElementVisible(findTestObject("06-Teams/span_GG Automation")): Object 'Object Repository/06-Teams/span_GG Automation' is visible

2022-10-14 20:02:45 - [MESSAGE][PASSED] - Object 'Object Repository/06-Teams/span_GG Automation' is visible

2022-10-14 20:02:45 - [TEST_STEP][PASSED] - delay(2): Delayed 2 second(s)

2022-10-14 20:02:47 - [MESSAGE][PASSED] - Delayed 2 second(s)

2022-10-14 20:02:47 - [TEST_STEP][PASSED] - click(findTestObject("03-Header Menu/Hamburger Button/div_Teams")): Object: 'Object Repository/03-Header Menu/Hamburger Button/div_Teams' is clicked on

2022-10-14 20:02:47 - [MESSAGE][PASSED] - Object: 'Object Repository/03-Header Menu/Hamburger Button/div_Teams' is clicked on

2022-10-14 20:02:47 - [TEST_STEP][PASSED] - delay(2): Delayed 2 second(s)

2022-10-14 20:02:49 - [MESSAGE][PASSED] - Delayed 2 second(s)

2022-10-14 20:02:49 - [TEST_STEP][PASSED] - verifyElementVisible(findTestObject("06-Teams/h4_TEAMS")): Object 'Object Repository/06-Teams/h4_TEAMS' is visible

2022-10-14 20:02:50 - [MESSAGE][PASSED] - Object 'Object Repository/06-Teams/h4_TEAMS' is visible

2022-10-14 20:02:50 - [TEST_STEP][PASSED] - delay(3): Delayed 3 second(s)

2022-10-14 20:02:53 - [MESSAGE][PASSED] - Delayed 3 second(s)

2022-10-14 20:02:53 - [TEST_STEP][PASSED] - click(findTestObject("06-Teams/Add Team")): Object: 'Object Repository/06-Teams/Add Team' is clicked on

2022-10-14 20:02:53 - [MESSAGE][PASSED] - Object: 'Object Repository/06-Teams/Add Team' is clicked on

2022-10-14 20:02:53 - [TEST_STEP][PASSED] - delay(3): Delayed 3 second(s)

2022-10-14 20:02:56 - [MESSAGE][PASSED] - Delayed 3 second(s)

2022-10-14 20:02:56 - [TEST_STEP][PASSED] - verifyElementVisible(findTestObject("06-Teams/button_Public")): Object 'Object Repository/06-Teams/button_Public' is visible

2022-10-14 20:02:56 - [MESSAGE][PASSED] - Object 'Object Repository/06-Teams/button_Public' is visible

2022-10-14 20:02:56 - [TEST_STEP][PASSED] - verifyElementVisible(findTestObject("06-Teams/button_Private")): Object 'Object Repository/06-Teams/button_Private' is visible

2022-10-14 20:02:57 - [MESSAGE][PASSED] - Object 'Object Repository/06-Teams/button_Private' is visible

2022-10-14 20:02:57 - [TEST_STEP][PASSED] - delay(3): Delayed 3 second(s)

2022-10-14 20:03:00 - [MESSAGE][PASSED] - Delayed 3 second(s)

2022-10-14 20:03:00 - [TEST_STEP][PASSED] - click(findTestObject("06-Teams/button_Public")): Object: 'Object Repository/06-Teams/button_Public' is clicked on

2022-10-14 20:03:00 - [MESSAGE][PASSED] - Object: 'Object Repository/06-Teams/button_Public' is clicked on

2022-10-14 20:03:00 - [TEST_STEP][PASSED] - verifyElementVisible(findTestObject("06-Teams/01-Add Team-Public/Add Team_Public")): Object 'Object Repository/06-Teams/01-Add Team-Public/Add Team_Public' is visible

2022-10-14 20:03:00 - [MESSAGE][PASSED] - Object 'Object Repository/06-Teams/01-Add Team-Public/Add Team_Public' is visible

2022-10-14 20:03:00 - [TEST_STEP][PASSED] - verifyElementNotClickable(findTestObject("06-Teams/01-Add Team-Public/button_Create")): Object 'Object Repository/06-Teams/01-Add Team-Public/button_Create' is NOT clickable

2022-10-14 20:03:01 - [MESSAGE][PASSED] - Object 'Object Repository/06-Teams/01-Add Team-Public/button_Create' is NOT clickable

2022-10-14 20:03:01 - [TEST_STEP][PASSED] - delay(3): Delayed 3 second(s)

2022-10-14 20:03:04 - [MESSAGE][PASSED] - Delayed 3 second(s)

2022-10-14 20:03:04 - [TEST_STEP][PASSED] - click(findTestObject("06-Teams/01-Add Team-Public/input_teamName")): Object: 'Object Repository/06-Teams/01-Add Team-Public/input_teamName' is clicked on

2022-10-14 20:03:04 - [MESSAGE][PASSED] - Object: 'Object Repository/06-Teams/01-Add Team-Public/input_teamName' is clicked on

2022-10-14 20:03:04 - [TEST_STEP][PASSED] - click(findTestObject("06-Teams/01-Add Team-Public/Org unit")): Object: 'Object Repository/06-Teams/01-Add Team-Public/Org unit' is clicked on

2022-10-14 20:03:05 - [MESSAGE][PASSED] - Object: 'Object Repository/06-Teams/01-Add Team-Public/Org unit' is clicked on

2022-10-14 20:03:05 - [TEST_STEP][PASSED] - verifyElementVisible(findTestObject("06-Teams/01-Add Team-Public/h4_Select an organization unit")): Object 'Object Repository/06-Teams/01-Add Team-Public/h4_Select an organization unit' is visible

2022-10-14 20:03:05 - [MESSAGE][PASSED] - Object 'Object Repository/06-Teams/01-Add Team-Public/h4_Select an organization unit' is visible

2022-10-14 20:03:05 - [TEST_STEP][PASSED] - delay(3): Delayed 3 second(s)

2022-10-14 20:03:08 - [MESSAGE][PASSED] - Delayed 3 second(s)

2022-10-14 20:03:08 - [TEST_STEP][PASSED] - click(findTestObject("06-Teams/01-Add Team-Public/div_GG Automation")): Object: 'Object Repository/06-Teams/01-Add Team-Public/div_GG Automation' is clicked on

2022-10-14 20:03:09 - [MESSAGE][PASSED] - Object: 'Object Repository/06-Teams/01-Add Team-Public/div_GG Automation' is clicked on

2022-10-14 20:03:09 - [TEST_STEP][PASSED] - click(findTestObject("06-Teams/01-Add Team-Public/button_Select")): Object: 'Object Repository/06-Teams/01-Add Team-Public/button_Select' is clicked on

2022-10-14 20:03:09 - [MESSAGE][PASSED] - Object: 'Object Repository/06-Teams/01-Add Team-Public/button_Select' is clicked on

2022-10-14 20:03:09 - [TEST_STEP][PASSED] - verifyElementVisible(findTestObject("06-Teams/01-Add Team-Public/Error Team name")): Object 'Object Repository/06-Teams/01-Add Team-Public/Error Team name' is visible

2022-10-14 20:03:10 - [MESSAGE][PASSED] - Object 'Object Repository/06-Teams/01-Add Team-Public/Error Team name' is visible

2022-10-14 20:03:10 - [TEST_STEP][PASSED] - delay(3): Delayed 3 second(s)

2022-10-14 20:03:13 - [MESSAGE][PASSED] - Delayed 3 second(s)

2022-10-14 20:03:13 - [TEST_STEP][PASSED] - setText(findTestObject("06-Teams/01-Add Team-Public/input_teamName"), "Auto Team Public"): Text 'Auto Team Public' is set on object 'Object Repository/06-Teams/01-Add Team-Public/input_teamName'

2022-10-14 20:03:14 - [MESSAGE][PASSED] - Text 'Auto Team Public' is set on object 'Object Repository/06-Teams/01-Add Team-Public/input_teamName'

2022-10-14 20:03:14 - [TEST_STEP][PASSED] - click(findTestObject("06-Teams/01-Add Team-Public/button_Create")): Object: 'Object Repository/06-Teams/01-Add Team-Public/button_Create' is clicked on

2022-10-14 20:03:14 - [MESSAGE][PASSED] - Object: 'Object Repository/06-Teams/01-Add Team-Public/button_Create' is clicked on

2022-10-14 20:03:14 - [TEST_STEP][PASSED] - delay(3): Delayed 3 second(s)

2022-10-14 20:03:17 - [MESSAGE][PASSED] - Delayed 3 second(s)

2022-10-14 20:03:17 - [TEST_STEP][PASSED] - verifyElementVisible(findTestObject("06-Teams/01-Add Team-Public/span_Successfully added new team")): Object 'Object Repository/06-Teams/01-Add Team-Public/span_Successfully added new team' is visible

2022-10-14 20:03:18 - [MESSAGE][PASSED] - Object 'Object Repository/06-Teams/01-Add Team-Public/span_Successfully added new team' is visible

2022-10-14 20:03:18 - [TEST_STEP][PASSED] - delay(3): Delayed 3 second(s)

2022-10-14 20:03:21 - [MESSAGE][PASSED] - Delayed 3 second(s)

2022-10-14 20:03:21 - [TEST_STEP][PASSED] - verifyElementVisible(findTestObject("06-Teams/01-Add Team-Public/span_Auto Team Public")): Object 'Object Repository/06-Teams/01-Add Team-Public/span_Auto Team Public' is visible

2022-10-14 20:03:21 - [MESSAGE][PASSED] - Object 'Object Repository/06-Teams/01-Add Team-Public/span_Auto Team Public' is visible

2022-10-14 20:03:21 - [TEST_STEP][PASSED] - delay(3): Delayed 3 second(s)

2022-10-14 20:03:24 - [MESSAGE][PASSED] - Delayed 3 second(s)

2022-10-14 20:03:24 - [TEST_STEP][PASSED] - closeBrowser(): Browser is closed

2022-10-14 20:03:25 - [MESSAGE][PASSED] - Browser is closed]]></system-out>
         <system-err><![CDATA[]]></system-err>
      </testcase>
      <testcase name="Test Cases/06- Teams/02-Add Team-Private" time="92.011" classname="Test Cases/06- Teams/02-Add Team-Private" status="PASSED">
         <system-out><![CDATA[2022-10-14 20:03:25 - [TEST_CASE][PASSED] - Test Cases/06- Teams/02-Add Team-Private: Test Cases/06- Teams/02-Add Team-Private

2022-10-14 20:03:25 - [TEST_STEP][PASSED] - openBrowser(""): Browser is opened with url: ''

2022-10-14 20:03:25 - [MESSAGE][INFO] - Starting 'Chrome' driver

2022-10-14 20:03:25 - [MESSAGE][INFO] - Action delay is set to 0 milliseconds

2022-10-14 20:03:26 - [MESSAGE][PASSED] - Browser is opened with url: ''

2022-10-14 20:03:26 - [TEST_STEP][PASSED] - navigateToUrl("https://lab.everleagues.com/"): Navigate to 'https://lab.everleagues.com/' successfully

2022-10-14 20:03:52 - [MESSAGE][PASSED] - Navigate to 'https://lab.everleagues.com/' successfully

2022-10-14 20:03:52 - [TEST_STEP][PASSED] - maximizeWindow(): Current window maximized

2022-10-14 20:03:52 - [MESSAGE][PASSED] - Current window maximized

2022-10-14 20:03:52 - [TEST_STEP][PASSED] - setText(findTestObject("02-Side Icons(Organization)/Add Contact/Email Field"), "testuser02@mailinator.com"): Text 'testuser02@mailinator.com' is set on object 'Object Repository/02-Side Icons(Organization)/Add Contact/Email Field'

2022-10-14 20:03:53 - [MESSAGE][PASSED] - Text 'testuser02@mailinator.com' is set on object 'Object Repository/02-Side Icons(Organization)/Add Contact/Email Field'

2022-10-14 20:03:53 - [TEST_STEP][PASSED] - setEncryptedText(findTestObject("02-Side Icons(Organization)/Add Contact/Password Field"), "8yFRyszE6U6jvsCn51OQbg=="): Text ****** has been set on object 'Object Repository/02-Side Icons(Organization)/Add Contact/Password Field'

2022-10-14 20:03:53 - [MESSAGE][PASSED] - Text ****** has been set on object 'Object Repository/02-Side Icons(Organization)/Add Contact/Password Field'

2022-10-14 20:03:53 - [TEST_STEP][PASSED] - click(findTestObject("02-Side Icons(Organization)/Add Contact/button_Sign in")): Object: 'Object Repository/02-Side Icons(Organization)/Add Contact/button_Sign in' is clicked on

2022-10-14 20:03:54 - [MESSAGE][PASSED] - Object: 'Object Repository/02-Side Icons(Organization)/Add Contact/button_Sign in' is clicked on

2022-10-14 20:03:54 - [TEST_STEP][PASSED] - delay(3): Delayed 3 second(s)

2022-10-14 20:03:57 - [MESSAGE][PASSED] - Delayed 3 second(s)

2022-10-14 20:03:57 - [TEST_STEP][PASSED] - click(findTestObject("06-Teams/button_doublearrow")): Object: 'Object Repository/06-Teams/button_doublearrow' is clicked on

2022-10-14 20:04:01 - [MESSAGE][PASSED] - Object: 'Object Repository/06-Teams/button_doublearrow' is clicked on

2022-10-14 20:04:01 - [TEST_STEP][PASSED] - click(findTestObject("06-Teams/button_My Organizations")): Object: 'Object Repository/06-Teams/button_My Organizations' is clicked on

2022-10-14 20:04:02 - [MESSAGE][PASSED] - Object: 'Object Repository/06-Teams/button_My Organizations' is clicked on

2022-10-14 20:04:02 - [TEST_STEP][PASSED] - click(findTestObject("06-Teams/button_GG Automation")): Object: 'Object Repository/06-Teams/button_GG Automation' is clicked on

2022-10-14 20:04:03 - [MESSAGE][PASSED] - Object: 'Object Repository/06-Teams/button_GG Automation' is clicked on

2022-10-14 20:04:03 - [TEST_STEP][PASSED] - delay(4): Delayed 4 second(s)

2022-10-14 20:04:07 - [MESSAGE][PASSED] - Delayed 4 second(s)

2022-10-14 20:04:07 - [TEST_STEP][PASSED] - verifyElementVisible(findTestObject("06-Teams/span_GG Automation")): Object 'Object Repository/06-Teams/span_GG Automation' is visible

2022-10-14 20:04:07 - [MESSAGE][PASSED] - Object 'Object Repository/06-Teams/span_GG Automation' is visible

2022-10-14 20:04:07 - [TEST_STEP][PASSED] - delay(2): Delayed 2 second(s)

2022-10-14 20:04:09 - [MESSAGE][PASSED] - Delayed 2 second(s)

2022-10-14 20:04:09 - [TEST_STEP][PASSED] - click(findTestObject("03-Header Menu/Hamburger Button/div_Teams")): Object: 'Object Repository/03-Header Menu/Hamburger Button/div_Teams' is clicked on

2022-10-14 20:04:10 - [MESSAGE][PASSED] - Object: 'Object Repository/03-Header Menu/Hamburger Button/div_Teams' is clicked on

2022-10-14 20:04:10 - [TEST_STEP][PASSED] - delay(2): Delayed 2 second(s)

2022-10-14 20:04:12 - [MESSAGE][PASSED] - Delayed 2 second(s)

2022-10-14 20:04:12 - [TEST_STEP][PASSED] - verifyElementVisible(findTestObject("06-Teams/h4_TEAMS")): Object 'Object Repository/06-Teams/h4_TEAMS' is visible

2022-10-14 20:04:12 - [MESSAGE][PASSED] - Object 'Object Repository/06-Teams/h4_TEAMS' is visible

2022-10-14 20:04:12 - [TEST_STEP][PASSED] - delay(3): Delayed 3 second(s)

2022-10-14 20:04:15 - [MESSAGE][PASSED] - Delayed 3 second(s)

2022-10-14 20:04:15 - [TEST_STEP][PASSED] - click(findTestObject("06-Teams/Add Team")): Object: 'Object Repository/06-Teams/Add Team' is clicked on

2022-10-14 20:04:15 - [MESSAGE][PASSED] - Object: 'Object Repository/06-Teams/Add Team' is clicked on

2022-10-14 20:04:15 - [TEST_STEP][PASSED] - delay(3): Delayed 3 second(s)

2022-10-14 20:04:18 - [MESSAGE][PASSED] - Delayed 3 second(s)

2022-10-14 20:04:18 - [TEST_STEP][PASSED] - verifyElementVisible(findTestObject("06-Teams/button_Public")): Object 'Object Repository/06-Teams/button_Public' is visible

2022-10-14 20:04:19 - [MESSAGE][PASSED] - Object 'Object Repository/06-Teams/button_Public' is visible

2022-10-14 20:04:19 - [TEST_STEP][PASSED] - verifyElementVisible(findTestObject("06-Teams/button_Private")): Object 'Object Repository/06-Teams/button_Private' is visible

2022-10-14 20:04:19 - [MESSAGE][PASSED] - Object 'Object Repository/06-Teams/button_Private' is visible

2022-10-14 20:04:19 - [TEST_STEP][PASSED] - delay(3): Delayed 3 second(s)

2022-10-14 20:04:22 - [MESSAGE][PASSED] - Delayed 3 second(s)

2022-10-14 20:04:22 - [TEST_STEP][PASSED] - click(findTestObject("06-Teams/button_Private")): Object: 'Object Repository/06-Teams/button_Private' is clicked on

2022-10-14 20:04:22 - [MESSAGE][PASSED] - Object: 'Object Repository/06-Teams/button_Private' is clicked on

2022-10-14 20:04:22 - [TEST_STEP][PASSED] - delay(3): Delayed 3 second(s)

2022-10-14 20:04:25 - [MESSAGE][PASSED] - Delayed 3 second(s)

2022-10-14 20:04:25 - [TEST_STEP][PASSED] - verifyElementVisible(findTestObject("06-Teams/02-Add Team-Private/Add team- Private")): Object 'Object Repository/06-Teams/02-Add Team-Private/Add team- Private' is visible

2022-10-14 20:04:26 - [MESSAGE][PASSED] - Object 'Object Repository/06-Teams/02-Add Team-Private/Add team- Private' is visible

2022-10-14 20:04:26 - [TEST_STEP][PASSED] - verifyElementVisible(findTestObject("06-Teams/02-Add Team-Private/div_Settings")): Object 'Object Repository/06-Teams/02-Add Team-Private/div_Settings' is visible

2022-10-14 20:04:26 - [MESSAGE][PASSED] - Object 'Object Repository/06-Teams/02-Add Team-Private/div_Settings' is visible

2022-10-14 20:04:26 - [TEST_STEP][PASSED] - verifyElementVisible(findTestObject("06-Teams/02-Add Team-Private/div_Members")): Object 'Object Repository/06-Teams/02-Add Team-Private/div_Members' is visible

2022-10-14 20:04:26 - [MESSAGE][PASSED] - Object 'Object Repository/06-Teams/02-Add Team-Private/div_Members' is visible

2022-10-14 20:04:26 - [TEST_STEP][PASSED] - verifyElementNotClickable(findTestObject("06-Teams/01-Add Team-Public/button_Create")): Object 'Object Repository/06-Teams/01-Add Team-Public/button_Create' is NOT clickable

2022-10-14 20:04:27 - [MESSAGE][PASSED] - Object 'Object Repository/06-Teams/01-Add Team-Public/button_Create' is NOT clickable

2022-10-14 20:04:27 - [TEST_STEP][PASSED] - delay(3): Delayed 3 second(s)

2022-10-14 20:04:30 - [MESSAGE][PASSED] - Delayed 3 second(s)

2022-10-14 20:04:30 - [TEST_STEP][PASSED] - click(findTestObject("06-Teams/01-Add Team-Public/input_teamName")): Object: 'Object Repository/06-Teams/01-Add Team-Public/input_teamName' is clicked on

2022-10-14 20:04:30 - [MESSAGE][PASSED] - Object: 'Object Repository/06-Teams/01-Add Team-Public/input_teamName' is clicked on

2022-10-14 20:04:30 - [TEST_STEP][PASSED] - click(findTestObject("06-Teams/01-Add Team-Public/Org unit")): Object: 'Object Repository/06-Teams/01-Add Team-Public/Org unit' is clicked on

2022-10-14 20:04:31 - [MESSAGE][PASSED] - Object: 'Object Repository/06-Teams/01-Add Team-Public/Org unit' is clicked on

2022-10-14 20:04:31 - [TEST_STEP][PASSED] - verifyElementVisible(findTestObject("06-Teams/01-Add Team-Public/h4_Select an organization unit")): Object 'Object Repository/06-Teams/01-Add Team-Public/h4_Select an organization unit' is visible

2022-10-14 20:04:31 - [MESSAGE][PASSED] - Object 'Object Repository/06-Teams/01-Add Team-Public/h4_Select an organization unit' is visible

2022-10-14 20:04:31 - [TEST_STEP][PASSED] - delay(3): Delayed 3 second(s)

2022-10-14 20:04:34 - [MESSAGE][PASSED] - Delayed 3 second(s)

2022-10-14 20:04:34 - [TEST_STEP][PASSED] - click(findTestObject("06-Teams/01-Add Team-Public/div_GG Automation")): Object: 'Object Repository/06-Teams/01-Add Team-Public/div_GG Automation' is clicked on

2022-10-14 20:04:35 - [MESSAGE][PASSED] - Object: 'Object Repository/06-Teams/01-Add Team-Public/div_GG Automation' is clicked on

2022-10-14 20:04:35 - [TEST_STEP][PASSED] - click(findTestObject("06-Teams/01-Add Team-Public/button_Select")): Object: 'Object Repository/06-Teams/01-Add Team-Public/button_Select' is clicked on

2022-10-14 20:04:35 - [MESSAGE][PASSED] - Object: 'Object Repository/06-Teams/01-Add Team-Public/button_Select' is clicked on

2022-10-14 20:04:35 - [TEST_STEP][PASSED] - verifyElementVisible(findTestObject("06-Teams/01-Add Team-Public/Error Team name")): Object 'Object Repository/06-Teams/01-Add Team-Public/Error Team name' is visible

2022-10-14 20:04:36 - [MESSAGE][PASSED] - Object 'Object Repository/06-Teams/01-Add Team-Public/Error Team name' is visible

2022-10-14 20:04:36 - [TEST_STEP][PASSED] - delay(3): Delayed 3 second(s)

2022-10-14 20:04:39 - [MESSAGE][PASSED] - Delayed 3 second(s)

2022-10-14 20:04:39 - [TEST_STEP][PASSED] - setText(findTestObject("06-Teams/01-Add Team-Public/input_teamName"), "Auto Team Private"): Text 'Auto Team Private' is set on object 'Object Repository/06-Teams/01-Add Team-Public/input_teamName'

2022-10-14 20:04:40 - [MESSAGE][PASSED] - Text 'Auto Team Private' is set on object 'Object Repository/06-Teams/01-Add Team-Public/input_teamName'

2022-10-14 20:04:40 - [TEST_STEP][PASSED] - delay(3): Delayed 3 second(s)

2022-10-14 20:04:43 - [MESSAGE][PASSED] - Delayed 3 second(s)

2022-10-14 20:04:43 - [TEST_STEP][PASSED] - click(findTestObject("06-Teams/02-Add Team-Private/div_Members")): Object: 'Object Repository/06-Teams/02-Add Team-Private/div_Members' is clicked on

2022-10-14 20:04:43 - [MESSAGE][PASSED] - Object: 'Object Repository/06-Teams/02-Add Team-Private/div_Members' is clicked on

2022-10-14 20:04:43 - [TEST_STEP][PASSED] - verifyElementVisible(findTestObject("06-Teams/02-Add Team-Private/Members dialog box")): Object 'Object Repository/06-Teams/02-Add Team-Private/Members dialog box' is visible

2022-10-14 20:04:44 - [MESSAGE][PASSED] - Object 'Object Repository/06-Teams/02-Add Team-Private/Members dialog box' is visible

2022-10-14 20:04:44 - [TEST_STEP][PASSED] - delay(3): Delayed 3 second(s)

2022-10-14 20:04:47 - [MESSAGE][PASSED] - Delayed 3 second(s)

2022-10-14 20:04:47 - [TEST_STEP][PASSED] - click(findTestObject("06-Teams/01-Add Team-Public/button_Create")): Object: 'Object Repository/06-Teams/01-Add Team-Public/button_Create' is clicked on

2022-10-14 20:04:48 - [MESSAGE][PASSED] - Object: 'Object Repository/06-Teams/01-Add Team-Public/button_Create' is clicked on

2022-10-14 20:04:48 - [TEST_STEP][PASSED] - verifyElementVisible(findTestObject("06-Teams/01-Add Team-Public/span_Successfully added new team")): Object 'Object Repository/06-Teams/01-Add Team-Public/span_Successfully added new team' is visible

2022-10-14 20:04:50 - [MESSAGE][PASSED] - Object 'Object Repository/06-Teams/01-Add Team-Public/span_Successfully added new team' is visible

2022-10-14 20:04:50 - [TEST_STEP][PASSED] - delay(3): Delayed 3 second(s)

2022-10-14 20:04:53 - [MESSAGE][PASSED] - Delayed 3 second(s)

2022-10-14 20:04:53 - [TEST_STEP][PASSED] - verifyElementVisible(findTestObject("06-Teams/02-Add Team-Private/span_Auto Team Private")): Object 'Object Repository/06-Teams/02-Add Team-Private/span_Auto Team Private' is visible

2022-10-14 20:04:53 - [MESSAGE][PASSED] - Object 'Object Repository/06-Teams/02-Add Team-Private/span_Auto Team Private' is visible

2022-10-14 20:04:53 - [TEST_STEP][PASSED] - delay(3): Delayed 3 second(s)

2022-10-14 20:04:56 - [MESSAGE][PASSED] - Delayed 3 second(s)

2022-10-14 20:04:56 - [TEST_STEP][PASSED] - closeBrowser(): Browser is closed

2022-10-14 20:04:57 - [MESSAGE][PASSED] - Browser is closed]]></system-out>
         <system-err><![CDATA[]]></system-err>
      </testcase>
      <system-out><![CDATA[2022-10-14 20:01:58 - [TEST_SUITE][PASSED] - 06.1- Teams - Add: Test Cases/06- Teams/02-Add Team-Private]]></system-out>
      <system-err><![CDATA[]]></system-err>
   </testsuite>
</testsuites>
