<?xml version="1.0" encoding="UTF-8"?>
<testsuites name="09.2 - Setttings (Active user)" time="767.134" tests="10" failures="0" errors="0">
   <testsuite name="09.2 - Setttings (Active user)" tests="10" failures="0" errors="0" time="767.134" skipped="0" timestamp="2023-01-02 18:17:24" hostname="asus - DESKTOP-3L3J9C1" id="Test Suites/TS-Organization/09.2 - Setttings (Active user)">
      <properties>
         <property name="deviceName" value=""/>
         <property name="devicePlatform" value=""/>
         <property name="logFolder" value="C:\\Users\\asus\\Katalon Studio\\Everleagues\\Everleagues\\Reports\\20230102_181707\\TS-Organization\\09.2 - Setttings (Active user)\\20230102_181707"/>
         <property name="logFiles" value="C:\\Users\\asus\\Katalon Studio\\Everleagues\\Everleagues\\Reports\\20230102_181707\\TS-Organization\\09.2 - Setttings (Active user)\\20230102_181707\\execution0.log"/>
         <property name="attachments" value=""/>
         <property name="hostName" value="asus - DESKTOP-3L3J9C1"/>
         <property name="os" value="Windows 10 64bit"/>
         <property name="katalonVersion" value="8.4.1.208"/>
         <property name="browser" value="Chrome 108.0.0.0"/>
         <property name="hostAddress" value="192.168.5.82"/>
         <property name="sessionId" value="e79494040b285c91b92907c94b396bc8"/>
         <property name="seleniumVersion" value="3.141.59"/>
         <property name="proxyInformation" value="ProxyInformation { proxyOption=NO_PROXY, proxyServerType=HTTP, username=, password=********, proxyServerAddress=, proxyServerPort=0, executionList=&quot;&quot;, isApplyToDesiredCapabilities=true }"/>
         <property name="platform" value="Windows 10"/>
      </properties>
      <testcase name="Test Cases/09-Settings/06 - Users (Active User - Search user)" time="413.734" classname="Test Cases/09-Settings/06 - Users (Active User - Search user)" status="PASSED">
         <system-out><![CDATA[2023-01-02 18:17:26 - [TEST_CASE][PASSED] - Test Cases/09-Settings/06 - Users (Active User - Search user): Test Cases/09-Settings/06 - Users (Active User - Search user)

2023-01-02 18:17:30 - [TEST_STEP][PASSED] - openBrowser(""): Browser is opened with url: ''

2023-01-02 18:17:32 - [MESSAGE][INFO] - Starting 'Chrome' driver

2023-01-02 18:17:33 - [MESSAGE][INFO] - Action delay is set to 0 milliseconds

2023-01-02 18:17:47 - [MESSAGE][PASSED] - Browser is opened with url: ''

2023-01-02 18:17:47 - [TEST_STEP][PASSED] - navigateToUrl("https://lab.everleagues.com/"): Navigate to 'https://lab.everleagues.com/' successfully

2023-01-02 18:21:39 - [MESSAGE][PASSED] - Navigate to 'https://lab.everleagues.com/' successfully

2023-01-02 18:21:39 - [TEST_STEP][PASSED] - maximizeWindow(): Current window maximized

2023-01-02 18:21:40 - [MESSAGE][PASSED] - Current window maximized

2023-01-02 18:21:40 - [TEST_STEP][PASSED] - setText(findTestObject("02-Side Icons(Organization)/Add Contact/Email Field"), "testuser02@mailinator.com"): Text 'testuser02@mailinator.com' is set on object 'Object Repository/02-Side Icons(Organization)/Add Contact/Email Field'

2023-01-02 18:21:43 - [MESSAGE][PASSED] - Text 'testuser02@mailinator.com' is set on object 'Object Repository/02-Side Icons(Organization)/Add Contact/Email Field'

2023-01-02 18:21:43 - [TEST_STEP][PASSED] - setEncryptedText(findTestObject("02-Side Icons(Organization)/Add Contact/Password Field"), "8yFRyszE6U6jvsCn51OQbg=="): Text ****** has been set on object 'Object Repository/02-Side Icons(Organization)/Add Contact/Password Field'

2023-01-02 18:21:46 - [MESSAGE][PASSED] - Text ****** has been set on object 'Object Repository/02-Side Icons(Organization)/Add Contact/Password Field'

2023-01-02 18:21:46 - [TEST_STEP][PASSED] - click(findTestObject("02-Side Icons(Organization)/Add Contact/button_Sign in")): Object: 'Object Repository/02-Side Icons(Organization)/Add Contact/button_Sign in' is clicked on

2023-01-02 18:22:11 - [MESSAGE][PASSED] - Object: 'Object Repository/02-Side Icons(Organization)/Add Contact/button_Sign in' is clicked on

2023-01-02 18:22:11 - [TEST_STEP][PASSED] - delay(2): Delayed 2 second(s)

2023-01-02 18:22:14 - [MESSAGE][PASSED] - Delayed 2 second(s)

2023-01-02 18:22:14 - [TEST_STEP][PASSED] - click(findTestObject("06-Teams/For 2FA/button_Confirm_2FA")): Object: 'Object Repository/06-Teams/For 2FA/button_Confirm_2FA' is clicked on

2023-01-02 18:22:15 - [MESSAGE][PASSED] - Object: 'Object Repository/06-Teams/For 2FA/button_Confirm_2FA' is clicked on

2023-01-02 18:22:15 - [TEST_STEP][PASSED] - executeJavaScript("window.open();", []): Execute JavaScript 'window.open();' successfully

2023-01-02 18:22:15 - [MESSAGE][PASSED] - Execute JavaScript 'window.open();' successfully

2023-01-02 18:22:15 - [TEST_STEP][PASSED] - currentWindow = getWindowIndex(): Current window's index is: 0

2023-01-02 18:22:16 - [MESSAGE][PASSED] - Current window's index is: 0

2023-01-02 18:22:16 - [TEST_STEP][PASSED] - delay(3): Delayed 3 second(s)

2023-01-02 18:22:19 - [MESSAGE][PASSED] - Delayed 3 second(s)

2023-01-02 18:22:19 - [TEST_STEP][PASSED] - switchToWindowIndex(currentWindow + 1): Switched to window with index: '1'

2023-01-02 18:22:19 - [MESSAGE][PASSED] - Switched to window with index: '1'

2023-01-02 18:22:19 - [TEST_STEP][PASSED] - navigateToUrl("https://www.mailinator.com/"): Navigate to 'https://www.mailinator.com/' successfully

2023-01-02 18:22:32 - [MESSAGE][PASSED] - Navigate to 'https://www.mailinator.com/' successfully

2023-01-02 18:22:32 - [TEST_STEP][PASSED] - delay(3): Delayed 3 second(s)

2023-01-02 18:22:35 - [MESSAGE][PASSED] - Delayed 3 second(s)

2023-01-02 18:22:35 - [TEST_STEP][PASSED] - setText(findTestObject("00-Signup and Activation/zMailinator/input_LOGIN_search"), "testuser02@mailinator.com"): Text 'testuser02@mailinator.com' is set on object 'Object Repository/00-Signup and Activation/zMailinator/input_LOGIN_search'

2023-01-02 18:22:38 - [MESSAGE][PASSED] - Text 'testuser02@mailinator.com' is set on object 'Object Repository/00-Signup and Activation/zMailinator/input_LOGIN_search'

2023-01-02 18:22:38 - [TEST_STEP][PASSED] - click(findTestObject("00-Signup and Activation/zMailinator/gobutton"), STOP_ON_FAILURE): Object: 'Object Repository/00-Signup and Activation/zMailinator/gobutton' is clicked on

2023-01-02 18:22:42 - [MESSAGE][PASSED] - Object: 'Object Repository/00-Signup and Activation/zMailinator/gobutton' is clicked on

2023-01-02 18:22:42 - [TEST_STEP][PASSED] - delay(3): Delayed 3 second(s)

2023-01-02 18:22:45 - [MESSAGE][PASSED] - Delayed 3 second(s)

2023-01-02 18:22:45 - [TEST_STEP][PASSED] - click(findTestObject("00-Signup and Activation/zMailinator/Email - everleagues")): Object: 'Object Repository/00-Signup and Activation/zMailinator/Email - everleagues' is clicked on

2023-01-02 18:22:46 - [MESSAGE][PASSED] - Object: 'Object Repository/00-Signup and Activation/zMailinator/Email - everleagues' is clicked on

2023-01-02 18:22:47 - [TEST_STEP][PASSED] - delay(3): Delayed 3 second(s)

2023-01-02 18:22:50 - [MESSAGE][PASSED] - Delayed 3 second(s)

2023-01-02 18:22:50 - [TEST_STEP][PASSED] - code = getText(findTestObject("Object Repository/06-Teams/For 2FA/2FA code")): Text of object 'Object Repository/06-Teams/For 2FA/2FA code' is: '515205'

2023-01-02 18:22:51 - [MESSAGE][PASSED] - Text of object 'Object Repository/06-Teams/For 2FA/2FA code' is: '515205'

2023-01-02 18:22:51 - [TEST_STEP][PASSED] - delay(3): Delayed 3 second(s)

2023-01-02 18:22:54 - [MESSAGE][PASSED] - Delayed 3 second(s)

2023-01-02 18:22:54 - [TEST_STEP][PASSED] - closeWindowTitle("Mailinator"): Window with title: 'Mailinator' is closed

2023-01-02 18:22:56 - [MESSAGE][PASSED] - Window with title: 'Mailinator' is closed

2023-01-02 18:22:56 - [TEST_STEP][PASSED] - delay(3): Delayed 3 second(s)

2023-01-02 18:22:59 - [MESSAGE][PASSED] - Delayed 3 second(s)

2023-01-02 18:22:59 - [TEST_STEP][PASSED] - switchToWindowIndex(0): Switched to window with index: '0'

2023-01-02 18:22:59 - [MESSAGE][PASSED] - Switched to window with index: '0'

2023-01-02 18:22:59 - [TEST_STEP][PASSED] - delay(3): Delayed 3 second(s)

2023-01-02 18:23:02 - [MESSAGE][PASSED] - Delayed 3 second(s)

2023-01-02 18:23:02 - [TEST_STEP][PASSED] - setText(findTestObject("Object Repository/06-Teams/For 2FA/input_Enter verification code_code"), code): Text '515205' is set on object 'Object Repository/06-Teams/For 2FA/input_Enter verification code_code'

2023-01-02 18:23:04 - [MESSAGE][PASSED] - Text '515205' is set on object 'Object Repository/06-Teams/For 2FA/input_Enter verification code_code'

2023-01-02 18:23:04 - [TEST_STEP][PASSED] - delay(3): Delayed 3 second(s)

2023-01-02 18:23:07 - [MESSAGE][PASSED] - Delayed 3 second(s)

2023-01-02 18:23:07 - [TEST_STEP][PASSED] - click(findTestObject("06-Teams/For 2FA/button_Verify_2FA")): Object: 'Object Repository/06-Teams/For 2FA/button_Verify_2FA' is clicked on

2023-01-02 18:23:08 - [MESSAGE][PASSED] - Object: 'Object Repository/06-Teams/For 2FA/button_Verify_2FA' is clicked on

2023-01-02 18:23:08 - [TEST_STEP][PASSED] - delay(5): Delayed 5 second(s)

2023-01-02 18:23:13 - [MESSAGE][PASSED] - Delayed 5 second(s)

2023-01-02 18:23:13 - [TEST_STEP][PASSED] - click(findTestObject("06-Teams/button_doublearrow")): Object: 'Object Repository/06-Teams/button_doublearrow' is clicked on

2023-01-02 18:23:23 - [MESSAGE][PASSED] - Object: 'Object Repository/06-Teams/button_doublearrow' is clicked on

2023-01-02 18:23:23 - [TEST_STEP][PASSED] - click(findTestObject("06-Teams/button_My Organizations")): Object: 'Object Repository/06-Teams/button_My Organizations' is clicked on

2023-01-02 18:23:26 - [MESSAGE][PASSED] - Object: 'Object Repository/06-Teams/button_My Organizations' is clicked on

2023-01-02 18:23:26 - [TEST_STEP][PASSED] - click(findTestObject("06-Teams/button_GG Automation")): Object: 'Object Repository/06-Teams/button_GG Automation' is clicked on

2023-01-02 18:23:27 - [MESSAGE][PASSED] - Object: 'Object Repository/06-Teams/button_GG Automation' is clicked on

2023-01-02 18:23:27 - [TEST_STEP][PASSED] - delay(4): Delayed 4 second(s)

2023-01-02 18:23:31 - [MESSAGE][PASSED] - Delayed 4 second(s)

2023-01-02 18:23:31 - [TEST_STEP][PASSED] - verifyElementVisible(findTestObject("06-Teams/span_GG Automation")): Object 'Object Repository/06-Teams/span_GG Automation' is visible

2023-01-02 18:23:34 - [MESSAGE][PASSED] - Object 'Object Repository/06-Teams/span_GG Automation' is visible

2023-01-02 18:23:34 - [TEST_STEP][PASSED] - delay(5): Delayed 5 second(s)

2023-01-02 18:23:39 - [MESSAGE][PASSED] - Delayed 5 second(s)

2023-01-02 18:23:39 - [TEST_STEP][PASSED] - click(findTestObject("03-Header Menu/Hamburger Button/div_Settings")): Object: 'Object Repository/03-Header Menu/Hamburger Button/div_Settings' is clicked on

2023-01-02 18:23:40 - [MESSAGE][PASSED] - Object: 'Object Repository/03-Header Menu/Hamburger Button/div_Settings' is clicked on

2023-01-02 18:23:40 - [TEST_STEP][PASSED] - verifyElementVisible(findTestObject("09-Settings/Users/div_Organization")): Object 'Object Repository/09-Settings/Users/div_Organization' is visible

2023-01-02 18:23:42 - [MESSAGE][PASSED] - Object 'Object Repository/09-Settings/Users/div_Organization' is visible

2023-01-02 18:23:42 - [TEST_STEP][PASSED] - verifyElementVisible(findTestObject("09-Settings/Users/div_Organization Units")): Object 'Object Repository/09-Settings/Users/div_Organization Units' is visible

2023-01-02 18:23:43 - [MESSAGE][PASSED] - Object 'Object Repository/09-Settings/Users/div_Organization Units' is visible

2023-01-02 18:23:43 - [TEST_STEP][PASSED] - scrollToElement(findTestObject("09-Settings/Users/div_Subscriptions"), 0): Scroll to object 'Object Repository/09-Settings/Users/div_Subscriptions' successfully

2023-01-02 18:23:43 - [MESSAGE][WARNING] - Timeout '0' is invalid. Using default page load timeout: '30'

2023-01-02 18:23:43 - [MESSAGE][PASSED] - Scroll to object 'Object Repository/09-Settings/Users/div_Subscriptions' successfully

2023-01-02 18:23:43 - [TEST_STEP][PASSED] - verifyElementVisible(findTestObject("09-Settings/Users/div_Subscriptions")): Object 'Object Repository/09-Settings/Users/div_Subscriptions' is visible

2023-01-02 18:23:49 - [MESSAGE][PASSED] - Object 'Object Repository/09-Settings/Users/div_Subscriptions' is visible

2023-01-02 18:23:49 - [TEST_STEP][PASSED] - verifyElementVisible(findTestObject("09-Settings/Users/div_Users")): Object 'Object Repository/09-Settings/Users/div_Users' is visible

2023-01-02 18:23:50 - [MESSAGE][PASSED] - Object 'Object Repository/09-Settings/Users/div_Users' is visible

2023-01-02 18:23:50 - [TEST_STEP][PASSED] - delay(3): Delayed 3 second(s)

2023-01-02 18:23:53 - [MESSAGE][PASSED] - Delayed 3 second(s)

2023-01-02 18:23:53 - [TEST_STEP][PASSED] - click(findTestObject("09-Settings/Users/div_Users")): Object: 'Object Repository/09-Settings/Users/div_Users' is clicked on

2023-01-02 18:23:56 - [MESSAGE][PASSED] - Object: 'Object Repository/09-Settings/Users/div_Users' is clicked on

2023-01-02 18:23:56 - [TEST_STEP][PASSED] - verifyElementVisible(findTestObject("09-Settings/Users/h4_USERS")): Object 'Object Repository/09-Settings/Users/h4_USERS' is visible

2023-01-02 18:23:57 - [MESSAGE][PASSED] - Object 'Object Repository/09-Settings/Users/h4_USERS' is visible

2023-01-02 18:23:57 - [TEST_STEP][PASSED] - verifyElementVisible(findTestObject("09-Settings/Users/Active User/div_Active Users")): Object 'Object Repository/09-Settings/Users/Active User/div_Active Users' is visible

2023-01-02 18:24:00 - [MESSAGE][PASSED] - Object 'Object Repository/09-Settings/Users/Active User/div_Active Users' is visible

2023-01-02 18:24:00 - [TEST_STEP][PASSED] - click(findTestObject("09-Settings/Users/Active User/div_Active Users")): Object: 'Object Repository/09-Settings/Users/Active User/div_Active Users' is clicked on

2023-01-02 18:24:01 - [MESSAGE][PASSED] - Object: 'Object Repository/09-Settings/Users/Active User/div_Active Users' is clicked on

2023-01-02 18:24:01 - [TEST_STEP][PASSED] - delay(3): Delayed 3 second(s)

2023-01-02 18:24:04 - [MESSAGE][PASSED] - Delayed 3 second(s)

2023-01-02 18:24:04 - [TEST_STEP][PASSED] - click(findTestObject("09-Settings/Users/Active User/button_search")): Object: 'Object Repository/09-Settings/Users/Active User/button_search' is clicked on

2023-01-02 18:24:05 - [MESSAGE][PASSED] - Object: 'Object Repository/09-Settings/Users/Active User/button_search' is clicked on

2023-01-02 18:24:05 - [TEST_STEP][PASSED] - delay(3): Delayed 3 second(s)

2023-01-02 18:24:08 - [MESSAGE][PASSED] - Delayed 3 second(s)

2023-01-02 18:24:08 - [TEST_STEP][PASSED] - click(findTestObject("09-Settings/Users/Active User/button_arrow_back")): Object: 'Object Repository/09-Settings/Users/Active User/button_arrow_back' is clicked on

2023-01-02 18:24:09 - [MESSAGE][PASSED] - Object: 'Object Repository/09-Settings/Users/Active User/button_arrow_back' is clicked on

2023-01-02 18:24:09 - [TEST_STEP][PASSED] - delay(4): Delayed 4 second(s)

2023-01-02 18:24:13 - [MESSAGE][PASSED] - Delayed 4 second(s)

2023-01-02 18:24:13 - [TEST_STEP][PASSED] - click(findTestObject("09-Settings/Users/Active User/button_search")): Object: 'Object Repository/09-Settings/Users/Active User/button_search' is clicked on

2023-01-02 18:24:14 - [MESSAGE][PASSED] - Object: 'Object Repository/09-Settings/Users/Active User/button_search' is clicked on

2023-01-02 18:24:14 - [TEST_STEP][PASSED] - setText(findTestObject("09-Settings/Users/Active User/Search field"), "partner"): Text 'partner' is set on object 'Object Repository/09-Settings/Users/Active User/Search field'

2023-01-02 18:24:16 - [MESSAGE][PASSED] - Text 'partner' is set on object 'Object Repository/09-Settings/Users/Active User/Search field'

2023-01-02 18:24:16 - [TEST_STEP][PASSED] - delay(3): Delayed 3 second(s)

2023-01-02 18:24:19 - [MESSAGE][PASSED] - Delayed 3 second(s)

2023-01-02 18:24:19 - [TEST_STEP][PASSED] - click(findTestObject("09-Settings/Users/Active User/button_Cancel")): Object: 'Object Repository/09-Settings/Users/Active User/button_Cancel' is clicked on

2023-01-02 18:24:20 - [MESSAGE][PASSED] - Object: 'Object Repository/09-Settings/Users/Active User/button_Cancel' is clicked on]]></system-out>
         <system-err><![CDATA[]]></system-err>
      </testcase>
      <testcase name="Test Cases/09-Settings/07 - Users (Active User - Suspend user)" time="31.034" classname="Test Cases/09-Settings/07 - Users (Active User - Suspend user)" status="PASSED">
         <system-out><![CDATA[2023-01-02 18:24:20 - [TEST_CASE][PASSED] - Test Cases/09-Settings/07 - Users (Active User - Suspend user): Test Cases/09-Settings/07 - Users (Active User - Suspend user)

2023-01-02 18:24:23 - [TEST_STEP][PASSED] - delay(3): Delayed 3 second(s)

2023-01-02 18:24:26 - [MESSAGE][PASSED] - Delayed 3 second(s)

2023-01-02 18:24:26 - [TEST_STEP][PASSED] - verifyElementPresent(findTestObject("09-Settings/Users/Active User/div_GTGG tester 2"), 0): Object 'Object Repository/09-Settings/Users/Active User/div_GTGG tester 2' is present

2023-01-02 18:24:26 - [MESSAGE][WARNING] - Timeout '0' is invalid. Using default page load timeout: '30'

2023-01-02 18:24:27 - [MESSAGE][PASSED] - Object 'Object Repository/09-Settings/Users/Active User/div_GTGG tester 2' is present

2023-01-02 18:24:27 - [TEST_STEP][PASSED] - click(findTestObject("09-Settings/Users/Active User/button_suspendUser")): Object: 'Object Repository/09-Settings/Users/Active User/button_suspendUser' is clicked on

2023-01-02 18:24:28 - [MESSAGE][PASSED] - Object: 'Object Repository/09-Settings/Users/Active User/button_suspendUser' is clicked on

2023-01-02 18:24:28 - [TEST_STEP][PASSED] - verifyElementPresent(findTestObject("09-Settings/Users/Active User/h4_Suspend User"), 0): Object 'Object Repository/09-Settings/Users/Active User/h4_Suspend User' is present

2023-01-02 18:24:28 - [MESSAGE][WARNING] - Timeout '0' is invalid. Using default page load timeout: '30'

2023-01-02 18:24:30 - [MESSAGE][PASSED] - Object 'Object Repository/09-Settings/Users/Active User/h4_Suspend User' is present

2023-01-02 18:24:30 - [TEST_STEP][PASSED] - delay(4): Delayed 4 second(s)

2023-01-02 18:24:34 - [MESSAGE][PASSED] - Delayed 4 second(s)

2023-01-02 18:24:34 - [TEST_STEP][PASSED] - click(findTestObject("09-Settings/Users/Active User/button_Cancel_restore")): Object: 'Object Repository/09-Settings/Users/Active User/button_Cancel_restore' is clicked on

2023-01-02 18:24:34 - [MESSAGE][PASSED] - Object: 'Object Repository/09-Settings/Users/Active User/button_Cancel_restore' is clicked on

2023-01-02 18:24:34 - [TEST_STEP][PASSED] - verifyElementPresent(findTestObject("09-Settings/Users/Active User/div_GTGG tester 2"), 0): Object 'Object Repository/09-Settings/Users/Active User/div_GTGG tester 2' is present

2023-01-02 18:24:35 - [MESSAGE][WARNING] - Timeout '0' is invalid. Using default page load timeout: '30'

2023-01-02 18:24:35 - [MESSAGE][PASSED] - Object 'Object Repository/09-Settings/Users/Active User/div_GTGG tester 2' is present

2023-01-02 18:24:35 - [TEST_STEP][PASSED] - click(findTestObject("09-Settings/Users/Active User/button_suspendUser")): Object: 'Object Repository/09-Settings/Users/Active User/button_suspendUser' is clicked on

2023-01-02 18:24:36 - [MESSAGE][PASSED] - Object: 'Object Repository/09-Settings/Users/Active User/button_suspendUser' is clicked on

2023-01-02 18:24:36 - [TEST_STEP][PASSED] - verifyElementPresent(findTestObject("09-Settings/Users/Active User/h4_Suspend User"), 0): Object 'Object Repository/09-Settings/Users/Active User/h4_Suspend User' is present

2023-01-02 18:24:37 - [MESSAGE][WARNING] - Timeout '0' is invalid. Using default page load timeout: '30'

2023-01-02 18:24:37 - [MESSAGE][PASSED] - Object 'Object Repository/09-Settings/Users/Active User/h4_Suspend User' is present

2023-01-02 18:24:37 - [TEST_STEP][PASSED] - delay(4): Delayed 4 second(s)

2023-01-02 18:24:41 - [MESSAGE][PASSED] - Delayed 4 second(s)

2023-01-02 18:24:41 - [TEST_STEP][PASSED] - click(findTestObject("09-Settings/Users/Active User/button_Suspend")): Object: 'Object Repository/09-Settings/Users/Active User/button_Suspend' is clicked on

2023-01-02 18:24:42 - [MESSAGE][PASSED] - Object: 'Object Repository/09-Settings/Users/Active User/button_Suspend' is clicked on

2023-01-02 18:24:42 - [TEST_STEP][PASSED] - verifyElementPresent(findTestObject("09-Settings/Users/Active User/span_Successfully suspended user"), 0): Object 'Object Repository/09-Settings/Users/Active User/span_Successfully suspended user' is present

2023-01-02 18:24:43 - [MESSAGE][WARNING] - Timeout '0' is invalid. Using default page load timeout: '30'

2023-01-02 18:24:45 - [MESSAGE][PASSED] - Object 'Object Repository/09-Settings/Users/Active User/span_Successfully suspended user' is present

2023-01-02 18:24:45 - [TEST_STEP][PASSED] - click(findTestObject("09-Settings/Users/Active User/button_OK")): Object: 'Object Repository/09-Settings/Users/Active User/button_OK' is clicked on

2023-01-02 18:24:46 - [MESSAGE][PASSED] - Object: 'Object Repository/09-Settings/Users/Active User/button_OK' is clicked on

2023-01-02 18:24:46 - [TEST_STEP][PASSED] - delay(5): Delayed 5 second(s)

2023-01-02 18:24:51 - [MESSAGE][PASSED] - Delayed 5 second(s)]]></system-out>
         <system-err><![CDATA[]]></system-err>
      </testcase>
      <testcase name="Test Cases/09-Settings/08 - Users (Active User - Reactivate user)" time="18.097" classname="Test Cases/09-Settings/08 - Users (Active User - Reactivate user)" status="PASSED">
         <system-out><![CDATA[2023-01-02 18:24:51 - [TEST_CASE][PASSED] - Test Cases/09-Settings/08 - Users (Active User - Reactivate user): Test Cases/09-Settings/08 - Users (Active User - Reactivate user)

2023-01-02 18:24:53 - [TEST_STEP][PASSED] - delay(3): Delayed 3 second(s)

2023-01-02 18:24:56 - [MESSAGE][PASSED] - Delayed 3 second(s)

2023-01-02 18:24:56 - [TEST_STEP][PASSED] - verifyElementPresent(findTestObject("09-Settings/Users/Active User/div_GTGG tester 2"), 0): Object 'Object Repository/09-Settings/Users/Active User/div_GTGG tester 2' is present

2023-01-02 18:24:56 - [MESSAGE][WARNING] - Timeout '0' is invalid. Using default page load timeout: '30'

2023-01-02 18:24:57 - [MESSAGE][PASSED] - Object 'Object Repository/09-Settings/Users/Active User/div_GTGG tester 2' is present

2023-01-02 18:24:57 - [TEST_STEP][PASSED] - click(findTestObject("09-Settings/Users/Active User/button_reactivateUser")): Object: 'Object Repository/09-Settings/Users/Active User/button_reactivateUser' is clicked on

2023-01-02 18:24:58 - [MESSAGE][PASSED] - Object: 'Object Repository/09-Settings/Users/Active User/button_reactivateUser' is clicked on

2023-01-02 18:24:58 - [TEST_STEP][PASSED] - verifyElementPresent(findTestObject("09-Settings/Users/Active User/h4_Reactivate User"), 0): Object 'Object Repository/09-Settings/Users/Active User/h4_Reactivate User' is present

2023-01-02 18:24:58 - [MESSAGE][WARNING] - Timeout '0' is invalid. Using default page load timeout: '30'

2023-01-02 18:24:58 - [MESSAGE][PASSED] - Object 'Object Repository/09-Settings/Users/Active User/h4_Reactivate User' is present

2023-01-02 18:24:58 - [TEST_STEP][PASSED] - delay(4): Delayed 4 second(s)

2023-01-02 18:25:02 - [MESSAGE][PASSED] - Delayed 4 second(s)

2023-01-02 18:25:02 - [TEST_STEP][PASSED] - click(findTestObject("09-Settings/Users/Active User/button_Reactivate")): Object: 'Object Repository/09-Settings/Users/Active User/button_Reactivate' is clicked on

2023-01-02 18:25:03 - [MESSAGE][PASSED] - Object: 'Object Repository/09-Settings/Users/Active User/button_Reactivate' is clicked on

2023-01-02 18:25:03 - [TEST_STEP][PASSED] - verifyElementPresent(findTestObject("09-Settings/Users/Active User/span_Successfully reactivated user"), 0): Object 'Object Repository/09-Settings/Users/Active User/span_Successfully reactivated user' is present

2023-01-02 18:25:04 - [MESSAGE][WARNING] - Timeout '0' is invalid. Using default page load timeout: '30'

2023-01-02 18:25:06 - [MESSAGE][PASSED] - Object 'Object Repository/09-Settings/Users/Active User/span_Successfully reactivated user' is present

2023-01-02 18:25:06 - [TEST_STEP][PASSED] - click(findTestObject("09-Settings/Users/Active User/button_OK")): Object: 'Object Repository/09-Settings/Users/Active User/button_OK' is clicked on

2023-01-02 18:25:06 - [MESSAGE][PASSED] - Object: 'Object Repository/09-Settings/Users/Active User/button_OK' is clicked on

2023-01-02 18:25:06 - [TEST_STEP][PASSED] - delay(3): Delayed 3 second(s)

2023-01-02 18:25:09 - [MESSAGE][PASSED] - Delayed 3 second(s)]]></system-out>
         <system-err><![CDATA[]]></system-err>
      </testcase>
      <testcase name="Test Cases/09-Settings/09 - Users (Active User - Delete Suspend user)" time="32.572" classname="Test Cases/09-Settings/09 - Users (Active User - Delete Suspend user)" status="PASSED">
         <system-out><![CDATA[2023-01-02 18:25:09 - [TEST_CASE][PASSED] - Test Cases/09-Settings/09 - Users (Active User - Delete Suspend user): Test Cases/09-Settings/09 - Users (Active User - Delete Suspend user)

2023-01-02 18:25:11 - [TEST_STEP][PASSED] - verifyElementPresent(findTestObject("09-Settings/Users/Active User/div_GTGG tester 2"), 0): Object 'Object Repository/09-Settings/Users/Active User/div_GTGG tester 2' is present

2023-01-02 18:25:11 - [MESSAGE][WARNING] - Timeout '0' is invalid. Using default page load timeout: '30'

2023-01-02 18:25:12 - [MESSAGE][PASSED] - Object 'Object Repository/09-Settings/Users/Active User/div_GTGG tester 2' is present

2023-01-02 18:25:12 - [TEST_STEP][PASSED] - click(findTestObject("09-Settings/Users/Active User/button_suspendUser")): Object: 'Object Repository/09-Settings/Users/Active User/button_suspendUser' is clicked on

2023-01-02 18:25:13 - [MESSAGE][PASSED] - Object: 'Object Repository/09-Settings/Users/Active User/button_suspendUser' is clicked on

2023-01-02 18:25:13 - [TEST_STEP][PASSED] - verifyElementPresent(findTestObject("09-Settings/Users/Active User/h4_Suspend User"), 0): Object 'Object Repository/09-Settings/Users/Active User/h4_Suspend User' is present

2023-01-02 18:25:13 - [MESSAGE][WARNING] - Timeout '0' is invalid. Using default page load timeout: '30'

2023-01-02 18:25:13 - [MESSAGE][PASSED] - Object 'Object Repository/09-Settings/Users/Active User/h4_Suspend User' is present

2023-01-02 18:25:13 - [TEST_STEP][PASSED] - delay(4): Delayed 4 second(s)

2023-01-02 18:25:17 - [MESSAGE][PASSED] - Delayed 4 second(s)

2023-01-02 18:25:17 - [TEST_STEP][PASSED] - click(findTestObject("09-Settings/Users/Active User/button_Suspend")): Object: 'Object Repository/09-Settings/Users/Active User/button_Suspend' is clicked on

2023-01-02 18:25:18 - [MESSAGE][PASSED] - Object: 'Object Repository/09-Settings/Users/Active User/button_Suspend' is clicked on

2023-01-02 18:25:18 - [TEST_STEP][PASSED] - verifyElementPresent(findTestObject("09-Settings/Users/Active User/span_Successfully suspended user"), 0): Object 'Object Repository/09-Settings/Users/Active User/span_Successfully suspended user' is present

2023-01-02 18:25:18 - [MESSAGE][WARNING] - Timeout '0' is invalid. Using default page load timeout: '30'

2023-01-02 18:25:21 - [MESSAGE][PASSED] - Object 'Object Repository/09-Settings/Users/Active User/span_Successfully suspended user' is present

2023-01-02 18:25:21 - [TEST_STEP][PASSED] - delay(3): Delayed 3 second(s)

2023-01-02 18:25:24 - [MESSAGE][PASSED] - Delayed 3 second(s)

2023-01-02 18:25:24 - [TEST_STEP][PASSED] - verifyElementPresent(findTestObject("09-Settings/Users/Active User/div_GTGG tester 2"), 0): Object 'Object Repository/09-Settings/Users/Active User/div_GTGG tester 2' is present

2023-01-02 18:25:24 - [MESSAGE][WARNING] - Timeout '0' is invalid. Using default page load timeout: '30'

2023-01-02 18:25:25 - [MESSAGE][PASSED] - Object 'Object Repository/09-Settings/Users/Active User/div_GTGG tester 2' is present

2023-01-02 18:25:25 - [TEST_STEP][PASSED] - click(findTestObject("09-Settings/Users/Active User/button_xDeleteuser")): Object: 'Object Repository/09-Settings/Users/Active User/button_xDeleteuser' is clicked on

2023-01-02 18:25:26 - [MESSAGE][PASSED] - Object: 'Object Repository/09-Settings/Users/Active User/button_xDeleteuser' is clicked on

2023-01-02 18:25:26 - [TEST_STEP][PASSED] - verifyElementPresent(findTestObject("09-Settings/Users/Active User/h4_Delete User"), 0): Object 'Object Repository/09-Settings/Users/Active User/h4_Delete User' is present

2023-01-02 18:25:26 - [MESSAGE][WARNING] - Timeout '0' is invalid. Using default page load timeout: '30'

2023-01-02 18:25:27 - [MESSAGE][PASSED] - Object 'Object Repository/09-Settings/Users/Active User/h4_Delete User' is present

2023-01-02 18:25:27 - [TEST_STEP][PASSED] - delay(4): Delayed 4 second(s)

2023-01-02 18:25:31 - [MESSAGE][PASSED] - Delayed 4 second(s)

2023-01-02 18:25:31 - [TEST_STEP][PASSED] - click(findTestObject("09-Settings/Users/Active User/button_Delete")): Object: 'Object Repository/09-Settings/Users/Active User/button_Delete' is clicked on

2023-01-02 18:25:32 - [MESSAGE][PASSED] - Object: 'Object Repository/09-Settings/Users/Active User/button_Delete' is clicked on

2023-01-02 18:25:32 - [TEST_STEP][PASSED] - verifyElementPresent(findTestObject("09-Settings/Users/Active User/span_Successfully deleted user"), 0): Object 'Object Repository/09-Settings/Users/Active User/span_Successfully deleted user' is present

2023-01-02 18:25:32 - [MESSAGE][WARNING] - Timeout '0' is invalid. Using default page load timeout: '30'

2023-01-02 18:25:36 - [MESSAGE][PASSED] - Object 'Object Repository/09-Settings/Users/Active User/span_Successfully deleted user' is present

2023-01-02 18:25:36 - [TEST_STEP][PASSED] - click(findTestObject("09-Settings/Users/Active User/button_OK")): Object: 'Object Repository/09-Settings/Users/Active User/button_OK' is clicked on

2023-01-02 18:25:37 - [MESSAGE][PASSED] - Object: 'Object Repository/09-Settings/Users/Active User/button_OK' is clicked on

2023-01-02 18:25:37 - [TEST_STEP][PASSED] - delay(5): Delayed 5 second(s)

2023-01-02 18:25:42 - [MESSAGE][PASSED] - Delayed 5 second(s)]]></system-out>
         <system-err><![CDATA[]]></system-err>
      </testcase>
      <testcase name="Test Cases/09-Settings/10 - Users (Active User - Filter - Restore user)" time="53.246" classname="Test Cases/09-Settings/10 - Users (Active User - Filter - Restore user)" status="PASSED">
         <system-out><![CDATA[2023-01-02 18:25:42 - [TEST_CASE][PASSED] - Test Cases/09-Settings/10 - Users (Active User - Filter - Restore user): Test Cases/09-Settings/10 - Users (Active User - Filter - Restore user)

2023-01-02 18:25:44 - [TEST_STEP][PASSED] - delay(3): Delayed 3 second(s)

2023-01-02 18:25:47 - [MESSAGE][PASSED] - Delayed 3 second(s)

2023-01-02 18:25:47 - [TEST_STEP][PASSED] - click(findTestObject("09-Settings/Users/Active User/filter_icon")): Object: 'Object Repository/09-Settings/Users/Active User/filter_icon' is clicked on

2023-01-02 18:25:48 - [MESSAGE][PASSED] - Object: 'Object Repository/09-Settings/Users/Active User/filter_icon' is clicked on

2023-01-02 18:25:48 - [TEST_STEP][PASSED] - verifyElementVisible(findTestObject("09-Settings/Users/Active User/h6_Filter")): Object 'Object Repository/09-Settings/Users/Active User/h6_Filter' is visible

2023-01-02 18:25:49 - [MESSAGE][PASSED] - Object 'Object Repository/09-Settings/Users/Active User/h6_Filter' is visible

2023-01-02 18:25:49 - [TEST_STEP][PASSED] - verifyElementVisible(findTestObject("09-Settings/Users/Active User/span_Show deleted user")): Object 'Object Repository/09-Settings/Users/Active User/span_Show deleted user' is visible

2023-01-02 18:25:50 - [MESSAGE][PASSED] - Object 'Object Repository/09-Settings/Users/Active User/span_Show deleted user' is visible

2023-01-02 18:25:50 - [TEST_STEP][PASSED] - click(findTestObject("09-Settings/Users/Active User/div_show-deleted-user-toggle-bar")): Object: 'Object Repository/09-Settings/Users/Active User/div_show-deleted-user-toggle-bar' is clicked on

2023-01-02 18:25:51 - [MESSAGE][PASSED] - Object: 'Object Repository/09-Settings/Users/Active User/div_show-deleted-user-toggle-bar' is clicked on

2023-01-02 18:25:51 - [TEST_STEP][PASSED] - delay(3): Delayed 3 second(s)

2023-01-02 18:25:54 - [MESSAGE][PASSED] - Delayed 3 second(s)

2023-01-02 18:25:54 - [TEST_STEP][PASSED] - click(findTestObject("09-Settings/Users/Active User/filter_icon")): Object: 'Object Repository/09-Settings/Users/Active User/filter_icon' is clicked on

2023-01-02 18:25:55 - [MESSAGE][PASSED] - Object: 'Object Repository/09-Settings/Users/Active User/filter_icon' is clicked on

2023-01-02 18:25:55 - [TEST_STEP][PASSED] - verifyElementVisible(findTestObject("09-Settings/Users/Active User/div_GTGG tester 2")): Object 'Object Repository/09-Settings/Users/Active User/div_GTGG tester 2' is visible

2023-01-02 18:25:56 - [MESSAGE][PASSED] - Object 'Object Repository/09-Settings/Users/Active User/div_GTGG tester 2' is visible

2023-01-02 18:25:56 - [TEST_STEP][PASSED] - click(findTestObject("09-Settings/Users/Active User/button_replay")): Object: 'Object Repository/09-Settings/Users/Active User/button_replay' is clicked on

2023-01-02 18:25:57 - [MESSAGE][PASSED] - Object: 'Object Repository/09-Settings/Users/Active User/button_replay' is clicked on

2023-01-02 18:25:57 - [TEST_STEP][PASSED] - verifyElementVisible(findTestObject("09-Settings/Users/Active User/h4_Restore User")): Object 'Object Repository/09-Settings/Users/Active User/h4_Restore User' is visible

2023-01-02 18:25:59 - [MESSAGE][PASSED] - Object 'Object Repository/09-Settings/Users/Active User/h4_Restore User' is visible

2023-01-02 18:25:59 - [TEST_STEP][PASSED] - click(findTestObject("09-Settings/Users/Active User/button_Restore")): Object: 'Object Repository/09-Settings/Users/Active User/button_Restore' is clicked on

2023-01-02 18:26:00 - [MESSAGE][PASSED] - Object: 'Object Repository/09-Settings/Users/Active User/button_Restore' is clicked on

2023-01-02 18:26:00 - [TEST_STEP][PASSED] - verifyElementVisible(findTestObject("09-Settings/Users/Active User/span_Successfully restored user")): Object 'Object Repository/09-Settings/Users/Active User/span_Successfully restored user' is visible

2023-01-02 18:26:26 - [MESSAGE][PASSED] - Object 'Object Repository/09-Settings/Users/Active User/span_Successfully restored user' is visible

2023-01-02 18:26:26 - [TEST_STEP][PASSED] - click(findTestObject("09-Settings/Users/Active User/button_OK")): Object: 'Object Repository/09-Settings/Users/Active User/button_OK' is clicked on

2023-01-02 18:26:26 - [MESSAGE][PASSED] - Object: 'Object Repository/09-Settings/Users/Active User/button_OK' is clicked on

2023-01-02 18:26:26 - [TEST_STEP][PASSED] - delay(3): Delayed 3 second(s)

2023-01-02 18:26:29 - [MESSAGE][PASSED] - Delayed 3 second(s)

2023-01-02 18:26:29 - [TEST_STEP][PASSED] - click(findTestObject("09-Settings/Users/Active User/filter_icon")): Object: 'Object Repository/09-Settings/Users/Active User/filter_icon' is clicked on

2023-01-02 18:26:30 - [MESSAGE][PASSED] - Object: 'Object Repository/09-Settings/Users/Active User/filter_icon' is clicked on

2023-01-02 18:26:30 - [TEST_STEP][PASSED] - delay(5): Delayed 5 second(s)

2023-01-02 18:26:35 - [MESSAGE][PASSED] - Delayed 5 second(s)]]></system-out>
         <system-err><![CDATA[]]></system-err>
      </testcase>
      <testcase name="Test Cases/09-Settings/11 - Users (Active User - Filter - All and Selected Organization)" time="29.442" classname="Test Cases/09-Settings/11 - Users (Active User - Filter - All and Selected Organization)" status="PASSED">
         <system-out><![CDATA[2023-01-02 18:26:35 - [TEST_CASE][PASSED] - Test Cases/09-Settings/11 - Users (Active User - Filter - All and Selected Organization): Test Cases/09-Settings/11 - Users (Active User - Filter - All and Selected Organization)

2023-01-02 18:26:37 - [TEST_STEP][PASSED] - delay(3): Delayed 3 second(s)

2023-01-02 18:26:40 - [MESSAGE][PASSED] - Delayed 3 second(s)

2023-01-02 18:26:40 - [TEST_STEP][PASSED] - verifyElementVisible(findTestObject("09-Settings/Users/Active User/h6_Filter")): Object 'Object Repository/09-Settings/Users/Active User/h6_Filter' is visible

2023-01-02 18:26:41 - [MESSAGE][PASSED] - Object 'Object Repository/09-Settings/Users/Active User/h6_Filter' is visible

2023-01-02 18:26:41 - [TEST_STEP][PASSED] - verifyElementVisible(findTestObject("09-Settings/Users/Active User/div_All organization units")): Object 'Object Repository/09-Settings/Users/Active User/div_All organization units' is visible

2023-01-02 18:26:41 - [MESSAGE][PASSED] - Object 'Object Repository/09-Settings/Users/Active User/div_All organization units' is visible

2023-01-02 18:26:41 - [TEST_STEP][PASSED] - click(findTestObject("09-Settings/Users/Active User/div_All organization units")): Object: 'Object Repository/09-Settings/Users/Active User/div_All organization units' is clicked on

2023-01-02 18:26:42 - [MESSAGE][PASSED] - Object: 'Object Repository/09-Settings/Users/Active User/div_All organization units' is clicked on

2023-01-02 18:26:42 - [TEST_STEP][PASSED] - delay(3): Delayed 3 second(s)

2023-01-02 18:26:45 - [MESSAGE][PASSED] - Delayed 3 second(s)

2023-01-02 18:26:45 - [TEST_STEP][PASSED] - verifyElementVisible(findTestObject("09-Settings/Users/Active User/div_Active Users-All Organizations units")): Object 'Object Repository/09-Settings/Users/Active User/div_Active Users-All Organizations units' is visible

2023-01-02 18:26:46 - [MESSAGE][PASSED] - Object 'Object Repository/09-Settings/Users/Active User/div_Active Users-All Organizations units' is visible

2023-01-02 18:26:46 - [TEST_STEP][PASSED] - delay(3): Delayed 3 second(s)

2023-01-02 18:26:49 - [MESSAGE][PASSED] - Delayed 3 second(s)

2023-01-02 18:26:49 - [TEST_STEP][PASSED] - verifyElementVisible(findTestObject("09-Settings/Users/Active User/div_Selected organization unit")): Object 'Object Repository/09-Settings/Users/Active User/div_Selected organization unit' is visible

2023-01-02 18:26:50 - [MESSAGE][PASSED] - Object 'Object Repository/09-Settings/Users/Active User/div_Selected organization unit' is visible

2023-01-02 18:26:50 - [TEST_STEP][PASSED] - click(findTestObject("09-Settings/Users/Active User/div_Selected organization unit")): Object: 'Object Repository/09-Settings/Users/Active User/div_Selected organization unit' is clicked on

2023-01-02 18:26:51 - [MESSAGE][PASSED] - Object: 'Object Repository/09-Settings/Users/Active User/div_Selected organization unit' is clicked on

2023-01-02 18:26:51 - [TEST_STEP][PASSED] - delay(3): Delayed 3 second(s)

2023-01-02 18:26:54 - [MESSAGE][PASSED] - Delayed 3 second(s)

2023-01-02 18:26:54 - [TEST_STEP][PASSED] - click(findTestObject("09-Settings/Users/Active User/div_GG Automation")): Object: 'Object Repository/09-Settings/Users/Active User/div_GG Automation' is clicked on

2023-01-02 18:26:55 - [MESSAGE][PASSED] - Object: 'Object Repository/09-Settings/Users/Active User/div_GG Automation' is clicked on

2023-01-02 18:26:55 - [TEST_STEP][PASSED] - verifyElementVisible(findTestObject("09-Settings/Users/Active User/div_Active Users-Selected Organization units")): Object 'Object Repository/09-Settings/Users/Active User/div_Active Users-Selected Organization units' is visible

2023-01-02 18:26:56 - [MESSAGE][PASSED] - Object 'Object Repository/09-Settings/Users/Active User/div_Active Users-Selected Organization units' is visible

2023-01-02 18:26:56 - [TEST_STEP][PASSED] - delay(3): Delayed 3 second(s)

2023-01-02 18:26:59 - [MESSAGE][PASSED] - Delayed 3 second(s)

2023-01-02 18:26:59 - [TEST_STEP][PASSED] - click(findTestObject("09-Settings/Users/Active User/filter_icon")): Object: 'Object Repository/09-Settings/Users/Active User/filter_icon' is clicked on

2023-01-02 18:27:00 - [MESSAGE][PASSED] - Object: 'Object Repository/09-Settings/Users/Active User/filter_icon' is clicked on

2023-01-02 18:27:00 - [TEST_STEP][PASSED] - delay(5): Delayed 5 second(s)

2023-01-02 18:27:05 - [MESSAGE][PASSED] - Delayed 5 second(s)]]></system-out>
         <system-err><![CDATA[]]></system-err>
      </testcase>
      <testcase name="Test Cases/09-Settings/12 - Users (Active User - Edit Role)" time="58.098" classname="Test Cases/09-Settings/12 - Users (Active User - Edit Role)" status="PASSED">
         <system-out><![CDATA[2023-01-02 18:27:05 - [TEST_CASE][PASSED] - Test Cases/09-Settings/12 - Users (Active User - Edit Role): Test Cases/09-Settings/12 - Users (Active User - Edit Role)

2023-01-02 18:27:07 - [TEST_STEP][PASSED] - delay(3): Delayed 3 second(s)

2023-01-02 18:27:10 - [MESSAGE][PASSED] - Delayed 3 second(s)

2023-01-02 18:27:10 - [TEST_STEP][PASSED] - verifyElementPresent(findTestObject("09-Settings/Users/Active User/div_GTGG tester 2"), 0): Object 'Object Repository/09-Settings/Users/Active User/div_GTGG tester 2' is present

2023-01-02 18:27:10 - [MESSAGE][WARNING] - Timeout '0' is invalid. Using default page load timeout: '30'

2023-01-02 18:27:11 - [MESSAGE][PASSED] - Object 'Object Repository/09-Settings/Users/Active User/div_GTGG tester 2' is present

2023-01-02 18:27:11 - [TEST_STEP][PASSED] - click(findTestObject("09-Settings/Users/Active User/button_ellipses")): Object: 'Object Repository/09-Settings/Users/Active User/button_ellipses' is clicked on

2023-01-02 18:27:12 - [MESSAGE][PASSED] - Object: 'Object Repository/09-Settings/Users/Active User/button_ellipses' is clicked on

2023-01-02 18:27:12 - [TEST_STEP][PASSED] - click(findTestObject("09-Settings/Users/Active User/button_Edit Role")): Object: 'Object Repository/09-Settings/Users/Active User/button_Edit Role' is clicked on

2023-01-02 18:27:13 - [MESSAGE][PASSED] - Object: 'Object Repository/09-Settings/Users/Active User/button_Edit Role' is clicked on

2023-01-02 18:27:13 - [TEST_STEP][PASSED] - verifyElementPresent(findTestObject("09-Settings/Users/Active User/h4_Edit User Role"), 0): Object 'Object Repository/09-Settings/Users/Active User/h4_Edit User Role' is present

2023-01-02 18:27:13 - [MESSAGE][WARNING] - Timeout '0' is invalid. Using default page load timeout: '30'

2023-01-02 18:27:14 - [MESSAGE][PASSED] - Object 'Object Repository/09-Settings/Users/Active User/h4_Edit User Role' is present

2023-01-02 18:27:14 - [TEST_STEP][PASSED] - click(findTestObject("09-Settings/Users/Active User/div_roleDropdown")): Object: 'Object Repository/09-Settings/Users/Active User/div_roleDropdown' is clicked on

2023-01-02 18:27:15 - [MESSAGE][PASSED] - Object: 'Object Repository/09-Settings/Users/Active User/div_roleDropdown' is clicked on

2023-01-02 18:27:15 - [TEST_STEP][PASSED] - click(findTestObject("09-Settings/Users/Active User/mat-option_External Contact")): Object: 'Object Repository/09-Settings/Users/Active User/mat-option_External Contact' is clicked on

2023-01-02 18:27:16 - [MESSAGE][PASSED] - Object: 'Object Repository/09-Settings/Users/Active User/mat-option_External Contact' is clicked on

2023-01-02 18:27:16 - [TEST_STEP][PASSED] - verifyElementPresent(findTestObject("09-Settings/Users/Active User/warning_when_changing_role"), 0): Object 'Object Repository/09-Settings/Users/Active User/warning_when_changing_role' is present

2023-01-02 18:27:16 - [MESSAGE][WARNING] - Timeout '0' is invalid. Using default page load timeout: '30'

2023-01-02 18:27:17 - [MESSAGE][PASSED] - Object 'Object Repository/09-Settings/Users/Active User/warning_when_changing_role' is present

2023-01-02 18:27:17 - [TEST_STEP][PASSED] - delay(4): Delayed 4 second(s)

2023-01-02 18:27:21 - [MESSAGE][PASSED] - Delayed 4 second(s)

2023-01-02 18:27:21 - [TEST_STEP][PASSED] - click(findTestObject("09-Settings/Users/Active User/div_roleTypeDropdown")): Object: 'Object Repository/09-Settings/Users/Active User/div_roleTypeDropdown' is clicked on

2023-01-02 18:27:21 - [MESSAGE][PASSED] - Object: 'Object Repository/09-Settings/Users/Active User/div_roleTypeDropdown' is clicked on

2023-01-02 18:27:21 - [TEST_STEP][PASSED] - click(findTestObject("09-Settings/Users/Active User/mat-option_None")): Object: 'Object Repository/09-Settings/Users/Active User/mat-option_None' is clicked on

2023-01-02 18:27:22 - [MESSAGE][PASSED] - Object: 'Object Repository/09-Settings/Users/Active User/mat-option_None' is clicked on

2023-01-02 18:27:22 - [TEST_STEP][PASSED] - delay(4): Delayed 4 second(s)

2023-01-02 18:27:26 - [MESSAGE][PASSED] - Delayed 4 second(s)

2023-01-02 18:27:26 - [TEST_STEP][PASSED] - click(findTestObject("09-Settings/Users/Active User/button_Save")): Object: 'Object Repository/09-Settings/Users/Active User/button_Save' is clicked on

2023-01-02 18:27:27 - [MESSAGE][PASSED] - Object: 'Object Repository/09-Settings/Users/Active User/button_Save' is clicked on

2023-01-02 18:27:27 - [TEST_STEP][PASSED] - delay(3): Delayed 3 second(s)

2023-01-02 18:27:30 - [MESSAGE][PASSED] - Delayed 3 second(s)

2023-01-02 18:27:30 - [TEST_STEP][PASSED] - verifyElementPresent(findTestObject("09-Settings/Users/Active User/div_GTGG tester 2"), 0): Object 'Object Repository/09-Settings/Users/Active User/div_GTGG tester 2' is present

2023-01-02 18:27:31 - [MESSAGE][WARNING] - Timeout '0' is invalid. Using default page load timeout: '30'

2023-01-02 18:27:34 - [MESSAGE][PASSED] - Object 'Object Repository/09-Settings/Users/Active User/div_GTGG tester 2' is present

2023-01-02 18:27:34 - [TEST_STEP][PASSED] - click(findTestObject("09-Settings/Users/Active User/button_ellipses")): Object: 'Object Repository/09-Settings/Users/Active User/button_ellipses' is clicked on

2023-01-02 18:27:35 - [MESSAGE][PASSED] - Object: 'Object Repository/09-Settings/Users/Active User/button_ellipses' is clicked on

2023-01-02 18:27:35 - [TEST_STEP][PASSED] - click(findTestObject("09-Settings/Users/Active User/button_Edit Role")): Object: 'Object Repository/09-Settings/Users/Active User/button_Edit Role' is clicked on

2023-01-02 18:27:36 - [MESSAGE][PASSED] - Object: 'Object Repository/09-Settings/Users/Active User/button_Edit Role' is clicked on

2023-01-02 18:27:36 - [TEST_STEP][PASSED] - verifyElementPresent(findTestObject("09-Settings/Users/Active User/h4_Edit User Role"), 0): Object 'Object Repository/09-Settings/Users/Active User/h4_Edit User Role' is present

2023-01-02 18:27:36 - [MESSAGE][WARNING] - Timeout '0' is invalid. Using default page load timeout: '30'

2023-01-02 18:27:37 - [MESSAGE][PASSED] - Object 'Object Repository/09-Settings/Users/Active User/h4_Edit User Role' is present

2023-01-02 18:27:37 - [TEST_STEP][PASSED] - click(findTestObject("09-Settings/Users/Active User/div_roleDropdown")): Object: 'Object Repository/09-Settings/Users/Active User/div_roleDropdown' is clicked on

2023-01-02 18:27:38 - [MESSAGE][PASSED] - Object: 'Object Repository/09-Settings/Users/Active User/div_roleDropdown' is clicked on

2023-01-02 18:27:38 - [TEST_STEP][PASSED] - click(findTestObject("09-Settings/Users/Active User/mat-option_CoWorker")): Object: 'Object Repository/09-Settings/Users/Active User/mat-option_CoWorker' is clicked on

2023-01-02 18:27:40 - [MESSAGE][PASSED] - Object: 'Object Repository/09-Settings/Users/Active User/mat-option_CoWorker' is clicked on

2023-01-02 18:27:40 - [TEST_STEP][PASSED] - verifyElementPresent(findTestObject("09-Settings/Users/Active User/warning_when_changing_role"), 0): Object 'Object Repository/09-Settings/Users/Active User/warning_when_changing_role' is present

2023-01-02 18:27:41 - [MESSAGE][WARNING] - Timeout '0' is invalid. Using default page load timeout: '30'

2023-01-02 18:27:41 - [MESSAGE][PASSED] - Object 'Object Repository/09-Settings/Users/Active User/warning_when_changing_role' is present

2023-01-02 18:27:41 - [TEST_STEP][PASSED] - delay(4): Delayed 4 second(s)

2023-01-02 18:27:45 - [MESSAGE][PASSED] - Delayed 4 second(s)

2023-01-02 18:27:45 - [TEST_STEP][PASSED] - click(findTestObject("09-Settings/Users/Active User/div_roleTypeDropdown")): Object: 'Object Repository/09-Settings/Users/Active User/div_roleTypeDropdown' is clicked on

2023-01-02 18:27:46 - [MESSAGE][PASSED] - Object: 'Object Repository/09-Settings/Users/Active User/div_roleTypeDropdown' is clicked on

2023-01-02 18:27:46 - [TEST_STEP][PASSED] - click(findTestObject("09-Settings/Users/Active User/mat-option_None")): Object: 'Object Repository/09-Settings/Users/Active User/mat-option_None' is clicked on

2023-01-02 18:27:47 - [MESSAGE][PASSED] - Object: 'Object Repository/09-Settings/Users/Active User/mat-option_None' is clicked on

2023-01-02 18:27:47 - [TEST_STEP][PASSED] - delay(4): Delayed 4 second(s)

2023-01-02 18:27:51 - [MESSAGE][PASSED] - Delayed 4 second(s)

2023-01-02 18:27:51 - [TEST_STEP][PASSED] - click(findTestObject("09-Settings/Users/Active User/button_Save")): Object: 'Object Repository/09-Settings/Users/Active User/button_Save' is clicked on

2023-01-02 18:27:52 - [MESSAGE][PASSED] - Object: 'Object Repository/09-Settings/Users/Active User/button_Save' is clicked on

2023-01-02 18:27:52 - [TEST_STEP][PASSED] - verifyElementPresent(findTestObject("09-Settings/Users/Active User/span_Successfully changed user role"), 0): Object 'Object Repository/09-Settings/Users/Active User/span_Successfully changed user role' is present

2023-01-02 18:27:52 - [MESSAGE][WARNING] - Timeout '0' is invalid. Using default page load timeout: '30'

2023-01-02 18:27:59 - [MESSAGE][PASSED] - Object 'Object Repository/09-Settings/Users/Active User/span_Successfully changed user role' is present

2023-01-02 18:27:59 - [TEST_STEP][PASSED] - click(findTestObject("09-Settings/Users/Active User/button_OK")): Object: 'Object Repository/09-Settings/Users/Active User/button_OK' is clicked on

2023-01-02 18:28:00 - [MESSAGE][PASSED] - Object: 'Object Repository/09-Settings/Users/Active User/button_OK' is clicked on

2023-01-02 18:28:00 - [TEST_STEP][PASSED] - delay(3): Delayed 3 second(s)

2023-01-02 18:28:03 - [MESSAGE][PASSED] - Delayed 3 second(s)]]></system-out>
         <system-err><![CDATA[]]></system-err>
      </testcase>
      <testcase name="Test Cases/09-Settings/13 - Users (Active User - Promote to admin)" time="20.841" classname="Test Cases/09-Settings/13 - Users (Active User - Promote to admin)" status="PASSED">
         <system-out><![CDATA[2023-01-02 18:28:03 - [TEST_CASE][PASSED] - Test Cases/09-Settings/13 - Users (Active User - Promote to admin): Test Cases/09-Settings/13 - Users (Active User - Promote to admin)

2023-01-02 18:28:05 - [TEST_STEP][PASSED] - delay(3): Delayed 3 second(s)

2023-01-02 18:28:08 - [MESSAGE][PASSED] - Delayed 3 second(s)

2023-01-02 18:28:08 - [TEST_STEP][PASSED] - verifyElementPresent(findTestObject("09-Settings/Users/Active User/div_GTGG tester 2"), 0): Object 'Object Repository/09-Settings/Users/Active User/div_GTGG tester 2' is present

2023-01-02 18:28:08 - [MESSAGE][WARNING] - Timeout '0' is invalid. Using default page load timeout: '30'

2023-01-02 18:28:08 - [MESSAGE][PASSED] - Object 'Object Repository/09-Settings/Users/Active User/div_GTGG tester 2' is present

2023-01-02 18:28:08 - [TEST_STEP][PASSED] - click(findTestObject("09-Settings/Users/Active User/button_ellipses")): Object: 'Object Repository/09-Settings/Users/Active User/button_ellipses' is clicked on

2023-01-02 18:28:10 - [MESSAGE][PASSED] - Object: 'Object Repository/09-Settings/Users/Active User/button_ellipses' is clicked on

2023-01-02 18:28:10 - [TEST_STEP][PASSED] - click(findTestObject("09-Settings/Users/Active User/button_Promote to Admin")): Object: 'Object Repository/09-Settings/Users/Active User/button_Promote to Admin' is clicked on

2023-01-02 18:28:11 - [MESSAGE][PASSED] - Object: 'Object Repository/09-Settings/Users/Active User/button_Promote to Admin' is clicked on

2023-01-02 18:28:11 - [TEST_STEP][PASSED] - verifyElementPresent(findTestObject("09-Settings/Users/Active User/h4_User Admin Settings"), 0): Object 'Object Repository/09-Settings/Users/Active User/h4_User Admin Settings' is present

2023-01-02 18:28:11 - [MESSAGE][WARNING] - Timeout '0' is invalid. Using default page load timeout: '30'

2023-01-02 18:28:12 - [MESSAGE][PASSED] - Object 'Object Repository/09-Settings/Users/Active User/h4_User Admin Settings' is present

2023-01-02 18:28:12 - [TEST_STEP][PASSED] - delay(3): Delayed 3 second(s)

2023-01-02 18:28:15 - [MESSAGE][PASSED] - Delayed 3 second(s)

2023-01-02 18:28:15 - [TEST_STEP][PASSED] - click(findTestObject("09-Settings/Users/Active User/button_Promote")): Object: 'Object Repository/09-Settings/Users/Active User/button_Promote' is clicked on

2023-01-02 18:28:16 - [MESSAGE][PASSED] - Object: 'Object Repository/09-Settings/Users/Active User/button_Promote' is clicked on

2023-01-02 18:28:16 - [TEST_STEP][PASSED] - verifyElementPresent(findTestObject("09-Settings/Users/Active User/span_Successfully promoted user to admin"), 0): Object 'Object Repository/09-Settings/Users/Active User/span_Successfully promoted user to admin' is present

2023-01-02 18:28:16 - [MESSAGE][WARNING] - Timeout '0' is invalid. Using default page load timeout: '30'

2023-01-02 18:28:19 - [MESSAGE][PASSED] - Object 'Object Repository/09-Settings/Users/Active User/span_Successfully promoted user to admin' is present

2023-01-02 18:28:19 - [TEST_STEP][PASSED] - click(findTestObject("09-Settings/Users/Active User/button_OK")): Object: 'Object Repository/09-Settings/Users/Active User/button_OK' is clicked on

2023-01-02 18:28:21 - [MESSAGE][PASSED] - Object: 'Object Repository/09-Settings/Users/Active User/button_OK' is clicked on

2023-01-02 18:28:21 - [TEST_STEP][PASSED] - delay(3): Delayed 3 second(s)

2023-01-02 18:28:24 - [MESSAGE][PASSED] - Delayed 3 second(s)]]></system-out>
         <system-err><![CDATA[]]></system-err>
      </testcase>
      <testcase name="Test Cases/09-Settings/14 - Users (Active User - Demote user)" time="23.082" classname="Test Cases/09-Settings/14 - Users (Active User - Demote user)" status="PASSED">
         <system-out><![CDATA[2023-01-02 18:28:24 - [TEST_CASE][PASSED] - Test Cases/09-Settings/14 - Users (Active User - Demote user): Test Cases/09-Settings/14 - Users (Active User - Demote user)

2023-01-02 18:28:26 - [TEST_STEP][PASSED] - delay(3): Delayed 3 second(s)

2023-01-02 18:28:29 - [MESSAGE][PASSED] - Delayed 3 second(s)

2023-01-02 18:28:29 - [TEST_STEP][PASSED] - verifyElementPresent(findTestObject("09-Settings/Users/Active User/div_GTGG tester 2"), 0): Object 'Object Repository/09-Settings/Users/Active User/div_GTGG tester 2' is present

2023-01-02 18:28:29 - [MESSAGE][WARNING] - Timeout '0' is invalid. Using default page load timeout: '30'

2023-01-02 18:28:29 - [MESSAGE][PASSED] - Object 'Object Repository/09-Settings/Users/Active User/div_GTGG tester 2' is present

2023-01-02 18:28:29 - [TEST_STEP][PASSED] - click(findTestObject("09-Settings/Users/Active User/button_ellipses")): Object: 'Object Repository/09-Settings/Users/Active User/button_ellipses' is clicked on

2023-01-02 18:28:30 - [MESSAGE][PASSED] - Object: 'Object Repository/09-Settings/Users/Active User/button_ellipses' is clicked on

2023-01-02 18:28:30 - [TEST_STEP][PASSED] - click(findTestObject("09-Settings/Users/Active User/button_Demote Admin")): Object: 'Object Repository/09-Settings/Users/Active User/button_Demote Admin' is clicked on

2023-01-02 18:28:32 - [MESSAGE][PASSED] - Object: 'Object Repository/09-Settings/Users/Active User/button_Demote Admin' is clicked on

2023-01-02 18:28:32 - [TEST_STEP][PASSED] - verifyElementPresent(findTestObject("09-Settings/Users/Active User/h4_User Admin Settings"), 0): Object 'Object Repository/09-Settings/Users/Active User/h4_User Admin Settings' is present

2023-01-02 18:28:32 - [MESSAGE][WARNING] - Timeout '0' is invalid. Using default page load timeout: '30'

2023-01-02 18:28:33 - [MESSAGE][PASSED] - Object 'Object Repository/09-Settings/Users/Active User/h4_User Admin Settings' is present

2023-01-02 18:28:33 - [TEST_STEP][PASSED] - delay(3): Delayed 3 second(s)

2023-01-02 18:28:36 - [MESSAGE][PASSED] - Delayed 3 second(s)

2023-01-02 18:28:36 - [TEST_STEP][PASSED] - click(findTestObject("09-Settings/Users/Active User/button_Demote")): Object: 'Object Repository/09-Settings/Users/Active User/button_Demote' is clicked on

2023-01-02 18:28:37 - [MESSAGE][PASSED] - Object: 'Object Repository/09-Settings/Users/Active User/button_Demote' is clicked on

2023-01-02 18:28:37 - [TEST_STEP][PASSED] - verifyElementPresent(findTestObject("09-Settings/Users/Active User/span_Successfully demoted admin"), 0): Object 'Object Repository/09-Settings/Users/Active User/span_Successfully demoted admin' is present

2023-01-02 18:28:37 - [MESSAGE][WARNING] - Timeout '0' is invalid. Using default page load timeout: '30'

2023-01-02 18:28:43 - [MESSAGE][PASSED] - Object 'Object Repository/09-Settings/Users/Active User/span_Successfully demoted admin' is present

2023-01-02 18:28:43 - [TEST_STEP][PASSED] - click(findTestObject("09-Settings/Users/Active User/button_OK")): Object: 'Object Repository/09-Settings/Users/Active User/button_OK' is clicked on

2023-01-02 18:28:44 - [MESSAGE][PASSED] - Object: 'Object Repository/09-Settings/Users/Active User/button_OK' is clicked on

2023-01-02 18:28:44 - [TEST_STEP][PASSED] - delay(3): Delayed 3 second(s)

2023-01-02 18:28:47 - [MESSAGE][PASSED] - Delayed 3 second(s)]]></system-out>
         <system-err><![CDATA[]]></system-err>
      </testcase>
      <testcase name="Test Cases/09-Settings/15 - Users (Active User - Delete Active user)" time="84.699" classname="Test Cases/09-Settings/15 - Users (Active User - Delete Active user)" status="PASSED">
         <system-out><![CDATA[2023-01-02 18:28:47 - [TEST_CASE][PASSED] - Test Cases/09-Settings/15 - Users (Active User - Delete Active user): Test Cases/09-Settings/15 - Users (Active User - Delete Active user)

2023-01-02 18:28:48 - [TEST_STEP][PASSED] - delay(3): Delayed 3 second(s)

2023-01-02 18:28:52 - [MESSAGE][PASSED] - Delayed 3 second(s)

2023-01-02 18:28:52 - [TEST_STEP][PASSED] - verifyElementPresent(findTestObject("09-Settings/Users/Active User/div_GTGG tester 2"), 0): Object 'Object Repository/09-Settings/Users/Active User/div_GTGG tester 2' is present

2023-01-02 18:28:52 - [MESSAGE][WARNING] - Timeout '0' is invalid. Using default page load timeout: '30'

2023-01-02 18:28:52 - [MESSAGE][PASSED] - Object 'Object Repository/09-Settings/Users/Active User/div_GTGG tester 2' is present

2023-01-02 18:28:52 - [TEST_STEP][PASSED] - click(findTestObject("09-Settings/Users/Active User/button_ellipses")): Object: 'Object Repository/09-Settings/Users/Active User/button_ellipses' is clicked on

2023-01-02 18:28:53 - [MESSAGE][PASSED] - Object: 'Object Repository/09-Settings/Users/Active User/button_ellipses' is clicked on

2023-01-02 18:28:53 - [TEST_STEP][PASSED] - click(findTestObject("09-Settings/Users/Active User/button_Delete User")): Object: 'Object Repository/09-Settings/Users/Active User/button_Delete User' is clicked on

2023-01-02 18:28:54 - [MESSAGE][PASSED] - Object: 'Object Repository/09-Settings/Users/Active User/button_Delete User' is clicked on

2023-01-02 18:28:54 - [TEST_STEP][PASSED] - verifyElementPresent(findTestObject("09-Settings/Users/Active User/h4_Delete User"), 0): Object 'Object Repository/09-Settings/Users/Active User/h4_Delete User' is present

2023-01-02 18:28:54 - [MESSAGE][WARNING] - Timeout '0' is invalid. Using default page load timeout: '30'

2023-01-02 18:28:55 - [MESSAGE][PASSED] - Object 'Object Repository/09-Settings/Users/Active User/h4_Delete User' is present

2023-01-02 18:28:55 - [TEST_STEP][PASSED] - delay(4): Delayed 4 second(s)

2023-01-02 18:28:59 - [MESSAGE][PASSED] - Delayed 4 second(s)

2023-01-02 18:28:59 - [TEST_STEP][PASSED] - click(findTestObject("09-Settings/Users/Active User/button_Delete")): Object: 'Object Repository/09-Settings/Users/Active User/button_Delete' is clicked on

2023-01-02 18:29:01 - [MESSAGE][PASSED] - Object: 'Object Repository/09-Settings/Users/Active User/button_Delete' is clicked on

2023-01-02 18:29:01 - [TEST_STEP][PASSED] - delay(3): Delayed 3 second(s)

2023-01-02 18:29:04 - [MESSAGE][PASSED] - Delayed 3 second(s)

2023-01-02 18:29:04 - [TEST_STEP][PASSED] - verifyElementPresent(findTestObject("09-Settings/Users/Active User/div_GTGG tester"), 0): Object 'Object Repository/09-Settings/Users/Active User/div_GTGG tester' is present

2023-01-02 18:29:04 - [MESSAGE][WARNING] - Timeout '0' is invalid. Using default page load timeout: '30'

2023-01-02 18:29:06 - [MESSAGE][PASSED] - Object 'Object Repository/09-Settings/Users/Active User/div_GTGG tester' is present

2023-01-02 18:29:06 - [TEST_STEP][PASSED] - click(findTestObject("09-Settings/Users/Active User/button_ellipses")): Object: 'Object Repository/09-Settings/Users/Active User/button_ellipses' is clicked on

2023-01-02 18:29:07 - [MESSAGE][PASSED] - Object: 'Object Repository/09-Settings/Users/Active User/button_ellipses' is clicked on

2023-01-02 18:29:07 - [TEST_STEP][PASSED] - click(findTestObject("09-Settings/Users/Active User/button_Delete User")): Object: 'Object Repository/09-Settings/Users/Active User/button_Delete User' is clicked on

2023-01-02 18:29:08 - [MESSAGE][PASSED] - Object: 'Object Repository/09-Settings/Users/Active User/button_Delete User' is clicked on

2023-01-02 18:29:08 - [TEST_STEP][PASSED] - verifyElementPresent(findTestObject("09-Settings/Users/Active User/h4_Delete User"), 0): Object 'Object Repository/09-Settings/Users/Active User/h4_Delete User' is present

2023-01-02 18:29:08 - [MESSAGE][WARNING] - Timeout '0' is invalid. Using default page load timeout: '30'

2023-01-02 18:29:10 - [MESSAGE][PASSED] - Object 'Object Repository/09-Settings/Users/Active User/h4_Delete User' is present

2023-01-02 18:29:10 - [TEST_STEP][PASSED] - delay(4): Delayed 4 second(s)

2023-01-02 18:29:14 - [MESSAGE][PASSED] - Delayed 4 second(s)

2023-01-02 18:29:14 - [TEST_STEP][PASSED] - click(findTestObject("09-Settings/Users/Active User/button_Delete")): Object: 'Object Repository/09-Settings/Users/Active User/button_Delete' is clicked on

2023-01-02 18:29:15 - [MESSAGE][PASSED] - Object: 'Object Repository/09-Settings/Users/Active User/button_Delete' is clicked on

2023-01-02 18:29:15 - [TEST_STEP][PASSED] - delay(3): Delayed 3 second(s)

2023-01-02 18:29:18 - [MESSAGE][PASSED] - Delayed 3 second(s)

2023-01-02 18:29:18 - [TEST_STEP][PASSED] - verifyElementPresent(findTestObject("09-Settings/Users/Active User/div_GTGG Tester 3"), 0): Object 'Object Repository/09-Settings/Users/Active User/div_GTGG Tester 3' is present

2023-01-02 18:29:18 - [MESSAGE][WARNING] - Timeout '0' is invalid. Using default page load timeout: '30'

2023-01-02 18:29:20 - [MESSAGE][PASSED] - Object 'Object Repository/09-Settings/Users/Active User/div_GTGG Tester 3' is present

2023-01-02 18:29:20 - [TEST_STEP][PASSED] - click(findTestObject("09-Settings/Users/Active User/button_ellipses")): Object: 'Object Repository/09-Settings/Users/Active User/button_ellipses' is clicked on

2023-01-02 18:29:21 - [MESSAGE][PASSED] - Object: 'Object Repository/09-Settings/Users/Active User/button_ellipses' is clicked on

2023-01-02 18:29:21 - [TEST_STEP][PASSED] - click(findTestObject("09-Settings/Users/Active User/button_Delete User")): Object: 'Object Repository/09-Settings/Users/Active User/button_Delete User' is clicked on

2023-01-02 18:29:22 - [MESSAGE][PASSED] - Object: 'Object Repository/09-Settings/Users/Active User/button_Delete User' is clicked on

2023-01-02 18:29:22 - [TEST_STEP][PASSED] - verifyElementPresent(findTestObject("09-Settings/Users/Active User/h4_Delete User"), 0): Object 'Object Repository/09-Settings/Users/Active User/h4_Delete User' is present

2023-01-02 18:29:23 - [MESSAGE][WARNING] - Timeout '0' is invalid. Using default page load timeout: '30'

2023-01-02 18:29:23 - [MESSAGE][PASSED] - Object 'Object Repository/09-Settings/Users/Active User/h4_Delete User' is present

2023-01-02 18:29:23 - [TEST_STEP][PASSED] - delay(4): Delayed 4 second(s)

2023-01-02 18:29:27 - [MESSAGE][PASSED] - Delayed 4 second(s)

2023-01-02 18:29:27 - [TEST_STEP][PASSED] - click(findTestObject("09-Settings/Users/Active User/button_Delete")): Object: 'Object Repository/09-Settings/Users/Active User/button_Delete' is clicked on

2023-01-02 18:29:28 - [MESSAGE][PASSED] - Object: 'Object Repository/09-Settings/Users/Active User/button_Delete' is clicked on

2023-01-02 18:29:28 - [TEST_STEP][PASSED] - delay(3): Delayed 3 second(s)

2023-01-02 18:29:31 - [MESSAGE][PASSED] - Delayed 3 second(s)

2023-01-02 18:29:31 - [TEST_STEP][PASSED] - verifyElementPresent(findTestObject("09-Settings/Users/Active User/div_GPGG Partner"), 0): Object 'Object Repository/09-Settings/Users/Active User/div_GPGG Partner' is present

2023-01-02 18:29:32 - [MESSAGE][WARNING] - Timeout '0' is invalid. Using default page load timeout: '30'

2023-01-02 18:29:33 - [MESSAGE][PASSED] - Object 'Object Repository/09-Settings/Users/Active User/div_GPGG Partner' is present

2023-01-02 18:29:33 - [TEST_STEP][PASSED] - click(findTestObject("09-Settings/Users/Active User/button_ellipses")): Object: 'Object Repository/09-Settings/Users/Active User/button_ellipses' is clicked on

2023-01-02 18:29:34 - [MESSAGE][PASSED] - Object: 'Object Repository/09-Settings/Users/Active User/button_ellipses' is clicked on

2023-01-02 18:29:34 - [TEST_STEP][PASSED] - click(findTestObject("09-Settings/Users/Active User/button_Delete User")): Object: 'Object Repository/09-Settings/Users/Active User/button_Delete User' is clicked on

2023-01-02 18:29:36 - [MESSAGE][PASSED] - Object: 'Object Repository/09-Settings/Users/Active User/button_Delete User' is clicked on

2023-01-02 18:29:36 - [TEST_STEP][PASSED] - verifyElementPresent(findTestObject("09-Settings/Users/Active User/h4_Delete User"), 0): Object 'Object Repository/09-Settings/Users/Active User/h4_Delete User' is present

2023-01-02 18:29:36 - [MESSAGE][WARNING] - Timeout '0' is invalid. Using default page load timeout: '30'

2023-01-02 18:29:36 - [MESSAGE][PASSED] - Object 'Object Repository/09-Settings/Users/Active User/h4_Delete User' is present

2023-01-02 18:29:36 - [TEST_STEP][PASSED] - delay(4): Delayed 4 second(s)

2023-01-02 18:29:40 - [MESSAGE][PASSED] - Delayed 4 second(s)

2023-01-02 18:29:40 - [TEST_STEP][PASSED] - click(findTestObject("09-Settings/Users/Active User/button_Delete")): Object: 'Object Repository/09-Settings/Users/Active User/button_Delete' is clicked on

2023-01-02 18:29:41 - [MESSAGE][PASSED] - Object: 'Object Repository/09-Settings/Users/Active User/button_Delete' is clicked on

2023-01-02 18:29:41 - [TEST_STEP][PASSED] - delay(3): Delayed 3 second(s)

2023-01-02 18:29:44 - [MESSAGE][PASSED] - Delayed 3 second(s)

2023-01-02 18:29:44 - [TEST_STEP][PASSED] - verifyElementPresent(findTestObject("09-Settings/Users/Active User/div_GCGG Client"), 0): Object 'Object Repository/09-Settings/Users/Active User/div_GCGG Client' is present

2023-01-02 18:29:45 - [MESSAGE][WARNING] - Timeout '0' is invalid. Using default page load timeout: '30'

2023-01-02 18:29:45 - [MESSAGE][PASSED] - Object 'Object Repository/09-Settings/Users/Active User/div_GCGG Client' is present

2023-01-02 18:29:45 - [TEST_STEP][PASSED] - click(findTestObject("09-Settings/Users/Active User/button_ellipses")): Object: 'Object Repository/09-Settings/Users/Active User/button_ellipses' is clicked on

2023-01-02 18:29:46 - [MESSAGE][PASSED] - Object: 'Object Repository/09-Settings/Users/Active User/button_ellipses' is clicked on

2023-01-02 18:29:46 - [TEST_STEP][PASSED] - click(findTestObject("09-Settings/Users/Active User/button_Delete User")): Object: 'Object Repository/09-Settings/Users/Active User/button_Delete User' is clicked on

2023-01-02 18:29:47 - [MESSAGE][PASSED] - Object: 'Object Repository/09-Settings/Users/Active User/button_Delete User' is clicked on

2023-01-02 18:29:47 - [TEST_STEP][PASSED] - verifyElementPresent(findTestObject("09-Settings/Users/Active User/h4_Delete User"), 0): Object 'Object Repository/09-Settings/Users/Active User/h4_Delete User' is present

2023-01-02 18:29:47 - [MESSAGE][WARNING] - Timeout '0' is invalid. Using default page load timeout: '30'

2023-01-02 18:29:48 - [MESSAGE][PASSED] - Object 'Object Repository/09-Settings/Users/Active User/h4_Delete User' is present

2023-01-02 18:29:48 - [TEST_STEP][PASSED] - delay(4): Delayed 4 second(s)

2023-01-02 18:29:52 - [MESSAGE][PASSED] - Delayed 4 second(s)

2023-01-02 18:29:52 - [TEST_STEP][PASSED] - click(findTestObject("09-Settings/Users/Active User/button_Delete")): Object: 'Object Repository/09-Settings/Users/Active User/button_Delete' is clicked on

2023-01-02 18:29:53 - [MESSAGE][PASSED] - Object: 'Object Repository/09-Settings/Users/Active User/button_Delete' is clicked on

2023-01-02 18:29:53 - [TEST_STEP][PASSED] - verifyElementPresent(findTestObject("09-Settings/Users/Active User/span_Successfully deleted user"), 0): Object 'Object Repository/09-Settings/Users/Active User/span_Successfully deleted user' is present

2023-01-02 18:29:53 - [MESSAGE][WARNING] - Timeout '0' is invalid. Using default page load timeout: '30'

2023-01-02 18:30:00 - [MESSAGE][PASSED] - Object 'Object Repository/09-Settings/Users/Active User/span_Successfully deleted user' is present

2023-01-02 18:30:00 - [TEST_STEP][PASSED] - click(findTestObject("09-Settings/Users/Active User/button_OK")): Object: 'Object Repository/09-Settings/Users/Active User/button_OK' is clicked on

2023-01-02 18:30:01 - [MESSAGE][PASSED] - Object: 'Object Repository/09-Settings/Users/Active User/button_OK' is clicked on

2023-01-02 18:30:01 - [TEST_STEP][PASSED] - delay(5): Delayed 5 second(s)

2023-01-02 18:30:06 - [MESSAGE][PASSED] - Delayed 5 second(s)

2023-01-02 18:30:06 - [TEST_STEP][PASSED] - closeBrowser(): Browser is closed

2023-01-02 18:30:12 - [MESSAGE][PASSED] - Browser is closed]]></system-out>
         <system-err><![CDATA[]]></system-err>
      </testcase>
      <system-out><![CDATA[2023-01-02 18:17:24 - [TEST_SUITE][PASSED] - 09.2 - Setttings (Active user): Test Cases/09-Settings/15 - Users (Active User - Delete Active user)]]></system-out>
      <system-err><![CDATA[]]></system-err>
   </testsuite>
</testsuites>
