<?xml version="1.0" encoding="UTF-8"?>
<testsuites name="05-Chat" time="582.79" tests="7" failures="0" errors="0">
   <testsuite name="05-Chat" tests="7" failures="0" errors="0" time="582.79" skipped="0" timestamp="2022-03-04 15:04:44" hostname="User - DESKTOP-QCRNR4M" id="Test Suites/TS-Organization/05-Chat">
      <properties>
         <property name="deviceName" value=""/>
         <property name="devicePlatform" value=""/>
         <property name="logFolder" value="C:\\Users\\User\\Katalon Studio\\EverleaguesMain\\Reports\\20220304_150440\\TS-Organization\\05-Chat\\20220304_150441"/>
         <property name="logFiles" value="C:\\Users\\User\\Katalon Studio\\EverleaguesMain\\Reports\\20220304_150440\\TS-Organization\\05-Chat\\20220304_150441\\execution0.log"/>
         <property name="attachments" value=""/>
         <property name="hostName" value="User - DESKTOP-QCRNR4M"/>
         <property name="os" value="Windows 10 64bit"/>
         <property name="katalonVersion" value="8.2.5.208"/>
         <property name="browser" value="Chrome 98.0.4758.102"/>
         <property name="hostAddress" value="192.168.5.53"/>
         <property name="sessionId" value="233a53f8ef9cd108646d73077f6e20f9"/>
         <property name="seleniumVersion" value="3.141.59"/>
         <property name="proxyInformation" value="ProxyInformation { proxyOption=NO_PROXY, proxyServerType=HTTP, username=, password=********, proxyServerAddress=, proxyServerPort=0, executionList=&quot;&quot;, isApplyToDesiredCapabilities=true }"/>
         <property name="platform" value="Windows 10"/>
      </properties>
      <testcase name="Test Cases/05- Chat/01-Creating a Chat group" time="226.656" classname="Test Cases/05- Chat/01-Creating a Chat group" status="PASSED">
         <system-out><![CDATA[2022-03-04 15:04:44 - [TEST_CASE][PASSED] - Test Cases/05- Chat/01-Creating a Chat group: Test Cases/05- Chat/01-Creating a Chat group

2022-03-04 15:04:44 - [TEST_STEP][PASSED] - openBrowser(""): Browser is opened with url: ''

2022-03-04 15:04:45 - [MESSAGE][INFO] - Starting 'Chrome' driver

2022-03-04 15:04:45 - [MESSAGE][INFO] - Action delay is set to 0 milliseconds

2022-03-04 15:04:46 - [MESSAGE][PASSED] - Browser is opened with url: ''

2022-03-04 15:04:46 - [TEST_STEP][PASSED] - navigateToUrl("https://lab.everleagues.com/"): Navigate to 'https://lab.everleagues.com/' successfully

2022-03-04 15:07:40 - [MESSAGE][PASSED] - Navigate to 'https://lab.everleagues.com/' successfully

2022-03-04 15:07:40 - [TEST_STEP][PASSED] - maximizeWindow(): Current window maximized

2022-03-04 15:07:40 - [MESSAGE][PASSED] - Current window maximized

2022-03-04 15:07:40 - [TEST_STEP][PASSED] - setText(findTestObject("02-Side Icons(Organization)/Add Contact/Email Field"), "testuser02@mailinator.com"): Text 'testuser02@mailinator.com' is set on object 'Object Repository/02-Side Icons(Organization)/Add Contact/Email Field'

2022-03-04 15:07:41 - [MESSAGE][PASSED] - Text 'testuser02@mailinator.com' is set on object 'Object Repository/02-Side Icons(Organization)/Add Contact/Email Field'

2022-03-04 15:07:41 - [TEST_STEP][PASSED] - setEncryptedText(findTestObject("02-Side Icons(Organization)/Add Contact/Password Field"), "8yFRyszE6U6jvsCn51OQbg=="): Text ****** has been set on object 'Object Repository/02-Side Icons(Organization)/Add Contact/Password Field'

2022-03-04 15:07:41 - [MESSAGE][PASSED] - Text ****** has been set on object 'Object Repository/02-Side Icons(Organization)/Add Contact/Password Field'

2022-03-04 15:07:41 - [TEST_STEP][PASSED] - click(findTestObject("02-Side Icons(Organization)/Add Contact/button_Sign in")): Object: 'Object Repository/02-Side Icons(Organization)/Add Contact/button_Sign in' is clicked on

2022-03-04 15:07:42 - [MESSAGE][PASSED] - Object: 'Object Repository/02-Side Icons(Organization)/Add Contact/button_Sign in' is clicked on

2022-03-04 15:07:42 - [TEST_STEP][PASSED] - delay(2): Delayed 2 second(s)

2022-03-04 15:07:44 - [MESSAGE][PASSED] - Delayed 2 second(s)

2022-03-04 15:07:44 - [TEST_STEP][PASSED] - verifyElementVisible(findTestObject("02-Side Icons(Organization)/Add Contact/span_Automation Test Org")): Object 'Object Repository/02-Side Icons(Organization)/Add Contact/span_Automation Test Org' is visible

2022-03-04 15:07:46 - [MESSAGE][PASSED] - Object 'Object Repository/02-Side Icons(Organization)/Add Contact/span_Automation Test Org' is visible

2022-03-04 15:07:46 - [TEST_STEP][PASSED] - click(findTestObject("05-Chat/01- Creating a Chat group/div_Chat")): Object: 'Object Repository/05-Chat/01- Creating a Chat group/div_Chat' is clicked on

2022-03-04 15:08:00 - [MESSAGE][PASSED] - Object: 'Object Repository/05-Chat/01- Creating a Chat group/div_Chat' is clicked on

2022-03-04 15:08:00 - [TEST_STEP][PASSED] - delay(1): Delayed 1 second(s)

2022-03-04 15:08:01 - [MESSAGE][PASSED] - Delayed 1 second(s)

2022-03-04 15:08:01 - [TEST_STEP][PASSED] - verifyElementVisible(findTestObject("05-Chat/01- Creating a Chat group/h4_CHAT")): Object 'Object Repository/05-Chat/01- Creating a Chat group/h4_CHAT' is visible

2022-03-04 15:08:01 - [MESSAGE][PASSED] - Object 'Object Repository/05-Chat/01- Creating a Chat group/h4_CHAT' is visible

2022-03-04 15:08:01 - [TEST_STEP][PASSED] - verifyElementVisible(findTestObject("05-Chat/01- Creating a Chat group/div_No chat available")): Object 'Object Repository/05-Chat/01- Creating a Chat group/div_No chat available' is visible

2022-03-04 15:08:02 - [MESSAGE][PASSED] - Object 'Object Repository/05-Chat/01- Creating a Chat group/div_No chat available' is visible

2022-03-04 15:08:02 - [TEST_STEP][PASSED] - verifyElementVisible(findTestObject("05-Chat/01- Creating a Chat group/h5_Chat securely with your contacts here")): Object 'Object Repository/05-Chat/01- Creating a Chat group/h5_Chat securely with your contacts here' is visible

2022-03-04 15:08:03 - [MESSAGE][PASSED] - Object 'Object Repository/05-Chat/01- Creating a Chat group/h5_Chat securely with your contacts here' is visible

2022-03-04 15:08:03 - [TEST_STEP][PASSED] - delay(1): Delayed 1 second(s)

2022-03-04 15:08:04 - [MESSAGE][PASSED] - Delayed 1 second(s)

2022-03-04 15:08:04 - [TEST_STEP][PASSED] - click(findTestObject("05-Chat/01- Creating a Chat group/new chat icon")): Object: 'Object Repository/05-Chat/01- Creating a Chat group/new chat icon' is clicked on

2022-03-04 15:08:05 - [MESSAGE][PASSED] - Object: 'Object Repository/05-Chat/01- Creating a Chat group/new chat icon' is clicked on

2022-03-04 15:08:05 - [TEST_STEP][PASSED] - delay(1): Delayed 1 second(s)

2022-03-04 15:08:06 - [MESSAGE][PASSED] - Delayed 1 second(s)

2022-03-04 15:08:06 - [TEST_STEP][PASSED] - click(findTestObject("05-Chat/01- Creating a Chat group/div_New Group Chat")): Object: 'Object Repository/05-Chat/01- Creating a Chat group/div_New Group Chat' is clicked on

2022-03-04 15:08:07 - [MESSAGE][PASSED] - Object: 'Object Repository/05-Chat/01- Creating a Chat group/div_New Group Chat' is clicked on

2022-03-04 15:08:07 - [TEST_STEP][PASSED] - delay(1): Delayed 1 second(s)

2022-03-04 15:08:08 - [MESSAGE][PASSED] - Delayed 1 second(s)

2022-03-04 15:08:08 - [TEST_STEP][PASSED] - verifyElementVisible(findTestObject("05-Chat/01- Creating a Chat group/span_Add group participant")): Object 'Object Repository/05-Chat/01- Creating a Chat group/span_Add group participant' is visible

2022-03-04 15:08:08 - [MESSAGE][PASSED] - Object 'Object Repository/05-Chat/01- Creating a Chat group/span_Add group participant' is visible

2022-03-04 15:08:08 - [TEST_STEP][PASSED] - verifyElementNotPresent(findTestObject("05-Chat/01- Creating a Chat group/button_arrow_forward"), 0): Web element with id: 'Object Repository/05-Chat/01- Creating a Chat group/button_arrow_forward' located by 'By.xpath: //button[@type = 'button' and @ng-reflect-disabled = 'false' and (text() = 'arrow_forward' or . = 'arrow_forward')]' is not present after '30' second(s)

2022-03-04 15:08:08 - [MESSAGE][WARNING] - Timeout '0' is invalid. Using default page load timeout: '30'

2022-03-04 15:08:09 - [MESSAGE][PASSED] - Web element with id: 'Object Repository/05-Chat/01- Creating a Chat group/button_arrow_forward' located by 'By.xpath: //button[@type = 'button' and @ng-reflect-disabled = 'false' and (text() = 'arrow_forward' or . = 'arrow_forward')]' is not present after '30' second(s)

2022-03-04 15:08:09 - [TEST_STEP][PASSED] - delay(1): Delayed 1 second(s)

2022-03-04 15:08:10 - [MESSAGE][PASSED] - Delayed 1 second(s)

2022-03-04 15:08:10 - [TEST_STEP][PASSED] - setText(findTestObject("05-Chat/01- Creating a Chat group/input_newGroupName"), "Automation Chat"): Text 'Automation Chat' is set on object 'Object Repository/05-Chat/01- Creating a Chat group/input_newGroupName'

2022-03-04 15:08:11 - [MESSAGE][PASSED] - Text 'Automation Chat' is set on object 'Object Repository/05-Chat/01- Creating a Chat group/input_newGroupName'

2022-03-04 15:08:11 - [TEST_STEP][PASSED] - click(findTestObject("05-Chat/01- Creating a Chat group/div_GTGG tester")): Object: 'Object Repository/05-Chat/01- Creating a Chat group/div_GTGG tester' is clicked on

2022-03-04 15:08:11 - [MESSAGE][PASSED] - Object: 'Object Repository/05-Chat/01- Creating a Chat group/div_GTGG tester' is clicked on

2022-03-04 15:08:11 - [TEST_STEP][PASSED] - verifyElementVisible(findTestObject("05-Chat/01- Creating a Chat group/GG tester added")): Object 'Object Repository/05-Chat/01- Creating a Chat group/GG tester added' is visible

2022-03-04 15:08:12 - [MESSAGE][PASSED] - Object 'Object Repository/05-Chat/01- Creating a Chat group/GG tester added' is visible

2022-03-04 15:08:12 - [TEST_STEP][PASSED] - delay(1): Delayed 1 second(s)

2022-03-04 15:08:13 - [MESSAGE][PASSED] - Delayed 1 second(s)

2022-03-04 15:08:13 - [TEST_STEP][PASSED] - click(findTestObject("05-Chat/01- Creating a Chat group/div_GTGG tester 2")): Object: 'Object Repository/05-Chat/01- Creating a Chat group/div_GTGG tester 2' is clicked on

2022-03-04 15:08:13 - [MESSAGE][PASSED] - Object: 'Object Repository/05-Chat/01- Creating a Chat group/div_GTGG tester 2' is clicked on

2022-03-04 15:08:13 - [TEST_STEP][PASSED] - verifyElementVisible(findTestObject("05-Chat/01- Creating a Chat group/GG tester 2 added")): Object 'Object Repository/05-Chat/01- Creating a Chat group/GG tester 2 added' is visible

2022-03-04 15:08:14 - [MESSAGE][PASSED] - Object 'Object Repository/05-Chat/01- Creating a Chat group/GG tester 2 added' is visible

2022-03-04 15:08:14 - [TEST_STEP][PASSED] - delay(1): Delayed 1 second(s)

2022-03-04 15:08:15 - [MESSAGE][PASSED] - Delayed 1 second(s)

2022-03-04 15:08:15 - [TEST_STEP][PASSED] - click(findTestObject("05-Chat/01- Creating a Chat group/button_arrow_forward")): Object: 'Object Repository/05-Chat/01- Creating a Chat group/button_arrow_forward' is clicked on

2022-03-04 15:08:16 - [MESSAGE][PASSED] - Object: 'Object Repository/05-Chat/01- Creating a Chat group/button_arrow_forward' is clicked on

2022-03-04 15:08:16 - [TEST_STEP][PASSED] - verifyElementVisible(findTestObject("05-Chat/01- Creating a Chat group/div_Creating Chat")): Object 'Object Repository/05-Chat/01- Creating a Chat group/div_Creating Chat' is visible

2022-03-04 15:08:17 - [MESSAGE][PASSED] - Object 'Object Repository/05-Chat/01- Creating a Chat group/div_Creating Chat' is visible

2022-03-04 15:08:17 - [TEST_STEP][PASSED] - delay(3): Delayed 3 second(s)

2022-03-04 15:08:20 - [MESSAGE][PASSED] - Delayed 3 second(s)

2022-03-04 15:08:20 - [TEST_STEP][PASSED] - verifyElementVisible(findTestObject("05-Chat/01- Creating a Chat group/div_Automation Chat")): Object 'Object Repository/05-Chat/01- Creating a Chat group/div_Automation Chat' is visible

2022-03-04 15:08:25 - [MESSAGE][PASSED] - Object 'Object Repository/05-Chat/01- Creating a Chat group/div_Automation Chat' is visible

2022-03-04 15:08:25 - [TEST_STEP][PASSED] - delay(5): Delayed 5 second(s)

2022-03-04 15:08:30 - [MESSAGE][PASSED] - Delayed 5 second(s)]]></system-out>
         <system-err><![CDATA[]]></system-err>
      </testcase>
      <testcase name="Test Cases/05- Chat/02-Sending chat messages" time="22.699" classname="Test Cases/05- Chat/02-Sending chat messages" status="PASSED">
         <system-out><![CDATA[2022-03-04 15:08:30 - [TEST_CASE][PASSED] - Test Cases/05- Chat/02-Sending chat messages: Test Cases/05- Chat/02-Sending chat messages

2022-03-04 15:08:31 - [TEST_STEP][PASSED] - click(findTestObject("05-Chat/02-Sending chat messages/div_AC")): Object: 'Object Repository/05-Chat/02-Sending chat messages/div_AC' is clicked on

2022-03-04 15:08:31 - [MESSAGE][PASSED] - Object: 'Object Repository/05-Chat/02-Sending chat messages/div_AC' is clicked on

2022-03-04 15:08:31 - [TEST_STEP][PASSED] - setText(findTestObject("05-Chat/02-Sending chat messages/textarea__msg"), "Testing automation"): Text 'Testing automation' is set on object 'Object Repository/05-Chat/02-Sending chat messages/textarea__msg'

2022-03-04 15:08:32 - [MESSAGE][PASSED] - Text 'Testing automation' is set on object 'Object Repository/05-Chat/02-Sending chat messages/textarea__msg'

2022-03-04 15:08:32 - [TEST_STEP][PASSED] - click(findTestObject("05-Chat/02-Sending chat messages/button_send")): Object: 'Object Repository/05-Chat/02-Sending chat messages/button_send' is clicked on

2022-03-04 15:08:33 - [MESSAGE][PASSED] - Object: 'Object Repository/05-Chat/02-Sending chat messages/button_send' is clicked on

2022-03-04 15:08:33 - [TEST_STEP][PASSED] - verifyElementVisible(findTestObject("05-Chat/02-Sending chat messages/verify_Testing automation msg")): Object 'Object Repository/05-Chat/02-Sending chat messages/verify_Testing automation msg' is visible

2022-03-04 15:08:35 - [MESSAGE][PASSED] - Object 'Object Repository/05-Chat/02-Sending chat messages/verify_Testing automation msg' is visible

2022-03-04 15:08:35 - [TEST_STEP][PASSED] - delay(3): Delayed 3 second(s)

2022-03-04 15:08:38 - [MESSAGE][PASSED] - Delayed 3 second(s)

2022-03-04 15:08:38 - [TEST_STEP][PASSED] - click(findTestObject("05-Chat/02-Sending chat messages/button_insert_emoticon")): Object: 'Object Repository/05-Chat/02-Sending chat messages/button_insert_emoticon' is clicked on

2022-03-04 15:08:38 - [MESSAGE][PASSED] - Object: 'Object Repository/05-Chat/02-Sending chat messages/button_insert_emoticon' is clicked on

2022-03-04 15:08:38 - [TEST_STEP][PASSED] - verifyElementVisible(findTestObject("05-Chat/02-Sending chat messages/Frequently used")): Object 'Object Repository/05-Chat/02-Sending chat messages/Frequently used' is visible

2022-03-04 15:08:39 - [MESSAGE][PASSED] - Object 'Object Repository/05-Chat/02-Sending chat messages/Frequently used' is visible

2022-03-04 15:08:39 - [TEST_STEP][PASSED] - verifyElementVisible(findTestObject("05-Chat/02-Sending chat messages/smiley and people")): Object 'Object Repository/05-Chat/02-Sending chat messages/smiley and people' is visible

2022-03-04 15:08:40 - [MESSAGE][PASSED] - Object 'Object Repository/05-Chat/02-Sending chat messages/smiley and people' is visible

2022-03-04 15:08:40 - [TEST_STEP][PASSED] - verifyElementVisible(findTestObject("05-Chat/02-Sending chat messages/Animals and nature")): Object 'Object Repository/05-Chat/02-Sending chat messages/Animals and nature' is visible

2022-03-04 15:08:40 - [MESSAGE][PASSED] - Object 'Object Repository/05-Chat/02-Sending chat messages/Animals and nature' is visible

2022-03-04 15:08:40 - [TEST_STEP][PASSED] - verifyElementVisible(findTestObject("05-Chat/02-Sending chat messages/Food and drink")): Object 'Object Repository/05-Chat/02-Sending chat messages/Food and drink' is visible

2022-03-04 15:08:41 - [MESSAGE][PASSED] - Object 'Object Repository/05-Chat/02-Sending chat messages/Food and drink' is visible

2022-03-04 15:08:41 - [TEST_STEP][PASSED] - verifyElementVisible(findTestObject("05-Chat/02-Sending chat messages/Activity")): Object 'Object Repository/05-Chat/02-Sending chat messages/Activity' is visible

2022-03-04 15:08:41 - [MESSAGE][PASSED] - Object 'Object Repository/05-Chat/02-Sending chat messages/Activity' is visible

2022-03-04 15:08:41 - [TEST_STEP][PASSED] - verifyElementVisible(findTestObject("05-Chat/02-Sending chat messages/Travel and places")): Object 'Object Repository/05-Chat/02-Sending chat messages/Travel and places' is visible

2022-03-04 15:08:41 - [MESSAGE][PASSED] - Object 'Object Repository/05-Chat/02-Sending chat messages/Travel and places' is visible

2022-03-04 15:08:41 - [TEST_STEP][PASSED] - verifyElementVisible(findTestObject("05-Chat/02-Sending chat messages/Objects")): Object 'Object Repository/05-Chat/02-Sending chat messages/Objects' is visible

2022-03-04 15:08:42 - [MESSAGE][PASSED] - Object 'Object Repository/05-Chat/02-Sending chat messages/Objects' is visible

2022-03-04 15:08:42 - [TEST_STEP][PASSED] - verifyElementVisible(findTestObject("05-Chat/02-Sending chat messages/Symbols")): Object 'Object Repository/05-Chat/02-Sending chat messages/Symbols' is visible

2022-03-04 15:08:42 - [MESSAGE][PASSED] - Object 'Object Repository/05-Chat/02-Sending chat messages/Symbols' is visible

2022-03-04 15:08:42 - [TEST_STEP][PASSED] - delay(2): Delayed 2 second(s)

2022-03-04 15:08:44 - [MESSAGE][PASSED] - Delayed 2 second(s)

2022-03-04 15:08:44 - [TEST_STEP][PASSED] - click(findTestObject("05-Chat/02-Sending chat messages/Money Face")): Object: 'Object Repository/05-Chat/02-Sending chat messages/Money Face' is clicked on

2022-03-04 15:08:45 - [MESSAGE][PASSED] - Object: 'Object Repository/05-Chat/02-Sending chat messages/Money Face' is clicked on

2022-03-04 15:08:45 - [TEST_STEP][PASSED] - click(findTestObject("05-Chat/02-Sending chat messages/button_send")): Object: 'Object Repository/05-Chat/02-Sending chat messages/button_send' is clicked on

2022-03-04 15:08:46 - [MESSAGE][PASSED] - Object: 'Object Repository/05-Chat/02-Sending chat messages/button_send' is clicked on

2022-03-04 15:08:46 - [TEST_STEP][PASSED] - delay(2): Delayed 2 second(s)

2022-03-04 15:08:48 - [MESSAGE][PASSED] - Delayed 2 second(s)

2022-03-04 15:08:48 - [TEST_STEP][PASSED] - verifyElementVisible(findTestObject("05-Chat/02-Sending chat messages/money face in chat")): Object 'Object Repository/05-Chat/02-Sending chat messages/money face in chat' is visible

2022-03-04 15:08:48 - [MESSAGE][PASSED] - Object 'Object Repository/05-Chat/02-Sending chat messages/money face in chat' is visible

2022-03-04 15:08:48 - [TEST_STEP][PASSED] - delay(5): Delayed 5 second(s)

2022-03-04 15:08:53 - [MESSAGE][PASSED] - Delayed 5 second(s)]]></system-out>
         <system-err><![CDATA[]]></system-err>
      </testcase>
      <testcase name="Test Cases/05- Chat/03-Sending attached file" time="97.878" classname="Test Cases/05- Chat/03-Sending attached file" status="PASSED">
         <system-out><![CDATA[2022-03-04 15:08:53 - [TEST_CASE][PASSED] - Test Cases/05- Chat/03-Sending attached file: Test Cases/05- Chat/03-Sending attached file

2022-03-04 15:08:53 - [TEST_STEP][PASSED] - delay(3): Delayed 3 second(s)

2022-03-04 15:08:56 - [MESSAGE][PASSED] - Delayed 3 second(s)

2022-03-04 15:08:57 - [TEST_STEP][PASSED] - uploadpackage.Upload.uploadFile(findTestObject("Object Repository/05-Chat/03-Sending attached file/button_attach_file"), "C:\Users\User\Desktop\EL automation\qa.jpg"): uploadpackage.Upload.uploadFile is PASSED

2022-03-04 15:08:57 - [MESSAGE][PASSED] - Object: 'Object Repository/05-Chat/03-Sending attached file/button_attach_file' is clicked on

2022-03-04 15:08:57 - [MESSAGE][PASSED] - uploadpackage.Upload.uploadFile is PASSED

2022-03-04 15:08:57 - [TEST_STEP][PASSED] - delay(5): Delayed 5 second(s)

2022-03-04 15:09:02 - [MESSAGE][PASSED] - Delayed 5 second(s)

2022-03-04 15:09:02 - [TEST_STEP][PASSED] - click(findTestObject("05-Chat/02-Sending chat messages/button_send")): Object: 'Object Repository/05-Chat/02-Sending chat messages/button_send' is clicked on

2022-03-04 15:09:03 - [MESSAGE][PASSED] - Object: 'Object Repository/05-Chat/02-Sending chat messages/button_send' is clicked on

2022-03-04 15:09:03 - [TEST_STEP][PASSED] - delay(5): Delayed 5 second(s)

2022-03-04 15:09:08 - [MESSAGE][PASSED] - Delayed 5 second(s)

2022-03-04 15:09:08 - [TEST_STEP][PASSED] - verifyElementVisible(findTestObject("05-Chat/03-Sending attached file/img_You_inserted")): Object 'Object Repository/05-Chat/03-Sending attached file/img_You_inserted' is visible

2022-03-04 15:09:08 - [MESSAGE][PASSED] - Object 'Object Repository/05-Chat/03-Sending attached file/img_You_inserted' is visible

2022-03-04 15:09:08 - [TEST_STEP][PASSED] - refresh(): Refresh successfully

2022-03-04 15:09:08 - [MESSAGE][PASSED] - Refresh successfully

2022-03-04 15:09:08 - [TEST_STEP][PASSED] - delay(15): Delayed 15 second(s)

2022-03-04 15:09:23 - [MESSAGE][PASSED] - Delayed 15 second(s)

2022-03-04 15:09:23 - [TEST_STEP][PASSED] - uploadFileWithDragAndDrop(findTestObject("Object Repository/05-Chat/02-Sending chat messages/textarea__msg"), "C:\Users\User\Desktop\EL automation\sample.pdf"): null

2022-03-04 15:09:24 - [TEST_STEP][PASSED] - delay(5): Delayed 5 second(s)

2022-03-04 15:09:29 - [MESSAGE][PASSED] - Delayed 5 second(s)

2022-03-04 15:09:29 - [TEST_STEP][PASSED] - click(findTestObject("05-Chat/02-Sending chat messages/button_send")): Object: 'Object Repository/05-Chat/02-Sending chat messages/button_send' is clicked on

2022-03-04 15:09:30 - [MESSAGE][PASSED] - Object: 'Object Repository/05-Chat/02-Sending chat messages/button_send' is clicked on

2022-03-04 15:09:30 - [TEST_STEP][PASSED] - delay(5): Delayed 5 second(s)

2022-03-04 15:09:35 - [MESSAGE][PASSED] - Delayed 5 second(s)

2022-03-04 15:09:35 - [TEST_STEP][PASSED] - verifyElementVisible(findTestObject("05-Chat/03-Sending attached file/span_sample.pdf")): Object 'Object Repository/05-Chat/03-Sending attached file/span_sample.pdf' is visible

2022-03-04 15:09:36 - [MESSAGE][PASSED] - Object 'Object Repository/05-Chat/03-Sending attached file/span_sample.pdf' is visible

2022-03-04 15:09:36 - [TEST_STEP][PASSED] - refresh(): Refresh successfully

2022-03-04 15:09:38 - [MESSAGE][PASSED] - Refresh successfully

2022-03-04 15:09:38 - [TEST_STEP][PASSED] - delay(15): Delayed 15 second(s)

2022-03-04 15:09:53 - [MESSAGE][PASSED] - Delayed 15 second(s)

2022-03-04 15:09:53 - [TEST_STEP][PASSED] - uploadFileWithDragAndDrop(findTestObject("Object Repository/05-Chat/02-Sending chat messages/textarea__msg"), "C:\Users\User\Desktop\EL automation\video.mp4"): null

2022-03-04 15:09:53 - [TEST_STEP][PASSED] - delay(5): Delayed 5 second(s)

2022-03-04 15:09:58 - [MESSAGE][PASSED] - Delayed 5 second(s)

2022-03-04 15:09:58 - [TEST_STEP][PASSED] - click(findTestObject("05-Chat/02-Sending chat messages/button_send")): Object: 'Object Repository/05-Chat/02-Sending chat messages/button_send' is clicked on

2022-03-04 15:09:59 - [MESSAGE][PASSED] - Object: 'Object Repository/05-Chat/02-Sending chat messages/button_send' is clicked on

2022-03-04 15:09:59 - [TEST_STEP][PASSED] - delay(20): Delayed 20 second(s)

2022-03-04 15:10:19 - [MESSAGE][PASSED] - Delayed 20 second(s)

2022-03-04 15:10:19 - [TEST_STEP][PASSED] - verifyElementVisible(findTestObject("05-Chat/03-Sending attached file/span_video.mp4")): Object 'Object Repository/05-Chat/03-Sending attached file/span_video.mp4' is visible

2022-03-04 15:10:26 - [MESSAGE][PASSED] - Object 'Object Repository/05-Chat/03-Sending attached file/span_video.mp4' is visible

2022-03-04 15:10:26 - [TEST_STEP][PASSED] - delay(5): Delayed 5 second(s)

2022-03-04 15:10:31 - [MESSAGE][PASSED] - Delayed 5 second(s)]]></system-out>
         <system-err><![CDATA[]]></system-err>
      </testcase>
      <testcase name="Test Cases/05- Chat/04-Sending a video conference invite" time="101.047" classname="Test Cases/05- Chat/04-Sending a video conference invite" status="PASSED">
         <system-out><![CDATA[2022-03-04 15:10:31 - [TEST_CASE][PASSED] - Test Cases/05- Chat/04-Sending a video conference invite: Test Cases/05- Chat/04-Sending a video conference invite

2022-03-04 15:10:31 - [TEST_STEP][PASSED] - click(findTestObject("05-Chat/04-Sending a video conference invite/button_videocam")): Object: 'Object Repository/05-Chat/04-Sending a video conference invite/button_videocam' is clicked on

2022-03-04 15:11:01 - [MESSAGE][PASSED] - Object: 'Object Repository/05-Chat/04-Sending a video conference invite/button_videocam' is clicked on

2022-03-04 15:11:01 - [TEST_STEP][PASSED] - delay(2): Delayed 2 second(s)

2022-03-04 15:11:03 - [MESSAGE][PASSED] - Delayed 2 second(s)

2022-03-04 15:11:03 - [TEST_STEP][PASSED] - click(findTestObject("05-Chat/02-Sending chat messages/button_send")): Object: 'Object Repository/05-Chat/02-Sending chat messages/button_send' is clicked on

2022-03-04 15:11:34 - [MESSAGE][PASSED] - Object: 'Object Repository/05-Chat/02-Sending chat messages/button_send' is clicked on

2022-03-04 15:11:34 - [TEST_STEP][PASSED] - verifyElementVisible(findTestObject("05-Chat/04-Sending a video conference invite/div_Video Conference")): Object 'Object Repository/05-Chat/04-Sending a video conference invite/div_Video Conference' is visible

2022-03-04 15:12:07 - [MESSAGE][PASSED] - Object 'Object Repository/05-Chat/04-Sending a video conference invite/div_Video Conference' is visible

2022-03-04 15:12:07 - [TEST_STEP][PASSED] - delay(5): Delayed 5 second(s)

2022-03-04 15:12:12 - [MESSAGE][PASSED] - Delayed 5 second(s)]]></system-out>
         <system-err><![CDATA[]]></system-err>
      </testcase>
      <testcase name="Test Cases/05- Chat/05-Schedule a meeting" time="43.99" classname="Test Cases/05- Chat/05-Schedule a meeting" status="PASSED">
         <system-out><![CDATA[2022-03-04 15:12:12 - [TEST_CASE][PASSED] - Test Cases/05- Chat/05-Schedule a meeting: Test Cases/05- Chat/05-Schedule a meeting

2022-03-04 15:12:12 - [TEST_STEP][PASSED] - click(findTestObject("05-Chat/05-Schedule a meeting/button_schedule a meeting")): Object: 'Object Repository/05-Chat/05-Schedule a meeting/button_schedule a meeting' is clicked on

2022-03-04 15:12:13 - [MESSAGE][PASSED] - Object: 'Object Repository/05-Chat/05-Schedule a meeting/button_schedule a meeting' is clicked on

2022-03-04 15:12:13 - [TEST_STEP][PASSED] - delay(2): Delayed 2 second(s)

2022-03-04 15:12:15 - [MESSAGE][PASSED] - Delayed 2 second(s)

2022-03-04 15:12:15 - [TEST_STEP][PASSED] - verifyElementVisible(findTestObject("05-Chat/05-Schedule a meeting/Meeting title field")): Object 'Object Repository/05-Chat/05-Schedule a meeting/Meeting title field' is visible

2022-03-04 15:12:15 - [MESSAGE][PASSED] - Object 'Object Repository/05-Chat/05-Schedule a meeting/Meeting title field' is visible

2022-03-04 15:12:15 - [TEST_STEP][PASSED] - verifyElementVisible(findTestObject("05-Chat/05-Schedule a meeting/div_Start Date")): Object 'Object Repository/05-Chat/05-Schedule a meeting/div_Start Date' is visible

2022-03-04 15:12:16 - [MESSAGE][PASSED] - Object 'Object Repository/05-Chat/05-Schedule a meeting/div_Start Date' is visible

2022-03-04 15:12:16 - [TEST_STEP][PASSED] - verifyElementVisible(findTestObject("05-Chat/05-Schedule a meeting/div_End Date")): Object 'Object Repository/05-Chat/05-Schedule a meeting/div_End Date' is visible

2022-03-04 15:12:16 - [MESSAGE][PASSED] - Object 'Object Repository/05-Chat/05-Schedule a meeting/div_End Date' is visible

2022-03-04 15:12:16 - [TEST_STEP][PASSED] - verifyElementVisible(findTestObject("05-Chat/05-Schedule a meeting/div_Recurrence")): Object 'Object Repository/05-Chat/05-Schedule a meeting/div_Recurrence' is visible

2022-03-04 15:12:16 - [MESSAGE][PASSED] - Object 'Object Repository/05-Chat/05-Schedule a meeting/div_Recurrence' is visible

2022-03-04 15:12:16 - [TEST_STEP][PASSED] - delay(2): Delayed 2 second(s)

2022-03-04 15:12:18 - [MESSAGE][PASSED] - Delayed 2 second(s)

2022-03-04 15:12:18 - [TEST_STEP][PASSED] - click(findTestObject("05-Chat/05-Schedule a meeting/div_recurrence_selectarror")): Object: 'Object Repository/05-Chat/05-Schedule a meeting/div_recurrence_selectarror' is clicked on

2022-03-04 15:12:19 - [MESSAGE][PASSED] - Object: 'Object Repository/05-Chat/05-Schedule a meeting/div_recurrence_selectarror' is clicked on

2022-03-04 15:12:19 - [TEST_STEP][PASSED] - verifyElementVisible(findTestObject("05-Chat/05-Schedule a meeting/span_Does not repeat")): Object 'Object Repository/05-Chat/05-Schedule a meeting/span_Does not repeat' is visible

2022-03-04 15:12:20 - [MESSAGE][PASSED] - Object 'Object Repository/05-Chat/05-Schedule a meeting/span_Does not repeat' is visible

2022-03-04 15:12:20 - [TEST_STEP][PASSED] - verifyElementVisible(findTestObject("05-Chat/05-Schedule a meeting/span_Daily")): Object 'Object Repository/05-Chat/05-Schedule a meeting/span_Daily' is visible

2022-03-04 15:12:21 - [MESSAGE][PASSED] - Object 'Object Repository/05-Chat/05-Schedule a meeting/span_Daily' is visible

2022-03-04 15:12:21 - [TEST_STEP][PASSED] - verifyElementVisible(findTestObject("05-Chat/05-Schedule a meeting/span_Weekly")): Object 'Object Repository/05-Chat/05-Schedule a meeting/span_Weekly' is visible

2022-03-04 15:12:21 - [MESSAGE][PASSED] - Object 'Object Repository/05-Chat/05-Schedule a meeting/span_Weekly' is visible

2022-03-04 15:12:21 - [TEST_STEP][PASSED] - verifyElementVisible(findTestObject("05-Chat/05-Schedule a meeting/span_Monthly")): Object 'Object Repository/05-Chat/05-Schedule a meeting/span_Monthly' is visible

2022-03-04 15:12:21 - [MESSAGE][PASSED] - Object 'Object Repository/05-Chat/05-Schedule a meeting/span_Monthly' is visible

2022-03-04 15:12:21 - [TEST_STEP][PASSED] - verifyElementVisible(findTestObject("05-Chat/05-Schedule a meeting/span_Every weekday")): Object 'Object Repository/05-Chat/05-Schedule a meeting/span_Every weekday' is visible

2022-03-04 15:12:22 - [MESSAGE][PASSED] - Object 'Object Repository/05-Chat/05-Schedule a meeting/span_Every weekday' is visible

2022-03-04 15:12:22 - [TEST_STEP][PASSED] - delay(2): Delayed 2 second(s)

2022-03-04 15:12:24 - [MESSAGE][PASSED] - Delayed 2 second(s)

2022-03-04 15:12:24 - [TEST_STEP][PASSED] - click(findTestObject("05-Chat/05-Schedule a meeting/span_Daily"), STOP_ON_FAILURE): Object: 'Object Repository/05-Chat/05-Schedule a meeting/span_Daily' is clicked on

2022-03-04 15:12:24 - [MESSAGE][PASSED] - Object: 'Object Repository/05-Chat/05-Schedule a meeting/span_Daily' is clicked on

2022-03-04 15:12:24 - [TEST_STEP][PASSED] - click(findTestObject("05-Chat/05-Schedule a meeting/button_Start Date_calendar")): Object: 'Object Repository/05-Chat/05-Schedule a meeting/button_Start Date_calendar' is clicked on

2022-03-04 15:12:25 - [MESSAGE][PASSED] - Object: 'Object Repository/05-Chat/05-Schedule a meeting/button_Start Date_calendar' is clicked on

2022-03-04 15:12:25 - [TEST_STEP][PASSED] - verifyElementVisible(findTestObject("05-Chat/05-Schedule a meeting/calendar modal")): Object 'Object Repository/05-Chat/05-Schedule a meeting/calendar modal' is visible

2022-03-04 15:12:28 - [MESSAGE][PASSED] - Object 'Object Repository/05-Chat/05-Schedule a meeting/calendar modal' is visible

2022-03-04 15:12:28 - [TEST_STEP][PASSED] - delay(2): Delayed 2 second(s)

2022-03-04 15:12:30 - [MESSAGE][PASSED] - Delayed 2 second(s)

2022-03-04 15:12:30 - [TEST_STEP][PASSED] - clickOffset(findTestObject("05-Chat/01- Creating a Chat group/div_Automation Chat"), 10, 10): Object: 'Object Repository/05-Chat/01- Creating a Chat group/div_Automation Chat' is clicked on using offset x=10 and y=10

2022-03-04 15:12:30 - [MESSAGE][PASSED] - Object: 'Object Repository/05-Chat/01- Creating a Chat group/div_Automation Chat' is clicked on using offset x=10 and y=10

2022-03-04 15:12:30 - [TEST_STEP][PASSED] - delay(3): Delayed 3 second(s)

2022-03-04 15:12:33 - [MESSAGE][PASSED] - Delayed 3 second(s)

2022-03-04 15:12:33 - [TEST_STEP][PASSED] - click(findTestObject("05-Chat/05-Schedule a meeting/button_End Date_calendar")): Object: 'Object Repository/05-Chat/05-Schedule a meeting/button_End Date_calendar' is clicked on

2022-03-04 15:12:34 - [MESSAGE][PASSED] - Object: 'Object Repository/05-Chat/05-Schedule a meeting/button_End Date_calendar' is clicked on

2022-03-04 15:12:34 - [TEST_STEP][PASSED] - verifyElementVisible(findTestObject("05-Chat/05-Schedule a meeting/calendar modal")): Object 'Object Repository/05-Chat/05-Schedule a meeting/calendar modal' is visible

2022-03-04 15:12:35 - [MESSAGE][PASSED] - Object 'Object Repository/05-Chat/05-Schedule a meeting/calendar modal' is visible

2022-03-04 15:12:35 - [TEST_STEP][PASSED] - delay(3): Delayed 3 second(s)

2022-03-04 15:12:38 - [MESSAGE][PASSED] - Delayed 3 second(s)

2022-03-04 15:12:38 - [TEST_STEP][PASSED] - clickOffset(findTestObject("05-Chat/01- Creating a Chat group/div_Automation Chat"), 10, 10): Object: 'Object Repository/05-Chat/01- Creating a Chat group/div_Automation Chat' is clicked on using offset x=10 and y=10

2022-03-04 15:12:39 - [MESSAGE][PASSED] - Object: 'Object Repository/05-Chat/01- Creating a Chat group/div_Automation Chat' is clicked on using offset x=10 and y=10

2022-03-04 15:12:39 - [TEST_STEP][PASSED] - delay(3): Delayed 3 second(s)

2022-03-04 15:12:42 - [MESSAGE][PASSED] - Delayed 3 second(s)

2022-03-04 15:12:42 - [TEST_STEP][PASSED] - setText(findTestObject("05-Chat/05-Schedule a meeting/input_meeting title"), "Automation Meeting"): Text 'Automation Meeting' is set on object 'Object Repository/05-Chat/05-Schedule a meeting/input_meeting title'

2022-03-04 15:12:43 - [MESSAGE][PASSED] - Text 'Automation Meeting' is set on object 'Object Repository/05-Chat/05-Schedule a meeting/input_meeting title'

2022-03-04 15:12:43 - [TEST_STEP][PASSED] - delay(2): Delayed 2 second(s)

2022-03-04 15:12:45 - [MESSAGE][PASSED] - Delayed 2 second(s)

2022-03-04 15:12:45 - [TEST_STEP][PASSED] - click(findTestObject("05-Chat/02-Sending chat messages/button_send")): Object: 'Object Repository/05-Chat/02-Sending chat messages/button_send' is clicked on

2022-03-04 15:12:46 - [MESSAGE][PASSED] - Object: 'Object Repository/05-Chat/02-Sending chat messages/button_send' is clicked on

2022-03-04 15:12:46 - [TEST_STEP][PASSED] - delay(5): Delayed 5 second(s)

2022-03-04 15:12:51 - [MESSAGE][PASSED] - Delayed 5 second(s)

2022-03-04 15:12:51 - [TEST_STEP][PASSED] - verifyElementVisible(findTestObject("05-Chat/05-Schedule a meeting/span_Automation Meeting")): Object 'Object Repository/05-Chat/05-Schedule a meeting/span_Automation Meeting' is visible

2022-03-04 15:12:51 - [MESSAGE][PASSED] - Object 'Object Repository/05-Chat/05-Schedule a meeting/span_Automation Meeting' is visible

2022-03-04 15:12:51 - [TEST_STEP][PASSED] - delay(5): Delayed 5 second(s)

2022-03-04 15:12:56 - [MESSAGE][PASSED] - Delayed 5 second(s)]]></system-out>
         <system-err><![CDATA[]]></system-err>
      </testcase>
      <testcase name="Test Cases/05- Chat/06-Hiding a chat" time="53.821" classname="Test Cases/05- Chat/06-Hiding a chat" status="PASSED">
         <system-out><![CDATA[2022-03-04 15:12:56 - [TEST_CASE][PASSED] - Test Cases/05- Chat/06-Hiding a chat: Test Cases/05- Chat/06-Hiding a chat

2022-03-04 15:12:56 - [TEST_STEP][PASSED] - delay(3): Delayed 3 second(s)

2022-03-04 15:12:59 - [MESSAGE][PASSED] - Delayed 3 second(s)

2022-03-04 15:12:59 - [TEST_STEP][PASSED] - click(findTestObject("05-Chat/06-Hiding a chat/ellipsis_chat setting")): Object: 'Object Repository/05-Chat/06-Hiding a chat/ellipsis_chat setting' is clicked on

2022-03-04 15:13:00 - [MESSAGE][PASSED] - Object: 'Object Repository/05-Chat/06-Hiding a chat/ellipsis_chat setting' is clicked on

2022-03-04 15:13:00 - [TEST_STEP][PASSED] - delay(2): Delayed 2 second(s)

2022-03-04 15:13:02 - [MESSAGE][PASSED] - Delayed 2 second(s)

2022-03-04 15:13:02 - [TEST_STEP][PASSED] - verifyElementVisible(findTestObject("05-Chat/06-Hiding a chat/button_Group info")): Object 'Object Repository/05-Chat/06-Hiding a chat/button_Group info' is visible

2022-03-04 15:13:03 - [MESSAGE][PASSED] - Object 'Object Repository/05-Chat/06-Hiding a chat/button_Group info' is visible

2022-03-04 15:13:03 - [TEST_STEP][PASSED] - verifyElementVisible(findTestObject("05-Chat/06-Hiding a chat/button_Hide chat")): Object 'Object Repository/05-Chat/06-Hiding a chat/button_Hide chat' is visible

2022-03-04 15:13:03 - [MESSAGE][PASSED] - Object 'Object Repository/05-Chat/06-Hiding a chat/button_Hide chat' is visible

2022-03-04 15:13:03 - [TEST_STEP][PASSED] - delay(3): Delayed 3 second(s)

2022-03-04 15:13:06 - [MESSAGE][PASSED] - Delayed 3 second(s)

2022-03-04 15:13:06 - [TEST_STEP][PASSED] - click(findTestObject("05-Chat/06-Hiding a chat/button_Hide chat")): Object: 'Object Repository/05-Chat/06-Hiding a chat/button_Hide chat' is clicked on

2022-03-04 15:13:06 - [MESSAGE][PASSED] - Object: 'Object Repository/05-Chat/06-Hiding a chat/button_Hide chat' is clicked on

2022-03-04 15:13:06 - [TEST_STEP][PASSED] - delay(3): Delayed 3 second(s)

2022-03-04 15:13:09 - [MESSAGE][PASSED] - Delayed 3 second(s)

2022-03-04 15:13:09 - [TEST_STEP][PASSED] - refresh(): Refresh successfully

2022-03-04 15:13:11 - [MESSAGE][PASSED] - Refresh successfully

2022-03-04 15:13:11 - [TEST_STEP][PASSED] - delay(10): Delayed 10 second(s)

2022-03-04 15:13:21 - [MESSAGE][PASSED] - Delayed 10 second(s)

2022-03-04 15:13:21 - [TEST_STEP][PASSED] - verifyElementVisible(findTestObject("05-Chat/01- Creating a Chat group/div_No chat available")): Object 'Object Repository/05-Chat/01- Creating a Chat group/div_No chat available' is visible

2022-03-04 15:13:22 - [MESSAGE][PASSED] - Object 'Object Repository/05-Chat/01- Creating a Chat group/div_No chat available' is visible

2022-03-04 15:13:22 - [TEST_STEP][PASSED] - delay(1): Delayed 1 second(s)

2022-03-04 15:13:23 - [MESSAGE][PASSED] - Delayed 1 second(s)

2022-03-04 15:13:23 - [TEST_STEP][PASSED] - click(findTestObject("05-Chat/06-Hiding a chat/button_search")): Object: 'Object Repository/05-Chat/06-Hiding a chat/button_search' is clicked on

2022-03-04 15:13:24 - [MESSAGE][PASSED] - Object: 'Object Repository/05-Chat/06-Hiding a chat/button_search' is clicked on

2022-03-04 15:13:24 - [TEST_STEP][PASSED] - setText(findTestObject("05-Chat/06-Hiding a chat/input_search"), "Auto"): Text 'Auto' is set on object 'Object Repository/05-Chat/06-Hiding a chat/input_search'

2022-03-04 15:13:25 - [MESSAGE][PASSED] - Text 'Auto' is set on object 'Object Repository/05-Chat/06-Hiding a chat/input_search'

2022-03-04 15:13:25 - [TEST_STEP][PASSED] - delay(3): Delayed 3 second(s)

2022-03-04 15:13:28 - [MESSAGE][PASSED] - Delayed 3 second(s)

2022-03-04 15:13:28 - [TEST_STEP][PASSED] - click(findTestObject("05-Chat/02-Sending chat messages/div_AC")): Object: 'Object Repository/05-Chat/02-Sending chat messages/div_AC' is clicked on

2022-03-04 15:13:29 - [MESSAGE][PASSED] - Object: 'Object Repository/05-Chat/02-Sending chat messages/div_AC' is clicked on

2022-03-04 15:13:29 - [TEST_STEP][PASSED] - delay(5): Delayed 5 second(s)

2022-03-04 15:13:34 - [MESSAGE][PASSED] - Delayed 5 second(s)

2022-03-04 15:13:34 - [TEST_STEP][PASSED] - setText(findTestObject("05-Chat/02-Sending chat messages/textarea__msg"), "Test auto"): Text 'Test auto' is set on object 'Object Repository/05-Chat/02-Sending chat messages/textarea__msg'

2022-03-04 15:13:35 - [MESSAGE][PASSED] - Text 'Test auto' is set on object 'Object Repository/05-Chat/02-Sending chat messages/textarea__msg'

2022-03-04 15:13:35 - [TEST_STEP][PASSED] - click(findTestObject("05-Chat/02-Sending chat messages/button_send")): Object: 'Object Repository/05-Chat/02-Sending chat messages/button_send' is clicked on

2022-03-04 15:13:35 - [MESSAGE][PASSED] - Object: 'Object Repository/05-Chat/02-Sending chat messages/button_send' is clicked on

2022-03-04 15:13:35 - [TEST_STEP][PASSED] - delay(3): Delayed 3 second(s)

2022-03-04 15:13:38 - [MESSAGE][PASSED] - Delayed 3 second(s)

2022-03-04 15:13:38 - [TEST_STEP][PASSED] - refresh(): Refresh successfully

2022-03-04 15:13:40 - [MESSAGE][PASSED] - Refresh successfully

2022-03-04 15:13:40 - [TEST_STEP][PASSED] - delay(10): Delayed 10 second(s)

2022-03-04 15:13:50 - [MESSAGE][PASSED] - Delayed 10 second(s)]]></system-out>
         <system-err><![CDATA[]]></system-err>
      </testcase>
      <testcase name="Test Cases/05- Chat/07-Group Info" time="36.363" classname="Test Cases/05- Chat/07-Group Info" status="PASSED">
         <system-out><![CDATA[2022-03-04 15:13:50 - [TEST_CASE][PASSED] - Test Cases/05- Chat/07-Group Info: Test Cases/05- Chat/07-Group Info

2022-03-04 15:13:50 - [TEST_STEP][PASSED] - delay(1): Delayed 1 second(s)

2022-03-04 15:13:51 - [MESSAGE][PASSED] - Delayed 1 second(s)

2022-03-04 15:13:51 - [TEST_STEP][PASSED] - click(findTestObject("05-Chat/02-Sending chat messages/div_AC")): Object: 'Object Repository/05-Chat/02-Sending chat messages/div_AC' is clicked on

2022-03-04 15:13:52 - [MESSAGE][PASSED] - Object: 'Object Repository/05-Chat/02-Sending chat messages/div_AC' is clicked on

2022-03-04 15:13:52 - [TEST_STEP][PASSED] - delay(3): Delayed 3 second(s)

2022-03-04 15:13:55 - [MESSAGE][PASSED] - Delayed 3 second(s)

2022-03-04 15:13:55 - [TEST_STEP][PASSED] - click(findTestObject("05-Chat/06-Hiding a chat/ellipsis_chat setting")): Object: 'Object Repository/05-Chat/06-Hiding a chat/ellipsis_chat setting' is clicked on

2022-03-04 15:13:55 - [MESSAGE][PASSED] - Object: 'Object Repository/05-Chat/06-Hiding a chat/ellipsis_chat setting' is clicked on

2022-03-04 15:13:55 - [TEST_STEP][PASSED] - delay(2): Delayed 2 second(s)

2022-03-04 15:13:57 - [MESSAGE][PASSED] - Delayed 2 second(s)

2022-03-04 15:13:57 - [TEST_STEP][PASSED] - click(findTestObject("05-Chat/06-Hiding a chat/button_Group info")): Object: 'Object Repository/05-Chat/06-Hiding a chat/button_Group info' is clicked on

2022-03-04 15:13:57 - [MESSAGE][PASSED] - Object: 'Object Repository/05-Chat/06-Hiding a chat/button_Group info' is clicked on

2022-03-04 15:13:57 - [TEST_STEP][PASSED] - delay(2): Delayed 2 second(s)

2022-03-04 15:14:00 - [MESSAGE][PASSED] - Delayed 2 second(s)

2022-03-04 15:14:00 - [TEST_STEP][PASSED] - verifyElementVisible(findTestObject("05-Chat/06-Hiding a chat/Group info")): Object 'Object Repository/05-Chat/06-Hiding a chat/Group info' is visible

2022-03-04 15:14:00 - [MESSAGE][PASSED] - Object 'Object Repository/05-Chat/06-Hiding a chat/Group info' is visible

2022-03-04 15:14:00 - [TEST_STEP][PASSED] - delay(2): Delayed 2 second(s)

2022-03-04 15:14:02 - [MESSAGE][PASSED] - Delayed 2 second(s)

2022-03-04 15:14:02 - [TEST_STEP][PASSED] - click(findTestObject("05-Chat/07-Group Info/button_EDIT")): Object: 'Object Repository/05-Chat/07-Group Info/button_EDIT' is clicked on

2022-03-04 15:14:02 - [MESSAGE][PASSED] - Object: 'Object Repository/05-Chat/07-Group Info/button_EDIT' is clicked on

2022-03-04 15:14:02 - [TEST_STEP][PASSED] - setText(findTestObject("05-Chat/07-Group Info/input_groupName_edit"), "Automation Chat EDITED"): Text 'Automation Chat EDITED' is set on object 'Object Repository/05-Chat/07-Group Info/input_groupName_edit'

2022-03-04 15:14:04 - [MESSAGE][PASSED] - Text 'Automation Chat EDITED' is set on object 'Object Repository/05-Chat/07-Group Info/input_groupName_edit'

2022-03-04 15:14:04 - [TEST_STEP][PASSED] - click(findTestObject("05-Chat/07-Group Info/button_Save")): Object: 'Object Repository/05-Chat/07-Group Info/button_Save' is clicked on

2022-03-04 15:14:04 - [MESSAGE][PASSED] - Object: 'Object Repository/05-Chat/07-Group Info/button_Save' is clicked on

2022-03-04 15:14:04 - [TEST_STEP][PASSED] - verifyElementVisible(findTestObject("05-Chat/07-Group Info/Successfully changed group name msg")): Object 'Object Repository/05-Chat/07-Group Info/Successfully changed group name msg' is visible

2022-03-04 15:14:05 - [MESSAGE][PASSED] - Object 'Object Repository/05-Chat/07-Group Info/Successfully changed group name msg' is visible

2022-03-04 15:14:05 - [TEST_STEP][PASSED] - delay(3): Delayed 3 second(s)

2022-03-04 15:14:08 - [MESSAGE][PASSED] - Delayed 3 second(s)

2022-03-04 15:14:08 - [TEST_STEP][PASSED] - click(findTestObject("05-Chat/07-Group Info/div_GTGG tester")): Object: 'Object Repository/05-Chat/07-Group Info/div_GTGG tester' is clicked on

2022-03-04 15:14:09 - [MESSAGE][PASSED] - Object: 'Object Repository/05-Chat/07-Group Info/div_GTGG tester' is clicked on

2022-03-04 15:14:09 - [TEST_STEP][PASSED] - verifyElementVisible(findTestObject("05-Chat/07-Group Info/button_Message")): Object 'Object Repository/05-Chat/07-Group Info/button_Message' is visible

2022-03-04 15:14:10 - [MESSAGE][PASSED] - Object 'Object Repository/05-Chat/07-Group Info/button_Message' is visible

2022-03-04 15:14:10 - [TEST_STEP][PASSED] - verifyElementVisible(findTestObject("05-Chat/07-Group Info/button_Kick from group")): Object 'Object Repository/05-Chat/07-Group Info/button_Kick from group' is visible

2022-03-04 15:14:10 - [MESSAGE][PASSED] - Object 'Object Repository/05-Chat/07-Group Info/button_Kick from group' is visible

2022-03-04 15:14:10 - [TEST_STEP][PASSED] - delay(3): Delayed 3 second(s)

2022-03-04 15:14:13 - [MESSAGE][PASSED] - Delayed 3 second(s)

2022-03-04 15:14:13 - [TEST_STEP][PASSED] - click(findTestObject("05-Chat/07-Group Info/button_Kick from group")): Object: 'Object Repository/05-Chat/07-Group Info/button_Kick from group' is clicked on

2022-03-04 15:14:14 - [MESSAGE][PASSED] - Object: 'Object Repository/05-Chat/07-Group Info/button_Kick from group' is clicked on

2022-03-04 15:14:14 - [TEST_STEP][PASSED] - verifyElementVisible(findTestObject("05-Chat/07-Group Info/Successfully removed user from group msg")): Object 'Object Repository/05-Chat/07-Group Info/Successfully removed user from group msg' is visible

2022-03-04 15:14:16 - [MESSAGE][PASSED] - Object 'Object Repository/05-Chat/07-Group Info/Successfully removed user from group msg' is visible

2022-03-04 15:14:16 - [TEST_STEP][PASSED] - delay(3): Delayed 3 second(s)

2022-03-04 15:14:19 - [MESSAGE][PASSED] - Delayed 3 second(s)

2022-03-04 15:14:19 - [TEST_STEP][PASSED] - click(findTestObject("05-Chat/07-Group Info/div_Remove group")): Object: 'Object Repository/05-Chat/07-Group Info/div_Remove group' is clicked on

2022-03-04 15:14:19 - [MESSAGE][PASSED] - Object: 'Object Repository/05-Chat/07-Group Info/div_Remove group' is clicked on

2022-03-04 15:14:19 - [TEST_STEP][PASSED] - verifyElementVisible(findTestObject("05-Chat/07-Group Info/Successfully removed group msg")): Object 'Object Repository/05-Chat/07-Group Info/Successfully removed group msg' is visible

2022-03-04 15:14:23 - [MESSAGE][PASSED] - Object 'Object Repository/05-Chat/07-Group Info/Successfully removed group msg' is visible

2022-03-04 15:14:23 - [TEST_STEP][PASSED] - delay(3): Delayed 3 second(s)

2022-03-04 15:14:26 - [MESSAGE][PASSED] - Delayed 3 second(s)

2022-03-04 15:14:26 - [TEST_STEP][PASSED] - closeBrowser(): Browser is closed

2022-03-04 15:14:26 - [MESSAGE][PASSED] - Browser is closed]]></system-out>
         <system-err><![CDATA[]]></system-err>
      </testcase>
      <system-out><![CDATA[2022-03-04 15:04:44 - [TEST_SUITE][PASSED] - 05-Chat: Test Cases/05- Chat/07-Group Info]]></system-out>
      <system-err><![CDATA[]]></system-err>
   </testsuite>
</testsuites>
