<?xml version="1.0" encoding="UTF-8"?>
<testsuites name="05-Chat" time="4125.706" tests="10" failures="1" errors="0">
   <testsuite name="05-Chat" tests="10" failures="1" errors="0" time="4125.706" skipped="0" timestamp="2023-01-25 12:35:31" hostname="asus - DESKTOP-3L3J9C1" id="Test Suites/TS-Organization/05-Chat">
      <properties>
         <property name="deviceName" value=""/>
         <property name="devicePlatform" value=""/>
         <property name="logFolder" value="C:\\Users\\asus\\Katalon Studio\\Everleagues\\Everleagues\\Reports\\20230125_123516\\TS-Organization\\05-Chat\\20230125_123516"/>
         <property name="logFiles" value="C:\\Users\\asus\\Katalon Studio\\Everleagues\\Everleagues\\Reports\\20230125_123516\\TS-Organization\\05-Chat\\20230125_123516\\execution0.log"/>
         <property name="attachments" value="C:\\Users\\asus\\Katalon Studio\\Everleagues\\Everleagues\\Reports\\20230125_123516\\TS-Organization\\05-Chat\\20230125_123516\\1674625455855.png"/>
         <property name="hostName" value="asus - DESKTOP-3L3J9C1"/>
         <property name="os" value="Windows 10 64bit"/>
         <property name="katalonVersion" value="8.4.1.208"/>
         <property name="browser" value="Chrome 109.0.0.0"/>
         <property name="hostAddress" value="192.168.5.88"/>
         <property name="sessionId" value="e0bb30266d63b78c35a06120c21006b8"/>
         <property name="seleniumVersion" value="3.141.59"/>
         <property name="proxyInformation" value="ProxyInformation { proxyOption=NO_PROXY, proxyServerType=HTTP, username=, password=********, proxyServerAddress=, proxyServerPort=0, executionList=&quot;&quot;, isApplyToDesiredCapabilities=true }"/>
         <property name="platform" value="Windows 10"/>
      </properties>
      <testcase name="Test Cases/05- Chat/01-Creating a Chat group" time="639.996" classname="Test Cases/05- Chat/01-Creating a Chat group" status="PASSED">
         <system-out><![CDATA[2023-01-25 12:35:32 - [TEST_CASE][PASSED] - Test Cases/05- Chat/01-Creating a Chat group: Test Cases/05- Chat/01-Creating a Chat group

2023-01-25 12:35:34 - [TEST_STEP][PASSED] - openBrowser(""): Browser is opened with url: ''

2023-01-25 12:35:36 - [MESSAGE][INFO] - Starting 'Chrome' driver

2023-01-25 12:35:36 - [MESSAGE][INFO] - Action delay is set to 0 milliseconds

2023-01-25 12:35:44 - [MESSAGE][PASSED] - Browser is opened with url: ''

2023-01-25 12:35:44 - [TEST_STEP][PASSED] - navigateToUrl("https://lab.everleagues.com/"): Navigate to 'https://lab.everleagues.com/' successfully

2023-01-25 12:36:50 - [MESSAGE][PASSED] - Navigate to 'https://lab.everleagues.com/' successfully

2023-01-25 12:36:50 - [TEST_STEP][PASSED] - maximizeWindow(): Current window maximized

2023-01-25 12:36:51 - [MESSAGE][PASSED] - Current window maximized

2023-01-25 12:36:51 - [TEST_STEP][PASSED] - setText(findTestObject("02-Side Icons(Organization)/Add Contact/Email Field"), "testuser02@mailinator.com"): Text 'testuser02@mailinator.com' is set on object 'Object Repository/02-Side Icons(Organization)/Add Contact/Email Field'

2023-01-25 12:36:53 - [MESSAGE][PASSED] - Text 'testuser02@mailinator.com' is set on object 'Object Repository/02-Side Icons(Organization)/Add Contact/Email Field'

2023-01-25 12:36:53 - [TEST_STEP][PASSED] - setEncryptedText(findTestObject("02-Side Icons(Organization)/Add Contact/Password Field"), "8yFRyszE6U6jvsCn51OQbg=="): Text ****** has been set on object 'Object Repository/02-Side Icons(Organization)/Add Contact/Password Field'

2023-01-25 12:36:54 - [MESSAGE][PASSED] - Text ****** has been set on object 'Object Repository/02-Side Icons(Organization)/Add Contact/Password Field'

2023-01-25 12:36:54 - [TEST_STEP][PASSED] - click(findTestObject("02-Side Icons(Organization)/Add Contact/button_Sign in")): Object: 'Object Repository/02-Side Icons(Organization)/Add Contact/button_Sign in' is clicked on

2023-01-25 12:36:55 - [MESSAGE][PASSED] - Object: 'Object Repository/02-Side Icons(Organization)/Add Contact/button_Sign in' is clicked on

2023-01-25 12:36:55 - [TEST_STEP][PASSED] - delay(2): Delayed 2 second(s)

2023-01-25 12:36:57 - [MESSAGE][PASSED] - Delayed 2 second(s)

2023-01-25 12:36:57 - [TEST_STEP][PASSED] - click(findTestObject("06-Teams/For 2FA/button_Confirm_2FA")): Object: 'Object Repository/06-Teams/For 2FA/button_Confirm_2FA' is clicked on

2023-01-25 12:36:58 - [MESSAGE][PASSED] - Object: 'Object Repository/06-Teams/For 2FA/button_Confirm_2FA' is clicked on

2023-01-25 12:36:58 - [TEST_STEP][PASSED] - executeJavaScript("window.open();", []): Execute JavaScript 'window.open();' successfully

2023-01-25 12:36:59 - [MESSAGE][PASSED] - Execute JavaScript 'window.open();' successfully

2023-01-25 12:36:59 - [TEST_STEP][PASSED] - currentWindow = getWindowIndex(): Current window's index is: 0

2023-01-25 12:36:59 - [MESSAGE][PASSED] - Current window's index is: 0

2023-01-25 12:36:59 - [TEST_STEP][PASSED] - delay(3): Delayed 3 second(s)

2023-01-25 12:37:02 - [MESSAGE][PASSED] - Delayed 3 second(s)

2023-01-25 12:37:02 - [TEST_STEP][PASSED] - switchToWindowIndex(currentWindow + 1): Switched to window with index: '1'

2023-01-25 12:37:02 - [MESSAGE][PASSED] - Switched to window with index: '1'

2023-01-25 12:37:02 - [TEST_STEP][PASSED] - navigateToUrl("https://www.mailinator.com/"): Navigate to 'https://www.mailinator.com/' successfully

2023-01-25 12:37:09 - [MESSAGE][PASSED] - Navigate to 'https://www.mailinator.com/' successfully

2023-01-25 12:37:09 - [TEST_STEP][PASSED] - delay(3): Delayed 3 second(s)

2023-01-25 12:37:12 - [MESSAGE][PASSED] - Delayed 3 second(s)

2023-01-25 12:37:12 - [TEST_STEP][PASSED] - setText(findTestObject("00-Signup and Activation/zMailinator/input_LOGIN_search"), "testuser02@mailinator.com"): Text 'testuser02@mailinator.com' is set on object 'Object Repository/00-Signup and Activation/zMailinator/input_LOGIN_search'

2023-01-25 12:37:13 - [MESSAGE][PASSED] - Text 'testuser02@mailinator.com' is set on object 'Object Repository/00-Signup and Activation/zMailinator/input_LOGIN_search'

2023-01-25 12:37:13 - [TEST_STEP][PASSED] - click(findTestObject("00-Signup and Activation/zMailinator/gobutton"), STOP_ON_FAILURE): Object: 'Object Repository/00-Signup and Activation/zMailinator/gobutton' is clicked on

2023-01-25 12:37:18 - [MESSAGE][PASSED] - Object: 'Object Repository/00-Signup and Activation/zMailinator/gobutton' is clicked on

2023-01-25 12:37:18 - [TEST_STEP][PASSED] - delay(3): Delayed 3 second(s)

2023-01-25 12:37:21 - [MESSAGE][PASSED] - Delayed 3 second(s)

2023-01-25 12:37:21 - [TEST_STEP][PASSED] - click(findTestObject("00-Signup and Activation/zMailinator/Email - everleagues")): Object: 'Object Repository/00-Signup and Activation/zMailinator/Email - everleagues' is clicked on

2023-01-25 12:37:22 - [MESSAGE][PASSED] - Object: 'Object Repository/00-Signup and Activation/zMailinator/Email - everleagues' is clicked on

2023-01-25 12:37:22 - [TEST_STEP][PASSED] - delay(3): Delayed 3 second(s)

2023-01-25 12:37:25 - [MESSAGE][PASSED] - Delayed 3 second(s)

2023-01-25 12:37:25 - [TEST_STEP][PASSED] - code = getText(findTestObject("Object Repository/06-Teams/For 2FA/2FA code")): Text of object 'Object Repository/06-Teams/For 2FA/2FA code' is: '890294'

2023-01-25 12:37:26 - [MESSAGE][PASSED] - Text of object 'Object Repository/06-Teams/For 2FA/2FA code' is: '890294'

2023-01-25 12:37:26 - [TEST_STEP][PASSED] - delay(3): Delayed 3 second(s)

2023-01-25 12:37:29 - [MESSAGE][PASSED] - Delayed 3 second(s)

2023-01-25 12:37:29 - [TEST_STEP][PASSED] - closeWindowTitle("Mailinator"): Window with title: 'Mailinator' is closed

2023-01-25 12:37:30 - [MESSAGE][PASSED] - Window with title: 'Mailinator' is closed

2023-01-25 12:37:30 - [TEST_STEP][PASSED] - delay(3): Delayed 3 second(s)

2023-01-25 12:37:33 - [MESSAGE][PASSED] - Delayed 3 second(s)

2023-01-25 12:37:33 - [TEST_STEP][PASSED] - switchToWindowIndex(0): Switched to window with index: '0'

2023-01-25 12:37:33 - [MESSAGE][PASSED] - Switched to window with index: '0'

2023-01-25 12:37:33 - [TEST_STEP][PASSED] - delay(3): Delayed 3 second(s)

2023-01-25 12:37:36 - [MESSAGE][PASSED] - Delayed 3 second(s)

2023-01-25 12:37:36 - [TEST_STEP][PASSED] - setText(findTestObject("Object Repository/06-Teams/For 2FA/input_Enter verification code_code"), code): Text '890294' is set on object 'Object Repository/06-Teams/For 2FA/input_Enter verification code_code'

2023-01-25 12:37:37 - [MESSAGE][PASSED] - Text '890294' is set on object 'Object Repository/06-Teams/For 2FA/input_Enter verification code_code'

2023-01-25 12:37:37 - [TEST_STEP][PASSED] - delay(3): Delayed 3 second(s)

2023-01-25 12:37:40 - [MESSAGE][PASSED] - Delayed 3 second(s)

2023-01-25 12:37:40 - [TEST_STEP][PASSED] - click(findTestObject("06-Teams/For 2FA/button_Verify_2FA")): Object: 'Object Repository/06-Teams/For 2FA/button_Verify_2FA' is clicked on

2023-01-25 12:37:41 - [MESSAGE][PASSED] - Object: 'Object Repository/06-Teams/For 2FA/button_Verify_2FA' is clicked on

2023-01-25 12:37:41 - [TEST_STEP][PASSED] - delay(5): Delayed 5 second(s)

2023-01-25 12:37:46 - [MESSAGE][PASSED] - Delayed 5 second(s)

2023-01-25 12:37:46 - [TEST_STEP][PASSED] - click(findTestObject("02-Side Icons(Organization)/Add Contact/Side Menu double arrow icon")): Object: 'Object Repository/02-Side Icons(Organization)/Add Contact/Side Menu double arrow icon' is clicked on

2023-01-25 12:37:50 - [MESSAGE][PASSED] - Object: 'Object Repository/02-Side Icons(Organization)/Add Contact/Side Menu double arrow icon' is clicked on

2023-01-25 12:37:50 - [TEST_STEP][PASSED] - delay(2): Delayed 2 second(s)

2023-01-25 12:37:52 - [MESSAGE][PASSED] - Delayed 2 second(s)

2023-01-25 12:37:52 - [TEST_STEP][PASSED] - click(findTestObject("02-Side Icons(Organization)/Add Contact/button_My Organizations")): Object: 'Object Repository/02-Side Icons(Organization)/Add Contact/button_My Organizations' is clicked on

2023-01-25 12:37:52 - [MESSAGE][PASSED] - Object: 'Object Repository/02-Side Icons(Organization)/Add Contact/button_My Organizations' is clicked on

2023-01-25 12:37:52 - [TEST_STEP][PASSED] - delay(2): Delayed 2 second(s)

2023-01-25 12:37:54 - [MESSAGE][PASSED] - Delayed 2 second(s)

2023-01-25 12:37:54 - [TEST_STEP][PASSED] - click(findTestObject("02-Side Icons(Organization)/Add Contact/button_Automation Test Org")): Object: 'Object Repository/02-Side Icons(Organization)/Add Contact/button_Automation Test Org' is clicked on

2023-01-25 12:37:56 - [MESSAGE][PASSED] - Object: 'Object Repository/02-Side Icons(Organization)/Add Contact/button_Automation Test Org' is clicked on

2023-01-25 12:37:56 - [TEST_STEP][PASSED] - delay(2): Delayed 2 second(s)

2023-01-25 12:37:58 - [MESSAGE][PASSED] - Delayed 2 second(s)

2023-01-25 12:37:58 - [TEST_STEP][PASSED] - verifyElementVisible(findTestObject("02-Side Icons(Organization)/Add Contact/span_Automation Test Org")): Object 'Object Repository/02-Side Icons(Organization)/Add Contact/span_Automation Test Org' is visible

2023-01-25 12:37:58 - [MESSAGE][PASSED] - Object 'Object Repository/02-Side Icons(Organization)/Add Contact/span_Automation Test Org' is visible

2023-01-25 12:37:58 - [TEST_STEP][PASSED] - click(findTestObject("05-Chat/01- Creating a Chat group/div_Chat")): Object: 'Object Repository/05-Chat/01- Creating a Chat group/div_Chat' is clicked on

2023-01-25 12:38:05 - [MESSAGE][PASSED] - Object: 'Object Repository/05-Chat/01- Creating a Chat group/div_Chat' is clicked on

2023-01-25 12:38:05 - [TEST_STEP][PASSED] - delay(1): Delayed 1 second(s)

2023-01-25 12:38:06 - [MESSAGE][PASSED] - Delayed 1 second(s)

2023-01-25 12:38:06 - [TEST_STEP][PASSED] - verifyElementVisible(findTestObject("05-Chat/01- Creating a Chat group/h4_CHAT")): Object 'Object Repository/05-Chat/01- Creating a Chat group/h4_CHAT' is visible

2023-01-25 12:38:38 - [MESSAGE][PASSED] - Object 'Object Repository/05-Chat/01- Creating a Chat group/h4_CHAT' is visible

2023-01-25 12:38:38 - [TEST_STEP][PASSED] - verifyElementVisible(findTestObject("05-Chat/01- Creating a Chat group/div_No chat available")): Object 'Object Repository/05-Chat/01- Creating a Chat group/div_No chat available' is visible

2023-01-25 12:39:09 - [MESSAGE][PASSED] - Object 'Object Repository/05-Chat/01- Creating a Chat group/div_No chat available' is visible

2023-01-25 12:39:09 - [TEST_STEP][PASSED] - verifyElementVisible(findTestObject("05-Chat/01- Creating a Chat group/h5_Chat securely with your contacts here")): Object 'Object Repository/05-Chat/01- Creating a Chat group/h5_Chat securely with your contacts here' is visible

2023-01-25 12:39:39 - [MESSAGE][PASSED] - Object 'Object Repository/05-Chat/01- Creating a Chat group/h5_Chat securely with your contacts here' is visible

2023-01-25 12:39:40 - [TEST_STEP][PASSED] - delay(3): Delayed 3 second(s)

2023-01-25 12:39:43 - [MESSAGE][PASSED] - Delayed 3 second(s)

2023-01-25 12:39:43 - [TEST_STEP][PASSED] - click(findTestObject("05-Chat/01- Creating a Chat group/new chat icon")): Object: 'Object Repository/05-Chat/01- Creating a Chat group/new chat icon' is clicked on

2023-01-25 12:40:14 - [MESSAGE][PASSED] - Object: 'Object Repository/05-Chat/01- Creating a Chat group/new chat icon' is clicked on

2023-01-25 12:40:14 - [TEST_STEP][PASSED] - delay(5): Delayed 5 second(s)

2023-01-25 12:40:19 - [MESSAGE][PASSED] - Delayed 5 second(s)

2023-01-25 12:40:19 - [TEST_STEP][PASSED] - click(findTestObject("05-Chat/01- Creating a Chat group/div_New Group Chat")): Object: 'Object Repository/05-Chat/01- Creating a Chat group/div_New Group Chat' is clicked on

2023-01-25 12:40:50 - [MESSAGE][PASSED] - Object: 'Object Repository/05-Chat/01- Creating a Chat group/div_New Group Chat' is clicked on

2023-01-25 12:40:50 - [TEST_STEP][PASSED] - delay(1): Delayed 1 second(s)

2023-01-25 12:40:51 - [MESSAGE][PASSED] - Delayed 1 second(s)

2023-01-25 12:40:51 - [TEST_STEP][PASSED] - verifyElementVisible(findTestObject("05-Chat/01- Creating a Chat group/span_Add group participant")): Object 'Object Repository/05-Chat/01- Creating a Chat group/span_Add group participant' is visible

2023-01-25 12:41:22 - [MESSAGE][PASSED] - Object 'Object Repository/05-Chat/01- Creating a Chat group/span_Add group participant' is visible

2023-01-25 12:41:22 - [TEST_STEP][PASSED] - verifyElementNotPresent(findTestObject("05-Chat/01- Creating a Chat group/button_arrow_forward"), 0): Web element with id: 'Object Repository/05-Chat/01- Creating a Chat group/button_arrow_forward' located by 'By.xpath: //button[@type = 'button' and @ng-reflect-disabled = 'false' and (text() = 'arrow_forward' or . = 'arrow_forward')]' is not present after '30' second(s)

2023-01-25 12:41:23 - [MESSAGE][WARNING] - Timeout '0' is invalid. Using default page load timeout: '30'

2023-01-25 12:41:54 - [MESSAGE][PASSED] - Web element with id: 'Object Repository/05-Chat/01- Creating a Chat group/button_arrow_forward' located by 'By.xpath: //button[@type = 'button' and @ng-reflect-disabled = 'false' and (text() = 'arrow_forward' or . = 'arrow_forward')]' is not present after '30' second(s)

2023-01-25 12:41:54 - [TEST_STEP][PASSED] - delay(1): Delayed 1 second(s)

2023-01-25 12:41:55 - [MESSAGE][PASSED] - Delayed 1 second(s)

2023-01-25 12:41:55 - [TEST_STEP][PASSED] - setText(findTestObject("05-Chat/01- Creating a Chat group/input_newGroupName"), "Automation Chat"): Text 'Automation Chat' is set on object 'Object Repository/05-Chat/01- Creating a Chat group/input_newGroupName'

2023-01-25 12:42:57 - [MESSAGE][PASSED] - Text 'Automation Chat' is set on object 'Object Repository/05-Chat/01- Creating a Chat group/input_newGroupName'

2023-01-25 12:42:57 - [TEST_STEP][PASSED] - click(findTestObject("05-Chat/01- Creating a Chat group/div_GTGG tester")): Object: 'Object Repository/05-Chat/01- Creating a Chat group/div_GTGG tester' is clicked on

2023-01-25 12:43:29 - [MESSAGE][PASSED] - Object: 'Object Repository/05-Chat/01- Creating a Chat group/div_GTGG tester' is clicked on

2023-01-25 12:43:29 - [TEST_STEP][PASSED] - verifyElementVisible(findTestObject("05-Chat/01- Creating a Chat group/GG tester added")): Object 'Object Repository/05-Chat/01- Creating a Chat group/GG tester added' is visible

2023-01-25 12:43:59 - [MESSAGE][PASSED] - Object 'Object Repository/05-Chat/01- Creating a Chat group/GG tester added' is visible

2023-01-25 12:43:59 - [TEST_STEP][PASSED] - delay(1): Delayed 1 second(s)

2023-01-25 12:44:00 - [MESSAGE][PASSED] - Delayed 1 second(s)

2023-01-25 12:44:00 - [TEST_STEP][PASSED] - click(findTestObject("05-Chat/01- Creating a Chat group/div_GTGG tester 2")): Object: 'Object Repository/05-Chat/01- Creating a Chat group/div_GTGG tester 2' is clicked on

2023-01-25 12:44:31 - [MESSAGE][PASSED] - Object: 'Object Repository/05-Chat/01- Creating a Chat group/div_GTGG tester 2' is clicked on

2023-01-25 12:44:31 - [TEST_STEP][PASSED] - verifyElementVisible(findTestObject("05-Chat/01- Creating a Chat group/GG tester 2 added")): Object 'Object Repository/05-Chat/01- Creating a Chat group/GG tester 2 added' is visible

2023-01-25 12:45:02 - [MESSAGE][PASSED] - Object 'Object Repository/05-Chat/01- Creating a Chat group/GG tester 2 added' is visible

2023-01-25 12:45:02 - [TEST_STEP][PASSED] - delay(1): Delayed 1 second(s)

2023-01-25 12:45:03 - [MESSAGE][PASSED] - Delayed 1 second(s)

2023-01-25 12:45:04 - [TEST_STEP][PASSED] - click(findTestObject("05-Chat/01- Creating a Chat group/button_arrow_forward")): Object: 'Object Repository/05-Chat/01- Creating a Chat group/button_arrow_forward' is clicked on

2023-01-25 12:45:35 - [MESSAGE][PASSED] - Object: 'Object Repository/05-Chat/01- Creating a Chat group/button_arrow_forward' is clicked on

2023-01-25 12:45:35 - [TEST_STEP][PASSED] - delay(3): Delayed 3 second(s)

2023-01-25 12:45:38 - [MESSAGE][PASSED] - Delayed 3 second(s)

2023-01-25 12:45:38 - [TEST_STEP][PASSED] - verifyElementVisible(findTestObject("05-Chat/01- Creating a Chat group/div_Automation Chat")): Object 'Object Repository/05-Chat/01- Creating a Chat group/div_Automation Chat' is visible

2023-01-25 12:46:09 - [MESSAGE][PASSED] - Object 'Object Repository/05-Chat/01- Creating a Chat group/div_Automation Chat' is visible

2023-01-25 12:46:09 - [TEST_STEP][PASSED] - delay(3): Delayed 3 second(s)

2023-01-25 12:46:12 - [MESSAGE][PASSED] - Delayed 3 second(s)]]></system-out>
         <system-err><![CDATA[]]></system-err>
      </testcase>
      <testcase name="Test Cases/05- Chat/02-Sending chat messages" time="521.794" classname="Test Cases/05- Chat/02-Sending chat messages" status="PASSED">
         <system-out><![CDATA[2023-01-25 12:46:12 - [TEST_CASE][PASSED] - Test Cases/05- Chat/02-Sending chat messages: Test Cases/05- Chat/02-Sending chat messages

2023-01-25 12:46:14 - [TEST_STEP][PASSED] - click(findTestObject("05-Chat/02-Sending chat messages/div_AC")): Object: 'Object Repository/05-Chat/02-Sending chat messages/div_AC' is clicked on

2023-01-25 12:46:46 - [MESSAGE][PASSED] - Object: 'Object Repository/05-Chat/02-Sending chat messages/div_AC' is clicked on

2023-01-25 12:46:46 - [TEST_STEP][PASSED] - setText(findTestObject("05-Chat/02-Sending chat messages/textarea__msg"), "Testing automation"): Text 'Testing automation' is set on object 'Object Repository/05-Chat/02-Sending chat messages/textarea__msg'

2023-01-25 12:47:48 - [MESSAGE][PASSED] - Text 'Testing automation' is set on object 'Object Repository/05-Chat/02-Sending chat messages/textarea__msg'

2023-01-25 12:47:48 - [TEST_STEP][PASSED] - click(findTestObject("05-Chat/02-Sending chat messages/button_send")): Object: 'Object Repository/05-Chat/02-Sending chat messages/button_send' is clicked on

2023-01-25 12:48:20 - [MESSAGE][PASSED] - Object: 'Object Repository/05-Chat/02-Sending chat messages/button_send' is clicked on

2023-01-25 12:48:20 - [TEST_STEP][PASSED] - verifyElementVisible(findTestObject("05-Chat/02-Sending chat messages/verify_Testing automation msg")): Object 'Object Repository/05-Chat/02-Sending chat messages/verify_Testing automation msg' is visible

2023-01-25 12:48:51 - [MESSAGE][PASSED] - Object 'Object Repository/05-Chat/02-Sending chat messages/verify_Testing automation msg' is visible

2023-01-25 12:48:51 - [TEST_STEP][PASSED] - delay(3): Delayed 3 second(s)

2023-01-25 12:48:54 - [MESSAGE][PASSED] - Delayed 3 second(s)

2023-01-25 12:48:54 - [TEST_STEP][PASSED] - click(findTestObject("05-Chat/02-Sending chat messages/button_insert_emoticon")): Object: 'Object Repository/05-Chat/02-Sending chat messages/button_insert_emoticon' is clicked on

2023-01-25 12:49:25 - [MESSAGE][PASSED] - Object: 'Object Repository/05-Chat/02-Sending chat messages/button_insert_emoticon' is clicked on

2023-01-25 12:49:25 - [TEST_STEP][PASSED] - verifyElementVisible(findTestObject("05-Chat/02-Sending chat messages/Frequently used")): Object 'Object Repository/05-Chat/02-Sending chat messages/Frequently used' is visible

2023-01-25 12:49:35 - [MESSAGE][PASSED] - Object 'Object Repository/05-Chat/02-Sending chat messages/Frequently used' is visible

2023-01-25 12:49:35 - [TEST_STEP][PASSED] - verifyElementVisible(findTestObject("05-Chat/02-Sending chat messages/smiley and people")): Object 'Object Repository/05-Chat/02-Sending chat messages/smiley and people' is visible

2023-01-25 12:50:07 - [MESSAGE][PASSED] - Object 'Object Repository/05-Chat/02-Sending chat messages/smiley and people' is visible

2023-01-25 12:50:07 - [TEST_STEP][PASSED] - verifyElementVisible(findTestObject("05-Chat/02-Sending chat messages/Animals and nature")): Object 'Object Repository/05-Chat/02-Sending chat messages/Animals and nature' is visible

2023-01-25 12:50:38 - [MESSAGE][PASSED] - Object 'Object Repository/05-Chat/02-Sending chat messages/Animals and nature' is visible

2023-01-25 12:50:38 - [TEST_STEP][PASSED] - verifyElementVisible(findTestObject("05-Chat/02-Sending chat messages/Food and drink")): Object 'Object Repository/05-Chat/02-Sending chat messages/Food and drink' is visible

2023-01-25 12:51:09 - [MESSAGE][PASSED] - Object 'Object Repository/05-Chat/02-Sending chat messages/Food and drink' is visible

2023-01-25 12:51:09 - [TEST_STEP][PASSED] - verifyElementVisible(findTestObject("05-Chat/02-Sending chat messages/Activity")): Object 'Object Repository/05-Chat/02-Sending chat messages/Activity' is visible

2023-01-25 12:51:40 - [MESSAGE][PASSED] - Object 'Object Repository/05-Chat/02-Sending chat messages/Activity' is visible

2023-01-25 12:51:40 - [TEST_STEP][PASSED] - verifyElementVisible(findTestObject("05-Chat/02-Sending chat messages/Travel and places")): Object 'Object Repository/05-Chat/02-Sending chat messages/Travel and places' is visible

2023-01-25 12:52:11 - [MESSAGE][PASSED] - Object 'Object Repository/05-Chat/02-Sending chat messages/Travel and places' is visible

2023-01-25 12:52:11 - [TEST_STEP][PASSED] - verifyElementVisible(findTestObject("05-Chat/02-Sending chat messages/Objects")): Object 'Object Repository/05-Chat/02-Sending chat messages/Objects' is visible

2023-01-25 12:52:42 - [MESSAGE][PASSED] - Object 'Object Repository/05-Chat/02-Sending chat messages/Objects' is visible

2023-01-25 12:52:42 - [TEST_STEP][PASSED] - verifyElementVisible(findTestObject("05-Chat/02-Sending chat messages/Symbols")): Object 'Object Repository/05-Chat/02-Sending chat messages/Symbols' is visible

2023-01-25 12:53:13 - [MESSAGE][PASSED] - Object 'Object Repository/05-Chat/02-Sending chat messages/Symbols' is visible

2023-01-25 12:53:13 - [TEST_STEP][PASSED] - delay(2): Delayed 2 second(s)

2023-01-25 12:53:15 - [MESSAGE][PASSED] - Delayed 2 second(s)

2023-01-25 12:53:15 - [TEST_STEP][PASSED] - click(findTestObject("05-Chat/02-Sending chat messages/Money Face")): Object: 'Object Repository/05-Chat/02-Sending chat messages/Money Face' is clicked on

2023-01-25 12:53:46 - [MESSAGE][PASSED] - Object: 'Object Repository/05-Chat/02-Sending chat messages/Money Face' is clicked on

2023-01-25 12:53:46 - [TEST_STEP][PASSED] - click(findTestObject("05-Chat/02-Sending chat messages/button_send")): Object: 'Object Repository/05-Chat/02-Sending chat messages/button_send' is clicked on

2023-01-25 12:54:18 - [MESSAGE][PASSED] - Object: 'Object Repository/05-Chat/02-Sending chat messages/button_send' is clicked on

2023-01-25 12:54:18 - [TEST_STEP][PASSED] - delay(2): Delayed 2 second(s)

2023-01-25 12:54:20 - [MESSAGE][PASSED] - Delayed 2 second(s)

2023-01-25 12:54:20 - [TEST_STEP][PASSED] - verifyElementVisible(findTestObject("05-Chat/02-Sending chat messages/money face in chat")): Object 'Object Repository/05-Chat/02-Sending chat messages/money face in chat' is visible

2023-01-25 12:54:51 - [MESSAGE][PASSED] - Object 'Object Repository/05-Chat/02-Sending chat messages/money face in chat' is visible

2023-01-25 12:54:51 - [TEST_STEP][PASSED] - delay(3): Delayed 3 second(s)

2023-01-25 12:54:54 - [MESSAGE][PASSED] - Delayed 3 second(s)]]></system-out>
         <system-err><![CDATA[]]></system-err>
      </testcase>
      <testcase name="Test Cases/05- Chat/03-React to a message" time="427.094" classname="Test Cases/05- Chat/03-React to a message" status="PASSED">
         <system-out><![CDATA[2023-01-25 12:54:54 - [TEST_CASE][PASSED] - Test Cases/05- Chat/03-React to a message: Test Cases/05- Chat/03-React to a message

2023-01-25 12:54:56 - [TEST_STEP][PASSED] - mouseOver(findTestObject("05-Chat/03-05 - React and Reply/div_chat")): Object: 'Object Repository/05-Chat/03-05 - React and Reply/div_chat' is hovered

2023-01-25 12:55:29 - [MESSAGE][PASSED] - Object: 'Object Repository/05-Chat/03-05 - React and Reply/div_chat' is hovered

2023-01-25 12:55:29 - [TEST_STEP][PASSED] - click(findTestObject("05-Chat/03-05 - React and Reply/mat-icon_mood")): Object: 'Object Repository/05-Chat/03-05 - React and Reply/mat-icon_mood' is clicked on

2023-01-25 12:56:00 - [MESSAGE][PASSED] - Object: 'Object Repository/05-Chat/03-05 - React and Reply/mat-icon_mood' is clicked on

2023-01-25 12:56:00 - [TEST_STEP][PASSED] - click(findTestObject("05-Chat/03-05 - React and Reply/button_react_like")): Object: 'Object Repository/05-Chat/03-05 - React and Reply/button_react_like' is clicked on

2023-01-25 12:56:32 - [MESSAGE][PASSED] - Object: 'Object Repository/05-Chat/03-05 - React and Reply/button_react_like' is clicked on

2023-01-25 12:56:32 - [TEST_STEP][PASSED] - delay(2): Delayed 2 second(s)

2023-01-25 12:56:34 - [MESSAGE][PASSED] - Delayed 2 second(s)

2023-01-25 12:56:34 - [TEST_STEP][PASSED] - mouseOver(findTestObject("05-Chat/03-05 - React and Reply/div_chat")): Object: 'Object Repository/05-Chat/03-05 - React and Reply/div_chat' is hovered

2023-01-25 12:57:05 - [MESSAGE][PASSED] - Object: 'Object Repository/05-Chat/03-05 - React and Reply/div_chat' is hovered

2023-01-25 12:57:05 - [TEST_STEP][PASSED] - click(findTestObject("05-Chat/03-05 - React and Reply/mat-icon_mood")): Object: 'Object Repository/05-Chat/03-05 - React and Reply/mat-icon_mood' is clicked on

2023-01-25 12:57:37 - [MESSAGE][PASSED] - Object: 'Object Repository/05-Chat/03-05 - React and Reply/mat-icon_mood' is clicked on

2023-01-25 12:57:37 - [TEST_STEP][PASSED] - click(findTestObject("05-Chat/03-05 - React and Reply/button_react_heart")): Object: 'Object Repository/05-Chat/03-05 - React and Reply/button_react_heart' is clicked on

2023-01-25 12:58:09 - [MESSAGE][PASSED] - Object: 'Object Repository/05-Chat/03-05 - React and Reply/button_react_heart' is clicked on

2023-01-25 12:58:09 - [TEST_STEP][PASSED] - delay(2): Delayed 2 second(s)

2023-01-25 12:58:11 - [MESSAGE][PASSED] - Delayed 2 second(s)

2023-01-25 12:58:11 - [TEST_STEP][PASSED] - click(findTestObject("05-Chat/03-05 - React and Reply/div_react_heart")): Object: 'Object Repository/05-Chat/03-05 - React and Reply/div_react_heart' is clicked on

2023-01-25 12:58:43 - [MESSAGE][PASSED] - Object: 'Object Repository/05-Chat/03-05 - React and Reply/div_react_heart' is clicked on

2023-01-25 12:58:43 - [TEST_STEP][PASSED] - verifyElementVisible(findTestObject("05-Chat/03-05 - React and Reply/h4_Message Reactions")): Object 'Object Repository/05-Chat/03-05 - React and Reply/h4_Message Reactions' is visible

2023-01-25 12:59:14 - [MESSAGE][PASSED] - Object 'Object Repository/05-Chat/03-05 - React and Reply/h4_Message Reactions' is visible

2023-01-25 12:59:14 - [TEST_STEP][PASSED] - click(findTestObject("05-Chat/03-05 - React and Reply/div_react_All")): Object: 'Object Repository/05-Chat/03-05 - React and Reply/div_react_All' is clicked on

2023-01-25 12:59:45 - [MESSAGE][PASSED] - Object: 'Object Repository/05-Chat/03-05 - React and Reply/div_react_All' is clicked on

2023-01-25 12:59:45 - [TEST_STEP][PASSED] - verifyElementVisible(findTestObject("05-Chat/03-05 - React and Reply/div_GG TESTER Click to remove")): Object 'Object Repository/05-Chat/03-05 - React and Reply/div_GG TESTER Click to remove' is visible

2023-01-25 13:00:16 - [MESSAGE][PASSED] - Object 'Object Repository/05-Chat/03-05 - React and Reply/div_GG TESTER Click to remove' is visible

2023-01-25 13:00:16 - [TEST_STEP][PASSED] - delay(2): Delayed 2 second(s)

2023-01-25 13:00:18 - [MESSAGE][PASSED] - Delayed 2 second(s)

2023-01-25 13:00:18 - [TEST_STEP][PASSED] - click(findTestObject("05-Chat/03-05 - React and Reply/div_react")): Object: 'Object Repository/05-Chat/03-05 - React and Reply/div_react' is clicked on

2023-01-25 13:00:49 - [MESSAGE][PASSED] - Object: 'Object Repository/05-Chat/03-05 - React and Reply/div_react' is clicked on

2023-01-25 13:00:49 - [TEST_STEP][PASSED] - verifyElementVisible(findTestObject("05-Chat/03-05 - React and Reply/div_GG TESTER Click to remove")): Object 'Object Repository/05-Chat/03-05 - React and Reply/div_GG TESTER Click to remove' is visible

2023-01-25 13:01:20 - [MESSAGE][PASSED] - Object 'Object Repository/05-Chat/03-05 - React and Reply/div_GG TESTER Click to remove' is visible

2023-01-25 13:01:20 - [TEST_STEP][PASSED] - clickOffset(findTestObject("05-Chat/03-05 - React and Reply/div_react_heart"), 10, 0): Object: 'Object Repository/05-Chat/03-05 - React and Reply/div_react_heart' is clicked on using offset x=10 and y=0

2023-01-25 13:01:51 - [MESSAGE][PASSED] - Object: 'Object Repository/05-Chat/03-05 - React and Reply/div_react_heart' is clicked on using offset x=10 and y=0

2023-01-25 13:01:51 - [TEST_STEP][PASSED] - delay(10): Delayed 10 second(s)

2023-01-25 13:02:01 - [MESSAGE][PASSED] - Delayed 10 second(s)]]></system-out>
         <system-err><![CDATA[]]></system-err>
      </testcase>
      <testcase name="Test Cases/05- Chat/04-Remove react on a message" time="132.32" classname="Test Cases/05- Chat/04-Remove react on a message" status="PASSED">
         <system-out><![CDATA[2023-01-25 13:02:01 - [TEST_CASE][PASSED] - Test Cases/05- Chat/04-Remove react on a message: Test Cases/05- Chat/04-Remove react on a message

2023-01-25 13:02:03 - [TEST_STEP][PASSED] - click(findTestObject("05-Chat/03-05 - React and Reply/div_react_heart")): Object: 'Object Repository/05-Chat/03-05 - React and Reply/div_react_heart' is clicked on

2023-01-25 13:02:35 - [MESSAGE][PASSED] - Object: 'Object Repository/05-Chat/03-05 - React and Reply/div_react_heart' is clicked on

2023-01-25 13:02:35 - [TEST_STEP][PASSED] - verifyElementVisible(findTestObject("05-Chat/03-05 - React and Reply/h4_Message Reactions")): Object 'Object Repository/05-Chat/03-05 - React and Reply/h4_Message Reactions' is visible

2023-01-25 13:03:05 - [MESSAGE][PASSED] - Object 'Object Repository/05-Chat/03-05 - React and Reply/h4_Message Reactions' is visible

2023-01-25 13:03:05 - [TEST_STEP][PASSED] - click(findTestObject("05-Chat/03-05 - React and Reply/div_react_All")): Object: 'Object Repository/05-Chat/03-05 - React and Reply/div_react_All' is clicked on

2023-01-25 13:03:37 - [MESSAGE][PASSED] - Object: 'Object Repository/05-Chat/03-05 - React and Reply/div_react_All' is clicked on

2023-01-25 13:03:37 - [TEST_STEP][PASSED] - click(findTestObject("05-Chat/03-05 - React and Reply/div_GG TESTER Click to remove")): Object: 'Object Repository/05-Chat/03-05 - React and Reply/div_GG TESTER Click to remove' is clicked on

2023-01-25 13:04:08 - [MESSAGE][PASSED] - Object: 'Object Repository/05-Chat/03-05 - React and Reply/div_GG TESTER Click to remove' is clicked on

2023-01-25 13:04:08 - [TEST_STEP][PASSED] - delay(5): Delayed 5 second(s)

2023-01-25 13:04:13 - [MESSAGE][PASSED] - Delayed 5 second(s)]]></system-out>
         <system-err><![CDATA[]]></system-err>
      </testcase>
      <testcase name="Test Cases/05- Chat/05-Reply on a message" time="421.678" classname="Test Cases/05- Chat/05-Reply on a message" status="PASSED">
         <system-out><![CDATA[2023-01-25 13:04:14 - [TEST_CASE][PASSED] - Test Cases/05- Chat/05-Reply on a message: Test Cases/05- Chat/05-Reply on a message

2023-01-25 13:04:16 - [TEST_STEP][PASSED] - mouseOver(findTestObject("05-Chat/03-05 - React and Reply/div_chat")): Object: 'Object Repository/05-Chat/03-05 - React and Reply/div_chat' is hovered

2023-01-25 13:04:48 - [MESSAGE][PASSED] - Object: 'Object Repository/05-Chat/03-05 - React and Reply/div_chat' is hovered

2023-01-25 13:04:48 - [TEST_STEP][PASSED] - click(findTestObject("05-Chat/03-05 - React and Reply/button_expand_less")): Object: 'Object Repository/05-Chat/03-05 - React and Reply/button_expand_less' is clicked on

2023-01-25 13:05:20 - [MESSAGE][PASSED] - Object: 'Object Repository/05-Chat/03-05 - React and Reply/button_expand_less' is clicked on

2023-01-25 13:05:20 - [TEST_STEP][PASSED] - click(findTestObject("05-Chat/03-05 - React and Reply/button_Reply")): Object: 'Object Repository/05-Chat/03-05 - React and Reply/button_Reply' is clicked on

2023-01-25 13:05:51 - [MESSAGE][PASSED] - Object: 'Object Repository/05-Chat/03-05 - React and Reply/button_Reply' is clicked on

2023-01-25 13:05:51 - [TEST_STEP][PASSED] - delay(2): Delayed 2 second(s)

2023-01-25 13:05:53 - [MESSAGE][PASSED] - Delayed 2 second(s)

2023-01-25 13:05:53 - [TEST_STEP][PASSED] - verifyElementVisible(findTestObject("05-Chat/03-05 - React and Reply/div_reply")): Object 'Object Repository/05-Chat/03-05 - React and Reply/div_reply' is visible

2023-01-25 13:06:24 - [MESSAGE][PASSED] - Object 'Object Repository/05-Chat/03-05 - React and Reply/div_reply' is visible

2023-01-25 13:06:24 - [TEST_STEP][PASSED] - click(findTestObject("05-Chat/03-05 - React and Reply/mat-icon_cancel"), STOP_ON_FAILURE): Object: 'Object Repository/05-Chat/03-05 - React and Reply/mat-icon_cancel' is clicked on

2023-01-25 13:06:55 - [MESSAGE][PASSED] - Object: 'Object Repository/05-Chat/03-05 - React and Reply/mat-icon_cancel' is clicked on

2023-01-25 13:06:55 - [TEST_STEP][PASSED] - delay(2): Delayed 2 second(s)

2023-01-25 13:06:57 - [MESSAGE][PASSED] - Delayed 2 second(s)

2023-01-25 13:06:57 - [TEST_STEP][PASSED] - mouseOver(findTestObject("05-Chat/03-05 - React and Reply/div_chat")): Object: 'Object Repository/05-Chat/03-05 - React and Reply/div_chat' is hovered

2023-01-25 13:07:29 - [MESSAGE][PASSED] - Object: 'Object Repository/05-Chat/03-05 - React and Reply/div_chat' is hovered

2023-01-25 13:07:29 - [TEST_STEP][PASSED] - click(findTestObject("05-Chat/03-05 - React and Reply/button_expand_less")): Object: 'Object Repository/05-Chat/03-05 - React and Reply/button_expand_less' is clicked on

2023-01-25 13:08:01 - [MESSAGE][PASSED] - Object: 'Object Repository/05-Chat/03-05 - React and Reply/button_expand_less' is clicked on

2023-01-25 13:08:01 - [TEST_STEP][PASSED] - click(findTestObject("05-Chat/03-05 - React and Reply/button_Reply")): Object: 'Object Repository/05-Chat/03-05 - React and Reply/button_Reply' is clicked on

2023-01-25 13:08:32 - [MESSAGE][PASSED] - Object: 'Object Repository/05-Chat/03-05 - React and Reply/button_Reply' is clicked on

2023-01-25 13:08:32 - [TEST_STEP][PASSED] - delay(2): Delayed 2 second(s)

2023-01-25 13:08:34 - [MESSAGE][PASSED] - Delayed 2 second(s)

2023-01-25 13:08:34 - [TEST_STEP][PASSED] - verifyElementVisible(findTestObject("05-Chat/03-05 - React and Reply/div_reply")): Object 'Object Repository/05-Chat/03-05 - React and Reply/div_reply' is visible

2023-01-25 13:09:05 - [MESSAGE][PASSED] - Object 'Object Repository/05-Chat/03-05 - React and Reply/div_reply' is visible

2023-01-25 13:09:05 - [TEST_STEP][PASSED] - setText(findTestObject("05-Chat/02-Sending chat messages/textarea__msg"), "Reply test"): Text 'Reply test' is set on object 'Object Repository/05-Chat/02-Sending chat messages/textarea__msg'

2023-01-25 13:10:07 - [MESSAGE][PASSED] - Text 'Reply test' is set on object 'Object Repository/05-Chat/02-Sending chat messages/textarea__msg'

2023-01-25 13:10:07 - [TEST_STEP][PASSED] - click(findTestObject("05-Chat/02-Sending chat messages/button_send")): Object: 'Object Repository/05-Chat/02-Sending chat messages/button_send' is clicked on

2023-01-25 13:10:39 - [MESSAGE][PASSED] - Object: 'Object Repository/05-Chat/02-Sending chat messages/button_send' is clicked on

2023-01-25 13:10:39 - [TEST_STEP][PASSED] - verifyElementVisible(findTestObject("05-Chat/03-05 - React and Reply/div_reply_chat")): Object 'Object Repository/05-Chat/03-05 - React and Reply/div_reply_chat' is visible

2023-01-25 13:11:10 - [MESSAGE][PASSED] - Object 'Object Repository/05-Chat/03-05 - React and Reply/div_reply_chat' is visible

2023-01-25 13:11:10 - [TEST_STEP][PASSED] - delay(5): Delayed 5 second(s)

2023-01-25 13:11:15 - [MESSAGE][PASSED] - Delayed 5 second(s)]]></system-out>
         <system-err><![CDATA[]]></system-err>
      </testcase>
      <testcase name="Test Cases/05- Chat/06-Sending attached file" time="402.301" classname="Test Cases/05- Chat/06-Sending attached file" status="PASSED">
         <system-out><![CDATA[2023-01-25 13:11:15 - [TEST_CASE][PASSED] - Test Cases/05- Chat/06-Sending attached file: Test Cases/05- Chat/06-Sending attached file

2023-01-25 13:11:18 - [TEST_STEP][PASSED] - delay(5): Delayed 5 second(s)

2023-01-25 13:11:23 - [MESSAGE][PASSED] - Delayed 5 second(s)

2023-01-25 13:11:23 - [TEST_STEP][PASSED] - uploadpackage.Upload.uploadFile(findTestObject("Object Repository/05-Chat/06-Sending attached file/button_attach_file"), "C:\Users\asus\Desktop\EL automation\qa.jpg"): uploadpackage.Upload.uploadFile is PASSED

2023-01-25 13:11:54 - [MESSAGE][PASSED] - Object: 'Object Repository/05-Chat/06-Sending attached file/button_attach_file' is clicked on

2023-01-25 13:11:56 - [MESSAGE][PASSED] - uploadpackage.Upload.uploadFile is PASSED

2023-01-25 13:11:56 - [TEST_STEP][PASSED] - delay(5): Delayed 5 second(s)

2023-01-25 13:12:01 - [MESSAGE][PASSED] - Delayed 5 second(s)

2023-01-25 13:12:01 - [TEST_STEP][PASSED] - click(findTestObject("05-Chat/02-Sending chat messages/button_send")): Object: 'Object Repository/05-Chat/02-Sending chat messages/button_send' is clicked on

2023-01-25 13:12:34 - [MESSAGE][PASSED] - Object: 'Object Repository/05-Chat/02-Sending chat messages/button_send' is clicked on

2023-01-25 13:12:34 - [TEST_STEP][PASSED] - delay(5): Delayed 5 second(s)

2023-01-25 13:12:39 - [MESSAGE][PASSED] - Delayed 5 second(s)

2023-01-25 13:12:39 - [TEST_STEP][PASSED] - verifyElementVisible(findTestObject("05-Chat/06-Sending attached file/img_You_inserted")): Object 'Object Repository/05-Chat/06-Sending attached file/img_You_inserted' is visible

2023-01-25 13:13:10 - [MESSAGE][PASSED] - Object 'Object Repository/05-Chat/06-Sending attached file/img_You_inserted' is visible

2023-01-25 13:13:10 - [TEST_STEP][PASSED] - refresh(): Refresh successfully

2023-01-25 13:13:22 - [MESSAGE][PASSED] - Refresh successfully

2023-01-25 13:13:22 - [TEST_STEP][PASSED] - delay(5): Delayed 5 second(s)

2023-01-25 13:13:27 - [MESSAGE][PASSED] - Delayed 5 second(s)

2023-01-25 13:13:27 - [TEST_STEP][PASSED] - uploadFileWithDragAndDrop(findTestObject("Object Repository/05-Chat/02-Sending chat messages/textarea__msg"), "C:\Users\asus\Desktop\EL automation\sample.pdf"): null

2023-01-25 13:14:16 - [TEST_STEP][PASSED] - delay(5): Delayed 5 second(s)

2023-01-25 13:14:21 - [MESSAGE][PASSED] - Delayed 5 second(s)

2023-01-25 13:14:21 - [TEST_STEP][PASSED] - click(findTestObject("05-Chat/02-Sending chat messages/button_send")): Object: 'Object Repository/05-Chat/02-Sending chat messages/button_send' is clicked on

2023-01-25 13:14:53 - [MESSAGE][PASSED] - Object: 'Object Repository/05-Chat/02-Sending chat messages/button_send' is clicked on

2023-01-25 13:14:53 - [TEST_STEP][PASSED] - delay(5): Delayed 5 second(s)

2023-01-25 13:14:58 - [MESSAGE][PASSED] - Delayed 5 second(s)

2023-01-25 13:14:58 - [TEST_STEP][PASSED] - verifyElementVisible(findTestObject("05-Chat/06-Sending attached file/span_sample.pdf")): Object 'Object Repository/05-Chat/06-Sending attached file/span_sample.pdf' is visible

2023-01-25 13:15:29 - [MESSAGE][PASSED] - Object 'Object Repository/05-Chat/06-Sending attached file/span_sample.pdf' is visible

2023-01-25 13:15:29 - [TEST_STEP][PASSED] - refresh(): Refresh successfully

2023-01-25 13:15:36 - [MESSAGE][PASSED] - Refresh successfully

2023-01-25 13:15:36 - [TEST_STEP][PASSED] - delay(5): Delayed 5 second(s)

2023-01-25 13:15:41 - [MESSAGE][PASSED] - Delayed 5 second(s)

2023-01-25 13:15:41 - [TEST_STEP][PASSED] - uploadFileWithDragAndDrop(findTestObject("Object Repository/05-Chat/02-Sending chat messages/textarea__msg"), "C:\Users\asus\Desktop\EL automation\video.mp4"): null

2023-01-25 13:16:26 - [TEST_STEP][PASSED] - delay(5): Delayed 5 second(s)

2023-01-25 13:16:31 - [MESSAGE][PASSED] - Delayed 5 second(s)

2023-01-25 13:16:31 - [TEST_STEP][PASSED] - click(findTestObject("05-Chat/02-Sending chat messages/button_send")): Object: 'Object Repository/05-Chat/02-Sending chat messages/button_send' is clicked on

2023-01-25 13:17:03 - [MESSAGE][PASSED] - Object: 'Object Repository/05-Chat/02-Sending chat messages/button_send' is clicked on

2023-01-25 13:17:03 - [TEST_STEP][PASSED] - delay(5): Delayed 5 second(s)

2023-01-25 13:17:08 - [MESSAGE][PASSED] - Delayed 5 second(s)

2023-01-25 13:17:08 - [TEST_STEP][PASSED] - verifyElementVisible(findTestObject("05-Chat/06-Sending attached file/span_video.mp4")): Object 'Object Repository/05-Chat/06-Sending attached file/span_video.mp4' is visible

2023-01-25 13:17:53 - [MESSAGE][PASSED] - Object 'Object Repository/05-Chat/06-Sending attached file/span_video.mp4' is visible

2023-01-25 13:17:53 - [TEST_STEP][PASSED] - delay(5): Delayed 5 second(s)

2023-01-25 13:17:58 - [MESSAGE][PASSED] - Delayed 5 second(s)]]></system-out>
         <system-err><![CDATA[]]></system-err>
      </testcase>
      <testcase name="Test Cases/05- Chat/07-Sending a video conference invite" time="108.378" classname="Test Cases/05- Chat/07-Sending a video conference invite" status="PASSED">
         <system-out><![CDATA[2023-01-25 13:17:58 - [TEST_CASE][PASSED] - Test Cases/05- Chat/07-Sending a video conference invite: Test Cases/05- Chat/07-Sending a video conference invite

2023-01-25 13:18:00 - [TEST_STEP][PASSED] - click(findTestObject("05-Chat/07-Sending a video conference invite/button_videocam")): Object: 'Object Repository/05-Chat/07-Sending a video conference invite/button_videocam' is clicked on

2023-01-25 13:18:31 - [MESSAGE][PASSED] - Object: 'Object Repository/05-Chat/07-Sending a video conference invite/button_videocam' is clicked on

2023-01-25 13:18:31 - [TEST_STEP][PASSED] - delay(2): Delayed 2 second(s)

2023-01-25 13:18:33 - [MESSAGE][PASSED] - Delayed 2 second(s)

2023-01-25 13:18:33 - [TEST_STEP][PASSED] - click(findTestObject("05-Chat/02-Sending chat messages/button_send")): Object: 'Object Repository/05-Chat/02-Sending chat messages/button_send' is clicked on

2023-01-25 13:19:05 - [MESSAGE][PASSED] - Object: 'Object Repository/05-Chat/02-Sending chat messages/button_send' is clicked on

2023-01-25 13:19:05 - [TEST_STEP][PASSED] - delay(5): Delayed 5 second(s)

2023-01-25 13:19:10 - [MESSAGE][PASSED] - Delayed 5 second(s)

2023-01-25 13:19:10 - [TEST_STEP][PASSED] - verifyElementVisible(findTestObject("05-Chat/07-Sending a video conference invite/div_Video Conference"), CONTINUE_ON_FAILURE): Object 'Object Repository/05-Chat/07-Sending a video conference invite/div_Video Conference' is visible

2023-01-25 13:19:41 - [MESSAGE][PASSED] - Object 'Object Repository/05-Chat/07-Sending a video conference invite/div_Video Conference' is visible

2023-01-25 13:19:41 - [TEST_STEP][PASSED] - delay(5): Delayed 5 second(s)

2023-01-25 13:19:46 - [MESSAGE][PASSED] - Delayed 5 second(s)]]></system-out>
         <system-err><![CDATA[]]></system-err>
      </testcase>
      <testcase name="Test Cases/05- Chat/08-Schedule a meeting" time="648.943" classname="Test Cases/05- Chat/08-Schedule a meeting" status="PASSED">
         <system-out><![CDATA[2023-01-25 13:19:46 - [TEST_CASE][PASSED] - Test Cases/05- Chat/08-Schedule a meeting: Test Cases/05- Chat/08-Schedule a meeting

2023-01-25 13:19:48 - [TEST_STEP][PASSED] - click(findTestObject("05-Chat/08-Schedule a meeting/button_schedule a meeting")): Object: 'Object Repository/05-Chat/08-Schedule a meeting/button_schedule a meeting' is clicked on

2023-01-25 13:20:19 - [MESSAGE][PASSED] - Object: 'Object Repository/05-Chat/08-Schedule a meeting/button_schedule a meeting' is clicked on

2023-01-25 13:20:19 - [TEST_STEP][PASSED] - delay(2): Delayed 2 second(s)

2023-01-25 13:20:21 - [MESSAGE][PASSED] - Delayed 2 second(s)

2023-01-25 13:20:21 - [TEST_STEP][PASSED] - verifyElementVisible(findTestObject("05-Chat/08-Schedule a meeting/Meeting title field")): Object 'Object Repository/05-Chat/08-Schedule a meeting/Meeting title field' is visible

2023-01-25 13:20:52 - [MESSAGE][PASSED] - Object 'Object Repository/05-Chat/08-Schedule a meeting/Meeting title field' is visible

2023-01-25 13:20:52 - [TEST_STEP][PASSED] - verifyElementVisible(findTestObject("05-Chat/08-Schedule a meeting/div_Start Date")): Object 'Object Repository/05-Chat/08-Schedule a meeting/div_Start Date' is visible

2023-01-25 13:21:23 - [MESSAGE][PASSED] - Object 'Object Repository/05-Chat/08-Schedule a meeting/div_Start Date' is visible

2023-01-25 13:21:23 - [TEST_STEP][PASSED] - verifyElementVisible(findTestObject("05-Chat/08-Schedule a meeting/div_End Date")): Object 'Object Repository/05-Chat/08-Schedule a meeting/div_End Date' is visible

2023-01-25 13:21:53 - [MESSAGE][PASSED] - Object 'Object Repository/05-Chat/08-Schedule a meeting/div_End Date' is visible

2023-01-25 13:21:53 - [TEST_STEP][PASSED] - verifyElementVisible(findTestObject("05-Chat/08-Schedule a meeting/div_Recurrence")): Object 'Object Repository/05-Chat/08-Schedule a meeting/div_Recurrence' is visible

2023-01-25 13:22:25 - [MESSAGE][PASSED] - Object 'Object Repository/05-Chat/08-Schedule a meeting/div_Recurrence' is visible

2023-01-25 13:22:25 - [TEST_STEP][PASSED] - delay(2): Delayed 2 second(s)

2023-01-25 13:22:27 - [MESSAGE][PASSED] - Delayed 2 second(s)

2023-01-25 13:22:27 - [TEST_STEP][PASSED] - click(findTestObject("05-Chat/08-Schedule a meeting/button_Start Date_calendar")): Object: 'Object Repository/05-Chat/08-Schedule a meeting/button_Start Date_calendar' is clicked on

2023-01-25 13:22:58 - [MESSAGE][PASSED] - Object: 'Object Repository/05-Chat/08-Schedule a meeting/button_Start Date_calendar' is clicked on

2023-01-25 13:22:58 - [TEST_STEP][PASSED] - verifyElementVisible(findTestObject("05-Chat/08-Schedule a meeting/calendar modal")): Object 'Object Repository/05-Chat/08-Schedule a meeting/calendar modal' is visible

2023-01-25 13:23:29 - [MESSAGE][PASSED] - Object 'Object Repository/05-Chat/08-Schedule a meeting/calendar modal' is visible

2023-01-25 13:23:29 - [TEST_STEP][PASSED] - delay(2): Delayed 2 second(s)

2023-01-25 13:23:31 - [MESSAGE][PASSED] - Delayed 2 second(s)

2023-01-25 13:23:31 - [TEST_STEP][PASSED] - doubleClick(findTestObject("05-Chat/08-Schedule a meeting/button_End Date_calendar")): Object: 'Object Repository/05-Chat/08-Schedule a meeting/button_End Date_calendar' is double clicked on

2023-01-25 13:24:02 - [MESSAGE][PASSED] - Object: 'Object Repository/05-Chat/08-Schedule a meeting/button_End Date_calendar' is double clicked on

2023-01-25 13:24:02 - [TEST_STEP][PASSED] - verifyElementVisible(findTestObject("05-Chat/08-Schedule a meeting/calendar modal")): Object 'Object Repository/05-Chat/08-Schedule a meeting/calendar modal' is visible

2023-01-25 13:24:33 - [MESSAGE][PASSED] - Object 'Object Repository/05-Chat/08-Schedule a meeting/calendar modal' is visible

2023-01-25 13:24:33 - [TEST_STEP][PASSED] - delay(3): Delayed 3 second(s)

2023-01-25 13:24:36 - [MESSAGE][PASSED] - Delayed 3 second(s)

2023-01-25 13:24:36 - [TEST_STEP][PASSED] - doubleClick(findTestObject("05-Chat/08-Schedule a meeting/div_recurrence_selectarror")): Object: 'Object Repository/05-Chat/08-Schedule a meeting/div_recurrence_selectarror' is double clicked on

2023-01-25 13:25:08 - [MESSAGE][PASSED] - Object: 'Object Repository/05-Chat/08-Schedule a meeting/div_recurrence_selectarror' is double clicked on

2023-01-25 13:25:08 - [TEST_STEP][PASSED] - verifyElementVisible(findTestObject("05-Chat/08-Schedule a meeting/span_Does not repeat")): Object 'Object Repository/05-Chat/08-Schedule a meeting/span_Does not repeat' is visible

2023-01-25 13:25:38 - [MESSAGE][PASSED] - Object 'Object Repository/05-Chat/08-Schedule a meeting/span_Does not repeat' is visible

2023-01-25 13:25:38 - [TEST_STEP][PASSED] - verifyElementVisible(findTestObject("05-Chat/08-Schedule a meeting/span_Daily")): Object 'Object Repository/05-Chat/08-Schedule a meeting/span_Daily' is visible

2023-01-25 13:26:09 - [MESSAGE][PASSED] - Object 'Object Repository/05-Chat/08-Schedule a meeting/span_Daily' is visible

2023-01-25 13:26:09 - [TEST_STEP][PASSED] - verifyElementVisible(findTestObject("05-Chat/08-Schedule a meeting/span_Weekly")): Object 'Object Repository/05-Chat/08-Schedule a meeting/span_Weekly' is visible

2023-01-25 13:26:40 - [MESSAGE][PASSED] - Object 'Object Repository/05-Chat/08-Schedule a meeting/span_Weekly' is visible

2023-01-25 13:26:40 - [TEST_STEP][PASSED] - verifyElementVisible(findTestObject("05-Chat/08-Schedule a meeting/span_Monthly")): Object 'Object Repository/05-Chat/08-Schedule a meeting/span_Monthly' is visible

2023-01-25 13:27:10 - [MESSAGE][PASSED] - Object 'Object Repository/05-Chat/08-Schedule a meeting/span_Monthly' is visible

2023-01-25 13:27:10 - [TEST_STEP][PASSED] - verifyElementVisible(findTestObject("05-Chat/08-Schedule a meeting/span_Every weekday")): Object 'Object Repository/05-Chat/08-Schedule a meeting/span_Every weekday' is visible

2023-01-25 13:27:41 - [MESSAGE][PASSED] - Object 'Object Repository/05-Chat/08-Schedule a meeting/span_Every weekday' is visible

2023-01-25 13:27:41 - [TEST_STEP][PASSED] - click(findTestObject("05-Chat/08-Schedule a meeting/span_Daily"), STOP_ON_FAILURE): Object: 'Object Repository/05-Chat/08-Schedule a meeting/span_Daily' is clicked on

2023-01-25 13:28:12 - [MESSAGE][PASSED] - Object: 'Object Repository/05-Chat/08-Schedule a meeting/span_Daily' is clicked on

2023-01-25 13:28:12 - [TEST_STEP][PASSED] - delay(2): Delayed 2 second(s)

2023-01-25 13:28:14 - [MESSAGE][PASSED] - Delayed 2 second(s)

2023-01-25 13:28:14 - [TEST_STEP][PASSED] - setText(findTestObject("05-Chat/08-Schedule a meeting/input_meeting title"), "Automation Meeting"): Text 'Automation Meeting' is set on object 'Object Repository/05-Chat/08-Schedule a meeting/input_meeting title'

2023-01-25 13:29:20 - [MESSAGE][PASSED] - Text 'Automation Meeting' is set on object 'Object Repository/05-Chat/08-Schedule a meeting/input_meeting title'

2023-01-25 13:29:20 - [TEST_STEP][PASSED] - delay(2): Delayed 2 second(s)

2023-01-25 13:29:22 - [MESSAGE][PASSED] - Delayed 2 second(s)

2023-01-25 13:29:22 - [TEST_STEP][PASSED] - click(findTestObject("05-Chat/02-Sending chat messages/button_send")): Object: 'Object Repository/05-Chat/02-Sending chat messages/button_send' is clicked on

2023-01-25 13:29:54 - [MESSAGE][PASSED] - Object: 'Object Repository/05-Chat/02-Sending chat messages/button_send' is clicked on

2023-01-25 13:29:54 - [TEST_STEP][PASSED] - delay(5): Delayed 5 second(s)

2023-01-25 13:29:59 - [MESSAGE][PASSED] - Delayed 5 second(s)

2023-01-25 13:29:59 - [TEST_STEP][PASSED] - verifyElementVisible(findTestObject("05-Chat/08-Schedule a meeting/span_Automation Meeting")): Object 'Object Repository/05-Chat/08-Schedule a meeting/span_Automation Meeting' is visible

2023-01-25 13:30:30 - [MESSAGE][PASSED] - Object 'Object Repository/05-Chat/08-Schedule a meeting/span_Automation Meeting' is visible

2023-01-25 13:30:30 - [TEST_STEP][PASSED] - delay(5): Delayed 5 second(s)

2023-01-25 13:30:35 - [MESSAGE][PASSED] - Delayed 5 second(s)]]></system-out>
         <system-err><![CDATA[]]></system-err>
      </testcase>
      <testcase name="Test Cases/05- Chat/09-Hiding a chat" time="441.723" classname="Test Cases/05- Chat/09-Hiding a chat" status="PASSED">
         <system-out><![CDATA[2023-01-25 13:30:35 - [TEST_CASE][PASSED] - Test Cases/05- Chat/09-Hiding a chat: Test Cases/05- Chat/09-Hiding a chat

2023-01-25 13:30:37 - [TEST_STEP][PASSED] - delay(3): Delayed 3 second(s)

2023-01-25 13:30:40 - [MESSAGE][PASSED] - Delayed 3 second(s)

2023-01-25 13:30:40 - [TEST_STEP][PASSED] - click(findTestObject("05-Chat/09-Hiding a chat/ellipsis_chat setting")): Object: 'Object Repository/05-Chat/09-Hiding a chat/ellipsis_chat setting' is clicked on

2023-01-25 13:31:12 - [MESSAGE][PASSED] - Object: 'Object Repository/05-Chat/09-Hiding a chat/ellipsis_chat setting' is clicked on

2023-01-25 13:31:12 - [TEST_STEP][PASSED] - delay(2): Delayed 2 second(s)

2023-01-25 13:31:14 - [MESSAGE][PASSED] - Delayed 2 second(s)

2023-01-25 13:31:14 - [TEST_STEP][PASSED] - verifyElementVisible(findTestObject("05-Chat/09-Hiding a chat/button_Group info")): Object 'Object Repository/05-Chat/09-Hiding a chat/button_Group info' is visible

2023-01-25 13:31:45 - [MESSAGE][PASSED] - Object 'Object Repository/05-Chat/09-Hiding a chat/button_Group info' is visible

2023-01-25 13:31:45 - [TEST_STEP][PASSED] - verifyElementVisible(findTestObject("05-Chat/09-Hiding a chat/button_Hide chat")): Object 'Object Repository/05-Chat/09-Hiding a chat/button_Hide chat' is visible

2023-01-25 13:32:16 - [MESSAGE][PASSED] - Object 'Object Repository/05-Chat/09-Hiding a chat/button_Hide chat' is visible

2023-01-25 13:32:16 - [TEST_STEP][PASSED] - delay(3): Delayed 3 second(s)

2023-01-25 13:32:19 - [MESSAGE][PASSED] - Delayed 3 second(s)

2023-01-25 13:32:19 - [TEST_STEP][PASSED] - click(findTestObject("05-Chat/09-Hiding a chat/button_Hide chat")): Object: 'Object Repository/05-Chat/09-Hiding a chat/button_Hide chat' is clicked on

2023-01-25 13:32:50 - [MESSAGE][PASSED] - Object: 'Object Repository/05-Chat/09-Hiding a chat/button_Hide chat' is clicked on

2023-01-25 13:32:50 - [TEST_STEP][PASSED] - delay(3): Delayed 3 second(s)

2023-01-25 13:32:53 - [MESSAGE][PASSED] - Delayed 3 second(s)

2023-01-25 13:32:53 - [TEST_STEP][PASSED] - refresh(): Refresh successfully

2023-01-25 13:33:02 - [MESSAGE][PASSED] - Refresh successfully

2023-01-25 13:33:02 - [TEST_STEP][PASSED] - delay(5): Delayed 5 second(s)

2023-01-25 13:33:07 - [MESSAGE][PASSED] - Delayed 5 second(s)

2023-01-25 13:33:07 - [TEST_STEP][PASSED] - verifyElementVisible(findTestObject("05-Chat/01- Creating a Chat group/div_No chat available")): Object 'Object Repository/05-Chat/01- Creating a Chat group/div_No chat available' is visible

2023-01-25 13:33:55 - [MESSAGE][PASSED] - Object 'Object Repository/05-Chat/01- Creating a Chat group/div_No chat available' is visible

2023-01-25 13:33:55 - [TEST_STEP][PASSED] - delay(1): Delayed 1 second(s)

2023-01-25 13:33:56 - [MESSAGE][PASSED] - Delayed 1 second(s)

2023-01-25 13:33:56 - [TEST_STEP][PASSED] - click(findTestObject("05-Chat/09-Hiding a chat/button_search")): Object: 'Object Repository/05-Chat/09-Hiding a chat/button_search' is clicked on

2023-01-25 13:34:27 - [MESSAGE][PASSED] - Object: 'Object Repository/05-Chat/09-Hiding a chat/button_search' is clicked on

2023-01-25 13:34:27 - [TEST_STEP][PASSED] - setText(findTestObject("05-Chat/09-Hiding a chat/input_search"), "Auto"): Text 'Auto' is set on object 'Object Repository/05-Chat/09-Hiding a chat/input_search'

2023-01-25 13:35:29 - [MESSAGE][PASSED] - Text 'Auto' is set on object 'Object Repository/05-Chat/09-Hiding a chat/input_search'

2023-01-25 13:35:29 - [TEST_STEP][PASSED] - delay(3): Delayed 3 second(s)

2023-01-25 13:35:32 - [MESSAGE][PASSED] - Delayed 3 second(s)

2023-01-25 13:35:32 - [TEST_STEP][PASSED] - click(findTestObject("05-Chat/02-Sending chat messages/div_AC")): Object: 'Object Repository/05-Chat/02-Sending chat messages/div_AC' is clicked on

2023-01-25 13:36:03 - [MESSAGE][PASSED] - Object: 'Object Repository/05-Chat/02-Sending chat messages/div_AC' is clicked on

2023-01-25 13:36:03 - [TEST_STEP][PASSED] - delay(5): Delayed 5 second(s)

2023-01-25 13:36:08 - [MESSAGE][PASSED] - Delayed 5 second(s)

2023-01-25 13:36:08 - [TEST_STEP][PASSED] - setText(findTestObject("05-Chat/02-Sending chat messages/textarea__msg"), "Test auto"): Text 'Test auto' is set on object 'Object Repository/05-Chat/02-Sending chat messages/textarea__msg'

2023-01-25 13:37:11 - [MESSAGE][PASSED] - Text 'Test auto' is set on object 'Object Repository/05-Chat/02-Sending chat messages/textarea__msg'

2023-01-25 13:37:11 - [TEST_STEP][PASSED] - click(findTestObject("05-Chat/02-Sending chat messages/button_send")): Object: 'Object Repository/05-Chat/02-Sending chat messages/button_send' is clicked on

2023-01-25 13:37:43 - [MESSAGE][PASSED] - Object: 'Object Repository/05-Chat/02-Sending chat messages/button_send' is clicked on

2023-01-25 13:37:43 - [TEST_STEP][PASSED] - delay(3): Delayed 3 second(s)

2023-01-25 13:37:46 - [MESSAGE][PASSED] - Delayed 3 second(s)

2023-01-25 13:37:46 - [TEST_STEP][PASSED] - refresh(): Refresh successfully

2023-01-25 13:37:54 - [MESSAGE][PASSED] - Refresh successfully

2023-01-25 13:37:54 - [TEST_STEP][PASSED] - delay(3): Delayed 3 second(s)

2023-01-25 13:37:57 - [MESSAGE][PASSED] - Delayed 3 second(s)]]></system-out>
         <system-err><![CDATA[]]></system-err>
      </testcase>
      <testcase name="Test Cases/05- Chat/10-Group Info" time="379.268" classname="Test Cases/05- Chat/10-Group Info" status="FAILED">
         <failure type="FAILED" message="Test Cases/05- Chat/10-Group Info FAILED.
Reason:
com.kms.katalon.core.exception.StepFailedException: Unable to click on object 'Object Repository/05-Chat/10-Group Info/div_GTGG tester'
	at com.kms.katalon.core.webui.keyword.internal.WebUIKeywordMain.stepFailed(WebUIKeywordMain.groovy:64)
	at com.kms.katalon.core.webui.keyword.internal.WebUIKeywordMain.runKeyword(WebUIKeywordMain.groovy:26)
	at com.kms.katalon.core.webui.keyword.builtin.ClickKeyword.click(ClickKeyword.groovy:74)
	at com.kms.katalon.core.webui.keyword.builtin.ClickKeyword.execute(ClickKeyword.groovy:40)
	at com.kms.katalon.core.keyword.internal.KeywordExecutor.executeKeywordForPlatform(KeywordExecutor.groovy:74)
	at com.kms.katalon.core.webui.keyword.WebUiBuiltInKeywords.click(WebUiBuiltInKeywords.groovy:620)
	at com.kms.katalon.core.webui.keyword.WebUiBuiltInKeywords$click$4.call(Unknown Source)
	at 10-Group Info.run(10-Group Info:48)
	at com.kms.katalon.core.main.ScriptEngine.run(ScriptEngine.java:194)
	at com.kms.katalon.core.main.ScriptEngine.runScriptAsRawText(ScriptEngine.java:119)
	at com.kms.katalon.core.main.TestCaseExecutor.runScript(TestCaseExecutor.java:448)
	at com.kms.katalon.core.main.TestCaseExecutor.doExecute(TestCaseExecutor.java:439)
	at com.kms.katalon.core.main.TestCaseExecutor.processExecutionPhase(TestCaseExecutor.java:418)
	at com.kms.katalon.core.main.TestCaseExecutor.accessMainPhase(TestCaseExecutor.java:410)
	at com.kms.katalon.core.main.TestCaseExecutor.execute(TestCaseExecutor.java:285)
	at com.kms.katalon.core.common.CommonExecutor.accessTestCaseMainPhase(CommonExecutor.java:65)
	at com.kms.katalon.core.main.TestSuiteExecutor.accessTestSuiteMainPhase(TestSuiteExecutor.java:144)
	at com.kms.katalon.core.main.TestSuiteExecutor.execute(TestSuiteExecutor.java:106)
	at com.kms.katalon.core.main.TestCaseMain.startTestSuite(TestCaseMain.java:185)
	at com.kms.katalon.core.main.TestCaseMain$startTestSuite$0.call(Unknown Source)
	at TempTestSuite1674621316508.run(TempTestSuite1674621316508.groovy:36)
Caused by: com.kms.katalon.core.webui.exception.WebElementNotFoundException: Web element with id: 'Object Repository/05-Chat/10-Group Info/div_GTGG tester' located by '//div[(text() = 'GTGG tester' or . = 'GTGG tester')]' not found
	at com.kms.katalon.core.webui.common.WebUiCommonHelper.findWebElement(WebUiCommonHelper.java:1370)
	at com.kms.katalon.core.webui.keyword.internal.WebUIAbstractKeyword.findWebElement(WebUIAbstractKeyword.groovy:27)
	at com.kms.katalon.core.webui.keyword.builtin.ClickKeyword$_click_closure1.doCall(ClickKeyword.groovy:65)
	at com.kms.katalon.core.webui.keyword.builtin.ClickKeyword$_click_closure1.call(ClickKeyword.groovy)
	at com.kms.katalon.core.webui.keyword.internal.WebUIKeywordMain.runKeyword(WebUIKeywordMain.groovy:20)
	... 19 more
"/>
         <system-out><![CDATA[2023-01-25 13:37:57 - [TEST_CASE][FAILED] - Test Cases/05- Chat/10-Group Info: Test Cases/05- Chat/10-Group Info FAILED.
Reason:
com.kms.katalon.core.exception.StepFailedException: Unable to click on object 'Object Repository/05-Chat/10-Group Info/div_GTGG tester'
	at com.kms.katalon.core.webui.keyword.internal.WebUIKeywordMain.stepFailed(WebUIKeywordMain.groovy:64)
	at com.kms.katalon.core.webui.keyword.internal.WebUIKeywordMain.runKeyword(WebUIKeywordMain.groovy:26)
	at com.kms.katalon.core.webui.keyword.builtin.ClickKeyword.click(ClickKeyword.groovy:74)
	at com.kms.katalon.core.webui.keyword.builtin.ClickKeyword.execute(ClickKeyword.groovy:40)
	at com.kms.katalon.core.keyword.internal.KeywordExecutor.executeKeywordForPlatform(KeywordExecutor.groovy:74)
	at com.kms.katalon.core.webui.keyword.WebUiBuiltInKeywords.click(WebUiBuiltInKeywords.groovy:620)
	at com.kms.katalon.core.webui.keyword.WebUiBuiltInKeywords$click$4.call(Unknown Source)
	at 10-Group Info.run(10-Group Info:48)
	at com.kms.katalon.core.main.ScriptEngine.run(ScriptEngine.java:194)
	at com.kms.katalon.core.main.ScriptEngine.runScriptAsRawText(ScriptEngine.java:119)
	at com.kms.katalon.core.main.TestCaseExecutor.runScript(TestCaseExecutor.java:448)
	at com.kms.katalon.core.main.TestCaseExecutor.doExecute(TestCaseExecutor.java:439)
	at com.kms.katalon.core.main.TestCaseExecutor.processExecutionPhase(TestCaseExecutor.java:418)
	at com.kms.katalon.core.main.TestCaseExecutor.accessMainPhase(TestCaseExecutor.java:410)
	at com.kms.katalon.core.main.TestCaseExecutor.execute(TestCaseExecutor.java:285)
	at com.kms.katalon.core.common.CommonExecutor.accessTestCaseMainPhase(CommonExecutor.java:65)
	at com.kms.katalon.core.main.TestSuiteExecutor.accessTestSuiteMainPhase(TestSuiteExecutor.java:144)
	at com.kms.katalon.core.main.TestSuiteExecutor.execute(TestSuiteExecutor.java:106)
	at com.kms.katalon.core.main.TestCaseMain.startTestSuite(TestCaseMain.java:185)
	at com.kms.katalon.core.main.TestCaseMain$startTestSuite$0.call(Unknown Source)
	at TempTestSuite1674621316508.run(TempTestSuite1674621316508.groovy:36)
Caused by: com.kms.katalon.core.webui.exception.WebElementNotFoundException: Web element with id: 'Object Repository/05-Chat/10-Group Info/div_GTGG tester' located by '//div[(text() = 'GTGG tester' or . = 'GTGG tester')]' not found
	at com.kms.katalon.core.webui.common.WebUiCommonHelper.findWebElement(WebUiCommonHelper.java:1370)
	at com.kms.katalon.core.webui.keyword.internal.WebUIAbstractKeyword.findWebElement(WebUIAbstractKeyword.groovy:27)
	at com.kms.katalon.core.webui.keyword.builtin.ClickKeyword$_click_closure1.doCall(ClickKeyword.groovy:65)
	at com.kms.katalon.core.webui.keyword.builtin.ClickKeyword$_click_closure1.call(ClickKeyword.groovy)
	at com.kms.katalon.core.webui.keyword.internal.WebUIKeywordMain.runKeyword(WebUIKeywordMain.groovy:20)
	... 19 more


2023-01-25 13:38:00 - [TEST_STEP][PASSED] - click(findTestObject("05-Chat/02-Sending chat messages/div_AC")): Object: 'Object Repository/05-Chat/02-Sending chat messages/div_AC' is clicked on

2023-01-25 13:38:47 - [MESSAGE][PASSED] - Object: 'Object Repository/05-Chat/02-Sending chat messages/div_AC' is clicked on

2023-01-25 13:38:47 - [TEST_STEP][PASSED] - delay(3): Delayed 3 second(s)

2023-01-25 13:38:50 - [MESSAGE][PASSED] - Delayed 3 second(s)

2023-01-25 13:38:50 - [TEST_STEP][PASSED] - click(findTestObject("05-Chat/09-Hiding a chat/ellipsis_chat setting")): Object: 'Object Repository/05-Chat/09-Hiding a chat/ellipsis_chat setting' is clicked on

2023-01-25 13:39:21 - [MESSAGE][PASSED] - Object: 'Object Repository/05-Chat/09-Hiding a chat/ellipsis_chat setting' is clicked on

2023-01-25 13:39:21 - [TEST_STEP][PASSED] - delay(2): Delayed 2 second(s)

2023-01-25 13:39:23 - [MESSAGE][PASSED] - Delayed 2 second(s)

2023-01-25 13:39:23 - [TEST_STEP][PASSED] - click(findTestObject("05-Chat/09-Hiding a chat/button_Group info")): Object: 'Object Repository/05-Chat/09-Hiding a chat/button_Group info' is clicked on

2023-01-25 13:39:55 - [MESSAGE][PASSED] - Object: 'Object Repository/05-Chat/09-Hiding a chat/button_Group info' is clicked on

2023-01-25 13:39:55 - [TEST_STEP][PASSED] - delay(2): Delayed 2 second(s)

2023-01-25 13:39:57 - [MESSAGE][PASSED] - Delayed 2 second(s)

2023-01-25 13:39:57 - [TEST_STEP][PASSED] - verifyElementVisible(findTestObject("05-Chat/09-Hiding a chat/Group info")): Object 'Object Repository/05-Chat/09-Hiding a chat/Group info' is visible

2023-01-25 13:40:28 - [MESSAGE][PASSED] - Object 'Object Repository/05-Chat/09-Hiding a chat/Group info' is visible

2023-01-25 13:40:28 - [TEST_STEP][PASSED] - delay(2): Delayed 2 second(s)

2023-01-25 13:40:30 - [MESSAGE][PASSED] - Delayed 2 second(s)

2023-01-25 13:40:30 - [TEST_STEP][PASSED] - click(findTestObject("05-Chat/10-Group Info/button_EDIT")): Object: 'Object Repository/05-Chat/10-Group Info/button_EDIT' is clicked on

2023-01-25 13:41:02 - [MESSAGE][PASSED] - Object: 'Object Repository/05-Chat/10-Group Info/button_EDIT' is clicked on

2023-01-25 13:41:02 - [TEST_STEP][PASSED] - setText(findTestObject("05-Chat/10-Group Info/input_groupName_edit"), "Automation Chat EDITED"): Text 'Automation Chat EDITED' is set on object 'Object Repository/05-Chat/10-Group Info/input_groupName_edit'

2023-01-25 13:42:07 - [MESSAGE][PASSED] - Text 'Automation Chat EDITED' is set on object 'Object Repository/05-Chat/10-Group Info/input_groupName_edit'

2023-01-25 13:42:07 - [TEST_STEP][PASSED] - click(findTestObject("05-Chat/10-Group Info/button_Save")): Object: 'Object Repository/05-Chat/10-Group Info/button_Save' is clicked on

2023-01-25 13:42:39 - [MESSAGE][PASSED] - Object: 'Object Repository/05-Chat/10-Group Info/button_Save' is clicked on

2023-01-25 13:42:39 - [TEST_STEP][PASSED] - verifyElementVisible(findTestObject("05-Chat/10-Group Info/Successfully changed group name msg")): Object 'Object Repository/05-Chat/10-Group Info/Successfully changed group name msg' is visible

2023-01-25 13:43:11 - [MESSAGE][PASSED] - Object 'Object Repository/05-Chat/10-Group Info/Successfully changed group name msg' is visible

2023-01-25 13:43:11 - [TEST_STEP][PASSED] - delay(3): Delayed 3 second(s)

2023-01-25 13:43:14 - [MESSAGE][PASSED] - Delayed 3 second(s)

2023-01-25 13:43:14 - [TEST_STEP][FAILED] - click(findTestObject("05-Chat/10-Group Info/div_GTGG tester")): Unable to click on object 'Object Repository/05-Chat/10-Group Info/div_GTGG tester' (Root cause: com.kms.katalon.core.exception.StepFailedException: Unable to click on object 'Object Repository/05-Chat/10-Group Info/div_GTGG tester'
	at com.kms.katalon.core.webui.keyword.internal.WebUIKeywordMain.stepFailed(WebUIKeywordMain.groovy:64)
	at com.kms.katalon.core.webui.keyword.internal.WebUIKeywordMain.runKeyword(WebUIKeywordMain.groovy:26)
	at com.kms.katalon.core.webui.keyword.builtin.ClickKeyword.click(ClickKeyword.groovy:74)
	at com.kms.katalon.core.webui.keyword.builtin.ClickKeyword.execute(ClickKeyword.groovy:40)
	at com.kms.katalon.core.keyword.internal.KeywordExecutor.executeKeywordForPlatform(KeywordExecutor.groovy:74)
	at com.kms.katalon.core.webui.keyword.WebUiBuiltInKeywords.click(WebUiBuiltInKeywords.groovy:620)
	at com.kms.katalon.core.webui.keyword.WebUiBuiltInKeywords$click$4.call(Unknown Source)
	at 10-Group Info.run(10-Group Info:48)
	at com.kms.katalon.core.main.ScriptEngine.run(ScriptEngine.java:194)
	at com.kms.katalon.core.main.ScriptEngine.runScriptAsRawText(ScriptEngine.java:119)
	at com.kms.katalon.core.main.TestCaseExecutor.runScript(TestCaseExecutor.java:448)
	at com.kms.katalon.core.main.TestCaseExecutor.doExecute(TestCaseExecutor.java:439)
	at com.kms.katalon.core.main.TestCaseExecutor.processExecutionPhase(TestCaseExecutor.java:418)
	at com.kms.katalon.core.main.TestCaseExecutor.accessMainPhase(TestCaseExecutor.java:410)
	at com.kms.katalon.core.main.TestCaseExecutor.execute(TestCaseExecutor.java:285)
	at com.kms.katalon.core.common.CommonExecutor.accessTestCaseMainPhase(CommonExecutor.java:65)
	at com.kms.katalon.core.main.TestSuiteExecutor.accessTestSuiteMainPhase(TestSuiteExecutor.java:144)
	at com.kms.katalon.core.main.TestSuiteExecutor.execute(TestSuiteExecutor.java:106)
	at com.kms.katalon.core.main.TestCaseMain.startTestSuite(TestCaseMain.java:185)
	at com.kms.katalon.core.main.TestCaseMain$startTestSuite$0.call(Unknown Source)
	at TempTestSuite1674621316508.run(TempTestSuite1674621316508.groovy:36)
Caused by: com.kms.katalon.core.webui.exception.WebElementNotFoundException: Web element with id: 'Object Repository/05-Chat/10-Group Info/div_GTGG tester' located by '//div[(text() = 'GTGG tester' or . = 'GTGG tester')]' not found
	at com.kms.katalon.core.webui.common.WebUiCommonHelper.findWebElement(WebUiCommonHelper.java:1370)
	at com.kms.katalon.core.webui.keyword.internal.WebUIAbstractKeyword.findWebElement(WebUIAbstractKeyword.groovy:27)
	at com.kms.katalon.core.webui.keyword.builtin.ClickKeyword$_click_closure1.doCall(ClickKeyword.groovy:65)
	at com.kms.katalon.core.webui.keyword.builtin.ClickKeyword$_click_closure1.call(ClickKeyword.groovy)
	at com.kms.katalon.core.webui.keyword.internal.WebUIKeywordMain.runKeyword(WebUIKeywordMain.groovy:20)
	at com.kms.katalon.core.webui.keyword.builtin.ClickKeyword.click(ClickKeyword.groovy:74)
	at com.kms.katalon.core.webui.keyword.builtin.ClickKeyword.execute(ClickKeyword.groovy:40)
	at com.kms.katalon.core.keyword.internal.KeywordExecutor.executeKeywordForPlatform(KeywordExecutor.groovy:74)
	at com.kms.katalon.core.webui.keyword.WebUiBuiltInKeywords.click(WebUiBuiltInKeywords.groovy:620)
	at com.kms.katalon.core.webui.keyword.WebUiBuiltInKeywords$click$4.call(Unknown Source)
	at Script1666065502404.run(Script1666065502404.groovy:48)
	... 13 more
)

2023-01-25 13:44:15 - [MESSAGE][INFO] - Unable to find the element located by 'By.xpath: //div[(text() = 'GTGG tester' or . = 'GTGG tester')]'. Please recheck the objects properties to make sure the desired element is located. 

2023-01-25 13:44:16 - [MESSAGE][FAILED] - Unable to click on object 'Object Repository/05-Chat/10-Group Info/div_GTGG tester' (Root cause: com.kms.katalon.core.exception.StepFailedException: Unable to click on object 'Object Repository/05-Chat/10-Group Info/div_GTGG tester'
	at com.kms.katalon.core.webui.keyword.internal.WebUIKeywordMain.stepFailed(WebUIKeywordMain.groovy:64)
	at com.kms.katalon.core.webui.keyword.internal.WebUIKeywordMain.runKeyword(WebUIKeywordMain.groovy:26)
	at com.kms.katalon.core.webui.keyword.builtin.ClickKeyword.click(ClickKeyword.groovy:74)
	at com.kms.katalon.core.webui.keyword.builtin.ClickKeyword.execute(ClickKeyword.groovy:40)
	at com.kms.katalon.core.keyword.internal.KeywordExecutor.executeKeywordForPlatform(KeywordExecutor.groovy:74)
	at com.kms.katalon.core.webui.keyword.WebUiBuiltInKeywords.click(WebUiBuiltInKeywords.groovy:620)
	at com.kms.katalon.core.webui.keyword.WebUiBuiltInKeywords$click$4.call(Unknown Source)
	at 10-Group Info.run(10-Group Info:48)
	at com.kms.katalon.core.main.ScriptEngine.run(ScriptEngine.java:194)
	at com.kms.katalon.core.main.ScriptEngine.runScriptAsRawText(ScriptEngine.java:119)
	at com.kms.katalon.core.main.TestCaseExecutor.runScript(TestCaseExecutor.java:448)
	at com.kms.katalon.core.main.TestCaseExecutor.doExecute(TestCaseExecutor.java:439)
	at com.kms.katalon.core.main.TestCaseExecutor.processExecutionPhase(TestCaseExecutor.java:418)
	at com.kms.katalon.core.main.TestCaseExecutor.accessMainPhase(TestCaseExecutor.java:410)
	at com.kms.katalon.core.main.TestCaseExecutor.execute(TestCaseExecutor.java:285)
	at com.kms.katalon.core.common.CommonExecutor.accessTestCaseMainPhase(CommonExecutor.java:65)
	at com.kms.katalon.core.main.TestSuiteExecutor.accessTestSuiteMainPhase(TestSuiteExecutor.java:144)
	at com.kms.katalon.core.main.TestSuiteExecutor.execute(TestSuiteExecutor.java:106)
	at com.kms.katalon.core.main.TestCaseMain.startTestSuite(TestCaseMain.java:185)
	at com.kms.katalon.core.main.TestCaseMain$startTestSuite$0.call(Unknown Source)
	at TempTestSuite1674621316508.run(TempTestSuite1674621316508.groovy:36)
Caused by: com.kms.katalon.core.webui.exception.WebElementNotFoundException: Web element with id: 'Object Repository/05-Chat/10-Group Info/div_GTGG tester' located by '//div[(text() = 'GTGG tester' or . = 'GTGG tester')]' not found
	at com.kms.katalon.core.webui.common.WebUiCommonHelper.findWebElement(WebUiCommonHelper.java:1370)
	at com.kms.katalon.core.webui.keyword.internal.WebUIAbstractKeyword.findWebElement(WebUIAbstractKeyword.groovy:27)
	at com.kms.katalon.core.webui.keyword.builtin.ClickKeyword$_click_closure1.doCall(ClickKeyword.groovy:65)
	at com.kms.katalon.core.webui.keyword.builtin.ClickKeyword$_click_closure1.call(ClickKeyword.groovy)
	at com.kms.katalon.core.webui.keyword.internal.WebUIKeywordMain.runKeyword(WebUIKeywordMain.groovy:20)
	at com.kms.katalon.core.webui.keyword.builtin.ClickKeyword.click(ClickKeyword.groovy:74)
	at com.kms.katalon.core.webui.keyword.builtin.ClickKeyword.execute(ClickKeyword.groovy:40)
	at com.kms.katalon.core.keyword.internal.KeywordExecutor.executeKeywordForPlatform(KeywordExecutor.groovy:74)
	at com.kms.katalon.core.webui.keyword.WebUiBuiltInKeywords.click(WebUiBuiltInKeywords.groovy:620)
	at com.kms.katalon.core.webui.keyword.WebUiBuiltInKeywords$click$4.call(Unknown Source)
	at Script1666065502404.run(Script1666065502404.groovy:48)
	... 13 more
)
[[ATTACHMENT|C:\\Users\\asus\\Katalon Studio\\Everleagues\\Everleagues\\Reports\\20230125_123516\\TS-Organization\\05-Chat\\20230125_123516\\1674625455855.png]]]]></system-out>
         <system-err><![CDATA[2023-01-25 13:37:57 - [TEST_CASE][FAILED] - Test Cases/05- Chat/10-Group Info: Test Cases/05- Chat/10-Group Info FAILED.
Reason:
com.kms.katalon.core.exception.StepFailedException: Unable to click on object 'Object Repository/05-Chat/10-Group Info/div_GTGG tester'
	at com.kms.katalon.core.webui.keyword.internal.WebUIKeywordMain.stepFailed(WebUIKeywordMain.groovy:64)
	at com.kms.katalon.core.webui.keyword.internal.WebUIKeywordMain.runKeyword(WebUIKeywordMain.groovy:26)
	at com.kms.katalon.core.webui.keyword.builtin.ClickKeyword.click(ClickKeyword.groovy:74)
	at com.kms.katalon.core.webui.keyword.builtin.ClickKeyword.execute(ClickKeyword.groovy:40)
	at com.kms.katalon.core.keyword.internal.KeywordExecutor.executeKeywordForPlatform(KeywordExecutor.groovy:74)
	at com.kms.katalon.core.webui.keyword.WebUiBuiltInKeywords.click(WebUiBuiltInKeywords.groovy:620)
	at com.kms.katalon.core.webui.keyword.WebUiBuiltInKeywords$click$4.call(Unknown Source)
	at 10-Group Info.run(10-Group Info:48)
	at com.kms.katalon.core.main.ScriptEngine.run(ScriptEngine.java:194)
	at com.kms.katalon.core.main.ScriptEngine.runScriptAsRawText(ScriptEngine.java:119)
	at com.kms.katalon.core.main.TestCaseExecutor.runScript(TestCaseExecutor.java:448)
	at com.kms.katalon.core.main.TestCaseExecutor.doExecute(TestCaseExecutor.java:439)
	at com.kms.katalon.core.main.TestCaseExecutor.processExecutionPhase(TestCaseExecutor.java:418)
	at com.kms.katalon.core.main.TestCaseExecutor.accessMainPhase(TestCaseExecutor.java:410)
	at com.kms.katalon.core.main.TestCaseExecutor.execute(TestCaseExecutor.java:285)
	at com.kms.katalon.core.common.CommonExecutor.accessTestCaseMainPhase(CommonExecutor.java:65)
	at com.kms.katalon.core.main.TestSuiteExecutor.accessTestSuiteMainPhase(TestSuiteExecutor.java:144)
	at com.kms.katalon.core.main.TestSuiteExecutor.execute(TestSuiteExecutor.java:106)
	at com.kms.katalon.core.main.TestCaseMain.startTestSuite(TestCaseMain.java:185)
	at com.kms.katalon.core.main.TestCaseMain$startTestSuite$0.call(Unknown Source)
	at TempTestSuite1674621316508.run(TempTestSuite1674621316508.groovy:36)
Caused by: com.kms.katalon.core.webui.exception.WebElementNotFoundException: Web element with id: 'Object Repository/05-Chat/10-Group Info/div_GTGG tester' located by '//div[(text() = 'GTGG tester' or . = 'GTGG tester')]' not found
	at com.kms.katalon.core.webui.common.WebUiCommonHelper.findWebElement(WebUiCommonHelper.java:1370)
	at com.kms.katalon.core.webui.keyword.internal.WebUIAbstractKeyword.findWebElement(WebUIAbstractKeyword.groovy:27)
	at com.kms.katalon.core.webui.keyword.builtin.ClickKeyword$_click_closure1.doCall(ClickKeyword.groovy:65)
	at com.kms.katalon.core.webui.keyword.builtin.ClickKeyword$_click_closure1.call(ClickKeyword.groovy)
	at com.kms.katalon.core.webui.keyword.internal.WebUIKeywordMain.runKeyword(WebUIKeywordMain.groovy:20)
	... 19 more]]></system-err>
      </testcase>
      <system-out><![CDATA[2023-01-25 12:35:31 - [TEST_SUITE][FAILED] - 05-Chat: Test Cases/05- Chat/10-Group Info FAILED.
Reason:
com.kms.katalon.core.exception.StepFailedException: Unable to click on object 'Object Repository/05-Chat/10-Group Info/div_GTGG tester'
	at com.kms.katalon.core.webui.keyword.internal.WebUIKeywordMain.stepFailed(WebUIKeywordMain.groovy:64)
	at com.kms.katalon.core.webui.keyword.internal.WebUIKeywordMain.runKeyword(WebUIKeywordMain.groovy:26)
	at com.kms.katalon.core.webui.keyword.builtin.ClickKeyword.click(ClickKeyword.groovy:74)
	at com.kms.katalon.core.webui.keyword.builtin.ClickKeyword.execute(ClickKeyword.groovy:40)
	at com.kms.katalon.core.keyword.internal.KeywordExecutor.executeKeywordForPlatform(KeywordExecutor.groovy:74)
	at com.kms.katalon.core.webui.keyword.WebUiBuiltInKeywords.click(WebUiBuiltInKeywords.groovy:620)
	at com.kms.katalon.core.webui.keyword.WebUiBuiltInKeywords$click$4.call(Unknown Source)
	at 10-Group Info.run(10-Group Info:48)
	at com.kms.katalon.core.main.ScriptEngine.run(ScriptEngine.java:194)
	at com.kms.katalon.core.main.ScriptEngine.runScriptAsRawText(ScriptEngine.java:119)
	at com.kms.katalon.core.main.TestCaseExecutor.runScript(TestCaseExecutor.java:448)
	at com.kms.katalon.core.main.TestCaseExecutor.doExecute(TestCaseExecutor.java:439)
	at com.kms.katalon.core.main.TestCaseExecutor.processExecutionPhase(TestCaseExecutor.java:418)
	at com.kms.katalon.core.main.TestCaseExecutor.accessMainPhase(TestCaseExecutor.java:410)
	at com.kms.katalon.core.main.TestCaseExecutor.execute(TestCaseExecutor.java:285)
	at com.kms.katalon.core.common.CommonExecutor.accessTestCaseMainPhase(CommonExecutor.java:65)
	at com.kms.katalon.core.main.TestSuiteExecutor.accessTestSuiteMainPhase(TestSuiteExecutor.java:144)
	at com.kms.katalon.core.main.TestSuiteExecutor.execute(TestSuiteExecutor.java:106)
	at com.kms.katalon.core.main.TestCaseMain.startTestSuite(TestCaseMain.java:185)
	at com.kms.katalon.core.main.TestCaseMain$startTestSuite$0.call(Unknown Source)
	at TempTestSuite1674621316508.run(TempTestSuite1674621316508.groovy:36)
Caused by: com.kms.katalon.core.webui.exception.WebElementNotFoundException: Web element with id: 'Object Repository/05-Chat/10-Group Info/div_GTGG tester' located by '//div[(text() = 'GTGG tester' or . = 'GTGG tester')]' not found
	at com.kms.katalon.core.webui.common.WebUiCommonHelper.findWebElement(WebUiCommonHelper.java:1370)
	at com.kms.katalon.core.webui.keyword.internal.WebUIAbstractKeyword.findWebElement(WebUIAbstractKeyword.groovy:27)
	at com.kms.katalon.core.webui.keyword.builtin.ClickKeyword$_click_closure1.doCall(ClickKeyword.groovy:65)
	at com.kms.katalon.core.webui.keyword.builtin.ClickKeyword$_click_closure1.call(ClickKeyword.groovy)
	at com.kms.katalon.core.webui.keyword.internal.WebUIKeywordMain.runKeyword(WebUIKeywordMain.groovy:20)
	... 19 more]]></system-out>
      <system-err><![CDATA[2023-01-25 12:35:31 - [TEST_SUITE][FAILED] - 05-Chat: Test Cases/05- Chat/10-Group Info FAILED.
Reason:
com.kms.katalon.core.exception.StepFailedException: Unable to click on object 'Object Repository/05-Chat/10-Group Info/div_GTGG tester'
	at com.kms.katalon.core.webui.keyword.internal.WebUIKeywordMain.stepFailed(WebUIKeywordMain.groovy:64)
	at com.kms.katalon.core.webui.keyword.internal.WebUIKeywordMain.runKeyword(WebUIKeywordMain.groovy:26)
	at com.kms.katalon.core.webui.keyword.builtin.ClickKeyword.click(ClickKeyword.groovy:74)
	at com.kms.katalon.core.webui.keyword.builtin.ClickKeyword.execute(ClickKeyword.groovy:40)
	at com.kms.katalon.core.keyword.internal.KeywordExecutor.executeKeywordForPlatform(KeywordExecutor.groovy:74)
	at com.kms.katalon.core.webui.keyword.WebUiBuiltInKeywords.click(WebUiBuiltInKeywords.groovy:620)
	at com.kms.katalon.core.webui.keyword.WebUiBuiltInKeywords$click$4.call(Unknown Source)
	at 10-Group Info.run(10-Group Info:48)
	at com.kms.katalon.core.main.ScriptEngine.run(ScriptEngine.java:194)
	at com.kms.katalon.core.main.ScriptEngine.runScriptAsRawText(ScriptEngine.java:119)
	at com.kms.katalon.core.main.TestCaseExecutor.runScript(TestCaseExecutor.java:448)
	at com.kms.katalon.core.main.TestCaseExecutor.doExecute(TestCaseExecutor.java:439)
	at com.kms.katalon.core.main.TestCaseExecutor.processExecutionPhase(TestCaseExecutor.java:418)
	at com.kms.katalon.core.main.TestCaseExecutor.accessMainPhase(TestCaseExecutor.java:410)
	at com.kms.katalon.core.main.TestCaseExecutor.execute(TestCaseExecutor.java:285)
	at com.kms.katalon.core.common.CommonExecutor.accessTestCaseMainPhase(CommonExecutor.java:65)
	at com.kms.katalon.core.main.TestSuiteExecutor.accessTestSuiteMainPhase(TestSuiteExecutor.java:144)
	at com.kms.katalon.core.main.TestSuiteExecutor.execute(TestSuiteExecutor.java:106)
	at com.kms.katalon.core.main.TestCaseMain.startTestSuite(TestCaseMain.java:185)
	at com.kms.katalon.core.main.TestCaseMain$startTestSuite$0.call(Unknown Source)
	at TempTestSuite1674621316508.run(TempTestSuite1674621316508.groovy:36)
Caused by: com.kms.katalon.core.webui.exception.WebElementNotFoundException: Web element with id: 'Object Repository/05-Chat/10-Group Info/div_GTGG tester' located by '//div[(text() = 'GTGG tester' or . = 'GTGG tester')]' not found
	at com.kms.katalon.core.webui.common.WebUiCommonHelper.findWebElement(WebUiCommonHelper.java:1370)
	at com.kms.katalon.core.webui.keyword.internal.WebUIAbstractKeyword.findWebElement(WebUIAbstractKeyword.groovy:27)
	at com.kms.katalon.core.webui.keyword.builtin.ClickKeyword$_click_closure1.doCall(ClickKeyword.groovy:65)
	at com.kms.katalon.core.webui.keyword.builtin.ClickKeyword$_click_closure1.call(ClickKeyword.groovy)
	at com.kms.katalon.core.webui.keyword.internal.WebUIKeywordMain.runKeyword(WebUIKeywordMain.groovy:20)
	... 19 more]]></system-err>
   </testsuite>
</testsuites>
