<?xml version="1.0" encoding="UTF-8"?>
<testsuites name="10-Open Video Conference" time="294.02" tests="5" failures="0" errors="0">
   <testsuite name="10-Open Video Conference" tests="5" failures="0" errors="0" time="294.02" skipped="0" timestamp="2022-12-26 18:15:53" hostname="asus - DESKTOP-3L3J9C1" id="Test Suites/TS-Organization/10-Open Video Conference">
      <properties>
         <property name="deviceName" value=""/>
         <property name="devicePlatform" value=""/>
         <property name="logFolder" value="C:\\Users\\asus\\Katalon Studio\\Everleagues\\Everleagues\\Reports\\20221226_181540\\TS-Organization\\10-Open Video Conference\\20221226_181540"/>
         <property name="logFiles" value="C:\\Users\\asus\\Katalon Studio\\Everleagues\\Everleagues\\Reports\\20221226_181540\\TS-Organization\\10-Open Video Conference\\20221226_181540\\execution0.log"/>
         <property name="attachments" value=""/>
         <property name="hostName" value="asus - DESKTOP-3L3J9C1"/>
         <property name="os" value="Windows 10 64bit"/>
         <property name="katalonVersion" value="8.4.1.208"/>
         <property name="browser" value="Chrome 108.0.0.0"/>
         <property name="hostAddress" value="192.168.5.82"/>
         <property name="sessionId" value="fc45e0fe0ca51d9f9a5c21e09e6a75d9"/>
         <property name="seleniumVersion" value="3.141.59"/>
         <property name="proxyInformation" value="ProxyInformation { proxyOption=NO_PROXY, proxyServerType=HTTP, username=, password=********, proxyServerAddress=, proxyServerPort=0, executionList=&quot;&quot;, isApplyToDesiredCapabilities=true }"/>
         <property name="platform" value="Windows 10"/>
      </properties>
      <testcase name="Test Cases/10-Open Video Conference/01-Blank Fields" time="162.695" classname="Test Cases/10-Open Video Conference/01-Blank Fields" status="PASSED">
         <system-out><![CDATA[2022-12-26 18:15:55 - [TEST_CASE][PASSED] - Test Cases/10-Open Video Conference/01-Blank Fields: Test Cases/10-Open Video Conference/01-Blank Fields

2022-12-26 18:15:57 - [TEST_STEP][PASSED] - openBrowser(""): Browser is opened with url: ''

2022-12-26 18:15:58 - [MESSAGE][INFO] - Starting 'Chrome' driver

2022-12-26 18:15:58 - [MESSAGE][INFO] - Action delay is set to 0 milliseconds

2022-12-26 18:16:07 - [MESSAGE][PASSED] - Browser is opened with url: ''

2022-12-26 18:16:07 - [TEST_STEP][PASSED] - navigateToUrl("https://lab.everleagues.com/"): Navigate to 'https://lab.everleagues.com/' successfully

2022-12-26 18:16:28 - [MESSAGE][PASSED] - Navigate to 'https://lab.everleagues.com/' successfully

2022-12-26 18:16:28 - [TEST_STEP][PASSED] - maximizeWindow(): Current window maximized

2022-12-26 18:16:29 - [MESSAGE][PASSED] - Current window maximized

2022-12-26 18:16:29 - [TEST_STEP][PASSED] - setText(findTestObject("02-Side Icons(Organization)/Add Contact/Email Field"), "testuser02@mailinator.com"): Text 'testuser02@mailinator.com' is set on object 'Object Repository/02-Side Icons(Organization)/Add Contact/Email Field'

2022-12-26 18:16:33 - [MESSAGE][PASSED] - Text 'testuser02@mailinator.com' is set on object 'Object Repository/02-Side Icons(Organization)/Add Contact/Email Field'

2022-12-26 18:16:33 - [TEST_STEP][PASSED] - setEncryptedText(findTestObject("02-Side Icons(Organization)/Add Contact/Password Field"), "8yFRyszE6U6jvsCn51OQbg=="): Text ****** has been set on object 'Object Repository/02-Side Icons(Organization)/Add Contact/Password Field'

2022-12-26 18:16:34 - [MESSAGE][PASSED] - Text ****** has been set on object 'Object Repository/02-Side Icons(Organization)/Add Contact/Password Field'

2022-12-26 18:16:34 - [TEST_STEP][PASSED] - click(findTestObject("02-Side Icons(Organization)/Add Contact/button_Sign in")): Object: 'Object Repository/02-Side Icons(Organization)/Add Contact/button_Sign in' is clicked on

2022-12-26 18:16:36 - [MESSAGE][PASSED] - Object: 'Object Repository/02-Side Icons(Organization)/Add Contact/button_Sign in' is clicked on

2022-12-26 18:16:36 - [TEST_STEP][PASSED] - delay(2): Delayed 2 second(s)

2022-12-26 18:16:38 - [MESSAGE][PASSED] - Delayed 2 second(s)

2022-12-26 18:16:38 - [TEST_STEP][PASSED] - click(findTestObject("06-Teams/For 2FA/button_Confirm_2FA")): Object: 'Object Repository/06-Teams/For 2FA/button_Confirm_2FA' is clicked on

2022-12-26 18:16:39 - [MESSAGE][PASSED] - Object: 'Object Repository/06-Teams/For 2FA/button_Confirm_2FA' is clicked on

2022-12-26 18:16:39 - [TEST_STEP][PASSED] - executeJavaScript("window.open();", []): Execute JavaScript 'window.open();' successfully

2022-12-26 18:16:40 - [MESSAGE][PASSED] - Execute JavaScript 'window.open();' successfully

2022-12-26 18:16:40 - [TEST_STEP][PASSED] - currentWindow = getWindowIndex(): Current window's index is: 0

2022-12-26 18:16:40 - [MESSAGE][PASSED] - Current window's index is: 0

2022-12-26 18:16:40 - [TEST_STEP][PASSED] - delay(3): Delayed 3 second(s)

2022-12-26 18:16:43 - [MESSAGE][PASSED] - Delayed 3 second(s)

2022-12-26 18:16:43 - [TEST_STEP][PASSED] - switchToWindowIndex(currentWindow + 1): Switched to window with index: '1'

2022-12-26 18:16:43 - [MESSAGE][PASSED] - Switched to window with index: '1'

2022-12-26 18:16:43 - [TEST_STEP][PASSED] - navigateToUrl("https://www.mailinator.com/"): Navigate to 'https://www.mailinator.com/' successfully

2022-12-26 18:16:50 - [MESSAGE][PASSED] - Navigate to 'https://www.mailinator.com/' successfully

2022-12-26 18:16:50 - [TEST_STEP][PASSED] - delay(3): Delayed 3 second(s)

2022-12-26 18:16:53 - [MESSAGE][PASSED] - Delayed 3 second(s)

2022-12-26 18:16:53 - [TEST_STEP][PASSED] - setText(findTestObject("00-Signup and Activation/zMailinator/input_LOGIN_search"), "testuser02@mailinator.com"): Text 'testuser02@mailinator.com' is set on object 'Object Repository/00-Signup and Activation/zMailinator/input_LOGIN_search'

2022-12-26 18:16:55 - [MESSAGE][PASSED] - Text 'testuser02@mailinator.com' is set on object 'Object Repository/00-Signup and Activation/zMailinator/input_LOGIN_search'

2022-12-26 18:16:55 - [TEST_STEP][PASSED] - click(findTestObject("00-Signup and Activation/zMailinator/gobutton"), STOP_ON_FAILURE): Object: 'Object Repository/00-Signup and Activation/zMailinator/gobutton' is clicked on

2022-12-26 18:16:59 - [MESSAGE][PASSED] - Object: 'Object Repository/00-Signup and Activation/zMailinator/gobutton' is clicked on

2022-12-26 18:16:59 - [TEST_STEP][PASSED] - delay(3): Delayed 3 second(s)

2022-12-26 18:17:02 - [MESSAGE][PASSED] - Delayed 3 second(s)

2022-12-26 18:17:02 - [TEST_STEP][PASSED] - click(findTestObject("00-Signup and Activation/zMailinator/Email - everleagues")): Object: 'Object Repository/00-Signup and Activation/zMailinator/Email - everleagues' is clicked on

2022-12-26 18:17:03 - [MESSAGE][PASSED] - Object: 'Object Repository/00-Signup and Activation/zMailinator/Email - everleagues' is clicked on

2022-12-26 18:17:03 - [TEST_STEP][PASSED] - delay(3): Delayed 3 second(s)

2022-12-26 18:17:06 - [MESSAGE][PASSED] - Delayed 3 second(s)

2022-12-26 18:17:06 - [TEST_STEP][PASSED] - code = getText(findTestObject("Object Repository/06-Teams/For 2FA/2FA code")): Text of object 'Object Repository/06-Teams/For 2FA/2FA code' is: '705046'

2022-12-26 18:17:07 - [MESSAGE][PASSED] - Text of object 'Object Repository/06-Teams/For 2FA/2FA code' is: '705046'

2022-12-26 18:17:07 - [TEST_STEP][PASSED] - delay(3): Delayed 3 second(s)

2022-12-26 18:17:10 - [MESSAGE][PASSED] - Delayed 3 second(s)

2022-12-26 18:17:10 - [TEST_STEP][PASSED] - closeWindowTitle("Mailinator"): Window with title: 'Mailinator' is closed

2022-12-26 18:17:11 - [MESSAGE][PASSED] - Window with title: 'Mailinator' is closed

2022-12-26 18:17:11 - [TEST_STEP][PASSED] - delay(3): Delayed 3 second(s)

2022-12-26 18:17:14 - [MESSAGE][PASSED] - Delayed 3 second(s)

2022-12-26 18:17:14 - [TEST_STEP][PASSED] - switchToWindowIndex(0): Switched to window with index: '0'

2022-12-26 18:17:14 - [MESSAGE][PASSED] - Switched to window with index: '0'

2022-12-26 18:17:14 - [TEST_STEP][PASSED] - delay(3): Delayed 3 second(s)

2022-12-26 18:17:17 - [MESSAGE][PASSED] - Delayed 3 second(s)

2022-12-26 18:17:17 - [TEST_STEP][PASSED] - setText(findTestObject("Object Repository/06-Teams/For 2FA/input_Enter verification code_code"), code): Text '705046' is set on object 'Object Repository/06-Teams/For 2FA/input_Enter verification code_code'

2022-12-26 18:17:19 - [MESSAGE][PASSED] - Text '705046' is set on object 'Object Repository/06-Teams/For 2FA/input_Enter verification code_code'

2022-12-26 18:17:19 - [TEST_STEP][PASSED] - delay(3): Delayed 3 second(s)

2022-12-26 18:17:22 - [MESSAGE][PASSED] - Delayed 3 second(s)

2022-12-26 18:17:22 - [TEST_STEP][PASSED] - click(findTestObject("06-Teams/For 2FA/button_Verify_2FA")): Object: 'Object Repository/06-Teams/For 2FA/button_Verify_2FA' is clicked on

2022-12-26 18:17:23 - [MESSAGE][PASSED] - Object: 'Object Repository/06-Teams/For 2FA/button_Verify_2FA' is clicked on

2022-12-26 18:17:23 - [TEST_STEP][PASSED] - delay(5): Delayed 5 second(s)

2022-12-26 18:17:28 - [MESSAGE][PASSED] - Delayed 5 second(s)

2022-12-26 18:17:28 - [TEST_STEP][PASSED] - click(findTestObject("06-Teams/button_doublearrow")): Object: 'Object Repository/06-Teams/button_doublearrow' is clicked on

2022-12-26 18:17:29 - [MESSAGE][PASSED] - Object: 'Object Repository/06-Teams/button_doublearrow' is clicked on

2022-12-26 18:17:29 - [TEST_STEP][PASSED] - click(findTestObject("06-Teams/button_My Organizations")): Object: 'Object Repository/06-Teams/button_My Organizations' is clicked on

2022-12-26 18:17:30 - [MESSAGE][PASSED] - Object: 'Object Repository/06-Teams/button_My Organizations' is clicked on

2022-12-26 18:17:30 - [TEST_STEP][PASSED] - click(findTestObject("02-Side Icons(Organization)/Add Contact/button_Automation Test Org")): Object: 'Object Repository/02-Side Icons(Organization)/Add Contact/button_Automation Test Org' is clicked on

2022-12-26 18:17:31 - [MESSAGE][PASSED] - Object: 'Object Repository/02-Side Icons(Organization)/Add Contact/button_Automation Test Org' is clicked on

2022-12-26 18:17:31 - [TEST_STEP][PASSED] - delay(4): Delayed 4 second(s)

2022-12-26 18:17:35 - [MESSAGE][PASSED] - Delayed 4 second(s)

2022-12-26 18:17:35 - [TEST_STEP][PASSED] - verifyElementVisible(findTestObject("02-Side Icons(Organization)/Add Contact/span_Automation Test Org")): Object 'Object Repository/02-Side Icons(Organization)/Add Contact/span_Automation Test Org' is visible

2022-12-26 18:17:38 - [MESSAGE][PASSED] - Object 'Object Repository/02-Side Icons(Organization)/Add Contact/span_Automation Test Org' is visible

2022-12-26 18:17:38 - [TEST_STEP][PASSED] - delay(5): Delayed 5 second(s)

2022-12-26 18:17:43 - [MESSAGE][PASSED] - Delayed 5 second(s)

2022-12-26 18:17:43 - [TEST_STEP][PASSED] - click(findTestObject("03-Header Menu/Hamburger Button/div_Open Video Conference")): Object: 'Object Repository/03-Header Menu/Hamburger Button/div_Open Video Conference' is clicked on

2022-12-26 18:17:44 - [MESSAGE][PASSED] - Object: 'Object Repository/03-Header Menu/Hamburger Button/div_Open Video Conference' is clicked on

2022-12-26 18:17:44 - [TEST_STEP][PASSED] - verifyElementVisible(findTestObject("10-Open Video Conference/h4_OPEN VIDEO CONFERENCE")): Object 'Object Repository/10-Open Video Conference/h4_OPEN VIDEO CONFERENCE' is visible

2022-12-26 18:17:45 - [MESSAGE][PASSED] - Object 'Object Repository/10-Open Video Conference/h4_OPEN VIDEO CONFERENCE' is visible

2022-12-26 18:17:45 - [TEST_STEP][PASSED] - verifyElementVisible(findTestObject("10-Open Video Conference/span_warning")): Object 'Object Repository/10-Open Video Conference/span_warning' is visible

2022-12-26 18:17:46 - [MESSAGE][PASSED] - Object 'Object Repository/10-Open Video Conference/span_warning' is visible

2022-12-26 18:17:46 - [TEST_STEP][PASSED] - click(findTestObject("10-Open Video Conference/a_chat")): Object: 'Object Repository/10-Open Video Conference/a_chat' is clicked on

2022-12-26 18:17:54 - [MESSAGE][PASSED] - Object: 'Object Repository/10-Open Video Conference/a_chat' is clicked on

2022-12-26 18:17:54 - [TEST_STEP][PASSED] - delay(3): Delayed 3 second(s)

2022-12-26 18:17:58 - [MESSAGE][PASSED] - Delayed 3 second(s)

2022-12-26 18:17:58 - [TEST_STEP][PASSED] - click(findTestObject("03-Header Menu/Hamburger Button/div_Open Video Conference")): Object: 'Object Repository/03-Header Menu/Hamburger Button/div_Open Video Conference' is clicked on

2022-12-26 18:17:59 - [MESSAGE][PASSED] - Object: 'Object Repository/03-Header Menu/Hamburger Button/div_Open Video Conference' is clicked on

2022-12-26 18:17:59 - [TEST_STEP][PASSED] - delay(3): Delayed 3 second(s)

2022-12-26 18:18:02 - [MESSAGE][PASSED] - Delayed 3 second(s)

2022-12-26 18:18:02 - [TEST_STEP][PASSED] - verifyElementVisible(findTestObject("10-Open Video Conference/h5_Meeting Title")): Object 'Object Repository/10-Open Video Conference/h5_Meeting Title' is visible

2022-12-26 18:18:03 - [MESSAGE][PASSED] - Object 'Object Repository/10-Open Video Conference/h5_Meeting Title' is visible

2022-12-26 18:18:03 - [TEST_STEP][PASSED] - click(findTestObject("10-Open Video Conference/input_Meeting Title")): Object: 'Object Repository/10-Open Video Conference/input_Meeting Title' is clicked on

2022-12-26 18:18:04 - [MESSAGE][PASSED] - Object: 'Object Repository/10-Open Video Conference/input_Meeting Title' is clicked on

2022-12-26 18:18:04 - [TEST_STEP][PASSED] - click(findTestObject("10-Open Video Conference/div_Now")): Object: 'Object Repository/10-Open Video Conference/div_Now' is clicked on

2022-12-26 18:18:06 - [MESSAGE][PASSED] - Object: 'Object Repository/10-Open Video Conference/div_Now' is clicked on

2022-12-26 18:18:06 - [TEST_STEP][PASSED] - delay(3): Delayed 3 second(s)

2022-12-26 18:18:09 - [MESSAGE][PASSED] - Delayed 3 second(s)

2022-12-26 18:18:09 - [TEST_STEP][PASSED] - verifyElementVisible(findTestObject("10-Open Video Conference/h5_Current Contacts")): Object 'Object Repository/10-Open Video Conference/h5_Current Contacts' is visible

2022-12-26 18:18:10 - [MESSAGE][PASSED] - Object 'Object Repository/10-Open Video Conference/h5_Current Contacts' is visible

2022-12-26 18:18:10 - [TEST_STEP][PASSED] - click(findTestObject("10-Open Video Conference/input_Current Contacts_inputSearchContacts")): Object: 'Object Repository/10-Open Video Conference/input_Current Contacts_inputSearchContacts' is clicked on

2022-12-26 18:18:11 - [MESSAGE][PASSED] - Object: 'Object Repository/10-Open Video Conference/input_Current Contacts_inputSearchContacts' is clicked on

2022-12-26 18:18:11 - [TEST_STEP][PASSED] - click(findTestObject("10-Open Video Conference/div_Now")): Object: 'Object Repository/10-Open Video Conference/div_Now' is clicked on

2022-12-26 18:18:11 - [MESSAGE][PASSED] - Object: 'Object Repository/10-Open Video Conference/div_Now' is clicked on

2022-12-26 18:18:11 - [TEST_STEP][PASSED] - delay(3): Delayed 3 second(s)

2022-12-26 18:18:14 - [MESSAGE][PASSED] - Delayed 3 second(s)

2022-12-26 18:18:14 - [TEST_STEP][PASSED] - scrollToElement(findTestObject("10-Open Video Conference/h5_New Guests"), 0): Scroll to object 'Object Repository/10-Open Video Conference/h5_New Guests' successfully

2022-12-26 18:18:15 - [MESSAGE][WARNING] - Timeout '0' is invalid. Using default page load timeout: '30'

2022-12-26 18:18:15 - [MESSAGE][PASSED] - Scroll to object 'Object Repository/10-Open Video Conference/h5_New Guests' successfully

2022-12-26 18:18:15 - [TEST_STEP][PASSED] - verifyElementVisible(findTestObject("10-Open Video Conference/h5_New Guests")): Object 'Object Repository/10-Open Video Conference/h5_New Guests' is visible

2022-12-26 18:18:16 - [MESSAGE][PASSED] - Object 'Object Repository/10-Open Video Conference/h5_New Guests' is visible

2022-12-26 18:18:16 - [TEST_STEP][PASSED] - click(findTestObject("10-Open Video Conference/mat-checkbox-Save all to contacts")): Object: 'Object Repository/10-Open Video Conference/mat-checkbox-Save all to contacts' is clicked on

2022-12-26 18:18:17 - [MESSAGE][PASSED] - Object: 'Object Repository/10-Open Video Conference/mat-checkbox-Save all to contacts' is clicked on

2022-12-26 18:18:17 - [TEST_STEP][PASSED] - click(findTestObject("10-Open Video Conference/mat-checkbox-Save all to contacts")): Object: 'Object Repository/10-Open Video Conference/mat-checkbox-Save all to contacts' is clicked on

2022-12-26 18:18:18 - [MESSAGE][PASSED] - Object: 'Object Repository/10-Open Video Conference/mat-checkbox-Save all to contacts' is clicked on

2022-12-26 18:18:18 - [TEST_STEP][PASSED] - click(findTestObject("10-Open Video Conference/div_Enter a valid phone number")): Object: 'Object Repository/10-Open Video Conference/div_Enter a valid phone number' is clicked on

2022-12-26 18:18:20 - [MESSAGE][PASSED] - Object: 'Object Repository/10-Open Video Conference/div_Enter a valid phone number' is clicked on

2022-12-26 18:18:20 - [TEST_STEP][PASSED] - click(findTestObject("10-Open Video Conference/div_Enter a valid phone number")): Object: 'Object Repository/10-Open Video Conference/div_Enter a valid phone number' is clicked on

2022-12-26 18:18:21 - [MESSAGE][PASSED] - Object: 'Object Repository/10-Open Video Conference/div_Enter a valid phone number' is clicked on

2022-12-26 18:18:21 - [TEST_STEP][PASSED] - delay(2): Delayed 2 second(s)

2022-12-26 18:18:23 - [MESSAGE][PASSED] - Delayed 2 second(s)

2022-12-26 18:18:23 - [TEST_STEP][PASSED] - click(findTestObject("10-Open Video Conference/input_Firstname")): Object: 'Object Repository/10-Open Video Conference/input_Firstname' is clicked on

2022-12-26 18:18:23 - [MESSAGE][PASSED] - Object: 'Object Repository/10-Open Video Conference/input_Firstname' is clicked on

2022-12-26 18:18:23 - [TEST_STEP][PASSED] - click(findTestObject("10-Open Video Conference/input_Lastname")): Object: 'Object Repository/10-Open Video Conference/input_Lastname' is clicked on

2022-12-26 18:18:24 - [MESSAGE][PASSED] - Object: 'Object Repository/10-Open Video Conference/input_Lastname' is clicked on

2022-12-26 18:18:24 - [TEST_STEP][PASSED] - click(findTestObject("10-Open Video Conference/input_emailPhonenumber")): Object: 'Object Repository/10-Open Video Conference/input_emailPhonenumber' is clicked on

2022-12-26 18:18:25 - [MESSAGE][PASSED] - Object: 'Object Repository/10-Open Video Conference/input_emailPhonenumber' is clicked on

2022-12-26 18:18:25 - [TEST_STEP][PASSED] - verifyElementVisible(findTestObject("10-Open Video Conference/mat-error_Field is required")): Object 'Object Repository/10-Open Video Conference/mat-error_Field is required' is visible

2022-12-26 18:18:26 - [MESSAGE][PASSED] - Object 'Object Repository/10-Open Video Conference/mat-error_Field is required' is visible

2022-12-26 18:18:26 - [TEST_STEP][PASSED] - clickOffset(findTestObject("10-Open Video Conference/input_Meeting Title"), 10, 10): Object: 'Object Repository/10-Open Video Conference/input_Meeting Title' is clicked on using offset x=10 and y=10

2022-12-26 18:18:27 - [MESSAGE][PASSED] - Object: 'Object Repository/10-Open Video Conference/input_Meeting Title' is clicked on using offset x=10 and y=10

2022-12-26 18:18:27 - [TEST_STEP][PASSED] - verifyElementVisible(findTestObject("10-Open Video Conference/error_Enter a valid emailEnter a valid phone number (eg 13330001234)")): Object 'Object Repository/10-Open Video Conference/error_Enter a valid emailEnter a valid phone number (eg 13330001234)' is visible

2022-12-26 18:18:28 - [MESSAGE][PASSED] - Object 'Object Repository/10-Open Video Conference/error_Enter a valid emailEnter a valid phone number (eg 13330001234)' is visible

2022-12-26 18:18:28 - [TEST_STEP][PASSED] - clickOffset(findTestObject("10-Open Video Conference/input_Lastname"), 10, 10): Object: 'Object Repository/10-Open Video Conference/input_Lastname' is clicked on using offset x=10 and y=10

2022-12-26 18:18:29 - [MESSAGE][PASSED] - Object: 'Object Repository/10-Open Video Conference/input_Lastname' is clicked on using offset x=10 and y=10

2022-12-26 18:18:29 - [TEST_STEP][PASSED] - delay(2): Delayed 2 second(s)

2022-12-26 18:18:31 - [MESSAGE][PASSED] - Delayed 2 second(s)

2022-12-26 18:18:31 - [TEST_STEP][PASSED] - click(findTestObject("10-Open Video Conference/div_Schedule")): Object: 'Object Repository/10-Open Video Conference/div_Schedule' is clicked on

2022-12-26 18:18:32 - [MESSAGE][PASSED] - Object: 'Object Repository/10-Open Video Conference/div_Schedule' is clicked on

2022-12-26 18:18:32 - [TEST_STEP][PASSED] - verifyElementVisible(findTestObject("10-Open Video Conference/button_Start Date")): Object 'Object Repository/10-Open Video Conference/button_Start Date' is visible

2022-12-26 18:18:33 - [MESSAGE][PASSED] - Object 'Object Repository/10-Open Video Conference/button_Start Date' is visible

2022-12-26 18:18:33 - [TEST_STEP][PASSED] - clickOffset(findTestObject("10-Open Video Conference/input_Meeting Title"), 10, 10): Object: 'Object Repository/10-Open Video Conference/input_Meeting Title' is clicked on using offset x=10 and y=10

2022-12-26 18:18:33 - [MESSAGE][PASSED] - Object: 'Object Repository/10-Open Video Conference/input_Meeting Title' is clicked on using offset x=10 and y=10

2022-12-26 18:18:33 - [TEST_STEP][PASSED] - verifyElementVisible(findTestObject("10-Open Video Conference/button_End Date")): Object 'Object Repository/10-Open Video Conference/button_End Date' is visible

2022-12-26 18:18:34 - [MESSAGE][PASSED] - Object 'Object Repository/10-Open Video Conference/button_End Date' is visible

2022-12-26 18:18:34 - [TEST_STEP][PASSED] - verifyElementNotClickable(findTestObject("10-Open Video Conference/button_Create meeting")): Object 'Object Repository/10-Open Video Conference/button_Create meeting' is NOT clickable

2022-12-26 18:18:35 - [MESSAGE][PASSED] - Object 'Object Repository/10-Open Video Conference/button_Create meeting' is NOT clickable

2022-12-26 18:18:35 - [TEST_STEP][PASSED] - clickOffset(findTestObject("10-Open Video Conference/input_Meeting Title"), 10, 10): Object: 'Object Repository/10-Open Video Conference/input_Meeting Title' is clicked on using offset x=10 and y=10

2022-12-26 18:18:36 - [MESSAGE][PASSED] - Object: 'Object Repository/10-Open Video Conference/input_Meeting Title' is clicked on using offset x=10 and y=10

2022-12-26 18:18:36 - [TEST_STEP][PASSED] - verifyElementVisible(findTestObject("10-Open Video Conference/div_recurrence_dropdown")): Object 'Object Repository/10-Open Video Conference/div_recurrence_dropdown' is visible

2022-12-26 18:18:37 - [MESSAGE][PASSED] - Object 'Object Repository/10-Open Video Conference/div_recurrence_dropdown' is visible]]></system-out>
         <system-err><![CDATA[]]></system-err>
      </testcase>
      <testcase name="Test Cases/10-Open Video Conference/02-Invalid email" time="7.643" classname="Test Cases/10-Open Video Conference/02-Invalid email" status="PASSED">
         <system-out><![CDATA[2022-12-26 18:18:37 - [TEST_CASE][PASSED] - Test Cases/10-Open Video Conference/02-Invalid email: Test Cases/10-Open Video Conference/02-Invalid email

2022-12-26 18:18:39 - [TEST_STEP][PASSED] - delay(3): Delayed 3 second(s)

2022-12-26 18:18:42 - [MESSAGE][PASSED] - Delayed 3 second(s)

2022-12-26 18:18:42 - [TEST_STEP][PASSED] - verifyElementVisible(findTestObject("10-Open Video Conference/h5_New Guests")): Object 'Object Repository/10-Open Video Conference/h5_New Guests' is visible

2022-12-26 18:18:43 - [MESSAGE][PASSED] - Object 'Object Repository/10-Open Video Conference/h5_New Guests' is visible

2022-12-26 18:18:43 - [TEST_STEP][PASSED] - setText(findTestObject("10-Open Video Conference/input_emailPhonenumber"), "invalidemail123.com"): Text 'invalidemail123.com' is set on object 'Object Repository/10-Open Video Conference/input_emailPhonenumber'

2022-12-26 18:18:44 - [MESSAGE][PASSED] - Text 'invalidemail123.com' is set on object 'Object Repository/10-Open Video Conference/input_emailPhonenumber'

2022-12-26 18:18:44 - [TEST_STEP][PASSED] - verifyElementVisible(findTestObject("10-Open Video Conference/mat-error_Enter a valid email")): Object 'Object Repository/10-Open Video Conference/mat-error_Enter a valid email' is visible

2022-12-26 18:18:45 - [MESSAGE][PASSED] - Object 'Object Repository/10-Open Video Conference/mat-error_Enter a valid email' is visible]]></system-out>
         <system-err><![CDATA[]]></system-err>
      </testcase>
      <testcase name="Test Cases/10-Open Video Conference/03-Invalid phone number" time="7.276" classname="Test Cases/10-Open Video Conference/03-Invalid phone number" status="PASSED">
         <system-out><![CDATA[2022-12-26 18:18:45 - [TEST_CASE][PASSED] - Test Cases/10-Open Video Conference/03-Invalid phone number: Test Cases/10-Open Video Conference/03-Invalid phone number

2022-12-26 18:18:46 - [TEST_STEP][PASSED] - delay(3): Delayed 3 second(s)

2022-12-26 18:18:50 - [MESSAGE][PASSED] - Delayed 3 second(s)

2022-12-26 18:18:50 - [TEST_STEP][PASSED] - verifyElementVisible(findTestObject("10-Open Video Conference/h5_New Guests")): Object 'Object Repository/10-Open Video Conference/h5_New Guests' is visible

2022-12-26 18:18:50 - [MESSAGE][PASSED] - Object 'Object Repository/10-Open Video Conference/h5_New Guests' is visible

2022-12-26 18:18:50 - [TEST_STEP][PASSED] - setText(findTestObject("10-Open Video Conference/input_emailPhonenumber"), "+123456789"): Text '+123456789' is set on object 'Object Repository/10-Open Video Conference/input_emailPhonenumber'

2022-12-26 18:18:52 - [MESSAGE][PASSED] - Text '+123456789' is set on object 'Object Repository/10-Open Video Conference/input_emailPhonenumber'

2022-12-26 18:18:52 - [TEST_STEP][PASSED] - verifyElementVisible(findTestObject("10-Open Video Conference/mat-error_Enter a valid phone number (eg 13330001234)")): Object 'Object Repository/10-Open Video Conference/mat-error_Enter a valid phone number (eg 13330001234)' is visible

2022-12-26 18:18:52 - [MESSAGE][PASSED] - Object 'Object Repository/10-Open Video Conference/mat-error_Enter a valid phone number (eg 13330001234)' is visible]]></system-out>
         <system-err><![CDATA[]]></system-err>
      </testcase>
      <testcase name="Test Cases/10-Open Video Conference/04-Schedule a Meeting(Now)" time="56.376" classname="Test Cases/10-Open Video Conference/04-Schedule a Meeting(Now)" status="PASSED">
         <system-out><![CDATA[2022-12-26 18:18:52 - [TEST_CASE][PASSED] - Test Cases/10-Open Video Conference/04-Schedule a Meeting(Now): Test Cases/10-Open Video Conference/04-Schedule a Meeting(Now)

2022-12-26 18:18:54 - [TEST_STEP][PASSED] - delay(3): Delayed 3 second(s)

2022-12-26 18:18:57 - [MESSAGE][PASSED] - Delayed 3 second(s)

2022-12-26 18:18:57 - [TEST_STEP][PASSED] - verifyElementVisible(findTestObject("10-Open Video Conference/h5_Meeting Title")): Object 'Object Repository/10-Open Video Conference/h5_Meeting Title' is visible

2022-12-26 18:18:58 - [MESSAGE][PASSED] - Object 'Object Repository/10-Open Video Conference/h5_Meeting Title' is visible

2022-12-26 18:18:58 - [TEST_STEP][PASSED] - setText(findTestObject("10-Open Video Conference/input_Meeting Title"), "Automation Meeting"): Text 'Automation Meeting' is set on object 'Object Repository/10-Open Video Conference/input_Meeting Title'

2022-12-26 18:18:59 - [MESSAGE][PASSED] - Text 'Automation Meeting' is set on object 'Object Repository/10-Open Video Conference/input_Meeting Title'

2022-12-26 18:18:59 - [TEST_STEP][PASSED] - click(findTestObject("10-Open Video Conference/div_Now")): Object: 'Object Repository/10-Open Video Conference/div_Now' is clicked on

2022-12-26 18:19:00 - [MESSAGE][PASSED] - Object: 'Object Repository/10-Open Video Conference/div_Now' is clicked on

2022-12-26 18:19:00 - [TEST_STEP][PASSED] - delay(3): Delayed 3 second(s)

2022-12-26 18:19:03 - [MESSAGE][PASSED] - Delayed 3 second(s)

2022-12-26 18:19:03 - [TEST_STEP][PASSED] - verifyElementVisible(findTestObject("10-Open Video Conference/h5_Current Contacts")): Object 'Object Repository/10-Open Video Conference/h5_Current Contacts' is visible

2022-12-26 18:19:04 - [MESSAGE][PASSED] - Object 'Object Repository/10-Open Video Conference/h5_Current Contacts' is visible

2022-12-26 18:19:04 - [TEST_STEP][PASSED] - click(findTestObject("10-Open Video Conference/input_Current Contacts_inputSearchContacts")): Object: 'Object Repository/10-Open Video Conference/input_Current Contacts_inputSearchContacts' is clicked on

2022-12-26 18:19:05 - [MESSAGE][PASSED] - Object: 'Object Repository/10-Open Video Conference/input_Current Contacts_inputSearchContacts' is clicked on

2022-12-26 18:19:05 - [TEST_STEP][PASSED] - click(findTestObject("10-Open Video Conference/span_GG tester")): Object: 'Object Repository/10-Open Video Conference/span_GG tester' is clicked on

2022-12-26 18:19:06 - [MESSAGE][PASSED] - Object: 'Object Repository/10-Open Video Conference/span_GG tester' is clicked on

2022-12-26 18:19:06 - [TEST_STEP][PASSED] - delay(2): Delayed 2 second(s)

2022-12-26 18:19:08 - [MESSAGE][PASSED] - Delayed 2 second(s)

2022-12-26 18:19:08 - [TEST_STEP][PASSED] - clickOffset(findTestObject("10-Open Video Conference/h5_Meeting Title"), 10, 10): Object: 'Object Repository/10-Open Video Conference/h5_Meeting Title' is clicked on using offset x=10 and y=10

2022-12-26 18:19:08 - [MESSAGE][PASSED] - Object: 'Object Repository/10-Open Video Conference/h5_Meeting Title' is clicked on using offset x=10 and y=10

2022-12-26 18:19:08 - [TEST_STEP][PASSED] - delay(3): Delayed 3 second(s)

2022-12-26 18:19:11 - [MESSAGE][PASSED] - Delayed 3 second(s)

2022-12-26 18:19:11 - [TEST_STEP][PASSED] - scrollToElement(findTestObject("10-Open Video Conference/h5_New Guests"), 0): Scroll to object 'Object Repository/10-Open Video Conference/h5_New Guests' successfully

2022-12-26 18:19:12 - [MESSAGE][WARNING] - Timeout '0' is invalid. Using default page load timeout: '30'

2022-12-26 18:19:12 - [MESSAGE][PASSED] - Scroll to object 'Object Repository/10-Open Video Conference/h5_New Guests' successfully

2022-12-26 18:19:12 - [TEST_STEP][PASSED] - verifyElementVisible(findTestObject("10-Open Video Conference/h5_New Guests")): Object 'Object Repository/10-Open Video Conference/h5_New Guests' is visible

2022-12-26 18:19:13 - [MESSAGE][PASSED] - Object 'Object Repository/10-Open Video Conference/h5_New Guests' is visible

2022-12-26 18:19:13 - [TEST_STEP][PASSED] - delay(2): Delayed 2 second(s)

2022-12-26 18:19:15 - [MESSAGE][PASSED] - Delayed 2 second(s)

2022-12-26 18:19:15 - [TEST_STEP][PASSED] - setText(findTestObject("10-Open Video Conference/input_Firstname"), "Automation"): Text 'Automation' is set on object 'Object Repository/10-Open Video Conference/input_Firstname'

2022-12-26 18:19:16 - [MESSAGE][PASSED] - Text 'Automation' is set on object 'Object Repository/10-Open Video Conference/input_Firstname'

2022-12-26 18:19:16 - [TEST_STEP][PASSED] - setText(findTestObject("10-Open Video Conference/input_Lastname"), "Tester"): Text 'Tester' is set on object 'Object Repository/10-Open Video Conference/input_Lastname'

2022-12-26 18:19:18 - [MESSAGE][PASSED] - Text 'Tester' is set on object 'Object Repository/10-Open Video Conference/input_Lastname'

2022-12-26 18:19:18 - [TEST_STEP][PASSED] - setText(findTestObject("10-Open Video Conference/input_emailPhonenumber"), "09785467654"): Text '09785467654' is set on object 'Object Repository/10-Open Video Conference/input_emailPhonenumber'

2022-12-26 18:19:19 - [MESSAGE][PASSED] - Text '09785467654' is set on object 'Object Repository/10-Open Video Conference/input_emailPhonenumber'

2022-12-26 18:19:19 - [TEST_STEP][PASSED] - click(findTestObject("10-Open Video Conference/button_remove_new guests")): Object: 'Object Repository/10-Open Video Conference/button_remove_new guests' is clicked on

2022-12-26 18:19:20 - [MESSAGE][PASSED] - Object: 'Object Repository/10-Open Video Conference/button_remove_new guests' is clicked on

2022-12-26 18:19:20 - [TEST_STEP][PASSED] - delay(3): Delayed 3 second(s)

2022-12-26 18:19:23 - [MESSAGE][PASSED] - Delayed 3 second(s)

2022-12-26 18:19:23 - [TEST_STEP][PASSED] - setText(findTestObject("10-Open Video Conference/input_Firstname"), "Automation"): Text 'Automation' is set on object 'Object Repository/10-Open Video Conference/input_Firstname'

2022-12-26 18:19:25 - [MESSAGE][PASSED] - Text 'Automation' is set on object 'Object Repository/10-Open Video Conference/input_Firstname'

2022-12-26 18:19:25 - [TEST_STEP][PASSED] - setText(findTestObject("10-Open Video Conference/input_Lastname"), "Tester"): Text 'Tester' is set on object 'Object Repository/10-Open Video Conference/input_Lastname'

2022-12-26 18:19:26 - [MESSAGE][PASSED] - Text 'Tester' is set on object 'Object Repository/10-Open Video Conference/input_Lastname'

2022-12-26 18:19:26 - [TEST_STEP][PASSED] - setText(findTestObject("10-Open Video Conference/input_emailPhonenumber"), "09785467654"): Text '09785467654' is set on object 'Object Repository/10-Open Video Conference/input_emailPhonenumber'

2022-12-26 18:19:28 - [MESSAGE][PASSED] - Text '09785467654' is set on object 'Object Repository/10-Open Video Conference/input_emailPhonenumber'

2022-12-26 18:19:28 - [TEST_STEP][PASSED] - delay(3): Delayed 3 second(s)

2022-12-26 18:19:31 - [MESSAGE][PASSED] - Delayed 3 second(s)

2022-12-26 18:19:31 - [TEST_STEP][PASSED] - click(findTestObject("10-Open Video Conference/button_add_new guests")): Object: 'Object Repository/10-Open Video Conference/button_add_new guests' is clicked on

2022-12-26 18:19:32 - [MESSAGE][PASSED] - Object: 'Object Repository/10-Open Video Conference/button_add_new guests' is clicked on

2022-12-26 18:19:32 - [TEST_STEP][PASSED] - delay(4): Delayed 4 second(s)

2022-12-26 18:19:36 - [MESSAGE][PASSED] - Delayed 4 second(s)

2022-12-26 18:19:36 - [TEST_STEP][PASSED] - scrollToElement(findTestObject("10-Open Video Conference/h5_Meeting Title"), 0): Scroll to object 'Object Repository/10-Open Video Conference/h5_Meeting Title' successfully

2022-12-26 18:19:36 - [MESSAGE][WARNING] - Timeout '0' is invalid. Using default page load timeout: '30'

2022-12-26 18:19:37 - [MESSAGE][PASSED] - Scroll to object 'Object Repository/10-Open Video Conference/h5_Meeting Title' successfully

2022-12-26 18:19:37 - [TEST_STEP][PASSED] - click(findTestObject("10-Open Video Conference/button_Create meeting")): Object: 'Object Repository/10-Open Video Conference/button_Create meeting' is clicked on

2022-12-26 18:19:38 - [MESSAGE][PASSED] - Object: 'Object Repository/10-Open Video Conference/button_Create meeting' is clicked on

2022-12-26 18:19:38 - [TEST_STEP][PASSED] - delay(3): Delayed 3 second(s)

2022-12-26 18:19:41 - [MESSAGE][PASSED] - Delayed 3 second(s)

2022-12-26 18:19:41 - [TEST_STEP][PASSED] - verifyElementVisible(findTestObject("10-Open Video Conference/div_link_meetingroom")): Object 'Object Repository/10-Open Video Conference/div_link_meetingroom' is visible

2022-12-26 18:19:42 - [MESSAGE][PASSED] - Object 'Object Repository/10-Open Video Conference/div_link_meetingroom' is visible

2022-12-26 18:19:42 - [TEST_STEP][PASSED] - delay(2): Delayed 2 second(s)

2022-12-26 18:19:44 - [MESSAGE][PASSED] - Delayed 2 second(s)

2022-12-26 18:19:44 - [TEST_STEP][PASSED] - click(findTestObject("10-Open Video Conference/button_Create another meeting")): Object: 'Object Repository/10-Open Video Conference/button_Create another meeting' is clicked on

2022-12-26 18:19:45 - [MESSAGE][PASSED] - Object: 'Object Repository/10-Open Video Conference/button_Create another meeting' is clicked on

2022-12-26 18:19:45 - [TEST_STEP][PASSED] - delay(4): Delayed 4 second(s)

2022-12-26 18:19:49 - [MESSAGE][PASSED] - Delayed 4 second(s)]]></system-out>
         <system-err><![CDATA[]]></system-err>
      </testcase>
      <testcase name="Test Cases/10-Open Video Conference/05-Schedule a Meeting(Schedule)" time="58.599" classname="Test Cases/10-Open Video Conference/05-Schedule a Meeting(Schedule)" status="PASSED">
         <system-out><![CDATA[2022-12-26 18:19:49 - [TEST_CASE][PASSED] - Test Cases/10-Open Video Conference/05-Schedule a Meeting(Schedule): Test Cases/10-Open Video Conference/05-Schedule a Meeting(Schedule)

2022-12-26 18:19:51 - [TEST_STEP][PASSED] - delay(3): Delayed 3 second(s)

2022-12-26 18:19:54 - [MESSAGE][PASSED] - Delayed 3 second(s)

2022-12-26 18:19:54 - [TEST_STEP][PASSED] - verifyElementVisible(findTestObject("10-Open Video Conference/h5_Meeting Title")): Object 'Object Repository/10-Open Video Conference/h5_Meeting Title' is visible

2022-12-26 18:19:55 - [MESSAGE][PASSED] - Object 'Object Repository/10-Open Video Conference/h5_Meeting Title' is visible

2022-12-26 18:19:55 - [TEST_STEP][PASSED] - click(findTestObject("10-Open Video Conference/div_Schedule")): Object: 'Object Repository/10-Open Video Conference/div_Schedule' is clicked on

2022-12-26 18:19:56 - [MESSAGE][PASSED] - Object: 'Object Repository/10-Open Video Conference/div_Schedule' is clicked on

2022-12-26 18:19:56 - [TEST_STEP][PASSED] - setText(findTestObject("10-Open Video Conference/input_Meeting Title"), "Automation Meeting"): Text 'Automation Meeting' is set on object 'Object Repository/10-Open Video Conference/input_Meeting Title'

2022-12-26 18:19:58 - [MESSAGE][PASSED] - Text 'Automation Meeting' is set on object 'Object Repository/10-Open Video Conference/input_Meeting Title'

2022-12-26 18:19:58 - [TEST_STEP][PASSED] - delay(3): Delayed 3 second(s)

2022-12-26 18:20:01 - [MESSAGE][PASSED] - Delayed 3 second(s)

2022-12-26 18:20:01 - [TEST_STEP][PASSED] - click(findTestObject("10-Open Video Conference/button_Start Date")): Object: 'Object Repository/10-Open Video Conference/button_Start Date' is clicked on

2022-12-26 18:20:03 - [MESSAGE][PASSED] - Object: 'Object Repository/10-Open Video Conference/button_Start Date' is clicked on

2022-12-26 18:20:03 - [TEST_STEP][PASSED] - verifyElementVisible(findTestObject("05-Chat/08-Schedule a meeting/calendar modal")): Object 'Object Repository/05-Chat/08-Schedule a meeting/calendar modal' is visible

2022-12-26 18:20:04 - [MESSAGE][PASSED] - Object 'Object Repository/05-Chat/08-Schedule a meeting/calendar modal' is visible

2022-12-26 18:20:04 - [TEST_STEP][PASSED] - delay(3): Delayed 3 second(s)

2022-12-26 18:20:07 - [MESSAGE][PASSED] - Delayed 3 second(s)

2022-12-26 18:20:07 - [TEST_STEP][PASSED] - doubleClick(findTestObject("10-Open Video Conference/button_End Date")): Object: 'Object Repository/10-Open Video Conference/button_End Date' is double clicked on

2022-12-26 18:20:08 - [MESSAGE][PASSED] - Object: 'Object Repository/10-Open Video Conference/button_End Date' is double clicked on

2022-12-26 18:20:08 - [TEST_STEP][PASSED] - verifyElementVisible(findTestObject("05-Chat/08-Schedule a meeting/calendar modal")): Object 'Object Repository/05-Chat/08-Schedule a meeting/calendar modal' is visible

2022-12-26 18:20:09 - [MESSAGE][PASSED] - Object 'Object Repository/05-Chat/08-Schedule a meeting/calendar modal' is visible

2022-12-26 18:20:09 - [TEST_STEP][PASSED] - delay(3): Delayed 3 second(s)

2022-12-26 18:20:12 - [MESSAGE][PASSED] - Delayed 3 second(s)

2022-12-26 18:20:12 - [TEST_STEP][PASSED] - doubleClick(findTestObject("10-Open Video Conference/div_recurrence_dropdown")): Object: 'Object Repository/10-Open Video Conference/div_recurrence_dropdown' is double clicked on

2022-12-26 18:20:13 - [MESSAGE][PASSED] - Object: 'Object Repository/10-Open Video Conference/div_recurrence_dropdown' is double clicked on

2022-12-26 18:20:13 - [TEST_STEP][PASSED] - click(findTestObject("10-Open Video Conference/span_Does not repeat")): Object: 'Object Repository/10-Open Video Conference/span_Does not repeat' is clicked on

2022-12-26 18:20:14 - [MESSAGE][PASSED] - Object: 'Object Repository/10-Open Video Conference/span_Does not repeat' is clicked on

2022-12-26 18:20:14 - [TEST_STEP][PASSED] - delay(3): Delayed 3 second(s)

2022-12-26 18:20:17 - [MESSAGE][PASSED] - Delayed 3 second(s)

2022-12-26 18:20:17 - [TEST_STEP][PASSED] - scrollToElement(findTestObject("10-Open Video Conference/h5_New Guests"), 0): Scroll to object 'Object Repository/10-Open Video Conference/h5_New Guests' successfully

2022-12-26 18:20:17 - [MESSAGE][WARNING] - Timeout '0' is invalid. Using default page load timeout: '30'

2022-12-26 18:20:18 - [MESSAGE][PASSED] - Scroll to object 'Object Repository/10-Open Video Conference/h5_New Guests' successfully

2022-12-26 18:20:18 - [TEST_STEP][PASSED] - verifyElementVisible(findTestObject("10-Open Video Conference/h5_Current Contacts")): Object 'Object Repository/10-Open Video Conference/h5_Current Contacts' is visible

2022-12-26 18:20:18 - [MESSAGE][PASSED] - Object 'Object Repository/10-Open Video Conference/h5_Current Contacts' is visible

2022-12-26 18:20:18 - [TEST_STEP][PASSED] - click(findTestObject("10-Open Video Conference/input_Current Contacts_inputSearchContacts")): Object: 'Object Repository/10-Open Video Conference/input_Current Contacts_inputSearchContacts' is clicked on

2022-12-26 18:20:20 - [MESSAGE][PASSED] - Object: 'Object Repository/10-Open Video Conference/input_Current Contacts_inputSearchContacts' is clicked on

2022-12-26 18:20:20 - [TEST_STEP][PASSED] - click(findTestObject("10-Open Video Conference/span_GG tester 2")): Object: 'Object Repository/10-Open Video Conference/span_GG tester 2' is clicked on

2022-12-26 18:20:21 - [MESSAGE][PASSED] - Object: 'Object Repository/10-Open Video Conference/span_GG tester 2' is clicked on

2022-12-26 18:20:21 - [TEST_STEP][PASSED] - clickOffset(findTestObject("10-Open Video Conference/h5_Current Contacts"), 10, 10): Object: 'Object Repository/10-Open Video Conference/h5_Current Contacts' is clicked on using offset x=10 and y=10

2022-12-26 18:20:21 - [MESSAGE][PASSED] - Object: 'Object Repository/10-Open Video Conference/h5_Current Contacts' is clicked on using offset x=10 and y=10

2022-12-26 18:20:21 - [TEST_STEP][PASSED] - delay(3): Delayed 3 second(s)

2022-12-26 18:20:24 - [MESSAGE][PASSED] - Delayed 3 second(s)

2022-12-26 18:20:24 - [TEST_STEP][PASSED] - verifyElementVisible(findTestObject("10-Open Video Conference/h5_New Guests")): Object 'Object Repository/10-Open Video Conference/h5_New Guests' is visible

2022-12-26 18:20:25 - [MESSAGE][PASSED] - Object 'Object Repository/10-Open Video Conference/h5_New Guests' is visible

2022-12-26 18:20:25 - [TEST_STEP][PASSED] - setText(findTestObject("10-Open Video Conference/input_Firstname"), "Automation"): Text 'Automation' is set on object 'Object Repository/10-Open Video Conference/input_Firstname'

2022-12-26 18:20:27 - [MESSAGE][PASSED] - Text 'Automation' is set on object 'Object Repository/10-Open Video Conference/input_Firstname'

2022-12-26 18:20:27 - [TEST_STEP][PASSED] - setText(findTestObject("10-Open Video Conference/input_Lastname"), "Tester"): Text 'Tester' is set on object 'Object Repository/10-Open Video Conference/input_Lastname'

2022-12-26 18:20:29 - [MESSAGE][PASSED] - Text 'Tester' is set on object 'Object Repository/10-Open Video Conference/input_Lastname'

2022-12-26 18:20:29 - [TEST_STEP][PASSED] - setText(findTestObject("10-Open Video Conference/input_emailPhonenumber"), "09785467654"): Text '09785467654' is set on object 'Object Repository/10-Open Video Conference/input_emailPhonenumber'

2022-12-26 18:20:30 - [MESSAGE][PASSED] - Text '09785467654' is set on object 'Object Repository/10-Open Video Conference/input_emailPhonenumber'

2022-12-26 18:20:30 - [TEST_STEP][PASSED] - delay(3): Delayed 3 second(s)

2022-12-26 18:20:33 - [MESSAGE][PASSED] - Delayed 3 second(s)

2022-12-26 18:20:33 - [TEST_STEP][PASSED] - scrollToElement(findTestObject("10-Open Video Conference/h5_Meeting Title"), 0): Scroll to object 'Object Repository/10-Open Video Conference/h5_Meeting Title' successfully

2022-12-26 18:20:34 - [MESSAGE][WARNING] - Timeout '0' is invalid. Using default page load timeout: '30'

2022-12-26 18:20:34 - [MESSAGE][PASSED] - Scroll to object 'Object Repository/10-Open Video Conference/h5_Meeting Title' successfully

2022-12-26 18:20:34 - [TEST_STEP][PASSED] - click(findTestObject("10-Open Video Conference/button_Create meeting")): Object: 'Object Repository/10-Open Video Conference/button_Create meeting' is clicked on

2022-12-26 18:20:35 - [MESSAGE][PASSED] - Object: 'Object Repository/10-Open Video Conference/button_Create meeting' is clicked on

2022-12-26 18:20:35 - [TEST_STEP][PASSED] - delay(3): Delayed 3 second(s)

2022-12-26 18:20:38 - [MESSAGE][PASSED] - Delayed 3 second(s)

2022-12-26 18:20:38 - [TEST_STEP][PASSED] - verifyElementVisible(findTestObject("10-Open Video Conference/div_link_meetingroom")): Object 'Object Repository/10-Open Video Conference/div_link_meetingroom' is visible

2022-12-26 18:20:39 - [MESSAGE][PASSED] - Object 'Object Repository/10-Open Video Conference/div_link_meetingroom' is visible

2022-12-26 18:20:39 - [TEST_STEP][PASSED] - delay(2): Delayed 2 second(s)

2022-12-26 18:20:41 - [MESSAGE][PASSED] - Delayed 2 second(s)

2022-12-26 18:20:41 - [TEST_STEP][PASSED] - click(findTestObject("10-Open Video Conference/button_Create another meeting")): Object: 'Object Repository/10-Open Video Conference/button_Create another meeting' is clicked on

2022-12-26 18:20:42 - [MESSAGE][PASSED] - Object: 'Object Repository/10-Open Video Conference/button_Create another meeting' is clicked on

2022-12-26 18:20:42 - [TEST_STEP][PASSED] - delay(4): Delayed 4 second(s)

2022-12-26 18:20:46 - [MESSAGE][PASSED] - Delayed 4 second(s)

2022-12-26 18:20:46 - [TEST_STEP][PASSED] - closeBrowser(): Browser is closed

2022-12-26 18:20:47 - [MESSAGE][PASSED] - Browser is closed]]></system-out>
         <system-err><![CDATA[]]></system-err>
      </testcase>
      <system-out><![CDATA[2022-12-26 18:15:53 - [TEST_SUITE][PASSED] - 10-Open Video Conference: Test Cases/10-Open Video Conference/05-Schedule a Meeting(Schedule)]]></system-out>
      <system-err><![CDATA[]]></system-err>
   </testsuite>
</testsuites>
