<?xml version="1.0" encoding="UTF-8"?>
<testsuites name="12.2-EL Sign (Received Documents)" time="493.627" tests="5" failures="0" errors="0">
   <testsuite name="12.2-EL Sign (Received Documents)" tests="5" failures="0" errors="0" time="493.627" skipped="0" timestamp="2023-01-19 13:02:11" hostname="asus - DESKTOP-3L3J9C1" id="Test Suites/TS-Organization/12.2-EL Sign (Received Documents)">
      <properties>
         <property name="deviceName" value=""/>
         <property name="devicePlatform" value=""/>
         <property name="logFolder" value="C:\\Users\\asus\\Katalon Studio\\Everleagues\\Everleagues\\Reports\\20230119_130157\\TS-Organization\\12.2-EL Sign (Received Documents)\\20230119_130157"/>
         <property name="logFiles" value="C:\\Users\\asus\\Katalon Studio\\Everleagues\\Everleagues\\Reports\\20230119_130157\\TS-Organization\\12.2-EL Sign (Received Documents)\\20230119_130157\\execution0.log"/>
         <property name="attachments" value=""/>
         <property name="hostName" value="asus - DESKTOP-3L3J9C1"/>
         <property name="os" value="Windows 10 64bit"/>
         <property name="katalonVersion" value="8.4.1.208"/>
         <property name="browser" value="Chrome 109.0.0.0"/>
         <property name="hostAddress" value="192.168.5.88"/>
         <property name="sessionId" value="5973461ee7914b5ee34b6a9ab249eb73"/>
         <property name="seleniumVersion" value="3.141.59"/>
         <property name="proxyInformation" value="ProxyInformation { proxyOption=NO_PROXY, proxyServerType=HTTP, username=, password=********, proxyServerAddress=, proxyServerPort=0, executionList=&quot;&quot;, isApplyToDesiredCapabilities=true }"/>
         <property name="platform" value="Windows 10"/>
      </properties>
      <testcase name="Test Cases/12-EL Sign/10-Received Documents(Sign a Document)" time="425.593" classname="Test Cases/12-EL Sign/10-Received Documents(Sign a Document)" status="PASSED">
         <system-out><![CDATA[2023-01-19 13:02:12 - [TEST_CASE][PASSED] - Test Cases/12-EL Sign/10-Received Documents(Sign a Document): Test Cases/12-EL Sign/10-Received Documents(Sign a Document)

2023-01-19 13:02:14 - [TEST_STEP][PASSED] - openBrowser(""): Browser is opened with url: ''

2023-01-19 13:02:16 - [MESSAGE][INFO] - Starting 'Chrome' driver

2023-01-19 13:02:16 - [MESSAGE][INFO] - Action delay is set to 0 milliseconds

2023-01-19 13:02:23 - [MESSAGE][PASSED] - Browser is opened with url: ''

2023-01-19 13:02:23 - [TEST_STEP][PASSED] - navigateToUrl("https://lab.everleagues.com/"): Navigate to 'https://lab.everleagues.com/' successfully

2023-01-19 13:06:42 - [MESSAGE][PASSED] - Navigate to 'https://lab.everleagues.com/' successfully

2023-01-19 13:06:42 - [TEST_STEP][PASSED] - maximizeWindow(): Current window maximized

2023-01-19 13:06:42 - [MESSAGE][PASSED] - Current window maximized

2023-01-19 13:06:42 - [TEST_STEP][PASSED] - callTestCase(findTestCase("01-Login and Forgot Password/Login(Valid Credentials-With Subscription)"), [:], STOP_ON_FAILURE): Call Test Case 'Test Cases/01-Login and Forgot Password/Login(Valid Credentials-With Subscription)' successfully

2023-01-19 13:06:43 - [TEST_CASE][PASSED] - Test Cases/01-Login and Forgot Password/Login(Valid Credentials-With Subscription): Test Cases/01-Login and Forgot Password/Login(Valid Credentials-With Subscription)

2023-01-19 13:06:45 - [TEST_STEP][PASSED] - setText(findTestObject("01-Login and Forgot Password/input_Email_email"), "testuser02@mailinator.com"): Text 'testuser02@mailinator.com' is set on object 'Object Repository/01-Login and Forgot Password/input_Email_email'

2023-01-19 13:06:48 - [MESSAGE][PASSED] - Text 'testuser02@mailinator.com' is set on object 'Object Repository/01-Login and Forgot Password/input_Email_email'

2023-01-19 13:06:48 - [TEST_STEP][PASSED] - setEncryptedText(findTestObject("01-Login and Forgot Password/input_Email_password"), "8yFRyszE6U6jvsCn51OQbg=="): Text ****** has been set on object 'Object Repository/01-Login and Forgot Password/input_Email_password'

2023-01-19 13:06:49 - [MESSAGE][PASSED] - Text ****** has been set on object 'Object Repository/01-Login and Forgot Password/input_Email_password'

2023-01-19 13:06:49 - [TEST_STEP][PASSED] - delay(2): Delayed 2 second(s)

2023-01-19 13:06:51 - [MESSAGE][PASSED] - Delayed 2 second(s)

2023-01-19 13:06:51 - [TEST_STEP][PASSED] - click(findTestObject("01-Login and Forgot Password/show pass button")): Object: 'Object Repository/01-Login and Forgot Password/show pass button' is clicked on

2023-01-19 13:06:52 - [MESSAGE][PASSED] - Object: 'Object Repository/01-Login and Forgot Password/show pass button' is clicked on

2023-01-19 13:06:52 - [TEST_STEP][PASSED] - delay(3): Delayed 3 second(s)

2023-01-19 13:06:55 - [MESSAGE][PASSED] - Delayed 3 second(s)

2023-01-19 13:06:55 - [TEST_STEP][PASSED] - click(findTestObject("01-Login and Forgot Password/button_Sign in")): Object: 'Object Repository/01-Login and Forgot Password/button_Sign in' is clicked on

2023-01-19 13:06:57 - [MESSAGE][PASSED] - Object: 'Object Repository/01-Login and Forgot Password/button_Sign in' is clicked on

2023-01-19 13:06:57 - [TEST_STEP][PASSED] - delay(3): Delayed 3 second(s)

2023-01-19 13:07:00 - [MESSAGE][PASSED] - Delayed 3 second(s)

2023-01-19 13:07:00 - [TEST_STEP][PASSED] - click(findTestObject("06-Teams/For 2FA/button_Confirm_2FA")): Object: 'Object Repository/06-Teams/For 2FA/button_Confirm_2FA' is clicked on

2023-01-19 13:07:00 - [MESSAGE][PASSED] - Object: 'Object Repository/06-Teams/For 2FA/button_Confirm_2FA' is clicked on

2023-01-19 13:07:00 - [TEST_STEP][PASSED] - executeJavaScript("window.open();", []): Execute JavaScript 'window.open();' successfully

2023-01-19 13:07:01 - [MESSAGE][PASSED] - Execute JavaScript 'window.open();' successfully

2023-01-19 13:07:01 - [TEST_STEP][PASSED] - currentWindow = getWindowIndex(): Current window's index is: 0

2023-01-19 13:07:01 - [MESSAGE][PASSED] - Current window's index is: 0

2023-01-19 13:07:01 - [TEST_STEP][PASSED] - delay(3): Delayed 3 second(s)

2023-01-19 13:07:04 - [MESSAGE][PASSED] - Delayed 3 second(s)

2023-01-19 13:07:04 - [TEST_STEP][PASSED] - switchToWindowIndex(currentWindow + 1): Switched to window with index: '1'

2023-01-19 13:07:04 - [MESSAGE][PASSED] - Switched to window with index: '1'

2023-01-19 13:07:04 - [TEST_STEP][PASSED] - navigateToUrl("https://www.mailinator.com/"): Navigate to 'https://www.mailinator.com/' successfully

2023-01-19 13:07:10 - [MESSAGE][PASSED] - Navigate to 'https://www.mailinator.com/' successfully

2023-01-19 13:07:10 - [TEST_STEP][PASSED] - delay(3): Delayed 3 second(s)

2023-01-19 13:07:13 - [MESSAGE][PASSED] - Delayed 3 second(s)

2023-01-19 13:07:13 - [TEST_STEP][PASSED] - setText(findTestObject("00-Signup and Activation/zMailinator/input_LOGIN_search"), "testuser02@mailinator.com"): Text 'testuser02@mailinator.com' is set on object 'Object Repository/00-Signup and Activation/zMailinator/input_LOGIN_search'

2023-01-19 13:07:14 - [MESSAGE][PASSED] - Text 'testuser02@mailinator.com' is set on object 'Object Repository/00-Signup and Activation/zMailinator/input_LOGIN_search'

2023-01-19 13:07:14 - [TEST_STEP][PASSED] - click(findTestObject("00-Signup and Activation/zMailinator/gobutton"), STOP_ON_FAILURE): Object: 'Object Repository/00-Signup and Activation/zMailinator/gobutton' is clicked on

2023-01-19 13:07:18 - [MESSAGE][PASSED] - Object: 'Object Repository/00-Signup and Activation/zMailinator/gobutton' is clicked on

2023-01-19 13:07:18 - [TEST_STEP][PASSED] - delay(3): Delayed 3 second(s)

2023-01-19 13:07:21 - [MESSAGE][PASSED] - Delayed 3 second(s)

2023-01-19 13:07:21 - [TEST_STEP][PASSED] - click(findTestObject("00-Signup and Activation/zMailinator/Email - everleagues")): Object: 'Object Repository/00-Signup and Activation/zMailinator/Email - everleagues' is clicked on

2023-01-19 13:07:21 - [MESSAGE][PASSED] - Object: 'Object Repository/00-Signup and Activation/zMailinator/Email - everleagues' is clicked on

2023-01-19 13:07:21 - [TEST_STEP][PASSED] - delay(3): Delayed 3 second(s)

2023-01-19 13:07:24 - [MESSAGE][PASSED] - Delayed 3 second(s)

2023-01-19 13:07:24 - [TEST_STEP][PASSED] - code = getText(findTestObject("Object Repository/06-Teams/For 2FA/2FA code")): Text of object 'Object Repository/06-Teams/For 2FA/2FA code' is: '335012'

2023-01-19 13:07:26 - [MESSAGE][PASSED] - Text of object 'Object Repository/06-Teams/For 2FA/2FA code' is: '335012'

2023-01-19 13:07:26 - [TEST_STEP][PASSED] - delay(3): Delayed 3 second(s)

2023-01-19 13:07:29 - [MESSAGE][PASSED] - Delayed 3 second(s)

2023-01-19 13:07:29 - [TEST_STEP][PASSED] - closeWindowTitle("Mailinator"): Window with title: 'Mailinator' is closed

2023-01-19 13:07:29 - [MESSAGE][PASSED] - Window with title: 'Mailinator' is closed

2023-01-19 13:07:29 - [TEST_STEP][PASSED] - delay(3): Delayed 3 second(s)

2023-01-19 13:07:32 - [MESSAGE][PASSED] - Delayed 3 second(s)

2023-01-19 13:07:32 - [TEST_STEP][PASSED] - switchToWindowIndex(0): Switched to window with index: '0'

2023-01-19 13:07:32 - [MESSAGE][PASSED] - Switched to window with index: '0'

2023-01-19 13:07:32 - [TEST_STEP][PASSED] - delay(3): Delayed 3 second(s)

2023-01-19 13:07:35 - [MESSAGE][PASSED] - Delayed 3 second(s)

2023-01-19 13:07:35 - [TEST_STEP][PASSED] - setText(findTestObject("Object Repository/06-Teams/For 2FA/input_Enter verification code_code"), code): Text '335012' is set on object 'Object Repository/06-Teams/For 2FA/input_Enter verification code_code'

2023-01-19 13:07:37 - [MESSAGE][PASSED] - Text '335012' is set on object 'Object Repository/06-Teams/For 2FA/input_Enter verification code_code'

2023-01-19 13:07:37 - [TEST_STEP][PASSED] - delay(3): Delayed 3 second(s)

2023-01-19 13:07:40 - [MESSAGE][PASSED] - Delayed 3 second(s)

2023-01-19 13:07:40 - [TEST_STEP][PASSED] - click(findTestObject("06-Teams/For 2FA/button_Verify_2FA")): Object: 'Object Repository/06-Teams/For 2FA/button_Verify_2FA' is clicked on

2023-01-19 13:07:41 - [MESSAGE][PASSED] - Object: 'Object Repository/06-Teams/For 2FA/button_Verify_2FA' is clicked on

2023-01-19 13:07:41 - [TEST_STEP][PASSED] - delay(3): Delayed 3 second(s)

2023-01-19 13:07:44 - [MESSAGE][PASSED] - Delayed 3 second(s)

2023-01-19 13:07:44 - [MESSAGE][PASSED] - Call Test Case 'Test Cases/01-Login and Forgot Password/Login(Valid Credentials-With Subscription)' successfully

2023-01-19 13:07:44 - [TEST_STEP][PASSED] - click(findTestObject("06-Teams/button_doublearrow")): Object: 'Object Repository/06-Teams/button_doublearrow' is clicked on

2023-01-19 13:07:50 - [MESSAGE][PASSED] - Object: 'Object Repository/06-Teams/button_doublearrow' is clicked on

2023-01-19 13:07:50 - [TEST_STEP][PASSED] - click(findTestObject("06-Teams/button_My Organizations")): Object: 'Object Repository/06-Teams/button_My Organizations' is clicked on

2023-01-19 13:07:51 - [MESSAGE][PASSED] - Object: 'Object Repository/06-Teams/button_My Organizations' is clicked on

2023-01-19 13:07:51 - [TEST_STEP][PASSED] - click(findTestObject("02-Side Icons(Organization)/Add Contact/button_Automation Test Org")): Object: 'Object Repository/02-Side Icons(Organization)/Add Contact/button_Automation Test Org' is clicked on

2023-01-19 13:07:52 - [MESSAGE][PASSED] - Object: 'Object Repository/02-Side Icons(Organization)/Add Contact/button_Automation Test Org' is clicked on

2023-01-19 13:07:52 - [TEST_STEP][PASSED] - delay(4): Delayed 4 second(s)

2023-01-19 13:07:56 - [MESSAGE][PASSED] - Delayed 4 second(s)

2023-01-19 13:07:56 - [TEST_STEP][PASSED] - verifyElementVisible(findTestObject("02-Side Icons(Organization)/Add Contact/span_Automation Test Org")): Object 'Object Repository/02-Side Icons(Organization)/Add Contact/span_Automation Test Org' is visible

2023-01-19 13:07:57 - [MESSAGE][PASSED] - Object 'Object Repository/02-Side Icons(Organization)/Add Contact/span_Automation Test Org' is visible

2023-01-19 13:07:57 - [TEST_STEP][PASSED] - delay(5): Delayed 5 second(s)

2023-01-19 13:08:02 - [MESSAGE][PASSED] - Delayed 5 second(s)

2023-01-19 13:08:02 - [TEST_STEP][PASSED] - scrollToElement(findTestObject("03-Header Menu/Hamburger Button/div_ELSign"), 0): Scroll to object 'Object Repository/03-Header Menu/Hamburger Button/div_ELSign' successfully

2023-01-19 13:08:02 - [MESSAGE][WARNING] - Timeout '0' is invalid. Using default page load timeout: '30'

2023-01-19 13:08:03 - [MESSAGE][PASSED] - Scroll to object 'Object Repository/03-Header Menu/Hamburger Button/div_ELSign' successfully

2023-01-19 13:08:03 - [TEST_STEP][PASSED] - click(findTestObject("03-Header Menu/Hamburger Button/div_ELSign")): Object: 'Object Repository/03-Header Menu/Hamburger Button/div_ELSign' is clicked on

2023-01-19 13:08:04 - [MESSAGE][PASSED] - Object: 'Object Repository/03-Header Menu/Hamburger Button/div_ELSign' is clicked on

2023-01-19 13:08:04 - [TEST_STEP][PASSED] - verifyElementVisible(findTestObject("03-Header Menu/Hamburger Button/div_ELSign")): Object 'Object Repository/03-Header Menu/Hamburger Button/div_ELSign' is visible

2023-01-19 13:08:07 - [MESSAGE][PASSED] - Object 'Object Repository/03-Header Menu/Hamburger Button/div_ELSign' is visible

2023-01-19 13:08:07 - [TEST_STEP][PASSED] - verifyElementVisible(findTestObject("12-EL Sign/h4_ELSign")): Object 'Object Repository/12-EL Sign/h4_ELSign' is visible

2023-01-19 13:08:08 - [MESSAGE][PASSED] - Object 'Object Repository/12-EL Sign/h4_ELSign' is visible

2023-01-19 13:08:08 - [TEST_STEP][PASSED] - delay(3): Delayed 3 second(s)

2023-01-19 13:08:11 - [MESSAGE][PASSED] - Delayed 3 second(s)

2023-01-19 13:08:11 - [TEST_STEP][PASSED] - click(findTestObject("12-EL Sign/div_Received Documents")): Object: 'Object Repository/12-EL Sign/div_Received Documents' is clicked on

2023-01-19 13:08:12 - [MESSAGE][PASSED] - Object: 'Object Repository/12-EL Sign/div_Received Documents' is clicked on

2023-01-19 13:08:12 - [TEST_STEP][PASSED] - delay(3): Delayed 3 second(s)

2023-01-19 13:08:15 - [MESSAGE][PASSED] - Delayed 3 second(s)

2023-01-19 13:08:15 - [TEST_STEP][PASSED] - click(findTestObject("12-EL Sign/button_create")): Object: 'Object Repository/12-EL Sign/button_create' is clicked on

2023-01-19 13:08:16 - [MESSAGE][PASSED] - Object: 'Object Repository/12-EL Sign/button_create' is clicked on

2023-01-19 13:08:16 - [TEST_STEP][PASSED] - delay(3): Delayed 3 second(s)

2023-01-19 13:08:19 - [MESSAGE][PASSED] - Delayed 3 second(s)

2023-01-19 13:08:19 - [TEST_STEP][PASSED] - verifyElementVisible(findTestObject("12-EL Sign/div_EL Sign Consent")): Object 'Object Repository/12-EL Sign/div_EL Sign Consent' is visible

2023-01-19 13:08:20 - [MESSAGE][PASSED] - Object 'Object Repository/12-EL Sign/div_EL Sign Consent' is visible

2023-01-19 13:08:20 - [TEST_STEP][PASSED] - delay(3): Delayed 3 second(s)

2023-01-19 13:08:23 - [MESSAGE][PASSED] - Delayed 3 second(s)

2023-01-19 13:08:23 - [TEST_STEP][PASSED] - click(findTestObject("12-EL Sign/checkbox_I have read and agree to the above")): Object: 'Object Repository/12-EL Sign/checkbox_I have read and agree to the above' is clicked on

2023-01-19 13:08:24 - [MESSAGE][PASSED] - Object: 'Object Repository/12-EL Sign/checkbox_I have read and agree to the above' is clicked on

2023-01-19 13:08:24 - [TEST_STEP][PASSED] - delay(3): Delayed 3 second(s)

2023-01-19 13:08:27 - [MESSAGE][PASSED] - Delayed 3 second(s)

2023-01-19 13:08:27 - [TEST_STEP][PASSED] - click(findTestObject("12-EL Sign/button_BEGIN")): Object: 'Object Repository/12-EL Sign/button_BEGIN' is clicked on

2023-01-19 13:08:28 - [MESSAGE][PASSED] - Object: 'Object Repository/12-EL Sign/button_BEGIN' is clicked on

2023-01-19 13:08:28 - [TEST_STEP][PASSED] - delay(3): Delayed 3 second(s)

2023-01-19 13:08:31 - [MESSAGE][PASSED] - Delayed 3 second(s)

2023-01-19 13:08:31 - [TEST_STEP][PASSED] - click(findTestObject("12-EL Sign/div_date")): Object: 'Object Repository/12-EL Sign/div_date' is clicked on

2023-01-19 13:08:32 - [MESSAGE][PASSED] - Object: 'Object Repository/12-EL Sign/div_date' is clicked on

2023-01-19 13:08:32 - [TEST_STEP][PASSED] - click(findTestObject("12-EL Sign/div_date")): Object: 'Object Repository/12-EL Sign/div_date' is clicked on

2023-01-19 13:08:32 - [MESSAGE][PASSED] - Object: 'Object Repository/12-EL Sign/div_date' is clicked on

2023-01-19 13:08:32 - [TEST_STEP][PASSED] - delay(3): Delayed 3 second(s)

2023-01-19 13:08:35 - [MESSAGE][PASSED] - Delayed 3 second(s)

2023-01-19 13:08:35 - [TEST_STEP][PASSED] - click(findTestObject("12-EL Sign/div_initial")): Object: 'Object Repository/12-EL Sign/div_initial' is clicked on

2023-01-19 13:08:37 - [MESSAGE][PASSED] - Object: 'Object Repository/12-EL Sign/div_initial' is clicked on

2023-01-19 13:08:37 - [TEST_STEP][PASSED] - verifyElementVisible(findTestObject("12-EL Sign/mat-dialog-container_InitialModal")): Object 'Object Repository/12-EL Sign/mat-dialog-container_InitialModal' is visible

2023-01-19 13:08:37 - [MESSAGE][PASSED] - Object 'Object Repository/12-EL Sign/mat-dialog-container_InitialModal' is visible

2023-01-19 13:08:37 - [TEST_STEP][PASSED] - click(findTestObject("12-EL Sign/button_Save3")): Object: 'Object Repository/12-EL Sign/button_Save3' is clicked on

2023-01-19 13:08:39 - [MESSAGE][PASSED] - Object: 'Object Repository/12-EL Sign/button_Save3' is clicked on

2023-01-19 13:08:39 - [TEST_STEP][PASSED] - delay(3): Delayed 3 second(s)

2023-01-19 13:08:42 - [MESSAGE][PASSED] - Delayed 3 second(s)

2023-01-19 13:08:42 - [TEST_STEP][PASSED] - click(findTestObject("12-EL Sign/div_signature")): Object: 'Object Repository/12-EL Sign/div_signature' is clicked on

2023-01-19 13:08:43 - [MESSAGE][PASSED] - Object: 'Object Repository/12-EL Sign/div_signature' is clicked on

2023-01-19 13:08:43 - [TEST_STEP][PASSED] - verifyElementVisible(findTestObject("12-EL Sign/mat-dialog-container_SignatureSettingsModal")): Object 'Object Repository/12-EL Sign/mat-dialog-container_SignatureSettingsModal' is visible

2023-01-19 13:08:44 - [MESSAGE][PASSED] - Object 'Object Repository/12-EL Sign/mat-dialog-container_SignatureSettingsModal' is visible

2023-01-19 13:08:44 - [TEST_STEP][PASSED] - click(findTestObject("12-EL Sign/checkbox_type")): Object: 'Object Repository/12-EL Sign/checkbox_type' is clicked on

2023-01-19 13:08:44 - [MESSAGE][PASSED] - Object: 'Object Repository/12-EL Sign/checkbox_type' is clicked on

2023-01-19 13:08:44 - [TEST_STEP][PASSED] - setAlertText("GG TESTER Signature"): Set alert text 'GG TESTER Signature' successfully

2023-01-19 13:08:45 - [MESSAGE][PASSED] - Set alert text 'GG TESTER Signature' successfully

2023-01-19 13:08:45 - [TEST_STEP][PASSED] - acceptAlert(): Alert accepted

2023-01-19 13:08:45 - [MESSAGE][PASSED] - Alert accepted

2023-01-19 13:08:45 - [TEST_STEP][PASSED] - click(findTestObject("12-EL Sign/button_save Save Settings")): Object: 'Object Repository/12-EL Sign/button_save Save Settings' is clicked on

2023-01-19 13:08:47 - [MESSAGE][PASSED] - Object: 'Object Repository/12-EL Sign/button_save Save Settings' is clicked on

2023-01-19 13:08:47 - [TEST_STEP][PASSED] - delay(3): Delayed 3 second(s)

2023-01-19 13:08:50 - [MESSAGE][PASSED] - Delayed 3 second(s)

2023-01-19 13:08:50 - [TEST_STEP][PASSED] - click(findTestObject("12-EL Sign/div_signature")): Object: 'Object Repository/12-EL Sign/div_signature' is clicked on

2023-01-19 13:08:51 - [MESSAGE][PASSED] - Object: 'Object Repository/12-EL Sign/div_signature' is clicked on

2023-01-19 13:08:51 - [TEST_STEP][PASSED] - uploadpackage.Upload.uploadFile(findTestObject("12-EL Sign/div_upload_mat-checkbox"), "C:\Users\asus\Desktop\EL automation\qa.jpg"): uploadpackage.Upload.uploadFile is PASSED

2023-01-19 13:08:52 - [MESSAGE][PASSED] - Object: 'Object Repository/12-EL Sign/div_upload_mat-checkbox' is clicked on

2023-01-19 13:08:54 - [MESSAGE][PASSED] - uploadpackage.Upload.uploadFile is PASSED

2023-01-19 13:08:54 - [TEST_STEP][PASSED] - delay(3): Delayed 3 second(s)

2023-01-19 13:08:57 - [MESSAGE][PASSED] - Delayed 3 second(s)

2023-01-19 13:08:57 - [TEST_STEP][PASSED] - click(findTestObject("12-EL Sign/button_save Save Settings")): Object: 'Object Repository/12-EL Sign/button_save Save Settings' is clicked on

2023-01-19 13:08:58 - [MESSAGE][PASSED] - Object: 'Object Repository/12-EL Sign/button_save Save Settings' is clicked on

2023-01-19 13:08:58 - [TEST_STEP][PASSED] - delay(3): Delayed 3 second(s)

2023-01-19 13:09:01 - [MESSAGE][PASSED] - Delayed 3 second(s)

2023-01-19 13:09:01 - [TEST_STEP][PASSED] - click(findTestObject("12-EL Sign/button_completenavigate_next")): Object: 'Object Repository/12-EL Sign/button_completenavigate_next' is clicked on

2023-01-19 13:09:01 - [MESSAGE][PASSED] - Object: 'Object Repository/12-EL Sign/button_completenavigate_next' is clicked on

2023-01-19 13:09:01 - [TEST_STEP][PASSED] - delay(3): Delayed 3 second(s)

2023-01-19 13:09:04 - [MESSAGE][PASSED] - Delayed 3 second(s)

2023-01-19 13:09:04 - [TEST_STEP][PASSED] - verifyElementVisible(findTestObject("12-EL Sign/font_Please review and press the submit button to finish signing")): Object 'Object Repository/12-EL Sign/font_Please review and press the submit button to finish signing' is visible

2023-01-19 13:09:05 - [MESSAGE][PASSED] - Object 'Object Repository/12-EL Sign/font_Please review and press the submit button to finish signing' is visible

2023-01-19 13:09:05 - [TEST_STEP][PASSED] - click(findTestObject("12-EL Sign/button_REVIEW")): Object: 'Object Repository/12-EL Sign/button_REVIEW' is clicked on

2023-01-19 13:09:06 - [MESSAGE][PASSED] - Object: 'Object Repository/12-EL Sign/button_REVIEW' is clicked on

2023-01-19 13:09:06 - [TEST_STEP][PASSED] - switchToWindowIndex(1): Switched to window with index: '1'

2023-01-19 13:09:08 - [MESSAGE][PASSED] - Switched to window with index: '1'

2023-01-19 13:09:08 - [TEST_STEP][PASSED] - closeWindowIndex(1): Window with index 1 is closed

2023-01-19 13:09:09 - [MESSAGE][PASSED] - Window with index 1 is closed

2023-01-19 13:09:09 - [TEST_STEP][PASSED] - switchToWindowIndex(0): Switched to window with index: '0'

2023-01-19 13:09:09 - [MESSAGE][PASSED] - Switched to window with index: '0'

2023-01-19 13:09:09 - [TEST_STEP][PASSED] - click(findTestObject("12-EL Sign/button_EDIT")): Object: 'Object Repository/12-EL Sign/button_EDIT' is clicked on

2023-01-19 13:09:10 - [MESSAGE][PASSED] - Object: 'Object Repository/12-EL Sign/button_EDIT' is clicked on

2023-01-19 13:09:10 - [TEST_STEP][PASSED] - delay(3): Delayed 3 second(s)

2023-01-19 13:09:13 - [MESSAGE][PASSED] - Delayed 3 second(s)

2023-01-19 13:09:13 - [TEST_STEP][PASSED] - click(findTestObject("12-EL Sign/button_completenavigate_next")): Object: 'Object Repository/12-EL Sign/button_completenavigate_next' is clicked on

2023-01-19 13:09:14 - [MESSAGE][PASSED] - Object: 'Object Repository/12-EL Sign/button_completenavigate_next' is clicked on

2023-01-19 13:09:14 - [TEST_STEP][PASSED] - delay(3): Delayed 3 second(s)

2023-01-19 13:09:17 - [MESSAGE][PASSED] - Delayed 3 second(s)

2023-01-19 13:09:17 - [TEST_STEP][PASSED] - click(findTestObject("12-EL Sign/button_SUBMIT")): Object: 'Object Repository/12-EL Sign/button_SUBMIT' is clicked on

2023-01-19 13:09:18 - [MESSAGE][PASSED] - Object: 'Object Repository/12-EL Sign/button_SUBMIT' is clicked on]]></system-out>
         <system-err><![CDATA[]]></system-err>
      </testcase>
      <testcase name="Test Cases/12-EL Sign/11-Send Documents(Download Document and Certificate)" time="21.948" classname="Test Cases/12-EL Sign/11-Send Documents(Download Document and Certificate)" status="PASSED">
         <system-out><![CDATA[2023-01-19 13:09:18 - [TEST_CASE][PASSED] - Test Cases/12-EL Sign/11-Send Documents(Download Document and Certificate): Test Cases/12-EL Sign/11-Send Documents(Download Document and Certificate)

2023-01-19 13:09:19 - [TEST_STEP][PASSED] - delay(3): Delayed 3 second(s)

2023-01-19 13:09:23 - [MESSAGE][PASSED] - Delayed 3 second(s)

2023-01-19 13:09:23 - [TEST_STEP][PASSED] - click(findTestObject("12-EL Sign/div_Send Documents")): Object: 'Object Repository/12-EL Sign/div_Send Documents' is clicked on

2023-01-19 13:09:23 - [MESSAGE][PASSED] - Object: 'Object Repository/12-EL Sign/div_Send Documents' is clicked on

2023-01-19 13:09:23 - [TEST_STEP][PASSED] - delay(3): Delayed 3 second(s)

2023-01-19 13:09:26 - [MESSAGE][PASSED] - Delayed 3 second(s)

2023-01-19 13:09:26 - [TEST_STEP][PASSED] - click(findTestObject("12-EL Sign/mat-icon_refresh")): Object: 'Object Repository/12-EL Sign/mat-icon_refresh' is clicked on

2023-01-19 13:09:27 - [MESSAGE][PASSED] - Object: 'Object Repository/12-EL Sign/mat-icon_refresh' is clicked on

2023-01-19 13:09:27 - [TEST_STEP][PASSED] - delay(3): Delayed 3 second(s)

2023-01-19 13:09:31 - [MESSAGE][PASSED] - Delayed 3 second(s)

2023-01-19 13:09:31 - [TEST_STEP][PASSED] - click(findTestObject("12-EL Sign/button_Download document")): Object: 'Object Repository/12-EL Sign/button_Download document' is clicked on

2023-01-19 13:09:31 - [MESSAGE][PASSED] - Object: 'Object Repository/12-EL Sign/button_Download document' is clicked on

2023-01-19 13:09:31 - [TEST_STEP][PASSED] - delay(3): Delayed 3 second(s)

2023-01-19 13:09:34 - [MESSAGE][PASSED] - Delayed 3 second(s)

2023-01-19 13:09:34 - [TEST_STEP][PASSED] - click(findTestObject("12-EL Sign/button_Download certificate")): Object: 'Object Repository/12-EL Sign/button_Download certificate' is clicked on

2023-01-19 13:09:35 - [MESSAGE][PASSED] - Object: 'Object Repository/12-EL Sign/button_Download certificate' is clicked on

2023-01-19 13:09:35 - [TEST_STEP][PASSED] - switchToWindowIndex(1): Switched to window with index: '1'

2023-01-19 13:09:36 - [MESSAGE][PASSED] - Switched to window with index: '1'

2023-01-19 13:09:36 - [TEST_STEP][PASSED] - closeWindowIndex(1): Window with index 1 is closed

2023-01-19 13:09:37 - [MESSAGE][PASSED] - Window with index 1 is closed

2023-01-19 13:09:37 - [TEST_STEP][PASSED] - switchToWindowIndex(0): Switched to window with index: '0'

2023-01-19 13:09:37 - [MESSAGE][PASSED] - Switched to window with index: '0'

2023-01-19 13:09:37 - [TEST_STEP][PASSED] - delay(3): Delayed 3 second(s)

2023-01-19 13:09:40 - [MESSAGE][PASSED] - Delayed 3 second(s)]]></system-out>
         <system-err><![CDATA[]]></system-err>
      </testcase>
      <testcase name="Test Cases/12-EL Sign/12-Received Documents(Download Document and Certificate)" time="14.625" classname="Test Cases/12-EL Sign/12-Received Documents(Download Document and Certificate)" status="PASSED">
         <system-out><![CDATA[2023-01-19 13:09:40 - [TEST_CASE][PASSED] - Test Cases/12-EL Sign/12-Received Documents(Download Document and Certificate): Test Cases/12-EL Sign/12-Received Documents(Download Document and Certificate)

2023-01-19 13:09:41 - [TEST_STEP][PASSED] - click(findTestObject("12-EL Sign/div_Received Documents")): Object: 'Object Repository/12-EL Sign/div_Received Documents' is clicked on

2023-01-19 13:09:42 - [MESSAGE][PASSED] - Object: 'Object Repository/12-EL Sign/div_Received Documents' is clicked on

2023-01-19 13:09:42 - [TEST_STEP][PASSED] - delay(3): Delayed 3 second(s)

2023-01-19 13:09:45 - [MESSAGE][PASSED] - Delayed 3 second(s)

2023-01-19 13:09:45 - [TEST_STEP][PASSED] - click(findTestObject("12-EL Sign/button_Download document")): Object: 'Object Repository/12-EL Sign/button_Download document' is clicked on

2023-01-19 13:09:46 - [MESSAGE][PASSED] - Object: 'Object Repository/12-EL Sign/button_Download document' is clicked on

2023-01-19 13:09:46 - [TEST_STEP][PASSED] - delay(3): Delayed 3 second(s)

2023-01-19 13:09:49 - [MESSAGE][PASSED] - Delayed 3 second(s)

2023-01-19 13:09:49 - [TEST_STEP][PASSED] - click(findTestObject("12-EL Sign/button_Download certificate")): Object: 'Object Repository/12-EL Sign/button_Download certificate' is clicked on

2023-01-19 13:09:50 - [MESSAGE][PASSED] - Object: 'Object Repository/12-EL Sign/button_Download certificate' is clicked on

2023-01-19 13:09:50 - [TEST_STEP][PASSED] - switchToWindowIndex(1): Switched to window with index: '1'

2023-01-19 13:09:51 - [MESSAGE][PASSED] - Switched to window with index: '1'

2023-01-19 13:09:51 - [TEST_STEP][PASSED] - closeWindowIndex(1): Window with index 1 is closed

2023-01-19 13:09:51 - [MESSAGE][PASSED] - Window with index 1 is closed

2023-01-19 13:09:51 - [TEST_STEP][PASSED] - switchToWindowIndex(0): Switched to window with index: '0'

2023-01-19 13:09:51 - [MESSAGE][PASSED] - Switched to window with index: '0'

2023-01-19 13:09:51 - [TEST_STEP][PASSED] - delay(3): Delayed 3 second(s)

2023-01-19 13:09:54 - [MESSAGE][PASSED] - Delayed 3 second(s)]]></system-out>
         <system-err><![CDATA[]]></system-err>
      </testcase>
      <testcase name="Test Cases/12-EL Sign/13-Receive Documents(View Document and History)" time="19.915" classname="Test Cases/12-EL Sign/13-Receive Documents(View Document and History)" status="PASSED">
         <system-out><![CDATA[2023-01-19 13:09:54 - [TEST_CASE][PASSED] - Test Cases/12-EL Sign/13-Receive Documents(View Document and History): Test Cases/12-EL Sign/13-Receive Documents(View Document and History)

2023-01-19 13:09:56 - [TEST_STEP][PASSED] - click(findTestObject("12-EL Sign/button_visibility")): Object: 'Object Repository/12-EL Sign/button_visibility' is clicked on

2023-01-19 13:09:57 - [MESSAGE][PASSED] - Object: 'Object Repository/12-EL Sign/button_visibility' is clicked on

2023-01-19 13:09:57 - [TEST_STEP][PASSED] - switchToWindowIndex(1): Switched to window with index: '1'

2023-01-19 13:09:59 - [MESSAGE][PASSED] - Switched to window with index: '1'

2023-01-19 13:09:59 - [TEST_STEP][PASSED] - closeWindowIndex(1): Window with index 1 is closed

2023-01-19 13:09:59 - [MESSAGE][PASSED] - Window with index 1 is closed

2023-01-19 13:09:59 - [TEST_STEP][PASSED] - switchToWindowIndex(0): Switched to window with index: '0'

2023-01-19 13:09:59 - [MESSAGE][PASSED] - Switched to window with index: '0'

2023-01-19 13:09:59 - [TEST_STEP][PASSED] - delay(3): Delayed 3 second(s)

2023-01-19 13:10:02 - [MESSAGE][PASSED] - Delayed 3 second(s)

2023-01-19 13:10:02 - [TEST_STEP][PASSED] - click(findTestObject("12-EL Sign/mat-icon_refit"), STOP_ON_FAILURE): Object: 'Object Repository/12-EL Sign/mat-icon_refit' is clicked on

2023-01-19 13:10:03 - [MESSAGE][PASSED] - Object: 'Object Repository/12-EL Sign/mat-icon_refit' is clicked on

2023-01-19 13:10:03 - [TEST_STEP][PASSED] - verifyElementVisible(findTestObject("12-EL Sign/div_statusSigned")): Object 'Object Repository/12-EL Sign/div_statusSigned' is visible

2023-01-19 13:10:04 - [MESSAGE][PASSED] - Object 'Object Repository/12-EL Sign/div_statusSigned' is visible

2023-01-19 13:10:04 - [TEST_STEP][PASSED] - click(findTestObject("12-EL Sign/button_history")): Object: 'Object Repository/12-EL Sign/button_history' is clicked on

2023-01-19 13:10:05 - [MESSAGE][PASSED] - Object: 'Object Repository/12-EL Sign/button_history' is clicked on

2023-01-19 13:10:05 - [TEST_STEP][PASSED] - verifyElementVisible(findTestObject("12-EL Sign/mat-dialog-container-historyModal")): Object 'Object Repository/12-EL Sign/mat-dialog-container-historyModal' is visible

2023-01-19 13:10:06 - [MESSAGE][PASSED] - Object 'Object Repository/12-EL Sign/mat-dialog-container-historyModal' is visible

2023-01-19 13:10:06 - [TEST_STEP][PASSED] - verifyElementVisible(findTestObject("12-EL Sign/td_historyName")): Object 'Object Repository/12-EL Sign/td_historyName' is visible

2023-01-19 13:10:07 - [MESSAGE][PASSED] - Object 'Object Repository/12-EL Sign/td_historyName' is visible

2023-01-19 13:10:07 - [TEST_STEP][PASSED] - delay(3): Delayed 3 second(s)

2023-01-19 13:10:10 - [MESSAGE][PASSED] - Delayed 3 second(s)

2023-01-19 13:10:10 - [TEST_STEP][PASSED] - doubleClick(findTestObject("12-EL Sign/button_CANCEL2")): Object: 'Object Repository/12-EL Sign/button_CANCEL2' is double clicked on

2023-01-19 13:10:11 - [MESSAGE][PASSED] - Object: 'Object Repository/12-EL Sign/button_CANCEL2' is double clicked on

2023-01-19 13:10:11 - [TEST_STEP][PASSED] - delay(3): Delayed 3 second(s)

2023-01-19 13:10:14 - [MESSAGE][PASSED] - Delayed 3 second(s)]]></system-out>
         <system-err><![CDATA[]]></system-err>
      </testcase>
      <testcase name="Test Cases/12-EL Sign/14-Send Documents(Delete ELSign)" time="10.161" classname="Test Cases/12-EL Sign/14-Send Documents(Delete ELSign)" status="PASSED">
         <system-out><![CDATA[2023-01-19 13:10:14 - [TEST_CASE][PASSED] - Test Cases/12-EL Sign/14-Send Documents(Delete ELSign): Test Cases/12-EL Sign/14-Send Documents(Delete ELSign)

2023-01-19 13:10:16 - [TEST_STEP][PASSED] - click(findTestObject("12-EL Sign/div_Send Documents")): Object: 'Object Repository/12-EL Sign/div_Send Documents' is clicked on

2023-01-19 13:10:17 - [MESSAGE][PASSED] - Object: 'Object Repository/12-EL Sign/div_Send Documents' is clicked on

2023-01-19 13:10:17 - [TEST_STEP][PASSED] - delay(3): Delayed 3 second(s)

2023-01-19 13:10:20 - [MESSAGE][PASSED] - Delayed 3 second(s)

2023-01-19 13:10:20 - [TEST_STEP][PASSED] - verifyElementVisible(findTestObject("12-EL Sign/button_deleteELSign")): Object 'Object Repository/12-EL Sign/button_deleteELSign' is visible

2023-01-19 13:10:21 - [MESSAGE][PASSED] - Object 'Object Repository/12-EL Sign/button_deleteELSign' is visible

2023-01-19 13:10:21 - [TEST_STEP][PASSED] - delay(3): Delayed 3 second(s)

2023-01-19 13:10:24 - [MESSAGE][PASSED] - Delayed 3 second(s)

2023-01-19 13:10:24 - [TEST_STEP][PASSED] - click(findTestObject("12-EL Sign/button_deleteELSign")): Object: 'Object Repository/12-EL Sign/button_deleteELSign' is clicked on

2023-01-19 13:10:24 - [MESSAGE][PASSED] - Object: 'Object Repository/12-EL Sign/button_deleteELSign' is clicked on]]></system-out>
         <system-err><![CDATA[]]></system-err>
      </testcase>
      <system-out><![CDATA[2023-01-19 13:02:11 - [TEST_SUITE][PASSED] - 12.2-EL Sign (Received Documents): Test Cases/12-EL Sign/14-Send Documents(Delete ELSign)]]></system-out>
      <system-err><![CDATA[]]></system-err>
   </testsuite>
</testsuites>
