<?xml version="1.0" encoding="UTF-8"?>
<testsuites name="06.1- Teams - Add" time="210.116" tests="2" failures="0" errors="0">
   <testsuite name="06.1- Teams - Add" tests="2" failures="0" errors="0" time="210.116" skipped="0" timestamp="2023-02-10 11:37:51" hostname="asus - DESKTOP-3L3J9C1" id="Test Suites/TS-Organization/06.1- Teams - Add">
      <properties>
         <property name="deviceName" value=""/>
         <property name="devicePlatform" value=""/>
         <property name="logFolder" value="C:\\Users\\asus\\Katalon Studio\\Everleagues\\Everleagues\\Reports\\20230210_113738\\TS-Organization\\06.1- Teams - Add\\20230210_113738"/>
         <property name="logFiles" value="C:\\Users\\asus\\Katalon Studio\\Everleagues\\Everleagues\\Reports\\20230210_113738\\TS-Organization\\06.1- Teams - Add\\20230210_113738\\execution0.log"/>
         <property name="attachments" value=""/>
         <property name="hostName" value="asus - DESKTOP-3L3J9C1"/>
         <property name="os" value="Windows 10 64bit"/>
         <property name="katalonVersion" value="8.4.1.208"/>
         <property name="browser" value="Chrome 109.0.0.0"/>
         <property name="hostAddress" value="10.5.0.2"/>
         <property name="sessionId" value="7a4e4c28e563e8ad4c6e75534e2cfbeb"/>
         <property name="seleniumVersion" value="3.141.59"/>
         <property name="proxyInformation" value="ProxyInformation { proxyOption=NO_PROXY, proxyServerType=HTTP, username=, password=********, proxyServerAddress=, proxyServerPort=0, executionList=&quot;&quot;, isApplyToDesiredCapabilities=true }"/>
         <property name="platform" value="Windows 10"/>
      </properties>
      <testcase name="Test Cases/06- Teams/01- Add Team- Public" time="153.571" classname="Test Cases/06- Teams/01- Add Team- Public" status="PASSED">
         <system-out><![CDATA[2023-02-10 11:37:52 - [TEST_CASE][PASSED] - Test Cases/06- Teams/01- Add Team- Public: Test Cases/06- Teams/01- Add Team- Public

2023-02-10 11:37:55 - [TEST_STEP][PASSED] - openBrowser(""): Browser is opened with url: ''

2023-02-10 11:37:56 - [MESSAGE][INFO] - Starting 'Chrome' driver

2023-02-10 11:37:56 - [MESSAGE][INFO] - Action delay is set to 0 milliseconds

2023-02-10 11:38:05 - [MESSAGE][PASSED] - Browser is opened with url: ''

2023-02-10 11:38:05 - [TEST_STEP][PASSED] - navigateToUrl("https://lab.everleagues.com/"): Navigate to 'https://lab.everleagues.com/' successfully

2023-02-10 11:38:25 - [MESSAGE][PASSED] - Navigate to 'https://lab.everleagues.com/' successfully

2023-02-10 11:38:25 - [TEST_STEP][PASSED] - maximizeWindow(): Current window maximized

2023-02-10 11:38:26 - [MESSAGE][PASSED] - Current window maximized

2023-02-10 11:38:26 - [TEST_STEP][PASSED] - setText(findTestObject("02-Side Icons(Organization)/Add Contact/Email Field"), "testuser02@mailinator.com"): Text 'testuser02@mailinator.com' is set on object 'Object Repository/02-Side Icons(Organization)/Add Contact/Email Field'

2023-02-10 11:38:28 - [MESSAGE][PASSED] - Text 'testuser02@mailinator.com' is set on object 'Object Repository/02-Side Icons(Organization)/Add Contact/Email Field'

2023-02-10 11:38:28 - [TEST_STEP][PASSED] - setEncryptedText(findTestObject("02-Side Icons(Organization)/Add Contact/Password Field"), "8yFRyszE6U6jvsCn51OQbg=="): Text ****** has been set on object 'Object Repository/02-Side Icons(Organization)/Add Contact/Password Field'

2023-02-10 11:38:30 - [MESSAGE][PASSED] - Text ****** has been set on object 'Object Repository/02-Side Icons(Organization)/Add Contact/Password Field'

2023-02-10 11:38:30 - [TEST_STEP][PASSED] - click(findTestObject("02-Side Icons(Organization)/Add Contact/button_Sign in")): Object: 'Object Repository/02-Side Icons(Organization)/Add Contact/button_Sign in' is clicked on

2023-02-10 11:38:31 - [MESSAGE][PASSED] - Object: 'Object Repository/02-Side Icons(Organization)/Add Contact/button_Sign in' is clicked on

2023-02-10 11:38:31 - [TEST_STEP][PASSED] - delay(2): Delayed 2 second(s)

2023-02-10 11:38:33 - [MESSAGE][PASSED] - Delayed 2 second(s)

2023-02-10 11:38:33 - [TEST_STEP][PASSED] - click(findTestObject("06-Teams/For 2FA/button_Confirm_2FA")): Object: 'Object Repository/06-Teams/For 2FA/button_Confirm_2FA' is clicked on

2023-02-10 11:38:33 - [MESSAGE][PASSED] - Object: 'Object Repository/06-Teams/For 2FA/button_Confirm_2FA' is clicked on

2023-02-10 11:38:33 - [TEST_STEP][PASSED] - executeJavaScript("window.open();", []): Execute JavaScript 'window.open();' successfully

2023-02-10 11:38:34 - [MESSAGE][PASSED] - Execute JavaScript 'window.open();' successfully

2023-02-10 11:38:34 - [TEST_STEP][PASSED] - currentWindow = getWindowIndex(): Current window's index is: 0

2023-02-10 11:38:34 - [MESSAGE][PASSED] - Current window's index is: 0

2023-02-10 11:38:34 - [TEST_STEP][PASSED] - delay(3): Delayed 3 second(s)

2023-02-10 11:38:37 - [MESSAGE][PASSED] - Delayed 3 second(s)

2023-02-10 11:38:37 - [TEST_STEP][PASSED] - switchToWindowIndex(currentWindow + 1): Switched to window with index: '1'

2023-02-10 11:38:38 - [MESSAGE][PASSED] - Switched to window with index: '1'

2023-02-10 11:38:38 - [TEST_STEP][PASSED] - navigateToUrl("https://www.mailinator.com/"): Navigate to 'https://www.mailinator.com/' successfully

2023-02-10 11:38:46 - [MESSAGE][PASSED] - Navigate to 'https://www.mailinator.com/' successfully

2023-02-10 11:38:46 - [TEST_STEP][PASSED] - delay(3): Delayed 3 second(s)

2023-02-10 11:38:49 - [MESSAGE][PASSED] - Delayed 3 second(s)

2023-02-10 11:38:49 - [TEST_STEP][PASSED] - setText(findTestObject("00-Signup and Activation/zMailinator/input_LOGIN_search"), "testuser02@mailinator.com"): Text 'testuser02@mailinator.com' is set on object 'Object Repository/00-Signup and Activation/zMailinator/input_LOGIN_search'

2023-02-10 11:38:51 - [MESSAGE][PASSED] - Text 'testuser02@mailinator.com' is set on object 'Object Repository/00-Signup and Activation/zMailinator/input_LOGIN_search'

2023-02-10 11:38:51 - [TEST_STEP][PASSED] - click(findTestObject("00-Signup and Activation/zMailinator/gobutton"), STOP_ON_FAILURE): Object: 'Object Repository/00-Signup and Activation/zMailinator/gobutton' is clicked on

2023-02-10 11:38:55 - [MESSAGE][PASSED] - Object: 'Object Repository/00-Signup and Activation/zMailinator/gobutton' is clicked on

2023-02-10 11:38:55 - [TEST_STEP][PASSED] - delay(3): Delayed 3 second(s)

2023-02-10 11:38:58 - [MESSAGE][PASSED] - Delayed 3 second(s)

2023-02-10 11:38:58 - [TEST_STEP][PASSED] - click(findTestObject("00-Signup and Activation/zMailinator/Email - everleagues")): Object: 'Object Repository/00-Signup and Activation/zMailinator/Email - everleagues' is clicked on

2023-02-10 11:38:59 - [MESSAGE][PASSED] - Object: 'Object Repository/00-Signup and Activation/zMailinator/Email - everleagues' is clicked on

2023-02-10 11:38:59 - [TEST_STEP][PASSED] - delay(3): Delayed 3 second(s)

2023-02-10 11:39:03 - [MESSAGE][PASSED] - Delayed 3 second(s)

2023-02-10 11:39:03 - [TEST_STEP][PASSED] - code = getText(findTestObject("Object Repository/06-Teams/For 2FA/2FA code")): Text of object 'Object Repository/06-Teams/For 2FA/2FA code' is: '403248'

2023-02-10 11:39:04 - [MESSAGE][PASSED] - Text of object 'Object Repository/06-Teams/For 2FA/2FA code' is: '403248'

2023-02-10 11:39:04 - [TEST_STEP][PASSED] - delay(3): Delayed 3 second(s)

2023-02-10 11:39:07 - [MESSAGE][PASSED] - Delayed 3 second(s)

2023-02-10 11:39:07 - [TEST_STEP][PASSED] - closeWindowTitle("Mailinator"): Window with title: 'Mailinator' is closed

2023-02-10 11:39:07 - [MESSAGE][PASSED] - Window with title: 'Mailinator' is closed

2023-02-10 11:39:07 - [TEST_STEP][PASSED] - delay(3): Delayed 3 second(s)

2023-02-10 11:39:10 - [MESSAGE][PASSED] - Delayed 3 second(s)

2023-02-10 11:39:10 - [TEST_STEP][PASSED] - switchToWindowIndex(0): Switched to window with index: '0'

2023-02-10 11:39:11 - [MESSAGE][PASSED] - Switched to window with index: '0'

2023-02-10 11:39:11 - [TEST_STEP][PASSED] - delay(3): Delayed 3 second(s)

2023-02-10 11:39:14 - [MESSAGE][PASSED] - Delayed 3 second(s)

2023-02-10 11:39:14 - [TEST_STEP][PASSED] - setText(findTestObject("Object Repository/06-Teams/For 2FA/input_Enter verification code_code"), code): Text '403248' is set on object 'Object Repository/06-Teams/For 2FA/input_Enter verification code_code'

2023-02-10 11:39:15 - [MESSAGE][PASSED] - Text '403248' is set on object 'Object Repository/06-Teams/For 2FA/input_Enter verification code_code'

2023-02-10 11:39:15 - [TEST_STEP][PASSED] - delay(3): Delayed 3 second(s)

2023-02-10 11:39:18 - [MESSAGE][PASSED] - Delayed 3 second(s)

2023-02-10 11:39:18 - [TEST_STEP][PASSED] - click(findTestObject("06-Teams/For 2FA/button_Verify_2FA")): Object: 'Object Repository/06-Teams/For 2FA/button_Verify_2FA' is clicked on

2023-02-10 11:39:19 - [MESSAGE][PASSED] - Object: 'Object Repository/06-Teams/For 2FA/button_Verify_2FA' is clicked on

2023-02-10 11:39:19 - [TEST_STEP][PASSED] - delay(5): Delayed 5 second(s)

2023-02-10 11:39:24 - [MESSAGE][PASSED] - Delayed 5 second(s)

2023-02-10 11:39:24 - [TEST_STEP][PASSED] - click(findTestObject("06-Teams/button_doublearrow")): Object: 'Object Repository/06-Teams/button_doublearrow' is clicked on

2023-02-10 11:39:27 - [MESSAGE][PASSED] - Object: 'Object Repository/06-Teams/button_doublearrow' is clicked on

2023-02-10 11:39:27 - [TEST_STEP][PASSED] - click(findTestObject("06-Teams/button_My Organizations")): Object: 'Object Repository/06-Teams/button_My Organizations' is clicked on

2023-02-10 11:39:28 - [MESSAGE][PASSED] - Object: 'Object Repository/06-Teams/button_My Organizations' is clicked on

2023-02-10 11:39:28 - [TEST_STEP][PASSED] - click(findTestObject("06-Teams/button_GG Automation")): Object: 'Object Repository/06-Teams/button_GG Automation' is clicked on

2023-02-10 11:39:29 - [MESSAGE][PASSED] - Object: 'Object Repository/06-Teams/button_GG Automation' is clicked on

2023-02-10 11:39:29 - [TEST_STEP][PASSED] - delay(4): Delayed 4 second(s)

2023-02-10 11:39:33 - [MESSAGE][PASSED] - Delayed 4 second(s)

2023-02-10 11:39:33 - [TEST_STEP][PASSED] - verifyElementVisible(findTestObject("06-Teams/span_GG Automation")): Object 'Object Repository/06-Teams/span_GG Automation' is visible

2023-02-10 11:39:34 - [MESSAGE][PASSED] - Object 'Object Repository/06-Teams/span_GG Automation' is visible

2023-02-10 11:39:34 - [TEST_STEP][PASSED] - delay(2): Delayed 2 second(s)

2023-02-10 11:39:36 - [MESSAGE][PASSED] - Delayed 2 second(s)

2023-02-10 11:39:36 - [TEST_STEP][PASSED] - click(findTestObject("03-Header Menu/Hamburger Button/div_Teams")): Object: 'Object Repository/03-Header Menu/Hamburger Button/div_Teams' is clicked on

2023-02-10 11:39:37 - [MESSAGE][PASSED] - Object: 'Object Repository/03-Header Menu/Hamburger Button/div_Teams' is clicked on

2023-02-10 11:39:37 - [TEST_STEP][PASSED] - delay(2): Delayed 2 second(s)

2023-02-10 11:39:39 - [MESSAGE][PASSED] - Delayed 2 second(s)

2023-02-10 11:39:39 - [TEST_STEP][PASSED] - verifyElementVisible(findTestObject("06-Teams/h4_TEAMS")): Object 'Object Repository/06-Teams/h4_TEAMS' is visible

2023-02-10 11:39:40 - [MESSAGE][PASSED] - Object 'Object Repository/06-Teams/h4_TEAMS' is visible

2023-02-10 11:39:40 - [TEST_STEP][PASSED] - delay(3): Delayed 3 second(s)

2023-02-10 11:39:43 - [MESSAGE][PASSED] - Delayed 3 second(s)

2023-02-10 11:39:43 - [TEST_STEP][PASSED] - click(findTestObject("06-Teams/Add Team")): Object: 'Object Repository/06-Teams/Add Team' is clicked on

2023-02-10 11:39:44 - [MESSAGE][PASSED] - Object: 'Object Repository/06-Teams/Add Team' is clicked on

2023-02-10 11:39:44 - [TEST_STEP][PASSED] - delay(3): Delayed 3 second(s)

2023-02-10 11:39:47 - [MESSAGE][PASSED] - Delayed 3 second(s)

2023-02-10 11:39:47 - [TEST_STEP][PASSED] - verifyElementVisible(findTestObject("06-Teams/button_Public")): Object 'Object Repository/06-Teams/button_Public' is visible

2023-02-10 11:39:48 - [MESSAGE][PASSED] - Object 'Object Repository/06-Teams/button_Public' is visible

2023-02-10 11:39:48 - [TEST_STEP][PASSED] - verifyElementVisible(findTestObject("06-Teams/button_Private")): Object 'Object Repository/06-Teams/button_Private' is visible

2023-02-10 11:39:49 - [MESSAGE][PASSED] - Object 'Object Repository/06-Teams/button_Private' is visible

2023-02-10 11:39:49 - [TEST_STEP][PASSED] - delay(3): Delayed 3 second(s)

2023-02-10 11:39:52 - [MESSAGE][PASSED] - Delayed 3 second(s)

2023-02-10 11:39:52 - [TEST_STEP][PASSED] - click(findTestObject("06-Teams/button_Public")): Object: 'Object Repository/06-Teams/button_Public' is clicked on

2023-02-10 11:39:53 - [MESSAGE][PASSED] - Object: 'Object Repository/06-Teams/button_Public' is clicked on

2023-02-10 11:39:53 - [TEST_STEP][PASSED] - verifyElementVisible(findTestObject("06-Teams/01-Add Team-Public/Add Team_Public")): Object 'Object Repository/06-Teams/01-Add Team-Public/Add Team_Public' is visible

2023-02-10 11:39:54 - [MESSAGE][PASSED] - Object 'Object Repository/06-Teams/01-Add Team-Public/Add Team_Public' is visible

2023-02-10 11:39:54 - [TEST_STEP][PASSED] - scrollToElement(findTestObject("06-Teams/01-Add Team-Public/button_Create"), 0): Scroll to object 'Object Repository/06-Teams/01-Add Team-Public/button_Create' successfully

2023-02-10 11:39:55 - [MESSAGE][WARNING] - Timeout '0' is invalid. Using default page load timeout: '30'

2023-02-10 11:39:55 - [MESSAGE][PASSED] - Scroll to object 'Object Repository/06-Teams/01-Add Team-Public/button_Create' successfully

2023-02-10 11:39:55 - [TEST_STEP][PASSED] - verifyElementNotClickable(findTestObject("06-Teams/01-Add Team-Public/button_Create")): Object 'Object Repository/06-Teams/01-Add Team-Public/button_Create' is NOT clickable

2023-02-10 11:39:56 - [MESSAGE][PASSED] - Object 'Object Repository/06-Teams/01-Add Team-Public/button_Create' is NOT clickable

2023-02-10 11:39:56 - [TEST_STEP][PASSED] - delay(3): Delayed 3 second(s)

2023-02-10 11:39:59 - [MESSAGE][PASSED] - Delayed 3 second(s)

2023-02-10 11:39:59 - [TEST_STEP][PASSED] - click(findTestObject("06-Teams/01-Add Team-Public/input_teamName")): Object: 'Object Repository/06-Teams/01-Add Team-Public/input_teamName' is clicked on

2023-02-10 11:40:00 - [MESSAGE][PASSED] - Object: 'Object Repository/06-Teams/01-Add Team-Public/input_teamName' is clicked on

2023-02-10 11:40:00 - [TEST_STEP][PASSED] - click(findTestObject("06-Teams/01-Add Team-Public/Org unit")): Object: 'Object Repository/06-Teams/01-Add Team-Public/Org unit' is clicked on

2023-02-10 11:40:01 - [MESSAGE][PASSED] - Object: 'Object Repository/06-Teams/01-Add Team-Public/Org unit' is clicked on

2023-02-10 11:40:01 - [TEST_STEP][PASSED] - verifyElementVisible(findTestObject("06-Teams/01-Add Team-Public/h4_Select an organization unit")): Object 'Object Repository/06-Teams/01-Add Team-Public/h4_Select an organization unit' is visible

2023-02-10 11:40:02 - [MESSAGE][PASSED] - Object 'Object Repository/06-Teams/01-Add Team-Public/h4_Select an organization unit' is visible

2023-02-10 11:40:02 - [TEST_STEP][PASSED] - delay(3): Delayed 3 second(s)

2023-02-10 11:40:05 - [MESSAGE][PASSED] - Delayed 3 second(s)

2023-02-10 11:40:05 - [TEST_STEP][PASSED] - click(findTestObject("06-Teams/01-Add Team-Public/div_GG Automation")): Object: 'Object Repository/06-Teams/01-Add Team-Public/div_GG Automation' is clicked on

2023-02-10 11:40:06 - [MESSAGE][PASSED] - Object: 'Object Repository/06-Teams/01-Add Team-Public/div_GG Automation' is clicked on

2023-02-10 11:40:06 - [TEST_STEP][PASSED] - click(findTestObject("06-Teams/01-Add Team-Public/button_Select")): Object: 'Object Repository/06-Teams/01-Add Team-Public/button_Select' is clicked on

2023-02-10 11:40:06 - [MESSAGE][PASSED] - Object: 'Object Repository/06-Teams/01-Add Team-Public/button_Select' is clicked on

2023-02-10 11:40:06 - [TEST_STEP][PASSED] - verifyElementVisible(findTestObject("06-Teams/01-Add Team-Public/Error Team name")): Object 'Object Repository/06-Teams/01-Add Team-Public/Error Team name' is visible

2023-02-10 11:40:08 - [MESSAGE][PASSED] - Object 'Object Repository/06-Teams/01-Add Team-Public/Error Team name' is visible

2023-02-10 11:40:08 - [TEST_STEP][PASSED] - delay(3): Delayed 3 second(s)

2023-02-10 11:40:11 - [MESSAGE][PASSED] - Delayed 3 second(s)

2023-02-10 11:40:11 - [TEST_STEP][PASSED] - setText(findTestObject("06-Teams/01-Add Team-Public/input_teamName"), "Auto Team Public"): Text 'Auto Team Public' is set on object 'Object Repository/06-Teams/01-Add Team-Public/input_teamName'

2023-02-10 11:40:13 - [MESSAGE][PASSED] - Text 'Auto Team Public' is set on object 'Object Repository/06-Teams/01-Add Team-Public/input_teamName'

2023-02-10 11:40:13 - [TEST_STEP][PASSED] - scrollToElement(findTestObject("06-Teams/01-Add Team-Public/button_Create"), 0): Scroll to object 'Object Repository/06-Teams/01-Add Team-Public/button_Create' successfully

2023-02-10 11:40:13 - [MESSAGE][WARNING] - Timeout '0' is invalid. Using default page load timeout: '30'

2023-02-10 11:40:14 - [MESSAGE][PASSED] - Scroll to object 'Object Repository/06-Teams/01-Add Team-Public/button_Create' successfully

2023-02-10 11:40:14 - [TEST_STEP][PASSED] - click(findTestObject("06-Teams/01-Add Team-Public/button_Create")): Object: 'Object Repository/06-Teams/01-Add Team-Public/button_Create' is clicked on

2023-02-10 11:40:15 - [MESSAGE][PASSED] - Object: 'Object Repository/06-Teams/01-Add Team-Public/button_Create' is clicked on

2023-02-10 11:40:15 - [TEST_STEP][PASSED] - delay(3): Delayed 3 second(s)

2023-02-10 11:40:18 - [MESSAGE][PASSED] - Delayed 3 second(s)

2023-02-10 11:40:18 - [TEST_STEP][PASSED] - verifyElementVisible(findTestObject("06-Teams/01-Add Team-Public/span_Successfully added new team")): Object 'Object Repository/06-Teams/01-Add Team-Public/span_Successfully added new team' is visible

2023-02-10 11:40:19 - [MESSAGE][PASSED] - Object 'Object Repository/06-Teams/01-Add Team-Public/span_Successfully added new team' is visible

2023-02-10 11:40:19 - [TEST_STEP][PASSED] - delay(3): Delayed 3 second(s)

2023-02-10 11:40:22 - [MESSAGE][PASSED] - Delayed 3 second(s)

2023-02-10 11:40:22 - [TEST_STEP][PASSED] - verifyElementVisible(findTestObject("06-Teams/01-Add Team-Public/span_Auto Team Public")): Object 'Object Repository/06-Teams/01-Add Team-Public/span_Auto Team Public' is visible

2023-02-10 11:40:23 - [MESSAGE][PASSED] - Object 'Object Repository/06-Teams/01-Add Team-Public/span_Auto Team Public' is visible

2023-02-10 11:40:23 - [TEST_STEP][PASSED] - delay(3): Delayed 3 second(s)

2023-02-10 11:40:26 - [MESSAGE][PASSED] - Delayed 3 second(s)]]></system-out>
         <system-err><![CDATA[]]></system-err>
      </testcase>
      <testcase name="Test Cases/06- Teams/02-Add Team-Private" time="55.227" classname="Test Cases/06- Teams/02-Add Team-Private" status="PASSED">
         <system-out><![CDATA[2023-02-10 11:40:26 - [TEST_CASE][PASSED] - Test Cases/06- Teams/02-Add Team-Private: Test Cases/06- Teams/02-Add Team-Private

2023-02-10 11:40:28 - [TEST_STEP][PASSED] - click(findTestObject("06-Teams/Add Team")): Object: 'Object Repository/06-Teams/Add Team' is clicked on

2023-02-10 11:40:29 - [MESSAGE][PASSED] - Object: 'Object Repository/06-Teams/Add Team' is clicked on

2023-02-10 11:40:29 - [TEST_STEP][PASSED] - delay(3): Delayed 3 second(s)

2023-02-10 11:40:32 - [MESSAGE][PASSED] - Delayed 3 second(s)

2023-02-10 11:40:32 - [TEST_STEP][PASSED] - verifyElementVisible(findTestObject("06-Teams/button_Public")): Object 'Object Repository/06-Teams/button_Public' is visible

2023-02-10 11:40:32 - [MESSAGE][PASSED] - Object 'Object Repository/06-Teams/button_Public' is visible

2023-02-10 11:40:32 - [TEST_STEP][PASSED] - verifyElementVisible(findTestObject("06-Teams/button_Private")): Object 'Object Repository/06-Teams/button_Private' is visible

2023-02-10 11:40:33 - [MESSAGE][PASSED] - Object 'Object Repository/06-Teams/button_Private' is visible

2023-02-10 11:40:33 - [TEST_STEP][PASSED] - delay(3): Delayed 3 second(s)

2023-02-10 11:40:36 - [MESSAGE][PASSED] - Delayed 3 second(s)

2023-02-10 11:40:36 - [TEST_STEP][PASSED] - click(findTestObject("06-Teams/button_Private")): Object: 'Object Repository/06-Teams/button_Private' is clicked on

2023-02-10 11:40:38 - [MESSAGE][PASSED] - Object: 'Object Repository/06-Teams/button_Private' is clicked on

2023-02-10 11:40:38 - [TEST_STEP][PASSED] - delay(3): Delayed 3 second(s)

2023-02-10 11:40:41 - [MESSAGE][PASSED] - Delayed 3 second(s)

2023-02-10 11:40:41 - [TEST_STEP][PASSED] - verifyElementVisible(findTestObject("06-Teams/02-Add Team-Private/Add team- Private")): Object 'Object Repository/06-Teams/02-Add Team-Private/Add team- Private' is visible

2023-02-10 11:40:41 - [MESSAGE][PASSED] - Object 'Object Repository/06-Teams/02-Add Team-Private/Add team- Private' is visible

2023-02-10 11:40:41 - [TEST_STEP][PASSED] - verifyElementVisible(findTestObject("06-Teams/02-Add Team-Private/div_Settings")): Object 'Object Repository/06-Teams/02-Add Team-Private/div_Settings' is visible

2023-02-10 11:40:42 - [MESSAGE][PASSED] - Object 'Object Repository/06-Teams/02-Add Team-Private/div_Settings' is visible

2023-02-10 11:40:42 - [TEST_STEP][PASSED] - verifyElementVisible(findTestObject("06-Teams/02-Add Team-Private/div_Members")): Object 'Object Repository/06-Teams/02-Add Team-Private/div_Members' is visible

2023-02-10 11:40:43 - [MESSAGE][PASSED] - Object 'Object Repository/06-Teams/02-Add Team-Private/div_Members' is visible

2023-02-10 11:40:43 - [TEST_STEP][PASSED] - scrollToElement(findTestObject("06-Teams/01-Add Team-Public/button_Create"), 0): Scroll to object 'Object Repository/06-Teams/01-Add Team-Public/button_Create' successfully

2023-02-10 11:40:43 - [MESSAGE][WARNING] - Timeout '0' is invalid. Using default page load timeout: '30'

2023-02-10 11:40:43 - [MESSAGE][PASSED] - Scroll to object 'Object Repository/06-Teams/01-Add Team-Public/button_Create' successfully

2023-02-10 11:40:43 - [TEST_STEP][PASSED] - verifyElementNotClickable(findTestObject("06-Teams/01-Add Team-Public/button_Create")): Object 'Object Repository/06-Teams/01-Add Team-Public/button_Create' is NOT clickable

2023-02-10 11:40:44 - [MESSAGE][PASSED] - Object 'Object Repository/06-Teams/01-Add Team-Public/button_Create' is NOT clickable

2023-02-10 11:40:44 - [TEST_STEP][PASSED] - delay(3): Delayed 3 second(s)

2023-02-10 11:40:47 - [MESSAGE][PASSED] - Delayed 3 second(s)

2023-02-10 11:40:47 - [TEST_STEP][PASSED] - click(findTestObject("06-Teams/01-Add Team-Public/input_teamName")): Object: 'Object Repository/06-Teams/01-Add Team-Public/input_teamName' is clicked on

2023-02-10 11:40:48 - [MESSAGE][PASSED] - Object: 'Object Repository/06-Teams/01-Add Team-Public/input_teamName' is clicked on

2023-02-10 11:40:48 - [TEST_STEP][PASSED] - click(findTestObject("06-Teams/01-Add Team-Public/Org unit")): Object: 'Object Repository/06-Teams/01-Add Team-Public/Org unit' is clicked on

2023-02-10 11:40:49 - [MESSAGE][PASSED] - Object: 'Object Repository/06-Teams/01-Add Team-Public/Org unit' is clicked on

2023-02-10 11:40:49 - [TEST_STEP][PASSED] - verifyElementVisible(findTestObject("06-Teams/01-Add Team-Public/h4_Select an organization unit")): Object 'Object Repository/06-Teams/01-Add Team-Public/h4_Select an organization unit' is visible

2023-02-10 11:40:50 - [MESSAGE][PASSED] - Object 'Object Repository/06-Teams/01-Add Team-Public/h4_Select an organization unit' is visible

2023-02-10 11:40:50 - [TEST_STEP][PASSED] - delay(3): Delayed 3 second(s)

2023-02-10 11:40:53 - [MESSAGE][PASSED] - Delayed 3 second(s)

2023-02-10 11:40:53 - [TEST_STEP][PASSED] - click(findTestObject("06-Teams/01-Add Team-Public/div_GG Automation")): Object: 'Object Repository/06-Teams/01-Add Team-Public/div_GG Automation' is clicked on

2023-02-10 11:40:54 - [MESSAGE][PASSED] - Object: 'Object Repository/06-Teams/01-Add Team-Public/div_GG Automation' is clicked on

2023-02-10 11:40:54 - [TEST_STEP][PASSED] - click(findTestObject("06-Teams/01-Add Team-Public/button_Select")): Object: 'Object Repository/06-Teams/01-Add Team-Public/button_Select' is clicked on

2023-02-10 11:40:55 - [MESSAGE][PASSED] - Object: 'Object Repository/06-Teams/01-Add Team-Public/button_Select' is clicked on

2023-02-10 11:40:55 - [TEST_STEP][PASSED] - verifyElementVisible(findTestObject("06-Teams/01-Add Team-Public/Error Team name")): Object 'Object Repository/06-Teams/01-Add Team-Public/Error Team name' is visible

2023-02-10 11:40:55 - [MESSAGE][PASSED] - Object 'Object Repository/06-Teams/01-Add Team-Public/Error Team name' is visible

2023-02-10 11:40:55 - [TEST_STEP][PASSED] - delay(3): Delayed 3 second(s)

2023-02-10 11:40:58 - [MESSAGE][PASSED] - Delayed 3 second(s)

2023-02-10 11:40:58 - [TEST_STEP][PASSED] - setText(findTestObject("06-Teams/01-Add Team-Public/input_teamName"), "Auto Team Private"): Text 'Auto Team Private' is set on object 'Object Repository/06-Teams/01-Add Team-Public/input_teamName'

2023-02-10 11:41:01 - [MESSAGE][PASSED] - Text 'Auto Team Private' is set on object 'Object Repository/06-Teams/01-Add Team-Public/input_teamName'

2023-02-10 11:41:01 - [TEST_STEP][PASSED] - delay(3): Delayed 3 second(s)

2023-02-10 11:41:04 - [MESSAGE][PASSED] - Delayed 3 second(s)

2023-02-10 11:41:04 - [TEST_STEP][PASSED] - click(findTestObject("06-Teams/02-Add Team-Private/div_Members")): Object: 'Object Repository/06-Teams/02-Add Team-Private/div_Members' is clicked on

2023-02-10 11:41:05 - [MESSAGE][PASSED] - Object: 'Object Repository/06-Teams/02-Add Team-Private/div_Members' is clicked on

2023-02-10 11:41:05 - [TEST_STEP][PASSED] - verifyElementVisible(findTestObject("06-Teams/02-Add Team-Private/Members dialog box")): Object 'Object Repository/06-Teams/02-Add Team-Private/Members dialog box' is visible

2023-02-10 11:41:06 - [MESSAGE][PASSED] - Object 'Object Repository/06-Teams/02-Add Team-Private/Members dialog box' is visible

2023-02-10 11:41:06 - [TEST_STEP][PASSED] - delay(3): Delayed 3 second(s)

2023-02-10 11:41:09 - [MESSAGE][PASSED] - Delayed 3 second(s)

2023-02-10 11:41:09 - [TEST_STEP][PASSED] - scrollToElement(findTestObject("06-Teams/01-Add Team-Public/button_Create"), 0): Scroll to object 'Object Repository/06-Teams/01-Add Team-Public/button_Create' successfully

2023-02-10 11:41:09 - [MESSAGE][WARNING] - Timeout '0' is invalid. Using default page load timeout: '30'

2023-02-10 11:41:10 - [MESSAGE][PASSED] - Scroll to object 'Object Repository/06-Teams/01-Add Team-Public/button_Create' successfully

2023-02-10 11:41:10 - [TEST_STEP][PASSED] - click(findTestObject("06-Teams/01-Add Team-Public/button_Create")): Object: 'Object Repository/06-Teams/01-Add Team-Public/button_Create' is clicked on

2023-02-10 11:41:10 - [MESSAGE][PASSED] - Object: 'Object Repository/06-Teams/01-Add Team-Public/button_Create' is clicked on

2023-02-10 11:41:10 - [TEST_STEP][PASSED] - verifyElementVisible(findTestObject("06-Teams/01-Add Team-Public/span_Successfully added new team")): Object 'Object Repository/06-Teams/01-Add Team-Public/span_Successfully added new team' is visible

2023-02-10 11:41:13 - [MESSAGE][PASSED] - Object 'Object Repository/06-Teams/01-Add Team-Public/span_Successfully added new team' is visible

2023-02-10 11:41:13 - [TEST_STEP][PASSED] - delay(3): Delayed 3 second(s)

2023-02-10 11:41:16 - [MESSAGE][PASSED] - Delayed 3 second(s)

2023-02-10 11:41:16 - [TEST_STEP][PASSED] - verifyElementVisible(findTestObject("06-Teams/02-Add Team-Private/span_Auto Team Private")): Object 'Object Repository/06-Teams/02-Add Team-Private/span_Auto Team Private' is visible

2023-02-10 11:41:17 - [MESSAGE][PASSED] - Object 'Object Repository/06-Teams/02-Add Team-Private/span_Auto Team Private' is visible

2023-02-10 11:41:17 - [TEST_STEP][PASSED] - delay(3): Delayed 3 second(s)

2023-02-10 11:41:20 - [MESSAGE][PASSED] - Delayed 3 second(s)

2023-02-10 11:41:20 - [TEST_STEP][PASSED] - closeBrowser(): Browser is closed

2023-02-10 11:41:21 - [MESSAGE][PASSED] - Browser is closed]]></system-out>
         <system-err><![CDATA[]]></system-err>
      </testcase>
      <system-out><![CDATA[2023-02-10 11:37:51 - [TEST_SUITE][PASSED] - 06.1- Teams - Add: Test Cases/06- Teams/02-Add Team-Private]]></system-out>
      <system-err><![CDATA[]]></system-err>
   </testsuite>
</testsuites>
