<?xml version="1.0" encoding="UTF-8"?>
<testsuites name="06-Teams" time="412.088" tests="2" failures="0" errors="0">
   <testsuite name="06-Teams" tests="2" failures="0" errors="0" time="412.088" skipped="0" timestamp="2022-03-24 16:24:02" hostname="User - DESKTOP-QCRNR4M" id="Test Suites/TS-Organization/06-Teams">
      <properties>
         <property name="deviceName" value=""/>
         <property name="devicePlatform" value=""/>
         <property name="logFolder" value="C:\\Users\\User\\Katalon Studio\\EverleaguesMain\\Reports\\20220324_162358\\TS-Organization\\06-Teams\\20220324_162359"/>
         <property name="logFiles" value="C:\\Users\\User\\Katalon Studio\\EverleaguesMain\\Reports\\20220324_162358\\TS-Organization\\06-Teams\\20220324_162359\\execution0.log"/>
         <property name="attachments" value=""/>
         <property name="hostName" value="User - DESKTOP-QCRNR4M"/>
         <property name="os" value="Windows 10 64bit"/>
         <property name="katalonVersion" value="8.2.5.208"/>
         <property name="browser" value="Chrome 99.0.4844.82"/>
         <property name="hostAddress" value="192.168.5.83"/>
         <property name="sessionId" value="acf27f58c3e5496c305d326ea029018d"/>
         <property name="seleniumVersion" value="3.141.59"/>
         <property name="proxyInformation" value="ProxyInformation { proxyOption=NO_PROXY, proxyServerType=HTTP, username=, password=********, proxyServerAddress=, proxyServerPort=0, executionList=&quot;&quot;, isApplyToDesiredCapabilities=true }"/>
         <property name="platform" value="Windows 10"/>
      </properties>
      <testcase name="Test Cases/06-Teams/01- Add Team- Public" time="287.201" classname="Test Cases/06-Teams/01- Add Team- Public" status="PASSED">
         <system-out><![CDATA[2022-03-24 16:24:02 - [TEST_CASE][PASSED] - Test Cases/06-Teams/01- Add Team- Public: Test Cases/06-Teams/01- Add Team- Public

2022-03-24 16:24:03 - [TEST_STEP][PASSED] - openBrowser(""): Browser is opened with url: ''

2022-03-24 16:24:03 - [MESSAGE][INFO] - Starting 'Chrome' driver

2022-03-24 16:24:03 - [MESSAGE][INFO] - Action delay is set to 0 milliseconds

2022-03-24 16:24:05 - [MESSAGE][PASSED] - Browser is opened with url: ''

2022-03-24 16:24:05 - [TEST_STEP][PASSED] - navigateToUrl("https://lab.everleagues.com/"): Navigate to 'https://lab.everleagues.com/' successfully

2022-03-24 16:27:21 - [MESSAGE][PASSED] - Navigate to 'https://lab.everleagues.com/' successfully

2022-03-24 16:27:21 - [TEST_STEP][PASSED] - maximizeWindow(): Current window maximized

2022-03-24 16:27:21 - [MESSAGE][PASSED] - Current window maximized

2022-03-24 16:27:21 - [TEST_STEP][PASSED] - setText(findTestObject("02-Side Icons(Organization)/Add Contact/Email Field"), "testuser02@mailinator.com"): Text 'testuser02@mailinator.com' is set on object 'Object Repository/02-Side Icons(Organization)/Add Contact/Email Field'

2022-03-24 16:27:22 - [MESSAGE][PASSED] - Text 'testuser02@mailinator.com' is set on object 'Object Repository/02-Side Icons(Organization)/Add Contact/Email Field'

2022-03-24 16:27:22 - [TEST_STEP][PASSED] - setEncryptedText(findTestObject("02-Side Icons(Organization)/Add Contact/Password Field"), "8yFRyszE6U6jvsCn51OQbg=="): Text ****** has been set on object 'Object Repository/02-Side Icons(Organization)/Add Contact/Password Field'

2022-03-24 16:27:22 - [MESSAGE][PASSED] - Text ****** has been set on object 'Object Repository/02-Side Icons(Organization)/Add Contact/Password Field'

2022-03-24 16:27:22 - [TEST_STEP][PASSED] - click(findTestObject("02-Side Icons(Organization)/Add Contact/button_Sign in")): Object: 'Object Repository/02-Side Icons(Organization)/Add Contact/button_Sign in' is clicked on

2022-03-24 16:27:23 - [MESSAGE][PASSED] - Object: 'Object Repository/02-Side Icons(Organization)/Add Contact/button_Sign in' is clicked on

2022-03-24 16:27:23 - [TEST_STEP][PASSED] - delay(2): Delayed 2 second(s)

2022-03-24 16:27:25 - [MESSAGE][PASSED] - Delayed 2 second(s)

2022-03-24 16:27:25 - [TEST_STEP][PASSED] - click(findTestObject("06-Teams/For 2FA/button_Confirm_2FA")): Object: 'Object Repository/06-Teams/For 2FA/button_Confirm_2FA' is clicked on

2022-03-24 16:27:26 - [MESSAGE][PASSED] - Object: 'Object Repository/06-Teams/For 2FA/button_Confirm_2FA' is clicked on

2022-03-24 16:27:26 - [TEST_STEP][PASSED] - executeJavaScript("window.open();", []): Execute JavaScript 'window.open();' successfully

2022-03-24 16:27:26 - [MESSAGE][PASSED] - Execute JavaScript 'window.open();' successfully

2022-03-24 16:27:26 - [TEST_STEP][PASSED] - currentWindow = getWindowIndex(): Current window's index is: 0

2022-03-24 16:27:26 - [MESSAGE][PASSED] - Current window's index is: 0

2022-03-24 16:27:26 - [TEST_STEP][PASSED] - delay(3): Delayed 3 second(s)

2022-03-24 16:27:29 - [MESSAGE][PASSED] - Delayed 3 second(s)

2022-03-24 16:27:29 - [TEST_STEP][PASSED] - switchToWindowIndex(currentWindow + 1): Switched to window with index: '1'

2022-03-24 16:27:29 - [MESSAGE][PASSED] - Switched to window with index: '1'

2022-03-24 16:27:29 - [TEST_STEP][PASSED] - navigateToUrl("https://www.mailinator.com/"): Navigate to 'https://www.mailinator.com/' successfully

2022-03-24 16:27:32 - [MESSAGE][PASSED] - Navigate to 'https://www.mailinator.com/' successfully

2022-03-24 16:27:32 - [TEST_STEP][PASSED] - delay(3): Delayed 3 second(s)

2022-03-24 16:27:35 - [MESSAGE][PASSED] - Delayed 3 second(s)

2022-03-24 16:27:35 - [TEST_STEP][PASSED] - setText(findTestObject("00-Signup and Activation/zMailinator/input_LOGIN_search"), "testuser02@mailinator.com"): Text 'testuser02@mailinator.com' is set on object 'Object Repository/00-Signup and Activation/zMailinator/input_LOGIN_search'

2022-03-24 16:27:35 - [MESSAGE][PASSED] - Text 'testuser02@mailinator.com' is set on object 'Object Repository/00-Signup and Activation/zMailinator/input_LOGIN_search'

2022-03-24 16:27:35 - [TEST_STEP][PASSED] - click(findTestObject("00-Signup and Activation/zMailinator/gobutton"), STOP_ON_FAILURE): Object: 'Object Repository/00-Signup and Activation/zMailinator/gobutton' is clicked on

2022-03-24 16:27:37 - [MESSAGE][PASSED] - Object: 'Object Repository/00-Signup and Activation/zMailinator/gobutton' is clicked on

2022-03-24 16:27:37 - [TEST_STEP][PASSED] - delay(3): Delayed 3 second(s)

2022-03-24 16:27:40 - [MESSAGE][PASSED] - Delayed 3 second(s)

2022-03-24 16:27:40 - [TEST_STEP][PASSED] - click(findTestObject("00-Signup and Activation/zMailinator/Email - everleagues")): Object: 'Object Repository/00-Signup and Activation/zMailinator/Email - everleagues' is clicked on

2022-03-24 16:27:40 - [MESSAGE][PASSED] - Object: 'Object Repository/00-Signup and Activation/zMailinator/Email - everleagues' is clicked on

2022-03-24 16:27:40 - [TEST_STEP][PASSED] - delay(3): Delayed 3 second(s)

2022-03-24 16:27:43 - [MESSAGE][PASSED] - Delayed 3 second(s)

2022-03-24 16:27:43 - [TEST_STEP][PASSED] - code = getText(findTestObject("Object Repository/06-Teams/For 2FA/2FA code")): Text of object 'Object Repository/06-Teams/For 2FA/2FA code' is: '486841'

2022-03-24 16:27:44 - [MESSAGE][PASSED] - Text of object 'Object Repository/06-Teams/For 2FA/2FA code' is: '486841'

2022-03-24 16:27:44 - [TEST_STEP][PASSED] - delay(3): Delayed 3 second(s)

2022-03-24 16:27:47 - [MESSAGE][PASSED] - Delayed 3 second(s)

2022-03-24 16:27:47 - [TEST_STEP][PASSED] - closeWindowTitle("Mailinator"): Window with title: 'Mailinator' is closed

2022-03-24 16:27:47 - [MESSAGE][PASSED] - Window with title: 'Mailinator' is closed

2022-03-24 16:27:47 - [TEST_STEP][PASSED] - delay(3): Delayed 3 second(s)

2022-03-24 16:27:50 - [MESSAGE][PASSED] - Delayed 3 second(s)

2022-03-24 16:27:50 - [TEST_STEP][PASSED] - switchToWindowIndex(0): Switched to window with index: '0'

2022-03-24 16:27:50 - [MESSAGE][PASSED] - Switched to window with index: '0'

2022-03-24 16:27:50 - [TEST_STEP][PASSED] - delay(3): Delayed 3 second(s)

2022-03-24 16:27:53 - [MESSAGE][PASSED] - Delayed 3 second(s)

2022-03-24 16:27:53 - [TEST_STEP][PASSED] - setText(findTestObject("Object Repository/06-Teams/For 2FA/input_Enter verification code_code"), code): Text '486841' is set on object 'Object Repository/06-Teams/For 2FA/input_Enter verification code_code'

2022-03-24 16:27:54 - [MESSAGE][PASSED] - Text '486841' is set on object 'Object Repository/06-Teams/For 2FA/input_Enter verification code_code'

2022-03-24 16:27:54 - [TEST_STEP][PASSED] - delay(3): Delayed 3 second(s)

2022-03-24 16:27:57 - [MESSAGE][PASSED] - Delayed 3 second(s)

2022-03-24 16:27:57 - [TEST_STEP][PASSED] - click(findTestObject("06-Teams/For 2FA/button_Verify_2FA")): Object: 'Object Repository/06-Teams/For 2FA/button_Verify_2FA' is clicked on

2022-03-24 16:27:57 - [MESSAGE][PASSED] - Object: 'Object Repository/06-Teams/For 2FA/button_Verify_2FA' is clicked on

2022-03-24 16:27:57 - [TEST_STEP][PASSED] - delay(5): Delayed 5 second(s)

2022-03-24 16:28:02 - [MESSAGE][PASSED] - Delayed 5 second(s)

2022-03-24 16:28:02 - [TEST_STEP][PASSED] - click(findTestObject("06-Teams/button_doublearrow")): Object: 'Object Repository/06-Teams/button_doublearrow' is clicked on

2022-03-24 16:28:03 - [MESSAGE][PASSED] - Object: 'Object Repository/06-Teams/button_doublearrow' is clicked on

2022-03-24 16:28:03 - [TEST_STEP][PASSED] - click(findTestObject("06-Teams/button_My Organizations")): Object: 'Object Repository/06-Teams/button_My Organizations' is clicked on

2022-03-24 16:28:03 - [MESSAGE][PASSED] - Object: 'Object Repository/06-Teams/button_My Organizations' is clicked on

2022-03-24 16:28:03 - [TEST_STEP][PASSED] - click(findTestObject("06-Teams/button_GG Automation")): Object: 'Object Repository/06-Teams/button_GG Automation' is clicked on

2022-03-24 16:28:04 - [MESSAGE][PASSED] - Object: 'Object Repository/06-Teams/button_GG Automation' is clicked on

2022-03-24 16:28:04 - [TEST_STEP][PASSED] - delay(4): Delayed 4 second(s)

2022-03-24 16:28:08 - [MESSAGE][PASSED] - Delayed 4 second(s)

2022-03-24 16:28:08 - [TEST_STEP][PASSED] - verifyElementVisible(findTestObject("06-Teams/span_GG Automation")): Object 'Object Repository/06-Teams/span_GG Automation' is visible

2022-03-24 16:28:09 - [MESSAGE][PASSED] - Object 'Object Repository/06-Teams/span_GG Automation' is visible

2022-03-24 16:28:09 - [TEST_STEP][PASSED] - delay(2): Delayed 2 second(s)

2022-03-24 16:28:11 - [MESSAGE][PASSED] - Delayed 2 second(s)

2022-03-24 16:28:11 - [TEST_STEP][PASSED] - click(findTestObject("03-Header Menu/Hamburger Button/div_Teams")): Object: 'Object Repository/03-Header Menu/Hamburger Button/div_Teams' is clicked on

2022-03-24 16:28:11 - [MESSAGE][PASSED] - Object: 'Object Repository/03-Header Menu/Hamburger Button/div_Teams' is clicked on

2022-03-24 16:28:11 - [TEST_STEP][PASSED] - delay(2): Delayed 2 second(s)

2022-03-24 16:28:13 - [MESSAGE][PASSED] - Delayed 2 second(s)

2022-03-24 16:28:13 - [TEST_STEP][PASSED] - verifyElementVisible(findTestObject("06-Teams/h4_TEAMS")): Object 'Object Repository/06-Teams/h4_TEAMS' is visible

2022-03-24 16:28:14 - [MESSAGE][PASSED] - Object 'Object Repository/06-Teams/h4_TEAMS' is visible

2022-03-24 16:28:14 - [TEST_STEP][PASSED] - delay(3): Delayed 3 second(s)

2022-03-24 16:28:17 - [MESSAGE][PASSED] - Delayed 3 second(s)

2022-03-24 16:28:17 - [TEST_STEP][PASSED] - click(findTestObject("06-Teams/Add Team")): Object: 'Object Repository/06-Teams/Add Team' is clicked on

2022-03-24 16:28:17 - [MESSAGE][PASSED] - Object: 'Object Repository/06-Teams/Add Team' is clicked on

2022-03-24 16:28:17 - [TEST_STEP][PASSED] - delay(3): Delayed 3 second(s)

2022-03-24 16:28:20 - [MESSAGE][PASSED] - Delayed 3 second(s)

2022-03-24 16:28:20 - [TEST_STEP][PASSED] - verifyElementVisible(findTestObject("06-Teams/button_Public")): Object 'Object Repository/06-Teams/button_Public' is visible

2022-03-24 16:28:20 - [MESSAGE][PASSED] - Object 'Object Repository/06-Teams/button_Public' is visible

2022-03-24 16:28:20 - [TEST_STEP][PASSED] - verifyElementVisible(findTestObject("06-Teams/button_Private")): Object 'Object Repository/06-Teams/button_Private' is visible

2022-03-24 16:28:21 - [MESSAGE][PASSED] - Object 'Object Repository/06-Teams/button_Private' is visible

2022-03-24 16:28:21 - [TEST_STEP][PASSED] - delay(3): Delayed 3 second(s)

2022-03-24 16:28:24 - [MESSAGE][PASSED] - Delayed 3 second(s)

2022-03-24 16:28:24 - [TEST_STEP][PASSED] - click(findTestObject("06-Teams/button_Public")): Object: 'Object Repository/06-Teams/button_Public' is clicked on

2022-03-24 16:28:24 - [MESSAGE][PASSED] - Object: 'Object Repository/06-Teams/button_Public' is clicked on

2022-03-24 16:28:24 - [TEST_STEP][PASSED] - verifyElementVisible(findTestObject("06-Teams/01-Add Team-Public/Add Team_Public")): Object 'Object Repository/06-Teams/01-Add Team-Public/Add Team_Public' is visible

2022-03-24 16:28:25 - [MESSAGE][PASSED] - Object 'Object Repository/06-Teams/01-Add Team-Public/Add Team_Public' is visible

2022-03-24 16:28:25 - [TEST_STEP][PASSED] - verifyElementNotClickable(findTestObject("06-Teams/01-Add Team-Public/button_Create")): Object 'Object Repository/06-Teams/01-Add Team-Public/button_Create' is NOT clickable

2022-03-24 16:28:25 - [MESSAGE][PASSED] - Object 'Object Repository/06-Teams/01-Add Team-Public/button_Create' is NOT clickable

2022-03-24 16:28:25 - [TEST_STEP][PASSED] - delay(3): Delayed 3 second(s)

2022-03-24 16:28:28 - [MESSAGE][PASSED] - Delayed 3 second(s)

2022-03-24 16:28:28 - [TEST_STEP][PASSED] - click(findTestObject("06-Teams/01-Add Team-Public/input_teamName")): Object: 'Object Repository/06-Teams/01-Add Team-Public/input_teamName' is clicked on

2022-03-24 16:28:29 - [MESSAGE][PASSED] - Object: 'Object Repository/06-Teams/01-Add Team-Public/input_teamName' is clicked on

2022-03-24 16:28:29 - [TEST_STEP][PASSED] - click(findTestObject("06-Teams/01-Add Team-Public/Org unit")): Object: 'Object Repository/06-Teams/01-Add Team-Public/Org unit' is clicked on

2022-03-24 16:28:29 - [MESSAGE][PASSED] - Object: 'Object Repository/06-Teams/01-Add Team-Public/Org unit' is clicked on

2022-03-24 16:28:29 - [TEST_STEP][PASSED] - verifyElementVisible(findTestObject("06-Teams/01-Add Team-Public/h4_Select an organization unit")): Object 'Object Repository/06-Teams/01-Add Team-Public/h4_Select an organization unit' is visible

2022-03-24 16:28:30 - [MESSAGE][PASSED] - Object 'Object Repository/06-Teams/01-Add Team-Public/h4_Select an organization unit' is visible

2022-03-24 16:28:30 - [TEST_STEP][PASSED] - delay(3): Delayed 3 second(s)

2022-03-24 16:28:33 - [MESSAGE][PASSED] - Delayed 3 second(s)

2022-03-24 16:28:33 - [TEST_STEP][PASSED] - click(findTestObject("06-Teams/01-Add Team-Public/div_GG Automation")): Object: 'Object Repository/06-Teams/01-Add Team-Public/div_GG Automation' is clicked on

2022-03-24 16:28:33 - [MESSAGE][PASSED] - Object: 'Object Repository/06-Teams/01-Add Team-Public/div_GG Automation' is clicked on

2022-03-24 16:28:33 - [TEST_STEP][PASSED] - click(findTestObject("06-Teams/01-Add Team-Public/button_Select")): Object: 'Object Repository/06-Teams/01-Add Team-Public/button_Select' is clicked on

2022-03-24 16:28:34 - [MESSAGE][PASSED] - Object: 'Object Repository/06-Teams/01-Add Team-Public/button_Select' is clicked on

2022-03-24 16:28:34 - [TEST_STEP][PASSED] - verifyElementVisible(findTestObject("06-Teams/01-Add Team-Public/Error Team name")): Object 'Object Repository/06-Teams/01-Add Team-Public/Error Team name' is visible

2022-03-24 16:28:35 - [MESSAGE][PASSED] - Object 'Object Repository/06-Teams/01-Add Team-Public/Error Team name' is visible

2022-03-24 16:28:35 - [TEST_STEP][PASSED] - delay(3): Delayed 3 second(s)

2022-03-24 16:28:38 - [MESSAGE][PASSED] - Delayed 3 second(s)

2022-03-24 16:28:38 - [TEST_STEP][PASSED] - setText(findTestObject("06-Teams/01-Add Team-Public/input_teamName"), "Auto Team Public"): Text 'Auto Team Public' is set on object 'Object Repository/06-Teams/01-Add Team-Public/input_teamName'

2022-03-24 16:28:38 - [MESSAGE][PASSED] - Text 'Auto Team Public' is set on object 'Object Repository/06-Teams/01-Add Team-Public/input_teamName'

2022-03-24 16:28:38 - [TEST_STEP][PASSED] - click(findTestObject("06-Teams/01-Add Team-Public/button_Create")): Object: 'Object Repository/06-Teams/01-Add Team-Public/button_Create' is clicked on

2022-03-24 16:28:39 - [MESSAGE][PASSED] - Object: 'Object Repository/06-Teams/01-Add Team-Public/button_Create' is clicked on

2022-03-24 16:28:39 - [TEST_STEP][PASSED] - delay(3): Delayed 3 second(s)

2022-03-24 16:28:42 - [MESSAGE][PASSED] - Delayed 3 second(s)

2022-03-24 16:28:42 - [TEST_STEP][PASSED] - verifyElementVisible(findTestObject("06-Teams/01-Add Team-Public/span_Successfully added new team")): Object 'Object Repository/06-Teams/01-Add Team-Public/span_Successfully added new team' is visible

2022-03-24 16:28:42 - [MESSAGE][PASSED] - Object 'Object Repository/06-Teams/01-Add Team-Public/span_Successfully added new team' is visible

2022-03-24 16:28:42 - [TEST_STEP][PASSED] - delay(3): Delayed 3 second(s)

2022-03-24 16:28:45 - [MESSAGE][PASSED] - Delayed 3 second(s)

2022-03-24 16:28:45 - [TEST_STEP][PASSED] - verifyElementVisible(findTestObject("06-Teams/01-Add Team-Public/span_Auto Team Public")): Object 'Object Repository/06-Teams/01-Add Team-Public/span_Auto Team Public' is visible

2022-03-24 16:28:46 - [MESSAGE][PASSED] - Object 'Object Repository/06-Teams/01-Add Team-Public/span_Auto Team Public' is visible

2022-03-24 16:28:46 - [TEST_STEP][PASSED] - delay(3): Delayed 3 second(s)

2022-03-24 16:28:49 - [MESSAGE][PASSED] - Delayed 3 second(s)

2022-03-24 16:28:49 - [TEST_STEP][PASSED] - closeBrowser(): Browser is closed

2022-03-24 16:28:49 - [MESSAGE][PASSED] - Browser is closed]]></system-out>
         <system-err><![CDATA[]]></system-err>
      </testcase>
      <testcase name="Test Cases/06-Teams/02-Add Team-Private" time="124.417" classname="Test Cases/06-Teams/02-Add Team-Private" status="PASSED">
         <system-out><![CDATA[2022-03-24 16:28:49 - [TEST_CASE][PASSED] - Test Cases/06-Teams/02-Add Team-Private: Test Cases/06-Teams/02-Add Team-Private

2022-03-24 16:28:50 - [TEST_STEP][PASSED] - openBrowser(""): Browser is opened with url: ''

2022-03-24 16:28:50 - [MESSAGE][INFO] - Starting 'Chrome' driver

2022-03-24 16:28:50 - [MESSAGE][INFO] - Action delay is set to 0 milliseconds

2022-03-24 16:28:51 - [MESSAGE][PASSED] - Browser is opened with url: ''

2022-03-24 16:28:51 - [TEST_STEP][PASSED] - navigateToUrl("https://lab.everleagues.com/"): Navigate to 'https://lab.everleagues.com/' successfully

2022-03-24 16:29:16 - [MESSAGE][PASSED] - Navigate to 'https://lab.everleagues.com/' successfully

2022-03-24 16:29:16 - [TEST_STEP][PASSED] - maximizeWindow(): Current window maximized

2022-03-24 16:29:16 - [MESSAGE][PASSED] - Current window maximized

2022-03-24 16:29:16 - [TEST_STEP][PASSED] - setText(findTestObject("02-Side Icons(Organization)/Add Contact/Email Field"), "testuser02@mailinator.com"): Text 'testuser02@mailinator.com' is set on object 'Object Repository/02-Side Icons(Organization)/Add Contact/Email Field'

2022-03-24 16:29:17 - [MESSAGE][PASSED] - Text 'testuser02@mailinator.com' is set on object 'Object Repository/02-Side Icons(Organization)/Add Contact/Email Field'

2022-03-24 16:29:17 - [TEST_STEP][PASSED] - setEncryptedText(findTestObject("02-Side Icons(Organization)/Add Contact/Password Field"), "8yFRyszE6U6jvsCn51OQbg=="): Text ****** has been set on object 'Object Repository/02-Side Icons(Organization)/Add Contact/Password Field'

2022-03-24 16:29:18 - [MESSAGE][PASSED] - Text ****** has been set on object 'Object Repository/02-Side Icons(Organization)/Add Contact/Password Field'

2022-03-24 16:29:18 - [TEST_STEP][PASSED] - click(findTestObject("02-Side Icons(Organization)/Add Contact/button_Sign in")): Object: 'Object Repository/02-Side Icons(Organization)/Add Contact/button_Sign in' is clicked on

2022-03-24 16:29:18 - [MESSAGE][PASSED] - Object: 'Object Repository/02-Side Icons(Organization)/Add Contact/button_Sign in' is clicked on

2022-03-24 16:29:18 - [TEST_STEP][PASSED] - delay(3): Delayed 3 second(s)

2022-03-24 16:29:21 - [MESSAGE][PASSED] - Delayed 3 second(s)

2022-03-24 16:29:21 - [TEST_STEP][PASSED] - click(findTestObject("06-Teams/For 2FA/button_Confirm_2FA")): Object: 'Object Repository/06-Teams/For 2FA/button_Confirm_2FA' is clicked on

2022-03-24 16:29:22 - [MESSAGE][PASSED] - Object: 'Object Repository/06-Teams/For 2FA/button_Confirm_2FA' is clicked on

2022-03-24 16:29:22 - [TEST_STEP][PASSED] - executeJavaScript("window.open();", []): Execute JavaScript 'window.open();' successfully

2022-03-24 16:29:22 - [MESSAGE][PASSED] - Execute JavaScript 'window.open();' successfully

2022-03-24 16:29:22 - [TEST_STEP][PASSED] - currentWindow = getWindowIndex(): Current window's index is: 0

2022-03-24 16:29:22 - [MESSAGE][PASSED] - Current window's index is: 0

2022-03-24 16:29:22 - [TEST_STEP][PASSED] - delay(3): Delayed 3 second(s)

2022-03-24 16:29:25 - [MESSAGE][PASSED] - Delayed 3 second(s)

2022-03-24 16:29:25 - [TEST_STEP][PASSED] - switchToWindowIndex(currentWindow + 1): Switched to window with index: '1'

2022-03-24 16:29:25 - [MESSAGE][PASSED] - Switched to window with index: '1'

2022-03-24 16:29:25 - [TEST_STEP][PASSED] - navigateToUrl("https://www.mailinator.com/"): Navigate to 'https://www.mailinator.com/' successfully

2022-03-24 16:29:28 - [MESSAGE][PASSED] - Navigate to 'https://www.mailinator.com/' successfully

2022-03-24 16:29:28 - [TEST_STEP][PASSED] - delay(3): Delayed 3 second(s)

2022-03-24 16:29:31 - [MESSAGE][PASSED] - Delayed 3 second(s)

2022-03-24 16:29:31 - [TEST_STEP][PASSED] - setText(findTestObject("00-Signup and Activation/zMailinator/input_LOGIN_search"), "testuser02@mailinator.com"): Text 'testuser02@mailinator.com' is set on object 'Object Repository/00-Signup and Activation/zMailinator/input_LOGIN_search'

2022-03-24 16:29:31 - [MESSAGE][PASSED] - Text 'testuser02@mailinator.com' is set on object 'Object Repository/00-Signup and Activation/zMailinator/input_LOGIN_search'

2022-03-24 16:29:31 - [TEST_STEP][PASSED] - click(findTestObject("00-Signup and Activation/zMailinator/gobutton"), STOP_ON_FAILURE): Object: 'Object Repository/00-Signup and Activation/zMailinator/gobutton' is clicked on

2022-03-24 16:29:32 - [MESSAGE][PASSED] - Object: 'Object Repository/00-Signup and Activation/zMailinator/gobutton' is clicked on

2022-03-24 16:29:32 - [TEST_STEP][PASSED] - delay(3): Delayed 3 second(s)

2022-03-24 16:29:35 - [MESSAGE][PASSED] - Delayed 3 second(s)

2022-03-24 16:29:36 - [TEST_STEP][PASSED] - click(findTestObject("00-Signup and Activation/zMailinator/Email - everleagues")): Object: 'Object Repository/00-Signup and Activation/zMailinator/Email - everleagues' is clicked on

2022-03-24 16:29:36 - [MESSAGE][PASSED] - Object: 'Object Repository/00-Signup and Activation/zMailinator/Email - everleagues' is clicked on

2022-03-24 16:29:36 - [TEST_STEP][PASSED] - delay(3): Delayed 3 second(s)

2022-03-24 16:29:39 - [MESSAGE][PASSED] - Delayed 3 second(s)

2022-03-24 16:29:39 - [TEST_STEP][PASSED] - code = getText(findTestObject("Object Repository/06-Teams/For 2FA/2FA code")): Text of object 'Object Repository/06-Teams/For 2FA/2FA code' is: '486841'

2022-03-24 16:29:39 - [MESSAGE][PASSED] - Text of object 'Object Repository/06-Teams/For 2FA/2FA code' is: '486841'

2022-03-24 16:29:39 - [TEST_STEP][PASSED] - delay(3): Delayed 3 second(s)

2022-03-24 16:29:42 - [MESSAGE][PASSED] - Delayed 3 second(s)

2022-03-24 16:29:42 - [TEST_STEP][PASSED] - closeWindowTitle("Mailinator"): Window with title: 'Mailinator' is closed

2022-03-24 16:29:42 - [MESSAGE][PASSED] - Window with title: 'Mailinator' is closed

2022-03-24 16:29:42 - [TEST_STEP][PASSED] - delay(3): Delayed 3 second(s)

2022-03-24 16:29:45 - [MESSAGE][PASSED] - Delayed 3 second(s)

2022-03-24 16:29:45 - [TEST_STEP][PASSED] - switchToWindowIndex(0): Switched to window with index: '0'

2022-03-24 16:29:46 - [MESSAGE][PASSED] - Switched to window with index: '0'

2022-03-24 16:29:46 - [TEST_STEP][PASSED] - delay(3): Delayed 3 second(s)

2022-03-24 16:29:49 - [MESSAGE][PASSED] - Delayed 3 second(s)

2022-03-24 16:29:49 - [TEST_STEP][PASSED] - setText(findTestObject("Object Repository/06-Teams/For 2FA/input_Enter verification code_code"), code): Text '486841' is set on object 'Object Repository/06-Teams/For 2FA/input_Enter verification code_code'

2022-03-24 16:29:50 - [MESSAGE][PASSED] - Text '486841' is set on object 'Object Repository/06-Teams/For 2FA/input_Enter verification code_code'

2022-03-24 16:29:50 - [TEST_STEP][PASSED] - delay(3): Delayed 3 second(s)

2022-03-24 16:29:53 - [MESSAGE][PASSED] - Delayed 3 second(s)

2022-03-24 16:29:53 - [TEST_STEP][PASSED] - click(findTestObject("06-Teams/For 2FA/button_Verify_2FA")): Object: 'Object Repository/06-Teams/For 2FA/button_Verify_2FA' is clicked on

2022-03-24 16:29:53 - [MESSAGE][PASSED] - Object: 'Object Repository/06-Teams/For 2FA/button_Verify_2FA' is clicked on

2022-03-24 16:29:53 - [TEST_STEP][PASSED] - delay(5): Delayed 5 second(s)

2022-03-24 16:29:58 - [MESSAGE][PASSED] - Delayed 5 second(s)

2022-03-24 16:29:58 - [TEST_STEP][PASSED] - click(findTestObject("06-Teams/button_doublearrow")): Object: 'Object Repository/06-Teams/button_doublearrow' is clicked on

2022-03-24 16:29:58 - [MESSAGE][PASSED] - Object: 'Object Repository/06-Teams/button_doublearrow' is clicked on

2022-03-24 16:29:58 - [TEST_STEP][PASSED] - click(findTestObject("06-Teams/button_My Organizations")): Object: 'Object Repository/06-Teams/button_My Organizations' is clicked on

2022-03-24 16:29:59 - [MESSAGE][PASSED] - Object: 'Object Repository/06-Teams/button_My Organizations' is clicked on

2022-03-24 16:29:59 - [TEST_STEP][PASSED] - click(findTestObject("06-Teams/button_GG Automation")): Object: 'Object Repository/06-Teams/button_GG Automation' is clicked on

2022-03-24 16:30:00 - [MESSAGE][PASSED] - Object: 'Object Repository/06-Teams/button_GG Automation' is clicked on

2022-03-24 16:30:00 - [TEST_STEP][PASSED] - delay(4): Delayed 4 second(s)

2022-03-24 16:30:04 - [MESSAGE][PASSED] - Delayed 4 second(s)

2022-03-24 16:30:04 - [TEST_STEP][PASSED] - verifyElementVisible(findTestObject("06-Teams/span_GG Automation")): Object 'Object Repository/06-Teams/span_GG Automation' is visible

2022-03-24 16:30:04 - [MESSAGE][PASSED] - Object 'Object Repository/06-Teams/span_GG Automation' is visible

2022-03-24 16:30:04 - [TEST_STEP][PASSED] - delay(2): Delayed 2 second(s)

2022-03-24 16:30:06 - [MESSAGE][PASSED] - Delayed 2 second(s)

2022-03-24 16:30:06 - [TEST_STEP][PASSED] - click(findTestObject("03-Header Menu/Hamburger Button/div_Teams")): Object: 'Object Repository/03-Header Menu/Hamburger Button/div_Teams' is clicked on

2022-03-24 16:30:07 - [MESSAGE][PASSED] - Object: 'Object Repository/03-Header Menu/Hamburger Button/div_Teams' is clicked on

2022-03-24 16:30:07 - [TEST_STEP][PASSED] - delay(2): Delayed 2 second(s)

2022-03-24 16:30:09 - [MESSAGE][PASSED] - Delayed 2 second(s)

2022-03-24 16:30:09 - [TEST_STEP][PASSED] - verifyElementVisible(findTestObject("06-Teams/h4_TEAMS")): Object 'Object Repository/06-Teams/h4_TEAMS' is visible

2022-03-24 16:30:10 - [MESSAGE][PASSED] - Object 'Object Repository/06-Teams/h4_TEAMS' is visible

2022-03-24 16:30:10 - [TEST_STEP][PASSED] - delay(3): Delayed 3 second(s)

2022-03-24 16:30:13 - [MESSAGE][PASSED] - Delayed 3 second(s)

2022-03-24 16:30:13 - [TEST_STEP][PASSED] - click(findTestObject("06-Teams/Add Team")): Object: 'Object Repository/06-Teams/Add Team' is clicked on

2022-03-24 16:30:13 - [MESSAGE][PASSED] - Object: 'Object Repository/06-Teams/Add Team' is clicked on

2022-03-24 16:30:13 - [TEST_STEP][PASSED] - delay(3): Delayed 3 second(s)

2022-03-24 16:30:16 - [MESSAGE][PASSED] - Delayed 3 second(s)

2022-03-24 16:30:16 - [TEST_STEP][PASSED] - verifyElementVisible(findTestObject("06-Teams/button_Public")): Object 'Object Repository/06-Teams/button_Public' is visible

2022-03-24 16:30:16 - [MESSAGE][PASSED] - Object 'Object Repository/06-Teams/button_Public' is visible

2022-03-24 16:30:16 - [TEST_STEP][PASSED] - verifyElementVisible(findTestObject("06-Teams/button_Private")): Object 'Object Repository/06-Teams/button_Private' is visible

2022-03-24 16:30:17 - [MESSAGE][PASSED] - Object 'Object Repository/06-Teams/button_Private' is visible

2022-03-24 16:30:17 - [TEST_STEP][PASSED] - delay(3): Delayed 3 second(s)

2022-03-24 16:30:20 - [MESSAGE][PASSED] - Delayed 3 second(s)

2022-03-24 16:30:20 - [TEST_STEP][PASSED] - click(findTestObject("06-Teams/button_Private")): Object: 'Object Repository/06-Teams/button_Private' is clicked on

2022-03-24 16:30:20 - [MESSAGE][PASSED] - Object: 'Object Repository/06-Teams/button_Private' is clicked on

2022-03-24 16:30:20 - [TEST_STEP][PASSED] - delay(3): Delayed 3 second(s)

2022-03-24 16:30:23 - [MESSAGE][PASSED] - Delayed 3 second(s)

2022-03-24 16:30:23 - [TEST_STEP][PASSED] - verifyElementVisible(findTestObject("06-Teams/02-Add Team-Private/Add team- Private")): Object 'Object Repository/06-Teams/02-Add Team-Private/Add team- Private' is visible

2022-03-24 16:30:24 - [MESSAGE][PASSED] - Object 'Object Repository/06-Teams/02-Add Team-Private/Add team- Private' is visible

2022-03-24 16:30:24 - [TEST_STEP][PASSED] - verifyElementVisible(findTestObject("06-Teams/02-Add Team-Private/div_Settings")): Object 'Object Repository/06-Teams/02-Add Team-Private/div_Settings' is visible

2022-03-24 16:30:24 - [MESSAGE][PASSED] - Object 'Object Repository/06-Teams/02-Add Team-Private/div_Settings' is visible

2022-03-24 16:30:24 - [TEST_STEP][PASSED] - verifyElementVisible(findTestObject("06-Teams/02-Add Team-Private/div_Members")): Object 'Object Repository/06-Teams/02-Add Team-Private/div_Members' is visible

2022-03-24 16:30:24 - [MESSAGE][PASSED] - Object 'Object Repository/06-Teams/02-Add Team-Private/div_Members' is visible

2022-03-24 16:30:24 - [TEST_STEP][PASSED] - verifyElementNotClickable(findTestObject("06-Teams/01-Add Team-Public/button_Create")): Object 'Object Repository/06-Teams/01-Add Team-Public/button_Create' is NOT clickable

2022-03-24 16:30:25 - [MESSAGE][PASSED] - Object 'Object Repository/06-Teams/01-Add Team-Public/button_Create' is NOT clickable

2022-03-24 16:30:25 - [TEST_STEP][PASSED] - delay(3): Delayed 3 second(s)

2022-03-24 16:30:28 - [MESSAGE][PASSED] - Delayed 3 second(s)

2022-03-24 16:30:28 - [TEST_STEP][PASSED] - click(findTestObject("06-Teams/01-Add Team-Public/input_teamName")): Object: 'Object Repository/06-Teams/01-Add Team-Public/input_teamName' is clicked on

2022-03-24 16:30:28 - [MESSAGE][PASSED] - Object: 'Object Repository/06-Teams/01-Add Team-Public/input_teamName' is clicked on

2022-03-24 16:30:28 - [TEST_STEP][PASSED] - click(findTestObject("06-Teams/01-Add Team-Public/Org unit")): Object: 'Object Repository/06-Teams/01-Add Team-Public/Org unit' is clicked on

2022-03-24 16:30:28 - [MESSAGE][PASSED] - Object: 'Object Repository/06-Teams/01-Add Team-Public/Org unit' is clicked on

2022-03-24 16:30:28 - [TEST_STEP][PASSED] - verifyElementVisible(findTestObject("06-Teams/01-Add Team-Public/h4_Select an organization unit")): Object 'Object Repository/06-Teams/01-Add Team-Public/h4_Select an organization unit' is visible

2022-03-24 16:30:29 - [MESSAGE][PASSED] - Object 'Object Repository/06-Teams/01-Add Team-Public/h4_Select an organization unit' is visible

2022-03-24 16:30:29 - [TEST_STEP][PASSED] - delay(3): Delayed 3 second(s)

2022-03-24 16:30:32 - [MESSAGE][PASSED] - Delayed 3 second(s)

2022-03-24 16:30:32 - [TEST_STEP][PASSED] - click(findTestObject("06-Teams/01-Add Team-Public/div_GG Automation")): Object: 'Object Repository/06-Teams/01-Add Team-Public/div_GG Automation' is clicked on

2022-03-24 16:30:32 - [MESSAGE][PASSED] - Object: 'Object Repository/06-Teams/01-Add Team-Public/div_GG Automation' is clicked on

2022-03-24 16:30:32 - [TEST_STEP][PASSED] - click(findTestObject("06-Teams/01-Add Team-Public/button_Select")): Object: 'Object Repository/06-Teams/01-Add Team-Public/button_Select' is clicked on

2022-03-24 16:30:33 - [MESSAGE][PASSED] - Object: 'Object Repository/06-Teams/01-Add Team-Public/button_Select' is clicked on

2022-03-24 16:30:33 - [TEST_STEP][PASSED] - verifyElementVisible(findTestObject("06-Teams/01-Add Team-Public/Error Team name")): Object 'Object Repository/06-Teams/01-Add Team-Public/Error Team name' is visible

2022-03-24 16:30:34 - [MESSAGE][PASSED] - Object 'Object Repository/06-Teams/01-Add Team-Public/Error Team name' is visible

2022-03-24 16:30:34 - [TEST_STEP][PASSED] - delay(3): Delayed 3 second(s)

2022-03-24 16:30:37 - [MESSAGE][PASSED] - Delayed 3 second(s)

2022-03-24 16:30:37 - [TEST_STEP][PASSED] - setText(findTestObject("06-Teams/01-Add Team-Public/input_teamName"), "Auto Team Private"): Text 'Auto Team Private' is set on object 'Object Repository/06-Teams/01-Add Team-Public/input_teamName'

2022-03-24 16:30:38 - [MESSAGE][PASSED] - Text 'Auto Team Private' is set on object 'Object Repository/06-Teams/01-Add Team-Public/input_teamName'

2022-03-24 16:30:38 - [TEST_STEP][PASSED] - delay(3): Delayed 3 second(s)

2022-03-24 16:30:41 - [MESSAGE][PASSED] - Delayed 3 second(s)

2022-03-24 16:30:41 - [TEST_STEP][PASSED] - click(findTestObject("06-Teams/02-Add Team-Private/div_Members")): Object: 'Object Repository/06-Teams/02-Add Team-Private/div_Members' is clicked on

2022-03-24 16:30:41 - [MESSAGE][PASSED] - Object: 'Object Repository/06-Teams/02-Add Team-Private/div_Members' is clicked on

2022-03-24 16:30:41 - [TEST_STEP][PASSED] - verifyElementVisible(findTestObject("06-Teams/02-Add Team-Private/Members dialog box")): Object 'Object Repository/06-Teams/02-Add Team-Private/Members dialog box' is visible

2022-03-24 16:30:42 - [MESSAGE][PASSED] - Object 'Object Repository/06-Teams/02-Add Team-Private/Members dialog box' is visible

2022-03-24 16:30:42 - [TEST_STEP][PASSED] - delay(3): Delayed 3 second(s)

2022-03-24 16:30:45 - [MESSAGE][PASSED] - Delayed 3 second(s)

2022-03-24 16:30:45 - [TEST_STEP][PASSED] - click(findTestObject("06-Teams/01-Add Team-Public/button_Create")): Object: 'Object Repository/06-Teams/01-Add Team-Public/button_Create' is clicked on

2022-03-24 16:30:45 - [MESSAGE][PASSED] - Object: 'Object Repository/06-Teams/01-Add Team-Public/button_Create' is clicked on

2022-03-24 16:30:45 - [TEST_STEP][PASSED] - verifyElementVisible(findTestObject("06-Teams/01-Add Team-Public/span_Successfully added new team")): Object 'Object Repository/06-Teams/01-Add Team-Public/span_Successfully added new team' is visible

2022-03-24 16:30:47 - [MESSAGE][PASSED] - Object 'Object Repository/06-Teams/01-Add Team-Public/span_Successfully added new team' is visible

2022-03-24 16:30:47 - [TEST_STEP][PASSED] - delay(3): Delayed 3 second(s)

2022-03-24 16:30:50 - [MESSAGE][PASSED] - Delayed 3 second(s)

2022-03-24 16:30:50 - [TEST_STEP][PASSED] - verifyElementVisible(findTestObject("06-Teams/02-Add Team-Private/span_Auto Team Private")): Object 'Object Repository/06-Teams/02-Add Team-Private/span_Auto Team Private' is visible

2022-03-24 16:30:50 - [MESSAGE][PASSED] - Object 'Object Repository/06-Teams/02-Add Team-Private/span_Auto Team Private' is visible

2022-03-24 16:30:50 - [TEST_STEP][PASSED] - delay(3): Delayed 3 second(s)

2022-03-24 16:30:53 - [MESSAGE][PASSED] - Delayed 3 second(s)

2022-03-24 16:30:53 - [TEST_STEP][PASSED] - closeBrowser(): Browser is closed

2022-03-24 16:30:54 - [MESSAGE][PASSED] - Browser is closed]]></system-out>
         <system-err><![CDATA[]]></system-err>
      </testcase>
      <system-out><![CDATA[2022-03-24 16:24:02 - [TEST_SUITE][PASSED] - 06-Teams: Test Cases/06-Teams/02-Add Team-Private]]></system-out>
      <system-err><![CDATA[]]></system-err>
   </testsuite>
</testsuites>
