<?xml version="1.0" encoding="UTF-8"?>
<testsuites name="01-Login and Forgot Password" time="208.977" tests="8" failures="0" errors="0">
   <testsuite name="01-Login and Forgot Password" tests="8" failures="0" errors="0" time="208.977" skipped="0" timestamp="2023-05-02 13:19:55" hostname="Mike - LAPTOP-LF5VTH4H" id="Test Suites/TS-Organization/01-Login and Forgot Password">
      <properties>
         <property name="deviceName" value=""/>
         <property name="devicePlatform" value=""/>
         <property name="logFolder" value="D:\\Users\\Michelle\\Project\\Everleagues\\Reports\\20230502_131944\\TS-Organization\\01-Login and Forgot Password\\20230502_131944"/>
         <property name="logFiles" value="D:\\Users\\Michelle\\Project\\Everleagues\\Reports\\20230502_131944\\TS-Organization\\01-Login and Forgot Password\\20230502_131944\\execution0.log"/>
         <property name="attachments" value=""/>
         <property name="hostName" value="Mike - LAPTOP-LF5VTH4H"/>
         <property name="os" value="Windows 10 64bit"/>
         <property name="katalonVersion" value="8.6.0.208"/>
         <property name="browser" value="Chrome 112.0.0.0"/>
         <property name="hostAddress" value="192.168.100.69"/>
         <property name="sessionId" value="fa173fa51dbbc98f41231aea5efebee0"/>
         <property name="seleniumVersion" value="3.141.59"/>
         <property name="proxyInformation" value="ProxyInformation { proxyOption=NO_PROXY, proxyServerType=HTTP, username=, password=********, proxyServerAddress=, proxyServerPort=0, executionList=&quot;&quot;, isApplyToDesiredCapabilities=true }"/>
         <property name="platform" value="Windows 10"/>
      </properties>
      <testcase name="Test Cases/01-Login and Forgot Password/01-Login(Credentials Blank)" time="29.526" classname="Test Cases/01-Login and Forgot Password/01-Login(Credentials Blank)" status="PASSED">
         <system-out><![CDATA[2023-05-02 13:19:55 - [TEST_CASE][PASSED] - Test Cases/01-Login and Forgot Password/01-Login(Credentials Blank): Test Cases/01-Login and Forgot Password/01-Login(Credentials Blank)

2023-05-02 13:19:56 - [TEST_STEP][PASSED] - openBrowser(""): Browser is opened with url: ''

2023-05-02 13:19:57 - [MESSAGE][INFO] - Starting 'Chrome' driver

2023-05-02 13:19:57 - [MESSAGE][INFO] - Action delay is set to 0 milliseconds

2023-05-02 13:20:03 - [MESSAGE][PASSED] - Browser is opened with url: ''

2023-05-02 13:20:03 - [TEST_STEP][PASSED] - navigateToUrl(appURL): Navigate to 'https://lab.everleagues.com/' successfully

2023-05-02 13:20:18 - [MESSAGE][PASSED] - Navigate to 'https://lab.everleagues.com/' successfully

2023-05-02 13:20:18 - [TEST_STEP][PASSED] - maximizeWindow(): Current window maximized

2023-05-02 13:20:18 - [MESSAGE][PASSED] - Current window maximized

2023-05-02 13:20:18 - [TEST_STEP][PASSED] - verifyElementPresent(findTestObject("01-Login and Forgot Password/Login_Card"), 0): Object 'Object Repository/01-Login and Forgot Password/Login_Card' is present

2023-05-02 13:20:19 - [MESSAGE][WARNING] - Timeout '0' is invalid. Using default page load timeout: '30'

2023-05-02 13:20:19 - [MESSAGE][PASSED] - Object 'Object Repository/01-Login and Forgot Password/Login_Card' is present

2023-05-02 13:20:19 - [TEST_STEP][PASSED] - delay(2): Delayed 2 second(s)

2023-05-02 13:20:21 - [MESSAGE][PASSED] - Delayed 2 second(s)

2023-05-02 13:20:21 - [TEST_STEP][PASSED] - verifyElementNotClickable(findTestObject("01-Login and Forgot Password/button_Sign in")): Object 'Object Repository/01-Login and Forgot Password/button_Sign in' is NOT clickable

2023-05-02 13:20:22 - [MESSAGE][PASSED] - Object 'Object Repository/01-Login and Forgot Password/button_Sign in' is NOT clickable

2023-05-02 13:20:22 - [TEST_STEP][PASSED] - delay(3): Delayed 3 second(s)

2023-05-02 13:20:25 - [MESSAGE][PASSED] - Delayed 3 second(s)]]></system-out>
         <system-err><![CDATA[]]></system-err>
      </testcase>
      <testcase name="Test Cases/01-Login and Forgot Password/02-Login(Wrong Email)" time="12.162" classname="Test Cases/01-Login and Forgot Password/02-Login(Wrong Email)" status="PASSED">
         <system-out><![CDATA[2023-05-02 13:20:25 - [TEST_CASE][PASSED] - Test Cases/01-Login and Forgot Password/02-Login(Wrong Email): Test Cases/01-Login and Forgot Password/02-Login(Wrong Email)

2023-05-02 13:20:25 - [TEST_STEP][PASSED] - setText(findTestObject("01-Login and Forgot Password/input_Email_email"), unregistered_email): Text 'unregisteredemail@test.com' is set on object 'Object Repository/01-Login and Forgot Password/input_Email_email'

2023-05-02 13:20:26 - [MESSAGE][PASSED] - Text 'unregisteredemail@test.com' is set on object 'Object Repository/01-Login and Forgot Password/input_Email_email'

2023-05-02 13:20:26 - [TEST_STEP][PASSED] - setEncryptedText(findTestObject("01-Login and Forgot Password/input_Email_password"), "pUQNV8a0dCQ="): Text ****** has been set on object 'Object Repository/01-Login and Forgot Password/input_Email_password'

2023-05-02 13:20:27 - [MESSAGE][PASSED] - Text ****** has been set on object 'Object Repository/01-Login and Forgot Password/input_Email_password'

2023-05-02 13:20:27 - [TEST_STEP][PASSED] - delay(3): Delayed 3 second(s)

2023-05-02 13:20:30 - [MESSAGE][PASSED] - Delayed 3 second(s)

2023-05-02 13:20:30 - [TEST_STEP][PASSED] - click(findTestObject("01-Login and Forgot Password/button_Sign in")): Object: 'Object Repository/01-Login and Forgot Password/button_Sign in' is clicked on

2023-05-02 13:20:30 - [MESSAGE][PASSED] - Object: 'Object Repository/01-Login and Forgot Password/button_Sign in' is clicked on

2023-05-02 13:20:30 - [TEST_STEP][PASSED] - delay(3): Delayed 3 second(s)

2023-05-02 13:20:33 - [MESSAGE][PASSED] - Delayed 3 second(s)

2023-05-02 13:20:33 - [TEST_STEP][PASSED] - verifyElementPresent(findTestObject("01-Login and Forgot Password/Invalid email error"), 0): Object 'Object Repository/01-Login and Forgot Password/Invalid email error' is present

2023-05-02 13:20:34 - [MESSAGE][WARNING] - Timeout '0' is invalid. Using default page load timeout: '30'

2023-05-02 13:20:34 - [MESSAGE][PASSED] - Object 'Object Repository/01-Login and Forgot Password/Invalid email error' is present

2023-05-02 13:20:34 - [TEST_STEP][PASSED] - delay(3): Delayed 3 second(s)

2023-05-02 13:20:37 - [MESSAGE][PASSED] - Delayed 3 second(s)]]></system-out>
         <system-err><![CDATA[]]></system-err>
      </testcase>
      <testcase name="Test Cases/01-Login and Forgot Password/03-Login(Valid email, wrong pass)" time="18.017" classname="Test Cases/01-Login and Forgot Password/03-Login(Valid email, wrong pass)" status="PASSED">
         <system-out><![CDATA[2023-05-02 13:20:37 - [TEST_CASE][PASSED] - Test Cases/01-Login and Forgot Password/03-Login(Valid email, wrong pass): Test Cases/01-Login and Forgot Password/03-Login(Valid email, wrong pass)

2023-05-02 13:20:37 - [TEST_STEP][PASSED] - setText(findTestObject("01-Login and Forgot Password/input_Email_email"), email_without_subscription): Text 'testuser01@mailinator.com' is set on object 'Object Repository/01-Login and Forgot Password/input_Email_email'

2023-05-02 13:20:38 - [MESSAGE][PASSED] - Text 'testuser01@mailinator.com' is set on object 'Object Repository/01-Login and Forgot Password/input_Email_email'

2023-05-02 13:20:38 - [TEST_STEP][PASSED] - setEncryptedText(findTestObject("01-Login and Forgot Password/input_Email_password"), "OxgQgnWTiECE3BxjMAl2ng=="): Text ****** has been set on object 'Object Repository/01-Login and Forgot Password/input_Email_password'

2023-05-02 13:20:39 - [MESSAGE][PASSED] - Text ****** has been set on object 'Object Repository/01-Login and Forgot Password/input_Email_password'

2023-05-02 13:20:39 - [TEST_STEP][PASSED] - delay(2): Delayed 2 second(s)

2023-05-02 13:20:41 - [MESSAGE][PASSED] - Delayed 2 second(s)

2023-05-02 13:20:41 - [TEST_STEP][PASSED] - click(findTestObject("01-Login and Forgot Password/show pass button")): Object: 'Object Repository/01-Login and Forgot Password/show pass button' is clicked on

2023-05-02 13:20:42 - [MESSAGE][PASSED] - Object: 'Object Repository/01-Login and Forgot Password/show pass button' is clicked on

2023-05-02 13:20:42 - [TEST_STEP][PASSED] - delay(3): Delayed 3 second(s)

2023-05-02 13:20:45 - [MESSAGE][PASSED] - Delayed 3 second(s)

2023-05-02 13:20:45 - [TEST_STEP][PASSED] - click(findTestObject("01-Login and Forgot Password/button_Sign in")): Object: 'Object Repository/01-Login and Forgot Password/button_Sign in' is clicked on

2023-05-02 13:20:48 - [MESSAGE][PASSED] - Object: 'Object Repository/01-Login and Forgot Password/button_Sign in' is clicked on

2023-05-02 13:20:48 - [TEST_STEP][PASSED] - delay(3): Delayed 3 second(s)

2023-05-02 13:20:51 - [MESSAGE][PASSED] - Delayed 3 second(s)

2023-05-02 13:20:51 - [TEST_STEP][PASSED] - verifyElementPresent(findTestObject("01-Login and Forgot Password/Invalid user name or password"), 0): Object 'Object Repository/01-Login and Forgot Password/Invalid user name or password' is present

2023-05-02 13:20:52 - [MESSAGE][WARNING] - Timeout '0' is invalid. Using default page load timeout: '30'

2023-05-02 13:20:52 - [MESSAGE][PASSED] - Object 'Object Repository/01-Login and Forgot Password/Invalid user name or password' is present

2023-05-02 13:20:52 - [TEST_STEP][PASSED] - delay(3): Delayed 3 second(s)

2023-05-02 13:20:55 - [MESSAGE][PASSED] - Delayed 3 second(s)]]></system-out>
         <system-err><![CDATA[]]></system-err>
      </testcase>
      <testcase name="Test Cases/01-Login and Forgot Password/04-Login (Valid Credentials-Without Subscription)" time="67.923" classname="Test Cases/01-Login and Forgot Password/04-Login (Valid Credentials-Without Subscription)" status="PASSED">
         <system-out><![CDATA[2023-05-02 13:20:55 - [TEST_CASE][PASSED] - Test Cases/01-Login and Forgot Password/04-Login (Valid Credentials-Without Subscription): Test Cases/01-Login and Forgot Password/04-Login (Valid Credentials-Without Subscription)

2023-05-02 13:20:55 - [TEST_STEP][PASSED] - setText(findTestObject("01-Login and Forgot Password/input_Email_email"), email_without_subscription): Text 'testuser01@mailinator.com' is set on object 'Object Repository/01-Login and Forgot Password/input_Email_email'

2023-05-02 13:20:56 - [MESSAGE][PASSED] - Text 'testuser01@mailinator.com' is set on object 'Object Repository/01-Login and Forgot Password/input_Email_email'

2023-05-02 13:20:56 - [TEST_STEP][PASSED] - setEncryptedText(findTestObject("01-Login and Forgot Password/input_Email_password2"), password): Text ****** has been set on object 'Object Repository/01-Login and Forgot Password/input_Email_password2'

2023-05-02 13:20:57 - [MESSAGE][PASSED] - Text ****** has been set on object 'Object Repository/01-Login and Forgot Password/input_Email_password2'

2023-05-02 13:20:57 - [TEST_STEP][PASSED] - delay(2): Delayed 2 second(s)

2023-05-02 13:20:59 - [MESSAGE][PASSED] - Delayed 2 second(s)

2023-05-02 13:20:59 - [TEST_STEP][PASSED] - click(findTestObject("01-Login and Forgot Password/show pass button")): Object: 'Object Repository/01-Login and Forgot Password/show pass button' is clicked on

2023-05-02 13:20:59 - [MESSAGE][PASSED] - Object: 'Object Repository/01-Login and Forgot Password/show pass button' is clicked on

2023-05-02 13:20:59 - [TEST_STEP][PASSED] - delay(3): Delayed 3 second(s)

2023-05-02 13:21:02 - [MESSAGE][PASSED] - Delayed 3 second(s)

2023-05-02 13:21:02 - [TEST_STEP][PASSED] - click(findTestObject("01-Login and Forgot Password/button_Sign in")): Object: 'Object Repository/01-Login and Forgot Password/button_Sign in' is clicked on

2023-05-02 13:21:03 - [MESSAGE][PASSED] - Object: 'Object Repository/01-Login and Forgot Password/button_Sign in' is clicked on

2023-05-02 13:21:03 - [TEST_STEP][PASSED] - delay(3): Delayed 3 second(s)

2023-05-02 13:21:06 - [MESSAGE][PASSED] - Delayed 3 second(s)

2023-05-02 13:21:06 - [TEST_STEP][PASSED] - click(findTestObject("06-Teams/For 2FA/button_Confirm_2FA")): Object: 'Object Repository/06-Teams/For 2FA/button_Confirm_2FA' is clicked on

2023-05-02 13:21:06 - [MESSAGE][PASSED] - Object: 'Object Repository/06-Teams/For 2FA/button_Confirm_2FA' is clicked on

2023-05-02 13:21:06 - [TEST_STEP][PASSED] - executeJavaScript("window.open();", []): Execute JavaScript 'window.open();' successfully

2023-05-02 13:21:07 - [MESSAGE][PASSED] - Execute JavaScript 'window.open();' successfully

2023-05-02 13:21:07 - [TEST_STEP][PASSED] - currentWindow = getWindowIndex(): Current window's index is: 0

2023-05-02 13:21:07 - [MESSAGE][PASSED] - Current window's index is: 0

2023-05-02 13:21:07 - [TEST_STEP][PASSED] - delay(5): Delayed 5 second(s)

2023-05-02 13:21:12 - [MESSAGE][PASSED] - Delayed 5 second(s)

2023-05-02 13:21:12 - [TEST_STEP][PASSED] - switchToWindowIndex(currentWindow + 1): Switched to window with index: '1'

2023-05-02 13:21:12 - [MESSAGE][PASSED] - Switched to window with index: '1'

2023-05-02 13:21:12 - [TEST_STEP][PASSED] - navigateToUrl(app_mailinator): Navigate to 'https://www.mailinator.com/' successfully

2023-05-02 13:21:16 - [MESSAGE][PASSED] - Navigate to 'https://www.mailinator.com/' successfully

2023-05-02 13:21:16 - [TEST_STEP][PASSED] - delay(5): Delayed 5 second(s)

2023-05-02 13:21:21 - [MESSAGE][PASSED] - Delayed 5 second(s)

2023-05-02 13:21:21 - [TEST_STEP][PASSED] - setText(findTestObject("00-Signup and Activation/zMailinator/input_LOGIN_search"), email_for_searchmailinator_testuser01): Text 'testuser01@mailinator.com' is set on object 'Object Repository/00-Signup and Activation/zMailinator/input_LOGIN_search'

2023-05-02 13:21:22 - [MESSAGE][PASSED] - Text 'testuser01@mailinator.com' is set on object 'Object Repository/00-Signup and Activation/zMailinator/input_LOGIN_search'

2023-05-02 13:21:22 - [TEST_STEP][PASSED] - click(findTestObject("00-Signup and Activation/zMailinator/gobutton"), STOP_ON_FAILURE): Object: 'Object Repository/00-Signup and Activation/zMailinator/gobutton' is clicked on

2023-05-02 13:21:24 - [MESSAGE][PASSED] - Object: 'Object Repository/00-Signup and Activation/zMailinator/gobutton' is clicked on

2023-05-02 13:21:24 - [TEST_STEP][PASSED] - delay(5): Delayed 5 second(s)

2023-05-02 13:21:29 - [MESSAGE][PASSED] - Delayed 5 second(s)

2023-05-02 13:21:29 - [TEST_STEP][PASSED] - click(findTestObject("00-Signup and Activation/zMailinator/Email - everleagues")): Object: 'Object Repository/00-Signup and Activation/zMailinator/Email - everleagues' is clicked on

2023-05-02 13:21:29 - [MESSAGE][PASSED] - Object: 'Object Repository/00-Signup and Activation/zMailinator/Email - everleagues' is clicked on

2023-05-02 13:21:29 - [TEST_STEP][PASSED] - delay(5): Delayed 5 second(s)

2023-05-02 13:21:35 - [MESSAGE][PASSED] - Delayed 5 second(s)

2023-05-02 13:21:35 - [TEST_STEP][PASSED] - code = getText(findTestObject("Object Repository/06-Teams/For 2FA/2FA code")): Text of object 'Object Repository/06-Teams/For 2FA/2FA code' is: '950394'

2023-05-02 13:21:35 - [MESSAGE][PASSED] - Text of object 'Object Repository/06-Teams/For 2FA/2FA code' is: '950394'

2023-05-02 13:21:35 - [TEST_STEP][PASSED] - delay(5): Delayed 5 second(s)

2023-05-02 13:21:40 - [MESSAGE][PASSED] - Delayed 5 second(s)

2023-05-02 13:21:40 - [TEST_STEP][PASSED] - closeWindowTitle("Mailinator"): Window with title: 'Mailinator' is closed

2023-05-02 13:21:41 - [MESSAGE][PASSED] - Window with title: 'Mailinator' is closed

2023-05-02 13:21:41 - [TEST_STEP][PASSED] - delay(5): Delayed 5 second(s)

2023-05-02 13:21:46 - [MESSAGE][PASSED] - Delayed 5 second(s)

2023-05-02 13:21:46 - [TEST_STEP][PASSED] - switchToWindowIndex(0): Switched to window with index: '0'

2023-05-02 13:21:46 - [MESSAGE][PASSED] - Switched to window with index: '0'

2023-05-02 13:21:46 - [TEST_STEP][PASSED] - delay(5): Delayed 5 second(s)

2023-05-02 13:21:51 - [MESSAGE][PASSED] - Delayed 5 second(s)

2023-05-02 13:21:51 - [TEST_STEP][PASSED] - setText(findTestObject("Object Repository/06-Teams/For 2FA/input_Enter verification code_code"), code): Text '950394' is set on object 'Object Repository/06-Teams/For 2FA/input_Enter verification code_code'

2023-05-02 13:21:52 - [MESSAGE][PASSED] - Text '950394' is set on object 'Object Repository/06-Teams/For 2FA/input_Enter verification code_code'

2023-05-02 13:21:52 - [TEST_STEP][PASSED] - delay(5): Delayed 5 second(s)

2023-05-02 13:21:57 - [MESSAGE][PASSED] - Delayed 5 second(s)

2023-05-02 13:21:57 - [TEST_STEP][PASSED] - click(findTestObject("06-Teams/For 2FA/button_Verify_2FA")): Object: 'Object Repository/06-Teams/For 2FA/button_Verify_2FA' is clicked on

2023-05-02 13:21:58 - [MESSAGE][PASSED] - Object: 'Object Repository/06-Teams/For 2FA/button_Verify_2FA' is clicked on

2023-05-02 13:21:58 - [TEST_STEP][PASSED] - delay(5): Delayed 5 second(s)

2023-05-02 13:22:03 - [MESSAGE][PASSED] - Delayed 5 second(s)]]></system-out>
         <system-err><![CDATA[]]></system-err>
      </testcase>
      <testcase name="Test Cases/01-Login and Forgot Password/05-Logout" time="11.467" classname="Test Cases/01-Login and Forgot Password/05-Logout" status="PASSED">
         <system-out><![CDATA[2023-05-02 13:22:03 - [TEST_CASE][PASSED] - Test Cases/01-Login and Forgot Password/05-Logout: Test Cases/01-Login and Forgot Password/05-Logout

2023-05-02 13:22:03 - [TEST_STEP][PASSED] - click(findTestObject("01-Login and Forgot Password/User menu drop")): Object: 'Object Repository/01-Login and Forgot Password/User menu drop' is clicked on

2023-05-02 13:22:05 - [MESSAGE][PASSED] - Object: 'Object Repository/01-Login and Forgot Password/User menu drop' is clicked on

2023-05-02 13:22:05 - [TEST_STEP][PASSED] - delay(2): Delayed 2 second(s)

2023-05-02 13:22:07 - [MESSAGE][PASSED] - Delayed 2 second(s)

2023-05-02 13:22:07 - [TEST_STEP][PASSED] - click(findTestObject("01-Login and Forgot Password/h4_Sign Out"), STOP_ON_FAILURE): Object: 'Object Repository/01-Login and Forgot Password/h4_Sign Out' is clicked on

2023-05-02 13:22:08 - [MESSAGE][PASSED] - Object: 'Object Repository/01-Login and Forgot Password/h4_Sign Out' is clicked on

2023-05-02 13:22:08 - [TEST_STEP][PASSED] - delay(2): Delayed 2 second(s)

2023-05-02 13:22:10 - [MESSAGE][PASSED] - Delayed 2 second(s)

2023-05-02 13:22:10 - [TEST_STEP][PASSED] - verifyElementPresent(findTestObject("01-Login and Forgot Password/Login_Card"), 0): Object 'Object Repository/01-Login and Forgot Password/Login_Card' is present

2023-05-02 13:22:10 - [MESSAGE][WARNING] - Timeout '0' is invalid. Using default page load timeout: '30'

2023-05-02 13:22:11 - [MESSAGE][PASSED] - Object 'Object Repository/01-Login and Forgot Password/Login_Card' is present

2023-05-02 13:22:11 - [TEST_STEP][PASSED] - delay(3): Delayed 3 second(s)

2023-05-02 13:22:14 - [MESSAGE][PASSED] - Delayed 3 second(s)]]></system-out>
         <system-err><![CDATA[]]></system-err>
      </testcase>
      <testcase name="Test Cases/01-Login and Forgot Password/06-Forgot Password(Credentials Blank)" time="6.639" classname="Test Cases/01-Login and Forgot Password/06-Forgot Password(Credentials Blank)" status="PASSED">
         <system-out><![CDATA[2023-05-02 13:22:14 - [TEST_CASE][PASSED] - Test Cases/01-Login and Forgot Password/06-Forgot Password(Credentials Blank): Test Cases/01-Login and Forgot Password/06-Forgot Password(Credentials Blank)

2023-05-02 13:22:15 - [TEST_STEP][PASSED] - click(findTestObject("01-Login and Forgot Password/zForgot Password/a_Forgot password")): Object: 'Object Repository/01-Login and Forgot Password/zForgot Password/a_Forgot password' is clicked on

2023-05-02 13:22:15 - [MESSAGE][PASSED] - Object: 'Object Repository/01-Login and Forgot Password/zForgot Password/a_Forgot password' is clicked on

2023-05-02 13:22:15 - [TEST_STEP][PASSED] - verifyElementPresent(findTestObject("01-Login and Forgot Password/zForgot Password/span_Reset Password"), 0): Object 'Object Repository/01-Login and Forgot Password/zForgot Password/span_Reset Password' is present

2023-05-02 13:22:15 - [MESSAGE][WARNING] - Timeout '0' is invalid. Using default page load timeout: '30'

2023-05-02 13:22:16 - [MESSAGE][PASSED] - Object 'Object Repository/01-Login and Forgot Password/zForgot Password/span_Reset Password' is present

2023-05-02 13:22:16 - [TEST_STEP][PASSED] - delay(2): Delayed 2 second(s)

2023-05-02 13:22:18 - [MESSAGE][PASSED] - Delayed 2 second(s)

2023-05-02 13:22:18 - [TEST_STEP][PASSED] - verifyElementNotClickable(findTestObject("01-Login and Forgot Password/zForgot Password/button_Reset Password")): Object 'Object Repository/01-Login and Forgot Password/zForgot Password/button_Reset Password' is NOT clickable

2023-05-02 13:22:18 - [MESSAGE][PASSED] - Object 'Object Repository/01-Login and Forgot Password/zForgot Password/button_Reset Password' is NOT clickable

2023-05-02 13:22:18 - [TEST_STEP][PASSED] - delay(3): Delayed 3 second(s)

2023-05-02 13:22:21 - [MESSAGE][PASSED] - Delayed 3 second(s)]]></system-out>
         <system-err><![CDATA[]]></system-err>
      </testcase>
      <testcase name="Test Cases/01-Login and Forgot Password/08-Forgot Password(Correct Email)" time="15.717" classname="Test Cases/01-Login and Forgot Password/08-Forgot Password(Correct Email)" status="PASSED">
         <system-out><![CDATA[2023-05-02 13:22:21 - [TEST_CASE][PASSED] - Test Cases/01-Login and Forgot Password/08-Forgot Password(Correct Email): Test Cases/01-Login and Forgot Password/08-Forgot Password(Correct Email)

2023-05-02 13:22:21 - [TEST_STEP][PASSED] - delay(2): Delayed 2 second(s)

2023-05-02 13:22:23 - [MESSAGE][PASSED] - Delayed 2 second(s)

2023-05-02 13:22:23 - [TEST_STEP][PASSED] - setText(findTestObject("01-Login and Forgot Password/zForgot Password/Reset pass email field"), email_without_subscription): Text 'testuser01@mailinator.com' is set on object 'Object Repository/01-Login and Forgot Password/zForgot Password/Reset pass email field'

2023-05-02 13:22:24 - [MESSAGE][PASSED] - Text 'testuser01@mailinator.com' is set on object 'Object Repository/01-Login and Forgot Password/zForgot Password/Reset pass email field'

2023-05-02 13:22:24 - [TEST_STEP][PASSED] - delay(2): Delayed 2 second(s)

2023-05-02 13:22:26 - [MESSAGE][PASSED] - Delayed 2 second(s)

2023-05-02 13:22:26 - [TEST_STEP][PASSED] - click(findTestObject("01-Login and Forgot Password/zForgot Password/button_Reset Password")): Object: 'Object Repository/01-Login and Forgot Password/zForgot Password/button_Reset Password' is clicked on

2023-05-02 13:22:27 - [MESSAGE][PASSED] - Object: 'Object Repository/01-Login and Forgot Password/zForgot Password/button_Reset Password' is clicked on

2023-05-02 13:22:27 - [TEST_STEP][PASSED] - verifyElementPresent(findTestObject("01-Login and Forgot Password/zForgot Password/Reset pass - success msg"), 0): Object 'Object Repository/01-Login and Forgot Password/zForgot Password/Reset pass - success msg' is present

2023-05-02 13:22:27 - [MESSAGE][WARNING] - Timeout '0' is invalid. Using default page load timeout: '30'

2023-05-02 13:22:28 - [MESSAGE][PASSED] - Object 'Object Repository/01-Login and Forgot Password/zForgot Password/Reset pass - success msg' is present

2023-05-02 13:22:28 - [TEST_STEP][PASSED] - delay(2): Delayed 2 second(s)

2023-05-02 13:22:30 - [MESSAGE][PASSED] - Delayed 2 second(s)

2023-05-02 13:22:30 - [TEST_STEP][PASSED] - click(findTestObject("01-Login and Forgot Password/zForgot Password/button_Back to login")): Object: 'Object Repository/01-Login and Forgot Password/zForgot Password/button_Back to login' is clicked on

2023-05-02 13:22:31 - [MESSAGE][PASSED] - Object: 'Object Repository/01-Login and Forgot Password/zForgot Password/button_Back to login' is clicked on

2023-05-02 13:22:31 - [TEST_STEP][PASSED] - delay(3): Delayed 3 second(s)

2023-05-02 13:22:34 - [MESSAGE][PASSED] - Delayed 3 second(s)

2023-05-02 13:22:34 - [TEST_STEP][PASSED] - verifyElementVisible(findTestObject("01-Login and Forgot Password/Login_Card")): Object 'Object Repository/01-Login and Forgot Password/Login_Card' is visible

2023-05-02 13:22:35 - [MESSAGE][PASSED] - Object 'Object Repository/01-Login and Forgot Password/Login_Card' is visible

2023-05-02 13:22:35 - [TEST_STEP][PASSED] - delay(2): Delayed 2 second(s)

2023-05-02 13:22:37 - [MESSAGE][PASSED] - Delayed 2 second(s)]]></system-out>
         <system-err><![CDATA[]]></system-err>
      </testcase>
      <testcase name="Test Cases/01-Login and Forgot Password/04-Login(Valid Credentials-With Subscription)" time="46.884" classname="Test Cases/01-Login and Forgot Password/04-Login(Valid Credentials-With Subscription)" status="PASSED">
         <system-out><![CDATA[2023-05-02 13:22:37 - [TEST_CASE][PASSED] - Test Cases/01-Login and Forgot Password/04-Login(Valid Credentials-With Subscription): Test Cases/01-Login and Forgot Password/04-Login(Valid Credentials-With Subscription)

2023-05-02 13:22:37 - [TEST_STEP][PASSED] - setText(findTestObject("01-Login and Forgot Password/input_Email_email"), email_with_subscription): Text 'testuser05@mailinator.com' is set on object 'Object Repository/01-Login and Forgot Password/input_Email_email'

2023-05-02 13:22:38 - [MESSAGE][PASSED] - Text 'testuser05@mailinator.com' is set on object 'Object Repository/01-Login and Forgot Password/input_Email_email'

2023-05-02 13:22:38 - [TEST_STEP][PASSED] - setEncryptedText(findTestObject("01-Login and Forgot Password/input_Email_password"), "8yFRyszE6U6jvsCn51OQbg=="): Text ****** has been set on object 'Object Repository/01-Login and Forgot Password/input_Email_password'

2023-05-02 13:22:38 - [MESSAGE][PASSED] - Text ****** has been set on object 'Object Repository/01-Login and Forgot Password/input_Email_password'

2023-05-02 13:22:38 - [TEST_STEP][PASSED] - delay(2): Delayed 2 second(s)

2023-05-02 13:22:40 - [MESSAGE][PASSED] - Delayed 2 second(s)

2023-05-02 13:22:40 - [TEST_STEP][PASSED] - click(findTestObject("01-Login and Forgot Password/show pass button")): Object: 'Object Repository/01-Login and Forgot Password/show pass button' is clicked on

2023-05-02 13:22:41 - [MESSAGE][PASSED] - Object: 'Object Repository/01-Login and Forgot Password/show pass button' is clicked on

2023-05-02 13:22:41 - [TEST_STEP][PASSED] - delay(3): Delayed 3 second(s)

2023-05-02 13:22:44 - [MESSAGE][PASSED] - Delayed 3 second(s)

2023-05-02 13:22:44 - [TEST_STEP][PASSED] - click(findTestObject("01-Login and Forgot Password/button_Sign in")): Object: 'Object Repository/01-Login and Forgot Password/button_Sign in' is clicked on

2023-05-02 13:22:45 - [MESSAGE][PASSED] - Object: 'Object Repository/01-Login and Forgot Password/button_Sign in' is clicked on

2023-05-02 13:22:45 - [TEST_STEP][PASSED] - delay(3): Delayed 3 second(s)

2023-05-02 13:22:48 - [MESSAGE][PASSED] - Delayed 3 second(s)

2023-05-02 13:22:48 - [TEST_STEP][PASSED] - click(findTestObject("06-Teams/For 2FA/button_Confirm_2FA")): Object: 'Object Repository/06-Teams/For 2FA/button_Confirm_2FA' is clicked on

2023-05-02 13:22:49 - [MESSAGE][PASSED] - Object: 'Object Repository/06-Teams/For 2FA/button_Confirm_2FA' is clicked on

2023-05-02 13:22:49 - [TEST_STEP][PASSED] - executeJavaScript("window.open();", []): Execute JavaScript 'window.open();' successfully

2023-05-02 13:22:49 - [MESSAGE][PASSED] - Execute JavaScript 'window.open();' successfully

2023-05-02 13:22:49 - [TEST_STEP][PASSED] - currentWindow = getWindowIndex(): Current window's index is: 0

2023-05-02 13:22:49 - [MESSAGE][PASSED] - Current window's index is: 0

2023-05-02 13:22:49 - [TEST_STEP][PASSED] - delay(3): Delayed 3 second(s)

2023-05-02 13:22:52 - [MESSAGE][PASSED] - Delayed 3 second(s)

2023-05-02 13:22:52 - [TEST_STEP][PASSED] - switchToWindowIndex(currentWindow + 1): Switched to window with index: '1'

2023-05-02 13:22:52 - [MESSAGE][PASSED] - Switched to window with index: '1'

2023-05-02 13:22:52 - [TEST_STEP][PASSED] - navigateToUrl(app_mailinator): Navigate to 'https://www.mailinator.com/' successfully

2023-05-02 13:22:54 - [MESSAGE][PASSED] - Navigate to 'https://www.mailinator.com/' successfully

2023-05-02 13:22:54 - [TEST_STEP][PASSED] - delay(3): Delayed 3 second(s)

2023-05-02 13:22:57 - [MESSAGE][PASSED] - Delayed 3 second(s)

2023-05-02 13:22:57 - [TEST_STEP][PASSED] - setText(findTestObject("00-Signup and Activation/zMailinator/input_LOGIN_search"), email_for_searchmailinator_testuser05): Text 'testuser05@mailinator.com' is set on object 'Object Repository/00-Signup and Activation/zMailinator/input_LOGIN_search'

2023-05-02 13:22:58 - [MESSAGE][PASSED] - Text 'testuser05@mailinator.com' is set on object 'Object Repository/00-Signup and Activation/zMailinator/input_LOGIN_search'

2023-05-02 13:22:58 - [TEST_STEP][PASSED] - click(findTestObject("00-Signup and Activation/zMailinator/gobutton"), STOP_ON_FAILURE): Object: 'Object Repository/00-Signup and Activation/zMailinator/gobutton' is clicked on

2023-05-02 13:22:59 - [MESSAGE][PASSED] - Object: 'Object Repository/00-Signup and Activation/zMailinator/gobutton' is clicked on

2023-05-02 13:22:59 - [TEST_STEP][PASSED] - delay(3): Delayed 3 second(s)

2023-05-02 13:23:02 - [MESSAGE][PASSED] - Delayed 3 second(s)

2023-05-02 13:23:02 - [TEST_STEP][PASSED] - click(findTestObject("00-Signup and Activation/zMailinator/Email - everleagues")): Object: 'Object Repository/00-Signup and Activation/zMailinator/Email - everleagues' is clicked on

2023-05-02 13:23:02 - [MESSAGE][PASSED] - Object: 'Object Repository/00-Signup and Activation/zMailinator/Email - everleagues' is clicked on

2023-05-02 13:23:02 - [TEST_STEP][PASSED] - delay(3): Delayed 3 second(s)

2023-05-02 13:23:05 - [MESSAGE][PASSED] - Delayed 3 second(s)

2023-05-02 13:23:05 - [TEST_STEP][PASSED] - code = getText(findTestObject("Object Repository/06-Teams/For 2FA/2FA code")): Text of object 'Object Repository/06-Teams/For 2FA/2FA code' is: '869769'

2023-05-02 13:23:06 - [MESSAGE][PASSED] - Text of object 'Object Repository/06-Teams/For 2FA/2FA code' is: '869769'

2023-05-02 13:23:06 - [TEST_STEP][PASSED] - delay(3): Delayed 3 second(s)

2023-05-02 13:23:09 - [MESSAGE][PASSED] - Delayed 3 second(s)

2023-05-02 13:23:09 - [TEST_STEP][PASSED] - closeWindowTitle("Mailinator"): Window with title: 'Mailinator' is closed

2023-05-02 13:23:10 - [MESSAGE][PASSED] - Window with title: 'Mailinator' is closed

2023-05-02 13:23:10 - [TEST_STEP][PASSED] - delay(3): Delayed 3 second(s)

2023-05-02 13:23:13 - [MESSAGE][PASSED] - Delayed 3 second(s)

2023-05-02 13:23:13 - [TEST_STEP][PASSED] - switchToWindowIndex(0): Switched to window with index: '0'

2023-05-02 13:23:13 - [MESSAGE][PASSED] - Switched to window with index: '0'

2023-05-02 13:23:13 - [TEST_STEP][PASSED] - delay(3): Delayed 3 second(s)

2023-05-02 13:23:16 - [MESSAGE][PASSED] - Delayed 3 second(s)

2023-05-02 13:23:16 - [TEST_STEP][PASSED] - setText(findTestObject("Object Repository/06-Teams/For 2FA/input_Enter verification code_code"), code): Text '869769' is set on object 'Object Repository/06-Teams/For 2FA/input_Enter verification code_code'

2023-05-02 13:23:17 - [MESSAGE][PASSED] - Text '869769' is set on object 'Object Repository/06-Teams/For 2FA/input_Enter verification code_code'

2023-05-02 13:23:17 - [TEST_STEP][PASSED] - delay(3): Delayed 3 second(s)

2023-05-02 13:23:20 - [MESSAGE][PASSED] - Delayed 3 second(s)

2023-05-02 13:23:20 - [TEST_STEP][PASSED] - click(findTestObject("06-Teams/For 2FA/button_Verify_2FA")): Object: 'Object Repository/06-Teams/For 2FA/button_Verify_2FA' is clicked on

2023-05-02 13:23:21 - [MESSAGE][PASSED] - Object: 'Object Repository/06-Teams/For 2FA/button_Verify_2FA' is clicked on

2023-05-02 13:23:21 - [TEST_STEP][PASSED] - delay(3): Delayed 3 second(s)

2023-05-02 13:23:24 - [MESSAGE][PASSED] - Delayed 3 second(s)]]></system-out>
         <system-err><![CDATA[]]></system-err>
      </testcase>
      <system-out><![CDATA[2023-05-02 13:19:55 - [TEST_SUITE][PASSED] - 01-Login and Forgot Password: Test Cases/01-Login and Forgot Password/04-Login(Valid Credentials-With Subscription)]]></system-out>
      <system-err><![CDATA[]]></system-err>
   </testsuite>
</testsuites>
