<?xml version="1.0" encoding="UTF-8"?>
<testsuites name="09.1 - Settings (Invite users)" time="1079.678" tests="5" failures="0" errors="0">
   <testsuite name="09.1 - Settings (Invite users)" tests="5" failures="0" errors="0" time="1079.678" skipped="0" timestamp="2022-11-04 16:26:43" hostname="User - DESKTOP-QCRNR4M" id="Test Suites/TS-Organization/09.1 - Settings (Invite users)">
      <properties>
         <property name="deviceName" value=""/>
         <property name="devicePlatform" value=""/>
         <property name="logFolder" value="C:\\Users\\User\\Katalon Studio\\EverleaguesMain\\Reports\\20221104_162639\\TS-Organization\\09.1 - Settings (Invite users)\\20221104_162640"/>
         <property name="logFiles" value="C:\\Users\\User\\Katalon Studio\\EverleaguesMain\\Reports\\20221104_162639\\TS-Organization\\09.1 - Settings (Invite users)\\20221104_162640\\execution0.log"/>
         <property name="attachments" value=""/>
         <property name="hostName" value="User - DESKTOP-QCRNR4M"/>
         <property name="os" value="Windows 10 64bit"/>
         <property name="katalonVersion" value="8.4.1.208"/>
         <property name="browser" value="Chrome 107.0.0.0"/>
         <property name="hostAddress" value="192.168.5.124"/>
         <property name="sessionId" value="b545626e928ecf801572c2b608261583"/>
         <property name="seleniumVersion" value="3.141.59"/>
         <property name="proxyInformation" value="ProxyInformation { proxyOption=NO_PROXY, proxyServerType=HTTP, username=, password=********, proxyServerAddress=, proxyServerPort=0, executionList=&quot;&quot;, isApplyToDesiredCapabilities=true }"/>
         <property name="platform" value="Windows 10"/>
      </properties>
      <testcase name="Test Cases/09-Settings/01 - Users (Invite new user but field are blank)" time="102.446" classname="Test Cases/09-Settings/01 - Users (Invite new user but field are blank)" status="PASSED">
         <system-out><![CDATA[2022-11-04 16:26:44 - [TEST_CASE][PASSED] - Test Cases/09-Settings/01 - Users (Invite new user but field are blank): Test Cases/09-Settings/01 - Users (Invite new user but field are blank)

2022-11-04 16:26:44 - [TEST_STEP][PASSED] - openBrowser(""): Browser is opened with url: ''

2022-11-04 16:26:44 - [MESSAGE][INFO] - Starting 'Chrome' driver

2022-11-04 16:26:44 - [MESSAGE][INFO] - Action delay is set to 0 milliseconds

2022-11-04 16:26:46 - [MESSAGE][PASSED] - Browser is opened with url: ''

2022-11-04 16:26:46 - [TEST_STEP][PASSED] - navigateToUrl("https://lab.everleagues.com/"): Navigate to 'https://lab.everleagues.com/' successfully

2022-11-04 16:27:03 - [MESSAGE][PASSED] - Navigate to 'https://lab.everleagues.com/' successfully

2022-11-04 16:27:03 - [TEST_STEP][PASSED] - maximizeWindow(): Current window maximized

2022-11-04 16:27:03 - [MESSAGE][PASSED] - Current window maximized

2022-11-04 16:27:03 - [TEST_STEP][PASSED] - setText(findTestObject("02-Side Icons(Organization)/Add Contact/Email Field"), "testuser02@mailinator.com"): Text 'testuser02@mailinator.com' is set on object 'Object Repository/02-Side Icons(Organization)/Add Contact/Email Field'

2022-11-04 16:27:04 - [MESSAGE][PASSED] - Text 'testuser02@mailinator.com' is set on object 'Object Repository/02-Side Icons(Organization)/Add Contact/Email Field'

2022-11-04 16:27:04 - [TEST_STEP][PASSED] - setEncryptedText(findTestObject("02-Side Icons(Organization)/Add Contact/Password Field"), "8yFRyszE6U6jvsCn51OQbg=="): Text ****** has been set on object 'Object Repository/02-Side Icons(Organization)/Add Contact/Password Field'

2022-11-04 16:27:05 - [MESSAGE][PASSED] - Text ****** has been set on object 'Object Repository/02-Side Icons(Organization)/Add Contact/Password Field'

2022-11-04 16:27:05 - [TEST_STEP][PASSED] - click(findTestObject("02-Side Icons(Organization)/Add Contact/button_Sign in")): Object: 'Object Repository/02-Side Icons(Organization)/Add Contact/button_Sign in' is clicked on

2022-11-04 16:27:06 - [MESSAGE][PASSED] - Object: 'Object Repository/02-Side Icons(Organization)/Add Contact/button_Sign in' is clicked on

2022-11-04 16:27:06 - [TEST_STEP][PASSED] - delay(2): Delayed 2 second(s)

2022-11-04 16:27:08 - [MESSAGE][PASSED] - Delayed 2 second(s)

2022-11-04 16:27:08 - [TEST_STEP][PASSED] - click(findTestObject("06-Teams/For 2FA/button_Confirm_2FA")): Object: 'Object Repository/06-Teams/For 2FA/button_Confirm_2FA' is clicked on

2022-11-04 16:27:08 - [MESSAGE][PASSED] - Object: 'Object Repository/06-Teams/For 2FA/button_Confirm_2FA' is clicked on

2022-11-04 16:27:08 - [TEST_STEP][PASSED] - executeJavaScript("window.open();", []): Execute JavaScript 'window.open();' successfully

2022-11-04 16:27:08 - [MESSAGE][PASSED] - Execute JavaScript 'window.open();' successfully

2022-11-04 16:27:08 - [TEST_STEP][PASSED] - currentWindow = getWindowIndex(): Current window's index is: 0

2022-11-04 16:27:08 - [MESSAGE][PASSED] - Current window's index is: 0

2022-11-04 16:27:08 - [TEST_STEP][PASSED] - delay(3): Delayed 3 second(s)

2022-11-04 16:27:11 - [MESSAGE][PASSED] - Delayed 3 second(s)

2022-11-04 16:27:11 - [TEST_STEP][PASSED] - switchToWindowIndex(currentWindow + 1): Switched to window with index: '1'

2022-11-04 16:27:11 - [MESSAGE][PASSED] - Switched to window with index: '1'

2022-11-04 16:27:11 - [TEST_STEP][PASSED] - navigateToUrl("https://www.mailinator.com/"): Navigate to 'https://www.mailinator.com/' successfully

2022-11-04 16:27:13 - [MESSAGE][PASSED] - Navigate to 'https://www.mailinator.com/' successfully

2022-11-04 16:27:13 - [TEST_STEP][PASSED] - delay(3): Delayed 3 second(s)

2022-11-04 16:27:16 - [MESSAGE][PASSED] - Delayed 3 second(s)

2022-11-04 16:27:16 - [TEST_STEP][PASSED] - setText(findTestObject("00-Signup and Activation/zMailinator/input_LOGIN_search"), "testuser02@mailinator.com"): Text 'testuser02@mailinator.com' is set on object 'Object Repository/00-Signup and Activation/zMailinator/input_LOGIN_search'

2022-11-04 16:27:17 - [MESSAGE][PASSED] - Text 'testuser02@mailinator.com' is set on object 'Object Repository/00-Signup and Activation/zMailinator/input_LOGIN_search'

2022-11-04 16:27:17 - [TEST_STEP][PASSED] - click(findTestObject("00-Signup and Activation/zMailinator/gobutton"), STOP_ON_FAILURE): Object: 'Object Repository/00-Signup and Activation/zMailinator/gobutton' is clicked on

2022-11-04 16:27:19 - [MESSAGE][PASSED] - Object: 'Object Repository/00-Signup and Activation/zMailinator/gobutton' is clicked on

2022-11-04 16:27:19 - [TEST_STEP][PASSED] - delay(3): Delayed 3 second(s)

2022-11-04 16:27:22 - [MESSAGE][PASSED] - Delayed 3 second(s)

2022-11-04 16:27:22 - [TEST_STEP][PASSED] - click(findTestObject("00-Signup and Activation/zMailinator/Email - everleagues")): Object: 'Object Repository/00-Signup and Activation/zMailinator/Email - everleagues' is clicked on

2022-11-04 16:27:22 - [MESSAGE][PASSED] - Object: 'Object Repository/00-Signup and Activation/zMailinator/Email - everleagues' is clicked on

2022-11-04 16:27:22 - [TEST_STEP][PASSED] - delay(3): Delayed 3 second(s)

2022-11-04 16:27:25 - [MESSAGE][PASSED] - Delayed 3 second(s)

2022-11-04 16:27:25 - [TEST_STEP][PASSED] - code = getText(findTestObject("Object Repository/06-Teams/For 2FA/2FA code")): Text of object 'Object Repository/06-Teams/For 2FA/2FA code' is: '336958'

2022-11-04 16:27:26 - [MESSAGE][PASSED] - Text of object 'Object Repository/06-Teams/For 2FA/2FA code' is: '336958'

2022-11-04 16:27:26 - [TEST_STEP][PASSED] - delay(3): Delayed 3 second(s)

2022-11-04 16:27:29 - [MESSAGE][PASSED] - Delayed 3 second(s)

2022-11-04 16:27:29 - [TEST_STEP][PASSED] - closeWindowTitle("Mailinator"): Window with title: 'Mailinator' is closed

2022-11-04 16:27:29 - [MESSAGE][PASSED] - Window with title: 'Mailinator' is closed

2022-11-04 16:27:29 - [TEST_STEP][PASSED] - delay(3): Delayed 3 second(s)

2022-11-04 16:27:32 - [MESSAGE][PASSED] - Delayed 3 second(s)

2022-11-04 16:27:32 - [TEST_STEP][PASSED] - switchToWindowIndex(0): Switched to window with index: '0'

2022-11-04 16:27:32 - [MESSAGE][PASSED] - Switched to window with index: '0'

2022-11-04 16:27:32 - [TEST_STEP][PASSED] - delay(3): Delayed 3 second(s)

2022-11-04 16:27:35 - [MESSAGE][PASSED] - Delayed 3 second(s)

2022-11-04 16:27:35 - [TEST_STEP][PASSED] - setText(findTestObject("Object Repository/06-Teams/For 2FA/input_Enter verification code_code"), code): Text '336958' is set on object 'Object Repository/06-Teams/For 2FA/input_Enter verification code_code'

2022-11-04 16:27:36 - [MESSAGE][PASSED] - Text '336958' is set on object 'Object Repository/06-Teams/For 2FA/input_Enter verification code_code'

2022-11-04 16:27:36 - [TEST_STEP][PASSED] - delay(3): Delayed 3 second(s)

2022-11-04 16:27:39 - [MESSAGE][PASSED] - Delayed 3 second(s)

2022-11-04 16:27:39 - [TEST_STEP][PASSED] - click(findTestObject("06-Teams/For 2FA/button_Verify_2FA")): Object: 'Object Repository/06-Teams/For 2FA/button_Verify_2FA' is clicked on

2022-11-04 16:27:40 - [MESSAGE][PASSED] - Object: 'Object Repository/06-Teams/For 2FA/button_Verify_2FA' is clicked on

2022-11-04 16:27:40 - [TEST_STEP][PASSED] - delay(5): Delayed 5 second(s)

2022-11-04 16:27:45 - [MESSAGE][PASSED] - Delayed 5 second(s)

2022-11-04 16:27:45 - [TEST_STEP][PASSED] - click(findTestObject("06-Teams/button_doublearrow")): Object: 'Object Repository/06-Teams/button_doublearrow' is clicked on

2022-11-04 16:27:46 - [MESSAGE][PASSED] - Object: 'Object Repository/06-Teams/button_doublearrow' is clicked on

2022-11-04 16:27:46 - [TEST_STEP][PASSED] - click(findTestObject("06-Teams/button_My Organizations")): Object: 'Object Repository/06-Teams/button_My Organizations' is clicked on

2022-11-04 16:27:46 - [MESSAGE][PASSED] - Object: 'Object Repository/06-Teams/button_My Organizations' is clicked on

2022-11-04 16:27:46 - [TEST_STEP][PASSED] - click(findTestObject("06-Teams/button_GG Automation")): Object: 'Object Repository/06-Teams/button_GG Automation' is clicked on

2022-11-04 16:27:47 - [MESSAGE][PASSED] - Object: 'Object Repository/06-Teams/button_GG Automation' is clicked on

2022-11-04 16:27:47 - [TEST_STEP][PASSED] - delay(4): Delayed 4 second(s)

2022-11-04 16:27:51 - [MESSAGE][PASSED] - Delayed 4 second(s)

2022-11-04 16:27:51 - [TEST_STEP][PASSED] - verifyElementVisible(findTestObject("06-Teams/span_GG Automation")): Object 'Object Repository/06-Teams/span_GG Automation' is visible

2022-11-04 16:27:51 - [MESSAGE][PASSED] - Object 'Object Repository/06-Teams/span_GG Automation' is visible

2022-11-04 16:27:51 - [TEST_STEP][PASSED] - delay(10): Delayed 10 second(s)

2022-11-04 16:28:01 - [MESSAGE][PASSED] - Delayed 10 second(s)

2022-11-04 16:28:01 - [TEST_STEP][PASSED] - click(findTestObject("03-Header Menu/Hamburger Button/div_Settings")): Object: 'Object Repository/03-Header Menu/Hamburger Button/div_Settings' is clicked on

2022-11-04 16:28:02 - [MESSAGE][PASSED] - Object: 'Object Repository/03-Header Menu/Hamburger Button/div_Settings' is clicked on

2022-11-04 16:28:02 - [TEST_STEP][PASSED] - verifyElementVisible(findTestObject("09-Settings/Users/div_Organization")): Object 'Object Repository/09-Settings/Users/div_Organization' is visible

2022-11-04 16:28:02 - [MESSAGE][PASSED] - Object 'Object Repository/09-Settings/Users/div_Organization' is visible

2022-11-04 16:28:02 - [TEST_STEP][PASSED] - verifyElementVisible(findTestObject("09-Settings/Users/div_Organization Units")): Object 'Object Repository/09-Settings/Users/div_Organization Units' is visible

2022-11-04 16:28:03 - [MESSAGE][PASSED] - Object 'Object Repository/09-Settings/Users/div_Organization Units' is visible

2022-11-04 16:28:03 - [TEST_STEP][PASSED] - verifyElementVisible(findTestObject("09-Settings/Users/div_Subscriptions")): Object 'Object Repository/09-Settings/Users/div_Subscriptions' is visible

2022-11-04 16:28:03 - [MESSAGE][PASSED] - Object 'Object Repository/09-Settings/Users/div_Subscriptions' is visible

2022-11-04 16:28:03 - [TEST_STEP][PASSED] - verifyElementVisible(findTestObject("09-Settings/Users/div_Users")): Object 'Object Repository/09-Settings/Users/div_Users' is visible

2022-11-04 16:28:04 - [MESSAGE][PASSED] - Object 'Object Repository/09-Settings/Users/div_Users' is visible

2022-11-04 16:28:04 - [TEST_STEP][PASSED] - delay(3): Delayed 3 second(s)

2022-11-04 16:28:07 - [MESSAGE][PASSED] - Delayed 3 second(s)

2022-11-04 16:28:07 - [TEST_STEP][PASSED] - click(findTestObject("09-Settings/Users/div_Users")): Object: 'Object Repository/09-Settings/Users/div_Users' is clicked on

2022-11-04 16:28:07 - [MESSAGE][PASSED] - Object: 'Object Repository/09-Settings/Users/div_Users' is clicked on

2022-11-04 16:28:07 - [TEST_STEP][PASSED] - verifyElementVisible(findTestObject("09-Settings/Users/h4_USERS")): Object 'Object Repository/09-Settings/Users/h4_USERS' is visible

2022-11-04 16:28:08 - [MESSAGE][PASSED] - Object 'Object Repository/09-Settings/Users/h4_USERS' is visible

2022-11-04 16:28:08 - [TEST_STEP][PASSED] - verifyElementVisible(findTestObject("09-Settings/Users/User Page")): Object 'Object Repository/09-Settings/Users/User Page' is visible

2022-11-04 16:28:09 - [MESSAGE][PASSED] - Object 'Object Repository/09-Settings/Users/User Page' is visible

2022-11-04 16:28:09 - [TEST_STEP][PASSED] - delay(3): Delayed 3 second(s)

2022-11-04 16:28:12 - [MESSAGE][PASSED] - Delayed 3 second(s)

2022-11-04 16:28:12 - [TEST_STEP][PASSED] - click(findTestObject("09-Settings/Users/button_add")): Object: 'Object Repository/09-Settings/Users/button_add' is clicked on

2022-11-04 16:28:12 - [MESSAGE][PASSED] - Object: 'Object Repository/09-Settings/Users/button_add' is clicked on

2022-11-04 16:28:12 - [TEST_STEP][PASSED] - verifyElementVisible(findTestObject("09-Settings/Users/User Invitation modal")): Object 'Object Repository/09-Settings/Users/User Invitation modal' is visible

2022-11-04 16:28:13 - [MESSAGE][PASSED] - Object 'Object Repository/09-Settings/Users/User Invitation modal' is visible

2022-11-04 16:28:13 - [TEST_STEP][PASSED] - delay(3): Delayed 3 second(s)

2022-11-04 16:28:16 - [MESSAGE][PASSED] - Delayed 3 second(s)

2022-11-04 16:28:16 - [TEST_STEP][PASSED] - click(findTestObject("09-Settings/Users/add Invite a single user")): Object: 'Object Repository/09-Settings/Users/add Invite a single user' is clicked on

2022-11-04 16:28:16 - [MESSAGE][PASSED] - Object: 'Object Repository/09-Settings/Users/add Invite a single user' is clicked on

2022-11-04 16:28:16 - [TEST_STEP][PASSED] - verifyElementVisible(findTestObject("09-Settings/Users/Invite new user modal")): Object 'Object Repository/09-Settings/Users/Invite new user modal' is visible

2022-11-04 16:28:17 - [MESSAGE][PASSED] - Object 'Object Repository/09-Settings/Users/Invite new user modal' is visible

2022-11-04 16:28:17 - [TEST_STEP][PASSED] - click(findTestObject("09-Settings/Users/input_email")): Object: 'Object Repository/09-Settings/Users/input_email' is clicked on

2022-11-04 16:28:18 - [MESSAGE][PASSED] - Object: 'Object Repository/09-Settings/Users/input_email' is clicked on

2022-11-04 16:28:18 - [TEST_STEP][PASSED] - click(findTestObject("09-Settings/Users/input_firstName")): Object: 'Object Repository/09-Settings/Users/input_firstName' is clicked on

2022-11-04 16:28:18 - [MESSAGE][PASSED] - Object: 'Object Repository/09-Settings/Users/input_firstName' is clicked on

2022-11-04 16:28:18 - [TEST_STEP][PASSED] - click(findTestObject("09-Settings/Users/input_lastName")): Object: 'Object Repository/09-Settings/Users/input_lastName' is clicked on

2022-11-04 16:28:19 - [MESSAGE][PASSED] - Object: 'Object Repository/09-Settings/Users/input_lastName' is clicked on

2022-11-04 16:28:19 - [TEST_STEP][PASSED] - click(findTestObject("09-Settings/Users/span_Role")): Object: 'Object Repository/09-Settings/Users/span_Role' is clicked on

2022-11-04 16:28:19 - [MESSAGE][PASSED] - Object: 'Object Repository/09-Settings/Users/span_Role' is clicked on

2022-11-04 16:28:19 - [TEST_STEP][PASSED] - clickOffset(findTestObject("09-Settings/Users/h4_Invite New User"), 100, 100): Object: 'Object Repository/09-Settings/Users/h4_Invite New User' is clicked on using offset x=100 and y=100

2022-11-04 16:28:20 - [MESSAGE][PASSED] - Object: 'Object Repository/09-Settings/Users/h4_Invite New User' is clicked on using offset x=100 and y=100

2022-11-04 16:28:20 - [TEST_STEP][PASSED] - verifyElementVisible(findTestObject("09-Settings/Users/Email required")): Object 'Object Repository/09-Settings/Users/Email required' is visible

2022-11-04 16:28:21 - [MESSAGE][PASSED] - Object 'Object Repository/09-Settings/Users/Email required' is visible

2022-11-04 16:28:21 - [TEST_STEP][PASSED] - verifyElementVisible(findTestObject("09-Settings/Users/Firstname required")): Object 'Object Repository/09-Settings/Users/Firstname required' is visible

2022-11-04 16:28:22 - [MESSAGE][PASSED] - Object 'Object Repository/09-Settings/Users/Firstname required' is visible

2022-11-04 16:28:22 - [TEST_STEP][PASSED] - verifyElementVisible(findTestObject("09-Settings/Users/last name required")): Object 'Object Repository/09-Settings/Users/last name required' is visible

2022-11-04 16:28:22 - [MESSAGE][PASSED] - Object 'Object Repository/09-Settings/Users/last name required' is visible

2022-11-04 16:28:22 - [TEST_STEP][PASSED] - verifyElementVisible(findTestObject("09-Settings/Users/error_Select a role")): Object 'Object Repository/09-Settings/Users/error_Select a role' is visible

2022-11-04 16:28:22 - [MESSAGE][PASSED] - Object 'Object Repository/09-Settings/Users/error_Select a role' is visible

2022-11-04 16:28:22 - [TEST_STEP][PASSED] - delay(3): Delayed 3 second(s)

2022-11-04 16:28:25 - [MESSAGE][PASSED] - Delayed 3 second(s)

2022-11-04 16:28:25 - [TEST_STEP][PASSED] - closeBrowser(): Browser is closed

2022-11-04 16:28:26 - [MESSAGE][PASSED] - Browser is closed]]></system-out>
         <system-err><![CDATA[]]></system-err>
      </testcase>
      <testcase name="Test Cases/09-Settings/02 - Users (Invite new user as co worker)" time="426.029" classname="Test Cases/09-Settings/02 - Users (Invite new user as co worker)" status="PASSED">
         <system-out><![CDATA[2022-11-04 16:28:26 - [TEST_CASE][PASSED] - Test Cases/09-Settings/02 - Users (Invite new user as co worker): Test Cases/09-Settings/02 - Users (Invite new user as co worker)

2022-11-04 16:28:26 - [TEST_STEP][PASSED] - openBrowser(""): Browser is opened with url: ''

2022-11-04 16:28:26 - [MESSAGE][INFO] - Starting 'Chrome' driver

2022-11-04 16:28:26 - [MESSAGE][INFO] - Action delay is set to 0 milliseconds

2022-11-04 16:28:28 - [MESSAGE][PASSED] - Browser is opened with url: ''

2022-11-04 16:28:28 - [TEST_STEP][PASSED] - navigateToUrl("https://lab.everleagues.com/"): Navigate to 'https://lab.everleagues.com/' successfully

2022-11-04 16:28:39 - [MESSAGE][PASSED] - Navigate to 'https://lab.everleagues.com/' successfully

2022-11-04 16:28:39 - [TEST_STEP][PASSED] - maximizeWindow(): Current window maximized

2022-11-04 16:28:39 - [MESSAGE][PASSED] - Current window maximized

2022-11-04 16:28:39 - [TEST_STEP][PASSED] - setText(findTestObject("02-Side Icons(Organization)/Add Contact/Email Field"), "testuser02@mailinator.com"): Text 'testuser02@mailinator.com' is set on object 'Object Repository/02-Side Icons(Organization)/Add Contact/Email Field'

2022-11-04 16:28:39 - [MESSAGE][PASSED] - Text 'testuser02@mailinator.com' is set on object 'Object Repository/02-Side Icons(Organization)/Add Contact/Email Field'

2022-11-04 16:28:39 - [TEST_STEP][PASSED] - setEncryptedText(findTestObject("02-Side Icons(Organization)/Add Contact/Password Field"), "8yFRyszE6U6jvsCn51OQbg=="): Text ****** has been set on object 'Object Repository/02-Side Icons(Organization)/Add Contact/Password Field'

2022-11-04 16:28:40 - [MESSAGE][PASSED] - Text ****** has been set on object 'Object Repository/02-Side Icons(Organization)/Add Contact/Password Field'

2022-11-04 16:28:40 - [TEST_STEP][PASSED] - click(findTestObject("02-Side Icons(Organization)/Add Contact/button_Sign in")): Object: 'Object Repository/02-Side Icons(Organization)/Add Contact/button_Sign in' is clicked on

2022-11-04 16:28:41 - [MESSAGE][PASSED] - Object: 'Object Repository/02-Side Icons(Organization)/Add Contact/button_Sign in' is clicked on

2022-11-04 16:28:41 - [TEST_STEP][PASSED] - delay(2): Delayed 2 second(s)

2022-11-04 16:28:43 - [MESSAGE][PASSED] - Delayed 2 second(s)

2022-11-04 16:28:43 - [TEST_STEP][PASSED] - click(findTestObject("06-Teams/For 2FA/button_Confirm_2FA")): Object: 'Object Repository/06-Teams/For 2FA/button_Confirm_2FA' is clicked on

2022-11-04 16:28:43 - [MESSAGE][PASSED] - Object: 'Object Repository/06-Teams/For 2FA/button_Confirm_2FA' is clicked on

2022-11-04 16:28:43 - [TEST_STEP][PASSED] - executeJavaScript("window.open();", []): Execute JavaScript 'window.open();' successfully

2022-11-04 16:28:43 - [MESSAGE][PASSED] - Execute JavaScript 'window.open();' successfully

2022-11-04 16:28:43 - [TEST_STEP][PASSED] - currentWindow = getWindowIndex(): Current window's index is: 0

2022-11-04 16:28:43 - [MESSAGE][PASSED] - Current window's index is: 0

2022-11-04 16:28:43 - [TEST_STEP][PASSED] - delay(3): Delayed 3 second(s)

2022-11-04 16:28:46 - [MESSAGE][PASSED] - Delayed 3 second(s)

2022-11-04 16:28:46 - [TEST_STEP][PASSED] - switchToWindowIndex(currentWindow + 1): Switched to window with index: '1'

2022-11-04 16:28:46 - [MESSAGE][PASSED] - Switched to window with index: '1'

2022-11-04 16:28:46 - [TEST_STEP][PASSED] - navigateToUrl("https://www.mailinator.com/"): Navigate to 'https://www.mailinator.com/' successfully

2022-11-04 16:28:49 - [MESSAGE][PASSED] - Navigate to 'https://www.mailinator.com/' successfully

2022-11-04 16:28:49 - [TEST_STEP][PASSED] - delay(3): Delayed 3 second(s)

2022-11-04 16:28:52 - [MESSAGE][PASSED] - Delayed 3 second(s)

2022-11-04 16:28:52 - [TEST_STEP][PASSED] - setText(findTestObject("00-Signup and Activation/zMailinator/input_LOGIN_search"), "testuser02@mailinator.com"): Text 'testuser02@mailinator.com' is set on object 'Object Repository/00-Signup and Activation/zMailinator/input_LOGIN_search'

2022-11-04 16:28:53 - [MESSAGE][PASSED] - Text 'testuser02@mailinator.com' is set on object 'Object Repository/00-Signup and Activation/zMailinator/input_LOGIN_search'

2022-11-04 16:28:53 - [TEST_STEP][PASSED] - click(findTestObject("00-Signup and Activation/zMailinator/gobutton"), STOP_ON_FAILURE): Object: 'Object Repository/00-Signup and Activation/zMailinator/gobutton' is clicked on

2022-11-04 16:28:55 - [MESSAGE][PASSED] - Object: 'Object Repository/00-Signup and Activation/zMailinator/gobutton' is clicked on

2022-11-04 16:28:55 - [TEST_STEP][PASSED] - delay(3): Delayed 3 second(s)

2022-11-04 16:28:58 - [MESSAGE][PASSED] - Delayed 3 second(s)

2022-11-04 16:28:58 - [TEST_STEP][PASSED] - click(findTestObject("00-Signup and Activation/zMailinator/Email - everleagues")): Object: 'Object Repository/00-Signup and Activation/zMailinator/Email - everleagues' is clicked on

2022-11-04 16:28:58 - [MESSAGE][PASSED] - Object: 'Object Repository/00-Signup and Activation/zMailinator/Email - everleagues' is clicked on

2022-11-04 16:28:58 - [TEST_STEP][PASSED] - delay(3): Delayed 3 second(s)

2022-11-04 16:29:01 - [MESSAGE][PASSED] - Delayed 3 second(s)

2022-11-04 16:29:01 - [TEST_STEP][PASSED] - code = getText(findTestObject("Object Repository/06-Teams/For 2FA/2FA code")): Text of object 'Object Repository/06-Teams/For 2FA/2FA code' is: '336958'

2022-11-04 16:29:02 - [MESSAGE][PASSED] - Text of object 'Object Repository/06-Teams/For 2FA/2FA code' is: '336958'

2022-11-04 16:29:02 - [TEST_STEP][PASSED] - delay(3): Delayed 3 second(s)

2022-11-04 16:29:05 - [MESSAGE][PASSED] - Delayed 3 second(s)

2022-11-04 16:29:05 - [TEST_STEP][PASSED] - closeWindowTitle("Mailinator"): Window with title: 'Mailinator' is closed

2022-11-04 16:29:05 - [MESSAGE][PASSED] - Window with title: 'Mailinator' is closed

2022-11-04 16:29:05 - [TEST_STEP][PASSED] - delay(3): Delayed 3 second(s)

2022-11-04 16:29:08 - [MESSAGE][PASSED] - Delayed 3 second(s)

2022-11-04 16:29:08 - [TEST_STEP][PASSED] - switchToWindowIndex(0): Switched to window with index: '0'

2022-11-04 16:29:08 - [MESSAGE][PASSED] - Switched to window with index: '0'

2022-11-04 16:29:08 - [TEST_STEP][PASSED] - delay(3): Delayed 3 second(s)

2022-11-04 16:29:11 - [MESSAGE][PASSED] - Delayed 3 second(s)

2022-11-04 16:29:11 - [TEST_STEP][PASSED] - setText(findTestObject("Object Repository/06-Teams/For 2FA/input_Enter verification code_code"), code): Text '336958' is set on object 'Object Repository/06-Teams/For 2FA/input_Enter verification code_code'

2022-11-04 16:29:12 - [MESSAGE][PASSED] - Text '336958' is set on object 'Object Repository/06-Teams/For 2FA/input_Enter verification code_code'

2022-11-04 16:29:12 - [TEST_STEP][PASSED] - delay(3): Delayed 3 second(s)

2022-11-04 16:29:15 - [MESSAGE][PASSED] - Delayed 3 second(s)

2022-11-04 16:29:15 - [TEST_STEP][PASSED] - click(findTestObject("06-Teams/For 2FA/button_Verify_2FA")): Object: 'Object Repository/06-Teams/For 2FA/button_Verify_2FA' is clicked on

2022-11-04 16:29:16 - [MESSAGE][PASSED] - Object: 'Object Repository/06-Teams/For 2FA/button_Verify_2FA' is clicked on

2022-11-04 16:29:16 - [TEST_STEP][PASSED] - delay(5): Delayed 5 second(s)

2022-11-04 16:29:21 - [MESSAGE][PASSED] - Delayed 5 second(s)

2022-11-04 16:29:21 - [TEST_STEP][PASSED] - click(findTestObject("06-Teams/button_doublearrow")): Object: 'Object Repository/06-Teams/button_doublearrow' is clicked on

2022-11-04 16:29:21 - [MESSAGE][PASSED] - Object: 'Object Repository/06-Teams/button_doublearrow' is clicked on

2022-11-04 16:29:21 - [TEST_STEP][PASSED] - click(findTestObject("06-Teams/button_My Organizations")): Object: 'Object Repository/06-Teams/button_My Organizations' is clicked on

2022-11-04 16:29:22 - [MESSAGE][PASSED] - Object: 'Object Repository/06-Teams/button_My Organizations' is clicked on

2022-11-04 16:29:22 - [TEST_STEP][PASSED] - click(findTestObject("06-Teams/button_GG Automation")): Object: 'Object Repository/06-Teams/button_GG Automation' is clicked on

2022-11-04 16:29:23 - [MESSAGE][PASSED] - Object: 'Object Repository/06-Teams/button_GG Automation' is clicked on

2022-11-04 16:29:23 - [TEST_STEP][PASSED] - delay(4): Delayed 4 second(s)

2022-11-04 16:29:27 - [MESSAGE][PASSED] - Delayed 4 second(s)

2022-11-04 16:29:27 - [TEST_STEP][PASSED] - verifyElementVisible(findTestObject("06-Teams/span_GG Automation")): Object 'Object Repository/06-Teams/span_GG Automation' is visible

2022-11-04 16:29:27 - [MESSAGE][PASSED] - Object 'Object Repository/06-Teams/span_GG Automation' is visible

2022-11-04 16:29:27 - [TEST_STEP][PASSED] - delay(10): Delayed 10 second(s)

2022-11-04 16:29:37 - [MESSAGE][PASSED] - Delayed 10 second(s)

2022-11-04 16:29:37 - [TEST_STEP][PASSED] - click(findTestObject("03-Header Menu/Hamburger Button/div_Settings")): Object: 'Object Repository/03-Header Menu/Hamburger Button/div_Settings' is clicked on

2022-11-04 16:29:37 - [MESSAGE][PASSED] - Object: 'Object Repository/03-Header Menu/Hamburger Button/div_Settings' is clicked on

2022-11-04 16:29:37 - [TEST_STEP][PASSED] - delay(3): Delayed 3 second(s)

2022-11-04 16:29:40 - [MESSAGE][PASSED] - Delayed 3 second(s)

2022-11-04 16:29:40 - [TEST_STEP][PASSED] - click(findTestObject("09-Settings/Users/div_Users")): Object: 'Object Repository/09-Settings/Users/div_Users' is clicked on

2022-11-04 16:29:41 - [MESSAGE][PASSED] - Object: 'Object Repository/09-Settings/Users/div_Users' is clicked on

2022-11-04 16:29:41 - [TEST_STEP][PASSED] - delay(3): Delayed 3 second(s)

2022-11-04 16:29:44 - [MESSAGE][PASSED] - Delayed 3 second(s)

2022-11-04 16:29:44 - [TEST_STEP][PASSED] - click(findTestObject("09-Settings/Users/button_add")): Object: 'Object Repository/09-Settings/Users/button_add' is clicked on

2022-11-04 16:29:44 - [MESSAGE][PASSED] - Object: 'Object Repository/09-Settings/Users/button_add' is clicked on

2022-11-04 16:29:44 - [TEST_STEP][PASSED] - delay(3): Delayed 3 second(s)

2022-11-04 16:29:48 - [MESSAGE][PASSED] - Delayed 3 second(s)

2022-11-04 16:29:48 - [TEST_STEP][PASSED] - click(findTestObject("09-Settings/Users/add Invite a single user")): Object: 'Object Repository/09-Settings/Users/add Invite a single user' is clicked on

2022-11-04 16:29:48 - [MESSAGE][PASSED] - Object: 'Object Repository/09-Settings/Users/add Invite a single user' is clicked on

2022-11-04 16:29:48 - [TEST_STEP][PASSED] - delay(3): Delayed 3 second(s)

2022-11-04 16:29:51 - [MESSAGE][PASSED] - Delayed 3 second(s)

2022-11-04 16:29:51 - [TEST_STEP][PASSED] - setText(findTestObject("09-Settings/Users/input_email"), "autotester04@mailinator.com"): Text 'autotester04@mailinator.com' is set on object 'Object Repository/09-Settings/Users/input_email'

2022-11-04 16:29:52 - [MESSAGE][PASSED] - Text 'autotester04@mailinator.com' is set on object 'Object Repository/09-Settings/Users/input_email'

2022-11-04 16:29:52 - [TEST_STEP][PASSED] - setText(findTestObject("09-Settings/Users/input_firstName"), "GG"): Text 'GG' is set on object 'Object Repository/09-Settings/Users/input_firstName'

2022-11-04 16:29:53 - [MESSAGE][PASSED] - Text 'GG' is set on object 'Object Repository/09-Settings/Users/input_firstName'

2022-11-04 16:29:53 - [TEST_STEP][PASSED] - setText(findTestObject("09-Settings/Users/input_lastName"), "Auto Contact 2"): Text 'Auto Contact 2' is set on object 'Object Repository/09-Settings/Users/input_lastName'

2022-11-04 16:29:54 - [MESSAGE][PASSED] - Text 'Auto Contact 2' is set on object 'Object Repository/09-Settings/Users/input_lastName'

2022-11-04 16:29:54 - [TEST_STEP][PASSED] - click(findTestObject("09-Settings/Users/span_Role")): Object: 'Object Repository/09-Settings/Users/span_Role' is clicked on

2022-11-04 16:29:54 - [MESSAGE][PASSED] - Object: 'Object Repository/09-Settings/Users/span_Role' is clicked on

2022-11-04 16:29:54 - [TEST_STEP][PASSED] - click(findTestObject("09-Settings/Users/span_CoWorker")): Object: 'Object Repository/09-Settings/Users/span_CoWorker' is clicked on

2022-11-04 16:29:54 - [MESSAGE][PASSED] - Object: 'Object Repository/09-Settings/Users/span_CoWorker' is clicked on

2022-11-04 16:29:54 - [TEST_STEP][PASSED] - click(findTestObject("09-Settings/Users/button_Send Invitation")): Object: 'Object Repository/09-Settings/Users/button_Send Invitation' is clicked on

2022-11-04 16:29:55 - [MESSAGE][PASSED] - Object: 'Object Repository/09-Settings/Users/button_Send Invitation' is clicked on

2022-11-04 16:29:55 - [TEST_STEP][PASSED] - delay(2): Delayed 2 second(s)

2022-11-04 16:29:57 - [MESSAGE][PASSED] - Delayed 2 second(s)

2022-11-04 16:29:57 - [TEST_STEP][PASSED] - verifyElementVisible(findTestObject("07-Directory/Connections/zContact Profile/Successfully invited user")): Object 'Object Repository/07-Directory/Connections/zContact Profile/Successfully invited user' is visible

2022-11-04 16:29:59 - [MESSAGE][PASSED] - Object 'Object Repository/07-Directory/Connections/zContact Profile/Successfully invited user' is visible

2022-11-04 16:29:59 - [TEST_STEP][PASSED] - delay(2): Delayed 2 second(s)

2022-11-04 16:30:01 - [MESSAGE][PASSED] - Delayed 2 second(s)

2022-11-04 16:30:01 - [TEST_STEP][PASSED] - executeJavaScript("window.open();", []): Execute JavaScript 'window.open();' successfully

2022-11-04 16:30:01 - [MESSAGE][PASSED] - Execute JavaScript 'window.open();' successfully

2022-11-04 16:30:01 - [TEST_STEP][PASSED] - currentWindow = getWindowIndex(): Current window's index is: 0

2022-11-04 16:30:01 - [MESSAGE][PASSED] - Current window's index is: 0

2022-11-04 16:30:01 - [TEST_STEP][PASSED] - delay(3): Delayed 3 second(s)

2022-11-04 16:30:04 - [MESSAGE][PASSED] - Delayed 3 second(s)

2022-11-04 16:30:04 - [TEST_STEP][PASSED] - switchToWindowIndex(currentWindow + 1): Switched to window with index: '1'

2022-11-04 16:30:04 - [MESSAGE][PASSED] - Switched to window with index: '1'

2022-11-04 16:30:04 - [TEST_STEP][PASSED] - navigateToUrl("https://www.mailinator.com/"): Navigate to 'https://www.mailinator.com/' successfully

2022-11-04 16:30:05 - [MESSAGE][PASSED] - Navigate to 'https://www.mailinator.com/' successfully

2022-11-04 16:30:05 - [TEST_STEP][PASSED] - delay(3): Delayed 3 second(s)

2022-11-04 16:30:08 - [MESSAGE][PASSED] - Delayed 3 second(s)

2022-11-04 16:30:08 - [TEST_STEP][PASSED] - setText(findTestObject("00-Signup and Activation/zMailinator/input_LOGIN_search"), "autotester04@mailinator.com"): Text 'autotester04@mailinator.com' is set on object 'Object Repository/00-Signup and Activation/zMailinator/input_LOGIN_search'

2022-11-04 16:30:09 - [MESSAGE][PASSED] - Text 'autotester04@mailinator.com' is set on object 'Object Repository/00-Signup and Activation/zMailinator/input_LOGIN_search'

2022-11-04 16:30:09 - [TEST_STEP][PASSED] - click(findTestObject("00-Signup and Activation/zMailinator/gobutton"), STOP_ON_FAILURE): Object: 'Object Repository/00-Signup and Activation/zMailinator/gobutton' is clicked on

2022-11-04 16:30:10 - [MESSAGE][PASSED] - Object: 'Object Repository/00-Signup and Activation/zMailinator/gobutton' is clicked on

2022-11-04 16:30:10 - [TEST_STEP][PASSED] - delay(3): Delayed 3 second(s)

2022-11-04 16:30:13 - [MESSAGE][PASSED] - Delayed 3 second(s)

2022-11-04 16:30:13 - [TEST_STEP][PASSED] - closeWindowTitle("Everleagues"): Window with title: 'Everleagues' is closed

2022-11-04 16:30:13 - [MESSAGE][PASSED] - Window with title: 'Everleagues' is closed

2022-11-04 16:30:13 - [TEST_STEP][PASSED] - switchToWindowIndex(0): Switched to window with index: '0'

2022-11-04 16:30:13 - [MESSAGE][PASSED] - Switched to window with index: '0'

2022-11-04 16:30:13 - [TEST_STEP][PASSED] - click(findTestObject("09-Settings/Users/Co worker/td_Invitation from GG Automation")): Object: 'Object Repository/09-Settings/Users/Co worker/td_Invitation from GG Automation' is clicked on

2022-11-04 16:30:14 - [MESSAGE][PASSED] - Object: 'Object Repository/09-Settings/Users/Co worker/td_Invitation from GG Automation' is clicked on

2022-11-04 16:30:14 - [TEST_STEP][PASSED] - click(findTestObject("09-Settings/Users/Co worker/a_Click here to join GG Automation on EverLeagues")): Object: 'Object Repository/09-Settings/Users/Co worker/a_Click here to join GG Automation on EverLeagues' is clicked on

2022-11-04 16:30:15 - [MESSAGE][PASSED] - Object: 'Object Repository/09-Settings/Users/Co worker/a_Click here to join GG Automation on EverLeagues' is clicked on

2022-11-04 16:30:15 - [TEST_STEP][PASSED] - closeWindowTitle("Mailinator"): Window with title: 'Mailinator' is closed

2022-11-04 16:30:15 - [MESSAGE][PASSED] - Window with title: 'Mailinator' is closed

2022-11-04 16:30:15 - [TEST_STEP][PASSED] - switchToWindowIndex(0): Switched to window with index: '0'

2022-11-04 16:30:15 - [MESSAGE][PASSED] - Switched to window with index: '0'

2022-11-04 16:30:15 - [TEST_STEP][PASSED] - verifyElementVisible(findTestObject("09-Settings/Users/Co worker/Logout before proceed modal")): Object 'Object Repository/09-Settings/Users/Co worker/Logout before proceed modal' is visible

2022-11-04 16:30:21 - [MESSAGE][PASSED] - Object 'Object Repository/09-Settings/Users/Co worker/Logout before proceed modal' is visible

2022-11-04 16:30:21 - [TEST_STEP][PASSED] - click(findTestObject("09-Settings/Users/Co worker/button_Yes")): Object: 'Object Repository/09-Settings/Users/Co worker/button_Yes' is clicked on

2022-11-04 16:30:21 - [MESSAGE][PASSED] - Object: 'Object Repository/09-Settings/Users/Co worker/button_Yes' is clicked on

2022-11-04 16:30:21 - [TEST_STEP][PASSED] - delay(3): Delayed 3 second(s)

2022-11-04 16:30:24 - [MESSAGE][PASSED] - Delayed 3 second(s)

2022-11-04 16:30:24 - [TEST_STEP][PASSED] - setText(findTestObject("09-Settings/Users/Co worker/input_Email_email"), "autotester04@mailinator.com"): Text 'autotester04@mailinator.com' is set on object 'Object Repository/09-Settings/Users/Co worker/input_Email_email'

2022-11-04 16:31:25 - [MESSAGE][PASSED] - Text 'autotester04@mailinator.com' is set on object 'Object Repository/09-Settings/Users/Co worker/input_Email_email'

2022-11-04 16:31:25 - [TEST_STEP][PASSED] - setEncryptedText(findTestObject("09-Settings/Users/Co worker/input__password"), "8yFRyszE6U6jvsCn51OQbg=="): Text ****** has been set on object 'Object Repository/09-Settings/Users/Co worker/input__password'

2022-11-04 16:31:55 - [MESSAGE][PASSED] - Text ****** has been set on object 'Object Repository/09-Settings/Users/Co worker/input__password'

2022-11-04 16:31:55 - [TEST_STEP][PASSED] - click(findTestObject("02-Side Icons(Organization)/Add Contact/button_Sign in")): Object: 'Object Repository/02-Side Icons(Organization)/Add Contact/button_Sign in' is clicked on

2022-11-04 16:32:25 - [MESSAGE][PASSED] - Object: 'Object Repository/02-Side Icons(Organization)/Add Contact/button_Sign in' is clicked on

2022-11-04 16:32:25 - [TEST_STEP][PASSED] - delay(2): Delayed 2 second(s)

2022-11-04 16:32:27 - [MESSAGE][PASSED] - Delayed 2 second(s)

2022-11-04 16:32:27 - [TEST_STEP][PASSED] - click(findTestObject("06-Teams/For 2FA/button_Confirm_2FA")): Object: 'Object Repository/06-Teams/For 2FA/button_Confirm_2FA' is clicked on

2022-11-04 16:32:57 - [MESSAGE][PASSED] - Object: 'Object Repository/06-Teams/For 2FA/button_Confirm_2FA' is clicked on

2022-11-04 16:32:57 - [TEST_STEP][PASSED] - executeJavaScript("window.open();", []): Execute JavaScript 'window.open();' successfully

2022-11-04 16:32:57 - [MESSAGE][PASSED] - Execute JavaScript 'window.open();' successfully

2022-11-04 16:32:57 - [TEST_STEP][PASSED] - currentWindow = getWindowIndex(): Current window's index is: 0

2022-11-04 16:32:57 - [MESSAGE][PASSED] - Current window's index is: 0

2022-11-04 16:32:57 - [TEST_STEP][PASSED] - delay(3): Delayed 3 second(s)

2022-11-04 16:33:00 - [MESSAGE][PASSED] - Delayed 3 second(s)

2022-11-04 16:33:00 - [TEST_STEP][PASSED] - switchToWindowIndex(currentWindow + 1): Switched to window with index: '1'

2022-11-04 16:33:00 - [MESSAGE][PASSED] - Switched to window with index: '1'

2022-11-04 16:33:00 - [TEST_STEP][PASSED] - navigateToUrl("https://www.mailinator.com/"): Navigate to 'https://www.mailinator.com/' successfully

2022-11-04 16:33:02 - [MESSAGE][PASSED] - Navigate to 'https://www.mailinator.com/' successfully

2022-11-04 16:33:02 - [TEST_STEP][PASSED] - delay(3): Delayed 3 second(s)

2022-11-04 16:33:05 - [MESSAGE][PASSED] - Delayed 3 second(s)

2022-11-04 16:33:05 - [TEST_STEP][PASSED] - setText(findTestObject("00-Signup and Activation/zMailinator/input_LOGIN_search"), "autotester04@mailinator.com"): Text 'autotester04@mailinator.com' is set on object 'Object Repository/00-Signup and Activation/zMailinator/input_LOGIN_search'

2022-11-04 16:33:06 - [MESSAGE][PASSED] - Text 'autotester04@mailinator.com' is set on object 'Object Repository/00-Signup and Activation/zMailinator/input_LOGIN_search'

2022-11-04 16:33:06 - [TEST_STEP][PASSED] - click(findTestObject("00-Signup and Activation/zMailinator/gobutton"), STOP_ON_FAILURE): Object: 'Object Repository/00-Signup and Activation/zMailinator/gobutton' is clicked on

2022-11-04 16:33:07 - [MESSAGE][PASSED] - Object: 'Object Repository/00-Signup and Activation/zMailinator/gobutton' is clicked on

2022-11-04 16:33:07 - [TEST_STEP][PASSED] - delay(3): Delayed 3 second(s)

2022-11-04 16:33:10 - [MESSAGE][PASSED] - Delayed 3 second(s)

2022-11-04 16:33:10 - [TEST_STEP][PASSED] - click(findTestObject("00-Signup and Activation/zMailinator/Email - everleagues")): Object: 'Object Repository/00-Signup and Activation/zMailinator/Email - everleagues' is clicked on

2022-11-04 16:33:10 - [MESSAGE][PASSED] - Object: 'Object Repository/00-Signup and Activation/zMailinator/Email - everleagues' is clicked on

2022-11-04 16:33:10 - [TEST_STEP][PASSED] - delay(3): Delayed 3 second(s)

2022-11-04 16:33:13 - [MESSAGE][PASSED] - Delayed 3 second(s)

2022-11-04 16:33:13 - [TEST_STEP][PASSED] - codetwo = getText(findTestObject("Object Repository/06-Teams/For 2FA/2FA code")): Text of object 'Object Repository/06-Teams/For 2FA/2FA code' is: '828249'

2022-11-04 16:33:14 - [MESSAGE][PASSED] - Text of object 'Object Repository/06-Teams/For 2FA/2FA code' is: '828249'

2022-11-04 16:33:14 - [TEST_STEP][PASSED] - delay(3): Delayed 3 second(s)

2022-11-04 16:33:17 - [MESSAGE][PASSED] - Delayed 3 second(s)

2022-11-04 16:33:17 - [TEST_STEP][PASSED] - closeWindowTitle("Mailinator"): Window with title: 'Mailinator' is closed

2022-11-04 16:33:17 - [MESSAGE][PASSED] - Window with title: 'Mailinator' is closed

2022-11-04 16:33:17 - [TEST_STEP][PASSED] - delay(3): Delayed 3 second(s)

2022-11-04 16:33:20 - [MESSAGE][PASSED] - Delayed 3 second(s)

2022-11-04 16:33:20 - [TEST_STEP][PASSED] - switchToWindowIndex(0): Switched to window with index: '0'

2022-11-04 16:33:20 - [MESSAGE][PASSED] - Switched to window with index: '0'

2022-11-04 16:33:20 - [TEST_STEP][PASSED] - delay(3): Delayed 3 second(s)

2022-11-04 16:33:23 - [MESSAGE][PASSED] - Delayed 3 second(s)

2022-11-04 16:33:23 - [TEST_STEP][PASSED] - setText(findTestObject("Object Repository/06-Teams/For 2FA/input_Enter verification code_code"), codetwo): Text '828249' is set on object 'Object Repository/06-Teams/For 2FA/input_Enter verification code_code'

2022-11-04 16:34:23 - [MESSAGE][PASSED] - Text '828249' is set on object 'Object Repository/06-Teams/For 2FA/input_Enter verification code_code'

2022-11-04 16:34:23 - [TEST_STEP][PASSED] - delay(3): Delayed 3 second(s)

2022-11-04 16:34:26 - [MESSAGE][PASSED] - Delayed 3 second(s)

2022-11-04 16:34:26 - [TEST_STEP][PASSED] - click(findTestObject("06-Teams/For 2FA/button_Verify_2FA")): Object: 'Object Repository/06-Teams/For 2FA/button_Verify_2FA' is clicked on

2022-11-04 16:34:56 - [MESSAGE][PASSED] - Object: 'Object Repository/06-Teams/For 2FA/button_Verify_2FA' is clicked on

2022-11-04 16:34:56 - [TEST_STEP][PASSED] - delay(5): Delayed 5 second(s)

2022-11-04 16:35:01 - [MESSAGE][PASSED] - Delayed 5 second(s)

2022-11-04 16:35:01 - [TEST_STEP][PASSED] - executeJavaScript("window.open();", []): Execute JavaScript 'window.open();' successfully

2022-11-04 16:35:01 - [MESSAGE][PASSED] - Execute JavaScript 'window.open();' successfully

2022-11-04 16:35:01 - [TEST_STEP][PASSED] - currentWindow = getWindowIndex(): Current window's index is: 0

2022-11-04 16:35:01 - [MESSAGE][PASSED] - Current window's index is: 0

2022-11-04 16:35:01 - [TEST_STEP][PASSED] - delay(3): Delayed 3 second(s)

2022-11-04 16:35:04 - [MESSAGE][PASSED] - Delayed 3 second(s)

2022-11-04 16:35:04 - [TEST_STEP][PASSED] - switchToWindowIndex(currentWindow + 1): Switched to window with index: '1'

2022-11-04 16:35:04 - [MESSAGE][PASSED] - Switched to window with index: '1'

2022-11-04 16:35:04 - [TEST_STEP][PASSED] - navigateToUrl("https://www.mailinator.com/"): Navigate to 'https://www.mailinator.com/' successfully

2022-11-04 16:35:06 - [MESSAGE][PASSED] - Navigate to 'https://www.mailinator.com/' successfully

2022-11-04 16:35:06 - [TEST_STEP][PASSED] - delay(3): Delayed 3 second(s)

2022-11-04 16:35:09 - [MESSAGE][PASSED] - Delayed 3 second(s)

2022-11-04 16:35:09 - [TEST_STEP][PASSED] - setText(findTestObject("00-Signup and Activation/zMailinator/input_LOGIN_search"), "autotester04@mailinator.com"): Text 'autotester04@mailinator.com' is set on object 'Object Repository/00-Signup and Activation/zMailinator/input_LOGIN_search'

2022-11-04 16:35:10 - [MESSAGE][PASSED] - Text 'autotester04@mailinator.com' is set on object 'Object Repository/00-Signup and Activation/zMailinator/input_LOGIN_search'

2022-11-04 16:35:10 - [TEST_STEP][PASSED] - click(findTestObject("00-Signup and Activation/zMailinator/gobutton"), STOP_ON_FAILURE): Object: 'Object Repository/00-Signup and Activation/zMailinator/gobutton' is clicked on

2022-11-04 16:35:11 - [MESSAGE][PASSED] - Object: 'Object Repository/00-Signup and Activation/zMailinator/gobutton' is clicked on

2022-11-04 16:35:11 - [TEST_STEP][PASSED] - delay(3): Delayed 3 second(s)

2022-11-04 16:35:14 - [MESSAGE][PASSED] - Delayed 3 second(s)

2022-11-04 16:35:14 - [TEST_STEP][PASSED] - closeWindowTitle("Everleagues"): Window with title: 'Everleagues' is closed

2022-11-04 16:35:14 - [MESSAGE][PASSED] - Window with title: 'Everleagues' is closed

2022-11-04 16:35:14 - [TEST_STEP][PASSED] - switchToWindowIndex(0): Switched to window with index: '0'

2022-11-04 16:35:14 - [MESSAGE][PASSED] - Switched to window with index: '0'

2022-11-04 16:35:14 - [TEST_STEP][PASSED] - click(findTestObject("09-Settings/Users/Co worker/td_Invitation from GG Automation")): Object: 'Object Repository/09-Settings/Users/Co worker/td_Invitation from GG Automation' is clicked on

2022-11-04 16:35:14 - [MESSAGE][PASSED] - Object: 'Object Repository/09-Settings/Users/Co worker/td_Invitation from GG Automation' is clicked on

2022-11-04 16:35:14 - [TEST_STEP][PASSED] - click(findTestObject("09-Settings/Users/Co worker/a_Click here to join GG Automation on EverLeagues")): Object: 'Object Repository/09-Settings/Users/Co worker/a_Click here to join GG Automation on EverLeagues' is clicked on

2022-11-04 16:35:15 - [MESSAGE][PASSED] - Object: 'Object Repository/09-Settings/Users/Co worker/a_Click here to join GG Automation on EverLeagues' is clicked on

2022-11-04 16:35:15 - [TEST_STEP][PASSED] - delay(3): Delayed 3 second(s)

2022-11-04 16:35:18 - [MESSAGE][PASSED] - Delayed 3 second(s)

2022-11-04 16:35:18 - [TEST_STEP][PASSED] - closeWindowTitle("Mailinator"): Window with title: 'Mailinator' is closed

2022-11-04 16:35:19 - [MESSAGE][PASSED] - Window with title: 'Mailinator' is closed

2022-11-04 16:35:19 - [TEST_STEP][PASSED] - switchToWindowIndex(0): Switched to window with index: '0'

2022-11-04 16:35:19 - [MESSAGE][PASSED] - Switched to window with index: '0'

2022-11-04 16:35:19 - [TEST_STEP][PASSED] - verifyElementVisible(findTestObject("09-Settings/Users/Co worker/Invite modal")): Object 'Object Repository/09-Settings/Users/Co worker/Invite modal' is visible

2022-11-04 16:35:21 - [MESSAGE][PASSED] - Object 'Object Repository/09-Settings/Users/Co worker/Invite modal' is visible

2022-11-04 16:35:21 - [TEST_STEP][PASSED] - click(findTestObject("09-Settings/Users/Co worker/button_Accept")): Object: 'Object Repository/09-Settings/Users/Co worker/button_Accept' is clicked on

2022-11-04 16:35:21 - [MESSAGE][PASSED] - Object: 'Object Repository/09-Settings/Users/Co worker/button_Accept' is clicked on

2022-11-04 16:35:21 - [TEST_STEP][PASSED] - delay(10): Delayed 10 second(s)

2022-11-04 16:35:31 - [MESSAGE][PASSED] - Delayed 10 second(s)

2022-11-04 16:35:31 - [TEST_STEP][PASSED] - verifyElementVisible(findTestObject("09-Settings/Users/Co worker/div_Joined as CoWorker")): Object 'Object Repository/09-Settings/Users/Co worker/div_Joined as CoWorker' is visible

2022-11-04 16:35:31 - [MESSAGE][PASSED] - Object 'Object Repository/09-Settings/Users/Co worker/div_Joined as CoWorker' is visible

2022-11-04 16:35:31 - [TEST_STEP][PASSED] - closeBrowser(): Browser is closed

2022-11-04 16:35:32 - [MESSAGE][PASSED] - Browser is closed]]></system-out>
         <system-err><![CDATA[]]></system-err>
      </testcase>
      <testcase name="Test Cases/09-Settings/03 - Users (Invite new user as client)" time="209.798" classname="Test Cases/09-Settings/03 - Users (Invite new user as client)" status="PASSED">
         <system-out><![CDATA[2022-11-04 16:35:32 - [TEST_CASE][PASSED] - Test Cases/09-Settings/03 - Users (Invite new user as client): Test Cases/09-Settings/03 - Users (Invite new user as client)

2022-11-04 16:35:32 - [TEST_STEP][PASSED] - openBrowser(""): Browser is opened with url: ''

2022-11-04 16:35:32 - [MESSAGE][INFO] - Starting 'Chrome' driver

2022-11-04 16:35:32 - [MESSAGE][INFO] - Action delay is set to 0 milliseconds

2022-11-04 16:35:34 - [MESSAGE][PASSED] - Browser is opened with url: ''

2022-11-04 16:35:34 - [TEST_STEP][PASSED] - navigateToUrl("https://lab.everleagues.com/"): Navigate to 'https://lab.everleagues.com/' successfully

2022-11-04 16:35:47 - [MESSAGE][PASSED] - Navigate to 'https://lab.everleagues.com/' successfully

2022-11-04 16:35:47 - [TEST_STEP][PASSED] - maximizeWindow(): Current window maximized

2022-11-04 16:35:47 - [MESSAGE][PASSED] - Current window maximized

2022-11-04 16:35:47 - [TEST_STEP][PASSED] - setText(findTestObject("02-Side Icons(Organization)/Add Contact/Email Field"), "testuser02@mailinator.com"): Text 'testuser02@mailinator.com' is set on object 'Object Repository/02-Side Icons(Organization)/Add Contact/Email Field'

2022-11-04 16:35:48 - [MESSAGE][PASSED] - Text 'testuser02@mailinator.com' is set on object 'Object Repository/02-Side Icons(Organization)/Add Contact/Email Field'

2022-11-04 16:35:48 - [TEST_STEP][PASSED] - setEncryptedText(findTestObject("02-Side Icons(Organization)/Add Contact/Password Field"), "8yFRyszE6U6jvsCn51OQbg=="): Text ****** has been set on object 'Object Repository/02-Side Icons(Organization)/Add Contact/Password Field'

2022-11-04 16:35:48 - [MESSAGE][PASSED] - Text ****** has been set on object 'Object Repository/02-Side Icons(Organization)/Add Contact/Password Field'

2022-11-04 16:35:48 - [TEST_STEP][PASSED] - click(findTestObject("02-Side Icons(Organization)/Add Contact/button_Sign in")): Object: 'Object Repository/02-Side Icons(Organization)/Add Contact/button_Sign in' is clicked on

2022-11-04 16:35:49 - [MESSAGE][PASSED] - Object: 'Object Repository/02-Side Icons(Organization)/Add Contact/button_Sign in' is clicked on

2022-11-04 16:35:49 - [TEST_STEP][PASSED] - delay(2): Delayed 2 second(s)

2022-11-04 16:35:51 - [MESSAGE][PASSED] - Delayed 2 second(s)

2022-11-04 16:35:51 - [TEST_STEP][PASSED] - click(findTestObject("06-Teams/For 2FA/button_Confirm_2FA")): Object: 'Object Repository/06-Teams/For 2FA/button_Confirm_2FA' is clicked on

2022-11-04 16:35:51 - [MESSAGE][PASSED] - Object: 'Object Repository/06-Teams/For 2FA/button_Confirm_2FA' is clicked on

2022-11-04 16:35:51 - [TEST_STEP][PASSED] - executeJavaScript("window.open();", []): Execute JavaScript 'window.open();' successfully

2022-11-04 16:35:51 - [MESSAGE][PASSED] - Execute JavaScript 'window.open();' successfully

2022-11-04 16:35:51 - [TEST_STEP][PASSED] - currentWindow = getWindowIndex(): Current window's index is: 0

2022-11-04 16:35:51 - [MESSAGE][PASSED] - Current window's index is: 0

2022-11-04 16:35:51 - [TEST_STEP][PASSED] - delay(3): Delayed 3 second(s)

2022-11-04 16:35:54 - [MESSAGE][PASSED] - Delayed 3 second(s)

2022-11-04 16:35:54 - [TEST_STEP][PASSED] - switchToWindowIndex(currentWindow + 1): Switched to window with index: '1'

2022-11-04 16:35:54 - [MESSAGE][PASSED] - Switched to window with index: '1'

2022-11-04 16:35:54 - [TEST_STEP][PASSED] - navigateToUrl("https://www.mailinator.com/"): Navigate to 'https://www.mailinator.com/' successfully

2022-11-04 16:35:57 - [MESSAGE][PASSED] - Navigate to 'https://www.mailinator.com/' successfully

2022-11-04 16:35:57 - [TEST_STEP][PASSED] - delay(3): Delayed 3 second(s)

2022-11-04 16:36:00 - [MESSAGE][PASSED] - Delayed 3 second(s)

2022-11-04 16:36:00 - [TEST_STEP][PASSED] - setText(findTestObject("00-Signup and Activation/zMailinator/input_LOGIN_search"), "testuser02@mailinator.com"): Text 'testuser02@mailinator.com' is set on object 'Object Repository/00-Signup and Activation/zMailinator/input_LOGIN_search'

2022-11-04 16:36:01 - [MESSAGE][PASSED] - Text 'testuser02@mailinator.com' is set on object 'Object Repository/00-Signup and Activation/zMailinator/input_LOGIN_search'

2022-11-04 16:36:01 - [TEST_STEP][PASSED] - click(findTestObject("00-Signup and Activation/zMailinator/gobutton"), STOP_ON_FAILURE): Object: 'Object Repository/00-Signup and Activation/zMailinator/gobutton' is clicked on

2022-11-04 16:36:02 - [MESSAGE][PASSED] - Object: 'Object Repository/00-Signup and Activation/zMailinator/gobutton' is clicked on

2022-11-04 16:36:02 - [TEST_STEP][PASSED] - delay(3): Delayed 3 second(s)

2022-11-04 16:36:05 - [MESSAGE][PASSED] - Delayed 3 second(s)

2022-11-04 16:36:05 - [TEST_STEP][PASSED] - click(findTestObject("00-Signup and Activation/zMailinator/Email - everleagues")): Object: 'Object Repository/00-Signup and Activation/zMailinator/Email - everleagues' is clicked on

2022-11-04 16:36:05 - [MESSAGE][PASSED] - Object: 'Object Repository/00-Signup and Activation/zMailinator/Email - everleagues' is clicked on

2022-11-04 16:36:05 - [TEST_STEP][PASSED] - delay(3): Delayed 3 second(s)

2022-11-04 16:36:08 - [MESSAGE][PASSED] - Delayed 3 second(s)

2022-11-04 16:36:08 - [TEST_STEP][PASSED] - code = getText(findTestObject("Object Repository/06-Teams/For 2FA/2FA code")): Text of object 'Object Repository/06-Teams/For 2FA/2FA code' is: '843747'

2022-11-04 16:36:09 - [MESSAGE][PASSED] - Text of object 'Object Repository/06-Teams/For 2FA/2FA code' is: '843747'

2022-11-04 16:36:09 - [TEST_STEP][PASSED] - delay(3): Delayed 3 second(s)

2022-11-04 16:36:12 - [MESSAGE][PASSED] - Delayed 3 second(s)

2022-11-04 16:36:12 - [TEST_STEP][PASSED] - closeWindowTitle("Mailinator"): Window with title: 'Mailinator' is closed

2022-11-04 16:36:12 - [MESSAGE][PASSED] - Window with title: 'Mailinator' is closed

2022-11-04 16:36:12 - [TEST_STEP][PASSED] - delay(3): Delayed 3 second(s)

2022-11-04 16:36:15 - [MESSAGE][PASSED] - Delayed 3 second(s)

2022-11-04 16:36:15 - [TEST_STEP][PASSED] - switchToWindowIndex(0): Switched to window with index: '0'

2022-11-04 16:36:15 - [MESSAGE][PASSED] - Switched to window with index: '0'

2022-11-04 16:36:15 - [TEST_STEP][PASSED] - delay(3): Delayed 3 second(s)

2022-11-04 16:36:18 - [MESSAGE][PASSED] - Delayed 3 second(s)

2022-11-04 16:36:18 - [TEST_STEP][PASSED] - setText(findTestObject("Object Repository/06-Teams/For 2FA/input_Enter verification code_code"), code): Text '843747' is set on object 'Object Repository/06-Teams/For 2FA/input_Enter verification code_code'

2022-11-04 16:36:19 - [MESSAGE][PASSED] - Text '843747' is set on object 'Object Repository/06-Teams/For 2FA/input_Enter verification code_code'

2022-11-04 16:36:19 - [TEST_STEP][PASSED] - delay(3): Delayed 3 second(s)

2022-11-04 16:36:22 - [MESSAGE][PASSED] - Delayed 3 second(s)

2022-11-04 16:36:22 - [TEST_STEP][PASSED] - click(findTestObject("06-Teams/For 2FA/button_Verify_2FA")): Object: 'Object Repository/06-Teams/For 2FA/button_Verify_2FA' is clicked on

2022-11-04 16:36:23 - [MESSAGE][PASSED] - Object: 'Object Repository/06-Teams/For 2FA/button_Verify_2FA' is clicked on

2022-11-04 16:36:23 - [TEST_STEP][PASSED] - delay(5): Delayed 5 second(s)

2022-11-04 16:36:28 - [MESSAGE][PASSED] - Delayed 5 second(s)

2022-11-04 16:36:28 - [TEST_STEP][PASSED] - click(findTestObject("06-Teams/button_doublearrow")): Object: 'Object Repository/06-Teams/button_doublearrow' is clicked on

2022-11-04 16:36:28 - [MESSAGE][PASSED] - Object: 'Object Repository/06-Teams/button_doublearrow' is clicked on

2022-11-04 16:36:28 - [TEST_STEP][PASSED] - click(findTestObject("06-Teams/button_My Organizations")): Object: 'Object Repository/06-Teams/button_My Organizations' is clicked on

2022-11-04 16:36:29 - [MESSAGE][PASSED] - Object: 'Object Repository/06-Teams/button_My Organizations' is clicked on

2022-11-04 16:36:29 - [TEST_STEP][PASSED] - click(findTestObject("06-Teams/button_GG Automation")): Object: 'Object Repository/06-Teams/button_GG Automation' is clicked on

2022-11-04 16:36:30 - [MESSAGE][PASSED] - Object: 'Object Repository/06-Teams/button_GG Automation' is clicked on

2022-11-04 16:36:30 - [TEST_STEP][PASSED] - delay(4): Delayed 4 second(s)

2022-11-04 16:36:34 - [MESSAGE][PASSED] - Delayed 4 second(s)

2022-11-04 16:36:34 - [TEST_STEP][PASSED] - verifyElementVisible(findTestObject("06-Teams/span_GG Automation")): Object 'Object Repository/06-Teams/span_GG Automation' is visible

2022-11-04 16:36:35 - [MESSAGE][PASSED] - Object 'Object Repository/06-Teams/span_GG Automation' is visible

2022-11-04 16:36:35 - [TEST_STEP][PASSED] - delay(10): Delayed 10 second(s)

2022-11-04 16:36:45 - [MESSAGE][PASSED] - Delayed 10 second(s)

2022-11-04 16:36:45 - [TEST_STEP][PASSED] - click(findTestObject("03-Header Menu/Hamburger Button/div_Settings")): Object: 'Object Repository/03-Header Menu/Hamburger Button/div_Settings' is clicked on

2022-11-04 16:36:45 - [MESSAGE][PASSED] - Object: 'Object Repository/03-Header Menu/Hamburger Button/div_Settings' is clicked on

2022-11-04 16:36:45 - [TEST_STEP][PASSED] - delay(3): Delayed 3 second(s)

2022-11-04 16:36:48 - [MESSAGE][PASSED] - Delayed 3 second(s)

2022-11-04 16:36:48 - [TEST_STEP][PASSED] - click(findTestObject("09-Settings/Users/div_Users")): Object: 'Object Repository/09-Settings/Users/div_Users' is clicked on

2022-11-04 16:36:49 - [MESSAGE][PASSED] - Object: 'Object Repository/09-Settings/Users/div_Users' is clicked on

2022-11-04 16:36:49 - [TEST_STEP][PASSED] - delay(3): Delayed 3 second(s)

2022-11-04 16:36:52 - [MESSAGE][PASSED] - Delayed 3 second(s)

2022-11-04 16:36:52 - [TEST_STEP][PASSED] - click(findTestObject("09-Settings/Users/button_add")): Object: 'Object Repository/09-Settings/Users/button_add' is clicked on

2022-11-04 16:36:52 - [MESSAGE][PASSED] - Object: 'Object Repository/09-Settings/Users/button_add' is clicked on

2022-11-04 16:36:52 - [TEST_STEP][PASSED] - delay(3): Delayed 3 second(s)

2022-11-04 16:36:55 - [MESSAGE][PASSED] - Delayed 3 second(s)

2022-11-04 16:36:55 - [TEST_STEP][PASSED] - click(findTestObject("09-Settings/Users/add Invite a single user")): Object: 'Object Repository/09-Settings/Users/add Invite a single user' is clicked on

2022-11-04 16:36:56 - [MESSAGE][PASSED] - Object: 'Object Repository/09-Settings/Users/add Invite a single user' is clicked on

2022-11-04 16:36:56 - [TEST_STEP][PASSED] - delay(3): Delayed 3 second(s)

2022-11-04 16:36:59 - [MESSAGE][PASSED] - Delayed 3 second(s)

2022-11-04 16:36:59 - [TEST_STEP][PASSED] - setText(findTestObject("09-Settings/Users/input_email"), "autotester09@mailinator.com"): Text 'autotester09@mailinator.com' is set on object 'Object Repository/09-Settings/Users/input_email'

2022-11-04 16:37:00 - [MESSAGE][PASSED] - Text 'autotester09@mailinator.com' is set on object 'Object Repository/09-Settings/Users/input_email'

2022-11-04 16:37:00 - [TEST_STEP][PASSED] - setText(findTestObject("09-Settings/Users/input_firstName"), "GG"): Text 'GG' is set on object 'Object Repository/09-Settings/Users/input_firstName'

2022-11-04 16:37:00 - [MESSAGE][PASSED] - Text 'GG' is set on object 'Object Repository/09-Settings/Users/input_firstName'

2022-11-04 16:37:00 - [TEST_STEP][PASSED] - setText(findTestObject("09-Settings/Users/input_lastName"), "Client"): Text 'Client' is set on object 'Object Repository/09-Settings/Users/input_lastName'

2022-11-04 16:37:01 - [MESSAGE][PASSED] - Text 'Client' is set on object 'Object Repository/09-Settings/Users/input_lastName'

2022-11-04 16:37:01 - [TEST_STEP][PASSED] - click(findTestObject("09-Settings/Users/span_Role")): Object: 'Object Repository/09-Settings/Users/span_Role' is clicked on

2022-11-04 16:37:02 - [MESSAGE][PASSED] - Object: 'Object Repository/09-Settings/Users/span_Role' is clicked on

2022-11-04 16:37:02 - [TEST_STEP][PASSED] - click(findTestObject("09-Settings/Users/span_Client")): Object: 'Object Repository/09-Settings/Users/span_Client' is clicked on

2022-11-04 16:37:02 - [MESSAGE][PASSED] - Object: 'Object Repository/09-Settings/Users/span_Client' is clicked on

2022-11-04 16:37:02 - [TEST_STEP][PASSED] - click(findTestObject("09-Settings/Users/button_Send Invitation")): Object: 'Object Repository/09-Settings/Users/button_Send Invitation' is clicked on

2022-11-04 16:37:03 - [MESSAGE][PASSED] - Object: 'Object Repository/09-Settings/Users/button_Send Invitation' is clicked on

2022-11-04 16:37:03 - [TEST_STEP][PASSED] - delay(2): Delayed 2 second(s)

2022-11-04 16:37:05 - [MESSAGE][PASSED] - Delayed 2 second(s)

2022-11-04 16:37:05 - [TEST_STEP][PASSED] - verifyElementVisible(findTestObject("07-Directory/Connections/zContact Profile/Successfully invited user")): Object 'Object Repository/07-Directory/Connections/zContact Profile/Successfully invited user' is visible

2022-11-04 16:37:06 - [MESSAGE][PASSED] - Object 'Object Repository/07-Directory/Connections/zContact Profile/Successfully invited user' is visible

2022-11-04 16:37:06 - [TEST_STEP][PASSED] - delay(2): Delayed 2 second(s)

2022-11-04 16:37:08 - [MESSAGE][PASSED] - Delayed 2 second(s)

2022-11-04 16:37:08 - [TEST_STEP][PASSED] - click(findTestObject("01-Login and Forgot Password/User menu drop")): Object: 'Object Repository/01-Login and Forgot Password/User menu drop' is clicked on

2022-11-04 16:37:09 - [MESSAGE][PASSED] - Object: 'Object Repository/01-Login and Forgot Password/User menu drop' is clicked on

2022-11-04 16:37:09 - [TEST_STEP][PASSED] - delay(2): Delayed 2 second(s)

2022-11-04 16:37:11 - [MESSAGE][PASSED] - Delayed 2 second(s)

2022-11-04 16:37:11 - [TEST_STEP][PASSED] - click(findTestObject("01-Login and Forgot Password/h4_Sign Out"), STOP_ON_FAILURE): Object: 'Object Repository/01-Login and Forgot Password/h4_Sign Out' is clicked on

2022-11-04 16:37:12 - [MESSAGE][PASSED] - Object: 'Object Repository/01-Login and Forgot Password/h4_Sign Out' is clicked on

2022-11-04 16:37:12 - [TEST_STEP][PASSED] - delay(2): Delayed 2 second(s)

2022-11-04 16:37:14 - [MESSAGE][PASSED] - Delayed 2 second(s)

2022-11-04 16:37:14 - [TEST_STEP][PASSED] - verifyElementPresent(findTestObject("01-Login and Forgot Password/Login_Card"), 0): Object 'Object Repository/01-Login and Forgot Password/Login_Card' is present

2022-11-04 16:37:14 - [MESSAGE][WARNING] - Timeout '0' is invalid. Using default page load timeout: '30'

2022-11-04 16:37:14 - [MESSAGE][PASSED] - Object 'Object Repository/01-Login and Forgot Password/Login_Card' is present

2022-11-04 16:37:14 - [TEST_STEP][PASSED] - delay(3): Delayed 3 second(s)

2022-11-04 16:37:17 - [MESSAGE][PASSED] - Delayed 3 second(s)

2022-11-04 16:37:17 - [TEST_STEP][PASSED] - closeBrowser(): Browser is closed

2022-11-04 16:37:18 - [MESSAGE][PASSED] - Browser is closed

2022-11-04 16:37:18 - [TEST_STEP][PASSED] - openBrowser(""): Browser is opened with url: ''

2022-11-04 16:37:18 - [MESSAGE][INFO] - Starting 'Chrome' driver

2022-11-04 16:37:18 - [MESSAGE][INFO] - Action delay is set to 0 milliseconds

2022-11-04 16:37:19 - [MESSAGE][PASSED] - Browser is opened with url: ''

2022-11-04 16:37:19 - [TEST_STEP][PASSED] - navigateToUrl("https://lab.everleagues.com/"): Navigate to 'https://lab.everleagues.com/' successfully

2022-11-04 16:37:46 - [MESSAGE][PASSED] - Navigate to 'https://lab.everleagues.com/' successfully

2022-11-04 16:37:46 - [TEST_STEP][PASSED] - maximizeWindow(): Current window maximized

2022-11-04 16:37:47 - [MESSAGE][PASSED] - Current window maximized

2022-11-04 16:37:47 - [TEST_STEP][PASSED] - setText(findTestObject("02-Side Icons(Organization)/Add Contact/Email Field"), "autotester09@mailinator.com"): Text 'autotester09@mailinator.com' is set on object 'Object Repository/02-Side Icons(Organization)/Add Contact/Email Field'

2022-11-04 16:37:47 - [MESSAGE][PASSED] - Text 'autotester09@mailinator.com' is set on object 'Object Repository/02-Side Icons(Organization)/Add Contact/Email Field'

2022-11-04 16:37:47 - [TEST_STEP][PASSED] - setEncryptedText(findTestObject("02-Side Icons(Organization)/Add Contact/Password Field"), "8yFRyszE6U6jvsCn51OQbg=="): Text ****** has been set on object 'Object Repository/02-Side Icons(Organization)/Add Contact/Password Field'

2022-11-04 16:37:48 - [MESSAGE][PASSED] - Text ****** has been set on object 'Object Repository/02-Side Icons(Organization)/Add Contact/Password Field'

2022-11-04 16:37:48 - [TEST_STEP][PASSED] - click(findTestObject("02-Side Icons(Organization)/Add Contact/button_Sign in")): Object: 'Object Repository/02-Side Icons(Organization)/Add Contact/button_Sign in' is clicked on

2022-11-04 16:37:48 - [MESSAGE][PASSED] - Object: 'Object Repository/02-Side Icons(Organization)/Add Contact/button_Sign in' is clicked on

2022-11-04 16:37:48 - [TEST_STEP][PASSED] - delay(2): Delayed 2 second(s)

2022-11-04 16:37:50 - [MESSAGE][PASSED] - Delayed 2 second(s)

2022-11-04 16:37:50 - [TEST_STEP][PASSED] - click(findTestObject("06-Teams/For 2FA/button_Confirm_2FA")): Object: 'Object Repository/06-Teams/For 2FA/button_Confirm_2FA' is clicked on

2022-11-04 16:37:51 - [MESSAGE][PASSED] - Object: 'Object Repository/06-Teams/For 2FA/button_Confirm_2FA' is clicked on

2022-11-04 16:37:51 - [TEST_STEP][PASSED] - executeJavaScript("window.open();", []): Execute JavaScript 'window.open();' successfully

2022-11-04 16:37:51 - [MESSAGE][PASSED] - Execute JavaScript 'window.open();' successfully

2022-11-04 16:37:51 - [TEST_STEP][PASSED] - currentWindow = getWindowIndex(): Current window's index is: 0

2022-11-04 16:37:51 - [MESSAGE][PASSED] - Current window's index is: 0

2022-11-04 16:37:51 - [TEST_STEP][PASSED] - delay(3): Delayed 3 second(s)

2022-11-04 16:37:54 - [MESSAGE][PASSED] - Delayed 3 second(s)

2022-11-04 16:37:54 - [TEST_STEP][PASSED] - switchToWindowIndex(currentWindow + 1): Switched to window with index: '1'

2022-11-04 16:37:54 - [MESSAGE][PASSED] - Switched to window with index: '1'

2022-11-04 16:37:54 - [TEST_STEP][PASSED] - navigateToUrl("https://www.mailinator.com/"): Navigate to 'https://www.mailinator.com/' successfully

2022-11-04 16:37:56 - [MESSAGE][PASSED] - Navigate to 'https://www.mailinator.com/' successfully

2022-11-04 16:37:56 - [TEST_STEP][PASSED] - delay(3): Delayed 3 second(s)

2022-11-04 16:37:59 - [MESSAGE][PASSED] - Delayed 3 second(s)

2022-11-04 16:37:59 - [TEST_STEP][PASSED] - setText(findTestObject("00-Signup and Activation/zMailinator/input_LOGIN_search"), "autotester09@mailinator.com"): Text 'autotester09@mailinator.com' is set on object 'Object Repository/00-Signup and Activation/zMailinator/input_LOGIN_search'

2022-11-04 16:38:00 - [MESSAGE][PASSED] - Text 'autotester09@mailinator.com' is set on object 'Object Repository/00-Signup and Activation/zMailinator/input_LOGIN_search'

2022-11-04 16:38:00 - [TEST_STEP][PASSED] - click(findTestObject("00-Signup and Activation/zMailinator/gobutton"), STOP_ON_FAILURE): Object: 'Object Repository/00-Signup and Activation/zMailinator/gobutton' is clicked on

2022-11-04 16:38:01 - [MESSAGE][PASSED] - Object: 'Object Repository/00-Signup and Activation/zMailinator/gobutton' is clicked on

2022-11-04 16:38:01 - [TEST_STEP][PASSED] - delay(3): Delayed 3 second(s)

2022-11-04 16:38:04 - [MESSAGE][PASSED] - Delayed 3 second(s)

2022-11-04 16:38:04 - [TEST_STEP][PASSED] - click(findTestObject("00-Signup and Activation/zMailinator/Email - everleagues")): Object: 'Object Repository/00-Signup and Activation/zMailinator/Email - everleagues' is clicked on

2022-11-04 16:38:04 - [MESSAGE][PASSED] - Object: 'Object Repository/00-Signup and Activation/zMailinator/Email - everleagues' is clicked on

2022-11-04 16:38:04 - [TEST_STEP][PASSED] - delay(3): Delayed 3 second(s)

2022-11-04 16:38:07 - [MESSAGE][PASSED] - Delayed 3 second(s)

2022-11-04 16:38:07 - [TEST_STEP][PASSED] - codetwo = getText(findTestObject("Object Repository/06-Teams/For 2FA/2FA code")): Text of object 'Object Repository/06-Teams/For 2FA/2FA code' is: '298626'

2022-11-04 16:38:08 - [MESSAGE][PASSED] - Text of object 'Object Repository/06-Teams/For 2FA/2FA code' is: '298626'

2022-11-04 16:38:08 - [TEST_STEP][PASSED] - delay(3): Delayed 3 second(s)

2022-11-04 16:38:11 - [MESSAGE][PASSED] - Delayed 3 second(s)

2022-11-04 16:38:11 - [TEST_STEP][PASSED] - closeWindowTitle("Mailinator"): Window with title: 'Mailinator' is closed

2022-11-04 16:38:11 - [MESSAGE][PASSED] - Window with title: 'Mailinator' is closed

2022-11-04 16:38:11 - [TEST_STEP][PASSED] - delay(3): Delayed 3 second(s)

2022-11-04 16:38:14 - [MESSAGE][PASSED] - Delayed 3 second(s)

2022-11-04 16:38:14 - [TEST_STEP][PASSED] - switchToWindowIndex(0): Switched to window with index: '0'

2022-11-04 16:38:14 - [MESSAGE][PASSED] - Switched to window with index: '0'

2022-11-04 16:38:14 - [TEST_STEP][PASSED] - delay(3): Delayed 3 second(s)

2022-11-04 16:38:17 - [MESSAGE][PASSED] - Delayed 3 second(s)

2022-11-04 16:38:17 - [TEST_STEP][PASSED] - setText(findTestObject("Object Repository/06-Teams/For 2FA/input_Enter verification code_code"), codetwo): Text '298626' is set on object 'Object Repository/06-Teams/For 2FA/input_Enter verification code_code'

2022-11-04 16:38:18 - [MESSAGE][PASSED] - Text '298626' is set on object 'Object Repository/06-Teams/For 2FA/input_Enter verification code_code'

2022-11-04 16:38:18 - [TEST_STEP][PASSED] - delay(3): Delayed 3 second(s)

2022-11-04 16:38:21 - [MESSAGE][PASSED] - Delayed 3 second(s)

2022-11-04 16:38:21 - [TEST_STEP][PASSED] - click(findTestObject("06-Teams/For 2FA/button_Verify_2FA")): Object: 'Object Repository/06-Teams/For 2FA/button_Verify_2FA' is clicked on

2022-11-04 16:38:22 - [MESSAGE][PASSED] - Object: 'Object Repository/06-Teams/For 2FA/button_Verify_2FA' is clicked on

2022-11-04 16:38:22 - [TEST_STEP][PASSED] - delay(5): Delayed 5 second(s)

2022-11-04 16:38:27 - [MESSAGE][PASSED] - Delayed 5 second(s)

2022-11-04 16:38:27 - [TEST_STEP][PASSED] - executeJavaScript("window.open();", []): Execute JavaScript 'window.open();' successfully

2022-11-04 16:38:27 - [MESSAGE][PASSED] - Execute JavaScript 'window.open();' successfully

2022-11-04 16:38:27 - [TEST_STEP][PASSED] - currentWindow = getWindowIndex(): Current window's index is: 0

2022-11-04 16:38:27 - [MESSAGE][PASSED] - Current window's index is: 0

2022-11-04 16:38:27 - [TEST_STEP][PASSED] - delay(3): Delayed 3 second(s)

2022-11-04 16:38:30 - [MESSAGE][PASSED] - Delayed 3 second(s)

2022-11-04 16:38:30 - [TEST_STEP][PASSED] - switchToWindowIndex(currentWindow + 1): Switched to window with index: '1'

2022-11-04 16:38:30 - [MESSAGE][PASSED] - Switched to window with index: '1'

2022-11-04 16:38:30 - [TEST_STEP][PASSED] - navigateToUrl("https://www.mailinator.com/"): Navigate to 'https://www.mailinator.com/' successfully

2022-11-04 16:38:31 - [MESSAGE][PASSED] - Navigate to 'https://www.mailinator.com/' successfully

2022-11-04 16:38:31 - [TEST_STEP][PASSED] - delay(3): Delayed 3 second(s)

2022-11-04 16:38:34 - [MESSAGE][PASSED] - Delayed 3 second(s)

2022-11-04 16:38:34 - [TEST_STEP][PASSED] - setText(findTestObject("00-Signup and Activation/zMailinator/input_LOGIN_search"), "autotester09@mailinator.com"): Text 'autotester09@mailinator.com' is set on object 'Object Repository/00-Signup and Activation/zMailinator/input_LOGIN_search'

2022-11-04 16:38:35 - [MESSAGE][PASSED] - Text 'autotester09@mailinator.com' is set on object 'Object Repository/00-Signup and Activation/zMailinator/input_LOGIN_search'

2022-11-04 16:38:35 - [TEST_STEP][PASSED] - click(findTestObject("00-Signup and Activation/zMailinator/gobutton"), STOP_ON_FAILURE): Object: 'Object Repository/00-Signup and Activation/zMailinator/gobutton' is clicked on

2022-11-04 16:38:36 - [MESSAGE][PASSED] - Object: 'Object Repository/00-Signup and Activation/zMailinator/gobutton' is clicked on

2022-11-04 16:38:36 - [TEST_STEP][PASSED] - delay(3): Delayed 3 second(s)

2022-11-04 16:38:39 - [MESSAGE][PASSED] - Delayed 3 second(s)

2022-11-04 16:38:39 - [TEST_STEP][PASSED] - closeWindowTitle("Everleagues"): Window with title: 'Everleagues' is closed

2022-11-04 16:38:39 - [MESSAGE][PASSED] - Window with title: 'Everleagues' is closed

2022-11-04 16:38:39 - [TEST_STEP][PASSED] - switchToWindowIndex(0): Switched to window with index: '0'

2022-11-04 16:38:39 - [MESSAGE][PASSED] - Switched to window with index: '0'

2022-11-04 16:38:39 - [TEST_STEP][PASSED] - click(findTestObject("09-Settings/Users/Co worker/td_Invitation from GG Automation")): Object: 'Object Repository/09-Settings/Users/Co worker/td_Invitation from GG Automation' is clicked on

2022-11-04 16:38:39 - [MESSAGE][PASSED] - Object: 'Object Repository/09-Settings/Users/Co worker/td_Invitation from GG Automation' is clicked on

2022-11-04 16:38:39 - [TEST_STEP][PASSED] - click(findTestObject("09-Settings/Users/Co worker/a_Click here to join GG Automation on EverLeagues")): Object: 'Object Repository/09-Settings/Users/Co worker/a_Click here to join GG Automation on EverLeagues' is clicked on

2022-11-04 16:38:40 - [MESSAGE][PASSED] - Object: 'Object Repository/09-Settings/Users/Co worker/a_Click here to join GG Automation on EverLeagues' is clicked on

2022-11-04 16:38:40 - [TEST_STEP][PASSED] - closeWindowTitle("Mailinator"): Window with title: 'Mailinator' is closed

2022-11-04 16:38:40 - [MESSAGE][PASSED] - Window with title: 'Mailinator' is closed

2022-11-04 16:38:40 - [TEST_STEP][PASSED] - switchToWindowIndex(0): Switched to window with index: '0'

2022-11-04 16:38:40 - [MESSAGE][PASSED] - Switched to window with index: '0'

2022-11-04 16:38:40 - [TEST_STEP][PASSED] - verifyElementVisible(findTestObject("09-Settings/Users/Client/Invite modal")): Object 'Object Repository/09-Settings/Users/Client/Invite modal' is visible

2022-11-04 16:38:46 - [MESSAGE][PASSED] - Object 'Object Repository/09-Settings/Users/Client/Invite modal' is visible

2022-11-04 16:38:46 - [TEST_STEP][PASSED] - setText(findTestObject("09-Settings/Users/Client/Company field"), "QA Company"): Text 'QA Company' is set on object 'Object Repository/09-Settings/Users/Client/Company field'

2022-11-04 16:38:47 - [MESSAGE][PASSED] - Text 'QA Company' is set on object 'Object Repository/09-Settings/Users/Client/Company field'

2022-11-04 16:38:47 - [TEST_STEP][PASSED] - click(findTestObject("09-Settings/Users/Client/button_Accept")): Object: 'Object Repository/09-Settings/Users/Client/button_Accept' is clicked on

2022-11-04 16:38:48 - [MESSAGE][PASSED] - Object: 'Object Repository/09-Settings/Users/Client/button_Accept' is clicked on

2022-11-04 16:38:48 - [TEST_STEP][PASSED] - delay(10): Delayed 10 second(s)

2022-11-04 16:38:58 - [MESSAGE][PASSED] - Delayed 10 second(s)

2022-11-04 16:38:58 - [TEST_STEP][PASSED] - verifyElementVisible(findTestObject("09-Settings/Users/Client/div_Joined as CLIENT")): Object 'Object Repository/09-Settings/Users/Client/div_Joined as CLIENT' is visible

2022-11-04 16:38:58 - [MESSAGE][PASSED] - Object 'Object Repository/09-Settings/Users/Client/div_Joined as CLIENT' is visible

2022-11-04 16:38:58 - [TEST_STEP][PASSED] - delay(3): Delayed 3 second(s)

2022-11-04 16:39:01 - [MESSAGE][PASSED] - Delayed 3 second(s)

2022-11-04 16:39:01 - [TEST_STEP][PASSED] - closeBrowser(): Browser is closed

2022-11-04 16:39:02 - [MESSAGE][PASSED] - Browser is closed]]></system-out>
         <system-err><![CDATA[]]></system-err>
      </testcase>
      <testcase name="Test Cases/09-Settings/04 - Users (Invite new user as partner)" time="227.422" classname="Test Cases/09-Settings/04 - Users (Invite new user as partner)" status="PASSED">
         <system-out><![CDATA[2022-11-04 16:39:02 - [TEST_CASE][PASSED] - Test Cases/09-Settings/04 - Users (Invite new user as partner): Test Cases/09-Settings/04 - Users (Invite new user as partner)

2022-11-04 16:39:02 - [TEST_STEP][PASSED] - openBrowser(""): Browser is opened with url: ''

2022-11-04 16:39:02 - [MESSAGE][INFO] - Starting 'Chrome' driver

2022-11-04 16:39:02 - [MESSAGE][INFO] - Action delay is set to 0 milliseconds

2022-11-04 16:39:03 - [MESSAGE][PASSED] - Browser is opened with url: ''

2022-11-04 16:39:03 - [TEST_STEP][PASSED] - navigateToUrl("https://lab.everleagues.com/"): Navigate to 'https://lab.everleagues.com/' successfully

2022-11-04 16:39:32 - [MESSAGE][PASSED] - Navigate to 'https://lab.everleagues.com/' successfully

2022-11-04 16:39:32 - [TEST_STEP][PASSED] - maximizeWindow(): Current window maximized

2022-11-04 16:39:32 - [MESSAGE][PASSED] - Current window maximized

2022-11-04 16:39:32 - [TEST_STEP][PASSED] - setText(findTestObject("02-Side Icons(Organization)/Add Contact/Email Field"), "testuser02@mailinator.com"): Text 'testuser02@mailinator.com' is set on object 'Object Repository/02-Side Icons(Organization)/Add Contact/Email Field'

2022-11-04 16:39:33 - [MESSAGE][PASSED] - Text 'testuser02@mailinator.com' is set on object 'Object Repository/02-Side Icons(Organization)/Add Contact/Email Field'

2022-11-04 16:39:33 - [TEST_STEP][PASSED] - setEncryptedText(findTestObject("02-Side Icons(Organization)/Add Contact/Password Field"), "8yFRyszE6U6jvsCn51OQbg=="): Text ****** has been set on object 'Object Repository/02-Side Icons(Organization)/Add Contact/Password Field'

2022-11-04 16:39:34 - [MESSAGE][PASSED] - Text ****** has been set on object 'Object Repository/02-Side Icons(Organization)/Add Contact/Password Field'

2022-11-04 16:39:34 - [TEST_STEP][PASSED] - click(findTestObject("02-Side Icons(Organization)/Add Contact/button_Sign in")): Object: 'Object Repository/02-Side Icons(Organization)/Add Contact/button_Sign in' is clicked on

2022-11-04 16:39:35 - [MESSAGE][PASSED] - Object: 'Object Repository/02-Side Icons(Organization)/Add Contact/button_Sign in' is clicked on

2022-11-04 16:39:35 - [TEST_STEP][PASSED] - delay(2): Delayed 2 second(s)

2022-11-04 16:39:37 - [MESSAGE][PASSED] - Delayed 2 second(s)

2022-11-04 16:39:37 - [TEST_STEP][PASSED] - click(findTestObject("06-Teams/For 2FA/button_Confirm_2FA")): Object: 'Object Repository/06-Teams/For 2FA/button_Confirm_2FA' is clicked on

2022-11-04 16:39:37 - [MESSAGE][PASSED] - Object: 'Object Repository/06-Teams/For 2FA/button_Confirm_2FA' is clicked on

2022-11-04 16:39:37 - [TEST_STEP][PASSED] - executeJavaScript("window.open();", []): Execute JavaScript 'window.open();' successfully

2022-11-04 16:39:37 - [MESSAGE][PASSED] - Execute JavaScript 'window.open();' successfully

2022-11-04 16:39:37 - [TEST_STEP][PASSED] - currentWindow = getWindowIndex(): Current window's index is: 0

2022-11-04 16:39:37 - [MESSAGE][PASSED] - Current window's index is: 0

2022-11-04 16:39:37 - [TEST_STEP][PASSED] - delay(3): Delayed 3 second(s)

2022-11-04 16:39:40 - [MESSAGE][PASSED] - Delayed 3 second(s)

2022-11-04 16:39:40 - [TEST_STEP][PASSED] - switchToWindowIndex(currentWindow + 1): Switched to window with index: '1'

2022-11-04 16:39:40 - [MESSAGE][PASSED] - Switched to window with index: '1'

2022-11-04 16:39:40 - [TEST_STEP][PASSED] - navigateToUrl("https://www.mailinator.com/"): Navigate to 'https://www.mailinator.com/' successfully

2022-11-04 16:39:42 - [MESSAGE][PASSED] - Navigate to 'https://www.mailinator.com/' successfully

2022-11-04 16:39:42 - [TEST_STEP][PASSED] - delay(3): Delayed 3 second(s)

2022-11-04 16:39:45 - [MESSAGE][PASSED] - Delayed 3 second(s)

2022-11-04 16:39:45 - [TEST_STEP][PASSED] - setText(findTestObject("00-Signup and Activation/zMailinator/input_LOGIN_search"), "testuser02@mailinator.com"): Text 'testuser02@mailinator.com' is set on object 'Object Repository/00-Signup and Activation/zMailinator/input_LOGIN_search'

2022-11-04 16:39:46 - [MESSAGE][PASSED] - Text 'testuser02@mailinator.com' is set on object 'Object Repository/00-Signup and Activation/zMailinator/input_LOGIN_search'

2022-11-04 16:39:46 - [TEST_STEP][PASSED] - click(findTestObject("00-Signup and Activation/zMailinator/gobutton"), STOP_ON_FAILURE): Object: 'Object Repository/00-Signup and Activation/zMailinator/gobutton' is clicked on

2022-11-04 16:39:47 - [MESSAGE][PASSED] - Object: 'Object Repository/00-Signup and Activation/zMailinator/gobutton' is clicked on

2022-11-04 16:39:47 - [TEST_STEP][PASSED] - delay(3): Delayed 3 second(s)

2022-11-04 16:39:50 - [MESSAGE][PASSED] - Delayed 3 second(s)

2022-11-04 16:39:50 - [TEST_STEP][PASSED] - click(findTestObject("00-Signup and Activation/zMailinator/Email - everleagues")): Object: 'Object Repository/00-Signup and Activation/zMailinator/Email - everleagues' is clicked on

2022-11-04 16:39:50 - [MESSAGE][PASSED] - Object: 'Object Repository/00-Signup and Activation/zMailinator/Email - everleagues' is clicked on

2022-11-04 16:39:50 - [TEST_STEP][PASSED] - delay(3): Delayed 3 second(s)

2022-11-04 16:39:53 - [MESSAGE][PASSED] - Delayed 3 second(s)

2022-11-04 16:39:53 - [TEST_STEP][PASSED] - code = getText(findTestObject("Object Repository/06-Teams/For 2FA/2FA code")): Text of object 'Object Repository/06-Teams/For 2FA/2FA code' is: '912429'

2022-11-04 16:39:54 - [MESSAGE][PASSED] - Text of object 'Object Repository/06-Teams/For 2FA/2FA code' is: '912429'

2022-11-04 16:39:54 - [TEST_STEP][PASSED] - delay(3): Delayed 3 second(s)

2022-11-04 16:39:57 - [MESSAGE][PASSED] - Delayed 3 second(s)

2022-11-04 16:39:57 - [TEST_STEP][PASSED] - closeWindowTitle("Mailinator"): Window with title: 'Mailinator' is closed

2022-11-04 16:39:57 - [MESSAGE][PASSED] - Window with title: 'Mailinator' is closed

2022-11-04 16:39:57 - [TEST_STEP][PASSED] - delay(3): Delayed 3 second(s)

2022-11-04 16:40:00 - [MESSAGE][PASSED] - Delayed 3 second(s)

2022-11-04 16:40:00 - [TEST_STEP][PASSED] - switchToWindowIndex(0): Switched to window with index: '0'

2022-11-04 16:40:00 - [MESSAGE][PASSED] - Switched to window with index: '0'

2022-11-04 16:40:00 - [TEST_STEP][PASSED] - delay(3): Delayed 3 second(s)

2022-11-04 16:40:03 - [MESSAGE][PASSED] - Delayed 3 second(s)

2022-11-04 16:40:03 - [TEST_STEP][PASSED] - setText(findTestObject("Object Repository/06-Teams/For 2FA/input_Enter verification code_code"), code): Text '912429' is set on object 'Object Repository/06-Teams/For 2FA/input_Enter verification code_code'

2022-11-04 16:40:04 - [MESSAGE][PASSED] - Text '912429' is set on object 'Object Repository/06-Teams/For 2FA/input_Enter verification code_code'

2022-11-04 16:40:04 - [TEST_STEP][PASSED] - delay(3): Delayed 3 second(s)

2022-11-04 16:40:07 - [MESSAGE][PASSED] - Delayed 3 second(s)

2022-11-04 16:40:07 - [TEST_STEP][PASSED] - click(findTestObject("06-Teams/For 2FA/button_Verify_2FA")): Object: 'Object Repository/06-Teams/For 2FA/button_Verify_2FA' is clicked on

2022-11-04 16:40:08 - [MESSAGE][PASSED] - Object: 'Object Repository/06-Teams/For 2FA/button_Verify_2FA' is clicked on

2022-11-04 16:40:08 - [TEST_STEP][PASSED] - delay(5): Delayed 5 second(s)

2022-11-04 16:40:13 - [MESSAGE][PASSED] - Delayed 5 second(s)

2022-11-04 16:40:13 - [TEST_STEP][PASSED] - click(findTestObject("06-Teams/button_doublearrow")): Object: 'Object Repository/06-Teams/button_doublearrow' is clicked on

2022-11-04 16:40:13 - [MESSAGE][PASSED] - Object: 'Object Repository/06-Teams/button_doublearrow' is clicked on

2022-11-04 16:40:13 - [TEST_STEP][PASSED] - click(findTestObject("06-Teams/button_My Organizations")): Object: 'Object Repository/06-Teams/button_My Organizations' is clicked on

2022-11-04 16:40:14 - [MESSAGE][PASSED] - Object: 'Object Repository/06-Teams/button_My Organizations' is clicked on

2022-11-04 16:40:14 - [TEST_STEP][PASSED] - click(findTestObject("06-Teams/button_GG Automation")): Object: 'Object Repository/06-Teams/button_GG Automation' is clicked on

2022-11-04 16:40:15 - [MESSAGE][PASSED] - Object: 'Object Repository/06-Teams/button_GG Automation' is clicked on

2022-11-04 16:40:15 - [TEST_STEP][PASSED] - delay(4): Delayed 4 second(s)

2022-11-04 16:40:19 - [MESSAGE][PASSED] - Delayed 4 second(s)

2022-11-04 16:40:19 - [TEST_STEP][PASSED] - verifyElementVisible(findTestObject("06-Teams/span_GG Automation")): Object 'Object Repository/06-Teams/span_GG Automation' is visible

2022-11-04 16:40:19 - [MESSAGE][PASSED] - Object 'Object Repository/06-Teams/span_GG Automation' is visible

2022-11-04 16:40:19 - [TEST_STEP][PASSED] - delay(10): Delayed 10 second(s)

2022-11-04 16:40:29 - [MESSAGE][PASSED] - Delayed 10 second(s)

2022-11-04 16:40:29 - [TEST_STEP][PASSED] - click(findTestObject("03-Header Menu/Hamburger Button/div_Settings")): Object: 'Object Repository/03-Header Menu/Hamburger Button/div_Settings' is clicked on

2022-11-04 16:40:29 - [MESSAGE][PASSED] - Object: 'Object Repository/03-Header Menu/Hamburger Button/div_Settings' is clicked on

2022-11-04 16:40:29 - [TEST_STEP][PASSED] - delay(3): Delayed 3 second(s)

2022-11-04 16:40:32 - [MESSAGE][PASSED] - Delayed 3 second(s)

2022-11-04 16:40:32 - [TEST_STEP][PASSED] - click(findTestObject("09-Settings/Users/div_Users")): Object: 'Object Repository/09-Settings/Users/div_Users' is clicked on

2022-11-04 16:40:33 - [MESSAGE][PASSED] - Object: 'Object Repository/09-Settings/Users/div_Users' is clicked on

2022-11-04 16:40:33 - [TEST_STEP][PASSED] - delay(3): Delayed 3 second(s)

2022-11-04 16:40:36 - [MESSAGE][PASSED] - Delayed 3 second(s)

2022-11-04 16:40:36 - [TEST_STEP][PASSED] - click(findTestObject("09-Settings/Users/button_add")): Object: 'Object Repository/09-Settings/Users/button_add' is clicked on

2022-11-04 16:40:36 - [MESSAGE][PASSED] - Object: 'Object Repository/09-Settings/Users/button_add' is clicked on

2022-11-04 16:40:36 - [TEST_STEP][PASSED] - delay(3): Delayed 3 second(s)

2022-11-04 16:40:39 - [MESSAGE][PASSED] - Delayed 3 second(s)

2022-11-04 16:40:39 - [TEST_STEP][PASSED] - click(findTestObject("09-Settings/Users/add Invite a single user")): Object: 'Object Repository/09-Settings/Users/add Invite a single user' is clicked on

2022-11-04 16:40:40 - [MESSAGE][PASSED] - Object: 'Object Repository/09-Settings/Users/add Invite a single user' is clicked on

2022-11-04 16:40:40 - [TEST_STEP][PASSED] - delay(3): Delayed 3 second(s)

2022-11-04 16:40:43 - [MESSAGE][PASSED] - Delayed 3 second(s)

2022-11-04 16:40:43 - [TEST_STEP][PASSED] - setText(findTestObject("09-Settings/Users/input_email"), "autotester10@mailinator.com"): Text 'autotester10@mailinator.com' is set on object 'Object Repository/09-Settings/Users/input_email'

2022-11-04 16:40:44 - [MESSAGE][PASSED] - Text 'autotester10@mailinator.com' is set on object 'Object Repository/09-Settings/Users/input_email'

2022-11-04 16:40:44 - [TEST_STEP][PASSED] - setText(findTestObject("09-Settings/Users/input_firstName"), "GG"): Text 'GG' is set on object 'Object Repository/09-Settings/Users/input_firstName'

2022-11-04 16:40:45 - [MESSAGE][PASSED] - Text 'GG' is set on object 'Object Repository/09-Settings/Users/input_firstName'

2022-11-04 16:40:45 - [TEST_STEP][PASSED] - setText(findTestObject("09-Settings/Users/input_lastName"), "Partner"): Text 'Partner' is set on object 'Object Repository/09-Settings/Users/input_lastName'

2022-11-04 16:40:45 - [MESSAGE][PASSED] - Text 'Partner' is set on object 'Object Repository/09-Settings/Users/input_lastName'

2022-11-04 16:40:45 - [TEST_STEP][PASSED] - click(findTestObject("09-Settings/Users/span_Role")): Object: 'Object Repository/09-Settings/Users/span_Role' is clicked on

2022-11-04 16:40:46 - [MESSAGE][PASSED] - Object: 'Object Repository/09-Settings/Users/span_Role' is clicked on

2022-11-04 16:40:46 - [TEST_STEP][PASSED] - click(findTestObject("09-Settings/Users/span_Partner")): Object: 'Object Repository/09-Settings/Users/span_Partner' is clicked on

2022-11-04 16:40:46 - [MESSAGE][PASSED] - Object: 'Object Repository/09-Settings/Users/span_Partner' is clicked on

2022-11-04 16:40:46 - [TEST_STEP][PASSED] - click(findTestObject("09-Settings/Users/button_Send Invitation")): Object: 'Object Repository/09-Settings/Users/button_Send Invitation' is clicked on

2022-11-04 16:40:47 - [MESSAGE][PASSED] - Object: 'Object Repository/09-Settings/Users/button_Send Invitation' is clicked on

2022-11-04 16:40:47 - [TEST_STEP][PASSED] - delay(2): Delayed 2 second(s)

2022-11-04 16:40:49 - [MESSAGE][PASSED] - Delayed 2 second(s)

2022-11-04 16:40:49 - [TEST_STEP][PASSED] - verifyElementVisible(findTestObject("07-Directory/Connections/zContact Profile/Successfully invited user")): Object 'Object Repository/07-Directory/Connections/zContact Profile/Successfully invited user' is visible

2022-11-04 16:40:51 - [MESSAGE][PASSED] - Object 'Object Repository/07-Directory/Connections/zContact Profile/Successfully invited user' is visible

2022-11-04 16:40:51 - [TEST_STEP][PASSED] - delay(2): Delayed 2 second(s)

2022-11-04 16:40:53 - [MESSAGE][PASSED] - Delayed 2 second(s)

2022-11-04 16:40:53 - [TEST_STEP][PASSED] - click(findTestObject("01-Login and Forgot Password/User menu drop")): Object: 'Object Repository/01-Login and Forgot Password/User menu drop' is clicked on

2022-11-04 16:40:53 - [MESSAGE][PASSED] - Object: 'Object Repository/01-Login and Forgot Password/User menu drop' is clicked on

2022-11-04 16:40:53 - [TEST_STEP][PASSED] - delay(2): Delayed 2 second(s)

2022-11-04 16:40:55 - [MESSAGE][PASSED] - Delayed 2 second(s)

2022-11-04 16:40:55 - [TEST_STEP][PASSED] - click(findTestObject("01-Login and Forgot Password/h4_Sign Out"), STOP_ON_FAILURE): Object: 'Object Repository/01-Login and Forgot Password/h4_Sign Out' is clicked on

2022-11-04 16:40:56 - [MESSAGE][PASSED] - Object: 'Object Repository/01-Login and Forgot Password/h4_Sign Out' is clicked on

2022-11-04 16:40:56 - [TEST_STEP][PASSED] - delay(2): Delayed 2 second(s)

2022-11-04 16:40:58 - [MESSAGE][PASSED] - Delayed 2 second(s)

2022-11-04 16:40:58 - [TEST_STEP][PASSED] - verifyElementPresent(findTestObject("01-Login and Forgot Password/Login_Card"), 0): Object 'Object Repository/01-Login and Forgot Password/Login_Card' is present

2022-11-04 16:40:58 - [MESSAGE][WARNING] - Timeout '0' is invalid. Using default page load timeout: '30'

2022-11-04 16:40:58 - [MESSAGE][PASSED] - Object 'Object Repository/01-Login and Forgot Password/Login_Card' is present

2022-11-04 16:40:58 - [TEST_STEP][PASSED] - delay(3): Delayed 3 second(s)

2022-11-04 16:41:01 - [MESSAGE][PASSED] - Delayed 3 second(s)

2022-11-04 16:41:01 - [TEST_STEP][PASSED] - closeBrowser(): Browser is closed

2022-11-04 16:41:02 - [MESSAGE][PASSED] - Browser is closed

2022-11-04 16:41:02 - [TEST_STEP][PASSED] - openBrowser(""): Browser is opened with url: ''

2022-11-04 16:41:02 - [MESSAGE][INFO] - Starting 'Chrome' driver

2022-11-04 16:41:02 - [MESSAGE][INFO] - Action delay is set to 0 milliseconds

2022-11-04 16:41:03 - [MESSAGE][PASSED] - Browser is opened with url: ''

2022-11-04 16:41:03 - [TEST_STEP][PASSED] - navigateToUrl("https://lab.everleagues.com/"): Navigate to 'https://lab.everleagues.com/' successfully

2022-11-04 16:41:33 - [MESSAGE][PASSED] - Navigate to 'https://lab.everleagues.com/' successfully

2022-11-04 16:41:33 - [TEST_STEP][PASSED] - maximizeWindow(): Current window maximized

2022-11-04 16:41:34 - [MESSAGE][PASSED] - Current window maximized

2022-11-04 16:41:34 - [TEST_STEP][PASSED] - setText(findTestObject("02-Side Icons(Organization)/Add Contact/Email Field"), "autotester10@mailinator.com"): Text 'autotester10@mailinator.com' is set on object 'Object Repository/02-Side Icons(Organization)/Add Contact/Email Field'

2022-11-04 16:41:34 - [MESSAGE][PASSED] - Text 'autotester10@mailinator.com' is set on object 'Object Repository/02-Side Icons(Organization)/Add Contact/Email Field'

2022-11-04 16:41:34 - [TEST_STEP][PASSED] - setEncryptedText(findTestObject("02-Side Icons(Organization)/Add Contact/Password Field"), "8yFRyszE6U6jvsCn51OQbg=="): Text ****** has been set on object 'Object Repository/02-Side Icons(Organization)/Add Contact/Password Field'

2022-11-04 16:41:35 - [MESSAGE][PASSED] - Text ****** has been set on object 'Object Repository/02-Side Icons(Organization)/Add Contact/Password Field'

2022-11-04 16:41:35 - [TEST_STEP][PASSED] - click(findTestObject("02-Side Icons(Organization)/Add Contact/button_Sign in")): Object: 'Object Repository/02-Side Icons(Organization)/Add Contact/button_Sign in' is clicked on

2022-11-04 16:41:35 - [MESSAGE][PASSED] - Object: 'Object Repository/02-Side Icons(Organization)/Add Contact/button_Sign in' is clicked on

2022-11-04 16:41:35 - [TEST_STEP][PASSED] - delay(2): Delayed 2 second(s)

2022-11-04 16:41:37 - [MESSAGE][PASSED] - Delayed 2 second(s)

2022-11-04 16:41:37 - [TEST_STEP][PASSED] - click(findTestObject("06-Teams/For 2FA/button_Confirm_2FA")): Object: 'Object Repository/06-Teams/For 2FA/button_Confirm_2FA' is clicked on

2022-11-04 16:41:38 - [MESSAGE][PASSED] - Object: 'Object Repository/06-Teams/For 2FA/button_Confirm_2FA' is clicked on

2022-11-04 16:41:38 - [TEST_STEP][PASSED] - executeJavaScript("window.open();", []): Execute JavaScript 'window.open();' successfully

2022-11-04 16:41:38 - [MESSAGE][PASSED] - Execute JavaScript 'window.open();' successfully

2022-11-04 16:41:38 - [TEST_STEP][PASSED] - currentWindow = getWindowIndex(): Current window's index is: 0

2022-11-04 16:41:38 - [MESSAGE][PASSED] - Current window's index is: 0

2022-11-04 16:41:38 - [TEST_STEP][PASSED] - delay(3): Delayed 3 second(s)

2022-11-04 16:41:41 - [MESSAGE][PASSED] - Delayed 3 second(s)

2022-11-04 16:41:41 - [TEST_STEP][PASSED] - switchToWindowIndex(currentWindow + 1): Switched to window with index: '1'

2022-11-04 16:41:41 - [MESSAGE][PASSED] - Switched to window with index: '1'

2022-11-04 16:41:41 - [TEST_STEP][PASSED] - navigateToUrl("https://www.mailinator.com/"): Navigate to 'https://www.mailinator.com/' successfully

2022-11-04 16:41:43 - [MESSAGE][PASSED] - Navigate to 'https://www.mailinator.com/' successfully

2022-11-04 16:41:43 - [TEST_STEP][PASSED] - delay(3): Delayed 3 second(s)

2022-11-04 16:41:46 - [MESSAGE][PASSED] - Delayed 3 second(s)

2022-11-04 16:41:46 - [TEST_STEP][PASSED] - setText(findTestObject("00-Signup and Activation/zMailinator/input_LOGIN_search"), "autotester10@mailinator.com"): Text 'autotester10@mailinator.com' is set on object 'Object Repository/00-Signup and Activation/zMailinator/input_LOGIN_search'

2022-11-04 16:41:46 - [MESSAGE][PASSED] - Text 'autotester10@mailinator.com' is set on object 'Object Repository/00-Signup and Activation/zMailinator/input_LOGIN_search'

2022-11-04 16:41:46 - [TEST_STEP][PASSED] - click(findTestObject("00-Signup and Activation/zMailinator/gobutton"), STOP_ON_FAILURE): Object: 'Object Repository/00-Signup and Activation/zMailinator/gobutton' is clicked on

2022-11-04 16:41:48 - [MESSAGE][PASSED] - Object: 'Object Repository/00-Signup and Activation/zMailinator/gobutton' is clicked on

2022-11-04 16:41:48 - [TEST_STEP][PASSED] - delay(3): Delayed 3 second(s)

2022-11-04 16:41:51 - [MESSAGE][PASSED] - Delayed 3 second(s)

2022-11-04 16:41:51 - [TEST_STEP][PASSED] - click(findTestObject("00-Signup and Activation/zMailinator/Email - everleagues")): Object: 'Object Repository/00-Signup and Activation/zMailinator/Email - everleagues' is clicked on

2022-11-04 16:41:51 - [MESSAGE][PASSED] - Object: 'Object Repository/00-Signup and Activation/zMailinator/Email - everleagues' is clicked on

2022-11-04 16:41:51 - [TEST_STEP][PASSED] - delay(3): Delayed 3 second(s)

2022-11-04 16:41:54 - [MESSAGE][PASSED] - Delayed 3 second(s)

2022-11-04 16:41:54 - [TEST_STEP][PASSED] - codetwo = getText(findTestObject("Object Repository/06-Teams/For 2FA/2FA code")): Text of object 'Object Repository/06-Teams/For 2FA/2FA code' is: '913738'

2022-11-04 16:41:55 - [MESSAGE][PASSED] - Text of object 'Object Repository/06-Teams/For 2FA/2FA code' is: '913738'

2022-11-04 16:41:55 - [TEST_STEP][PASSED] - delay(3): Delayed 3 second(s)

2022-11-04 16:41:58 - [MESSAGE][PASSED] - Delayed 3 second(s)

2022-11-04 16:41:58 - [TEST_STEP][PASSED] - closeWindowTitle("Mailinator"): Window with title: 'Mailinator' is closed

2022-11-04 16:41:58 - [MESSAGE][PASSED] - Window with title: 'Mailinator' is closed

2022-11-04 16:41:58 - [TEST_STEP][PASSED] - delay(3): Delayed 3 second(s)

2022-11-04 16:42:01 - [MESSAGE][PASSED] - Delayed 3 second(s)

2022-11-04 16:42:01 - [TEST_STEP][PASSED] - switchToWindowIndex(0): Switched to window with index: '0'

2022-11-04 16:42:01 - [MESSAGE][PASSED] - Switched to window with index: '0'

2022-11-04 16:42:01 - [TEST_STEP][PASSED] - delay(3): Delayed 3 second(s)

2022-11-04 16:42:04 - [MESSAGE][PASSED] - Delayed 3 second(s)

2022-11-04 16:42:04 - [TEST_STEP][PASSED] - setText(findTestObject("Object Repository/06-Teams/For 2FA/input_Enter verification code_code"), codetwo): Text '913738' is set on object 'Object Repository/06-Teams/For 2FA/input_Enter verification code_code'

2022-11-04 16:42:05 - [MESSAGE][PASSED] - Text '913738' is set on object 'Object Repository/06-Teams/For 2FA/input_Enter verification code_code'

2022-11-04 16:42:05 - [TEST_STEP][PASSED] - delay(3): Delayed 3 second(s)

2022-11-04 16:42:08 - [MESSAGE][PASSED] - Delayed 3 second(s)

2022-11-04 16:42:08 - [TEST_STEP][PASSED] - click(findTestObject("06-Teams/For 2FA/button_Verify_2FA")): Object: 'Object Repository/06-Teams/For 2FA/button_Verify_2FA' is clicked on

2022-11-04 16:42:09 - [MESSAGE][PASSED] - Object: 'Object Repository/06-Teams/For 2FA/button_Verify_2FA' is clicked on

2022-11-04 16:42:09 - [TEST_STEP][PASSED] - delay(5): Delayed 5 second(s)

2022-11-04 16:42:14 - [MESSAGE][PASSED] - Delayed 5 second(s)

2022-11-04 16:42:14 - [TEST_STEP][PASSED] - executeJavaScript("window.open();", []): Execute JavaScript 'window.open();' successfully

2022-11-04 16:42:14 - [MESSAGE][PASSED] - Execute JavaScript 'window.open();' successfully

2022-11-04 16:42:14 - [TEST_STEP][PASSED] - currentWindow = getWindowIndex(): Current window's index is: 0

2022-11-04 16:42:14 - [MESSAGE][PASSED] - Current window's index is: 0

2022-11-04 16:42:14 - [TEST_STEP][PASSED] - delay(3): Delayed 3 second(s)

2022-11-04 16:42:17 - [MESSAGE][PASSED] - Delayed 3 second(s)

2022-11-04 16:42:17 - [TEST_STEP][PASSED] - switchToWindowIndex(currentWindow + 1): Switched to window with index: '1'

2022-11-04 16:42:17 - [MESSAGE][PASSED] - Switched to window with index: '1'

2022-11-04 16:42:17 - [TEST_STEP][PASSED] - navigateToUrl("https://www.mailinator.com/"): Navigate to 'https://www.mailinator.com/' successfully

2022-11-04 16:42:18 - [MESSAGE][PASSED] - Navigate to 'https://www.mailinator.com/' successfully

2022-11-04 16:42:18 - [TEST_STEP][PASSED] - delay(3): Delayed 3 second(s)

2022-11-04 16:42:21 - [MESSAGE][PASSED] - Delayed 3 second(s)

2022-11-04 16:42:21 - [TEST_STEP][PASSED] - setText(findTestObject("00-Signup and Activation/zMailinator/input_LOGIN_search"), "autotester10@mailinator.com"): Text 'autotester10@mailinator.com' is set on object 'Object Repository/00-Signup and Activation/zMailinator/input_LOGIN_search'

2022-11-04 16:42:22 - [MESSAGE][PASSED] - Text 'autotester10@mailinator.com' is set on object 'Object Repository/00-Signup and Activation/zMailinator/input_LOGIN_search'

2022-11-04 16:42:22 - [TEST_STEP][PASSED] - click(findTestObject("00-Signup and Activation/zMailinator/gobutton"), STOP_ON_FAILURE): Object: 'Object Repository/00-Signup and Activation/zMailinator/gobutton' is clicked on

2022-11-04 16:42:22 - [MESSAGE][PASSED] - Object: 'Object Repository/00-Signup and Activation/zMailinator/gobutton' is clicked on

2022-11-04 16:42:22 - [TEST_STEP][PASSED] - delay(3): Delayed 3 second(s)

2022-11-04 16:42:25 - [MESSAGE][PASSED] - Delayed 3 second(s)

2022-11-04 16:42:25 - [TEST_STEP][PASSED] - closeWindowTitle("Everleagues"): Window with title: 'Everleagues' is closed

2022-11-04 16:42:26 - [MESSAGE][PASSED] - Window with title: 'Everleagues' is closed

2022-11-04 16:42:26 - [TEST_STEP][PASSED] - switchToWindowIndex(0): Switched to window with index: '0'

2022-11-04 16:42:26 - [MESSAGE][PASSED] - Switched to window with index: '0'

2022-11-04 16:42:26 - [TEST_STEP][PASSED] - click(findTestObject("09-Settings/Users/Co worker/td_Invitation from GG Automation")): Object: 'Object Repository/09-Settings/Users/Co worker/td_Invitation from GG Automation' is clicked on

2022-11-04 16:42:26 - [MESSAGE][PASSED] - Object: 'Object Repository/09-Settings/Users/Co worker/td_Invitation from GG Automation' is clicked on

2022-11-04 16:42:26 - [TEST_STEP][PASSED] - click(findTestObject("09-Settings/Users/Co worker/a_Click here to join GG Automation on EverLeagues")): Object: 'Object Repository/09-Settings/Users/Co worker/a_Click here to join GG Automation on EverLeagues' is clicked on

2022-11-04 16:42:27 - [MESSAGE][PASSED] - Object: 'Object Repository/09-Settings/Users/Co worker/a_Click here to join GG Automation on EverLeagues' is clicked on

2022-11-04 16:42:27 - [TEST_STEP][PASSED] - closeWindowTitle("Mailinator"): Window with title: 'Mailinator' is closed

2022-11-04 16:42:27 - [MESSAGE][PASSED] - Window with title: 'Mailinator' is closed

2022-11-04 16:42:27 - [TEST_STEP][PASSED] - switchToWindowIndex(0): Switched to window with index: '0'

2022-11-04 16:42:27 - [MESSAGE][PASSED] - Switched to window with index: '0'

2022-11-04 16:42:27 - [TEST_STEP][PASSED] - verifyElementVisible(findTestObject("09-Settings/Users/Client/Invite modal")): Object 'Object Repository/09-Settings/Users/Client/Invite modal' is visible

2022-11-04 16:42:34 - [MESSAGE][PASSED] - Object 'Object Repository/09-Settings/Users/Client/Invite modal' is visible

2022-11-04 16:42:34 - [TEST_STEP][PASSED] - setText(findTestObject("09-Settings/Users/Client/Company field"), "QA Company"): Text 'QA Company' is set on object 'Object Repository/09-Settings/Users/Client/Company field'

2022-11-04 16:42:35 - [MESSAGE][PASSED] - Text 'QA Company' is set on object 'Object Repository/09-Settings/Users/Client/Company field'

2022-11-04 16:42:35 - [TEST_STEP][PASSED] - click(findTestObject("09-Settings/Users/Client/button_Accept")): Object: 'Object Repository/09-Settings/Users/Client/button_Accept' is clicked on

2022-11-04 16:42:35 - [MESSAGE][PASSED] - Object: 'Object Repository/09-Settings/Users/Client/button_Accept' is clicked on

2022-11-04 16:42:35 - [TEST_STEP][PASSED] - delay(10): Delayed 10 second(s)

2022-11-04 16:42:45 - [MESSAGE][PASSED] - Delayed 10 second(s)

2022-11-04 16:42:45 - [TEST_STEP][PASSED] - verifyElementVisible(findTestObject("09-Settings/Users/div_Joined as Partner")): Object 'Object Repository/09-Settings/Users/div_Joined as Partner' is visible

2022-11-04 16:42:46 - [MESSAGE][PASSED] - Object 'Object Repository/09-Settings/Users/div_Joined as Partner' is visible

2022-11-04 16:42:46 - [TEST_STEP][PASSED] - delay(3): Delayed 3 second(s)

2022-11-04 16:42:49 - [MESSAGE][PASSED] - Delayed 3 second(s)

2022-11-04 16:42:49 - [TEST_STEP][PASSED] - closeBrowser(): Browser is closed

2022-11-04 16:42:49 - [MESSAGE][PASSED] - Browser is closed]]></system-out>
         <system-err><![CDATA[]]></system-err>
      </testcase>
      <testcase name="Test Cases/09-Settings/05 - Users (Invite batch of users via CSV file)" time="113.667" classname="Test Cases/09-Settings/05 - Users (Invite batch of users via CSV file)" status="PASSED">
         <system-out><![CDATA[2022-11-04 16:42:49 - [TEST_CASE][PASSED] - Test Cases/09-Settings/05 - Users (Invite batch of users via CSV file): Test Cases/09-Settings/05 - Users (Invite batch of users via CSV file)

2022-11-04 16:42:50 - [TEST_STEP][PASSED] - openBrowser(""): Browser is opened with url: ''

2022-11-04 16:42:50 - [MESSAGE][INFO] - Starting 'Chrome' driver

2022-11-04 16:42:50 - [MESSAGE][INFO] - Action delay is set to 0 milliseconds

2022-11-04 16:42:51 - [MESSAGE][PASSED] - Browser is opened with url: ''

2022-11-04 16:42:51 - [TEST_STEP][PASSED] - navigateToUrl("https://lab.everleagues.com/"): Navigate to 'https://lab.everleagues.com/' successfully

2022-11-04 16:43:04 - [MESSAGE][PASSED] - Navigate to 'https://lab.everleagues.com/' successfully

2022-11-04 16:43:04 - [TEST_STEP][PASSED] - maximizeWindow(): Current window maximized

2022-11-04 16:43:04 - [MESSAGE][PASSED] - Current window maximized

2022-11-04 16:43:04 - [TEST_STEP][PASSED] - setText(findTestObject("02-Side Icons(Organization)/Add Contact/Email Field"), "testuser02@mailinator.com"): Text 'testuser02@mailinator.com' is set on object 'Object Repository/02-Side Icons(Organization)/Add Contact/Email Field'

2022-11-04 16:43:05 - [MESSAGE][PASSED] - Text 'testuser02@mailinator.com' is set on object 'Object Repository/02-Side Icons(Organization)/Add Contact/Email Field'

2022-11-04 16:43:05 - [TEST_STEP][PASSED] - setEncryptedText(findTestObject("02-Side Icons(Organization)/Add Contact/Password Field"), "8yFRyszE6U6jvsCn51OQbg=="): Text ****** has been set on object 'Object Repository/02-Side Icons(Organization)/Add Contact/Password Field'

2022-11-04 16:43:05 - [MESSAGE][PASSED] - Text ****** has been set on object 'Object Repository/02-Side Icons(Organization)/Add Contact/Password Field'

2022-11-04 16:43:05 - [TEST_STEP][PASSED] - click(findTestObject("02-Side Icons(Organization)/Add Contact/button_Sign in")): Object: 'Object Repository/02-Side Icons(Organization)/Add Contact/button_Sign in' is clicked on

2022-11-04 16:43:06 - [MESSAGE][PASSED] - Object: 'Object Repository/02-Side Icons(Organization)/Add Contact/button_Sign in' is clicked on

2022-11-04 16:43:06 - [TEST_STEP][PASSED] - delay(2): Delayed 2 second(s)

2022-11-04 16:43:08 - [MESSAGE][PASSED] - Delayed 2 second(s)

2022-11-04 16:43:08 - [TEST_STEP][PASSED] - click(findTestObject("06-Teams/For 2FA/button_Confirm_2FA")): Object: 'Object Repository/06-Teams/For 2FA/button_Confirm_2FA' is clicked on

2022-11-04 16:43:09 - [MESSAGE][PASSED] - Object: 'Object Repository/06-Teams/For 2FA/button_Confirm_2FA' is clicked on

2022-11-04 16:43:09 - [TEST_STEP][PASSED] - executeJavaScript("window.open();", []): Execute JavaScript 'window.open();' successfully

2022-11-04 16:43:09 - [MESSAGE][PASSED] - Execute JavaScript 'window.open();' successfully

2022-11-04 16:43:09 - [TEST_STEP][PASSED] - currentWindow = getWindowIndex(): Current window's index is: 0

2022-11-04 16:43:09 - [MESSAGE][PASSED] - Current window's index is: 0

2022-11-04 16:43:09 - [TEST_STEP][PASSED] - delay(3): Delayed 3 second(s)

2022-11-04 16:43:12 - [MESSAGE][PASSED] - Delayed 3 second(s)

2022-11-04 16:43:12 - [TEST_STEP][PASSED] - switchToWindowIndex(currentWindow + 1): Switched to window with index: '1'

2022-11-04 16:43:12 - [MESSAGE][PASSED] - Switched to window with index: '1'

2022-11-04 16:43:12 - [TEST_STEP][PASSED] - navigateToUrl("https://www.mailinator.com/"): Navigate to 'https://www.mailinator.com/' successfully

2022-11-04 16:43:14 - [MESSAGE][PASSED] - Navigate to 'https://www.mailinator.com/' successfully

2022-11-04 16:43:14 - [TEST_STEP][PASSED] - delay(3): Delayed 3 second(s)

2022-11-04 16:43:17 - [MESSAGE][PASSED] - Delayed 3 second(s)

2022-11-04 16:43:17 - [TEST_STEP][PASSED] - setText(findTestObject("00-Signup and Activation/zMailinator/input_LOGIN_search"), "testuser02@mailinator.com"): Text 'testuser02@mailinator.com' is set on object 'Object Repository/00-Signup and Activation/zMailinator/input_LOGIN_search'

2022-11-04 16:43:17 - [MESSAGE][PASSED] - Text 'testuser02@mailinator.com' is set on object 'Object Repository/00-Signup and Activation/zMailinator/input_LOGIN_search'

2022-11-04 16:43:17 - [TEST_STEP][PASSED] - click(findTestObject("00-Signup and Activation/zMailinator/gobutton"), STOP_ON_FAILURE): Object: 'Object Repository/00-Signup and Activation/zMailinator/gobutton' is clicked on

2022-11-04 16:43:19 - [MESSAGE][PASSED] - Object: 'Object Repository/00-Signup and Activation/zMailinator/gobutton' is clicked on

2022-11-04 16:43:19 - [TEST_STEP][PASSED] - delay(3): Delayed 3 second(s)

2022-11-04 16:43:22 - [MESSAGE][PASSED] - Delayed 3 second(s)

2022-11-04 16:43:22 - [TEST_STEP][PASSED] - click(findTestObject("00-Signup and Activation/zMailinator/Email - everleagues")): Object: 'Object Repository/00-Signup and Activation/zMailinator/Email - everleagues' is clicked on

2022-11-04 16:43:22 - [MESSAGE][PASSED] - Object: 'Object Repository/00-Signup and Activation/zMailinator/Email - everleagues' is clicked on

2022-11-04 16:43:22 - [TEST_STEP][PASSED] - delay(3): Delayed 3 second(s)

2022-11-04 16:43:25 - [MESSAGE][PASSED] - Delayed 3 second(s)

2022-11-04 16:43:25 - [TEST_STEP][PASSED] - code = getText(findTestObject("Object Repository/06-Teams/For 2FA/2FA code")): Text of object 'Object Repository/06-Teams/For 2FA/2FA code' is: '796668'

2022-11-04 16:43:26 - [MESSAGE][PASSED] - Text of object 'Object Repository/06-Teams/For 2FA/2FA code' is: '796668'

2022-11-04 16:43:26 - [TEST_STEP][PASSED] - delay(3): Delayed 3 second(s)

2022-11-04 16:43:29 - [MESSAGE][PASSED] - Delayed 3 second(s)

2022-11-04 16:43:29 - [TEST_STEP][PASSED] - closeWindowTitle("Mailinator"): Window with title: 'Mailinator' is closed

2022-11-04 16:43:29 - [MESSAGE][PASSED] - Window with title: 'Mailinator' is closed

2022-11-04 16:43:29 - [TEST_STEP][PASSED] - delay(3): Delayed 3 second(s)

2022-11-04 16:43:32 - [MESSAGE][PASSED] - Delayed 3 second(s)

2022-11-04 16:43:32 - [TEST_STEP][PASSED] - switchToWindowIndex(0): Switched to window with index: '0'

2022-11-04 16:43:32 - [MESSAGE][PASSED] - Switched to window with index: '0'

2022-11-04 16:43:32 - [TEST_STEP][PASSED] - delay(3): Delayed 3 second(s)

2022-11-04 16:43:35 - [MESSAGE][PASSED] - Delayed 3 second(s)

2022-11-04 16:43:35 - [TEST_STEP][PASSED] - setText(findTestObject("Object Repository/06-Teams/For 2FA/input_Enter verification code_code"), code): Text '796668' is set on object 'Object Repository/06-Teams/For 2FA/input_Enter verification code_code'

2022-11-04 16:43:36 - [MESSAGE][PASSED] - Text '796668' is set on object 'Object Repository/06-Teams/For 2FA/input_Enter verification code_code'

2022-11-04 16:43:36 - [TEST_STEP][PASSED] - delay(3): Delayed 3 second(s)

2022-11-04 16:43:39 - [MESSAGE][PASSED] - Delayed 3 second(s)

2022-11-04 16:43:39 - [TEST_STEP][PASSED] - click(findTestObject("06-Teams/For 2FA/button_Verify_2FA")): Object: 'Object Repository/06-Teams/For 2FA/button_Verify_2FA' is clicked on

2022-11-04 16:43:40 - [MESSAGE][PASSED] - Object: 'Object Repository/06-Teams/For 2FA/button_Verify_2FA' is clicked on

2022-11-04 16:43:40 - [TEST_STEP][PASSED] - delay(5): Delayed 5 second(s)

2022-11-04 16:43:45 - [MESSAGE][PASSED] - Delayed 5 second(s)

2022-11-04 16:43:45 - [TEST_STEP][PASSED] - click(findTestObject("06-Teams/button_doublearrow")): Object: 'Object Repository/06-Teams/button_doublearrow' is clicked on

2022-11-04 16:43:45 - [MESSAGE][PASSED] - Object: 'Object Repository/06-Teams/button_doublearrow' is clicked on

2022-11-04 16:43:45 - [TEST_STEP][PASSED] - click(findTestObject("06-Teams/button_My Organizations")): Object: 'Object Repository/06-Teams/button_My Organizations' is clicked on

2022-11-04 16:43:46 - [MESSAGE][PASSED] - Object: 'Object Repository/06-Teams/button_My Organizations' is clicked on

2022-11-04 16:43:46 - [TEST_STEP][PASSED] - click(findTestObject("06-Teams/button_GG Automation")): Object: 'Object Repository/06-Teams/button_GG Automation' is clicked on

2022-11-04 16:43:47 - [MESSAGE][PASSED] - Object: 'Object Repository/06-Teams/button_GG Automation' is clicked on

2022-11-04 16:43:47 - [TEST_STEP][PASSED] - delay(4): Delayed 4 second(s)

2022-11-04 16:43:51 - [MESSAGE][PASSED] - Delayed 4 second(s)

2022-11-04 16:43:51 - [TEST_STEP][PASSED] - verifyElementVisible(findTestObject("06-Teams/span_GG Automation")): Object 'Object Repository/06-Teams/span_GG Automation' is visible

2022-11-04 16:43:51 - [MESSAGE][PASSED] - Object 'Object Repository/06-Teams/span_GG Automation' is visible

2022-11-04 16:43:51 - [TEST_STEP][PASSED] - delay(10): Delayed 10 second(s)

2022-11-04 16:44:01 - [MESSAGE][PASSED] - Delayed 10 second(s)

2022-11-04 16:44:01 - [TEST_STEP][PASSED] - click(findTestObject("03-Header Menu/Hamburger Button/div_Settings")): Object: 'Object Repository/03-Header Menu/Hamburger Button/div_Settings' is clicked on

2022-11-04 16:44:02 - [MESSAGE][PASSED] - Object: 'Object Repository/03-Header Menu/Hamburger Button/div_Settings' is clicked on

2022-11-04 16:44:02 - [TEST_STEP][PASSED] - delay(3): Delayed 3 second(s)

2022-11-04 16:44:05 - [MESSAGE][PASSED] - Delayed 3 second(s)

2022-11-04 16:44:05 - [TEST_STEP][PASSED] - click(findTestObject("09-Settings/Users/div_Users")): Object: 'Object Repository/09-Settings/Users/div_Users' is clicked on

2022-11-04 16:44:05 - [MESSAGE][PASSED] - Object: 'Object Repository/09-Settings/Users/div_Users' is clicked on

2022-11-04 16:44:05 - [TEST_STEP][PASSED] - delay(3): Delayed 3 second(s)

2022-11-04 16:44:08 - [MESSAGE][PASSED] - Delayed 3 second(s)

2022-11-04 16:44:08 - [TEST_STEP][PASSED] - click(findTestObject("09-Settings/Users/button_add")): Object: 'Object Repository/09-Settings/Users/button_add' is clicked on

2022-11-04 16:44:09 - [MESSAGE][PASSED] - Object: 'Object Repository/09-Settings/Users/button_add' is clicked on

2022-11-04 16:44:09 - [TEST_STEP][PASSED] - delay(3): Delayed 3 second(s)

2022-11-04 16:44:12 - [MESSAGE][PASSED] - Delayed 3 second(s)

2022-11-04 16:44:12 - [TEST_STEP][PASSED] - click(findTestObject("09-Settings/Users/Invite batch of users via CSV file")): Object: 'Object Repository/09-Settings/Users/Invite batch of users via CSV file' is clicked on

2022-11-04 16:44:12 - [MESSAGE][PASSED] - Object: 'Object Repository/09-Settings/Users/Invite batch of users via CSV file' is clicked on

2022-11-04 16:44:12 - [TEST_STEP][PASSED] - verifyElementVisible(findTestObject("09-Settings/Users/CSV Invite/Import CSV File modal")): Object 'Object Repository/09-Settings/Users/CSV Invite/Import CSV File modal' is visible

2022-11-04 16:44:13 - [MESSAGE][PASSED] - Object 'Object Repository/09-Settings/Users/CSV Invite/Import CSV File modal' is visible

2022-11-04 16:44:13 - [TEST_STEP][PASSED] - verifyElementNotClickable(findTestObject("09-Settings/Users/CSV Invite/button_Import")): Object 'Object Repository/09-Settings/Users/CSV Invite/button_Import' is NOT clickable

2022-11-04 16:44:14 - [MESSAGE][PASSED] - Object 'Object Repository/09-Settings/Users/CSV Invite/button_Import' is NOT clickable

2022-11-04 16:44:14 - [TEST_STEP][PASSED] - delay(3): Delayed 3 second(s)

2022-11-04 16:44:17 - [MESSAGE][PASSED] - Delayed 3 second(s)

2022-11-04 16:44:17 - [TEST_STEP][PASSED] - uploadpackage.Upload.uploadFile(findTestObject("Object Repository/09-Settings/Users/CSV Invite/button_Choose File"), "C:\Users\User\Desktop\EL automation\sample csv.csv"): uploadpackage.Upload.uploadFile is PASSED

2022-11-04 16:44:17 - [MESSAGE][PASSED] - Object: 'Object Repository/09-Settings/Users/CSV Invite/button_Choose File' is clicked on

2022-11-04 16:44:17 - [MESSAGE][PASSED] - uploadpackage.Upload.uploadFile is PASSED

2022-11-04 16:44:17 - [TEST_STEP][PASSED] - delay(3): Delayed 3 second(s)

2022-11-04 16:44:20 - [MESSAGE][PASSED] - Delayed 3 second(s)

2022-11-04 16:44:20 - [TEST_STEP][PASSED] - verifyElementVisible(findTestObject("09-Settings/Users/CSV Invite/div_Sample csv.csv")): Object 'Object Repository/09-Settings/Users/CSV Invite/div_Sample csv.csv' is visible

2022-11-04 16:44:21 - [MESSAGE][PASSED] - Object 'Object Repository/09-Settings/Users/CSV Invite/div_Sample csv.csv' is visible

2022-11-04 16:44:21 - [TEST_STEP][PASSED] - click(findTestObject("09-Settings/Users/CSV Invite/button_Import")): Object: 'Object Repository/09-Settings/Users/CSV Invite/button_Import' is clicked on

2022-11-04 16:44:21 - [MESSAGE][PASSED] - Object: 'Object Repository/09-Settings/Users/CSV Invite/button_Import' is clicked on

2022-11-04 16:44:21 - [TEST_STEP][PASSED] - delay(10): Delayed 10 second(s)

2022-11-04 16:44:31 - [MESSAGE][PASSED] - Delayed 10 second(s)

2022-11-04 16:44:31 - [TEST_STEP][PASSED] - verifyElementVisible(findTestObject("09-Settings/Users/CSV Invite/Success import modal")): Object 'Object Repository/09-Settings/Users/CSV Invite/Success import modal' is visible

2022-11-04 16:44:32 - [MESSAGE][PASSED] - Object 'Object Repository/09-Settings/Users/CSV Invite/Success import modal' is visible

2022-11-04 16:44:32 - [TEST_STEP][PASSED] - click(findTestObject("09-Settings/Users/CSV Invite/button_Close")): Object: 'Object Repository/09-Settings/Users/CSV Invite/button_Close' is clicked on

2022-11-04 16:44:32 - [MESSAGE][PASSED] - Object: 'Object Repository/09-Settings/Users/CSV Invite/button_Close' is clicked on

2022-11-04 16:44:32 - [TEST_STEP][PASSED] - click(findTestObject("09-Settings/Users/CSV Invite/Invited Users tab")): Object: 'Object Repository/09-Settings/Users/CSV Invite/Invited Users tab' is clicked on

2022-11-04 16:44:33 - [MESSAGE][PASSED] - Object: 'Object Repository/09-Settings/Users/CSV Invite/Invited Users tab' is clicked on

2022-11-04 16:44:33 - [TEST_STEP][PASSED] - delay(3): Delayed 3 second(s)

2022-11-04 16:44:36 - [MESSAGE][PASSED] - Delayed 3 second(s)

2022-11-04 16:44:36 - [TEST_STEP][PASSED] - verifyElementVisible(findTestObject("09-Settings/Users/CSV Invite/div_CTCSV test3")): Object 'Object Repository/09-Settings/Users/CSV Invite/div_CTCSV test3' is visible

2022-11-04 16:44:36 - [MESSAGE][PASSED] - Object 'Object Repository/09-Settings/Users/CSV Invite/div_CTCSV test3' is visible

2022-11-04 16:44:36 - [TEST_STEP][PASSED] - verifyElementVisible(findTestObject("09-Settings/Users/CSV Invite/div_autotester08mailinator.com")): Object 'Object Repository/09-Settings/Users/CSV Invite/div_autotester08mailinator.com' is visible

2022-11-04 16:44:37 - [MESSAGE][PASSED] - Object 'Object Repository/09-Settings/Users/CSV Invite/div_autotester08mailinator.com' is visible

2022-11-04 16:44:37 - [TEST_STEP][PASSED] - verifyElementVisible(findTestObject("09-Settings/Users/CSV Invite/div_Partner")): Object 'Object Repository/09-Settings/Users/CSV Invite/div_Partner' is visible

2022-11-04 16:44:37 - [MESSAGE][PASSED] - Object 'Object Repository/09-Settings/Users/CSV Invite/div_Partner' is visible

2022-11-04 16:44:37 - [TEST_STEP][PASSED] - verifyElementVisible(findTestObject("09-Settings/Users/CSV Invite/div_CTCSV test2")): Object 'Object Repository/09-Settings/Users/CSV Invite/div_CTCSV test2' is visible

2022-11-04 16:44:37 - [MESSAGE][PASSED] - Object 'Object Repository/09-Settings/Users/CSV Invite/div_CTCSV test2' is visible

2022-11-04 16:44:37 - [TEST_STEP][PASSED] - verifyElementVisible(findTestObject("09-Settings/Users/CSV Invite/div_autotester07mailinator.com")): Object 'Object Repository/09-Settings/Users/CSV Invite/div_autotester07mailinator.com' is visible

2022-11-04 16:44:38 - [MESSAGE][PASSED] - Object 'Object Repository/09-Settings/Users/CSV Invite/div_autotester07mailinator.com' is visible

2022-11-04 16:44:38 - [TEST_STEP][PASSED] - verifyElementVisible(findTestObject("09-Settings/Users/CSV Invite/div_Client")): Object 'Object Repository/09-Settings/Users/CSV Invite/div_Client' is visible

2022-11-04 16:44:38 - [MESSAGE][PASSED] - Object 'Object Repository/09-Settings/Users/CSV Invite/div_Client' is visible

2022-11-04 16:44:38 - [TEST_STEP][PASSED] - verifyElementVisible(findTestObject("09-Settings/Users/CSV Invite/div_CTCSV test1")): Object 'Object Repository/09-Settings/Users/CSV Invite/div_CTCSV test1' is visible

2022-11-04 16:44:38 - [MESSAGE][PASSED] - Object 'Object Repository/09-Settings/Users/CSV Invite/div_CTCSV test1' is visible

2022-11-04 16:44:38 - [TEST_STEP][PASSED] - verifyElementVisible(findTestObject("09-Settings/Users/CSV Invite/div_autotester06mailinator.com")): Object 'Object Repository/09-Settings/Users/CSV Invite/div_autotester06mailinator.com' is visible

2022-11-04 16:44:39 - [MESSAGE][PASSED] - Object 'Object Repository/09-Settings/Users/CSV Invite/div_autotester06mailinator.com' is visible

2022-11-04 16:44:39 - [TEST_STEP][PASSED] - verifyElementVisible(findTestObject("09-Settings/Users/CSV Invite/div_Coworker")): Object 'Object Repository/09-Settings/Users/CSV Invite/div_Coworker' is visible

2022-11-04 16:44:39 - [MESSAGE][PASSED] - Object 'Object Repository/09-Settings/Users/CSV Invite/div_Coworker' is visible

2022-11-04 16:44:39 - [TEST_STEP][PASSED] - delay(3): Delayed 3 second(s)

2022-11-04 16:44:42 - [MESSAGE][PASSED] - Delayed 3 second(s)

2022-11-04 16:44:42 - [TEST_STEP][PASSED] - closeBrowser(): Browser is closed

2022-11-04 16:44:43 - [MESSAGE][PASSED] - Browser is closed]]></system-out>
         <system-err><![CDATA[]]></system-err>
      </testcase>
      <system-out><![CDATA[2022-11-04 16:26:43 - [TEST_SUITE][PASSED] - 09.1 - Settings (Invite users): Test Cases/09-Settings/05 - Users (Invite batch of users via CSV file)]]></system-out>
      <system-err><![CDATA[]]></system-err>
   </testsuite>
</testsuites>
