<?xml version="1.0" encoding="UTF-8"?>
<testsuites name="09.4 - Settings (Organization unit)" time="404.394" tests="4" failures="0" errors="0">
   <testsuite name="09.4 - Settings (Organization unit)" tests="4" failures="0" errors="0" time="404.394" skipped="0" timestamp="2023-02-28 14:27:06" hostname="asus - DESKTOP-3L3J9C1" id="Test Suites/TS-Organization/09.4 - Settings (Organization unit)">
      <properties>
         <property name="deviceName" value=""/>
         <property name="devicePlatform" value=""/>
         <property name="logFolder" value="C:\\Users\\asus\\Katalon Studio\\Everleagues\\Everleagues\\Reports\\20230228_142652\\TS-Organization\\09.4 - Settings (Organization unit)\\20230228_142652"/>
         <property name="logFiles" value="C:\\Users\\asus\\Katalon Studio\\Everleagues\\Everleagues\\Reports\\20230228_142652\\TS-Organization\\09.4 - Settings (Organization unit)\\20230228_142652\\execution0.log"/>
         <property name="attachments" value=""/>
         <property name="hostName" value="asus - DESKTOP-3L3J9C1"/>
         <property name="os" value="Windows 10 64bit"/>
         <property name="katalonVersion" value="8.4.1.208"/>
         <property name="browser" value="Chrome 110.0.0.0"/>
         <property name="hostAddress" value="10.100.1.128"/>
         <property name="sessionId" value="6c300aa646f0ffa41b5cadc9b52c8be7"/>
         <property name="seleniumVersion" value="3.141.59"/>
         <property name="proxyInformation" value="ProxyInformation { proxyOption=NO_PROXY, proxyServerType=HTTP, username=, password=********, proxyServerAddress=, proxyServerPort=0, executionList=&quot;&quot;, isApplyToDesiredCapabilities=true }"/>
         <property name="platform" value="Windows 10"/>
      </properties>
      <testcase name="Test Cases/09-Settings/19 - Organization unit - Add Organization unit" time="182.331" classname="Test Cases/09-Settings/19 - Organization unit - Add Organization unit" status="PASSED">
         <system-out><![CDATA[2023-02-28 14:27:08 - [TEST_CASE][PASSED] - Test Cases/09-Settings/19 - Organization unit - Add Organization unit: Test Cases/09-Settings/19 - Organization unit - Add Organization unit

2023-02-28 14:27:10 - [TEST_STEP][PASSED] - openBrowser(""): Browser is opened with url: ''

2023-02-28 14:27:12 - [MESSAGE][INFO] - Starting 'Chrome' driver

2023-02-28 14:27:12 - [MESSAGE][INFO] - Action delay is set to 0 milliseconds

2023-02-28 14:27:21 - [MESSAGE][PASSED] - Browser is opened with url: ''

2023-02-28 14:27:21 - [TEST_STEP][PASSED] - navigateToUrl("https://lab.everleagues.com/"): Navigate to 'https://lab.everleagues.com/' successfully

2023-02-28 14:27:50 - [MESSAGE][PASSED] - Navigate to 'https://lab.everleagues.com/' successfully

2023-02-28 14:27:50 - [TEST_STEP][PASSED] - maximizeWindow(): Current window maximized

2023-02-28 14:27:51 - [MESSAGE][PASSED] - Current window maximized

2023-02-28 14:27:51 - [TEST_STEP][PASSED] - callTestCase(findTestCase("01-Login and Forgot Password/04-Login(Valid Credentials-With Subscription)"), [:], STOP_ON_FAILURE): Call Test Case 'Test Cases/01-Login and Forgot Password/04-Login(Valid Credentials-With Subscription)' successfully

2023-02-28 14:27:51 - [TEST_CASE][PASSED] - Test Cases/01-Login and Forgot Password/04-Login(Valid Credentials-With Subscription): Test Cases/01-Login and Forgot Password/04-Login(Valid Credentials-With Subscription)

2023-02-28 14:27:54 - [TEST_STEP][PASSED] - setText(findTestObject("01-Login and Forgot Password/input_Email_email"), "testuser02@mailinator.com"): Text 'testuser02@mailinator.com' is set on object 'Object Repository/01-Login and Forgot Password/input_Email_email'

2023-02-28 14:27:57 - [MESSAGE][PASSED] - Text 'testuser02@mailinator.com' is set on object 'Object Repository/01-Login and Forgot Password/input_Email_email'

2023-02-28 14:27:57 - [TEST_STEP][PASSED] - setEncryptedText(findTestObject("01-Login and Forgot Password/input_Email_password"), "8yFRyszE6U6jvsCn51OQbg=="): Text ****** has been set on object 'Object Repository/01-Login and Forgot Password/input_Email_password'

2023-02-28 14:27:58 - [MESSAGE][PASSED] - Text ****** has been set on object 'Object Repository/01-Login and Forgot Password/input_Email_password'

2023-02-28 14:27:58 - [TEST_STEP][PASSED] - delay(2): Delayed 2 second(s)

2023-02-28 14:28:00 - [MESSAGE][PASSED] - Delayed 2 second(s)

2023-02-28 14:28:00 - [TEST_STEP][PASSED] - click(findTestObject("01-Login and Forgot Password/show pass button")): Object: 'Object Repository/01-Login and Forgot Password/show pass button' is clicked on

2023-02-28 14:28:01 - [MESSAGE][PASSED] - Object: 'Object Repository/01-Login and Forgot Password/show pass button' is clicked on

2023-02-28 14:28:01 - [TEST_STEP][PASSED] - delay(3): Delayed 3 second(s)

2023-02-28 14:28:04 - [MESSAGE][PASSED] - Delayed 3 second(s)

2023-02-28 14:28:04 - [TEST_STEP][PASSED] - click(findTestObject("01-Login and Forgot Password/button_Sign in")): Object: 'Object Repository/01-Login and Forgot Password/button_Sign in' is clicked on

2023-02-28 14:28:05 - [MESSAGE][PASSED] - Object: 'Object Repository/01-Login and Forgot Password/button_Sign in' is clicked on

2023-02-28 14:28:05 - [TEST_STEP][PASSED] - delay(3): Delayed 3 second(s)

2023-02-28 14:28:08 - [MESSAGE][PASSED] - Delayed 3 second(s)

2023-02-28 14:28:08 - [TEST_STEP][PASSED] - click(findTestObject("06-Teams/For 2FA/button_Confirm_2FA")): Object: 'Object Repository/06-Teams/For 2FA/button_Confirm_2FA' is clicked on

2023-02-28 14:28:09 - [MESSAGE][PASSED] - Object: 'Object Repository/06-Teams/For 2FA/button_Confirm_2FA' is clicked on

2023-02-28 14:28:09 - [TEST_STEP][PASSED] - executeJavaScript("window.open();", []): Execute JavaScript 'window.open();' successfully

2023-02-28 14:28:10 - [MESSAGE][PASSED] - Execute JavaScript 'window.open();' successfully

2023-02-28 14:28:10 - [TEST_STEP][PASSED] - currentWindow = getWindowIndex(): Current window's index is: 0

2023-02-28 14:28:10 - [MESSAGE][PASSED] - Current window's index is: 0

2023-02-28 14:28:10 - [TEST_STEP][PASSED] - delay(3): Delayed 3 second(s)

2023-02-28 14:28:13 - [MESSAGE][PASSED] - Delayed 3 second(s)

2023-02-28 14:28:13 - [TEST_STEP][PASSED] - switchToWindowIndex(currentWindow + 1): Switched to window with index: '1'

2023-02-28 14:28:13 - [MESSAGE][PASSED] - Switched to window with index: '1'

2023-02-28 14:28:13 - [TEST_STEP][PASSED] - navigateToUrl("https://www.mailinator.com/"): Navigate to 'https://www.mailinator.com/' successfully

2023-02-28 14:28:21 - [MESSAGE][PASSED] - Navigate to 'https://www.mailinator.com/' successfully

2023-02-28 14:28:21 - [TEST_STEP][PASSED] - delay(3): Delayed 3 second(s)

2023-02-28 14:28:24 - [MESSAGE][PASSED] - Delayed 3 second(s)

2023-02-28 14:28:24 - [TEST_STEP][PASSED] - setText(findTestObject("00-Signup and Activation/zMailinator/input_LOGIN_search"), "testuser02@mailinator.com"): Text 'testuser02@mailinator.com' is set on object 'Object Repository/00-Signup and Activation/zMailinator/input_LOGIN_search'

2023-02-28 14:28:26 - [MESSAGE][PASSED] - Text 'testuser02@mailinator.com' is set on object 'Object Repository/00-Signup and Activation/zMailinator/input_LOGIN_search'

2023-02-28 14:28:26 - [TEST_STEP][PASSED] - click(findTestObject("00-Signup and Activation/zMailinator/gobutton"), STOP_ON_FAILURE): Object: 'Object Repository/00-Signup and Activation/zMailinator/gobutton' is clicked on

2023-02-28 14:28:29 - [MESSAGE][PASSED] - Object: 'Object Repository/00-Signup and Activation/zMailinator/gobutton' is clicked on

2023-02-28 14:28:29 - [TEST_STEP][PASSED] - delay(3): Delayed 3 second(s)

2023-02-28 14:28:32 - [MESSAGE][PASSED] - Delayed 3 second(s)

2023-02-28 14:28:32 - [TEST_STEP][PASSED] - click(findTestObject("00-Signup and Activation/zMailinator/Email - everleagues")): Object: 'Object Repository/00-Signup and Activation/zMailinator/Email - everleagues' is clicked on

2023-02-28 14:28:33 - [MESSAGE][PASSED] - Object: 'Object Repository/00-Signup and Activation/zMailinator/Email - everleagues' is clicked on

2023-02-28 14:28:33 - [TEST_STEP][PASSED] - delay(3): Delayed 3 second(s)

2023-02-28 14:28:36 - [MESSAGE][PASSED] - Delayed 3 second(s)

2023-02-28 14:28:36 - [TEST_STEP][PASSED] - code = getText(findTestObject("Object Repository/06-Teams/For 2FA/2FA code")): Text of object 'Object Repository/06-Teams/For 2FA/2FA code' is: '298200'

2023-02-28 14:28:37 - [MESSAGE][PASSED] - Text of object 'Object Repository/06-Teams/For 2FA/2FA code' is: '298200'

2023-02-28 14:28:38 - [TEST_STEP][PASSED] - delay(3): Delayed 3 second(s)

2023-02-28 14:28:41 - [MESSAGE][PASSED] - Delayed 3 second(s)

2023-02-28 14:28:41 - [TEST_STEP][PASSED] - closeWindowTitle("Mailinator"): Window with title: 'Mailinator' is closed

2023-02-28 14:28:41 - [MESSAGE][PASSED] - Window with title: 'Mailinator' is closed

2023-02-28 14:28:41 - [TEST_STEP][PASSED] - delay(3): Delayed 3 second(s)

2023-02-28 14:28:44 - [MESSAGE][PASSED] - Delayed 3 second(s)

2023-02-28 14:28:44 - [TEST_STEP][PASSED] - switchToWindowIndex(0): Switched to window with index: '0'

2023-02-28 14:28:44 - [MESSAGE][PASSED] - Switched to window with index: '0'

2023-02-28 14:28:44 - [TEST_STEP][PASSED] - delay(3): Delayed 3 second(s)

2023-02-28 14:28:47 - [MESSAGE][PASSED] - Delayed 3 second(s)

2023-02-28 14:28:47 - [TEST_STEP][PASSED] - setText(findTestObject("Object Repository/06-Teams/For 2FA/input_Enter verification code_code"), code): Text '298200' is set on object 'Object Repository/06-Teams/For 2FA/input_Enter verification code_code'

2023-02-28 14:28:49 - [MESSAGE][PASSED] - Text '298200' is set on object 'Object Repository/06-Teams/For 2FA/input_Enter verification code_code'

2023-02-28 14:28:49 - [TEST_STEP][PASSED] - delay(3): Delayed 3 second(s)

2023-02-28 14:28:52 - [MESSAGE][PASSED] - Delayed 3 second(s)

2023-02-28 14:28:52 - [TEST_STEP][PASSED] - click(findTestObject("06-Teams/For 2FA/button_Verify_2FA")): Object: 'Object Repository/06-Teams/For 2FA/button_Verify_2FA' is clicked on

2023-02-28 14:28:53 - [MESSAGE][PASSED] - Object: 'Object Repository/06-Teams/For 2FA/button_Verify_2FA' is clicked on

2023-02-28 14:28:53 - [TEST_STEP][PASSED] - delay(3): Delayed 3 second(s)

2023-02-28 14:28:56 - [MESSAGE][PASSED] - Delayed 3 second(s)

2023-02-28 14:28:56 - [MESSAGE][PASSED] - Call Test Case 'Test Cases/01-Login and Forgot Password/04-Login(Valid Credentials-With Subscription)' successfully

2023-02-28 14:28:56 - [TEST_STEP][PASSED] - click(findTestObject("06-Teams/button_doublearrow")): Object: 'Object Repository/06-Teams/button_doublearrow' is clicked on

2023-02-28 14:29:00 - [MESSAGE][PASSED] - Object: 'Object Repository/06-Teams/button_doublearrow' is clicked on

2023-02-28 14:29:00 - [TEST_STEP][PASSED] - click(findTestObject("06-Teams/button_My Organizations")): Object: 'Object Repository/06-Teams/button_My Organizations' is clicked on

2023-02-28 14:29:02 - [MESSAGE][PASSED] - Object: 'Object Repository/06-Teams/button_My Organizations' is clicked on

2023-02-28 14:29:02 - [TEST_STEP][PASSED] - click(findTestObject("06-Teams/button_GG Automation")): Object: 'Object Repository/06-Teams/button_GG Automation' is clicked on

2023-02-28 14:29:03 - [MESSAGE][PASSED] - Object: 'Object Repository/06-Teams/button_GG Automation' is clicked on

2023-02-28 14:29:03 - [TEST_STEP][PASSED] - delay(3): Delayed 3 second(s)

2023-02-28 14:29:06 - [MESSAGE][PASSED] - Delayed 3 second(s)

2023-02-28 14:29:06 - [TEST_STEP][PASSED] - verifyElementVisible(findTestObject("06-Teams/span_GG Automation")): Object 'Object Repository/06-Teams/span_GG Automation' is visible

2023-02-28 14:29:07 - [MESSAGE][PASSED] - Object 'Object Repository/06-Teams/span_GG Automation' is visible

2023-02-28 14:29:07 - [TEST_STEP][PASSED] - delay(4): Delayed 4 second(s)

2023-02-28 14:29:11 - [MESSAGE][PASSED] - Delayed 4 second(s)

2023-02-28 14:29:11 - [TEST_STEP][PASSED] - click(findTestObject("03-Header Menu/Hamburger Button/div_Settings")): Object: 'Object Repository/03-Header Menu/Hamburger Button/div_Settings' is clicked on

2023-02-28 14:29:12 - [MESSAGE][PASSED] - Object: 'Object Repository/03-Header Menu/Hamburger Button/div_Settings' is clicked on

2023-02-28 14:29:12 - [TEST_STEP][PASSED] - delay(3): Delayed 3 second(s)

2023-02-28 14:29:15 - [MESSAGE][PASSED] - Delayed 3 second(s)

2023-02-28 14:29:15 - [TEST_STEP][PASSED] - scrollToElement(findTestObject("09-Settings/Users/div_Organization Units"), 0): Scroll to object 'Object Repository/09-Settings/Users/div_Organization Units' successfully

2023-02-28 14:29:15 - [MESSAGE][WARNING] - Timeout '0' is invalid. Using default page load timeout: '30'

2023-02-28 14:29:16 - [MESSAGE][PASSED] - Scroll to object 'Object Repository/09-Settings/Users/div_Organization Units' successfully

2023-02-28 14:29:16 - [TEST_STEP][PASSED] - click(findTestObject("09-Settings/Users/div_Organization Units")): Object: 'Object Repository/09-Settings/Users/div_Organization Units' is clicked on

2023-02-28 14:29:18 - [MESSAGE][PASSED] - Object: 'Object Repository/09-Settings/Users/div_Organization Units' is clicked on

2023-02-28 14:29:18 - [TEST_STEP][PASSED] - verifyElementVisible(findTestObject("09-Settings/Organization unit/h4_ORGANIZATION STRUCTURE SETUP")): Object 'Object Repository/09-Settings/Organization unit/h4_ORGANIZATION STRUCTURE SETUP' is visible

2023-02-28 14:29:19 - [MESSAGE][PASSED] - Object 'Object Repository/09-Settings/Organization unit/h4_ORGANIZATION STRUCTURE SETUP' is visible

2023-02-28 14:29:19 - [TEST_STEP][PASSED] - delay(3): Delayed 3 second(s)

2023-02-28 14:29:22 - [MESSAGE][PASSED] - Delayed 3 second(s)

2023-02-28 14:29:22 - [TEST_STEP][PASSED] - click(findTestObject("09-Settings/Organization unit/button_add")): Object: 'Object Repository/09-Settings/Organization unit/button_add' is clicked on

2023-02-28 14:29:23 - [MESSAGE][PASSED] - Object: 'Object Repository/09-Settings/Organization unit/button_add' is clicked on

2023-02-28 14:29:23 - [TEST_STEP][PASSED] - verifyElementPresent(findTestObject("09-Settings/Organization unit/mat-dialog-container_Add organization unit modal"), 0): Object 'Object Repository/09-Settings/Organization unit/mat-dialog-container_Add organization unit modal' is present

2023-02-28 14:29:23 - [MESSAGE][WARNING] - Timeout '0' is invalid. Using default page load timeout: '30'

2023-02-28 14:29:24 - [MESSAGE][PASSED] - Object 'Object Repository/09-Settings/Organization unit/mat-dialog-container_Add organization unit modal' is present

2023-02-28 14:29:24 - [TEST_STEP][PASSED] - verifyElementPresent(findTestObject("09-Settings/Organization unit/h4_Name"), 0): Object 'Object Repository/09-Settings/Organization unit/h4_Name' is present

2023-02-28 14:29:24 - [MESSAGE][WARNING] - Timeout '0' is invalid. Using default page load timeout: '30'

2023-02-28 14:29:25 - [MESSAGE][PASSED] - Object 'Object Repository/09-Settings/Organization unit/h4_Name' is present

2023-02-28 14:29:25 - [TEST_STEP][PASSED] - click(findTestObject("09-Settings/Organization unit/mat-icon_create")): Object: 'Object Repository/09-Settings/Organization unit/mat-icon_create' is clicked on

2023-02-28 14:29:27 - [MESSAGE][PASSED] - Object: 'Object Repository/09-Settings/Organization unit/mat-icon_create' is clicked on

2023-02-28 14:29:27 - [TEST_STEP][PASSED] - verifyElementPresent(findTestObject("09-Settings/Organization unit/mat-dialog-container_Select an organization unit modal"), 0): Object 'Object Repository/09-Settings/Organization unit/mat-dialog-container_Select an organization unit modal' is present

2023-02-28 14:29:27 - [MESSAGE][WARNING] - Timeout '0' is invalid. Using default page load timeout: '30'

2023-02-28 14:29:28 - [MESSAGE][PASSED] - Object 'Object Repository/09-Settings/Organization unit/mat-dialog-container_Select an organization unit modal' is present

2023-02-28 14:29:28 - [TEST_STEP][PASSED] - verifyElementPresent(findTestObject("09-Settings/Organization unit/h4_Select an organization unit"), 0): Object 'Object Repository/09-Settings/Organization unit/h4_Select an organization unit' is present

2023-02-28 14:29:28 - [MESSAGE][WARNING] - Timeout '0' is invalid. Using default page load timeout: '30'

2023-02-28 14:29:28 - [MESSAGE][PASSED] - Object 'Object Repository/09-Settings/Organization unit/h4_Select an organization unit' is present

2023-02-28 14:29:28 - [TEST_STEP][PASSED] - delay(3): Delayed 3 second(s)

2023-02-28 14:29:31 - [MESSAGE][PASSED] - Delayed 3 second(s)

2023-02-28 14:29:31 - [TEST_STEP][PASSED] - click(findTestObject("09-Settings/Organization unit/Cancel button for select an organization unit")): Object: 'Object Repository/09-Settings/Organization unit/Cancel button for select an organization unit' is clicked on

2023-02-28 14:29:32 - [MESSAGE][PASSED] - Object: 'Object Repository/09-Settings/Organization unit/Cancel button for select an organization unit' is clicked on

2023-02-28 14:29:32 - [TEST_STEP][PASSED] - delay(3): Delayed 3 second(s)

2023-02-28 14:29:36 - [MESSAGE][PASSED] - Delayed 3 second(s)

2023-02-28 14:29:36 - [TEST_STEP][PASSED] - click(findTestObject("09-Settings/Organization unit/input_Parent Organization Unit Name_orgName")): Object: 'Object Repository/09-Settings/Organization unit/input_Parent Organization Unit Name_orgName' is clicked on

2023-02-28 14:29:37 - [MESSAGE][PASSED] - Object: 'Object Repository/09-Settings/Organization unit/input_Parent Organization Unit Name_orgName' is clicked on

2023-02-28 14:29:37 - [TEST_STEP][PASSED] - click(findTestObject("09-Settings/Organization unit/mat-dialog-container_Add organization unit modal")): Object: 'Object Repository/09-Settings/Organization unit/mat-dialog-container_Add organization unit modal' is clicked on

2023-02-28 14:29:38 - [MESSAGE][PASSED] - Object: 'Object Repository/09-Settings/Organization unit/mat-dialog-container_Add organization unit modal' is clicked on

2023-02-28 14:29:38 - [TEST_STEP][PASSED] - verifyElementPresent(findTestObject("09-Settings/Organization unit/mat-error_Field is required"), 0): Object 'Object Repository/09-Settings/Organization unit/mat-error_Field is required' is present

2023-02-28 14:29:38 - [MESSAGE][WARNING] - Timeout '0' is invalid. Using default page load timeout: '30'

2023-02-28 14:29:39 - [MESSAGE][PASSED] - Object 'Object Repository/09-Settings/Organization unit/mat-error_Field is required' is present

2023-02-28 14:29:39 - [TEST_STEP][PASSED] - delay(3): Delayed 3 second(s)

2023-02-28 14:29:42 - [MESSAGE][PASSED] - Delayed 3 second(s)

2023-02-28 14:29:42 - [TEST_STEP][PASSED] - click(findTestObject("09-Settings/Users/Active User/button_Cancel_restore")): Object: 'Object Repository/09-Settings/Users/Active User/button_Cancel_restore' is clicked on

2023-02-28 14:29:43 - [MESSAGE][PASSED] - Object: 'Object Repository/09-Settings/Users/Active User/button_Cancel_restore' is clicked on

2023-02-28 14:29:43 - [TEST_STEP][PASSED] - delay(3): Delayed 3 second(s)

2023-02-28 14:29:46 - [MESSAGE][PASSED] - Delayed 3 second(s)

2023-02-28 14:29:46 - [TEST_STEP][PASSED] - click(findTestObject("09-Settings/Organization unit/button_add")): Object: 'Object Repository/09-Settings/Organization unit/button_add' is clicked on

2023-02-28 14:29:47 - [MESSAGE][PASSED] - Object: 'Object Repository/09-Settings/Organization unit/button_add' is clicked on

2023-02-28 14:29:47 - [TEST_STEP][PASSED] - verifyElementPresent(findTestObject("09-Settings/Organization unit/mat-dialog-container_Add organization unit modal"), 0): Object 'Object Repository/09-Settings/Organization unit/mat-dialog-container_Add organization unit modal' is present

2023-02-28 14:29:47 - [MESSAGE][WARNING] - Timeout '0' is invalid. Using default page load timeout: '30'

2023-02-28 14:29:48 - [MESSAGE][PASSED] - Object 'Object Repository/09-Settings/Organization unit/mat-dialog-container_Add organization unit modal' is present

2023-02-28 14:29:48 - [TEST_STEP][PASSED] - click(findTestObject("09-Settings/Organization unit/mat-icon_create")): Object: 'Object Repository/09-Settings/Organization unit/mat-icon_create' is clicked on

2023-02-28 14:29:49 - [MESSAGE][PASSED] - Object: 'Object Repository/09-Settings/Organization unit/mat-icon_create' is clicked on

2023-02-28 14:29:49 - [TEST_STEP][PASSED] - verifyElementPresent(findTestObject("09-Settings/Organization unit/mat-dialog-container_Select an organization unit modal"), 0): Object 'Object Repository/09-Settings/Organization unit/mat-dialog-container_Select an organization unit modal' is present

2023-02-28 14:29:49 - [MESSAGE][WARNING] - Timeout '0' is invalid. Using default page load timeout: '30'

2023-02-28 14:29:49 - [MESSAGE][PASSED] - Object 'Object Repository/09-Settings/Organization unit/mat-dialog-container_Select an organization unit modal' is present

2023-02-28 14:29:50 - [TEST_STEP][PASSED] - verifyElementPresent(findTestObject("09-Settings/Organization unit/h4_Select an organization unit"), 0): Object 'Object Repository/09-Settings/Organization unit/h4_Select an organization unit' is present

2023-02-28 14:29:50 - [MESSAGE][WARNING] - Timeout '0' is invalid. Using default page load timeout: '30'

2023-02-28 14:29:50 - [MESSAGE][PASSED] - Object 'Object Repository/09-Settings/Organization unit/h4_Select an organization unit' is present

2023-02-28 14:29:50 - [TEST_STEP][PASSED] - click(findTestObject("09-Settings/Organization unit/div_GG Automation")): Object: 'Object Repository/09-Settings/Organization unit/div_GG Automation' is clicked on

2023-02-28 14:29:51 - [MESSAGE][PASSED] - Object: 'Object Repository/09-Settings/Organization unit/div_GG Automation' is clicked on

2023-02-28 14:29:51 - [TEST_STEP][PASSED] - delay(3): Delayed 3 second(s)

2023-02-28 14:29:54 - [MESSAGE][PASSED] - Delayed 3 second(s)

2023-02-28 14:29:54 - [TEST_STEP][PASSED] - click(findTestObject("09-Settings/Organization unit/button_Select organization")): Object: 'Object Repository/09-Settings/Organization unit/button_Select organization' is clicked on

2023-02-28 14:29:56 - [MESSAGE][PASSED] - Object: 'Object Repository/09-Settings/Organization unit/button_Select organization' is clicked on

2023-02-28 14:29:56 - [TEST_STEP][PASSED] - setText(findTestObject("09-Settings/Organization unit/input_Parent Organization Unit Name_orgName"), "Automation Organization unit"): Text 'Automation Organization unit' is set on object 'Object Repository/09-Settings/Organization unit/input_Parent Organization Unit Name_orgName'

2023-02-28 14:29:59 - [MESSAGE][PASSED] - Text 'Automation Organization unit' is set on object 'Object Repository/09-Settings/Organization unit/input_Parent Organization Unit Name_orgName'

2023-02-28 14:29:59 - [TEST_STEP][PASSED] - delay(3): Delayed 3 second(s)

2023-02-28 14:30:02 - [MESSAGE][PASSED] - Delayed 3 second(s)

2023-02-28 14:30:02 - [TEST_STEP][PASSED] - click(findTestObject("09-Settings/Users/Active User/button_Save")): Object: 'Object Repository/09-Settings/Users/Active User/button_Save' is clicked on

2023-02-28 14:30:03 - [MESSAGE][PASSED] - Object: 'Object Repository/09-Settings/Users/Active User/button_Save' is clicked on

2023-02-28 14:30:03 - [TEST_STEP][PASSED] - verifyElementPresent(findTestObject("09-Settings/Organization unit/span_Successfully added organization unit"), 0): Object 'Object Repository/09-Settings/Organization unit/span_Successfully added organization unit' is present

2023-02-28 14:30:03 - [MESSAGE][WARNING] - Timeout '0' is invalid. Using default page load timeout: '30'

2023-02-28 14:30:07 - [MESSAGE][PASSED] - Object 'Object Repository/09-Settings/Organization unit/span_Successfully added organization unit' is present

2023-02-28 14:30:07 - [TEST_STEP][PASSED] - delay(3): Delayed 3 second(s)

2023-02-28 14:30:10 - [MESSAGE][PASSED] - Delayed 3 second(s)]]></system-out>
         <system-err><![CDATA[]]></system-err>
      </testcase>
      <testcase name="Test Cases/09-Settings/20 - Organization unit - Join Request Link" time="81.984" classname="Test Cases/09-Settings/20 - Organization unit - Join Request Link" status="PASSED">
         <system-out><![CDATA[2023-02-28 14:30:10 - [TEST_CASE][PASSED] - Test Cases/09-Settings/20 - Organization unit - Join Request Link: Test Cases/09-Settings/20 - Organization unit - Join Request Link

2023-02-28 14:30:13 - [TEST_STEP][PASSED] - delay(3): Delayed 3 second(s)

2023-02-28 14:30:16 - [MESSAGE][PASSED] - Delayed 3 second(s)

2023-02-28 14:30:16 - [TEST_STEP][PASSED] - mouseOver(findTestObject("09-Settings/Organization unit/div_GG TESTER")): Object: 'Object Repository/09-Settings/Organization unit/div_GG TESTER' is hovered

2023-02-28 14:30:17 - [MESSAGE][PASSED] - Object: 'Object Repository/09-Settings/Organization unit/div_GG TESTER' is hovered

2023-02-28 14:30:17 - [TEST_STEP][PASSED] - delay(4): Delayed 4 second(s)

2023-02-28 14:30:21 - [MESSAGE][PASSED] - Delayed 4 second(s)

2023-02-28 14:30:21 - [TEST_STEP][PASSED] - click(findTestObject("09-Settings/Organization unit/div_GG TESTER")): Object: 'Object Repository/09-Settings/Organization unit/div_GG TESTER' is clicked on

2023-02-28 14:30:22 - [MESSAGE][PASSED] - Object: 'Object Repository/09-Settings/Organization unit/div_GG TESTER' is clicked on

2023-02-28 14:30:22 - [TEST_STEP][PASSED] - delay(3): Delayed 3 second(s)

2023-02-28 14:30:25 - [MESSAGE][PASSED] - Delayed 3 second(s)

2023-02-28 14:30:25 - [TEST_STEP][PASSED] - click(findTestObject("09-Settings/Organization unit/button_link")): Object: 'Object Repository/09-Settings/Organization unit/button_link' is clicked on

2023-02-28 14:30:27 - [MESSAGE][PASSED] - Object: 'Object Repository/09-Settings/Organization unit/button_link' is clicked on

2023-02-28 14:30:27 - [TEST_STEP][PASSED] - verifyElementPresent(findTestObject("09-Settings/Organization unit/mat-dialog-container_Join Request modal"), 0): Object 'Object Repository/09-Settings/Organization unit/mat-dialog-container_Join Request modal' is present

2023-02-28 14:30:27 - [MESSAGE][WARNING] - Timeout '0' is invalid. Using default page load timeout: '30'

2023-02-28 14:30:28 - [MESSAGE][PASSED] - Object 'Object Repository/09-Settings/Organization unit/mat-dialog-container_Join Request modal' is present

2023-02-28 14:30:28 - [TEST_STEP][PASSED] - verifyElementPresent(findTestObject("09-Settings/Organization unit/h2_Join Request"), 0): Object 'Object Repository/09-Settings/Organization unit/h2_Join Request' is present

2023-02-28 14:30:29 - [MESSAGE][WARNING] - Timeout '0' is invalid. Using default page load timeout: '30'

2023-02-28 14:30:29 - [MESSAGE][PASSED] - Object 'Object Repository/09-Settings/Organization unit/h2_Join Request' is present

2023-02-28 14:30:29 - [TEST_STEP][PASSED] - verifyElementPresent(findTestObject("09-Settings/Organization unit/div_Client link"), 0): Object 'Object Repository/09-Settings/Organization unit/div_Client link' is present

2023-02-28 14:30:29 - [MESSAGE][WARNING] - Timeout '0' is invalid. Using default page load timeout: '30'

2023-02-28 14:30:29 - [MESSAGE][PASSED] - Object 'Object Repository/09-Settings/Organization unit/div_Client link' is present

2023-02-28 14:30:29 - [TEST_STEP][PASSED] - verifyElementPresent(findTestObject("09-Settings/Organization unit/div_Partner link"), 0): Object 'Object Repository/09-Settings/Organization unit/div_Partner link' is present

2023-02-28 14:30:30 - [MESSAGE][WARNING] - Timeout '0' is invalid. Using default page load timeout: '30'

2023-02-28 14:30:30 - [MESSAGE][PASSED] - Object 'Object Repository/09-Settings/Organization unit/div_Partner link' is present

2023-02-28 14:30:30 - [TEST_STEP][PASSED] - delay(3): Delayed 3 second(s)

2023-02-28 14:30:33 - [MESSAGE][PASSED] - Delayed 3 second(s)

2023-02-28 14:30:33 - [TEST_STEP][PASSED] - click(findTestObject("09-Settings/Organization unit/button_COPY")): Object: 'Object Repository/09-Settings/Organization unit/button_COPY' is clicked on

2023-02-28 14:30:34 - [MESSAGE][PASSED] - Object: 'Object Repository/09-Settings/Organization unit/button_COPY' is clicked on

2023-02-28 14:30:34 - [TEST_STEP][PASSED] - verifyElementPresent(findTestObject("09-Settings/Organization unit/snack-bar-container_Copy Link"), 0): Object 'Object Repository/09-Settings/Organization unit/snack-bar-container_Copy Link' is present

2023-02-28 14:30:34 - [MESSAGE][WARNING] - Timeout '0' is invalid. Using default page load timeout: '30'

2023-02-28 14:30:35 - [MESSAGE][PASSED] - Object 'Object Repository/09-Settings/Organization unit/snack-bar-container_Copy Link' is present

2023-02-28 14:30:35 - [TEST_STEP][PASSED] - click(findTestObject("09-Settings/Organization unit/button_Ok")): Object: 'Object Repository/09-Settings/Organization unit/button_Ok' is clicked on

2023-02-28 14:30:36 - [MESSAGE][PASSED] - Object: 'Object Repository/09-Settings/Organization unit/button_Ok' is clicked on

2023-02-28 14:30:36 - [TEST_STEP][PASSED] - delay(3): Delayed 3 second(s)

2023-02-28 14:30:39 - [MESSAGE][PASSED] - Delayed 3 second(s)

2023-02-28 14:30:39 - [TEST_STEP][PASSED] - my_clipboard = getContents(null).getTransferData(stringFlavor): null

2023-02-28 14:30:40 - [TEST_STEP][PASSED] - navigateToUrl(my_clipboard): Navigate to 'https://xukp7.app.goo.gl/qYWp' successfully

2023-02-28 14:31:12 - [MESSAGE][PASSED] - Navigate to 'https://xukp7.app.goo.gl/qYWp' successfully

2023-02-28 14:31:12 - [TEST_STEP][PASSED] - delay(3): Delayed 3 second(s)

2023-02-28 14:31:15 - [MESSAGE][PASSED] - Delayed 3 second(s)

2023-02-28 14:31:15 - [TEST_STEP][PASSED] - verifyElementPresent(findTestObject("09-Settings/Organization unit/mat_card_join request link"), 0): Object 'Object Repository/09-Settings/Organization unit/mat_card_join request link' is present

2023-02-28 14:31:17 - [MESSAGE][WARNING] - Timeout '0' is invalid. Using default page load timeout: '30'

2023-02-28 14:31:18 - [MESSAGE][PASSED] - Object 'Object Repository/09-Settings/Organization unit/mat_card_join request link' is present

2023-02-28 14:31:18 - [TEST_STEP][PASSED] - delay(3): Delayed 3 second(s)

2023-02-28 14:31:21 - [MESSAGE][PASSED] - Delayed 3 second(s)

2023-02-28 14:31:21 - [TEST_STEP][PASSED] - navigateToUrl("https://lab.everleagues.com/"): Navigate to 'https://lab.everleagues.com/' successfully

2023-02-28 14:31:29 - [MESSAGE][PASSED] - Navigate to 'https://lab.everleagues.com/' successfully

2023-02-28 14:31:29 - [TEST_STEP][PASSED] - delay(3): Delayed 3 second(s)

2023-02-28 14:31:32 - [MESSAGE][PASSED] - Delayed 3 second(s)]]></system-out>
         <system-err><![CDATA[]]></system-err>
      </testcase>
      <testcase name="Test Cases/09-Settings/21 - Organization unit - Edit Oganization unit" time="92.085" classname="Test Cases/09-Settings/21 - Organization unit - Edit Oganization unit" status="PASSED">
         <system-out><![CDATA[2023-02-28 14:31:32 - [TEST_CASE][PASSED] - Test Cases/09-Settings/21 - Organization unit - Edit Oganization unit: Test Cases/09-Settings/21 - Organization unit - Edit Oganization unit

2023-02-28 14:31:39 - [TEST_STEP][PASSED] - click(findTestObject("06-Teams/button_doublearrow")): Object: 'Object Repository/06-Teams/button_doublearrow' is clicked on

2023-02-28 14:31:49 - [MESSAGE][PASSED] - Object: 'Object Repository/06-Teams/button_doublearrow' is clicked on

2023-02-28 14:31:49 - [TEST_STEP][PASSED] - click(findTestObject("06-Teams/button_My Organizations")): Object: 'Object Repository/06-Teams/button_My Organizations' is clicked on

2023-02-28 14:31:50 - [MESSAGE][PASSED] - Object: 'Object Repository/06-Teams/button_My Organizations' is clicked on

2023-02-28 14:31:50 - [TEST_STEP][PASSED] - click(findTestObject("06-Teams/button_GG Automation")): Object: 'Object Repository/06-Teams/button_GG Automation' is clicked on

2023-02-28 14:31:52 - [MESSAGE][PASSED] - Object: 'Object Repository/06-Teams/button_GG Automation' is clicked on

2023-02-28 14:31:52 - [TEST_STEP][PASSED] - delay(3): Delayed 3 second(s)

2023-02-28 14:31:55 - [MESSAGE][PASSED] - Delayed 3 second(s)

2023-02-28 14:31:55 - [TEST_STEP][PASSED] - verifyElementVisible(findTestObject("06-Teams/span_GG Automation")): Object 'Object Repository/06-Teams/span_GG Automation' is visible

2023-02-28 14:31:55 - [MESSAGE][PASSED] - Object 'Object Repository/06-Teams/span_GG Automation' is visible

2023-02-28 14:31:55 - [TEST_STEP][PASSED] - delay(4): Delayed 4 second(s)

2023-02-28 14:31:59 - [MESSAGE][PASSED] - Delayed 4 second(s)

2023-02-28 14:31:59 - [TEST_STEP][PASSED] - click(findTestObject("03-Header Menu/Hamburger Button/div_Settings")): Object: 'Object Repository/03-Header Menu/Hamburger Button/div_Settings' is clicked on

2023-02-28 14:32:01 - [MESSAGE][PASSED] - Object: 'Object Repository/03-Header Menu/Hamburger Button/div_Settings' is clicked on

2023-02-28 14:32:01 - [TEST_STEP][PASSED] - delay(3): Delayed 3 second(s)

2023-02-28 14:32:04 - [MESSAGE][PASSED] - Delayed 3 second(s)

2023-02-28 14:32:04 - [TEST_STEP][PASSED] - scrollToElement(findTestObject("09-Settings/Users/div_Organization Units"), 0): Scroll to object 'Object Repository/09-Settings/Users/div_Organization Units' successfully

2023-02-28 14:32:04 - [MESSAGE][WARNING] - Timeout '0' is invalid. Using default page load timeout: '30'

2023-02-28 14:32:04 - [MESSAGE][PASSED] - Scroll to object 'Object Repository/09-Settings/Users/div_Organization Units' successfully

2023-02-28 14:32:04 - [TEST_STEP][PASSED] - click(findTestObject("09-Settings/Users/div_Organization Units")): Object: 'Object Repository/09-Settings/Users/div_Organization Units' is clicked on

2023-02-28 14:32:06 - [MESSAGE][PASSED] - Object: 'Object Repository/09-Settings/Users/div_Organization Units' is clicked on

2023-02-28 14:32:06 - [TEST_STEP][PASSED] - verifyElementVisible(findTestObject("09-Settings/Organization unit/h4_ORGANIZATION STRUCTURE SETUP")): Object 'Object Repository/09-Settings/Organization unit/h4_ORGANIZATION STRUCTURE SETUP' is visible

2023-02-28 14:32:07 - [MESSAGE][PASSED] - Object 'Object Repository/09-Settings/Organization unit/h4_ORGANIZATION STRUCTURE SETUP' is visible

2023-02-28 14:32:07 - [TEST_STEP][PASSED] - delay(3): Delayed 3 second(s)

2023-02-28 14:32:10 - [MESSAGE][PASSED] - Delayed 3 second(s)

2023-02-28 14:32:10 - [TEST_STEP][PASSED] - mouseOver(findTestObject("09-Settings/Organization unit/div_GG TESTER")): Object: 'Object Repository/09-Settings/Organization unit/div_GG TESTER' is hovered

2023-02-28 14:32:11 - [MESSAGE][PASSED] - Object: 'Object Repository/09-Settings/Organization unit/div_GG TESTER' is hovered

2023-02-28 14:32:11 - [TEST_STEP][PASSED] - delay(3): Delayed 3 second(s)

2023-02-28 14:32:14 - [MESSAGE][PASSED] - Delayed 3 second(s)

2023-02-28 14:32:14 - [TEST_STEP][PASSED] - click(findTestObject("09-Settings/Organization unit/div_GG TESTER")): Object: 'Object Repository/09-Settings/Organization unit/div_GG TESTER' is clicked on

2023-02-28 14:32:15 - [MESSAGE][PASSED] - Object: 'Object Repository/09-Settings/Organization unit/div_GG TESTER' is clicked on

2023-02-28 14:32:15 - [TEST_STEP][PASSED] - delay(3): Delayed 3 second(s)

2023-02-28 14:32:18 - [MESSAGE][PASSED] - Delayed 3 second(s)

2023-02-28 14:32:18 - [TEST_STEP][PASSED] - click(findTestObject("09-Settings/Users/Active User/button_ellipses")): Object: 'Object Repository/09-Settings/Users/Active User/button_ellipses' is clicked on

2023-02-28 14:32:19 - [MESSAGE][PASSED] - Object: 'Object Repository/09-Settings/Users/Active User/button_ellipses' is clicked on

2023-02-28 14:32:19 - [TEST_STEP][PASSED] - delay(3): Delayed 3 second(s)

2023-02-28 14:32:22 - [MESSAGE][PASSED] - Delayed 3 second(s)

2023-02-28 14:32:22 - [TEST_STEP][PASSED] - click(findTestObject("09-Settings/Organization unit/button_Edit Organization Unit")): Object: 'Object Repository/09-Settings/Organization unit/button_Edit Organization Unit' is clicked on

2023-02-28 14:32:24 - [MESSAGE][PASSED] - Object: 'Object Repository/09-Settings/Organization unit/button_Edit Organization Unit' is clicked on

2023-02-28 14:32:24 - [TEST_STEP][PASSED] - verifyElementVisible(findTestObject("09-Settings/Organization unit/mat-dialog-container_Edit Organization Unit modal"), STOP_ON_FAILURE): Object 'Object Repository/09-Settings/Organization unit/mat-dialog-container_Edit Organization Unit modal' is visible

2023-02-28 14:32:25 - [MESSAGE][PASSED] - Object 'Object Repository/09-Settings/Organization unit/mat-dialog-container_Edit Organization Unit modal' is visible

2023-02-28 14:32:25 - [TEST_STEP][PASSED] - verifyElementVisible(findTestObject("09-Settings/Organization unit/h4_Edit Organization Unit"), STOP_ON_FAILURE): Object 'Object Repository/09-Settings/Organization unit/h4_Edit Organization Unit' is visible

2023-02-28 14:32:25 - [MESSAGE][PASSED] - Object 'Object Repository/09-Settings/Organization unit/h4_Edit Organization Unit' is visible

2023-02-28 14:32:25 - [TEST_STEP][PASSED] - verifyElementVisible(findTestObject("09-Settings/Organization unit/input_Edit Organization Unit_orgName"), STOP_ON_FAILURE): Object 'Object Repository/09-Settings/Organization unit/input_Edit Organization Unit_orgName' is visible

2023-02-28 14:32:26 - [MESSAGE][PASSED] - Object 'Object Repository/09-Settings/Organization unit/input_Edit Organization Unit_orgName' is visible

2023-02-28 14:32:26 - [TEST_STEP][PASSED] - click(findTestObject("09-Settings/Users/Active User/button_Cancel_restore"), STOP_ON_FAILURE): Object: 'Object Repository/09-Settings/Users/Active User/button_Cancel_restore' is clicked on

2023-02-28 14:32:27 - [MESSAGE][PASSED] - Object: 'Object Repository/09-Settings/Users/Active User/button_Cancel_restore' is clicked on

2023-02-28 14:32:27 - [TEST_STEP][PASSED] - delay(3): Delayed 3 second(s)

2023-02-28 14:32:30 - [MESSAGE][PASSED] - Delayed 3 second(s)

2023-02-28 14:32:30 - [TEST_STEP][PASSED] - mouseOver(findTestObject("09-Settings/Organization unit/div_GG TESTER")): Object: 'Object Repository/09-Settings/Organization unit/div_GG TESTER' is hovered

2023-02-28 14:32:31 - [MESSAGE][PASSED] - Object: 'Object Repository/09-Settings/Organization unit/div_GG TESTER' is hovered

2023-02-28 14:32:31 - [TEST_STEP][PASSED] - delay(3): Delayed 3 second(s)

2023-02-28 14:32:34 - [MESSAGE][PASSED] - Delayed 3 second(s)

2023-02-28 14:32:34 - [TEST_STEP][PASSED] - click(findTestObject("09-Settings/Users/Active User/button_ellipses")): Object: 'Object Repository/09-Settings/Users/Active User/button_ellipses' is clicked on

2023-02-28 14:32:35 - [MESSAGE][PASSED] - Object: 'Object Repository/09-Settings/Users/Active User/button_ellipses' is clicked on

2023-02-28 14:32:35 - [TEST_STEP][PASSED] - click(findTestObject("09-Settings/Organization unit/button_Edit Organization Unit")): Object: 'Object Repository/09-Settings/Organization unit/button_Edit Organization Unit' is clicked on

2023-02-28 14:32:36 - [MESSAGE][PASSED] - Object: 'Object Repository/09-Settings/Organization unit/button_Edit Organization Unit' is clicked on

2023-02-28 14:32:36 - [TEST_STEP][PASSED] - verifyElementVisible(findTestObject("09-Settings/Organization unit/mat-dialog-container_Edit Organization Unit modal"), STOP_ON_FAILURE): Object 'Object Repository/09-Settings/Organization unit/mat-dialog-container_Edit Organization Unit modal' is visible

2023-02-28 14:32:37 - [MESSAGE][PASSED] - Object 'Object Repository/09-Settings/Organization unit/mat-dialog-container_Edit Organization Unit modal' is visible

2023-02-28 14:32:37 - [TEST_STEP][PASSED] - setText(findTestObject("09-Settings/Organization unit/input_Edit Organization Unit_orgName"), "Automation Organization unit EDIT"): Text 'Automation Organization unit EDIT' is set on object 'Object Repository/09-Settings/Organization unit/input_Edit Organization Unit_orgName'

2023-02-28 14:32:40 - [MESSAGE][PASSED] - Text 'Automation Organization unit EDIT' is set on object 'Object Repository/09-Settings/Organization unit/input_Edit Organization Unit_orgName'

2023-02-28 14:32:40 - [TEST_STEP][PASSED] - delay(3): Delayed 3 second(s)

2023-02-28 14:32:43 - [MESSAGE][PASSED] - Delayed 3 second(s)

2023-02-28 14:32:43 - [TEST_STEP][PASSED] - click(findTestObject("09-Settings/Users/Active User/button_Save")): Object: 'Object Repository/09-Settings/Users/Active User/button_Save' is clicked on

2023-02-28 14:32:44 - [MESSAGE][PASSED] - Object: 'Object Repository/09-Settings/Users/Active User/button_Save' is clicked on

2023-02-28 14:32:44 - [TEST_STEP][PASSED] - verifyElementVisible(findTestObject("09-Settings/Organization unit/snack-bar-container_Successfully updated organization unitOK"), STOP_ON_FAILURE): Object 'Object Repository/09-Settings/Organization unit/snack-bar-container_Successfully updated organization unitOK' is visible

2023-02-28 14:32:45 - [MESSAGE][PASSED] - Object 'Object Repository/09-Settings/Organization unit/snack-bar-container_Successfully updated organization unitOK' is visible

2023-02-28 14:32:45 - [TEST_STEP][PASSED] - delay(3): Delayed 3 second(s)

2023-02-28 14:32:48 - [MESSAGE][PASSED] - Delayed 3 second(s)

2023-02-28 14:32:48 - [TEST_STEP][PASSED] - mouseOver(findTestObject("09-Settings/Organization unit/div_GG TESTER")): Object: 'Object Repository/09-Settings/Organization unit/div_GG TESTER' is hovered

2023-02-28 14:32:50 - [MESSAGE][PASSED] - Object: 'Object Repository/09-Settings/Organization unit/div_GG TESTER' is hovered

2023-02-28 14:32:50 - [TEST_STEP][PASSED] - delay(3): Delayed 3 second(s)

2023-02-28 14:32:53 - [MESSAGE][PASSED] - Delayed 3 second(s)

2023-02-28 14:32:53 - [TEST_STEP][PASSED] - click(findTestObject("09-Settings/Users/Active User/button_ellipses")): Object: 'Object Repository/09-Settings/Users/Active User/button_ellipses' is clicked on

2023-02-28 14:32:54 - [MESSAGE][PASSED] - Object: 'Object Repository/09-Settings/Users/Active User/button_ellipses' is clicked on

2023-02-28 14:32:54 - [TEST_STEP][PASSED] - click(findTestObject("09-Settings/Organization unit/button_Edit Organization Unit")): Object: 'Object Repository/09-Settings/Organization unit/button_Edit Organization Unit' is clicked on

2023-02-28 14:32:55 - [MESSAGE][PASSED] - Object: 'Object Repository/09-Settings/Organization unit/button_Edit Organization Unit' is clicked on

2023-02-28 14:32:55 - [TEST_STEP][PASSED] - setText(findTestObject("09-Settings/Organization unit/input_Edit Organization Unit_orgName"), "Automation Organization unit"): Text 'Automation Organization unit' is set on object 'Object Repository/09-Settings/Organization unit/input_Edit Organization Unit_orgName'

2023-02-28 14:32:57 - [MESSAGE][PASSED] - Text 'Automation Organization unit' is set on object 'Object Repository/09-Settings/Organization unit/input_Edit Organization Unit_orgName'

2023-02-28 14:32:57 - [TEST_STEP][PASSED] - delay(3): Delayed 3 second(s)

2023-02-28 14:33:00 - [MESSAGE][PASSED] - Delayed 3 second(s)

2023-02-28 14:33:00 - [TEST_STEP][PASSED] - click(findTestObject("09-Settings/Users/Active User/button_Save")): Object: 'Object Repository/09-Settings/Users/Active User/button_Save' is clicked on

2023-02-28 14:33:01 - [MESSAGE][PASSED] - Object: 'Object Repository/09-Settings/Users/Active User/button_Save' is clicked on

2023-02-28 14:33:01 - [TEST_STEP][PASSED] - delay(3): Delayed 3 second(s)

2023-02-28 14:33:04 - [MESSAGE][PASSED] - Delayed 3 second(s)]]></system-out>
         <system-err><![CDATA[]]></system-err>
      </testcase>
      <testcase name="Test Cases/09-Settings/22 - Organization unit - Delete Organization unit" time="46.402" classname="Test Cases/09-Settings/22 - Organization unit - Delete Organization unit" status="PASSED">
         <system-out><![CDATA[2023-02-28 14:33:04 - [TEST_CASE][PASSED] - Test Cases/09-Settings/22 - Organization unit - Delete Organization unit: Test Cases/09-Settings/22 - Organization unit - Delete Organization unit

2023-02-28 14:33:07 - [TEST_STEP][PASSED] - delay(3): Delayed 3 second(s)

2023-02-28 14:33:10 - [MESSAGE][PASSED] - Delayed 3 second(s)

2023-02-28 14:33:10 - [TEST_STEP][PASSED] - mouseOver(findTestObject("09-Settings/Organization unit/div_GG TESTER")): Object: 'Object Repository/09-Settings/Organization unit/div_GG TESTER' is hovered

2023-02-28 14:33:11 - [MESSAGE][PASSED] - Object: 'Object Repository/09-Settings/Organization unit/div_GG TESTER' is hovered

2023-02-28 14:33:11 - [TEST_STEP][PASSED] - delay(3): Delayed 3 second(s)

2023-02-28 14:33:14 - [MESSAGE][PASSED] - Delayed 3 second(s)

2023-02-28 14:33:14 - [TEST_STEP][PASSED] - click(findTestObject("09-Settings/Organization unit/div_GG TESTER")): Object: 'Object Repository/09-Settings/Organization unit/div_GG TESTER' is clicked on

2023-02-28 14:33:15 - [MESSAGE][PASSED] - Object: 'Object Repository/09-Settings/Organization unit/div_GG TESTER' is clicked on

2023-02-28 14:33:15 - [TEST_STEP][PASSED] - delay(3): Delayed 3 second(s)

2023-02-28 14:33:18 - [MESSAGE][PASSED] - Delayed 3 second(s)

2023-02-28 14:33:18 - [TEST_STEP][PASSED] - click(findTestObject("09-Settings/Users/Active User/button_ellipses")): Object: 'Object Repository/09-Settings/Users/Active User/button_ellipses' is clicked on

2023-02-28 14:33:19 - [MESSAGE][PASSED] - Object: 'Object Repository/09-Settings/Users/Active User/button_ellipses' is clicked on

2023-02-28 14:33:19 - [TEST_STEP][PASSED] - delay(3): Delayed 3 second(s)

2023-02-28 14:33:22 - [MESSAGE][PASSED] - Delayed 3 second(s)

2023-02-28 14:33:22 - [TEST_STEP][PASSED] - click(findTestObject("09-Settings/Organization unit/button_Delete Organization Unit")): Object: 'Object Repository/09-Settings/Organization unit/button_Delete Organization Unit' is clicked on

2023-02-28 14:33:23 - [MESSAGE][PASSED] - Object: 'Object Repository/09-Settings/Organization unit/button_Delete Organization Unit' is clicked on

2023-02-28 14:33:23 - [TEST_STEP][PASSED] - verifyElementVisible(findTestObject("09-Settings/Organization unit/mat-dialog-container_Delete Organization Unit modal"), STOP_ON_FAILURE): Object 'Object Repository/09-Settings/Organization unit/mat-dialog-container_Delete Organization Unit modal' is visible

2023-02-28 14:33:24 - [MESSAGE][PASSED] - Object 'Object Repository/09-Settings/Organization unit/mat-dialog-container_Delete Organization Unit modal' is visible

2023-02-28 14:33:24 - [TEST_STEP][PASSED] - verifyElementVisible(findTestObject("09-Settings/Organization unit/h4_Delete Organization Unit"), STOP_ON_FAILURE): Object 'Object Repository/09-Settings/Organization unit/h4_Delete Organization Unit' is visible

2023-02-28 14:33:25 - [MESSAGE][PASSED] - Object 'Object Repository/09-Settings/Organization unit/h4_Delete Organization Unit' is visible

2023-02-28 14:33:25 - [TEST_STEP][PASSED] - verifyElementVisible(findTestObject("09-Settings/Organization unit/span_Warning All resources associated with this root organization will be permanently deleted"), STOP_ON_FAILURE): Object 'Object Repository/09-Settings/Organization unit/span_Warning All resources associated with this root organization will be permanently deleted' is visible

2023-02-28 14:33:25 - [MESSAGE][PASSED] - Object 'Object Repository/09-Settings/Organization unit/span_Warning All resources associated with this root organization will be permanently deleted' is visible

2023-02-28 14:33:25 - [TEST_STEP][PASSED] - delay(1): Delayed 1 second(s)

2023-02-28 14:33:27 - [MESSAGE][PASSED] - Delayed 1 second(s)

2023-02-28 14:33:27 - [TEST_STEP][PASSED] - click(findTestObject("09-Settings/Users/Active User/button_Cancel_restore"), STOP_ON_FAILURE): Object: 'Object Repository/09-Settings/Users/Active User/button_Cancel_restore' is clicked on

2023-02-28 14:33:28 - [MESSAGE][PASSED] - Object: 'Object Repository/09-Settings/Users/Active User/button_Cancel_restore' is clicked on

2023-02-28 14:33:28 - [TEST_STEP][PASSED] - delay(2): Delayed 2 second(s)

2023-02-28 14:33:30 - [MESSAGE][PASSED] - Delayed 2 second(s)

2023-02-28 14:33:30 - [TEST_STEP][PASSED] - mouseOver(findTestObject("09-Settings/Organization unit/div_GG TESTER")): Object: 'Object Repository/09-Settings/Organization unit/div_GG TESTER' is hovered

2023-02-28 14:33:31 - [MESSAGE][PASSED] - Object: 'Object Repository/09-Settings/Organization unit/div_GG TESTER' is hovered

2023-02-28 14:33:31 - [TEST_STEP][PASSED] - click(findTestObject("09-Settings/Users/Active User/button_ellipses")): Object: 'Object Repository/09-Settings/Users/Active User/button_ellipses' is clicked on

2023-02-28 14:33:32 - [MESSAGE][PASSED] - Object: 'Object Repository/09-Settings/Users/Active User/button_ellipses' is clicked on

2023-02-28 14:33:32 - [TEST_STEP][PASSED] - delay(2): Delayed 2 second(s)

2023-02-28 14:33:34 - [MESSAGE][PASSED] - Delayed 2 second(s)

2023-02-28 14:33:34 - [TEST_STEP][PASSED] - click(findTestObject("09-Settings/Organization unit/button_Delete Organization Unit")): Object: 'Object Repository/09-Settings/Organization unit/button_Delete Organization Unit' is clicked on

2023-02-28 14:33:35 - [MESSAGE][PASSED] - Object: 'Object Repository/09-Settings/Organization unit/button_Delete Organization Unit' is clicked on

2023-02-28 14:33:35 - [TEST_STEP][PASSED] - delay(3): Delayed 3 second(s)

2023-02-28 14:33:38 - [MESSAGE][PASSED] - Delayed 3 second(s)

2023-02-28 14:33:38 - [TEST_STEP][PASSED] - click(findTestObject("09-Settings/Users/Active User/button_Delete")): Object: 'Object Repository/09-Settings/Users/Active User/button_Delete' is clicked on

2023-02-28 14:33:38 - [MESSAGE][PASSED] - Object: 'Object Repository/09-Settings/Users/Active User/button_Delete' is clicked on

2023-02-28 14:33:38 - [TEST_STEP][PASSED] - verifyElementVisible(findTestObject("09-Settings/Organization unit/snack-bar-container_Successfully deleted organization unitOK"), STOP_ON_FAILURE): Object 'Object Repository/09-Settings/Organization unit/snack-bar-container_Successfully deleted organization unitOK' is visible

2023-02-28 14:33:41 - [MESSAGE][PASSED] - Object 'Object Repository/09-Settings/Organization unit/snack-bar-container_Successfully deleted organization unitOK' is visible

2023-02-28 14:33:41 - [TEST_STEP][PASSED] - delay(5): Delayed 5 second(s)

2023-02-28 14:33:46 - [MESSAGE][PASSED] - Delayed 5 second(s)

2023-02-28 14:33:46 - [TEST_STEP][PASSED] - closeBrowser(): Browser is closed

2023-02-28 14:33:51 - [MESSAGE][PASSED] - Browser is closed]]></system-out>
         <system-err><![CDATA[]]></system-err>
      </testcase>
      <system-out><![CDATA[2023-02-28 14:27:06 - [TEST_SUITE][PASSED] - 09.4 - Settings (Organization unit): Test Cases/09-Settings/22 - Organization unit - Delete Organization unit]]></system-out>
      <system-err><![CDATA[]]></system-err>
   </testsuite>
</testsuites>
