<?xml version="1.0" encoding="UTF-8"?>
<testsuites name="06-Teams" time="596.45" tests="2" failures="0" errors="0">
   <testsuite name="06-Teams" tests="2" failures="0" errors="0" time="596.45" skipped="0" timestamp="2022-03-18 18:27:16" hostname="User - DESKTOP-QCRNR4M" id="Test Suites/TS-Organization/06-Teams">
      <properties>
         <property name="deviceName" value=""/>
         <property name="devicePlatform" value=""/>
         <property name="logFolder" value="C:\\Users\\User\\Katalon Studio\\EverleaguesMain\\Reports\\20220318_182713\\TS-Organization\\06-Teams\\20220318_182713"/>
         <property name="logFiles" value="C:\\Users\\User\\Katalon Studio\\EverleaguesMain\\Reports\\20220318_182713\\TS-Organization\\06-Teams\\20220318_182713\\execution0.log"/>
         <property name="attachments" value=""/>
         <property name="hostName" value="User - DESKTOP-QCRNR4M"/>
         <property name="os" value="Windows 10 64bit"/>
         <property name="katalonVersion" value="8.2.5.208"/>
         <property name="browser" value="Chrome 99.0.4844.74"/>
         <property name="hostAddress" value="192.168.5.53"/>
         <property name="sessionId" value="2ce37e4fe3d51859738222675bf6b018"/>
         <property name="seleniumVersion" value="3.141.59"/>
         <property name="proxyInformation" value="ProxyInformation { proxyOption=NO_PROXY, proxyServerType=HTTP, username=, password=********, proxyServerAddress=, proxyServerPort=0, executionList=&quot;&quot;, isApplyToDesiredCapabilities=true }"/>
         <property name="platform" value="Windows 10"/>
      </properties>
      <testcase name="Test Cases/06-Teams/01- Add Team- Public" time="288.507" classname="Test Cases/06-Teams/01- Add Team- Public" status="PASSED">
         <system-out><![CDATA[2022-03-18 18:27:16 - [TEST_CASE][PASSED] - Test Cases/06-Teams/01- Add Team- Public: Test Cases/06-Teams/01- Add Team- Public

2022-03-18 18:27:17 - [TEST_STEP][PASSED] - openBrowser(""): Browser is opened with url: ''

2022-03-18 18:27:17 - [MESSAGE][INFO] - Starting 'Chrome' driver

2022-03-18 18:27:17 - [MESSAGE][INFO] - Action delay is set to 0 milliseconds

2022-03-18 18:27:19 - [MESSAGE][PASSED] - Browser is opened with url: ''

2022-03-18 18:27:19 - [TEST_STEP][PASSED] - navigateToUrl("https://lab.everleagues.com/"): Navigate to 'https://lab.everleagues.com/' successfully

2022-03-18 18:30:37 - [MESSAGE][PASSED] - Navigate to 'https://lab.everleagues.com/' successfully

2022-03-18 18:30:37 - [TEST_STEP][PASSED] - maximizeWindow(): Current window maximized

2022-03-18 18:30:37 - [MESSAGE][PASSED] - Current window maximized

2022-03-18 18:30:37 - [TEST_STEP][PASSED] - setText(findTestObject("02-Side Icons(Organization)/Add Contact/Email Field"), "testuser02@mailinator.com"): Text 'testuser02@mailinator.com' is set on object 'Object Repository/02-Side Icons(Organization)/Add Contact/Email Field'

2022-03-18 18:30:38 - [MESSAGE][PASSED] - Text 'testuser02@mailinator.com' is set on object 'Object Repository/02-Side Icons(Organization)/Add Contact/Email Field'

2022-03-18 18:30:38 - [TEST_STEP][PASSED] - setEncryptedText(findTestObject("02-Side Icons(Organization)/Add Contact/Password Field"), "8yFRyszE6U6jvsCn51OQbg=="): Text ****** has been set on object 'Object Repository/02-Side Icons(Organization)/Add Contact/Password Field'

2022-03-18 18:30:39 - [MESSAGE][PASSED] - Text ****** has been set on object 'Object Repository/02-Side Icons(Organization)/Add Contact/Password Field'

2022-03-18 18:30:39 - [TEST_STEP][PASSED] - click(findTestObject("02-Side Icons(Organization)/Add Contact/button_Sign in")): Object: 'Object Repository/02-Side Icons(Organization)/Add Contact/button_Sign in' is clicked on

2022-03-18 18:30:39 - [MESSAGE][PASSED] - Object: 'Object Repository/02-Side Icons(Organization)/Add Contact/button_Sign in' is clicked on

2022-03-18 18:30:39 - [TEST_STEP][PASSED] - delay(2): Delayed 2 second(s)

2022-03-18 18:30:41 - [MESSAGE][PASSED] - Delayed 2 second(s)

2022-03-18 18:30:41 - [TEST_STEP][PASSED] - click(findTestObject("06-Teams/For 2FA/button_Confirm_2FA")): Object: 'Object Repository/06-Teams/For 2FA/button_Confirm_2FA' is clicked on

2022-03-18 18:30:42 - [MESSAGE][PASSED] - Object: 'Object Repository/06-Teams/For 2FA/button_Confirm_2FA' is clicked on

2022-03-18 18:30:42 - [TEST_STEP][PASSED] - executeJavaScript("window.open();", []): Execute JavaScript 'window.open();' successfully

2022-03-18 18:30:42 - [MESSAGE][PASSED] - Execute JavaScript 'window.open();' successfully

2022-03-18 18:30:42 - [TEST_STEP][PASSED] - currentWindow = getWindowIndex(): Current window's index is: 0

2022-03-18 18:30:42 - [MESSAGE][PASSED] - Current window's index is: 0

2022-03-18 18:30:42 - [TEST_STEP][PASSED] - delay(3): Delayed 3 second(s)

2022-03-18 18:30:45 - [MESSAGE][PASSED] - Delayed 3 second(s)

2022-03-18 18:30:45 - [TEST_STEP][PASSED] - switchToWindowIndex(currentWindow + 1): Switched to window with index: '1'

2022-03-18 18:30:45 - [MESSAGE][PASSED] - Switched to window with index: '1'

2022-03-18 18:30:45 - [TEST_STEP][PASSED] - navigateToUrl("https://www.mailinator.com/"): Navigate to 'https://www.mailinator.com/' successfully

2022-03-18 18:30:47 - [MESSAGE][PASSED] - Navigate to 'https://www.mailinator.com/' successfully

2022-03-18 18:30:47 - [TEST_STEP][PASSED] - delay(3): Delayed 3 second(s)

2022-03-18 18:30:50 - [MESSAGE][PASSED] - Delayed 3 second(s)

2022-03-18 18:30:50 - [TEST_STEP][PASSED] - setText(findTestObject("00-Signup and Activation/zMailinator/input_LOGIN_search"), "testuser02@mailinator.com"): Text 'testuser02@mailinator.com' is set on object 'Object Repository/00-Signup and Activation/zMailinator/input_LOGIN_search'

2022-03-18 18:30:51 - [MESSAGE][PASSED] - Text 'testuser02@mailinator.com' is set on object 'Object Repository/00-Signup and Activation/zMailinator/input_LOGIN_search'

2022-03-18 18:30:51 - [TEST_STEP][PASSED] - click(findTestObject("00-Signup and Activation/zMailinator/gobutton"), STOP_ON_FAILURE): Object: 'Object Repository/00-Signup and Activation/zMailinator/gobutton' is clicked on

2022-03-18 18:30:52 - [MESSAGE][PASSED] - Object: 'Object Repository/00-Signup and Activation/zMailinator/gobutton' is clicked on

2022-03-18 18:30:52 - [TEST_STEP][PASSED] - delay(3): Delayed 3 second(s)

2022-03-18 18:30:55 - [MESSAGE][PASSED] - Delayed 3 second(s)

2022-03-18 18:30:55 - [TEST_STEP][PASSED] - click(findTestObject("00-Signup and Activation/zMailinator/Email - everleagues")): Object: 'Object Repository/00-Signup and Activation/zMailinator/Email - everleagues' is clicked on

2022-03-18 18:30:55 - [MESSAGE][PASSED] - Object: 'Object Repository/00-Signup and Activation/zMailinator/Email - everleagues' is clicked on

2022-03-18 18:30:55 - [TEST_STEP][PASSED] - delay(3): Delayed 3 second(s)

2022-03-18 18:30:58 - [MESSAGE][PASSED] - Delayed 3 second(s)

2022-03-18 18:30:58 - [TEST_STEP][PASSED] - code = getText(findTestObject("Object Repository/06-Teams/For 2FA/2FA code")): Text of object 'Object Repository/06-Teams/For 2FA/2FA code' is: '020347'

2022-03-18 18:30:59 - [MESSAGE][PASSED] - Text of object 'Object Repository/06-Teams/For 2FA/2FA code' is: '020347'

2022-03-18 18:30:59 - [TEST_STEP][PASSED] - delay(3): Delayed 3 second(s)

2022-03-18 18:31:02 - [MESSAGE][PASSED] - Delayed 3 second(s)

2022-03-18 18:31:02 - [TEST_STEP][PASSED] - closeWindowTitle("Mailinator"): Window with title: 'Mailinator' is closed

2022-03-18 18:31:02 - [MESSAGE][PASSED] - Window with title: 'Mailinator' is closed

2022-03-18 18:31:02 - [TEST_STEP][PASSED] - delay(3): Delayed 3 second(s)

2022-03-18 18:31:05 - [MESSAGE][PASSED] - Delayed 3 second(s)

2022-03-18 18:31:05 - [TEST_STEP][PASSED] - switchToWindowIndex(0): Switched to window with index: '0'

2022-03-18 18:31:05 - [MESSAGE][PASSED] - Switched to window with index: '0'

2022-03-18 18:31:05 - [TEST_STEP][PASSED] - delay(3): Delayed 3 second(s)

2022-03-18 18:31:08 - [MESSAGE][PASSED] - Delayed 3 second(s)

2022-03-18 18:31:08 - [TEST_STEP][PASSED] - setText(findTestObject("Object Repository/06-Teams/For 2FA/input_Enter verification code_code"), code): Text '020347' is set on object 'Object Repository/06-Teams/For 2FA/input_Enter verification code_code'

2022-03-18 18:31:09 - [MESSAGE][PASSED] - Text '020347' is set on object 'Object Repository/06-Teams/For 2FA/input_Enter verification code_code'

2022-03-18 18:31:09 - [TEST_STEP][PASSED] - delay(3): Delayed 3 second(s)

2022-03-18 18:31:12 - [MESSAGE][PASSED] - Delayed 3 second(s)

2022-03-18 18:31:12 - [TEST_STEP][PASSED] - click(findTestObject("06-Teams/For 2FA/button_Verify_2FA")): Object: 'Object Repository/06-Teams/For 2FA/button_Verify_2FA' is clicked on

2022-03-18 18:31:12 - [MESSAGE][PASSED] - Object: 'Object Repository/06-Teams/For 2FA/button_Verify_2FA' is clicked on

2022-03-18 18:31:12 - [TEST_STEP][PASSED] - delay(5): Delayed 5 second(s)

2022-03-18 18:31:17 - [MESSAGE][PASSED] - Delayed 5 second(s)

2022-03-18 18:31:17 - [TEST_STEP][PASSED] - click(findTestObject("06-Teams/button_doublearrow")): Object: 'Object Repository/06-Teams/button_doublearrow' is clicked on

2022-03-18 18:31:18 - [MESSAGE][PASSED] - Object: 'Object Repository/06-Teams/button_doublearrow' is clicked on

2022-03-18 18:31:18 - [TEST_STEP][PASSED] - click(findTestObject("06-Teams/button_My Organizations")): Object: 'Object Repository/06-Teams/button_My Organizations' is clicked on

2022-03-18 18:31:18 - [MESSAGE][PASSED] - Object: 'Object Repository/06-Teams/button_My Organizations' is clicked on

2022-03-18 18:31:18 - [TEST_STEP][PASSED] - click(findTestObject("06-Teams/button_GG Automation")): Object: 'Object Repository/06-Teams/button_GG Automation' is clicked on

2022-03-18 18:31:19 - [MESSAGE][PASSED] - Object: 'Object Repository/06-Teams/button_GG Automation' is clicked on

2022-03-18 18:31:19 - [TEST_STEP][PASSED] - delay(4): Delayed 4 second(s)

2022-03-18 18:31:23 - [MESSAGE][PASSED] - Delayed 4 second(s)

2022-03-18 18:31:23 - [TEST_STEP][PASSED] - verifyElementVisible(findTestObject("06-Teams/span_GG Automation")): Object 'Object Repository/06-Teams/span_GG Automation' is visible

2022-03-18 18:31:24 - [MESSAGE][PASSED] - Object 'Object Repository/06-Teams/span_GG Automation' is visible

2022-03-18 18:31:24 - [TEST_STEP][PASSED] - delay(2): Delayed 2 second(s)

2022-03-18 18:31:26 - [MESSAGE][PASSED] - Delayed 2 second(s)

2022-03-18 18:31:26 - [TEST_STEP][PASSED] - click(findTestObject("03-Header Menu/Hamburger Button/div_Teams")): Object: 'Object Repository/03-Header Menu/Hamburger Button/div_Teams' is clicked on

2022-03-18 18:31:26 - [MESSAGE][PASSED] - Object: 'Object Repository/03-Header Menu/Hamburger Button/div_Teams' is clicked on

2022-03-18 18:31:26 - [TEST_STEP][PASSED] - delay(2): Delayed 2 second(s)

2022-03-18 18:31:28 - [MESSAGE][PASSED] - Delayed 2 second(s)

2022-03-18 18:31:28 - [TEST_STEP][PASSED] - verifyElementVisible(findTestObject("06-Teams/h4_TEAMS")): Object 'Object Repository/06-Teams/h4_TEAMS' is visible

2022-03-18 18:31:29 - [MESSAGE][PASSED] - Object 'Object Repository/06-Teams/h4_TEAMS' is visible

2022-03-18 18:31:29 - [TEST_STEP][PASSED] - delay(3): Delayed 3 second(s)

2022-03-18 18:31:32 - [MESSAGE][PASSED] - Delayed 3 second(s)

2022-03-18 18:31:32 - [TEST_STEP][PASSED] - click(findTestObject("06-Teams/Add Team")): Object: 'Object Repository/06-Teams/Add Team' is clicked on

2022-03-18 18:31:32 - [MESSAGE][PASSED] - Object: 'Object Repository/06-Teams/Add Team' is clicked on

2022-03-18 18:31:32 - [TEST_STEP][PASSED] - delay(3): Delayed 3 second(s)

2022-03-18 18:31:35 - [MESSAGE][PASSED] - Delayed 3 second(s)

2022-03-18 18:31:35 - [TEST_STEP][PASSED] - verifyElementVisible(findTestObject("06-Teams/button_Public")): Object 'Object Repository/06-Teams/button_Public' is visible

2022-03-18 18:31:35 - [MESSAGE][PASSED] - Object 'Object Repository/06-Teams/button_Public' is visible

2022-03-18 18:31:35 - [TEST_STEP][PASSED] - verifyElementVisible(findTestObject("06-Teams/button_Private")): Object 'Object Repository/06-Teams/button_Private' is visible

2022-03-18 18:31:36 - [MESSAGE][PASSED] - Object 'Object Repository/06-Teams/button_Private' is visible

2022-03-18 18:31:36 - [TEST_STEP][PASSED] - delay(3): Delayed 3 second(s)

2022-03-18 18:31:39 - [MESSAGE][PASSED] - Delayed 3 second(s)

2022-03-18 18:31:39 - [TEST_STEP][PASSED] - click(findTestObject("06-Teams/button_Public")): Object: 'Object Repository/06-Teams/button_Public' is clicked on

2022-03-18 18:31:39 - [MESSAGE][PASSED] - Object: 'Object Repository/06-Teams/button_Public' is clicked on

2022-03-18 18:31:39 - [TEST_STEP][PASSED] - verifyElementVisible(findTestObject("06-Teams/01-Add Team-Public/Add Team_Public")): Object 'Object Repository/06-Teams/01-Add Team-Public/Add Team_Public' is visible

2022-03-18 18:31:40 - [MESSAGE][PASSED] - Object 'Object Repository/06-Teams/01-Add Team-Public/Add Team_Public' is visible

2022-03-18 18:31:40 - [TEST_STEP][PASSED] - verifyElementNotClickable(findTestObject("06-Teams/01-Add Team-Public/button_Create")): Object 'Object Repository/06-Teams/01-Add Team-Public/button_Create' is NOT clickable

2022-03-18 18:31:41 - [MESSAGE][PASSED] - Object 'Object Repository/06-Teams/01-Add Team-Public/button_Create' is NOT clickable

2022-03-18 18:31:41 - [TEST_STEP][PASSED] - delay(3): Delayed 3 second(s)

2022-03-18 18:31:44 - [MESSAGE][PASSED] - Delayed 3 second(s)

2022-03-18 18:31:44 - [TEST_STEP][PASSED] - click(findTestObject("06-Teams/01-Add Team-Public/input_teamName")): Object: 'Object Repository/06-Teams/01-Add Team-Public/input_teamName' is clicked on

2022-03-18 18:31:44 - [MESSAGE][PASSED] - Object: 'Object Repository/06-Teams/01-Add Team-Public/input_teamName' is clicked on

2022-03-18 18:31:44 - [TEST_STEP][PASSED] - click(findTestObject("06-Teams/01-Add Team-Public/Org unit")): Object: 'Object Repository/06-Teams/01-Add Team-Public/Org unit' is clicked on

2022-03-18 18:31:45 - [MESSAGE][PASSED] - Object: 'Object Repository/06-Teams/01-Add Team-Public/Org unit' is clicked on

2022-03-18 18:31:45 - [TEST_STEP][PASSED] - verifyElementVisible(findTestObject("06-Teams/01-Add Team-Public/h4_Select an organization unit")): Object 'Object Repository/06-Teams/01-Add Team-Public/h4_Select an organization unit' is visible

2022-03-18 18:31:45 - [MESSAGE][PASSED] - Object 'Object Repository/06-Teams/01-Add Team-Public/h4_Select an organization unit' is visible

2022-03-18 18:31:45 - [TEST_STEP][PASSED] - delay(3): Delayed 3 second(s)

2022-03-18 18:31:48 - [MESSAGE][PASSED] - Delayed 3 second(s)

2022-03-18 18:31:48 - [TEST_STEP][PASSED] - click(findTestObject("06-Teams/01-Add Team-Public/div_GG Automation")): Object: 'Object Repository/06-Teams/01-Add Team-Public/div_GG Automation' is clicked on

2022-03-18 18:31:49 - [MESSAGE][PASSED] - Object: 'Object Repository/06-Teams/01-Add Team-Public/div_GG Automation' is clicked on

2022-03-18 18:31:49 - [TEST_STEP][PASSED] - click(findTestObject("06-Teams/01-Add Team-Public/button_Select")): Object: 'Object Repository/06-Teams/01-Add Team-Public/button_Select' is clicked on

2022-03-18 18:31:49 - [MESSAGE][PASSED] - Object: 'Object Repository/06-Teams/01-Add Team-Public/button_Select' is clicked on

2022-03-18 18:31:49 - [TEST_STEP][PASSED] - verifyElementVisible(findTestObject("06-Teams/01-Add Team-Public/Error Team name")): Object 'Object Repository/06-Teams/01-Add Team-Public/Error Team name' is visible

2022-03-18 18:31:50 - [MESSAGE][PASSED] - Object 'Object Repository/06-Teams/01-Add Team-Public/Error Team name' is visible

2022-03-18 18:31:50 - [TEST_STEP][PASSED] - delay(3): Delayed 3 second(s)

2022-03-18 18:31:53 - [MESSAGE][PASSED] - Delayed 3 second(s)

2022-03-18 18:31:53 - [TEST_STEP][PASSED] - setText(findTestObject("06-Teams/01-Add Team-Public/input_teamName"), "Auto Team Public"): Text 'Auto Team Public' is set on object 'Object Repository/06-Teams/01-Add Team-Public/input_teamName'

2022-03-18 18:31:54 - [MESSAGE][PASSED] - Text 'Auto Team Public' is set on object 'Object Repository/06-Teams/01-Add Team-Public/input_teamName'

2022-03-18 18:31:54 - [TEST_STEP][PASSED] - click(findTestObject("06-Teams/01-Add Team-Public/button_Create")): Object: 'Object Repository/06-Teams/01-Add Team-Public/button_Create' is clicked on

2022-03-18 18:31:54 - [MESSAGE][PASSED] - Object: 'Object Repository/06-Teams/01-Add Team-Public/button_Create' is clicked on

2022-03-18 18:31:54 - [TEST_STEP][PASSED] - delay(3): Delayed 3 second(s)

2022-03-18 18:31:57 - [MESSAGE][PASSED] - Delayed 3 second(s)

2022-03-18 18:31:57 - [TEST_STEP][PASSED] - verifyElementVisible(findTestObject("06-Teams/01-Add Team-Public/span_Successfully added new team")): Object 'Object Repository/06-Teams/01-Add Team-Public/span_Successfully added new team' is visible

2022-03-18 18:31:58 - [MESSAGE][PASSED] - Object 'Object Repository/06-Teams/01-Add Team-Public/span_Successfully added new team' is visible

2022-03-18 18:31:58 - [TEST_STEP][PASSED] - delay(3): Delayed 3 second(s)

2022-03-18 18:32:01 - [MESSAGE][PASSED] - Delayed 3 second(s)

2022-03-18 18:32:01 - [TEST_STEP][PASSED] - verifyElementVisible(findTestObject("06-Teams/01-Add Team-Public/span_Auto Team Public")): Object 'Object Repository/06-Teams/01-Add Team-Public/span_Auto Team Public' is visible

2022-03-18 18:32:01 - [MESSAGE][PASSED] - Object 'Object Repository/06-Teams/01-Add Team-Public/span_Auto Team Public' is visible

2022-03-18 18:32:01 - [TEST_STEP][PASSED] - delay(3): Delayed 3 second(s)

2022-03-18 18:32:04 - [MESSAGE][PASSED] - Delayed 3 second(s)

2022-03-18 18:32:04 - [TEST_STEP][PASSED] - closeBrowser(): Browser is closed

2022-03-18 18:32:05 - [MESSAGE][PASSED] - Browser is closed]]></system-out>
         <system-err><![CDATA[]]></system-err>
      </testcase>
      <testcase name="Test Cases/06-Teams/02-Add Team-Private" time="307.527" classname="Test Cases/06-Teams/02-Add Team-Private" status="PASSED">
         <system-out><![CDATA[2022-03-18 18:32:05 - [TEST_CASE][PASSED] - Test Cases/06-Teams/02-Add Team-Private: Test Cases/06-Teams/02-Add Team-Private

2022-03-18 18:32:05 - [TEST_STEP][PASSED] - openBrowser(""): Browser is opened with url: ''

2022-03-18 18:32:05 - [MESSAGE][INFO] - Starting 'Chrome' driver

2022-03-18 18:32:05 - [MESSAGE][INFO] - Action delay is set to 0 milliseconds

2022-03-18 18:32:06 - [MESSAGE][PASSED] - Browser is opened with url: ''

2022-03-18 18:32:06 - [TEST_STEP][PASSED] - navigateToUrl("https://lab.everleagues.com/"): Navigate to 'https://lab.everleagues.com/' successfully

2022-03-18 18:35:35 - [MESSAGE][PASSED] - Navigate to 'https://lab.everleagues.com/' successfully

2022-03-18 18:35:35 - [TEST_STEP][PASSED] - maximizeWindow(): Current window maximized

2022-03-18 18:35:35 - [MESSAGE][PASSED] - Current window maximized

2022-03-18 18:35:35 - [TEST_STEP][PASSED] - setText(findTestObject("02-Side Icons(Organization)/Add Contact/Email Field"), "testuser02@mailinator.com"): Text 'testuser02@mailinator.com' is set on object 'Object Repository/02-Side Icons(Organization)/Add Contact/Email Field'

2022-03-18 18:35:36 - [MESSAGE][PASSED] - Text 'testuser02@mailinator.com' is set on object 'Object Repository/02-Side Icons(Organization)/Add Contact/Email Field'

2022-03-18 18:35:36 - [TEST_STEP][PASSED] - setEncryptedText(findTestObject("02-Side Icons(Organization)/Add Contact/Password Field"), "8yFRyszE6U6jvsCn51OQbg=="): Text ****** has been set on object 'Object Repository/02-Side Icons(Organization)/Add Contact/Password Field'

2022-03-18 18:35:36 - [MESSAGE][PASSED] - Text ****** has been set on object 'Object Repository/02-Side Icons(Organization)/Add Contact/Password Field'

2022-03-18 18:35:36 - [TEST_STEP][PASSED] - click(findTestObject("02-Side Icons(Organization)/Add Contact/button_Sign in")): Object: 'Object Repository/02-Side Icons(Organization)/Add Contact/button_Sign in' is clicked on

2022-03-18 18:35:37 - [MESSAGE][PASSED] - Object: 'Object Repository/02-Side Icons(Organization)/Add Contact/button_Sign in' is clicked on

2022-03-18 18:35:37 - [TEST_STEP][PASSED] - delay(3): Delayed 3 second(s)

2022-03-18 18:35:40 - [MESSAGE][PASSED] - Delayed 3 second(s)

2022-03-18 18:35:40 - [TEST_STEP][PASSED] - click(findTestObject("06-Teams/For 2FA/button_Confirm_2FA")): Object: 'Object Repository/06-Teams/For 2FA/button_Confirm_2FA' is clicked on

2022-03-18 18:35:40 - [MESSAGE][PASSED] - Object: 'Object Repository/06-Teams/For 2FA/button_Confirm_2FA' is clicked on

2022-03-18 18:35:40 - [TEST_STEP][PASSED] - executeJavaScript("window.open();", []): Execute JavaScript 'window.open();' successfully

2022-03-18 18:35:40 - [MESSAGE][PASSED] - Execute JavaScript 'window.open();' successfully

2022-03-18 18:35:40 - [TEST_STEP][PASSED] - currentWindow = getWindowIndex(): Current window's index is: 0

2022-03-18 18:35:40 - [MESSAGE][PASSED] - Current window's index is: 0

2022-03-18 18:35:40 - [TEST_STEP][PASSED] - delay(3): Delayed 3 second(s)

2022-03-18 18:35:43 - [MESSAGE][PASSED] - Delayed 3 second(s)

2022-03-18 18:35:43 - [TEST_STEP][PASSED] - switchToWindowIndex(currentWindow + 1): Switched to window with index: '1'

2022-03-18 18:35:44 - [MESSAGE][PASSED] - Switched to window with index: '1'

2022-03-18 18:35:44 - [TEST_STEP][PASSED] - navigateToUrl("https://www.mailinator.com/"): Navigate to 'https://www.mailinator.com/' successfully

2022-03-18 18:35:46 - [MESSAGE][PASSED] - Navigate to 'https://www.mailinator.com/' successfully

2022-03-18 18:35:46 - [TEST_STEP][PASSED] - delay(3): Delayed 3 second(s)

2022-03-18 18:35:49 - [MESSAGE][PASSED] - Delayed 3 second(s)

2022-03-18 18:35:49 - [TEST_STEP][PASSED] - setText(findTestObject("00-Signup and Activation/zMailinator/input_LOGIN_search"), "testuser02@mailinator.com"): Text 'testuser02@mailinator.com' is set on object 'Object Repository/00-Signup and Activation/zMailinator/input_LOGIN_search'

2022-03-18 18:35:49 - [MESSAGE][PASSED] - Text 'testuser02@mailinator.com' is set on object 'Object Repository/00-Signup and Activation/zMailinator/input_LOGIN_search'

2022-03-18 18:35:49 - [TEST_STEP][PASSED] - click(findTestObject("00-Signup and Activation/zMailinator/gobutton"), STOP_ON_FAILURE): Object: 'Object Repository/00-Signup and Activation/zMailinator/gobutton' is clicked on

2022-03-18 18:35:51 - [MESSAGE][PASSED] - Object: 'Object Repository/00-Signup and Activation/zMailinator/gobutton' is clicked on

2022-03-18 18:35:51 - [TEST_STEP][PASSED] - delay(3): Delayed 3 second(s)

2022-03-18 18:35:54 - [MESSAGE][PASSED] - Delayed 3 second(s)

2022-03-18 18:35:54 - [TEST_STEP][PASSED] - click(findTestObject("00-Signup and Activation/zMailinator/Email - everleagues")): Object: 'Object Repository/00-Signup and Activation/zMailinator/Email - everleagues' is clicked on

2022-03-18 18:35:54 - [MESSAGE][PASSED] - Object: 'Object Repository/00-Signup and Activation/zMailinator/Email - everleagues' is clicked on

2022-03-18 18:35:54 - [TEST_STEP][PASSED] - delay(3): Delayed 3 second(s)

2022-03-18 18:35:57 - [MESSAGE][PASSED] - Delayed 3 second(s)

2022-03-18 18:35:57 - [TEST_STEP][PASSED] - code = getText(findTestObject("Object Repository/06-Teams/For 2FA/2FA code")): Text of object 'Object Repository/06-Teams/For 2FA/2FA code' is: '877164'

2022-03-18 18:35:57 - [MESSAGE][PASSED] - Text of object 'Object Repository/06-Teams/For 2FA/2FA code' is: '877164'

2022-03-18 18:35:57 - [TEST_STEP][PASSED] - delay(3): Delayed 3 second(s)

2022-03-18 18:36:00 - [MESSAGE][PASSED] - Delayed 3 second(s)

2022-03-18 18:36:00 - [TEST_STEP][PASSED] - closeWindowTitle("Mailinator"): Window with title: 'Mailinator' is closed

2022-03-18 18:36:00 - [MESSAGE][PASSED] - Window with title: 'Mailinator' is closed

2022-03-18 18:36:00 - [TEST_STEP][PASSED] - delay(3): Delayed 3 second(s)

2022-03-18 18:36:03 - [MESSAGE][PASSED] - Delayed 3 second(s)

2022-03-18 18:36:03 - [TEST_STEP][PASSED] - switchToWindowIndex(0): Switched to window with index: '0'

2022-03-18 18:36:04 - [MESSAGE][PASSED] - Switched to window with index: '0'

2022-03-18 18:36:04 - [TEST_STEP][PASSED] - delay(3): Delayed 3 second(s)

2022-03-18 18:36:07 - [MESSAGE][PASSED] - Delayed 3 second(s)

2022-03-18 18:36:07 - [TEST_STEP][PASSED] - setText(findTestObject("Object Repository/06-Teams/For 2FA/input_Enter verification code_code"), code): Text '877164' is set on object 'Object Repository/06-Teams/For 2FA/input_Enter verification code_code'

2022-03-18 18:36:08 - [MESSAGE][PASSED] - Text '877164' is set on object 'Object Repository/06-Teams/For 2FA/input_Enter verification code_code'

2022-03-18 18:36:08 - [TEST_STEP][PASSED] - delay(3): Delayed 3 second(s)

2022-03-18 18:36:11 - [MESSAGE][PASSED] - Delayed 3 second(s)

2022-03-18 18:36:11 - [TEST_STEP][PASSED] - click(findTestObject("06-Teams/For 2FA/button_Verify_2FA")): Object: 'Object Repository/06-Teams/For 2FA/button_Verify_2FA' is clicked on

2022-03-18 18:36:11 - [MESSAGE][PASSED] - Object: 'Object Repository/06-Teams/For 2FA/button_Verify_2FA' is clicked on

2022-03-18 18:36:11 - [TEST_STEP][PASSED] - delay(5): Delayed 5 second(s)

2022-03-18 18:36:16 - [MESSAGE][PASSED] - Delayed 5 second(s)

2022-03-18 18:36:16 - [TEST_STEP][PASSED] - click(findTestObject("06-Teams/button_doublearrow")): Object: 'Object Repository/06-Teams/button_doublearrow' is clicked on

2022-03-18 18:36:17 - [MESSAGE][PASSED] - Object: 'Object Repository/06-Teams/button_doublearrow' is clicked on

2022-03-18 18:36:17 - [TEST_STEP][PASSED] - click(findTestObject("06-Teams/button_My Organizations")): Object: 'Object Repository/06-Teams/button_My Organizations' is clicked on

2022-03-18 18:36:18 - [MESSAGE][PASSED] - Object: 'Object Repository/06-Teams/button_My Organizations' is clicked on

2022-03-18 18:36:18 - [TEST_STEP][PASSED] - click(findTestObject("06-Teams/button_GG Automation")): Object: 'Object Repository/06-Teams/button_GG Automation' is clicked on

2022-03-18 18:36:18 - [MESSAGE][PASSED] - Object: 'Object Repository/06-Teams/button_GG Automation' is clicked on

2022-03-18 18:36:18 - [TEST_STEP][PASSED] - delay(4): Delayed 4 second(s)

2022-03-18 18:36:22 - [MESSAGE][PASSED] - Delayed 4 second(s)

2022-03-18 18:36:22 - [TEST_STEP][PASSED] - verifyElementVisible(findTestObject("06-Teams/span_GG Automation")): Object 'Object Repository/06-Teams/span_GG Automation' is visible

2022-03-18 18:36:23 - [MESSAGE][PASSED] - Object 'Object Repository/06-Teams/span_GG Automation' is visible

2022-03-18 18:36:23 - [TEST_STEP][PASSED] - delay(2): Delayed 2 second(s)

2022-03-18 18:36:25 - [MESSAGE][PASSED] - Delayed 2 second(s)

2022-03-18 18:36:25 - [TEST_STEP][PASSED] - click(findTestObject("03-Header Menu/Hamburger Button/div_Teams")): Object: 'Object Repository/03-Header Menu/Hamburger Button/div_Teams' is clicked on

2022-03-18 18:36:25 - [MESSAGE][PASSED] - Object: 'Object Repository/03-Header Menu/Hamburger Button/div_Teams' is clicked on

2022-03-18 18:36:25 - [TEST_STEP][PASSED] - delay(2): Delayed 2 second(s)

2022-03-18 18:36:27 - [MESSAGE][PASSED] - Delayed 2 second(s)

2022-03-18 18:36:27 - [TEST_STEP][PASSED] - verifyElementVisible(findTestObject("06-Teams/h4_TEAMS")): Object 'Object Repository/06-Teams/h4_TEAMS' is visible

2022-03-18 18:36:28 - [MESSAGE][PASSED] - Object 'Object Repository/06-Teams/h4_TEAMS' is visible

2022-03-18 18:36:28 - [TEST_STEP][PASSED] - delay(3): Delayed 3 second(s)

2022-03-18 18:36:31 - [MESSAGE][PASSED] - Delayed 3 second(s)

2022-03-18 18:36:31 - [TEST_STEP][PASSED] - click(findTestObject("06-Teams/Add Team")): Object: 'Object Repository/06-Teams/Add Team' is clicked on

2022-03-18 18:36:31 - [MESSAGE][PASSED] - Object: 'Object Repository/06-Teams/Add Team' is clicked on

2022-03-18 18:36:31 - [TEST_STEP][PASSED] - delay(3): Delayed 3 second(s)

2022-03-18 18:36:34 - [MESSAGE][PASSED] - Delayed 3 second(s)

2022-03-18 18:36:34 - [TEST_STEP][PASSED] - verifyElementVisible(findTestObject("06-Teams/button_Public")): Object 'Object Repository/06-Teams/button_Public' is visible

2022-03-18 18:36:34 - [MESSAGE][PASSED] - Object 'Object Repository/06-Teams/button_Public' is visible

2022-03-18 18:36:34 - [TEST_STEP][PASSED] - verifyElementVisible(findTestObject("06-Teams/button_Private")): Object 'Object Repository/06-Teams/button_Private' is visible

2022-03-18 18:36:35 - [MESSAGE][PASSED] - Object 'Object Repository/06-Teams/button_Private' is visible

2022-03-18 18:36:35 - [TEST_STEP][PASSED] - delay(3): Delayed 3 second(s)

2022-03-18 18:36:38 - [MESSAGE][PASSED] - Delayed 3 second(s)

2022-03-18 18:36:38 - [TEST_STEP][PASSED] - click(findTestObject("06-Teams/button_Private")): Object: 'Object Repository/06-Teams/button_Private' is clicked on

2022-03-18 18:36:38 - [MESSAGE][PASSED] - Object: 'Object Repository/06-Teams/button_Private' is clicked on

2022-03-18 18:36:38 - [TEST_STEP][PASSED] - delay(3): Delayed 3 second(s)

2022-03-18 18:36:41 - [MESSAGE][PASSED] - Delayed 3 second(s)

2022-03-18 18:36:41 - [TEST_STEP][PASSED] - verifyElementVisible(findTestObject("06-Teams/02-Add Team-Private/Add team- Private")): Object 'Object Repository/06-Teams/02-Add Team-Private/Add team- Private' is visible

2022-03-18 18:36:42 - [MESSAGE][PASSED] - Object 'Object Repository/06-Teams/02-Add Team-Private/Add team- Private' is visible

2022-03-18 18:36:42 - [TEST_STEP][PASSED] - verifyElementVisible(findTestObject("06-Teams/02-Add Team-Private/div_Settings")): Object 'Object Repository/06-Teams/02-Add Team-Private/div_Settings' is visible

2022-03-18 18:36:42 - [MESSAGE][PASSED] - Object 'Object Repository/06-Teams/02-Add Team-Private/div_Settings' is visible

2022-03-18 18:36:42 - [TEST_STEP][PASSED] - verifyElementVisible(findTestObject("06-Teams/02-Add Team-Private/div_Members")): Object 'Object Repository/06-Teams/02-Add Team-Private/div_Members' is visible

2022-03-18 18:36:42 - [MESSAGE][PASSED] - Object 'Object Repository/06-Teams/02-Add Team-Private/div_Members' is visible

2022-03-18 18:36:42 - [TEST_STEP][PASSED] - verifyElementNotClickable(findTestObject("06-Teams/01-Add Team-Public/button_Create")): Object 'Object Repository/06-Teams/01-Add Team-Public/button_Create' is NOT clickable

2022-03-18 18:36:43 - [MESSAGE][PASSED] - Object 'Object Repository/06-Teams/01-Add Team-Public/button_Create' is NOT clickable

2022-03-18 18:36:43 - [TEST_STEP][PASSED] - delay(3): Delayed 3 second(s)

2022-03-18 18:36:46 - [MESSAGE][PASSED] - Delayed 3 second(s)

2022-03-18 18:36:46 - [TEST_STEP][PASSED] - click(findTestObject("06-Teams/01-Add Team-Public/input_teamName")): Object: 'Object Repository/06-Teams/01-Add Team-Public/input_teamName' is clicked on

2022-03-18 18:36:46 - [MESSAGE][PASSED] - Object: 'Object Repository/06-Teams/01-Add Team-Public/input_teamName' is clicked on

2022-03-18 18:36:46 - [TEST_STEP][PASSED] - click(findTestObject("06-Teams/01-Add Team-Public/Org unit")): Object: 'Object Repository/06-Teams/01-Add Team-Public/Org unit' is clicked on

2022-03-18 18:36:46 - [MESSAGE][PASSED] - Object: 'Object Repository/06-Teams/01-Add Team-Public/Org unit' is clicked on

2022-03-18 18:36:46 - [TEST_STEP][PASSED] - verifyElementVisible(findTestObject("06-Teams/01-Add Team-Public/h4_Select an organization unit")): Object 'Object Repository/06-Teams/01-Add Team-Public/h4_Select an organization unit' is visible

2022-03-18 18:36:47 - [MESSAGE][PASSED] - Object 'Object Repository/06-Teams/01-Add Team-Public/h4_Select an organization unit' is visible

2022-03-18 18:36:47 - [TEST_STEP][PASSED] - delay(3): Delayed 3 second(s)

2022-03-18 18:36:50 - [MESSAGE][PASSED] - Delayed 3 second(s)

2022-03-18 18:36:50 - [TEST_STEP][PASSED] - click(findTestObject("06-Teams/01-Add Team-Public/div_GG Automation")): Object: 'Object Repository/06-Teams/01-Add Team-Public/div_GG Automation' is clicked on

2022-03-18 18:36:50 - [MESSAGE][PASSED] - Object: 'Object Repository/06-Teams/01-Add Team-Public/div_GG Automation' is clicked on

2022-03-18 18:36:50 - [TEST_STEP][PASSED] - click(findTestObject("06-Teams/01-Add Team-Public/button_Select")): Object: 'Object Repository/06-Teams/01-Add Team-Public/button_Select' is clicked on

2022-03-18 18:36:51 - [MESSAGE][PASSED] - Object: 'Object Repository/06-Teams/01-Add Team-Public/button_Select' is clicked on

2022-03-18 18:36:51 - [TEST_STEP][PASSED] - verifyElementVisible(findTestObject("06-Teams/01-Add Team-Public/Error Team name")): Object 'Object Repository/06-Teams/01-Add Team-Public/Error Team name' is visible

2022-03-18 18:36:52 - [MESSAGE][PASSED] - Object 'Object Repository/06-Teams/01-Add Team-Public/Error Team name' is visible

2022-03-18 18:36:52 - [TEST_STEP][PASSED] - delay(3): Delayed 3 second(s)

2022-03-18 18:36:55 - [MESSAGE][PASSED] - Delayed 3 second(s)

2022-03-18 18:36:55 - [TEST_STEP][PASSED] - setText(findTestObject("06-Teams/01-Add Team-Public/input_teamName"), "Auto Team Private"): Text 'Auto Team Private' is set on object 'Object Repository/06-Teams/01-Add Team-Public/input_teamName'

2022-03-18 18:36:56 - [MESSAGE][PASSED] - Text 'Auto Team Private' is set on object 'Object Repository/06-Teams/01-Add Team-Public/input_teamName'

2022-03-18 18:36:56 - [TEST_STEP][PASSED] - delay(3): Delayed 3 second(s)

2022-03-18 18:36:59 - [MESSAGE][PASSED] - Delayed 3 second(s)

2022-03-18 18:36:59 - [TEST_STEP][PASSED] - click(findTestObject("06-Teams/02-Add Team-Private/div_Members")): Object: 'Object Repository/06-Teams/02-Add Team-Private/div_Members' is clicked on

2022-03-18 18:36:59 - [MESSAGE][PASSED] - Object: 'Object Repository/06-Teams/02-Add Team-Private/div_Members' is clicked on

2022-03-18 18:36:59 - [TEST_STEP][PASSED] - verifyElementVisible(findTestObject("06-Teams/02-Add Team-Private/Members dialog box")): Object 'Object Repository/06-Teams/02-Add Team-Private/Members dialog box' is visible

2022-03-18 18:37:00 - [MESSAGE][PASSED] - Object 'Object Repository/06-Teams/02-Add Team-Private/Members dialog box' is visible

2022-03-18 18:37:00 - [TEST_STEP][PASSED] - delay(3): Delayed 3 second(s)

2022-03-18 18:37:03 - [MESSAGE][PASSED] - Delayed 3 second(s)

2022-03-18 18:37:03 - [TEST_STEP][PASSED] - click(findTestObject("06-Teams/01-Add Team-Public/button_Create")): Object: 'Object Repository/06-Teams/01-Add Team-Public/button_Create' is clicked on

2022-03-18 18:37:04 - [MESSAGE][PASSED] - Object: 'Object Repository/06-Teams/01-Add Team-Public/button_Create' is clicked on

2022-03-18 18:37:04 - [TEST_STEP][PASSED] - verifyElementVisible(findTestObject("06-Teams/01-Add Team-Public/span_Successfully added new team")): Object 'Object Repository/06-Teams/01-Add Team-Public/span_Successfully added new team' is visible

2022-03-18 18:37:05 - [MESSAGE][PASSED] - Object 'Object Repository/06-Teams/01-Add Team-Public/span_Successfully added new team' is visible

2022-03-18 18:37:05 - [TEST_STEP][PASSED] - delay(3): Delayed 3 second(s)

2022-03-18 18:37:08 - [MESSAGE][PASSED] - Delayed 3 second(s)

2022-03-18 18:37:08 - [TEST_STEP][PASSED] - verifyElementVisible(findTestObject("06-Teams/02-Add Team-Private/span_Auto Team Private")): Object 'Object Repository/06-Teams/02-Add Team-Private/span_Auto Team Private' is visible

2022-03-18 18:37:09 - [MESSAGE][PASSED] - Object 'Object Repository/06-Teams/02-Add Team-Private/span_Auto Team Private' is visible

2022-03-18 18:37:09 - [TEST_STEP][PASSED] - delay(3): Delayed 3 second(s)

2022-03-18 18:37:12 - [MESSAGE][PASSED] - Delayed 3 second(s)

2022-03-18 18:37:12 - [TEST_STEP][PASSED] - closeBrowser(): Browser is closed

2022-03-18 18:37:12 - [MESSAGE][PASSED] - Browser is closed]]></system-out>
         <system-err><![CDATA[]]></system-err>
      </testcase>
      <system-out><![CDATA[2022-03-18 18:27:16 - [TEST_SUITE][PASSED] - 06-Teams: Test Cases/06-Teams/02-Add Team-Private]]></system-out>
      <system-err><![CDATA[]]></system-err>
   </testsuite>
</testsuites>
