<?xml version="1.0" encoding="UTF-8"?>
<testsuites name="11-Cloud Files" time="492.353" tests="13" failures="0" errors="0">
   <testsuite name="11-Cloud Files" tests="13" failures="0" errors="0" time="492.353" skipped="0" timestamp="2023-01-13 16:10:23" hostname="asus - DESKTOP-3L3J9C1" id="Test Suites/TS-Organization/11-Cloud Files">
      <properties>
         <property name="deviceName" value=""/>
         <property name="devicePlatform" value=""/>
         <property name="logFolder" value="C:\\Users\\asus\\Katalon Studio\\Everleagues\\Everleagues\\Reports\\20230113_161008\\TS-Organization\\11-Cloud Files\\20230113_161008"/>
         <property name="logFiles" value="C:\\Users\\asus\\Katalon Studio\\Everleagues\\Everleagues\\Reports\\20230113_161008\\TS-Organization\\11-Cloud Files\\20230113_161008\\execution0.log"/>
         <property name="attachments" value=""/>
         <property name="hostName" value="asus - DESKTOP-3L3J9C1"/>
         <property name="os" value="Windows 10 64bit"/>
         <property name="katalonVersion" value="8.4.1.208"/>
         <property name="browser" value="Chrome 109.0.0.0"/>
         <property name="hostAddress" value="192.168.5.88"/>
         <property name="sessionId" value="09b9984a0dda1f4787a52431efd11e31"/>
         <property name="seleniumVersion" value="3.141.59"/>
         <property name="proxyInformation" value="ProxyInformation { proxyOption=NO_PROXY, proxyServerType=HTTP, username=, password=********, proxyServerAddress=, proxyServerPort=0, executionList=&quot;&quot;, isApplyToDesiredCapabilities=true }"/>
         <property name="platform" value="Windows 10"/>
      </properties>
      <testcase name="Test Cases/11-Cloud Files/01-Create new folder" time="143.326" classname="Test Cases/11-Cloud Files/01-Create new folder" status="PASSED">
         <system-out><![CDATA[2023-01-13 16:10:24 - [TEST_CASE][PASSED] - Test Cases/11-Cloud Files/01-Create new folder: Test Cases/11-Cloud Files/01-Create new folder

2023-01-13 16:10:26 - [TEST_STEP][PASSED] - openBrowser(""): Browser is opened with url: ''

2023-01-13 16:10:28 - [MESSAGE][INFO] - Starting 'Chrome' driver

2023-01-13 16:10:28 - [MESSAGE][INFO] - Action delay is set to 0 milliseconds

2023-01-13 16:10:36 - [MESSAGE][PASSED] - Browser is opened with url: ''

2023-01-13 16:10:36 - [TEST_STEP][PASSED] - navigateToUrl("https://lab.everleagues.com/"): Navigate to 'https://lab.everleagues.com/' successfully

2023-01-13 16:11:06 - [MESSAGE][PASSED] - Navigate to 'https://lab.everleagues.com/' successfully

2023-01-13 16:11:06 - [TEST_STEP][PASSED] - maximizeWindow(): Current window maximized

2023-01-13 16:11:06 - [MESSAGE][PASSED] - Current window maximized

2023-01-13 16:11:06 - [TEST_STEP][PASSED] - setText(findTestObject("02-Side Icons(Organization)/Add Contact/Email Field"), "testuser02@mailinator.com"): Text 'testuser02@mailinator.com' is set on object 'Object Repository/02-Side Icons(Organization)/Add Contact/Email Field'

2023-01-13 16:11:10 - [MESSAGE][PASSED] - Text 'testuser02@mailinator.com' is set on object 'Object Repository/02-Side Icons(Organization)/Add Contact/Email Field'

2023-01-13 16:11:10 - [TEST_STEP][PASSED] - setEncryptedText(findTestObject("02-Side Icons(Organization)/Add Contact/Password Field"), "8yFRyszE6U6jvsCn51OQbg=="): Text ****** has been set on object 'Object Repository/02-Side Icons(Organization)/Add Contact/Password Field'

2023-01-13 16:11:11 - [MESSAGE][PASSED] - Text ****** has been set on object 'Object Repository/02-Side Icons(Organization)/Add Contact/Password Field'

2023-01-13 16:11:11 - [TEST_STEP][PASSED] - click(findTestObject("02-Side Icons(Organization)/Add Contact/button_Sign in")): Object: 'Object Repository/02-Side Icons(Organization)/Add Contact/button_Sign in' is clicked on

2023-01-13 16:11:12 - [MESSAGE][PASSED] - Object: 'Object Repository/02-Side Icons(Organization)/Add Contact/button_Sign in' is clicked on

2023-01-13 16:11:12 - [TEST_STEP][PASSED] - delay(2): Delayed 2 second(s)

2023-01-13 16:11:14 - [MESSAGE][PASSED] - Delayed 2 second(s)

2023-01-13 16:11:14 - [TEST_STEP][PASSED] - click(findTestObject("06-Teams/For 2FA/button_Confirm_2FA")): Object: 'Object Repository/06-Teams/For 2FA/button_Confirm_2FA' is clicked on

2023-01-13 16:11:15 - [MESSAGE][PASSED] - Object: 'Object Repository/06-Teams/For 2FA/button_Confirm_2FA' is clicked on

2023-01-13 16:11:15 - [TEST_STEP][PASSED] - executeJavaScript("window.open();", []): Execute JavaScript 'window.open();' successfully

2023-01-13 16:11:15 - [MESSAGE][PASSED] - Execute JavaScript 'window.open();' successfully

2023-01-13 16:11:15 - [TEST_STEP][PASSED] - currentWindow = getWindowIndex(): Current window's index is: 0

2023-01-13 16:11:15 - [MESSAGE][PASSED] - Current window's index is: 0

2023-01-13 16:11:15 - [TEST_STEP][PASSED] - delay(3): Delayed 3 second(s)

2023-01-13 16:11:19 - [MESSAGE][PASSED] - Delayed 3 second(s)

2023-01-13 16:11:19 - [TEST_STEP][PASSED] - switchToWindowIndex(currentWindow + 1): Switched to window with index: '1'

2023-01-13 16:11:19 - [MESSAGE][PASSED] - Switched to window with index: '1'

2023-01-13 16:11:19 - [TEST_STEP][PASSED] - navigateToUrl("https://www.mailinator.com/"): Navigate to 'https://www.mailinator.com/' successfully

2023-01-13 16:11:26 - [MESSAGE][PASSED] - Navigate to 'https://www.mailinator.com/' successfully

2023-01-13 16:11:26 - [TEST_STEP][PASSED] - delay(3): Delayed 3 second(s)

2023-01-13 16:11:29 - [MESSAGE][PASSED] - Delayed 3 second(s)

2023-01-13 16:11:29 - [TEST_STEP][PASSED] - setText(findTestObject("00-Signup and Activation/zMailinator/input_LOGIN_search"), "testuser02@mailinator.com"): Text 'testuser02@mailinator.com' is set on object 'Object Repository/00-Signup and Activation/zMailinator/input_LOGIN_search'

2023-01-13 16:11:32 - [MESSAGE][PASSED] - Text 'testuser02@mailinator.com' is set on object 'Object Repository/00-Signup and Activation/zMailinator/input_LOGIN_search'

2023-01-13 16:11:32 - [TEST_STEP][PASSED] - click(findTestObject("00-Signup and Activation/zMailinator/gobutton"), STOP_ON_FAILURE): Object: 'Object Repository/00-Signup and Activation/zMailinator/gobutton' is clicked on

2023-01-13 16:11:35 - [MESSAGE][PASSED] - Object: 'Object Repository/00-Signup and Activation/zMailinator/gobutton' is clicked on

2023-01-13 16:11:35 - [TEST_STEP][PASSED] - delay(3): Delayed 3 second(s)

2023-01-13 16:11:38 - [MESSAGE][PASSED] - Delayed 3 second(s)

2023-01-13 16:11:38 - [TEST_STEP][PASSED] - click(findTestObject("00-Signup and Activation/zMailinator/Email - everleagues")): Object: 'Object Repository/00-Signup and Activation/zMailinator/Email - everleagues' is clicked on

2023-01-13 16:11:39 - [MESSAGE][PASSED] - Object: 'Object Repository/00-Signup and Activation/zMailinator/Email - everleagues' is clicked on

2023-01-13 16:11:39 - [TEST_STEP][PASSED] - delay(3): Delayed 3 second(s)

2023-01-13 16:11:42 - [MESSAGE][PASSED] - Delayed 3 second(s)

2023-01-13 16:11:42 - [TEST_STEP][PASSED] - code = getText(findTestObject("Object Repository/06-Teams/For 2FA/2FA code")): Text of object 'Object Repository/06-Teams/For 2FA/2FA code' is: '752835'

2023-01-13 16:11:43 - [MESSAGE][PASSED] - Text of object 'Object Repository/06-Teams/For 2FA/2FA code' is: '752835'

2023-01-13 16:11:43 - [TEST_STEP][PASSED] - delay(3): Delayed 3 second(s)

2023-01-13 16:11:46 - [MESSAGE][PASSED] - Delayed 3 second(s)

2023-01-13 16:11:46 - [TEST_STEP][PASSED] - closeWindowTitle("Mailinator"): Window with title: 'Mailinator' is closed

2023-01-13 16:11:46 - [MESSAGE][PASSED] - Window with title: 'Mailinator' is closed

2023-01-13 16:11:46 - [TEST_STEP][PASSED] - delay(3): Delayed 3 second(s)

2023-01-13 16:11:49 - [MESSAGE][PASSED] - Delayed 3 second(s)

2023-01-13 16:11:49 - [TEST_STEP][PASSED] - switchToWindowIndex(0): Switched to window with index: '0'

2023-01-13 16:11:49 - [MESSAGE][PASSED] - Switched to window with index: '0'

2023-01-13 16:11:49 - [TEST_STEP][PASSED] - delay(3): Delayed 3 second(s)

2023-01-13 16:11:52 - [MESSAGE][PASSED] - Delayed 3 second(s)

2023-01-13 16:11:52 - [TEST_STEP][PASSED] - setText(findTestObject("Object Repository/06-Teams/For 2FA/input_Enter verification code_code"), code): Text '752835' is set on object 'Object Repository/06-Teams/For 2FA/input_Enter verification code_code'

2023-01-13 16:11:54 - [MESSAGE][PASSED] - Text '752835' is set on object 'Object Repository/06-Teams/For 2FA/input_Enter verification code_code'

2023-01-13 16:11:54 - [TEST_STEP][PASSED] - delay(3): Delayed 3 second(s)

2023-01-13 16:11:57 - [MESSAGE][PASSED] - Delayed 3 second(s)

2023-01-13 16:11:57 - [TEST_STEP][PASSED] - click(findTestObject("06-Teams/For 2FA/button_Verify_2FA")): Object: 'Object Repository/06-Teams/For 2FA/button_Verify_2FA' is clicked on

2023-01-13 16:11:58 - [MESSAGE][PASSED] - Object: 'Object Repository/06-Teams/For 2FA/button_Verify_2FA' is clicked on

2023-01-13 16:11:58 - [TEST_STEP][PASSED] - delay(5): Delayed 5 second(s)

2023-01-13 16:12:03 - [MESSAGE][PASSED] - Delayed 5 second(s)

2023-01-13 16:12:03 - [TEST_STEP][PASSED] - click(findTestObject("06-Teams/button_doublearrow")): Object: 'Object Repository/06-Teams/button_doublearrow' is clicked on

2023-01-13 16:12:05 - [MESSAGE][PASSED] - Object: 'Object Repository/06-Teams/button_doublearrow' is clicked on

2023-01-13 16:12:05 - [TEST_STEP][PASSED] - click(findTestObject("06-Teams/button_My Organizations")): Object: 'Object Repository/06-Teams/button_My Organizations' is clicked on

2023-01-13 16:12:06 - [MESSAGE][PASSED] - Object: 'Object Repository/06-Teams/button_My Organizations' is clicked on

2023-01-13 16:12:06 - [TEST_STEP][PASSED] - click(findTestObject("02-Side Icons(Organization)/Add Contact/button_Automation Test Org")): Object: 'Object Repository/02-Side Icons(Organization)/Add Contact/button_Automation Test Org' is clicked on

2023-01-13 16:12:08 - [MESSAGE][PASSED] - Object: 'Object Repository/02-Side Icons(Organization)/Add Contact/button_Automation Test Org' is clicked on

2023-01-13 16:12:08 - [TEST_STEP][PASSED] - delay(4): Delayed 4 second(s)

2023-01-13 16:12:12 - [MESSAGE][PASSED] - Delayed 4 second(s)

2023-01-13 16:12:12 - [TEST_STEP][PASSED] - verifyElementVisible(findTestObject("02-Side Icons(Organization)/Add Contact/span_Automation Test Org")): Object 'Object Repository/02-Side Icons(Organization)/Add Contact/span_Automation Test Org' is visible

2023-01-13 16:12:13 - [MESSAGE][PASSED] - Object 'Object Repository/02-Side Icons(Organization)/Add Contact/span_Automation Test Org' is visible

2023-01-13 16:12:13 - [TEST_STEP][PASSED] - delay(5): Delayed 5 second(s)

2023-01-13 16:12:18 - [MESSAGE][PASSED] - Delayed 5 second(s)

2023-01-13 16:12:18 - [TEST_STEP][PASSED] - click(findTestObject("03-Header Menu/Hamburger Button/div_Cloud Files")): Object: 'Object Repository/03-Header Menu/Hamburger Button/div_Cloud Files' is clicked on

2023-01-13 16:12:19 - [MESSAGE][PASSED] - Object: 'Object Repository/03-Header Menu/Hamburger Button/div_Cloud Files' is clicked on

2023-01-13 16:12:19 - [TEST_STEP][PASSED] - scrollToElement(findTestObject("11-Cloud Files/a_My Files"), 0): Scroll to object 'Object Repository/11-Cloud Files/a_My Files' successfully

2023-01-13 16:12:19 - [MESSAGE][WARNING] - Timeout '0' is invalid. Using default page load timeout: '30'

2023-01-13 16:12:20 - [MESSAGE][PASSED] - Scroll to object 'Object Repository/11-Cloud Files/a_My Files' successfully

2023-01-13 16:12:20 - [TEST_STEP][PASSED] - verifyElementVisible(findTestObject("11-Cloud Files/a_My Files")): Object 'Object Repository/11-Cloud Files/a_My Files' is visible

2023-01-13 16:12:20 - [MESSAGE][PASSED] - Object 'Object Repository/11-Cloud Files/a_My Files' is visible

2023-01-13 16:12:20 - [TEST_STEP][PASSED] - verifyElementVisible(findTestObject("11-Cloud Files/a_Shared With Me")): Object 'Object Repository/11-Cloud Files/a_Shared With Me' is visible

2023-01-13 16:12:21 - [MESSAGE][PASSED] - Object 'Object Repository/11-Cloud Files/a_Shared With Me' is visible

2023-01-13 16:12:21 - [TEST_STEP][PASSED] - click(findTestObject("11-Cloud Files/a_My Files")): Object: 'Object Repository/11-Cloud Files/a_My Files' is clicked on

2023-01-13 16:12:22 - [MESSAGE][PASSED] - Object: 'Object Repository/11-Cloud Files/a_My Files' is clicked on

2023-01-13 16:12:22 - [TEST_STEP][PASSED] - verifyElementVisible(findTestObject("11-Cloud Files/h4_CLOUD STORAGE")): Object 'Object Repository/11-Cloud Files/h4_CLOUD STORAGE' is visible

2023-01-13 16:12:23 - [MESSAGE][PASSED] - Object 'Object Repository/11-Cloud Files/h4_CLOUD STORAGE' is visible

2023-01-13 16:12:23 - [TEST_STEP][PASSED] - verifyElementVisible(findTestObject("11-Cloud Files/h4_MY FILES")): Object 'Object Repository/11-Cloud Files/h4_MY FILES' is visible

2023-01-13 16:12:24 - [MESSAGE][PASSED] - Object 'Object Repository/11-Cloud Files/h4_MY FILES' is visible

2023-01-13 16:12:24 - [TEST_STEP][PASSED] - delay(3): Delayed 3 second(s)

2023-01-13 16:12:27 - [MESSAGE][PASSED] - Delayed 3 second(s)

2023-01-13 16:12:27 - [TEST_STEP][PASSED] - click(findTestObject("11-Cloud Files/button_cloud_upload Upload Files  Create Folders")): Object: 'Object Repository/11-Cloud Files/button_cloud_upload Upload Files  Create Folders' is clicked on

2023-01-13 16:12:28 - [MESSAGE][PASSED] - Object: 'Object Repository/11-Cloud Files/button_cloud_upload Upload Files  Create Folders' is clicked on

2023-01-13 16:12:28 - [TEST_STEP][PASSED] - click(findTestObject("11-Cloud Files/button_create_new_folderNew Folder")): Object: 'Object Repository/11-Cloud Files/button_create_new_folderNew Folder' is clicked on

2023-01-13 16:12:29 - [MESSAGE][PASSED] - Object: 'Object Repository/11-Cloud Files/button_create_new_folderNew Folder' is clicked on

2023-01-13 16:12:29 - [TEST_STEP][PASSED] - verifyElementVisible(findTestObject("11-Cloud Files/mat-dialog-container_CreateNewFolder modal")): Object 'Object Repository/11-Cloud Files/mat-dialog-container_CreateNewFolder modal' is visible

2023-01-13 16:12:30 - [MESSAGE][PASSED] - Object 'Object Repository/11-Cloud Files/mat-dialog-container_CreateNewFolder modal' is visible

2023-01-13 16:12:30 - [TEST_STEP][PASSED] - verifyElementVisible(findTestObject("11-Cloud Files/h4_New folder")): Object 'Object Repository/11-Cloud Files/h4_New folder' is visible

2023-01-13 16:12:30 - [MESSAGE][PASSED] - Object 'Object Repository/11-Cloud Files/h4_New folder' is visible

2023-01-13 16:12:30 - [TEST_STEP][PASSED] - setText(findTestObject("11-Cloud Files/input_folderName"), "Automation folder"): Text 'Automation folder' is set on object 'Object Repository/11-Cloud Files/input_folderName'

2023-01-13 16:12:32 - [MESSAGE][PASSED] - Text 'Automation folder' is set on object 'Object Repository/11-Cloud Files/input_folderName'

2023-01-13 16:12:32 - [TEST_STEP][PASSED] - click(findTestObject("11-Cloud Files/button_Create")): Object: 'Object Repository/11-Cloud Files/button_Create' is clicked on

2023-01-13 16:12:33 - [MESSAGE][PASSED] - Object: 'Object Repository/11-Cloud Files/button_Create' is clicked on

2023-01-13 16:12:33 - [TEST_STEP][PASSED] - delay(3): Delayed 3 second(s)

2023-01-13 16:12:36 - [MESSAGE][PASSED] - Delayed 3 second(s)

2023-01-13 16:12:36 - [TEST_STEP][PASSED] - click(findTestObject("11-Cloud Files/button_cloud_upload Upload Files  Create Folders")): Object: 'Object Repository/11-Cloud Files/button_cloud_upload Upload Files  Create Folders' is clicked on

2023-01-13 16:12:37 - [MESSAGE][PASSED] - Object: 'Object Repository/11-Cloud Files/button_cloud_upload Upload Files  Create Folders' is clicked on

2023-01-13 16:12:37 - [TEST_STEP][PASSED] - click(findTestObject("11-Cloud Files/button_create_new_folderNew Folder")): Object: 'Object Repository/11-Cloud Files/button_create_new_folderNew Folder' is clicked on

2023-01-13 16:12:38 - [MESSAGE][PASSED] - Object: 'Object Repository/11-Cloud Files/button_create_new_folderNew Folder' is clicked on

2023-01-13 16:12:38 - [TEST_STEP][PASSED] - verifyElementVisible(findTestObject("11-Cloud Files/mat-dialog-container_CreateNewFolder modal")): Object 'Object Repository/11-Cloud Files/mat-dialog-container_CreateNewFolder modal' is visible

2023-01-13 16:12:38 - [MESSAGE][PASSED] - Object 'Object Repository/11-Cloud Files/mat-dialog-container_CreateNewFolder modal' is visible

2023-01-13 16:12:38 - [TEST_STEP][PASSED] - verifyElementVisible(findTestObject("11-Cloud Files/h4_New folder")): Object 'Object Repository/11-Cloud Files/h4_New folder' is visible

2023-01-13 16:12:39 - [MESSAGE][PASSED] - Object 'Object Repository/11-Cloud Files/h4_New folder' is visible

2023-01-13 16:12:39 - [TEST_STEP][PASSED] - setText(findTestObject("11-Cloud Files/input_folderName"), "Automation folder 2"): Text 'Automation folder 2' is set on object 'Object Repository/11-Cloud Files/input_folderName'

2023-01-13 16:12:41 - [MESSAGE][PASSED] - Text 'Automation folder 2' is set on object 'Object Repository/11-Cloud Files/input_folderName'

2023-01-13 16:12:41 - [TEST_STEP][PASSED] - click(findTestObject("11-Cloud Files/button_Create")): Object: 'Object Repository/11-Cloud Files/button_Create' is clicked on

2023-01-13 16:12:42 - [MESSAGE][PASSED] - Object: 'Object Repository/11-Cloud Files/button_Create' is clicked on

2023-01-13 16:12:42 - [TEST_STEP][PASSED] - delay(3): Delayed 3 second(s)

2023-01-13 16:12:45 - [MESSAGE][PASSED] - Delayed 3 second(s)

2023-01-13 16:12:45 - [TEST_STEP][PASSED] - click(findTestObject("11-Cloud Files/mat-icon_refresh")): Object: 'Object Repository/11-Cloud Files/mat-icon_refresh' is clicked on

2023-01-13 16:12:46 - [MESSAGE][PASSED] - Object: 'Object Repository/11-Cloud Files/mat-icon_refresh' is clicked on

2023-01-13 16:12:46 - [TEST_STEP][PASSED] - verifyElementVisible(findTestObject("11-Cloud Files/td_Automation folder")): Object 'Object Repository/11-Cloud Files/td_Automation folder' is visible

2023-01-13 16:12:47 - [MESSAGE][PASSED] - Object 'Object Repository/11-Cloud Files/td_Automation folder' is visible]]></system-out>
         <system-err><![CDATA[]]></system-err>
      </testcase>
      <testcase name="Test Cases/11-Cloud Files/02-Upload Local File" time="26.911" classname="Test Cases/11-Cloud Files/02-Upload Local File" status="PASSED">
         <system-out><![CDATA[2023-01-13 16:12:48 - [TEST_CASE][PASSED] - Test Cases/11-Cloud Files/02-Upload Local File: Test Cases/11-Cloud Files/02-Upload Local File

2023-01-13 16:12:49 - [TEST_STEP][PASSED] - delay(4): Delayed 4 second(s)

2023-01-13 16:12:53 - [MESSAGE][PASSED] - Delayed 4 second(s)

2023-01-13 16:12:53 - [TEST_STEP][PASSED] - click(findTestObject("11-Cloud Files/button_cloud_upload Upload Files  Create Folders")): Object: 'Object Repository/11-Cloud Files/button_cloud_upload Upload Files  Create Folders' is clicked on

2023-01-13 16:12:54 - [MESSAGE][PASSED] - Object: 'Object Repository/11-Cloud Files/button_cloud_upload Upload Files  Create Folders' is clicked on

2023-01-13 16:12:54 - [TEST_STEP][PASSED] - uploadpackage.Upload.uploadFile(findTestObject("Object Repository/11-Cloud Files/button_cloud_uploadUpload Local File"), "C:\Users\asus\Desktop\EL automation\qa.jpg"): uploadpackage.Upload.uploadFile is PASSED

2023-01-13 16:12:55 - [MESSAGE][PASSED] - Object: 'Object Repository/11-Cloud Files/button_cloud_uploadUpload Local File' is clicked on

2023-01-13 16:12:57 - [MESSAGE][PASSED] - uploadpackage.Upload.uploadFile is PASSED

2023-01-13 16:12:57 - [TEST_STEP][PASSED] - delay(2): Delayed 2 second(s)

2023-01-13 16:12:59 - [MESSAGE][PASSED] - Delayed 2 second(s)

2023-01-13 16:13:00 - [TEST_STEP][PASSED] - verifyElementVisible(findTestObject("11-Cloud Files/mat-dialog-container_Upload local file modal")): Object 'Object Repository/11-Cloud Files/mat-dialog-container_Upload local file modal' is visible

2023-01-13 16:13:00 - [MESSAGE][PASSED] - Object 'Object Repository/11-Cloud Files/mat-dialog-container_Upload local file modal' is visible

2023-01-13 16:13:00 - [TEST_STEP][PASSED] - click(findTestObject("11-Cloud Files/button_Confirm")): Object: 'Object Repository/11-Cloud Files/button_Confirm' is clicked on

2023-01-13 16:13:02 - [MESSAGE][PASSED] - Object: 'Object Repository/11-Cloud Files/button_Confirm' is clicked on

2023-01-13 16:13:02 - [TEST_STEP][PASSED] - delay(3): Delayed 3 second(s)

2023-01-13 16:13:05 - [MESSAGE][PASSED] - Delayed 3 second(s)

2023-01-13 16:13:05 - [TEST_STEP][PASSED] - verifyElementVisible(findTestObject("11-Cloud Files/div_Upload completed clear")): Object 'Object Repository/11-Cloud Files/div_Upload completed clear' is visible

2023-01-13 16:13:06 - [MESSAGE][PASSED] - Object 'Object Repository/11-Cloud Files/div_Upload completed clear' is visible

2023-01-13 16:13:06 - [TEST_STEP][PASSED] - delay(3): Delayed 3 second(s)

2023-01-13 16:13:09 - [MESSAGE][PASSED] - Delayed 3 second(s)

2023-01-13 16:13:09 - [TEST_STEP][PASSED] - setText(findTestObject("11-Cloud Files/input_Search cloudfiles"), "Automation folder"): Text 'Automation folder' is set on object 'Object Repository/11-Cloud Files/input_Search cloudfiles'

2023-01-13 16:13:11 - [MESSAGE][PASSED] - Text 'Automation folder' is set on object 'Object Repository/11-Cloud Files/input_Search cloudfiles'

2023-01-13 16:13:11 - [TEST_STEP][PASSED] - sendKeys(findTestObject("11-Cloud Files/input_Search cloudfiles"), Keys.chord(ENTER)): Keys 'ENTER + ' sent to object: 'Object Repository/11-Cloud Files/input_Search cloudfiles'

2023-01-13 16:13:12 - [MESSAGE][PASSED] - Keys 'ENTER + ' sent to object: 'Object Repository/11-Cloud Files/input_Search cloudfiles'

2023-01-13 16:13:12 - [TEST_STEP][PASSED] - verifyElementVisible(findTestObject("11-Cloud Files/td_Automation folder")): Object 'Object Repository/11-Cloud Files/td_Automation folder' is visible

2023-01-13 16:13:13 - [MESSAGE][PASSED] - Object 'Object Repository/11-Cloud Files/td_Automation folder' is visible

2023-01-13 16:13:13 - [TEST_STEP][PASSED] - clearText(findTestObject("11-Cloud Files/input_Search cloudfiles")): Text of object 'Object Repository/11-Cloud Files/input_Search cloudfiles' is cleared

2023-01-13 16:13:14 - [MESSAGE][PASSED] - Text of object 'Object Repository/11-Cloud Files/input_Search cloudfiles' is cleared

2023-01-13 16:13:14 - [TEST_STEP][PASSED] - click(findTestObject("11-Cloud Files/mat-icon_refresh")): Object: 'Object Repository/11-Cloud Files/mat-icon_refresh' is clicked on

2023-01-13 16:13:14 - [MESSAGE][PASSED] - Object: 'Object Repository/11-Cloud Files/mat-icon_refresh' is clicked on]]></system-out>
         <system-err><![CDATA[]]></system-err>
      </testcase>
      <testcase name="Test Cases/11-Cloud Files/03-Rename a folder and file" time="25.754" classname="Test Cases/11-Cloud Files/03-Rename a folder and file" status="PASSED">
         <system-out><![CDATA[2023-01-13 16:13:14 - [TEST_CASE][PASSED] - Test Cases/11-Cloud Files/03-Rename a folder and file: Test Cases/11-Cloud Files/03-Rename a folder and file

2023-01-13 16:13:16 - [TEST_STEP][PASSED] - delay(3): Delayed 3 second(s)

2023-01-13 16:13:19 - [MESSAGE][PASSED] - Delayed 3 second(s)

2023-01-13 16:13:19 - [TEST_STEP][PASSED] - rightClick(findTestObject("11-Cloud Files/td_Automation folder")): Object: 'Object Repository/11-Cloud Files/td_Automation folder' is right clicked on

2023-01-13 16:13:20 - [MESSAGE][PASSED] - Object: 'Object Repository/11-Cloud Files/td_Automation folder' is right clicked on

2023-01-13 16:13:20 - [TEST_STEP][PASSED] - click(findTestObject("11-Cloud Files/button_Rename")): Object: 'Object Repository/11-Cloud Files/button_Rename' is clicked on

2023-01-13 16:13:22 - [MESSAGE][PASSED] - Object: 'Object Repository/11-Cloud Files/button_Rename' is clicked on

2023-01-13 16:13:22 - [TEST_STEP][PASSED] - verifyElementVisible(findTestObject("11-Cloud Files/mat-dialog-container_RenameName nodal")): Object 'Object Repository/11-Cloud Files/mat-dialog-container_RenameName nodal' is visible

2023-01-13 16:13:23 - [MESSAGE][PASSED] - Object 'Object Repository/11-Cloud Files/mat-dialog-container_RenameName nodal' is visible

2023-01-13 16:13:23 - [TEST_STEP][PASSED] - setText(findTestObject("11-Cloud Files/input_Rename"), "Automation folder EDIT"): Text 'Automation folder EDIT' is set on object 'Object Repository/11-Cloud Files/input_Rename'

2023-01-13 16:13:25 - [MESSAGE][PASSED] - Text 'Automation folder EDIT' is set on object 'Object Repository/11-Cloud Files/input_Rename'

2023-01-13 16:13:25 - [TEST_STEP][PASSED] - click(findTestObject("09-Settings/Users/Active User/button_Save")): Object: 'Object Repository/09-Settings/Users/Active User/button_Save' is clicked on

2023-01-13 16:13:26 - [MESSAGE][PASSED] - Object: 'Object Repository/09-Settings/Users/Active User/button_Save' is clicked on

2023-01-13 16:13:26 - [TEST_STEP][PASSED] - verifyElementVisible(findTestObject("11-Cloud Files/snack-bar-container_Successfully changed nameOK")): Object 'Object Repository/11-Cloud Files/snack-bar-container_Successfully changed nameOK' is visible

2023-01-13 16:13:29 - [MESSAGE][PASSED] - Object 'Object Repository/11-Cloud Files/snack-bar-container_Successfully changed nameOK' is visible

2023-01-13 16:13:29 - [TEST_STEP][PASSED] - delay(3): Delayed 3 second(s)

2023-01-13 16:13:32 - [MESSAGE][PASSED] - Delayed 3 second(s)

2023-01-13 16:13:32 - [TEST_STEP][PASSED] - rightClick(findTestObject("11-Cloud Files/td_qa")): Object: 'Object Repository/11-Cloud Files/td_qa' is right clicked on

2023-01-13 16:13:33 - [MESSAGE][PASSED] - Object: 'Object Repository/11-Cloud Files/td_qa' is right clicked on

2023-01-13 16:13:33 - [TEST_STEP][PASSED] - click(findTestObject("11-Cloud Files/button_Rename")): Object: 'Object Repository/11-Cloud Files/button_Rename' is clicked on

2023-01-13 16:13:33 - [MESSAGE][PASSED] - Object: 'Object Repository/11-Cloud Files/button_Rename' is clicked on

2023-01-13 16:13:33 - [TEST_STEP][PASSED] - verifyElementVisible(findTestObject("11-Cloud Files/mat-dialog-container_RenameName nodal")): Object 'Object Repository/11-Cloud Files/mat-dialog-container_RenameName nodal' is visible

2023-01-13 16:13:34 - [MESSAGE][PASSED] - Object 'Object Repository/11-Cloud Files/mat-dialog-container_RenameName nodal' is visible

2023-01-13 16:13:34 - [TEST_STEP][PASSED] - setText(findTestObject("11-Cloud Files/input_Rename"), "qa EDIT"): Text 'qa EDIT' is set on object 'Object Repository/11-Cloud Files/input_Rename'

2023-01-13 16:13:37 - [MESSAGE][PASSED] - Text 'qa EDIT' is set on object 'Object Repository/11-Cloud Files/input_Rename'

2023-01-13 16:13:37 - [TEST_STEP][PASSED] - click(findTestObject("09-Settings/Users/Active User/button_Save")): Object: 'Object Repository/09-Settings/Users/Active User/button_Save' is clicked on

2023-01-13 16:13:38 - [MESSAGE][PASSED] - Object: 'Object Repository/09-Settings/Users/Active User/button_Save' is clicked on

2023-01-13 16:13:38 - [TEST_STEP][PASSED] - verifyElementVisible(findTestObject("11-Cloud Files/snack-bar-container_Successfully changed nameOK")): Object 'Object Repository/11-Cloud Files/snack-bar-container_Successfully changed nameOK' is visible

2023-01-13 16:13:40 - [MESSAGE][PASSED] - Object 'Object Repository/11-Cloud Files/snack-bar-container_Successfully changed nameOK' is visible]]></system-out>
         <system-err><![CDATA[]]></system-err>
      </testcase>
      <testcase name="Test Cases/11-Cloud Files/04-Download a file and folder" time="19.159" classname="Test Cases/11-Cloud Files/04-Download a file and folder" status="PASSED">
         <system-out><![CDATA[2023-01-13 16:13:40 - [TEST_CASE][PASSED] - Test Cases/11-Cloud Files/04-Download a file and folder: Test Cases/11-Cloud Files/04-Download a file and folder

2023-01-13 16:13:42 - [TEST_STEP][PASSED] - delay(3): Delayed 3 second(s)

2023-01-13 16:13:45 - [MESSAGE][PASSED] - Delayed 3 second(s)

2023-01-13 16:13:45 - [TEST_STEP][PASSED] - rightClick(findTestObject("11-Cloud Files/td_qa EDIT")): Object: 'Object Repository/11-Cloud Files/td_qa EDIT' is right clicked on

2023-01-13 16:13:46 - [MESSAGE][PASSED] - Object: 'Object Repository/11-Cloud Files/td_qa EDIT' is right clicked on

2023-01-13 16:13:46 - [TEST_STEP][PASSED] - click(findTestObject("11-Cloud Files/button_download")): Object: 'Object Repository/11-Cloud Files/button_download' is clicked on

2023-01-13 16:13:47 - [MESSAGE][PASSED] - Object: 'Object Repository/11-Cloud Files/button_download' is clicked on

2023-01-13 16:13:47 - [TEST_STEP][PASSED] - verifyElementVisible(findTestObject("11-Cloud Files/div_Done downloading qaclear")): Object 'Object Repository/11-Cloud Files/div_Done downloading qaclear' is visible

2023-01-13 16:13:50 - [MESSAGE][PASSED] - Object 'Object Repository/11-Cloud Files/div_Done downloading qaclear' is visible

2023-01-13 16:13:50 - [TEST_STEP][PASSED] - delay(3): Delayed 3 second(s)

2023-01-13 16:13:53 - [MESSAGE][PASSED] - Delayed 3 second(s)

2023-01-13 16:13:53 - [TEST_STEP][PASSED] - rightClick(findTestObject("11-Cloud Files/td_Automation folder EDIT")): Object: 'Object Repository/11-Cloud Files/td_Automation folder EDIT' is right clicked on

2023-01-13 16:13:54 - [MESSAGE][PASSED] - Object: 'Object Repository/11-Cloud Files/td_Automation folder EDIT' is right clicked on

2023-01-13 16:13:54 - [TEST_STEP][PASSED] - click(findTestObject("11-Cloud Files/button_download")): Object: 'Object Repository/11-Cloud Files/button_download' is clicked on

2023-01-13 16:13:55 - [MESSAGE][PASSED] - Object: 'Object Repository/11-Cloud Files/button_download' is clicked on

2023-01-13 16:13:55 - [TEST_STEP][PASSED] - verifyElementVisible(findTestObject("11-Cloud Files/div_Done downloading folder")): Object 'Object Repository/11-Cloud Files/div_Done downloading folder' is visible

2023-01-13 16:13:59 - [MESSAGE][PASSED] - Object 'Object Repository/11-Cloud Files/div_Done downloading folder' is visible]]></system-out>
         <system-err><![CDATA[]]></system-err>
      </testcase>
      <testcase name="Test Cases/11-Cloud Files/05-Duplicate a Folder (Negative scenario)" time="13.224" classname="Test Cases/11-Cloud Files/05-Duplicate a Folder (Negative scenario)" status="PASSED">
         <system-out><![CDATA[2023-01-13 16:13:59 - [TEST_CASE][PASSED] - Test Cases/11-Cloud Files/05-Duplicate a Folder (Negative scenario): Test Cases/11-Cloud Files/05-Duplicate a Folder (Negative scenario)

2023-01-13 16:14:02 - [TEST_STEP][PASSED] - delay(3): Delayed 3 second(s)

2023-01-13 16:14:05 - [MESSAGE][PASSED] - Delayed 3 second(s)

2023-01-13 16:14:05 - [TEST_STEP][PASSED] - click(findTestObject("11-Cloud Files/td_Automation folder EDIT")): Object: 'Object Repository/11-Cloud Files/td_Automation folder EDIT' is clicked on

2023-01-13 16:14:06 - [MESSAGE][PASSED] - Object: 'Object Repository/11-Cloud Files/td_Automation folder EDIT' is clicked on

2023-01-13 16:14:06 - [TEST_STEP][PASSED] - click(findTestObject("11-Cloud Files/button_Duplicate")): Object: 'Object Repository/11-Cloud Files/button_Duplicate' is clicked on

2023-01-13 16:14:07 - [MESSAGE][PASSED] - Object: 'Object Repository/11-Cloud Files/button_Duplicate' is clicked on

2023-01-13 16:14:07 - [TEST_STEP][PASSED] - verifyElementVisible(findTestObject("11-Cloud Files/mat-dialog-container_DuplicateFolderModal")): Object 'Object Repository/11-Cloud Files/mat-dialog-container_DuplicateFolderModal' is visible

2023-01-13 16:14:08 - [MESSAGE][PASSED] - Object 'Object Repository/11-Cloud Files/mat-dialog-container_DuplicateFolderModal' is visible

2023-01-13 16:14:08 - [TEST_STEP][PASSED] - delay(3): Delayed 3 second(s)

2023-01-13 16:14:11 - [MESSAGE][PASSED] - Delayed 3 second(s)

2023-01-13 16:14:11 - [TEST_STEP][PASSED] - click(findTestObject("11-Cloud Files/button_Confirm")): Object: 'Object Repository/11-Cloud Files/button_Confirm' is clicked on

2023-01-13 16:14:12 - [MESSAGE][PASSED] - Object: 'Object Repository/11-Cloud Files/button_Confirm' is clicked on

2023-01-13 16:14:12 - [TEST_STEP][PASSED] - click(findTestObject("11-Cloud Files/td_Automation folder EDIT")): Object: 'Object Repository/11-Cloud Files/td_Automation folder EDIT' is clicked on

2023-01-13 16:14:13 - [MESSAGE][PASSED] - Object: 'Object Repository/11-Cloud Files/td_Automation folder EDIT' is clicked on]]></system-out>
         <system-err><![CDATA[]]></system-err>
      </testcase>
      <testcase name="Test Cases/11-Cloud Files/06-Duplicate a file" time="9.251" classname="Test Cases/11-Cloud Files/06-Duplicate a file" status="PASSED">
         <system-out><![CDATA[2023-01-13 16:14:13 - [TEST_CASE][PASSED] - Test Cases/11-Cloud Files/06-Duplicate a file: Test Cases/11-Cloud Files/06-Duplicate a file

2023-01-13 16:14:14 - [TEST_STEP][PASSED] - delay(3): Delayed 3 second(s)

2023-01-13 16:14:17 - [MESSAGE][PASSED] - Delayed 3 second(s)

2023-01-13 16:14:17 - [TEST_STEP][PASSED] - click(findTestObject("11-Cloud Files/td_qa EDIT")): Object: 'Object Repository/11-Cloud Files/td_qa EDIT' is clicked on

2023-01-13 16:14:18 - [MESSAGE][PASSED] - Object: 'Object Repository/11-Cloud Files/td_qa EDIT' is clicked on

2023-01-13 16:14:18 - [TEST_STEP][PASSED] - click(findTestObject("11-Cloud Files/button_Duplicate")): Object: 'Object Repository/11-Cloud Files/button_Duplicate' is clicked on

2023-01-13 16:14:19 - [MESSAGE][PASSED] - Object: 'Object Repository/11-Cloud Files/button_Duplicate' is clicked on

2023-01-13 16:14:19 - [TEST_STEP][PASSED] - verifyElementVisible(findTestObject("11-Cloud Files/div_ItemsDuplicatedSuccessfully")): Object 'Object Repository/11-Cloud Files/div_ItemsDuplicatedSuccessfully' is visible

2023-01-13 16:14:21 - [MESSAGE][PASSED] - Object 'Object Repository/11-Cloud Files/div_ItemsDuplicatedSuccessfully' is visible

2023-01-13 16:14:21 - [TEST_STEP][PASSED] - verifyElementVisible(findTestObject("11-Cloud Files/td_Copy of qa EDIT")): Object 'Object Repository/11-Cloud Files/td_Copy of qa EDIT' is visible

2023-01-13 16:14:22 - [MESSAGE][PASSED] - Object 'Object Repository/11-Cloud Files/td_Copy of qa EDIT' is visible]]></system-out>
         <system-err><![CDATA[]]></system-err>
      </testcase>
      <testcase name="Test Cases/11-Cloud Files/07-Move a file and folder" time="19.854" classname="Test Cases/11-Cloud Files/07-Move a file and folder" status="PASSED">
         <system-out><![CDATA[2023-01-13 16:14:22 - [TEST_CASE][PASSED] - Test Cases/11-Cloud Files/07-Move a file and folder: Test Cases/11-Cloud Files/07-Move a file and folder

2023-01-13 16:14:24 - [TEST_STEP][PASSED] - delay(3): Delayed 3 second(s)

2023-01-13 16:14:27 - [MESSAGE][PASSED] - Delayed 3 second(s)

2023-01-13 16:14:27 - [TEST_STEP][PASSED] - rightClick(findTestObject("11-Cloud Files/td_Copy of qa EDIT")): Object: 'Object Repository/11-Cloud Files/td_Copy of qa EDIT' is right clicked on

2023-01-13 16:14:27 - [MESSAGE][PASSED] - Object: 'Object Repository/11-Cloud Files/td_Copy of qa EDIT' is right clicked on

2023-01-13 16:14:27 - [TEST_STEP][PASSED] - click(findTestObject("11-Cloud Files/button_MoveTo")): Object: 'Object Repository/11-Cloud Files/button_MoveTo' is clicked on

2023-01-13 16:14:29 - [MESSAGE][PASSED] - Object: 'Object Repository/11-Cloud Files/button_MoveTo' is clicked on

2023-01-13 16:14:29 - [TEST_STEP][PASSED] - click(findTestObject("11-Cloud Files/span_Automation folder EDIT MoveTo")): Object: 'Object Repository/11-Cloud Files/span_Automation folder EDIT MoveTo' is clicked on

2023-01-13 16:14:30 - [MESSAGE][PASSED] - Object: 'Object Repository/11-Cloud Files/span_Automation folder EDIT MoveTo' is clicked on

2023-01-13 16:14:30 - [TEST_STEP][PASSED] - click(findTestObject("11-Cloud Files/button_Move")): Object: 'Object Repository/11-Cloud Files/button_Move' is clicked on

2023-01-13 16:14:31 - [MESSAGE][PASSED] - Object: 'Object Repository/11-Cloud Files/button_Move' is clicked on

2023-01-13 16:14:31 - [TEST_STEP][PASSED] - verifyElementVisible(findTestObject("11-Cloud Files/div_ItemSuccessfullyMove")): Object 'Object Repository/11-Cloud Files/div_ItemSuccessfullyMove' is visible

2023-01-13 16:14:33 - [MESSAGE][PASSED] - Object 'Object Repository/11-Cloud Files/div_ItemSuccessfullyMove' is visible

2023-01-13 16:14:33 - [TEST_STEP][PASSED] - delay(3): Delayed 3 second(s)

2023-01-13 16:14:36 - [MESSAGE][PASSED] - Delayed 3 second(s)

2023-01-13 16:14:36 - [TEST_STEP][PASSED] - rightClick(findTestObject("11-Cloud Files/td_Automation folder 2")): Object: 'Object Repository/11-Cloud Files/td_Automation folder 2' is right clicked on

2023-01-13 16:14:36 - [MESSAGE][PASSED] - Object: 'Object Repository/11-Cloud Files/td_Automation folder 2' is right clicked on

2023-01-13 16:14:36 - [TEST_STEP][PASSED] - click(findTestObject("11-Cloud Files/button_MoveTo")): Object: 'Object Repository/11-Cloud Files/button_MoveTo' is clicked on

2023-01-13 16:14:37 - [MESSAGE][PASSED] - Object: 'Object Repository/11-Cloud Files/button_MoveTo' is clicked on

2023-01-13 16:14:37 - [TEST_STEP][PASSED] - click(findTestObject("11-Cloud Files/span_Automation folder EDIT MoveTo")): Object: 'Object Repository/11-Cloud Files/span_Automation folder EDIT MoveTo' is clicked on

2023-01-13 16:14:39 - [MESSAGE][PASSED] - Object: 'Object Repository/11-Cloud Files/span_Automation folder EDIT MoveTo' is clicked on

2023-01-13 16:14:39 - [TEST_STEP][PASSED] - click(findTestObject("11-Cloud Files/button_Move")): Object: 'Object Repository/11-Cloud Files/button_Move' is clicked on

2023-01-13 16:14:40 - [MESSAGE][PASSED] - Object: 'Object Repository/11-Cloud Files/button_Move' is clicked on

2023-01-13 16:14:40 - [TEST_STEP][PASSED] - verifyElementVisible(findTestObject("11-Cloud Files/div_ItemSuccessfullyMove")): Object 'Object Repository/11-Cloud Files/div_ItemSuccessfullyMove' is visible

2023-01-13 16:14:42 - [MESSAGE][PASSED] - Object 'Object Repository/11-Cloud Files/div_ItemSuccessfullyMove' is visible]]></system-out>
         <system-err><![CDATA[]]></system-err>
      </testcase>
      <testcase name="Test Cases/11-Cloud Files/08-Open a file and folder" time="21.569" classname="Test Cases/11-Cloud Files/08-Open a file and folder" status="PASSED">
         <system-out><![CDATA[2023-01-13 16:14:42 - [TEST_CASE][PASSED] - Test Cases/11-Cloud Files/08-Open a file and folder: Test Cases/11-Cloud Files/08-Open a file and folder

2023-01-13 16:14:44 - [TEST_STEP][PASSED] - delay(3): Delayed 3 second(s)

2023-01-13 16:14:47 - [MESSAGE][PASSED] - Delayed 3 second(s)

2023-01-13 16:14:47 - [TEST_STEP][PASSED] - rightClick(findTestObject("11-Cloud Files/td_qa EDIT")): Object: 'Object Repository/11-Cloud Files/td_qa EDIT' is right clicked on

2023-01-13 16:14:48 - [MESSAGE][PASSED] - Object: 'Object Repository/11-Cloud Files/td_qa EDIT' is right clicked on

2023-01-13 16:14:48 - [TEST_STEP][PASSED] - click(findTestObject("11-Cloud Files/button_Open")): Object: 'Object Repository/11-Cloud Files/button_Open' is clicked on

2023-01-13 16:14:49 - [MESSAGE][PASSED] - Object: 'Object Repository/11-Cloud Files/button_Open' is clicked on

2023-01-13 16:14:49 - [TEST_STEP][PASSED] - switchToWindowIndex(1): Switched to window with index: '1'

2023-01-13 16:14:51 - [MESSAGE][PASSED] - Switched to window with index: '1'

2023-01-13 16:14:51 - [TEST_STEP][PASSED] - closeWindowIndex(1): Window with index 1 is closed

2023-01-13 16:14:52 - [MESSAGE][PASSED] - Window with index 1 is closed

2023-01-13 16:14:52 - [TEST_STEP][PASSED] - switchToWindowIndex(0): Switched to window with index: '0'

2023-01-13 16:14:52 - [MESSAGE][PASSED] - Switched to window with index: '0'

2023-01-13 16:14:52 - [TEST_STEP][PASSED] - delay(3): Delayed 3 second(s)

2023-01-13 16:14:55 - [MESSAGE][PASSED] - Delayed 3 second(s)

2023-01-13 16:14:55 - [TEST_STEP][PASSED] - rightClick(findTestObject("11-Cloud Files/td_Automation folder EDIT")): Object: 'Object Repository/11-Cloud Files/td_Automation folder EDIT' is right clicked on

2023-01-13 16:14:56 - [MESSAGE][PASSED] - Object: 'Object Repository/11-Cloud Files/td_Automation folder EDIT' is right clicked on

2023-01-13 16:14:56 - [TEST_STEP][PASSED] - click(findTestObject("11-Cloud Files/button_Open")): Object: 'Object Repository/11-Cloud Files/button_Open' is clicked on

2023-01-13 16:14:57 - [MESSAGE][PASSED] - Object: 'Object Repository/11-Cloud Files/button_Open' is clicked on

2023-01-13 16:14:57 - [TEST_STEP][PASSED] - click(findTestObject("11-Cloud Files/h4_MY FILES")): Object: 'Object Repository/11-Cloud Files/h4_MY FILES' is clicked on

2023-01-13 16:14:58 - [MESSAGE][PASSED] - Object: 'Object Repository/11-Cloud Files/h4_MY FILES' is clicked on

2023-01-13 16:14:58 - [TEST_STEP][PASSED] - delay(5): Delayed 5 second(s)

2023-01-13 16:15:03 - [MESSAGE][PASSED] - Delayed 5 second(s)]]></system-out>
         <system-err><![CDATA[]]></system-err>
      </testcase>
      <testcase name="Test Cases/11-Cloud Files/09-Share a file" time="12.644" classname="Test Cases/11-Cloud Files/09-Share a file" status="PASSED">
         <system-out><![CDATA[2023-01-13 16:15:04 - [TEST_CASE][PASSED] - Test Cases/11-Cloud Files/09-Share a file: Test Cases/11-Cloud Files/09-Share a file

2023-01-13 16:15:05 - [TEST_STEP][PASSED] - click(findTestObject("11-Cloud Files/button_clearNotif")): Object: 'Object Repository/11-Cloud Files/button_clearNotif' is clicked on

2023-01-13 16:15:06 - [MESSAGE][PASSED] - Object: 'Object Repository/11-Cloud Files/button_clearNotif' is clicked on

2023-01-13 16:15:06 - [TEST_STEP][PASSED] - rightClick(findTestObject("11-Cloud Files/td_qa EDIT")): Object: 'Object Repository/11-Cloud Files/td_qa EDIT' is right clicked on

2023-01-13 16:15:07 - [MESSAGE][PASSED] - Object: 'Object Repository/11-Cloud Files/td_qa EDIT' is right clicked on

2023-01-13 16:15:07 - [TEST_STEP][PASSED] - click(findTestObject("11-Cloud Files/button_Share")): Object: 'Object Repository/11-Cloud Files/button_Share' is clicked on

2023-01-13 16:15:09 - [MESSAGE][PASSED] - Object: 'Object Repository/11-Cloud Files/button_Share' is clicked on

2023-01-13 16:15:09 - [TEST_STEP][PASSED] - verifyElementVisible(findTestObject("11-Cloud Files/mat-dialog-container_ShareFiles Modal")): Object 'Object Repository/11-Cloud Files/mat-dialog-container_ShareFiles Modal' is visible

2023-01-13 16:15:10 - [MESSAGE][PASSED] - Object 'Object Repository/11-Cloud Files/mat-dialog-container_ShareFiles Modal' is visible

2023-01-13 16:15:10 - [TEST_STEP][PASSED] - click(findTestObject("11-Cloud Files/input_Add Users")): Object: 'Object Repository/11-Cloud Files/input_Add Users' is clicked on

2023-01-13 16:15:11 - [MESSAGE][PASSED] - Object: 'Object Repository/11-Cloud Files/input_Add Users' is clicked on

2023-01-13 16:15:11 - [TEST_STEP][PASSED] - click(findTestObject("11-Cloud Files/mat-option_GTGG tester 2")): Object: 'Object Repository/11-Cloud Files/mat-option_GTGG tester 2' is clicked on

2023-01-13 16:15:12 - [MESSAGE][PASSED] - Object: 'Object Repository/11-Cloud Files/mat-option_GTGG tester 2' is clicked on

2023-01-13 16:15:12 - [TEST_STEP][PASSED] - click(findTestObject("11-Cloud Files/mat-option_GTGG tester")): Object: 'Object Repository/11-Cloud Files/mat-option_GTGG tester' is clicked on

2023-01-13 16:15:12 - [MESSAGE][PASSED] - Object: 'Object Repository/11-Cloud Files/mat-option_GTGG tester' is clicked on

2023-01-13 16:15:12 - [TEST_STEP][PASSED] - click(findTestObject("11-Cloud Files/button_done")): Object: 'Object Repository/11-Cloud Files/button_done' is clicked on

2023-01-13 16:15:13 - [MESSAGE][PASSED] - Object: 'Object Repository/11-Cloud Files/button_done' is clicked on

2023-01-13 16:15:13 - [TEST_STEP][PASSED] - delay(3): Delayed 3 second(s)

2023-01-13 16:15:16 - [MESSAGE][PASSED] - Delayed 3 second(s)]]></system-out>
         <system-err><![CDATA[]]></system-err>
      </testcase>
      <testcase name="Test Cases/11-Cloud Files/10-Share a file - Edit" time="62.753" classname="Test Cases/11-Cloud Files/10-Share a file - Edit" status="PASSED">
         <system-out><![CDATA[2023-01-13 16:15:16 - [TEST_CASE][PASSED] - Test Cases/11-Cloud Files/10-Share a file - Edit: Test Cases/11-Cloud Files/10-Share a file - Edit

2023-01-13 16:15:18 - [TEST_STEP][PASSED] - rightClick(findTestObject("11-Cloud Files/td_qa EditPeople")): Object: 'Object Repository/11-Cloud Files/td_qa EditPeople' is right clicked on

2023-01-13 16:15:19 - [MESSAGE][PASSED] - Object: 'Object Repository/11-Cloud Files/td_qa EditPeople' is right clicked on

2023-01-13 16:15:19 - [TEST_STEP][PASSED] - click(findTestObject("11-Cloud Files/button_Share")): Object: 'Object Repository/11-Cloud Files/button_Share' is clicked on

2023-01-13 16:15:20 - [MESSAGE][PASSED] - Object: 'Object Repository/11-Cloud Files/button_Share' is clicked on

2023-01-13 16:15:20 - [TEST_STEP][PASSED] - verifyElementVisible(findTestObject("11-Cloud Files/mat-dialog-container_View Share Files Modal")): Object 'Object Repository/11-Cloud Files/mat-dialog-container_View Share Files Modal' is visible

2023-01-13 16:15:21 - [MESSAGE][PASSED] - Object 'Object Repository/11-Cloud Files/mat-dialog-container_View Share Files Modal' is visible

2023-01-13 16:15:21 - [TEST_STEP][PASSED] - click(findTestObject("11-Cloud Files/div_dropdown")): Object: 'Object Repository/11-Cloud Files/div_dropdown' is clicked on

2023-01-13 16:15:22 - [MESSAGE][PASSED] - Object: 'Object Repository/11-Cloud Files/div_dropdown' is clicked on

2023-01-13 16:15:22 - [TEST_STEP][PASSED] - click(findTestObject("11-Cloud Files/mat-option_editor")): Object: 'Object Repository/11-Cloud Files/mat-option_editor' is clicked on

2023-01-13 16:15:23 - [MESSAGE][PASSED] - Object: 'Object Repository/11-Cloud Files/mat-option_editor' is clicked on

2023-01-13 16:15:23 - [TEST_STEP][PASSED] - delay(3): Delayed 3 second(s)

2023-01-13 16:15:26 - [MESSAGE][PASSED] - Delayed 3 second(s)

2023-01-13 16:15:26 - [TEST_STEP][PASSED] - verifyElementVisible(findTestObject("11-Cloud Files/div_GTGG tester2")): Object 'Object Repository/11-Cloud Files/div_GTGG tester2' is visible

2023-01-13 16:15:26 - [MESSAGE][PASSED] - Object 'Object Repository/11-Cloud Files/div_GTGG tester2' is visible

2023-01-13 16:15:26 - [TEST_STEP][PASSED] - click(findTestObject("11-Cloud Files/div_dropdown2")): Object: 'Object Repository/11-Cloud Files/div_dropdown2' is clicked on

2023-01-13 16:15:27 - [MESSAGE][PASSED] - Object: 'Object Repository/11-Cloud Files/div_dropdown2' is clicked on

2023-01-13 16:15:27 - [TEST_STEP][PASSED] - click(findTestObject("11-Cloud Files/mat-option-checkmark_editor")): Object: 'Object Repository/11-Cloud Files/mat-option-checkmark_editor' is clicked on

2023-01-13 16:15:28 - [MESSAGE][PASSED] - Object: 'Object Repository/11-Cloud Files/mat-option-checkmark_editor' is clicked on

2023-01-13 16:15:28 - [TEST_STEP][PASSED] - delay(3): Delayed 3 second(s)

2023-01-13 16:15:31 - [MESSAGE][PASSED] - Delayed 3 second(s)

2023-01-13 16:15:31 - [TEST_STEP][PASSED] - verifyElementVisible(findTestObject("11-Cloud Files/div_GTGG tester")): Object 'Object Repository/11-Cloud Files/div_GTGG tester' is visible

2023-01-13 16:15:32 - [MESSAGE][PASSED] - Object 'Object Repository/11-Cloud Files/div_GTGG tester' is visible

2023-01-13 16:15:32 - [TEST_STEP][PASSED] - click(findTestObject("11-Cloud Files/div_dropdown3")): Object: 'Object Repository/11-Cloud Files/div_dropdown3' is clicked on

2023-01-13 16:15:32 - [MESSAGE][PASSED] - Object: 'Object Repository/11-Cloud Files/div_dropdown3' is clicked on

2023-01-13 16:15:32 - [TEST_STEP][PASSED] - click(findTestObject("11-Cloud Files/span_delete Remove Access")): Object: 'Object Repository/11-Cloud Files/span_delete Remove Access' is clicked on

2023-01-13 16:15:33 - [MESSAGE][PASSED] - Object: 'Object Repository/11-Cloud Files/span_delete Remove Access' is clicked on

2023-01-13 16:15:33 - [TEST_STEP][PASSED] - click(findTestObject("11-Cloud Files/button_done")): Object: 'Object Repository/11-Cloud Files/button_done' is clicked on

2023-01-13 16:15:35 - [MESSAGE][PASSED] - Object: 'Object Repository/11-Cloud Files/button_done' is clicked on

2023-01-13 16:15:35 - [TEST_STEP][PASSED] - delay(3): Delayed 3 second(s)

2023-01-13 16:15:38 - [MESSAGE][PASSED] - Delayed 3 second(s)

2023-01-13 16:15:38 - [TEST_STEP][PASSED] - rightClick(findTestObject("11-Cloud Files/td_qa EditPeople")): Object: 'Object Repository/11-Cloud Files/td_qa EditPeople' is right clicked on

2023-01-13 16:15:38 - [MESSAGE][PASSED] - Object: 'Object Repository/11-Cloud Files/td_qa EditPeople' is right clicked on

2023-01-13 16:15:38 - [TEST_STEP][PASSED] - click(findTestObject("11-Cloud Files/button_Share")): Object: 'Object Repository/11-Cloud Files/button_Share' is clicked on

2023-01-13 16:15:39 - [MESSAGE][PASSED] - Object: 'Object Repository/11-Cloud Files/button_Share' is clicked on

2023-01-13 16:15:39 - [TEST_STEP][PASSED] - click(findTestObject("11-Cloud Files/button_Copy Share Link")): Object: 'Object Repository/11-Cloud Files/button_Copy Share Link' is clicked on

2023-01-13 16:15:41 - [MESSAGE][PASSED] - Object: 'Object Repository/11-Cloud Files/button_Copy Share Link' is clicked on

2023-01-13 16:15:41 - [TEST_STEP][PASSED] - delay(3): Delayed 3 second(s)

2023-01-13 16:15:44 - [MESSAGE][PASSED] - Delayed 3 second(s)

2023-01-13 16:15:44 - [TEST_STEP][PASSED] - my_clipboard = getContents(null).getTransferData(stringFlavor): null

2023-01-13 16:15:44 - [TEST_STEP][PASSED] - navigateToUrl(my_clipboard): Navigate to 'https://xukp7.app.goo.gl/2Fmh' successfully

2023-01-13 16:16:03 - [MESSAGE][PASSED] - Navigate to 'https://xukp7.app.goo.gl/2Fmh' successfully

2023-01-13 16:16:03 - [TEST_STEP][PASSED] - switchToWindowIndex(1): Switched to window with index: '1'

2023-01-13 16:16:11 - [MESSAGE][PASSED] - Switched to window with index: '1'

2023-01-13 16:16:11 - [TEST_STEP][PASSED] - closeWindowIndex(1): Window with index 1 is closed

2023-01-13 16:16:12 - [MESSAGE][PASSED] - Window with index 1 is closed

2023-01-13 16:16:12 - [TEST_STEP][PASSED] - switchToWindowIndex(0): Switched to window with index: '0'

2023-01-13 16:16:12 - [MESSAGE][PASSED] - Switched to window with index: '0'

2023-01-13 16:16:12 - [TEST_STEP][PASSED] - click(findTestObject("03-Header Menu/Hamburger Button/div_Cloud Files")): Object: 'Object Repository/03-Header Menu/Hamburger Button/div_Cloud Files' is clicked on

2023-01-13 16:16:13 - [MESSAGE][PASSED] - Object: 'Object Repository/03-Header Menu/Hamburger Button/div_Cloud Files' is clicked on

2023-01-13 16:16:13 - [TEST_STEP][PASSED] - scrollToElement(findTestObject("11-Cloud Files/a_My Files"), 0): Scroll to object 'Object Repository/11-Cloud Files/a_My Files' successfully

2023-01-13 16:16:14 - [MESSAGE][WARNING] - Timeout '0' is invalid. Using default page load timeout: '30'

2023-01-13 16:16:15 - [MESSAGE][PASSED] - Scroll to object 'Object Repository/11-Cloud Files/a_My Files' successfully

2023-01-13 16:16:15 - [TEST_STEP][PASSED] - click(findTestObject("11-Cloud Files/a_My Files")): Object: 'Object Repository/11-Cloud Files/a_My Files' is clicked on

2023-01-13 16:16:16 - [MESSAGE][PASSED] - Object: 'Object Repository/11-Cloud Files/a_My Files' is clicked on

2023-01-13 16:16:16 - [TEST_STEP][PASSED] - delay(3): Delayed 3 second(s)

2023-01-13 16:16:19 - [MESSAGE][PASSED] - Delayed 3 second(s)]]></system-out>
         <system-err><![CDATA[]]></system-err>
      </testcase>
      <testcase name="Test Cases/11-Cloud Files/11-Share a folder" time="29.55" classname="Test Cases/11-Cloud Files/11-Share a folder" status="PASSED">
         <system-out><![CDATA[2023-01-13 16:16:19 - [TEST_CASE][PASSED] - Test Cases/11-Cloud Files/11-Share a folder: Test Cases/11-Cloud Files/11-Share a folder

2023-01-13 16:16:21 - [TEST_STEP][PASSED] - rightClick(findTestObject("11-Cloud Files/td_Automation folder EDIT")): Object: 'Object Repository/11-Cloud Files/td_Automation folder EDIT' is right clicked on

2023-01-13 16:16:22 - [MESSAGE][PASSED] - Object: 'Object Repository/11-Cloud Files/td_Automation folder EDIT' is right clicked on

2023-01-13 16:16:22 - [TEST_STEP][PASSED] - click(findTestObject("11-Cloud Files/button_Share")): Object: 'Object Repository/11-Cloud Files/button_Share' is clicked on

2023-01-13 16:16:23 - [MESSAGE][PASSED] - Object: 'Object Repository/11-Cloud Files/button_Share' is clicked on

2023-01-13 16:16:23 - [TEST_STEP][PASSED] - verifyElementVisible(findTestObject("11-Cloud Files/mat-dialog-container_ShareFiles Modal")): Object 'Object Repository/11-Cloud Files/mat-dialog-container_ShareFiles Modal' is visible

2023-01-13 16:16:24 - [MESSAGE][PASSED] - Object 'Object Repository/11-Cloud Files/mat-dialog-container_ShareFiles Modal' is visible

2023-01-13 16:16:24 - [TEST_STEP][PASSED] - click(findTestObject("11-Cloud Files/mat-icon_close")): Object: 'Object Repository/11-Cloud Files/mat-icon_close' is clicked on

2023-01-13 16:16:25 - [MESSAGE][PASSED] - Object: 'Object Repository/11-Cloud Files/mat-icon_close' is clicked on

2023-01-13 16:16:25 - [TEST_STEP][PASSED] - delay(3): Delayed 3 second(s)

2023-01-13 16:16:28 - [MESSAGE][PASSED] - Delayed 3 second(s)

2023-01-13 16:16:28 - [TEST_STEP][PASSED] - rightClick(findTestObject("11-Cloud Files/td_Automation folder EDIT")): Object: 'Object Repository/11-Cloud Files/td_Automation folder EDIT' is right clicked on

2023-01-13 16:16:28 - [MESSAGE][PASSED] - Object: 'Object Repository/11-Cloud Files/td_Automation folder EDIT' is right clicked on

2023-01-13 16:16:28 - [TEST_STEP][PASSED] - click(findTestObject("11-Cloud Files/button_Share")): Object: 'Object Repository/11-Cloud Files/button_Share' is clicked on

2023-01-13 16:16:29 - [MESSAGE][PASSED] - Object: 'Object Repository/11-Cloud Files/button_Share' is clicked on

2023-01-13 16:16:29 - [TEST_STEP][PASSED] - verifyElementVisible(findTestObject("11-Cloud Files/mat-dialog-container_ShareFiles Modal")): Object 'Object Repository/11-Cloud Files/mat-dialog-container_ShareFiles Modal' is visible

2023-01-13 16:16:30 - [MESSAGE][PASSED] - Object 'Object Repository/11-Cloud Files/mat-dialog-container_ShareFiles Modal' is visible

2023-01-13 16:16:30 - [TEST_STEP][PASSED] - click(findTestObject("11-Cloud Files/input_Add Users")): Object: 'Object Repository/11-Cloud Files/input_Add Users' is clicked on

2023-01-13 16:16:31 - [MESSAGE][PASSED] - Object: 'Object Repository/11-Cloud Files/input_Add Users' is clicked on

2023-01-13 16:16:31 - [TEST_STEP][PASSED] - click(findTestObject("11-Cloud Files/mat-option_GTGG tester")): Object: 'Object Repository/11-Cloud Files/mat-option_GTGG tester' is clicked on

2023-01-13 16:16:32 - [MESSAGE][PASSED] - Object: 'Object Repository/11-Cloud Files/mat-option_GTGG tester' is clicked on

2023-01-13 16:16:32 - [TEST_STEP][PASSED] - click(findTestObject("10-Open Video Conference/mat-icon_cancel")): Object: 'Object Repository/10-Open Video Conference/mat-icon_cancel' is clicked on

2023-01-13 16:16:33 - [MESSAGE][PASSED] - Object: 'Object Repository/10-Open Video Conference/mat-icon_cancel' is clicked on

2023-01-13 16:16:33 - [TEST_STEP][PASSED] - delay(3): Delayed 3 second(s)

2023-01-13 16:16:36 - [MESSAGE][PASSED] - Delayed 3 second(s)

2023-01-13 16:16:36 - [TEST_STEP][PASSED] - click(findTestObject("11-Cloud Files/input_Add Users")): Object: 'Object Repository/11-Cloud Files/input_Add Users' is clicked on

2023-01-13 16:16:37 - [MESSAGE][PASSED] - Object: 'Object Repository/11-Cloud Files/input_Add Users' is clicked on

2023-01-13 16:16:37 - [TEST_STEP][PASSED] - click(findTestObject("11-Cloud Files/mat-option_GTGG tester 2")): Object: 'Object Repository/11-Cloud Files/mat-option_GTGG tester 2' is clicked on

2023-01-13 16:16:38 - [MESSAGE][PASSED] - Object: 'Object Repository/11-Cloud Files/mat-option_GTGG tester 2' is clicked on

2023-01-13 16:16:38 - [TEST_STEP][PASSED] - click(findTestObject("11-Cloud Files/mat-option_GTGG tester")): Object: 'Object Repository/11-Cloud Files/mat-option_GTGG tester' is clicked on

2023-01-13 16:16:38 - [MESSAGE][PASSED] - Object: 'Object Repository/11-Cloud Files/mat-option_GTGG tester' is clicked on

2023-01-13 16:16:38 - [TEST_STEP][PASSED] - clickOffset(findTestObject("11-Cloud Files/button_Copy Share Link"), 10, 10): Object: 'Object Repository/11-Cloud Files/button_Copy Share Link' is clicked on using offset x=10 and y=10

2023-01-13 16:16:39 - [MESSAGE][PASSED] - Object: 'Object Repository/11-Cloud Files/button_Copy Share Link' is clicked on using offset x=10 and y=10

2023-01-13 16:16:39 - [TEST_STEP][PASSED] - click(findTestObject("11-Cloud Files/div_mat-checkbox-notify-user")): Object: 'Object Repository/11-Cloud Files/div_mat-checkbox-notify-user' is clicked on

2023-01-13 16:16:41 - [MESSAGE][PASSED] - Object: 'Object Repository/11-Cloud Files/div_mat-checkbox-notify-user' is clicked on

2023-01-13 16:16:41 - [TEST_STEP][PASSED] - click(findTestObject("11-Cloud Files/div_mat-checkbox-notify-user")): Object: 'Object Repository/11-Cloud Files/div_mat-checkbox-notify-user' is clicked on

2023-01-13 16:16:42 - [MESSAGE][PASSED] - Object: 'Object Repository/11-Cloud Files/div_mat-checkbox-notify-user' is clicked on

2023-01-13 16:16:42 - [TEST_STEP][PASSED] - click(findTestObject("11-Cloud Files/div_dropdown")): Object: 'Object Repository/11-Cloud Files/div_dropdown' is clicked on

2023-01-13 16:16:43 - [MESSAGE][PASSED] - Object: 'Object Repository/11-Cloud Files/div_dropdown' is clicked on

2023-01-13 16:16:43 - [TEST_STEP][PASSED] - click(findTestObject("11-Cloud Files/span_Viewer")): Object: 'Object Repository/11-Cloud Files/span_Viewer' is clicked on

2023-01-13 16:16:44 - [MESSAGE][PASSED] - Object: 'Object Repository/11-Cloud Files/span_Viewer' is clicked on

2023-01-13 16:16:44 - [TEST_STEP][PASSED] - click(findTestObject("11-Cloud Files/button_done")): Object: 'Object Repository/11-Cloud Files/button_done' is clicked on

2023-01-13 16:16:46 - [MESSAGE][PASSED] - Object: 'Object Repository/11-Cloud Files/button_done' is clicked on

2023-01-13 16:16:46 - [TEST_STEP][PASSED] - delay(3): Delayed 3 second(s)

2023-01-13 16:16:49 - [MESSAGE][PASSED] - Delayed 3 second(s)]]></system-out>
         <system-err><![CDATA[]]></system-err>
      </testcase>
      <testcase name="Test Cases/11-Cloud Files/12-Share a folder - Edit" time="80.424" classname="Test Cases/11-Cloud Files/12-Share a folder - Edit" status="PASSED">
         <system-out><![CDATA[2023-01-13 16:16:49 - [TEST_CASE][PASSED] - Test Cases/11-Cloud Files/12-Share a folder - Edit: Test Cases/11-Cloud Files/12-Share a folder - Edit

2023-01-13 16:16:51 - [TEST_STEP][PASSED] - delay(3): Delayed 3 second(s)

2023-01-13 16:16:54 - [MESSAGE][PASSED] - Delayed 3 second(s)

2023-01-13 16:16:54 - [TEST_STEP][PASSED] - rightClick(findTestObject("11-Cloud Files/td_Automation folder EDIT")): Object: 'Object Repository/11-Cloud Files/td_Automation folder EDIT' is right clicked on

2023-01-13 16:16:54 - [MESSAGE][PASSED] - Object: 'Object Repository/11-Cloud Files/td_Automation folder EDIT' is right clicked on

2023-01-13 16:16:54 - [TEST_STEP][PASSED] - click(findTestObject("11-Cloud Files/button_Share")): Object: 'Object Repository/11-Cloud Files/button_Share' is clicked on

2023-01-13 16:16:56 - [MESSAGE][PASSED] - Object: 'Object Repository/11-Cloud Files/button_Share' is clicked on

2023-01-13 16:16:56 - [TEST_STEP][PASSED] - verifyElementVisible(findTestObject("11-Cloud Files/mat-dialog-container_View Share Files Modal")): Object 'Object Repository/11-Cloud Files/mat-dialog-container_View Share Files Modal' is visible

2023-01-13 16:16:57 - [MESSAGE][PASSED] - Object 'Object Repository/11-Cloud Files/mat-dialog-container_View Share Files Modal' is visible

2023-01-13 16:16:57 - [TEST_STEP][PASSED] - click(findTestObject("11-Cloud Files/div_dropdown")): Object: 'Object Repository/11-Cloud Files/div_dropdown' is clicked on

2023-01-13 16:17:00 - [MESSAGE][PASSED] - Object: 'Object Repository/11-Cloud Files/div_dropdown' is clicked on

2023-01-13 16:17:00 - [TEST_STEP][PASSED] - click(findTestObject("11-Cloud Files/mat-option_editor")): Object: 'Object Repository/11-Cloud Files/mat-option_editor' is clicked on

2023-01-13 16:17:01 - [MESSAGE][PASSED] - Object: 'Object Repository/11-Cloud Files/mat-option_editor' is clicked on

2023-01-13 16:17:01 - [TEST_STEP][PASSED] - delay(3): Delayed 3 second(s)

2023-01-13 16:17:04 - [MESSAGE][PASSED] - Delayed 3 second(s)

2023-01-13 16:17:04 - [TEST_STEP][PASSED] - verifyElementVisible(findTestObject("11-Cloud Files/div_GTGG tester2")): Object 'Object Repository/11-Cloud Files/div_GTGG tester2' is visible

2023-01-13 16:17:06 - [MESSAGE][PASSED] - Object 'Object Repository/11-Cloud Files/div_GTGG tester2' is visible

2023-01-13 16:17:06 - [TEST_STEP][PASSED] - click(findTestObject("11-Cloud Files/div_dropdown2")): Object: 'Object Repository/11-Cloud Files/div_dropdown2' is clicked on

2023-01-13 16:17:08 - [MESSAGE][PASSED] - Object: 'Object Repository/11-Cloud Files/div_dropdown2' is clicked on

2023-01-13 16:17:08 - [TEST_STEP][PASSED] - click(findTestObject("11-Cloud Files/mat-option-checkmark_editor")): Object: 'Object Repository/11-Cloud Files/mat-option-checkmark_editor' is clicked on

2023-01-13 16:17:09 - [MESSAGE][PASSED] - Object: 'Object Repository/11-Cloud Files/mat-option-checkmark_editor' is clicked on

2023-01-13 16:17:09 - [TEST_STEP][PASSED] - delay(3): Delayed 3 second(s)

2023-01-13 16:17:12 - [MESSAGE][PASSED] - Delayed 3 second(s)

2023-01-13 16:17:12 - [TEST_STEP][PASSED] - verifyElementVisible(findTestObject("11-Cloud Files/div_GTGG tester")): Object 'Object Repository/11-Cloud Files/div_GTGG tester' is visible

2023-01-13 16:17:15 - [MESSAGE][PASSED] - Object 'Object Repository/11-Cloud Files/div_GTGG tester' is visible

2023-01-13 16:17:15 - [TEST_STEP][PASSED] - click(findTestObject("11-Cloud Files/div_dropdown3")): Object: 'Object Repository/11-Cloud Files/div_dropdown3' is clicked on

2023-01-13 16:17:18 - [MESSAGE][PASSED] - Object: 'Object Repository/11-Cloud Files/div_dropdown3' is clicked on

2023-01-13 16:17:18 - [TEST_STEP][PASSED] - click(findTestObject("11-Cloud Files/span_delete Remove Access")): Object: 'Object Repository/11-Cloud Files/span_delete Remove Access' is clicked on

2023-01-13 16:17:19 - [MESSAGE][PASSED] - Object: 'Object Repository/11-Cloud Files/span_delete Remove Access' is clicked on

2023-01-13 16:17:19 - [TEST_STEP][PASSED] - click(findTestObject("11-Cloud Files/button_done")): Object: 'Object Repository/11-Cloud Files/button_done' is clicked on

2023-01-13 16:17:21 - [MESSAGE][PASSED] - Object: 'Object Repository/11-Cloud Files/button_done' is clicked on

2023-01-13 16:17:21 - [TEST_STEP][PASSED] - delay(3): Delayed 3 second(s)

2023-01-13 16:17:24 - [MESSAGE][PASSED] - Delayed 3 second(s)

2023-01-13 16:17:24 - [TEST_STEP][PASSED] - rightClick(findTestObject("11-Cloud Files/td_Automation folder EDIT")): Object: 'Object Repository/11-Cloud Files/td_Automation folder EDIT' is right clicked on

2023-01-13 16:17:25 - [MESSAGE][PASSED] - Object: 'Object Repository/11-Cloud Files/td_Automation folder EDIT' is right clicked on

2023-01-13 16:17:25 - [TEST_STEP][PASSED] - click(findTestObject("11-Cloud Files/button_Share")): Object: 'Object Repository/11-Cloud Files/button_Share' is clicked on

2023-01-13 16:17:28 - [MESSAGE][PASSED] - Object: 'Object Repository/11-Cloud Files/button_Share' is clicked on

2023-01-13 16:17:28 - [TEST_STEP][PASSED] - click(findTestObject("11-Cloud Files/button_Copy Share Link")): Object: 'Object Repository/11-Cloud Files/button_Copy Share Link' is clicked on

2023-01-13 16:17:30 - [MESSAGE][PASSED] - Object: 'Object Repository/11-Cloud Files/button_Copy Share Link' is clicked on

2023-01-13 16:17:30 - [TEST_STEP][PASSED] - delay(3): Delayed 3 second(s)

2023-01-13 16:17:33 - [MESSAGE][PASSED] - Delayed 3 second(s)

2023-01-13 16:17:33 - [TEST_STEP][PASSED] - my_clipboard = getContents(null).getTransferData(stringFlavor): null

2023-01-13 16:17:33 - [TEST_STEP][PASSED] - navigateToUrl(my_clipboard): Navigate to 'https://xukp7.app.goo.gl/GNxe' successfully

2023-01-13 16:17:54 - [MESSAGE][PASSED] - Navigate to 'https://xukp7.app.goo.gl/GNxe' successfully

2023-01-13 16:17:54 - [TEST_STEP][PASSED] - delay(5): Delayed 5 second(s)

2023-01-13 16:17:59 - [MESSAGE][PASSED] - Delayed 5 second(s)

2023-01-13 16:17:59 - [TEST_STEP][PASSED] - click(findTestObject("03-Header Menu/Hamburger Button/div_Cloud Files")): Object: 'Object Repository/03-Header Menu/Hamburger Button/div_Cloud Files' is clicked on

2023-01-13 16:18:02 - [MESSAGE][PASSED] - Object: 'Object Repository/03-Header Menu/Hamburger Button/div_Cloud Files' is clicked on

2023-01-13 16:18:02 - [TEST_STEP][PASSED] - scrollToElement(findTestObject("11-Cloud Files/a_My Files"), 0): Scroll to object 'Object Repository/11-Cloud Files/a_My Files' successfully

2023-01-13 16:18:03 - [MESSAGE][WARNING] - Timeout '0' is invalid. Using default page load timeout: '30'

2023-01-13 16:18:03 - [MESSAGE][PASSED] - Scroll to object 'Object Repository/11-Cloud Files/a_My Files' successfully

2023-01-13 16:18:03 - [TEST_STEP][PASSED] - click(findTestObject("11-Cloud Files/a_My Files")): Object: 'Object Repository/11-Cloud Files/a_My Files' is clicked on

2023-01-13 16:18:04 - [MESSAGE][PASSED] - Object: 'Object Repository/11-Cloud Files/a_My Files' is clicked on

2023-01-13 16:18:04 - [TEST_STEP][PASSED] - click(findTestObject("11-Cloud Files/h4_MY FILES")): Object: 'Object Repository/11-Cloud Files/h4_MY FILES' is clicked on

2023-01-13 16:18:06 - [MESSAGE][PASSED] - Object: 'Object Repository/11-Cloud Files/h4_MY FILES' is clicked on

2023-01-13 16:18:06 - [TEST_STEP][PASSED] - delay(3): Delayed 3 second(s)

2023-01-13 16:18:09 - [MESSAGE][PASSED] - Delayed 3 second(s)]]></system-out>
         <system-err><![CDATA[]]></system-err>
      </testcase>
      <testcase name="Test Cases/11-Cloud Files/13-Delete a file and folder" time="23.267" classname="Test Cases/11-Cloud Files/13-Delete a file and folder" status="PASSED">
         <system-out><![CDATA[2023-01-13 16:18:12 - [TEST_CASE][PASSED] - Test Cases/11-Cloud Files/13-Delete a file and folder: Test Cases/11-Cloud Files/13-Delete a file and folder

2023-01-13 16:18:15 - [TEST_STEP][PASSED] - rightClick(findTestObject("11-Cloud Files/td_Automation folder EDIT")): Object: 'Object Repository/11-Cloud Files/td_Automation folder EDIT' is right clicked on

2023-01-13 16:18:17 - [MESSAGE][PASSED] - Object: 'Object Repository/11-Cloud Files/td_Automation folder EDIT' is right clicked on

2023-01-13 16:18:17 - [TEST_STEP][PASSED] - click(findTestObject("11-Cloud Files/button_deleteDelete")): Object: 'Object Repository/11-Cloud Files/button_deleteDelete' is clicked on

2023-01-13 16:18:19 - [MESSAGE][PASSED] - Object: 'Object Repository/11-Cloud Files/button_deleteDelete' is clicked on

2023-01-13 16:18:19 - [TEST_STEP][PASSED] - verifyElementVisible(findTestObject("11-Cloud Files/mat-dialog-container_DeleteConfirmationModal")): Object 'Object Repository/11-Cloud Files/mat-dialog-container_DeleteConfirmationModal' is visible

2023-01-13 16:18:20 - [MESSAGE][PASSED] - Object 'Object Repository/11-Cloud Files/mat-dialog-container_DeleteConfirmationModal' is visible

2023-01-13 16:18:20 - [TEST_STEP][PASSED] - click(findTestObject("11-Cloud Files/button_Confirm")): Object: 'Object Repository/11-Cloud Files/button_Confirm' is clicked on

2023-01-13 16:18:21 - [MESSAGE][PASSED] - Object: 'Object Repository/11-Cloud Files/button_Confirm' is clicked on

2023-01-13 16:18:21 - [TEST_STEP][PASSED] - delay(3): Delayed 3 second(s)

2023-01-13 16:18:24 - [MESSAGE][PASSED] - Delayed 3 second(s)

2023-01-13 16:18:24 - [TEST_STEP][PASSED] - rightClick(findTestObject("11-Cloud Files/td_qa EditPeople")): Object: 'Object Repository/11-Cloud Files/td_qa EditPeople' is right clicked on

2023-01-13 16:18:25 - [MESSAGE][PASSED] - Object: 'Object Repository/11-Cloud Files/td_qa EditPeople' is right clicked on

2023-01-13 16:18:25 - [TEST_STEP][PASSED] - click(findTestObject("11-Cloud Files/button_deleteDelete")): Object: 'Object Repository/11-Cloud Files/button_deleteDelete' is clicked on

2023-01-13 16:18:26 - [MESSAGE][PASSED] - Object: 'Object Repository/11-Cloud Files/button_deleteDelete' is clicked on

2023-01-13 16:18:26 - [TEST_STEP][PASSED] - verifyElementVisible(findTestObject("11-Cloud Files/mat-dialog-container_DeleteConfirmationModal")): Object 'Object Repository/11-Cloud Files/mat-dialog-container_DeleteConfirmationModal' is visible

2023-01-13 16:18:27 - [MESSAGE][PASSED] - Object 'Object Repository/11-Cloud Files/mat-dialog-container_DeleteConfirmationModal' is visible

2023-01-13 16:18:27 - [TEST_STEP][PASSED] - click(findTestObject("11-Cloud Files/button_Confirm")): Object: 'Object Repository/11-Cloud Files/button_Confirm' is clicked on

2023-01-13 16:18:28 - [MESSAGE][PASSED] - Object: 'Object Repository/11-Cloud Files/button_Confirm' is clicked on

2023-01-13 16:18:28 - [TEST_STEP][PASSED] - delay(4): Delayed 4 second(s)

2023-01-13 16:18:32 - [MESSAGE][PASSED] - Delayed 4 second(s)

2023-01-13 16:18:32 - [TEST_STEP][PASSED] - closeBrowser(): Browser is closed

2023-01-13 16:18:35 - [MESSAGE][PASSED] - Browser is closed]]></system-out>
         <system-err><![CDATA[]]></system-err>
      </testcase>
      <system-out><![CDATA[2023-01-13 16:10:23 - [TEST_SUITE][PASSED] - 11-Cloud Files: Test Cases/11-Cloud Files/13-Delete a file and folder]]></system-out>
      <system-err><![CDATA[]]></system-err>
   </testsuite>
</testsuites>
