<?xml version="1.0" encoding="UTF-8"?>
<testsuites name="03-Header Menu" time="1049.968" tests="18" failures="0" errors="0">
   <testsuite name="03-Header Menu" tests="18" failures="0" errors="0" time="1049.968" skipped="0" timestamp="2023-05-10 10:16:02" hostname="Mike - LAPTOP-LF5VTH4H" id="Test Suites/TS-Organization/03-Header Menu">
      <properties>
         <property name="deviceName" value=""/>
         <property name="devicePlatform" value=""/>
         <property name="logFolder" value="D:\\Users\\Michelle\\Project\\Everleagues\\Reports\\20230510_101557\\TS-Organization\\03-Header Menu\\20230510_101557"/>
         <property name="logFiles" value="D:\\Users\\Michelle\\Project\\Everleagues\\Reports\\20230510_101557\\TS-Organization\\03-Header Menu\\20230510_101557\\execution0.log"/>
         <property name="attachments" value=""/>
         <property name="hostName" value="Mike - LAPTOP-LF5VTH4H"/>
         <property name="os" value="Windows 10 64bit"/>
         <property name="katalonVersion" value="8.6.0.208"/>
         <property name="browser" value="Chrome 113.0.0.0"/>
         <property name="hostAddress" value="10.100.1.213"/>
         <property name="sessionId" value="a4121b735b55a636bfb17928933fe3d6"/>
         <property name="seleniumVersion" value="3.141.59"/>
         <property name="proxyInformation" value="ProxyInformation { proxyOption=NO_PROXY, proxyServerType=HTTP, username=, password=********, proxyServerAddress=, proxyServerPort=0, executionList=&quot;&quot;, isApplyToDesiredCapabilities=true }"/>
         <property name="platform" value="Windows 10"/>
      </properties>
      <testcase name="Test Cases/03-Header Menu/01- Hamburger Button" time="104.001" classname="Test Cases/03-Header Menu/01- Hamburger Button" status="PASSED">
         <system-out><![CDATA[2023-05-10 10:16:03 - [TEST_CASE][PASSED] - Test Cases/03-Header Menu/01- Hamburger Button: Test Cases/03-Header Menu/01- Hamburger Button

2023-05-10 10:16:04 - [TEST_STEP][PASSED] - openBrowser(""): Browser is opened with url: ''

2023-05-10 10:16:04 - [MESSAGE][INFO] - Starting 'Chrome' driver

2023-05-10 10:16:04 - [MESSAGE][INFO] - Action delay is set to 0 milliseconds

2023-05-10 10:16:14 - [MESSAGE][PASSED] - Browser is opened with url: ''

2023-05-10 10:16:14 - [TEST_STEP][PASSED] - navigateToUrl(app_url_login): Navigate to 'https://lab.everleagues.com/login?returnUrl=%2Fmain%2Fdashboard' successfully

2023-05-10 10:16:29 - [MESSAGE][PASSED] - Navigate to 'https://lab.everleagues.com/login?returnUrl=%2Fmain%2Fdashboard' successfully

2023-05-10 10:16:29 - [TEST_STEP][PASSED] - maximizeWindow(): Current window maximized

2023-05-10 10:16:29 - [MESSAGE][PASSED] - Current window maximized

2023-05-10 10:16:29 - [TEST_STEP][PASSED] - setText(findTestObject("02-Side Icons(Organization)/Add Contact/Email Field"), email_without_subscription): Text 'testuser01@mailinator.com' is set on object 'Object Repository/02-Side Icons(Organization)/Add Contact/Email Field'

2023-05-10 10:16:30 - [MESSAGE][PASSED] - Text 'testuser01@mailinator.com' is set on object 'Object Repository/02-Side Icons(Organization)/Add Contact/Email Field'

2023-05-10 10:16:30 - [TEST_STEP][PASSED] - setEncryptedText(findTestObject("02-Side Icons(Organization)/Add Contact/Password Field"), "8yFRyszE6U6jvsCn51OQbg=="): Text ****** has been set on object 'Object Repository/02-Side Icons(Organization)/Add Contact/Password Field'

2023-05-10 10:16:31 - [MESSAGE][PASSED] - Text ****** has been set on object 'Object Repository/02-Side Icons(Organization)/Add Contact/Password Field'

2023-05-10 10:16:31 - [TEST_STEP][PASSED] - click(findTestObject("02-Side Icons(Organization)/Add Contact/button_Sign in")): Object: 'Object Repository/02-Side Icons(Organization)/Add Contact/button_Sign in' is clicked on

2023-05-10 10:16:32 - [MESSAGE][PASSED] - Object: 'Object Repository/02-Side Icons(Organization)/Add Contact/button_Sign in' is clicked on

2023-05-10 10:16:32 - [TEST_STEP][PASSED] - delay(delay_2seconds): Delayed 2 second(s)

2023-05-10 10:16:34 - [MESSAGE][PASSED] - Delayed 2 second(s)

2023-05-10 10:16:34 - [TEST_STEP][PASSED] - click(findTestObject("06-Teams/For 2FA/button_Confirm_2FA")): Object: 'Object Repository/06-Teams/For 2FA/button_Confirm_2FA' is clicked on

2023-05-10 10:16:35 - [MESSAGE][PASSED] - Object: 'Object Repository/06-Teams/For 2FA/button_Confirm_2FA' is clicked on

2023-05-10 10:16:35 - [TEST_STEP][PASSED] - executeJavaScript("window.open();", []): Execute JavaScript 'window.open();' successfully

2023-05-10 10:16:35 - [MESSAGE][PASSED] - Execute JavaScript 'window.open();' successfully

2023-05-10 10:16:35 - [TEST_STEP][PASSED] - currentWindow = getWindowIndex(): Current window's index is: 0

2023-05-10 10:16:35 - [MESSAGE][PASSED] - Current window's index is: 0

2023-05-10 10:16:35 - [TEST_STEP][PASSED] - delay(delay_3seconds): Delayed 3 second(s)

2023-05-10 10:16:38 - [MESSAGE][PASSED] - Delayed 3 second(s)

2023-05-10 10:16:38 - [TEST_STEP][PASSED] - switchToWindowIndex(currentWindow + 1): Switched to window with index: '1'

2023-05-10 10:16:38 - [MESSAGE][PASSED] - Switched to window with index: '1'

2023-05-10 10:16:38 - [TEST_STEP][PASSED] - navigateToUrl(app_mailinator): Navigate to 'https://www.mailinator.com/' successfully

2023-05-10 10:16:47 - [MESSAGE][PASSED] - Navigate to 'https://www.mailinator.com/' successfully

2023-05-10 10:16:47 - [TEST_STEP][PASSED] - delay(delay_3seconds): Delayed 3 second(s)

2023-05-10 10:16:50 - [MESSAGE][PASSED] - Delayed 3 second(s)

2023-05-10 10:16:50 - [TEST_STEP][PASSED] - setText(findTestObject("00-Signup and Activation/zMailinator/input_LOGIN_search"), email_for_searchmailinator_testuser01): Text 'testuser01@mailinator.com' is set on object 'Object Repository/00-Signup and Activation/zMailinator/input_LOGIN_search'

2023-05-10 10:16:51 - [MESSAGE][PASSED] - Text 'testuser01@mailinator.com' is set on object 'Object Repository/00-Signup and Activation/zMailinator/input_LOGIN_search'

2023-05-10 10:16:51 - [TEST_STEP][PASSED] - click(findTestObject("00-Signup and Activation/zMailinator/gobutton"), STOP_ON_FAILURE): Object: 'Object Repository/00-Signup and Activation/zMailinator/gobutton' is clicked on

2023-05-10 10:16:52 - [MESSAGE][PASSED] - Object: 'Object Repository/00-Signup and Activation/zMailinator/gobutton' is clicked on

2023-05-10 10:16:52 - [TEST_STEP][PASSED] - delay(delay_3seconds): Delayed 3 second(s)

2023-05-10 10:16:55 - [MESSAGE][PASSED] - Delayed 3 second(s)

2023-05-10 10:16:55 - [TEST_STEP][PASSED] - click(findTestObject("00-Signup and Activation/zMailinator/Email - everleagues")): Object: 'Object Repository/00-Signup and Activation/zMailinator/Email - everleagues' is clicked on

2023-05-10 10:16:56 - [MESSAGE][PASSED] - Object: 'Object Repository/00-Signup and Activation/zMailinator/Email - everleagues' is clicked on

2023-05-10 10:16:56 - [TEST_STEP][PASSED] - delay(delay_3seconds): Delayed 3 second(s)

2023-05-10 10:16:59 - [MESSAGE][PASSED] - Delayed 3 second(s)

2023-05-10 10:16:59 - [TEST_STEP][PASSED] - code = getText(findTestObject("Object Repository/06-Teams/For 2FA/2FA code")): Text of object 'Object Repository/06-Teams/For 2FA/2FA code' is: '163208'

2023-05-10 10:16:59 - [MESSAGE][PASSED] - Text of object 'Object Repository/06-Teams/For 2FA/2FA code' is: '163208'

2023-05-10 10:16:59 - [TEST_STEP][PASSED] - delay(delay_3seconds): Delayed 3 second(s)

2023-05-10 10:17:02 - [MESSAGE][PASSED] - Delayed 3 second(s)

2023-05-10 10:17:02 - [TEST_STEP][PASSED] - closeWindowTitle("Mailinator"): Window with title: 'Mailinator' is closed

2023-05-10 10:17:03 - [MESSAGE][PASSED] - Window with title: 'Mailinator' is closed

2023-05-10 10:17:03 - [TEST_STEP][PASSED] - delay(delay_3seconds): Delayed 3 second(s)

2023-05-10 10:17:06 - [MESSAGE][PASSED] - Delayed 3 second(s)

2023-05-10 10:17:06 - [TEST_STEP][PASSED] - switchToWindowIndex(0): Switched to window with index: '0'

2023-05-10 10:17:06 - [MESSAGE][PASSED] - Switched to window with index: '0'

2023-05-10 10:17:06 - [TEST_STEP][PASSED] - delay(delay_3seconds): Delayed 3 second(s)

2023-05-10 10:17:09 - [MESSAGE][PASSED] - Delayed 3 second(s)

2023-05-10 10:17:09 - [TEST_STEP][PASSED] - setText(findTestObject("Object Repository/06-Teams/For 2FA/input_Enter verification code_code"), code): Text '163208' is set on object 'Object Repository/06-Teams/For 2FA/input_Enter verification code_code'

2023-05-10 10:17:10 - [MESSAGE][PASSED] - Text '163208' is set on object 'Object Repository/06-Teams/For 2FA/input_Enter verification code_code'

2023-05-10 10:17:10 - [TEST_STEP][PASSED] - delay(delay_3seconds): Delayed 3 second(s)

2023-05-10 10:17:13 - [MESSAGE][PASSED] - Delayed 3 second(s)

2023-05-10 10:17:13 - [TEST_STEP][PASSED] - click(findTestObject("06-Teams/For 2FA/button_Verify_2FA")): Object: 'Object Repository/06-Teams/For 2FA/button_Verify_2FA' is clicked on

2023-05-10 10:17:14 - [MESSAGE][PASSED] - Object: 'Object Repository/06-Teams/For 2FA/button_Verify_2FA' is clicked on

2023-05-10 10:17:14 - [TEST_STEP][PASSED] - delay(delay_5seconds): Delayed 5 second(s)

2023-05-10 10:17:19 - [MESSAGE][PASSED] - Delayed 5 second(s)

2023-05-10 10:17:19 - [TEST_STEP][PASSED] - click(findTestObject("03-Header Menu/Hamburger Button/button_menu")): Object: 'Object Repository/03-Header Menu/Hamburger Button/button_menu' is clicked on

2023-05-10 10:17:22 - [MESSAGE][PASSED] - Object: 'Object Repository/03-Header Menu/Hamburger Button/button_menu' is clicked on

2023-05-10 10:17:22 - [TEST_STEP][PASSED] - delay(delay_5seconds): Delayed 5 second(s)

2023-05-10 10:17:27 - [MESSAGE][PASSED] - Delayed 5 second(s)

2023-05-10 10:17:27 - [TEST_STEP][PASSED] - verifyElementNotVisible(findTestObject("03-Header Menu/Hamburger Button/div_Add My Organization"), STOP_ON_FAILURE): Object 'Object Repository/03-Header Menu/Hamburger Button/div_Add My Organization' is NOT visible

2023-05-10 10:17:27 - [MESSAGE][PASSED] - Object 'Object Repository/03-Header Menu/Hamburger Button/div_Add My Organization' is NOT visible

2023-05-10 10:17:27 - [TEST_STEP][PASSED] - verifyElementNotVisible(findTestObject("03-Header Menu/Hamburger Button/div_Dashboard"), STOP_ON_FAILURE): Object 'Object Repository/03-Header Menu/Hamburger Button/div_Dashboard' is NOT visible

2023-05-10 10:17:28 - [MESSAGE][PASSED] - Object 'Object Repository/03-Header Menu/Hamburger Button/div_Dashboard' is NOT visible

2023-05-10 10:17:28 - [TEST_STEP][PASSED] - verifyElementNotVisible(findTestObject("03-Header Menu/Hamburger Button/div_Chat"), STOP_ON_FAILURE): Object 'Object Repository/03-Header Menu/Hamburger Button/div_Chat' is NOT visible

2023-05-10 10:17:28 - [MESSAGE][PASSED] - Object 'Object Repository/03-Header Menu/Hamburger Button/div_Chat' is NOT visible

2023-05-10 10:17:28 - [TEST_STEP][PASSED] - verifyElementNotVisible(findTestObject("03-Header Menu/Hamburger Button/div_Teams"), STOP_ON_FAILURE): Object 'Object Repository/03-Header Menu/Hamburger Button/div_Teams' is NOT visible

2023-05-10 10:17:28 - [MESSAGE][PASSED] - Object 'Object Repository/03-Header Menu/Hamburger Button/div_Teams' is NOT visible

2023-05-10 10:17:28 - [TEST_STEP][PASSED] - verifyElementNotVisible(findTestObject("03-Header Menu/Hamburger Button/div_Directory"), STOP_ON_FAILURE): Object 'Object Repository/03-Header Menu/Hamburger Button/div_Directory' is NOT visible

2023-05-10 10:17:29 - [MESSAGE][PASSED] - Object 'Object Repository/03-Header Menu/Hamburger Button/div_Directory' is NOT visible

2023-05-10 10:17:29 - [TEST_STEP][PASSED] - verifyElementNotVisible(findTestObject("03-Header Menu/Hamburger Button/div_Operation"), STOP_ON_FAILURE): Object 'Object Repository/03-Header Menu/Hamburger Button/div_Operation' is NOT visible

2023-05-10 10:17:29 - [MESSAGE][PASSED] - Object 'Object Repository/03-Header Menu/Hamburger Button/div_Operation' is NOT visible

2023-05-10 10:17:29 - [TEST_STEP][PASSED] - verifyElementNotVisible(findTestObject("03-Header Menu/Hamburger Button/div_Settings"), STOP_ON_FAILURE): Object 'Object Repository/03-Header Menu/Hamburger Button/div_Settings' is NOT visible

2023-05-10 10:17:30 - [MESSAGE][PASSED] - Object 'Object Repository/03-Header Menu/Hamburger Button/div_Settings' is NOT visible

2023-05-10 10:17:30 - [TEST_STEP][PASSED] - verifyElementNotVisible(findTestObject("03-Header Menu/Hamburger Button/div_Open Video Conference"), STOP_ON_FAILURE): Object 'Object Repository/03-Header Menu/Hamburger Button/div_Open Video Conference' is NOT visible

2023-05-10 10:17:30 - [MESSAGE][PASSED] - Object 'Object Repository/03-Header Menu/Hamburger Button/div_Open Video Conference' is NOT visible

2023-05-10 10:17:30 - [TEST_STEP][PASSED] - verifyElementNotVisible(findTestObject("03-Header Menu/Hamburger Button/div_Cloud Files"), STOP_ON_FAILURE): Object 'Object Repository/03-Header Menu/Hamburger Button/div_Cloud Files' is NOT visible

2023-05-10 10:17:30 - [MESSAGE][PASSED] - Object 'Object Repository/03-Header Menu/Hamburger Button/div_Cloud Files' is NOT visible

2023-05-10 10:17:30 - [TEST_STEP][PASSED] - verifyElementNotVisible(findTestObject("03-Header Menu/Hamburger Button/div_ELSign"), STOP_ON_FAILURE): Object 'Object Repository/03-Header Menu/Hamburger Button/div_ELSign' is NOT visible

2023-05-10 10:17:31 - [MESSAGE][PASSED] - Object 'Object Repository/03-Header Menu/Hamburger Button/div_ELSign' is NOT visible

2023-05-10 10:17:31 - [TEST_STEP][PASSED] - verifyElementNotVisible(findTestObject("03-Header Menu/Hamburger Button/div_Income and Expense"), STOP_ON_FAILURE): Object 'Object Repository/03-Header Menu/Hamburger Button/div_Income and Expense' is NOT visible

2023-05-10 10:17:31 - [MESSAGE][PASSED] - Object 'Object Repository/03-Header Menu/Hamburger Button/div_Income and Expense' is NOT visible

2023-05-10 10:17:31 - [TEST_STEP][PASSED] - verifyElementNotVisible(findTestObject("03-Header Menu/Hamburger Button/div_ELNet"), CONTINUE_ON_FAILURE): Object 'Object Repository/03-Header Menu/Hamburger Button/div_ELNet' is NOT visible

2023-05-10 10:17:31 - [MESSAGE][PASSED] - Object 'Object Repository/03-Header Menu/Hamburger Button/div_ELNet' is NOT visible

2023-05-10 10:17:31 - [TEST_STEP][PASSED] - verifyElementNotVisible(findTestObject("03-Header Menu/Hamburger Button/div_Help"), STOP_ON_FAILURE): Object 'Object Repository/03-Header Menu/Hamburger Button/div_Help' is NOT visible

2023-05-10 10:17:32 - [MESSAGE][PASSED] - Object 'Object Repository/03-Header Menu/Hamburger Button/div_Help' is NOT visible

2023-05-10 10:17:32 - [TEST_STEP][PASSED] - delay(delay_5seconds): Delayed 5 second(s)

2023-05-10 10:17:37 - [MESSAGE][PASSED] - Delayed 5 second(s)

2023-05-10 10:17:37 - [TEST_STEP][PASSED] - click(findTestObject("03-Header Menu/Hamburger Button/button_menu")): Object: 'Object Repository/03-Header Menu/Hamburger Button/button_menu' is clicked on

2023-05-10 10:17:38 - [MESSAGE][PASSED] - Object: 'Object Repository/03-Header Menu/Hamburger Button/button_menu' is clicked on

2023-05-10 10:17:38 - [TEST_STEP][PASSED] - verifyElementVisible(findTestObject("03-Header Menu/Hamburger Button/div_Add My Organization"), STOP_ON_FAILURE): Object 'Object Repository/03-Header Menu/Hamburger Button/div_Add My Organization' is visible

2023-05-10 10:17:39 - [MESSAGE][PASSED] - Object 'Object Repository/03-Header Menu/Hamburger Button/div_Add My Organization' is visible

2023-05-10 10:17:39 - [TEST_STEP][PASSED] - verifyElementVisible(findTestObject("03-Header Menu/Hamburger Button/div_Dashboard"), STOP_ON_FAILURE): Object 'Object Repository/03-Header Menu/Hamburger Button/div_Dashboard' is visible

2023-05-10 10:17:39 - [MESSAGE][PASSED] - Object 'Object Repository/03-Header Menu/Hamburger Button/div_Dashboard' is visible

2023-05-10 10:17:39 - [TEST_STEP][PASSED] - verifyElementVisible(findTestObject("03-Header Menu/Hamburger Button/div_Chat"), STOP_ON_FAILURE): Object 'Object Repository/03-Header Menu/Hamburger Button/div_Chat' is visible

2023-05-10 10:17:39 - [MESSAGE][PASSED] - Object 'Object Repository/03-Header Menu/Hamburger Button/div_Chat' is visible

2023-05-10 10:17:39 - [TEST_STEP][PASSED] - verifyElementVisible(findTestObject("03-Header Menu/Hamburger Button/div_Teams"), STOP_ON_FAILURE): Object 'Object Repository/03-Header Menu/Hamburger Button/div_Teams' is visible

2023-05-10 10:17:40 - [MESSAGE][PASSED] - Object 'Object Repository/03-Header Menu/Hamburger Button/div_Teams' is visible

2023-05-10 10:17:40 - [TEST_STEP][PASSED] - verifyElementVisible(findTestObject("03-Header Menu/Hamburger Button/div_Directory"), STOP_ON_FAILURE): Object 'Object Repository/03-Header Menu/Hamburger Button/div_Directory' is visible

2023-05-10 10:17:40 - [MESSAGE][PASSED] - Object 'Object Repository/03-Header Menu/Hamburger Button/div_Directory' is visible

2023-05-10 10:17:40 - [TEST_STEP][PASSED] - verifyElementVisible(findTestObject("03-Header Menu/Hamburger Button/div_Operation"), CONTINUE_ON_FAILURE): Object 'Object Repository/03-Header Menu/Hamburger Button/div_Operation' is visible

2023-05-10 10:17:40 - [MESSAGE][PASSED] - Object 'Object Repository/03-Header Menu/Hamburger Button/div_Operation' is visible

2023-05-10 10:17:40 - [TEST_STEP][PASSED] - verifyElementVisible(findTestObject("03-Header Menu/Hamburger Button/div_Settings"), CONTINUE_ON_FAILURE): Object 'Object Repository/03-Header Menu/Hamburger Button/div_Settings' is visible

2023-05-10 10:17:41 - [MESSAGE][PASSED] - Object 'Object Repository/03-Header Menu/Hamburger Button/div_Settings' is visible

2023-05-10 10:17:41 - [TEST_STEP][PASSED] - verifyElementVisible(findTestObject("03-Header Menu/Hamburger Button/div_Open Video Conference"), STOP_ON_FAILURE): Object 'Object Repository/03-Header Menu/Hamburger Button/div_Open Video Conference' is visible

2023-05-10 10:17:41 - [MESSAGE][PASSED] - Object 'Object Repository/03-Header Menu/Hamburger Button/div_Open Video Conference' is visible

2023-05-10 10:17:41 - [TEST_STEP][PASSED] - verifyElementVisible(findTestObject("03-Header Menu/Hamburger Button/div_Cloud Files"), STOP_ON_FAILURE): Object 'Object Repository/03-Header Menu/Hamburger Button/div_Cloud Files' is visible

2023-05-10 10:17:42 - [MESSAGE][PASSED] - Object 'Object Repository/03-Header Menu/Hamburger Button/div_Cloud Files' is visible

2023-05-10 10:17:42 - [TEST_STEP][PASSED] - scrollToElement(findTestObject("03-Header Menu/Hamburger Button/div_ELSign"), 0): Scroll to object 'Object Repository/03-Header Menu/Hamburger Button/div_ELSign' successfully

2023-05-10 10:17:42 - [MESSAGE][WARNING] - Timeout '0' is invalid. Using default page load timeout: '30'

2023-05-10 10:17:42 - [MESSAGE][PASSED] - Scroll to object 'Object Repository/03-Header Menu/Hamburger Button/div_ELSign' successfully

2023-05-10 10:17:42 - [TEST_STEP][PASSED] - verifyElementVisible(findTestObject("03-Header Menu/Hamburger Button/div_ELSign"), STOP_ON_FAILURE): Object 'Object Repository/03-Header Menu/Hamburger Button/div_ELSign' is visible

2023-05-10 10:17:42 - [MESSAGE][PASSED] - Object 'Object Repository/03-Header Menu/Hamburger Button/div_ELSign' is visible

2023-05-10 10:17:42 - [TEST_STEP][PASSED] - verifyElementVisible(findTestObject("03-Header Menu/Hamburger Button/div_Income and Expense"), STOP_ON_FAILURE): Object 'Object Repository/03-Header Menu/Hamburger Button/div_Income and Expense' is visible

2023-05-10 10:17:43 - [MESSAGE][PASSED] - Object 'Object Repository/03-Header Menu/Hamburger Button/div_Income and Expense' is visible

2023-05-10 10:17:43 - [TEST_STEP][PASSED] - verifyElementVisible(findTestObject("03-Header Menu/Hamburger Button/div_ELNet"), CONTINUE_ON_FAILURE): Object 'Object Repository/03-Header Menu/Hamburger Button/div_ELNet' is visible

2023-05-10 10:17:43 - [MESSAGE][PASSED] - Object 'Object Repository/03-Header Menu/Hamburger Button/div_ELNet' is visible

2023-05-10 10:17:43 - [TEST_STEP][PASSED] - verifyElementVisible(findTestObject("03-Header Menu/Hamburger Button/div_Help"), STOP_ON_FAILURE): Object 'Object Repository/03-Header Menu/Hamburger Button/div_Help' is visible

2023-05-10 10:17:44 - [MESSAGE][PASSED] - Object 'Object Repository/03-Header Menu/Hamburger Button/div_Help' is visible

2023-05-10 10:17:44 - [TEST_STEP][PASSED] - scrollToElement(findTestObject("03-Header Menu/Hamburger Button/div_Dashboard"), 0): Scroll to object 'Object Repository/03-Header Menu/Hamburger Button/div_Dashboard' successfully

2023-05-10 10:17:44 - [MESSAGE][WARNING] - Timeout '0' is invalid. Using default page load timeout: '30'

2023-05-10 10:17:44 - [MESSAGE][PASSED] - Scroll to object 'Object Repository/03-Header Menu/Hamburger Button/div_Dashboard' successfully

2023-05-10 10:17:44 - [TEST_STEP][PASSED] - delay(delay_3seconds): Delayed 3 second(s)

2023-05-10 10:17:47 - [MESSAGE][PASSED] - Delayed 3 second(s)]]></system-out>
         <system-err><![CDATA[]]></system-err>
      </testcase>
      <testcase name="Test Cases/03-Header Menu/02- Language Selector" time="55.591" classname="Test Cases/03-Header Menu/02- Language Selector" status="PASSED">
         <system-out><![CDATA[2023-05-10 10:17:47 - [TEST_CASE][PASSED] - Test Cases/03-Header Menu/02- Language Selector: Test Cases/03-Header Menu/02- Language Selector

2023-05-10 10:17:47 - [TEST_STEP][PASSED] - click(findTestObject("03-Header Menu/Language/button_Language Selector")): Object: 'Object Repository/03-Header Menu/Language/button_Language Selector' is clicked on

2023-05-10 10:17:48 - [MESSAGE][PASSED] - Object: 'Object Repository/03-Header Menu/Language/button_Language Selector' is clicked on

2023-05-10 10:17:48 - [TEST_STEP][PASSED] - delay(delay_2seconds): Delayed 2 second(s)

2023-05-10 10:17:50 - [MESSAGE][PASSED] - Delayed 2 second(s)

2023-05-10 10:17:50 - [TEST_STEP][PASSED] - click(findTestObject("03-Header Menu/Language/button_chinese 1")): Object: 'Object Repository/03-Header Menu/Language/button_chinese 1' is clicked on

2023-05-10 10:17:50 - [MESSAGE][PASSED] - Object: 'Object Repository/03-Header Menu/Language/button_chinese 1' is clicked on

2023-05-10 10:17:50 - [TEST_STEP][PASSED] - delay(delay_2seconds): Delayed 2 second(s)

2023-05-10 10:17:52 - [MESSAGE][PASSED] - Delayed 2 second(s)

2023-05-10 10:17:52 - [TEST_STEP][PASSED] - verifyElementVisible(findTestObject("03-Header Menu/Language/Language Div/div_chinese1 dashboard")): Object 'Object Repository/03-Header Menu/Language/Language Div/div_chinese1 dashboard' is visible

2023-05-10 10:17:53 - [MESSAGE][PASSED] - Object 'Object Repository/03-Header Menu/Language/Language Div/div_chinese1 dashboard' is visible

2023-05-10 10:17:53 - [TEST_STEP][PASSED] - verifyElementVisible(findTestObject("03-Header Menu/Language/Language Div/div_chinese1 chat")): Object 'Object Repository/03-Header Menu/Language/Language Div/div_chinese1 chat' is visible

2023-05-10 10:17:53 - [MESSAGE][PASSED] - Object 'Object Repository/03-Header Menu/Language/Language Div/div_chinese1 chat' is visible

2023-05-10 10:17:53 - [TEST_STEP][PASSED] - verifyElementVisible(findTestObject("03-Header Menu/Language/Language Div/div_chinese1 teams")): Object 'Object Repository/03-Header Menu/Language/Language Div/div_chinese1 teams' is visible

2023-05-10 10:17:54 - [MESSAGE][PASSED] - Object 'Object Repository/03-Header Menu/Language/Language Div/div_chinese1 teams' is visible

2023-05-10 10:17:54 - [TEST_STEP][PASSED] - delay(delay_2seconds): Delayed 2 second(s)

2023-05-10 10:17:56 - [MESSAGE][PASSED] - Delayed 2 second(s)

2023-05-10 10:17:56 - [TEST_STEP][PASSED] - click(findTestObject("03-Header Menu/Language/button_Language Selector")): Object: 'Object Repository/03-Header Menu/Language/button_Language Selector' is clicked on

2023-05-10 10:17:56 - [MESSAGE][PASSED] - Object: 'Object Repository/03-Header Menu/Language/button_Language Selector' is clicked on

2023-05-10 10:17:56 - [TEST_STEP][PASSED] - delay(delay_2seconds): Delayed 2 second(s)

2023-05-10 10:17:58 - [MESSAGE][PASSED] - Delayed 2 second(s)

2023-05-10 10:17:58 - [TEST_STEP][PASSED] - click(findTestObject("03-Header Menu/Language/button_chinese 2")): Object: 'Object Repository/03-Header Menu/Language/button_chinese 2' is clicked on

2023-05-10 10:17:59 - [MESSAGE][PASSED] - Object: 'Object Repository/03-Header Menu/Language/button_chinese 2' is clicked on

2023-05-10 10:17:59 - [TEST_STEP][PASSED] - delay(delay_2seconds): Delayed 2 second(s)

2023-05-10 10:18:01 - [MESSAGE][PASSED] - Delayed 2 second(s)

2023-05-10 10:18:01 - [TEST_STEP][PASSED] - verifyElementVisible(findTestObject("03-Header Menu/Language/Language Div/div_chinese2 dashboard")): Object 'Object Repository/03-Header Menu/Language/Language Div/div_chinese2 dashboard' is visible

2023-05-10 10:18:01 - [MESSAGE][PASSED] - Object 'Object Repository/03-Header Menu/Language/Language Div/div_chinese2 dashboard' is visible

2023-05-10 10:18:01 - [TEST_STEP][PASSED] - verifyElementVisible(findTestObject("03-Header Menu/Language/Language Div/div_chinese2 chat")): Object 'Object Repository/03-Header Menu/Language/Language Div/div_chinese2 chat' is visible

2023-05-10 10:18:02 - [MESSAGE][PASSED] - Object 'Object Repository/03-Header Menu/Language/Language Div/div_chinese2 chat' is visible

2023-05-10 10:18:02 - [TEST_STEP][PASSED] - verifyElementVisible(findTestObject("03-Header Menu/Language/Language Div/div_chinese2 teams")): Object 'Object Repository/03-Header Menu/Language/Language Div/div_chinese2 teams' is visible

2023-05-10 10:18:02 - [MESSAGE][PASSED] - Object 'Object Repository/03-Header Menu/Language/Language Div/div_chinese2 teams' is visible

2023-05-10 10:18:02 - [TEST_STEP][PASSED] - delay(delay_2seconds): Delayed 2 second(s)

2023-05-10 10:18:04 - [MESSAGE][PASSED] - Delayed 2 second(s)

2023-05-10 10:18:04 - [TEST_STEP][PASSED] - click(findTestObject("03-Header Menu/Language/button_Language Selector")): Object: 'Object Repository/03-Header Menu/Language/button_Language Selector' is clicked on

2023-05-10 10:18:04 - [MESSAGE][PASSED] - Object: 'Object Repository/03-Header Menu/Language/button_Language Selector' is clicked on

2023-05-10 10:18:04 - [TEST_STEP][PASSED] - delay(delay_2seconds): Delayed 2 second(s)

2023-05-10 10:18:06 - [MESSAGE][PASSED] - Delayed 2 second(s)

2023-05-10 10:18:06 - [TEST_STEP][PASSED] - click(findTestObject("03-Header Menu/Language/button_chinese 3")): Object: 'Object Repository/03-Header Menu/Language/button_chinese 3' is clicked on

2023-05-10 10:18:07 - [MESSAGE][PASSED] - Object: 'Object Repository/03-Header Menu/Language/button_chinese 3' is clicked on

2023-05-10 10:18:07 - [TEST_STEP][PASSED] - delay(delay_2seconds): Delayed 2 second(s)

2023-05-10 10:18:09 - [MESSAGE][PASSED] - Delayed 2 second(s)

2023-05-10 10:18:09 - [TEST_STEP][PASSED] - verifyElementVisible(findTestObject("03-Header Menu/Language/Language Div/div_chinese3 dashboard")): Object 'Object Repository/03-Header Menu/Language/Language Div/div_chinese3 dashboard' is visible

2023-05-10 10:18:10 - [MESSAGE][PASSED] - Object 'Object Repository/03-Header Menu/Language/Language Div/div_chinese3 dashboard' is visible

2023-05-10 10:18:10 - [TEST_STEP][PASSED] - verifyElementVisible(findTestObject("03-Header Menu/Language/Language Div/div_chinese3 chat")): Object 'Object Repository/03-Header Menu/Language/Language Div/div_chinese3 chat' is visible

2023-05-10 10:18:10 - [MESSAGE][PASSED] - Object 'Object Repository/03-Header Menu/Language/Language Div/div_chinese3 chat' is visible

2023-05-10 10:18:10 - [TEST_STEP][PASSED] - verifyElementVisible(findTestObject("03-Header Menu/Language/Language Div/div_chinese3 teams")): Object 'Object Repository/03-Header Menu/Language/Language Div/div_chinese3 teams' is visible

2023-05-10 10:18:11 - [MESSAGE][PASSED] - Object 'Object Repository/03-Header Menu/Language/Language Div/div_chinese3 teams' is visible

2023-05-10 10:18:11 - [TEST_STEP][PASSED] - delay(delay_2seconds): Delayed 2 second(s)

2023-05-10 10:18:13 - [MESSAGE][PASSED] - Delayed 2 second(s)

2023-05-10 10:18:13 - [TEST_STEP][PASSED] - click(findTestObject("03-Header Menu/Language/button_Language Selector")): Object: 'Object Repository/03-Header Menu/Language/button_Language Selector' is clicked on

2023-05-10 10:18:13 - [MESSAGE][PASSED] - Object: 'Object Repository/03-Header Menu/Language/button_Language Selector' is clicked on

2023-05-10 10:18:13 - [TEST_STEP][PASSED] - delay(delay_2seconds): Delayed 2 second(s)

2023-05-10 10:18:15 - [MESSAGE][PASSED] - Delayed 2 second(s)

2023-05-10 10:18:15 - [TEST_STEP][PASSED] - click(findTestObject("03-Header Menu/Language/button_Espanol")): Object: 'Object Repository/03-Header Menu/Language/button_Espanol' is clicked on

2023-05-10 10:18:15 - [MESSAGE][PASSED] - Object: 'Object Repository/03-Header Menu/Language/button_Espanol' is clicked on

2023-05-10 10:18:15 - [TEST_STEP][PASSED] - delay(delay_2seconds): Delayed 2 second(s)

2023-05-10 10:18:17 - [MESSAGE][PASSED] - Delayed 2 second(s)

2023-05-10 10:18:17 - [TEST_STEP][PASSED] - verifyElementVisible(findTestObject("03-Header Menu/Language/Language Div/div_spanish_Panel")): Object 'Object Repository/03-Header Menu/Language/Language Div/div_spanish_Panel' is visible

2023-05-10 10:18:18 - [MESSAGE][PASSED] - Object 'Object Repository/03-Header Menu/Language/Language Div/div_spanish_Panel' is visible

2023-05-10 10:18:18 - [TEST_STEP][PASSED] - verifyElementVisible(findTestObject("03-Header Menu/Language/Language Div/div_spanish_Equipo")): Object 'Object Repository/03-Header Menu/Language/Language Div/div_spanish_Equipo' is visible

2023-05-10 10:18:18 - [MESSAGE][PASSED] - Object 'Object Repository/03-Header Menu/Language/Language Div/div_spanish_Equipo' is visible

2023-05-10 10:18:18 - [TEST_STEP][PASSED] - delay(delay_2seconds): Delayed 2 second(s)

2023-05-10 10:18:20 - [MESSAGE][PASSED] - Delayed 2 second(s)

2023-05-10 10:18:20 - [TEST_STEP][PASSED] - click(findTestObject("03-Header Menu/Language/button_Language Selector")): Object: 'Object Repository/03-Header Menu/Language/button_Language Selector' is clicked on

2023-05-10 10:18:21 - [MESSAGE][PASSED] - Object: 'Object Repository/03-Header Menu/Language/button_Language Selector' is clicked on

2023-05-10 10:18:21 - [TEST_STEP][PASSED] - delay(delay_2seconds): Delayed 2 second(s)

2023-05-10 10:18:23 - [MESSAGE][PASSED] - Delayed 2 second(s)

2023-05-10 10:18:23 - [TEST_STEP][PASSED] - click(findTestObject("03-Header Menu/Language/button_Italiano")): Object: 'Object Repository/03-Header Menu/Language/button_Italiano' is clicked on

2023-05-10 10:18:23 - [MESSAGE][PASSED] - Object: 'Object Repository/03-Header Menu/Language/button_Italiano' is clicked on

2023-05-10 10:18:23 - [TEST_STEP][PASSED] - delay(delay_10seconds): Delayed 10 second(s)

2023-05-10 10:18:33 - [MESSAGE][PASSED] - Delayed 10 second(s)

2023-05-10 10:18:33 - [TEST_STEP][PASSED] - verifyElementVisible(findTestObject("03-Header Menu/Language/Language Div/div_Pannello di controllo")): Object 'Object Repository/03-Header Menu/Language/Language Div/div_Pannello di controllo' is visible

2023-05-10 10:18:33 - [MESSAGE][PASSED] - Object 'Object Repository/03-Header Menu/Language/Language Div/div_Pannello di controllo' is visible

2023-05-10 10:18:33 - [TEST_STEP][PASSED] - verifyElementVisible(findTestObject("03-Header Menu/Language/Language Div/div_Impostazioni"), CONTINUE_ON_FAILURE): Object 'Object Repository/03-Header Menu/Language/Language Div/div_Impostazioni' is visible

2023-05-10 10:18:34 - [MESSAGE][PASSED] - Object 'Object Repository/03-Header Menu/Language/Language Div/div_Impostazioni' is visible

2023-05-10 10:18:34 - [TEST_STEP][PASSED] - click(findTestObject("03-Header Menu/Language/button_Language Selector")): Object: 'Object Repository/03-Header Menu/Language/button_Language Selector' is clicked on

2023-05-10 10:18:34 - [MESSAGE][PASSED] - Object: 'Object Repository/03-Header Menu/Language/button_Language Selector' is clicked on

2023-05-10 10:18:34 - [TEST_STEP][PASSED] - delay(delay_2seconds): Delayed 2 second(s)

2023-05-10 10:18:36 - [MESSAGE][PASSED] - Delayed 2 second(s)

2023-05-10 10:18:36 - [TEST_STEP][PASSED] - click(findTestObject("03-Header Menu/Language/button_English")): Object: 'Object Repository/03-Header Menu/Language/button_English' is clicked on

2023-05-10 10:18:38 - [MESSAGE][PASSED] - Object: 'Object Repository/03-Header Menu/Language/button_English' is clicked on

2023-05-10 10:18:38 - [TEST_STEP][PASSED] - delay(delay_2seconds): Delayed 2 second(s)

2023-05-10 10:18:40 - [MESSAGE][PASSED] - Delayed 2 second(s)

2023-05-10 10:18:40 - [TEST_STEP][PASSED] - verifyElementVisible(findTestObject("03-Header Menu/Language/Language Div/div_Dashboard")): Object 'Object Repository/03-Header Menu/Language/Language Div/div_Dashboard' is visible

2023-05-10 10:18:40 - [MESSAGE][PASSED] - Object 'Object Repository/03-Header Menu/Language/Language Div/div_Dashboard' is visible

2023-05-10 10:18:40 - [TEST_STEP][PASSED] - verifyElementVisible(findTestObject("03-Header Menu/Language/Language Div/div_Teams")): Object 'Object Repository/03-Header Menu/Language/Language Div/div_Teams' is visible

2023-05-10 10:18:41 - [MESSAGE][PASSED] - Object 'Object Repository/03-Header Menu/Language/Language Div/div_Teams' is visible

2023-05-10 10:18:41 - [TEST_STEP][PASSED] - delay(delay_2seconds): Delayed 2 second(s)

2023-05-10 10:18:43 - [MESSAGE][PASSED] - Delayed 2 second(s)]]></system-out>
         <system-err><![CDATA[]]></system-err>
      </testcase>
      <testcase name="Test Cases/03-Header Menu/03- Users Profile menu and notification button" time="17.229" classname="Test Cases/03-Header Menu/03- Users Profile menu and notification button" status="PASSED">
         <system-out><![CDATA[2023-05-10 10:18:43 - [TEST_CASE][PASSED] - Test Cases/03-Header Menu/03- Users Profile menu and notification button: Test Cases/03-Header Menu/03- Users Profile menu and notification button

2023-05-10 10:18:43 - [TEST_STEP][PASSED] - click(findTestObject("03-Header Menu/User Profile/Users Profile menu and notification button/button_notification bell"), CONTINUE_ON_FAILURE): Object: 'Object Repository/03-Header Menu/User Profile/Users Profile menu and notification button/button_notification bell' is clicked on

2023-05-10 10:18:43 - [MESSAGE][PASSED] - Object: 'Object Repository/03-Header Menu/User Profile/Users Profile menu and notification button/button_notification bell' is clicked on

2023-05-10 10:18:43 - [TEST_STEP][PASSED] - delay(delay_2seconds): Delayed 2 second(s)

2023-05-10 10:18:45 - [MESSAGE][PASSED] - Delayed 2 second(s)

2023-05-10 10:18:45 - [TEST_STEP][PASSED] - verifyElementVisible(findTestObject("03-Header Menu/User Profile/Users Profile menu and notification button/div_notification modal"), CONTINUE_ON_FAILURE): Object 'Object Repository/03-Header Menu/User Profile/Users Profile menu and notification button/div_notification modal' is visible

2023-05-10 10:18:46 - [MESSAGE][PASSED] - Object 'Object Repository/03-Header Menu/User Profile/Users Profile menu and notification button/div_notification modal' is visible

2023-05-10 10:18:46 - [TEST_STEP][PASSED] - delay(delay_2seconds): Delayed 2 second(s)

2023-05-10 10:18:48 - [MESSAGE][PASSED] - Delayed 2 second(s)

2023-05-10 10:18:48 - [TEST_STEP][PASSED] - clickOffset(findTestObject("03-Header Menu/User Profile/Users Profile menu and notification button/div_notification modal"), 100, 100, CONTINUE_ON_FAILURE): Object: 'Object Repository/03-Header Menu/User Profile/Users Profile menu and notification button/div_notification modal' is clicked on using offset x=100 and y=100

2023-05-10 10:18:48 - [MESSAGE][PASSED] - Object: 'Object Repository/03-Header Menu/User Profile/Users Profile menu and notification button/div_notification modal' is clicked on using offset x=100 and y=100

2023-05-10 10:18:48 - [TEST_STEP][PASSED] - click(findTestObject("03-Header Menu/User Profile/Users Profile menu and notification button/div_User drop down menu button")): Object: 'Object Repository/03-Header Menu/User Profile/Users Profile menu and notification button/div_User drop down menu button' is clicked on

2023-05-10 10:18:49 - [MESSAGE][PASSED] - Object: 'Object Repository/03-Header Menu/User Profile/Users Profile menu and notification button/div_User drop down menu button' is clicked on

2023-05-10 10:18:49 - [TEST_STEP][PASSED] - delay(delay_1second): Delayed 1 second(s)

2023-05-10 10:18:50 - [MESSAGE][PASSED] - Delayed 1 second(s)

2023-05-10 10:18:50 - [TEST_STEP][PASSED] - verifyElementVisible(findTestObject("03-Header Menu/User Profile/Users Profile menu and notification button/h4_View Profile")): Object 'Object Repository/03-Header Menu/User Profile/Users Profile menu and notification button/h4_View Profile' is visible

2023-05-10 10:18:51 - [MESSAGE][PASSED] - Object 'Object Repository/03-Header Menu/User Profile/Users Profile menu and notification button/h4_View Profile' is visible

2023-05-10 10:18:51 - [TEST_STEP][PASSED] - verifyElementVisible(findTestObject("03-Header Menu/User Profile/Users Profile menu and notification button/h4_Change Password")): Object 'Object Repository/03-Header Menu/User Profile/Users Profile menu and notification button/h4_Change Password' is visible

2023-05-10 10:18:51 - [MESSAGE][PASSED] - Object 'Object Repository/03-Header Menu/User Profile/Users Profile menu and notification button/h4_Change Password' is visible

2023-05-10 10:18:51 - [TEST_STEP][PASSED] - verifyElementVisible(findTestObject("03-Header Menu/User Profile/Users Profile menu and notification button/h4_Sign Out")): Object 'Object Repository/03-Header Menu/User Profile/Users Profile menu and notification button/h4_Sign Out' is visible

2023-05-10 10:18:51 - [MESSAGE][PASSED] - Object 'Object Repository/03-Header Menu/User Profile/Users Profile menu and notification button/h4_Sign Out' is visible

2023-05-10 10:18:51 - [TEST_STEP][PASSED] - delay(delay_2seconds): Delayed 2 second(s)

2023-05-10 10:18:53 - [MESSAGE][PASSED] - Delayed 2 second(s)

2023-05-10 10:18:53 - [TEST_STEP][PASSED] - click(findTestObject("03-Header Menu/User Profile/Users Profile menu and notification button/h4_Sign Out")): Object: 'Object Repository/03-Header Menu/User Profile/Users Profile menu and notification button/h4_Sign Out' is clicked on

2023-05-10 10:18:54 - [MESSAGE][PASSED] - Object: 'Object Repository/03-Header Menu/User Profile/Users Profile menu and notification button/h4_Sign Out' is clicked on

2023-05-10 10:18:54 - [TEST_STEP][PASSED] - verifyElementVisible(findTestObject("03-Header Menu/User Profile/Users Profile menu and notification button/Login card")): Object 'Object Repository/03-Header Menu/User Profile/Users Profile menu and notification button/Login card' is visible

2023-05-10 10:18:56 - [MESSAGE][PASSED] - Object 'Object Repository/03-Header Menu/User Profile/Users Profile menu and notification button/Login card' is visible

2023-05-10 10:18:56 - [TEST_STEP][PASSED] - delay(delay_2seconds): Delayed 2 second(s)

2023-05-10 10:18:58 - [MESSAGE][PASSED] - Delayed 2 second(s)

2023-05-10 10:18:58 - [TEST_STEP][PASSED] - closeBrowser(): Browser is closed

2023-05-10 10:19:00 - [MESSAGE][PASSED] - Browser is closed]]></system-out>
         <system-err><![CDATA[]]></system-err>
      </testcase>
      <testcase name="Test Cases/03-Header Menu/04- View Profile" time="79.649" classname="Test Cases/03-Header Menu/04- View Profile" status="PASSED">
         <system-out><![CDATA[2023-05-10 10:19:00 - [TEST_CASE][PASSED] - Test Cases/03-Header Menu/04- View Profile: Test Cases/03-Header Menu/04- View Profile

2023-05-10 10:19:00 - [TEST_STEP][PASSED] - openBrowser(""): Browser is opened with url: ''

2023-05-10 10:19:00 - [MESSAGE][INFO] - Starting 'Chrome' driver

2023-05-10 10:19:00 - [MESSAGE][INFO] - Action delay is set to 0 milliseconds

2023-05-10 10:19:02 - [MESSAGE][PASSED] - Browser is opened with url: ''

2023-05-10 10:19:02 - [TEST_STEP][PASSED] - navigateToUrl(appURL): Navigate to 'https://lab.everleagues.com/' successfully

2023-05-10 10:19:10 - [MESSAGE][PASSED] - Navigate to 'https://lab.everleagues.com/' successfully

2023-05-10 10:19:10 - [TEST_STEP][PASSED] - maximizeWindow(): Current window maximized

2023-05-10 10:19:11 - [MESSAGE][PASSED] - Current window maximized

2023-05-10 10:19:11 - [TEST_STEP][PASSED] - callTestCase(findTestCase("01-Login and Forgot Password/04-Login(Valid Credentials-With Subscription)"), [:], STOP_ON_FAILURE): Call Test Case 'Test Cases/01-Login and Forgot Password/04-Login(Valid Credentials-With Subscription)' successfully

2023-05-10 10:19:11 - [TEST_CASE][PASSED] - Test Cases/01-Login and Forgot Password/04-Login(Valid Credentials-With Subscription): Test Cases/01-Login and Forgot Password/04-Login(Valid Credentials-With Subscription)

2023-05-10 10:19:12 - [TEST_STEP][PASSED] - setText(findTestObject("01-Login and Forgot Password/input_Email_email"), email_with_subscription): Text 'testuser05@mailinator.com' is set on object 'Object Repository/01-Login and Forgot Password/input_Email_email'

2023-05-10 10:19:15 - [MESSAGE][PASSED] - Text 'testuser05@mailinator.com' is set on object 'Object Repository/01-Login and Forgot Password/input_Email_email'

2023-05-10 10:19:15 - [TEST_STEP][PASSED] - setEncryptedText(findTestObject("01-Login and Forgot Password/input_Email_password"), password): Text ****** has been set on object 'Object Repository/01-Login and Forgot Password/input_Email_password'

2023-05-10 10:19:16 - [MESSAGE][PASSED] - Text ****** has been set on object 'Object Repository/01-Login and Forgot Password/input_Email_password'

2023-05-10 10:19:16 - [TEST_STEP][PASSED] - delay(delay_2seconds): Delayed 2 second(s)

2023-05-10 10:19:18 - [MESSAGE][PASSED] - Delayed 2 second(s)

2023-05-10 10:19:18 - [TEST_STEP][PASSED] - click(findTestObject("01-Login and Forgot Password/show pass button")): Object: 'Object Repository/01-Login and Forgot Password/show pass button' is clicked on

2023-05-10 10:19:19 - [MESSAGE][PASSED] - Object: 'Object Repository/01-Login and Forgot Password/show pass button' is clicked on

2023-05-10 10:19:19 - [TEST_STEP][PASSED] - delay(delay_3seconds): Delayed 3 second(s)

2023-05-10 10:19:22 - [MESSAGE][PASSED] - Delayed 3 second(s)

2023-05-10 10:19:22 - [TEST_STEP][PASSED] - click(findTestObject("01-Login and Forgot Password/button_Sign in")): Object: 'Object Repository/01-Login and Forgot Password/button_Sign in' is clicked on

2023-05-10 10:19:24 - [MESSAGE][PASSED] - Object: 'Object Repository/01-Login and Forgot Password/button_Sign in' is clicked on

2023-05-10 10:19:24 - [TEST_STEP][PASSED] - delay(delay_3seconds): Delayed 3 second(s)

2023-05-10 10:19:27 - [MESSAGE][PASSED] - Delayed 3 second(s)

2023-05-10 10:19:27 - [TEST_STEP][PASSED] - click(findTestObject("06-Teams/For 2FA/button_Confirm_2FA")): Object: 'Object Repository/06-Teams/For 2FA/button_Confirm_2FA' is clicked on

2023-05-10 10:19:27 - [MESSAGE][PASSED] - Object: 'Object Repository/06-Teams/For 2FA/button_Confirm_2FA' is clicked on

2023-05-10 10:19:27 - [TEST_STEP][PASSED] - executeJavaScript("window.open();", []): Execute JavaScript 'window.open();' successfully

2023-05-10 10:19:28 - [MESSAGE][PASSED] - Execute JavaScript 'window.open();' successfully

2023-05-10 10:19:28 - [TEST_STEP][PASSED] - currentWindow = getWindowIndex(): Current window's index is: 0

2023-05-10 10:19:28 - [MESSAGE][PASSED] - Current window's index is: 0

2023-05-10 10:19:28 - [TEST_STEP][PASSED] - delay(delay_3seconds): Delayed 3 second(s)

2023-05-10 10:19:31 - [MESSAGE][PASSED] - Delayed 3 second(s)

2023-05-10 10:19:31 - [TEST_STEP][PASSED] - switchToWindowIndex(currentWindow + 1): Switched to window with index: '1'

2023-05-10 10:19:31 - [MESSAGE][PASSED] - Switched to window with index: '1'

2023-05-10 10:19:31 - [TEST_STEP][PASSED] - navigateToUrl(app_mailinator): Navigate to 'https://www.mailinator.com/' successfully

2023-05-10 10:19:33 - [MESSAGE][PASSED] - Navigate to 'https://www.mailinator.com/' successfully

2023-05-10 10:19:33 - [TEST_STEP][PASSED] - delay(delay_3seconds): Delayed 3 second(s)

2023-05-10 10:19:36 - [MESSAGE][PASSED] - Delayed 3 second(s)

2023-05-10 10:19:36 - [TEST_STEP][PASSED] - setText(findTestObject("00-Signup and Activation/zMailinator/input_LOGIN_search"), email_for_searchmailinator_testuser05): Text 'testuser05@mailinator.com' is set on object 'Object Repository/00-Signup and Activation/zMailinator/input_LOGIN_search'

2023-05-10 10:19:38 - [MESSAGE][PASSED] - Text 'testuser05@mailinator.com' is set on object 'Object Repository/00-Signup and Activation/zMailinator/input_LOGIN_search'

2023-05-10 10:19:38 - [TEST_STEP][PASSED] - click(findTestObject("00-Signup and Activation/zMailinator/gobutton"), STOP_ON_FAILURE): Object: 'Object Repository/00-Signup and Activation/zMailinator/gobutton' is clicked on

2023-05-10 10:19:44 - [MESSAGE][PASSED] - Object: 'Object Repository/00-Signup and Activation/zMailinator/gobutton' is clicked on

2023-05-10 10:19:44 - [TEST_STEP][PASSED] - delay(delay_3seconds): Delayed 3 second(s)

2023-05-10 10:19:47 - [MESSAGE][PASSED] - Delayed 3 second(s)

2023-05-10 10:19:47 - [TEST_STEP][PASSED] - click(findTestObject("00-Signup and Activation/zMailinator/Email - everleagues")): Object: 'Object Repository/00-Signup and Activation/zMailinator/Email - everleagues' is clicked on

2023-05-10 10:19:47 - [MESSAGE][PASSED] - Object: 'Object Repository/00-Signup and Activation/zMailinator/Email - everleagues' is clicked on

2023-05-10 10:19:47 - [TEST_STEP][PASSED] - delay(delay_3seconds): Delayed 3 second(s)

2023-05-10 10:19:50 - [MESSAGE][PASSED] - Delayed 3 second(s)

2023-05-10 10:19:50 - [TEST_STEP][PASSED] - code = getText(findTestObject("Object Repository/06-Teams/For 2FA/2FA code")): Text of object 'Object Repository/06-Teams/For 2FA/2FA code' is: '207239'

2023-05-10 10:19:51 - [MESSAGE][PASSED] - Text of object 'Object Repository/06-Teams/For 2FA/2FA code' is: '207239'

2023-05-10 10:19:51 - [TEST_STEP][PASSED] - delay(delay_3seconds): Delayed 3 second(s)

2023-05-10 10:19:54 - [MESSAGE][PASSED] - Delayed 3 second(s)

2023-05-10 10:19:54 - [TEST_STEP][PASSED] - closeWindowTitle("Mailinator"): Window with title: 'Mailinator' is closed

2023-05-10 10:19:54 - [MESSAGE][PASSED] - Window with title: 'Mailinator' is closed

2023-05-10 10:19:54 - [TEST_STEP][PASSED] - delay(delay_3seconds): Delayed 3 second(s)

2023-05-10 10:19:57 - [MESSAGE][PASSED] - Delayed 3 second(s)

2023-05-10 10:19:57 - [TEST_STEP][PASSED] - switchToWindowIndex(0): Switched to window with index: '0'

2023-05-10 10:19:57 - [MESSAGE][PASSED] - Switched to window with index: '0'

2023-05-10 10:19:57 - [TEST_STEP][PASSED] - delay(delay_3seconds): Delayed 3 second(s)

2023-05-10 10:20:00 - [MESSAGE][PASSED] - Delayed 3 second(s)

2023-05-10 10:20:00 - [TEST_STEP][PASSED] - setText(findTestObject("Object Repository/06-Teams/For 2FA/input_Enter verification code_code"), code): Text '207239' is set on object 'Object Repository/06-Teams/For 2FA/input_Enter verification code_code'

2023-05-10 10:20:02 - [MESSAGE][PASSED] - Text '207239' is set on object 'Object Repository/06-Teams/For 2FA/input_Enter verification code_code'

2023-05-10 10:20:02 - [TEST_STEP][PASSED] - delay(delay_3seconds): Delayed 3 second(s)

2023-05-10 10:20:05 - [MESSAGE][PASSED] - Delayed 3 second(s)

2023-05-10 10:20:05 - [TEST_STEP][PASSED] - click(findTestObject("06-Teams/For 2FA/button_Verify_2FA")): Object: 'Object Repository/06-Teams/For 2FA/button_Verify_2FA' is clicked on

2023-05-10 10:20:06 - [MESSAGE][PASSED] - Object: 'Object Repository/06-Teams/For 2FA/button_Verify_2FA' is clicked on

2023-05-10 10:20:06 - [TEST_STEP][PASSED] - delay(delay_3seconds): Delayed 3 second(s)

2023-05-10 10:20:09 - [MESSAGE][PASSED] - Delayed 3 second(s)

2023-05-10 10:20:09 - [MESSAGE][PASSED] - Call Test Case 'Test Cases/01-Login and Forgot Password/04-Login(Valid Credentials-With Subscription)' successfully

2023-05-10 10:20:09 - [TEST_STEP][PASSED] - click(findTestObject("03-Header Menu/User Profile/Users Profile menu and notification button/div_User drop down menu button")): Object: 'Object Repository/03-Header Menu/User Profile/Users Profile menu and notification button/div_User drop down menu button' is clicked on

2023-05-10 10:20:12 - [MESSAGE][PASSED] - Object: 'Object Repository/03-Header Menu/User Profile/Users Profile menu and notification button/div_User drop down menu button' is clicked on

2023-05-10 10:20:12 - [TEST_STEP][PASSED] - delay(delay_1second): Delayed 1 second(s)

2023-05-10 10:20:13 - [MESSAGE][PASSED] - Delayed 1 second(s)

2023-05-10 10:20:13 - [TEST_STEP][PASSED] - click(findTestObject("03-Header Menu/User Profile/Users Profile menu and notification button/h4_View Profile")): Object: 'Object Repository/03-Header Menu/User Profile/Users Profile menu and notification button/h4_View Profile' is clicked on

2023-05-10 10:20:14 - [MESSAGE][PASSED] - Object: 'Object Repository/03-Header Menu/User Profile/Users Profile menu and notification button/h4_View Profile' is clicked on

2023-05-10 10:20:14 - [TEST_STEP][PASSED] - delay(delay_2seconds): Delayed 2 second(s)

2023-05-10 10:20:16 - [MESSAGE][PASSED] - Delayed 2 second(s)

2023-05-10 10:20:16 - [TEST_STEP][PASSED] - verifyElementVisible(findTestObject("03-Header Menu/User Profile/View Profile/div_Contact Info")): Object 'Object Repository/03-Header Menu/User Profile/View Profile/div_Contact Info' is visible

2023-05-10 10:20:16 - [MESSAGE][PASSED] - Object 'Object Repository/03-Header Menu/User Profile/View Profile/div_Contact Info' is visible

2023-05-10 10:20:16 - [TEST_STEP][PASSED] - verifyElementVisible(findTestObject("03-Header Menu/User Profile/View Profile/div_Profile")): Object 'Object Repository/03-Header Menu/User Profile/View Profile/div_Profile' is visible

2023-05-10 10:20:17 - [MESSAGE][PASSED] - Object 'Object Repository/03-Header Menu/User Profile/View Profile/div_Profile' is visible

2023-05-10 10:20:17 - [TEST_STEP][PASSED] - verifyElementVisible(findTestObject("03-Header Menu/User Profile/View Profile/div_Security")): Object 'Object Repository/03-Header Menu/User Profile/View Profile/div_Security' is visible

2023-05-10 10:20:17 - [MESSAGE][PASSED] - Object 'Object Repository/03-Header Menu/User Profile/View Profile/div_Security' is visible

2023-05-10 10:20:17 - [TEST_STEP][PASSED] - verifyElementVisible(findTestObject("03-Header Menu/User Profile/View Profile/div_Settings")): Object 'Object Repository/03-Header Menu/User Profile/View Profile/div_Settings' is visible

2023-05-10 10:20:18 - [MESSAGE][PASSED] - Object 'Object Repository/03-Header Menu/User Profile/View Profile/div_Settings' is visible

2023-05-10 10:20:18 - [TEST_STEP][PASSED] - delay(delay_2seconds): Delayed 2 second(s)

2023-05-10 10:20:20 - [MESSAGE][PASSED] - Delayed 2 second(s)]]></system-out>
         <system-err><![CDATA[]]></system-err>
      </testcase>
      <testcase name="Test Cases/03-Header Menu/05 - Edit Profile Tab (No changes made)" time="8.694" classname="Test Cases/03-Header Menu/05 - Edit Profile Tab (No changes made)" status="PASSED">
         <system-out><![CDATA[2023-05-10 10:20:20 - [TEST_CASE][PASSED] - Test Cases/03-Header Menu/05 - Edit Profile Tab (No changes made): Test Cases/03-Header Menu/05 - Edit Profile Tab (No changes made)

2023-05-10 10:20:20 - [TEST_STEP][PASSED] - mouseOver(findTestObject("03-Header Menu/User Profile/View Profile/Profile Tab/img tray")): Object: 'Object Repository/03-Header Menu/User Profile/View Profile/Profile Tab/img tray' is hovered

2023-05-10 10:20:21 - [MESSAGE][PASSED] - Object: 'Object Repository/03-Header Menu/User Profile/View Profile/Profile Tab/img tray' is hovered

2023-05-10 10:20:21 - [TEST_STEP][PASSED] - click(findTestObject("03-Header Menu/User Profile/View Profile/Profile Tab/Upload Icon")): Object: 'Object Repository/03-Header Menu/User Profile/View Profile/Profile Tab/Upload Icon' is clicked on

2023-05-10 10:20:22 - [MESSAGE][PASSED] - Object: 'Object Repository/03-Header Menu/User Profile/View Profile/Profile Tab/Upload Icon' is clicked on

2023-05-10 10:20:22 - [TEST_STEP][PASSED] - delay(delay_2seconds): Delayed 2 second(s)

2023-05-10 10:20:24 - [MESSAGE][PASSED] - Delayed 2 second(s)

2023-05-10 10:20:24 - [TEST_STEP][PASSED] - verifyElementVisible(findTestObject("03-Header Menu/User Profile/View Profile/Profile Tab/Upload User Image modal")): Object 'Object Repository/03-Header Menu/User Profile/View Profile/Profile Tab/Upload User Image modal' is visible

2023-05-10 10:20:24 - [MESSAGE][PASSED] - Object 'Object Repository/03-Header Menu/User Profile/View Profile/Profile Tab/Upload User Image modal' is visible

2023-05-10 10:20:24 - [TEST_STEP][PASSED] - verifyElementNotClickable(findTestObject("03-Header Menu/User Profile/View Profile/Profile Tab/button_Upload Image")): Object 'Object Repository/03-Header Menu/User Profile/View Profile/Profile Tab/button_Upload Image' is NOT clickable

2023-05-10 10:20:25 - [MESSAGE][PASSED] - Object 'Object Repository/03-Header Menu/User Profile/View Profile/Profile Tab/button_Upload Image' is NOT clickable

2023-05-10 10:20:25 - [TEST_STEP][PASSED] - delay(delay_1second): Delayed 1 second(s)

2023-05-10 10:20:26 - [MESSAGE][PASSED] - Delayed 1 second(s)

2023-05-10 10:20:26 - [TEST_STEP][PASSED] - click(findTestObject("03-Header Menu/User Profile/View Profile/Profile Tab/button_Cancel")): Object: 'Object Repository/03-Header Menu/User Profile/View Profile/Profile Tab/button_Cancel' is clicked on

2023-05-10 10:20:26 - [MESSAGE][PASSED] - Object: 'Object Repository/03-Header Menu/User Profile/View Profile/Profile Tab/button_Cancel' is clicked on

2023-05-10 10:20:26 - [TEST_STEP][PASSED] - delay(delay_2seconds): Delayed 2 second(s)

2023-05-10 10:20:28 - [MESSAGE][PASSED] - Delayed 2 second(s)]]></system-out>
         <system-err><![CDATA[]]></system-err>
      </testcase>
      <testcase name="Test Cases/03-Header Menu/06- Edit Profile Tab (with changes)" time="33.267" classname="Test Cases/03-Header Menu/06- Edit Profile Tab (with changes)" status="PASSED">
         <system-out><![CDATA[2023-05-10 10:20:28 - [TEST_CASE][PASSED] - Test Cases/03-Header Menu/06- Edit Profile Tab (with changes): Test Cases/03-Header Menu/06- Edit Profile Tab (with changes)

2023-05-10 10:20:29 - [TEST_STEP][PASSED] - delay(delay_3seconds): Delayed 3 second(s)

2023-05-10 10:20:32 - [MESSAGE][PASSED] - Delayed 3 second(s)

2023-05-10 10:20:32 - [TEST_STEP][PASSED] - setText(findTestObject("03-Header Menu/User Profile/View Profile/Profile Tab/input_FirstName"), first_name): Text 'THIS IS' is set on object 'Object Repository/03-Header Menu/User Profile/View Profile/Profile Tab/input_FirstName'

2023-05-10 10:20:34 - [MESSAGE][PASSED] - Text 'THIS IS' is set on object 'Object Repository/03-Header Menu/User Profile/View Profile/Profile Tab/input_FirstName'

2023-05-10 10:20:34 - [TEST_STEP][PASSED] - setText(findTestObject("03-Header Menu/User Profile/View Profile/Profile Tab/input_LastName"), last_name): Text 'AUTOMATION' is set on object 'Object Repository/03-Header Menu/User Profile/View Profile/Profile Tab/input_LastName'

2023-05-10 10:20:36 - [MESSAGE][PASSED] - Text 'AUTOMATION' is set on object 'Object Repository/03-Header Menu/User Profile/View Profile/Profile Tab/input_LastName'

2023-05-10 10:20:36 - [TEST_STEP][PASSED] - delay(delay_2seconds): Delayed 2 second(s)

2023-05-10 10:20:38 - [MESSAGE][PASSED] - Delayed 2 second(s)

2023-05-10 10:20:38 - [TEST_STEP][PASSED] - click(findTestObject("03-Header Menu/User Profile/View Profile/Profile Tab/button_Save")): Object: 'Object Repository/03-Header Menu/User Profile/View Profile/Profile Tab/button_Save' is clicked on

2023-05-10 10:20:39 - [MESSAGE][PASSED] - Object: 'Object Repository/03-Header Menu/User Profile/View Profile/Profile Tab/button_Save' is clicked on

2023-05-10 10:20:39 - [TEST_STEP][PASSED] - verifyElementVisible(findTestObject("03-Header Menu/User Profile/View Profile/Profile Tab/success msg")): Object 'Object Repository/03-Header Menu/User Profile/View Profile/Profile Tab/success msg' is visible

2023-05-10 10:20:40 - [MESSAGE][PASSED] - Object 'Object Repository/03-Header Menu/User Profile/View Profile/Profile Tab/success msg' is visible

2023-05-10 10:20:40 - [TEST_STEP][PASSED] - delay(delay_2seconds): Delayed 2 second(s)

2023-05-10 10:20:42 - [MESSAGE][PASSED] - Delayed 2 second(s)

2023-05-10 10:20:42 - [TEST_STEP][PASSED] - setText(findTestObject("03-Header Menu/User Profile/View Profile/Profile Tab/input_FirstName"), first_name1): Text 'GG' is set on object 'Object Repository/03-Header Menu/User Profile/View Profile/Profile Tab/input_FirstName'

2023-05-10 10:20:43 - [MESSAGE][PASSED] - Text 'GG' is set on object 'Object Repository/03-Header Menu/User Profile/View Profile/Profile Tab/input_FirstName'

2023-05-10 10:20:43 - [TEST_STEP][PASSED] - setText(findTestObject("03-Header Menu/User Profile/View Profile/Profile Tab/input_LastName"), last_name1): Text 'TESTER' is set on object 'Object Repository/03-Header Menu/User Profile/View Profile/Profile Tab/input_LastName'

2023-05-10 10:20:44 - [MESSAGE][PASSED] - Text 'TESTER' is set on object 'Object Repository/03-Header Menu/User Profile/View Profile/Profile Tab/input_LastName'

2023-05-10 10:20:44 - [TEST_STEP][PASSED] - delay(delay_2seconds): Delayed 2 second(s)

2023-05-10 10:20:46 - [MESSAGE][PASSED] - Delayed 2 second(s)

2023-05-10 10:20:46 - [TEST_STEP][PASSED] - click(findTestObject("03-Header Menu/User Profile/View Profile/Profile Tab/button_Save")): Object: 'Object Repository/03-Header Menu/User Profile/View Profile/Profile Tab/button_Save' is clicked on

2023-05-10 10:20:46 - [MESSAGE][PASSED] - Object: 'Object Repository/03-Header Menu/User Profile/View Profile/Profile Tab/button_Save' is clicked on

2023-05-10 10:20:46 - [TEST_STEP][PASSED] - verifyElementVisible(findTestObject("03-Header Menu/User Profile/View Profile/Profile Tab/success msg")): Object 'Object Repository/03-Header Menu/User Profile/View Profile/Profile Tab/success msg' is visible

2023-05-10 10:20:48 - [MESSAGE][PASSED] - Object 'Object Repository/03-Header Menu/User Profile/View Profile/Profile Tab/success msg' is visible

2023-05-10 10:20:48 - [TEST_STEP][PASSED] - delay(delay_2seconds): Delayed 2 second(s)

2023-05-10 10:20:50 - [MESSAGE][PASSED] - Delayed 2 second(s)

2023-05-10 10:20:50 - [TEST_STEP][PASSED] - mouseOver(findTestObject("03-Header Menu/User Profile/View Profile/Profile Tab/img tray")): Object: 'Object Repository/03-Header Menu/User Profile/View Profile/Profile Tab/img tray' is hovered

2023-05-10 10:20:50 - [MESSAGE][PASSED] - Object: 'Object Repository/03-Header Menu/User Profile/View Profile/Profile Tab/img tray' is hovered

2023-05-10 10:20:50 - [TEST_STEP][PASSED] - click(findTestObject("03-Header Menu/User Profile/View Profile/Profile Tab/Upload Icon")): Object: 'Object Repository/03-Header Menu/User Profile/View Profile/Profile Tab/Upload Icon' is clicked on

2023-05-10 10:20:51 - [MESSAGE][PASSED] - Object: 'Object Repository/03-Header Menu/User Profile/View Profile/Profile Tab/Upload Icon' is clicked on

2023-05-10 10:20:51 - [TEST_STEP][PASSED] - uploadpackage.Upload.uploadFile(findTestObject("Object Repository/03-Header Menu/User Profile/View Profile/Profile Tab/button_folderBrowse"), upload_file): uploadpackage.Upload.uploadFile is PASSED

2023-05-10 10:20:52 - [MESSAGE][PASSED] - Object: 'Object Repository/03-Header Menu/User Profile/View Profile/Profile Tab/button_folderBrowse' is clicked on

2023-05-10 10:20:54 - [MESSAGE][PASSED] - uploadpackage.Upload.uploadFile is PASSED

2023-05-10 10:20:54 - [TEST_STEP][PASSED] - delay(delay_2seconds): Delayed 2 second(s)

2023-05-10 10:20:56 - [MESSAGE][PASSED] - Delayed 2 second(s)

2023-05-10 10:20:56 - [TEST_STEP][PASSED] - click(findTestObject("03-Header Menu/User Profile/View Profile/Profile Tab/button_Upload Image")): Object: 'Object Repository/03-Header Menu/User Profile/View Profile/Profile Tab/button_Upload Image' is clicked on

2023-05-10 10:20:56 - [MESSAGE][PASSED] - Object: 'Object Repository/03-Header Menu/User Profile/View Profile/Profile Tab/button_Upload Image' is clicked on

2023-05-10 10:20:56 - [TEST_STEP][PASSED] - verifyElementVisible(findTestObject("03-Header Menu/User Profile/View Profile/Contact Info/Successfully changed profile image")): Object 'Object Repository/03-Header Menu/User Profile/View Profile/Contact Info/Successfully changed profile image' is visible

2023-05-10 10:20:59 - [MESSAGE][PASSED] - Object 'Object Repository/03-Header Menu/User Profile/View Profile/Contact Info/Successfully changed profile image' is visible

2023-05-10 10:20:59 - [TEST_STEP][PASSED] - delay(delay_3seconds): Delayed 3 second(s)

2023-05-10 10:21:02 - [MESSAGE][PASSED] - Delayed 3 second(s)]]></system-out>
         <system-err><![CDATA[]]></system-err>
      </testcase>
      <testcase name="Test Cases/03-Header Menu/07- Security Tab (Blank phone number field)" time="16.829" classname="Test Cases/03-Header Menu/07- Security Tab (Blank phone number field)" status="PASSED">
         <system-out><![CDATA[2023-05-10 10:21:02 - [TEST_CASE][PASSED] - Test Cases/03-Header Menu/07- Security Tab (Blank phone number field): Test Cases/03-Header Menu/07- Security Tab (Blank phone number field)

2023-05-10 10:21:02 - [TEST_STEP][PASSED] - click(findTestObject("03-Header Menu/User Profile/View Profile/div_Security")): Object: 'Object Repository/03-Header Menu/User Profile/View Profile/div_Security' is clicked on

2023-05-10 10:21:03 - [MESSAGE][PASSED] - Object: 'Object Repository/03-Header Menu/User Profile/View Profile/div_Security' is clicked on

2023-05-10 10:21:03 - [TEST_STEP][PASSED] - delay(delay_1second): Delayed 1 second(s)

2023-05-10 10:21:04 - [MESSAGE][PASSED] - Delayed 1 second(s)

2023-05-10 10:21:04 - [TEST_STEP][PASSED] - verifyElementVisible(findTestObject("03-Header Menu/User Profile/View Profile/Security Tab (2FA)/title_2FA")): Object 'Object Repository/03-Header Menu/User Profile/View Profile/Security Tab (2FA)/title_2FA' is visible

2023-05-10 10:21:04 - [MESSAGE][PASSED] - Object 'Object Repository/03-Header Menu/User Profile/View Profile/Security Tab (2FA)/title_2FA' is visible

2023-05-10 10:21:04 - [TEST_STEP][PASSED] - verifyElementVisible(findTestObject("03-Header Menu/User Profile/View Profile/Security Tab (2FA)/2FA_toggle")): Object 'Object Repository/03-Header Menu/User Profile/View Profile/Security Tab (2FA)/2FA_toggle' is visible

2023-05-10 10:21:05 - [MESSAGE][PASSED] - Object 'Object Repository/03-Header Menu/User Profile/View Profile/Security Tab (2FA)/2FA_toggle' is visible

2023-05-10 10:21:05 - [TEST_STEP][PASSED] - verifyElementVisible(findTestObject("03-Header Menu/User Profile/View Profile/Security Tab (2FA)/input_Email")): Object 'Object Repository/03-Header Menu/User Profile/View Profile/Security Tab (2FA)/input_Email' is visible

2023-05-10 10:21:05 - [MESSAGE][PASSED] - Object 'Object Repository/03-Header Menu/User Profile/View Profile/Security Tab (2FA)/input_Email' is visible

2023-05-10 10:21:05 - [TEST_STEP][PASSED] - delay(delay_1second): Delayed 1 second(s)

2023-05-10 10:21:06 - [MESSAGE][PASSED] - Delayed 1 second(s)

2023-05-10 10:21:06 - [TEST_STEP][PASSED] - click(findTestObject("03-Header Menu/User Profile/View Profile/Security Tab (2FA)/2FA_toggle")): Object: 'Object Repository/03-Header Menu/User Profile/View Profile/Security Tab (2FA)/2FA_toggle' is clicked on

2023-05-10 10:21:06 - [MESSAGE][PASSED] - Object: 'Object Repository/03-Header Menu/User Profile/View Profile/Security Tab (2FA)/2FA_toggle' is clicked on

2023-05-10 10:21:07 - [TEST_STEP][PASSED] - verifyElementVisible(findTestObject("03-Header Menu/User Profile/View Profile/Security Tab (2FA)/Success enable")): Object 'Object Repository/03-Header Menu/User Profile/View Profile/Security Tab (2FA)/Success enable' is visible

2023-05-10 10:21:07 - [MESSAGE][PASSED] - Object 'Object Repository/03-Header Menu/User Profile/View Profile/Security Tab (2FA)/Success enable' is visible

2023-05-10 10:21:07 - [TEST_STEP][PASSED] - delay(delay_1second): Delayed 1 second(s)

2023-05-10 10:21:08 - [MESSAGE][PASSED] - Delayed 1 second(s)

2023-05-10 10:21:08 - [TEST_STEP][PASSED] - click(findTestObject("03-Header Menu/User Profile/View Profile/Security Tab (2FA)/button_edit")): Object: 'Object Repository/03-Header Menu/User Profile/View Profile/Security Tab (2FA)/button_edit' is clicked on

2023-05-10 10:21:09 - [MESSAGE][PASSED] - Object: 'Object Repository/03-Header Menu/User Profile/View Profile/Security Tab (2FA)/button_edit' is clicked on

2023-05-10 10:21:09 - [TEST_STEP][PASSED] - verifyElementVisible(findTestObject("03-Header Menu/User Profile/View Profile/Security Tab (2FA)/2FA Phone Number modal")): Object 'Object Repository/03-Header Menu/User Profile/View Profile/Security Tab (2FA)/2FA Phone Number modal' is visible

2023-05-10 10:21:10 - [MESSAGE][PASSED] - Object 'Object Repository/03-Header Menu/User Profile/View Profile/Security Tab (2FA)/2FA Phone Number modal' is visible

2023-05-10 10:21:10 - [TEST_STEP][PASSED] - verifyElementVisible(findTestObject("03-Header Menu/User Profile/View Profile/Security Tab (2FA)/h4_Edit 2FA Phone Number")): Object 'Object Repository/03-Header Menu/User Profile/View Profile/Security Tab (2FA)/h4_Edit 2FA Phone Number' is visible

2023-05-10 10:21:10 - [MESSAGE][PASSED] - Object 'Object Repository/03-Header Menu/User Profile/View Profile/Security Tab (2FA)/h4_Edit 2FA Phone Number' is visible

2023-05-10 10:21:10 - [TEST_STEP][PASSED] - delay(delay_1second): Delayed 1 second(s)

2023-05-10 10:21:11 - [MESSAGE][PASSED] - Delayed 1 second(s)

2023-05-10 10:21:11 - [TEST_STEP][PASSED] - click(findTestObject("03-Header Menu/User Profile/View Profile/Security Tab (2FA)/button_area code")): Object: 'Object Repository/03-Header Menu/User Profile/View Profile/Security Tab (2FA)/button_area code' is clicked on

2023-05-10 10:21:12 - [MESSAGE][PASSED] - Object: 'Object Repository/03-Header Menu/User Profile/View Profile/Security Tab (2FA)/button_area code' is clicked on

2023-05-10 10:21:12 - [TEST_STEP][PASSED] - setText(findTestObject("03-Header Menu/User Profile/View Profile/Security Tab (2FA)/area code search"), "PH"): Text 'PH' is set on object 'Object Repository/03-Header Menu/User Profile/View Profile/Security Tab (2FA)/area code search'

2023-05-10 10:21:14 - [MESSAGE][PASSED] - Text 'PH' is set on object 'Object Repository/03-Header Menu/User Profile/View Profile/Security Tab (2FA)/area code search'

2023-05-10 10:21:14 - [TEST_STEP][PASSED] - click(findTestObject("03-Header Menu/User Profile/View Profile/Security Tab (2FA)/button_Philippines 63")): Object: 'Object Repository/03-Header Menu/User Profile/View Profile/Security Tab (2FA)/button_Philippines 63' is clicked on

2023-05-10 10:21:14 - [MESSAGE][PASSED] - Object: 'Object Repository/03-Header Menu/User Profile/View Profile/Security Tab (2FA)/button_Philippines 63' is clicked on

2023-05-10 10:21:14 - [TEST_STEP][PASSED] - delay(delay_3seconds): Delayed 3 second(s)

2023-05-10 10:21:17 - [MESSAGE][PASSED] - Delayed 3 second(s)

2023-05-10 10:21:17 - [TEST_STEP][PASSED] - verifyElementVisible(findTestObject("03-Header Menu/User Profile/View Profile/Security Tab (2FA)/Phone_Error")): Object 'Object Repository/03-Header Menu/User Profile/View Profile/Security Tab (2FA)/Phone_Error' is visible

2023-05-10 10:21:18 - [MESSAGE][PASSED] - Object 'Object Repository/03-Header Menu/User Profile/View Profile/Security Tab (2FA)/Phone_Error' is visible

2023-05-10 10:21:18 - [TEST_STEP][PASSED] - delay(delay_1second): Delayed 1 second(s)

2023-05-10 10:21:19 - [MESSAGE][PASSED] - Delayed 1 second(s)]]></system-out>
         <system-err><![CDATA[]]></system-err>
      </testcase>
      <testcase name="Test Cases/03-Header Menu/08-Security Tab (Wrong phone number)" time="13.416" classname="Test Cases/03-Header Menu/08-Security Tab (Wrong phone number)" status="PASSED">
         <system-out><![CDATA[2023-05-10 10:21:19 - [TEST_CASE][PASSED] - Test Cases/03-Header Menu/08-Security Tab (Wrong phone number): Test Cases/03-Header Menu/08-Security Tab (Wrong phone number)

2023-05-10 10:21:19 - [TEST_STEP][PASSED] - setText(findTestObject("03-Header Menu/User Profile/View Profile/Security Tab (2FA)/input_phone number"), phone_number): Text '212968902' is set on object 'Object Repository/03-Header Menu/User Profile/View Profile/Security Tab (2FA)/input_phone number'

2023-05-10 10:21:20 - [MESSAGE][PASSED] - Text '212968902' is set on object 'Object Repository/03-Header Menu/User Profile/View Profile/Security Tab (2FA)/input_phone number'

2023-05-10 10:21:20 - [TEST_STEP][PASSED] - delay(delay_2seconds): Delayed 2 second(s)

2023-05-10 10:21:22 - [MESSAGE][PASSED] - Delayed 2 second(s)

2023-05-10 10:21:22 - [TEST_STEP][PASSED] - click(findTestObject("03-Header Menu/User Profile/View Profile/Security Tab (2FA)/button_Next")): Object: 'Object Repository/03-Header Menu/User Profile/View Profile/Security Tab (2FA)/button_Next' is clicked on

2023-05-10 10:21:22 - [MESSAGE][PASSED] - Object: 'Object Repository/03-Header Menu/User Profile/View Profile/Security Tab (2FA)/button_Next' is clicked on

2023-05-10 10:21:22 - [TEST_STEP][PASSED] - delay(delay_1second): Delayed 1 second(s)

2023-05-10 10:21:23 - [MESSAGE][PASSED] - Delayed 1 second(s)

2023-05-10 10:21:23 - [TEST_STEP][PASSED] - verifyElementVisible(findTestObject("03-Header Menu/User Profile/View Profile/Security Tab (2FA)/div_Failed to send SMS")): Object 'Object Repository/03-Header Menu/User Profile/View Profile/Security Tab (2FA)/div_Failed to send SMS' is visible

2023-05-10 10:21:25 - [MESSAGE][PASSED] - Object 'Object Repository/03-Header Menu/User Profile/View Profile/Security Tab (2FA)/div_Failed to send SMS' is visible

2023-05-10 10:21:25 - [TEST_STEP][PASSED] - delay(delay_2seconds): Delayed 2 second(s)

2023-05-10 10:21:27 - [MESSAGE][PASSED] - Delayed 2 second(s)

2023-05-10 10:21:27 - [TEST_STEP][PASSED] - click(findTestObject("03-Header Menu/User Profile/View Profile/Security Tab (2FA)/button_Cancel")): Object: 'Object Repository/03-Header Menu/User Profile/View Profile/Security Tab (2FA)/button_Cancel' is clicked on

2023-05-10 10:21:27 - [MESSAGE][PASSED] - Object: 'Object Repository/03-Header Menu/User Profile/View Profile/Security Tab (2FA)/button_Cancel' is clicked on

2023-05-10 10:21:27 - [TEST_STEP][PASSED] - click(findTestObject("03-Header Menu/User Profile/View Profile/Security Tab (2FA)/2FA_toggle")): Object: 'Object Repository/03-Header Menu/User Profile/View Profile/Security Tab (2FA)/2FA_toggle' is clicked on

2023-05-10 10:21:28 - [MESSAGE][PASSED] - Object: 'Object Repository/03-Header Menu/User Profile/View Profile/Security Tab (2FA)/2FA_toggle' is clicked on

2023-05-10 10:21:28 - [TEST_STEP][PASSED] - delay(delay_2seconds): Delayed 2 second(s)

2023-05-10 10:21:30 - [MESSAGE][PASSED] - Delayed 2 second(s)

2023-05-10 10:21:30 - [TEST_STEP][PASSED] - verifyElementVisible(findTestObject("03-Header Menu/User Profile/View Profile/Security Tab (2FA)/Success disable")): Object 'Object Repository/03-Header Menu/User Profile/View Profile/Security Tab (2FA)/Success disable' is visible

2023-05-10 10:21:30 - [MESSAGE][PASSED] - Object 'Object Repository/03-Header Menu/User Profile/View Profile/Security Tab (2FA)/Success disable' is visible

2023-05-10 10:21:30 - [TEST_STEP][PASSED] - delay(delay_2seconds): Delayed 2 second(s)

2023-05-10 10:21:32 - [MESSAGE][PASSED] - Delayed 2 second(s)]]></system-out>
         <system-err><![CDATA[]]></system-err>
      </testcase>
      <testcase name="Test Cases/03-Header Menu/09- Security Tab (Enabling 2FA)" time="20.655" classname="Test Cases/03-Header Menu/09- Security Tab (Enabling 2FA)" status="PASSED">
         <system-out><![CDATA[2023-05-10 10:21:32 - [TEST_CASE][PASSED] - Test Cases/03-Header Menu/09- Security Tab (Enabling 2FA): Test Cases/03-Header Menu/09- Security Tab (Enabling 2FA)

2023-05-10 10:21:32 - [TEST_STEP][PASSED] - click(findTestObject("03-Header Menu/User Profile/View Profile/Security Tab (2FA)/2FA_toggle")): Object: 'Object Repository/03-Header Menu/User Profile/View Profile/Security Tab (2FA)/2FA_toggle' is clicked on

2023-05-10 10:21:33 - [MESSAGE][PASSED] - Object: 'Object Repository/03-Header Menu/User Profile/View Profile/Security Tab (2FA)/2FA_toggle' is clicked on

2023-05-10 10:21:33 - [TEST_STEP][PASSED] - verifyElementVisible(findTestObject("03-Header Menu/User Profile/View Profile/Security Tab (2FA)/Success enable")): Object 'Object Repository/03-Header Menu/User Profile/View Profile/Security Tab (2FA)/Success enable' is visible

2023-05-10 10:21:34 - [MESSAGE][PASSED] - Object 'Object Repository/03-Header Menu/User Profile/View Profile/Security Tab (2FA)/Success enable' is visible

2023-05-10 10:21:34 - [TEST_STEP][PASSED] - delay(delay_1second): Delayed 1 second(s)

2023-05-10 10:21:35 - [MESSAGE][PASSED] - Delayed 1 second(s)

2023-05-10 10:21:35 - [TEST_STEP][PASSED] - click(findTestObject("03-Header Menu/User Profile/View Profile/Security Tab (2FA)/button_edit")): Object: 'Object Repository/03-Header Menu/User Profile/View Profile/Security Tab (2FA)/button_edit' is clicked on

2023-05-10 10:21:35 - [MESSAGE][PASSED] - Object: 'Object Repository/03-Header Menu/User Profile/View Profile/Security Tab (2FA)/button_edit' is clicked on

2023-05-10 10:21:35 - [TEST_STEP][PASSED] - verifyElementVisible(findTestObject("03-Header Menu/User Profile/View Profile/Security Tab (2FA)/2FA Phone Number modal")): Object 'Object Repository/03-Header Menu/User Profile/View Profile/Security Tab (2FA)/2FA Phone Number modal' is visible

2023-05-10 10:21:36 - [MESSAGE][PASSED] - Object 'Object Repository/03-Header Menu/User Profile/View Profile/Security Tab (2FA)/2FA Phone Number modal' is visible

2023-05-10 10:21:36 - [TEST_STEP][PASSED] - delay(delay_1second): Delayed 1 second(s)

2023-05-10 10:21:37 - [MESSAGE][PASSED] - Delayed 1 second(s)

2023-05-10 10:21:37 - [TEST_STEP][PASSED] - click(findTestObject("03-Header Menu/User Profile/View Profile/Security Tab (2FA)/button_area code")): Object: 'Object Repository/03-Header Menu/User Profile/View Profile/Security Tab (2FA)/button_area code' is clicked on

2023-05-10 10:21:38 - [MESSAGE][PASSED] - Object: 'Object Repository/03-Header Menu/User Profile/View Profile/Security Tab (2FA)/button_area code' is clicked on

2023-05-10 10:21:38 - [TEST_STEP][PASSED] - verifyElementVisible(findTestObject("03-Header Menu/User Profile/View Profile/Security Tab (2FA)/Area code modal")): Object 'Object Repository/03-Header Menu/User Profile/View Profile/Security Tab (2FA)/Area code modal' is visible

2023-05-10 10:21:39 - [MESSAGE][PASSED] - Object 'Object Repository/03-Header Menu/User Profile/View Profile/Security Tab (2FA)/Area code modal' is visible

2023-05-10 10:21:39 - [TEST_STEP][PASSED] - setText(findTestObject("03-Header Menu/User Profile/View Profile/Security Tab (2FA)/area code search"), "PH"): Text 'PH' is set on object 'Object Repository/03-Header Menu/User Profile/View Profile/Security Tab (2FA)/area code search'

2023-05-10 10:21:40 - [MESSAGE][PASSED] - Text 'PH' is set on object 'Object Repository/03-Header Menu/User Profile/View Profile/Security Tab (2FA)/area code search'

2023-05-10 10:21:40 - [TEST_STEP][PASSED] - click(findTestObject("03-Header Menu/User Profile/View Profile/Security Tab (2FA)/button_Philippines 63")): Object: 'Object Repository/03-Header Menu/User Profile/View Profile/Security Tab (2FA)/button_Philippines 63' is clicked on

2023-05-10 10:21:40 - [MESSAGE][PASSED] - Object: 'Object Repository/03-Header Menu/User Profile/View Profile/Security Tab (2FA)/button_Philippines 63' is clicked on

2023-05-10 10:21:40 - [TEST_STEP][PASSED] - setText(findTestObject("03-Header Menu/User Profile/View Profile/Security Tab (2FA)/input_phone number"), correct_phone_number): Text '9212968902' is set on object 'Object Repository/03-Header Menu/User Profile/View Profile/Security Tab (2FA)/input_phone number'

2023-05-10 10:21:42 - [MESSAGE][PASSED] - Text '9212968902' is set on object 'Object Repository/03-Header Menu/User Profile/View Profile/Security Tab (2FA)/input_phone number'

2023-05-10 10:21:42 - [TEST_STEP][PASSED] - delay(delay_2seconds): Delayed 2 second(s)

2023-05-10 10:21:44 - [MESSAGE][PASSED] - Delayed 2 second(s)

2023-05-10 10:21:44 - [TEST_STEP][PASSED] - click(findTestObject("03-Header Menu/User Profile/View Profile/Security Tab (2FA)/button_Next")): Object: 'Object Repository/03-Header Menu/User Profile/View Profile/Security Tab (2FA)/button_Next' is clicked on

2023-05-10 10:21:45 - [MESSAGE][PASSED] - Object: 'Object Repository/03-Header Menu/User Profile/View Profile/Security Tab (2FA)/button_Next' is clicked on

2023-05-10 10:21:45 - [TEST_STEP][PASSED] - delay(delay_1second): Delayed 1 second(s)

2023-05-10 10:21:46 - [MESSAGE][PASSED] - Delayed 1 second(s)

2023-05-10 10:21:46 - [TEST_STEP][PASSED] - verifyElementVisible(findTestObject("03-Header Menu/User Profile/View Profile/Security Tab (2FA)/ver_code_success")): Object 'Object Repository/03-Header Menu/User Profile/View Profile/Security Tab (2FA)/ver_code_success' is visible

2023-05-10 10:21:47 - [MESSAGE][PASSED] - Object 'Object Repository/03-Header Menu/User Profile/View Profile/Security Tab (2FA)/ver_code_success' is visible

2023-05-10 10:21:47 - [TEST_STEP][PASSED] - delay(delay_2seconds): Delayed 2 second(s)

2023-05-10 10:21:49 - [MESSAGE][PASSED] - Delayed 2 second(s)

2023-05-10 10:21:49 - [TEST_STEP][PASSED] - click(findTestObject("03-Header Menu/User Profile/View Profile/Security Tab (2FA)/button_Cancel")): Object: 'Object Repository/03-Header Menu/User Profile/View Profile/Security Tab (2FA)/button_Cancel' is clicked on

2023-05-10 10:21:49 - [MESSAGE][PASSED] - Object: 'Object Repository/03-Header Menu/User Profile/View Profile/Security Tab (2FA)/button_Cancel' is clicked on

2023-05-10 10:21:49 - [TEST_STEP][PASSED] - click(findTestObject("03-Header Menu/User Profile/View Profile/Security Tab (2FA)/2FA_toggle")): Object: 'Object Repository/03-Header Menu/User Profile/View Profile/Security Tab (2FA)/2FA_toggle' is clicked on

2023-05-10 10:21:50 - [MESSAGE][PASSED] - Object: 'Object Repository/03-Header Menu/User Profile/View Profile/Security Tab (2FA)/2FA_toggle' is clicked on

2023-05-10 10:21:50 - [TEST_STEP][PASSED] - verifyElementVisible(findTestObject("03-Header Menu/User Profile/View Profile/Security Tab (2FA)/Success disable")): Object 'Object Repository/03-Header Menu/User Profile/View Profile/Security Tab (2FA)/Success disable' is visible

2023-05-10 10:21:51 - [MESSAGE][PASSED] - Object 'Object Repository/03-Header Menu/User Profile/View Profile/Security Tab (2FA)/Success disable' is visible

2023-05-10 10:21:51 - [TEST_STEP][PASSED] - delay(delay_2seconds): Delayed 2 second(s)

2023-05-10 10:21:53 - [MESSAGE][PASSED] - Delayed 2 second(s)]]></system-out>
         <system-err><![CDATA[]]></system-err>
      </testcase>
      <testcase name="Test Cases/03-Header Menu/10- Settings (Timezone select)" time="17.264" classname="Test Cases/03-Header Menu/10- Settings (Timezone select)" status="PASSED">
         <system-out><![CDATA[2023-05-10 10:21:53 - [TEST_CASE][PASSED] - Test Cases/03-Header Menu/10- Settings (Timezone select): Test Cases/03-Header Menu/10- Settings (Timezone select)

2023-05-10 10:21:53 - [TEST_STEP][PASSED] - click(findTestObject("03-Header Menu/User Profile/View Profile/div_Settings")): Object: 'Object Repository/03-Header Menu/User Profile/View Profile/div_Settings' is clicked on

2023-05-10 10:21:54 - [MESSAGE][PASSED] - Object: 'Object Repository/03-Header Menu/User Profile/View Profile/div_Settings' is clicked on

2023-05-10 10:21:54 - [TEST_STEP][PASSED] - delay(delay_1second): Delayed 1 second(s)

2023-05-10 10:21:55 - [MESSAGE][PASSED] - Delayed 1 second(s)

2023-05-10 10:21:55 - [TEST_STEP][PASSED] - verifyElementVisible(findTestObject("03-Header Menu/User Profile/View Profile/Settings/Dashboard Card")): Object 'Object Repository/03-Header Menu/User Profile/View Profile/Settings/Dashboard Card' is visible

2023-05-10 10:21:55 - [MESSAGE][PASSED] - Object 'Object Repository/03-Header Menu/User Profile/View Profile/Settings/Dashboard Card' is visible

2023-05-10 10:21:55 - [TEST_STEP][PASSED] - verifyElementVisible(findTestObject("03-Header Menu/User Profile/View Profile/Settings/Email Frequency")): Object 'Object Repository/03-Header Menu/User Profile/View Profile/Settings/Email Frequency' is visible

2023-05-10 10:21:56 - [MESSAGE][PASSED] - Object 'Object Repository/03-Header Menu/User Profile/View Profile/Settings/Email Frequency' is visible

2023-05-10 10:21:56 - [TEST_STEP][PASSED] - verifyElementVisible(findTestObject("03-Header Menu/User Profile/View Profile/Settings/Timezone")): Object 'Object Repository/03-Header Menu/User Profile/View Profile/Settings/Timezone' is visible

2023-05-10 10:21:56 - [MESSAGE][PASSED] - Object 'Object Repository/03-Header Menu/User Profile/View Profile/Settings/Timezone' is visible

2023-05-10 10:21:56 - [TEST_STEP][PASSED] - delay(delay_3seconds): Delayed 3 second(s)

2023-05-10 10:21:59 - [MESSAGE][PASSED] - Delayed 3 second(s)

2023-05-10 10:21:59 - [TEST_STEP][PASSED] - click(findTestObject("03-Header Menu/User Profile/View Profile/Settings/Timezone selector")): Object: 'Object Repository/03-Header Menu/User Profile/View Profile/Settings/Timezone selector' is clicked on

2023-05-10 10:21:59 - [MESSAGE][PASSED] - Object: 'Object Repository/03-Header Menu/User Profile/View Profile/Settings/Timezone selector' is clicked on

2023-05-10 10:21:59 - [TEST_STEP][PASSED] - click(findTestObject("03-Header Menu/User Profile/View Profile/Settings/span_(UTC0800) Beijing, Chongqing, Hong Kong, Urumqi")): Object: 'Object Repository/03-Header Menu/User Profile/View Profile/Settings/span_(UTC0800) Beijing, Chongqing, Hong Kong, Urumqi' is clicked on

2023-05-10 10:22:00 - [MESSAGE][PASSED] - Object: 'Object Repository/03-Header Menu/User Profile/View Profile/Settings/span_(UTC0800) Beijing, Chongqing, Hong Kong, Urumqi' is clicked on

2023-05-10 10:22:00 - [TEST_STEP][PASSED] - click(findTestObject("03-Header Menu/User Profile/View Profile/Settings/button_Save")): Object: 'Object Repository/03-Header Menu/User Profile/View Profile/Settings/button_Save' is clicked on

2023-05-10 10:22:01 - [MESSAGE][PASSED] - Object: 'Object Repository/03-Header Menu/User Profile/View Profile/Settings/button_Save' is clicked on

2023-05-10 10:22:01 - [TEST_STEP][PASSED] - delay(delay_1second): Delayed 1 second(s)

2023-05-10 10:22:02 - [MESSAGE][PASSED] - Delayed 1 second(s)

2023-05-10 10:22:02 - [TEST_STEP][PASSED] - verifyElementVisible(findTestObject("03-Header Menu/User Profile/View Profile/Settings/Successfully msg")): Object 'Object Repository/03-Header Menu/User Profile/View Profile/Settings/Successfully msg' is visible

2023-05-10 10:22:03 - [MESSAGE][PASSED] - Object 'Object Repository/03-Header Menu/User Profile/View Profile/Settings/Successfully msg' is visible

2023-05-10 10:22:03 - [TEST_STEP][PASSED] - delay(delay_2seconds): Delayed 2 second(s)

2023-05-10 10:22:05 - [MESSAGE][PASSED] - Delayed 2 second(s)

2023-05-10 10:22:05 - [TEST_STEP][PASSED] - click(findTestObject("03-Header Menu/User Profile/View Profile/Settings/Timezone selector")): Object: 'Object Repository/03-Header Menu/User Profile/View Profile/Settings/Timezone selector' is clicked on

2023-05-10 10:22:05 - [MESSAGE][PASSED] - Object: 'Object Repository/03-Header Menu/User Profile/View Profile/Settings/Timezone selector' is clicked on

2023-05-10 10:22:05 - [TEST_STEP][PASSED] - click(findTestObject("03-Header Menu/User Profile/View Profile/Settings/span_(UTC0800) Kuala Lumpur, Singapore")): Object: 'Object Repository/03-Header Menu/User Profile/View Profile/Settings/span_(UTC0800) Kuala Lumpur, Singapore' is clicked on

2023-05-10 10:22:06 - [MESSAGE][PASSED] - Object: 'Object Repository/03-Header Menu/User Profile/View Profile/Settings/span_(UTC0800) Kuala Lumpur, Singapore' is clicked on

2023-05-10 10:22:06 - [TEST_STEP][PASSED] - click(findTestObject("03-Header Menu/User Profile/View Profile/Settings/button_Save")): Object: 'Object Repository/03-Header Menu/User Profile/View Profile/Settings/button_Save' is clicked on

2023-05-10 10:22:07 - [MESSAGE][PASSED] - Object: 'Object Repository/03-Header Menu/User Profile/View Profile/Settings/button_Save' is clicked on

2023-05-10 10:22:07 - [TEST_STEP][PASSED] - delay(delay_1second): Delayed 1 second(s)

2023-05-10 10:22:08 - [MESSAGE][PASSED] - Delayed 1 second(s)

2023-05-10 10:22:08 - [TEST_STEP][PASSED] - verifyElementVisible(findTestObject("03-Header Menu/User Profile/View Profile/Settings/Successfully msg")): Object 'Object Repository/03-Header Menu/User Profile/View Profile/Settings/Successfully msg' is visible

2023-05-10 10:22:08 - [MESSAGE][PASSED] - Object 'Object Repository/03-Header Menu/User Profile/View Profile/Settings/Successfully msg' is visible

2023-05-10 10:22:08 - [TEST_STEP][PASSED] - delay(delay_2seconds): Delayed 2 second(s)

2023-05-10 10:22:10 - [MESSAGE][PASSED] - Delayed 2 second(s)]]></system-out>
         <system-err><![CDATA[]]></system-err>
      </testcase>
      <testcase name="Test Cases/03-Header Menu/11-Settings (Email Frequency select)" time="35.345" classname="Test Cases/03-Header Menu/11-Settings (Email Frequency select)" status="PASSED">
         <system-out><![CDATA[2023-05-10 10:22:10 - [TEST_CASE][PASSED] - Test Cases/03-Header Menu/11-Settings (Email Frequency select): Test Cases/03-Header Menu/11-Settings (Email Frequency select)

2023-05-10 10:22:10 - [TEST_STEP][PASSED] - scrollToElement(findTestObject("03-Header Menu/User Profile/View Profile/Settings/Email Frequency selector"), 0): Scroll to object 'Object Repository/03-Header Menu/User Profile/View Profile/Settings/Email Frequency selector' successfully

2023-05-10 10:22:10 - [MESSAGE][WARNING] - Timeout '0' is invalid. Using default page load timeout: '30'

2023-05-10 10:22:11 - [MESSAGE][PASSED] - Scroll to object 'Object Repository/03-Header Menu/User Profile/View Profile/Settings/Email Frequency selector' successfully

2023-05-10 10:22:11 - [TEST_STEP][PASSED] - click(findTestObject("03-Header Menu/User Profile/View Profile/Settings/Email Frequency selector")): Object: 'Object Repository/03-Header Menu/User Profile/View Profile/Settings/Email Frequency selector' is clicked on

2023-05-10 10:22:13 - [MESSAGE][PASSED] - Object: 'Object Repository/03-Header Menu/User Profile/View Profile/Settings/Email Frequency selector' is clicked on

2023-05-10 10:22:13 - [TEST_STEP][PASSED] - click(findTestObject("03-Header Menu/User Profile/View Profile/Settings/span_None")): Object: 'Object Repository/03-Header Menu/User Profile/View Profile/Settings/span_None' is clicked on

2023-05-10 10:22:13 - [MESSAGE][PASSED] - Object: 'Object Repository/03-Header Menu/User Profile/View Profile/Settings/span_None' is clicked on

2023-05-10 10:22:13 - [TEST_STEP][PASSED] - click(findTestObject("03-Header Menu/User Profile/View Profile/Settings/button_Save")): Object: 'Object Repository/03-Header Menu/User Profile/View Profile/Settings/button_Save' is clicked on

2023-05-10 10:22:14 - [MESSAGE][PASSED] - Object: 'Object Repository/03-Header Menu/User Profile/View Profile/Settings/button_Save' is clicked on

2023-05-10 10:22:14 - [TEST_STEP][PASSED] - verifyElementVisible(findTestObject("03-Header Menu/User Profile/View Profile/Settings/Successfully msg")): Object 'Object Repository/03-Header Menu/User Profile/View Profile/Settings/Successfully msg' is visible

2023-05-10 10:22:15 - [MESSAGE][PASSED] - Object 'Object Repository/03-Header Menu/User Profile/View Profile/Settings/Successfully msg' is visible

2023-05-10 10:22:15 - [TEST_STEP][PASSED] - delay(delay_2seconds): Delayed 2 second(s)

2023-05-10 10:22:17 - [MESSAGE][PASSED] - Delayed 2 second(s)

2023-05-10 10:22:17 - [TEST_STEP][PASSED] - click(findTestObject("03-Header Menu/User Profile/View Profile/Settings/Email Frequency selector")): Object: 'Object Repository/03-Header Menu/User Profile/View Profile/Settings/Email Frequency selector' is clicked on

2023-05-10 10:22:17 - [MESSAGE][PASSED] - Object: 'Object Repository/03-Header Menu/User Profile/View Profile/Settings/Email Frequency selector' is clicked on

2023-05-10 10:22:17 - [TEST_STEP][PASSED] - click(findTestObject("03-Header Menu/User Profile/View Profile/Settings/span_Every 2 hours")): Object: 'Object Repository/03-Header Menu/User Profile/View Profile/Settings/span_Every 2 hours' is clicked on

2023-05-10 10:22:18 - [MESSAGE][PASSED] - Object: 'Object Repository/03-Header Menu/User Profile/View Profile/Settings/span_Every 2 hours' is clicked on

2023-05-10 10:22:18 - [TEST_STEP][PASSED] - click(findTestObject("03-Header Menu/User Profile/View Profile/Settings/button_Save")): Object: 'Object Repository/03-Header Menu/User Profile/View Profile/Settings/button_Save' is clicked on

2023-05-10 10:22:19 - [MESSAGE][PASSED] - Object: 'Object Repository/03-Header Menu/User Profile/View Profile/Settings/button_Save' is clicked on

2023-05-10 10:22:19 - [TEST_STEP][PASSED] - verifyElementVisible(findTestObject("03-Header Menu/User Profile/View Profile/Settings/Successfully msg")): Object 'Object Repository/03-Header Menu/User Profile/View Profile/Settings/Successfully msg' is visible

2023-05-10 10:22:20 - [MESSAGE][PASSED] - Object 'Object Repository/03-Header Menu/User Profile/View Profile/Settings/Successfully msg' is visible

2023-05-10 10:22:20 - [TEST_STEP][PASSED] - delay(delay_2seconds): Delayed 2 second(s)

2023-05-10 10:22:22 - [MESSAGE][PASSED] - Delayed 2 second(s)

2023-05-10 10:22:22 - [TEST_STEP][PASSED] - click(findTestObject("03-Header Menu/User Profile/View Profile/Settings/Email Frequency selector")): Object: 'Object Repository/03-Header Menu/User Profile/View Profile/Settings/Email Frequency selector' is clicked on

2023-05-10 10:22:22 - [MESSAGE][PASSED] - Object: 'Object Repository/03-Header Menu/User Profile/View Profile/Settings/Email Frequency selector' is clicked on

2023-05-10 10:22:22 - [TEST_STEP][PASSED] - click(findTestObject("03-Header Menu/User Profile/View Profile/Settings/span_Every 6 hours")): Object: 'Object Repository/03-Header Menu/User Profile/View Profile/Settings/span_Every 6 hours' is clicked on

2023-05-10 10:22:23 - [MESSAGE][PASSED] - Object: 'Object Repository/03-Header Menu/User Profile/View Profile/Settings/span_Every 6 hours' is clicked on

2023-05-10 10:22:23 - [TEST_STEP][PASSED] - click(findTestObject("03-Header Menu/User Profile/View Profile/Settings/button_Save")): Object: 'Object Repository/03-Header Menu/User Profile/View Profile/Settings/button_Save' is clicked on

2023-05-10 10:22:24 - [MESSAGE][PASSED] - Object: 'Object Repository/03-Header Menu/User Profile/View Profile/Settings/button_Save' is clicked on

2023-05-10 10:22:24 - [TEST_STEP][PASSED] - verifyElementVisible(findTestObject("03-Header Menu/User Profile/View Profile/Settings/Successfully msg")): Object 'Object Repository/03-Header Menu/User Profile/View Profile/Settings/Successfully msg' is visible

2023-05-10 10:22:25 - [MESSAGE][PASSED] - Object 'Object Repository/03-Header Menu/User Profile/View Profile/Settings/Successfully msg' is visible

2023-05-10 10:22:25 - [TEST_STEP][PASSED] - delay(delay_2seconds): Delayed 2 second(s)

2023-05-10 10:22:27 - [MESSAGE][PASSED] - Delayed 2 second(s)

2023-05-10 10:22:27 - [TEST_STEP][PASSED] - click(findTestObject("03-Header Menu/User Profile/View Profile/Settings/Email Frequency selector")): Object: 'Object Repository/03-Header Menu/User Profile/View Profile/Settings/Email Frequency selector' is clicked on

2023-05-10 10:22:27 - [MESSAGE][PASSED] - Object: 'Object Repository/03-Header Menu/User Profile/View Profile/Settings/Email Frequency selector' is clicked on

2023-05-10 10:22:27 - [TEST_STEP][PASSED] - click(findTestObject("03-Header Menu/User Profile/View Profile/Settings/span_Every 12 hours")): Object: 'Object Repository/03-Header Menu/User Profile/View Profile/Settings/span_Every 12 hours' is clicked on

2023-05-10 10:22:28 - [MESSAGE][PASSED] - Object: 'Object Repository/03-Header Menu/User Profile/View Profile/Settings/span_Every 12 hours' is clicked on

2023-05-10 10:22:28 - [TEST_STEP][PASSED] - click(findTestObject("03-Header Menu/User Profile/View Profile/Settings/button_Save")): Object: 'Object Repository/03-Header Menu/User Profile/View Profile/Settings/button_Save' is clicked on

2023-05-10 10:22:29 - [MESSAGE][PASSED] - Object: 'Object Repository/03-Header Menu/User Profile/View Profile/Settings/button_Save' is clicked on

2023-05-10 10:22:29 - [TEST_STEP][PASSED] - verifyElementVisible(findTestObject("03-Header Menu/User Profile/View Profile/Settings/Successfully msg")): Object 'Object Repository/03-Header Menu/User Profile/View Profile/Settings/Successfully msg' is visible

2023-05-10 10:22:30 - [MESSAGE][PASSED] - Object 'Object Repository/03-Header Menu/User Profile/View Profile/Settings/Successfully msg' is visible

2023-05-10 10:22:30 - [TEST_STEP][PASSED] - delay(delay_2seconds): Delayed 2 second(s)

2023-05-10 10:22:32 - [MESSAGE][PASSED] - Delayed 2 second(s)

2023-05-10 10:22:32 - [TEST_STEP][PASSED] - click(findTestObject("03-Header Menu/User Profile/View Profile/Settings/Email Frequency selector")): Object: 'Object Repository/03-Header Menu/User Profile/View Profile/Settings/Email Frequency selector' is clicked on

2023-05-10 10:22:33 - [MESSAGE][PASSED] - Object: 'Object Repository/03-Header Menu/User Profile/View Profile/Settings/Email Frequency selector' is clicked on

2023-05-10 10:22:33 - [TEST_STEP][PASSED] - click(findTestObject("03-Header Menu/User Profile/View Profile/Settings/span_Once a day (9pm local time)")): Object: 'Object Repository/03-Header Menu/User Profile/View Profile/Settings/span_Once a day (9pm local time)' is clicked on

2023-05-10 10:22:34 - [MESSAGE][PASSED] - Object: 'Object Repository/03-Header Menu/User Profile/View Profile/Settings/span_Once a day (9pm local time)' is clicked on

2023-05-10 10:22:34 - [TEST_STEP][PASSED] - click(findTestObject("03-Header Menu/User Profile/View Profile/Settings/button_Save")): Object: 'Object Repository/03-Header Menu/User Profile/View Profile/Settings/button_Save' is clicked on

2023-05-10 10:22:34 - [MESSAGE][PASSED] - Object: 'Object Repository/03-Header Menu/User Profile/View Profile/Settings/button_Save' is clicked on

2023-05-10 10:22:34 - [TEST_STEP][PASSED] - verifyElementVisible(findTestObject("03-Header Menu/User Profile/View Profile/Settings/Successfully msg")): Object 'Object Repository/03-Header Menu/User Profile/View Profile/Settings/Successfully msg' is visible

2023-05-10 10:22:35 - [MESSAGE][PASSED] - Object 'Object Repository/03-Header Menu/User Profile/View Profile/Settings/Successfully msg' is visible

2023-05-10 10:22:35 - [TEST_STEP][PASSED] - delay(delay_2seconds): Delayed 2 second(s)

2023-05-10 10:22:37 - [MESSAGE][PASSED] - Delayed 2 second(s)

2023-05-10 10:22:37 - [TEST_STEP][PASSED] - click(findTestObject("03-Header Menu/User Profile/View Profile/Settings/Email Frequency selector")): Object: 'Object Repository/03-Header Menu/User Profile/View Profile/Settings/Email Frequency selector' is clicked on

2023-05-10 10:22:38 - [MESSAGE][PASSED] - Object: 'Object Repository/03-Header Menu/User Profile/View Profile/Settings/Email Frequency selector' is clicked on

2023-05-10 10:22:38 - [TEST_STEP][PASSED] - click(findTestObject("03-Header Menu/User Profile/View Profile/Settings/span_Every 4 hours")): Object: 'Object Repository/03-Header Menu/User Profile/View Profile/Settings/span_Every 4 hours' is clicked on

2023-05-10 10:22:38 - [MESSAGE][PASSED] - Object: 'Object Repository/03-Header Menu/User Profile/View Profile/Settings/span_Every 4 hours' is clicked on

2023-05-10 10:22:38 - [TEST_STEP][PASSED] - click(findTestObject("03-Header Menu/User Profile/View Profile/Settings/button_Save")): Object: 'Object Repository/03-Header Menu/User Profile/View Profile/Settings/button_Save' is clicked on

2023-05-10 10:22:39 - [MESSAGE][PASSED] - Object: 'Object Repository/03-Header Menu/User Profile/View Profile/Settings/button_Save' is clicked on

2023-05-10 10:22:39 - [TEST_STEP][PASSED] - verifyElementVisible(findTestObject("03-Header Menu/User Profile/View Profile/Settings/Successfully msg")): Object 'Object Repository/03-Header Menu/User Profile/View Profile/Settings/Successfully msg' is visible

2023-05-10 10:22:40 - [MESSAGE][PASSED] - Object 'Object Repository/03-Header Menu/User Profile/View Profile/Settings/Successfully msg' is visible

2023-05-10 10:22:40 - [TEST_STEP][PASSED] - delay(delay_2seconds): Delayed 2 second(s)

2023-05-10 10:22:42 - [MESSAGE][PASSED] - Delayed 2 second(s)

2023-05-10 10:22:42 - [TEST_STEP][PASSED] - scrollToElement(findTestObject("03-Header Menu/User Profile/View Profile/Settings/Dashboard Card"), 0): Scroll to object 'Object Repository/03-Header Menu/User Profile/View Profile/Settings/Dashboard Card' successfully

2023-05-10 10:22:42 - [MESSAGE][WARNING] - Timeout '0' is invalid. Using default page load timeout: '30'

2023-05-10 10:22:43 - [MESSAGE][PASSED] - Scroll to object 'Object Repository/03-Header Menu/User Profile/View Profile/Settings/Dashboard Card' successfully

2023-05-10 10:22:43 - [TEST_STEP][PASSED] - scrollToElement(findTestObject("03-Header Menu/User Profile/View Profile/div_Contact Info"), 0): Scroll to object 'Object Repository/03-Header Menu/User Profile/View Profile/div_Contact Info' successfully

2023-05-10 10:22:43 - [MESSAGE][WARNING] - Timeout '0' is invalid. Using default page load timeout: '30'

2023-05-10 10:22:43 - [MESSAGE][PASSED] - Scroll to object 'Object Repository/03-Header Menu/User Profile/View Profile/div_Contact Info' successfully

2023-05-10 10:22:43 - [TEST_STEP][PASSED] - delay(delay_2seconds): Delayed 2 second(s)

2023-05-10 10:22:45 - [MESSAGE][PASSED] - Delayed 2 second(s)]]></system-out>
         <system-err><![CDATA[]]></system-err>
      </testcase>
      <testcase name="Test Cases/03-Header Menu/12- Contact Info (add-remove email)" time="39.626" classname="Test Cases/03-Header Menu/12- Contact Info (add-remove email)" status="PASSED">
         <system-out><![CDATA[2023-05-10 10:22:45 - [TEST_CASE][PASSED] - Test Cases/03-Header Menu/12- Contact Info (add-remove email): Test Cases/03-Header Menu/12- Contact Info (add-remove email)

2023-05-10 10:22:46 - [TEST_STEP][PASSED] - click(findTestObject("03-Header Menu/User Profile/View Profile/div_Contact Info")): Object: 'Object Repository/03-Header Menu/User Profile/View Profile/div_Contact Info' is clicked on

2023-05-10 10:22:59 - [MESSAGE][PASSED] - Object: 'Object Repository/03-Header Menu/User Profile/View Profile/div_Contact Info' is clicked on

2023-05-10 10:22:59 - [TEST_STEP][PASSED] - delay(delay_1second): Delayed 1 second(s)

2023-05-10 10:23:00 - [MESSAGE][PASSED] - Delayed 1 second(s)

2023-05-10 10:23:00 - [TEST_STEP][PASSED] - verifyElementVisible(findTestObject("03-Header Menu/User Profile/View Profile/Contact Info/div_Email")): Object 'Object Repository/03-Header Menu/User Profile/View Profile/Contact Info/div_Email' is visible

2023-05-10 10:23:01 - [MESSAGE][PASSED] - Object 'Object Repository/03-Header Menu/User Profile/View Profile/Contact Info/div_Email' is visible

2023-05-10 10:23:01 - [TEST_STEP][PASSED] - verifyElementVisible(findTestObject("03-Header Menu/User Profile/View Profile/Contact Info/div_Phone")): Object 'Object Repository/03-Header Menu/User Profile/View Profile/Contact Info/div_Phone' is visible

2023-05-10 10:23:02 - [MESSAGE][PASSED] - Object 'Object Repository/03-Header Menu/User Profile/View Profile/Contact Info/div_Phone' is visible

2023-05-10 10:23:02 - [TEST_STEP][PASSED] - verifyElementVisible(findTestObject("03-Header Menu/User Profile/View Profile/Contact Info/div_Address")): Object 'Object Repository/03-Header Menu/User Profile/View Profile/Contact Info/div_Address' is visible

2023-05-10 10:23:02 - [MESSAGE][PASSED] - Object 'Object Repository/03-Header Menu/User Profile/View Profile/Contact Info/div_Address' is visible

2023-05-10 10:23:02 - [TEST_STEP][PASSED] - delay(delay_1second): Delayed 1 second(s)

2023-05-10 10:23:03 - [MESSAGE][PASSED] - Delayed 1 second(s)

2023-05-10 10:23:03 - [TEST_STEP][PASSED] - setText(findTestObject("03-Header Menu/User Profile/View Profile/Contact Info/Positon Field"), "Auto"): Text 'Auto' is set on object 'Object Repository/03-Header Menu/User Profile/View Profile/Contact Info/Positon Field'

2023-05-10 10:23:04 - [MESSAGE][PASSED] - Text 'Auto' is set on object 'Object Repository/03-Header Menu/User Profile/View Profile/Contact Info/Positon Field'

2023-05-10 10:23:04 - [TEST_STEP][PASSED] - click(findTestObject("03-Header Menu/User Profile/View Profile/Contact Info/div_Email Type")): Object: 'Object Repository/03-Header Menu/User Profile/View Profile/Contact Info/div_Email Type' is clicked on

2023-05-10 10:23:05 - [MESSAGE][PASSED] - Object: 'Object Repository/03-Header Menu/User Profile/View Profile/Contact Info/div_Email Type' is clicked on

2023-05-10 10:23:05 - [TEST_STEP][PASSED] - verifyElementVisible(findTestObject("03-Header Menu/User Profile/View Profile/Contact Info/span_Work")): Object 'Object Repository/03-Header Menu/User Profile/View Profile/Contact Info/span_Work' is visible

2023-05-10 10:23:05 - [MESSAGE][PASSED] - Object 'Object Repository/03-Header Menu/User Profile/View Profile/Contact Info/span_Work' is visible

2023-05-10 10:23:05 - [TEST_STEP][PASSED] - verifyElementVisible(findTestObject("03-Header Menu/User Profile/View Profile/Contact Info/span_Personal")): Object 'Object Repository/03-Header Menu/User Profile/View Profile/Contact Info/span_Personal' is visible

2023-05-10 10:23:06 - [MESSAGE][PASSED] - Object 'Object Repository/03-Header Menu/User Profile/View Profile/Contact Info/span_Personal' is visible

2023-05-10 10:23:06 - [TEST_STEP][PASSED] - verifyElementVisible(findTestObject("03-Header Menu/User Profile/View Profile/Contact Info/span_Other")): Object 'Object Repository/03-Header Menu/User Profile/View Profile/Contact Info/span_Other' is visible

2023-05-10 10:23:07 - [MESSAGE][PASSED] - Object 'Object Repository/03-Header Menu/User Profile/View Profile/Contact Info/span_Other' is visible

2023-05-10 10:23:07 - [TEST_STEP][PASSED] - delay(delay_1second): Delayed 1 second(s)

2023-05-10 10:23:08 - [MESSAGE][PASSED] - Delayed 1 second(s)

2023-05-10 10:23:08 - [TEST_STEP][PASSED] - click(findTestObject("03-Header Menu/User Profile/View Profile/Contact Info/div_Email")): Object: 'Object Repository/03-Header Menu/User Profile/View Profile/Contact Info/div_Email' is clicked on

2023-05-10 10:23:08 - [MESSAGE][PASSED] - Object: 'Object Repository/03-Header Menu/User Profile/View Profile/Contact Info/div_Email' is clicked on

2023-05-10 10:23:08 - [TEST_STEP][PASSED] - click(findTestObject("03-Header Menu/User Profile/View Profile/Contact Info/add email button")): Object: 'Object Repository/03-Header Menu/User Profile/View Profile/Contact Info/add email button' is clicked on

2023-05-10 10:23:09 - [MESSAGE][PASSED] - Object: 'Object Repository/03-Header Menu/User Profile/View Profile/Contact Info/add email button' is clicked on

2023-05-10 10:23:09 - [TEST_STEP][PASSED] - setText(findTestObject("03-Header Menu/User Profile/View Profile/Contact Info/email field"), "auto@automation.com"): Text 'auto@automation.com' is set on object 'Object Repository/03-Header Menu/User Profile/View Profile/Contact Info/email field'

2023-05-10 10:23:10 - [MESSAGE][PASSED] - Text 'auto@automation.com' is set on object 'Object Repository/03-Header Menu/User Profile/View Profile/Contact Info/email field'

2023-05-10 10:23:10 - [TEST_STEP][PASSED] - sendKeys(findTestObject("03-Header Menu/User Profile/View Profile/Contact Info/email field"), Keys.chord(ENTER)): Keys 'ENTER + ' sent to object: 'Object Repository/03-Header Menu/User Profile/View Profile/Contact Info/email field'

2023-05-10 10:23:11 - [MESSAGE][PASSED] - Keys 'ENTER + ' sent to object: 'Object Repository/03-Header Menu/User Profile/View Profile/Contact Info/email field'

2023-05-10 10:23:11 - [TEST_STEP][PASSED] - scrollToElement(findTestObject("03-Header Menu/User Profile/View Profile/Contact Info/button_Save"), 0): Scroll to object 'Object Repository/03-Header Menu/User Profile/View Profile/Contact Info/button_Save' successfully

2023-05-10 10:23:11 - [MESSAGE][WARNING] - Timeout '0' is invalid. Using default page load timeout: '30'

2023-05-10 10:23:12 - [MESSAGE][PASSED] - Scroll to object 'Object Repository/03-Header Menu/User Profile/View Profile/Contact Info/button_Save' successfully

2023-05-10 10:23:12 - [TEST_STEP][PASSED] - click(findTestObject("03-Header Menu/User Profile/View Profile/Contact Info/button_Save")): Object: 'Object Repository/03-Header Menu/User Profile/View Profile/Contact Info/button_Save' is clicked on

2023-05-10 10:23:12 - [MESSAGE][PASSED] - Object: 'Object Repository/03-Header Menu/User Profile/View Profile/Contact Info/button_Save' is clicked on

2023-05-10 10:23:12 - [TEST_STEP][PASSED] - verifyElementVisible(findTestObject("03-Header Menu/User Profile/View Profile/Contact Info/Success Msg")): Object 'Object Repository/03-Header Menu/User Profile/View Profile/Contact Info/Success Msg' is visible

2023-05-10 10:23:13 - [MESSAGE][PASSED] - Object 'Object Repository/03-Header Menu/User Profile/View Profile/Contact Info/Success Msg' is visible

2023-05-10 10:23:13 - [TEST_STEP][PASSED] - delay(delay_2seconds): Delayed 2 second(s)

2023-05-10 10:23:15 - [MESSAGE][PASSED] - Delayed 2 second(s)

2023-05-10 10:23:15 - [TEST_STEP][PASSED] - mouseOver(findTestObject("03-Header Menu/User Profile/View Profile/Contact Info/email field")): Object: 'Object Repository/03-Header Menu/User Profile/View Profile/Contact Info/email field' is hovered

2023-05-10 10:23:16 - [MESSAGE][PASSED] - Object: 'Object Repository/03-Header Menu/User Profile/View Profile/Contact Info/email field' is hovered

2023-05-10 10:23:16 - [TEST_STEP][PASSED] - click(findTestObject("03-Header Menu/User Profile/View Profile/Contact Info/remove email")): Object: 'Object Repository/03-Header Menu/User Profile/View Profile/Contact Info/remove email' is clicked on

2023-05-10 10:23:17 - [MESSAGE][PASSED] - Object: 'Object Repository/03-Header Menu/User Profile/View Profile/Contact Info/remove email' is clicked on

2023-05-10 10:23:17 - [TEST_STEP][PASSED] - sendKeys(findTestObject("03-Header Menu/User Profile/View Profile/Contact Info/Positon Field"), Keys.chord(ENTER)): Keys 'ENTER + ' sent to object: 'Object Repository/03-Header Menu/User Profile/View Profile/Contact Info/Positon Field'

2023-05-10 10:23:17 - [MESSAGE][PASSED] - Keys 'ENTER + ' sent to object: 'Object Repository/03-Header Menu/User Profile/View Profile/Contact Info/Positon Field'

2023-05-10 10:23:17 - [TEST_STEP][PASSED] - delay(delay_2seconds): Delayed 2 second(s)

2023-05-10 10:23:19 - [MESSAGE][PASSED] - Delayed 2 second(s)

2023-05-10 10:23:19 - [TEST_STEP][PASSED] - click(findTestObject("03-Header Menu/User Profile/View Profile/Contact Info/button_Save")): Object: 'Object Repository/03-Header Menu/User Profile/View Profile/Contact Info/button_Save' is clicked on

2023-05-10 10:23:20 - [MESSAGE][PASSED] - Object: 'Object Repository/03-Header Menu/User Profile/View Profile/Contact Info/button_Save' is clicked on

2023-05-10 10:23:20 - [TEST_STEP][PASSED] - verifyElementVisible(findTestObject("03-Header Menu/User Profile/View Profile/Contact Info/Success Msg")): Object 'Object Repository/03-Header Menu/User Profile/View Profile/Contact Info/Success Msg' is visible

2023-05-10 10:23:21 - [MESSAGE][PASSED] - Object 'Object Repository/03-Header Menu/User Profile/View Profile/Contact Info/Success Msg' is visible

2023-05-10 10:23:21 - [TEST_STEP][PASSED] - delay(delay_2seconds): Delayed 2 second(s)

2023-05-10 10:23:23 - [MESSAGE][PASSED] - Delayed 2 second(s)

2023-05-10 10:23:23 - [TEST_STEP][PASSED] - scrollToElement(findTestObject("03-Header Menu/User Profile/View Profile/div_Contact Info"), 0): Scroll to object 'Object Repository/03-Header Menu/User Profile/View Profile/div_Contact Info' successfully

2023-05-10 10:23:23 - [MESSAGE][WARNING] - Timeout '0' is invalid. Using default page load timeout: '30'

2023-05-10 10:23:23 - [MESSAGE][PASSED] - Scroll to object 'Object Repository/03-Header Menu/User Profile/View Profile/div_Contact Info' successfully

2023-05-10 10:23:23 - [TEST_STEP][PASSED] - delay(delay_2seconds): Delayed 2 second(s)

2023-05-10 10:23:25 - [MESSAGE][PASSED] - Delayed 2 second(s)]]></system-out>
         <system-err><![CDATA[]]></system-err>
      </testcase>
      <testcase name="Test Cases/03-Header Menu/13- Contact Info (add-remove phone number)" time="22.175" classname="Test Cases/03-Header Menu/13- Contact Info (add-remove phone number)" status="PASSED">
         <system-out><![CDATA[2023-05-10 10:23:25 - [TEST_CASE][PASSED] - Test Cases/03-Header Menu/13- Contact Info (add-remove phone number): Test Cases/03-Header Menu/13- Contact Info (add-remove phone number)

2023-05-10 10:23:25 - [TEST_STEP][PASSED] - click(findTestObject("03-Header Menu/User Profile/View Profile/Contact Info/phone field")): Object: 'Object Repository/03-Header Menu/User Profile/View Profile/Contact Info/phone field' is clicked on

2023-05-10 10:23:26 - [MESSAGE][PASSED] - Object: 'Object Repository/03-Header Menu/User Profile/View Profile/Contact Info/phone field' is clicked on

2023-05-10 10:23:26 - [TEST_STEP][PASSED] - click(findTestObject("03-Header Menu/User Profile/View Profile/Contact Info/area code selector")): Object: 'Object Repository/03-Header Menu/User Profile/View Profile/Contact Info/area code selector' is clicked on

2023-05-10 10:23:26 - [MESSAGE][PASSED] - Object: 'Object Repository/03-Header Menu/User Profile/View Profile/Contact Info/area code selector' is clicked on

2023-05-10 10:23:26 - [TEST_STEP][PASSED] - verifyElementVisible(findTestObject("03-Header Menu/User Profile/View Profile/Contact Info/area code modal")): Object 'Object Repository/03-Header Menu/User Profile/View Profile/Contact Info/area code modal' is visible

2023-05-10 10:23:27 - [MESSAGE][PASSED] - Object 'Object Repository/03-Header Menu/User Profile/View Profile/Contact Info/area code modal' is visible

2023-05-10 10:23:27 - [TEST_STEP][PASSED] - click(findTestObject("03-Header Menu/User Profile/View Profile/Contact Info/button_Philippines 63")): Object: 'Object Repository/03-Header Menu/User Profile/View Profile/Contact Info/button_Philippines 63' is clicked on

2023-05-10 10:23:28 - [MESSAGE][PASSED] - Object: 'Object Repository/03-Header Menu/User Profile/View Profile/Contact Info/button_Philippines 63' is clicked on

2023-05-10 10:23:28 - [TEST_STEP][PASSED] - setText(findTestObject("03-Header Menu/User Profile/View Profile/Contact Info/phone field"), "9211234567"): Text '9211234567' is set on object 'Object Repository/03-Header Menu/User Profile/View Profile/Contact Info/phone field'

2023-05-10 10:23:30 - [MESSAGE][PASSED] - Text '9211234567' is set on object 'Object Repository/03-Header Menu/User Profile/View Profile/Contact Info/phone field'

2023-05-10 10:23:30 - [TEST_STEP][PASSED] - sendKeys(findTestObject("03-Header Menu/User Profile/View Profile/Contact Info/Positon Field"), Keys.chord(ENTER)): Keys 'ENTER + ' sent to object: 'Object Repository/03-Header Menu/User Profile/View Profile/Contact Info/Positon Field'

2023-05-10 10:23:30 - [MESSAGE][PASSED] - Keys 'ENTER + ' sent to object: 'Object Repository/03-Header Menu/User Profile/View Profile/Contact Info/Positon Field'

2023-05-10 10:23:30 - [TEST_STEP][PASSED] - click(findTestObject("03-Header Menu/User Profile/View Profile/Contact Info/button_Save")): Object: 'Object Repository/03-Header Menu/User Profile/View Profile/Contact Info/button_Save' is clicked on

2023-05-10 10:23:31 - [MESSAGE][PASSED] - Object: 'Object Repository/03-Header Menu/User Profile/View Profile/Contact Info/button_Save' is clicked on

2023-05-10 10:23:31 - [TEST_STEP][PASSED] - delay(delay_3seconds): Delayed 3 second(s)

2023-05-10 10:23:34 - [MESSAGE][PASSED] - Delayed 3 second(s)

2023-05-10 10:23:34 - [TEST_STEP][PASSED] - verifyElementVisible(findTestObject("03-Header Menu/User Profile/View Profile/Contact Info/Success Msg")): Object 'Object Repository/03-Header Menu/User Profile/View Profile/Contact Info/Success Msg' is visible

2023-05-10 10:23:34 - [MESSAGE][PASSED] - Object 'Object Repository/03-Header Menu/User Profile/View Profile/Contact Info/Success Msg' is visible

2023-05-10 10:23:34 - [TEST_STEP][PASSED] - delay(delay_3seconds): Delayed 3 second(s)

2023-05-10 10:23:37 - [MESSAGE][PASSED] - Delayed 3 second(s)

2023-05-10 10:23:37 - [TEST_STEP][PASSED] - mouseOver(findTestObject("03-Header Menu/User Profile/View Profile/Contact Info/phone field")): Object: 'Object Repository/03-Header Menu/User Profile/View Profile/Contact Info/phone field' is hovered

2023-05-10 10:23:38 - [MESSAGE][PASSED] - Object: 'Object Repository/03-Header Menu/User Profile/View Profile/Contact Info/phone field' is hovered

2023-05-10 10:23:38 - [TEST_STEP][PASSED] - delay(delay_3seconds): Delayed 3 second(s)

2023-05-10 10:23:41 - [MESSAGE][PASSED] - Delayed 3 second(s)

2023-05-10 10:23:41 - [TEST_STEP][PASSED] - click(findTestObject("03-Header Menu/User Profile/View Profile/Contact Info/phone remove button")): Object: 'Object Repository/03-Header Menu/User Profile/View Profile/Contact Info/phone remove button' is clicked on

2023-05-10 10:23:42 - [MESSAGE][PASSED] - Object: 'Object Repository/03-Header Menu/User Profile/View Profile/Contact Info/phone remove button' is clicked on

2023-05-10 10:23:42 - [TEST_STEP][PASSED] - sendKeys(findTestObject("03-Header Menu/User Profile/View Profile/Contact Info/Positon Field"), Keys.chord(ENTER)): Keys 'ENTER + ' sent to object: 'Object Repository/03-Header Menu/User Profile/View Profile/Contact Info/Positon Field'

2023-05-10 10:23:43 - [MESSAGE][PASSED] - Keys 'ENTER + ' sent to object: 'Object Repository/03-Header Menu/User Profile/View Profile/Contact Info/Positon Field'

2023-05-10 10:23:43 - [TEST_STEP][PASSED] - click(findTestObject("03-Header Menu/User Profile/View Profile/Contact Info/button_Save")): Object: 'Object Repository/03-Header Menu/User Profile/View Profile/Contact Info/button_Save' is clicked on

2023-05-10 10:23:43 - [MESSAGE][PASSED] - Object: 'Object Repository/03-Header Menu/User Profile/View Profile/Contact Info/button_Save' is clicked on

2023-05-10 10:23:43 - [TEST_STEP][PASSED] - verifyElementVisible(findTestObject("03-Header Menu/User Profile/View Profile/Contact Info/Success Msg")): Object 'Object Repository/03-Header Menu/User Profile/View Profile/Contact Info/Success Msg' is visible

2023-05-10 10:23:44 - [MESSAGE][PASSED] - Object 'Object Repository/03-Header Menu/User Profile/View Profile/Contact Info/Success Msg' is visible

2023-05-10 10:23:44 - [TEST_STEP][PASSED] - delay(delay_3seconds): Delayed 3 second(s)

2023-05-10 10:23:47 - [MESSAGE][PASSED] - Delayed 3 second(s)]]></system-out>
         <system-err><![CDATA[]]></system-err>
      </testcase>
      <testcase name="Test Cases/03-Header Menu/14- Contact Info (add-remove address)" time="49.925" classname="Test Cases/03-Header Menu/14- Contact Info (add-remove address)" status="PASSED">
         <system-out><![CDATA[2023-05-10 10:23:47 - [TEST_CASE][PASSED] - Test Cases/03-Header Menu/14- Contact Info (add-remove address): Test Cases/03-Header Menu/14- Contact Info (add-remove address)

2023-05-10 10:23:47 - [TEST_STEP][PASSED] - delay(delay_2seconds): Delayed 2 second(s)

2023-05-10 10:23:49 - [MESSAGE][PASSED] - Delayed 2 second(s)

2023-05-10 10:23:49 - [TEST_STEP][PASSED] - click(findTestObject("03-Header Menu/User Profile/View Profile/Contact Info/add address button")): Object: 'Object Repository/03-Header Menu/User Profile/View Profile/Contact Info/add address button' is clicked on

2023-05-10 10:23:50 - [MESSAGE][PASSED] - Object: 'Object Repository/03-Header Menu/User Profile/View Profile/Contact Info/add address button' is clicked on

2023-05-10 10:23:50 - [TEST_STEP][PASSED] - verifyElementVisible(findTestObject("03-Header Menu/User Profile/View Profile/Contact Info/h4_Edit Address")): Object 'Object Repository/03-Header Menu/User Profile/View Profile/Contact Info/h4_Edit Address' is visible

2023-05-10 10:23:51 - [MESSAGE][PASSED] - Object 'Object Repository/03-Header Menu/User Profile/View Profile/Contact Info/h4_Edit Address' is visible

2023-05-10 10:23:51 - [TEST_STEP][PASSED] - delay(delay_2seconds): Delayed 2 second(s)

2023-05-10 10:23:53 - [MESSAGE][PASSED] - Delayed 2 second(s)

2023-05-10 10:23:53 - [TEST_STEP][PASSED] - click(findTestObject("03-Header Menu/User Profile/View Profile/Contact Info/input_street1")): Object: 'Object Repository/03-Header Menu/User Profile/View Profile/Contact Info/input_street1' is clicked on

2023-05-10 10:23:54 - [MESSAGE][PASSED] - Object: 'Object Repository/03-Header Menu/User Profile/View Profile/Contact Info/input_street1' is clicked on

2023-05-10 10:23:54 - [TEST_STEP][PASSED] - click(findTestObject("03-Header Menu/User Profile/View Profile/Contact Info/input_street2")): Object: 'Object Repository/03-Header Menu/User Profile/View Profile/Contact Info/input_street2' is clicked on

2023-05-10 10:23:54 - [MESSAGE][PASSED] - Object: 'Object Repository/03-Header Menu/User Profile/View Profile/Contact Info/input_street2' is clicked on

2023-05-10 10:23:54 - [TEST_STEP][PASSED] - click(findTestObject("03-Header Menu/User Profile/View Profile/Contact Info/input_postcode")): Object: 'Object Repository/03-Header Menu/User Profile/View Profile/Contact Info/input_postcode' is clicked on

2023-05-10 10:23:54 - [MESSAGE][PASSED] - Object: 'Object Repository/03-Header Menu/User Profile/View Profile/Contact Info/input_postcode' is clicked on

2023-05-10 10:23:54 - [TEST_STEP][PASSED] - click(findTestObject("03-Header Menu/User Profile/View Profile/Contact Info/input_city")): Object: 'Object Repository/03-Header Menu/User Profile/View Profile/Contact Info/input_city' is clicked on

2023-05-10 10:23:55 - [MESSAGE][PASSED] - Object: 'Object Repository/03-Header Menu/User Profile/View Profile/Contact Info/input_city' is clicked on

2023-05-10 10:23:55 - [TEST_STEP][PASSED] - click(findTestObject("03-Header Menu/User Profile/View Profile/Contact Info/input_state")): Object: 'Object Repository/03-Header Menu/User Profile/View Profile/Contact Info/input_state' is clicked on

2023-05-10 10:23:55 - [MESSAGE][PASSED] - Object: 'Object Repository/03-Header Menu/User Profile/View Profile/Contact Info/input_state' is clicked on

2023-05-10 10:23:55 - [TEST_STEP][PASSED] - click(findTestObject("03-Header Menu/User Profile/View Profile/Contact Info/input_country")): Object: 'Object Repository/03-Header Menu/User Profile/View Profile/Contact Info/input_country' is clicked on

2023-05-10 10:23:56 - [MESSAGE][PASSED] - Object: 'Object Repository/03-Header Menu/User Profile/View Profile/Contact Info/input_country' is clicked on

2023-05-10 10:23:56 - [TEST_STEP][PASSED] - doubleClick(findTestObject("03-Header Menu/User Profile/View Profile/Contact Info/input_state")): Object: 'Object Repository/03-Header Menu/User Profile/View Profile/Contact Info/input_state' is double clicked on

2023-05-10 10:23:57 - [MESSAGE][PASSED] - Object: 'Object Repository/03-Header Menu/User Profile/View Profile/Contact Info/input_state' is double clicked on

2023-05-10 10:23:57 - [TEST_STEP][PASSED] - scrollToElement(findTestObject("03-Header Menu/User Profile/View Profile/Contact Info/input_address type"), 0): Scroll to object 'Object Repository/03-Header Menu/User Profile/View Profile/Contact Info/input_address type' successfully

2023-05-10 10:23:57 - [MESSAGE][WARNING] - Timeout '0' is invalid. Using default page load timeout: '30'

2023-05-10 10:23:57 - [MESSAGE][PASSED] - Scroll to object 'Object Repository/03-Header Menu/User Profile/View Profile/Contact Info/input_address type' successfully

2023-05-10 10:23:57 - [TEST_STEP][PASSED] - click(findTestObject("03-Header Menu/User Profile/View Profile/Contact Info/input_address type")): Object: 'Object Repository/03-Header Menu/User Profile/View Profile/Contact Info/input_address type' is clicked on

2023-05-10 10:23:58 - [MESSAGE][PASSED] - Object: 'Object Repository/03-Header Menu/User Profile/View Profile/Contact Info/input_address type' is clicked on

2023-05-10 10:23:58 - [TEST_STEP][PASSED] - verifyElementVisible(findTestObject("03-Header Menu/User Profile/View Profile/Contact Info/span_Work")): Object 'Object Repository/03-Header Menu/User Profile/View Profile/Contact Info/span_Work' is visible

2023-05-10 10:23:58 - [MESSAGE][PASSED] - Object 'Object Repository/03-Header Menu/User Profile/View Profile/Contact Info/span_Work' is visible

2023-05-10 10:23:58 - [TEST_STEP][PASSED] - verifyElementVisible(findTestObject("03-Header Menu/User Profile/View Profile/Contact Info/span_Personal")): Object 'Object Repository/03-Header Menu/User Profile/View Profile/Contact Info/span_Personal' is visible

2023-05-10 10:23:59 - [MESSAGE][PASSED] - Object 'Object Repository/03-Header Menu/User Profile/View Profile/Contact Info/span_Personal' is visible

2023-05-10 10:23:59 - [TEST_STEP][PASSED] - verifyElementVisible(findTestObject("03-Header Menu/User Profile/View Profile/Contact Info/span_Other")): Object 'Object Repository/03-Header Menu/User Profile/View Profile/Contact Info/span_Other' is visible

2023-05-10 10:23:59 - [MESSAGE][PASSED] - Object 'Object Repository/03-Header Menu/User Profile/View Profile/Contact Info/span_Other' is visible

2023-05-10 10:23:59 - [TEST_STEP][PASSED] - scrollToElement(findTestObject("03-Header Menu/User Profile/View Profile/Contact Info/input_street1"), 0): Scroll to object 'Object Repository/03-Header Menu/User Profile/View Profile/Contact Info/input_street1' successfully

2023-05-10 10:23:59 - [MESSAGE][WARNING] - Timeout '0' is invalid. Using default page load timeout: '30'

2023-05-10 10:23:59 - [MESSAGE][PASSED] - Scroll to object 'Object Repository/03-Header Menu/User Profile/View Profile/Contact Info/input_street1' successfully

2023-05-10 10:23:59 - [TEST_STEP][PASSED] - doubleClick(findTestObject("03-Header Menu/User Profile/View Profile/Contact Info/input_street1")): Object: 'Object Repository/03-Header Menu/User Profile/View Profile/Contact Info/input_street1' is double clicked on

2023-05-10 10:24:00 - [MESSAGE][PASSED] - Object: 'Object Repository/03-Header Menu/User Profile/View Profile/Contact Info/input_street1' is double clicked on

2023-05-10 10:24:00 - [TEST_STEP][PASSED] - verifyElementVisible(findTestObject("03-Header Menu/User Profile/View Profile/Contact Info/invalid street 1")): Object 'Object Repository/03-Header Menu/User Profile/View Profile/Contact Info/invalid street 1' is visible

2023-05-10 10:24:00 - [MESSAGE][PASSED] - Object 'Object Repository/03-Header Menu/User Profile/View Profile/Contact Info/invalid street 1' is visible

2023-05-10 10:24:00 - [TEST_STEP][PASSED] - verifyElementVisible(findTestObject("03-Header Menu/User Profile/View Profile/Contact Info/invalid ZIP")): Object 'Object Repository/03-Header Menu/User Profile/View Profile/Contact Info/invalid ZIP' is visible

2023-05-10 10:24:02 - [MESSAGE][PASSED] - Object 'Object Repository/03-Header Menu/User Profile/View Profile/Contact Info/invalid ZIP' is visible

2023-05-10 10:24:02 - [TEST_STEP][PASSED] - verifyElementVisible(findTestObject("03-Header Menu/User Profile/View Profile/Contact Info/invalid City")): Object 'Object Repository/03-Header Menu/User Profile/View Profile/Contact Info/invalid City' is visible

2023-05-10 10:24:02 - [MESSAGE][PASSED] - Object 'Object Repository/03-Header Menu/User Profile/View Profile/Contact Info/invalid City' is visible

2023-05-10 10:24:02 - [TEST_STEP][PASSED] - verifyElementVisible(findTestObject("03-Header Menu/User Profile/View Profile/Contact Info/invalid state")): Object 'Object Repository/03-Header Menu/User Profile/View Profile/Contact Info/invalid state' is visible

2023-05-10 10:24:03 - [MESSAGE][PASSED] - Object 'Object Repository/03-Header Menu/User Profile/View Profile/Contact Info/invalid state' is visible

2023-05-10 10:24:03 - [TEST_STEP][PASSED] - delay(delay_2seconds): Delayed 2 second(s)

2023-05-10 10:24:05 - [MESSAGE][PASSED] - Delayed 2 second(s)

2023-05-10 10:24:05 - [TEST_STEP][PASSED] - click(findTestObject("03-Header Menu/User Profile/View Profile/Contact Info/input_street1")): Object: 'Object Repository/03-Header Menu/User Profile/View Profile/Contact Info/input_street1' is clicked on

2023-05-10 10:24:05 - [MESSAGE][PASSED] - Object: 'Object Repository/03-Header Menu/User Profile/View Profile/Contact Info/input_street1' is clicked on

2023-05-10 10:24:05 - [TEST_STEP][PASSED] - verifyElementNotClickable(findTestObject("03-Header Menu/User Profile/View Profile/Contact Info/button_Save_address")): Object 'Object Repository/03-Header Menu/User Profile/View Profile/Contact Info/button_Save_address' is NOT clickable

2023-05-10 10:24:05 - [MESSAGE][PASSED] - Object 'Object Repository/03-Header Menu/User Profile/View Profile/Contact Info/button_Save_address' is NOT clickable

2023-05-10 10:24:05 - [TEST_STEP][PASSED] - click(findTestObject("03-Header Menu/User Profile/View Profile/Contact Info/button_Cancel")): Object: 'Object Repository/03-Header Menu/User Profile/View Profile/Contact Info/button_Cancel' is clicked on

2023-05-10 10:24:06 - [MESSAGE][PASSED] - Object: 'Object Repository/03-Header Menu/User Profile/View Profile/Contact Info/button_Cancel' is clicked on

2023-05-10 10:24:06 - [TEST_STEP][PASSED] - delay(delay_2seconds): Delayed 2 second(s)

2023-05-10 10:24:08 - [MESSAGE][PASSED] - Delayed 2 second(s)

2023-05-10 10:24:08 - [TEST_STEP][PASSED] - click(findTestObject("03-Header Menu/User Profile/View Profile/Contact Info/add address button")): Object: 'Object Repository/03-Header Menu/User Profile/View Profile/Contact Info/add address button' is clicked on

2023-05-10 10:24:08 - [MESSAGE][PASSED] - Object: 'Object Repository/03-Header Menu/User Profile/View Profile/Contact Info/add address button' is clicked on

2023-05-10 10:24:08 - [TEST_STEP][PASSED] - verifyElementVisible(findTestObject("03-Header Menu/User Profile/View Profile/Contact Info/h4_Edit Address")): Object 'Object Repository/03-Header Menu/User Profile/View Profile/Contact Info/h4_Edit Address' is visible

2023-05-10 10:24:09 - [MESSAGE][PASSED] - Object 'Object Repository/03-Header Menu/User Profile/View Profile/Contact Info/h4_Edit Address' is visible

2023-05-10 10:24:09 - [TEST_STEP][PASSED] - setText(findTestObject("03-Header Menu/User Profile/View Profile/Contact Info/input_street1"), "05 Test"): Text '05 Test' is set on object 'Object Repository/03-Header Menu/User Profile/View Profile/Contact Info/input_street1'

2023-05-10 10:24:10 - [MESSAGE][PASSED] - Text '05 Test' is set on object 'Object Repository/03-Header Menu/User Profile/View Profile/Contact Info/input_street1'

2023-05-10 10:24:10 - [TEST_STEP][PASSED] - setText(findTestObject("03-Header Menu/User Profile/View Profile/Contact Info/input_street2"), "corner Automation"): Text 'corner Automation' is set on object 'Object Repository/03-Header Menu/User Profile/View Profile/Contact Info/input_street2'

2023-05-10 10:24:11 - [MESSAGE][PASSED] - Text 'corner Automation' is set on object 'Object Repository/03-Header Menu/User Profile/View Profile/Contact Info/input_street2'

2023-05-10 10:24:11 - [TEST_STEP][PASSED] - setText(findTestObject("03-Header Menu/User Profile/View Profile/Contact Info/input_postcode"), "54321"): Text '54321' is set on object 'Object Repository/03-Header Menu/User Profile/View Profile/Contact Info/input_postcode'

2023-05-10 10:24:12 - [MESSAGE][PASSED] - Text '54321' is set on object 'Object Repository/03-Header Menu/User Profile/View Profile/Contact Info/input_postcode'

2023-05-10 10:24:12 - [TEST_STEP][PASSED] - setText(findTestObject("03-Header Menu/User Profile/View Profile/Contact Info/input_city"), "Test City"): Text 'Test City' is set on object 'Object Repository/03-Header Menu/User Profile/View Profile/Contact Info/input_city'

2023-05-10 10:24:13 - [MESSAGE][PASSED] - Text 'Test City' is set on object 'Object Repository/03-Header Menu/User Profile/View Profile/Contact Info/input_city'

2023-05-10 10:24:13 - [TEST_STEP][PASSED] - setText(findTestObject("03-Header Menu/User Profile/View Profile/Contact Info/input_state"), "Test State"): Text 'Test State' is set on object 'Object Repository/03-Header Menu/User Profile/View Profile/Contact Info/input_state'

2023-05-10 10:24:14 - [MESSAGE][PASSED] - Text 'Test State' is set on object 'Object Repository/03-Header Menu/User Profile/View Profile/Contact Info/input_state'

2023-05-10 10:24:14 - [TEST_STEP][PASSED] - click(findTestObject("03-Header Menu/User Profile/View Profile/Contact Info/input_country"), STOP_ON_FAILURE): Object: 'Object Repository/03-Header Menu/User Profile/View Profile/Contact Info/input_country' is clicked on

2023-05-10 10:24:15 - [MESSAGE][PASSED] - Object: 'Object Repository/03-Header Menu/User Profile/View Profile/Contact Info/input_country' is clicked on

2023-05-10 10:24:15 - [TEST_STEP][PASSED] - click(findTestObject("03-Header Menu/User Profile/View Profile/Contact Info/span_United States"), STOP_ON_FAILURE): Object: 'Object Repository/03-Header Menu/User Profile/View Profile/Contact Info/span_United States' is clicked on

2023-05-10 10:24:15 - [MESSAGE][PASSED] - Object: 'Object Repository/03-Header Menu/User Profile/View Profile/Contact Info/span_United States' is clicked on

2023-05-10 10:24:15 - [TEST_STEP][PASSED] - scrollToElement(findTestObject("03-Header Menu/User Profile/View Profile/Contact Info/input_address type"), 0): Scroll to object 'Object Repository/03-Header Menu/User Profile/View Profile/Contact Info/input_address type' successfully

2023-05-10 10:24:15 - [MESSAGE][WARNING] - Timeout '0' is invalid. Using default page load timeout: '30'

2023-05-10 10:24:16 - [MESSAGE][PASSED] - Scroll to object 'Object Repository/03-Header Menu/User Profile/View Profile/Contact Info/input_address type' successfully

2023-05-10 10:24:16 - [TEST_STEP][PASSED] - click(findTestObject("03-Header Menu/User Profile/View Profile/Contact Info/input_address type")): Object: 'Object Repository/03-Header Menu/User Profile/View Profile/Contact Info/input_address type' is clicked on

2023-05-10 10:24:16 - [MESSAGE][PASSED] - Object: 'Object Repository/03-Header Menu/User Profile/View Profile/Contact Info/input_address type' is clicked on

2023-05-10 10:24:16 - [TEST_STEP][PASSED] - click(findTestObject("03-Header Menu/User Profile/View Profile/Contact Info/span_Work")): Object: 'Object Repository/03-Header Menu/User Profile/View Profile/Contact Info/span_Work' is clicked on

2023-05-10 10:24:17 - [MESSAGE][PASSED] - Object: 'Object Repository/03-Header Menu/User Profile/View Profile/Contact Info/span_Work' is clicked on

2023-05-10 10:24:17 - [TEST_STEP][PASSED] - delay(delay_2seconds): Delayed 2 second(s)

2023-05-10 10:24:19 - [MESSAGE][PASSED] - Delayed 2 second(s)

2023-05-10 10:24:19 - [TEST_STEP][PASSED] - click(findTestObject("03-Header Menu/User Profile/View Profile/Contact Info/button_Save_address")): Object: 'Object Repository/03-Header Menu/User Profile/View Profile/Contact Info/button_Save_address' is clicked on

2023-05-10 10:24:19 - [MESSAGE][PASSED] - Object: 'Object Repository/03-Header Menu/User Profile/View Profile/Contact Info/button_Save_address' is clicked on

2023-05-10 10:24:19 - [TEST_STEP][PASSED] - delay(delay_2seconds): Delayed 2 second(s)

2023-05-10 10:24:21 - [MESSAGE][PASSED] - Delayed 2 second(s)

2023-05-10 10:24:21 - [TEST_STEP][PASSED] - scrollToElement(findTestObject("03-Header Menu/User Profile/View Profile/Contact Info/Address Added"), 0): Scroll to object 'Object Repository/03-Header Menu/User Profile/View Profile/Contact Info/Address Added' successfully

2023-05-10 10:24:22 - [MESSAGE][WARNING] - Timeout '0' is invalid. Using default page load timeout: '30'

2023-05-10 10:24:22 - [MESSAGE][PASSED] - Scroll to object 'Object Repository/03-Header Menu/User Profile/View Profile/Contact Info/Address Added' successfully

2023-05-10 10:24:22 - [TEST_STEP][PASSED] - verifyElementVisible(findTestObject("03-Header Menu/User Profile/View Profile/Contact Info/Address Added")): Object 'Object Repository/03-Header Menu/User Profile/View Profile/Contact Info/Address Added' is visible

2023-05-10 10:24:22 - [MESSAGE][PASSED] - Object 'Object Repository/03-Header Menu/User Profile/View Profile/Contact Info/Address Added' is visible

2023-05-10 10:24:22 - [TEST_STEP][PASSED] - delay(delay_2seconds): Delayed 2 second(s)

2023-05-10 10:24:24 - [MESSAGE][PASSED] - Delayed 2 second(s)

2023-05-10 10:24:24 - [TEST_STEP][PASSED] - click(findTestObject("03-Header Menu/User Profile/View Profile/Contact Info/button_Save")): Object: 'Object Repository/03-Header Menu/User Profile/View Profile/Contact Info/button_Save' is clicked on

2023-05-10 10:24:25 - [MESSAGE][PASSED] - Object: 'Object Repository/03-Header Menu/User Profile/View Profile/Contact Info/button_Save' is clicked on

2023-05-10 10:24:25 - [TEST_STEP][PASSED] - verifyElementVisible(findTestObject("03-Header Menu/User Profile/View Profile/Contact Info/Success Msg")): Object 'Object Repository/03-Header Menu/User Profile/View Profile/Contact Info/Success Msg' is visible

2023-05-10 10:24:26 - [MESSAGE][PASSED] - Object 'Object Repository/03-Header Menu/User Profile/View Profile/Contact Info/Success Msg' is visible

2023-05-10 10:24:26 - [TEST_STEP][PASSED] - delay(delay_2seconds): Delayed 2 second(s)

2023-05-10 10:24:28 - [MESSAGE][PASSED] - Delayed 2 second(s)

2023-05-10 10:24:28 - [TEST_STEP][PASSED] - mouseOver(findTestObject("03-Header Menu/User Profile/View Profile/Contact Info/Mouse over target")): Object: 'Object Repository/03-Header Menu/User Profile/View Profile/Contact Info/Mouse over target' is hovered

2023-05-10 10:24:28 - [MESSAGE][PASSED] - Object: 'Object Repository/03-Header Menu/User Profile/View Profile/Contact Info/Mouse over target' is hovered

2023-05-10 10:24:28 - [TEST_STEP][PASSED] - click(findTestObject("03-Header Menu/User Profile/View Profile/Contact Info/button_remove_address")): Object: 'Object Repository/03-Header Menu/User Profile/View Profile/Contact Info/button_remove_address' is clicked on

2023-05-10 10:24:29 - [MESSAGE][PASSED] - Object: 'Object Repository/03-Header Menu/User Profile/View Profile/Contact Info/button_remove_address' is clicked on

2023-05-10 10:24:29 - [TEST_STEP][PASSED] - click(findTestObject("03-Header Menu/User Profile/View Profile/Contact Info/button_Save")): Object: 'Object Repository/03-Header Menu/User Profile/View Profile/Contact Info/button_Save' is clicked on

2023-05-10 10:24:29 - [MESSAGE][PASSED] - Object: 'Object Repository/03-Header Menu/User Profile/View Profile/Contact Info/button_Save' is clicked on

2023-05-10 10:24:29 - [TEST_STEP][PASSED] - verifyElementVisible(findTestObject("03-Header Menu/User Profile/View Profile/Contact Info/Success Msg")): Object 'Object Repository/03-Header Menu/User Profile/View Profile/Contact Info/Success Msg' is visible

2023-05-10 10:24:31 - [MESSAGE][PASSED] - Object 'Object Repository/03-Header Menu/User Profile/View Profile/Contact Info/Success Msg' is visible

2023-05-10 10:24:31 - [TEST_STEP][PASSED] - delay(delay_3seconds): Delayed 3 second(s)

2023-05-10 10:24:34 - [MESSAGE][PASSED] - Delayed 3 second(s)

2023-05-10 10:24:34 - [TEST_STEP][PASSED] - closeBrowser(): Browser is closed

2023-05-10 10:24:37 - [MESSAGE][PASSED] - Browser is closed]]></system-out>
         <system-err><![CDATA[]]></system-err>
      </testcase>
      <testcase name="Test Cases/03-Header Menu/15- Change Password (Blank Fields)" time="260.079" classname="Test Cases/03-Header Menu/15- Change Password (Blank Fields)" status="PASSED">
         <system-out><![CDATA[2023-05-10 10:24:37 - [TEST_CASE][PASSED] - Test Cases/03-Header Menu/15- Change Password (Blank Fields): Test Cases/03-Header Menu/15- Change Password (Blank Fields)

2023-05-10 10:24:37 - [TEST_STEP][PASSED] - openBrowser(""): Browser is opened with url: ''

2023-05-10 10:24:37 - [MESSAGE][INFO] - Starting 'Chrome' driver

2023-05-10 10:24:37 - [MESSAGE][INFO] - Action delay is set to 0 milliseconds

2023-05-10 10:24:40 - [MESSAGE][PASSED] - Browser is opened with url: ''

2023-05-10 10:24:40 - [TEST_STEP][PASSED] - navigateToUrl(app_url_login): Navigate to 'https://lab.everleagues.com/login?returnUrl=%2Fmain%2Fdashboard' successfully

2023-05-10 10:27:50 - [MESSAGE][PASSED] - Navigate to 'https://lab.everleagues.com/login?returnUrl=%2Fmain%2Fdashboard' successfully

2023-05-10 10:27:50 - [TEST_STEP][PASSED] - maximizeWindow(): Current window maximized

2023-05-10 10:27:51 - [MESSAGE][PASSED] - Current window maximized

2023-05-10 10:27:51 - [TEST_STEP][PASSED] - callTestCase(findTestCase("01-Login and Forgot Password/04-Login(Valid Credentials-With Subscription)"), [:], STOP_ON_FAILURE): Call Test Case 'Test Cases/01-Login and Forgot Password/04-Login(Valid Credentials-With Subscription)' successfully

2023-05-10 10:27:51 - [TEST_CASE][PASSED] - Test Cases/01-Login and Forgot Password/04-Login(Valid Credentials-With Subscription): Test Cases/01-Login and Forgot Password/04-Login(Valid Credentials-With Subscription)

2023-05-10 10:27:51 - [TEST_STEP][PASSED] - setText(findTestObject("01-Login and Forgot Password/input_Email_email"), email_with_subscription): Text 'testuser05@mailinator.com' is set on object 'Object Repository/01-Login and Forgot Password/input_Email_email'

2023-05-10 10:27:53 - [MESSAGE][PASSED] - Text 'testuser05@mailinator.com' is set on object 'Object Repository/01-Login and Forgot Password/input_Email_email'

2023-05-10 10:27:53 - [TEST_STEP][PASSED] - setEncryptedText(findTestObject("01-Login and Forgot Password/input_Email_password"), password): Text ****** has been set on object 'Object Repository/01-Login and Forgot Password/input_Email_password'

2023-05-10 10:27:54 - [MESSAGE][PASSED] - Text ****** has been set on object 'Object Repository/01-Login and Forgot Password/input_Email_password'

2023-05-10 10:27:54 - [TEST_STEP][PASSED] - delay(delay_2seconds): Delayed 2 second(s)

2023-05-10 10:27:56 - [MESSAGE][PASSED] - Delayed 2 second(s)

2023-05-10 10:27:56 - [TEST_STEP][PASSED] - click(findTestObject("01-Login and Forgot Password/show pass button")): Object: 'Object Repository/01-Login and Forgot Password/show pass button' is clicked on

2023-05-10 10:27:57 - [MESSAGE][PASSED] - Object: 'Object Repository/01-Login and Forgot Password/show pass button' is clicked on

2023-05-10 10:27:57 - [TEST_STEP][PASSED] - delay(delay_3seconds): Delayed 3 second(s)

2023-05-10 10:28:00 - [MESSAGE][PASSED] - Delayed 3 second(s)

2023-05-10 10:28:00 - [TEST_STEP][PASSED] - click(findTestObject("01-Login and Forgot Password/button_Sign in")): Object: 'Object Repository/01-Login and Forgot Password/button_Sign in' is clicked on

2023-05-10 10:28:00 - [MESSAGE][PASSED] - Object: 'Object Repository/01-Login and Forgot Password/button_Sign in' is clicked on

2023-05-10 10:28:00 - [TEST_STEP][PASSED] - delay(delay_3seconds): Delayed 3 second(s)

2023-05-10 10:28:03 - [MESSAGE][PASSED] - Delayed 3 second(s)

2023-05-10 10:28:03 - [TEST_STEP][PASSED] - click(findTestObject("06-Teams/For 2FA/button_Confirm_2FA")): Object: 'Object Repository/06-Teams/For 2FA/button_Confirm_2FA' is clicked on

2023-05-10 10:28:04 - [MESSAGE][PASSED] - Object: 'Object Repository/06-Teams/For 2FA/button_Confirm_2FA' is clicked on

2023-05-10 10:28:04 - [TEST_STEP][PASSED] - executeJavaScript("window.open();", []): Execute JavaScript 'window.open();' successfully

2023-05-10 10:28:04 - [MESSAGE][PASSED] - Execute JavaScript 'window.open();' successfully

2023-05-10 10:28:04 - [TEST_STEP][PASSED] - currentWindow = getWindowIndex(): Current window's index is: 0

2023-05-10 10:28:04 - [MESSAGE][PASSED] - Current window's index is: 0

2023-05-10 10:28:04 - [TEST_STEP][PASSED] - delay(delay_3seconds): Delayed 3 second(s)

2023-05-10 10:28:07 - [MESSAGE][PASSED] - Delayed 3 second(s)

2023-05-10 10:28:07 - [TEST_STEP][PASSED] - switchToWindowIndex(currentWindow + 1): Switched to window with index: '1'

2023-05-10 10:28:07 - [MESSAGE][PASSED] - Switched to window with index: '1'

2023-05-10 10:28:07 - [TEST_STEP][PASSED] - navigateToUrl(app_mailinator): Navigate to 'https://www.mailinator.com/' successfully

2023-05-10 10:28:10 - [MESSAGE][PASSED] - Navigate to 'https://www.mailinator.com/' successfully

2023-05-10 10:28:10 - [TEST_STEP][PASSED] - delay(delay_3seconds): Delayed 3 second(s)

2023-05-10 10:28:13 - [MESSAGE][PASSED] - Delayed 3 second(s)

2023-05-10 10:28:13 - [TEST_STEP][PASSED] - setText(findTestObject("00-Signup and Activation/zMailinator/input_LOGIN_search"), email_for_searchmailinator_testuser05): Text 'testuser05@mailinator.com' is set on object 'Object Repository/00-Signup and Activation/zMailinator/input_LOGIN_search'

2023-05-10 10:28:14 - [MESSAGE][PASSED] - Text 'testuser05@mailinator.com' is set on object 'Object Repository/00-Signup and Activation/zMailinator/input_LOGIN_search'

2023-05-10 10:28:14 - [TEST_STEP][PASSED] - click(findTestObject("00-Signup and Activation/zMailinator/gobutton"), STOP_ON_FAILURE): Object: 'Object Repository/00-Signup and Activation/zMailinator/gobutton' is clicked on

2023-05-10 10:28:16 - [MESSAGE][PASSED] - Object: 'Object Repository/00-Signup and Activation/zMailinator/gobutton' is clicked on

2023-05-10 10:28:16 - [TEST_STEP][PASSED] - delay(delay_3seconds): Delayed 3 second(s)

2023-05-10 10:28:19 - [MESSAGE][PASSED] - Delayed 3 second(s)

2023-05-10 10:28:19 - [TEST_STEP][PASSED] - click(findTestObject("00-Signup and Activation/zMailinator/Email - everleagues")): Object: 'Object Repository/00-Signup and Activation/zMailinator/Email - everleagues' is clicked on

2023-05-10 10:28:19 - [MESSAGE][PASSED] - Object: 'Object Repository/00-Signup and Activation/zMailinator/Email - everleagues' is clicked on

2023-05-10 10:28:19 - [TEST_STEP][PASSED] - delay(delay_3seconds): Delayed 3 second(s)

2023-05-10 10:28:22 - [MESSAGE][PASSED] - Delayed 3 second(s)

2023-05-10 10:28:22 - [TEST_STEP][PASSED] - code = getText(findTestObject("Object Repository/06-Teams/For 2FA/2FA code")): Text of object 'Object Repository/06-Teams/For 2FA/2FA code' is: '029107'

2023-05-10 10:28:23 - [MESSAGE][PASSED] - Text of object 'Object Repository/06-Teams/For 2FA/2FA code' is: '029107'

2023-05-10 10:28:23 - [TEST_STEP][PASSED] - delay(delay_3seconds): Delayed 3 second(s)

2023-05-10 10:28:26 - [MESSAGE][PASSED] - Delayed 3 second(s)

2023-05-10 10:28:26 - [TEST_STEP][PASSED] - closeWindowTitle("Mailinator"): Window with title: 'Mailinator' is closed

2023-05-10 10:28:27 - [MESSAGE][PASSED] - Window with title: 'Mailinator' is closed

2023-05-10 10:28:27 - [TEST_STEP][PASSED] - delay(delay_3seconds): Delayed 3 second(s)

2023-05-10 10:28:30 - [MESSAGE][PASSED] - Delayed 3 second(s)

2023-05-10 10:28:30 - [TEST_STEP][PASSED] - switchToWindowIndex(0): Switched to window with index: '0'

2023-05-10 10:28:30 - [MESSAGE][PASSED] - Switched to window with index: '0'

2023-05-10 10:28:30 - [TEST_STEP][PASSED] - delay(delay_3seconds): Delayed 3 second(s)

2023-05-10 10:28:33 - [MESSAGE][PASSED] - Delayed 3 second(s)

2023-05-10 10:28:33 - [TEST_STEP][PASSED] - setText(findTestObject("Object Repository/06-Teams/For 2FA/input_Enter verification code_code"), code): Text '029107' is set on object 'Object Repository/06-Teams/For 2FA/input_Enter verification code_code'

2023-05-10 10:28:34 - [MESSAGE][PASSED] - Text '029107' is set on object 'Object Repository/06-Teams/For 2FA/input_Enter verification code_code'

2023-05-10 10:28:34 - [TEST_STEP][PASSED] - delay(delay_3seconds): Delayed 3 second(s)

2023-05-10 10:28:37 - [MESSAGE][PASSED] - Delayed 3 second(s)

2023-05-10 10:28:37 - [TEST_STEP][PASSED] - click(findTestObject("06-Teams/For 2FA/button_Verify_2FA")): Object: 'Object Repository/06-Teams/For 2FA/button_Verify_2FA' is clicked on

2023-05-10 10:28:38 - [MESSAGE][PASSED] - Object: 'Object Repository/06-Teams/For 2FA/button_Verify_2FA' is clicked on

2023-05-10 10:28:38 - [TEST_STEP][PASSED] - delay(delay_3seconds): Delayed 3 second(s)

2023-05-10 10:28:41 - [MESSAGE][PASSED] - Delayed 3 second(s)

2023-05-10 10:28:41 - [MESSAGE][PASSED] - Call Test Case 'Test Cases/01-Login and Forgot Password/04-Login(Valid Credentials-With Subscription)' successfully

2023-05-10 10:28:41 - [TEST_STEP][PASSED] - click(findTestObject("03-Header Menu/User Profile/Users Profile menu and notification button/div_User drop down menu button")): Object: 'Object Repository/03-Header Menu/User Profile/Users Profile menu and notification button/div_User drop down menu button' is clicked on

2023-05-10 10:28:44 - [MESSAGE][PASSED] - Object: 'Object Repository/03-Header Menu/User Profile/Users Profile menu and notification button/div_User drop down menu button' is clicked on

2023-05-10 10:28:44 - [TEST_STEP][PASSED] - delay(delay_2seconds): Delayed 2 second(s)

2023-05-10 10:28:46 - [MESSAGE][PASSED] - Delayed 2 second(s)

2023-05-10 10:28:46 - [TEST_STEP][PASSED] - click(findTestObject("03-Header Menu/Header Menu Verifications/h4_Change Password")): Object: 'Object Repository/03-Header Menu/Header Menu Verifications/h4_Change Password' is clicked on

2023-05-10 10:28:47 - [MESSAGE][PASSED] - Object: 'Object Repository/03-Header Menu/Header Menu Verifications/h4_Change Password' is clicked on

2023-05-10 10:28:47 - [TEST_STEP][PASSED] - verifyElementVisible(findTestObject("03-Header Menu/User Profile/Change Password/h4_Change Password")): Object 'Object Repository/03-Header Menu/User Profile/Change Password/h4_Change Password' is visible

2023-05-10 10:28:47 - [MESSAGE][PASSED] - Object 'Object Repository/03-Header Menu/User Profile/Change Password/h4_Change Password' is visible

2023-05-10 10:28:47 - [TEST_STEP][PASSED] - delay(delay_2seconds): Delayed 2 second(s)

2023-05-10 10:28:49 - [MESSAGE][PASSED] - Delayed 2 second(s)

2023-05-10 10:28:49 - [TEST_STEP][PASSED] - click(findTestObject("03-Header Menu/User Profile/Change Password/input_Old password")): Object: 'Object Repository/03-Header Menu/User Profile/Change Password/input_Old password' is clicked on

2023-05-10 10:28:50 - [MESSAGE][PASSED] - Object: 'Object Repository/03-Header Menu/User Profile/Change Password/input_Old password' is clicked on

2023-05-10 10:28:50 - [TEST_STEP][PASSED] - click(findTestObject("03-Header Menu/User Profile/Change Password/input_new password")): Object: 'Object Repository/03-Header Menu/User Profile/Change Password/input_new password' is clicked on

2023-05-10 10:28:50 - [MESSAGE][PASSED] - Object: 'Object Repository/03-Header Menu/User Profile/Change Password/input_new password' is clicked on

2023-05-10 10:28:50 - [TEST_STEP][PASSED] - click(findTestObject("03-Header Menu/User Profile/Change Password/input_Confirm password")): Object: 'Object Repository/03-Header Menu/User Profile/Change Password/input_Confirm password' is clicked on

2023-05-10 10:28:51 - [MESSAGE][PASSED] - Object: 'Object Repository/03-Header Menu/User Profile/Change Password/input_Confirm password' is clicked on

2023-05-10 10:28:51 - [TEST_STEP][PASSED] - click(findTestObject("03-Header Menu/User Profile/Change Password/input_Old password")): Object: 'Object Repository/03-Header Menu/User Profile/Change Password/input_Old password' is clicked on

2023-05-10 10:28:51 - [MESSAGE][PASSED] - Object: 'Object Repository/03-Header Menu/User Profile/Change Password/input_Old password' is clicked on

2023-05-10 10:28:51 - [TEST_STEP][PASSED] - delay(delay_2seconds): Delayed 2 second(s)

2023-05-10 10:28:53 - [MESSAGE][PASSED] - Delayed 2 second(s)

2023-05-10 10:28:53 - [TEST_STEP][PASSED] - verifyElementVisible(findTestObject("03-Header Menu/User Profile/Change Password/error_Enter your password")): Object 'Object Repository/03-Header Menu/User Profile/Change Password/error_Enter your password' is visible

2023-05-10 10:28:54 - [MESSAGE][PASSED] - Object 'Object Repository/03-Header Menu/User Profile/Change Password/error_Enter your password' is visible

2023-05-10 10:28:54 - [TEST_STEP][PASSED] - verifyElementVisible(findTestObject("03-Header Menu/User Profile/Change Password/error_Password must be at least 8 characters")): Object 'Object Repository/03-Header Menu/User Profile/Change Password/error_Password must be at least 8 characters' is visible

2023-05-10 10:28:54 - [MESSAGE][PASSED] - Object 'Object Repository/03-Header Menu/User Profile/Change Password/error_Password must be at least 8 characters' is visible

2023-05-10 10:28:54 - [TEST_STEP][PASSED] - verifyElementNotClickable(findTestObject("03-Header Menu/User Profile/Change Password/button_Change Password")): Object 'Object Repository/03-Header Menu/User Profile/Change Password/button_Change Password' is NOT clickable

2023-05-10 10:28:55 - [MESSAGE][PASSED] - Object 'Object Repository/03-Header Menu/User Profile/Change Password/button_Change Password' is NOT clickable

2023-05-10 10:28:55 - [TEST_STEP][PASSED] - click(findTestObject("03-Header Menu/User Profile/Change Password/button_Cancel")): Object: 'Object Repository/03-Header Menu/User Profile/Change Password/button_Cancel' is clicked on

2023-05-10 10:28:55 - [MESSAGE][PASSED] - Object: 'Object Repository/03-Header Menu/User Profile/Change Password/button_Cancel' is clicked on

2023-05-10 10:28:55 - [TEST_STEP][PASSED] - delay(delay_2seconds): Delayed 2 second(s)

2023-05-10 10:28:57 - [MESSAGE][PASSED] - Delayed 2 second(s)]]></system-out>
         <system-err><![CDATA[]]></system-err>
      </testcase>
      <testcase name="Test Cases/03-Header Menu/16- Change Password (Incorrect Old Password)" time="11.234" classname="Test Cases/03-Header Menu/16- Change Password (Incorrect Old Password)" status="PASSED">
         <system-out><![CDATA[2023-05-10 10:28:57 - [TEST_CASE][PASSED] - Test Cases/03-Header Menu/16- Change Password (Incorrect Old Password): Test Cases/03-Header Menu/16- Change Password (Incorrect Old Password)

2023-05-10 10:28:58 - [TEST_STEP][PASSED] - click(findTestObject("03-Header Menu/User Profile/Users Profile menu and notification button/div_User drop down menu button")): Object: 'Object Repository/03-Header Menu/User Profile/Users Profile menu and notification button/div_User drop down menu button' is clicked on

2023-05-10 10:28:58 - [MESSAGE][PASSED] - Object: 'Object Repository/03-Header Menu/User Profile/Users Profile menu and notification button/div_User drop down menu button' is clicked on

2023-05-10 10:28:58 - [TEST_STEP][PASSED] - delay(delay_2seconds): Delayed 2 second(s)

2023-05-10 10:29:00 - [MESSAGE][PASSED] - Delayed 2 second(s)

2023-05-10 10:29:00 - [TEST_STEP][PASSED] - click(findTestObject("03-Header Menu/Header Menu Verifications/h4_Change Password")): Object: 'Object Repository/03-Header Menu/Header Menu Verifications/h4_Change Password' is clicked on

2023-05-10 10:29:01 - [MESSAGE][PASSED] - Object: 'Object Repository/03-Header Menu/Header Menu Verifications/h4_Change Password' is clicked on

2023-05-10 10:29:01 - [TEST_STEP][PASSED] - delay(delay_1second): Delayed 1 second(s)

2023-05-10 10:29:02 - [MESSAGE][PASSED] - Delayed 1 second(s)

2023-05-10 10:29:02 - [TEST_STEP][PASSED] - setEncryptedText(findTestObject("03-Header Menu/User Profile/Change Password/input_Old password"), old_password): Text ****** has been set on object 'Object Repository/03-Header Menu/User Profile/Change Password/input_Old password'

2023-05-10 10:29:02 - [MESSAGE][PASSED] - Text ****** has been set on object 'Object Repository/03-Header Menu/User Profile/Change Password/input_Old password'

2023-05-10 10:29:02 - [TEST_STEP][PASSED] - setEncryptedText(findTestObject("03-Header Menu/User Profile/Change Password/input_new password"), new_password): Text ****** has been set on object 'Object Repository/03-Header Menu/User Profile/Change Password/input_new password'

2023-05-10 10:29:03 - [MESSAGE][PASSED] - Text ****** has been set on object 'Object Repository/03-Header Menu/User Profile/Change Password/input_new password'

2023-05-10 10:29:03 - [TEST_STEP][PASSED] - setEncryptedText(findTestObject("03-Header Menu/User Profile/Change Password/input_Confirm password"), confirm_password): Text ****** has been set on object 'Object Repository/03-Header Menu/User Profile/Change Password/input_Confirm password'

2023-05-10 10:29:04 - [MESSAGE][PASSED] - Text ****** has been set on object 'Object Repository/03-Header Menu/User Profile/Change Password/input_Confirm password'

2023-05-10 10:29:04 - [TEST_STEP][PASSED] - click(findTestObject("03-Header Menu/User Profile/Change Password/button_Change Password")): Object: 'Object Repository/03-Header Menu/User Profile/Change Password/button_Change Password' is clicked on

2023-05-10 10:29:05 - [MESSAGE][PASSED] - Object: 'Object Repository/03-Header Menu/User Profile/Change Password/button_Change Password' is clicked on

2023-05-10 10:29:05 - [TEST_STEP][PASSED] - verifyElementVisible(findTestObject("03-Header Menu/User Profile/Change Password/Failed to change password")): Object 'Object Repository/03-Header Menu/User Profile/Change Password/Failed to change password' is visible

2023-05-10 10:29:06 - [MESSAGE][PASSED] - Object 'Object Repository/03-Header Menu/User Profile/Change Password/Failed to change password' is visible

2023-05-10 10:29:06 - [TEST_STEP][PASSED] - click(findTestObject("09-Settings/Users/Active User/button_Cancel_restore")): Object: 'Object Repository/09-Settings/Users/Active User/button_Cancel_restore' is clicked on

2023-05-10 10:29:06 - [MESSAGE][PASSED] - Object: 'Object Repository/09-Settings/Users/Active User/button_Cancel_restore' is clicked on

2023-05-10 10:29:06 - [TEST_STEP][PASSED] - delay(delay_2seconds): Delayed 2 second(s)

2023-05-10 10:29:08 - [MESSAGE][PASSED] - Delayed 2 second(s)]]></system-out>
         <system-err><![CDATA[]]></system-err>
      </testcase>
      <testcase name="Test Cases/03-Header Menu/17- Change Password (old and new didnt match)" time="11.601" classname="Test Cases/03-Header Menu/17- Change Password (old and new didnt match)" status="PASSED">
         <system-out><![CDATA[2023-05-10 10:29:08 - [TEST_CASE][PASSED] - Test Cases/03-Header Menu/17- Change Password (old and new didnt match): Test Cases/03-Header Menu/17- Change Password (old and new didnt match)

2023-05-10 10:29:09 - [TEST_STEP][PASSED] - click(findTestObject("03-Header Menu/User Profile/Users Profile menu and notification button/div_User drop down menu button")): Object: 'Object Repository/03-Header Menu/User Profile/Users Profile menu and notification button/div_User drop down menu button' is clicked on

2023-05-10 10:29:09 - [MESSAGE][PASSED] - Object: 'Object Repository/03-Header Menu/User Profile/Users Profile menu and notification button/div_User drop down menu button' is clicked on

2023-05-10 10:29:09 - [TEST_STEP][PASSED] - delay(delay_2seconds): Delayed 2 second(s)

2023-05-10 10:29:11 - [MESSAGE][PASSED] - Delayed 2 second(s)

2023-05-10 10:29:11 - [TEST_STEP][PASSED] - click(findTestObject("03-Header Menu/Header Menu Verifications/h4_Change Password")): Object: 'Object Repository/03-Header Menu/Header Menu Verifications/h4_Change Password' is clicked on

2023-05-10 10:29:12 - [MESSAGE][PASSED] - Object: 'Object Repository/03-Header Menu/Header Menu Verifications/h4_Change Password' is clicked on

2023-05-10 10:29:12 - [TEST_STEP][PASSED] - delay(delay_1second): Delayed 1 second(s)

2023-05-10 10:29:13 - [MESSAGE][PASSED] - Delayed 1 second(s)

2023-05-10 10:29:13 - [TEST_STEP][PASSED] - setEncryptedText(findTestObject("03-Header Menu/User Profile/Change Password/input_Old password"), "8yFRyszE6U6jvsCn51OQbg=="): Text ****** has been set on object 'Object Repository/03-Header Menu/User Profile/Change Password/input_Old password'

2023-05-10 10:29:14 - [MESSAGE][PASSED] - Text ****** has been set on object 'Object Repository/03-Header Menu/User Profile/Change Password/input_Old password'

2023-05-10 10:29:14 - [TEST_STEP][PASSED] - setText(findTestObject("03-Header Menu/User Profile/Change Password/input_new password"), "wrongformatpass"): Text 'wrongformatpass' is set on object 'Object Repository/03-Header Menu/User Profile/Change Password/input_new password'

2023-05-10 10:29:15 - [MESSAGE][PASSED] - Text 'wrongformatpass' is set on object 'Object Repository/03-Header Menu/User Profile/Change Password/input_new password'

2023-05-10 10:29:15 - [TEST_STEP][PASSED] - setText(findTestObject("03-Header Menu/User Profile/Change Password/input_Confirm password"), "xmatch"): Text 'xmatch' is set on object 'Object Repository/03-Header Menu/User Profile/Change Password/input_Confirm password'

2023-05-10 10:29:16 - [MESSAGE][PASSED] - Text 'xmatch' is set on object 'Object Repository/03-Header Menu/User Profile/Change Password/input_Confirm password'

2023-05-10 10:29:16 - [TEST_STEP][PASSED] - click(findTestObject("03-Header Menu/User Profile/Change Password/input_Old password")): Object: 'Object Repository/03-Header Menu/User Profile/Change Password/input_Old password' is clicked on

2023-05-10 10:29:16 - [MESSAGE][PASSED] - Object: 'Object Repository/03-Header Menu/User Profile/Change Password/input_Old password' is clicked on

2023-05-10 10:29:16 - [TEST_STEP][PASSED] - verifyElementVisible(findTestObject("03-Header Menu/User Profile/Change Password/error_Password must be at least 8 characters")): Object 'Object Repository/03-Header Menu/User Profile/Change Password/error_Password must be at least 8 characters' is visible

2023-05-10 10:29:17 - [MESSAGE][PASSED] - Object 'Object Repository/03-Header Menu/User Profile/Change Password/error_Password must be at least 8 characters' is visible

2023-05-10 10:29:17 - [TEST_STEP][PASSED] - verifyElementVisible(findTestObject("03-Header Menu/User Profile/Change Password/error_Password does not match")): Object 'Object Repository/03-Header Menu/User Profile/Change Password/error_Password does not match' is visible

2023-05-10 10:29:17 - [MESSAGE][PASSED] - Object 'Object Repository/03-Header Menu/User Profile/Change Password/error_Password does not match' is visible

2023-05-10 10:29:17 - [TEST_STEP][PASSED] - verifyElementNotClickable(findTestObject("03-Header Menu/User Profile/Change Password/button_Change Password")): Object 'Object Repository/03-Header Menu/User Profile/Change Password/button_Change Password' is NOT clickable

2023-05-10 10:29:18 - [MESSAGE][PASSED] - Object 'Object Repository/03-Header Menu/User Profile/Change Password/button_Change Password' is NOT clickable

2023-05-10 10:29:18 - [TEST_STEP][PASSED] - delay(delay_2seconds): Delayed 2 second(s)

2023-05-10 10:29:20 - [MESSAGE][PASSED] - Delayed 2 second(s)]]></system-out>
         <system-err><![CDATA[]]></system-err>
      </testcase>
      <testcase name="Test Cases/03-Header Menu/18-Change Password(Positive Scenario)" time="252.446" classname="Test Cases/03-Header Menu/18-Change Password(Positive Scenario)" status="PASSED">
         <system-out><![CDATA[2023-05-10 10:29:20 - [TEST_CASE][PASSED] - Test Cases/03-Header Menu/18-Change Password(Positive Scenario): Test Cases/03-Header Menu/18-Change Password(Positive Scenario)

2023-05-10 10:29:20 - [TEST_STEP][PASSED] - setEncryptedText(findTestObject("03-Header Menu/User Profile/Change Password/input_Old password"), password): Text ****** has been set on object 'Object Repository/03-Header Menu/User Profile/Change Password/input_Old password'

2023-05-10 10:29:21 - [MESSAGE][PASSED] - Text ****** has been set on object 'Object Repository/03-Header Menu/User Profile/Change Password/input_Old password'

2023-05-10 10:29:21 - [TEST_STEP][PASSED] - setEncryptedText(findTestObject("03-Header Menu/User Profile/Change Password/input_new password"), new_password): Text ****** has been set on object 'Object Repository/03-Header Menu/User Profile/Change Password/input_new password'

2023-05-10 10:29:22 - [MESSAGE][PASSED] - Text ****** has been set on object 'Object Repository/03-Header Menu/User Profile/Change Password/input_new password'

2023-05-10 10:29:22 - [TEST_STEP][PASSED] - setEncryptedText(findTestObject("03-Header Menu/User Profile/Change Password/input_Confirm password"), confirm_password): Text ****** has been set on object 'Object Repository/03-Header Menu/User Profile/Change Password/input_Confirm password'

2023-05-10 10:29:22 - [MESSAGE][PASSED] - Text ****** has been set on object 'Object Repository/03-Header Menu/User Profile/Change Password/input_Confirm password'

2023-05-10 10:29:22 - [TEST_STEP][PASSED] - click(findTestObject("03-Header Menu/User Profile/Change Password/button_Change Password")): Object: 'Object Repository/03-Header Menu/User Profile/Change Password/button_Change Password' is clicked on

2023-05-10 10:29:23 - [MESSAGE][PASSED] - Object: 'Object Repository/03-Header Menu/User Profile/Change Password/button_Change Password' is clicked on

2023-05-10 10:29:23 - [TEST_STEP][PASSED] - verifyElementVisible(findTestObject("03-Header Menu/User Profile/Change Password/Successfully changed password")): Object 'Object Repository/03-Header Menu/User Profile/Change Password/Successfully changed password' is visible

2023-05-10 10:29:24 - [MESSAGE][PASSED] - Object 'Object Repository/03-Header Menu/User Profile/Change Password/Successfully changed password' is visible

2023-05-10 10:29:24 - [TEST_STEP][PASSED] - delay(delay_2seconds): Delayed 2 second(s)

2023-05-10 10:29:26 - [MESSAGE][PASSED] - Delayed 2 second(s)

2023-05-10 10:29:26 - [TEST_STEP][PASSED] - click(findTestObject("03-Header Menu/User Profile/Users Profile menu and notification button/div_User drop down menu button")): Object: 'Object Repository/03-Header Menu/User Profile/Users Profile menu and notification button/div_User drop down menu button' is clicked on

2023-05-10 10:29:27 - [MESSAGE][PASSED] - Object: 'Object Repository/03-Header Menu/User Profile/Users Profile menu and notification button/div_User drop down menu button' is clicked on

2023-05-10 10:29:27 - [TEST_STEP][PASSED] - delay(delay_2seconds): Delayed 2 second(s)

2023-05-10 10:29:29 - [MESSAGE][PASSED] - Delayed 2 second(s)

2023-05-10 10:29:29 - [TEST_STEP][PASSED] - click(findTestObject("03-Header Menu/Header Menu Verifications/h4_Sign Out")): Object: 'Object Repository/03-Header Menu/Header Menu Verifications/h4_Sign Out' is clicked on

2023-05-10 10:29:29 - [MESSAGE][PASSED] - Object: 'Object Repository/03-Header Menu/Header Menu Verifications/h4_Sign Out' is clicked on

2023-05-10 10:29:29 - [TEST_STEP][PASSED] - delay(delay_2seconds): Delayed 2 second(s)

2023-05-10 10:29:31 - [MESSAGE][PASSED] - Delayed 2 second(s)

2023-05-10 10:29:31 - [TEST_STEP][PASSED] - closeBrowser(): Browser is closed

2023-05-10 10:29:33 - [MESSAGE][PASSED] - Browser is closed

2023-05-10 10:29:33 - [TEST_STEP][PASSED] - openBrowser(""): Browser is opened with url: ''

2023-05-10 10:29:33 - [MESSAGE][INFO] - Starting 'Chrome' driver

2023-05-10 10:29:33 - [MESSAGE][INFO] - Action delay is set to 0 milliseconds

2023-05-10 10:29:35 - [MESSAGE][PASSED] - Browser is opened with url: ''

2023-05-10 10:29:35 - [TEST_STEP][PASSED] - navigateToUrl(appURL): Navigate to 'https://lab.everleagues.com/' successfully

2023-05-10 10:31:59 - [MESSAGE][PASSED] - Navigate to 'https://lab.everleagues.com/' successfully

2023-05-10 10:32:00 - [TEST_STEP][PASSED] - maximizeWindow(): Current window maximized

2023-05-10 10:32:00 - [MESSAGE][PASSED] - Current window maximized

2023-05-10 10:32:00 - [TEST_STEP][PASSED] - setText(findTestObject("02-Side Icons(Organization)/Add Contact/Email Field"), email_with_subscription): Text 'testuser05@mailinator.com' is set on object 'Object Repository/02-Side Icons(Organization)/Add Contact/Email Field'

2023-05-10 10:32:24 - [MESSAGE][PASSED] - Text 'testuser05@mailinator.com' is set on object 'Object Repository/02-Side Icons(Organization)/Add Contact/Email Field'

2023-05-10 10:32:24 - [TEST_STEP][PASSED] - setEncryptedText(findTestObject("02-Side Icons(Organization)/Add Contact/Password Field"), new_password): Text ****** has been set on object 'Object Repository/02-Side Icons(Organization)/Add Contact/Password Field'

2023-05-10 10:32:25 - [MESSAGE][PASSED] - Text ****** has been set on object 'Object Repository/02-Side Icons(Organization)/Add Contact/Password Field'

2023-05-10 10:32:25 - [TEST_STEP][PASSED] - click(findTestObject("02-Side Icons(Organization)/Add Contact/button_Sign in")): Object: 'Object Repository/02-Side Icons(Organization)/Add Contact/button_Sign in' is clicked on

2023-05-10 10:32:32 - [MESSAGE][PASSED] - Object: 'Object Repository/02-Side Icons(Organization)/Add Contact/button_Sign in' is clicked on

2023-05-10 10:32:32 - [TEST_STEP][PASSED] - delay(delay_2seconds): Delayed 2 second(s)

2023-05-10 10:32:34 - [MESSAGE][PASSED] - Delayed 2 second(s)

2023-05-10 10:32:34 - [TEST_STEP][PASSED] - click(findTestObject("06-Teams/For 2FA/button_Confirm_2FA")): Object: 'Object Repository/06-Teams/For 2FA/button_Confirm_2FA' is clicked on

2023-05-10 10:32:35 - [MESSAGE][PASSED] - Object: 'Object Repository/06-Teams/For 2FA/button_Confirm_2FA' is clicked on

2023-05-10 10:32:35 - [TEST_STEP][PASSED] - executeJavaScript("window.open();", []): Execute JavaScript 'window.open();' successfully

2023-05-10 10:32:35 - [MESSAGE][PASSED] - Execute JavaScript 'window.open();' successfully

2023-05-10 10:32:35 - [TEST_STEP][PASSED] - currentWindow = getWindowIndex(): Current window's index is: 0

2023-05-10 10:32:36 - [MESSAGE][PASSED] - Current window's index is: 0

2023-05-10 10:32:36 - [TEST_STEP][PASSED] - delay(delay_3seconds): Delayed 3 second(s)

2023-05-10 10:32:39 - [MESSAGE][PASSED] - Delayed 3 second(s)

2023-05-10 10:32:39 - [TEST_STEP][PASSED] - switchToWindowIndex(currentWindow + 1): Switched to window with index: '1'

2023-05-10 10:32:39 - [MESSAGE][PASSED] - Switched to window with index: '1'

2023-05-10 10:32:39 - [TEST_STEP][PASSED] - navigateToUrl(app_mailinator): Navigate to 'https://www.mailinator.com/' successfully

2023-05-10 10:32:44 - [MESSAGE][PASSED] - Navigate to 'https://www.mailinator.com/' successfully

2023-05-10 10:32:44 - [TEST_STEP][PASSED] - delay(delay_3seconds): Delayed 3 second(s)

2023-05-10 10:32:47 - [MESSAGE][PASSED] - Delayed 3 second(s)

2023-05-10 10:32:47 - [TEST_STEP][PASSED] - setText(findTestObject("00-Signup and Activation/zMailinator/input_LOGIN_search"), email_for_searchmailinator_testuser05): Text 'testuser05@mailinator.com' is set on object 'Object Repository/00-Signup and Activation/zMailinator/input_LOGIN_search'

2023-05-10 10:32:49 - [MESSAGE][PASSED] - Text 'testuser05@mailinator.com' is set on object 'Object Repository/00-Signup and Activation/zMailinator/input_LOGIN_search'

2023-05-10 10:32:49 - [TEST_STEP][PASSED] - click(findTestObject("00-Signup and Activation/zMailinator/gobutton"), STOP_ON_FAILURE): Object: 'Object Repository/00-Signup and Activation/zMailinator/gobutton' is clicked on

2023-05-10 10:32:51 - [MESSAGE][PASSED] - Object: 'Object Repository/00-Signup and Activation/zMailinator/gobutton' is clicked on

2023-05-10 10:32:51 - [TEST_STEP][PASSED] - delay(delay_3seconds): Delayed 3 second(s)

2023-05-10 10:32:54 - [MESSAGE][PASSED] - Delayed 3 second(s)

2023-05-10 10:32:54 - [TEST_STEP][PASSED] - click(findTestObject("00-Signup and Activation/zMailinator/Email - everleagues")): Object: 'Object Repository/00-Signup and Activation/zMailinator/Email - everleagues' is clicked on

2023-05-10 10:32:54 - [MESSAGE][PASSED] - Object: 'Object Repository/00-Signup and Activation/zMailinator/Email - everleagues' is clicked on

2023-05-10 10:32:54 - [TEST_STEP][PASSED] - delay(delay_3seconds): Delayed 3 second(s)

2023-05-10 10:32:57 - [MESSAGE][PASSED] - Delayed 3 second(s)

2023-05-10 10:32:57 - [TEST_STEP][PASSED] - code = getText(findTestObject("Object Repository/06-Teams/For 2FA/2FA code")): Text of object 'Object Repository/06-Teams/For 2FA/2FA code' is: '595911'

2023-05-10 10:32:58 - [MESSAGE][PASSED] - Text of object 'Object Repository/06-Teams/For 2FA/2FA code' is: '595911'

2023-05-10 10:32:58 - [TEST_STEP][PASSED] - delay(delay_3seconds): Delayed 3 second(s)

2023-05-10 10:33:01 - [MESSAGE][PASSED] - Delayed 3 second(s)

2023-05-10 10:33:01 - [TEST_STEP][PASSED] - closeWindowTitle("Mailinator"): Window with title: 'Mailinator' is closed

2023-05-10 10:33:01 - [MESSAGE][PASSED] - Window with title: 'Mailinator' is closed

2023-05-10 10:33:01 - [TEST_STEP][PASSED] - delay(delay_3seconds): Delayed 3 second(s)

2023-05-10 10:33:04 - [MESSAGE][PASSED] - Delayed 3 second(s)

2023-05-10 10:33:04 - [TEST_STEP][PASSED] - switchToWindowIndex(0): Switched to window with index: '0'

2023-05-10 10:33:05 - [MESSAGE][PASSED] - Switched to window with index: '0'

2023-05-10 10:33:05 - [TEST_STEP][PASSED] - delay(delay_3seconds): Delayed 3 second(s)

2023-05-10 10:33:08 - [MESSAGE][PASSED] - Delayed 3 second(s)

2023-05-10 10:33:08 - [TEST_STEP][PASSED] - setText(findTestObject("Object Repository/06-Teams/For 2FA/input_Enter verification code_code"), code): Text '595911' is set on object 'Object Repository/06-Teams/For 2FA/input_Enter verification code_code'

2023-05-10 10:33:09 - [MESSAGE][PASSED] - Text '595911' is set on object 'Object Repository/06-Teams/For 2FA/input_Enter verification code_code'

2023-05-10 10:33:09 - [TEST_STEP][PASSED] - delay(delay_3seconds): Delayed 3 second(s)

2023-05-10 10:33:12 - [MESSAGE][PASSED] - Delayed 3 second(s)

2023-05-10 10:33:12 - [TEST_STEP][PASSED] - click(findTestObject("06-Teams/For 2FA/button_Verify_2FA")): Object: 'Object Repository/06-Teams/For 2FA/button_Verify_2FA' is clicked on

2023-05-10 10:33:13 - [MESSAGE][PASSED] - Object: 'Object Repository/06-Teams/For 2FA/button_Verify_2FA' is clicked on

2023-05-10 10:33:13 - [TEST_STEP][PASSED] - delay(delay_5seconds): Delayed 5 second(s)

2023-05-10 10:33:18 - [MESSAGE][PASSED] - Delayed 5 second(s)

2023-05-10 10:33:18 - [TEST_STEP][PASSED] - click(findTestObject("03-Header Menu/User Profile/Users Profile menu and notification button/div_User drop down menu button")): Object: 'Object Repository/03-Header Menu/User Profile/Users Profile menu and notification button/div_User drop down menu button' is clicked on

2023-05-10 10:33:19 - [MESSAGE][PASSED] - Object: 'Object Repository/03-Header Menu/User Profile/Users Profile menu and notification button/div_User drop down menu button' is clicked on

2023-05-10 10:33:19 - [TEST_STEP][PASSED] - delay(delay_2seconds): Delayed 2 second(s)

2023-05-10 10:33:22 - [MESSAGE][PASSED] - Delayed 2 second(s)

2023-05-10 10:33:22 - [TEST_STEP][PASSED] - click(findTestObject("03-Header Menu/Header Menu Verifications/h4_Change Password")): Object: 'Object Repository/03-Header Menu/Header Menu Verifications/h4_Change Password' is clicked on

2023-05-10 10:33:22 - [MESSAGE][PASSED] - Object: 'Object Repository/03-Header Menu/Header Menu Verifications/h4_Change Password' is clicked on

2023-05-10 10:33:22 - [TEST_STEP][PASSED] - verifyElementVisible(findTestObject("03-Header Menu/User Profile/Change Password/h4_Change Password")): Object 'Object Repository/03-Header Menu/User Profile/Change Password/h4_Change Password' is visible

2023-05-10 10:33:23 - [MESSAGE][PASSED] - Object 'Object Repository/03-Header Menu/User Profile/Change Password/h4_Change Password' is visible

2023-05-10 10:33:23 - [TEST_STEP][PASSED] - delay(delay_2seconds): Delayed 2 second(s)

2023-05-10 10:33:25 - [MESSAGE][PASSED] - Delayed 2 second(s)

2023-05-10 10:33:25 - [TEST_STEP][PASSED] - setEncryptedText(findTestObject("03-Header Menu/User Profile/Change Password/input_Old password"), new_password): Text ****** has been set on object 'Object Repository/03-Header Menu/User Profile/Change Password/input_Old password'

2023-05-10 10:33:25 - [MESSAGE][PASSED] - Text ****** has been set on object 'Object Repository/03-Header Menu/User Profile/Change Password/input_Old password'

2023-05-10 10:33:25 - [TEST_STEP][PASSED] - setEncryptedText(findTestObject("03-Header Menu/User Profile/Change Password/input_new password"), password): Text ****** has been set on object 'Object Repository/03-Header Menu/User Profile/Change Password/input_new password'

2023-05-10 10:33:26 - [MESSAGE][PASSED] - Text ****** has been set on object 'Object Repository/03-Header Menu/User Profile/Change Password/input_new password'

2023-05-10 10:33:26 - [TEST_STEP][PASSED] - setEncryptedText(findTestObject("03-Header Menu/User Profile/Change Password/input_Confirm password"), password): Text ****** has been set on object 'Object Repository/03-Header Menu/User Profile/Change Password/input_Confirm password'

2023-05-10 10:33:27 - [MESSAGE][PASSED] - Text ****** has been set on object 'Object Repository/03-Header Menu/User Profile/Change Password/input_Confirm password'

2023-05-10 10:33:27 - [TEST_STEP][PASSED] - click(findTestObject("03-Header Menu/User Profile/Change Password/button_Change Password")): Object: 'Object Repository/03-Header Menu/User Profile/Change Password/button_Change Password' is clicked on

2023-05-10 10:33:27 - [MESSAGE][PASSED] - Object: 'Object Repository/03-Header Menu/User Profile/Change Password/button_Change Password' is clicked on

2023-05-10 10:33:27 - [TEST_STEP][PASSED] - verifyElementVisible(findTestObject("03-Header Menu/User Profile/Change Password/Successfully changed password")): Object 'Object Repository/03-Header Menu/User Profile/Change Password/Successfully changed password' is visible

2023-05-10 10:33:29 - [MESSAGE][PASSED] - Object 'Object Repository/03-Header Menu/User Profile/Change Password/Successfully changed password' is visible

2023-05-10 10:33:29 - [TEST_STEP][PASSED] - delay(delay_2seconds): Delayed 2 second(s)

2023-05-10 10:33:31 - [MESSAGE][PASSED] - Delayed 2 second(s)

2023-05-10 10:33:31 - [TEST_STEP][PASSED] - closeBrowser(): Browser is closed

2023-05-10 10:33:32 - [MESSAGE][PASSED] - Browser is closed]]></system-out>
         <system-err><![CDATA[]]></system-err>
      </testcase>
      <system-out><![CDATA[2023-05-10 10:16:02 - [TEST_SUITE][PASSED] - 03-Header Menu: Test Cases/03-Header Menu/18-Change Password(Positive Scenario)]]></system-out>
      <system-err><![CDATA[]]></system-err>
   </testsuite>
</testsuites>
