<?xml version="1.0" encoding="UTF-8"?>
<testsuites name="09.4 - Settings (Organization unit)" time="511.995" tests="4" failures="0" errors="0">
   <testsuite name="09.4 - Settings (Organization unit)" tests="4" failures="0" errors="0" time="511.995" skipped="0" timestamp="2022-12-23 14:20:05" hostname="asus - DESKTOP-3L3J9C1" id="Test Suites/TS-Organization/09.4 - Settings (Organization unit)">
      <properties>
         <property name="deviceName" value=""/>
         <property name="devicePlatform" value=""/>
         <property name="logFolder" value="C:\\Users\\asus\\Katalon Studio\\Everleagues\\Everleagues\\Reports\\20221223_141954\\TS-Organization\\09.4 - Settings (Organization unit)\\20221223_141954"/>
         <property name="logFiles" value="C:\\Users\\asus\\Katalon Studio\\Everleagues\\Everleagues\\Reports\\20221223_141954\\TS-Organization\\09.4 - Settings (Organization unit)\\20221223_141954\\execution0.log"/>
         <property name="attachments" value=""/>
         <property name="hostName" value="asus - DESKTOP-3L3J9C1"/>
         <property name="os" value="Windows 10 64bit"/>
         <property name="katalonVersion" value="8.4.1.208"/>
         <property name="browser" value="Chrome 108.0.0.0"/>
         <property name="hostAddress" value="192.168.5.82"/>
         <property name="sessionId" value="4188560cfacd4759dfc4171adb214c46"/>
         <property name="seleniumVersion" value="3.141.59"/>
         <property name="proxyInformation" value="ProxyInformation { proxyOption=NO_PROXY, proxyServerType=HTTP, username=, password=********, proxyServerAddress=, proxyServerPort=0, executionList=&quot;&quot;, isApplyToDesiredCapabilities=true }"/>
         <property name="platform" value="Windows 10"/>
      </properties>
      <testcase name="Test Cases/09-Settings/19 - Organization unit - Add Organization unit" time="244.129" classname="Test Cases/09-Settings/19 - Organization unit - Add Organization unit" status="PASSED">
         <system-out><![CDATA[2022-12-23 14:20:07 - [TEST_CASE][PASSED] - Test Cases/09-Settings/19 - Organization unit - Add Organization unit: Test Cases/09-Settings/19 - Organization unit - Add Organization unit

2022-12-23 14:20:09 - [TEST_STEP][PASSED] - openBrowser(""): Browser is opened with url: ''

2022-12-23 14:20:10 - [MESSAGE][INFO] - Starting 'Chrome' driver

2022-12-23 14:20:11 - [MESSAGE][INFO] - Action delay is set to 0 milliseconds

2022-12-23 14:20:22 - [MESSAGE][PASSED] - Browser is opened with url: ''

2022-12-23 14:20:22 - [TEST_STEP][PASSED] - navigateToUrl("https://lab.everleagues.com/"): Navigate to 'https://lab.everleagues.com/' successfully

2022-12-23 14:22:02 - [MESSAGE][PASSED] - Navigate to 'https://lab.everleagues.com/' successfully

2022-12-23 14:22:02 - [TEST_STEP][PASSED] - maximizeWindow(): Current window maximized

2022-12-23 14:22:02 - [MESSAGE][PASSED] - Current window maximized

2022-12-23 14:22:02 - [TEST_STEP][PASSED] - setText(findTestObject("02-Side Icons(Organization)/Add Contact/Email Field"), "testuser02@mailinator.com"): Text 'testuser02@mailinator.com' is set on object 'Object Repository/02-Side Icons(Organization)/Add Contact/Email Field'

2022-12-23 14:22:04 - [MESSAGE][PASSED] - Text 'testuser02@mailinator.com' is set on object 'Object Repository/02-Side Icons(Organization)/Add Contact/Email Field'

2022-12-23 14:22:04 - [TEST_STEP][PASSED] - setEncryptedText(findTestObject("02-Side Icons(Organization)/Add Contact/Password Field"), "8yFRyszE6U6jvsCn51OQbg=="): Text ****** has been set on object 'Object Repository/02-Side Icons(Organization)/Add Contact/Password Field'

2022-12-23 14:22:07 - [MESSAGE][PASSED] - Text ****** has been set on object 'Object Repository/02-Side Icons(Organization)/Add Contact/Password Field'

2022-12-23 14:22:07 - [TEST_STEP][PASSED] - click(findTestObject("02-Side Icons(Organization)/Add Contact/button_Sign in")): Object: 'Object Repository/02-Side Icons(Organization)/Add Contact/button_Sign in' is clicked on

2022-12-23 14:22:08 - [MESSAGE][PASSED] - Object: 'Object Repository/02-Side Icons(Organization)/Add Contact/button_Sign in' is clicked on

2022-12-23 14:22:08 - [TEST_STEP][PASSED] - delay(2): Delayed 2 second(s)

2022-12-23 14:22:10 - [MESSAGE][PASSED] - Delayed 2 second(s)

2022-12-23 14:22:10 - [TEST_STEP][PASSED] - click(findTestObject("06-Teams/For 2FA/button_Confirm_2FA")): Object: 'Object Repository/06-Teams/For 2FA/button_Confirm_2FA' is clicked on

2022-12-23 14:22:11 - [MESSAGE][PASSED] - Object: 'Object Repository/06-Teams/For 2FA/button_Confirm_2FA' is clicked on

2022-12-23 14:22:11 - [TEST_STEP][PASSED] - executeJavaScript("window.open();", []): Execute JavaScript 'window.open();' successfully

2022-12-23 14:22:11 - [MESSAGE][PASSED] - Execute JavaScript 'window.open();' successfully

2022-12-23 14:22:11 - [TEST_STEP][PASSED] - currentWindow = getWindowIndex(): Current window's index is: 0

2022-12-23 14:22:11 - [MESSAGE][PASSED] - Current window's index is: 0

2022-12-23 14:22:11 - [TEST_STEP][PASSED] - delay(3): Delayed 3 second(s)

2022-12-23 14:22:15 - [MESSAGE][PASSED] - Delayed 3 second(s)

2022-12-23 14:22:15 - [TEST_STEP][PASSED] - switchToWindowIndex(currentWindow + 1): Switched to window with index: '1'

2022-12-23 14:22:15 - [MESSAGE][PASSED] - Switched to window with index: '1'

2022-12-23 14:22:15 - [TEST_STEP][PASSED] - navigateToUrl("https://www.mailinator.com/"): Navigate to 'https://www.mailinator.com/' successfully

2022-12-23 14:22:21 - [MESSAGE][PASSED] - Navigate to 'https://www.mailinator.com/' successfully

2022-12-23 14:22:21 - [TEST_STEP][PASSED] - delay(3): Delayed 3 second(s)

2022-12-23 14:22:24 - [MESSAGE][PASSED] - Delayed 3 second(s)

2022-12-23 14:22:24 - [TEST_STEP][PASSED] - setText(findTestObject("00-Signup and Activation/zMailinator/input_LOGIN_search"), "testuser02@mailinator.com"): Text 'testuser02@mailinator.com' is set on object 'Object Repository/00-Signup and Activation/zMailinator/input_LOGIN_search'

2022-12-23 14:22:25 - [MESSAGE][PASSED] - Text 'testuser02@mailinator.com' is set on object 'Object Repository/00-Signup and Activation/zMailinator/input_LOGIN_search'

2022-12-23 14:22:25 - [TEST_STEP][PASSED] - click(findTestObject("00-Signup and Activation/zMailinator/gobutton"), STOP_ON_FAILURE): Object: 'Object Repository/00-Signup and Activation/zMailinator/gobutton' is clicked on

2022-12-23 14:22:28 - [MESSAGE][PASSED] - Object: 'Object Repository/00-Signup and Activation/zMailinator/gobutton' is clicked on

2022-12-23 14:22:28 - [TEST_STEP][PASSED] - delay(3): Delayed 3 second(s)

2022-12-23 14:22:31 - [MESSAGE][PASSED] - Delayed 3 second(s)

2022-12-23 14:22:31 - [TEST_STEP][PASSED] - click(findTestObject("00-Signup and Activation/zMailinator/Email - everleagues")): Object: 'Object Repository/00-Signup and Activation/zMailinator/Email - everleagues' is clicked on

2022-12-23 14:22:32 - [MESSAGE][PASSED] - Object: 'Object Repository/00-Signup and Activation/zMailinator/Email - everleagues' is clicked on

2022-12-23 14:22:32 - [TEST_STEP][PASSED] - delay(3): Delayed 3 second(s)

2022-12-23 14:22:35 - [MESSAGE][PASSED] - Delayed 3 second(s)

2022-12-23 14:22:35 - [TEST_STEP][PASSED] - code = getText(findTestObject("Object Repository/06-Teams/For 2FA/2FA code")): Text of object 'Object Repository/06-Teams/For 2FA/2FA code' is: '173651'

2022-12-23 14:22:36 - [MESSAGE][PASSED] - Text of object 'Object Repository/06-Teams/For 2FA/2FA code' is: '173651'

2022-12-23 14:22:36 - [TEST_STEP][PASSED] - delay(3): Delayed 3 second(s)

2022-12-23 14:22:39 - [MESSAGE][PASSED] - Delayed 3 second(s)

2022-12-23 14:22:39 - [TEST_STEP][PASSED] - closeWindowTitle("Mailinator"): Window with title: 'Mailinator' is closed

2022-12-23 14:22:39 - [MESSAGE][PASSED] - Window with title: 'Mailinator' is closed

2022-12-23 14:22:39 - [TEST_STEP][PASSED] - delay(3): Delayed 3 second(s)

2022-12-23 14:22:42 - [MESSAGE][PASSED] - Delayed 3 second(s)

2022-12-23 14:22:42 - [TEST_STEP][PASSED] - switchToWindowIndex(0): Switched to window with index: '0'

2022-12-23 14:22:42 - [MESSAGE][PASSED] - Switched to window with index: '0'

2022-12-23 14:22:42 - [TEST_STEP][PASSED] - delay(3): Delayed 3 second(s)

2022-12-23 14:22:45 - [MESSAGE][PASSED] - Delayed 3 second(s)

2022-12-23 14:22:45 - [TEST_STEP][PASSED] - setText(findTestObject("Object Repository/06-Teams/For 2FA/input_Enter verification code_code"), code): Text '173651' is set on object 'Object Repository/06-Teams/For 2FA/input_Enter verification code_code'

2022-12-23 14:22:47 - [MESSAGE][PASSED] - Text '173651' is set on object 'Object Repository/06-Teams/For 2FA/input_Enter verification code_code'

2022-12-23 14:22:47 - [TEST_STEP][PASSED] - delay(3): Delayed 3 second(s)

2022-12-23 14:22:50 - [MESSAGE][PASSED] - Delayed 3 second(s)

2022-12-23 14:22:50 - [TEST_STEP][PASSED] - click(findTestObject("06-Teams/For 2FA/button_Verify_2FA")): Object: 'Object Repository/06-Teams/For 2FA/button_Verify_2FA' is clicked on

2022-12-23 14:22:51 - [MESSAGE][PASSED] - Object: 'Object Repository/06-Teams/For 2FA/button_Verify_2FA' is clicked on

2022-12-23 14:22:51 - [TEST_STEP][PASSED] - delay(5): Delayed 5 second(s)

2022-12-23 14:22:56 - [MESSAGE][PASSED] - Delayed 5 second(s)

2022-12-23 14:22:56 - [TEST_STEP][PASSED] - click(findTestObject("06-Teams/button_doublearrow")): Object: 'Object Repository/06-Teams/button_doublearrow' is clicked on

2022-12-23 14:22:59 - [MESSAGE][PASSED] - Object: 'Object Repository/06-Teams/button_doublearrow' is clicked on

2022-12-23 14:22:59 - [TEST_STEP][PASSED] - click(findTestObject("06-Teams/button_My Organizations")): Object: 'Object Repository/06-Teams/button_My Organizations' is clicked on

2022-12-23 14:22:59 - [MESSAGE][PASSED] - Object: 'Object Repository/06-Teams/button_My Organizations' is clicked on

2022-12-23 14:22:59 - [TEST_STEP][PASSED] - click(findTestObject("06-Teams/button_GG Automation")): Object: 'Object Repository/06-Teams/button_GG Automation' is clicked on

2022-12-23 14:23:00 - [MESSAGE][PASSED] - Object: 'Object Repository/06-Teams/button_GG Automation' is clicked on

2022-12-23 14:23:00 - [TEST_STEP][PASSED] - delay(4): Delayed 4 second(s)

2022-12-23 14:23:04 - [MESSAGE][PASSED] - Delayed 4 second(s)

2022-12-23 14:23:04 - [TEST_STEP][PASSED] - verifyElementVisible(findTestObject("06-Teams/span_GG Automation")): Object 'Object Repository/06-Teams/span_GG Automation' is visible

2022-12-23 14:23:05 - [MESSAGE][PASSED] - Object 'Object Repository/06-Teams/span_GG Automation' is visible

2022-12-23 14:23:05 - [TEST_STEP][PASSED] - delay(5): Delayed 5 second(s)

2022-12-23 14:23:10 - [MESSAGE][PASSED] - Delayed 5 second(s)

2022-12-23 14:23:10 - [TEST_STEP][PASSED] - click(findTestObject("03-Header Menu/Hamburger Button/div_Settings")): Object: 'Object Repository/03-Header Menu/Hamburger Button/div_Settings' is clicked on

2022-12-23 14:23:11 - [MESSAGE][PASSED] - Object: 'Object Repository/03-Header Menu/Hamburger Button/div_Settings' is clicked on

2022-12-23 14:23:11 - [TEST_STEP][PASSED] - verifyElementVisible(findTestObject("09-Settings/Users/div_Organization")): Object 'Object Repository/09-Settings/Users/div_Organization' is visible

2022-12-23 14:23:12 - [MESSAGE][PASSED] - Object 'Object Repository/09-Settings/Users/div_Organization' is visible

2022-12-23 14:23:12 - [TEST_STEP][PASSED] - verifyElementVisible(findTestObject("09-Settings/Users/div_Organization Units")): Object 'Object Repository/09-Settings/Users/div_Organization Units' is visible

2022-12-23 14:23:12 - [MESSAGE][PASSED] - Object 'Object Repository/09-Settings/Users/div_Organization Units' is visible

2022-12-23 14:23:12 - [TEST_STEP][PASSED] - scrollToElement(findTestObject("09-Settings/Users/div_Subscriptions"), 0): Scroll to object 'Object Repository/09-Settings/Users/div_Subscriptions' successfully

2022-12-23 14:23:13 - [MESSAGE][WARNING] - Timeout '0' is invalid. Using default page load timeout: '30'

2022-12-23 14:23:13 - [MESSAGE][PASSED] - Scroll to object 'Object Repository/09-Settings/Users/div_Subscriptions' successfully

2022-12-23 14:23:13 - [TEST_STEP][PASSED] - verifyElementVisible(findTestObject("09-Settings/Users/div_Subscriptions")): Object 'Object Repository/09-Settings/Users/div_Subscriptions' is visible

2022-12-23 14:23:14 - [MESSAGE][PASSED] - Object 'Object Repository/09-Settings/Users/div_Subscriptions' is visible

2022-12-23 14:23:14 - [TEST_STEP][PASSED] - verifyElementVisible(findTestObject("09-Settings/Users/div_Users")): Object 'Object Repository/09-Settings/Users/div_Users' is visible

2022-12-23 14:23:14 - [MESSAGE][PASSED] - Object 'Object Repository/09-Settings/Users/div_Users' is visible

2022-12-23 14:23:14 - [TEST_STEP][PASSED] - delay(3): Delayed 3 second(s)

2022-12-23 14:23:17 - [MESSAGE][PASSED] - Delayed 3 second(s)

2022-12-23 14:23:17 - [TEST_STEP][PASSED] - scrollToElement(findTestObject("09-Settings/Users/div_Organization Units"), 0): Scroll to object 'Object Repository/09-Settings/Users/div_Organization Units' successfully

2022-12-23 14:23:18 - [MESSAGE][WARNING] - Timeout '0' is invalid. Using default page load timeout: '30'

2022-12-23 14:23:18 - [MESSAGE][PASSED] - Scroll to object 'Object Repository/09-Settings/Users/div_Organization Units' successfully

2022-12-23 14:23:18 - [TEST_STEP][PASSED] - click(findTestObject("09-Settings/Users/div_Organization Units")): Object: 'Object Repository/09-Settings/Users/div_Organization Units' is clicked on

2022-12-23 14:23:19 - [MESSAGE][PASSED] - Object: 'Object Repository/09-Settings/Users/div_Organization Units' is clicked on

2022-12-23 14:23:19 - [TEST_STEP][PASSED] - verifyElementVisible(findTestObject("09-Settings/Organization unit/h4_ORGANIZATION STRUCTURE SETUP")): Object 'Object Repository/09-Settings/Organization unit/h4_ORGANIZATION STRUCTURE SETUP' is visible

2022-12-23 14:23:20 - [MESSAGE][PASSED] - Object 'Object Repository/09-Settings/Organization unit/h4_ORGANIZATION STRUCTURE SETUP' is visible

2022-12-23 14:23:20 - [TEST_STEP][PASSED] - delay(3): Delayed 3 second(s)

2022-12-23 14:23:23 - [MESSAGE][PASSED] - Delayed 3 second(s)

2022-12-23 14:23:23 - [TEST_STEP][PASSED] - click(findTestObject("09-Settings/Organization unit/button_add")): Object: 'Object Repository/09-Settings/Organization unit/button_add' is clicked on

2022-12-23 14:23:24 - [MESSAGE][PASSED] - Object: 'Object Repository/09-Settings/Organization unit/button_add' is clicked on

2022-12-23 14:23:24 - [TEST_STEP][PASSED] - verifyElementPresent(findTestObject("09-Settings/Organization unit/mat-dialog-container_Add organization unit modal"), 0): Object 'Object Repository/09-Settings/Organization unit/mat-dialog-container_Add organization unit modal' is present

2022-12-23 14:23:25 - [MESSAGE][WARNING] - Timeout '0' is invalid. Using default page load timeout: '30'

2022-12-23 14:23:26 - [MESSAGE][PASSED] - Object 'Object Repository/09-Settings/Organization unit/mat-dialog-container_Add organization unit modal' is present

2022-12-23 14:23:26 - [TEST_STEP][PASSED] - verifyElementPresent(findTestObject("09-Settings/Organization unit/h4_Name"), 0): Object 'Object Repository/09-Settings/Organization unit/h4_Name' is present

2022-12-23 14:23:26 - [MESSAGE][WARNING] - Timeout '0' is invalid. Using default page load timeout: '30'

2022-12-23 14:23:27 - [MESSAGE][PASSED] - Object 'Object Repository/09-Settings/Organization unit/h4_Name' is present

2022-12-23 14:23:27 - [TEST_STEP][PASSED] - click(findTestObject("09-Settings/Organization unit/mat-icon_create")): Object: 'Object Repository/09-Settings/Organization unit/mat-icon_create' is clicked on

2022-12-23 14:23:28 - [MESSAGE][PASSED] - Object: 'Object Repository/09-Settings/Organization unit/mat-icon_create' is clicked on

2022-12-23 14:23:28 - [TEST_STEP][PASSED] - verifyElementPresent(findTestObject("09-Settings/Organization unit/mat-dialog-container_Select an organization unit modal"), 0): Object 'Object Repository/09-Settings/Organization unit/mat-dialog-container_Select an organization unit modal' is present

2022-12-23 14:23:29 - [MESSAGE][WARNING] - Timeout '0' is invalid. Using default page load timeout: '30'

2022-12-23 14:23:29 - [MESSAGE][PASSED] - Object 'Object Repository/09-Settings/Organization unit/mat-dialog-container_Select an organization unit modal' is present

2022-12-23 14:23:29 - [TEST_STEP][PASSED] - verifyElementPresent(findTestObject("09-Settings/Organization unit/h4_Select an organization unit"), 0): Object 'Object Repository/09-Settings/Organization unit/h4_Select an organization unit' is present

2022-12-23 14:23:29 - [MESSAGE][WARNING] - Timeout '0' is invalid. Using default page load timeout: '30'

2022-12-23 14:23:30 - [MESSAGE][PASSED] - Object 'Object Repository/09-Settings/Organization unit/h4_Select an organization unit' is present

2022-12-23 14:23:30 - [TEST_STEP][PASSED] - delay(3): Delayed 3 second(s)

2022-12-23 14:23:33 - [MESSAGE][PASSED] - Delayed 3 second(s)

2022-12-23 14:23:33 - [TEST_STEP][PASSED] - click(findTestObject("09-Settings/Organization unit/Cancel button for select an organization unit")): Object: 'Object Repository/09-Settings/Organization unit/Cancel button for select an organization unit' is clicked on

2022-12-23 14:23:33 - [MESSAGE][PASSED] - Object: 'Object Repository/09-Settings/Organization unit/Cancel button for select an organization unit' is clicked on

2022-12-23 14:23:33 - [TEST_STEP][PASSED] - delay(4): Delayed 4 second(s)

2022-12-23 14:23:37 - [MESSAGE][PASSED] - Delayed 4 second(s)

2022-12-23 14:23:37 - [TEST_STEP][PASSED] - verifyElementPresent(findTestObject("09-Settings/Organization unit/mat-dialog-container_Add organization unit modal"), 0): Object 'Object Repository/09-Settings/Organization unit/mat-dialog-container_Add organization unit modal' is present

2022-12-23 14:23:38 - [MESSAGE][WARNING] - Timeout '0' is invalid. Using default page load timeout: '30'

2022-12-23 14:23:38 - [MESSAGE][PASSED] - Object 'Object Repository/09-Settings/Organization unit/mat-dialog-container_Add organization unit modal' is present

2022-12-23 14:23:38 - [TEST_STEP][PASSED] - verifyElementPresent(findTestObject("09-Settings/Organization unit/h4_Name"), 0): Object 'Object Repository/09-Settings/Organization unit/h4_Name' is present

2022-12-23 14:23:38 - [MESSAGE][WARNING] - Timeout '0' is invalid. Using default page load timeout: '30'

2022-12-23 14:23:39 - [MESSAGE][PASSED] - Object 'Object Repository/09-Settings/Organization unit/h4_Name' is present

2022-12-23 14:23:39 - [TEST_STEP][PASSED] - click(findTestObject("09-Settings/Organization unit/input_Parent Organization Unit Name_orgName")): Object: 'Object Repository/09-Settings/Organization unit/input_Parent Organization Unit Name_orgName' is clicked on

2022-12-23 14:23:40 - [MESSAGE][PASSED] - Object: 'Object Repository/09-Settings/Organization unit/input_Parent Organization Unit Name_orgName' is clicked on

2022-12-23 14:23:40 - [TEST_STEP][PASSED] - click(findTestObject("09-Settings/Organization unit/mat-dialog-container_Add organization unit modal")): Object: 'Object Repository/09-Settings/Organization unit/mat-dialog-container_Add organization unit modal' is clicked on

2022-12-23 14:23:41 - [MESSAGE][PASSED] - Object: 'Object Repository/09-Settings/Organization unit/mat-dialog-container_Add organization unit modal' is clicked on

2022-12-23 14:23:41 - [TEST_STEP][PASSED] - verifyElementPresent(findTestObject("09-Settings/Organization unit/mat-error_Field is required"), 0): Object 'Object Repository/09-Settings/Organization unit/mat-error_Field is required' is present

2022-12-23 14:23:41 - [MESSAGE][WARNING] - Timeout '0' is invalid. Using default page load timeout: '30'

2022-12-23 14:23:41 - [MESSAGE][PASSED] - Object 'Object Repository/09-Settings/Organization unit/mat-error_Field is required' is present

2022-12-23 14:23:41 - [TEST_STEP][PASSED] - delay(3): Delayed 3 second(s)

2022-12-23 14:23:44 - [MESSAGE][PASSED] - Delayed 3 second(s)

2022-12-23 14:23:44 - [TEST_STEP][PASSED] - click(findTestObject("09-Settings/Users/Active User/button_Cancel_restore")): Object: 'Object Repository/09-Settings/Users/Active User/button_Cancel_restore' is clicked on

2022-12-23 14:23:45 - [MESSAGE][PASSED] - Object: 'Object Repository/09-Settings/Users/Active User/button_Cancel_restore' is clicked on

2022-12-23 14:23:45 - [TEST_STEP][PASSED] - delay(4): Delayed 4 second(s)

2022-12-23 14:23:49 - [MESSAGE][PASSED] - Delayed 4 second(s)

2022-12-23 14:23:49 - [TEST_STEP][PASSED] - click(findTestObject("09-Settings/Organization unit/button_add")): Object: 'Object Repository/09-Settings/Organization unit/button_add' is clicked on

2022-12-23 14:23:50 - [MESSAGE][PASSED] - Object: 'Object Repository/09-Settings/Organization unit/button_add' is clicked on

2022-12-23 14:23:50 - [TEST_STEP][PASSED] - verifyElementPresent(findTestObject("09-Settings/Organization unit/mat-dialog-container_Add organization unit modal"), 0): Object 'Object Repository/09-Settings/Organization unit/mat-dialog-container_Add organization unit modal' is present

2022-12-23 14:23:51 - [MESSAGE][WARNING] - Timeout '0' is invalid. Using default page load timeout: '30'

2022-12-23 14:23:51 - [MESSAGE][PASSED] - Object 'Object Repository/09-Settings/Organization unit/mat-dialog-container_Add organization unit modal' is present

2022-12-23 14:23:51 - [TEST_STEP][PASSED] - verifyElementPresent(findTestObject("09-Settings/Organization unit/h4_Name"), 0): Object 'Object Repository/09-Settings/Organization unit/h4_Name' is present

2022-12-23 14:23:51 - [MESSAGE][WARNING] - Timeout '0' is invalid. Using default page load timeout: '30'

2022-12-23 14:23:52 - [MESSAGE][PASSED] - Object 'Object Repository/09-Settings/Organization unit/h4_Name' is present

2022-12-23 14:23:52 - [TEST_STEP][PASSED] - click(findTestObject("09-Settings/Organization unit/mat-icon_create")): Object: 'Object Repository/09-Settings/Organization unit/mat-icon_create' is clicked on

2022-12-23 14:23:53 - [MESSAGE][PASSED] - Object: 'Object Repository/09-Settings/Organization unit/mat-icon_create' is clicked on

2022-12-23 14:23:53 - [TEST_STEP][PASSED] - verifyElementPresent(findTestObject("09-Settings/Organization unit/mat-dialog-container_Select an organization unit modal"), 0): Object 'Object Repository/09-Settings/Organization unit/mat-dialog-container_Select an organization unit modal' is present

2022-12-23 14:23:53 - [MESSAGE][WARNING] - Timeout '0' is invalid. Using default page load timeout: '30'

2022-12-23 14:23:53 - [MESSAGE][PASSED] - Object 'Object Repository/09-Settings/Organization unit/mat-dialog-container_Select an organization unit modal' is present

2022-12-23 14:23:53 - [TEST_STEP][PASSED] - verifyElementPresent(findTestObject("09-Settings/Organization unit/h4_Select an organization unit"), 0): Object 'Object Repository/09-Settings/Organization unit/h4_Select an organization unit' is present

2022-12-23 14:23:53 - [MESSAGE][WARNING] - Timeout '0' is invalid. Using default page load timeout: '30'

2022-12-23 14:23:54 - [MESSAGE][PASSED] - Object 'Object Repository/09-Settings/Organization unit/h4_Select an organization unit' is present

2022-12-23 14:23:54 - [TEST_STEP][PASSED] - click(findTestObject("09-Settings/Organization unit/div_GG Automation")): Object: 'Object Repository/09-Settings/Organization unit/div_GG Automation' is clicked on

2022-12-23 14:23:55 - [MESSAGE][PASSED] - Object: 'Object Repository/09-Settings/Organization unit/div_GG Automation' is clicked on

2022-12-23 14:23:55 - [TEST_STEP][PASSED] - delay(3): Delayed 3 second(s)

2022-12-23 14:23:58 - [MESSAGE][PASSED] - Delayed 3 second(s)

2022-12-23 14:23:58 - [TEST_STEP][PASSED] - click(findTestObject("09-Settings/Organization unit/button_Select organization")): Object: 'Object Repository/09-Settings/Organization unit/button_Select organization' is clicked on

2022-12-23 14:23:59 - [MESSAGE][PASSED] - Object: 'Object Repository/09-Settings/Organization unit/button_Select organization' is clicked on

2022-12-23 14:23:59 - [TEST_STEP][PASSED] - setText(findTestObject("09-Settings/Organization unit/input_Parent Organization Unit Name_orgName"), "Automation Organization unit"): Text 'Automation Organization unit' is set on object 'Object Repository/09-Settings/Organization unit/input_Parent Organization Unit Name_orgName'

2022-12-23 14:24:01 - [MESSAGE][PASSED] - Text 'Automation Organization unit' is set on object 'Object Repository/09-Settings/Organization unit/input_Parent Organization Unit Name_orgName'

2022-12-23 14:24:01 - [TEST_STEP][PASSED] - delay(3): Delayed 3 second(s)

2022-12-23 14:24:04 - [MESSAGE][PASSED] - Delayed 3 second(s)

2022-12-23 14:24:04 - [TEST_STEP][PASSED] - click(findTestObject("09-Settings/Users/Active User/button_Save")): Object: 'Object Repository/09-Settings/Users/Active User/button_Save' is clicked on

2022-12-23 14:24:05 - [MESSAGE][PASSED] - Object: 'Object Repository/09-Settings/Users/Active User/button_Save' is clicked on

2022-12-23 14:24:05 - [TEST_STEP][PASSED] - verifyElementPresent(findTestObject("09-Settings/Organization unit/span_Successfully added organization unit"), 0): Object 'Object Repository/09-Settings/Organization unit/span_Successfully added organization unit' is present

2022-12-23 14:24:05 - [MESSAGE][WARNING] - Timeout '0' is invalid. Using default page load timeout: '30'

2022-12-23 14:24:07 - [MESSAGE][PASSED] - Object 'Object Repository/09-Settings/Organization unit/span_Successfully added organization unit' is present

2022-12-23 14:24:07 - [TEST_STEP][PASSED] - click(findTestObject("09-Settings/Users/Active User/button_OK")): Object: 'Object Repository/09-Settings/Users/Active User/button_OK' is clicked on

2022-12-23 14:24:08 - [MESSAGE][PASSED] - Object: 'Object Repository/09-Settings/Users/Active User/button_OK' is clicked on

2022-12-23 14:24:08 - [TEST_STEP][PASSED] - delay(3): Delayed 3 second(s)

2022-12-23 14:24:11 - [MESSAGE][PASSED] - Delayed 3 second(s)]]></system-out>
         <system-err><![CDATA[]]></system-err>
      </testcase>
      <testcase name="Test Cases/09-Settings/20 - Organization unit - Join Request Link" time="64.011" classname="Test Cases/09-Settings/20 - Organization unit - Join Request Link" status="PASSED">
         <system-out><![CDATA[2022-12-23 14:24:11 - [TEST_CASE][PASSED] - Test Cases/09-Settings/20 - Organization unit - Join Request Link: Test Cases/09-Settings/20 - Organization unit - Join Request Link

2022-12-23 14:24:14 - [TEST_STEP][PASSED] - delay(3): Delayed 3 second(s)

2022-12-23 14:24:17 - [MESSAGE][PASSED] - Delayed 3 second(s)

2022-12-23 14:24:17 - [TEST_STEP][PASSED] - mouseOver(findTestObject("09-Settings/Organization unit/div_GG TESTER")): Object: 'Object Repository/09-Settings/Organization unit/div_GG TESTER' is hovered

2022-12-23 14:24:18 - [MESSAGE][PASSED] - Object: 'Object Repository/09-Settings/Organization unit/div_GG TESTER' is hovered

2022-12-23 14:24:18 - [TEST_STEP][PASSED] - delay(5): Delayed 5 second(s)

2022-12-23 14:24:23 - [MESSAGE][PASSED] - Delayed 5 second(s)

2022-12-23 14:24:23 - [TEST_STEP][PASSED] - waitForElementClickable(findTestObject("09-Settings/Organization unit/div_GG TESTER"), 0): Object 'Object Repository/09-Settings/Organization unit/div_GG TESTER' is clickable

2022-12-23 14:24:23 - [MESSAGE][WARNING] - Timeout '0' is invalid. Using default page load timeout: '30'

2022-12-23 14:24:24 - [MESSAGE][PASSED] - Object 'Object Repository/09-Settings/Organization unit/div_GG TESTER' is clickable

2022-12-23 14:24:24 - [TEST_STEP][PASSED] - click(findTestObject("09-Settings/Organization unit/div_GG TESTER")): Object: 'Object Repository/09-Settings/Organization unit/div_GG TESTER' is clicked on

2022-12-23 14:24:24 - [MESSAGE][PASSED] - Object: 'Object Repository/09-Settings/Organization unit/div_GG TESTER' is clicked on

2022-12-23 14:24:24 - [TEST_STEP][PASSED] - delay(3): Delayed 3 second(s)

2022-12-23 14:24:27 - [MESSAGE][PASSED] - Delayed 3 second(s)

2022-12-23 14:24:27 - [TEST_STEP][PASSED] - waitForElementVisible(findTestObject("09-Settings/Organization unit/button_link"), 0): Object 'Object Repository/09-Settings/Organization unit/button_link' is visible

2022-12-23 14:24:28 - [MESSAGE][WARNING] - Timeout '0' is invalid. Using default page load timeout: '30'

2022-12-23 14:24:28 - [MESSAGE][PASSED] - Object 'Object Repository/09-Settings/Organization unit/button_link' is visible

2022-12-23 14:24:28 - [TEST_STEP][PASSED] - waitForElementClickable(findTestObject("09-Settings/Organization unit/button_link"), 0): Object 'Object Repository/09-Settings/Organization unit/button_link' is clickable

2022-12-23 14:24:28 - [MESSAGE][WARNING] - Timeout '0' is invalid. Using default page load timeout: '30'

2022-12-23 14:24:29 - [MESSAGE][PASSED] - Object 'Object Repository/09-Settings/Organization unit/button_link' is clickable

2022-12-23 14:24:29 - [TEST_STEP][PASSED] - click(findTestObject("09-Settings/Organization unit/button_link")): Object: 'Object Repository/09-Settings/Organization unit/button_link' is clicked on

2022-12-23 14:24:30 - [MESSAGE][PASSED] - Object: 'Object Repository/09-Settings/Organization unit/button_link' is clicked on

2022-12-23 14:24:30 - [TEST_STEP][PASSED] - verifyElementPresent(findTestObject("09-Settings/Organization unit/mat-dialog-container_Join Request modal"), 0): Object 'Object Repository/09-Settings/Organization unit/mat-dialog-container_Join Request modal' is present

2022-12-23 14:24:30 - [MESSAGE][WARNING] - Timeout '0' is invalid. Using default page load timeout: '30'

2022-12-23 14:24:31 - [MESSAGE][PASSED] - Object 'Object Repository/09-Settings/Organization unit/mat-dialog-container_Join Request modal' is present

2022-12-23 14:24:31 - [TEST_STEP][PASSED] - verifyElementPresent(findTestObject("09-Settings/Organization unit/h2_Join Request"), 0): Object 'Object Repository/09-Settings/Organization unit/h2_Join Request' is present

2022-12-23 14:24:32 - [MESSAGE][WARNING] - Timeout '0' is invalid. Using default page load timeout: '30'

2022-12-23 14:24:32 - [MESSAGE][PASSED] - Object 'Object Repository/09-Settings/Organization unit/h2_Join Request' is present

2022-12-23 14:24:32 - [TEST_STEP][PASSED] - verifyElementPresent(findTestObject("09-Settings/Organization unit/div_Client link"), 0): Object 'Object Repository/09-Settings/Organization unit/div_Client link' is present

2022-12-23 14:24:33 - [MESSAGE][WARNING] - Timeout '0' is invalid. Using default page load timeout: '30'

2022-12-23 14:24:33 - [MESSAGE][PASSED] - Object 'Object Repository/09-Settings/Organization unit/div_Client link' is present

2022-12-23 14:24:33 - [TEST_STEP][PASSED] - verifyElementPresent(findTestObject("09-Settings/Organization unit/div_Partner link"), 0): Object 'Object Repository/09-Settings/Organization unit/div_Partner link' is present

2022-12-23 14:24:33 - [MESSAGE][WARNING] - Timeout '0' is invalid. Using default page load timeout: '30'

2022-12-23 14:24:34 - [MESSAGE][PASSED] - Object 'Object Repository/09-Settings/Organization unit/div_Partner link' is present

2022-12-23 14:24:34 - [TEST_STEP][PASSED] - delay(3): Delayed 3 second(s)

2022-12-23 14:24:37 - [MESSAGE][PASSED] - Delayed 3 second(s)

2022-12-23 14:24:37 - [TEST_STEP][PASSED] - click(findTestObject("09-Settings/Organization unit/button_COPY")): Object: 'Object Repository/09-Settings/Organization unit/button_COPY' is clicked on

2022-12-23 14:24:37 - [MESSAGE][PASSED] - Object: 'Object Repository/09-Settings/Organization unit/button_COPY' is clicked on

2022-12-23 14:24:37 - [TEST_STEP][PASSED] - verifyElementPresent(findTestObject("09-Settings/Organization unit/snack-bar-container_Copy Link"), 0): Object 'Object Repository/09-Settings/Organization unit/snack-bar-container_Copy Link' is present

2022-12-23 14:24:38 - [MESSAGE][WARNING] - Timeout '0' is invalid. Using default page load timeout: '30'

2022-12-23 14:24:38 - [MESSAGE][PASSED] - Object 'Object Repository/09-Settings/Organization unit/snack-bar-container_Copy Link' is present

2022-12-23 14:24:38 - [TEST_STEP][PASSED] - click(findTestObject("09-Settings/Users/Active User/button_OK")): Object: 'Object Repository/09-Settings/Users/Active User/button_OK' is clicked on

2022-12-23 14:24:39 - [MESSAGE][PASSED] - Object: 'Object Repository/09-Settings/Users/Active User/button_OK' is clicked on

2022-12-23 14:24:39 - [TEST_STEP][PASSED] - click(findTestObject("09-Settings/Organization unit/button_Ok")): Object: 'Object Repository/09-Settings/Organization unit/button_Ok' is clicked on

2022-12-23 14:24:40 - [MESSAGE][PASSED] - Object: 'Object Repository/09-Settings/Organization unit/button_Ok' is clicked on

2022-12-23 14:24:40 - [TEST_STEP][PASSED] - delay(3): Delayed 3 second(s)

2022-12-23 14:24:43 - [MESSAGE][PASSED] - Delayed 3 second(s)

2022-12-23 14:24:43 - [TEST_STEP][PASSED] - my_clipboard = getContents(null).getTransferData(stringFlavor): null

2022-12-23 14:24:43 - [TEST_STEP][PASSED] - navigateToUrl(my_clipboard): Navigate to 'https://xukp7.app.goo.gl/Tosa' successfully

2022-12-23 14:25:06 - [MESSAGE][PASSED] - Navigate to 'https://xukp7.app.goo.gl/Tosa' successfully

2022-12-23 14:25:06 - [TEST_STEP][PASSED] - delay(3): Delayed 3 second(s)

2022-12-23 14:25:09 - [MESSAGE][PASSED] - Delayed 3 second(s)

2022-12-23 14:25:09 - [TEST_STEP][PASSED] - verifyElementPresent(findTestObject("09-Settings/Organization unit/mat_card_join request link"), 0): Object 'Object Repository/09-Settings/Organization unit/mat_card_join request link' is present

2022-12-23 14:25:09 - [MESSAGE][WARNING] - Timeout '0' is invalid. Using default page load timeout: '30'

2022-12-23 14:25:10 - [MESSAGE][PASSED] - Object 'Object Repository/09-Settings/Organization unit/mat_card_join request link' is present

2022-12-23 14:25:10 - [TEST_STEP][PASSED] - delay(3): Delayed 3 second(s)

2022-12-23 14:25:13 - [MESSAGE][PASSED] - Delayed 3 second(s)

2022-12-23 14:25:13 - [TEST_STEP][PASSED] - closeBrowser(): Browser is closed

2022-12-23 14:25:15 - [MESSAGE][PASSED] - Browser is closed]]></system-out>
         <system-err><![CDATA[]]></system-err>
      </testcase>
      <testcase name="Test Cases/09-Settings/21 - Organization unit - Edit Oganization unit" time="163.803" classname="Test Cases/09-Settings/21 - Organization unit - Edit Oganization unit" status="PASSED">
         <system-out><![CDATA[2022-12-23 14:25:15 - [TEST_CASE][PASSED] - Test Cases/09-Settings/21 - Organization unit - Edit Oganization unit: Test Cases/09-Settings/21 - Organization unit - Edit Oganization unit

2022-12-23 14:25:17 - [TEST_STEP][PASSED] - openBrowser(""): Browser is opened with url: ''

2022-12-23 14:25:17 - [MESSAGE][INFO] - Starting 'Chrome' driver

2022-12-23 14:25:17 - [MESSAGE][INFO] - Action delay is set to 0 milliseconds

2022-12-23 14:25:20 - [MESSAGE][PASSED] - Browser is opened with url: ''

2022-12-23 14:25:20 - [TEST_STEP][PASSED] - navigateToUrl("https://lab.everleagues.com/"): Navigate to 'https://lab.everleagues.com/' successfully

2022-12-23 14:25:41 - [MESSAGE][PASSED] - Navigate to 'https://lab.everleagues.com/' successfully

2022-12-23 14:25:41 - [TEST_STEP][PASSED] - maximizeWindow(): Current window maximized

2022-12-23 14:25:42 - [MESSAGE][PASSED] - Current window maximized

2022-12-23 14:25:42 - [TEST_STEP][PASSED] - setText(findTestObject("02-Side Icons(Organization)/Add Contact/Email Field"), "testuser02@mailinator.com"): Text 'testuser02@mailinator.com' is set on object 'Object Repository/02-Side Icons(Organization)/Add Contact/Email Field'

2022-12-23 14:25:44 - [MESSAGE][PASSED] - Text 'testuser02@mailinator.com' is set on object 'Object Repository/02-Side Icons(Organization)/Add Contact/Email Field'

2022-12-23 14:25:44 - [TEST_STEP][PASSED] - setEncryptedText(findTestObject("02-Side Icons(Organization)/Add Contact/Password Field"), "8yFRyszE6U6jvsCn51OQbg=="): Text ****** has been set on object 'Object Repository/02-Side Icons(Organization)/Add Contact/Password Field'

2022-12-23 14:25:46 - [MESSAGE][PASSED] - Text ****** has been set on object 'Object Repository/02-Side Icons(Organization)/Add Contact/Password Field'

2022-12-23 14:25:46 - [TEST_STEP][PASSED] - click(findTestObject("02-Side Icons(Organization)/Add Contact/button_Sign in")): Object: 'Object Repository/02-Side Icons(Organization)/Add Contact/button_Sign in' is clicked on

2022-12-23 14:25:47 - [MESSAGE][PASSED] - Object: 'Object Repository/02-Side Icons(Organization)/Add Contact/button_Sign in' is clicked on

2022-12-23 14:25:47 - [TEST_STEP][PASSED] - delay(2): Delayed 2 second(s)

2022-12-23 14:25:49 - [MESSAGE][PASSED] - Delayed 2 second(s)

2022-12-23 14:25:49 - [TEST_STEP][PASSED] - click(findTestObject("06-Teams/For 2FA/button_Confirm_2FA")): Object: 'Object Repository/06-Teams/For 2FA/button_Confirm_2FA' is clicked on

2022-12-23 14:25:50 - [MESSAGE][PASSED] - Object: 'Object Repository/06-Teams/For 2FA/button_Confirm_2FA' is clicked on

2022-12-23 14:25:50 - [TEST_STEP][PASSED] - executeJavaScript("window.open();", []): Execute JavaScript 'window.open();' successfully

2022-12-23 14:25:50 - [MESSAGE][PASSED] - Execute JavaScript 'window.open();' successfully

2022-12-23 14:25:50 - [TEST_STEP][PASSED] - currentWindow = getWindowIndex(): Current window's index is: 0

2022-12-23 14:25:50 - [MESSAGE][PASSED] - Current window's index is: 0

2022-12-23 14:25:50 - [TEST_STEP][PASSED] - delay(3): Delayed 3 second(s)

2022-12-23 14:25:53 - [MESSAGE][PASSED] - Delayed 3 second(s)

2022-12-23 14:25:53 - [TEST_STEP][PASSED] - switchToWindowIndex(currentWindow + 1): Switched to window with index: '1'

2022-12-23 14:25:54 - [MESSAGE][PASSED] - Switched to window with index: '1'

2022-12-23 14:25:54 - [TEST_STEP][PASSED] - navigateToUrl("https://www.mailinator.com/"): Navigate to 'https://www.mailinator.com/' successfully

2022-12-23 14:26:02 - [MESSAGE][PASSED] - Navigate to 'https://www.mailinator.com/' successfully

2022-12-23 14:26:02 - [TEST_STEP][PASSED] - delay(3): Delayed 3 second(s)

2022-12-23 14:26:05 - [MESSAGE][PASSED] - Delayed 3 second(s)

2022-12-23 14:26:05 - [TEST_STEP][PASSED] - setText(findTestObject("00-Signup and Activation/zMailinator/input_LOGIN_search"), "testuser02@mailinator.com"): Text 'testuser02@mailinator.com' is set on object 'Object Repository/00-Signup and Activation/zMailinator/input_LOGIN_search'

2022-12-23 14:26:07 - [MESSAGE][PASSED] - Text 'testuser02@mailinator.com' is set on object 'Object Repository/00-Signup and Activation/zMailinator/input_LOGIN_search'

2022-12-23 14:26:07 - [TEST_STEP][PASSED] - click(findTestObject("00-Signup and Activation/zMailinator/gobutton"), STOP_ON_FAILURE): Object: 'Object Repository/00-Signup and Activation/zMailinator/gobutton' is clicked on

2022-12-23 14:26:10 - [MESSAGE][PASSED] - Object: 'Object Repository/00-Signup and Activation/zMailinator/gobutton' is clicked on

2022-12-23 14:26:10 - [TEST_STEP][PASSED] - delay(3): Delayed 3 second(s)

2022-12-23 14:26:13 - [MESSAGE][PASSED] - Delayed 3 second(s)

2022-12-23 14:26:13 - [TEST_STEP][PASSED] - click(findTestObject("00-Signup and Activation/zMailinator/Email - everleagues")): Object: 'Object Repository/00-Signup and Activation/zMailinator/Email - everleagues' is clicked on

2022-12-23 14:26:14 - [MESSAGE][PASSED] - Object: 'Object Repository/00-Signup and Activation/zMailinator/Email - everleagues' is clicked on

2022-12-23 14:26:14 - [TEST_STEP][PASSED] - delay(3): Delayed 3 second(s)

2022-12-23 14:26:17 - [MESSAGE][PASSED] - Delayed 3 second(s)

2022-12-23 14:26:17 - [TEST_STEP][PASSED] - code = getText(findTestObject("Object Repository/06-Teams/For 2FA/2FA code")): Text of object 'Object Repository/06-Teams/For 2FA/2FA code' is: '134598'

2022-12-23 14:26:18 - [MESSAGE][PASSED] - Text of object 'Object Repository/06-Teams/For 2FA/2FA code' is: '134598'

2022-12-23 14:26:18 - [TEST_STEP][PASSED] - delay(3): Delayed 3 second(s)

2022-12-23 14:26:21 - [MESSAGE][PASSED] - Delayed 3 second(s)

2022-12-23 14:26:21 - [TEST_STEP][PASSED] - closeWindowTitle("Mailinator"): Window with title: 'Mailinator' is closed

2022-12-23 14:26:22 - [MESSAGE][PASSED] - Window with title: 'Mailinator' is closed

2022-12-23 14:26:22 - [TEST_STEP][PASSED] - delay(3): Delayed 3 second(s)

2022-12-23 14:26:25 - [MESSAGE][PASSED] - Delayed 3 second(s)

2022-12-23 14:26:25 - [TEST_STEP][PASSED] - switchToWindowIndex(0): Switched to window with index: '0'

2022-12-23 14:26:25 - [MESSAGE][PASSED] - Switched to window with index: '0'

2022-12-23 14:26:25 - [TEST_STEP][PASSED] - delay(3): Delayed 3 second(s)

2022-12-23 14:26:28 - [MESSAGE][PASSED] - Delayed 3 second(s)

2022-12-23 14:26:28 - [TEST_STEP][PASSED] - setText(findTestObject("Object Repository/06-Teams/For 2FA/input_Enter verification code_code"), code): Text '134598' is set on object 'Object Repository/06-Teams/For 2FA/input_Enter verification code_code'

2022-12-23 14:26:29 - [MESSAGE][PASSED] - Text '134598' is set on object 'Object Repository/06-Teams/For 2FA/input_Enter verification code_code'

2022-12-23 14:26:29 - [TEST_STEP][PASSED] - delay(3): Delayed 3 second(s)

2022-12-23 14:26:32 - [MESSAGE][PASSED] - Delayed 3 second(s)

2022-12-23 14:26:32 - [TEST_STEP][PASSED] - click(findTestObject("06-Teams/For 2FA/button_Verify_2FA")): Object: 'Object Repository/06-Teams/For 2FA/button_Verify_2FA' is clicked on

2022-12-23 14:26:33 - [MESSAGE][PASSED] - Object: 'Object Repository/06-Teams/For 2FA/button_Verify_2FA' is clicked on

2022-12-23 14:26:33 - [TEST_STEP][PASSED] - delay(5): Delayed 5 second(s)

2022-12-23 14:26:38 - [MESSAGE][PASSED] - Delayed 5 second(s)

2022-12-23 14:26:38 - [TEST_STEP][PASSED] - click(findTestObject("06-Teams/button_doublearrow")): Object: 'Object Repository/06-Teams/button_doublearrow' is clicked on

2022-12-23 14:26:40 - [MESSAGE][PASSED] - Object: 'Object Repository/06-Teams/button_doublearrow' is clicked on

2022-12-23 14:26:40 - [TEST_STEP][PASSED] - click(findTestObject("06-Teams/button_My Organizations")): Object: 'Object Repository/06-Teams/button_My Organizations' is clicked on

2022-12-23 14:26:41 - [MESSAGE][PASSED] - Object: 'Object Repository/06-Teams/button_My Organizations' is clicked on

2022-12-23 14:26:41 - [TEST_STEP][PASSED] - click(findTestObject("06-Teams/button_GG Automation")): Object: 'Object Repository/06-Teams/button_GG Automation' is clicked on

2022-12-23 14:26:42 - [MESSAGE][PASSED] - Object: 'Object Repository/06-Teams/button_GG Automation' is clicked on

2022-12-23 14:26:42 - [TEST_STEP][PASSED] - delay(4): Delayed 4 second(s)

2022-12-23 14:26:46 - [MESSAGE][PASSED] - Delayed 4 second(s)

2022-12-23 14:26:46 - [TEST_STEP][PASSED] - verifyElementVisible(findTestObject("06-Teams/span_GG Automation")): Object 'Object Repository/06-Teams/span_GG Automation' is visible

2022-12-23 14:26:46 - [MESSAGE][PASSED] - Object 'Object Repository/06-Teams/span_GG Automation' is visible

2022-12-23 14:26:46 - [TEST_STEP][PASSED] - delay(5): Delayed 5 second(s)

2022-12-23 14:26:51 - [MESSAGE][PASSED] - Delayed 5 second(s)

2022-12-23 14:26:51 - [TEST_STEP][PASSED] - click(findTestObject("03-Header Menu/Hamburger Button/div_Settings")): Object: 'Object Repository/03-Header Menu/Hamburger Button/div_Settings' is clicked on

2022-12-23 14:26:52 - [MESSAGE][PASSED] - Object: 'Object Repository/03-Header Menu/Hamburger Button/div_Settings' is clicked on

2022-12-23 14:26:52 - [TEST_STEP][PASSED] - verifyElementVisible(findTestObject("09-Settings/Users/div_Organization")): Object 'Object Repository/09-Settings/Users/div_Organization' is visible

2022-12-23 14:26:53 - [MESSAGE][PASSED] - Object 'Object Repository/09-Settings/Users/div_Organization' is visible

2022-12-23 14:26:53 - [TEST_STEP][PASSED] - verifyElementVisible(findTestObject("09-Settings/Users/div_Organization Units")): Object 'Object Repository/09-Settings/Users/div_Organization Units' is visible

2022-12-23 14:26:54 - [MESSAGE][PASSED] - Object 'Object Repository/09-Settings/Users/div_Organization Units' is visible

2022-12-23 14:26:54 - [TEST_STEP][PASSED] - scrollToElement(findTestObject("09-Settings/Users/div_Subscriptions"), 0): Scroll to object 'Object Repository/09-Settings/Users/div_Subscriptions' successfully

2022-12-23 14:26:54 - [MESSAGE][WARNING] - Timeout '0' is invalid. Using default page load timeout: '30'

2022-12-23 14:26:54 - [MESSAGE][PASSED] - Scroll to object 'Object Repository/09-Settings/Users/div_Subscriptions' successfully

2022-12-23 14:26:54 - [TEST_STEP][PASSED] - verifyElementVisible(findTestObject("09-Settings/Users/div_Subscriptions")): Object 'Object Repository/09-Settings/Users/div_Subscriptions' is visible

2022-12-23 14:26:55 - [MESSAGE][PASSED] - Object 'Object Repository/09-Settings/Users/div_Subscriptions' is visible

2022-12-23 14:26:55 - [TEST_STEP][PASSED] - verifyElementVisible(findTestObject("09-Settings/Users/div_Users")): Object 'Object Repository/09-Settings/Users/div_Users' is visible

2022-12-23 14:26:56 - [MESSAGE][PASSED] - Object 'Object Repository/09-Settings/Users/div_Users' is visible

2022-12-23 14:26:56 - [TEST_STEP][PASSED] - delay(3): Delayed 3 second(s)

2022-12-23 14:26:59 - [MESSAGE][PASSED] - Delayed 3 second(s)

2022-12-23 14:26:59 - [TEST_STEP][PASSED] - scrollToElement(findTestObject("09-Settings/Users/div_Organization Units"), 0): Scroll to object 'Object Repository/09-Settings/Users/div_Organization Units' successfully

2022-12-23 14:26:59 - [MESSAGE][WARNING] - Timeout '0' is invalid. Using default page load timeout: '30'

2022-12-23 14:26:59 - [MESSAGE][PASSED] - Scroll to object 'Object Repository/09-Settings/Users/div_Organization Units' successfully

2022-12-23 14:26:59 - [TEST_STEP][PASSED] - click(findTestObject("09-Settings/Users/div_Organization Units")): Object: 'Object Repository/09-Settings/Users/div_Organization Units' is clicked on

2022-12-23 14:27:01 - [MESSAGE][PASSED] - Object: 'Object Repository/09-Settings/Users/div_Organization Units' is clicked on

2022-12-23 14:27:01 - [TEST_STEP][PASSED] - verifyElementVisible(findTestObject("09-Settings/Organization unit/h4_ORGANIZATION STRUCTURE SETUP")): Object 'Object Repository/09-Settings/Organization unit/h4_ORGANIZATION STRUCTURE SETUP' is visible

2022-12-23 14:27:02 - [MESSAGE][PASSED] - Object 'Object Repository/09-Settings/Organization unit/h4_ORGANIZATION STRUCTURE SETUP' is visible

2022-12-23 14:27:02 - [TEST_STEP][PASSED] - delay(3): Delayed 3 second(s)

2022-12-23 14:27:05 - [MESSAGE][PASSED] - Delayed 3 second(s)

2022-12-23 14:27:05 - [TEST_STEP][PASSED] - mouseOver(findTestObject("09-Settings/Organization unit/div_GG TESTER")): Object: 'Object Repository/09-Settings/Organization unit/div_GG TESTER' is hovered

2022-12-23 14:27:06 - [MESSAGE][PASSED] - Object: 'Object Repository/09-Settings/Organization unit/div_GG TESTER' is hovered

2022-12-23 14:27:06 - [TEST_STEP][PASSED] - delay(5): Delayed 5 second(s)

2022-12-23 14:27:11 - [MESSAGE][PASSED] - Delayed 5 second(s)

2022-12-23 14:27:11 - [TEST_STEP][PASSED] - waitForElementClickable(findTestObject("09-Settings/Organization unit/div_GG TESTER"), 0): Object 'Object Repository/09-Settings/Organization unit/div_GG TESTER' is clickable

2022-12-23 14:27:11 - [MESSAGE][WARNING] - Timeout '0' is invalid. Using default page load timeout: '30'

2022-12-23 14:27:12 - [MESSAGE][PASSED] - Object 'Object Repository/09-Settings/Organization unit/div_GG TESTER' is clickable

2022-12-23 14:27:12 - [TEST_STEP][PASSED] - click(findTestObject("09-Settings/Organization unit/div_GG TESTER")): Object: 'Object Repository/09-Settings/Organization unit/div_GG TESTER' is clicked on

2022-12-23 14:27:13 - [MESSAGE][PASSED] - Object: 'Object Repository/09-Settings/Organization unit/div_GG TESTER' is clicked on

2022-12-23 14:27:13 - [TEST_STEP][PASSED] - delay(3): Delayed 3 second(s)

2022-12-23 14:27:16 - [MESSAGE][PASSED] - Delayed 3 second(s)

2022-12-23 14:27:16 - [TEST_STEP][PASSED] - waitForElementVisible(findTestObject("09-Settings/Users/Active User/button_ellipses"), 0): Object 'Object Repository/09-Settings/Users/Active User/button_ellipses' is visible

2022-12-23 14:27:16 - [MESSAGE][WARNING] - Timeout '0' is invalid. Using default page load timeout: '30'

2022-12-23 14:27:17 - [MESSAGE][PASSED] - Object 'Object Repository/09-Settings/Users/Active User/button_ellipses' is visible

2022-12-23 14:27:17 - [TEST_STEP][PASSED] - waitForElementClickable(findTestObject("09-Settings/Users/Active User/button_ellipses"), 0): Object 'Object Repository/09-Settings/Users/Active User/button_ellipses' is clickable

2022-12-23 14:27:17 - [MESSAGE][WARNING] - Timeout '0' is invalid. Using default page load timeout: '30'

2022-12-23 14:27:17 - [MESSAGE][PASSED] - Object 'Object Repository/09-Settings/Users/Active User/button_ellipses' is clickable

2022-12-23 14:27:17 - [TEST_STEP][PASSED] - click(findTestObject("09-Settings/Users/Active User/button_ellipses")): Object: 'Object Repository/09-Settings/Users/Active User/button_ellipses' is clicked on

2022-12-23 14:27:18 - [MESSAGE][PASSED] - Object: 'Object Repository/09-Settings/Users/Active User/button_ellipses' is clicked on

2022-12-23 14:27:18 - [TEST_STEP][PASSED] - click(findTestObject("09-Settings/Organization unit/button_Edit Organization Unit")): Object: 'Object Repository/09-Settings/Organization unit/button_Edit Organization Unit' is clicked on

2022-12-23 14:27:19 - [MESSAGE][PASSED] - Object: 'Object Repository/09-Settings/Organization unit/button_Edit Organization Unit' is clicked on

2022-12-23 14:27:19 - [TEST_STEP][PASSED] - verifyElementVisible(findTestObject("09-Settings/Organization unit/mat-dialog-container_Edit Organization Unit modal"), STOP_ON_FAILURE): Object 'Object Repository/09-Settings/Organization unit/mat-dialog-container_Edit Organization Unit modal' is visible

2022-12-23 14:27:20 - [MESSAGE][PASSED] - Object 'Object Repository/09-Settings/Organization unit/mat-dialog-container_Edit Organization Unit modal' is visible

2022-12-23 14:27:20 - [TEST_STEP][PASSED] - verifyElementVisible(findTestObject("09-Settings/Organization unit/h4_Edit Organization Unit"), STOP_ON_FAILURE): Object 'Object Repository/09-Settings/Organization unit/h4_Edit Organization Unit' is visible

2022-12-23 14:27:21 - [MESSAGE][PASSED] - Object 'Object Repository/09-Settings/Organization unit/h4_Edit Organization Unit' is visible

2022-12-23 14:27:21 - [TEST_STEP][PASSED] - verifyElementVisible(findTestObject("09-Settings/Organization unit/input_Edit Organization Unit_orgName"), STOP_ON_FAILURE): Object 'Object Repository/09-Settings/Organization unit/input_Edit Organization Unit_orgName' is visible

2022-12-23 14:27:22 - [MESSAGE][PASSED] - Object 'Object Repository/09-Settings/Organization unit/input_Edit Organization Unit_orgName' is visible

2022-12-23 14:27:22 - [TEST_STEP][PASSED] - click(findTestObject("09-Settings/Users/Active User/button_Cancel_restore"), STOP_ON_FAILURE): Object: 'Object Repository/09-Settings/Users/Active User/button_Cancel_restore' is clicked on

2022-12-23 14:27:23 - [MESSAGE][PASSED] - Object: 'Object Repository/09-Settings/Users/Active User/button_Cancel_restore' is clicked on

2022-12-23 14:27:23 - [TEST_STEP][PASSED] - delay(3): Delayed 3 second(s)

2022-12-23 14:27:26 - [MESSAGE][PASSED] - Delayed 3 second(s)

2022-12-23 14:27:26 - [TEST_STEP][PASSED] - mouseOver(findTestObject("09-Settings/Organization unit/div_GG TESTER")): Object: 'Object Repository/09-Settings/Organization unit/div_GG TESTER' is hovered

2022-12-23 14:27:27 - [MESSAGE][PASSED] - Object: 'Object Repository/09-Settings/Organization unit/div_GG TESTER' is hovered

2022-12-23 14:27:27 - [TEST_STEP][PASSED] - click(findTestObject("09-Settings/Users/Active User/button_ellipses")): Object: 'Object Repository/09-Settings/Users/Active User/button_ellipses' is clicked on

2022-12-23 14:27:27 - [MESSAGE][PASSED] - Object: 'Object Repository/09-Settings/Users/Active User/button_ellipses' is clicked on

2022-12-23 14:27:27 - [TEST_STEP][PASSED] - click(findTestObject("09-Settings/Organization unit/button_Edit Organization Unit")): Object: 'Object Repository/09-Settings/Organization unit/button_Edit Organization Unit' is clicked on

2022-12-23 14:27:28 - [MESSAGE][PASSED] - Object: 'Object Repository/09-Settings/Organization unit/button_Edit Organization Unit' is clicked on

2022-12-23 14:27:28 - [TEST_STEP][PASSED] - verifyElementVisible(findTestObject("09-Settings/Organization unit/mat-dialog-container_Edit Organization Unit modal"), STOP_ON_FAILURE): Object 'Object Repository/09-Settings/Organization unit/mat-dialog-container_Edit Organization Unit modal' is visible

2022-12-23 14:27:29 - [MESSAGE][PASSED] - Object 'Object Repository/09-Settings/Organization unit/mat-dialog-container_Edit Organization Unit modal' is visible

2022-12-23 14:27:29 - [TEST_STEP][PASSED] - verifyElementVisible(findTestObject("09-Settings/Organization unit/h4_Edit Organization Unit"), STOP_ON_FAILURE): Object 'Object Repository/09-Settings/Organization unit/h4_Edit Organization Unit' is visible

2022-12-23 14:27:30 - [MESSAGE][PASSED] - Object 'Object Repository/09-Settings/Organization unit/h4_Edit Organization Unit' is visible

2022-12-23 14:27:30 - [TEST_STEP][PASSED] - setText(findTestObject("09-Settings/Organization unit/input_Edit Organization Unit_orgName"), "Automation Organization unit EDIT"): Text 'Automation Organization unit EDIT' is set on object 'Object Repository/09-Settings/Organization unit/input_Edit Organization Unit_orgName'

2022-12-23 14:27:33 - [MESSAGE][PASSED] - Text 'Automation Organization unit EDIT' is set on object 'Object Repository/09-Settings/Organization unit/input_Edit Organization Unit_orgName'

2022-12-23 14:27:33 - [TEST_STEP][PASSED] - delay(3): Delayed 3 second(s)

2022-12-23 14:27:36 - [MESSAGE][PASSED] - Delayed 3 second(s)

2022-12-23 14:27:36 - [TEST_STEP][PASSED] - click(findTestObject("09-Settings/Users/Active User/button_Save")): Object: 'Object Repository/09-Settings/Users/Active User/button_Save' is clicked on

2022-12-23 14:27:37 - [MESSAGE][PASSED] - Object: 'Object Repository/09-Settings/Users/Active User/button_Save' is clicked on

2022-12-23 14:27:37 - [TEST_STEP][PASSED] - delay(3): Delayed 3 second(s)

2022-12-23 14:27:40 - [MESSAGE][PASSED] - Delayed 3 second(s)

2022-12-23 14:27:40 - [TEST_STEP][PASSED] - mouseOver(findTestObject("09-Settings/Organization unit/div_GG TESTER")): Object: 'Object Repository/09-Settings/Organization unit/div_GG TESTER' is hovered

2022-12-23 14:27:41 - [MESSAGE][PASSED] - Object: 'Object Repository/09-Settings/Organization unit/div_GG TESTER' is hovered

2022-12-23 14:27:41 - [TEST_STEP][PASSED] - click(findTestObject("09-Settings/Users/Active User/button_ellipses")): Object: 'Object Repository/09-Settings/Users/Active User/button_ellipses' is clicked on

2022-12-23 14:27:42 - [MESSAGE][PASSED] - Object: 'Object Repository/09-Settings/Users/Active User/button_ellipses' is clicked on

2022-12-23 14:27:42 - [TEST_STEP][PASSED] - click(findTestObject("09-Settings/Organization unit/button_Edit Organization Unit")): Object: 'Object Repository/09-Settings/Organization unit/button_Edit Organization Unit' is clicked on

2022-12-23 14:27:43 - [MESSAGE][PASSED] - Object: 'Object Repository/09-Settings/Organization unit/button_Edit Organization Unit' is clicked on

2022-12-23 14:27:43 - [TEST_STEP][PASSED] - verifyElementVisible(findTestObject("09-Settings/Organization unit/mat-dialog-container_Edit Organization Unit modal"), STOP_ON_FAILURE): Object 'Object Repository/09-Settings/Organization unit/mat-dialog-container_Edit Organization Unit modal' is visible

2022-12-23 14:27:44 - [MESSAGE][PASSED] - Object 'Object Repository/09-Settings/Organization unit/mat-dialog-container_Edit Organization Unit modal' is visible

2022-12-23 14:27:44 - [TEST_STEP][PASSED] - verifyElementVisible(findTestObject("09-Settings/Organization unit/h4_Edit Organization Unit"), STOP_ON_FAILURE): Object 'Object Repository/09-Settings/Organization unit/h4_Edit Organization Unit' is visible

2022-12-23 14:27:45 - [MESSAGE][PASSED] - Object 'Object Repository/09-Settings/Organization unit/h4_Edit Organization Unit' is visible

2022-12-23 14:27:45 - [TEST_STEP][PASSED] - setText(findTestObject("09-Settings/Organization unit/input_Edit Organization Unit_orgName"), "Automation Organization unit"): Text 'Automation Organization unit' is set on object 'Object Repository/09-Settings/Organization unit/input_Edit Organization Unit_orgName'

2022-12-23 14:27:47 - [MESSAGE][PASSED] - Text 'Automation Organization unit' is set on object 'Object Repository/09-Settings/Organization unit/input_Edit Organization Unit_orgName'

2022-12-23 14:27:47 - [TEST_STEP][PASSED] - delay(3): Delayed 3 second(s)

2022-12-23 14:27:50 - [MESSAGE][PASSED] - Delayed 3 second(s)

2022-12-23 14:27:50 - [TEST_STEP][PASSED] - click(findTestObject("09-Settings/Users/Active User/button_Save")): Object: 'Object Repository/09-Settings/Users/Active User/button_Save' is clicked on

2022-12-23 14:27:53 - [MESSAGE][PASSED] - Object: 'Object Repository/09-Settings/Users/Active User/button_Save' is clicked on

2022-12-23 14:27:53 - [TEST_STEP][PASSED] - delay(3): Delayed 3 second(s)

2022-12-23 14:27:56 - [MESSAGE][PASSED] - Delayed 3 second(s)

2022-12-23 14:27:56 - [TEST_STEP][PASSED] - delay(3): Delayed 3 second(s)

2022-12-23 14:27:59 - [MESSAGE][PASSED] - Delayed 3 second(s)]]></system-out>
         <system-err><![CDATA[]]></system-err>
      </testcase>
      <testcase name="Test Cases/09-Settings/22 - Organization unit - Delete Organization unit" time="38.692" classname="Test Cases/09-Settings/22 - Organization unit - Delete Organization unit" status="PASSED">
         <system-out><![CDATA[2022-12-23 14:27:59 - [TEST_CASE][PASSED] - Test Cases/09-Settings/22 - Organization unit - Delete Organization unit: Test Cases/09-Settings/22 - Organization unit - Delete Organization unit

2022-12-23 14:28:01 - [TEST_STEP][PASSED] - delay(3): Delayed 3 second(s)

2022-12-23 14:28:04 - [MESSAGE][PASSED] - Delayed 3 second(s)

2022-12-23 14:28:04 - [TEST_STEP][PASSED] - mouseOver(findTestObject("09-Settings/Organization unit/div_GG TESTER")): Object: 'Object Repository/09-Settings/Organization unit/div_GG TESTER' is hovered

2022-12-23 14:28:05 - [MESSAGE][PASSED] - Object: 'Object Repository/09-Settings/Organization unit/div_GG TESTER' is hovered

2022-12-23 14:28:05 - [TEST_STEP][PASSED] - delay(5): Delayed 5 second(s)

2022-12-23 14:28:10 - [MESSAGE][PASSED] - Delayed 5 second(s)

2022-12-23 14:28:10 - [TEST_STEP][PASSED] - waitForElementClickable(findTestObject("09-Settings/Organization unit/div_GG TESTER"), 0): Object 'Object Repository/09-Settings/Organization unit/div_GG TESTER' is clickable

2022-12-23 14:28:10 - [MESSAGE][WARNING] - Timeout '0' is invalid. Using default page load timeout: '30'

2022-12-23 14:28:11 - [MESSAGE][PASSED] - Object 'Object Repository/09-Settings/Organization unit/div_GG TESTER' is clickable

2022-12-23 14:28:11 - [TEST_STEP][PASSED] - click(findTestObject("09-Settings/Organization unit/div_GG TESTER")): Object: 'Object Repository/09-Settings/Organization unit/div_GG TESTER' is clicked on

2022-12-23 14:28:12 - [MESSAGE][PASSED] - Object: 'Object Repository/09-Settings/Organization unit/div_GG TESTER' is clicked on

2022-12-23 14:28:12 - [TEST_STEP][PASSED] - delay(3): Delayed 3 second(s)

2022-12-23 14:28:15 - [MESSAGE][PASSED] - Delayed 3 second(s)

2022-12-23 14:28:15 - [TEST_STEP][PASSED] - waitForElementVisible(findTestObject("09-Settings/Users/Active User/button_ellipses"), 0): Object 'Object Repository/09-Settings/Users/Active User/button_ellipses' is visible

2022-12-23 14:28:15 - [MESSAGE][WARNING] - Timeout '0' is invalid. Using default page load timeout: '30'

2022-12-23 14:28:16 - [MESSAGE][PASSED] - Object 'Object Repository/09-Settings/Users/Active User/button_ellipses' is visible

2022-12-23 14:28:16 - [TEST_STEP][PASSED] - waitForElementClickable(findTestObject("09-Settings/Users/Active User/button_ellipses"), 0): Object 'Object Repository/09-Settings/Users/Active User/button_ellipses' is clickable

2022-12-23 14:28:16 - [MESSAGE][WARNING] - Timeout '0' is invalid. Using default page load timeout: '30'

2022-12-23 14:28:16 - [MESSAGE][PASSED] - Object 'Object Repository/09-Settings/Users/Active User/button_ellipses' is clickable

2022-12-23 14:28:16 - [TEST_STEP][PASSED] - click(findTestObject("09-Settings/Users/Active User/button_ellipses")): Object: 'Object Repository/09-Settings/Users/Active User/button_ellipses' is clicked on

2022-12-23 14:28:17 - [MESSAGE][PASSED] - Object: 'Object Repository/09-Settings/Users/Active User/button_ellipses' is clicked on

2022-12-23 14:28:17 - [TEST_STEP][PASSED] - click(findTestObject("09-Settings/Organization unit/button_Delete Organization Unit")): Object: 'Object Repository/09-Settings/Organization unit/button_Delete Organization Unit' is clicked on

2022-12-23 14:28:18 - [MESSAGE][PASSED] - Object: 'Object Repository/09-Settings/Organization unit/button_Delete Organization Unit' is clicked on

2022-12-23 14:28:18 - [TEST_STEP][PASSED] - verifyElementVisible(findTestObject("09-Settings/Organization unit/mat-dialog-container_Delete Organization Unit modal"), STOP_ON_FAILURE): Object 'Object Repository/09-Settings/Organization unit/mat-dialog-container_Delete Organization Unit modal' is visible

2022-12-23 14:28:19 - [MESSAGE][PASSED] - Object 'Object Repository/09-Settings/Organization unit/mat-dialog-container_Delete Organization Unit modal' is visible

2022-12-23 14:28:19 - [TEST_STEP][PASSED] - verifyElementVisible(findTestObject("09-Settings/Organization unit/h4_Delete Organization Unit"), STOP_ON_FAILURE): Object 'Object Repository/09-Settings/Organization unit/h4_Delete Organization Unit' is visible

2022-12-23 14:28:20 - [MESSAGE][PASSED] - Object 'Object Repository/09-Settings/Organization unit/h4_Delete Organization Unit' is visible

2022-12-23 14:28:20 - [TEST_STEP][PASSED] - verifyElementVisible(findTestObject("09-Settings/Organization unit/span_Warning All resources associated with this root organization will be permanently deleted"), STOP_ON_FAILURE): Object 'Object Repository/09-Settings/Organization unit/span_Warning All resources associated with this root organization will be permanently deleted' is visible

2022-12-23 14:28:20 - [MESSAGE][PASSED] - Object 'Object Repository/09-Settings/Organization unit/span_Warning All resources associated with this root organization will be permanently deleted' is visible

2022-12-23 14:28:20 - [TEST_STEP][PASSED] - delay(1): Delayed 1 second(s)

2022-12-23 14:28:21 - [MESSAGE][PASSED] - Delayed 1 second(s)

2022-12-23 14:28:21 - [TEST_STEP][PASSED] - click(findTestObject("09-Settings/Users/Active User/button_Cancel_restore"), STOP_ON_FAILURE): Object: 'Object Repository/09-Settings/Users/Active User/button_Cancel_restore' is clicked on

2022-12-23 14:28:22 - [MESSAGE][PASSED] - Object: 'Object Repository/09-Settings/Users/Active User/button_Cancel_restore' is clicked on

2022-12-23 14:28:22 - [TEST_STEP][PASSED] - delay(2): Delayed 2 second(s)

2022-12-23 14:28:24 - [MESSAGE][PASSED] - Delayed 2 second(s)

2022-12-23 14:28:24 - [TEST_STEP][PASSED] - mouseOver(findTestObject("09-Settings/Organization unit/div_GG TESTER")): Object: 'Object Repository/09-Settings/Organization unit/div_GG TESTER' is hovered

2022-12-23 14:28:25 - [MESSAGE][PASSED] - Object: 'Object Repository/09-Settings/Organization unit/div_GG TESTER' is hovered

2022-12-23 14:28:25 - [TEST_STEP][PASSED] - click(findTestObject("09-Settings/Users/Active User/button_ellipses")): Object: 'Object Repository/09-Settings/Users/Active User/button_ellipses' is clicked on

2022-12-23 14:28:26 - [MESSAGE][PASSED] - Object: 'Object Repository/09-Settings/Users/Active User/button_ellipses' is clicked on

2022-12-23 14:28:26 - [TEST_STEP][PASSED] - click(findTestObject("09-Settings/Organization unit/button_Delete Organization Unit")): Object: 'Object Repository/09-Settings/Organization unit/button_Delete Organization Unit' is clicked on

2022-12-23 14:28:27 - [MESSAGE][PASSED] - Object: 'Object Repository/09-Settings/Organization unit/button_Delete Organization Unit' is clicked on

2022-12-23 14:28:27 - [TEST_STEP][PASSED] - verifyElementVisible(findTestObject("09-Settings/Organization unit/mat-dialog-container_Delete Organization Unit modal"), STOP_ON_FAILURE): Object 'Object Repository/09-Settings/Organization unit/mat-dialog-container_Delete Organization Unit modal' is visible

2022-12-23 14:28:28 - [MESSAGE][PASSED] - Object 'Object Repository/09-Settings/Organization unit/mat-dialog-container_Delete Organization Unit modal' is visible

2022-12-23 14:28:28 - [TEST_STEP][PASSED] - verifyElementVisible(findTestObject("09-Settings/Organization unit/h4_Delete Organization Unit"), STOP_ON_FAILURE): Object 'Object Repository/09-Settings/Organization unit/h4_Delete Organization Unit' is visible

2022-12-23 14:28:29 - [MESSAGE][PASSED] - Object 'Object Repository/09-Settings/Organization unit/h4_Delete Organization Unit' is visible

2022-12-23 14:28:29 - [TEST_STEP][PASSED] - verifyElementVisible(findTestObject("09-Settings/Organization unit/span_Warning All resources associated with this root organization will be permanently deleted"), STOP_ON_FAILURE): Object 'Object Repository/09-Settings/Organization unit/span_Warning All resources associated with this root organization will be permanently deleted' is visible

2022-12-23 14:28:29 - [MESSAGE][PASSED] - Object 'Object Repository/09-Settings/Organization unit/span_Warning All resources associated with this root organization will be permanently deleted' is visible

2022-12-23 14:28:29 - [TEST_STEP][PASSED] - delay(3): Delayed 3 second(s)

2022-12-23 14:28:32 - [MESSAGE][PASSED] - Delayed 3 second(s)

2022-12-23 14:28:32 - [TEST_STEP][PASSED] - click(findTestObject("09-Settings/Users/Active User/button_Delete")): Object: 'Object Repository/09-Settings/Users/Active User/button_Delete' is clicked on

2022-12-23 14:28:33 - [MESSAGE][PASSED] - Object: 'Object Repository/09-Settings/Users/Active User/button_Delete' is clicked on

2022-12-23 14:28:33 - [TEST_STEP][PASSED] - delay(3): Delayed 3 second(s)

2022-12-23 14:28:36 - [MESSAGE][PASSED] - Delayed 3 second(s)

2022-12-23 14:28:36 - [TEST_STEP][PASSED] - closeBrowser(): Browser is closed

2022-12-23 14:28:37 - [MESSAGE][PASSED] - Browser is closed]]></system-out>
         <system-err><![CDATA[]]></system-err>
      </testcase>
      <system-out><![CDATA[2022-12-23 14:20:05 - [TEST_SUITE][PASSED] - 09.4 - Settings (Organization unit): Test Cases/09-Settings/22 - Organization unit - Delete Organization unit]]></system-out>
      <system-err><![CDATA[]]></system-err>
   </testsuite>
</testsuites>
