<?xml version="1.0" encoding="UTF-8"?>
<testsuites name="04-Add my Organizations" time="267.714" tests="3" failures="0" errors="0">
   <testsuite name="04-Add my Organizations" tests="3" failures="0" errors="0" time="267.714" skipped="0" timestamp="2022-12-30 15:15:29" hostname="asus - DESKTOP-3L3J9C1" id="Test Suites/TS-Organization/04-Add my Organizations">
      <properties>
         <property name="deviceName" value=""/>
         <property name="devicePlatform" value=""/>
         <property name="logFolder" value="C:\\Users\\asus\\Katalon Studio\\Everleagues\\Everleagues\\Reports\\20221230_151513\\TS-Organization\\04-Add my Organizations\\20221230_151513"/>
         <property name="logFiles" value="C:\\Users\\asus\\Katalon Studio\\Everleagues\\Everleagues\\Reports\\20221230_151513\\TS-Organization\\04-Add my Organizations\\20221230_151513\\execution0.log"/>
         <property name="attachments" value=""/>
         <property name="hostName" value="asus - DESKTOP-3L3J9C1"/>
         <property name="os" value="Windows 10 64bit"/>
         <property name="katalonVersion" value="8.4.1.208"/>
         <property name="browser" value="Chrome 108.0.0.0"/>
         <property name="hostAddress" value="192.168.5.82"/>
         <property name="sessionId" value="d5cc76adfabefcbbe44b1e7d5732dc94"/>
         <property name="seleniumVersion" value="3.141.59"/>
         <property name="proxyInformation" value="ProxyInformation { proxyOption=NO_PROXY, proxyServerType=HTTP, username=, password=********, proxyServerAddress=, proxyServerPort=0, executionList=&quot;&quot;, isApplyToDesiredCapabilities=true }"/>
         <property name="platform" value="Windows 10"/>
      </properties>
      <testcase name="Test Cases/04-Add my Organizations/01- Free limited Plan (Blank fields)" time="154.001" classname="Test Cases/04-Add my Organizations/01- Free limited Plan (Blank fields)" status="PASSED">
         <system-out><![CDATA[2022-12-30 15:15:31 - [TEST_CASE][PASSED] - Test Cases/04-Add my Organizations/01- Free limited Plan (Blank fields): Test Cases/04-Add my Organizations/01- Free limited Plan (Blank fields)

2022-12-30 15:15:34 - [TEST_STEP][PASSED] - openBrowser(""): Browser is opened with url: ''

2022-12-30 15:15:37 - [MESSAGE][INFO] - Starting 'Chrome' driver

2022-12-30 15:15:37 - [MESSAGE][INFO] - Action delay is set to 0 milliseconds

2022-12-30 15:15:52 - [MESSAGE][PASSED] - Browser is opened with url: ''

2022-12-30 15:15:52 - [TEST_STEP][PASSED] - navigateToUrl("https://lab.everleagues.com/"): Navigate to 'https://lab.everleagues.com/' successfully

2022-12-30 15:16:26 - [MESSAGE][PASSED] - Navigate to 'https://lab.everleagues.com/' successfully

2022-12-30 15:16:26 - [TEST_STEP][PASSED] - maximizeWindow(): Current window maximized

2022-12-30 15:16:27 - [MESSAGE][PASSED] - Current window maximized

2022-12-30 15:16:27 - [TEST_STEP][PASSED] - setText(findTestObject("02-Side Icons(Organization)/Add Contact/Email Field"), "testuser02@mailinator.com"): Text 'testuser02@mailinator.com' is set on object 'Object Repository/02-Side Icons(Organization)/Add Contact/Email Field'

2022-12-30 15:16:33 - [MESSAGE][PASSED] - Text 'testuser02@mailinator.com' is set on object 'Object Repository/02-Side Icons(Organization)/Add Contact/Email Field'

2022-12-30 15:16:33 - [TEST_STEP][PASSED] - setEncryptedText(findTestObject("02-Side Icons(Organization)/Add Contact/Password Field"), "8yFRyszE6U6jvsCn51OQbg=="): Text ****** has been set on object 'Object Repository/02-Side Icons(Organization)/Add Contact/Password Field'

2022-12-30 15:16:36 - [MESSAGE][PASSED] - Text ****** has been set on object 'Object Repository/02-Side Icons(Organization)/Add Contact/Password Field'

2022-12-30 15:16:36 - [TEST_STEP][PASSED] - click(findTestObject("02-Side Icons(Organization)/Add Contact/button_Sign in")): Object: 'Object Repository/02-Side Icons(Organization)/Add Contact/button_Sign in' is clicked on

2022-12-30 15:16:38 - [MESSAGE][PASSED] - Object: 'Object Repository/02-Side Icons(Organization)/Add Contact/button_Sign in' is clicked on

2022-12-30 15:16:38 - [TEST_STEP][PASSED] - delay(2): Delayed 2 second(s)

2022-12-30 15:16:40 - [MESSAGE][PASSED] - Delayed 2 second(s)

2022-12-30 15:16:40 - [TEST_STEP][PASSED] - click(findTestObject("06-Teams/For 2FA/button_Confirm_2FA")): Object: 'Object Repository/06-Teams/For 2FA/button_Confirm_2FA' is clicked on

2022-12-30 15:16:41 - [MESSAGE][PASSED] - Object: 'Object Repository/06-Teams/For 2FA/button_Confirm_2FA' is clicked on

2022-12-30 15:16:41 - [TEST_STEP][PASSED] - executeJavaScript("window.open();", []): Execute JavaScript 'window.open();' successfully

2022-12-30 15:16:42 - [MESSAGE][PASSED] - Execute JavaScript 'window.open();' successfully

2022-12-30 15:16:42 - [TEST_STEP][PASSED] - currentWindow = getWindowIndex(): Current window's index is: 0

2022-12-30 15:16:45 - [MESSAGE][PASSED] - Current window's index is: 0

2022-12-30 15:16:45 - [TEST_STEP][PASSED] - delay(3): Delayed 3 second(s)

2022-12-30 15:16:48 - [MESSAGE][PASSED] - Delayed 3 second(s)

2022-12-30 15:16:48 - [TEST_STEP][PASSED] - switchToWindowIndex(currentWindow + 1): Switched to window with index: '1'

2022-12-30 15:16:50 - [MESSAGE][PASSED] - Switched to window with index: '1'

2022-12-30 15:16:50 - [TEST_STEP][PASSED] - navigateToUrl("https://www.mailinator.com/"): Navigate to 'https://www.mailinator.com/' successfully

2022-12-30 15:17:04 - [MESSAGE][PASSED] - Navigate to 'https://www.mailinator.com/' successfully

2022-12-30 15:17:04 - [TEST_STEP][PASSED] - delay(3): Delayed 3 second(s)

2022-12-30 15:17:07 - [MESSAGE][PASSED] - Delayed 3 second(s)

2022-12-30 15:17:07 - [TEST_STEP][PASSED] - setText(findTestObject("00-Signup and Activation/zMailinator/input_LOGIN_search"), "testuser02@mailinator.com"): Text 'testuser02@mailinator.com' is set on object 'Object Repository/00-Signup and Activation/zMailinator/input_LOGIN_search'

2022-12-30 15:17:09 - [MESSAGE][PASSED] - Text 'testuser02@mailinator.com' is set on object 'Object Repository/00-Signup and Activation/zMailinator/input_LOGIN_search'

2022-12-30 15:17:09 - [TEST_STEP][PASSED] - click(findTestObject("00-Signup and Activation/zMailinator/gobutton"), STOP_ON_FAILURE): Object: 'Object Repository/00-Signup and Activation/zMailinator/gobutton' is clicked on

2022-12-30 15:17:14 - [MESSAGE][PASSED] - Object: 'Object Repository/00-Signup and Activation/zMailinator/gobutton' is clicked on

2022-12-30 15:17:14 - [TEST_STEP][PASSED] - delay(3): Delayed 3 second(s)

2022-12-30 15:17:17 - [MESSAGE][PASSED] - Delayed 3 second(s)

2022-12-30 15:17:17 - [TEST_STEP][PASSED] - click(findTestObject("00-Signup and Activation/zMailinator/Email - everleagues")): Object: 'Object Repository/00-Signup and Activation/zMailinator/Email - everleagues' is clicked on

2022-12-30 15:17:18 - [MESSAGE][PASSED] - Object: 'Object Repository/00-Signup and Activation/zMailinator/Email - everleagues' is clicked on

2022-12-30 15:17:18 - [TEST_STEP][PASSED] - delay(3): Delayed 3 second(s)

2022-12-30 15:17:21 - [MESSAGE][PASSED] - Delayed 3 second(s)

2022-12-30 15:17:21 - [TEST_STEP][PASSED] - code = getText(findTestObject("Object Repository/06-Teams/For 2FA/2FA code")): Text of object 'Object Repository/06-Teams/For 2FA/2FA code' is: '869431'

2022-12-30 15:17:22 - [MESSAGE][PASSED] - Text of object 'Object Repository/06-Teams/For 2FA/2FA code' is: '869431'

2022-12-30 15:17:22 - [TEST_STEP][PASSED] - delay(3): Delayed 3 second(s)

2022-12-30 15:17:25 - [MESSAGE][PASSED] - Delayed 3 second(s)

2022-12-30 15:17:25 - [TEST_STEP][PASSED] - closeWindowTitle("Mailinator"): Window with title: 'Mailinator' is closed

2022-12-30 15:17:26 - [MESSAGE][PASSED] - Window with title: 'Mailinator' is closed

2022-12-30 15:17:26 - [TEST_STEP][PASSED] - delay(3): Delayed 3 second(s)

2022-12-30 15:17:29 - [MESSAGE][PASSED] - Delayed 3 second(s)

2022-12-30 15:17:29 - [TEST_STEP][PASSED] - switchToWindowIndex(0): Switched to window with index: '0'

2022-12-30 15:17:29 - [MESSAGE][PASSED] - Switched to window with index: '0'

2022-12-30 15:17:29 - [TEST_STEP][PASSED] - delay(3): Delayed 3 second(s)

2022-12-30 15:17:32 - [MESSAGE][PASSED] - Delayed 3 second(s)

2022-12-30 15:17:32 - [TEST_STEP][PASSED] - setText(findTestObject("Object Repository/06-Teams/For 2FA/input_Enter verification code_code"), code): Text '869431' is set on object 'Object Repository/06-Teams/For 2FA/input_Enter verification code_code'

2022-12-30 15:17:34 - [MESSAGE][PASSED] - Text '869431' is set on object 'Object Repository/06-Teams/For 2FA/input_Enter verification code_code'

2022-12-30 15:17:34 - [TEST_STEP][PASSED] - delay(3): Delayed 3 second(s)

2022-12-30 15:17:37 - [MESSAGE][PASSED] - Delayed 3 second(s)

2022-12-30 15:17:37 - [TEST_STEP][PASSED] - click(findTestObject("06-Teams/For 2FA/button_Verify_2FA")): Object: 'Object Repository/06-Teams/For 2FA/button_Verify_2FA' is clicked on

2022-12-30 15:17:39 - [MESSAGE][PASSED] - Object: 'Object Repository/06-Teams/For 2FA/button_Verify_2FA' is clicked on

2022-12-30 15:17:39 - [TEST_STEP][PASSED] - delay(5): Delayed 5 second(s)

2022-12-30 15:17:44 - [MESSAGE][PASSED] - Delayed 5 second(s)

2022-12-30 15:17:44 - [TEST_STEP][PASSED] - click(findTestObject("04-Add my Organizations/Free limited Plan/span_Add My Organization")): Object: 'Object Repository/04-Add my Organizations/Free limited Plan/span_Add My Organization' is clicked on

2022-12-30 15:17:48 - [MESSAGE][PASSED] - Object: 'Object Repository/04-Add my Organizations/Free limited Plan/span_Add My Organization' is clicked on

2022-12-30 15:17:48 - [TEST_STEP][PASSED] - verifyElementVisible(findTestObject("04-Add my Organizations/Free limited Plan/Add my org modal")): Object 'Object Repository/04-Add my Organizations/Free limited Plan/Add my org modal' is visible

2022-12-30 15:17:50 - [MESSAGE][PASSED] - Object 'Object Repository/04-Add my Organizations/Free limited Plan/Add my org modal' is visible

2022-12-30 15:17:50 - [TEST_STEP][PASSED] - delay(2): Delayed 2 second(s)

2022-12-30 15:17:52 - [MESSAGE][PASSED] - Delayed 2 second(s)

2022-12-30 15:17:52 - [TEST_STEP][PASSED] - click(findTestObject("04-Add my Organizations/Free limited Plan/input_orgName")): Object: 'Object Repository/04-Add my Organizations/Free limited Plan/input_orgName' is clicked on

2022-12-30 15:17:53 - [MESSAGE][PASSED] - Object: 'Object Repository/04-Add my Organizations/Free limited Plan/input_orgName' is clicked on

2022-12-30 15:17:53 - [TEST_STEP][PASSED] - click(findTestObject("04-Add my Organizations/Free limited Plan/input_org alias")): Object: 'Object Repository/04-Add my Organizations/Free limited Plan/input_org alias' is clicked on

2022-12-30 15:17:54 - [MESSAGE][PASSED] - Object: 'Object Repository/04-Add my Organizations/Free limited Plan/input_org alias' is clicked on

2022-12-30 15:17:54 - [TEST_STEP][PASSED] - click(findTestObject("04-Add my Organizations/Free limited Plan/div_Service Industry_select-arrow")): Object: 'Object Repository/04-Add my Organizations/Free limited Plan/div_Service Industry_select-arrow' is clicked on

2022-12-30 15:17:55 - [MESSAGE][PASSED] - Object: 'Object Repository/04-Add my Organizations/Free limited Plan/div_Service Industry_select-arrow' is clicked on

2022-12-30 15:17:55 - [TEST_STEP][PASSED] - sendKeys(findTestObject(null), Keys.chord(ESCAPE)): Keys 'ESCAPE + ' sent to object: 'tempBody'

2022-12-30 15:17:55 - [MESSAGE][WARNING] - Test object id is null

2022-12-30 15:17:55 - [MESSAGE][WARNING] - Test object with id 'Object Repository/' does not exist

2022-12-30 15:17:56 - [MESSAGE][PASSED] - Keys 'ESCAPE + ' sent to object: 'tempBody'

2022-12-30 15:17:56 - [TEST_STEP][PASSED] - delay(3): Delayed 3 second(s)

2022-12-30 15:17:59 - [MESSAGE][PASSED] - Delayed 3 second(s)

2022-12-30 15:17:59 - [TEST_STEP][PASSED] - verifyElementVisible(findTestObject("04-Add my Organizations/Free limited Plan/div_OrganizationName_error")): Object 'Object Repository/04-Add my Organizations/Free limited Plan/div_OrganizationName_error' is visible

2022-12-30 15:18:00 - [MESSAGE][PASSED] - Object 'Object Repository/04-Add my Organizations/Free limited Plan/div_OrganizationName_error' is visible

2022-12-30 15:18:00 - [TEST_STEP][PASSED] - verifyElementVisible(findTestObject("04-Add my Organizations/Free limited Plan/div_Organization Alias_error")): Object 'Object Repository/04-Add my Organizations/Free limited Plan/div_Organization Alias_error' is visible

2022-12-30 15:18:01 - [MESSAGE][PASSED] - Object 'Object Repository/04-Add my Organizations/Free limited Plan/div_Organization Alias_error' is visible

2022-12-30 15:18:01 - [TEST_STEP][PASSED] - verifyElementVisible(findTestObject("04-Add my Organizations/Free limited Plan/div_Service Industry_error")): Object 'Object Repository/04-Add my Organizations/Free limited Plan/div_Service Industry_error' is visible

2022-12-30 15:18:01 - [MESSAGE][PASSED] - Object 'Object Repository/04-Add my Organizations/Free limited Plan/div_Service Industry_error' is visible

2022-12-30 15:18:01 - [TEST_STEP][PASSED] - delay(3): Delayed 3 second(s)

2022-12-30 15:18:04 - [MESSAGE][PASSED] - Delayed 3 second(s)]]></system-out>
         <system-err><![CDATA[]]></system-err>
      </testcase>
      <testcase name="Test Cases/04-Add my Organizations/02- Free limited Plan (Used Org Alias)" time="10.836" classname="Test Cases/04-Add my Organizations/02- Free limited Plan (Used Org Alias)" status="PASSED">
         <system-out><![CDATA[2022-12-30 15:18:05 - [TEST_CASE][PASSED] - Test Cases/04-Add my Organizations/02- Free limited Plan (Used Org Alias): Test Cases/04-Add my Organizations/02- Free limited Plan (Used Org Alias)

2022-12-30 15:18:07 - [TEST_STEP][PASSED] - setText(findTestObject("04-Add my Organizations/Free limited Plan/input_org alias"), "1234"): Text '1234' is set on object 'Object Repository/04-Add my Organizations/Free limited Plan/input_org alias'

2022-12-30 15:18:10 - [MESSAGE][PASSED] - Text '1234' is set on object 'Object Repository/04-Add my Organizations/Free limited Plan/input_org alias'

2022-12-30 15:18:10 - [TEST_STEP][PASSED] - click(findTestObject("04-Add my Organizations/Free limited Plan/input_orgName")): Object: 'Object Repository/04-Add my Organizations/Free limited Plan/input_orgName' is clicked on

2022-12-30 15:18:11 - [MESSAGE][PASSED] - Object: 'Object Repository/04-Add my Organizations/Free limited Plan/input_orgName' is clicked on

2022-12-30 15:18:11 - [TEST_STEP][PASSED] - verifyElementVisible(findTestObject("04-Add my Organizations/Free limited Plan/mat-error_1234 already exists. Please enter another ID")): Object 'Object Repository/04-Add my Organizations/Free limited Plan/mat-error_1234 already exists. Please enter another ID' is visible

2022-12-30 15:18:13 - [MESSAGE][PASSED] - Object 'Object Repository/04-Add my Organizations/Free limited Plan/mat-error_1234 already exists. Please enter another ID' is visible

2022-12-30 15:18:13 - [TEST_STEP][PASSED] - delay(3): Delayed 3 second(s)

2022-12-30 15:18:16 - [MESSAGE][PASSED] - Delayed 3 second(s)]]></system-out>
         <system-err><![CDATA[]]></system-err>
      </testcase>
      <testcase name="Test Cases/04-Add my Organizations/03- Free limited Plan (Positive Scenarios)" time="101.351" classname="Test Cases/04-Add my Organizations/03- Free limited Plan (Positive Scenarios)" status="PASSED">
         <system-out><![CDATA[2022-12-30 15:18:16 - [TEST_CASE][PASSED] - Test Cases/04-Add my Organizations/03- Free limited Plan (Positive Scenarios): Test Cases/04-Add my Organizations/03- Free limited Plan (Positive Scenarios)

2022-12-30 15:18:18 - [TEST_STEP][PASSED] - delay(2): Delayed 2 second(s)

2022-12-30 15:18:20 - [MESSAGE][PASSED] - Delayed 2 second(s)

2022-12-30 15:18:20 - [TEST_STEP][PASSED] - setText(findTestObject("04-Add my Organizations/Free limited Plan/input_orgName"), "GG Automation"): Text 'GG Automation' is set on object 'Object Repository/04-Add my Organizations/Free limited Plan/input_orgName'

2022-12-30 15:18:22 - [MESSAGE][PASSED] - Text 'GG Automation' is set on object 'Object Repository/04-Add my Organizations/Free limited Plan/input_orgName'

2022-12-30 15:18:22 - [TEST_STEP][PASSED] - setText(findTestObject("04-Add my Organizations/Free limited Plan/input_org alias"), "GGAutoAlias"): Text 'GGAutoAlias' is set on object 'Object Repository/04-Add my Organizations/Free limited Plan/input_org alias'

2022-12-30 15:18:24 - [MESSAGE][PASSED] - Text 'GGAutoAlias' is set on object 'Object Repository/04-Add my Organizations/Free limited Plan/input_org alias'

2022-12-30 15:18:24 - [TEST_STEP][PASSED] - click(findTestObject("04-Add my Organizations/Free limited Plan/div_Service Industry_select-arrow"), STOP_ON_FAILURE): Object: 'Object Repository/04-Add my Organizations/Free limited Plan/div_Service Industry_select-arrow' is clicked on

2022-12-30 15:18:27 - [MESSAGE][PASSED] - Object: 'Object Repository/04-Add my Organizations/Free limited Plan/div_Service Industry_select-arrow' is clicked on

2022-12-30 15:18:27 - [TEST_STEP][PASSED] - delay(1): Delayed 1 second(s)

2022-12-30 15:18:28 - [MESSAGE][PASSED] - Delayed 1 second(s)

2022-12-30 15:18:28 - [TEST_STEP][PASSED] - verifyElementVisible(findTestObject("04-Add my Organizations/Free limited Plan/span_CPA_EA_Accounting Firms")): Object 'Object Repository/04-Add my Organizations/Free limited Plan/span_CPA_EA_Accounting Firms' is visible

2022-12-30 15:18:30 - [MESSAGE][PASSED] - Object 'Object Repository/04-Add my Organizations/Free limited Plan/span_CPA_EA_Accounting Firms' is visible

2022-12-30 15:18:30 - [TEST_STEP][PASSED] - verifyElementVisible(findTestObject("04-Add my Organizations/Free limited Plan/span_Law Firms")): Object 'Object Repository/04-Add my Organizations/Free limited Plan/span_Law Firms' is visible

2022-12-30 15:18:32 - [MESSAGE][PASSED] - Object 'Object Repository/04-Add my Organizations/Free limited Plan/span_Law Firms' is visible

2022-12-30 15:18:32 - [TEST_STEP][PASSED] - verifyElementVisible(findTestObject("04-Add my Organizations/Free limited Plan/span_Medical Service_Physian_Dentist Office")): Object 'Object Repository/04-Add my Organizations/Free limited Plan/span_Medical Service_Physian_Dentist Office' is visible

2022-12-30 15:18:33 - [MESSAGE][PASSED] - Object 'Object Repository/04-Add my Organizations/Free limited Plan/span_Medical Service_Physian_Dentist Office' is visible

2022-12-30 15:18:33 - [TEST_STEP][PASSED] - verifyElementVisible(findTestObject("04-Add my Organizations/Free limited Plan/span_Education")): Object 'Object Repository/04-Add my Organizations/Free limited Plan/span_Education' is visible

2022-12-30 15:18:34 - [MESSAGE][PASSED] - Object 'Object Repository/04-Add my Organizations/Free limited Plan/span_Education' is visible

2022-12-30 15:18:34 - [TEST_STEP][PASSED] - verifyElementVisible(findTestObject("04-Add my Organizations/Free limited Plan/span_Real Estate")): Object 'Object Repository/04-Add my Organizations/Free limited Plan/span_Real Estate' is visible

2022-12-30 15:18:34 - [MESSAGE][PASSED] - Object 'Object Repository/04-Add my Organizations/Free limited Plan/span_Real Estate' is visible

2022-12-30 15:18:34 - [TEST_STEP][PASSED] - verifyElementVisible(findTestObject("04-Add my Organizations/Free limited Plan/span_Other Service Business")): Object 'Object Repository/04-Add my Organizations/Free limited Plan/span_Other Service Business' is visible

2022-12-30 15:18:35 - [MESSAGE][PASSED] - Object 'Object Repository/04-Add my Organizations/Free limited Plan/span_Other Service Business' is visible

2022-12-30 15:18:35 - [TEST_STEP][PASSED] - verifyElementVisible(findTestObject("04-Add my Organizations/Free limited Plan/span_Product Business")): Object 'Object Repository/04-Add my Organizations/Free limited Plan/span_Product Business' is visible

2022-12-30 15:18:37 - [MESSAGE][PASSED] - Object 'Object Repository/04-Add my Organizations/Free limited Plan/span_Product Business' is visible

2022-12-30 15:18:37 - [TEST_STEP][PASSED] - verifyElementVisible(findTestObject("04-Add my Organizations/Free limited Plan/span_Community")): Object 'Object Repository/04-Add my Organizations/Free limited Plan/span_Community' is visible

2022-12-30 15:18:39 - [MESSAGE][PASSED] - Object 'Object Repository/04-Add my Organizations/Free limited Plan/span_Community' is visible

2022-12-30 15:18:39 - [TEST_STEP][PASSED] - verifyElementVisible(findTestObject("04-Add my Organizations/Free limited Plan/span_Non Profit Organizations")): Object 'Object Repository/04-Add my Organizations/Free limited Plan/span_Non Profit Organizations' is visible

2022-12-30 15:18:41 - [MESSAGE][PASSED] - Object 'Object Repository/04-Add my Organizations/Free limited Plan/span_Non Profit Organizations' is visible

2022-12-30 15:18:41 - [TEST_STEP][PASSED] - delay(1): Delayed 1 second(s)

2022-12-30 15:18:42 - [MESSAGE][PASSED] - Delayed 1 second(s)

2022-12-30 15:18:42 - [TEST_STEP][PASSED] - click(findTestObject("04-Add my Organizations/Free limited Plan/span_Other Service Business")): Object: 'Object Repository/04-Add my Organizations/Free limited Plan/span_Other Service Business' is clicked on

2022-12-30 15:18:43 - [MESSAGE][PASSED] - Object: 'Object Repository/04-Add my Organizations/Free limited Plan/span_Other Service Business' is clicked on

2022-12-30 15:18:43 - [TEST_STEP][PASSED] - click(findTestObject("04-Add my Organizations/Free limited Plan/button_Next")): Object: 'Object Repository/04-Add my Organizations/Free limited Plan/button_Next' is clicked on

2022-12-30 15:18:44 - [MESSAGE][PASSED] - Object: 'Object Repository/04-Add my Organizations/Free limited Plan/button_Next' is clicked on

2022-12-30 15:18:44 - [TEST_STEP][PASSED] - delay(1): Delayed 1 second(s)

2022-12-30 15:18:45 - [MESSAGE][PASSED] - Delayed 1 second(s)

2022-12-30 15:18:45 - [TEST_STEP][PASSED] - verifyElementVisible(findTestObject("04-Add my Organizations/Free limited Plan/add my org modal 2")): Object 'Object Repository/04-Add my Organizations/Free limited Plan/add my org modal 2' is visible

2022-12-30 15:18:46 - [MESSAGE][PASSED] - Object 'Object Repository/04-Add my Organizations/Free limited Plan/add my org modal 2' is visible

2022-12-30 15:18:46 - [TEST_STEP][PASSED] - click(findTestObject("04-Add my Organizations/Free limited Plan/Free limited plan radio button")): Object: 'Object Repository/04-Add my Organizations/Free limited Plan/Free limited plan radio button' is clicked on

2022-12-30 15:18:47 - [MESSAGE][PASSED] - Object: 'Object Repository/04-Add my Organizations/Free limited Plan/Free limited plan radio button' is clicked on

2022-12-30 15:18:47 - [TEST_STEP][PASSED] - delay(1): Delayed 1 second(s)

2022-12-30 15:18:48 - [MESSAGE][PASSED] - Delayed 1 second(s)

2022-12-30 15:18:48 - [TEST_STEP][PASSED] - click(findTestObject("04-Add my Organizations/Free limited Plan/span_Usage limit")): Object: 'Object Repository/04-Add my Organizations/Free limited Plan/span_Usage limit' is clicked on

2022-12-30 15:18:50 - [MESSAGE][PASSED] - Object: 'Object Repository/04-Add my Organizations/Free limited Plan/span_Usage limit' is clicked on

2022-12-30 15:18:50 - [TEST_STEP][PASSED] - switchToWindowIndex(1): Switched to window with index: '1'

2022-12-30 15:18:50 - [MESSAGE][PASSED] - Switched to window with index: '1'

2022-12-30 15:18:50 - [TEST_STEP][PASSED] - delay(5): Delayed 5 second(s)

2022-12-30 15:18:55 - [MESSAGE][PASSED] - Delayed 5 second(s)

2022-12-30 15:18:55 - [TEST_STEP][PASSED] - assert getUrl() == "https://www.everleagues.com/pricing": Current window's url is: 'https://www.everleagues.com/pricing'

2022-12-30 15:18:58 - [MESSAGE][PASSED] - Current window's url is: 'https://www.everleagues.com/pricing'

2022-12-30 15:18:58 - [TEST_STEP][PASSED] - closeWindowUrl("https://www.everleagues.com/pricing"): Window with url: 'https://www.everleagues.com/pricing' is closed

2022-12-30 15:19:01 - [MESSAGE][PASSED] - Window with url: 'https://www.everleagues.com/pricing' is closed

2022-12-30 15:19:01 - [TEST_STEP][PASSED] - switchToWindowIndex(0): Switched to window with index: '0'

2022-12-30 15:19:01 - [MESSAGE][PASSED] - Switched to window with index: '0'

2022-12-30 15:19:01 - [TEST_STEP][PASSED] - delay(1): Delayed 1 second(s)

2022-12-30 15:19:02 - [MESSAGE][PASSED] - Delayed 1 second(s)

2022-12-30 15:19:02 - [TEST_STEP][PASSED] - click(findTestObject("04-Add my Organizations/Free limited Plan/a_open_in_newPricing detail")): Object: 'Object Repository/04-Add my Organizations/Free limited Plan/a_open_in_newPricing detail' is clicked on

2022-12-30 15:19:04 - [MESSAGE][PASSED] - Object: 'Object Repository/04-Add my Organizations/Free limited Plan/a_open_in_newPricing detail' is clicked on

2022-12-30 15:19:04 - [TEST_STEP][PASSED] - switchToWindowIndex(1): Switched to window with index: '1'

2022-12-30 15:19:04 - [MESSAGE][PASSED] - Switched to window with index: '1'

2022-12-30 15:19:04 - [TEST_STEP][PASSED] - delay(5): Delayed 5 second(s)

2022-12-30 15:19:09 - [MESSAGE][PASSED] - Delayed 5 second(s)

2022-12-30 15:19:09 - [TEST_STEP][PASSED] - assert getUrl() == "https://www.everleagues.com/pricing": Current window's url is: 'https://www.everleagues.com/pricing'

2022-12-30 15:19:09 - [MESSAGE][PASSED] - Current window's url is: 'https://www.everleagues.com/pricing'

2022-12-30 15:19:09 - [TEST_STEP][PASSED] - closeWindowUrl("https://www.everleagues.com/pricing"): Window with url: 'https://www.everleagues.com/pricing' is closed

2022-12-30 15:19:11 - [MESSAGE][PASSED] - Window with url: 'https://www.everleagues.com/pricing' is closed

2022-12-30 15:19:11 - [TEST_STEP][PASSED] - switchToWindowIndex(0): Switched to window with index: '0'

2022-12-30 15:19:11 - [MESSAGE][PASSED] - Switched to window with index: '0'

2022-12-30 15:19:11 - [TEST_STEP][PASSED] - delay(1): Delayed 1 second(s)

2022-12-30 15:19:12 - [MESSAGE][PASSED] - Delayed 1 second(s)

2022-12-30 15:19:12 - [TEST_STEP][PASSED] - click(findTestObject("04-Add my Organizations/Free limited Plan/button_Next2")): Object: 'Object Repository/04-Add my Organizations/Free limited Plan/button_Next2' is clicked on

2022-12-30 15:19:13 - [MESSAGE][PASSED] - Object: 'Object Repository/04-Add my Organizations/Free limited Plan/button_Next2' is clicked on

2022-12-30 15:19:13 - [TEST_STEP][PASSED] - delay(1): Delayed 1 second(s)

2022-12-30 15:19:14 - [MESSAGE][PASSED] - Delayed 1 second(s)

2022-12-30 15:19:14 - [TEST_STEP][PASSED] - verifyElementVisible(findTestObject("04-Add my Organizations/Free limited Plan/add my org modal 3")): Object 'Object Repository/04-Add my Organizations/Free limited Plan/add my org modal 3' is visible

2022-12-30 15:19:17 - [MESSAGE][PASSED] - Object 'Object Repository/04-Add my Organizations/Free limited Plan/add my org modal 3' is visible

2022-12-30 15:19:17 - [TEST_STEP][PASSED] - delay(1): Delayed 1 second(s)

2022-12-30 15:19:18 - [MESSAGE][PASSED] - Delayed 1 second(s)

2022-12-30 15:19:18 - [TEST_STEP][PASSED] - click(findTestObject("04-Add my Organizations/Free limited Plan/SaaS checkbox")): Object: 'Object Repository/04-Add my Organizations/Free limited Plan/SaaS checkbox' is clicked on

2022-12-30 15:19:19 - [MESSAGE][PASSED] - Object: 'Object Repository/04-Add my Organizations/Free limited Plan/SaaS checkbox' is clicked on

2022-12-30 15:19:19 - [TEST_STEP][PASSED] - click(findTestObject("04-Add my Organizations/Free limited Plan/a_Software as a service (SaaS) subscription agreement")): Object: 'Object Repository/04-Add my Organizations/Free limited Plan/a_Software as a service (SaaS) subscription agreement' is clicked on

2022-12-30 15:19:21 - [MESSAGE][PASSED] - Object: 'Object Repository/04-Add my Organizations/Free limited Plan/a_Software as a service (SaaS) subscription agreement' is clicked on

2022-12-30 15:19:21 - [TEST_STEP][PASSED] - switchToWindowIndex(1): Switched to window with index: '1'

2022-12-30 15:19:22 - [MESSAGE][PASSED] - Switched to window with index: '1'

2022-12-30 15:19:22 - [TEST_STEP][PASSED] - delay(5): Delayed 5 second(s)

2022-12-30 15:19:27 - [MESSAGE][PASSED] - Delayed 5 second(s)

2022-12-30 15:19:27 - [TEST_STEP][PASSED] - assert getUrl() == "https://www.everleagues.com/saas-agreement/": Current window's url is: 'https://www.everleagues.com/saas-agreement/'

2022-12-30 15:19:30 - [MESSAGE][PASSED] - Current window's url is: 'https://www.everleagues.com/saas-agreement/'

2022-12-30 15:19:30 - [TEST_STEP][PASSED] - closeWindowUrl("https://www.everleagues.com/saas-agreement/"): Window with url: 'https://www.everleagues.com/saas-agreement/' is closed

2022-12-30 15:19:31 - [MESSAGE][PASSED] - Window with url: 'https://www.everleagues.com/saas-agreement/' is closed

2022-12-30 15:19:31 - [TEST_STEP][PASSED] - switchToWindowIndex(0): Switched to window with index: '0'

2022-12-30 15:19:31 - [MESSAGE][PASSED] - Switched to window with index: '0'

2022-12-30 15:19:31 - [TEST_STEP][PASSED] - delay(1): Delayed 1 second(s)

2022-12-30 15:19:32 - [MESSAGE][PASSED] - Delayed 1 second(s)

2022-12-30 15:19:32 - [TEST_STEP][PASSED] - click(findTestObject("04-Add my Organizations/Free limited Plan/button_Create")): Object: 'Object Repository/04-Add my Organizations/Free limited Plan/button_Create' is clicked on

2022-12-30 15:19:34 - [MESSAGE][PASSED] - Object: 'Object Repository/04-Add my Organizations/Free limited Plan/button_Create' is clicked on

2022-12-30 15:19:34 - [TEST_STEP][PASSED] - delay(1): Delayed 1 second(s)

2022-12-30 15:19:35 - [MESSAGE][PASSED] - Delayed 1 second(s)

2022-12-30 15:19:35 - [TEST_STEP][PASSED] - verifyElementVisible(findTestObject("04-Add my Organizations/Free limited Plan/Congratulations msg")): Object 'Object Repository/04-Add my Organizations/Free limited Plan/Congratulations msg' is visible

2022-12-30 15:19:40 - [MESSAGE][PASSED] - Object 'Object Repository/04-Add my Organizations/Free limited Plan/Congratulations msg' is visible

2022-12-30 15:19:40 - [TEST_STEP][PASSED] - verifyElementVisible(findTestObject("04-Add my Organizations/Free limited Plan/button_SET UP")): Object 'Object Repository/04-Add my Organizations/Free limited Plan/button_SET UP' is visible

2022-12-30 15:19:42 - [MESSAGE][PASSED] - Object 'Object Repository/04-Add my Organizations/Free limited Plan/button_SET UP' is visible

2022-12-30 15:19:42 - [TEST_STEP][PASSED] - verifyElementVisible(findTestObject("04-Add my Organizations/Free limited Plan/button_INVITE EMPLOYEES etc")): Object 'Object Repository/04-Add my Organizations/Free limited Plan/button_INVITE EMPLOYEES etc' is visible

2022-12-30 15:19:43 - [MESSAGE][PASSED] - Object 'Object Repository/04-Add my Organizations/Free limited Plan/button_INVITE EMPLOYEES etc' is visible

2022-12-30 15:19:43 - [TEST_STEP][PASSED] - verifyElementVisible(findTestObject("04-Add my Organizations/Free limited Plan/button_SET UP TEAM")): Object 'Object Repository/04-Add my Organizations/Free limited Plan/button_SET UP TEAM' is visible

2022-12-30 15:19:44 - [MESSAGE][PASSED] - Object 'Object Repository/04-Add my Organizations/Free limited Plan/button_SET UP TEAM' is visible

2022-12-30 15:19:44 - [TEST_STEP][PASSED] - verifyElementVisible(findTestObject("04-Add my Organizations/Free limited Plan/button_LEARN MORE")): Object 'Object Repository/04-Add my Organizations/Free limited Plan/button_LEARN MORE' is visible

2022-12-30 15:19:45 - [MESSAGE][PASSED] - Object 'Object Repository/04-Add my Organizations/Free limited Plan/button_LEARN MORE' is visible

2022-12-30 15:19:45 - [TEST_STEP][PASSED] - delay(5): Delayed 5 second(s)

2022-12-30 15:19:50 - [MESSAGE][PASSED] - Delayed 5 second(s)

2022-12-30 15:19:50 - [TEST_STEP][PASSED] - click(findTestObject("04-Add my Organizations/Free limited Plan/button_DO THIS LATER")): Object: 'Object Repository/04-Add my Organizations/Free limited Plan/button_DO THIS LATER' is clicked on

2022-12-30 15:19:51 - [MESSAGE][PASSED] - Object: 'Object Repository/04-Add my Organizations/Free limited Plan/button_DO THIS LATER' is clicked on

2022-12-30 15:19:51 - [TEST_STEP][PASSED] - delay(1): Delayed 1 second(s)

2022-12-30 15:19:52 - [MESSAGE][PASSED] - Delayed 1 second(s)

2022-12-30 15:19:52 - [TEST_STEP][PASSED] - verifyElementVisible(findTestObject("04-Add my Organizations/Free limited Plan/span_GG Automation")): Object 'Object Repository/04-Add my Organizations/Free limited Plan/span_GG Automation' is visible

2022-12-30 15:19:53 - [MESSAGE][PASSED] - Object 'Object Repository/04-Add my Organizations/Free limited Plan/span_GG Automation' is visible

2022-12-30 15:19:53 - [TEST_STEP][PASSED] - delay(1): Delayed 1 second(s)

2022-12-30 15:19:54 - [MESSAGE][PASSED] - Delayed 1 second(s)

2022-12-30 15:19:54 - [TEST_STEP][PASSED] - closeBrowser(): Browser is closed

2022-12-30 15:19:57 - [MESSAGE][PASSED] - Browser is closed]]></system-out>
         <system-err><![CDATA[]]></system-err>
      </testcase>
      <system-out><![CDATA[2022-12-30 15:15:29 - [TEST_SUITE][PASSED] - 04-Add my Organizations: Test Cases/04-Add my Organizations/03- Free limited Plan (Positive Scenarios)]]></system-out>
      <system-err><![CDATA[]]></system-err>
   </testsuite>
</testsuites>
