<?xml version="1.0" encoding="UTF-8"?>
<testsuites name="09.1 - Settings (Invite users)" time="1541.103" tests="5" failures="0" errors="0">
   <testsuite name="09.1 - Settings (Invite users)" tests="5" failures="0" errors="0" time="1541.103" skipped="0" timestamp="2023-03-03 18:03:39" hostname="asus - DESKTOP-3L3J9C1" id="Test Suites/TS-Organization/09.1 - Settings (Invite users)">
      <properties>
         <property name="deviceName" value=""/>
         <property name="devicePlatform" value=""/>
         <property name="logFolder" value="C:\\Users\\asus\\Katalon Studio\\Everleagues\\Everleagues\\Reports\\20230303_180323\\TS-Organization\\09.1 - Settings (Invite users)\\20230303_180323"/>
         <property name="logFiles" value="C:\\Users\\asus\\Katalon Studio\\Everleagues\\Everleagues\\Reports\\20230303_180323\\TS-Organization\\09.1 - Settings (Invite users)\\20230303_180323\\execution0.log"/>
         <property name="attachments" value=""/>
         <property name="hostName" value="asus - DESKTOP-3L3J9C1"/>
         <property name="os" value="Windows 10 64bit"/>
         <property name="katalonVersion" value="8.4.1.208"/>
         <property name="browser" value="Chrome 110.0.0.0"/>
         <property name="hostAddress" value="10.100.1.179"/>
         <property name="sessionId" value="23ed89052f1471180fd0ed599de3ea5e"/>
         <property name="seleniumVersion" value="3.141.59"/>
         <property name="proxyInformation" value="ProxyInformation { proxyOption=NO_PROXY, proxyServerType=HTTP, username=, password=********, proxyServerAddress=, proxyServerPort=0, executionList=&quot;&quot;, isApplyToDesiredCapabilities=true }"/>
         <property name="platform" value="Windows 10"/>
      </properties>
      <testcase name="Test Cases/09-Settings/01 - Users (Invite new user but field are blank)" time="175.878" classname="Test Cases/09-Settings/01 - Users (Invite new user but field are blank)" status="PASSED">
         <system-out><![CDATA[2023-03-03 18:03:40 - [TEST_CASE][PASSED] - Test Cases/09-Settings/01 - Users (Invite new user but field are blank): Test Cases/09-Settings/01 - Users (Invite new user but field are blank)

2023-03-03 18:03:42 - [TEST_STEP][PASSED] - openBrowser(""): Browser is opened with url: ''

2023-03-03 18:03:44 - [MESSAGE][INFO] - Starting 'Chrome' driver

2023-03-03 18:03:45 - [MESSAGE][INFO] - Action delay is set to 0 milliseconds

2023-03-03 18:03:56 - [MESSAGE][PASSED] - Browser is opened with url: ''

2023-03-03 18:03:56 - [TEST_STEP][PASSED] - navigateToUrl("https://lab.everleagues.com/"): Navigate to 'https://lab.everleagues.com/' successfully

2023-03-03 18:04:22 - [MESSAGE][PASSED] - Navigate to 'https://lab.everleagues.com/' successfully

2023-03-03 18:04:22 - [TEST_STEP][PASSED] - maximizeWindow(): Current window maximized

2023-03-03 18:04:23 - [MESSAGE][PASSED] - Current window maximized

2023-03-03 18:04:23 - [TEST_STEP][PASSED] - callTestCase(findTestCase("01-Login and Forgot Password/04-Login(Valid Credentials-With Subscription)"), [:], STOP_ON_FAILURE): Call Test Case 'Test Cases/01-Login and Forgot Password/04-Login(Valid Credentials-With Subscription)' successfully

2023-03-03 18:04:25 - [TEST_CASE][PASSED] - Test Cases/01-Login and Forgot Password/04-Login(Valid Credentials-With Subscription): Test Cases/01-Login and Forgot Password/04-Login(Valid Credentials-With Subscription)

2023-03-03 18:04:28 - [TEST_STEP][PASSED] - setText(findTestObject("01-Login and Forgot Password/input_Email_email"), "testuser02@mailinator.com"): Text 'testuser02@mailinator.com' is set on object 'Object Repository/01-Login and Forgot Password/input_Email_email'

2023-03-03 18:04:36 - [MESSAGE][PASSED] - Text 'testuser02@mailinator.com' is set on object 'Object Repository/01-Login and Forgot Password/input_Email_email'

2023-03-03 18:04:36 - [TEST_STEP][PASSED] - setEncryptedText(findTestObject("01-Login and Forgot Password/input_Email_password"), "8yFRyszE6U6jvsCn51OQbg=="): Text ****** has been set on object 'Object Repository/01-Login and Forgot Password/input_Email_password'

2023-03-03 18:04:38 - [MESSAGE][PASSED] - Text ****** has been set on object 'Object Repository/01-Login and Forgot Password/input_Email_password'

2023-03-03 18:04:38 - [TEST_STEP][PASSED] - delay(2): Delayed 2 second(s)

2023-03-03 18:04:41 - [MESSAGE][PASSED] - Delayed 2 second(s)

2023-03-03 18:04:41 - [TEST_STEP][PASSED] - click(findTestObject("01-Login and Forgot Password/show pass button")): Object: 'Object Repository/01-Login and Forgot Password/show pass button' is clicked on

2023-03-03 18:04:42 - [MESSAGE][PASSED] - Object: 'Object Repository/01-Login and Forgot Password/show pass button' is clicked on

2023-03-03 18:04:42 - [TEST_STEP][PASSED] - delay(3): Delayed 3 second(s)

2023-03-03 18:04:45 - [MESSAGE][PASSED] - Delayed 3 second(s)

2023-03-03 18:04:45 - [TEST_STEP][PASSED] - click(findTestObject("01-Login and Forgot Password/button_Sign in")): Object: 'Object Repository/01-Login and Forgot Password/button_Sign in' is clicked on

2023-03-03 18:04:47 - [MESSAGE][PASSED] - Object: 'Object Repository/01-Login and Forgot Password/button_Sign in' is clicked on

2023-03-03 18:04:47 - [TEST_STEP][PASSED] - delay(3): Delayed 3 second(s)

2023-03-03 18:04:50 - [MESSAGE][PASSED] - Delayed 3 second(s)

2023-03-03 18:04:50 - [TEST_STEP][PASSED] - click(findTestObject("06-Teams/For 2FA/button_Confirm_2FA")): Object: 'Object Repository/06-Teams/For 2FA/button_Confirm_2FA' is clicked on

2023-03-03 18:04:51 - [MESSAGE][PASSED] - Object: 'Object Repository/06-Teams/For 2FA/button_Confirm_2FA' is clicked on

2023-03-03 18:04:51 - [TEST_STEP][PASSED] - executeJavaScript("window.open();", []): Execute JavaScript 'window.open();' successfully

2023-03-03 18:04:53 - [MESSAGE][PASSED] - Execute JavaScript 'window.open();' successfully

2023-03-03 18:04:53 - [TEST_STEP][PASSED] - currentWindow = getWindowIndex(): Current window's index is: 0

2023-03-03 18:04:53 - [MESSAGE][PASSED] - Current window's index is: 0

2023-03-03 18:04:53 - [TEST_STEP][PASSED] - delay(3): Delayed 3 second(s)

2023-03-03 18:04:56 - [MESSAGE][PASSED] - Delayed 3 second(s)

2023-03-03 18:04:56 - [TEST_STEP][PASSED] - switchToWindowIndex(currentWindow + 1): Switched to window with index: '1'

2023-03-03 18:04:56 - [MESSAGE][PASSED] - Switched to window with index: '1'

2023-03-03 18:04:56 - [TEST_STEP][PASSED] - navigateToUrl("https://www.mailinator.com/"): Navigate to 'https://www.mailinator.com/' successfully

2023-03-03 18:05:05 - [MESSAGE][PASSED] - Navigate to 'https://www.mailinator.com/' successfully

2023-03-03 18:05:05 - [TEST_STEP][PASSED] - delay(3): Delayed 3 second(s)

2023-03-03 18:05:08 - [MESSAGE][PASSED] - Delayed 3 second(s)

2023-03-03 18:05:08 - [TEST_STEP][PASSED] - setText(findTestObject("00-Signup and Activation/zMailinator/input_LOGIN_search"), "testuser02@mailinator.com"): Text 'testuser02@mailinator.com' is set on object 'Object Repository/00-Signup and Activation/zMailinator/input_LOGIN_search'

2023-03-03 18:05:09 - [MESSAGE][PASSED] - Text 'testuser02@mailinator.com' is set on object 'Object Repository/00-Signup and Activation/zMailinator/input_LOGIN_search'

2023-03-03 18:05:09 - [TEST_STEP][PASSED] - click(findTestObject("00-Signup and Activation/zMailinator/gobutton"), STOP_ON_FAILURE): Object: 'Object Repository/00-Signup and Activation/zMailinator/gobutton' is clicked on

2023-03-03 18:05:12 - [MESSAGE][PASSED] - Object: 'Object Repository/00-Signup and Activation/zMailinator/gobutton' is clicked on

2023-03-03 18:05:12 - [TEST_STEP][PASSED] - delay(3): Delayed 3 second(s)

2023-03-03 18:05:15 - [MESSAGE][PASSED] - Delayed 3 second(s)

2023-03-03 18:05:15 - [TEST_STEP][PASSED] - click(findTestObject("00-Signup and Activation/zMailinator/Email - everleagues")): Object: 'Object Repository/00-Signup and Activation/zMailinator/Email - everleagues' is clicked on

2023-03-03 18:05:16 - [MESSAGE][PASSED] - Object: 'Object Repository/00-Signup and Activation/zMailinator/Email - everleagues' is clicked on

2023-03-03 18:05:16 - [TEST_STEP][PASSED] - delay(3): Delayed 3 second(s)

2023-03-03 18:05:19 - [MESSAGE][PASSED] - Delayed 3 second(s)

2023-03-03 18:05:19 - [TEST_STEP][PASSED] - code = getText(findTestObject("Object Repository/06-Teams/For 2FA/2FA code")): Text of object 'Object Repository/06-Teams/For 2FA/2FA code' is: '698745'

2023-03-03 18:05:21 - [MESSAGE][PASSED] - Text of object 'Object Repository/06-Teams/For 2FA/2FA code' is: '698745'

2023-03-03 18:05:21 - [TEST_STEP][PASSED] - delay(3): Delayed 3 second(s)

2023-03-03 18:05:24 - [MESSAGE][PASSED] - Delayed 3 second(s)

2023-03-03 18:05:24 - [TEST_STEP][PASSED] - closeWindowTitle("Mailinator"): Window with title: 'Mailinator' is closed

2023-03-03 18:05:25 - [MESSAGE][PASSED] - Window with title: 'Mailinator' is closed

2023-03-03 18:05:25 - [TEST_STEP][PASSED] - delay(3): Delayed 3 second(s)

2023-03-03 18:05:28 - [MESSAGE][PASSED] - Delayed 3 second(s)

2023-03-03 18:05:28 - [TEST_STEP][PASSED] - switchToWindowIndex(0): Switched to window with index: '0'

2023-03-03 18:05:28 - [MESSAGE][PASSED] - Switched to window with index: '0'

2023-03-03 18:05:28 - [TEST_STEP][PASSED] - delay(3): Delayed 3 second(s)

2023-03-03 18:05:31 - [MESSAGE][PASSED] - Delayed 3 second(s)

2023-03-03 18:05:31 - [TEST_STEP][PASSED] - setText(findTestObject("Object Repository/06-Teams/For 2FA/input_Enter verification code_code"), code): Text '698745' is set on object 'Object Repository/06-Teams/For 2FA/input_Enter verification code_code'

2023-03-03 18:05:33 - [MESSAGE][PASSED] - Text '698745' is set on object 'Object Repository/06-Teams/For 2FA/input_Enter verification code_code'

2023-03-03 18:05:33 - [TEST_STEP][PASSED] - delay(3): Delayed 3 second(s)

2023-03-03 18:05:36 - [MESSAGE][PASSED] - Delayed 3 second(s)

2023-03-03 18:05:36 - [TEST_STEP][PASSED] - click(findTestObject("06-Teams/For 2FA/button_Verify_2FA")): Object: 'Object Repository/06-Teams/For 2FA/button_Verify_2FA' is clicked on

2023-03-03 18:05:37 - [MESSAGE][PASSED] - Object: 'Object Repository/06-Teams/For 2FA/button_Verify_2FA' is clicked on

2023-03-03 18:05:37 - [TEST_STEP][PASSED] - delay(3): Delayed 3 second(s)

2023-03-03 18:05:40 - [MESSAGE][PASSED] - Delayed 3 second(s)

2023-03-03 18:05:40 - [MESSAGE][PASSED] - Call Test Case 'Test Cases/01-Login and Forgot Password/04-Login(Valid Credentials-With Subscription)' successfully

2023-03-03 18:05:40 - [TEST_STEP][PASSED] - click(findTestObject("06-Teams/button_doublearrow")): Object: 'Object Repository/06-Teams/button_doublearrow' is clicked on

2023-03-03 18:05:44 - [MESSAGE][PASSED] - Object: 'Object Repository/06-Teams/button_doublearrow' is clicked on

2023-03-03 18:05:44 - [TEST_STEP][PASSED] - click(findTestObject("06-Teams/button_My Organizations")): Object: 'Object Repository/06-Teams/button_My Organizations' is clicked on

2023-03-03 18:05:45 - [MESSAGE][PASSED] - Object: 'Object Repository/06-Teams/button_My Organizations' is clicked on

2023-03-03 18:05:45 - [TEST_STEP][PASSED] - click(findTestObject("06-Teams/button_GG Automation")): Object: 'Object Repository/06-Teams/button_GG Automation' is clicked on

2023-03-03 18:05:47 - [MESSAGE][PASSED] - Object: 'Object Repository/06-Teams/button_GG Automation' is clicked on

2023-03-03 18:05:47 - [TEST_STEP][PASSED] - delay(4): Delayed 4 second(s)

2023-03-03 18:05:51 - [MESSAGE][PASSED] - Delayed 4 second(s)

2023-03-03 18:05:51 - [TEST_STEP][PASSED] - verifyElementVisible(findTestObject("06-Teams/span_GG Automation")): Object 'Object Repository/06-Teams/span_GG Automation' is visible

2023-03-03 18:05:52 - [MESSAGE][PASSED] - Object 'Object Repository/06-Teams/span_GG Automation' is visible

2023-03-03 18:05:52 - [TEST_STEP][PASSED] - delay(5): Delayed 5 second(s)

2023-03-03 18:05:57 - [MESSAGE][PASSED] - Delayed 5 second(s)

2023-03-03 18:05:57 - [TEST_STEP][PASSED] - click(findTestObject("03-Header Menu/Hamburger Button/div_Settings")): Object: 'Object Repository/03-Header Menu/Hamburger Button/div_Settings' is clicked on

2023-03-03 18:05:58 - [MESSAGE][PASSED] - Object: 'Object Repository/03-Header Menu/Hamburger Button/div_Settings' is clicked on

2023-03-03 18:05:58 - [TEST_STEP][PASSED] - verifyElementVisible(findTestObject("09-Settings/Users/div_Organization")): Object 'Object Repository/09-Settings/Users/div_Organization' is visible

2023-03-03 18:05:59 - [MESSAGE][PASSED] - Object 'Object Repository/09-Settings/Users/div_Organization' is visible

2023-03-03 18:05:59 - [TEST_STEP][PASSED] - verifyElementVisible(findTestObject("09-Settings/Users/div_Organization Units")): Object 'Object Repository/09-Settings/Users/div_Organization Units' is visible

2023-03-03 18:06:00 - [MESSAGE][PASSED] - Object 'Object Repository/09-Settings/Users/div_Organization Units' is visible

2023-03-03 18:06:00 - [TEST_STEP][PASSED] - scrollToElement(findTestObject("09-Settings/Users/div_Subscriptions"), 0): Scroll to object 'Object Repository/09-Settings/Users/div_Subscriptions' successfully

2023-03-03 18:06:01 - [MESSAGE][WARNING] - Timeout '0' is invalid. Using default page load timeout: '30'

2023-03-03 18:06:01 - [MESSAGE][PASSED] - Scroll to object 'Object Repository/09-Settings/Users/div_Subscriptions' successfully

2023-03-03 18:06:01 - [TEST_STEP][PASSED] - verifyElementVisible(findTestObject("09-Settings/Users/div_Subscriptions")): Object 'Object Repository/09-Settings/Users/div_Subscriptions' is visible

2023-03-03 18:06:02 - [MESSAGE][PASSED] - Object 'Object Repository/09-Settings/Users/div_Subscriptions' is visible

2023-03-03 18:06:02 - [TEST_STEP][PASSED] - verifyElementVisible(findTestObject("09-Settings/Users/div_Users")): Object 'Object Repository/09-Settings/Users/div_Users' is visible

2023-03-03 18:06:04 - [MESSAGE][PASSED] - Object 'Object Repository/09-Settings/Users/div_Users' is visible

2023-03-03 18:06:04 - [TEST_STEP][PASSED] - delay(3): Delayed 3 second(s)

2023-03-03 18:06:07 - [MESSAGE][PASSED] - Delayed 3 second(s)

2023-03-03 18:06:07 - [TEST_STEP][PASSED] - click(findTestObject("09-Settings/Users/div_Users")): Object: 'Object Repository/09-Settings/Users/div_Users' is clicked on

2023-03-03 18:06:09 - [MESSAGE][PASSED] - Object: 'Object Repository/09-Settings/Users/div_Users' is clicked on

2023-03-03 18:06:09 - [TEST_STEP][PASSED] - verifyElementVisible(findTestObject("09-Settings/Users/h4_USERS")): Object 'Object Repository/09-Settings/Users/h4_USERS' is visible

2023-03-03 18:06:12 - [MESSAGE][PASSED] - Object 'Object Repository/09-Settings/Users/h4_USERS' is visible

2023-03-03 18:06:12 - [TEST_STEP][PASSED] - verifyElementVisible(findTestObject("09-Settings/Users/User Page")): Object 'Object Repository/09-Settings/Users/User Page' is visible

2023-03-03 18:06:14 - [MESSAGE][PASSED] - Object 'Object Repository/09-Settings/Users/User Page' is visible

2023-03-03 18:06:14 - [TEST_STEP][PASSED] - delay(3): Delayed 3 second(s)

2023-03-03 18:06:17 - [MESSAGE][PASSED] - Delayed 3 second(s)

2023-03-03 18:06:17 - [TEST_STEP][PASSED] - click(findTestObject("09-Settings/Users/button_add")): Object: 'Object Repository/09-Settings/Users/button_add' is clicked on

2023-03-03 18:06:18 - [MESSAGE][PASSED] - Object: 'Object Repository/09-Settings/Users/button_add' is clicked on

2023-03-03 18:06:18 - [TEST_STEP][PASSED] - verifyElementVisible(findTestObject("09-Settings/Users/User Invitation modal")): Object 'Object Repository/09-Settings/Users/User Invitation modal' is visible

2023-03-03 18:06:19 - [MESSAGE][PASSED] - Object 'Object Repository/09-Settings/Users/User Invitation modal' is visible

2023-03-03 18:06:19 - [TEST_STEP][PASSED] - delay(3): Delayed 3 second(s)

2023-03-03 18:06:22 - [MESSAGE][PASSED] - Delayed 3 second(s)

2023-03-03 18:06:22 - [TEST_STEP][PASSED] - click(findTestObject("09-Settings/Users/add Invite a single user")): Object: 'Object Repository/09-Settings/Users/add Invite a single user' is clicked on

2023-03-03 18:06:23 - [MESSAGE][PASSED] - Object: 'Object Repository/09-Settings/Users/add Invite a single user' is clicked on

2023-03-03 18:06:23 - [TEST_STEP][PASSED] - verifyElementVisible(findTestObject("09-Settings/Users/Invite new user modal")): Object 'Object Repository/09-Settings/Users/Invite new user modal' is visible

2023-03-03 18:06:25 - [MESSAGE][PASSED] - Object 'Object Repository/09-Settings/Users/Invite new user modal' is visible

2023-03-03 18:06:25 - [TEST_STEP][PASSED] - click(findTestObject("09-Settings/Users/input_email")): Object: 'Object Repository/09-Settings/Users/input_email' is clicked on

2023-03-03 18:06:26 - [MESSAGE][PASSED] - Object: 'Object Repository/09-Settings/Users/input_email' is clicked on

2023-03-03 18:06:26 - [TEST_STEP][PASSED] - click(findTestObject("09-Settings/Users/input_firstName")): Object: 'Object Repository/09-Settings/Users/input_firstName' is clicked on

2023-03-03 18:06:27 - [MESSAGE][PASSED] - Object: 'Object Repository/09-Settings/Users/input_firstName' is clicked on

2023-03-03 18:06:27 - [TEST_STEP][PASSED] - click(findTestObject("09-Settings/Users/input_lastName")): Object: 'Object Repository/09-Settings/Users/input_lastName' is clicked on

2023-03-03 18:06:28 - [MESSAGE][PASSED] - Object: 'Object Repository/09-Settings/Users/input_lastName' is clicked on

2023-03-03 18:06:28 - [TEST_STEP][PASSED] - click(findTestObject("09-Settings/Users/span_Role")): Object: 'Object Repository/09-Settings/Users/span_Role' is clicked on

2023-03-03 18:06:30 - [MESSAGE][PASSED] - Object: 'Object Repository/09-Settings/Users/span_Role' is clicked on

2023-03-03 18:06:30 - [TEST_STEP][PASSED] - clickOffset(findTestObject("09-Settings/Users/h4_Invite New User"), 100, 100): Object: 'Object Repository/09-Settings/Users/h4_Invite New User' is clicked on using offset x=100 and y=100

2023-03-03 18:06:31 - [MESSAGE][PASSED] - Object: 'Object Repository/09-Settings/Users/h4_Invite New User' is clicked on using offset x=100 and y=100

2023-03-03 18:06:31 - [TEST_STEP][PASSED] - verifyElementVisible(findTestObject("09-Settings/Users/Email required")): Object 'Object Repository/09-Settings/Users/Email required' is visible

2023-03-03 18:06:32 - [MESSAGE][PASSED] - Object 'Object Repository/09-Settings/Users/Email required' is visible

2023-03-03 18:06:32 - [TEST_STEP][PASSED] - verifyElementVisible(findTestObject("09-Settings/Users/Firstname required")): Object 'Object Repository/09-Settings/Users/Firstname required' is visible

2023-03-03 18:06:34 - [MESSAGE][PASSED] - Object 'Object Repository/09-Settings/Users/Firstname required' is visible

2023-03-03 18:06:34 - [TEST_STEP][PASSED] - verifyElementVisible(findTestObject("09-Settings/Users/last name required")): Object 'Object Repository/09-Settings/Users/last name required' is visible

2023-03-03 18:06:35 - [MESSAGE][PASSED] - Object 'Object Repository/09-Settings/Users/last name required' is visible

2023-03-03 18:06:35 - [TEST_STEP][PASSED] - verifyElementVisible(findTestObject("09-Settings/Users/error_Select a role")): Object 'Object Repository/09-Settings/Users/error_Select a role' is visible

2023-03-03 18:06:36 - [MESSAGE][PASSED] - Object 'Object Repository/09-Settings/Users/error_Select a role' is visible]]></system-out>
         <system-err><![CDATA[]]></system-err>
      </testcase>
      <testcase name="Test Cases/09-Settings/02 - Users (Invite new user as co worker)" time="193.427" classname="Test Cases/09-Settings/02 - Users (Invite new user as co worker)" status="PASSED">
         <system-out><![CDATA[2023-03-03 18:06:36 - [TEST_CASE][PASSED] - Test Cases/09-Settings/02 - Users (Invite new user as co worker): Test Cases/09-Settings/02 - Users (Invite new user as co worker)

2023-03-03 18:06:38 - [TEST_STEP][PASSED] - delay(3): Delayed 3 second(s)

2023-03-03 18:06:41 - [MESSAGE][PASSED] - Delayed 3 second(s)

2023-03-03 18:06:41 - [TEST_STEP][PASSED] - setText(findTestObject("09-Settings/Users/input_email"), "autotester04@mailinator.com"): Text 'autotester04@mailinator.com' is set on object 'Object Repository/09-Settings/Users/input_email'

2023-03-03 18:06:46 - [MESSAGE][PASSED] - Text 'autotester04@mailinator.com' is set on object 'Object Repository/09-Settings/Users/input_email'

2023-03-03 18:06:46 - [TEST_STEP][PASSED] - setText(findTestObject("09-Settings/Users/input_firstName"), "GG"): Text 'GG' is set on object 'Object Repository/09-Settings/Users/input_firstName'

2023-03-03 18:06:47 - [MESSAGE][PASSED] - Text 'GG' is set on object 'Object Repository/09-Settings/Users/input_firstName'

2023-03-03 18:06:47 - [TEST_STEP][PASSED] - setText(findTestObject("09-Settings/Users/input_lastName"), "Auto Contact 2"): Text 'Auto Contact 2' is set on object 'Object Repository/09-Settings/Users/input_lastName'

2023-03-03 18:06:50 - [MESSAGE][PASSED] - Text 'Auto Contact 2' is set on object 'Object Repository/09-Settings/Users/input_lastName'

2023-03-03 18:06:50 - [TEST_STEP][PASSED] - click(findTestObject("09-Settings/Users/span_Role")): Object: 'Object Repository/09-Settings/Users/span_Role' is clicked on

2023-03-03 18:06:51 - [MESSAGE][PASSED] - Object: 'Object Repository/09-Settings/Users/span_Role' is clicked on

2023-03-03 18:06:51 - [TEST_STEP][PASSED] - click(findTestObject("09-Settings/Users/span_CoWorker")): Object: 'Object Repository/09-Settings/Users/span_CoWorker' is clicked on

2023-03-03 18:06:52 - [MESSAGE][PASSED] - Object: 'Object Repository/09-Settings/Users/span_CoWorker' is clicked on

2023-03-03 18:06:52 - [TEST_STEP][PASSED] - click(findTestObject("09-Settings/Users/button_Send Invitation")): Object: 'Object Repository/09-Settings/Users/button_Send Invitation' is clicked on

2023-03-03 18:06:54 - [MESSAGE][PASSED] - Object: 'Object Repository/09-Settings/Users/button_Send Invitation' is clicked on

2023-03-03 18:06:54 - [TEST_STEP][PASSED] - delay(2): Delayed 2 second(s)

2023-03-03 18:06:56 - [MESSAGE][PASSED] - Delayed 2 second(s)

2023-03-03 18:06:56 - [TEST_STEP][PASSED] - verifyElementVisible(findTestObject("07-Directory/Connections/zContact Profile/Successfully invited user")): Object 'Object Repository/07-Directory/Connections/zContact Profile/Successfully invited user' is visible

2023-03-03 18:06:58 - [MESSAGE][PASSED] - Object 'Object Repository/07-Directory/Connections/zContact Profile/Successfully invited user' is visible

2023-03-03 18:06:58 - [TEST_STEP][PASSED] - delay(2): Delayed 2 second(s)

2023-03-03 18:07:00 - [MESSAGE][PASSED] - Delayed 2 second(s)

2023-03-03 18:07:00 - [TEST_STEP][PASSED] - executeJavaScript("window.open();", []): Execute JavaScript 'window.open();' successfully

2023-03-03 18:07:01 - [MESSAGE][PASSED] - Execute JavaScript 'window.open();' successfully

2023-03-03 18:07:01 - [TEST_STEP][PASSED] - currentWindow = getWindowIndex(): Current window's index is: 0

2023-03-03 18:07:01 - [MESSAGE][PASSED] - Current window's index is: 0

2023-03-03 18:07:01 - [TEST_STEP][PASSED] - delay(3): Delayed 3 second(s)

2023-03-03 18:07:04 - [MESSAGE][PASSED] - Delayed 3 second(s)

2023-03-03 18:07:04 - [TEST_STEP][PASSED] - switchToWindowIndex(currentWindow + 1): Switched to window with index: '1'

2023-03-03 18:07:04 - [MESSAGE][PASSED] - Switched to window with index: '1'

2023-03-03 18:07:04 - [TEST_STEP][PASSED] - navigateToUrl("https://www.mailinator.com/"): Navigate to 'https://www.mailinator.com/' successfully

2023-03-03 18:07:12 - [MESSAGE][PASSED] - Navigate to 'https://www.mailinator.com/' successfully

2023-03-03 18:07:12 - [TEST_STEP][PASSED] - delay(3): Delayed 3 second(s)

2023-03-03 18:07:15 - [MESSAGE][PASSED] - Delayed 3 second(s)

2023-03-03 18:07:15 - [TEST_STEP][PASSED] - setText(findTestObject("00-Signup and Activation/zMailinator/input_LOGIN_search"), "autotester04@mailinator.com"): Text 'autotester04@mailinator.com' is set on object 'Object Repository/00-Signup and Activation/zMailinator/input_LOGIN_search'

2023-03-03 18:07:16 - [MESSAGE][PASSED] - Text 'autotester04@mailinator.com' is set on object 'Object Repository/00-Signup and Activation/zMailinator/input_LOGIN_search'

2023-03-03 18:07:16 - [TEST_STEP][PASSED] - click(findTestObject("00-Signup and Activation/zMailinator/gobutton"), STOP_ON_FAILURE): Object: 'Object Repository/00-Signup and Activation/zMailinator/gobutton' is clicked on

2023-03-03 18:07:19 - [MESSAGE][PASSED] - Object: 'Object Repository/00-Signup and Activation/zMailinator/gobutton' is clicked on

2023-03-03 18:07:19 - [TEST_STEP][PASSED] - delay(3): Delayed 3 second(s)

2023-03-03 18:07:22 - [MESSAGE][PASSED] - Delayed 3 second(s)

2023-03-03 18:07:22 - [TEST_STEP][PASSED] - closeWindowTitle("Everleagues"): Window with title: 'Everleagues' is closed

2023-03-03 18:07:23 - [MESSAGE][PASSED] - Window with title: 'Everleagues' is closed

2023-03-03 18:07:23 - [TEST_STEP][PASSED] - switchToWindowIndex(0): Switched to window with index: '0'

2023-03-03 18:07:23 - [MESSAGE][PASSED] - Switched to window with index: '0'

2023-03-03 18:07:23 - [TEST_STEP][PASSED] - click(findTestObject("09-Settings/Users/Co worker/td_Invitation from GG Automation")): Object: 'Object Repository/09-Settings/Users/Co worker/td_Invitation from GG Automation' is clicked on

2023-03-03 18:07:24 - [MESSAGE][PASSED] - Object: 'Object Repository/09-Settings/Users/Co worker/td_Invitation from GG Automation' is clicked on

2023-03-03 18:07:24 - [TEST_STEP][PASSED] - click(findTestObject("09-Settings/Users/Co worker/a_Click here to join GG Automation on EverLeagues")): Object: 'Object Repository/09-Settings/Users/Co worker/a_Click here to join GG Automation on EverLeagues' is clicked on

2023-03-03 18:07:26 - [MESSAGE][PASSED] - Object: 'Object Repository/09-Settings/Users/Co worker/a_Click here to join GG Automation on EverLeagues' is clicked on

2023-03-03 18:07:26 - [TEST_STEP][PASSED] - closeWindowTitle("Mailinator"): Window with title: 'Mailinator' is closed

2023-03-03 18:07:26 - [MESSAGE][PASSED] - Window with title: 'Mailinator' is closed

2023-03-03 18:07:26 - [TEST_STEP][PASSED] - switchToWindowIndex(0): Switched to window with index: '0'

2023-03-03 18:07:26 - [MESSAGE][PASSED] - Switched to window with index: '0'

2023-03-03 18:07:26 - [TEST_STEP][PASSED] - verifyElementVisible(findTestObject("09-Settings/Users/Co worker/Logout before proceed modal")): Object 'Object Repository/09-Settings/Users/Co worker/Logout before proceed modal' is visible

2023-03-03 18:07:54 - [MESSAGE][PASSED] - Object 'Object Repository/09-Settings/Users/Co worker/Logout before proceed modal' is visible

2023-03-03 18:07:54 - [TEST_STEP][PASSED] - click(findTestObject("09-Settings/Users/Co worker/button_Yes")): Object: 'Object Repository/09-Settings/Users/Co worker/button_Yes' is clicked on

2023-03-03 18:07:58 - [MESSAGE][PASSED] - Object: 'Object Repository/09-Settings/Users/Co worker/button_Yes' is clicked on

2023-03-03 18:07:58 - [TEST_STEP][PASSED] - delay(3): Delayed 3 second(s)

2023-03-03 18:08:01 - [MESSAGE][PASSED] - Delayed 3 second(s)

2023-03-03 18:08:01 - [TEST_STEP][PASSED] - setText(findTestObject("09-Settings/Users/input_email"), "autotester04@mailinator.com"): Text 'autotester04@mailinator.com' is set on object 'Object Repository/09-Settings/Users/input_email'

2023-03-03 18:08:03 - [MESSAGE][PASSED] - Text 'autotester04@mailinator.com' is set on object 'Object Repository/09-Settings/Users/input_email'

2023-03-03 18:08:03 - [TEST_STEP][PASSED] - setEncryptedText(findTestObject("09-Settings/Users/Co worker/input_password"), "8yFRyszE6U6jvsCn51OQbg=="): Text ****** has been set on object 'Object Repository/09-Settings/Users/Co worker/input_password'

2023-03-03 18:08:04 - [MESSAGE][PASSED] - Text ****** has been set on object 'Object Repository/09-Settings/Users/Co worker/input_password'

2023-03-03 18:08:04 - [TEST_STEP][PASSED] - click(findTestObject("02-Side Icons(Organization)/Add Contact/button_Sign in")): Object: 'Object Repository/02-Side Icons(Organization)/Add Contact/button_Sign in' is clicked on

2023-03-03 18:08:05 - [MESSAGE][PASSED] - Object: 'Object Repository/02-Side Icons(Organization)/Add Contact/button_Sign in' is clicked on

2023-03-03 18:08:05 - [TEST_STEP][PASSED] - delay(2): Delayed 2 second(s)

2023-03-03 18:08:07 - [MESSAGE][PASSED] - Delayed 2 second(s)

2023-03-03 18:08:07 - [TEST_STEP][PASSED] - click(findTestObject("06-Teams/For 2FA/button_Confirm_2FA")): Object: 'Object Repository/06-Teams/For 2FA/button_Confirm_2FA' is clicked on

2023-03-03 18:08:08 - [MESSAGE][PASSED] - Object: 'Object Repository/06-Teams/For 2FA/button_Confirm_2FA' is clicked on

2023-03-03 18:08:08 - [TEST_STEP][PASSED] - executeJavaScript("window.open();", []): Execute JavaScript 'window.open();' successfully

2023-03-03 18:08:08 - [MESSAGE][PASSED] - Execute JavaScript 'window.open();' successfully

2023-03-03 18:08:08 - [TEST_STEP][PASSED] - currentWindow = getWindowIndex(): Current window's index is: 0

2023-03-03 18:08:08 - [MESSAGE][PASSED] - Current window's index is: 0

2023-03-03 18:08:08 - [TEST_STEP][PASSED] - delay(3): Delayed 3 second(s)

2023-03-03 18:08:11 - [MESSAGE][PASSED] - Delayed 3 second(s)

2023-03-03 18:08:11 - [TEST_STEP][PASSED] - switchToWindowIndex(currentWindow + 1): Switched to window with index: '1'

2023-03-03 18:08:11 - [MESSAGE][PASSED] - Switched to window with index: '1'

2023-03-03 18:08:11 - [TEST_STEP][PASSED] - navigateToUrl("https://www.mailinator.com/"): Navigate to 'https://www.mailinator.com/' successfully

2023-03-03 18:08:18 - [MESSAGE][PASSED] - Navigate to 'https://www.mailinator.com/' successfully

2023-03-03 18:08:18 - [TEST_STEP][PASSED] - delay(3): Delayed 3 second(s)

2023-03-03 18:08:21 - [MESSAGE][PASSED] - Delayed 3 second(s)

2023-03-03 18:08:21 - [TEST_STEP][PASSED] - setText(findTestObject("00-Signup and Activation/zMailinator/input_LOGIN_search"), "autotester04@mailinator.com"): Text 'autotester04@mailinator.com' is set on object 'Object Repository/00-Signup and Activation/zMailinator/input_LOGIN_search'

2023-03-03 18:08:22 - [MESSAGE][PASSED] - Text 'autotester04@mailinator.com' is set on object 'Object Repository/00-Signup and Activation/zMailinator/input_LOGIN_search'

2023-03-03 18:08:22 - [TEST_STEP][PASSED] - click(findTestObject("00-Signup and Activation/zMailinator/gobutton"), STOP_ON_FAILURE): Object: 'Object Repository/00-Signup and Activation/zMailinator/gobutton' is clicked on

2023-03-03 18:08:25 - [MESSAGE][PASSED] - Object: 'Object Repository/00-Signup and Activation/zMailinator/gobutton' is clicked on

2023-03-03 18:08:25 - [TEST_STEP][PASSED] - delay(3): Delayed 3 second(s)

2023-03-03 18:08:28 - [MESSAGE][PASSED] - Delayed 3 second(s)

2023-03-03 18:08:28 - [TEST_STEP][PASSED] - click(findTestObject("00-Signup and Activation/zMailinator/Email - everleagues")): Object: 'Object Repository/00-Signup and Activation/zMailinator/Email - everleagues' is clicked on

2023-03-03 18:08:29 - [MESSAGE][PASSED] - Object: 'Object Repository/00-Signup and Activation/zMailinator/Email - everleagues' is clicked on

2023-03-03 18:08:29 - [TEST_STEP][PASSED] - delay(3): Delayed 3 second(s)

2023-03-03 18:08:32 - [MESSAGE][PASSED] - Delayed 3 second(s)

2023-03-03 18:08:32 - [TEST_STEP][PASSED] - codetwo = getText(findTestObject("Object Repository/06-Teams/For 2FA/2FA code")): Text of object 'Object Repository/06-Teams/For 2FA/2FA code' is: '300873'

2023-03-03 18:08:33 - [MESSAGE][PASSED] - Text of object 'Object Repository/06-Teams/For 2FA/2FA code' is: '300873'

2023-03-03 18:08:33 - [TEST_STEP][PASSED] - delay(3): Delayed 3 second(s)

2023-03-03 18:08:36 - [MESSAGE][PASSED] - Delayed 3 second(s)

2023-03-03 18:08:36 - [TEST_STEP][PASSED] - closeWindowTitle("Mailinator"): Window with title: 'Mailinator' is closed

2023-03-03 18:08:37 - [MESSAGE][PASSED] - Window with title: 'Mailinator' is closed

2023-03-03 18:08:37 - [TEST_STEP][PASSED] - delay(3): Delayed 3 second(s)

2023-03-03 18:08:40 - [MESSAGE][PASSED] - Delayed 3 second(s)

2023-03-03 18:08:40 - [TEST_STEP][PASSED] - switchToWindowIndex(0): Switched to window with index: '0'

2023-03-03 18:08:40 - [MESSAGE][PASSED] - Switched to window with index: '0'

2023-03-03 18:08:40 - [TEST_STEP][PASSED] - delay(3): Delayed 3 second(s)

2023-03-03 18:08:43 - [MESSAGE][PASSED] - Delayed 3 second(s)

2023-03-03 18:08:43 - [TEST_STEP][PASSED] - setText(findTestObject("Object Repository/06-Teams/For 2FA/input_Enter verification code_code"), codetwo): Text '300873' is set on object 'Object Repository/06-Teams/For 2FA/input_Enter verification code_code'

2023-03-03 18:08:45 - [MESSAGE][PASSED] - Text '300873' is set on object 'Object Repository/06-Teams/For 2FA/input_Enter verification code_code'

2023-03-03 18:08:45 - [TEST_STEP][PASSED] - delay(3): Delayed 3 second(s)

2023-03-03 18:08:48 - [MESSAGE][PASSED] - Delayed 3 second(s)

2023-03-03 18:08:48 - [TEST_STEP][PASSED] - click(findTestObject("06-Teams/For 2FA/button_Verify_2FA")): Object: 'Object Repository/06-Teams/For 2FA/button_Verify_2FA' is clicked on

2023-03-03 18:08:49 - [MESSAGE][PASSED] - Object: 'Object Repository/06-Teams/For 2FA/button_Verify_2FA' is clicked on

2023-03-03 18:08:49 - [TEST_STEP][PASSED] - delay(5): Delayed 5 second(s)

2023-03-03 18:08:54 - [MESSAGE][PASSED] - Delayed 5 second(s)

2023-03-03 18:08:54 - [TEST_STEP][PASSED] - executeJavaScript("window.open();", []): Execute JavaScript 'window.open();' successfully

2023-03-03 18:08:54 - [MESSAGE][PASSED] - Execute JavaScript 'window.open();' successfully

2023-03-03 18:08:54 - [TEST_STEP][PASSED] - currentWindow = getWindowIndex(): Current window's index is: 0

2023-03-03 18:08:54 - [MESSAGE][PASSED] - Current window's index is: 0

2023-03-03 18:08:54 - [TEST_STEP][PASSED] - delay(3): Delayed 3 second(s)

2023-03-03 18:08:57 - [MESSAGE][PASSED] - Delayed 3 second(s)

2023-03-03 18:08:57 - [TEST_STEP][PASSED] - switchToWindowIndex(currentWindow + 1): Switched to window with index: '1'

2023-03-03 18:08:58 - [MESSAGE][PASSED] - Switched to window with index: '1'

2023-03-03 18:08:58 - [TEST_STEP][PASSED] - navigateToUrl("https://www.mailinator.com/"): Navigate to 'https://www.mailinator.com/' successfully

2023-03-03 18:09:02 - [MESSAGE][PASSED] - Navigate to 'https://www.mailinator.com/' successfully

2023-03-03 18:09:02 - [TEST_STEP][PASSED] - delay(3): Delayed 3 second(s)

2023-03-03 18:09:05 - [MESSAGE][PASSED] - Delayed 3 second(s)

2023-03-03 18:09:05 - [TEST_STEP][PASSED] - setText(findTestObject("00-Signup and Activation/zMailinator/input_LOGIN_search"), "autotester04@mailinator.com"): Text 'autotester04@mailinator.com' is set on object 'Object Repository/00-Signup and Activation/zMailinator/input_LOGIN_search'

2023-03-03 18:09:07 - [MESSAGE][PASSED] - Text 'autotester04@mailinator.com' is set on object 'Object Repository/00-Signup and Activation/zMailinator/input_LOGIN_search'

2023-03-03 18:09:07 - [TEST_STEP][PASSED] - click(findTestObject("00-Signup and Activation/zMailinator/gobutton"), STOP_ON_FAILURE): Object: 'Object Repository/00-Signup and Activation/zMailinator/gobutton' is clicked on

2023-03-03 18:09:09 - [MESSAGE][PASSED] - Object: 'Object Repository/00-Signup and Activation/zMailinator/gobutton' is clicked on

2023-03-03 18:09:09 - [TEST_STEP][PASSED] - delay(3): Delayed 3 second(s)

2023-03-03 18:09:12 - [MESSAGE][PASSED] - Delayed 3 second(s)

2023-03-03 18:09:12 - [TEST_STEP][PASSED] - closeWindowTitle("Everleagues"): Window with title: 'Everleagues' is closed

2023-03-03 18:09:13 - [MESSAGE][PASSED] - Window with title: 'Everleagues' is closed

2023-03-03 18:09:13 - [TEST_STEP][PASSED] - switchToWindowIndex(0): Switched to window with index: '0'

2023-03-03 18:09:13 - [MESSAGE][PASSED] - Switched to window with index: '0'

2023-03-03 18:09:13 - [TEST_STEP][PASSED] - click(findTestObject("09-Settings/Users/Co worker/td_Invitation from GG Automation")): Object: 'Object Repository/09-Settings/Users/Co worker/td_Invitation from GG Automation' is clicked on

2023-03-03 18:09:14 - [MESSAGE][PASSED] - Object: 'Object Repository/09-Settings/Users/Co worker/td_Invitation from GG Automation' is clicked on

2023-03-03 18:09:14 - [TEST_STEP][PASSED] - click(findTestObject("09-Settings/Users/Co worker/a_Click here to join GG Automation on EverLeagues")): Object: 'Object Repository/09-Settings/Users/Co worker/a_Click here to join GG Automation on EverLeagues' is clicked on

2023-03-03 18:09:16 - [MESSAGE][PASSED] - Object: 'Object Repository/09-Settings/Users/Co worker/a_Click here to join GG Automation on EverLeagues' is clicked on

2023-03-03 18:09:16 - [TEST_STEP][PASSED] - delay(3): Delayed 3 second(s)

2023-03-03 18:09:19 - [MESSAGE][PASSED] - Delayed 3 second(s)

2023-03-03 18:09:19 - [TEST_STEP][PASSED] - closeWindowTitle("Mailinator"): Window with title: 'Mailinator' is closed

2023-03-03 18:09:27 - [MESSAGE][PASSED] - Window with title: 'Mailinator' is closed

2023-03-03 18:09:27 - [TEST_STEP][PASSED] - switchToWindowIndex(0): Switched to window with index: '0'

2023-03-03 18:09:27 - [MESSAGE][PASSED] - Switched to window with index: '0'

2023-03-03 18:09:27 - [TEST_STEP][PASSED] - verifyElementVisible(findTestObject("09-Settings/Users/Co worker/Invite modal")): Object 'Object Repository/09-Settings/Users/Co worker/Invite modal' is visible

2023-03-03 18:09:37 - [MESSAGE][PASSED] - Object 'Object Repository/09-Settings/Users/Co worker/Invite modal' is visible

2023-03-03 18:09:37 - [TEST_STEP][PASSED] - click(findTestObject("09-Settings/Users/Co worker/button_Accept")): Object: 'Object Repository/09-Settings/Users/Co worker/button_Accept' is clicked on

2023-03-03 18:09:38 - [MESSAGE][PASSED] - Object: 'Object Repository/09-Settings/Users/Co worker/button_Accept' is clicked on

2023-03-03 18:09:38 - [TEST_STEP][PASSED] - delay(5): Delayed 5 second(s)

2023-03-03 18:09:43 - [MESSAGE][PASSED] - Delayed 5 second(s)

2023-03-03 18:09:43 - [TEST_STEP][PASSED] - verifyElementVisible(findTestObject("09-Settings/Users/Co worker/div_Joined as CoWorker")): Object 'Object Repository/09-Settings/Users/Co worker/div_Joined as CoWorker' is visible

2023-03-03 18:09:46 - [MESSAGE][PASSED] - Object 'Object Repository/09-Settings/Users/Co worker/div_Joined as CoWorker' is visible

2023-03-03 18:09:46 - [TEST_STEP][PASSED] - closeBrowser(): Browser is closed

2023-03-03 18:09:49 - [MESSAGE][PASSED] - Browser is closed]]></system-out>
         <system-err><![CDATA[]]></system-err>
      </testcase>
      <testcase name="Test Cases/09-Settings/03 - Users (Invite new user as client)" time="310.548" classname="Test Cases/09-Settings/03 - Users (Invite new user as client)" status="PASSED">
         <system-out><![CDATA[2023-03-03 18:09:50 - [TEST_CASE][PASSED] - Test Cases/09-Settings/03 - Users (Invite new user as client): Test Cases/09-Settings/03 - Users (Invite new user as client)

2023-03-03 18:09:52 - [TEST_STEP][PASSED] - openBrowser(""): Browser is opened with url: ''

2023-03-03 18:09:52 - [MESSAGE][INFO] - Starting 'Chrome' driver

2023-03-03 18:09:52 - [MESSAGE][INFO] - Action delay is set to 0 milliseconds

2023-03-03 18:09:55 - [MESSAGE][PASSED] - Browser is opened with url: ''

2023-03-03 18:09:55 - [TEST_STEP][PASSED] - navigateToUrl("https://lab.everleagues.com/"): Navigate to 'https://lab.everleagues.com/' successfully

2023-03-03 18:10:23 - [MESSAGE][PASSED] - Navigate to 'https://lab.everleagues.com/' successfully

2023-03-03 18:10:23 - [TEST_STEP][PASSED] - maximizeWindow(): Current window maximized

2023-03-03 18:10:23 - [MESSAGE][PASSED] - Current window maximized

2023-03-03 18:10:23 - [TEST_STEP][PASSED] - callTestCase(findTestCase("01-Login and Forgot Password/04-Login(Valid Credentials-With Subscription)"), [:], STOP_ON_FAILURE): Call Test Case 'Test Cases/01-Login and Forgot Password/04-Login(Valid Credentials-With Subscription)' successfully

2023-03-03 18:10:24 - [TEST_CASE][PASSED] - Test Cases/01-Login and Forgot Password/04-Login(Valid Credentials-With Subscription): Test Cases/01-Login and Forgot Password/04-Login(Valid Credentials-With Subscription)

2023-03-03 18:10:24 - [TEST_STEP][PASSED] - setText(findTestObject("01-Login and Forgot Password/input_Email_email"), "testuser02@mailinator.com"): Text 'testuser02@mailinator.com' is set on object 'Object Repository/01-Login and Forgot Password/input_Email_email'

2023-03-03 18:10:26 - [MESSAGE][PASSED] - Text 'testuser02@mailinator.com' is set on object 'Object Repository/01-Login and Forgot Password/input_Email_email'

2023-03-03 18:10:26 - [TEST_STEP][PASSED] - setEncryptedText(findTestObject("01-Login and Forgot Password/input_Email_password"), "8yFRyszE6U6jvsCn51OQbg=="): Text ****** has been set on object 'Object Repository/01-Login and Forgot Password/input_Email_password'

2023-03-03 18:10:28 - [MESSAGE][PASSED] - Text ****** has been set on object 'Object Repository/01-Login and Forgot Password/input_Email_password'

2023-03-03 18:10:28 - [TEST_STEP][PASSED] - delay(2): Delayed 2 second(s)

2023-03-03 18:10:30 - [MESSAGE][PASSED] - Delayed 2 second(s)

2023-03-03 18:10:30 - [TEST_STEP][PASSED] - click(findTestObject("01-Login and Forgot Password/show pass button")): Object: 'Object Repository/01-Login and Forgot Password/show pass button' is clicked on

2023-03-03 18:10:32 - [MESSAGE][PASSED] - Object: 'Object Repository/01-Login and Forgot Password/show pass button' is clicked on

2023-03-03 18:10:32 - [TEST_STEP][PASSED] - delay(3): Delayed 3 second(s)

2023-03-03 18:10:35 - [MESSAGE][PASSED] - Delayed 3 second(s)

2023-03-03 18:10:35 - [TEST_STEP][PASSED] - click(findTestObject("01-Login and Forgot Password/button_Sign in")): Object: 'Object Repository/01-Login and Forgot Password/button_Sign in' is clicked on

2023-03-03 18:10:36 - [MESSAGE][PASSED] - Object: 'Object Repository/01-Login and Forgot Password/button_Sign in' is clicked on

2023-03-03 18:10:36 - [TEST_STEP][PASSED] - delay(3): Delayed 3 second(s)

2023-03-03 18:10:39 - [MESSAGE][PASSED] - Delayed 3 second(s)

2023-03-03 18:10:39 - [TEST_STEP][PASSED] - click(findTestObject("06-Teams/For 2FA/button_Confirm_2FA")): Object: 'Object Repository/06-Teams/For 2FA/button_Confirm_2FA' is clicked on

2023-03-03 18:10:40 - [MESSAGE][PASSED] - Object: 'Object Repository/06-Teams/For 2FA/button_Confirm_2FA' is clicked on

2023-03-03 18:10:40 - [TEST_STEP][PASSED] - executeJavaScript("window.open();", []): Execute JavaScript 'window.open();' successfully

2023-03-03 18:10:40 - [MESSAGE][PASSED] - Execute JavaScript 'window.open();' successfully

2023-03-03 18:10:40 - [TEST_STEP][PASSED] - currentWindow = getWindowIndex(): Current window's index is: 0

2023-03-03 18:10:41 - [MESSAGE][PASSED] - Current window's index is: 0

2023-03-03 18:10:41 - [TEST_STEP][PASSED] - delay(3): Delayed 3 second(s)

2023-03-03 18:10:44 - [MESSAGE][PASSED] - Delayed 3 second(s)

2023-03-03 18:10:44 - [TEST_STEP][PASSED] - switchToWindowIndex(currentWindow + 1): Switched to window with index: '1'

2023-03-03 18:10:44 - [MESSAGE][PASSED] - Switched to window with index: '1'

2023-03-03 18:10:44 - [TEST_STEP][PASSED] - navigateToUrl("https://www.mailinator.com/"): Navigate to 'https://www.mailinator.com/' successfully

2023-03-03 18:10:54 - [MESSAGE][PASSED] - Navigate to 'https://www.mailinator.com/' successfully

2023-03-03 18:10:54 - [TEST_STEP][PASSED] - delay(3): Delayed 3 second(s)

2023-03-03 18:10:57 - [MESSAGE][PASSED] - Delayed 3 second(s)

2023-03-03 18:10:57 - [TEST_STEP][PASSED] - setText(findTestObject("00-Signup and Activation/zMailinator/input_LOGIN_search"), "testuser02@mailinator.com"): Text 'testuser02@mailinator.com' is set on object 'Object Repository/00-Signup and Activation/zMailinator/input_LOGIN_search'

2023-03-03 18:10:58 - [MESSAGE][PASSED] - Text 'testuser02@mailinator.com' is set on object 'Object Repository/00-Signup and Activation/zMailinator/input_LOGIN_search'

2023-03-03 18:10:58 - [TEST_STEP][PASSED] - click(findTestObject("00-Signup and Activation/zMailinator/gobutton"), STOP_ON_FAILURE): Object: 'Object Repository/00-Signup and Activation/zMailinator/gobutton' is clicked on

2023-03-03 18:11:01 - [MESSAGE][PASSED] - Object: 'Object Repository/00-Signup and Activation/zMailinator/gobutton' is clicked on

2023-03-03 18:11:01 - [TEST_STEP][PASSED] - delay(3): Delayed 3 second(s)

2023-03-03 18:11:04 - [MESSAGE][PASSED] - Delayed 3 second(s)

2023-03-03 18:11:04 - [TEST_STEP][PASSED] - click(findTestObject("00-Signup and Activation/zMailinator/Email - everleagues")): Object: 'Object Repository/00-Signup and Activation/zMailinator/Email - everleagues' is clicked on

2023-03-03 18:11:05 - [MESSAGE][PASSED] - Object: 'Object Repository/00-Signup and Activation/zMailinator/Email - everleagues' is clicked on

2023-03-03 18:11:05 - [TEST_STEP][PASSED] - delay(3): Delayed 3 second(s)

2023-03-03 18:11:08 - [MESSAGE][PASSED] - Delayed 3 second(s)

2023-03-03 18:11:08 - [TEST_STEP][PASSED] - code = getText(findTestObject("Object Repository/06-Teams/For 2FA/2FA code")): Text of object 'Object Repository/06-Teams/For 2FA/2FA code' is: '648935'

2023-03-03 18:11:09 - [MESSAGE][PASSED] - Text of object 'Object Repository/06-Teams/For 2FA/2FA code' is: '648935'

2023-03-03 18:11:09 - [TEST_STEP][PASSED] - delay(3): Delayed 3 second(s)

2023-03-03 18:11:12 - [MESSAGE][PASSED] - Delayed 3 second(s)

2023-03-03 18:11:12 - [TEST_STEP][PASSED] - closeWindowTitle("Mailinator"): Window with title: 'Mailinator' is closed

2023-03-03 18:11:13 - [MESSAGE][PASSED] - Window with title: 'Mailinator' is closed

2023-03-03 18:11:13 - [TEST_STEP][PASSED] - delay(3): Delayed 3 second(s)

2023-03-03 18:11:16 - [MESSAGE][PASSED] - Delayed 3 second(s)

2023-03-03 18:11:16 - [TEST_STEP][PASSED] - switchToWindowIndex(0): Switched to window with index: '0'

2023-03-03 18:11:16 - [MESSAGE][PASSED] - Switched to window with index: '0'

2023-03-03 18:11:16 - [TEST_STEP][PASSED] - delay(3): Delayed 3 second(s)

2023-03-03 18:11:19 - [MESSAGE][PASSED] - Delayed 3 second(s)

2023-03-03 18:11:19 - [TEST_STEP][PASSED] - setText(findTestObject("Object Repository/06-Teams/For 2FA/input_Enter verification code_code"), code): Text '648935' is set on object 'Object Repository/06-Teams/For 2FA/input_Enter verification code_code'

2023-03-03 18:11:20 - [MESSAGE][PASSED] - Text '648935' is set on object 'Object Repository/06-Teams/For 2FA/input_Enter verification code_code'

2023-03-03 18:11:20 - [TEST_STEP][PASSED] - delay(3): Delayed 3 second(s)

2023-03-03 18:11:23 - [MESSAGE][PASSED] - Delayed 3 second(s)

2023-03-03 18:11:23 - [TEST_STEP][PASSED] - click(findTestObject("06-Teams/For 2FA/button_Verify_2FA")): Object: 'Object Repository/06-Teams/For 2FA/button_Verify_2FA' is clicked on

2023-03-03 18:11:24 - [MESSAGE][PASSED] - Object: 'Object Repository/06-Teams/For 2FA/button_Verify_2FA' is clicked on

2023-03-03 18:11:24 - [TEST_STEP][PASSED] - delay(3): Delayed 3 second(s)

2023-03-03 18:11:27 - [MESSAGE][PASSED] - Delayed 3 second(s)

2023-03-03 18:11:27 - [MESSAGE][PASSED] - Call Test Case 'Test Cases/01-Login and Forgot Password/04-Login(Valid Credentials-With Subscription)' successfully

2023-03-03 18:11:27 - [TEST_STEP][PASSED] - click(findTestObject("06-Teams/button_doublearrow")): Object: 'Object Repository/06-Teams/button_doublearrow' is clicked on

2023-03-03 18:11:31 - [MESSAGE][PASSED] - Object: 'Object Repository/06-Teams/button_doublearrow' is clicked on

2023-03-03 18:11:31 - [TEST_STEP][PASSED] - click(findTestObject("06-Teams/button_My Organizations")): Object: 'Object Repository/06-Teams/button_My Organizations' is clicked on

2023-03-03 18:11:33 - [MESSAGE][PASSED] - Object: 'Object Repository/06-Teams/button_My Organizations' is clicked on

2023-03-03 18:11:33 - [TEST_STEP][PASSED] - click(findTestObject("06-Teams/button_GG Automation")): Object: 'Object Repository/06-Teams/button_GG Automation' is clicked on

2023-03-03 18:11:34 - [MESSAGE][PASSED] - Object: 'Object Repository/06-Teams/button_GG Automation' is clicked on

2023-03-03 18:11:34 - [TEST_STEP][PASSED] - delay(4): Delayed 4 second(s)

2023-03-03 18:11:38 - [MESSAGE][PASSED] - Delayed 4 second(s)

2023-03-03 18:11:38 - [TEST_STEP][PASSED] - verifyElementVisible(findTestObject("06-Teams/span_GG Automation")): Object 'Object Repository/06-Teams/span_GG Automation' is visible

2023-03-03 18:11:38 - [MESSAGE][PASSED] - Object 'Object Repository/06-Teams/span_GG Automation' is visible

2023-03-03 18:11:38 - [TEST_STEP][PASSED] - delay(5): Delayed 5 second(s)

2023-03-03 18:11:43 - [MESSAGE][PASSED] - Delayed 5 second(s)

2023-03-03 18:11:43 - [TEST_STEP][PASSED] - click(findTestObject("03-Header Menu/Hamburger Button/div_Settings")): Object: 'Object Repository/03-Header Menu/Hamburger Button/div_Settings' is clicked on

2023-03-03 18:11:45 - [MESSAGE][PASSED] - Object: 'Object Repository/03-Header Menu/Hamburger Button/div_Settings' is clicked on

2023-03-03 18:11:45 - [TEST_STEP][PASSED] - delay(3): Delayed 3 second(s)

2023-03-03 18:11:48 - [MESSAGE][PASSED] - Delayed 3 second(s)

2023-03-03 18:11:48 - [TEST_STEP][PASSED] - scrollToElement(findTestObject("09-Settings/Users/div_Users"), 0): Scroll to object 'Object Repository/09-Settings/Users/div_Users' successfully

2023-03-03 18:11:48 - [MESSAGE][WARNING] - Timeout '0' is invalid. Using default page load timeout: '30'

2023-03-03 18:11:48 - [MESSAGE][PASSED] - Scroll to object 'Object Repository/09-Settings/Users/div_Users' successfully

2023-03-03 18:11:48 - [TEST_STEP][PASSED] - click(findTestObject("09-Settings/Users/div_Users")): Object: 'Object Repository/09-Settings/Users/div_Users' is clicked on

2023-03-03 18:11:51 - [MESSAGE][PASSED] - Object: 'Object Repository/09-Settings/Users/div_Users' is clicked on

2023-03-03 18:11:51 - [TEST_STEP][PASSED] - delay(3): Delayed 3 second(s)

2023-03-03 18:11:54 - [MESSAGE][PASSED] - Delayed 3 second(s)

2023-03-03 18:11:54 - [TEST_STEP][PASSED] - click(findTestObject("09-Settings/Users/button_add")): Object: 'Object Repository/09-Settings/Users/button_add' is clicked on

2023-03-03 18:11:55 - [MESSAGE][PASSED] - Object: 'Object Repository/09-Settings/Users/button_add' is clicked on

2023-03-03 18:11:55 - [TEST_STEP][PASSED] - delay(3): Delayed 3 second(s)

2023-03-03 18:11:58 - [MESSAGE][PASSED] - Delayed 3 second(s)

2023-03-03 18:11:58 - [TEST_STEP][PASSED] - click(findTestObject("09-Settings/Users/add Invite a single user")): Object: 'Object Repository/09-Settings/Users/add Invite a single user' is clicked on

2023-03-03 18:11:59 - [MESSAGE][PASSED] - Object: 'Object Repository/09-Settings/Users/add Invite a single user' is clicked on

2023-03-03 18:11:59 - [TEST_STEP][PASSED] - delay(3): Delayed 3 second(s)

2023-03-03 18:12:02 - [MESSAGE][PASSED] - Delayed 3 second(s)

2023-03-03 18:12:02 - [TEST_STEP][PASSED] - setText(findTestObject("09-Settings/Users/input_email"), "autotester09@mailinator.com"): Text 'autotester09@mailinator.com' is set on object 'Object Repository/09-Settings/Users/input_email'

2023-03-03 18:12:05 - [MESSAGE][PASSED] - Text 'autotester09@mailinator.com' is set on object 'Object Repository/09-Settings/Users/input_email'

2023-03-03 18:12:05 - [TEST_STEP][PASSED] - setText(findTestObject("09-Settings/Users/input_firstName"), "GG"): Text 'GG' is set on object 'Object Repository/09-Settings/Users/input_firstName'

2023-03-03 18:12:07 - [MESSAGE][PASSED] - Text 'GG' is set on object 'Object Repository/09-Settings/Users/input_firstName'

2023-03-03 18:12:07 - [TEST_STEP][PASSED] - setText(findTestObject("09-Settings/Users/input_lastName"), "Client"): Text 'Client' is set on object 'Object Repository/09-Settings/Users/input_lastName'

2023-03-03 18:12:09 - [MESSAGE][PASSED] - Text 'Client' is set on object 'Object Repository/09-Settings/Users/input_lastName'

2023-03-03 18:12:09 - [TEST_STEP][PASSED] - click(findTestObject("09-Settings/Users/span_Role")): Object: 'Object Repository/09-Settings/Users/span_Role' is clicked on

2023-03-03 18:12:10 - [MESSAGE][PASSED] - Object: 'Object Repository/09-Settings/Users/span_Role' is clicked on

2023-03-03 18:12:10 - [TEST_STEP][PASSED] - click(findTestObject("09-Settings/Users/span_Client")): Object: 'Object Repository/09-Settings/Users/span_Client' is clicked on

2023-03-03 18:12:11 - [MESSAGE][PASSED] - Object: 'Object Repository/09-Settings/Users/span_Client' is clicked on

2023-03-03 18:12:11 - [TEST_STEP][PASSED] - click(findTestObject("09-Settings/Users/button_Send Invitation")): Object: 'Object Repository/09-Settings/Users/button_Send Invitation' is clicked on

2023-03-03 18:12:12 - [MESSAGE][PASSED] - Object: 'Object Repository/09-Settings/Users/button_Send Invitation' is clicked on

2023-03-03 18:12:12 - [TEST_STEP][PASSED] - delay(2): Delayed 2 second(s)

2023-03-03 18:12:14 - [MESSAGE][PASSED] - Delayed 2 second(s)

2023-03-03 18:12:14 - [TEST_STEP][PASSED] - verifyElementVisible(findTestObject("07-Directory/Connections/zContact Profile/Successfully invited user")): Object 'Object Repository/07-Directory/Connections/zContact Profile/Successfully invited user' is visible

2023-03-03 18:12:18 - [MESSAGE][PASSED] - Object 'Object Repository/07-Directory/Connections/zContact Profile/Successfully invited user' is visible

2023-03-03 18:12:18 - [TEST_STEP][PASSED] - delay(2): Delayed 2 second(s)

2023-03-03 18:12:20 - [MESSAGE][PASSED] - Delayed 2 second(s)

2023-03-03 18:12:20 - [TEST_STEP][PASSED] - click(findTestObject("01-Login and Forgot Password/User menu drop")): Object: 'Object Repository/01-Login and Forgot Password/User menu drop' is clicked on

2023-03-03 18:12:22 - [MESSAGE][PASSED] - Object: 'Object Repository/01-Login and Forgot Password/User menu drop' is clicked on

2023-03-03 18:12:22 - [TEST_STEP][PASSED] - delay(2): Delayed 2 second(s)

2023-03-03 18:12:24 - [MESSAGE][PASSED] - Delayed 2 second(s)

2023-03-03 18:12:24 - [TEST_STEP][PASSED] - click(findTestObject("01-Login and Forgot Password/h4_Sign Out"), STOP_ON_FAILURE): Object: 'Object Repository/01-Login and Forgot Password/h4_Sign Out' is clicked on

2023-03-03 18:12:25 - [MESSAGE][PASSED] - Object: 'Object Repository/01-Login and Forgot Password/h4_Sign Out' is clicked on

2023-03-03 18:12:25 - [TEST_STEP][PASSED] - delay(2): Delayed 2 second(s)

2023-03-03 18:12:27 - [MESSAGE][PASSED] - Delayed 2 second(s)

2023-03-03 18:12:27 - [TEST_STEP][PASSED] - verifyElementPresent(findTestObject("01-Login and Forgot Password/Login_Card"), 0): Object 'Object Repository/01-Login and Forgot Password/Login_Card' is present

2023-03-03 18:12:27 - [MESSAGE][WARNING] - Timeout '0' is invalid. Using default page load timeout: '30'

2023-03-03 18:12:28 - [MESSAGE][PASSED] - Object 'Object Repository/01-Login and Forgot Password/Login_Card' is present

2023-03-03 18:12:28 - [TEST_STEP][PASSED] - delay(3): Delayed 3 second(s)

2023-03-03 18:12:31 - [MESSAGE][PASSED] - Delayed 3 second(s)

2023-03-03 18:12:31 - [TEST_STEP][PASSED] - closeBrowser(): Browser is closed

2023-03-03 18:12:32 - [MESSAGE][PASSED] - Browser is closed

2023-03-03 18:12:32 - [TEST_STEP][PASSED] - openBrowser(""): Browser is opened with url: ''

2023-03-03 18:12:32 - [MESSAGE][INFO] - Starting 'Chrome' driver

2023-03-03 18:12:32 - [MESSAGE][INFO] - Action delay is set to 0 milliseconds

2023-03-03 18:12:35 - [MESSAGE][PASSED] - Browser is opened with url: ''

2023-03-03 18:12:35 - [TEST_STEP][PASSED] - navigateToUrl("https://lab.everleagues.com/"): Navigate to 'https://lab.everleagues.com/' successfully

2023-03-03 18:12:57 - [MESSAGE][PASSED] - Navigate to 'https://lab.everleagues.com/' successfully

2023-03-03 18:12:57 - [TEST_STEP][PASSED] - maximizeWindow(): Current window maximized

2023-03-03 18:12:57 - [MESSAGE][PASSED] - Current window maximized

2023-03-03 18:12:57 - [TEST_STEP][PASSED] - setText(findTestObject("02-Side Icons(Organization)/Add Contact/Email Field"), "autotester09@mailinator.com"): Text 'autotester09@mailinator.com' is set on object 'Object Repository/02-Side Icons(Organization)/Add Contact/Email Field'

2023-03-03 18:13:00 - [MESSAGE][PASSED] - Text 'autotester09@mailinator.com' is set on object 'Object Repository/02-Side Icons(Organization)/Add Contact/Email Field'

2023-03-03 18:13:00 - [TEST_STEP][PASSED] - setEncryptedText(findTestObject("02-Side Icons(Organization)/Add Contact/Password Field"), "8yFRyszE6U6jvsCn51OQbg=="): Text ****** has been set on object 'Object Repository/02-Side Icons(Organization)/Add Contact/Password Field'

2023-03-03 18:13:01 - [MESSAGE][PASSED] - Text ****** has been set on object 'Object Repository/02-Side Icons(Organization)/Add Contact/Password Field'

2023-03-03 18:13:01 - [TEST_STEP][PASSED] - click(findTestObject("02-Side Icons(Organization)/Add Contact/button_Sign in")): Object: 'Object Repository/02-Side Icons(Organization)/Add Contact/button_Sign in' is clicked on

2023-03-03 18:13:03 - [MESSAGE][PASSED] - Object: 'Object Repository/02-Side Icons(Organization)/Add Contact/button_Sign in' is clicked on

2023-03-03 18:13:03 - [TEST_STEP][PASSED] - delay(2): Delayed 2 second(s)

2023-03-03 18:13:05 - [MESSAGE][PASSED] - Delayed 2 second(s)

2023-03-03 18:13:05 - [TEST_STEP][PASSED] - click(findTestObject("06-Teams/For 2FA/button_Confirm_2FA")): Object: 'Object Repository/06-Teams/For 2FA/button_Confirm_2FA' is clicked on

2023-03-03 18:13:06 - [MESSAGE][PASSED] - Object: 'Object Repository/06-Teams/For 2FA/button_Confirm_2FA' is clicked on

2023-03-03 18:13:06 - [TEST_STEP][PASSED] - executeJavaScript("window.open();", []): Execute JavaScript 'window.open();' successfully

2023-03-03 18:13:06 - [MESSAGE][PASSED] - Execute JavaScript 'window.open();' successfully

2023-03-03 18:13:06 - [TEST_STEP][PASSED] - currentWindow = getWindowIndex(): Current window's index is: 0

2023-03-03 18:13:06 - [MESSAGE][PASSED] - Current window's index is: 0

2023-03-03 18:13:06 - [TEST_STEP][PASSED] - delay(3): Delayed 3 second(s)

2023-03-03 18:13:09 - [MESSAGE][PASSED] - Delayed 3 second(s)

2023-03-03 18:13:09 - [TEST_STEP][PASSED] - switchToWindowIndex(currentWindow + 1): Switched to window with index: '1'

2023-03-03 18:13:09 - [MESSAGE][PASSED] - Switched to window with index: '1'

2023-03-03 18:13:09 - [TEST_STEP][PASSED] - navigateToUrl("https://www.mailinator.com/"): Navigate to 'https://www.mailinator.com/' successfully

2023-03-03 18:13:18 - [MESSAGE][PASSED] - Navigate to 'https://www.mailinator.com/' successfully

2023-03-03 18:13:18 - [TEST_STEP][PASSED] - delay(3): Delayed 3 second(s)

2023-03-03 18:13:21 - [MESSAGE][PASSED] - Delayed 3 second(s)

2023-03-03 18:13:21 - [TEST_STEP][PASSED] - setText(findTestObject("00-Signup and Activation/zMailinator/input_LOGIN_search"), "autotester09@mailinator.com"): Text 'autotester09@mailinator.com' is set on object 'Object Repository/00-Signup and Activation/zMailinator/input_LOGIN_search'

2023-03-03 18:13:23 - [MESSAGE][PASSED] - Text 'autotester09@mailinator.com' is set on object 'Object Repository/00-Signup and Activation/zMailinator/input_LOGIN_search'

2023-03-03 18:13:23 - [TEST_STEP][PASSED] - click(findTestObject("00-Signup and Activation/zMailinator/gobutton"), STOP_ON_FAILURE): Object: 'Object Repository/00-Signup and Activation/zMailinator/gobutton' is clicked on

2023-03-03 18:13:27 - [MESSAGE][PASSED] - Object: 'Object Repository/00-Signup and Activation/zMailinator/gobutton' is clicked on

2023-03-03 18:13:27 - [TEST_STEP][PASSED] - delay(3): Delayed 3 second(s)

2023-03-03 18:13:30 - [MESSAGE][PASSED] - Delayed 3 second(s)

2023-03-03 18:13:30 - [TEST_STEP][PASSED] - click(findTestObject("00-Signup and Activation/zMailinator/Email - everleagues")): Object: 'Object Repository/00-Signup and Activation/zMailinator/Email - everleagues' is clicked on

2023-03-03 18:13:32 - [MESSAGE][PASSED] - Object: 'Object Repository/00-Signup and Activation/zMailinator/Email - everleagues' is clicked on

2023-03-03 18:13:32 - [TEST_STEP][PASSED] - delay(3): Delayed 3 second(s)

2023-03-03 18:13:35 - [MESSAGE][PASSED] - Delayed 3 second(s)

2023-03-03 18:13:35 - [TEST_STEP][PASSED] - codetwo = getText(findTestObject("Object Repository/06-Teams/For 2FA/2FA code")): Text of object 'Object Repository/06-Teams/For 2FA/2FA code' is: '181361'

2023-03-03 18:13:37 - [MESSAGE][PASSED] - Text of object 'Object Repository/06-Teams/For 2FA/2FA code' is: '181361'

2023-03-03 18:13:37 - [TEST_STEP][PASSED] - delay(3): Delayed 3 second(s)

2023-03-03 18:13:40 - [MESSAGE][PASSED] - Delayed 3 second(s)

2023-03-03 18:13:40 - [TEST_STEP][PASSED] - closeWindowTitle("Mailinator"): Window with title: 'Mailinator' is closed

2023-03-03 18:13:40 - [MESSAGE][PASSED] - Window with title: 'Mailinator' is closed

2023-03-03 18:13:40 - [TEST_STEP][PASSED] - delay(3): Delayed 3 second(s)

2023-03-03 18:13:43 - [MESSAGE][PASSED] - Delayed 3 second(s)

2023-03-03 18:13:43 - [TEST_STEP][PASSED] - switchToWindowIndex(0): Switched to window with index: '0'

2023-03-03 18:13:44 - [MESSAGE][PASSED] - Switched to window with index: '0'

2023-03-03 18:13:44 - [TEST_STEP][PASSED] - delay(3): Delayed 3 second(s)

2023-03-03 18:13:47 - [MESSAGE][PASSED] - Delayed 3 second(s)

2023-03-03 18:13:47 - [TEST_STEP][PASSED] - setText(findTestObject("Object Repository/06-Teams/For 2FA/input_Enter verification code_code"), codetwo): Text '181361' is set on object 'Object Repository/06-Teams/For 2FA/input_Enter verification code_code'

2023-03-03 18:13:48 - [MESSAGE][PASSED] - Text '181361' is set on object 'Object Repository/06-Teams/For 2FA/input_Enter verification code_code'

2023-03-03 18:13:48 - [TEST_STEP][PASSED] - delay(3): Delayed 3 second(s)

2023-03-03 18:13:51 - [MESSAGE][PASSED] - Delayed 3 second(s)

2023-03-03 18:13:51 - [TEST_STEP][PASSED] - click(findTestObject("06-Teams/For 2FA/button_Verify_2FA")): Object: 'Object Repository/06-Teams/For 2FA/button_Verify_2FA' is clicked on

2023-03-03 18:13:52 - [MESSAGE][PASSED] - Object: 'Object Repository/06-Teams/For 2FA/button_Verify_2FA' is clicked on

2023-03-03 18:13:52 - [TEST_STEP][PASSED] - delay(5): Delayed 5 second(s)

2023-03-03 18:13:57 - [MESSAGE][PASSED] - Delayed 5 second(s)

2023-03-03 18:13:57 - [TEST_STEP][PASSED] - executeJavaScript("window.open();", []): Execute JavaScript 'window.open();' successfully

2023-03-03 18:13:58 - [MESSAGE][PASSED] - Execute JavaScript 'window.open();' successfully

2023-03-03 18:13:58 - [TEST_STEP][PASSED] - currentWindow = getWindowIndex(): Current window's index is: 0

2023-03-03 18:13:58 - [MESSAGE][PASSED] - Current window's index is: 0

2023-03-03 18:13:58 - [TEST_STEP][PASSED] - delay(3): Delayed 3 second(s)

2023-03-03 18:14:01 - [MESSAGE][PASSED] - Delayed 3 second(s)

2023-03-03 18:14:01 - [TEST_STEP][PASSED] - switchToWindowIndex(currentWindow + 1): Switched to window with index: '1'

2023-03-03 18:14:01 - [MESSAGE][PASSED] - Switched to window with index: '1'

2023-03-03 18:14:01 - [TEST_STEP][PASSED] - navigateToUrl("https://www.mailinator.com/"): Navigate to 'https://www.mailinator.com/' successfully

2023-03-03 18:14:07 - [MESSAGE][PASSED] - Navigate to 'https://www.mailinator.com/' successfully

2023-03-03 18:14:07 - [TEST_STEP][PASSED] - delay(3): Delayed 3 second(s)

2023-03-03 18:14:10 - [MESSAGE][PASSED] - Delayed 3 second(s)

2023-03-03 18:14:10 - [TEST_STEP][PASSED] - setText(findTestObject("00-Signup and Activation/zMailinator/input_LOGIN_search"), "autotester09@mailinator.com"): Text 'autotester09@mailinator.com' is set on object 'Object Repository/00-Signup and Activation/zMailinator/input_LOGIN_search'

2023-03-03 18:14:12 - [MESSAGE][PASSED] - Text 'autotester09@mailinator.com' is set on object 'Object Repository/00-Signup and Activation/zMailinator/input_LOGIN_search'

2023-03-03 18:14:12 - [TEST_STEP][PASSED] - click(findTestObject("00-Signup and Activation/zMailinator/gobutton"), STOP_ON_FAILURE): Object: 'Object Repository/00-Signup and Activation/zMailinator/gobutton' is clicked on

2023-03-03 18:14:14 - [MESSAGE][PASSED] - Object: 'Object Repository/00-Signup and Activation/zMailinator/gobutton' is clicked on

2023-03-03 18:14:14 - [TEST_STEP][PASSED] - delay(3): Delayed 3 second(s)

2023-03-03 18:14:17 - [MESSAGE][PASSED] - Delayed 3 second(s)

2023-03-03 18:14:17 - [TEST_STEP][PASSED] - closeWindowTitle("Everleagues"): Window with title: 'Everleagues' is closed

2023-03-03 18:14:18 - [MESSAGE][PASSED] - Window with title: 'Everleagues' is closed

2023-03-03 18:14:18 - [TEST_STEP][PASSED] - switchToWindowIndex(0): Switched to window with index: '0'

2023-03-03 18:14:18 - [MESSAGE][PASSED] - Switched to window with index: '0'

2023-03-03 18:14:18 - [TEST_STEP][PASSED] - click(findTestObject("09-Settings/Users/Co worker/td_Invitation from GG Automation")): Object: 'Object Repository/09-Settings/Users/Co worker/td_Invitation from GG Automation' is clicked on

2023-03-03 18:14:19 - [MESSAGE][PASSED] - Object: 'Object Repository/09-Settings/Users/Co worker/td_Invitation from GG Automation' is clicked on

2023-03-03 18:14:19 - [TEST_STEP][PASSED] - click(findTestObject("09-Settings/Users/Co worker/a_Click here to join GG Automation on EverLeagues")): Object: 'Object Repository/09-Settings/Users/Co worker/a_Click here to join GG Automation on EverLeagues' is clicked on

2023-03-03 18:14:20 - [MESSAGE][PASSED] - Object: 'Object Repository/09-Settings/Users/Co worker/a_Click here to join GG Automation on EverLeagues' is clicked on

2023-03-03 18:14:20 - [TEST_STEP][PASSED] - closeWindowTitle("Mailinator"): Window with title: 'Mailinator' is closed

2023-03-03 18:14:21 - [MESSAGE][PASSED] - Window with title: 'Mailinator' is closed

2023-03-03 18:14:21 - [TEST_STEP][PASSED] - switchToWindowIndex(0): Switched to window with index: '0'

2023-03-03 18:14:21 - [MESSAGE][PASSED] - Switched to window with index: '0'

2023-03-03 18:14:21 - [TEST_STEP][PASSED] - verifyElementVisible(findTestObject("09-Settings/Users/Client/Invite modal")): Object 'Object Repository/09-Settings/Users/Client/Invite modal' is visible

2023-03-03 18:14:46 - [MESSAGE][PASSED] - Object 'Object Repository/09-Settings/Users/Client/Invite modal' is visible

2023-03-03 18:14:46 - [TEST_STEP][PASSED] - setText(findTestObject("09-Settings/Users/Client/Company field"), "QA Company"): Text 'QA Company' is set on object 'Object Repository/09-Settings/Users/Client/Company field'

2023-03-03 18:14:48 - [MESSAGE][PASSED] - Text 'QA Company' is set on object 'Object Repository/09-Settings/Users/Client/Company field'

2023-03-03 18:14:48 - [TEST_STEP][PASSED] - click(findTestObject("09-Settings/Users/Client/button_Accept")): Object: 'Object Repository/09-Settings/Users/Client/button_Accept' is clicked on

2023-03-03 18:14:48 - [MESSAGE][PASSED] - Object: 'Object Repository/09-Settings/Users/Client/button_Accept' is clicked on

2023-03-03 18:14:49 - [TEST_STEP][PASSED] - delay(5): Delayed 5 second(s)

2023-03-03 18:14:54 - [MESSAGE][PASSED] - Delayed 5 second(s)

2023-03-03 18:14:54 - [TEST_STEP][PASSED] - verifyElementVisible(findTestObject("09-Settings/Users/Client/div_Joined as CLIENT")): Object 'Object Repository/09-Settings/Users/Client/div_Joined as CLIENT' is visible

2023-03-03 18:14:55 - [MESSAGE][PASSED] - Object 'Object Repository/09-Settings/Users/Client/div_Joined as CLIENT' is visible

2023-03-03 18:14:55 - [TEST_STEP][PASSED] - delay(3): Delayed 3 second(s)

2023-03-03 18:14:58 - [MESSAGE][PASSED] - Delayed 3 second(s)

2023-03-03 18:14:58 - [TEST_STEP][PASSED] - closeBrowser(): Browser is closed

2023-03-03 18:15:00 - [MESSAGE][PASSED] - Browser is closed]]></system-out>
         <system-err><![CDATA[]]></system-err>
      </testcase>
      <testcase name="Test Cases/09-Settings/04 - Users (Invite new user as partner)" time="514.869" classname="Test Cases/09-Settings/04 - Users (Invite new user as partner)" status="PASSED">
         <system-out><![CDATA[2023-03-03 18:15:00 - [TEST_CASE][PASSED] - Test Cases/09-Settings/04 - Users (Invite new user as partner): Test Cases/09-Settings/04 - Users (Invite new user as partner)

2023-03-03 18:15:02 - [TEST_STEP][PASSED] - openBrowser(""): Browser is opened with url: ''

2023-03-03 18:15:02 - [MESSAGE][INFO] - Starting 'Chrome' driver

2023-03-03 18:15:02 - [MESSAGE][INFO] - Action delay is set to 0 milliseconds

2023-03-03 18:15:05 - [MESSAGE][PASSED] - Browser is opened with url: ''

2023-03-03 18:15:05 - [TEST_STEP][PASSED] - navigateToUrl("https://lab.everleagues.com/"): Navigate to 'https://lab.everleagues.com/' successfully

2023-03-03 18:16:05 - [MESSAGE][PASSED] - Navigate to 'https://lab.everleagues.com/' successfully

2023-03-03 18:16:05 - [TEST_STEP][PASSED] - maximizeWindow(): Current window maximized

2023-03-03 18:16:06 - [MESSAGE][PASSED] - Current window maximized

2023-03-03 18:16:06 - [TEST_STEP][PASSED] - callTestCase(findTestCase("01-Login and Forgot Password/04-Login(Valid Credentials-With Subscription)"), [:], STOP_ON_FAILURE): Call Test Case 'Test Cases/01-Login and Forgot Password/04-Login(Valid Credentials-With Subscription)' successfully

2023-03-03 18:16:06 - [TEST_CASE][PASSED] - Test Cases/01-Login and Forgot Password/04-Login(Valid Credentials-With Subscription): Test Cases/01-Login and Forgot Password/04-Login(Valid Credentials-With Subscription)

2023-03-03 18:16:06 - [TEST_STEP][PASSED] - setText(findTestObject("01-Login and Forgot Password/input_Email_email"), "testuser02@mailinator.com"): Text 'testuser02@mailinator.com' is set on object 'Object Repository/01-Login and Forgot Password/input_Email_email'

2023-03-03 18:16:08 - [MESSAGE][PASSED] - Text 'testuser02@mailinator.com' is set on object 'Object Repository/01-Login and Forgot Password/input_Email_email'

2023-03-03 18:16:08 - [TEST_STEP][PASSED] - setEncryptedText(findTestObject("01-Login and Forgot Password/input_Email_password"), "8yFRyszE6U6jvsCn51OQbg=="): Text ****** has been set on object 'Object Repository/01-Login and Forgot Password/input_Email_password'

2023-03-03 18:16:09 - [MESSAGE][PASSED] - Text ****** has been set on object 'Object Repository/01-Login and Forgot Password/input_Email_password'

2023-03-03 18:16:09 - [TEST_STEP][PASSED] - delay(2): Delayed 2 second(s)

2023-03-03 18:16:11 - [MESSAGE][PASSED] - Delayed 2 second(s)

2023-03-03 18:16:11 - [TEST_STEP][PASSED] - click(findTestObject("01-Login and Forgot Password/show pass button")): Object: 'Object Repository/01-Login and Forgot Password/show pass button' is clicked on

2023-03-03 18:16:11 - [MESSAGE][PASSED] - Object: 'Object Repository/01-Login and Forgot Password/show pass button' is clicked on

2023-03-03 18:16:11 - [TEST_STEP][PASSED] - delay(3): Delayed 3 second(s)

2023-03-03 18:16:15 - [MESSAGE][PASSED] - Delayed 3 second(s)

2023-03-03 18:16:15 - [TEST_STEP][PASSED] - click(findTestObject("01-Login and Forgot Password/button_Sign in")): Object: 'Object Repository/01-Login and Forgot Password/button_Sign in' is clicked on

2023-03-03 18:16:15 - [MESSAGE][PASSED] - Object: 'Object Repository/01-Login and Forgot Password/button_Sign in' is clicked on

2023-03-03 18:16:15 - [TEST_STEP][PASSED] - delay(3): Delayed 3 second(s)

2023-03-03 18:16:18 - [MESSAGE][PASSED] - Delayed 3 second(s)

2023-03-03 18:16:18 - [TEST_STEP][PASSED] - click(findTestObject("06-Teams/For 2FA/button_Confirm_2FA")): Object: 'Object Repository/06-Teams/For 2FA/button_Confirm_2FA' is clicked on

2023-03-03 18:16:19 - [MESSAGE][PASSED] - Object: 'Object Repository/06-Teams/For 2FA/button_Confirm_2FA' is clicked on

2023-03-03 18:16:19 - [TEST_STEP][PASSED] - executeJavaScript("window.open();", []): Execute JavaScript 'window.open();' successfully

2023-03-03 18:16:20 - [MESSAGE][PASSED] - Execute JavaScript 'window.open();' successfully

2023-03-03 18:16:20 - [TEST_STEP][PASSED] - currentWindow = getWindowIndex(): Current window's index is: 0

2023-03-03 18:16:20 - [MESSAGE][PASSED] - Current window's index is: 0

2023-03-03 18:16:20 - [TEST_STEP][PASSED] - delay(3): Delayed 3 second(s)

2023-03-03 18:16:23 - [MESSAGE][PASSED] - Delayed 3 second(s)

2023-03-03 18:16:23 - [TEST_STEP][PASSED] - switchToWindowIndex(currentWindow + 1): Switched to window with index: '1'

2023-03-03 18:16:23 - [MESSAGE][PASSED] - Switched to window with index: '1'

2023-03-03 18:16:23 - [TEST_STEP][PASSED] - navigateToUrl("https://www.mailinator.com/"): Navigate to 'https://www.mailinator.com/' successfully

2023-03-03 18:16:30 - [MESSAGE][PASSED] - Navigate to 'https://www.mailinator.com/' successfully

2023-03-03 18:16:30 - [TEST_STEP][PASSED] - delay(3): Delayed 3 second(s)

2023-03-03 18:16:33 - [MESSAGE][PASSED] - Delayed 3 second(s)

2023-03-03 18:16:33 - [TEST_STEP][PASSED] - setText(findTestObject("00-Signup and Activation/zMailinator/input_LOGIN_search"), "testuser02@mailinator.com"): Text 'testuser02@mailinator.com' is set on object 'Object Repository/00-Signup and Activation/zMailinator/input_LOGIN_search'

2023-03-03 18:16:35 - [MESSAGE][PASSED] - Text 'testuser02@mailinator.com' is set on object 'Object Repository/00-Signup and Activation/zMailinator/input_LOGIN_search'

2023-03-03 18:16:35 - [TEST_STEP][PASSED] - click(findTestObject("00-Signup and Activation/zMailinator/gobutton"), STOP_ON_FAILURE): Object: 'Object Repository/00-Signup and Activation/zMailinator/gobutton' is clicked on

2023-03-03 18:16:39 - [MESSAGE][PASSED] - Object: 'Object Repository/00-Signup and Activation/zMailinator/gobutton' is clicked on

2023-03-03 18:16:39 - [TEST_STEP][PASSED] - delay(3): Delayed 3 second(s)

2023-03-03 18:16:42 - [MESSAGE][PASSED] - Delayed 3 second(s)

2023-03-03 18:16:42 - [TEST_STEP][PASSED] - click(findTestObject("00-Signup and Activation/zMailinator/Email - everleagues")): Object: 'Object Repository/00-Signup and Activation/zMailinator/Email - everleagues' is clicked on

2023-03-03 18:16:42 - [MESSAGE][PASSED] - Object: 'Object Repository/00-Signup and Activation/zMailinator/Email - everleagues' is clicked on

2023-03-03 18:16:42 - [TEST_STEP][PASSED] - delay(3): Delayed 3 second(s)

2023-03-03 18:16:45 - [MESSAGE][PASSED] - Delayed 3 second(s)

2023-03-03 18:16:45 - [TEST_STEP][PASSED] - code = getText(findTestObject("Object Repository/06-Teams/For 2FA/2FA code")): Text of object 'Object Repository/06-Teams/For 2FA/2FA code' is: '243191'

2023-03-03 18:16:47 - [MESSAGE][PASSED] - Text of object 'Object Repository/06-Teams/For 2FA/2FA code' is: '243191'

2023-03-03 18:16:47 - [TEST_STEP][PASSED] - delay(3): Delayed 3 second(s)

2023-03-03 18:16:50 - [MESSAGE][PASSED] - Delayed 3 second(s)

2023-03-03 18:16:50 - [TEST_STEP][PASSED] - closeWindowTitle("Mailinator"): Window with title: 'Mailinator' is closed

2023-03-03 18:16:50 - [MESSAGE][PASSED] - Window with title: 'Mailinator' is closed

2023-03-03 18:16:50 - [TEST_STEP][PASSED] - delay(3): Delayed 3 second(s)

2023-03-03 18:16:53 - [MESSAGE][PASSED] - Delayed 3 second(s)

2023-03-03 18:16:53 - [TEST_STEP][PASSED] - switchToWindowIndex(0): Switched to window with index: '0'

2023-03-03 18:16:53 - [MESSAGE][PASSED] - Switched to window with index: '0'

2023-03-03 18:16:53 - [TEST_STEP][PASSED] - delay(3): Delayed 3 second(s)

2023-03-03 18:16:56 - [MESSAGE][PASSED] - Delayed 3 second(s)

2023-03-03 18:16:56 - [TEST_STEP][PASSED] - setText(findTestObject("Object Repository/06-Teams/For 2FA/input_Enter verification code_code"), code): Text '243191' is set on object 'Object Repository/06-Teams/For 2FA/input_Enter verification code_code'

2023-03-03 18:16:58 - [MESSAGE][PASSED] - Text '243191' is set on object 'Object Repository/06-Teams/For 2FA/input_Enter verification code_code'

2023-03-03 18:16:58 - [TEST_STEP][PASSED] - delay(3): Delayed 3 second(s)

2023-03-03 18:17:01 - [MESSAGE][PASSED] - Delayed 3 second(s)

2023-03-03 18:17:01 - [TEST_STEP][PASSED] - click(findTestObject("06-Teams/For 2FA/button_Verify_2FA")): Object: 'Object Repository/06-Teams/For 2FA/button_Verify_2FA' is clicked on

2023-03-03 18:17:02 - [MESSAGE][PASSED] - Object: 'Object Repository/06-Teams/For 2FA/button_Verify_2FA' is clicked on

2023-03-03 18:17:02 - [TEST_STEP][PASSED] - delay(3): Delayed 3 second(s)

2023-03-03 18:17:05 - [MESSAGE][PASSED] - Delayed 3 second(s)

2023-03-03 18:17:05 - [MESSAGE][PASSED] - Call Test Case 'Test Cases/01-Login and Forgot Password/04-Login(Valid Credentials-With Subscription)' successfully

2023-03-03 18:17:05 - [TEST_STEP][PASSED] - click(findTestObject("06-Teams/button_doublearrow")): Object: 'Object Repository/06-Teams/button_doublearrow' is clicked on

2023-03-03 18:17:09 - [MESSAGE][PASSED] - Object: 'Object Repository/06-Teams/button_doublearrow' is clicked on

2023-03-03 18:17:09 - [TEST_STEP][PASSED] - click(findTestObject("06-Teams/button_My Organizations")): Object: 'Object Repository/06-Teams/button_My Organizations' is clicked on

2023-03-03 18:17:10 - [MESSAGE][PASSED] - Object: 'Object Repository/06-Teams/button_My Organizations' is clicked on

2023-03-03 18:17:10 - [TEST_STEP][PASSED] - click(findTestObject("06-Teams/button_GG Automation")): Object: 'Object Repository/06-Teams/button_GG Automation' is clicked on

2023-03-03 18:17:11 - [MESSAGE][PASSED] - Object: 'Object Repository/06-Teams/button_GG Automation' is clicked on

2023-03-03 18:17:11 - [TEST_STEP][PASSED] - delay(4): Delayed 4 second(s)

2023-03-03 18:17:15 - [MESSAGE][PASSED] - Delayed 4 second(s)

2023-03-03 18:17:15 - [TEST_STEP][PASSED] - verifyElementVisible(findTestObject("06-Teams/span_GG Automation")): Object 'Object Repository/06-Teams/span_GG Automation' is visible

2023-03-03 18:17:16 - [MESSAGE][PASSED] - Object 'Object Repository/06-Teams/span_GG Automation' is visible

2023-03-03 18:17:16 - [TEST_STEP][PASSED] - delay(5): Delayed 5 second(s)

2023-03-03 18:17:21 - [MESSAGE][PASSED] - Delayed 5 second(s)

2023-03-03 18:17:21 - [TEST_STEP][PASSED] - click(findTestObject("03-Header Menu/Hamburger Button/div_Settings")): Object: 'Object Repository/03-Header Menu/Hamburger Button/div_Settings' is clicked on

2023-03-03 18:17:22 - [MESSAGE][PASSED] - Object: 'Object Repository/03-Header Menu/Hamburger Button/div_Settings' is clicked on

2023-03-03 18:17:22 - [TEST_STEP][PASSED] - delay(3): Delayed 3 second(s)

2023-03-03 18:17:25 - [MESSAGE][PASSED] - Delayed 3 second(s)

2023-03-03 18:17:25 - [TEST_STEP][PASSED] - scrollToElement(findTestObject("09-Settings/Users/div_Users"), 0): Scroll to object 'Object Repository/09-Settings/Users/div_Users' successfully

2023-03-03 18:17:25 - [MESSAGE][WARNING] - Timeout '0' is invalid. Using default page load timeout: '30'

2023-03-03 18:17:26 - [MESSAGE][PASSED] - Scroll to object 'Object Repository/09-Settings/Users/div_Users' successfully

2023-03-03 18:17:26 - [TEST_STEP][PASSED] - click(findTestObject("09-Settings/Users/div_Users")): Object: 'Object Repository/09-Settings/Users/div_Users' is clicked on

2023-03-03 18:17:28 - [MESSAGE][PASSED] - Object: 'Object Repository/09-Settings/Users/div_Users' is clicked on

2023-03-03 18:17:28 - [TEST_STEP][PASSED] - delay(3): Delayed 3 second(s)

2023-03-03 18:17:31 - [MESSAGE][PASSED] - Delayed 3 second(s)

2023-03-03 18:17:31 - [TEST_STEP][PASSED] - click(findTestObject("09-Settings/Users/button_add")): Object: 'Object Repository/09-Settings/Users/button_add' is clicked on

2023-03-03 18:17:32 - [MESSAGE][PASSED] - Object: 'Object Repository/09-Settings/Users/button_add' is clicked on

2023-03-03 18:17:32 - [TEST_STEP][PASSED] - delay(3): Delayed 3 second(s)

2023-03-03 18:17:35 - [MESSAGE][PASSED] - Delayed 3 second(s)

2023-03-03 18:17:35 - [TEST_STEP][PASSED] - click(findTestObject("09-Settings/Users/add Invite a single user")): Object: 'Object Repository/09-Settings/Users/add Invite a single user' is clicked on

2023-03-03 18:17:36 - [MESSAGE][PASSED] - Object: 'Object Repository/09-Settings/Users/add Invite a single user' is clicked on

2023-03-03 18:17:36 - [TEST_STEP][PASSED] - delay(3): Delayed 3 second(s)

2023-03-03 18:17:39 - [MESSAGE][PASSED] - Delayed 3 second(s)

2023-03-03 18:17:39 - [TEST_STEP][PASSED] - setText(findTestObject("09-Settings/Users/input_email"), "autotester10@mailinator.com"): Text 'autotester10@mailinator.com' is set on object 'Object Repository/09-Settings/Users/input_email'

2023-03-03 18:17:41 - [MESSAGE][PASSED] - Text 'autotester10@mailinator.com' is set on object 'Object Repository/09-Settings/Users/input_email'

2023-03-03 18:17:41 - [TEST_STEP][PASSED] - setText(findTestObject("09-Settings/Users/input_firstName"), "GG"): Text 'GG' is set on object 'Object Repository/09-Settings/Users/input_firstName'

2023-03-03 18:17:43 - [MESSAGE][PASSED] - Text 'GG' is set on object 'Object Repository/09-Settings/Users/input_firstName'

2023-03-03 18:17:43 - [TEST_STEP][PASSED] - setText(findTestObject("09-Settings/Users/input_lastName"), "Partner"): Text 'Partner' is set on object 'Object Repository/09-Settings/Users/input_lastName'

2023-03-03 18:17:45 - [MESSAGE][PASSED] - Text 'Partner' is set on object 'Object Repository/09-Settings/Users/input_lastName'

2023-03-03 18:17:45 - [TEST_STEP][PASSED] - click(findTestObject("09-Settings/Users/span_Role")): Object: 'Object Repository/09-Settings/Users/span_Role' is clicked on

2023-03-03 18:17:46 - [MESSAGE][PASSED] - Object: 'Object Repository/09-Settings/Users/span_Role' is clicked on

2023-03-03 18:17:46 - [TEST_STEP][PASSED] - click(findTestObject("09-Settings/Users/span_Partner")): Object: 'Object Repository/09-Settings/Users/span_Partner' is clicked on

2023-03-03 18:17:47 - [MESSAGE][PASSED] - Object: 'Object Repository/09-Settings/Users/span_Partner' is clicked on

2023-03-03 18:17:47 - [TEST_STEP][PASSED] - click(findTestObject("09-Settings/Users/button_Send Invitation")): Object: 'Object Repository/09-Settings/Users/button_Send Invitation' is clicked on

2023-03-03 18:17:48 - [MESSAGE][PASSED] - Object: 'Object Repository/09-Settings/Users/button_Send Invitation' is clicked on

2023-03-03 18:17:48 - [TEST_STEP][PASSED] - delay(2): Delayed 2 second(s)

2023-03-03 18:17:50 - [MESSAGE][PASSED] - Delayed 2 second(s)

2023-03-03 18:17:50 - [TEST_STEP][PASSED] - verifyElementVisible(findTestObject("07-Directory/Connections/zContact Profile/Successfully invited user")): Object 'Object Repository/07-Directory/Connections/zContact Profile/Successfully invited user' is visible

2023-03-03 18:17:53 - [MESSAGE][PASSED] - Object 'Object Repository/07-Directory/Connections/zContact Profile/Successfully invited user' is visible

2023-03-03 18:17:53 - [TEST_STEP][PASSED] - delay(2): Delayed 2 second(s)

2023-03-03 18:17:55 - [MESSAGE][PASSED] - Delayed 2 second(s)

2023-03-03 18:17:55 - [TEST_STEP][PASSED] - click(findTestObject("01-Login and Forgot Password/User menu drop")): Object: 'Object Repository/01-Login and Forgot Password/User menu drop' is clicked on

2023-03-03 18:17:57 - [MESSAGE][PASSED] - Object: 'Object Repository/01-Login and Forgot Password/User menu drop' is clicked on

2023-03-03 18:17:57 - [TEST_STEP][PASSED] - delay(2): Delayed 2 second(s)

2023-03-03 18:17:59 - [MESSAGE][PASSED] - Delayed 2 second(s)

2023-03-03 18:17:59 - [TEST_STEP][PASSED] - click(findTestObject("01-Login and Forgot Password/h4_Sign Out"), STOP_ON_FAILURE): Object: 'Object Repository/01-Login and Forgot Password/h4_Sign Out' is clicked on

2023-03-03 18:18:00 - [MESSAGE][PASSED] - Object: 'Object Repository/01-Login and Forgot Password/h4_Sign Out' is clicked on

2023-03-03 18:18:00 - [TEST_STEP][PASSED] - delay(2): Delayed 2 second(s)

2023-03-03 18:18:02 - [MESSAGE][PASSED] - Delayed 2 second(s)

2023-03-03 18:18:02 - [TEST_STEP][PASSED] - verifyElementPresent(findTestObject("01-Login and Forgot Password/Login_Card"), 0): Object 'Object Repository/01-Login and Forgot Password/Login_Card' is present

2023-03-03 18:18:02 - [MESSAGE][WARNING] - Timeout '0' is invalid. Using default page load timeout: '30'

2023-03-03 18:18:04 - [MESSAGE][PASSED] - Object 'Object Repository/01-Login and Forgot Password/Login_Card' is present

2023-03-03 18:18:04 - [TEST_STEP][PASSED] - delay(3): Delayed 3 second(s)

2023-03-03 18:18:07 - [MESSAGE][PASSED] - Delayed 3 second(s)

2023-03-03 18:18:07 - [TEST_STEP][PASSED] - closeBrowser(): Browser is closed

2023-03-03 18:18:09 - [MESSAGE][PASSED] - Browser is closed

2023-03-03 18:18:09 - [TEST_STEP][PASSED] - openBrowser(""): Browser is opened with url: ''

2023-03-03 18:18:10 - [MESSAGE][INFO] - Starting 'Chrome' driver

2023-03-03 18:18:10 - [MESSAGE][INFO] - Action delay is set to 0 milliseconds

2023-03-03 18:18:13 - [MESSAGE][PASSED] - Browser is opened with url: ''

2023-03-03 18:18:13 - [TEST_STEP][PASSED] - navigateToUrl("https://lab.everleagues.com/"): Navigate to 'https://lab.everleagues.com/' successfully

2023-03-03 18:21:40 - [MESSAGE][PASSED] - Navigate to 'https://lab.everleagues.com/' successfully

2023-03-03 18:21:40 - [TEST_STEP][PASSED] - maximizeWindow(): Current window maximized

2023-03-03 18:21:40 - [MESSAGE][PASSED] - Current window maximized

2023-03-03 18:21:40 - [TEST_STEP][PASSED] - setText(findTestObject("02-Side Icons(Organization)/Add Contact/Email Field"), "autotester10@mailinator.com"): Text 'autotester10@mailinator.com' is set on object 'Object Repository/02-Side Icons(Organization)/Add Contact/Email Field'

2023-03-03 18:21:42 - [MESSAGE][PASSED] - Text 'autotester10@mailinator.com' is set on object 'Object Repository/02-Side Icons(Organization)/Add Contact/Email Field'

2023-03-03 18:21:42 - [TEST_STEP][PASSED] - setEncryptedText(findTestObject("02-Side Icons(Organization)/Add Contact/Password Field"), "8yFRyszE6U6jvsCn51OQbg=="): Text ****** has been set on object 'Object Repository/02-Side Icons(Organization)/Add Contact/Password Field'

2023-03-03 18:21:43 - [MESSAGE][PASSED] - Text ****** has been set on object 'Object Repository/02-Side Icons(Organization)/Add Contact/Password Field'

2023-03-03 18:21:43 - [TEST_STEP][PASSED] - click(findTestObject("02-Side Icons(Organization)/Add Contact/button_Sign in")): Object: 'Object Repository/02-Side Icons(Organization)/Add Contact/button_Sign in' is clicked on

2023-03-03 18:21:44 - [MESSAGE][PASSED] - Object: 'Object Repository/02-Side Icons(Organization)/Add Contact/button_Sign in' is clicked on

2023-03-03 18:21:44 - [TEST_STEP][PASSED] - delay(2): Delayed 2 second(s)

2023-03-03 18:21:46 - [MESSAGE][PASSED] - Delayed 2 second(s)

2023-03-03 18:21:46 - [TEST_STEP][PASSED] - click(findTestObject("06-Teams/For 2FA/button_Confirm_2FA")): Object: 'Object Repository/06-Teams/For 2FA/button_Confirm_2FA' is clicked on

2023-03-03 18:21:47 - [MESSAGE][PASSED] - Object: 'Object Repository/06-Teams/For 2FA/button_Confirm_2FA' is clicked on

2023-03-03 18:21:47 - [TEST_STEP][PASSED] - executeJavaScript("window.open();", []): Execute JavaScript 'window.open();' successfully

2023-03-03 18:21:47 - [MESSAGE][PASSED] - Execute JavaScript 'window.open();' successfully

2023-03-03 18:21:47 - [TEST_STEP][PASSED] - currentWindow = getWindowIndex(): Current window's index is: 0

2023-03-03 18:21:47 - [MESSAGE][PASSED] - Current window's index is: 0

2023-03-03 18:21:47 - [TEST_STEP][PASSED] - delay(3): Delayed 3 second(s)

2023-03-03 18:21:50 - [MESSAGE][PASSED] - Delayed 3 second(s)

2023-03-03 18:21:50 - [TEST_STEP][PASSED] - switchToWindowIndex(currentWindow + 1): Switched to window with index: '1'

2023-03-03 18:21:50 - [MESSAGE][PASSED] - Switched to window with index: '1'

2023-03-03 18:21:50 - [TEST_STEP][PASSED] - navigateToUrl("https://www.mailinator.com/"): Navigate to 'https://www.mailinator.com/' successfully

2023-03-03 18:21:56 - [MESSAGE][PASSED] - Navigate to 'https://www.mailinator.com/' successfully

2023-03-03 18:21:56 - [TEST_STEP][PASSED] - delay(3): Delayed 3 second(s)

2023-03-03 18:21:59 - [MESSAGE][PASSED] - Delayed 3 second(s)

2023-03-03 18:21:59 - [TEST_STEP][PASSED] - setText(findTestObject("00-Signup and Activation/zMailinator/input_LOGIN_search"), "autotester10@mailinator.com"): Text 'autotester10@mailinator.com' is set on object 'Object Repository/00-Signup and Activation/zMailinator/input_LOGIN_search'

2023-03-03 18:22:01 - [MESSAGE][PASSED] - Text 'autotester10@mailinator.com' is set on object 'Object Repository/00-Signup and Activation/zMailinator/input_LOGIN_search'

2023-03-03 18:22:01 - [TEST_STEP][PASSED] - click(findTestObject("00-Signup and Activation/zMailinator/gobutton"), STOP_ON_FAILURE): Object: 'Object Repository/00-Signup and Activation/zMailinator/gobutton' is clicked on

2023-03-03 18:22:04 - [MESSAGE][PASSED] - Object: 'Object Repository/00-Signup and Activation/zMailinator/gobutton' is clicked on

2023-03-03 18:22:04 - [TEST_STEP][PASSED] - delay(3): Delayed 3 second(s)

2023-03-03 18:22:07 - [MESSAGE][PASSED] - Delayed 3 second(s)

2023-03-03 18:22:07 - [TEST_STEP][PASSED] - click(findTestObject("00-Signup and Activation/zMailinator/Email - everleagues")): Object: 'Object Repository/00-Signup and Activation/zMailinator/Email - everleagues' is clicked on

2023-03-03 18:22:07 - [MESSAGE][PASSED] - Object: 'Object Repository/00-Signup and Activation/zMailinator/Email - everleagues' is clicked on

2023-03-03 18:22:07 - [TEST_STEP][PASSED] - delay(3): Delayed 3 second(s)

2023-03-03 18:22:10 - [MESSAGE][PASSED] - Delayed 3 second(s)

2023-03-03 18:22:10 - [TEST_STEP][PASSED] - codetwo = getText(findTestObject("Object Repository/06-Teams/For 2FA/2FA code")): Text of object 'Object Repository/06-Teams/For 2FA/2FA code' is: '665464'

2023-03-03 18:22:11 - [MESSAGE][PASSED] - Text of object 'Object Repository/06-Teams/For 2FA/2FA code' is: '665464'

2023-03-03 18:22:12 - [TEST_STEP][PASSED] - delay(3): Delayed 3 second(s)

2023-03-03 18:22:15 - [MESSAGE][PASSED] - Delayed 3 second(s)

2023-03-03 18:22:15 - [TEST_STEP][PASSED] - closeWindowTitle("Mailinator"): Window with title: 'Mailinator' is closed

2023-03-03 18:22:15 - [MESSAGE][PASSED] - Window with title: 'Mailinator' is closed

2023-03-03 18:22:15 - [TEST_STEP][PASSED] - delay(3): Delayed 3 second(s)

2023-03-03 18:22:18 - [MESSAGE][PASSED] - Delayed 3 second(s)

2023-03-03 18:22:18 - [TEST_STEP][PASSED] - switchToWindowIndex(0): Switched to window with index: '0'

2023-03-03 18:22:18 - [MESSAGE][PASSED] - Switched to window with index: '0'

2023-03-03 18:22:18 - [TEST_STEP][PASSED] - delay(3): Delayed 3 second(s)

2023-03-03 18:22:21 - [MESSAGE][PASSED] - Delayed 3 second(s)

2023-03-03 18:22:21 - [TEST_STEP][PASSED] - setText(findTestObject("Object Repository/06-Teams/For 2FA/input_Enter verification code_code"), codetwo): Text '665464' is set on object 'Object Repository/06-Teams/For 2FA/input_Enter verification code_code'

2023-03-03 18:22:23 - [MESSAGE][PASSED] - Text '665464' is set on object 'Object Repository/06-Teams/For 2FA/input_Enter verification code_code'

2023-03-03 18:22:23 - [TEST_STEP][PASSED] - delay(3): Delayed 3 second(s)

2023-03-03 18:22:26 - [MESSAGE][PASSED] - Delayed 3 second(s)

2023-03-03 18:22:26 - [TEST_STEP][PASSED] - click(findTestObject("06-Teams/For 2FA/button_Verify_2FA")): Object: 'Object Repository/06-Teams/For 2FA/button_Verify_2FA' is clicked on

2023-03-03 18:22:27 - [MESSAGE][PASSED] - Object: 'Object Repository/06-Teams/For 2FA/button_Verify_2FA' is clicked on

2023-03-03 18:22:27 - [TEST_STEP][PASSED] - delay(5): Delayed 5 second(s)

2023-03-03 18:22:32 - [MESSAGE][PASSED] - Delayed 5 second(s)

2023-03-03 18:22:32 - [TEST_STEP][PASSED] - executeJavaScript("window.open();", []): Execute JavaScript 'window.open();' successfully

2023-03-03 18:22:32 - [MESSAGE][PASSED] - Execute JavaScript 'window.open();' successfully

2023-03-03 18:22:32 - [TEST_STEP][PASSED] - currentWindow = getWindowIndex(): Current window's index is: 0

2023-03-03 18:22:32 - [MESSAGE][PASSED] - Current window's index is: 0

2023-03-03 18:22:32 - [TEST_STEP][PASSED] - delay(3): Delayed 3 second(s)

2023-03-03 18:22:35 - [MESSAGE][PASSED] - Delayed 3 second(s)

2023-03-03 18:22:35 - [TEST_STEP][PASSED] - switchToWindowIndex(currentWindow + 1): Switched to window with index: '1'

2023-03-03 18:22:35 - [MESSAGE][PASSED] - Switched to window with index: '1'

2023-03-03 18:22:35 - [TEST_STEP][PASSED] - navigateToUrl("https://www.mailinator.com/"): Navigate to 'https://www.mailinator.com/' successfully

2023-03-03 18:22:41 - [MESSAGE][PASSED] - Navigate to 'https://www.mailinator.com/' successfully

2023-03-03 18:22:41 - [TEST_STEP][PASSED] - delay(3): Delayed 3 second(s)

2023-03-03 18:22:44 - [MESSAGE][PASSED] - Delayed 3 second(s)

2023-03-03 18:22:44 - [TEST_STEP][PASSED] - setText(findTestObject("00-Signup and Activation/zMailinator/input_LOGIN_search"), "autotester10@mailinator.com"): Text 'autotester10@mailinator.com' is set on object 'Object Repository/00-Signup and Activation/zMailinator/input_LOGIN_search'

2023-03-03 18:22:45 - [MESSAGE][PASSED] - Text 'autotester10@mailinator.com' is set on object 'Object Repository/00-Signup and Activation/zMailinator/input_LOGIN_search'

2023-03-03 18:22:45 - [TEST_STEP][PASSED] - click(findTestObject("00-Signup and Activation/zMailinator/gobutton"), STOP_ON_FAILURE): Object: 'Object Repository/00-Signup and Activation/zMailinator/gobutton' is clicked on

2023-03-03 18:22:48 - [MESSAGE][PASSED] - Object: 'Object Repository/00-Signup and Activation/zMailinator/gobutton' is clicked on

2023-03-03 18:22:48 - [TEST_STEP][PASSED] - delay(3): Delayed 3 second(s)

2023-03-03 18:22:51 - [MESSAGE][PASSED] - Delayed 3 second(s)

2023-03-03 18:22:51 - [TEST_STEP][PASSED] - closeWindowTitle("Everleagues"): Window with title: 'Everleagues' is closed

2023-03-03 18:22:51 - [MESSAGE][PASSED] - Window with title: 'Everleagues' is closed

2023-03-03 18:22:51 - [TEST_STEP][PASSED] - switchToWindowIndex(0): Switched to window with index: '0'

2023-03-03 18:22:52 - [MESSAGE][PASSED] - Switched to window with index: '0'

2023-03-03 18:22:52 - [TEST_STEP][PASSED] - click(findTestObject("09-Settings/Users/Co worker/td_Invitation from GG Automation")): Object: 'Object Repository/09-Settings/Users/Co worker/td_Invitation from GG Automation' is clicked on

2023-03-03 18:22:52 - [MESSAGE][PASSED] - Object: 'Object Repository/09-Settings/Users/Co worker/td_Invitation from GG Automation' is clicked on

2023-03-03 18:22:52 - [TEST_STEP][PASSED] - click(findTestObject("09-Settings/Users/Co worker/a_Click here to join GG Automation on EverLeagues")): Object: 'Object Repository/09-Settings/Users/Co worker/a_Click here to join GG Automation on EverLeagues' is clicked on

2023-03-03 18:22:54 - [MESSAGE][PASSED] - Object: 'Object Repository/09-Settings/Users/Co worker/a_Click here to join GG Automation on EverLeagues' is clicked on

2023-03-03 18:22:54 - [TEST_STEP][PASSED] - closeWindowTitle("Mailinator"): Window with title: 'Mailinator' is closed

2023-03-03 18:22:54 - [MESSAGE][PASSED] - Window with title: 'Mailinator' is closed

2023-03-03 18:22:54 - [TEST_STEP][PASSED] - switchToWindowIndex(0): Switched to window with index: '0'

2023-03-03 18:22:54 - [MESSAGE][PASSED] - Switched to window with index: '0'

2023-03-03 18:22:54 - [TEST_STEP][PASSED] - verifyElementVisible(findTestObject("09-Settings/Users/Client/Invite modal")): Object 'Object Repository/09-Settings/Users/Client/Invite modal' is visible

2023-03-03 18:23:19 - [MESSAGE][PASSED] - Object 'Object Repository/09-Settings/Users/Client/Invite modal' is visible

2023-03-03 18:23:19 - [TEST_STEP][PASSED] - setText(findTestObject("09-Settings/Users/Client/Company field"), "QA Company"): Text 'QA Company' is set on object 'Object Repository/09-Settings/Users/Client/Company field'

2023-03-03 18:23:20 - [MESSAGE][PASSED] - Text 'QA Company' is set on object 'Object Repository/09-Settings/Users/Client/Company field'

2023-03-03 18:23:20 - [TEST_STEP][PASSED] - click(findTestObject("09-Settings/Users/Client/button_Accept")): Object: 'Object Repository/09-Settings/Users/Client/button_Accept' is clicked on

2023-03-03 18:23:21 - [MESSAGE][PASSED] - Object: 'Object Repository/09-Settings/Users/Client/button_Accept' is clicked on

2023-03-03 18:23:21 - [TEST_STEP][PASSED] - delay(5): Delayed 5 second(s)

2023-03-03 18:23:26 - [MESSAGE][PASSED] - Delayed 5 second(s)

2023-03-03 18:23:26 - [TEST_STEP][PASSED] - verifyElementVisible(findTestObject("09-Settings/Users/div_Joined as Partner")): Object 'Object Repository/09-Settings/Users/div_Joined as Partner' is visible

2023-03-03 18:23:30 - [MESSAGE][PASSED] - Object 'Object Repository/09-Settings/Users/div_Joined as Partner' is visible

2023-03-03 18:23:30 - [TEST_STEP][PASSED] - delay(3): Delayed 3 second(s)

2023-03-03 18:23:33 - [MESSAGE][PASSED] - Delayed 3 second(s)

2023-03-03 18:23:33 - [TEST_STEP][PASSED] - closeBrowser(): Browser is closed

2023-03-03 18:23:35 - [MESSAGE][PASSED] - Browser is closed]]></system-out>
         <system-err><![CDATA[]]></system-err>
      </testcase>
      <testcase name="Test Cases/09-Settings/05 - Users (Invite batch of users via CSV file)" time="344.423" classname="Test Cases/09-Settings/05 - Users (Invite batch of users via CSV file)" status="PASSED">
         <system-out><![CDATA[2023-03-03 18:23:35 - [TEST_CASE][PASSED] - Test Cases/09-Settings/05 - Users (Invite batch of users via CSV file): Test Cases/09-Settings/05 - Users (Invite batch of users via CSV file)

2023-03-03 18:23:38 - [TEST_STEP][PASSED] - openBrowser(""): Browser is opened with url: ''

2023-03-03 18:23:38 - [MESSAGE][INFO] - Starting 'Chrome' driver

2023-03-03 18:23:38 - [MESSAGE][INFO] - Action delay is set to 0 milliseconds

2023-03-03 18:23:40 - [MESSAGE][PASSED] - Browser is opened with url: ''

2023-03-03 18:23:40 - [TEST_STEP][PASSED] - navigateToUrl("https://lab.everleagues.com/"): Navigate to 'https://lab.everleagues.com/' successfully

2023-03-03 18:27:14 - [MESSAGE][PASSED] - Navigate to 'https://lab.everleagues.com/' successfully

2023-03-03 18:27:14 - [TEST_STEP][PASSED] - maximizeWindow(): Current window maximized

2023-03-03 18:27:14 - [MESSAGE][PASSED] - Current window maximized

2023-03-03 18:27:14 - [TEST_STEP][PASSED] - callTestCase(findTestCase("01-Login and Forgot Password/04-Login(Valid Credentials-With Subscription)"), [:], STOP_ON_FAILURE): Call Test Case 'Test Cases/01-Login and Forgot Password/04-Login(Valid Credentials-With Subscription)' successfully

2023-03-03 18:27:14 - [TEST_CASE][PASSED] - Test Cases/01-Login and Forgot Password/04-Login(Valid Credentials-With Subscription): Test Cases/01-Login and Forgot Password/04-Login(Valid Credentials-With Subscription)

2023-03-03 18:27:14 - [TEST_STEP][PASSED] - setText(findTestObject("01-Login and Forgot Password/input_Email_email"), "testuser02@mailinator.com"): Text 'testuser02@mailinator.com' is set on object 'Object Repository/01-Login and Forgot Password/input_Email_email'

2023-03-03 18:27:16 - [MESSAGE][PASSED] - Text 'testuser02@mailinator.com' is set on object 'Object Repository/01-Login and Forgot Password/input_Email_email'

2023-03-03 18:27:16 - [TEST_STEP][PASSED] - setEncryptedText(findTestObject("01-Login and Forgot Password/input_Email_password"), "8yFRyszE6U6jvsCn51OQbg=="): Text ****** has been set on object 'Object Repository/01-Login and Forgot Password/input_Email_password'

2023-03-03 18:27:17 - [MESSAGE][PASSED] - Text ****** has been set on object 'Object Repository/01-Login and Forgot Password/input_Email_password'

2023-03-03 18:27:17 - [TEST_STEP][PASSED] - delay(2): Delayed 2 second(s)

2023-03-03 18:27:19 - [MESSAGE][PASSED] - Delayed 2 second(s)

2023-03-03 18:27:19 - [TEST_STEP][PASSED] - click(findTestObject("01-Login and Forgot Password/show pass button")): Object: 'Object Repository/01-Login and Forgot Password/show pass button' is clicked on

2023-03-03 18:27:20 - [MESSAGE][PASSED] - Object: 'Object Repository/01-Login and Forgot Password/show pass button' is clicked on

2023-03-03 18:27:20 - [TEST_STEP][PASSED] - delay(3): Delayed 3 second(s)

2023-03-03 18:27:23 - [MESSAGE][PASSED] - Delayed 3 second(s)

2023-03-03 18:27:23 - [TEST_STEP][PASSED] - click(findTestObject("01-Login and Forgot Password/button_Sign in")): Object: 'Object Repository/01-Login and Forgot Password/button_Sign in' is clicked on

2023-03-03 18:27:24 - [MESSAGE][PASSED] - Object: 'Object Repository/01-Login and Forgot Password/button_Sign in' is clicked on

2023-03-03 18:27:24 - [TEST_STEP][PASSED] - delay(3): Delayed 3 second(s)

2023-03-03 18:27:27 - [MESSAGE][PASSED] - Delayed 3 second(s)

2023-03-03 18:27:27 - [TEST_STEP][PASSED] - click(findTestObject("06-Teams/For 2FA/button_Confirm_2FA")): Object: 'Object Repository/06-Teams/For 2FA/button_Confirm_2FA' is clicked on

2023-03-03 18:27:28 - [MESSAGE][PASSED] - Object: 'Object Repository/06-Teams/For 2FA/button_Confirm_2FA' is clicked on

2023-03-03 18:27:28 - [TEST_STEP][PASSED] - executeJavaScript("window.open();", []): Execute JavaScript 'window.open();' successfully

2023-03-03 18:27:28 - [MESSAGE][PASSED] - Execute JavaScript 'window.open();' successfully

2023-03-03 18:27:28 - [TEST_STEP][PASSED] - currentWindow = getWindowIndex(): Current window's index is: 0

2023-03-03 18:27:28 - [MESSAGE][PASSED] - Current window's index is: 0

2023-03-03 18:27:28 - [TEST_STEP][PASSED] - delay(3): Delayed 3 second(s)

2023-03-03 18:27:31 - [MESSAGE][PASSED] - Delayed 3 second(s)

2023-03-03 18:27:31 - [TEST_STEP][PASSED] - switchToWindowIndex(currentWindow + 1): Switched to window with index: '1'

2023-03-03 18:27:31 - [MESSAGE][PASSED] - Switched to window with index: '1'

2023-03-03 18:27:31 - [TEST_STEP][PASSED] - navigateToUrl("https://www.mailinator.com/"): Navigate to 'https://www.mailinator.com/' successfully

2023-03-03 18:27:38 - [MESSAGE][PASSED] - Navigate to 'https://www.mailinator.com/' successfully

2023-03-03 18:27:38 - [TEST_STEP][PASSED] - delay(3): Delayed 3 second(s)

2023-03-03 18:27:41 - [MESSAGE][PASSED] - Delayed 3 second(s)

2023-03-03 18:27:41 - [TEST_STEP][PASSED] - setText(findTestObject("00-Signup and Activation/zMailinator/input_LOGIN_search"), "testuser02@mailinator.com"): Text 'testuser02@mailinator.com' is set on object 'Object Repository/00-Signup and Activation/zMailinator/input_LOGIN_search'

2023-03-03 18:27:42 - [MESSAGE][PASSED] - Text 'testuser02@mailinator.com' is set on object 'Object Repository/00-Signup and Activation/zMailinator/input_LOGIN_search'

2023-03-03 18:27:42 - [TEST_STEP][PASSED] - click(findTestObject("00-Signup and Activation/zMailinator/gobutton"), STOP_ON_FAILURE): Object: 'Object Repository/00-Signup and Activation/zMailinator/gobutton' is clicked on

2023-03-03 18:27:45 - [MESSAGE][PASSED] - Object: 'Object Repository/00-Signup and Activation/zMailinator/gobutton' is clicked on

2023-03-03 18:27:45 - [TEST_STEP][PASSED] - delay(3): Delayed 3 second(s)

2023-03-03 18:27:48 - [MESSAGE][PASSED] - Delayed 3 second(s)

2023-03-03 18:27:48 - [TEST_STEP][PASSED] - click(findTestObject("00-Signup and Activation/zMailinator/Email - everleagues")): Object: 'Object Repository/00-Signup and Activation/zMailinator/Email - everleagues' is clicked on

2023-03-03 18:27:49 - [MESSAGE][PASSED] - Object: 'Object Repository/00-Signup and Activation/zMailinator/Email - everleagues' is clicked on

2023-03-03 18:27:49 - [TEST_STEP][PASSED] - delay(3): Delayed 3 second(s)

2023-03-03 18:27:52 - [MESSAGE][PASSED] - Delayed 3 second(s)

2023-03-03 18:27:52 - [TEST_STEP][PASSED] - code = getText(findTestObject("Object Repository/06-Teams/For 2FA/2FA code")): Text of object 'Object Repository/06-Teams/For 2FA/2FA code' is: '095651'

2023-03-03 18:27:53 - [MESSAGE][PASSED] - Text of object 'Object Repository/06-Teams/For 2FA/2FA code' is: '095651'

2023-03-03 18:27:53 - [TEST_STEP][PASSED] - delay(3): Delayed 3 second(s)

2023-03-03 18:27:56 - [MESSAGE][PASSED] - Delayed 3 second(s)

2023-03-03 18:27:56 - [TEST_STEP][PASSED] - closeWindowTitle("Mailinator"): Window with title: 'Mailinator' is closed

2023-03-03 18:27:57 - [MESSAGE][PASSED] - Window with title: 'Mailinator' is closed

2023-03-03 18:27:57 - [TEST_STEP][PASSED] - delay(3): Delayed 3 second(s)

2023-03-03 18:28:00 - [MESSAGE][PASSED] - Delayed 3 second(s)

2023-03-03 18:28:00 - [TEST_STEP][PASSED] - switchToWindowIndex(0): Switched to window with index: '0'

2023-03-03 18:28:00 - [MESSAGE][PASSED] - Switched to window with index: '0'

2023-03-03 18:28:00 - [TEST_STEP][PASSED] - delay(3): Delayed 3 second(s)

2023-03-03 18:28:03 - [MESSAGE][PASSED] - Delayed 3 second(s)

2023-03-03 18:28:03 - [TEST_STEP][PASSED] - setText(findTestObject("Object Repository/06-Teams/For 2FA/input_Enter verification code_code"), code): Text '095651' is set on object 'Object Repository/06-Teams/For 2FA/input_Enter verification code_code'

2023-03-03 18:28:05 - [MESSAGE][PASSED] - Text '095651' is set on object 'Object Repository/06-Teams/For 2FA/input_Enter verification code_code'

2023-03-03 18:28:05 - [TEST_STEP][PASSED] - delay(3): Delayed 3 second(s)

2023-03-03 18:28:08 - [MESSAGE][PASSED] - Delayed 3 second(s)

2023-03-03 18:28:08 - [TEST_STEP][PASSED] - click(findTestObject("06-Teams/For 2FA/button_Verify_2FA")): Object: 'Object Repository/06-Teams/For 2FA/button_Verify_2FA' is clicked on

2023-03-03 18:28:09 - [MESSAGE][PASSED] - Object: 'Object Repository/06-Teams/For 2FA/button_Verify_2FA' is clicked on

2023-03-03 18:28:09 - [TEST_STEP][PASSED] - delay(3): Delayed 3 second(s)

2023-03-03 18:28:12 - [MESSAGE][PASSED] - Delayed 3 second(s)

2023-03-03 18:28:12 - [MESSAGE][PASSED] - Call Test Case 'Test Cases/01-Login and Forgot Password/04-Login(Valid Credentials-With Subscription)' successfully

2023-03-03 18:28:12 - [TEST_STEP][PASSED] - click(findTestObject("06-Teams/button_doublearrow")): Object: 'Object Repository/06-Teams/button_doublearrow' is clicked on

2023-03-03 18:28:16 - [MESSAGE][PASSED] - Object: 'Object Repository/06-Teams/button_doublearrow' is clicked on

2023-03-03 18:28:16 - [TEST_STEP][PASSED] - click(findTestObject("06-Teams/button_My Organizations")): Object: 'Object Repository/06-Teams/button_My Organizations' is clicked on

2023-03-03 18:28:17 - [MESSAGE][PASSED] - Object: 'Object Repository/06-Teams/button_My Organizations' is clicked on

2023-03-03 18:28:17 - [TEST_STEP][PASSED] - click(findTestObject("06-Teams/button_GG Automation")): Object: 'Object Repository/06-Teams/button_GG Automation' is clicked on

2023-03-03 18:28:18 - [MESSAGE][PASSED] - Object: 'Object Repository/06-Teams/button_GG Automation' is clicked on

2023-03-03 18:28:18 - [TEST_STEP][PASSED] - delay(4): Delayed 4 second(s)

2023-03-03 18:28:22 - [MESSAGE][PASSED] - Delayed 4 second(s)

2023-03-03 18:28:22 - [TEST_STEP][PASSED] - verifyElementVisible(findTestObject("06-Teams/span_GG Automation")): Object 'Object Repository/06-Teams/span_GG Automation' is visible

2023-03-03 18:28:23 - [MESSAGE][PASSED] - Object 'Object Repository/06-Teams/span_GG Automation' is visible

2023-03-03 18:28:23 - [TEST_STEP][PASSED] - delay(5): Delayed 5 second(s)

2023-03-03 18:28:28 - [MESSAGE][PASSED] - Delayed 5 second(s)

2023-03-03 18:28:28 - [TEST_STEP][PASSED] - click(findTestObject("03-Header Menu/Hamburger Button/div_Settings")): Object: 'Object Repository/03-Header Menu/Hamburger Button/div_Settings' is clicked on

2023-03-03 18:28:29 - [MESSAGE][PASSED] - Object: 'Object Repository/03-Header Menu/Hamburger Button/div_Settings' is clicked on

2023-03-03 18:28:29 - [TEST_STEP][PASSED] - delay(3): Delayed 3 second(s)

2023-03-03 18:28:32 - [MESSAGE][PASSED] - Delayed 3 second(s)

2023-03-03 18:28:32 - [TEST_STEP][PASSED] - scrollToElement(findTestObject("09-Settings/Users/div_Users"), 0): Scroll to object 'Object Repository/09-Settings/Users/div_Users' successfully

2023-03-03 18:28:33 - [MESSAGE][WARNING] - Timeout '0' is invalid. Using default page load timeout: '30'

2023-03-03 18:28:34 - [MESSAGE][PASSED] - Scroll to object 'Object Repository/09-Settings/Users/div_Users' successfully

2023-03-03 18:28:34 - [TEST_STEP][PASSED] - click(findTestObject("09-Settings/Users/div_Users")): Object: 'Object Repository/09-Settings/Users/div_Users' is clicked on

2023-03-03 18:28:36 - [MESSAGE][PASSED] - Object: 'Object Repository/09-Settings/Users/div_Users' is clicked on

2023-03-03 18:28:36 - [TEST_STEP][PASSED] - delay(3): Delayed 3 second(s)

2023-03-03 18:28:39 - [MESSAGE][PASSED] - Delayed 3 second(s)

2023-03-03 18:28:39 - [TEST_STEP][PASSED] - click(findTestObject("09-Settings/Users/button_add")): Object: 'Object Repository/09-Settings/Users/button_add' is clicked on

2023-03-03 18:28:40 - [MESSAGE][PASSED] - Object: 'Object Repository/09-Settings/Users/button_add' is clicked on

2023-03-03 18:28:40 - [TEST_STEP][PASSED] - delay(3): Delayed 3 second(s)

2023-03-03 18:28:43 - [MESSAGE][PASSED] - Delayed 3 second(s)

2023-03-03 18:28:43 - [TEST_STEP][PASSED] - click(findTestObject("09-Settings/Users/Invite batch of users via CSV file")): Object: 'Object Repository/09-Settings/Users/Invite batch of users via CSV file' is clicked on

2023-03-03 18:28:44 - [MESSAGE][PASSED] - Object: 'Object Repository/09-Settings/Users/Invite batch of users via CSV file' is clicked on

2023-03-03 18:28:44 - [TEST_STEP][PASSED] - verifyElementVisible(findTestObject("09-Settings/Users/CSV Invite/Import CSV File modal")): Object 'Object Repository/09-Settings/Users/CSV Invite/Import CSV File modal' is visible

2023-03-03 18:28:45 - [MESSAGE][PASSED] - Object 'Object Repository/09-Settings/Users/CSV Invite/Import CSV File modal' is visible

2023-03-03 18:28:45 - [TEST_STEP][PASSED] - verifyElementNotClickable(findTestObject("09-Settings/Users/CSV Invite/button_Import")): Object 'Object Repository/09-Settings/Users/CSV Invite/button_Import' is NOT clickable

2023-03-03 18:28:46 - [MESSAGE][PASSED] - Object 'Object Repository/09-Settings/Users/CSV Invite/button_Import' is NOT clickable

2023-03-03 18:28:46 - [TEST_STEP][PASSED] - delay(3): Delayed 3 second(s)

2023-03-03 18:28:49 - [MESSAGE][PASSED] - Delayed 3 second(s)

2023-03-03 18:28:49 - [TEST_STEP][PASSED] - uploadpackage.Upload.uploadFile(findTestObject("Object Repository/09-Settings/Users/CSV Invite/button_Choose File"), "C:\Users\asus\Desktop\EL automation\sample csv.csv"): uploadpackage.Upload.uploadFile is PASSED

2023-03-03 18:28:50 - [MESSAGE][PASSED] - Object: 'Object Repository/09-Settings/Users/CSV Invite/button_Choose File' is clicked on

2023-03-03 18:28:52 - [MESSAGE][PASSED] - uploadpackage.Upload.uploadFile is PASSED

2023-03-03 18:28:52 - [TEST_STEP][PASSED] - delay(3): Delayed 3 second(s)

2023-03-03 18:28:55 - [MESSAGE][PASSED] - Delayed 3 second(s)

2023-03-03 18:28:55 - [TEST_STEP][PASSED] - verifyElementVisible(findTestObject("09-Settings/Users/CSV Invite/div_Sample csv.csv")): Object 'Object Repository/09-Settings/Users/CSV Invite/div_Sample csv.csv' is visible

2023-03-03 18:28:56 - [MESSAGE][PASSED] - Object 'Object Repository/09-Settings/Users/CSV Invite/div_Sample csv.csv' is visible

2023-03-03 18:28:56 - [TEST_STEP][PASSED] - click(findTestObject("09-Settings/Users/CSV Invite/button_Import")): Object: 'Object Repository/09-Settings/Users/CSV Invite/button_Import' is clicked on

2023-03-03 18:28:57 - [MESSAGE][PASSED] - Object: 'Object Repository/09-Settings/Users/CSV Invite/button_Import' is clicked on

2023-03-03 18:28:57 - [TEST_STEP][PASSED] - delay(5): Delayed 5 second(s)

2023-03-03 18:29:02 - [MESSAGE][PASSED] - Delayed 5 second(s)

2023-03-03 18:29:02 - [TEST_STEP][PASSED] - verifyElementVisible(findTestObject("09-Settings/Users/CSV Invite/Success import modal")): Object 'Object Repository/09-Settings/Users/CSV Invite/Success import modal' is visible

2023-03-03 18:29:03 - [MESSAGE][PASSED] - Object 'Object Repository/09-Settings/Users/CSV Invite/Success import modal' is visible

2023-03-03 18:29:03 - [TEST_STEP][PASSED] - click(findTestObject("09-Settings/Users/CSV Invite/button_Close")): Object: 'Object Repository/09-Settings/Users/CSV Invite/button_Close' is clicked on

2023-03-03 18:29:03 - [MESSAGE][PASSED] - Object: 'Object Repository/09-Settings/Users/CSV Invite/button_Close' is clicked on

2023-03-03 18:29:03 - [TEST_STEP][PASSED] - click(findTestObject("09-Settings/Users/CSV Invite/Invited Users tab")): Object: 'Object Repository/09-Settings/Users/CSV Invite/Invited Users tab' is clicked on

2023-03-03 18:29:05 - [MESSAGE][PASSED] - Object: 'Object Repository/09-Settings/Users/CSV Invite/Invited Users tab' is clicked on

2023-03-03 18:29:05 - [TEST_STEP][PASSED] - delay(3): Delayed 3 second(s)

2023-03-03 18:29:08 - [MESSAGE][PASSED] - Delayed 3 second(s)

2023-03-03 18:29:08 - [TEST_STEP][PASSED] - verifyElementVisible(findTestObject("09-Settings/Users/CSV Invite/div_CTCSV test3")): Object 'Object Repository/09-Settings/Users/CSV Invite/div_CTCSV test3' is visible

2023-03-03 18:29:08 - [MESSAGE][PASSED] - Object 'Object Repository/09-Settings/Users/CSV Invite/div_CTCSV test3' is visible

2023-03-03 18:29:08 - [TEST_STEP][PASSED] - verifyElementVisible(findTestObject("09-Settings/Users/CSV Invite/div_autotester08mailinator.com")): Object 'Object Repository/09-Settings/Users/CSV Invite/div_autotester08mailinator.com' is visible

2023-03-03 18:29:09 - [MESSAGE][PASSED] - Object 'Object Repository/09-Settings/Users/CSV Invite/div_autotester08mailinator.com' is visible

2023-03-03 18:29:09 - [TEST_STEP][PASSED] - verifyElementVisible(findTestObject("09-Settings/Users/CSV Invite/div_Partner")): Object 'Object Repository/09-Settings/Users/CSV Invite/div_Partner' is visible

2023-03-03 18:29:10 - [MESSAGE][PASSED] - Object 'Object Repository/09-Settings/Users/CSV Invite/div_Partner' is visible

2023-03-03 18:29:10 - [TEST_STEP][PASSED] - verifyElementVisible(findTestObject("09-Settings/Users/CSV Invite/div_CTCSV test2")): Object 'Object Repository/09-Settings/Users/CSV Invite/div_CTCSV test2' is visible

2023-03-03 18:29:11 - [MESSAGE][PASSED] - Object 'Object Repository/09-Settings/Users/CSV Invite/div_CTCSV test2' is visible

2023-03-03 18:29:11 - [TEST_STEP][PASSED] - verifyElementVisible(findTestObject("09-Settings/Users/CSV Invite/div_autotester07mailinator.com")): Object 'Object Repository/09-Settings/Users/CSV Invite/div_autotester07mailinator.com' is visible

2023-03-03 18:29:11 - [MESSAGE][PASSED] - Object 'Object Repository/09-Settings/Users/CSV Invite/div_autotester07mailinator.com' is visible

2023-03-03 18:29:11 - [TEST_STEP][PASSED] - verifyElementVisible(findTestObject("09-Settings/Users/CSV Invite/div_Client")): Object 'Object Repository/09-Settings/Users/CSV Invite/div_Client' is visible

2023-03-03 18:29:12 - [MESSAGE][PASSED] - Object 'Object Repository/09-Settings/Users/CSV Invite/div_Client' is visible

2023-03-03 18:29:12 - [TEST_STEP][PASSED] - verifyElementVisible(findTestObject("09-Settings/Users/CSV Invite/div_CTCSV test1")): Object 'Object Repository/09-Settings/Users/CSV Invite/div_CTCSV test1' is visible

2023-03-03 18:29:14 - [MESSAGE][PASSED] - Object 'Object Repository/09-Settings/Users/CSV Invite/div_CTCSV test1' is visible

2023-03-03 18:29:14 - [TEST_STEP][PASSED] - verifyElementVisible(findTestObject("09-Settings/Users/CSV Invite/div_autotester06mailinator.com")): Object 'Object Repository/09-Settings/Users/CSV Invite/div_autotester06mailinator.com' is visible

2023-03-03 18:29:15 - [MESSAGE][PASSED] - Object 'Object Repository/09-Settings/Users/CSV Invite/div_autotester06mailinator.com' is visible

2023-03-03 18:29:15 - [TEST_STEP][PASSED] - verifyElementVisible(findTestObject("09-Settings/Users/CSV Invite/div_Coworker")): Object 'Object Repository/09-Settings/Users/CSV Invite/div_Coworker' is visible

2023-03-03 18:29:15 - [MESSAGE][PASSED] - Object 'Object Repository/09-Settings/Users/CSV Invite/div_Coworker' is visible

2023-03-03 18:29:15 - [TEST_STEP][PASSED] - delay(3): Delayed 3 second(s)

2023-03-03 18:29:18 - [MESSAGE][PASSED] - Delayed 3 second(s)

2023-03-03 18:29:18 - [TEST_STEP][PASSED] - closeBrowser(): Browser is closed

2023-03-03 18:29:20 - [MESSAGE][PASSED] - Browser is closed]]></system-out>
         <system-err><![CDATA[]]></system-err>
      </testcase>
      <system-out><![CDATA[2023-03-03 18:03:39 - [TEST_SUITE][PASSED] - 09.1 - Settings (Invite users): Test Cases/09-Settings/05 - Users (Invite batch of users via CSV file)]]></system-out>
      <system-err><![CDATA[]]></system-err>
   </testsuite>
</testsuites>
