<?xml version="1.0" encoding="UTF-8"?>
<testsuites name="13-Income and Expense" time="311.232" tests="12" failures="0" errors="0">
   <testsuite name="13-Income and Expense" tests="12" failures="0" errors="0" time="311.232" skipped="0" timestamp="2023-05-05 14:27:49" hostname="Mike - LAPTOP-LF5VTH4H" id="Test Suites/TS-Organization/13-Income and Expense">
      <properties>
         <property name="deviceName" value=""/>
         <property name="devicePlatform" value=""/>
         <property name="logFolder" value="D:\\Users\\Michelle\\Project\\Everleagues\\Reports\\20230505_142741\\TS-Organization\\13-Income and Expense\\20230505_142741"/>
         <property name="logFiles" value="D:\\Users\\Michelle\\Project\\Everleagues\\Reports\\20230505_142741\\TS-Organization\\13-Income and Expense\\20230505_142741\\execution0.log"/>
         <property name="attachments" value=""/>
         <property name="hostName" value="Mike - LAPTOP-LF5VTH4H"/>
         <property name="os" value="Windows 10 64bit"/>
         <property name="katalonVersion" value="8.6.0.208"/>
         <property name="browser" value="Chrome 113.0.0.0"/>
         <property name="hostAddress" value="192.168.100.69"/>
         <property name="sessionId" value="9ef76b9a32e5538ee1735931b51d177f"/>
         <property name="seleniumVersion" value="3.141.59"/>
         <property name="proxyInformation" value="ProxyInformation { proxyOption=NO_PROXY, proxyServerType=HTTP, username=, password=********, proxyServerAddress=, proxyServerPort=0, executionList=&quot;&quot;, isApplyToDesiredCapabilities=true }"/>
         <property name="platform" value="Windows 10"/>
      </properties>
      <testcase name="Test Cases/13-Income and Expense/01-Add Company (required field is blank)" time="119.487" classname="Test Cases/13-Income and Expense/01-Add Company (required field is blank)" status="PASSED">
         <system-out><![CDATA[2023-05-05 14:27:50 - [TEST_CASE][PASSED] - Test Cases/13-Income and Expense/01-Add Company (required field is blank): Test Cases/13-Income and Expense/01-Add Company (required field is blank)

2023-05-05 14:27:51 - [TEST_STEP][PASSED] - openBrowser(""): Browser is opened with url: ''

2023-05-05 14:27:51 - [MESSAGE][INFO] - Starting 'Chrome' driver

2023-05-05 14:27:52 - [MESSAGE][INFO] - Action delay is set to 0 milliseconds

2023-05-05 14:27:58 - [MESSAGE][PASSED] - Browser is opened with url: ''

2023-05-05 14:27:58 - [TEST_STEP][PASSED] - navigateToUrl("https://lab.everleagues.com/"): Navigate to 'https://lab.everleagues.com/' successfully

2023-05-05 14:28:14 - [MESSAGE][PASSED] - Navigate to 'https://lab.everleagues.com/' successfully

2023-05-05 14:28:14 - [TEST_STEP][PASSED] - maximizeWindow(): Current window maximized

2023-05-05 14:28:14 - [MESSAGE][PASSED] - Current window maximized

2023-05-05 14:28:14 - [TEST_STEP][PASSED] - callTestCase(findTestCase("01-Login and Forgot Password/04-Login(Valid Credentials-With Subscription)"), [:], STOP_ON_FAILURE): Call Test Case 'Test Cases/01-Login and Forgot Password/04-Login(Valid Credentials-With Subscription)' successfully

2023-05-05 14:28:14 - [TEST_CASE][PASSED] - Test Cases/01-Login and Forgot Password/04-Login(Valid Credentials-With Subscription): Test Cases/01-Login and Forgot Password/04-Login(Valid Credentials-With Subscription)

2023-05-05 14:28:15 - [TEST_STEP][PASSED] - setText(findTestObject("01-Login and Forgot Password/input_Email_email"), email_with_subscription): Text 'testuser05@mailinator.com' is set on object 'Object Repository/01-Login and Forgot Password/input_Email_email'

2023-05-05 14:28:17 - [MESSAGE][PASSED] - Text 'testuser05@mailinator.com' is set on object 'Object Repository/01-Login and Forgot Password/input_Email_email'

2023-05-05 14:28:17 - [TEST_STEP][PASSED] - setEncryptedText(findTestObject("01-Login and Forgot Password/input_Email_password"), password): Text ****** has been set on object 'Object Repository/01-Login and Forgot Password/input_Email_password'

2023-05-05 14:28:18 - [MESSAGE][PASSED] - Text ****** has been set on object 'Object Repository/01-Login and Forgot Password/input_Email_password'

2023-05-05 14:28:18 - [TEST_STEP][PASSED] - delay(delay_2seconds): Delayed 2 second(s)

2023-05-05 14:28:20 - [MESSAGE][PASSED] - Delayed 2 second(s)

2023-05-05 14:28:20 - [TEST_STEP][PASSED] - click(findTestObject("01-Login and Forgot Password/show pass button")): Object: 'Object Repository/01-Login and Forgot Password/show pass button' is clicked on

2023-05-05 14:28:21 - [MESSAGE][PASSED] - Object: 'Object Repository/01-Login and Forgot Password/show pass button' is clicked on

2023-05-05 14:28:21 - [TEST_STEP][PASSED] - delay(delay_3seconds): Delayed 3 second(s)

2023-05-05 14:28:24 - [MESSAGE][PASSED] - Delayed 3 second(s)

2023-05-05 14:28:24 - [TEST_STEP][PASSED] - click(findTestObject("01-Login and Forgot Password/button_Sign in")): Object: 'Object Repository/01-Login and Forgot Password/button_Sign in' is clicked on

2023-05-05 14:28:24 - [MESSAGE][PASSED] - Object: 'Object Repository/01-Login and Forgot Password/button_Sign in' is clicked on

2023-05-05 14:28:24 - [TEST_STEP][PASSED] - delay(delay_3seconds): Delayed 3 second(s)

2023-05-05 14:28:27 - [MESSAGE][PASSED] - Delayed 3 second(s)

2023-05-05 14:28:27 - [TEST_STEP][PASSED] - click(findTestObject("06-Teams/For 2FA/button_Confirm_2FA")): Object: 'Object Repository/06-Teams/For 2FA/button_Confirm_2FA' is clicked on

2023-05-05 14:28:28 - [MESSAGE][PASSED] - Object: 'Object Repository/06-Teams/For 2FA/button_Confirm_2FA' is clicked on

2023-05-05 14:28:28 - [TEST_STEP][PASSED] - executeJavaScript("window.open();", []): Execute JavaScript 'window.open();' successfully

2023-05-05 14:28:28 - [MESSAGE][PASSED] - Execute JavaScript 'window.open();' successfully

2023-05-05 14:28:28 - [TEST_STEP][PASSED] - currentWindow = getWindowIndex(): Current window's index is: 0

2023-05-05 14:28:28 - [MESSAGE][PASSED] - Current window's index is: 0

2023-05-05 14:28:28 - [TEST_STEP][PASSED] - delay(delay_3seconds): Delayed 3 second(s)

2023-05-05 14:28:31 - [MESSAGE][PASSED] - Delayed 3 second(s)

2023-05-05 14:28:31 - [TEST_STEP][PASSED] - switchToWindowIndex(currentWindow + 1): Switched to window with index: '1'

2023-05-05 14:28:31 - [MESSAGE][PASSED] - Switched to window with index: '1'

2023-05-05 14:28:31 - [TEST_STEP][PASSED] - navigateToUrl(app_mailinator): Navigate to 'https://www.mailinator.com/' successfully

2023-05-05 14:28:37 - [MESSAGE][PASSED] - Navigate to 'https://www.mailinator.com/' successfully

2023-05-05 14:28:37 - [TEST_STEP][PASSED] - delay(delay_3seconds): Delayed 3 second(s)

2023-05-05 14:28:40 - [MESSAGE][PASSED] - Delayed 3 second(s)

2023-05-05 14:28:40 - [TEST_STEP][PASSED] - setText(findTestObject("00-Signup and Activation/zMailinator/input_LOGIN_search"), email_for_searchmailinator_testuser05): Text 'testuser05@mailinator.com' is set on object 'Object Repository/00-Signup and Activation/zMailinator/input_LOGIN_search'

2023-05-05 14:28:41 - [MESSAGE][PASSED] - Text 'testuser05@mailinator.com' is set on object 'Object Repository/00-Signup and Activation/zMailinator/input_LOGIN_search'

2023-05-05 14:28:41 - [TEST_STEP][PASSED] - click(findTestObject("00-Signup and Activation/zMailinator/gobutton"), STOP_ON_FAILURE): Object: 'Object Repository/00-Signup and Activation/zMailinator/gobutton' is clicked on

2023-05-05 14:28:44 - [MESSAGE][PASSED] - Object: 'Object Repository/00-Signup and Activation/zMailinator/gobutton' is clicked on

2023-05-05 14:28:44 - [TEST_STEP][PASSED] - delay(delay_3seconds): Delayed 3 second(s)

2023-05-05 14:28:47 - [MESSAGE][PASSED] - Delayed 3 second(s)

2023-05-05 14:28:47 - [TEST_STEP][PASSED] - click(findTestObject("00-Signup and Activation/zMailinator/Email - everleagues")): Object: 'Object Repository/00-Signup and Activation/zMailinator/Email - everleagues' is clicked on

2023-05-05 14:28:48 - [MESSAGE][PASSED] - Object: 'Object Repository/00-Signup and Activation/zMailinator/Email - everleagues' is clicked on

2023-05-05 14:28:48 - [TEST_STEP][PASSED] - delay(delay_3seconds): Delayed 3 second(s)

2023-05-05 14:28:51 - [MESSAGE][PASSED] - Delayed 3 second(s)

2023-05-05 14:28:51 - [TEST_STEP][PASSED] - code = getText(findTestObject("Object Repository/06-Teams/For 2FA/2FA code")): Text of object 'Object Repository/06-Teams/For 2FA/2FA code' is: '227483'

2023-05-05 14:28:51 - [MESSAGE][PASSED] - Text of object 'Object Repository/06-Teams/For 2FA/2FA code' is: '227483'

2023-05-05 14:28:51 - [TEST_STEP][PASSED] - delay(delay_3seconds): Delayed 3 second(s)

2023-05-05 14:28:54 - [MESSAGE][PASSED] - Delayed 3 second(s)

2023-05-05 14:28:54 - [TEST_STEP][PASSED] - closeWindowTitle("Mailinator"): Window with title: 'Mailinator' is closed

2023-05-05 14:28:55 - [MESSAGE][PASSED] - Window with title: 'Mailinator' is closed

2023-05-05 14:28:55 - [TEST_STEP][PASSED] - delay(delay_3seconds): Delayed 3 second(s)

2023-05-05 14:28:58 - [MESSAGE][PASSED] - Delayed 3 second(s)

2023-05-05 14:28:58 - [TEST_STEP][PASSED] - switchToWindowIndex(0): Switched to window with index: '0'

2023-05-05 14:28:58 - [MESSAGE][PASSED] - Switched to window with index: '0'

2023-05-05 14:28:58 - [TEST_STEP][PASSED] - delay(delay_3seconds): Delayed 3 second(s)

2023-05-05 14:29:01 - [MESSAGE][PASSED] - Delayed 3 second(s)

2023-05-05 14:29:01 - [TEST_STEP][PASSED] - setText(findTestObject("Object Repository/06-Teams/For 2FA/input_Enter verification code_code"), code): Text '227483' is set on object 'Object Repository/06-Teams/For 2FA/input_Enter verification code_code'

2023-05-05 14:29:02 - [MESSAGE][PASSED] - Text '227483' is set on object 'Object Repository/06-Teams/For 2FA/input_Enter verification code_code'

2023-05-05 14:29:02 - [TEST_STEP][PASSED] - delay(delay_3seconds): Delayed 3 second(s)

2023-05-05 14:29:05 - [MESSAGE][PASSED] - Delayed 3 second(s)

2023-05-05 14:29:05 - [TEST_STEP][PASSED] - click(findTestObject("06-Teams/For 2FA/button_Verify_2FA")): Object: 'Object Repository/06-Teams/For 2FA/button_Verify_2FA' is clicked on

2023-05-05 14:29:06 - [MESSAGE][PASSED] - Object: 'Object Repository/06-Teams/For 2FA/button_Verify_2FA' is clicked on

2023-05-05 14:29:06 - [TEST_STEP][PASSED] - delay(delay_3seconds): Delayed 3 second(s)

2023-05-05 14:29:09 - [MESSAGE][PASSED] - Delayed 3 second(s)

2023-05-05 14:29:09 - [MESSAGE][PASSED] - Call Test Case 'Test Cases/01-Login and Forgot Password/04-Login(Valid Credentials-With Subscription)' successfully

2023-05-05 14:29:09 - [TEST_STEP][PASSED] - click(findTestObject("06-Teams/button_doublearrow")): Object: 'Object Repository/06-Teams/button_doublearrow' is clicked on

2023-05-05 14:29:12 - [MESSAGE][PASSED] - Object: 'Object Repository/06-Teams/button_doublearrow' is clicked on

2023-05-05 14:29:12 - [TEST_STEP][PASSED] - click(findTestObject("06-Teams/button_My Organizations")): Object: 'Object Repository/06-Teams/button_My Organizations' is clicked on

2023-05-05 14:29:13 - [MESSAGE][PASSED] - Object: 'Object Repository/06-Teams/button_My Organizations' is clicked on

2023-05-05 14:29:13 - [TEST_STEP][PASSED] - click(findTestObject("02-Side Icons(Organization)/Add Contact/button_Automation Test Org")): Object: 'Object Repository/02-Side Icons(Organization)/Add Contact/button_Automation Test Org' is clicked on

2023-05-05 14:29:14 - [MESSAGE][PASSED] - Object: 'Object Repository/02-Side Icons(Organization)/Add Contact/button_Automation Test Org' is clicked on

2023-05-05 14:29:14 - [TEST_STEP][PASSED] - delay(4): Delayed 4 second(s)

2023-05-05 14:29:18 - [MESSAGE][PASSED] - Delayed 4 second(s)

2023-05-05 14:29:18 - [TEST_STEP][PASSED] - verifyElementVisible(findTestObject("02-Side Icons(Organization)/Add Contact/span_Automation Test Org")): Object 'Object Repository/02-Side Icons(Organization)/Add Contact/span_Automation Test Org' is visible

2023-05-05 14:29:20 - [MESSAGE][PASSED] - Object 'Object Repository/02-Side Icons(Organization)/Add Contact/span_Automation Test Org' is visible

2023-05-05 14:29:20 - [TEST_STEP][PASSED] - delay(5): Delayed 5 second(s)

2023-05-05 14:29:25 - [MESSAGE][PASSED] - Delayed 5 second(s)

2023-05-05 14:29:25 - [TEST_STEP][PASSED] - scrollToElement(findTestObject("03-Header Menu/Hamburger Button/div_Income and Expense"), 0): Scroll to object 'Object Repository/03-Header Menu/Hamburger Button/div_Income and Expense' successfully

2023-05-05 14:29:26 - [MESSAGE][WARNING] - Timeout '0' is invalid. Using default page load timeout: '30'

2023-05-05 14:29:26 - [MESSAGE][PASSED] - Scroll to object 'Object Repository/03-Header Menu/Hamburger Button/div_Income and Expense' successfully

2023-05-05 14:29:26 - [TEST_STEP][PASSED] - click(findTestObject("03-Header Menu/Hamburger Button/div_Income and Expense")): Object: 'Object Repository/03-Header Menu/Hamburger Button/div_Income and Expense' is clicked on

2023-05-05 14:29:27 - [MESSAGE][PASSED] - Object: 'Object Repository/03-Header Menu/Hamburger Button/div_Income and Expense' is clicked on

2023-05-05 14:29:27 - [TEST_STEP][PASSED] - verifyElementVisible(findTestObject("13-Income and Expense/div_IncomeAndExpense Tracker")): Object 'Object Repository/13-Income and Expense/div_IncomeAndExpense Tracker' is visible

2023-05-05 14:29:30 - [MESSAGE][PASSED] - Object 'Object Repository/13-Income and Expense/div_IncomeAndExpense Tracker' is visible

2023-05-05 14:29:30 - [TEST_STEP][PASSED] - verifyElementVisible(findTestObject("13-Income and Expense/th_Income  Expense Tracker")): Object 'Object Repository/13-Income and Expense/th_Income  Expense Tracker' is visible

2023-05-05 14:29:31 - [MESSAGE][PASSED] - Object 'Object Repository/13-Income and Expense/th_Income  Expense Tracker' is visible

2023-05-05 14:29:31 - [TEST_STEP][PASSED] - delay(3): Delayed 3 second(s)

2023-05-05 14:29:34 - [MESSAGE][PASSED] - Delayed 3 second(s)

2023-05-05 14:29:34 - [TEST_STEP][PASSED] - click(findTestObject("13-Income and Expense/button_ADD COMPANY")): Object: 'Object Repository/13-Income and Expense/button_ADD COMPANY' is clicked on

2023-05-05 14:29:34 - [MESSAGE][PASSED] - Object: 'Object Repository/13-Income and Expense/button_ADD COMPANY' is clicked on

2023-05-05 14:29:34 - [TEST_STEP][PASSED] - click(findTestObject("13-Income and Expense/mat-icon_clear")): Object: 'Object Repository/13-Income and Expense/mat-icon_clear' is clicked on

2023-05-05 14:29:36 - [MESSAGE][PASSED] - Object: 'Object Repository/13-Income and Expense/mat-icon_clear' is clicked on

2023-05-05 14:29:36 - [TEST_STEP][PASSED] - delay(3): Delayed 3 second(s)

2023-05-05 14:29:39 - [MESSAGE][PASSED] - Delayed 3 second(s)

2023-05-05 14:29:39 - [TEST_STEP][PASSED] - click(findTestObject("13-Income and Expense/button_ADD COMPANY")): Object: 'Object Repository/13-Income and Expense/button_ADD COMPANY' is clicked on

2023-05-05 14:29:40 - [MESSAGE][PASSED] - Object: 'Object Repository/13-Income and Expense/button_ADD COMPANY' is clicked on

2023-05-05 14:29:40 - [TEST_STEP][PASSED] - verifyElementVisible(findTestObject("13-Income and Expense/mat-dialog-container_Add CompanyModal")): Object 'Object Repository/13-Income and Expense/mat-dialog-container_Add CompanyModal' is visible

2023-05-05 14:29:41 - [MESSAGE][PASSED] - Object 'Object Repository/13-Income and Expense/mat-dialog-container_Add CompanyModal' is visible

2023-05-05 14:29:41 - [TEST_STEP][PASSED] - click(findTestObject("13-Income and Expense/input_CompanyName")): Object: 'Object Repository/13-Income and Expense/input_CompanyName' is clicked on

2023-05-05 14:29:41 - [MESSAGE][PASSED] - Object: 'Object Repository/13-Income and Expense/input_CompanyName' is clicked on

2023-05-05 14:29:41 - [TEST_STEP][PASSED] - click(findTestObject("13-Income and Expense/dropdown_CompanyType")): Object: 'Object Repository/13-Income and Expense/dropdown_CompanyType' is clicked on

2023-05-05 14:29:42 - [MESSAGE][PASSED] - Object: 'Object Repository/13-Income and Expense/dropdown_CompanyType' is clicked on

2023-05-05 14:29:42 - [TEST_STEP][PASSED] - doubleClick(findTestObject("13-Income and Expense/input_CompanyName")): Object: 'Object Repository/13-Income and Expense/input_CompanyName' is double clicked on

2023-05-05 14:29:43 - [MESSAGE][PASSED] - Object: 'Object Repository/13-Income and Expense/input_CompanyName' is double clicked on

2023-05-05 14:29:43 - [TEST_STEP][PASSED] - click(findTestObject("13-Income and Expense/dropdown_ChoosingDate")): Object: 'Object Repository/13-Income and Expense/dropdown_ChoosingDate' is clicked on

2023-05-05 14:29:43 - [MESSAGE][PASSED] - Object: 'Object Repository/13-Income and Expense/dropdown_ChoosingDate' is clicked on

2023-05-05 14:29:43 - [TEST_STEP][PASSED] - doubleClick(findTestObject("13-Income and Expense/mat-icon_account")): Object: 'Object Repository/13-Income and Expense/mat-icon_account' is double clicked on

2023-05-05 14:29:44 - [MESSAGE][PASSED] - Object: 'Object Repository/13-Income and Expense/mat-icon_account' is double clicked on

2023-05-05 14:29:44 - [TEST_STEP][PASSED] - click(findTestObject("13-Income and Expense/input_CompanyName")): Object: 'Object Repository/13-Income and Expense/input_CompanyName' is clicked on

2023-05-05 14:29:45 - [MESSAGE][PASSED] - Object: 'Object Repository/13-Income and Expense/input_CompanyName' is clicked on

2023-05-05 14:29:45 - [TEST_STEP][PASSED] - verifyElementVisible(findTestObject("13-Income and Expense/mat-error_Company name is required")): Object 'Object Repository/13-Income and Expense/mat-error_Company name is required' is visible

2023-05-05 14:29:46 - [MESSAGE][PASSED] - Object 'Object Repository/13-Income and Expense/mat-error_Company name is required' is visible

2023-05-05 14:29:46 - [TEST_STEP][PASSED] - verifyElementVisible(findTestObject("13-Income and Expense/mat-error_Company type is required")): Object 'Object Repository/13-Income and Expense/mat-error_Company type is required' is visible

2023-05-05 14:29:46 - [MESSAGE][PASSED] - Object 'Object Repository/13-Income and Expense/mat-error_Company type is required' is visible

2023-05-05 14:29:46 - [TEST_STEP][PASSED] - verifyElementNotClickable(findTestObject("13-Income and Expense/button_BEGIN")): Object 'Object Repository/13-Income and Expense/button_BEGIN' is NOT clickable

2023-05-05 14:29:46 - [MESSAGE][PASSED] - Object 'Object Repository/13-Income and Expense/button_BEGIN' is NOT clickable

2023-05-05 14:29:46 - [TEST_STEP][PASSED] - delay(3): Delayed 3 second(s)

2023-05-05 14:29:49 - [MESSAGE][PASSED] - Delayed 3 second(s)]]></system-out>
         <system-err><![CDATA[]]></system-err>
      </testcase>
      <testcase name="Test Cases/13-Income and Expense/02-Add Company (fill out required field)" time="9.98" classname="Test Cases/13-Income and Expense/02-Add Company (fill out required field)" status="PASSED">
         <system-out><![CDATA[2023-05-05 14:29:50 - [TEST_CASE][PASSED] - Test Cases/13-Income and Expense/02-Add Company (fill out required field): Test Cases/13-Income and Expense/02-Add Company (fill out required field)

2023-05-05 14:29:50 - [TEST_STEP][PASSED] - setText(findTestObject("13-Income and Expense/input_CompanyName"), "Automation Company"): Text 'Automation Company' is set on object 'Object Repository/13-Income and Expense/input_CompanyName'

2023-05-05 14:29:51 - [MESSAGE][PASSED] - Text 'Automation Company' is set on object 'Object Repository/13-Income and Expense/input_CompanyName'

2023-05-05 14:29:51 - [TEST_STEP][PASSED] - click(findTestObject("13-Income and Expense/dropdown_CompanyType")): Object: 'Object Repository/13-Income and Expense/dropdown_CompanyType' is clicked on

2023-05-05 14:29:52 - [MESSAGE][PASSED] - Object: 'Object Repository/13-Income and Expense/dropdown_CompanyType' is clicked on

2023-05-05 14:29:52 - [TEST_STEP][PASSED] - click(findTestObject("13-Income and Expense/mat-option_Consulting")): Object: 'Object Repository/13-Income and Expense/mat-option_Consulting' is clicked on

2023-05-05 14:29:52 - [MESSAGE][PASSED] - Object: 'Object Repository/13-Income and Expense/mat-option_Consulting' is clicked on

2023-05-05 14:29:52 - [TEST_STEP][PASSED] - click(findTestObject("13-Income and Expense/dropdown_ChoosingDate")): Object: 'Object Repository/13-Income and Expense/dropdown_ChoosingDate' is clicked on

2023-05-05 14:29:53 - [MESSAGE][PASSED] - Object: 'Object Repository/13-Income and Expense/dropdown_ChoosingDate' is clicked on

2023-05-05 14:29:53 - [TEST_STEP][PASSED] - click(findTestObject("13-Income and Expense/mat-option_End of September")): Object: 'Object Repository/13-Income and Expense/mat-option_End of September' is clicked on

2023-05-05 14:29:53 - [MESSAGE][PASSED] - Object: 'Object Repository/13-Income and Expense/mat-option_End of September' is clicked on

2023-05-05 14:29:53 - [TEST_STEP][PASSED] - click(findTestObject("13-Income and Expense/mat-icon_account")): Object: 'Object Repository/13-Income and Expense/mat-icon_account' is clicked on

2023-05-05 14:29:54 - [MESSAGE][PASSED] - Object: 'Object Repository/13-Income and Expense/mat-icon_account' is clicked on

2023-05-05 14:29:54 - [TEST_STEP][PASSED] - click(findTestObject("13-Income and Expense/mat-option_GG TESTER")): Object: 'Object Repository/13-Income and Expense/mat-option_GG TESTER' is clicked on

2023-05-05 14:29:55 - [MESSAGE][PASSED] - Object: 'Object Repository/13-Income and Expense/mat-option_GG TESTER' is clicked on

2023-05-05 14:29:55 - [TEST_STEP][PASSED] - delay(1): Delayed 1 second(s)

2023-05-05 14:29:56 - [MESSAGE][PASSED] - Delayed 1 second(s)

2023-05-05 14:29:56 - [TEST_STEP][PASSED] - click(findTestObject("13-Income and Expense/button_BEGIN")): Object: 'Object Repository/13-Income and Expense/button_BEGIN' is clicked on

2023-05-05 14:29:57 - [MESSAGE][PASSED] - Object: 'Object Repository/13-Income and Expense/button_BEGIN' is clicked on

2023-05-05 14:29:57 - [TEST_STEP][PASSED] - delay(3): Delayed 3 second(s)

2023-05-05 14:30:00 - [MESSAGE][PASSED] - Delayed 3 second(s)]]></system-out>
         <system-err><![CDATA[]]></system-err>
      </testcase>
      <testcase name="Test Cases/13-Income and Expense/03-Add receipt (required field is blank)" time="19.191" classname="Test Cases/13-Income and Expense/03-Add receipt (required field is blank)" status="PASSED">
         <system-out><![CDATA[2023-05-05 14:30:00 - [TEST_CASE][PASSED] - Test Cases/13-Income and Expense/03-Add receipt (required field is blank): Test Cases/13-Income and Expense/03-Add receipt (required field is blank)

2023-05-05 14:30:00 - [TEST_STEP][PASSED] - click(findTestObject("13-Income and Expense/button_addReceipt")): Object: 'Object Repository/13-Income and Expense/button_addReceipt' is clicked on

2023-05-05 14:30:01 - [MESSAGE][PASSED] - Object: 'Object Repository/13-Income and Expense/button_addReceipt' is clicked on

2023-05-05 14:30:01 - [TEST_STEP][PASSED] - click(findTestObject("13-Income and Expense/mat-icon_clear")): Object: 'Object Repository/13-Income and Expense/mat-icon_clear' is clicked on

2023-05-05 14:30:03 - [MESSAGE][PASSED] - Object: 'Object Repository/13-Income and Expense/mat-icon_clear' is clicked on

2023-05-05 14:30:03 - [TEST_STEP][PASSED] - delay(3): Delayed 3 second(s)

2023-05-05 14:30:06 - [MESSAGE][PASSED] - Delayed 3 second(s)

2023-05-05 14:30:06 - [TEST_STEP][PASSED] - click(findTestObject("13-Income and Expense/button_addReceipt")): Object: 'Object Repository/13-Income and Expense/button_addReceipt' is clicked on

2023-05-05 14:30:06 - [MESSAGE][PASSED] - Object: 'Object Repository/13-Income and Expense/button_addReceipt' is clicked on

2023-05-05 14:30:06 - [TEST_STEP][PASSED] - verifyElementVisible(findTestObject("13-Income and Expense/mat-dialog-container_Add ReceiptModal")): Object 'Object Repository/13-Income and Expense/mat-dialog-container_Add ReceiptModal' is visible

2023-05-05 14:30:08 - [MESSAGE][PASSED] - Object 'Object Repository/13-Income and Expense/mat-dialog-container_Add ReceiptModal' is visible

2023-05-05 14:30:08 - [TEST_STEP][PASSED] - click(findTestObject("13-Income and Expense/input_VendorName")): Object: 'Object Repository/13-Income and Expense/input_VendorName' is clicked on

2023-05-05 14:30:08 - [MESSAGE][PASSED] - Object: 'Object Repository/13-Income and Expense/input_VendorName' is clicked on

2023-05-05 14:30:08 - [TEST_STEP][PASSED] - sendKeys(findTestObject("13-Income and Expense/input_VendorName"), Keys.chord(ESCAPE)): Keys 'ESCAPE + ' sent to object: 'Object Repository/13-Income and Expense/input_VendorName'

2023-05-05 14:30:09 - [MESSAGE][PASSED] - Keys 'ESCAPE + ' sent to object: 'Object Repository/13-Income and Expense/input_VendorName'

2023-05-05 14:30:09 - [TEST_STEP][PASSED] - click(findTestObject("13-Income and Expense/input_AccountType")): Object: 'Object Repository/13-Income and Expense/input_AccountType' is clicked on

2023-05-05 14:30:11 - [MESSAGE][PASSED] - Object: 'Object Repository/13-Income and Expense/input_AccountType' is clicked on

2023-05-05 14:30:11 - [TEST_STEP][PASSED] - doubleClick(findTestObject("13-Income and Expense/input_VendorName")): Object: 'Object Repository/13-Income and Expense/input_VendorName' is double clicked on

2023-05-05 14:30:12 - [MESSAGE][PASSED] - Object: 'Object Repository/13-Income and Expense/input_VendorName' is double clicked on

2023-05-05 14:30:12 - [TEST_STEP][PASSED] - click(findTestObject("13-Income and Expense/input_Amount")): Object: 'Object Repository/13-Income and Expense/input_Amount' is clicked on

2023-05-05 14:30:12 - [MESSAGE][PASSED] - Object: 'Object Repository/13-Income and Expense/input_Amount' is clicked on

2023-05-05 14:30:12 - [TEST_STEP][PASSED] - click(findTestObject("13-Income and Expense/input_VendorName")): Object: 'Object Repository/13-Income and Expense/input_VendorName' is clicked on

2023-05-05 14:30:13 - [MESSAGE][PASSED] - Object: 'Object Repository/13-Income and Expense/input_VendorName' is clicked on

2023-05-05 14:30:13 - [TEST_STEP][PASSED] - sendKeys(findTestObject("13-Income and Expense/input_VendorName"), Keys.chord(ESCAPE)): Keys 'ESCAPE + ' sent to object: 'Object Repository/13-Income and Expense/input_VendorName'

2023-05-05 14:30:13 - [MESSAGE][PASSED] - Keys 'ESCAPE + ' sent to object: 'Object Repository/13-Income and Expense/input_VendorName'

2023-05-05 14:30:13 - [TEST_STEP][PASSED] - verifyElementVisible(findTestObject("13-Income and Expense/mat-error_Vendor name is required")): Object 'Object Repository/13-Income and Expense/mat-error_Vendor name is required' is visible

2023-05-05 14:30:14 - [MESSAGE][PASSED] - Object 'Object Repository/13-Income and Expense/mat-error_Vendor name is required' is visible

2023-05-05 14:30:14 - [TEST_STEP][PASSED] - verifyElementVisible(findTestObject("13-Income and Expense/mat-error_account type is required")): Object 'Object Repository/13-Income and Expense/mat-error_account type is required' is visible

2023-05-05 14:30:14 - [MESSAGE][PASSED] - Object 'Object Repository/13-Income and Expense/mat-error_account type is required' is visible

2023-05-05 14:30:14 - [TEST_STEP][PASSED] - verifyElementVisible(findTestObject("13-Income and Expense/mat-error_Receipt amount is required")): Object 'Object Repository/13-Income and Expense/mat-error_Receipt amount is required' is visible

2023-05-05 14:30:15 - [MESSAGE][PASSED] - Object 'Object Repository/13-Income and Expense/mat-error_Receipt amount is required' is visible

2023-05-05 14:30:15 - [TEST_STEP][PASSED] - verifyElementVisible(findTestObject("13-Income and Expense/mat-hint_Required")): Object 'Object Repository/13-Income and Expense/mat-hint_Required' is visible

2023-05-05 14:30:15 - [MESSAGE][PASSED] - Object 'Object Repository/13-Income and Expense/mat-hint_Required' is visible

2023-05-05 14:30:15 - [TEST_STEP][PASSED] - scrollToElement(findTestObject("13-Income and Expense/button_Done"), 0): Scroll to object 'Object Repository/13-Income and Expense/button_Done' successfully

2023-05-05 14:30:15 - [MESSAGE][WARNING] - Timeout '0' is invalid. Using default page load timeout: '30'

2023-05-05 14:30:15 - [MESSAGE][PASSED] - Scroll to object 'Object Repository/13-Income and Expense/button_Done' successfully

2023-05-05 14:30:15 - [TEST_STEP][PASSED] - verifyElementNotClickable(findTestObject("13-Income and Expense/button_Done")): Object 'Object Repository/13-Income and Expense/button_Done' is NOT clickable

2023-05-05 14:30:16 - [MESSAGE][PASSED] - Object 'Object Repository/13-Income and Expense/button_Done' is NOT clickable

2023-05-05 14:30:16 - [TEST_STEP][PASSED] - delay(3): Delayed 3 second(s)

2023-05-05 14:30:19 - [MESSAGE][PASSED] - Delayed 3 second(s)]]></system-out>
         <system-err><![CDATA[]]></system-err>
      </testcase>
      <testcase name="Test Cases/13-Income and Expense/04-Add Receipt (Amount is less than 0)" time="6.484" classname="Test Cases/13-Income and Expense/04-Add Receipt (Amount is less than 0)" status="PASSED">
         <system-out><![CDATA[2023-05-05 14:30:19 - [TEST_CASE][PASSED] - Test Cases/13-Income and Expense/04-Add Receipt (Amount is less than 0): Test Cases/13-Income and Expense/04-Add Receipt (Amount is less than 0)

2023-05-05 14:30:19 - [TEST_STEP][PASSED] - setText(findTestObject("13-Income and Expense/input_Amount"), "-9"): Text '-9' is set on object 'Object Repository/13-Income and Expense/input_Amount'

2023-05-05 14:30:21 - [MESSAGE][PASSED] - Text '-9' is set on object 'Object Repository/13-Income and Expense/input_Amount'

2023-05-05 14:30:21 - [TEST_STEP][PASSED] - click(findTestObject("13-Income and Expense/input_VendorName")): Object: 'Object Repository/13-Income and Expense/input_VendorName' is clicked on

2023-05-05 14:30:22 - [MESSAGE][PASSED] - Object: 'Object Repository/13-Income and Expense/input_VendorName' is clicked on

2023-05-05 14:30:22 - [TEST_STEP][PASSED] - verifyElementVisible(findTestObject("13-Income and Expense/mat-error_Receipt amount should be greater than 0")): Object 'Object Repository/13-Income and Expense/mat-error_Receipt amount should be greater than 0' is visible

2023-05-05 14:30:22 - [MESSAGE][PASSED] - Object 'Object Repository/13-Income and Expense/mat-error_Receipt amount should be greater than 0' is visible

2023-05-05 14:30:22 - [TEST_STEP][PASSED] - delay(3): Delayed 3 second(s)

2023-05-05 14:30:25 - [MESSAGE][PASSED] - Delayed 3 second(s)]]></system-out>
         <system-err><![CDATA[]]></system-err>
      </testcase>
      <testcase name="Test Cases/13-Income and Expense/05-Add receipt (fill out required field)" time="18.602" classname="Test Cases/13-Income and Expense/05-Add receipt (fill out required field)" status="PASSED">
         <system-out><![CDATA[2023-05-05 14:30:25 - [TEST_CASE][PASSED] - Test Cases/13-Income and Expense/05-Add receipt (fill out required field): Test Cases/13-Income and Expense/05-Add receipt (fill out required field)

2023-05-05 14:30:26 - [TEST_STEP][PASSED] - setText(findTestObject("13-Income and Expense/input_VendorName"), "GG Automation"): Text 'GG Automation' is set on object 'Object Repository/13-Income and Expense/input_VendorName'

2023-05-05 14:30:27 - [MESSAGE][PASSED] - Text 'GG Automation' is set on object 'Object Repository/13-Income and Expense/input_VendorName'

2023-05-05 14:30:27 - [TEST_STEP][PASSED] - click(findTestObject("13-Income and Expense/input_AccountType")): Object: 'Object Repository/13-Income and Expense/input_AccountType' is clicked on

2023-05-05 14:30:29 - [MESSAGE][PASSED] - Object: 'Object Repository/13-Income and Expense/input_AccountType' is clicked on

2023-05-05 14:30:29 - [TEST_STEP][PASSED] - click(findTestObject("13-Income and Expense/mat-option_5090-Other income")): Object: 'Object Repository/13-Income and Expense/mat-option_5090-Other income' is clicked on

2023-05-05 14:30:30 - [MESSAGE][PASSED] - Object: 'Object Repository/13-Income and Expense/mat-option_5090-Other income' is clicked on

2023-05-05 14:30:30 - [TEST_STEP][PASSED] - click(findTestObject("13-Income and Expense/button_Receipt Date")): Object: 'Object Repository/13-Income and Expense/button_Receipt Date' is clicked on

2023-05-05 14:30:31 - [MESSAGE][PASSED] - Object: 'Object Repository/13-Income and Expense/button_Receipt Date' is clicked on

2023-05-05 14:30:31 - [TEST_STEP][PASSED] - clickOffset(findTestObject("13-Income and Expense/button_Receipt Date"), 10, 10): Object: 'Object Repository/13-Income and Expense/button_Receipt Date' is clicked on using offset x=10 and y=10

2023-05-05 14:30:31 - [MESSAGE][PASSED] - Object: 'Object Repository/13-Income and Expense/button_Receipt Date' is clicked on using offset x=10 and y=10

2023-05-05 14:30:31 - [TEST_STEP][PASSED] - setText(findTestObject("13-Income and Expense/input_Amount"), "30000"): Text '30000' is set on object 'Object Repository/13-Income and Expense/input_Amount'

2023-05-05 14:30:33 - [MESSAGE][PASSED] - Text '30000' is set on object 'Object Repository/13-Income and Expense/input_Amount'

2023-05-05 14:30:33 - [TEST_STEP][PASSED] - setText(findTestObject("13-Income and Expense/input_AddANote"), "Receipt Note"): Text 'Receipt Note' is set on object 'Object Repository/13-Income and Expense/input_AddANote'

2023-05-05 14:30:34 - [MESSAGE][PASSED] - Text 'Receipt Note' is set on object 'Object Repository/13-Income and Expense/input_AddANote'

2023-05-05 14:30:34 - [TEST_STEP][PASSED] - uploadpackage.Upload.uploadFile(findTestObject("Object Repository/13-Income and Expense/div_Required_uploadfilecontainer"), "D:\Users\EL automation\sample.pdf"): uploadpackage.Upload.uploadFile is PASSED

2023-05-05 14:30:35 - [MESSAGE][PASSED] - Object: 'Object Repository/13-Income and Expense/div_Required_uploadfilecontainer' is clicked on

2023-05-05 14:30:36 - [MESSAGE][PASSED] - uploadpackage.Upload.uploadFile is PASSED

2023-05-05 14:30:36 - [TEST_STEP][PASSED] - delay(3): Delayed 3 second(s)

2023-05-05 14:30:39 - [MESSAGE][PASSED] - Delayed 3 second(s)

2023-05-05 14:30:39 - [TEST_STEP][PASSED] - click(findTestObject("13-Income and Expense/button_Done")): Object: 'Object Repository/13-Income and Expense/button_Done' is clicked on

2023-05-05 14:30:41 - [MESSAGE][PASSED] - Object: 'Object Repository/13-Income and Expense/button_Done' is clicked on

2023-05-05 14:30:41 - [TEST_STEP][PASSED] - delay(3): Delayed 3 second(s)

2023-05-05 14:30:44 - [MESSAGE][PASSED] - Delayed 3 second(s)]]></system-out>
         <system-err><![CDATA[]]></system-err>
      </testcase>
      <testcase name="Test Cases/13-Income and Expense/06-Update report - Select Fiscal Year" time="15.707" classname="Test Cases/13-Income and Expense/06-Update report - Select Fiscal Year" status="PASSED">
         <system-out><![CDATA[2023-05-05 14:30:44 - [TEST_CASE][PASSED] - Test Cases/13-Income and Expense/06-Update report - Select Fiscal Year: Test Cases/13-Income and Expense/06-Update report - Select Fiscal Year

2023-05-05 14:30:44 - [TEST_STEP][PASSED] - click(findTestObject("13-Income and Expense/button_UPDATE")): Object: 'Object Repository/13-Income and Expense/button_UPDATE' is clicked on

2023-05-05 14:30:45 - [MESSAGE][PASSED] - Object: 'Object Repository/13-Income and Expense/button_UPDATE' is clicked on

2023-05-05 14:30:45 - [TEST_STEP][PASSED] - verifyElementVisible(findTestObject("13-Income and Expense/h6-Automation Company")): Object 'Object Repository/13-Income and Expense/h6-Automation Company' is visible

2023-05-05 14:30:47 - [MESSAGE][PASSED] - Object 'Object Repository/13-Income and Expense/h6-Automation Company' is visible

2023-05-05 14:30:47 - [TEST_STEP][PASSED] - click(findTestObject("13-Income and Expense/button_BACK")): Object: 'Object Repository/13-Income and Expense/button_BACK' is clicked on

2023-05-05 14:30:48 - [MESSAGE][PASSED] - Object: 'Object Repository/13-Income and Expense/button_BACK' is clicked on

2023-05-05 14:30:48 - [TEST_STEP][PASSED] - delay(2): Delayed 2 second(s)

2023-05-05 14:30:50 - [MESSAGE][PASSED] - Delayed 2 second(s)

2023-05-05 14:30:50 - [TEST_STEP][PASSED] - click(findTestObject("13-Income and Expense/button_insert_chart_outlinedUPDATE")): Object: 'Object Repository/13-Income and Expense/button_insert_chart_outlinedUPDATE' is clicked on

2023-05-05 14:30:51 - [MESSAGE][PASSED] - Object: 'Object Repository/13-Income and Expense/button_insert_chart_outlinedUPDATE' is clicked on

2023-05-05 14:30:51 - [TEST_STEP][PASSED] - click(findTestObject("13-Income and Expense/div_Select Fiscal Year")): Object: 'Object Repository/13-Income and Expense/div_Select Fiscal Year' is clicked on

2023-05-05 14:30:55 - [MESSAGE][PASSED] - Object: 'Object Repository/13-Income and Expense/div_Select Fiscal Year' is clicked on

2023-05-05 14:30:55 - [TEST_STEP][PASSED] - click(findTestObject("13-Income and Expense/mat-option_92023")): Object: 'Object Repository/13-Income and Expense/mat-option_92023' is clicked on

2023-05-05 14:30:55 - [MESSAGE][PASSED] - Object: 'Object Repository/13-Income and Expense/mat-option_92023' is clicked on

2023-05-05 14:30:55 - [TEST_STEP][PASSED] - delay(3): Delayed 3 second(s)

2023-05-05 14:31:00 - [MESSAGE][PASSED] - Delayed 3 second(s)]]></system-out>
         <system-err><![CDATA[]]></system-err>
      </testcase>
      <testcase name="Test Cases/13-Income and Expense/07-Update report - Download As" time="12.447" classname="Test Cases/13-Income and Expense/07-Update report - Download As" status="PASSED">
         <system-out><![CDATA[2023-05-05 14:31:00 - [TEST_CASE][PASSED] - Test Cases/13-Income and Expense/07-Update report - Download As: Test Cases/13-Income and Expense/07-Update report - Download As

2023-05-05 14:31:01 - [TEST_STEP][PASSED] - click(findTestObject("13-Income and Expense/div_Download As")): Object: 'Object Repository/13-Income and Expense/div_Download As' is clicked on

2023-05-05 14:31:01 - [MESSAGE][PASSED] - Object: 'Object Repository/13-Income and Expense/div_Download As' is clicked on

2023-05-05 14:31:01 - [TEST_STEP][PASSED] - click(findTestObject("13-Income and Expense/mat-option_PDF")): Object: 'Object Repository/13-Income and Expense/mat-option_PDF' is clicked on

2023-05-05 14:31:02 - [MESSAGE][PASSED] - Object: 'Object Repository/13-Income and Expense/mat-option_PDF' is clicked on

2023-05-05 14:31:02 - [TEST_STEP][PASSED] - click(findTestObject("13-Income and Expense/button_download1")): Object: 'Object Repository/13-Income and Expense/button_download1' is clicked on

2023-05-05 14:31:03 - [MESSAGE][PASSED] - Object: 'Object Repository/13-Income and Expense/button_download1' is clicked on

2023-05-05 14:31:03 - [TEST_STEP][PASSED] - delay(3): Delayed 3 second(s)

2023-05-05 14:31:06 - [MESSAGE][PASSED] - Delayed 3 second(s)

2023-05-05 14:31:06 - [TEST_STEP][PASSED] - click(findTestObject("13-Income and Expense/div_Download As")): Object: 'Object Repository/13-Income and Expense/div_Download As' is clicked on

2023-05-05 14:31:06 - [MESSAGE][PASSED] - Object: 'Object Repository/13-Income and Expense/div_Download As' is clicked on

2023-05-05 14:31:06 - [TEST_STEP][PASSED] - click(findTestObject("13-Income and Expense/mat-option_EXCELCSV")): Object: 'Object Repository/13-Income and Expense/mat-option_EXCELCSV' is clicked on

2023-05-05 14:31:08 - [MESSAGE][PASSED] - Object: 'Object Repository/13-Income and Expense/mat-option_EXCELCSV' is clicked on

2023-05-05 14:31:08 - [TEST_STEP][PASSED] - click(findTestObject("13-Income and Expense/button_download1")): Object: 'Object Repository/13-Income and Expense/button_download1' is clicked on

2023-05-05 14:31:09 - [MESSAGE][PASSED] - Object: 'Object Repository/13-Income and Expense/button_download1' is clicked on

2023-05-05 14:31:09 - [TEST_STEP][PASSED] - delay(3): Delayed 3 second(s)

2023-05-05 14:31:12 - [MESSAGE][PASSED] - Delayed 3 second(s)]]></system-out>
         <system-err><![CDATA[]]></system-err>
      </testcase>
      <testcase name="Test Cases/13-Income and Expense/08-Update report - View and download receipt" time="29.267" classname="Test Cases/13-Income and Expense/08-Update report - View and download receipt" status="PASSED">
         <system-out><![CDATA[2023-05-05 14:31:12 - [TEST_CASE][PASSED] - Test Cases/13-Income and Expense/08-Update report - View and download receipt: Test Cases/13-Income and Expense/08-Update report - View and download receipt

2023-05-05 14:31:13 - [TEST_STEP][PASSED] - click(findTestObject("13-Income and Expense/button_visibility")): Object: 'Object Repository/13-Income and Expense/button_visibility' is clicked on

2023-05-05 14:31:14 - [MESSAGE][PASSED] - Object: 'Object Repository/13-Income and Expense/button_visibility' is clicked on

2023-05-05 14:31:14 - [TEST_STEP][PASSED] - refresh(): Refresh successfully

2023-05-05 14:31:19 - [MESSAGE][PASSED] - Refresh successfully

2023-05-05 14:31:19 - [TEST_STEP][PASSED] - delay(2): Delayed 2 second(s)

2023-05-05 14:31:21 - [MESSAGE][PASSED] - Delayed 2 second(s)

2023-05-05 14:31:21 - [TEST_STEP][PASSED] - refresh(): Refresh successfully

2023-05-05 14:31:23 - [MESSAGE][PASSED] - Refresh successfully

2023-05-05 14:31:23 - [TEST_STEP][PASSED] - delay(2): Delayed 2 second(s)

2023-05-05 14:31:25 - [MESSAGE][PASSED] - Delayed 2 second(s)

2023-05-05 14:31:25 - [TEST_STEP][PASSED] - scrollToElement(findTestObject("03-Header Menu/Hamburger Button/div_Income and Expense"), 0): Scroll to object 'Object Repository/03-Header Menu/Hamburger Button/div_Income and Expense' successfully

2023-05-05 14:31:25 - [MESSAGE][WARNING] - Timeout '0' is invalid. Using default page load timeout: '30'

2023-05-05 14:31:28 - [MESSAGE][PASSED] - Scroll to object 'Object Repository/03-Header Menu/Hamburger Button/div_Income and Expense' successfully

2023-05-05 14:31:28 - [TEST_STEP][PASSED] - click(findTestObject("03-Header Menu/Hamburger Button/div_Income and Expense")): Object: 'Object Repository/03-Header Menu/Hamburger Button/div_Income and Expense' is clicked on

2023-05-05 14:31:29 - [MESSAGE][PASSED] - Object: 'Object Repository/03-Header Menu/Hamburger Button/div_Income and Expense' is clicked on

2023-05-05 14:31:29 - [TEST_STEP][PASSED] - delay(2): Delayed 2 second(s)

2023-05-05 14:31:31 - [MESSAGE][PASSED] - Delayed 2 second(s)

2023-05-05 14:31:31 - [TEST_STEP][PASSED] - click(findTestObject("13-Income and Expense/button_UPDATE")): Object: 'Object Repository/13-Income and Expense/button_UPDATE' is clicked on

2023-05-05 14:31:32 - [MESSAGE][PASSED] - Object: 'Object Repository/13-Income and Expense/button_UPDATE' is clicked on

2023-05-05 14:31:32 - [TEST_STEP][PASSED] - delay(2): Delayed 2 second(s)

2023-05-05 14:31:34 - [MESSAGE][PASSED] - Delayed 2 second(s)

2023-05-05 14:31:34 - [TEST_STEP][PASSED] - scrollToElement(findTestObject("13-Income and Expense/button_visibility"), 0): Scroll to object 'Object Repository/13-Income and Expense/button_visibility' successfully

2023-05-05 14:31:34 - [MESSAGE][WARNING] - Timeout '0' is invalid. Using default page load timeout: '30'

2023-05-05 14:31:35 - [MESSAGE][PASSED] - Scroll to object 'Object Repository/13-Income and Expense/button_visibility' successfully

2023-05-05 14:31:35 - [TEST_STEP][PASSED] - delay(2): Delayed 2 second(s)

2023-05-05 14:31:37 - [MESSAGE][PASSED] - Delayed 2 second(s)

2023-05-05 14:31:37 - [TEST_STEP][PASSED] - scrollToElement(findTestObject("13-Income and Expense/label_Income and Expense Report"), 0): Scroll to object 'Object Repository/13-Income and Expense/label_Income and Expense Report' successfully

2023-05-05 14:31:37 - [MESSAGE][WARNING] - Timeout '0' is invalid. Using default page load timeout: '30'

2023-05-05 14:31:38 - [MESSAGE][PASSED] - Scroll to object 'Object Repository/13-Income and Expense/label_Income and Expense Report' successfully

2023-05-05 14:31:38 - [TEST_STEP][PASSED] - click(findTestObject("13-Income and Expense/button_download2")): Object: 'Object Repository/13-Income and Expense/button_download2' is clicked on

2023-05-05 14:31:39 - [MESSAGE][PASSED] - Object: 'Object Repository/13-Income and Expense/button_download2' is clicked on

2023-05-05 14:31:39 - [TEST_STEP][PASSED] - delay(3): Delayed 3 second(s)

2023-05-05 14:31:42 - [MESSAGE][PASSED] - Delayed 3 second(s)]]></system-out>
         <system-err><![CDATA[]]></system-err>
      </testcase>
      <testcase name="Test Cases/13-Income and Expense/09-Update report - Edit receipt" time="34.827" classname="Test Cases/13-Income and Expense/09-Update report - Edit receipt" status="PASSED">
         <system-out><![CDATA[2023-05-05 14:31:42 - [TEST_CASE][PASSED] - Test Cases/13-Income and Expense/09-Update report - Edit receipt: Test Cases/13-Income and Expense/09-Update report - Edit receipt

2023-05-05 14:31:43 - [TEST_STEP][PASSED] - click(findTestObject("13-Income and Expense/button_edit")): Object: 'Object Repository/13-Income and Expense/button_edit' is clicked on

2023-05-05 14:31:59 - [MESSAGE][PASSED] - Object: 'Object Repository/13-Income and Expense/button_edit' is clicked on

2023-05-05 14:31:59 - [TEST_STEP][PASSED] - click(findTestObject("13-Income and Expense/button_CANCEL")): Object: 'Object Repository/13-Income and Expense/button_CANCEL' is clicked on

2023-05-05 14:32:01 - [MESSAGE][PASSED] - Object: 'Object Repository/13-Income and Expense/button_CANCEL' is clicked on

2023-05-05 14:32:01 - [TEST_STEP][PASSED] - delay(2): Delayed 2 second(s)

2023-05-05 14:32:03 - [MESSAGE][PASSED] - Delayed 2 second(s)

2023-05-05 14:32:03 - [TEST_STEP][PASSED] - click(findTestObject("13-Income and Expense/button_edit")): Object: 'Object Repository/13-Income and Expense/button_edit' is clicked on

2023-05-05 14:32:03 - [MESSAGE][PASSED] - Object: 'Object Repository/13-Income and Expense/button_edit' is clicked on

2023-05-05 14:32:03 - [TEST_STEP][PASSED] - verifyElementVisible(findTestObject("13-Income and Expense/mat-dialog-container_Edit receipt Modal")): Object 'Object Repository/13-Income and Expense/mat-dialog-container_Edit receipt Modal' is visible

2023-05-05 14:32:04 - [MESSAGE][PASSED] - Object 'Object Repository/13-Income and Expense/mat-dialog-container_Edit receipt Modal' is visible

2023-05-05 14:32:04 - [TEST_STEP][PASSED] - setText(findTestObject("13-Income and Expense/input_VendorName"), "GG Automation Edit"): Text 'GG Automation Edit' is set on object 'Object Repository/13-Income and Expense/input_VendorName'

2023-05-05 14:32:06 - [MESSAGE][PASSED] - Text 'GG Automation Edit' is set on object 'Object Repository/13-Income and Expense/input_VendorName'

2023-05-05 14:32:06 - [TEST_STEP][PASSED] - sendKeys(findTestObject("13-Income and Expense/input_VendorName"), Keys.chord(ESCAPE)): Keys 'ESCAPE + ' sent to object: 'Object Repository/13-Income and Expense/input_VendorName'

2023-05-05 14:32:06 - [MESSAGE][PASSED] - Keys 'ESCAPE + ' sent to object: 'Object Repository/13-Income and Expense/input_VendorName'

2023-05-05 14:32:06 - [TEST_STEP][PASSED] - click(findTestObject("13-Income and Expense/input_AccountType")): Object: 'Object Repository/13-Income and Expense/input_AccountType' is clicked on

2023-05-05 14:32:07 - [MESSAGE][PASSED] - Object: 'Object Repository/13-Income and Expense/input_AccountType' is clicked on

2023-05-05 14:32:07 - [TEST_STEP][PASSED] - click(findTestObject("13-Income and Expense/mat-option_2000-Furniture and Equipment")): Object: 'Object Repository/13-Income and Expense/mat-option_2000-Furniture and Equipment' is clicked on

2023-05-05 14:32:08 - [MESSAGE][PASSED] - Object: 'Object Repository/13-Income and Expense/mat-option_2000-Furniture and Equipment' is clicked on

2023-05-05 14:32:08 - [TEST_STEP][PASSED] - setText(findTestObject("13-Income and Expense/input_Amount"), "40000"): Text '40000' is set on object 'Object Repository/13-Income and Expense/input_Amount'

2023-05-05 14:32:10 - [MESSAGE][PASSED] - Text '40000' is set on object 'Object Repository/13-Income and Expense/input_Amount'

2023-05-05 14:32:10 - [TEST_STEP][PASSED] - setText(findTestObject("13-Income and Expense/input_AddANote"), "Receipt Note Edit"): Text 'Receipt Note Edit' is set on object 'Object Repository/13-Income and Expense/input_AddANote'

2023-05-05 14:32:11 - [MESSAGE][PASSED] - Text 'Receipt Note Edit' is set on object 'Object Repository/13-Income and Expense/input_AddANote'

2023-05-05 14:32:11 - [TEST_STEP][PASSED] - delay(2): Delayed 2 second(s)

2023-05-05 14:32:13 - [MESSAGE][PASSED] - Delayed 2 second(s)

2023-05-05 14:32:13 - [TEST_STEP][PASSED] - click(findTestObject("13-Income and Expense/button_UPDATE2")): Object: 'Object Repository/13-Income and Expense/button_UPDATE2' is clicked on

2023-05-05 14:32:13 - [MESSAGE][PASSED] - Object: 'Object Repository/13-Income and Expense/button_UPDATE2' is clicked on

2023-05-05 14:32:13 - [TEST_STEP][PASSED] - delay(3): Delayed 3 second(s)

2023-05-05 14:32:16 - [MESSAGE][PASSED] - Delayed 3 second(s)]]></system-out>
         <system-err><![CDATA[]]></system-err>
      </testcase>
      <testcase name="Test Cases/13-Income and Expense/10-Update report - Delete receipt" time="15.042" classname="Test Cases/13-Income and Expense/10-Update report - Delete receipt" status="PASSED">
         <system-out><![CDATA[2023-05-05 14:32:16 - [TEST_CASE][PASSED] - Test Cases/13-Income and Expense/10-Update report - Delete receipt: Test Cases/13-Income and Expense/10-Update report - Delete receipt

2023-05-05 14:32:17 - [TEST_STEP][PASSED] - click(findTestObject("13-Income and Expense/button_delete_forever")): Object: 'Object Repository/13-Income and Expense/button_delete_forever' is clicked on

2023-05-05 14:32:18 - [MESSAGE][PASSED] - Object: 'Object Repository/13-Income and Expense/button_delete_forever' is clicked on

2023-05-05 14:32:18 - [TEST_STEP][PASSED] - verifyElementVisible(findTestObject("13-Income and Expense/mat-dialog-container_ReceiptDeleteConfirmationModal")): Object 'Object Repository/13-Income and Expense/mat-dialog-container_ReceiptDeleteConfirmationModal' is visible

2023-05-05 14:32:19 - [MESSAGE][PASSED] - Object 'Object Repository/13-Income and Expense/mat-dialog-container_ReceiptDeleteConfirmationModal' is visible

2023-05-05 14:32:19 - [TEST_STEP][PASSED] - click(findTestObject("13-Income and Expense/button_No")): Object: 'Object Repository/13-Income and Expense/button_No' is clicked on

2023-05-05 14:32:19 - [MESSAGE][PASSED] - Object: 'Object Repository/13-Income and Expense/button_No' is clicked on

2023-05-05 14:32:19 - [TEST_STEP][PASSED] - delay(3): Delayed 3 second(s)

2023-05-05 14:32:22 - [MESSAGE][PASSED] - Delayed 3 second(s)

2023-05-05 14:32:22 - [TEST_STEP][PASSED] - click(findTestObject("13-Income and Expense/button_delete_forever")): Object: 'Object Repository/13-Income and Expense/button_delete_forever' is clicked on

2023-05-05 14:32:23 - [MESSAGE][PASSED] - Object: 'Object Repository/13-Income and Expense/button_delete_forever' is clicked on

2023-05-05 14:32:23 - [TEST_STEP][PASSED] - verifyElementVisible(findTestObject("13-Income and Expense/mat-dialog-container_ReceiptDeleteConfirmationModal")): Object 'Object Repository/13-Income and Expense/mat-dialog-container_ReceiptDeleteConfirmationModal' is visible

2023-05-05 14:32:23 - [MESSAGE][PASSED] - Object 'Object Repository/13-Income and Expense/mat-dialog-container_ReceiptDeleteConfirmationModal' is visible

2023-05-05 14:32:23 - [TEST_STEP][PASSED] - delay(2): Delayed 2 second(s)

2023-05-05 14:32:25 - [MESSAGE][PASSED] - Delayed 2 second(s)

2023-05-05 14:32:25 - [TEST_STEP][PASSED] - click(findTestObject("13-Income and Expense/button_Yes")): Object: 'Object Repository/13-Income and Expense/button_Yes' is clicked on

2023-05-05 14:32:26 - [MESSAGE][PASSED] - Object: 'Object Repository/13-Income and Expense/button_Yes' is clicked on

2023-05-05 14:32:26 - [TEST_STEP][PASSED] - delay(2): Delayed 2 second(s)

2023-05-05 14:32:28 - [MESSAGE][PASSED] - Delayed 2 second(s)

2023-05-05 14:32:28 - [TEST_STEP][PASSED] - click(findTestObject("13-Income and Expense/button_BACK")): Object: 'Object Repository/13-Income and Expense/button_BACK' is clicked on

2023-05-05 14:32:28 - [MESSAGE][PASSED] - Object: 'Object Repository/13-Income and Expense/button_BACK' is clicked on

2023-05-05 14:32:29 - [TEST_STEP][PASSED] - delay(3): Delayed 3 second(s)

2023-05-05 14:32:32 - [MESSAGE][PASSED] - Delayed 3 second(s)]]></system-out>
         <system-err><![CDATA[]]></system-err>
      </testcase>
      <testcase name="Test Cases/13-Income and Expense/11-Settings" time="20.324" classname="Test Cases/13-Income and Expense/11-Settings" status="PASSED">
         <system-out><![CDATA[2023-05-05 14:32:32 - [TEST_CASE][PASSED] - Test Cases/13-Income and Expense/11-Settings: Test Cases/13-Income and Expense/11-Settings

2023-05-05 14:32:32 - [TEST_STEP][PASSED] - click(findTestObject("13-Income and Expense/button_settings")): Object: 'Object Repository/13-Income and Expense/button_settings' is clicked on

2023-05-05 14:32:33 - [MESSAGE][PASSED] - Object: 'Object Repository/13-Income and Expense/button_settings' is clicked on

2023-05-05 14:32:33 - [TEST_STEP][PASSED] - verifyElementVisible(findTestObject("13-Income and Expense/mat-dialog-container_Edit CompanyModal")): Object 'Object Repository/13-Income and Expense/mat-dialog-container_Edit CompanyModal' is visible

2023-05-05 14:32:35 - [MESSAGE][PASSED] - Object 'Object Repository/13-Income and Expense/mat-dialog-container_Edit CompanyModal' is visible

2023-05-05 14:32:35 - [TEST_STEP][PASSED] - click(findTestObject("13-Income and Expense/button_CANCEL")): Object: 'Object Repository/13-Income and Expense/button_CANCEL' is clicked on

2023-05-05 14:32:36 - [MESSAGE][PASSED] - Object: 'Object Repository/13-Income and Expense/button_CANCEL' is clicked on

2023-05-05 14:32:36 - [TEST_STEP][PASSED] - delay(2): Delayed 2 second(s)

2023-05-05 14:32:38 - [MESSAGE][PASSED] - Delayed 2 second(s)

2023-05-05 14:32:38 - [TEST_STEP][PASSED] - click(findTestObject("13-Income and Expense/button_settings")): Object: 'Object Repository/13-Income and Expense/button_settings' is clicked on

2023-05-05 14:32:38 - [MESSAGE][PASSED] - Object: 'Object Repository/13-Income and Expense/button_settings' is clicked on

2023-05-05 14:32:38 - [TEST_STEP][PASSED] - delay(2): Delayed 2 second(s)

2023-05-05 14:32:41 - [MESSAGE][PASSED] - Delayed 2 second(s)

2023-05-05 14:32:41 - [TEST_STEP][PASSED] - verifyElementVisible(findTestObject("13-Income and Expense/mat-dialog-container_Edit CompanyModal")): Object 'Object Repository/13-Income and Expense/mat-dialog-container_Edit CompanyModal' is visible

2023-05-05 14:32:41 - [MESSAGE][PASSED] - Object 'Object Repository/13-Income and Expense/mat-dialog-container_Edit CompanyModal' is visible

2023-05-05 14:32:41 - [TEST_STEP][PASSED] - setText(findTestObject("13-Income and Expense/input_CompanyName"), "Automation Company Edit"): Text 'Automation Company Edit' is set on object 'Object Repository/13-Income and Expense/input_CompanyName'

2023-05-05 14:32:42 - [MESSAGE][PASSED] - Text 'Automation Company Edit' is set on object 'Object Repository/13-Income and Expense/input_CompanyName'

2023-05-05 14:32:42 - [TEST_STEP][PASSED] - click(findTestObject("13-Income and Expense/dropdown_CompanyType")): Object: 'Object Repository/13-Income and Expense/dropdown_CompanyType' is clicked on

2023-05-05 14:32:43 - [MESSAGE][PASSED] - Object: 'Object Repository/13-Income and Expense/dropdown_CompanyType' is clicked on

2023-05-05 14:32:43 - [TEST_STEP][PASSED] - scrollToElement(findTestObject("13-Income and Expense/mat-option_Other General Business"), 0): Scroll to object 'Object Repository/13-Income and Expense/mat-option_Other General Business' successfully

2023-05-05 14:32:43 - [MESSAGE][WARNING] - Timeout '0' is invalid. Using default page load timeout: '30'

2023-05-05 14:32:43 - [MESSAGE][PASSED] - Scroll to object 'Object Repository/13-Income and Expense/mat-option_Other General Business' successfully

2023-05-05 14:32:43 - [TEST_STEP][PASSED] - click(findTestObject("13-Income and Expense/mat-option_Other General Business")): Object: 'Object Repository/13-Income and Expense/mat-option_Other General Business' is clicked on

2023-05-05 14:32:44 - [MESSAGE][PASSED] - Object: 'Object Repository/13-Income and Expense/mat-option_Other General Business' is clicked on

2023-05-05 14:32:44 - [TEST_STEP][PASSED] - click(findTestObject("13-Income and Expense/dropdown_ChoosingDate")): Object: 'Object Repository/13-Income and Expense/dropdown_ChoosingDate' is clicked on

2023-05-05 14:32:45 - [MESSAGE][PASSED] - Object: 'Object Repository/13-Income and Expense/dropdown_ChoosingDate' is clicked on

2023-05-05 14:32:45 - [TEST_STEP][PASSED] - click(findTestObject("13-Income and Expense/mat-option_End of December")): Object: 'Object Repository/13-Income and Expense/mat-option_End of December' is clicked on

2023-05-05 14:32:45 - [MESSAGE][PASSED] - Object: 'Object Repository/13-Income and Expense/mat-option_End of December' is clicked on

2023-05-05 14:32:45 - [TEST_STEP][PASSED] - delay(3): Delayed 3 second(s)

2023-05-05 14:32:48 - [MESSAGE][PASSED] - Delayed 3 second(s)

2023-05-05 14:32:48 - [TEST_STEP][PASSED] - click(findTestObject("13-Income and Expense/button_UPDATE3")): Object: 'Object Repository/13-Income and Expense/button_UPDATE3' is clicked on

2023-05-05 14:32:49 - [MESSAGE][PASSED] - Object: 'Object Repository/13-Income and Expense/button_UPDATE3' is clicked on

2023-05-05 14:32:49 - [TEST_STEP][PASSED] - delay(3): Delayed 3 second(s)

2023-05-05 14:32:52 - [MESSAGE][PASSED] - Delayed 3 second(s)]]></system-out>
         <system-err><![CDATA[]]></system-err>
      </testcase>
      <testcase name="Test Cases/13-Income and Expense/12-Delete company" time="8.596" classname="Test Cases/13-Income and Expense/12-Delete company" status="PASSED">
         <system-out><![CDATA[2023-05-05 14:32:52 - [TEST_CASE][PASSED] - Test Cases/13-Income and Expense/12-Delete company: Test Cases/13-Income and Expense/12-Delete company

2023-05-05 14:32:52 - [TEST_STEP][PASSED] - click(findTestObject("13-Income and Expense/button_delete")): Object: 'Object Repository/13-Income and Expense/button_delete' is clicked on

2023-05-05 14:32:53 - [MESSAGE][PASSED] - Object: 'Object Repository/13-Income and Expense/button_delete' is clicked on

2023-05-05 14:32:53 - [TEST_STEP][PASSED] - verifyElementVisible(findTestObject("13-Income and Expense/mat-dialog-container_CompanyDeleteConfimationModal")): Object 'Object Repository/13-Income and Expense/mat-dialog-container_CompanyDeleteConfimationModal' is visible

2023-05-05 14:32:54 - [MESSAGE][PASSED] - Object 'Object Repository/13-Income and Expense/mat-dialog-container_CompanyDeleteConfimationModal' is visible

2023-05-05 14:32:54 - [TEST_STEP][PASSED] - click(findTestObject("13-Income and Expense/button_Yes")): Object: 'Object Repository/13-Income and Expense/button_Yes' is clicked on

2023-05-05 14:32:55 - [MESSAGE][PASSED] - Object: 'Object Repository/13-Income and Expense/button_Yes' is clicked on

2023-05-05 14:32:55 - [TEST_STEP][PASSED] - delay(3): Delayed 3 second(s)

2023-05-05 14:32:58 - [MESSAGE][PASSED] - Delayed 3 second(s)

2023-05-05 14:32:58 - [TEST_STEP][PASSED] - closeBrowser(STOP_ON_FAILURE): Browser is closed

2023-05-05 14:33:01 - [MESSAGE][PASSED] - Browser is closed]]></system-out>
         <system-err><![CDATA[]]></system-err>
      </testcase>
      <system-out><![CDATA[2023-05-05 14:27:49 - [TEST_SUITE][PASSED] - 13-Income and Expense: Test Cases/13-Income and Expense/12-Delete company]]></system-out>
      <system-err><![CDATA[]]></system-err>
   </testsuite>
</testsuites>
