<?xml version="1.0" encoding="UTF-8"?>
<testsuites name="09-Settings" time="1200.617" tests="5" failures="0" errors="0">
   <testsuite name="09-Settings" tests="5" failures="0" errors="0" time="1200.617" skipped="0" timestamp="2022-09-23 19:45:31" hostname="User - DESKTOP-QCRNR4M" id="Test Suites/TS-Organization/09-Settings">
      <properties>
         <property name="deviceName" value=""/>
         <property name="devicePlatform" value=""/>
         <property name="logFolder" value="C:\\Users\\User\\Katalon Studio\\EverleaguesMain\\Reports\\20220923_194529\\TS-Organization\\09-Settings\\20220923_194529"/>
         <property name="logFiles" value="C:\\Users\\User\\Katalon Studio\\EverleaguesMain\\Reports\\20220923_194529\\TS-Organization\\09-Settings\\20220923_194529\\execution0.log"/>
         <property name="attachments" value=""/>
         <property name="hostName" value="User - DESKTOP-QCRNR4M"/>
         <property name="os" value="Windows 10 64bit"/>
         <property name="katalonVersion" value="8.4.1.208"/>
         <property name="browser" value="Chrome 105.0.0.0"/>
         <property name="hostAddress" value="192.168.5.124"/>
         <property name="sessionId" value="74cc2d6da71f13a84cd4907b8eedb01e"/>
         <property name="seleniumVersion" value="3.141.59"/>
         <property name="proxyInformation" value="ProxyInformation { proxyOption=NO_PROXY, proxyServerType=HTTP, username=, password=********, proxyServerAddress=, proxyServerPort=0, executionList=&quot;&quot;, isApplyToDesiredCapabilities=true }"/>
         <property name="platform" value="Windows 10"/>
      </properties>
      <testcase name="Test Cases/09-Settings/01 - Users (Invite new user but field are blank)" time="97.425" classname="Test Cases/09-Settings/01 - Users (Invite new user but field are blank)" status="PASSED">
         <system-out><![CDATA[2022-09-23 19:45:31 - [TEST_CASE][PASSED] - Test Cases/09-Settings/01 - Users (Invite new user but field are blank): Test Cases/09-Settings/01 - Users (Invite new user but field are blank)

2022-09-23 19:45:32 - [TEST_STEP][PASSED] - openBrowser(""): Browser is opened with url: ''

2022-09-23 19:45:32 - [MESSAGE][INFO] - Starting 'Chrome' driver

2022-09-23 19:45:32 - [MESSAGE][INFO] - Action delay is set to 0 milliseconds

2022-09-23 19:45:34 - [MESSAGE][PASSED] - Browser is opened with url: ''

2022-09-23 19:45:34 - [TEST_STEP][PASSED] - navigateToUrl("https://lab.everleagues.com/"): Navigate to 'https://lab.everleagues.com/' successfully

2022-09-23 19:45:48 - [MESSAGE][PASSED] - Navigate to 'https://lab.everleagues.com/' successfully

2022-09-23 19:45:48 - [TEST_STEP][PASSED] - maximizeWindow(): Current window maximized

2022-09-23 19:45:48 - [MESSAGE][PASSED] - Current window maximized

2022-09-23 19:45:48 - [TEST_STEP][PASSED] - setText(findTestObject("02-Side Icons(Organization)/Add Contact/Email Field"), "testuser02@mailinator.com"): Text 'testuser02@mailinator.com' is set on object 'Object Repository/02-Side Icons(Organization)/Add Contact/Email Field'

2022-09-23 19:45:48 - [MESSAGE][PASSED] - Text 'testuser02@mailinator.com' is set on object 'Object Repository/02-Side Icons(Organization)/Add Contact/Email Field'

2022-09-23 19:45:48 - [TEST_STEP][PASSED] - setEncryptedText(findTestObject("02-Side Icons(Organization)/Add Contact/Password Field"), "8yFRyszE6U6jvsCn51OQbg=="): Text ****** has been set on object 'Object Repository/02-Side Icons(Organization)/Add Contact/Password Field'

2022-09-23 19:45:49 - [MESSAGE][PASSED] - Text ****** has been set on object 'Object Repository/02-Side Icons(Organization)/Add Contact/Password Field'

2022-09-23 19:45:49 - [TEST_STEP][PASSED] - click(findTestObject("02-Side Icons(Organization)/Add Contact/button_Sign in")): Object: 'Object Repository/02-Side Icons(Organization)/Add Contact/button_Sign in' is clicked on

2022-09-23 19:45:50 - [MESSAGE][PASSED] - Object: 'Object Repository/02-Side Icons(Organization)/Add Contact/button_Sign in' is clicked on

2022-09-23 19:45:50 - [TEST_STEP][PASSED] - delay(2): Delayed 2 second(s)

2022-09-23 19:45:52 - [MESSAGE][PASSED] - Delayed 2 second(s)

2022-09-23 19:45:52 - [TEST_STEP][PASSED] - click(findTestObject("06-Teams/For 2FA/button_Confirm_2FA")): Object: 'Object Repository/06-Teams/For 2FA/button_Confirm_2FA' is clicked on

2022-09-23 19:45:52 - [MESSAGE][PASSED] - Object: 'Object Repository/06-Teams/For 2FA/button_Confirm_2FA' is clicked on

2022-09-23 19:45:52 - [TEST_STEP][PASSED] - executeJavaScript("window.open();", []): Execute JavaScript 'window.open();' successfully

2022-09-23 19:45:52 - [MESSAGE][PASSED] - Execute JavaScript 'window.open();' successfully

2022-09-23 19:45:52 - [TEST_STEP][PASSED] - currentWindow = getWindowIndex(): Current window's index is: 0

2022-09-23 19:45:52 - [MESSAGE][PASSED] - Current window's index is: 0

2022-09-23 19:45:52 - [TEST_STEP][PASSED] - delay(3): Delayed 3 second(s)

2022-09-23 19:45:55 - [MESSAGE][PASSED] - Delayed 3 second(s)

2022-09-23 19:45:55 - [TEST_STEP][PASSED] - switchToWindowIndex(currentWindow + 1): Switched to window with index: '1'

2022-09-23 19:45:55 - [MESSAGE][PASSED] - Switched to window with index: '1'

2022-09-23 19:45:55 - [TEST_STEP][PASSED] - navigateToUrl("https://www.mailinator.com/"): Navigate to 'https://www.mailinator.com/' successfully

2022-09-23 19:45:57 - [MESSAGE][PASSED] - Navigate to 'https://www.mailinator.com/' successfully

2022-09-23 19:45:57 - [TEST_STEP][PASSED] - delay(3): Delayed 3 second(s)

2022-09-23 19:46:00 - [MESSAGE][PASSED] - Delayed 3 second(s)

2022-09-23 19:46:00 - [TEST_STEP][PASSED] - setText(findTestObject("00-Signup and Activation/zMailinator/input_LOGIN_search"), "testuser02@mailinator.com"): Text 'testuser02@mailinator.com' is set on object 'Object Repository/00-Signup and Activation/zMailinator/input_LOGIN_search'

2022-09-23 19:46:01 - [MESSAGE][PASSED] - Text 'testuser02@mailinator.com' is set on object 'Object Repository/00-Signup and Activation/zMailinator/input_LOGIN_search'

2022-09-23 19:46:01 - [TEST_STEP][PASSED] - click(findTestObject("00-Signup and Activation/zMailinator/gobutton"), STOP_ON_FAILURE): Object: 'Object Repository/00-Signup and Activation/zMailinator/gobutton' is clicked on

2022-09-23 19:46:02 - [MESSAGE][PASSED] - Object: 'Object Repository/00-Signup and Activation/zMailinator/gobutton' is clicked on

2022-09-23 19:46:02 - [TEST_STEP][PASSED] - delay(3): Delayed 3 second(s)

2022-09-23 19:46:05 - [MESSAGE][PASSED] - Delayed 3 second(s)

2022-09-23 19:46:05 - [TEST_STEP][PASSED] - click(findTestObject("00-Signup and Activation/zMailinator/Email - everleagues")): Object: 'Object Repository/00-Signup and Activation/zMailinator/Email - everleagues' is clicked on

2022-09-23 19:46:06 - [MESSAGE][PASSED] - Object: 'Object Repository/00-Signup and Activation/zMailinator/Email - everleagues' is clicked on

2022-09-23 19:46:06 - [TEST_STEP][PASSED] - delay(3): Delayed 3 second(s)

2022-09-23 19:46:09 - [MESSAGE][PASSED] - Delayed 3 second(s)

2022-09-23 19:46:09 - [TEST_STEP][PASSED] - code = getText(findTestObject("Object Repository/06-Teams/For 2FA/2FA code")): Text of object 'Object Repository/06-Teams/For 2FA/2FA code' is: '739826'

2022-09-23 19:46:09 - [MESSAGE][PASSED] - Text of object 'Object Repository/06-Teams/For 2FA/2FA code' is: '739826'

2022-09-23 19:46:09 - [TEST_STEP][PASSED] - delay(3): Delayed 3 second(s)

2022-09-23 19:46:12 - [MESSAGE][PASSED] - Delayed 3 second(s)

2022-09-23 19:46:12 - [TEST_STEP][PASSED] - closeWindowTitle("Mailinator"): Window with title: 'Mailinator' is closed

2022-09-23 19:46:12 - [MESSAGE][PASSED] - Window with title: 'Mailinator' is closed

2022-09-23 19:46:12 - [TEST_STEP][PASSED] - delay(3): Delayed 3 second(s)

2022-09-23 19:46:15 - [MESSAGE][PASSED] - Delayed 3 second(s)

2022-09-23 19:46:15 - [TEST_STEP][PASSED] - switchToWindowIndex(0): Switched to window with index: '0'

2022-09-23 19:46:15 - [MESSAGE][PASSED] - Switched to window with index: '0'

2022-09-23 19:46:15 - [TEST_STEP][PASSED] - delay(3): Delayed 3 second(s)

2022-09-23 19:46:18 - [MESSAGE][PASSED] - Delayed 3 second(s)

2022-09-23 19:46:18 - [TEST_STEP][PASSED] - setText(findTestObject("Object Repository/06-Teams/For 2FA/input_Enter verification code_code"), code): Text '739826' is set on object 'Object Repository/06-Teams/For 2FA/input_Enter verification code_code'

2022-09-23 19:46:19 - [MESSAGE][PASSED] - Text '739826' is set on object 'Object Repository/06-Teams/For 2FA/input_Enter verification code_code'

2022-09-23 19:46:19 - [TEST_STEP][PASSED] - delay(3): Delayed 3 second(s)

2022-09-23 19:46:22 - [MESSAGE][PASSED] - Delayed 3 second(s)

2022-09-23 19:46:22 - [TEST_STEP][PASSED] - click(findTestObject("06-Teams/For 2FA/button_Verify_2FA")): Object: 'Object Repository/06-Teams/For 2FA/button_Verify_2FA' is clicked on

2022-09-23 19:46:23 - [MESSAGE][PASSED] - Object: 'Object Repository/06-Teams/For 2FA/button_Verify_2FA' is clicked on

2022-09-23 19:46:23 - [TEST_STEP][PASSED] - delay(5): Delayed 5 second(s)

2022-09-23 19:46:28 - [MESSAGE][PASSED] - Delayed 5 second(s)

2022-09-23 19:46:28 - [TEST_STEP][PASSED] - click(findTestObject("06-Teams/button_doublearrow")): Object: 'Object Repository/06-Teams/button_doublearrow' is clicked on

2022-09-23 19:46:30 - [MESSAGE][PASSED] - Object: 'Object Repository/06-Teams/button_doublearrow' is clicked on

2022-09-23 19:46:30 - [TEST_STEP][PASSED] - click(findTestObject("06-Teams/button_My Organizations")): Object: 'Object Repository/06-Teams/button_My Organizations' is clicked on

2022-09-23 19:46:30 - [MESSAGE][PASSED] - Object: 'Object Repository/06-Teams/button_My Organizations' is clicked on

2022-09-23 19:46:30 - [TEST_STEP][PASSED] - click(findTestObject("06-Teams/button_GG Automation")): Object: 'Object Repository/06-Teams/button_GG Automation' is clicked on

2022-09-23 19:46:31 - [MESSAGE][PASSED] - Object: 'Object Repository/06-Teams/button_GG Automation' is clicked on

2022-09-23 19:46:31 - [TEST_STEP][PASSED] - delay(4): Delayed 4 second(s)

2022-09-23 19:46:35 - [MESSAGE][PASSED] - Delayed 4 second(s)

2022-09-23 19:46:35 - [TEST_STEP][PASSED] - verifyElementVisible(findTestObject("06-Teams/span_GG Automation")): Object 'Object Repository/06-Teams/span_GG Automation' is visible

2022-09-23 19:46:35 - [MESSAGE][PASSED] - Object 'Object Repository/06-Teams/span_GG Automation' is visible

2022-09-23 19:46:35 - [TEST_STEP][PASSED] - delay(10): Delayed 10 second(s)

2022-09-23 19:46:45 - [MESSAGE][PASSED] - Delayed 10 second(s)

2022-09-23 19:46:45 - [TEST_STEP][PASSED] - click(findTestObject("03-Header Menu/Hamburger Button/div_Settings")): Object: 'Object Repository/03-Header Menu/Hamburger Button/div_Settings' is clicked on

2022-09-23 19:46:46 - [MESSAGE][PASSED] - Object: 'Object Repository/03-Header Menu/Hamburger Button/div_Settings' is clicked on

2022-09-23 19:46:46 - [TEST_STEP][PASSED] - verifyElementVisible(findTestObject("09-Settings/Users/div_Organization")): Object 'Object Repository/09-Settings/Users/div_Organization' is visible

2022-09-23 19:46:46 - [MESSAGE][PASSED] - Object 'Object Repository/09-Settings/Users/div_Organization' is visible

2022-09-23 19:46:46 - [TEST_STEP][PASSED] - verifyElementVisible(findTestObject("09-Settings/Users/div_Organization Units")): Object 'Object Repository/09-Settings/Users/div_Organization Units' is visible

2022-09-23 19:46:46 - [MESSAGE][PASSED] - Object 'Object Repository/09-Settings/Users/div_Organization Units' is visible

2022-09-23 19:46:46 - [TEST_STEP][PASSED] - verifyElementVisible(findTestObject("09-Settings/Users/div_Subscriptions")): Object 'Object Repository/09-Settings/Users/div_Subscriptions' is visible

2022-09-23 19:46:47 - [MESSAGE][PASSED] - Object 'Object Repository/09-Settings/Users/div_Subscriptions' is visible

2022-09-23 19:46:47 - [TEST_STEP][PASSED] - verifyElementVisible(findTestObject("09-Settings/Users/div_Users")): Object 'Object Repository/09-Settings/Users/div_Users' is visible

2022-09-23 19:46:47 - [MESSAGE][PASSED] - Object 'Object Repository/09-Settings/Users/div_Users' is visible

2022-09-23 19:46:47 - [TEST_STEP][PASSED] - delay(3): Delayed 3 second(s)

2022-09-23 19:46:50 - [MESSAGE][PASSED] - Delayed 3 second(s)

2022-09-23 19:46:50 - [TEST_STEP][PASSED] - click(findTestObject("09-Settings/Users/div_Users")): Object: 'Object Repository/09-Settings/Users/div_Users' is clicked on

2022-09-23 19:46:51 - [MESSAGE][PASSED] - Object: 'Object Repository/09-Settings/Users/div_Users' is clicked on

2022-09-23 19:46:51 - [TEST_STEP][PASSED] - verifyElementVisible(findTestObject("09-Settings/Users/h4_USERS")): Object 'Object Repository/09-Settings/Users/h4_USERS' is visible

2022-09-23 19:46:52 - [MESSAGE][PASSED] - Object 'Object Repository/09-Settings/Users/h4_USERS' is visible

2022-09-23 19:46:52 - [TEST_STEP][PASSED] - verifyElementVisible(findTestObject("09-Settings/Users/User Page")): Object 'Object Repository/09-Settings/Users/User Page' is visible

2022-09-23 19:46:52 - [MESSAGE][PASSED] - Object 'Object Repository/09-Settings/Users/User Page' is visible

2022-09-23 19:46:52 - [TEST_STEP][PASSED] - delay(3): Delayed 3 second(s)

2022-09-23 19:46:55 - [MESSAGE][PASSED] - Delayed 3 second(s)

2022-09-23 19:46:55 - [TEST_STEP][PASSED] - click(findTestObject("09-Settings/Users/button_add")): Object: 'Object Repository/09-Settings/Users/button_add' is clicked on

2022-09-23 19:46:56 - [MESSAGE][PASSED] - Object: 'Object Repository/09-Settings/Users/button_add' is clicked on

2022-09-23 19:46:56 - [TEST_STEP][PASSED] - verifyElementVisible(findTestObject("09-Settings/Users/User Invitation modal")): Object 'Object Repository/09-Settings/Users/User Invitation modal' is visible

2022-09-23 19:46:56 - [MESSAGE][PASSED] - Object 'Object Repository/09-Settings/Users/User Invitation modal' is visible

2022-09-23 19:46:56 - [TEST_STEP][PASSED] - delay(3): Delayed 3 second(s)

2022-09-23 19:46:59 - [MESSAGE][PASSED] - Delayed 3 second(s)

2022-09-23 19:46:59 - [TEST_STEP][PASSED] - click(findTestObject("09-Settings/Users/add Invite a single user")): Object: 'Object Repository/09-Settings/Users/add Invite a single user' is clicked on

2022-09-23 19:47:00 - [MESSAGE][PASSED] - Object: 'Object Repository/09-Settings/Users/add Invite a single user' is clicked on

2022-09-23 19:47:00 - [TEST_STEP][PASSED] - verifyElementVisible(findTestObject("09-Settings/Users/Invite new user modal")): Object 'Object Repository/09-Settings/Users/Invite new user modal' is visible

2022-09-23 19:47:01 - [MESSAGE][PASSED] - Object 'Object Repository/09-Settings/Users/Invite new user modal' is visible

2022-09-23 19:47:01 - [TEST_STEP][PASSED] - click(findTestObject("09-Settings/Users/input_email")): Object: 'Object Repository/09-Settings/Users/input_email' is clicked on

2022-09-23 19:47:01 - [MESSAGE][PASSED] - Object: 'Object Repository/09-Settings/Users/input_email' is clicked on

2022-09-23 19:47:01 - [TEST_STEP][PASSED] - click(findTestObject("09-Settings/Users/input_firstName")): Object: 'Object Repository/09-Settings/Users/input_firstName' is clicked on

2022-09-23 19:47:02 - [MESSAGE][PASSED] - Object: 'Object Repository/09-Settings/Users/input_firstName' is clicked on

2022-09-23 19:47:02 - [TEST_STEP][PASSED] - click(findTestObject("09-Settings/Users/input_lastName")): Object: 'Object Repository/09-Settings/Users/input_lastName' is clicked on

2022-09-23 19:47:02 - [MESSAGE][PASSED] - Object: 'Object Repository/09-Settings/Users/input_lastName' is clicked on

2022-09-23 19:47:02 - [TEST_STEP][PASSED] - click(findTestObject("09-Settings/Users/span_Role")): Object: 'Object Repository/09-Settings/Users/span_Role' is clicked on

2022-09-23 19:47:03 - [MESSAGE][PASSED] - Object: 'Object Repository/09-Settings/Users/span_Role' is clicked on

2022-09-23 19:47:03 - [TEST_STEP][PASSED] - clickOffset(findTestObject("09-Settings/Users/h4_Invite New User"), 100, 100): Object: 'Object Repository/09-Settings/Users/h4_Invite New User' is clicked on using offset x=100 and y=100

2022-09-23 19:47:03 - [MESSAGE][PASSED] - Object: 'Object Repository/09-Settings/Users/h4_Invite New User' is clicked on using offset x=100 and y=100

2022-09-23 19:47:03 - [TEST_STEP][PASSED] - verifyElementVisible(findTestObject("09-Settings/Users/Email required")): Object 'Object Repository/09-Settings/Users/Email required' is visible

2022-09-23 19:47:04 - [MESSAGE][PASSED] - Object 'Object Repository/09-Settings/Users/Email required' is visible

2022-09-23 19:47:04 - [TEST_STEP][PASSED] - verifyElementVisible(findTestObject("09-Settings/Users/Firstname required")): Object 'Object Repository/09-Settings/Users/Firstname required' is visible

2022-09-23 19:47:04 - [MESSAGE][PASSED] - Object 'Object Repository/09-Settings/Users/Firstname required' is visible

2022-09-23 19:47:04 - [TEST_STEP][PASSED] - verifyElementVisible(findTestObject("09-Settings/Users/last name required")): Object 'Object Repository/09-Settings/Users/last name required' is visible

2022-09-23 19:47:05 - [MESSAGE][PASSED] - Object 'Object Repository/09-Settings/Users/last name required' is visible

2022-09-23 19:47:05 - [TEST_STEP][PASSED] - verifyElementVisible(findTestObject("09-Settings/Users/error_Select a role")): Object 'Object Repository/09-Settings/Users/error_Select a role' is visible

2022-09-23 19:47:05 - [MESSAGE][PASSED] - Object 'Object Repository/09-Settings/Users/error_Select a role' is visible

2022-09-23 19:47:05 - [TEST_STEP][PASSED] - delay(3): Delayed 3 second(s)

2022-09-23 19:47:08 - [MESSAGE][PASSED] - Delayed 3 second(s)

2022-09-23 19:47:08 - [TEST_STEP][PASSED] - closeBrowser(): Browser is closed

2022-09-23 19:47:09 - [MESSAGE][PASSED] - Browser is closed]]></system-out>
         <system-err><![CDATA[]]></system-err>
      </testcase>
      <testcase name="Test Cases/09-Settings/02 - Users (Invite new user as co worker)" time="534.414" classname="Test Cases/09-Settings/02 - Users (Invite new user as co worker)" status="PASSED">
         <system-out><![CDATA[2022-09-23 19:47:09 - [TEST_CASE][PASSED] - Test Cases/09-Settings/02 - Users (Invite new user as co worker): Test Cases/09-Settings/02 - Users (Invite new user as co worker)

2022-09-23 19:47:09 - [TEST_STEP][PASSED] - openBrowser(""): Browser is opened with url: ''

2022-09-23 19:47:09 - [MESSAGE][INFO] - Starting 'Chrome' driver

2022-09-23 19:47:09 - [MESSAGE][INFO] - Action delay is set to 0 milliseconds

2022-09-23 19:47:10 - [MESSAGE][PASSED] - Browser is opened with url: ''

2022-09-23 19:47:10 - [TEST_STEP][PASSED] - navigateToUrl("https://lab.everleagues.com/"): Navigate to 'https://lab.everleagues.com/' successfully

2022-09-23 19:48:06 - [MESSAGE][PASSED] - Navigate to 'https://lab.everleagues.com/' successfully

2022-09-23 19:48:06 - [TEST_STEP][PASSED] - maximizeWindow(): Current window maximized

2022-09-23 19:48:07 - [MESSAGE][PASSED] - Current window maximized

2022-09-23 19:48:07 - [TEST_STEP][PASSED] - setText(findTestObject("02-Side Icons(Organization)/Add Contact/Email Field"), "testuser02@mailinator.com"): Text 'testuser02@mailinator.com' is set on object 'Object Repository/02-Side Icons(Organization)/Add Contact/Email Field'

2022-09-23 19:48:07 - [MESSAGE][PASSED] - Text 'testuser02@mailinator.com' is set on object 'Object Repository/02-Side Icons(Organization)/Add Contact/Email Field'

2022-09-23 19:48:07 - [TEST_STEP][PASSED] - setEncryptedText(findTestObject("02-Side Icons(Organization)/Add Contact/Password Field"), "8yFRyszE6U6jvsCn51OQbg=="): Text ****** has been set on object 'Object Repository/02-Side Icons(Organization)/Add Contact/Password Field'

2022-09-23 19:48:08 - [MESSAGE][PASSED] - Text ****** has been set on object 'Object Repository/02-Side Icons(Organization)/Add Contact/Password Field'

2022-09-23 19:48:08 - [TEST_STEP][PASSED] - click(findTestObject("02-Side Icons(Organization)/Add Contact/button_Sign in")): Object: 'Object Repository/02-Side Icons(Organization)/Add Contact/button_Sign in' is clicked on

2022-09-23 19:48:09 - [MESSAGE][PASSED] - Object: 'Object Repository/02-Side Icons(Organization)/Add Contact/button_Sign in' is clicked on

2022-09-23 19:48:09 - [TEST_STEP][PASSED] - delay(2): Delayed 2 second(s)

2022-09-23 19:48:11 - [MESSAGE][PASSED] - Delayed 2 second(s)

2022-09-23 19:48:11 - [TEST_STEP][PASSED] - click(findTestObject("06-Teams/For 2FA/button_Confirm_2FA")): Object: 'Object Repository/06-Teams/For 2FA/button_Confirm_2FA' is clicked on

2022-09-23 19:48:11 - [MESSAGE][PASSED] - Object: 'Object Repository/06-Teams/For 2FA/button_Confirm_2FA' is clicked on

2022-09-23 19:48:11 - [TEST_STEP][PASSED] - executeJavaScript("window.open();", []): Execute JavaScript 'window.open();' successfully

2022-09-23 19:48:11 - [MESSAGE][PASSED] - Execute JavaScript 'window.open();' successfully

2022-09-23 19:48:11 - [TEST_STEP][PASSED] - currentWindow = getWindowIndex(): Current window's index is: 0

2022-09-23 19:48:11 - [MESSAGE][PASSED] - Current window's index is: 0

2022-09-23 19:48:11 - [TEST_STEP][PASSED] - delay(3): Delayed 3 second(s)

2022-09-23 19:48:14 - [MESSAGE][PASSED] - Delayed 3 second(s)

2022-09-23 19:48:14 - [TEST_STEP][PASSED] - switchToWindowIndex(currentWindow + 1): Switched to window with index: '1'

2022-09-23 19:48:14 - [MESSAGE][PASSED] - Switched to window with index: '1'

2022-09-23 19:48:14 - [TEST_STEP][PASSED] - navigateToUrl("https://www.mailinator.com/"): Navigate to 'https://www.mailinator.com/' successfully

2022-09-23 19:48:17 - [MESSAGE][PASSED] - Navigate to 'https://www.mailinator.com/' successfully

2022-09-23 19:48:17 - [TEST_STEP][PASSED] - delay(3): Delayed 3 second(s)

2022-09-23 19:48:20 - [MESSAGE][PASSED] - Delayed 3 second(s)

2022-09-23 19:48:20 - [TEST_STEP][PASSED] - setText(findTestObject("00-Signup and Activation/zMailinator/input_LOGIN_search"), "testuser02@mailinator.com"): Text 'testuser02@mailinator.com' is set on object 'Object Repository/00-Signup and Activation/zMailinator/input_LOGIN_search'

2022-09-23 19:48:20 - [MESSAGE][PASSED] - Text 'testuser02@mailinator.com' is set on object 'Object Repository/00-Signup and Activation/zMailinator/input_LOGIN_search'

2022-09-23 19:48:20 - [TEST_STEP][PASSED] - click(findTestObject("00-Signup and Activation/zMailinator/gobutton"), STOP_ON_FAILURE): Object: 'Object Repository/00-Signup and Activation/zMailinator/gobutton' is clicked on

2022-09-23 19:48:22 - [MESSAGE][PASSED] - Object: 'Object Repository/00-Signup and Activation/zMailinator/gobutton' is clicked on

2022-09-23 19:48:22 - [TEST_STEP][PASSED] - delay(3): Delayed 3 second(s)

2022-09-23 19:48:25 - [MESSAGE][PASSED] - Delayed 3 second(s)

2022-09-23 19:48:25 - [TEST_STEP][PASSED] - click(findTestObject("00-Signup and Activation/zMailinator/Email - everleagues")): Object: 'Object Repository/00-Signup and Activation/zMailinator/Email - everleagues' is clicked on

2022-09-23 19:48:25 - [MESSAGE][PASSED] - Object: 'Object Repository/00-Signup and Activation/zMailinator/Email - everleagues' is clicked on

2022-09-23 19:48:25 - [TEST_STEP][PASSED] - delay(3): Delayed 3 second(s)

2022-09-23 19:48:28 - [MESSAGE][PASSED] - Delayed 3 second(s)

2022-09-23 19:48:28 - [TEST_STEP][PASSED] - code = getText(findTestObject("Object Repository/06-Teams/For 2FA/2FA code")): Text of object 'Object Repository/06-Teams/For 2FA/2FA code' is: '052803'

2022-09-23 19:48:29 - [MESSAGE][PASSED] - Text of object 'Object Repository/06-Teams/For 2FA/2FA code' is: '052803'

2022-09-23 19:48:29 - [TEST_STEP][PASSED] - delay(3): Delayed 3 second(s)

2022-09-23 19:48:32 - [MESSAGE][PASSED] - Delayed 3 second(s)

2022-09-23 19:48:32 - [TEST_STEP][PASSED] - closeWindowTitle("Mailinator"): Window with title: 'Mailinator' is closed

2022-09-23 19:48:32 - [MESSAGE][PASSED] - Window with title: 'Mailinator' is closed

2022-09-23 19:48:32 - [TEST_STEP][PASSED] - delay(3): Delayed 3 second(s)

2022-09-23 19:48:35 - [MESSAGE][PASSED] - Delayed 3 second(s)

2022-09-23 19:48:35 - [TEST_STEP][PASSED] - switchToWindowIndex(0): Switched to window with index: '0'

2022-09-23 19:48:35 - [MESSAGE][PASSED] - Switched to window with index: '0'

2022-09-23 19:48:35 - [TEST_STEP][PASSED] - delay(3): Delayed 3 second(s)

2022-09-23 19:48:38 - [MESSAGE][PASSED] - Delayed 3 second(s)

2022-09-23 19:48:38 - [TEST_STEP][PASSED] - setText(findTestObject("Object Repository/06-Teams/For 2FA/input_Enter verification code_code"), code): Text '052803' is set on object 'Object Repository/06-Teams/For 2FA/input_Enter verification code_code'

2022-09-23 19:48:39 - [MESSAGE][PASSED] - Text '052803' is set on object 'Object Repository/06-Teams/For 2FA/input_Enter verification code_code'

2022-09-23 19:48:39 - [TEST_STEP][PASSED] - delay(3): Delayed 3 second(s)

2022-09-23 19:48:42 - [MESSAGE][PASSED] - Delayed 3 second(s)

2022-09-23 19:48:42 - [TEST_STEP][PASSED] - click(findTestObject("06-Teams/For 2FA/button_Verify_2FA")): Object: 'Object Repository/06-Teams/For 2FA/button_Verify_2FA' is clicked on

2022-09-23 19:48:42 - [MESSAGE][PASSED] - Object: 'Object Repository/06-Teams/For 2FA/button_Verify_2FA' is clicked on

2022-09-23 19:48:42 - [TEST_STEP][PASSED] - delay(5): Delayed 5 second(s)

2022-09-23 19:48:47 - [MESSAGE][PASSED] - Delayed 5 second(s)

2022-09-23 19:48:47 - [TEST_STEP][PASSED] - click(findTestObject("06-Teams/button_doublearrow")): Object: 'Object Repository/06-Teams/button_doublearrow' is clicked on

2022-09-23 19:48:49 - [MESSAGE][PASSED] - Object: 'Object Repository/06-Teams/button_doublearrow' is clicked on

2022-09-23 19:48:49 - [TEST_STEP][PASSED] - click(findTestObject("06-Teams/button_My Organizations")): Object: 'Object Repository/06-Teams/button_My Organizations' is clicked on

2022-09-23 19:48:49 - [MESSAGE][PASSED] - Object: 'Object Repository/06-Teams/button_My Organizations' is clicked on

2022-09-23 19:48:49 - [TEST_STEP][PASSED] - click(findTestObject("06-Teams/button_GG Automation")): Object: 'Object Repository/06-Teams/button_GG Automation' is clicked on

2022-09-23 19:48:50 - [MESSAGE][PASSED] - Object: 'Object Repository/06-Teams/button_GG Automation' is clicked on

2022-09-23 19:48:50 - [TEST_STEP][PASSED] - delay(4): Delayed 4 second(s)

2022-09-23 19:48:54 - [MESSAGE][PASSED] - Delayed 4 second(s)

2022-09-23 19:48:54 - [TEST_STEP][PASSED] - verifyElementVisible(findTestObject("06-Teams/span_GG Automation")): Object 'Object Repository/06-Teams/span_GG Automation' is visible

2022-09-23 19:48:54 - [MESSAGE][PASSED] - Object 'Object Repository/06-Teams/span_GG Automation' is visible

2022-09-23 19:48:54 - [TEST_STEP][PASSED] - delay(10): Delayed 10 second(s)

2022-09-23 19:49:04 - [MESSAGE][PASSED] - Delayed 10 second(s)

2022-09-23 19:49:04 - [TEST_STEP][PASSED] - click(findTestObject("03-Header Menu/Hamburger Button/div_Settings")): Object: 'Object Repository/03-Header Menu/Hamburger Button/div_Settings' is clicked on

2022-09-23 19:49:05 - [MESSAGE][PASSED] - Object: 'Object Repository/03-Header Menu/Hamburger Button/div_Settings' is clicked on

2022-09-23 19:49:05 - [TEST_STEP][PASSED] - delay(3): Delayed 3 second(s)

2022-09-23 19:49:08 - [MESSAGE][PASSED] - Delayed 3 second(s)

2022-09-23 19:49:08 - [TEST_STEP][PASSED] - click(findTestObject("09-Settings/Users/div_Users")): Object: 'Object Repository/09-Settings/Users/div_Users' is clicked on

2022-09-23 19:49:08 - [MESSAGE][PASSED] - Object: 'Object Repository/09-Settings/Users/div_Users' is clicked on

2022-09-23 19:49:08 - [TEST_STEP][PASSED] - delay(3): Delayed 3 second(s)

2022-09-23 19:49:11 - [MESSAGE][PASSED] - Delayed 3 second(s)

2022-09-23 19:49:11 - [TEST_STEP][PASSED] - click(findTestObject("09-Settings/Users/button_add")): Object: 'Object Repository/09-Settings/Users/button_add' is clicked on

2022-09-23 19:49:12 - [MESSAGE][PASSED] - Object: 'Object Repository/09-Settings/Users/button_add' is clicked on

2022-09-23 19:49:12 - [TEST_STEP][PASSED] - delay(3): Delayed 3 second(s)

2022-09-23 19:49:15 - [MESSAGE][PASSED] - Delayed 3 second(s)

2022-09-23 19:49:15 - [TEST_STEP][PASSED] - click(findTestObject("09-Settings/Users/add Invite a single user")): Object: 'Object Repository/09-Settings/Users/add Invite a single user' is clicked on

2022-09-23 19:49:15 - [MESSAGE][PASSED] - Object: 'Object Repository/09-Settings/Users/add Invite a single user' is clicked on

2022-09-23 19:49:15 - [TEST_STEP][PASSED] - delay(3): Delayed 3 second(s)

2022-09-23 19:49:18 - [MESSAGE][PASSED] - Delayed 3 second(s)

2022-09-23 19:49:18 - [TEST_STEP][PASSED] - setText(findTestObject("09-Settings/Users/input_email"), "autotester04@mailinator.com"): Text 'autotester04@mailinator.com' is set on object 'Object Repository/09-Settings/Users/input_email'

2022-09-23 19:49:19 - [MESSAGE][PASSED] - Text 'autotester04@mailinator.com' is set on object 'Object Repository/09-Settings/Users/input_email'

2022-09-23 19:49:19 - [TEST_STEP][PASSED] - setText(findTestObject("09-Settings/Users/input_firstName"), "GG"): Text 'GG' is set on object 'Object Repository/09-Settings/Users/input_firstName'

2022-09-23 19:49:20 - [MESSAGE][PASSED] - Text 'GG' is set on object 'Object Repository/09-Settings/Users/input_firstName'

2022-09-23 19:49:20 - [TEST_STEP][PASSED] - setText(findTestObject("09-Settings/Users/input_lastName"), "Auto Contact 2"): Text 'Auto Contact 2' is set on object 'Object Repository/09-Settings/Users/input_lastName'

2022-09-23 19:49:21 - [MESSAGE][PASSED] - Text 'Auto Contact 2' is set on object 'Object Repository/09-Settings/Users/input_lastName'

2022-09-23 19:49:21 - [TEST_STEP][PASSED] - click(findTestObject("09-Settings/Users/span_Role")): Object: 'Object Repository/09-Settings/Users/span_Role' is clicked on

2022-09-23 19:49:21 - [MESSAGE][PASSED] - Object: 'Object Repository/09-Settings/Users/span_Role' is clicked on

2022-09-23 19:49:21 - [TEST_STEP][PASSED] - click(findTestObject("09-Settings/Users/span_CoWorker")): Object: 'Object Repository/09-Settings/Users/span_CoWorker' is clicked on

2022-09-23 19:49:22 - [MESSAGE][PASSED] - Object: 'Object Repository/09-Settings/Users/span_CoWorker' is clicked on

2022-09-23 19:49:22 - [TEST_STEP][PASSED] - click(findTestObject("09-Settings/Users/button_Send Invitation")): Object: 'Object Repository/09-Settings/Users/button_Send Invitation' is clicked on

2022-09-23 19:49:23 - [MESSAGE][PASSED] - Object: 'Object Repository/09-Settings/Users/button_Send Invitation' is clicked on

2022-09-23 19:49:23 - [TEST_STEP][PASSED] - delay(2): Delayed 2 second(s)

2022-09-23 19:49:25 - [MESSAGE][PASSED] - Delayed 2 second(s)

2022-09-23 19:49:25 - [TEST_STEP][PASSED] - verifyElementVisible(findTestObject("07-Directory/Connections/zContact Profile/Successfully invited user")): Object 'Object Repository/07-Directory/Connections/zContact Profile/Successfully invited user' is visible

2022-09-23 19:49:26 - [MESSAGE][PASSED] - Object 'Object Repository/07-Directory/Connections/zContact Profile/Successfully invited user' is visible

2022-09-23 19:49:26 - [TEST_STEP][PASSED] - delay(2): Delayed 2 second(s)

2022-09-23 19:49:28 - [MESSAGE][PASSED] - Delayed 2 second(s)

2022-09-23 19:49:28 - [TEST_STEP][PASSED] - executeJavaScript("window.open();", []): Execute JavaScript 'window.open();' successfully

2022-09-23 19:49:28 - [MESSAGE][PASSED] - Execute JavaScript 'window.open();' successfully

2022-09-23 19:49:28 - [TEST_STEP][PASSED] - currentWindow = getWindowIndex(): Current window's index is: 0

2022-09-23 19:49:28 - [MESSAGE][PASSED] - Current window's index is: 0

2022-09-23 19:49:28 - [TEST_STEP][PASSED] - delay(3): Delayed 3 second(s)

2022-09-23 19:49:31 - [MESSAGE][PASSED] - Delayed 3 second(s)

2022-09-23 19:49:31 - [TEST_STEP][PASSED] - switchToWindowIndex(currentWindow + 1): Switched to window with index: '1'

2022-09-23 19:49:31 - [MESSAGE][PASSED] - Switched to window with index: '1'

2022-09-23 19:49:31 - [TEST_STEP][PASSED] - navigateToUrl("https://www.mailinator.com/"): Navigate to 'https://www.mailinator.com/' successfully

2022-09-23 19:49:33 - [MESSAGE][PASSED] - Navigate to 'https://www.mailinator.com/' successfully

2022-09-23 19:49:33 - [TEST_STEP][PASSED] - delay(3): Delayed 3 second(s)

2022-09-23 19:49:36 - [MESSAGE][PASSED] - Delayed 3 second(s)

2022-09-23 19:49:36 - [TEST_STEP][PASSED] - setText(findTestObject("00-Signup and Activation/zMailinator/input_LOGIN_search"), "autotester04@mailinator.com"): Text 'autotester04@mailinator.com' is set on object 'Object Repository/00-Signup and Activation/zMailinator/input_LOGIN_search'

2022-09-23 19:49:36 - [MESSAGE][PASSED] - Text 'autotester04@mailinator.com' is set on object 'Object Repository/00-Signup and Activation/zMailinator/input_LOGIN_search'

2022-09-23 19:49:36 - [TEST_STEP][PASSED] - click(findTestObject("00-Signup and Activation/zMailinator/gobutton"), STOP_ON_FAILURE): Object: 'Object Repository/00-Signup and Activation/zMailinator/gobutton' is clicked on

2022-09-23 19:49:37 - [MESSAGE][PASSED] - Object: 'Object Repository/00-Signup and Activation/zMailinator/gobutton' is clicked on

2022-09-23 19:49:37 - [TEST_STEP][PASSED] - delay(3): Delayed 3 second(s)

2022-09-23 19:49:40 - [MESSAGE][PASSED] - Delayed 3 second(s)

2022-09-23 19:49:40 - [TEST_STEP][PASSED] - closeWindowTitle("Everleagues"): Window with title: 'Everleagues' is closed

2022-09-23 19:49:41 - [MESSAGE][PASSED] - Window with title: 'Everleagues' is closed

2022-09-23 19:49:41 - [TEST_STEP][PASSED] - switchToWindowIndex(0): Switched to window with index: '0'

2022-09-23 19:49:41 - [MESSAGE][PASSED] - Switched to window with index: '0'

2022-09-23 19:49:41 - [TEST_STEP][PASSED] - click(findTestObject("09-Settings/Users/Co worker/td_Invitation from GG Automation")): Object: 'Object Repository/09-Settings/Users/Co worker/td_Invitation from GG Automation' is clicked on

2022-09-23 19:49:41 - [MESSAGE][PASSED] - Object: 'Object Repository/09-Settings/Users/Co worker/td_Invitation from GG Automation' is clicked on

2022-09-23 19:49:41 - [TEST_STEP][PASSED] - click(findTestObject("09-Settings/Users/Co worker/a_Click here to join GG Automation on EverLeagues")): Object: 'Object Repository/09-Settings/Users/Co worker/a_Click here to join GG Automation on EverLeagues' is clicked on

2022-09-23 19:49:42 - [MESSAGE][PASSED] - Object: 'Object Repository/09-Settings/Users/Co worker/a_Click here to join GG Automation on EverLeagues' is clicked on

2022-09-23 19:49:42 - [TEST_STEP][PASSED] - closeWindowTitle("Mailinator"): Window with title: 'Mailinator' is closed

2022-09-23 19:49:42 - [MESSAGE][PASSED] - Window with title: 'Mailinator' is closed

2022-09-23 19:49:42 - [TEST_STEP][PASSED] - switchToWindowIndex(0): Switched to window with index: '0'

2022-09-23 19:49:42 - [MESSAGE][PASSED] - Switched to window with index: '0'

2022-09-23 19:49:42 - [TEST_STEP][PASSED] - verifyElementVisible(findTestObject("09-Settings/Users/Co worker/Logout before proceed modal")): Object 'Object Repository/09-Settings/Users/Co worker/Logout before proceed modal' is visible

2022-09-23 19:49:49 - [MESSAGE][PASSED] - Object 'Object Repository/09-Settings/Users/Co worker/Logout before proceed modal' is visible

2022-09-23 19:49:49 - [TEST_STEP][PASSED] - click(findTestObject("09-Settings/Users/Co worker/button_Yes")): Object: 'Object Repository/09-Settings/Users/Co worker/button_Yes' is clicked on

2022-09-23 19:49:49 - [MESSAGE][PASSED] - Object: 'Object Repository/09-Settings/Users/Co worker/button_Yes' is clicked on

2022-09-23 19:49:49 - [TEST_STEP][PASSED] - delay(3): Delayed 3 second(s)

2022-09-23 19:49:52 - [MESSAGE][PASSED] - Delayed 3 second(s)

2022-09-23 19:49:52 - [TEST_STEP][PASSED] - setText(findTestObject("09-Settings/Users/Co worker/input_Email_email"), "autotester04@mailinator.com"): Text 'autotester04@mailinator.com' is set on object 'Object Repository/09-Settings/Users/Co worker/input_Email_email'

2022-09-23 19:50:52 - [MESSAGE][PASSED] - Text 'autotester04@mailinator.com' is set on object 'Object Repository/09-Settings/Users/Co worker/input_Email_email'

2022-09-23 19:50:52 - [TEST_STEP][PASSED] - setEncryptedText(findTestObject("09-Settings/Users/Co worker/input__password"), "8yFRyszE6U6jvsCn51OQbg=="): Text ****** has been set on object 'Object Repository/09-Settings/Users/Co worker/input__password'

2022-09-23 19:51:23 - [MESSAGE][PASSED] - Text ****** has been set on object 'Object Repository/09-Settings/Users/Co worker/input__password'

2022-09-23 19:51:23 - [TEST_STEP][PASSED] - click(findTestObject("02-Side Icons(Organization)/Add Contact/button_Sign in")): Object: 'Object Repository/02-Side Icons(Organization)/Add Contact/button_Sign in' is clicked on

2022-09-23 19:51:53 - [MESSAGE][PASSED] - Object: 'Object Repository/02-Side Icons(Organization)/Add Contact/button_Sign in' is clicked on

2022-09-23 19:51:53 - [TEST_STEP][PASSED] - delay(2): Delayed 2 second(s)

2022-09-23 19:51:55 - [MESSAGE][PASSED] - Delayed 2 second(s)

2022-09-23 19:51:55 - [TEST_STEP][PASSED] - click(findTestObject("06-Teams/For 2FA/button_Confirm_2FA")): Object: 'Object Repository/06-Teams/For 2FA/button_Confirm_2FA' is clicked on

2022-09-23 19:52:25 - [MESSAGE][PASSED] - Object: 'Object Repository/06-Teams/For 2FA/button_Confirm_2FA' is clicked on

2022-09-23 19:52:25 - [TEST_STEP][PASSED] - executeJavaScript("window.open();", []): Execute JavaScript 'window.open();' successfully

2022-09-23 19:52:25 - [MESSAGE][PASSED] - Execute JavaScript 'window.open();' successfully

2022-09-23 19:52:25 - [TEST_STEP][PASSED] - currentWindow = getWindowIndex(): Current window's index is: 0

2022-09-23 19:52:25 - [MESSAGE][PASSED] - Current window's index is: 0

2022-09-23 19:52:25 - [TEST_STEP][PASSED] - delay(3): Delayed 3 second(s)

2022-09-23 19:52:28 - [MESSAGE][PASSED] - Delayed 3 second(s)

2022-09-23 19:52:28 - [TEST_STEP][PASSED] - switchToWindowIndex(currentWindow + 1): Switched to window with index: '1'

2022-09-23 19:52:28 - [MESSAGE][PASSED] - Switched to window with index: '1'

2022-09-23 19:52:28 - [TEST_STEP][PASSED] - navigateToUrl("https://www.mailinator.com/"): Navigate to 'https://www.mailinator.com/' successfully

2022-09-23 19:52:29 - [MESSAGE][PASSED] - Navigate to 'https://www.mailinator.com/' successfully

2022-09-23 19:52:29 - [TEST_STEP][PASSED] - delay(3): Delayed 3 second(s)

2022-09-23 19:52:32 - [MESSAGE][PASSED] - Delayed 3 second(s)

2022-09-23 19:52:32 - [TEST_STEP][PASSED] - setText(findTestObject("00-Signup and Activation/zMailinator/input_LOGIN_search"), "autotester04@mailinator.com"): Text 'autotester04@mailinator.com' is set on object 'Object Repository/00-Signup and Activation/zMailinator/input_LOGIN_search'

2022-09-23 19:52:33 - [MESSAGE][PASSED] - Text 'autotester04@mailinator.com' is set on object 'Object Repository/00-Signup and Activation/zMailinator/input_LOGIN_search'

2022-09-23 19:52:33 - [TEST_STEP][PASSED] - click(findTestObject("00-Signup and Activation/zMailinator/gobutton"), STOP_ON_FAILURE): Object: 'Object Repository/00-Signup and Activation/zMailinator/gobutton' is clicked on

2022-09-23 19:52:34 - [MESSAGE][PASSED] - Object: 'Object Repository/00-Signup and Activation/zMailinator/gobutton' is clicked on

2022-09-23 19:52:34 - [TEST_STEP][PASSED] - delay(3): Delayed 3 second(s)

2022-09-23 19:52:37 - [MESSAGE][PASSED] - Delayed 3 second(s)

2022-09-23 19:52:37 - [TEST_STEP][PASSED] - click(findTestObject("00-Signup and Activation/zMailinator/Email - everleagues")): Object: 'Object Repository/00-Signup and Activation/zMailinator/Email - everleagues' is clicked on

2022-09-23 19:52:37 - [MESSAGE][PASSED] - Object: 'Object Repository/00-Signup and Activation/zMailinator/Email - everleagues' is clicked on

2022-09-23 19:52:37 - [TEST_STEP][PASSED] - delay(3): Delayed 3 second(s)

2022-09-23 19:52:40 - [MESSAGE][PASSED] - Delayed 3 second(s)

2022-09-23 19:52:40 - [TEST_STEP][PASSED] - codetwo = getText(findTestObject("Object Repository/06-Teams/For 2FA/2FA code")): Text of object 'Object Repository/06-Teams/For 2FA/2FA code' is: '022689'

2022-09-23 19:52:41 - [MESSAGE][PASSED] - Text of object 'Object Repository/06-Teams/For 2FA/2FA code' is: '022689'

2022-09-23 19:52:41 - [TEST_STEP][PASSED] - delay(3): Delayed 3 second(s)

2022-09-23 19:52:44 - [MESSAGE][PASSED] - Delayed 3 second(s)

2022-09-23 19:52:44 - [TEST_STEP][PASSED] - closeWindowTitle("Mailinator"): Window with title: 'Mailinator' is closed

2022-09-23 19:52:44 - [MESSAGE][PASSED] - Window with title: 'Mailinator' is closed

2022-09-23 19:52:44 - [TEST_STEP][PASSED] - delay(3): Delayed 3 second(s)

2022-09-23 19:52:47 - [MESSAGE][PASSED] - Delayed 3 second(s)

2022-09-23 19:52:47 - [TEST_STEP][PASSED] - switchToWindowIndex(0): Switched to window with index: '0'

2022-09-23 19:52:47 - [MESSAGE][PASSED] - Switched to window with index: '0'

2022-09-23 19:52:47 - [TEST_STEP][PASSED] - delay(3): Delayed 3 second(s)

2022-09-23 19:52:50 - [MESSAGE][PASSED] - Delayed 3 second(s)

2022-09-23 19:52:50 - [TEST_STEP][PASSED] - setText(findTestObject("Object Repository/06-Teams/For 2FA/input_Enter verification code_code"), codetwo): Text '022689' is set on object 'Object Repository/06-Teams/For 2FA/input_Enter verification code_code'

2022-09-23 19:53:50 - [MESSAGE][PASSED] - Text '022689' is set on object 'Object Repository/06-Teams/For 2FA/input_Enter verification code_code'

2022-09-23 19:53:50 - [TEST_STEP][PASSED] - delay(3): Delayed 3 second(s)

2022-09-23 19:53:53 - [MESSAGE][PASSED] - Delayed 3 second(s)

2022-09-23 19:53:53 - [TEST_STEP][PASSED] - click(findTestObject("06-Teams/For 2FA/button_Verify_2FA")): Object: 'Object Repository/06-Teams/For 2FA/button_Verify_2FA' is clicked on

2022-09-23 19:54:23 - [MESSAGE][PASSED] - Object: 'Object Repository/06-Teams/For 2FA/button_Verify_2FA' is clicked on

2022-09-23 19:54:23 - [TEST_STEP][PASSED] - delay(5): Delayed 5 second(s)

2022-09-23 19:54:28 - [MESSAGE][PASSED] - Delayed 5 second(s)

2022-09-23 19:54:28 - [TEST_STEP][PASSED] - executeJavaScript("window.open();", []): Execute JavaScript 'window.open();' successfully

2022-09-23 19:54:28 - [MESSAGE][PASSED] - Execute JavaScript 'window.open();' successfully

2022-09-23 19:54:28 - [TEST_STEP][PASSED] - currentWindow = getWindowIndex(): Current window's index is: 0

2022-09-23 19:54:28 - [MESSAGE][PASSED] - Current window's index is: 0

2022-09-23 19:54:28 - [TEST_STEP][PASSED] - delay(3): Delayed 3 second(s)

2022-09-23 19:54:31 - [MESSAGE][PASSED] - Delayed 3 second(s)

2022-09-23 19:54:31 - [TEST_STEP][PASSED] - switchToWindowIndex(currentWindow + 1): Switched to window with index: '1'

2022-09-23 19:54:31 - [MESSAGE][PASSED] - Switched to window with index: '1'

2022-09-23 19:54:31 - [TEST_STEP][PASSED] - navigateToUrl("https://www.mailinator.com/"): Navigate to 'https://www.mailinator.com/' successfully

2022-09-23 19:55:03 - [MESSAGE][PASSED] - Navigate to 'https://www.mailinator.com/' successfully

2022-09-23 19:55:03 - [TEST_STEP][PASSED] - delay(3): Delayed 3 second(s)

2022-09-23 19:55:06 - [MESSAGE][PASSED] - Delayed 3 second(s)

2022-09-23 19:55:06 - [TEST_STEP][PASSED] - setText(findTestObject("00-Signup and Activation/zMailinator/input_LOGIN_search"), "autotester04@mailinator.com"): Text 'autotester04@mailinator.com' is set on object 'Object Repository/00-Signup and Activation/zMailinator/input_LOGIN_search'

2022-09-23 19:55:27 - [MESSAGE][PASSED] - Text 'autotester04@mailinator.com' is set on object 'Object Repository/00-Signup and Activation/zMailinator/input_LOGIN_search'

2022-09-23 19:55:27 - [TEST_STEP][PASSED] - click(findTestObject("00-Signup and Activation/zMailinator/gobutton"), STOP_ON_FAILURE): Object: 'Object Repository/00-Signup and Activation/zMailinator/gobutton' is clicked on

2022-09-23 19:55:28 - [MESSAGE][PASSED] - Object: 'Object Repository/00-Signup and Activation/zMailinator/gobutton' is clicked on

2022-09-23 19:55:28 - [TEST_STEP][PASSED] - delay(3): Delayed 3 second(s)

2022-09-23 19:55:31 - [MESSAGE][PASSED] - Delayed 3 second(s)

2022-09-23 19:55:31 - [TEST_STEP][PASSED] - closeWindowTitle("Everleagues"): Window with title: 'Everleagues' is closed

2022-09-23 19:55:31 - [MESSAGE][PASSED] - Window with title: 'Everleagues' is closed

2022-09-23 19:55:31 - [TEST_STEP][PASSED] - switchToWindowIndex(0): Switched to window with index: '0'

2022-09-23 19:55:31 - [MESSAGE][PASSED] - Switched to window with index: '0'

2022-09-23 19:55:31 - [TEST_STEP][PASSED] - click(findTestObject("09-Settings/Users/Co worker/td_Invitation from GG Automation")): Object: 'Object Repository/09-Settings/Users/Co worker/td_Invitation from GG Automation' is clicked on

2022-09-23 19:55:45 - [MESSAGE][PASSED] - Object: 'Object Repository/09-Settings/Users/Co worker/td_Invitation from GG Automation' is clicked on

2022-09-23 19:55:45 - [TEST_STEP][PASSED] - click(findTestObject("09-Settings/Users/Co worker/a_Click here to join GG Automation on EverLeagues")): Object: 'Object Repository/09-Settings/Users/Co worker/a_Click here to join GG Automation on EverLeagues' is clicked on

2022-09-23 19:55:46 - [MESSAGE][PASSED] - Object: 'Object Repository/09-Settings/Users/Co worker/a_Click here to join GG Automation on EverLeagues' is clicked on

2022-09-23 19:55:46 - [TEST_STEP][PASSED] - delay(3): Delayed 3 second(s)

2022-09-23 19:55:49 - [MESSAGE][PASSED] - Delayed 3 second(s)

2022-09-23 19:55:49 - [TEST_STEP][PASSED] - closeWindowTitle("Mailinator"): Window with title: 'Mailinator' is closed

2022-09-23 19:55:49 - [MESSAGE][PASSED] - Window with title: 'Mailinator' is closed

2022-09-23 19:55:49 - [TEST_STEP][PASSED] - switchToWindowIndex(0): Switched to window with index: '0'

2022-09-23 19:55:49 - [MESSAGE][PASSED] - Switched to window with index: '0'

2022-09-23 19:55:49 - [TEST_STEP][PASSED] - verifyElementVisible(findTestObject("09-Settings/Users/Co worker/Invite modal")): Object 'Object Repository/09-Settings/Users/Co worker/Invite modal' is visible

2022-09-23 19:55:52 - [MESSAGE][PASSED] - Object 'Object Repository/09-Settings/Users/Co worker/Invite modal' is visible

2022-09-23 19:55:52 - [TEST_STEP][PASSED] - click(findTestObject("09-Settings/Users/Co worker/button_Accept")): Object: 'Object Repository/09-Settings/Users/Co worker/button_Accept' is clicked on

2022-09-23 19:55:52 - [MESSAGE][PASSED] - Object: 'Object Repository/09-Settings/Users/Co worker/button_Accept' is clicked on

2022-09-23 19:55:52 - [TEST_STEP][PASSED] - delay(10): Delayed 10 second(s)

2022-09-23 19:56:02 - [MESSAGE][PASSED] - Delayed 10 second(s)

2022-09-23 19:56:02 - [TEST_STEP][PASSED] - verifyElementVisible(findTestObject("09-Settings/Users/Co worker/div_Joined as CoWorker")): Object 'Object Repository/09-Settings/Users/Co worker/div_Joined as CoWorker' is visible

2022-09-23 19:56:02 - [MESSAGE][PASSED] - Object 'Object Repository/09-Settings/Users/Co worker/div_Joined as CoWorker' is visible

2022-09-23 19:56:02 - [TEST_STEP][PASSED] - closeBrowser(): Browser is closed

2022-09-23 19:56:03 - [MESSAGE][PASSED] - Browser is closed]]></system-out>
         <system-err><![CDATA[]]></system-err>
      </testcase>
      <testcase name="Test Cases/09-Settings/03 - Users (Invite new user as client)" time="242.313" classname="Test Cases/09-Settings/03 - Users (Invite new user as client)" status="PASSED">
         <system-out><![CDATA[2022-09-23 19:56:03 - [TEST_CASE][PASSED] - Test Cases/09-Settings/03 - Users (Invite new user as client): Test Cases/09-Settings/03 - Users (Invite new user as client)

2022-09-23 19:56:04 - [TEST_STEP][PASSED] - openBrowser(""): Browser is opened with url: ''

2022-09-23 19:56:04 - [MESSAGE][INFO] - Starting 'Chrome' driver

2022-09-23 19:56:04 - [MESSAGE][INFO] - Action delay is set to 0 milliseconds

2022-09-23 19:56:05 - [MESSAGE][PASSED] - Browser is opened with url: ''

2022-09-23 19:56:05 - [TEST_STEP][PASSED] - navigateToUrl("https://lab.everleagues.com/"): Navigate to 'https://lab.everleagues.com/' successfully

2022-09-23 19:57:04 - [MESSAGE][PASSED] - Navigate to 'https://lab.everleagues.com/' successfully

2022-09-23 19:57:04 - [TEST_STEP][PASSED] - maximizeWindow(): Current window maximized

2022-09-23 19:57:04 - [MESSAGE][PASSED] - Current window maximized

2022-09-23 19:57:04 - [TEST_STEP][PASSED] - setText(findTestObject("02-Side Icons(Organization)/Add Contact/Email Field"), "testuser02@mailinator.com"): Text 'testuser02@mailinator.com' is set on object 'Object Repository/02-Side Icons(Organization)/Add Contact/Email Field'

2022-09-23 19:57:05 - [MESSAGE][PASSED] - Text 'testuser02@mailinator.com' is set on object 'Object Repository/02-Side Icons(Organization)/Add Contact/Email Field'

2022-09-23 19:57:05 - [TEST_STEP][PASSED] - setEncryptedText(findTestObject("02-Side Icons(Organization)/Add Contact/Password Field"), "8yFRyszE6U6jvsCn51OQbg=="): Text ****** has been set on object 'Object Repository/02-Side Icons(Organization)/Add Contact/Password Field'

2022-09-23 19:57:06 - [MESSAGE][PASSED] - Text ****** has been set on object 'Object Repository/02-Side Icons(Organization)/Add Contact/Password Field'

2022-09-23 19:57:06 - [TEST_STEP][PASSED] - click(findTestObject("02-Side Icons(Organization)/Add Contact/button_Sign in")): Object: 'Object Repository/02-Side Icons(Organization)/Add Contact/button_Sign in' is clicked on

2022-09-23 19:57:06 - [MESSAGE][PASSED] - Object: 'Object Repository/02-Side Icons(Organization)/Add Contact/button_Sign in' is clicked on

2022-09-23 19:57:06 - [TEST_STEP][PASSED] - delay(2): Delayed 2 second(s)

2022-09-23 19:57:08 - [MESSAGE][PASSED] - Delayed 2 second(s)

2022-09-23 19:57:08 - [TEST_STEP][PASSED] - click(findTestObject("06-Teams/For 2FA/button_Confirm_2FA")): Object: 'Object Repository/06-Teams/For 2FA/button_Confirm_2FA' is clicked on

2022-09-23 19:57:09 - [MESSAGE][PASSED] - Object: 'Object Repository/06-Teams/For 2FA/button_Confirm_2FA' is clicked on

2022-09-23 19:57:09 - [TEST_STEP][PASSED] - executeJavaScript("window.open();", []): Execute JavaScript 'window.open();' successfully

2022-09-23 19:57:09 - [MESSAGE][PASSED] - Execute JavaScript 'window.open();' successfully

2022-09-23 19:57:09 - [TEST_STEP][PASSED] - currentWindow = getWindowIndex(): Current window's index is: 0

2022-09-23 19:57:09 - [MESSAGE][PASSED] - Current window's index is: 0

2022-09-23 19:57:09 - [TEST_STEP][PASSED] - delay(3): Delayed 3 second(s)

2022-09-23 19:57:12 - [MESSAGE][PASSED] - Delayed 3 second(s)

2022-09-23 19:57:12 - [TEST_STEP][PASSED] - switchToWindowIndex(currentWindow + 1): Switched to window with index: '1'

2022-09-23 19:57:12 - [MESSAGE][PASSED] - Switched to window with index: '1'

2022-09-23 19:57:12 - [TEST_STEP][PASSED] - navigateToUrl("https://www.mailinator.com/"): Navigate to 'https://www.mailinator.com/' successfully

2022-09-23 19:57:14 - [MESSAGE][PASSED] - Navigate to 'https://www.mailinator.com/' successfully

2022-09-23 19:57:14 - [TEST_STEP][PASSED] - delay(3): Delayed 3 second(s)

2022-09-23 19:57:17 - [MESSAGE][PASSED] - Delayed 3 second(s)

2022-09-23 19:57:17 - [TEST_STEP][PASSED] - setText(findTestObject("00-Signup and Activation/zMailinator/input_LOGIN_search"), "testuser02@mailinator.com"): Text 'testuser02@mailinator.com' is set on object 'Object Repository/00-Signup and Activation/zMailinator/input_LOGIN_search'

2022-09-23 19:57:18 - [MESSAGE][PASSED] - Text 'testuser02@mailinator.com' is set on object 'Object Repository/00-Signup and Activation/zMailinator/input_LOGIN_search'

2022-09-23 19:57:18 - [TEST_STEP][PASSED] - click(findTestObject("00-Signup and Activation/zMailinator/gobutton"), STOP_ON_FAILURE): Object: 'Object Repository/00-Signup and Activation/zMailinator/gobutton' is clicked on

2022-09-23 19:57:19 - [MESSAGE][PASSED] - Object: 'Object Repository/00-Signup and Activation/zMailinator/gobutton' is clicked on

2022-09-23 19:57:19 - [TEST_STEP][PASSED] - delay(3): Delayed 3 second(s)

2022-09-23 19:57:22 - [MESSAGE][PASSED] - Delayed 3 second(s)

2022-09-23 19:57:22 - [TEST_STEP][PASSED] - click(findTestObject("00-Signup and Activation/zMailinator/Email - everleagues")): Object: 'Object Repository/00-Signup and Activation/zMailinator/Email - everleagues' is clicked on

2022-09-23 19:57:23 - [MESSAGE][PASSED] - Object: 'Object Repository/00-Signup and Activation/zMailinator/Email - everleagues' is clicked on

2022-09-23 19:57:23 - [TEST_STEP][PASSED] - delay(3): Delayed 3 second(s)

2022-09-23 19:57:26 - [MESSAGE][PASSED] - Delayed 3 second(s)

2022-09-23 19:57:26 - [TEST_STEP][PASSED] - code = getText(findTestObject("Object Repository/06-Teams/For 2FA/2FA code")): Text of object 'Object Repository/06-Teams/For 2FA/2FA code' is: '176528'

2022-09-23 19:57:26 - [MESSAGE][PASSED] - Text of object 'Object Repository/06-Teams/For 2FA/2FA code' is: '176528'

2022-09-23 19:57:26 - [TEST_STEP][PASSED] - delay(3): Delayed 3 second(s)

2022-09-23 19:57:29 - [MESSAGE][PASSED] - Delayed 3 second(s)

2022-09-23 19:57:29 - [TEST_STEP][PASSED] - closeWindowTitle("Mailinator"): Window with title: 'Mailinator' is closed

2022-09-23 19:57:29 - [MESSAGE][PASSED] - Window with title: 'Mailinator' is closed

2022-09-23 19:57:29 - [TEST_STEP][PASSED] - delay(3): Delayed 3 second(s)

2022-09-23 19:57:32 - [MESSAGE][PASSED] - Delayed 3 second(s)

2022-09-23 19:57:32 - [TEST_STEP][PASSED] - switchToWindowIndex(0): Switched to window with index: '0'

2022-09-23 19:57:32 - [MESSAGE][PASSED] - Switched to window with index: '0'

2022-09-23 19:57:32 - [TEST_STEP][PASSED] - delay(3): Delayed 3 second(s)

2022-09-23 19:57:35 - [MESSAGE][PASSED] - Delayed 3 second(s)

2022-09-23 19:57:35 - [TEST_STEP][PASSED] - setText(findTestObject("Object Repository/06-Teams/For 2FA/input_Enter verification code_code"), code): Text '176528' is set on object 'Object Repository/06-Teams/For 2FA/input_Enter verification code_code'

2022-09-23 19:57:36 - [MESSAGE][PASSED] - Text '176528' is set on object 'Object Repository/06-Teams/For 2FA/input_Enter verification code_code'

2022-09-23 19:57:36 - [TEST_STEP][PASSED] - delay(3): Delayed 3 second(s)

2022-09-23 19:57:39 - [MESSAGE][PASSED] - Delayed 3 second(s)

2022-09-23 19:57:39 - [TEST_STEP][PASSED] - click(findTestObject("06-Teams/For 2FA/button_Verify_2FA")): Object: 'Object Repository/06-Teams/For 2FA/button_Verify_2FA' is clicked on

2022-09-23 19:57:40 - [MESSAGE][PASSED] - Object: 'Object Repository/06-Teams/For 2FA/button_Verify_2FA' is clicked on

2022-09-23 19:57:40 - [TEST_STEP][PASSED] - delay(5): Delayed 5 second(s)

2022-09-23 19:57:45 - [MESSAGE][PASSED] - Delayed 5 second(s)

2022-09-23 19:57:45 - [TEST_STEP][PASSED] - click(findTestObject("06-Teams/button_doublearrow")): Object: 'Object Repository/06-Teams/button_doublearrow' is clicked on

2022-09-23 19:57:45 - [MESSAGE][PASSED] - Object: 'Object Repository/06-Teams/button_doublearrow' is clicked on

2022-09-23 19:57:45 - [TEST_STEP][PASSED] - click(findTestObject("06-Teams/button_My Organizations")): Object: 'Object Repository/06-Teams/button_My Organizations' is clicked on

2022-09-23 19:57:46 - [MESSAGE][PASSED] - Object: 'Object Repository/06-Teams/button_My Organizations' is clicked on

2022-09-23 19:57:46 - [TEST_STEP][PASSED] - click(findTestObject("06-Teams/button_GG Automation")): Object: 'Object Repository/06-Teams/button_GG Automation' is clicked on

2022-09-23 19:57:47 - [MESSAGE][PASSED] - Object: 'Object Repository/06-Teams/button_GG Automation' is clicked on

2022-09-23 19:57:47 - [TEST_STEP][PASSED] - delay(4): Delayed 4 second(s)

2022-09-23 19:57:51 - [MESSAGE][PASSED] - Delayed 4 second(s)

2022-09-23 19:57:51 - [TEST_STEP][PASSED] - verifyElementVisible(findTestObject("06-Teams/span_GG Automation")): Object 'Object Repository/06-Teams/span_GG Automation' is visible

2022-09-23 19:57:51 - [MESSAGE][PASSED] - Object 'Object Repository/06-Teams/span_GG Automation' is visible

2022-09-23 19:57:51 - [TEST_STEP][PASSED] - delay(10): Delayed 10 second(s)

2022-09-23 19:58:01 - [MESSAGE][PASSED] - Delayed 10 second(s)

2022-09-23 19:58:01 - [TEST_STEP][PASSED] - click(findTestObject("03-Header Menu/Hamburger Button/div_Settings")): Object: 'Object Repository/03-Header Menu/Hamburger Button/div_Settings' is clicked on

2022-09-23 19:58:02 - [MESSAGE][PASSED] - Object: 'Object Repository/03-Header Menu/Hamburger Button/div_Settings' is clicked on

2022-09-23 19:58:02 - [TEST_STEP][PASSED] - delay(3): Delayed 3 second(s)

2022-09-23 19:58:05 - [MESSAGE][PASSED] - Delayed 3 second(s)

2022-09-23 19:58:05 - [TEST_STEP][PASSED] - click(findTestObject("09-Settings/Users/div_Users")): Object: 'Object Repository/09-Settings/Users/div_Users' is clicked on

2022-09-23 19:58:05 - [MESSAGE][PASSED] - Object: 'Object Repository/09-Settings/Users/div_Users' is clicked on

2022-09-23 19:58:05 - [TEST_STEP][PASSED] - delay(3): Delayed 3 second(s)

2022-09-23 19:58:08 - [MESSAGE][PASSED] - Delayed 3 second(s)

2022-09-23 19:58:08 - [TEST_STEP][PASSED] - click(findTestObject("09-Settings/Users/button_add")): Object: 'Object Repository/09-Settings/Users/button_add' is clicked on

2022-09-23 19:58:09 - [MESSAGE][PASSED] - Object: 'Object Repository/09-Settings/Users/button_add' is clicked on

2022-09-23 19:58:09 - [TEST_STEP][PASSED] - delay(3): Delayed 3 second(s)

2022-09-23 19:58:12 - [MESSAGE][PASSED] - Delayed 3 second(s)

2022-09-23 19:58:12 - [TEST_STEP][PASSED] - click(findTestObject("09-Settings/Users/add Invite a single user")): Object: 'Object Repository/09-Settings/Users/add Invite a single user' is clicked on

2022-09-23 19:58:12 - [MESSAGE][PASSED] - Object: 'Object Repository/09-Settings/Users/add Invite a single user' is clicked on

2022-09-23 19:58:12 - [TEST_STEP][PASSED] - delay(3): Delayed 3 second(s)

2022-09-23 19:58:15 - [MESSAGE][PASSED] - Delayed 3 second(s)

2022-09-23 19:58:15 - [TEST_STEP][PASSED] - setText(findTestObject("09-Settings/Users/input_email"), "autotester09@mailinator.com"): Text 'autotester09@mailinator.com' is set on object 'Object Repository/09-Settings/Users/input_email'

2022-09-23 19:58:16 - [MESSAGE][PASSED] - Text 'autotester09@mailinator.com' is set on object 'Object Repository/09-Settings/Users/input_email'

2022-09-23 19:58:16 - [TEST_STEP][PASSED] - setText(findTestObject("09-Settings/Users/input_firstName"), "GG"): Text 'GG' is set on object 'Object Repository/09-Settings/Users/input_firstName'

2022-09-23 19:58:17 - [MESSAGE][PASSED] - Text 'GG' is set on object 'Object Repository/09-Settings/Users/input_firstName'

2022-09-23 19:58:17 - [TEST_STEP][PASSED] - setText(findTestObject("09-Settings/Users/input_lastName"), "Client"): Text 'Client' is set on object 'Object Repository/09-Settings/Users/input_lastName'

2022-09-23 19:58:17 - [MESSAGE][PASSED] - Text 'Client' is set on object 'Object Repository/09-Settings/Users/input_lastName'

2022-09-23 19:58:17 - [TEST_STEP][PASSED] - click(findTestObject("09-Settings/Users/span_Role")): Object: 'Object Repository/09-Settings/Users/span_Role' is clicked on

2022-09-23 19:58:18 - [MESSAGE][PASSED] - Object: 'Object Repository/09-Settings/Users/span_Role' is clicked on

2022-09-23 19:58:18 - [TEST_STEP][PASSED] - click(findTestObject("09-Settings/Users/span_Client")): Object: 'Object Repository/09-Settings/Users/span_Client' is clicked on

2022-09-23 19:58:18 - [MESSAGE][PASSED] - Object: 'Object Repository/09-Settings/Users/span_Client' is clicked on

2022-09-23 19:58:18 - [TEST_STEP][PASSED] - click(findTestObject("09-Settings/Users/button_Send Invitation")): Object: 'Object Repository/09-Settings/Users/button_Send Invitation' is clicked on

2022-09-23 19:58:20 - [MESSAGE][PASSED] - Object: 'Object Repository/09-Settings/Users/button_Send Invitation' is clicked on

2022-09-23 19:58:20 - [TEST_STEP][PASSED] - delay(2): Delayed 2 second(s)

2022-09-23 19:58:22 - [MESSAGE][PASSED] - Delayed 2 second(s)

2022-09-23 19:58:22 - [TEST_STEP][PASSED] - verifyElementVisible(findTestObject("07-Directory/Connections/zContact Profile/Successfully invited user")): Object 'Object Repository/07-Directory/Connections/zContact Profile/Successfully invited user' is visible

2022-09-23 19:58:23 - [MESSAGE][PASSED] - Object 'Object Repository/07-Directory/Connections/zContact Profile/Successfully invited user' is visible

2022-09-23 19:58:23 - [TEST_STEP][PASSED] - delay(2): Delayed 2 second(s)

2022-09-23 19:58:25 - [MESSAGE][PASSED] - Delayed 2 second(s)

2022-09-23 19:58:25 - [TEST_STEP][PASSED] - click(findTestObject("01-Login and Forgot Password/User menu drop")): Object: 'Object Repository/01-Login and Forgot Password/User menu drop' is clicked on

2022-09-23 19:58:25 - [MESSAGE][PASSED] - Object: 'Object Repository/01-Login and Forgot Password/User menu drop' is clicked on

2022-09-23 19:58:25 - [TEST_STEP][PASSED] - delay(2): Delayed 2 second(s)

2022-09-23 19:58:27 - [MESSAGE][PASSED] - Delayed 2 second(s)

2022-09-23 19:58:27 - [TEST_STEP][PASSED] - click(findTestObject("01-Login and Forgot Password/h4_Sign Out"), STOP_ON_FAILURE): Object: 'Object Repository/01-Login and Forgot Password/h4_Sign Out' is clicked on

2022-09-23 19:58:28 - [MESSAGE][PASSED] - Object: 'Object Repository/01-Login and Forgot Password/h4_Sign Out' is clicked on

2022-09-23 19:58:28 - [TEST_STEP][PASSED] - delay(2): Delayed 2 second(s)

2022-09-23 19:58:30 - [MESSAGE][PASSED] - Delayed 2 second(s)

2022-09-23 19:58:30 - [TEST_STEP][PASSED] - verifyElementPresent(findTestObject("01-Login and Forgot Password/Login_Card"), 0): Object 'Object Repository/01-Login and Forgot Password/Login_Card' is present

2022-09-23 19:58:30 - [MESSAGE][WARNING] - Timeout '0' is invalid. Using default page load timeout: '30'

2022-09-23 19:58:30 - [MESSAGE][PASSED] - Object 'Object Repository/01-Login and Forgot Password/Login_Card' is present

2022-09-23 19:58:30 - [TEST_STEP][PASSED] - delay(3): Delayed 3 second(s)

2022-09-23 19:58:33 - [MESSAGE][PASSED] - Delayed 3 second(s)

2022-09-23 19:58:33 - [TEST_STEP][PASSED] - closeBrowser(): Browser is closed

2022-09-23 19:58:34 - [MESSAGE][PASSED] - Browser is closed

2022-09-23 19:58:34 - [TEST_STEP][PASSED] - openBrowser(""): Browser is opened with url: ''

2022-09-23 19:58:34 - [MESSAGE][INFO] - Starting 'Chrome' driver

2022-09-23 19:58:34 - [MESSAGE][INFO] - Action delay is set to 0 milliseconds

2022-09-23 19:58:35 - [MESSAGE][PASSED] - Browser is opened with url: ''

2022-09-23 19:58:35 - [TEST_STEP][PASSED] - navigateToUrl("https://lab.everleagues.com/"): Navigate to 'https://lab.everleagues.com/' successfully

2022-09-23 19:58:49 - [MESSAGE][PASSED] - Navigate to 'https://lab.everleagues.com/' successfully

2022-09-23 19:58:49 - [TEST_STEP][PASSED] - maximizeWindow(): Current window maximized

2022-09-23 19:58:50 - [MESSAGE][PASSED] - Current window maximized

2022-09-23 19:58:50 - [TEST_STEP][PASSED] - setText(findTestObject("02-Side Icons(Organization)/Add Contact/Email Field"), "autotester09@mailinator.com"): Text 'autotester09@mailinator.com' is set on object 'Object Repository/02-Side Icons(Organization)/Add Contact/Email Field'

2022-09-23 19:58:50 - [MESSAGE][PASSED] - Text 'autotester09@mailinator.com' is set on object 'Object Repository/02-Side Icons(Organization)/Add Contact/Email Field'

2022-09-23 19:58:50 - [TEST_STEP][PASSED] - setEncryptedText(findTestObject("02-Side Icons(Organization)/Add Contact/Password Field"), "8yFRyszE6U6jvsCn51OQbg=="): Text ****** has been set on object 'Object Repository/02-Side Icons(Organization)/Add Contact/Password Field'

2022-09-23 19:58:51 - [MESSAGE][PASSED] - Text ****** has been set on object 'Object Repository/02-Side Icons(Organization)/Add Contact/Password Field'

2022-09-23 19:58:51 - [TEST_STEP][PASSED] - click(findTestObject("02-Side Icons(Organization)/Add Contact/button_Sign in")): Object: 'Object Repository/02-Side Icons(Organization)/Add Contact/button_Sign in' is clicked on

2022-09-23 19:58:51 - [MESSAGE][PASSED] - Object: 'Object Repository/02-Side Icons(Organization)/Add Contact/button_Sign in' is clicked on

2022-09-23 19:58:51 - [TEST_STEP][PASSED] - delay(2): Delayed 2 second(s)

2022-09-23 19:58:53 - [MESSAGE][PASSED] - Delayed 2 second(s)

2022-09-23 19:58:53 - [TEST_STEP][PASSED] - click(findTestObject("06-Teams/For 2FA/button_Confirm_2FA")): Object: 'Object Repository/06-Teams/For 2FA/button_Confirm_2FA' is clicked on

2022-09-23 19:58:54 - [MESSAGE][PASSED] - Object: 'Object Repository/06-Teams/For 2FA/button_Confirm_2FA' is clicked on

2022-09-23 19:58:54 - [TEST_STEP][PASSED] - executeJavaScript("window.open();", []): Execute JavaScript 'window.open();' successfully

2022-09-23 19:58:54 - [MESSAGE][PASSED] - Execute JavaScript 'window.open();' successfully

2022-09-23 19:58:54 - [TEST_STEP][PASSED] - currentWindow = getWindowIndex(): Current window's index is: 0

2022-09-23 19:58:54 - [MESSAGE][PASSED] - Current window's index is: 0

2022-09-23 19:58:54 - [TEST_STEP][PASSED] - delay(3): Delayed 3 second(s)

2022-09-23 19:58:57 - [MESSAGE][PASSED] - Delayed 3 second(s)

2022-09-23 19:58:57 - [TEST_STEP][PASSED] - switchToWindowIndex(currentWindow + 1): Switched to window with index: '1'

2022-09-23 19:58:57 - [MESSAGE][PASSED] - Switched to window with index: '1'

2022-09-23 19:58:57 - [TEST_STEP][PASSED] - navigateToUrl("https://www.mailinator.com/"): Navigate to 'https://www.mailinator.com/' successfully

2022-09-23 19:58:59 - [MESSAGE][PASSED] - Navigate to 'https://www.mailinator.com/' successfully

2022-09-23 19:58:59 - [TEST_STEP][PASSED] - delay(3): Delayed 3 second(s)

2022-09-23 19:59:02 - [MESSAGE][PASSED] - Delayed 3 second(s)

2022-09-23 19:59:02 - [TEST_STEP][PASSED] - setText(findTestObject("00-Signup and Activation/zMailinator/input_LOGIN_search"), "autotester09@mailinator.com"): Text 'autotester09@mailinator.com' is set on object 'Object Repository/00-Signup and Activation/zMailinator/input_LOGIN_search'

2022-09-23 19:59:03 - [MESSAGE][PASSED] - Text 'autotester09@mailinator.com' is set on object 'Object Repository/00-Signup and Activation/zMailinator/input_LOGIN_search'

2022-09-23 19:59:03 - [TEST_STEP][PASSED] - click(findTestObject("00-Signup and Activation/zMailinator/gobutton"), STOP_ON_FAILURE): Object: 'Object Repository/00-Signup and Activation/zMailinator/gobutton' is clicked on

2022-09-23 19:59:05 - [MESSAGE][PASSED] - Object: 'Object Repository/00-Signup and Activation/zMailinator/gobutton' is clicked on

2022-09-23 19:59:05 - [TEST_STEP][PASSED] - delay(3): Delayed 3 second(s)

2022-09-23 19:59:08 - [MESSAGE][PASSED] - Delayed 3 second(s)

2022-09-23 19:59:08 - [TEST_STEP][PASSED] - click(findTestObject("00-Signup and Activation/zMailinator/Email - everleagues")): Object: 'Object Repository/00-Signup and Activation/zMailinator/Email - everleagues' is clicked on

2022-09-23 19:59:09 - [MESSAGE][PASSED] - Object: 'Object Repository/00-Signup and Activation/zMailinator/Email - everleagues' is clicked on

2022-09-23 19:59:09 - [TEST_STEP][PASSED] - delay(3): Delayed 3 second(s)

2022-09-23 19:59:12 - [MESSAGE][PASSED] - Delayed 3 second(s)

2022-09-23 19:59:12 - [TEST_STEP][PASSED] - codetwo = getText(findTestObject("Object Repository/06-Teams/For 2FA/2FA code")): Text of object 'Object Repository/06-Teams/For 2FA/2FA code' is: '316385'

2022-09-23 19:59:12 - [MESSAGE][PASSED] - Text of object 'Object Repository/06-Teams/For 2FA/2FA code' is: '316385'

2022-09-23 19:59:12 - [TEST_STEP][PASSED] - delay(3): Delayed 3 second(s)

2022-09-23 19:59:15 - [MESSAGE][PASSED] - Delayed 3 second(s)

2022-09-23 19:59:15 - [TEST_STEP][PASSED] - closeWindowTitle("Mailinator"): Window with title: 'Mailinator' is closed

2022-09-23 19:59:15 - [MESSAGE][PASSED] - Window with title: 'Mailinator' is closed

2022-09-23 19:59:15 - [TEST_STEP][PASSED] - delay(3): Delayed 3 second(s)

2022-09-23 19:59:18 - [MESSAGE][PASSED] - Delayed 3 second(s)

2022-09-23 19:59:18 - [TEST_STEP][PASSED] - switchToWindowIndex(0): Switched to window with index: '0'

2022-09-23 19:59:18 - [MESSAGE][PASSED] - Switched to window with index: '0'

2022-09-23 19:59:18 - [TEST_STEP][PASSED] - delay(3): Delayed 3 second(s)

2022-09-23 19:59:21 - [MESSAGE][PASSED] - Delayed 3 second(s)

2022-09-23 19:59:21 - [TEST_STEP][PASSED] - setText(findTestObject("Object Repository/06-Teams/For 2FA/input_Enter verification code_code"), codetwo): Text '316385' is set on object 'Object Repository/06-Teams/For 2FA/input_Enter verification code_code'

2022-09-23 19:59:22 - [MESSAGE][PASSED] - Text '316385' is set on object 'Object Repository/06-Teams/For 2FA/input_Enter verification code_code'

2022-09-23 19:59:22 - [TEST_STEP][PASSED] - delay(3): Delayed 3 second(s)

2022-09-23 19:59:25 - [MESSAGE][PASSED] - Delayed 3 second(s)

2022-09-23 19:59:25 - [TEST_STEP][PASSED] - click(findTestObject("06-Teams/For 2FA/button_Verify_2FA")): Object: 'Object Repository/06-Teams/For 2FA/button_Verify_2FA' is clicked on

2022-09-23 19:59:26 - [MESSAGE][PASSED] - Object: 'Object Repository/06-Teams/For 2FA/button_Verify_2FA' is clicked on

2022-09-23 19:59:26 - [TEST_STEP][PASSED] - delay(5): Delayed 5 second(s)

2022-09-23 19:59:31 - [MESSAGE][PASSED] - Delayed 5 second(s)

2022-09-23 19:59:31 - [TEST_STEP][PASSED] - executeJavaScript("window.open();", []): Execute JavaScript 'window.open();' successfully

2022-09-23 19:59:31 - [MESSAGE][PASSED] - Execute JavaScript 'window.open();' successfully

2022-09-23 19:59:31 - [TEST_STEP][PASSED] - currentWindow = getWindowIndex(): Current window's index is: 0

2022-09-23 19:59:31 - [MESSAGE][PASSED] - Current window's index is: 0

2022-09-23 19:59:31 - [TEST_STEP][PASSED] - delay(3): Delayed 3 second(s)

2022-09-23 19:59:34 - [MESSAGE][PASSED] - Delayed 3 second(s)

2022-09-23 19:59:34 - [TEST_STEP][PASSED] - switchToWindowIndex(currentWindow + 1): Switched to window with index: '1'

2022-09-23 19:59:34 - [MESSAGE][PASSED] - Switched to window with index: '1'

2022-09-23 19:59:34 - [TEST_STEP][PASSED] - navigateToUrl("https://www.mailinator.com/"): Navigate to 'https://www.mailinator.com/' successfully

2022-09-23 19:59:35 - [MESSAGE][PASSED] - Navigate to 'https://www.mailinator.com/' successfully

2022-09-23 19:59:35 - [TEST_STEP][PASSED] - delay(3): Delayed 3 second(s)

2022-09-23 19:59:38 - [MESSAGE][PASSED] - Delayed 3 second(s)

2022-09-23 19:59:38 - [TEST_STEP][PASSED] - setText(findTestObject("00-Signup and Activation/zMailinator/input_LOGIN_search"), "autotester09@mailinator.com"): Text 'autotester09@mailinator.com' is set on object 'Object Repository/00-Signup and Activation/zMailinator/input_LOGIN_search'

2022-09-23 19:59:39 - [MESSAGE][PASSED] - Text 'autotester09@mailinator.com' is set on object 'Object Repository/00-Signup and Activation/zMailinator/input_LOGIN_search'

2022-09-23 19:59:39 - [TEST_STEP][PASSED] - click(findTestObject("00-Signup and Activation/zMailinator/gobutton"), STOP_ON_FAILURE): Object: 'Object Repository/00-Signup and Activation/zMailinator/gobutton' is clicked on

2022-09-23 19:59:40 - [MESSAGE][PASSED] - Object: 'Object Repository/00-Signup and Activation/zMailinator/gobutton' is clicked on

2022-09-23 19:59:40 - [TEST_STEP][PASSED] - delay(3): Delayed 3 second(s)

2022-09-23 19:59:43 - [MESSAGE][PASSED] - Delayed 3 second(s)

2022-09-23 19:59:43 - [TEST_STEP][PASSED] - closeWindowTitle("Everleagues"): Window with title: 'Everleagues' is closed

2022-09-23 19:59:43 - [MESSAGE][PASSED] - Window with title: 'Everleagues' is closed

2022-09-23 19:59:43 - [TEST_STEP][PASSED] - switchToWindowIndex(0): Switched to window with index: '0'

2022-09-23 19:59:43 - [MESSAGE][PASSED] - Switched to window with index: '0'

2022-09-23 19:59:43 - [TEST_STEP][PASSED] - click(findTestObject("09-Settings/Users/Co worker/td_Invitation from GG Automation")): Object: 'Object Repository/09-Settings/Users/Co worker/td_Invitation from GG Automation' is clicked on

2022-09-23 19:59:43 - [MESSAGE][PASSED] - Object: 'Object Repository/09-Settings/Users/Co worker/td_Invitation from GG Automation' is clicked on

2022-09-23 19:59:43 - [TEST_STEP][PASSED] - click(findTestObject("09-Settings/Users/Co worker/a_Click here to join GG Automation on EverLeagues")): Object: 'Object Repository/09-Settings/Users/Co worker/a_Click here to join GG Automation on EverLeagues' is clicked on

2022-09-23 19:59:44 - [MESSAGE][PASSED] - Object: 'Object Repository/09-Settings/Users/Co worker/a_Click here to join GG Automation on EverLeagues' is clicked on

2022-09-23 19:59:44 - [TEST_STEP][PASSED] - closeWindowTitle("Mailinator"): Window with title: 'Mailinator' is closed

2022-09-23 19:59:44 - [MESSAGE][PASSED] - Window with title: 'Mailinator' is closed

2022-09-23 19:59:44 - [TEST_STEP][PASSED] - switchToWindowIndex(0): Switched to window with index: '0'

2022-09-23 19:59:44 - [MESSAGE][PASSED] - Switched to window with index: '0'

2022-09-23 19:59:44 - [TEST_STEP][PASSED] - verifyElementVisible(findTestObject("09-Settings/Users/Client/Invite modal")): Object 'Object Repository/09-Settings/Users/Client/Invite modal' is visible

2022-09-23 19:59:50 - [MESSAGE][PASSED] - Object 'Object Repository/09-Settings/Users/Client/Invite modal' is visible

2022-09-23 19:59:50 - [TEST_STEP][PASSED] - setText(findTestObject("09-Settings/Users/Client/Company field"), "QA Company"): Text 'QA Company' is set on object 'Object Repository/09-Settings/Users/Client/Company field'

2022-09-23 19:59:51 - [MESSAGE][PASSED] - Text 'QA Company' is set on object 'Object Repository/09-Settings/Users/Client/Company field'

2022-09-23 19:59:51 - [TEST_STEP][PASSED] - click(findTestObject("09-Settings/Users/Client/button_Accept")): Object: 'Object Repository/09-Settings/Users/Client/button_Accept' is clicked on

2022-09-23 19:59:52 - [MESSAGE][PASSED] - Object: 'Object Repository/09-Settings/Users/Client/button_Accept' is clicked on

2022-09-23 19:59:52 - [TEST_STEP][PASSED] - delay(10): Delayed 10 second(s)

2022-09-23 20:00:02 - [MESSAGE][PASSED] - Delayed 10 second(s)

2022-09-23 20:00:02 - [TEST_STEP][PASSED] - verifyElementVisible(findTestObject("09-Settings/Users/Client/div_Joined as CLIENT")): Object 'Object Repository/09-Settings/Users/Client/div_Joined as CLIENT' is visible

2022-09-23 20:00:02 - [MESSAGE][PASSED] - Object 'Object Repository/09-Settings/Users/Client/div_Joined as CLIENT' is visible

2022-09-23 20:00:02 - [TEST_STEP][PASSED] - delay(3): Delayed 3 second(s)

2022-09-23 20:00:05 - [MESSAGE][PASSED] - Delayed 3 second(s)

2022-09-23 20:00:05 - [TEST_STEP][PASSED] - closeBrowser(): Browser is closed

2022-09-23 20:00:06 - [MESSAGE][PASSED] - Browser is closed]]></system-out>
         <system-err><![CDATA[]]></system-err>
      </testcase>
      <testcase name="Test Cases/09-Settings/04 - Users (Invite new user as partner)" time="216.199" classname="Test Cases/09-Settings/04 - Users (Invite new user as partner)" status="PASSED">
         <system-out><![CDATA[2022-09-23 20:00:06 - [TEST_CASE][PASSED] - Test Cases/09-Settings/04 - Users (Invite new user as partner): Test Cases/09-Settings/04 - Users (Invite new user as partner)

2022-09-23 20:00:06 - [TEST_STEP][PASSED] - openBrowser(""): Browser is opened with url: ''

2022-09-23 20:00:06 - [MESSAGE][INFO] - Starting 'Chrome' driver

2022-09-23 20:00:06 - [MESSAGE][INFO] - Action delay is set to 0 milliseconds

2022-09-23 20:00:07 - [MESSAGE][PASSED] - Browser is opened with url: ''

2022-09-23 20:00:07 - [TEST_STEP][PASSED] - navigateToUrl("https://lab.everleagues.com/"): Navigate to 'https://lab.everleagues.com/' successfully

2022-09-23 20:00:23 - [MESSAGE][PASSED] - Navigate to 'https://lab.everleagues.com/' successfully

2022-09-23 20:00:23 - [TEST_STEP][PASSED] - maximizeWindow(): Current window maximized

2022-09-23 20:00:23 - [MESSAGE][PASSED] - Current window maximized

2022-09-23 20:00:23 - [TEST_STEP][PASSED] - setText(findTestObject("02-Side Icons(Organization)/Add Contact/Email Field"), "testuser02@mailinator.com"): Text 'testuser02@mailinator.com' is set on object 'Object Repository/02-Side Icons(Organization)/Add Contact/Email Field'

2022-09-23 20:00:23 - [MESSAGE][PASSED] - Text 'testuser02@mailinator.com' is set on object 'Object Repository/02-Side Icons(Organization)/Add Contact/Email Field'

2022-09-23 20:00:23 - [TEST_STEP][PASSED] - setEncryptedText(findTestObject("02-Side Icons(Organization)/Add Contact/Password Field"), "8yFRyszE6U6jvsCn51OQbg=="): Text ****** has been set on object 'Object Repository/02-Side Icons(Organization)/Add Contact/Password Field'

2022-09-23 20:00:24 - [MESSAGE][PASSED] - Text ****** has been set on object 'Object Repository/02-Side Icons(Organization)/Add Contact/Password Field'

2022-09-23 20:00:24 - [TEST_STEP][PASSED] - click(findTestObject("02-Side Icons(Organization)/Add Contact/button_Sign in")): Object: 'Object Repository/02-Side Icons(Organization)/Add Contact/button_Sign in' is clicked on

2022-09-23 20:00:25 - [MESSAGE][PASSED] - Object: 'Object Repository/02-Side Icons(Organization)/Add Contact/button_Sign in' is clicked on

2022-09-23 20:00:25 - [TEST_STEP][PASSED] - delay(2): Delayed 2 second(s)

2022-09-23 20:00:27 - [MESSAGE][PASSED] - Delayed 2 second(s)

2022-09-23 20:00:27 - [TEST_STEP][PASSED] - click(findTestObject("06-Teams/For 2FA/button_Confirm_2FA")): Object: 'Object Repository/06-Teams/For 2FA/button_Confirm_2FA' is clicked on

2022-09-23 20:00:27 - [MESSAGE][PASSED] - Object: 'Object Repository/06-Teams/For 2FA/button_Confirm_2FA' is clicked on

2022-09-23 20:00:27 - [TEST_STEP][PASSED] - executeJavaScript("window.open();", []): Execute JavaScript 'window.open();' successfully

2022-09-23 20:00:27 - [MESSAGE][PASSED] - Execute JavaScript 'window.open();' successfully

2022-09-23 20:00:27 - [TEST_STEP][PASSED] - currentWindow = getWindowIndex(): Current window's index is: 0

2022-09-23 20:00:27 - [MESSAGE][PASSED] - Current window's index is: 0

2022-09-23 20:00:27 - [TEST_STEP][PASSED] - delay(3): Delayed 3 second(s)

2022-09-23 20:00:30 - [MESSAGE][PASSED] - Delayed 3 second(s)

2022-09-23 20:00:30 - [TEST_STEP][PASSED] - switchToWindowIndex(currentWindow + 1): Switched to window with index: '1'

2022-09-23 20:00:30 - [MESSAGE][PASSED] - Switched to window with index: '1'

2022-09-23 20:00:30 - [TEST_STEP][PASSED] - navigateToUrl("https://www.mailinator.com/"): Navigate to 'https://www.mailinator.com/' successfully

2022-09-23 20:00:32 - [MESSAGE][PASSED] - Navigate to 'https://www.mailinator.com/' successfully

2022-09-23 20:00:32 - [TEST_STEP][PASSED] - delay(3): Delayed 3 second(s)

2022-09-23 20:00:35 - [MESSAGE][PASSED] - Delayed 3 second(s)

2022-09-23 20:00:35 - [TEST_STEP][PASSED] - setText(findTestObject("00-Signup and Activation/zMailinator/input_LOGIN_search"), "testuser02@mailinator.com"): Text 'testuser02@mailinator.com' is set on object 'Object Repository/00-Signup and Activation/zMailinator/input_LOGIN_search'

2022-09-23 20:00:36 - [MESSAGE][PASSED] - Text 'testuser02@mailinator.com' is set on object 'Object Repository/00-Signup and Activation/zMailinator/input_LOGIN_search'

2022-09-23 20:00:36 - [TEST_STEP][PASSED] - click(findTestObject("00-Signup and Activation/zMailinator/gobutton"), STOP_ON_FAILURE): Object: 'Object Repository/00-Signup and Activation/zMailinator/gobutton' is clicked on

2022-09-23 20:00:38 - [MESSAGE][PASSED] - Object: 'Object Repository/00-Signup and Activation/zMailinator/gobutton' is clicked on

2022-09-23 20:00:38 - [TEST_STEP][PASSED] - delay(3): Delayed 3 second(s)

2022-09-23 20:00:41 - [MESSAGE][PASSED] - Delayed 3 second(s)

2022-09-23 20:00:41 - [TEST_STEP][PASSED] - click(findTestObject("00-Signup and Activation/zMailinator/Email - everleagues")): Object: 'Object Repository/00-Signup and Activation/zMailinator/Email - everleagues' is clicked on

2022-09-23 20:00:41 - [MESSAGE][PASSED] - Object: 'Object Repository/00-Signup and Activation/zMailinator/Email - everleagues' is clicked on

2022-09-23 20:00:41 - [TEST_STEP][PASSED] - delay(3): Delayed 3 second(s)

2022-09-23 20:00:44 - [MESSAGE][PASSED] - Delayed 3 second(s)

2022-09-23 20:00:44 - [TEST_STEP][PASSED] - code = getText(findTestObject("Object Repository/06-Teams/For 2FA/2FA code")): Text of object 'Object Repository/06-Teams/For 2FA/2FA code' is: '622333'

2022-09-23 20:00:45 - [MESSAGE][PASSED] - Text of object 'Object Repository/06-Teams/For 2FA/2FA code' is: '622333'

2022-09-23 20:00:45 - [TEST_STEP][PASSED] - delay(3): Delayed 3 second(s)

2022-09-23 20:00:48 - [MESSAGE][PASSED] - Delayed 3 second(s)

2022-09-23 20:00:48 - [TEST_STEP][PASSED] - closeWindowTitle("Mailinator"): Window with title: 'Mailinator' is closed

2022-09-23 20:00:48 - [MESSAGE][PASSED] - Window with title: 'Mailinator' is closed

2022-09-23 20:00:48 - [TEST_STEP][PASSED] - delay(3): Delayed 3 second(s)

2022-09-23 20:00:51 - [MESSAGE][PASSED] - Delayed 3 second(s)

2022-09-23 20:00:51 - [TEST_STEP][PASSED] - switchToWindowIndex(0): Switched to window with index: '0'

2022-09-23 20:00:51 - [MESSAGE][PASSED] - Switched to window with index: '0'

2022-09-23 20:00:51 - [TEST_STEP][PASSED] - delay(3): Delayed 3 second(s)

2022-09-23 20:00:54 - [MESSAGE][PASSED] - Delayed 3 second(s)

2022-09-23 20:00:54 - [TEST_STEP][PASSED] - setText(findTestObject("Object Repository/06-Teams/For 2FA/input_Enter verification code_code"), code): Text '622333' is set on object 'Object Repository/06-Teams/For 2FA/input_Enter verification code_code'

2022-09-23 20:00:55 - [MESSAGE][PASSED] - Text '622333' is set on object 'Object Repository/06-Teams/For 2FA/input_Enter verification code_code'

2022-09-23 20:00:55 - [TEST_STEP][PASSED] - delay(3): Delayed 3 second(s)

2022-09-23 20:00:58 - [MESSAGE][PASSED] - Delayed 3 second(s)

2022-09-23 20:00:58 - [TEST_STEP][PASSED] - click(findTestObject("06-Teams/For 2FA/button_Verify_2FA")): Object: 'Object Repository/06-Teams/For 2FA/button_Verify_2FA' is clicked on

2022-09-23 20:00:58 - [MESSAGE][PASSED] - Object: 'Object Repository/06-Teams/For 2FA/button_Verify_2FA' is clicked on

2022-09-23 20:00:58 - [TEST_STEP][PASSED] - delay(5): Delayed 5 second(s)

2022-09-23 20:01:03 - [MESSAGE][PASSED] - Delayed 5 second(s)

2022-09-23 20:01:03 - [TEST_STEP][PASSED] - click(findTestObject("06-Teams/button_doublearrow")): Object: 'Object Repository/06-Teams/button_doublearrow' is clicked on

2022-09-23 20:01:05 - [MESSAGE][PASSED] - Object: 'Object Repository/06-Teams/button_doublearrow' is clicked on

2022-09-23 20:01:05 - [TEST_STEP][PASSED] - click(findTestObject("06-Teams/button_My Organizations")): Object: 'Object Repository/06-Teams/button_My Organizations' is clicked on

2022-09-23 20:01:05 - [MESSAGE][PASSED] - Object: 'Object Repository/06-Teams/button_My Organizations' is clicked on

2022-09-23 20:01:05 - [TEST_STEP][PASSED] - click(findTestObject("06-Teams/button_GG Automation")): Object: 'Object Repository/06-Teams/button_GG Automation' is clicked on

2022-09-23 20:01:06 - [MESSAGE][PASSED] - Object: 'Object Repository/06-Teams/button_GG Automation' is clicked on

2022-09-23 20:01:06 - [TEST_STEP][PASSED] - delay(4): Delayed 4 second(s)

2022-09-23 20:01:10 - [MESSAGE][PASSED] - Delayed 4 second(s)

2022-09-23 20:01:10 - [TEST_STEP][PASSED] - verifyElementVisible(findTestObject("06-Teams/span_GG Automation")): Object 'Object Repository/06-Teams/span_GG Automation' is visible

2022-09-23 20:01:11 - [MESSAGE][PASSED] - Object 'Object Repository/06-Teams/span_GG Automation' is visible

2022-09-23 20:01:11 - [TEST_STEP][PASSED] - delay(10): Delayed 10 second(s)

2022-09-23 20:01:21 - [MESSAGE][PASSED] - Delayed 10 second(s)

2022-09-23 20:01:21 - [TEST_STEP][PASSED] - click(findTestObject("03-Header Menu/Hamburger Button/div_Settings")): Object: 'Object Repository/03-Header Menu/Hamburger Button/div_Settings' is clicked on

2022-09-23 20:01:21 - [MESSAGE][PASSED] - Object: 'Object Repository/03-Header Menu/Hamburger Button/div_Settings' is clicked on

2022-09-23 20:01:21 - [TEST_STEP][PASSED] - delay(3): Delayed 3 second(s)

2022-09-23 20:01:24 - [MESSAGE][PASSED] - Delayed 3 second(s)

2022-09-23 20:01:24 - [TEST_STEP][PASSED] - click(findTestObject("09-Settings/Users/div_Users")): Object: 'Object Repository/09-Settings/Users/div_Users' is clicked on

2022-09-23 20:01:25 - [MESSAGE][PASSED] - Object: 'Object Repository/09-Settings/Users/div_Users' is clicked on

2022-09-23 20:01:25 - [TEST_STEP][PASSED] - delay(3): Delayed 3 second(s)

2022-09-23 20:01:28 - [MESSAGE][PASSED] - Delayed 3 second(s)

2022-09-23 20:01:28 - [TEST_STEP][PASSED] - click(findTestObject("09-Settings/Users/button_add")): Object: 'Object Repository/09-Settings/Users/button_add' is clicked on

2022-09-23 20:01:28 - [MESSAGE][PASSED] - Object: 'Object Repository/09-Settings/Users/button_add' is clicked on

2022-09-23 20:01:28 - [TEST_STEP][PASSED] - delay(3): Delayed 3 second(s)

2022-09-23 20:01:31 - [MESSAGE][PASSED] - Delayed 3 second(s)

2022-09-23 20:01:31 - [TEST_STEP][PASSED] - click(findTestObject("09-Settings/Users/add Invite a single user")): Object: 'Object Repository/09-Settings/Users/add Invite a single user' is clicked on

2022-09-23 20:01:32 - [MESSAGE][PASSED] - Object: 'Object Repository/09-Settings/Users/add Invite a single user' is clicked on

2022-09-23 20:01:32 - [TEST_STEP][PASSED] - delay(3): Delayed 3 second(s)

2022-09-23 20:01:35 - [MESSAGE][PASSED] - Delayed 3 second(s)

2022-09-23 20:01:35 - [TEST_STEP][PASSED] - setText(findTestObject("09-Settings/Users/input_email"), "autotester10@mailinator.com"): Text 'autotester10@mailinator.com' is set on object 'Object Repository/09-Settings/Users/input_email'

2022-09-23 20:01:36 - [MESSAGE][PASSED] - Text 'autotester10@mailinator.com' is set on object 'Object Repository/09-Settings/Users/input_email'

2022-09-23 20:01:36 - [TEST_STEP][PASSED] - setText(findTestObject("09-Settings/Users/input_firstName"), "GG"): Text 'GG' is set on object 'Object Repository/09-Settings/Users/input_firstName'

2022-09-23 20:01:36 - [MESSAGE][PASSED] - Text 'GG' is set on object 'Object Repository/09-Settings/Users/input_firstName'

2022-09-23 20:01:36 - [TEST_STEP][PASSED] - setText(findTestObject("09-Settings/Users/input_lastName"), "Partner"): Text 'Partner' is set on object 'Object Repository/09-Settings/Users/input_lastName'

2022-09-23 20:01:37 - [MESSAGE][PASSED] - Text 'Partner' is set on object 'Object Repository/09-Settings/Users/input_lastName'

2022-09-23 20:01:37 - [TEST_STEP][PASSED] - click(findTestObject("09-Settings/Users/span_Role")): Object: 'Object Repository/09-Settings/Users/span_Role' is clicked on

2022-09-23 20:01:38 - [MESSAGE][PASSED] - Object: 'Object Repository/09-Settings/Users/span_Role' is clicked on

2022-09-23 20:01:38 - [TEST_STEP][PASSED] - click(findTestObject("09-Settings/Users/span_Partner")): Object: 'Object Repository/09-Settings/Users/span_Partner' is clicked on

2022-09-23 20:01:38 - [MESSAGE][PASSED] - Object: 'Object Repository/09-Settings/Users/span_Partner' is clicked on

2022-09-23 20:01:38 - [TEST_STEP][PASSED] - click(findTestObject("09-Settings/Users/button_Send Invitation")): Object: 'Object Repository/09-Settings/Users/button_Send Invitation' is clicked on

2022-09-23 20:01:39 - [MESSAGE][PASSED] - Object: 'Object Repository/09-Settings/Users/button_Send Invitation' is clicked on

2022-09-23 20:01:39 - [TEST_STEP][PASSED] - delay(2): Delayed 2 second(s)

2022-09-23 20:01:41 - [MESSAGE][PASSED] - Delayed 2 second(s)

2022-09-23 20:01:41 - [TEST_STEP][PASSED] - verifyElementVisible(findTestObject("07-Directory/Connections/zContact Profile/Successfully invited user")): Object 'Object Repository/07-Directory/Connections/zContact Profile/Successfully invited user' is visible

2022-09-23 20:01:42 - [MESSAGE][PASSED] - Object 'Object Repository/07-Directory/Connections/zContact Profile/Successfully invited user' is visible

2022-09-23 20:01:42 - [TEST_STEP][PASSED] - delay(2): Delayed 2 second(s)

2022-09-23 20:01:44 - [MESSAGE][PASSED] - Delayed 2 second(s)

2022-09-23 20:01:44 - [TEST_STEP][PASSED] - click(findTestObject("01-Login and Forgot Password/User menu drop")): Object: 'Object Repository/01-Login and Forgot Password/User menu drop' is clicked on

2022-09-23 20:01:45 - [MESSAGE][PASSED] - Object: 'Object Repository/01-Login and Forgot Password/User menu drop' is clicked on

2022-09-23 20:01:45 - [TEST_STEP][PASSED] - delay(2): Delayed 2 second(s)

2022-09-23 20:01:47 - [MESSAGE][PASSED] - Delayed 2 second(s)

2022-09-23 20:01:47 - [TEST_STEP][PASSED] - click(findTestObject("01-Login and Forgot Password/h4_Sign Out"), STOP_ON_FAILURE): Object: 'Object Repository/01-Login and Forgot Password/h4_Sign Out' is clicked on

2022-09-23 20:01:48 - [MESSAGE][PASSED] - Object: 'Object Repository/01-Login and Forgot Password/h4_Sign Out' is clicked on

2022-09-23 20:01:48 - [TEST_STEP][PASSED] - delay(2): Delayed 2 second(s)

2022-09-23 20:01:50 - [MESSAGE][PASSED] - Delayed 2 second(s)

2022-09-23 20:01:50 - [TEST_STEP][PASSED] - verifyElementPresent(findTestObject("01-Login and Forgot Password/Login_Card"), 0): Object 'Object Repository/01-Login and Forgot Password/Login_Card' is present

2022-09-23 20:01:50 - [MESSAGE][WARNING] - Timeout '0' is invalid. Using default page load timeout: '30'

2022-09-23 20:01:50 - [MESSAGE][PASSED] - Object 'Object Repository/01-Login and Forgot Password/Login_Card' is present

2022-09-23 20:01:50 - [TEST_STEP][PASSED] - delay(3): Delayed 3 second(s)

2022-09-23 20:01:53 - [MESSAGE][PASSED] - Delayed 3 second(s)

2022-09-23 20:01:53 - [TEST_STEP][PASSED] - closeBrowser(): Browser is closed

2022-09-23 20:01:54 - [MESSAGE][PASSED] - Browser is closed

2022-09-23 20:01:54 - [TEST_STEP][PASSED] - openBrowser(""): Browser is opened with url: ''

2022-09-23 20:01:54 - [MESSAGE][INFO] - Starting 'Chrome' driver

2022-09-23 20:01:54 - [MESSAGE][INFO] - Action delay is set to 0 milliseconds

2022-09-23 20:01:55 - [MESSAGE][PASSED] - Browser is opened with url: ''

2022-09-23 20:01:55 - [TEST_STEP][PASSED] - navigateToUrl("https://lab.everleagues.com/"): Navigate to 'https://lab.everleagues.com/' successfully

2022-09-23 20:02:26 - [MESSAGE][PASSED] - Navigate to 'https://lab.everleagues.com/' successfully

2022-09-23 20:02:26 - [TEST_STEP][PASSED] - maximizeWindow(): Current window maximized

2022-09-23 20:02:26 - [MESSAGE][PASSED] - Current window maximized

2022-09-23 20:02:26 - [TEST_STEP][PASSED] - setText(findTestObject("02-Side Icons(Organization)/Add Contact/Email Field"), "autotester10@mailinator.com"): Text 'autotester10@mailinator.com' is set on object 'Object Repository/02-Side Icons(Organization)/Add Contact/Email Field'

2022-09-23 20:02:26 - [MESSAGE][PASSED] - Text 'autotester10@mailinator.com' is set on object 'Object Repository/02-Side Icons(Organization)/Add Contact/Email Field'

2022-09-23 20:02:26 - [TEST_STEP][PASSED] - setEncryptedText(findTestObject("02-Side Icons(Organization)/Add Contact/Password Field"), "8yFRyszE6U6jvsCn51OQbg=="): Text ****** has been set on object 'Object Repository/02-Side Icons(Organization)/Add Contact/Password Field'

2022-09-23 20:02:27 - [MESSAGE][PASSED] - Text ****** has been set on object 'Object Repository/02-Side Icons(Organization)/Add Contact/Password Field'

2022-09-23 20:02:27 - [TEST_STEP][PASSED] - click(findTestObject("02-Side Icons(Organization)/Add Contact/button_Sign in")): Object: 'Object Repository/02-Side Icons(Organization)/Add Contact/button_Sign in' is clicked on

2022-09-23 20:02:28 - [MESSAGE][PASSED] - Object: 'Object Repository/02-Side Icons(Organization)/Add Contact/button_Sign in' is clicked on

2022-09-23 20:02:28 - [TEST_STEP][PASSED] - delay(2): Delayed 2 second(s)

2022-09-23 20:02:30 - [MESSAGE][PASSED] - Delayed 2 second(s)

2022-09-23 20:02:30 - [TEST_STEP][PASSED] - click(findTestObject("06-Teams/For 2FA/button_Confirm_2FA")): Object: 'Object Repository/06-Teams/For 2FA/button_Confirm_2FA' is clicked on

2022-09-23 20:02:30 - [MESSAGE][PASSED] - Object: 'Object Repository/06-Teams/For 2FA/button_Confirm_2FA' is clicked on

2022-09-23 20:02:30 - [TEST_STEP][PASSED] - executeJavaScript("window.open();", []): Execute JavaScript 'window.open();' successfully

2022-09-23 20:02:30 - [MESSAGE][PASSED] - Execute JavaScript 'window.open();' successfully

2022-09-23 20:02:30 - [TEST_STEP][PASSED] - currentWindow = getWindowIndex(): Current window's index is: 0

2022-09-23 20:02:30 - [MESSAGE][PASSED] - Current window's index is: 0

2022-09-23 20:02:30 - [TEST_STEP][PASSED] - delay(3): Delayed 3 second(s)

2022-09-23 20:02:33 - [MESSAGE][PASSED] - Delayed 3 second(s)

2022-09-23 20:02:33 - [TEST_STEP][PASSED] - switchToWindowIndex(currentWindow + 1): Switched to window with index: '1'

2022-09-23 20:02:33 - [MESSAGE][PASSED] - Switched to window with index: '1'

2022-09-23 20:02:33 - [TEST_STEP][PASSED] - navigateToUrl("https://www.mailinator.com/"): Navigate to 'https://www.mailinator.com/' successfully

2022-09-23 20:02:36 - [MESSAGE][PASSED] - Navigate to 'https://www.mailinator.com/' successfully

2022-09-23 20:02:36 - [TEST_STEP][PASSED] - delay(3): Delayed 3 second(s)

2022-09-23 20:02:39 - [MESSAGE][PASSED] - Delayed 3 second(s)

2022-09-23 20:02:39 - [TEST_STEP][PASSED] - setText(findTestObject("00-Signup and Activation/zMailinator/input_LOGIN_search"), "autotester10@mailinator.com"): Text 'autotester10@mailinator.com' is set on object 'Object Repository/00-Signup and Activation/zMailinator/input_LOGIN_search'

2022-09-23 20:02:39 - [MESSAGE][PASSED] - Text 'autotester10@mailinator.com' is set on object 'Object Repository/00-Signup and Activation/zMailinator/input_LOGIN_search'

2022-09-23 20:02:39 - [TEST_STEP][PASSED] - click(findTestObject("00-Signup and Activation/zMailinator/gobutton"), STOP_ON_FAILURE): Object: 'Object Repository/00-Signup and Activation/zMailinator/gobutton' is clicked on

2022-09-23 20:02:42 - [MESSAGE][PASSED] - Object: 'Object Repository/00-Signup and Activation/zMailinator/gobutton' is clicked on

2022-09-23 20:02:42 - [TEST_STEP][PASSED] - delay(3): Delayed 3 second(s)

2022-09-23 20:02:45 - [MESSAGE][PASSED] - Delayed 3 second(s)

2022-09-23 20:02:45 - [TEST_STEP][PASSED] - click(findTestObject("00-Signup and Activation/zMailinator/Email - everleagues")): Object: 'Object Repository/00-Signup and Activation/zMailinator/Email - everleagues' is clicked on

2022-09-23 20:02:45 - [MESSAGE][PASSED] - Object: 'Object Repository/00-Signup and Activation/zMailinator/Email - everleagues' is clicked on

2022-09-23 20:02:45 - [TEST_STEP][PASSED] - delay(3): Delayed 3 second(s)

2022-09-23 20:02:48 - [MESSAGE][PASSED] - Delayed 3 second(s)

2022-09-23 20:02:48 - [TEST_STEP][PASSED] - codetwo = getText(findTestObject("Object Repository/06-Teams/For 2FA/2FA code")): Text of object 'Object Repository/06-Teams/For 2FA/2FA code' is: '137915'

2022-09-23 20:02:49 - [MESSAGE][PASSED] - Text of object 'Object Repository/06-Teams/For 2FA/2FA code' is: '137915'

2022-09-23 20:02:49 - [TEST_STEP][PASSED] - delay(3): Delayed 3 second(s)

2022-09-23 20:02:52 - [MESSAGE][PASSED] - Delayed 3 second(s)

2022-09-23 20:02:52 - [TEST_STEP][PASSED] - closeWindowTitle("Mailinator"): Window with title: 'Mailinator' is closed

2022-09-23 20:02:52 - [MESSAGE][PASSED] - Window with title: 'Mailinator' is closed

2022-09-23 20:02:52 - [TEST_STEP][PASSED] - delay(3): Delayed 3 second(s)

2022-09-23 20:02:55 - [MESSAGE][PASSED] - Delayed 3 second(s)

2022-09-23 20:02:55 - [TEST_STEP][PASSED] - switchToWindowIndex(0): Switched to window with index: '0'

2022-09-23 20:02:55 - [MESSAGE][PASSED] - Switched to window with index: '0'

2022-09-23 20:02:55 - [TEST_STEP][PASSED] - delay(3): Delayed 3 second(s)

2022-09-23 20:02:58 - [MESSAGE][PASSED] - Delayed 3 second(s)

2022-09-23 20:02:58 - [TEST_STEP][PASSED] - setText(findTestObject("Object Repository/06-Teams/For 2FA/input_Enter verification code_code"), codetwo): Text '137915' is set on object 'Object Repository/06-Teams/For 2FA/input_Enter verification code_code'

2022-09-23 20:02:59 - [MESSAGE][PASSED] - Text '137915' is set on object 'Object Repository/06-Teams/For 2FA/input_Enter verification code_code'

2022-09-23 20:02:59 - [TEST_STEP][PASSED] - delay(3): Delayed 3 second(s)

2022-09-23 20:03:02 - [MESSAGE][PASSED] - Delayed 3 second(s)

2022-09-23 20:03:02 - [TEST_STEP][PASSED] - click(findTestObject("06-Teams/For 2FA/button_Verify_2FA")): Object: 'Object Repository/06-Teams/For 2FA/button_Verify_2FA' is clicked on

2022-09-23 20:03:02 - [MESSAGE][PASSED] - Object: 'Object Repository/06-Teams/For 2FA/button_Verify_2FA' is clicked on

2022-09-23 20:03:02 - [TEST_STEP][PASSED] - delay(5): Delayed 5 second(s)

2022-09-23 20:03:07 - [MESSAGE][PASSED] - Delayed 5 second(s)

2022-09-23 20:03:07 - [TEST_STEP][PASSED] - executeJavaScript("window.open();", []): Execute JavaScript 'window.open();' successfully

2022-09-23 20:03:07 - [MESSAGE][PASSED] - Execute JavaScript 'window.open();' successfully

2022-09-23 20:03:07 - [TEST_STEP][PASSED] - currentWindow = getWindowIndex(): Current window's index is: 0

2022-09-23 20:03:07 - [MESSAGE][PASSED] - Current window's index is: 0

2022-09-23 20:03:07 - [TEST_STEP][PASSED] - delay(3): Delayed 3 second(s)

2022-09-23 20:03:10 - [MESSAGE][PASSED] - Delayed 3 second(s)

2022-09-23 20:03:10 - [TEST_STEP][PASSED] - switchToWindowIndex(currentWindow + 1): Switched to window with index: '1'

2022-09-23 20:03:10 - [MESSAGE][PASSED] - Switched to window with index: '1'

2022-09-23 20:03:10 - [TEST_STEP][PASSED] - navigateToUrl("https://www.mailinator.com/"): Navigate to 'https://www.mailinator.com/' successfully

2022-09-23 20:03:11 - [MESSAGE][PASSED] - Navigate to 'https://www.mailinator.com/' successfully

2022-09-23 20:03:11 - [TEST_STEP][PASSED] - delay(3): Delayed 3 second(s)

2022-09-23 20:03:14 - [MESSAGE][PASSED] - Delayed 3 second(s)

2022-09-23 20:03:14 - [TEST_STEP][PASSED] - setText(findTestObject("00-Signup and Activation/zMailinator/input_LOGIN_search"), "autotester10@mailinator.com"): Text 'autotester10@mailinator.com' is set on object 'Object Repository/00-Signup and Activation/zMailinator/input_LOGIN_search'

2022-09-23 20:03:15 - [MESSAGE][PASSED] - Text 'autotester10@mailinator.com' is set on object 'Object Repository/00-Signup and Activation/zMailinator/input_LOGIN_search'

2022-09-23 20:03:15 - [TEST_STEP][PASSED] - click(findTestObject("00-Signup and Activation/zMailinator/gobutton"), STOP_ON_FAILURE): Object: 'Object Repository/00-Signup and Activation/zMailinator/gobutton' is clicked on

2022-09-23 20:03:16 - [MESSAGE][PASSED] - Object: 'Object Repository/00-Signup and Activation/zMailinator/gobutton' is clicked on

2022-09-23 20:03:16 - [TEST_STEP][PASSED] - delay(3): Delayed 3 second(s)

2022-09-23 20:03:19 - [MESSAGE][PASSED] - Delayed 3 second(s)

2022-09-23 20:03:19 - [TEST_STEP][PASSED] - closeWindowTitle("Everleagues"): Window with title: 'Everleagues' is closed

2022-09-23 20:03:19 - [MESSAGE][PASSED] - Window with title: 'Everleagues' is closed

2022-09-23 20:03:19 - [TEST_STEP][PASSED] - switchToWindowIndex(0): Switched to window with index: '0'

2022-09-23 20:03:19 - [MESSAGE][PASSED] - Switched to window with index: '0'

2022-09-23 20:03:19 - [TEST_STEP][PASSED] - click(findTestObject("09-Settings/Users/Co worker/td_Invitation from GG Automation")): Object: 'Object Repository/09-Settings/Users/Co worker/td_Invitation from GG Automation' is clicked on

2022-09-23 20:03:20 - [MESSAGE][PASSED] - Object: 'Object Repository/09-Settings/Users/Co worker/td_Invitation from GG Automation' is clicked on

2022-09-23 20:03:20 - [TEST_STEP][PASSED] - click(findTestObject("09-Settings/Users/Co worker/a_Click here to join GG Automation on EverLeagues")): Object: 'Object Repository/09-Settings/Users/Co worker/a_Click here to join GG Automation on EverLeagues' is clicked on

2022-09-23 20:03:20 - [MESSAGE][PASSED] - Object: 'Object Repository/09-Settings/Users/Co worker/a_Click here to join GG Automation on EverLeagues' is clicked on

2022-09-23 20:03:20 - [TEST_STEP][PASSED] - closeWindowTitle("Mailinator"): Window with title: 'Mailinator' is closed

2022-09-23 20:03:21 - [MESSAGE][PASSED] - Window with title: 'Mailinator' is closed

2022-09-23 20:03:21 - [TEST_STEP][PASSED] - switchToWindowIndex(0): Switched to window with index: '0'

2022-09-23 20:03:21 - [MESSAGE][PASSED] - Switched to window with index: '0'

2022-09-23 20:03:21 - [TEST_STEP][PASSED] - verifyElementVisible(findTestObject("09-Settings/Users/Client/Invite modal")): Object 'Object Repository/09-Settings/Users/Client/Invite modal' is visible

2022-09-23 20:03:27 - [MESSAGE][PASSED] - Object 'Object Repository/09-Settings/Users/Client/Invite modal' is visible

2022-09-23 20:03:27 - [TEST_STEP][PASSED] - setText(findTestObject("09-Settings/Users/Client/Company field"), "QA Company"): Text 'QA Company' is set on object 'Object Repository/09-Settings/Users/Client/Company field'

2022-09-23 20:03:27 - [MESSAGE][PASSED] - Text 'QA Company' is set on object 'Object Repository/09-Settings/Users/Client/Company field'

2022-09-23 20:03:27 - [TEST_STEP][PASSED] - click(findTestObject("09-Settings/Users/Client/button_Accept")): Object: 'Object Repository/09-Settings/Users/Client/button_Accept' is clicked on

2022-09-23 20:03:28 - [MESSAGE][PASSED] - Object: 'Object Repository/09-Settings/Users/Client/button_Accept' is clicked on

2022-09-23 20:03:28 - [TEST_STEP][PASSED] - delay(10): Delayed 10 second(s)

2022-09-23 20:03:38 - [MESSAGE][PASSED] - Delayed 10 second(s)

2022-09-23 20:03:38 - [TEST_STEP][PASSED] - verifyElementVisible(findTestObject("09-Settings/Users/div_Joined as Partner")): Object 'Object Repository/09-Settings/Users/div_Joined as Partner' is visible

2022-09-23 20:03:38 - [MESSAGE][PASSED] - Object 'Object Repository/09-Settings/Users/div_Joined as Partner' is visible

2022-09-23 20:03:38 - [TEST_STEP][PASSED] - delay(3): Delayed 3 second(s)

2022-09-23 20:03:41 - [MESSAGE][PASSED] - Delayed 3 second(s)

2022-09-23 20:03:41 - [TEST_STEP][PASSED] - closeBrowser(): Browser is closed

2022-09-23 20:03:42 - [MESSAGE][PASSED] - Browser is closed]]></system-out>
         <system-err><![CDATA[]]></system-err>
      </testcase>
      <testcase name="Test Cases/09-Settings/05 - Users (Invite batch of users via CSV file)" time="109.923" classname="Test Cases/09-Settings/05 - Users (Invite batch of users via CSV file)" status="PASSED">
         <system-out><![CDATA[2022-09-23 20:03:42 - [TEST_CASE][PASSED] - Test Cases/09-Settings/05 - Users (Invite batch of users via CSV file): Test Cases/09-Settings/05 - Users (Invite batch of users via CSV file)

2022-09-23 20:03:42 - [TEST_STEP][PASSED] - openBrowser(""): Browser is opened with url: ''

2022-09-23 20:03:42 - [MESSAGE][INFO] - Starting 'Chrome' driver

2022-09-23 20:03:42 - [MESSAGE][INFO] - Action delay is set to 0 milliseconds

2022-09-23 20:03:43 - [MESSAGE][PASSED] - Browser is opened with url: ''

2022-09-23 20:03:43 - [TEST_STEP][PASSED] - navigateToUrl("https://lab.everleagues.com/"): Navigate to 'https://lab.everleagues.com/' successfully

2022-09-23 20:03:53 - [MESSAGE][PASSED] - Navigate to 'https://lab.everleagues.com/' successfully

2022-09-23 20:03:53 - [TEST_STEP][PASSED] - maximizeWindow(): Current window maximized

2022-09-23 20:03:53 - [MESSAGE][PASSED] - Current window maximized

2022-09-23 20:03:53 - [TEST_STEP][PASSED] - setText(findTestObject("02-Side Icons(Organization)/Add Contact/Email Field"), "testuser02@mailinator.com"): Text 'testuser02@mailinator.com' is set on object 'Object Repository/02-Side Icons(Organization)/Add Contact/Email Field'

2022-09-23 20:03:54 - [MESSAGE][PASSED] - Text 'testuser02@mailinator.com' is set on object 'Object Repository/02-Side Icons(Organization)/Add Contact/Email Field'

2022-09-23 20:03:54 - [TEST_STEP][PASSED] - setEncryptedText(findTestObject("02-Side Icons(Organization)/Add Contact/Password Field"), "8yFRyszE6U6jvsCn51OQbg=="): Text ****** has been set on object 'Object Repository/02-Side Icons(Organization)/Add Contact/Password Field'

2022-09-23 20:03:54 - [MESSAGE][PASSED] - Text ****** has been set on object 'Object Repository/02-Side Icons(Organization)/Add Contact/Password Field'

2022-09-23 20:03:54 - [TEST_STEP][PASSED] - click(findTestObject("02-Side Icons(Organization)/Add Contact/button_Sign in")): Object: 'Object Repository/02-Side Icons(Organization)/Add Contact/button_Sign in' is clicked on

2022-09-23 20:03:55 - [MESSAGE][PASSED] - Object: 'Object Repository/02-Side Icons(Organization)/Add Contact/button_Sign in' is clicked on

2022-09-23 20:03:55 - [TEST_STEP][PASSED] - delay(2): Delayed 2 second(s)

2022-09-23 20:03:57 - [MESSAGE][PASSED] - Delayed 2 second(s)

2022-09-23 20:03:57 - [TEST_STEP][PASSED] - click(findTestObject("06-Teams/For 2FA/button_Confirm_2FA")): Object: 'Object Repository/06-Teams/For 2FA/button_Confirm_2FA' is clicked on

2022-09-23 20:03:57 - [MESSAGE][PASSED] - Object: 'Object Repository/06-Teams/For 2FA/button_Confirm_2FA' is clicked on

2022-09-23 20:03:57 - [TEST_STEP][PASSED] - executeJavaScript("window.open();", []): Execute JavaScript 'window.open();' successfully

2022-09-23 20:03:57 - [MESSAGE][PASSED] - Execute JavaScript 'window.open();' successfully

2022-09-23 20:03:57 - [TEST_STEP][PASSED] - currentWindow = getWindowIndex(): Current window's index is: 0

2022-09-23 20:03:57 - [MESSAGE][PASSED] - Current window's index is: 0

2022-09-23 20:03:57 - [TEST_STEP][PASSED] - delay(3): Delayed 3 second(s)

2022-09-23 20:04:00 - [MESSAGE][PASSED] - Delayed 3 second(s)

2022-09-23 20:04:00 - [TEST_STEP][PASSED] - switchToWindowIndex(currentWindow + 1): Switched to window with index: '1'

2022-09-23 20:04:01 - [MESSAGE][PASSED] - Switched to window with index: '1'

2022-09-23 20:04:01 - [TEST_STEP][PASSED] - navigateToUrl("https://www.mailinator.com/"): Navigate to 'https://www.mailinator.com/' successfully

2022-09-23 20:04:03 - [MESSAGE][PASSED] - Navigate to 'https://www.mailinator.com/' successfully

2022-09-23 20:04:03 - [TEST_STEP][PASSED] - delay(3): Delayed 3 second(s)

2022-09-23 20:04:06 - [MESSAGE][PASSED] - Delayed 3 second(s)

2022-09-23 20:04:06 - [TEST_STEP][PASSED] - setText(findTestObject("00-Signup and Activation/zMailinator/input_LOGIN_search"), "testuser02@mailinator.com"): Text 'testuser02@mailinator.com' is set on object 'Object Repository/00-Signup and Activation/zMailinator/input_LOGIN_search'

2022-09-23 20:04:06 - [MESSAGE][PASSED] - Text 'testuser02@mailinator.com' is set on object 'Object Repository/00-Signup and Activation/zMailinator/input_LOGIN_search'

2022-09-23 20:04:06 - [TEST_STEP][PASSED] - click(findTestObject("00-Signup and Activation/zMailinator/gobutton"), STOP_ON_FAILURE): Object: 'Object Repository/00-Signup and Activation/zMailinator/gobutton' is clicked on

2022-09-23 20:04:08 - [MESSAGE][PASSED] - Object: 'Object Repository/00-Signup and Activation/zMailinator/gobutton' is clicked on

2022-09-23 20:04:08 - [TEST_STEP][PASSED] - delay(3): Delayed 3 second(s)

2022-09-23 20:04:11 - [MESSAGE][PASSED] - Delayed 3 second(s)

2022-09-23 20:04:11 - [TEST_STEP][PASSED] - click(findTestObject("00-Signup and Activation/zMailinator/Email - everleagues")): Object: 'Object Repository/00-Signup and Activation/zMailinator/Email - everleagues' is clicked on

2022-09-23 20:04:11 - [MESSAGE][PASSED] - Object: 'Object Repository/00-Signup and Activation/zMailinator/Email - everleagues' is clicked on

2022-09-23 20:04:11 - [TEST_STEP][PASSED] - delay(3): Delayed 3 second(s)

2022-09-23 20:04:14 - [MESSAGE][PASSED] - Delayed 3 second(s)

2022-09-23 20:04:14 - [TEST_STEP][PASSED] - code = getText(findTestObject("Object Repository/06-Teams/For 2FA/2FA code")): Text of object 'Object Repository/06-Teams/For 2FA/2FA code' is: '676122'

2022-09-23 20:04:15 - [MESSAGE][PASSED] - Text of object 'Object Repository/06-Teams/For 2FA/2FA code' is: '676122'

2022-09-23 20:04:15 - [TEST_STEP][PASSED] - delay(3): Delayed 3 second(s)

2022-09-23 20:04:18 - [MESSAGE][PASSED] - Delayed 3 second(s)

2022-09-23 20:04:18 - [TEST_STEP][PASSED] - closeWindowTitle("Mailinator"): Window with title: 'Mailinator' is closed

2022-09-23 20:04:18 - [MESSAGE][PASSED] - Window with title: 'Mailinator' is closed

2022-09-23 20:04:18 - [TEST_STEP][PASSED] - delay(3): Delayed 3 second(s)

2022-09-23 20:04:21 - [MESSAGE][PASSED] - Delayed 3 second(s)

2022-09-23 20:04:21 - [TEST_STEP][PASSED] - switchToWindowIndex(0): Switched to window with index: '0'

2022-09-23 20:04:21 - [MESSAGE][PASSED] - Switched to window with index: '0'

2022-09-23 20:04:21 - [TEST_STEP][PASSED] - delay(3): Delayed 3 second(s)

2022-09-23 20:04:24 - [MESSAGE][PASSED] - Delayed 3 second(s)

2022-09-23 20:04:24 - [TEST_STEP][PASSED] - setText(findTestObject("Object Repository/06-Teams/For 2FA/input_Enter verification code_code"), code): Text '676122' is set on object 'Object Repository/06-Teams/For 2FA/input_Enter verification code_code'

2022-09-23 20:04:25 - [MESSAGE][PASSED] - Text '676122' is set on object 'Object Repository/06-Teams/For 2FA/input_Enter verification code_code'

2022-09-23 20:04:25 - [TEST_STEP][PASSED] - delay(3): Delayed 3 second(s)

2022-09-23 20:04:28 - [MESSAGE][PASSED] - Delayed 3 second(s)

2022-09-23 20:04:28 - [TEST_STEP][PASSED] - click(findTestObject("06-Teams/For 2FA/button_Verify_2FA")): Object: 'Object Repository/06-Teams/For 2FA/button_Verify_2FA' is clicked on

2022-09-23 20:04:28 - [MESSAGE][PASSED] - Object: 'Object Repository/06-Teams/For 2FA/button_Verify_2FA' is clicked on

2022-09-23 20:04:28 - [TEST_STEP][PASSED] - delay(5): Delayed 5 second(s)

2022-09-23 20:04:33 - [MESSAGE][PASSED] - Delayed 5 second(s)

2022-09-23 20:04:33 - [TEST_STEP][PASSED] - click(findTestObject("06-Teams/button_doublearrow")): Object: 'Object Repository/06-Teams/button_doublearrow' is clicked on

2022-09-23 20:04:34 - [MESSAGE][PASSED] - Object: 'Object Repository/06-Teams/button_doublearrow' is clicked on

2022-09-23 20:04:34 - [TEST_STEP][PASSED] - click(findTestObject("06-Teams/button_My Organizations")): Object: 'Object Repository/06-Teams/button_My Organizations' is clicked on

2022-09-23 20:04:35 - [MESSAGE][PASSED] - Object: 'Object Repository/06-Teams/button_My Organizations' is clicked on

2022-09-23 20:04:35 - [TEST_STEP][PASSED] - click(findTestObject("06-Teams/button_GG Automation")): Object: 'Object Repository/06-Teams/button_GG Automation' is clicked on

2022-09-23 20:04:36 - [MESSAGE][PASSED] - Object: 'Object Repository/06-Teams/button_GG Automation' is clicked on

2022-09-23 20:04:36 - [TEST_STEP][PASSED] - delay(4): Delayed 4 second(s)

2022-09-23 20:04:40 - [MESSAGE][PASSED] - Delayed 4 second(s)

2022-09-23 20:04:40 - [TEST_STEP][PASSED] - verifyElementVisible(findTestObject("06-Teams/span_GG Automation")): Object 'Object Repository/06-Teams/span_GG Automation' is visible

2022-09-23 20:04:41 - [MESSAGE][PASSED] - Object 'Object Repository/06-Teams/span_GG Automation' is visible

2022-09-23 20:04:41 - [TEST_STEP][PASSED] - delay(10): Delayed 10 second(s)

2022-09-23 20:04:51 - [MESSAGE][PASSED] - Delayed 10 second(s)

2022-09-23 20:04:51 - [TEST_STEP][PASSED] - click(findTestObject("03-Header Menu/Hamburger Button/div_Settings")): Object: 'Object Repository/03-Header Menu/Hamburger Button/div_Settings' is clicked on

2022-09-23 20:04:51 - [MESSAGE][PASSED] - Object: 'Object Repository/03-Header Menu/Hamburger Button/div_Settings' is clicked on

2022-09-23 20:04:51 - [TEST_STEP][PASSED] - delay(3): Delayed 3 second(s)

2022-09-23 20:04:54 - [MESSAGE][PASSED] - Delayed 3 second(s)

2022-09-23 20:04:54 - [TEST_STEP][PASSED] - click(findTestObject("09-Settings/Users/div_Users")): Object: 'Object Repository/09-Settings/Users/div_Users' is clicked on

2022-09-23 20:04:55 - [MESSAGE][PASSED] - Object: 'Object Repository/09-Settings/Users/div_Users' is clicked on

2022-09-23 20:04:55 - [TEST_STEP][PASSED] - delay(3): Delayed 3 second(s)

2022-09-23 20:04:58 - [MESSAGE][PASSED] - Delayed 3 second(s)

2022-09-23 20:04:58 - [TEST_STEP][PASSED] - click(findTestObject("09-Settings/Users/button_add")): Object: 'Object Repository/09-Settings/Users/button_add' is clicked on

2022-09-23 20:04:58 - [MESSAGE][PASSED] - Object: 'Object Repository/09-Settings/Users/button_add' is clicked on

2022-09-23 20:04:58 - [TEST_STEP][PASSED] - delay(3): Delayed 3 second(s)

2022-09-23 20:05:01 - [MESSAGE][PASSED] - Delayed 3 second(s)

2022-09-23 20:05:01 - [TEST_STEP][PASSED] - click(findTestObject("09-Settings/Users/Invite batch of users via CSV file")): Object: 'Object Repository/09-Settings/Users/Invite batch of users via CSV file' is clicked on

2022-09-23 20:05:01 - [MESSAGE][PASSED] - Object: 'Object Repository/09-Settings/Users/Invite batch of users via CSV file' is clicked on

2022-09-23 20:05:01 - [TEST_STEP][PASSED] - verifyElementVisible(findTestObject("09-Settings/Users/CSV Invite/Import CSV File modal")): Object 'Object Repository/09-Settings/Users/CSV Invite/Import CSV File modal' is visible

2022-09-23 20:05:02 - [MESSAGE][PASSED] - Object 'Object Repository/09-Settings/Users/CSV Invite/Import CSV File modal' is visible

2022-09-23 20:05:02 - [TEST_STEP][PASSED] - verifyElementNotClickable(findTestObject("09-Settings/Users/CSV Invite/button_Import")): Object 'Object Repository/09-Settings/Users/CSV Invite/button_Import' is NOT clickable

2022-09-23 20:05:03 - [MESSAGE][PASSED] - Object 'Object Repository/09-Settings/Users/CSV Invite/button_Import' is NOT clickable

2022-09-23 20:05:03 - [TEST_STEP][PASSED] - delay(3): Delayed 3 second(s)

2022-09-23 20:05:06 - [MESSAGE][PASSED] - Delayed 3 second(s)

2022-09-23 20:05:06 - [TEST_STEP][PASSED] - uploadpackage.Upload.uploadFile(findTestObject("Object Repository/09-Settings/Users/CSV Invite/button_Choose File"), "C:\Users\User\Desktop\EL automation\sample csv.csv"): uploadpackage.Upload.uploadFile is PASSED

2022-09-23 20:05:06 - [MESSAGE][PASSED] - Object: 'Object Repository/09-Settings/Users/CSV Invite/button_Choose File' is clicked on

2022-09-23 20:05:06 - [MESSAGE][PASSED] - uploadpackage.Upload.uploadFile is PASSED

2022-09-23 20:05:06 - [TEST_STEP][PASSED] - delay(3): Delayed 3 second(s)

2022-09-23 20:05:09 - [MESSAGE][PASSED] - Delayed 3 second(s)

2022-09-23 20:05:09 - [TEST_STEP][PASSED] - verifyElementVisible(findTestObject("09-Settings/Users/CSV Invite/div_Sample csv.csv")): Object 'Object Repository/09-Settings/Users/CSV Invite/div_Sample csv.csv' is visible

2022-09-23 20:05:10 - [MESSAGE][PASSED] - Object 'Object Repository/09-Settings/Users/CSV Invite/div_Sample csv.csv' is visible

2022-09-23 20:05:10 - [TEST_STEP][PASSED] - click(findTestObject("09-Settings/Users/CSV Invite/button_Import")): Object: 'Object Repository/09-Settings/Users/CSV Invite/button_Import' is clicked on

2022-09-23 20:05:10 - [MESSAGE][PASSED] - Object: 'Object Repository/09-Settings/Users/CSV Invite/button_Import' is clicked on

2022-09-23 20:05:10 - [TEST_STEP][PASSED] - delay(10): Delayed 10 second(s)

2022-09-23 20:05:20 - [MESSAGE][PASSED] - Delayed 10 second(s)

2022-09-23 20:05:20 - [TEST_STEP][PASSED] - verifyElementVisible(findTestObject("09-Settings/Users/CSV Invite/Success import modal")): Object 'Object Repository/09-Settings/Users/CSV Invite/Success import modal' is visible

2022-09-23 20:05:21 - [MESSAGE][PASSED] - Object 'Object Repository/09-Settings/Users/CSV Invite/Success import modal' is visible

2022-09-23 20:05:21 - [TEST_STEP][PASSED] - click(findTestObject("09-Settings/Users/CSV Invite/button_Close")): Object: 'Object Repository/09-Settings/Users/CSV Invite/button_Close' is clicked on

2022-09-23 20:05:21 - [MESSAGE][PASSED] - Object: 'Object Repository/09-Settings/Users/CSV Invite/button_Close' is clicked on

2022-09-23 20:05:21 - [TEST_STEP][PASSED] - click(findTestObject("09-Settings/Users/CSV Invite/Invited Users tab")): Object: 'Object Repository/09-Settings/Users/CSV Invite/Invited Users tab' is clicked on

2022-09-23 20:05:22 - [MESSAGE][PASSED] - Object: 'Object Repository/09-Settings/Users/CSV Invite/Invited Users tab' is clicked on

2022-09-23 20:05:22 - [TEST_STEP][PASSED] - delay(3): Delayed 3 second(s)

2022-09-23 20:05:25 - [MESSAGE][PASSED] - Delayed 3 second(s)

2022-09-23 20:05:25 - [TEST_STEP][PASSED] - verifyElementVisible(findTestObject("09-Settings/Users/CSV Invite/div_CTCSV test3")): Object 'Object Repository/09-Settings/Users/CSV Invite/div_CTCSV test3' is visible

2022-09-23 20:05:25 - [MESSAGE][PASSED] - Object 'Object Repository/09-Settings/Users/CSV Invite/div_CTCSV test3' is visible

2022-09-23 20:05:25 - [TEST_STEP][PASSED] - verifyElementVisible(findTestObject("09-Settings/Users/CSV Invite/div_autotester08mailinator.com")): Object 'Object Repository/09-Settings/Users/CSV Invite/div_autotester08mailinator.com' is visible

2022-09-23 20:05:26 - [MESSAGE][PASSED] - Object 'Object Repository/09-Settings/Users/CSV Invite/div_autotester08mailinator.com' is visible

2022-09-23 20:05:26 - [TEST_STEP][PASSED] - verifyElementVisible(findTestObject("09-Settings/Users/CSV Invite/div_Partner")): Object 'Object Repository/09-Settings/Users/CSV Invite/div_Partner' is visible

2022-09-23 20:05:26 - [MESSAGE][PASSED] - Object 'Object Repository/09-Settings/Users/CSV Invite/div_Partner' is visible

2022-09-23 20:05:26 - [TEST_STEP][PASSED] - verifyElementVisible(findTestObject("09-Settings/Users/CSV Invite/div_CTCSV test2")): Object 'Object Repository/09-Settings/Users/CSV Invite/div_CTCSV test2' is visible

2022-09-23 20:05:26 - [MESSAGE][PASSED] - Object 'Object Repository/09-Settings/Users/CSV Invite/div_CTCSV test2' is visible

2022-09-23 20:05:26 - [TEST_STEP][PASSED] - verifyElementVisible(findTestObject("09-Settings/Users/CSV Invite/div_autotester07mailinator.com")): Object 'Object Repository/09-Settings/Users/CSV Invite/div_autotester07mailinator.com' is visible

2022-09-23 20:05:27 - [MESSAGE][PASSED] - Object 'Object Repository/09-Settings/Users/CSV Invite/div_autotester07mailinator.com' is visible

2022-09-23 20:05:27 - [TEST_STEP][PASSED] - verifyElementVisible(findTestObject("09-Settings/Users/CSV Invite/div_Client")): Object 'Object Repository/09-Settings/Users/CSV Invite/div_Client' is visible

2022-09-23 20:05:27 - [MESSAGE][PASSED] - Object 'Object Repository/09-Settings/Users/CSV Invite/div_Client' is visible

2022-09-23 20:05:27 - [TEST_STEP][PASSED] - verifyElementVisible(findTestObject("09-Settings/Users/CSV Invite/div_CTCSV test1")): Object 'Object Repository/09-Settings/Users/CSV Invite/div_CTCSV test1' is visible

2022-09-23 20:05:27 - [MESSAGE][PASSED] - Object 'Object Repository/09-Settings/Users/CSV Invite/div_CTCSV test1' is visible

2022-09-23 20:05:27 - [TEST_STEP][PASSED] - verifyElementVisible(findTestObject("09-Settings/Users/CSV Invite/div_autotester06mailinator.com")): Object 'Object Repository/09-Settings/Users/CSV Invite/div_autotester06mailinator.com' is visible

2022-09-23 20:05:28 - [MESSAGE][PASSED] - Object 'Object Repository/09-Settings/Users/CSV Invite/div_autotester06mailinator.com' is visible

2022-09-23 20:05:28 - [TEST_STEP][PASSED] - verifyElementVisible(findTestObject("09-Settings/Users/CSV Invite/div_Coworker")): Object 'Object Repository/09-Settings/Users/CSV Invite/div_Coworker' is visible

2022-09-23 20:05:28 - [MESSAGE][PASSED] - Object 'Object Repository/09-Settings/Users/CSV Invite/div_Coworker' is visible

2022-09-23 20:05:28 - [TEST_STEP][PASSED] - delay(3): Delayed 3 second(s)

2022-09-23 20:05:31 - [MESSAGE][PASSED] - Delayed 3 second(s)

2022-09-23 20:05:31 - [TEST_STEP][PASSED] - closeBrowser(): Browser is closed

2022-09-23 20:05:32 - [MESSAGE][PASSED] - Browser is closed]]></system-out>
         <system-err><![CDATA[]]></system-err>
      </testcase>
      <system-out><![CDATA[2022-09-23 19:45:31 - [TEST_SUITE][PASSED] - 09-Settings: Test Cases/09-Settings/05 - Users (Invite batch of users via CSV file)]]></system-out>
      <system-err><![CDATA[]]></system-err>
   </testsuite>
</testsuites>
