<?xml version="1.0" encoding="UTF-8"?>
<testsuites name="00-Signup and Account Activation" time="144.081" tests="4" failures="0" errors="0">
   <testsuite name="00-Signup and Account Activation" tests="4" failures="0" errors="0" time="144.081" skipped="0" timestamp="2023-05-05 10:01:46" hostname="Mike - LAPTOP-LF5VTH4H" id="Test Suites/TS-Organization/00-Signup and Account Activation">
      <properties>
         <property name="deviceName" value=""/>
         <property name="devicePlatform" value=""/>
         <property name="logFolder" value="D:\\Users\\Michelle\\Project\\Everleagues\\Reports\\20230505_100131\\TS-Organization\\00-Signup and Account Activation\\20230505_100132"/>
         <property name="logFiles" value="D:\\Users\\Michelle\\Project\\Everleagues\\Reports\\20230505_100131\\TS-Organization\\00-Signup and Account Activation\\20230505_100132\\execution0.log"/>
         <property name="attachments" value=""/>
         <property name="hostName" value="Mike - LAPTOP-LF5VTH4H"/>
         <property name="os" value="Windows 10 64bit"/>
         <property name="katalonVersion" value="8.6.0.208"/>
         <property name="browser" value="Chrome 113.0.0.0"/>
         <property name="hostAddress" value="192.168.100.69"/>
         <property name="sessionId" value="90975cdd930a9164456afdd616cabeb1"/>
         <property name="seleniumVersion" value="3.141.59"/>
         <property name="proxyInformation" value="ProxyInformation { proxyOption=NO_PROXY, proxyServerType=HTTP, username=, password=********, proxyServerAddress=, proxyServerPort=0, executionList=&quot;&quot;, isApplyToDesiredCapabilities=true }"/>
         <property name="platform" value="Windows 10"/>
      </properties>
      <testcase name="Test Cases/00-SignUp and Account Activation/01-Signup(Credentials Blank)" time="41.934" classname="Test Cases/00-SignUp and Account Activation/01-Signup(Credentials Blank)" status="PASSED">
         <system-out><![CDATA[2023-05-05 10:01:47 - [TEST_CASE][PASSED] - Test Cases/00-SignUp and Account Activation/01-Signup(Credentials Blank): Test Cases/00-SignUp and Account Activation/01-Signup(Credentials Blank)

2023-05-05 10:01:47 - [TEST_STEP][PASSED] - openBrowser(""): Browser is opened with url: ''

2023-05-05 10:01:47 - [MESSAGE][INFO] - Starting 'Chrome' driver

2023-05-05 10:01:48 - [MESSAGE][INFO] - Action delay is set to 0 milliseconds

2023-05-05 10:01:55 - [MESSAGE][PASSED] - Browser is opened with url: ''

2023-05-05 10:01:55 - [TEST_STEP][PASSED] - navigateToUrl("https://lab.everleagues.com/"): Navigate to 'https://lab.everleagues.com/' successfully

2023-05-05 10:02:18 - [MESSAGE][PASSED] - Navigate to 'https://lab.everleagues.com/' successfully

2023-05-05 10:02:18 - [TEST_STEP][PASSED] - maximizeWindow(): Current window maximized

2023-05-05 10:02:18 - [MESSAGE][PASSED] - Current window maximized

2023-05-05 10:02:18 - [TEST_STEP][PASSED] - click(findTestObject("00-Signup and Activation/span_Sign up")): Object: 'Object Repository/00-Signup and Activation/span_Sign up' is clicked on

2023-05-05 10:02:19 - [MESSAGE][PASSED] - Object: 'Object Repository/00-Signup and Activation/span_Sign up' is clicked on

2023-05-05 10:02:19 - [TEST_STEP][PASSED] - delay(3): Delayed 3 second(s)

2023-05-05 10:02:22 - [MESSAGE][PASSED] - Delayed 3 second(s)

2023-05-05 10:02:22 - [TEST_STEP][PASSED] - verifyElementVisible(findTestObject("00-Signup and Activation/div_Already have an account Log In")): Object 'Object Repository/00-Signup and Activation/div_Already have an account Log In' is visible

2023-05-05 10:02:22 - [MESSAGE][PASSED] - Object 'Object Repository/00-Signup and Activation/div_Already have an account Log In' is visible

2023-05-05 10:02:22 - [TEST_STEP][PASSED] - delay(3): Delayed 3 second(s)

2023-05-05 10:02:25 - [MESSAGE][PASSED] - Delayed 3 second(s)

2023-05-05 10:02:25 - [TEST_STEP][PASSED] - verifyElementNotClickable(findTestObject("00-Signup and Activation/button_Sign up")): Object 'Object Repository/00-Signup and Activation/button_Sign up' is NOT clickable

2023-05-05 10:02:26 - [MESSAGE][PASSED] - Object 'Object Repository/00-Signup and Activation/button_Sign up' is NOT clickable

2023-05-05 10:02:26 - [TEST_STEP][PASSED] - delay(3): Delayed 3 second(s)

2023-05-05 10:02:29 - [MESSAGE][PASSED] - Delayed 3 second(s)]]></system-out>
         <system-err><![CDATA[]]></system-err>
      </testcase>
      <testcase name="Test Cases/00-SignUp and Account Activation/02-Signup(Wrong email)" time="17.846" classname="Test Cases/00-SignUp and Account Activation/02-Signup(Wrong email)" status="PASSED">
         <system-out><![CDATA[2023-05-05 10:02:29 - [TEST_CASE][PASSED] - Test Cases/00-SignUp and Account Activation/02-Signup(Wrong email): Test Cases/00-SignUp and Account Activation/02-Signup(Wrong email)

2023-05-05 10:02:29 - [TEST_STEP][PASSED] - delay(3): Delayed 3 second(s)

2023-05-05 10:02:32 - [MESSAGE][PASSED] - Delayed 3 second(s)

2023-05-05 10:02:32 - [TEST_STEP][PASSED] - setText(findTestObject("00-Signup and Activation/input_Email"), "QATESTinvalidemailformat"): Text 'QATESTinvalidemailformat' is set on object 'Object Repository/00-Signup and Activation/input_Email'

2023-05-05 10:02:34 - [MESSAGE][PASSED] - Text 'QATESTinvalidemailformat' is set on object 'Object Repository/00-Signup and Activation/input_Email'

2023-05-05 10:02:34 - [TEST_STEP][PASSED] - delay(2): Delayed 2 second(s)

2023-05-05 10:02:36 - [MESSAGE][PASSED] - Delayed 2 second(s)

2023-05-05 10:02:36 - [TEST_STEP][PASSED] - click(findTestObject("00-Signup and Activation/input_firstName")): Object: 'Object Repository/00-Signup and Activation/input_firstName' is clicked on

2023-05-05 10:02:37 - [MESSAGE][PASSED] - Object: 'Object Repository/00-Signup and Activation/input_firstName' is clicked on

2023-05-05 10:02:37 - [TEST_STEP][PASSED] - verifyElementPresent(findTestObject("00-Signup and Activation/error_valid email is required"), 0): Object 'Object Repository/00-Signup and Activation/error_valid email is required' is present

2023-05-05 10:02:37 - [MESSAGE][WARNING] - Timeout '0' is invalid. Using default page load timeout: '30'

2023-05-05 10:02:37 - [MESSAGE][PASSED] - Object 'Object Repository/00-Signup and Activation/error_valid email is required' is present

2023-05-05 10:02:37 - [TEST_STEP][PASSED] - delay(2): Delayed 2 second(s)

2023-05-05 10:02:39 - [MESSAGE][PASSED] - Delayed 2 second(s)

2023-05-05 10:02:39 - [TEST_STEP][PASSED] - setText(findTestObject("00-Signup and Activation/input_Email"), "testuser01@mailinator.com"): Text 'testuser01@mailinator.com' is set on object 'Object Repository/00-Signup and Activation/input_Email'

2023-05-05 10:02:40 - [MESSAGE][PASSED] - Text 'testuser01@mailinator.com' is set on object 'Object Repository/00-Signup and Activation/input_Email'

2023-05-05 10:02:40 - [TEST_STEP][PASSED] - delay(2): Delayed 2 second(s)

2023-05-05 10:02:42 - [MESSAGE][PASSED] - Delayed 2 second(s)

2023-05-05 10:02:42 - [TEST_STEP][PASSED] - click(findTestObject("00-Signup and Activation/input_firstName")): Object: 'Object Repository/00-Signup and Activation/input_firstName' is clicked on

2023-05-05 10:02:44 - [MESSAGE][PASSED] - Object: 'Object Repository/00-Signup and Activation/input_firstName' is clicked on

2023-05-05 10:02:44 - [TEST_STEP][PASSED] - verifyElementVisible(findTestObject("00-Signup and Activation/error_email already exists")): Object 'Object Repository/00-Signup and Activation/error_email already exists' is visible

2023-05-05 10:02:44 - [MESSAGE][PASSED] - Object 'Object Repository/00-Signup and Activation/error_email already exists' is visible

2023-05-05 10:02:44 - [TEST_STEP][PASSED] - delay(2): Delayed 2 second(s)

2023-05-05 10:02:46 - [MESSAGE][PASSED] - Delayed 2 second(s)]]></system-out>
         <system-err><![CDATA[]]></system-err>
      </testcase>
      <testcase name="Test Cases/00-SignUp and Account Activation/03-Signup(Correct Details)" time="46.971" classname="Test Cases/00-SignUp and Account Activation/03-Signup(Correct Details)" status="PASSED">
         <system-out><![CDATA[2023-05-05 10:02:46 - [TEST_CASE][PASSED] - Test Cases/00-SignUp and Account Activation/03-Signup(Correct Details): Test Cases/00-SignUp and Account Activation/03-Signup(Correct Details)

2023-05-05 10:02:47 - [TEST_STEP][PASSED] - delay(2): Delayed 2 second(s)

2023-05-05 10:02:49 - [MESSAGE][PASSED] - Delayed 2 second(s)

2023-05-05 10:02:49 - [TEST_STEP][PASSED] - setText(findTestObject("00-Signup and Activation/input_Email"), "autotester10101@mailinator.com"): Text 'autotester10101@mailinator.com' is set on object 'Object Repository/00-Signup and Activation/input_Email'

2023-05-05 10:02:50 - [MESSAGE][PASSED] - Text 'autotester10101@mailinator.com' is set on object 'Object Repository/00-Signup and Activation/input_Email'

2023-05-05 10:02:50 - [TEST_STEP][PASSED] - setText(findTestObject("00-Signup and Activation/input_firstName"), "GG"): Text 'GG' is set on object 'Object Repository/00-Signup and Activation/input_firstName'

2023-05-05 10:02:52 - [MESSAGE][PASSED] - Text 'GG' is set on object 'Object Repository/00-Signup and Activation/input_firstName'

2023-05-05 10:02:52 - [TEST_STEP][PASSED] - setText(findTestObject("00-Signup and Activation/input_lastName"), "tester"): Text 'tester' is set on object 'Object Repository/00-Signup and Activation/input_lastName'

2023-05-05 10:02:53 - [MESSAGE][PASSED] - Text 'tester' is set on object 'Object Repository/00-Signup and Activation/input_lastName'

2023-05-05 10:02:53 - [TEST_STEP][PASSED] - delay(2): Delayed 2 second(s)

2023-05-05 10:02:55 - [MESSAGE][PASSED] - Delayed 2 second(s)

2023-05-05 10:02:55 - [TEST_STEP][PASSED] - click(findTestObject("Object Repository/00-Signup and Activation/button_Sign up")): Object: 'Object Repository/00-Signup and Activation/button_Sign up' is clicked on

2023-05-05 10:02:56 - [MESSAGE][PASSED] - Object: 'Object Repository/00-Signup and Activation/button_Sign up' is clicked on

2023-05-05 10:02:56 - [TEST_STEP][PASSED] - delay(2): Delayed 2 second(s)

2023-05-05 10:02:58 - [MESSAGE][PASSED] - Delayed 2 second(s)

2023-05-05 10:02:58 - [TEST_STEP][PASSED] - executeJavaScript("window.open();", []): Execute JavaScript 'window.open();' successfully

2023-05-05 10:02:58 - [MESSAGE][PASSED] - Execute JavaScript 'window.open();' successfully

2023-05-05 10:02:58 - [TEST_STEP][PASSED] - currentWindow = getWindowIndex(): Current window's index is: 0

2023-05-05 10:02:58 - [MESSAGE][PASSED] - Current window's index is: 0

2023-05-05 10:02:58 - [TEST_STEP][PASSED] - delay(3): Delayed 3 second(s)

2023-05-05 10:03:01 - [MESSAGE][PASSED] - Delayed 3 second(s)

2023-05-05 10:03:01 - [TEST_STEP][PASSED] - switchToWindowIndex(currentWindow + 1): Switched to window with index: '1'

2023-05-05 10:03:01 - [MESSAGE][PASSED] - Switched to window with index: '1'

2023-05-05 10:03:01 - [TEST_STEP][PASSED] - navigateToUrl("https://www.mailinator.com/"): Navigate to 'https://www.mailinator.com/' successfully

2023-05-05 10:03:04 - [MESSAGE][PASSED] - Navigate to 'https://www.mailinator.com/' successfully

2023-05-05 10:03:04 - [TEST_STEP][PASSED] - delay(3): Delayed 3 second(s)

2023-05-05 10:03:07 - [MESSAGE][PASSED] - Delayed 3 second(s)

2023-05-05 10:03:07 - [TEST_STEP][PASSED] - setText(findTestObject("00-Signup and Activation/zMailinator/input_LOGIN_search"), "autotester10101@mailinator.com"): Text 'autotester10101@mailinator.com' is set on object 'Object Repository/00-Signup and Activation/zMailinator/input_LOGIN_search'

2023-05-05 10:03:08 - [MESSAGE][PASSED] - Text 'autotester10101@mailinator.com' is set on object 'Object Repository/00-Signup and Activation/zMailinator/input_LOGIN_search'

2023-05-05 10:03:08 - [TEST_STEP][PASSED] - click(findTestObject("00-Signup and Activation/zMailinator/gobutton"), STOP_ON_FAILURE): Object: 'Object Repository/00-Signup and Activation/zMailinator/gobutton' is clicked on

2023-05-05 10:03:09 - [MESSAGE][PASSED] - Object: 'Object Repository/00-Signup and Activation/zMailinator/gobutton' is clicked on

2023-05-05 10:03:09 - [TEST_STEP][PASSED] - delay(3): Delayed 3 second(s)

2023-05-05 10:03:12 - [MESSAGE][PASSED] - Delayed 3 second(s)

2023-05-05 10:03:12 - [TEST_STEP][PASSED] - click(findTestObject("00-Signup and Activation/zMailinator/Email - everleagues")): Object: 'Object Repository/00-Signup and Activation/zMailinator/Email - everleagues' is clicked on

2023-05-05 10:03:12 - [MESSAGE][PASSED] - Object: 'Object Repository/00-Signup and Activation/zMailinator/Email - everleagues' is clicked on

2023-05-05 10:03:12 - [TEST_STEP][PASSED] - delay(3): Delayed 3 second(s)

2023-05-05 10:03:15 - [MESSAGE][PASSED] - Delayed 3 second(s)

2023-05-05 10:03:15 - [TEST_STEP][PASSED] - code = getText(findTestObject("Object Repository/06-Teams/For 2FA/2FA code")): Text of object 'Object Repository/06-Teams/For 2FA/2FA code' is: '580091'

2023-05-05 10:03:16 - [MESSAGE][PASSED] - Text of object 'Object Repository/06-Teams/For 2FA/2FA code' is: '580091'

2023-05-05 10:03:16 - [TEST_STEP][PASSED] - delay(3): Delayed 3 second(s)

2023-05-05 10:03:19 - [MESSAGE][PASSED] - Delayed 3 second(s)

2023-05-05 10:03:19 - [TEST_STEP][PASSED] - closeWindowTitle("Mailinator"): Window with title: 'Mailinator' is closed

2023-05-05 10:03:19 - [MESSAGE][PASSED] - Window with title: 'Mailinator' is closed

2023-05-05 10:03:19 - [TEST_STEP][PASSED] - delay(3): Delayed 3 second(s)

2023-05-05 10:03:22 - [MESSAGE][PASSED] - Delayed 3 second(s)

2023-05-05 10:03:22 - [TEST_STEP][PASSED] - switchToWindowIndex(0): Switched to window with index: '0'

2023-05-05 10:03:22 - [MESSAGE][PASSED] - Switched to window with index: '0'

2023-05-05 10:03:22 - [TEST_STEP][PASSED] - delay(3): Delayed 3 second(s)

2023-05-05 10:03:25 - [MESSAGE][PASSED] - Delayed 3 second(s)

2023-05-05 10:03:25 - [TEST_STEP][PASSED] - setText(findTestObject("Object Repository/06-Teams/For 2FA/input_Enter verification code_code"), code): Text '580091' is set on object 'Object Repository/06-Teams/For 2FA/input_Enter verification code_code'

2023-05-05 10:03:27 - [MESSAGE][PASSED] - Text '580091' is set on object 'Object Repository/06-Teams/For 2FA/input_Enter verification code_code'

2023-05-05 10:03:27 - [TEST_STEP][PASSED] - delay(3): Delayed 3 second(s)

2023-05-05 10:03:30 - [MESSAGE][PASSED] - Delayed 3 second(s)

2023-05-05 10:03:30 - [TEST_STEP][PASSED] - click(findTestObject("06-Teams/For 2FA/button_Verify_2FA")): Object: 'Object Repository/06-Teams/For 2FA/button_Verify_2FA' is clicked on

2023-05-05 10:03:30 - [MESSAGE][PASSED] - Object: 'Object Repository/06-Teams/For 2FA/button_Verify_2FA' is clicked on

2023-05-05 10:03:30 - [TEST_STEP][PASSED] - delay(3): Delayed 3 second(s)

2023-05-05 10:03:33 - [MESSAGE][PASSED] - Delayed 3 second(s)]]></system-out>
         <system-err><![CDATA[]]></system-err>
      </testcase>
      <testcase name="Test Cases/00-SignUp and Account Activation/04-Set password" time="36.661" classname="Test Cases/00-SignUp and Account Activation/04-Set password" status="PASSED">
         <system-out><![CDATA[2023-05-05 10:03:33 - [TEST_CASE][PASSED] - Test Cases/00-SignUp and Account Activation/04-Set password: Test Cases/00-SignUp and Account Activation/04-Set password

2023-05-05 10:03:34 - [TEST_STEP][PASSED] - delay(2): Delayed 2 second(s)

2023-05-05 10:03:36 - [MESSAGE][PASSED] - Delayed 2 second(s)

2023-05-05 10:03:36 - [TEST_STEP][PASSED] - setEncryptedText(findTestObject("00-Signup and Activation/input_password"), "8yFRyszE6U6jvsCn51OQbg==", STOP_ON_FAILURE): Text ****** has been set on object 'Object Repository/00-Signup and Activation/input_password'

2023-05-05 10:03:36 - [MESSAGE][PASSED] - Text ****** has been set on object 'Object Repository/00-Signup and Activation/input_password'

2023-05-05 10:03:36 - [TEST_STEP][PASSED] - setEncryptedText(findTestObject("00-Signup and Activation/input_ConfirmPassword"), "8yFRyszE6U6jvsCn51OQbg==", STOP_ON_FAILURE): Text ****** has been set on object 'Object Repository/00-Signup and Activation/input_ConfirmPassword'

2023-05-05 10:03:37 - [MESSAGE][PASSED] - Text ****** has been set on object 'Object Repository/00-Signup and Activation/input_ConfirmPassword'

2023-05-05 10:03:37 - [TEST_STEP][PASSED] - delay(2): Delayed 2 second(s)

2023-05-05 10:03:39 - [MESSAGE][PASSED] - Delayed 2 second(s)

2023-05-05 10:03:39 - [TEST_STEP][PASSED] - click(findTestObject("00-Signup and Activation/show pass")): Object: 'Object Repository/00-Signup and Activation/show pass' is clicked on

2023-05-05 10:03:40 - [MESSAGE][PASSED] - Object: 'Object Repository/00-Signup and Activation/show pass' is clicked on

2023-05-05 10:03:40 - [TEST_STEP][PASSED] - click(findTestObject("00-Signup and Activation/show confirm pass")): Object: 'Object Repository/00-Signup and Activation/show confirm pass' is clicked on

2023-05-05 10:03:41 - [MESSAGE][PASSED] - Object: 'Object Repository/00-Signup and Activation/show confirm pass' is clicked on

2023-05-05 10:03:41 - [TEST_STEP][PASSED] - delay(2): Delayed 2 second(s)

2023-05-05 10:03:43 - [MESSAGE][PASSED] - Delayed 2 second(s)

2023-05-05 10:03:43 - [TEST_STEP][PASSED] - check(findTestObject("00-Signup and Activation/div_checkbox")): Object 'Object Repository/00-Signup and Activation/div_checkbox' is checked

2023-05-05 10:03:44 - [MESSAGE][PASSED] - Object 'Object Repository/00-Signup and Activation/div_checkbox' is checked

2023-05-05 10:03:44 - [TEST_STEP][PASSED] - delay(2): Delayed 2 second(s)

2023-05-05 10:03:46 - [MESSAGE][PASSED] - Delayed 2 second(s)

2023-05-05 10:03:46 - [TEST_STEP][PASSED] - click(findTestObject("00-Signup and Activation/button_Confirm")): Object: 'Object Repository/00-Signup and Activation/button_Confirm' is clicked on

2023-05-05 10:03:46 - [MESSAGE][PASSED] - Object: 'Object Repository/00-Signup and Activation/button_Confirm' is clicked on

2023-05-05 10:03:46 - [TEST_STEP][PASSED] - delay(5): Delayed 5 second(s)

2023-05-05 10:03:51 - [MESSAGE][PASSED] - Delayed 5 second(s)

2023-05-05 10:03:51 - [TEST_STEP][PASSED] - verifyElementVisible(findTestObject("00-Signup and Activation/h4_Welcome to Everleagues")): Object 'Object Repository/00-Signup and Activation/h4_Welcome to Everleagues' is visible

2023-05-05 10:04:03 - [MESSAGE][PASSED] - Object 'Object Repository/00-Signup and Activation/h4_Welcome to Everleagues' is visible

2023-05-05 10:04:03 - [TEST_STEP][PASSED] - verifyElementVisible(findTestObject("00-Signup and Activation/span_CREATE A BUSINESS ORGANIZATION")): Object 'Object Repository/00-Signup and Activation/span_CREATE A BUSINESS ORGANIZATION' is visible

2023-05-05 10:04:03 - [MESSAGE][PASSED] - Object 'Object Repository/00-Signup and Activation/span_CREATE A BUSINESS ORGANIZATION' is visible

2023-05-05 10:04:03 - [TEST_STEP][PASSED] - verifyElementVisible(findTestObject("00-Signup and Activation/span_INVITE FRIENDS  FAMILY")): Object 'Object Repository/00-Signup and Activation/span_INVITE FRIENDS  FAMILY' is visible

2023-05-05 10:04:03 - [MESSAGE][PASSED] - Object 'Object Repository/00-Signup and Activation/span_INVITE FRIENDS  FAMILY' is visible

2023-05-05 10:04:03 - [TEST_STEP][PASSED] - delay(3): Delayed 3 second(s)

2023-05-05 10:04:06 - [MESSAGE][PASSED] - Delayed 3 second(s)

2023-05-05 10:04:06 - [TEST_STEP][PASSED] - click(findTestObject("00-Signup and Activation/button_DO THIS LATER")): Object: 'Object Repository/00-Signup and Activation/button_DO THIS LATER' is clicked on

2023-05-05 10:04:07 - [MESSAGE][PASSED] - Object: 'Object Repository/00-Signup and Activation/button_DO THIS LATER' is clicked on

2023-05-05 10:04:07 - [TEST_STEP][PASSED] - delay(2): Delayed 2 second(s)

2023-05-05 10:04:09 - [MESSAGE][PASSED] - Delayed 2 second(s)

2023-05-05 10:04:09 - [TEST_STEP][PASSED] - closeBrowser(): Browser is closed

2023-05-05 10:04:10 - [MESSAGE][PASSED] - Browser is closed]]></system-out>
         <system-err><![CDATA[]]></system-err>
      </testcase>
      <system-out><![CDATA[2023-05-05 10:01:46 - [TEST_SUITE][PASSED] - 00-Signup and Account Activation: Test Cases/00-SignUp and Account Activation/04-Set password]]></system-out>
      <system-err><![CDATA[]]></system-err>
   </testsuite>
</testsuites>
