<?xml version="1.0" encoding="UTF-8"?>
<testsuites name="06.2 - Teams - Settings" time="551.329" tests="16" failures="0" errors="0">
   <testsuite name="06.2 - Teams - Settings" tests="16" failures="0" errors="0" time="551.329" skipped="0" timestamp="2022-09-23 19:18:12" hostname="User - DESKTOP-QCRNR4M" id="Test Suites/TS-Organization/06.2 - Teams - Settings">
      <properties>
         <property name="deviceName" value=""/>
         <property name="devicePlatform" value=""/>
         <property name="logFolder" value="C:\\Users\\User\\Katalon Studio\\EverleaguesMain\\Reports\\20220923_191810\\TS-Organization\\06.2 - Teams - Settings\\20220923_191810"/>
         <property name="logFiles" value="C:\\Users\\User\\Katalon Studio\\EverleaguesMain\\Reports\\20220923_191810\\TS-Organization\\06.2 - Teams - Settings\\20220923_191810\\execution0.log"/>
         <property name="attachments" value=""/>
         <property name="hostName" value="User - DESKTOP-QCRNR4M"/>
         <property name="os" value="Windows 10 64bit"/>
         <property name="katalonVersion" value="8.4.1.208"/>
         <property name="browser" value="Chrome 105.0.0.0"/>
         <property name="hostAddress" value="192.168.5.124"/>
         <property name="sessionId" value="0aa1e7b92578a50a96d81d75e52106f2"/>
         <property name="seleniumVersion" value="3.141.59"/>
         <property name="proxyInformation" value="ProxyInformation { proxyOption=NO_PROXY, proxyServerType=HTTP, username=, password=********, proxyServerAddress=, proxyServerPort=0, executionList=&quot;&quot;, isApplyToDesiredCapabilities=true }"/>
         <property name="platform" value="Windows 10"/>
      </properties>
      <testcase name="Test Cases/06- Teams/03-Edit Team - Private (adding member)" time="86.645" classname="Test Cases/06- Teams/03-Edit Team - Private (adding member)" status="PASSED">
         <system-out><![CDATA[2022-09-23 19:18:12 - [TEST_CASE][PASSED] - Test Cases/06- Teams/03-Edit Team - Private (adding member): Test Cases/06- Teams/03-Edit Team - Private (adding member)

2022-09-23 19:18:13 - [TEST_STEP][PASSED] - openBrowser(""): Browser is opened with url: ''

2022-09-23 19:18:13 - [MESSAGE][INFO] - Starting 'Chrome' driver

2022-09-23 19:18:13 - [MESSAGE][INFO] - Action delay is set to 0 milliseconds

2022-09-23 19:18:15 - [MESSAGE][PASSED] - Browser is opened with url: ''

2022-09-23 19:18:15 - [TEST_STEP][PASSED] - navigateToUrl("https://lab.everleagues.com/"): Navigate to 'https://lab.everleagues.com/' successfully

2022-09-23 19:18:27 - [MESSAGE][PASSED] - Navigate to 'https://lab.everleagues.com/' successfully

2022-09-23 19:18:27 - [TEST_STEP][PASSED] - maximizeWindow(): Current window maximized

2022-09-23 19:18:27 - [MESSAGE][PASSED] - Current window maximized

2022-09-23 19:18:27 - [TEST_STEP][PASSED] - setText(findTestObject("02-Side Icons(Organization)/Add Contact/Email Field"), "testuser02@mailinator.com"): Text 'testuser02@mailinator.com' is set on object 'Object Repository/02-Side Icons(Organization)/Add Contact/Email Field'

2022-09-23 19:18:28 - [MESSAGE][PASSED] - Text 'testuser02@mailinator.com' is set on object 'Object Repository/02-Side Icons(Organization)/Add Contact/Email Field'

2022-09-23 19:18:28 - [TEST_STEP][PASSED] - setEncryptedText(findTestObject("02-Side Icons(Organization)/Add Contact/Password Field"), "8yFRyszE6U6jvsCn51OQbg=="): Text ****** has been set on object 'Object Repository/02-Side Icons(Organization)/Add Contact/Password Field'

2022-09-23 19:18:28 - [MESSAGE][PASSED] - Text ****** has been set on object 'Object Repository/02-Side Icons(Organization)/Add Contact/Password Field'

2022-09-23 19:18:28 - [TEST_STEP][PASSED] - click(findTestObject("02-Side Icons(Organization)/Add Contact/button_Sign in")): Object: 'Object Repository/02-Side Icons(Organization)/Add Contact/button_Sign in' is clicked on

2022-09-23 19:18:29 - [MESSAGE][PASSED] - Object: 'Object Repository/02-Side Icons(Organization)/Add Contact/button_Sign in' is clicked on

2022-09-23 19:18:29 - [TEST_STEP][PASSED] - delay(3): Delayed 3 second(s)

2022-09-23 19:18:32 - [MESSAGE][PASSED] - Delayed 3 second(s)

2022-09-23 19:18:32 - [TEST_STEP][PASSED] - click(findTestObject("06-Teams/For 2FA/button_Confirm_2FA")): Object: 'Object Repository/06-Teams/For 2FA/button_Confirm_2FA' is clicked on

2022-09-23 19:18:32 - [MESSAGE][PASSED] - Object: 'Object Repository/06-Teams/For 2FA/button_Confirm_2FA' is clicked on

2022-09-23 19:18:32 - [TEST_STEP][PASSED] - executeJavaScript("window.open();", []): Execute JavaScript 'window.open();' successfully

2022-09-23 19:18:32 - [MESSAGE][PASSED] - Execute JavaScript 'window.open();' successfully

2022-09-23 19:18:32 - [TEST_STEP][PASSED] - currentWindow = getWindowIndex(): Current window's index is: 0

2022-09-23 19:18:32 - [MESSAGE][PASSED] - Current window's index is: 0

2022-09-23 19:18:32 - [TEST_STEP][PASSED] - delay(3): Delayed 3 second(s)

2022-09-23 19:18:35 - [MESSAGE][PASSED] - Delayed 3 second(s)

2022-09-23 19:18:35 - [TEST_STEP][PASSED] - switchToWindowIndex(currentWindow + 1): Switched to window with index: '1'

2022-09-23 19:18:35 - [MESSAGE][PASSED] - Switched to window with index: '1'

2022-09-23 19:18:35 - [TEST_STEP][PASSED] - navigateToUrl("https://www.mailinator.com/"): Navigate to 'https://www.mailinator.com/' successfully

2022-09-23 19:18:37 - [MESSAGE][PASSED] - Navigate to 'https://www.mailinator.com/' successfully

2022-09-23 19:18:37 - [TEST_STEP][PASSED] - delay(3): Delayed 3 second(s)

2022-09-23 19:18:40 - [MESSAGE][PASSED] - Delayed 3 second(s)

2022-09-23 19:18:40 - [TEST_STEP][PASSED] - setText(findTestObject("00-Signup and Activation/zMailinator/input_LOGIN_search"), "testuser02@mailinator.com"): Text 'testuser02@mailinator.com' is set on object 'Object Repository/00-Signup and Activation/zMailinator/input_LOGIN_search'

2022-09-23 19:18:41 - [MESSAGE][PASSED] - Text 'testuser02@mailinator.com' is set on object 'Object Repository/00-Signup and Activation/zMailinator/input_LOGIN_search'

2022-09-23 19:18:41 - [TEST_STEP][PASSED] - click(findTestObject("00-Signup and Activation/zMailinator/gobutton"), STOP_ON_FAILURE): Object: 'Object Repository/00-Signup and Activation/zMailinator/gobutton' is clicked on

2022-09-23 19:18:43 - [MESSAGE][PASSED] - Object: 'Object Repository/00-Signup and Activation/zMailinator/gobutton' is clicked on

2022-09-23 19:18:43 - [TEST_STEP][PASSED] - delay(3): Delayed 3 second(s)

2022-09-23 19:18:46 - [MESSAGE][PASSED] - Delayed 3 second(s)

2022-09-23 19:18:46 - [TEST_STEP][PASSED] - click(findTestObject("00-Signup and Activation/zMailinator/Email - everleagues")): Object: 'Object Repository/00-Signup and Activation/zMailinator/Email - everleagues' is clicked on

2022-09-23 19:18:46 - [MESSAGE][PASSED] - Object: 'Object Repository/00-Signup and Activation/zMailinator/Email - everleagues' is clicked on

2022-09-23 19:18:46 - [TEST_STEP][PASSED] - delay(3): Delayed 3 second(s)

2022-09-23 19:18:49 - [MESSAGE][PASSED] - Delayed 3 second(s)

2022-09-23 19:18:49 - [TEST_STEP][PASSED] - code = getText(findTestObject("Object Repository/06-Teams/For 2FA/2FA code")): Text of object 'Object Repository/06-Teams/For 2FA/2FA code' is: '327642'

2022-09-23 19:18:49 - [MESSAGE][PASSED] - Text of object 'Object Repository/06-Teams/For 2FA/2FA code' is: '327642'

2022-09-23 19:18:49 - [TEST_STEP][PASSED] - delay(3): Delayed 3 second(s)

2022-09-23 19:18:52 - [MESSAGE][PASSED] - Delayed 3 second(s)

2022-09-23 19:18:52 - [TEST_STEP][PASSED] - closeWindowTitle("Mailinator"): Window with title: 'Mailinator' is closed

2022-09-23 19:18:53 - [MESSAGE][PASSED] - Window with title: 'Mailinator' is closed

2022-09-23 19:18:53 - [TEST_STEP][PASSED] - delay(3): Delayed 3 second(s)

2022-09-23 19:18:56 - [MESSAGE][PASSED] - Delayed 3 second(s)

2022-09-23 19:18:56 - [TEST_STEP][PASSED] - switchToWindowIndex(0): Switched to window with index: '0'

2022-09-23 19:18:56 - [MESSAGE][PASSED] - Switched to window with index: '0'

2022-09-23 19:18:56 - [TEST_STEP][PASSED] - delay(3): Delayed 3 second(s)

2022-09-23 19:18:59 - [MESSAGE][PASSED] - Delayed 3 second(s)

2022-09-23 19:18:59 - [TEST_STEP][PASSED] - setText(findTestObject("Object Repository/06-Teams/For 2FA/input_Enter verification code_code"), code): Text '327642' is set on object 'Object Repository/06-Teams/For 2FA/input_Enter verification code_code'

2022-09-23 19:18:59 - [MESSAGE][PASSED] - Text '327642' is set on object 'Object Repository/06-Teams/For 2FA/input_Enter verification code_code'

2022-09-23 19:18:59 - [TEST_STEP][PASSED] - delay(3): Delayed 3 second(s)

2022-09-23 19:19:02 - [MESSAGE][PASSED] - Delayed 3 second(s)

2022-09-23 19:19:02 - [TEST_STEP][PASSED] - click(findTestObject("06-Teams/For 2FA/button_Verify_2FA")): Object: 'Object Repository/06-Teams/For 2FA/button_Verify_2FA' is clicked on

2022-09-23 19:19:03 - [MESSAGE][PASSED] - Object: 'Object Repository/06-Teams/For 2FA/button_Verify_2FA' is clicked on

2022-09-23 19:19:03 - [TEST_STEP][PASSED] - delay(5): Delayed 5 second(s)

2022-09-23 19:19:08 - [MESSAGE][PASSED] - Delayed 5 second(s)

2022-09-23 19:19:08 - [TEST_STEP][PASSED] - click(findTestObject("06-Teams/button_doublearrow")): Object: 'Object Repository/06-Teams/button_doublearrow' is clicked on

2022-09-23 19:19:08 - [MESSAGE][PASSED] - Object: 'Object Repository/06-Teams/button_doublearrow' is clicked on

2022-09-23 19:19:08 - [TEST_STEP][PASSED] - click(findTestObject("06-Teams/button_My Organizations")): Object: 'Object Repository/06-Teams/button_My Organizations' is clicked on

2022-09-23 19:19:09 - [MESSAGE][PASSED] - Object: 'Object Repository/06-Teams/button_My Organizations' is clicked on

2022-09-23 19:19:09 - [TEST_STEP][PASSED] - click(findTestObject("06-Teams/button_GG Automation")): Object: 'Object Repository/06-Teams/button_GG Automation' is clicked on

2022-09-23 19:19:10 - [MESSAGE][PASSED] - Object: 'Object Repository/06-Teams/button_GG Automation' is clicked on

2022-09-23 19:19:10 - [TEST_STEP][PASSED] - delay(4): Delayed 4 second(s)

2022-09-23 19:19:14 - [MESSAGE][PASSED] - Delayed 4 second(s)

2022-09-23 19:19:14 - [TEST_STEP][PASSED] - verifyElementVisible(findTestObject("06-Teams/span_GG Automation")): Object 'Object Repository/06-Teams/span_GG Automation' is visible

2022-09-23 19:19:14 - [MESSAGE][PASSED] - Object 'Object Repository/06-Teams/span_GG Automation' is visible

2022-09-23 19:19:14 - [TEST_STEP][PASSED] - delay(2): Delayed 2 second(s)

2022-09-23 19:19:16 - [MESSAGE][PASSED] - Delayed 2 second(s)

2022-09-23 19:19:16 - [TEST_STEP][PASSED] - click(findTestObject("03-Header Menu/Hamburger Button/div_Teams")): Object: 'Object Repository/03-Header Menu/Hamburger Button/div_Teams' is clicked on

2022-09-23 19:19:17 - [MESSAGE][PASSED] - Object: 'Object Repository/03-Header Menu/Hamburger Button/div_Teams' is clicked on

2022-09-23 19:19:17 - [TEST_STEP][PASSED] - delay(2): Delayed 2 second(s)

2022-09-23 19:19:19 - [MESSAGE][PASSED] - Delayed 2 second(s)

2022-09-23 19:19:19 - [TEST_STEP][PASSED] - verifyElementVisible(findTestObject("06-Teams/h4_TEAMS")): Object 'Object Repository/06-Teams/h4_TEAMS' is visible

2022-09-23 19:19:19 - [MESSAGE][PASSED] - Object 'Object Repository/06-Teams/h4_TEAMS' is visible

2022-09-23 19:19:19 - [TEST_STEP][PASSED] - delay(3): Delayed 3 second(s)

2022-09-23 19:19:22 - [MESSAGE][PASSED] - Delayed 3 second(s)

2022-09-23 19:19:22 - [TEST_STEP][PASSED] - click(findTestObject("06-Teams/03-Edit Team - Private/button_edit Auto Team Private")): Object: 'Object Repository/06-Teams/03-Edit Team - Private/button_edit Auto Team Private' is clicked on

2022-09-23 19:19:23 - [MESSAGE][PASSED] - Object: 'Object Repository/06-Teams/03-Edit Team - Private/button_edit Auto Team Private' is clicked on

2022-09-23 19:19:23 - [TEST_STEP][PASSED] - delay(3): Delayed 3 second(s)

2022-09-23 19:19:26 - [MESSAGE][PASSED] - Delayed 3 second(s)

2022-09-23 19:19:26 - [TEST_STEP][PASSED] - verifyElementVisible(findTestObject("06-Teams/03-Edit Team - Private/h4_Edit Auto Team Private")): Object 'Object Repository/06-Teams/03-Edit Team - Private/h4_Edit Auto Team Private' is visible

2022-09-23 19:19:26 - [MESSAGE][PASSED] - Object 'Object Repository/06-Teams/03-Edit Team - Private/h4_Edit Auto Team Private' is visible

2022-09-23 19:19:26 - [TEST_STEP][PASSED] - verifyElementVisible(findTestObject("06-Teams/03-Edit Team - Private/div_Members")): Object 'Object Repository/06-Teams/03-Edit Team - Private/div_Members' is visible

2022-09-23 19:19:26 - [MESSAGE][PASSED] - Object 'Object Repository/06-Teams/03-Edit Team - Private/div_Members' is visible

2022-09-23 19:19:26 - [TEST_STEP][PASSED] - verifyElementVisible(findTestObject("06-Teams/03-Edit Team - Private/div_Channels")): Object 'Object Repository/06-Teams/03-Edit Team - Private/div_Channels' is visible

2022-09-23 19:19:27 - [MESSAGE][PASSED] - Object 'Object Repository/06-Teams/03-Edit Team - Private/div_Channels' is visible

2022-09-23 19:19:27 - [TEST_STEP][PASSED] - verifyElementVisible(findTestObject("06-Teams/03-Edit Team - Private/div_Settings")): Object 'Object Repository/06-Teams/03-Edit Team - Private/div_Settings' is visible

2022-09-23 19:19:27 - [MESSAGE][PASSED] - Object 'Object Repository/06-Teams/03-Edit Team - Private/div_Settings' is visible

2022-09-23 19:19:27 - [TEST_STEP][PASSED] - delay(3): Delayed 3 second(s)

2022-09-23 19:19:30 - [MESSAGE][PASSED] - Delayed 3 second(s)

2022-09-23 19:19:30 - [TEST_STEP][PASSED] - click(findTestObject("06-Teams/03-Edit Team - Private/input_name or group")): Object: 'Object Repository/06-Teams/03-Edit Team - Private/input_name or group' is clicked on

2022-09-23 19:19:30 - [MESSAGE][PASSED] - Object: 'Object Repository/06-Teams/03-Edit Team - Private/input_name or group' is clicked on

2022-09-23 19:19:30 - [TEST_STEP][PASSED] - click(findTestObject("06-Teams/03-Edit Team - Private/select_GG tester 2")): Object: 'Object Repository/06-Teams/03-Edit Team - Private/select_GG tester 2' is clicked on

2022-09-23 19:19:31 - [MESSAGE][PASSED] - Object: 'Object Repository/06-Teams/03-Edit Team - Private/select_GG tester 2' is clicked on

2022-09-23 19:19:31 - [TEST_STEP][PASSED] - verifyElementVisible(findTestObject("06-Teams/03-Edit Team - Private/selected_GG tester 2")): Object 'Object Repository/06-Teams/03-Edit Team - Private/selected_GG tester 2' is visible

2022-09-23 19:19:31 - [MESSAGE][PASSED] - Object 'Object Repository/06-Teams/03-Edit Team - Private/selected_GG tester 2' is visible

2022-09-23 19:19:31 - [TEST_STEP][PASSED] - delay(3): Delayed 3 second(s)

2022-09-23 19:19:34 - [MESSAGE][PASSED] - Delayed 3 second(s)

2022-09-23 19:19:34 - [TEST_STEP][PASSED] - click(findTestObject("06-Teams/03-Edit Team - Private/div_INVITE")): Object: 'Object Repository/06-Teams/03-Edit Team - Private/div_INVITE' is clicked on

2022-09-23 19:19:35 - [MESSAGE][PASSED] - Object: 'Object Repository/06-Teams/03-Edit Team - Private/div_INVITE' is clicked on

2022-09-23 19:19:35 - [TEST_STEP][PASSED] - verifyElementVisible(findTestObject("06-Teams/03-Edit Team - Private/added_GTGG tester 2")): Object 'Object Repository/06-Teams/03-Edit Team - Private/added_GTGG tester 2' is visible

2022-09-23 19:19:36 - [MESSAGE][PASSED] - Object 'Object Repository/06-Teams/03-Edit Team - Private/added_GTGG tester 2' is visible

2022-09-23 19:19:36 - [TEST_STEP][PASSED] - delay(3): Delayed 3 second(s)

2022-09-23 19:19:39 - [MESSAGE][PASSED] - Delayed 3 second(s)]]></system-out>
         <system-err><![CDATA[]]></system-err>
      </testcase>
      <testcase name="Test Cases/06- Teams/04-Edit Team - Private (promoting member to admin)" time="6.963" classname="Test Cases/06- Teams/04-Edit Team - Private (promoting member to admin)" status="PASSED">
         <system-out><![CDATA[2022-09-23 19:19:39 - [TEST_CASE][PASSED] - Test Cases/06- Teams/04-Edit Team - Private (promoting member to admin): Test Cases/06- Teams/04-Edit Team - Private (promoting member to admin)

2022-09-23 19:19:39 - [TEST_STEP][PASSED] - mouseOver(findTestObject("06-Teams/03-Edit Team - Private/mouse over target element")): Object: 'Object Repository/06-Teams/03-Edit Team - Private/mouse over target element' is hovered

2022-09-23 19:19:40 - [MESSAGE][PASSED] - Object: 'Object Repository/06-Teams/03-Edit Team - Private/mouse over target element' is hovered

2022-09-23 19:19:40 - [TEST_STEP][PASSED] - delay(2): Delayed 2 second(s)

2022-09-23 19:19:42 - [MESSAGE][PASSED] - Delayed 2 second(s)

2022-09-23 19:19:42 - [TEST_STEP][PASSED] - click(findTestObject("06-Teams/03-Edit Team - Private/button_promote to admin")): Object: 'Object Repository/06-Teams/03-Edit Team - Private/button_promote to admin' is clicked on

2022-09-23 19:19:42 - [MESSAGE][PASSED] - Object: 'Object Repository/06-Teams/03-Edit Team - Private/button_promote to admin' is clicked on

2022-09-23 19:19:42 - [TEST_STEP][PASSED] - verifyElementVisible(findTestObject("06-Teams/03-Edit Team - Private/span_Admin")): Object 'Object Repository/06-Teams/03-Edit Team - Private/span_Admin' is visible

2022-09-23 19:19:43 - [MESSAGE][PASSED] - Object 'Object Repository/06-Teams/03-Edit Team - Private/span_Admin' is visible

2022-09-23 19:19:43 - [TEST_STEP][PASSED] - delay(3): Delayed 3 second(s)

2022-09-23 19:19:46 - [MESSAGE][PASSED] - Delayed 3 second(s)]]></system-out>
         <system-err><![CDATA[]]></system-err>
      </testcase>
      <testcase name="Test Cases/06- Teams/05-Edit Team - Private (removing a member)" time="7.302" classname="Test Cases/06- Teams/05-Edit Team - Private (removing a member)" status="PASSED">
         <system-out><![CDATA[2022-09-23 19:19:46 - [TEST_CASE][PASSED] - Test Cases/06- Teams/05-Edit Team - Private (removing a member): Test Cases/06- Teams/05-Edit Team - Private (removing a member)

2022-09-23 19:19:46 - [TEST_STEP][PASSED] - mouseOver(findTestObject("06-Teams/03-Edit Team - Private/mouse over target element 2")): Object: 'Object Repository/06-Teams/03-Edit Team - Private/mouse over target element 2' is hovered

2022-09-23 19:19:46 - [MESSAGE][PASSED] - Object: 'Object Repository/06-Teams/03-Edit Team - Private/mouse over target element 2' is hovered

2022-09-23 19:19:46 - [TEST_STEP][PASSED] - click(findTestObject("06-Teams/03-Edit Team - Private/button_remove member")): Object: 'Object Repository/06-Teams/03-Edit Team - Private/button_remove member' is clicked on

2022-09-23 19:19:47 - [MESSAGE][PASSED] - Object: 'Object Repository/06-Teams/03-Edit Team - Private/button_remove member' is clicked on

2022-09-23 19:19:47 - [TEST_STEP][PASSED] - verifyElementNotPresent(findTestObject("06-Teams/03-Edit Team - Private/added_GTGG tester 2"), 0): Web element with id: 'Object Repository/06-Teams/03-Edit Team - Private/added_GTGG tester 2' located by 'By.xpath: //td[(text() = 'GTGG tester 2' or . = 'GTGG tester 2')]' is not present after '30' second(s)

2022-09-23 19:19:47 - [MESSAGE][WARNING] - Timeout '0' is invalid. Using default page load timeout: '30'

2022-09-23 19:19:48 - [MESSAGE][PASSED] - Web element with id: 'Object Repository/06-Teams/03-Edit Team - Private/added_GTGG tester 2' located by 'By.xpath: //td[(text() = 'GTGG tester 2' or . = 'GTGG tester 2')]' is not present after '30' second(s)

2022-09-23 19:19:48 - [TEST_STEP][PASSED] - delay(5): Delayed 5 second(s)

2022-09-23 19:19:53 - [MESSAGE][PASSED] - Delayed 5 second(s)]]></system-out>
         <system-err><![CDATA[]]></system-err>
      </testcase>
      <testcase name="Test Cases/06- Teams/06-Edit Team - Private (adding a channel)" time="18.351" classname="Test Cases/06- Teams/06-Edit Team - Private (adding a channel)" status="PASSED">
         <system-out><![CDATA[2022-09-23 19:19:53 - [TEST_CASE][PASSED] - Test Cases/06- Teams/06-Edit Team - Private (adding a channel): Test Cases/06- Teams/06-Edit Team - Private (adding a channel)

2022-09-23 19:19:53 - [TEST_STEP][PASSED] - click(findTestObject("06-Teams/03-Edit Team - Private/div_Channels")): Object: 'Object Repository/06-Teams/03-Edit Team - Private/div_Channels' is clicked on

2022-09-23 19:19:54 - [MESSAGE][PASSED] - Object: 'Object Repository/06-Teams/03-Edit Team - Private/div_Channels' is clicked on

2022-09-23 19:19:54 - [TEST_STEP][PASSED] - click(findTestObject("06-Teams/03-Edit Team - Private/div_Showing channels in team_Add Channel")): Object: 'Object Repository/06-Teams/03-Edit Team - Private/div_Showing channels in team_Add Channel' is clicked on

2022-09-23 19:19:54 - [MESSAGE][PASSED] - Object: 'Object Repository/06-Teams/03-Edit Team - Private/div_Showing channels in team_Add Channel' is clicked on

2022-09-23 19:19:54 - [TEST_STEP][PASSED] - delay(3): Delayed 3 second(s)

2022-09-23 19:19:57 - [MESSAGE][PASSED] - Delayed 3 second(s)

2022-09-23 19:19:57 - [TEST_STEP][PASSED] - click(findTestObject("06-Teams/03-Edit Team - Private/div_Add Channel")): Object: 'Object Repository/06-Teams/03-Edit Team - Private/div_Add Channel' is clicked on

2022-09-23 19:19:58 - [MESSAGE][PASSED] - Object: 'Object Repository/06-Teams/03-Edit Team - Private/div_Add Channel' is clicked on

2022-09-23 19:19:58 - [TEST_STEP][PASSED] - verifyElementVisible(findTestObject("06-Teams/03-Edit Team - Private/add channel modal")): Object 'Object Repository/06-Teams/03-Edit Team - Private/add channel modal' is visible

2022-09-23 19:19:58 - [MESSAGE][PASSED] - Object 'Object Repository/06-Teams/03-Edit Team - Private/add channel modal' is visible

2022-09-23 19:19:58 - [TEST_STEP][PASSED] - verifyElementNotClickable(findTestObject("06-Teams/03-Edit Team - Private/button_Add")): Object 'Object Repository/06-Teams/03-Edit Team - Private/button_Add' is NOT clickable

2022-09-23 19:19:59 - [MESSAGE][PASSED] - Object 'Object Repository/06-Teams/03-Edit Team - Private/button_Add' is NOT clickable

2022-09-23 19:19:59 - [TEST_STEP][PASSED] - delay(3): Delayed 3 second(s)

2022-09-23 19:20:02 - [MESSAGE][PASSED] - Delayed 3 second(s)

2022-09-23 19:20:02 - [TEST_STEP][PASSED] - click(findTestObject("06-Teams/03-Edit Team - Private/input_channel name")): Object: 'Object Repository/06-Teams/03-Edit Team - Private/input_channel name' is clicked on

2022-09-23 19:20:02 - [MESSAGE][PASSED] - Object: 'Object Repository/06-Teams/03-Edit Team - Private/input_channel name' is clicked on

2022-09-23 19:20:02 - [TEST_STEP][PASSED] - click(findTestObject("06-Teams/03-Edit Team - Private/h4_Add Channel")): Object: 'Object Repository/06-Teams/03-Edit Team - Private/h4_Add Channel' is clicked on

2022-09-23 19:20:02 - [MESSAGE][PASSED] - Object: 'Object Repository/06-Teams/03-Edit Team - Private/h4_Add Channel' is clicked on

2022-09-23 19:20:02 - [TEST_STEP][PASSED] - verifyElementVisible(findTestObject("06-Teams/03-Edit Team - Private/div_Channel Name Field is required")): Object 'Object Repository/06-Teams/03-Edit Team - Private/div_Channel Name Field is required' is visible

2022-09-23 19:20:03 - [MESSAGE][PASSED] - Object 'Object Repository/06-Teams/03-Edit Team - Private/div_Channel Name Field is required' is visible

2022-09-23 19:20:03 - [TEST_STEP][PASSED] - delay(3): Delayed 3 second(s)

2022-09-23 19:20:06 - [MESSAGE][PASSED] - Delayed 3 second(s)

2022-09-23 19:20:06 - [TEST_STEP][PASSED] - setText(findTestObject("06-Teams/03-Edit Team - Private/input_channel name"), "Auto Channel"): Text 'Auto Channel' is set on object 'Object Repository/06-Teams/03-Edit Team - Private/input_channel name'

2022-09-23 19:20:07 - [MESSAGE][PASSED] - Text 'Auto Channel' is set on object 'Object Repository/06-Teams/03-Edit Team - Private/input_channel name'

2022-09-23 19:20:07 - [TEST_STEP][PASSED] - click(findTestObject("06-Teams/03-Edit Team - Private/button_Add")): Object: 'Object Repository/06-Teams/03-Edit Team - Private/button_Add' is clicked on

2022-09-23 19:20:07 - [MESSAGE][PASSED] - Object: 'Object Repository/06-Teams/03-Edit Team - Private/button_Add' is clicked on

2022-09-23 19:20:07 - [TEST_STEP][PASSED] - verifyElementVisible(findTestObject("06-Teams/03-Edit Team - Private/Successfully added channel to team")): Object 'Object Repository/06-Teams/03-Edit Team - Private/Successfully added channel to team' is visible

2022-09-23 19:20:08 - [MESSAGE][PASSED] - Object 'Object Repository/06-Teams/03-Edit Team - Private/Successfully added channel to team' is visible

2022-09-23 19:20:08 - [TEST_STEP][PASSED] - delay(3): Delayed 3 second(s)

2022-09-23 19:20:11 - [MESSAGE][PASSED] - Delayed 3 second(s)]]></system-out>
         <system-err><![CDATA[]]></system-err>
      </testcase>
      <testcase name="Test Cases/06- Teams/07-Edit Team - Private (editing a channel)" time="13.943" classname="Test Cases/06- Teams/07-Edit Team - Private (editing a channel)" status="PASSED">
         <system-out><![CDATA[2022-09-23 19:20:11 - [TEST_CASE][PASSED] - Test Cases/06- Teams/07-Edit Team - Private (editing a channel): Test Cases/06- Teams/07-Edit Team - Private (editing a channel)

2022-09-23 19:20:12 - [TEST_STEP][PASSED] - verifyElementVisible(findTestObject("06-Teams/03-Edit Team - Private/div_Auto Channel")): Object 'Object Repository/06-Teams/03-Edit Team - Private/div_Auto Channel' is visible

2022-09-23 19:20:12 - [MESSAGE][PASSED] - Object 'Object Repository/06-Teams/03-Edit Team - Private/div_Auto Channel' is visible

2022-09-23 19:20:12 - [TEST_STEP][PASSED] - delay(3): Delayed 3 second(s)

2022-09-23 19:20:15 - [MESSAGE][PASSED] - Delayed 3 second(s)

2022-09-23 19:20:15 - [TEST_STEP][PASSED] - click(findTestObject("06-Teams/03-Edit Team - Private/button_edit channel")): Object: 'Object Repository/06-Teams/03-Edit Team - Private/button_edit channel' is clicked on

2022-09-23 19:20:15 - [MESSAGE][PASSED] - Object: 'Object Repository/06-Teams/03-Edit Team - Private/button_edit channel' is clicked on

2022-09-23 19:20:15 - [TEST_STEP][PASSED] - verifyElementVisible(findTestObject("06-Teams/03-Edit Team - Private/Edit channel modal")): Object 'Object Repository/06-Teams/03-Edit Team - Private/Edit channel modal' is visible

2022-09-23 19:20:16 - [MESSAGE][PASSED] - Object 'Object Repository/06-Teams/03-Edit Team - Private/Edit channel modal' is visible

2022-09-23 19:20:16 - [TEST_STEP][PASSED] - verifyElementNotClickable(findTestObject("06-Teams/03-Edit Team - Private/button_Save")): Object 'Object Repository/06-Teams/03-Edit Team - Private/button_Save' is NOT clickable

2022-09-23 19:20:17 - [MESSAGE][PASSED] - Object 'Object Repository/06-Teams/03-Edit Team - Private/button_Save' is NOT clickable

2022-09-23 19:20:17 - [TEST_STEP][PASSED] - delay(3): Delayed 3 second(s)

2022-09-23 19:20:20 - [MESSAGE][PASSED] - Delayed 3 second(s)

2022-09-23 19:20:20 - [TEST_STEP][PASSED] - setText(findTestObject("06-Teams/03-Edit Team - Private/input_Edit Channel name"), "Auto Channel Edit"): Text 'Auto Channel Edit' is set on object 'Object Repository/06-Teams/03-Edit Team - Private/input_Edit Channel name'

2022-09-23 19:20:21 - [MESSAGE][PASSED] - Text 'Auto Channel Edit' is set on object 'Object Repository/06-Teams/03-Edit Team - Private/input_Edit Channel name'

2022-09-23 19:20:21 - [TEST_STEP][PASSED] - click(findTestObject("06-Teams/03-Edit Team - Private/button_Save")): Object: 'Object Repository/06-Teams/03-Edit Team - Private/button_Save' is clicked on

2022-09-23 19:20:21 - [MESSAGE][PASSED] - Object: 'Object Repository/06-Teams/03-Edit Team - Private/button_Save' is clicked on

2022-09-23 19:20:21 - [TEST_STEP][PASSED] - verifyElementVisible(findTestObject("06-Teams/03-Edit Team - Private/Successfully edited channel")): Object 'Object Repository/06-Teams/03-Edit Team - Private/Successfully edited channel' is visible

2022-09-23 19:20:22 - [MESSAGE][PASSED] - Object 'Object Repository/06-Teams/03-Edit Team - Private/Successfully edited channel' is visible

2022-09-23 19:20:22 - [TEST_STEP][PASSED] - delay(3): Delayed 3 second(s)

2022-09-23 19:20:25 - [MESSAGE][PASSED] - Delayed 3 second(s)]]></system-out>
         <system-err><![CDATA[]]></system-err>
      </testcase>
      <testcase name="Test Cases/06- Teams/08-Edit Team - Private (deleting a channel)" time="6.278" classname="Test Cases/06- Teams/08-Edit Team - Private (deleting a channel)" status="PASSED">
         <system-out><![CDATA[2022-09-23 19:20:25 - [TEST_CASE][PASSED] - Test Cases/06- Teams/08-Edit Team - Private (deleting a channel): Test Cases/06- Teams/08-Edit Team - Private (deleting a channel)

2022-09-23 19:20:26 - [TEST_STEP][PASSED] - click(findTestObject("06-Teams/03-Edit Team - Private/button_delete channel")): Object: 'Object Repository/06-Teams/03-Edit Team - Private/button_delete channel' is clicked on

2022-09-23 19:20:26 - [MESSAGE][PASSED] - Object: 'Object Repository/06-Teams/03-Edit Team - Private/button_delete channel' is clicked on

2022-09-23 19:20:26 - [TEST_STEP][PASSED] - verifyElementVisible(findTestObject("06-Teams/03-Edit Team - Private/Delete confirm modal")): Object 'Object Repository/06-Teams/03-Edit Team - Private/Delete confirm modal' is visible

2022-09-23 19:20:27 - [MESSAGE][PASSED] - Object 'Object Repository/06-Teams/03-Edit Team - Private/Delete confirm modal' is visible

2022-09-23 19:20:27 - [TEST_STEP][PASSED] - click(findTestObject("06-Teams/03-Edit Team - Private/button_delete")): Object: 'Object Repository/06-Teams/03-Edit Team - Private/button_delete' is clicked on

2022-09-23 19:20:27 - [MESSAGE][PASSED] - Object: 'Object Repository/06-Teams/03-Edit Team - Private/button_delete' is clicked on

2022-09-23 19:20:27 - [TEST_STEP][PASSED] - verifyElementVisible(findTestObject("06-Teams/03-Edit Team - Private/Successfully deleted channel")): Object 'Object Repository/06-Teams/03-Edit Team - Private/Successfully deleted channel' is visible

2022-09-23 19:20:29 - [MESSAGE][PASSED] - Object 'Object Repository/06-Teams/03-Edit Team - Private/Successfully deleted channel' is visible

2022-09-23 19:20:29 - [TEST_STEP][PASSED] - delay(3): Delayed 3 second(s)

2022-09-23 19:20:32 - [MESSAGE][PASSED] - Delayed 3 second(s)]]></system-out>
         <system-err><![CDATA[]]></system-err>
      </testcase>
      <testcase name="Test Cases/06- Teams/09-Edit Team - Private (settings)" time="7.785" classname="Test Cases/06- Teams/09-Edit Team - Private (settings)" status="PASSED">
         <system-out><![CDATA[2022-09-23 19:20:32 - [TEST_CASE][PASSED] - Test Cases/06- Teams/09-Edit Team - Private (settings): Test Cases/06- Teams/09-Edit Team - Private (settings)

2022-09-23 19:20:32 - [TEST_STEP][PASSED] - click(findTestObject("06-Teams/03-Edit Team - Private/div_Settings")): Object: 'Object Repository/06-Teams/03-Edit Team - Private/div_Settings' is clicked on

2022-09-23 19:20:32 - [MESSAGE][PASSED] - Object: 'Object Repository/06-Teams/03-Edit Team - Private/div_Settings' is clicked on

2022-09-23 19:20:32 - [TEST_STEP][PASSED] - delay(3): Delayed 3 second(s)

2022-09-23 19:20:35 - [MESSAGE][PASSED] - Delayed 3 second(s)

2022-09-23 19:20:35 - [TEST_STEP][PASSED] - verifyElementVisible(findTestObject("06-Teams/03-Edit Team - Private/Private_settings")): Object 'Object Repository/06-Teams/03-Edit Team - Private/Private_settings' is visible

2022-09-23 19:20:36 - [MESSAGE][PASSED] - Object 'Object Repository/06-Teams/03-Edit Team - Private/Private_settings' is visible

2022-09-23 19:20:36 - [TEST_STEP][PASSED] - delay(3): Delayed 3 second(s)

2022-09-23 19:20:39 - [MESSAGE][PASSED] - Delayed 3 second(s)

2022-09-23 19:20:39 - [TEST_STEP][PASSED] - closeBrowser(): Browser is closed

2022-09-23 19:20:39 - [MESSAGE][PASSED] - Browser is closed]]></system-out>
         <system-err><![CDATA[]]></system-err>
      </testcase>
      <testcase name="Test Cases/06- Teams/10-Edit Team- Public (adding a channel)" time="97.762" classname="Test Cases/06- Teams/10-Edit Team- Public (adding a channel)" status="PASSED">
         <system-out><![CDATA[2022-09-23 19:20:39 - [TEST_CASE][PASSED] - Test Cases/06- Teams/10-Edit Team- Public (adding a channel): Test Cases/06- Teams/10-Edit Team- Public (adding a channel)

2022-09-23 19:20:40 - [TEST_STEP][PASSED] - openBrowser(""): Browser is opened with url: ''

2022-09-23 19:20:40 - [MESSAGE][INFO] - Starting 'Chrome' driver

2022-09-23 19:20:40 - [MESSAGE][INFO] - Action delay is set to 0 milliseconds

2022-09-23 19:20:41 - [MESSAGE][PASSED] - Browser is opened with url: ''

2022-09-23 19:20:41 - [TEST_STEP][PASSED] - navigateToUrl("https://lab.everleagues.com/"): Navigate to 'https://lab.everleagues.com/' successfully

2022-09-23 19:21:00 - [MESSAGE][PASSED] - Navigate to 'https://lab.everleagues.com/' successfully

2022-09-23 19:21:00 - [TEST_STEP][PASSED] - maximizeWindow(): Current window maximized

2022-09-23 19:21:00 - [MESSAGE][PASSED] - Current window maximized

2022-09-23 19:21:00 - [TEST_STEP][PASSED] - setText(findTestObject("02-Side Icons(Organization)/Add Contact/Email Field"), "testuser02@mailinator.com"): Text 'testuser02@mailinator.com' is set on object 'Object Repository/02-Side Icons(Organization)/Add Contact/Email Field'

2022-09-23 19:21:01 - [MESSAGE][PASSED] - Text 'testuser02@mailinator.com' is set on object 'Object Repository/02-Side Icons(Organization)/Add Contact/Email Field'

2022-09-23 19:21:01 - [TEST_STEP][PASSED] - setEncryptedText(findTestObject("02-Side Icons(Organization)/Add Contact/Password Field"), "8yFRyszE6U6jvsCn51OQbg=="): Text ****** has been set on object 'Object Repository/02-Side Icons(Organization)/Add Contact/Password Field'

2022-09-23 19:21:02 - [MESSAGE][PASSED] - Text ****** has been set on object 'Object Repository/02-Side Icons(Organization)/Add Contact/Password Field'

2022-09-23 19:21:02 - [TEST_STEP][PASSED] - click(findTestObject("02-Side Icons(Organization)/Add Contact/button_Sign in")): Object: 'Object Repository/02-Side Icons(Organization)/Add Contact/button_Sign in' is clicked on

2022-09-23 19:21:02 - [MESSAGE][PASSED] - Object: 'Object Repository/02-Side Icons(Organization)/Add Contact/button_Sign in' is clicked on

2022-09-23 19:21:02 - [TEST_STEP][PASSED] - delay(3): Delayed 3 second(s)

2022-09-23 19:21:05 - [MESSAGE][PASSED] - Delayed 3 second(s)

2022-09-23 19:21:05 - [TEST_STEP][PASSED] - click(findTestObject("06-Teams/For 2FA/button_Confirm_2FA")): Object: 'Object Repository/06-Teams/For 2FA/button_Confirm_2FA' is clicked on

2022-09-23 19:21:06 - [MESSAGE][PASSED] - Object: 'Object Repository/06-Teams/For 2FA/button_Confirm_2FA' is clicked on

2022-09-23 19:21:06 - [TEST_STEP][PASSED] - executeJavaScript("window.open();", []): Execute JavaScript 'window.open();' successfully

2022-09-23 19:21:06 - [MESSAGE][PASSED] - Execute JavaScript 'window.open();' successfully

2022-09-23 19:21:06 - [TEST_STEP][PASSED] - currentWindow = getWindowIndex(): Current window's index is: 0

2022-09-23 19:21:06 - [MESSAGE][PASSED] - Current window's index is: 0

2022-09-23 19:21:06 - [TEST_STEP][PASSED] - delay(3): Delayed 3 second(s)

2022-09-23 19:21:09 - [MESSAGE][PASSED] - Delayed 3 second(s)

2022-09-23 19:21:09 - [TEST_STEP][PASSED] - switchToWindowIndex(currentWindow + 1): Switched to window with index: '1'

2022-09-23 19:21:09 - [MESSAGE][PASSED] - Switched to window with index: '1'

2022-09-23 19:21:09 - [TEST_STEP][PASSED] - navigateToUrl("https://www.mailinator.com/"): Navigate to 'https://www.mailinator.com/' successfully

2022-09-23 19:21:11 - [MESSAGE][PASSED] - Navigate to 'https://www.mailinator.com/' successfully

2022-09-23 19:21:11 - [TEST_STEP][PASSED] - delay(3): Delayed 3 second(s)

2022-09-23 19:21:14 - [MESSAGE][PASSED] - Delayed 3 second(s)

2022-09-23 19:21:14 - [TEST_STEP][PASSED] - setText(findTestObject("00-Signup and Activation/zMailinator/input_LOGIN_search"), "testuser02@mailinator.com"): Text 'testuser02@mailinator.com' is set on object 'Object Repository/00-Signup and Activation/zMailinator/input_LOGIN_search'

2022-09-23 19:21:15 - [MESSAGE][PASSED] - Text 'testuser02@mailinator.com' is set on object 'Object Repository/00-Signup and Activation/zMailinator/input_LOGIN_search'

2022-09-23 19:21:15 - [TEST_STEP][PASSED] - click(findTestObject("00-Signup and Activation/zMailinator/gobutton"), STOP_ON_FAILURE): Object: 'Object Repository/00-Signup and Activation/zMailinator/gobutton' is clicked on

2022-09-23 19:21:16 - [MESSAGE][PASSED] - Object: 'Object Repository/00-Signup and Activation/zMailinator/gobutton' is clicked on

2022-09-23 19:21:16 - [TEST_STEP][PASSED] - delay(3): Delayed 3 second(s)

2022-09-23 19:21:19 - [MESSAGE][PASSED] - Delayed 3 second(s)

2022-09-23 19:21:19 - [TEST_STEP][PASSED] - click(findTestObject("00-Signup and Activation/zMailinator/Email - everleagues")): Object: 'Object Repository/00-Signup and Activation/zMailinator/Email - everleagues' is clicked on

2022-09-23 19:21:19 - [MESSAGE][PASSED] - Object: 'Object Repository/00-Signup and Activation/zMailinator/Email - everleagues' is clicked on

2022-09-23 19:21:19 - [TEST_STEP][PASSED] - delay(3): Delayed 3 second(s)

2022-09-23 19:21:22 - [MESSAGE][PASSED] - Delayed 3 second(s)

2022-09-23 19:21:22 - [TEST_STEP][PASSED] - code = getText(findTestObject("Object Repository/06-Teams/For 2FA/2FA code")): Text of object 'Object Repository/06-Teams/For 2FA/2FA code' is: '327642'

2022-09-23 19:21:23 - [MESSAGE][PASSED] - Text of object 'Object Repository/06-Teams/For 2FA/2FA code' is: '327642'

2022-09-23 19:21:23 - [TEST_STEP][PASSED] - delay(3): Delayed 3 second(s)

2022-09-23 19:21:26 - [MESSAGE][PASSED] - Delayed 3 second(s)

2022-09-23 19:21:26 - [TEST_STEP][PASSED] - closeWindowTitle("Mailinator"): Window with title: 'Mailinator' is closed

2022-09-23 19:21:26 - [MESSAGE][PASSED] - Window with title: 'Mailinator' is closed

2022-09-23 19:21:26 - [TEST_STEP][PASSED] - delay(3): Delayed 3 second(s)

2022-09-23 19:21:29 - [MESSAGE][PASSED] - Delayed 3 second(s)

2022-09-23 19:21:29 - [TEST_STEP][PASSED] - switchToWindowIndex(0): Switched to window with index: '0'

2022-09-23 19:21:29 - [MESSAGE][PASSED] - Switched to window with index: '0'

2022-09-23 19:21:29 - [TEST_STEP][PASSED] - delay(3): Delayed 3 second(s)

2022-09-23 19:21:32 - [MESSAGE][PASSED] - Delayed 3 second(s)

2022-09-23 19:21:32 - [TEST_STEP][PASSED] - setText(findTestObject("Object Repository/06-Teams/For 2FA/input_Enter verification code_code"), code): Text '327642' is set on object 'Object Repository/06-Teams/For 2FA/input_Enter verification code_code'

2022-09-23 19:21:33 - [MESSAGE][PASSED] - Text '327642' is set on object 'Object Repository/06-Teams/For 2FA/input_Enter verification code_code'

2022-09-23 19:21:33 - [TEST_STEP][PASSED] - delay(3): Delayed 3 second(s)

2022-09-23 19:21:36 - [MESSAGE][PASSED] - Delayed 3 second(s)

2022-09-23 19:21:36 - [TEST_STEP][PASSED] - click(findTestObject("06-Teams/For 2FA/button_Verify_2FA")): Object: 'Object Repository/06-Teams/For 2FA/button_Verify_2FA' is clicked on

2022-09-23 19:21:37 - [MESSAGE][PASSED] - Object: 'Object Repository/06-Teams/For 2FA/button_Verify_2FA' is clicked on

2022-09-23 19:21:37 - [TEST_STEP][PASSED] - delay(5): Delayed 5 second(s)

2022-09-23 19:21:42 - [MESSAGE][PASSED] - Delayed 5 second(s)

2022-09-23 19:21:42 - [TEST_STEP][PASSED] - click(findTestObject("06-Teams/button_doublearrow")): Object: 'Object Repository/06-Teams/button_doublearrow' is clicked on

2022-09-23 19:21:42 - [MESSAGE][PASSED] - Object: 'Object Repository/06-Teams/button_doublearrow' is clicked on

2022-09-23 19:21:42 - [TEST_STEP][PASSED] - click(findTestObject("06-Teams/button_My Organizations")): Object: 'Object Repository/06-Teams/button_My Organizations' is clicked on

2022-09-23 19:21:43 - [MESSAGE][PASSED] - Object: 'Object Repository/06-Teams/button_My Organizations' is clicked on

2022-09-23 19:21:43 - [TEST_STEP][PASSED] - click(findTestObject("06-Teams/button_GG Automation")): Object: 'Object Repository/06-Teams/button_GG Automation' is clicked on

2022-09-23 19:21:44 - [MESSAGE][PASSED] - Object: 'Object Repository/06-Teams/button_GG Automation' is clicked on

2022-09-23 19:21:44 - [TEST_STEP][PASSED] - delay(4): Delayed 4 second(s)

2022-09-23 19:21:48 - [MESSAGE][PASSED] - Delayed 4 second(s)

2022-09-23 19:21:48 - [TEST_STEP][PASSED] - verifyElementVisible(findTestObject("06-Teams/span_GG Automation")): Object 'Object Repository/06-Teams/span_GG Automation' is visible

2022-09-23 19:21:48 - [MESSAGE][PASSED] - Object 'Object Repository/06-Teams/span_GG Automation' is visible

2022-09-23 19:21:48 - [TEST_STEP][PASSED] - delay(2): Delayed 2 second(s)

2022-09-23 19:21:50 - [MESSAGE][PASSED] - Delayed 2 second(s)

2022-09-23 19:21:50 - [TEST_STEP][PASSED] - click(findTestObject("03-Header Menu/Hamburger Button/div_Teams")): Object: 'Object Repository/03-Header Menu/Hamburger Button/div_Teams' is clicked on

2022-09-23 19:21:50 - [MESSAGE][PASSED] - Object: 'Object Repository/03-Header Menu/Hamburger Button/div_Teams' is clicked on

2022-09-23 19:21:50 - [TEST_STEP][PASSED] - delay(2): Delayed 2 second(s)

2022-09-23 19:21:52 - [MESSAGE][PASSED] - Delayed 2 second(s)

2022-09-23 19:21:52 - [TEST_STEP][PASSED] - verifyElementVisible(findTestObject("06-Teams/h4_TEAMS")): Object 'Object Repository/06-Teams/h4_TEAMS' is visible

2022-09-23 19:21:53 - [MESSAGE][PASSED] - Object 'Object Repository/06-Teams/h4_TEAMS' is visible

2022-09-23 19:21:53 - [TEST_STEP][PASSED] - delay(3): Delayed 3 second(s)

2022-09-23 19:21:56 - [MESSAGE][PASSED] - Delayed 3 second(s)

2022-09-23 19:21:56 - [TEST_STEP][PASSED] - click(findTestObject("06-Teams/04-Edit Team-Public/button_edit Auto Team Public")): Object: 'Object Repository/06-Teams/04-Edit Team-Public/button_edit Auto Team Public' is clicked on

2022-09-23 19:21:56 - [MESSAGE][PASSED] - Object: 'Object Repository/06-Teams/04-Edit Team-Public/button_edit Auto Team Public' is clicked on

2022-09-23 19:21:56 - [TEST_STEP][PASSED] - verifyElementVisible(findTestObject("06-Teams/04-Edit Team-Public/h4_Edit Auto Team Public")): Object 'Object Repository/06-Teams/04-Edit Team-Public/h4_Edit Auto Team Public' is visible

2022-09-23 19:21:57 - [MESSAGE][PASSED] - Object 'Object Repository/06-Teams/04-Edit Team-Public/h4_Edit Auto Team Public' is visible

2022-09-23 19:21:57 - [TEST_STEP][PASSED] - delay(3): Delayed 3 second(s)

2022-09-23 19:22:00 - [MESSAGE][PASSED] - Delayed 3 second(s)

2022-09-23 19:22:00 - [TEST_STEP][PASSED] - click(findTestObject("06-Teams/03-Edit Team - Private/div_Add Channel")): Object: 'Object Repository/06-Teams/03-Edit Team - Private/div_Add Channel' is clicked on

2022-09-23 19:22:00 - [MESSAGE][PASSED] - Object: 'Object Repository/06-Teams/03-Edit Team - Private/div_Add Channel' is clicked on

2022-09-23 19:22:00 - [TEST_STEP][PASSED] - verifyElementVisible(findTestObject("06-Teams/03-Edit Team - Private/add channel modal")): Object 'Object Repository/06-Teams/03-Edit Team - Private/add channel modal' is visible

2022-09-23 19:22:01 - [MESSAGE][PASSED] - Object 'Object Repository/06-Teams/03-Edit Team - Private/add channel modal' is visible

2022-09-23 19:22:01 - [TEST_STEP][PASSED] - verifyElementNotClickable(findTestObject("06-Teams/03-Edit Team - Private/button_Add")): Object 'Object Repository/06-Teams/03-Edit Team - Private/button_Add' is NOT clickable

2022-09-23 19:22:01 - [MESSAGE][PASSED] - Object 'Object Repository/06-Teams/03-Edit Team - Private/button_Add' is NOT clickable

2022-09-23 19:22:01 - [TEST_STEP][PASSED] - delay(3): Delayed 3 second(s)

2022-09-23 19:22:04 - [MESSAGE][PASSED] - Delayed 3 second(s)

2022-09-23 19:22:04 - [TEST_STEP][PASSED] - click(findTestObject("06-Teams/03-Edit Team - Private/input_channel name")): Object: 'Object Repository/06-Teams/03-Edit Team - Private/input_channel name' is clicked on

2022-09-23 19:22:04 - [MESSAGE][PASSED] - Object: 'Object Repository/06-Teams/03-Edit Team - Private/input_channel name' is clicked on

2022-09-23 19:22:04 - [TEST_STEP][PASSED] - click(findTestObject("06-Teams/03-Edit Team - Private/h4_Add Channel")): Object: 'Object Repository/06-Teams/03-Edit Team - Private/h4_Add Channel' is clicked on

2022-09-23 19:22:05 - [MESSAGE][PASSED] - Object: 'Object Repository/06-Teams/03-Edit Team - Private/h4_Add Channel' is clicked on

2022-09-23 19:22:05 - [TEST_STEP][PASSED] - verifyElementVisible(findTestObject("06-Teams/03-Edit Team - Private/div_Channel Name Field is required")): Object 'Object Repository/06-Teams/03-Edit Team - Private/div_Channel Name Field is required' is visible

2022-09-23 19:22:05 - [MESSAGE][PASSED] - Object 'Object Repository/06-Teams/03-Edit Team - Private/div_Channel Name Field is required' is visible

2022-09-23 19:22:05 - [TEST_STEP][PASSED] - delay(3): Delayed 3 second(s)

2022-09-23 19:22:08 - [MESSAGE][PASSED] - Delayed 3 second(s)

2022-09-23 19:22:08 - [TEST_STEP][PASSED] - setText(findTestObject("06-Teams/03-Edit Team - Private/input_channel name"), "Auto Channel"): Text 'Auto Channel' is set on object 'Object Repository/06-Teams/03-Edit Team - Private/input_channel name'

2022-09-23 19:22:09 - [MESSAGE][PASSED] - Text 'Auto Channel' is set on object 'Object Repository/06-Teams/03-Edit Team - Private/input_channel name'

2022-09-23 19:22:09 - [TEST_STEP][PASSED] - click(findTestObject("06-Teams/03-Edit Team - Private/button_Add")): Object: 'Object Repository/06-Teams/03-Edit Team - Private/button_Add' is clicked on

2022-09-23 19:22:10 - [MESSAGE][PASSED] - Object: 'Object Repository/06-Teams/03-Edit Team - Private/button_Add' is clicked on

2022-09-23 19:22:10 - [TEST_STEP][PASSED] - verifyElementVisible(findTestObject("06-Teams/03-Edit Team - Private/Successfully added channel to team")): Object 'Object Repository/06-Teams/03-Edit Team - Private/Successfully added channel to team' is visible

2022-09-23 19:22:11 - [MESSAGE][PASSED] - Object 'Object Repository/06-Teams/03-Edit Team - Private/Successfully added channel to team' is visible

2022-09-23 19:22:11 - [TEST_STEP][PASSED] - delay(3): Delayed 3 second(s)

2022-09-23 19:22:14 - [MESSAGE][PASSED] - Delayed 3 second(s)

2022-09-23 19:22:14 - [TEST_STEP][PASSED] - verifyElementVisible(findTestObject("06-Teams/03-Edit Team - Private/div_Auto Channel")): Object 'Object Repository/06-Teams/03-Edit Team - Private/div_Auto Channel' is visible

2022-09-23 19:22:14 - [MESSAGE][PASSED] - Object 'Object Repository/06-Teams/03-Edit Team - Private/div_Auto Channel' is visible

2022-09-23 19:22:14 - [TEST_STEP][PASSED] - delay(3): Delayed 3 second(s)

2022-09-23 19:22:17 - [MESSAGE][PASSED] - Delayed 3 second(s)]]></system-out>
         <system-err><![CDATA[]]></system-err>
      </testcase>
      <testcase name="Test Cases/06- Teams/11-Edit Team- Public (editing a channel)" time="10.462" classname="Test Cases/06- Teams/11-Edit Team- Public (editing a channel)" status="PASSED">
         <system-out><![CDATA[2022-09-23 19:22:17 - [TEST_CASE][PASSED] - Test Cases/06- Teams/11-Edit Team- Public (editing a channel): Test Cases/06- Teams/11-Edit Team- Public (editing a channel)

2022-09-23 19:22:17 - [TEST_STEP][PASSED] - click(findTestObject("06-Teams/03-Edit Team - Private/button_edit channel")): Object: 'Object Repository/06-Teams/03-Edit Team - Private/button_edit channel' is clicked on

2022-09-23 19:22:18 - [MESSAGE][PASSED] - Object: 'Object Repository/06-Teams/03-Edit Team - Private/button_edit channel' is clicked on

2022-09-23 19:22:18 - [TEST_STEP][PASSED] - verifyElementVisible(findTestObject("06-Teams/03-Edit Team - Private/Edit channel modal")): Object 'Object Repository/06-Teams/03-Edit Team - Private/Edit channel modal' is visible

2022-09-23 19:22:19 - [MESSAGE][PASSED] - Object 'Object Repository/06-Teams/03-Edit Team - Private/Edit channel modal' is visible

2022-09-23 19:22:19 - [TEST_STEP][PASSED] - verifyElementNotClickable(findTestObject("06-Teams/03-Edit Team - Private/button_Save")): Object 'Object Repository/06-Teams/03-Edit Team - Private/button_Save' is NOT clickable

2022-09-23 19:22:19 - [MESSAGE][PASSED] - Object 'Object Repository/06-Teams/03-Edit Team - Private/button_Save' is NOT clickable

2022-09-23 19:22:19 - [TEST_STEP][PASSED] - delay(3): Delayed 3 second(s)

2022-09-23 19:22:22 - [MESSAGE][PASSED] - Delayed 3 second(s)

2022-09-23 19:22:22 - [TEST_STEP][PASSED] - setText(findTestObject("06-Teams/03-Edit Team - Private/input_Edit Channel name"), "Auto Channel Edit"): Text 'Auto Channel Edit' is set on object 'Object Repository/06-Teams/03-Edit Team - Private/input_Edit Channel name'

2022-09-23 19:22:23 - [MESSAGE][PASSED] - Text 'Auto Channel Edit' is set on object 'Object Repository/06-Teams/03-Edit Team - Private/input_Edit Channel name'

2022-09-23 19:22:23 - [TEST_STEP][PASSED] - click(findTestObject("06-Teams/03-Edit Team - Private/button_Save")): Object: 'Object Repository/06-Teams/03-Edit Team - Private/button_Save' is clicked on

2022-09-23 19:22:23 - [MESSAGE][PASSED] - Object: 'Object Repository/06-Teams/03-Edit Team - Private/button_Save' is clicked on

2022-09-23 19:22:23 - [TEST_STEP][PASSED] - verifyElementVisible(findTestObject("06-Teams/03-Edit Team - Private/Successfully edited channel")): Object 'Object Repository/06-Teams/03-Edit Team - Private/Successfully edited channel' is visible

2022-09-23 19:22:25 - [MESSAGE][PASSED] - Object 'Object Repository/06-Teams/03-Edit Team - Private/Successfully edited channel' is visible

2022-09-23 19:22:25 - [TEST_STEP][PASSED] - delay(3): Delayed 3 second(s)

2022-09-23 19:22:28 - [MESSAGE][PASSED] - Delayed 3 second(s)]]></system-out>
         <system-err><![CDATA[]]></system-err>
      </testcase>
      <testcase name="Test Cases/06- Teams/12-Edit Team- Public (deleting a channel)" time="6.198" classname="Test Cases/06- Teams/12-Edit Team- Public (deleting a channel)" status="PASSED">
         <system-out><![CDATA[2022-09-23 19:22:28 - [TEST_CASE][PASSED] - Test Cases/06- Teams/12-Edit Team- Public (deleting a channel): Test Cases/06- Teams/12-Edit Team- Public (deleting a channel)

2022-09-23 19:22:28 - [TEST_STEP][PASSED] - click(findTestObject("06-Teams/03-Edit Team - Private/button_delete channel")): Object: 'Object Repository/06-Teams/03-Edit Team - Private/button_delete channel' is clicked on

2022-09-23 19:22:28 - [MESSAGE][PASSED] - Object: 'Object Repository/06-Teams/03-Edit Team - Private/button_delete channel' is clicked on

2022-09-23 19:22:28 - [TEST_STEP][PASSED] - verifyElementVisible(findTestObject("06-Teams/03-Edit Team - Private/Delete confirm modal")): Object 'Object Repository/06-Teams/03-Edit Team - Private/Delete confirm modal' is visible

2022-09-23 19:22:29 - [MESSAGE][PASSED] - Object 'Object Repository/06-Teams/03-Edit Team - Private/Delete confirm modal' is visible

2022-09-23 19:22:29 - [TEST_STEP][PASSED] - click(findTestObject("06-Teams/03-Edit Team - Private/button_delete")): Object: 'Object Repository/06-Teams/03-Edit Team - Private/button_delete' is clicked on

2022-09-23 19:22:30 - [MESSAGE][PASSED] - Object: 'Object Repository/06-Teams/03-Edit Team - Private/button_delete' is clicked on

2022-09-23 19:22:30 - [TEST_STEP][PASSED] - verifyElementVisible(findTestObject("06-Teams/03-Edit Team - Private/Successfully deleted channel")): Object 'Object Repository/06-Teams/03-Edit Team - Private/Successfully deleted channel' is visible

2022-09-23 19:22:31 - [MESSAGE][PASSED] - Object 'Object Repository/06-Teams/03-Edit Team - Private/Successfully deleted channel' is visible

2022-09-23 19:22:31 - [TEST_STEP][PASSED] - delay(3): Delayed 3 second(s)

2022-09-23 19:22:34 - [MESSAGE][PASSED] - Delayed 3 second(s)]]></system-out>
         <system-err><![CDATA[]]></system-err>
      </testcase>
      <testcase name="Test Cases/06- Teams/13-Edit Team- Public (settings)" time="7.762" classname="Test Cases/06- Teams/13-Edit Team- Public (settings)" status="PASSED">
         <system-out><![CDATA[2022-09-23 19:22:34 - [TEST_CASE][PASSED] - Test Cases/06- Teams/13-Edit Team- Public (settings): Test Cases/06- Teams/13-Edit Team- Public (settings)

2022-09-23 19:22:34 - [TEST_STEP][PASSED] - click(findTestObject("06-Teams/03-Edit Team - Private/div_Settings")): Object: 'Object Repository/06-Teams/03-Edit Team - Private/div_Settings' is clicked on

2022-09-23 19:22:35 - [MESSAGE][PASSED] - Object: 'Object Repository/06-Teams/03-Edit Team - Private/div_Settings' is clicked on

2022-09-23 19:22:35 - [TEST_STEP][PASSED] - delay(3): Delayed 3 second(s)

2022-09-23 19:22:38 - [MESSAGE][PASSED] - Delayed 3 second(s)

2022-09-23 19:22:38 - [TEST_STEP][PASSED] - verifyElementVisible(findTestObject("06-Teams/04-Edit Team-Public/Public_settings")): Object 'Object Repository/06-Teams/04-Edit Team-Public/Public_settings' is visible

2022-09-23 19:22:38 - [MESSAGE][PASSED] - Object 'Object Repository/06-Teams/04-Edit Team-Public/Public_settings' is visible

2022-09-23 19:22:38 - [TEST_STEP][PASSED] - delay(3): Delayed 3 second(s)

2022-09-23 19:22:41 - [MESSAGE][PASSED] - Delayed 3 second(s)

2022-09-23 19:22:41 - [TEST_STEP][PASSED] - closeBrowser(): Browser is closed

2022-09-23 19:22:42 - [MESSAGE][PASSED] - Browser is closed]]></system-out>
         <system-err><![CDATA[]]></system-err>
      </testcase>
      <testcase name="Test Cases/06- Teams/14 - Teams - General Channel (attaching PDF)" time="86.238" classname="Test Cases/06- Teams/14 - Teams - General Channel (attaching PDF)" status="PASSED">
         <system-out><![CDATA[2022-09-23 19:22:42 - [TEST_CASE][PASSED] - Test Cases/06- Teams/14 - Teams - General Channel (attaching PDF): Test Cases/06- Teams/14 - Teams - General Channel (attaching PDF)

2022-09-23 19:22:42 - [TEST_STEP][PASSED] - openBrowser(""): Browser is opened with url: ''

2022-09-23 19:22:42 - [MESSAGE][INFO] - Starting 'Chrome' driver

2022-09-23 19:22:42 - [MESSAGE][INFO] - Action delay is set to 0 milliseconds

2022-09-23 19:22:43 - [MESSAGE][PASSED] - Browser is opened with url: ''

2022-09-23 19:22:43 - [TEST_STEP][PASSED] - navigateToUrl("https://lab.everleagues.com/"): Navigate to 'https://lab.everleagues.com/' successfully

2022-09-23 19:22:56 - [MESSAGE][PASSED] - Navigate to 'https://lab.everleagues.com/' successfully

2022-09-23 19:22:56 - [TEST_STEP][PASSED] - maximizeWindow(): Current window maximized

2022-09-23 19:22:56 - [MESSAGE][PASSED] - Current window maximized

2022-09-23 19:22:56 - [TEST_STEP][PASSED] - setText(findTestObject("02-Side Icons(Organization)/Add Contact/Email Field"), "testuser02@mailinator.com"): Text 'testuser02@mailinator.com' is set on object 'Object Repository/02-Side Icons(Organization)/Add Contact/Email Field'

2022-09-23 19:22:56 - [MESSAGE][PASSED] - Text 'testuser02@mailinator.com' is set on object 'Object Repository/02-Side Icons(Organization)/Add Contact/Email Field'

2022-09-23 19:22:56 - [TEST_STEP][PASSED] - setEncryptedText(findTestObject("02-Side Icons(Organization)/Add Contact/Password Field"), "8yFRyszE6U6jvsCn51OQbg=="): Text ****** has been set on object 'Object Repository/02-Side Icons(Organization)/Add Contact/Password Field'

2022-09-23 19:22:57 - [MESSAGE][PASSED] - Text ****** has been set on object 'Object Repository/02-Side Icons(Organization)/Add Contact/Password Field'

2022-09-23 19:22:57 - [TEST_STEP][PASSED] - click(findTestObject("02-Side Icons(Organization)/Add Contact/button_Sign in")): Object: 'Object Repository/02-Side Icons(Organization)/Add Contact/button_Sign in' is clicked on

2022-09-23 19:22:58 - [MESSAGE][PASSED] - Object: 'Object Repository/02-Side Icons(Organization)/Add Contact/button_Sign in' is clicked on

2022-09-23 19:22:58 - [TEST_STEP][PASSED] - delay(3): Delayed 3 second(s)

2022-09-23 19:23:01 - [MESSAGE][PASSED] - Delayed 3 second(s)

2022-09-23 19:23:01 - [TEST_STEP][PASSED] - click(findTestObject("06-Teams/For 2FA/button_Confirm_2FA")): Object: 'Object Repository/06-Teams/For 2FA/button_Confirm_2FA' is clicked on

2022-09-23 19:23:01 - [MESSAGE][PASSED] - Object: 'Object Repository/06-Teams/For 2FA/button_Confirm_2FA' is clicked on

2022-09-23 19:23:01 - [TEST_STEP][PASSED] - executeJavaScript("window.open();", []): Execute JavaScript 'window.open();' successfully

2022-09-23 19:23:01 - [MESSAGE][PASSED] - Execute JavaScript 'window.open();' successfully

2022-09-23 19:23:01 - [TEST_STEP][PASSED] - currentWindow = getWindowIndex(): Current window's index is: 0

2022-09-23 19:23:01 - [MESSAGE][PASSED] - Current window's index is: 0

2022-09-23 19:23:01 - [TEST_STEP][PASSED] - delay(3): Delayed 3 second(s)

2022-09-23 19:23:04 - [MESSAGE][PASSED] - Delayed 3 second(s)

2022-09-23 19:23:04 - [TEST_STEP][PASSED] - switchToWindowIndex(currentWindow + 1): Switched to window with index: '1'

2022-09-23 19:23:04 - [MESSAGE][PASSED] - Switched to window with index: '1'

2022-09-23 19:23:04 - [TEST_STEP][PASSED] - navigateToUrl("https://www.mailinator.com/"): Navigate to 'https://www.mailinator.com/' successfully

2022-09-23 19:23:06 - [MESSAGE][PASSED] - Navigate to 'https://www.mailinator.com/' successfully

2022-09-23 19:23:06 - [TEST_STEP][PASSED] - delay(3): Delayed 3 second(s)

2022-09-23 19:23:09 - [MESSAGE][PASSED] - Delayed 3 second(s)

2022-09-23 19:23:09 - [TEST_STEP][PASSED] - setText(findTestObject("00-Signup and Activation/zMailinator/input_LOGIN_search"), "testuser02@mailinator.com"): Text 'testuser02@mailinator.com' is set on object 'Object Repository/00-Signup and Activation/zMailinator/input_LOGIN_search'

2022-09-23 19:23:10 - [MESSAGE][PASSED] - Text 'testuser02@mailinator.com' is set on object 'Object Repository/00-Signup and Activation/zMailinator/input_LOGIN_search'

2022-09-23 19:23:10 - [TEST_STEP][PASSED] - click(findTestObject("00-Signup and Activation/zMailinator/gobutton"), STOP_ON_FAILURE): Object: 'Object Repository/00-Signup and Activation/zMailinator/gobutton' is clicked on

2022-09-23 19:23:11 - [MESSAGE][PASSED] - Object: 'Object Repository/00-Signup and Activation/zMailinator/gobutton' is clicked on

2022-09-23 19:23:11 - [TEST_STEP][PASSED] - delay(3): Delayed 3 second(s)

2022-09-23 19:23:14 - [MESSAGE][PASSED] - Delayed 3 second(s)

2022-09-23 19:23:14 - [TEST_STEP][PASSED] - click(findTestObject("00-Signup and Activation/zMailinator/Email - everleagues")): Object: 'Object Repository/00-Signup and Activation/zMailinator/Email - everleagues' is clicked on

2022-09-23 19:23:14 - [MESSAGE][PASSED] - Object: 'Object Repository/00-Signup and Activation/zMailinator/Email - everleagues' is clicked on

2022-09-23 19:23:14 - [TEST_STEP][PASSED] - delay(3): Delayed 3 second(s)

2022-09-23 19:23:17 - [MESSAGE][PASSED] - Delayed 3 second(s)

2022-09-23 19:23:17 - [TEST_STEP][PASSED] - code = getText(findTestObject("Object Repository/06-Teams/For 2FA/2FA code")): Text of object 'Object Repository/06-Teams/For 2FA/2FA code' is: '206670'

2022-09-23 19:23:18 - [MESSAGE][PASSED] - Text of object 'Object Repository/06-Teams/For 2FA/2FA code' is: '206670'

2022-09-23 19:23:18 - [TEST_STEP][PASSED] - delay(3): Delayed 3 second(s)

2022-09-23 19:23:21 - [MESSAGE][PASSED] - Delayed 3 second(s)

2022-09-23 19:23:21 - [TEST_STEP][PASSED] - closeWindowTitle("Mailinator"): Window with title: 'Mailinator' is closed

2022-09-23 19:23:21 - [MESSAGE][PASSED] - Window with title: 'Mailinator' is closed

2022-09-23 19:23:21 - [TEST_STEP][PASSED] - delay(3): Delayed 3 second(s)

2022-09-23 19:23:24 - [MESSAGE][PASSED] - Delayed 3 second(s)

2022-09-23 19:23:24 - [TEST_STEP][PASSED] - switchToWindowIndex(0): Switched to window with index: '0'

2022-09-23 19:23:24 - [MESSAGE][PASSED] - Switched to window with index: '0'

2022-09-23 19:23:24 - [TEST_STEP][PASSED] - delay(3): Delayed 3 second(s)

2022-09-23 19:23:27 - [MESSAGE][PASSED] - Delayed 3 second(s)

2022-09-23 19:23:27 - [TEST_STEP][PASSED] - setText(findTestObject("Object Repository/06-Teams/For 2FA/input_Enter verification code_code"), code): Text '206670' is set on object 'Object Repository/06-Teams/For 2FA/input_Enter verification code_code'

2022-09-23 19:23:28 - [MESSAGE][PASSED] - Text '206670' is set on object 'Object Repository/06-Teams/For 2FA/input_Enter verification code_code'

2022-09-23 19:23:28 - [TEST_STEP][PASSED] - delay(3): Delayed 3 second(s)

2022-09-23 19:23:31 - [MESSAGE][PASSED] - Delayed 3 second(s)

2022-09-23 19:23:31 - [TEST_STEP][PASSED] - click(findTestObject("06-Teams/For 2FA/button_Verify_2FA")): Object: 'Object Repository/06-Teams/For 2FA/button_Verify_2FA' is clicked on

2022-09-23 19:23:31 - [MESSAGE][PASSED] - Object: 'Object Repository/06-Teams/For 2FA/button_Verify_2FA' is clicked on

2022-09-23 19:23:31 - [TEST_STEP][PASSED] - delay(5): Delayed 5 second(s)

2022-09-23 19:23:36 - [MESSAGE][PASSED] - Delayed 5 second(s)

2022-09-23 19:23:36 - [TEST_STEP][PASSED] - click(findTestObject("06-Teams/button_doublearrow")): Object: 'Object Repository/06-Teams/button_doublearrow' is clicked on

2022-09-23 19:23:38 - [MESSAGE][PASSED] - Object: 'Object Repository/06-Teams/button_doublearrow' is clicked on

2022-09-23 19:23:38 - [TEST_STEP][PASSED] - click(findTestObject("06-Teams/button_My Organizations")): Object: 'Object Repository/06-Teams/button_My Organizations' is clicked on

2022-09-23 19:23:38 - [MESSAGE][PASSED] - Object: 'Object Repository/06-Teams/button_My Organizations' is clicked on

2022-09-23 19:23:38 - [TEST_STEP][PASSED] - click(findTestObject("06-Teams/button_GG Automation")): Object: 'Object Repository/06-Teams/button_GG Automation' is clicked on

2022-09-23 19:23:39 - [MESSAGE][PASSED] - Object: 'Object Repository/06-Teams/button_GG Automation' is clicked on

2022-09-23 19:23:39 - [TEST_STEP][PASSED] - delay(4): Delayed 4 second(s)

2022-09-23 19:23:43 - [MESSAGE][PASSED] - Delayed 4 second(s)

2022-09-23 19:23:43 - [TEST_STEP][PASSED] - verifyElementVisible(findTestObject("06-Teams/span_GG Automation")): Object 'Object Repository/06-Teams/span_GG Automation' is visible

2022-09-23 19:23:43 - [MESSAGE][PASSED] - Object 'Object Repository/06-Teams/span_GG Automation' is visible

2022-09-23 19:23:43 - [TEST_STEP][PASSED] - delay(2): Delayed 2 second(s)

2022-09-23 19:23:45 - [MESSAGE][PASSED] - Delayed 2 second(s)

2022-09-23 19:23:45 - [TEST_STEP][PASSED] - click(findTestObject("03-Header Menu/Hamburger Button/div_Teams")): Object: 'Object Repository/03-Header Menu/Hamburger Button/div_Teams' is clicked on

2022-09-23 19:23:46 - [MESSAGE][PASSED] - Object: 'Object Repository/03-Header Menu/Hamburger Button/div_Teams' is clicked on

2022-09-23 19:23:46 - [TEST_STEP][PASSED] - delay(2): Delayed 2 second(s)

2022-09-23 19:23:48 - [MESSAGE][PASSED] - Delayed 2 second(s)

2022-09-23 19:23:48 - [TEST_STEP][PASSED] - verifyElementVisible(findTestObject("06-Teams/h4_TEAMS")): Object 'Object Repository/06-Teams/h4_TEAMS' is visible

2022-09-23 19:23:48 - [MESSAGE][PASSED] - Object 'Object Repository/06-Teams/h4_TEAMS' is visible

2022-09-23 19:23:48 - [TEST_STEP][PASSED] - delay(3): Delayed 3 second(s)

2022-09-23 19:23:51 - [MESSAGE][PASSED] - Delayed 3 second(s)

2022-09-23 19:23:51 - [TEST_STEP][PASSED] - click(findTestObject("06-Teams/05- Teams-General Channel/div_General")): Object: 'Object Repository/06-Teams/05- Teams-General Channel/div_General' is clicked on

2022-09-23 19:23:51 - [MESSAGE][PASSED] - Object: 'Object Repository/06-Teams/05- Teams-General Channel/div_General' is clicked on

2022-09-23 19:23:51 - [TEST_STEP][PASSED] - delay(3): Delayed 3 second(s)

2022-09-23 19:23:54 - [MESSAGE][PASSED] - Delayed 3 second(s)

2022-09-23 19:23:54 - [TEST_STEP][PASSED] - uploadFile(findTestObject("06-Teams/05- Teams-General Channel/button_attache_file"), "C:\Users\User\Desktop\EL automation\sample.pdf"): File 'C:\Users\User\Desktop\EL automation\sample.pdf' sent to object: 'Object Repository/06-Teams/05- Teams-General Channel/button_attache_file'

2022-09-23 19:23:55 - [MESSAGE][PASSED] - File 'C:\Users\User\Desktop\EL automation\sample.pdf' sent to object: 'Object Repository/06-Teams/05- Teams-General Channel/button_attache_file'

2022-09-23 19:23:55 - [TEST_STEP][PASSED] - verifyElementVisible(findTestObject("06-Teams/05- Teams-General Channel/added PDF")): Object 'Object Repository/06-Teams/05- Teams-General Channel/added PDF' is visible

2022-09-23 19:23:55 - [MESSAGE][PASSED] - Object 'Object Repository/06-Teams/05- Teams-General Channel/added PDF' is visible

2022-09-23 19:23:55 - [TEST_STEP][PASSED] - click(findTestObject("06-Teams/05- Teams-General Channel/button_send")): Object: 'Object Repository/06-Teams/05- Teams-General Channel/button_send' is clicked on

2022-09-23 19:23:56 - [MESSAGE][PASSED] - Object: 'Object Repository/06-Teams/05- Teams-General Channel/button_send' is clicked on

2022-09-23 19:23:56 - [TEST_STEP][PASSED] - verifyElementVisible(findTestObject("06-Teams/05- Teams-General Channel/added new post msg")): Object 'Object Repository/06-Teams/05- Teams-General Channel/added new post msg' is visible

2022-09-23 19:23:58 - [MESSAGE][PASSED] - Object 'Object Repository/06-Teams/05- Teams-General Channel/added new post msg' is visible

2022-09-23 19:23:58 - [TEST_STEP][PASSED] - verifyElementVisible(findTestObject("06-Teams/05- Teams-General Channel/posted pdf")): Object 'Object Repository/06-Teams/05- Teams-General Channel/posted pdf' is visible

2022-09-23 19:23:58 - [MESSAGE][PASSED] - Object 'Object Repository/06-Teams/05- Teams-General Channel/posted pdf' is visible

2022-09-23 19:23:58 - [TEST_STEP][PASSED] - delay(10): Delayed 10 second(s)

2022-09-23 19:24:08 - [MESSAGE][PASSED] - Delayed 10 second(s)]]></system-out>
         <system-err><![CDATA[]]></system-err>
      </testcase>
      <testcase name="Test Cases/06- Teams/15 - Teams - General Channel (Uploading Photo)" time="19.897" classname="Test Cases/06- Teams/15 - Teams - General Channel (Uploading Photo)" status="PASSED">
         <system-out><![CDATA[2022-09-23 19:24:08 - [TEST_CASE][PASSED] - Test Cases/06- Teams/15 - Teams - General Channel (Uploading Photo): Test Cases/06- Teams/15 - Teams - General Channel (Uploading Photo)

2022-09-23 19:24:08 - [TEST_STEP][PASSED] - uploadFile(findTestObject("06-Teams/05- Teams-General Channel/button_add image"), "C:\Users\User\Desktop\EL automation\qa.jpg"): File 'C:\Users\User\Desktop\EL automation\qa.jpg' sent to object: 'Object Repository/06-Teams/05- Teams-General Channel/button_add image'

2022-09-23 19:24:09 - [MESSAGE][PASSED] - File 'C:\Users\User\Desktop\EL automation\qa.jpg' sent to object: 'Object Repository/06-Teams/05- Teams-General Channel/button_add image'

2022-09-23 19:24:09 - [TEST_STEP][PASSED] - verifyElementVisible(findTestObject("06-Teams/05- Teams-General Channel/added image")): Object 'Object Repository/06-Teams/05- Teams-General Channel/added image' is visible

2022-09-23 19:24:09 - [MESSAGE][PASSED] - Object 'Object Repository/06-Teams/05- Teams-General Channel/added image' is visible

2022-09-23 19:24:09 - [TEST_STEP][PASSED] - delay(3): Delayed 3 second(s)

2022-09-23 19:24:12 - [MESSAGE][PASSED] - Delayed 3 second(s)

2022-09-23 19:24:12 - [TEST_STEP][PASSED] - click(findTestObject("06-Teams/05- Teams-General Channel/button_send")): Object: 'Object Repository/06-Teams/05- Teams-General Channel/button_send' is clicked on

2022-09-23 19:24:13 - [MESSAGE][PASSED] - Object: 'Object Repository/06-Teams/05- Teams-General Channel/button_send' is clicked on

2022-09-23 19:24:13 - [TEST_STEP][PASSED] - verifyElementVisible(findTestObject("06-Teams/05- Teams-General Channel/added new post msg")): Object 'Object Repository/06-Teams/05- Teams-General Channel/added new post msg' is visible

2022-09-23 19:24:14 - [MESSAGE][PASSED] - Object 'Object Repository/06-Teams/05- Teams-General Channel/added new post msg' is visible

2022-09-23 19:24:14 - [TEST_STEP][PASSED] - delay(3): Delayed 3 second(s)

2022-09-23 19:24:17 - [MESSAGE][PASSED] - Delayed 3 second(s)

2022-09-23 19:24:17 - [TEST_STEP][PASSED] - verifyElementVisible(findTestObject("06-Teams/05- Teams-General Channel/posted image")): Object 'Object Repository/06-Teams/05- Teams-General Channel/posted image' is visible

2022-09-23 19:24:18 - [MESSAGE][PASSED] - Object 'Object Repository/06-Teams/05- Teams-General Channel/posted image' is visible

2022-09-23 19:24:18 - [TEST_STEP][PASSED] - delay(10): Delayed 10 second(s)

2022-09-23 19:24:28 - [MESSAGE][PASSED] - Delayed 10 second(s)]]></system-out>
         <system-err><![CDATA[]]></system-err>
      </testcase>
      <testcase name="Test Cases/06- Teams/16 - Teams - General Channel (attaching Video)" time="37.128" classname="Test Cases/06- Teams/16 - Teams - General Channel (attaching Video)" status="PASSED">
         <system-out><![CDATA[2022-09-23 19:24:28 - [TEST_CASE][PASSED] - Test Cases/06- Teams/16 - Teams - General Channel (attaching Video): Test Cases/06- Teams/16 - Teams - General Channel (attaching Video)

2022-09-23 19:24:28 - [TEST_STEP][PASSED] - uploadFile(findTestObject("06-Teams/05- Teams-General Channel/button_attache_file"), "C:\Users\User\Desktop\EL automation\video.mp4"): File 'C:\Users\User\Desktop\EL automation\video.mp4' sent to object: 'Object Repository/06-Teams/05- Teams-General Channel/button_attache_file'

2022-09-23 19:24:28 - [MESSAGE][PASSED] - File 'C:\Users\User\Desktop\EL automation\video.mp4' sent to object: 'Object Repository/06-Teams/05- Teams-General Channel/button_attache_file'

2022-09-23 19:24:28 - [TEST_STEP][PASSED] - verifyElementVisible(findTestObject("06-Teams/05- Teams-General Channel/added video")): Object 'Object Repository/06-Teams/05- Teams-General Channel/added video' is visible

2022-09-23 19:24:29 - [MESSAGE][PASSED] - Object 'Object Repository/06-Teams/05- Teams-General Channel/added video' is visible

2022-09-23 19:24:29 - [TEST_STEP][PASSED] - click(findTestObject("06-Teams/05- Teams-General Channel/button_send")): Object: 'Object Repository/06-Teams/05- Teams-General Channel/button_send' is clicked on

2022-09-23 19:24:29 - [MESSAGE][PASSED] - Object: 'Object Repository/06-Teams/05- Teams-General Channel/button_send' is clicked on

2022-09-23 19:24:29 - [TEST_STEP][PASSED] - delay(5): Delayed 5 second(s)

2022-09-23 19:24:34 - [MESSAGE][PASSED] - Delayed 5 second(s)

2022-09-23 19:24:34 - [TEST_STEP][PASSED] - verifyElementVisible(findTestObject("06-Teams/05- Teams-General Channel/posted video")): Object 'Object Repository/06-Teams/05- Teams-General Channel/posted video' is visible

2022-09-23 19:24:55 - [MESSAGE][PASSED] - Object 'Object Repository/06-Teams/05- Teams-General Channel/posted video' is visible

2022-09-23 19:24:55 - [TEST_STEP][PASSED] - delay(10): Delayed 10 second(s)

2022-09-23 19:25:05 - [MESSAGE][PASSED] - Delayed 10 second(s)]]></system-out>
         <system-err><![CDATA[]]></system-err>
      </testcase>
      <testcase name="Test Cases/06- Teams/17 - Teams - General Channel (Creating a post)" time="69.305" classname="Test Cases/06- Teams/17 - Teams - General Channel (Creating a post)" status="PASSED">
         <system-out><![CDATA[2022-09-23 19:25:05 - [TEST_CASE][PASSED] - Test Cases/06- Teams/17 - Teams - General Channel (Creating a post): Test Cases/06- Teams/17 - Teams - General Channel (Creating a post)

2022-09-23 19:25:05 - [TEST_STEP][PASSED] - delay(3): Delayed 3 second(s)

2022-09-23 19:25:08 - [MESSAGE][PASSED] - Delayed 3 second(s)

2022-09-23 19:25:08 - [TEST_STEP][PASSED] - setText(findTestObject("06-Teams/05- Teams-General Channel/Input field_post"), "This is automation"): Text 'This is automation' is set on object 'Object Repository/06-Teams/05- Teams-General Channel/Input field_post'

2022-09-23 19:25:09 - [MESSAGE][PASSED] - Text 'This is automation' is set on object 'Object Repository/06-Teams/05- Teams-General Channel/Input field_post'

2022-09-23 19:25:09 - [TEST_STEP][PASSED] - click(findTestObject("06-Teams/05- Teams-General Channel/button_send")): Object: 'Object Repository/06-Teams/05- Teams-General Channel/button_send' is clicked on

2022-09-23 19:25:10 - [MESSAGE][PASSED] - Object: 'Object Repository/06-Teams/05- Teams-General Channel/button_send' is clicked on

2022-09-23 19:25:10 - [TEST_STEP][PASSED] - delay(2): Delayed 2 second(s)

2022-09-23 19:25:12 - [MESSAGE][PASSED] - Delayed 2 second(s)

2022-09-23 19:25:12 - [TEST_STEP][PASSED] - verifyElementVisible(findTestObject("06-Teams/05- Teams-General Channel/added new post msg")): Object 'Object Repository/06-Teams/05- Teams-General Channel/added new post msg' is visible

2022-09-23 19:25:13 - [MESSAGE][PASSED] - Object 'Object Repository/06-Teams/05- Teams-General Channel/added new post msg' is visible

2022-09-23 19:25:13 - [TEST_STEP][PASSED] - verifyElementVisible(findTestObject("06-Teams/05- Teams-General Channel/posted_This is automation")): Object 'Object Repository/06-Teams/05- Teams-General Channel/posted_This is automation' is visible

2022-09-23 19:25:13 - [MESSAGE][PASSED] - Object 'Object Repository/06-Teams/05- Teams-General Channel/posted_This is automation' is visible

2022-09-23 19:25:13 - [TEST_STEP][PASSED] - delay(3): Delayed 3 second(s)

2022-09-23 19:25:16 - [MESSAGE][PASSED] - Delayed 3 second(s)

2022-09-23 19:25:16 - [TEST_STEP][PASSED] - click(findTestObject("06-Teams/05- Teams-General Channel/ellipsis 1")): Object: 'Object Repository/06-Teams/05- Teams-General Channel/ellipsis 1' is clicked on

2022-09-23 19:25:16 - [MESSAGE][PASSED] - Object: 'Object Repository/06-Teams/05- Teams-General Channel/ellipsis 1' is clicked on

2022-09-23 19:25:16 - [TEST_STEP][PASSED] - click(findTestObject("06-Teams/05- Teams-General Channel/button_Edit Post")): Object: 'Object Repository/06-Teams/05- Teams-General Channel/button_Edit Post' is clicked on

2022-09-23 19:25:17 - [MESSAGE][PASSED] - Object: 'Object Repository/06-Teams/05- Teams-General Channel/button_Edit Post' is clicked on

2022-09-23 19:25:17 - [TEST_STEP][PASSED] - setText(findTestObject("06-Teams/05- Teams-General Channel/Edit field"), "Automation Edit "): Text 'Automation Edit ' is set on object 'Object Repository/06-Teams/05- Teams-General Channel/Edit field'

2022-09-23 19:25:19 - [MESSAGE][PASSED] - Text 'Automation Edit ' is set on object 'Object Repository/06-Teams/05- Teams-General Channel/Edit field'

2022-09-23 19:25:19 - [TEST_STEP][PASSED] - click(findTestObject("06-Teams/05- Teams-General Channel/button_send edit")): Object: 'Object Repository/06-Teams/05- Teams-General Channel/button_send edit' is clicked on

2022-09-23 19:25:19 - [MESSAGE][PASSED] - Object: 'Object Repository/06-Teams/05- Teams-General Channel/button_send edit' is clicked on

2022-09-23 19:25:19 - [TEST_STEP][PASSED] - verifyElementVisible(findTestObject("06-Teams/05- Teams-General Channel/Successfully edited post msg")): Object 'Object Repository/06-Teams/05- Teams-General Channel/Successfully edited post msg' is visible

2022-09-23 19:25:21 - [MESSAGE][PASSED] - Object 'Object Repository/06-Teams/05- Teams-General Channel/Successfully edited post msg' is visible

2022-09-23 19:25:21 - [TEST_STEP][PASSED] - delay(3): Delayed 3 second(s)

2022-09-23 19:25:24 - [MESSAGE][PASSED] - Delayed 3 second(s)

2022-09-23 19:25:24 - [TEST_STEP][PASSED] - click(findTestObject("06-Teams/05- Teams-General Channel/Bold select")): Object: 'Object Repository/06-Teams/05- Teams-General Channel/Bold select' is clicked on

2022-09-23 19:25:24 - [MESSAGE][PASSED] - Object: 'Object Repository/06-Teams/05- Teams-General Channel/Bold select' is clicked on

2022-09-23 19:25:24 - [TEST_STEP][PASSED] - click(findTestObject("06-Teams/05- Teams-General Channel/Input field_post"), STOP_ON_FAILURE): Object: 'Object Repository/06-Teams/05- Teams-General Channel/Input field_post' is clicked on

2022-09-23 19:25:24 - [MESSAGE][PASSED] - Object: 'Object Repository/06-Teams/05- Teams-General Channel/Input field_post' is clicked on

2022-09-23 19:25:24 - [TEST_STEP][PASSED] - sendKeys(findTestObject("Object Repository/06-Teams/05- Teams-General Channel/Input field_post"), "Bold"): Keys 'Bold' sent to object: 'Object Repository/06-Teams/05- Teams-General Channel/Input field_post'

2022-09-23 19:25:25 - [MESSAGE][PASSED] - Keys 'Bold' sent to object: 'Object Repository/06-Teams/05- Teams-General Channel/Input field_post'

2022-09-23 19:25:25 - [TEST_STEP][PASSED] - click(findTestObject("06-Teams/05- Teams-General Channel/button_send")): Object: 'Object Repository/06-Teams/05- Teams-General Channel/button_send' is clicked on

2022-09-23 19:25:25 - [MESSAGE][PASSED] - Object: 'Object Repository/06-Teams/05- Teams-General Channel/button_send' is clicked on

2022-09-23 19:25:25 - [TEST_STEP][PASSED] - delay(1): Delayed 1 second(s)

2022-09-23 19:25:26 - [MESSAGE][PASSED] - Delayed 1 second(s)

2022-09-23 19:25:26 - [TEST_STEP][PASSED] - verifyElementVisible(findTestObject("06-Teams/05- Teams-General Channel/added new post msg")): Object 'Object Repository/06-Teams/05- Teams-General Channel/added new post msg' is visible

2022-09-23 19:25:27 - [MESSAGE][PASSED] - Object 'Object Repository/06-Teams/05- Teams-General Channel/added new post msg' is visible

2022-09-23 19:25:27 - [TEST_STEP][PASSED] - verifyElementVisible(findTestObject("06-Teams/05- Teams-General Channel/Bold")): Object 'Object Repository/06-Teams/05- Teams-General Channel/Bold' is visible

2022-09-23 19:25:27 - [MESSAGE][PASSED] - Object 'Object Repository/06-Teams/05- Teams-General Channel/Bold' is visible

2022-09-23 19:25:27 - [TEST_STEP][PASSED] - delay(3): Delayed 3 second(s)

2022-09-23 19:25:30 - [MESSAGE][PASSED] - Delayed 3 second(s)

2022-09-23 19:25:30 - [TEST_STEP][PASSED] - click(findTestObject("06-Teams/05- Teams-General Channel/Italic Select")): Object: 'Object Repository/06-Teams/05- Teams-General Channel/Italic Select' is clicked on

2022-09-23 19:25:30 - [MESSAGE][PASSED] - Object: 'Object Repository/06-Teams/05- Teams-General Channel/Italic Select' is clicked on

2022-09-23 19:25:30 - [TEST_STEP][PASSED] - click(findTestObject("06-Teams/05- Teams-General Channel/Input field_post"), STOP_ON_FAILURE): Object: 'Object Repository/06-Teams/05- Teams-General Channel/Input field_post' is clicked on

2022-09-23 19:25:31 - [MESSAGE][PASSED] - Object: 'Object Repository/06-Teams/05- Teams-General Channel/Input field_post' is clicked on

2022-09-23 19:25:31 - [TEST_STEP][PASSED] - sendKeys(findTestObject("Object Repository/06-Teams/05- Teams-General Channel/Input field_post"), "Italic"): Keys 'Italic' sent to object: 'Object Repository/06-Teams/05- Teams-General Channel/Input field_post'

2022-09-23 19:25:31 - [MESSAGE][PASSED] - Keys 'Italic' sent to object: 'Object Repository/06-Teams/05- Teams-General Channel/Input field_post'

2022-09-23 19:25:31 - [TEST_STEP][PASSED] - click(findTestObject("06-Teams/05- Teams-General Channel/button_send")): Object: 'Object Repository/06-Teams/05- Teams-General Channel/button_send' is clicked on

2022-09-23 19:25:32 - [MESSAGE][PASSED] - Object: 'Object Repository/06-Teams/05- Teams-General Channel/button_send' is clicked on

2022-09-23 19:25:32 - [TEST_STEP][PASSED] - delay(2): Delayed 2 second(s)

2022-09-23 19:25:34 - [MESSAGE][PASSED] - Delayed 2 second(s)

2022-09-23 19:25:34 - [TEST_STEP][PASSED] - verifyElementVisible(findTestObject("06-Teams/05- Teams-General Channel/added new post msg")): Object 'Object Repository/06-Teams/05- Teams-General Channel/added new post msg' is visible

2022-09-23 19:25:34 - [MESSAGE][PASSED] - Object 'Object Repository/06-Teams/05- Teams-General Channel/added new post msg' is visible

2022-09-23 19:25:34 - [TEST_STEP][PASSED] - verifyElementVisible(findTestObject("06-Teams/05- Teams-General Channel/Italic")): Object 'Object Repository/06-Teams/05- Teams-General Channel/Italic' is visible

2022-09-23 19:25:34 - [MESSAGE][PASSED] - Object 'Object Repository/06-Teams/05- Teams-General Channel/Italic' is visible

2022-09-23 19:25:34 - [TEST_STEP][PASSED] - delay(3): Delayed 3 second(s)

2022-09-23 19:25:37 - [MESSAGE][PASSED] - Delayed 3 second(s)

2022-09-23 19:25:37 - [TEST_STEP][PASSED] - click(findTestObject("06-Teams/05- Teams-General Channel/Underline select")): Object: 'Object Repository/06-Teams/05- Teams-General Channel/Underline select' is clicked on

2022-09-23 19:25:38 - [MESSAGE][PASSED] - Object: 'Object Repository/06-Teams/05- Teams-General Channel/Underline select' is clicked on

2022-09-23 19:25:38 - [TEST_STEP][PASSED] - click(findTestObject("06-Teams/05- Teams-General Channel/Input field_post"), STOP_ON_FAILURE): Object: 'Object Repository/06-Teams/05- Teams-General Channel/Input field_post' is clicked on

2022-09-23 19:25:38 - [MESSAGE][PASSED] - Object: 'Object Repository/06-Teams/05- Teams-General Channel/Input field_post' is clicked on

2022-09-23 19:25:38 - [TEST_STEP][PASSED] - sendKeys(findTestObject("Object Repository/06-Teams/05- Teams-General Channel/Input field_post"), "Underline"): Keys 'Underline' sent to object: 'Object Repository/06-Teams/05- Teams-General Channel/Input field_post'

2022-09-23 19:25:38 - [MESSAGE][PASSED] - Keys 'Underline' sent to object: 'Object Repository/06-Teams/05- Teams-General Channel/Input field_post'

2022-09-23 19:25:38 - [TEST_STEP][PASSED] - click(findTestObject("06-Teams/05- Teams-General Channel/button_send")): Object: 'Object Repository/06-Teams/05- Teams-General Channel/button_send' is clicked on

2022-09-23 19:25:39 - [MESSAGE][PASSED] - Object: 'Object Repository/06-Teams/05- Teams-General Channel/button_send' is clicked on

2022-09-23 19:25:39 - [TEST_STEP][PASSED] - delay(2): Delayed 2 second(s)

2022-09-23 19:25:41 - [MESSAGE][PASSED] - Delayed 2 second(s)

2022-09-23 19:25:41 - [TEST_STEP][PASSED] - verifyElementVisible(findTestObject("06-Teams/05- Teams-General Channel/added new post msg")): Object 'Object Repository/06-Teams/05- Teams-General Channel/added new post msg' is visible

2022-09-23 19:25:41 - [MESSAGE][PASSED] - Object 'Object Repository/06-Teams/05- Teams-General Channel/added new post msg' is visible

2022-09-23 19:25:41 - [TEST_STEP][PASSED] - verifyElementVisible(findTestObject("06-Teams/05- Teams-General Channel/Underline")): Object 'Object Repository/06-Teams/05- Teams-General Channel/Underline' is visible

2022-09-23 19:25:42 - [MESSAGE][PASSED] - Object 'Object Repository/06-Teams/05- Teams-General Channel/Underline' is visible

2022-09-23 19:25:42 - [TEST_STEP][PASSED] - delay(3): Delayed 3 second(s)

2022-09-23 19:25:45 - [MESSAGE][PASSED] - Delayed 3 second(s)

2022-09-23 19:25:45 - [TEST_STEP][PASSED] - click(findTestObject("06-Teams/05- Teams-General Channel/Strikethrough select")): Object: 'Object Repository/06-Teams/05- Teams-General Channel/Strikethrough select' is clicked on

2022-09-23 19:25:45 - [MESSAGE][PASSED] - Object: 'Object Repository/06-Teams/05- Teams-General Channel/Strikethrough select' is clicked on

2022-09-23 19:25:45 - [TEST_STEP][PASSED] - click(findTestObject("06-Teams/05- Teams-General Channel/Input field_post"), STOP_ON_FAILURE): Object: 'Object Repository/06-Teams/05- Teams-General Channel/Input field_post' is clicked on

2022-09-23 19:25:45 - [MESSAGE][PASSED] - Object: 'Object Repository/06-Teams/05- Teams-General Channel/Input field_post' is clicked on

2022-09-23 19:25:45 - [TEST_STEP][PASSED] - sendKeys(findTestObject("Object Repository/06-Teams/05- Teams-General Channel/Input field_post"), "Strikethrough"): Keys 'Strikethrough' sent to object: 'Object Repository/06-Teams/05- Teams-General Channel/Input field_post'

2022-09-23 19:25:46 - [MESSAGE][PASSED] - Keys 'Strikethrough' sent to object: 'Object Repository/06-Teams/05- Teams-General Channel/Input field_post'

2022-09-23 19:25:46 - [TEST_STEP][PASSED] - click(findTestObject("06-Teams/05- Teams-General Channel/button_send")): Object: 'Object Repository/06-Teams/05- Teams-General Channel/button_send' is clicked on

2022-09-23 19:25:46 - [MESSAGE][PASSED] - Object: 'Object Repository/06-Teams/05- Teams-General Channel/button_send' is clicked on

2022-09-23 19:25:46 - [TEST_STEP][PASSED] - delay(2): Delayed 2 second(s)

2022-09-23 19:25:48 - [MESSAGE][PASSED] - Delayed 2 second(s)

2022-09-23 19:25:48 - [TEST_STEP][PASSED] - verifyElementVisible(findTestObject("06-Teams/05- Teams-General Channel/added new post msg")): Object 'Object Repository/06-Teams/05- Teams-General Channel/added new post msg' is visible

2022-09-23 19:25:49 - [MESSAGE][PASSED] - Object 'Object Repository/06-Teams/05- Teams-General Channel/added new post msg' is visible

2022-09-23 19:25:49 - [TEST_STEP][PASSED] - verifyElementVisible(findTestObject("06-Teams/05- Teams-General Channel/Strikethrough")): Object 'Object Repository/06-Teams/05- Teams-General Channel/Strikethrough' is visible

2022-09-23 19:25:49 - [MESSAGE][PASSED] - Object 'Object Repository/06-Teams/05- Teams-General Channel/Strikethrough' is visible

2022-09-23 19:25:49 - [TEST_STEP][PASSED] - delay(3): Delayed 3 second(s)

2022-09-23 19:25:52 - [MESSAGE][PASSED] - Delayed 3 second(s)

2022-09-23 19:25:52 - [TEST_STEP][PASSED] - click(findTestObject("06-Teams/05- Teams-General Channel/Heading dropdown")): Object: 'Object Repository/06-Teams/05- Teams-General Channel/Heading dropdown' is clicked on

2022-09-23 19:25:53 - [MESSAGE][PASSED] - Object: 'Object Repository/06-Teams/05- Teams-General Channel/Heading dropdown' is clicked on

2022-09-23 19:25:53 - [TEST_STEP][PASSED] - verifyElementVisible(findTestObject("06-Teams/05- Teams-General Channel/div_Header 1")): Object 'Object Repository/06-Teams/05- Teams-General Channel/div_Header 1' is visible

2022-09-23 19:25:53 - [MESSAGE][PASSED] - Object 'Object Repository/06-Teams/05- Teams-General Channel/div_Header 1' is visible

2022-09-23 19:25:53 - [TEST_STEP][PASSED] - verifyElementVisible(findTestObject("06-Teams/05- Teams-General Channel/div_Header 2")): Object 'Object Repository/06-Teams/05- Teams-General Channel/div_Header 2' is visible

2022-09-23 19:25:54 - [MESSAGE][PASSED] - Object 'Object Repository/06-Teams/05- Teams-General Channel/div_Header 2' is visible

2022-09-23 19:25:54 - [TEST_STEP][PASSED] - verifyElementVisible(findTestObject("06-Teams/05- Teams-General Channel/div_Header 3")): Object 'Object Repository/06-Teams/05- Teams-General Channel/div_Header 3' is visible

2022-09-23 19:25:54 - [MESSAGE][PASSED] - Object 'Object Repository/06-Teams/05- Teams-General Channel/div_Header 3' is visible

2022-09-23 19:25:54 - [TEST_STEP][PASSED] - verifyElementVisible(findTestObject("06-Teams/05- Teams-General Channel/div_Header 4")): Object 'Object Repository/06-Teams/05- Teams-General Channel/div_Header 4' is visible

2022-09-23 19:25:54 - [MESSAGE][PASSED] - Object 'Object Repository/06-Teams/05- Teams-General Channel/div_Header 4' is visible

2022-09-23 19:25:54 - [TEST_STEP][PASSED] - verifyElementVisible(findTestObject("06-Teams/05- Teams-General Channel/div_Header 5")): Object 'Object Repository/06-Teams/05- Teams-General Channel/div_Header 5' is visible

2022-09-23 19:25:55 - [MESSAGE][PASSED] - Object 'Object Repository/06-Teams/05- Teams-General Channel/div_Header 5' is visible

2022-09-23 19:25:55 - [TEST_STEP][PASSED] - verifyElementVisible(findTestObject("06-Teams/05- Teams-General Channel/div_Header 6")): Object 'Object Repository/06-Teams/05- Teams-General Channel/div_Header 6' is visible

2022-09-23 19:25:55 - [MESSAGE][PASSED] - Object 'Object Repository/06-Teams/05- Teams-General Channel/div_Header 6' is visible

2022-09-23 19:25:55 - [TEST_STEP][PASSED] - delay(3): Delayed 3 second(s)

2022-09-23 19:25:58 - [MESSAGE][PASSED] - Delayed 3 second(s)

2022-09-23 19:25:58 - [TEST_STEP][PASSED] - click(findTestObject("06-Teams/05- Teams-General Channel/div_Header 4")): Object: 'Object Repository/06-Teams/05- Teams-General Channel/div_Header 4' is clicked on

2022-09-23 19:25:58 - [MESSAGE][PASSED] - Object: 'Object Repository/06-Teams/05- Teams-General Channel/div_Header 4' is clicked on

2022-09-23 19:25:58 - [TEST_STEP][PASSED] - click(findTestObject("06-Teams/05- Teams-General Channel/Input field_post"), STOP_ON_FAILURE): Object: 'Object Repository/06-Teams/05- Teams-General Channel/Input field_post' is clicked on

2022-09-23 19:25:59 - [MESSAGE][PASSED] - Object: 'Object Repository/06-Teams/05- Teams-General Channel/Input field_post' is clicked on

2022-09-23 19:25:59 - [TEST_STEP][PASSED] - sendKeys(findTestObject("Object Repository/06-Teams/05- Teams-General Channel/Input field_post"), "Four"): Keys 'Four' sent to object: 'Object Repository/06-Teams/05- Teams-General Channel/Input field_post'

2022-09-23 19:25:59 - [MESSAGE][PASSED] - Keys 'Four' sent to object: 'Object Repository/06-Teams/05- Teams-General Channel/Input field_post'

2022-09-23 19:25:59 - [TEST_STEP][PASSED] - click(findTestObject("06-Teams/05- Teams-General Channel/button_send")): Object: 'Object Repository/06-Teams/05- Teams-General Channel/button_send' is clicked on

2022-09-23 19:26:00 - [MESSAGE][PASSED] - Object: 'Object Repository/06-Teams/05- Teams-General Channel/button_send' is clicked on

2022-09-23 19:26:00 - [TEST_STEP][PASSED] - delay(2): Delayed 2 second(s)

2022-09-23 19:26:02 - [MESSAGE][PASSED] - Delayed 2 second(s)

2022-09-23 19:26:02 - [TEST_STEP][PASSED] - verifyElementVisible(findTestObject("06-Teams/05- Teams-General Channel/added new post msg")): Object 'Object Repository/06-Teams/05- Teams-General Channel/added new post msg' is visible

2022-09-23 19:26:03 - [MESSAGE][PASSED] - Object 'Object Repository/06-Teams/05- Teams-General Channel/added new post msg' is visible

2022-09-23 19:26:03 - [TEST_STEP][PASSED] - verifyElementVisible(findTestObject("06-Teams/05- Teams-General Channel/h4_Four")): Object 'Object Repository/06-Teams/05- Teams-General Channel/h4_Four' is visible

2022-09-23 19:26:03 - [MESSAGE][PASSED] - Object 'Object Repository/06-Teams/05- Teams-General Channel/h4_Four' is visible

2022-09-23 19:26:03 - [TEST_STEP][PASSED] - delay(3): Delayed 3 second(s)

2022-09-23 19:26:06 - [MESSAGE][PASSED] - Delayed 3 second(s)

2022-09-23 19:26:06 - [TEST_STEP][PASSED] - click(findTestObject("06-Teams/05- Teams-General Channel/Heading dropdown")): Object: 'Object Repository/06-Teams/05- Teams-General Channel/Heading dropdown' is clicked on

2022-09-23 19:26:06 - [MESSAGE][PASSED] - Object: 'Object Repository/06-Teams/05- Teams-General Channel/Heading dropdown' is clicked on

2022-09-23 19:26:06 - [TEST_STEP][PASSED] - click(findTestObject("06-Teams/05- Teams-General Channel/div_Header 5")): Object: 'Object Repository/06-Teams/05- Teams-General Channel/div_Header 5' is clicked on

2022-09-23 19:26:07 - [MESSAGE][PASSED] - Object: 'Object Repository/06-Teams/05- Teams-General Channel/div_Header 5' is clicked on

2022-09-23 19:26:07 - [TEST_STEP][PASSED] - click(findTestObject("06-Teams/05- Teams-General Channel/Input field_post"), STOP_ON_FAILURE): Object: 'Object Repository/06-Teams/05- Teams-General Channel/Input field_post' is clicked on

2022-09-23 19:26:08 - [MESSAGE][PASSED] - Object: 'Object Repository/06-Teams/05- Teams-General Channel/Input field_post' is clicked on

2022-09-23 19:26:08 - [TEST_STEP][PASSED] - sendKeys(findTestObject("Object Repository/06-Teams/05- Teams-General Channel/Input field_post"), "Five"): Keys 'Five' sent to object: 'Object Repository/06-Teams/05- Teams-General Channel/Input field_post'

2022-09-23 19:26:08 - [MESSAGE][PASSED] - Keys 'Five' sent to object: 'Object Repository/06-Teams/05- Teams-General Channel/Input field_post'

2022-09-23 19:26:08 - [TEST_STEP][PASSED] - click(findTestObject("06-Teams/05- Teams-General Channel/button_send")): Object: 'Object Repository/06-Teams/05- Teams-General Channel/button_send' is clicked on

2022-09-23 19:26:09 - [MESSAGE][PASSED] - Object: 'Object Repository/06-Teams/05- Teams-General Channel/button_send' is clicked on

2022-09-23 19:26:09 - [TEST_STEP][PASSED] - delay(2): Delayed 2 second(s)

2022-09-23 19:26:11 - [MESSAGE][PASSED] - Delayed 2 second(s)

2022-09-23 19:26:11 - [TEST_STEP][PASSED] - verifyElementVisible(findTestObject("06-Teams/05- Teams-General Channel/added new post msg")): Object 'Object Repository/06-Teams/05- Teams-General Channel/added new post msg' is visible

2022-09-23 19:26:11 - [MESSAGE][PASSED] - Object 'Object Repository/06-Teams/05- Teams-General Channel/added new post msg' is visible

2022-09-23 19:26:11 - [TEST_STEP][PASSED] - verifyElementVisible(findTestObject("06-Teams/05- Teams-General Channel/h5_Five")): Object 'Object Repository/06-Teams/05- Teams-General Channel/h5_Five' is visible

2022-09-23 19:26:11 - [MESSAGE][PASSED] - Object 'Object Repository/06-Teams/05- Teams-General Channel/h5_Five' is visible

2022-09-23 19:26:11 - [TEST_STEP][PASSED] - delay(3): Delayed 3 second(s)

2022-09-23 19:26:14 - [MESSAGE][PASSED] - Delayed 3 second(s)]]></system-out>
         <system-err><![CDATA[]]></system-err>
      </testcase>
      <testcase name="Test Cases/06- Teams/18 - Teams - General Channel (deleting a post)" time="68.901" classname="Test Cases/06- Teams/18 - Teams - General Channel (deleting a post)" status="PASSED">
         <system-out><![CDATA[2022-09-23 19:26:14 - [TEST_CASE][PASSED] - Test Cases/06- Teams/18 - Teams - General Channel (deleting a post): Test Cases/06- Teams/18 - Teams - General Channel (deleting a post)

2022-09-23 19:26:15 - [TEST_STEP][PASSED] - click(findTestObject("06-Teams/05- Teams-General Channel/ellipsis 1")): Object: 'Object Repository/06-Teams/05- Teams-General Channel/ellipsis 1' is clicked on

2022-09-23 19:26:15 - [MESSAGE][PASSED] - Object: 'Object Repository/06-Teams/05- Teams-General Channel/ellipsis 1' is clicked on

2022-09-23 19:26:15 - [TEST_STEP][PASSED] - click(findTestObject("06-Teams/05- Teams-General Channel/button_Delete Post")): Object: 'Object Repository/06-Teams/05- Teams-General Channel/button_Delete Post' is clicked on

2022-09-23 19:26:15 - [MESSAGE][PASSED] - Object: 'Object Repository/06-Teams/05- Teams-General Channel/button_Delete Post' is clicked on

2022-09-23 19:26:15 - [TEST_STEP][PASSED] - verifyElementVisible(findTestObject("06-Teams/05- Teams-General Channel/delete post box")): Object 'Object Repository/06-Teams/05- Teams-General Channel/delete post box' is visible

2022-09-23 19:26:16 - [MESSAGE][PASSED] - Object 'Object Repository/06-Teams/05- Teams-General Channel/delete post box' is visible

2022-09-23 19:26:16 - [TEST_STEP][PASSED] - click(findTestObject("06-Teams/05- Teams-General Channel/button_Delete")): Object: 'Object Repository/06-Teams/05- Teams-General Channel/button_Delete' is clicked on

2022-09-23 19:26:17 - [MESSAGE][PASSED] - Object: 'Object Repository/06-Teams/05- Teams-General Channel/button_Delete' is clicked on

2022-09-23 19:26:17 - [TEST_STEP][PASSED] - verifyElementVisible(findTestObject("06-Teams/05- Teams-General Channel/Successfully deleted post msg")): Object 'Object Repository/06-Teams/05- Teams-General Channel/Successfully deleted post msg' is visible

2022-09-23 19:26:18 - [MESSAGE][PASSED] - Object 'Object Repository/06-Teams/05- Teams-General Channel/Successfully deleted post msg' is visible

2022-09-23 19:26:18 - [TEST_STEP][PASSED] - delay(3): Delayed 3 second(s)

2022-09-23 19:26:21 - [MESSAGE][PASSED] - Delayed 3 second(s)

2022-09-23 19:26:21 - [TEST_STEP][PASSED] - click(findTestObject("06-Teams/05- Teams-General Channel/ellipsis 1")): Object: 'Object Repository/06-Teams/05- Teams-General Channel/ellipsis 1' is clicked on

2022-09-23 19:26:21 - [MESSAGE][PASSED] - Object: 'Object Repository/06-Teams/05- Teams-General Channel/ellipsis 1' is clicked on

2022-09-23 19:26:21 - [TEST_STEP][PASSED] - click(findTestObject("06-Teams/05- Teams-General Channel/button_Delete Post")): Object: 'Object Repository/06-Teams/05- Teams-General Channel/button_Delete Post' is clicked on

2022-09-23 19:26:22 - [MESSAGE][PASSED] - Object: 'Object Repository/06-Teams/05- Teams-General Channel/button_Delete Post' is clicked on

2022-09-23 19:26:22 - [TEST_STEP][PASSED] - verifyElementVisible(findTestObject("06-Teams/05- Teams-General Channel/delete post box")): Object 'Object Repository/06-Teams/05- Teams-General Channel/delete post box' is visible

2022-09-23 19:26:23 - [MESSAGE][PASSED] - Object 'Object Repository/06-Teams/05- Teams-General Channel/delete post box' is visible

2022-09-23 19:26:23 - [TEST_STEP][PASSED] - click(findTestObject("06-Teams/05- Teams-General Channel/button_Delete")): Object: 'Object Repository/06-Teams/05- Teams-General Channel/button_Delete' is clicked on

2022-09-23 19:26:23 - [MESSAGE][PASSED] - Object: 'Object Repository/06-Teams/05- Teams-General Channel/button_Delete' is clicked on

2022-09-23 19:26:23 - [TEST_STEP][PASSED] - verifyElementVisible(findTestObject("06-Teams/05- Teams-General Channel/Successfully deleted post msg")): Object 'Object Repository/06-Teams/05- Teams-General Channel/Successfully deleted post msg' is visible

2022-09-23 19:26:24 - [MESSAGE][PASSED] - Object 'Object Repository/06-Teams/05- Teams-General Channel/Successfully deleted post msg' is visible

2022-09-23 19:26:24 - [TEST_STEP][PASSED] - delay(3): Delayed 3 second(s)

2022-09-23 19:26:27 - [MESSAGE][PASSED] - Delayed 3 second(s)

2022-09-23 19:26:27 - [TEST_STEP][PASSED] - click(findTestObject("06-Teams/05- Teams-General Channel/ellipsis 1")): Object: 'Object Repository/06-Teams/05- Teams-General Channel/ellipsis 1' is clicked on

2022-09-23 19:26:28 - [MESSAGE][PASSED] - Object: 'Object Repository/06-Teams/05- Teams-General Channel/ellipsis 1' is clicked on

2022-09-23 19:26:28 - [TEST_STEP][PASSED] - click(findTestObject("06-Teams/05- Teams-General Channel/button_Delete Post")): Object: 'Object Repository/06-Teams/05- Teams-General Channel/button_Delete Post' is clicked on

2022-09-23 19:26:28 - [MESSAGE][PASSED] - Object: 'Object Repository/06-Teams/05- Teams-General Channel/button_Delete Post' is clicked on

2022-09-23 19:26:28 - [TEST_STEP][PASSED] - verifyElementVisible(findTestObject("06-Teams/05- Teams-General Channel/delete post box")): Object 'Object Repository/06-Teams/05- Teams-General Channel/delete post box' is visible

2022-09-23 19:26:29 - [MESSAGE][PASSED] - Object 'Object Repository/06-Teams/05- Teams-General Channel/delete post box' is visible

2022-09-23 19:26:29 - [TEST_STEP][PASSED] - click(findTestObject("06-Teams/05- Teams-General Channel/button_Delete")): Object: 'Object Repository/06-Teams/05- Teams-General Channel/button_Delete' is clicked on

2022-09-23 19:26:30 - [MESSAGE][PASSED] - Object: 'Object Repository/06-Teams/05- Teams-General Channel/button_Delete' is clicked on

2022-09-23 19:26:30 - [TEST_STEP][PASSED] - verifyElementVisible(findTestObject("06-Teams/05- Teams-General Channel/Successfully deleted post msg")): Object 'Object Repository/06-Teams/05- Teams-General Channel/Successfully deleted post msg' is visible

2022-09-23 19:26:31 - [MESSAGE][PASSED] - Object 'Object Repository/06-Teams/05- Teams-General Channel/Successfully deleted post msg' is visible

2022-09-23 19:26:31 - [TEST_STEP][PASSED] - delay(3): Delayed 3 second(s)

2022-09-23 19:26:34 - [MESSAGE][PASSED] - Delayed 3 second(s)

2022-09-23 19:26:34 - [TEST_STEP][PASSED] - click(findTestObject("06-Teams/05- Teams-General Channel/ellipsis 1")): Object: 'Object Repository/06-Teams/05- Teams-General Channel/ellipsis 1' is clicked on

2022-09-23 19:26:34 - [MESSAGE][PASSED] - Object: 'Object Repository/06-Teams/05- Teams-General Channel/ellipsis 1' is clicked on

2022-09-23 19:26:34 - [TEST_STEP][PASSED] - click(findTestObject("06-Teams/05- Teams-General Channel/button_Delete Post")): Object: 'Object Repository/06-Teams/05- Teams-General Channel/button_Delete Post' is clicked on

2022-09-23 19:26:35 - [MESSAGE][PASSED] - Object: 'Object Repository/06-Teams/05- Teams-General Channel/button_Delete Post' is clicked on

2022-09-23 19:26:35 - [TEST_STEP][PASSED] - verifyElementVisible(findTestObject("06-Teams/05- Teams-General Channel/delete post box")): Object 'Object Repository/06-Teams/05- Teams-General Channel/delete post box' is visible

2022-09-23 19:26:36 - [MESSAGE][PASSED] - Object 'Object Repository/06-Teams/05- Teams-General Channel/delete post box' is visible

2022-09-23 19:26:36 - [TEST_STEP][PASSED] - click(findTestObject("06-Teams/05- Teams-General Channel/button_Delete")): Object: 'Object Repository/06-Teams/05- Teams-General Channel/button_Delete' is clicked on

2022-09-23 19:26:36 - [MESSAGE][PASSED] - Object: 'Object Repository/06-Teams/05- Teams-General Channel/button_Delete' is clicked on

2022-09-23 19:26:36 - [TEST_STEP][PASSED] - verifyElementVisible(findTestObject("06-Teams/05- Teams-General Channel/Successfully deleted post msg")): Object 'Object Repository/06-Teams/05- Teams-General Channel/Successfully deleted post msg' is visible

2022-09-23 19:26:38 - [MESSAGE][PASSED] - Object 'Object Repository/06-Teams/05- Teams-General Channel/Successfully deleted post msg' is visible

2022-09-23 19:26:38 - [TEST_STEP][PASSED] - delay(3): Delayed 3 second(s)

2022-09-23 19:26:41 - [MESSAGE][PASSED] - Delayed 3 second(s)

2022-09-23 19:26:41 - [TEST_STEP][PASSED] - click(findTestObject("06-Teams/05- Teams-General Channel/ellipsis 1")): Object: 'Object Repository/06-Teams/05- Teams-General Channel/ellipsis 1' is clicked on

2022-09-23 19:26:41 - [MESSAGE][PASSED] - Object: 'Object Repository/06-Teams/05- Teams-General Channel/ellipsis 1' is clicked on

2022-09-23 19:26:41 - [TEST_STEP][PASSED] - click(findTestObject("06-Teams/05- Teams-General Channel/button_Delete Post")): Object: 'Object Repository/06-Teams/05- Teams-General Channel/button_Delete Post' is clicked on

2022-09-23 19:26:42 - [MESSAGE][PASSED] - Object: 'Object Repository/06-Teams/05- Teams-General Channel/button_Delete Post' is clicked on

2022-09-23 19:26:42 - [TEST_STEP][PASSED] - verifyElementVisible(findTestObject("06-Teams/05- Teams-General Channel/delete post box")): Object 'Object Repository/06-Teams/05- Teams-General Channel/delete post box' is visible

2022-09-23 19:26:43 - [MESSAGE][PASSED] - Object 'Object Repository/06-Teams/05- Teams-General Channel/delete post box' is visible

2022-09-23 19:26:43 - [TEST_STEP][PASSED] - click(findTestObject("06-Teams/05- Teams-General Channel/button_Delete")): Object: 'Object Repository/06-Teams/05- Teams-General Channel/button_Delete' is clicked on

2022-09-23 19:26:43 - [MESSAGE][PASSED] - Object: 'Object Repository/06-Teams/05- Teams-General Channel/button_Delete' is clicked on

2022-09-23 19:26:43 - [TEST_STEP][PASSED] - verifyElementVisible(findTestObject("06-Teams/05- Teams-General Channel/Successfully deleted post msg")): Object 'Object Repository/06-Teams/05- Teams-General Channel/Successfully deleted post msg' is visible

2022-09-23 19:26:44 - [MESSAGE][PASSED] - Object 'Object Repository/06-Teams/05- Teams-General Channel/Successfully deleted post msg' is visible

2022-09-23 19:26:44 - [TEST_STEP][PASSED] - delay(3): Delayed 3 second(s)

2022-09-23 19:26:47 - [MESSAGE][PASSED] - Delayed 3 second(s)

2022-09-23 19:26:47 - [TEST_STEP][PASSED] - click(findTestObject("06-Teams/05- Teams-General Channel/ellipsis 1")): Object: 'Object Repository/06-Teams/05- Teams-General Channel/ellipsis 1' is clicked on

2022-09-23 19:26:48 - [MESSAGE][PASSED] - Object: 'Object Repository/06-Teams/05- Teams-General Channel/ellipsis 1' is clicked on

2022-09-23 19:26:48 - [TEST_STEP][PASSED] - click(findTestObject("06-Teams/05- Teams-General Channel/button_Delete Post")): Object: 'Object Repository/06-Teams/05- Teams-General Channel/button_Delete Post' is clicked on

2022-09-23 19:26:48 - [MESSAGE][PASSED] - Object: 'Object Repository/06-Teams/05- Teams-General Channel/button_Delete Post' is clicked on

2022-09-23 19:26:48 - [TEST_STEP][PASSED] - verifyElementVisible(findTestObject("06-Teams/05- Teams-General Channel/delete post box")): Object 'Object Repository/06-Teams/05- Teams-General Channel/delete post box' is visible

2022-09-23 19:26:49 - [MESSAGE][PASSED] - Object 'Object Repository/06-Teams/05- Teams-General Channel/delete post box' is visible

2022-09-23 19:26:49 - [TEST_STEP][PASSED] - click(findTestObject("06-Teams/05- Teams-General Channel/button_Delete")): Object: 'Object Repository/06-Teams/05- Teams-General Channel/button_Delete' is clicked on

2022-09-23 19:26:50 - [MESSAGE][PASSED] - Object: 'Object Repository/06-Teams/05- Teams-General Channel/button_Delete' is clicked on

2022-09-23 19:26:50 - [TEST_STEP][PASSED] - verifyElementVisible(findTestObject("06-Teams/05- Teams-General Channel/Successfully deleted post msg")): Object 'Object Repository/06-Teams/05- Teams-General Channel/Successfully deleted post msg' is visible

2022-09-23 19:26:51 - [MESSAGE][PASSED] - Object 'Object Repository/06-Teams/05- Teams-General Channel/Successfully deleted post msg' is visible

2022-09-23 19:26:51 - [TEST_STEP][PASSED] - delay(3): Delayed 3 second(s)

2022-09-23 19:26:54 - [MESSAGE][PASSED] - Delayed 3 second(s)

2022-09-23 19:26:54 - [TEST_STEP][PASSED] - click(findTestObject("06-Teams/05- Teams-General Channel/ellipsis 1")): Object: 'Object Repository/06-Teams/05- Teams-General Channel/ellipsis 1' is clicked on

2022-09-23 19:26:54 - [MESSAGE][PASSED] - Object: 'Object Repository/06-Teams/05- Teams-General Channel/ellipsis 1' is clicked on

2022-09-23 19:26:54 - [TEST_STEP][PASSED] - click(findTestObject("06-Teams/05- Teams-General Channel/button_Delete Post")): Object: 'Object Repository/06-Teams/05- Teams-General Channel/button_Delete Post' is clicked on

2022-09-23 19:26:55 - [MESSAGE][PASSED] - Object: 'Object Repository/06-Teams/05- Teams-General Channel/button_Delete Post' is clicked on

2022-09-23 19:26:55 - [TEST_STEP][PASSED] - verifyElementVisible(findTestObject("06-Teams/05- Teams-General Channel/delete post box")): Object 'Object Repository/06-Teams/05- Teams-General Channel/delete post box' is visible

2022-09-23 19:26:56 - [MESSAGE][PASSED] - Object 'Object Repository/06-Teams/05- Teams-General Channel/delete post box' is visible

2022-09-23 19:26:56 - [TEST_STEP][PASSED] - click(findTestObject("06-Teams/05- Teams-General Channel/button_Delete")): Object: 'Object Repository/06-Teams/05- Teams-General Channel/button_Delete' is clicked on

2022-09-23 19:26:56 - [MESSAGE][PASSED] - Object: 'Object Repository/06-Teams/05- Teams-General Channel/button_Delete' is clicked on

2022-09-23 19:26:56 - [TEST_STEP][PASSED] - verifyElementVisible(findTestObject("06-Teams/05- Teams-General Channel/Successfully deleted post msg")): Object 'Object Repository/06-Teams/05- Teams-General Channel/Successfully deleted post msg' is visible

2022-09-23 19:26:57 - [MESSAGE][PASSED] - Object 'Object Repository/06-Teams/05- Teams-General Channel/Successfully deleted post msg' is visible

2022-09-23 19:26:57 - [TEST_STEP][PASSED] - delay(3): Delayed 3 second(s)

2022-09-23 19:27:00 - [MESSAGE][PASSED] - Delayed 3 second(s)

2022-09-23 19:27:00 - [TEST_STEP][PASSED] - click(findTestObject("06-Teams/05- Teams-General Channel/ellipsis 1")): Object: 'Object Repository/06-Teams/05- Teams-General Channel/ellipsis 1' is clicked on

2022-09-23 19:27:01 - [MESSAGE][PASSED] - Object: 'Object Repository/06-Teams/05- Teams-General Channel/ellipsis 1' is clicked on

2022-09-23 19:27:01 - [TEST_STEP][PASSED] - click(findTestObject("06-Teams/05- Teams-General Channel/button_Delete Post")): Object: 'Object Repository/06-Teams/05- Teams-General Channel/button_Delete Post' is clicked on

2022-09-23 19:27:01 - [MESSAGE][PASSED] - Object: 'Object Repository/06-Teams/05- Teams-General Channel/button_Delete Post' is clicked on

2022-09-23 19:27:01 - [TEST_STEP][PASSED] - verifyElementVisible(findTestObject("06-Teams/05- Teams-General Channel/delete post box")): Object 'Object Repository/06-Teams/05- Teams-General Channel/delete post box' is visible

2022-09-23 19:27:02 - [MESSAGE][PASSED] - Object 'Object Repository/06-Teams/05- Teams-General Channel/delete post box' is visible

2022-09-23 19:27:02 - [TEST_STEP][PASSED] - click(findTestObject("06-Teams/05- Teams-General Channel/button_Delete")): Object: 'Object Repository/06-Teams/05- Teams-General Channel/button_Delete' is clicked on

2022-09-23 19:27:03 - [MESSAGE][PASSED] - Object: 'Object Repository/06-Teams/05- Teams-General Channel/button_Delete' is clicked on

2022-09-23 19:27:03 - [TEST_STEP][PASSED] - verifyElementVisible(findTestObject("06-Teams/05- Teams-General Channel/Successfully deleted post msg")): Object 'Object Repository/06-Teams/05- Teams-General Channel/Successfully deleted post msg' is visible

2022-09-23 19:27:04 - [MESSAGE][PASSED] - Object 'Object Repository/06-Teams/05- Teams-General Channel/Successfully deleted post msg' is visible

2022-09-23 19:27:04 - [TEST_STEP][PASSED] - delay(3): Delayed 3 second(s)

2022-09-23 19:27:07 - [MESSAGE][PASSED] - Delayed 3 second(s)

2022-09-23 19:27:07 - [TEST_STEP][PASSED] - click(findTestObject("06-Teams/05- Teams-General Channel/ellipsis 1")): Object: 'Object Repository/06-Teams/05- Teams-General Channel/ellipsis 1' is clicked on

2022-09-23 19:27:07 - [MESSAGE][PASSED] - Object: 'Object Repository/06-Teams/05- Teams-General Channel/ellipsis 1' is clicked on

2022-09-23 19:27:07 - [TEST_STEP][PASSED] - click(findTestObject("06-Teams/05- Teams-General Channel/button_Delete Post")): Object: 'Object Repository/06-Teams/05- Teams-General Channel/button_Delete Post' is clicked on

2022-09-23 19:27:08 - [MESSAGE][PASSED] - Object: 'Object Repository/06-Teams/05- Teams-General Channel/button_Delete Post' is clicked on

2022-09-23 19:27:08 - [TEST_STEP][PASSED] - verifyElementVisible(findTestObject("06-Teams/05- Teams-General Channel/delete post box")): Object 'Object Repository/06-Teams/05- Teams-General Channel/delete post box' is visible

2022-09-23 19:27:09 - [MESSAGE][PASSED] - Object 'Object Repository/06-Teams/05- Teams-General Channel/delete post box' is visible

2022-09-23 19:27:09 - [TEST_STEP][PASSED] - click(findTestObject("06-Teams/05- Teams-General Channel/button_Delete")): Object: 'Object Repository/06-Teams/05- Teams-General Channel/button_Delete' is clicked on

2022-09-23 19:27:09 - [MESSAGE][PASSED] - Object: 'Object Repository/06-Teams/05- Teams-General Channel/button_Delete' is clicked on

2022-09-23 19:27:09 - [TEST_STEP][PASSED] - verifyElementVisible(findTestObject("06-Teams/05- Teams-General Channel/Successfully deleted post msg")): Object 'Object Repository/06-Teams/05- Teams-General Channel/Successfully deleted post msg' is visible

2022-09-23 19:27:11 - [MESSAGE][PASSED] - Object 'Object Repository/06-Teams/05- Teams-General Channel/Successfully deleted post msg' is visible

2022-09-23 19:27:11 - [TEST_STEP][PASSED] - delay(3): Delayed 3 second(s)

2022-09-23 19:27:14 - [MESSAGE][PASSED] - Delayed 3 second(s)

2022-09-23 19:27:14 - [TEST_STEP][PASSED] - click(findTestObject("06-Teams/05- Teams-General Channel/ellipsis 1")): Object: 'Object Repository/06-Teams/05- Teams-General Channel/ellipsis 1' is clicked on

2022-09-23 19:27:14 - [MESSAGE][PASSED] - Object: 'Object Repository/06-Teams/05- Teams-General Channel/ellipsis 1' is clicked on

2022-09-23 19:27:14 - [TEST_STEP][PASSED] - click(findTestObject("06-Teams/05- Teams-General Channel/button_Delete Post")): Object: 'Object Repository/06-Teams/05- Teams-General Channel/button_Delete Post' is clicked on

2022-09-23 19:27:15 - [MESSAGE][PASSED] - Object: 'Object Repository/06-Teams/05- Teams-General Channel/button_Delete Post' is clicked on

2022-09-23 19:27:15 - [TEST_STEP][PASSED] - verifyElementVisible(findTestObject("06-Teams/05- Teams-General Channel/delete post box")): Object 'Object Repository/06-Teams/05- Teams-General Channel/delete post box' is visible

2022-09-23 19:27:16 - [MESSAGE][PASSED] - Object 'Object Repository/06-Teams/05- Teams-General Channel/delete post box' is visible

2022-09-23 19:27:16 - [TEST_STEP][PASSED] - click(findTestObject("06-Teams/05- Teams-General Channel/button_Delete")): Object: 'Object Repository/06-Teams/05- Teams-General Channel/button_Delete' is clicked on

2022-09-23 19:27:16 - [MESSAGE][PASSED] - Object: 'Object Repository/06-Teams/05- Teams-General Channel/button_Delete' is clicked on

2022-09-23 19:27:16 - [TEST_STEP][PASSED] - delay(3): Delayed 3 second(s)

2022-09-23 19:27:19 - [MESSAGE][PASSED] - Delayed 3 second(s)

2022-09-23 19:27:19 - [TEST_STEP][PASSED] - verifyElementVisible(findTestObject("06-Teams/05- Teams-General Channel/Successfully deleted post msg")): Object 'Object Repository/06-Teams/05- Teams-General Channel/Successfully deleted post msg' is visible

2022-09-23 19:27:19 - [MESSAGE][PASSED] - Object 'Object Repository/06-Teams/05- Teams-General Channel/Successfully deleted post msg' is visible

2022-09-23 19:27:19 - [TEST_STEP][PASSED] - delay(3): Delayed 3 second(s)

2022-09-23 19:27:22 - [MESSAGE][PASSED] - Delayed 3 second(s)

2022-09-23 19:27:22 - [TEST_STEP][PASSED] - closeBrowser(): Browser is closed

2022-09-23 19:27:23 - [MESSAGE][PASSED] - Browser is closed]]></system-out>
         <system-err><![CDATA[]]></system-err>
      </testcase>
      <system-out><![CDATA[2022-09-23 19:18:12 - [TEST_SUITE][PASSED] - 06.2 - Teams - Settings: Test Cases/06- Teams/18 - Teams - General Channel (deleting a post)]]></system-out>
      <system-err><![CDATA[]]></system-err>
   </testsuite>
</testsuites>
