<?xml version="1.0" encoding="UTF-8"?>
<testsuites name="06.2 - Teams - Settings" time="487.833" tests="3" failures="0" errors="0">
   <testsuite name="06.2 - Teams - Settings" tests="3" failures="0" errors="0" time="487.833" skipped="0" timestamp="2022-05-18 15:21:09" hostname="User - DESKTOP-QCRNR4M" id="Test Suites/TS-Organization/06.2 - Teams - Settings">
      <properties>
         <property name="deviceName" value=""/>
         <property name="devicePlatform" value=""/>
         <property name="logFolder" value="C:\\Users\\User\\Katalon Studio\\EverleaguesMain\\Reports\\20220518_152107\\TS-Organization\\06.2 - Teams - Settings\\20220518_152107"/>
         <property name="logFiles" value="C:\\Users\\User\\Katalon Studio\\EverleaguesMain\\Reports\\20220518_152107\\TS-Organization\\06.2 - Teams - Settings\\20220518_152107\\execution0.log"/>
         <property name="attachments" value=""/>
         <property name="hostName" value="User - DESKTOP-QCRNR4M"/>
         <property name="os" value="Windows 10 64bit"/>
         <property name="katalonVersion" value="8.3.0.208"/>
         <property name="browser" value="Chrome 101.0.4951.67"/>
         <property name="hostAddress" value="192.168.5.83"/>
         <property name="sessionId" value="0415d3917badea505e8fbece13d82c4a"/>
         <property name="seleniumVersion" value="3.141.59"/>
         <property name="proxyInformation" value="ProxyInformation { proxyOption=NO_PROXY, proxyServerType=HTTP, username=, password=********, proxyServerAddress=, proxyServerPort=0, executionList=&quot;&quot;, isApplyToDesiredCapabilities=true }"/>
         <property name="platform" value="Windows 10"/>
      </properties>
      <testcase name="Test Cases/06-Teams/03-Edit Team - Private" time="159.075" classname="Test Cases/06-Teams/03-Edit Team - Private" status="PASSED">
         <system-out><![CDATA[2022-05-18 15:21:10 - [TEST_CASE][PASSED] - Test Cases/06-Teams/03-Edit Team - Private: Test Cases/06-Teams/03-Edit Team - Private

2022-05-18 15:21:10 - [TEST_STEP][PASSED] - openBrowser(""): Browser is opened with url: ''

2022-05-18 15:21:10 - [MESSAGE][INFO] - Starting 'Chrome' driver

2022-05-18 15:21:10 - [MESSAGE][INFO] - Action delay is set to 0 milliseconds

2022-05-18 15:21:12 - [MESSAGE][PASSED] - Browser is opened with url: ''

2022-05-18 15:21:12 - [TEST_STEP][PASSED] - navigateToUrl("https://lab.everleagues.com/"): Navigate to 'https://lab.everleagues.com/' successfully

2022-05-18 15:21:36 - [MESSAGE][PASSED] - Navigate to 'https://lab.everleagues.com/' successfully

2022-05-18 15:21:36 - [TEST_STEP][PASSED] - maximizeWindow(): Current window maximized

2022-05-18 15:21:36 - [MESSAGE][PASSED] - Current window maximized

2022-05-18 15:21:36 - [TEST_STEP][PASSED] - setText(findTestObject("02-Side Icons(Organization)/Add Contact/Email Field"), "testuser02@mailinator.com"): Text 'testuser02@mailinator.com' is set on object 'Object Repository/02-Side Icons(Organization)/Add Contact/Email Field'

2022-05-18 15:21:37 - [MESSAGE][PASSED] - Text 'testuser02@mailinator.com' is set on object 'Object Repository/02-Side Icons(Organization)/Add Contact/Email Field'

2022-05-18 15:21:37 - [TEST_STEP][PASSED] - setEncryptedText(findTestObject("02-Side Icons(Organization)/Add Contact/Password Field"), "8yFRyszE6U6jvsCn51OQbg=="): Text ****** has been set on object 'Object Repository/02-Side Icons(Organization)/Add Contact/Password Field'

2022-05-18 15:21:37 - [MESSAGE][PASSED] - Text ****** has been set on object 'Object Repository/02-Side Icons(Organization)/Add Contact/Password Field'

2022-05-18 15:21:37 - [TEST_STEP][PASSED] - click(findTestObject("02-Side Icons(Organization)/Add Contact/button_Sign in")): Object: 'Object Repository/02-Side Icons(Organization)/Add Contact/button_Sign in' is clicked on

2022-05-18 15:21:39 - [MESSAGE][PASSED] - Object: 'Object Repository/02-Side Icons(Organization)/Add Contact/button_Sign in' is clicked on

2022-05-18 15:21:39 - [TEST_STEP][PASSED] - delay(3): Delayed 3 second(s)

2022-05-18 15:21:42 - [MESSAGE][PASSED] - Delayed 3 second(s)

2022-05-18 15:21:42 - [TEST_STEP][PASSED] - click(findTestObject("06-Teams/For 2FA/button_Confirm_2FA")): Object: 'Object Repository/06-Teams/For 2FA/button_Confirm_2FA' is clicked on

2022-05-18 15:21:42 - [MESSAGE][PASSED] - Object: 'Object Repository/06-Teams/For 2FA/button_Confirm_2FA' is clicked on

2022-05-18 15:21:42 - [TEST_STEP][PASSED] - executeJavaScript("window.open();", []): Execute JavaScript 'window.open();' successfully

2022-05-18 15:21:42 - [MESSAGE][PASSED] - Execute JavaScript 'window.open();' successfully

2022-05-18 15:21:42 - [TEST_STEP][PASSED] - currentWindow = getWindowIndex(): Current window's index is: 0

2022-05-18 15:21:42 - [MESSAGE][PASSED] - Current window's index is: 0

2022-05-18 15:21:42 - [TEST_STEP][PASSED] - delay(3): Delayed 3 second(s)

2022-05-18 15:21:45 - [MESSAGE][PASSED] - Delayed 3 second(s)

2022-05-18 15:21:45 - [TEST_STEP][PASSED] - switchToWindowIndex(currentWindow + 1): Switched to window with index: '1'

2022-05-18 15:21:45 - [MESSAGE][PASSED] - Switched to window with index: '1'

2022-05-18 15:21:45 - [TEST_STEP][PASSED] - navigateToUrl("https://www.mailinator.com/"): Navigate to 'https://www.mailinator.com/' successfully

2022-05-18 15:21:48 - [MESSAGE][PASSED] - Navigate to 'https://www.mailinator.com/' successfully

2022-05-18 15:21:48 - [TEST_STEP][PASSED] - delay(3): Delayed 3 second(s)

2022-05-18 15:21:51 - [MESSAGE][PASSED] - Delayed 3 second(s)

2022-05-18 15:21:51 - [TEST_STEP][PASSED] - setText(findTestObject("00-Signup and Activation/zMailinator/input_LOGIN_search"), "testuser02@mailinator.com"): Text 'testuser02@mailinator.com' is set on object 'Object Repository/00-Signup and Activation/zMailinator/input_LOGIN_search'

2022-05-18 15:21:52 - [MESSAGE][PASSED] - Text 'testuser02@mailinator.com' is set on object 'Object Repository/00-Signup and Activation/zMailinator/input_LOGIN_search'

2022-05-18 15:21:52 - [TEST_STEP][PASSED] - click(findTestObject("00-Signup and Activation/zMailinator/gobutton"), STOP_ON_FAILURE): Object: 'Object Repository/00-Signup and Activation/zMailinator/gobutton' is clicked on

2022-05-18 15:21:53 - [MESSAGE][PASSED] - Object: 'Object Repository/00-Signup and Activation/zMailinator/gobutton' is clicked on

2022-05-18 15:21:53 - [TEST_STEP][PASSED] - delay(3): Delayed 3 second(s)

2022-05-18 15:21:56 - [MESSAGE][PASSED] - Delayed 3 second(s)

2022-05-18 15:21:56 - [TEST_STEP][PASSED] - click(findTestObject("00-Signup and Activation/zMailinator/Email - everleagues")): Object: 'Object Repository/00-Signup and Activation/zMailinator/Email - everleagues' is clicked on

2022-05-18 15:21:56 - [MESSAGE][PASSED] - Object: 'Object Repository/00-Signup and Activation/zMailinator/Email - everleagues' is clicked on

2022-05-18 15:21:56 - [TEST_STEP][PASSED] - delay(3): Delayed 3 second(s)

2022-05-18 15:21:59 - [MESSAGE][PASSED] - Delayed 3 second(s)

2022-05-18 15:21:59 - [TEST_STEP][PASSED] - code = getText(findTestObject("Object Repository/06-Teams/For 2FA/2FA code")): Text of object 'Object Repository/06-Teams/For 2FA/2FA code' is: '887943'

2022-05-18 15:22:00 - [MESSAGE][PASSED] - Text of object 'Object Repository/06-Teams/For 2FA/2FA code' is: '887943'

2022-05-18 15:22:00 - [TEST_STEP][PASSED] - delay(3): Delayed 3 second(s)

2022-05-18 15:22:03 - [MESSAGE][PASSED] - Delayed 3 second(s)

2022-05-18 15:22:03 - [TEST_STEP][PASSED] - closeWindowTitle("Mailinator"): Window with title: 'Mailinator' is closed

2022-05-18 15:22:03 - [MESSAGE][PASSED] - Window with title: 'Mailinator' is closed

2022-05-18 15:22:03 - [TEST_STEP][PASSED] - delay(3): Delayed 3 second(s)

2022-05-18 15:22:06 - [MESSAGE][PASSED] - Delayed 3 second(s)

2022-05-18 15:22:06 - [TEST_STEP][PASSED] - switchToWindowIndex(0): Switched to window with index: '0'

2022-05-18 15:22:06 - [MESSAGE][PASSED] - Switched to window with index: '0'

2022-05-18 15:22:06 - [TEST_STEP][PASSED] - delay(3): Delayed 3 second(s)

2022-05-18 15:22:09 - [MESSAGE][PASSED] - Delayed 3 second(s)

2022-05-18 15:22:09 - [TEST_STEP][PASSED] - setText(findTestObject("Object Repository/06-Teams/For 2FA/input_Enter verification code_code"), code): Text '887943' is set on object 'Object Repository/06-Teams/For 2FA/input_Enter verification code_code'

2022-05-18 15:22:10 - [MESSAGE][PASSED] - Text '887943' is set on object 'Object Repository/06-Teams/For 2FA/input_Enter verification code_code'

2022-05-18 15:22:10 - [TEST_STEP][PASSED] - delay(3): Delayed 3 second(s)

2022-05-18 15:22:13 - [MESSAGE][PASSED] - Delayed 3 second(s)

2022-05-18 15:22:13 - [TEST_STEP][PASSED] - click(findTestObject("06-Teams/For 2FA/button_Verify_2FA")): Object: 'Object Repository/06-Teams/For 2FA/button_Verify_2FA' is clicked on

2022-05-18 15:22:13 - [MESSAGE][PASSED] - Object: 'Object Repository/06-Teams/For 2FA/button_Verify_2FA' is clicked on

2022-05-18 15:22:13 - [TEST_STEP][PASSED] - delay(5): Delayed 5 second(s)

2022-05-18 15:22:18 - [MESSAGE][PASSED] - Delayed 5 second(s)

2022-05-18 15:22:18 - [TEST_STEP][PASSED] - click(findTestObject("06-Teams/button_doublearrow")): Object: 'Object Repository/06-Teams/button_doublearrow' is clicked on

2022-05-18 15:22:19 - [MESSAGE][PASSED] - Object: 'Object Repository/06-Teams/button_doublearrow' is clicked on

2022-05-18 15:22:19 - [TEST_STEP][PASSED] - click(findTestObject("06-Teams/button_My Organizations")): Object: 'Object Repository/06-Teams/button_My Organizations' is clicked on

2022-05-18 15:22:20 - [MESSAGE][PASSED] - Object: 'Object Repository/06-Teams/button_My Organizations' is clicked on

2022-05-18 15:22:20 - [TEST_STEP][PASSED] - click(findTestObject("06-Teams/button_GG Automation")): Object: 'Object Repository/06-Teams/button_GG Automation' is clicked on

2022-05-18 15:22:20 - [MESSAGE][PASSED] - Object: 'Object Repository/06-Teams/button_GG Automation' is clicked on

2022-05-18 15:22:20 - [TEST_STEP][PASSED] - delay(4): Delayed 4 second(s)

2022-05-18 15:22:24 - [MESSAGE][PASSED] - Delayed 4 second(s)

2022-05-18 15:22:24 - [TEST_STEP][PASSED] - verifyElementVisible(findTestObject("06-Teams/span_GG Automation")): Object 'Object Repository/06-Teams/span_GG Automation' is visible

2022-05-18 15:22:25 - [MESSAGE][PASSED] - Object 'Object Repository/06-Teams/span_GG Automation' is visible

2022-05-18 15:22:25 - [TEST_STEP][PASSED] - delay(2): Delayed 2 second(s)

2022-05-18 15:22:27 - [MESSAGE][PASSED] - Delayed 2 second(s)

2022-05-18 15:22:27 - [TEST_STEP][PASSED] - click(findTestObject("03-Header Menu/Hamburger Button/div_Teams")): Object: 'Object Repository/03-Header Menu/Hamburger Button/div_Teams' is clicked on

2022-05-18 15:22:27 - [MESSAGE][PASSED] - Object: 'Object Repository/03-Header Menu/Hamburger Button/div_Teams' is clicked on

2022-05-18 15:22:27 - [TEST_STEP][PASSED] - delay(2): Delayed 2 second(s)

2022-05-18 15:22:29 - [MESSAGE][PASSED] - Delayed 2 second(s)

2022-05-18 15:22:29 - [TEST_STEP][PASSED] - verifyElementVisible(findTestObject("06-Teams/h4_TEAMS")): Object 'Object Repository/06-Teams/h4_TEAMS' is visible

2022-05-18 15:22:30 - [MESSAGE][PASSED] - Object 'Object Repository/06-Teams/h4_TEAMS' is visible

2022-05-18 15:22:30 - [TEST_STEP][PASSED] - delay(3): Delayed 3 second(s)

2022-05-18 15:22:33 - [MESSAGE][PASSED] - Delayed 3 second(s)

2022-05-18 15:22:33 - [TEST_STEP][PASSED] - click(findTestObject("06-Teams/03-Edit Team - Private/button_edit Auto Team Private")): Object: 'Object Repository/06-Teams/03-Edit Team - Private/button_edit Auto Team Private' is clicked on

2022-05-18 15:22:33 - [MESSAGE][PASSED] - Object: 'Object Repository/06-Teams/03-Edit Team - Private/button_edit Auto Team Private' is clicked on

2022-05-18 15:22:33 - [TEST_STEP][PASSED] - delay(3): Delayed 3 second(s)

2022-05-18 15:22:36 - [MESSAGE][PASSED] - Delayed 3 second(s)

2022-05-18 15:22:36 - [TEST_STEP][PASSED] - verifyElementVisible(findTestObject("06-Teams/03-Edit Team - Private/h4_Edit Auto Team Private")): Object 'Object Repository/06-Teams/03-Edit Team - Private/h4_Edit Auto Team Private' is visible

2022-05-18 15:22:37 - [MESSAGE][PASSED] - Object 'Object Repository/06-Teams/03-Edit Team - Private/h4_Edit Auto Team Private' is visible

2022-05-18 15:22:37 - [TEST_STEP][PASSED] - verifyElementVisible(findTestObject("06-Teams/03-Edit Team - Private/div_Members")): Object 'Object Repository/06-Teams/03-Edit Team - Private/div_Members' is visible

2022-05-18 15:22:37 - [MESSAGE][PASSED] - Object 'Object Repository/06-Teams/03-Edit Team - Private/div_Members' is visible

2022-05-18 15:22:37 - [TEST_STEP][PASSED] - verifyElementVisible(findTestObject("06-Teams/03-Edit Team - Private/div_Channels")): Object 'Object Repository/06-Teams/03-Edit Team - Private/div_Channels' is visible

2022-05-18 15:22:37 - [MESSAGE][PASSED] - Object 'Object Repository/06-Teams/03-Edit Team - Private/div_Channels' is visible

2022-05-18 15:22:37 - [TEST_STEP][PASSED] - verifyElementVisible(findTestObject("06-Teams/03-Edit Team - Private/div_Settings")): Object 'Object Repository/06-Teams/03-Edit Team - Private/div_Settings' is visible

2022-05-18 15:22:38 - [MESSAGE][PASSED] - Object 'Object Repository/06-Teams/03-Edit Team - Private/div_Settings' is visible

2022-05-18 15:22:38 - [TEST_STEP][PASSED] - delay(3): Delayed 3 second(s)

2022-05-18 15:22:41 - [MESSAGE][PASSED] - Delayed 3 second(s)

2022-05-18 15:22:41 - [TEST_STEP][PASSED] - click(findTestObject("06-Teams/03-Edit Team - Private/input_name or group")): Object: 'Object Repository/06-Teams/03-Edit Team - Private/input_name or group' is clicked on

2022-05-18 15:22:42 - [MESSAGE][PASSED] - Object: 'Object Repository/06-Teams/03-Edit Team - Private/input_name or group' is clicked on

2022-05-18 15:22:42 - [TEST_STEP][PASSED] - click(findTestObject("06-Teams/03-Edit Team - Private/select_GG tester 2")): Object: 'Object Repository/06-Teams/03-Edit Team - Private/select_GG tester 2' is clicked on

2022-05-18 15:22:42 - [MESSAGE][PASSED] - Object: 'Object Repository/06-Teams/03-Edit Team - Private/select_GG tester 2' is clicked on

2022-05-18 15:22:42 - [TEST_STEP][PASSED] - verifyElementVisible(findTestObject("06-Teams/03-Edit Team - Private/selected_GG tester 2")): Object 'Object Repository/06-Teams/03-Edit Team - Private/selected_GG tester 2' is visible

2022-05-18 15:22:43 - [MESSAGE][PASSED] - Object 'Object Repository/06-Teams/03-Edit Team - Private/selected_GG tester 2' is visible

2022-05-18 15:22:43 - [TEST_STEP][PASSED] - delay(3): Delayed 3 second(s)

2022-05-18 15:22:46 - [MESSAGE][PASSED] - Delayed 3 second(s)

2022-05-18 15:22:46 - [TEST_STEP][PASSED] - click(findTestObject("06-Teams/03-Edit Team - Private/div_INVITE")): Object: 'Object Repository/06-Teams/03-Edit Team - Private/div_INVITE' is clicked on

2022-05-18 15:22:46 - [MESSAGE][PASSED] - Object: 'Object Repository/06-Teams/03-Edit Team - Private/div_INVITE' is clicked on

2022-05-18 15:22:46 - [TEST_STEP][PASSED] - verifyElementVisible(findTestObject("06-Teams/03-Edit Team - Private/added_GTGG tester 2")): Object 'Object Repository/06-Teams/03-Edit Team - Private/added_GTGG tester 2' is visible

2022-05-18 15:22:47 - [MESSAGE][PASSED] - Object 'Object Repository/06-Teams/03-Edit Team - Private/added_GTGG tester 2' is visible

2022-05-18 15:22:47 - [TEST_STEP][PASSED] - delay(3): Delayed 3 second(s)

2022-05-18 15:22:50 - [MESSAGE][PASSED] - Delayed 3 second(s)

2022-05-18 15:22:50 - [TEST_STEP][PASSED] - mouseOver(findTestObject("06-Teams/03-Edit Team - Private/mouse over target element")): Object: 'Object Repository/06-Teams/03-Edit Team - Private/mouse over target element' is hovered

2022-05-18 15:22:51 - [MESSAGE][PASSED] - Object: 'Object Repository/06-Teams/03-Edit Team - Private/mouse over target element' is hovered

2022-05-18 15:22:51 - [TEST_STEP][PASSED] - click(findTestObject("06-Teams/03-Edit Team - Private/button_promote to admin")): Object: 'Object Repository/06-Teams/03-Edit Team - Private/button_promote to admin' is clicked on

2022-05-18 15:22:51 - [MESSAGE][PASSED] - Object: 'Object Repository/06-Teams/03-Edit Team - Private/button_promote to admin' is clicked on

2022-05-18 15:22:51 - [TEST_STEP][PASSED] - verifyElementVisible(findTestObject("06-Teams/03-Edit Team - Private/span_Admin")): Object 'Object Repository/06-Teams/03-Edit Team - Private/span_Admin' is visible

2022-05-18 15:22:52 - [MESSAGE][PASSED] - Object 'Object Repository/06-Teams/03-Edit Team - Private/span_Admin' is visible

2022-05-18 15:22:52 - [TEST_STEP][PASSED] - delay(3): Delayed 3 second(s)

2022-05-18 15:22:55 - [MESSAGE][PASSED] - Delayed 3 second(s)

2022-05-18 15:22:55 - [TEST_STEP][PASSED] - mouseOver(findTestObject("06-Teams/03-Edit Team - Private/mouse over target element 2")): Object: 'Object Repository/06-Teams/03-Edit Team - Private/mouse over target element 2' is hovered

2022-05-18 15:22:56 - [MESSAGE][PASSED] - Object: 'Object Repository/06-Teams/03-Edit Team - Private/mouse over target element 2' is hovered

2022-05-18 15:22:56 - [TEST_STEP][PASSED] - click(findTestObject("06-Teams/03-Edit Team - Private/button_remove member")): Object: 'Object Repository/06-Teams/03-Edit Team - Private/button_remove member' is clicked on

2022-05-18 15:22:56 - [MESSAGE][PASSED] - Object: 'Object Repository/06-Teams/03-Edit Team - Private/button_remove member' is clicked on

2022-05-18 15:22:56 - [TEST_STEP][PASSED] - verifyElementNotPresent(findTestObject("06-Teams/03-Edit Team - Private/added_GTGG tester 2"), 0): Web element with id: 'Object Repository/06-Teams/03-Edit Team - Private/added_GTGG tester 2' located by 'By.xpath: //td[(text() = 'GTGG tester 2' or . = 'GTGG tester 2')]' is not present after '30' second(s)

2022-05-18 15:22:56 - [MESSAGE][WARNING] - Timeout '0' is invalid. Using default page load timeout: '30'

2022-05-18 15:22:57 - [MESSAGE][PASSED] - Web element with id: 'Object Repository/06-Teams/03-Edit Team - Private/added_GTGG tester 2' located by 'By.xpath: //td[(text() = 'GTGG tester 2' or . = 'GTGG tester 2')]' is not present after '30' second(s)

2022-05-18 15:22:57 - [TEST_STEP][PASSED] - delay(5): Delayed 5 second(s)

2022-05-18 15:23:02 - [MESSAGE][PASSED] - Delayed 5 second(s)

2022-05-18 15:23:02 - [TEST_STEP][PASSED] - click(findTestObject("06-Teams/03-Edit Team - Private/div_Channels")): Object: 'Object Repository/06-Teams/03-Edit Team - Private/div_Channels' is clicked on

2022-05-18 15:23:03 - [MESSAGE][PASSED] - Object: 'Object Repository/06-Teams/03-Edit Team - Private/div_Channels' is clicked on

2022-05-18 15:23:03 - [TEST_STEP][PASSED] - verifyElementVisible(findTestObject("06-Teams/03-Edit Team - Private/div_Showing channels in team_Add Channel")): Object 'Object Repository/06-Teams/03-Edit Team - Private/div_Showing channels in team_Add Channel' is visible

2022-05-18 15:23:03 - [MESSAGE][PASSED] - Object 'Object Repository/06-Teams/03-Edit Team - Private/div_Showing channels in team_Add Channel' is visible

2022-05-18 15:23:03 - [TEST_STEP][PASSED] - delay(3): Delayed 3 second(s)

2022-05-18 15:23:06 - [MESSAGE][PASSED] - Delayed 3 second(s)

2022-05-18 15:23:06 - [TEST_STEP][PASSED] - click(findTestObject("06-Teams/03-Edit Team - Private/div_Add Channel")): Object: 'Object Repository/06-Teams/03-Edit Team - Private/div_Add Channel' is clicked on

2022-05-18 15:23:07 - [MESSAGE][PASSED] - Object: 'Object Repository/06-Teams/03-Edit Team - Private/div_Add Channel' is clicked on

2022-05-18 15:23:07 - [TEST_STEP][PASSED] - verifyElementVisible(findTestObject("06-Teams/03-Edit Team - Private/add channel modal")): Object 'Object Repository/06-Teams/03-Edit Team - Private/add channel modal' is visible

2022-05-18 15:23:07 - [MESSAGE][PASSED] - Object 'Object Repository/06-Teams/03-Edit Team - Private/add channel modal' is visible

2022-05-18 15:23:07 - [TEST_STEP][PASSED] - verifyElementNotClickable(findTestObject("06-Teams/03-Edit Team - Private/button_Add")): Object 'Object Repository/06-Teams/03-Edit Team - Private/button_Add' is NOT clickable

2022-05-18 15:23:08 - [MESSAGE][PASSED] - Object 'Object Repository/06-Teams/03-Edit Team - Private/button_Add' is NOT clickable

2022-05-18 15:23:08 - [TEST_STEP][PASSED] - delay(3): Delayed 3 second(s)

2022-05-18 15:23:11 - [MESSAGE][PASSED] - Delayed 3 second(s)

2022-05-18 15:23:11 - [TEST_STEP][PASSED] - click(findTestObject("06-Teams/03-Edit Team - Private/input_channel name")): Object: 'Object Repository/06-Teams/03-Edit Team - Private/input_channel name' is clicked on

2022-05-18 15:23:11 - [MESSAGE][PASSED] - Object: 'Object Repository/06-Teams/03-Edit Team - Private/input_channel name' is clicked on

2022-05-18 15:23:11 - [TEST_STEP][PASSED] - click(findTestObject("06-Teams/03-Edit Team - Private/h4_Add Channel")): Object: 'Object Repository/06-Teams/03-Edit Team - Private/h4_Add Channel' is clicked on

2022-05-18 15:23:12 - [MESSAGE][PASSED] - Object: 'Object Repository/06-Teams/03-Edit Team - Private/h4_Add Channel' is clicked on

2022-05-18 15:23:12 - [TEST_STEP][PASSED] - verifyElementVisible(findTestObject("06-Teams/03-Edit Team - Private/div_Channel Name Field is required")): Object 'Object Repository/06-Teams/03-Edit Team - Private/div_Channel Name Field is required' is visible

2022-05-18 15:23:12 - [MESSAGE][PASSED] - Object 'Object Repository/06-Teams/03-Edit Team - Private/div_Channel Name Field is required' is visible

2022-05-18 15:23:12 - [TEST_STEP][PASSED] - delay(3): Delayed 3 second(s)

2022-05-18 15:23:15 - [MESSAGE][PASSED] - Delayed 3 second(s)

2022-05-18 15:23:15 - [TEST_STEP][PASSED] - setText(findTestObject("06-Teams/03-Edit Team - Private/input_channel name"), "Auto Channel"): Text 'Auto Channel' is set on object 'Object Repository/06-Teams/03-Edit Team - Private/input_channel name'

2022-05-18 15:23:16 - [MESSAGE][PASSED] - Text 'Auto Channel' is set on object 'Object Repository/06-Teams/03-Edit Team - Private/input_channel name'

2022-05-18 15:23:16 - [TEST_STEP][PASSED] - click(findTestObject("06-Teams/03-Edit Team - Private/button_Add")): Object: 'Object Repository/06-Teams/03-Edit Team - Private/button_Add' is clicked on

2022-05-18 15:23:17 - [MESSAGE][PASSED] - Object: 'Object Repository/06-Teams/03-Edit Team - Private/button_Add' is clicked on

2022-05-18 15:23:17 - [TEST_STEP][PASSED] - verifyElementVisible(findTestObject("06-Teams/03-Edit Team - Private/Successfully added channel to team")): Object 'Object Repository/06-Teams/03-Edit Team - Private/Successfully added channel to team' is visible

2022-05-18 15:23:18 - [MESSAGE][PASSED] - Object 'Object Repository/06-Teams/03-Edit Team - Private/Successfully added channel to team' is visible

2022-05-18 15:23:18 - [TEST_STEP][PASSED] - delay(3): Delayed 3 second(s)

2022-05-18 15:23:21 - [MESSAGE][PASSED] - Delayed 3 second(s)

2022-05-18 15:23:21 - [TEST_STEP][PASSED] - verifyElementVisible(findTestObject("06-Teams/03-Edit Team - Private/div_Auto Channel")): Object 'Object Repository/06-Teams/03-Edit Team - Private/div_Auto Channel' is visible

2022-05-18 15:23:21 - [MESSAGE][PASSED] - Object 'Object Repository/06-Teams/03-Edit Team - Private/div_Auto Channel' is visible

2022-05-18 15:23:21 - [TEST_STEP][PASSED] - delay(3): Delayed 3 second(s)

2022-05-18 15:23:24 - [MESSAGE][PASSED] - Delayed 3 second(s)

2022-05-18 15:23:24 - [TEST_STEP][PASSED] - click(findTestObject("06-Teams/03-Edit Team - Private/button_edit channel")): Object: 'Object Repository/06-Teams/03-Edit Team - Private/button_edit channel' is clicked on

2022-05-18 15:23:25 - [MESSAGE][PASSED] - Object: 'Object Repository/06-Teams/03-Edit Team - Private/button_edit channel' is clicked on

2022-05-18 15:23:25 - [TEST_STEP][PASSED] - verifyElementVisible(findTestObject("06-Teams/03-Edit Team - Private/Edit channel modal")): Object 'Object Repository/06-Teams/03-Edit Team - Private/Edit channel modal' is visible

2022-05-18 15:23:26 - [MESSAGE][PASSED] - Object 'Object Repository/06-Teams/03-Edit Team - Private/Edit channel modal' is visible

2022-05-18 15:23:26 - [TEST_STEP][PASSED] - verifyElementNotClickable(findTestObject("06-Teams/03-Edit Team - Private/button_Save")): Object 'Object Repository/06-Teams/03-Edit Team - Private/button_Save' is NOT clickable

2022-05-18 15:23:26 - [MESSAGE][PASSED] - Object 'Object Repository/06-Teams/03-Edit Team - Private/button_Save' is NOT clickable

2022-05-18 15:23:26 - [TEST_STEP][PASSED] - delay(3): Delayed 3 second(s)

2022-05-18 15:23:29 - [MESSAGE][PASSED] - Delayed 3 second(s)

2022-05-18 15:23:29 - [TEST_STEP][PASSED] - setText(findTestObject("06-Teams/03-Edit Team - Private/input_Edit Channel name"), "Auto Channel Edit"): Text 'Auto Channel Edit' is set on object 'Object Repository/06-Teams/03-Edit Team - Private/input_Edit Channel name'

2022-05-18 15:23:30 - [MESSAGE][PASSED] - Text 'Auto Channel Edit' is set on object 'Object Repository/06-Teams/03-Edit Team - Private/input_Edit Channel name'

2022-05-18 15:23:30 - [TEST_STEP][PASSED] - click(findTestObject("06-Teams/03-Edit Team - Private/button_Save")): Object: 'Object Repository/06-Teams/03-Edit Team - Private/button_Save' is clicked on

2022-05-18 15:23:31 - [MESSAGE][PASSED] - Object: 'Object Repository/06-Teams/03-Edit Team - Private/button_Save' is clicked on

2022-05-18 15:23:31 - [TEST_STEP][PASSED] - verifyElementVisible(findTestObject("06-Teams/03-Edit Team - Private/Successfully edited channel")): Object 'Object Repository/06-Teams/03-Edit Team - Private/Successfully edited channel' is visible

2022-05-18 15:23:32 - [MESSAGE][PASSED] - Object 'Object Repository/06-Teams/03-Edit Team - Private/Successfully edited channel' is visible

2022-05-18 15:23:32 - [TEST_STEP][PASSED] - delay(3): Delayed 3 second(s)

2022-05-18 15:23:35 - [MESSAGE][PASSED] - Delayed 3 second(s)

2022-05-18 15:23:35 - [TEST_STEP][PASSED] - click(findTestObject("06-Teams/03-Edit Team - Private/button_delete channel")): Object: 'Object Repository/06-Teams/03-Edit Team - Private/button_delete channel' is clicked on

2022-05-18 15:23:35 - [MESSAGE][PASSED] - Object: 'Object Repository/06-Teams/03-Edit Team - Private/button_delete channel' is clicked on

2022-05-18 15:23:35 - [TEST_STEP][PASSED] - verifyElementVisible(findTestObject("06-Teams/03-Edit Team - Private/Delete confirm modal")): Object 'Object Repository/06-Teams/03-Edit Team - Private/Delete confirm modal' is visible

2022-05-18 15:23:36 - [MESSAGE][PASSED] - Object 'Object Repository/06-Teams/03-Edit Team - Private/Delete confirm modal' is visible

2022-05-18 15:23:36 - [TEST_STEP][PASSED] - click(findTestObject("06-Teams/03-Edit Team - Private/button_delete")): Object: 'Object Repository/06-Teams/03-Edit Team - Private/button_delete' is clicked on

2022-05-18 15:23:37 - [MESSAGE][PASSED] - Object: 'Object Repository/06-Teams/03-Edit Team - Private/button_delete' is clicked on

2022-05-18 15:23:37 - [TEST_STEP][PASSED] - verifyElementVisible(findTestObject("06-Teams/03-Edit Team - Private/Successfully deleted channel")): Object 'Object Repository/06-Teams/03-Edit Team - Private/Successfully deleted channel' is visible

2022-05-18 15:23:38 - [MESSAGE][PASSED] - Object 'Object Repository/06-Teams/03-Edit Team - Private/Successfully deleted channel' is visible

2022-05-18 15:23:38 - [TEST_STEP][PASSED] - delay(3): Delayed 3 second(s)

2022-05-18 15:23:41 - [MESSAGE][PASSED] - Delayed 3 second(s)

2022-05-18 15:23:41 - [TEST_STEP][PASSED] - click(findTestObject("06-Teams/03-Edit Team - Private/div_Settings")): Object: 'Object Repository/06-Teams/03-Edit Team - Private/div_Settings' is clicked on

2022-05-18 15:23:41 - [MESSAGE][PASSED] - Object: 'Object Repository/06-Teams/03-Edit Team - Private/div_Settings' is clicked on

2022-05-18 15:23:41 - [TEST_STEP][PASSED] - delay(3): Delayed 3 second(s)

2022-05-18 15:23:45 - [MESSAGE][PASSED] - Delayed 3 second(s)

2022-05-18 15:23:45 - [TEST_STEP][PASSED] - verifyElementVisible(findTestObject("06-Teams/03-Edit Team - Private/Private_settings")): Object 'Object Repository/06-Teams/03-Edit Team - Private/Private_settings' is visible

2022-05-18 15:23:45 - [MESSAGE][PASSED] - Object 'Object Repository/06-Teams/03-Edit Team - Private/Private_settings' is visible

2022-05-18 15:23:45 - [TEST_STEP][PASSED] - delay(3): Delayed 3 second(s)

2022-05-18 15:23:48 - [MESSAGE][PASSED] - Delayed 3 second(s)

2022-05-18 15:23:48 - [TEST_STEP][PASSED] - closeBrowser(): Browser is closed

2022-05-18 15:23:49 - [MESSAGE][PASSED] - Browser is closed]]></system-out>
         <system-err><![CDATA[]]></system-err>
      </testcase>
      <testcase name="Test Cases/06-Teams/04-Edit Team- Public" time="133.293" classname="Test Cases/06-Teams/04-Edit Team- Public" status="PASSED">
         <system-out><![CDATA[2022-05-18 15:23:49 - [TEST_CASE][PASSED] - Test Cases/06-Teams/04-Edit Team- Public: Test Cases/06-Teams/04-Edit Team- Public

2022-05-18 15:23:49 - [TEST_STEP][PASSED] - openBrowser(""): Browser is opened with url: ''

2022-05-18 15:23:49 - [MESSAGE][INFO] - Starting 'Chrome' driver

2022-05-18 15:23:49 - [MESSAGE][INFO] - Action delay is set to 0 milliseconds

2022-05-18 15:23:50 - [MESSAGE][PASSED] - Browser is opened with url: ''

2022-05-18 15:23:50 - [TEST_STEP][PASSED] - navigateToUrl("https://lab.everleagues.com/"): Navigate to 'https://lab.everleagues.com/' successfully

2022-05-18 15:24:19 - [MESSAGE][PASSED] - Navigate to 'https://lab.everleagues.com/' successfully

2022-05-18 15:24:19 - [TEST_STEP][PASSED] - maximizeWindow(): Current window maximized

2022-05-18 15:24:19 - [MESSAGE][PASSED] - Current window maximized

2022-05-18 15:24:19 - [TEST_STEP][PASSED] - setText(findTestObject("02-Side Icons(Organization)/Add Contact/Email Field"), "testuser02@mailinator.com"): Text 'testuser02@mailinator.com' is set on object 'Object Repository/02-Side Icons(Organization)/Add Contact/Email Field'

2022-05-18 15:24:20 - [MESSAGE][PASSED] - Text 'testuser02@mailinator.com' is set on object 'Object Repository/02-Side Icons(Organization)/Add Contact/Email Field'

2022-05-18 15:24:20 - [TEST_STEP][PASSED] - setEncryptedText(findTestObject("02-Side Icons(Organization)/Add Contact/Password Field"), "8yFRyszE6U6jvsCn51OQbg=="): Text ****** has been set on object 'Object Repository/02-Side Icons(Organization)/Add Contact/Password Field'

2022-05-18 15:24:20 - [MESSAGE][PASSED] - Text ****** has been set on object 'Object Repository/02-Side Icons(Organization)/Add Contact/Password Field'

2022-05-18 15:24:20 - [TEST_STEP][PASSED] - click(findTestObject("02-Side Icons(Organization)/Add Contact/button_Sign in")): Object: 'Object Repository/02-Side Icons(Organization)/Add Contact/button_Sign in' is clicked on

2022-05-18 15:24:21 - [MESSAGE][PASSED] - Object: 'Object Repository/02-Side Icons(Organization)/Add Contact/button_Sign in' is clicked on

2022-05-18 15:24:21 - [TEST_STEP][PASSED] - delay(3): Delayed 3 second(s)

2022-05-18 15:24:24 - [MESSAGE][PASSED] - Delayed 3 second(s)

2022-05-18 15:24:24 - [TEST_STEP][PASSED] - click(findTestObject("06-Teams/For 2FA/button_Confirm_2FA")): Object: 'Object Repository/06-Teams/For 2FA/button_Confirm_2FA' is clicked on

2022-05-18 15:24:25 - [MESSAGE][PASSED] - Object: 'Object Repository/06-Teams/For 2FA/button_Confirm_2FA' is clicked on

2022-05-18 15:24:25 - [TEST_STEP][PASSED] - executeJavaScript("window.open();", []): Execute JavaScript 'window.open();' successfully

2022-05-18 15:24:25 - [MESSAGE][PASSED] - Execute JavaScript 'window.open();' successfully

2022-05-18 15:24:25 - [TEST_STEP][PASSED] - currentWindow = getWindowIndex(): Current window's index is: 0

2022-05-18 15:24:25 - [MESSAGE][PASSED] - Current window's index is: 0

2022-05-18 15:24:25 - [TEST_STEP][PASSED] - delay(3): Delayed 3 second(s)

2022-05-18 15:24:28 - [MESSAGE][PASSED] - Delayed 3 second(s)

2022-05-18 15:24:28 - [TEST_STEP][PASSED] - switchToWindowIndex(currentWindow + 1): Switched to window with index: '1'

2022-05-18 15:24:28 - [MESSAGE][PASSED] - Switched to window with index: '1'

2022-05-18 15:24:28 - [TEST_STEP][PASSED] - navigateToUrl("https://www.mailinator.com/"): Navigate to 'https://www.mailinator.com/' successfully

2022-05-18 15:24:30 - [MESSAGE][PASSED] - Navigate to 'https://www.mailinator.com/' successfully

2022-05-18 15:24:30 - [TEST_STEP][PASSED] - delay(3): Delayed 3 second(s)

2022-05-18 15:24:33 - [MESSAGE][PASSED] - Delayed 3 second(s)

2022-05-18 15:24:33 - [TEST_STEP][PASSED] - setText(findTestObject("00-Signup and Activation/zMailinator/input_LOGIN_search"), "testuser02@mailinator.com"): Text 'testuser02@mailinator.com' is set on object 'Object Repository/00-Signup and Activation/zMailinator/input_LOGIN_search'

2022-05-18 15:24:34 - [MESSAGE][PASSED] - Text 'testuser02@mailinator.com' is set on object 'Object Repository/00-Signup and Activation/zMailinator/input_LOGIN_search'

2022-05-18 15:24:34 - [TEST_STEP][PASSED] - click(findTestObject("00-Signup and Activation/zMailinator/gobutton"), STOP_ON_FAILURE): Object: 'Object Repository/00-Signup and Activation/zMailinator/gobutton' is clicked on

2022-05-18 15:24:35 - [MESSAGE][PASSED] - Object: 'Object Repository/00-Signup and Activation/zMailinator/gobutton' is clicked on

2022-05-18 15:24:35 - [TEST_STEP][PASSED] - delay(3): Delayed 3 second(s)

2022-05-18 15:24:38 - [MESSAGE][PASSED] - Delayed 3 second(s)

2022-05-18 15:24:38 - [TEST_STEP][PASSED] - click(findTestObject("00-Signup and Activation/zMailinator/Email - everleagues")): Object: 'Object Repository/00-Signup and Activation/zMailinator/Email - everleagues' is clicked on

2022-05-18 15:24:38 - [MESSAGE][PASSED] - Object: 'Object Repository/00-Signup and Activation/zMailinator/Email - everleagues' is clicked on

2022-05-18 15:24:38 - [TEST_STEP][PASSED] - delay(3): Delayed 3 second(s)

2022-05-18 15:24:41 - [MESSAGE][PASSED] - Delayed 3 second(s)

2022-05-18 15:24:41 - [TEST_STEP][PASSED] - code = getText(findTestObject("Object Repository/06-Teams/For 2FA/2FA code")): Text of object 'Object Repository/06-Teams/For 2FA/2FA code' is: '129590'

2022-05-18 15:24:42 - [MESSAGE][PASSED] - Text of object 'Object Repository/06-Teams/For 2FA/2FA code' is: '129590'

2022-05-18 15:24:42 - [TEST_STEP][PASSED] - delay(3): Delayed 3 second(s)

2022-05-18 15:24:45 - [MESSAGE][PASSED] - Delayed 3 second(s)

2022-05-18 15:24:45 - [TEST_STEP][PASSED] - closeWindowTitle("Mailinator"): Window with title: 'Mailinator' is closed

2022-05-18 15:24:45 - [MESSAGE][PASSED] - Window with title: 'Mailinator' is closed

2022-05-18 15:24:45 - [TEST_STEP][PASSED] - delay(3): Delayed 3 second(s)

2022-05-18 15:24:48 - [MESSAGE][PASSED] - Delayed 3 second(s)

2022-05-18 15:24:48 - [TEST_STEP][PASSED] - switchToWindowIndex(0): Switched to window with index: '0'

2022-05-18 15:24:48 - [MESSAGE][PASSED] - Switched to window with index: '0'

2022-05-18 15:24:48 - [TEST_STEP][PASSED] - delay(3): Delayed 3 second(s)

2022-05-18 15:24:51 - [MESSAGE][PASSED] - Delayed 3 second(s)

2022-05-18 15:24:51 - [TEST_STEP][PASSED] - setText(findTestObject("Object Repository/06-Teams/For 2FA/input_Enter verification code_code"), code): Text '129590' is set on object 'Object Repository/06-Teams/For 2FA/input_Enter verification code_code'

2022-05-18 15:24:53 - [MESSAGE][PASSED] - Text '129590' is set on object 'Object Repository/06-Teams/For 2FA/input_Enter verification code_code'

2022-05-18 15:24:53 - [TEST_STEP][PASSED] - delay(3): Delayed 3 second(s)

2022-05-18 15:24:56 - [MESSAGE][PASSED] - Delayed 3 second(s)

2022-05-18 15:24:56 - [TEST_STEP][PASSED] - click(findTestObject("06-Teams/For 2FA/button_Verify_2FA")): Object: 'Object Repository/06-Teams/For 2FA/button_Verify_2FA' is clicked on

2022-05-18 15:24:56 - [MESSAGE][PASSED] - Object: 'Object Repository/06-Teams/For 2FA/button_Verify_2FA' is clicked on

2022-05-18 15:24:56 - [TEST_STEP][PASSED] - delay(5): Delayed 5 second(s)

2022-05-18 15:25:01 - [MESSAGE][PASSED] - Delayed 5 second(s)

2022-05-18 15:25:01 - [TEST_STEP][PASSED] - click(findTestObject("06-Teams/button_doublearrow")): Object: 'Object Repository/06-Teams/button_doublearrow' is clicked on

2022-05-18 15:25:02 - [MESSAGE][PASSED] - Object: 'Object Repository/06-Teams/button_doublearrow' is clicked on

2022-05-18 15:25:02 - [TEST_STEP][PASSED] - click(findTestObject("06-Teams/button_My Organizations")): Object: 'Object Repository/06-Teams/button_My Organizations' is clicked on

2022-05-18 15:25:02 - [MESSAGE][PASSED] - Object: 'Object Repository/06-Teams/button_My Organizations' is clicked on

2022-05-18 15:25:02 - [TEST_STEP][PASSED] - click(findTestObject("06-Teams/button_GG Automation")): Object: 'Object Repository/06-Teams/button_GG Automation' is clicked on

2022-05-18 15:25:03 - [MESSAGE][PASSED] - Object: 'Object Repository/06-Teams/button_GG Automation' is clicked on

2022-05-18 15:25:03 - [TEST_STEP][PASSED] - delay(4): Delayed 4 second(s)

2022-05-18 15:25:07 - [MESSAGE][PASSED] - Delayed 4 second(s)

2022-05-18 15:25:07 - [TEST_STEP][PASSED] - verifyElementVisible(findTestObject("06-Teams/span_GG Automation")): Object 'Object Repository/06-Teams/span_GG Automation' is visible

2022-05-18 15:25:08 - [MESSAGE][PASSED] - Object 'Object Repository/06-Teams/span_GG Automation' is visible

2022-05-18 15:25:08 - [TEST_STEP][PASSED] - delay(2): Delayed 2 second(s)

2022-05-18 15:25:10 - [MESSAGE][PASSED] - Delayed 2 second(s)

2022-05-18 15:25:10 - [TEST_STEP][PASSED] - click(findTestObject("03-Header Menu/Hamburger Button/div_Teams")): Object: 'Object Repository/03-Header Menu/Hamburger Button/div_Teams' is clicked on

2022-05-18 15:25:10 - [MESSAGE][PASSED] - Object: 'Object Repository/03-Header Menu/Hamburger Button/div_Teams' is clicked on

2022-05-18 15:25:10 - [TEST_STEP][PASSED] - delay(2): Delayed 2 second(s)

2022-05-18 15:25:12 - [MESSAGE][PASSED] - Delayed 2 second(s)

2022-05-18 15:25:12 - [TEST_STEP][PASSED] - verifyElementVisible(findTestObject("06-Teams/h4_TEAMS")): Object 'Object Repository/06-Teams/h4_TEAMS' is visible

2022-05-18 15:25:13 - [MESSAGE][PASSED] - Object 'Object Repository/06-Teams/h4_TEAMS' is visible

2022-05-18 15:25:13 - [TEST_STEP][PASSED] - delay(3): Delayed 3 second(s)

2022-05-18 15:25:16 - [MESSAGE][PASSED] - Delayed 3 second(s)

2022-05-18 15:25:16 - [TEST_STEP][PASSED] - click(findTestObject("06-Teams/04-Edit Team-Public/button_edit Auto Team Public")): Object: 'Object Repository/06-Teams/04-Edit Team-Public/button_edit Auto Team Public' is clicked on

2022-05-18 15:25:16 - [MESSAGE][PASSED] - Object: 'Object Repository/06-Teams/04-Edit Team-Public/button_edit Auto Team Public' is clicked on

2022-05-18 15:25:16 - [TEST_STEP][PASSED] - verifyElementVisible(findTestObject("06-Teams/04-Edit Team-Public/h4_Edit Auto Team Public")): Object 'Object Repository/06-Teams/04-Edit Team-Public/h4_Edit Auto Team Public' is visible

2022-05-18 15:25:17 - [MESSAGE][PASSED] - Object 'Object Repository/06-Teams/04-Edit Team-Public/h4_Edit Auto Team Public' is visible

2022-05-18 15:25:17 - [TEST_STEP][PASSED] - delay(3): Delayed 3 second(s)

2022-05-18 15:25:20 - [MESSAGE][PASSED] - Delayed 3 second(s)

2022-05-18 15:25:20 - [TEST_STEP][PASSED] - click(findTestObject("06-Teams/03-Edit Team - Private/div_Add Channel")): Object: 'Object Repository/06-Teams/03-Edit Team - Private/div_Add Channel' is clicked on

2022-05-18 15:25:20 - [MESSAGE][PASSED] - Object: 'Object Repository/06-Teams/03-Edit Team - Private/div_Add Channel' is clicked on

2022-05-18 15:25:20 - [TEST_STEP][PASSED] - verifyElementVisible(findTestObject("06-Teams/03-Edit Team - Private/add channel modal")): Object 'Object Repository/06-Teams/03-Edit Team - Private/add channel modal' is visible

2022-05-18 15:25:21 - [MESSAGE][PASSED] - Object 'Object Repository/06-Teams/03-Edit Team - Private/add channel modal' is visible

2022-05-18 15:25:21 - [TEST_STEP][PASSED] - verifyElementNotClickable(findTestObject("06-Teams/03-Edit Team - Private/button_Add")): Object 'Object Repository/06-Teams/03-Edit Team - Private/button_Add' is NOT clickable

2022-05-18 15:25:21 - [MESSAGE][PASSED] - Object 'Object Repository/06-Teams/03-Edit Team - Private/button_Add' is NOT clickable

2022-05-18 15:25:21 - [TEST_STEP][PASSED] - delay(3): Delayed 3 second(s)

2022-05-18 15:25:24 - [MESSAGE][PASSED] - Delayed 3 second(s)

2022-05-18 15:25:24 - [TEST_STEP][PASSED] - click(findTestObject("06-Teams/03-Edit Team - Private/input_channel name")): Object: 'Object Repository/06-Teams/03-Edit Team - Private/input_channel name' is clicked on

2022-05-18 15:25:25 - [MESSAGE][PASSED] - Object: 'Object Repository/06-Teams/03-Edit Team - Private/input_channel name' is clicked on

2022-05-18 15:25:25 - [TEST_STEP][PASSED] - click(findTestObject("06-Teams/03-Edit Team - Private/h4_Add Channel")): Object: 'Object Repository/06-Teams/03-Edit Team - Private/h4_Add Channel' is clicked on

2022-05-18 15:25:25 - [MESSAGE][PASSED] - Object: 'Object Repository/06-Teams/03-Edit Team - Private/h4_Add Channel' is clicked on

2022-05-18 15:25:25 - [TEST_STEP][PASSED] - verifyElementVisible(findTestObject("06-Teams/03-Edit Team - Private/div_Channel Name Field is required")): Object 'Object Repository/06-Teams/03-Edit Team - Private/div_Channel Name Field is required' is visible

2022-05-18 15:25:26 - [MESSAGE][PASSED] - Object 'Object Repository/06-Teams/03-Edit Team - Private/div_Channel Name Field is required' is visible

2022-05-18 15:25:26 - [TEST_STEP][PASSED] - delay(3): Delayed 3 second(s)

2022-05-18 15:25:29 - [MESSAGE][PASSED] - Delayed 3 second(s)

2022-05-18 15:25:29 - [TEST_STEP][PASSED] - setText(findTestObject("06-Teams/03-Edit Team - Private/input_channel name"), "Auto Channel"): Text 'Auto Channel' is set on object 'Object Repository/06-Teams/03-Edit Team - Private/input_channel name'

2022-05-18 15:25:29 - [MESSAGE][PASSED] - Text 'Auto Channel' is set on object 'Object Repository/06-Teams/03-Edit Team - Private/input_channel name'

2022-05-18 15:25:29 - [TEST_STEP][PASSED] - click(findTestObject("06-Teams/03-Edit Team - Private/button_Add")): Object: 'Object Repository/06-Teams/03-Edit Team - Private/button_Add' is clicked on

2022-05-18 15:25:30 - [MESSAGE][PASSED] - Object: 'Object Repository/06-Teams/03-Edit Team - Private/button_Add' is clicked on

2022-05-18 15:25:30 - [TEST_STEP][PASSED] - verifyElementVisible(findTestObject("06-Teams/03-Edit Team - Private/Successfully added channel to team")): Object 'Object Repository/06-Teams/03-Edit Team - Private/Successfully added channel to team' is visible

2022-05-18 15:25:31 - [MESSAGE][PASSED] - Object 'Object Repository/06-Teams/03-Edit Team - Private/Successfully added channel to team' is visible

2022-05-18 15:25:31 - [TEST_STEP][PASSED] - delay(3): Delayed 3 second(s)

2022-05-18 15:25:34 - [MESSAGE][PASSED] - Delayed 3 second(s)

2022-05-18 15:25:34 - [TEST_STEP][PASSED] - verifyElementVisible(findTestObject("06-Teams/03-Edit Team - Private/div_Auto Channel")): Object 'Object Repository/06-Teams/03-Edit Team - Private/div_Auto Channel' is visible

2022-05-18 15:25:35 - [MESSAGE][PASSED] - Object 'Object Repository/06-Teams/03-Edit Team - Private/div_Auto Channel' is visible

2022-05-18 15:25:35 - [TEST_STEP][PASSED] - delay(3): Delayed 3 second(s)

2022-05-18 15:25:38 - [MESSAGE][PASSED] - Delayed 3 second(s)

2022-05-18 15:25:38 - [TEST_STEP][PASSED] - click(findTestObject("06-Teams/03-Edit Team - Private/button_edit channel")): Object: 'Object Repository/06-Teams/03-Edit Team - Private/button_edit channel' is clicked on

2022-05-18 15:25:38 - [MESSAGE][PASSED] - Object: 'Object Repository/06-Teams/03-Edit Team - Private/button_edit channel' is clicked on

2022-05-18 15:25:38 - [TEST_STEP][PASSED] - verifyElementVisible(findTestObject("06-Teams/03-Edit Team - Private/Edit channel modal")): Object 'Object Repository/06-Teams/03-Edit Team - Private/Edit channel modal' is visible

2022-05-18 15:25:39 - [MESSAGE][PASSED] - Object 'Object Repository/06-Teams/03-Edit Team - Private/Edit channel modal' is visible

2022-05-18 15:25:39 - [TEST_STEP][PASSED] - verifyElementNotClickable(findTestObject("06-Teams/03-Edit Team - Private/button_Save")): Object 'Object Repository/06-Teams/03-Edit Team - Private/button_Save' is NOT clickable

2022-05-18 15:25:40 - [MESSAGE][PASSED] - Object 'Object Repository/06-Teams/03-Edit Team - Private/button_Save' is NOT clickable

2022-05-18 15:25:40 - [TEST_STEP][PASSED] - delay(3): Delayed 3 second(s)

2022-05-18 15:25:43 - [MESSAGE][PASSED] - Delayed 3 second(s)

2022-05-18 15:25:43 - [TEST_STEP][PASSED] - setText(findTestObject("06-Teams/03-Edit Team - Private/input_Edit Channel name"), "Auto Channel Edit"): Text 'Auto Channel Edit' is set on object 'Object Repository/06-Teams/03-Edit Team - Private/input_Edit Channel name'

2022-05-18 15:25:43 - [MESSAGE][PASSED] - Text 'Auto Channel Edit' is set on object 'Object Repository/06-Teams/03-Edit Team - Private/input_Edit Channel name'

2022-05-18 15:25:43 - [TEST_STEP][PASSED] - click(findTestObject("06-Teams/03-Edit Team - Private/button_Save")): Object: 'Object Repository/06-Teams/03-Edit Team - Private/button_Save' is clicked on

2022-05-18 15:25:44 - [MESSAGE][PASSED] - Object: 'Object Repository/06-Teams/03-Edit Team - Private/button_Save' is clicked on

2022-05-18 15:25:44 - [TEST_STEP][PASSED] - verifyElementVisible(findTestObject("06-Teams/03-Edit Team - Private/Successfully edited channel")): Object 'Object Repository/06-Teams/03-Edit Team - Private/Successfully edited channel' is visible

2022-05-18 15:25:45 - [MESSAGE][PASSED] - Object 'Object Repository/06-Teams/03-Edit Team - Private/Successfully edited channel' is visible

2022-05-18 15:25:45 - [TEST_STEP][PASSED] - delay(3): Delayed 3 second(s)

2022-05-18 15:25:48 - [MESSAGE][PASSED] - Delayed 3 second(s)

2022-05-18 15:25:48 - [TEST_STEP][PASSED] - click(findTestObject("06-Teams/03-Edit Team - Private/button_delete channel")): Object: 'Object Repository/06-Teams/03-Edit Team - Private/button_delete channel' is clicked on

2022-05-18 15:25:49 - [MESSAGE][PASSED] - Object: 'Object Repository/06-Teams/03-Edit Team - Private/button_delete channel' is clicked on

2022-05-18 15:25:49 - [TEST_STEP][PASSED] - verifyElementVisible(findTestObject("06-Teams/03-Edit Team - Private/Delete confirm modal")): Object 'Object Repository/06-Teams/03-Edit Team - Private/Delete confirm modal' is visible

2022-05-18 15:25:49 - [MESSAGE][PASSED] - Object 'Object Repository/06-Teams/03-Edit Team - Private/Delete confirm modal' is visible

2022-05-18 15:25:49 - [TEST_STEP][PASSED] - click(findTestObject("06-Teams/03-Edit Team - Private/button_delete")): Object: 'Object Repository/06-Teams/03-Edit Team - Private/button_delete' is clicked on

2022-05-18 15:25:50 - [MESSAGE][PASSED] - Object: 'Object Repository/06-Teams/03-Edit Team - Private/button_delete' is clicked on

2022-05-18 15:25:50 - [TEST_STEP][PASSED] - verifyElementVisible(findTestObject("06-Teams/03-Edit Team - Private/Successfully deleted channel")): Object 'Object Repository/06-Teams/03-Edit Team - Private/Successfully deleted channel' is visible

2022-05-18 15:25:51 - [MESSAGE][PASSED] - Object 'Object Repository/06-Teams/03-Edit Team - Private/Successfully deleted channel' is visible

2022-05-18 15:25:51 - [TEST_STEP][PASSED] - delay(3): Delayed 3 second(s)

2022-05-18 15:25:54 - [MESSAGE][PASSED] - Delayed 3 second(s)

2022-05-18 15:25:54 - [TEST_STEP][PASSED] - click(findTestObject("06-Teams/03-Edit Team - Private/div_Settings")): Object: 'Object Repository/06-Teams/03-Edit Team - Private/div_Settings' is clicked on

2022-05-18 15:25:55 - [MESSAGE][PASSED] - Object: 'Object Repository/06-Teams/03-Edit Team - Private/div_Settings' is clicked on

2022-05-18 15:25:55 - [TEST_STEP][PASSED] - delay(3): Delayed 3 second(s)

2022-05-18 15:25:58 - [MESSAGE][PASSED] - Delayed 3 second(s)

2022-05-18 15:25:58 - [TEST_STEP][PASSED] - verifyElementVisible(findTestObject("06-Teams/04-Edit Team-Public/Public_settings")): Object 'Object Repository/06-Teams/04-Edit Team-Public/Public_settings' is visible

2022-05-18 15:25:58 - [MESSAGE][PASSED] - Object 'Object Repository/06-Teams/04-Edit Team-Public/Public_settings' is visible

2022-05-18 15:25:58 - [TEST_STEP][PASSED] - delay(3): Delayed 3 second(s)

2022-05-18 15:26:01 - [MESSAGE][PASSED] - Delayed 3 second(s)

2022-05-18 15:26:01 - [TEST_STEP][PASSED] - closeBrowser(): Browser is closed

2022-05-18 15:26:02 - [MESSAGE][PASSED] - Browser is closed]]></system-out>
         <system-err><![CDATA[]]></system-err>
      </testcase>
      <testcase name="Test Cases/06-Teams/05 - Teams - General Channel" time="195.149" classname="Test Cases/06-Teams/05 - Teams - General Channel" status="PASSED">
         <system-out><![CDATA[2022-05-18 15:26:02 - [TEST_CASE][PASSED] - Test Cases/06-Teams/05 - Teams - General Channel: Test Cases/06-Teams/05 - Teams - General Channel

2022-05-18 15:26:02 - [TEST_STEP][PASSED] - openBrowser(""): Browser is opened with url: ''

2022-05-18 15:26:02 - [MESSAGE][INFO] - Starting 'Chrome' driver

2022-05-18 15:26:02 - [MESSAGE][INFO] - Action delay is set to 0 milliseconds

2022-05-18 15:26:03 - [MESSAGE][PASSED] - Browser is opened with url: ''

2022-05-18 15:26:03 - [TEST_STEP][PASSED] - navigateToUrl("https://lab.everleagues.com/"): Navigate to 'https://lab.everleagues.com/' successfully

2022-05-18 15:26:23 - [MESSAGE][PASSED] - Navigate to 'https://lab.everleagues.com/' successfully

2022-05-18 15:26:23 - [TEST_STEP][PASSED] - maximizeWindow(): Current window maximized

2022-05-18 15:26:24 - [MESSAGE][PASSED] - Current window maximized

2022-05-18 15:26:24 - [TEST_STEP][PASSED] - setText(findTestObject("02-Side Icons(Organization)/Add Contact/Email Field"), "testuser02@mailinator.com"): Text 'testuser02@mailinator.com' is set on object 'Object Repository/02-Side Icons(Organization)/Add Contact/Email Field'

2022-05-18 15:26:24 - [MESSAGE][PASSED] - Text 'testuser02@mailinator.com' is set on object 'Object Repository/02-Side Icons(Organization)/Add Contact/Email Field'

2022-05-18 15:26:24 - [TEST_STEP][PASSED] - setEncryptedText(findTestObject("02-Side Icons(Organization)/Add Contact/Password Field"), "8yFRyszE6U6jvsCn51OQbg=="): Text ****** has been set on object 'Object Repository/02-Side Icons(Organization)/Add Contact/Password Field'

2022-05-18 15:26:25 - [MESSAGE][PASSED] - Text ****** has been set on object 'Object Repository/02-Side Icons(Organization)/Add Contact/Password Field'

2022-05-18 15:26:25 - [TEST_STEP][PASSED] - click(findTestObject("02-Side Icons(Organization)/Add Contact/button_Sign in")): Object: 'Object Repository/02-Side Icons(Organization)/Add Contact/button_Sign in' is clicked on

2022-05-18 15:26:26 - [MESSAGE][PASSED] - Object: 'Object Repository/02-Side Icons(Organization)/Add Contact/button_Sign in' is clicked on

2022-05-18 15:26:26 - [TEST_STEP][PASSED] - delay(3): Delayed 3 second(s)

2022-05-18 15:26:29 - [MESSAGE][PASSED] - Delayed 3 second(s)

2022-05-18 15:26:29 - [TEST_STEP][PASSED] - click(findTestObject("06-Teams/For 2FA/button_Confirm_2FA")): Object: 'Object Repository/06-Teams/For 2FA/button_Confirm_2FA' is clicked on

2022-05-18 15:26:29 - [MESSAGE][PASSED] - Object: 'Object Repository/06-Teams/For 2FA/button_Confirm_2FA' is clicked on

2022-05-18 15:26:29 - [TEST_STEP][PASSED] - executeJavaScript("window.open();", []): Execute JavaScript 'window.open();' successfully

2022-05-18 15:26:29 - [MESSAGE][PASSED] - Execute JavaScript 'window.open();' successfully

2022-05-18 15:26:29 - [TEST_STEP][PASSED] - currentWindow = getWindowIndex(): Current window's index is: 0

2022-05-18 15:26:29 - [MESSAGE][PASSED] - Current window's index is: 0

2022-05-18 15:26:29 - [TEST_STEP][PASSED] - delay(3): Delayed 3 second(s)

2022-05-18 15:26:32 - [MESSAGE][PASSED] - Delayed 3 second(s)

2022-05-18 15:26:32 - [TEST_STEP][PASSED] - switchToWindowIndex(currentWindow + 1): Switched to window with index: '1'

2022-05-18 15:26:32 - [MESSAGE][PASSED] - Switched to window with index: '1'

2022-05-18 15:26:32 - [TEST_STEP][PASSED] - navigateToUrl("https://www.mailinator.com/"): Navigate to 'https://www.mailinator.com/' successfully

2022-05-18 15:26:36 - [MESSAGE][PASSED] - Navigate to 'https://www.mailinator.com/' successfully

2022-05-18 15:26:36 - [TEST_STEP][PASSED] - delay(3): Delayed 3 second(s)

2022-05-18 15:26:39 - [MESSAGE][PASSED] - Delayed 3 second(s)

2022-05-18 15:26:39 - [TEST_STEP][PASSED] - setText(findTestObject("00-Signup and Activation/zMailinator/input_LOGIN_search"), "testuser02@mailinator.com"): Text 'testuser02@mailinator.com' is set on object 'Object Repository/00-Signup and Activation/zMailinator/input_LOGIN_search'

2022-05-18 15:26:40 - [MESSAGE][PASSED] - Text 'testuser02@mailinator.com' is set on object 'Object Repository/00-Signup and Activation/zMailinator/input_LOGIN_search'

2022-05-18 15:26:40 - [TEST_STEP][PASSED] - click(findTestObject("00-Signup and Activation/zMailinator/gobutton"), STOP_ON_FAILURE): Object: 'Object Repository/00-Signup and Activation/zMailinator/gobutton' is clicked on

2022-05-18 15:26:41 - [MESSAGE][PASSED] - Object: 'Object Repository/00-Signup and Activation/zMailinator/gobutton' is clicked on

2022-05-18 15:26:41 - [TEST_STEP][PASSED] - delay(3): Delayed 3 second(s)

2022-05-18 15:26:44 - [MESSAGE][PASSED] - Delayed 3 second(s)

2022-05-18 15:26:44 - [TEST_STEP][PASSED] - click(findTestObject("00-Signup and Activation/zMailinator/Email - everleagues")): Object: 'Object Repository/00-Signup and Activation/zMailinator/Email - everleagues' is clicked on

2022-05-18 15:26:45 - [MESSAGE][PASSED] - Object: 'Object Repository/00-Signup and Activation/zMailinator/Email - everleagues' is clicked on

2022-05-18 15:26:45 - [TEST_STEP][PASSED] - delay(3): Delayed 3 second(s)

2022-05-18 15:26:48 - [MESSAGE][PASSED] - Delayed 3 second(s)

2022-05-18 15:26:48 - [TEST_STEP][PASSED] - code = getText(findTestObject("Object Repository/06-Teams/For 2FA/2FA code")): Text of object 'Object Repository/06-Teams/For 2FA/2FA code' is: '129590'

2022-05-18 15:26:48 - [MESSAGE][PASSED] - Text of object 'Object Repository/06-Teams/For 2FA/2FA code' is: '129590'

2022-05-18 15:26:48 - [TEST_STEP][PASSED] - delay(3): Delayed 3 second(s)

2022-05-18 15:26:51 - [MESSAGE][PASSED] - Delayed 3 second(s)

2022-05-18 15:26:51 - [TEST_STEP][PASSED] - closeWindowTitle("Mailinator"): Window with title: 'Mailinator' is closed

2022-05-18 15:26:51 - [MESSAGE][PASSED] - Window with title: 'Mailinator' is closed

2022-05-18 15:26:51 - [TEST_STEP][PASSED] - delay(3): Delayed 3 second(s)

2022-05-18 15:26:54 - [MESSAGE][PASSED] - Delayed 3 second(s)

2022-05-18 15:26:54 - [TEST_STEP][PASSED] - switchToWindowIndex(0): Switched to window with index: '0'

2022-05-18 15:26:54 - [MESSAGE][PASSED] - Switched to window with index: '0'

2022-05-18 15:26:54 - [TEST_STEP][PASSED] - delay(3): Delayed 3 second(s)

2022-05-18 15:26:57 - [MESSAGE][PASSED] - Delayed 3 second(s)

2022-05-18 15:26:57 - [TEST_STEP][PASSED] - setText(findTestObject("Object Repository/06-Teams/For 2FA/input_Enter verification code_code"), code): Text '129590' is set on object 'Object Repository/06-Teams/For 2FA/input_Enter verification code_code'

2022-05-18 15:26:58 - [MESSAGE][PASSED] - Text '129590' is set on object 'Object Repository/06-Teams/For 2FA/input_Enter verification code_code'

2022-05-18 15:26:58 - [TEST_STEP][PASSED] - delay(3): Delayed 3 second(s)

2022-05-18 15:27:01 - [MESSAGE][PASSED] - Delayed 3 second(s)

2022-05-18 15:27:01 - [TEST_STEP][PASSED] - click(findTestObject("06-Teams/For 2FA/button_Verify_2FA")): Object: 'Object Repository/06-Teams/For 2FA/button_Verify_2FA' is clicked on

2022-05-18 15:27:02 - [MESSAGE][PASSED] - Object: 'Object Repository/06-Teams/For 2FA/button_Verify_2FA' is clicked on

2022-05-18 15:27:02 - [TEST_STEP][PASSED] - delay(5): Delayed 5 second(s)

2022-05-18 15:27:07 - [MESSAGE][PASSED] - Delayed 5 second(s)

2022-05-18 15:27:07 - [TEST_STEP][PASSED] - click(findTestObject("06-Teams/button_doublearrow")): Object: 'Object Repository/06-Teams/button_doublearrow' is clicked on

2022-05-18 15:27:08 - [MESSAGE][PASSED] - Object: 'Object Repository/06-Teams/button_doublearrow' is clicked on

2022-05-18 15:27:08 - [TEST_STEP][PASSED] - click(findTestObject("06-Teams/button_My Organizations")): Object: 'Object Repository/06-Teams/button_My Organizations' is clicked on

2022-05-18 15:27:08 - [MESSAGE][PASSED] - Object: 'Object Repository/06-Teams/button_My Organizations' is clicked on

2022-05-18 15:27:08 - [TEST_STEP][PASSED] - click(findTestObject("06-Teams/button_GG Automation")): Object: 'Object Repository/06-Teams/button_GG Automation' is clicked on

2022-05-18 15:27:09 - [MESSAGE][PASSED] - Object: 'Object Repository/06-Teams/button_GG Automation' is clicked on

2022-05-18 15:27:09 - [TEST_STEP][PASSED] - delay(4): Delayed 4 second(s)

2022-05-18 15:27:13 - [MESSAGE][PASSED] - Delayed 4 second(s)

2022-05-18 15:27:13 - [TEST_STEP][PASSED] - verifyElementVisible(findTestObject("06-Teams/span_GG Automation")): Object 'Object Repository/06-Teams/span_GG Automation' is visible

2022-05-18 15:27:13 - [MESSAGE][PASSED] - Object 'Object Repository/06-Teams/span_GG Automation' is visible

2022-05-18 15:27:13 - [TEST_STEP][PASSED] - delay(2): Delayed 2 second(s)

2022-05-18 15:27:15 - [MESSAGE][PASSED] - Delayed 2 second(s)

2022-05-18 15:27:15 - [TEST_STEP][PASSED] - click(findTestObject("03-Header Menu/Hamburger Button/div_Teams")): Object: 'Object Repository/03-Header Menu/Hamburger Button/div_Teams' is clicked on

2022-05-18 15:27:16 - [MESSAGE][PASSED] - Object: 'Object Repository/03-Header Menu/Hamburger Button/div_Teams' is clicked on

2022-05-18 15:27:16 - [TEST_STEP][PASSED] - delay(2): Delayed 2 second(s)

2022-05-18 15:27:18 - [MESSAGE][PASSED] - Delayed 2 second(s)

2022-05-18 15:27:18 - [TEST_STEP][PASSED] - verifyElementVisible(findTestObject("06-Teams/h4_TEAMS")): Object 'Object Repository/06-Teams/h4_TEAMS' is visible

2022-05-18 15:27:18 - [MESSAGE][PASSED] - Object 'Object Repository/06-Teams/h4_TEAMS' is visible

2022-05-18 15:27:18 - [TEST_STEP][PASSED] - delay(3): Delayed 3 second(s)

2022-05-18 15:27:21 - [MESSAGE][PASSED] - Delayed 3 second(s)

2022-05-18 15:27:21 - [TEST_STEP][PASSED] - click(findTestObject("06-Teams/05- Teams-General Channel/div_General")): Object: 'Object Repository/06-Teams/05- Teams-General Channel/div_General' is clicked on

2022-05-18 15:27:22 - [MESSAGE][PASSED] - Object: 'Object Repository/06-Teams/05- Teams-General Channel/div_General' is clicked on

2022-05-18 15:27:22 - [TEST_STEP][PASSED] - delay(3): Delayed 3 second(s)

2022-05-18 15:27:25 - [MESSAGE][PASSED] - Delayed 3 second(s)

2022-05-18 15:27:25 - [TEST_STEP][PASSED] - uploadFile(findTestObject("06-Teams/05- Teams-General Channel/button_attache_file"), "C:\Users\User\Desktop\EL automation\sample.pdf"): File 'C:\Users\User\Desktop\EL automation\sample.pdf' sent to object: 'Object Repository/06-Teams/05- Teams-General Channel/button_attache_file'

2022-05-18 15:27:25 - [MESSAGE][PASSED] - File 'C:\Users\User\Desktop\EL automation\sample.pdf' sent to object: 'Object Repository/06-Teams/05- Teams-General Channel/button_attache_file'

2022-05-18 15:27:25 - [TEST_STEP][PASSED] - verifyElementVisible(findTestObject("06-Teams/05- Teams-General Channel/added PDF")): Object 'Object Repository/06-Teams/05- Teams-General Channel/added PDF' is visible

2022-05-18 15:27:26 - [MESSAGE][PASSED] - Object 'Object Repository/06-Teams/05- Teams-General Channel/added PDF' is visible

2022-05-18 15:27:26 - [TEST_STEP][PASSED] - click(findTestObject("06-Teams/05- Teams-General Channel/button_send")): Object: 'Object Repository/06-Teams/05- Teams-General Channel/button_send' is clicked on

2022-05-18 15:27:26 - [MESSAGE][PASSED] - Object: 'Object Repository/06-Teams/05- Teams-General Channel/button_send' is clicked on

2022-05-18 15:27:26 - [TEST_STEP][PASSED] - verifyElementVisible(findTestObject("06-Teams/05- Teams-General Channel/added new post msg")): Object 'Object Repository/06-Teams/05- Teams-General Channel/added new post msg' is visible

2022-05-18 15:27:29 - [MESSAGE][PASSED] - Object 'Object Repository/06-Teams/05- Teams-General Channel/added new post msg' is visible

2022-05-18 15:27:29 - [TEST_STEP][PASSED] - verifyElementVisible(findTestObject("06-Teams/05- Teams-General Channel/posted pdf")): Object 'Object Repository/06-Teams/05- Teams-General Channel/posted pdf' is visible

2022-05-18 15:27:29 - [MESSAGE][PASSED] - Object 'Object Repository/06-Teams/05- Teams-General Channel/posted pdf' is visible

2022-05-18 15:27:29 - [TEST_STEP][PASSED] - delay(10): Delayed 10 second(s)

2022-05-18 15:27:39 - [MESSAGE][PASSED] - Delayed 10 second(s)

2022-05-18 15:27:39 - [TEST_STEP][PASSED] - uploadFile(findTestObject("06-Teams/05- Teams-General Channel/button_add image"), "C:\Users\User\Desktop\EL automation\qa.jpg"): File 'C:\Users\User\Desktop\EL automation\qa.jpg' sent to object: 'Object Repository/06-Teams/05- Teams-General Channel/button_add image'

2022-05-18 15:27:40 - [MESSAGE][PASSED] - File 'C:\Users\User\Desktop\EL automation\qa.jpg' sent to object: 'Object Repository/06-Teams/05- Teams-General Channel/button_add image'

2022-05-18 15:27:40 - [TEST_STEP][PASSED] - verifyElementVisible(findTestObject("06-Teams/05- Teams-General Channel/added image")): Object 'Object Repository/06-Teams/05- Teams-General Channel/added image' is visible

2022-05-18 15:27:40 - [MESSAGE][PASSED] - Object 'Object Repository/06-Teams/05- Teams-General Channel/added image' is visible

2022-05-18 15:27:40 - [TEST_STEP][PASSED] - delay(3): Delayed 3 second(s)

2022-05-18 15:27:43 - [MESSAGE][PASSED] - Delayed 3 second(s)

2022-05-18 15:27:43 - [TEST_STEP][PASSED] - click(findTestObject("06-Teams/05- Teams-General Channel/button_send")): Object: 'Object Repository/06-Teams/05- Teams-General Channel/button_send' is clicked on

2022-05-18 15:27:44 - [MESSAGE][PASSED] - Object: 'Object Repository/06-Teams/05- Teams-General Channel/button_send' is clicked on

2022-05-18 15:27:44 - [TEST_STEP][PASSED] - verifyElementVisible(findTestObject("06-Teams/05- Teams-General Channel/added new post msg")): Object 'Object Repository/06-Teams/05- Teams-General Channel/added new post msg' is visible

2022-05-18 15:27:46 - [MESSAGE][PASSED] - Object 'Object Repository/06-Teams/05- Teams-General Channel/added new post msg' is visible

2022-05-18 15:27:46 - [TEST_STEP][PASSED] - delay(3): Delayed 3 second(s)

2022-05-18 15:27:49 - [MESSAGE][PASSED] - Delayed 3 second(s)

2022-05-18 15:27:49 - [TEST_STEP][PASSED] - verifyElementVisible(findTestObject("06-Teams/05- Teams-General Channel/posted image")): Object 'Object Repository/06-Teams/05- Teams-General Channel/posted image' is visible

2022-05-18 15:27:50 - [MESSAGE][PASSED] - Object 'Object Repository/06-Teams/05- Teams-General Channel/posted image' is visible

2022-05-18 15:27:50 - [TEST_STEP][PASSED] - delay(10): Delayed 10 second(s)

2022-05-18 15:28:00 - [MESSAGE][PASSED] - Delayed 10 second(s)

2022-05-18 15:28:00 - [TEST_STEP][PASSED] - uploadFile(findTestObject("06-Teams/05- Teams-General Channel/button_attache_file"), "C:\Users\User\Desktop\EL automation\video.mp4"): File 'C:\Users\User\Desktop\EL automation\video.mp4' sent to object: 'Object Repository/06-Teams/05- Teams-General Channel/button_attache_file'

2022-05-18 15:28:00 - [MESSAGE][PASSED] - File 'C:\Users\User\Desktop\EL automation\video.mp4' sent to object: 'Object Repository/06-Teams/05- Teams-General Channel/button_attache_file'

2022-05-18 15:28:00 - [TEST_STEP][PASSED] - verifyElementVisible(findTestObject("06-Teams/05- Teams-General Channel/added video")): Object 'Object Repository/06-Teams/05- Teams-General Channel/added video' is visible

2022-05-18 15:28:01 - [MESSAGE][PASSED] - Object 'Object Repository/06-Teams/05- Teams-General Channel/added video' is visible

2022-05-18 15:28:01 - [TEST_STEP][PASSED] - click(findTestObject("06-Teams/05- Teams-General Channel/button_send")): Object: 'Object Repository/06-Teams/05- Teams-General Channel/button_send' is clicked on

2022-05-18 15:28:01 - [MESSAGE][PASSED] - Object: 'Object Repository/06-Teams/05- Teams-General Channel/button_send' is clicked on

2022-05-18 15:28:01 - [TEST_STEP][PASSED] - delay(5): Delayed 5 second(s)

2022-05-18 15:28:06 - [MESSAGE][PASSED] - Delayed 5 second(s)

2022-05-18 15:28:06 - [TEST_STEP][PASSED] - verifyElementVisible(findTestObject("06-Teams/05- Teams-General Channel/posted video")): Object 'Object Repository/06-Teams/05- Teams-General Channel/posted video' is visible

2022-05-18 15:28:24 - [MESSAGE][PASSED] - Object 'Object Repository/06-Teams/05- Teams-General Channel/posted video' is visible

2022-05-18 15:28:24 - [TEST_STEP][PASSED] - delay(10): Delayed 10 second(s)

2022-05-18 15:28:34 - [MESSAGE][PASSED] - Delayed 10 second(s)

2022-05-18 15:28:34 - [TEST_STEP][PASSED] - setText(findTestObject("06-Teams/05- Teams-General Channel/Input field_post"), "This is automation"): Text 'This is automation' is set on object 'Object Repository/06-Teams/05- Teams-General Channel/Input field_post'

2022-05-18 15:28:35 - [MESSAGE][PASSED] - Text 'This is automation' is set on object 'Object Repository/06-Teams/05- Teams-General Channel/Input field_post'

2022-05-18 15:28:35 - [TEST_STEP][PASSED] - click(findTestObject("06-Teams/05- Teams-General Channel/button_send")): Object: 'Object Repository/06-Teams/05- Teams-General Channel/button_send' is clicked on

2022-05-18 15:28:35 - [MESSAGE][PASSED] - Object: 'Object Repository/06-Teams/05- Teams-General Channel/button_send' is clicked on

2022-05-18 15:28:35 - [TEST_STEP][PASSED] - delay(3): Delayed 3 second(s)

2022-05-18 15:28:39 - [MESSAGE][PASSED] - Delayed 3 second(s)

2022-05-18 15:28:39 - [TEST_STEP][PASSED] - verifyElementVisible(findTestObject("06-Teams/05- Teams-General Channel/added new post msg")): Object 'Object Repository/06-Teams/05- Teams-General Channel/added new post msg' is visible

2022-05-18 15:28:39 - [MESSAGE][PASSED] - Object 'Object Repository/06-Teams/05- Teams-General Channel/added new post msg' is visible

2022-05-18 15:28:39 - [TEST_STEP][PASSED] - verifyElementVisible(findTestObject("06-Teams/05- Teams-General Channel/posted_This is automation")): Object 'Object Repository/06-Teams/05- Teams-General Channel/posted_This is automation' is visible

2022-05-18 15:28:40 - [MESSAGE][PASSED] - Object 'Object Repository/06-Teams/05- Teams-General Channel/posted_This is automation' is visible

2022-05-18 15:28:40 - [TEST_STEP][PASSED] - delay(3): Delayed 3 second(s)

2022-05-18 15:28:43 - [MESSAGE][PASSED] - Delayed 3 second(s)

2022-05-18 15:28:43 - [TEST_STEP][PASSED] - click(findTestObject("06-Teams/05- Teams-General Channel/ellipsis 1")): Object: 'Object Repository/06-Teams/05- Teams-General Channel/ellipsis 1' is clicked on

2022-05-18 15:28:43 - [MESSAGE][PASSED] - Object: 'Object Repository/06-Teams/05- Teams-General Channel/ellipsis 1' is clicked on

2022-05-18 15:28:43 - [TEST_STEP][PASSED] - click(findTestObject("06-Teams/05- Teams-General Channel/button_Edit Post")): Object: 'Object Repository/06-Teams/05- Teams-General Channel/button_Edit Post' is clicked on

2022-05-18 15:28:44 - [MESSAGE][PASSED] - Object: 'Object Repository/06-Teams/05- Teams-General Channel/button_Edit Post' is clicked on

2022-05-18 15:28:44 - [TEST_STEP][PASSED] - setText(findTestObject("06-Teams/05- Teams-General Channel/Edit field"), "Automation Edit "): Text 'Automation Edit ' is set on object 'Object Repository/06-Teams/05- Teams-General Channel/Edit field'

2022-05-18 15:28:46 - [MESSAGE][PASSED] - Text 'Automation Edit ' is set on object 'Object Repository/06-Teams/05- Teams-General Channel/Edit field'

2022-05-18 15:28:46 - [TEST_STEP][PASSED] - click(findTestObject("06-Teams/05- Teams-General Channel/button_send edit")): Object: 'Object Repository/06-Teams/05- Teams-General Channel/button_send edit' is clicked on

2022-05-18 15:28:46 - [MESSAGE][PASSED] - Object: 'Object Repository/06-Teams/05- Teams-General Channel/button_send edit' is clicked on

2022-05-18 15:28:46 - [TEST_STEP][PASSED] - verifyElementVisible(findTestObject("06-Teams/05- Teams-General Channel/Successfully edited post msg")): Object 'Object Repository/06-Teams/05- Teams-General Channel/Successfully edited post msg' is visible

2022-05-18 15:28:47 - [MESSAGE][PASSED] - Object 'Object Repository/06-Teams/05- Teams-General Channel/Successfully edited post msg' is visible

2022-05-18 15:28:47 - [TEST_STEP][PASSED] - delay(3): Delayed 3 second(s)

2022-05-18 15:28:50 - [MESSAGE][PASSED] - Delayed 3 second(s)

2022-05-18 15:28:50 - [TEST_STEP][PASSED] - click(findTestObject("06-Teams/05- Teams-General Channel/ellipsis 1")): Object: 'Object Repository/06-Teams/05- Teams-General Channel/ellipsis 1' is clicked on

2022-05-18 15:28:51 - [MESSAGE][PASSED] - Object: 'Object Repository/06-Teams/05- Teams-General Channel/ellipsis 1' is clicked on

2022-05-18 15:28:51 - [TEST_STEP][PASSED] - click(findTestObject("06-Teams/05- Teams-General Channel/button_Delete Post")): Object: 'Object Repository/06-Teams/05- Teams-General Channel/button_Delete Post' is clicked on

2022-05-18 15:28:51 - [MESSAGE][PASSED] - Object: 'Object Repository/06-Teams/05- Teams-General Channel/button_Delete Post' is clicked on

2022-05-18 15:28:51 - [TEST_STEP][PASSED] - verifyElementVisible(findTestObject("06-Teams/05- Teams-General Channel/delete post box")): Object 'Object Repository/06-Teams/05- Teams-General Channel/delete post box' is visible

2022-05-18 15:28:52 - [MESSAGE][PASSED] - Object 'Object Repository/06-Teams/05- Teams-General Channel/delete post box' is visible

2022-05-18 15:28:52 - [TEST_STEP][PASSED] - click(findTestObject("06-Teams/05- Teams-General Channel/button_Delete")): Object: 'Object Repository/06-Teams/05- Teams-General Channel/button_Delete' is clicked on

2022-05-18 15:28:53 - [MESSAGE][PASSED] - Object: 'Object Repository/06-Teams/05- Teams-General Channel/button_Delete' is clicked on

2022-05-18 15:28:53 - [TEST_STEP][PASSED] - verifyElementVisible(findTestObject("06-Teams/05- Teams-General Channel/Successfully deleted post msg")): Object 'Object Repository/06-Teams/05- Teams-General Channel/Successfully deleted post msg' is visible

2022-05-18 15:28:54 - [MESSAGE][PASSED] - Object 'Object Repository/06-Teams/05- Teams-General Channel/Successfully deleted post msg' is visible

2022-05-18 15:28:54 - [TEST_STEP][PASSED] - delay(3): Delayed 3 second(s)

2022-05-18 15:28:57 - [MESSAGE][PASSED] - Delayed 3 second(s)

2022-05-18 15:28:57 - [TEST_STEP][PASSED] - click(findTestObject("06-Teams/05- Teams-General Channel/ellipsis 1")): Object: 'Object Repository/06-Teams/05- Teams-General Channel/ellipsis 1' is clicked on

2022-05-18 15:28:57 - [MESSAGE][PASSED] - Object: 'Object Repository/06-Teams/05- Teams-General Channel/ellipsis 1' is clicked on

2022-05-18 15:28:57 - [TEST_STEP][PASSED] - click(findTestObject("06-Teams/05- Teams-General Channel/button_Delete Post")): Object: 'Object Repository/06-Teams/05- Teams-General Channel/button_Delete Post' is clicked on

2022-05-18 15:28:58 - [MESSAGE][PASSED] - Object: 'Object Repository/06-Teams/05- Teams-General Channel/button_Delete Post' is clicked on

2022-05-18 15:28:58 - [TEST_STEP][PASSED] - verifyElementVisible(findTestObject("06-Teams/05- Teams-General Channel/delete post box")): Object 'Object Repository/06-Teams/05- Teams-General Channel/delete post box' is visible

2022-05-18 15:28:59 - [MESSAGE][PASSED] - Object 'Object Repository/06-Teams/05- Teams-General Channel/delete post box' is visible

2022-05-18 15:28:59 - [TEST_STEP][PASSED] - click(findTestObject("06-Teams/05- Teams-General Channel/button_Delete")): Object: 'Object Repository/06-Teams/05- Teams-General Channel/button_Delete' is clicked on

2022-05-18 15:28:59 - [MESSAGE][PASSED] - Object: 'Object Repository/06-Teams/05- Teams-General Channel/button_Delete' is clicked on

2022-05-18 15:28:59 - [TEST_STEP][PASSED] - verifyElementVisible(findTestObject("06-Teams/05- Teams-General Channel/Successfully deleted post msg")): Object 'Object Repository/06-Teams/05- Teams-General Channel/Successfully deleted post msg' is visible

2022-05-18 15:29:01 - [MESSAGE][PASSED] - Object 'Object Repository/06-Teams/05- Teams-General Channel/Successfully deleted post msg' is visible

2022-05-18 15:29:01 - [TEST_STEP][PASSED] - delay(3): Delayed 3 second(s)

2022-05-18 15:29:04 - [MESSAGE][PASSED] - Delayed 3 second(s)

2022-05-18 15:29:04 - [TEST_STEP][PASSED] - click(findTestObject("06-Teams/05- Teams-General Channel/ellipsis 1")): Object: 'Object Repository/06-Teams/05- Teams-General Channel/ellipsis 1' is clicked on

2022-05-18 15:29:04 - [MESSAGE][PASSED] - Object: 'Object Repository/06-Teams/05- Teams-General Channel/ellipsis 1' is clicked on

2022-05-18 15:29:04 - [TEST_STEP][PASSED] - click(findTestObject("06-Teams/05- Teams-General Channel/button_Delete Post")): Object: 'Object Repository/06-Teams/05- Teams-General Channel/button_Delete Post' is clicked on

2022-05-18 15:29:05 - [MESSAGE][PASSED] - Object: 'Object Repository/06-Teams/05- Teams-General Channel/button_Delete Post' is clicked on

2022-05-18 15:29:05 - [TEST_STEP][PASSED] - verifyElementVisible(findTestObject("06-Teams/05- Teams-General Channel/delete post box")): Object 'Object Repository/06-Teams/05- Teams-General Channel/delete post box' is visible

2022-05-18 15:29:06 - [MESSAGE][PASSED] - Object 'Object Repository/06-Teams/05- Teams-General Channel/delete post box' is visible

2022-05-18 15:29:06 - [TEST_STEP][PASSED] - click(findTestObject("06-Teams/05- Teams-General Channel/button_Delete")): Object: 'Object Repository/06-Teams/05- Teams-General Channel/button_Delete' is clicked on

2022-05-18 15:29:06 - [MESSAGE][PASSED] - Object: 'Object Repository/06-Teams/05- Teams-General Channel/button_Delete' is clicked on

2022-05-18 15:29:06 - [TEST_STEP][PASSED] - verifyElementVisible(findTestObject("06-Teams/05- Teams-General Channel/Successfully deleted post msg")): Object 'Object Repository/06-Teams/05- Teams-General Channel/Successfully deleted post msg' is visible

2022-05-18 15:29:07 - [MESSAGE][PASSED] - Object 'Object Repository/06-Teams/05- Teams-General Channel/Successfully deleted post msg' is visible

2022-05-18 15:29:07 - [TEST_STEP][PASSED] - delay(3): Delayed 3 second(s)

2022-05-18 15:29:10 - [MESSAGE][PASSED] - Delayed 3 second(s)

2022-05-18 15:29:10 - [TEST_STEP][PASSED] - click(findTestObject("06-Teams/05- Teams-General Channel/ellipsis 1")): Object: 'Object Repository/06-Teams/05- Teams-General Channel/ellipsis 1' is clicked on

2022-05-18 15:29:11 - [MESSAGE][PASSED] - Object: 'Object Repository/06-Teams/05- Teams-General Channel/ellipsis 1' is clicked on

2022-05-18 15:29:11 - [TEST_STEP][PASSED] - click(findTestObject("06-Teams/05- Teams-General Channel/button_Delete Post")): Object: 'Object Repository/06-Teams/05- Teams-General Channel/button_Delete Post' is clicked on

2022-05-18 15:29:11 - [MESSAGE][PASSED] - Object: 'Object Repository/06-Teams/05- Teams-General Channel/button_Delete Post' is clicked on

2022-05-18 15:29:11 - [TEST_STEP][PASSED] - verifyElementVisible(findTestObject("06-Teams/05- Teams-General Channel/delete post box")): Object 'Object Repository/06-Teams/05- Teams-General Channel/delete post box' is visible

2022-05-18 15:29:12 - [MESSAGE][PASSED] - Object 'Object Repository/06-Teams/05- Teams-General Channel/delete post box' is visible

2022-05-18 15:29:12 - [TEST_STEP][PASSED] - click(findTestObject("06-Teams/05- Teams-General Channel/button_Delete")): Object: 'Object Repository/06-Teams/05- Teams-General Channel/button_Delete' is clicked on

2022-05-18 15:29:13 - [MESSAGE][PASSED] - Object: 'Object Repository/06-Teams/05- Teams-General Channel/button_Delete' is clicked on

2022-05-18 15:29:13 - [TEST_STEP][PASSED] - verifyElementVisible(findTestObject("06-Teams/05- Teams-General Channel/Successfully deleted post msg")): Object 'Object Repository/06-Teams/05- Teams-General Channel/Successfully deleted post msg' is visible

2022-05-18 15:29:14 - [MESSAGE][PASSED] - Object 'Object Repository/06-Teams/05- Teams-General Channel/Successfully deleted post msg' is visible

2022-05-18 15:29:14 - [TEST_STEP][PASSED] - delay(3): Delayed 3 second(s)

2022-05-18 15:29:17 - [MESSAGE][PASSED] - Delayed 3 second(s)]]></system-out>
         <system-err><![CDATA[]]></system-err>
      </testcase>
      <system-out><![CDATA[2022-05-18 15:21:09 - [TEST_SUITE][PASSED] - 06.2 - Teams - Settings: Test Cases/06-Teams/05 - Teams - General Channel]]></system-out>
      <system-err><![CDATA[]]></system-err>
   </testsuite>
</testsuites>
