<?xml version="1.0" encoding="UTF-8"?>
<testsuites name="09.1 - Settings (Invite users)" time="1091.878" tests="5" failures="0" errors="0">
   <testsuite name="09.1 - Settings (Invite users)" tests="5" failures="0" errors="0" time="1091.878" skipped="0" timestamp="2023-01-02 17:57:41" hostname="asus - DESKTOP-3L3J9C1" id="Test Suites/TS-Organization/09.1 - Settings (Invite users)">
      <properties>
         <property name="deviceName" value=""/>
         <property name="devicePlatform" value=""/>
         <property name="logFolder" value="C:\\Users\\asus\\Katalon Studio\\Everleagues\\Everleagues\\Reports\\20230102_175728\\TS-Organization\\09.1 - Settings (Invite users)\\20230102_175728"/>
         <property name="logFiles" value="C:\\Users\\asus\\Katalon Studio\\Everleagues\\Everleagues\\Reports\\20230102_175728\\TS-Organization\\09.1 - Settings (Invite users)\\20230102_175728\\execution0.log"/>
         <property name="attachments" value=""/>
         <property name="hostName" value="asus - DESKTOP-3L3J9C1"/>
         <property name="os" value="Windows 10 64bit"/>
         <property name="katalonVersion" value="8.4.1.208"/>
         <property name="browser" value="Chrome 108.0.0.0"/>
         <property name="hostAddress" value="192.168.5.82"/>
         <property name="sessionId" value="5c7a55aae14805cc7c5e0feff398dfa8"/>
         <property name="seleniumVersion" value="3.141.59"/>
         <property name="proxyInformation" value="ProxyInformation { proxyOption=NO_PROXY, proxyServerType=HTTP, username=, password=********, proxyServerAddress=, proxyServerPort=0, executionList=&quot;&quot;, isApplyToDesiredCapabilities=true }"/>
         <property name="platform" value="Windows 10"/>
      </properties>
      <testcase name="Test Cases/09-Settings/01 - Users (Invite new user but field are blank)" time="149.829" classname="Test Cases/09-Settings/01 - Users (Invite new user but field are blank)" status="PASSED">
         <system-out><![CDATA[2023-01-02 17:57:43 - [TEST_CASE][PASSED] - Test Cases/09-Settings/01 - Users (Invite new user but field are blank): Test Cases/09-Settings/01 - Users (Invite new user but field are blank)

2023-01-02 17:57:45 - [TEST_STEP][PASSED] - openBrowser(""): Browser is opened with url: ''

2023-01-02 17:57:47 - [MESSAGE][INFO] - Starting 'Chrome' driver

2023-01-02 17:57:47 - [MESSAGE][INFO] - Action delay is set to 0 milliseconds

2023-01-02 17:57:58 - [MESSAGE][PASSED] - Browser is opened with url: ''

2023-01-02 17:57:58 - [TEST_STEP][PASSED] - navigateToUrl("https://lab.everleagues.com/"): Navigate to 'https://lab.everleagues.com/' successfully

2023-01-02 17:58:19 - [MESSAGE][PASSED] - Navigate to 'https://lab.everleagues.com/' successfully

2023-01-02 17:58:19 - [TEST_STEP][PASSED] - maximizeWindow(): Current window maximized

2023-01-02 17:58:20 - [MESSAGE][PASSED] - Current window maximized

2023-01-02 17:58:20 - [TEST_STEP][PASSED] - setText(findTestObject("02-Side Icons(Organization)/Add Contact/Email Field"), "testuser02@mailinator.com"): Text 'testuser02@mailinator.com' is set on object 'Object Repository/02-Side Icons(Organization)/Add Contact/Email Field'

2023-01-02 17:58:22 - [MESSAGE][PASSED] - Text 'testuser02@mailinator.com' is set on object 'Object Repository/02-Side Icons(Organization)/Add Contact/Email Field'

2023-01-02 17:58:22 - [TEST_STEP][PASSED] - setEncryptedText(findTestObject("02-Side Icons(Organization)/Add Contact/Password Field"), "8yFRyszE6U6jvsCn51OQbg=="): Text ****** has been set on object 'Object Repository/02-Side Icons(Organization)/Add Contact/Password Field'

2023-01-02 17:58:23 - [MESSAGE][PASSED] - Text ****** has been set on object 'Object Repository/02-Side Icons(Organization)/Add Contact/Password Field'

2023-01-02 17:58:23 - [TEST_STEP][PASSED] - click(findTestObject("02-Side Icons(Organization)/Add Contact/button_Sign in")): Object: 'Object Repository/02-Side Icons(Organization)/Add Contact/button_Sign in' is clicked on

2023-01-02 17:58:25 - [MESSAGE][PASSED] - Object: 'Object Repository/02-Side Icons(Organization)/Add Contact/button_Sign in' is clicked on

2023-01-02 17:58:25 - [TEST_STEP][PASSED] - delay(2): Delayed 2 second(s)

2023-01-02 17:58:27 - [MESSAGE][PASSED] - Delayed 2 second(s)

2023-01-02 17:58:27 - [TEST_STEP][PASSED] - click(findTestObject("06-Teams/For 2FA/button_Confirm_2FA")): Object: 'Object Repository/06-Teams/For 2FA/button_Confirm_2FA' is clicked on

2023-01-02 17:58:28 - [MESSAGE][PASSED] - Object: 'Object Repository/06-Teams/For 2FA/button_Confirm_2FA' is clicked on

2023-01-02 17:58:28 - [TEST_STEP][PASSED] - executeJavaScript("window.open();", []): Execute JavaScript 'window.open();' successfully

2023-01-02 17:58:28 - [MESSAGE][PASSED] - Execute JavaScript 'window.open();' successfully

2023-01-02 17:58:28 - [TEST_STEP][PASSED] - currentWindow = getWindowIndex(): Current window's index is: 0

2023-01-02 17:58:28 - [MESSAGE][PASSED] - Current window's index is: 0

2023-01-02 17:58:28 - [TEST_STEP][PASSED] - delay(3): Delayed 3 second(s)

2023-01-02 17:58:31 - [MESSAGE][PASSED] - Delayed 3 second(s)

2023-01-02 17:58:31 - [TEST_STEP][PASSED] - switchToWindowIndex(currentWindow + 1): Switched to window with index: '1'

2023-01-02 17:58:32 - [MESSAGE][PASSED] - Switched to window with index: '1'

2023-01-02 17:58:32 - [TEST_STEP][PASSED] - navigateToUrl("https://www.mailinator.com/"): Navigate to 'https://www.mailinator.com/' successfully

2023-01-02 17:58:40 - [MESSAGE][PASSED] - Navigate to 'https://www.mailinator.com/' successfully

2023-01-02 17:58:40 - [TEST_STEP][PASSED] - delay(3): Delayed 3 second(s)

2023-01-02 17:58:43 - [MESSAGE][PASSED] - Delayed 3 second(s)

2023-01-02 17:58:43 - [TEST_STEP][PASSED] - setText(findTestObject("00-Signup and Activation/zMailinator/input_LOGIN_search"), "testuser02@mailinator.com"): Text 'testuser02@mailinator.com' is set on object 'Object Repository/00-Signup and Activation/zMailinator/input_LOGIN_search'

2023-01-02 17:58:45 - [MESSAGE][PASSED] - Text 'testuser02@mailinator.com' is set on object 'Object Repository/00-Signup and Activation/zMailinator/input_LOGIN_search'

2023-01-02 17:58:45 - [TEST_STEP][PASSED] - click(findTestObject("00-Signup and Activation/zMailinator/gobutton"), STOP_ON_FAILURE): Object: 'Object Repository/00-Signup and Activation/zMailinator/gobutton' is clicked on

2023-01-02 17:58:48 - [MESSAGE][PASSED] - Object: 'Object Repository/00-Signup and Activation/zMailinator/gobutton' is clicked on

2023-01-02 17:58:48 - [TEST_STEP][PASSED] - delay(3): Delayed 3 second(s)

2023-01-02 17:58:52 - [MESSAGE][PASSED] - Delayed 3 second(s)

2023-01-02 17:58:52 - [TEST_STEP][PASSED] - click(findTestObject("00-Signup and Activation/zMailinator/Email - everleagues")): Object: 'Object Repository/00-Signup and Activation/zMailinator/Email - everleagues' is clicked on

2023-01-02 17:58:53 - [MESSAGE][PASSED] - Object: 'Object Repository/00-Signup and Activation/zMailinator/Email - everleagues' is clicked on

2023-01-02 17:58:53 - [TEST_STEP][PASSED] - delay(3): Delayed 3 second(s)

2023-01-02 17:58:56 - [MESSAGE][PASSED] - Delayed 3 second(s)

2023-01-02 17:58:56 - [TEST_STEP][PASSED] - code = getText(findTestObject("Object Repository/06-Teams/For 2FA/2FA code")): Text of object 'Object Repository/06-Teams/For 2FA/2FA code' is: '219352'

2023-01-02 17:58:59 - [MESSAGE][PASSED] - Text of object 'Object Repository/06-Teams/For 2FA/2FA code' is: '219352'

2023-01-02 17:58:59 - [TEST_STEP][PASSED] - delay(3): Delayed 3 second(s)

2023-01-02 17:59:02 - [MESSAGE][PASSED] - Delayed 3 second(s)

2023-01-02 17:59:02 - [TEST_STEP][PASSED] - closeWindowTitle("Mailinator"): Window with title: 'Mailinator' is closed

2023-01-02 17:59:03 - [MESSAGE][PASSED] - Window with title: 'Mailinator' is closed

2023-01-02 17:59:03 - [TEST_STEP][PASSED] - delay(3): Delayed 3 second(s)

2023-01-02 17:59:06 - [MESSAGE][PASSED] - Delayed 3 second(s)

2023-01-02 17:59:06 - [TEST_STEP][PASSED] - switchToWindowIndex(0): Switched to window with index: '0'

2023-01-02 17:59:06 - [MESSAGE][PASSED] - Switched to window with index: '0'

2023-01-02 17:59:06 - [TEST_STEP][PASSED] - delay(3): Delayed 3 second(s)

2023-01-02 17:59:09 - [MESSAGE][PASSED] - Delayed 3 second(s)

2023-01-02 17:59:09 - [TEST_STEP][PASSED] - setText(findTestObject("Object Repository/06-Teams/For 2FA/input_Enter verification code_code"), code): Text '219352' is set on object 'Object Repository/06-Teams/For 2FA/input_Enter verification code_code'

2023-01-02 17:59:12 - [MESSAGE][PASSED] - Text '219352' is set on object 'Object Repository/06-Teams/For 2FA/input_Enter verification code_code'

2023-01-02 17:59:12 - [TEST_STEP][PASSED] - delay(3): Delayed 3 second(s)

2023-01-02 17:59:15 - [MESSAGE][PASSED] - Delayed 3 second(s)

2023-01-02 17:59:15 - [TEST_STEP][PASSED] - click(findTestObject("06-Teams/For 2FA/button_Verify_2FA")): Object: 'Object Repository/06-Teams/For 2FA/button_Verify_2FA' is clicked on

2023-01-02 17:59:16 - [MESSAGE][PASSED] - Object: 'Object Repository/06-Teams/For 2FA/button_Verify_2FA' is clicked on

2023-01-02 17:59:16 - [TEST_STEP][PASSED] - delay(5): Delayed 5 second(s)

2023-01-02 17:59:21 - [MESSAGE][PASSED] - Delayed 5 second(s)

2023-01-02 17:59:21 - [TEST_STEP][PASSED] - click(findTestObject("06-Teams/button_doublearrow")): Object: 'Object Repository/06-Teams/button_doublearrow' is clicked on

2023-01-02 17:59:23 - [MESSAGE][PASSED] - Object: 'Object Repository/06-Teams/button_doublearrow' is clicked on

2023-01-02 17:59:23 - [TEST_STEP][PASSED] - click(findTestObject("06-Teams/button_My Organizations")): Object: 'Object Repository/06-Teams/button_My Organizations' is clicked on

2023-01-02 17:59:24 - [MESSAGE][PASSED] - Object: 'Object Repository/06-Teams/button_My Organizations' is clicked on

2023-01-02 17:59:24 - [TEST_STEP][PASSED] - click(findTestObject("06-Teams/button_GG Automation")): Object: 'Object Repository/06-Teams/button_GG Automation' is clicked on

2023-01-02 17:59:26 - [MESSAGE][PASSED] - Object: 'Object Repository/06-Teams/button_GG Automation' is clicked on

2023-01-02 17:59:26 - [TEST_STEP][PASSED] - delay(4): Delayed 4 second(s)

2023-01-02 17:59:30 - [MESSAGE][PASSED] - Delayed 4 second(s)

2023-01-02 17:59:30 - [TEST_STEP][PASSED] - verifyElementVisible(findTestObject("06-Teams/span_GG Automation")): Object 'Object Repository/06-Teams/span_GG Automation' is visible

2023-01-02 17:59:31 - [MESSAGE][PASSED] - Object 'Object Repository/06-Teams/span_GG Automation' is visible

2023-01-02 17:59:31 - [TEST_STEP][PASSED] - delay(5): Delayed 5 second(s)

2023-01-02 17:59:36 - [MESSAGE][PASSED] - Delayed 5 second(s)

2023-01-02 17:59:36 - [TEST_STEP][PASSED] - click(findTestObject("03-Header Menu/Hamburger Button/div_Settings")): Object: 'Object Repository/03-Header Menu/Hamburger Button/div_Settings' is clicked on

2023-01-02 17:59:37 - [MESSAGE][PASSED] - Object: 'Object Repository/03-Header Menu/Hamburger Button/div_Settings' is clicked on

2023-01-02 17:59:37 - [TEST_STEP][PASSED] - verifyElementVisible(findTestObject("09-Settings/Users/div_Organization")): Object 'Object Repository/09-Settings/Users/div_Organization' is visible

2023-01-02 17:59:38 - [MESSAGE][PASSED] - Object 'Object Repository/09-Settings/Users/div_Organization' is visible

2023-01-02 17:59:38 - [TEST_STEP][PASSED] - verifyElementVisible(findTestObject("09-Settings/Users/div_Organization Units")): Object 'Object Repository/09-Settings/Users/div_Organization Units' is visible

2023-01-02 17:59:39 - [MESSAGE][PASSED] - Object 'Object Repository/09-Settings/Users/div_Organization Units' is visible

2023-01-02 17:59:39 - [TEST_STEP][PASSED] - scrollToElement(findTestObject("09-Settings/Users/div_Subscriptions"), 0): Scroll to object 'Object Repository/09-Settings/Users/div_Subscriptions' successfully

2023-01-02 17:59:39 - [MESSAGE][WARNING] - Timeout '0' is invalid. Using default page load timeout: '30'

2023-01-02 17:59:41 - [MESSAGE][PASSED] - Scroll to object 'Object Repository/09-Settings/Users/div_Subscriptions' successfully

2023-01-02 17:59:41 - [TEST_STEP][PASSED] - verifyElementVisible(findTestObject("09-Settings/Users/div_Subscriptions")): Object 'Object Repository/09-Settings/Users/div_Subscriptions' is visible

2023-01-02 17:59:42 - [MESSAGE][PASSED] - Object 'Object Repository/09-Settings/Users/div_Subscriptions' is visible

2023-01-02 17:59:42 - [TEST_STEP][PASSED] - verifyElementVisible(findTestObject("09-Settings/Users/div_Users")): Object 'Object Repository/09-Settings/Users/div_Users' is visible

2023-01-02 17:59:43 - [MESSAGE][PASSED] - Object 'Object Repository/09-Settings/Users/div_Users' is visible

2023-01-02 17:59:43 - [TEST_STEP][PASSED] - delay(3): Delayed 3 second(s)

2023-01-02 17:59:46 - [MESSAGE][PASSED] - Delayed 3 second(s)

2023-01-02 17:59:46 - [TEST_STEP][PASSED] - click(findTestObject("09-Settings/Users/div_Users")): Object: 'Object Repository/09-Settings/Users/div_Users' is clicked on

2023-01-02 17:59:49 - [MESSAGE][PASSED] - Object: 'Object Repository/09-Settings/Users/div_Users' is clicked on

2023-01-02 17:59:49 - [TEST_STEP][PASSED] - verifyElementVisible(findTestObject("09-Settings/Users/h4_USERS")): Object 'Object Repository/09-Settings/Users/h4_USERS' is visible

2023-01-02 17:59:51 - [MESSAGE][PASSED] - Object 'Object Repository/09-Settings/Users/h4_USERS' is visible

2023-01-02 17:59:51 - [TEST_STEP][PASSED] - verifyElementVisible(findTestObject("09-Settings/Users/User Page")): Object 'Object Repository/09-Settings/Users/User Page' is visible

2023-01-02 17:59:51 - [MESSAGE][PASSED] - Object 'Object Repository/09-Settings/Users/User Page' is visible

2023-01-02 17:59:51 - [TEST_STEP][PASSED] - delay(3): Delayed 3 second(s)

2023-01-02 17:59:54 - [MESSAGE][PASSED] - Delayed 3 second(s)

2023-01-02 17:59:54 - [TEST_STEP][PASSED] - click(findTestObject("09-Settings/Users/button_add")): Object: 'Object Repository/09-Settings/Users/button_add' is clicked on

2023-01-02 17:59:56 - [MESSAGE][PASSED] - Object: 'Object Repository/09-Settings/Users/button_add' is clicked on

2023-01-02 17:59:56 - [TEST_STEP][PASSED] - verifyElementVisible(findTestObject("09-Settings/Users/User Invitation modal")): Object 'Object Repository/09-Settings/Users/User Invitation modal' is visible

2023-01-02 17:59:57 - [MESSAGE][PASSED] - Object 'Object Repository/09-Settings/Users/User Invitation modal' is visible

2023-01-02 17:59:57 - [TEST_STEP][PASSED] - delay(3): Delayed 3 second(s)

2023-01-02 18:00:00 - [MESSAGE][PASSED] - Delayed 3 second(s)

2023-01-02 18:00:00 - [TEST_STEP][PASSED] - click(findTestObject("09-Settings/Users/add Invite a single user")): Object: 'Object Repository/09-Settings/Users/add Invite a single user' is clicked on

2023-01-02 18:00:01 - [MESSAGE][PASSED] - Object: 'Object Repository/09-Settings/Users/add Invite a single user' is clicked on

2023-01-02 18:00:01 - [TEST_STEP][PASSED] - verifyElementVisible(findTestObject("09-Settings/Users/Invite new user modal")): Object 'Object Repository/09-Settings/Users/Invite new user modal' is visible

2023-01-02 18:00:03 - [MESSAGE][PASSED] - Object 'Object Repository/09-Settings/Users/Invite new user modal' is visible

2023-01-02 18:00:03 - [TEST_STEP][PASSED] - click(findTestObject("09-Settings/Users/input_email")): Object: 'Object Repository/09-Settings/Users/input_email' is clicked on

2023-01-02 18:00:04 - [MESSAGE][PASSED] - Object: 'Object Repository/09-Settings/Users/input_email' is clicked on

2023-01-02 18:00:04 - [TEST_STEP][PASSED] - click(findTestObject("09-Settings/Users/input_firstName")): Object: 'Object Repository/09-Settings/Users/input_firstName' is clicked on

2023-01-02 18:00:05 - [MESSAGE][PASSED] - Object: 'Object Repository/09-Settings/Users/input_firstName' is clicked on

2023-01-02 18:00:05 - [TEST_STEP][PASSED] - click(findTestObject("09-Settings/Users/input_lastName")): Object: 'Object Repository/09-Settings/Users/input_lastName' is clicked on

2023-01-02 18:00:06 - [MESSAGE][PASSED] - Object: 'Object Repository/09-Settings/Users/input_lastName' is clicked on

2023-01-02 18:00:06 - [TEST_STEP][PASSED] - click(findTestObject("09-Settings/Users/span_Role")): Object: 'Object Repository/09-Settings/Users/span_Role' is clicked on

2023-01-02 18:00:07 - [MESSAGE][PASSED] - Object: 'Object Repository/09-Settings/Users/span_Role' is clicked on

2023-01-02 18:00:07 - [TEST_STEP][PASSED] - clickOffset(findTestObject("09-Settings/Users/h4_Invite New User"), 100, 100): Object: 'Object Repository/09-Settings/Users/h4_Invite New User' is clicked on using offset x=100 and y=100

2023-01-02 18:00:08 - [MESSAGE][PASSED] - Object: 'Object Repository/09-Settings/Users/h4_Invite New User' is clicked on using offset x=100 and y=100

2023-01-02 18:00:08 - [TEST_STEP][PASSED] - verifyElementVisible(findTestObject("09-Settings/Users/Email required")): Object 'Object Repository/09-Settings/Users/Email required' is visible

2023-01-02 18:00:09 - [MESSAGE][PASSED] - Object 'Object Repository/09-Settings/Users/Email required' is visible

2023-01-02 18:00:09 - [TEST_STEP][PASSED] - verifyElementVisible(findTestObject("09-Settings/Users/Firstname required")): Object 'Object Repository/09-Settings/Users/Firstname required' is visible

2023-01-02 18:00:11 - [MESSAGE][PASSED] - Object 'Object Repository/09-Settings/Users/Firstname required' is visible

2023-01-02 18:00:11 - [TEST_STEP][PASSED] - verifyElementVisible(findTestObject("09-Settings/Users/last name required")): Object 'Object Repository/09-Settings/Users/last name required' is visible

2023-01-02 18:00:12 - [MESSAGE][PASSED] - Object 'Object Repository/09-Settings/Users/last name required' is visible

2023-01-02 18:00:12 - [TEST_STEP][PASSED] - verifyElementVisible(findTestObject("09-Settings/Users/error_Select a role")): Object 'Object Repository/09-Settings/Users/error_Select a role' is visible

2023-01-02 18:00:12 - [MESSAGE][PASSED] - Object 'Object Repository/09-Settings/Users/error_Select a role' is visible]]></system-out>
         <system-err><![CDATA[]]></system-err>
      </testcase>
      <testcase name="Test Cases/09-Settings/02 - Users (Invite new user as co worker)" time="179.154" classname="Test Cases/09-Settings/02 - Users (Invite new user as co worker)" status="PASSED">
         <system-out><![CDATA[2023-01-02 18:00:13 - [TEST_CASE][PASSED] - Test Cases/09-Settings/02 - Users (Invite new user as co worker): Test Cases/09-Settings/02 - Users (Invite new user as co worker)

2023-01-02 18:00:15 - [TEST_STEP][PASSED] - delay(3): Delayed 3 second(s)

2023-01-02 18:00:18 - [MESSAGE][PASSED] - Delayed 3 second(s)

2023-01-02 18:00:18 - [TEST_STEP][PASSED] - setText(findTestObject("09-Settings/Users/input_email"), "autotester04@mailinator.com"): Text 'autotester04@mailinator.com' is set on object 'Object Repository/09-Settings/Users/input_email'

2023-01-02 18:00:21 - [MESSAGE][PASSED] - Text 'autotester04@mailinator.com' is set on object 'Object Repository/09-Settings/Users/input_email'

2023-01-02 18:00:21 - [TEST_STEP][PASSED] - setText(findTestObject("09-Settings/Users/input_firstName"), "GG"): Text 'GG' is set on object 'Object Repository/09-Settings/Users/input_firstName'

2023-01-02 18:00:23 - [MESSAGE][PASSED] - Text 'GG' is set on object 'Object Repository/09-Settings/Users/input_firstName'

2023-01-02 18:00:23 - [TEST_STEP][PASSED] - setText(findTestObject("09-Settings/Users/input_lastName"), "Auto Contact 2"): Text 'Auto Contact 2' is set on object 'Object Repository/09-Settings/Users/input_lastName'

2023-01-02 18:00:25 - [MESSAGE][PASSED] - Text 'Auto Contact 2' is set on object 'Object Repository/09-Settings/Users/input_lastName'

2023-01-02 18:00:25 - [TEST_STEP][PASSED] - click(findTestObject("09-Settings/Users/span_Role")): Object: 'Object Repository/09-Settings/Users/span_Role' is clicked on

2023-01-02 18:00:26 - [MESSAGE][PASSED] - Object: 'Object Repository/09-Settings/Users/span_Role' is clicked on

2023-01-02 18:00:26 - [TEST_STEP][PASSED] - click(findTestObject("09-Settings/Users/span_CoWorker")): Object: 'Object Repository/09-Settings/Users/span_CoWorker' is clicked on

2023-01-02 18:00:27 - [MESSAGE][PASSED] - Object: 'Object Repository/09-Settings/Users/span_CoWorker' is clicked on

2023-01-02 18:00:27 - [TEST_STEP][PASSED] - click(findTestObject("09-Settings/Users/button_Send Invitation")): Object: 'Object Repository/09-Settings/Users/button_Send Invitation' is clicked on

2023-01-02 18:00:29 - [MESSAGE][PASSED] - Object: 'Object Repository/09-Settings/Users/button_Send Invitation' is clicked on

2023-01-02 18:00:29 - [TEST_STEP][PASSED] - delay(2): Delayed 2 second(s)

2023-01-02 18:00:31 - [MESSAGE][PASSED] - Delayed 2 second(s)

2023-01-02 18:00:31 - [TEST_STEP][PASSED] - verifyElementVisible(findTestObject("07-Directory/Connections/zContact Profile/Successfully invited user")): Object 'Object Repository/07-Directory/Connections/zContact Profile/Successfully invited user' is visible

2023-01-02 18:00:33 - [MESSAGE][PASSED] - Object 'Object Repository/07-Directory/Connections/zContact Profile/Successfully invited user' is visible

2023-01-02 18:00:33 - [TEST_STEP][PASSED] - delay(2): Delayed 2 second(s)

2023-01-02 18:00:35 - [MESSAGE][PASSED] - Delayed 2 second(s)

2023-01-02 18:00:35 - [TEST_STEP][PASSED] - executeJavaScript("window.open();", []): Execute JavaScript 'window.open();' successfully

2023-01-02 18:00:35 - [MESSAGE][PASSED] - Execute JavaScript 'window.open();' successfully

2023-01-02 18:00:35 - [TEST_STEP][PASSED] - currentWindow = getWindowIndex(): Current window's index is: 0

2023-01-02 18:00:35 - [MESSAGE][PASSED] - Current window's index is: 0

2023-01-02 18:00:35 - [TEST_STEP][PASSED] - delay(3): Delayed 3 second(s)

2023-01-02 18:00:38 - [MESSAGE][PASSED] - Delayed 3 second(s)

2023-01-02 18:00:38 - [TEST_STEP][PASSED] - switchToWindowIndex(currentWindow + 1): Switched to window with index: '1'

2023-01-02 18:00:38 - [MESSAGE][PASSED] - Switched to window with index: '1'

2023-01-02 18:00:38 - [TEST_STEP][PASSED] - navigateToUrl("https://www.mailinator.com/"): Navigate to 'https://www.mailinator.com/' successfully

2023-01-02 18:00:44 - [MESSAGE][PASSED] - Navigate to 'https://www.mailinator.com/' successfully

2023-01-02 18:00:44 - [TEST_STEP][PASSED] - delay(3): Delayed 3 second(s)

2023-01-02 18:00:47 - [MESSAGE][PASSED] - Delayed 3 second(s)

2023-01-02 18:00:47 - [TEST_STEP][PASSED] - setText(findTestObject("00-Signup and Activation/zMailinator/input_LOGIN_search"), "autotester04@mailinator.com"): Text 'autotester04@mailinator.com' is set on object 'Object Repository/00-Signup and Activation/zMailinator/input_LOGIN_search'

2023-01-02 18:00:49 - [MESSAGE][PASSED] - Text 'autotester04@mailinator.com' is set on object 'Object Repository/00-Signup and Activation/zMailinator/input_LOGIN_search'

2023-01-02 18:00:49 - [TEST_STEP][PASSED] - click(findTestObject("00-Signup and Activation/zMailinator/gobutton"), STOP_ON_FAILURE): Object: 'Object Repository/00-Signup and Activation/zMailinator/gobutton' is clicked on

2023-01-02 18:00:51 - [MESSAGE][PASSED] - Object: 'Object Repository/00-Signup and Activation/zMailinator/gobutton' is clicked on

2023-01-02 18:00:51 - [TEST_STEP][PASSED] - delay(3): Delayed 3 second(s)

2023-01-02 18:00:54 - [MESSAGE][PASSED] - Delayed 3 second(s)

2023-01-02 18:00:54 - [TEST_STEP][PASSED] - closeWindowTitle("Everleagues"): Window with title: 'Everleagues' is closed

2023-01-02 18:00:55 - [MESSAGE][PASSED] - Window with title: 'Everleagues' is closed

2023-01-02 18:00:55 - [TEST_STEP][PASSED] - switchToWindowIndex(0): Switched to window with index: '0'

2023-01-02 18:00:55 - [MESSAGE][PASSED] - Switched to window with index: '0'

2023-01-02 18:00:55 - [TEST_STEP][PASSED] - click(findTestObject("09-Settings/Users/Co worker/td_Invitation from GG Automation")): Object: 'Object Repository/09-Settings/Users/Co worker/td_Invitation from GG Automation' is clicked on

2023-01-02 18:00:56 - [MESSAGE][PASSED] - Object: 'Object Repository/09-Settings/Users/Co worker/td_Invitation from GG Automation' is clicked on

2023-01-02 18:00:56 - [TEST_STEP][PASSED] - click(findTestObject("09-Settings/Users/Co worker/a_Click here to join GG Automation on EverLeagues")): Object: 'Object Repository/09-Settings/Users/Co worker/a_Click here to join GG Automation on EverLeagues' is clicked on

2023-01-02 18:00:58 - [MESSAGE][PASSED] - Object: 'Object Repository/09-Settings/Users/Co worker/a_Click here to join GG Automation on EverLeagues' is clicked on

2023-01-02 18:00:58 - [TEST_STEP][PASSED] - closeWindowTitle("Mailinator"): Window with title: 'Mailinator' is closed

2023-01-02 18:00:58 - [MESSAGE][PASSED] - Window with title: 'Mailinator' is closed

2023-01-02 18:00:58 - [TEST_STEP][PASSED] - switchToWindowIndex(0): Switched to window with index: '0'

2023-01-02 18:00:58 - [MESSAGE][PASSED] - Switched to window with index: '0'

2023-01-02 18:00:58 - [TEST_STEP][PASSED] - verifyElementVisible(findTestObject("09-Settings/Users/Co worker/Logout before proceed modal")): Object 'Object Repository/09-Settings/Users/Co worker/Logout before proceed modal' is visible

2023-01-02 18:01:19 - [MESSAGE][PASSED] - Object 'Object Repository/09-Settings/Users/Co worker/Logout before proceed modal' is visible

2023-01-02 18:01:19 - [TEST_STEP][PASSED] - click(findTestObject("09-Settings/Users/Co worker/button_Yes")): Object: 'Object Repository/09-Settings/Users/Co worker/button_Yes' is clicked on

2023-01-02 18:01:20 - [MESSAGE][PASSED] - Object: 'Object Repository/09-Settings/Users/Co worker/button_Yes' is clicked on

2023-01-02 18:01:20 - [TEST_STEP][PASSED] - delay(3): Delayed 3 second(s)

2023-01-02 18:01:23 - [MESSAGE][PASSED] - Delayed 3 second(s)

2023-01-02 18:01:23 - [TEST_STEP][PASSED] - setText(findTestObject("09-Settings/Users/Co worker/input_Email_email"), "autotester04@mailinator.com"): Text 'autotester04@mailinator.com' is set on object 'Object Repository/09-Settings/Users/Co worker/input_Email_email'

2023-01-02 18:01:25 - [MESSAGE][PASSED] - Text 'autotester04@mailinator.com' is set on object 'Object Repository/09-Settings/Users/Co worker/input_Email_email'

2023-01-02 18:01:25 - [TEST_STEP][PASSED] - setEncryptedText(findTestObject("09-Settings/Users/Co worker/input__password"), "8yFRyszE6U6jvsCn51OQbg=="): Text ****** has been set on object 'Object Repository/09-Settings/Users/Co worker/input__password'

2023-01-02 18:01:26 - [MESSAGE][PASSED] - Text ****** has been set on object 'Object Repository/09-Settings/Users/Co worker/input__password'

2023-01-02 18:01:26 - [TEST_STEP][PASSED] - click(findTestObject("02-Side Icons(Organization)/Add Contact/button_Sign in")): Object: 'Object Repository/02-Side Icons(Organization)/Add Contact/button_Sign in' is clicked on

2023-01-02 18:01:27 - [MESSAGE][PASSED] - Object: 'Object Repository/02-Side Icons(Organization)/Add Contact/button_Sign in' is clicked on

2023-01-02 18:01:27 - [TEST_STEP][PASSED] - delay(2): Delayed 2 second(s)

2023-01-02 18:01:29 - [MESSAGE][PASSED] - Delayed 2 second(s)

2023-01-02 18:01:29 - [TEST_STEP][PASSED] - click(findTestObject("06-Teams/For 2FA/button_Confirm_2FA")): Object: 'Object Repository/06-Teams/For 2FA/button_Confirm_2FA' is clicked on

2023-01-02 18:01:30 - [MESSAGE][PASSED] - Object: 'Object Repository/06-Teams/For 2FA/button_Confirm_2FA' is clicked on

2023-01-02 18:01:30 - [TEST_STEP][PASSED] - executeJavaScript("window.open();", []): Execute JavaScript 'window.open();' successfully

2023-01-02 18:01:30 - [MESSAGE][PASSED] - Execute JavaScript 'window.open();' successfully

2023-01-02 18:01:30 - [TEST_STEP][PASSED] - currentWindow = getWindowIndex(): Current window's index is: 0

2023-01-02 18:01:31 - [MESSAGE][PASSED] - Current window's index is: 0

2023-01-02 18:01:31 - [TEST_STEP][PASSED] - delay(3): Delayed 3 second(s)

2023-01-02 18:01:34 - [MESSAGE][PASSED] - Delayed 3 second(s)

2023-01-02 18:01:34 - [TEST_STEP][PASSED] - switchToWindowIndex(currentWindow + 1): Switched to window with index: '1'

2023-01-02 18:01:34 - [MESSAGE][PASSED] - Switched to window with index: '1'

2023-01-02 18:01:34 - [TEST_STEP][PASSED] - navigateToUrl("https://www.mailinator.com/"): Navigate to 'https://www.mailinator.com/' successfully

2023-01-02 18:01:41 - [MESSAGE][PASSED] - Navigate to 'https://www.mailinator.com/' successfully

2023-01-02 18:01:41 - [TEST_STEP][PASSED] - delay(3): Delayed 3 second(s)

2023-01-02 18:01:44 - [MESSAGE][PASSED] - Delayed 3 second(s)

2023-01-02 18:01:44 - [TEST_STEP][PASSED] - setText(findTestObject("00-Signup and Activation/zMailinator/input_LOGIN_search"), "autotester04@mailinator.com"): Text 'autotester04@mailinator.com' is set on object 'Object Repository/00-Signup and Activation/zMailinator/input_LOGIN_search'

2023-01-02 18:01:45 - [MESSAGE][PASSED] - Text 'autotester04@mailinator.com' is set on object 'Object Repository/00-Signup and Activation/zMailinator/input_LOGIN_search'

2023-01-02 18:01:45 - [TEST_STEP][PASSED] - click(findTestObject("00-Signup and Activation/zMailinator/gobutton"), STOP_ON_FAILURE): Object: 'Object Repository/00-Signup and Activation/zMailinator/gobutton' is clicked on

2023-01-02 18:01:48 - [MESSAGE][PASSED] - Object: 'Object Repository/00-Signup and Activation/zMailinator/gobutton' is clicked on

2023-01-02 18:01:48 - [TEST_STEP][PASSED] - delay(3): Delayed 3 second(s)

2023-01-02 18:01:51 - [MESSAGE][PASSED] - Delayed 3 second(s)

2023-01-02 18:01:51 - [TEST_STEP][PASSED] - click(findTestObject("00-Signup and Activation/zMailinator/Email - everleagues")): Object: 'Object Repository/00-Signup and Activation/zMailinator/Email - everleagues' is clicked on

2023-01-02 18:01:51 - [MESSAGE][PASSED] - Object: 'Object Repository/00-Signup and Activation/zMailinator/Email - everleagues' is clicked on

2023-01-02 18:01:51 - [TEST_STEP][PASSED] - delay(3): Delayed 3 second(s)

2023-01-02 18:01:54 - [MESSAGE][PASSED] - Delayed 3 second(s)

2023-01-02 18:01:54 - [TEST_STEP][PASSED] - codetwo = getText(findTestObject("Object Repository/06-Teams/For 2FA/2FA code")): Text of object 'Object Repository/06-Teams/For 2FA/2FA code' is: '476868'

2023-01-02 18:01:55 - [MESSAGE][PASSED] - Text of object 'Object Repository/06-Teams/For 2FA/2FA code' is: '476868'

2023-01-02 18:01:56 - [TEST_STEP][PASSED] - delay(3): Delayed 3 second(s)

2023-01-02 18:01:59 - [MESSAGE][PASSED] - Delayed 3 second(s)

2023-01-02 18:01:59 - [TEST_STEP][PASSED] - closeWindowTitle("Mailinator"): Window with title: 'Mailinator' is closed

2023-01-02 18:01:59 - [MESSAGE][PASSED] - Window with title: 'Mailinator' is closed

2023-01-02 18:01:59 - [TEST_STEP][PASSED] - delay(3): Delayed 3 second(s)

2023-01-02 18:02:02 - [MESSAGE][PASSED] - Delayed 3 second(s)

2023-01-02 18:02:02 - [TEST_STEP][PASSED] - switchToWindowIndex(0): Switched to window with index: '0'

2023-01-02 18:02:02 - [MESSAGE][PASSED] - Switched to window with index: '0'

2023-01-02 18:02:02 - [TEST_STEP][PASSED] - delay(3): Delayed 3 second(s)

2023-01-02 18:02:05 - [MESSAGE][PASSED] - Delayed 3 second(s)

2023-01-02 18:02:05 - [TEST_STEP][PASSED] - setText(findTestObject("Object Repository/06-Teams/For 2FA/input_Enter verification code_code"), codetwo): Text '476868' is set on object 'Object Repository/06-Teams/For 2FA/input_Enter verification code_code'

2023-01-02 18:02:07 - [MESSAGE][PASSED] - Text '476868' is set on object 'Object Repository/06-Teams/For 2FA/input_Enter verification code_code'

2023-01-02 18:02:07 - [TEST_STEP][PASSED] - delay(3): Delayed 3 second(s)

2023-01-02 18:02:10 - [MESSAGE][PASSED] - Delayed 3 second(s)

2023-01-02 18:02:10 - [TEST_STEP][PASSED] - click(findTestObject("06-Teams/For 2FA/button_Verify_2FA")): Object: 'Object Repository/06-Teams/For 2FA/button_Verify_2FA' is clicked on

2023-01-02 18:02:11 - [MESSAGE][PASSED] - Object: 'Object Repository/06-Teams/For 2FA/button_Verify_2FA' is clicked on

2023-01-02 18:02:11 - [TEST_STEP][PASSED] - delay(5): Delayed 5 second(s)

2023-01-02 18:02:16 - [MESSAGE][PASSED] - Delayed 5 second(s)

2023-01-02 18:02:16 - [TEST_STEP][PASSED] - executeJavaScript("window.open();", []): Execute JavaScript 'window.open();' successfully

2023-01-02 18:02:16 - [MESSAGE][PASSED] - Execute JavaScript 'window.open();' successfully

2023-01-02 18:02:16 - [TEST_STEP][PASSED] - currentWindow = getWindowIndex(): Current window's index is: 0

2023-01-02 18:02:16 - [MESSAGE][PASSED] - Current window's index is: 0

2023-01-02 18:02:16 - [TEST_STEP][PASSED] - delay(3): Delayed 3 second(s)

2023-01-02 18:02:19 - [MESSAGE][PASSED] - Delayed 3 second(s)

2023-01-02 18:02:19 - [TEST_STEP][PASSED] - switchToWindowIndex(currentWindow + 1): Switched to window with index: '1'

2023-01-02 18:02:19 - [MESSAGE][PASSED] - Switched to window with index: '1'

2023-01-02 18:02:19 - [TEST_STEP][PASSED] - navigateToUrl("https://www.mailinator.com/"): Navigate to 'https://www.mailinator.com/' successfully

2023-01-02 18:02:25 - [MESSAGE][PASSED] - Navigate to 'https://www.mailinator.com/' successfully

2023-01-02 18:02:25 - [TEST_STEP][PASSED] - delay(3): Delayed 3 second(s)

2023-01-02 18:02:28 - [MESSAGE][PASSED] - Delayed 3 second(s)

2023-01-02 18:02:28 - [TEST_STEP][PASSED] - setText(findTestObject("00-Signup and Activation/zMailinator/input_LOGIN_search"), "autotester04@mailinator.com"): Text 'autotester04@mailinator.com' is set on object 'Object Repository/00-Signup and Activation/zMailinator/input_LOGIN_search'

2023-01-02 18:02:29 - [MESSAGE][PASSED] - Text 'autotester04@mailinator.com' is set on object 'Object Repository/00-Signup and Activation/zMailinator/input_LOGIN_search'

2023-01-02 18:02:29 - [TEST_STEP][PASSED] - click(findTestObject("00-Signup and Activation/zMailinator/gobutton"), STOP_ON_FAILURE): Object: 'Object Repository/00-Signup and Activation/zMailinator/gobutton' is clicked on

2023-01-02 18:02:34 - [MESSAGE][PASSED] - Object: 'Object Repository/00-Signup and Activation/zMailinator/gobutton' is clicked on

2023-01-02 18:02:34 - [TEST_STEP][PASSED] - delay(3): Delayed 3 second(s)

2023-01-02 18:02:37 - [MESSAGE][PASSED] - Delayed 3 second(s)

2023-01-02 18:02:37 - [TEST_STEP][PASSED] - closeWindowTitle("Everleagues"): Window with title: 'Everleagues' is closed

2023-01-02 18:02:37 - [MESSAGE][PASSED] - Window with title: 'Everleagues' is closed

2023-01-02 18:02:37 - [TEST_STEP][PASSED] - switchToWindowIndex(0): Switched to window with index: '0'

2023-01-02 18:02:37 - [MESSAGE][PASSED] - Switched to window with index: '0'

2023-01-02 18:02:37 - [TEST_STEP][PASSED] - click(findTestObject("09-Settings/Users/Co worker/td_Invitation from GG Automation")): Object: 'Object Repository/09-Settings/Users/Co worker/td_Invitation from GG Automation' is clicked on

2023-01-02 18:02:39 - [MESSAGE][PASSED] - Object: 'Object Repository/09-Settings/Users/Co worker/td_Invitation from GG Automation' is clicked on

2023-01-02 18:02:39 - [TEST_STEP][PASSED] - click(findTestObject("09-Settings/Users/Co worker/a_Click here to join GG Automation on EverLeagues")): Object: 'Object Repository/09-Settings/Users/Co worker/a_Click here to join GG Automation on EverLeagues' is clicked on

2023-01-02 18:02:40 - [MESSAGE][PASSED] - Object: 'Object Repository/09-Settings/Users/Co worker/a_Click here to join GG Automation on EverLeagues' is clicked on

2023-01-02 18:02:40 - [TEST_STEP][PASSED] - delay(3): Delayed 3 second(s)

2023-01-02 18:02:43 - [MESSAGE][PASSED] - Delayed 3 second(s)

2023-01-02 18:02:43 - [TEST_STEP][PASSED] - closeWindowTitle("Mailinator"): Window with title: 'Mailinator' is closed

2023-01-02 18:02:44 - [MESSAGE][PASSED] - Window with title: 'Mailinator' is closed

2023-01-02 18:02:44 - [TEST_STEP][PASSED] - switchToWindowIndex(0): Switched to window with index: '0'

2023-01-02 18:02:44 - [MESSAGE][PASSED] - Switched to window with index: '0'

2023-01-02 18:02:44 - [TEST_STEP][PASSED] - verifyElementVisible(findTestObject("09-Settings/Users/Co worker/Invite modal")): Object 'Object Repository/09-Settings/Users/Co worker/Invite modal' is visible

2023-01-02 18:03:01 - [MESSAGE][PASSED] - Object 'Object Repository/09-Settings/Users/Co worker/Invite modal' is visible

2023-01-02 18:03:01 - [TEST_STEP][PASSED] - click(findTestObject("09-Settings/Users/Co worker/button_Accept")): Object: 'Object Repository/09-Settings/Users/Co worker/button_Accept' is clicked on

2023-01-02 18:03:02 - [MESSAGE][PASSED] - Object: 'Object Repository/09-Settings/Users/Co worker/button_Accept' is clicked on

2023-01-02 18:03:02 - [TEST_STEP][PASSED] - delay(5): Delayed 5 second(s)

2023-01-02 18:03:07 - [MESSAGE][PASSED] - Delayed 5 second(s)

2023-01-02 18:03:07 - [TEST_STEP][PASSED] - verifyElementVisible(findTestObject("09-Settings/Users/Co worker/div_Joined as CoWorker")): Object 'Object Repository/09-Settings/Users/Co worker/div_Joined as CoWorker' is visible

2023-01-02 18:03:10 - [MESSAGE][PASSED] - Object 'Object Repository/09-Settings/Users/Co worker/div_Joined as CoWorker' is visible

2023-01-02 18:03:10 - [TEST_STEP][PASSED] - closeBrowser(): Browser is closed

2023-01-02 18:03:12 - [MESSAGE][PASSED] - Browser is closed]]></system-out>
         <system-err><![CDATA[]]></system-err>
      </testcase>
      <testcase name="Test Cases/09-Settings/03 - Users (Invite new user as client)" time="302.407" classname="Test Cases/09-Settings/03 - Users (Invite new user as client)" status="PASSED">
         <system-out><![CDATA[2023-01-02 18:03:12 - [TEST_CASE][PASSED] - Test Cases/09-Settings/03 - Users (Invite new user as client): Test Cases/09-Settings/03 - Users (Invite new user as client)

2023-01-02 18:03:15 - [TEST_STEP][PASSED] - openBrowser(""): Browser is opened with url: ''

2023-01-02 18:03:15 - [MESSAGE][INFO] - Starting 'Chrome' driver

2023-01-02 18:03:15 - [MESSAGE][INFO] - Action delay is set to 0 milliseconds

2023-01-02 18:03:19 - [MESSAGE][PASSED] - Browser is opened with url: ''

2023-01-02 18:03:19 - [TEST_STEP][PASSED] - navigateToUrl("https://lab.everleagues.com/"): Navigate to 'https://lab.everleagues.com/' successfully

2023-01-02 18:03:39 - [MESSAGE][PASSED] - Navigate to 'https://lab.everleagues.com/' successfully

2023-01-02 18:03:39 - [TEST_STEP][PASSED] - maximizeWindow(): Current window maximized

2023-01-02 18:03:40 - [MESSAGE][PASSED] - Current window maximized

2023-01-02 18:03:40 - [TEST_STEP][PASSED] - setText(findTestObject("02-Side Icons(Organization)/Add Contact/Email Field"), "testuser02@mailinator.com"): Text 'testuser02@mailinator.com' is set on object 'Object Repository/02-Side Icons(Organization)/Add Contact/Email Field'

2023-01-02 18:03:41 - [MESSAGE][PASSED] - Text 'testuser02@mailinator.com' is set on object 'Object Repository/02-Side Icons(Organization)/Add Contact/Email Field'

2023-01-02 18:03:41 - [TEST_STEP][PASSED] - setEncryptedText(findTestObject("02-Side Icons(Organization)/Add Contact/Password Field"), "8yFRyszE6U6jvsCn51OQbg=="): Text ****** has been set on object 'Object Repository/02-Side Icons(Organization)/Add Contact/Password Field'

2023-01-02 18:03:43 - [MESSAGE][PASSED] - Text ****** has been set on object 'Object Repository/02-Side Icons(Organization)/Add Contact/Password Field'

2023-01-02 18:03:43 - [TEST_STEP][PASSED] - click(findTestObject("02-Side Icons(Organization)/Add Contact/button_Sign in")): Object: 'Object Repository/02-Side Icons(Organization)/Add Contact/button_Sign in' is clicked on

2023-01-02 18:03:44 - [MESSAGE][PASSED] - Object: 'Object Repository/02-Side Icons(Organization)/Add Contact/button_Sign in' is clicked on

2023-01-02 18:03:44 - [TEST_STEP][PASSED] - delay(2): Delayed 2 second(s)

2023-01-02 18:03:46 - [MESSAGE][PASSED] - Delayed 2 second(s)

2023-01-02 18:03:46 - [TEST_STEP][PASSED] - click(findTestObject("06-Teams/For 2FA/button_Confirm_2FA")): Object: 'Object Repository/06-Teams/For 2FA/button_Confirm_2FA' is clicked on

2023-01-02 18:03:48 - [MESSAGE][PASSED] - Object: 'Object Repository/06-Teams/For 2FA/button_Confirm_2FA' is clicked on

2023-01-02 18:03:48 - [TEST_STEP][PASSED] - executeJavaScript("window.open();", []): Execute JavaScript 'window.open();' successfully

2023-01-02 18:03:48 - [MESSAGE][PASSED] - Execute JavaScript 'window.open();' successfully

2023-01-02 18:03:48 - [TEST_STEP][PASSED] - currentWindow = getWindowIndex(): Current window's index is: 0

2023-01-02 18:03:48 - [MESSAGE][PASSED] - Current window's index is: 0

2023-01-02 18:03:48 - [TEST_STEP][PASSED] - delay(3): Delayed 3 second(s)

2023-01-02 18:03:51 - [MESSAGE][PASSED] - Delayed 3 second(s)

2023-01-02 18:03:51 - [TEST_STEP][PASSED] - switchToWindowIndex(currentWindow + 1): Switched to window with index: '1'

2023-01-02 18:03:51 - [MESSAGE][PASSED] - Switched to window with index: '1'

2023-01-02 18:03:51 - [TEST_STEP][PASSED] - navigateToUrl("https://www.mailinator.com/"): Navigate to 'https://www.mailinator.com/' successfully

2023-01-02 18:03:59 - [MESSAGE][PASSED] - Navigate to 'https://www.mailinator.com/' successfully

2023-01-02 18:03:59 - [TEST_STEP][PASSED] - delay(3): Delayed 3 second(s)

2023-01-02 18:04:02 - [MESSAGE][PASSED] - Delayed 3 second(s)

2023-01-02 18:04:02 - [TEST_STEP][PASSED] - setText(findTestObject("00-Signup and Activation/zMailinator/input_LOGIN_search"), "testuser02@mailinator.com"): Text 'testuser02@mailinator.com' is set on object 'Object Repository/00-Signup and Activation/zMailinator/input_LOGIN_search'

2023-01-02 18:04:04 - [MESSAGE][PASSED] - Text 'testuser02@mailinator.com' is set on object 'Object Repository/00-Signup and Activation/zMailinator/input_LOGIN_search'

2023-01-02 18:04:04 - [TEST_STEP][PASSED] - click(findTestObject("00-Signup and Activation/zMailinator/gobutton"), STOP_ON_FAILURE): Object: 'Object Repository/00-Signup and Activation/zMailinator/gobutton' is clicked on

2023-01-02 18:04:09 - [MESSAGE][PASSED] - Object: 'Object Repository/00-Signup and Activation/zMailinator/gobutton' is clicked on

2023-01-02 18:04:09 - [TEST_STEP][PASSED] - delay(3): Delayed 3 second(s)

2023-01-02 18:04:12 - [MESSAGE][PASSED] - Delayed 3 second(s)

2023-01-02 18:04:12 - [TEST_STEP][PASSED] - click(findTestObject("00-Signup and Activation/zMailinator/Email - everleagues")): Object: 'Object Repository/00-Signup and Activation/zMailinator/Email - everleagues' is clicked on

2023-01-02 18:04:13 - [MESSAGE][PASSED] - Object: 'Object Repository/00-Signup and Activation/zMailinator/Email - everleagues' is clicked on

2023-01-02 18:04:13 - [TEST_STEP][PASSED] - delay(3): Delayed 3 second(s)

2023-01-02 18:04:16 - [MESSAGE][PASSED] - Delayed 3 second(s)

2023-01-02 18:04:16 - [TEST_STEP][PASSED] - code = getText(findTestObject("Object Repository/06-Teams/For 2FA/2FA code")): Text of object 'Object Repository/06-Teams/For 2FA/2FA code' is: '101714'

2023-01-02 18:04:17 - [MESSAGE][PASSED] - Text of object 'Object Repository/06-Teams/For 2FA/2FA code' is: '101714'

2023-01-02 18:04:17 - [TEST_STEP][PASSED] - delay(3): Delayed 3 second(s)

2023-01-02 18:04:20 - [MESSAGE][PASSED] - Delayed 3 second(s)

2023-01-02 18:04:20 - [TEST_STEP][PASSED] - closeWindowTitle("Mailinator"): Window with title: 'Mailinator' is closed

2023-01-02 18:04:20 - [MESSAGE][PASSED] - Window with title: 'Mailinator' is closed

2023-01-02 18:04:20 - [TEST_STEP][PASSED] - delay(3): Delayed 3 second(s)

2023-01-02 18:04:23 - [MESSAGE][PASSED] - Delayed 3 second(s)

2023-01-02 18:04:23 - [TEST_STEP][PASSED] - switchToWindowIndex(0): Switched to window with index: '0'

2023-01-02 18:04:24 - [MESSAGE][PASSED] - Switched to window with index: '0'

2023-01-02 18:04:24 - [TEST_STEP][PASSED] - delay(3): Delayed 3 second(s)

2023-01-02 18:04:27 - [MESSAGE][PASSED] - Delayed 3 second(s)

2023-01-02 18:04:27 - [TEST_STEP][PASSED] - setText(findTestObject("Object Repository/06-Teams/For 2FA/input_Enter verification code_code"), code): Text '101714' is set on object 'Object Repository/06-Teams/For 2FA/input_Enter verification code_code'

2023-01-02 18:04:28 - [MESSAGE][PASSED] - Text '101714' is set on object 'Object Repository/06-Teams/For 2FA/input_Enter verification code_code'

2023-01-02 18:04:28 - [TEST_STEP][PASSED] - delay(3): Delayed 3 second(s)

2023-01-02 18:04:31 - [MESSAGE][PASSED] - Delayed 3 second(s)

2023-01-02 18:04:31 - [TEST_STEP][PASSED] - click(findTestObject("06-Teams/For 2FA/button_Verify_2FA")): Object: 'Object Repository/06-Teams/For 2FA/button_Verify_2FA' is clicked on

2023-01-02 18:04:32 - [MESSAGE][PASSED] - Object: 'Object Repository/06-Teams/For 2FA/button_Verify_2FA' is clicked on

2023-01-02 18:04:32 - [TEST_STEP][PASSED] - delay(5): Delayed 5 second(s)

2023-01-02 18:04:37 - [MESSAGE][PASSED] - Delayed 5 second(s)

2023-01-02 18:04:37 - [TEST_STEP][PASSED] - click(findTestObject("06-Teams/button_doublearrow")): Object: 'Object Repository/06-Teams/button_doublearrow' is clicked on

2023-01-02 18:04:38 - [MESSAGE][PASSED] - Object: 'Object Repository/06-Teams/button_doublearrow' is clicked on

2023-01-02 18:04:38 - [TEST_STEP][PASSED] - click(findTestObject("06-Teams/button_My Organizations")): Object: 'Object Repository/06-Teams/button_My Organizations' is clicked on

2023-01-02 18:04:41 - [MESSAGE][PASSED] - Object: 'Object Repository/06-Teams/button_My Organizations' is clicked on

2023-01-02 18:04:41 - [TEST_STEP][PASSED] - click(findTestObject("06-Teams/button_GG Automation")): Object: 'Object Repository/06-Teams/button_GG Automation' is clicked on

2023-01-02 18:04:41 - [MESSAGE][PASSED] - Object: 'Object Repository/06-Teams/button_GG Automation' is clicked on

2023-01-02 18:04:41 - [TEST_STEP][PASSED] - delay(4): Delayed 4 second(s)

2023-01-02 18:04:45 - [MESSAGE][PASSED] - Delayed 4 second(s)

2023-01-02 18:04:45 - [TEST_STEP][PASSED] - verifyElementVisible(findTestObject("06-Teams/span_GG Automation")): Object 'Object Repository/06-Teams/span_GG Automation' is visible

2023-01-02 18:04:46 - [MESSAGE][PASSED] - Object 'Object Repository/06-Teams/span_GG Automation' is visible

2023-01-02 18:04:46 - [TEST_STEP][PASSED] - delay(5): Delayed 5 second(s)

2023-01-02 18:04:51 - [MESSAGE][PASSED] - Delayed 5 second(s)

2023-01-02 18:04:51 - [TEST_STEP][PASSED] - click(findTestObject("03-Header Menu/Hamburger Button/div_Settings")): Object: 'Object Repository/03-Header Menu/Hamburger Button/div_Settings' is clicked on

2023-01-02 18:04:52 - [MESSAGE][PASSED] - Object: 'Object Repository/03-Header Menu/Hamburger Button/div_Settings' is clicked on

2023-01-02 18:04:52 - [TEST_STEP][PASSED] - delay(3): Delayed 3 second(s)

2023-01-02 18:04:55 - [MESSAGE][PASSED] - Delayed 3 second(s)

2023-01-02 18:04:55 - [TEST_STEP][PASSED] - scrollToElement(findTestObject("09-Settings/Users/div_Users"), 0): Scroll to object 'Object Repository/09-Settings/Users/div_Users' successfully

2023-01-02 18:04:55 - [MESSAGE][WARNING] - Timeout '0' is invalid. Using default page load timeout: '30'

2023-01-02 18:04:56 - [MESSAGE][PASSED] - Scroll to object 'Object Repository/09-Settings/Users/div_Users' successfully

2023-01-02 18:04:56 - [TEST_STEP][PASSED] - click(findTestObject("09-Settings/Users/div_Users")): Object: 'Object Repository/09-Settings/Users/div_Users' is clicked on

2023-01-02 18:04:59 - [MESSAGE][PASSED] - Object: 'Object Repository/09-Settings/Users/div_Users' is clicked on

2023-01-02 18:04:59 - [TEST_STEP][PASSED] - delay(3): Delayed 3 second(s)

2023-01-02 18:05:02 - [MESSAGE][PASSED] - Delayed 3 second(s)

2023-01-02 18:05:02 - [TEST_STEP][PASSED] - click(findTestObject("09-Settings/Users/button_add")): Object: 'Object Repository/09-Settings/Users/button_add' is clicked on

2023-01-02 18:05:02 - [MESSAGE][PASSED] - Object: 'Object Repository/09-Settings/Users/button_add' is clicked on

2023-01-02 18:05:02 - [TEST_STEP][PASSED] - delay(3): Delayed 3 second(s)

2023-01-02 18:05:05 - [MESSAGE][PASSED] - Delayed 3 second(s)

2023-01-02 18:05:05 - [TEST_STEP][PASSED] - click(findTestObject("09-Settings/Users/add Invite a single user")): Object: 'Object Repository/09-Settings/Users/add Invite a single user' is clicked on

2023-01-02 18:05:07 - [MESSAGE][PASSED] - Object: 'Object Repository/09-Settings/Users/add Invite a single user' is clicked on

2023-01-02 18:05:07 - [TEST_STEP][PASSED] - delay(3): Delayed 3 second(s)

2023-01-02 18:05:10 - [MESSAGE][PASSED] - Delayed 3 second(s)

2023-01-02 18:05:10 - [TEST_STEP][PASSED] - setText(findTestObject("09-Settings/Users/input_email"), "autotester09@mailinator.com"): Text 'autotester09@mailinator.com' is set on object 'Object Repository/09-Settings/Users/input_email'

2023-01-02 18:05:13 - [MESSAGE][PASSED] - Text 'autotester09@mailinator.com' is set on object 'Object Repository/09-Settings/Users/input_email'

2023-01-02 18:05:13 - [TEST_STEP][PASSED] - setText(findTestObject("09-Settings/Users/input_firstName"), "GG"): Text 'GG' is set on object 'Object Repository/09-Settings/Users/input_firstName'

2023-01-02 18:05:15 - [MESSAGE][PASSED] - Text 'GG' is set on object 'Object Repository/09-Settings/Users/input_firstName'

2023-01-02 18:05:15 - [TEST_STEP][PASSED] - setText(findTestObject("09-Settings/Users/input_lastName"), "Client"): Text 'Client' is set on object 'Object Repository/09-Settings/Users/input_lastName'

2023-01-02 18:05:17 - [MESSAGE][PASSED] - Text 'Client' is set on object 'Object Repository/09-Settings/Users/input_lastName'

2023-01-02 18:05:17 - [TEST_STEP][PASSED] - click(findTestObject("09-Settings/Users/span_Role")): Object: 'Object Repository/09-Settings/Users/span_Role' is clicked on

2023-01-02 18:05:18 - [MESSAGE][PASSED] - Object: 'Object Repository/09-Settings/Users/span_Role' is clicked on

2023-01-02 18:05:18 - [TEST_STEP][PASSED] - click(findTestObject("09-Settings/Users/span_Client")): Object: 'Object Repository/09-Settings/Users/span_Client' is clicked on

2023-01-02 18:05:19 - [MESSAGE][PASSED] - Object: 'Object Repository/09-Settings/Users/span_Client' is clicked on

2023-01-02 18:05:19 - [TEST_STEP][PASSED] - click(findTestObject("09-Settings/Users/button_Send Invitation")): Object: 'Object Repository/09-Settings/Users/button_Send Invitation' is clicked on

2023-01-02 18:05:20 - [MESSAGE][PASSED] - Object: 'Object Repository/09-Settings/Users/button_Send Invitation' is clicked on

2023-01-02 18:05:20 - [TEST_STEP][PASSED] - delay(2): Delayed 2 second(s)

2023-01-02 18:05:22 - [MESSAGE][PASSED] - Delayed 2 second(s)

2023-01-02 18:05:22 - [TEST_STEP][PASSED] - verifyElementVisible(findTestObject("07-Directory/Connections/zContact Profile/Successfully invited user")): Object 'Object Repository/07-Directory/Connections/zContact Profile/Successfully invited user' is visible

2023-01-02 18:05:23 - [MESSAGE][PASSED] - Object 'Object Repository/07-Directory/Connections/zContact Profile/Successfully invited user' is visible

2023-01-02 18:05:23 - [TEST_STEP][PASSED] - delay(2): Delayed 2 second(s)

2023-01-02 18:05:25 - [MESSAGE][PASSED] - Delayed 2 second(s)

2023-01-02 18:05:25 - [TEST_STEP][PASSED] - click(findTestObject("01-Login and Forgot Password/User menu drop")): Object: 'Object Repository/01-Login and Forgot Password/User menu drop' is clicked on

2023-01-02 18:05:27 - [MESSAGE][PASSED] - Object: 'Object Repository/01-Login and Forgot Password/User menu drop' is clicked on

2023-01-02 18:05:27 - [TEST_STEP][PASSED] - delay(2): Delayed 2 second(s)

2023-01-02 18:05:29 - [MESSAGE][PASSED] - Delayed 2 second(s)

2023-01-02 18:05:29 - [TEST_STEP][PASSED] - click(findTestObject("01-Login and Forgot Password/h4_Sign Out"), STOP_ON_FAILURE): Object: 'Object Repository/01-Login and Forgot Password/h4_Sign Out' is clicked on

2023-01-02 18:05:30 - [MESSAGE][PASSED] - Object: 'Object Repository/01-Login and Forgot Password/h4_Sign Out' is clicked on

2023-01-02 18:05:30 - [TEST_STEP][PASSED] - delay(2): Delayed 2 second(s)

2023-01-02 18:05:32 - [MESSAGE][PASSED] - Delayed 2 second(s)

2023-01-02 18:05:32 - [TEST_STEP][PASSED] - verifyElementPresent(findTestObject("01-Login and Forgot Password/Login_Card"), 0): Object 'Object Repository/01-Login and Forgot Password/Login_Card' is present

2023-01-02 18:05:32 - [MESSAGE][WARNING] - Timeout '0' is invalid. Using default page load timeout: '30'

2023-01-02 18:05:34 - [MESSAGE][PASSED] - Object 'Object Repository/01-Login and Forgot Password/Login_Card' is present

2023-01-02 18:05:34 - [TEST_STEP][PASSED] - delay(3): Delayed 3 second(s)

2023-01-02 18:05:37 - [MESSAGE][PASSED] - Delayed 3 second(s)

2023-01-02 18:05:37 - [TEST_STEP][PASSED] - closeBrowser(): Browser is closed

2023-01-02 18:05:39 - [MESSAGE][PASSED] - Browser is closed

2023-01-02 18:05:39 - [TEST_STEP][PASSED] - openBrowser(""): Browser is opened with url: ''

2023-01-02 18:05:39 - [MESSAGE][INFO] - Starting 'Chrome' driver

2023-01-02 18:05:39 - [MESSAGE][INFO] - Action delay is set to 0 milliseconds

2023-01-02 18:05:42 - [MESSAGE][PASSED] - Browser is opened with url: ''

2023-01-02 18:05:42 - [TEST_STEP][PASSED] - navigateToUrl("https://lab.everleagues.com/"): Navigate to 'https://lab.everleagues.com/' successfully

2023-01-02 18:06:08 - [MESSAGE][PASSED] - Navigate to 'https://lab.everleagues.com/' successfully

2023-01-02 18:06:08 - [TEST_STEP][PASSED] - maximizeWindow(): Current window maximized

2023-01-02 18:06:08 - [MESSAGE][PASSED] - Current window maximized

2023-01-02 18:06:08 - [TEST_STEP][PASSED] - setText(findTestObject("02-Side Icons(Organization)/Add Contact/Email Field"), "autotester09@mailinator.com"): Text 'autotester09@mailinator.com' is set on object 'Object Repository/02-Side Icons(Organization)/Add Contact/Email Field'

2023-01-02 18:06:10 - [MESSAGE][PASSED] - Text 'autotester09@mailinator.com' is set on object 'Object Repository/02-Side Icons(Organization)/Add Contact/Email Field'

2023-01-02 18:06:10 - [TEST_STEP][PASSED] - setEncryptedText(findTestObject("02-Side Icons(Organization)/Add Contact/Password Field"), "8yFRyszE6U6jvsCn51OQbg=="): Text ****** has been set on object 'Object Repository/02-Side Icons(Organization)/Add Contact/Password Field'

2023-01-02 18:06:11 - [MESSAGE][PASSED] - Text ****** has been set on object 'Object Repository/02-Side Icons(Organization)/Add Contact/Password Field'

2023-01-02 18:06:11 - [TEST_STEP][PASSED] - click(findTestObject("02-Side Icons(Organization)/Add Contact/button_Sign in")): Object: 'Object Repository/02-Side Icons(Organization)/Add Contact/button_Sign in' is clicked on

2023-01-02 18:06:12 - [MESSAGE][PASSED] - Object: 'Object Repository/02-Side Icons(Organization)/Add Contact/button_Sign in' is clicked on

2023-01-02 18:06:12 - [TEST_STEP][PASSED] - delay(2): Delayed 2 second(s)

2023-01-02 18:06:14 - [MESSAGE][PASSED] - Delayed 2 second(s)

2023-01-02 18:06:14 - [TEST_STEP][PASSED] - click(findTestObject("06-Teams/For 2FA/button_Confirm_2FA")): Object: 'Object Repository/06-Teams/For 2FA/button_Confirm_2FA' is clicked on

2023-01-02 18:06:15 - [MESSAGE][PASSED] - Object: 'Object Repository/06-Teams/For 2FA/button_Confirm_2FA' is clicked on

2023-01-02 18:06:15 - [TEST_STEP][PASSED] - executeJavaScript("window.open();", []): Execute JavaScript 'window.open();' successfully

2023-01-02 18:06:15 - [MESSAGE][PASSED] - Execute JavaScript 'window.open();' successfully

2023-01-02 18:06:15 - [TEST_STEP][PASSED] - currentWindow = getWindowIndex(): Current window's index is: 0

2023-01-02 18:06:15 - [MESSAGE][PASSED] - Current window's index is: 0

2023-01-02 18:06:16 - [TEST_STEP][PASSED] - delay(3): Delayed 3 second(s)

2023-01-02 18:06:19 - [MESSAGE][PASSED] - Delayed 3 second(s)

2023-01-02 18:06:19 - [TEST_STEP][PASSED] - switchToWindowIndex(currentWindow + 1): Switched to window with index: '1'

2023-01-02 18:06:19 - [MESSAGE][PASSED] - Switched to window with index: '1'

2023-01-02 18:06:19 - [TEST_STEP][PASSED] - navigateToUrl("https://www.mailinator.com/"): Navigate to 'https://www.mailinator.com/' successfully

2023-01-02 18:06:26 - [MESSAGE][PASSED] - Navigate to 'https://www.mailinator.com/' successfully

2023-01-02 18:06:26 - [TEST_STEP][PASSED] - delay(3): Delayed 3 second(s)

2023-01-02 18:06:29 - [MESSAGE][PASSED] - Delayed 3 second(s)

2023-01-02 18:06:29 - [TEST_STEP][PASSED] - setText(findTestObject("00-Signup and Activation/zMailinator/input_LOGIN_search"), "autotester09@mailinator.com"): Text 'autotester09@mailinator.com' is set on object 'Object Repository/00-Signup and Activation/zMailinator/input_LOGIN_search'

2023-01-02 18:06:31 - [MESSAGE][PASSED] - Text 'autotester09@mailinator.com' is set on object 'Object Repository/00-Signup and Activation/zMailinator/input_LOGIN_search'

2023-01-02 18:06:31 - [TEST_STEP][PASSED] - click(findTestObject("00-Signup and Activation/zMailinator/gobutton"), STOP_ON_FAILURE): Object: 'Object Repository/00-Signup and Activation/zMailinator/gobutton' is clicked on

2023-01-02 18:06:35 - [MESSAGE][PASSED] - Object: 'Object Repository/00-Signup and Activation/zMailinator/gobutton' is clicked on

2023-01-02 18:06:35 - [TEST_STEP][PASSED] - delay(3): Delayed 3 second(s)

2023-01-02 18:06:38 - [MESSAGE][PASSED] - Delayed 3 second(s)

2023-01-02 18:06:38 - [TEST_STEP][PASSED] - click(findTestObject("00-Signup and Activation/zMailinator/Email - everleagues")): Object: 'Object Repository/00-Signup and Activation/zMailinator/Email - everleagues' is clicked on

2023-01-02 18:06:39 - [MESSAGE][PASSED] - Object: 'Object Repository/00-Signup and Activation/zMailinator/Email - everleagues' is clicked on

2023-01-02 18:06:39 - [TEST_STEP][PASSED] - delay(3): Delayed 3 second(s)

2023-01-02 18:06:42 - [MESSAGE][PASSED] - Delayed 3 second(s)

2023-01-02 18:06:42 - [TEST_STEP][PASSED] - codetwo = getText(findTestObject("Object Repository/06-Teams/For 2FA/2FA code")): Text of object 'Object Repository/06-Teams/For 2FA/2FA code' is: '095651'

2023-01-02 18:06:43 - [MESSAGE][PASSED] - Text of object 'Object Repository/06-Teams/For 2FA/2FA code' is: '095651'

2023-01-02 18:06:43 - [TEST_STEP][PASSED] - delay(3): Delayed 3 second(s)

2023-01-02 18:06:46 - [MESSAGE][PASSED] - Delayed 3 second(s)

2023-01-02 18:06:46 - [TEST_STEP][PASSED] - closeWindowTitle("Mailinator"): Window with title: 'Mailinator' is closed

2023-01-02 18:06:47 - [MESSAGE][PASSED] - Window with title: 'Mailinator' is closed

2023-01-02 18:06:47 - [TEST_STEP][PASSED] - delay(3): Delayed 3 second(s)

2023-01-02 18:06:50 - [MESSAGE][PASSED] - Delayed 3 second(s)

2023-01-02 18:06:50 - [TEST_STEP][PASSED] - switchToWindowIndex(0): Switched to window with index: '0'

2023-01-02 18:06:50 - [MESSAGE][PASSED] - Switched to window with index: '0'

2023-01-02 18:06:50 - [TEST_STEP][PASSED] - delay(3): Delayed 3 second(s)

2023-01-02 18:06:53 - [MESSAGE][PASSED] - Delayed 3 second(s)

2023-01-02 18:06:53 - [TEST_STEP][PASSED] - setText(findTestObject("Object Repository/06-Teams/For 2FA/input_Enter verification code_code"), codetwo): Text '095651' is set on object 'Object Repository/06-Teams/For 2FA/input_Enter verification code_code'

2023-01-02 18:06:55 - [MESSAGE][PASSED] - Text '095651' is set on object 'Object Repository/06-Teams/For 2FA/input_Enter verification code_code'

2023-01-02 18:06:55 - [TEST_STEP][PASSED] - delay(3): Delayed 3 second(s)

2023-01-02 18:06:58 - [MESSAGE][PASSED] - Delayed 3 second(s)

2023-01-02 18:06:58 - [TEST_STEP][PASSED] - click(findTestObject("06-Teams/For 2FA/button_Verify_2FA")): Object: 'Object Repository/06-Teams/For 2FA/button_Verify_2FA' is clicked on

2023-01-02 18:06:59 - [MESSAGE][PASSED] - Object: 'Object Repository/06-Teams/For 2FA/button_Verify_2FA' is clicked on

2023-01-02 18:06:59 - [TEST_STEP][PASSED] - delay(5): Delayed 5 second(s)

2023-01-02 18:07:04 - [MESSAGE][PASSED] - Delayed 5 second(s)

2023-01-02 18:07:04 - [TEST_STEP][PASSED] - executeJavaScript("window.open();", []): Execute JavaScript 'window.open();' successfully

2023-01-02 18:07:04 - [MESSAGE][PASSED] - Execute JavaScript 'window.open();' successfully

2023-01-02 18:07:04 - [TEST_STEP][PASSED] - currentWindow = getWindowIndex(): Current window's index is: 0

2023-01-02 18:07:04 - [MESSAGE][PASSED] - Current window's index is: 0

2023-01-02 18:07:04 - [TEST_STEP][PASSED] - delay(3): Delayed 3 second(s)

2023-01-02 18:07:07 - [MESSAGE][PASSED] - Delayed 3 second(s)

2023-01-02 18:07:07 - [TEST_STEP][PASSED] - switchToWindowIndex(currentWindow + 1): Switched to window with index: '1'

2023-01-02 18:07:07 - [MESSAGE][PASSED] - Switched to window with index: '1'

2023-01-02 18:07:07 - [TEST_STEP][PASSED] - navigateToUrl("https://www.mailinator.com/"): Navigate to 'https://www.mailinator.com/' successfully

2023-01-02 18:07:14 - [MESSAGE][PASSED] - Navigate to 'https://www.mailinator.com/' successfully

2023-01-02 18:07:14 - [TEST_STEP][PASSED] - delay(3): Delayed 3 second(s)

2023-01-02 18:07:17 - [MESSAGE][PASSED] - Delayed 3 second(s)

2023-01-02 18:07:17 - [TEST_STEP][PASSED] - setText(findTestObject("00-Signup and Activation/zMailinator/input_LOGIN_search"), "autotester09@mailinator.com"): Text 'autotester09@mailinator.com' is set on object 'Object Repository/00-Signup and Activation/zMailinator/input_LOGIN_search'

2023-01-02 18:07:18 - [MESSAGE][PASSED] - Text 'autotester09@mailinator.com' is set on object 'Object Repository/00-Signup and Activation/zMailinator/input_LOGIN_search'

2023-01-02 18:07:18 - [TEST_STEP][PASSED] - click(findTestObject("00-Signup and Activation/zMailinator/gobutton"), STOP_ON_FAILURE): Object: 'Object Repository/00-Signup and Activation/zMailinator/gobutton' is clicked on

2023-01-02 18:07:22 - [MESSAGE][PASSED] - Object: 'Object Repository/00-Signup and Activation/zMailinator/gobutton' is clicked on

2023-01-02 18:07:22 - [TEST_STEP][PASSED] - delay(3): Delayed 3 second(s)

2023-01-02 18:07:25 - [MESSAGE][PASSED] - Delayed 3 second(s)

2023-01-02 18:07:25 - [TEST_STEP][PASSED] - closeWindowTitle("Everleagues"): Window with title: 'Everleagues' is closed

2023-01-02 18:07:26 - [MESSAGE][PASSED] - Window with title: 'Everleagues' is closed

2023-01-02 18:07:26 - [TEST_STEP][PASSED] - switchToWindowIndex(0): Switched to window with index: '0'

2023-01-02 18:07:26 - [MESSAGE][PASSED] - Switched to window with index: '0'

2023-01-02 18:07:26 - [TEST_STEP][PASSED] - click(findTestObject("09-Settings/Users/Co worker/td_Invitation from GG Automation")): Object: 'Object Repository/09-Settings/Users/Co worker/td_Invitation from GG Automation' is clicked on

2023-01-02 18:07:28 - [MESSAGE][PASSED] - Object: 'Object Repository/09-Settings/Users/Co worker/td_Invitation from GG Automation' is clicked on

2023-01-02 18:07:28 - [TEST_STEP][PASSED] - click(findTestObject("09-Settings/Users/Co worker/a_Click here to join GG Automation on EverLeagues")): Object: 'Object Repository/09-Settings/Users/Co worker/a_Click here to join GG Automation on EverLeagues' is clicked on

2023-01-02 18:07:29 - [MESSAGE][PASSED] - Object: 'Object Repository/09-Settings/Users/Co worker/a_Click here to join GG Automation on EverLeagues' is clicked on

2023-01-02 18:07:29 - [TEST_STEP][PASSED] - closeWindowTitle("Mailinator"): Window with title: 'Mailinator' is closed

2023-01-02 18:07:30 - [MESSAGE][PASSED] - Window with title: 'Mailinator' is closed

2023-01-02 18:07:30 - [TEST_STEP][PASSED] - switchToWindowIndex(0): Switched to window with index: '0'

2023-01-02 18:07:30 - [MESSAGE][PASSED] - Switched to window with index: '0'

2023-01-02 18:07:30 - [TEST_STEP][PASSED] - verifyElementVisible(findTestObject("09-Settings/Users/Client/Invite modal")): Object 'Object Repository/09-Settings/Users/Client/Invite modal' is visible

2023-01-02 18:07:56 - [MESSAGE][PASSED] - Object 'Object Repository/09-Settings/Users/Client/Invite modal' is visible

2023-01-02 18:07:56 - [TEST_STEP][PASSED] - setText(findTestObject("09-Settings/Users/Client/Company field"), "QA Company"): Text 'QA Company' is set on object 'Object Repository/09-Settings/Users/Client/Company field'

2023-01-02 18:07:58 - [MESSAGE][PASSED] - Text 'QA Company' is set on object 'Object Repository/09-Settings/Users/Client/Company field'

2023-01-02 18:07:58 - [TEST_STEP][PASSED] - click(findTestObject("09-Settings/Users/Client/button_Accept")): Object: 'Object Repository/09-Settings/Users/Client/button_Accept' is clicked on

2023-01-02 18:07:59 - [MESSAGE][PASSED] - Object: 'Object Repository/09-Settings/Users/Client/button_Accept' is clicked on

2023-01-02 18:07:59 - [TEST_STEP][PASSED] - delay(5): Delayed 5 second(s)

2023-01-02 18:08:04 - [MESSAGE][PASSED] - Delayed 5 second(s)

2023-01-02 18:08:04 - [TEST_STEP][PASSED] - verifyElementVisible(findTestObject("09-Settings/Users/Client/div_Joined as CLIENT")): Object 'Object Repository/09-Settings/Users/Client/div_Joined as CLIENT' is visible

2023-01-02 18:08:09 - [MESSAGE][PASSED] - Object 'Object Repository/09-Settings/Users/Client/div_Joined as CLIENT' is visible

2023-01-02 18:08:09 - [TEST_STEP][PASSED] - delay(3): Delayed 3 second(s)

2023-01-02 18:08:12 - [MESSAGE][PASSED] - Delayed 3 second(s)

2023-01-02 18:08:12 - [TEST_STEP][PASSED] - closeBrowser(): Browser is closed

2023-01-02 18:08:14 - [MESSAGE][PASSED] - Browser is closed]]></system-out>
         <system-err><![CDATA[]]></system-err>
      </testcase>
      <testcase name="Test Cases/09-Settings/04 - Users (Invite new user as partner)" time="300.793" classname="Test Cases/09-Settings/04 - Users (Invite new user as partner)" status="PASSED">
         <system-out><![CDATA[2023-01-02 18:08:14 - [TEST_CASE][PASSED] - Test Cases/09-Settings/04 - Users (Invite new user as partner): Test Cases/09-Settings/04 - Users (Invite new user as partner)

2023-01-02 18:08:17 - [TEST_STEP][PASSED] - openBrowser(""): Browser is opened with url: ''

2023-01-02 18:08:17 - [MESSAGE][INFO] - Starting 'Chrome' driver

2023-01-02 18:08:17 - [MESSAGE][INFO] - Action delay is set to 0 milliseconds

2023-01-02 18:08:20 - [MESSAGE][PASSED] - Browser is opened with url: ''

2023-01-02 18:08:20 - [TEST_STEP][PASSED] - navigateToUrl("https://lab.everleagues.com/"): Navigate to 'https://lab.everleagues.com/' successfully

2023-01-02 18:08:41 - [MESSAGE][PASSED] - Navigate to 'https://lab.everleagues.com/' successfully

2023-01-02 18:08:41 - [TEST_STEP][PASSED] - maximizeWindow(): Current window maximized

2023-01-02 18:08:42 - [MESSAGE][PASSED] - Current window maximized

2023-01-02 18:08:42 - [TEST_STEP][PASSED] - setText(findTestObject("02-Side Icons(Organization)/Add Contact/Email Field"), "testuser02@mailinator.com"): Text 'testuser02@mailinator.com' is set on object 'Object Repository/02-Side Icons(Organization)/Add Contact/Email Field'

2023-01-02 18:08:44 - [MESSAGE][PASSED] - Text 'testuser02@mailinator.com' is set on object 'Object Repository/02-Side Icons(Organization)/Add Contact/Email Field'

2023-01-02 18:08:44 - [TEST_STEP][PASSED] - setEncryptedText(findTestObject("02-Side Icons(Organization)/Add Contact/Password Field"), "8yFRyszE6U6jvsCn51OQbg=="): Text ****** has been set on object 'Object Repository/02-Side Icons(Organization)/Add Contact/Password Field'

2023-01-02 18:08:46 - [MESSAGE][PASSED] - Text ****** has been set on object 'Object Repository/02-Side Icons(Organization)/Add Contact/Password Field'

2023-01-02 18:08:46 - [TEST_STEP][PASSED] - click(findTestObject("02-Side Icons(Organization)/Add Contact/button_Sign in")): Object: 'Object Repository/02-Side Icons(Organization)/Add Contact/button_Sign in' is clicked on

2023-01-02 18:08:47 - [MESSAGE][PASSED] - Object: 'Object Repository/02-Side Icons(Organization)/Add Contact/button_Sign in' is clicked on

2023-01-02 18:08:47 - [TEST_STEP][PASSED] - delay(2): Delayed 2 second(s)

2023-01-02 18:08:49 - [MESSAGE][PASSED] - Delayed 2 second(s)

2023-01-02 18:08:49 - [TEST_STEP][PASSED] - click(findTestObject("06-Teams/For 2FA/button_Confirm_2FA")): Object: 'Object Repository/06-Teams/For 2FA/button_Confirm_2FA' is clicked on

2023-01-02 18:08:50 - [MESSAGE][PASSED] - Object: 'Object Repository/06-Teams/For 2FA/button_Confirm_2FA' is clicked on

2023-01-02 18:08:50 - [TEST_STEP][PASSED] - executeJavaScript("window.open();", []): Execute JavaScript 'window.open();' successfully

2023-01-02 18:08:50 - [MESSAGE][PASSED] - Execute JavaScript 'window.open();' successfully

2023-01-02 18:08:50 - [TEST_STEP][PASSED] - currentWindow = getWindowIndex(): Current window's index is: 0

2023-01-02 18:08:50 - [MESSAGE][PASSED] - Current window's index is: 0

2023-01-02 18:08:50 - [TEST_STEP][PASSED] - delay(3): Delayed 3 second(s)

2023-01-02 18:08:53 - [MESSAGE][PASSED] - Delayed 3 second(s)

2023-01-02 18:08:53 - [TEST_STEP][PASSED] - switchToWindowIndex(currentWindow + 1): Switched to window with index: '1'

2023-01-02 18:08:53 - [MESSAGE][PASSED] - Switched to window with index: '1'

2023-01-02 18:08:53 - [TEST_STEP][PASSED] - navigateToUrl("https://www.mailinator.com/"): Navigate to 'https://www.mailinator.com/' successfully

2023-01-02 18:09:02 - [MESSAGE][PASSED] - Navigate to 'https://www.mailinator.com/' successfully

2023-01-02 18:09:02 - [TEST_STEP][PASSED] - delay(3): Delayed 3 second(s)

2023-01-02 18:09:05 - [MESSAGE][PASSED] - Delayed 3 second(s)

2023-01-02 18:09:05 - [TEST_STEP][PASSED] - setText(findTestObject("00-Signup and Activation/zMailinator/input_LOGIN_search"), "testuser02@mailinator.com"): Text 'testuser02@mailinator.com' is set on object 'Object Repository/00-Signup and Activation/zMailinator/input_LOGIN_search'

2023-01-02 18:09:06 - [MESSAGE][PASSED] - Text 'testuser02@mailinator.com' is set on object 'Object Repository/00-Signup and Activation/zMailinator/input_LOGIN_search'

2023-01-02 18:09:06 - [TEST_STEP][PASSED] - click(findTestObject("00-Signup and Activation/zMailinator/gobutton"), STOP_ON_FAILURE): Object: 'Object Repository/00-Signup and Activation/zMailinator/gobutton' is clicked on

2023-01-02 18:09:11 - [MESSAGE][PASSED] - Object: 'Object Repository/00-Signup and Activation/zMailinator/gobutton' is clicked on

2023-01-02 18:09:11 - [TEST_STEP][PASSED] - delay(3): Delayed 3 second(s)

2023-01-02 18:09:14 - [MESSAGE][PASSED] - Delayed 3 second(s)

2023-01-02 18:09:14 - [TEST_STEP][PASSED] - click(findTestObject("00-Signup and Activation/zMailinator/Email - everleagues")): Object: 'Object Repository/00-Signup and Activation/zMailinator/Email - everleagues' is clicked on

2023-01-02 18:09:16 - [MESSAGE][PASSED] - Object: 'Object Repository/00-Signup and Activation/zMailinator/Email - everleagues' is clicked on

2023-01-02 18:09:16 - [TEST_STEP][PASSED] - delay(3): Delayed 3 second(s)

2023-01-02 18:09:19 - [MESSAGE][PASSED] - Delayed 3 second(s)

2023-01-02 18:09:19 - [TEST_STEP][PASSED] - code = getText(findTestObject("Object Repository/06-Teams/For 2FA/2FA code")): Text of object 'Object Repository/06-Teams/For 2FA/2FA code' is: '963804'

2023-01-02 18:09:20 - [MESSAGE][PASSED] - Text of object 'Object Repository/06-Teams/For 2FA/2FA code' is: '963804'

2023-01-02 18:09:20 - [TEST_STEP][PASSED] - delay(3): Delayed 3 second(s)

2023-01-02 18:09:23 - [MESSAGE][PASSED] - Delayed 3 second(s)

2023-01-02 18:09:23 - [TEST_STEP][PASSED] - closeWindowTitle("Mailinator"): Window with title: 'Mailinator' is closed

2023-01-02 18:09:23 - [MESSAGE][PASSED] - Window with title: 'Mailinator' is closed

2023-01-02 18:09:23 - [TEST_STEP][PASSED] - delay(3): Delayed 3 second(s)

2023-01-02 18:09:26 - [MESSAGE][PASSED] - Delayed 3 second(s)

2023-01-02 18:09:26 - [TEST_STEP][PASSED] - switchToWindowIndex(0): Switched to window with index: '0'

2023-01-02 18:09:26 - [MESSAGE][PASSED] - Switched to window with index: '0'

2023-01-02 18:09:26 - [TEST_STEP][PASSED] - delay(3): Delayed 3 second(s)

2023-01-02 18:09:29 - [MESSAGE][PASSED] - Delayed 3 second(s)

2023-01-02 18:09:29 - [TEST_STEP][PASSED] - setText(findTestObject("Object Repository/06-Teams/For 2FA/input_Enter verification code_code"), code): Text '963804' is set on object 'Object Repository/06-Teams/For 2FA/input_Enter verification code_code'

2023-01-02 18:09:31 - [MESSAGE][PASSED] - Text '963804' is set on object 'Object Repository/06-Teams/For 2FA/input_Enter verification code_code'

2023-01-02 18:09:31 - [TEST_STEP][PASSED] - delay(3): Delayed 3 second(s)

2023-01-02 18:09:34 - [MESSAGE][PASSED] - Delayed 3 second(s)

2023-01-02 18:09:34 - [TEST_STEP][PASSED] - click(findTestObject("06-Teams/For 2FA/button_Verify_2FA")): Object: 'Object Repository/06-Teams/For 2FA/button_Verify_2FA' is clicked on

2023-01-02 18:09:35 - [MESSAGE][PASSED] - Object: 'Object Repository/06-Teams/For 2FA/button_Verify_2FA' is clicked on

2023-01-02 18:09:35 - [TEST_STEP][PASSED] - delay(5): Delayed 5 second(s)

2023-01-02 18:09:40 - [MESSAGE][PASSED] - Delayed 5 second(s)

2023-01-02 18:09:40 - [TEST_STEP][PASSED] - click(findTestObject("06-Teams/button_doublearrow")): Object: 'Object Repository/06-Teams/button_doublearrow' is clicked on

2023-01-02 18:09:43 - [MESSAGE][PASSED] - Object: 'Object Repository/06-Teams/button_doublearrow' is clicked on

2023-01-02 18:09:43 - [TEST_STEP][PASSED] - click(findTestObject("06-Teams/button_My Organizations")): Object: 'Object Repository/06-Teams/button_My Organizations' is clicked on

2023-01-02 18:09:44 - [MESSAGE][PASSED] - Object: 'Object Repository/06-Teams/button_My Organizations' is clicked on

2023-01-02 18:09:44 - [TEST_STEP][PASSED] - click(findTestObject("06-Teams/button_GG Automation")): Object: 'Object Repository/06-Teams/button_GG Automation' is clicked on

2023-01-02 18:09:45 - [MESSAGE][PASSED] - Object: 'Object Repository/06-Teams/button_GG Automation' is clicked on

2023-01-02 18:09:45 - [TEST_STEP][PASSED] - delay(4): Delayed 4 second(s)

2023-01-02 18:09:49 - [MESSAGE][PASSED] - Delayed 4 second(s)

2023-01-02 18:09:49 - [TEST_STEP][PASSED] - verifyElementVisible(findTestObject("06-Teams/span_GG Automation")): Object 'Object Repository/06-Teams/span_GG Automation' is visible

2023-01-02 18:09:50 - [MESSAGE][PASSED] - Object 'Object Repository/06-Teams/span_GG Automation' is visible

2023-01-02 18:09:50 - [TEST_STEP][PASSED] - delay(5): Delayed 5 second(s)

2023-01-02 18:09:55 - [MESSAGE][PASSED] - Delayed 5 second(s)

2023-01-02 18:09:55 - [TEST_STEP][PASSED] - click(findTestObject("03-Header Menu/Hamburger Button/div_Settings")): Object: 'Object Repository/03-Header Menu/Hamburger Button/div_Settings' is clicked on

2023-01-02 18:09:56 - [MESSAGE][PASSED] - Object: 'Object Repository/03-Header Menu/Hamburger Button/div_Settings' is clicked on

2023-01-02 18:09:56 - [TEST_STEP][PASSED] - delay(3): Delayed 3 second(s)

2023-01-02 18:09:59 - [MESSAGE][PASSED] - Delayed 3 second(s)

2023-01-02 18:09:59 - [TEST_STEP][PASSED] - scrollToElement(findTestObject("09-Settings/Users/div_Users"), 0): Scroll to object 'Object Repository/09-Settings/Users/div_Users' successfully

2023-01-02 18:09:59 - [MESSAGE][WARNING] - Timeout '0' is invalid. Using default page load timeout: '30'

2023-01-02 18:10:00 - [MESSAGE][PASSED] - Scroll to object 'Object Repository/09-Settings/Users/div_Users' successfully

2023-01-02 18:10:00 - [TEST_STEP][PASSED] - click(findTestObject("09-Settings/Users/div_Users")): Object: 'Object Repository/09-Settings/Users/div_Users' is clicked on

2023-01-02 18:10:02 - [MESSAGE][PASSED] - Object: 'Object Repository/09-Settings/Users/div_Users' is clicked on

2023-01-02 18:10:02 - [TEST_STEP][PASSED] - delay(3): Delayed 3 second(s)

2023-01-02 18:10:05 - [MESSAGE][PASSED] - Delayed 3 second(s)

2023-01-02 18:10:05 - [TEST_STEP][PASSED] - click(findTestObject("09-Settings/Users/button_add")): Object: 'Object Repository/09-Settings/Users/button_add' is clicked on

2023-01-02 18:10:06 - [MESSAGE][PASSED] - Object: 'Object Repository/09-Settings/Users/button_add' is clicked on

2023-01-02 18:10:06 - [TEST_STEP][PASSED] - delay(3): Delayed 3 second(s)

2023-01-02 18:10:09 - [MESSAGE][PASSED] - Delayed 3 second(s)

2023-01-02 18:10:09 - [TEST_STEP][PASSED] - click(findTestObject("09-Settings/Users/add Invite a single user")): Object: 'Object Repository/09-Settings/Users/add Invite a single user' is clicked on

2023-01-02 18:10:10 - [MESSAGE][PASSED] - Object: 'Object Repository/09-Settings/Users/add Invite a single user' is clicked on

2023-01-02 18:10:10 - [TEST_STEP][PASSED] - delay(3): Delayed 3 second(s)

2023-01-02 18:10:13 - [MESSAGE][PASSED] - Delayed 3 second(s)

2023-01-02 18:10:13 - [TEST_STEP][PASSED] - setText(findTestObject("09-Settings/Users/input_email"), "autotester10@mailinator.com"): Text 'autotester10@mailinator.com' is set on object 'Object Repository/09-Settings/Users/input_email'

2023-01-02 18:10:16 - [MESSAGE][PASSED] - Text 'autotester10@mailinator.com' is set on object 'Object Repository/09-Settings/Users/input_email'

2023-01-02 18:10:16 - [TEST_STEP][PASSED] - setText(findTestObject("09-Settings/Users/input_firstName"), "GG"): Text 'GG' is set on object 'Object Repository/09-Settings/Users/input_firstName'

2023-01-02 18:10:18 - [MESSAGE][PASSED] - Text 'GG' is set on object 'Object Repository/09-Settings/Users/input_firstName'

2023-01-02 18:10:18 - [TEST_STEP][PASSED] - setText(findTestObject("09-Settings/Users/input_lastName"), "Partner"): Text 'Partner' is set on object 'Object Repository/09-Settings/Users/input_lastName'

2023-01-02 18:10:20 - [MESSAGE][PASSED] - Text 'Partner' is set on object 'Object Repository/09-Settings/Users/input_lastName'

2023-01-02 18:10:20 - [TEST_STEP][PASSED] - click(findTestObject("09-Settings/Users/span_Role")): Object: 'Object Repository/09-Settings/Users/span_Role' is clicked on

2023-01-02 18:10:21 - [MESSAGE][PASSED] - Object: 'Object Repository/09-Settings/Users/span_Role' is clicked on

2023-01-02 18:10:21 - [TEST_STEP][PASSED] - click(findTestObject("09-Settings/Users/span_Partner")): Object: 'Object Repository/09-Settings/Users/span_Partner' is clicked on

2023-01-02 18:10:22 - [MESSAGE][PASSED] - Object: 'Object Repository/09-Settings/Users/span_Partner' is clicked on

2023-01-02 18:10:22 - [TEST_STEP][PASSED] - click(findTestObject("09-Settings/Users/button_Send Invitation")): Object: 'Object Repository/09-Settings/Users/button_Send Invitation' is clicked on

2023-01-02 18:10:23 - [MESSAGE][PASSED] - Object: 'Object Repository/09-Settings/Users/button_Send Invitation' is clicked on

2023-01-02 18:10:23 - [TEST_STEP][PASSED] - delay(2): Delayed 2 second(s)

2023-01-02 18:10:25 - [MESSAGE][PASSED] - Delayed 2 second(s)

2023-01-02 18:10:25 - [TEST_STEP][PASSED] - verifyElementVisible(findTestObject("07-Directory/Connections/zContact Profile/Successfully invited user")): Object 'Object Repository/07-Directory/Connections/zContact Profile/Successfully invited user' is visible

2023-01-02 18:10:27 - [MESSAGE][PASSED] - Object 'Object Repository/07-Directory/Connections/zContact Profile/Successfully invited user' is visible

2023-01-02 18:10:27 - [TEST_STEP][PASSED] - delay(2): Delayed 2 second(s)

2023-01-02 18:10:29 - [MESSAGE][PASSED] - Delayed 2 second(s)

2023-01-02 18:10:29 - [TEST_STEP][PASSED] - click(findTestObject("01-Login and Forgot Password/User menu drop")): Object: 'Object Repository/01-Login and Forgot Password/User menu drop' is clicked on

2023-01-02 18:10:30 - [MESSAGE][PASSED] - Object: 'Object Repository/01-Login and Forgot Password/User menu drop' is clicked on

2023-01-02 18:10:30 - [TEST_STEP][PASSED] - delay(2): Delayed 2 second(s)

2023-01-02 18:10:32 - [MESSAGE][PASSED] - Delayed 2 second(s)

2023-01-02 18:10:32 - [TEST_STEP][PASSED] - click(findTestObject("01-Login and Forgot Password/h4_Sign Out"), STOP_ON_FAILURE): Object: 'Object Repository/01-Login and Forgot Password/h4_Sign Out' is clicked on

2023-01-02 18:10:33 - [MESSAGE][PASSED] - Object: 'Object Repository/01-Login and Forgot Password/h4_Sign Out' is clicked on

2023-01-02 18:10:33 - [TEST_STEP][PASSED] - delay(2): Delayed 2 second(s)

2023-01-02 18:10:35 - [MESSAGE][PASSED] - Delayed 2 second(s)

2023-01-02 18:10:35 - [TEST_STEP][PASSED] - verifyElementPresent(findTestObject("01-Login and Forgot Password/Login_Card"), 0): Object 'Object Repository/01-Login and Forgot Password/Login_Card' is present

2023-01-02 18:10:36 - [MESSAGE][WARNING] - Timeout '0' is invalid. Using default page load timeout: '30'

2023-01-02 18:10:36 - [MESSAGE][PASSED] - Object 'Object Repository/01-Login and Forgot Password/Login_Card' is present

2023-01-02 18:10:36 - [TEST_STEP][PASSED] - delay(3): Delayed 3 second(s)

2023-01-02 18:10:39 - [MESSAGE][PASSED] - Delayed 3 second(s)

2023-01-02 18:10:39 - [TEST_STEP][PASSED] - closeBrowser(): Browser is closed

2023-01-02 18:10:41 - [MESSAGE][PASSED] - Browser is closed

2023-01-02 18:10:41 - [TEST_STEP][PASSED] - openBrowser(""): Browser is opened with url: ''

2023-01-02 18:10:41 - [MESSAGE][INFO] - Starting 'Chrome' driver

2023-01-02 18:10:41 - [MESSAGE][INFO] - Action delay is set to 0 milliseconds

2023-01-02 18:10:45 - [MESSAGE][PASSED] - Browser is opened with url: ''

2023-01-02 18:10:45 - [TEST_STEP][PASSED] - navigateToUrl("https://lab.everleagues.com/"): Navigate to 'https://lab.everleagues.com/' successfully

2023-01-02 18:11:14 - [MESSAGE][PASSED] - Navigate to 'https://lab.everleagues.com/' successfully

2023-01-02 18:11:14 - [TEST_STEP][PASSED] - maximizeWindow(): Current window maximized

2023-01-02 18:11:14 - [MESSAGE][PASSED] - Current window maximized

2023-01-02 18:11:14 - [TEST_STEP][PASSED] - setText(findTestObject("02-Side Icons(Organization)/Add Contact/Email Field"), "autotester10@mailinator.com"): Text 'autotester10@mailinator.com' is set on object 'Object Repository/02-Side Icons(Organization)/Add Contact/Email Field'

2023-01-02 18:11:16 - [MESSAGE][PASSED] - Text 'autotester10@mailinator.com' is set on object 'Object Repository/02-Side Icons(Organization)/Add Contact/Email Field'

2023-01-02 18:11:16 - [TEST_STEP][PASSED] - setEncryptedText(findTestObject("02-Side Icons(Organization)/Add Contact/Password Field"), "8yFRyszE6U6jvsCn51OQbg=="): Text ****** has been set on object 'Object Repository/02-Side Icons(Organization)/Add Contact/Password Field'

2023-01-02 18:11:17 - [MESSAGE][PASSED] - Text ****** has been set on object 'Object Repository/02-Side Icons(Organization)/Add Contact/Password Field'

2023-01-02 18:11:17 - [TEST_STEP][PASSED] - click(findTestObject("02-Side Icons(Organization)/Add Contact/button_Sign in")): Object: 'Object Repository/02-Side Icons(Organization)/Add Contact/button_Sign in' is clicked on

2023-01-02 18:11:18 - [MESSAGE][PASSED] - Object: 'Object Repository/02-Side Icons(Organization)/Add Contact/button_Sign in' is clicked on

2023-01-02 18:11:18 - [TEST_STEP][PASSED] - delay(2): Delayed 2 second(s)

2023-01-02 18:11:20 - [MESSAGE][PASSED] - Delayed 2 second(s)

2023-01-02 18:11:20 - [TEST_STEP][PASSED] - click(findTestObject("06-Teams/For 2FA/button_Confirm_2FA")): Object: 'Object Repository/06-Teams/For 2FA/button_Confirm_2FA' is clicked on

2023-01-02 18:11:21 - [MESSAGE][PASSED] - Object: 'Object Repository/06-Teams/For 2FA/button_Confirm_2FA' is clicked on

2023-01-02 18:11:21 - [TEST_STEP][PASSED] - executeJavaScript("window.open();", []): Execute JavaScript 'window.open();' successfully

2023-01-02 18:11:22 - [MESSAGE][PASSED] - Execute JavaScript 'window.open();' successfully

2023-01-02 18:11:22 - [TEST_STEP][PASSED] - currentWindow = getWindowIndex(): Current window's index is: 0

2023-01-02 18:11:22 - [MESSAGE][PASSED] - Current window's index is: 0

2023-01-02 18:11:22 - [TEST_STEP][PASSED] - delay(3): Delayed 3 second(s)

2023-01-02 18:11:25 - [MESSAGE][PASSED] - Delayed 3 second(s)

2023-01-02 18:11:25 - [TEST_STEP][PASSED] - switchToWindowIndex(currentWindow + 1): Switched to window with index: '1'

2023-01-02 18:11:25 - [MESSAGE][PASSED] - Switched to window with index: '1'

2023-01-02 18:11:25 - [TEST_STEP][PASSED] - navigateToUrl("https://www.mailinator.com/"): Navigate to 'https://www.mailinator.com/' successfully

2023-01-02 18:11:32 - [MESSAGE][PASSED] - Navigate to 'https://www.mailinator.com/' successfully

2023-01-02 18:11:32 - [TEST_STEP][PASSED] - delay(3): Delayed 3 second(s)

2023-01-02 18:11:36 - [MESSAGE][PASSED] - Delayed 3 second(s)

2023-01-02 18:11:36 - [TEST_STEP][PASSED] - setText(findTestObject("00-Signup and Activation/zMailinator/input_LOGIN_search"), "autotester10@mailinator.com"): Text 'autotester10@mailinator.com' is set on object 'Object Repository/00-Signup and Activation/zMailinator/input_LOGIN_search'

2023-01-02 18:11:37 - [MESSAGE][PASSED] - Text 'autotester10@mailinator.com' is set on object 'Object Repository/00-Signup and Activation/zMailinator/input_LOGIN_search'

2023-01-02 18:11:37 - [TEST_STEP][PASSED] - click(findTestObject("00-Signup and Activation/zMailinator/gobutton"), STOP_ON_FAILURE): Object: 'Object Repository/00-Signup and Activation/zMailinator/gobutton' is clicked on

2023-01-02 18:11:41 - [MESSAGE][PASSED] - Object: 'Object Repository/00-Signup and Activation/zMailinator/gobutton' is clicked on

2023-01-02 18:11:41 - [TEST_STEP][PASSED] - delay(3): Delayed 3 second(s)

2023-01-02 18:11:44 - [MESSAGE][PASSED] - Delayed 3 second(s)

2023-01-02 18:11:44 - [TEST_STEP][PASSED] - click(findTestObject("00-Signup and Activation/zMailinator/Email - everleagues")): Object: 'Object Repository/00-Signup and Activation/zMailinator/Email - everleagues' is clicked on

2023-01-02 18:11:45 - [MESSAGE][PASSED] - Object: 'Object Repository/00-Signup and Activation/zMailinator/Email - everleagues' is clicked on

2023-01-02 18:11:45 - [TEST_STEP][PASSED] - delay(3): Delayed 3 second(s)

2023-01-02 18:11:48 - [MESSAGE][PASSED] - Delayed 3 second(s)

2023-01-02 18:11:48 - [TEST_STEP][PASSED] - codetwo = getText(findTestObject("Object Repository/06-Teams/For 2FA/2FA code")): Text of object 'Object Repository/06-Teams/For 2FA/2FA code' is: '752926'

2023-01-02 18:11:49 - [MESSAGE][PASSED] - Text of object 'Object Repository/06-Teams/For 2FA/2FA code' is: '752926'

2023-01-02 18:11:49 - [TEST_STEP][PASSED] - delay(3): Delayed 3 second(s)

2023-01-02 18:11:52 - [MESSAGE][PASSED] - Delayed 3 second(s)

2023-01-02 18:11:52 - [TEST_STEP][PASSED] - closeWindowTitle("Mailinator"): Window with title: 'Mailinator' is closed

2023-01-02 18:11:53 - [MESSAGE][PASSED] - Window with title: 'Mailinator' is closed

2023-01-02 18:11:53 - [TEST_STEP][PASSED] - delay(3): Delayed 3 second(s)

2023-01-02 18:11:56 - [MESSAGE][PASSED] - Delayed 3 second(s)

2023-01-02 18:11:56 - [TEST_STEP][PASSED] - switchToWindowIndex(0): Switched to window with index: '0'

2023-01-02 18:11:56 - [MESSAGE][PASSED] - Switched to window with index: '0'

2023-01-02 18:11:56 - [TEST_STEP][PASSED] - delay(3): Delayed 3 second(s)

2023-01-02 18:11:59 - [MESSAGE][PASSED] - Delayed 3 second(s)

2023-01-02 18:11:59 - [TEST_STEP][PASSED] - setText(findTestObject("Object Repository/06-Teams/For 2FA/input_Enter verification code_code"), codetwo): Text '752926' is set on object 'Object Repository/06-Teams/For 2FA/input_Enter verification code_code'

2023-01-02 18:12:00 - [MESSAGE][PASSED] - Text '752926' is set on object 'Object Repository/06-Teams/For 2FA/input_Enter verification code_code'

2023-01-02 18:12:00 - [TEST_STEP][PASSED] - delay(3): Delayed 3 second(s)

2023-01-02 18:12:03 - [MESSAGE][PASSED] - Delayed 3 second(s)

2023-01-02 18:12:03 - [TEST_STEP][PASSED] - click(findTestObject("06-Teams/For 2FA/button_Verify_2FA")): Object: 'Object Repository/06-Teams/For 2FA/button_Verify_2FA' is clicked on

2023-01-02 18:12:04 - [MESSAGE][PASSED] - Object: 'Object Repository/06-Teams/For 2FA/button_Verify_2FA' is clicked on

2023-01-02 18:12:04 - [TEST_STEP][PASSED] - delay(5): Delayed 5 second(s)

2023-01-02 18:12:09 - [MESSAGE][PASSED] - Delayed 5 second(s)

2023-01-02 18:12:09 - [TEST_STEP][PASSED] - executeJavaScript("window.open();", []): Execute JavaScript 'window.open();' successfully

2023-01-02 18:12:09 - [MESSAGE][PASSED] - Execute JavaScript 'window.open();' successfully

2023-01-02 18:12:09 - [TEST_STEP][PASSED] - currentWindow = getWindowIndex(): Current window's index is: 0

2023-01-02 18:12:09 - [MESSAGE][PASSED] - Current window's index is: 0

2023-01-02 18:12:09 - [TEST_STEP][PASSED] - delay(3): Delayed 3 second(s)

2023-01-02 18:12:12 - [MESSAGE][PASSED] - Delayed 3 second(s)

2023-01-02 18:12:12 - [TEST_STEP][PASSED] - switchToWindowIndex(currentWindow + 1): Switched to window with index: '1'

2023-01-02 18:12:12 - [MESSAGE][PASSED] - Switched to window with index: '1'

2023-01-02 18:12:12 - [TEST_STEP][PASSED] - navigateToUrl("https://www.mailinator.com/"): Navigate to 'https://www.mailinator.com/' successfully

2023-01-02 18:12:19 - [MESSAGE][PASSED] - Navigate to 'https://www.mailinator.com/' successfully

2023-01-02 18:12:19 - [TEST_STEP][PASSED] - delay(3): Delayed 3 second(s)

2023-01-02 18:12:22 - [MESSAGE][PASSED] - Delayed 3 second(s)

2023-01-02 18:12:22 - [TEST_STEP][PASSED] - setText(findTestObject("00-Signup and Activation/zMailinator/input_LOGIN_search"), "autotester10@mailinator.com"): Text 'autotester10@mailinator.com' is set on object 'Object Repository/00-Signup and Activation/zMailinator/input_LOGIN_search'

2023-01-02 18:12:23 - [MESSAGE][PASSED] - Text 'autotester10@mailinator.com' is set on object 'Object Repository/00-Signup and Activation/zMailinator/input_LOGIN_search'

2023-01-02 18:12:23 - [TEST_STEP][PASSED] - click(findTestObject("00-Signup and Activation/zMailinator/gobutton"), STOP_ON_FAILURE): Object: 'Object Repository/00-Signup and Activation/zMailinator/gobutton' is clicked on

2023-01-02 18:12:26 - [MESSAGE][PASSED] - Object: 'Object Repository/00-Signup and Activation/zMailinator/gobutton' is clicked on

2023-01-02 18:12:26 - [TEST_STEP][PASSED] - delay(3): Delayed 3 second(s)

2023-01-02 18:12:29 - [MESSAGE][PASSED] - Delayed 3 second(s)

2023-01-02 18:12:29 - [TEST_STEP][PASSED] - closeWindowTitle("Everleagues"): Window with title: 'Everleagues' is closed

2023-01-02 18:12:30 - [MESSAGE][PASSED] - Window with title: 'Everleagues' is closed

2023-01-02 18:12:30 - [TEST_STEP][PASSED] - switchToWindowIndex(0): Switched to window with index: '0'

2023-01-02 18:12:30 - [MESSAGE][PASSED] - Switched to window with index: '0'

2023-01-02 18:12:30 - [TEST_STEP][PASSED] - click(findTestObject("09-Settings/Users/Co worker/td_Invitation from GG Automation")): Object: 'Object Repository/09-Settings/Users/Co worker/td_Invitation from GG Automation' is clicked on

2023-01-02 18:12:31 - [MESSAGE][PASSED] - Object: 'Object Repository/09-Settings/Users/Co worker/td_Invitation from GG Automation' is clicked on

2023-01-02 18:12:31 - [TEST_STEP][PASSED] - click(findTestObject("09-Settings/Users/Co worker/a_Click here to join GG Automation on EverLeagues")): Object: 'Object Repository/09-Settings/Users/Co worker/a_Click here to join GG Automation on EverLeagues' is clicked on

2023-01-02 18:12:33 - [MESSAGE][PASSED] - Object: 'Object Repository/09-Settings/Users/Co worker/a_Click here to join GG Automation on EverLeagues' is clicked on

2023-01-02 18:12:33 - [TEST_STEP][PASSED] - closeWindowTitle("Mailinator"): Window with title: 'Mailinator' is closed

2023-01-02 18:12:33 - [MESSAGE][PASSED] - Window with title: 'Mailinator' is closed

2023-01-02 18:12:33 - [TEST_STEP][PASSED] - switchToWindowIndex(0): Switched to window with index: '0'

2023-01-02 18:12:33 - [MESSAGE][PASSED] - Switched to window with index: '0'

2023-01-02 18:12:33 - [TEST_STEP][PASSED] - verifyElementVisible(findTestObject("09-Settings/Users/Client/Invite modal")): Object 'Object Repository/09-Settings/Users/Client/Invite modal' is visible

2023-01-02 18:12:58 - [MESSAGE][PASSED] - Object 'Object Repository/09-Settings/Users/Client/Invite modal' is visible

2023-01-02 18:12:58 - [TEST_STEP][PASSED] - setText(findTestObject("09-Settings/Users/Client/Company field"), "QA Company"): Text 'QA Company' is set on object 'Object Repository/09-Settings/Users/Client/Company field'

2023-01-02 18:13:01 - [MESSAGE][PASSED] - Text 'QA Company' is set on object 'Object Repository/09-Settings/Users/Client/Company field'

2023-01-02 18:13:01 - [TEST_STEP][PASSED] - click(findTestObject("09-Settings/Users/Client/button_Accept")): Object: 'Object Repository/09-Settings/Users/Client/button_Accept' is clicked on

2023-01-02 18:13:02 - [MESSAGE][PASSED] - Object: 'Object Repository/09-Settings/Users/Client/button_Accept' is clicked on

2023-01-02 18:13:02 - [TEST_STEP][PASSED] - delay(5): Delayed 5 second(s)

2023-01-02 18:13:07 - [MESSAGE][PASSED] - Delayed 5 second(s)

2023-01-02 18:13:07 - [TEST_STEP][PASSED] - verifyElementVisible(findTestObject("09-Settings/Users/div_Joined as Partner")): Object 'Object Repository/09-Settings/Users/div_Joined as Partner' is visible

2023-01-02 18:13:10 - [MESSAGE][PASSED] - Object 'Object Repository/09-Settings/Users/div_Joined as Partner' is visible

2023-01-02 18:13:10 - [TEST_STEP][PASSED] - delay(3): Delayed 3 second(s)

2023-01-02 18:13:13 - [MESSAGE][PASSED] - Delayed 3 second(s)

2023-01-02 18:13:13 - [TEST_STEP][PASSED] - closeBrowser(): Browser is closed

2023-01-02 18:13:15 - [MESSAGE][PASSED] - Browser is closed]]></system-out>
         <system-err><![CDATA[]]></system-err>
      </testcase>
      <testcase name="Test Cases/09-Settings/05 - Users (Invite batch of users via CSV file)" time="157.962" classname="Test Cases/09-Settings/05 - Users (Invite batch of users via CSV file)" status="PASSED">
         <system-out><![CDATA[2023-01-02 18:13:15 - [TEST_CASE][PASSED] - Test Cases/09-Settings/05 - Users (Invite batch of users via CSV file): Test Cases/09-Settings/05 - Users (Invite batch of users via CSV file)

2023-01-02 18:13:18 - [TEST_STEP][PASSED] - openBrowser(""): Browser is opened with url: ''

2023-01-02 18:13:18 - [MESSAGE][INFO] - Starting 'Chrome' driver

2023-01-02 18:13:18 - [MESSAGE][INFO] - Action delay is set to 0 milliseconds

2023-01-02 18:13:22 - [MESSAGE][PASSED] - Browser is opened with url: ''

2023-01-02 18:13:22 - [TEST_STEP][PASSED] - navigateToUrl("https://lab.everleagues.com/"): Navigate to 'https://lab.everleagues.com/' successfully

2023-01-02 18:13:42 - [MESSAGE][PASSED] - Navigate to 'https://lab.everleagues.com/' successfully

2023-01-02 18:13:42 - [TEST_STEP][PASSED] - maximizeWindow(): Current window maximized

2023-01-02 18:13:42 - [MESSAGE][PASSED] - Current window maximized

2023-01-02 18:13:42 - [TEST_STEP][PASSED] - setText(findTestObject("02-Side Icons(Organization)/Add Contact/Email Field"), "testuser02@mailinator.com"): Text 'testuser02@mailinator.com' is set on object 'Object Repository/02-Side Icons(Organization)/Add Contact/Email Field'

2023-01-02 18:13:45 - [MESSAGE][PASSED] - Text 'testuser02@mailinator.com' is set on object 'Object Repository/02-Side Icons(Organization)/Add Contact/Email Field'

2023-01-02 18:13:45 - [TEST_STEP][PASSED] - setEncryptedText(findTestObject("02-Side Icons(Organization)/Add Contact/Password Field"), "8yFRyszE6U6jvsCn51OQbg=="): Text ****** has been set on object 'Object Repository/02-Side Icons(Organization)/Add Contact/Password Field'

2023-01-02 18:13:46 - [MESSAGE][PASSED] - Text ****** has been set on object 'Object Repository/02-Side Icons(Organization)/Add Contact/Password Field'

2023-01-02 18:13:46 - [TEST_STEP][PASSED] - click(findTestObject("02-Side Icons(Organization)/Add Contact/button_Sign in")): Object: 'Object Repository/02-Side Icons(Organization)/Add Contact/button_Sign in' is clicked on

2023-01-02 18:13:48 - [MESSAGE][PASSED] - Object: 'Object Repository/02-Side Icons(Organization)/Add Contact/button_Sign in' is clicked on

2023-01-02 18:13:48 - [TEST_STEP][PASSED] - delay(2): Delayed 2 second(s)

2023-01-02 18:13:50 - [MESSAGE][PASSED] - Delayed 2 second(s)

2023-01-02 18:13:50 - [TEST_STEP][PASSED] - click(findTestObject("06-Teams/For 2FA/button_Confirm_2FA")): Object: 'Object Repository/06-Teams/For 2FA/button_Confirm_2FA' is clicked on

2023-01-02 18:13:51 - [MESSAGE][PASSED] - Object: 'Object Repository/06-Teams/For 2FA/button_Confirm_2FA' is clicked on

2023-01-02 18:13:51 - [TEST_STEP][PASSED] - executeJavaScript("window.open();", []): Execute JavaScript 'window.open();' successfully

2023-01-02 18:13:52 - [MESSAGE][PASSED] - Execute JavaScript 'window.open();' successfully

2023-01-02 18:13:52 - [TEST_STEP][PASSED] - currentWindow = getWindowIndex(): Current window's index is: 0

2023-01-02 18:13:52 - [MESSAGE][PASSED] - Current window's index is: 0

2023-01-02 18:13:52 - [TEST_STEP][PASSED] - delay(3): Delayed 3 second(s)

2023-01-02 18:13:55 - [MESSAGE][PASSED] - Delayed 3 second(s)

2023-01-02 18:13:55 - [TEST_STEP][PASSED] - switchToWindowIndex(currentWindow + 1): Switched to window with index: '1'

2023-01-02 18:13:56 - [MESSAGE][PASSED] - Switched to window with index: '1'

2023-01-02 18:13:56 - [TEST_STEP][PASSED] - navigateToUrl("https://www.mailinator.com/"): Navigate to 'https://www.mailinator.com/' successfully

2023-01-02 18:14:04 - [MESSAGE][PASSED] - Navigate to 'https://www.mailinator.com/' successfully

2023-01-02 18:14:04 - [TEST_STEP][PASSED] - delay(3): Delayed 3 second(s)

2023-01-02 18:14:07 - [MESSAGE][PASSED] - Delayed 3 second(s)

2023-01-02 18:14:07 - [TEST_STEP][PASSED] - setText(findTestObject("00-Signup and Activation/zMailinator/input_LOGIN_search"), "testuser02@mailinator.com"): Text 'testuser02@mailinator.com' is set on object 'Object Repository/00-Signup and Activation/zMailinator/input_LOGIN_search'

2023-01-02 18:14:08 - [MESSAGE][PASSED] - Text 'testuser02@mailinator.com' is set on object 'Object Repository/00-Signup and Activation/zMailinator/input_LOGIN_search'

2023-01-02 18:14:08 - [TEST_STEP][PASSED] - click(findTestObject("00-Signup and Activation/zMailinator/gobutton"), STOP_ON_FAILURE): Object: 'Object Repository/00-Signup and Activation/zMailinator/gobutton' is clicked on

2023-01-02 18:14:13 - [MESSAGE][PASSED] - Object: 'Object Repository/00-Signup and Activation/zMailinator/gobutton' is clicked on

2023-01-02 18:14:13 - [TEST_STEP][PASSED] - delay(3): Delayed 3 second(s)

2023-01-02 18:14:16 - [MESSAGE][PASSED] - Delayed 3 second(s)

2023-01-02 18:14:16 - [TEST_STEP][PASSED] - click(findTestObject("00-Signup and Activation/zMailinator/Email - everleagues")): Object: 'Object Repository/00-Signup and Activation/zMailinator/Email - everleagues' is clicked on

2023-01-02 18:14:18 - [MESSAGE][PASSED] - Object: 'Object Repository/00-Signup and Activation/zMailinator/Email - everleagues' is clicked on

2023-01-02 18:14:18 - [TEST_STEP][PASSED] - delay(3): Delayed 3 second(s)

2023-01-02 18:14:21 - [MESSAGE][PASSED] - Delayed 3 second(s)

2023-01-02 18:14:21 - [TEST_STEP][PASSED] - code = getText(findTestObject("Object Repository/06-Teams/For 2FA/2FA code")): Text of object 'Object Repository/06-Teams/For 2FA/2FA code' is: '689862'

2023-01-02 18:14:22 - [MESSAGE][PASSED] - Text of object 'Object Repository/06-Teams/For 2FA/2FA code' is: '689862'

2023-01-02 18:14:22 - [TEST_STEP][PASSED] - delay(3): Delayed 3 second(s)

2023-01-02 18:14:25 - [MESSAGE][PASSED] - Delayed 3 second(s)

2023-01-02 18:14:25 - [TEST_STEP][PASSED] - closeWindowTitle("Mailinator"): Window with title: 'Mailinator' is closed

2023-01-02 18:14:26 - [MESSAGE][PASSED] - Window with title: 'Mailinator' is closed

2023-01-02 18:14:26 - [TEST_STEP][PASSED] - delay(3): Delayed 3 second(s)

2023-01-02 18:14:29 - [MESSAGE][PASSED] - Delayed 3 second(s)

2023-01-02 18:14:29 - [TEST_STEP][PASSED] - switchToWindowIndex(0): Switched to window with index: '0'

2023-01-02 18:14:29 - [MESSAGE][PASSED] - Switched to window with index: '0'

2023-01-02 18:14:29 - [TEST_STEP][PASSED] - delay(3): Delayed 3 second(s)

2023-01-02 18:14:32 - [MESSAGE][PASSED] - Delayed 3 second(s)

2023-01-02 18:14:32 - [TEST_STEP][PASSED] - setText(findTestObject("Object Repository/06-Teams/For 2FA/input_Enter verification code_code"), code): Text '689862' is set on object 'Object Repository/06-Teams/For 2FA/input_Enter verification code_code'

2023-01-02 18:14:35 - [MESSAGE][PASSED] - Text '689862' is set on object 'Object Repository/06-Teams/For 2FA/input_Enter verification code_code'

2023-01-02 18:14:35 - [TEST_STEP][PASSED] - delay(3): Delayed 3 second(s)

2023-01-02 18:14:38 - [MESSAGE][PASSED] - Delayed 3 second(s)

2023-01-02 18:14:38 - [TEST_STEP][PASSED] - click(findTestObject("06-Teams/For 2FA/button_Verify_2FA")): Object: 'Object Repository/06-Teams/For 2FA/button_Verify_2FA' is clicked on

2023-01-02 18:14:39 - [MESSAGE][PASSED] - Object: 'Object Repository/06-Teams/For 2FA/button_Verify_2FA' is clicked on

2023-01-02 18:14:39 - [TEST_STEP][PASSED] - delay(5): Delayed 5 second(s)

2023-01-02 18:14:44 - [MESSAGE][PASSED] - Delayed 5 second(s)

2023-01-02 18:14:44 - [TEST_STEP][PASSED] - click(findTestObject("06-Teams/button_doublearrow")): Object: 'Object Repository/06-Teams/button_doublearrow' is clicked on

2023-01-02 18:14:46 - [MESSAGE][PASSED] - Object: 'Object Repository/06-Teams/button_doublearrow' is clicked on

2023-01-02 18:14:46 - [TEST_STEP][PASSED] - click(findTestObject("06-Teams/button_My Organizations")): Object: 'Object Repository/06-Teams/button_My Organizations' is clicked on

2023-01-02 18:14:47 - [MESSAGE][PASSED] - Object: 'Object Repository/06-Teams/button_My Organizations' is clicked on

2023-01-02 18:14:47 - [TEST_STEP][PASSED] - click(findTestObject("06-Teams/button_GG Automation")): Object: 'Object Repository/06-Teams/button_GG Automation' is clicked on

2023-01-02 18:14:48 - [MESSAGE][PASSED] - Object: 'Object Repository/06-Teams/button_GG Automation' is clicked on

2023-01-02 18:14:48 - [TEST_STEP][PASSED] - delay(4): Delayed 4 second(s)

2023-01-02 18:14:52 - [MESSAGE][PASSED] - Delayed 4 second(s)

2023-01-02 18:14:52 - [TEST_STEP][PASSED] - verifyElementVisible(findTestObject("06-Teams/span_GG Automation")): Object 'Object Repository/06-Teams/span_GG Automation' is visible

2023-01-02 18:14:53 - [MESSAGE][PASSED] - Object 'Object Repository/06-Teams/span_GG Automation' is visible

2023-01-02 18:14:53 - [TEST_STEP][PASSED] - delay(5): Delayed 5 second(s)

2023-01-02 18:14:58 - [MESSAGE][PASSED] - Delayed 5 second(s)

2023-01-02 18:14:58 - [TEST_STEP][PASSED] - click(findTestObject("03-Header Menu/Hamburger Button/div_Settings")): Object: 'Object Repository/03-Header Menu/Hamburger Button/div_Settings' is clicked on

2023-01-02 18:14:59 - [MESSAGE][PASSED] - Object: 'Object Repository/03-Header Menu/Hamburger Button/div_Settings' is clicked on

2023-01-02 18:14:59 - [TEST_STEP][PASSED] - delay(3): Delayed 3 second(s)

2023-01-02 18:15:03 - [MESSAGE][PASSED] - Delayed 3 second(s)

2023-01-02 18:15:03 - [TEST_STEP][PASSED] - scrollToElement(findTestObject("09-Settings/Users/div_Users"), 0): Scroll to object 'Object Repository/09-Settings/Users/div_Users' successfully

2023-01-02 18:15:03 - [MESSAGE][WARNING] - Timeout '0' is invalid. Using default page load timeout: '30'

2023-01-02 18:15:03 - [MESSAGE][PASSED] - Scroll to object 'Object Repository/09-Settings/Users/div_Users' successfully

2023-01-02 18:15:03 - [TEST_STEP][PASSED] - click(findTestObject("09-Settings/Users/div_Users")): Object: 'Object Repository/09-Settings/Users/div_Users' is clicked on

2023-01-02 18:15:06 - [MESSAGE][PASSED] - Object: 'Object Repository/09-Settings/Users/div_Users' is clicked on

2023-01-02 18:15:06 - [TEST_STEP][PASSED] - delay(3): Delayed 3 second(s)

2023-01-02 18:15:09 - [MESSAGE][PASSED] - Delayed 3 second(s)

2023-01-02 18:15:09 - [TEST_STEP][PASSED] - click(findTestObject("09-Settings/Users/button_add")): Object: 'Object Repository/09-Settings/Users/button_add' is clicked on

2023-01-02 18:15:10 - [MESSAGE][PASSED] - Object: 'Object Repository/09-Settings/Users/button_add' is clicked on

2023-01-02 18:15:10 - [TEST_STEP][PASSED] - delay(3): Delayed 3 second(s)

2023-01-02 18:15:13 - [MESSAGE][PASSED] - Delayed 3 second(s)

2023-01-02 18:15:13 - [TEST_STEP][PASSED] - click(findTestObject("09-Settings/Users/Invite batch of users via CSV file")): Object: 'Object Repository/09-Settings/Users/Invite batch of users via CSV file' is clicked on

2023-01-02 18:15:14 - [MESSAGE][PASSED] - Object: 'Object Repository/09-Settings/Users/Invite batch of users via CSV file' is clicked on

2023-01-02 18:15:14 - [TEST_STEP][PASSED] - verifyElementVisible(findTestObject("09-Settings/Users/CSV Invite/Import CSV File modal")): Object 'Object Repository/09-Settings/Users/CSV Invite/Import CSV File modal' is visible

2023-01-02 18:15:15 - [MESSAGE][PASSED] - Object 'Object Repository/09-Settings/Users/CSV Invite/Import CSV File modal' is visible

2023-01-02 18:15:15 - [TEST_STEP][PASSED] - verifyElementNotClickable(findTestObject("09-Settings/Users/CSV Invite/button_Import")): Object 'Object Repository/09-Settings/Users/CSV Invite/button_Import' is NOT clickable

2023-01-02 18:15:16 - [MESSAGE][PASSED] - Object 'Object Repository/09-Settings/Users/CSV Invite/button_Import' is NOT clickable

2023-01-02 18:15:16 - [TEST_STEP][PASSED] - delay(3): Delayed 3 second(s)

2023-01-02 18:15:19 - [MESSAGE][PASSED] - Delayed 3 second(s)

2023-01-02 18:15:19 - [TEST_STEP][PASSED] - uploadpackage.Upload.uploadFile(findTestObject("Object Repository/09-Settings/Users/CSV Invite/button_Choose File"), "C:\Users\asus\Desktop\EL automation\sample csv.csv"): uploadpackage.Upload.uploadFile is PASSED

2023-01-02 18:15:20 - [MESSAGE][PASSED] - Object: 'Object Repository/09-Settings/Users/CSV Invite/button_Choose File' is clicked on

2023-01-02 18:15:24 - [MESSAGE][PASSED] - uploadpackage.Upload.uploadFile is PASSED

2023-01-02 18:15:24 - [TEST_STEP][PASSED] - delay(3): Delayed 3 second(s)

2023-01-02 18:15:27 - [MESSAGE][PASSED] - Delayed 3 second(s)

2023-01-02 18:15:27 - [TEST_STEP][PASSED] - verifyElementVisible(findTestObject("09-Settings/Users/CSV Invite/div_Sample csv.csv")): Object 'Object Repository/09-Settings/Users/CSV Invite/div_Sample csv.csv' is visible

2023-01-02 18:15:28 - [MESSAGE][PASSED] - Object 'Object Repository/09-Settings/Users/CSV Invite/div_Sample csv.csv' is visible

2023-01-02 18:15:28 - [TEST_STEP][PASSED] - click(findTestObject("09-Settings/Users/CSV Invite/button_Import")): Object: 'Object Repository/09-Settings/Users/CSV Invite/button_Import' is clicked on

2023-01-02 18:15:28 - [MESSAGE][PASSED] - Object: 'Object Repository/09-Settings/Users/CSV Invite/button_Import' is clicked on

2023-01-02 18:15:28 - [TEST_STEP][PASSED] - delay(5): Delayed 5 second(s)

2023-01-02 18:15:33 - [MESSAGE][PASSED] - Delayed 5 second(s)

2023-01-02 18:15:33 - [TEST_STEP][PASSED] - verifyElementVisible(findTestObject("09-Settings/Users/CSV Invite/Success import modal")): Object 'Object Repository/09-Settings/Users/CSV Invite/Success import modal' is visible

2023-01-02 18:15:34 - [MESSAGE][PASSED] - Object 'Object Repository/09-Settings/Users/CSV Invite/Success import modal' is visible

2023-01-02 18:15:34 - [TEST_STEP][PASSED] - click(findTestObject("09-Settings/Users/CSV Invite/button_Close")): Object: 'Object Repository/09-Settings/Users/CSV Invite/button_Close' is clicked on

2023-01-02 18:15:36 - [MESSAGE][PASSED] - Object: 'Object Repository/09-Settings/Users/CSV Invite/button_Close' is clicked on

2023-01-02 18:15:36 - [TEST_STEP][PASSED] - click(findTestObject("09-Settings/Users/CSV Invite/Invited Users tab")): Object: 'Object Repository/09-Settings/Users/CSV Invite/Invited Users tab' is clicked on

2023-01-02 18:15:38 - [MESSAGE][PASSED] - Object: 'Object Repository/09-Settings/Users/CSV Invite/Invited Users tab' is clicked on

2023-01-02 18:15:38 - [TEST_STEP][PASSED] - delay(3): Delayed 3 second(s)

2023-01-02 18:15:41 - [MESSAGE][PASSED] - Delayed 3 second(s)

2023-01-02 18:15:41 - [TEST_STEP][PASSED] - verifyElementVisible(findTestObject("09-Settings/Users/CSV Invite/div_CTCSV test3")): Object 'Object Repository/09-Settings/Users/CSV Invite/div_CTCSV test3' is visible

2023-01-02 18:15:42 - [MESSAGE][PASSED] - Object 'Object Repository/09-Settings/Users/CSV Invite/div_CTCSV test3' is visible

2023-01-02 18:15:42 - [TEST_STEP][PASSED] - verifyElementVisible(findTestObject("09-Settings/Users/CSV Invite/div_autotester08mailinator.com")): Object 'Object Repository/09-Settings/Users/CSV Invite/div_autotester08mailinator.com' is visible

2023-01-02 18:15:43 - [MESSAGE][PASSED] - Object 'Object Repository/09-Settings/Users/CSV Invite/div_autotester08mailinator.com' is visible

2023-01-02 18:15:43 - [TEST_STEP][PASSED] - verifyElementVisible(findTestObject("09-Settings/Users/CSV Invite/div_Partner")): Object 'Object Repository/09-Settings/Users/CSV Invite/div_Partner' is visible

2023-01-02 18:15:44 - [MESSAGE][PASSED] - Object 'Object Repository/09-Settings/Users/CSV Invite/div_Partner' is visible

2023-01-02 18:15:44 - [TEST_STEP][PASSED] - verifyElementVisible(findTestObject("09-Settings/Users/CSV Invite/div_CTCSV test2")): Object 'Object Repository/09-Settings/Users/CSV Invite/div_CTCSV test2' is visible

2023-01-02 18:15:45 - [MESSAGE][PASSED] - Object 'Object Repository/09-Settings/Users/CSV Invite/div_CTCSV test2' is visible

2023-01-02 18:15:45 - [TEST_STEP][PASSED] - verifyElementVisible(findTestObject("09-Settings/Users/CSV Invite/div_autotester07mailinator.com")): Object 'Object Repository/09-Settings/Users/CSV Invite/div_autotester07mailinator.com' is visible

2023-01-02 18:15:45 - [MESSAGE][PASSED] - Object 'Object Repository/09-Settings/Users/CSV Invite/div_autotester07mailinator.com' is visible

2023-01-02 18:15:45 - [TEST_STEP][PASSED] - verifyElementVisible(findTestObject("09-Settings/Users/CSV Invite/div_Client")): Object 'Object Repository/09-Settings/Users/CSV Invite/div_Client' is visible

2023-01-02 18:15:46 - [MESSAGE][PASSED] - Object 'Object Repository/09-Settings/Users/CSV Invite/div_Client' is visible

2023-01-02 18:15:46 - [TEST_STEP][PASSED] - verifyElementVisible(findTestObject("09-Settings/Users/CSV Invite/div_CTCSV test1")): Object 'Object Repository/09-Settings/Users/CSV Invite/div_CTCSV test1' is visible

2023-01-02 18:15:47 - [MESSAGE][PASSED] - Object 'Object Repository/09-Settings/Users/CSV Invite/div_CTCSV test1' is visible

2023-01-02 18:15:47 - [TEST_STEP][PASSED] - verifyElementVisible(findTestObject("09-Settings/Users/CSV Invite/div_autotester06mailinator.com")): Object 'Object Repository/09-Settings/Users/CSV Invite/div_autotester06mailinator.com' is visible

2023-01-02 18:15:48 - [MESSAGE][PASSED] - Object 'Object Repository/09-Settings/Users/CSV Invite/div_autotester06mailinator.com' is visible

2023-01-02 18:15:48 - [TEST_STEP][PASSED] - verifyElementVisible(findTestObject("09-Settings/Users/CSV Invite/div_Coworker")): Object 'Object Repository/09-Settings/Users/CSV Invite/div_Coworker' is visible

2023-01-02 18:15:48 - [MESSAGE][PASSED] - Object 'Object Repository/09-Settings/Users/CSV Invite/div_Coworker' is visible

2023-01-02 18:15:48 - [TEST_STEP][PASSED] - delay(3): Delayed 3 second(s)

2023-01-02 18:15:51 - [MESSAGE][PASSED] - Delayed 3 second(s)

2023-01-02 18:15:51 - [TEST_STEP][PASSED] - closeBrowser(): Browser is closed

2023-01-02 18:15:53 - [MESSAGE][PASSED] - Browser is closed]]></system-out>
         <system-err><![CDATA[]]></system-err>
      </testcase>
      <system-out><![CDATA[2023-01-02 17:57:41 - [TEST_SUITE][PASSED] - 09.1 - Settings (Invite users): Test Cases/09-Settings/05 - Users (Invite batch of users via CSV file)]]></system-out>
      <system-err><![CDATA[]]></system-err>
   </testsuite>
</testsuites>
