<?xml version="1.0" encoding="UTF-8"?>
<testsuites name="09-Settings" time="1071.479" tests="5" failures="0" errors="0">
   <testsuite name="09-Settings" tests="5" failures="0" errors="0" time="1071.479" skipped="0" timestamp="2022-09-28 15:01:35" hostname="User - DESKTOP-QCRNR4M" id="Test Suites/TS-Organization/09-Settings">
      <properties>
         <property name="deviceName" value=""/>
         <property name="devicePlatform" value=""/>
         <property name="logFolder" value="C:\\Users\\User\\Katalon Studio\\EverleaguesMain\\Reports\\20220928_150133\\TS-Organization\\09-Settings\\20220928_150133"/>
         <property name="logFiles" value="C:\\Users\\User\\Katalon Studio\\EverleaguesMain\\Reports\\20220928_150133\\TS-Organization\\09-Settings\\20220928_150133\\execution0.log"/>
         <property name="attachments" value=""/>
         <property name="hostName" value="User - DESKTOP-QCRNR4M"/>
         <property name="os" value="Windows 10 64bit"/>
         <property name="katalonVersion" value="8.4.1.208"/>
         <property name="browser" value="Chrome 105.0.0.0"/>
         <property name="hostAddress" value="192.168.5.124"/>
         <property name="sessionId" value="efc53a9ae26dfe0c4610bcd3056ddf04"/>
         <property name="seleniumVersion" value="3.141.59"/>
         <property name="proxyInformation" value="ProxyInformation { proxyOption=NO_PROXY, proxyServerType=HTTP, username=, password=********, proxyServerAddress=, proxyServerPort=0, executionList=&quot;&quot;, isApplyToDesiredCapabilities=true }"/>
         <property name="platform" value="Windows 10"/>
      </properties>
      <testcase name="Test Cases/09-Settings/01 - Users (Invite new user but field are blank)" time="95.476" classname="Test Cases/09-Settings/01 - Users (Invite new user but field are blank)" status="PASSED">
         <system-out><![CDATA[2022-09-28 15:01:36 - [TEST_CASE][PASSED] - Test Cases/09-Settings/01 - Users (Invite new user but field are blank): Test Cases/09-Settings/01 - Users (Invite new user but field are blank)

2022-09-28 15:01:36 - [TEST_STEP][PASSED] - openBrowser(""): Browser is opened with url: ''

2022-09-28 15:01:36 - [MESSAGE][INFO] - Starting 'Chrome' driver

2022-09-28 15:01:36 - [MESSAGE][INFO] - Action delay is set to 0 milliseconds

2022-09-28 15:01:38 - [MESSAGE][PASSED] - Browser is opened with url: ''

2022-09-28 15:01:38 - [TEST_STEP][PASSED] - navigateToUrl("https://lab.everleagues.com/"): Navigate to 'https://lab.everleagues.com/' successfully

2022-09-28 15:01:49 - [MESSAGE][PASSED] - Navigate to 'https://lab.everleagues.com/' successfully

2022-09-28 15:01:49 - [TEST_STEP][PASSED] - maximizeWindow(): Current window maximized

2022-09-28 15:01:49 - [MESSAGE][PASSED] - Current window maximized

2022-09-28 15:01:49 - [TEST_STEP][PASSED] - setText(findTestObject("02-Side Icons(Organization)/Add Contact/Email Field"), "testuser02@mailinator.com"): Text 'testuser02@mailinator.com' is set on object 'Object Repository/02-Side Icons(Organization)/Add Contact/Email Field'

2022-09-28 15:01:50 - [MESSAGE][PASSED] - Text 'testuser02@mailinator.com' is set on object 'Object Repository/02-Side Icons(Organization)/Add Contact/Email Field'

2022-09-28 15:01:50 - [TEST_STEP][PASSED] - setEncryptedText(findTestObject("02-Side Icons(Organization)/Add Contact/Password Field"), "8yFRyszE6U6jvsCn51OQbg=="): Text ****** has been set on object 'Object Repository/02-Side Icons(Organization)/Add Contact/Password Field'

2022-09-28 15:01:51 - [MESSAGE][PASSED] - Text ****** has been set on object 'Object Repository/02-Side Icons(Organization)/Add Contact/Password Field'

2022-09-28 15:01:51 - [TEST_STEP][PASSED] - click(findTestObject("02-Side Icons(Organization)/Add Contact/button_Sign in")): Object: 'Object Repository/02-Side Icons(Organization)/Add Contact/button_Sign in' is clicked on

2022-09-28 15:01:51 - [MESSAGE][PASSED] - Object: 'Object Repository/02-Side Icons(Organization)/Add Contact/button_Sign in' is clicked on

2022-09-28 15:01:51 - [TEST_STEP][PASSED] - delay(2): Delayed 2 second(s)

2022-09-28 15:01:53 - [MESSAGE][PASSED] - Delayed 2 second(s)

2022-09-28 15:01:53 - [TEST_STEP][PASSED] - click(findTestObject("06-Teams/For 2FA/button_Confirm_2FA")): Object: 'Object Repository/06-Teams/For 2FA/button_Confirm_2FA' is clicked on

2022-09-28 15:01:54 - [MESSAGE][PASSED] - Object: 'Object Repository/06-Teams/For 2FA/button_Confirm_2FA' is clicked on

2022-09-28 15:01:54 - [TEST_STEP][PASSED] - executeJavaScript("window.open();", []): Execute JavaScript 'window.open();' successfully

2022-09-28 15:01:54 - [MESSAGE][PASSED] - Execute JavaScript 'window.open();' successfully

2022-09-28 15:01:54 - [TEST_STEP][PASSED] - currentWindow = getWindowIndex(): Current window's index is: 0

2022-09-28 15:01:54 - [MESSAGE][PASSED] - Current window's index is: 0

2022-09-28 15:01:54 - [TEST_STEP][PASSED] - delay(3): Delayed 3 second(s)

2022-09-28 15:01:57 - [MESSAGE][PASSED] - Delayed 3 second(s)

2022-09-28 15:01:57 - [TEST_STEP][PASSED] - switchToWindowIndex(currentWindow + 1): Switched to window with index: '1'

2022-09-28 15:01:57 - [MESSAGE][PASSED] - Switched to window with index: '1'

2022-09-28 15:01:57 - [TEST_STEP][PASSED] - navigateToUrl("https://www.mailinator.com/"): Navigate to 'https://www.mailinator.com/' successfully

2022-09-28 15:01:59 - [MESSAGE][PASSED] - Navigate to 'https://www.mailinator.com/' successfully

2022-09-28 15:01:59 - [TEST_STEP][PASSED] - delay(3): Delayed 3 second(s)

2022-09-28 15:02:02 - [MESSAGE][PASSED] - Delayed 3 second(s)

2022-09-28 15:02:02 - [TEST_STEP][PASSED] - setText(findTestObject("00-Signup and Activation/zMailinator/input_LOGIN_search"), "testuser02@mailinator.com"): Text 'testuser02@mailinator.com' is set on object 'Object Repository/00-Signup and Activation/zMailinator/input_LOGIN_search'

2022-09-28 15:02:03 - [MESSAGE][PASSED] - Text 'testuser02@mailinator.com' is set on object 'Object Repository/00-Signup and Activation/zMailinator/input_LOGIN_search'

2022-09-28 15:02:03 - [TEST_STEP][PASSED] - click(findTestObject("00-Signup and Activation/zMailinator/gobutton"), STOP_ON_FAILURE): Object: 'Object Repository/00-Signup and Activation/zMailinator/gobutton' is clicked on

2022-09-28 15:02:04 - [MESSAGE][PASSED] - Object: 'Object Repository/00-Signup and Activation/zMailinator/gobutton' is clicked on

2022-09-28 15:02:04 - [TEST_STEP][PASSED] - delay(3): Delayed 3 second(s)

2022-09-28 15:02:07 - [MESSAGE][PASSED] - Delayed 3 second(s)

2022-09-28 15:02:07 - [TEST_STEP][PASSED] - click(findTestObject("00-Signup and Activation/zMailinator/Email - everleagues")): Object: 'Object Repository/00-Signup and Activation/zMailinator/Email - everleagues' is clicked on

2022-09-28 15:02:07 - [MESSAGE][PASSED] - Object: 'Object Repository/00-Signup and Activation/zMailinator/Email - everleagues' is clicked on

2022-09-28 15:02:07 - [TEST_STEP][PASSED] - delay(3): Delayed 3 second(s)

2022-09-28 15:02:10 - [MESSAGE][PASSED] - Delayed 3 second(s)

2022-09-28 15:02:10 - [TEST_STEP][PASSED] - code = getText(findTestObject("Object Repository/06-Teams/For 2FA/2FA code")): Text of object 'Object Repository/06-Teams/For 2FA/2FA code' is: '588846'

2022-09-28 15:02:11 - [MESSAGE][PASSED] - Text of object 'Object Repository/06-Teams/For 2FA/2FA code' is: '588846'

2022-09-28 15:02:11 - [TEST_STEP][PASSED] - delay(3): Delayed 3 second(s)

2022-09-28 15:02:14 - [MESSAGE][PASSED] - Delayed 3 second(s)

2022-09-28 15:02:14 - [TEST_STEP][PASSED] - closeWindowTitle("Mailinator"): Window with title: 'Mailinator' is closed

2022-09-28 15:02:14 - [MESSAGE][PASSED] - Window with title: 'Mailinator' is closed

2022-09-28 15:02:14 - [TEST_STEP][PASSED] - delay(3): Delayed 3 second(s)

2022-09-28 15:02:17 - [MESSAGE][PASSED] - Delayed 3 second(s)

2022-09-28 15:02:17 - [TEST_STEP][PASSED] - switchToWindowIndex(0): Switched to window with index: '0'

2022-09-28 15:02:17 - [MESSAGE][PASSED] - Switched to window with index: '0'

2022-09-28 15:02:17 - [TEST_STEP][PASSED] - delay(3): Delayed 3 second(s)

2022-09-28 15:02:20 - [MESSAGE][PASSED] - Delayed 3 second(s)

2022-09-28 15:02:20 - [TEST_STEP][PASSED] - setText(findTestObject("Object Repository/06-Teams/For 2FA/input_Enter verification code_code"), code): Text '588846' is set on object 'Object Repository/06-Teams/For 2FA/input_Enter verification code_code'

2022-09-28 15:02:21 - [MESSAGE][PASSED] - Text '588846' is set on object 'Object Repository/06-Teams/For 2FA/input_Enter verification code_code'

2022-09-28 15:02:21 - [TEST_STEP][PASSED] - delay(3): Delayed 3 second(s)

2022-09-28 15:02:24 - [MESSAGE][PASSED] - Delayed 3 second(s)

2022-09-28 15:02:24 - [TEST_STEP][PASSED] - click(findTestObject("06-Teams/For 2FA/button_Verify_2FA")): Object: 'Object Repository/06-Teams/For 2FA/button_Verify_2FA' is clicked on

2022-09-28 15:02:24 - [MESSAGE][PASSED] - Object: 'Object Repository/06-Teams/For 2FA/button_Verify_2FA' is clicked on

2022-09-28 15:02:24 - [TEST_STEP][PASSED] - delay(5): Delayed 5 second(s)

2022-09-28 15:02:29 - [MESSAGE][PASSED] - Delayed 5 second(s)

2022-09-28 15:02:29 - [TEST_STEP][PASSED] - click(findTestObject("06-Teams/button_doublearrow")): Object: 'Object Repository/06-Teams/button_doublearrow' is clicked on

2022-09-28 15:02:31 - [MESSAGE][PASSED] - Object: 'Object Repository/06-Teams/button_doublearrow' is clicked on

2022-09-28 15:02:31 - [TEST_STEP][PASSED] - click(findTestObject("06-Teams/button_My Organizations")): Object: 'Object Repository/06-Teams/button_My Organizations' is clicked on

2022-09-28 15:02:32 - [MESSAGE][PASSED] - Object: 'Object Repository/06-Teams/button_My Organizations' is clicked on

2022-09-28 15:02:32 - [TEST_STEP][PASSED] - click(findTestObject("06-Teams/button_GG Automation")): Object: 'Object Repository/06-Teams/button_GG Automation' is clicked on

2022-09-28 15:02:33 - [MESSAGE][PASSED] - Object: 'Object Repository/06-Teams/button_GG Automation' is clicked on

2022-09-28 15:02:33 - [TEST_STEP][PASSED] - delay(4): Delayed 4 second(s)

2022-09-28 15:02:37 - [MESSAGE][PASSED] - Delayed 4 second(s)

2022-09-28 15:02:37 - [TEST_STEP][PASSED] - verifyElementVisible(findTestObject("06-Teams/span_GG Automation")): Object 'Object Repository/06-Teams/span_GG Automation' is visible

2022-09-28 15:02:37 - [MESSAGE][PASSED] - Object 'Object Repository/06-Teams/span_GG Automation' is visible

2022-09-28 15:02:37 - [TEST_STEP][PASSED] - delay(10): Delayed 10 second(s)

2022-09-28 15:02:47 - [MESSAGE][PASSED] - Delayed 10 second(s)

2022-09-28 15:02:47 - [TEST_STEP][PASSED] - click(findTestObject("03-Header Menu/Hamburger Button/div_Settings")): Object: 'Object Repository/03-Header Menu/Hamburger Button/div_Settings' is clicked on

2022-09-28 15:02:47 - [MESSAGE][PASSED] - Object: 'Object Repository/03-Header Menu/Hamburger Button/div_Settings' is clicked on

2022-09-28 15:02:47 - [TEST_STEP][PASSED] - verifyElementVisible(findTestObject("09-Settings/Users/div_Organization")): Object 'Object Repository/09-Settings/Users/div_Organization' is visible

2022-09-28 15:02:48 - [MESSAGE][PASSED] - Object 'Object Repository/09-Settings/Users/div_Organization' is visible

2022-09-28 15:02:48 - [TEST_STEP][PASSED] - verifyElementVisible(findTestObject("09-Settings/Users/div_Organization Units")): Object 'Object Repository/09-Settings/Users/div_Organization Units' is visible

2022-09-28 15:02:48 - [MESSAGE][PASSED] - Object 'Object Repository/09-Settings/Users/div_Organization Units' is visible

2022-09-28 15:02:48 - [TEST_STEP][PASSED] - verifyElementVisible(findTestObject("09-Settings/Users/div_Subscriptions")): Object 'Object Repository/09-Settings/Users/div_Subscriptions' is visible

2022-09-28 15:02:49 - [MESSAGE][PASSED] - Object 'Object Repository/09-Settings/Users/div_Subscriptions' is visible

2022-09-28 15:02:49 - [TEST_STEP][PASSED] - verifyElementVisible(findTestObject("09-Settings/Users/div_Users")): Object 'Object Repository/09-Settings/Users/div_Users' is visible

2022-09-28 15:02:49 - [MESSAGE][PASSED] - Object 'Object Repository/09-Settings/Users/div_Users' is visible

2022-09-28 15:02:49 - [TEST_STEP][PASSED] - delay(3): Delayed 3 second(s)

2022-09-28 15:02:52 - [MESSAGE][PASSED] - Delayed 3 second(s)

2022-09-28 15:02:52 - [TEST_STEP][PASSED] - click(findTestObject("09-Settings/Users/div_Users")): Object: 'Object Repository/09-Settings/Users/div_Users' is clicked on

2022-09-28 15:02:53 - [MESSAGE][PASSED] - Object: 'Object Repository/09-Settings/Users/div_Users' is clicked on

2022-09-28 15:02:53 - [TEST_STEP][PASSED] - verifyElementVisible(findTestObject("09-Settings/Users/h4_USERS")): Object 'Object Repository/09-Settings/Users/h4_USERS' is visible

2022-09-28 15:02:54 - [MESSAGE][PASSED] - Object 'Object Repository/09-Settings/Users/h4_USERS' is visible

2022-09-28 15:02:54 - [TEST_STEP][PASSED] - verifyElementVisible(findTestObject("09-Settings/Users/User Page")): Object 'Object Repository/09-Settings/Users/User Page' is visible

2022-09-28 15:02:54 - [MESSAGE][PASSED] - Object 'Object Repository/09-Settings/Users/User Page' is visible

2022-09-28 15:02:54 - [TEST_STEP][PASSED] - delay(3): Delayed 3 second(s)

2022-09-28 15:02:57 - [MESSAGE][PASSED] - Delayed 3 second(s)

2022-09-28 15:02:57 - [TEST_STEP][PASSED] - click(findTestObject("09-Settings/Users/button_add")): Object: 'Object Repository/09-Settings/Users/button_add' is clicked on

2022-09-28 15:02:58 - [MESSAGE][PASSED] - Object: 'Object Repository/09-Settings/Users/button_add' is clicked on

2022-09-28 15:02:58 - [TEST_STEP][PASSED] - verifyElementVisible(findTestObject("09-Settings/Users/User Invitation modal")): Object 'Object Repository/09-Settings/Users/User Invitation modal' is visible

2022-09-28 15:02:58 - [MESSAGE][PASSED] - Object 'Object Repository/09-Settings/Users/User Invitation modal' is visible

2022-09-28 15:02:58 - [TEST_STEP][PASSED] - delay(3): Delayed 3 second(s)

2022-09-28 15:03:01 - [MESSAGE][PASSED] - Delayed 3 second(s)

2022-09-28 15:03:01 - [TEST_STEP][PASSED] - click(findTestObject("09-Settings/Users/add Invite a single user")): Object: 'Object Repository/09-Settings/Users/add Invite a single user' is clicked on

2022-09-28 15:03:01 - [MESSAGE][PASSED] - Object: 'Object Repository/09-Settings/Users/add Invite a single user' is clicked on

2022-09-28 15:03:01 - [TEST_STEP][PASSED] - verifyElementVisible(findTestObject("09-Settings/Users/Invite new user modal")): Object 'Object Repository/09-Settings/Users/Invite new user modal' is visible

2022-09-28 15:03:02 - [MESSAGE][PASSED] - Object 'Object Repository/09-Settings/Users/Invite new user modal' is visible

2022-09-28 15:03:02 - [TEST_STEP][PASSED] - click(findTestObject("09-Settings/Users/input_email")): Object: 'Object Repository/09-Settings/Users/input_email' is clicked on

2022-09-28 15:03:03 - [MESSAGE][PASSED] - Object: 'Object Repository/09-Settings/Users/input_email' is clicked on

2022-09-28 15:03:03 - [TEST_STEP][PASSED] - click(findTestObject("09-Settings/Users/input_firstName")): Object: 'Object Repository/09-Settings/Users/input_firstName' is clicked on

2022-09-28 15:03:03 - [MESSAGE][PASSED] - Object: 'Object Repository/09-Settings/Users/input_firstName' is clicked on

2022-09-28 15:03:03 - [TEST_STEP][PASSED] - click(findTestObject("09-Settings/Users/input_lastName")): Object: 'Object Repository/09-Settings/Users/input_lastName' is clicked on

2022-09-28 15:03:04 - [MESSAGE][PASSED] - Object: 'Object Repository/09-Settings/Users/input_lastName' is clicked on

2022-09-28 15:03:04 - [TEST_STEP][PASSED] - click(findTestObject("09-Settings/Users/span_Role")): Object: 'Object Repository/09-Settings/Users/span_Role' is clicked on

2022-09-28 15:03:04 - [MESSAGE][PASSED] - Object: 'Object Repository/09-Settings/Users/span_Role' is clicked on

2022-09-28 15:03:04 - [TEST_STEP][PASSED] - clickOffset(findTestObject("09-Settings/Users/h4_Invite New User"), 100, 100): Object: 'Object Repository/09-Settings/Users/h4_Invite New User' is clicked on using offset x=100 and y=100

2022-09-28 15:03:05 - [MESSAGE][PASSED] - Object: 'Object Repository/09-Settings/Users/h4_Invite New User' is clicked on using offset x=100 and y=100

2022-09-28 15:03:05 - [TEST_STEP][PASSED] - verifyElementVisible(findTestObject("09-Settings/Users/Email required")): Object 'Object Repository/09-Settings/Users/Email required' is visible

2022-09-28 15:03:06 - [MESSAGE][PASSED] - Object 'Object Repository/09-Settings/Users/Email required' is visible

2022-09-28 15:03:06 - [TEST_STEP][PASSED] - verifyElementVisible(findTestObject("09-Settings/Users/Firstname required")): Object 'Object Repository/09-Settings/Users/Firstname required' is visible

2022-09-28 15:03:06 - [MESSAGE][PASSED] - Object 'Object Repository/09-Settings/Users/Firstname required' is visible

2022-09-28 15:03:06 - [TEST_STEP][PASSED] - verifyElementVisible(findTestObject("09-Settings/Users/last name required")): Object 'Object Repository/09-Settings/Users/last name required' is visible

2022-09-28 15:03:07 - [MESSAGE][PASSED] - Object 'Object Repository/09-Settings/Users/last name required' is visible

2022-09-28 15:03:07 - [TEST_STEP][PASSED] - verifyElementVisible(findTestObject("09-Settings/Users/error_Select a role")): Object 'Object Repository/09-Settings/Users/error_Select a role' is visible

2022-09-28 15:03:07 - [MESSAGE][PASSED] - Object 'Object Repository/09-Settings/Users/error_Select a role' is visible

2022-09-28 15:03:07 - [TEST_STEP][PASSED] - delay(3): Delayed 3 second(s)

2022-09-28 15:03:10 - [MESSAGE][PASSED] - Delayed 3 second(s)

2022-09-28 15:03:10 - [TEST_STEP][PASSED] - closeBrowser(): Browser is closed

2022-09-28 15:03:11 - [MESSAGE][PASSED] - Browser is closed]]></system-out>
         <system-err><![CDATA[]]></system-err>
      </testcase>
      <testcase name="Test Cases/09-Settings/02 - Users (Invite new user as co worker)" time="422.825" classname="Test Cases/09-Settings/02 - Users (Invite new user as co worker)" status="PASSED">
         <system-out><![CDATA[2022-09-28 15:03:11 - [TEST_CASE][PASSED] - Test Cases/09-Settings/02 - Users (Invite new user as co worker): Test Cases/09-Settings/02 - Users (Invite new user as co worker)

2022-09-28 15:03:11 - [TEST_STEP][PASSED] - openBrowser(""): Browser is opened with url: ''

2022-09-28 15:03:11 - [MESSAGE][INFO] - Starting 'Chrome' driver

2022-09-28 15:03:11 - [MESSAGE][INFO] - Action delay is set to 0 milliseconds

2022-09-28 15:03:13 - [MESSAGE][PASSED] - Browser is opened with url: ''

2022-09-28 15:03:13 - [TEST_STEP][PASSED] - navigateToUrl("https://lab.everleagues.com/"): Navigate to 'https://lab.everleagues.com/' successfully

2022-09-28 15:03:24 - [MESSAGE][PASSED] - Navigate to 'https://lab.everleagues.com/' successfully

2022-09-28 15:03:24 - [TEST_STEP][PASSED] - maximizeWindow(): Current window maximized

2022-09-28 15:03:24 - [MESSAGE][PASSED] - Current window maximized

2022-09-28 15:03:24 - [TEST_STEP][PASSED] - setText(findTestObject("02-Side Icons(Organization)/Add Contact/Email Field"), "testuser02@mailinator.com"): Text 'testuser02@mailinator.com' is set on object 'Object Repository/02-Side Icons(Organization)/Add Contact/Email Field'

2022-09-28 15:03:25 - [MESSAGE][PASSED] - Text 'testuser02@mailinator.com' is set on object 'Object Repository/02-Side Icons(Organization)/Add Contact/Email Field'

2022-09-28 15:03:25 - [TEST_STEP][PASSED] - setEncryptedText(findTestObject("02-Side Icons(Organization)/Add Contact/Password Field"), "8yFRyszE6U6jvsCn51OQbg=="): Text ****** has been set on object 'Object Repository/02-Side Icons(Organization)/Add Contact/Password Field'

2022-09-28 15:03:25 - [MESSAGE][PASSED] - Text ****** has been set on object 'Object Repository/02-Side Icons(Organization)/Add Contact/Password Field'

2022-09-28 15:03:25 - [TEST_STEP][PASSED] - click(findTestObject("02-Side Icons(Organization)/Add Contact/button_Sign in")): Object: 'Object Repository/02-Side Icons(Organization)/Add Contact/button_Sign in' is clicked on

2022-09-28 15:03:26 - [MESSAGE][PASSED] - Object: 'Object Repository/02-Side Icons(Organization)/Add Contact/button_Sign in' is clicked on

2022-09-28 15:03:26 - [TEST_STEP][PASSED] - delay(2): Delayed 2 second(s)

2022-09-28 15:03:28 - [MESSAGE][PASSED] - Delayed 2 second(s)

2022-09-28 15:03:28 - [TEST_STEP][PASSED] - click(findTestObject("06-Teams/For 2FA/button_Confirm_2FA")): Object: 'Object Repository/06-Teams/For 2FA/button_Confirm_2FA' is clicked on

2022-09-28 15:03:28 - [MESSAGE][PASSED] - Object: 'Object Repository/06-Teams/For 2FA/button_Confirm_2FA' is clicked on

2022-09-28 15:03:28 - [TEST_STEP][PASSED] - executeJavaScript("window.open();", []): Execute JavaScript 'window.open();' successfully

2022-09-28 15:03:28 - [MESSAGE][PASSED] - Execute JavaScript 'window.open();' successfully

2022-09-28 15:03:28 - [TEST_STEP][PASSED] - currentWindow = getWindowIndex(): Current window's index is: 0

2022-09-28 15:03:28 - [MESSAGE][PASSED] - Current window's index is: 0

2022-09-28 15:03:28 - [TEST_STEP][PASSED] - delay(3): Delayed 3 second(s)

2022-09-28 15:03:31 - [MESSAGE][PASSED] - Delayed 3 second(s)

2022-09-28 15:03:31 - [TEST_STEP][PASSED] - switchToWindowIndex(currentWindow + 1): Switched to window with index: '1'

2022-09-28 15:03:31 - [MESSAGE][PASSED] - Switched to window with index: '1'

2022-09-28 15:03:31 - [TEST_STEP][PASSED] - navigateToUrl("https://www.mailinator.com/"): Navigate to 'https://www.mailinator.com/' successfully

2022-09-28 15:03:33 - [MESSAGE][PASSED] - Navigate to 'https://www.mailinator.com/' successfully

2022-09-28 15:03:33 - [TEST_STEP][PASSED] - delay(3): Delayed 3 second(s)

2022-09-28 15:03:36 - [MESSAGE][PASSED] - Delayed 3 second(s)

2022-09-28 15:03:36 - [TEST_STEP][PASSED] - setText(findTestObject("00-Signup and Activation/zMailinator/input_LOGIN_search"), "testuser02@mailinator.com"): Text 'testuser02@mailinator.com' is set on object 'Object Repository/00-Signup and Activation/zMailinator/input_LOGIN_search'

2022-09-28 15:03:37 - [MESSAGE][PASSED] - Text 'testuser02@mailinator.com' is set on object 'Object Repository/00-Signup and Activation/zMailinator/input_LOGIN_search'

2022-09-28 15:03:37 - [TEST_STEP][PASSED] - click(findTestObject("00-Signup and Activation/zMailinator/gobutton"), STOP_ON_FAILURE): Object: 'Object Repository/00-Signup and Activation/zMailinator/gobutton' is clicked on

2022-09-28 15:03:39 - [MESSAGE][PASSED] - Object: 'Object Repository/00-Signup and Activation/zMailinator/gobutton' is clicked on

2022-09-28 15:03:39 - [TEST_STEP][PASSED] - delay(3): Delayed 3 second(s)

2022-09-28 15:03:42 - [MESSAGE][PASSED] - Delayed 3 second(s)

2022-09-28 15:03:42 - [TEST_STEP][PASSED] - click(findTestObject("00-Signup and Activation/zMailinator/Email - everleagues")): Object: 'Object Repository/00-Signup and Activation/zMailinator/Email - everleagues' is clicked on

2022-09-28 15:03:42 - [MESSAGE][PASSED] - Object: 'Object Repository/00-Signup and Activation/zMailinator/Email - everleagues' is clicked on

2022-09-28 15:03:42 - [TEST_STEP][PASSED] - delay(3): Delayed 3 second(s)

2022-09-28 15:03:45 - [MESSAGE][PASSED] - Delayed 3 second(s)

2022-09-28 15:03:45 - [TEST_STEP][PASSED] - code = getText(findTestObject("Object Repository/06-Teams/For 2FA/2FA code")): Text of object 'Object Repository/06-Teams/For 2FA/2FA code' is: '586953'

2022-09-28 15:03:46 - [MESSAGE][PASSED] - Text of object 'Object Repository/06-Teams/For 2FA/2FA code' is: '586953'

2022-09-28 15:03:46 - [TEST_STEP][PASSED] - delay(3): Delayed 3 second(s)

2022-09-28 15:03:49 - [MESSAGE][PASSED] - Delayed 3 second(s)

2022-09-28 15:03:49 - [TEST_STEP][PASSED] - closeWindowTitle("Mailinator"): Window with title: 'Mailinator' is closed

2022-09-28 15:03:49 - [MESSAGE][PASSED] - Window with title: 'Mailinator' is closed

2022-09-28 15:03:49 - [TEST_STEP][PASSED] - delay(3): Delayed 3 second(s)

2022-09-28 15:03:52 - [MESSAGE][PASSED] - Delayed 3 second(s)

2022-09-28 15:03:52 - [TEST_STEP][PASSED] - switchToWindowIndex(0): Switched to window with index: '0'

2022-09-28 15:03:52 - [MESSAGE][PASSED] - Switched to window with index: '0'

2022-09-28 15:03:52 - [TEST_STEP][PASSED] - delay(3): Delayed 3 second(s)

2022-09-28 15:03:55 - [MESSAGE][PASSED] - Delayed 3 second(s)

2022-09-28 15:03:55 - [TEST_STEP][PASSED] - setText(findTestObject("Object Repository/06-Teams/For 2FA/input_Enter verification code_code"), code): Text '586953' is set on object 'Object Repository/06-Teams/For 2FA/input_Enter verification code_code'

2022-09-28 15:03:55 - [MESSAGE][PASSED] - Text '586953' is set on object 'Object Repository/06-Teams/For 2FA/input_Enter verification code_code'

2022-09-28 15:03:55 - [TEST_STEP][PASSED] - delay(3): Delayed 3 second(s)

2022-09-28 15:03:58 - [MESSAGE][PASSED] - Delayed 3 second(s)

2022-09-28 15:03:58 - [TEST_STEP][PASSED] - click(findTestObject("06-Teams/For 2FA/button_Verify_2FA")): Object: 'Object Repository/06-Teams/For 2FA/button_Verify_2FA' is clicked on

2022-09-28 15:03:59 - [MESSAGE][PASSED] - Object: 'Object Repository/06-Teams/For 2FA/button_Verify_2FA' is clicked on

2022-09-28 15:03:59 - [TEST_STEP][PASSED] - delay(5): Delayed 5 second(s)

2022-09-28 15:04:04 - [MESSAGE][PASSED] - Delayed 5 second(s)

2022-09-28 15:04:04 - [TEST_STEP][PASSED] - click(findTestObject("06-Teams/button_doublearrow")): Object: 'Object Repository/06-Teams/button_doublearrow' is clicked on

2022-09-28 15:04:05 - [MESSAGE][PASSED] - Object: 'Object Repository/06-Teams/button_doublearrow' is clicked on

2022-09-28 15:04:05 - [TEST_STEP][PASSED] - click(findTestObject("06-Teams/button_My Organizations")): Object: 'Object Repository/06-Teams/button_My Organizations' is clicked on

2022-09-28 15:04:06 - [MESSAGE][PASSED] - Object: 'Object Repository/06-Teams/button_My Organizations' is clicked on

2022-09-28 15:04:06 - [TEST_STEP][PASSED] - click(findTestObject("06-Teams/button_GG Automation")): Object: 'Object Repository/06-Teams/button_GG Automation' is clicked on

2022-09-28 15:04:06 - [MESSAGE][PASSED] - Object: 'Object Repository/06-Teams/button_GG Automation' is clicked on

2022-09-28 15:04:06 - [TEST_STEP][PASSED] - delay(4): Delayed 4 second(s)

2022-09-28 15:04:10 - [MESSAGE][PASSED] - Delayed 4 second(s)

2022-09-28 15:04:10 - [TEST_STEP][PASSED] - verifyElementVisible(findTestObject("06-Teams/span_GG Automation")): Object 'Object Repository/06-Teams/span_GG Automation' is visible

2022-09-28 15:04:11 - [MESSAGE][PASSED] - Object 'Object Repository/06-Teams/span_GG Automation' is visible

2022-09-28 15:04:11 - [TEST_STEP][PASSED] - delay(10): Delayed 10 second(s)

2022-09-28 15:04:21 - [MESSAGE][PASSED] - Delayed 10 second(s)

2022-09-28 15:04:21 - [TEST_STEP][PASSED] - click(findTestObject("03-Header Menu/Hamburger Button/div_Settings")): Object: 'Object Repository/03-Header Menu/Hamburger Button/div_Settings' is clicked on

2022-09-28 15:04:22 - [MESSAGE][PASSED] - Object: 'Object Repository/03-Header Menu/Hamburger Button/div_Settings' is clicked on

2022-09-28 15:04:22 - [TEST_STEP][PASSED] - delay(3): Delayed 3 second(s)

2022-09-28 15:04:25 - [MESSAGE][PASSED] - Delayed 3 second(s)

2022-09-28 15:04:25 - [TEST_STEP][PASSED] - click(findTestObject("09-Settings/Users/div_Users")): Object: 'Object Repository/09-Settings/Users/div_Users' is clicked on

2022-09-28 15:04:25 - [MESSAGE][PASSED] - Object: 'Object Repository/09-Settings/Users/div_Users' is clicked on

2022-09-28 15:04:25 - [TEST_STEP][PASSED] - delay(3): Delayed 3 second(s)

2022-09-28 15:04:28 - [MESSAGE][PASSED] - Delayed 3 second(s)

2022-09-28 15:04:28 - [TEST_STEP][PASSED] - click(findTestObject("09-Settings/Users/button_add")): Object: 'Object Repository/09-Settings/Users/button_add' is clicked on

2022-09-28 15:04:29 - [MESSAGE][PASSED] - Object: 'Object Repository/09-Settings/Users/button_add' is clicked on

2022-09-28 15:04:29 - [TEST_STEP][PASSED] - delay(3): Delayed 3 second(s)

2022-09-28 15:04:32 - [MESSAGE][PASSED] - Delayed 3 second(s)

2022-09-28 15:04:32 - [TEST_STEP][PASSED] - click(findTestObject("09-Settings/Users/add Invite a single user")): Object: 'Object Repository/09-Settings/Users/add Invite a single user' is clicked on

2022-09-28 15:04:32 - [MESSAGE][PASSED] - Object: 'Object Repository/09-Settings/Users/add Invite a single user' is clicked on

2022-09-28 15:04:32 - [TEST_STEP][PASSED] - delay(3): Delayed 3 second(s)

2022-09-28 15:04:35 - [MESSAGE][PASSED] - Delayed 3 second(s)

2022-09-28 15:04:35 - [TEST_STEP][PASSED] - setText(findTestObject("09-Settings/Users/input_email"), "autotester04@mailinator.com"): Text 'autotester04@mailinator.com' is set on object 'Object Repository/09-Settings/Users/input_email'

2022-09-28 15:04:36 - [MESSAGE][PASSED] - Text 'autotester04@mailinator.com' is set on object 'Object Repository/09-Settings/Users/input_email'

2022-09-28 15:04:36 - [TEST_STEP][PASSED] - setText(findTestObject("09-Settings/Users/input_firstName"), "GG"): Text 'GG' is set on object 'Object Repository/09-Settings/Users/input_firstName'

2022-09-28 15:04:37 - [MESSAGE][PASSED] - Text 'GG' is set on object 'Object Repository/09-Settings/Users/input_firstName'

2022-09-28 15:04:37 - [TEST_STEP][PASSED] - setText(findTestObject("09-Settings/Users/input_lastName"), "Auto Contact 2"): Text 'Auto Contact 2' is set on object 'Object Repository/09-Settings/Users/input_lastName'

2022-09-28 15:04:37 - [MESSAGE][PASSED] - Text 'Auto Contact 2' is set on object 'Object Repository/09-Settings/Users/input_lastName'

2022-09-28 15:04:37 - [TEST_STEP][PASSED] - click(findTestObject("09-Settings/Users/span_Role")): Object: 'Object Repository/09-Settings/Users/span_Role' is clicked on

2022-09-28 15:04:38 - [MESSAGE][PASSED] - Object: 'Object Repository/09-Settings/Users/span_Role' is clicked on

2022-09-28 15:04:38 - [TEST_STEP][PASSED] - click(findTestObject("09-Settings/Users/span_CoWorker")): Object: 'Object Repository/09-Settings/Users/span_CoWorker' is clicked on

2022-09-28 15:04:38 - [MESSAGE][PASSED] - Object: 'Object Repository/09-Settings/Users/span_CoWorker' is clicked on

2022-09-28 15:04:38 - [TEST_STEP][PASSED] - click(findTestObject("09-Settings/Users/button_Send Invitation")): Object: 'Object Repository/09-Settings/Users/button_Send Invitation' is clicked on

2022-09-28 15:04:39 - [MESSAGE][PASSED] - Object: 'Object Repository/09-Settings/Users/button_Send Invitation' is clicked on

2022-09-28 15:04:39 - [TEST_STEP][PASSED] - delay(2): Delayed 2 second(s)

2022-09-28 15:04:41 - [MESSAGE][PASSED] - Delayed 2 second(s)

2022-09-28 15:04:41 - [TEST_STEP][PASSED] - verifyElementVisible(findTestObject("07-Directory/Connections/zContact Profile/Successfully invited user")): Object 'Object Repository/07-Directory/Connections/zContact Profile/Successfully invited user' is visible

2022-09-28 15:04:42 - [MESSAGE][PASSED] - Object 'Object Repository/07-Directory/Connections/zContact Profile/Successfully invited user' is visible

2022-09-28 15:04:42 - [TEST_STEP][PASSED] - delay(2): Delayed 2 second(s)

2022-09-28 15:04:44 - [MESSAGE][PASSED] - Delayed 2 second(s)

2022-09-28 15:04:44 - [TEST_STEP][PASSED] - executeJavaScript("window.open();", []): Execute JavaScript 'window.open();' successfully

2022-09-28 15:04:44 - [MESSAGE][PASSED] - Execute JavaScript 'window.open();' successfully

2022-09-28 15:04:44 - [TEST_STEP][PASSED] - currentWindow = getWindowIndex(): Current window's index is: 0

2022-09-28 15:04:44 - [MESSAGE][PASSED] - Current window's index is: 0

2022-09-28 15:04:44 - [TEST_STEP][PASSED] - delay(3): Delayed 3 second(s)

2022-09-28 15:04:48 - [MESSAGE][PASSED] - Delayed 3 second(s)

2022-09-28 15:04:48 - [TEST_STEP][PASSED] - switchToWindowIndex(currentWindow + 1): Switched to window with index: '1'

2022-09-28 15:04:48 - [MESSAGE][PASSED] - Switched to window with index: '1'

2022-09-28 15:04:48 - [TEST_STEP][PASSED] - navigateToUrl("https://www.mailinator.com/"): Navigate to 'https://www.mailinator.com/' successfully

2022-09-28 15:04:49 - [MESSAGE][PASSED] - Navigate to 'https://www.mailinator.com/' successfully

2022-09-28 15:04:49 - [TEST_STEP][PASSED] - delay(3): Delayed 3 second(s)

2022-09-28 15:04:52 - [MESSAGE][PASSED] - Delayed 3 second(s)

2022-09-28 15:04:52 - [TEST_STEP][PASSED] - setText(findTestObject("00-Signup and Activation/zMailinator/input_LOGIN_search"), "autotester04@mailinator.com"): Text 'autotester04@mailinator.com' is set on object 'Object Repository/00-Signup and Activation/zMailinator/input_LOGIN_search'

2022-09-28 15:04:52 - [MESSAGE][PASSED] - Text 'autotester04@mailinator.com' is set on object 'Object Repository/00-Signup and Activation/zMailinator/input_LOGIN_search'

2022-09-28 15:04:52 - [TEST_STEP][PASSED] - click(findTestObject("00-Signup and Activation/zMailinator/gobutton"), STOP_ON_FAILURE): Object: 'Object Repository/00-Signup and Activation/zMailinator/gobutton' is clicked on

2022-09-28 15:04:53 - [MESSAGE][PASSED] - Object: 'Object Repository/00-Signup and Activation/zMailinator/gobutton' is clicked on

2022-09-28 15:04:53 - [TEST_STEP][PASSED] - delay(3): Delayed 3 second(s)

2022-09-28 15:04:56 - [MESSAGE][PASSED] - Delayed 3 second(s)

2022-09-28 15:04:56 - [TEST_STEP][PASSED] - closeWindowTitle("Everleagues"): Window with title: 'Everleagues' is closed

2022-09-28 15:04:56 - [MESSAGE][PASSED] - Window with title: 'Everleagues' is closed

2022-09-28 15:04:56 - [TEST_STEP][PASSED] - switchToWindowIndex(0): Switched to window with index: '0'

2022-09-28 15:04:56 - [MESSAGE][PASSED] - Switched to window with index: '0'

2022-09-28 15:04:56 - [TEST_STEP][PASSED] - click(findTestObject("09-Settings/Users/Co worker/td_Invitation from GG Automation")): Object: 'Object Repository/09-Settings/Users/Co worker/td_Invitation from GG Automation' is clicked on

2022-09-28 15:04:57 - [MESSAGE][PASSED] - Object: 'Object Repository/09-Settings/Users/Co worker/td_Invitation from GG Automation' is clicked on

2022-09-28 15:04:57 - [TEST_STEP][PASSED] - click(findTestObject("09-Settings/Users/Co worker/a_Click here to join GG Automation on EverLeagues")): Object: 'Object Repository/09-Settings/Users/Co worker/a_Click here to join GG Automation on EverLeagues' is clicked on

2022-09-28 15:04:58 - [MESSAGE][PASSED] - Object: 'Object Repository/09-Settings/Users/Co worker/a_Click here to join GG Automation on EverLeagues' is clicked on

2022-09-28 15:04:58 - [TEST_STEP][PASSED] - closeWindowTitle("Mailinator"): Window with title: 'Mailinator' is closed

2022-09-28 15:04:58 - [MESSAGE][PASSED] - Window with title: 'Mailinator' is closed

2022-09-28 15:04:58 - [TEST_STEP][PASSED] - switchToWindowIndex(0): Switched to window with index: '0'

2022-09-28 15:04:58 - [MESSAGE][PASSED] - Switched to window with index: '0'

2022-09-28 15:04:58 - [TEST_STEP][PASSED] - verifyElementVisible(findTestObject("09-Settings/Users/Co worker/Logout before proceed modal")): Object 'Object Repository/09-Settings/Users/Co worker/Logout before proceed modal' is visible

2022-09-28 15:05:04 - [MESSAGE][PASSED] - Object 'Object Repository/09-Settings/Users/Co worker/Logout before proceed modal' is visible

2022-09-28 15:05:04 - [TEST_STEP][PASSED] - click(findTestObject("09-Settings/Users/Co worker/button_Yes")): Object: 'Object Repository/09-Settings/Users/Co worker/button_Yes' is clicked on

2022-09-28 15:05:04 - [MESSAGE][PASSED] - Object: 'Object Repository/09-Settings/Users/Co worker/button_Yes' is clicked on

2022-09-28 15:05:04 - [TEST_STEP][PASSED] - delay(3): Delayed 3 second(s)

2022-09-28 15:05:07 - [MESSAGE][PASSED] - Delayed 3 second(s)

2022-09-28 15:05:07 - [TEST_STEP][PASSED] - setText(findTestObject("09-Settings/Users/Co worker/input_Email_email"), "autotester04@mailinator.com"): Text 'autotester04@mailinator.com' is set on object 'Object Repository/09-Settings/Users/Co worker/input_Email_email'

2022-09-28 15:06:07 - [MESSAGE][PASSED] - Text 'autotester04@mailinator.com' is set on object 'Object Repository/09-Settings/Users/Co worker/input_Email_email'

2022-09-28 15:06:07 - [TEST_STEP][PASSED] - setEncryptedText(findTestObject("09-Settings/Users/Co worker/input__password"), "8yFRyszE6U6jvsCn51OQbg=="): Text ****** has been set on object 'Object Repository/09-Settings/Users/Co worker/input__password'

2022-09-28 15:06:38 - [MESSAGE][PASSED] - Text ****** has been set on object 'Object Repository/09-Settings/Users/Co worker/input__password'

2022-09-28 15:06:38 - [TEST_STEP][PASSED] - click(findTestObject("02-Side Icons(Organization)/Add Contact/button_Sign in")): Object: 'Object Repository/02-Side Icons(Organization)/Add Contact/button_Sign in' is clicked on

2022-09-28 15:07:08 - [MESSAGE][PASSED] - Object: 'Object Repository/02-Side Icons(Organization)/Add Contact/button_Sign in' is clicked on

2022-09-28 15:07:08 - [TEST_STEP][PASSED] - delay(2): Delayed 2 second(s)

2022-09-28 15:07:10 - [MESSAGE][PASSED] - Delayed 2 second(s)

2022-09-28 15:07:10 - [TEST_STEP][PASSED] - click(findTestObject("06-Teams/For 2FA/button_Confirm_2FA")): Object: 'Object Repository/06-Teams/For 2FA/button_Confirm_2FA' is clicked on

2022-09-28 15:07:40 - [MESSAGE][PASSED] - Object: 'Object Repository/06-Teams/For 2FA/button_Confirm_2FA' is clicked on

2022-09-28 15:07:40 - [TEST_STEP][PASSED] - executeJavaScript("window.open();", []): Execute JavaScript 'window.open();' successfully

2022-09-28 15:07:40 - [MESSAGE][PASSED] - Execute JavaScript 'window.open();' successfully

2022-09-28 15:07:40 - [TEST_STEP][PASSED] - currentWindow = getWindowIndex(): Current window's index is: 0

2022-09-28 15:07:40 - [MESSAGE][PASSED] - Current window's index is: 0

2022-09-28 15:07:40 - [TEST_STEP][PASSED] - delay(3): Delayed 3 second(s)

2022-09-28 15:07:43 - [MESSAGE][PASSED] - Delayed 3 second(s)

2022-09-28 15:07:43 - [TEST_STEP][PASSED] - switchToWindowIndex(currentWindow + 1): Switched to window with index: '1'

2022-09-28 15:07:43 - [MESSAGE][PASSED] - Switched to window with index: '1'

2022-09-28 15:07:43 - [TEST_STEP][PASSED] - navigateToUrl("https://www.mailinator.com/"): Navigate to 'https://www.mailinator.com/' successfully

2022-09-28 15:07:45 - [MESSAGE][PASSED] - Navigate to 'https://www.mailinator.com/' successfully

2022-09-28 15:07:45 - [TEST_STEP][PASSED] - delay(3): Delayed 3 second(s)

2022-09-28 15:07:48 - [MESSAGE][PASSED] - Delayed 3 second(s)

2022-09-28 15:07:48 - [TEST_STEP][PASSED] - setText(findTestObject("00-Signup and Activation/zMailinator/input_LOGIN_search"), "autotester04@mailinator.com"): Text 'autotester04@mailinator.com' is set on object 'Object Repository/00-Signup and Activation/zMailinator/input_LOGIN_search'

2022-09-28 15:07:48 - [MESSAGE][PASSED] - Text 'autotester04@mailinator.com' is set on object 'Object Repository/00-Signup and Activation/zMailinator/input_LOGIN_search'

2022-09-28 15:07:48 - [TEST_STEP][PASSED] - click(findTestObject("00-Signup and Activation/zMailinator/gobutton"), STOP_ON_FAILURE): Object: 'Object Repository/00-Signup and Activation/zMailinator/gobutton' is clicked on

2022-09-28 15:07:49 - [MESSAGE][PASSED] - Object: 'Object Repository/00-Signup and Activation/zMailinator/gobutton' is clicked on

2022-09-28 15:07:49 - [TEST_STEP][PASSED] - delay(3): Delayed 3 second(s)

2022-09-28 15:07:52 - [MESSAGE][PASSED] - Delayed 3 second(s)

2022-09-28 15:07:52 - [TEST_STEP][PASSED] - click(findTestObject("00-Signup and Activation/zMailinator/Email - everleagues")): Object: 'Object Repository/00-Signup and Activation/zMailinator/Email - everleagues' is clicked on

2022-09-28 15:07:53 - [MESSAGE][PASSED] - Object: 'Object Repository/00-Signup and Activation/zMailinator/Email - everleagues' is clicked on

2022-09-28 15:07:53 - [TEST_STEP][PASSED] - delay(3): Delayed 3 second(s)

2022-09-28 15:07:56 - [MESSAGE][PASSED] - Delayed 3 second(s)

2022-09-28 15:07:56 - [TEST_STEP][PASSED] - codetwo = getText(findTestObject("Object Repository/06-Teams/For 2FA/2FA code")): Text of object 'Object Repository/06-Teams/For 2FA/2FA code' is: '557370'

2022-09-28 15:07:56 - [MESSAGE][PASSED] - Text of object 'Object Repository/06-Teams/For 2FA/2FA code' is: '557370'

2022-09-28 15:07:56 - [TEST_STEP][PASSED] - delay(3): Delayed 3 second(s)

2022-09-28 15:07:59 - [MESSAGE][PASSED] - Delayed 3 second(s)

2022-09-28 15:07:59 - [TEST_STEP][PASSED] - closeWindowTitle("Mailinator"): Window with title: 'Mailinator' is closed

2022-09-28 15:07:59 - [MESSAGE][PASSED] - Window with title: 'Mailinator' is closed

2022-09-28 15:07:59 - [TEST_STEP][PASSED] - delay(3): Delayed 3 second(s)

2022-09-28 15:08:02 - [MESSAGE][PASSED] - Delayed 3 second(s)

2022-09-28 15:08:02 - [TEST_STEP][PASSED] - switchToWindowIndex(0): Switched to window with index: '0'

2022-09-28 15:08:02 - [MESSAGE][PASSED] - Switched to window with index: '0'

2022-09-28 15:08:02 - [TEST_STEP][PASSED] - delay(3): Delayed 3 second(s)

2022-09-28 15:08:05 - [MESSAGE][PASSED] - Delayed 3 second(s)

2022-09-28 15:08:05 - [TEST_STEP][PASSED] - setText(findTestObject("Object Repository/06-Teams/For 2FA/input_Enter verification code_code"), codetwo): Text '557370' is set on object 'Object Repository/06-Teams/For 2FA/input_Enter verification code_code'

2022-09-28 15:09:06 - [MESSAGE][PASSED] - Text '557370' is set on object 'Object Repository/06-Teams/For 2FA/input_Enter verification code_code'

2022-09-28 15:09:06 - [TEST_STEP][PASSED] - delay(3): Delayed 3 second(s)

2022-09-28 15:09:09 - [MESSAGE][PASSED] - Delayed 3 second(s)

2022-09-28 15:09:09 - [TEST_STEP][PASSED] - click(findTestObject("06-Teams/For 2FA/button_Verify_2FA")): Object: 'Object Repository/06-Teams/For 2FA/button_Verify_2FA' is clicked on

2022-09-28 15:09:39 - [MESSAGE][PASSED] - Object: 'Object Repository/06-Teams/For 2FA/button_Verify_2FA' is clicked on

2022-09-28 15:09:39 - [TEST_STEP][PASSED] - delay(5): Delayed 5 second(s)

2022-09-28 15:09:44 - [MESSAGE][PASSED] - Delayed 5 second(s)

2022-09-28 15:09:44 - [TEST_STEP][PASSED] - executeJavaScript("window.open();", []): Execute JavaScript 'window.open();' successfully

2022-09-28 15:09:44 - [MESSAGE][PASSED] - Execute JavaScript 'window.open();' successfully

2022-09-28 15:09:44 - [TEST_STEP][PASSED] - currentWindow = getWindowIndex(): Current window's index is: 0

2022-09-28 15:09:44 - [MESSAGE][PASSED] - Current window's index is: 0

2022-09-28 15:09:44 - [TEST_STEP][PASSED] - delay(3): Delayed 3 second(s)

2022-09-28 15:09:47 - [MESSAGE][PASSED] - Delayed 3 second(s)

2022-09-28 15:09:47 - [TEST_STEP][PASSED] - switchToWindowIndex(currentWindow + 1): Switched to window with index: '1'

2022-09-28 15:09:47 - [MESSAGE][PASSED] - Switched to window with index: '1'

2022-09-28 15:09:47 - [TEST_STEP][PASSED] - navigateToUrl("https://www.mailinator.com/"): Navigate to 'https://www.mailinator.com/' successfully

2022-09-28 15:09:48 - [MESSAGE][PASSED] - Navigate to 'https://www.mailinator.com/' successfully

2022-09-28 15:09:48 - [TEST_STEP][PASSED] - delay(3): Delayed 3 second(s)

2022-09-28 15:09:51 - [MESSAGE][PASSED] - Delayed 3 second(s)

2022-09-28 15:09:51 - [TEST_STEP][PASSED] - setText(findTestObject("00-Signup and Activation/zMailinator/input_LOGIN_search"), "autotester04@mailinator.com"): Text 'autotester04@mailinator.com' is set on object 'Object Repository/00-Signup and Activation/zMailinator/input_LOGIN_search'

2022-09-28 15:09:52 - [MESSAGE][PASSED] - Text 'autotester04@mailinator.com' is set on object 'Object Repository/00-Signup and Activation/zMailinator/input_LOGIN_search'

2022-09-28 15:09:52 - [TEST_STEP][PASSED] - click(findTestObject("00-Signup and Activation/zMailinator/gobutton"), STOP_ON_FAILURE): Object: 'Object Repository/00-Signup and Activation/zMailinator/gobutton' is clicked on

2022-09-28 15:09:52 - [MESSAGE][PASSED] - Object: 'Object Repository/00-Signup and Activation/zMailinator/gobutton' is clicked on

2022-09-28 15:09:52 - [TEST_STEP][PASSED] - delay(3): Delayed 3 second(s)

2022-09-28 15:09:55 - [MESSAGE][PASSED] - Delayed 3 second(s)

2022-09-28 15:09:55 - [TEST_STEP][PASSED] - closeWindowTitle("Everleagues"): Window with title: 'Everleagues' is closed

2022-09-28 15:09:56 - [MESSAGE][PASSED] - Window with title: 'Everleagues' is closed

2022-09-28 15:09:56 - [TEST_STEP][PASSED] - switchToWindowIndex(0): Switched to window with index: '0'

2022-09-28 15:09:56 - [MESSAGE][PASSED] - Switched to window with index: '0'

2022-09-28 15:09:56 - [TEST_STEP][PASSED] - click(findTestObject("09-Settings/Users/Co worker/td_Invitation from GG Automation")): Object: 'Object Repository/09-Settings/Users/Co worker/td_Invitation from GG Automation' is clicked on

2022-09-28 15:09:56 - [MESSAGE][PASSED] - Object: 'Object Repository/09-Settings/Users/Co worker/td_Invitation from GG Automation' is clicked on

2022-09-28 15:09:56 - [TEST_STEP][PASSED] - click(findTestObject("09-Settings/Users/Co worker/a_Click here to join GG Automation on EverLeagues")): Object: 'Object Repository/09-Settings/Users/Co worker/a_Click here to join GG Automation on EverLeagues' is clicked on

2022-09-28 15:09:57 - [MESSAGE][PASSED] - Object: 'Object Repository/09-Settings/Users/Co worker/a_Click here to join GG Automation on EverLeagues' is clicked on

2022-09-28 15:09:57 - [TEST_STEP][PASSED] - delay(3): Delayed 3 second(s)

2022-09-28 15:10:00 - [MESSAGE][PASSED] - Delayed 3 second(s)

2022-09-28 15:10:00 - [TEST_STEP][PASSED] - closeWindowTitle("Mailinator"): Window with title: 'Mailinator' is closed

2022-09-28 15:10:00 - [MESSAGE][PASSED] - Window with title: 'Mailinator' is closed

2022-09-28 15:10:00 - [TEST_STEP][PASSED] - switchToWindowIndex(0): Switched to window with index: '0'

2022-09-28 15:10:00 - [MESSAGE][PASSED] - Switched to window with index: '0'

2022-09-28 15:10:00 - [TEST_STEP][PASSED] - verifyElementVisible(findTestObject("09-Settings/Users/Co worker/Invite modal")): Object 'Object Repository/09-Settings/Users/Co worker/Invite modal' is visible

2022-09-28 15:10:03 - [MESSAGE][PASSED] - Object 'Object Repository/09-Settings/Users/Co worker/Invite modal' is visible

2022-09-28 15:10:03 - [TEST_STEP][PASSED] - click(findTestObject("09-Settings/Users/Co worker/button_Accept")): Object: 'Object Repository/09-Settings/Users/Co worker/button_Accept' is clicked on

2022-09-28 15:10:03 - [MESSAGE][PASSED] - Object: 'Object Repository/09-Settings/Users/Co worker/button_Accept' is clicked on

2022-09-28 15:10:03 - [TEST_STEP][PASSED] - delay(10): Delayed 10 second(s)

2022-09-28 15:10:13 - [MESSAGE][PASSED] - Delayed 10 second(s)

2022-09-28 15:10:13 - [TEST_STEP][PASSED] - verifyElementVisible(findTestObject("09-Settings/Users/Co worker/div_Joined as CoWorker")): Object 'Object Repository/09-Settings/Users/Co worker/div_Joined as CoWorker' is visible

2022-09-28 15:10:13 - [MESSAGE][PASSED] - Object 'Object Repository/09-Settings/Users/Co worker/div_Joined as CoWorker' is visible

2022-09-28 15:10:13 - [TEST_STEP][PASSED] - closeBrowser(): Browser is closed

2022-09-28 15:10:14 - [MESSAGE][PASSED] - Browser is closed]]></system-out>
         <system-err><![CDATA[]]></system-err>
      </testcase>
      <testcase name="Test Cases/09-Settings/03 - Users (Invite new user as client)" time="208.68" classname="Test Cases/09-Settings/03 - Users (Invite new user as client)" status="PASSED">
         <system-out><![CDATA[2022-09-28 15:10:14 - [TEST_CASE][PASSED] - Test Cases/09-Settings/03 - Users (Invite new user as client): Test Cases/09-Settings/03 - Users (Invite new user as client)

2022-09-28 15:10:14 - [TEST_STEP][PASSED] - openBrowser(""): Browser is opened with url: ''

2022-09-28 15:10:14 - [MESSAGE][INFO] - Starting 'Chrome' driver

2022-09-28 15:10:14 - [MESSAGE][INFO] - Action delay is set to 0 milliseconds

2022-09-28 15:10:15 - [MESSAGE][PASSED] - Browser is opened with url: ''

2022-09-28 15:10:15 - [TEST_STEP][PASSED] - navigateToUrl("https://lab.everleagues.com/"): Navigate to 'https://lab.everleagues.com/' successfully

2022-09-28 15:10:30 - [MESSAGE][PASSED] - Navigate to 'https://lab.everleagues.com/' successfully

2022-09-28 15:10:30 - [TEST_STEP][PASSED] - maximizeWindow(): Current window maximized

2022-09-28 15:10:30 - [MESSAGE][PASSED] - Current window maximized

2022-09-28 15:10:30 - [TEST_STEP][PASSED] - setText(findTestObject("02-Side Icons(Organization)/Add Contact/Email Field"), "testuser02@mailinator.com"): Text 'testuser02@mailinator.com' is set on object 'Object Repository/02-Side Icons(Organization)/Add Contact/Email Field'

2022-09-28 15:10:30 - [MESSAGE][PASSED] - Text 'testuser02@mailinator.com' is set on object 'Object Repository/02-Side Icons(Organization)/Add Contact/Email Field'

2022-09-28 15:10:30 - [TEST_STEP][PASSED] - setEncryptedText(findTestObject("02-Side Icons(Organization)/Add Contact/Password Field"), "8yFRyszE6U6jvsCn51OQbg=="): Text ****** has been set on object 'Object Repository/02-Side Icons(Organization)/Add Contact/Password Field'

2022-09-28 15:10:31 - [MESSAGE][PASSED] - Text ****** has been set on object 'Object Repository/02-Side Icons(Organization)/Add Contact/Password Field'

2022-09-28 15:10:31 - [TEST_STEP][PASSED] - click(findTestObject("02-Side Icons(Organization)/Add Contact/button_Sign in")): Object: 'Object Repository/02-Side Icons(Organization)/Add Contact/button_Sign in' is clicked on

2022-09-28 15:10:32 - [MESSAGE][PASSED] - Object: 'Object Repository/02-Side Icons(Organization)/Add Contact/button_Sign in' is clicked on

2022-09-28 15:10:32 - [TEST_STEP][PASSED] - delay(2): Delayed 2 second(s)

2022-09-28 15:10:34 - [MESSAGE][PASSED] - Delayed 2 second(s)

2022-09-28 15:10:34 - [TEST_STEP][PASSED] - click(findTestObject("06-Teams/For 2FA/button_Confirm_2FA")): Object: 'Object Repository/06-Teams/For 2FA/button_Confirm_2FA' is clicked on

2022-09-28 15:10:34 - [MESSAGE][PASSED] - Object: 'Object Repository/06-Teams/For 2FA/button_Confirm_2FA' is clicked on

2022-09-28 15:10:34 - [TEST_STEP][PASSED] - executeJavaScript("window.open();", []): Execute JavaScript 'window.open();' successfully

2022-09-28 15:10:34 - [MESSAGE][PASSED] - Execute JavaScript 'window.open();' successfully

2022-09-28 15:10:34 - [TEST_STEP][PASSED] - currentWindow = getWindowIndex(): Current window's index is: 0

2022-09-28 15:10:34 - [MESSAGE][PASSED] - Current window's index is: 0

2022-09-28 15:10:34 - [TEST_STEP][PASSED] - delay(3): Delayed 3 second(s)

2022-09-28 15:10:37 - [MESSAGE][PASSED] - Delayed 3 second(s)

2022-09-28 15:10:37 - [TEST_STEP][PASSED] - switchToWindowIndex(currentWindow + 1): Switched to window with index: '1'

2022-09-28 15:10:37 - [MESSAGE][PASSED] - Switched to window with index: '1'

2022-09-28 15:10:37 - [TEST_STEP][PASSED] - navigateToUrl("https://www.mailinator.com/"): Navigate to 'https://www.mailinator.com/' successfully

2022-09-28 15:10:39 - [MESSAGE][PASSED] - Navigate to 'https://www.mailinator.com/' successfully

2022-09-28 15:10:39 - [TEST_STEP][PASSED] - delay(3): Delayed 3 second(s)

2022-09-28 15:10:42 - [MESSAGE][PASSED] - Delayed 3 second(s)

2022-09-28 15:10:42 - [TEST_STEP][PASSED] - setText(findTestObject("00-Signup and Activation/zMailinator/input_LOGIN_search"), "testuser02@mailinator.com"): Text 'testuser02@mailinator.com' is set on object 'Object Repository/00-Signup and Activation/zMailinator/input_LOGIN_search'

2022-09-28 15:10:43 - [MESSAGE][PASSED] - Text 'testuser02@mailinator.com' is set on object 'Object Repository/00-Signup and Activation/zMailinator/input_LOGIN_search'

2022-09-28 15:10:43 - [TEST_STEP][PASSED] - click(findTestObject("00-Signup and Activation/zMailinator/gobutton"), STOP_ON_FAILURE): Object: 'Object Repository/00-Signup and Activation/zMailinator/gobutton' is clicked on

2022-09-28 15:10:44 - [MESSAGE][PASSED] - Object: 'Object Repository/00-Signup and Activation/zMailinator/gobutton' is clicked on

2022-09-28 15:10:44 - [TEST_STEP][PASSED] - delay(3): Delayed 3 second(s)

2022-09-28 15:10:47 - [MESSAGE][PASSED] - Delayed 3 second(s)

2022-09-28 15:10:47 - [TEST_STEP][PASSED] - click(findTestObject("00-Signup and Activation/zMailinator/Email - everleagues")): Object: 'Object Repository/00-Signup and Activation/zMailinator/Email - everleagues' is clicked on

2022-09-28 15:10:47 - [MESSAGE][PASSED] - Object: 'Object Repository/00-Signup and Activation/zMailinator/Email - everleagues' is clicked on

2022-09-28 15:10:47 - [TEST_STEP][PASSED] - delay(3): Delayed 3 second(s)

2022-09-28 15:10:50 - [MESSAGE][PASSED] - Delayed 3 second(s)

2022-09-28 15:10:50 - [TEST_STEP][PASSED] - code = getText(findTestObject("Object Repository/06-Teams/For 2FA/2FA code")): Text of object 'Object Repository/06-Teams/For 2FA/2FA code' is: '198795'

2022-09-28 15:10:51 - [MESSAGE][PASSED] - Text of object 'Object Repository/06-Teams/For 2FA/2FA code' is: '198795'

2022-09-28 15:10:51 - [TEST_STEP][PASSED] - delay(3): Delayed 3 second(s)

2022-09-28 15:10:54 - [MESSAGE][PASSED] - Delayed 3 second(s)

2022-09-28 15:10:54 - [TEST_STEP][PASSED] - closeWindowTitle("Mailinator"): Window with title: 'Mailinator' is closed

2022-09-28 15:10:54 - [MESSAGE][PASSED] - Window with title: 'Mailinator' is closed

2022-09-28 15:10:54 - [TEST_STEP][PASSED] - delay(3): Delayed 3 second(s)

2022-09-28 15:10:57 - [MESSAGE][PASSED] - Delayed 3 second(s)

2022-09-28 15:10:57 - [TEST_STEP][PASSED] - switchToWindowIndex(0): Switched to window with index: '0'

2022-09-28 15:10:57 - [MESSAGE][PASSED] - Switched to window with index: '0'

2022-09-28 15:10:57 - [TEST_STEP][PASSED] - delay(3): Delayed 3 second(s)

2022-09-28 15:11:00 - [MESSAGE][PASSED] - Delayed 3 second(s)

2022-09-28 15:11:00 - [TEST_STEP][PASSED] - setText(findTestObject("Object Repository/06-Teams/For 2FA/input_Enter verification code_code"), code): Text '198795' is set on object 'Object Repository/06-Teams/For 2FA/input_Enter verification code_code'

2022-09-28 15:11:01 - [MESSAGE][PASSED] - Text '198795' is set on object 'Object Repository/06-Teams/For 2FA/input_Enter verification code_code'

2022-09-28 15:11:01 - [TEST_STEP][PASSED] - delay(3): Delayed 3 second(s)

2022-09-28 15:11:04 - [MESSAGE][PASSED] - Delayed 3 second(s)

2022-09-28 15:11:04 - [TEST_STEP][PASSED] - click(findTestObject("06-Teams/For 2FA/button_Verify_2FA")): Object: 'Object Repository/06-Teams/For 2FA/button_Verify_2FA' is clicked on

2022-09-28 15:11:04 - [MESSAGE][PASSED] - Object: 'Object Repository/06-Teams/For 2FA/button_Verify_2FA' is clicked on

2022-09-28 15:11:04 - [TEST_STEP][PASSED] - delay(5): Delayed 5 second(s)

2022-09-28 15:11:09 - [MESSAGE][PASSED] - Delayed 5 second(s)

2022-09-28 15:11:09 - [TEST_STEP][PASSED] - click(findTestObject("06-Teams/button_doublearrow")): Object: 'Object Repository/06-Teams/button_doublearrow' is clicked on

2022-09-28 15:11:10 - [MESSAGE][PASSED] - Object: 'Object Repository/06-Teams/button_doublearrow' is clicked on

2022-09-28 15:11:10 - [TEST_STEP][PASSED] - click(findTestObject("06-Teams/button_My Organizations")): Object: 'Object Repository/06-Teams/button_My Organizations' is clicked on

2022-09-28 15:11:10 - [MESSAGE][PASSED] - Object: 'Object Repository/06-Teams/button_My Organizations' is clicked on

2022-09-28 15:11:10 - [TEST_STEP][PASSED] - click(findTestObject("06-Teams/button_GG Automation")): Object: 'Object Repository/06-Teams/button_GG Automation' is clicked on

2022-09-28 15:11:11 - [MESSAGE][PASSED] - Object: 'Object Repository/06-Teams/button_GG Automation' is clicked on

2022-09-28 15:11:11 - [TEST_STEP][PASSED] - delay(4): Delayed 4 second(s)

2022-09-28 15:11:15 - [MESSAGE][PASSED] - Delayed 4 second(s)

2022-09-28 15:11:15 - [TEST_STEP][PASSED] - verifyElementVisible(findTestObject("06-Teams/span_GG Automation")): Object 'Object Repository/06-Teams/span_GG Automation' is visible

2022-09-28 15:11:16 - [MESSAGE][PASSED] - Object 'Object Repository/06-Teams/span_GG Automation' is visible

2022-09-28 15:11:16 - [TEST_STEP][PASSED] - delay(10): Delayed 10 second(s)

2022-09-28 15:11:26 - [MESSAGE][PASSED] - Delayed 10 second(s)

2022-09-28 15:11:26 - [TEST_STEP][PASSED] - click(findTestObject("03-Header Menu/Hamburger Button/div_Settings")): Object: 'Object Repository/03-Header Menu/Hamburger Button/div_Settings' is clicked on

2022-09-28 15:11:26 - [MESSAGE][PASSED] - Object: 'Object Repository/03-Header Menu/Hamburger Button/div_Settings' is clicked on

2022-09-28 15:11:26 - [TEST_STEP][PASSED] - delay(3): Delayed 3 second(s)

2022-09-28 15:11:29 - [MESSAGE][PASSED] - Delayed 3 second(s)

2022-09-28 15:11:29 - [TEST_STEP][PASSED] - click(findTestObject("09-Settings/Users/div_Users")): Object: 'Object Repository/09-Settings/Users/div_Users' is clicked on

2022-09-28 15:11:30 - [MESSAGE][PASSED] - Object: 'Object Repository/09-Settings/Users/div_Users' is clicked on

2022-09-28 15:11:30 - [TEST_STEP][PASSED] - delay(3): Delayed 3 second(s)

2022-09-28 15:11:33 - [MESSAGE][PASSED] - Delayed 3 second(s)

2022-09-28 15:11:33 - [TEST_STEP][PASSED] - click(findTestObject("09-Settings/Users/button_add")): Object: 'Object Repository/09-Settings/Users/button_add' is clicked on

2022-09-28 15:11:33 - [MESSAGE][PASSED] - Object: 'Object Repository/09-Settings/Users/button_add' is clicked on

2022-09-28 15:11:33 - [TEST_STEP][PASSED] - delay(3): Delayed 3 second(s)

2022-09-28 15:11:36 - [MESSAGE][PASSED] - Delayed 3 second(s)

2022-09-28 15:11:36 - [TEST_STEP][PASSED] - click(findTestObject("09-Settings/Users/add Invite a single user")): Object: 'Object Repository/09-Settings/Users/add Invite a single user' is clicked on

2022-09-28 15:11:37 - [MESSAGE][PASSED] - Object: 'Object Repository/09-Settings/Users/add Invite a single user' is clicked on

2022-09-28 15:11:37 - [TEST_STEP][PASSED] - delay(3): Delayed 3 second(s)

2022-09-28 15:11:40 - [MESSAGE][PASSED] - Delayed 3 second(s)

2022-09-28 15:11:40 - [TEST_STEP][PASSED] - setText(findTestObject("09-Settings/Users/input_email"), "autotester09@mailinator.com"): Text 'autotester09@mailinator.com' is set on object 'Object Repository/09-Settings/Users/input_email'

2022-09-28 15:11:41 - [MESSAGE][PASSED] - Text 'autotester09@mailinator.com' is set on object 'Object Repository/09-Settings/Users/input_email'

2022-09-28 15:11:41 - [TEST_STEP][PASSED] - setText(findTestObject("09-Settings/Users/input_firstName"), "GG"): Text 'GG' is set on object 'Object Repository/09-Settings/Users/input_firstName'

2022-09-28 15:11:41 - [MESSAGE][PASSED] - Text 'GG' is set on object 'Object Repository/09-Settings/Users/input_firstName'

2022-09-28 15:11:41 - [TEST_STEP][PASSED] - setText(findTestObject("09-Settings/Users/input_lastName"), "Client"): Text 'Client' is set on object 'Object Repository/09-Settings/Users/input_lastName'

2022-09-28 15:11:42 - [MESSAGE][PASSED] - Text 'Client' is set on object 'Object Repository/09-Settings/Users/input_lastName'

2022-09-28 15:11:42 - [TEST_STEP][PASSED] - click(findTestObject("09-Settings/Users/span_Role")): Object: 'Object Repository/09-Settings/Users/span_Role' is clicked on

2022-09-28 15:11:43 - [MESSAGE][PASSED] - Object: 'Object Repository/09-Settings/Users/span_Role' is clicked on

2022-09-28 15:11:43 - [TEST_STEP][PASSED] - click(findTestObject("09-Settings/Users/span_Client")): Object: 'Object Repository/09-Settings/Users/span_Client' is clicked on

2022-09-28 15:11:43 - [MESSAGE][PASSED] - Object: 'Object Repository/09-Settings/Users/span_Client' is clicked on

2022-09-28 15:11:43 - [TEST_STEP][PASSED] - click(findTestObject("09-Settings/Users/button_Send Invitation")): Object: 'Object Repository/09-Settings/Users/button_Send Invitation' is clicked on

2022-09-28 15:11:44 - [MESSAGE][PASSED] - Object: 'Object Repository/09-Settings/Users/button_Send Invitation' is clicked on

2022-09-28 15:11:44 - [TEST_STEP][PASSED] - delay(2): Delayed 2 second(s)

2022-09-28 15:11:46 - [MESSAGE][PASSED] - Delayed 2 second(s)

2022-09-28 15:11:46 - [TEST_STEP][PASSED] - verifyElementVisible(findTestObject("07-Directory/Connections/zContact Profile/Successfully invited user")): Object 'Object Repository/07-Directory/Connections/zContact Profile/Successfully invited user' is visible

2022-09-28 15:11:47 - [MESSAGE][PASSED] - Object 'Object Repository/07-Directory/Connections/zContact Profile/Successfully invited user' is visible

2022-09-28 15:11:47 - [TEST_STEP][PASSED] - delay(2): Delayed 2 second(s)

2022-09-28 15:11:49 - [MESSAGE][PASSED] - Delayed 2 second(s)

2022-09-28 15:11:49 - [TEST_STEP][PASSED] - click(findTestObject("01-Login and Forgot Password/User menu drop")): Object: 'Object Repository/01-Login and Forgot Password/User menu drop' is clicked on

2022-09-28 15:11:50 - [MESSAGE][PASSED] - Object: 'Object Repository/01-Login and Forgot Password/User menu drop' is clicked on

2022-09-28 15:11:50 - [TEST_STEP][PASSED] - delay(2): Delayed 2 second(s)

2022-09-28 15:11:52 - [MESSAGE][PASSED] - Delayed 2 second(s)

2022-09-28 15:11:52 - [TEST_STEP][PASSED] - click(findTestObject("01-Login and Forgot Password/h4_Sign Out"), STOP_ON_FAILURE): Object: 'Object Repository/01-Login and Forgot Password/h4_Sign Out' is clicked on

2022-09-28 15:11:52 - [MESSAGE][PASSED] - Object: 'Object Repository/01-Login and Forgot Password/h4_Sign Out' is clicked on

2022-09-28 15:11:52 - [TEST_STEP][PASSED] - delay(2): Delayed 2 second(s)

2022-09-28 15:11:54 - [MESSAGE][PASSED] - Delayed 2 second(s)

2022-09-28 15:11:54 - [TEST_STEP][PASSED] - verifyElementPresent(findTestObject("01-Login and Forgot Password/Login_Card"), 0): Object 'Object Repository/01-Login and Forgot Password/Login_Card' is present

2022-09-28 15:11:54 - [MESSAGE][WARNING] - Timeout '0' is invalid. Using default page load timeout: '30'

2022-09-28 15:11:54 - [MESSAGE][PASSED] - Object 'Object Repository/01-Login and Forgot Password/Login_Card' is present

2022-09-28 15:11:54 - [TEST_STEP][PASSED] - delay(3): Delayed 3 second(s)

2022-09-28 15:11:57 - [MESSAGE][PASSED] - Delayed 3 second(s)

2022-09-28 15:11:57 - [TEST_STEP][PASSED] - closeBrowser(): Browser is closed

2022-09-28 15:11:58 - [MESSAGE][PASSED] - Browser is closed

2022-09-28 15:11:58 - [TEST_STEP][PASSED] - openBrowser(""): Browser is opened with url: ''

2022-09-28 15:11:58 - [MESSAGE][INFO] - Starting 'Chrome' driver

2022-09-28 15:11:58 - [MESSAGE][INFO] - Action delay is set to 0 milliseconds

2022-09-28 15:11:59 - [MESSAGE][PASSED] - Browser is opened with url: ''

2022-09-28 15:11:59 - [TEST_STEP][PASSED] - navigateToUrl("https://lab.everleagues.com/"): Navigate to 'https://lab.everleagues.com/' successfully

2022-09-28 15:12:27 - [MESSAGE][PASSED] - Navigate to 'https://lab.everleagues.com/' successfully

2022-09-28 15:12:27 - [TEST_STEP][PASSED] - maximizeWindow(): Current window maximized

2022-09-28 15:12:27 - [MESSAGE][PASSED] - Current window maximized

2022-09-28 15:12:27 - [TEST_STEP][PASSED] - setText(findTestObject("02-Side Icons(Organization)/Add Contact/Email Field"), "autotester09@mailinator.com"): Text 'autotester09@mailinator.com' is set on object 'Object Repository/02-Side Icons(Organization)/Add Contact/Email Field'

2022-09-28 15:12:28 - [MESSAGE][PASSED] - Text 'autotester09@mailinator.com' is set on object 'Object Repository/02-Side Icons(Organization)/Add Contact/Email Field'

2022-09-28 15:12:28 - [TEST_STEP][PASSED] - setEncryptedText(findTestObject("02-Side Icons(Organization)/Add Contact/Password Field"), "8yFRyszE6U6jvsCn51OQbg=="): Text ****** has been set on object 'Object Repository/02-Side Icons(Organization)/Add Contact/Password Field'

2022-09-28 15:12:28 - [MESSAGE][PASSED] - Text ****** has been set on object 'Object Repository/02-Side Icons(Organization)/Add Contact/Password Field'

2022-09-28 15:12:28 - [TEST_STEP][PASSED] - click(findTestObject("02-Side Icons(Organization)/Add Contact/button_Sign in")): Object: 'Object Repository/02-Side Icons(Organization)/Add Contact/button_Sign in' is clicked on

2022-09-28 15:12:29 - [MESSAGE][PASSED] - Object: 'Object Repository/02-Side Icons(Organization)/Add Contact/button_Sign in' is clicked on

2022-09-28 15:12:29 - [TEST_STEP][PASSED] - delay(2): Delayed 2 second(s)

2022-09-28 15:12:31 - [MESSAGE][PASSED] - Delayed 2 second(s)

2022-09-28 15:12:31 - [TEST_STEP][PASSED] - click(findTestObject("06-Teams/For 2FA/button_Confirm_2FA")): Object: 'Object Repository/06-Teams/For 2FA/button_Confirm_2FA' is clicked on

2022-09-28 15:12:32 - [MESSAGE][PASSED] - Object: 'Object Repository/06-Teams/For 2FA/button_Confirm_2FA' is clicked on

2022-09-28 15:12:32 - [TEST_STEP][PASSED] - executeJavaScript("window.open();", []): Execute JavaScript 'window.open();' successfully

2022-09-28 15:12:32 - [MESSAGE][PASSED] - Execute JavaScript 'window.open();' successfully

2022-09-28 15:12:32 - [TEST_STEP][PASSED] - currentWindow = getWindowIndex(): Current window's index is: 0

2022-09-28 15:12:32 - [MESSAGE][PASSED] - Current window's index is: 0

2022-09-28 15:12:32 - [TEST_STEP][PASSED] - delay(3): Delayed 3 second(s)

2022-09-28 15:12:35 - [MESSAGE][PASSED] - Delayed 3 second(s)

2022-09-28 15:12:35 - [TEST_STEP][PASSED] - switchToWindowIndex(currentWindow + 1): Switched to window with index: '1'

2022-09-28 15:12:35 - [MESSAGE][PASSED] - Switched to window with index: '1'

2022-09-28 15:12:35 - [TEST_STEP][PASSED] - navigateToUrl("https://www.mailinator.com/"): Navigate to 'https://www.mailinator.com/' successfully

2022-09-28 15:12:37 - [MESSAGE][PASSED] - Navigate to 'https://www.mailinator.com/' successfully

2022-09-28 15:12:37 - [TEST_STEP][PASSED] - delay(3): Delayed 3 second(s)

2022-09-28 15:12:40 - [MESSAGE][PASSED] - Delayed 3 second(s)

2022-09-28 15:12:40 - [TEST_STEP][PASSED] - setText(findTestObject("00-Signup and Activation/zMailinator/input_LOGIN_search"), "autotester09@mailinator.com"): Text 'autotester09@mailinator.com' is set on object 'Object Repository/00-Signup and Activation/zMailinator/input_LOGIN_search'

2022-09-28 15:12:40 - [MESSAGE][PASSED] - Text 'autotester09@mailinator.com' is set on object 'Object Repository/00-Signup and Activation/zMailinator/input_LOGIN_search'

2022-09-28 15:12:40 - [TEST_STEP][PASSED] - click(findTestObject("00-Signup and Activation/zMailinator/gobutton"), STOP_ON_FAILURE): Object: 'Object Repository/00-Signup and Activation/zMailinator/gobutton' is clicked on

2022-09-28 15:12:43 - [MESSAGE][PASSED] - Object: 'Object Repository/00-Signup and Activation/zMailinator/gobutton' is clicked on

2022-09-28 15:12:43 - [TEST_STEP][PASSED] - delay(3): Delayed 3 second(s)

2022-09-28 15:12:46 - [MESSAGE][PASSED] - Delayed 3 second(s)

2022-09-28 15:12:46 - [TEST_STEP][PASSED] - click(findTestObject("00-Signup and Activation/zMailinator/Email - everleagues")): Object: 'Object Repository/00-Signup and Activation/zMailinator/Email - everleagues' is clicked on

2022-09-28 15:12:46 - [MESSAGE][PASSED] - Object: 'Object Repository/00-Signup and Activation/zMailinator/Email - everleagues' is clicked on

2022-09-28 15:12:46 - [TEST_STEP][PASSED] - delay(3): Delayed 3 second(s)

2022-09-28 15:12:49 - [MESSAGE][PASSED] - Delayed 3 second(s)

2022-09-28 15:12:49 - [TEST_STEP][PASSED] - codetwo = getText(findTestObject("Object Repository/06-Teams/For 2FA/2FA code")): Text of object 'Object Repository/06-Teams/For 2FA/2FA code' is: '941751'

2022-09-28 15:12:49 - [MESSAGE][PASSED] - Text of object 'Object Repository/06-Teams/For 2FA/2FA code' is: '941751'

2022-09-28 15:12:49 - [TEST_STEP][PASSED] - delay(3): Delayed 3 second(s)

2022-09-28 15:12:52 - [MESSAGE][PASSED] - Delayed 3 second(s)

2022-09-28 15:12:52 - [TEST_STEP][PASSED] - closeWindowTitle("Mailinator"): Window with title: 'Mailinator' is closed

2022-09-28 15:12:53 - [MESSAGE][PASSED] - Window with title: 'Mailinator' is closed

2022-09-28 15:12:53 - [TEST_STEP][PASSED] - delay(3): Delayed 3 second(s)

2022-09-28 15:12:56 - [MESSAGE][PASSED] - Delayed 3 second(s)

2022-09-28 15:12:56 - [TEST_STEP][PASSED] - switchToWindowIndex(0): Switched to window with index: '0'

2022-09-28 15:12:56 - [MESSAGE][PASSED] - Switched to window with index: '0'

2022-09-28 15:12:56 - [TEST_STEP][PASSED] - delay(3): Delayed 3 second(s)

2022-09-28 15:12:59 - [MESSAGE][PASSED] - Delayed 3 second(s)

2022-09-28 15:12:59 - [TEST_STEP][PASSED] - setText(findTestObject("Object Repository/06-Teams/For 2FA/input_Enter verification code_code"), codetwo): Text '941751' is set on object 'Object Repository/06-Teams/For 2FA/input_Enter verification code_code'

2022-09-28 15:12:59 - [MESSAGE][PASSED] - Text '941751' is set on object 'Object Repository/06-Teams/For 2FA/input_Enter verification code_code'

2022-09-28 15:12:59 - [TEST_STEP][PASSED] - delay(3): Delayed 3 second(s)

2022-09-28 15:13:02 - [MESSAGE][PASSED] - Delayed 3 second(s)

2022-09-28 15:13:02 - [TEST_STEP][PASSED] - click(findTestObject("06-Teams/For 2FA/button_Verify_2FA")): Object: 'Object Repository/06-Teams/For 2FA/button_Verify_2FA' is clicked on

2022-09-28 15:13:03 - [MESSAGE][PASSED] - Object: 'Object Repository/06-Teams/For 2FA/button_Verify_2FA' is clicked on

2022-09-28 15:13:03 - [TEST_STEP][PASSED] - delay(5): Delayed 5 second(s)

2022-09-28 15:13:08 - [MESSAGE][PASSED] - Delayed 5 second(s)

2022-09-28 15:13:08 - [TEST_STEP][PASSED] - executeJavaScript("window.open();", []): Execute JavaScript 'window.open();' successfully

2022-09-28 15:13:08 - [MESSAGE][PASSED] - Execute JavaScript 'window.open();' successfully

2022-09-28 15:13:08 - [TEST_STEP][PASSED] - currentWindow = getWindowIndex(): Current window's index is: 0

2022-09-28 15:13:08 - [MESSAGE][PASSED] - Current window's index is: 0

2022-09-28 15:13:08 - [TEST_STEP][PASSED] - delay(3): Delayed 3 second(s)

2022-09-28 15:13:11 - [MESSAGE][PASSED] - Delayed 3 second(s)

2022-09-28 15:13:11 - [TEST_STEP][PASSED] - switchToWindowIndex(currentWindow + 1): Switched to window with index: '1'

2022-09-28 15:13:11 - [MESSAGE][PASSED] - Switched to window with index: '1'

2022-09-28 15:13:11 - [TEST_STEP][PASSED] - navigateToUrl("https://www.mailinator.com/"): Navigate to 'https://www.mailinator.com/' successfully

2022-09-28 15:13:12 - [MESSAGE][PASSED] - Navigate to 'https://www.mailinator.com/' successfully

2022-09-28 15:13:12 - [TEST_STEP][PASSED] - delay(3): Delayed 3 second(s)

2022-09-28 15:13:15 - [MESSAGE][PASSED] - Delayed 3 second(s)

2022-09-28 15:13:15 - [TEST_STEP][PASSED] - setText(findTestObject("00-Signup and Activation/zMailinator/input_LOGIN_search"), "autotester09@mailinator.com"): Text 'autotester09@mailinator.com' is set on object 'Object Repository/00-Signup and Activation/zMailinator/input_LOGIN_search'

2022-09-28 15:13:16 - [MESSAGE][PASSED] - Text 'autotester09@mailinator.com' is set on object 'Object Repository/00-Signup and Activation/zMailinator/input_LOGIN_search'

2022-09-28 15:13:16 - [TEST_STEP][PASSED] - click(findTestObject("00-Signup and Activation/zMailinator/gobutton"), STOP_ON_FAILURE): Object: 'Object Repository/00-Signup and Activation/zMailinator/gobutton' is clicked on

2022-09-28 15:13:17 - [MESSAGE][PASSED] - Object: 'Object Repository/00-Signup and Activation/zMailinator/gobutton' is clicked on

2022-09-28 15:13:17 - [TEST_STEP][PASSED] - delay(3): Delayed 3 second(s)

2022-09-28 15:13:20 - [MESSAGE][PASSED] - Delayed 3 second(s)

2022-09-28 15:13:20 - [TEST_STEP][PASSED] - closeWindowTitle("Everleagues"): Window with title: 'Everleagues' is closed

2022-09-28 15:13:20 - [MESSAGE][PASSED] - Window with title: 'Everleagues' is closed

2022-09-28 15:13:20 - [TEST_STEP][PASSED] - switchToWindowIndex(0): Switched to window with index: '0'

2022-09-28 15:13:20 - [MESSAGE][PASSED] - Switched to window with index: '0'

2022-09-28 15:13:20 - [TEST_STEP][PASSED] - click(findTestObject("09-Settings/Users/Co worker/td_Invitation from GG Automation")): Object: 'Object Repository/09-Settings/Users/Co worker/td_Invitation from GG Automation' is clicked on

2022-09-28 15:13:20 - [MESSAGE][PASSED] - Object: 'Object Repository/09-Settings/Users/Co worker/td_Invitation from GG Automation' is clicked on

2022-09-28 15:13:20 - [TEST_STEP][PASSED] - click(findTestObject("09-Settings/Users/Co worker/a_Click here to join GG Automation on EverLeagues")): Object: 'Object Repository/09-Settings/Users/Co worker/a_Click here to join GG Automation on EverLeagues' is clicked on

2022-09-28 15:13:21 - [MESSAGE][PASSED] - Object: 'Object Repository/09-Settings/Users/Co worker/a_Click here to join GG Automation on EverLeagues' is clicked on

2022-09-28 15:13:21 - [TEST_STEP][PASSED] - closeWindowTitle("Mailinator"): Window with title: 'Mailinator' is closed

2022-09-28 15:13:21 - [MESSAGE][PASSED] - Window with title: 'Mailinator' is closed

2022-09-28 15:13:21 - [TEST_STEP][PASSED] - switchToWindowIndex(0): Switched to window with index: '0'

2022-09-28 15:13:21 - [MESSAGE][PASSED] - Switched to window with index: '0'

2022-09-28 15:13:21 - [TEST_STEP][PASSED] - verifyElementVisible(findTestObject("09-Settings/Users/Client/Invite modal")): Object 'Object Repository/09-Settings/Users/Client/Invite modal' is visible

2022-09-28 15:13:27 - [MESSAGE][PASSED] - Object 'Object Repository/09-Settings/Users/Client/Invite modal' is visible

2022-09-28 15:13:27 - [TEST_STEP][PASSED] - setText(findTestObject("09-Settings/Users/Client/Company field"), "QA Company"): Text 'QA Company' is set on object 'Object Repository/09-Settings/Users/Client/Company field'

2022-09-28 15:13:28 - [MESSAGE][PASSED] - Text 'QA Company' is set on object 'Object Repository/09-Settings/Users/Client/Company field'

2022-09-28 15:13:28 - [TEST_STEP][PASSED] - click(findTestObject("09-Settings/Users/Client/button_Accept")): Object: 'Object Repository/09-Settings/Users/Client/button_Accept' is clicked on

2022-09-28 15:13:29 - [MESSAGE][PASSED] - Object: 'Object Repository/09-Settings/Users/Client/button_Accept' is clicked on

2022-09-28 15:13:29 - [TEST_STEP][PASSED] - delay(10): Delayed 10 second(s)

2022-09-28 15:13:39 - [MESSAGE][PASSED] - Delayed 10 second(s)

2022-09-28 15:13:39 - [TEST_STEP][PASSED] - verifyElementVisible(findTestObject("09-Settings/Users/Client/div_Joined as CLIENT")): Object 'Object Repository/09-Settings/Users/Client/div_Joined as CLIENT' is visible

2022-09-28 15:13:39 - [MESSAGE][PASSED] - Object 'Object Repository/09-Settings/Users/Client/div_Joined as CLIENT' is visible

2022-09-28 15:13:39 - [TEST_STEP][PASSED] - delay(3): Delayed 3 second(s)

2022-09-28 15:13:42 - [MESSAGE][PASSED] - Delayed 3 second(s)

2022-09-28 15:13:42 - [TEST_STEP][PASSED] - closeBrowser(): Browser is closed

2022-09-28 15:13:43 - [MESSAGE][PASSED] - Browser is closed]]></system-out>
         <system-err><![CDATA[]]></system-err>
      </testcase>
      <testcase name="Test Cases/09-Settings/04 - Users (Invite new user as partner)" time="210.587" classname="Test Cases/09-Settings/04 - Users (Invite new user as partner)" status="PASSED">
         <system-out><![CDATA[2022-09-28 15:13:43 - [TEST_CASE][PASSED] - Test Cases/09-Settings/04 - Users (Invite new user as partner): Test Cases/09-Settings/04 - Users (Invite new user as partner)

2022-09-28 15:13:43 - [TEST_STEP][PASSED] - openBrowser(""): Browser is opened with url: ''

2022-09-28 15:13:43 - [MESSAGE][INFO] - Starting 'Chrome' driver

2022-09-28 15:13:43 - [MESSAGE][INFO] - Action delay is set to 0 milliseconds

2022-09-28 15:13:44 - [MESSAGE][PASSED] - Browser is opened with url: ''

2022-09-28 15:13:44 - [TEST_STEP][PASSED] - navigateToUrl("https://lab.everleagues.com/"): Navigate to 'https://lab.everleagues.com/' successfully

2022-09-28 15:13:56 - [MESSAGE][PASSED] - Navigate to 'https://lab.everleagues.com/' successfully

2022-09-28 15:13:56 - [TEST_STEP][PASSED] - maximizeWindow(): Current window maximized

2022-09-28 15:13:56 - [MESSAGE][PASSED] - Current window maximized

2022-09-28 15:13:56 - [TEST_STEP][PASSED] - setText(findTestObject("02-Side Icons(Organization)/Add Contact/Email Field"), "testuser02@mailinator.com"): Text 'testuser02@mailinator.com' is set on object 'Object Repository/02-Side Icons(Organization)/Add Contact/Email Field'

2022-09-28 15:13:57 - [MESSAGE][PASSED] - Text 'testuser02@mailinator.com' is set on object 'Object Repository/02-Side Icons(Organization)/Add Contact/Email Field'

2022-09-28 15:13:57 - [TEST_STEP][PASSED] - setEncryptedText(findTestObject("02-Side Icons(Organization)/Add Contact/Password Field"), "8yFRyszE6U6jvsCn51OQbg=="): Text ****** has been set on object 'Object Repository/02-Side Icons(Organization)/Add Contact/Password Field'

2022-09-28 15:13:57 - [MESSAGE][PASSED] - Text ****** has been set on object 'Object Repository/02-Side Icons(Organization)/Add Contact/Password Field'

2022-09-28 15:13:57 - [TEST_STEP][PASSED] - click(findTestObject("02-Side Icons(Organization)/Add Contact/button_Sign in")): Object: 'Object Repository/02-Side Icons(Organization)/Add Contact/button_Sign in' is clicked on

2022-09-28 15:13:58 - [MESSAGE][PASSED] - Object: 'Object Repository/02-Side Icons(Organization)/Add Contact/button_Sign in' is clicked on

2022-09-28 15:13:58 - [TEST_STEP][PASSED] - delay(2): Delayed 2 second(s)

2022-09-28 15:14:00 - [MESSAGE][PASSED] - Delayed 2 second(s)

2022-09-28 15:14:00 - [TEST_STEP][PASSED] - click(findTestObject("06-Teams/For 2FA/button_Confirm_2FA")): Object: 'Object Repository/06-Teams/For 2FA/button_Confirm_2FA' is clicked on

2022-09-28 15:14:00 - [MESSAGE][PASSED] - Object: 'Object Repository/06-Teams/For 2FA/button_Confirm_2FA' is clicked on

2022-09-28 15:14:00 - [TEST_STEP][PASSED] - executeJavaScript("window.open();", []): Execute JavaScript 'window.open();' successfully

2022-09-28 15:14:00 - [MESSAGE][PASSED] - Execute JavaScript 'window.open();' successfully

2022-09-28 15:14:00 - [TEST_STEP][PASSED] - currentWindow = getWindowIndex(): Current window's index is: 0

2022-09-28 15:14:00 - [MESSAGE][PASSED] - Current window's index is: 0

2022-09-28 15:14:00 - [TEST_STEP][PASSED] - delay(3): Delayed 3 second(s)

2022-09-28 15:14:03 - [MESSAGE][PASSED] - Delayed 3 second(s)

2022-09-28 15:14:03 - [TEST_STEP][PASSED] - switchToWindowIndex(currentWindow + 1): Switched to window with index: '1'

2022-09-28 15:14:03 - [MESSAGE][PASSED] - Switched to window with index: '1'

2022-09-28 15:14:03 - [TEST_STEP][PASSED] - navigateToUrl("https://www.mailinator.com/"): Navigate to 'https://www.mailinator.com/' successfully

2022-09-28 15:14:05 - [MESSAGE][PASSED] - Navigate to 'https://www.mailinator.com/' successfully

2022-09-28 15:14:05 - [TEST_STEP][PASSED] - delay(3): Delayed 3 second(s)

2022-09-28 15:14:08 - [MESSAGE][PASSED] - Delayed 3 second(s)

2022-09-28 15:14:08 - [TEST_STEP][PASSED] - setText(findTestObject("00-Signup and Activation/zMailinator/input_LOGIN_search"), "testuser02@mailinator.com"): Text 'testuser02@mailinator.com' is set on object 'Object Repository/00-Signup and Activation/zMailinator/input_LOGIN_search'

2022-09-28 15:14:09 - [MESSAGE][PASSED] - Text 'testuser02@mailinator.com' is set on object 'Object Repository/00-Signup and Activation/zMailinator/input_LOGIN_search'

2022-09-28 15:14:09 - [TEST_STEP][PASSED] - click(findTestObject("00-Signup and Activation/zMailinator/gobutton"), STOP_ON_FAILURE): Object: 'Object Repository/00-Signup and Activation/zMailinator/gobutton' is clicked on

2022-09-28 15:14:10 - [MESSAGE][PASSED] - Object: 'Object Repository/00-Signup and Activation/zMailinator/gobutton' is clicked on

2022-09-28 15:14:10 - [TEST_STEP][PASSED] - delay(3): Delayed 3 second(s)

2022-09-28 15:14:13 - [MESSAGE][PASSED] - Delayed 3 second(s)

2022-09-28 15:14:13 - [TEST_STEP][PASSED] - click(findTestObject("00-Signup and Activation/zMailinator/Email - everleagues")): Object: 'Object Repository/00-Signup and Activation/zMailinator/Email - everleagues' is clicked on

2022-09-28 15:14:13 - [MESSAGE][PASSED] - Object: 'Object Repository/00-Signup and Activation/zMailinator/Email - everleagues' is clicked on

2022-09-28 15:14:13 - [TEST_STEP][PASSED] - delay(3): Delayed 3 second(s)

2022-09-28 15:14:16 - [MESSAGE][PASSED] - Delayed 3 second(s)

2022-09-28 15:14:16 - [TEST_STEP][PASSED] - code = getText(findTestObject("Object Repository/06-Teams/For 2FA/2FA code")): Text of object 'Object Repository/06-Teams/For 2FA/2FA code' is: '321993'

2022-09-28 15:14:17 - [MESSAGE][PASSED] - Text of object 'Object Repository/06-Teams/For 2FA/2FA code' is: '321993'

2022-09-28 15:14:17 - [TEST_STEP][PASSED] - delay(3): Delayed 3 second(s)

2022-09-28 15:14:20 - [MESSAGE][PASSED] - Delayed 3 second(s)

2022-09-28 15:14:20 - [TEST_STEP][PASSED] - closeWindowTitle("Mailinator"): Window with title: 'Mailinator' is closed

2022-09-28 15:14:20 - [MESSAGE][PASSED] - Window with title: 'Mailinator' is closed

2022-09-28 15:14:20 - [TEST_STEP][PASSED] - delay(3): Delayed 3 second(s)

2022-09-28 15:14:23 - [MESSAGE][PASSED] - Delayed 3 second(s)

2022-09-28 15:14:23 - [TEST_STEP][PASSED] - switchToWindowIndex(0): Switched to window with index: '0'

2022-09-28 15:14:23 - [MESSAGE][PASSED] - Switched to window with index: '0'

2022-09-28 15:14:23 - [TEST_STEP][PASSED] - delay(3): Delayed 3 second(s)

2022-09-28 15:14:26 - [MESSAGE][PASSED] - Delayed 3 second(s)

2022-09-28 15:14:26 - [TEST_STEP][PASSED] - setText(findTestObject("Object Repository/06-Teams/For 2FA/input_Enter verification code_code"), code): Text '321993' is set on object 'Object Repository/06-Teams/For 2FA/input_Enter verification code_code'

2022-09-28 15:14:27 - [MESSAGE][PASSED] - Text '321993' is set on object 'Object Repository/06-Teams/For 2FA/input_Enter verification code_code'

2022-09-28 15:14:27 - [TEST_STEP][PASSED] - delay(3): Delayed 3 second(s)

2022-09-28 15:14:30 - [MESSAGE][PASSED] - Delayed 3 second(s)

2022-09-28 15:14:30 - [TEST_STEP][PASSED] - click(findTestObject("06-Teams/For 2FA/button_Verify_2FA")): Object: 'Object Repository/06-Teams/For 2FA/button_Verify_2FA' is clicked on

2022-09-28 15:14:30 - [MESSAGE][PASSED] - Object: 'Object Repository/06-Teams/For 2FA/button_Verify_2FA' is clicked on

2022-09-28 15:14:30 - [TEST_STEP][PASSED] - delay(5): Delayed 5 second(s)

2022-09-28 15:14:35 - [MESSAGE][PASSED] - Delayed 5 second(s)

2022-09-28 15:14:35 - [TEST_STEP][PASSED] - click(findTestObject("06-Teams/button_doublearrow")): Object: 'Object Repository/06-Teams/button_doublearrow' is clicked on

2022-09-28 15:14:36 - [MESSAGE][PASSED] - Object: 'Object Repository/06-Teams/button_doublearrow' is clicked on

2022-09-28 15:14:36 - [TEST_STEP][PASSED] - click(findTestObject("06-Teams/button_My Organizations")): Object: 'Object Repository/06-Teams/button_My Organizations' is clicked on

2022-09-28 15:14:36 - [MESSAGE][PASSED] - Object: 'Object Repository/06-Teams/button_My Organizations' is clicked on

2022-09-28 15:14:36 - [TEST_STEP][PASSED] - click(findTestObject("06-Teams/button_GG Automation")): Object: 'Object Repository/06-Teams/button_GG Automation' is clicked on

2022-09-28 15:14:37 - [MESSAGE][PASSED] - Object: 'Object Repository/06-Teams/button_GG Automation' is clicked on

2022-09-28 15:14:37 - [TEST_STEP][PASSED] - delay(4): Delayed 4 second(s)

2022-09-28 15:14:41 - [MESSAGE][PASSED] - Delayed 4 second(s)

2022-09-28 15:14:41 - [TEST_STEP][PASSED] - verifyElementVisible(findTestObject("06-Teams/span_GG Automation")): Object 'Object Repository/06-Teams/span_GG Automation' is visible

2022-09-28 15:14:42 - [MESSAGE][PASSED] - Object 'Object Repository/06-Teams/span_GG Automation' is visible

2022-09-28 15:14:42 - [TEST_STEP][PASSED] - delay(10): Delayed 10 second(s)

2022-09-28 15:14:52 - [MESSAGE][PASSED] - Delayed 10 second(s)

2022-09-28 15:14:52 - [TEST_STEP][PASSED] - click(findTestObject("03-Header Menu/Hamburger Button/div_Settings")): Object: 'Object Repository/03-Header Menu/Hamburger Button/div_Settings' is clicked on

2022-09-28 15:14:52 - [MESSAGE][PASSED] - Object: 'Object Repository/03-Header Menu/Hamburger Button/div_Settings' is clicked on

2022-09-28 15:14:52 - [TEST_STEP][PASSED] - delay(3): Delayed 3 second(s)

2022-09-28 15:14:55 - [MESSAGE][PASSED] - Delayed 3 second(s)

2022-09-28 15:14:55 - [TEST_STEP][PASSED] - click(findTestObject("09-Settings/Users/div_Users")): Object: 'Object Repository/09-Settings/Users/div_Users' is clicked on

2022-09-28 15:14:56 - [MESSAGE][PASSED] - Object: 'Object Repository/09-Settings/Users/div_Users' is clicked on

2022-09-28 15:14:56 - [TEST_STEP][PASSED] - delay(3): Delayed 3 second(s)

2022-09-28 15:14:59 - [MESSAGE][PASSED] - Delayed 3 second(s)

2022-09-28 15:14:59 - [TEST_STEP][PASSED] - click(findTestObject("09-Settings/Users/button_add")): Object: 'Object Repository/09-Settings/Users/button_add' is clicked on

2022-09-28 15:14:59 - [MESSAGE][PASSED] - Object: 'Object Repository/09-Settings/Users/button_add' is clicked on

2022-09-28 15:14:59 - [TEST_STEP][PASSED] - delay(3): Delayed 3 second(s)

2022-09-28 15:15:02 - [MESSAGE][PASSED] - Delayed 3 second(s)

2022-09-28 15:15:02 - [TEST_STEP][PASSED] - click(findTestObject("09-Settings/Users/add Invite a single user")): Object: 'Object Repository/09-Settings/Users/add Invite a single user' is clicked on

2022-09-28 15:15:02 - [MESSAGE][PASSED] - Object: 'Object Repository/09-Settings/Users/add Invite a single user' is clicked on

2022-09-28 15:15:02 - [TEST_STEP][PASSED] - delay(3): Delayed 3 second(s)

2022-09-28 15:15:05 - [MESSAGE][PASSED] - Delayed 3 second(s)

2022-09-28 15:15:05 - [TEST_STEP][PASSED] - setText(findTestObject("09-Settings/Users/input_email"), "autotester10@mailinator.com"): Text 'autotester10@mailinator.com' is set on object 'Object Repository/09-Settings/Users/input_email'

2022-09-28 15:15:06 - [MESSAGE][PASSED] - Text 'autotester10@mailinator.com' is set on object 'Object Repository/09-Settings/Users/input_email'

2022-09-28 15:15:06 - [TEST_STEP][PASSED] - setText(findTestObject("09-Settings/Users/input_firstName"), "GG"): Text 'GG' is set on object 'Object Repository/09-Settings/Users/input_firstName'

2022-09-28 15:15:07 - [MESSAGE][PASSED] - Text 'GG' is set on object 'Object Repository/09-Settings/Users/input_firstName'

2022-09-28 15:15:07 - [TEST_STEP][PASSED] - setText(findTestObject("09-Settings/Users/input_lastName"), "Partner"): Text 'Partner' is set on object 'Object Repository/09-Settings/Users/input_lastName'

2022-09-28 15:15:08 - [MESSAGE][PASSED] - Text 'Partner' is set on object 'Object Repository/09-Settings/Users/input_lastName'

2022-09-28 15:15:08 - [TEST_STEP][PASSED] - click(findTestObject("09-Settings/Users/span_Role")): Object: 'Object Repository/09-Settings/Users/span_Role' is clicked on

2022-09-28 15:15:08 - [MESSAGE][PASSED] - Object: 'Object Repository/09-Settings/Users/span_Role' is clicked on

2022-09-28 15:15:08 - [TEST_STEP][PASSED] - click(findTestObject("09-Settings/Users/span_Partner")): Object: 'Object Repository/09-Settings/Users/span_Partner' is clicked on

2022-09-28 15:15:09 - [MESSAGE][PASSED] - Object: 'Object Repository/09-Settings/Users/span_Partner' is clicked on

2022-09-28 15:15:09 - [TEST_STEP][PASSED] - click(findTestObject("09-Settings/Users/button_Send Invitation")): Object: 'Object Repository/09-Settings/Users/button_Send Invitation' is clicked on

2022-09-28 15:15:10 - [MESSAGE][PASSED] - Object: 'Object Repository/09-Settings/Users/button_Send Invitation' is clicked on

2022-09-28 15:15:10 - [TEST_STEP][PASSED] - delay(2): Delayed 2 second(s)

2022-09-28 15:15:12 - [MESSAGE][PASSED] - Delayed 2 second(s)

2022-09-28 15:15:12 - [TEST_STEP][PASSED] - verifyElementVisible(findTestObject("07-Directory/Connections/zContact Profile/Successfully invited user")): Object 'Object Repository/07-Directory/Connections/zContact Profile/Successfully invited user' is visible

2022-09-28 15:15:13 - [MESSAGE][PASSED] - Object 'Object Repository/07-Directory/Connections/zContact Profile/Successfully invited user' is visible

2022-09-28 15:15:13 - [TEST_STEP][PASSED] - delay(2): Delayed 2 second(s)

2022-09-28 15:15:15 - [MESSAGE][PASSED] - Delayed 2 second(s)

2022-09-28 15:15:15 - [TEST_STEP][PASSED] - click(findTestObject("01-Login and Forgot Password/User menu drop")): Object: 'Object Repository/01-Login and Forgot Password/User menu drop' is clicked on

2022-09-28 15:15:15 - [MESSAGE][PASSED] - Object: 'Object Repository/01-Login and Forgot Password/User menu drop' is clicked on

2022-09-28 15:15:15 - [TEST_STEP][PASSED] - delay(2): Delayed 2 second(s)

2022-09-28 15:15:17 - [MESSAGE][PASSED] - Delayed 2 second(s)

2022-09-28 15:15:17 - [TEST_STEP][PASSED] - click(findTestObject("01-Login and Forgot Password/h4_Sign Out"), STOP_ON_FAILURE): Object: 'Object Repository/01-Login and Forgot Password/h4_Sign Out' is clicked on

2022-09-28 15:15:18 - [MESSAGE][PASSED] - Object: 'Object Repository/01-Login and Forgot Password/h4_Sign Out' is clicked on

2022-09-28 15:15:18 - [TEST_STEP][PASSED] - delay(2): Delayed 2 second(s)

2022-09-28 15:15:20 - [MESSAGE][PASSED] - Delayed 2 second(s)

2022-09-28 15:15:20 - [TEST_STEP][PASSED] - verifyElementPresent(findTestObject("01-Login and Forgot Password/Login_Card"), 0): Object 'Object Repository/01-Login and Forgot Password/Login_Card' is present

2022-09-28 15:15:20 - [MESSAGE][WARNING] - Timeout '0' is invalid. Using default page load timeout: '30'

2022-09-28 15:15:20 - [MESSAGE][PASSED] - Object 'Object Repository/01-Login and Forgot Password/Login_Card' is present

2022-09-28 15:15:20 - [TEST_STEP][PASSED] - delay(3): Delayed 3 second(s)

2022-09-28 15:15:23 - [MESSAGE][PASSED] - Delayed 3 second(s)

2022-09-28 15:15:23 - [TEST_STEP][PASSED] - closeBrowser(): Browser is closed

2022-09-28 15:15:24 - [MESSAGE][PASSED] - Browser is closed

2022-09-28 15:15:24 - [TEST_STEP][PASSED] - openBrowser(""): Browser is opened with url: ''

2022-09-28 15:15:24 - [MESSAGE][INFO] - Starting 'Chrome' driver

2022-09-28 15:15:24 - [MESSAGE][INFO] - Action delay is set to 0 milliseconds

2022-09-28 15:15:25 - [MESSAGE][PASSED] - Browser is opened with url: ''

2022-09-28 15:15:25 - [TEST_STEP][PASSED] - navigateToUrl("https://lab.everleagues.com/"): Navigate to 'https://lab.everleagues.com/' successfully

2022-09-28 15:15:58 - [MESSAGE][PASSED] - Navigate to 'https://lab.everleagues.com/' successfully

2022-09-28 15:15:58 - [TEST_STEP][PASSED] - maximizeWindow(): Current window maximized

2022-09-28 15:15:58 - [MESSAGE][PASSED] - Current window maximized

2022-09-28 15:15:58 - [TEST_STEP][PASSED] - setText(findTestObject("02-Side Icons(Organization)/Add Contact/Email Field"), "autotester10@mailinator.com"): Text 'autotester10@mailinator.com' is set on object 'Object Repository/02-Side Icons(Organization)/Add Contact/Email Field'

2022-09-28 15:15:58 - [MESSAGE][PASSED] - Text 'autotester10@mailinator.com' is set on object 'Object Repository/02-Side Icons(Organization)/Add Contact/Email Field'

2022-09-28 15:15:58 - [TEST_STEP][PASSED] - setEncryptedText(findTestObject("02-Side Icons(Organization)/Add Contact/Password Field"), "8yFRyszE6U6jvsCn51OQbg=="): Text ****** has been set on object 'Object Repository/02-Side Icons(Organization)/Add Contact/Password Field'

2022-09-28 15:15:59 - [MESSAGE][PASSED] - Text ****** has been set on object 'Object Repository/02-Side Icons(Organization)/Add Contact/Password Field'

2022-09-28 15:15:59 - [TEST_STEP][PASSED] - click(findTestObject("02-Side Icons(Organization)/Add Contact/button_Sign in")): Object: 'Object Repository/02-Side Icons(Organization)/Add Contact/button_Sign in' is clicked on

2022-09-28 15:16:00 - [MESSAGE][PASSED] - Object: 'Object Repository/02-Side Icons(Organization)/Add Contact/button_Sign in' is clicked on

2022-09-28 15:16:00 - [TEST_STEP][PASSED] - delay(2): Delayed 2 second(s)

2022-09-28 15:16:02 - [MESSAGE][PASSED] - Delayed 2 second(s)

2022-09-28 15:16:02 - [TEST_STEP][PASSED] - click(findTestObject("06-Teams/For 2FA/button_Confirm_2FA")): Object: 'Object Repository/06-Teams/For 2FA/button_Confirm_2FA' is clicked on

2022-09-28 15:16:02 - [MESSAGE][PASSED] - Object: 'Object Repository/06-Teams/For 2FA/button_Confirm_2FA' is clicked on

2022-09-28 15:16:02 - [TEST_STEP][PASSED] - executeJavaScript("window.open();", []): Execute JavaScript 'window.open();' successfully

2022-09-28 15:16:02 - [MESSAGE][PASSED] - Execute JavaScript 'window.open();' successfully

2022-09-28 15:16:02 - [TEST_STEP][PASSED] - currentWindow = getWindowIndex(): Current window's index is: 0

2022-09-28 15:16:02 - [MESSAGE][PASSED] - Current window's index is: 0

2022-09-28 15:16:02 - [TEST_STEP][PASSED] - delay(3): Delayed 3 second(s)

2022-09-28 15:16:05 - [MESSAGE][PASSED] - Delayed 3 second(s)

2022-09-28 15:16:05 - [TEST_STEP][PASSED] - switchToWindowIndex(currentWindow + 1): Switched to window with index: '1'

2022-09-28 15:16:05 - [MESSAGE][PASSED] - Switched to window with index: '1'

2022-09-28 15:16:05 - [TEST_STEP][PASSED] - navigateToUrl("https://www.mailinator.com/"): Navigate to 'https://www.mailinator.com/' successfully

2022-09-28 15:16:07 - [MESSAGE][PASSED] - Navigate to 'https://www.mailinator.com/' successfully

2022-09-28 15:16:07 - [TEST_STEP][PASSED] - delay(3): Delayed 3 second(s)

2022-09-28 15:16:10 - [MESSAGE][PASSED] - Delayed 3 second(s)

2022-09-28 15:16:10 - [TEST_STEP][PASSED] - setText(findTestObject("00-Signup and Activation/zMailinator/input_LOGIN_search"), "autotester10@mailinator.com"): Text 'autotester10@mailinator.com' is set on object 'Object Repository/00-Signup and Activation/zMailinator/input_LOGIN_search'

2022-09-28 15:16:11 - [MESSAGE][PASSED] - Text 'autotester10@mailinator.com' is set on object 'Object Repository/00-Signup and Activation/zMailinator/input_LOGIN_search'

2022-09-28 15:16:11 - [TEST_STEP][PASSED] - click(findTestObject("00-Signup and Activation/zMailinator/gobutton"), STOP_ON_FAILURE): Object: 'Object Repository/00-Signup and Activation/zMailinator/gobutton' is clicked on

2022-09-28 15:16:13 - [MESSAGE][PASSED] - Object: 'Object Repository/00-Signup and Activation/zMailinator/gobutton' is clicked on

2022-09-28 15:16:13 - [TEST_STEP][PASSED] - delay(3): Delayed 3 second(s)

2022-09-28 15:16:16 - [MESSAGE][PASSED] - Delayed 3 second(s)

2022-09-28 15:16:16 - [TEST_STEP][PASSED] - click(findTestObject("00-Signup and Activation/zMailinator/Email - everleagues")): Object: 'Object Repository/00-Signup and Activation/zMailinator/Email - everleagues' is clicked on

2022-09-28 15:16:16 - [MESSAGE][PASSED] - Object: 'Object Repository/00-Signup and Activation/zMailinator/Email - everleagues' is clicked on

2022-09-28 15:16:16 - [TEST_STEP][PASSED] - delay(3): Delayed 3 second(s)

2022-09-28 15:16:19 - [MESSAGE][PASSED] - Delayed 3 second(s)

2022-09-28 15:16:19 - [TEST_STEP][PASSED] - codetwo = getText(findTestObject("Object Repository/06-Teams/For 2FA/2FA code")): Text of object 'Object Repository/06-Teams/For 2FA/2FA code' is: '987630'

2022-09-28 15:16:20 - [MESSAGE][PASSED] - Text of object 'Object Repository/06-Teams/For 2FA/2FA code' is: '987630'

2022-09-28 15:16:20 - [TEST_STEP][PASSED] - delay(3): Delayed 3 second(s)

2022-09-28 15:16:23 - [MESSAGE][PASSED] - Delayed 3 second(s)

2022-09-28 15:16:23 - [TEST_STEP][PASSED] - closeWindowTitle("Mailinator"): Window with title: 'Mailinator' is closed

2022-09-28 15:16:23 - [MESSAGE][PASSED] - Window with title: 'Mailinator' is closed

2022-09-28 15:16:23 - [TEST_STEP][PASSED] - delay(3): Delayed 3 second(s)

2022-09-28 15:16:26 - [MESSAGE][PASSED] - Delayed 3 second(s)

2022-09-28 15:16:26 - [TEST_STEP][PASSED] - switchToWindowIndex(0): Switched to window with index: '0'

2022-09-28 15:16:26 - [MESSAGE][PASSED] - Switched to window with index: '0'

2022-09-28 15:16:26 - [TEST_STEP][PASSED] - delay(3): Delayed 3 second(s)

2022-09-28 15:16:29 - [MESSAGE][PASSED] - Delayed 3 second(s)

2022-09-28 15:16:29 - [TEST_STEP][PASSED] - setText(findTestObject("Object Repository/06-Teams/For 2FA/input_Enter verification code_code"), codetwo): Text '987630' is set on object 'Object Repository/06-Teams/For 2FA/input_Enter verification code_code'

2022-09-28 15:16:30 - [MESSAGE][PASSED] - Text '987630' is set on object 'Object Repository/06-Teams/For 2FA/input_Enter verification code_code'

2022-09-28 15:16:30 - [TEST_STEP][PASSED] - delay(3): Delayed 3 second(s)

2022-09-28 15:16:33 - [MESSAGE][PASSED] - Delayed 3 second(s)

2022-09-28 15:16:33 - [TEST_STEP][PASSED] - click(findTestObject("06-Teams/For 2FA/button_Verify_2FA")): Object: 'Object Repository/06-Teams/For 2FA/button_Verify_2FA' is clicked on

2022-09-28 15:16:33 - [MESSAGE][PASSED] - Object: 'Object Repository/06-Teams/For 2FA/button_Verify_2FA' is clicked on

2022-09-28 15:16:33 - [TEST_STEP][PASSED] - delay(5): Delayed 5 second(s)

2022-09-28 15:16:38 - [MESSAGE][PASSED] - Delayed 5 second(s)

2022-09-28 15:16:38 - [TEST_STEP][PASSED] - executeJavaScript("window.open();", []): Execute JavaScript 'window.open();' successfully

2022-09-28 15:16:38 - [MESSAGE][PASSED] - Execute JavaScript 'window.open();' successfully

2022-09-28 15:16:38 - [TEST_STEP][PASSED] - currentWindow = getWindowIndex(): Current window's index is: 0

2022-09-28 15:16:38 - [MESSAGE][PASSED] - Current window's index is: 0

2022-09-28 15:16:38 - [TEST_STEP][PASSED] - delay(3): Delayed 3 second(s)

2022-09-28 15:16:41 - [MESSAGE][PASSED] - Delayed 3 second(s)

2022-09-28 15:16:41 - [TEST_STEP][PASSED] - switchToWindowIndex(currentWindow + 1): Switched to window with index: '1'

2022-09-28 15:16:41 - [MESSAGE][PASSED] - Switched to window with index: '1'

2022-09-28 15:16:41 - [TEST_STEP][PASSED] - navigateToUrl("https://www.mailinator.com/"): Navigate to 'https://www.mailinator.com/' successfully

2022-09-28 15:16:43 - [MESSAGE][PASSED] - Navigate to 'https://www.mailinator.com/' successfully

2022-09-28 15:16:43 - [TEST_STEP][PASSED] - delay(3): Delayed 3 second(s)

2022-09-28 15:16:46 - [MESSAGE][PASSED] - Delayed 3 second(s)

2022-09-28 15:16:46 - [TEST_STEP][PASSED] - setText(findTestObject("00-Signup and Activation/zMailinator/input_LOGIN_search"), "autotester10@mailinator.com"): Text 'autotester10@mailinator.com' is set on object 'Object Repository/00-Signup and Activation/zMailinator/input_LOGIN_search'

2022-09-28 15:16:46 - [MESSAGE][PASSED] - Text 'autotester10@mailinator.com' is set on object 'Object Repository/00-Signup and Activation/zMailinator/input_LOGIN_search'

2022-09-28 15:16:46 - [TEST_STEP][PASSED] - click(findTestObject("00-Signup and Activation/zMailinator/gobutton"), STOP_ON_FAILURE): Object: 'Object Repository/00-Signup and Activation/zMailinator/gobutton' is clicked on

2022-09-28 15:16:47 - [MESSAGE][PASSED] - Object: 'Object Repository/00-Signup and Activation/zMailinator/gobutton' is clicked on

2022-09-28 15:16:47 - [TEST_STEP][PASSED] - delay(3): Delayed 3 second(s)

2022-09-28 15:16:50 - [MESSAGE][PASSED] - Delayed 3 second(s)

2022-09-28 15:16:50 - [TEST_STEP][PASSED] - closeWindowTitle("Everleagues"): Window with title: 'Everleagues' is closed

2022-09-28 15:16:50 - [MESSAGE][PASSED] - Window with title: 'Everleagues' is closed

2022-09-28 15:16:50 - [TEST_STEP][PASSED] - switchToWindowIndex(0): Switched to window with index: '0'

2022-09-28 15:16:50 - [MESSAGE][PASSED] - Switched to window with index: '0'

2022-09-28 15:16:50 - [TEST_STEP][PASSED] - click(findTestObject("09-Settings/Users/Co worker/td_Invitation from GG Automation")): Object: 'Object Repository/09-Settings/Users/Co worker/td_Invitation from GG Automation' is clicked on

2022-09-28 15:16:51 - [MESSAGE][PASSED] - Object: 'Object Repository/09-Settings/Users/Co worker/td_Invitation from GG Automation' is clicked on

2022-09-28 15:16:51 - [TEST_STEP][PASSED] - click(findTestObject("09-Settings/Users/Co worker/a_Click here to join GG Automation on EverLeagues")): Object: 'Object Repository/09-Settings/Users/Co worker/a_Click here to join GG Automation on EverLeagues' is clicked on

2022-09-28 15:16:52 - [MESSAGE][PASSED] - Object: 'Object Repository/09-Settings/Users/Co worker/a_Click here to join GG Automation on EverLeagues' is clicked on

2022-09-28 15:16:52 - [TEST_STEP][PASSED] - closeWindowTitle("Mailinator"): Window with title: 'Mailinator' is closed

2022-09-28 15:16:52 - [MESSAGE][PASSED] - Window with title: 'Mailinator' is closed

2022-09-28 15:16:52 - [TEST_STEP][PASSED] - switchToWindowIndex(0): Switched to window with index: '0'

2022-09-28 15:16:52 - [MESSAGE][PASSED] - Switched to window with index: '0'

2022-09-28 15:16:52 - [TEST_STEP][PASSED] - verifyElementVisible(findTestObject("09-Settings/Users/Client/Invite modal")): Object 'Object Repository/09-Settings/Users/Client/Invite modal' is visible

2022-09-28 15:16:58 - [MESSAGE][PASSED] - Object 'Object Repository/09-Settings/Users/Client/Invite modal' is visible

2022-09-28 15:16:58 - [TEST_STEP][PASSED] - setText(findTestObject("09-Settings/Users/Client/Company field"), "QA Company"): Text 'QA Company' is set on object 'Object Repository/09-Settings/Users/Client/Company field'

2022-09-28 15:16:59 - [MESSAGE][PASSED] - Text 'QA Company' is set on object 'Object Repository/09-Settings/Users/Client/Company field'

2022-09-28 15:16:59 - [TEST_STEP][PASSED] - click(findTestObject("09-Settings/Users/Client/button_Accept")): Object: 'Object Repository/09-Settings/Users/Client/button_Accept' is clicked on

2022-09-28 15:16:59 - [MESSAGE][PASSED] - Object: 'Object Repository/09-Settings/Users/Client/button_Accept' is clicked on

2022-09-28 15:16:59 - [TEST_STEP][PASSED] - delay(10): Delayed 10 second(s)

2022-09-28 15:17:09 - [MESSAGE][PASSED] - Delayed 10 second(s)

2022-09-28 15:17:09 - [TEST_STEP][PASSED] - verifyElementVisible(findTestObject("09-Settings/Users/div_Joined as Partner")): Object 'Object Repository/09-Settings/Users/div_Joined as Partner' is visible

2022-09-28 15:17:10 - [MESSAGE][PASSED] - Object 'Object Repository/09-Settings/Users/div_Joined as Partner' is visible

2022-09-28 15:17:10 - [TEST_STEP][PASSED] - delay(3): Delayed 3 second(s)

2022-09-28 15:17:13 - [MESSAGE][PASSED] - Delayed 3 second(s)

2022-09-28 15:17:13 - [TEST_STEP][PASSED] - closeBrowser(): Browser is closed

2022-09-28 15:17:13 - [MESSAGE][PASSED] - Browser is closed]]></system-out>
         <system-err><![CDATA[]]></system-err>
      </testcase>
      <testcase name="Test Cases/09-Settings/05 - Users (Invite batch of users via CSV file)" time="133.604" classname="Test Cases/09-Settings/05 - Users (Invite batch of users via CSV file)" status="PASSED">
         <system-out><![CDATA[2022-09-28 15:17:13 - [TEST_CASE][PASSED] - Test Cases/09-Settings/05 - Users (Invite batch of users via CSV file): Test Cases/09-Settings/05 - Users (Invite batch of users via CSV file)

2022-09-28 15:17:14 - [TEST_STEP][PASSED] - openBrowser(""): Browser is opened with url: ''

2022-09-28 15:17:14 - [MESSAGE][INFO] - Starting 'Chrome' driver

2022-09-28 15:17:14 - [MESSAGE][INFO] - Action delay is set to 0 milliseconds

2022-09-28 15:17:15 - [MESSAGE][PASSED] - Browser is opened with url: ''

2022-09-28 15:17:15 - [TEST_STEP][PASSED] - navigateToUrl("https://lab.everleagues.com/"): Navigate to 'https://lab.everleagues.com/' successfully

2022-09-28 15:17:48 - [MESSAGE][PASSED] - Navigate to 'https://lab.everleagues.com/' successfully

2022-09-28 15:17:48 - [TEST_STEP][PASSED] - maximizeWindow(): Current window maximized

2022-09-28 15:17:48 - [MESSAGE][PASSED] - Current window maximized

2022-09-28 15:17:48 - [TEST_STEP][PASSED] - setText(findTestObject("02-Side Icons(Organization)/Add Contact/Email Field"), "testuser02@mailinator.com"): Text 'testuser02@mailinator.com' is set on object 'Object Repository/02-Side Icons(Organization)/Add Contact/Email Field'

2022-09-28 15:17:49 - [MESSAGE][PASSED] - Text 'testuser02@mailinator.com' is set on object 'Object Repository/02-Side Icons(Organization)/Add Contact/Email Field'

2022-09-28 15:17:49 - [TEST_STEP][PASSED] - setEncryptedText(findTestObject("02-Side Icons(Organization)/Add Contact/Password Field"), "8yFRyszE6U6jvsCn51OQbg=="): Text ****** has been set on object 'Object Repository/02-Side Icons(Organization)/Add Contact/Password Field'

2022-09-28 15:17:50 - [MESSAGE][PASSED] - Text ****** has been set on object 'Object Repository/02-Side Icons(Organization)/Add Contact/Password Field'

2022-09-28 15:17:50 - [TEST_STEP][PASSED] - click(findTestObject("02-Side Icons(Organization)/Add Contact/button_Sign in")): Object: 'Object Repository/02-Side Icons(Organization)/Add Contact/button_Sign in' is clicked on

2022-09-28 15:17:50 - [MESSAGE][PASSED] - Object: 'Object Repository/02-Side Icons(Organization)/Add Contact/button_Sign in' is clicked on

2022-09-28 15:17:50 - [TEST_STEP][PASSED] - delay(2): Delayed 2 second(s)

2022-09-28 15:17:52 - [MESSAGE][PASSED] - Delayed 2 second(s)

2022-09-28 15:17:52 - [TEST_STEP][PASSED] - click(findTestObject("06-Teams/For 2FA/button_Confirm_2FA")): Object: 'Object Repository/06-Teams/For 2FA/button_Confirm_2FA' is clicked on

2022-09-28 15:17:53 - [MESSAGE][PASSED] - Object: 'Object Repository/06-Teams/For 2FA/button_Confirm_2FA' is clicked on

2022-09-28 15:17:53 - [TEST_STEP][PASSED] - executeJavaScript("window.open();", []): Execute JavaScript 'window.open();' successfully

2022-09-28 15:17:53 - [MESSAGE][PASSED] - Execute JavaScript 'window.open();' successfully

2022-09-28 15:17:53 - [TEST_STEP][PASSED] - currentWindow = getWindowIndex(): Current window's index is: 0

2022-09-28 15:17:53 - [MESSAGE][PASSED] - Current window's index is: 0

2022-09-28 15:17:53 - [TEST_STEP][PASSED] - delay(3): Delayed 3 second(s)

2022-09-28 15:17:56 - [MESSAGE][PASSED] - Delayed 3 second(s)

2022-09-28 15:17:56 - [TEST_STEP][PASSED] - switchToWindowIndex(currentWindow + 1): Switched to window with index: '1'

2022-09-28 15:17:56 - [MESSAGE][PASSED] - Switched to window with index: '1'

2022-09-28 15:17:56 - [TEST_STEP][PASSED] - navigateToUrl("https://www.mailinator.com/"): Navigate to 'https://www.mailinator.com/' successfully

2022-09-28 15:17:59 - [MESSAGE][PASSED] - Navigate to 'https://www.mailinator.com/' successfully

2022-09-28 15:17:59 - [TEST_STEP][PASSED] - delay(3): Delayed 3 second(s)

2022-09-28 15:18:02 - [MESSAGE][PASSED] - Delayed 3 second(s)

2022-09-28 15:18:02 - [TEST_STEP][PASSED] - setText(findTestObject("00-Signup and Activation/zMailinator/input_LOGIN_search"), "testuser02@mailinator.com"): Text 'testuser02@mailinator.com' is set on object 'Object Repository/00-Signup and Activation/zMailinator/input_LOGIN_search'

2022-09-28 15:18:02 - [MESSAGE][PASSED] - Text 'testuser02@mailinator.com' is set on object 'Object Repository/00-Signup and Activation/zMailinator/input_LOGIN_search'

2022-09-28 15:18:02 - [TEST_STEP][PASSED] - click(findTestObject("00-Signup and Activation/zMailinator/gobutton"), STOP_ON_FAILURE): Object: 'Object Repository/00-Signup and Activation/zMailinator/gobutton' is clicked on

2022-09-28 15:18:04 - [MESSAGE][PASSED] - Object: 'Object Repository/00-Signup and Activation/zMailinator/gobutton' is clicked on

2022-09-28 15:18:04 - [TEST_STEP][PASSED] - delay(3): Delayed 3 second(s)

2022-09-28 15:18:07 - [MESSAGE][PASSED] - Delayed 3 second(s)

2022-09-28 15:18:07 - [TEST_STEP][PASSED] - click(findTestObject("00-Signup and Activation/zMailinator/Email - everleagues")): Object: 'Object Repository/00-Signup and Activation/zMailinator/Email - everleagues' is clicked on

2022-09-28 15:18:07 - [MESSAGE][PASSED] - Object: 'Object Repository/00-Signup and Activation/zMailinator/Email - everleagues' is clicked on

2022-09-28 15:18:07 - [TEST_STEP][PASSED] - delay(3): Delayed 3 second(s)

2022-09-28 15:18:10 - [MESSAGE][PASSED] - Delayed 3 second(s)

2022-09-28 15:18:10 - [TEST_STEP][PASSED] - code = getText(findTestObject("Object Repository/06-Teams/For 2FA/2FA code")): Text of object 'Object Repository/06-Teams/For 2FA/2FA code' is: '050115'

2022-09-28 15:18:10 - [MESSAGE][PASSED] - Text of object 'Object Repository/06-Teams/For 2FA/2FA code' is: '050115'

2022-09-28 15:18:10 - [TEST_STEP][PASSED] - delay(3): Delayed 3 second(s)

2022-09-28 15:18:13 - [MESSAGE][PASSED] - Delayed 3 second(s)

2022-09-28 15:18:13 - [TEST_STEP][PASSED] - closeWindowTitle("Mailinator"): Window with title: 'Mailinator' is closed

2022-09-28 15:18:14 - [MESSAGE][PASSED] - Window with title: 'Mailinator' is closed

2022-09-28 15:18:14 - [TEST_STEP][PASSED] - delay(3): Delayed 3 second(s)

2022-09-28 15:18:17 - [MESSAGE][PASSED] - Delayed 3 second(s)

2022-09-28 15:18:17 - [TEST_STEP][PASSED] - switchToWindowIndex(0): Switched to window with index: '0'

2022-09-28 15:18:17 - [MESSAGE][PASSED] - Switched to window with index: '0'

2022-09-28 15:18:17 - [TEST_STEP][PASSED] - delay(3): Delayed 3 second(s)

2022-09-28 15:18:20 - [MESSAGE][PASSED] - Delayed 3 second(s)

2022-09-28 15:18:20 - [TEST_STEP][PASSED] - setText(findTestObject("Object Repository/06-Teams/For 2FA/input_Enter verification code_code"), code): Text '050115' is set on object 'Object Repository/06-Teams/For 2FA/input_Enter verification code_code'

2022-09-28 15:18:20 - [MESSAGE][PASSED] - Text '050115' is set on object 'Object Repository/06-Teams/For 2FA/input_Enter verification code_code'

2022-09-28 15:18:20 - [TEST_STEP][PASSED] - delay(3): Delayed 3 second(s)

2022-09-28 15:18:23 - [MESSAGE][PASSED] - Delayed 3 second(s)

2022-09-28 15:18:23 - [TEST_STEP][PASSED] - click(findTestObject("06-Teams/For 2FA/button_Verify_2FA")): Object: 'Object Repository/06-Teams/For 2FA/button_Verify_2FA' is clicked on

2022-09-28 15:18:24 - [MESSAGE][PASSED] - Object: 'Object Repository/06-Teams/For 2FA/button_Verify_2FA' is clicked on

2022-09-28 15:18:24 - [TEST_STEP][PASSED] - delay(5): Delayed 5 second(s)

2022-09-28 15:18:29 - [MESSAGE][PASSED] - Delayed 5 second(s)

2022-09-28 15:18:29 - [TEST_STEP][PASSED] - click(findTestObject("06-Teams/button_doublearrow")): Object: 'Object Repository/06-Teams/button_doublearrow' is clicked on

2022-09-28 15:18:30 - [MESSAGE][PASSED] - Object: 'Object Repository/06-Teams/button_doublearrow' is clicked on

2022-09-28 15:18:30 - [TEST_STEP][PASSED] - click(findTestObject("06-Teams/button_My Organizations")): Object: 'Object Repository/06-Teams/button_My Organizations' is clicked on

2022-09-28 15:18:30 - [MESSAGE][PASSED] - Object: 'Object Repository/06-Teams/button_My Organizations' is clicked on

2022-09-28 15:18:30 - [TEST_STEP][PASSED] - click(findTestObject("06-Teams/button_GG Automation")): Object: 'Object Repository/06-Teams/button_GG Automation' is clicked on

2022-09-28 15:18:31 - [MESSAGE][PASSED] - Object: 'Object Repository/06-Teams/button_GG Automation' is clicked on

2022-09-28 15:18:31 - [TEST_STEP][PASSED] - delay(4): Delayed 4 second(s)

2022-09-28 15:18:35 - [MESSAGE][PASSED] - Delayed 4 second(s)

2022-09-28 15:18:35 - [TEST_STEP][PASSED] - verifyElementVisible(findTestObject("06-Teams/span_GG Automation")): Object 'Object Repository/06-Teams/span_GG Automation' is visible

2022-09-28 15:18:35 - [MESSAGE][PASSED] - Object 'Object Repository/06-Teams/span_GG Automation' is visible

2022-09-28 15:18:35 - [TEST_STEP][PASSED] - delay(10): Delayed 10 second(s)

2022-09-28 15:18:45 - [MESSAGE][PASSED] - Delayed 10 second(s)

2022-09-28 15:18:45 - [TEST_STEP][PASSED] - click(findTestObject("03-Header Menu/Hamburger Button/div_Settings")): Object: 'Object Repository/03-Header Menu/Hamburger Button/div_Settings' is clicked on

2022-09-28 15:18:46 - [MESSAGE][PASSED] - Object: 'Object Repository/03-Header Menu/Hamburger Button/div_Settings' is clicked on

2022-09-28 15:18:46 - [TEST_STEP][PASSED] - delay(3): Delayed 3 second(s)

2022-09-28 15:18:49 - [MESSAGE][PASSED] - Delayed 3 second(s)

2022-09-28 15:18:49 - [TEST_STEP][PASSED] - click(findTestObject("09-Settings/Users/div_Users")): Object: 'Object Repository/09-Settings/Users/div_Users' is clicked on

2022-09-28 15:18:49 - [MESSAGE][PASSED] - Object: 'Object Repository/09-Settings/Users/div_Users' is clicked on

2022-09-28 15:18:49 - [TEST_STEP][PASSED] - delay(3): Delayed 3 second(s)

2022-09-28 15:18:52 - [MESSAGE][PASSED] - Delayed 3 second(s)

2022-09-28 15:18:52 - [TEST_STEP][PASSED] - click(findTestObject("09-Settings/Users/button_add")): Object: 'Object Repository/09-Settings/Users/button_add' is clicked on

2022-09-28 15:18:53 - [MESSAGE][PASSED] - Object: 'Object Repository/09-Settings/Users/button_add' is clicked on

2022-09-28 15:18:53 - [TEST_STEP][PASSED] - delay(3): Delayed 3 second(s)

2022-09-28 15:18:56 - [MESSAGE][PASSED] - Delayed 3 second(s)

2022-09-28 15:18:56 - [TEST_STEP][PASSED] - click(findTestObject("09-Settings/Users/Invite batch of users via CSV file")): Object: 'Object Repository/09-Settings/Users/Invite batch of users via CSV file' is clicked on

2022-09-28 15:18:56 - [MESSAGE][PASSED] - Object: 'Object Repository/09-Settings/Users/Invite batch of users via CSV file' is clicked on

2022-09-28 15:18:56 - [TEST_STEP][PASSED] - verifyElementVisible(findTestObject("09-Settings/Users/CSV Invite/Import CSV File modal")): Object 'Object Repository/09-Settings/Users/CSV Invite/Import CSV File modal' is visible

2022-09-28 15:18:57 - [MESSAGE][PASSED] - Object 'Object Repository/09-Settings/Users/CSV Invite/Import CSV File modal' is visible

2022-09-28 15:18:57 - [TEST_STEP][PASSED] - verifyElementNotClickable(findTestObject("09-Settings/Users/CSV Invite/button_Import")): Object 'Object Repository/09-Settings/Users/CSV Invite/button_Import' is NOT clickable

2022-09-28 15:18:58 - [MESSAGE][PASSED] - Object 'Object Repository/09-Settings/Users/CSV Invite/button_Import' is NOT clickable

2022-09-28 15:18:58 - [TEST_STEP][PASSED] - delay(3): Delayed 3 second(s)

2022-09-28 15:19:01 - [MESSAGE][PASSED] - Delayed 3 second(s)

2022-09-28 15:19:01 - [TEST_STEP][PASSED] - uploadpackage.Upload.uploadFile(findTestObject("Object Repository/09-Settings/Users/CSV Invite/button_Choose File"), "C:\Users\User\Desktop\EL automation\sample csv.csv"): uploadpackage.Upload.uploadFile is PASSED

2022-09-28 15:19:01 - [MESSAGE][PASSED] - Object: 'Object Repository/09-Settings/Users/CSV Invite/button_Choose File' is clicked on

2022-09-28 15:19:02 - [MESSAGE][PASSED] - uploadpackage.Upload.uploadFile is PASSED

2022-09-28 15:19:02 - [TEST_STEP][PASSED] - delay(3): Delayed 3 second(s)

2022-09-28 15:19:05 - [MESSAGE][PASSED] - Delayed 3 second(s)

2022-09-28 15:19:05 - [TEST_STEP][PASSED] - verifyElementVisible(findTestObject("09-Settings/Users/CSV Invite/div_Sample csv.csv")): Object 'Object Repository/09-Settings/Users/CSV Invite/div_Sample csv.csv' is visible

2022-09-28 15:19:05 - [MESSAGE][PASSED] - Object 'Object Repository/09-Settings/Users/CSV Invite/div_Sample csv.csv' is visible

2022-09-28 15:19:05 - [TEST_STEP][PASSED] - click(findTestObject("09-Settings/Users/CSV Invite/button_Import")): Object: 'Object Repository/09-Settings/Users/CSV Invite/button_Import' is clicked on

2022-09-28 15:19:05 - [MESSAGE][PASSED] - Object: 'Object Repository/09-Settings/Users/CSV Invite/button_Import' is clicked on

2022-09-28 15:19:05 - [TEST_STEP][PASSED] - delay(10): Delayed 10 second(s)

2022-09-28 15:19:15 - [MESSAGE][PASSED] - Delayed 10 second(s)

2022-09-28 15:19:15 - [TEST_STEP][PASSED] - verifyElementVisible(findTestObject("09-Settings/Users/CSV Invite/Success import modal")): Object 'Object Repository/09-Settings/Users/CSV Invite/Success import modal' is visible

2022-09-28 15:19:16 - [MESSAGE][PASSED] - Object 'Object Repository/09-Settings/Users/CSV Invite/Success import modal' is visible

2022-09-28 15:19:16 - [TEST_STEP][PASSED] - click(findTestObject("09-Settings/Users/CSV Invite/button_Close")): Object: 'Object Repository/09-Settings/Users/CSV Invite/button_Close' is clicked on

2022-09-28 15:19:16 - [MESSAGE][PASSED] - Object: 'Object Repository/09-Settings/Users/CSV Invite/button_Close' is clicked on

2022-09-28 15:19:16 - [TEST_STEP][PASSED] - click(findTestObject("09-Settings/Users/CSV Invite/Invited Users tab")): Object: 'Object Repository/09-Settings/Users/CSV Invite/Invited Users tab' is clicked on

2022-09-28 15:19:17 - [MESSAGE][PASSED] - Object: 'Object Repository/09-Settings/Users/CSV Invite/Invited Users tab' is clicked on

2022-09-28 15:19:17 - [TEST_STEP][PASSED] - delay(3): Delayed 3 second(s)

2022-09-28 15:19:20 - [MESSAGE][PASSED] - Delayed 3 second(s)

2022-09-28 15:19:20 - [TEST_STEP][PASSED] - verifyElementVisible(findTestObject("09-Settings/Users/CSV Invite/div_CTCSV test3")): Object 'Object Repository/09-Settings/Users/CSV Invite/div_CTCSV test3' is visible

2022-09-28 15:19:20 - [MESSAGE][PASSED] - Object 'Object Repository/09-Settings/Users/CSV Invite/div_CTCSV test3' is visible

2022-09-28 15:19:20 - [TEST_STEP][PASSED] - verifyElementVisible(findTestObject("09-Settings/Users/CSV Invite/div_autotester08mailinator.com")): Object 'Object Repository/09-Settings/Users/CSV Invite/div_autotester08mailinator.com' is visible

2022-09-28 15:19:21 - [MESSAGE][PASSED] - Object 'Object Repository/09-Settings/Users/CSV Invite/div_autotester08mailinator.com' is visible

2022-09-28 15:19:21 - [TEST_STEP][PASSED] - verifyElementVisible(findTestObject("09-Settings/Users/CSV Invite/div_Partner")): Object 'Object Repository/09-Settings/Users/CSV Invite/div_Partner' is visible

2022-09-28 15:19:21 - [MESSAGE][PASSED] - Object 'Object Repository/09-Settings/Users/CSV Invite/div_Partner' is visible

2022-09-28 15:19:21 - [TEST_STEP][PASSED] - verifyElementVisible(findTestObject("09-Settings/Users/CSV Invite/div_CTCSV test2")): Object 'Object Repository/09-Settings/Users/CSV Invite/div_CTCSV test2' is visible

2022-09-28 15:19:21 - [MESSAGE][PASSED] - Object 'Object Repository/09-Settings/Users/CSV Invite/div_CTCSV test2' is visible

2022-09-28 15:19:21 - [TEST_STEP][PASSED] - verifyElementVisible(findTestObject("09-Settings/Users/CSV Invite/div_autotester07mailinator.com")): Object 'Object Repository/09-Settings/Users/CSV Invite/div_autotester07mailinator.com' is visible

2022-09-28 15:19:22 - [MESSAGE][PASSED] - Object 'Object Repository/09-Settings/Users/CSV Invite/div_autotester07mailinator.com' is visible

2022-09-28 15:19:22 - [TEST_STEP][PASSED] - verifyElementVisible(findTestObject("09-Settings/Users/CSV Invite/div_Client")): Object 'Object Repository/09-Settings/Users/CSV Invite/div_Client' is visible

2022-09-28 15:19:22 - [MESSAGE][PASSED] - Object 'Object Repository/09-Settings/Users/CSV Invite/div_Client' is visible

2022-09-28 15:19:22 - [TEST_STEP][PASSED] - verifyElementVisible(findTestObject("09-Settings/Users/CSV Invite/div_CTCSV test1")): Object 'Object Repository/09-Settings/Users/CSV Invite/div_CTCSV test1' is visible

2022-09-28 15:19:22 - [MESSAGE][PASSED] - Object 'Object Repository/09-Settings/Users/CSV Invite/div_CTCSV test1' is visible

2022-09-28 15:19:22 - [TEST_STEP][PASSED] - verifyElementVisible(findTestObject("09-Settings/Users/CSV Invite/div_autotester06mailinator.com")): Object 'Object Repository/09-Settings/Users/CSV Invite/div_autotester06mailinator.com' is visible

2022-09-28 15:19:23 - [MESSAGE][PASSED] - Object 'Object Repository/09-Settings/Users/CSV Invite/div_autotester06mailinator.com' is visible

2022-09-28 15:19:23 - [TEST_STEP][PASSED] - verifyElementVisible(findTestObject("09-Settings/Users/CSV Invite/div_Coworker")): Object 'Object Repository/09-Settings/Users/CSV Invite/div_Coworker' is visible

2022-09-28 15:19:23 - [MESSAGE][PASSED] - Object 'Object Repository/09-Settings/Users/CSV Invite/div_Coworker' is visible

2022-09-28 15:19:23 - [TEST_STEP][PASSED] - delay(3): Delayed 3 second(s)

2022-09-28 15:19:26 - [MESSAGE][PASSED] - Delayed 3 second(s)

2022-09-28 15:19:26 - [TEST_STEP][PASSED] - closeBrowser(): Browser is closed

2022-09-28 15:19:27 - [MESSAGE][PASSED] - Browser is closed]]></system-out>
         <system-err><![CDATA[]]></system-err>
      </testcase>
      <system-out><![CDATA[2022-09-28 15:01:35 - [TEST_SUITE][PASSED] - 09-Settings: Test Cases/09-Settings/05 - Users (Invite batch of users via CSV file)]]></system-out>
      <system-err><![CDATA[]]></system-err>
   </testsuite>
</testsuites>
