<?xml version="1.0" encoding="UTF-8"?>
<testsuites name="05-Chat" time="1295.122" tests="7" failures="0" errors="0">
   <testsuite name="05-Chat" tests="7" failures="0" errors="0" time="1295.122" skipped="0" timestamp="2022-05-04 14:51:33" hostname="User - DESKTOP-QCRNR4M" id="Test Suites/TS-Organization/05-Chat">
      <properties>
         <property name="deviceName" value=""/>
         <property name="devicePlatform" value=""/>
         <property name="logFolder" value="C:\\Users\\User\\Katalon Studio\\EverleaguesMain\\Reports\\20220504_145130\\TS-Organization\\05-Chat\\20220504_145131"/>
         <property name="logFiles" value="C:\\Users\\User\\Katalon Studio\\EverleaguesMain\\Reports\\20220504_145130\\TS-Organization\\05-Chat\\20220504_145131\\execution0.log"/>
         <property name="attachments" value=""/>
         <property name="hostName" value="User - DESKTOP-QCRNR4M"/>
         <property name="os" value="Windows 10 64bit"/>
         <property name="katalonVersion" value="8.3.0.208"/>
         <property name="browser" value="Chrome 101.0.4951.41"/>
         <property name="hostAddress" value="192.168.5.83"/>
         <property name="sessionId" value="ac8f35aa2988ceed1c5d1ab56a10c3c9"/>
         <property name="seleniumVersion" value="3.141.59"/>
         <property name="proxyInformation" value="ProxyInformation { proxyOption=NO_PROXY, proxyServerType=HTTP, username=, password=********, proxyServerAddress=, proxyServerPort=0, executionList=&quot;&quot;, isApplyToDesiredCapabilities=true }"/>
         <property name="platform" value="Windows 10"/>
      </properties>
      <testcase name="Test Cases/05- Chat/01-Creating a Chat group" time="119.159" classname="Test Cases/05- Chat/01-Creating a Chat group" status="PASSED">
         <system-out><![CDATA[2022-05-04 14:51:34 - [TEST_CASE][PASSED] - Test Cases/05- Chat/01-Creating a Chat group: Test Cases/05- Chat/01-Creating a Chat group

2022-05-04 14:51:34 - [TEST_STEP][PASSED] - openBrowser(""): Browser is opened with url: ''

2022-05-04 14:51:34 - [MESSAGE][INFO] - Starting 'Chrome' driver

2022-05-04 14:51:34 - [MESSAGE][INFO] - Action delay is set to 0 milliseconds

2022-05-04 14:51:36 - [MESSAGE][PASSED] - Browser is opened with url: ''

2022-05-04 14:51:36 - [TEST_STEP][PASSED] - navigateToUrl("https://lab.everleagues.com/"): Navigate to 'https://lab.everleagues.com/' successfully

2022-05-04 14:52:08 - [MESSAGE][PASSED] - Navigate to 'https://lab.everleagues.com/' successfully

2022-05-04 14:52:08 - [TEST_STEP][PASSED] - maximizeWindow(): Current window maximized

2022-05-04 14:52:09 - [MESSAGE][PASSED] - Current window maximized

2022-05-04 14:52:09 - [TEST_STEP][PASSED] - setText(findTestObject("02-Side Icons(Organization)/Add Contact/Email Field"), "testuser02@mailinator.com"): Text 'testuser02@mailinator.com' is set on object 'Object Repository/02-Side Icons(Organization)/Add Contact/Email Field'

2022-05-04 14:52:09 - [MESSAGE][PASSED] - Text 'testuser02@mailinator.com' is set on object 'Object Repository/02-Side Icons(Organization)/Add Contact/Email Field'

2022-05-04 14:52:09 - [TEST_STEP][PASSED] - setEncryptedText(findTestObject("02-Side Icons(Organization)/Add Contact/Password Field"), "8yFRyszE6U6jvsCn51OQbg=="): Text ****** has been set on object 'Object Repository/02-Side Icons(Organization)/Add Contact/Password Field'

2022-05-04 14:52:10 - [MESSAGE][PASSED] - Text ****** has been set on object 'Object Repository/02-Side Icons(Organization)/Add Contact/Password Field'

2022-05-04 14:52:10 - [TEST_STEP][PASSED] - click(findTestObject("02-Side Icons(Organization)/Add Contact/button_Sign in")): Object: 'Object Repository/02-Side Icons(Organization)/Add Contact/button_Sign in' is clicked on

2022-05-04 14:52:11 - [MESSAGE][PASSED] - Object: 'Object Repository/02-Side Icons(Organization)/Add Contact/button_Sign in' is clicked on

2022-05-04 14:52:11 - [TEST_STEP][PASSED] - delay(2): Delayed 2 second(s)

2022-05-04 14:52:13 - [MESSAGE][PASSED] - Delayed 2 second(s)

2022-05-04 14:52:13 - [TEST_STEP][PASSED] - click(findTestObject("06-Teams/For 2FA/button_Confirm_2FA")): Object: 'Object Repository/06-Teams/For 2FA/button_Confirm_2FA' is clicked on

2022-05-04 14:52:13 - [MESSAGE][PASSED] - Object: 'Object Repository/06-Teams/For 2FA/button_Confirm_2FA' is clicked on

2022-05-04 14:52:13 - [TEST_STEP][PASSED] - executeJavaScript("window.open();", []): Execute JavaScript 'window.open();' successfully

2022-05-04 14:52:13 - [MESSAGE][PASSED] - Execute JavaScript 'window.open();' successfully

2022-05-04 14:52:13 - [TEST_STEP][PASSED] - currentWindow = getWindowIndex(): Current window's index is: 0

2022-05-04 14:52:13 - [MESSAGE][PASSED] - Current window's index is: 0

2022-05-04 14:52:13 - [TEST_STEP][PASSED] - delay(3): Delayed 3 second(s)

2022-05-04 14:52:16 - [MESSAGE][PASSED] - Delayed 3 second(s)

2022-05-04 14:52:16 - [TEST_STEP][PASSED] - switchToWindowIndex(currentWindow + 1): Switched to window with index: '1'

2022-05-04 14:52:16 - [MESSAGE][PASSED] - Switched to window with index: '1'

2022-05-04 14:52:16 - [TEST_STEP][PASSED] - navigateToUrl("https://www.mailinator.com/"): Navigate to 'https://www.mailinator.com/' successfully

2022-05-04 14:52:18 - [MESSAGE][PASSED] - Navigate to 'https://www.mailinator.com/' successfully

2022-05-04 14:52:18 - [TEST_STEP][PASSED] - delay(3): Delayed 3 second(s)

2022-05-04 14:52:21 - [MESSAGE][PASSED] - Delayed 3 second(s)

2022-05-04 14:52:21 - [TEST_STEP][PASSED] - setText(findTestObject("00-Signup and Activation/zMailinator/input_LOGIN_search"), "testuser02@mailinator.com"): Text 'testuser02@mailinator.com' is set on object 'Object Repository/00-Signup and Activation/zMailinator/input_LOGIN_search'

2022-05-04 14:52:22 - [MESSAGE][PASSED] - Text 'testuser02@mailinator.com' is set on object 'Object Repository/00-Signup and Activation/zMailinator/input_LOGIN_search'

2022-05-04 14:52:22 - [TEST_STEP][PASSED] - click(findTestObject("00-Signup and Activation/zMailinator/gobutton"), STOP_ON_FAILURE): Object: 'Object Repository/00-Signup and Activation/zMailinator/gobutton' is clicked on

2022-05-04 14:52:23 - [MESSAGE][PASSED] - Object: 'Object Repository/00-Signup and Activation/zMailinator/gobutton' is clicked on

2022-05-04 14:52:23 - [TEST_STEP][PASSED] - delay(3): Delayed 3 second(s)

2022-05-04 14:52:26 - [MESSAGE][PASSED] - Delayed 3 second(s)

2022-05-04 14:52:26 - [TEST_STEP][PASSED] - click(findTestObject("00-Signup and Activation/zMailinator/Email - everleagues")): Object: 'Object Repository/00-Signup and Activation/zMailinator/Email - everleagues' is clicked on

2022-05-04 14:52:26 - [MESSAGE][PASSED] - Object: 'Object Repository/00-Signup and Activation/zMailinator/Email - everleagues' is clicked on

2022-05-04 14:52:26 - [TEST_STEP][PASSED] - delay(3): Delayed 3 second(s)

2022-05-04 14:52:29 - [MESSAGE][PASSED] - Delayed 3 second(s)

2022-05-04 14:52:29 - [TEST_STEP][PASSED] - code = getText(findTestObject("Object Repository/06-Teams/For 2FA/2FA code")): Text of object 'Object Repository/06-Teams/For 2FA/2FA code' is: '855240'

2022-05-04 14:52:30 - [MESSAGE][PASSED] - Text of object 'Object Repository/06-Teams/For 2FA/2FA code' is: '855240'

2022-05-04 14:52:30 - [TEST_STEP][PASSED] - delay(3): Delayed 3 second(s)

2022-05-04 14:52:33 - [MESSAGE][PASSED] - Delayed 3 second(s)

2022-05-04 14:52:33 - [TEST_STEP][PASSED] - closeWindowTitle("Mailinator"): Window with title: 'Mailinator' is closed

2022-05-04 14:52:33 - [MESSAGE][PASSED] - Window with title: 'Mailinator' is closed

2022-05-04 14:52:33 - [TEST_STEP][PASSED] - delay(3): Delayed 3 second(s)

2022-05-04 14:52:36 - [MESSAGE][PASSED] - Delayed 3 second(s)

2022-05-04 14:52:36 - [TEST_STEP][PASSED] - switchToWindowIndex(0): Switched to window with index: '0'

2022-05-04 14:52:36 - [MESSAGE][PASSED] - Switched to window with index: '0'

2022-05-04 14:52:36 - [TEST_STEP][PASSED] - delay(3): Delayed 3 second(s)

2022-05-04 14:52:39 - [MESSAGE][PASSED] - Delayed 3 second(s)

2022-05-04 14:52:39 - [TEST_STEP][PASSED] - setText(findTestObject("Object Repository/06-Teams/For 2FA/input_Enter verification code_code"), code): Text '855240' is set on object 'Object Repository/06-Teams/For 2FA/input_Enter verification code_code'

2022-05-04 14:52:40 - [MESSAGE][PASSED] - Text '855240' is set on object 'Object Repository/06-Teams/For 2FA/input_Enter verification code_code'

2022-05-04 14:52:40 - [TEST_STEP][PASSED] - delay(3): Delayed 3 second(s)

2022-05-04 14:52:43 - [MESSAGE][PASSED] - Delayed 3 second(s)

2022-05-04 14:52:43 - [TEST_STEP][PASSED] - click(findTestObject("06-Teams/For 2FA/button_Verify_2FA")): Object: 'Object Repository/06-Teams/For 2FA/button_Verify_2FA' is clicked on

2022-05-04 14:52:44 - [MESSAGE][PASSED] - Object: 'Object Repository/06-Teams/For 2FA/button_Verify_2FA' is clicked on

2022-05-04 14:52:44 - [TEST_STEP][PASSED] - delay(5): Delayed 5 second(s)

2022-05-04 14:52:49 - [MESSAGE][PASSED] - Delayed 5 second(s)

2022-05-04 14:52:49 - [TEST_STEP][PASSED] - click(findTestObject("02-Side Icons(Organization)/Add Contact/Side Menu double arrow icon")): Object: 'Object Repository/02-Side Icons(Organization)/Add Contact/Side Menu double arrow icon' is clicked on

2022-05-04 14:52:51 - [MESSAGE][PASSED] - Object: 'Object Repository/02-Side Icons(Organization)/Add Contact/Side Menu double arrow icon' is clicked on

2022-05-04 14:52:51 - [TEST_STEP][PASSED] - delay(2): Delayed 2 second(s)

2022-05-04 14:52:53 - [MESSAGE][PASSED] - Delayed 2 second(s)

2022-05-04 14:52:53 - [TEST_STEP][PASSED] - click(findTestObject("02-Side Icons(Organization)/Add Contact/button_My Organizations")): Object: 'Object Repository/02-Side Icons(Organization)/Add Contact/button_My Organizations' is clicked on

2022-05-04 14:52:53 - [MESSAGE][PASSED] - Object: 'Object Repository/02-Side Icons(Organization)/Add Contact/button_My Organizations' is clicked on

2022-05-04 14:52:53 - [TEST_STEP][PASSED] - delay(2): Delayed 2 second(s)

2022-05-04 14:52:55 - [MESSAGE][PASSED] - Delayed 2 second(s)

2022-05-04 14:52:55 - [TEST_STEP][PASSED] - click(findTestObject("02-Side Icons(Organization)/Add Contact/button_Automation Test Org")): Object: 'Object Repository/02-Side Icons(Organization)/Add Contact/button_Automation Test Org' is clicked on

2022-05-04 14:52:56 - [MESSAGE][PASSED] - Object: 'Object Repository/02-Side Icons(Organization)/Add Contact/button_Automation Test Org' is clicked on

2022-05-04 14:52:56 - [TEST_STEP][PASSED] - delay(2): Delayed 2 second(s)

2022-05-04 14:52:58 - [MESSAGE][PASSED] - Delayed 2 second(s)

2022-05-04 14:52:58 - [TEST_STEP][PASSED] - verifyElementVisible(findTestObject("02-Side Icons(Organization)/Add Contact/span_Automation Test Org")): Object 'Object Repository/02-Side Icons(Organization)/Add Contact/span_Automation Test Org' is visible

2022-05-04 14:52:58 - [MESSAGE][PASSED] - Object 'Object Repository/02-Side Icons(Organization)/Add Contact/span_Automation Test Org' is visible

2022-05-04 14:52:58 - [TEST_STEP][PASSED] - click(findTestObject("05-Chat/01- Creating a Chat group/div_Chat")): Object: 'Object Repository/05-Chat/01- Creating a Chat group/div_Chat' is clicked on

2022-05-04 14:52:59 - [MESSAGE][PASSED] - Object: 'Object Repository/05-Chat/01- Creating a Chat group/div_Chat' is clicked on

2022-05-04 14:52:59 - [TEST_STEP][PASSED] - delay(1): Delayed 1 second(s)

2022-05-04 14:53:00 - [MESSAGE][PASSED] - Delayed 1 second(s)

2022-05-04 14:53:00 - [TEST_STEP][PASSED] - verifyElementVisible(findTestObject("05-Chat/01- Creating a Chat group/h4_CHAT")): Object 'Object Repository/05-Chat/01- Creating a Chat group/h4_CHAT' is visible

2022-05-04 14:53:00 - [MESSAGE][PASSED] - Object 'Object Repository/05-Chat/01- Creating a Chat group/h4_CHAT' is visible

2022-05-04 14:53:00 - [TEST_STEP][PASSED] - verifyElementVisible(findTestObject("05-Chat/01- Creating a Chat group/div_No chat available")): Object 'Object Repository/05-Chat/01- Creating a Chat group/div_No chat available' is visible

2022-05-04 14:53:00 - [MESSAGE][PASSED] - Object 'Object Repository/05-Chat/01- Creating a Chat group/div_No chat available' is visible

2022-05-04 14:53:00 - [TEST_STEP][PASSED] - verifyElementVisible(findTestObject("05-Chat/01- Creating a Chat group/h5_Chat securely with your contacts here")): Object 'Object Repository/05-Chat/01- Creating a Chat group/h5_Chat securely with your contacts here' is visible

2022-05-04 14:53:01 - [MESSAGE][PASSED] - Object 'Object Repository/05-Chat/01- Creating a Chat group/h5_Chat securely with your contacts here' is visible

2022-05-04 14:53:01 - [TEST_STEP][PASSED] - delay(3): Delayed 3 second(s)

2022-05-04 14:53:04 - [MESSAGE][PASSED] - Delayed 3 second(s)

2022-05-04 14:53:04 - [TEST_STEP][PASSED] - click(findTestObject("05-Chat/01- Creating a Chat group/new chat icon")): Object: 'Object Repository/05-Chat/01- Creating a Chat group/new chat icon' is clicked on

2022-05-04 14:53:04 - [MESSAGE][PASSED] - Object: 'Object Repository/05-Chat/01- Creating a Chat group/new chat icon' is clicked on

2022-05-04 14:53:04 - [TEST_STEP][PASSED] - delay(5): Delayed 5 second(s)

2022-05-04 14:53:09 - [MESSAGE][PASSED] - Delayed 5 second(s)

2022-05-04 14:53:09 - [TEST_STEP][PASSED] - click(findTestObject("05-Chat/01- Creating a Chat group/div_New Group Chat")): Object: 'Object Repository/05-Chat/01- Creating a Chat group/div_New Group Chat' is clicked on

2022-05-04 14:53:10 - [MESSAGE][PASSED] - Object: 'Object Repository/05-Chat/01- Creating a Chat group/div_New Group Chat' is clicked on

2022-05-04 14:53:10 - [TEST_STEP][PASSED] - delay(1): Delayed 1 second(s)

2022-05-04 14:53:11 - [MESSAGE][PASSED] - Delayed 1 second(s)

2022-05-04 14:53:11 - [TEST_STEP][PASSED] - verifyElementVisible(findTestObject("05-Chat/01- Creating a Chat group/span_Add group participant")): Object 'Object Repository/05-Chat/01- Creating a Chat group/span_Add group participant' is visible

2022-05-04 14:53:11 - [MESSAGE][PASSED] - Object 'Object Repository/05-Chat/01- Creating a Chat group/span_Add group participant' is visible

2022-05-04 14:53:11 - [TEST_STEP][PASSED] - verifyElementNotPresent(findTestObject("05-Chat/01- Creating a Chat group/button_arrow_forward"), 0): Web element with id: 'Object Repository/05-Chat/01- Creating a Chat group/button_arrow_forward' located by 'By.xpath: //button[@type = 'button' and @ng-reflect-disabled = 'false' and (text() = 'arrow_forward' or . = 'arrow_forward')]' is not present after '30' second(s)

2022-05-04 14:53:12 - [MESSAGE][WARNING] - Timeout '0' is invalid. Using default page load timeout: '30'

2022-05-04 14:53:13 - [MESSAGE][PASSED] - Web element with id: 'Object Repository/05-Chat/01- Creating a Chat group/button_arrow_forward' located by 'By.xpath: //button[@type = 'button' and @ng-reflect-disabled = 'false' and (text() = 'arrow_forward' or . = 'arrow_forward')]' is not present after '30' second(s)

2022-05-04 14:53:13 - [TEST_STEP][PASSED] - delay(1): Delayed 1 second(s)

2022-05-04 14:53:14 - [MESSAGE][PASSED] - Delayed 1 second(s)

2022-05-04 14:53:14 - [TEST_STEP][PASSED] - setText(findTestObject("05-Chat/01- Creating a Chat group/input_newGroupName"), "Automation Chat"): Text 'Automation Chat' is set on object 'Object Repository/05-Chat/01- Creating a Chat group/input_newGroupName'

2022-05-04 14:53:15 - [MESSAGE][PASSED] - Text 'Automation Chat' is set on object 'Object Repository/05-Chat/01- Creating a Chat group/input_newGroupName'

2022-05-04 14:53:15 - [TEST_STEP][PASSED] - click(findTestObject("05-Chat/01- Creating a Chat group/div_GTGG tester")): Object: 'Object Repository/05-Chat/01- Creating a Chat group/div_GTGG tester' is clicked on

2022-05-04 14:53:15 - [MESSAGE][PASSED] - Object: 'Object Repository/05-Chat/01- Creating a Chat group/div_GTGG tester' is clicked on

2022-05-04 14:53:15 - [TEST_STEP][PASSED] - verifyElementVisible(findTestObject("05-Chat/01- Creating a Chat group/GG tester added")): Object 'Object Repository/05-Chat/01- Creating a Chat group/GG tester added' is visible

2022-05-04 14:53:16 - [MESSAGE][PASSED] - Object 'Object Repository/05-Chat/01- Creating a Chat group/GG tester added' is visible

2022-05-04 14:53:16 - [TEST_STEP][PASSED] - delay(1): Delayed 1 second(s)

2022-05-04 14:53:17 - [MESSAGE][PASSED] - Delayed 1 second(s)

2022-05-04 14:53:17 - [TEST_STEP][PASSED] - click(findTestObject("05-Chat/01- Creating a Chat group/div_GTGG tester 2")): Object: 'Object Repository/05-Chat/01- Creating a Chat group/div_GTGG tester 2' is clicked on

2022-05-04 14:53:17 - [MESSAGE][PASSED] - Object: 'Object Repository/05-Chat/01- Creating a Chat group/div_GTGG tester 2' is clicked on

2022-05-04 14:53:17 - [TEST_STEP][PASSED] - verifyElementVisible(findTestObject("05-Chat/01- Creating a Chat group/GG tester 2 added")): Object 'Object Repository/05-Chat/01- Creating a Chat group/GG tester 2 added' is visible

2022-05-04 14:53:18 - [MESSAGE][PASSED] - Object 'Object Repository/05-Chat/01- Creating a Chat group/GG tester 2 added' is visible

2022-05-04 14:53:18 - [TEST_STEP][PASSED] - delay(1): Delayed 1 second(s)

2022-05-04 14:53:19 - [MESSAGE][PASSED] - Delayed 1 second(s)

2022-05-04 14:53:19 - [TEST_STEP][PASSED] - click(findTestObject("05-Chat/01- Creating a Chat group/button_arrow_forward")): Object: 'Object Repository/05-Chat/01- Creating a Chat group/button_arrow_forward' is clicked on

2022-05-04 14:53:19 - [MESSAGE][PASSED] - Object: 'Object Repository/05-Chat/01- Creating a Chat group/button_arrow_forward' is clicked on

2022-05-04 14:53:19 - [TEST_STEP][PASSED] - verifyElementVisible(findTestObject("05-Chat/01- Creating a Chat group/div_Creating Chat")): Object 'Object Repository/05-Chat/01- Creating a Chat group/div_Creating Chat' is visible

2022-05-04 14:53:20 - [MESSAGE][PASSED] - Object 'Object Repository/05-Chat/01- Creating a Chat group/div_Creating Chat' is visible

2022-05-04 14:53:20 - [TEST_STEP][PASSED] - delay(3): Delayed 3 second(s)

2022-05-04 14:53:23 - [MESSAGE][PASSED] - Delayed 3 second(s)

2022-05-04 14:53:23 - [TEST_STEP][PASSED] - verifyElementVisible(findTestObject("05-Chat/01- Creating a Chat group/div_Automation Chat")): Object 'Object Repository/05-Chat/01- Creating a Chat group/div_Automation Chat' is visible

2022-05-04 14:53:28 - [MESSAGE][PASSED] - Object 'Object Repository/05-Chat/01- Creating a Chat group/div_Automation Chat' is visible

2022-05-04 14:53:28 - [TEST_STEP][PASSED] - delay(5): Delayed 5 second(s)

2022-05-04 14:53:33 - [MESSAGE][PASSED] - Delayed 5 second(s)]]></system-out>
         <system-err><![CDATA[]]></system-err>
      </testcase>
      <testcase name="Test Cases/05- Chat/02-Sending chat messages" time="22.758" classname="Test Cases/05- Chat/02-Sending chat messages" status="PASSED">
         <system-out><![CDATA[2022-05-04 14:53:33 - [TEST_CASE][PASSED] - Test Cases/05- Chat/02-Sending chat messages: Test Cases/05- Chat/02-Sending chat messages

2022-05-04 14:53:33 - [TEST_STEP][PASSED] - click(findTestObject("05-Chat/02-Sending chat messages/div_AC")): Object: 'Object Repository/05-Chat/02-Sending chat messages/div_AC' is clicked on

2022-05-04 14:53:34 - [MESSAGE][PASSED] - Object: 'Object Repository/05-Chat/02-Sending chat messages/div_AC' is clicked on

2022-05-04 14:53:34 - [TEST_STEP][PASSED] - setText(findTestObject("05-Chat/02-Sending chat messages/textarea__msg"), "Testing automation"): Text 'Testing automation' is set on object 'Object Repository/05-Chat/02-Sending chat messages/textarea__msg'

2022-05-04 14:53:35 - [MESSAGE][PASSED] - Text 'Testing automation' is set on object 'Object Repository/05-Chat/02-Sending chat messages/textarea__msg'

2022-05-04 14:53:35 - [TEST_STEP][PASSED] - click(findTestObject("05-Chat/02-Sending chat messages/button_send")): Object: 'Object Repository/05-Chat/02-Sending chat messages/button_send' is clicked on

2022-05-04 14:53:36 - [MESSAGE][PASSED] - Object: 'Object Repository/05-Chat/02-Sending chat messages/button_send' is clicked on

2022-05-04 14:53:36 - [TEST_STEP][PASSED] - verifyElementVisible(findTestObject("05-Chat/02-Sending chat messages/verify_Testing automation msg")): Object 'Object Repository/05-Chat/02-Sending chat messages/verify_Testing automation msg' is visible

2022-05-04 14:53:37 - [MESSAGE][PASSED] - Object 'Object Repository/05-Chat/02-Sending chat messages/verify_Testing automation msg' is visible

2022-05-04 14:53:37 - [TEST_STEP][PASSED] - delay(3): Delayed 3 second(s)

2022-05-04 14:53:40 - [MESSAGE][PASSED] - Delayed 3 second(s)

2022-05-04 14:53:40 - [TEST_STEP][PASSED] - click(findTestObject("05-Chat/02-Sending chat messages/button_insert_emoticon")): Object: 'Object Repository/05-Chat/02-Sending chat messages/button_insert_emoticon' is clicked on

2022-05-04 14:53:41 - [MESSAGE][PASSED] - Object: 'Object Repository/05-Chat/02-Sending chat messages/button_insert_emoticon' is clicked on

2022-05-04 14:53:41 - [TEST_STEP][PASSED] - verifyElementVisible(findTestObject("05-Chat/02-Sending chat messages/Frequently used")): Object 'Object Repository/05-Chat/02-Sending chat messages/Frequently used' is visible

2022-05-04 14:53:42 - [MESSAGE][PASSED] - Object 'Object Repository/05-Chat/02-Sending chat messages/Frequently used' is visible

2022-05-04 14:53:42 - [TEST_STEP][PASSED] - verifyElementVisible(findTestObject("05-Chat/02-Sending chat messages/smiley and people")): Object 'Object Repository/05-Chat/02-Sending chat messages/smiley and people' is visible

2022-05-04 14:53:43 - [MESSAGE][PASSED] - Object 'Object Repository/05-Chat/02-Sending chat messages/smiley and people' is visible

2022-05-04 14:53:43 - [TEST_STEP][PASSED] - verifyElementVisible(findTestObject("05-Chat/02-Sending chat messages/Animals and nature")): Object 'Object Repository/05-Chat/02-Sending chat messages/Animals and nature' is visible

2022-05-04 14:53:43 - [MESSAGE][PASSED] - Object 'Object Repository/05-Chat/02-Sending chat messages/Animals and nature' is visible

2022-05-04 14:53:43 - [TEST_STEP][PASSED] - verifyElementVisible(findTestObject("05-Chat/02-Sending chat messages/Food and drink")): Object 'Object Repository/05-Chat/02-Sending chat messages/Food and drink' is visible

2022-05-04 14:53:43 - [MESSAGE][PASSED] - Object 'Object Repository/05-Chat/02-Sending chat messages/Food and drink' is visible

2022-05-04 14:53:43 - [TEST_STEP][PASSED] - verifyElementVisible(findTestObject("05-Chat/02-Sending chat messages/Activity")): Object 'Object Repository/05-Chat/02-Sending chat messages/Activity' is visible

2022-05-04 14:53:44 - [MESSAGE][PASSED] - Object 'Object Repository/05-Chat/02-Sending chat messages/Activity' is visible

2022-05-04 14:53:44 - [TEST_STEP][PASSED] - verifyElementVisible(findTestObject("05-Chat/02-Sending chat messages/Travel and places")): Object 'Object Repository/05-Chat/02-Sending chat messages/Travel and places' is visible

2022-05-04 14:53:44 - [MESSAGE][PASSED] - Object 'Object Repository/05-Chat/02-Sending chat messages/Travel and places' is visible

2022-05-04 14:53:44 - [TEST_STEP][PASSED] - verifyElementVisible(findTestObject("05-Chat/02-Sending chat messages/Objects")): Object 'Object Repository/05-Chat/02-Sending chat messages/Objects' is visible

2022-05-04 14:53:45 - [MESSAGE][PASSED] - Object 'Object Repository/05-Chat/02-Sending chat messages/Objects' is visible

2022-05-04 14:53:45 - [TEST_STEP][PASSED] - verifyElementVisible(findTestObject("05-Chat/02-Sending chat messages/Symbols")): Object 'Object Repository/05-Chat/02-Sending chat messages/Symbols' is visible

2022-05-04 14:53:45 - [MESSAGE][PASSED] - Object 'Object Repository/05-Chat/02-Sending chat messages/Symbols' is visible

2022-05-04 14:53:45 - [TEST_STEP][PASSED] - delay(2): Delayed 2 second(s)

2022-05-04 14:53:47 - [MESSAGE][PASSED] - Delayed 2 second(s)

2022-05-04 14:53:47 - [TEST_STEP][PASSED] - click(findTestObject("05-Chat/02-Sending chat messages/Money Face")): Object: 'Object Repository/05-Chat/02-Sending chat messages/Money Face' is clicked on

2022-05-04 14:53:48 - [MESSAGE][PASSED] - Object: 'Object Repository/05-Chat/02-Sending chat messages/Money Face' is clicked on

2022-05-04 14:53:48 - [TEST_STEP][PASSED] - click(findTestObject("05-Chat/02-Sending chat messages/button_send")): Object: 'Object Repository/05-Chat/02-Sending chat messages/button_send' is clicked on

2022-05-04 14:53:48 - [MESSAGE][PASSED] - Object: 'Object Repository/05-Chat/02-Sending chat messages/button_send' is clicked on

2022-05-04 14:53:48 - [TEST_STEP][PASSED] - delay(2): Delayed 2 second(s)

2022-05-04 14:53:50 - [MESSAGE][PASSED] - Delayed 2 second(s)

2022-05-04 14:53:50 - [TEST_STEP][PASSED] - verifyElementVisible(findTestObject("05-Chat/02-Sending chat messages/money face in chat")): Object 'Object Repository/05-Chat/02-Sending chat messages/money face in chat' is visible

2022-05-04 14:53:51 - [MESSAGE][PASSED] - Object 'Object Repository/05-Chat/02-Sending chat messages/money face in chat' is visible

2022-05-04 14:53:51 - [TEST_STEP][PASSED] - delay(5): Delayed 5 second(s)

2022-05-04 14:53:56 - [MESSAGE][PASSED] - Delayed 5 second(s)]]></system-out>
         <system-err><![CDATA[]]></system-err>
      </testcase>
      <testcase name="Test Cases/05- Chat/03-Sending attached file" time="153.259" classname="Test Cases/05- Chat/03-Sending attached file" status="PASSED">
         <system-out><![CDATA[2022-05-04 14:53:56 - [TEST_CASE][PASSED] - Test Cases/05- Chat/03-Sending attached file: Test Cases/05- Chat/03-Sending attached file

2022-05-04 14:53:56 - [TEST_STEP][PASSED] - delay(5): Delayed 5 second(s)

2022-05-04 14:54:01 - [MESSAGE][PASSED] - Delayed 5 second(s)

2022-05-04 14:54:01 - [TEST_STEP][PASSED] - uploadpackage.Upload.uploadFile(findTestObject("Object Repository/05-Chat/03-Sending attached file/button_attach_file"), "C:\Users\User\Desktop\EL automation\qa.jpg"): uploadpackage.Upload.uploadFile is PASSED

2022-05-04 14:54:01 - [MESSAGE][PASSED] - Object: 'Object Repository/05-Chat/03-Sending attached file/button_attach_file' is clicked on

2022-05-04 14:54:02 - [MESSAGE][PASSED] - uploadpackage.Upload.uploadFile is PASSED

2022-05-04 14:54:02 - [TEST_STEP][PASSED] - delay(5): Delayed 5 second(s)

2022-05-04 14:54:07 - [MESSAGE][PASSED] - Delayed 5 second(s)

2022-05-04 14:54:07 - [TEST_STEP][PASSED] - click(findTestObject("05-Chat/02-Sending chat messages/button_send")): Object: 'Object Repository/05-Chat/02-Sending chat messages/button_send' is clicked on

2022-05-04 14:54:07 - [MESSAGE][PASSED] - Object: 'Object Repository/05-Chat/02-Sending chat messages/button_send' is clicked on

2022-05-04 14:54:07 - [TEST_STEP][PASSED] - delay(20): Delayed 20 second(s)

2022-05-04 14:54:27 - [MESSAGE][PASSED] - Delayed 20 second(s)

2022-05-04 14:54:27 - [TEST_STEP][PASSED] - verifyElementVisible(findTestObject("05-Chat/03-Sending attached file/img_You_inserted")): Object 'Object Repository/05-Chat/03-Sending attached file/img_You_inserted' is visible

2022-05-04 14:54:28 - [MESSAGE][PASSED] - Object 'Object Repository/05-Chat/03-Sending attached file/img_You_inserted' is visible

2022-05-04 14:54:28 - [TEST_STEP][PASSED] - refresh(): Refresh successfully

2022-05-04 14:54:28 - [MESSAGE][PASSED] - Refresh successfully

2022-05-04 14:54:28 - [TEST_STEP][PASSED] - delay(15): Delayed 15 second(s)

2022-05-04 14:54:43 - [MESSAGE][PASSED] - Delayed 15 second(s)

2022-05-04 14:54:43 - [TEST_STEP][PASSED] - uploadFileWithDragAndDrop(findTestObject("Object Repository/05-Chat/02-Sending chat messages/textarea__msg"), "C:\Users\User\Desktop\EL automation\sample.pdf"): null

2022-05-04 14:54:44 - [TEST_STEP][PASSED] - delay(5): Delayed 5 second(s)

2022-05-04 14:54:49 - [MESSAGE][PASSED] - Delayed 5 second(s)

2022-05-04 14:54:49 - [TEST_STEP][PASSED] - click(findTestObject("05-Chat/02-Sending chat messages/button_send")): Object: 'Object Repository/05-Chat/02-Sending chat messages/button_send' is clicked on

2022-05-04 14:54:50 - [MESSAGE][PASSED] - Object: 'Object Repository/05-Chat/02-Sending chat messages/button_send' is clicked on

2022-05-04 14:54:50 - [TEST_STEP][PASSED] - delay(20): Delayed 20 second(s)

2022-05-04 14:55:10 - [MESSAGE][PASSED] - Delayed 20 second(s)

2022-05-04 14:55:10 - [TEST_STEP][PASSED] - verifyElementVisible(findTestObject("05-Chat/03-Sending attached file/span_sample.pdf")): Object 'Object Repository/05-Chat/03-Sending attached file/span_sample.pdf' is visible

2022-05-04 14:55:10 - [MESSAGE][PASSED] - Object 'Object Repository/05-Chat/03-Sending attached file/span_sample.pdf' is visible

2022-05-04 14:55:10 - [TEST_STEP][PASSED] - refresh(): Refresh successfully

2022-05-04 14:55:12 - [MESSAGE][PASSED] - Refresh successfully

2022-05-04 14:55:12 - [TEST_STEP][PASSED] - delay(15): Delayed 15 second(s)

2022-05-04 14:55:27 - [MESSAGE][PASSED] - Delayed 15 second(s)

2022-05-04 14:55:27 - [TEST_STEP][PASSED] - uploadFileWithDragAndDrop(findTestObject("Object Repository/05-Chat/02-Sending chat messages/textarea__msg"), "C:\Users\User\Desktop\EL automation\video.mp4"): null

2022-05-04 14:55:28 - [TEST_STEP][PASSED] - delay(5): Delayed 5 second(s)

2022-05-04 14:55:33 - [MESSAGE][PASSED] - Delayed 5 second(s)

2022-05-04 14:55:33 - [TEST_STEP][PASSED] - click(findTestObject("05-Chat/02-Sending chat messages/button_send")): Object: 'Object Repository/05-Chat/02-Sending chat messages/button_send' is clicked on

2022-05-04 14:55:34 - [MESSAGE][PASSED] - Object: 'Object Repository/05-Chat/02-Sending chat messages/button_send' is clicked on

2022-05-04 14:55:34 - [TEST_STEP][PASSED] - delay(20): Delayed 20 second(s)

2022-05-04 14:55:54 - [MESSAGE][PASSED] - Delayed 20 second(s)

2022-05-04 14:55:54 - [TEST_STEP][PASSED] - verifyElementVisible(findTestObject("05-Chat/03-Sending attached file/span_video.mp4")): Object 'Object Repository/05-Chat/03-Sending attached file/span_video.mp4' is visible

2022-05-04 14:56:24 - [MESSAGE][PASSED] - Object 'Object Repository/05-Chat/03-Sending attached file/span_video.mp4' is visible

2022-05-04 14:56:24 - [TEST_STEP][PASSED] - delay(5): Delayed 5 second(s)

2022-05-04 14:56:29 - [MESSAGE][PASSED] - Delayed 5 second(s)]]></system-out>
         <system-err><![CDATA[]]></system-err>
      </testcase>
      <testcase name="Test Cases/05- Chat/04-Sending a video conference invite" time="96.269" classname="Test Cases/05- Chat/04-Sending a video conference invite" status="PASSED">
         <system-out><![CDATA[2022-05-04 14:56:29 - [TEST_CASE][PASSED] - Test Cases/05- Chat/04-Sending a video conference invite: Test Cases/05- Chat/04-Sending a video conference invite

2022-05-04 14:56:29 - [TEST_STEP][PASSED] - click(findTestObject("05-Chat/04-Sending a video conference invite/button_videocam")): Object: 'Object Repository/05-Chat/04-Sending a video conference invite/button_videocam' is clicked on

2022-05-04 14:56:59 - [MESSAGE][PASSED] - Object: 'Object Repository/05-Chat/04-Sending a video conference invite/button_videocam' is clicked on

2022-05-04 14:56:59 - [TEST_STEP][PASSED] - delay(2): Delayed 2 second(s)

2022-05-04 14:57:01 - [MESSAGE][PASSED] - Delayed 2 second(s)

2022-05-04 14:57:01 - [TEST_STEP][PASSED] - click(findTestObject("05-Chat/02-Sending chat messages/button_send")): Object: 'Object Repository/05-Chat/02-Sending chat messages/button_send' is clicked on

2022-05-04 14:57:30 - [MESSAGE][PASSED] - Object: 'Object Repository/05-Chat/02-Sending chat messages/button_send' is clicked on

2022-05-04 14:57:30 - [TEST_STEP][PASSED] - verifyElementVisible(findTestObject("05-Chat/04-Sending a video conference invite/div_Video Conference")): Object 'Object Repository/05-Chat/04-Sending a video conference invite/div_Video Conference' is visible

2022-05-04 14:58:00 - [MESSAGE][PASSED] - Object 'Object Repository/05-Chat/04-Sending a video conference invite/div_Video Conference' is visible

2022-05-04 14:58:00 - [TEST_STEP][PASSED] - delay(5): Delayed 5 second(s)

2022-05-04 14:58:05 - [MESSAGE][PASSED] - Delayed 5 second(s)]]></system-out>
         <system-err><![CDATA[]]></system-err>
      </testcase>
      <testcase name="Test Cases/05- Chat/05-Schedule a meeting" time="693.359" classname="Test Cases/05- Chat/05-Schedule a meeting" status="PASSED">
         <system-out><![CDATA[2022-05-04 14:58:05 - [TEST_CASE][PASSED] - Test Cases/05- Chat/05-Schedule a meeting: Test Cases/05- Chat/05-Schedule a meeting

2022-05-04 14:58:06 - [TEST_STEP][PASSED] - click(findTestObject("05-Chat/05-Schedule a meeting/button_schedule a meeting")): Object: 'Object Repository/05-Chat/05-Schedule a meeting/button_schedule a meeting' is clicked on

2022-05-04 14:58:36 - [MESSAGE][PASSED] - Object: 'Object Repository/05-Chat/05-Schedule a meeting/button_schedule a meeting' is clicked on

2022-05-04 14:58:36 - [TEST_STEP][PASSED] - delay(2): Delayed 2 second(s)

2022-05-04 14:58:38 - [MESSAGE][PASSED] - Delayed 2 second(s)

2022-05-04 14:58:38 - [TEST_STEP][PASSED] - verifyElementVisible(findTestObject("05-Chat/05-Schedule a meeting/Meeting title field")): Object 'Object Repository/05-Chat/05-Schedule a meeting/Meeting title field' is visible

2022-05-04 14:59:08 - [MESSAGE][PASSED] - Object 'Object Repository/05-Chat/05-Schedule a meeting/Meeting title field' is visible

2022-05-04 14:59:08 - [TEST_STEP][PASSED] - verifyElementVisible(findTestObject("05-Chat/05-Schedule a meeting/div_Start Date")): Object 'Object Repository/05-Chat/05-Schedule a meeting/div_Start Date' is visible

2022-05-04 14:59:38 - [MESSAGE][PASSED] - Object 'Object Repository/05-Chat/05-Schedule a meeting/div_Start Date' is visible

2022-05-04 14:59:38 - [TEST_STEP][PASSED] - verifyElementVisible(findTestObject("05-Chat/05-Schedule a meeting/div_End Date")): Object 'Object Repository/05-Chat/05-Schedule a meeting/div_End Date' is visible

2022-05-04 15:00:08 - [MESSAGE][PASSED] - Object 'Object Repository/05-Chat/05-Schedule a meeting/div_End Date' is visible

2022-05-04 15:00:08 - [TEST_STEP][PASSED] - verifyElementVisible(findTestObject("05-Chat/05-Schedule a meeting/div_Recurrence")): Object 'Object Repository/05-Chat/05-Schedule a meeting/div_Recurrence' is visible

2022-05-04 15:00:38 - [MESSAGE][PASSED] - Object 'Object Repository/05-Chat/05-Schedule a meeting/div_Recurrence' is visible

2022-05-04 15:00:38 - [TEST_STEP][PASSED] - delay(2): Delayed 2 second(s)

2022-05-04 15:00:40 - [MESSAGE][PASSED] - Delayed 2 second(s)

2022-05-04 15:00:40 - [TEST_STEP][PASSED] - click(findTestObject("05-Chat/05-Schedule a meeting/div_recurrence_selectarror")): Object: 'Object Repository/05-Chat/05-Schedule a meeting/div_recurrence_selectarror' is clicked on

2022-05-04 15:01:11 - [MESSAGE][PASSED] - Object: 'Object Repository/05-Chat/05-Schedule a meeting/div_recurrence_selectarror' is clicked on

2022-05-04 15:01:11 - [TEST_STEP][PASSED] - verifyElementVisible(findTestObject("05-Chat/05-Schedule a meeting/span_Does not repeat")): Object 'Object Repository/05-Chat/05-Schedule a meeting/span_Does not repeat' is visible

2022-05-04 15:01:41 - [MESSAGE][PASSED] - Object 'Object Repository/05-Chat/05-Schedule a meeting/span_Does not repeat' is visible

2022-05-04 15:01:41 - [TEST_STEP][PASSED] - verifyElementVisible(findTestObject("05-Chat/05-Schedule a meeting/span_Daily")): Object 'Object Repository/05-Chat/05-Schedule a meeting/span_Daily' is visible

2022-05-04 15:02:11 - [MESSAGE][PASSED] - Object 'Object Repository/05-Chat/05-Schedule a meeting/span_Daily' is visible

2022-05-04 15:02:11 - [TEST_STEP][PASSED] - verifyElementVisible(findTestObject("05-Chat/05-Schedule a meeting/span_Weekly")): Object 'Object Repository/05-Chat/05-Schedule a meeting/span_Weekly' is visible

2022-05-04 15:02:41 - [MESSAGE][PASSED] - Object 'Object Repository/05-Chat/05-Schedule a meeting/span_Weekly' is visible

2022-05-04 15:02:41 - [TEST_STEP][PASSED] - verifyElementVisible(findTestObject("05-Chat/05-Schedule a meeting/span_Monthly")): Object 'Object Repository/05-Chat/05-Schedule a meeting/span_Monthly' is visible

2022-05-04 15:03:11 - [MESSAGE][PASSED] - Object 'Object Repository/05-Chat/05-Schedule a meeting/span_Monthly' is visible

2022-05-04 15:03:11 - [TEST_STEP][PASSED] - verifyElementVisible(findTestObject("05-Chat/05-Schedule a meeting/span_Every weekday")): Object 'Object Repository/05-Chat/05-Schedule a meeting/span_Every weekday' is visible

2022-05-04 15:03:41 - [MESSAGE][PASSED] - Object 'Object Repository/05-Chat/05-Schedule a meeting/span_Every weekday' is visible

2022-05-04 15:03:41 - [TEST_STEP][PASSED] - delay(2): Delayed 2 second(s)

2022-05-04 15:03:43 - [MESSAGE][PASSED] - Delayed 2 second(s)

2022-05-04 15:03:43 - [TEST_STEP][PASSED] - click(findTestObject("05-Chat/05-Schedule a meeting/span_Daily"), STOP_ON_FAILURE): Object: 'Object Repository/05-Chat/05-Schedule a meeting/span_Daily' is clicked on

2022-05-04 15:04:13 - [MESSAGE][PASSED] - Object: 'Object Repository/05-Chat/05-Schedule a meeting/span_Daily' is clicked on

2022-05-04 15:04:13 - [TEST_STEP][PASSED] - click(findTestObject("05-Chat/05-Schedule a meeting/button_Start Date_calendar")): Object: 'Object Repository/05-Chat/05-Schedule a meeting/button_Start Date_calendar' is clicked on

2022-05-04 15:04:44 - [MESSAGE][PASSED] - Object: 'Object Repository/05-Chat/05-Schedule a meeting/button_Start Date_calendar' is clicked on

2022-05-04 15:04:44 - [TEST_STEP][PASSED] - verifyElementVisible(findTestObject("05-Chat/05-Schedule a meeting/calendar modal")): Object 'Object Repository/05-Chat/05-Schedule a meeting/calendar modal' is visible

2022-05-04 15:05:14 - [MESSAGE][PASSED] - Object 'Object Repository/05-Chat/05-Schedule a meeting/calendar modal' is visible

2022-05-04 15:05:14 - [TEST_STEP][PASSED] - delay(2): Delayed 2 second(s)

2022-05-04 15:05:16 - [MESSAGE][PASSED] - Delayed 2 second(s)

2022-05-04 15:05:16 - [TEST_STEP][PASSED] - clickOffset(findTestObject("05-Chat/01- Creating a Chat group/div_Automation Chat"), 10, 10): Object: 'Object Repository/05-Chat/01- Creating a Chat group/div_Automation Chat' is clicked on using offset x=10 and y=10

2022-05-04 15:05:46 - [MESSAGE][PASSED] - Object: 'Object Repository/05-Chat/01- Creating a Chat group/div_Automation Chat' is clicked on using offset x=10 and y=10

2022-05-04 15:05:46 - [TEST_STEP][PASSED] - delay(3): Delayed 3 second(s)

2022-05-04 15:05:49 - [MESSAGE][PASSED] - Delayed 3 second(s)

2022-05-04 15:05:49 - [TEST_STEP][PASSED] - click(findTestObject("05-Chat/05-Schedule a meeting/button_End Date_calendar")): Object: 'Object Repository/05-Chat/05-Schedule a meeting/button_End Date_calendar' is clicked on

2022-05-04 15:06:19 - [MESSAGE][PASSED] - Object: 'Object Repository/05-Chat/05-Schedule a meeting/button_End Date_calendar' is clicked on

2022-05-04 15:06:19 - [TEST_STEP][PASSED] - verifyElementVisible(findTestObject("05-Chat/05-Schedule a meeting/calendar modal")): Object 'Object Repository/05-Chat/05-Schedule a meeting/calendar modal' is visible

2022-05-04 15:06:49 - [MESSAGE][PASSED] - Object 'Object Repository/05-Chat/05-Schedule a meeting/calendar modal' is visible

2022-05-04 15:06:49 - [TEST_STEP][PASSED] - delay(3): Delayed 3 second(s)

2022-05-04 15:06:52 - [MESSAGE][PASSED] - Delayed 3 second(s)

2022-05-04 15:06:52 - [TEST_STEP][PASSED] - clickOffset(findTestObject("05-Chat/01- Creating a Chat group/div_Automation Chat"), 10, 10): Object: 'Object Repository/05-Chat/01- Creating a Chat group/div_Automation Chat' is clicked on using offset x=10 and y=10

2022-05-04 15:07:23 - [MESSAGE][PASSED] - Object: 'Object Repository/05-Chat/01- Creating a Chat group/div_Automation Chat' is clicked on using offset x=10 and y=10

2022-05-04 15:07:23 - [TEST_STEP][PASSED] - delay(3): Delayed 3 second(s)

2022-05-04 15:07:26 - [MESSAGE][PASSED] - Delayed 3 second(s)

2022-05-04 15:07:26 - [TEST_STEP][PASSED] - setText(findTestObject("05-Chat/05-Schedule a meeting/input_meeting title"), "Automation Meeting"): Text 'Automation Meeting' is set on object 'Object Repository/05-Chat/05-Schedule a meeting/input_meeting title'

2022-05-04 15:08:26 - [MESSAGE][PASSED] - Text 'Automation Meeting' is set on object 'Object Repository/05-Chat/05-Schedule a meeting/input_meeting title'

2022-05-04 15:08:26 - [TEST_STEP][PASSED] - delay(2): Delayed 2 second(s)

2022-05-04 15:08:28 - [MESSAGE][PASSED] - Delayed 2 second(s)

2022-05-04 15:08:28 - [TEST_STEP][PASSED] - click(findTestObject("05-Chat/02-Sending chat messages/button_send")): Object: 'Object Repository/05-Chat/02-Sending chat messages/button_send' is clicked on

2022-05-04 15:08:58 - [MESSAGE][PASSED] - Object: 'Object Repository/05-Chat/02-Sending chat messages/button_send' is clicked on

2022-05-04 15:08:58 - [TEST_STEP][PASSED] - delay(5): Delayed 5 second(s)

2022-05-04 15:09:03 - [MESSAGE][PASSED] - Delayed 5 second(s)

2022-05-04 15:09:03 - [TEST_STEP][PASSED] - verifyElementVisible(findTestObject("05-Chat/05-Schedule a meeting/span_Automation Meeting")): Object 'Object Repository/05-Chat/05-Schedule a meeting/span_Automation Meeting' is visible

2022-05-04 15:09:34 - [MESSAGE][PASSED] - Object 'Object Repository/05-Chat/05-Schedule a meeting/span_Automation Meeting' is visible

2022-05-04 15:09:34 - [TEST_STEP][PASSED] - delay(5): Delayed 5 second(s)

2022-05-04 15:09:39 - [MESSAGE][PASSED] - Delayed 5 second(s)]]></system-out>
         <system-err><![CDATA[]]></system-err>
      </testcase>
      <testcase name="Test Cases/05- Chat/06-Hiding a chat" time="173.997" classname="Test Cases/05- Chat/06-Hiding a chat" status="PASSED">
         <system-out><![CDATA[2022-05-04 15:09:39 - [TEST_CASE][PASSED] - Test Cases/05- Chat/06-Hiding a chat: Test Cases/05- Chat/06-Hiding a chat

2022-05-04 15:09:39 - [TEST_STEP][PASSED] - delay(3): Delayed 3 second(s)

2022-05-04 15:09:42 - [MESSAGE][PASSED] - Delayed 3 second(s)

2022-05-04 15:09:42 - [TEST_STEP][PASSED] - click(findTestObject("05-Chat/06-Hiding a chat/ellipsis_chat setting")): Object: 'Object Repository/05-Chat/06-Hiding a chat/ellipsis_chat setting' is clicked on

2022-05-04 15:10:12 - [MESSAGE][PASSED] - Object: 'Object Repository/05-Chat/06-Hiding a chat/ellipsis_chat setting' is clicked on

2022-05-04 15:10:12 - [TEST_STEP][PASSED] - delay(2): Delayed 2 second(s)

2022-05-04 15:10:14 - [MESSAGE][PASSED] - Delayed 2 second(s)

2022-05-04 15:10:14 - [TEST_STEP][PASSED] - verifyElementVisible(findTestObject("05-Chat/06-Hiding a chat/button_Group info")): Object 'Object Repository/05-Chat/06-Hiding a chat/button_Group info' is visible

2022-05-04 15:10:44 - [MESSAGE][PASSED] - Object 'Object Repository/05-Chat/06-Hiding a chat/button_Group info' is visible

2022-05-04 15:10:44 - [TEST_STEP][PASSED] - verifyElementVisible(findTestObject("05-Chat/06-Hiding a chat/button_Hide chat")): Object 'Object Repository/05-Chat/06-Hiding a chat/button_Hide chat' is visible

2022-05-04 15:11:14 - [MESSAGE][PASSED] - Object 'Object Repository/05-Chat/06-Hiding a chat/button_Hide chat' is visible

2022-05-04 15:11:14 - [TEST_STEP][PASSED] - delay(3): Delayed 3 second(s)

2022-05-04 15:11:17 - [MESSAGE][PASSED] - Delayed 3 second(s)

2022-05-04 15:11:17 - [TEST_STEP][PASSED] - click(findTestObject("05-Chat/06-Hiding a chat/button_Hide chat")): Object: 'Object Repository/05-Chat/06-Hiding a chat/button_Hide chat' is clicked on

2022-05-04 15:11:48 - [MESSAGE][PASSED] - Object: 'Object Repository/05-Chat/06-Hiding a chat/button_Hide chat' is clicked on

2022-05-04 15:11:48 - [TEST_STEP][PASSED] - delay(3): Delayed 3 second(s)

2022-05-04 15:11:51 - [MESSAGE][PASSED] - Delayed 3 second(s)

2022-05-04 15:11:51 - [TEST_STEP][PASSED] - refresh(): Refresh successfully

2022-05-04 15:11:53 - [MESSAGE][PASSED] - Refresh successfully

2022-05-04 15:11:53 - [TEST_STEP][PASSED] - delay(10): Delayed 10 second(s)

2022-05-04 15:12:03 - [MESSAGE][PASSED] - Delayed 10 second(s)

2022-05-04 15:12:03 - [TEST_STEP][PASSED] - verifyElementVisible(findTestObject("05-Chat/01- Creating a Chat group/div_No chat available")): Object 'Object Repository/05-Chat/01- Creating a Chat group/div_No chat available' is visible

2022-05-04 15:12:04 - [MESSAGE][PASSED] - Object 'Object Repository/05-Chat/01- Creating a Chat group/div_No chat available' is visible

2022-05-04 15:12:04 - [TEST_STEP][PASSED] - delay(1): Delayed 1 second(s)

2022-05-04 15:12:05 - [MESSAGE][PASSED] - Delayed 1 second(s)

2022-05-04 15:12:05 - [TEST_STEP][PASSED] - click(findTestObject("05-Chat/06-Hiding a chat/button_search")): Object: 'Object Repository/05-Chat/06-Hiding a chat/button_search' is clicked on

2022-05-04 15:12:06 - [MESSAGE][PASSED] - Object: 'Object Repository/05-Chat/06-Hiding a chat/button_search' is clicked on

2022-05-04 15:12:06 - [TEST_STEP][PASSED] - setText(findTestObject("05-Chat/06-Hiding a chat/input_search"), "Auto"): Text 'Auto' is set on object 'Object Repository/05-Chat/06-Hiding a chat/input_search'

2022-05-04 15:12:06 - [MESSAGE][PASSED] - Text 'Auto' is set on object 'Object Repository/05-Chat/06-Hiding a chat/input_search'

2022-05-04 15:12:06 - [TEST_STEP][PASSED] - delay(3): Delayed 3 second(s)

2022-05-04 15:12:09 - [MESSAGE][PASSED] - Delayed 3 second(s)

2022-05-04 15:12:09 - [TEST_STEP][PASSED] - click(findTestObject("05-Chat/02-Sending chat messages/div_AC")): Object: 'Object Repository/05-Chat/02-Sending chat messages/div_AC' is clicked on

2022-05-04 15:12:10 - [MESSAGE][PASSED] - Object: 'Object Repository/05-Chat/02-Sending chat messages/div_AC' is clicked on

2022-05-04 15:12:10 - [TEST_STEP][PASSED] - delay(5): Delayed 5 second(s)

2022-05-04 15:12:15 - [MESSAGE][PASSED] - Delayed 5 second(s)

2022-05-04 15:12:15 - [TEST_STEP][PASSED] - setText(findTestObject("05-Chat/02-Sending chat messages/textarea__msg"), "Test auto"): Text 'Test auto' is set on object 'Object Repository/05-Chat/02-Sending chat messages/textarea__msg'

2022-05-04 15:12:17 - [MESSAGE][PASSED] - Text 'Test auto' is set on object 'Object Repository/05-Chat/02-Sending chat messages/textarea__msg'

2022-05-04 15:12:17 - [TEST_STEP][PASSED] - click(findTestObject("05-Chat/02-Sending chat messages/button_send")): Object: 'Object Repository/05-Chat/02-Sending chat messages/button_send' is clicked on

2022-05-04 15:12:18 - [MESSAGE][PASSED] - Object: 'Object Repository/05-Chat/02-Sending chat messages/button_send' is clicked on

2022-05-04 15:12:18 - [TEST_STEP][PASSED] - delay(3): Delayed 3 second(s)

2022-05-04 15:12:21 - [MESSAGE][PASSED] - Delayed 3 second(s)

2022-05-04 15:12:21 - [TEST_STEP][PASSED] - refresh(): Refresh successfully

2022-05-04 15:12:23 - [MESSAGE][PASSED] - Refresh successfully

2022-05-04 15:12:23 - [TEST_STEP][PASSED] - delay(10): Delayed 10 second(s)

2022-05-04 15:12:33 - [MESSAGE][PASSED] - Delayed 10 second(s)]]></system-out>
         <system-err><![CDATA[]]></system-err>
      </testcase>
      <testcase name="Test Cases/05- Chat/07-Group Info" time="36.007" classname="Test Cases/05- Chat/07-Group Info" status="PASSED">
         <system-out><![CDATA[2022-05-04 15:12:33 - [TEST_CASE][PASSED] - Test Cases/05- Chat/07-Group Info: Test Cases/05- Chat/07-Group Info

2022-05-04 15:12:33 - [TEST_STEP][PASSED] - delay(1): Delayed 1 second(s)

2022-05-04 15:12:34 - [MESSAGE][PASSED] - Delayed 1 second(s)

2022-05-04 15:12:34 - [TEST_STEP][PASSED] - click(findTestObject("05-Chat/02-Sending chat messages/div_AC")): Object: 'Object Repository/05-Chat/02-Sending chat messages/div_AC' is clicked on

2022-05-04 15:12:34 - [MESSAGE][PASSED] - Object: 'Object Repository/05-Chat/02-Sending chat messages/div_AC' is clicked on

2022-05-04 15:12:34 - [TEST_STEP][PASSED] - delay(3): Delayed 3 second(s)

2022-05-04 15:12:37 - [MESSAGE][PASSED] - Delayed 3 second(s)

2022-05-04 15:12:37 - [TEST_STEP][PASSED] - click(findTestObject("05-Chat/06-Hiding a chat/ellipsis_chat setting")): Object: 'Object Repository/05-Chat/06-Hiding a chat/ellipsis_chat setting' is clicked on

2022-05-04 15:12:38 - [MESSAGE][PASSED] - Object: 'Object Repository/05-Chat/06-Hiding a chat/ellipsis_chat setting' is clicked on

2022-05-04 15:12:38 - [TEST_STEP][PASSED] - delay(2): Delayed 2 second(s)

2022-05-04 15:12:40 - [MESSAGE][PASSED] - Delayed 2 second(s)

2022-05-04 15:12:40 - [TEST_STEP][PASSED] - click(findTestObject("05-Chat/06-Hiding a chat/button_Group info")): Object: 'Object Repository/05-Chat/06-Hiding a chat/button_Group info' is clicked on

2022-05-04 15:12:40 - [MESSAGE][PASSED] - Object: 'Object Repository/05-Chat/06-Hiding a chat/button_Group info' is clicked on

2022-05-04 15:12:40 - [TEST_STEP][PASSED] - delay(2): Delayed 2 second(s)

2022-05-04 15:12:42 - [MESSAGE][PASSED] - Delayed 2 second(s)

2022-05-04 15:12:42 - [TEST_STEP][PASSED] - verifyElementVisible(findTestObject("05-Chat/06-Hiding a chat/Group info")): Object 'Object Repository/05-Chat/06-Hiding a chat/Group info' is visible

2022-05-04 15:12:43 - [MESSAGE][PASSED] - Object 'Object Repository/05-Chat/06-Hiding a chat/Group info' is visible

2022-05-04 15:12:43 - [TEST_STEP][PASSED] - delay(2): Delayed 2 second(s)

2022-05-04 15:12:45 - [MESSAGE][PASSED] - Delayed 2 second(s)

2022-05-04 15:12:45 - [TEST_STEP][PASSED] - click(findTestObject("05-Chat/07-Group Info/button_EDIT")): Object: 'Object Repository/05-Chat/07-Group Info/button_EDIT' is clicked on

2022-05-04 15:12:45 - [MESSAGE][PASSED] - Object: 'Object Repository/05-Chat/07-Group Info/button_EDIT' is clicked on

2022-05-04 15:12:45 - [TEST_STEP][PASSED] - setText(findTestObject("05-Chat/07-Group Info/input_groupName_edit"), "Automation Chat EDITED"): Text 'Automation Chat EDITED' is set on object 'Object Repository/05-Chat/07-Group Info/input_groupName_edit'

2022-05-04 15:12:47 - [MESSAGE][PASSED] - Text 'Automation Chat EDITED' is set on object 'Object Repository/05-Chat/07-Group Info/input_groupName_edit'

2022-05-04 15:12:47 - [TEST_STEP][PASSED] - click(findTestObject("05-Chat/07-Group Info/button_Save")): Object: 'Object Repository/05-Chat/07-Group Info/button_Save' is clicked on

2022-05-04 15:12:47 - [MESSAGE][PASSED] - Object: 'Object Repository/05-Chat/07-Group Info/button_Save' is clicked on

2022-05-04 15:12:47 - [TEST_STEP][PASSED] - verifyElementVisible(findTestObject("05-Chat/07-Group Info/Successfully changed group name msg")): Object 'Object Repository/05-Chat/07-Group Info/Successfully changed group name msg' is visible

2022-05-04 15:12:48 - [MESSAGE][PASSED] - Object 'Object Repository/05-Chat/07-Group Info/Successfully changed group name msg' is visible

2022-05-04 15:12:48 - [TEST_STEP][PASSED] - delay(3): Delayed 3 second(s)

2022-05-04 15:12:51 - [MESSAGE][PASSED] - Delayed 3 second(s)

2022-05-04 15:12:51 - [TEST_STEP][PASSED] - click(findTestObject("05-Chat/07-Group Info/div_GTGG tester")): Object: 'Object Repository/05-Chat/07-Group Info/div_GTGG tester' is clicked on

2022-05-04 15:12:52 - [MESSAGE][PASSED] - Object: 'Object Repository/05-Chat/07-Group Info/div_GTGG tester' is clicked on

2022-05-04 15:12:52 - [TEST_STEP][PASSED] - verifyElementVisible(findTestObject("05-Chat/07-Group Info/button_Message")): Object 'Object Repository/05-Chat/07-Group Info/button_Message' is visible

2022-05-04 15:12:52 - [MESSAGE][PASSED] - Object 'Object Repository/05-Chat/07-Group Info/button_Message' is visible

2022-05-04 15:12:52 - [TEST_STEP][PASSED] - verifyElementVisible(findTestObject("05-Chat/07-Group Info/button_Kick from group")): Object 'Object Repository/05-Chat/07-Group Info/button_Kick from group' is visible

2022-05-04 15:12:53 - [MESSAGE][PASSED] - Object 'Object Repository/05-Chat/07-Group Info/button_Kick from group' is visible

2022-05-04 15:12:53 - [TEST_STEP][PASSED] - delay(3): Delayed 3 second(s)

2022-05-04 15:12:56 - [MESSAGE][PASSED] - Delayed 3 second(s)

2022-05-04 15:12:56 - [TEST_STEP][PASSED] - click(findTestObject("05-Chat/07-Group Info/button_Kick from group")): Object: 'Object Repository/05-Chat/07-Group Info/button_Kick from group' is clicked on

2022-05-04 15:12:57 - [MESSAGE][PASSED] - Object: 'Object Repository/05-Chat/07-Group Info/button_Kick from group' is clicked on

2022-05-04 15:12:57 - [TEST_STEP][PASSED] - verifyElementVisible(findTestObject("05-Chat/07-Group Info/Successfully removed user from group msg")): Object 'Object Repository/05-Chat/07-Group Info/Successfully removed user from group msg' is visible

2022-05-04 15:12:58 - [MESSAGE][PASSED] - Object 'Object Repository/05-Chat/07-Group Info/Successfully removed user from group msg' is visible

2022-05-04 15:12:58 - [TEST_STEP][PASSED] - delay(3): Delayed 3 second(s)

2022-05-04 15:13:01 - [MESSAGE][PASSED] - Delayed 3 second(s)

2022-05-04 15:13:01 - [TEST_STEP][PASSED] - click(findTestObject("05-Chat/07-Group Info/div_Remove group")): Object: 'Object Repository/05-Chat/07-Group Info/div_Remove group' is clicked on

2022-05-04 15:13:02 - [MESSAGE][PASSED] - Object: 'Object Repository/05-Chat/07-Group Info/div_Remove group' is clicked on

2022-05-04 15:13:02 - [TEST_STEP][PASSED] - verifyElementVisible(findTestObject("05-Chat/07-Group Info/Successfully removed group msg")): Object 'Object Repository/05-Chat/07-Group Info/Successfully removed group msg' is visible

2022-05-04 15:13:05 - [MESSAGE][PASSED] - Object 'Object Repository/05-Chat/07-Group Info/Successfully removed group msg' is visible

2022-05-04 15:13:05 - [TEST_STEP][PASSED] - delay(3): Delayed 3 second(s)

2022-05-04 15:13:08 - [MESSAGE][PASSED] - Delayed 3 second(s)

2022-05-04 15:13:08 - [TEST_STEP][PASSED] - closeBrowser(): Browser is closed

2022-05-04 15:13:09 - [MESSAGE][PASSED] - Browser is closed]]></system-out>
         <system-err><![CDATA[]]></system-err>
      </testcase>
      <system-out><![CDATA[2022-05-04 14:51:33 - [TEST_SUITE][PASSED] - 05-Chat: Test Cases/05- Chat/07-Group Info]]></system-out>
      <system-err><![CDATA[]]></system-err>
   </testsuite>
</testsuites>
