<?xml version="1.0" encoding="UTF-8"?>
<testsuites name="05-Chat" time="4109.022" tests="10" failures="1" errors="0">
   <testsuite name="05-Chat" tests="10" failures="1" errors="0" time="4109.022" skipped="0" timestamp="2023-01-25 13:55:19" hostname="asus - DESKTOP-3L3J9C1" id="Test Suites/TS-Organization/05-Chat">
      <properties>
         <property name="deviceName" value=""/>
         <property name="devicePlatform" value=""/>
         <property name="logFolder" value="C:\\Users\\asus\\Katalon Studio\\Everleagues\\Everleagues\\Reports\\20230125_135450\\TS-Organization\\05-Chat\\20230125_135450"/>
         <property name="logFiles" value="C:\\Users\\asus\\Katalon Studio\\Everleagues\\Everleagues\\Reports\\20230125_135450\\TS-Organization\\05-Chat\\20230125_135450\\execution0.log"/>
         <property name="attachments" value="C:\\Users\\asus\\Katalon Studio\\Everleagues\\Everleagues\\Reports\\20230125_135450\\TS-Organization\\05-Chat\\20230125_135450\\1674630227297.png"/>
         <property name="hostName" value="asus - DESKTOP-3L3J9C1"/>
         <property name="os" value="Windows 10 64bit"/>
         <property name="katalonVersion" value="8.4.1.208"/>
         <property name="browser" value="Chrome 109.0.0.0"/>
         <property name="hostAddress" value="192.168.5.88"/>
         <property name="sessionId" value="24839a87a4a9b8b8ab37bd03e225560a"/>
         <property name="seleniumVersion" value="3.141.59"/>
         <property name="proxyInformation" value="ProxyInformation { proxyOption=NO_PROXY, proxyServerType=HTTP, username=, password=********, proxyServerAddress=, proxyServerPort=0, executionList=&quot;&quot;, isApplyToDesiredCapabilities=true }"/>
         <property name="platform" value="Windows 10"/>
      </properties>
      <testcase name="Test Cases/05- Chat/01-Creating a Chat group" time="828.421" classname="Test Cases/05- Chat/01-Creating a Chat group" status="PASSED">
         <system-out><![CDATA[2023-01-25 13:55:21 - [TEST_CASE][PASSED] - Test Cases/05- Chat/01-Creating a Chat group: Test Cases/05- Chat/01-Creating a Chat group

2023-01-25 13:55:25 - [TEST_STEP][PASSED] - openBrowser(""): Browser is opened with url: ''

2023-01-25 13:55:28 - [MESSAGE][INFO] - Starting 'Chrome' driver

2023-01-25 13:55:28 - [MESSAGE][INFO] - Action delay is set to 0 milliseconds

2023-01-25 13:55:39 - [MESSAGE][PASSED] - Browser is opened with url: ''

2023-01-25 13:55:39 - [TEST_STEP][PASSED] - navigateToUrl("https://lab.everleagues.com/"): Navigate to 'https://lab.everleagues.com/' successfully

2023-01-25 13:59:25 - [MESSAGE][PASSED] - Navigate to 'https://lab.everleagues.com/' successfully

2023-01-25 13:59:25 - [TEST_STEP][PASSED] - maximizeWindow(): Current window maximized

2023-01-25 13:59:26 - [MESSAGE][PASSED] - Current window maximized

2023-01-25 13:59:26 - [TEST_STEP][PASSED] - setText(findTestObject("02-Side Icons(Organization)/Add Contact/Email Field"), "testuser02@mailinator.com"): Text 'testuser02@mailinator.com' is set on object 'Object Repository/02-Side Icons(Organization)/Add Contact/Email Field'

2023-01-25 13:59:31 - [MESSAGE][PASSED] - Text 'testuser02@mailinator.com' is set on object 'Object Repository/02-Side Icons(Organization)/Add Contact/Email Field'

2023-01-25 13:59:31 - [TEST_STEP][PASSED] - setEncryptedText(findTestObject("02-Side Icons(Organization)/Add Contact/Password Field"), "8yFRyszE6U6jvsCn51OQbg=="): Text ****** has been set on object 'Object Repository/02-Side Icons(Organization)/Add Contact/Password Field'

2023-01-25 13:59:33 - [MESSAGE][PASSED] - Text ****** has been set on object 'Object Repository/02-Side Icons(Organization)/Add Contact/Password Field'

2023-01-25 13:59:33 - [TEST_STEP][PASSED] - click(findTestObject("02-Side Icons(Organization)/Add Contact/button_Sign in")): Object: 'Object Repository/02-Side Icons(Organization)/Add Contact/button_Sign in' is clicked on

2023-01-25 13:59:35 - [MESSAGE][PASSED] - Object: 'Object Repository/02-Side Icons(Organization)/Add Contact/button_Sign in' is clicked on

2023-01-25 13:59:35 - [TEST_STEP][PASSED] - delay(2): Delayed 2 second(s)

2023-01-25 13:59:37 - [MESSAGE][PASSED] - Delayed 2 second(s)

2023-01-25 13:59:37 - [TEST_STEP][PASSED] - click(findTestObject("06-Teams/For 2FA/button_Confirm_2FA")): Object: 'Object Repository/06-Teams/For 2FA/button_Confirm_2FA' is clicked on

2023-01-25 13:59:39 - [MESSAGE][PASSED] - Object: 'Object Repository/06-Teams/For 2FA/button_Confirm_2FA' is clicked on

2023-01-25 13:59:39 - [TEST_STEP][PASSED] - executeJavaScript("window.open();", []): Execute JavaScript 'window.open();' successfully

2023-01-25 13:59:40 - [MESSAGE][PASSED] - Execute JavaScript 'window.open();' successfully

2023-01-25 13:59:40 - [TEST_STEP][PASSED] - currentWindow = getWindowIndex(): Current window's index is: 0

2023-01-25 13:59:40 - [MESSAGE][PASSED] - Current window's index is: 0

2023-01-25 13:59:40 - [TEST_STEP][PASSED] - delay(3): Delayed 3 second(s)

2023-01-25 13:59:43 - [MESSAGE][PASSED] - Delayed 3 second(s)

2023-01-25 13:59:43 - [TEST_STEP][PASSED] - switchToWindowIndex(currentWindow + 1): Switched to window with index: '1'

2023-01-25 13:59:44 - [MESSAGE][PASSED] - Switched to window with index: '1'

2023-01-25 13:59:44 - [TEST_STEP][PASSED] - navigateToUrl("https://www.mailinator.com/"): Navigate to 'https://www.mailinator.com/' successfully

2023-01-25 13:59:53 - [MESSAGE][PASSED] - Navigate to 'https://www.mailinator.com/' successfully

2023-01-25 13:59:53 - [TEST_STEP][PASSED] - delay(3): Delayed 3 second(s)

2023-01-25 13:59:56 - [MESSAGE][PASSED] - Delayed 3 second(s)

2023-01-25 13:59:56 - [TEST_STEP][PASSED] - setText(findTestObject("00-Signup and Activation/zMailinator/input_LOGIN_search"), "testuser02@mailinator.com"): Text 'testuser02@mailinator.com' is set on object 'Object Repository/00-Signup and Activation/zMailinator/input_LOGIN_search'

2023-01-25 13:59:59 - [MESSAGE][PASSED] - Text 'testuser02@mailinator.com' is set on object 'Object Repository/00-Signup and Activation/zMailinator/input_LOGIN_search'

2023-01-25 13:59:59 - [TEST_STEP][PASSED] - click(findTestObject("00-Signup and Activation/zMailinator/gobutton"), STOP_ON_FAILURE): Object: 'Object Repository/00-Signup and Activation/zMailinator/gobutton' is clicked on

2023-01-25 14:00:03 - [MESSAGE][PASSED] - Object: 'Object Repository/00-Signup and Activation/zMailinator/gobutton' is clicked on

2023-01-25 14:00:03 - [TEST_STEP][PASSED] - delay(3): Delayed 3 second(s)

2023-01-25 14:00:06 - [MESSAGE][PASSED] - Delayed 3 second(s)

2023-01-25 14:00:06 - [TEST_STEP][PASSED] - click(findTestObject("00-Signup and Activation/zMailinator/Email - everleagues")): Object: 'Object Repository/00-Signup and Activation/zMailinator/Email - everleagues' is clicked on

2023-01-25 14:00:07 - [MESSAGE][PASSED] - Object: 'Object Repository/00-Signup and Activation/zMailinator/Email - everleagues' is clicked on

2023-01-25 14:00:07 - [TEST_STEP][PASSED] - delay(3): Delayed 3 second(s)

2023-01-25 14:00:10 - [MESSAGE][PASSED] - Delayed 3 second(s)

2023-01-25 14:00:10 - [TEST_STEP][PASSED] - code = getText(findTestObject("Object Repository/06-Teams/For 2FA/2FA code")): Text of object 'Object Repository/06-Teams/For 2FA/2FA code' is: '041985'

2023-01-25 14:00:12 - [MESSAGE][PASSED] - Text of object 'Object Repository/06-Teams/For 2FA/2FA code' is: '041985'

2023-01-25 14:00:12 - [TEST_STEP][PASSED] - delay(3): Delayed 3 second(s)

2023-01-25 14:00:15 - [MESSAGE][PASSED] - Delayed 3 second(s)

2023-01-25 14:00:15 - [TEST_STEP][PASSED] - closeWindowTitle("Mailinator"): Window with title: 'Mailinator' is closed

2023-01-25 14:00:16 - [MESSAGE][PASSED] - Window with title: 'Mailinator' is closed

2023-01-25 14:00:16 - [TEST_STEP][PASSED] - delay(3): Delayed 3 second(s)

2023-01-25 14:00:19 - [MESSAGE][PASSED] - Delayed 3 second(s)

2023-01-25 14:00:19 - [TEST_STEP][PASSED] - switchToWindowIndex(0): Switched to window with index: '0'

2023-01-25 14:00:19 - [MESSAGE][PASSED] - Switched to window with index: '0'

2023-01-25 14:00:19 - [TEST_STEP][PASSED] - delay(3): Delayed 3 second(s)

2023-01-25 14:00:22 - [MESSAGE][PASSED] - Delayed 3 second(s)

2023-01-25 14:00:22 - [TEST_STEP][PASSED] - setText(findTestObject("Object Repository/06-Teams/For 2FA/input_Enter verification code_code"), code): Text '041985' is set on object 'Object Repository/06-Teams/For 2FA/input_Enter verification code_code'

2023-01-25 14:00:24 - [MESSAGE][PASSED] - Text '041985' is set on object 'Object Repository/06-Teams/For 2FA/input_Enter verification code_code'

2023-01-25 14:00:24 - [TEST_STEP][PASSED] - delay(3): Delayed 3 second(s)

2023-01-25 14:00:27 - [MESSAGE][PASSED] - Delayed 3 second(s)

2023-01-25 14:00:27 - [TEST_STEP][PASSED] - click(findTestObject("06-Teams/For 2FA/button_Verify_2FA")): Object: 'Object Repository/06-Teams/For 2FA/button_Verify_2FA' is clicked on

2023-01-25 14:00:28 - [MESSAGE][PASSED] - Object: 'Object Repository/06-Teams/For 2FA/button_Verify_2FA' is clicked on

2023-01-25 14:00:28 - [TEST_STEP][PASSED] - delay(5): Delayed 5 second(s)

2023-01-25 14:00:33 - [MESSAGE][PASSED] - Delayed 5 second(s)

2023-01-25 14:00:33 - [TEST_STEP][PASSED] - click(findTestObject("02-Side Icons(Organization)/Add Contact/Side Menu double arrow icon")): Object: 'Object Repository/02-Side Icons(Organization)/Add Contact/Side Menu double arrow icon' is clicked on

2023-01-25 14:00:36 - [MESSAGE][PASSED] - Object: 'Object Repository/02-Side Icons(Organization)/Add Contact/Side Menu double arrow icon' is clicked on

2023-01-25 14:00:36 - [TEST_STEP][PASSED] - delay(2): Delayed 2 second(s)

2023-01-25 14:00:38 - [MESSAGE][PASSED] - Delayed 2 second(s)

2023-01-25 14:00:38 - [TEST_STEP][PASSED] - click(findTestObject("02-Side Icons(Organization)/Add Contact/button_My Organizations")): Object: 'Object Repository/02-Side Icons(Organization)/Add Contact/button_My Organizations' is clicked on

2023-01-25 14:00:40 - [MESSAGE][PASSED] - Object: 'Object Repository/02-Side Icons(Organization)/Add Contact/button_My Organizations' is clicked on

2023-01-25 14:00:40 - [TEST_STEP][PASSED] - delay(2): Delayed 2 second(s)

2023-01-25 14:00:42 - [MESSAGE][PASSED] - Delayed 2 second(s)

2023-01-25 14:00:42 - [TEST_STEP][PASSED] - click(findTestObject("02-Side Icons(Organization)/Add Contact/button_Automation Test Org")): Object: 'Object Repository/02-Side Icons(Organization)/Add Contact/button_Automation Test Org' is clicked on

2023-01-25 14:00:43 - [MESSAGE][PASSED] - Object: 'Object Repository/02-Side Icons(Organization)/Add Contact/button_Automation Test Org' is clicked on

2023-01-25 14:00:43 - [TEST_STEP][PASSED] - delay(2): Delayed 2 second(s)

2023-01-25 14:00:45 - [MESSAGE][PASSED] - Delayed 2 second(s)

2023-01-25 14:00:45 - [TEST_STEP][PASSED] - verifyElementVisible(findTestObject("02-Side Icons(Organization)/Add Contact/span_Automation Test Org")): Object 'Object Repository/02-Side Icons(Organization)/Add Contact/span_Automation Test Org' is visible

2023-01-25 14:00:46 - [MESSAGE][PASSED] - Object 'Object Repository/02-Side Icons(Organization)/Add Contact/span_Automation Test Org' is visible

2023-01-25 14:00:46 - [TEST_STEP][PASSED] - click(findTestObject("05-Chat/01- Creating a Chat group/div_Chat")): Object: 'Object Repository/05-Chat/01- Creating a Chat group/div_Chat' is clicked on

2023-01-25 14:00:56 - [MESSAGE][PASSED] - Object: 'Object Repository/05-Chat/01- Creating a Chat group/div_Chat' is clicked on

2023-01-25 14:00:56 - [TEST_STEP][PASSED] - delay(1): Delayed 1 second(s)

2023-01-25 14:00:57 - [MESSAGE][PASSED] - Delayed 1 second(s)

2023-01-25 14:00:57 - [TEST_STEP][PASSED] - verifyElementVisible(findTestObject("05-Chat/01- Creating a Chat group/h4_CHAT")): Object 'Object Repository/05-Chat/01- Creating a Chat group/h4_CHAT' is visible

2023-01-25 14:01:29 - [MESSAGE][PASSED] - Object 'Object Repository/05-Chat/01- Creating a Chat group/h4_CHAT' is visible

2023-01-25 14:01:29 - [TEST_STEP][PASSED] - verifyElementVisible(findTestObject("05-Chat/01- Creating a Chat group/div_No chat available")): Object 'Object Repository/05-Chat/01- Creating a Chat group/div_No chat available' is visible

2023-01-25 14:02:00 - [MESSAGE][PASSED] - Object 'Object Repository/05-Chat/01- Creating a Chat group/div_No chat available' is visible

2023-01-25 14:02:00 - [TEST_STEP][PASSED] - verifyElementVisible(findTestObject("05-Chat/01- Creating a Chat group/h5_Chat securely with your contacts here")): Object 'Object Repository/05-Chat/01- Creating a Chat group/h5_Chat securely with your contacts here' is visible

2023-01-25 14:02:31 - [MESSAGE][PASSED] - Object 'Object Repository/05-Chat/01- Creating a Chat group/h5_Chat securely with your contacts here' is visible

2023-01-25 14:02:31 - [TEST_STEP][PASSED] - delay(3): Delayed 3 second(s)

2023-01-25 14:02:34 - [MESSAGE][PASSED] - Delayed 3 second(s)

2023-01-25 14:02:34 - [TEST_STEP][PASSED] - click(findTestObject("05-Chat/01- Creating a Chat group/new chat icon")): Object: 'Object Repository/05-Chat/01- Creating a Chat group/new chat icon' is clicked on

2023-01-25 14:03:05 - [MESSAGE][PASSED] - Object: 'Object Repository/05-Chat/01- Creating a Chat group/new chat icon' is clicked on

2023-01-25 14:03:05 - [TEST_STEP][PASSED] - delay(5): Delayed 5 second(s)

2023-01-25 14:03:10 - [MESSAGE][PASSED] - Delayed 5 second(s)

2023-01-25 14:03:10 - [TEST_STEP][PASSED] - click(findTestObject("05-Chat/01- Creating a Chat group/div_New Group Chat")): Object: 'Object Repository/05-Chat/01- Creating a Chat group/div_New Group Chat' is clicked on

2023-01-25 14:03:42 - [MESSAGE][PASSED] - Object: 'Object Repository/05-Chat/01- Creating a Chat group/div_New Group Chat' is clicked on

2023-01-25 14:03:42 - [TEST_STEP][PASSED] - delay(1): Delayed 1 second(s)

2023-01-25 14:03:43 - [MESSAGE][PASSED] - Delayed 1 second(s)

2023-01-25 14:03:43 - [TEST_STEP][PASSED] - verifyElementVisible(findTestObject("05-Chat/01- Creating a Chat group/span_Add group participant")): Object 'Object Repository/05-Chat/01- Creating a Chat group/span_Add group participant' is visible

2023-01-25 14:04:14 - [MESSAGE][PASSED] - Object 'Object Repository/05-Chat/01- Creating a Chat group/span_Add group participant' is visible

2023-01-25 14:04:14 - [TEST_STEP][PASSED] - verifyElementNotPresent(findTestObject("05-Chat/01- Creating a Chat group/button_arrow_forward"), 0): Web element with id: 'Object Repository/05-Chat/01- Creating a Chat group/button_arrow_forward' located by 'By.xpath: //button[@type = 'button' and @ng-reflect-disabled = 'false' and (text() = 'arrow_forward' or . = 'arrow_forward')]' is not present after '30' second(s)

2023-01-25 14:04:15 - [MESSAGE][WARNING] - Timeout '0' is invalid. Using default page load timeout: '30'

2023-01-25 14:04:47 - [MESSAGE][PASSED] - Web element with id: 'Object Repository/05-Chat/01- Creating a Chat group/button_arrow_forward' located by 'By.xpath: //button[@type = 'button' and @ng-reflect-disabled = 'false' and (text() = 'arrow_forward' or . = 'arrow_forward')]' is not present after '30' second(s)

2023-01-25 14:04:47 - [TEST_STEP][PASSED] - delay(1): Delayed 1 second(s)

2023-01-25 14:04:48 - [MESSAGE][PASSED] - Delayed 1 second(s)

2023-01-25 14:04:48 - [TEST_STEP][PASSED] - setText(findTestObject("05-Chat/01- Creating a Chat group/input_newGroupName"), "Automation Chat"): Text 'Automation Chat' is set on object 'Object Repository/05-Chat/01- Creating a Chat group/input_newGroupName'

2023-01-25 14:05:51 - [MESSAGE][PASSED] - Text 'Automation Chat' is set on object 'Object Repository/05-Chat/01- Creating a Chat group/input_newGroupName'

2023-01-25 14:05:51 - [TEST_STEP][PASSED] - click(findTestObject("05-Chat/01- Creating a Chat group/div_GTGG tester")): Object: 'Object Repository/05-Chat/01- Creating a Chat group/div_GTGG tester' is clicked on

2023-01-25 14:06:23 - [MESSAGE][PASSED] - Object: 'Object Repository/05-Chat/01- Creating a Chat group/div_GTGG tester' is clicked on

2023-01-25 14:06:23 - [TEST_STEP][PASSED] - verifyElementVisible(findTestObject("05-Chat/01- Creating a Chat group/GG tester added")): Object 'Object Repository/05-Chat/01- Creating a Chat group/GG tester added' is visible

2023-01-25 14:06:54 - [MESSAGE][PASSED] - Object 'Object Repository/05-Chat/01- Creating a Chat group/GG tester added' is visible

2023-01-25 14:06:54 - [TEST_STEP][PASSED] - delay(1): Delayed 1 second(s)

2023-01-25 14:06:56 - [MESSAGE][PASSED] - Delayed 1 second(s)

2023-01-25 14:06:56 - [TEST_STEP][PASSED] - click(findTestObject("05-Chat/01- Creating a Chat group/div_GTGG tester 2")): Object: 'Object Repository/05-Chat/01- Creating a Chat group/div_GTGG tester 2' is clicked on

2023-01-25 14:07:27 - [MESSAGE][PASSED] - Object: 'Object Repository/05-Chat/01- Creating a Chat group/div_GTGG tester 2' is clicked on

2023-01-25 14:07:27 - [TEST_STEP][PASSED] - verifyElementVisible(findTestObject("05-Chat/01- Creating a Chat group/GG tester 2 added")): Object 'Object Repository/05-Chat/01- Creating a Chat group/GG tester 2 added' is visible

2023-01-25 14:07:58 - [MESSAGE][PASSED] - Object 'Object Repository/05-Chat/01- Creating a Chat group/GG tester 2 added' is visible

2023-01-25 14:07:58 - [TEST_STEP][PASSED] - delay(1): Delayed 1 second(s)

2023-01-25 14:07:59 - [MESSAGE][PASSED] - Delayed 1 second(s)

2023-01-25 14:07:59 - [TEST_STEP][PASSED] - click(findTestObject("05-Chat/01- Creating a Chat group/button_arrow_forward")): Object: 'Object Repository/05-Chat/01- Creating a Chat group/button_arrow_forward' is clicked on

2023-01-25 14:08:31 - [MESSAGE][PASSED] - Object: 'Object Repository/05-Chat/01- Creating a Chat group/button_arrow_forward' is clicked on

2023-01-25 14:08:31 - [TEST_STEP][PASSED] - delay(3): Delayed 3 second(s)

2023-01-25 14:08:34 - [MESSAGE][PASSED] - Delayed 3 second(s)

2023-01-25 14:08:34 - [TEST_STEP][PASSED] - verifyElementVisible(findTestObject("05-Chat/01- Creating a Chat group/div_Automation Chat")): Object 'Object Repository/05-Chat/01- Creating a Chat group/div_Automation Chat' is visible

2023-01-25 14:09:06 - [MESSAGE][PASSED] - Object 'Object Repository/05-Chat/01- Creating a Chat group/div_Automation Chat' is visible

2023-01-25 14:09:06 - [TEST_STEP][PASSED] - delay(3): Delayed 3 second(s)

2023-01-25 14:09:09 - [MESSAGE][PASSED] - Delayed 3 second(s)]]></system-out>
         <system-err><![CDATA[]]></system-err>
      </testcase>
      <testcase name="Test Cases/05- Chat/02-Sending chat messages" time="512.668" classname="Test Cases/05- Chat/02-Sending chat messages" status="PASSED">
         <system-out><![CDATA[2023-01-25 14:09:10 - [TEST_CASE][PASSED] - Test Cases/05- Chat/02-Sending chat messages: Test Cases/05- Chat/02-Sending chat messages

2023-01-25 14:09:14 - [TEST_STEP][PASSED] - click(findTestObject("05-Chat/02-Sending chat messages/div_AC")): Object: 'Object Repository/05-Chat/02-Sending chat messages/div_AC' is clicked on

2023-01-25 14:09:47 - [MESSAGE][PASSED] - Object: 'Object Repository/05-Chat/02-Sending chat messages/div_AC' is clicked on

2023-01-25 14:09:47 - [TEST_STEP][PASSED] - setText(findTestObject("05-Chat/02-Sending chat messages/textarea__msg"), "Testing automation"): Text 'Testing automation' is set on object 'Object Repository/05-Chat/02-Sending chat messages/textarea__msg'

2023-01-25 14:10:51 - [MESSAGE][PASSED] - Text 'Testing automation' is set on object 'Object Repository/05-Chat/02-Sending chat messages/textarea__msg'

2023-01-25 14:10:51 - [TEST_STEP][PASSED] - click(findTestObject("05-Chat/02-Sending chat messages/button_send")): Object: 'Object Repository/05-Chat/02-Sending chat messages/button_send' is clicked on

2023-01-25 14:11:24 - [MESSAGE][PASSED] - Object: 'Object Repository/05-Chat/02-Sending chat messages/button_send' is clicked on

2023-01-25 14:11:24 - [TEST_STEP][PASSED] - verifyElementVisible(findTestObject("05-Chat/02-Sending chat messages/verify_Testing automation msg")): Object 'Object Repository/05-Chat/02-Sending chat messages/verify_Testing automation msg' is visible

2023-01-25 14:11:57 - [MESSAGE][PASSED] - Object 'Object Repository/05-Chat/02-Sending chat messages/verify_Testing automation msg' is visible

2023-01-25 14:11:57 - [TEST_STEP][PASSED] - delay(3): Delayed 3 second(s)

2023-01-25 14:12:00 - [MESSAGE][PASSED] - Delayed 3 second(s)

2023-01-25 14:12:00 - [TEST_STEP][PASSED] - click(findTestObject("05-Chat/02-Sending chat messages/button_insert_emoticon")): Object: 'Object Repository/05-Chat/02-Sending chat messages/button_insert_emoticon' is clicked on

2023-01-25 14:12:32 - [MESSAGE][PASSED] - Object: 'Object Repository/05-Chat/02-Sending chat messages/button_insert_emoticon' is clicked on

2023-01-25 14:12:32 - [TEST_STEP][PASSED] - verifyElementVisible(findTestObject("05-Chat/02-Sending chat messages/Frequently used")): Object 'Object Repository/05-Chat/02-Sending chat messages/Frequently used' is visible

2023-01-25 14:13:04 - [MESSAGE][PASSED] - Object 'Object Repository/05-Chat/02-Sending chat messages/Frequently used' is visible

2023-01-25 14:13:04 - [TEST_STEP][PASSED] - verifyElementVisible(findTestObject("05-Chat/02-Sending chat messages/smiley and people")): Object 'Object Repository/05-Chat/02-Sending chat messages/smiley and people' is visible

2023-01-25 14:13:35 - [MESSAGE][PASSED] - Object 'Object Repository/05-Chat/02-Sending chat messages/smiley and people' is visible

2023-01-25 14:13:35 - [TEST_STEP][PASSED] - verifyElementVisible(findTestObject("05-Chat/02-Sending chat messages/Animals and nature")): Object 'Object Repository/05-Chat/02-Sending chat messages/Animals and nature' is visible

2023-01-25 14:14:06 - [MESSAGE][PASSED] - Object 'Object Repository/05-Chat/02-Sending chat messages/Animals and nature' is visible

2023-01-25 14:14:06 - [TEST_STEP][PASSED] - verifyElementVisible(findTestObject("05-Chat/02-Sending chat messages/Food and drink")): Object 'Object Repository/05-Chat/02-Sending chat messages/Food and drink' is visible

2023-01-25 14:14:20 - [MESSAGE][PASSED] - Object 'Object Repository/05-Chat/02-Sending chat messages/Food and drink' is visible

2023-01-25 14:14:20 - [TEST_STEP][PASSED] - verifyElementVisible(findTestObject("05-Chat/02-Sending chat messages/Activity")): Object 'Object Repository/05-Chat/02-Sending chat messages/Activity' is visible

2023-01-25 14:14:52 - [MESSAGE][PASSED] - Object 'Object Repository/05-Chat/02-Sending chat messages/Activity' is visible

2023-01-25 14:14:52 - [TEST_STEP][PASSED] - verifyElementVisible(findTestObject("05-Chat/02-Sending chat messages/Travel and places")): Object 'Object Repository/05-Chat/02-Sending chat messages/Travel and places' is visible

2023-01-25 14:15:24 - [MESSAGE][PASSED] - Object 'Object Repository/05-Chat/02-Sending chat messages/Travel and places' is visible

2023-01-25 14:15:24 - [TEST_STEP][PASSED] - verifyElementVisible(findTestObject("05-Chat/02-Sending chat messages/Objects")): Object 'Object Repository/05-Chat/02-Sending chat messages/Objects' is visible

2023-01-25 14:15:56 - [MESSAGE][PASSED] - Object 'Object Repository/05-Chat/02-Sending chat messages/Objects' is visible

2023-01-25 14:15:56 - [TEST_STEP][PASSED] - verifyElementVisible(findTestObject("05-Chat/02-Sending chat messages/Symbols")): Object 'Object Repository/05-Chat/02-Sending chat messages/Symbols' is visible

2023-01-25 14:16:27 - [MESSAGE][PASSED] - Object 'Object Repository/05-Chat/02-Sending chat messages/Symbols' is visible

2023-01-25 14:16:27 - [TEST_STEP][PASSED] - delay(2): Delayed 2 second(s)

2023-01-25 14:16:29 - [MESSAGE][PASSED] - Delayed 2 second(s)

2023-01-25 14:16:29 - [TEST_STEP][PASSED] - click(findTestObject("05-Chat/02-Sending chat messages/Money Face")): Object: 'Object Repository/05-Chat/02-Sending chat messages/Money Face' is clicked on

2023-01-25 14:17:02 - [MESSAGE][PASSED] - Object: 'Object Repository/05-Chat/02-Sending chat messages/Money Face' is clicked on

2023-01-25 14:17:02 - [TEST_STEP][PASSED] - click(findTestObject("05-Chat/02-Sending chat messages/button_send")): Object: 'Object Repository/05-Chat/02-Sending chat messages/button_send' is clicked on

2023-01-25 14:17:05 - [MESSAGE][PASSED] - Object: 'Object Repository/05-Chat/02-Sending chat messages/button_send' is clicked on

2023-01-25 14:17:05 - [TEST_STEP][PASSED] - delay(2): Delayed 2 second(s)

2023-01-25 14:17:07 - [MESSAGE][PASSED] - Delayed 2 second(s)

2023-01-25 14:17:07 - [TEST_STEP][PASSED] - verifyElementVisible(findTestObject("05-Chat/02-Sending chat messages/money face in chat")): Object 'Object Repository/05-Chat/02-Sending chat messages/money face in chat' is visible

2023-01-25 14:17:39 - [MESSAGE][PASSED] - Object 'Object Repository/05-Chat/02-Sending chat messages/money face in chat' is visible

2023-01-25 14:17:39 - [TEST_STEP][PASSED] - delay(3): Delayed 3 second(s)

2023-01-25 14:17:42 - [MESSAGE][PASSED] - Delayed 3 second(s)]]></system-out>
         <system-err><![CDATA[]]></system-err>
      </testcase>
      <testcase name="Test Cases/05- Chat/03-React to a message" time="438.757" classname="Test Cases/05- Chat/03-React to a message" status="PASSED">
         <system-out><![CDATA[2023-01-25 14:17:43 - [TEST_CASE][PASSED] - Test Cases/05- Chat/03-React to a message: Test Cases/05- Chat/03-React to a message

2023-01-25 14:17:46 - [TEST_STEP][PASSED] - mouseOver(findTestObject("05-Chat/03-05 - React and Reply/div_chat")): Object: 'Object Repository/05-Chat/03-05 - React and Reply/div_chat' is hovered

2023-01-25 14:18:19 - [MESSAGE][PASSED] - Object: 'Object Repository/05-Chat/03-05 - React and Reply/div_chat' is hovered

2023-01-25 14:18:19 - [TEST_STEP][PASSED] - click(findTestObject("05-Chat/03-05 - React and Reply/mat-icon_mood")): Object: 'Object Repository/05-Chat/03-05 - React and Reply/mat-icon_mood' is clicked on

2023-01-25 14:18:51 - [MESSAGE][PASSED] - Object: 'Object Repository/05-Chat/03-05 - React and Reply/mat-icon_mood' is clicked on

2023-01-25 14:18:51 - [TEST_STEP][PASSED] - click(findTestObject("05-Chat/03-05 - React and Reply/button_react_like")): Object: 'Object Repository/05-Chat/03-05 - React and Reply/button_react_like' is clicked on

2023-01-25 14:19:23 - [MESSAGE][PASSED] - Object: 'Object Repository/05-Chat/03-05 - React and Reply/button_react_like' is clicked on

2023-01-25 14:19:23 - [TEST_STEP][PASSED] - delay(2): Delayed 2 second(s)

2023-01-25 14:19:25 - [MESSAGE][PASSED] - Delayed 2 second(s)

2023-01-25 14:19:25 - [TEST_STEP][PASSED] - mouseOver(findTestObject("05-Chat/03-05 - React and Reply/div_chat")): Object: 'Object Repository/05-Chat/03-05 - React and Reply/div_chat' is hovered

2023-01-25 14:19:59 - [MESSAGE][PASSED] - Object: 'Object Repository/05-Chat/03-05 - React and Reply/div_chat' is hovered

2023-01-25 14:19:59 - [TEST_STEP][PASSED] - click(findTestObject("05-Chat/03-05 - React and Reply/mat-icon_mood")): Object: 'Object Repository/05-Chat/03-05 - React and Reply/mat-icon_mood' is clicked on

2023-01-25 14:20:31 - [MESSAGE][PASSED] - Object: 'Object Repository/05-Chat/03-05 - React and Reply/mat-icon_mood' is clicked on

2023-01-25 14:20:31 - [TEST_STEP][PASSED] - click(findTestObject("05-Chat/03-05 - React and Reply/button_react_heart")): Object: 'Object Repository/05-Chat/03-05 - React and Reply/button_react_heart' is clicked on

2023-01-25 14:21:03 - [MESSAGE][PASSED] - Object: 'Object Repository/05-Chat/03-05 - React and Reply/button_react_heart' is clicked on

2023-01-25 14:21:03 - [TEST_STEP][PASSED] - delay(2): Delayed 2 second(s)

2023-01-25 14:21:05 - [MESSAGE][PASSED] - Delayed 2 second(s)

2023-01-25 14:21:05 - [TEST_STEP][PASSED] - click(findTestObject("05-Chat/03-05 - React and Reply/div_react_heart")): Object: 'Object Repository/05-Chat/03-05 - React and Reply/div_react_heart' is clicked on

2023-01-25 14:21:39 - [MESSAGE][PASSED] - Object: 'Object Repository/05-Chat/03-05 - React and Reply/div_react_heart' is clicked on

2023-01-25 14:21:39 - [TEST_STEP][PASSED] - verifyElementVisible(findTestObject("05-Chat/03-05 - React and Reply/h4_Message Reactions")): Object 'Object Repository/05-Chat/03-05 - React and Reply/h4_Message Reactions' is visible

2023-01-25 14:22:10 - [MESSAGE][PASSED] - Object 'Object Repository/05-Chat/03-05 - React and Reply/h4_Message Reactions' is visible

2023-01-25 14:22:10 - [TEST_STEP][PASSED] - click(findTestObject("05-Chat/03-05 - React and Reply/div_react_All")): Object: 'Object Repository/05-Chat/03-05 - React and Reply/div_react_All' is clicked on

2023-01-25 14:22:42 - [MESSAGE][PASSED] - Object: 'Object Repository/05-Chat/03-05 - React and Reply/div_react_All' is clicked on

2023-01-25 14:22:42 - [TEST_STEP][PASSED] - verifyElementVisible(findTestObject("05-Chat/03-05 - React and Reply/div_GG TESTER Click to remove")): Object 'Object Repository/05-Chat/03-05 - React and Reply/div_GG TESTER Click to remove' is visible

2023-01-25 14:23:13 - [MESSAGE][PASSED] - Object 'Object Repository/05-Chat/03-05 - React and Reply/div_GG TESTER Click to remove' is visible

2023-01-25 14:23:13 - [TEST_STEP][PASSED] - delay(2): Delayed 2 second(s)

2023-01-25 14:23:15 - [MESSAGE][PASSED] - Delayed 2 second(s)

2023-01-25 14:23:15 - [TEST_STEP][PASSED] - click(findTestObject("05-Chat/03-05 - React and Reply/div_react")): Object: 'Object Repository/05-Chat/03-05 - React and Reply/div_react' is clicked on

2023-01-25 14:23:47 - [MESSAGE][PASSED] - Object: 'Object Repository/05-Chat/03-05 - React and Reply/div_react' is clicked on

2023-01-25 14:23:47 - [TEST_STEP][PASSED] - verifyElementVisible(findTestObject("05-Chat/03-05 - React and Reply/div_GG TESTER Click to remove")): Object 'Object Repository/05-Chat/03-05 - React and Reply/div_GG TESTER Click to remove' is visible

2023-01-25 14:24:18 - [MESSAGE][PASSED] - Object 'Object Repository/05-Chat/03-05 - React and Reply/div_GG TESTER Click to remove' is visible

2023-01-25 14:24:18 - [TEST_STEP][PASSED] - clickOffset(findTestObject("05-Chat/03-05 - React and Reply/div_react_heart"), 10, 0): Object: 'Object Repository/05-Chat/03-05 - React and Reply/div_react_heart' is clicked on using offset x=10 and y=0

2023-01-25 14:24:51 - [MESSAGE][PASSED] - Object: 'Object Repository/05-Chat/03-05 - React and Reply/div_react_heart' is clicked on using offset x=10 and y=0

2023-01-25 14:24:51 - [TEST_STEP][PASSED] - delay(10): Delayed 10 second(s)

2023-01-25 14:25:01 - [MESSAGE][PASSED] - Delayed 10 second(s)]]></system-out>
         <system-err><![CDATA[]]></system-err>
      </testcase>
      <testcase name="Test Cases/05- Chat/04-Remove react on a message" time="136.509" classname="Test Cases/05- Chat/04-Remove react on a message" status="PASSED">
         <system-out><![CDATA[2023-01-25 14:25:02 - [TEST_CASE][PASSED] - Test Cases/05- Chat/04-Remove react on a message: Test Cases/05- Chat/04-Remove react on a message

2023-01-25 14:25:05 - [TEST_STEP][PASSED] - click(findTestObject("05-Chat/03-05 - React and Reply/div_react_heart")): Object: 'Object Repository/05-Chat/03-05 - React and Reply/div_react_heart' is clicked on

2023-01-25 14:25:37 - [MESSAGE][PASSED] - Object: 'Object Repository/05-Chat/03-05 - React and Reply/div_react_heart' is clicked on

2023-01-25 14:25:37 - [TEST_STEP][PASSED] - verifyElementVisible(findTestObject("05-Chat/03-05 - React and Reply/h4_Message Reactions")): Object 'Object Repository/05-Chat/03-05 - React and Reply/h4_Message Reactions' is visible

2023-01-25 14:26:08 - [MESSAGE][PASSED] - Object 'Object Repository/05-Chat/03-05 - React and Reply/h4_Message Reactions' is visible

2023-01-25 14:26:08 - [TEST_STEP][PASSED] - click(findTestObject("05-Chat/03-05 - React and Reply/div_react_All")): Object: 'Object Repository/05-Chat/03-05 - React and Reply/div_react_All' is clicked on

2023-01-25 14:26:40 - [MESSAGE][PASSED] - Object: 'Object Repository/05-Chat/03-05 - React and Reply/div_react_All' is clicked on

2023-01-25 14:26:40 - [TEST_STEP][PASSED] - click(findTestObject("05-Chat/03-05 - React and Reply/div_GG TESTER Click to remove")): Object: 'Object Repository/05-Chat/03-05 - React and Reply/div_GG TESTER Click to remove' is clicked on

2023-01-25 14:27:13 - [MESSAGE][PASSED] - Object: 'Object Repository/05-Chat/03-05 - React and Reply/div_GG TESTER Click to remove' is clicked on

2023-01-25 14:27:13 - [TEST_STEP][PASSED] - delay(5): Delayed 5 second(s)

2023-01-25 14:27:18 - [MESSAGE][PASSED] - Delayed 5 second(s)]]></system-out>
         <system-err><![CDATA[]]></system-err>
      </testcase>
      <testcase name="Test Cases/05- Chat/05-Reply on a message" time="429.291" classname="Test Cases/05- Chat/05-Reply on a message" status="PASSED">
         <system-out><![CDATA[2023-01-25 14:27:18 - [TEST_CASE][PASSED] - Test Cases/05- Chat/05-Reply on a message: Test Cases/05- Chat/05-Reply on a message

2023-01-25 14:27:23 - [TEST_STEP][PASSED] - mouseOver(findTestObject("05-Chat/03-05 - React and Reply/div_chat")): Object: 'Object Repository/05-Chat/03-05 - React and Reply/div_chat' is hovered

2023-01-25 14:27:55 - [MESSAGE][PASSED] - Object: 'Object Repository/05-Chat/03-05 - React and Reply/div_chat' is hovered

2023-01-25 14:27:55 - [TEST_STEP][PASSED] - click(findTestObject("05-Chat/03-05 - React and Reply/button_expand_less")): Object: 'Object Repository/05-Chat/03-05 - React and Reply/button_expand_less' is clicked on

2023-01-25 14:28:27 - [MESSAGE][PASSED] - Object: 'Object Repository/05-Chat/03-05 - React and Reply/button_expand_less' is clicked on

2023-01-25 14:28:27 - [TEST_STEP][PASSED] - click(findTestObject("05-Chat/03-05 - React and Reply/button_Reply")): Object: 'Object Repository/05-Chat/03-05 - React and Reply/button_Reply' is clicked on

2023-01-25 14:28:59 - [MESSAGE][PASSED] - Object: 'Object Repository/05-Chat/03-05 - React and Reply/button_Reply' is clicked on

2023-01-25 14:28:59 - [TEST_STEP][PASSED] - delay(2): Delayed 2 second(s)

2023-01-25 14:29:01 - [MESSAGE][PASSED] - Delayed 2 second(s)

2023-01-25 14:29:01 - [TEST_STEP][PASSED] - verifyElementVisible(findTestObject("05-Chat/03-05 - React and Reply/div_reply")): Object 'Object Repository/05-Chat/03-05 - React and Reply/div_reply' is visible

2023-01-25 14:29:32 - [MESSAGE][PASSED] - Object 'Object Repository/05-Chat/03-05 - React and Reply/div_reply' is visible

2023-01-25 14:29:32 - [TEST_STEP][PASSED] - click(findTestObject("05-Chat/03-05 - React and Reply/mat-icon_cancel"), STOP_ON_FAILURE): Object: 'Object Repository/05-Chat/03-05 - React and Reply/mat-icon_cancel' is clicked on

2023-01-25 14:30:03 - [MESSAGE][PASSED] - Object: 'Object Repository/05-Chat/03-05 - React and Reply/mat-icon_cancel' is clicked on

2023-01-25 14:30:03 - [TEST_STEP][PASSED] - delay(2): Delayed 2 second(s)

2023-01-25 14:30:05 - [MESSAGE][PASSED] - Delayed 2 second(s)

2023-01-25 14:30:05 - [TEST_STEP][PASSED] - mouseOver(findTestObject("05-Chat/03-05 - React and Reply/div_chat")): Object: 'Object Repository/05-Chat/03-05 - React and Reply/div_chat' is hovered

2023-01-25 14:30:37 - [MESSAGE][PASSED] - Object: 'Object Repository/05-Chat/03-05 - React and Reply/div_chat' is hovered

2023-01-25 14:30:37 - [TEST_STEP][PASSED] - click(findTestObject("05-Chat/03-05 - React and Reply/button_expand_less")): Object: 'Object Repository/05-Chat/03-05 - React and Reply/button_expand_less' is clicked on

2023-01-25 14:31:08 - [MESSAGE][PASSED] - Object: 'Object Repository/05-Chat/03-05 - React and Reply/button_expand_less' is clicked on

2023-01-25 14:31:08 - [TEST_STEP][PASSED] - click(findTestObject("05-Chat/03-05 - React and Reply/button_Reply")): Object: 'Object Repository/05-Chat/03-05 - React and Reply/button_Reply' is clicked on

2023-01-25 14:31:40 - [MESSAGE][PASSED] - Object: 'Object Repository/05-Chat/03-05 - React and Reply/button_Reply' is clicked on

2023-01-25 14:31:40 - [TEST_STEP][PASSED] - delay(2): Delayed 2 second(s)

2023-01-25 14:31:42 - [MESSAGE][PASSED] - Delayed 2 second(s)

2023-01-25 14:31:42 - [TEST_STEP][PASSED] - verifyElementVisible(findTestObject("05-Chat/03-05 - React and Reply/div_reply")): Object 'Object Repository/05-Chat/03-05 - React and Reply/div_reply' is visible

2023-01-25 14:32:13 - [MESSAGE][PASSED] - Object 'Object Repository/05-Chat/03-05 - React and Reply/div_reply' is visible

2023-01-25 14:32:13 - [TEST_STEP][PASSED] - setText(findTestObject("05-Chat/02-Sending chat messages/textarea__msg"), "Reply test"): Text 'Reply test' is set on object 'Object Repository/05-Chat/02-Sending chat messages/textarea__msg'

2023-01-25 14:33:18 - [MESSAGE][PASSED] - Text 'Reply test' is set on object 'Object Repository/05-Chat/02-Sending chat messages/textarea__msg'

2023-01-25 14:33:18 - [TEST_STEP][PASSED] - click(findTestObject("05-Chat/02-Sending chat messages/button_send")): Object: 'Object Repository/05-Chat/02-Sending chat messages/button_send' is clicked on

2023-01-25 14:33:50 - [MESSAGE][PASSED] - Object: 'Object Repository/05-Chat/02-Sending chat messages/button_send' is clicked on

2023-01-25 14:33:50 - [TEST_STEP][PASSED] - verifyElementVisible(findTestObject("05-Chat/03-05 - React and Reply/div_reply_chat")): Object 'Object Repository/05-Chat/03-05 - React and Reply/div_reply_chat' is visible

2023-01-25 14:34:23 - [MESSAGE][PASSED] - Object 'Object Repository/05-Chat/03-05 - React and Reply/div_reply_chat' is visible

2023-01-25 14:34:23 - [TEST_STEP][PASSED] - delay(5): Delayed 5 second(s)

2023-01-25 14:34:28 - [MESSAGE][PASSED] - Delayed 5 second(s)]]></system-out>
         <system-err><![CDATA[]]></system-err>
      </testcase>
      <testcase name="Test Cases/05- Chat/06-Sending attached file" time="450.382" classname="Test Cases/05- Chat/06-Sending attached file" status="PASSED">
         <system-out><![CDATA[2023-01-25 14:34:28 - [TEST_CASE][PASSED] - Test Cases/05- Chat/06-Sending attached file: Test Cases/05- Chat/06-Sending attached file

2023-01-25 14:34:33 - [TEST_STEP][PASSED] - delay(5): Delayed 5 second(s)

2023-01-25 14:34:38 - [MESSAGE][PASSED] - Delayed 5 second(s)

2023-01-25 14:34:38 - [TEST_STEP][PASSED] - uploadpackage.Upload.uploadFile(findTestObject("Object Repository/05-Chat/06-Sending attached file/button_attach_file"), "C:\Users\asus\Desktop\EL automation\qa.jpg"): uploadpackage.Upload.uploadFile is PASSED

2023-01-25 14:35:10 - [MESSAGE][PASSED] - Object: 'Object Repository/05-Chat/06-Sending attached file/button_attach_file' is clicked on

2023-01-25 14:35:13 - [MESSAGE][PASSED] - uploadpackage.Upload.uploadFile is PASSED

2023-01-25 14:35:13 - [TEST_STEP][PASSED] - delay(5): Delayed 5 second(s)

2023-01-25 14:35:18 - [MESSAGE][PASSED] - Delayed 5 second(s)

2023-01-25 14:35:18 - [TEST_STEP][PASSED] - click(findTestObject("05-Chat/02-Sending chat messages/button_send")): Object: 'Object Repository/05-Chat/02-Sending chat messages/button_send' is clicked on

2023-01-25 14:35:50 - [MESSAGE][PASSED] - Object: 'Object Repository/05-Chat/02-Sending chat messages/button_send' is clicked on

2023-01-25 14:35:50 - [TEST_STEP][PASSED] - delay(5): Delayed 5 second(s)

2023-01-25 14:35:55 - [MESSAGE][PASSED] - Delayed 5 second(s)

2023-01-25 14:35:55 - [TEST_STEP][PASSED] - verifyElementVisible(findTestObject("05-Chat/06-Sending attached file/img_You_inserted")): Object 'Object Repository/05-Chat/06-Sending attached file/img_You_inserted' is visible

2023-01-25 14:36:27 - [MESSAGE][PASSED] - Object 'Object Repository/05-Chat/06-Sending attached file/img_You_inserted' is visible

2023-01-25 14:36:27 - [TEST_STEP][PASSED] - refresh(): Refresh successfully

2023-01-25 14:36:46 - [MESSAGE][PASSED] - Refresh successfully

2023-01-25 14:36:46 - [TEST_STEP][PASSED] - delay(5): Delayed 5 second(s)

2023-01-25 14:36:51 - [MESSAGE][PASSED] - Delayed 5 second(s)

2023-01-25 14:36:51 - [TEST_STEP][PASSED] - uploadFileWithDragAndDrop(findTestObject("Object Repository/05-Chat/02-Sending chat messages/textarea__msg"), "C:\Users\asus\Desktop\EL automation\sample.pdf"): null

2023-01-25 14:37:51 - [TEST_STEP][PASSED] - delay(5): Delayed 5 second(s)

2023-01-25 14:37:56 - [MESSAGE][PASSED] - Delayed 5 second(s)

2023-01-25 14:37:56 - [TEST_STEP][PASSED] - click(findTestObject("05-Chat/02-Sending chat messages/button_send")): Object: 'Object Repository/05-Chat/02-Sending chat messages/button_send' is clicked on

2023-01-25 14:38:29 - [MESSAGE][PASSED] - Object: 'Object Repository/05-Chat/02-Sending chat messages/button_send' is clicked on

2023-01-25 14:38:29 - [TEST_STEP][PASSED] - delay(5): Delayed 5 second(s)

2023-01-25 14:38:34 - [MESSAGE][PASSED] - Delayed 5 second(s)

2023-01-25 14:38:34 - [TEST_STEP][PASSED] - verifyElementVisible(findTestObject("05-Chat/06-Sending attached file/span_sample.pdf")): Object 'Object Repository/05-Chat/06-Sending attached file/span_sample.pdf' is visible

2023-01-25 14:39:06 - [MESSAGE][PASSED] - Object 'Object Repository/05-Chat/06-Sending attached file/span_sample.pdf' is visible

2023-01-25 14:39:06 - [TEST_STEP][PASSED] - refresh(): Refresh successfully

2023-01-25 14:39:21 - [MESSAGE][PASSED] - Refresh successfully

2023-01-25 14:39:21 - [TEST_STEP][PASSED] - delay(5): Delayed 5 second(s)

2023-01-25 14:39:26 - [MESSAGE][PASSED] - Delayed 5 second(s)

2023-01-25 14:39:26 - [TEST_STEP][PASSED] - uploadFileWithDragAndDrop(findTestObject("Object Repository/05-Chat/02-Sending chat messages/textarea__msg"), "C:\Users\asus\Desktop\EL automation\video.mp4"): null

2023-01-25 14:40:27 - [TEST_STEP][PASSED] - delay(5): Delayed 5 second(s)

2023-01-25 14:40:32 - [MESSAGE][PASSED] - Delayed 5 second(s)

2023-01-25 14:40:32 - [TEST_STEP][PASSED] - click(findTestObject("05-Chat/02-Sending chat messages/button_send")): Object: 'Object Repository/05-Chat/02-Sending chat messages/button_send' is clicked on

2023-01-25 14:41:06 - [MESSAGE][PASSED] - Object: 'Object Repository/05-Chat/02-Sending chat messages/button_send' is clicked on

2023-01-25 14:41:06 - [TEST_STEP][PASSED] - delay(5): Delayed 5 second(s)

2023-01-25 14:41:11 - [MESSAGE][PASSED] - Delayed 5 second(s)

2023-01-25 14:41:11 - [TEST_STEP][PASSED] - verifyElementVisible(findTestObject("05-Chat/06-Sending attached file/span_video.mp4")): Object 'Object Repository/05-Chat/06-Sending attached file/span_video.mp4' is visible

2023-01-25 14:41:53 - [MESSAGE][PASSED] - Object 'Object Repository/05-Chat/06-Sending attached file/span_video.mp4' is visible

2023-01-25 14:41:53 - [TEST_STEP][PASSED] - delay(5): Delayed 5 second(s)

2023-01-25 14:41:58 - [MESSAGE][PASSED] - Delayed 5 second(s)]]></system-out>
         <system-err><![CDATA[]]></system-err>
      </testcase>
      <testcase name="Test Cases/05- Chat/07-Sending a video conference invite" time="113.644" classname="Test Cases/05- Chat/07-Sending a video conference invite" status="PASSED">
         <system-out><![CDATA[2023-01-25 14:41:59 - [TEST_CASE][PASSED] - Test Cases/05- Chat/07-Sending a video conference invite: Test Cases/05- Chat/07-Sending a video conference invite

2023-01-25 14:42:04 - [TEST_STEP][PASSED] - click(findTestObject("05-Chat/07-Sending a video conference invite/button_videocam")): Object: 'Object Repository/05-Chat/07-Sending a video conference invite/button_videocam' is clicked on

2023-01-25 14:42:35 - [MESSAGE][PASSED] - Object: 'Object Repository/05-Chat/07-Sending a video conference invite/button_videocam' is clicked on

2023-01-25 14:42:35 - [TEST_STEP][PASSED] - delay(2): Delayed 2 second(s)

2023-01-25 14:42:37 - [MESSAGE][PASSED] - Delayed 2 second(s)

2023-01-25 14:42:37 - [TEST_STEP][PASSED] - click(findTestObject("05-Chat/02-Sending chat messages/button_send")): Object: 'Object Repository/05-Chat/02-Sending chat messages/button_send' is clicked on

2023-01-25 14:43:10 - [MESSAGE][PASSED] - Object: 'Object Repository/05-Chat/02-Sending chat messages/button_send' is clicked on

2023-01-25 14:43:10 - [TEST_STEP][PASSED] - delay(5): Delayed 5 second(s)

2023-01-25 14:43:15 - [MESSAGE][PASSED] - Delayed 5 second(s)

2023-01-25 14:43:15 - [TEST_STEP][PASSED] - verifyElementVisible(findTestObject("05-Chat/07-Sending a video conference invite/div_Video Conference"), CONTINUE_ON_FAILURE): Object 'Object Repository/05-Chat/07-Sending a video conference invite/div_Video Conference' is visible

2023-01-25 14:43:47 - [MESSAGE][PASSED] - Object 'Object Repository/05-Chat/07-Sending a video conference invite/div_Video Conference' is visible

2023-01-25 14:43:47 - [TEST_STEP][PASSED] - delay(5): Delayed 5 second(s)

2023-01-25 14:43:52 - [MESSAGE][PASSED] - Delayed 5 second(s)]]></system-out>
         <system-err><![CDATA[]]></system-err>
      </testcase>
      <testcase name="Test Cases/05- Chat/08-Schedule a meeting" time="662.728" classname="Test Cases/05- Chat/08-Schedule a meeting" status="PASSED">
         <system-out><![CDATA[2023-01-25 14:43:53 - [TEST_CASE][PASSED] - Test Cases/05- Chat/08-Schedule a meeting: Test Cases/05- Chat/08-Schedule a meeting

2023-01-25 14:43:56 - [TEST_STEP][PASSED] - click(findTestObject("05-Chat/08-Schedule a meeting/button_schedule a meeting")): Object: 'Object Repository/05-Chat/08-Schedule a meeting/button_schedule a meeting' is clicked on

2023-01-25 14:44:28 - [MESSAGE][PASSED] - Object: 'Object Repository/05-Chat/08-Schedule a meeting/button_schedule a meeting' is clicked on

2023-01-25 14:44:28 - [TEST_STEP][PASSED] - delay(2): Delayed 2 second(s)

2023-01-25 14:44:31 - [MESSAGE][PASSED] - Delayed 2 second(s)

2023-01-25 14:44:31 - [TEST_STEP][PASSED] - verifyElementVisible(findTestObject("05-Chat/08-Schedule a meeting/Meeting title field")): Object 'Object Repository/05-Chat/08-Schedule a meeting/Meeting title field' is visible

2023-01-25 14:45:02 - [MESSAGE][PASSED] - Object 'Object Repository/05-Chat/08-Schedule a meeting/Meeting title field' is visible

2023-01-25 14:45:02 - [TEST_STEP][PASSED] - verifyElementVisible(findTestObject("05-Chat/08-Schedule a meeting/div_Start Date")): Object 'Object Repository/05-Chat/08-Schedule a meeting/div_Start Date' is visible

2023-01-25 14:45:34 - [MESSAGE][PASSED] - Object 'Object Repository/05-Chat/08-Schedule a meeting/div_Start Date' is visible

2023-01-25 14:45:34 - [TEST_STEP][PASSED] - verifyElementVisible(findTestObject("05-Chat/08-Schedule a meeting/div_End Date")): Object 'Object Repository/05-Chat/08-Schedule a meeting/div_End Date' is visible

2023-01-25 14:46:06 - [MESSAGE][PASSED] - Object 'Object Repository/05-Chat/08-Schedule a meeting/div_End Date' is visible

2023-01-25 14:46:06 - [TEST_STEP][PASSED] - verifyElementVisible(findTestObject("05-Chat/08-Schedule a meeting/div_Recurrence")): Object 'Object Repository/05-Chat/08-Schedule a meeting/div_Recurrence' is visible

2023-01-25 14:46:37 - [MESSAGE][PASSED] - Object 'Object Repository/05-Chat/08-Schedule a meeting/div_Recurrence' is visible

2023-01-25 14:46:37 - [TEST_STEP][PASSED] - delay(2): Delayed 2 second(s)

2023-01-25 14:46:39 - [MESSAGE][PASSED] - Delayed 2 second(s)

2023-01-25 14:46:39 - [TEST_STEP][PASSED] - click(findTestObject("05-Chat/08-Schedule a meeting/button_Start Date_calendar")): Object: 'Object Repository/05-Chat/08-Schedule a meeting/button_Start Date_calendar' is clicked on

2023-01-25 14:47:11 - [MESSAGE][PASSED] - Object: 'Object Repository/05-Chat/08-Schedule a meeting/button_Start Date_calendar' is clicked on

2023-01-25 14:47:11 - [TEST_STEP][PASSED] - verifyElementVisible(findTestObject("05-Chat/08-Schedule a meeting/calendar modal")): Object 'Object Repository/05-Chat/08-Schedule a meeting/calendar modal' is visible

2023-01-25 14:47:42 - [MESSAGE][PASSED] - Object 'Object Repository/05-Chat/08-Schedule a meeting/calendar modal' is visible

2023-01-25 14:47:42 - [TEST_STEP][PASSED] - delay(2): Delayed 2 second(s)

2023-01-25 14:47:44 - [MESSAGE][PASSED] - Delayed 2 second(s)

2023-01-25 14:47:44 - [TEST_STEP][PASSED] - doubleClick(findTestObject("05-Chat/08-Schedule a meeting/button_End Date_calendar")): Object: 'Object Repository/05-Chat/08-Schedule a meeting/button_End Date_calendar' is double clicked on

2023-01-25 14:48:16 - [MESSAGE][PASSED] - Object: 'Object Repository/05-Chat/08-Schedule a meeting/button_End Date_calendar' is double clicked on

2023-01-25 14:48:16 - [TEST_STEP][PASSED] - verifyElementVisible(findTestObject("05-Chat/08-Schedule a meeting/calendar modal")): Object 'Object Repository/05-Chat/08-Schedule a meeting/calendar modal' is visible

2023-01-25 14:48:48 - [MESSAGE][PASSED] - Object 'Object Repository/05-Chat/08-Schedule a meeting/calendar modal' is visible

2023-01-25 14:48:48 - [TEST_STEP][PASSED] - delay(3): Delayed 3 second(s)

2023-01-25 14:48:51 - [MESSAGE][PASSED] - Delayed 3 second(s)

2023-01-25 14:48:51 - [TEST_STEP][PASSED] - doubleClick(findTestObject("05-Chat/08-Schedule a meeting/div_recurrence_selectarror")): Object: 'Object Repository/05-Chat/08-Schedule a meeting/div_recurrence_selectarror' is double clicked on

2023-01-25 14:49:23 - [MESSAGE][PASSED] - Object: 'Object Repository/05-Chat/08-Schedule a meeting/div_recurrence_selectarror' is double clicked on

2023-01-25 14:49:23 - [TEST_STEP][PASSED] - verifyElementVisible(findTestObject("05-Chat/08-Schedule a meeting/span_Does not repeat")): Object 'Object Repository/05-Chat/08-Schedule a meeting/span_Does not repeat' is visible

2023-01-25 14:49:56 - [MESSAGE][PASSED] - Object 'Object Repository/05-Chat/08-Schedule a meeting/span_Does not repeat' is visible

2023-01-25 14:49:56 - [TEST_STEP][PASSED] - verifyElementVisible(findTestObject("05-Chat/08-Schedule a meeting/span_Daily")): Object 'Object Repository/05-Chat/08-Schedule a meeting/span_Daily' is visible

2023-01-25 14:50:27 - [MESSAGE][PASSED] - Object 'Object Repository/05-Chat/08-Schedule a meeting/span_Daily' is visible

2023-01-25 14:50:27 - [TEST_STEP][PASSED] - verifyElementVisible(findTestObject("05-Chat/08-Schedule a meeting/span_Weekly")): Object 'Object Repository/05-Chat/08-Schedule a meeting/span_Weekly' is visible

2023-01-25 14:50:58 - [MESSAGE][PASSED] - Object 'Object Repository/05-Chat/08-Schedule a meeting/span_Weekly' is visible

2023-01-25 14:50:58 - [TEST_STEP][PASSED] - verifyElementVisible(findTestObject("05-Chat/08-Schedule a meeting/span_Monthly")): Object 'Object Repository/05-Chat/08-Schedule a meeting/span_Monthly' is visible

2023-01-25 14:51:29 - [MESSAGE][PASSED] - Object 'Object Repository/05-Chat/08-Schedule a meeting/span_Monthly' is visible

2023-01-25 14:51:29 - [TEST_STEP][PASSED] - verifyElementVisible(findTestObject("05-Chat/08-Schedule a meeting/span_Every weekday")): Object 'Object Repository/05-Chat/08-Schedule a meeting/span_Every weekday' is visible

2023-01-25 14:52:01 - [MESSAGE][PASSED] - Object 'Object Repository/05-Chat/08-Schedule a meeting/span_Every weekday' is visible

2023-01-25 14:52:01 - [TEST_STEP][PASSED] - click(findTestObject("05-Chat/08-Schedule a meeting/span_Daily"), STOP_ON_FAILURE): Object: 'Object Repository/05-Chat/08-Schedule a meeting/span_Daily' is clicked on

2023-01-25 14:52:33 - [MESSAGE][PASSED] - Object: 'Object Repository/05-Chat/08-Schedule a meeting/span_Daily' is clicked on

2023-01-25 14:52:33 - [TEST_STEP][PASSED] - delay(2): Delayed 2 second(s)

2023-01-25 14:52:35 - [MESSAGE][PASSED] - Delayed 2 second(s)

2023-01-25 14:52:35 - [TEST_STEP][PASSED] - setText(findTestObject("05-Chat/08-Schedule a meeting/input_meeting title"), "Automation Meeting"): Text 'Automation Meeting' is set on object 'Object Repository/05-Chat/08-Schedule a meeting/input_meeting title'

2023-01-25 14:53:39 - [MESSAGE][PASSED] - Text 'Automation Meeting' is set on object 'Object Repository/05-Chat/08-Schedule a meeting/input_meeting title'

2023-01-25 14:53:39 - [TEST_STEP][PASSED] - delay(2): Delayed 2 second(s)

2023-01-25 14:53:41 - [MESSAGE][PASSED] - Delayed 2 second(s)

2023-01-25 14:53:41 - [TEST_STEP][PASSED] - click(findTestObject("05-Chat/02-Sending chat messages/button_send")): Object: 'Object Repository/05-Chat/02-Sending chat messages/button_send' is clicked on

2023-01-25 14:54:14 - [MESSAGE][PASSED] - Object: 'Object Repository/05-Chat/02-Sending chat messages/button_send' is clicked on

2023-01-25 14:54:14 - [TEST_STEP][PASSED] - delay(5): Delayed 5 second(s)

2023-01-25 14:54:19 - [MESSAGE][PASSED] - Delayed 5 second(s)

2023-01-25 14:54:19 - [TEST_STEP][PASSED] - verifyElementVisible(findTestObject("05-Chat/08-Schedule a meeting/span_Automation Meeting")): Object 'Object Repository/05-Chat/08-Schedule a meeting/span_Automation Meeting' is visible

2023-01-25 14:54:50 - [MESSAGE][PASSED] - Object 'Object Repository/05-Chat/08-Schedule a meeting/span_Automation Meeting' is visible

2023-01-25 14:54:50 - [TEST_STEP][PASSED] - delay(5): Delayed 5 second(s)

2023-01-25 14:54:55 - [MESSAGE][PASSED] - Delayed 5 second(s)]]></system-out>
         <system-err><![CDATA[]]></system-err>
      </testcase>
      <testcase name="Test Cases/05- Chat/09-Hiding a chat" time="471.096" classname="Test Cases/05- Chat/09-Hiding a chat" status="PASSED">
         <system-out><![CDATA[2023-01-25 14:54:56 - [TEST_CASE][PASSED] - Test Cases/05- Chat/09-Hiding a chat: Test Cases/05- Chat/09-Hiding a chat

2023-01-25 14:54:59 - [TEST_STEP][PASSED] - delay(3): Delayed 3 second(s)

2023-01-25 14:55:02 - [MESSAGE][PASSED] - Delayed 3 second(s)

2023-01-25 14:55:02 - [TEST_STEP][PASSED] - click(findTestObject("05-Chat/09-Hiding a chat/ellipsis_chat setting")): Object: 'Object Repository/05-Chat/09-Hiding a chat/ellipsis_chat setting' is clicked on

2023-01-25 14:55:33 - [MESSAGE][PASSED] - Object: 'Object Repository/05-Chat/09-Hiding a chat/ellipsis_chat setting' is clicked on

2023-01-25 14:55:33 - [TEST_STEP][PASSED] - delay(2): Delayed 2 second(s)

2023-01-25 14:55:35 - [MESSAGE][PASSED] - Delayed 2 second(s)

2023-01-25 14:55:35 - [TEST_STEP][PASSED] - verifyElementVisible(findTestObject("05-Chat/09-Hiding a chat/button_Group info")): Object 'Object Repository/05-Chat/09-Hiding a chat/button_Group info' is visible

2023-01-25 14:56:07 - [MESSAGE][PASSED] - Object 'Object Repository/05-Chat/09-Hiding a chat/button_Group info' is visible

2023-01-25 14:56:07 - [TEST_STEP][PASSED] - verifyElementVisible(findTestObject("05-Chat/09-Hiding a chat/button_Hide chat")): Object 'Object Repository/05-Chat/09-Hiding a chat/button_Hide chat' is visible

2023-01-25 14:56:38 - [MESSAGE][PASSED] - Object 'Object Repository/05-Chat/09-Hiding a chat/button_Hide chat' is visible

2023-01-25 14:56:38 - [TEST_STEP][PASSED] - delay(3): Delayed 3 second(s)

2023-01-25 14:56:41 - [MESSAGE][PASSED] - Delayed 3 second(s)

2023-01-25 14:56:41 - [TEST_STEP][PASSED] - click(findTestObject("05-Chat/09-Hiding a chat/button_Hide chat")): Object: 'Object Repository/05-Chat/09-Hiding a chat/button_Hide chat' is clicked on

2023-01-25 14:57:14 - [MESSAGE][PASSED] - Object: 'Object Repository/05-Chat/09-Hiding a chat/button_Hide chat' is clicked on

2023-01-25 14:57:14 - [TEST_STEP][PASSED] - delay(3): Delayed 3 second(s)

2023-01-25 14:57:17 - [MESSAGE][PASSED] - Delayed 3 second(s)

2023-01-25 14:57:17 - [TEST_STEP][PASSED] - refresh(): Refresh successfully

2023-01-25 14:57:32 - [MESSAGE][PASSED] - Refresh successfully

2023-01-25 14:57:32 - [TEST_STEP][PASSED] - delay(5): Delayed 5 second(s)

2023-01-25 14:57:37 - [MESSAGE][PASSED] - Delayed 5 second(s)

2023-01-25 14:57:37 - [TEST_STEP][PASSED] - verifyElementVisible(findTestObject("05-Chat/01- Creating a Chat group/div_No chat available")): Object 'Object Repository/05-Chat/01- Creating a Chat group/div_No chat available' is visible

2023-01-25 14:58:30 - [MESSAGE][PASSED] - Object 'Object Repository/05-Chat/01- Creating a Chat group/div_No chat available' is visible

2023-01-25 14:58:30 - [TEST_STEP][PASSED] - delay(1): Delayed 1 second(s)

2023-01-25 14:58:31 - [MESSAGE][PASSED] - Delayed 1 second(s)

2023-01-25 14:58:31 - [TEST_STEP][PASSED] - click(findTestObject("05-Chat/09-Hiding a chat/button_search")): Object: 'Object Repository/05-Chat/09-Hiding a chat/button_search' is clicked on

2023-01-25 14:59:03 - [MESSAGE][PASSED] - Object: 'Object Repository/05-Chat/09-Hiding a chat/button_search' is clicked on

2023-01-25 14:59:03 - [TEST_STEP][PASSED] - setText(findTestObject("05-Chat/09-Hiding a chat/input_search"), "Auto"): Text 'Auto' is set on object 'Object Repository/05-Chat/09-Hiding a chat/input_search'

2023-01-25 15:00:06 - [MESSAGE][PASSED] - Text 'Auto' is set on object 'Object Repository/05-Chat/09-Hiding a chat/input_search'

2023-01-25 15:00:06 - [TEST_STEP][PASSED] - delay(3): Delayed 3 second(s)

2023-01-25 15:00:09 - [MESSAGE][PASSED] - Delayed 3 second(s)

2023-01-25 15:00:09 - [TEST_STEP][PASSED] - click(findTestObject("05-Chat/02-Sending chat messages/div_AC")): Object: 'Object Repository/05-Chat/02-Sending chat messages/div_AC' is clicked on

2023-01-25 15:00:41 - [MESSAGE][PASSED] - Object: 'Object Repository/05-Chat/02-Sending chat messages/div_AC' is clicked on

2023-01-25 15:00:41 - [TEST_STEP][PASSED] - delay(5): Delayed 5 second(s)

2023-01-25 15:00:46 - [MESSAGE][PASSED] - Delayed 5 second(s)

2023-01-25 15:00:46 - [TEST_STEP][PASSED] - setText(findTestObject("05-Chat/02-Sending chat messages/textarea__msg"), "Test auto"): Text 'Test auto' is set on object 'Object Repository/05-Chat/02-Sending chat messages/textarea__msg'

2023-01-25 15:01:50 - [MESSAGE][PASSED] - Text 'Test auto' is set on object 'Object Repository/05-Chat/02-Sending chat messages/textarea__msg'

2023-01-25 15:01:50 - [TEST_STEP][PASSED] - click(findTestObject("05-Chat/02-Sending chat messages/button_send")): Object: 'Object Repository/05-Chat/02-Sending chat messages/button_send' is clicked on

2023-01-25 15:02:23 - [MESSAGE][PASSED] - Object: 'Object Repository/05-Chat/02-Sending chat messages/button_send' is clicked on

2023-01-25 15:02:23 - [TEST_STEP][PASSED] - delay(3): Delayed 3 second(s)

2023-01-25 15:02:26 - [MESSAGE][PASSED] - Delayed 3 second(s)

2023-01-25 15:02:26 - [TEST_STEP][PASSED] - refresh(): Refresh successfully

2023-01-25 15:02:44 - [MESSAGE][PASSED] - Refresh successfully

2023-01-25 15:02:44 - [TEST_STEP][PASSED] - delay(3): Delayed 3 second(s)

2023-01-25 15:02:47 - [MESSAGE][PASSED] - Delayed 3 second(s)]]></system-out>
         <system-err><![CDATA[]]></system-err>
      </testcase>
      <testcase name="Test Cases/05- Chat/10-Group Info" time="60.803" classname="Test Cases/05- Chat/10-Group Info" status="FAILED">
         <failure type="FAILED" message="Test Cases/05- Chat/10-Group Info FAILED.
Reason:
com.kms.katalon.core.exception.StepFailedException: Unable to click on object 'Object Repository/05-Chat/02-Sending chat messages/div_AC'
	at com.kms.katalon.core.webui.keyword.internal.WebUIKeywordMain.stepFailed(WebUIKeywordMain.groovy:64)
	at com.kms.katalon.core.webui.keyword.internal.WebUIKeywordMain.runKeyword(WebUIKeywordMain.groovy:26)
	at com.kms.katalon.core.webui.keyword.builtin.ClickKeyword.click(ClickKeyword.groovy:74)
	at com.kms.katalon.core.webui.keyword.builtin.ClickKeyword.execute(ClickKeyword.groovy:40)
	at com.kms.katalon.core.keyword.internal.KeywordExecutor.executeKeywordForPlatform(KeywordExecutor.groovy:74)
	at com.kms.katalon.core.webui.keyword.WebUiBuiltInKeywords.click(WebUiBuiltInKeywords.groovy:620)
	at com.kms.katalon.core.webui.keyword.WebUiBuiltInKeywords$click$4.call(Unknown Source)
	at 10-Group Info.run(10-Group Info:22)
	at com.kms.katalon.core.main.ScriptEngine.run(ScriptEngine.java:194)
	at com.kms.katalon.core.main.ScriptEngine.runScriptAsRawText(ScriptEngine.java:119)
	at com.kms.katalon.core.main.TestCaseExecutor.runScript(TestCaseExecutor.java:448)
	at com.kms.katalon.core.main.TestCaseExecutor.doExecute(TestCaseExecutor.java:439)
	at com.kms.katalon.core.main.TestCaseExecutor.processExecutionPhase(TestCaseExecutor.java:418)
	at com.kms.katalon.core.main.TestCaseExecutor.accessMainPhase(TestCaseExecutor.java:410)
	at com.kms.katalon.core.main.TestCaseExecutor.execute(TestCaseExecutor.java:285)
	at com.kms.katalon.core.common.CommonExecutor.accessTestCaseMainPhase(CommonExecutor.java:65)
	at com.kms.katalon.core.main.TestSuiteExecutor.accessTestSuiteMainPhase(TestSuiteExecutor.java:144)
	at com.kms.katalon.core.main.TestSuiteExecutor.execute(TestSuiteExecutor.java:106)
	at com.kms.katalon.core.main.TestCaseMain.startTestSuite(TestCaseMain.java:185)
	at com.kms.katalon.core.main.TestCaseMain$startTestSuite$0.call(Unknown Source)
	at TempTestSuite1674626090557.run(TempTestSuite1674626090557.groovy:36)
Caused by: com.kms.katalon.core.webui.exception.WebElementNotFoundException: Web element with id: 'Object Repository/05-Chat/02-Sending chat messages/div_AC' located by '//div[(text() = 'AC' or . = 'AC')]' not found
	at com.kms.katalon.core.webui.common.WebUiCommonHelper.findWebElement(WebUiCommonHelper.java:1370)
	at com.kms.katalon.core.webui.keyword.internal.WebUIAbstractKeyword.findWebElement(WebUIAbstractKeyword.groovy:27)
	at com.kms.katalon.core.webui.keyword.builtin.ClickKeyword$_click_closure1.doCall(ClickKeyword.groovy:65)
	at com.kms.katalon.core.webui.keyword.builtin.ClickKeyword$_click_closure1.call(ClickKeyword.groovy)
	at com.kms.katalon.core.webui.keyword.internal.WebUIKeywordMain.runKeyword(WebUIKeywordMain.groovy:20)
	... 19 more
"/>
         <system-out><![CDATA[2023-01-25 15:02:47 - [TEST_CASE][FAILED] - Test Cases/05- Chat/10-Group Info: Test Cases/05- Chat/10-Group Info FAILED.
Reason:
com.kms.katalon.core.exception.StepFailedException: Unable to click on object 'Object Repository/05-Chat/02-Sending chat messages/div_AC'
	at com.kms.katalon.core.webui.keyword.internal.WebUIKeywordMain.stepFailed(WebUIKeywordMain.groovy:64)
	at com.kms.katalon.core.webui.keyword.internal.WebUIKeywordMain.runKeyword(WebUIKeywordMain.groovy:26)
	at com.kms.katalon.core.webui.keyword.builtin.ClickKeyword.click(ClickKeyword.groovy:74)
	at com.kms.katalon.core.webui.keyword.builtin.ClickKeyword.execute(ClickKeyword.groovy:40)
	at com.kms.katalon.core.keyword.internal.KeywordExecutor.executeKeywordForPlatform(KeywordExecutor.groovy:74)
	at com.kms.katalon.core.webui.keyword.WebUiBuiltInKeywords.click(WebUiBuiltInKeywords.groovy:620)
	at com.kms.katalon.core.webui.keyword.WebUiBuiltInKeywords$click$4.call(Unknown Source)
	at 10-Group Info.run(10-Group Info:22)
	at com.kms.katalon.core.main.ScriptEngine.run(ScriptEngine.java:194)
	at com.kms.katalon.core.main.ScriptEngine.runScriptAsRawText(ScriptEngine.java:119)
	at com.kms.katalon.core.main.TestCaseExecutor.runScript(TestCaseExecutor.java:448)
	at com.kms.katalon.core.main.TestCaseExecutor.doExecute(TestCaseExecutor.java:439)
	at com.kms.katalon.core.main.TestCaseExecutor.processExecutionPhase(TestCaseExecutor.java:418)
	at com.kms.katalon.core.main.TestCaseExecutor.accessMainPhase(TestCaseExecutor.java:410)
	at com.kms.katalon.core.main.TestCaseExecutor.execute(TestCaseExecutor.java:285)
	at com.kms.katalon.core.common.CommonExecutor.accessTestCaseMainPhase(CommonExecutor.java:65)
	at com.kms.katalon.core.main.TestSuiteExecutor.accessTestSuiteMainPhase(TestSuiteExecutor.java:144)
	at com.kms.katalon.core.main.TestSuiteExecutor.execute(TestSuiteExecutor.java:106)
	at com.kms.katalon.core.main.TestCaseMain.startTestSuite(TestCaseMain.java:185)
	at com.kms.katalon.core.main.TestCaseMain$startTestSuite$0.call(Unknown Source)
	at TempTestSuite1674626090557.run(TempTestSuite1674626090557.groovy:36)
Caused by: com.kms.katalon.core.webui.exception.WebElementNotFoundException: Web element with id: 'Object Repository/05-Chat/02-Sending chat messages/div_AC' located by '//div[(text() = 'AC' or . = 'AC')]' not found
	at com.kms.katalon.core.webui.common.WebUiCommonHelper.findWebElement(WebUiCommonHelper.java:1370)
	at com.kms.katalon.core.webui.keyword.internal.WebUIAbstractKeyword.findWebElement(WebUIAbstractKeyword.groovy:27)
	at com.kms.katalon.core.webui.keyword.builtin.ClickKeyword$_click_closure1.doCall(ClickKeyword.groovy:65)
	at com.kms.katalon.core.webui.keyword.builtin.ClickKeyword$_click_closure1.call(ClickKeyword.groovy)
	at com.kms.katalon.core.webui.keyword.internal.WebUIKeywordMain.runKeyword(WebUIKeywordMain.groovy:20)
	... 19 more


2023-01-25 15:02:53 - [TEST_STEP][FAILED] - click(findTestObject("05-Chat/02-Sending chat messages/div_AC")): Unable to click on object 'Object Repository/05-Chat/02-Sending chat messages/div_AC' (Root cause: com.kms.katalon.core.exception.StepFailedException: Unable to click on object 'Object Repository/05-Chat/02-Sending chat messages/div_AC'
	at com.kms.katalon.core.webui.keyword.internal.WebUIKeywordMain.stepFailed(WebUIKeywordMain.groovy:64)
	at com.kms.katalon.core.webui.keyword.internal.WebUIKeywordMain.runKeyword(WebUIKeywordMain.groovy:26)
	at com.kms.katalon.core.webui.keyword.builtin.ClickKeyword.click(ClickKeyword.groovy:74)
	at com.kms.katalon.core.webui.keyword.builtin.ClickKeyword.execute(ClickKeyword.groovy:40)
	at com.kms.katalon.core.keyword.internal.KeywordExecutor.executeKeywordForPlatform(KeywordExecutor.groovy:74)
	at com.kms.katalon.core.webui.keyword.WebUiBuiltInKeywords.click(WebUiBuiltInKeywords.groovy:620)
	at com.kms.katalon.core.webui.keyword.WebUiBuiltInKeywords$click$4.call(Unknown Source)
	at 10-Group Info.run(10-Group Info:22)
	at com.kms.katalon.core.main.ScriptEngine.run(ScriptEngine.java:194)
	at com.kms.katalon.core.main.ScriptEngine.runScriptAsRawText(ScriptEngine.java:119)
	at com.kms.katalon.core.main.TestCaseExecutor.runScript(TestCaseExecutor.java:448)
	at com.kms.katalon.core.main.TestCaseExecutor.doExecute(TestCaseExecutor.java:439)
	at com.kms.katalon.core.main.TestCaseExecutor.processExecutionPhase(TestCaseExecutor.java:418)
	at com.kms.katalon.core.main.TestCaseExecutor.accessMainPhase(TestCaseExecutor.java:410)
	at com.kms.katalon.core.main.TestCaseExecutor.execute(TestCaseExecutor.java:285)
	at com.kms.katalon.core.common.CommonExecutor.accessTestCaseMainPhase(CommonExecutor.java:65)
	at com.kms.katalon.core.main.TestSuiteExecutor.accessTestSuiteMainPhase(TestSuiteExecutor.java:144)
	at com.kms.katalon.core.main.TestSuiteExecutor.execute(TestSuiteExecutor.java:106)
	at com.kms.katalon.core.main.TestCaseMain.startTestSuite(TestCaseMain.java:185)
	at com.kms.katalon.core.main.TestCaseMain$startTestSuite$0.call(Unknown Source)
	at TempTestSuite1674626090557.run(TempTestSuite1674626090557.groovy:36)
Caused by: com.kms.katalon.core.webui.exception.WebElementNotFoundException: Web element with id: 'Object Repository/05-Chat/02-Sending chat messages/div_AC' located by '//div[(text() = 'AC' or . = 'AC')]' not found
	at com.kms.katalon.core.webui.common.WebUiCommonHelper.findWebElement(WebUiCommonHelper.java:1370)
	at com.kms.katalon.core.webui.keyword.internal.WebUIAbstractKeyword.findWebElement(WebUIAbstractKeyword.groovy:27)
	at com.kms.katalon.core.webui.keyword.builtin.ClickKeyword$_click_closure1.doCall(ClickKeyword.groovy:65)
	at com.kms.katalon.core.webui.keyword.builtin.ClickKeyword$_click_closure1.call(ClickKeyword.groovy)
	at com.kms.katalon.core.webui.keyword.internal.WebUIKeywordMain.runKeyword(WebUIKeywordMain.groovy:20)
	at com.kms.katalon.core.webui.keyword.builtin.ClickKeyword.click(ClickKeyword.groovy:74)
	at com.kms.katalon.core.webui.keyword.builtin.ClickKeyword.execute(ClickKeyword.groovy:40)
	at com.kms.katalon.core.keyword.internal.KeywordExecutor.executeKeywordForPlatform(KeywordExecutor.groovy:74)
	at com.kms.katalon.core.webui.keyword.WebUiBuiltInKeywords.click(WebUiBuiltInKeywords.groovy:620)
	at com.kms.katalon.core.webui.keyword.WebUiBuiltInKeywords$click$4.call(Unknown Source)
	at Script1666065502404.run(Script1666065502404.groovy:22)
	... 13 more
)

2023-01-25 15:03:47 - [MESSAGE][INFO] - Unable to find the element located by 'By.xpath: //div[(text() = 'AC' or . = 'AC')]'. Please recheck the objects properties to make sure the desired element is located. 

2023-01-25 15:03:48 - [MESSAGE][FAILED] - Unable to click on object 'Object Repository/05-Chat/02-Sending chat messages/div_AC' (Root cause: com.kms.katalon.core.exception.StepFailedException: Unable to click on object 'Object Repository/05-Chat/02-Sending chat messages/div_AC'
	at com.kms.katalon.core.webui.keyword.internal.WebUIKeywordMain.stepFailed(WebUIKeywordMain.groovy:64)
	at com.kms.katalon.core.webui.keyword.internal.WebUIKeywordMain.runKeyword(WebUIKeywordMain.groovy:26)
	at com.kms.katalon.core.webui.keyword.builtin.ClickKeyword.click(ClickKeyword.groovy:74)
	at com.kms.katalon.core.webui.keyword.builtin.ClickKeyword.execute(ClickKeyword.groovy:40)
	at com.kms.katalon.core.keyword.internal.KeywordExecutor.executeKeywordForPlatform(KeywordExecutor.groovy:74)
	at com.kms.katalon.core.webui.keyword.WebUiBuiltInKeywords.click(WebUiBuiltInKeywords.groovy:620)
	at com.kms.katalon.core.webui.keyword.WebUiBuiltInKeywords$click$4.call(Unknown Source)
	at 10-Group Info.run(10-Group Info:22)
	at com.kms.katalon.core.main.ScriptEngine.run(ScriptEngine.java:194)
	at com.kms.katalon.core.main.ScriptEngine.runScriptAsRawText(ScriptEngine.java:119)
	at com.kms.katalon.core.main.TestCaseExecutor.runScript(TestCaseExecutor.java:448)
	at com.kms.katalon.core.main.TestCaseExecutor.doExecute(TestCaseExecutor.java:439)
	at com.kms.katalon.core.main.TestCaseExecutor.processExecutionPhase(TestCaseExecutor.java:418)
	at com.kms.katalon.core.main.TestCaseExecutor.accessMainPhase(TestCaseExecutor.java:410)
	at com.kms.katalon.core.main.TestCaseExecutor.execute(TestCaseExecutor.java:285)
	at com.kms.katalon.core.common.CommonExecutor.accessTestCaseMainPhase(CommonExecutor.java:65)
	at com.kms.katalon.core.main.TestSuiteExecutor.accessTestSuiteMainPhase(TestSuiteExecutor.java:144)
	at com.kms.katalon.core.main.TestSuiteExecutor.execute(TestSuiteExecutor.java:106)
	at com.kms.katalon.core.main.TestCaseMain.startTestSuite(TestCaseMain.java:185)
	at com.kms.katalon.core.main.TestCaseMain$startTestSuite$0.call(Unknown Source)
	at TempTestSuite1674626090557.run(TempTestSuite1674626090557.groovy:36)
Caused by: com.kms.katalon.core.webui.exception.WebElementNotFoundException: Web element with id: 'Object Repository/05-Chat/02-Sending chat messages/div_AC' located by '//div[(text() = 'AC' or . = 'AC')]' not found
	at com.kms.katalon.core.webui.common.WebUiCommonHelper.findWebElement(WebUiCommonHelper.java:1370)
	at com.kms.katalon.core.webui.keyword.internal.WebUIAbstractKeyword.findWebElement(WebUIAbstractKeyword.groovy:27)
	at com.kms.katalon.core.webui.keyword.builtin.ClickKeyword$_click_closure1.doCall(ClickKeyword.groovy:65)
	at com.kms.katalon.core.webui.keyword.builtin.ClickKeyword$_click_closure1.call(ClickKeyword.groovy)
	at com.kms.katalon.core.webui.keyword.internal.WebUIKeywordMain.runKeyword(WebUIKeywordMain.groovy:20)
	at com.kms.katalon.core.webui.keyword.builtin.ClickKeyword.click(ClickKeyword.groovy:74)
	at com.kms.katalon.core.webui.keyword.builtin.ClickKeyword.execute(ClickKeyword.groovy:40)
	at com.kms.katalon.core.keyword.internal.KeywordExecutor.executeKeywordForPlatform(KeywordExecutor.groovy:74)
	at com.kms.katalon.core.webui.keyword.WebUiBuiltInKeywords.click(WebUiBuiltInKeywords.groovy:620)
	at com.kms.katalon.core.webui.keyword.WebUiBuiltInKeywords$click$4.call(Unknown Source)
	at Script1666065502404.run(Script1666065502404.groovy:22)
	... 13 more
)
[[ATTACHMENT|C:\\Users\\asus\\Katalon Studio\\Everleagues\\Everleagues\\Reports\\20230125_135450\\TS-Organization\\05-Chat\\20230125_135450\\1674630227297.png]]]]></system-out>
         <system-err><![CDATA[2023-01-25 15:02:47 - [TEST_CASE][FAILED] - Test Cases/05- Chat/10-Group Info: Test Cases/05- Chat/10-Group Info FAILED.
Reason:
com.kms.katalon.core.exception.StepFailedException: Unable to click on object 'Object Repository/05-Chat/02-Sending chat messages/div_AC'
	at com.kms.katalon.core.webui.keyword.internal.WebUIKeywordMain.stepFailed(WebUIKeywordMain.groovy:64)
	at com.kms.katalon.core.webui.keyword.internal.WebUIKeywordMain.runKeyword(WebUIKeywordMain.groovy:26)
	at com.kms.katalon.core.webui.keyword.builtin.ClickKeyword.click(ClickKeyword.groovy:74)
	at com.kms.katalon.core.webui.keyword.builtin.ClickKeyword.execute(ClickKeyword.groovy:40)
	at com.kms.katalon.core.keyword.internal.KeywordExecutor.executeKeywordForPlatform(KeywordExecutor.groovy:74)
	at com.kms.katalon.core.webui.keyword.WebUiBuiltInKeywords.click(WebUiBuiltInKeywords.groovy:620)
	at com.kms.katalon.core.webui.keyword.WebUiBuiltInKeywords$click$4.call(Unknown Source)
	at 10-Group Info.run(10-Group Info:22)
	at com.kms.katalon.core.main.ScriptEngine.run(ScriptEngine.java:194)
	at com.kms.katalon.core.main.ScriptEngine.runScriptAsRawText(ScriptEngine.java:119)
	at com.kms.katalon.core.main.TestCaseExecutor.runScript(TestCaseExecutor.java:448)
	at com.kms.katalon.core.main.TestCaseExecutor.doExecute(TestCaseExecutor.java:439)
	at com.kms.katalon.core.main.TestCaseExecutor.processExecutionPhase(TestCaseExecutor.java:418)
	at com.kms.katalon.core.main.TestCaseExecutor.accessMainPhase(TestCaseExecutor.java:410)
	at com.kms.katalon.core.main.TestCaseExecutor.execute(TestCaseExecutor.java:285)
	at com.kms.katalon.core.common.CommonExecutor.accessTestCaseMainPhase(CommonExecutor.java:65)
	at com.kms.katalon.core.main.TestSuiteExecutor.accessTestSuiteMainPhase(TestSuiteExecutor.java:144)
	at com.kms.katalon.core.main.TestSuiteExecutor.execute(TestSuiteExecutor.java:106)
	at com.kms.katalon.core.main.TestCaseMain.startTestSuite(TestCaseMain.java:185)
	at com.kms.katalon.core.main.TestCaseMain$startTestSuite$0.call(Unknown Source)
	at TempTestSuite1674626090557.run(TempTestSuite1674626090557.groovy:36)
Caused by: com.kms.katalon.core.webui.exception.WebElementNotFoundException: Web element with id: 'Object Repository/05-Chat/02-Sending chat messages/div_AC' located by '//div[(text() = 'AC' or . = 'AC')]' not found
	at com.kms.katalon.core.webui.common.WebUiCommonHelper.findWebElement(WebUiCommonHelper.java:1370)
	at com.kms.katalon.core.webui.keyword.internal.WebUIAbstractKeyword.findWebElement(WebUIAbstractKeyword.groovy:27)
	at com.kms.katalon.core.webui.keyword.builtin.ClickKeyword$_click_closure1.doCall(ClickKeyword.groovy:65)
	at com.kms.katalon.core.webui.keyword.builtin.ClickKeyword$_click_closure1.call(ClickKeyword.groovy)
	at com.kms.katalon.core.webui.keyword.internal.WebUIKeywordMain.runKeyword(WebUIKeywordMain.groovy:20)
	... 19 more]]></system-err>
      </testcase>
      <system-out><![CDATA[2023-01-25 13:55:19 - [TEST_SUITE][FAILED] - 05-Chat: Test Cases/05- Chat/10-Group Info FAILED.
Reason:
com.kms.katalon.core.exception.StepFailedException: Unable to click on object 'Object Repository/05-Chat/02-Sending chat messages/div_AC'
	at com.kms.katalon.core.webui.keyword.internal.WebUIKeywordMain.stepFailed(WebUIKeywordMain.groovy:64)
	at com.kms.katalon.core.webui.keyword.internal.WebUIKeywordMain.runKeyword(WebUIKeywordMain.groovy:26)
	at com.kms.katalon.core.webui.keyword.builtin.ClickKeyword.click(ClickKeyword.groovy:74)
	at com.kms.katalon.core.webui.keyword.builtin.ClickKeyword.execute(ClickKeyword.groovy:40)
	at com.kms.katalon.core.keyword.internal.KeywordExecutor.executeKeywordForPlatform(KeywordExecutor.groovy:74)
	at com.kms.katalon.core.webui.keyword.WebUiBuiltInKeywords.click(WebUiBuiltInKeywords.groovy:620)
	at com.kms.katalon.core.webui.keyword.WebUiBuiltInKeywords$click$4.call(Unknown Source)
	at 10-Group Info.run(10-Group Info:22)
	at com.kms.katalon.core.main.ScriptEngine.run(ScriptEngine.java:194)
	at com.kms.katalon.core.main.ScriptEngine.runScriptAsRawText(ScriptEngine.java:119)
	at com.kms.katalon.core.main.TestCaseExecutor.runScript(TestCaseExecutor.java:448)
	at com.kms.katalon.core.main.TestCaseExecutor.doExecute(TestCaseExecutor.java:439)
	at com.kms.katalon.core.main.TestCaseExecutor.processExecutionPhase(TestCaseExecutor.java:418)
	at com.kms.katalon.core.main.TestCaseExecutor.accessMainPhase(TestCaseExecutor.java:410)
	at com.kms.katalon.core.main.TestCaseExecutor.execute(TestCaseExecutor.java:285)
	at com.kms.katalon.core.common.CommonExecutor.accessTestCaseMainPhase(CommonExecutor.java:65)
	at com.kms.katalon.core.main.TestSuiteExecutor.accessTestSuiteMainPhase(TestSuiteExecutor.java:144)
	at com.kms.katalon.core.main.TestSuiteExecutor.execute(TestSuiteExecutor.java:106)
	at com.kms.katalon.core.main.TestCaseMain.startTestSuite(TestCaseMain.java:185)
	at com.kms.katalon.core.main.TestCaseMain$startTestSuite$0.call(Unknown Source)
	at TempTestSuite1674626090557.run(TempTestSuite1674626090557.groovy:36)
Caused by: com.kms.katalon.core.webui.exception.WebElementNotFoundException: Web element with id: 'Object Repository/05-Chat/02-Sending chat messages/div_AC' located by '//div[(text() = 'AC' or . = 'AC')]' not found
	at com.kms.katalon.core.webui.common.WebUiCommonHelper.findWebElement(WebUiCommonHelper.java:1370)
	at com.kms.katalon.core.webui.keyword.internal.WebUIAbstractKeyword.findWebElement(WebUIAbstractKeyword.groovy:27)
	at com.kms.katalon.core.webui.keyword.builtin.ClickKeyword$_click_closure1.doCall(ClickKeyword.groovy:65)
	at com.kms.katalon.core.webui.keyword.builtin.ClickKeyword$_click_closure1.call(ClickKeyword.groovy)
	at com.kms.katalon.core.webui.keyword.internal.WebUIKeywordMain.runKeyword(WebUIKeywordMain.groovy:20)
	... 19 more]]></system-out>
      <system-err><![CDATA[2023-01-25 13:55:19 - [TEST_SUITE][FAILED] - 05-Chat: Test Cases/05- Chat/10-Group Info FAILED.
Reason:
com.kms.katalon.core.exception.StepFailedException: Unable to click on object 'Object Repository/05-Chat/02-Sending chat messages/div_AC'
	at com.kms.katalon.core.webui.keyword.internal.WebUIKeywordMain.stepFailed(WebUIKeywordMain.groovy:64)
	at com.kms.katalon.core.webui.keyword.internal.WebUIKeywordMain.runKeyword(WebUIKeywordMain.groovy:26)
	at com.kms.katalon.core.webui.keyword.builtin.ClickKeyword.click(ClickKeyword.groovy:74)
	at com.kms.katalon.core.webui.keyword.builtin.ClickKeyword.execute(ClickKeyword.groovy:40)
	at com.kms.katalon.core.keyword.internal.KeywordExecutor.executeKeywordForPlatform(KeywordExecutor.groovy:74)
	at com.kms.katalon.core.webui.keyword.WebUiBuiltInKeywords.click(WebUiBuiltInKeywords.groovy:620)
	at com.kms.katalon.core.webui.keyword.WebUiBuiltInKeywords$click$4.call(Unknown Source)
	at 10-Group Info.run(10-Group Info:22)
	at com.kms.katalon.core.main.ScriptEngine.run(ScriptEngine.java:194)
	at com.kms.katalon.core.main.ScriptEngine.runScriptAsRawText(ScriptEngine.java:119)
	at com.kms.katalon.core.main.TestCaseExecutor.runScript(TestCaseExecutor.java:448)
	at com.kms.katalon.core.main.TestCaseExecutor.doExecute(TestCaseExecutor.java:439)
	at com.kms.katalon.core.main.TestCaseExecutor.processExecutionPhase(TestCaseExecutor.java:418)
	at com.kms.katalon.core.main.TestCaseExecutor.accessMainPhase(TestCaseExecutor.java:410)
	at com.kms.katalon.core.main.TestCaseExecutor.execute(TestCaseExecutor.java:285)
	at com.kms.katalon.core.common.CommonExecutor.accessTestCaseMainPhase(CommonExecutor.java:65)
	at com.kms.katalon.core.main.TestSuiteExecutor.accessTestSuiteMainPhase(TestSuiteExecutor.java:144)
	at com.kms.katalon.core.main.TestSuiteExecutor.execute(TestSuiteExecutor.java:106)
	at com.kms.katalon.core.main.TestCaseMain.startTestSuite(TestCaseMain.java:185)
	at com.kms.katalon.core.main.TestCaseMain$startTestSuite$0.call(Unknown Source)
	at TempTestSuite1674626090557.run(TempTestSuite1674626090557.groovy:36)
Caused by: com.kms.katalon.core.webui.exception.WebElementNotFoundException: Web element with id: 'Object Repository/05-Chat/02-Sending chat messages/div_AC' located by '//div[(text() = 'AC' or . = 'AC')]' not found
	at com.kms.katalon.core.webui.common.WebUiCommonHelper.findWebElement(WebUiCommonHelper.java:1370)
	at com.kms.katalon.core.webui.keyword.internal.WebUIAbstractKeyword.findWebElement(WebUIAbstractKeyword.groovy:27)
	at com.kms.katalon.core.webui.keyword.builtin.ClickKeyword$_click_closure1.doCall(ClickKeyword.groovy:65)
	at com.kms.katalon.core.webui.keyword.builtin.ClickKeyword$_click_closure1.call(ClickKeyword.groovy)
	at com.kms.katalon.core.webui.keyword.internal.WebUIKeywordMain.runKeyword(WebUIKeywordMain.groovy:20)
	... 19 more]]></system-err>
   </testsuite>
</testsuites>
