<?xml version="1.0" encoding="UTF-8"?>
<testsuites name="06.2 - Teams - Settings" time="588.376" tests="16" failures="0" errors="0">
   <testsuite name="06.2 - Teams - Settings" tests="16" failures="0" errors="0" time="588.376" skipped="0" timestamp="2022-11-18 12:40:11" hostname="User - DESKTOP-QCRNR4M" id="Test Suites/TS-Organization/06.2 - Teams - Settings">
      <properties>
         <property name="deviceName" value=""/>
         <property name="devicePlatform" value=""/>
         <property name="logFolder" value="C:\\Users\\User\\Katalon Studio\\EverleaguesMain\\Reports\\20221118_124009\\TS-Organization\\06.2 - Teams - Settings\\20221118_124009"/>
         <property name="logFiles" value="C:\\Users\\User\\Katalon Studio\\EverleaguesMain\\Reports\\20221118_124009\\TS-Organization\\06.2 - Teams - Settings\\20221118_124009\\execution0.log"/>
         <property name="attachments" value=""/>
         <property name="hostName" value="User - DESKTOP-QCRNR4M"/>
         <property name="os" value="Windows 10 64bit"/>
         <property name="katalonVersion" value="8.4.1.208"/>
         <property name="browser" value="Chrome 107.0.0.0"/>
         <property name="hostAddress" value="192.168.5.124"/>
         <property name="sessionId" value="a5970540ca59d6098689384f8ad5f526"/>
         <property name="seleniumVersion" value="3.141.59"/>
         <property name="proxyInformation" value="ProxyInformation { proxyOption=NO_PROXY, proxyServerType=HTTP, username=, password=********, proxyServerAddress=, proxyServerPort=0, executionList=&quot;&quot;, isApplyToDesiredCapabilities=true }"/>
         <property name="platform" value="Windows 10"/>
      </properties>
      <testcase name="Test Cases/06- Teams/03-Edit Team - Private (adding member)" time="88.396" classname="Test Cases/06- Teams/03-Edit Team - Private (adding member)" status="PASSED">
         <system-out><![CDATA[2022-11-18 12:40:12 - [TEST_CASE][PASSED] - Test Cases/06- Teams/03-Edit Team - Private (adding member): Test Cases/06- Teams/03-Edit Team - Private (adding member)

2022-11-18 12:40:12 - [TEST_STEP][PASSED] - openBrowser(""): Browser is opened with url: ''

2022-11-18 12:40:12 - [MESSAGE][INFO] - Starting 'Chrome' driver

2022-11-18 12:40:12 - [MESSAGE][INFO] - Action delay is set to 0 milliseconds

2022-11-18 12:40:14 - [MESSAGE][PASSED] - Browser is opened with url: ''

2022-11-18 12:40:14 - [TEST_STEP][PASSED] - navigateToUrl("https://lab.everleagues.com/"): Navigate to 'https://lab.everleagues.com/' successfully

2022-11-18 12:40:26 - [MESSAGE][PASSED] - Navigate to 'https://lab.everleagues.com/' successfully

2022-11-18 12:40:26 - [TEST_STEP][PASSED] - maximizeWindow(): Current window maximized

2022-11-18 12:40:27 - [MESSAGE][PASSED] - Current window maximized

2022-11-18 12:40:27 - [TEST_STEP][PASSED] - setText(findTestObject("02-Side Icons(Organization)/Add Contact/Email Field"), "testuser02@mailinator.com"): Text 'testuser02@mailinator.com' is set on object 'Object Repository/02-Side Icons(Organization)/Add Contact/Email Field'

2022-11-18 12:40:27 - [MESSAGE][PASSED] - Text 'testuser02@mailinator.com' is set on object 'Object Repository/02-Side Icons(Organization)/Add Contact/Email Field'

2022-11-18 12:40:27 - [TEST_STEP][PASSED] - setEncryptedText(findTestObject("02-Side Icons(Organization)/Add Contact/Password Field"), "8yFRyszE6U6jvsCn51OQbg=="): Text ****** has been set on object 'Object Repository/02-Side Icons(Organization)/Add Contact/Password Field'

2022-11-18 12:40:28 - [MESSAGE][PASSED] - Text ****** has been set on object 'Object Repository/02-Side Icons(Organization)/Add Contact/Password Field'

2022-11-18 12:40:28 - [TEST_STEP][PASSED] - click(findTestObject("02-Side Icons(Organization)/Add Contact/button_Sign in")): Object: 'Object Repository/02-Side Icons(Organization)/Add Contact/button_Sign in' is clicked on

2022-11-18 12:40:29 - [MESSAGE][PASSED] - Object: 'Object Repository/02-Side Icons(Organization)/Add Contact/button_Sign in' is clicked on

2022-11-18 12:40:29 - [TEST_STEP][PASSED] - delay(3): Delayed 3 second(s)

2022-11-18 12:40:32 - [MESSAGE][PASSED] - Delayed 3 second(s)

2022-11-18 12:40:32 - [TEST_STEP][PASSED] - click(findTestObject("06-Teams/For 2FA/button_Confirm_2FA")): Object: 'Object Repository/06-Teams/For 2FA/button_Confirm_2FA' is clicked on

2022-11-18 12:40:32 - [MESSAGE][PASSED] - Object: 'Object Repository/06-Teams/For 2FA/button_Confirm_2FA' is clicked on

2022-11-18 12:40:32 - [TEST_STEP][PASSED] - executeJavaScript("window.open();", []): Execute JavaScript 'window.open();' successfully

2022-11-18 12:40:32 - [MESSAGE][PASSED] - Execute JavaScript 'window.open();' successfully

2022-11-18 12:40:32 - [TEST_STEP][PASSED] - currentWindow = getWindowIndex(): Current window's index is: 0

2022-11-18 12:40:32 - [MESSAGE][PASSED] - Current window's index is: 0

2022-11-18 12:40:32 - [TEST_STEP][PASSED] - delay(3): Delayed 3 second(s)

2022-11-18 12:40:35 - [MESSAGE][PASSED] - Delayed 3 second(s)

2022-11-18 12:40:35 - [TEST_STEP][PASSED] - switchToWindowIndex(currentWindow + 1): Switched to window with index: '1'

2022-11-18 12:40:35 - [MESSAGE][PASSED] - Switched to window with index: '1'

2022-11-18 12:40:35 - [TEST_STEP][PASSED] - navigateToUrl("https://www.mailinator.com/"): Navigate to 'https://www.mailinator.com/' successfully

2022-11-18 12:40:38 - [MESSAGE][PASSED] - Navigate to 'https://www.mailinator.com/' successfully

2022-11-18 12:40:38 - [TEST_STEP][PASSED] - delay(3): Delayed 3 second(s)

2022-11-18 12:40:41 - [MESSAGE][PASSED] - Delayed 3 second(s)

2022-11-18 12:40:41 - [TEST_STEP][PASSED] - setText(findTestObject("00-Signup and Activation/zMailinator/input_LOGIN_search"), "testuser02@mailinator.com"): Text 'testuser02@mailinator.com' is set on object 'Object Repository/00-Signup and Activation/zMailinator/input_LOGIN_search'

2022-11-18 12:40:41 - [MESSAGE][PASSED] - Text 'testuser02@mailinator.com' is set on object 'Object Repository/00-Signup and Activation/zMailinator/input_LOGIN_search'

2022-11-18 12:40:41 - [TEST_STEP][PASSED] - click(findTestObject("00-Signup and Activation/zMailinator/gobutton"), STOP_ON_FAILURE): Object: 'Object Repository/00-Signup and Activation/zMailinator/gobutton' is clicked on

2022-11-18 12:40:43 - [MESSAGE][PASSED] - Object: 'Object Repository/00-Signup and Activation/zMailinator/gobutton' is clicked on

2022-11-18 12:40:43 - [TEST_STEP][PASSED] - delay(3): Delayed 3 second(s)

2022-11-18 12:40:46 - [MESSAGE][PASSED] - Delayed 3 second(s)

2022-11-18 12:40:46 - [TEST_STEP][PASSED] - click(findTestObject("00-Signup and Activation/zMailinator/Email - everleagues")): Object: 'Object Repository/00-Signup and Activation/zMailinator/Email - everleagues' is clicked on

2022-11-18 12:40:46 - [MESSAGE][PASSED] - Object: 'Object Repository/00-Signup and Activation/zMailinator/Email - everleagues' is clicked on

2022-11-18 12:40:46 - [TEST_STEP][PASSED] - delay(3): Delayed 3 second(s)

2022-11-18 12:40:49 - [MESSAGE][PASSED] - Delayed 3 second(s)

2022-11-18 12:40:49 - [TEST_STEP][PASSED] - code = getText(findTestObject("Object Repository/06-Teams/For 2FA/2FA code")): Text of object 'Object Repository/06-Teams/For 2FA/2FA code' is: '080270'

2022-11-18 12:40:50 - [MESSAGE][PASSED] - Text of object 'Object Repository/06-Teams/For 2FA/2FA code' is: '080270'

2022-11-18 12:40:50 - [TEST_STEP][PASSED] - delay(3): Delayed 3 second(s)

2022-11-18 12:40:53 - [MESSAGE][PASSED] - Delayed 3 second(s)

2022-11-18 12:40:53 - [TEST_STEP][PASSED] - closeWindowTitle("Mailinator"): Window with title: 'Mailinator' is closed

2022-11-18 12:40:53 - [MESSAGE][PASSED] - Window with title: 'Mailinator' is closed

2022-11-18 12:40:53 - [TEST_STEP][PASSED] - delay(3): Delayed 3 second(s)

2022-11-18 12:40:56 - [MESSAGE][PASSED] - Delayed 3 second(s)

2022-11-18 12:40:56 - [TEST_STEP][PASSED] - switchToWindowIndex(0): Switched to window with index: '0'

2022-11-18 12:40:56 - [MESSAGE][PASSED] - Switched to window with index: '0'

2022-11-18 12:40:56 - [TEST_STEP][PASSED] - delay(3): Delayed 3 second(s)

2022-11-18 12:40:59 - [MESSAGE][PASSED] - Delayed 3 second(s)

2022-11-18 12:40:59 - [TEST_STEP][PASSED] - setText(findTestObject("Object Repository/06-Teams/For 2FA/input_Enter verification code_code"), code): Text '080270' is set on object 'Object Repository/06-Teams/For 2FA/input_Enter verification code_code'

2022-11-18 12:41:00 - [MESSAGE][PASSED] - Text '080270' is set on object 'Object Repository/06-Teams/For 2FA/input_Enter verification code_code'

2022-11-18 12:41:00 - [TEST_STEP][PASSED] - delay(3): Delayed 3 second(s)

2022-11-18 12:41:03 - [MESSAGE][PASSED] - Delayed 3 second(s)

2022-11-18 12:41:03 - [TEST_STEP][PASSED] - click(findTestObject("06-Teams/For 2FA/button_Verify_2FA")): Object: 'Object Repository/06-Teams/For 2FA/button_Verify_2FA' is clicked on

2022-11-18 12:41:04 - [MESSAGE][PASSED] - Object: 'Object Repository/06-Teams/For 2FA/button_Verify_2FA' is clicked on

2022-11-18 12:41:04 - [TEST_STEP][PASSED] - delay(5): Delayed 5 second(s)

2022-11-18 12:41:09 - [MESSAGE][PASSED] - Delayed 5 second(s)

2022-11-18 12:41:09 - [TEST_STEP][PASSED] - click(findTestObject("06-Teams/button_doublearrow")): Object: 'Object Repository/06-Teams/button_doublearrow' is clicked on

2022-11-18 12:41:09 - [MESSAGE][PASSED] - Object: 'Object Repository/06-Teams/button_doublearrow' is clicked on

2022-11-18 12:41:09 - [TEST_STEP][PASSED] - click(findTestObject("06-Teams/button_My Organizations")): Object: 'Object Repository/06-Teams/button_My Organizations' is clicked on

2022-11-18 12:41:10 - [MESSAGE][PASSED] - Object: 'Object Repository/06-Teams/button_My Organizations' is clicked on

2022-11-18 12:41:10 - [TEST_STEP][PASSED] - click(findTestObject("06-Teams/button_GG Automation")): Object: 'Object Repository/06-Teams/button_GG Automation' is clicked on

2022-11-18 12:41:11 - [MESSAGE][PASSED] - Object: 'Object Repository/06-Teams/button_GG Automation' is clicked on

2022-11-18 12:41:11 - [TEST_STEP][PASSED] - delay(4): Delayed 4 second(s)

2022-11-18 12:41:15 - [MESSAGE][PASSED] - Delayed 4 second(s)

2022-11-18 12:41:15 - [TEST_STEP][PASSED] - verifyElementVisible(findTestObject("06-Teams/span_GG Automation")): Object 'Object Repository/06-Teams/span_GG Automation' is visible

2022-11-18 12:41:15 - [MESSAGE][PASSED] - Object 'Object Repository/06-Teams/span_GG Automation' is visible

2022-11-18 12:41:15 - [TEST_STEP][PASSED] - delay(2): Delayed 2 second(s)

2022-11-18 12:41:17 - [MESSAGE][PASSED] - Delayed 2 second(s)

2022-11-18 12:41:17 - [TEST_STEP][PASSED] - click(findTestObject("03-Header Menu/Hamburger Button/div_Teams")): Object: 'Object Repository/03-Header Menu/Hamburger Button/div_Teams' is clicked on

2022-11-18 12:41:18 - [MESSAGE][PASSED] - Object: 'Object Repository/03-Header Menu/Hamburger Button/div_Teams' is clicked on

2022-11-18 12:41:18 - [TEST_STEP][PASSED] - delay(2): Delayed 2 second(s)

2022-11-18 12:41:20 - [MESSAGE][PASSED] - Delayed 2 second(s)

2022-11-18 12:41:20 - [TEST_STEP][PASSED] - verifyElementVisible(findTestObject("06-Teams/h4_TEAMS")): Object 'Object Repository/06-Teams/h4_TEAMS' is visible

2022-11-18 12:41:20 - [MESSAGE][PASSED] - Object 'Object Repository/06-Teams/h4_TEAMS' is visible

2022-11-18 12:41:20 - [TEST_STEP][PASSED] - delay(3): Delayed 3 second(s)

2022-11-18 12:41:23 - [MESSAGE][PASSED] - Delayed 3 second(s)

2022-11-18 12:41:23 - [TEST_STEP][PASSED] - click(findTestObject("06-Teams/03-Edit Team - Private/button_edit Auto Team Private")): Object: 'Object Repository/06-Teams/03-Edit Team - Private/button_edit Auto Team Private' is clicked on

2022-11-18 12:41:24 - [MESSAGE][PASSED] - Object: 'Object Repository/06-Teams/03-Edit Team - Private/button_edit Auto Team Private' is clicked on

2022-11-18 12:41:24 - [TEST_STEP][PASSED] - delay(3): Delayed 3 second(s)

2022-11-18 12:41:27 - [MESSAGE][PASSED] - Delayed 3 second(s)

2022-11-18 12:41:27 - [TEST_STEP][PASSED] - verifyElementVisible(findTestObject("06-Teams/03-Edit Team - Private/h4_Edit Auto Team Private")): Object 'Object Repository/06-Teams/03-Edit Team - Private/h4_Edit Auto Team Private' is visible

2022-11-18 12:41:27 - [MESSAGE][PASSED] - Object 'Object Repository/06-Teams/03-Edit Team - Private/h4_Edit Auto Team Private' is visible

2022-11-18 12:41:27 - [TEST_STEP][PASSED] - verifyElementVisible(findTestObject("06-Teams/03-Edit Team - Private/div_Members")): Object 'Object Repository/06-Teams/03-Edit Team - Private/div_Members' is visible

2022-11-18 12:41:27 - [MESSAGE][PASSED] - Object 'Object Repository/06-Teams/03-Edit Team - Private/div_Members' is visible

2022-11-18 12:41:27 - [TEST_STEP][PASSED] - verifyElementVisible(findTestObject("06-Teams/03-Edit Team - Private/div_Channels")): Object 'Object Repository/06-Teams/03-Edit Team - Private/div_Channels' is visible

2022-11-18 12:41:28 - [MESSAGE][PASSED] - Object 'Object Repository/06-Teams/03-Edit Team - Private/div_Channels' is visible

2022-11-18 12:41:28 - [TEST_STEP][PASSED] - verifyElementVisible(findTestObject("06-Teams/03-Edit Team - Private/div_Settings")): Object 'Object Repository/06-Teams/03-Edit Team - Private/div_Settings' is visible

2022-11-18 12:41:28 - [MESSAGE][PASSED] - Object 'Object Repository/06-Teams/03-Edit Team - Private/div_Settings' is visible

2022-11-18 12:41:28 - [TEST_STEP][PASSED] - delay(3): Delayed 3 second(s)

2022-11-18 12:41:31 - [MESSAGE][PASSED] - Delayed 3 second(s)

2022-11-18 12:41:31 - [TEST_STEP][PASSED] - click(findTestObject("06-Teams/03-Edit Team - Private/input_name or group")): Object: 'Object Repository/06-Teams/03-Edit Team - Private/input_name or group' is clicked on

2022-11-18 12:41:32 - [MESSAGE][PASSED] - Object: 'Object Repository/06-Teams/03-Edit Team - Private/input_name or group' is clicked on

2022-11-18 12:41:32 - [TEST_STEP][PASSED] - click(findTestObject("06-Teams/03-Edit Team - Private/select_GG tester 2")): Object: 'Object Repository/06-Teams/03-Edit Team - Private/select_GG tester 2' is clicked on

2022-11-18 12:41:32 - [MESSAGE][PASSED] - Object: 'Object Repository/06-Teams/03-Edit Team - Private/select_GG tester 2' is clicked on

2022-11-18 12:41:32 - [TEST_STEP][PASSED] - verifyElementVisible(findTestObject("06-Teams/03-Edit Team - Private/selected_GG tester 2")): Object 'Object Repository/06-Teams/03-Edit Team - Private/selected_GG tester 2' is visible

2022-11-18 12:41:33 - [MESSAGE][PASSED] - Object 'Object Repository/06-Teams/03-Edit Team - Private/selected_GG tester 2' is visible

2022-11-18 12:41:33 - [TEST_STEP][PASSED] - delay(3): Delayed 3 second(s)

2022-11-18 12:41:36 - [MESSAGE][PASSED] - Delayed 3 second(s)

2022-11-18 12:41:36 - [TEST_STEP][PASSED] - click(findTestObject("06-Teams/03-Edit Team - Private/div_INVITE")): Object: 'Object Repository/06-Teams/03-Edit Team - Private/div_INVITE' is clicked on

2022-11-18 12:41:36 - [MESSAGE][PASSED] - Object: 'Object Repository/06-Teams/03-Edit Team - Private/div_INVITE' is clicked on

2022-11-18 12:41:36 - [TEST_STEP][PASSED] - verifyElementVisible(findTestObject("06-Teams/03-Edit Team - Private/added_GTGG tester 2")): Object 'Object Repository/06-Teams/03-Edit Team - Private/added_GTGG tester 2' is visible

2022-11-18 12:41:37 - [MESSAGE][PASSED] - Object 'Object Repository/06-Teams/03-Edit Team - Private/added_GTGG tester 2' is visible

2022-11-18 12:41:37 - [TEST_STEP][PASSED] - delay(3): Delayed 3 second(s)

2022-11-18 12:41:40 - [MESSAGE][PASSED] - Delayed 3 second(s)]]></system-out>
         <system-err><![CDATA[]]></system-err>
      </testcase>
      <testcase name="Test Cases/06- Teams/04-Edit Team - Private (promoting member to admin)" time="7.03" classname="Test Cases/06- Teams/04-Edit Team - Private (promoting member to admin)" status="PASSED">
         <system-out><![CDATA[2022-11-18 12:41:40 - [TEST_CASE][PASSED] - Test Cases/06- Teams/04-Edit Team - Private (promoting member to admin): Test Cases/06- Teams/04-Edit Team - Private (promoting member to admin)

2022-11-18 12:41:40 - [TEST_STEP][PASSED] - mouseOver(findTestObject("06-Teams/03-Edit Team - Private/mouse over target element")): Object: 'Object Repository/06-Teams/03-Edit Team - Private/mouse over target element' is hovered

2022-11-18 12:41:41 - [MESSAGE][PASSED] - Object: 'Object Repository/06-Teams/03-Edit Team - Private/mouse over target element' is hovered

2022-11-18 12:41:41 - [TEST_STEP][PASSED] - delay(2): Delayed 2 second(s)

2022-11-18 12:41:43 - [MESSAGE][PASSED] - Delayed 2 second(s)

2022-11-18 12:41:43 - [TEST_STEP][PASSED] - click(findTestObject("06-Teams/03-Edit Team - Private/button_promote to admin")): Object: 'Object Repository/06-Teams/03-Edit Team - Private/button_promote to admin' is clicked on

2022-11-18 12:41:43 - [MESSAGE][PASSED] - Object: 'Object Repository/06-Teams/03-Edit Team - Private/button_promote to admin' is clicked on

2022-11-18 12:41:43 - [TEST_STEP][PASSED] - verifyElementVisible(findTestObject("06-Teams/03-Edit Team - Private/span_Admin")): Object 'Object Repository/06-Teams/03-Edit Team - Private/span_Admin' is visible

2022-11-18 12:41:44 - [MESSAGE][PASSED] - Object 'Object Repository/06-Teams/03-Edit Team - Private/span_Admin' is visible

2022-11-18 12:41:44 - [TEST_STEP][PASSED] - delay(3): Delayed 3 second(s)

2022-11-18 12:41:47 - [MESSAGE][PASSED] - Delayed 3 second(s)]]></system-out>
         <system-err><![CDATA[]]></system-err>
      </testcase>
      <testcase name="Test Cases/06- Teams/05-Edit Team - Private (removing a member)" time="7.312" classname="Test Cases/06- Teams/05-Edit Team - Private (removing a member)" status="PASSED">
         <system-out><![CDATA[2022-11-18 12:41:47 - [TEST_CASE][PASSED] - Test Cases/06- Teams/05-Edit Team - Private (removing a member): Test Cases/06- Teams/05-Edit Team - Private (removing a member)

2022-11-18 12:41:47 - [TEST_STEP][PASSED] - mouseOver(findTestObject("06-Teams/03-Edit Team - Private/mouse over target element 2")): Object: 'Object Repository/06-Teams/03-Edit Team - Private/mouse over target element 2' is hovered

2022-11-18 12:41:48 - [MESSAGE][PASSED] - Object: 'Object Repository/06-Teams/03-Edit Team - Private/mouse over target element 2' is hovered

2022-11-18 12:41:48 - [TEST_STEP][PASSED] - click(findTestObject("06-Teams/03-Edit Team - Private/button_remove member")): Object: 'Object Repository/06-Teams/03-Edit Team - Private/button_remove member' is clicked on

2022-11-18 12:41:48 - [MESSAGE][PASSED] - Object: 'Object Repository/06-Teams/03-Edit Team - Private/button_remove member' is clicked on

2022-11-18 12:41:48 - [TEST_STEP][PASSED] - verifyElementNotPresent(findTestObject("06-Teams/03-Edit Team - Private/added_GTGG tester 2"), 0): Web element with id: 'Object Repository/06-Teams/03-Edit Team - Private/added_GTGG tester 2' located by 'By.xpath: //td[(text() = 'GTGG tester 2' or . = 'GTGG tester 2')]' is not present after '30' second(s)

2022-11-18 12:41:48 - [MESSAGE][WARNING] - Timeout '0' is invalid. Using default page load timeout: '30'

2022-11-18 12:41:49 - [MESSAGE][PASSED] - Web element with id: 'Object Repository/06-Teams/03-Edit Team - Private/added_GTGG tester 2' located by 'By.xpath: //td[(text() = 'GTGG tester 2' or . = 'GTGG tester 2')]' is not present after '30' second(s)

2022-11-18 12:41:49 - [TEST_STEP][PASSED] - delay(5): Delayed 5 second(s)

2022-11-18 12:41:54 - [MESSAGE][PASSED] - Delayed 5 second(s)]]></system-out>
         <system-err><![CDATA[]]></system-err>
      </testcase>
      <testcase name="Test Cases/06- Teams/06-Edit Team - Private (adding a channel)" time="18.446" classname="Test Cases/06- Teams/06-Edit Team - Private (adding a channel)" status="PASSED">
         <system-out><![CDATA[2022-11-18 12:41:54 - [TEST_CASE][PASSED] - Test Cases/06- Teams/06-Edit Team - Private (adding a channel): Test Cases/06- Teams/06-Edit Team - Private (adding a channel)

2022-11-18 12:41:55 - [TEST_STEP][PASSED] - click(findTestObject("06-Teams/03-Edit Team - Private/div_Channels")): Object: 'Object Repository/06-Teams/03-Edit Team - Private/div_Channels' is clicked on

2022-11-18 12:41:55 - [MESSAGE][PASSED] - Object: 'Object Repository/06-Teams/03-Edit Team - Private/div_Channels' is clicked on

2022-11-18 12:41:55 - [TEST_STEP][PASSED] - click(findTestObject("06-Teams/03-Edit Team - Private/div_Showing channels in team_Add Channel")): Object: 'Object Repository/06-Teams/03-Edit Team - Private/div_Showing channels in team_Add Channel' is clicked on

2022-11-18 12:41:56 - [MESSAGE][PASSED] - Object: 'Object Repository/06-Teams/03-Edit Team - Private/div_Showing channels in team_Add Channel' is clicked on

2022-11-18 12:41:56 - [TEST_STEP][PASSED] - delay(3): Delayed 3 second(s)

2022-11-18 12:41:59 - [MESSAGE][PASSED] - Delayed 3 second(s)

2022-11-18 12:41:59 - [TEST_STEP][PASSED] - click(findTestObject("06-Teams/03-Edit Team - Private/div_Add Channel")): Object: 'Object Repository/06-Teams/03-Edit Team - Private/div_Add Channel' is clicked on

2022-11-18 12:41:59 - [MESSAGE][PASSED] - Object: 'Object Repository/06-Teams/03-Edit Team - Private/div_Add Channel' is clicked on

2022-11-18 12:41:59 - [TEST_STEP][PASSED] - verifyElementVisible(findTestObject("06-Teams/03-Edit Team - Private/add channel modal")): Object 'Object Repository/06-Teams/03-Edit Team - Private/add channel modal' is visible

2022-11-18 12:42:00 - [MESSAGE][PASSED] - Object 'Object Repository/06-Teams/03-Edit Team - Private/add channel modal' is visible

2022-11-18 12:42:00 - [TEST_STEP][PASSED] - verifyElementNotClickable(findTestObject("06-Teams/03-Edit Team - Private/button_Add")): Object 'Object Repository/06-Teams/03-Edit Team - Private/button_Add' is NOT clickable

2022-11-18 12:42:00 - [MESSAGE][PASSED] - Object 'Object Repository/06-Teams/03-Edit Team - Private/button_Add' is NOT clickable

2022-11-18 12:42:00 - [TEST_STEP][PASSED] - delay(3): Delayed 3 second(s)

2022-11-18 12:42:03 - [MESSAGE][PASSED] - Delayed 3 second(s)

2022-11-18 12:42:03 - [TEST_STEP][PASSED] - click(findTestObject("06-Teams/03-Edit Team - Private/input_channel name")): Object: 'Object Repository/06-Teams/03-Edit Team - Private/input_channel name' is clicked on

2022-11-18 12:42:03 - [MESSAGE][PASSED] - Object: 'Object Repository/06-Teams/03-Edit Team - Private/input_channel name' is clicked on

2022-11-18 12:42:03 - [TEST_STEP][PASSED] - click(findTestObject("06-Teams/03-Edit Team - Private/h4_Add Channel")): Object: 'Object Repository/06-Teams/03-Edit Team - Private/h4_Add Channel' is clicked on

2022-11-18 12:42:04 - [MESSAGE][PASSED] - Object: 'Object Repository/06-Teams/03-Edit Team - Private/h4_Add Channel' is clicked on

2022-11-18 12:42:04 - [TEST_STEP][PASSED] - verifyElementVisible(findTestObject("06-Teams/03-Edit Team - Private/div_Channel Name Field is required")): Object 'Object Repository/06-Teams/03-Edit Team - Private/div_Channel Name Field is required' is visible

2022-11-18 12:42:04 - [MESSAGE][PASSED] - Object 'Object Repository/06-Teams/03-Edit Team - Private/div_Channel Name Field is required' is visible

2022-11-18 12:42:04 - [TEST_STEP][PASSED] - delay(3): Delayed 3 second(s)

2022-11-18 12:42:07 - [MESSAGE][PASSED] - Delayed 3 second(s)

2022-11-18 12:42:07 - [TEST_STEP][PASSED] - setText(findTestObject("06-Teams/03-Edit Team - Private/input_channel name"), "Auto Channel"): Text 'Auto Channel' is set on object 'Object Repository/06-Teams/03-Edit Team - Private/input_channel name'

2022-11-18 12:42:08 - [MESSAGE][PASSED] - Text 'Auto Channel' is set on object 'Object Repository/06-Teams/03-Edit Team - Private/input_channel name'

2022-11-18 12:42:08 - [TEST_STEP][PASSED] - click(findTestObject("06-Teams/03-Edit Team - Private/button_Add")): Object: 'Object Repository/06-Teams/03-Edit Team - Private/button_Add' is clicked on

2022-11-18 12:42:09 - [MESSAGE][PASSED] - Object: 'Object Repository/06-Teams/03-Edit Team - Private/button_Add' is clicked on

2022-11-18 12:42:09 - [TEST_STEP][PASSED] - verifyElementVisible(findTestObject("06-Teams/03-Edit Team - Private/Successfully added channel to team")): Object 'Object Repository/06-Teams/03-Edit Team - Private/Successfully added channel to team' is visible

2022-11-18 12:42:10 - [MESSAGE][PASSED] - Object 'Object Repository/06-Teams/03-Edit Team - Private/Successfully added channel to team' is visible

2022-11-18 12:42:10 - [TEST_STEP][PASSED] - delay(3): Delayed 3 second(s)

2022-11-18 12:42:13 - [MESSAGE][PASSED] - Delayed 3 second(s)]]></system-out>
         <system-err><![CDATA[]]></system-err>
      </testcase>
      <testcase name="Test Cases/06- Teams/07-Edit Team - Private (editing a channel)" time="14.981" classname="Test Cases/06- Teams/07-Edit Team - Private (editing a channel)" status="PASSED">
         <system-out><![CDATA[2022-11-18 12:42:13 - [TEST_CASE][PASSED] - Test Cases/06- Teams/07-Edit Team - Private (editing a channel): Test Cases/06- Teams/07-Edit Team - Private (editing a channel)

2022-11-18 12:42:13 - [TEST_STEP][PASSED] - verifyElementVisible(findTestObject("06-Teams/03-Edit Team - Private/div_Auto Channel")): Object 'Object Repository/06-Teams/03-Edit Team - Private/div_Auto Channel' is visible

2022-11-18 12:42:13 - [MESSAGE][PASSED] - Object 'Object Repository/06-Teams/03-Edit Team - Private/div_Auto Channel' is visible

2022-11-18 12:42:13 - [TEST_STEP][PASSED] - delay(3): Delayed 3 second(s)

2022-11-18 12:42:16 - [MESSAGE][PASSED] - Delayed 3 second(s)

2022-11-18 12:42:16 - [TEST_STEP][PASSED] - click(findTestObject("06-Teams/03-Edit Team - Private/button_edit channel")): Object: 'Object Repository/06-Teams/03-Edit Team - Private/button_edit channel' is clicked on

2022-11-18 12:42:18 - [MESSAGE][PASSED] - Object: 'Object Repository/06-Teams/03-Edit Team - Private/button_edit channel' is clicked on

2022-11-18 12:42:18 - [TEST_STEP][PASSED] - verifyElementVisible(findTestObject("06-Teams/03-Edit Team - Private/Edit channel modal")): Object 'Object Repository/06-Teams/03-Edit Team - Private/Edit channel modal' is visible

2022-11-18 12:42:18 - [MESSAGE][PASSED] - Object 'Object Repository/06-Teams/03-Edit Team - Private/Edit channel modal' is visible

2022-11-18 12:42:18 - [TEST_STEP][PASSED] - verifyElementNotClickable(findTestObject("06-Teams/03-Edit Team - Private/button_Save")): Object 'Object Repository/06-Teams/03-Edit Team - Private/button_Save' is NOT clickable

2022-11-18 12:42:19 - [MESSAGE][PASSED] - Object 'Object Repository/06-Teams/03-Edit Team - Private/button_Save' is NOT clickable

2022-11-18 12:42:19 - [TEST_STEP][PASSED] - delay(3): Delayed 3 second(s)

2022-11-18 12:42:22 - [MESSAGE][PASSED] - Delayed 3 second(s)

2022-11-18 12:42:22 - [TEST_STEP][PASSED] - setText(findTestObject("06-Teams/03-Edit Team - Private/input_Edit Channel name"), "Auto Channel Edit"): Text 'Auto Channel Edit' is set on object 'Object Repository/06-Teams/03-Edit Team - Private/input_Edit Channel name'

2022-11-18 12:42:23 - [MESSAGE][PASSED] - Text 'Auto Channel Edit' is set on object 'Object Repository/06-Teams/03-Edit Team - Private/input_Edit Channel name'

2022-11-18 12:42:23 - [TEST_STEP][PASSED] - click(findTestObject("06-Teams/03-Edit Team - Private/button_Save")): Object: 'Object Repository/06-Teams/03-Edit Team - Private/button_Save' is clicked on

2022-11-18 12:42:23 - [MESSAGE][PASSED] - Object: 'Object Repository/06-Teams/03-Edit Team - Private/button_Save' is clicked on

2022-11-18 12:42:23 - [TEST_STEP][PASSED] - verifyElementVisible(findTestObject("06-Teams/03-Edit Team - Private/Successfully edited channel")): Object 'Object Repository/06-Teams/03-Edit Team - Private/Successfully edited channel' is visible

2022-11-18 12:42:25 - [MESSAGE][PASSED] - Object 'Object Repository/06-Teams/03-Edit Team - Private/Successfully edited channel' is visible

2022-11-18 12:42:25 - [TEST_STEP][PASSED] - delay(3): Delayed 3 second(s)

2022-11-18 12:42:28 - [MESSAGE][PASSED] - Delayed 3 second(s)]]></system-out>
         <system-err><![CDATA[]]></system-err>
      </testcase>
      <testcase name="Test Cases/06- Teams/08-Edit Team - Private (deleting a channel)" time="6.406" classname="Test Cases/06- Teams/08-Edit Team - Private (deleting a channel)" status="PASSED">
         <system-out><![CDATA[2022-11-18 12:42:28 - [TEST_CASE][PASSED] - Test Cases/06- Teams/08-Edit Team - Private (deleting a channel): Test Cases/06- Teams/08-Edit Team - Private (deleting a channel)

2022-11-18 12:42:28 - [TEST_STEP][PASSED] - click(findTestObject("06-Teams/03-Edit Team - Private/button_delete channel")): Object: 'Object Repository/06-Teams/03-Edit Team - Private/button_delete channel' is clicked on

2022-11-18 12:42:28 - [MESSAGE][PASSED] - Object: 'Object Repository/06-Teams/03-Edit Team - Private/button_delete channel' is clicked on

2022-11-18 12:42:28 - [TEST_STEP][PASSED] - verifyElementVisible(findTestObject("06-Teams/03-Edit Team - Private/Delete confirm modal")): Object 'Object Repository/06-Teams/03-Edit Team - Private/Delete confirm modal' is visible

2022-11-18 12:42:29 - [MESSAGE][PASSED] - Object 'Object Repository/06-Teams/03-Edit Team - Private/Delete confirm modal' is visible

2022-11-18 12:42:29 - [TEST_STEP][PASSED] - click(findTestObject("06-Teams/03-Edit Team - Private/button_delete")): Object: 'Object Repository/06-Teams/03-Edit Team - Private/button_delete' is clicked on

2022-11-18 12:42:30 - [MESSAGE][PASSED] - Object: 'Object Repository/06-Teams/03-Edit Team - Private/button_delete' is clicked on

2022-11-18 12:42:30 - [TEST_STEP][PASSED] - verifyElementVisible(findTestObject("06-Teams/03-Edit Team - Private/Successfully deleted channel")): Object 'Object Repository/06-Teams/03-Edit Team - Private/Successfully deleted channel' is visible

2022-11-18 12:42:31 - [MESSAGE][PASSED] - Object 'Object Repository/06-Teams/03-Edit Team - Private/Successfully deleted channel' is visible

2022-11-18 12:42:31 - [TEST_STEP][PASSED] - delay(3): Delayed 3 second(s)

2022-11-18 12:42:34 - [MESSAGE][PASSED] - Delayed 3 second(s)]]></system-out>
         <system-err><![CDATA[]]></system-err>
      </testcase>
      <testcase name="Test Cases/06- Teams/09-Edit Team - Private (settings)" time="7.749" classname="Test Cases/06- Teams/09-Edit Team - Private (settings)" status="PASSED">
         <system-out><![CDATA[2022-11-18 12:42:34 - [TEST_CASE][PASSED] - Test Cases/06- Teams/09-Edit Team - Private (settings): Test Cases/06- Teams/09-Edit Team - Private (settings)

2022-11-18 12:42:34 - [TEST_STEP][PASSED] - click(findTestObject("06-Teams/03-Edit Team - Private/div_Settings")): Object: 'Object Repository/06-Teams/03-Edit Team - Private/div_Settings' is clicked on

2022-11-18 12:42:35 - [MESSAGE][PASSED] - Object: 'Object Repository/06-Teams/03-Edit Team - Private/div_Settings' is clicked on

2022-11-18 12:42:35 - [TEST_STEP][PASSED] - delay(3): Delayed 3 second(s)

2022-11-18 12:42:38 - [MESSAGE][PASSED] - Delayed 3 second(s)

2022-11-18 12:42:38 - [TEST_STEP][PASSED] - verifyElementVisible(findTestObject("06-Teams/03-Edit Team - Private/Private_settings")): Object 'Object Repository/06-Teams/03-Edit Team - Private/Private_settings' is visible

2022-11-18 12:42:38 - [MESSAGE][PASSED] - Object 'Object Repository/06-Teams/03-Edit Team - Private/Private_settings' is visible

2022-11-18 12:42:38 - [TEST_STEP][PASSED] - delay(3): Delayed 3 second(s)

2022-11-18 12:42:41 - [MESSAGE][PASSED] - Delayed 3 second(s)

2022-11-18 12:42:41 - [TEST_STEP][PASSED] - closeBrowser(): Browser is closed

2022-11-18 12:42:42 - [MESSAGE][PASSED] - Browser is closed]]></system-out>
         <system-err><![CDATA[]]></system-err>
      </testcase>
      <testcase name="Test Cases/06- Teams/10-Edit Team- Public (adding a channel)" time="116.026" classname="Test Cases/06- Teams/10-Edit Team- Public (adding a channel)" status="PASSED">
         <system-out><![CDATA[2022-11-18 12:42:42 - [TEST_CASE][PASSED] - Test Cases/06- Teams/10-Edit Team- Public (adding a channel): Test Cases/06- Teams/10-Edit Team- Public (adding a channel)

2022-11-18 12:42:42 - [TEST_STEP][PASSED] - openBrowser(""): Browser is opened with url: ''

2022-11-18 12:42:42 - [MESSAGE][INFO] - Starting 'Chrome' driver

2022-11-18 12:42:42 - [MESSAGE][INFO] - Action delay is set to 0 milliseconds

2022-11-18 12:42:43 - [MESSAGE][PASSED] - Browser is opened with url: ''

2022-11-18 12:42:43 - [TEST_STEP][PASSED] - navigateToUrl("https://lab.everleagues.com/"): Navigate to 'https://lab.everleagues.com/' successfully

2022-11-18 12:43:12 - [MESSAGE][PASSED] - Navigate to 'https://lab.everleagues.com/' successfully

2022-11-18 12:43:12 - [TEST_STEP][PASSED] - maximizeWindow(): Current window maximized

2022-11-18 12:43:12 - [MESSAGE][PASSED] - Current window maximized

2022-11-18 12:43:12 - [TEST_STEP][PASSED] - setText(findTestObject("02-Side Icons(Organization)/Add Contact/Email Field"), "testuser02@mailinator.com"): Text 'testuser02@mailinator.com' is set on object 'Object Repository/02-Side Icons(Organization)/Add Contact/Email Field'

2022-11-18 12:43:13 - [MESSAGE][PASSED] - Text 'testuser02@mailinator.com' is set on object 'Object Repository/02-Side Icons(Organization)/Add Contact/Email Field'

2022-11-18 12:43:13 - [TEST_STEP][PASSED] - setEncryptedText(findTestObject("02-Side Icons(Organization)/Add Contact/Password Field"), "8yFRyszE6U6jvsCn51OQbg=="): Text ****** has been set on object 'Object Repository/02-Side Icons(Organization)/Add Contact/Password Field'

2022-11-18 12:43:13 - [MESSAGE][PASSED] - Text ****** has been set on object 'Object Repository/02-Side Icons(Organization)/Add Contact/Password Field'

2022-11-18 12:43:13 - [TEST_STEP][PASSED] - click(findTestObject("02-Side Icons(Organization)/Add Contact/button_Sign in")): Object: 'Object Repository/02-Side Icons(Organization)/Add Contact/button_Sign in' is clicked on

2022-11-18 12:43:14 - [MESSAGE][PASSED] - Object: 'Object Repository/02-Side Icons(Organization)/Add Contact/button_Sign in' is clicked on

2022-11-18 12:43:14 - [TEST_STEP][PASSED] - delay(3): Delayed 3 second(s)

2022-11-18 12:43:17 - [MESSAGE][PASSED] - Delayed 3 second(s)

2022-11-18 12:43:17 - [TEST_STEP][PASSED] - click(findTestObject("06-Teams/For 2FA/button_Confirm_2FA")): Object: 'Object Repository/06-Teams/For 2FA/button_Confirm_2FA' is clicked on

2022-11-18 12:43:17 - [MESSAGE][PASSED] - Object: 'Object Repository/06-Teams/For 2FA/button_Confirm_2FA' is clicked on

2022-11-18 12:43:17 - [TEST_STEP][PASSED] - executeJavaScript("window.open();", []): Execute JavaScript 'window.open();' successfully

2022-11-18 12:43:17 - [MESSAGE][PASSED] - Execute JavaScript 'window.open();' successfully

2022-11-18 12:43:17 - [TEST_STEP][PASSED] - currentWindow = getWindowIndex(): Current window's index is: 0

2022-11-18 12:43:17 - [MESSAGE][PASSED] - Current window's index is: 0

2022-11-18 12:43:17 - [TEST_STEP][PASSED] - delay(3): Delayed 3 second(s)

2022-11-18 12:43:20 - [MESSAGE][PASSED] - Delayed 3 second(s)

2022-11-18 12:43:20 - [TEST_STEP][PASSED] - switchToWindowIndex(currentWindow + 1): Switched to window with index: '1'

2022-11-18 12:43:20 - [MESSAGE][PASSED] - Switched to window with index: '1'

2022-11-18 12:43:20 - [TEST_STEP][PASSED] - navigateToUrl("https://www.mailinator.com/"): Navigate to 'https://www.mailinator.com/' successfully

2022-11-18 12:43:23 - [MESSAGE][PASSED] - Navigate to 'https://www.mailinator.com/' successfully

2022-11-18 12:43:23 - [TEST_STEP][PASSED] - delay(3): Delayed 3 second(s)

2022-11-18 12:43:26 - [MESSAGE][PASSED] - Delayed 3 second(s)

2022-11-18 12:43:26 - [TEST_STEP][PASSED] - setText(findTestObject("00-Signup and Activation/zMailinator/input_LOGIN_search"), "testuser02@mailinator.com"): Text 'testuser02@mailinator.com' is set on object 'Object Repository/00-Signup and Activation/zMailinator/input_LOGIN_search'

2022-11-18 12:43:26 - [MESSAGE][PASSED] - Text 'testuser02@mailinator.com' is set on object 'Object Repository/00-Signup and Activation/zMailinator/input_LOGIN_search'

2022-11-18 12:43:26 - [TEST_STEP][PASSED] - click(findTestObject("00-Signup and Activation/zMailinator/gobutton"), STOP_ON_FAILURE): Object: 'Object Repository/00-Signup and Activation/zMailinator/gobutton' is clicked on

2022-11-18 12:43:28 - [MESSAGE][PASSED] - Object: 'Object Repository/00-Signup and Activation/zMailinator/gobutton' is clicked on

2022-11-18 12:43:28 - [TEST_STEP][PASSED] - delay(3): Delayed 3 second(s)

2022-11-18 12:43:31 - [MESSAGE][PASSED] - Delayed 3 second(s)

2022-11-18 12:43:31 - [TEST_STEP][PASSED] - click(findTestObject("00-Signup and Activation/zMailinator/Email - everleagues")): Object: 'Object Repository/00-Signup and Activation/zMailinator/Email - everleagues' is clicked on

2022-11-18 12:43:31 - [MESSAGE][PASSED] - Object: 'Object Repository/00-Signup and Activation/zMailinator/Email - everleagues' is clicked on

2022-11-18 12:43:31 - [TEST_STEP][PASSED] - delay(3): Delayed 3 second(s)

2022-11-18 12:43:35 - [MESSAGE][PASSED] - Delayed 3 second(s)

2022-11-18 12:43:35 - [TEST_STEP][PASSED] - code = getText(findTestObject("Object Repository/06-Teams/For 2FA/2FA code")): Text of object 'Object Repository/06-Teams/For 2FA/2FA code' is: '059936'

2022-11-18 12:43:35 - [MESSAGE][PASSED] - Text of object 'Object Repository/06-Teams/For 2FA/2FA code' is: '059936'

2022-11-18 12:43:35 - [TEST_STEP][PASSED] - delay(3): Delayed 3 second(s)

2022-11-18 12:43:38 - [MESSAGE][PASSED] - Delayed 3 second(s)

2022-11-18 12:43:38 - [TEST_STEP][PASSED] - closeWindowTitle("Mailinator"): Window with title: 'Mailinator' is closed

2022-11-18 12:43:38 - [MESSAGE][PASSED] - Window with title: 'Mailinator' is closed

2022-11-18 12:43:38 - [TEST_STEP][PASSED] - delay(3): Delayed 3 second(s)

2022-11-18 12:43:41 - [MESSAGE][PASSED] - Delayed 3 second(s)

2022-11-18 12:43:41 - [TEST_STEP][PASSED] - switchToWindowIndex(0): Switched to window with index: '0'

2022-11-18 12:43:41 - [MESSAGE][PASSED] - Switched to window with index: '0'

2022-11-18 12:43:41 - [TEST_STEP][PASSED] - delay(3): Delayed 3 second(s)

2022-11-18 12:43:44 - [MESSAGE][PASSED] - Delayed 3 second(s)

2022-11-18 12:43:44 - [TEST_STEP][PASSED] - setText(findTestObject("Object Repository/06-Teams/For 2FA/input_Enter verification code_code"), code): Text '059936' is set on object 'Object Repository/06-Teams/For 2FA/input_Enter verification code_code'

2022-11-18 12:43:45 - [MESSAGE][PASSED] - Text '059936' is set on object 'Object Repository/06-Teams/For 2FA/input_Enter verification code_code'

2022-11-18 12:43:45 - [TEST_STEP][PASSED] - delay(3): Delayed 3 second(s)

2022-11-18 12:43:48 - [MESSAGE][PASSED] - Delayed 3 second(s)

2022-11-18 12:43:48 - [TEST_STEP][PASSED] - click(findTestObject("06-Teams/For 2FA/button_Verify_2FA")): Object: 'Object Repository/06-Teams/For 2FA/button_Verify_2FA' is clicked on

2022-11-18 12:43:52 - [MESSAGE][PASSED] - Object: 'Object Repository/06-Teams/For 2FA/button_Verify_2FA' is clicked on

2022-11-18 12:43:52 - [TEST_STEP][PASSED] - delay(5): Delayed 5 second(s)

2022-11-18 12:43:57 - [MESSAGE][PASSED] - Delayed 5 second(s)

2022-11-18 12:43:57 - [TEST_STEP][PASSED] - click(findTestObject("06-Teams/button_doublearrow")): Object: 'Object Repository/06-Teams/button_doublearrow' is clicked on

2022-11-18 12:44:03 - [MESSAGE][PASSED] - Object: 'Object Repository/06-Teams/button_doublearrow' is clicked on

2022-11-18 12:44:03 - [TEST_STEP][PASSED] - click(findTestObject("06-Teams/button_My Organizations")): Object: 'Object Repository/06-Teams/button_My Organizations' is clicked on

2022-11-18 12:44:03 - [MESSAGE][PASSED] - Object: 'Object Repository/06-Teams/button_My Organizations' is clicked on

2022-11-18 12:44:03 - [TEST_STEP][PASSED] - click(findTestObject("06-Teams/button_GG Automation")): Object: 'Object Repository/06-Teams/button_GG Automation' is clicked on

2022-11-18 12:44:04 - [MESSAGE][PASSED] - Object: 'Object Repository/06-Teams/button_GG Automation' is clicked on

2022-11-18 12:44:04 - [TEST_STEP][PASSED] - delay(4): Delayed 4 second(s)

2022-11-18 12:44:08 - [MESSAGE][PASSED] - Delayed 4 second(s)

2022-11-18 12:44:08 - [TEST_STEP][PASSED] - verifyElementVisible(findTestObject("06-Teams/span_GG Automation")): Object 'Object Repository/06-Teams/span_GG Automation' is visible

2022-11-18 12:44:08 - [MESSAGE][PASSED] - Object 'Object Repository/06-Teams/span_GG Automation' is visible

2022-11-18 12:44:08 - [TEST_STEP][PASSED] - delay(2): Delayed 2 second(s)

2022-11-18 12:44:10 - [MESSAGE][PASSED] - Delayed 2 second(s)

2022-11-18 12:44:10 - [TEST_STEP][PASSED] - click(findTestObject("03-Header Menu/Hamburger Button/div_Teams")): Object: 'Object Repository/03-Header Menu/Hamburger Button/div_Teams' is clicked on

2022-11-18 12:44:11 - [MESSAGE][PASSED] - Object: 'Object Repository/03-Header Menu/Hamburger Button/div_Teams' is clicked on

2022-11-18 12:44:11 - [TEST_STEP][PASSED] - delay(2): Delayed 2 second(s)

2022-11-18 12:44:13 - [MESSAGE][PASSED] - Delayed 2 second(s)

2022-11-18 12:44:13 - [TEST_STEP][PASSED] - verifyElementVisible(findTestObject("06-Teams/h4_TEAMS")): Object 'Object Repository/06-Teams/h4_TEAMS' is visible

2022-11-18 12:44:13 - [MESSAGE][PASSED] - Object 'Object Repository/06-Teams/h4_TEAMS' is visible

2022-11-18 12:44:13 - [TEST_STEP][PASSED] - delay(3): Delayed 3 second(s)

2022-11-18 12:44:16 - [MESSAGE][PASSED] - Delayed 3 second(s)

2022-11-18 12:44:16 - [TEST_STEP][PASSED] - click(findTestObject("06-Teams/04-Edit Team-Public/button_edit Auto Team Public")): Object: 'Object Repository/06-Teams/04-Edit Team-Public/button_edit Auto Team Public' is clicked on

2022-11-18 12:44:17 - [MESSAGE][PASSED] - Object: 'Object Repository/06-Teams/04-Edit Team-Public/button_edit Auto Team Public' is clicked on

2022-11-18 12:44:17 - [TEST_STEP][PASSED] - verifyElementVisible(findTestObject("06-Teams/04-Edit Team-Public/h4_Edit Auto Team Public")): Object 'Object Repository/06-Teams/04-Edit Team-Public/h4_Edit Auto Team Public' is visible

2022-11-18 12:44:17 - [MESSAGE][PASSED] - Object 'Object Repository/06-Teams/04-Edit Team-Public/h4_Edit Auto Team Public' is visible

2022-11-18 12:44:17 - [TEST_STEP][PASSED] - delay(3): Delayed 3 second(s)

2022-11-18 12:44:20 - [MESSAGE][PASSED] - Delayed 3 second(s)

2022-11-18 12:44:20 - [TEST_STEP][PASSED] - click(findTestObject("06-Teams/03-Edit Team - Private/div_Add Channel")): Object: 'Object Repository/06-Teams/03-Edit Team - Private/div_Add Channel' is clicked on

2022-11-18 12:44:21 - [MESSAGE][PASSED] - Object: 'Object Repository/06-Teams/03-Edit Team - Private/div_Add Channel' is clicked on

2022-11-18 12:44:21 - [TEST_STEP][PASSED] - verifyElementVisible(findTestObject("06-Teams/03-Edit Team - Private/add channel modal")): Object 'Object Repository/06-Teams/03-Edit Team - Private/add channel modal' is visible

2022-11-18 12:44:22 - [MESSAGE][PASSED] - Object 'Object Repository/06-Teams/03-Edit Team - Private/add channel modal' is visible

2022-11-18 12:44:22 - [TEST_STEP][PASSED] - verifyElementNotClickable(findTestObject("06-Teams/03-Edit Team - Private/button_Add")): Object 'Object Repository/06-Teams/03-Edit Team - Private/button_Add' is NOT clickable

2022-11-18 12:44:22 - [MESSAGE][PASSED] - Object 'Object Repository/06-Teams/03-Edit Team - Private/button_Add' is NOT clickable

2022-11-18 12:44:22 - [TEST_STEP][PASSED] - delay(3): Delayed 3 second(s)

2022-11-18 12:44:25 - [MESSAGE][PASSED] - Delayed 3 second(s)

2022-11-18 12:44:25 - [TEST_STEP][PASSED] - click(findTestObject("06-Teams/03-Edit Team - Private/input_channel name")): Object: 'Object Repository/06-Teams/03-Edit Team - Private/input_channel name' is clicked on

2022-11-18 12:44:25 - [MESSAGE][PASSED] - Object: 'Object Repository/06-Teams/03-Edit Team - Private/input_channel name' is clicked on

2022-11-18 12:44:25 - [TEST_STEP][PASSED] - click(findTestObject("06-Teams/03-Edit Team - Private/h4_Add Channel")): Object: 'Object Repository/06-Teams/03-Edit Team - Private/h4_Add Channel' is clicked on

2022-11-18 12:44:26 - [MESSAGE][PASSED] - Object: 'Object Repository/06-Teams/03-Edit Team - Private/h4_Add Channel' is clicked on

2022-11-18 12:44:26 - [TEST_STEP][PASSED] - verifyElementVisible(findTestObject("06-Teams/03-Edit Team - Private/div_Channel Name Field is required")): Object 'Object Repository/06-Teams/03-Edit Team - Private/div_Channel Name Field is required' is visible

2022-11-18 12:44:26 - [MESSAGE][PASSED] - Object 'Object Repository/06-Teams/03-Edit Team - Private/div_Channel Name Field is required' is visible

2022-11-18 12:44:26 - [TEST_STEP][PASSED] - delay(3): Delayed 3 second(s)

2022-11-18 12:44:29 - [MESSAGE][PASSED] - Delayed 3 second(s)

2022-11-18 12:44:29 - [TEST_STEP][PASSED] - setText(findTestObject("06-Teams/03-Edit Team - Private/input_channel name"), "Auto Channel"): Text 'Auto Channel' is set on object 'Object Repository/06-Teams/03-Edit Team - Private/input_channel name'

2022-11-18 12:44:30 - [MESSAGE][PASSED] - Text 'Auto Channel' is set on object 'Object Repository/06-Teams/03-Edit Team - Private/input_channel name'

2022-11-18 12:44:30 - [TEST_STEP][PASSED] - click(findTestObject("06-Teams/03-Edit Team - Private/button_Add")): Object: 'Object Repository/06-Teams/03-Edit Team - Private/button_Add' is clicked on

2022-11-18 12:44:30 - [MESSAGE][PASSED] - Object: 'Object Repository/06-Teams/03-Edit Team - Private/button_Add' is clicked on

2022-11-18 12:44:30 - [TEST_STEP][PASSED] - verifyElementVisible(findTestObject("06-Teams/03-Edit Team - Private/Successfully added channel to team")): Object 'Object Repository/06-Teams/03-Edit Team - Private/Successfully added channel to team' is visible

2022-11-18 12:44:32 - [MESSAGE][PASSED] - Object 'Object Repository/06-Teams/03-Edit Team - Private/Successfully added channel to team' is visible

2022-11-18 12:44:32 - [TEST_STEP][PASSED] - delay(3): Delayed 3 second(s)

2022-11-18 12:44:35 - [MESSAGE][PASSED] - Delayed 3 second(s)

2022-11-18 12:44:35 - [TEST_STEP][PASSED] - verifyElementVisible(findTestObject("06-Teams/03-Edit Team - Private/div_Auto Channel")): Object 'Object Repository/06-Teams/03-Edit Team - Private/div_Auto Channel' is visible

2022-11-18 12:44:35 - [MESSAGE][PASSED] - Object 'Object Repository/06-Teams/03-Edit Team - Private/div_Auto Channel' is visible

2022-11-18 12:44:35 - [TEST_STEP][PASSED] - delay(3): Delayed 3 second(s)

2022-11-18 12:44:38 - [MESSAGE][PASSED] - Delayed 3 second(s)]]></system-out>
         <system-err><![CDATA[]]></system-err>
      </testcase>
      <testcase name="Test Cases/06- Teams/11-Edit Team- Public (editing a channel)" time="10.76" classname="Test Cases/06- Teams/11-Edit Team- Public (editing a channel)" status="PASSED">
         <system-out><![CDATA[2022-11-18 12:44:38 - [TEST_CASE][PASSED] - Test Cases/06- Teams/11-Edit Team- Public (editing a channel): Test Cases/06- Teams/11-Edit Team- Public (editing a channel)

2022-11-18 12:44:38 - [TEST_STEP][PASSED] - click(findTestObject("06-Teams/03-Edit Team - Private/button_edit channel")): Object: 'Object Repository/06-Teams/03-Edit Team - Private/button_edit channel' is clicked on

2022-11-18 12:44:39 - [MESSAGE][PASSED] - Object: 'Object Repository/06-Teams/03-Edit Team - Private/button_edit channel' is clicked on

2022-11-18 12:44:39 - [TEST_STEP][PASSED] - verifyElementVisible(findTestObject("06-Teams/03-Edit Team - Private/Edit channel modal")): Object 'Object Repository/06-Teams/03-Edit Team - Private/Edit channel modal' is visible

2022-11-18 12:44:39 - [MESSAGE][PASSED] - Object 'Object Repository/06-Teams/03-Edit Team - Private/Edit channel modal' is visible

2022-11-18 12:44:39 - [TEST_STEP][PASSED] - verifyElementNotClickable(findTestObject("06-Teams/03-Edit Team - Private/button_Save")): Object 'Object Repository/06-Teams/03-Edit Team - Private/button_Save' is NOT clickable

2022-11-18 12:44:40 - [MESSAGE][PASSED] - Object 'Object Repository/06-Teams/03-Edit Team - Private/button_Save' is NOT clickable

2022-11-18 12:44:40 - [TEST_STEP][PASSED] - delay(3): Delayed 3 second(s)

2022-11-18 12:44:43 - [MESSAGE][PASSED] - Delayed 3 second(s)

2022-11-18 12:44:43 - [TEST_STEP][PASSED] - setText(findTestObject("06-Teams/03-Edit Team - Private/input_Edit Channel name"), "Auto Channel Edit"): Text 'Auto Channel Edit' is set on object 'Object Repository/06-Teams/03-Edit Team - Private/input_Edit Channel name'

2022-11-18 12:44:44 - [MESSAGE][PASSED] - Text 'Auto Channel Edit' is set on object 'Object Repository/06-Teams/03-Edit Team - Private/input_Edit Channel name'

2022-11-18 12:44:44 - [TEST_STEP][PASSED] - click(findTestObject("06-Teams/03-Edit Team - Private/button_Save")): Object: 'Object Repository/06-Teams/03-Edit Team - Private/button_Save' is clicked on

2022-11-18 12:44:44 - [MESSAGE][PASSED] - Object: 'Object Repository/06-Teams/03-Edit Team - Private/button_Save' is clicked on

2022-11-18 12:44:44 - [TEST_STEP][PASSED] - verifyElementVisible(findTestObject("06-Teams/03-Edit Team - Private/Successfully edited channel")): Object 'Object Repository/06-Teams/03-Edit Team - Private/Successfully edited channel' is visible

2022-11-18 12:44:46 - [MESSAGE][PASSED] - Object 'Object Repository/06-Teams/03-Edit Team - Private/Successfully edited channel' is visible

2022-11-18 12:44:46 - [TEST_STEP][PASSED] - delay(3): Delayed 3 second(s)

2022-11-18 12:44:49 - [MESSAGE][PASSED] - Delayed 3 second(s)]]></system-out>
         <system-err><![CDATA[]]></system-err>
      </testcase>
      <testcase name="Test Cases/06- Teams/12-Edit Team- Public (deleting a channel)" time="6.523" classname="Test Cases/06- Teams/12-Edit Team- Public (deleting a channel)" status="PASSED">
         <system-out><![CDATA[2022-11-18 12:44:49 - [TEST_CASE][PASSED] - Test Cases/06- Teams/12-Edit Team- Public (deleting a channel): Test Cases/06- Teams/12-Edit Team- Public (deleting a channel)

2022-11-18 12:44:49 - [TEST_STEP][PASSED] - click(findTestObject("06-Teams/03-Edit Team - Private/button_delete channel")): Object: 'Object Repository/06-Teams/03-Edit Team - Private/button_delete channel' is clicked on

2022-11-18 12:44:50 - [MESSAGE][PASSED] - Object: 'Object Repository/06-Teams/03-Edit Team - Private/button_delete channel' is clicked on

2022-11-18 12:44:50 - [TEST_STEP][PASSED] - verifyElementVisible(findTestObject("06-Teams/03-Edit Team - Private/Delete confirm modal")): Object 'Object Repository/06-Teams/03-Edit Team - Private/Delete confirm modal' is visible

2022-11-18 12:44:50 - [MESSAGE][PASSED] - Object 'Object Repository/06-Teams/03-Edit Team - Private/Delete confirm modal' is visible

2022-11-18 12:44:50 - [TEST_STEP][PASSED] - click(findTestObject("06-Teams/03-Edit Team - Private/button_delete")): Object: 'Object Repository/06-Teams/03-Edit Team - Private/button_delete' is clicked on

2022-11-18 12:44:51 - [MESSAGE][PASSED] - Object: 'Object Repository/06-Teams/03-Edit Team - Private/button_delete' is clicked on

2022-11-18 12:44:51 - [TEST_STEP][PASSED] - verifyElementVisible(findTestObject("06-Teams/03-Edit Team - Private/Successfully deleted channel")): Object 'Object Repository/06-Teams/03-Edit Team - Private/Successfully deleted channel' is visible

2022-11-18 12:44:52 - [MESSAGE][PASSED] - Object 'Object Repository/06-Teams/03-Edit Team - Private/Successfully deleted channel' is visible

2022-11-18 12:44:52 - [TEST_STEP][PASSED] - delay(3): Delayed 3 second(s)

2022-11-18 12:44:55 - [MESSAGE][PASSED] - Delayed 3 second(s)]]></system-out>
         <system-err><![CDATA[]]></system-err>
      </testcase>
      <testcase name="Test Cases/06- Teams/13-Edit Team- Public (settings)" time="7.81" classname="Test Cases/06- Teams/13-Edit Team- Public (settings)" status="PASSED">
         <system-out><![CDATA[2022-11-18 12:44:55 - [TEST_CASE][PASSED] - Test Cases/06- Teams/13-Edit Team- Public (settings): Test Cases/06- Teams/13-Edit Team- Public (settings)

2022-11-18 12:44:56 - [TEST_STEP][PASSED] - click(findTestObject("06-Teams/03-Edit Team - Private/div_Settings")): Object: 'Object Repository/06-Teams/03-Edit Team - Private/div_Settings' is clicked on

2022-11-18 12:44:56 - [MESSAGE][PASSED] - Object: 'Object Repository/06-Teams/03-Edit Team - Private/div_Settings' is clicked on

2022-11-18 12:44:56 - [TEST_STEP][PASSED] - delay(3): Delayed 3 second(s)

2022-11-18 12:44:59 - [MESSAGE][PASSED] - Delayed 3 second(s)

2022-11-18 12:44:59 - [TEST_STEP][PASSED] - verifyElementVisible(findTestObject("06-Teams/04-Edit Team-Public/Public_settings")): Object 'Object Repository/06-Teams/04-Edit Team-Public/Public_settings' is visible

2022-11-18 12:44:59 - [MESSAGE][PASSED] - Object 'Object Repository/06-Teams/04-Edit Team-Public/Public_settings' is visible

2022-11-18 12:44:59 - [TEST_STEP][PASSED] - delay(3): Delayed 3 second(s)

2022-11-18 12:45:02 - [MESSAGE][PASSED] - Delayed 3 second(s)

2022-11-18 12:45:02 - [TEST_STEP][PASSED] - closeBrowser(): Browser is closed

2022-11-18 12:45:03 - [MESSAGE][PASSED] - Browser is closed]]></system-out>
         <system-err><![CDATA[]]></system-err>
      </testcase>
      <testcase name="Test Cases/06- Teams/14 - Teams - General Channel (attaching PDF)" time="90.895" classname="Test Cases/06- Teams/14 - Teams - General Channel (attaching PDF)" status="PASSED">
         <system-out><![CDATA[2022-11-18 12:45:03 - [TEST_CASE][PASSED] - Test Cases/06- Teams/14 - Teams - General Channel (attaching PDF): Test Cases/06- Teams/14 - Teams - General Channel (attaching PDF)

2022-11-18 12:45:03 - [TEST_STEP][PASSED] - openBrowser(""): Browser is opened with url: ''

2022-11-18 12:45:03 - [MESSAGE][INFO] - Starting 'Chrome' driver

2022-11-18 12:45:03 - [MESSAGE][INFO] - Action delay is set to 0 milliseconds

2022-11-18 12:45:05 - [MESSAGE][PASSED] - Browser is opened with url: ''

2022-11-18 12:45:05 - [TEST_STEP][PASSED] - navigateToUrl("https://lab.everleagues.com/"): Navigate to 'https://lab.everleagues.com/' successfully

2022-11-18 12:45:14 - [MESSAGE][PASSED] - Navigate to 'https://lab.everleagues.com/' successfully

2022-11-18 12:45:14 - [TEST_STEP][PASSED] - maximizeWindow(): Current window maximized

2022-11-18 12:45:14 - [MESSAGE][PASSED] - Current window maximized

2022-11-18 12:45:14 - [TEST_STEP][PASSED] - setText(findTestObject("02-Side Icons(Organization)/Add Contact/Email Field"), "testuser02@mailinator.com"): Text 'testuser02@mailinator.com' is set on object 'Object Repository/02-Side Icons(Organization)/Add Contact/Email Field'

2022-11-18 12:45:14 - [MESSAGE][PASSED] - Text 'testuser02@mailinator.com' is set on object 'Object Repository/02-Side Icons(Organization)/Add Contact/Email Field'

2022-11-18 12:45:14 - [TEST_STEP][PASSED] - setEncryptedText(findTestObject("02-Side Icons(Organization)/Add Contact/Password Field"), "8yFRyszE6U6jvsCn51OQbg=="): Text ****** has been set on object 'Object Repository/02-Side Icons(Organization)/Add Contact/Password Field'

2022-11-18 12:45:15 - [MESSAGE][PASSED] - Text ****** has been set on object 'Object Repository/02-Side Icons(Organization)/Add Contact/Password Field'

2022-11-18 12:45:15 - [TEST_STEP][PASSED] - click(findTestObject("02-Side Icons(Organization)/Add Contact/button_Sign in")): Object: 'Object Repository/02-Side Icons(Organization)/Add Contact/button_Sign in' is clicked on

2022-11-18 12:45:16 - [MESSAGE][PASSED] - Object: 'Object Repository/02-Side Icons(Organization)/Add Contact/button_Sign in' is clicked on

2022-11-18 12:45:16 - [TEST_STEP][PASSED] - delay(3): Delayed 3 second(s)

2022-11-18 12:45:19 - [MESSAGE][PASSED] - Delayed 3 second(s)

2022-11-18 12:45:19 - [TEST_STEP][PASSED] - click(findTestObject("06-Teams/For 2FA/button_Confirm_2FA")): Object: 'Object Repository/06-Teams/For 2FA/button_Confirm_2FA' is clicked on

2022-11-18 12:45:19 - [MESSAGE][PASSED] - Object: 'Object Repository/06-Teams/For 2FA/button_Confirm_2FA' is clicked on

2022-11-18 12:45:19 - [TEST_STEP][PASSED] - executeJavaScript("window.open();", []): Execute JavaScript 'window.open();' successfully

2022-11-18 12:45:19 - [MESSAGE][PASSED] - Execute JavaScript 'window.open();' successfully

2022-11-18 12:45:19 - [TEST_STEP][PASSED] - currentWindow = getWindowIndex(): Current window's index is: 0

2022-11-18 12:45:19 - [MESSAGE][PASSED] - Current window's index is: 0

2022-11-18 12:45:19 - [TEST_STEP][PASSED] - delay(3): Delayed 3 second(s)

2022-11-18 12:45:22 - [MESSAGE][PASSED] - Delayed 3 second(s)

2022-11-18 12:45:22 - [TEST_STEP][PASSED] - switchToWindowIndex(currentWindow + 1): Switched to window with index: '1'

2022-11-18 12:45:22 - [MESSAGE][PASSED] - Switched to window with index: '1'

2022-11-18 12:45:22 - [TEST_STEP][PASSED] - navigateToUrl("https://www.mailinator.com/"): Navigate to 'https://www.mailinator.com/' successfully

2022-11-18 12:45:24 - [MESSAGE][PASSED] - Navigate to 'https://www.mailinator.com/' successfully

2022-11-18 12:45:24 - [TEST_STEP][PASSED] - delay(3): Delayed 3 second(s)

2022-11-18 12:45:27 - [MESSAGE][PASSED] - Delayed 3 second(s)

2022-11-18 12:45:27 - [TEST_STEP][PASSED] - setText(findTestObject("00-Signup and Activation/zMailinator/input_LOGIN_search"), "testuser02@mailinator.com"): Text 'testuser02@mailinator.com' is set on object 'Object Repository/00-Signup and Activation/zMailinator/input_LOGIN_search'

2022-11-18 12:45:28 - [MESSAGE][PASSED] - Text 'testuser02@mailinator.com' is set on object 'Object Repository/00-Signup and Activation/zMailinator/input_LOGIN_search'

2022-11-18 12:45:28 - [TEST_STEP][PASSED] - click(findTestObject("00-Signup and Activation/zMailinator/gobutton"), STOP_ON_FAILURE): Object: 'Object Repository/00-Signup and Activation/zMailinator/gobutton' is clicked on

2022-11-18 12:45:30 - [MESSAGE][PASSED] - Object: 'Object Repository/00-Signup and Activation/zMailinator/gobutton' is clicked on

2022-11-18 12:45:30 - [TEST_STEP][PASSED] - delay(3): Delayed 3 second(s)

2022-11-18 12:45:33 - [MESSAGE][PASSED] - Delayed 3 second(s)

2022-11-18 12:45:33 - [TEST_STEP][PASSED] - click(findTestObject("00-Signup and Activation/zMailinator/Email - everleagues")): Object: 'Object Repository/00-Signup and Activation/zMailinator/Email - everleagues' is clicked on

2022-11-18 12:45:33 - [MESSAGE][PASSED] - Object: 'Object Repository/00-Signup and Activation/zMailinator/Email - everleagues' is clicked on

2022-11-18 12:45:33 - [TEST_STEP][PASSED] - delay(3): Delayed 3 second(s)

2022-11-18 12:45:36 - [MESSAGE][PASSED] - Delayed 3 second(s)

2022-11-18 12:45:36 - [TEST_STEP][PASSED] - code = getText(findTestObject("Object Repository/06-Teams/For 2FA/2FA code")): Text of object 'Object Repository/06-Teams/For 2FA/2FA code' is: '882197'

2022-11-18 12:45:36 - [MESSAGE][PASSED] - Text of object 'Object Repository/06-Teams/For 2FA/2FA code' is: '882197'

2022-11-18 12:45:36 - [TEST_STEP][PASSED] - delay(3): Delayed 3 second(s)

2022-11-18 12:45:39 - [MESSAGE][PASSED] - Delayed 3 second(s)

2022-11-18 12:45:39 - [TEST_STEP][PASSED] - closeWindowTitle("Mailinator"): Window with title: 'Mailinator' is closed

2022-11-18 12:45:40 - [MESSAGE][PASSED] - Window with title: 'Mailinator' is closed

2022-11-18 12:45:40 - [TEST_STEP][PASSED] - delay(3): Delayed 3 second(s)

2022-11-18 12:45:43 - [MESSAGE][PASSED] - Delayed 3 second(s)

2022-11-18 12:45:43 - [TEST_STEP][PASSED] - switchToWindowIndex(0): Switched to window with index: '0'

2022-11-18 12:45:43 - [MESSAGE][PASSED] - Switched to window with index: '0'

2022-11-18 12:45:43 - [TEST_STEP][PASSED] - delay(3): Delayed 3 second(s)

2022-11-18 12:45:46 - [MESSAGE][PASSED] - Delayed 3 second(s)

2022-11-18 12:45:46 - [TEST_STEP][PASSED] - setText(findTestObject("Object Repository/06-Teams/For 2FA/input_Enter verification code_code"), code): Text '882197' is set on object 'Object Repository/06-Teams/For 2FA/input_Enter verification code_code'

2022-11-18 12:45:46 - [MESSAGE][PASSED] - Text '882197' is set on object 'Object Repository/06-Teams/For 2FA/input_Enter verification code_code'

2022-11-18 12:45:46 - [TEST_STEP][PASSED] - delay(3): Delayed 3 second(s)

2022-11-18 12:45:49 - [MESSAGE][PASSED] - Delayed 3 second(s)

2022-11-18 12:45:49 - [TEST_STEP][PASSED] - click(findTestObject("06-Teams/For 2FA/button_Verify_2FA")): Object: 'Object Repository/06-Teams/For 2FA/button_Verify_2FA' is clicked on

2022-11-18 12:45:50 - [MESSAGE][PASSED] - Object: 'Object Repository/06-Teams/For 2FA/button_Verify_2FA' is clicked on

2022-11-18 12:45:50 - [TEST_STEP][PASSED] - delay(5): Delayed 5 second(s)

2022-11-18 12:45:55 - [MESSAGE][PASSED] - Delayed 5 second(s)

2022-11-18 12:45:55 - [TEST_STEP][PASSED] - click(findTestObject("06-Teams/button_doublearrow")): Object: 'Object Repository/06-Teams/button_doublearrow' is clicked on

2022-11-18 12:46:03 - [MESSAGE][PASSED] - Object: 'Object Repository/06-Teams/button_doublearrow' is clicked on

2022-11-18 12:46:03 - [TEST_STEP][PASSED] - click(findTestObject("06-Teams/button_My Organizations")): Object: 'Object Repository/06-Teams/button_My Organizations' is clicked on

2022-11-18 12:46:03 - [MESSAGE][PASSED] - Object: 'Object Repository/06-Teams/button_My Organizations' is clicked on

2022-11-18 12:46:03 - [TEST_STEP][PASSED] - click(findTestObject("06-Teams/button_GG Automation")): Object: 'Object Repository/06-Teams/button_GG Automation' is clicked on

2022-11-18 12:46:04 - [MESSAGE][PASSED] - Object: 'Object Repository/06-Teams/button_GG Automation' is clicked on

2022-11-18 12:46:04 - [TEST_STEP][PASSED] - delay(4): Delayed 4 second(s)

2022-11-18 12:46:08 - [MESSAGE][PASSED] - Delayed 4 second(s)

2022-11-18 12:46:08 - [TEST_STEP][PASSED] - verifyElementVisible(findTestObject("06-Teams/span_GG Automation")): Object 'Object Repository/06-Teams/span_GG Automation' is visible

2022-11-18 12:46:08 - [MESSAGE][PASSED] - Object 'Object Repository/06-Teams/span_GG Automation' is visible

2022-11-18 12:46:08 - [TEST_STEP][PASSED] - delay(2): Delayed 2 second(s)

2022-11-18 12:46:10 - [MESSAGE][PASSED] - Delayed 2 second(s)

2022-11-18 12:46:10 - [TEST_STEP][PASSED] - click(findTestObject("03-Header Menu/Hamburger Button/div_Teams")): Object: 'Object Repository/03-Header Menu/Hamburger Button/div_Teams' is clicked on

2022-11-18 12:46:11 - [MESSAGE][PASSED] - Object: 'Object Repository/03-Header Menu/Hamburger Button/div_Teams' is clicked on

2022-11-18 12:46:11 - [TEST_STEP][PASSED] - delay(2): Delayed 2 second(s)

2022-11-18 12:46:13 - [MESSAGE][PASSED] - Delayed 2 second(s)

2022-11-18 12:46:13 - [TEST_STEP][PASSED] - verifyElementVisible(findTestObject("06-Teams/h4_TEAMS")): Object 'Object Repository/06-Teams/h4_TEAMS' is visible

2022-11-18 12:46:13 - [MESSAGE][PASSED] - Object 'Object Repository/06-Teams/h4_TEAMS' is visible

2022-11-18 12:46:13 - [TEST_STEP][PASSED] - delay(3): Delayed 3 second(s)

2022-11-18 12:46:16 - [MESSAGE][PASSED] - Delayed 3 second(s)

2022-11-18 12:46:16 - [TEST_STEP][PASSED] - click(findTestObject("06-Teams/05- Teams-General Channel/div_General")): Object: 'Object Repository/06-Teams/05- Teams-General Channel/div_General' is clicked on

2022-11-18 12:46:17 - [MESSAGE][PASSED] - Object: 'Object Repository/06-Teams/05- Teams-General Channel/div_General' is clicked on

2022-11-18 12:46:17 - [TEST_STEP][PASSED] - delay(3): Delayed 3 second(s)

2022-11-18 12:46:20 - [MESSAGE][PASSED] - Delayed 3 second(s)

2022-11-18 12:46:20 - [TEST_STEP][PASSED] - uploadFile(findTestObject("06-Teams/05- Teams-General Channel/button_attache_file"), "C:\Users\User\Desktop\EL automation\sample.pdf"): File 'C:\Users\User\Desktop\EL automation\sample.pdf' sent to object: 'Object Repository/06-Teams/05- Teams-General Channel/button_attache_file'

2022-11-18 12:46:20 - [MESSAGE][PASSED] - File 'C:\Users\User\Desktop\EL automation\sample.pdf' sent to object: 'Object Repository/06-Teams/05- Teams-General Channel/button_attache_file'

2022-11-18 12:46:20 - [TEST_STEP][PASSED] - verifyElementVisible(findTestObject("06-Teams/05- Teams-General Channel/added PDF")): Object 'Object Repository/06-Teams/05- Teams-General Channel/added PDF' is visible

2022-11-18 12:46:21 - [MESSAGE][PASSED] - Object 'Object Repository/06-Teams/05- Teams-General Channel/added PDF' is visible

2022-11-18 12:46:21 - [TEST_STEP][PASSED] - click(findTestObject("06-Teams/05- Teams-General Channel/button_send")): Object: 'Object Repository/06-Teams/05- Teams-General Channel/button_send' is clicked on

2022-11-18 12:46:22 - [MESSAGE][PASSED] - Object: 'Object Repository/06-Teams/05- Teams-General Channel/button_send' is clicked on

2022-11-18 12:46:22 - [TEST_STEP][PASSED] - verifyElementVisible(findTestObject("06-Teams/05- Teams-General Channel/added new post msg")): Object 'Object Repository/06-Teams/05- Teams-General Channel/added new post msg' is visible

2022-11-18 12:46:24 - [MESSAGE][PASSED] - Object 'Object Repository/06-Teams/05- Teams-General Channel/added new post msg' is visible

2022-11-18 12:46:24 - [TEST_STEP][PASSED] - verifyElementVisible(findTestObject("06-Teams/05- Teams-General Channel/posted pdf")): Object 'Object Repository/06-Teams/05- Teams-General Channel/posted pdf' is visible

2022-11-18 12:46:24 - [MESSAGE][PASSED] - Object 'Object Repository/06-Teams/05- Teams-General Channel/posted pdf' is visible

2022-11-18 12:46:24 - [TEST_STEP][PASSED] - delay(10): Delayed 10 second(s)

2022-11-18 12:46:34 - [MESSAGE][PASSED] - Delayed 10 second(s)]]></system-out>
         <system-err><![CDATA[]]></system-err>
      </testcase>
      <testcase name="Test Cases/06- Teams/15 - Teams - General Channel (Uploading Photo)" time="19.516" classname="Test Cases/06- Teams/15 - Teams - General Channel (Uploading Photo)" status="PASSED">
         <system-out><![CDATA[2022-11-18 12:46:34 - [TEST_CASE][PASSED] - Test Cases/06- Teams/15 - Teams - General Channel (Uploading Photo): Test Cases/06- Teams/15 - Teams - General Channel (Uploading Photo)

2022-11-18 12:46:34 - [TEST_STEP][PASSED] - uploadFile(findTestObject("06-Teams/05- Teams-General Channel/button_add image"), "C:\Users\User\Desktop\EL automation\qa.jpg"): File 'C:\Users\User\Desktop\EL automation\qa.jpg' sent to object: 'Object Repository/06-Teams/05- Teams-General Channel/button_add image'

2022-11-18 12:46:35 - [MESSAGE][PASSED] - File 'C:\Users\User\Desktop\EL automation\qa.jpg' sent to object: 'Object Repository/06-Teams/05- Teams-General Channel/button_add image'

2022-11-18 12:46:35 - [TEST_STEP][PASSED] - verifyElementVisible(findTestObject("06-Teams/05- Teams-General Channel/added image")): Object 'Object Repository/06-Teams/05- Teams-General Channel/added image' is visible

2022-11-18 12:46:35 - [MESSAGE][PASSED] - Object 'Object Repository/06-Teams/05- Teams-General Channel/added image' is visible

2022-11-18 12:46:35 - [TEST_STEP][PASSED] - delay(3): Delayed 3 second(s)

2022-11-18 12:46:38 - [MESSAGE][PASSED] - Delayed 3 second(s)

2022-11-18 12:46:38 - [TEST_STEP][PASSED] - click(findTestObject("06-Teams/05- Teams-General Channel/button_send")): Object: 'Object Repository/06-Teams/05- Teams-General Channel/button_send' is clicked on

2022-11-18 12:46:39 - [MESSAGE][PASSED] - Object: 'Object Repository/06-Teams/05- Teams-General Channel/button_send' is clicked on

2022-11-18 12:46:39 - [TEST_STEP][PASSED] - verifyElementVisible(findTestObject("06-Teams/05- Teams-General Channel/added new post msg")): Object 'Object Repository/06-Teams/05- Teams-General Channel/added new post msg' is visible

2022-11-18 12:46:40 - [MESSAGE][PASSED] - Object 'Object Repository/06-Teams/05- Teams-General Channel/added new post msg' is visible

2022-11-18 12:46:40 - [TEST_STEP][PASSED] - delay(3): Delayed 3 second(s)

2022-11-18 12:46:43 - [MESSAGE][PASSED] - Delayed 3 second(s)

2022-11-18 12:46:43 - [TEST_STEP][PASSED] - verifyElementVisible(findTestObject("06-Teams/05- Teams-General Channel/posted image")): Object 'Object Repository/06-Teams/05- Teams-General Channel/posted image' is visible

2022-11-18 12:46:44 - [MESSAGE][PASSED] - Object 'Object Repository/06-Teams/05- Teams-General Channel/posted image' is visible

2022-11-18 12:46:44 - [TEST_STEP][PASSED] - delay(10): Delayed 10 second(s)

2022-11-18 12:46:54 - [MESSAGE][PASSED] - Delayed 10 second(s)]]></system-out>
         <system-err><![CDATA[]]></system-err>
      </testcase>
      <testcase name="Test Cases/06- Teams/16 - Teams - General Channel (attaching Video)" time="32.642" classname="Test Cases/06- Teams/16 - Teams - General Channel (attaching Video)" status="PASSED">
         <system-out><![CDATA[2022-11-18 12:46:54 - [TEST_CASE][PASSED] - Test Cases/06- Teams/16 - Teams - General Channel (attaching Video): Test Cases/06- Teams/16 - Teams - General Channel (attaching Video)

2022-11-18 12:46:54 - [TEST_STEP][PASSED] - uploadFile(findTestObject("06-Teams/05- Teams-General Channel/button_attache_file"), "C:\Users\User\Desktop\EL automation\video.mp4"): File 'C:\Users\User\Desktop\EL automation\video.mp4' sent to object: 'Object Repository/06-Teams/05- Teams-General Channel/button_attache_file'

2022-11-18 12:46:54 - [MESSAGE][PASSED] - File 'C:\Users\User\Desktop\EL automation\video.mp4' sent to object: 'Object Repository/06-Teams/05- Teams-General Channel/button_attache_file'

2022-11-18 12:46:54 - [TEST_STEP][PASSED] - verifyElementVisible(findTestObject("06-Teams/05- Teams-General Channel/added video")): Object 'Object Repository/06-Teams/05- Teams-General Channel/added video' is visible

2022-11-18 12:46:55 - [MESSAGE][PASSED] - Object 'Object Repository/06-Teams/05- Teams-General Channel/added video' is visible

2022-11-18 12:46:55 - [TEST_STEP][PASSED] - click(findTestObject("06-Teams/05- Teams-General Channel/button_send")): Object: 'Object Repository/06-Teams/05- Teams-General Channel/button_send' is clicked on

2022-11-18 12:46:55 - [MESSAGE][PASSED] - Object: 'Object Repository/06-Teams/05- Teams-General Channel/button_send' is clicked on

2022-11-18 12:46:55 - [TEST_STEP][PASSED] - delay(5): Delayed 5 second(s)

2022-11-18 12:47:00 - [MESSAGE][PASSED] - Delayed 5 second(s)

2022-11-18 12:47:00 - [TEST_STEP][PASSED] - verifyElementVisible(findTestObject("06-Teams/05- Teams-General Channel/posted video")): Object 'Object Repository/06-Teams/05- Teams-General Channel/posted video' is visible

2022-11-18 12:47:16 - [MESSAGE][PASSED] - Object 'Object Repository/06-Teams/05- Teams-General Channel/posted video' is visible

2022-11-18 12:47:16 - [TEST_STEP][PASSED] - delay(10): Delayed 10 second(s)

2022-11-18 12:47:26 - [MESSAGE][PASSED] - Delayed 10 second(s)]]></system-out>
         <system-err><![CDATA[]]></system-err>
      </testcase>
      <testcase name="Test Cases/06- Teams/17 - Teams - General Channel (Creating a post)" time="82.014" classname="Test Cases/06- Teams/17 - Teams - General Channel (Creating a post)" status="PASSED">
         <system-out><![CDATA[2022-11-18 12:47:26 - [TEST_CASE][PASSED] - Test Cases/06- Teams/17 - Teams - General Channel (Creating a post): Test Cases/06- Teams/17 - Teams - General Channel (Creating a post)

2022-11-18 12:47:26 - [TEST_STEP][PASSED] - delay(3): Delayed 3 second(s)

2022-11-18 12:47:29 - [MESSAGE][PASSED] - Delayed 3 second(s)

2022-11-18 12:47:29 - [TEST_STEP][PASSED] - setText(findTestObject("06-Teams/05- Teams-General Channel/Input field_post"), "This is automation"): Text 'This is automation' is set on object 'Object Repository/06-Teams/05- Teams-General Channel/Input field_post'

2022-11-18 12:47:31 - [MESSAGE][PASSED] - Text 'This is automation' is set on object 'Object Repository/06-Teams/05- Teams-General Channel/Input field_post'

2022-11-18 12:47:31 - [TEST_STEP][PASSED] - click(findTestObject("06-Teams/05- Teams-General Channel/button_send")): Object: 'Object Repository/06-Teams/05- Teams-General Channel/button_send' is clicked on

2022-11-18 12:47:31 - [MESSAGE][PASSED] - Object: 'Object Repository/06-Teams/05- Teams-General Channel/button_send' is clicked on

2022-11-18 12:47:31 - [TEST_STEP][PASSED] - delay(2): Delayed 2 second(s)

2022-11-18 12:47:33 - [MESSAGE][PASSED] - Delayed 2 second(s)

2022-11-18 12:47:33 - [TEST_STEP][PASSED] - verifyElementVisible(findTestObject("06-Teams/05- Teams-General Channel/added new post msg")): Object 'Object Repository/06-Teams/05- Teams-General Channel/added new post msg' is visible

2022-11-18 12:47:34 - [MESSAGE][PASSED] - Object 'Object Repository/06-Teams/05- Teams-General Channel/added new post msg' is visible

2022-11-18 12:47:34 - [TEST_STEP][PASSED] - verifyElementVisible(findTestObject("06-Teams/05- Teams-General Channel/posted_This is automation")): Object 'Object Repository/06-Teams/05- Teams-General Channel/posted_This is automation' is visible

2022-11-18 12:47:34 - [MESSAGE][PASSED] - Object 'Object Repository/06-Teams/05- Teams-General Channel/posted_This is automation' is visible

2022-11-18 12:47:34 - [TEST_STEP][PASSED] - delay(3): Delayed 3 second(s)

2022-11-18 12:47:37 - [MESSAGE][PASSED] - Delayed 3 second(s)

2022-11-18 12:47:37 - [TEST_STEP][PASSED] - click(findTestObject("06-Teams/05- Teams-General Channel/ellipsis 1")): Object: 'Object Repository/06-Teams/05- Teams-General Channel/ellipsis 1' is clicked on

2022-11-18 12:47:37 - [MESSAGE][PASSED] - Object: 'Object Repository/06-Teams/05- Teams-General Channel/ellipsis 1' is clicked on

2022-11-18 12:47:37 - [TEST_STEP][PASSED] - click(findTestObject("06-Teams/05- Teams-General Channel/button_Edit Post")): Object: 'Object Repository/06-Teams/05- Teams-General Channel/button_Edit Post' is clicked on

2022-11-18 12:47:38 - [MESSAGE][PASSED] - Object: 'Object Repository/06-Teams/05- Teams-General Channel/button_Edit Post' is clicked on

2022-11-18 12:47:38 - [TEST_STEP][PASSED] - setText(findTestObject("06-Teams/05- Teams-General Channel/Edit field"), "Automation Edit "): Text 'Automation Edit ' is set on object 'Object Repository/06-Teams/05- Teams-General Channel/Edit field'

2022-11-18 12:47:40 - [MESSAGE][PASSED] - Text 'Automation Edit ' is set on object 'Object Repository/06-Teams/05- Teams-General Channel/Edit field'

2022-11-18 12:47:40 - [TEST_STEP][PASSED] - click(findTestObject("06-Teams/05- Teams-General Channel/button_send edit")): Object: 'Object Repository/06-Teams/05- Teams-General Channel/button_send edit' is clicked on

2022-11-18 12:47:40 - [MESSAGE][PASSED] - Object: 'Object Repository/06-Teams/05- Teams-General Channel/button_send edit' is clicked on

2022-11-18 12:47:40 - [TEST_STEP][PASSED] - verifyElementVisible(findTestObject("06-Teams/05- Teams-General Channel/Successfully edited post msg")): Object 'Object Repository/06-Teams/05- Teams-General Channel/Successfully edited post msg' is visible

2022-11-18 12:47:44 - [MESSAGE][PASSED] - Object 'Object Repository/06-Teams/05- Teams-General Channel/Successfully edited post msg' is visible

2022-11-18 12:47:44 - [TEST_STEP][PASSED] - delay(3): Delayed 3 second(s)

2022-11-18 12:47:47 - [MESSAGE][PASSED] - Delayed 3 second(s)

2022-11-18 12:47:47 - [TEST_STEP][PASSED] - click(findTestObject("06-Teams/05- Teams-General Channel/Bold select")): Object: 'Object Repository/06-Teams/05- Teams-General Channel/Bold select' is clicked on

2022-11-18 12:47:47 - [MESSAGE][PASSED] - Object: 'Object Repository/06-Teams/05- Teams-General Channel/Bold select' is clicked on

2022-11-18 12:47:47 - [TEST_STEP][PASSED] - click(findTestObject("06-Teams/05- Teams-General Channel/Input field_post"), STOP_ON_FAILURE): Object: 'Object Repository/06-Teams/05- Teams-General Channel/Input field_post' is clicked on

2022-11-18 12:47:48 - [MESSAGE][PASSED] - Object: 'Object Repository/06-Teams/05- Teams-General Channel/Input field_post' is clicked on

2022-11-18 12:47:48 - [TEST_STEP][PASSED] - sendKeys(findTestObject("Object Repository/06-Teams/05- Teams-General Channel/Input field_post"), "Bold"): Keys 'Bold' sent to object: 'Object Repository/06-Teams/05- Teams-General Channel/Input field_post'

2022-11-18 12:47:48 - [MESSAGE][PASSED] - Keys 'Bold' sent to object: 'Object Repository/06-Teams/05- Teams-General Channel/Input field_post'

2022-11-18 12:47:48 - [TEST_STEP][PASSED] - click(findTestObject("06-Teams/05- Teams-General Channel/button_send")): Object: 'Object Repository/06-Teams/05- Teams-General Channel/button_send' is clicked on

2022-11-18 12:47:49 - [MESSAGE][PASSED] - Object: 'Object Repository/06-Teams/05- Teams-General Channel/button_send' is clicked on

2022-11-18 12:47:49 - [TEST_STEP][PASSED] - delay(1): Delayed 1 second(s)

2022-11-18 12:47:50 - [MESSAGE][PASSED] - Delayed 1 second(s)

2022-11-18 12:47:50 - [TEST_STEP][PASSED] - verifyElementVisible(findTestObject("06-Teams/05- Teams-General Channel/added new post msg")): Object 'Object Repository/06-Teams/05- Teams-General Channel/added new post msg' is visible

2022-11-18 12:47:59 - [MESSAGE][PASSED] - Object 'Object Repository/06-Teams/05- Teams-General Channel/added new post msg' is visible

2022-11-18 12:47:59 - [TEST_STEP][PASSED] - verifyElementVisible(findTestObject("06-Teams/05- Teams-General Channel/Bold")): Object 'Object Repository/06-Teams/05- Teams-General Channel/Bold' is visible

2022-11-18 12:47:59 - [MESSAGE][PASSED] - Object 'Object Repository/06-Teams/05- Teams-General Channel/Bold' is visible

2022-11-18 12:47:59 - [TEST_STEP][PASSED] - delay(3): Delayed 3 second(s)

2022-11-18 12:48:02 - [MESSAGE][PASSED] - Delayed 3 second(s)

2022-11-18 12:48:02 - [TEST_STEP][PASSED] - click(findTestObject("06-Teams/05- Teams-General Channel/Italic Select")): Object: 'Object Repository/06-Teams/05- Teams-General Channel/Italic Select' is clicked on

2022-11-18 12:48:02 - [MESSAGE][PASSED] - Object: 'Object Repository/06-Teams/05- Teams-General Channel/Italic Select' is clicked on

2022-11-18 12:48:02 - [TEST_STEP][PASSED] - click(findTestObject("06-Teams/05- Teams-General Channel/Input field_post"), STOP_ON_FAILURE): Object: 'Object Repository/06-Teams/05- Teams-General Channel/Input field_post' is clicked on

2022-11-18 12:48:03 - [MESSAGE][PASSED] - Object: 'Object Repository/06-Teams/05- Teams-General Channel/Input field_post' is clicked on

2022-11-18 12:48:03 - [TEST_STEP][PASSED] - sendKeys(findTestObject("Object Repository/06-Teams/05- Teams-General Channel/Input field_post"), "Italic"): Keys 'Italic' sent to object: 'Object Repository/06-Teams/05- Teams-General Channel/Input field_post'

2022-11-18 12:48:03 - [MESSAGE][PASSED] - Keys 'Italic' sent to object: 'Object Repository/06-Teams/05- Teams-General Channel/Input field_post'

2022-11-18 12:48:03 - [TEST_STEP][PASSED] - click(findTestObject("06-Teams/05- Teams-General Channel/button_send")): Object: 'Object Repository/06-Teams/05- Teams-General Channel/button_send' is clicked on

2022-11-18 12:48:04 - [MESSAGE][PASSED] - Object: 'Object Repository/06-Teams/05- Teams-General Channel/button_send' is clicked on

2022-11-18 12:48:04 - [TEST_STEP][PASSED] - delay(2): Delayed 2 second(s)

2022-11-18 12:48:06 - [MESSAGE][PASSED] - Delayed 2 second(s)

2022-11-18 12:48:06 - [TEST_STEP][PASSED] - verifyElementVisible(findTestObject("06-Teams/05- Teams-General Channel/added new post msg")): Object 'Object Repository/06-Teams/05- Teams-General Channel/added new post msg' is visible

2022-11-18 12:48:06 - [MESSAGE][PASSED] - Object 'Object Repository/06-Teams/05- Teams-General Channel/added new post msg' is visible

2022-11-18 12:48:06 - [TEST_STEP][PASSED] - verifyElementVisible(findTestObject("06-Teams/05- Teams-General Channel/Italic")): Object 'Object Repository/06-Teams/05- Teams-General Channel/Italic' is visible

2022-11-18 12:48:06 - [MESSAGE][PASSED] - Object 'Object Repository/06-Teams/05- Teams-General Channel/Italic' is visible

2022-11-18 12:48:06 - [TEST_STEP][PASSED] - delay(3): Delayed 3 second(s)

2022-11-18 12:48:10 - [MESSAGE][PASSED] - Delayed 3 second(s)

2022-11-18 12:48:10 - [TEST_STEP][PASSED] - click(findTestObject("06-Teams/05- Teams-General Channel/Underline select")): Object: 'Object Repository/06-Teams/05- Teams-General Channel/Underline select' is clicked on

2022-11-18 12:48:10 - [MESSAGE][PASSED] - Object: 'Object Repository/06-Teams/05- Teams-General Channel/Underline select' is clicked on

2022-11-18 12:48:10 - [TEST_STEP][PASSED] - click(findTestObject("06-Teams/05- Teams-General Channel/Input field_post"), STOP_ON_FAILURE): Object: 'Object Repository/06-Teams/05- Teams-General Channel/Input field_post' is clicked on

2022-11-18 12:48:10 - [MESSAGE][PASSED] - Object: 'Object Repository/06-Teams/05- Teams-General Channel/Input field_post' is clicked on

2022-11-18 12:48:10 - [TEST_STEP][PASSED] - sendKeys(findTestObject("Object Repository/06-Teams/05- Teams-General Channel/Input field_post"), "Underline"): Keys 'Underline' sent to object: 'Object Repository/06-Teams/05- Teams-General Channel/Input field_post'

2022-11-18 12:48:11 - [MESSAGE][PASSED] - Keys 'Underline' sent to object: 'Object Repository/06-Teams/05- Teams-General Channel/Input field_post'

2022-11-18 12:48:11 - [TEST_STEP][PASSED] - click(findTestObject("06-Teams/05- Teams-General Channel/button_send")): Object: 'Object Repository/06-Teams/05- Teams-General Channel/button_send' is clicked on

2022-11-18 12:48:12 - [MESSAGE][PASSED] - Object: 'Object Repository/06-Teams/05- Teams-General Channel/button_send' is clicked on

2022-11-18 12:48:12 - [TEST_STEP][PASSED] - delay(2): Delayed 2 second(s)

2022-11-18 12:48:14 - [MESSAGE][PASSED] - Delayed 2 second(s)

2022-11-18 12:48:14 - [TEST_STEP][PASSED] - verifyElementVisible(findTestObject("06-Teams/05- Teams-General Channel/added new post msg")): Object 'Object Repository/06-Teams/05- Teams-General Channel/added new post msg' is visible

2022-11-18 12:48:14 - [MESSAGE][PASSED] - Object 'Object Repository/06-Teams/05- Teams-General Channel/added new post msg' is visible

2022-11-18 12:48:14 - [TEST_STEP][PASSED] - verifyElementVisible(findTestObject("06-Teams/05- Teams-General Channel/Underline")): Object 'Object Repository/06-Teams/05- Teams-General Channel/Underline' is visible

2022-11-18 12:48:15 - [MESSAGE][PASSED] - Object 'Object Repository/06-Teams/05- Teams-General Channel/Underline' is visible

2022-11-18 12:48:15 - [TEST_STEP][PASSED] - delay(3): Delayed 3 second(s)

2022-11-18 12:48:18 - [MESSAGE][PASSED] - Delayed 3 second(s)

2022-11-18 12:48:18 - [TEST_STEP][PASSED] - click(findTestObject("06-Teams/05- Teams-General Channel/Strikethrough select")): Object: 'Object Repository/06-Teams/05- Teams-General Channel/Strikethrough select' is clicked on

2022-11-18 12:48:18 - [MESSAGE][PASSED] - Object: 'Object Repository/06-Teams/05- Teams-General Channel/Strikethrough select' is clicked on

2022-11-18 12:48:18 - [TEST_STEP][PASSED] - click(findTestObject("06-Teams/05- Teams-General Channel/Input field_post"), STOP_ON_FAILURE): Object: 'Object Repository/06-Teams/05- Teams-General Channel/Input field_post' is clicked on

2022-11-18 12:48:18 - [MESSAGE][PASSED] - Object: 'Object Repository/06-Teams/05- Teams-General Channel/Input field_post' is clicked on

2022-11-18 12:48:18 - [TEST_STEP][PASSED] - sendKeys(findTestObject("Object Repository/06-Teams/05- Teams-General Channel/Input field_post"), "Strikethrough"): Keys 'Strikethrough' sent to object: 'Object Repository/06-Teams/05- Teams-General Channel/Input field_post'

2022-11-18 12:48:19 - [MESSAGE][PASSED] - Keys 'Strikethrough' sent to object: 'Object Repository/06-Teams/05- Teams-General Channel/Input field_post'

2022-11-18 12:48:19 - [TEST_STEP][PASSED] - click(findTestObject("06-Teams/05- Teams-General Channel/button_send")): Object: 'Object Repository/06-Teams/05- Teams-General Channel/button_send' is clicked on

2022-11-18 12:48:19 - [MESSAGE][PASSED] - Object: 'Object Repository/06-Teams/05- Teams-General Channel/button_send' is clicked on

2022-11-18 12:48:19 - [TEST_STEP][PASSED] - delay(2): Delayed 2 second(s)

2022-11-18 12:48:21 - [MESSAGE][PASSED] - Delayed 2 second(s)

2022-11-18 12:48:21 - [TEST_STEP][PASSED] - verifyElementVisible(findTestObject("06-Teams/05- Teams-General Channel/added new post msg")): Object 'Object Repository/06-Teams/05- Teams-General Channel/added new post msg' is visible

2022-11-18 12:48:22 - [MESSAGE][PASSED] - Object 'Object Repository/06-Teams/05- Teams-General Channel/added new post msg' is visible

2022-11-18 12:48:22 - [TEST_STEP][PASSED] - verifyElementVisible(findTestObject("06-Teams/05- Teams-General Channel/Strikethrough")): Object 'Object Repository/06-Teams/05- Teams-General Channel/Strikethrough' is visible

2022-11-18 12:48:22 - [MESSAGE][PASSED] - Object 'Object Repository/06-Teams/05- Teams-General Channel/Strikethrough' is visible

2022-11-18 12:48:22 - [TEST_STEP][PASSED] - delay(3): Delayed 3 second(s)

2022-11-18 12:48:25 - [MESSAGE][PASSED] - Delayed 3 second(s)

2022-11-18 12:48:25 - [TEST_STEP][PASSED] - click(findTestObject("06-Teams/05- Teams-General Channel/Heading dropdown")): Object: 'Object Repository/06-Teams/05- Teams-General Channel/Heading dropdown' is clicked on

2022-11-18 12:48:25 - [MESSAGE][PASSED] - Object: 'Object Repository/06-Teams/05- Teams-General Channel/Heading dropdown' is clicked on

2022-11-18 12:48:25 - [TEST_STEP][PASSED] - verifyElementVisible(findTestObject("06-Teams/05- Teams-General Channel/div_Header 1")): Object 'Object Repository/06-Teams/05- Teams-General Channel/div_Header 1' is visible

2022-11-18 12:48:26 - [MESSAGE][PASSED] - Object 'Object Repository/06-Teams/05- Teams-General Channel/div_Header 1' is visible

2022-11-18 12:48:26 - [TEST_STEP][PASSED] - verifyElementVisible(findTestObject("06-Teams/05- Teams-General Channel/div_Header 2")): Object 'Object Repository/06-Teams/05- Teams-General Channel/div_Header 2' is visible

2022-11-18 12:48:26 - [MESSAGE][PASSED] - Object 'Object Repository/06-Teams/05- Teams-General Channel/div_Header 2' is visible

2022-11-18 12:48:26 - [TEST_STEP][PASSED] - verifyElementVisible(findTestObject("06-Teams/05- Teams-General Channel/div_Header 3")): Object 'Object Repository/06-Teams/05- Teams-General Channel/div_Header 3' is visible

2022-11-18 12:48:27 - [MESSAGE][PASSED] - Object 'Object Repository/06-Teams/05- Teams-General Channel/div_Header 3' is visible

2022-11-18 12:48:27 - [TEST_STEP][PASSED] - verifyElementVisible(findTestObject("06-Teams/05- Teams-General Channel/div_Header 4")): Object 'Object Repository/06-Teams/05- Teams-General Channel/div_Header 4' is visible

2022-11-18 12:48:27 - [MESSAGE][PASSED] - Object 'Object Repository/06-Teams/05- Teams-General Channel/div_Header 4' is visible

2022-11-18 12:48:27 - [TEST_STEP][PASSED] - verifyElementVisible(findTestObject("06-Teams/05- Teams-General Channel/div_Header 5")): Object 'Object Repository/06-Teams/05- Teams-General Channel/div_Header 5' is visible

2022-11-18 12:48:27 - [MESSAGE][PASSED] - Object 'Object Repository/06-Teams/05- Teams-General Channel/div_Header 5' is visible

2022-11-18 12:48:27 - [TEST_STEP][PASSED] - verifyElementVisible(findTestObject("06-Teams/05- Teams-General Channel/div_Header 6")): Object 'Object Repository/06-Teams/05- Teams-General Channel/div_Header 6' is visible

2022-11-18 12:48:28 - [MESSAGE][PASSED] - Object 'Object Repository/06-Teams/05- Teams-General Channel/div_Header 6' is visible

2022-11-18 12:48:28 - [TEST_STEP][PASSED] - delay(3): Delayed 3 second(s)

2022-11-18 12:48:31 - [MESSAGE][PASSED] - Delayed 3 second(s)

2022-11-18 12:48:31 - [TEST_STEP][PASSED] - click(findTestObject("06-Teams/05- Teams-General Channel/div_Header 4")): Object: 'Object Repository/06-Teams/05- Teams-General Channel/div_Header 4' is clicked on

2022-11-18 12:48:31 - [MESSAGE][PASSED] - Object: 'Object Repository/06-Teams/05- Teams-General Channel/div_Header 4' is clicked on

2022-11-18 12:48:31 - [TEST_STEP][PASSED] - click(findTestObject("06-Teams/05- Teams-General Channel/Input field_post"), STOP_ON_FAILURE): Object: 'Object Repository/06-Teams/05- Teams-General Channel/Input field_post' is clicked on

2022-11-18 12:48:33 - [MESSAGE][PASSED] - Object: 'Object Repository/06-Teams/05- Teams-General Channel/Input field_post' is clicked on

2022-11-18 12:48:33 - [TEST_STEP][PASSED] - sendKeys(findTestObject("Object Repository/06-Teams/05- Teams-General Channel/Input field_post"), "Four"): Keys 'Four' sent to object: 'Object Repository/06-Teams/05- Teams-General Channel/Input field_post'

2022-11-18 12:48:33 - [MESSAGE][PASSED] - Keys 'Four' sent to object: 'Object Repository/06-Teams/05- Teams-General Channel/Input field_post'

2022-11-18 12:48:33 - [TEST_STEP][PASSED] - click(findTestObject("06-Teams/05- Teams-General Channel/button_send")): Object: 'Object Repository/06-Teams/05- Teams-General Channel/button_send' is clicked on

2022-11-18 12:48:34 - [MESSAGE][PASSED] - Object: 'Object Repository/06-Teams/05- Teams-General Channel/button_send' is clicked on

2022-11-18 12:48:34 - [TEST_STEP][PASSED] - delay(2): Delayed 2 second(s)

2022-11-18 12:48:36 - [MESSAGE][PASSED] - Delayed 2 second(s)

2022-11-18 12:48:36 - [TEST_STEP][PASSED] - verifyElementVisible(findTestObject("06-Teams/05- Teams-General Channel/added new post msg")): Object 'Object Repository/06-Teams/05- Teams-General Channel/added new post msg' is visible

2022-11-18 12:48:36 - [MESSAGE][PASSED] - Object 'Object Repository/06-Teams/05- Teams-General Channel/added new post msg' is visible

2022-11-18 12:48:36 - [TEST_STEP][PASSED] - verifyElementVisible(findTestObject("06-Teams/05- Teams-General Channel/h4_Four")): Object 'Object Repository/06-Teams/05- Teams-General Channel/h4_Four' is visible

2022-11-18 12:48:36 - [MESSAGE][PASSED] - Object 'Object Repository/06-Teams/05- Teams-General Channel/h4_Four' is visible

2022-11-18 12:48:36 - [TEST_STEP][PASSED] - delay(3): Delayed 3 second(s)

2022-11-18 12:48:39 - [MESSAGE][PASSED] - Delayed 3 second(s)

2022-11-18 12:48:39 - [TEST_STEP][PASSED] - click(findTestObject("06-Teams/05- Teams-General Channel/Heading dropdown")): Object: 'Object Repository/06-Teams/05- Teams-General Channel/Heading dropdown' is clicked on

2022-11-18 12:48:40 - [MESSAGE][PASSED] - Object: 'Object Repository/06-Teams/05- Teams-General Channel/Heading dropdown' is clicked on

2022-11-18 12:48:40 - [TEST_STEP][PASSED] - click(findTestObject("06-Teams/05- Teams-General Channel/div_Header 5")): Object: 'Object Repository/06-Teams/05- Teams-General Channel/div_Header 5' is clicked on

2022-11-18 12:48:40 - [MESSAGE][PASSED] - Object: 'Object Repository/06-Teams/05- Teams-General Channel/div_Header 5' is clicked on

2022-11-18 12:48:40 - [TEST_STEP][PASSED] - click(findTestObject("06-Teams/05- Teams-General Channel/Input field_post"), STOP_ON_FAILURE): Object: 'Object Repository/06-Teams/05- Teams-General Channel/Input field_post' is clicked on

2022-11-18 12:48:41 - [MESSAGE][PASSED] - Object: 'Object Repository/06-Teams/05- Teams-General Channel/Input field_post' is clicked on

2022-11-18 12:48:41 - [TEST_STEP][PASSED] - sendKeys(findTestObject("Object Repository/06-Teams/05- Teams-General Channel/Input field_post"), "Five"): Keys 'Five' sent to object: 'Object Repository/06-Teams/05- Teams-General Channel/Input field_post'

2022-11-18 12:48:42 - [MESSAGE][PASSED] - Keys 'Five' sent to object: 'Object Repository/06-Teams/05- Teams-General Channel/Input field_post'

2022-11-18 12:48:42 - [TEST_STEP][PASSED] - click(findTestObject("06-Teams/05- Teams-General Channel/button_send")): Object: 'Object Repository/06-Teams/05- Teams-General Channel/button_send' is clicked on

2022-11-18 12:48:42 - [MESSAGE][PASSED] - Object: 'Object Repository/06-Teams/05- Teams-General Channel/button_send' is clicked on

2022-11-18 12:48:42 - [TEST_STEP][PASSED] - delay(2): Delayed 2 second(s)

2022-11-18 12:48:44 - [MESSAGE][PASSED] - Delayed 2 second(s)

2022-11-18 12:48:44 - [TEST_STEP][PASSED] - verifyElementVisible(findTestObject("06-Teams/05- Teams-General Channel/added new post msg")): Object 'Object Repository/06-Teams/05- Teams-General Channel/added new post msg' is visible

2022-11-18 12:48:45 - [MESSAGE][PASSED] - Object 'Object Repository/06-Teams/05- Teams-General Channel/added new post msg' is visible

2022-11-18 12:48:45 - [TEST_STEP][PASSED] - verifyElementVisible(findTestObject("06-Teams/05- Teams-General Channel/h5_Five")): Object 'Object Repository/06-Teams/05- Teams-General Channel/h5_Five' is visible

2022-11-18 12:48:45 - [MESSAGE][PASSED] - Object 'Object Repository/06-Teams/05- Teams-General Channel/h5_Five' is visible

2022-11-18 12:48:45 - [TEST_STEP][PASSED] - delay(3): Delayed 3 second(s)

2022-11-18 12:48:48 - [MESSAGE][PASSED] - Delayed 3 second(s)]]></system-out>
         <system-err><![CDATA[]]></system-err>
      </testcase>
      <testcase name="Test Cases/06- Teams/18 - Teams - General Channel (deleting a post)" time="71.533" classname="Test Cases/06- Teams/18 - Teams - General Channel (deleting a post)" status="PASSED">
         <system-out><![CDATA[2022-11-18 12:48:48 - [TEST_CASE][PASSED] - Test Cases/06- Teams/18 - Teams - General Channel (deleting a post): Test Cases/06- Teams/18 - Teams - General Channel (deleting a post)

2022-11-18 12:48:48 - [TEST_STEP][PASSED] - click(findTestObject("06-Teams/05- Teams-General Channel/ellipsis 1")): Object: 'Object Repository/06-Teams/05- Teams-General Channel/ellipsis 1' is clicked on

2022-11-18 12:48:49 - [MESSAGE][PASSED] - Object: 'Object Repository/06-Teams/05- Teams-General Channel/ellipsis 1' is clicked on

2022-11-18 12:48:49 - [TEST_STEP][PASSED] - click(findTestObject("06-Teams/05- Teams-General Channel/button_Delete Post")): Object: 'Object Repository/06-Teams/05- Teams-General Channel/button_Delete Post' is clicked on

2022-11-18 12:48:49 - [MESSAGE][PASSED] - Object: 'Object Repository/06-Teams/05- Teams-General Channel/button_Delete Post' is clicked on

2022-11-18 12:48:49 - [TEST_STEP][PASSED] - verifyElementVisible(findTestObject("06-Teams/05- Teams-General Channel/delete post box")): Object 'Object Repository/06-Teams/05- Teams-General Channel/delete post box' is visible

2022-11-18 12:48:50 - [MESSAGE][PASSED] - Object 'Object Repository/06-Teams/05- Teams-General Channel/delete post box' is visible

2022-11-18 12:48:50 - [TEST_STEP][PASSED] - click(findTestObject("06-Teams/05- Teams-General Channel/button_Delete")): Object: 'Object Repository/06-Teams/05- Teams-General Channel/button_Delete' is clicked on

2022-11-18 12:48:51 - [MESSAGE][PASSED] - Object: 'Object Repository/06-Teams/05- Teams-General Channel/button_Delete' is clicked on

2022-11-18 12:48:51 - [TEST_STEP][PASSED] - verifyElementVisible(findTestObject("06-Teams/05- Teams-General Channel/Successfully deleted post msg")): Object 'Object Repository/06-Teams/05- Teams-General Channel/Successfully deleted post msg' is visible

2022-11-18 12:48:52 - [MESSAGE][PASSED] - Object 'Object Repository/06-Teams/05- Teams-General Channel/Successfully deleted post msg' is visible

2022-11-18 12:48:52 - [TEST_STEP][PASSED] - delay(3): Delayed 3 second(s)

2022-11-18 12:48:55 - [MESSAGE][PASSED] - Delayed 3 second(s)

2022-11-18 12:48:55 - [TEST_STEP][PASSED] - click(findTestObject("06-Teams/05- Teams-General Channel/ellipsis 1")): Object: 'Object Repository/06-Teams/05- Teams-General Channel/ellipsis 1' is clicked on

2022-11-18 12:48:56 - [MESSAGE][PASSED] - Object: 'Object Repository/06-Teams/05- Teams-General Channel/ellipsis 1' is clicked on

2022-11-18 12:48:56 - [TEST_STEP][PASSED] - click(findTestObject("06-Teams/05- Teams-General Channel/button_Delete Post")): Object: 'Object Repository/06-Teams/05- Teams-General Channel/button_Delete Post' is clicked on

2022-11-18 12:48:56 - [MESSAGE][PASSED] - Object: 'Object Repository/06-Teams/05- Teams-General Channel/button_Delete Post' is clicked on

2022-11-18 12:48:56 - [TEST_STEP][PASSED] - verifyElementVisible(findTestObject("06-Teams/05- Teams-General Channel/delete post box")): Object 'Object Repository/06-Teams/05- Teams-General Channel/delete post box' is visible

2022-11-18 12:48:57 - [MESSAGE][PASSED] - Object 'Object Repository/06-Teams/05- Teams-General Channel/delete post box' is visible

2022-11-18 12:48:57 - [TEST_STEP][PASSED] - click(findTestObject("06-Teams/05- Teams-General Channel/button_Delete")): Object: 'Object Repository/06-Teams/05- Teams-General Channel/button_Delete' is clicked on

2022-11-18 12:48:57 - [MESSAGE][PASSED] - Object: 'Object Repository/06-Teams/05- Teams-General Channel/button_Delete' is clicked on

2022-11-18 12:48:57 - [TEST_STEP][PASSED] - verifyElementVisible(findTestObject("06-Teams/05- Teams-General Channel/Successfully deleted post msg")): Object 'Object Repository/06-Teams/05- Teams-General Channel/Successfully deleted post msg' is visible

2022-11-18 12:48:59 - [MESSAGE][PASSED] - Object 'Object Repository/06-Teams/05- Teams-General Channel/Successfully deleted post msg' is visible

2022-11-18 12:48:59 - [TEST_STEP][PASSED] - delay(3): Delayed 3 second(s)

2022-11-18 12:49:02 - [MESSAGE][PASSED] - Delayed 3 second(s)

2022-11-18 12:49:02 - [TEST_STEP][PASSED] - click(findTestObject("06-Teams/05- Teams-General Channel/ellipsis 1")): Object: 'Object Repository/06-Teams/05- Teams-General Channel/ellipsis 1' is clicked on

2022-11-18 12:49:02 - [MESSAGE][PASSED] - Object: 'Object Repository/06-Teams/05- Teams-General Channel/ellipsis 1' is clicked on

2022-11-18 12:49:02 - [TEST_STEP][PASSED] - click(findTestObject("06-Teams/05- Teams-General Channel/button_Delete Post")): Object: 'Object Repository/06-Teams/05- Teams-General Channel/button_Delete Post' is clicked on

2022-11-18 12:49:03 - [MESSAGE][PASSED] - Object: 'Object Repository/06-Teams/05- Teams-General Channel/button_Delete Post' is clicked on

2022-11-18 12:49:03 - [TEST_STEP][PASSED] - verifyElementVisible(findTestObject("06-Teams/05- Teams-General Channel/delete post box")): Object 'Object Repository/06-Teams/05- Teams-General Channel/delete post box' is visible

2022-11-18 12:49:04 - [MESSAGE][PASSED] - Object 'Object Repository/06-Teams/05- Teams-General Channel/delete post box' is visible

2022-11-18 12:49:04 - [TEST_STEP][PASSED] - click(findTestObject("06-Teams/05- Teams-General Channel/button_Delete")): Object: 'Object Repository/06-Teams/05- Teams-General Channel/button_Delete' is clicked on

2022-11-18 12:49:04 - [MESSAGE][PASSED] - Object: 'Object Repository/06-Teams/05- Teams-General Channel/button_Delete' is clicked on

2022-11-18 12:49:04 - [TEST_STEP][PASSED] - verifyElementVisible(findTestObject("06-Teams/05- Teams-General Channel/Successfully deleted post msg")): Object 'Object Repository/06-Teams/05- Teams-General Channel/Successfully deleted post msg' is visible

2022-11-18 12:49:06 - [MESSAGE][PASSED] - Object 'Object Repository/06-Teams/05- Teams-General Channel/Successfully deleted post msg' is visible

2022-11-18 12:49:06 - [TEST_STEP][PASSED] - delay(3): Delayed 3 second(s)

2022-11-18 12:49:09 - [MESSAGE][PASSED] - Delayed 3 second(s)

2022-11-18 12:49:09 - [TEST_STEP][PASSED] - click(findTestObject("06-Teams/05- Teams-General Channel/ellipsis 1")): Object: 'Object Repository/06-Teams/05- Teams-General Channel/ellipsis 1' is clicked on

2022-11-18 12:49:09 - [MESSAGE][PASSED] - Object: 'Object Repository/06-Teams/05- Teams-General Channel/ellipsis 1' is clicked on

2022-11-18 12:49:09 - [TEST_STEP][PASSED] - click(findTestObject("06-Teams/05- Teams-General Channel/button_Delete Post")): Object: 'Object Repository/06-Teams/05- Teams-General Channel/button_Delete Post' is clicked on

2022-11-18 12:49:09 - [MESSAGE][PASSED] - Object: 'Object Repository/06-Teams/05- Teams-General Channel/button_Delete Post' is clicked on

2022-11-18 12:49:09 - [TEST_STEP][PASSED] - verifyElementVisible(findTestObject("06-Teams/05- Teams-General Channel/delete post box")): Object 'Object Repository/06-Teams/05- Teams-General Channel/delete post box' is visible

2022-11-18 12:49:10 - [MESSAGE][PASSED] - Object 'Object Repository/06-Teams/05- Teams-General Channel/delete post box' is visible

2022-11-18 12:49:10 - [TEST_STEP][PASSED] - click(findTestObject("06-Teams/05- Teams-General Channel/button_Delete")): Object: 'Object Repository/06-Teams/05- Teams-General Channel/button_Delete' is clicked on

2022-11-18 12:49:11 - [MESSAGE][PASSED] - Object: 'Object Repository/06-Teams/05- Teams-General Channel/button_Delete' is clicked on

2022-11-18 12:49:11 - [TEST_STEP][PASSED] - verifyElementVisible(findTestObject("06-Teams/05- Teams-General Channel/Successfully deleted post msg")): Object 'Object Repository/06-Teams/05- Teams-General Channel/Successfully deleted post msg' is visible

2022-11-18 12:49:12 - [MESSAGE][PASSED] - Object 'Object Repository/06-Teams/05- Teams-General Channel/Successfully deleted post msg' is visible

2022-11-18 12:49:12 - [TEST_STEP][PASSED] - delay(3): Delayed 3 second(s)

2022-11-18 12:49:15 - [MESSAGE][PASSED] - Delayed 3 second(s)

2022-11-18 12:49:15 - [TEST_STEP][PASSED] - click(findTestObject("06-Teams/05- Teams-General Channel/ellipsis 1")): Object: 'Object Repository/06-Teams/05- Teams-General Channel/ellipsis 1' is clicked on

2022-11-18 12:49:15 - [MESSAGE][PASSED] - Object: 'Object Repository/06-Teams/05- Teams-General Channel/ellipsis 1' is clicked on

2022-11-18 12:49:15 - [TEST_STEP][PASSED] - click(findTestObject("06-Teams/05- Teams-General Channel/button_Delete Post")): Object: 'Object Repository/06-Teams/05- Teams-General Channel/button_Delete Post' is clicked on

2022-11-18 12:49:16 - [MESSAGE][PASSED] - Object: 'Object Repository/06-Teams/05- Teams-General Channel/button_Delete Post' is clicked on

2022-11-18 12:49:16 - [TEST_STEP][PASSED] - verifyElementVisible(findTestObject("06-Teams/05- Teams-General Channel/delete post box")): Object 'Object Repository/06-Teams/05- Teams-General Channel/delete post box' is visible

2022-11-18 12:49:17 - [MESSAGE][PASSED] - Object 'Object Repository/06-Teams/05- Teams-General Channel/delete post box' is visible

2022-11-18 12:49:17 - [TEST_STEP][PASSED] - click(findTestObject("06-Teams/05- Teams-General Channel/button_Delete")): Object: 'Object Repository/06-Teams/05- Teams-General Channel/button_Delete' is clicked on

2022-11-18 12:49:17 - [MESSAGE][PASSED] - Object: 'Object Repository/06-Teams/05- Teams-General Channel/button_Delete' is clicked on

2022-11-18 12:49:17 - [TEST_STEP][PASSED] - verifyElementVisible(findTestObject("06-Teams/05- Teams-General Channel/Successfully deleted post msg")): Object 'Object Repository/06-Teams/05- Teams-General Channel/Successfully deleted post msg' is visible

2022-11-18 12:49:19 - [MESSAGE][PASSED] - Object 'Object Repository/06-Teams/05- Teams-General Channel/Successfully deleted post msg' is visible

2022-11-18 12:49:19 - [TEST_STEP][PASSED] - delay(3): Delayed 3 second(s)

2022-11-18 12:49:22 - [MESSAGE][PASSED] - Delayed 3 second(s)

2022-11-18 12:49:22 - [TEST_STEP][PASSED] - click(findTestObject("06-Teams/05- Teams-General Channel/ellipsis 1")): Object: 'Object Repository/06-Teams/05- Teams-General Channel/ellipsis 1' is clicked on

2022-11-18 12:49:22 - [MESSAGE][PASSED] - Object: 'Object Repository/06-Teams/05- Teams-General Channel/ellipsis 1' is clicked on

2022-11-18 12:49:22 - [TEST_STEP][PASSED] - click(findTestObject("06-Teams/05- Teams-General Channel/button_Delete Post")): Object: 'Object Repository/06-Teams/05- Teams-General Channel/button_Delete Post' is clicked on

2022-11-18 12:49:23 - [MESSAGE][PASSED] - Object: 'Object Repository/06-Teams/05- Teams-General Channel/button_Delete Post' is clicked on

2022-11-18 12:49:23 - [TEST_STEP][PASSED] - verifyElementVisible(findTestObject("06-Teams/05- Teams-General Channel/delete post box")): Object 'Object Repository/06-Teams/05- Teams-General Channel/delete post box' is visible

2022-11-18 12:49:24 - [MESSAGE][PASSED] - Object 'Object Repository/06-Teams/05- Teams-General Channel/delete post box' is visible

2022-11-18 12:49:24 - [TEST_STEP][PASSED] - click(findTestObject("06-Teams/05- Teams-General Channel/button_Delete")): Object: 'Object Repository/06-Teams/05- Teams-General Channel/button_Delete' is clicked on

2022-11-18 12:49:24 - [MESSAGE][PASSED] - Object: 'Object Repository/06-Teams/05- Teams-General Channel/button_Delete' is clicked on

2022-11-18 12:49:24 - [TEST_STEP][PASSED] - verifyElementVisible(findTestObject("06-Teams/05- Teams-General Channel/Successfully deleted post msg")): Object 'Object Repository/06-Teams/05- Teams-General Channel/Successfully deleted post msg' is visible

2022-11-18 12:49:25 - [MESSAGE][PASSED] - Object 'Object Repository/06-Teams/05- Teams-General Channel/Successfully deleted post msg' is visible

2022-11-18 12:49:25 - [TEST_STEP][PASSED] - delay(3): Delayed 3 second(s)

2022-11-18 12:49:28 - [MESSAGE][PASSED] - Delayed 3 second(s)

2022-11-18 12:49:28 - [TEST_STEP][PASSED] - click(findTestObject("06-Teams/05- Teams-General Channel/ellipsis 1")): Object: 'Object Repository/06-Teams/05- Teams-General Channel/ellipsis 1' is clicked on

2022-11-18 12:49:29 - [MESSAGE][PASSED] - Object: 'Object Repository/06-Teams/05- Teams-General Channel/ellipsis 1' is clicked on

2022-11-18 12:49:29 - [TEST_STEP][PASSED] - click(findTestObject("06-Teams/05- Teams-General Channel/button_Delete Post")): Object: 'Object Repository/06-Teams/05- Teams-General Channel/button_Delete Post' is clicked on

2022-11-18 12:49:29 - [MESSAGE][PASSED] - Object: 'Object Repository/06-Teams/05- Teams-General Channel/button_Delete Post' is clicked on

2022-11-18 12:49:29 - [TEST_STEP][PASSED] - verifyElementVisible(findTestObject("06-Teams/05- Teams-General Channel/delete post box")): Object 'Object Repository/06-Teams/05- Teams-General Channel/delete post box' is visible

2022-11-18 12:49:30 - [MESSAGE][PASSED] - Object 'Object Repository/06-Teams/05- Teams-General Channel/delete post box' is visible

2022-11-18 12:49:30 - [TEST_STEP][PASSED] - click(findTestObject("06-Teams/05- Teams-General Channel/button_Delete")): Object: 'Object Repository/06-Teams/05- Teams-General Channel/button_Delete' is clicked on

2022-11-18 12:49:30 - [MESSAGE][PASSED] - Object: 'Object Repository/06-Teams/05- Teams-General Channel/button_Delete' is clicked on

2022-11-18 12:49:30 - [TEST_STEP][PASSED] - verifyElementVisible(findTestObject("06-Teams/05- Teams-General Channel/Successfully deleted post msg")): Object 'Object Repository/06-Teams/05- Teams-General Channel/Successfully deleted post msg' is visible

2022-11-18 12:49:33 - [MESSAGE][PASSED] - Object 'Object Repository/06-Teams/05- Teams-General Channel/Successfully deleted post msg' is visible

2022-11-18 12:49:33 - [TEST_STEP][PASSED] - delay(3): Delayed 3 second(s)

2022-11-18 12:49:36 - [MESSAGE][PASSED] - Delayed 3 second(s)

2022-11-18 12:49:36 - [TEST_STEP][PASSED] - click(findTestObject("06-Teams/05- Teams-General Channel/ellipsis 1")): Object: 'Object Repository/06-Teams/05- Teams-General Channel/ellipsis 1' is clicked on

2022-11-18 12:49:37 - [MESSAGE][PASSED] - Object: 'Object Repository/06-Teams/05- Teams-General Channel/ellipsis 1' is clicked on

2022-11-18 12:49:37 - [TEST_STEP][PASSED] - click(findTestObject("06-Teams/05- Teams-General Channel/button_Delete Post")): Object: 'Object Repository/06-Teams/05- Teams-General Channel/button_Delete Post' is clicked on

2022-11-18 12:49:37 - [MESSAGE][PASSED] - Object: 'Object Repository/06-Teams/05- Teams-General Channel/button_Delete Post' is clicked on

2022-11-18 12:49:37 - [TEST_STEP][PASSED] - verifyElementVisible(findTestObject("06-Teams/05- Teams-General Channel/delete post box")): Object 'Object Repository/06-Teams/05- Teams-General Channel/delete post box' is visible

2022-11-18 12:49:38 - [MESSAGE][PASSED] - Object 'Object Repository/06-Teams/05- Teams-General Channel/delete post box' is visible

2022-11-18 12:49:38 - [TEST_STEP][PASSED] - click(findTestObject("06-Teams/05- Teams-General Channel/button_Delete")): Object: 'Object Repository/06-Teams/05- Teams-General Channel/button_Delete' is clicked on

2022-11-18 12:49:39 - [MESSAGE][PASSED] - Object: 'Object Repository/06-Teams/05- Teams-General Channel/button_Delete' is clicked on

2022-11-18 12:49:39 - [TEST_STEP][PASSED] - verifyElementVisible(findTestObject("06-Teams/05- Teams-General Channel/Successfully deleted post msg")): Object 'Object Repository/06-Teams/05- Teams-General Channel/Successfully deleted post msg' is visible

2022-11-18 12:49:41 - [MESSAGE][PASSED] - Object 'Object Repository/06-Teams/05- Teams-General Channel/Successfully deleted post msg' is visible

2022-11-18 12:49:41 - [TEST_STEP][PASSED] - delay(3): Delayed 3 second(s)

2022-11-18 12:49:44 - [MESSAGE][PASSED] - Delayed 3 second(s)

2022-11-18 12:49:44 - [TEST_STEP][PASSED] - click(findTestObject("06-Teams/05- Teams-General Channel/ellipsis 1")): Object: 'Object Repository/06-Teams/05- Teams-General Channel/ellipsis 1' is clicked on

2022-11-18 12:49:44 - [MESSAGE][PASSED] - Object: 'Object Repository/06-Teams/05- Teams-General Channel/ellipsis 1' is clicked on

2022-11-18 12:49:44 - [TEST_STEP][PASSED] - click(findTestObject("06-Teams/05- Teams-General Channel/button_Delete Post")): Object: 'Object Repository/06-Teams/05- Teams-General Channel/button_Delete Post' is clicked on

2022-11-18 12:49:44 - [MESSAGE][PASSED] - Object: 'Object Repository/06-Teams/05- Teams-General Channel/button_Delete Post' is clicked on

2022-11-18 12:49:44 - [TEST_STEP][PASSED] - verifyElementVisible(findTestObject("06-Teams/05- Teams-General Channel/delete post box")): Object 'Object Repository/06-Teams/05- Teams-General Channel/delete post box' is visible

2022-11-18 12:49:45 - [MESSAGE][PASSED] - Object 'Object Repository/06-Teams/05- Teams-General Channel/delete post box' is visible

2022-11-18 12:49:45 - [TEST_STEP][PASSED] - click(findTestObject("06-Teams/05- Teams-General Channel/button_Delete")): Object: 'Object Repository/06-Teams/05- Teams-General Channel/button_Delete' is clicked on

2022-11-18 12:49:46 - [MESSAGE][PASSED] - Object: 'Object Repository/06-Teams/05- Teams-General Channel/button_Delete' is clicked on

2022-11-18 12:49:46 - [TEST_STEP][PASSED] - verifyElementVisible(findTestObject("06-Teams/05- Teams-General Channel/Successfully deleted post msg")): Object 'Object Repository/06-Teams/05- Teams-General Channel/Successfully deleted post msg' is visible

2022-11-18 12:49:47 - [MESSAGE][PASSED] - Object 'Object Repository/06-Teams/05- Teams-General Channel/Successfully deleted post msg' is visible

2022-11-18 12:49:47 - [TEST_STEP][PASSED] - delay(3): Delayed 3 second(s)

2022-11-18 12:49:50 - [MESSAGE][PASSED] - Delayed 3 second(s)

2022-11-18 12:49:50 - [TEST_STEP][PASSED] - click(findTestObject("06-Teams/05- Teams-General Channel/ellipsis 1")): Object: 'Object Repository/06-Teams/05- Teams-General Channel/ellipsis 1' is clicked on

2022-11-18 12:49:50 - [MESSAGE][PASSED] - Object: 'Object Repository/06-Teams/05- Teams-General Channel/ellipsis 1' is clicked on

2022-11-18 12:49:50 - [TEST_STEP][PASSED] - click(findTestObject("06-Teams/05- Teams-General Channel/button_Delete Post")): Object: 'Object Repository/06-Teams/05- Teams-General Channel/button_Delete Post' is clicked on

2022-11-18 12:49:51 - [MESSAGE][PASSED] - Object: 'Object Repository/06-Teams/05- Teams-General Channel/button_Delete Post' is clicked on

2022-11-18 12:49:51 - [TEST_STEP][PASSED] - verifyElementVisible(findTestObject("06-Teams/05- Teams-General Channel/delete post box")): Object 'Object Repository/06-Teams/05- Teams-General Channel/delete post box' is visible

2022-11-18 12:49:52 - [MESSAGE][PASSED] - Object 'Object Repository/06-Teams/05- Teams-General Channel/delete post box' is visible

2022-11-18 12:49:52 - [TEST_STEP][PASSED] - click(findTestObject("06-Teams/05- Teams-General Channel/button_Delete")): Object: 'Object Repository/06-Teams/05- Teams-General Channel/button_Delete' is clicked on

2022-11-18 12:49:53 - [MESSAGE][PASSED] - Object: 'Object Repository/06-Teams/05- Teams-General Channel/button_Delete' is clicked on

2022-11-18 12:49:53 - [TEST_STEP][PASSED] - delay(3): Delayed 3 second(s)

2022-11-18 12:49:56 - [MESSAGE][PASSED] - Delayed 3 second(s)

2022-11-18 12:49:56 - [TEST_STEP][PASSED] - verifyElementVisible(findTestObject("06-Teams/05- Teams-General Channel/Successfully deleted post msg")): Object 'Object Repository/06-Teams/05- Teams-General Channel/Successfully deleted post msg' is visible

2022-11-18 12:49:56 - [MESSAGE][PASSED] - Object 'Object Repository/06-Teams/05- Teams-General Channel/Successfully deleted post msg' is visible

2022-11-18 12:49:56 - [TEST_STEP][PASSED] - delay(3): Delayed 3 second(s)

2022-11-18 12:49:59 - [MESSAGE][PASSED] - Delayed 3 second(s)

2022-11-18 12:49:59 - [TEST_STEP][PASSED] - closeBrowser(): Browser is closed

2022-11-18 12:50:00 - [MESSAGE][PASSED] - Browser is closed]]></system-out>
         <system-err><![CDATA[]]></system-err>
      </testcase>
      <system-out><![CDATA[2022-11-18 12:40:11 - [TEST_SUITE][PASSED] - 06.2 - Teams - Settings: Test Cases/06- Teams/18 - Teams - General Channel (deleting a post)]]></system-out>
      <system-err><![CDATA[]]></system-err>
   </testsuite>
</testsuites>
