<?xml version="1.0" encoding="UTF-8"?>
<testsuites name="12.1-EL Sign (Send Documents)" time="396.371" tests="9" failures="0" errors="0">
   <testsuite name="12.1-EL Sign (Send Documents)" tests="9" failures="0" errors="0" time="396.371" skipped="0" timestamp="2023-02-14 11:06:21" hostname="asus - DESKTOP-3L3J9C1" id="Test Suites/TS-Organization/12.1-EL Sign (Send Documents)">
      <properties>
         <property name="deviceName" value=""/>
         <property name="devicePlatform" value=""/>
         <property name="logFolder" value="C:\\Users\\asus\\Katalon Studio\\Everleagues\\Everleagues\\Reports\\20230214_110605\\TS-Organization\\12.1-EL Sign (Send Documents)\\20230214_110605"/>
         <property name="logFiles" value="C:\\Users\\asus\\Katalon Studio\\Everleagues\\Everleagues\\Reports\\20230214_110605\\TS-Organization\\12.1-EL Sign (Send Documents)\\20230214_110605\\execution0.log"/>
         <property name="attachments" value=""/>
         <property name="hostName" value="asus - DESKTOP-3L3J9C1"/>
         <property name="os" value="Windows 10 64bit"/>
         <property name="katalonVersion" value="8.4.1.208"/>
         <property name="browser" value="Chrome 109.0.0.0"/>
         <property name="hostAddress" value="10.5.0.2"/>
         <property name="sessionId" value="d6b4cbd26bd3e3996d3ceb17686f16a6"/>
         <property name="seleniumVersion" value="3.141.59"/>
         <property name="proxyInformation" value="ProxyInformation { proxyOption=NO_PROXY, proxyServerType=HTTP, username=, password=********, proxyServerAddress=, proxyServerPort=0, executionList=&quot;&quot;, isApplyToDesiredCapabilities=true }"/>
         <property name="platform" value="Windows 10"/>
      </properties>
      <testcase name="Test Cases/12-EL Sign/01-Send Documents (Upload a file-required field is blank)" time="162.384" classname="Test Cases/12-EL Sign/01-Send Documents (Upload a file-required field is blank)" status="PASSED">
         <system-out><![CDATA[2023-02-14 11:06:23 - [TEST_CASE][PASSED] - Test Cases/12-EL Sign/01-Send Documents (Upload a file-required field is blank): Test Cases/12-EL Sign/01-Send Documents (Upload a file-required field is blank)

2023-02-14 11:06:27 - [TEST_STEP][PASSED] - openBrowser(""): Browser is opened with url: ''

2023-02-14 11:06:29 - [MESSAGE][INFO] - Starting 'Chrome' driver

2023-02-14 11:06:29 - [MESSAGE][INFO] - Action delay is set to 0 milliseconds

2023-02-14 11:06:42 - [MESSAGE][PASSED] - Browser is opened with url: ''

2023-02-14 11:06:42 - [TEST_STEP][PASSED] - navigateToUrl("https://lab.everleagues.com/"): Navigate to 'https://lab.everleagues.com/' successfully

2023-02-14 11:07:08 - [MESSAGE][PASSED] - Navigate to 'https://lab.everleagues.com/' successfully

2023-02-14 11:07:08 - [TEST_STEP][PASSED] - maximizeWindow(): Current window maximized

2023-02-14 11:07:09 - [MESSAGE][PASSED] - Current window maximized

2023-02-14 11:07:09 - [TEST_STEP][PASSED] - callTestCase(findTestCase("01-Login and Forgot Password/04-Login(Valid Credentials-With Subscription)"), [:], STOP_ON_FAILURE): Call Test Case 'Test Cases/01-Login and Forgot Password/04-Login(Valid Credentials-With Subscription)' successfully

2023-02-14 11:07:09 - [TEST_CASE][PASSED] - Test Cases/01-Login and Forgot Password/04-Login(Valid Credentials-With Subscription): Test Cases/01-Login and Forgot Password/04-Login(Valid Credentials-With Subscription)

2023-02-14 11:07:11 - [TEST_STEP][PASSED] - setText(findTestObject("01-Login and Forgot Password/input_Email_email"), "testuser02@mailinator.com"): Text 'testuser02@mailinator.com' is set on object 'Object Repository/01-Login and Forgot Password/input_Email_email'

2023-02-14 11:07:14 - [MESSAGE][PASSED] - Text 'testuser02@mailinator.com' is set on object 'Object Repository/01-Login and Forgot Password/input_Email_email'

2023-02-14 11:07:14 - [TEST_STEP][PASSED] - setEncryptedText(findTestObject("01-Login and Forgot Password/input_Email_password"), "8yFRyszE6U6jvsCn51OQbg=="): Text ****** has been set on object 'Object Repository/01-Login and Forgot Password/input_Email_password'

2023-02-14 11:07:16 - [MESSAGE][PASSED] - Text ****** has been set on object 'Object Repository/01-Login and Forgot Password/input_Email_password'

2023-02-14 11:07:16 - [TEST_STEP][PASSED] - delay(2): Delayed 2 second(s)

2023-02-14 11:07:18 - [MESSAGE][PASSED] - Delayed 2 second(s)

2023-02-14 11:07:18 - [TEST_STEP][PASSED] - click(findTestObject("01-Login and Forgot Password/show pass button")): Object: 'Object Repository/01-Login and Forgot Password/show pass button' is clicked on

2023-02-14 11:07:19 - [MESSAGE][PASSED] - Object: 'Object Repository/01-Login and Forgot Password/show pass button' is clicked on

2023-02-14 11:07:19 - [TEST_STEP][PASSED] - delay(3): Delayed 3 second(s)

2023-02-14 11:07:22 - [MESSAGE][PASSED] - Delayed 3 second(s)

2023-02-14 11:07:22 - [TEST_STEP][PASSED] - click(findTestObject("01-Login and Forgot Password/button_Sign in")): Object: 'Object Repository/01-Login and Forgot Password/button_Sign in' is clicked on

2023-02-14 11:07:24 - [MESSAGE][PASSED] - Object: 'Object Repository/01-Login and Forgot Password/button_Sign in' is clicked on

2023-02-14 11:07:24 - [TEST_STEP][PASSED] - delay(3): Delayed 3 second(s)

2023-02-14 11:07:27 - [MESSAGE][PASSED] - Delayed 3 second(s)

2023-02-14 11:07:27 - [TEST_STEP][PASSED] - click(findTestObject("06-Teams/For 2FA/button_Confirm_2FA")): Object: 'Object Repository/06-Teams/For 2FA/button_Confirm_2FA' is clicked on

2023-02-14 11:07:27 - [MESSAGE][PASSED] - Object: 'Object Repository/06-Teams/For 2FA/button_Confirm_2FA' is clicked on

2023-02-14 11:07:27 - [TEST_STEP][PASSED] - executeJavaScript("window.open();", []): Execute JavaScript 'window.open();' successfully

2023-02-14 11:07:28 - [MESSAGE][PASSED] - Execute JavaScript 'window.open();' successfully

2023-02-14 11:07:28 - [TEST_STEP][PASSED] - currentWindow = getWindowIndex(): Current window's index is: 0

2023-02-14 11:07:28 - [MESSAGE][PASSED] - Current window's index is: 0

2023-02-14 11:07:28 - [TEST_STEP][PASSED] - delay(3): Delayed 3 second(s)

2023-02-14 11:07:31 - [MESSAGE][PASSED] - Delayed 3 second(s)

2023-02-14 11:07:31 - [TEST_STEP][PASSED] - switchToWindowIndex(currentWindow + 1): Switched to window with index: '1'

2023-02-14 11:07:31 - [MESSAGE][PASSED] - Switched to window with index: '1'

2023-02-14 11:07:31 - [TEST_STEP][PASSED] - navigateToUrl("https://www.mailinator.com/"): Navigate to 'https://www.mailinator.com/' successfully

2023-02-14 11:07:46 - [MESSAGE][PASSED] - Navigate to 'https://www.mailinator.com/' successfully

2023-02-14 11:07:46 - [TEST_STEP][PASSED] - delay(3): Delayed 3 second(s)

2023-02-14 11:07:49 - [MESSAGE][PASSED] - Delayed 3 second(s)

2023-02-14 11:07:49 - [TEST_STEP][PASSED] - setText(findTestObject("00-Signup and Activation/zMailinator/input_LOGIN_search"), "testuser02@mailinator.com"): Text 'testuser02@mailinator.com' is set on object 'Object Repository/00-Signup and Activation/zMailinator/input_LOGIN_search'

2023-02-14 11:07:51 - [MESSAGE][PASSED] - Text 'testuser02@mailinator.com' is set on object 'Object Repository/00-Signup and Activation/zMailinator/input_LOGIN_search'

2023-02-14 11:07:51 - [TEST_STEP][PASSED] - click(findTestObject("00-Signup and Activation/zMailinator/gobutton"), STOP_ON_FAILURE): Object: 'Object Repository/00-Signup and Activation/zMailinator/gobutton' is clicked on

2023-02-14 11:07:55 - [MESSAGE][PASSED] - Object: 'Object Repository/00-Signup and Activation/zMailinator/gobutton' is clicked on

2023-02-14 11:07:55 - [TEST_STEP][PASSED] - delay(3): Delayed 3 second(s)

2023-02-14 11:07:58 - [MESSAGE][PASSED] - Delayed 3 second(s)

2023-02-14 11:07:58 - [TEST_STEP][PASSED] - click(findTestObject("00-Signup and Activation/zMailinator/Email - everleagues")): Object: 'Object Repository/00-Signup and Activation/zMailinator/Email - everleagues' is clicked on

2023-02-14 11:07:59 - [MESSAGE][PASSED] - Object: 'Object Repository/00-Signup and Activation/zMailinator/Email - everleagues' is clicked on

2023-02-14 11:07:59 - [TEST_STEP][PASSED] - delay(3): Delayed 3 second(s)

2023-02-14 11:08:02 - [MESSAGE][PASSED] - Delayed 3 second(s)

2023-02-14 11:08:02 - [TEST_STEP][PASSED] - code = getText(findTestObject("Object Repository/06-Teams/For 2FA/2FA code")): Text of object 'Object Repository/06-Teams/For 2FA/2FA code' is: '829321'

2023-02-14 11:08:04 - [MESSAGE][PASSED] - Text of object 'Object Repository/06-Teams/For 2FA/2FA code' is: '829321'

2023-02-14 11:08:04 - [TEST_STEP][PASSED] - delay(3): Delayed 3 second(s)

2023-02-14 11:08:07 - [MESSAGE][PASSED] - Delayed 3 second(s)

2023-02-14 11:08:07 - [TEST_STEP][PASSED] - closeWindowTitle("Mailinator"): Window with title: 'Mailinator' is closed

2023-02-14 11:08:07 - [MESSAGE][PASSED] - Window with title: 'Mailinator' is closed

2023-02-14 11:08:07 - [TEST_STEP][PASSED] - delay(3): Delayed 3 second(s)

2023-02-14 11:08:10 - [MESSAGE][PASSED] - Delayed 3 second(s)

2023-02-14 11:08:10 - [TEST_STEP][PASSED] - switchToWindowIndex(0): Switched to window with index: '0'

2023-02-14 11:08:10 - [MESSAGE][PASSED] - Switched to window with index: '0'

2023-02-14 11:08:10 - [TEST_STEP][PASSED] - delay(3): Delayed 3 second(s)

2023-02-14 11:08:13 - [MESSAGE][PASSED] - Delayed 3 second(s)

2023-02-14 11:08:13 - [TEST_STEP][PASSED] - setText(findTestObject("Object Repository/06-Teams/For 2FA/input_Enter verification code_code"), code): Text '829321' is set on object 'Object Repository/06-Teams/For 2FA/input_Enter verification code_code'

2023-02-14 11:08:15 - [MESSAGE][PASSED] - Text '829321' is set on object 'Object Repository/06-Teams/For 2FA/input_Enter verification code_code'

2023-02-14 11:08:15 - [TEST_STEP][PASSED] - delay(3): Delayed 3 second(s)

2023-02-14 11:08:18 - [MESSAGE][PASSED] - Delayed 3 second(s)

2023-02-14 11:08:18 - [TEST_STEP][PASSED] - click(findTestObject("06-Teams/For 2FA/button_Verify_2FA")): Object: 'Object Repository/06-Teams/For 2FA/button_Verify_2FA' is clicked on

2023-02-14 11:08:19 - [MESSAGE][PASSED] - Object: 'Object Repository/06-Teams/For 2FA/button_Verify_2FA' is clicked on

2023-02-14 11:08:19 - [TEST_STEP][PASSED] - delay(3): Delayed 3 second(s)

2023-02-14 11:08:22 - [MESSAGE][PASSED] - Delayed 3 second(s)

2023-02-14 11:08:22 - [MESSAGE][PASSED] - Call Test Case 'Test Cases/01-Login and Forgot Password/04-Login(Valid Credentials-With Subscription)' successfully

2023-02-14 11:08:22 - [TEST_STEP][PASSED] - click(findTestObject("06-Teams/button_doublearrow")): Object: 'Object Repository/06-Teams/button_doublearrow' is clicked on

2023-02-14 11:08:26 - [MESSAGE][PASSED] - Object: 'Object Repository/06-Teams/button_doublearrow' is clicked on

2023-02-14 11:08:26 - [TEST_STEP][PASSED] - click(findTestObject("06-Teams/button_My Organizations")): Object: 'Object Repository/06-Teams/button_My Organizations' is clicked on

2023-02-14 11:08:27 - [MESSAGE][PASSED] - Object: 'Object Repository/06-Teams/button_My Organizations' is clicked on

2023-02-14 11:08:27 - [TEST_STEP][PASSED] - click(findTestObject("02-Side Icons(Organization)/Add Contact/button_Automation Test Org")): Object: 'Object Repository/02-Side Icons(Organization)/Add Contact/button_Automation Test Org' is clicked on

2023-02-14 11:08:29 - [MESSAGE][PASSED] - Object: 'Object Repository/02-Side Icons(Organization)/Add Contact/button_Automation Test Org' is clicked on

2023-02-14 11:08:29 - [TEST_STEP][PASSED] - delay(4): Delayed 4 second(s)

2023-02-14 11:08:33 - [MESSAGE][PASSED] - Delayed 4 second(s)

2023-02-14 11:08:33 - [TEST_STEP][PASSED] - verifyElementVisible(findTestObject("02-Side Icons(Organization)/Add Contact/span_Automation Test Org")): Object 'Object Repository/02-Side Icons(Organization)/Add Contact/span_Automation Test Org' is visible

2023-02-14 11:08:34 - [MESSAGE][PASSED] - Object 'Object Repository/02-Side Icons(Organization)/Add Contact/span_Automation Test Org' is visible

2023-02-14 11:08:34 - [TEST_STEP][PASSED] - delay(5): Delayed 5 second(s)

2023-02-14 11:08:39 - [MESSAGE][PASSED] - Delayed 5 second(s)

2023-02-14 11:08:39 - [TEST_STEP][PASSED] - scrollToElement(findTestObject("03-Header Menu/Hamburger Button/div_ELSign"), 0): Scroll to object 'Object Repository/03-Header Menu/Hamburger Button/div_ELSign' successfully

2023-02-14 11:08:39 - [MESSAGE][WARNING] - Timeout '0' is invalid. Using default page load timeout: '30'

2023-02-14 11:08:40 - [MESSAGE][PASSED] - Scroll to object 'Object Repository/03-Header Menu/Hamburger Button/div_ELSign' successfully

2023-02-14 11:08:40 - [TEST_STEP][PASSED] - click(findTestObject("03-Header Menu/Hamburger Button/div_ELSign")): Object: 'Object Repository/03-Header Menu/Hamburger Button/div_ELSign' is clicked on

2023-02-14 11:08:41 - [MESSAGE][PASSED] - Object: 'Object Repository/03-Header Menu/Hamburger Button/div_ELSign' is clicked on

2023-02-14 11:08:41 - [TEST_STEP][PASSED] - verifyElementVisible(findTestObject("03-Header Menu/Hamburger Button/div_ELSign")): Object 'Object Repository/03-Header Menu/Hamburger Button/div_ELSign' is visible

2023-02-14 11:08:45 - [MESSAGE][PASSED] - Object 'Object Repository/03-Header Menu/Hamburger Button/div_ELSign' is visible

2023-02-14 11:08:45 - [TEST_STEP][PASSED] - verifyElementVisible(findTestObject("12-EL Sign/h4_ELSign")): Object 'Object Repository/12-EL Sign/h4_ELSign' is visible

2023-02-14 11:08:45 - [MESSAGE][PASSED] - Object 'Object Repository/12-EL Sign/h4_ELSign' is visible

2023-02-14 11:08:45 - [TEST_STEP][PASSED] - delay(3): Delayed 3 second(s)

2023-02-14 11:08:48 - [MESSAGE][PASSED] - Delayed 3 second(s)

2023-02-14 11:08:48 - [TEST_STEP][PASSED] - click(findTestObject("12-EL Sign/div_Send Documents")): Object: 'Object Repository/12-EL Sign/div_Send Documents' is clicked on

2023-02-14 11:08:49 - [MESSAGE][PASSED] - Object: 'Object Repository/12-EL Sign/div_Send Documents' is clicked on

2023-02-14 11:08:49 - [TEST_STEP][PASSED] - uploadpackage.Upload.uploadFile(findTestObject("Object Repository/12-EL Sign/div_Drag and drop or Upload PDF or Word document here"), "C:\Users\asus\Desktop\EL automation\sample.pdf"): uploadpackage.Upload.uploadFile is PASSED

2023-02-14 11:08:51 - [MESSAGE][PASSED] - Object: 'Object Repository/12-EL Sign/div_Drag and drop or Upload PDF or Word document here' is clicked on

2023-02-14 11:08:53 - [MESSAGE][PASSED] - uploadpackage.Upload.uploadFile is PASSED

2023-02-14 11:08:53 - [TEST_STEP][PASSED] - delay(3): Delayed 3 second(s)

2023-02-14 11:08:56 - [MESSAGE][PASSED] - Delayed 3 second(s)

2023-02-14 11:08:56 - [TEST_STEP][PASSED] - click(findTestObject("12-EL Sign/input_documentTitle")): Object: 'Object Repository/12-EL Sign/input_documentTitle' is clicked on

2023-02-14 11:08:57 - [MESSAGE][PASSED] - Object: 'Object Repository/12-EL Sign/input_documentTitle' is clicked on

2023-02-14 11:08:57 - [TEST_STEP][PASSED] - sendKeys(findTestObject("Object Repository/12-EL Sign/input_documentTitle"), Keys.chord(CONTROL, "a")): Keys 'CONTROL + a' sent to object: 'Object Repository/12-EL Sign/input_documentTitle'

2023-02-14 11:08:59 - [MESSAGE][PASSED] - Keys 'CONTROL + a' sent to object: 'Object Repository/12-EL Sign/input_documentTitle'

2023-02-14 11:08:59 - [TEST_STEP][PASSED] - sendKeys(findTestObject("Object Repository/12-EL Sign/input_documentTitle"), Keys.chord(BACK_SPACE)): Keys 'BACK_SPACE + ' sent to object: 'Object Repository/12-EL Sign/input_documentTitle'

2023-02-14 11:09:00 - [MESSAGE][PASSED] - Keys 'BACK_SPACE + ' sent to object: 'Object Repository/12-EL Sign/input_documentTitle'

2023-02-14 11:09:00 - [TEST_STEP][PASSED] - clickOffset(findTestObject("12-EL Sign/h4_ELSign"), 100, 100): Object: 'Object Repository/12-EL Sign/h4_ELSign' is clicked on using offset x=100 and y=100

2023-02-14 11:09:01 - [MESSAGE][PASSED] - Object: 'Object Repository/12-EL Sign/h4_ELSign' is clicked on using offset x=100 and y=100

2023-02-14 11:09:01 - [TEST_STEP][PASSED] - verifyElementVisible(findTestObject("12-EL Sign/mat-error_Title is required")): Object 'Object Repository/12-EL Sign/mat-error_Title is required' is visible

2023-02-14 11:09:03 - [MESSAGE][PASSED] - Object 'Object Repository/12-EL Sign/mat-error_Title is required' is visible

2023-02-14 11:09:03 - [TEST_STEP][PASSED] - delay(3): Delayed 3 second(s)

2023-02-14 11:09:06 - [MESSAGE][PASSED] - Delayed 3 second(s)]]></system-out>
         <system-err><![CDATA[]]></system-err>
      </testcase>
      <testcase name="Test Cases/12-EL Sign/02-Send Documents (Upload a file-fill out required field)" time="13.479" classname="Test Cases/12-EL Sign/02-Send Documents (Upload a file-fill out required field)" status="PASSED">
         <system-out><![CDATA[2023-02-14 11:09:06 - [TEST_CASE][PASSED] - Test Cases/12-EL Sign/02-Send Documents (Upload a file-fill out required field): Test Cases/12-EL Sign/02-Send Documents (Upload a file-fill out required field)

2023-02-14 11:09:07 - [TEST_STEP][PASSED] - setText(findTestObject("12-EL Sign/input_documentTitle"), "sample.pdf"): Text 'sample.pdf' is set on object 'Object Repository/12-EL Sign/input_documentTitle'

2023-02-14 11:09:10 - [MESSAGE][PASSED] - Text 'sample.pdf' is set on object 'Object Repository/12-EL Sign/input_documentTitle'

2023-02-14 11:09:10 - [TEST_STEP][PASSED] - click(findTestObject("12-EL Sign/button_UPLOAD")): Object: 'Object Repository/12-EL Sign/button_UPLOAD' is clicked on

2023-02-14 11:09:11 - [MESSAGE][PASSED] - Object: 'Object Repository/12-EL Sign/button_UPLOAD' is clicked on

2023-02-14 11:09:11 - [TEST_STEP][PASSED] - delay(3): Delayed 3 second(s)

2023-02-14 11:09:14 - [MESSAGE][PASSED] - Delayed 3 second(s)

2023-02-14 11:09:14 - [TEST_STEP][PASSED] - click(findTestObject("12-EL Sign/button_homeELSIGN DOCUMENTS")): Object: 'Object Repository/12-EL Sign/button_homeELSIGN DOCUMENTS' is clicked on

2023-02-14 11:09:16 - [MESSAGE][PASSED] - Object: 'Object Repository/12-EL Sign/button_homeELSIGN DOCUMENTS' is clicked on

2023-02-14 11:09:16 - [TEST_STEP][PASSED] - delay(3): Delayed 3 second(s)

2023-02-14 11:09:19 - [MESSAGE][PASSED] - Delayed 3 second(s)]]></system-out>
         <system-err><![CDATA[]]></system-err>
      </testcase>
      <testcase name="Test Cases/12-EL Sign/03-Send Documents (Function buttons)" time="51.339" classname="Test Cases/12-EL Sign/03-Send Documents (Function buttons)" status="PASSED">
         <system-out><![CDATA[2023-02-14 11:09:19 - [TEST_CASE][PASSED] - Test Cases/12-EL Sign/03-Send Documents (Function buttons): Test Cases/12-EL Sign/03-Send Documents (Function buttons)

2023-02-14 11:09:21 - [TEST_STEP][PASSED] - click(findTestObject("12-EL Sign/mat-icon_refresh")): Object: 'Object Repository/12-EL Sign/mat-icon_refresh' is clicked on

2023-02-14 11:09:22 - [MESSAGE][PASSED] - Object: 'Object Repository/12-EL Sign/mat-icon_refresh' is clicked on

2023-02-14 11:09:22 - [TEST_STEP][PASSED] - delay(3): Delayed 3 second(s)

2023-02-14 11:09:25 - [MESSAGE][PASSED] - Delayed 3 second(s)

2023-02-14 11:09:25 - [TEST_STEP][PASSED] - click(findTestObject("12-EL Sign/mat-icon_configureColumns")): Object: 'Object Repository/12-EL Sign/mat-icon_configureColumns' is clicked on

2023-02-14 11:09:26 - [MESSAGE][PASSED] - Object: 'Object Repository/12-EL Sign/mat-icon_configureColumns' is clicked on

2023-02-14 11:09:26 - [TEST_STEP][PASSED] - click(findTestObject("12-EL Sign/mat-dialog-container_configureColumnModal")): Object: 'Object Repository/12-EL Sign/mat-dialog-container_configureColumnModal' is clicked on

2023-02-14 11:09:27 - [MESSAGE][PASSED] - Object: 'Object Repository/12-EL Sign/mat-dialog-container_configureColumnModal' is clicked on

2023-02-14 11:09:27 - [TEST_STEP][PASSED] - click(findTestObject("12-EL Sign/span_ELSign Tracking Id")): Object: 'Object Repository/12-EL Sign/span_ELSign Tracking Id' is clicked on

2023-02-14 11:09:28 - [MESSAGE][PASSED] - Object: 'Object Repository/12-EL Sign/span_ELSign Tracking Id' is clicked on

2023-02-14 11:09:28 - [TEST_STEP][PASSED] - click(findTestObject("12-EL Sign/span_Document Name")): Object: 'Object Repository/12-EL Sign/span_Document Name' is clicked on

2023-02-14 11:09:29 - [MESSAGE][PASSED] - Object: 'Object Repository/12-EL Sign/span_Document Name' is clicked on

2023-02-14 11:09:29 - [TEST_STEP][PASSED] - click(findTestObject("12-EL Sign/span_Status")): Object: 'Object Repository/12-EL Sign/span_Status' is clicked on

2023-02-14 11:09:30 - [MESSAGE][PASSED] - Object: 'Object Repository/12-EL Sign/span_Status' is clicked on

2023-02-14 11:09:30 - [TEST_STEP][PASSED] - click(findTestObject("12-EL Sign/span_Signer Status")): Object: 'Object Repository/12-EL Sign/span_Signer Status' is clicked on

2023-02-14 11:09:31 - [MESSAGE][PASSED] - Object: 'Object Repository/12-EL Sign/span_Signer Status' is clicked on

2023-02-14 11:09:31 - [TEST_STEP][PASSED] - click(findTestObject("12-EL Sign/span_View")): Object: 'Object Repository/12-EL Sign/span_View' is clicked on

2023-02-14 11:09:32 - [MESSAGE][PASSED] - Object: 'Object Repository/12-EL Sign/span_View' is clicked on

2023-02-14 11:09:32 - [TEST_STEP][PASSED] - click(findTestObject("12-EL Sign/span_Certificate")): Object: 'Object Repository/12-EL Sign/span_Certificate' is clicked on

2023-02-14 11:09:33 - [MESSAGE][PASSED] - Object: 'Object Repository/12-EL Sign/span_Certificate' is clicked on

2023-02-14 11:09:33 - [TEST_STEP][PASSED] - click(findTestObject("12-EL Sign/span_Delete")): Object: 'Object Repository/12-EL Sign/span_Delete' is clicked on

2023-02-14 11:09:34 - [MESSAGE][PASSED] - Object: 'Object Repository/12-EL Sign/span_Delete' is clicked on

2023-02-14 11:09:34 - [TEST_STEP][PASSED] - click(findTestObject("12-EL Sign/span_History")): Object: 'Object Repository/12-EL Sign/span_History' is clicked on

2023-02-14 11:09:35 - [MESSAGE][PASSED] - Object: 'Object Repository/12-EL Sign/span_History' is clicked on

2023-02-14 11:09:35 - [TEST_STEP][PASSED] - click(findTestObject("12-EL Sign/span_Reminder")): Object: 'Object Repository/12-EL Sign/span_Reminder' is clicked on

2023-02-14 11:09:36 - [MESSAGE][PASSED] - Object: 'Object Repository/12-EL Sign/span_Reminder' is clicked on

2023-02-14 11:09:36 - [TEST_STEP][PASSED] - click(findTestObject("12-EL Sign/span_Last Modified")): Object: 'Object Repository/12-EL Sign/span_Last Modified' is clicked on

2023-02-14 11:09:37 - [MESSAGE][PASSED] - Object: 'Object Repository/12-EL Sign/span_Last Modified' is clicked on

2023-02-14 11:09:37 - [TEST_STEP][PASSED] - delay(3): Delayed 3 second(s)

2023-02-14 11:09:40 - [MESSAGE][PASSED] - Delayed 3 second(s)

2023-02-14 11:09:40 - [TEST_STEP][PASSED] - click(findTestObject("12-EL Sign/span_ELSign Tracking Id")): Object: 'Object Repository/12-EL Sign/span_ELSign Tracking Id' is clicked on

2023-02-14 11:09:41 - [MESSAGE][PASSED] - Object: 'Object Repository/12-EL Sign/span_ELSign Tracking Id' is clicked on

2023-02-14 11:09:41 - [TEST_STEP][PASSED] - click(findTestObject("12-EL Sign/span_Document Name")): Object: 'Object Repository/12-EL Sign/span_Document Name' is clicked on

2023-02-14 11:09:42 - [MESSAGE][PASSED] - Object: 'Object Repository/12-EL Sign/span_Document Name' is clicked on

2023-02-14 11:09:42 - [TEST_STEP][PASSED] - click(findTestObject("12-EL Sign/span_Status")): Object: 'Object Repository/12-EL Sign/span_Status' is clicked on

2023-02-14 11:09:43 - [MESSAGE][PASSED] - Object: 'Object Repository/12-EL Sign/span_Status' is clicked on

2023-02-14 11:09:43 - [TEST_STEP][PASSED] - click(findTestObject("12-EL Sign/span_Signer Status")): Object: 'Object Repository/12-EL Sign/span_Signer Status' is clicked on

2023-02-14 11:09:44 - [MESSAGE][PASSED] - Object: 'Object Repository/12-EL Sign/span_Signer Status' is clicked on

2023-02-14 11:09:44 - [TEST_STEP][PASSED] - click(findTestObject("12-EL Sign/span_View")): Object: 'Object Repository/12-EL Sign/span_View' is clicked on

2023-02-14 11:09:45 - [MESSAGE][PASSED] - Object: 'Object Repository/12-EL Sign/span_View' is clicked on

2023-02-14 11:09:45 - [TEST_STEP][PASSED] - click(findTestObject("12-EL Sign/span_Download")): Object: 'Object Repository/12-EL Sign/span_Download' is clicked on

2023-02-14 11:09:46 - [MESSAGE][PASSED] - Object: 'Object Repository/12-EL Sign/span_Download' is clicked on

2023-02-14 11:09:46 - [TEST_STEP][PASSED] - click(findTestObject("12-EL Sign/span_Certificate")): Object: 'Object Repository/12-EL Sign/span_Certificate' is clicked on

2023-02-14 11:09:47 - [MESSAGE][PASSED] - Object: 'Object Repository/12-EL Sign/span_Certificate' is clicked on

2023-02-14 11:09:47 - [TEST_STEP][PASSED] - click(findTestObject("12-EL Sign/span_Delete")): Object: 'Object Repository/12-EL Sign/span_Delete' is clicked on

2023-02-14 11:09:48 - [MESSAGE][PASSED] - Object: 'Object Repository/12-EL Sign/span_Delete' is clicked on

2023-02-14 11:09:48 - [TEST_STEP][PASSED] - click(findTestObject("12-EL Sign/span_History")): Object: 'Object Repository/12-EL Sign/span_History' is clicked on

2023-02-14 11:09:49 - [MESSAGE][PASSED] - Object: 'Object Repository/12-EL Sign/span_History' is clicked on

2023-02-14 11:09:49 - [TEST_STEP][PASSED] - click(findTestObject("12-EL Sign/span_Reminder")): Object: 'Object Repository/12-EL Sign/span_Reminder' is clicked on

2023-02-14 11:09:50 - [MESSAGE][PASSED] - Object: 'Object Repository/12-EL Sign/span_Reminder' is clicked on

2023-02-14 11:09:50 - [TEST_STEP][PASSED] - click(findTestObject("12-EL Sign/span_Last Modified")): Object: 'Object Repository/12-EL Sign/span_Last Modified' is clicked on

2023-02-14 11:09:51 - [MESSAGE][PASSED] - Object: 'Object Repository/12-EL Sign/span_Last Modified' is clicked on

2023-02-14 11:09:51 - [TEST_STEP][PASSED] - delay(3): Delayed 3 second(s)

2023-02-14 11:09:54 - [MESSAGE][PASSED] - Delayed 3 second(s)

2023-02-14 11:09:54 - [TEST_STEP][PASSED] - click(findTestObject("12-EL Sign/button_CLOSE")): Object: 'Object Repository/12-EL Sign/button_CLOSE' is clicked on

2023-02-14 11:09:55 - [MESSAGE][PASSED] - Object: 'Object Repository/12-EL Sign/button_CLOSE' is clicked on

2023-02-14 11:09:55 - [TEST_STEP][PASSED] - delay(3): Delayed 3 second(s)

2023-02-14 11:09:58 - [MESSAGE][PASSED] - Delayed 3 second(s)

2023-02-14 11:09:58 - [TEST_STEP][PASSED] - click(findTestObject("12-EL Sign/mat-icon_exportCSV")): Object: 'Object Repository/12-EL Sign/mat-icon_exportCSV' is clicked on

2023-02-14 11:09:59 - [MESSAGE][PASSED] - Object: 'Object Repository/12-EL Sign/mat-icon_exportCSV' is clicked on

2023-02-14 11:09:59 - [TEST_STEP][PASSED] - delay(3): Delayed 3 second(s)

2023-02-14 11:10:02 - [MESSAGE][PASSED] - Delayed 3 second(s)

2023-02-14 11:10:02 - [TEST_STEP][PASSED] - click(findTestObject("12-EL Sign/mat-icon_expandAll")): Object: 'Object Repository/12-EL Sign/mat-icon_expandAll' is clicked on

2023-02-14 11:10:03 - [MESSAGE][PASSED] - Object: 'Object Repository/12-EL Sign/mat-icon_expandAll' is clicked on

2023-02-14 11:10:03 - [TEST_STEP][PASSED] - delay(3): Delayed 3 second(s)

2023-02-14 11:10:06 - [MESSAGE][PASSED] - Delayed 3 second(s)

2023-02-14 11:10:06 - [TEST_STEP][PASSED] - click(findTestObject("12-EL Sign/mat-icon_refit")): Object: 'Object Repository/12-EL Sign/mat-icon_refit' is clicked on

2023-02-14 11:10:07 - [MESSAGE][PASSED] - Object: 'Object Repository/12-EL Sign/mat-icon_refit' is clicked on

2023-02-14 11:10:07 - [TEST_STEP][PASSED] - delay(3): Delayed 3 second(s)

2023-02-14 11:10:10 - [MESSAGE][PASSED] - Delayed 3 second(s)]]></system-out>
         <system-err><![CDATA[]]></system-err>
      </testcase>
      <testcase name="Test Cases/12-EL Sign/04-Send Documents (Add Signer and guest- required field is blank)" time="36.772" classname="Test Cases/12-EL Sign/04-Send Documents (Add Signer and guest- required field is blank)" status="PASSED">
         <system-out><![CDATA[2023-02-14 11:10:11 - [TEST_CASE][PASSED] - Test Cases/12-EL Sign/04-Send Documents (Add Signer and guest- required field is blank): Test Cases/12-EL Sign/04-Send Documents (Add Signer and guest- required field is blank)

2023-02-14 11:10:13 - [TEST_STEP][PASSED] - click(findTestObject("12-EL Sign/div_ELSignTrackID")): Object: 'Object Repository/12-EL Sign/div_ELSignTrackID' is clicked on

2023-02-14 11:10:15 - [MESSAGE][PASSED] - Object: 'Object Repository/12-EL Sign/div_ELSignTrackID' is clicked on

2023-02-14 11:10:15 - [TEST_STEP][PASSED] - delay(3): Delayed 3 second(s)

2023-02-14 11:10:18 - [MESSAGE][PASSED] - Delayed 3 second(s)

2023-02-14 11:10:18 - [TEST_STEP][PASSED] - click(findTestObject("12-EL Sign/span_COMPLETE")): Object: 'Object Repository/12-EL Sign/span_COMPLETE' is clicked on

2023-02-14 11:10:20 - [MESSAGE][PASSED] - Object: 'Object Repository/12-EL Sign/span_COMPLETE' is clicked on

2023-02-14 11:10:20 - [TEST_STEP][PASSED] - verifyElementVisible(findTestObject("12-EL Sign/snack-bar-container_Please add signer and field")): Object 'Object Repository/12-EL Sign/snack-bar-container_Please add signer and field' is visible

2023-02-14 11:10:20 - [MESSAGE][PASSED] - Object 'Object Repository/12-EL Sign/snack-bar-container_Please add signer and field' is visible

2023-02-14 11:10:20 - [TEST_STEP][PASSED] - delay(3): Delayed 3 second(s)

2023-02-14 11:10:24 - [MESSAGE][PASSED] - Delayed 3 second(s)

2023-02-14 11:10:24 - [TEST_STEP][PASSED] - click(findTestObject("12-EL Sign/button_personADD SIGNER  FIELD")): Object: 'Object Repository/12-EL Sign/button_personADD SIGNER  FIELD' is clicked on

2023-02-14 11:10:25 - [MESSAGE][PASSED] - Object: 'Object Repository/12-EL Sign/button_personADD SIGNER  FIELD' is clicked on

2023-02-14 11:10:25 - [TEST_STEP][PASSED] - verifyElementVisible(findTestObject("12-EL Sign/mat-dialog-container_AddSignerModal")): Object 'Object Repository/12-EL Sign/mat-dialog-container_AddSignerModal' is visible

2023-02-14 11:10:26 - [MESSAGE][PASSED] - Object 'Object Repository/12-EL Sign/mat-dialog-container_AddSignerModal' is visible

2023-02-14 11:10:26 - [TEST_STEP][PASSED] - click(findTestObject("12-EL Sign/input_Search for a Signer")): Object: 'Object Repository/12-EL Sign/input_Search for a Signer' is clicked on

2023-02-14 11:10:27 - [MESSAGE][PASSED] - Object: 'Object Repository/12-EL Sign/input_Search for a Signer' is clicked on

2023-02-14 11:10:27 - [TEST_STEP][PASSED] - sendKeys(findTestObject("12-EL Sign/input_Search for a Signer"), Keys.chord(ESCAPE)): Keys 'ESCAPE + ' sent to object: 'Object Repository/12-EL Sign/input_Search for a Signer'

2023-02-14 11:10:29 - [MESSAGE][PASSED] - Keys 'ESCAPE + ' sent to object: 'Object Repository/12-EL Sign/input_Search for a Signer'

2023-02-14 11:10:29 - [TEST_STEP][PASSED] - click(findTestObject("12-EL Sign/input_Receiver email address")): Object: 'Object Repository/12-EL Sign/input_Receiver email address' is clicked on

2023-02-14 11:10:29 - [MESSAGE][PASSED] - Object: 'Object Repository/12-EL Sign/input_Receiver email address' is clicked on

2023-02-14 11:10:29 - [TEST_STEP][PASSED] - clickOffset(findTestObject("12-EL Sign/input_Receiver email address"), 100, 100): Object: 'Object Repository/12-EL Sign/input_Receiver email address' is clicked on using offset x=100 and y=100

2023-02-14 11:10:30 - [MESSAGE][PASSED] - Object: 'Object Repository/12-EL Sign/input_Receiver email address' is clicked on using offset x=100 and y=100

2023-02-14 11:10:30 - [TEST_STEP][PASSED] - verifyElementVisible(findTestObject("12-EL Sign/mat-error_Signer name is required")): Object 'Object Repository/12-EL Sign/mat-error_Signer name is required' is visible

2023-02-14 11:10:31 - [MESSAGE][PASSED] - Object 'Object Repository/12-EL Sign/mat-error_Signer name is required' is visible

2023-02-14 11:10:31 - [TEST_STEP][PASSED] - verifyElementVisible(findTestObject("12-EL Sign/mat-error_Email address is required")): Object 'Object Repository/12-EL Sign/mat-error_Email address is required' is visible

2023-02-14 11:10:32 - [MESSAGE][PASSED] - Object 'Object Repository/12-EL Sign/mat-error_Email address is required' is visible

2023-02-14 11:10:32 - [TEST_STEP][PASSED] - scrollToElement(findTestObject("12-EL Sign/button_SAVE"), 0): Scroll to object 'Object Repository/12-EL Sign/button_SAVE' successfully

2023-02-14 11:10:32 - [MESSAGE][WARNING] - Timeout '0' is invalid. Using default page load timeout: '30'

2023-02-14 11:10:32 - [MESSAGE][PASSED] - Scroll to object 'Object Repository/12-EL Sign/button_SAVE' successfully

2023-02-14 11:10:32 - [TEST_STEP][PASSED] - verifyElementNotClickable(findTestObject("12-EL Sign/button_SAVE")): Object 'Object Repository/12-EL Sign/button_SAVE' is NOT clickable

2023-02-14 11:10:33 - [MESSAGE][PASSED] - Object 'Object Repository/12-EL Sign/button_SAVE' is NOT clickable

2023-02-14 11:10:33 - [TEST_STEP][PASSED] - click(findTestObject("12-EL Sign/button_CANCEL")): Object: 'Object Repository/12-EL Sign/button_CANCEL' is clicked on

2023-02-14 11:10:34 - [MESSAGE][PASSED] - Object: 'Object Repository/12-EL Sign/button_CANCEL' is clicked on

2023-02-14 11:10:34 - [TEST_STEP][PASSED] - delay(3): Delayed 3 second(s)

2023-02-14 11:10:37 - [MESSAGE][PASSED] - Delayed 3 second(s)

2023-02-14 11:10:37 - [TEST_STEP][PASSED] - click(findTestObject("12-EL Sign/button_personADD SIGNER  FIELD")): Object: 'Object Repository/12-EL Sign/button_personADD SIGNER  FIELD' is clicked on

2023-02-14 11:10:38 - [MESSAGE][PASSED] - Object: 'Object Repository/12-EL Sign/button_personADD SIGNER  FIELD' is clicked on

2023-02-14 11:10:38 - [TEST_STEP][PASSED] - delay(3): Delayed 3 second(s)

2023-02-14 11:10:41 - [MESSAGE][PASSED] - Delayed 3 second(s)

2023-02-14 11:10:41 - [TEST_STEP][PASSED] - click(findTestObject("12-EL Sign/button_person_outlineADD GUEST")): Object: 'Object Repository/12-EL Sign/button_person_outlineADD GUEST' is clicked on

2023-02-14 11:10:43 - [MESSAGE][PASSED] - Object: 'Object Repository/12-EL Sign/button_person_outlineADD GUEST' is clicked on

2023-02-14 11:10:43 - [TEST_STEP][PASSED] - verifyElementVisible(findTestObject("12-EL Sign/mat-dialog-container_New GuestModal")): Object 'Object Repository/12-EL Sign/mat-dialog-container_New GuestModal' is visible

2023-02-14 11:10:45 - [MESSAGE][PASSED] - Object 'Object Repository/12-EL Sign/mat-dialog-container_New GuestModal' is visible

2023-02-14 11:10:45 - [TEST_STEP][PASSED] - click(findTestObject("12-EL Sign/input_GuestEmailAddress")): Object: 'Object Repository/12-EL Sign/input_GuestEmailAddress' is clicked on

2023-02-14 11:10:46 - [MESSAGE][PASSED] - Object: 'Object Repository/12-EL Sign/input_GuestEmailAddress' is clicked on

2023-02-14 11:10:46 - [TEST_STEP][PASSED] - sendKeys(findTestObject("12-EL Sign/input_GuestEmailAddress"), Keys.chord(ESCAPE)): Keys 'ESCAPE + ' sent to object: 'Object Repository/12-EL Sign/input_GuestEmailAddress'

2023-02-14 11:10:46 - [MESSAGE][PASSED] - Keys 'ESCAPE + ' sent to object: 'Object Repository/12-EL Sign/input_GuestEmailAddress'

2023-02-14 11:10:46 - [TEST_STEP][PASSED] - click(findTestObject("12-EL Sign/mat-icon_clear")): Object: 'Object Repository/12-EL Sign/mat-icon_clear' is clicked on

2023-02-14 11:10:47 - [MESSAGE][PASSED] - Object: 'Object Repository/12-EL Sign/mat-icon_clear' is clicked on]]></system-out>
         <system-err><![CDATA[]]></system-err>
      </testcase>
      <testcase name="Test Cases/12-EL Sign/05-Send Docuuments(Add Signer and guest-fill out required field)" time="22.827" classname="Test Cases/12-EL Sign/05-Send Docuuments(Add Signer and guest-fill out required field)" status="PASSED">
         <system-out><![CDATA[2023-02-14 11:10:47 - [TEST_CASE][PASSED] - Test Cases/12-EL Sign/05-Send Docuuments(Add Signer and guest-fill out required field): Test Cases/12-EL Sign/05-Send Docuuments(Add Signer and guest-fill out required field)

2023-02-14 11:10:49 - [TEST_STEP][PASSED] - click(findTestObject("12-EL Sign/button_personADD SIGNER  FIELD")): Object: 'Object Repository/12-EL Sign/button_personADD SIGNER  FIELD' is clicked on

2023-02-14 11:10:50 - [MESSAGE][PASSED] - Object: 'Object Repository/12-EL Sign/button_personADD SIGNER  FIELD' is clicked on

2023-02-14 11:10:50 - [TEST_STEP][PASSED] - click(findTestObject("12-EL Sign/input_Search for a Signer")): Object: 'Object Repository/12-EL Sign/input_Search for a Signer' is clicked on

2023-02-14 11:10:52 - [MESSAGE][PASSED] - Object: 'Object Repository/12-EL Sign/input_Search for a Signer' is clicked on

2023-02-14 11:10:52 - [TEST_STEP][PASSED] - click(findTestObject("12-EL Sign/mat-option_GG TESTER (testuser02mailinator.com)"), STOP_ON_FAILURE): Object: 'Object Repository/12-EL Sign/mat-option_GG TESTER (testuser02mailinator.com)' is clicked on

2023-02-14 11:10:52 - [MESSAGE][PASSED] - Object: 'Object Repository/12-EL Sign/mat-option_GG TESTER (testuser02mailinator.com)' is clicked on

2023-02-14 11:10:52 - [TEST_STEP][PASSED] - scrollToElement(findTestObject("12-EL Sign/button_SAVE"), 0): Scroll to object 'Object Repository/12-EL Sign/button_SAVE' successfully

2023-02-14 11:10:53 - [MESSAGE][WARNING] - Timeout '0' is invalid. Using default page load timeout: '30'

2023-02-14 11:10:53 - [MESSAGE][PASSED] - Scroll to object 'Object Repository/12-EL Sign/button_SAVE' successfully

2023-02-14 11:10:53 - [TEST_STEP][PASSED] - click(findTestObject("12-EL Sign/button_SAVE")): Object: 'Object Repository/12-EL Sign/button_SAVE' is clicked on

2023-02-14 11:10:54 - [MESSAGE][PASSED] - Object: 'Object Repository/12-EL Sign/button_SAVE' is clicked on

2023-02-14 11:10:54 - [TEST_STEP][PASSED] - delay(3): Delayed 3 second(s)

2023-02-14 11:10:57 - [MESSAGE][PASSED] - Delayed 3 second(s)

2023-02-14 11:10:57 - [TEST_STEP][PASSED] - click(findTestObject("12-EL Sign/button_personADD SIGNER  FIELD")): Object: 'Object Repository/12-EL Sign/button_personADD SIGNER  FIELD' is clicked on

2023-02-14 11:10:59 - [MESSAGE][PASSED] - Object: 'Object Repository/12-EL Sign/button_personADD SIGNER  FIELD' is clicked on

2023-02-14 11:10:59 - [TEST_STEP][PASSED] - delay(3): Delayed 3 second(s)

2023-02-14 11:11:02 - [MESSAGE][PASSED] - Delayed 3 second(s)

2023-02-14 11:11:02 - [TEST_STEP][PASSED] - click(findTestObject("12-EL Sign/button_person_outlineADD GUEST")): Object: 'Object Repository/12-EL Sign/button_person_outlineADD GUEST' is clicked on

2023-02-14 11:11:03 - [MESSAGE][PASSED] - Object: 'Object Repository/12-EL Sign/button_person_outlineADD GUEST' is clicked on

2023-02-14 11:11:03 - [TEST_STEP][PASSED] - verifyElementVisible(findTestObject("12-EL Sign/mat-dialog-container_New GuestModal")): Object 'Object Repository/12-EL Sign/mat-dialog-container_New GuestModal' is visible

2023-02-14 11:11:05 - [MESSAGE][PASSED] - Object 'Object Repository/12-EL Sign/mat-dialog-container_New GuestModal' is visible

2023-02-14 11:11:05 - [TEST_STEP][PASSED] - click(findTestObject("12-EL Sign/input_GuestEmailAddress")): Object: 'Object Repository/12-EL Sign/input_GuestEmailAddress' is clicked on

2023-02-14 11:11:06 - [MESSAGE][PASSED] - Object: 'Object Repository/12-EL Sign/input_GuestEmailAddress' is clicked on

2023-02-14 11:11:06 - [TEST_STEP][PASSED] - click(findTestObject("12-EL Sign/mat-option_norvs26mailinator.com")): Object: 'Object Repository/12-EL Sign/mat-option_norvs26mailinator.com' is clicked on

2023-02-14 11:11:07 - [MESSAGE][PASSED] - Object: 'Object Repository/12-EL Sign/mat-option_norvs26mailinator.com' is clicked on

2023-02-14 11:11:07 - [TEST_STEP][PASSED] - scrollToElement(findTestObject("12-EL Sign/button_SAVE2"), 0): Scroll to object 'Object Repository/12-EL Sign/button_SAVE2' successfully

2023-02-14 11:11:07 - [MESSAGE][WARNING] - Timeout '0' is invalid. Using default page load timeout: '30'

2023-02-14 11:11:09 - [MESSAGE][PASSED] - Scroll to object 'Object Repository/12-EL Sign/button_SAVE2' successfully

2023-02-14 11:11:09 - [TEST_STEP][PASSED] - click(findTestObject("12-EL Sign/button_SAVE2")): Object: 'Object Repository/12-EL Sign/button_SAVE2' is clicked on

2023-02-14 11:11:10 - [MESSAGE][PASSED] - Object: 'Object Repository/12-EL Sign/button_SAVE2' is clicked on]]></system-out>
         <system-err><![CDATA[]]></system-err>
      </testcase>
      <testcase name="Test Cases/12-EL Sign/06-Send Documents (Select labels and drag)" time="49.668" classname="Test Cases/12-EL Sign/06-Send Documents (Select labels and drag)" status="PASSED">
         <system-out><![CDATA[2023-02-14 11:11:10 - [TEST_CASE][PASSED] - Test Cases/12-EL Sign/06-Send Documents (Select labels and drag): Test Cases/12-EL Sign/06-Send Documents (Select labels and drag)

2023-02-14 11:11:12 - [TEST_STEP][PASSED] - click(findTestObject("12-EL Sign/button_createGG TESTERSign here")): Object: 'Object Repository/12-EL Sign/button_createGG TESTERSign here' is clicked on

2023-02-14 11:11:13 - [MESSAGE][PASSED] - Object: 'Object Repository/12-EL Sign/button_createGG TESTERSign here' is clicked on

2023-02-14 11:11:13 - [TEST_STEP][PASSED] - click(findTestObject("12-EL Sign/div_create-draggable")): Object: 'Object Repository/12-EL Sign/div_create-draggable' is clicked on

2023-02-14 11:11:15 - [MESSAGE][PASSED] - Object: 'Object Repository/12-EL Sign/div_create-draggable' is clicked on

2023-02-14 11:11:15 - [TEST_STEP][PASSED] - click(findTestObject("12-EL Sign/button_clear")): Object: 'Object Repository/12-EL Sign/button_clear' is clicked on

2023-02-14 11:11:16 - [MESSAGE][PASSED] - Object: 'Object Repository/12-EL Sign/button_clear' is clicked on

2023-02-14 11:11:16 - [TEST_STEP][PASSED] - verifyElementVisible(findTestObject("12-EL Sign/mat-dialog-container_Do you confirm the deletion of this ELSign fieldModal")): Object 'Object Repository/12-EL Sign/mat-dialog-container_Do you confirm the deletion of this ELSign fieldModal' is visible

2023-02-14 11:11:17 - [MESSAGE][PASSED] - Object 'Object Repository/12-EL Sign/mat-dialog-container_Do you confirm the deletion of this ELSign fieldModal' is visible

2023-02-14 11:11:17 - [TEST_STEP][PASSED] - click(findTestObject("12-EL Sign/button_No")): Object: 'Object Repository/12-EL Sign/button_No' is clicked on

2023-02-14 11:11:17 - [MESSAGE][PASSED] - Object: 'Object Repository/12-EL Sign/button_No' is clicked on

2023-02-14 11:11:17 - [TEST_STEP][PASSED] - click(findTestObject("12-EL Sign/button_clear")): Object: 'Object Repository/12-EL Sign/button_clear' is clicked on

2023-02-14 11:11:19 - [MESSAGE][PASSED] - Object: 'Object Repository/12-EL Sign/button_clear' is clicked on

2023-02-14 11:11:19 - [TEST_STEP][PASSED] - delay(3): Delayed 3 second(s)

2023-02-14 11:11:22 - [MESSAGE][PASSED] - Delayed 3 second(s)

2023-02-14 11:11:22 - [TEST_STEP][PASSED] - click(findTestObject("12-EL Sign/button_Yes")): Object: 'Object Repository/12-EL Sign/button_Yes' is clicked on

2023-02-14 11:11:22 - [MESSAGE][PASSED] - Object: 'Object Repository/12-EL Sign/button_Yes' is clicked on

2023-02-14 11:11:22 - [TEST_STEP][PASSED] - delay(3): Delayed 3 second(s)

2023-02-14 11:11:26 - [MESSAGE][PASSED] - Delayed 3 second(s)

2023-02-14 11:11:26 - [TEST_STEP][PASSED] - click(findTestObject("12-EL Sign/button_createGG TESTERSign here")): Object: 'Object Repository/12-EL Sign/button_createGG TESTERSign here' is clicked on

2023-02-14 11:11:26 - [MESSAGE][PASSED] - Object: 'Object Repository/12-EL Sign/button_createGG TESTERSign here' is clicked on

2023-02-14 11:11:26 - [TEST_STEP][PASSED] - click(findTestObject("12-EL Sign/button_calendarGG TESTERDate signed")): Object: 'Object Repository/12-EL Sign/button_calendarGG TESTERDate signed' is clicked on

2023-02-14 11:11:34 - [MESSAGE][PASSED] - Object: 'Object Repository/12-EL Sign/button_calendarGG TESTERDate signed' is clicked on

2023-02-14 11:11:34 - [TEST_STEP][PASSED] - click(findTestObject("12-EL Sign/button_person_pinGG TESTERInitial here")): Object: 'Object Repository/12-EL Sign/button_person_pinGG TESTERInitial here' is clicked on

2023-02-14 11:11:40 - [MESSAGE][PASSED] - Object: 'Object Repository/12-EL Sign/button_person_pinGG TESTERInitial here' is clicked on

2023-02-14 11:11:40 - [TEST_STEP][PASSED] - delay(3): Delayed 3 second(s)

2023-02-14 11:11:43 - [MESSAGE][PASSED] - Delayed 3 second(s)

2023-02-14 11:11:43 - [TEST_STEP][PASSED] - dragAndDropByOffset(findTestObject("12-EL Sign/div_usericon-draggable"), 3, 30): Dragged object with id 'Object Repository/12-EL Sign/div_usericon-draggable' by offset distance x = 3 and y = 30 successfully

2023-02-14 11:11:45 - [MESSAGE][PASSED] - Dragged object with id 'Object Repository/12-EL Sign/div_usericon-draggable' by offset distance x = 3 and y = 30 successfully

2023-02-14 11:11:45 - [TEST_STEP][PASSED] - dragAndDropByOffset(findTestObject("12-EL Sign/div_calendar-draggable"), 3, 60): Dragged object with id 'Object Repository/12-EL Sign/div_calendar-draggable' by offset distance x = 3 and y = 60 successfully

2023-02-14 11:11:46 - [MESSAGE][PASSED] - Dragged object with id 'Object Repository/12-EL Sign/div_calendar-draggable' by offset distance x = 3 and y = 60 successfully

2023-02-14 11:11:46 - [TEST_STEP][PASSED] - click(findTestObject("12-EL Sign/span_COMPLETE")): Object: 'Object Repository/12-EL Sign/span_COMPLETE' is clicked on

2023-02-14 11:11:48 - [MESSAGE][PASSED] - Object: 'Object Repository/12-EL Sign/span_COMPLETE' is clicked on

2023-02-14 11:11:48 - [TEST_STEP][PASSED] - delay(3): Delayed 3 second(s)

2023-02-14 11:11:51 - [MESSAGE][PASSED] - Delayed 3 second(s)

2023-02-14 11:11:51 - [TEST_STEP][PASSED] - verifyElementVisible(findTestObject("12-EL Sign/th_Send ELSign Invite")): Object 'Object Repository/12-EL Sign/th_Send ELSign Invite' is visible

2023-02-14 11:11:51 - [MESSAGE][PASSED] - Object 'Object Repository/12-EL Sign/th_Send ELSign Invite' is visible

2023-02-14 11:11:51 - [TEST_STEP][PASSED] - scrollToElement(findTestObject("12-EL Sign/div_Dear ReceiverName"), 0): Scroll to object 'Object Repository/12-EL Sign/div_Dear ReceiverName' successfully

2023-02-14 11:11:52 - [MESSAGE][WARNING] - Timeout '0' is invalid. Using default page load timeout: '30'

2023-02-14 11:11:52 - [MESSAGE][PASSED] - Scroll to object 'Object Repository/12-EL Sign/div_Dear ReceiverName' successfully

2023-02-14 11:11:52 - [TEST_STEP][PASSED] - scrollToElement(findTestObject("12-EL Sign/th_Send ELSign Invite"), 0): Scroll to object 'Object Repository/12-EL Sign/th_Send ELSign Invite' successfully

2023-02-14 11:11:53 - [MESSAGE][WARNING] - Timeout '0' is invalid. Using default page load timeout: '30'

2023-02-14 11:11:53 - [MESSAGE][PASSED] - Scroll to object 'Object Repository/12-EL Sign/th_Send ELSign Invite' successfully

2023-02-14 11:11:53 - [TEST_STEP][PASSED] - delay(3): Delayed 3 second(s)

2023-02-14 11:11:56 - [MESSAGE][PASSED] - Delayed 3 second(s)

2023-02-14 11:11:56 - [TEST_STEP][PASSED] - click(findTestObject("12-EL Sign/button_sendSend Invite")): Object: 'Object Repository/12-EL Sign/button_sendSend Invite' is clicked on

2023-02-14 11:11:57 - [MESSAGE][PASSED] - Object: 'Object Repository/12-EL Sign/button_sendSend Invite' is clicked on

2023-02-14 11:11:57 - [TEST_STEP][PASSED] - delay(3): Delayed 3 second(s)

2023-02-14 11:12:00 - [MESSAGE][PASSED] - Delayed 3 second(s)]]></system-out>
         <system-err><![CDATA[]]></system-err>
      </testcase>
      <testcase name="Test Cases/12-EL Sign/07-Send Documents (Signer Status)" time="9.459" classname="Test Cases/12-EL Sign/07-Send Documents (Signer Status)" status="PASSED">
         <system-out><![CDATA[2023-02-14 11:12:00 - [TEST_CASE][PASSED] - Test Cases/12-EL Sign/07-Send Documents (Signer Status): Test Cases/12-EL Sign/07-Send Documents (Signer Status)

2023-02-14 11:12:01 - [TEST_STEP][PASSED] - click(findTestObject("12-EL Sign/button_person_add-SignerStatus")): Object: 'Object Repository/12-EL Sign/button_person_add-SignerStatus' is clicked on

2023-02-14 11:12:03 - [MESSAGE][PASSED] - Object: 'Object Repository/12-EL Sign/button_person_add-SignerStatus' is clicked on

2023-02-14 11:12:03 - [TEST_STEP][PASSED] - verifyElementVisible(findTestObject("12-EL Sign/mat-toolbar_Signers ELSign Status")): Object 'Object Repository/12-EL Sign/mat-toolbar_Signers ELSign Status' is visible

2023-02-14 11:12:06 - [MESSAGE][PASSED] - Object 'Object Repository/12-EL Sign/mat-toolbar_Signers ELSign Status' is visible

2023-02-14 11:12:06 - [TEST_STEP][PASSED] - click(findTestObject("12-EL Sign/button_OK")): Object: 'Object Repository/12-EL Sign/button_OK' is clicked on

2023-02-14 11:12:06 - [MESSAGE][PASSED] - Object: 'Object Repository/12-EL Sign/button_OK' is clicked on

2023-02-14 11:12:06 - [TEST_STEP][PASSED] - delay(3): Delayed 3 second(s)

2023-02-14 11:12:09 - [MESSAGE][PASSED] - Delayed 3 second(s)]]></system-out>
         <system-err><![CDATA[]]></system-err>
      </testcase>
      <testcase name="Test Cases/12-EL Sign/08-Send Documents (View Document and History)" time="14.494" classname="Test Cases/12-EL Sign/08-Send Documents (View Document and History)" status="PASSED">
         <system-out><![CDATA[2023-02-14 11:12:09 - [TEST_CASE][PASSED] - Test Cases/12-EL Sign/08-Send Documents (View Document and History): Test Cases/12-EL Sign/08-Send Documents (View Document and History)

2023-02-14 11:12:11 - [TEST_STEP][PASSED] - click(findTestObject("12-EL Sign/button_visibility")): Object: 'Object Repository/12-EL Sign/button_visibility' is clicked on

2023-02-14 11:12:12 - [MESSAGE][PASSED] - Object: 'Object Repository/12-EL Sign/button_visibility' is clicked on

2023-02-14 11:12:12 - [TEST_STEP][PASSED] - switchToWindowIndex(1): Switched to window with index: '1'

2023-02-14 11:12:13 - [MESSAGE][PASSED] - Switched to window with index: '1'

2023-02-14 11:12:13 - [TEST_STEP][PASSED] - closeWindowIndex(1): Window with index 1 is closed

2023-02-14 11:12:14 - [MESSAGE][PASSED] - Window with index 1 is closed

2023-02-14 11:12:14 - [TEST_STEP][PASSED] - switchToWindowIndex(0): Switched to window with index: '0'

2023-02-14 11:12:14 - [MESSAGE][PASSED] - Switched to window with index: '0'

2023-02-14 11:12:14 - [TEST_STEP][PASSED] - delay(3): Delayed 3 second(s)

2023-02-14 11:12:17 - [MESSAGE][PASSED] - Delayed 3 second(s)

2023-02-14 11:12:17 - [TEST_STEP][PASSED] - click(findTestObject("12-EL Sign/button_history")): Object: 'Object Repository/12-EL Sign/button_history' is clicked on

2023-02-14 11:12:18 - [MESSAGE][PASSED] - Object: 'Object Repository/12-EL Sign/button_history' is clicked on

2023-02-14 11:12:18 - [TEST_STEP][PASSED] - verifyElementVisible(findTestObject("12-EL Sign/mat-dialog-container-historyModal")): Object 'Object Repository/12-EL Sign/mat-dialog-container-historyModal' is visible

2023-02-14 11:12:19 - [MESSAGE][PASSED] - Object 'Object Repository/12-EL Sign/mat-dialog-container-historyModal' is visible

2023-02-14 11:12:19 - [TEST_STEP][PASSED] - verifyElementVisible(findTestObject("12-EL Sign/td_historyName")): Object 'Object Repository/12-EL Sign/td_historyName' is visible

2023-02-14 11:12:20 - [MESSAGE][PASSED] - Object 'Object Repository/12-EL Sign/td_historyName' is visible

2023-02-14 11:12:20 - [TEST_STEP][PASSED] - doubleClick(findTestObject("12-EL Sign/button_CANCEL2")): Object: 'Object Repository/12-EL Sign/button_CANCEL2' is double clicked on

2023-02-14 11:12:21 - [MESSAGE][PASSED] - Object: 'Object Repository/12-EL Sign/button_CANCEL2' is double clicked on

2023-02-14 11:12:21 - [TEST_STEP][PASSED] - delay(3): Delayed 3 second(s)

2023-02-14 11:12:24 - [MESSAGE][PASSED] - Delayed 3 second(s)]]></system-out>
         <system-err><![CDATA[]]></system-err>
      </testcase>
      <testcase name="Test Cases/12-EL Sign/09-Send Documents (Reminder)" time="34.046" classname="Test Cases/12-EL Sign/09-Send Documents (Reminder)" status="PASSED">
         <system-out><![CDATA[2023-02-14 11:12:24 - [TEST_CASE][PASSED] - Test Cases/12-EL Sign/09-Send Documents (Reminder): Test Cases/12-EL Sign/09-Send Documents (Reminder)

2023-02-14 11:12:25 - [TEST_STEP][PASSED] - click(findTestObject("12-EL Sign/button_reminder")): Object: 'Object Repository/12-EL Sign/button_reminder' is clicked on

2023-02-14 11:12:26 - [MESSAGE][PASSED] - Object: 'Object Repository/12-EL Sign/button_reminder' is clicked on

2023-02-14 11:12:26 - [TEST_STEP][PASSED] - verifyElementVisible(findTestObject("12-EL Sign/mat-dialog-container-reminderModal")): Object 'Object Repository/12-EL Sign/mat-dialog-container-reminderModal' is visible

2023-02-14 11:12:29 - [MESSAGE][PASSED] - Object 'Object Repository/12-EL Sign/mat-dialog-container-reminderModal' is visible

2023-02-14 11:12:29 - [TEST_STEP][PASSED] - verifyElementVisible(findTestObject("12-EL Sign/h6_Schedule ELSign receiver reminder")): Object 'Object Repository/12-EL Sign/h6_Schedule ELSign receiver reminder' is visible

2023-02-14 11:12:30 - [MESSAGE][PASSED] - Object 'Object Repository/12-EL Sign/h6_Schedule ELSign receiver reminder' is visible

2023-02-14 11:12:30 - [TEST_STEP][PASSED] - doubleClick(findTestObject("12-EL Sign/button_CANCEL3")): Object: 'Object Repository/12-EL Sign/button_CANCEL3' is double clicked on

2023-02-14 11:12:31 - [MESSAGE][PASSED] - Object: 'Object Repository/12-EL Sign/button_CANCEL3' is double clicked on

2023-02-14 11:12:31 - [TEST_STEP][PASSED] - delay(3): Delayed 3 second(s)

2023-02-14 11:12:34 - [MESSAGE][PASSED] - Delayed 3 second(s)

2023-02-14 11:12:34 - [TEST_STEP][PASSED] - click(findTestObject("12-EL Sign/button_reminder")): Object: 'Object Repository/12-EL Sign/button_reminder' is clicked on

2023-02-14 11:12:34 - [MESSAGE][PASSED] - Object: 'Object Repository/12-EL Sign/button_reminder' is clicked on

2023-02-14 11:12:34 - [TEST_STEP][PASSED] - click(findTestObject("12-EL Sign/checkbox_recipients")): Object: 'Object Repository/12-EL Sign/checkbox_recipients' is clicked on

2023-02-14 11:12:37 - [MESSAGE][PASSED] - Object: 'Object Repository/12-EL Sign/checkbox_recipients' is clicked on

2023-02-14 11:12:37 - [TEST_STEP][PASSED] - click(findTestObject("12-EL Sign/checkbox_SendReminderNow")): Object: 'Object Repository/12-EL Sign/checkbox_SendReminderNow' is clicked on

2023-02-14 11:12:38 - [MESSAGE][PASSED] - Object: 'Object Repository/12-EL Sign/checkbox_SendReminderNow' is clicked on

2023-02-14 11:12:38 - [TEST_STEP][PASSED] - click(findTestObject("12-EL Sign/div_daysDropdown")): Object: 'Object Repository/12-EL Sign/div_daysDropdown' is clicked on

2023-02-14 11:12:39 - [MESSAGE][PASSED] - Object: 'Object Repository/12-EL Sign/div_daysDropdown' is clicked on

2023-02-14 11:12:39 - [TEST_STEP][PASSED] - delay(3): Delayed 3 second(s)

2023-02-14 11:12:42 - [MESSAGE][PASSED] - Delayed 3 second(s)

2023-02-14 11:12:42 - [TEST_STEP][PASSED] - click(findTestObject("12-EL Sign/mat-option_2")): Object: 'Object Repository/12-EL Sign/mat-option_2' is clicked on

2023-02-14 11:12:43 - [MESSAGE][PASSED] - Object: 'Object Repository/12-EL Sign/mat-option_2' is clicked on

2023-02-14 11:12:43 - [TEST_STEP][PASSED] - delay(3): Delayed 3 second(s)

2023-02-14 11:12:46 - [MESSAGE][PASSED] - Delayed 3 second(s)

2023-02-14 11:12:46 - [TEST_STEP][PASSED] - click(findTestObject("12-EL Sign/button_Save Schedule")): Object: 'Object Repository/12-EL Sign/button_Save Schedule' is clicked on

2023-02-14 11:12:47 - [MESSAGE][PASSED] - Object: 'Object Repository/12-EL Sign/button_Save Schedule' is clicked on

2023-02-14 11:12:47 - [TEST_STEP][PASSED] - delay(3): Delayed 3 second(s)

2023-02-14 11:12:50 - [MESSAGE][PASSED] - Delayed 3 second(s)

2023-02-14 11:12:50 - [TEST_STEP][PASSED] - click(findTestObject("12-EL Sign/button_reminder")): Object: 'Object Repository/12-EL Sign/button_reminder' is clicked on

2023-02-14 11:12:51 - [MESSAGE][PASSED] - Object: 'Object Repository/12-EL Sign/button_reminder' is clicked on

2023-02-14 11:12:51 - [TEST_STEP][PASSED] - delay(3): Delayed 3 second(s)

2023-02-14 11:12:54 - [MESSAGE][PASSED] - Delayed 3 second(s)

2023-02-14 11:12:54 - [TEST_STEP][PASSED] - click(findTestObject("12-EL Sign/button_Delete Schedule")): Object: 'Object Repository/12-EL Sign/button_Delete Schedule' is clicked on

2023-02-14 11:12:55 - [MESSAGE][PASSED] - Object: 'Object Repository/12-EL Sign/button_Delete Schedule' is clicked on

2023-02-14 11:12:55 - [TEST_STEP][PASSED] - delay(3): Delayed 3 second(s)

2023-02-14 11:12:58 - [MESSAGE][PASSED] - Delayed 3 second(s)]]></system-out>
         <system-err><![CDATA[]]></system-err>
      </testcase>
      <system-out><![CDATA[2023-02-14 11:06:21 - [TEST_SUITE][PASSED] - 12.1-EL Sign (Send Documents): Test Cases/12-EL Sign/09-Send Documents (Reminder)]]></system-out>
      <system-err><![CDATA[]]></system-err>
   </testsuite>
</testsuites>
