<?xml version="1.0" encoding="UTF-8"?>
<testsuites name="06.1- Teams - Add" time="239.81" tests="2" failures="0" errors="0">
   <testsuite name="06.1- Teams - Add" tests="2" failures="0" errors="0" time="239.81" skipped="0" timestamp="2022-12-21 12:09:50" hostname="asus - DESKTOP-3L3J9C1" id="Test Suites/TS-Organization/06.1- Teams - Add">
      <properties>
         <property name="deviceName" value=""/>
         <property name="devicePlatform" value=""/>
         <property name="logFolder" value="C:\\Users\\asus\\Katalon Studio\\Everleagues\\Everleagues\\Reports\\20221221_120933\\TS-Organization\\06.1- Teams - Add\\20221221_120933"/>
         <property name="logFiles" value="C:\\Users\\asus\\Katalon Studio\\Everleagues\\Everleagues\\Reports\\20221221_120933\\TS-Organization\\06.1- Teams - Add\\20221221_120933\\execution0.log"/>
         <property name="attachments" value=""/>
         <property name="hostName" value="asus - DESKTOP-3L3J9C1"/>
         <property name="os" value="Windows 10 64bit"/>
         <property name="katalonVersion" value="8.4.1.208"/>
         <property name="browser" value="Chrome 108.0.0.0"/>
         <property name="hostAddress" value="192.168.5.82"/>
         <property name="sessionId" value="963aaa0967d0287bbf7779e8e53e039c"/>
         <property name="seleniumVersion" value="3.141.59"/>
         <property name="proxyInformation" value="ProxyInformation { proxyOption=NO_PROXY, proxyServerType=HTTP, username=, password=********, proxyServerAddress=, proxyServerPort=0, executionList=&quot;&quot;, isApplyToDesiredCapabilities=true }"/>
         <property name="platform" value="Windows 10"/>
      </properties>
      <testcase name="Test Cases/06- Teams/01- Add Team- Public" time="177.698" classname="Test Cases/06- Teams/01- Add Team- Public" status="PASSED">
         <system-out><![CDATA[2022-12-21 12:09:52 - [TEST_CASE][PASSED] - Test Cases/06- Teams/01- Add Team- Public: Test Cases/06- Teams/01- Add Team- Public

2022-12-21 12:09:54 - [TEST_STEP][PASSED] - openBrowser(""): Browser is opened with url: ''

2022-12-21 12:09:56 - [MESSAGE][INFO] - Starting 'Chrome' driver

2022-12-21 12:09:56 - [MESSAGE][INFO] - Action delay is set to 0 milliseconds

2022-12-21 12:10:08 - [MESSAGE][PASSED] - Browser is opened with url: ''

2022-12-21 12:10:08 - [TEST_STEP][PASSED] - navigateToUrl("https://lab.everleagues.com/"): Navigate to 'https://lab.everleagues.com/' successfully

2022-12-21 12:10:37 - [MESSAGE][PASSED] - Navigate to 'https://lab.everleagues.com/' successfully

2022-12-21 12:10:37 - [TEST_STEP][PASSED] - maximizeWindow(): Current window maximized

2022-12-21 12:10:37 - [MESSAGE][PASSED] - Current window maximized

2022-12-21 12:10:37 - [TEST_STEP][PASSED] - setText(findTestObject("02-Side Icons(Organization)/Add Contact/Email Field"), "testuser02@mailinator.com"): Text 'testuser02@mailinator.com' is set on object 'Object Repository/02-Side Icons(Organization)/Add Contact/Email Field'

2022-12-21 12:10:40 - [MESSAGE][PASSED] - Text 'testuser02@mailinator.com' is set on object 'Object Repository/02-Side Icons(Organization)/Add Contact/Email Field'

2022-12-21 12:10:40 - [TEST_STEP][PASSED] - setEncryptedText(findTestObject("02-Side Icons(Organization)/Add Contact/Password Field"), "8yFRyszE6U6jvsCn51OQbg=="): Text ****** has been set on object 'Object Repository/02-Side Icons(Organization)/Add Contact/Password Field'

2022-12-21 12:10:42 - [MESSAGE][PASSED] - Text ****** has been set on object 'Object Repository/02-Side Icons(Organization)/Add Contact/Password Field'

2022-12-21 12:10:42 - [TEST_STEP][PASSED] - click(findTestObject("02-Side Icons(Organization)/Add Contact/button_Sign in")): Object: 'Object Repository/02-Side Icons(Organization)/Add Contact/button_Sign in' is clicked on

2022-12-21 12:10:43 - [MESSAGE][PASSED] - Object: 'Object Repository/02-Side Icons(Organization)/Add Contact/button_Sign in' is clicked on

2022-12-21 12:10:43 - [TEST_STEP][PASSED] - delay(2): Delayed 2 second(s)

2022-12-21 12:10:45 - [MESSAGE][PASSED] - Delayed 2 second(s)

2022-12-21 12:10:45 - [TEST_STEP][PASSED] - click(findTestObject("06-Teams/For 2FA/button_Confirm_2FA")): Object: 'Object Repository/06-Teams/For 2FA/button_Confirm_2FA' is clicked on

2022-12-21 12:10:46 - [MESSAGE][PASSED] - Object: 'Object Repository/06-Teams/For 2FA/button_Confirm_2FA' is clicked on

2022-12-21 12:10:46 - [TEST_STEP][PASSED] - executeJavaScript("window.open();", []): Execute JavaScript 'window.open();' successfully

2022-12-21 12:10:47 - [MESSAGE][PASSED] - Execute JavaScript 'window.open();' successfully

2022-12-21 12:10:47 - [TEST_STEP][PASSED] - currentWindow = getWindowIndex(): Current window's index is: 0

2022-12-21 12:10:48 - [MESSAGE][PASSED] - Current window's index is: 0

2022-12-21 12:10:48 - [TEST_STEP][PASSED] - delay(3): Delayed 3 second(s)

2022-12-21 12:10:51 - [MESSAGE][PASSED] - Delayed 3 second(s)

2022-12-21 12:10:51 - [TEST_STEP][PASSED] - switchToWindowIndex(currentWindow + 1): Switched to window with index: '1'

2022-12-21 12:10:51 - [MESSAGE][PASSED] - Switched to window with index: '1'

2022-12-21 12:10:51 - [TEST_STEP][PASSED] - navigateToUrl("https://www.mailinator.com/"): Navigate to 'https://www.mailinator.com/' successfully

2022-12-21 12:11:04 - [MESSAGE][PASSED] - Navigate to 'https://www.mailinator.com/' successfully

2022-12-21 12:11:04 - [TEST_STEP][PASSED] - delay(3): Delayed 3 second(s)

2022-12-21 12:11:07 - [MESSAGE][PASSED] - Delayed 3 second(s)

2022-12-21 12:11:07 - [TEST_STEP][PASSED] - setText(findTestObject("00-Signup and Activation/zMailinator/input_LOGIN_search"), "testuser02@mailinator.com"): Text 'testuser02@mailinator.com' is set on object 'Object Repository/00-Signup and Activation/zMailinator/input_LOGIN_search'

2022-12-21 12:11:08 - [MESSAGE][PASSED] - Text 'testuser02@mailinator.com' is set on object 'Object Repository/00-Signup and Activation/zMailinator/input_LOGIN_search'

2022-12-21 12:11:08 - [TEST_STEP][PASSED] - click(findTestObject("00-Signup and Activation/zMailinator/gobutton"), STOP_ON_FAILURE): Object: 'Object Repository/00-Signup and Activation/zMailinator/gobutton' is clicked on

2022-12-21 12:11:12 - [MESSAGE][PASSED] - Object: 'Object Repository/00-Signup and Activation/zMailinator/gobutton' is clicked on

2022-12-21 12:11:12 - [TEST_STEP][PASSED] - delay(3): Delayed 3 second(s)

2022-12-21 12:11:15 - [MESSAGE][PASSED] - Delayed 3 second(s)

2022-12-21 12:11:15 - [TEST_STEP][PASSED] - click(findTestObject("00-Signup and Activation/zMailinator/Email - everleagues")): Object: 'Object Repository/00-Signup and Activation/zMailinator/Email - everleagues' is clicked on

2022-12-21 12:11:15 - [MESSAGE][PASSED] - Object: 'Object Repository/00-Signup and Activation/zMailinator/Email - everleagues' is clicked on

2022-12-21 12:11:15 - [TEST_STEP][PASSED] - delay(3): Delayed 3 second(s)

2022-12-21 12:11:18 - [MESSAGE][PASSED] - Delayed 3 second(s)

2022-12-21 12:11:18 - [TEST_STEP][PASSED] - code = getText(findTestObject("Object Repository/06-Teams/For 2FA/2FA code")): Text of object 'Object Repository/06-Teams/For 2FA/2FA code' is: '572057'

2022-12-21 12:11:20 - [MESSAGE][PASSED] - Text of object 'Object Repository/06-Teams/For 2FA/2FA code' is: '572057'

2022-12-21 12:11:20 - [TEST_STEP][PASSED] - delay(3): Delayed 3 second(s)

2022-12-21 12:11:23 - [MESSAGE][PASSED] - Delayed 3 second(s)

2022-12-21 12:11:23 - [TEST_STEP][PASSED] - closeWindowTitle("Mailinator"): Window with title: 'Mailinator' is closed

2022-12-21 12:11:24 - [MESSAGE][PASSED] - Window with title: 'Mailinator' is closed

2022-12-21 12:11:24 - [TEST_STEP][PASSED] - delay(3): Delayed 3 second(s)

2022-12-21 12:11:27 - [MESSAGE][PASSED] - Delayed 3 second(s)

2022-12-21 12:11:27 - [TEST_STEP][PASSED] - switchToWindowIndex(0): Switched to window with index: '0'

2022-12-21 12:11:27 - [MESSAGE][PASSED] - Switched to window with index: '0'

2022-12-21 12:11:27 - [TEST_STEP][PASSED] - delay(3): Delayed 3 second(s)

2022-12-21 12:11:30 - [MESSAGE][PASSED] - Delayed 3 second(s)

2022-12-21 12:11:30 - [TEST_STEP][PASSED] - setText(findTestObject("Object Repository/06-Teams/For 2FA/input_Enter verification code_code"), code): Text '572057' is set on object 'Object Repository/06-Teams/For 2FA/input_Enter verification code_code'

2022-12-21 12:11:31 - [MESSAGE][PASSED] - Text '572057' is set on object 'Object Repository/06-Teams/For 2FA/input_Enter verification code_code'

2022-12-21 12:11:31 - [TEST_STEP][PASSED] - delay(3): Delayed 3 second(s)

2022-12-21 12:11:34 - [MESSAGE][PASSED] - Delayed 3 second(s)

2022-12-21 12:11:34 - [TEST_STEP][PASSED] - click(findTestObject("06-Teams/For 2FA/button_Verify_2FA")): Object: 'Object Repository/06-Teams/For 2FA/button_Verify_2FA' is clicked on

2022-12-21 12:11:37 - [MESSAGE][PASSED] - Object: 'Object Repository/06-Teams/For 2FA/button_Verify_2FA' is clicked on

2022-12-21 12:11:37 - [TEST_STEP][PASSED] - delay(5): Delayed 5 second(s)

2022-12-21 12:11:42 - [MESSAGE][PASSED] - Delayed 5 second(s)

2022-12-21 12:11:42 - [TEST_STEP][PASSED] - click(findTestObject("06-Teams/button_doublearrow")): Object: 'Object Repository/06-Teams/button_doublearrow' is clicked on

2022-12-21 12:11:45 - [MESSAGE][PASSED] - Object: 'Object Repository/06-Teams/button_doublearrow' is clicked on

2022-12-21 12:11:45 - [TEST_STEP][PASSED] - click(findTestObject("06-Teams/button_My Organizations")): Object: 'Object Repository/06-Teams/button_My Organizations' is clicked on

2022-12-21 12:11:46 - [MESSAGE][PASSED] - Object: 'Object Repository/06-Teams/button_My Organizations' is clicked on

2022-12-21 12:11:46 - [TEST_STEP][PASSED] - click(findTestObject("06-Teams/button_GG Automation")): Object: 'Object Repository/06-Teams/button_GG Automation' is clicked on

2022-12-21 12:11:47 - [MESSAGE][PASSED] - Object: 'Object Repository/06-Teams/button_GG Automation' is clicked on

2022-12-21 12:11:47 - [TEST_STEP][PASSED] - delay(4): Delayed 4 second(s)

2022-12-21 12:11:51 - [MESSAGE][PASSED] - Delayed 4 second(s)

2022-12-21 12:11:51 - [TEST_STEP][PASSED] - verifyElementVisible(findTestObject("06-Teams/span_GG Automation")): Object 'Object Repository/06-Teams/span_GG Automation' is visible

2022-12-21 12:11:52 - [MESSAGE][PASSED] - Object 'Object Repository/06-Teams/span_GG Automation' is visible

2022-12-21 12:11:52 - [TEST_STEP][PASSED] - delay(2): Delayed 2 second(s)

2022-12-21 12:11:54 - [MESSAGE][PASSED] - Delayed 2 second(s)

2022-12-21 12:11:54 - [TEST_STEP][PASSED] - click(findTestObject("03-Header Menu/Hamburger Button/div_Teams")): Object: 'Object Repository/03-Header Menu/Hamburger Button/div_Teams' is clicked on

2022-12-21 12:11:55 - [MESSAGE][PASSED] - Object: 'Object Repository/03-Header Menu/Hamburger Button/div_Teams' is clicked on

2022-12-21 12:11:55 - [TEST_STEP][PASSED] - delay(2): Delayed 2 second(s)

2022-12-21 12:11:57 - [MESSAGE][PASSED] - Delayed 2 second(s)

2022-12-21 12:11:57 - [TEST_STEP][PASSED] - verifyElementVisible(findTestObject("06-Teams/h4_TEAMS")): Object 'Object Repository/06-Teams/h4_TEAMS' is visible

2022-12-21 12:11:58 - [MESSAGE][PASSED] - Object 'Object Repository/06-Teams/h4_TEAMS' is visible

2022-12-21 12:11:58 - [TEST_STEP][PASSED] - delay(3): Delayed 3 second(s)

2022-12-21 12:12:01 - [MESSAGE][PASSED] - Delayed 3 second(s)

2022-12-21 12:12:01 - [TEST_STEP][PASSED] - click(findTestObject("06-Teams/Add Team")): Object: 'Object Repository/06-Teams/Add Team' is clicked on

2022-12-21 12:12:02 - [MESSAGE][PASSED] - Object: 'Object Repository/06-Teams/Add Team' is clicked on

2022-12-21 12:12:02 - [TEST_STEP][PASSED] - delay(3): Delayed 3 second(s)

2022-12-21 12:12:05 - [MESSAGE][PASSED] - Delayed 3 second(s)

2022-12-21 12:12:05 - [TEST_STEP][PASSED] - verifyElementVisible(findTestObject("06-Teams/button_Public")): Object 'Object Repository/06-Teams/button_Public' is visible

2022-12-21 12:12:06 - [MESSAGE][PASSED] - Object 'Object Repository/06-Teams/button_Public' is visible

2022-12-21 12:12:06 - [TEST_STEP][PASSED] - verifyElementVisible(findTestObject("06-Teams/button_Private")): Object 'Object Repository/06-Teams/button_Private' is visible

2022-12-21 12:12:08 - [MESSAGE][PASSED] - Object 'Object Repository/06-Teams/button_Private' is visible

2022-12-21 12:12:08 - [TEST_STEP][PASSED] - delay(3): Delayed 3 second(s)

2022-12-21 12:12:11 - [MESSAGE][PASSED] - Delayed 3 second(s)

2022-12-21 12:12:11 - [TEST_STEP][PASSED] - click(findTestObject("06-Teams/button_Public")): Object: 'Object Repository/06-Teams/button_Public' is clicked on

2022-12-21 12:12:12 - [MESSAGE][PASSED] - Object: 'Object Repository/06-Teams/button_Public' is clicked on

2022-12-21 12:12:12 - [TEST_STEP][PASSED] - verifyElementVisible(findTestObject("06-Teams/01-Add Team-Public/Add Team_Public")): Object 'Object Repository/06-Teams/01-Add Team-Public/Add Team_Public' is visible

2022-12-21 12:12:14 - [MESSAGE][PASSED] - Object 'Object Repository/06-Teams/01-Add Team-Public/Add Team_Public' is visible

2022-12-21 12:12:14 - [TEST_STEP][PASSED] - scrollToElement(findTestObject("06-Teams/01-Add Team-Public/button_Create"), 0): Scroll to object 'Object Repository/06-Teams/01-Add Team-Public/button_Create' successfully

2022-12-21 12:12:14 - [MESSAGE][WARNING] - Timeout '0' is invalid. Using default page load timeout: '30'

2022-12-21 12:12:15 - [MESSAGE][PASSED] - Scroll to object 'Object Repository/06-Teams/01-Add Team-Public/button_Create' successfully

2022-12-21 12:12:15 - [TEST_STEP][PASSED] - verifyElementNotClickable(findTestObject("06-Teams/01-Add Team-Public/button_Create")): Object 'Object Repository/06-Teams/01-Add Team-Public/button_Create' is NOT clickable

2022-12-21 12:12:16 - [MESSAGE][PASSED] - Object 'Object Repository/06-Teams/01-Add Team-Public/button_Create' is NOT clickable

2022-12-21 12:12:16 - [TEST_STEP][PASSED] - delay(3): Delayed 3 second(s)

2022-12-21 12:12:19 - [MESSAGE][PASSED] - Delayed 3 second(s)

2022-12-21 12:12:19 - [TEST_STEP][PASSED] - click(findTestObject("06-Teams/01-Add Team-Public/input_teamName")): Object: 'Object Repository/06-Teams/01-Add Team-Public/input_teamName' is clicked on

2022-12-21 12:12:21 - [MESSAGE][PASSED] - Object: 'Object Repository/06-Teams/01-Add Team-Public/input_teamName' is clicked on

2022-12-21 12:12:21 - [TEST_STEP][PASSED] - click(findTestObject("06-Teams/01-Add Team-Public/Org unit")): Object: 'Object Repository/06-Teams/01-Add Team-Public/Org unit' is clicked on

2022-12-21 12:12:22 - [MESSAGE][PASSED] - Object: 'Object Repository/06-Teams/01-Add Team-Public/Org unit' is clicked on

2022-12-21 12:12:22 - [TEST_STEP][PASSED] - verifyElementVisible(findTestObject("06-Teams/01-Add Team-Public/h4_Select an organization unit")): Object 'Object Repository/06-Teams/01-Add Team-Public/h4_Select an organization unit' is visible

2022-12-21 12:12:24 - [MESSAGE][PASSED] - Object 'Object Repository/06-Teams/01-Add Team-Public/h4_Select an organization unit' is visible

2022-12-21 12:12:24 - [TEST_STEP][PASSED] - delay(3): Delayed 3 second(s)

2022-12-21 12:12:27 - [MESSAGE][PASSED] - Delayed 3 second(s)

2022-12-21 12:12:27 - [TEST_STEP][PASSED] - click(findTestObject("06-Teams/01-Add Team-Public/div_GG Automation")): Object: 'Object Repository/06-Teams/01-Add Team-Public/div_GG Automation' is clicked on

2022-12-21 12:12:28 - [MESSAGE][PASSED] - Object: 'Object Repository/06-Teams/01-Add Team-Public/div_GG Automation' is clicked on

2022-12-21 12:12:28 - [TEST_STEP][PASSED] - click(findTestObject("06-Teams/01-Add Team-Public/button_Select")): Object: 'Object Repository/06-Teams/01-Add Team-Public/button_Select' is clicked on

2022-12-21 12:12:29 - [MESSAGE][PASSED] - Object: 'Object Repository/06-Teams/01-Add Team-Public/button_Select' is clicked on

2022-12-21 12:12:29 - [TEST_STEP][PASSED] - verifyElementVisible(findTestObject("06-Teams/01-Add Team-Public/Error Team name")): Object 'Object Repository/06-Teams/01-Add Team-Public/Error Team name' is visible

2022-12-21 12:12:30 - [MESSAGE][PASSED] - Object 'Object Repository/06-Teams/01-Add Team-Public/Error Team name' is visible

2022-12-21 12:12:30 - [TEST_STEP][PASSED] - delay(3): Delayed 3 second(s)

2022-12-21 12:12:33 - [MESSAGE][PASSED] - Delayed 3 second(s)

2022-12-21 12:12:33 - [TEST_STEP][PASSED] - setText(findTestObject("06-Teams/01-Add Team-Public/input_teamName"), "Auto Team Public"): Text 'Auto Team Public' is set on object 'Object Repository/06-Teams/01-Add Team-Public/input_teamName'

2022-12-21 12:12:36 - [MESSAGE][PASSED] - Text 'Auto Team Public' is set on object 'Object Repository/06-Teams/01-Add Team-Public/input_teamName'

2022-12-21 12:12:36 - [TEST_STEP][PASSED] - scrollToElement(findTestObject("06-Teams/01-Add Team-Public/button_Create"), 0): Scroll to object 'Object Repository/06-Teams/01-Add Team-Public/button_Create' successfully

2022-12-21 12:12:37 - [MESSAGE][WARNING] - Timeout '0' is invalid. Using default page load timeout: '30'

2022-12-21 12:12:37 - [MESSAGE][PASSED] - Scroll to object 'Object Repository/06-Teams/01-Add Team-Public/button_Create' successfully

2022-12-21 12:12:37 - [TEST_STEP][PASSED] - click(findTestObject("06-Teams/01-Add Team-Public/button_Create")): Object: 'Object Repository/06-Teams/01-Add Team-Public/button_Create' is clicked on

2022-12-21 12:12:38 - [MESSAGE][PASSED] - Object: 'Object Repository/06-Teams/01-Add Team-Public/button_Create' is clicked on

2022-12-21 12:12:38 - [TEST_STEP][PASSED] - delay(3): Delayed 3 second(s)

2022-12-21 12:12:41 - [MESSAGE][PASSED] - Delayed 3 second(s)

2022-12-21 12:12:41 - [TEST_STEP][PASSED] - verifyElementVisible(findTestObject("06-Teams/01-Add Team-Public/span_Successfully added new team")): Object 'Object Repository/06-Teams/01-Add Team-Public/span_Successfully added new team' is visible

2022-12-21 12:12:42 - [MESSAGE][PASSED] - Object 'Object Repository/06-Teams/01-Add Team-Public/span_Successfully added new team' is visible

2022-12-21 12:12:42 - [TEST_STEP][PASSED] - delay(3): Delayed 3 second(s)

2022-12-21 12:12:45 - [MESSAGE][PASSED] - Delayed 3 second(s)

2022-12-21 12:12:45 - [TEST_STEP][PASSED] - verifyElementVisible(findTestObject("06-Teams/01-Add Team-Public/span_Auto Team Public")): Object 'Object Repository/06-Teams/01-Add Team-Public/span_Auto Team Public' is visible

2022-12-21 12:12:46 - [MESSAGE][PASSED] - Object 'Object Repository/06-Teams/01-Add Team-Public/span_Auto Team Public' is visible

2022-12-21 12:12:46 - [TEST_STEP][PASSED] - delay(3): Delayed 3 second(s)

2022-12-21 12:12:49 - [MESSAGE][PASSED] - Delayed 3 second(s)]]></system-out>
         <system-err><![CDATA[]]></system-err>
      </testcase>
      <testcase name="Test Cases/06- Teams/02-Add Team-Private" time="60.648" classname="Test Cases/06- Teams/02-Add Team-Private" status="PASSED">
         <system-out><![CDATA[2022-12-21 12:12:50 - [TEST_CASE][PASSED] - Test Cases/06- Teams/02-Add Team-Private: Test Cases/06- Teams/02-Add Team-Private

2022-12-21 12:12:52 - [TEST_STEP][PASSED] - click(findTestObject("06-Teams/Add Team")): Object: 'Object Repository/06-Teams/Add Team' is clicked on

2022-12-21 12:12:53 - [MESSAGE][PASSED] - Object: 'Object Repository/06-Teams/Add Team' is clicked on

2022-12-21 12:12:53 - [TEST_STEP][PASSED] - delay(3): Delayed 3 second(s)

2022-12-21 12:12:56 - [MESSAGE][PASSED] - Delayed 3 second(s)

2022-12-21 12:12:56 - [TEST_STEP][PASSED] - verifyElementVisible(findTestObject("06-Teams/button_Public")): Object 'Object Repository/06-Teams/button_Public' is visible

2022-12-21 12:12:56 - [MESSAGE][PASSED] - Object 'Object Repository/06-Teams/button_Public' is visible

2022-12-21 12:12:56 - [TEST_STEP][PASSED] - verifyElementVisible(findTestObject("06-Teams/button_Private")): Object 'Object Repository/06-Teams/button_Private' is visible

2022-12-21 12:12:57 - [MESSAGE][PASSED] - Object 'Object Repository/06-Teams/button_Private' is visible

2022-12-21 12:12:57 - [TEST_STEP][PASSED] - delay(3): Delayed 3 second(s)

2022-12-21 12:13:00 - [MESSAGE][PASSED] - Delayed 3 second(s)

2022-12-21 12:13:00 - [TEST_STEP][PASSED] - click(findTestObject("06-Teams/button_Private")): Object: 'Object Repository/06-Teams/button_Private' is clicked on

2022-12-21 12:13:02 - [MESSAGE][PASSED] - Object: 'Object Repository/06-Teams/button_Private' is clicked on

2022-12-21 12:13:02 - [TEST_STEP][PASSED] - delay(3): Delayed 3 second(s)

2022-12-21 12:13:05 - [MESSAGE][PASSED] - Delayed 3 second(s)

2022-12-21 12:13:05 - [TEST_STEP][PASSED] - verifyElementVisible(findTestObject("06-Teams/02-Add Team-Private/Add team- Private")): Object 'Object Repository/06-Teams/02-Add Team-Private/Add team- Private' is visible

2022-12-21 12:13:06 - [MESSAGE][PASSED] - Object 'Object Repository/06-Teams/02-Add Team-Private/Add team- Private' is visible

2022-12-21 12:13:06 - [TEST_STEP][PASSED] - verifyElementVisible(findTestObject("06-Teams/02-Add Team-Private/div_Settings")): Object 'Object Repository/06-Teams/02-Add Team-Private/div_Settings' is visible

2022-12-21 12:13:07 - [MESSAGE][PASSED] - Object 'Object Repository/06-Teams/02-Add Team-Private/div_Settings' is visible

2022-12-21 12:13:07 - [TEST_STEP][PASSED] - verifyElementVisible(findTestObject("06-Teams/02-Add Team-Private/div_Members")): Object 'Object Repository/06-Teams/02-Add Team-Private/div_Members' is visible

2022-12-21 12:13:08 - [MESSAGE][PASSED] - Object 'Object Repository/06-Teams/02-Add Team-Private/div_Members' is visible

2022-12-21 12:13:08 - [TEST_STEP][PASSED] - scrollToElement(findTestObject("06-Teams/01-Add Team-Public/button_Create"), 0): Scroll to object 'Object Repository/06-Teams/01-Add Team-Public/button_Create' successfully

2022-12-21 12:13:08 - [MESSAGE][WARNING] - Timeout '0' is invalid. Using default page load timeout: '30'

2022-12-21 12:13:09 - [MESSAGE][PASSED] - Scroll to object 'Object Repository/06-Teams/01-Add Team-Public/button_Create' successfully

2022-12-21 12:13:09 - [TEST_STEP][PASSED] - verifyElementNotClickable(findTestObject("06-Teams/01-Add Team-Public/button_Create")): Object 'Object Repository/06-Teams/01-Add Team-Public/button_Create' is NOT clickable

2022-12-21 12:13:09 - [MESSAGE][PASSED] - Object 'Object Repository/06-Teams/01-Add Team-Public/button_Create' is NOT clickable

2022-12-21 12:13:09 - [TEST_STEP][PASSED] - delay(3): Delayed 3 second(s)

2022-12-21 12:13:12 - [MESSAGE][PASSED] - Delayed 3 second(s)

2022-12-21 12:13:12 - [TEST_STEP][PASSED] - click(findTestObject("06-Teams/01-Add Team-Public/input_teamName")): Object: 'Object Repository/06-Teams/01-Add Team-Public/input_teamName' is clicked on

2022-12-21 12:13:13 - [MESSAGE][PASSED] - Object: 'Object Repository/06-Teams/01-Add Team-Public/input_teamName' is clicked on

2022-12-21 12:13:13 - [TEST_STEP][PASSED] - click(findTestObject("06-Teams/01-Add Team-Public/Org unit")): Object: 'Object Repository/06-Teams/01-Add Team-Public/Org unit' is clicked on

2022-12-21 12:13:14 - [MESSAGE][PASSED] - Object: 'Object Repository/06-Teams/01-Add Team-Public/Org unit' is clicked on

2022-12-21 12:13:14 - [TEST_STEP][PASSED] - verifyElementVisible(findTestObject("06-Teams/01-Add Team-Public/h4_Select an organization unit")): Object 'Object Repository/06-Teams/01-Add Team-Public/h4_Select an organization unit' is visible

2022-12-21 12:13:16 - [MESSAGE][PASSED] - Object 'Object Repository/06-Teams/01-Add Team-Public/h4_Select an organization unit' is visible

2022-12-21 12:13:16 - [TEST_STEP][PASSED] - delay(3): Delayed 3 second(s)

2022-12-21 12:13:19 - [MESSAGE][PASSED] - Delayed 3 second(s)

2022-12-21 12:13:19 - [TEST_STEP][PASSED] - click(findTestObject("06-Teams/01-Add Team-Public/div_GG Automation")): Object: 'Object Repository/06-Teams/01-Add Team-Public/div_GG Automation' is clicked on

2022-12-21 12:13:20 - [MESSAGE][PASSED] - Object: 'Object Repository/06-Teams/01-Add Team-Public/div_GG Automation' is clicked on

2022-12-21 12:13:20 - [TEST_STEP][PASSED] - click(findTestObject("06-Teams/01-Add Team-Public/button_Select")): Object: 'Object Repository/06-Teams/01-Add Team-Public/button_Select' is clicked on

2022-12-21 12:13:21 - [MESSAGE][PASSED] - Object: 'Object Repository/06-Teams/01-Add Team-Public/button_Select' is clicked on

2022-12-21 12:13:21 - [TEST_STEP][PASSED] - verifyElementVisible(findTestObject("06-Teams/01-Add Team-Public/Error Team name")): Object 'Object Repository/06-Teams/01-Add Team-Public/Error Team name' is visible

2022-12-21 12:13:22 - [MESSAGE][PASSED] - Object 'Object Repository/06-Teams/01-Add Team-Public/Error Team name' is visible

2022-12-21 12:13:22 - [TEST_STEP][PASSED] - delay(3): Delayed 3 second(s)

2022-12-21 12:13:25 - [MESSAGE][PASSED] - Delayed 3 second(s)

2022-12-21 12:13:25 - [TEST_STEP][PASSED] - setText(findTestObject("06-Teams/01-Add Team-Public/input_teamName"), "Auto Team Private"): Text 'Auto Team Private' is set on object 'Object Repository/06-Teams/01-Add Team-Public/input_teamName'

2022-12-21 12:13:28 - [MESSAGE][PASSED] - Text 'Auto Team Private' is set on object 'Object Repository/06-Teams/01-Add Team-Public/input_teamName'

2022-12-21 12:13:28 - [TEST_STEP][PASSED] - delay(3): Delayed 3 second(s)

2022-12-21 12:13:31 - [MESSAGE][PASSED] - Delayed 3 second(s)

2022-12-21 12:13:31 - [TEST_STEP][PASSED] - click(findTestObject("06-Teams/02-Add Team-Private/div_Members")): Object: 'Object Repository/06-Teams/02-Add Team-Private/div_Members' is clicked on

2022-12-21 12:13:32 - [MESSAGE][PASSED] - Object: 'Object Repository/06-Teams/02-Add Team-Private/div_Members' is clicked on

2022-12-21 12:13:32 - [TEST_STEP][PASSED] - verifyElementVisible(findTestObject("06-Teams/02-Add Team-Private/Members dialog box")): Object 'Object Repository/06-Teams/02-Add Team-Private/Members dialog box' is visible

2022-12-21 12:13:33 - [MESSAGE][PASSED] - Object 'Object Repository/06-Teams/02-Add Team-Private/Members dialog box' is visible

2022-12-21 12:13:33 - [TEST_STEP][PASSED] - delay(3): Delayed 3 second(s)

2022-12-21 12:13:36 - [MESSAGE][PASSED] - Delayed 3 second(s)

2022-12-21 12:13:36 - [TEST_STEP][PASSED] - scrollToElement(findTestObject("06-Teams/01-Add Team-Public/button_Create"), 0): Scroll to object 'Object Repository/06-Teams/01-Add Team-Public/button_Create' successfully

2022-12-21 12:13:36 - [MESSAGE][WARNING] - Timeout '0' is invalid. Using default page load timeout: '30'

2022-12-21 12:13:37 - [MESSAGE][PASSED] - Scroll to object 'Object Repository/06-Teams/01-Add Team-Public/button_Create' successfully

2022-12-21 12:13:37 - [TEST_STEP][PASSED] - click(findTestObject("06-Teams/01-Add Team-Public/button_Create")): Object: 'Object Repository/06-Teams/01-Add Team-Public/button_Create' is clicked on

2022-12-21 12:13:38 - [MESSAGE][PASSED] - Object: 'Object Repository/06-Teams/01-Add Team-Public/button_Create' is clicked on

2022-12-21 12:13:38 - [TEST_STEP][PASSED] - verifyElementVisible(findTestObject("06-Teams/01-Add Team-Public/span_Successfully added new team")): Object 'Object Repository/06-Teams/01-Add Team-Public/span_Successfully added new team' is visible

2022-12-21 12:13:40 - [MESSAGE][PASSED] - Object 'Object Repository/06-Teams/01-Add Team-Public/span_Successfully added new team' is visible

2022-12-21 12:13:40 - [TEST_STEP][PASSED] - delay(3): Delayed 3 second(s)

2022-12-21 12:13:43 - [MESSAGE][PASSED] - Delayed 3 second(s)

2022-12-21 12:13:43 - [TEST_STEP][PASSED] - verifyElementVisible(findTestObject("06-Teams/02-Add Team-Private/span_Auto Team Private")): Object 'Object Repository/06-Teams/02-Add Team-Private/span_Auto Team Private' is visible

2022-12-21 12:13:44 - [MESSAGE][PASSED] - Object 'Object Repository/06-Teams/02-Add Team-Private/span_Auto Team Private' is visible

2022-12-21 12:13:44 - [TEST_STEP][PASSED] - delay(3): Delayed 3 second(s)

2022-12-21 12:13:47 - [MESSAGE][PASSED] - Delayed 3 second(s)

2022-12-21 12:13:47 - [TEST_STEP][PASSED] - closeBrowser(): Browser is closed

2022-12-21 12:13:50 - [MESSAGE][PASSED] - Browser is closed]]></system-out>
         <system-err><![CDATA[]]></system-err>
      </testcase>
      <system-out><![CDATA[2022-12-21 12:09:50 - [TEST_SUITE][PASSED] - 06.1- Teams - Add: Test Cases/06- Teams/02-Add Team-Private]]></system-out>
      <system-err><![CDATA[]]></system-err>
   </testsuite>
</testsuites>
