<?xml version="1.0" encoding="UTF-8"?>
<testsuites name="09.5 - Settings (Organization)" time="529.406" tests="3" failures="0" errors="0">
   <testsuite name="09.5 - Settings (Organization)" tests="3" failures="0" errors="0" time="529.406" skipped="0" timestamp="2023-01-12 15:38:47" hostname="asus - DESKTOP-3L3J9C1" id="Test Suites/TS-Organization/09.5 - Settings (Organization)">
      <properties>
         <property name="deviceName" value=""/>
         <property name="devicePlatform" value=""/>
         <property name="logFolder" value="C:\\Users\\asus\\Katalon Studio\\Everleagues\\Everleagues\\Reports\\20230112_153834\\TS-Organization\\09.5 - Settings (Organization)\\20230112_153834"/>
         <property name="logFiles" value="C:\\Users\\asus\\Katalon Studio\\Everleagues\\Everleagues\\Reports\\20230112_153834\\TS-Organization\\09.5 - Settings (Organization)\\20230112_153834\\execution0.log"/>
         <property name="attachments" value=""/>
         <property name="hostName" value="asus - DESKTOP-3L3J9C1"/>
         <property name="os" value="Windows 10 64bit"/>
         <property name="katalonVersion" value="8.4.1.208"/>
         <property name="browser" value="Chrome 109.0.0.0"/>
         <property name="hostAddress" value="192.168.5.88"/>
         <property name="sessionId" value="0122c2a81e43c3a8c4d74718841d909d"/>
         <property name="seleniumVersion" value="3.141.59"/>
         <property name="proxyInformation" value="ProxyInformation { proxyOption=NO_PROXY, proxyServerType=HTTP, username=, password=********, proxyServerAddress=, proxyServerPort=0, executionList=&quot;&quot;, isApplyToDesiredCapabilities=true }"/>
         <property name="platform" value="Windows 10"/>
      </properties>
      <testcase name="Test Cases/09-Settings/23 - Organization - Profile Settings" time="380.378" classname="Test Cases/09-Settings/23 - Organization - Profile Settings" status="PASSED">
         <system-out><![CDATA[2023-01-12 15:38:48 - [TEST_CASE][PASSED] - Test Cases/09-Settings/23 - Organization - Profile Settings: Test Cases/09-Settings/23 - Organization - Profile Settings

2023-01-12 15:38:50 - [TEST_STEP][PASSED] - openBrowser(""): Browser is opened with url: ''

2023-01-12 15:38:52 - [MESSAGE][INFO] - Starting 'Chrome' driver

2023-01-12 15:38:52 - [MESSAGE][INFO] - Action delay is set to 0 milliseconds

2023-01-12 15:39:02 - [MESSAGE][PASSED] - Browser is opened with url: ''

2023-01-12 15:39:02 - [TEST_STEP][PASSED] - navigateToUrl("https://lab.everleagues.com/"): Navigate to 'https://lab.everleagues.com/' successfully

2023-01-12 15:41:52 - [MESSAGE][PASSED] - Navigate to 'https://lab.everleagues.com/' successfully

2023-01-12 15:41:52 - [TEST_STEP][PASSED] - maximizeWindow(): Current window maximized

2023-01-12 15:41:53 - [MESSAGE][PASSED] - Current window maximized

2023-01-12 15:41:53 - [TEST_STEP][PASSED] - setText(findTestObject("02-Side Icons(Organization)/Add Contact/Email Field"), "testuser02@mailinator.com"): Text 'testuser02@mailinator.com' is set on object 'Object Repository/02-Side Icons(Organization)/Add Contact/Email Field'

2023-01-12 15:41:55 - [MESSAGE][PASSED] - Text 'testuser02@mailinator.com' is set on object 'Object Repository/02-Side Icons(Organization)/Add Contact/Email Field'

2023-01-12 15:41:55 - [TEST_STEP][PASSED] - setEncryptedText(findTestObject("02-Side Icons(Organization)/Add Contact/Password Field"), "8yFRyszE6U6jvsCn51OQbg=="): Text ****** has been set on object 'Object Repository/02-Side Icons(Organization)/Add Contact/Password Field'

2023-01-12 15:41:57 - [MESSAGE][PASSED] - Text ****** has been set on object 'Object Repository/02-Side Icons(Organization)/Add Contact/Password Field'

2023-01-12 15:41:57 - [TEST_STEP][PASSED] - click(findTestObject("02-Side Icons(Organization)/Add Contact/button_Sign in")): Object: 'Object Repository/02-Side Icons(Organization)/Add Contact/button_Sign in' is clicked on

2023-01-12 15:41:58 - [MESSAGE][PASSED] - Object: 'Object Repository/02-Side Icons(Organization)/Add Contact/button_Sign in' is clicked on

2023-01-12 15:41:58 - [TEST_STEP][PASSED] - delay(2): Delayed 2 second(s)

2023-01-12 15:42:00 - [MESSAGE][PASSED] - Delayed 2 second(s)

2023-01-12 15:42:00 - [TEST_STEP][PASSED] - click(findTestObject("06-Teams/For 2FA/button_Confirm_2FA")): Object: 'Object Repository/06-Teams/For 2FA/button_Confirm_2FA' is clicked on

2023-01-12 15:42:01 - [MESSAGE][PASSED] - Object: 'Object Repository/06-Teams/For 2FA/button_Confirm_2FA' is clicked on

2023-01-12 15:42:01 - [TEST_STEP][PASSED] - executeJavaScript("window.open();", []): Execute JavaScript 'window.open();' successfully

2023-01-12 15:42:01 - [MESSAGE][PASSED] - Execute JavaScript 'window.open();' successfully

2023-01-12 15:42:01 - [TEST_STEP][PASSED] - currentWindow = getWindowIndex(): Current window's index is: 0

2023-01-12 15:42:02 - [MESSAGE][PASSED] - Current window's index is: 0

2023-01-12 15:42:02 - [TEST_STEP][PASSED] - delay(3): Delayed 3 second(s)

2023-01-12 15:42:05 - [MESSAGE][PASSED] - Delayed 3 second(s)

2023-01-12 15:42:05 - [TEST_STEP][PASSED] - switchToWindowIndex(currentWindow + 1): Switched to window with index: '1'

2023-01-12 15:42:05 - [MESSAGE][PASSED] - Switched to window with index: '1'

2023-01-12 15:42:05 - [TEST_STEP][PASSED] - navigateToUrl("https://www.mailinator.com/"): Navigate to 'https://www.mailinator.com/' successfully

2023-01-12 15:42:12 - [MESSAGE][PASSED] - Navigate to 'https://www.mailinator.com/' successfully

2023-01-12 15:42:12 - [TEST_STEP][PASSED] - delay(3): Delayed 3 second(s)

2023-01-12 15:42:15 - [MESSAGE][PASSED] - Delayed 3 second(s)

2023-01-12 15:42:15 - [TEST_STEP][PASSED] - setText(findTestObject("00-Signup and Activation/zMailinator/input_LOGIN_search"), "testuser02@mailinator.com"): Text 'testuser02@mailinator.com' is set on object 'Object Repository/00-Signup and Activation/zMailinator/input_LOGIN_search'

2023-01-12 15:42:17 - [MESSAGE][PASSED] - Text 'testuser02@mailinator.com' is set on object 'Object Repository/00-Signup and Activation/zMailinator/input_LOGIN_search'

2023-01-12 15:42:17 - [TEST_STEP][PASSED] - click(findTestObject("00-Signup and Activation/zMailinator/gobutton"), STOP_ON_FAILURE): Object: 'Object Repository/00-Signup and Activation/zMailinator/gobutton' is clicked on

2023-01-12 15:42:23 - [MESSAGE][PASSED] - Object: 'Object Repository/00-Signup and Activation/zMailinator/gobutton' is clicked on

2023-01-12 15:42:23 - [TEST_STEP][PASSED] - delay(3): Delayed 3 second(s)

2023-01-12 15:42:26 - [MESSAGE][PASSED] - Delayed 3 second(s)

2023-01-12 15:42:26 - [TEST_STEP][PASSED] - click(findTestObject("00-Signup and Activation/zMailinator/Email - everleagues")): Object: 'Object Repository/00-Signup and Activation/zMailinator/Email - everleagues' is clicked on

2023-01-12 15:42:27 - [MESSAGE][PASSED] - Object: 'Object Repository/00-Signup and Activation/zMailinator/Email - everleagues' is clicked on

2023-01-12 15:42:27 - [TEST_STEP][PASSED] - delay(3): Delayed 3 second(s)

2023-01-12 15:42:30 - [MESSAGE][PASSED] - Delayed 3 second(s)

2023-01-12 15:42:30 - [TEST_STEP][PASSED] - code = getText(findTestObject("Object Repository/06-Teams/For 2FA/2FA code")): Text of object 'Object Repository/06-Teams/For 2FA/2FA code' is: '668565'

2023-01-12 15:42:31 - [MESSAGE][PASSED] - Text of object 'Object Repository/06-Teams/For 2FA/2FA code' is: '668565'

2023-01-12 15:42:32 - [TEST_STEP][PASSED] - delay(3): Delayed 3 second(s)

2023-01-12 15:42:35 - [MESSAGE][PASSED] - Delayed 3 second(s)

2023-01-12 15:42:35 - [TEST_STEP][PASSED] - closeWindowTitle("Mailinator"): Window with title: 'Mailinator' is closed

2023-01-12 15:42:35 - [MESSAGE][PASSED] - Window with title: 'Mailinator' is closed

2023-01-12 15:42:35 - [TEST_STEP][PASSED] - delay(3): Delayed 3 second(s)

2023-01-12 15:42:38 - [MESSAGE][PASSED] - Delayed 3 second(s)

2023-01-12 15:42:38 - [TEST_STEP][PASSED] - switchToWindowIndex(0): Switched to window with index: '0'

2023-01-12 15:42:38 - [MESSAGE][PASSED] - Switched to window with index: '0'

2023-01-12 15:42:38 - [TEST_STEP][PASSED] - delay(3): Delayed 3 second(s)

2023-01-12 15:42:41 - [MESSAGE][PASSED] - Delayed 3 second(s)

2023-01-12 15:42:41 - [TEST_STEP][PASSED] - setText(findTestObject("Object Repository/06-Teams/For 2FA/input_Enter verification code_code"), code): Text '668565' is set on object 'Object Repository/06-Teams/For 2FA/input_Enter verification code_code'

2023-01-12 15:42:43 - [MESSAGE][PASSED] - Text '668565' is set on object 'Object Repository/06-Teams/For 2FA/input_Enter verification code_code'

2023-01-12 15:42:43 - [TEST_STEP][PASSED] - delay(3): Delayed 3 second(s)

2023-01-12 15:42:46 - [MESSAGE][PASSED] - Delayed 3 second(s)

2023-01-12 15:42:46 - [TEST_STEP][PASSED] - click(findTestObject("06-Teams/For 2FA/button_Verify_2FA")): Object: 'Object Repository/06-Teams/For 2FA/button_Verify_2FA' is clicked on

2023-01-12 15:42:47 - [MESSAGE][PASSED] - Object: 'Object Repository/06-Teams/For 2FA/button_Verify_2FA' is clicked on

2023-01-12 15:42:47 - [TEST_STEP][PASSED] - delay(5): Delayed 5 second(s)

2023-01-12 15:42:52 - [MESSAGE][PASSED] - Delayed 5 second(s)

2023-01-12 15:42:52 - [TEST_STEP][PASSED] - click(findTestObject("06-Teams/button_doublearrow")): Object: 'Object Repository/06-Teams/button_doublearrow' is clicked on

2023-01-12 15:42:54 - [MESSAGE][PASSED] - Object: 'Object Repository/06-Teams/button_doublearrow' is clicked on

2023-01-12 15:42:54 - [TEST_STEP][PASSED] - click(findTestObject("06-Teams/button_My Organizations")): Object: 'Object Repository/06-Teams/button_My Organizations' is clicked on

2023-01-12 15:42:55 - [MESSAGE][PASSED] - Object: 'Object Repository/06-Teams/button_My Organizations' is clicked on

2023-01-12 15:42:55 - [TEST_STEP][PASSED] - click(findTestObject("06-Teams/button_GG Automation")): Object: 'Object Repository/06-Teams/button_GG Automation' is clicked on

2023-01-12 15:42:57 - [MESSAGE][PASSED] - Object: 'Object Repository/06-Teams/button_GG Automation' is clicked on

2023-01-12 15:42:57 - [TEST_STEP][PASSED] - delay(4): Delayed 4 second(s)

2023-01-12 15:43:01 - [MESSAGE][PASSED] - Delayed 4 second(s)

2023-01-12 15:43:01 - [TEST_STEP][PASSED] - verifyElementVisible(findTestObject("06-Teams/span_GG Automation")): Object 'Object Repository/06-Teams/span_GG Automation' is visible

2023-01-12 15:43:03 - [MESSAGE][PASSED] - Object 'Object Repository/06-Teams/span_GG Automation' is visible

2023-01-12 15:43:03 - [TEST_STEP][PASSED] - delay(5): Delayed 5 second(s)

2023-01-12 15:43:08 - [MESSAGE][PASSED] - Delayed 5 second(s)

2023-01-12 15:43:08 - [TEST_STEP][PASSED] - click(findTestObject("03-Header Menu/Hamburger Button/div_Settings")): Object: 'Object Repository/03-Header Menu/Hamburger Button/div_Settings' is clicked on

2023-01-12 15:43:09 - [MESSAGE][PASSED] - Object: 'Object Repository/03-Header Menu/Hamburger Button/div_Settings' is clicked on

2023-01-12 15:43:09 - [TEST_STEP][PASSED] - verifyElementVisible(findTestObject("09-Settings/Users/div_Organization")): Object 'Object Repository/09-Settings/Users/div_Organization' is visible

2023-01-12 15:43:10 - [MESSAGE][PASSED] - Object 'Object Repository/09-Settings/Users/div_Organization' is visible

2023-01-12 15:43:10 - [TEST_STEP][PASSED] - verifyElementVisible(findTestObject("09-Settings/Users/div_Organization Units")): Object 'Object Repository/09-Settings/Users/div_Organization Units' is visible

2023-01-12 15:43:11 - [MESSAGE][PASSED] - Object 'Object Repository/09-Settings/Users/div_Organization Units' is visible

2023-01-12 15:43:11 - [TEST_STEP][PASSED] - scrollToElement(findTestObject("09-Settings/Users/div_Subscriptions"), 0): Scroll to object 'Object Repository/09-Settings/Users/div_Subscriptions' successfully

2023-01-12 15:43:12 - [MESSAGE][WARNING] - Timeout '0' is invalid. Using default page load timeout: '30'

2023-01-12 15:43:12 - [MESSAGE][PASSED] - Scroll to object 'Object Repository/09-Settings/Users/div_Subscriptions' successfully

2023-01-12 15:43:12 - [TEST_STEP][PASSED] - verifyElementVisible(findTestObject("09-Settings/Users/div_Subscriptions")): Object 'Object Repository/09-Settings/Users/div_Subscriptions' is visible

2023-01-12 15:43:13 - [MESSAGE][PASSED] - Object 'Object Repository/09-Settings/Users/div_Subscriptions' is visible

2023-01-12 15:43:13 - [TEST_STEP][PASSED] - verifyElementVisible(findTestObject("09-Settings/Users/div_Users")): Object 'Object Repository/09-Settings/Users/div_Users' is visible

2023-01-12 15:43:14 - [MESSAGE][PASSED] - Object 'Object Repository/09-Settings/Users/div_Users' is visible

2023-01-12 15:43:14 - [TEST_STEP][PASSED] - delay(3): Delayed 3 second(s)

2023-01-12 15:43:17 - [MESSAGE][PASSED] - Delayed 3 second(s)

2023-01-12 15:43:17 - [TEST_STEP][PASSED] - scrollToElement(findTestObject("09-Settings/Users/div_Organization"), 0): Scroll to object 'Object Repository/09-Settings/Users/div_Organization' successfully

2023-01-12 15:43:17 - [MESSAGE][WARNING] - Timeout '0' is invalid. Using default page load timeout: '30'

2023-01-12 15:43:18 - [MESSAGE][PASSED] - Scroll to object 'Object Repository/09-Settings/Users/div_Organization' successfully

2023-01-12 15:43:18 - [TEST_STEP][PASSED] - click(findTestObject("09-Settings/Users/div_Organization")): Object: 'Object Repository/09-Settings/Users/div_Organization' is clicked on

2023-01-12 15:43:22 - [MESSAGE][PASSED] - Object: 'Object Repository/09-Settings/Users/div_Organization' is clicked on

2023-01-12 15:43:22 - [TEST_STEP][PASSED] - verifyElementVisible(findTestObject("09-Settings/Organization/h4_ORGANIZATION SETTINGS")): Object 'Object Repository/09-Settings/Organization/h4_ORGANIZATION SETTINGS' is visible

2023-01-12 15:43:24 - [MESSAGE][PASSED] - Object 'Object Repository/09-Settings/Organization/h4_ORGANIZATION SETTINGS' is visible

2023-01-12 15:43:24 - [TEST_STEP][PASSED] - click(findTestObject("09-Settings/Organization/div_Profile")): Object: 'Object Repository/09-Settings/Organization/div_Profile' is clicked on

2023-01-12 15:43:25 - [MESSAGE][PASSED] - Object: 'Object Repository/09-Settings/Organization/div_Profile' is clicked on

2023-01-12 15:43:25 - [TEST_STEP][PASSED] - verifyElementVisible(findTestObject("09-Settings/Organization/div_ProfileSettings page")): Object 'Object Repository/09-Settings/Organization/div_ProfileSettings page' is visible

2023-01-12 15:43:25 - [MESSAGE][PASSED] - Object 'Object Repository/09-Settings/Organization/div_ProfileSettings page' is visible

2023-01-12 15:43:26 - [TEST_STEP][PASSED] - delay(3): Delayed 3 second(s)

2023-01-12 15:43:29 - [MESSAGE][PASSED] - Delayed 3 second(s)

2023-01-12 15:43:29 - [TEST_STEP][PASSED] - verifyElementVisible(findTestObject("09-Settings/Organization/mat-card-title_Profile")): Object 'Object Repository/09-Settings/Organization/mat-card-title_Profile' is visible

2023-01-12 15:43:29 - [MESSAGE][PASSED] - Object 'Object Repository/09-Settings/Organization/mat-card-title_Profile' is visible

2023-01-12 15:43:29 - [TEST_STEP][PASSED] - verifyElementVisible(findTestObject("09-Settings/Organization/input_Industry")): Object 'Object Repository/09-Settings/Organization/input_Industry' is visible

2023-01-12 15:43:30 - [MESSAGE][PASSED] - Object 'Object Repository/09-Settings/Organization/input_Industry' is visible

2023-01-12 15:43:30 - [TEST_STEP][PASSED] - verifyElementVisible(findTestObject("09-Settings/Organization/input_Organization number")): Object 'Object Repository/09-Settings/Organization/input_Organization number' is visible

2023-01-12 15:43:31 - [MESSAGE][PASSED] - Object 'Object Repository/09-Settings/Organization/input_Organization number' is visible

2023-01-12 15:43:31 - [TEST_STEP][PASSED] - delay(3): Delayed 3 second(s)

2023-01-12 15:43:34 - [MESSAGE][PASSED] - Delayed 3 second(s)

2023-01-12 15:43:34 - [TEST_STEP][PASSED] - click(findTestObject("03-Header Menu/User Profile/View Profile/Profile Tab/Upload Icon")): Object: 'Object Repository/03-Header Menu/User Profile/View Profile/Profile Tab/Upload Icon' is clicked on

2023-01-12 15:43:35 - [MESSAGE][PASSED] - Object: 'Object Repository/03-Header Menu/User Profile/View Profile/Profile Tab/Upload Icon' is clicked on

2023-01-12 15:43:35 - [TEST_STEP][PASSED] - delay(2): Delayed 2 second(s)

2023-01-12 15:43:37 - [MESSAGE][PASSED] - Delayed 2 second(s)

2023-01-12 15:43:37 - [TEST_STEP][PASSED] - verifyElementVisible(findTestObject("03-Header Menu/User Profile/View Profile/Profile Tab/Upload User Image modal")): Object 'Object Repository/03-Header Menu/User Profile/View Profile/Profile Tab/Upload User Image modal' is visible

2023-01-12 15:43:38 - [MESSAGE][PASSED] - Object 'Object Repository/03-Header Menu/User Profile/View Profile/Profile Tab/Upload User Image modal' is visible

2023-01-12 15:43:38 - [TEST_STEP][PASSED] - verifyElementNotClickable(findTestObject("03-Header Menu/User Profile/View Profile/Profile Tab/button_Upload Image")): Object 'Object Repository/03-Header Menu/User Profile/View Profile/Profile Tab/button_Upload Image' is NOT clickable

2023-01-12 15:43:39 - [MESSAGE][PASSED] - Object 'Object Repository/03-Header Menu/User Profile/View Profile/Profile Tab/button_Upload Image' is NOT clickable

2023-01-12 15:43:39 - [TEST_STEP][PASSED] - delay(1): Delayed 1 second(s)

2023-01-12 15:43:40 - [MESSAGE][PASSED] - Delayed 1 second(s)

2023-01-12 15:43:40 - [TEST_STEP][PASSED] - click(findTestObject("03-Header Menu/User Profile/View Profile/Profile Tab/button_Cancel")): Object: 'Object Repository/03-Header Menu/User Profile/View Profile/Profile Tab/button_Cancel' is clicked on

2023-01-12 15:43:41 - [MESSAGE][PASSED] - Object: 'Object Repository/03-Header Menu/User Profile/View Profile/Profile Tab/button_Cancel' is clicked on

2023-01-12 15:43:41 - [TEST_STEP][PASSED] - delay(3): Delayed 3 second(s)

2023-01-12 15:43:44 - [MESSAGE][PASSED] - Delayed 3 second(s)

2023-01-12 15:43:44 - [TEST_STEP][PASSED] - click(findTestObject("03-Header Menu/User Profile/View Profile/Profile Tab/Upload Icon")): Object: 'Object Repository/03-Header Menu/User Profile/View Profile/Profile Tab/Upload Icon' is clicked on

2023-01-12 15:43:45 - [MESSAGE][PASSED] - Object: 'Object Repository/03-Header Menu/User Profile/View Profile/Profile Tab/Upload Icon' is clicked on

2023-01-12 15:43:45 - [TEST_STEP][PASSED] - uploadpackage.Upload.uploadFile(findTestObject("Object Repository/03-Header Menu/User Profile/View Profile/Profile Tab/button_folderBrowse"), "C:\Users\asus\Desktop\EL automation\qa.jpg"): uploadpackage.Upload.uploadFile is PASSED

2023-01-12 15:43:46 - [MESSAGE][PASSED] - Object: 'Object Repository/03-Header Menu/User Profile/View Profile/Profile Tab/button_folderBrowse' is clicked on

2023-01-12 15:43:49 - [MESSAGE][PASSED] - uploadpackage.Upload.uploadFile is PASSED

2023-01-12 15:43:49 - [TEST_STEP][PASSED] - delay(2): Delayed 2 second(s)

2023-01-12 15:43:51 - [MESSAGE][PASSED] - Delayed 2 second(s)

2023-01-12 15:43:51 - [TEST_STEP][PASSED] - click(findTestObject("03-Header Menu/User Profile/View Profile/Profile Tab/button_Upload Image")): Object: 'Object Repository/03-Header Menu/User Profile/View Profile/Profile Tab/button_Upload Image' is clicked on

2023-01-12 15:43:53 - [MESSAGE][PASSED] - Object: 'Object Repository/03-Header Menu/User Profile/View Profile/Profile Tab/button_Upload Image' is clicked on

2023-01-12 15:43:53 - [TEST_STEP][PASSED] - verifyElementVisible(findTestObject("09-Settings/Organization/snack-bar-container_Successfully changed organization imageOK")): Object 'Object Repository/09-Settings/Organization/snack-bar-container_Successfully changed organization imageOK' is visible

2023-01-12 15:43:55 - [MESSAGE][PASSED] - Object 'Object Repository/09-Settings/Organization/snack-bar-container_Successfully changed organization imageOK' is visible

2023-01-12 15:43:55 - [TEST_STEP][PASSED] - click(findTestObject("09-Settings/Organization/input_name")): Object: 'Object Repository/09-Settings/Organization/input_name' is clicked on

2023-01-12 15:43:56 - [MESSAGE][PASSED] - Object: 'Object Repository/09-Settings/Organization/input_name' is clicked on

2023-01-12 15:43:56 - [TEST_STEP][PASSED] - setText(findTestObject("09-Settings/Organization/input_name"), "THIS IS AUTOMATION"): Text 'THIS IS AUTOMATION' is set on object 'Object Repository/09-Settings/Organization/input_name'

2023-01-12 15:43:59 - [MESSAGE][PASSED] - Text 'THIS IS AUTOMATION' is set on object 'Object Repository/09-Settings/Organization/input_name'

2023-01-12 15:43:59 - [TEST_STEP][PASSED] - delay(3): Delayed 3 second(s)

2023-01-12 15:44:02 - [MESSAGE][PASSED] - Delayed 3 second(s)

2023-01-12 15:44:02 - [TEST_STEP][PASSED] - scrollToElement(findTestObject("09-Settings/Users/Active User/button_Save"), 0): Scroll to object 'Object Repository/09-Settings/Users/Active User/button_Save' successfully

2023-01-12 15:44:02 - [MESSAGE][WARNING] - Timeout '0' is invalid. Using default page load timeout: '30'

2023-01-12 15:44:03 - [MESSAGE][PASSED] - Scroll to object 'Object Repository/09-Settings/Users/Active User/button_Save' successfully

2023-01-12 15:44:03 - [TEST_STEP][PASSED] - click(findTestObject("09-Settings/Users/Active User/button_Save")): Object: 'Object Repository/09-Settings/Users/Active User/button_Save' is clicked on

2023-01-12 15:44:04 - [MESSAGE][PASSED] - Object: 'Object Repository/09-Settings/Users/Active User/button_Save' is clicked on

2023-01-12 15:44:04 - [TEST_STEP][PASSED] - verifyElementVisible(findTestObject("09-Settings/Organization/snack-bar-container_Settings savedOK")): Object 'Object Repository/09-Settings/Organization/snack-bar-container_Settings savedOK' is visible

2023-01-12 15:44:06 - [MESSAGE][PASSED] - Object 'Object Repository/09-Settings/Organization/snack-bar-container_Settings savedOK' is visible

2023-01-12 15:44:06 - [TEST_STEP][PASSED] - delay(3): Delayed 3 second(s)

2023-01-12 15:44:09 - [MESSAGE][PASSED] - Delayed 3 second(s)

2023-01-12 15:44:09 - [TEST_STEP][PASSED] - scrollToElement(findTestObject("09-Settings/Organization/input_name"), 0): Scroll to object 'Object Repository/09-Settings/Organization/input_name' successfully

2023-01-12 15:44:09 - [MESSAGE][WARNING] - Timeout '0' is invalid. Using default page load timeout: '30'

2023-01-12 15:44:09 - [MESSAGE][PASSED] - Scroll to object 'Object Repository/09-Settings/Organization/input_name' successfully

2023-01-12 15:44:09 - [TEST_STEP][PASSED] - setText(findTestObject("09-Settings/Organization/input_name"), "GG Automation"): Text 'GG Automation' is set on object 'Object Repository/09-Settings/Organization/input_name'

2023-01-12 15:44:11 - [MESSAGE][PASSED] - Text 'GG Automation' is set on object 'Object Repository/09-Settings/Organization/input_name'

2023-01-12 15:44:11 - [TEST_STEP][PASSED] - delay(3): Delayed 3 second(s)

2023-01-12 15:44:14 - [MESSAGE][PASSED] - Delayed 3 second(s)

2023-01-12 15:44:14 - [TEST_STEP][PASSED] - scrollToElement(findTestObject("09-Settings/Users/Active User/button_Save"), 0): Scroll to object 'Object Repository/09-Settings/Users/Active User/button_Save' successfully

2023-01-12 15:44:14 - [MESSAGE][WARNING] - Timeout '0' is invalid. Using default page load timeout: '30'

2023-01-12 15:44:15 - [MESSAGE][PASSED] - Scroll to object 'Object Repository/09-Settings/Users/Active User/button_Save' successfully

2023-01-12 15:44:15 - [TEST_STEP][PASSED] - click(findTestObject("09-Settings/Users/Active User/button_Save")): Object: 'Object Repository/09-Settings/Users/Active User/button_Save' is clicked on

2023-01-12 15:44:15 - [MESSAGE][PASSED] - Object: 'Object Repository/09-Settings/Users/Active User/button_Save' is clicked on

2023-01-12 15:44:15 - [TEST_STEP][PASSED] - verifyElementVisible(findTestObject("09-Settings/Organization/snack-bar-container_Settings savedOK")): Object 'Object Repository/09-Settings/Organization/snack-bar-container_Settings savedOK' is visible

2023-01-12 15:44:17 - [MESSAGE][PASSED] - Object 'Object Repository/09-Settings/Organization/snack-bar-container_Settings savedOK' is visible

2023-01-12 15:44:17 - [TEST_STEP][PASSED] - delay(3): Delayed 3 second(s)

2023-01-12 15:44:20 - [MESSAGE][PASSED] - Delayed 3 second(s)

2023-01-12 15:44:20 - [TEST_STEP][PASSED] - scrollToElement(findTestObject("09-Settings/Organization/mat-card_Address"), 0): Scroll to object 'Object Repository/09-Settings/Organization/mat-card_Address' successfully

2023-01-12 15:44:20 - [MESSAGE][WARNING] - Timeout '0' is invalid. Using default page load timeout: '30'

2023-01-12 15:44:21 - [MESSAGE][PASSED] - Scroll to object 'Object Repository/09-Settings/Organization/mat-card_Address' successfully

2023-01-12 15:44:21 - [TEST_STEP][PASSED] - verifyElementVisible(findTestObject("09-Settings/Organization/mat-card_Address")): Object 'Object Repository/09-Settings/Organization/mat-card_Address' is visible

2023-01-12 15:44:22 - [MESSAGE][PASSED] - Object 'Object Repository/09-Settings/Organization/mat-card_Address' is visible

2023-01-12 15:44:22 - [TEST_STEP][PASSED] - verifyElementVisible(findTestObject("09-Settings/Organization/mat-card-title_Address")): Object 'Object Repository/09-Settings/Organization/mat-card-title_Address' is visible

2023-01-12 15:44:23 - [MESSAGE][PASSED] - Object 'Object Repository/09-Settings/Organization/mat-card-title_Address' is visible

2023-01-12 15:44:23 - [TEST_STEP][PASSED] - setText(findTestObject("09-Settings/Organization/input_Street"), "4711 Hardy Street"): Text '4711 Hardy Street' is set on object 'Object Repository/09-Settings/Organization/input_Street'

2023-01-12 15:44:25 - [MESSAGE][PASSED] - Text '4711 Hardy Street' is set on object 'Object Repository/09-Settings/Organization/input_Street'

2023-01-12 15:44:25 - [TEST_STEP][PASSED] - setText(findTestObject("09-Settings/Organization/input_City"), "Kelowna"): Text 'Kelowna' is set on object 'Object Repository/09-Settings/Organization/input_City'

2023-01-12 15:44:26 - [MESSAGE][PASSED] - Text 'Kelowna' is set on object 'Object Repository/09-Settings/Organization/input_City'

2023-01-12 15:44:26 - [TEST_STEP][PASSED] - setText(findTestObject("09-Settings/Organization/input_Zip"), "V1Y 8H2"): Text 'V1Y 8H2' is set on object 'Object Repository/09-Settings/Organization/input_Zip'

2023-01-12 15:44:27 - [MESSAGE][PASSED] - Text 'V1Y 8H2' is set on object 'Object Repository/09-Settings/Organization/input_Zip'

2023-01-12 15:44:27 - [TEST_STEP][PASSED] - setText(findTestObject("09-Settings/Organization/input_State"), "British Columbia"): Text 'British Columbia' is set on object 'Object Repository/09-Settings/Organization/input_State'

2023-01-12 15:44:29 - [MESSAGE][PASSED] - Text 'British Columbia' is set on object 'Object Repository/09-Settings/Organization/input_State'

2023-01-12 15:44:29 - [TEST_STEP][PASSED] - click(findTestObject("09-Settings/Organization/input_Country"), STOP_ON_FAILURE): Object: 'Object Repository/09-Settings/Organization/input_Country' is clicked on

2023-01-12 15:44:30 - [MESSAGE][PASSED] - Object: 'Object Repository/09-Settings/Organization/input_Country' is clicked on

2023-01-12 15:44:30 - [TEST_STEP][PASSED] - click(findTestObject("09-Settings/Organization/mat-option_united states"), STOP_ON_FAILURE): Object: 'Object Repository/09-Settings/Organization/mat-option_united states' is clicked on

2023-01-12 15:44:31 - [MESSAGE][PASSED] - Object: 'Object Repository/09-Settings/Organization/mat-option_united states' is clicked on

2023-01-12 15:44:31 - [TEST_STEP][PASSED] - delay(3): Delayed 3 second(s)

2023-01-12 15:44:34 - [MESSAGE][PASSED] - Delayed 3 second(s)

2023-01-12 15:44:34 - [TEST_STEP][PASSED] - scrollToElement(findTestObject("09-Settings/Users/Active User/button_Save"), 0): Scroll to object 'Object Repository/09-Settings/Users/Active User/button_Save' successfully

2023-01-12 15:44:35 - [MESSAGE][WARNING] - Timeout '0' is invalid. Using default page load timeout: '30'

2023-01-12 15:44:35 - [MESSAGE][PASSED] - Scroll to object 'Object Repository/09-Settings/Users/Active User/button_Save' successfully

2023-01-12 15:44:35 - [TEST_STEP][PASSED] - click(findTestObject("09-Settings/Users/Active User/button_Save")): Object: 'Object Repository/09-Settings/Users/Active User/button_Save' is clicked on

2023-01-12 15:44:36 - [MESSAGE][PASSED] - Object: 'Object Repository/09-Settings/Users/Active User/button_Save' is clicked on

2023-01-12 15:44:36 - [TEST_STEP][PASSED] - verifyElementVisible(findTestObject("09-Settings/Organization/snack-bar-container_Settings savedOK")): Object 'Object Repository/09-Settings/Organization/snack-bar-container_Settings savedOK' is visible

2023-01-12 15:44:37 - [MESSAGE][PASSED] - Object 'Object Repository/09-Settings/Organization/snack-bar-container_Settings savedOK' is visible

2023-01-12 15:44:37 - [TEST_STEP][PASSED] - delay(3): Delayed 3 second(s)

2023-01-12 15:44:40 - [MESSAGE][PASSED] - Delayed 3 second(s)

2023-01-12 15:44:40 - [TEST_STEP][PASSED] - verifyElementVisible(findTestObject("09-Settings/Organization/mat-card_Contact")): Object 'Object Repository/09-Settings/Organization/mat-card_Contact' is visible

2023-01-12 15:44:41 - [MESSAGE][PASSED] - Object 'Object Repository/09-Settings/Organization/mat-card_Contact' is visible

2023-01-12 15:44:41 - [TEST_STEP][PASSED] - verifyElementVisible(findTestObject("09-Settings/Organization/mat-card-title_Contact")): Object 'Object Repository/09-Settings/Organization/mat-card-title_Contact' is visible

2023-01-12 15:44:43 - [MESSAGE][PASSED] - Object 'Object Repository/09-Settings/Organization/mat-card-title_Contact' is visible

2023-01-12 15:44:43 - [TEST_STEP][PASSED] - setText(findTestObject("09-Settings/Organization/input_Email"), "testuser02@mailinator.com"): Text 'testuser02@mailinator.com' is set on object 'Object Repository/09-Settings/Organization/input_Email'

2023-01-12 15:44:44 - [MESSAGE][PASSED] - Text 'testuser02@mailinator.com' is set on object 'Object Repository/09-Settings/Organization/input_Email'

2023-01-12 15:44:44 - [TEST_STEP][PASSED] - setText(findTestObject("09-Settings/Organization/input_Web"), "https://lab.everleagues.com"): Text 'https://lab.everleagues.com' is set on object 'Object Repository/09-Settings/Organization/input_Web'

2023-01-12 15:44:46 - [MESSAGE][PASSED] - Text 'https://lab.everleagues.com' is set on object 'Object Repository/09-Settings/Organization/input_Web'

2023-01-12 15:44:46 - [TEST_STEP][PASSED] - click(findTestObject("09-Settings/Organization/button_Phone")): Object: 'Object Repository/09-Settings/Organization/button_Phone' is clicked on

2023-01-12 15:44:48 - [MESSAGE][PASSED] - Object: 'Object Repository/09-Settings/Organization/button_Phone' is clicked on

2023-01-12 15:44:48 - [TEST_STEP][PASSED] - setText(findTestObject("09-Settings/Organization/input_phone search"), "PH"): Text 'PH' is set on object 'Object Repository/09-Settings/Organization/input_phone search'

2023-01-12 15:44:50 - [MESSAGE][PASSED] - Text 'PH' is set on object 'Object Repository/09-Settings/Organization/input_phone search'

2023-01-12 15:44:50 - [TEST_STEP][PASSED] - click(findTestObject("09-Settings/Organization/button_Philippines 63")): Object: 'Object Repository/09-Settings/Organization/button_Philippines 63' is clicked on

2023-01-12 15:44:51 - [MESSAGE][PASSED] - Object: 'Object Repository/09-Settings/Organization/button_Philippines 63' is clicked on

2023-01-12 15:44:51 - [TEST_STEP][PASSED] - setText(findTestObject("09-Settings/Organization/input_phone"), "9211234567"): Text '9211234567' is set on object 'Object Repository/09-Settings/Organization/input_phone'

2023-01-12 15:44:53 - [MESSAGE][PASSED] - Text '9211234567' is set on object 'Object Repository/09-Settings/Organization/input_phone'

2023-01-12 15:44:53 - [TEST_STEP][PASSED] - click(findTestObject("09-Settings/Organization/button_fax")): Object: 'Object Repository/09-Settings/Organization/button_fax' is clicked on

2023-01-12 15:44:55 - [MESSAGE][PASSED] - Object: 'Object Repository/09-Settings/Organization/button_fax' is clicked on

2023-01-12 15:44:55 - [TEST_STEP][PASSED] - setText(findTestObject("09-Settings/Organization/input_phone search"), "PH"): Text 'PH' is set on object 'Object Repository/09-Settings/Organization/input_phone search'

2023-01-12 15:44:56 - [MESSAGE][PASSED] - Text 'PH' is set on object 'Object Repository/09-Settings/Organization/input_phone search'

2023-01-12 15:44:56 - [TEST_STEP][PASSED] - click(findTestObject("09-Settings/Organization/button_Philippines 63")): Object: 'Object Repository/09-Settings/Organization/button_Philippines 63' is clicked on

2023-01-12 15:44:57 - [MESSAGE][PASSED] - Object: 'Object Repository/09-Settings/Organization/button_Philippines 63' is clicked on

2023-01-12 15:44:57 - [TEST_STEP][PASSED] - setText(findTestObject("09-Settings/Organization/input_fax"), "9211234567"): Text '9211234567' is set on object 'Object Repository/09-Settings/Organization/input_fax'

2023-01-12 15:44:59 - [MESSAGE][PASSED] - Text '9211234567' is set on object 'Object Repository/09-Settings/Organization/input_fax'

2023-01-12 15:44:59 - [TEST_STEP][PASSED] - delay(3): Delayed 3 second(s)

2023-01-12 15:45:02 - [MESSAGE][PASSED] - Delayed 3 second(s)

2023-01-12 15:45:02 - [TEST_STEP][PASSED] - click(findTestObject("09-Settings/Users/Active User/button_Save")): Object: 'Object Repository/09-Settings/Users/Active User/button_Save' is clicked on

2023-01-12 15:45:03 - [MESSAGE][PASSED] - Object: 'Object Repository/09-Settings/Users/Active User/button_Save' is clicked on

2023-01-12 15:45:03 - [TEST_STEP][PASSED] - verifyElementVisible(findTestObject("09-Settings/Organization/snack-bar-container_Settings savedOK")): Object 'Object Repository/09-Settings/Organization/snack-bar-container_Settings savedOK' is visible

2023-01-12 15:45:05 - [MESSAGE][PASSED] - Object 'Object Repository/09-Settings/Organization/snack-bar-container_Settings savedOK' is visible

2023-01-12 15:45:05 - [TEST_STEP][PASSED] - delay(3): Delayed 3 second(s)

2023-01-12 15:45:08 - [MESSAGE][PASSED] - Delayed 3 second(s)

2023-01-12 15:45:08 - [TEST_STEP][PASSED] - scrollToElement(findTestObject("09-Settings/Organization/div_Profile"), 0): Scroll to object 'Object Repository/09-Settings/Organization/div_Profile' successfully

2023-01-12 15:45:08 - [MESSAGE][WARNING] - Timeout '0' is invalid. Using default page load timeout: '30'

2023-01-12 15:45:08 - [MESSAGE][PASSED] - Scroll to object 'Object Repository/09-Settings/Organization/div_Profile' successfully]]></system-out>
         <system-err><![CDATA[]]></system-err>
      </testcase>
      <testcase name="Test Cases/09-Settings/24 - Organization - Settings" time="120.918" classname="Test Cases/09-Settings/24 - Organization - Settings" status="PASSED">
         <system-out><![CDATA[2023-01-12 15:45:09 - [TEST_CASE][PASSED] - Test Cases/09-Settings/24 - Organization - Settings: Test Cases/09-Settings/24 - Organization - Settings

2023-01-12 15:45:10 - [TEST_STEP][PASSED] - delay(3): Delayed 3 second(s)

2023-01-12 15:45:14 - [MESSAGE][PASSED] - Delayed 3 second(s)

2023-01-12 15:45:14 - [TEST_STEP][PASSED] - click(findTestObject("09-Settings/Organization/div_Settings")): Object: 'Object Repository/09-Settings/Organization/div_Settings' is clicked on

2023-01-12 15:45:30 - [MESSAGE][PASSED] - Object: 'Object Repository/09-Settings/Organization/div_Settings' is clicked on

2023-01-12 15:45:30 - [TEST_STEP][PASSED] - verifyElementVisible(findTestObject("09-Settings/Organization/div_Settings page")): Object 'Object Repository/09-Settings/Organization/div_Settings page' is visible

2023-01-12 15:45:31 - [MESSAGE][PASSED] - Object 'Object Repository/09-Settings/Organization/div_Settings page' is visible

2023-01-12 15:45:31 - [TEST_STEP][PASSED] - delay(3): Delayed 3 second(s)

2023-01-12 15:45:34 - [MESSAGE][PASSED] - Delayed 3 second(s)

2023-01-12 15:45:34 - [TEST_STEP][PASSED] - verifyElementVisible(findTestObject("09-Settings/Organization/mat-card_Chat Message Settings")): Object 'Object Repository/09-Settings/Organization/mat-card_Chat Message Settings' is visible

2023-01-12 15:45:35 - [MESSAGE][PASSED] - Object 'Object Repository/09-Settings/Organization/mat-card_Chat Message Settings' is visible

2023-01-12 15:45:35 - [TEST_STEP][PASSED] - verifyElementVisible(findTestObject("09-Settings/Organization/mat-card-title_Chat Message Settings")): Object 'Object Repository/09-Settings/Organization/mat-card-title_Chat Message Settings' is visible

2023-01-12 15:45:35 - [MESSAGE][PASSED] - Object 'Object Repository/09-Settings/Organization/mat-card-title_Chat Message Settings' is visible

2023-01-12 15:45:35 - [TEST_STEP][PASSED] - click(findTestObject("09-Settings/Organization/toggle_Enable chat message editing")): Object: 'Object Repository/09-Settings/Organization/toggle_Enable chat message editing' is clicked on

2023-01-12 15:45:36 - [MESSAGE][PASSED] - Object: 'Object Repository/09-Settings/Organization/toggle_Enable chat message editing' is clicked on

2023-01-12 15:45:36 - [TEST_STEP][PASSED] - click(findTestObject("09-Settings/Organization/toggle_Enable chat message deletion")): Object: 'Object Repository/09-Settings/Organization/toggle_Enable chat message deletion' is clicked on

2023-01-12 15:45:37 - [MESSAGE][PASSED] - Object: 'Object Repository/09-Settings/Organization/toggle_Enable chat message deletion' is clicked on

2023-01-12 15:45:37 - [TEST_STEP][PASSED] - delay(3): Delayed 3 second(s)

2023-01-12 15:45:40 - [MESSAGE][PASSED] - Delayed 3 second(s)

2023-01-12 15:45:40 - [TEST_STEP][PASSED] - click(findTestObject("09-Settings/Organization/toggle_Enable chat message editing")): Object: 'Object Repository/09-Settings/Organization/toggle_Enable chat message editing' is clicked on

2023-01-12 15:45:41 - [MESSAGE][PASSED] - Object: 'Object Repository/09-Settings/Organization/toggle_Enable chat message editing' is clicked on

2023-01-12 15:45:41 - [TEST_STEP][PASSED] - click(findTestObject("09-Settings/Organization/toggle_Enable chat message deletion")): Object: 'Object Repository/09-Settings/Organization/toggle_Enable chat message deletion' is clicked on

2023-01-12 15:45:43 - [MESSAGE][PASSED] - Object: 'Object Repository/09-Settings/Organization/toggle_Enable chat message deletion' is clicked on

2023-01-12 15:45:43 - [TEST_STEP][PASSED] - delay(2): Delayed 2 second(s)

2023-01-12 15:45:45 - [MESSAGE][PASSED] - Delayed 2 second(s)

2023-01-12 15:45:45 - [TEST_STEP][PASSED] - refresh(STOP_ON_FAILURE): Refresh successfully

2023-01-12 15:45:54 - [MESSAGE][PASSED] - Refresh successfully

2023-01-12 15:45:54 - [TEST_STEP][PASSED] - click(findTestObject("09-Settings/Organization/div_Settings")): Object: 'Object Repository/09-Settings/Organization/div_Settings' is clicked on

2023-01-12 15:46:09 - [MESSAGE][PASSED] - Object: 'Object Repository/09-Settings/Organization/div_Settings' is clicked on

2023-01-12 15:46:09 - [TEST_STEP][PASSED] - delay(2): Delayed 2 second(s)

2023-01-12 15:46:11 - [MESSAGE][PASSED] - Delayed 2 second(s)

2023-01-12 15:46:11 - [TEST_STEP][PASSED] - verifyElementVisible(findTestObject("09-Settings/Organization/mat-card_Membership")): Object 'Object Repository/09-Settings/Organization/mat-card_Membership' is visible

2023-01-12 15:46:12 - [MESSAGE][PASSED] - Object 'Object Repository/09-Settings/Organization/mat-card_Membership' is visible

2023-01-12 15:46:12 - [TEST_STEP][PASSED] - verifyElementVisible(findTestObject("09-Settings/Organization/mat-card-title_Membership")): Object 'Object Repository/09-Settings/Organization/mat-card-title_Membership' is visible

2023-01-12 15:46:13 - [MESSAGE][PASSED] - Object 'Object Repository/09-Settings/Organization/mat-card-title_Membership' is visible

2023-01-12 15:46:13 - [TEST_STEP][PASSED] - verifyElementVisible(findTestObject("09-Settings/Organization/div_By enabling this option, all join requests via URL will be automatically approved")): Object 'Object Repository/09-Settings/Organization/div_By enabling this option, all join requests via URL will be automatically approved' is visible

2023-01-12 15:46:14 - [MESSAGE][PASSED] - Object 'Object Repository/09-Settings/Organization/div_By enabling this option, all join requests via URL will be automatically approved' is visible

2023-01-12 15:46:14 - [TEST_STEP][PASSED] - click(findTestObject("09-Settings/Organization/toggle_Enable auto approve")): Object: 'Object Repository/09-Settings/Organization/toggle_Enable auto approve' is clicked on

2023-01-12 15:46:15 - [MESSAGE][PASSED] - Object: 'Object Repository/09-Settings/Organization/toggle_Enable auto approve' is clicked on

2023-01-12 15:46:15 - [TEST_STEP][PASSED] - delay(2): Delayed 2 second(s)

2023-01-12 15:46:17 - [MESSAGE][PASSED] - Delayed 2 second(s)

2023-01-12 15:46:17 - [TEST_STEP][PASSED] - click(findTestObject("09-Settings/Organization/div_Settings")): Object: 'Object Repository/09-Settings/Organization/div_Settings' is clicked on

2023-01-12 15:46:17 - [MESSAGE][PASSED] - Object: 'Object Repository/09-Settings/Organization/div_Settings' is clicked on

2023-01-12 15:46:17 - [TEST_STEP][PASSED] - scrollToElement(findTestObject("09-Settings/Organization/mat-card_Tools"), 0): Scroll to object 'Object Repository/09-Settings/Organization/mat-card_Tools' successfully

2023-01-12 15:46:18 - [MESSAGE][WARNING] - Timeout '0' is invalid. Using default page load timeout: '30'

2023-01-12 15:46:18 - [MESSAGE][PASSED] - Scroll to object 'Object Repository/09-Settings/Organization/mat-card_Tools' successfully

2023-01-12 15:46:18 - [TEST_STEP][PASSED] - verifyElementVisible(findTestObject("09-Settings/Organization/mat-card_Tools")): Object 'Object Repository/09-Settings/Organization/mat-card_Tools' is visible

2023-01-12 15:46:19 - [MESSAGE][PASSED] - Object 'Object Repository/09-Settings/Organization/mat-card_Tools' is visible

2023-01-12 15:46:19 - [TEST_STEP][PASSED] - verifyElementVisible(findTestObject("09-Settings/Organization/mat-card-title_Tools")): Object 'Object Repository/09-Settings/Organization/mat-card-title_Tools' is visible

2023-01-12 15:46:20 - [MESSAGE][PASSED] - Object 'Object Repository/09-Settings/Organization/mat-card-title_Tools' is visible

2023-01-12 15:46:20 - [TEST_STEP][PASSED] - verifyElementVisible(findTestObject("09-Settings/Organization/div_Enable or disable tools by clicking on the toggle")): Object 'Object Repository/09-Settings/Organization/div_Enable or disable tools by clicking on the toggle' is visible

2023-01-12 15:46:20 - [MESSAGE][PASSED] - Object 'Object Repository/09-Settings/Organization/div_Enable or disable tools by clicking on the toggle' is visible

2023-01-12 15:46:20 - [TEST_STEP][PASSED] - click(findTestObject("09-Settings/Organization/toggle_EL Net")): Object: 'Object Repository/09-Settings/Organization/toggle_EL Net' is clicked on

2023-01-12 15:46:21 - [MESSAGE][PASSED] - Object: 'Object Repository/09-Settings/Organization/toggle_EL Net' is clicked on

2023-01-12 15:46:21 - [TEST_STEP][PASSED] - verifyElementVisible(findTestObject("09-Settings/Organization/snack-bar-container_ELNet tool disabled.OK")): Object 'Object Repository/09-Settings/Organization/snack-bar-container_ELNet tool disabled.OK' is visible

2023-01-12 15:46:22 - [MESSAGE][PASSED] - Object 'Object Repository/09-Settings/Organization/snack-bar-container_ELNet tool disabled.OK' is visible

2023-01-12 15:46:22 - [TEST_STEP][PASSED] - delay(3): Delayed 3 second(s)

2023-01-12 15:46:25 - [MESSAGE][PASSED] - Delayed 3 second(s)

2023-01-12 15:46:25 - [TEST_STEP][PASSED] - click(findTestObject("09-Settings/Organization/toggle_EL Sign")): Object: 'Object Repository/09-Settings/Organization/toggle_EL Sign' is clicked on

2023-01-12 15:46:26 - [MESSAGE][PASSED] - Object: 'Object Repository/09-Settings/Organization/toggle_EL Sign' is clicked on

2023-01-12 15:46:26 - [TEST_STEP][PASSED] - verifyElementVisible(findTestObject("09-Settings/Organization/snack-bar-container_ELSign tool disabled.OK")): Object 'Object Repository/09-Settings/Organization/snack-bar-container_ELSign tool disabled.OK' is visible

2023-01-12 15:46:27 - [MESSAGE][PASSED] - Object 'Object Repository/09-Settings/Organization/snack-bar-container_ELSign tool disabled.OK' is visible

2023-01-12 15:46:27 - [TEST_STEP][PASSED] - delay(3): Delayed 3 second(s)

2023-01-12 15:46:30 - [MESSAGE][PASSED] - Delayed 3 second(s)

2023-01-12 15:46:30 - [TEST_STEP][PASSED] - click(findTestObject("09-Settings/Organization/toggle_EL HealthCheck")): Object: 'Object Repository/09-Settings/Organization/toggle_EL HealthCheck' is clicked on

2023-01-12 15:46:31 - [MESSAGE][PASSED] - Object: 'Object Repository/09-Settings/Organization/toggle_EL HealthCheck' is clicked on

2023-01-12 15:46:31 - [TEST_STEP][PASSED] - verifyElementVisible(findTestObject("09-Settings/Organization/snack-bar-container_EL HealthCheck tool enabled.OK")): Object 'Object Repository/09-Settings/Organization/snack-bar-container_EL HealthCheck tool enabled.OK' is visible

2023-01-12 15:46:32 - [MESSAGE][PASSED] - Object 'Object Repository/09-Settings/Organization/snack-bar-container_EL HealthCheck tool enabled.OK' is visible

2023-01-12 15:46:32 - [TEST_STEP][PASSED] - delay(3): Delayed 3 second(s)

2023-01-12 15:46:35 - [MESSAGE][PASSED] - Delayed 3 second(s)

2023-01-12 15:46:35 - [TEST_STEP][PASSED] - click(findTestObject("09-Settings/Organization/toggle_Income and expense")): Object: 'Object Repository/09-Settings/Organization/toggle_Income and expense' is clicked on

2023-01-12 15:46:36 - [MESSAGE][PASSED] - Object: 'Object Repository/09-Settings/Organization/toggle_Income and expense' is clicked on

2023-01-12 15:46:36 - [TEST_STEP][PASSED] - verifyElementVisible(findTestObject("09-Settings/Organization/snack-bar-container_Income and Expense tool disabled.OK")): Object 'Object Repository/09-Settings/Organization/snack-bar-container_Income and Expense tool disabled.OK' is visible

2023-01-12 15:46:37 - [MESSAGE][PASSED] - Object 'Object Repository/09-Settings/Organization/snack-bar-container_Income and Expense tool disabled.OK' is visible

2023-01-12 15:46:37 - [TEST_STEP][PASSED] - delay(3): Delayed 3 second(s)

2023-01-12 15:46:40 - [MESSAGE][PASSED] - Delayed 3 second(s)

2023-01-12 15:46:40 - [TEST_STEP][PASSED] - click(findTestObject("09-Settings/Organization/toggle_PDF Converter")): Object: 'Object Repository/09-Settings/Organization/toggle_PDF Converter' is clicked on

2023-01-12 15:46:41 - [MESSAGE][PASSED] - Object: 'Object Repository/09-Settings/Organization/toggle_PDF Converter' is clicked on

2023-01-12 15:46:41 - [TEST_STEP][PASSED] - verifyElementVisible(findTestObject("09-Settings/Organization/snack-bar-container_PDF Converter tool disabled.OK")): Object 'Object Repository/09-Settings/Organization/snack-bar-container_PDF Converter tool disabled.OK' is visible

2023-01-12 15:46:42 - [MESSAGE][PASSED] - Object 'Object Repository/09-Settings/Organization/snack-bar-container_PDF Converter tool disabled.OK' is visible

2023-01-12 15:46:42 - [TEST_STEP][PASSED] - delay(3): Delayed 3 second(s)

2023-01-12 15:46:45 - [MESSAGE][PASSED] - Delayed 3 second(s)

2023-01-12 15:46:45 - [TEST_STEP][PASSED] - click(findTestObject("09-Settings/Organization/toggle_EL Net")): Object: 'Object Repository/09-Settings/Organization/toggle_EL Net' is clicked on

2023-01-12 15:46:47 - [MESSAGE][PASSED] - Object: 'Object Repository/09-Settings/Organization/toggle_EL Net' is clicked on

2023-01-12 15:46:47 - [TEST_STEP][PASSED] - verifyElementVisible(findTestObject("09-Settings/Organization/snack-bar-container_ELNet tool enabled.OK")): Object 'Object Repository/09-Settings/Organization/snack-bar-container_ELNet tool enabled.OK' is visible

2023-01-12 15:46:49 - [MESSAGE][PASSED] - Object 'Object Repository/09-Settings/Organization/snack-bar-container_ELNet tool enabled.OK' is visible

2023-01-12 15:46:49 - [TEST_STEP][PASSED] - delay(3): Delayed 3 second(s)

2023-01-12 15:46:52 - [MESSAGE][PASSED] - Delayed 3 second(s)

2023-01-12 15:46:52 - [TEST_STEP][PASSED] - click(findTestObject("09-Settings/Organization/toggle_EL Sign")): Object: 'Object Repository/09-Settings/Organization/toggle_EL Sign' is clicked on

2023-01-12 15:46:53 - [MESSAGE][PASSED] - Object: 'Object Repository/09-Settings/Organization/toggle_EL Sign' is clicked on

2023-01-12 15:46:53 - [TEST_STEP][PASSED] - verifyElementVisible(findTestObject("09-Settings/Organization/snack-bar-container_ELSign tool enabled.OK")): Object 'Object Repository/09-Settings/Organization/snack-bar-container_ELSign tool enabled.OK' is visible

2023-01-12 15:46:54 - [MESSAGE][PASSED] - Object 'Object Repository/09-Settings/Organization/snack-bar-container_ELSign tool enabled.OK' is visible

2023-01-12 15:46:54 - [TEST_STEP][PASSED] - delay(3): Delayed 3 second(s)

2023-01-12 15:46:57 - [MESSAGE][PASSED] - Delayed 3 second(s)

2023-01-12 15:46:57 - [TEST_STEP][PASSED] - click(findTestObject("09-Settings/Organization/toggle_EL HealthCheck")): Object: 'Object Repository/09-Settings/Organization/toggle_EL HealthCheck' is clicked on

2023-01-12 15:46:58 - [MESSAGE][PASSED] - Object: 'Object Repository/09-Settings/Organization/toggle_EL HealthCheck' is clicked on

2023-01-12 15:46:58 - [TEST_STEP][PASSED] - verifyElementVisible(findTestObject("09-Settings/Organization/snack-bar-container_EL HealthCheck tool disabled.OK")): Object 'Object Repository/09-Settings/Organization/snack-bar-container_EL HealthCheck tool disabled.OK' is visible

2023-01-12 15:46:59 - [MESSAGE][PASSED] - Object 'Object Repository/09-Settings/Organization/snack-bar-container_EL HealthCheck tool disabled.OK' is visible

2023-01-12 15:46:59 - [TEST_STEP][PASSED] - delay(3): Delayed 3 second(s)

2023-01-12 15:47:02 - [MESSAGE][PASSED] - Delayed 3 second(s)

2023-01-12 15:47:02 - [TEST_STEP][PASSED] - click(findTestObject("09-Settings/Organization/toggle_Income and expense")): Object: 'Object Repository/09-Settings/Organization/toggle_Income and expense' is clicked on

2023-01-12 15:47:03 - [MESSAGE][PASSED] - Object: 'Object Repository/09-Settings/Organization/toggle_Income and expense' is clicked on

2023-01-12 15:47:03 - [TEST_STEP][PASSED] - verifyElementVisible(findTestObject("09-Settings/Organization/snack-bar-container_Income and Expense tool enabled.OK")): Object 'Object Repository/09-Settings/Organization/snack-bar-container_Income and Expense tool enabled.OK' is visible

2023-01-12 15:47:05 - [MESSAGE][PASSED] - Object 'Object Repository/09-Settings/Organization/snack-bar-container_Income and Expense tool enabled.OK' is visible

2023-01-12 15:47:05 - [TEST_STEP][PASSED] - delay(3): Delayed 3 second(s)

2023-01-12 15:47:08 - [MESSAGE][PASSED] - Delayed 3 second(s)

2023-01-12 15:47:08 - [TEST_STEP][PASSED] - click(findTestObject("09-Settings/Organization/toggle_PDF Converter")): Object: 'Object Repository/09-Settings/Organization/toggle_PDF Converter' is clicked on

2023-01-12 15:47:08 - [MESSAGE][PASSED] - Object: 'Object Repository/09-Settings/Organization/toggle_PDF Converter' is clicked on

2023-01-12 15:47:08 - [TEST_STEP][PASSED] - verifyElementVisible(findTestObject("09-Settings/Organization/snack-bar-container_PDF Converter tool enabled.OK")): Object 'Object Repository/09-Settings/Organization/snack-bar-container_PDF Converter tool enabled.OK' is visible

2023-01-12 15:47:09 - [MESSAGE][PASSED] - Object 'Object Repository/09-Settings/Organization/snack-bar-container_PDF Converter tool enabled.OK' is visible]]></system-out>
         <system-err><![CDATA[]]></system-err>
      </testcase>
      <testcase name="Test Cases/09-Settings/25 - Organization - Delete Organization" time="26.692" classname="Test Cases/09-Settings/25 - Organization - Delete Organization" status="PASSED">
         <system-out><![CDATA[2023-01-12 15:47:09 - [TEST_CASE][PASSED] - Test Cases/09-Settings/25 - Organization - Delete Organization: Test Cases/09-Settings/25 - Organization - Delete Organization

2023-01-12 15:47:12 - [TEST_STEP][PASSED] - delay(3): Delayed 3 second(s)

2023-01-12 15:47:15 - [MESSAGE][PASSED] - Delayed 3 second(s)

2023-01-12 15:47:15 - [TEST_STEP][PASSED] - scrollToElement(findTestObject("09-Settings/Organization/div_Profile"), 0): Scroll to object 'Object Repository/09-Settings/Organization/div_Profile' successfully

2023-01-12 15:47:15 - [MESSAGE][WARNING] - Timeout '0' is invalid. Using default page load timeout: '30'

2023-01-12 15:47:15 - [MESSAGE][PASSED] - Scroll to object 'Object Repository/09-Settings/Organization/div_Profile' successfully

2023-01-12 15:47:15 - [TEST_STEP][PASSED] - click(findTestObject("09-Settings/Organization/div_Profile")): Object: 'Object Repository/09-Settings/Organization/div_Profile' is clicked on

2023-01-12 15:47:18 - [MESSAGE][PASSED] - Object: 'Object Repository/09-Settings/Organization/div_Profile' is clicked on

2023-01-12 15:47:18 - [TEST_STEP][PASSED] - delay(3): Delayed 3 second(s)

2023-01-12 15:47:21 - [MESSAGE][PASSED] - Delayed 3 second(s)

2023-01-12 15:47:21 - [TEST_STEP][PASSED] - verifyElementVisible(findTestObject("09-Settings/Organization/mat-card_Profile")): Object 'Object Repository/09-Settings/Organization/mat-card_Profile' is visible

2023-01-12 15:47:22 - [MESSAGE][PASSED] - Object 'Object Repository/09-Settings/Organization/mat-card_Profile' is visible

2023-01-12 15:47:22 - [TEST_STEP][PASSED] - verifyElementVisible(findTestObject("09-Settings/Organization/mat-card_Address")): Object 'Object Repository/09-Settings/Organization/mat-card_Address' is visible

2023-01-12 15:47:23 - [MESSAGE][PASSED] - Object 'Object Repository/09-Settings/Organization/mat-card_Address' is visible

2023-01-12 15:47:23 - [TEST_STEP][PASSED] - verifyElementVisible(findTestObject("09-Settings/Organization/mat-card_Contact")): Object 'Object Repository/09-Settings/Organization/mat-card_Contact' is visible

2023-01-12 15:47:24 - [MESSAGE][PASSED] - Object 'Object Repository/09-Settings/Organization/mat-card_Contact' is visible

2023-01-12 15:47:24 - [TEST_STEP][PASSED] - delay(5): Delayed 5 second(s)

2023-01-12 15:47:29 - [MESSAGE][PASSED] - Delayed 5 second(s)

2023-01-12 15:47:29 - [TEST_STEP][PASSED] - click(findTestObject("09-Settings/Organization/button_Delete Organization")): Object: 'Object Repository/09-Settings/Organization/button_Delete Organization' is clicked on

2023-01-12 15:47:29 - [MESSAGE][PASSED] - Object: 'Object Repository/09-Settings/Organization/button_Delete Organization' is clicked on

2023-01-12 15:47:29 - [TEST_STEP][PASSED] - delay(4): Delayed 4 second(s)

2023-01-12 15:47:34 - [MESSAGE][PASSED] - Delayed 4 second(s)

2023-01-12 15:47:34 - [TEST_STEP][PASSED] - closeBrowser(): Browser is closed

2023-01-12 15:47:36 - [MESSAGE][PASSED] - Browser is closed]]></system-out>
         <system-err><![CDATA[]]></system-err>
      </testcase>
      <system-out><![CDATA[2023-01-12 15:38:47 - [TEST_SUITE][PASSED] - 09.5 - Settings (Organization): Test Cases/09-Settings/25 - Organization - Delete Organization]]></system-out>
      <system-err><![CDATA[]]></system-err>
   </testsuite>
</testsuites>
