<?xml version="1.0" encoding="UTF-8"?>
<testsuites name="13-Income and Expense" time="394.13" tests="12" failures="0" errors="0">
   <testsuite name="13-Income and Expense" tests="12" failures="0" errors="0" time="394.13" skipped="0" timestamp="2023-04-05 13:54:36" hostname="asus - DESKTOP-3L3J9C1" id="Test Suites/TS-Organization/13-Income and Expense">
      <properties>
         <property name="deviceName" value=""/>
         <property name="devicePlatform" value=""/>
         <property name="logFolder" value="C:\\Users\\asus\\Katalon Studio\\Everleagues\\Everleagues\\Reports\\20230405_135423\\TS-Organization\\13-Income and Expense\\20230405_135423"/>
         <property name="logFiles" value="C:\\Users\\asus\\Katalon Studio\\Everleagues\\Everleagues\\Reports\\20230405_135423\\TS-Organization\\13-Income and Expense\\20230405_135423\\execution0.log"/>
         <property name="attachments" value=""/>
         <property name="hostName" value="asus - DESKTOP-3L3J9C1"/>
         <property name="os" value="Windows 10 64bit"/>
         <property name="katalonVersion" value="8.4.1.208"/>
         <property name="browser" value="Chrome 111.0.0.0"/>
         <property name="hostAddress" value="10.100.1.128"/>
         <property name="sessionId" value="6bad83ac5c0809747516b687cd2ed35c"/>
         <property name="seleniumVersion" value="3.141.59"/>
         <property name="proxyInformation" value="ProxyInformation { proxyOption=NO_PROXY, proxyServerType=HTTP, username=, password=********, proxyServerAddress=, proxyServerPort=0, executionList=&quot;&quot;, isApplyToDesiredCapabilities=true }"/>
         <property name="platform" value="Windows 10"/>
      </properties>
      <testcase name="Test Cases/13-Income and Expense/01-Add Company (required field is blank)" time="147.901" classname="Test Cases/13-Income and Expense/01-Add Company (required field is blank)" status="PASSED">
         <system-out><![CDATA[2023-04-05 13:54:37 - [TEST_CASE][PASSED] - Test Cases/13-Income and Expense/01-Add Company (required field is blank): Test Cases/13-Income and Expense/01-Add Company (required field is blank)

2023-04-05 13:54:39 - [TEST_STEP][PASSED] - openBrowser(""): Browser is opened with url: ''

2023-04-05 13:54:41 - [MESSAGE][INFO] - Starting 'Chrome' driver

2023-04-05 13:54:41 - [MESSAGE][INFO] - Action delay is set to 0 milliseconds

2023-04-05 13:54:48 - [MESSAGE][PASSED] - Browser is opened with url: ''

2023-04-05 13:54:48 - [TEST_STEP][PASSED] - navigateToUrl("https://lab.everleagues.com/"): Navigate to 'https://lab.everleagues.com/' successfully

2023-04-05 13:55:13 - [MESSAGE][PASSED] - Navigate to 'https://lab.everleagues.com/' successfully

2023-04-05 13:55:13 - [TEST_STEP][PASSED] - maximizeWindow(): Current window maximized

2023-04-05 13:55:13 - [MESSAGE][PASSED] - Current window maximized

2023-04-05 13:55:13 - [TEST_STEP][PASSED] - callTestCase(findTestCase("01-Login and Forgot Password/04-Login(Valid Credentials-With Subscription)"), [:], STOP_ON_FAILURE): Call Test Case 'Test Cases/01-Login and Forgot Password/04-Login(Valid Credentials-With Subscription)' successfully

2023-04-05 13:55:13 - [TEST_CASE][PASSED] - Test Cases/01-Login and Forgot Password/04-Login(Valid Credentials-With Subscription): Test Cases/01-Login and Forgot Password/04-Login(Valid Credentials-With Subscription)

2023-04-05 13:55:15 - [TEST_STEP][PASSED] - setText(findTestObject("01-Login and Forgot Password/input_Email_email"), "testuser05@mailinator.com"): Text 'testuser05@mailinator.com' is set on object 'Object Repository/01-Login and Forgot Password/input_Email_email'

2023-04-05 13:55:18 - [MESSAGE][PASSED] - Text 'testuser05@mailinator.com' is set on object 'Object Repository/01-Login and Forgot Password/input_Email_email'

2023-04-05 13:55:18 - [TEST_STEP][PASSED] - setEncryptedText(findTestObject("01-Login and Forgot Password/input_Email_password"), "8yFRyszE6U6jvsCn51OQbg=="): Text ****** has been set on object 'Object Repository/01-Login and Forgot Password/input_Email_password'

2023-04-05 13:55:20 - [MESSAGE][PASSED] - Text ****** has been set on object 'Object Repository/01-Login and Forgot Password/input_Email_password'

2023-04-05 13:55:20 - [TEST_STEP][PASSED] - delay(2): Delayed 2 second(s)

2023-04-05 13:55:22 - [MESSAGE][PASSED] - Delayed 2 second(s)

2023-04-05 13:55:22 - [TEST_STEP][PASSED] - click(findTestObject("01-Login and Forgot Password/show pass button")): Object: 'Object Repository/01-Login and Forgot Password/show pass button' is clicked on

2023-04-05 13:55:24 - [MESSAGE][PASSED] - Object: 'Object Repository/01-Login and Forgot Password/show pass button' is clicked on

2023-04-05 13:55:24 - [TEST_STEP][PASSED] - delay(3): Delayed 3 second(s)

2023-04-05 13:55:27 - [MESSAGE][PASSED] - Delayed 3 second(s)

2023-04-05 13:55:27 - [TEST_STEP][PASSED] - click(findTestObject("01-Login and Forgot Password/button_Sign in")): Object: 'Object Repository/01-Login and Forgot Password/button_Sign in' is clicked on

2023-04-05 13:55:28 - [MESSAGE][PASSED] - Object: 'Object Repository/01-Login and Forgot Password/button_Sign in' is clicked on

2023-04-05 13:55:28 - [TEST_STEP][PASSED] - delay(3): Delayed 3 second(s)

2023-04-05 13:55:31 - [MESSAGE][PASSED] - Delayed 3 second(s)

2023-04-05 13:55:31 - [TEST_STEP][PASSED] - click(findTestObject("06-Teams/For 2FA/button_Confirm_2FA")): Object: 'Object Repository/06-Teams/For 2FA/button_Confirm_2FA' is clicked on

2023-04-05 13:55:32 - [MESSAGE][PASSED] - Object: 'Object Repository/06-Teams/For 2FA/button_Confirm_2FA' is clicked on

2023-04-05 13:55:32 - [TEST_STEP][PASSED] - executeJavaScript("window.open();", []): Execute JavaScript 'window.open();' successfully

2023-04-05 13:55:33 - [MESSAGE][PASSED] - Execute JavaScript 'window.open();' successfully

2023-04-05 13:55:33 - [TEST_STEP][PASSED] - currentWindow = getWindowIndex(): Current window's index is: 0

2023-04-05 13:55:33 - [MESSAGE][PASSED] - Current window's index is: 0

2023-04-05 13:55:33 - [TEST_STEP][PASSED] - delay(3): Delayed 3 second(s)

2023-04-05 13:55:36 - [MESSAGE][PASSED] - Delayed 3 second(s)

2023-04-05 13:55:36 - [TEST_STEP][PASSED] - switchToWindowIndex(currentWindow + 1): Switched to window with index: '1'

2023-04-05 13:55:36 - [MESSAGE][PASSED] - Switched to window with index: '1'

2023-04-05 13:55:36 - [TEST_STEP][PASSED] - navigateToUrl("https://www.mailinator.com/"): Navigate to 'https://www.mailinator.com/' successfully

2023-04-05 13:55:43 - [MESSAGE][PASSED] - Navigate to 'https://www.mailinator.com/' successfully

2023-04-05 13:55:43 - [TEST_STEP][PASSED] - delay(3): Delayed 3 second(s)

2023-04-05 13:55:46 - [MESSAGE][PASSED] - Delayed 3 second(s)

2023-04-05 13:55:46 - [TEST_STEP][PASSED] - setText(findTestObject("00-Signup and Activation/zMailinator/input_LOGIN_search"), "testuser05@mailinator.com"): Text 'testuser05@mailinator.com' is set on object 'Object Repository/00-Signup and Activation/zMailinator/input_LOGIN_search'

2023-04-05 13:55:47 - [MESSAGE][PASSED] - Text 'testuser05@mailinator.com' is set on object 'Object Repository/00-Signup and Activation/zMailinator/input_LOGIN_search'

2023-04-05 13:55:47 - [TEST_STEP][PASSED] - click(findTestObject("00-Signup and Activation/zMailinator/gobutton"), STOP_ON_FAILURE): Object: 'Object Repository/00-Signup and Activation/zMailinator/gobutton' is clicked on

2023-04-05 13:55:50 - [MESSAGE][PASSED] - Object: 'Object Repository/00-Signup and Activation/zMailinator/gobutton' is clicked on

2023-04-05 13:55:50 - [TEST_STEP][PASSED] - delay(3): Delayed 3 second(s)

2023-04-05 13:55:53 - [MESSAGE][PASSED] - Delayed 3 second(s)

2023-04-05 13:55:53 - [TEST_STEP][PASSED] - click(findTestObject("00-Signup and Activation/zMailinator/Email - everleagues")): Object: 'Object Repository/00-Signup and Activation/zMailinator/Email - everleagues' is clicked on

2023-04-05 13:55:53 - [MESSAGE][PASSED] - Object: 'Object Repository/00-Signup and Activation/zMailinator/Email - everleagues' is clicked on

2023-04-05 13:55:53 - [TEST_STEP][PASSED] - delay(3): Delayed 3 second(s)

2023-04-05 13:55:56 - [MESSAGE][PASSED] - Delayed 3 second(s)

2023-04-05 13:55:56 - [TEST_STEP][PASSED] - code = getText(findTestObject("Object Repository/06-Teams/For 2FA/2FA code")): Text of object 'Object Repository/06-Teams/For 2FA/2FA code' is: '394130'

2023-04-05 13:55:58 - [MESSAGE][PASSED] - Text of object 'Object Repository/06-Teams/For 2FA/2FA code' is: '394130'

2023-04-05 13:55:58 - [TEST_STEP][PASSED] - delay(3): Delayed 3 second(s)

2023-04-05 13:56:01 - [MESSAGE][PASSED] - Delayed 3 second(s)

2023-04-05 13:56:01 - [TEST_STEP][PASSED] - closeWindowTitle("Mailinator"): Window with title: 'Mailinator' is closed

2023-04-05 13:56:01 - [MESSAGE][PASSED] - Window with title: 'Mailinator' is closed

2023-04-05 13:56:01 - [TEST_STEP][PASSED] - delay(3): Delayed 3 second(s)

2023-04-05 13:56:04 - [MESSAGE][PASSED] - Delayed 3 second(s)

2023-04-05 13:56:04 - [TEST_STEP][PASSED] - switchToWindowIndex(0): Switched to window with index: '0'

2023-04-05 13:56:04 - [MESSAGE][PASSED] - Switched to window with index: '0'

2023-04-05 13:56:04 - [TEST_STEP][PASSED] - delay(3): Delayed 3 second(s)

2023-04-05 13:56:07 - [MESSAGE][PASSED] - Delayed 3 second(s)

2023-04-05 13:56:07 - [TEST_STEP][PASSED] - setText(findTestObject("Object Repository/06-Teams/For 2FA/input_Enter verification code_code"), code): Text '394130' is set on object 'Object Repository/06-Teams/For 2FA/input_Enter verification code_code'

2023-04-05 13:56:09 - [MESSAGE][PASSED] - Text '394130' is set on object 'Object Repository/06-Teams/For 2FA/input_Enter verification code_code'

2023-04-05 13:56:09 - [TEST_STEP][PASSED] - delay(3): Delayed 3 second(s)

2023-04-05 13:56:12 - [MESSAGE][PASSED] - Delayed 3 second(s)

2023-04-05 13:56:12 - [TEST_STEP][PASSED] - click(findTestObject("06-Teams/For 2FA/button_Verify_2FA")): Object: 'Object Repository/06-Teams/For 2FA/button_Verify_2FA' is clicked on

2023-04-05 13:56:14 - [MESSAGE][PASSED] - Object: 'Object Repository/06-Teams/For 2FA/button_Verify_2FA' is clicked on

2023-04-05 13:56:14 - [TEST_STEP][PASSED] - delay(3): Delayed 3 second(s)

2023-04-05 13:56:17 - [MESSAGE][PASSED] - Delayed 3 second(s)

2023-04-05 13:56:17 - [MESSAGE][PASSED] - Call Test Case 'Test Cases/01-Login and Forgot Password/04-Login(Valid Credentials-With Subscription)' successfully

2023-04-05 13:56:17 - [TEST_STEP][PASSED] - click(findTestObject("06-Teams/button_doublearrow")): Object: 'Object Repository/06-Teams/button_doublearrow' is clicked on

2023-04-05 13:56:21 - [MESSAGE][PASSED] - Object: 'Object Repository/06-Teams/button_doublearrow' is clicked on

2023-04-05 13:56:21 - [TEST_STEP][PASSED] - click(findTestObject("06-Teams/button_My Organizations")): Object: 'Object Repository/06-Teams/button_My Organizations' is clicked on

2023-04-05 13:56:22 - [MESSAGE][PASSED] - Object: 'Object Repository/06-Teams/button_My Organizations' is clicked on

2023-04-05 13:56:22 - [TEST_STEP][PASSED] - click(findTestObject("02-Side Icons(Organization)/Add Contact/button_Automation Test Org")): Object: 'Object Repository/02-Side Icons(Organization)/Add Contact/button_Automation Test Org' is clicked on

2023-04-05 13:56:24 - [MESSAGE][PASSED] - Object: 'Object Repository/02-Side Icons(Organization)/Add Contact/button_Automation Test Org' is clicked on

2023-04-05 13:56:24 - [TEST_STEP][PASSED] - delay(4): Delayed 4 second(s)

2023-04-05 13:56:28 - [MESSAGE][PASSED] - Delayed 4 second(s)

2023-04-05 13:56:28 - [TEST_STEP][PASSED] - verifyElementVisible(findTestObject("02-Side Icons(Organization)/Add Contact/span_Automation Test Org")): Object 'Object Repository/02-Side Icons(Organization)/Add Contact/span_Automation Test Org' is visible

2023-04-05 13:56:29 - [MESSAGE][PASSED] - Object 'Object Repository/02-Side Icons(Organization)/Add Contact/span_Automation Test Org' is visible

2023-04-05 13:56:29 - [TEST_STEP][PASSED] - delay(5): Delayed 5 second(s)

2023-04-05 13:56:34 - [MESSAGE][PASSED] - Delayed 5 second(s)

2023-04-05 13:56:34 - [TEST_STEP][PASSED] - scrollToElement(findTestObject("03-Header Menu/Hamburger Button/div_Income and Expense"), 0): Scroll to object 'Object Repository/03-Header Menu/Hamburger Button/div_Income and Expense' successfully

2023-04-05 13:56:34 - [MESSAGE][WARNING] - Timeout '0' is invalid. Using default page load timeout: '30'

2023-04-05 13:56:35 - [MESSAGE][PASSED] - Scroll to object 'Object Repository/03-Header Menu/Hamburger Button/div_Income and Expense' successfully

2023-04-05 13:56:35 - [TEST_STEP][PASSED] - click(findTestObject("03-Header Menu/Hamburger Button/div_Income and Expense")): Object: 'Object Repository/03-Header Menu/Hamburger Button/div_Income and Expense' is clicked on

2023-04-05 13:56:36 - [MESSAGE][PASSED] - Object: 'Object Repository/03-Header Menu/Hamburger Button/div_Income and Expense' is clicked on

2023-04-05 13:56:36 - [TEST_STEP][PASSED] - verifyElementVisible(findTestObject("13-Income and Expense/div_IncomeAndExpense Tracker")): Object 'Object Repository/13-Income and Expense/div_IncomeAndExpense Tracker' is visible

2023-04-05 13:56:40 - [MESSAGE][PASSED] - Object 'Object Repository/13-Income and Expense/div_IncomeAndExpense Tracker' is visible

2023-04-05 13:56:40 - [TEST_STEP][PASSED] - verifyElementVisible(findTestObject("13-Income and Expense/th_Income  Expense Tracker")): Object 'Object Repository/13-Income and Expense/th_Income  Expense Tracker' is visible

2023-04-05 13:56:41 - [MESSAGE][PASSED] - Object 'Object Repository/13-Income and Expense/th_Income  Expense Tracker' is visible

2023-04-05 13:56:41 - [TEST_STEP][PASSED] - delay(3): Delayed 3 second(s)

2023-04-05 13:56:44 - [MESSAGE][PASSED] - Delayed 3 second(s)

2023-04-05 13:56:44 - [TEST_STEP][PASSED] - click(findTestObject("13-Income and Expense/button_ADD COMPANY")): Object: 'Object Repository/13-Income and Expense/button_ADD COMPANY' is clicked on

2023-04-05 13:56:45 - [MESSAGE][PASSED] - Object: 'Object Repository/13-Income and Expense/button_ADD COMPANY' is clicked on

2023-04-05 13:56:45 - [TEST_STEP][PASSED] - click(findTestObject("13-Income and Expense/mat-icon_clear")): Object: 'Object Repository/13-Income and Expense/mat-icon_clear' is clicked on

2023-04-05 13:56:47 - [MESSAGE][PASSED] - Object: 'Object Repository/13-Income and Expense/mat-icon_clear' is clicked on

2023-04-05 13:56:47 - [TEST_STEP][PASSED] - delay(3): Delayed 3 second(s)

2023-04-05 13:56:50 - [MESSAGE][PASSED] - Delayed 3 second(s)

2023-04-05 13:56:50 - [TEST_STEP][PASSED] - click(findTestObject("13-Income and Expense/button_ADD COMPANY")): Object: 'Object Repository/13-Income and Expense/button_ADD COMPANY' is clicked on

2023-04-05 13:56:51 - [MESSAGE][PASSED] - Object: 'Object Repository/13-Income and Expense/button_ADD COMPANY' is clicked on

2023-04-05 13:56:51 - [TEST_STEP][PASSED] - verifyElementVisible(findTestObject("13-Income and Expense/mat-dialog-container_Add CompanyModal")): Object 'Object Repository/13-Income and Expense/mat-dialog-container_Add CompanyModal' is visible

2023-04-05 13:56:54 - [MESSAGE][PASSED] - Object 'Object Repository/13-Income and Expense/mat-dialog-container_Add CompanyModal' is visible

2023-04-05 13:56:54 - [TEST_STEP][PASSED] - click(findTestObject("13-Income and Expense/input_CompanyName")): Object: 'Object Repository/13-Income and Expense/input_CompanyName' is clicked on

2023-04-05 13:56:55 - [MESSAGE][PASSED] - Object: 'Object Repository/13-Income and Expense/input_CompanyName' is clicked on

2023-04-05 13:56:55 - [TEST_STEP][PASSED] - click(findTestObject("13-Income and Expense/dropdown_CompanyType")): Object: 'Object Repository/13-Income and Expense/dropdown_CompanyType' is clicked on

2023-04-05 13:56:56 - [MESSAGE][PASSED] - Object: 'Object Repository/13-Income and Expense/dropdown_CompanyType' is clicked on

2023-04-05 13:56:56 - [TEST_STEP][PASSED] - doubleClick(findTestObject("13-Income and Expense/input_CompanyName")): Object: 'Object Repository/13-Income and Expense/input_CompanyName' is double clicked on

2023-04-05 13:56:57 - [MESSAGE][PASSED] - Object: 'Object Repository/13-Income and Expense/input_CompanyName' is double clicked on

2023-04-05 13:56:57 - [TEST_STEP][PASSED] - click(findTestObject("13-Income and Expense/dropdown_ChoosingDate")): Object: 'Object Repository/13-Income and Expense/dropdown_ChoosingDate' is clicked on

2023-04-05 13:56:58 - [MESSAGE][PASSED] - Object: 'Object Repository/13-Income and Expense/dropdown_ChoosingDate' is clicked on

2023-04-05 13:56:58 - [TEST_STEP][PASSED] - doubleClick(findTestObject("13-Income and Expense/mat-icon_account")): Object: 'Object Repository/13-Income and Expense/mat-icon_account' is double clicked on

2023-04-05 13:56:59 - [MESSAGE][PASSED] - Object: 'Object Repository/13-Income and Expense/mat-icon_account' is double clicked on

2023-04-05 13:56:59 - [TEST_STEP][PASSED] - click(findTestObject("13-Income and Expense/input_CompanyName")): Object: 'Object Repository/13-Income and Expense/input_CompanyName' is clicked on

2023-04-05 13:57:00 - [MESSAGE][PASSED] - Object: 'Object Repository/13-Income and Expense/input_CompanyName' is clicked on

2023-04-05 13:57:00 - [TEST_STEP][PASSED] - verifyElementVisible(findTestObject("13-Income and Expense/mat-error_Company name is required")): Object 'Object Repository/13-Income and Expense/mat-error_Company name is required' is visible

2023-04-05 13:57:01 - [MESSAGE][PASSED] - Object 'Object Repository/13-Income and Expense/mat-error_Company name is required' is visible

2023-04-05 13:57:01 - [TEST_STEP][PASSED] - verifyElementVisible(findTestObject("13-Income and Expense/mat-error_Company type is required")): Object 'Object Repository/13-Income and Expense/mat-error_Company type is required' is visible

2023-04-05 13:57:01 - [MESSAGE][PASSED] - Object 'Object Repository/13-Income and Expense/mat-error_Company type is required' is visible

2023-04-05 13:57:01 - [TEST_STEP][PASSED] - verifyElementNotClickable(findTestObject("13-Income and Expense/button_BEGIN")): Object 'Object Repository/13-Income and Expense/button_BEGIN' is NOT clickable

2023-04-05 13:57:02 - [MESSAGE][PASSED] - Object 'Object Repository/13-Income and Expense/button_BEGIN' is NOT clickable

2023-04-05 13:57:02 - [TEST_STEP][PASSED] - delay(3): Delayed 3 second(s)

2023-04-05 13:57:05 - [MESSAGE][PASSED] - Delayed 3 second(s)]]></system-out>
         <system-err><![CDATA[]]></system-err>
      </testcase>
      <testcase name="Test Cases/13-Income and Expense/02-Add Company (fill out required field)" time="15.594" classname="Test Cases/13-Income and Expense/02-Add Company (fill out required field)" status="PASSED">
         <system-out><![CDATA[2023-04-05 13:57:05 - [TEST_CASE][PASSED] - Test Cases/13-Income and Expense/02-Add Company (fill out required field): Test Cases/13-Income and Expense/02-Add Company (fill out required field)

2023-04-05 13:57:07 - [TEST_STEP][PASSED] - setText(findTestObject("13-Income and Expense/input_CompanyName"), "Automation Company"): Text 'Automation Company' is set on object 'Object Repository/13-Income and Expense/input_CompanyName'

2023-04-05 13:57:08 - [MESSAGE][PASSED] - Text 'Automation Company' is set on object 'Object Repository/13-Income and Expense/input_CompanyName'

2023-04-05 13:57:08 - [TEST_STEP][PASSED] - click(findTestObject("13-Income and Expense/dropdown_CompanyType")): Object: 'Object Repository/13-Income and Expense/dropdown_CompanyType' is clicked on

2023-04-05 13:57:09 - [MESSAGE][PASSED] - Object: 'Object Repository/13-Income and Expense/dropdown_CompanyType' is clicked on

2023-04-05 13:57:09 - [TEST_STEP][PASSED] - click(findTestObject("13-Income and Expense/mat-option_Consulting")): Object: 'Object Repository/13-Income and Expense/mat-option_Consulting' is clicked on

2023-04-05 13:57:10 - [MESSAGE][PASSED] - Object: 'Object Repository/13-Income and Expense/mat-option_Consulting' is clicked on

2023-04-05 13:57:10 - [TEST_STEP][PASSED] - click(findTestObject("13-Income and Expense/dropdown_ChoosingDate")): Object: 'Object Repository/13-Income and Expense/dropdown_ChoosingDate' is clicked on

2023-04-05 13:57:11 - [MESSAGE][PASSED] - Object: 'Object Repository/13-Income and Expense/dropdown_ChoosingDate' is clicked on

2023-04-05 13:57:11 - [TEST_STEP][PASSED] - click(findTestObject("13-Income and Expense/mat-option_End of September")): Object: 'Object Repository/13-Income and Expense/mat-option_End of September' is clicked on

2023-04-05 13:57:12 - [MESSAGE][PASSED] - Object: 'Object Repository/13-Income and Expense/mat-option_End of September' is clicked on

2023-04-05 13:57:12 - [TEST_STEP][PASSED] - click(findTestObject("13-Income and Expense/mat-icon_account")): Object: 'Object Repository/13-Income and Expense/mat-icon_account' is clicked on

2023-04-05 13:57:13 - [MESSAGE][PASSED] - Object: 'Object Repository/13-Income and Expense/mat-icon_account' is clicked on

2023-04-05 13:57:13 - [TEST_STEP][PASSED] - click(findTestObject("13-Income and Expense/mat-option_GG TESTER")): Object: 'Object Repository/13-Income and Expense/mat-option_GG TESTER' is clicked on

2023-04-05 13:57:16 - [MESSAGE][PASSED] - Object: 'Object Repository/13-Income and Expense/mat-option_GG TESTER' is clicked on

2023-04-05 13:57:16 - [TEST_STEP][PASSED] - delay(1): Delayed 1 second(s)

2023-04-05 13:57:17 - [MESSAGE][PASSED] - Delayed 1 second(s)

2023-04-05 13:57:17 - [TEST_STEP][PASSED] - click(findTestObject("13-Income and Expense/button_BEGIN")): Object: 'Object Repository/13-Income and Expense/button_BEGIN' is clicked on

2023-04-05 13:57:18 - [MESSAGE][PASSED] - Object: 'Object Repository/13-Income and Expense/button_BEGIN' is clicked on

2023-04-05 13:57:18 - [TEST_STEP][PASSED] - delay(3): Delayed 3 second(s)

2023-04-05 13:57:21 - [MESSAGE][PASSED] - Delayed 3 second(s)]]></system-out>
         <system-err><![CDATA[]]></system-err>
      </testcase>
      <testcase name="Test Cases/13-Income and Expense/03-Add receipt (required field is blank)" time="24.051" classname="Test Cases/13-Income and Expense/03-Add receipt (required field is blank)" status="PASSED">
         <system-out><![CDATA[2023-04-05 13:57:21 - [TEST_CASE][PASSED] - Test Cases/13-Income and Expense/03-Add receipt (required field is blank): Test Cases/13-Income and Expense/03-Add receipt (required field is blank)

2023-04-05 13:57:22 - [TEST_STEP][PASSED] - click(findTestObject("13-Income and Expense/button_addReceipt")): Object: 'Object Repository/13-Income and Expense/button_addReceipt' is clicked on

2023-04-05 13:57:24 - [MESSAGE][PASSED] - Object: 'Object Repository/13-Income and Expense/button_addReceipt' is clicked on

2023-04-05 13:57:24 - [TEST_STEP][PASSED] - click(findTestObject("13-Income and Expense/mat-icon_clear")): Object: 'Object Repository/13-Income and Expense/mat-icon_clear' is clicked on

2023-04-05 13:57:26 - [MESSAGE][PASSED] - Object: 'Object Repository/13-Income and Expense/mat-icon_clear' is clicked on

2023-04-05 13:57:26 - [TEST_STEP][PASSED] - delay(3): Delayed 3 second(s)

2023-04-05 13:57:29 - [MESSAGE][PASSED] - Delayed 3 second(s)

2023-04-05 13:57:29 - [TEST_STEP][PASSED] - click(findTestObject("13-Income and Expense/button_addReceipt")): Object: 'Object Repository/13-Income and Expense/button_addReceipt' is clicked on

2023-04-05 13:57:30 - [MESSAGE][PASSED] - Object: 'Object Repository/13-Income and Expense/button_addReceipt' is clicked on

2023-04-05 13:57:30 - [TEST_STEP][PASSED] - verifyElementVisible(findTestObject("13-Income and Expense/mat-dialog-container_Add ReceiptModal")): Object 'Object Repository/13-Income and Expense/mat-dialog-container_Add ReceiptModal' is visible

2023-04-05 13:57:32 - [MESSAGE][PASSED] - Object 'Object Repository/13-Income and Expense/mat-dialog-container_Add ReceiptModal' is visible

2023-04-05 13:57:32 - [TEST_STEP][PASSED] - click(findTestObject("13-Income and Expense/input_VendorName")): Object: 'Object Repository/13-Income and Expense/input_VendorName' is clicked on

2023-04-05 13:57:32 - [MESSAGE][PASSED] - Object: 'Object Repository/13-Income and Expense/input_VendorName' is clicked on

2023-04-05 13:57:32 - [TEST_STEP][PASSED] - sendKeys(findTestObject("13-Income and Expense/input_VendorName"), Keys.chord(ESCAPE)): Keys 'ESCAPE + ' sent to object: 'Object Repository/13-Income and Expense/input_VendorName'

2023-04-05 13:57:33 - [MESSAGE][PASSED] - Keys 'ESCAPE + ' sent to object: 'Object Repository/13-Income and Expense/input_VendorName'

2023-04-05 13:57:33 - [TEST_STEP][PASSED] - click(findTestObject("13-Income and Expense/input_AccountType")): Object: 'Object Repository/13-Income and Expense/input_AccountType' is clicked on

2023-04-05 13:57:34 - [MESSAGE][PASSED] - Object: 'Object Repository/13-Income and Expense/input_AccountType' is clicked on

2023-04-05 13:57:34 - [TEST_STEP][PASSED] - doubleClick(findTestObject("13-Income and Expense/input_VendorName")): Object: 'Object Repository/13-Income and Expense/input_VendorName' is double clicked on

2023-04-05 13:57:36 - [MESSAGE][PASSED] - Object: 'Object Repository/13-Income and Expense/input_VendorName' is double clicked on

2023-04-05 13:57:36 - [TEST_STEP][PASSED] - click(findTestObject("13-Income and Expense/input_Amount")): Object: 'Object Repository/13-Income and Expense/input_Amount' is clicked on

2023-04-05 13:57:36 - [MESSAGE][PASSED] - Object: 'Object Repository/13-Income and Expense/input_Amount' is clicked on

2023-04-05 13:57:36 - [TEST_STEP][PASSED] - click(findTestObject("13-Income and Expense/input_VendorName")): Object: 'Object Repository/13-Income and Expense/input_VendorName' is clicked on

2023-04-05 13:57:37 - [MESSAGE][PASSED] - Object: 'Object Repository/13-Income and Expense/input_VendorName' is clicked on

2023-04-05 13:57:37 - [TEST_STEP][PASSED] - sendKeys(findTestObject("13-Income and Expense/input_VendorName"), Keys.chord(ESCAPE)): Keys 'ESCAPE + ' sent to object: 'Object Repository/13-Income and Expense/input_VendorName'

2023-04-05 13:57:38 - [MESSAGE][PASSED] - Keys 'ESCAPE + ' sent to object: 'Object Repository/13-Income and Expense/input_VendorName'

2023-04-05 13:57:38 - [TEST_STEP][PASSED] - verifyElementVisible(findTestObject("13-Income and Expense/mat-error_Vendor name is required")): Object 'Object Repository/13-Income and Expense/mat-error_Vendor name is required' is visible

2023-04-05 13:57:39 - [MESSAGE][PASSED] - Object 'Object Repository/13-Income and Expense/mat-error_Vendor name is required' is visible

2023-04-05 13:57:39 - [TEST_STEP][PASSED] - verifyElementVisible(findTestObject("13-Income and Expense/mat-error_account type is required")): Object 'Object Repository/13-Income and Expense/mat-error_account type is required' is visible

2023-04-05 13:57:39 - [MESSAGE][PASSED] - Object 'Object Repository/13-Income and Expense/mat-error_account type is required' is visible

2023-04-05 13:57:39 - [TEST_STEP][PASSED] - verifyElementVisible(findTestObject("13-Income and Expense/mat-error_Receipt amount is required")): Object 'Object Repository/13-Income and Expense/mat-error_Receipt amount is required' is visible

2023-04-05 13:57:40 - [MESSAGE][PASSED] - Object 'Object Repository/13-Income and Expense/mat-error_Receipt amount is required' is visible

2023-04-05 13:57:40 - [TEST_STEP][PASSED] - verifyElementVisible(findTestObject("13-Income and Expense/mat-hint_Required")): Object 'Object Repository/13-Income and Expense/mat-hint_Required' is visible

2023-04-05 13:57:41 - [MESSAGE][PASSED] - Object 'Object Repository/13-Income and Expense/mat-hint_Required' is visible

2023-04-05 13:57:41 - [TEST_STEP][PASSED] - scrollToElement(findTestObject("13-Income and Expense/button_Done"), 0): Scroll to object 'Object Repository/13-Income and Expense/button_Done' successfully

2023-04-05 13:57:41 - [MESSAGE][WARNING] - Timeout '0' is invalid. Using default page load timeout: '30'

2023-04-05 13:57:41 - [MESSAGE][PASSED] - Scroll to object 'Object Repository/13-Income and Expense/button_Done' successfully

2023-04-05 13:57:41 - [TEST_STEP][PASSED] - verifyElementNotClickable(findTestObject("13-Income and Expense/button_Done")): Object 'Object Repository/13-Income and Expense/button_Done' is NOT clickable

2023-04-05 13:57:42 - [MESSAGE][PASSED] - Object 'Object Repository/13-Income and Expense/button_Done' is NOT clickable

2023-04-05 13:57:42 - [TEST_STEP][PASSED] - delay(3): Delayed 3 second(s)

2023-04-05 13:57:45 - [MESSAGE][PASSED] - Delayed 3 second(s)]]></system-out>
         <system-err><![CDATA[]]></system-err>
      </testcase>
      <testcase name="Test Cases/13-Income and Expense/04-Add Receipt (Amount is less than 0)" time="7.518" classname="Test Cases/13-Income and Expense/04-Add Receipt (Amount is less than 0)" status="PASSED">
         <system-out><![CDATA[2023-04-05 13:57:45 - [TEST_CASE][PASSED] - Test Cases/13-Income and Expense/04-Add Receipt (Amount is less than 0): Test Cases/13-Income and Expense/04-Add Receipt (Amount is less than 0)

2023-04-05 13:57:47 - [TEST_STEP][PASSED] - setText(findTestObject("13-Income and Expense/input_Amount"), "-9"): Text '-9' is set on object 'Object Repository/13-Income and Expense/input_Amount'

2023-04-05 13:57:48 - [MESSAGE][PASSED] - Text '-9' is set on object 'Object Repository/13-Income and Expense/input_Amount'

2023-04-05 13:57:48 - [TEST_STEP][PASSED] - click(findTestObject("13-Income and Expense/input_VendorName")): Object: 'Object Repository/13-Income and Expense/input_VendorName' is clicked on

2023-04-05 13:57:49 - [MESSAGE][PASSED] - Object: 'Object Repository/13-Income and Expense/input_VendorName' is clicked on

2023-04-05 13:57:49 - [TEST_STEP][PASSED] - verifyElementVisible(findTestObject("13-Income and Expense/mat-error_Receipt amount should be greater than 0")): Object 'Object Repository/13-Income and Expense/mat-error_Receipt amount should be greater than 0' is visible

2023-04-05 13:57:49 - [MESSAGE][PASSED] - Object 'Object Repository/13-Income and Expense/mat-error_Receipt amount should be greater than 0' is visible

2023-04-05 13:57:49 - [TEST_STEP][PASSED] - delay(3): Delayed 3 second(s)

2023-04-05 13:57:52 - [MESSAGE][PASSED] - Delayed 3 second(s)]]></system-out>
         <system-err><![CDATA[]]></system-err>
      </testcase>
      <testcase name="Test Cases/13-Income and Expense/05-Add receipt (fill out required field)" time="27.606" classname="Test Cases/13-Income and Expense/05-Add receipt (fill out required field)" status="PASSED">
         <system-out><![CDATA[2023-04-05 13:57:52 - [TEST_CASE][PASSED] - Test Cases/13-Income and Expense/05-Add receipt (fill out required field): Test Cases/13-Income and Expense/05-Add receipt (fill out required field)

2023-04-05 13:57:55 - [TEST_STEP][PASSED] - setText(findTestObject("13-Income and Expense/input_VendorName"), "GG Automation"): Text 'GG Automation' is set on object 'Object Repository/13-Income and Expense/input_VendorName'

2023-04-05 13:57:57 - [MESSAGE][PASSED] - Text 'GG Automation' is set on object 'Object Repository/13-Income and Expense/input_VendorName'

2023-04-05 13:57:57 - [TEST_STEP][PASSED] - click(findTestObject("13-Income and Expense/input_AccountType")): Object: 'Object Repository/13-Income and Expense/input_AccountType' is clicked on

2023-04-05 13:57:59 - [MESSAGE][PASSED] - Object: 'Object Repository/13-Income and Expense/input_AccountType' is clicked on

2023-04-05 13:57:59 - [TEST_STEP][PASSED] - click(findTestObject("13-Income and Expense/mat-option_5090-Other income")): Object: 'Object Repository/13-Income and Expense/mat-option_5090-Other income' is clicked on

2023-04-05 13:58:01 - [MESSAGE][PASSED] - Object: 'Object Repository/13-Income and Expense/mat-option_5090-Other income' is clicked on

2023-04-05 13:58:01 - [TEST_STEP][PASSED] - click(findTestObject("13-Income and Expense/button_Receipt Date")): Object: 'Object Repository/13-Income and Expense/button_Receipt Date' is clicked on

2023-04-05 13:58:04 - [MESSAGE][PASSED] - Object: 'Object Repository/13-Income and Expense/button_Receipt Date' is clicked on

2023-04-05 13:58:04 - [TEST_STEP][PASSED] - clickOffset(findTestObject("13-Income and Expense/button_Receipt Date"), 10, 10): Object: 'Object Repository/13-Income and Expense/button_Receipt Date' is clicked on using offset x=10 and y=10

2023-04-05 13:58:05 - [MESSAGE][PASSED] - Object: 'Object Repository/13-Income and Expense/button_Receipt Date' is clicked on using offset x=10 and y=10

2023-04-05 13:58:05 - [TEST_STEP][PASSED] - setText(findTestObject("13-Income and Expense/input_Amount"), "30000"): Text '30000' is set on object 'Object Repository/13-Income and Expense/input_Amount'

2023-04-05 13:58:07 - [MESSAGE][PASSED] - Text '30000' is set on object 'Object Repository/13-Income and Expense/input_Amount'

2023-04-05 13:58:07 - [TEST_STEP][PASSED] - setText(findTestObject("13-Income and Expense/input_AddANote"), "Receipt Note"): Text 'Receipt Note' is set on object 'Object Repository/13-Income and Expense/input_AddANote'

2023-04-05 13:58:09 - [MESSAGE][PASSED] - Text 'Receipt Note' is set on object 'Object Repository/13-Income and Expense/input_AddANote'

2023-04-05 13:58:09 - [TEST_STEP][PASSED] - uploadpackage.Upload.uploadFile(findTestObject("Object Repository/13-Income and Expense/div_Required_uploadfilecontainer"), "C:\Users\asus\Desktop\EL automation\sample.pdf"): uploadpackage.Upload.uploadFile is PASSED

2023-04-05 13:58:10 - [MESSAGE][PASSED] - Object: 'Object Repository/13-Income and Expense/div_Required_uploadfilecontainer' is clicked on

2023-04-05 13:58:12 - [MESSAGE][PASSED] - uploadpackage.Upload.uploadFile is PASSED

2023-04-05 13:58:12 - [TEST_STEP][PASSED] - delay(3): Delayed 3 second(s)

2023-04-05 13:58:15 - [MESSAGE][PASSED] - Delayed 3 second(s)

2023-04-05 13:58:15 - [TEST_STEP][PASSED] - click(findTestObject("13-Income and Expense/button_Done")): Object: 'Object Repository/13-Income and Expense/button_Done' is clicked on

2023-04-05 13:58:17 - [MESSAGE][PASSED] - Object: 'Object Repository/13-Income and Expense/button_Done' is clicked on

2023-04-05 13:58:17 - [TEST_STEP][PASSED] - delay(3): Delayed 3 second(s)

2023-04-05 13:58:20 - [MESSAGE][PASSED] - Delayed 3 second(s)]]></system-out>
         <system-err><![CDATA[]]></system-err>
      </testcase>
      <testcase name="Test Cases/13-Income and Expense/06-Update report - Select Fiscal Year" time="18.01" classname="Test Cases/13-Income and Expense/06-Update report - Select Fiscal Year" status="PASSED">
         <system-out><![CDATA[2023-04-05 13:58:20 - [TEST_CASE][PASSED] - Test Cases/13-Income and Expense/06-Update report - Select Fiscal Year: Test Cases/13-Income and Expense/06-Update report - Select Fiscal Year

2023-04-05 13:58:23 - [TEST_STEP][PASSED] - click(findTestObject("13-Income and Expense/button_UPDATE")): Object: 'Object Repository/13-Income and Expense/button_UPDATE' is clicked on

2023-04-05 13:58:24 - [MESSAGE][PASSED] - Object: 'Object Repository/13-Income and Expense/button_UPDATE' is clicked on

2023-04-05 13:58:24 - [TEST_STEP][PASSED] - verifyElementVisible(findTestObject("13-Income and Expense/h6-Automation Company")): Object 'Object Repository/13-Income and Expense/h6-Automation Company' is visible

2023-04-05 13:58:27 - [MESSAGE][PASSED] - Object 'Object Repository/13-Income and Expense/h6-Automation Company' is visible

2023-04-05 13:58:27 - [TEST_STEP][PASSED] - click(findTestObject("13-Income and Expense/button_BACK")): Object: 'Object Repository/13-Income and Expense/button_BACK' is clicked on

2023-04-05 13:58:28 - [MESSAGE][PASSED] - Object: 'Object Repository/13-Income and Expense/button_BACK' is clicked on

2023-04-05 13:58:28 - [TEST_STEP][PASSED] - delay(2): Delayed 2 second(s)

2023-04-05 13:58:30 - [MESSAGE][PASSED] - Delayed 2 second(s)

2023-04-05 13:58:30 - [TEST_STEP][PASSED] - click(findTestObject("13-Income and Expense/button_insert_chart_outlinedUPDATE")): Object: 'Object Repository/13-Income and Expense/button_insert_chart_outlinedUPDATE' is clicked on

2023-04-05 13:58:31 - [MESSAGE][PASSED] - Object: 'Object Repository/13-Income and Expense/button_insert_chart_outlinedUPDATE' is clicked on

2023-04-05 13:58:31 - [TEST_STEP][PASSED] - click(findTestObject("13-Income and Expense/div_Select Fiscal Year")): Object: 'Object Repository/13-Income and Expense/div_Select Fiscal Year' is clicked on

2023-04-05 13:58:34 - [MESSAGE][PASSED] - Object: 'Object Repository/13-Income and Expense/div_Select Fiscal Year' is clicked on

2023-04-05 13:58:34 - [TEST_STEP][PASSED] - click(findTestObject("13-Income and Expense/mat-option_92023")): Object: 'Object Repository/13-Income and Expense/mat-option_92023' is clicked on

2023-04-05 13:58:35 - [MESSAGE][PASSED] - Object: 'Object Repository/13-Income and Expense/mat-option_92023' is clicked on

2023-04-05 13:58:35 - [TEST_STEP][PASSED] - delay(3): Delayed 3 second(s)

2023-04-05 13:58:38 - [MESSAGE][PASSED] - Delayed 3 second(s)]]></system-out>
         <system-err><![CDATA[]]></system-err>
      </testcase>
      <testcase name="Test Cases/13-Income and Expense/07-Update report - Download As" time="14.076" classname="Test Cases/13-Income and Expense/07-Update report - Download As" status="PASSED">
         <system-out><![CDATA[2023-04-05 13:58:38 - [TEST_CASE][PASSED] - Test Cases/13-Income and Expense/07-Update report - Download As: Test Cases/13-Income and Expense/07-Update report - Download As

2023-04-05 13:58:40 - [TEST_STEP][PASSED] - click(findTestObject("13-Income and Expense/div_Download As")): Object: 'Object Repository/13-Income and Expense/div_Download As' is clicked on

2023-04-05 13:58:41 - [MESSAGE][PASSED] - Object: 'Object Repository/13-Income and Expense/div_Download As' is clicked on

2023-04-05 13:58:41 - [TEST_STEP][PASSED] - click(findTestObject("13-Income and Expense/mat-option_PDF")): Object: 'Object Repository/13-Income and Expense/mat-option_PDF' is clicked on

2023-04-05 13:58:42 - [MESSAGE][PASSED] - Object: 'Object Repository/13-Income and Expense/mat-option_PDF' is clicked on

2023-04-05 13:58:42 - [TEST_STEP][PASSED] - click(findTestObject("13-Income and Expense/button_download1")): Object: 'Object Repository/13-Income and Expense/button_download1' is clicked on

2023-04-05 13:58:44 - [MESSAGE][PASSED] - Object: 'Object Repository/13-Income and Expense/button_download1' is clicked on

2023-04-05 13:58:44 - [TEST_STEP][PASSED] - delay(3): Delayed 3 second(s)

2023-04-05 13:58:47 - [MESSAGE][PASSED] - Delayed 3 second(s)

2023-04-05 13:58:47 - [TEST_STEP][PASSED] - click(findTestObject("13-Income and Expense/div_Download As")): Object: 'Object Repository/13-Income and Expense/div_Download As' is clicked on

2023-04-05 13:58:48 - [MESSAGE][PASSED] - Object: 'Object Repository/13-Income and Expense/div_Download As' is clicked on

2023-04-05 13:58:48 - [TEST_STEP][PASSED] - click(findTestObject("13-Income and Expense/mat-option_EXCELCSV")): Object: 'Object Repository/13-Income and Expense/mat-option_EXCELCSV' is clicked on

2023-04-05 13:58:48 - [MESSAGE][PASSED] - Object: 'Object Repository/13-Income and Expense/mat-option_EXCELCSV' is clicked on

2023-04-05 13:58:48 - [TEST_STEP][PASSED] - click(findTestObject("13-Income and Expense/button_download1")): Object: 'Object Repository/13-Income and Expense/button_download1' is clicked on

2023-04-05 13:58:49 - [MESSAGE][PASSED] - Object: 'Object Repository/13-Income and Expense/button_download1' is clicked on

2023-04-05 13:58:49 - [TEST_STEP][PASSED] - delay(3): Delayed 3 second(s)

2023-04-05 13:58:52 - [MESSAGE][PASSED] - Delayed 3 second(s)]]></system-out>
         <system-err><![CDATA[]]></system-err>
      </testcase>
      <testcase name="Test Cases/13-Income and Expense/08-Update report - View and download receipt" time="48.945" classname="Test Cases/13-Income and Expense/08-Update report - View and download receipt" status="PASSED">
         <system-out><![CDATA[2023-04-05 13:58:52 - [TEST_CASE][PASSED] - Test Cases/13-Income and Expense/08-Update report - View and download receipt: Test Cases/13-Income and Expense/08-Update report - View and download receipt

2023-04-05 13:58:55 - [TEST_STEP][PASSED] - click(findTestObject("13-Income and Expense/button_visibility")): Object: 'Object Repository/13-Income and Expense/button_visibility' is clicked on

2023-04-05 13:58:56 - [MESSAGE][PASSED] - Object: 'Object Repository/13-Income and Expense/button_visibility' is clicked on

2023-04-05 13:58:56 - [TEST_STEP][PASSED] - refresh(): Refresh successfully

2023-04-05 13:59:07 - [MESSAGE][PASSED] - Refresh successfully

2023-04-05 13:59:07 - [TEST_STEP][PASSED] - delay(2): Delayed 2 second(s)

2023-04-05 13:59:09 - [MESSAGE][PASSED] - Delayed 2 second(s)

2023-04-05 13:59:09 - [TEST_STEP][PASSED] - refresh(): Refresh successfully

2023-04-05 13:59:14 - [MESSAGE][PASSED] - Refresh successfully

2023-04-05 13:59:14 - [TEST_STEP][PASSED] - delay(2): Delayed 2 second(s)

2023-04-05 13:59:16 - [MESSAGE][PASSED] - Delayed 2 second(s)

2023-04-05 13:59:16 - [TEST_STEP][PASSED] - scrollToElement(findTestObject("03-Header Menu/Hamburger Button/div_Income and Expense"), 0): Scroll to object 'Object Repository/03-Header Menu/Hamburger Button/div_Income and Expense' successfully

2023-04-05 13:59:17 - [MESSAGE][WARNING] - Timeout '0' is invalid. Using default page load timeout: '30'

2023-04-05 13:59:27 - [MESSAGE][PASSED] - Scroll to object 'Object Repository/03-Header Menu/Hamburger Button/div_Income and Expense' successfully

2023-04-05 13:59:27 - [TEST_STEP][PASSED] - click(findTestObject("03-Header Menu/Hamburger Button/div_Income and Expense")): Object: 'Object Repository/03-Header Menu/Hamburger Button/div_Income and Expense' is clicked on

2023-04-05 13:59:28 - [MESSAGE][PASSED] - Object: 'Object Repository/03-Header Menu/Hamburger Button/div_Income and Expense' is clicked on

2023-04-05 13:59:28 - [TEST_STEP][PASSED] - delay(2): Delayed 2 second(s)

2023-04-05 13:59:30 - [MESSAGE][PASSED] - Delayed 2 second(s)

2023-04-05 13:59:30 - [TEST_STEP][PASSED] - click(findTestObject("13-Income and Expense/button_UPDATE")): Object: 'Object Repository/13-Income and Expense/button_UPDATE' is clicked on

2023-04-05 13:59:31 - [MESSAGE][PASSED] - Object: 'Object Repository/13-Income and Expense/button_UPDATE' is clicked on

2023-04-05 13:59:31 - [TEST_STEP][PASSED] - delay(2): Delayed 2 second(s)

2023-04-05 13:59:33 - [MESSAGE][PASSED] - Delayed 2 second(s)

2023-04-05 13:59:33 - [TEST_STEP][PASSED] - scrollToElement(findTestObject("13-Income and Expense/button_visibility"), 0): Scroll to object 'Object Repository/13-Income and Expense/button_visibility' successfully

2023-04-05 13:59:34 - [MESSAGE][WARNING] - Timeout '0' is invalid. Using default page load timeout: '30'

2023-04-05 13:59:34 - [MESSAGE][PASSED] - Scroll to object 'Object Repository/13-Income and Expense/button_visibility' successfully

2023-04-05 13:59:34 - [TEST_STEP][PASSED] - delay(2): Delayed 2 second(s)

2023-04-05 13:59:36 - [MESSAGE][PASSED] - Delayed 2 second(s)

2023-04-05 13:59:36 - [TEST_STEP][PASSED] - scrollToElement(findTestObject("13-Income and Expense/label_Income and Expense Report"), 0): Scroll to object 'Object Repository/13-Income and Expense/label_Income and Expense Report' successfully

2023-04-05 13:59:37 - [MESSAGE][WARNING] - Timeout '0' is invalid. Using default page load timeout: '30'

2023-04-05 13:59:37 - [MESSAGE][PASSED] - Scroll to object 'Object Repository/13-Income and Expense/label_Income and Expense Report' successfully

2023-04-05 13:59:37 - [TEST_STEP][PASSED] - click(findTestObject("13-Income and Expense/button_download2")): Object: 'Object Repository/13-Income and Expense/button_download2' is clicked on

2023-04-05 13:59:38 - [MESSAGE][PASSED] - Object: 'Object Repository/13-Income and Expense/button_download2' is clicked on

2023-04-05 13:59:38 - [TEST_STEP][PASSED] - delay(3): Delayed 3 second(s)

2023-04-05 13:59:41 - [MESSAGE][PASSED] - Delayed 3 second(s)]]></system-out>
         <system-err><![CDATA[]]></system-err>
      </testcase>
      <testcase name="Test Cases/13-Income and Expense/09-Update report - Edit receipt" time="29.127" classname="Test Cases/13-Income and Expense/09-Update report - Edit receipt" status="PASSED">
         <system-out><![CDATA[2023-04-05 13:59:41 - [TEST_CASE][PASSED] - Test Cases/13-Income and Expense/09-Update report - Edit receipt: Test Cases/13-Income and Expense/09-Update report - Edit receipt

2023-04-05 13:59:44 - [TEST_STEP][PASSED] - click(findTestObject("13-Income and Expense/button_edit")): Object: 'Object Repository/13-Income and Expense/button_edit' is clicked on

2023-04-05 13:59:45 - [MESSAGE][PASSED] - Object: 'Object Repository/13-Income and Expense/button_edit' is clicked on

2023-04-05 13:59:45 - [TEST_STEP][PASSED] - click(findTestObject("13-Income and Expense/button_CANCEL")): Object: 'Object Repository/13-Income and Expense/button_CANCEL' is clicked on

2023-04-05 13:59:48 - [MESSAGE][PASSED] - Object: 'Object Repository/13-Income and Expense/button_CANCEL' is clicked on

2023-04-05 13:59:48 - [TEST_STEP][PASSED] - delay(2): Delayed 2 second(s)

2023-04-05 13:59:50 - [MESSAGE][PASSED] - Delayed 2 second(s)

2023-04-05 13:59:50 - [TEST_STEP][PASSED] - click(findTestObject("13-Income and Expense/button_edit")): Object: 'Object Repository/13-Income and Expense/button_edit' is clicked on

2023-04-05 13:59:51 - [MESSAGE][PASSED] - Object: 'Object Repository/13-Income and Expense/button_edit' is clicked on

2023-04-05 13:59:51 - [TEST_STEP][PASSED] - verifyElementVisible(findTestObject("13-Income and Expense/mat-dialog-container_Edit receipt Modal")): Object 'Object Repository/13-Income and Expense/mat-dialog-container_Edit receipt Modal' is visible

2023-04-05 13:59:54 - [MESSAGE][PASSED] - Object 'Object Repository/13-Income and Expense/mat-dialog-container_Edit receipt Modal' is visible

2023-04-05 13:59:54 - [TEST_STEP][PASSED] - setText(findTestObject("13-Income and Expense/input_VendorName"), "GG Automation Edit"): Text 'GG Automation Edit' is set on object 'Object Repository/13-Income and Expense/input_VendorName'

2023-04-05 13:59:56 - [MESSAGE][PASSED] - Text 'GG Automation Edit' is set on object 'Object Repository/13-Income and Expense/input_VendorName'

2023-04-05 13:59:56 - [TEST_STEP][PASSED] - sendKeys(findTestObject("13-Income and Expense/input_VendorName"), Keys.chord(ESCAPE)): Keys 'ESCAPE + ' sent to object: 'Object Repository/13-Income and Expense/input_VendorName'

2023-04-05 13:59:57 - [MESSAGE][PASSED] - Keys 'ESCAPE + ' sent to object: 'Object Repository/13-Income and Expense/input_VendorName'

2023-04-05 13:59:57 - [TEST_STEP][PASSED] - click(findTestObject("13-Income and Expense/input_AccountType")): Object: 'Object Repository/13-Income and Expense/input_AccountType' is clicked on

2023-04-05 13:59:58 - [MESSAGE][PASSED] - Object: 'Object Repository/13-Income and Expense/input_AccountType' is clicked on

2023-04-05 13:59:58 - [TEST_STEP][PASSED] - click(findTestObject("13-Income and Expense/mat-option_2000-Furniture and Equipment")): Object: 'Object Repository/13-Income and Expense/mat-option_2000-Furniture and Equipment' is clicked on

2023-04-05 13:59:59 - [MESSAGE][PASSED] - Object: 'Object Repository/13-Income and Expense/mat-option_2000-Furniture and Equipment' is clicked on

2023-04-05 13:59:59 - [TEST_STEP][PASSED] - setText(findTestObject("13-Income and Expense/input_Amount"), "40000"): Text '40000' is set on object 'Object Repository/13-Income and Expense/input_Amount'

2023-04-05 14:00:02 - [MESSAGE][PASSED] - Text '40000' is set on object 'Object Repository/13-Income and Expense/input_Amount'

2023-04-05 14:00:02 - [TEST_STEP][PASSED] - setText(findTestObject("13-Income and Expense/input_AddANote"), "Receipt Note Edit"): Text 'Receipt Note Edit' is set on object 'Object Repository/13-Income and Expense/input_AddANote'

2023-04-05 14:00:04 - [MESSAGE][PASSED] - Text 'Receipt Note Edit' is set on object 'Object Repository/13-Income and Expense/input_AddANote'

2023-04-05 14:00:04 - [TEST_STEP][PASSED] - delay(2): Delayed 2 second(s)

2023-04-05 14:00:06 - [MESSAGE][PASSED] - Delayed 2 second(s)

2023-04-05 14:00:06 - [TEST_STEP][PASSED] - click(findTestObject("13-Income and Expense/button_UPDATE2")): Object: 'Object Repository/13-Income and Expense/button_UPDATE2' is clicked on

2023-04-05 14:00:07 - [MESSAGE][PASSED] - Object: 'Object Repository/13-Income and Expense/button_UPDATE2' is clicked on

2023-04-05 14:00:07 - [TEST_STEP][PASSED] - delay(3): Delayed 3 second(s)

2023-04-05 14:00:10 - [MESSAGE][PASSED] - Delayed 3 second(s)]]></system-out>
         <system-err><![CDATA[]]></system-err>
      </testcase>
      <testcase name="Test Cases/13-Income and Expense/10-Update report - Delete receipt" time="18.147" classname="Test Cases/13-Income and Expense/10-Update report - Delete receipt" status="PASSED">
         <system-out><![CDATA[2023-04-05 14:00:11 - [TEST_CASE][PASSED] - Test Cases/13-Income and Expense/10-Update report - Delete receipt: Test Cases/13-Income and Expense/10-Update report - Delete receipt

2023-04-05 14:00:12 - [TEST_STEP][PASSED] - click(findTestObject("13-Income and Expense/button_delete_forever")): Object: 'Object Repository/13-Income and Expense/button_delete_forever' is clicked on

2023-04-05 14:00:13 - [MESSAGE][PASSED] - Object: 'Object Repository/13-Income and Expense/button_delete_forever' is clicked on

2023-04-05 14:00:13 - [TEST_STEP][PASSED] - verifyElementVisible(findTestObject("13-Income and Expense/mat-dialog-container_ReceiptDeleteConfirmationModal")): Object 'Object Repository/13-Income and Expense/mat-dialog-container_ReceiptDeleteConfirmationModal' is visible

2023-04-05 14:00:14 - [MESSAGE][PASSED] - Object 'Object Repository/13-Income and Expense/mat-dialog-container_ReceiptDeleteConfirmationModal' is visible

2023-04-05 14:00:14 - [TEST_STEP][PASSED] - click(findTestObject("13-Income and Expense/button_No")): Object: 'Object Repository/13-Income and Expense/button_No' is clicked on

2023-04-05 14:00:15 - [MESSAGE][PASSED] - Object: 'Object Repository/13-Income and Expense/button_No' is clicked on

2023-04-05 14:00:15 - [TEST_STEP][PASSED] - delay(3): Delayed 3 second(s)

2023-04-05 14:00:18 - [MESSAGE][PASSED] - Delayed 3 second(s)

2023-04-05 14:00:18 - [TEST_STEP][PASSED] - click(findTestObject("13-Income and Expense/button_delete_forever")): Object: 'Object Repository/13-Income and Expense/button_delete_forever' is clicked on

2023-04-05 14:00:19 - [MESSAGE][PASSED] - Object: 'Object Repository/13-Income and Expense/button_delete_forever' is clicked on

2023-04-05 14:00:19 - [TEST_STEP][PASSED] - verifyElementVisible(findTestObject("13-Income and Expense/mat-dialog-container_ReceiptDeleteConfirmationModal")): Object 'Object Repository/13-Income and Expense/mat-dialog-container_ReceiptDeleteConfirmationModal' is visible

2023-04-05 14:00:20 - [MESSAGE][PASSED] - Object 'Object Repository/13-Income and Expense/mat-dialog-container_ReceiptDeleteConfirmationModal' is visible

2023-04-05 14:00:20 - [TEST_STEP][PASSED] - delay(2): Delayed 2 second(s)

2023-04-05 14:00:22 - [MESSAGE][PASSED] - Delayed 2 second(s)

2023-04-05 14:00:22 - [TEST_STEP][PASSED] - click(findTestObject("13-Income and Expense/button_Yes")): Object: 'Object Repository/13-Income and Expense/button_Yes' is clicked on

2023-04-05 14:00:23 - [MESSAGE][PASSED] - Object: 'Object Repository/13-Income and Expense/button_Yes' is clicked on

2023-04-05 14:00:23 - [TEST_STEP][PASSED] - delay(2): Delayed 2 second(s)

2023-04-05 14:00:25 - [MESSAGE][PASSED] - Delayed 2 second(s)

2023-04-05 14:00:25 - [TEST_STEP][PASSED] - click(findTestObject("13-Income and Expense/button_BACK")): Object: 'Object Repository/13-Income and Expense/button_BACK' is clicked on

2023-04-05 14:00:26 - [MESSAGE][PASSED] - Object: 'Object Repository/13-Income and Expense/button_BACK' is clicked on

2023-04-05 14:00:26 - [TEST_STEP][PASSED] - delay(3): Delayed 3 second(s)

2023-04-05 14:00:29 - [MESSAGE][PASSED] - Delayed 3 second(s)]]></system-out>
         <system-err><![CDATA[]]></system-err>
      </testcase>
      <testcase name="Test Cases/13-Income and Expense/11-Settings" time="29.491" classname="Test Cases/13-Income and Expense/11-Settings" status="PASSED">
         <system-out><![CDATA[2023-04-05 14:00:29 - [TEST_CASE][PASSED] - Test Cases/13-Income and Expense/11-Settings: Test Cases/13-Income and Expense/11-Settings

2023-04-05 14:00:31 - [TEST_STEP][PASSED] - click(findTestObject("13-Income and Expense/button_settings")): Object: 'Object Repository/13-Income and Expense/button_settings' is clicked on

2023-04-05 14:00:32 - [MESSAGE][PASSED] - Object: 'Object Repository/13-Income and Expense/button_settings' is clicked on

2023-04-05 14:00:32 - [TEST_STEP][PASSED] - verifyElementVisible(findTestObject("13-Income and Expense/mat-dialog-container_Edit CompanyModal")): Object 'Object Repository/13-Income and Expense/mat-dialog-container_Edit CompanyModal' is visible

2023-04-05 14:00:37 - [MESSAGE][PASSED] - Object 'Object Repository/13-Income and Expense/mat-dialog-container_Edit CompanyModal' is visible

2023-04-05 14:00:37 - [TEST_STEP][PASSED] - click(findTestObject("13-Income and Expense/button_CANCEL")): Object: 'Object Repository/13-Income and Expense/button_CANCEL' is clicked on

2023-04-05 14:00:38 - [MESSAGE][PASSED] - Object: 'Object Repository/13-Income and Expense/button_CANCEL' is clicked on

2023-04-05 14:00:38 - [TEST_STEP][PASSED] - delay(2): Delayed 2 second(s)

2023-04-05 14:00:40 - [MESSAGE][PASSED] - Delayed 2 second(s)

2023-04-05 14:00:40 - [TEST_STEP][PASSED] - click(findTestObject("13-Income and Expense/button_settings")): Object: 'Object Repository/13-Income and Expense/button_settings' is clicked on

2023-04-05 14:00:41 - [MESSAGE][PASSED] - Object: 'Object Repository/13-Income and Expense/button_settings' is clicked on

2023-04-05 14:00:41 - [TEST_STEP][PASSED] - delay(2): Delayed 2 second(s)

2023-04-05 14:00:43 - [MESSAGE][PASSED] - Delayed 2 second(s)

2023-04-05 14:00:43 - [TEST_STEP][PASSED] - verifyElementVisible(findTestObject("13-Income and Expense/mat-dialog-container_Edit CompanyModal")): Object 'Object Repository/13-Income and Expense/mat-dialog-container_Edit CompanyModal' is visible

2023-04-05 14:00:43 - [MESSAGE][PASSED] - Object 'Object Repository/13-Income and Expense/mat-dialog-container_Edit CompanyModal' is visible

2023-04-05 14:00:43 - [TEST_STEP][PASSED] - setText(findTestObject("13-Income and Expense/input_CompanyName"), "Automation Company Edit"): Text 'Automation Company Edit' is set on object 'Object Repository/13-Income and Expense/input_CompanyName'

2023-04-05 14:00:46 - [MESSAGE][PASSED] - Text 'Automation Company Edit' is set on object 'Object Repository/13-Income and Expense/input_CompanyName'

2023-04-05 14:00:46 - [TEST_STEP][PASSED] - click(findTestObject("13-Income and Expense/dropdown_CompanyType")): Object: 'Object Repository/13-Income and Expense/dropdown_CompanyType' is clicked on

2023-04-05 14:00:48 - [MESSAGE][PASSED] - Object: 'Object Repository/13-Income and Expense/dropdown_CompanyType' is clicked on

2023-04-05 14:00:48 - [TEST_STEP][PASSED] - scrollToElement(findTestObject("13-Income and Expense/mat-option_Other General Business"), 0): Scroll to object 'Object Repository/13-Income and Expense/mat-option_Other General Business' successfully

2023-04-05 14:00:48 - [MESSAGE][WARNING] - Timeout '0' is invalid. Using default page load timeout: '30'

2023-04-05 14:00:49 - [MESSAGE][PASSED] - Scroll to object 'Object Repository/13-Income and Expense/mat-option_Other General Business' successfully

2023-04-05 14:00:49 - [TEST_STEP][PASSED] - click(findTestObject("13-Income and Expense/mat-option_Other General Business")): Object: 'Object Repository/13-Income and Expense/mat-option_Other General Business' is clicked on

2023-04-05 14:00:49 - [MESSAGE][PASSED] - Object: 'Object Repository/13-Income and Expense/mat-option_Other General Business' is clicked on

2023-04-05 14:00:49 - [TEST_STEP][PASSED] - click(findTestObject("13-Income and Expense/dropdown_ChoosingDate")): Object: 'Object Repository/13-Income and Expense/dropdown_ChoosingDate' is clicked on

2023-04-05 14:00:50 - [MESSAGE][PASSED] - Object: 'Object Repository/13-Income and Expense/dropdown_ChoosingDate' is clicked on

2023-04-05 14:00:50 - [TEST_STEP][PASSED] - click(findTestObject("13-Income and Expense/mat-option_End of December")): Object: 'Object Repository/13-Income and Expense/mat-option_End of December' is clicked on

2023-04-05 14:00:51 - [MESSAGE][PASSED] - Object: 'Object Repository/13-Income and Expense/mat-option_End of December' is clicked on

2023-04-05 14:00:51 - [TEST_STEP][PASSED] - delay(3): Delayed 3 second(s)

2023-04-05 14:00:54 - [MESSAGE][PASSED] - Delayed 3 second(s)

2023-04-05 14:00:54 - [TEST_STEP][PASSED] - click(findTestObject("13-Income and Expense/button_UPDATE3")): Object: 'Object Repository/13-Income and Expense/button_UPDATE3' is clicked on

2023-04-05 14:00:55 - [MESSAGE][PASSED] - Object: 'Object Repository/13-Income and Expense/button_UPDATE3' is clicked on

2023-04-05 14:00:55 - [TEST_STEP][PASSED] - delay(3): Delayed 3 second(s)

2023-04-05 14:00:58 - [MESSAGE][PASSED] - Delayed 3 second(s)]]></system-out>
         <system-err><![CDATA[]]></system-err>
      </testcase>
      <testcase name="Test Cases/13-Income and Expense/12-Delete company" time="11.892" classname="Test Cases/13-Income and Expense/12-Delete company" status="PASSED">
         <system-out><![CDATA[2023-04-05 14:00:58 - [TEST_CASE][PASSED] - Test Cases/13-Income and Expense/12-Delete company: Test Cases/13-Income and Expense/12-Delete company

2023-04-05 14:01:00 - [TEST_STEP][PASSED] - click(findTestObject("13-Income and Expense/button_delete")): Object: 'Object Repository/13-Income and Expense/button_delete' is clicked on

2023-04-05 14:01:01 - [MESSAGE][PASSED] - Object: 'Object Repository/13-Income and Expense/button_delete' is clicked on

2023-04-05 14:01:01 - [TEST_STEP][PASSED] - verifyElementVisible(findTestObject("13-Income and Expense/mat-dialog-container_CompanyDeleteConfimationModal")): Object 'Object Repository/13-Income and Expense/mat-dialog-container_CompanyDeleteConfimationModal' is visible

2023-04-05 14:01:02 - [MESSAGE][PASSED] - Object 'Object Repository/13-Income and Expense/mat-dialog-container_CompanyDeleteConfimationModal' is visible

2023-04-05 14:01:02 - [TEST_STEP][PASSED] - click(findTestObject("13-Income and Expense/button_Yes")): Object: 'Object Repository/13-Income and Expense/button_Yes' is clicked on

2023-04-05 14:01:03 - [MESSAGE][PASSED] - Object: 'Object Repository/13-Income and Expense/button_Yes' is clicked on

2023-04-05 14:01:03 - [TEST_STEP][PASSED] - delay(3): Delayed 3 second(s)

2023-04-05 14:01:06 - [MESSAGE][PASSED] - Delayed 3 second(s)

2023-04-05 14:01:06 - [TEST_STEP][PASSED] - closeBrowser(STOP_ON_FAILURE): Browser is closed

2023-04-05 14:01:10 - [MESSAGE][PASSED] - Browser is closed]]></system-out>
         <system-err><![CDATA[]]></system-err>
      </testcase>
      <system-out><![CDATA[2023-04-05 13:54:36 - [TEST_SUITE][PASSED] - 13-Income and Expense: Test Cases/13-Income and Expense/12-Delete company]]></system-out>
      <system-err><![CDATA[]]></system-err>
   </testsuite>
</testsuites>
