<?xml version="1.0" encoding="UTF-8"?>
<testsuites name="09.1 - Settings (Invite users)" time="1286.685" tests="5" failures="0" errors="0">
   <testsuite name="09.1 - Settings (Invite users)" tests="5" failures="0" errors="0" time="1286.685" skipped="0" timestamp="2023-01-04 17:15:19" hostname="asus - DESKTOP-3L3J9C1" id="Test Suites/TS-Organization/09.1 - Settings (Invite users)">
      <properties>
         <property name="deviceName" value=""/>
         <property name="devicePlatform" value=""/>
         <property name="logFolder" value="C:\\Users\\asus\\Katalon Studio\\Everleagues\\Everleagues\\Reports\\20230104_171507\\TS-Organization\\09.1 - Settings (Invite users)\\20230104_171507"/>
         <property name="logFiles" value="C:\\Users\\asus\\Katalon Studio\\Everleagues\\Everleagues\\Reports\\20230104_171507\\TS-Organization\\09.1 - Settings (Invite users)\\20230104_171507\\execution0.log"/>
         <property name="attachments" value=""/>
         <property name="hostName" value="asus - DESKTOP-3L3J9C1"/>
         <property name="os" value="Windows 10 64bit"/>
         <property name="katalonVersion" value="8.4.1.208"/>
         <property name="browser" value="Chrome 108.0.0.0"/>
         <property name="hostAddress" value="192.168.5.82"/>
         <property name="sessionId" value="cefd16880e42c12d60c4f4fbecb0a9f8"/>
         <property name="seleniumVersion" value="3.141.59"/>
         <property name="proxyInformation" value="ProxyInformation { proxyOption=NO_PROXY, proxyServerType=HTTP, username=, password=********, proxyServerAddress=, proxyServerPort=0, executionList=&quot;&quot;, isApplyToDesiredCapabilities=true }"/>
         <property name="platform" value="Windows 10"/>
      </properties>
      <testcase name="Test Cases/09-Settings/01 - Users (Invite new user but field are blank)" time="161.31" classname="Test Cases/09-Settings/01 - Users (Invite new user but field are blank)" status="PASSED">
         <system-out><![CDATA[2023-01-04 17:15:21 - [TEST_CASE][PASSED] - Test Cases/09-Settings/01 - Users (Invite new user but field are blank): Test Cases/09-Settings/01 - Users (Invite new user but field are blank)

2023-01-04 17:15:23 - [TEST_STEP][PASSED] - openBrowser(""): Browser is opened with url: ''

2023-01-04 17:15:24 - [MESSAGE][INFO] - Starting 'Chrome' driver

2023-01-04 17:15:25 - [MESSAGE][INFO] - Action delay is set to 0 milliseconds

2023-01-04 17:15:42 - [MESSAGE][PASSED] - Browser is opened with url: ''

2023-01-04 17:15:42 - [TEST_STEP][PASSED] - navigateToUrl("https://lab.everleagues.com/"): Navigate to 'https://lab.everleagues.com/' successfully

2023-01-04 17:16:06 - [MESSAGE][PASSED] - Navigate to 'https://lab.everleagues.com/' successfully

2023-01-04 17:16:06 - [TEST_STEP][PASSED] - maximizeWindow(): Current window maximized

2023-01-04 17:16:06 - [MESSAGE][PASSED] - Current window maximized

2023-01-04 17:16:06 - [TEST_STEP][PASSED] - setText(findTestObject("02-Side Icons(Organization)/Add Contact/Email Field"), "testuser02@mailinator.com"): Text 'testuser02@mailinator.com' is set on object 'Object Repository/02-Side Icons(Organization)/Add Contact/Email Field'

2023-01-04 17:16:11 - [MESSAGE][PASSED] - Text 'testuser02@mailinator.com' is set on object 'Object Repository/02-Side Icons(Organization)/Add Contact/Email Field'

2023-01-04 17:16:11 - [TEST_STEP][PASSED] - setEncryptedText(findTestObject("02-Side Icons(Organization)/Add Contact/Password Field"), "8yFRyszE6U6jvsCn51OQbg=="): Text ****** has been set on object 'Object Repository/02-Side Icons(Organization)/Add Contact/Password Field'

2023-01-04 17:16:12 - [MESSAGE][PASSED] - Text ****** has been set on object 'Object Repository/02-Side Icons(Organization)/Add Contact/Password Field'

2023-01-04 17:16:12 - [TEST_STEP][PASSED] - click(findTestObject("02-Side Icons(Organization)/Add Contact/button_Sign in")): Object: 'Object Repository/02-Side Icons(Organization)/Add Contact/button_Sign in' is clicked on

2023-01-04 17:16:14 - [MESSAGE][PASSED] - Object: 'Object Repository/02-Side Icons(Organization)/Add Contact/button_Sign in' is clicked on

2023-01-04 17:16:14 - [TEST_STEP][PASSED] - delay(2): Delayed 2 second(s)

2023-01-04 17:16:16 - [MESSAGE][PASSED] - Delayed 2 second(s)

2023-01-04 17:16:16 - [TEST_STEP][PASSED] - click(findTestObject("06-Teams/For 2FA/button_Confirm_2FA")): Object: 'Object Repository/06-Teams/For 2FA/button_Confirm_2FA' is clicked on

2023-01-04 17:16:17 - [MESSAGE][PASSED] - Object: 'Object Repository/06-Teams/For 2FA/button_Confirm_2FA' is clicked on

2023-01-04 17:16:17 - [TEST_STEP][PASSED] - executeJavaScript("window.open();", []): Execute JavaScript 'window.open();' successfully

2023-01-04 17:16:18 - [MESSAGE][PASSED] - Execute JavaScript 'window.open();' successfully

2023-01-04 17:16:18 - [TEST_STEP][PASSED] - currentWindow = getWindowIndex(): Current window's index is: 0

2023-01-04 17:16:18 - [MESSAGE][PASSED] - Current window's index is: 0

2023-01-04 17:16:18 - [TEST_STEP][PASSED] - delay(3): Delayed 3 second(s)

2023-01-04 17:16:21 - [MESSAGE][PASSED] - Delayed 3 second(s)

2023-01-04 17:16:21 - [TEST_STEP][PASSED] - switchToWindowIndex(currentWindow + 1): Switched to window with index: '1'

2023-01-04 17:16:21 - [MESSAGE][PASSED] - Switched to window with index: '1'

2023-01-04 17:16:21 - [TEST_STEP][PASSED] - navigateToUrl("https://www.mailinator.com/"): Navigate to 'https://www.mailinator.com/' successfully

2023-01-04 17:16:31 - [MESSAGE][PASSED] - Navigate to 'https://www.mailinator.com/' successfully

2023-01-04 17:16:31 - [TEST_STEP][PASSED] - delay(3): Delayed 3 second(s)

2023-01-04 17:16:34 - [MESSAGE][PASSED] - Delayed 3 second(s)

2023-01-04 17:16:34 - [TEST_STEP][PASSED] - setText(findTestObject("00-Signup and Activation/zMailinator/input_LOGIN_search"), "testuser02@mailinator.com"): Text 'testuser02@mailinator.com' is set on object 'Object Repository/00-Signup and Activation/zMailinator/input_LOGIN_search'

2023-01-04 17:16:36 - [MESSAGE][PASSED] - Text 'testuser02@mailinator.com' is set on object 'Object Repository/00-Signup and Activation/zMailinator/input_LOGIN_search'

2023-01-04 17:16:36 - [TEST_STEP][PASSED] - click(findTestObject("00-Signup and Activation/zMailinator/gobutton"), STOP_ON_FAILURE): Object: 'Object Repository/00-Signup and Activation/zMailinator/gobutton' is clicked on

2023-01-04 17:16:39 - [MESSAGE][PASSED] - Object: 'Object Repository/00-Signup and Activation/zMailinator/gobutton' is clicked on

2023-01-04 17:16:39 - [TEST_STEP][PASSED] - delay(3): Delayed 3 second(s)

2023-01-04 17:16:42 - [MESSAGE][PASSED] - Delayed 3 second(s)

2023-01-04 17:16:42 - [TEST_STEP][PASSED] - click(findTestObject("00-Signup and Activation/zMailinator/Email - everleagues")): Object: 'Object Repository/00-Signup and Activation/zMailinator/Email - everleagues' is clicked on

2023-01-04 17:16:43 - [MESSAGE][PASSED] - Object: 'Object Repository/00-Signup and Activation/zMailinator/Email - everleagues' is clicked on

2023-01-04 17:16:43 - [TEST_STEP][PASSED] - delay(3): Delayed 3 second(s)

2023-01-04 17:16:46 - [MESSAGE][PASSED] - Delayed 3 second(s)

2023-01-04 17:16:46 - [TEST_STEP][PASSED] - code = getText(findTestObject("Object Repository/06-Teams/For 2FA/2FA code")): Text of object 'Object Repository/06-Teams/For 2FA/2FA code' is: '127379'

2023-01-04 17:16:48 - [MESSAGE][PASSED] - Text of object 'Object Repository/06-Teams/For 2FA/2FA code' is: '127379'

2023-01-04 17:16:48 - [TEST_STEP][PASSED] - delay(3): Delayed 3 second(s)

2023-01-04 17:16:51 - [MESSAGE][PASSED] - Delayed 3 second(s)

2023-01-04 17:16:51 - [TEST_STEP][PASSED] - closeWindowTitle("Mailinator"): Window with title: 'Mailinator' is closed

2023-01-04 17:16:52 - [MESSAGE][PASSED] - Window with title: 'Mailinator' is closed

2023-01-04 17:16:52 - [TEST_STEP][PASSED] - delay(3): Delayed 3 second(s)

2023-01-04 17:16:55 - [MESSAGE][PASSED] - Delayed 3 second(s)

2023-01-04 17:16:55 - [TEST_STEP][PASSED] - switchToWindowIndex(0): Switched to window with index: '0'

2023-01-04 17:16:55 - [MESSAGE][PASSED] - Switched to window with index: '0'

2023-01-04 17:16:55 - [TEST_STEP][PASSED] - delay(3): Delayed 3 second(s)

2023-01-04 17:16:58 - [MESSAGE][PASSED] - Delayed 3 second(s)

2023-01-04 17:16:58 - [TEST_STEP][PASSED] - setText(findTestObject("Object Repository/06-Teams/For 2FA/input_Enter verification code_code"), code): Text '127379' is set on object 'Object Repository/06-Teams/For 2FA/input_Enter verification code_code'

2023-01-04 17:16:59 - [MESSAGE][PASSED] - Text '127379' is set on object 'Object Repository/06-Teams/For 2FA/input_Enter verification code_code'

2023-01-04 17:16:59 - [TEST_STEP][PASSED] - delay(3): Delayed 3 second(s)

2023-01-04 17:17:02 - [MESSAGE][PASSED] - Delayed 3 second(s)

2023-01-04 17:17:02 - [TEST_STEP][PASSED] - click(findTestObject("06-Teams/For 2FA/button_Verify_2FA")): Object: 'Object Repository/06-Teams/For 2FA/button_Verify_2FA' is clicked on

2023-01-04 17:17:04 - [MESSAGE][PASSED] - Object: 'Object Repository/06-Teams/For 2FA/button_Verify_2FA' is clicked on

2023-01-04 17:17:04 - [TEST_STEP][PASSED] - delay(5): Delayed 5 second(s)

2023-01-04 17:17:09 - [MESSAGE][PASSED] - Delayed 5 second(s)

2023-01-04 17:17:09 - [TEST_STEP][PASSED] - click(findTestObject("06-Teams/button_doublearrow")): Object: 'Object Repository/06-Teams/button_doublearrow' is clicked on

2023-01-04 17:17:12 - [MESSAGE][PASSED] - Object: 'Object Repository/06-Teams/button_doublearrow' is clicked on

2023-01-04 17:17:12 - [TEST_STEP][PASSED] - click(findTestObject("06-Teams/button_My Organizations")): Object: 'Object Repository/06-Teams/button_My Organizations' is clicked on

2023-01-04 17:17:13 - [MESSAGE][PASSED] - Object: 'Object Repository/06-Teams/button_My Organizations' is clicked on

2023-01-04 17:17:13 - [TEST_STEP][PASSED] - click(findTestObject("06-Teams/button_GG Automation")): Object: 'Object Repository/06-Teams/button_GG Automation' is clicked on

2023-01-04 17:17:15 - [MESSAGE][PASSED] - Object: 'Object Repository/06-Teams/button_GG Automation' is clicked on

2023-01-04 17:17:15 - [TEST_STEP][PASSED] - delay(4): Delayed 4 second(s)

2023-01-04 17:17:19 - [MESSAGE][PASSED] - Delayed 4 second(s)

2023-01-04 17:17:19 - [TEST_STEP][PASSED] - verifyElementVisible(findTestObject("06-Teams/span_GG Automation")): Object 'Object Repository/06-Teams/span_GG Automation' is visible

2023-01-04 17:17:20 - [MESSAGE][PASSED] - Object 'Object Repository/06-Teams/span_GG Automation' is visible

2023-01-04 17:17:20 - [TEST_STEP][PASSED] - delay(5): Delayed 5 second(s)

2023-01-04 17:17:25 - [MESSAGE][PASSED] - Delayed 5 second(s)

2023-01-04 17:17:25 - [TEST_STEP][PASSED] - click(findTestObject("03-Header Menu/Hamburger Button/div_Settings")): Object: 'Object Repository/03-Header Menu/Hamburger Button/div_Settings' is clicked on

2023-01-04 17:17:26 - [MESSAGE][PASSED] - Object: 'Object Repository/03-Header Menu/Hamburger Button/div_Settings' is clicked on

2023-01-04 17:17:26 - [TEST_STEP][PASSED] - verifyElementVisible(findTestObject("09-Settings/Users/div_Organization")): Object 'Object Repository/09-Settings/Users/div_Organization' is visible

2023-01-04 17:17:27 - [MESSAGE][PASSED] - Object 'Object Repository/09-Settings/Users/div_Organization' is visible

2023-01-04 17:17:27 - [TEST_STEP][PASSED] - verifyElementVisible(findTestObject("09-Settings/Users/div_Organization Units")): Object 'Object Repository/09-Settings/Users/div_Organization Units' is visible

2023-01-04 17:17:28 - [MESSAGE][PASSED] - Object 'Object Repository/09-Settings/Users/div_Organization Units' is visible

2023-01-04 17:17:28 - [TEST_STEP][PASSED] - scrollToElement(findTestObject("09-Settings/Users/div_Subscriptions"), 0): Scroll to object 'Object Repository/09-Settings/Users/div_Subscriptions' successfully

2023-01-04 17:17:29 - [MESSAGE][WARNING] - Timeout '0' is invalid. Using default page load timeout: '30'

2023-01-04 17:17:29 - [MESSAGE][PASSED] - Scroll to object 'Object Repository/09-Settings/Users/div_Subscriptions' successfully

2023-01-04 17:17:29 - [TEST_STEP][PASSED] - verifyElementVisible(findTestObject("09-Settings/Users/div_Subscriptions")): Object 'Object Repository/09-Settings/Users/div_Subscriptions' is visible

2023-01-04 17:17:30 - [MESSAGE][PASSED] - Object 'Object Repository/09-Settings/Users/div_Subscriptions' is visible

2023-01-04 17:17:30 - [TEST_STEP][PASSED] - verifyElementVisible(findTestObject("09-Settings/Users/div_Users")): Object 'Object Repository/09-Settings/Users/div_Users' is visible

2023-01-04 17:17:31 - [MESSAGE][PASSED] - Object 'Object Repository/09-Settings/Users/div_Users' is visible

2023-01-04 17:17:31 - [TEST_STEP][PASSED] - delay(3): Delayed 3 second(s)

2023-01-04 17:17:34 - [MESSAGE][PASSED] - Delayed 3 second(s)

2023-01-04 17:17:34 - [TEST_STEP][PASSED] - click(findTestObject("09-Settings/Users/div_Users")): Object: 'Object Repository/09-Settings/Users/div_Users' is clicked on

2023-01-04 17:17:38 - [MESSAGE][PASSED] - Object: 'Object Repository/09-Settings/Users/div_Users' is clicked on

2023-01-04 17:17:38 - [TEST_STEP][PASSED] - verifyElementVisible(findTestObject("09-Settings/Users/h4_USERS")): Object 'Object Repository/09-Settings/Users/h4_USERS' is visible

2023-01-04 17:17:39 - [MESSAGE][PASSED] - Object 'Object Repository/09-Settings/Users/h4_USERS' is visible

2023-01-04 17:17:39 - [TEST_STEP][PASSED] - verifyElementVisible(findTestObject("09-Settings/Users/User Page")): Object 'Object Repository/09-Settings/Users/User Page' is visible

2023-01-04 17:17:40 - [MESSAGE][PASSED] - Object 'Object Repository/09-Settings/Users/User Page' is visible

2023-01-04 17:17:40 - [TEST_STEP][PASSED] - delay(3): Delayed 3 second(s)

2023-01-04 17:17:43 - [MESSAGE][PASSED] - Delayed 3 second(s)

2023-01-04 17:17:43 - [TEST_STEP][PASSED] - click(findTestObject("09-Settings/Users/button_add")): Object: 'Object Repository/09-Settings/Users/button_add' is clicked on

2023-01-04 17:17:45 - [MESSAGE][PASSED] - Object: 'Object Repository/09-Settings/Users/button_add' is clicked on

2023-01-04 17:17:45 - [TEST_STEP][PASSED] - verifyElementVisible(findTestObject("09-Settings/Users/User Invitation modal")): Object 'Object Repository/09-Settings/Users/User Invitation modal' is visible

2023-01-04 17:17:46 - [MESSAGE][PASSED] - Object 'Object Repository/09-Settings/Users/User Invitation modal' is visible

2023-01-04 17:17:46 - [TEST_STEP][PASSED] - delay(3): Delayed 3 second(s)

2023-01-04 17:17:49 - [MESSAGE][PASSED] - Delayed 3 second(s)

2023-01-04 17:17:49 - [TEST_STEP][PASSED] - click(findTestObject("09-Settings/Users/add Invite a single user")): Object: 'Object Repository/09-Settings/Users/add Invite a single user' is clicked on

2023-01-04 17:17:50 - [MESSAGE][PASSED] - Object: 'Object Repository/09-Settings/Users/add Invite a single user' is clicked on

2023-01-04 17:17:50 - [TEST_STEP][PASSED] - verifyElementVisible(findTestObject("09-Settings/Users/Invite new user modal")): Object 'Object Repository/09-Settings/Users/Invite new user modal' is visible

2023-01-04 17:17:53 - [MESSAGE][PASSED] - Object 'Object Repository/09-Settings/Users/Invite new user modal' is visible

2023-01-04 17:17:53 - [TEST_STEP][PASSED] - click(findTestObject("09-Settings/Users/input_email")): Object: 'Object Repository/09-Settings/Users/input_email' is clicked on

2023-01-04 17:17:54 - [MESSAGE][PASSED] - Object: 'Object Repository/09-Settings/Users/input_email' is clicked on

2023-01-04 17:17:54 - [TEST_STEP][PASSED] - click(findTestObject("09-Settings/Users/input_firstName")): Object: 'Object Repository/09-Settings/Users/input_firstName' is clicked on

2023-01-04 17:17:55 - [MESSAGE][PASSED] - Object: 'Object Repository/09-Settings/Users/input_firstName' is clicked on

2023-01-04 17:17:55 - [TEST_STEP][PASSED] - click(findTestObject("09-Settings/Users/input_lastName")): Object: 'Object Repository/09-Settings/Users/input_lastName' is clicked on

2023-01-04 17:17:56 - [MESSAGE][PASSED] - Object: 'Object Repository/09-Settings/Users/input_lastName' is clicked on

2023-01-04 17:17:56 - [TEST_STEP][PASSED] - click(findTestObject("09-Settings/Users/span_Role")): Object: 'Object Repository/09-Settings/Users/span_Role' is clicked on

2023-01-04 17:17:57 - [MESSAGE][PASSED] - Object: 'Object Repository/09-Settings/Users/span_Role' is clicked on

2023-01-04 17:17:57 - [TEST_STEP][PASSED] - clickOffset(findTestObject("09-Settings/Users/h4_Invite New User"), 100, 100): Object: 'Object Repository/09-Settings/Users/h4_Invite New User' is clicked on using offset x=100 and y=100

2023-01-04 17:17:58 - [MESSAGE][PASSED] - Object: 'Object Repository/09-Settings/Users/h4_Invite New User' is clicked on using offset x=100 and y=100

2023-01-04 17:17:58 - [TEST_STEP][PASSED] - verifyElementVisible(findTestObject("09-Settings/Users/Email required")): Object 'Object Repository/09-Settings/Users/Email required' is visible

2023-01-04 17:17:59 - [MESSAGE][PASSED] - Object 'Object Repository/09-Settings/Users/Email required' is visible

2023-01-04 17:17:59 - [TEST_STEP][PASSED] - verifyElementVisible(findTestObject("09-Settings/Users/Firstname required")): Object 'Object Repository/09-Settings/Users/Firstname required' is visible

2023-01-04 17:18:00 - [MESSAGE][PASSED] - Object 'Object Repository/09-Settings/Users/Firstname required' is visible

2023-01-04 17:18:00 - [TEST_STEP][PASSED] - verifyElementVisible(findTestObject("09-Settings/Users/last name required")): Object 'Object Repository/09-Settings/Users/last name required' is visible

2023-01-04 17:18:01 - [MESSAGE][PASSED] - Object 'Object Repository/09-Settings/Users/last name required' is visible

2023-01-04 17:18:01 - [TEST_STEP][PASSED] - verifyElementVisible(findTestObject("09-Settings/Users/error_Select a role")): Object 'Object Repository/09-Settings/Users/error_Select a role' is visible

2023-01-04 17:18:02 - [MESSAGE][PASSED] - Object 'Object Repository/09-Settings/Users/error_Select a role' is visible]]></system-out>
         <system-err><![CDATA[]]></system-err>
      </testcase>
      <testcase name="Test Cases/09-Settings/02 - Users (Invite new user as co worker)" time="190.611" classname="Test Cases/09-Settings/02 - Users (Invite new user as co worker)" status="PASSED">
         <system-out><![CDATA[2023-01-04 17:18:02 - [TEST_CASE][PASSED] - Test Cases/09-Settings/02 - Users (Invite new user as co worker): Test Cases/09-Settings/02 - Users (Invite new user as co worker)

2023-01-04 17:18:04 - [TEST_STEP][PASSED] - delay(3): Delayed 3 second(s)

2023-01-04 17:18:07 - [MESSAGE][PASSED] - Delayed 3 second(s)

2023-01-04 17:18:07 - [TEST_STEP][PASSED] - setText(findTestObject("09-Settings/Users/input_email"), "autotester04@mailinator.com"): Text 'autotester04@mailinator.com' is set on object 'Object Repository/09-Settings/Users/input_email'

2023-01-04 17:18:12 - [MESSAGE][PASSED] - Text 'autotester04@mailinator.com' is set on object 'Object Repository/09-Settings/Users/input_email'

2023-01-04 17:18:12 - [TEST_STEP][PASSED] - setText(findTestObject("09-Settings/Users/input_firstName"), "GG"): Text 'GG' is set on object 'Object Repository/09-Settings/Users/input_firstName'

2023-01-04 17:18:13 - [MESSAGE][PASSED] - Text 'GG' is set on object 'Object Repository/09-Settings/Users/input_firstName'

2023-01-04 17:18:13 - [TEST_STEP][PASSED] - setText(findTestObject("09-Settings/Users/input_lastName"), "Auto Contact 2"): Text 'Auto Contact 2' is set on object 'Object Repository/09-Settings/Users/input_lastName'

2023-01-04 17:18:16 - [MESSAGE][PASSED] - Text 'Auto Contact 2' is set on object 'Object Repository/09-Settings/Users/input_lastName'

2023-01-04 17:18:16 - [TEST_STEP][PASSED] - click(findTestObject("09-Settings/Users/span_Role")): Object: 'Object Repository/09-Settings/Users/span_Role' is clicked on

2023-01-04 17:18:17 - [MESSAGE][PASSED] - Object: 'Object Repository/09-Settings/Users/span_Role' is clicked on

2023-01-04 17:18:17 - [TEST_STEP][PASSED] - click(findTestObject("09-Settings/Users/span_CoWorker")): Object: 'Object Repository/09-Settings/Users/span_CoWorker' is clicked on

2023-01-04 17:18:18 - [MESSAGE][PASSED] - Object: 'Object Repository/09-Settings/Users/span_CoWorker' is clicked on

2023-01-04 17:18:18 - [TEST_STEP][PASSED] - click(findTestObject("09-Settings/Users/button_Send Invitation")): Object: 'Object Repository/09-Settings/Users/button_Send Invitation' is clicked on

2023-01-04 17:18:20 - [MESSAGE][PASSED] - Object: 'Object Repository/09-Settings/Users/button_Send Invitation' is clicked on

2023-01-04 17:18:20 - [TEST_STEP][PASSED] - delay(2): Delayed 2 second(s)

2023-01-04 17:18:22 - [MESSAGE][PASSED] - Delayed 2 second(s)

2023-01-04 17:18:22 - [TEST_STEP][PASSED] - verifyElementVisible(findTestObject("07-Directory/Connections/zContact Profile/Successfully invited user")): Object 'Object Repository/07-Directory/Connections/zContact Profile/Successfully invited user' is visible

2023-01-04 17:18:23 - [MESSAGE][PASSED] - Object 'Object Repository/07-Directory/Connections/zContact Profile/Successfully invited user' is visible

2023-01-04 17:18:23 - [TEST_STEP][PASSED] - delay(2): Delayed 2 second(s)

2023-01-04 17:18:25 - [MESSAGE][PASSED] - Delayed 2 second(s)

2023-01-04 17:18:25 - [TEST_STEP][PASSED] - executeJavaScript("window.open();", []): Execute JavaScript 'window.open();' successfully

2023-01-04 17:18:26 - [MESSAGE][PASSED] - Execute JavaScript 'window.open();' successfully

2023-01-04 17:18:26 - [TEST_STEP][PASSED] - currentWindow = getWindowIndex(): Current window's index is: 0

2023-01-04 17:18:26 - [MESSAGE][PASSED] - Current window's index is: 0

2023-01-04 17:18:26 - [TEST_STEP][PASSED] - delay(3): Delayed 3 second(s)

2023-01-04 17:18:29 - [MESSAGE][PASSED] - Delayed 3 second(s)

2023-01-04 17:18:29 - [TEST_STEP][PASSED] - switchToWindowIndex(currentWindow + 1): Switched to window with index: '1'

2023-01-04 17:18:29 - [MESSAGE][PASSED] - Switched to window with index: '1'

2023-01-04 17:18:29 - [TEST_STEP][PASSED] - navigateToUrl("https://www.mailinator.com/"): Navigate to 'https://www.mailinator.com/' successfully

2023-01-04 17:18:34 - [MESSAGE][PASSED] - Navigate to 'https://www.mailinator.com/' successfully

2023-01-04 17:18:34 - [TEST_STEP][PASSED] - delay(3): Delayed 3 second(s)

2023-01-04 17:18:37 - [MESSAGE][PASSED] - Delayed 3 second(s)

2023-01-04 17:18:37 - [TEST_STEP][PASSED] - setText(findTestObject("00-Signup and Activation/zMailinator/input_LOGIN_search"), "autotester04@mailinator.com"): Text 'autotester04@mailinator.com' is set on object 'Object Repository/00-Signup and Activation/zMailinator/input_LOGIN_search'

2023-01-04 17:18:39 - [MESSAGE][PASSED] - Text 'autotester04@mailinator.com' is set on object 'Object Repository/00-Signup and Activation/zMailinator/input_LOGIN_search'

2023-01-04 17:18:39 - [TEST_STEP][PASSED] - click(findTestObject("00-Signup and Activation/zMailinator/gobutton"), STOP_ON_FAILURE): Object: 'Object Repository/00-Signup and Activation/zMailinator/gobutton' is clicked on

2023-01-04 17:18:43 - [MESSAGE][PASSED] - Object: 'Object Repository/00-Signup and Activation/zMailinator/gobutton' is clicked on

2023-01-04 17:18:43 - [TEST_STEP][PASSED] - delay(3): Delayed 3 second(s)

2023-01-04 17:18:46 - [MESSAGE][PASSED] - Delayed 3 second(s)

2023-01-04 17:18:46 - [TEST_STEP][PASSED] - closeWindowTitle("Everleagues"): Window with title: 'Everleagues' is closed

2023-01-04 17:18:46 - [MESSAGE][PASSED] - Window with title: 'Everleagues' is closed

2023-01-04 17:18:46 - [TEST_STEP][PASSED] - switchToWindowIndex(0): Switched to window with index: '0'

2023-01-04 17:18:47 - [MESSAGE][PASSED] - Switched to window with index: '0'

2023-01-04 17:18:47 - [TEST_STEP][PASSED] - click(findTestObject("09-Settings/Users/Co worker/td_Invitation from GG Automation")): Object: 'Object Repository/09-Settings/Users/Co worker/td_Invitation from GG Automation' is clicked on

2023-01-04 17:18:47 - [MESSAGE][PASSED] - Object: 'Object Repository/09-Settings/Users/Co worker/td_Invitation from GG Automation' is clicked on

2023-01-04 17:18:47 - [TEST_STEP][PASSED] - click(findTestObject("09-Settings/Users/Co worker/a_Click here to join GG Automation on EverLeagues")): Object: 'Object Repository/09-Settings/Users/Co worker/a_Click here to join GG Automation on EverLeagues' is clicked on

2023-01-04 17:18:49 - [MESSAGE][PASSED] - Object: 'Object Repository/09-Settings/Users/Co worker/a_Click here to join GG Automation on EverLeagues' is clicked on

2023-01-04 17:18:49 - [TEST_STEP][PASSED] - closeWindowTitle("Mailinator"): Window with title: 'Mailinator' is closed

2023-01-04 17:18:49 - [MESSAGE][PASSED] - Window with title: 'Mailinator' is closed

2023-01-04 17:18:49 - [TEST_STEP][PASSED] - switchToWindowIndex(0): Switched to window with index: '0'

2023-01-04 17:18:49 - [MESSAGE][PASSED] - Switched to window with index: '0'

2023-01-04 17:18:49 - [TEST_STEP][PASSED] - verifyElementVisible(findTestObject("09-Settings/Users/Co worker/Logout before proceed modal")): Object 'Object Repository/09-Settings/Users/Co worker/Logout before proceed modal' is visible

2023-01-04 17:19:13 - [MESSAGE][PASSED] - Object 'Object Repository/09-Settings/Users/Co worker/Logout before proceed modal' is visible

2023-01-04 17:19:13 - [TEST_STEP][PASSED] - click(findTestObject("09-Settings/Users/Co worker/button_Yes")): Object: 'Object Repository/09-Settings/Users/Co worker/button_Yes' is clicked on

2023-01-04 17:19:15 - [MESSAGE][PASSED] - Object: 'Object Repository/09-Settings/Users/Co worker/button_Yes' is clicked on

2023-01-04 17:19:15 - [TEST_STEP][PASSED] - delay(3): Delayed 3 second(s)

2023-01-04 17:19:18 - [MESSAGE][PASSED] - Delayed 3 second(s)

2023-01-04 17:19:18 - [TEST_STEP][PASSED] - setText(findTestObject("09-Settings/Users/Co worker/input_Email_email"), "autotester04@mailinator.com"): Text 'autotester04@mailinator.com' is set on object 'Object Repository/09-Settings/Users/Co worker/input_Email_email'

2023-01-04 17:19:20 - [MESSAGE][PASSED] - Text 'autotester04@mailinator.com' is set on object 'Object Repository/09-Settings/Users/Co worker/input_Email_email'

2023-01-04 17:19:20 - [TEST_STEP][PASSED] - setEncryptedText(findTestObject("09-Settings/Users/Co worker/input__password"), "8yFRyszE6U6jvsCn51OQbg=="): Text ****** has been set on object 'Object Repository/09-Settings/Users/Co worker/input__password'

2023-01-04 17:19:21 - [MESSAGE][PASSED] - Text ****** has been set on object 'Object Repository/09-Settings/Users/Co worker/input__password'

2023-01-04 17:19:21 - [TEST_STEP][PASSED] - click(findTestObject("02-Side Icons(Organization)/Add Contact/button_Sign in")): Object: 'Object Repository/02-Side Icons(Organization)/Add Contact/button_Sign in' is clicked on

2023-01-04 17:19:22 - [MESSAGE][PASSED] - Object: 'Object Repository/02-Side Icons(Organization)/Add Contact/button_Sign in' is clicked on

2023-01-04 17:19:22 - [TEST_STEP][PASSED] - delay(2): Delayed 2 second(s)

2023-01-04 17:19:24 - [MESSAGE][PASSED] - Delayed 2 second(s)

2023-01-04 17:19:24 - [TEST_STEP][PASSED] - click(findTestObject("06-Teams/For 2FA/button_Confirm_2FA")): Object: 'Object Repository/06-Teams/For 2FA/button_Confirm_2FA' is clicked on

2023-01-04 17:19:28 - [MESSAGE][PASSED] - Object: 'Object Repository/06-Teams/For 2FA/button_Confirm_2FA' is clicked on

2023-01-04 17:19:28 - [TEST_STEP][PASSED] - executeJavaScript("window.open();", []): Execute JavaScript 'window.open();' successfully

2023-01-04 17:19:29 - [MESSAGE][PASSED] - Execute JavaScript 'window.open();' successfully

2023-01-04 17:19:29 - [TEST_STEP][PASSED] - currentWindow = getWindowIndex(): Current window's index is: 0

2023-01-04 17:19:29 - [MESSAGE][PASSED] - Current window's index is: 0

2023-01-04 17:19:29 - [TEST_STEP][PASSED] - delay(3): Delayed 3 second(s)

2023-01-04 17:19:32 - [MESSAGE][PASSED] - Delayed 3 second(s)

2023-01-04 17:19:33 - [TEST_STEP][PASSED] - switchToWindowIndex(currentWindow + 1): Switched to window with index: '1'

2023-01-04 17:19:33 - [MESSAGE][PASSED] - Switched to window with index: '1'

2023-01-04 17:19:33 - [TEST_STEP][PASSED] - navigateToUrl("https://www.mailinator.com/"): Navigate to 'https://www.mailinator.com/' successfully

2023-01-04 17:19:37 - [MESSAGE][PASSED] - Navigate to 'https://www.mailinator.com/' successfully

2023-01-04 17:19:38 - [TEST_STEP][PASSED] - delay(3): Delayed 3 second(s)

2023-01-04 17:19:41 - [MESSAGE][PASSED] - Delayed 3 second(s)

2023-01-04 17:19:41 - [TEST_STEP][PASSED] - setText(findTestObject("00-Signup and Activation/zMailinator/input_LOGIN_search"), "autotester04@mailinator.com"): Text 'autotester04@mailinator.com' is set on object 'Object Repository/00-Signup and Activation/zMailinator/input_LOGIN_search'

2023-01-04 17:19:42 - [MESSAGE][PASSED] - Text 'autotester04@mailinator.com' is set on object 'Object Repository/00-Signup and Activation/zMailinator/input_LOGIN_search'

2023-01-04 17:19:42 - [TEST_STEP][PASSED] - click(findTestObject("00-Signup and Activation/zMailinator/gobutton"), STOP_ON_FAILURE): Object: 'Object Repository/00-Signup and Activation/zMailinator/gobutton' is clicked on

2023-01-04 17:19:45 - [MESSAGE][PASSED] - Object: 'Object Repository/00-Signup and Activation/zMailinator/gobutton' is clicked on

2023-01-04 17:19:45 - [TEST_STEP][PASSED] - delay(3): Delayed 3 second(s)

2023-01-04 17:19:48 - [MESSAGE][PASSED] - Delayed 3 second(s)

2023-01-04 17:19:48 - [TEST_STEP][PASSED] - click(findTestObject("00-Signup and Activation/zMailinator/Email - everleagues")): Object: 'Object Repository/00-Signup and Activation/zMailinator/Email - everleagues' is clicked on

2023-01-04 17:19:49 - [MESSAGE][PASSED] - Object: 'Object Repository/00-Signup and Activation/zMailinator/Email - everleagues' is clicked on

2023-01-04 17:19:49 - [TEST_STEP][PASSED] - delay(3): Delayed 3 second(s)

2023-01-04 17:19:52 - [MESSAGE][PASSED] - Delayed 3 second(s)

2023-01-04 17:19:52 - [TEST_STEP][PASSED] - codetwo = getText(findTestObject("Object Repository/06-Teams/For 2FA/2FA code")): Text of object 'Object Repository/06-Teams/For 2FA/2FA code' is: '102576'

2023-01-04 17:19:53 - [MESSAGE][PASSED] - Text of object 'Object Repository/06-Teams/For 2FA/2FA code' is: '102576'

2023-01-04 17:19:53 - [TEST_STEP][PASSED] - delay(3): Delayed 3 second(s)

2023-01-04 17:19:56 - [MESSAGE][PASSED] - Delayed 3 second(s)

2023-01-04 17:19:56 - [TEST_STEP][PASSED] - closeWindowTitle("Mailinator"): Window with title: 'Mailinator' is closed

2023-01-04 17:19:57 - [MESSAGE][PASSED] - Window with title: 'Mailinator' is closed

2023-01-04 17:19:57 - [TEST_STEP][PASSED] - delay(3): Delayed 3 second(s)

2023-01-04 17:20:00 - [MESSAGE][PASSED] - Delayed 3 second(s)

2023-01-04 17:20:00 - [TEST_STEP][PASSED] - switchToWindowIndex(0): Switched to window with index: '0'

2023-01-04 17:20:00 - [MESSAGE][PASSED] - Switched to window with index: '0'

2023-01-04 17:20:00 - [TEST_STEP][PASSED] - delay(3): Delayed 3 second(s)

2023-01-04 17:20:03 - [MESSAGE][PASSED] - Delayed 3 second(s)

2023-01-04 17:20:03 - [TEST_STEP][PASSED] - setText(findTestObject("Object Repository/06-Teams/For 2FA/input_Enter verification code_code"), codetwo): Text '102576' is set on object 'Object Repository/06-Teams/For 2FA/input_Enter verification code_code'

2023-01-04 17:20:05 - [MESSAGE][PASSED] - Text '102576' is set on object 'Object Repository/06-Teams/For 2FA/input_Enter verification code_code'

2023-01-04 17:20:05 - [TEST_STEP][PASSED] - delay(3): Delayed 3 second(s)

2023-01-04 17:20:08 - [MESSAGE][PASSED] - Delayed 3 second(s)

2023-01-04 17:20:08 - [TEST_STEP][PASSED] - click(findTestObject("06-Teams/For 2FA/button_Verify_2FA")): Object: 'Object Repository/06-Teams/For 2FA/button_Verify_2FA' is clicked on

2023-01-04 17:20:09 - [MESSAGE][PASSED] - Object: 'Object Repository/06-Teams/For 2FA/button_Verify_2FA' is clicked on

2023-01-04 17:20:09 - [TEST_STEP][PASSED] - delay(5): Delayed 5 second(s)

2023-01-04 17:20:14 - [MESSAGE][PASSED] - Delayed 5 second(s)

2023-01-04 17:20:14 - [TEST_STEP][PASSED] - executeJavaScript("window.open();", []): Execute JavaScript 'window.open();' successfully

2023-01-04 17:20:15 - [MESSAGE][PASSED] - Execute JavaScript 'window.open();' successfully

2023-01-04 17:20:15 - [TEST_STEP][PASSED] - currentWindow = getWindowIndex(): Current window's index is: 0

2023-01-04 17:20:15 - [MESSAGE][PASSED] - Current window's index is: 0

2023-01-04 17:20:15 - [TEST_STEP][PASSED] - delay(3): Delayed 3 second(s)

2023-01-04 17:20:18 - [MESSAGE][PASSED] - Delayed 3 second(s)

2023-01-04 17:20:18 - [TEST_STEP][PASSED] - switchToWindowIndex(currentWindow + 1): Switched to window with index: '1'

2023-01-04 17:20:18 - [MESSAGE][PASSED] - Switched to window with index: '1'

2023-01-04 17:20:18 - [TEST_STEP][PASSED] - navigateToUrl("https://www.mailinator.com/"): Navigate to 'https://www.mailinator.com/' successfully

2023-01-04 17:20:23 - [MESSAGE][PASSED] - Navigate to 'https://www.mailinator.com/' successfully

2023-01-04 17:20:23 - [TEST_STEP][PASSED] - delay(3): Delayed 3 second(s)

2023-01-04 17:20:26 - [MESSAGE][PASSED] - Delayed 3 second(s)

2023-01-04 17:20:26 - [TEST_STEP][PASSED] - setText(findTestObject("00-Signup and Activation/zMailinator/input_LOGIN_search"), "autotester04@mailinator.com"): Text 'autotester04@mailinator.com' is set on object 'Object Repository/00-Signup and Activation/zMailinator/input_LOGIN_search'

2023-01-04 17:20:28 - [MESSAGE][PASSED] - Text 'autotester04@mailinator.com' is set on object 'Object Repository/00-Signup and Activation/zMailinator/input_LOGIN_search'

2023-01-04 17:20:28 - [TEST_STEP][PASSED] - click(findTestObject("00-Signup and Activation/zMailinator/gobutton"), STOP_ON_FAILURE): Object: 'Object Repository/00-Signup and Activation/zMailinator/gobutton' is clicked on

2023-01-04 17:20:30 - [MESSAGE][PASSED] - Object: 'Object Repository/00-Signup and Activation/zMailinator/gobutton' is clicked on

2023-01-04 17:20:30 - [TEST_STEP][PASSED] - delay(3): Delayed 3 second(s)

2023-01-04 17:20:33 - [MESSAGE][PASSED] - Delayed 3 second(s)

2023-01-04 17:20:33 - [TEST_STEP][PASSED] - closeWindowTitle("Everleagues"): Window with title: 'Everleagues' is closed

2023-01-04 17:20:34 - [MESSAGE][PASSED] - Window with title: 'Everleagues' is closed

2023-01-04 17:20:34 - [TEST_STEP][PASSED] - switchToWindowIndex(0): Switched to window with index: '0'

2023-01-04 17:20:34 - [MESSAGE][PASSED] - Switched to window with index: '0'

2023-01-04 17:20:34 - [TEST_STEP][PASSED] - click(findTestObject("09-Settings/Users/Co worker/td_Invitation from GG Automation")): Object: 'Object Repository/09-Settings/Users/Co worker/td_Invitation from GG Automation' is clicked on

2023-01-04 17:20:35 - [MESSAGE][PASSED] - Object: 'Object Repository/09-Settings/Users/Co worker/td_Invitation from GG Automation' is clicked on

2023-01-04 17:20:35 - [TEST_STEP][PASSED] - click(findTestObject("09-Settings/Users/Co worker/a_Click here to join GG Automation on EverLeagues")): Object: 'Object Repository/09-Settings/Users/Co worker/a_Click here to join GG Automation on EverLeagues' is clicked on

2023-01-04 17:20:36 - [MESSAGE][PASSED] - Object: 'Object Repository/09-Settings/Users/Co worker/a_Click here to join GG Automation on EverLeagues' is clicked on

2023-01-04 17:20:36 - [TEST_STEP][PASSED] - delay(3): Delayed 3 second(s)

2023-01-04 17:20:39 - [MESSAGE][PASSED] - Delayed 3 second(s)

2023-01-04 17:20:39 - [TEST_STEP][PASSED] - closeWindowTitle("Mailinator"): Window with title: 'Mailinator' is closed

2023-01-04 17:20:50 - [MESSAGE][PASSED] - Window with title: 'Mailinator' is closed

2023-01-04 17:20:50 - [TEST_STEP][PASSED] - switchToWindowIndex(0): Switched to window with index: '0'

2023-01-04 17:20:50 - [MESSAGE][PASSED] - Switched to window with index: '0'

2023-01-04 17:20:50 - [TEST_STEP][PASSED] - verifyElementVisible(findTestObject("09-Settings/Users/Co worker/Invite modal")): Object 'Object Repository/09-Settings/Users/Co worker/Invite modal' is visible

2023-01-04 17:21:00 - [MESSAGE][PASSED] - Object 'Object Repository/09-Settings/Users/Co worker/Invite modal' is visible

2023-01-04 17:21:00 - [TEST_STEP][PASSED] - click(findTestObject("09-Settings/Users/Co worker/button_Accept")): Object: 'Object Repository/09-Settings/Users/Co worker/button_Accept' is clicked on

2023-01-04 17:21:02 - [MESSAGE][PASSED] - Object: 'Object Repository/09-Settings/Users/Co worker/button_Accept' is clicked on

2023-01-04 17:21:02 - [TEST_STEP][PASSED] - delay(5): Delayed 5 second(s)

2023-01-04 17:21:07 - [MESSAGE][PASSED] - Delayed 5 second(s)

2023-01-04 17:21:07 - [TEST_STEP][PASSED] - verifyElementVisible(findTestObject("09-Settings/Users/Co worker/div_Joined as CoWorker")): Object 'Object Repository/09-Settings/Users/Co worker/div_Joined as CoWorker' is visible

2023-01-04 17:21:11 - [MESSAGE][PASSED] - Object 'Object Repository/09-Settings/Users/Co worker/div_Joined as CoWorker' is visible

2023-01-04 17:21:11 - [TEST_STEP][PASSED] - closeBrowser(): Browser is closed

2023-01-04 17:21:13 - [MESSAGE][PASSED] - Browser is closed]]></system-out>
         <system-err><![CDATA[]]></system-err>
      </testcase>
      <testcase name="Test Cases/09-Settings/03 - Users (Invite new user as client)" time="471.045" classname="Test Cases/09-Settings/03 - Users (Invite new user as client)" status="PASSED">
         <system-out><![CDATA[2023-01-04 17:21:13 - [TEST_CASE][PASSED] - Test Cases/09-Settings/03 - Users (Invite new user as client): Test Cases/09-Settings/03 - Users (Invite new user as client)

2023-01-04 17:21:16 - [TEST_STEP][PASSED] - openBrowser(""): Browser is opened with url: ''

2023-01-04 17:21:16 - [MESSAGE][INFO] - Starting 'Chrome' driver

2023-01-04 17:21:16 - [MESSAGE][INFO] - Action delay is set to 0 milliseconds

2023-01-04 17:21:20 - [MESSAGE][PASSED] - Browser is opened with url: ''

2023-01-04 17:21:20 - [TEST_STEP][PASSED] - navigateToUrl("https://lab.everleagues.com/"): Navigate to 'https://lab.everleagues.com/' successfully

2023-01-04 17:24:18 - [MESSAGE][PASSED] - Navigate to 'https://lab.everleagues.com/' successfully

2023-01-04 17:24:18 - [TEST_STEP][PASSED] - maximizeWindow(): Current window maximized

2023-01-04 17:24:19 - [MESSAGE][PASSED] - Current window maximized

2023-01-04 17:24:19 - [TEST_STEP][PASSED] - setText(findTestObject("02-Side Icons(Organization)/Add Contact/Email Field"), "testuser02@mailinator.com"): Text 'testuser02@mailinator.com' is set on object 'Object Repository/02-Side Icons(Organization)/Add Contact/Email Field'

2023-01-04 17:24:22 - [MESSAGE][PASSED] - Text 'testuser02@mailinator.com' is set on object 'Object Repository/02-Side Icons(Organization)/Add Contact/Email Field'

2023-01-04 17:24:22 - [TEST_STEP][PASSED] - setEncryptedText(findTestObject("02-Side Icons(Organization)/Add Contact/Password Field"), "8yFRyszE6U6jvsCn51OQbg=="): Text ****** has been set on object 'Object Repository/02-Side Icons(Organization)/Add Contact/Password Field'

2023-01-04 17:24:24 - [MESSAGE][PASSED] - Text ****** has been set on object 'Object Repository/02-Side Icons(Organization)/Add Contact/Password Field'

2023-01-04 17:24:24 - [TEST_STEP][PASSED] - click(findTestObject("02-Side Icons(Organization)/Add Contact/button_Sign in")): Object: 'Object Repository/02-Side Icons(Organization)/Add Contact/button_Sign in' is clicked on

2023-01-04 17:24:25 - [MESSAGE][PASSED] - Object: 'Object Repository/02-Side Icons(Organization)/Add Contact/button_Sign in' is clicked on

2023-01-04 17:24:25 - [TEST_STEP][PASSED] - delay(2): Delayed 2 second(s)

2023-01-04 17:24:28 - [MESSAGE][PASSED] - Delayed 2 second(s)

2023-01-04 17:24:28 - [TEST_STEP][PASSED] - click(findTestObject("06-Teams/For 2FA/button_Confirm_2FA")): Object: 'Object Repository/06-Teams/For 2FA/button_Confirm_2FA' is clicked on

2023-01-04 17:24:29 - [MESSAGE][PASSED] - Object: 'Object Repository/06-Teams/For 2FA/button_Confirm_2FA' is clicked on

2023-01-04 17:24:29 - [TEST_STEP][PASSED] - executeJavaScript("window.open();", []): Execute JavaScript 'window.open();' successfully

2023-01-04 17:24:29 - [MESSAGE][PASSED] - Execute JavaScript 'window.open();' successfully

2023-01-04 17:24:29 - [TEST_STEP][PASSED] - currentWindow = getWindowIndex(): Current window's index is: 0

2023-01-04 17:24:29 - [MESSAGE][PASSED] - Current window's index is: 0

2023-01-04 17:24:29 - [TEST_STEP][PASSED] - delay(3): Delayed 3 second(s)

2023-01-04 17:24:32 - [MESSAGE][PASSED] - Delayed 3 second(s)

2023-01-04 17:24:32 - [TEST_STEP][PASSED] - switchToWindowIndex(currentWindow + 1): Switched to window with index: '1'

2023-01-04 17:24:32 - [MESSAGE][PASSED] - Switched to window with index: '1'

2023-01-04 17:24:32 - [TEST_STEP][PASSED] - navigateToUrl("https://www.mailinator.com/"): Navigate to 'https://www.mailinator.com/' successfully

2023-01-04 17:24:48 - [MESSAGE][PASSED] - Navigate to 'https://www.mailinator.com/' successfully

2023-01-04 17:24:48 - [TEST_STEP][PASSED] - delay(3): Delayed 3 second(s)

2023-01-04 17:24:51 - [MESSAGE][PASSED] - Delayed 3 second(s)

2023-01-04 17:24:51 - [TEST_STEP][PASSED] - setText(findTestObject("00-Signup and Activation/zMailinator/input_LOGIN_search"), "testuser02@mailinator.com"): Text 'testuser02@mailinator.com' is set on object 'Object Repository/00-Signup and Activation/zMailinator/input_LOGIN_search'

2023-01-04 17:24:52 - [MESSAGE][PASSED] - Text 'testuser02@mailinator.com' is set on object 'Object Repository/00-Signup and Activation/zMailinator/input_LOGIN_search'

2023-01-04 17:24:52 - [TEST_STEP][PASSED] - click(findTestObject("00-Signup and Activation/zMailinator/gobutton"), STOP_ON_FAILURE): Object: 'Object Repository/00-Signup and Activation/zMailinator/gobutton' is clicked on

2023-01-04 17:24:56 - [MESSAGE][PASSED] - Object: 'Object Repository/00-Signup and Activation/zMailinator/gobutton' is clicked on

2023-01-04 17:24:56 - [TEST_STEP][PASSED] - delay(3): Delayed 3 second(s)

2023-01-04 17:24:59 - [MESSAGE][PASSED] - Delayed 3 second(s)

2023-01-04 17:24:59 - [TEST_STEP][PASSED] - click(findTestObject("00-Signup and Activation/zMailinator/Email - everleagues")): Object: 'Object Repository/00-Signup and Activation/zMailinator/Email - everleagues' is clicked on

2023-01-04 17:25:00 - [MESSAGE][PASSED] - Object: 'Object Repository/00-Signup and Activation/zMailinator/Email - everleagues' is clicked on

2023-01-04 17:25:00 - [TEST_STEP][PASSED] - delay(3): Delayed 3 second(s)

2023-01-04 17:25:03 - [MESSAGE][PASSED] - Delayed 3 second(s)

2023-01-04 17:25:03 - [TEST_STEP][PASSED] - code = getText(findTestObject("Object Repository/06-Teams/For 2FA/2FA code")): Text of object 'Object Repository/06-Teams/For 2FA/2FA code' is: '356777'

2023-01-04 17:25:04 - [MESSAGE][PASSED] - Text of object 'Object Repository/06-Teams/For 2FA/2FA code' is: '356777'

2023-01-04 17:25:04 - [TEST_STEP][PASSED] - delay(3): Delayed 3 second(s)

2023-01-04 17:25:07 - [MESSAGE][PASSED] - Delayed 3 second(s)

2023-01-04 17:25:07 - [TEST_STEP][PASSED] - closeWindowTitle("Mailinator"): Window with title: 'Mailinator' is closed

2023-01-04 17:25:08 - [MESSAGE][PASSED] - Window with title: 'Mailinator' is closed

2023-01-04 17:25:08 - [TEST_STEP][PASSED] - delay(3): Delayed 3 second(s)

2023-01-04 17:25:11 - [MESSAGE][PASSED] - Delayed 3 second(s)

2023-01-04 17:25:11 - [TEST_STEP][PASSED] - switchToWindowIndex(0): Switched to window with index: '0'

2023-01-04 17:25:11 - [MESSAGE][PASSED] - Switched to window with index: '0'

2023-01-04 17:25:11 - [TEST_STEP][PASSED] - delay(3): Delayed 3 second(s)

2023-01-04 17:25:14 - [MESSAGE][PASSED] - Delayed 3 second(s)

2023-01-04 17:25:14 - [TEST_STEP][PASSED] - setText(findTestObject("Object Repository/06-Teams/For 2FA/input_Enter verification code_code"), code): Text '356777' is set on object 'Object Repository/06-Teams/For 2FA/input_Enter verification code_code'

2023-01-04 17:25:16 - [MESSAGE][PASSED] - Text '356777' is set on object 'Object Repository/06-Teams/For 2FA/input_Enter verification code_code'

2023-01-04 17:25:16 - [TEST_STEP][PASSED] - delay(3): Delayed 3 second(s)

2023-01-04 17:25:19 - [MESSAGE][PASSED] - Delayed 3 second(s)

2023-01-04 17:25:19 - [TEST_STEP][PASSED] - click(findTestObject("06-Teams/For 2FA/button_Verify_2FA")): Object: 'Object Repository/06-Teams/For 2FA/button_Verify_2FA' is clicked on

2023-01-04 17:25:21 - [MESSAGE][PASSED] - Object: 'Object Repository/06-Teams/For 2FA/button_Verify_2FA' is clicked on

2023-01-04 17:25:21 - [TEST_STEP][PASSED] - delay(5): Delayed 5 second(s)

2023-01-04 17:25:26 - [MESSAGE][PASSED] - Delayed 5 second(s)

2023-01-04 17:25:26 - [TEST_STEP][PASSED] - click(findTestObject("06-Teams/button_doublearrow")): Object: 'Object Repository/06-Teams/button_doublearrow' is clicked on

2023-01-04 17:25:28 - [MESSAGE][PASSED] - Object: 'Object Repository/06-Teams/button_doublearrow' is clicked on

2023-01-04 17:25:28 - [TEST_STEP][PASSED] - click(findTestObject("06-Teams/button_My Organizations")): Object: 'Object Repository/06-Teams/button_My Organizations' is clicked on

2023-01-04 17:25:29 - [MESSAGE][PASSED] - Object: 'Object Repository/06-Teams/button_My Organizations' is clicked on

2023-01-04 17:25:29 - [TEST_STEP][PASSED] - click(findTestObject("06-Teams/button_GG Automation")): Object: 'Object Repository/06-Teams/button_GG Automation' is clicked on

2023-01-04 17:25:30 - [MESSAGE][PASSED] - Object: 'Object Repository/06-Teams/button_GG Automation' is clicked on

2023-01-04 17:25:30 - [TEST_STEP][PASSED] - delay(4): Delayed 4 second(s)

2023-01-04 17:25:34 - [MESSAGE][PASSED] - Delayed 4 second(s)

2023-01-04 17:25:34 - [TEST_STEP][PASSED] - verifyElementVisible(findTestObject("06-Teams/span_GG Automation")): Object 'Object Repository/06-Teams/span_GG Automation' is visible

2023-01-04 17:25:35 - [MESSAGE][PASSED] - Object 'Object Repository/06-Teams/span_GG Automation' is visible

2023-01-04 17:25:35 - [TEST_STEP][PASSED] - delay(5): Delayed 5 second(s)

2023-01-04 17:25:40 - [MESSAGE][PASSED] - Delayed 5 second(s)

2023-01-04 17:25:40 - [TEST_STEP][PASSED] - click(findTestObject("03-Header Menu/Hamburger Button/div_Settings")): Object: 'Object Repository/03-Header Menu/Hamburger Button/div_Settings' is clicked on

2023-01-04 17:25:41 - [MESSAGE][PASSED] - Object: 'Object Repository/03-Header Menu/Hamburger Button/div_Settings' is clicked on

2023-01-04 17:25:41 - [TEST_STEP][PASSED] - delay(3): Delayed 3 second(s)

2023-01-04 17:25:44 - [MESSAGE][PASSED] - Delayed 3 second(s)

2023-01-04 17:25:44 - [TEST_STEP][PASSED] - scrollToElement(findTestObject("09-Settings/Users/div_Users"), 0): Scroll to object 'Object Repository/09-Settings/Users/div_Users' successfully

2023-01-04 17:25:44 - [MESSAGE][WARNING] - Timeout '0' is invalid. Using default page load timeout: '30'

2023-01-04 17:25:45 - [MESSAGE][PASSED] - Scroll to object 'Object Repository/09-Settings/Users/div_Users' successfully

2023-01-04 17:25:45 - [TEST_STEP][PASSED] - click(findTestObject("09-Settings/Users/div_Users")): Object: 'Object Repository/09-Settings/Users/div_Users' is clicked on

2023-01-04 17:25:48 - [MESSAGE][PASSED] - Object: 'Object Repository/09-Settings/Users/div_Users' is clicked on

2023-01-04 17:25:48 - [TEST_STEP][PASSED] - delay(3): Delayed 3 second(s)

2023-01-04 17:25:51 - [MESSAGE][PASSED] - Delayed 3 second(s)

2023-01-04 17:25:51 - [TEST_STEP][PASSED] - click(findTestObject("09-Settings/Users/button_add")): Object: 'Object Repository/09-Settings/Users/button_add' is clicked on

2023-01-04 17:25:52 - [MESSAGE][PASSED] - Object: 'Object Repository/09-Settings/Users/button_add' is clicked on

2023-01-04 17:25:52 - [TEST_STEP][PASSED] - delay(3): Delayed 3 second(s)

2023-01-04 17:25:55 - [MESSAGE][PASSED] - Delayed 3 second(s)

2023-01-04 17:25:55 - [TEST_STEP][PASSED] - click(findTestObject("09-Settings/Users/add Invite a single user")): Object: 'Object Repository/09-Settings/Users/add Invite a single user' is clicked on

2023-01-04 17:25:56 - [MESSAGE][PASSED] - Object: 'Object Repository/09-Settings/Users/add Invite a single user' is clicked on

2023-01-04 17:25:56 - [TEST_STEP][PASSED] - delay(3): Delayed 3 second(s)

2023-01-04 17:25:59 - [MESSAGE][PASSED] - Delayed 3 second(s)

2023-01-04 17:25:59 - [TEST_STEP][PASSED] - setText(findTestObject("09-Settings/Users/input_email"), "autotester09@mailinator.com"): Text 'autotester09@mailinator.com' is set on object 'Object Repository/09-Settings/Users/input_email'

2023-01-04 17:26:03 - [MESSAGE][PASSED] - Text 'autotester09@mailinator.com' is set on object 'Object Repository/09-Settings/Users/input_email'

2023-01-04 17:26:03 - [TEST_STEP][PASSED] - setText(findTestObject("09-Settings/Users/input_firstName"), "GG"): Text 'GG' is set on object 'Object Repository/09-Settings/Users/input_firstName'

2023-01-04 17:26:06 - [MESSAGE][PASSED] - Text 'GG' is set on object 'Object Repository/09-Settings/Users/input_firstName'

2023-01-04 17:26:06 - [TEST_STEP][PASSED] - setText(findTestObject("09-Settings/Users/input_lastName"), "Client"): Text 'Client' is set on object 'Object Repository/09-Settings/Users/input_lastName'

2023-01-04 17:26:08 - [MESSAGE][PASSED] - Text 'Client' is set on object 'Object Repository/09-Settings/Users/input_lastName'

2023-01-04 17:26:08 - [TEST_STEP][PASSED] - click(findTestObject("09-Settings/Users/span_Role")): Object: 'Object Repository/09-Settings/Users/span_Role' is clicked on

2023-01-04 17:26:09 - [MESSAGE][PASSED] - Object: 'Object Repository/09-Settings/Users/span_Role' is clicked on

2023-01-04 17:26:09 - [TEST_STEP][PASSED] - click(findTestObject("09-Settings/Users/span_Client")): Object: 'Object Repository/09-Settings/Users/span_Client' is clicked on

2023-01-04 17:26:11 - [MESSAGE][PASSED] - Object: 'Object Repository/09-Settings/Users/span_Client' is clicked on

2023-01-04 17:26:11 - [TEST_STEP][PASSED] - click(findTestObject("09-Settings/Users/button_Send Invitation")): Object: 'Object Repository/09-Settings/Users/button_Send Invitation' is clicked on

2023-01-04 17:26:12 - [MESSAGE][PASSED] - Object: 'Object Repository/09-Settings/Users/button_Send Invitation' is clicked on

2023-01-04 17:26:12 - [TEST_STEP][PASSED] - delay(2): Delayed 2 second(s)

2023-01-04 17:26:14 - [MESSAGE][PASSED] - Delayed 2 second(s)

2023-01-04 17:26:14 - [TEST_STEP][PASSED] - verifyElementVisible(findTestObject("07-Directory/Connections/zContact Profile/Successfully invited user")): Object 'Object Repository/07-Directory/Connections/zContact Profile/Successfully invited user' is visible

2023-01-04 17:26:17 - [MESSAGE][PASSED] - Object 'Object Repository/07-Directory/Connections/zContact Profile/Successfully invited user' is visible

2023-01-04 17:26:17 - [TEST_STEP][PASSED] - delay(2): Delayed 2 second(s)

2023-01-04 17:26:19 - [MESSAGE][PASSED] - Delayed 2 second(s)

2023-01-04 17:26:19 - [TEST_STEP][PASSED] - click(findTestObject("01-Login and Forgot Password/User menu drop")): Object: 'Object Repository/01-Login and Forgot Password/User menu drop' is clicked on

2023-01-04 17:26:20 - [MESSAGE][PASSED] - Object: 'Object Repository/01-Login and Forgot Password/User menu drop' is clicked on

2023-01-04 17:26:20 - [TEST_STEP][PASSED] - delay(2): Delayed 2 second(s)

2023-01-04 17:26:22 - [MESSAGE][PASSED] - Delayed 2 second(s)

2023-01-04 17:26:22 - [TEST_STEP][PASSED] - click(findTestObject("01-Login and Forgot Password/h4_Sign Out"), STOP_ON_FAILURE): Object: 'Object Repository/01-Login and Forgot Password/h4_Sign Out' is clicked on

2023-01-04 17:26:23 - [MESSAGE][PASSED] - Object: 'Object Repository/01-Login and Forgot Password/h4_Sign Out' is clicked on

2023-01-04 17:26:23 - [TEST_STEP][PASSED] - delay(2): Delayed 2 second(s)

2023-01-04 17:26:25 - [MESSAGE][PASSED] - Delayed 2 second(s)

2023-01-04 17:26:25 - [TEST_STEP][PASSED] - verifyElementPresent(findTestObject("01-Login and Forgot Password/Login_Card"), 0): Object 'Object Repository/01-Login and Forgot Password/Login_Card' is present

2023-01-04 17:26:26 - [MESSAGE][WARNING] - Timeout '0' is invalid. Using default page load timeout: '30'

2023-01-04 17:26:27 - [MESSAGE][PASSED] - Object 'Object Repository/01-Login and Forgot Password/Login_Card' is present

2023-01-04 17:26:27 - [TEST_STEP][PASSED] - delay(3): Delayed 3 second(s)

2023-01-04 17:26:30 - [MESSAGE][PASSED] - Delayed 3 second(s)

2023-01-04 17:26:30 - [TEST_STEP][PASSED] - closeBrowser(): Browser is closed

2023-01-04 17:26:35 - [MESSAGE][PASSED] - Browser is closed

2023-01-04 17:26:35 - [TEST_STEP][PASSED] - openBrowser(""): Browser is opened with url: ''

2023-01-04 17:26:35 - [MESSAGE][INFO] - Starting 'Chrome' driver

2023-01-04 17:26:35 - [MESSAGE][INFO] - Action delay is set to 0 milliseconds

2023-01-04 17:26:39 - [MESSAGE][PASSED] - Browser is opened with url: ''

2023-01-04 17:26:39 - [TEST_STEP][PASSED] - navigateToUrl("https://lab.everleagues.com/"): Navigate to 'https://lab.everleagues.com/' successfully

2023-01-04 17:27:02 - [MESSAGE][PASSED] - Navigate to 'https://lab.everleagues.com/' successfully

2023-01-04 17:27:02 - [TEST_STEP][PASSED] - maximizeWindow(): Current window maximized

2023-01-04 17:27:03 - [MESSAGE][PASSED] - Current window maximized

2023-01-04 17:27:03 - [TEST_STEP][PASSED] - setText(findTestObject("02-Side Icons(Organization)/Add Contact/Email Field"), "autotester09@mailinator.com"): Text 'autotester09@mailinator.com' is set on object 'Object Repository/02-Side Icons(Organization)/Add Contact/Email Field'

2023-01-04 17:27:05 - [MESSAGE][PASSED] - Text 'autotester09@mailinator.com' is set on object 'Object Repository/02-Side Icons(Organization)/Add Contact/Email Field'

2023-01-04 17:27:05 - [TEST_STEP][PASSED] - setEncryptedText(findTestObject("02-Side Icons(Organization)/Add Contact/Password Field"), "8yFRyszE6U6jvsCn51OQbg=="): Text ****** has been set on object 'Object Repository/02-Side Icons(Organization)/Add Contact/Password Field'

2023-01-04 17:27:06 - [MESSAGE][PASSED] - Text ****** has been set on object 'Object Repository/02-Side Icons(Organization)/Add Contact/Password Field'

2023-01-04 17:27:06 - [TEST_STEP][PASSED] - click(findTestObject("02-Side Icons(Organization)/Add Contact/button_Sign in")): Object: 'Object Repository/02-Side Icons(Organization)/Add Contact/button_Sign in' is clicked on

2023-01-04 17:27:07 - [MESSAGE][PASSED] - Object: 'Object Repository/02-Side Icons(Organization)/Add Contact/button_Sign in' is clicked on

2023-01-04 17:27:07 - [TEST_STEP][PASSED] - delay(2): Delayed 2 second(s)

2023-01-04 17:27:09 - [MESSAGE][PASSED] - Delayed 2 second(s)

2023-01-04 17:27:09 - [TEST_STEP][PASSED] - click(findTestObject("06-Teams/For 2FA/button_Confirm_2FA")): Object: 'Object Repository/06-Teams/For 2FA/button_Confirm_2FA' is clicked on

2023-01-04 17:27:10 - [MESSAGE][PASSED] - Object: 'Object Repository/06-Teams/For 2FA/button_Confirm_2FA' is clicked on

2023-01-04 17:27:10 - [TEST_STEP][PASSED] - executeJavaScript("window.open();", []): Execute JavaScript 'window.open();' successfully

2023-01-04 17:27:10 - [MESSAGE][PASSED] - Execute JavaScript 'window.open();' successfully

2023-01-04 17:27:10 - [TEST_STEP][PASSED] - currentWindow = getWindowIndex(): Current window's index is: 0

2023-01-04 17:27:10 - [MESSAGE][PASSED] - Current window's index is: 0

2023-01-04 17:27:10 - [TEST_STEP][PASSED] - delay(3): Delayed 3 second(s)

2023-01-04 17:27:13 - [MESSAGE][PASSED] - Delayed 3 second(s)

2023-01-04 17:27:13 - [TEST_STEP][PASSED] - switchToWindowIndex(currentWindow + 1): Switched to window with index: '1'

2023-01-04 17:27:14 - [MESSAGE][PASSED] - Switched to window with index: '1'

2023-01-04 17:27:14 - [TEST_STEP][PASSED] - navigateToUrl("https://www.mailinator.com/"): Navigate to 'https://www.mailinator.com/' successfully

2023-01-04 17:27:24 - [MESSAGE][PASSED] - Navigate to 'https://www.mailinator.com/' successfully

2023-01-04 17:27:24 - [TEST_STEP][PASSED] - delay(3): Delayed 3 second(s)

2023-01-04 17:27:27 - [MESSAGE][PASSED] - Delayed 3 second(s)

2023-01-04 17:27:27 - [TEST_STEP][PASSED] - setText(findTestObject("00-Signup and Activation/zMailinator/input_LOGIN_search"), "autotester09@mailinator.com"): Text 'autotester09@mailinator.com' is set on object 'Object Repository/00-Signup and Activation/zMailinator/input_LOGIN_search'

2023-01-04 17:27:28 - [MESSAGE][PASSED] - Text 'autotester09@mailinator.com' is set on object 'Object Repository/00-Signup and Activation/zMailinator/input_LOGIN_search'

2023-01-04 17:27:28 - [TEST_STEP][PASSED] - click(findTestObject("00-Signup and Activation/zMailinator/gobutton"), STOP_ON_FAILURE): Object: 'Object Repository/00-Signup and Activation/zMailinator/gobutton' is clicked on

2023-01-04 17:27:32 - [MESSAGE][PASSED] - Object: 'Object Repository/00-Signup and Activation/zMailinator/gobutton' is clicked on

2023-01-04 17:27:32 - [TEST_STEP][PASSED] - delay(3): Delayed 3 second(s)

2023-01-04 17:27:35 - [MESSAGE][PASSED] - Delayed 3 second(s)

2023-01-04 17:27:35 - [TEST_STEP][PASSED] - click(findTestObject("00-Signup and Activation/zMailinator/Email - everleagues")): Object: 'Object Repository/00-Signup and Activation/zMailinator/Email - everleagues' is clicked on

2023-01-04 17:27:37 - [MESSAGE][PASSED] - Object: 'Object Repository/00-Signup and Activation/zMailinator/Email - everleagues' is clicked on

2023-01-04 17:27:37 - [TEST_STEP][PASSED] - delay(3): Delayed 3 second(s)

2023-01-04 17:27:40 - [MESSAGE][PASSED] - Delayed 3 second(s)

2023-01-04 17:27:40 - [TEST_STEP][PASSED] - codetwo = getText(findTestObject("Object Repository/06-Teams/For 2FA/2FA code")): Text of object 'Object Repository/06-Teams/For 2FA/2FA code' is: '846448'

2023-01-04 17:27:41 - [MESSAGE][PASSED] - Text of object 'Object Repository/06-Teams/For 2FA/2FA code' is: '846448'

2023-01-04 17:27:41 - [TEST_STEP][PASSED] - delay(3): Delayed 3 second(s)

2023-01-04 17:27:44 - [MESSAGE][PASSED] - Delayed 3 second(s)

2023-01-04 17:27:44 - [TEST_STEP][PASSED] - closeWindowTitle("Mailinator"): Window with title: 'Mailinator' is closed

2023-01-04 17:27:45 - [MESSAGE][PASSED] - Window with title: 'Mailinator' is closed

2023-01-04 17:27:45 - [TEST_STEP][PASSED] - delay(3): Delayed 3 second(s)

2023-01-04 17:27:48 - [MESSAGE][PASSED] - Delayed 3 second(s)

2023-01-04 17:27:48 - [TEST_STEP][PASSED] - switchToWindowIndex(0): Switched to window with index: '0'

2023-01-04 17:27:48 - [MESSAGE][PASSED] - Switched to window with index: '0'

2023-01-04 17:27:48 - [TEST_STEP][PASSED] - delay(3): Delayed 3 second(s)

2023-01-04 17:27:51 - [MESSAGE][PASSED] - Delayed 3 second(s)

2023-01-04 17:27:51 - [TEST_STEP][PASSED] - setText(findTestObject("Object Repository/06-Teams/For 2FA/input_Enter verification code_code"), codetwo): Text '846448' is set on object 'Object Repository/06-Teams/For 2FA/input_Enter verification code_code'

2023-01-04 17:27:53 - [MESSAGE][PASSED] - Text '846448' is set on object 'Object Repository/06-Teams/For 2FA/input_Enter verification code_code'

2023-01-04 17:27:53 - [TEST_STEP][PASSED] - delay(3): Delayed 3 second(s)

2023-01-04 17:27:56 - [MESSAGE][PASSED] - Delayed 3 second(s)

2023-01-04 17:27:56 - [TEST_STEP][PASSED] - click(findTestObject("06-Teams/For 2FA/button_Verify_2FA")): Object: 'Object Repository/06-Teams/For 2FA/button_Verify_2FA' is clicked on

2023-01-04 17:27:57 - [MESSAGE][PASSED] - Object: 'Object Repository/06-Teams/For 2FA/button_Verify_2FA' is clicked on

2023-01-04 17:27:57 - [TEST_STEP][PASSED] - delay(5): Delayed 5 second(s)

2023-01-04 17:28:02 - [MESSAGE][PASSED] - Delayed 5 second(s)

2023-01-04 17:28:02 - [TEST_STEP][PASSED] - executeJavaScript("window.open();", []): Execute JavaScript 'window.open();' successfully

2023-01-04 17:28:02 - [MESSAGE][PASSED] - Execute JavaScript 'window.open();' successfully

2023-01-04 17:28:02 - [TEST_STEP][PASSED] - currentWindow = getWindowIndex(): Current window's index is: 0

2023-01-04 17:28:03 - [MESSAGE][PASSED] - Current window's index is: 0

2023-01-04 17:28:03 - [TEST_STEP][PASSED] - delay(3): Delayed 3 second(s)

2023-01-04 17:28:06 - [MESSAGE][PASSED] - Delayed 3 second(s)

2023-01-04 17:28:06 - [TEST_STEP][PASSED] - switchToWindowIndex(currentWindow + 1): Switched to window with index: '1'

2023-01-04 17:28:06 - [MESSAGE][PASSED] - Switched to window with index: '1'

2023-01-04 17:28:06 - [TEST_STEP][PASSED] - navigateToUrl("https://www.mailinator.com/"): Navigate to 'https://www.mailinator.com/' successfully

2023-01-04 17:28:12 - [MESSAGE][PASSED] - Navigate to 'https://www.mailinator.com/' successfully

2023-01-04 17:28:12 - [TEST_STEP][PASSED] - delay(3): Delayed 3 second(s)

2023-01-04 17:28:15 - [MESSAGE][PASSED] - Delayed 3 second(s)

2023-01-04 17:28:15 - [TEST_STEP][PASSED] - setText(findTestObject("00-Signup and Activation/zMailinator/input_LOGIN_search"), "autotester09@mailinator.com"): Text 'autotester09@mailinator.com' is set on object 'Object Repository/00-Signup and Activation/zMailinator/input_LOGIN_search'

2023-01-04 17:28:16 - [MESSAGE][PASSED] - Text 'autotester09@mailinator.com' is set on object 'Object Repository/00-Signup and Activation/zMailinator/input_LOGIN_search'

2023-01-04 17:28:16 - [TEST_STEP][PASSED] - click(findTestObject("00-Signup and Activation/zMailinator/gobutton"), STOP_ON_FAILURE): Object: 'Object Repository/00-Signup and Activation/zMailinator/gobutton' is clicked on

2023-01-04 17:28:20 - [MESSAGE][PASSED] - Object: 'Object Repository/00-Signup and Activation/zMailinator/gobutton' is clicked on

2023-01-04 17:28:20 - [TEST_STEP][PASSED] - delay(3): Delayed 3 second(s)

2023-01-04 17:28:23 - [MESSAGE][PASSED] - Delayed 3 second(s)

2023-01-04 17:28:23 - [TEST_STEP][PASSED] - closeWindowTitle("Everleagues"): Window with title: 'Everleagues' is closed

2023-01-04 17:28:24 - [MESSAGE][PASSED] - Window with title: 'Everleagues' is closed

2023-01-04 17:28:24 - [TEST_STEP][PASSED] - switchToWindowIndex(0): Switched to window with index: '0'

2023-01-04 17:28:24 - [MESSAGE][PASSED] - Switched to window with index: '0'

2023-01-04 17:28:24 - [TEST_STEP][PASSED] - click(findTestObject("09-Settings/Users/Co worker/td_Invitation from GG Automation")): Object: 'Object Repository/09-Settings/Users/Co worker/td_Invitation from GG Automation' is clicked on

2023-01-04 17:28:25 - [MESSAGE][PASSED] - Object: 'Object Repository/09-Settings/Users/Co worker/td_Invitation from GG Automation' is clicked on

2023-01-04 17:28:25 - [TEST_STEP][PASSED] - click(findTestObject("09-Settings/Users/Co worker/a_Click here to join GG Automation on EverLeagues")): Object: 'Object Repository/09-Settings/Users/Co worker/a_Click here to join GG Automation on EverLeagues' is clicked on

2023-01-04 17:28:27 - [MESSAGE][PASSED] - Object: 'Object Repository/09-Settings/Users/Co worker/a_Click here to join GG Automation on EverLeagues' is clicked on

2023-01-04 17:28:27 - [TEST_STEP][PASSED] - closeWindowTitle("Mailinator"): Window with title: 'Mailinator' is closed

2023-01-04 17:28:27 - [MESSAGE][PASSED] - Window with title: 'Mailinator' is closed

2023-01-04 17:28:27 - [TEST_STEP][PASSED] - switchToWindowIndex(0): Switched to window with index: '0'

2023-01-04 17:28:27 - [MESSAGE][PASSED] - Switched to window with index: '0'

2023-01-04 17:28:27 - [TEST_STEP][PASSED] - verifyElementVisible(findTestObject("09-Settings/Users/Client/Invite modal")): Object 'Object Repository/09-Settings/Users/Client/Invite modal' is visible

2023-01-04 17:28:49 - [MESSAGE][PASSED] - Object 'Object Repository/09-Settings/Users/Client/Invite modal' is visible

2023-01-04 17:28:49 - [TEST_STEP][PASSED] - setText(findTestObject("09-Settings/Users/Client/Company field"), "QA Company"): Text 'QA Company' is set on object 'Object Repository/09-Settings/Users/Client/Company field'

2023-01-04 17:28:51 - [MESSAGE][PASSED] - Text 'QA Company' is set on object 'Object Repository/09-Settings/Users/Client/Company field'

2023-01-04 17:28:51 - [TEST_STEP][PASSED] - click(findTestObject("09-Settings/Users/Client/button_Accept")): Object: 'Object Repository/09-Settings/Users/Client/button_Accept' is clicked on

2023-01-04 17:28:52 - [MESSAGE][PASSED] - Object: 'Object Repository/09-Settings/Users/Client/button_Accept' is clicked on

2023-01-04 17:28:52 - [TEST_STEP][PASSED] - delay(5): Delayed 5 second(s)

2023-01-04 17:28:57 - [MESSAGE][PASSED] - Delayed 5 second(s)

2023-01-04 17:28:57 - [TEST_STEP][PASSED] - verifyElementVisible(findTestObject("09-Settings/Users/Client/div_Joined as CLIENT")): Object 'Object Repository/09-Settings/Users/Client/div_Joined as CLIENT' is visible

2023-01-04 17:28:59 - [MESSAGE][PASSED] - Object 'Object Repository/09-Settings/Users/Client/div_Joined as CLIENT' is visible

2023-01-04 17:28:59 - [TEST_STEP][PASSED] - delay(3): Delayed 3 second(s)

2023-01-04 17:29:02 - [MESSAGE][PASSED] - Delayed 3 second(s)

2023-01-04 17:29:02 - [TEST_STEP][PASSED] - closeBrowser(): Browser is closed

2023-01-04 17:29:04 - [MESSAGE][PASSED] - Browser is closed]]></system-out>
         <system-err><![CDATA[]]></system-err>
      </testcase>
      <testcase name="Test Cases/09-Settings/04 - Users (Invite new user as partner)" time="304.14" classname="Test Cases/09-Settings/04 - Users (Invite new user as partner)" status="PASSED">
         <system-out><![CDATA[2023-01-04 17:29:04 - [TEST_CASE][PASSED] - Test Cases/09-Settings/04 - Users (Invite new user as partner): Test Cases/09-Settings/04 - Users (Invite new user as partner)

2023-01-04 17:29:06 - [TEST_STEP][PASSED] - openBrowser(""): Browser is opened with url: ''

2023-01-04 17:29:06 - [MESSAGE][INFO] - Starting 'Chrome' driver

2023-01-04 17:29:06 - [MESSAGE][INFO] - Action delay is set to 0 milliseconds

2023-01-04 17:29:09 - [MESSAGE][PASSED] - Browser is opened with url: ''

2023-01-04 17:29:09 - [TEST_STEP][PASSED] - navigateToUrl("https://lab.everleagues.com/"): Navigate to 'https://lab.everleagues.com/' successfully

2023-01-04 17:29:32 - [MESSAGE][PASSED] - Navigate to 'https://lab.everleagues.com/' successfully

2023-01-04 17:29:32 - [TEST_STEP][PASSED] - maximizeWindow(): Current window maximized

2023-01-04 17:29:32 - [MESSAGE][PASSED] - Current window maximized

2023-01-04 17:29:32 - [TEST_STEP][PASSED] - setText(findTestObject("02-Side Icons(Organization)/Add Contact/Email Field"), "testuser02@mailinator.com"): Text 'testuser02@mailinator.com' is set on object 'Object Repository/02-Side Icons(Organization)/Add Contact/Email Field'

2023-01-04 17:29:34 - [MESSAGE][PASSED] - Text 'testuser02@mailinator.com' is set on object 'Object Repository/02-Side Icons(Organization)/Add Contact/Email Field'

2023-01-04 17:29:34 - [TEST_STEP][PASSED] - setEncryptedText(findTestObject("02-Side Icons(Organization)/Add Contact/Password Field"), "8yFRyszE6U6jvsCn51OQbg=="): Text ****** has been set on object 'Object Repository/02-Side Icons(Organization)/Add Contact/Password Field'

2023-01-04 17:29:35 - [MESSAGE][PASSED] - Text ****** has been set on object 'Object Repository/02-Side Icons(Organization)/Add Contact/Password Field'

2023-01-04 17:29:35 - [TEST_STEP][PASSED] - click(findTestObject("02-Side Icons(Organization)/Add Contact/button_Sign in")): Object: 'Object Repository/02-Side Icons(Organization)/Add Contact/button_Sign in' is clicked on

2023-01-04 17:29:36 - [MESSAGE][PASSED] - Object: 'Object Repository/02-Side Icons(Organization)/Add Contact/button_Sign in' is clicked on

2023-01-04 17:29:36 - [TEST_STEP][PASSED] - delay(2): Delayed 2 second(s)

2023-01-04 17:29:38 - [MESSAGE][PASSED] - Delayed 2 second(s)

2023-01-04 17:29:38 - [TEST_STEP][PASSED] - click(findTestObject("06-Teams/For 2FA/button_Confirm_2FA")): Object: 'Object Repository/06-Teams/For 2FA/button_Confirm_2FA' is clicked on

2023-01-04 17:29:39 - [MESSAGE][PASSED] - Object: 'Object Repository/06-Teams/For 2FA/button_Confirm_2FA' is clicked on

2023-01-04 17:29:39 - [TEST_STEP][PASSED] - executeJavaScript("window.open();", []): Execute JavaScript 'window.open();' successfully

2023-01-04 17:29:39 - [MESSAGE][PASSED] - Execute JavaScript 'window.open();' successfully

2023-01-04 17:29:39 - [TEST_STEP][PASSED] - currentWindow = getWindowIndex(): Current window's index is: 0

2023-01-04 17:29:39 - [MESSAGE][PASSED] - Current window's index is: 0

2023-01-04 17:29:39 - [TEST_STEP][PASSED] - delay(3): Delayed 3 second(s)

2023-01-04 17:29:42 - [MESSAGE][PASSED] - Delayed 3 second(s)

2023-01-04 17:29:42 - [TEST_STEP][PASSED] - switchToWindowIndex(currentWindow + 1): Switched to window with index: '1'

2023-01-04 17:29:42 - [MESSAGE][PASSED] - Switched to window with index: '1'

2023-01-04 17:29:42 - [TEST_STEP][PASSED] - navigateToUrl("https://www.mailinator.com/"): Navigate to 'https://www.mailinator.com/' successfully

2023-01-04 17:29:50 - [MESSAGE][PASSED] - Navigate to 'https://www.mailinator.com/' successfully

2023-01-04 17:29:50 - [TEST_STEP][PASSED] - delay(3): Delayed 3 second(s)

2023-01-04 17:29:53 - [MESSAGE][PASSED] - Delayed 3 second(s)

2023-01-04 17:29:53 - [TEST_STEP][PASSED] - setText(findTestObject("00-Signup and Activation/zMailinator/input_LOGIN_search"), "testuser02@mailinator.com"): Text 'testuser02@mailinator.com' is set on object 'Object Repository/00-Signup and Activation/zMailinator/input_LOGIN_search'

2023-01-04 17:29:55 - [MESSAGE][PASSED] - Text 'testuser02@mailinator.com' is set on object 'Object Repository/00-Signup and Activation/zMailinator/input_LOGIN_search'

2023-01-04 17:29:55 - [TEST_STEP][PASSED] - click(findTestObject("00-Signup and Activation/zMailinator/gobutton"), STOP_ON_FAILURE): Object: 'Object Repository/00-Signup and Activation/zMailinator/gobutton' is clicked on

2023-01-04 17:29:59 - [MESSAGE][PASSED] - Object: 'Object Repository/00-Signup and Activation/zMailinator/gobutton' is clicked on

2023-01-04 17:29:59 - [TEST_STEP][PASSED] - delay(3): Delayed 3 second(s)

2023-01-04 17:30:02 - [MESSAGE][PASSED] - Delayed 3 second(s)

2023-01-04 17:30:02 - [TEST_STEP][PASSED] - click(findTestObject("00-Signup and Activation/zMailinator/Email - everleagues")): Object: 'Object Repository/00-Signup and Activation/zMailinator/Email - everleagues' is clicked on

2023-01-04 17:30:04 - [MESSAGE][PASSED] - Object: 'Object Repository/00-Signup and Activation/zMailinator/Email - everleagues' is clicked on

2023-01-04 17:30:04 - [TEST_STEP][PASSED] - delay(3): Delayed 3 second(s)

2023-01-04 17:30:07 - [MESSAGE][PASSED] - Delayed 3 second(s)

2023-01-04 17:30:07 - [TEST_STEP][PASSED] - code = getText(findTestObject("Object Repository/06-Teams/For 2FA/2FA code")): Text of object 'Object Repository/06-Teams/For 2FA/2FA code' is: '961764'

2023-01-04 17:30:08 - [MESSAGE][PASSED] - Text of object 'Object Repository/06-Teams/For 2FA/2FA code' is: '961764'

2023-01-04 17:30:08 - [TEST_STEP][PASSED] - delay(3): Delayed 3 second(s)

2023-01-04 17:30:11 - [MESSAGE][PASSED] - Delayed 3 second(s)

2023-01-04 17:30:11 - [TEST_STEP][PASSED] - closeWindowTitle("Mailinator"): Window with title: 'Mailinator' is closed

2023-01-04 17:30:11 - [MESSAGE][PASSED] - Window with title: 'Mailinator' is closed

2023-01-04 17:30:11 - [TEST_STEP][PASSED] - delay(3): Delayed 3 second(s)

2023-01-04 17:30:14 - [MESSAGE][PASSED] - Delayed 3 second(s)

2023-01-04 17:30:14 - [TEST_STEP][PASSED] - switchToWindowIndex(0): Switched to window with index: '0'

2023-01-04 17:30:14 - [MESSAGE][PASSED] - Switched to window with index: '0'

2023-01-04 17:30:14 - [TEST_STEP][PASSED] - delay(3): Delayed 3 second(s)

2023-01-04 17:30:17 - [MESSAGE][PASSED] - Delayed 3 second(s)

2023-01-04 17:30:17 - [TEST_STEP][PASSED] - setText(findTestObject("Object Repository/06-Teams/For 2FA/input_Enter verification code_code"), code): Text '961764' is set on object 'Object Repository/06-Teams/For 2FA/input_Enter verification code_code'

2023-01-04 17:30:19 - [MESSAGE][PASSED] - Text '961764' is set on object 'Object Repository/06-Teams/For 2FA/input_Enter verification code_code'

2023-01-04 17:30:19 - [TEST_STEP][PASSED] - delay(3): Delayed 3 second(s)

2023-01-04 17:30:22 - [MESSAGE][PASSED] - Delayed 3 second(s)

2023-01-04 17:30:22 - [TEST_STEP][PASSED] - click(findTestObject("06-Teams/For 2FA/button_Verify_2FA")): Object: 'Object Repository/06-Teams/For 2FA/button_Verify_2FA' is clicked on

2023-01-04 17:30:23 - [MESSAGE][PASSED] - Object: 'Object Repository/06-Teams/For 2FA/button_Verify_2FA' is clicked on

2023-01-04 17:30:23 - [TEST_STEP][PASSED] - delay(5): Delayed 5 second(s)

2023-01-04 17:30:28 - [MESSAGE][PASSED] - Delayed 5 second(s)

2023-01-04 17:30:28 - [TEST_STEP][PASSED] - click(findTestObject("06-Teams/button_doublearrow")): Object: 'Object Repository/06-Teams/button_doublearrow' is clicked on

2023-01-04 17:30:30 - [MESSAGE][PASSED] - Object: 'Object Repository/06-Teams/button_doublearrow' is clicked on

2023-01-04 17:30:30 - [TEST_STEP][PASSED] - click(findTestObject("06-Teams/button_My Organizations")): Object: 'Object Repository/06-Teams/button_My Organizations' is clicked on

2023-01-04 17:30:31 - [MESSAGE][PASSED] - Object: 'Object Repository/06-Teams/button_My Organizations' is clicked on

2023-01-04 17:30:31 - [TEST_STEP][PASSED] - click(findTestObject("06-Teams/button_GG Automation")): Object: 'Object Repository/06-Teams/button_GG Automation' is clicked on

2023-01-04 17:30:33 - [MESSAGE][PASSED] - Object: 'Object Repository/06-Teams/button_GG Automation' is clicked on

2023-01-04 17:30:33 - [TEST_STEP][PASSED] - delay(4): Delayed 4 second(s)

2023-01-04 17:30:37 - [MESSAGE][PASSED] - Delayed 4 second(s)

2023-01-04 17:30:37 - [TEST_STEP][PASSED] - verifyElementVisible(findTestObject("06-Teams/span_GG Automation")): Object 'Object Repository/06-Teams/span_GG Automation' is visible

2023-01-04 17:30:37 - [MESSAGE][PASSED] - Object 'Object Repository/06-Teams/span_GG Automation' is visible

2023-01-04 17:30:37 - [TEST_STEP][PASSED] - delay(5): Delayed 5 second(s)

2023-01-04 17:30:42 - [MESSAGE][PASSED] - Delayed 5 second(s)

2023-01-04 17:30:42 - [TEST_STEP][PASSED] - click(findTestObject("03-Header Menu/Hamburger Button/div_Settings")): Object: 'Object Repository/03-Header Menu/Hamburger Button/div_Settings' is clicked on

2023-01-04 17:30:43 - [MESSAGE][PASSED] - Object: 'Object Repository/03-Header Menu/Hamburger Button/div_Settings' is clicked on

2023-01-04 17:30:43 - [TEST_STEP][PASSED] - delay(3): Delayed 3 second(s)

2023-01-04 17:30:46 - [MESSAGE][PASSED] - Delayed 3 second(s)

2023-01-04 17:30:46 - [TEST_STEP][PASSED] - scrollToElement(findTestObject("09-Settings/Users/div_Users"), 0): Scroll to object 'Object Repository/09-Settings/Users/div_Users' successfully

2023-01-04 17:30:47 - [MESSAGE][WARNING] - Timeout '0' is invalid. Using default page load timeout: '30'

2023-01-04 17:30:47 - [MESSAGE][PASSED] - Scroll to object 'Object Repository/09-Settings/Users/div_Users' successfully

2023-01-04 17:30:47 - [TEST_STEP][PASSED] - click(findTestObject("09-Settings/Users/div_Users")): Object: 'Object Repository/09-Settings/Users/div_Users' is clicked on

2023-01-04 17:30:49 - [MESSAGE][PASSED] - Object: 'Object Repository/09-Settings/Users/div_Users' is clicked on

2023-01-04 17:30:49 - [TEST_STEP][PASSED] - delay(3): Delayed 3 second(s)

2023-01-04 17:30:52 - [MESSAGE][PASSED] - Delayed 3 second(s)

2023-01-04 17:30:52 - [TEST_STEP][PASSED] - click(findTestObject("09-Settings/Users/button_add")): Object: 'Object Repository/09-Settings/Users/button_add' is clicked on

2023-01-04 17:30:53 - [MESSAGE][PASSED] - Object: 'Object Repository/09-Settings/Users/button_add' is clicked on

2023-01-04 17:30:53 - [TEST_STEP][PASSED] - delay(3): Delayed 3 second(s)

2023-01-04 17:30:56 - [MESSAGE][PASSED] - Delayed 3 second(s)

2023-01-04 17:30:56 - [TEST_STEP][PASSED] - click(findTestObject("09-Settings/Users/add Invite a single user")): Object: 'Object Repository/09-Settings/Users/add Invite a single user' is clicked on

2023-01-04 17:30:57 - [MESSAGE][PASSED] - Object: 'Object Repository/09-Settings/Users/add Invite a single user' is clicked on

2023-01-04 17:30:57 - [TEST_STEP][PASSED] - delay(3): Delayed 3 second(s)

2023-01-04 17:31:00 - [MESSAGE][PASSED] - Delayed 3 second(s)

2023-01-04 17:31:00 - [TEST_STEP][PASSED] - setText(findTestObject("09-Settings/Users/input_email"), "autotester10@mailinator.com"): Text 'autotester10@mailinator.com' is set on object 'Object Repository/09-Settings/Users/input_email'

2023-01-04 17:31:03 - [MESSAGE][PASSED] - Text 'autotester10@mailinator.com' is set on object 'Object Repository/09-Settings/Users/input_email'

2023-01-04 17:31:03 - [TEST_STEP][PASSED] - setText(findTestObject("09-Settings/Users/input_firstName"), "GG"): Text 'GG' is set on object 'Object Repository/09-Settings/Users/input_firstName'

2023-01-04 17:31:05 - [MESSAGE][PASSED] - Text 'GG' is set on object 'Object Repository/09-Settings/Users/input_firstName'

2023-01-04 17:31:05 - [TEST_STEP][PASSED] - setText(findTestObject("09-Settings/Users/input_lastName"), "Partner"): Text 'Partner' is set on object 'Object Repository/09-Settings/Users/input_lastName'

2023-01-04 17:31:07 - [MESSAGE][PASSED] - Text 'Partner' is set on object 'Object Repository/09-Settings/Users/input_lastName'

2023-01-04 17:31:07 - [TEST_STEP][PASSED] - click(findTestObject("09-Settings/Users/span_Role")): Object: 'Object Repository/09-Settings/Users/span_Role' is clicked on

2023-01-04 17:31:08 - [MESSAGE][PASSED] - Object: 'Object Repository/09-Settings/Users/span_Role' is clicked on

2023-01-04 17:31:08 - [TEST_STEP][PASSED] - click(findTestObject("09-Settings/Users/span_Partner")): Object: 'Object Repository/09-Settings/Users/span_Partner' is clicked on

2023-01-04 17:31:09 - [MESSAGE][PASSED] - Object: 'Object Repository/09-Settings/Users/span_Partner' is clicked on

2023-01-04 17:31:09 - [TEST_STEP][PASSED] - click(findTestObject("09-Settings/Users/button_Send Invitation")): Object: 'Object Repository/09-Settings/Users/button_Send Invitation' is clicked on

2023-01-04 17:31:10 - [MESSAGE][PASSED] - Object: 'Object Repository/09-Settings/Users/button_Send Invitation' is clicked on

2023-01-04 17:31:10 - [TEST_STEP][PASSED] - delay(2): Delayed 2 second(s)

2023-01-04 17:31:12 - [MESSAGE][PASSED] - Delayed 2 second(s)

2023-01-04 17:31:12 - [TEST_STEP][PASSED] - verifyElementVisible(findTestObject("07-Directory/Connections/zContact Profile/Successfully invited user")): Object 'Object Repository/07-Directory/Connections/zContact Profile/Successfully invited user' is visible

2023-01-04 17:31:15 - [MESSAGE][PASSED] - Object 'Object Repository/07-Directory/Connections/zContact Profile/Successfully invited user' is visible

2023-01-04 17:31:15 - [TEST_STEP][PASSED] - delay(2): Delayed 2 second(s)

2023-01-04 17:31:17 - [MESSAGE][PASSED] - Delayed 2 second(s)

2023-01-04 17:31:17 - [TEST_STEP][PASSED] - click(findTestObject("01-Login and Forgot Password/User menu drop")): Object: 'Object Repository/01-Login and Forgot Password/User menu drop' is clicked on

2023-01-04 17:31:18 - [MESSAGE][PASSED] - Object: 'Object Repository/01-Login and Forgot Password/User menu drop' is clicked on

2023-01-04 17:31:18 - [TEST_STEP][PASSED] - delay(2): Delayed 2 second(s)

2023-01-04 17:31:20 - [MESSAGE][PASSED] - Delayed 2 second(s)

2023-01-04 17:31:20 - [TEST_STEP][PASSED] - click(findTestObject("01-Login and Forgot Password/h4_Sign Out"), STOP_ON_FAILURE): Object: 'Object Repository/01-Login and Forgot Password/h4_Sign Out' is clicked on

2023-01-04 17:31:21 - [MESSAGE][PASSED] - Object: 'Object Repository/01-Login and Forgot Password/h4_Sign Out' is clicked on

2023-01-04 17:31:21 - [TEST_STEP][PASSED] - delay(2): Delayed 2 second(s)

2023-01-04 17:31:23 - [MESSAGE][PASSED] - Delayed 2 second(s)

2023-01-04 17:31:23 - [TEST_STEP][PASSED] - verifyElementPresent(findTestObject("01-Login and Forgot Password/Login_Card"), 0): Object 'Object Repository/01-Login and Forgot Password/Login_Card' is present

2023-01-04 17:31:23 - [MESSAGE][WARNING] - Timeout '0' is invalid. Using default page load timeout: '30'

2023-01-04 17:31:24 - [MESSAGE][PASSED] - Object 'Object Repository/01-Login and Forgot Password/Login_Card' is present

2023-01-04 17:31:24 - [TEST_STEP][PASSED] - delay(3): Delayed 3 second(s)

2023-01-04 17:31:27 - [MESSAGE][PASSED] - Delayed 3 second(s)

2023-01-04 17:31:27 - [TEST_STEP][PASSED] - closeBrowser(): Browser is closed

2023-01-04 17:31:29 - [MESSAGE][PASSED] - Browser is closed

2023-01-04 17:31:29 - [TEST_STEP][PASSED] - openBrowser(""): Browser is opened with url: ''

2023-01-04 17:31:29 - [MESSAGE][INFO] - Starting 'Chrome' driver

2023-01-04 17:31:29 - [MESSAGE][INFO] - Action delay is set to 0 milliseconds

2023-01-04 17:31:32 - [MESSAGE][PASSED] - Browser is opened with url: ''

2023-01-04 17:31:32 - [TEST_STEP][PASSED] - navigateToUrl("https://lab.everleagues.com/"): Navigate to 'https://lab.everleagues.com/' successfully

2023-01-04 17:31:54 - [MESSAGE][PASSED] - Navigate to 'https://lab.everleagues.com/' successfully

2023-01-04 17:31:54 - [TEST_STEP][PASSED] - maximizeWindow(): Current window maximized

2023-01-04 17:31:55 - [MESSAGE][PASSED] - Current window maximized

2023-01-04 17:31:55 - [TEST_STEP][PASSED] - setText(findTestObject("02-Side Icons(Organization)/Add Contact/Email Field"), "autotester10@mailinator.com"): Text 'autotester10@mailinator.com' is set on object 'Object Repository/02-Side Icons(Organization)/Add Contact/Email Field'

2023-01-04 17:31:57 - [MESSAGE][PASSED] - Text 'autotester10@mailinator.com' is set on object 'Object Repository/02-Side Icons(Organization)/Add Contact/Email Field'

2023-01-04 17:31:57 - [TEST_STEP][PASSED] - setEncryptedText(findTestObject("02-Side Icons(Organization)/Add Contact/Password Field"), "8yFRyszE6U6jvsCn51OQbg=="): Text ****** has been set on object 'Object Repository/02-Side Icons(Organization)/Add Contact/Password Field'

2023-01-04 17:31:58 - [MESSAGE][PASSED] - Text ****** has been set on object 'Object Repository/02-Side Icons(Organization)/Add Contact/Password Field'

2023-01-04 17:31:58 - [TEST_STEP][PASSED] - click(findTestObject("02-Side Icons(Organization)/Add Contact/button_Sign in")): Object: 'Object Repository/02-Side Icons(Organization)/Add Contact/button_Sign in' is clicked on

2023-01-04 17:31:59 - [MESSAGE][PASSED] - Object: 'Object Repository/02-Side Icons(Organization)/Add Contact/button_Sign in' is clicked on

2023-01-04 17:31:59 - [TEST_STEP][PASSED] - delay(2): Delayed 2 second(s)

2023-01-04 17:32:01 - [MESSAGE][PASSED] - Delayed 2 second(s)

2023-01-04 17:32:01 - [TEST_STEP][PASSED] - click(findTestObject("06-Teams/For 2FA/button_Confirm_2FA")): Object: 'Object Repository/06-Teams/For 2FA/button_Confirm_2FA' is clicked on

2023-01-04 17:32:02 - [MESSAGE][PASSED] - Object: 'Object Repository/06-Teams/For 2FA/button_Confirm_2FA' is clicked on

2023-01-04 17:32:02 - [TEST_STEP][PASSED] - executeJavaScript("window.open();", []): Execute JavaScript 'window.open();' successfully

2023-01-04 17:32:02 - [MESSAGE][PASSED] - Execute JavaScript 'window.open();' successfully

2023-01-04 17:32:02 - [TEST_STEP][PASSED] - currentWindow = getWindowIndex(): Current window's index is: 0

2023-01-04 17:32:02 - [MESSAGE][PASSED] - Current window's index is: 0

2023-01-04 17:32:02 - [TEST_STEP][PASSED] - delay(3): Delayed 3 second(s)

2023-01-04 17:32:05 - [MESSAGE][PASSED] - Delayed 3 second(s)

2023-01-04 17:32:05 - [TEST_STEP][PASSED] - switchToWindowIndex(currentWindow + 1): Switched to window with index: '1'

2023-01-04 17:32:05 - [MESSAGE][PASSED] - Switched to window with index: '1'

2023-01-04 17:32:05 - [TEST_STEP][PASSED] - navigateToUrl("https://www.mailinator.com/"): Navigate to 'https://www.mailinator.com/' successfully

2023-01-04 17:32:17 - [MESSAGE][PASSED] - Navigate to 'https://www.mailinator.com/' successfully

2023-01-04 17:32:17 - [TEST_STEP][PASSED] - delay(3): Delayed 3 second(s)

2023-01-04 17:32:20 - [MESSAGE][PASSED] - Delayed 3 second(s)

2023-01-04 17:32:20 - [TEST_STEP][PASSED] - setText(findTestObject("00-Signup and Activation/zMailinator/input_LOGIN_search"), "autotester10@mailinator.com"): Text 'autotester10@mailinator.com' is set on object 'Object Repository/00-Signup and Activation/zMailinator/input_LOGIN_search'

2023-01-04 17:32:22 - [MESSAGE][PASSED] - Text 'autotester10@mailinator.com' is set on object 'Object Repository/00-Signup and Activation/zMailinator/input_LOGIN_search'

2023-01-04 17:32:22 - [TEST_STEP][PASSED] - click(findTestObject("00-Signup and Activation/zMailinator/gobutton"), STOP_ON_FAILURE): Object: 'Object Repository/00-Signup and Activation/zMailinator/gobutton' is clicked on

2023-01-04 17:32:30 - [MESSAGE][PASSED] - Object: 'Object Repository/00-Signup and Activation/zMailinator/gobutton' is clicked on

2023-01-04 17:32:30 - [TEST_STEP][PASSED] - delay(3): Delayed 3 second(s)

2023-01-04 17:32:33 - [MESSAGE][PASSED] - Delayed 3 second(s)

2023-01-04 17:32:33 - [TEST_STEP][PASSED] - click(findTestObject("00-Signup and Activation/zMailinator/Email - everleagues")): Object: 'Object Repository/00-Signup and Activation/zMailinator/Email - everleagues' is clicked on

2023-01-04 17:32:35 - [MESSAGE][PASSED] - Object: 'Object Repository/00-Signup and Activation/zMailinator/Email - everleagues' is clicked on

2023-01-04 17:32:35 - [TEST_STEP][PASSED] - delay(3): Delayed 3 second(s)

2023-01-04 17:32:38 - [MESSAGE][PASSED] - Delayed 3 second(s)

2023-01-04 17:32:38 - [TEST_STEP][PASSED] - codetwo = getText(findTestObject("Object Repository/06-Teams/For 2FA/2FA code")): Text of object 'Object Repository/06-Teams/For 2FA/2FA code' is: '176543'

2023-01-04 17:32:40 - [MESSAGE][PASSED] - Text of object 'Object Repository/06-Teams/For 2FA/2FA code' is: '176543'

2023-01-04 17:32:40 - [TEST_STEP][PASSED] - delay(3): Delayed 3 second(s)

2023-01-04 17:32:43 - [MESSAGE][PASSED] - Delayed 3 second(s)

2023-01-04 17:32:43 - [TEST_STEP][PASSED] - closeWindowTitle("Mailinator"): Window with title: 'Mailinator' is closed

2023-01-04 17:32:44 - [MESSAGE][PASSED] - Window with title: 'Mailinator' is closed

2023-01-04 17:32:44 - [TEST_STEP][PASSED] - delay(3): Delayed 3 second(s)

2023-01-04 17:32:47 - [MESSAGE][PASSED] - Delayed 3 second(s)

2023-01-04 17:32:47 - [TEST_STEP][PASSED] - switchToWindowIndex(0): Switched to window with index: '0'

2023-01-04 17:32:47 - [MESSAGE][PASSED] - Switched to window with index: '0'

2023-01-04 17:32:47 - [TEST_STEP][PASSED] - delay(3): Delayed 3 second(s)

2023-01-04 17:32:50 - [MESSAGE][PASSED] - Delayed 3 second(s)

2023-01-04 17:32:50 - [TEST_STEP][PASSED] - setText(findTestObject("Object Repository/06-Teams/For 2FA/input_Enter verification code_code"), codetwo): Text '176543' is set on object 'Object Repository/06-Teams/For 2FA/input_Enter verification code_code'

2023-01-04 17:32:53 - [MESSAGE][PASSED] - Text '176543' is set on object 'Object Repository/06-Teams/For 2FA/input_Enter verification code_code'

2023-01-04 17:32:53 - [TEST_STEP][PASSED] - delay(3): Delayed 3 second(s)

2023-01-04 17:32:56 - [MESSAGE][PASSED] - Delayed 3 second(s)

2023-01-04 17:32:56 - [TEST_STEP][PASSED] - click(findTestObject("06-Teams/For 2FA/button_Verify_2FA")): Object: 'Object Repository/06-Teams/For 2FA/button_Verify_2FA' is clicked on

2023-01-04 17:32:57 - [MESSAGE][PASSED] - Object: 'Object Repository/06-Teams/For 2FA/button_Verify_2FA' is clicked on

2023-01-04 17:32:57 - [TEST_STEP][PASSED] - delay(5): Delayed 5 second(s)

2023-01-04 17:33:02 - [MESSAGE][PASSED] - Delayed 5 second(s)

2023-01-04 17:33:02 - [TEST_STEP][PASSED] - executeJavaScript("window.open();", []): Execute JavaScript 'window.open();' successfully

2023-01-04 17:33:03 - [MESSAGE][PASSED] - Execute JavaScript 'window.open();' successfully

2023-01-04 17:33:03 - [TEST_STEP][PASSED] - currentWindow = getWindowIndex(): Current window's index is: 0

2023-01-04 17:33:03 - [MESSAGE][PASSED] - Current window's index is: 0

2023-01-04 17:33:03 - [TEST_STEP][PASSED] - delay(3): Delayed 3 second(s)

2023-01-04 17:33:06 - [MESSAGE][PASSED] - Delayed 3 second(s)

2023-01-04 17:33:06 - [TEST_STEP][PASSED] - switchToWindowIndex(currentWindow + 1): Switched to window with index: '1'

2023-01-04 17:33:06 - [MESSAGE][PASSED] - Switched to window with index: '1'

2023-01-04 17:33:06 - [TEST_STEP][PASSED] - navigateToUrl("https://www.mailinator.com/"): Navigate to 'https://www.mailinator.com/' successfully

2023-01-04 17:33:15 - [MESSAGE][PASSED] - Navigate to 'https://www.mailinator.com/' successfully

2023-01-04 17:33:15 - [TEST_STEP][PASSED] - delay(3): Delayed 3 second(s)

2023-01-04 17:33:18 - [MESSAGE][PASSED] - Delayed 3 second(s)

2023-01-04 17:33:18 - [TEST_STEP][PASSED] - setText(findTestObject("00-Signup and Activation/zMailinator/input_LOGIN_search"), "autotester10@mailinator.com"): Text 'autotester10@mailinator.com' is set on object 'Object Repository/00-Signup and Activation/zMailinator/input_LOGIN_search'

2023-01-04 17:33:19 - [MESSAGE][PASSED] - Text 'autotester10@mailinator.com' is set on object 'Object Repository/00-Signup and Activation/zMailinator/input_LOGIN_search'

2023-01-04 17:33:19 - [TEST_STEP][PASSED] - click(findTestObject("00-Signup and Activation/zMailinator/gobutton"), STOP_ON_FAILURE): Object: 'Object Repository/00-Signup and Activation/zMailinator/gobutton' is clicked on

2023-01-04 17:33:22 - [MESSAGE][PASSED] - Object: 'Object Repository/00-Signup and Activation/zMailinator/gobutton' is clicked on

2023-01-04 17:33:22 - [TEST_STEP][PASSED] - delay(3): Delayed 3 second(s)

2023-01-04 17:33:25 - [MESSAGE][PASSED] - Delayed 3 second(s)

2023-01-04 17:33:25 - [TEST_STEP][PASSED] - closeWindowTitle("Everleagues"): Window with title: 'Everleagues' is closed

2023-01-04 17:33:26 - [MESSAGE][PASSED] - Window with title: 'Everleagues' is closed

2023-01-04 17:33:26 - [TEST_STEP][PASSED] - switchToWindowIndex(0): Switched to window with index: '0'

2023-01-04 17:33:26 - [MESSAGE][PASSED] - Switched to window with index: '0'

2023-01-04 17:33:26 - [TEST_STEP][PASSED] - click(findTestObject("09-Settings/Users/Co worker/td_Invitation from GG Automation")): Object: 'Object Repository/09-Settings/Users/Co worker/td_Invitation from GG Automation' is clicked on

2023-01-04 17:33:27 - [MESSAGE][PASSED] - Object: 'Object Repository/09-Settings/Users/Co worker/td_Invitation from GG Automation' is clicked on

2023-01-04 17:33:27 - [TEST_STEP][PASSED] - click(findTestObject("09-Settings/Users/Co worker/a_Click here to join GG Automation on EverLeagues")): Object: 'Object Repository/09-Settings/Users/Co worker/a_Click here to join GG Automation on EverLeagues' is clicked on

2023-01-04 17:33:29 - [MESSAGE][PASSED] - Object: 'Object Repository/09-Settings/Users/Co worker/a_Click here to join GG Automation on EverLeagues' is clicked on

2023-01-04 17:33:29 - [TEST_STEP][PASSED] - closeWindowTitle("Mailinator"): Window with title: 'Mailinator' is closed

2023-01-04 17:33:29 - [MESSAGE][PASSED] - Window with title: 'Mailinator' is closed

2023-01-04 17:33:29 - [TEST_STEP][PASSED] - switchToWindowIndex(0): Switched to window with index: '0'

2023-01-04 17:33:29 - [MESSAGE][PASSED] - Switched to window with index: '0'

2023-01-04 17:33:29 - [TEST_STEP][PASSED] - verifyElementVisible(findTestObject("09-Settings/Users/Client/Invite modal")): Object 'Object Repository/09-Settings/Users/Client/Invite modal' is visible

2023-01-04 17:33:51 - [MESSAGE][PASSED] - Object 'Object Repository/09-Settings/Users/Client/Invite modal' is visible

2023-01-04 17:33:51 - [TEST_STEP][PASSED] - setText(findTestObject("09-Settings/Users/Client/Company field"), "QA Company"): Text 'QA Company' is set on object 'Object Repository/09-Settings/Users/Client/Company field'

2023-01-04 17:33:53 - [MESSAGE][PASSED] - Text 'QA Company' is set on object 'Object Repository/09-Settings/Users/Client/Company field'

2023-01-04 17:33:53 - [TEST_STEP][PASSED] - click(findTestObject("09-Settings/Users/Client/button_Accept")): Object: 'Object Repository/09-Settings/Users/Client/button_Accept' is clicked on

2023-01-04 17:33:54 - [MESSAGE][PASSED] - Object: 'Object Repository/09-Settings/Users/Client/button_Accept' is clicked on

2023-01-04 17:33:54 - [TEST_STEP][PASSED] - delay(5): Delayed 5 second(s)

2023-01-04 17:33:59 - [MESSAGE][PASSED] - Delayed 5 second(s)

2023-01-04 17:33:59 - [TEST_STEP][PASSED] - verifyElementVisible(findTestObject("09-Settings/Users/div_Joined as Partner")): Object 'Object Repository/09-Settings/Users/div_Joined as Partner' is visible

2023-01-04 17:34:03 - [MESSAGE][PASSED] - Object 'Object Repository/09-Settings/Users/div_Joined as Partner' is visible

2023-01-04 17:34:03 - [TEST_STEP][PASSED] - delay(3): Delayed 3 second(s)

2023-01-04 17:34:06 - [MESSAGE][PASSED] - Delayed 3 second(s)

2023-01-04 17:34:06 - [TEST_STEP][PASSED] - closeBrowser(): Browser is closed

2023-01-04 17:34:08 - [MESSAGE][PASSED] - Browser is closed]]></system-out>
         <system-err><![CDATA[]]></system-err>
      </testcase>
      <testcase name="Test Cases/09-Settings/05 - Users (Invite batch of users via CSV file)" time="157.682" classname="Test Cases/09-Settings/05 - Users (Invite batch of users via CSV file)" status="PASSED">
         <system-out><![CDATA[2023-01-04 17:34:08 - [TEST_CASE][PASSED] - Test Cases/09-Settings/05 - Users (Invite batch of users via CSV file): Test Cases/09-Settings/05 - Users (Invite batch of users via CSV file)

2023-01-04 17:34:11 - [TEST_STEP][PASSED] - openBrowser(""): Browser is opened with url: ''

2023-01-04 17:34:11 - [MESSAGE][INFO] - Starting 'Chrome' driver

2023-01-04 17:34:11 - [MESSAGE][INFO] - Action delay is set to 0 milliseconds

2023-01-04 17:34:14 - [MESSAGE][PASSED] - Browser is opened with url: ''

2023-01-04 17:34:14 - [TEST_STEP][PASSED] - navigateToUrl("https://lab.everleagues.com/"): Navigate to 'https://lab.everleagues.com/' successfully

2023-01-04 17:34:34 - [MESSAGE][PASSED] - Navigate to 'https://lab.everleagues.com/' successfully

2023-01-04 17:34:34 - [TEST_STEP][PASSED] - maximizeWindow(): Current window maximized

2023-01-04 17:34:34 - [MESSAGE][PASSED] - Current window maximized

2023-01-04 17:34:34 - [TEST_STEP][PASSED] - setText(findTestObject("02-Side Icons(Organization)/Add Contact/Email Field"), "testuser02@mailinator.com"): Text 'testuser02@mailinator.com' is set on object 'Object Repository/02-Side Icons(Organization)/Add Contact/Email Field'

2023-01-04 17:34:37 - [MESSAGE][PASSED] - Text 'testuser02@mailinator.com' is set on object 'Object Repository/02-Side Icons(Organization)/Add Contact/Email Field'

2023-01-04 17:34:37 - [TEST_STEP][PASSED] - setEncryptedText(findTestObject("02-Side Icons(Organization)/Add Contact/Password Field"), "8yFRyszE6U6jvsCn51OQbg=="): Text ****** has been set on object 'Object Repository/02-Side Icons(Organization)/Add Contact/Password Field'

2023-01-04 17:34:38 - [MESSAGE][PASSED] - Text ****** has been set on object 'Object Repository/02-Side Icons(Organization)/Add Contact/Password Field'

2023-01-04 17:34:38 - [TEST_STEP][PASSED] - click(findTestObject("02-Side Icons(Organization)/Add Contact/button_Sign in")): Object: 'Object Repository/02-Side Icons(Organization)/Add Contact/button_Sign in' is clicked on

2023-01-04 17:34:40 - [MESSAGE][PASSED] - Object: 'Object Repository/02-Side Icons(Organization)/Add Contact/button_Sign in' is clicked on

2023-01-04 17:34:40 - [TEST_STEP][PASSED] - delay(2): Delayed 2 second(s)

2023-01-04 17:34:42 - [MESSAGE][PASSED] - Delayed 2 second(s)

2023-01-04 17:34:42 - [TEST_STEP][PASSED] - click(findTestObject("06-Teams/For 2FA/button_Confirm_2FA")): Object: 'Object Repository/06-Teams/For 2FA/button_Confirm_2FA' is clicked on

2023-01-04 17:34:43 - [MESSAGE][PASSED] - Object: 'Object Repository/06-Teams/For 2FA/button_Confirm_2FA' is clicked on

2023-01-04 17:34:43 - [TEST_STEP][PASSED] - executeJavaScript("window.open();", []): Execute JavaScript 'window.open();' successfully

2023-01-04 17:34:43 - [MESSAGE][PASSED] - Execute JavaScript 'window.open();' successfully

2023-01-04 17:34:43 - [TEST_STEP][PASSED] - currentWindow = getWindowIndex(): Current window's index is: 0

2023-01-04 17:34:43 - [MESSAGE][PASSED] - Current window's index is: 0

2023-01-04 17:34:43 - [TEST_STEP][PASSED] - delay(3): Delayed 3 second(s)

2023-01-04 17:34:46 - [MESSAGE][PASSED] - Delayed 3 second(s)

2023-01-04 17:34:46 - [TEST_STEP][PASSED] - switchToWindowIndex(currentWindow + 1): Switched to window with index: '1'

2023-01-04 17:34:46 - [MESSAGE][PASSED] - Switched to window with index: '1'

2023-01-04 17:34:46 - [TEST_STEP][PASSED] - navigateToUrl("https://www.mailinator.com/"): Navigate to 'https://www.mailinator.com/' successfully

2023-01-04 17:34:59 - [MESSAGE][PASSED] - Navigate to 'https://www.mailinator.com/' successfully

2023-01-04 17:34:59 - [TEST_STEP][PASSED] - delay(3): Delayed 3 second(s)

2023-01-04 17:35:02 - [MESSAGE][PASSED] - Delayed 3 second(s)

2023-01-04 17:35:02 - [TEST_STEP][PASSED] - setText(findTestObject("00-Signup and Activation/zMailinator/input_LOGIN_search"), "testuser02@mailinator.com"): Text 'testuser02@mailinator.com' is set on object 'Object Repository/00-Signup and Activation/zMailinator/input_LOGIN_search'

2023-01-04 17:35:03 - [MESSAGE][PASSED] - Text 'testuser02@mailinator.com' is set on object 'Object Repository/00-Signup and Activation/zMailinator/input_LOGIN_search'

2023-01-04 17:35:03 - [TEST_STEP][PASSED] - click(findTestObject("00-Signup and Activation/zMailinator/gobutton"), STOP_ON_FAILURE): Object: 'Object Repository/00-Signup and Activation/zMailinator/gobutton' is clicked on

2023-01-04 17:35:06 - [MESSAGE][PASSED] - Object: 'Object Repository/00-Signup and Activation/zMailinator/gobutton' is clicked on

2023-01-04 17:35:06 - [TEST_STEP][PASSED] - delay(3): Delayed 3 second(s)

2023-01-04 17:35:09 - [MESSAGE][PASSED] - Delayed 3 second(s)

2023-01-04 17:35:09 - [TEST_STEP][PASSED] - click(findTestObject("00-Signup and Activation/zMailinator/Email - everleagues")): Object: 'Object Repository/00-Signup and Activation/zMailinator/Email - everleagues' is clicked on

2023-01-04 17:35:10 - [MESSAGE][PASSED] - Object: 'Object Repository/00-Signup and Activation/zMailinator/Email - everleagues' is clicked on

2023-01-04 17:35:10 - [TEST_STEP][PASSED] - delay(3): Delayed 3 second(s)

2023-01-04 17:35:13 - [MESSAGE][PASSED] - Delayed 3 second(s)

2023-01-04 17:35:13 - [TEST_STEP][PASSED] - code = getText(findTestObject("Object Repository/06-Teams/For 2FA/2FA code")): Text of object 'Object Repository/06-Teams/For 2FA/2FA code' is: '539054'

2023-01-04 17:35:15 - [MESSAGE][PASSED] - Text of object 'Object Repository/06-Teams/For 2FA/2FA code' is: '539054'

2023-01-04 17:35:15 - [TEST_STEP][PASSED] - delay(3): Delayed 3 second(s)

2023-01-04 17:35:18 - [MESSAGE][PASSED] - Delayed 3 second(s)

2023-01-04 17:35:18 - [TEST_STEP][PASSED] - closeWindowTitle("Mailinator"): Window with title: 'Mailinator' is closed

2023-01-04 17:35:19 - [MESSAGE][PASSED] - Window with title: 'Mailinator' is closed

2023-01-04 17:35:19 - [TEST_STEP][PASSED] - delay(3): Delayed 3 second(s)

2023-01-04 17:35:22 - [MESSAGE][PASSED] - Delayed 3 second(s)

2023-01-04 17:35:22 - [TEST_STEP][PASSED] - switchToWindowIndex(0): Switched to window with index: '0'

2023-01-04 17:35:22 - [MESSAGE][PASSED] - Switched to window with index: '0'

2023-01-04 17:35:22 - [TEST_STEP][PASSED] - delay(3): Delayed 3 second(s)

2023-01-04 17:35:25 - [MESSAGE][PASSED] - Delayed 3 second(s)

2023-01-04 17:35:25 - [TEST_STEP][PASSED] - setText(findTestObject("Object Repository/06-Teams/For 2FA/input_Enter verification code_code"), code): Text '539054' is set on object 'Object Repository/06-Teams/For 2FA/input_Enter verification code_code'

2023-01-04 17:35:27 - [MESSAGE][PASSED] - Text '539054' is set on object 'Object Repository/06-Teams/For 2FA/input_Enter verification code_code'

2023-01-04 17:35:27 - [TEST_STEP][PASSED] - delay(3): Delayed 3 second(s)

2023-01-04 17:35:30 - [MESSAGE][PASSED] - Delayed 3 second(s)

2023-01-04 17:35:30 - [TEST_STEP][PASSED] - click(findTestObject("06-Teams/For 2FA/button_Verify_2FA")): Object: 'Object Repository/06-Teams/For 2FA/button_Verify_2FA' is clicked on

2023-01-04 17:35:31 - [MESSAGE][PASSED] - Object: 'Object Repository/06-Teams/For 2FA/button_Verify_2FA' is clicked on

2023-01-04 17:35:31 - [TEST_STEP][PASSED] - delay(5): Delayed 5 second(s)

2023-01-04 17:35:36 - [MESSAGE][PASSED] - Delayed 5 second(s)

2023-01-04 17:35:36 - [TEST_STEP][PASSED] - click(findTestObject("06-Teams/button_doublearrow")): Object: 'Object Repository/06-Teams/button_doublearrow' is clicked on

2023-01-04 17:35:40 - [MESSAGE][PASSED] - Object: 'Object Repository/06-Teams/button_doublearrow' is clicked on

2023-01-04 17:35:40 - [TEST_STEP][PASSED] - click(findTestObject("06-Teams/button_My Organizations")): Object: 'Object Repository/06-Teams/button_My Organizations' is clicked on

2023-01-04 17:35:41 - [MESSAGE][PASSED] - Object: 'Object Repository/06-Teams/button_My Organizations' is clicked on

2023-01-04 17:35:41 - [TEST_STEP][PASSED] - click(findTestObject("06-Teams/button_GG Automation")): Object: 'Object Repository/06-Teams/button_GG Automation' is clicked on

2023-01-04 17:35:42 - [MESSAGE][PASSED] - Object: 'Object Repository/06-Teams/button_GG Automation' is clicked on

2023-01-04 17:35:42 - [TEST_STEP][PASSED] - delay(4): Delayed 4 second(s)

2023-01-04 17:35:46 - [MESSAGE][PASSED] - Delayed 4 second(s)

2023-01-04 17:35:46 - [TEST_STEP][PASSED] - verifyElementVisible(findTestObject("06-Teams/span_GG Automation")): Object 'Object Repository/06-Teams/span_GG Automation' is visible

2023-01-04 17:35:47 - [MESSAGE][PASSED] - Object 'Object Repository/06-Teams/span_GG Automation' is visible

2023-01-04 17:35:47 - [TEST_STEP][PASSED] - delay(5): Delayed 5 second(s)

2023-01-04 17:35:52 - [MESSAGE][PASSED] - Delayed 5 second(s)

2023-01-04 17:35:52 - [TEST_STEP][PASSED] - click(findTestObject("03-Header Menu/Hamburger Button/div_Settings")): Object: 'Object Repository/03-Header Menu/Hamburger Button/div_Settings' is clicked on

2023-01-04 17:35:53 - [MESSAGE][PASSED] - Object: 'Object Repository/03-Header Menu/Hamburger Button/div_Settings' is clicked on

2023-01-04 17:35:53 - [TEST_STEP][PASSED] - delay(3): Delayed 3 second(s)

2023-01-04 17:35:56 - [MESSAGE][PASSED] - Delayed 3 second(s)

2023-01-04 17:35:56 - [TEST_STEP][PASSED] - scrollToElement(findTestObject("09-Settings/Users/div_Users"), 0): Scroll to object 'Object Repository/09-Settings/Users/div_Users' successfully

2023-01-04 17:35:57 - [MESSAGE][WARNING] - Timeout '0' is invalid. Using default page load timeout: '30'

2023-01-04 17:35:57 - [MESSAGE][PASSED] - Scroll to object 'Object Repository/09-Settings/Users/div_Users' successfully

2023-01-04 17:35:57 - [TEST_STEP][PASSED] - click(findTestObject("09-Settings/Users/div_Users")): Object: 'Object Repository/09-Settings/Users/div_Users' is clicked on

2023-01-04 17:35:59 - [MESSAGE][PASSED] - Object: 'Object Repository/09-Settings/Users/div_Users' is clicked on

2023-01-04 17:35:59 - [TEST_STEP][PASSED] - delay(3): Delayed 3 second(s)

2023-01-04 17:36:02 - [MESSAGE][PASSED] - Delayed 3 second(s)

2023-01-04 17:36:02 - [TEST_STEP][PASSED] - click(findTestObject("09-Settings/Users/button_add")): Object: 'Object Repository/09-Settings/Users/button_add' is clicked on

2023-01-04 17:36:03 - [MESSAGE][PASSED] - Object: 'Object Repository/09-Settings/Users/button_add' is clicked on

2023-01-04 17:36:03 - [TEST_STEP][PASSED] - delay(3): Delayed 3 second(s)

2023-01-04 17:36:06 - [MESSAGE][PASSED] - Delayed 3 second(s)

2023-01-04 17:36:06 - [TEST_STEP][PASSED] - click(findTestObject("09-Settings/Users/Invite batch of users via CSV file")): Object: 'Object Repository/09-Settings/Users/Invite batch of users via CSV file' is clicked on

2023-01-04 17:36:07 - [MESSAGE][PASSED] - Object: 'Object Repository/09-Settings/Users/Invite batch of users via CSV file' is clicked on

2023-01-04 17:36:07 - [TEST_STEP][PASSED] - verifyElementVisible(findTestObject("09-Settings/Users/CSV Invite/Import CSV File modal")): Object 'Object Repository/09-Settings/Users/CSV Invite/Import CSV File modal' is visible

2023-01-04 17:36:08 - [MESSAGE][PASSED] - Object 'Object Repository/09-Settings/Users/CSV Invite/Import CSV File modal' is visible

2023-01-04 17:36:08 - [TEST_STEP][PASSED] - verifyElementNotClickable(findTestObject("09-Settings/Users/CSV Invite/button_Import")): Object 'Object Repository/09-Settings/Users/CSV Invite/button_Import' is NOT clickable

2023-01-04 17:36:09 - [MESSAGE][PASSED] - Object 'Object Repository/09-Settings/Users/CSV Invite/button_Import' is NOT clickable

2023-01-04 17:36:09 - [TEST_STEP][PASSED] - delay(3): Delayed 3 second(s)

2023-01-04 17:36:12 - [MESSAGE][PASSED] - Delayed 3 second(s)

2023-01-04 17:36:12 - [TEST_STEP][PASSED] - uploadpackage.Upload.uploadFile(findTestObject("Object Repository/09-Settings/Users/CSV Invite/button_Choose File"), "C:\Users\asus\Desktop\EL automation\sample csv.csv"): uploadpackage.Upload.uploadFile is PASSED

2023-01-04 17:36:14 - [MESSAGE][PASSED] - Object: 'Object Repository/09-Settings/Users/CSV Invite/button_Choose File' is clicked on

2023-01-04 17:36:16 - [MESSAGE][PASSED] - uploadpackage.Upload.uploadFile is PASSED

2023-01-04 17:36:16 - [TEST_STEP][PASSED] - delay(3): Delayed 3 second(s)

2023-01-04 17:36:20 - [MESSAGE][PASSED] - Delayed 3 second(s)

2023-01-04 17:36:20 - [TEST_STEP][PASSED] - verifyElementVisible(findTestObject("09-Settings/Users/CSV Invite/div_Sample csv.csv")): Object 'Object Repository/09-Settings/Users/CSV Invite/div_Sample csv.csv' is visible

2023-01-04 17:36:21 - [MESSAGE][PASSED] - Object 'Object Repository/09-Settings/Users/CSV Invite/div_Sample csv.csv' is visible

2023-01-04 17:36:21 - [TEST_STEP][PASSED] - click(findTestObject("09-Settings/Users/CSV Invite/button_Import")): Object: 'Object Repository/09-Settings/Users/CSV Invite/button_Import' is clicked on

2023-01-04 17:36:22 - [MESSAGE][PASSED] - Object: 'Object Repository/09-Settings/Users/CSV Invite/button_Import' is clicked on

2023-01-04 17:36:22 - [TEST_STEP][PASSED] - delay(5): Delayed 5 second(s)

2023-01-04 17:36:27 - [MESSAGE][PASSED] - Delayed 5 second(s)

2023-01-04 17:36:27 - [TEST_STEP][PASSED] - verifyElementVisible(findTestObject("09-Settings/Users/CSV Invite/Success import modal")): Object 'Object Repository/09-Settings/Users/CSV Invite/Success import modal' is visible

2023-01-04 17:36:28 - [MESSAGE][PASSED] - Object 'Object Repository/09-Settings/Users/CSV Invite/Success import modal' is visible

2023-01-04 17:36:28 - [TEST_STEP][PASSED] - click(findTestObject("09-Settings/Users/CSV Invite/button_Close")): Object: 'Object Repository/09-Settings/Users/CSV Invite/button_Close' is clicked on

2023-01-04 17:36:29 - [MESSAGE][PASSED] - Object: 'Object Repository/09-Settings/Users/CSV Invite/button_Close' is clicked on

2023-01-04 17:36:29 - [TEST_STEP][PASSED] - click(findTestObject("09-Settings/Users/CSV Invite/Invited Users tab")): Object: 'Object Repository/09-Settings/Users/CSV Invite/Invited Users tab' is clicked on

2023-01-04 17:36:30 - [MESSAGE][PASSED] - Object: 'Object Repository/09-Settings/Users/CSV Invite/Invited Users tab' is clicked on

2023-01-04 17:36:30 - [TEST_STEP][PASSED] - delay(3): Delayed 3 second(s)

2023-01-04 17:36:33 - [MESSAGE][PASSED] - Delayed 3 second(s)

2023-01-04 17:36:33 - [TEST_STEP][PASSED] - verifyElementVisible(findTestObject("09-Settings/Users/CSV Invite/div_CTCSV test3")): Object 'Object Repository/09-Settings/Users/CSV Invite/div_CTCSV test3' is visible

2023-01-04 17:36:34 - [MESSAGE][PASSED] - Object 'Object Repository/09-Settings/Users/CSV Invite/div_CTCSV test3' is visible

2023-01-04 17:36:34 - [TEST_STEP][PASSED] - verifyElementVisible(findTestObject("09-Settings/Users/CSV Invite/div_autotester08mailinator.com")): Object 'Object Repository/09-Settings/Users/CSV Invite/div_autotester08mailinator.com' is visible

2023-01-04 17:36:36 - [MESSAGE][PASSED] - Object 'Object Repository/09-Settings/Users/CSV Invite/div_autotester08mailinator.com' is visible

2023-01-04 17:36:36 - [TEST_STEP][PASSED] - verifyElementVisible(findTestObject("09-Settings/Users/CSV Invite/div_Partner")): Object 'Object Repository/09-Settings/Users/CSV Invite/div_Partner' is visible

2023-01-04 17:36:37 - [MESSAGE][PASSED] - Object 'Object Repository/09-Settings/Users/CSV Invite/div_Partner' is visible

2023-01-04 17:36:37 - [TEST_STEP][PASSED] - verifyElementVisible(findTestObject("09-Settings/Users/CSV Invite/div_CTCSV test2")): Object 'Object Repository/09-Settings/Users/CSV Invite/div_CTCSV test2' is visible

2023-01-04 17:36:37 - [MESSAGE][PASSED] - Object 'Object Repository/09-Settings/Users/CSV Invite/div_CTCSV test2' is visible

2023-01-04 17:36:37 - [TEST_STEP][PASSED] - verifyElementVisible(findTestObject("09-Settings/Users/CSV Invite/div_autotester07mailinator.com")): Object 'Object Repository/09-Settings/Users/CSV Invite/div_autotester07mailinator.com' is visible

2023-01-04 17:36:38 - [MESSAGE][PASSED] - Object 'Object Repository/09-Settings/Users/CSV Invite/div_autotester07mailinator.com' is visible

2023-01-04 17:36:38 - [TEST_STEP][PASSED] - verifyElementVisible(findTestObject("09-Settings/Users/CSV Invite/div_Client")): Object 'Object Repository/09-Settings/Users/CSV Invite/div_Client' is visible

2023-01-04 17:36:39 - [MESSAGE][PASSED] - Object 'Object Repository/09-Settings/Users/CSV Invite/div_Client' is visible

2023-01-04 17:36:39 - [TEST_STEP][PASSED] - verifyElementVisible(findTestObject("09-Settings/Users/CSV Invite/div_CTCSV test1")): Object 'Object Repository/09-Settings/Users/CSV Invite/div_CTCSV test1' is visible

2023-01-04 17:36:39 - [MESSAGE][PASSED] - Object 'Object Repository/09-Settings/Users/CSV Invite/div_CTCSV test1' is visible

2023-01-04 17:36:39 - [TEST_STEP][PASSED] - verifyElementVisible(findTestObject("09-Settings/Users/CSV Invite/div_autotester06mailinator.com")): Object 'Object Repository/09-Settings/Users/CSV Invite/div_autotester06mailinator.com' is visible

2023-01-04 17:36:40 - [MESSAGE][PASSED] - Object 'Object Repository/09-Settings/Users/CSV Invite/div_autotester06mailinator.com' is visible

2023-01-04 17:36:40 - [TEST_STEP][PASSED] - verifyElementVisible(findTestObject("09-Settings/Users/CSV Invite/div_Coworker")): Object 'Object Repository/09-Settings/Users/CSV Invite/div_Coworker' is visible

2023-01-04 17:36:41 - [MESSAGE][PASSED] - Object 'Object Repository/09-Settings/Users/CSV Invite/div_Coworker' is visible

2023-01-04 17:36:41 - [TEST_STEP][PASSED] - delay(3): Delayed 3 second(s)

2023-01-04 17:36:44 - [MESSAGE][PASSED] - Delayed 3 second(s)

2023-01-04 17:36:44 - [TEST_STEP][PASSED] - closeBrowser(): Browser is closed

2023-01-04 17:36:46 - [MESSAGE][PASSED] - Browser is closed]]></system-out>
         <system-err><![CDATA[]]></system-err>
      </testcase>
      <system-out><![CDATA[2023-01-04 17:15:19 - [TEST_SUITE][PASSED] - 09.1 - Settings (Invite users): Test Cases/09-Settings/05 - Users (Invite batch of users via CSV file)]]></system-out>
      <system-err><![CDATA[]]></system-err>
   </testsuite>
</testsuites>
