<?xml version="1.0" encoding="UTF-8"?>
<testsuites name="11-Cloud Files" time="528.193" tests="13" failures="0" errors="0">
   <testsuite name="11-Cloud Files" tests="13" failures="0" errors="0" time="528.193" skipped="0" timestamp="2023-01-02 19:01:20" hostname="asus - DESKTOP-3L3J9C1" id="Test Suites/TS-Organization/11-Cloud Files">
      <properties>
         <property name="deviceName" value=""/>
         <property name="devicePlatform" value=""/>
         <property name="logFolder" value="C:\\Users\\asus\\Katalon Studio\\Everleagues\\Everleagues\\Reports\\20230102_190100\\TS-Organization\\11-Cloud Files\\20230102_190100"/>
         <property name="logFiles" value="C:\\Users\\asus\\Katalon Studio\\Everleagues\\Everleagues\\Reports\\20230102_190100\\TS-Organization\\11-Cloud Files\\20230102_190100\\execution0.log"/>
         <property name="attachments" value=""/>
         <property name="hostName" value="asus - DESKTOP-3L3J9C1"/>
         <property name="os" value="Windows 10 64bit"/>
         <property name="katalonVersion" value="8.4.1.208"/>
         <property name="browser" value="Chrome 108.0.0.0"/>
         <property name="hostAddress" value="192.168.5.82"/>
         <property name="sessionId" value="78847f7349d9b3f35e838f97aeeaa5c0"/>
         <property name="seleniumVersion" value="3.141.59"/>
         <property name="proxyInformation" value="ProxyInformation { proxyOption=NO_PROXY, proxyServerType=HTTP, username=, password=********, proxyServerAddress=, proxyServerPort=0, executionList=&quot;&quot;, isApplyToDesiredCapabilities=true }"/>
         <property name="platform" value="Windows 10"/>
      </properties>
      <testcase name="Test Cases/11-Cloud Files/01-Create new folder" time="168.644" classname="Test Cases/11-Cloud Files/01-Create new folder" status="PASSED">
         <system-out><![CDATA[2023-01-02 19:01:24 - [TEST_CASE][PASSED] - Test Cases/11-Cloud Files/01-Create new folder: Test Cases/11-Cloud Files/01-Create new folder

2023-01-02 19:01:26 - [TEST_STEP][PASSED] - openBrowser(""): Browser is opened with url: ''

2023-01-02 19:01:29 - [MESSAGE][INFO] - Starting 'Chrome' driver

2023-01-02 19:01:29 - [MESSAGE][INFO] - Action delay is set to 0 milliseconds

2023-01-02 19:01:46 - [MESSAGE][PASSED] - Browser is opened with url: ''

2023-01-02 19:01:46 - [TEST_STEP][PASSED] - navigateToUrl("https://lab.everleagues.com/"): Navigate to 'https://lab.everleagues.com/' successfully

2023-01-02 19:02:17 - [MESSAGE][PASSED] - Navigate to 'https://lab.everleagues.com/' successfully

2023-01-02 19:02:17 - [TEST_STEP][PASSED] - maximizeWindow(): Current window maximized

2023-01-02 19:02:17 - [MESSAGE][PASSED] - Current window maximized

2023-01-02 19:02:17 - [TEST_STEP][PASSED] - setText(findTestObject("02-Side Icons(Organization)/Add Contact/Email Field"), "testuser02@mailinator.com"): Text 'testuser02@mailinator.com' is set on object 'Object Repository/02-Side Icons(Organization)/Add Contact/Email Field'

2023-01-02 19:02:21 - [MESSAGE][PASSED] - Text 'testuser02@mailinator.com' is set on object 'Object Repository/02-Side Icons(Organization)/Add Contact/Email Field'

2023-01-02 19:02:21 - [TEST_STEP][PASSED] - setEncryptedText(findTestObject("02-Side Icons(Organization)/Add Contact/Password Field"), "8yFRyszE6U6jvsCn51OQbg=="): Text ****** has been set on object 'Object Repository/02-Side Icons(Organization)/Add Contact/Password Field'

2023-01-02 19:02:22 - [MESSAGE][PASSED] - Text ****** has been set on object 'Object Repository/02-Side Icons(Organization)/Add Contact/Password Field'

2023-01-02 19:02:22 - [TEST_STEP][PASSED] - click(findTestObject("02-Side Icons(Organization)/Add Contact/button_Sign in")): Object: 'Object Repository/02-Side Icons(Organization)/Add Contact/button_Sign in' is clicked on

2023-01-02 19:02:24 - [MESSAGE][PASSED] - Object: 'Object Repository/02-Side Icons(Organization)/Add Contact/button_Sign in' is clicked on

2023-01-02 19:02:24 - [TEST_STEP][PASSED] - delay(2): Delayed 2 second(s)

2023-01-02 19:02:26 - [MESSAGE][PASSED] - Delayed 2 second(s)

2023-01-02 19:02:26 - [TEST_STEP][PASSED] - click(findTestObject("06-Teams/For 2FA/button_Confirm_2FA")): Object: 'Object Repository/06-Teams/For 2FA/button_Confirm_2FA' is clicked on

2023-01-02 19:02:27 - [MESSAGE][PASSED] - Object: 'Object Repository/06-Teams/For 2FA/button_Confirm_2FA' is clicked on

2023-01-02 19:02:27 - [TEST_STEP][PASSED] - executeJavaScript("window.open();", []): Execute JavaScript 'window.open();' successfully

2023-01-02 19:02:27 - [MESSAGE][PASSED] - Execute JavaScript 'window.open();' successfully

2023-01-02 19:02:27 - [TEST_STEP][PASSED] - currentWindow = getWindowIndex(): Current window's index is: 0

2023-01-02 19:02:27 - [MESSAGE][PASSED] - Current window's index is: 0

2023-01-02 19:02:27 - [TEST_STEP][PASSED] - delay(3): Delayed 3 second(s)

2023-01-02 19:02:30 - [MESSAGE][PASSED] - Delayed 3 second(s)

2023-01-02 19:02:30 - [TEST_STEP][PASSED] - switchToWindowIndex(currentWindow + 1): Switched to window with index: '1'

2023-01-02 19:02:31 - [MESSAGE][PASSED] - Switched to window with index: '1'

2023-01-02 19:02:31 - [TEST_STEP][PASSED] - navigateToUrl("https://www.mailinator.com/"): Navigate to 'https://www.mailinator.com/' successfully

2023-01-02 19:02:41 - [MESSAGE][PASSED] - Navigate to 'https://www.mailinator.com/' successfully

2023-01-02 19:02:41 - [TEST_STEP][PASSED] - delay(3): Delayed 3 second(s)

2023-01-02 19:02:44 - [MESSAGE][PASSED] - Delayed 3 second(s)

2023-01-02 19:02:44 - [TEST_STEP][PASSED] - setText(findTestObject("00-Signup and Activation/zMailinator/input_LOGIN_search"), "testuser02@mailinator.com"): Text 'testuser02@mailinator.com' is set on object 'Object Repository/00-Signup and Activation/zMailinator/input_LOGIN_search'

2023-01-02 19:02:46 - [MESSAGE][PASSED] - Text 'testuser02@mailinator.com' is set on object 'Object Repository/00-Signup and Activation/zMailinator/input_LOGIN_search'

2023-01-02 19:02:46 - [TEST_STEP][PASSED] - click(findTestObject("00-Signup and Activation/zMailinator/gobutton"), STOP_ON_FAILURE): Object: 'Object Repository/00-Signup and Activation/zMailinator/gobutton' is clicked on

2023-01-02 19:02:50 - [MESSAGE][PASSED] - Object: 'Object Repository/00-Signup and Activation/zMailinator/gobutton' is clicked on

2023-01-02 19:02:50 - [TEST_STEP][PASSED] - delay(3): Delayed 3 second(s)

2023-01-02 19:02:53 - [MESSAGE][PASSED] - Delayed 3 second(s)

2023-01-02 19:02:53 - [TEST_STEP][PASSED] - click(findTestObject("00-Signup and Activation/zMailinator/Email - everleagues")): Object: 'Object Repository/00-Signup and Activation/zMailinator/Email - everleagues' is clicked on

2023-01-02 19:02:54 - [MESSAGE][PASSED] - Object: 'Object Repository/00-Signup and Activation/zMailinator/Email - everleagues' is clicked on

2023-01-02 19:02:54 - [TEST_STEP][PASSED] - delay(3): Delayed 3 second(s)

2023-01-02 19:02:57 - [MESSAGE][PASSED] - Delayed 3 second(s)

2023-01-02 19:02:57 - [TEST_STEP][PASSED] - code = getText(findTestObject("Object Repository/06-Teams/For 2FA/2FA code")): Text of object 'Object Repository/06-Teams/For 2FA/2FA code' is: '805626'

2023-01-02 19:02:59 - [MESSAGE][PASSED] - Text of object 'Object Repository/06-Teams/For 2FA/2FA code' is: '805626'

2023-01-02 19:02:59 - [TEST_STEP][PASSED] - delay(3): Delayed 3 second(s)

2023-01-02 19:03:02 - [MESSAGE][PASSED] - Delayed 3 second(s)

2023-01-02 19:03:02 - [TEST_STEP][PASSED] - closeWindowTitle("Mailinator"): Window with title: 'Mailinator' is closed

2023-01-02 19:03:03 - [MESSAGE][PASSED] - Window with title: 'Mailinator' is closed

2023-01-02 19:03:03 - [TEST_STEP][PASSED] - delay(3): Delayed 3 second(s)

2023-01-02 19:03:06 - [MESSAGE][PASSED] - Delayed 3 second(s)

2023-01-02 19:03:06 - [TEST_STEP][PASSED] - switchToWindowIndex(0): Switched to window with index: '0'

2023-01-02 19:03:06 - [MESSAGE][PASSED] - Switched to window with index: '0'

2023-01-02 19:03:06 - [TEST_STEP][PASSED] - delay(3): Delayed 3 second(s)

2023-01-02 19:03:09 - [MESSAGE][PASSED] - Delayed 3 second(s)

2023-01-02 19:03:09 - [TEST_STEP][PASSED] - setText(findTestObject("Object Repository/06-Teams/For 2FA/input_Enter verification code_code"), code): Text '805626' is set on object 'Object Repository/06-Teams/For 2FA/input_Enter verification code_code'

2023-01-02 19:03:10 - [MESSAGE][PASSED] - Text '805626' is set on object 'Object Repository/06-Teams/For 2FA/input_Enter verification code_code'

2023-01-02 19:03:10 - [TEST_STEP][PASSED] - delay(3): Delayed 3 second(s)

2023-01-02 19:03:13 - [MESSAGE][PASSED] - Delayed 3 second(s)

2023-01-02 19:03:13 - [TEST_STEP][PASSED] - click(findTestObject("06-Teams/For 2FA/button_Verify_2FA")): Object: 'Object Repository/06-Teams/For 2FA/button_Verify_2FA' is clicked on

2023-01-02 19:03:14 - [MESSAGE][PASSED] - Object: 'Object Repository/06-Teams/For 2FA/button_Verify_2FA' is clicked on

2023-01-02 19:03:14 - [TEST_STEP][PASSED] - delay(5): Delayed 5 second(s)

2023-01-02 19:03:19 - [MESSAGE][PASSED] - Delayed 5 second(s)

2023-01-02 19:03:19 - [TEST_STEP][PASSED] - click(findTestObject("06-Teams/button_doublearrow")): Object: 'Object Repository/06-Teams/button_doublearrow' is clicked on

2023-01-02 19:03:24 - [MESSAGE][PASSED] - Object: 'Object Repository/06-Teams/button_doublearrow' is clicked on

2023-01-02 19:03:24 - [TEST_STEP][PASSED] - click(findTestObject("06-Teams/button_My Organizations")): Object: 'Object Repository/06-Teams/button_My Organizations' is clicked on

2023-01-02 19:03:25 - [MESSAGE][PASSED] - Object: 'Object Repository/06-Teams/button_My Organizations' is clicked on

2023-01-02 19:03:25 - [TEST_STEP][PASSED] - click(findTestObject("02-Side Icons(Organization)/Add Contact/button_Automation Test Org")): Object: 'Object Repository/02-Side Icons(Organization)/Add Contact/button_Automation Test Org' is clicked on

2023-01-02 19:03:26 - [MESSAGE][PASSED] - Object: 'Object Repository/02-Side Icons(Organization)/Add Contact/button_Automation Test Org' is clicked on

2023-01-02 19:03:26 - [TEST_STEP][PASSED] - delay(4): Delayed 4 second(s)

2023-01-02 19:03:30 - [MESSAGE][PASSED] - Delayed 4 second(s)

2023-01-02 19:03:30 - [TEST_STEP][PASSED] - verifyElementVisible(findTestObject("02-Side Icons(Organization)/Add Contact/span_Automation Test Org")): Object 'Object Repository/02-Side Icons(Organization)/Add Contact/span_Automation Test Org' is visible

2023-01-02 19:03:31 - [MESSAGE][PASSED] - Object 'Object Repository/02-Side Icons(Organization)/Add Contact/span_Automation Test Org' is visible

2023-01-02 19:03:31 - [TEST_STEP][PASSED] - delay(5): Delayed 5 second(s)

2023-01-02 19:03:36 - [MESSAGE][PASSED] - Delayed 5 second(s)

2023-01-02 19:03:36 - [TEST_STEP][PASSED] - click(findTestObject("03-Header Menu/Hamburger Button/div_Cloud Files")): Object: 'Object Repository/03-Header Menu/Hamburger Button/div_Cloud Files' is clicked on

2023-01-02 19:03:38 - [MESSAGE][PASSED] - Object: 'Object Repository/03-Header Menu/Hamburger Button/div_Cloud Files' is clicked on

2023-01-02 19:03:38 - [TEST_STEP][PASSED] - scrollToElement(findTestObject("11-Cloud Files/a_My Files"), 0): Scroll to object 'Object Repository/11-Cloud Files/a_My Files' successfully

2023-01-02 19:03:38 - [MESSAGE][WARNING] - Timeout '0' is invalid. Using default page load timeout: '30'

2023-01-02 19:03:40 - [MESSAGE][PASSED] - Scroll to object 'Object Repository/11-Cloud Files/a_My Files' successfully

2023-01-02 19:03:40 - [TEST_STEP][PASSED] - verifyElementVisible(findTestObject("11-Cloud Files/a_My Files")): Object 'Object Repository/11-Cloud Files/a_My Files' is visible

2023-01-02 19:03:41 - [MESSAGE][PASSED] - Object 'Object Repository/11-Cloud Files/a_My Files' is visible

2023-01-02 19:03:41 - [TEST_STEP][PASSED] - verifyElementVisible(findTestObject("11-Cloud Files/a_Shared With Me")): Object 'Object Repository/11-Cloud Files/a_Shared With Me' is visible

2023-01-02 19:03:42 - [MESSAGE][PASSED] - Object 'Object Repository/11-Cloud Files/a_Shared With Me' is visible

2023-01-02 19:03:42 - [TEST_STEP][PASSED] - click(findTestObject("11-Cloud Files/a_My Files")): Object: 'Object Repository/11-Cloud Files/a_My Files' is clicked on

2023-01-02 19:03:43 - [MESSAGE][PASSED] - Object: 'Object Repository/11-Cloud Files/a_My Files' is clicked on

2023-01-02 19:03:43 - [TEST_STEP][PASSED] - verifyElementVisible(findTestObject("11-Cloud Files/h4_CLOUD STORAGE")): Object 'Object Repository/11-Cloud Files/h4_CLOUD STORAGE' is visible

2023-01-02 19:03:45 - [MESSAGE][PASSED] - Object 'Object Repository/11-Cloud Files/h4_CLOUD STORAGE' is visible

2023-01-02 19:03:45 - [TEST_STEP][PASSED] - verifyElementVisible(findTestObject("11-Cloud Files/h4_MY FILES")): Object 'Object Repository/11-Cloud Files/h4_MY FILES' is visible

2023-01-02 19:03:46 - [MESSAGE][PASSED] - Object 'Object Repository/11-Cloud Files/h4_MY FILES' is visible

2023-01-02 19:03:46 - [TEST_STEP][PASSED] - delay(3): Delayed 3 second(s)

2023-01-02 19:03:49 - [MESSAGE][PASSED] - Delayed 3 second(s)

2023-01-02 19:03:49 - [TEST_STEP][PASSED] - click(findTestObject("11-Cloud Files/button_cloud_upload Upload Files  Create Folders")): Object: 'Object Repository/11-Cloud Files/button_cloud_upload Upload Files  Create Folders' is clicked on

2023-01-02 19:03:50 - [MESSAGE][PASSED] - Object: 'Object Repository/11-Cloud Files/button_cloud_upload Upload Files  Create Folders' is clicked on

2023-01-02 19:03:50 - [TEST_STEP][PASSED] - click(findTestObject("11-Cloud Files/button_create_new_folderNew Folder")): Object: 'Object Repository/11-Cloud Files/button_create_new_folderNew Folder' is clicked on

2023-01-02 19:03:51 - [MESSAGE][PASSED] - Object: 'Object Repository/11-Cloud Files/button_create_new_folderNew Folder' is clicked on

2023-01-02 19:03:51 - [TEST_STEP][PASSED] - verifyElementVisible(findTestObject("11-Cloud Files/mat-dialog-container_CreateNewFolder modal")): Object 'Object Repository/11-Cloud Files/mat-dialog-container_CreateNewFolder modal' is visible

2023-01-02 19:03:52 - [MESSAGE][PASSED] - Object 'Object Repository/11-Cloud Files/mat-dialog-container_CreateNewFolder modal' is visible

2023-01-02 19:03:52 - [TEST_STEP][PASSED] - verifyElementVisible(findTestObject("11-Cloud Files/h4_New folder")): Object 'Object Repository/11-Cloud Files/h4_New folder' is visible

2023-01-02 19:03:52 - [MESSAGE][PASSED] - Object 'Object Repository/11-Cloud Files/h4_New folder' is visible

2023-01-02 19:03:52 - [TEST_STEP][PASSED] - setText(findTestObject("11-Cloud Files/input_folderName"), "Automation folder"): Text 'Automation folder' is set on object 'Object Repository/11-Cloud Files/input_folderName'

2023-01-02 19:03:54 - [MESSAGE][PASSED] - Text 'Automation folder' is set on object 'Object Repository/11-Cloud Files/input_folderName'

2023-01-02 19:03:54 - [TEST_STEP][PASSED] - click(findTestObject("11-Cloud Files/button_Create")): Object: 'Object Repository/11-Cloud Files/button_Create' is clicked on

2023-01-02 19:03:55 - [MESSAGE][PASSED] - Object: 'Object Repository/11-Cloud Files/button_Create' is clicked on

2023-01-02 19:03:55 - [TEST_STEP][PASSED] - delay(3): Delayed 3 second(s)

2023-01-02 19:03:58 - [MESSAGE][PASSED] - Delayed 3 second(s)

2023-01-02 19:03:58 - [TEST_STEP][PASSED] - click(findTestObject("11-Cloud Files/button_cloud_upload Upload Files  Create Folders")): Object: 'Object Repository/11-Cloud Files/button_cloud_upload Upload Files  Create Folders' is clicked on

2023-01-02 19:03:59 - [MESSAGE][PASSED] - Object: 'Object Repository/11-Cloud Files/button_cloud_upload Upload Files  Create Folders' is clicked on

2023-01-02 19:03:59 - [TEST_STEP][PASSED] - click(findTestObject("11-Cloud Files/button_create_new_folderNew Folder")): Object: 'Object Repository/11-Cloud Files/button_create_new_folderNew Folder' is clicked on

2023-01-02 19:04:01 - [MESSAGE][PASSED] - Object: 'Object Repository/11-Cloud Files/button_create_new_folderNew Folder' is clicked on

2023-01-02 19:04:01 - [TEST_STEP][PASSED] - verifyElementVisible(findTestObject("11-Cloud Files/mat-dialog-container_CreateNewFolder modal")): Object 'Object Repository/11-Cloud Files/mat-dialog-container_CreateNewFolder modal' is visible

2023-01-02 19:04:04 - [MESSAGE][PASSED] - Object 'Object Repository/11-Cloud Files/mat-dialog-container_CreateNewFolder modal' is visible

2023-01-02 19:04:04 - [TEST_STEP][PASSED] - verifyElementVisible(findTestObject("11-Cloud Files/h4_New folder")): Object 'Object Repository/11-Cloud Files/h4_New folder' is visible

2023-01-02 19:04:05 - [MESSAGE][PASSED] - Object 'Object Repository/11-Cloud Files/h4_New folder' is visible

2023-01-02 19:04:05 - [TEST_STEP][PASSED] - setText(findTestObject("11-Cloud Files/input_folderName"), "Automation folder 2"): Text 'Automation folder 2' is set on object 'Object Repository/11-Cloud Files/input_folderName'

2023-01-02 19:04:06 - [MESSAGE][PASSED] - Text 'Automation folder 2' is set on object 'Object Repository/11-Cloud Files/input_folderName'

2023-01-02 19:04:06 - [TEST_STEP][PASSED] - click(findTestObject("11-Cloud Files/button_Create")): Object: 'Object Repository/11-Cloud Files/button_Create' is clicked on

2023-01-02 19:04:07 - [MESSAGE][PASSED] - Object: 'Object Repository/11-Cloud Files/button_Create' is clicked on

2023-01-02 19:04:07 - [TEST_STEP][PASSED] - delay(3): Delayed 3 second(s)

2023-01-02 19:04:10 - [MESSAGE][PASSED] - Delayed 3 second(s)

2023-01-02 19:04:10 - [TEST_STEP][PASSED] - click(findTestObject("11-Cloud Files/mat-icon_refresh")): Object: 'Object Repository/11-Cloud Files/mat-icon_refresh' is clicked on

2023-01-02 19:04:11 - [MESSAGE][PASSED] - Object: 'Object Repository/11-Cloud Files/mat-icon_refresh' is clicked on

2023-01-02 19:04:11 - [TEST_STEP][PASSED] - verifyElementVisible(findTestObject("11-Cloud Files/td_Automation folder")): Object 'Object Repository/11-Cloud Files/td_Automation folder' is visible

2023-01-02 19:04:12 - [MESSAGE][PASSED] - Object 'Object Repository/11-Cloud Files/td_Automation folder' is visible]]></system-out>
         <system-err><![CDATA[]]></system-err>
      </testcase>
      <testcase name="Test Cases/11-Cloud Files/02-Upload Local File" time="29.291" classname="Test Cases/11-Cloud Files/02-Upload Local File" status="PASSED">
         <system-out><![CDATA[2023-01-02 19:04:13 - [TEST_CASE][PASSED] - Test Cases/11-Cloud Files/02-Upload Local File: Test Cases/11-Cloud Files/02-Upload Local File

2023-01-02 19:04:15 - [TEST_STEP][PASSED] - delay(4): Delayed 4 second(s)

2023-01-02 19:04:19 - [MESSAGE][PASSED] - Delayed 4 second(s)

2023-01-02 19:04:19 - [TEST_STEP][PASSED] - click(findTestObject("11-Cloud Files/button_cloud_upload Upload Files  Create Folders")): Object: 'Object Repository/11-Cloud Files/button_cloud_upload Upload Files  Create Folders' is clicked on

2023-01-02 19:04:20 - [MESSAGE][PASSED] - Object: 'Object Repository/11-Cloud Files/button_cloud_upload Upload Files  Create Folders' is clicked on

2023-01-02 19:04:20 - [TEST_STEP][PASSED] - uploadpackage.Upload.uploadFile(findTestObject("Object Repository/11-Cloud Files/button_cloud_uploadUpload Local File"), "C:\Users\asus\Desktop\EL automation\qa.jpg"): uploadpackage.Upload.uploadFile is PASSED

2023-01-02 19:04:22 - [MESSAGE][PASSED] - Object: 'Object Repository/11-Cloud Files/button_cloud_uploadUpload Local File' is clicked on

2023-01-02 19:04:25 - [MESSAGE][PASSED] - uploadpackage.Upload.uploadFile is PASSED

2023-01-02 19:04:25 - [TEST_STEP][PASSED] - delay(2): Delayed 2 second(s)

2023-01-02 19:04:27 - [MESSAGE][PASSED] - Delayed 2 second(s)

2023-01-02 19:04:27 - [TEST_STEP][PASSED] - verifyElementVisible(findTestObject("11-Cloud Files/mat-dialog-container_Upload local file modal")): Object 'Object Repository/11-Cloud Files/mat-dialog-container_Upload local file modal' is visible

2023-01-02 19:04:27 - [MESSAGE][PASSED] - Object 'Object Repository/11-Cloud Files/mat-dialog-container_Upload local file modal' is visible

2023-01-02 19:04:27 - [TEST_STEP][PASSED] - click(findTestObject("11-Cloud Files/button_Confirm")): Object: 'Object Repository/11-Cloud Files/button_Confirm' is clicked on

2023-01-02 19:04:29 - [MESSAGE][PASSED] - Object: 'Object Repository/11-Cloud Files/button_Confirm' is clicked on

2023-01-02 19:04:29 - [TEST_STEP][PASSED] - delay(3): Delayed 3 second(s)

2023-01-02 19:04:32 - [MESSAGE][PASSED] - Delayed 3 second(s)

2023-01-02 19:04:32 - [TEST_STEP][PASSED] - verifyElementVisible(findTestObject("11-Cloud Files/div_Upload completed clear")): Object 'Object Repository/11-Cloud Files/div_Upload completed clear' is visible

2023-01-02 19:04:33 - [MESSAGE][PASSED] - Object 'Object Repository/11-Cloud Files/div_Upload completed clear' is visible

2023-01-02 19:04:33 - [TEST_STEP][PASSED] - delay(3): Delayed 3 second(s)

2023-01-02 19:04:36 - [MESSAGE][PASSED] - Delayed 3 second(s)

2023-01-02 19:04:36 - [TEST_STEP][PASSED] - setText(findTestObject("11-Cloud Files/input_Search cloudfiles"), "Automation folder"): Text 'Automation folder' is set on object 'Object Repository/11-Cloud Files/input_Search cloudfiles'

2023-01-02 19:04:38 - [MESSAGE][PASSED] - Text 'Automation folder' is set on object 'Object Repository/11-Cloud Files/input_Search cloudfiles'

2023-01-02 19:04:38 - [TEST_STEP][PASSED] - sendKeys(findTestObject("11-Cloud Files/input_Search cloudfiles"), Keys.chord(ENTER)): Keys 'ENTER + ' sent to object: 'Object Repository/11-Cloud Files/input_Search cloudfiles'

2023-01-02 19:04:40 - [MESSAGE][PASSED] - Keys 'ENTER + ' sent to object: 'Object Repository/11-Cloud Files/input_Search cloudfiles'

2023-01-02 19:04:40 - [TEST_STEP][PASSED] - verifyElementVisible(findTestObject("11-Cloud Files/td_Automation folder")): Object 'Object Repository/11-Cloud Files/td_Automation folder' is visible

2023-01-02 19:04:40 - [MESSAGE][PASSED] - Object 'Object Repository/11-Cloud Files/td_Automation folder' is visible

2023-01-02 19:04:40 - [TEST_STEP][PASSED] - clearText(findTestObject("11-Cloud Files/input_Search cloudfiles")): Text of object 'Object Repository/11-Cloud Files/input_Search cloudfiles' is cleared

2023-01-02 19:04:41 - [MESSAGE][PASSED] - Text of object 'Object Repository/11-Cloud Files/input_Search cloudfiles' is cleared

2023-01-02 19:04:41 - [TEST_STEP][PASSED] - click(findTestObject("11-Cloud Files/mat-icon_refresh")): Object: 'Object Repository/11-Cloud Files/mat-icon_refresh' is clicked on

2023-01-02 19:04:42 - [MESSAGE][PASSED] - Object: 'Object Repository/11-Cloud Files/mat-icon_refresh' is clicked on]]></system-out>
         <system-err><![CDATA[]]></system-err>
      </testcase>
      <testcase name="Test Cases/11-Cloud Files/03-Rename a folder and file" time="26.646" classname="Test Cases/11-Cloud Files/03-Rename a folder and file" status="PASSED">
         <system-out><![CDATA[2023-01-02 19:04:42 - [TEST_CASE][PASSED] - Test Cases/11-Cloud Files/03-Rename a folder and file: Test Cases/11-Cloud Files/03-Rename a folder and file

2023-01-02 19:04:44 - [TEST_STEP][PASSED] - delay(3): Delayed 3 second(s)

2023-01-02 19:04:47 - [MESSAGE][PASSED] - Delayed 3 second(s)

2023-01-02 19:04:47 - [TEST_STEP][PASSED] - rightClick(findTestObject("11-Cloud Files/td_Automation folder")): Object: 'Object Repository/11-Cloud Files/td_Automation folder' is right clicked on

2023-01-02 19:04:48 - [MESSAGE][PASSED] - Object: 'Object Repository/11-Cloud Files/td_Automation folder' is right clicked on

2023-01-02 19:04:48 - [TEST_STEP][PASSED] - click(findTestObject("11-Cloud Files/button_Rename")): Object: 'Object Repository/11-Cloud Files/button_Rename' is clicked on

2023-01-02 19:04:50 - [MESSAGE][PASSED] - Object: 'Object Repository/11-Cloud Files/button_Rename' is clicked on

2023-01-02 19:04:50 - [TEST_STEP][PASSED] - verifyElementVisible(findTestObject("11-Cloud Files/mat-dialog-container_RenameName nodal")): Object 'Object Repository/11-Cloud Files/mat-dialog-container_RenameName nodal' is visible

2023-01-02 19:04:51 - [MESSAGE][PASSED] - Object 'Object Repository/11-Cloud Files/mat-dialog-container_RenameName nodal' is visible

2023-01-02 19:04:51 - [TEST_STEP][PASSED] - setText(findTestObject("11-Cloud Files/input_Rename"), "Automation folder EDIT"): Text 'Automation folder EDIT' is set on object 'Object Repository/11-Cloud Files/input_Rename'

2023-01-02 19:04:53 - [MESSAGE][PASSED] - Text 'Automation folder EDIT' is set on object 'Object Repository/11-Cloud Files/input_Rename'

2023-01-02 19:04:53 - [TEST_STEP][PASSED] - click(findTestObject("09-Settings/Users/Active User/button_Save")): Object: 'Object Repository/09-Settings/Users/Active User/button_Save' is clicked on

2023-01-02 19:04:54 - [MESSAGE][PASSED] - Object: 'Object Repository/09-Settings/Users/Active User/button_Save' is clicked on

2023-01-02 19:04:54 - [TEST_STEP][PASSED] - verifyElementVisible(findTestObject("11-Cloud Files/snack-bar-container_Successfully changed nameOK")): Object 'Object Repository/11-Cloud Files/snack-bar-container_Successfully changed nameOK' is visible

2023-01-02 19:04:57 - [MESSAGE][PASSED] - Object 'Object Repository/11-Cloud Files/snack-bar-container_Successfully changed nameOK' is visible

2023-01-02 19:04:57 - [TEST_STEP][PASSED] - delay(3): Delayed 3 second(s)

2023-01-02 19:05:01 - [MESSAGE][PASSED] - Delayed 3 second(s)

2023-01-02 19:05:01 - [TEST_STEP][PASSED] - rightClick(findTestObject("11-Cloud Files/td_qa")): Object: 'Object Repository/11-Cloud Files/td_qa' is right clicked on

2023-01-02 19:05:01 - [MESSAGE][PASSED] - Object: 'Object Repository/11-Cloud Files/td_qa' is right clicked on

2023-01-02 19:05:01 - [TEST_STEP][PASSED] - click(findTestObject("11-Cloud Files/button_Rename")): Object: 'Object Repository/11-Cloud Files/button_Rename' is clicked on

2023-01-02 19:05:02 - [MESSAGE][PASSED] - Object: 'Object Repository/11-Cloud Files/button_Rename' is clicked on

2023-01-02 19:05:02 - [TEST_STEP][PASSED] - verifyElementVisible(findTestObject("11-Cloud Files/mat-dialog-container_RenameName nodal")): Object 'Object Repository/11-Cloud Files/mat-dialog-container_RenameName nodal' is visible

2023-01-02 19:05:03 - [MESSAGE][PASSED] - Object 'Object Repository/11-Cloud Files/mat-dialog-container_RenameName nodal' is visible

2023-01-02 19:05:03 - [TEST_STEP][PASSED] - setText(findTestObject("11-Cloud Files/input_Rename"), "qa EDIT"): Text 'qa EDIT' is set on object 'Object Repository/11-Cloud Files/input_Rename'

2023-01-02 19:05:05 - [MESSAGE][PASSED] - Text 'qa EDIT' is set on object 'Object Repository/11-Cloud Files/input_Rename'

2023-01-02 19:05:05 - [TEST_STEP][PASSED] - click(findTestObject("09-Settings/Users/Active User/button_Save")): Object: 'Object Repository/09-Settings/Users/Active User/button_Save' is clicked on

2023-01-02 19:05:06 - [MESSAGE][PASSED] - Object: 'Object Repository/09-Settings/Users/Active User/button_Save' is clicked on

2023-01-02 19:05:06 - [TEST_STEP][PASSED] - verifyElementVisible(findTestObject("11-Cloud Files/snack-bar-container_Successfully changed nameOK")): Object 'Object Repository/11-Cloud Files/snack-bar-container_Successfully changed nameOK' is visible

2023-01-02 19:05:09 - [MESSAGE][PASSED] - Object 'Object Repository/11-Cloud Files/snack-bar-container_Successfully changed nameOK' is visible]]></system-out>
         <system-err><![CDATA[]]></system-err>
      </testcase>
      <testcase name="Test Cases/11-Cloud Files/04-Download a file and folder" time="23.073" classname="Test Cases/11-Cloud Files/04-Download a file and folder" status="PASSED">
         <system-out><![CDATA[2023-01-02 19:05:09 - [TEST_CASE][PASSED] - Test Cases/11-Cloud Files/04-Download a file and folder: Test Cases/11-Cloud Files/04-Download a file and folder

2023-01-02 19:05:10 - [TEST_STEP][PASSED] - delay(3): Delayed 3 second(s)

2023-01-02 19:05:13 - [MESSAGE][PASSED] - Delayed 3 second(s)

2023-01-02 19:05:13 - [TEST_STEP][PASSED] - rightClick(findTestObject("11-Cloud Files/td_qa EDIT")): Object: 'Object Repository/11-Cloud Files/td_qa EDIT' is right clicked on

2023-01-02 19:05:14 - [MESSAGE][PASSED] - Object: 'Object Repository/11-Cloud Files/td_qa EDIT' is right clicked on

2023-01-02 19:05:14 - [TEST_STEP][PASSED] - click(findTestObject("11-Cloud Files/button_download")): Object: 'Object Repository/11-Cloud Files/button_download' is clicked on

2023-01-02 19:05:15 - [MESSAGE][PASSED] - Object: 'Object Repository/11-Cloud Files/button_download' is clicked on

2023-01-02 19:05:15 - [TEST_STEP][PASSED] - verifyElementVisible(findTestObject("11-Cloud Files/div_Done downloading qaclear")): Object 'Object Repository/11-Cloud Files/div_Done downloading qaclear' is visible

2023-01-02 19:05:21 - [MESSAGE][PASSED] - Object 'Object Repository/11-Cloud Files/div_Done downloading qaclear' is visible

2023-01-02 19:05:21 - [TEST_STEP][PASSED] - delay(3): Delayed 3 second(s)

2023-01-02 19:05:24 - [MESSAGE][PASSED] - Delayed 3 second(s)

2023-01-02 19:05:24 - [TEST_STEP][PASSED] - rightClick(findTestObject("11-Cloud Files/td_Automation folder EDIT")): Object: 'Object Repository/11-Cloud Files/td_Automation folder EDIT' is right clicked on

2023-01-02 19:05:25 - [MESSAGE][PASSED] - Object: 'Object Repository/11-Cloud Files/td_Automation folder EDIT' is right clicked on

2023-01-02 19:05:25 - [TEST_STEP][PASSED] - click(findTestObject("11-Cloud Files/button_download")): Object: 'Object Repository/11-Cloud Files/button_download' is clicked on

2023-01-02 19:05:26 - [MESSAGE][PASSED] - Object: 'Object Repository/11-Cloud Files/button_download' is clicked on

2023-01-02 19:05:26 - [TEST_STEP][PASSED] - verifyElementVisible(findTestObject("11-Cloud Files/div_Done downloading folder")): Object 'Object Repository/11-Cloud Files/div_Done downloading folder' is visible

2023-01-02 19:05:32 - [MESSAGE][PASSED] - Object 'Object Repository/11-Cloud Files/div_Done downloading folder' is visible]]></system-out>
         <system-err><![CDATA[]]></system-err>
      </testcase>
      <testcase name="Test Cases/11-Cloud Files/05-Duplicate a Folder (Negative scenario)" time="13.456" classname="Test Cases/11-Cloud Files/05-Duplicate a Folder (Negative scenario)" status="PASSED">
         <system-out><![CDATA[2023-01-02 19:05:32 - [TEST_CASE][PASSED] - Test Cases/11-Cloud Files/05-Duplicate a Folder (Negative scenario): Test Cases/11-Cloud Files/05-Duplicate a Folder (Negative scenario)

2023-01-02 19:05:34 - [TEST_STEP][PASSED] - delay(3): Delayed 3 second(s)

2023-01-02 19:05:37 - [MESSAGE][PASSED] - Delayed 3 second(s)

2023-01-02 19:05:37 - [TEST_STEP][PASSED] - click(findTestObject("11-Cloud Files/td_Automation folder EDIT")): Object: 'Object Repository/11-Cloud Files/td_Automation folder EDIT' is clicked on

2023-01-02 19:05:38 - [MESSAGE][PASSED] - Object: 'Object Repository/11-Cloud Files/td_Automation folder EDIT' is clicked on

2023-01-02 19:05:38 - [TEST_STEP][PASSED] - click(findTestObject("11-Cloud Files/button_Duplicate")): Object: 'Object Repository/11-Cloud Files/button_Duplicate' is clicked on

2023-01-02 19:05:39 - [MESSAGE][PASSED] - Object: 'Object Repository/11-Cloud Files/button_Duplicate' is clicked on

2023-01-02 19:05:39 - [TEST_STEP][PASSED] - verifyElementVisible(findTestObject("11-Cloud Files/mat-dialog-container_DuplicateFolderModal")): Object 'Object Repository/11-Cloud Files/mat-dialog-container_DuplicateFolderModal' is visible

2023-01-02 19:05:40 - [MESSAGE][PASSED] - Object 'Object Repository/11-Cloud Files/mat-dialog-container_DuplicateFolderModal' is visible

2023-01-02 19:05:40 - [TEST_STEP][PASSED] - delay(3): Delayed 3 second(s)

2023-01-02 19:05:43 - [MESSAGE][PASSED] - Delayed 3 second(s)

2023-01-02 19:05:43 - [TEST_STEP][PASSED] - click(findTestObject("11-Cloud Files/button_Confirm")): Object: 'Object Repository/11-Cloud Files/button_Confirm' is clicked on

2023-01-02 19:05:44 - [MESSAGE][PASSED] - Object: 'Object Repository/11-Cloud Files/button_Confirm' is clicked on

2023-01-02 19:05:44 - [TEST_STEP][PASSED] - click(findTestObject("11-Cloud Files/td_Automation folder EDIT")): Object: 'Object Repository/11-Cloud Files/td_Automation folder EDIT' is clicked on

2023-01-02 19:05:45 - [MESSAGE][PASSED] - Object: 'Object Repository/11-Cloud Files/td_Automation folder EDIT' is clicked on]]></system-out>
         <system-err><![CDATA[]]></system-err>
      </testcase>
      <testcase name="Test Cases/11-Cloud Files/06-Duplicate a file" time="9.445" classname="Test Cases/11-Cloud Files/06-Duplicate a file" status="PASSED">
         <system-out><![CDATA[2023-01-02 19:05:45 - [TEST_CASE][PASSED] - Test Cases/11-Cloud Files/06-Duplicate a file: Test Cases/11-Cloud Files/06-Duplicate a file

2023-01-02 19:05:47 - [TEST_STEP][PASSED] - delay(3): Delayed 3 second(s)

2023-01-02 19:05:50 - [MESSAGE][PASSED] - Delayed 3 second(s)

2023-01-02 19:05:50 - [TEST_STEP][PASSED] - click(findTestObject("11-Cloud Files/td_qa EDIT")): Object: 'Object Repository/11-Cloud Files/td_qa EDIT' is clicked on

2023-01-02 19:05:51 - [MESSAGE][PASSED] - Object: 'Object Repository/11-Cloud Files/td_qa EDIT' is clicked on

2023-01-02 19:05:51 - [TEST_STEP][PASSED] - click(findTestObject("11-Cloud Files/button_Duplicate")): Object: 'Object Repository/11-Cloud Files/button_Duplicate' is clicked on

2023-01-02 19:05:51 - [MESSAGE][PASSED] - Object: 'Object Repository/11-Cloud Files/button_Duplicate' is clicked on

2023-01-02 19:05:51 - [TEST_STEP][PASSED] - verifyElementVisible(findTestObject("11-Cloud Files/div_ItemsDuplicatedSuccessfully")): Object 'Object Repository/11-Cloud Files/div_ItemsDuplicatedSuccessfully' is visible

2023-01-02 19:05:54 - [MESSAGE][PASSED] - Object 'Object Repository/11-Cloud Files/div_ItemsDuplicatedSuccessfully' is visible

2023-01-02 19:05:54 - [TEST_STEP][PASSED] - verifyElementVisible(findTestObject("11-Cloud Files/td_Copy of qa EDIT")): Object 'Object Repository/11-Cloud Files/td_Copy of qa EDIT' is visible

2023-01-02 19:05:55 - [MESSAGE][PASSED] - Object 'Object Repository/11-Cloud Files/td_Copy of qa EDIT' is visible]]></system-out>
         <system-err><![CDATA[]]></system-err>
      </testcase>
      <testcase name="Test Cases/11-Cloud Files/07-Move a file and folder" time="20.48" classname="Test Cases/11-Cloud Files/07-Move a file and folder" status="PASSED">
         <system-out><![CDATA[2023-01-02 19:05:55 - [TEST_CASE][PASSED] - Test Cases/11-Cloud Files/07-Move a file and folder: Test Cases/11-Cloud Files/07-Move a file and folder

2023-01-02 19:05:57 - [TEST_STEP][PASSED] - delay(3): Delayed 3 second(s)

2023-01-02 19:06:00 - [MESSAGE][PASSED] - Delayed 3 second(s)

2023-01-02 19:06:00 - [TEST_STEP][PASSED] - rightClick(findTestObject("11-Cloud Files/td_Copy of qa EDIT")): Object: 'Object Repository/11-Cloud Files/td_Copy of qa EDIT' is right clicked on

2023-01-02 19:06:01 - [MESSAGE][PASSED] - Object: 'Object Repository/11-Cloud Files/td_Copy of qa EDIT' is right clicked on

2023-01-02 19:06:01 - [TEST_STEP][PASSED] - click(findTestObject("11-Cloud Files/button_MoveTo")): Object: 'Object Repository/11-Cloud Files/button_MoveTo' is clicked on

2023-01-02 19:06:02 - [MESSAGE][PASSED] - Object: 'Object Repository/11-Cloud Files/button_MoveTo' is clicked on

2023-01-02 19:06:02 - [TEST_STEP][PASSED] - click(findTestObject("11-Cloud Files/span_Automation folder EDIT MoveTo")): Object: 'Object Repository/11-Cloud Files/span_Automation folder EDIT MoveTo' is clicked on

2023-01-02 19:06:03 - [MESSAGE][PASSED] - Object: 'Object Repository/11-Cloud Files/span_Automation folder EDIT MoveTo' is clicked on

2023-01-02 19:06:03 - [TEST_STEP][PASSED] - click(findTestObject("11-Cloud Files/button_Move")): Object: 'Object Repository/11-Cloud Files/button_Move' is clicked on

2023-01-02 19:06:04 - [MESSAGE][PASSED] - Object: 'Object Repository/11-Cloud Files/button_Move' is clicked on

2023-01-02 19:06:04 - [TEST_STEP][PASSED] - verifyElementVisible(findTestObject("11-Cloud Files/div_ItemSuccessfullyMove")): Object 'Object Repository/11-Cloud Files/div_ItemSuccessfullyMove' is visible

2023-01-02 19:06:06 - [MESSAGE][PASSED] - Object 'Object Repository/11-Cloud Files/div_ItemSuccessfullyMove' is visible

2023-01-02 19:06:06 - [TEST_STEP][PASSED] - delay(3): Delayed 3 second(s)

2023-01-02 19:06:09 - [MESSAGE][PASSED] - Delayed 3 second(s)

2023-01-02 19:06:09 - [TEST_STEP][PASSED] - rightClick(findTestObject("11-Cloud Files/td_Automation folder 2")): Object: 'Object Repository/11-Cloud Files/td_Automation folder 2' is right clicked on

2023-01-02 19:06:10 - [MESSAGE][PASSED] - Object: 'Object Repository/11-Cloud Files/td_Automation folder 2' is right clicked on

2023-01-02 19:06:10 - [TEST_STEP][PASSED] - click(findTestObject("11-Cloud Files/button_MoveTo")): Object: 'Object Repository/11-Cloud Files/button_MoveTo' is clicked on

2023-01-02 19:06:11 - [MESSAGE][PASSED] - Object: 'Object Repository/11-Cloud Files/button_MoveTo' is clicked on

2023-01-02 19:06:11 - [TEST_STEP][PASSED] - click(findTestObject("11-Cloud Files/span_Automation folder EDIT MoveTo")): Object: 'Object Repository/11-Cloud Files/span_Automation folder EDIT MoveTo' is clicked on

2023-01-02 19:06:12 - [MESSAGE][PASSED] - Object: 'Object Repository/11-Cloud Files/span_Automation folder EDIT MoveTo' is clicked on

2023-01-02 19:06:12 - [TEST_STEP][PASSED] - click(findTestObject("11-Cloud Files/button_Move")): Object: 'Object Repository/11-Cloud Files/button_Move' is clicked on

2023-01-02 19:06:13 - [MESSAGE][PASSED] - Object: 'Object Repository/11-Cloud Files/button_Move' is clicked on

2023-01-02 19:06:13 - [TEST_STEP][PASSED] - verifyElementVisible(findTestObject("11-Cloud Files/div_ItemSuccessfullyMove")): Object 'Object Repository/11-Cloud Files/div_ItemSuccessfullyMove' is visible

2023-01-02 19:06:15 - [MESSAGE][PASSED] - Object 'Object Repository/11-Cloud Files/div_ItemSuccessfullyMove' is visible]]></system-out>
         <system-err><![CDATA[]]></system-err>
      </testcase>
      <testcase name="Test Cases/11-Cloud Files/08-Open a file and folder" time="21.648" classname="Test Cases/11-Cloud Files/08-Open a file and folder" status="PASSED">
         <system-out><![CDATA[2023-01-02 19:06:15 - [TEST_CASE][PASSED] - Test Cases/11-Cloud Files/08-Open a file and folder: Test Cases/11-Cloud Files/08-Open a file and folder

2023-01-02 19:06:17 - [TEST_STEP][PASSED] - delay(3): Delayed 3 second(s)

2023-01-02 19:06:20 - [MESSAGE][PASSED] - Delayed 3 second(s)

2023-01-02 19:06:20 - [TEST_STEP][PASSED] - rightClick(findTestObject("11-Cloud Files/td_qa EDIT")): Object: 'Object Repository/11-Cloud Files/td_qa EDIT' is right clicked on

2023-01-02 19:06:21 - [MESSAGE][PASSED] - Object: 'Object Repository/11-Cloud Files/td_qa EDIT' is right clicked on

2023-01-02 19:06:21 - [TEST_STEP][PASSED] - click(findTestObject("11-Cloud Files/button_Open")): Object: 'Object Repository/11-Cloud Files/button_Open' is clicked on

2023-01-02 19:06:22 - [MESSAGE][PASSED] - Object: 'Object Repository/11-Cloud Files/button_Open' is clicked on

2023-01-02 19:06:22 - [TEST_STEP][PASSED] - switchToWindowIndex(1): Switched to window with index: '1'

2023-01-02 19:06:24 - [MESSAGE][PASSED] - Switched to window with index: '1'

2023-01-02 19:06:24 - [TEST_STEP][PASSED] - closeWindowIndex(1): Window with index 1 is closed

2023-01-02 19:06:24 - [MESSAGE][PASSED] - Window with index 1 is closed

2023-01-02 19:06:24 - [TEST_STEP][PASSED] - switchToWindowIndex(0): Switched to window with index: '0'

2023-01-02 19:06:24 - [MESSAGE][PASSED] - Switched to window with index: '0'

2023-01-02 19:06:24 - [TEST_STEP][PASSED] - delay(3): Delayed 3 second(s)

2023-01-02 19:06:27 - [MESSAGE][PASSED] - Delayed 3 second(s)

2023-01-02 19:06:27 - [TEST_STEP][PASSED] - rightClick(findTestObject("11-Cloud Files/td_Automation folder EDIT")): Object: 'Object Repository/11-Cloud Files/td_Automation folder EDIT' is right clicked on

2023-01-02 19:06:30 - [MESSAGE][PASSED] - Object: 'Object Repository/11-Cloud Files/td_Automation folder EDIT' is right clicked on

2023-01-02 19:06:30 - [TEST_STEP][PASSED] - click(findTestObject("11-Cloud Files/button_Open")): Object: 'Object Repository/11-Cloud Files/button_Open' is clicked on

2023-01-02 19:06:30 - [MESSAGE][PASSED] - Object: 'Object Repository/11-Cloud Files/button_Open' is clicked on

2023-01-02 19:06:30 - [TEST_STEP][PASSED] - click(findTestObject("11-Cloud Files/h4_MY FILES")): Object: 'Object Repository/11-Cloud Files/h4_MY FILES' is clicked on

2023-01-02 19:06:32 - [MESSAGE][PASSED] - Object: 'Object Repository/11-Cloud Files/h4_MY FILES' is clicked on

2023-01-02 19:06:32 - [TEST_STEP][PASSED] - delay(5): Delayed 5 second(s)

2023-01-02 19:06:37 - [MESSAGE][PASSED] - Delayed 5 second(s)]]></system-out>
         <system-err><![CDATA[]]></system-err>
      </testcase>
      <testcase name="Test Cases/11-Cloud Files/09-Share a file" time="11.255" classname="Test Cases/11-Cloud Files/09-Share a file" status="PASSED">
         <system-out><![CDATA[2023-01-02 19:06:37 - [TEST_CASE][PASSED] - Test Cases/11-Cloud Files/09-Share a file: Test Cases/11-Cloud Files/09-Share a file

2023-01-02 19:06:38 - [TEST_STEP][PASSED] - click(findTestObject("11-Cloud Files/button_clearNotif")): Object: 'Object Repository/11-Cloud Files/button_clearNotif' is clicked on

2023-01-02 19:06:39 - [MESSAGE][PASSED] - Object: 'Object Repository/11-Cloud Files/button_clearNotif' is clicked on

2023-01-02 19:06:39 - [TEST_STEP][PASSED] - rightClick(findTestObject("11-Cloud Files/td_qa EDIT")): Object: 'Object Repository/11-Cloud Files/td_qa EDIT' is right clicked on

2023-01-02 19:06:40 - [MESSAGE][PASSED] - Object: 'Object Repository/11-Cloud Files/td_qa EDIT' is right clicked on

2023-01-02 19:06:40 - [TEST_STEP][PASSED] - click(findTestObject("11-Cloud Files/button_Share")): Object: 'Object Repository/11-Cloud Files/button_Share' is clicked on

2023-01-02 19:06:41 - [MESSAGE][PASSED] - Object: 'Object Repository/11-Cloud Files/button_Share' is clicked on

2023-01-02 19:06:41 - [TEST_STEP][PASSED] - verifyElementVisible(findTestObject("11-Cloud Files/mat-dialog-container_ShareFiles Modal")): Object 'Object Repository/11-Cloud Files/mat-dialog-container_ShareFiles Modal' is visible

2023-01-02 19:06:42 - [MESSAGE][PASSED] - Object 'Object Repository/11-Cloud Files/mat-dialog-container_ShareFiles Modal' is visible

2023-01-02 19:06:42 - [TEST_STEP][PASSED] - click(findTestObject("11-Cloud Files/input_Add Users")): Object: 'Object Repository/11-Cloud Files/input_Add Users' is clicked on

2023-01-02 19:06:43 - [MESSAGE][PASSED] - Object: 'Object Repository/11-Cloud Files/input_Add Users' is clicked on

2023-01-02 19:06:43 - [TEST_STEP][PASSED] - click(findTestObject("11-Cloud Files/mat-option_GTGG tester 2")): Object: 'Object Repository/11-Cloud Files/mat-option_GTGG tester 2' is clicked on

2023-01-02 19:06:43 - [MESSAGE][PASSED] - Object: 'Object Repository/11-Cloud Files/mat-option_GTGG tester 2' is clicked on

2023-01-02 19:06:43 - [TEST_STEP][PASSED] - click(findTestObject("11-Cloud Files/mat-option_GTGG tester")): Object: 'Object Repository/11-Cloud Files/mat-option_GTGG tester' is clicked on

2023-01-02 19:06:44 - [MESSAGE][PASSED] - Object: 'Object Repository/11-Cloud Files/mat-option_GTGG tester' is clicked on

2023-01-02 19:06:44 - [TEST_STEP][PASSED] - click(findTestObject("11-Cloud Files/button_done")): Object: 'Object Repository/11-Cloud Files/button_done' is clicked on

2023-01-02 19:06:45 - [MESSAGE][PASSED] - Object: 'Object Repository/11-Cloud Files/button_done' is clicked on

2023-01-02 19:06:45 - [TEST_STEP][PASSED] - delay(3): Delayed 3 second(s)

2023-01-02 19:06:48 - [MESSAGE][PASSED] - Delayed 3 second(s)]]></system-out>
         <system-err><![CDATA[]]></system-err>
      </testcase>
      <testcase name="Test Cases/11-Cloud Files/10-Share a file - Edit" time="76.596" classname="Test Cases/11-Cloud Files/10-Share a file - Edit" status="PASSED">
         <system-out><![CDATA[2023-01-02 19:06:48 - [TEST_CASE][PASSED] - Test Cases/11-Cloud Files/10-Share a file - Edit: Test Cases/11-Cloud Files/10-Share a file - Edit

2023-01-02 19:06:50 - [TEST_STEP][PASSED] - rightClick(findTestObject("11-Cloud Files/td_qa EditPeople")): Object: 'Object Repository/11-Cloud Files/td_qa EditPeople' is right clicked on

2023-01-02 19:06:51 - [MESSAGE][PASSED] - Object: 'Object Repository/11-Cloud Files/td_qa EditPeople' is right clicked on

2023-01-02 19:06:51 - [TEST_STEP][PASSED] - click(findTestObject("11-Cloud Files/button_Share")): Object: 'Object Repository/11-Cloud Files/button_Share' is clicked on

2023-01-02 19:06:52 - [MESSAGE][PASSED] - Object: 'Object Repository/11-Cloud Files/button_Share' is clicked on

2023-01-02 19:06:52 - [TEST_STEP][PASSED] - verifyElementVisible(findTestObject("11-Cloud Files/mat-dialog-container_View Share Files Modal")): Object 'Object Repository/11-Cloud Files/mat-dialog-container_View Share Files Modal' is visible

2023-01-02 19:06:53 - [MESSAGE][PASSED] - Object 'Object Repository/11-Cloud Files/mat-dialog-container_View Share Files Modal' is visible

2023-01-02 19:06:53 - [TEST_STEP][PASSED] - click(findTestObject("11-Cloud Files/div_dropdown")): Object: 'Object Repository/11-Cloud Files/div_dropdown' is clicked on

2023-01-02 19:06:54 - [MESSAGE][PASSED] - Object: 'Object Repository/11-Cloud Files/div_dropdown' is clicked on

2023-01-02 19:06:54 - [TEST_STEP][PASSED] - click(findTestObject("11-Cloud Files/mat-option_editor")): Object: 'Object Repository/11-Cloud Files/mat-option_editor' is clicked on

2023-01-02 19:06:55 - [MESSAGE][PASSED] - Object: 'Object Repository/11-Cloud Files/mat-option_editor' is clicked on

2023-01-02 19:06:55 - [TEST_STEP][PASSED] - delay(3): Delayed 3 second(s)

2023-01-02 19:06:58 - [MESSAGE][PASSED] - Delayed 3 second(s)

2023-01-02 19:06:58 - [TEST_STEP][PASSED] - verifyElementVisible(findTestObject("11-Cloud Files/div_GTGG tester2")): Object 'Object Repository/11-Cloud Files/div_GTGG tester2' is visible

2023-01-02 19:07:00 - [MESSAGE][PASSED] - Object 'Object Repository/11-Cloud Files/div_GTGG tester2' is visible

2023-01-02 19:07:00 - [TEST_STEP][PASSED] - click(findTestObject("11-Cloud Files/div_dropdown2")): Object: 'Object Repository/11-Cloud Files/div_dropdown2' is clicked on

2023-01-02 19:07:01 - [MESSAGE][PASSED] - Object: 'Object Repository/11-Cloud Files/div_dropdown2' is clicked on

2023-01-02 19:07:01 - [TEST_STEP][PASSED] - click(findTestObject("11-Cloud Files/mat-option-checkmark_editor")): Object: 'Object Repository/11-Cloud Files/mat-option-checkmark_editor' is clicked on

2023-01-02 19:07:02 - [MESSAGE][PASSED] - Object: 'Object Repository/11-Cloud Files/mat-option-checkmark_editor' is clicked on

2023-01-02 19:07:02 - [TEST_STEP][PASSED] - delay(3): Delayed 3 second(s)

2023-01-02 19:07:05 - [MESSAGE][PASSED] - Delayed 3 second(s)

2023-01-02 19:07:05 - [TEST_STEP][PASSED] - verifyElementVisible(findTestObject("11-Cloud Files/div_GTGG tester")): Object 'Object Repository/11-Cloud Files/div_GTGG tester' is visible

2023-01-02 19:07:06 - [MESSAGE][PASSED] - Object 'Object Repository/11-Cloud Files/div_GTGG tester' is visible

2023-01-02 19:07:06 - [TEST_STEP][PASSED] - click(findTestObject("11-Cloud Files/div_dropdown3")): Object: 'Object Repository/11-Cloud Files/div_dropdown3' is clicked on

2023-01-02 19:07:07 - [MESSAGE][PASSED] - Object: 'Object Repository/11-Cloud Files/div_dropdown3' is clicked on

2023-01-02 19:07:07 - [TEST_STEP][PASSED] - click(findTestObject("11-Cloud Files/span_delete Remove Access")): Object: 'Object Repository/11-Cloud Files/span_delete Remove Access' is clicked on

2023-01-02 19:07:08 - [MESSAGE][PASSED] - Object: 'Object Repository/11-Cloud Files/span_delete Remove Access' is clicked on

2023-01-02 19:07:08 - [TEST_STEP][PASSED] - click(findTestObject("11-Cloud Files/button_done")): Object: 'Object Repository/11-Cloud Files/button_done' is clicked on

2023-01-02 19:07:09 - [MESSAGE][PASSED] - Object: 'Object Repository/11-Cloud Files/button_done' is clicked on

2023-01-02 19:07:09 - [TEST_STEP][PASSED] - delay(3): Delayed 3 second(s)

2023-01-02 19:07:12 - [MESSAGE][PASSED] - Delayed 3 second(s)

2023-01-02 19:07:12 - [TEST_STEP][PASSED] - rightClick(findTestObject("11-Cloud Files/td_qa EditPeople")): Object: 'Object Repository/11-Cloud Files/td_qa EditPeople' is right clicked on

2023-01-02 19:07:13 - [MESSAGE][PASSED] - Object: 'Object Repository/11-Cloud Files/td_qa EditPeople' is right clicked on

2023-01-02 19:07:13 - [TEST_STEP][PASSED] - click(findTestObject("11-Cloud Files/button_Share")): Object: 'Object Repository/11-Cloud Files/button_Share' is clicked on

2023-01-02 19:07:14 - [MESSAGE][PASSED] - Object: 'Object Repository/11-Cloud Files/button_Share' is clicked on

2023-01-02 19:07:14 - [TEST_STEP][PASSED] - click(findTestObject("11-Cloud Files/button_Copy Share Link")): Object: 'Object Repository/11-Cloud Files/button_Copy Share Link' is clicked on

2023-01-02 19:07:16 - [MESSAGE][PASSED] - Object: 'Object Repository/11-Cloud Files/button_Copy Share Link' is clicked on

2023-01-02 19:07:16 - [TEST_STEP][PASSED] - delay(3): Delayed 3 second(s)

2023-01-02 19:07:19 - [MESSAGE][PASSED] - Delayed 3 second(s)

2023-01-02 19:07:19 - [TEST_STEP][PASSED] - my_clipboard = getContents(null).getTransferData(stringFlavor): null

2023-01-02 19:07:19 - [TEST_STEP][PASSED] - navigateToUrl(my_clipboard): Navigate to 'https://xukp7.app.goo.gl/o2B8' successfully

2023-01-02 19:07:43 - [MESSAGE][PASSED] - Navigate to 'https://xukp7.app.goo.gl/o2B8' successfully

2023-01-02 19:07:43 - [TEST_STEP][PASSED] - switchToWindowIndex(1): Switched to window with index: '1'

2023-01-02 19:07:56 - [MESSAGE][PASSED] - Switched to window with index: '1'

2023-01-02 19:07:56 - [TEST_STEP][PASSED] - closeWindowIndex(1): Window with index 1 is closed

2023-01-02 19:07:56 - [MESSAGE][PASSED] - Window with index 1 is closed

2023-01-02 19:07:56 - [TEST_STEP][PASSED] - switchToWindowIndex(0): Switched to window with index: '0'

2023-01-02 19:07:56 - [MESSAGE][PASSED] - Switched to window with index: '0'

2023-01-02 19:07:56 - [TEST_STEP][PASSED] - click(findTestObject("03-Header Menu/Hamburger Button/div_Cloud Files")): Object: 'Object Repository/03-Header Menu/Hamburger Button/div_Cloud Files' is clicked on

2023-01-02 19:07:59 - [MESSAGE][PASSED] - Object: 'Object Repository/03-Header Menu/Hamburger Button/div_Cloud Files' is clicked on

2023-01-02 19:07:59 - [TEST_STEP][PASSED] - scrollToElement(findTestObject("11-Cloud Files/a_My Files"), 0): Scroll to object 'Object Repository/11-Cloud Files/a_My Files' successfully

2023-01-02 19:08:00 - [MESSAGE][WARNING] - Timeout '0' is invalid. Using default page load timeout: '30'

2023-01-02 19:08:00 - [MESSAGE][PASSED] - Scroll to object 'Object Repository/11-Cloud Files/a_My Files' successfully

2023-01-02 19:08:00 - [TEST_STEP][PASSED] - click(findTestObject("11-Cloud Files/a_My Files")): Object: 'Object Repository/11-Cloud Files/a_My Files' is clicked on

2023-01-02 19:08:02 - [MESSAGE][PASSED] - Object: 'Object Repository/11-Cloud Files/a_My Files' is clicked on

2023-01-02 19:08:02 - [TEST_STEP][PASSED] - delay(3): Delayed 3 second(s)

2023-01-02 19:08:05 - [MESSAGE][PASSED] - Delayed 3 second(s)]]></system-out>
         <system-err><![CDATA[]]></system-err>
      </testcase>
      <testcase name="Test Cases/11-Cloud Files/11-Share a folder" time="34.575" classname="Test Cases/11-Cloud Files/11-Share a folder" status="PASSED">
         <system-out><![CDATA[2023-01-02 19:08:05 - [TEST_CASE][PASSED] - Test Cases/11-Cloud Files/11-Share a folder: Test Cases/11-Cloud Files/11-Share a folder

2023-01-02 19:08:07 - [TEST_STEP][PASSED] - rightClick(findTestObject("11-Cloud Files/td_Automation folder EDIT")): Object: 'Object Repository/11-Cloud Files/td_Automation folder EDIT' is right clicked on

2023-01-02 19:08:08 - [MESSAGE][PASSED] - Object: 'Object Repository/11-Cloud Files/td_Automation folder EDIT' is right clicked on

2023-01-02 19:08:08 - [TEST_STEP][PASSED] - click(findTestObject("11-Cloud Files/button_Share")): Object: 'Object Repository/11-Cloud Files/button_Share' is clicked on

2023-01-02 19:08:11 - [MESSAGE][PASSED] - Object: 'Object Repository/11-Cloud Files/button_Share' is clicked on

2023-01-02 19:08:11 - [TEST_STEP][PASSED] - verifyElementVisible(findTestObject("11-Cloud Files/mat-dialog-container_ShareFiles Modal")): Object 'Object Repository/11-Cloud Files/mat-dialog-container_ShareFiles Modal' is visible

2023-01-02 19:08:12 - [MESSAGE][PASSED] - Object 'Object Repository/11-Cloud Files/mat-dialog-container_ShareFiles Modal' is visible

2023-01-02 19:08:12 - [TEST_STEP][PASSED] - click(findTestObject("11-Cloud Files/mat-icon_close")): Object: 'Object Repository/11-Cloud Files/mat-icon_close' is clicked on

2023-01-02 19:08:13 - [MESSAGE][PASSED] - Object: 'Object Repository/11-Cloud Files/mat-icon_close' is clicked on

2023-01-02 19:08:13 - [TEST_STEP][PASSED] - delay(3): Delayed 3 second(s)

2023-01-02 19:08:16 - [MESSAGE][PASSED] - Delayed 3 second(s)

2023-01-02 19:08:16 - [TEST_STEP][PASSED] - rightClick(findTestObject("11-Cloud Files/td_Automation folder EDIT")): Object: 'Object Repository/11-Cloud Files/td_Automation folder EDIT' is right clicked on

2023-01-02 19:08:17 - [MESSAGE][PASSED] - Object: 'Object Repository/11-Cloud Files/td_Automation folder EDIT' is right clicked on

2023-01-02 19:08:17 - [TEST_STEP][PASSED] - click(findTestObject("11-Cloud Files/button_Share")): Object: 'Object Repository/11-Cloud Files/button_Share' is clicked on

2023-01-02 19:08:18 - [MESSAGE][PASSED] - Object: 'Object Repository/11-Cloud Files/button_Share' is clicked on

2023-01-02 19:08:18 - [TEST_STEP][PASSED] - verifyElementVisible(findTestObject("11-Cloud Files/mat-dialog-container_ShareFiles Modal")): Object 'Object Repository/11-Cloud Files/mat-dialog-container_ShareFiles Modal' is visible

2023-01-02 19:08:19 - [MESSAGE][PASSED] - Object 'Object Repository/11-Cloud Files/mat-dialog-container_ShareFiles Modal' is visible

2023-01-02 19:08:19 - [TEST_STEP][PASSED] - click(findTestObject("11-Cloud Files/input_Add Users")): Object: 'Object Repository/11-Cloud Files/input_Add Users' is clicked on

2023-01-02 19:08:20 - [MESSAGE][PASSED] - Object: 'Object Repository/11-Cloud Files/input_Add Users' is clicked on

2023-01-02 19:08:20 - [TEST_STEP][PASSED] - click(findTestObject("11-Cloud Files/mat-option_GTGG tester")): Object: 'Object Repository/11-Cloud Files/mat-option_GTGG tester' is clicked on

2023-01-02 19:08:21 - [MESSAGE][PASSED] - Object: 'Object Repository/11-Cloud Files/mat-option_GTGG tester' is clicked on

2023-01-02 19:08:21 - [TEST_STEP][PASSED] - click(findTestObject("10-Open Video Conference/mat-icon_cancel")): Object: 'Object Repository/10-Open Video Conference/mat-icon_cancel' is clicked on

2023-01-02 19:08:22 - [MESSAGE][PASSED] - Object: 'Object Repository/10-Open Video Conference/mat-icon_cancel' is clicked on

2023-01-02 19:08:22 - [TEST_STEP][PASSED] - delay(3): Delayed 3 second(s)

2023-01-02 19:08:25 - [MESSAGE][PASSED] - Delayed 3 second(s)

2023-01-02 19:08:25 - [TEST_STEP][PASSED] - click(findTestObject("11-Cloud Files/input_Add Users")): Object: 'Object Repository/11-Cloud Files/input_Add Users' is clicked on

2023-01-02 19:08:26 - [MESSAGE][PASSED] - Object: 'Object Repository/11-Cloud Files/input_Add Users' is clicked on

2023-01-02 19:08:26 - [TEST_STEP][PASSED] - click(findTestObject("11-Cloud Files/mat-option_GTGG tester 2")): Object: 'Object Repository/11-Cloud Files/mat-option_GTGG tester 2' is clicked on

2023-01-02 19:08:27 - [MESSAGE][PASSED] - Object: 'Object Repository/11-Cloud Files/mat-option_GTGG tester 2' is clicked on

2023-01-02 19:08:27 - [TEST_STEP][PASSED] - click(findTestObject("11-Cloud Files/mat-option_GTGG tester")): Object: 'Object Repository/11-Cloud Files/mat-option_GTGG tester' is clicked on

2023-01-02 19:08:28 - [MESSAGE][PASSED] - Object: 'Object Repository/11-Cloud Files/mat-option_GTGG tester' is clicked on

2023-01-02 19:08:28 - [TEST_STEP][PASSED] - clickOffset(findTestObject("11-Cloud Files/button_Copy Share Link"), 10, 10): Object: 'Object Repository/11-Cloud Files/button_Copy Share Link' is clicked on using offset x=10 and y=10

2023-01-02 19:08:30 - [MESSAGE][PASSED] - Object: 'Object Repository/11-Cloud Files/button_Copy Share Link' is clicked on using offset x=10 and y=10

2023-01-02 19:08:30 - [TEST_STEP][PASSED] - click(findTestObject("11-Cloud Files/div_mat-checkbox-notify-user")): Object: 'Object Repository/11-Cloud Files/div_mat-checkbox-notify-user' is clicked on

2023-01-02 19:08:32 - [MESSAGE][PASSED] - Object: 'Object Repository/11-Cloud Files/div_mat-checkbox-notify-user' is clicked on

2023-01-02 19:08:32 - [TEST_STEP][PASSED] - click(findTestObject("11-Cloud Files/div_mat-checkbox-notify-user")): Object: 'Object Repository/11-Cloud Files/div_mat-checkbox-notify-user' is clicked on

2023-01-02 19:08:33 - [MESSAGE][PASSED] - Object: 'Object Repository/11-Cloud Files/div_mat-checkbox-notify-user' is clicked on

2023-01-02 19:08:33 - [TEST_STEP][PASSED] - click(findTestObject("11-Cloud Files/div_dropdown")): Object: 'Object Repository/11-Cloud Files/div_dropdown' is clicked on

2023-01-02 19:08:35 - [MESSAGE][PASSED] - Object: 'Object Repository/11-Cloud Files/div_dropdown' is clicked on

2023-01-02 19:08:35 - [TEST_STEP][PASSED] - click(findTestObject("11-Cloud Files/span_Viewer")): Object: 'Object Repository/11-Cloud Files/span_Viewer' is clicked on

2023-01-02 19:08:35 - [MESSAGE][PASSED] - Object: 'Object Repository/11-Cloud Files/span_Viewer' is clicked on

2023-01-02 19:08:35 - [TEST_STEP][PASSED] - click(findTestObject("11-Cloud Files/button_done")): Object: 'Object Repository/11-Cloud Files/button_done' is clicked on

2023-01-02 19:08:37 - [MESSAGE][PASSED] - Object: 'Object Repository/11-Cloud Files/button_done' is clicked on

2023-01-02 19:08:37 - [TEST_STEP][PASSED] - delay(3): Delayed 3 second(s)

2023-01-02 19:08:40 - [MESSAGE][PASSED] - Delayed 3 second(s)]]></system-out>
         <system-err><![CDATA[]]></system-err>
      </testcase>
      <testcase name="Test Cases/11-Cloud Files/12-Share a folder - Edit" time="68.278" classname="Test Cases/11-Cloud Files/12-Share a folder - Edit" status="PASSED">
         <system-out><![CDATA[2023-01-02 19:08:40 - [TEST_CASE][PASSED] - Test Cases/11-Cloud Files/12-Share a folder - Edit: Test Cases/11-Cloud Files/12-Share a folder - Edit

2023-01-02 19:08:42 - [TEST_STEP][PASSED] - delay(3): Delayed 3 second(s)

2023-01-02 19:08:45 - [MESSAGE][PASSED] - Delayed 3 second(s)

2023-01-02 19:08:45 - [TEST_STEP][PASSED] - rightClick(findTestObject("11-Cloud Files/td_Automation folder EDIT")): Object: 'Object Repository/11-Cloud Files/td_Automation folder EDIT' is right clicked on

2023-01-02 19:08:46 - [MESSAGE][PASSED] - Object: 'Object Repository/11-Cloud Files/td_Automation folder EDIT' is right clicked on

2023-01-02 19:08:46 - [TEST_STEP][PASSED] - click(findTestObject("11-Cloud Files/button_Share")): Object: 'Object Repository/11-Cloud Files/button_Share' is clicked on

2023-01-02 19:08:47 - [MESSAGE][PASSED] - Object: 'Object Repository/11-Cloud Files/button_Share' is clicked on

2023-01-02 19:08:47 - [TEST_STEP][PASSED] - verifyElementVisible(findTestObject("11-Cloud Files/mat-dialog-container_View Share Files Modal")): Object 'Object Repository/11-Cloud Files/mat-dialog-container_View Share Files Modal' is visible

2023-01-02 19:08:49 - [MESSAGE][PASSED] - Object 'Object Repository/11-Cloud Files/mat-dialog-container_View Share Files Modal' is visible

2023-01-02 19:08:49 - [TEST_STEP][PASSED] - click(findTestObject("11-Cloud Files/div_dropdown")): Object: 'Object Repository/11-Cloud Files/div_dropdown' is clicked on

2023-01-02 19:08:50 - [MESSAGE][PASSED] - Object: 'Object Repository/11-Cloud Files/div_dropdown' is clicked on

2023-01-02 19:08:50 - [TEST_STEP][PASSED] - click(findTestObject("11-Cloud Files/mat-option_editor")): Object: 'Object Repository/11-Cloud Files/mat-option_editor' is clicked on

2023-01-02 19:08:51 - [MESSAGE][PASSED] - Object: 'Object Repository/11-Cloud Files/mat-option_editor' is clicked on

2023-01-02 19:08:51 - [TEST_STEP][PASSED] - delay(3): Delayed 3 second(s)

2023-01-02 19:08:54 - [MESSAGE][PASSED] - Delayed 3 second(s)

2023-01-02 19:08:54 - [TEST_STEP][PASSED] - verifyElementVisible(findTestObject("11-Cloud Files/div_GTGG tester2")): Object 'Object Repository/11-Cloud Files/div_GTGG tester2' is visible

2023-01-02 19:08:55 - [MESSAGE][PASSED] - Object 'Object Repository/11-Cloud Files/div_GTGG tester2' is visible

2023-01-02 19:08:55 - [TEST_STEP][PASSED] - click(findTestObject("11-Cloud Files/div_dropdown2")): Object: 'Object Repository/11-Cloud Files/div_dropdown2' is clicked on

2023-01-02 19:08:56 - [MESSAGE][PASSED] - Object: 'Object Repository/11-Cloud Files/div_dropdown2' is clicked on

2023-01-02 19:08:56 - [TEST_STEP][PASSED] - click(findTestObject("11-Cloud Files/mat-option-checkmark_editor")): Object: 'Object Repository/11-Cloud Files/mat-option-checkmark_editor' is clicked on

2023-01-02 19:08:56 - [MESSAGE][PASSED] - Object: 'Object Repository/11-Cloud Files/mat-option-checkmark_editor' is clicked on

2023-01-02 19:08:56 - [TEST_STEP][PASSED] - delay(3): Delayed 3 second(s)

2023-01-02 19:08:59 - [MESSAGE][PASSED] - Delayed 3 second(s)

2023-01-02 19:08:59 - [TEST_STEP][PASSED] - verifyElementVisible(findTestObject("11-Cloud Files/div_GTGG tester")): Object 'Object Repository/11-Cloud Files/div_GTGG tester' is visible

2023-01-02 19:09:00 - [MESSAGE][PASSED] - Object 'Object Repository/11-Cloud Files/div_GTGG tester' is visible

2023-01-02 19:09:00 - [TEST_STEP][PASSED] - click(findTestObject("11-Cloud Files/div_dropdown3")): Object: 'Object Repository/11-Cloud Files/div_dropdown3' is clicked on

2023-01-02 19:09:01 - [MESSAGE][PASSED] - Object: 'Object Repository/11-Cloud Files/div_dropdown3' is clicked on

2023-01-02 19:09:01 - [TEST_STEP][PASSED] - click(findTestObject("11-Cloud Files/span_delete Remove Access")): Object: 'Object Repository/11-Cloud Files/span_delete Remove Access' is clicked on

2023-01-02 19:09:02 - [MESSAGE][PASSED] - Object: 'Object Repository/11-Cloud Files/span_delete Remove Access' is clicked on

2023-01-02 19:09:02 - [TEST_STEP][PASSED] - click(findTestObject("11-Cloud Files/button_done")): Object: 'Object Repository/11-Cloud Files/button_done' is clicked on

2023-01-02 19:09:04 - [MESSAGE][PASSED] - Object: 'Object Repository/11-Cloud Files/button_done' is clicked on

2023-01-02 19:09:04 - [TEST_STEP][PASSED] - delay(3): Delayed 3 second(s)

2023-01-02 19:09:07 - [MESSAGE][PASSED] - Delayed 3 second(s)

2023-01-02 19:09:07 - [TEST_STEP][PASSED] - rightClick(findTestObject("11-Cloud Files/td_Automation folder EDIT")): Object: 'Object Repository/11-Cloud Files/td_Automation folder EDIT' is right clicked on

2023-01-02 19:09:07 - [MESSAGE][PASSED] - Object: 'Object Repository/11-Cloud Files/td_Automation folder EDIT' is right clicked on

2023-01-02 19:09:07 - [TEST_STEP][PASSED] - click(findTestObject("11-Cloud Files/button_Share")): Object: 'Object Repository/11-Cloud Files/button_Share' is clicked on

2023-01-02 19:09:08 - [MESSAGE][PASSED] - Object: 'Object Repository/11-Cloud Files/button_Share' is clicked on

2023-01-02 19:09:08 - [TEST_STEP][PASSED] - click(findTestObject("11-Cloud Files/button_Copy Share Link")): Object: 'Object Repository/11-Cloud Files/button_Copy Share Link' is clicked on

2023-01-02 19:09:10 - [MESSAGE][PASSED] - Object: 'Object Repository/11-Cloud Files/button_Copy Share Link' is clicked on

2023-01-02 19:09:10 - [TEST_STEP][PASSED] - delay(3): Delayed 3 second(s)

2023-01-02 19:09:13 - [MESSAGE][PASSED] - Delayed 3 second(s)

2023-01-02 19:09:13 - [TEST_STEP][PASSED] - my_clipboard = getContents(null).getTransferData(stringFlavor): null

2023-01-02 19:09:13 - [TEST_STEP][PASSED] - navigateToUrl(my_clipboard): Navigate to 'https://xukp7.app.goo.gl/qPQw' successfully

2023-01-02 19:09:34 - [MESSAGE][PASSED] - Navigate to 'https://xukp7.app.goo.gl/qPQw' successfully

2023-01-02 19:09:34 - [TEST_STEP][PASSED] - delay(5): Delayed 5 second(s)

2023-01-02 19:09:39 - [MESSAGE][PASSED] - Delayed 5 second(s)

2023-01-02 19:09:39 - [TEST_STEP][PASSED] - click(findTestObject("03-Header Menu/Hamburger Button/div_Cloud Files")): Object: 'Object Repository/03-Header Menu/Hamburger Button/div_Cloud Files' is clicked on

2023-01-02 19:09:41 - [MESSAGE][PASSED] - Object: 'Object Repository/03-Header Menu/Hamburger Button/div_Cloud Files' is clicked on

2023-01-02 19:09:41 - [TEST_STEP][PASSED] - scrollToElement(findTestObject("11-Cloud Files/a_My Files"), 0): Scroll to object 'Object Repository/11-Cloud Files/a_My Files' successfully

2023-01-02 19:09:42 - [MESSAGE][WARNING] - Timeout '0' is invalid. Using default page load timeout: '30'

2023-01-02 19:09:43 - [MESSAGE][PASSED] - Scroll to object 'Object Repository/11-Cloud Files/a_My Files' successfully

2023-01-02 19:09:43 - [TEST_STEP][PASSED] - click(findTestObject("11-Cloud Files/a_My Files")): Object: 'Object Repository/11-Cloud Files/a_My Files' is clicked on

2023-01-02 19:09:44 - [MESSAGE][PASSED] - Object: 'Object Repository/11-Cloud Files/a_My Files' is clicked on

2023-01-02 19:09:44 - [TEST_STEP][PASSED] - click(findTestObject("11-Cloud Files/h4_MY FILES")): Object: 'Object Repository/11-Cloud Files/h4_MY FILES' is clicked on

2023-01-02 19:09:45 - [MESSAGE][PASSED] - Object: 'Object Repository/11-Cloud Files/h4_MY FILES' is clicked on

2023-01-02 19:09:45 - [TEST_STEP][PASSED] - delay(3): Delayed 3 second(s)

2023-01-02 19:09:48 - [MESSAGE][PASSED] - Delayed 3 second(s)]]></system-out>
         <system-err><![CDATA[]]></system-err>
      </testcase>
      <testcase name="Test Cases/11-Cloud Files/13-Delete a file and folder" time="19.988" classname="Test Cases/11-Cloud Files/13-Delete a file and folder" status="PASSED">
         <system-out><![CDATA[2023-01-02 19:09:48 - [TEST_CASE][PASSED] - Test Cases/11-Cloud Files/13-Delete a file and folder: Test Cases/11-Cloud Files/13-Delete a file and folder

2023-01-02 19:09:50 - [TEST_STEP][PASSED] - rightClick(findTestObject("11-Cloud Files/td_Automation folder EDIT")): Object: 'Object Repository/11-Cloud Files/td_Automation folder EDIT' is right clicked on

2023-01-02 19:09:51 - [MESSAGE][PASSED] - Object: 'Object Repository/11-Cloud Files/td_Automation folder EDIT' is right clicked on

2023-01-02 19:09:51 - [TEST_STEP][PASSED] - click(findTestObject("11-Cloud Files/button_deleteDelete")): Object: 'Object Repository/11-Cloud Files/button_deleteDelete' is clicked on

2023-01-02 19:09:52 - [MESSAGE][PASSED] - Object: 'Object Repository/11-Cloud Files/button_deleteDelete' is clicked on

2023-01-02 19:09:52 - [TEST_STEP][PASSED] - verifyElementVisible(findTestObject("11-Cloud Files/mat-dialog-container_DeleteConfirmationModal")): Object 'Object Repository/11-Cloud Files/mat-dialog-container_DeleteConfirmationModal' is visible

2023-01-02 19:09:53 - [MESSAGE][PASSED] - Object 'Object Repository/11-Cloud Files/mat-dialog-container_DeleteConfirmationModal' is visible

2023-01-02 19:09:53 - [TEST_STEP][PASSED] - click(findTestObject("11-Cloud Files/button_Confirm")): Object: 'Object Repository/11-Cloud Files/button_Confirm' is clicked on

2023-01-02 19:09:54 - [MESSAGE][PASSED] - Object: 'Object Repository/11-Cloud Files/button_Confirm' is clicked on

2023-01-02 19:09:54 - [TEST_STEP][PASSED] - delay(3): Delayed 3 second(s)

2023-01-02 19:09:57 - [MESSAGE][PASSED] - Delayed 3 second(s)

2023-01-02 19:09:57 - [TEST_STEP][PASSED] - rightClick(findTestObject("11-Cloud Files/td_qa EditPeople")): Object: 'Object Repository/11-Cloud Files/td_qa EditPeople' is right clicked on

2023-01-02 19:09:58 - [MESSAGE][PASSED] - Object: 'Object Repository/11-Cloud Files/td_qa EditPeople' is right clicked on

2023-01-02 19:09:58 - [TEST_STEP][PASSED] - click(findTestObject("11-Cloud Files/button_deleteDelete")): Object: 'Object Repository/11-Cloud Files/button_deleteDelete' is clicked on

2023-01-02 19:09:59 - [MESSAGE][PASSED] - Object: 'Object Repository/11-Cloud Files/button_deleteDelete' is clicked on

2023-01-02 19:09:59 - [TEST_STEP][PASSED] - verifyElementVisible(findTestObject("11-Cloud Files/mat-dialog-container_DeleteConfirmationModal")): Object 'Object Repository/11-Cloud Files/mat-dialog-container_DeleteConfirmationModal' is visible

2023-01-02 19:10:00 - [MESSAGE][PASSED] - Object 'Object Repository/11-Cloud Files/mat-dialog-container_DeleteConfirmationModal' is visible

2023-01-02 19:10:00 - [TEST_STEP][PASSED] - click(findTestObject("11-Cloud Files/button_Confirm")): Object: 'Object Repository/11-Cloud Files/button_Confirm' is clicked on

2023-01-02 19:10:00 - [MESSAGE][PASSED] - Object: 'Object Repository/11-Cloud Files/button_Confirm' is clicked on

2023-01-02 19:10:00 - [TEST_STEP][PASSED] - delay(4): Delayed 4 second(s)

2023-01-02 19:10:04 - [MESSAGE][PASSED] - Delayed 4 second(s)

2023-01-02 19:10:04 - [TEST_STEP][PASSED] - closeBrowser(): Browser is closed

2023-01-02 19:10:08 - [MESSAGE][PASSED] - Browser is closed]]></system-out>
         <system-err><![CDATA[]]></system-err>
      </testcase>
      <system-out><![CDATA[2023-01-02 19:01:20 - [TEST_SUITE][PASSED] - 11-Cloud Files: Test Cases/11-Cloud Files/13-Delete a file and folder]]></system-out>
      <system-err><![CDATA[]]></system-err>
   </testsuite>
</testsuites>
