<?xml version="1.0" encoding="UTF-8"?>
<testsuites name="00-Signup and Account Activation" time="133.729" tests="4" failures="0" errors="0">
   <testsuite name="00-Signup and Account Activation" tests="4" failures="0" errors="0" time="133.729" skipped="0" timestamp="2023-04-19 09:59:40" hostname="Mike - LAPTOP-LF5VTH4H" id="Test Suites/TS-Organization/00-Signup and Account Activation">
      <properties>
         <property name="deviceName" value=""/>
         <property name="devicePlatform" value=""/>
         <property name="logFolder" value="D:\\Users\\Michelle\\Project\\Everleagues\\Reports\\20230419_095935\\TS-Organization\\00-Signup and Account Activation\\20230419_095935"/>
         <property name="logFiles" value="D:\\Users\\Michelle\\Project\\Everleagues\\Reports\\20230419_095935\\TS-Organization\\00-Signup and Account Activation\\20230419_095935\\execution0.log"/>
         <property name="attachments" value=""/>
         <property name="hostName" value="Mike - LAPTOP-LF5VTH4H"/>
         <property name="os" value="Windows 10 64bit"/>
         <property name="katalonVersion" value="8.6.0.208"/>
         <property name="browser" value="Chrome 112.0.0.0"/>
         <property name="hostAddress" value="10.100.1.18"/>
         <property name="sessionId" value="8e46139567a26367f16434af3a05c535"/>
         <property name="seleniumVersion" value="3.141.59"/>
         <property name="proxyInformation" value="ProxyInformation { proxyOption=NO_PROXY, proxyServerType=HTTP, username=, password=********, proxyServerAddress=, proxyServerPort=0, executionList=&quot;&quot;, isApplyToDesiredCapabilities=true }"/>
         <property name="platform" value="Windows 10"/>
      </properties>
      <testcase name="Test Cases/00-SignUp and Account Activation/01-Signup(Credentials Blank)" time="37.068" classname="Test Cases/00-SignUp and Account Activation/01-Signup(Credentials Blank)" status="PASSED">
         <system-out><![CDATA[2023-04-19 09:59:41 - [TEST_CASE][PASSED] - Test Cases/00-SignUp and Account Activation/01-Signup(Credentials Blank): Test Cases/00-SignUp and Account Activation/01-Signup(Credentials Blank)

2023-04-19 09:59:41 - [TEST_STEP][PASSED] - openBrowser(""): Browser is opened with url: ''

2023-04-19 09:59:42 - [MESSAGE][INFO] - Starting 'Chrome' driver

2023-04-19 09:59:42 - [MESSAGE][INFO] - Action delay is set to 0 milliseconds

2023-04-19 09:59:47 - [MESSAGE][PASSED] - Browser is opened with url: ''

2023-04-19 09:59:47 - [TEST_STEP][PASSED] - navigateToUrl("https://lab.everleagues.com/"): Navigate to 'https://lab.everleagues.com/' successfully

2023-04-19 10:00:06 - [MESSAGE][PASSED] - Navigate to 'https://lab.everleagues.com/' successfully

2023-04-19 10:00:06 - [TEST_STEP][PASSED] - maximizeWindow(): Current window maximized

2023-04-19 10:00:07 - [MESSAGE][PASSED] - Current window maximized

2023-04-19 10:00:07 - [TEST_STEP][PASSED] - click(findTestObject("00-Signup and Activation/span_Sign up")): Object: 'Object Repository/00-Signup and Activation/span_Sign up' is clicked on

2023-04-19 10:00:08 - [MESSAGE][PASSED] - Object: 'Object Repository/00-Signup and Activation/span_Sign up' is clicked on

2023-04-19 10:00:08 - [TEST_STEP][PASSED] - delay(3): Delayed 3 second(s)

2023-04-19 10:00:11 - [MESSAGE][PASSED] - Delayed 3 second(s)

2023-04-19 10:00:11 - [TEST_STEP][PASSED] - verifyElementVisible(findTestObject("00-Signup and Activation/div_Already have an account Log In")): Object 'Object Repository/00-Signup and Activation/div_Already have an account Log In' is visible

2023-04-19 10:00:11 - [MESSAGE][PASSED] - Object 'Object Repository/00-Signup and Activation/div_Already have an account Log In' is visible

2023-04-19 10:00:11 - [TEST_STEP][PASSED] - delay(3): Delayed 3 second(s)

2023-04-19 10:00:14 - [MESSAGE][PASSED] - Delayed 3 second(s)

2023-04-19 10:00:14 - [TEST_STEP][PASSED] - verifyElementNotClickable(findTestObject("00-Signup and Activation/button_Sign up")): Object 'Object Repository/00-Signup and Activation/button_Sign up' is NOT clickable

2023-04-19 10:00:15 - [MESSAGE][PASSED] - Object 'Object Repository/00-Signup and Activation/button_Sign up' is NOT clickable

2023-04-19 10:00:15 - [TEST_STEP][PASSED] - delay(3): Delayed 3 second(s)

2023-04-19 10:00:18 - [MESSAGE][PASSED] - Delayed 3 second(s)]]></system-out>
         <system-err><![CDATA[]]></system-err>
      </testcase>
      <testcase name="Test Cases/00-SignUp and Account Activation/02-Signup(Wrong email)" time="17.097" classname="Test Cases/00-SignUp and Account Activation/02-Signup(Wrong email)" status="PASSED">
         <system-out><![CDATA[2023-04-19 10:00:18 - [TEST_CASE][PASSED] - Test Cases/00-SignUp and Account Activation/02-Signup(Wrong email): Test Cases/00-SignUp and Account Activation/02-Signup(Wrong email)

2023-04-19 10:00:18 - [TEST_STEP][PASSED] - delay(3): Delayed 3 second(s)

2023-04-19 10:00:21 - [MESSAGE][PASSED] - Delayed 3 second(s)

2023-04-19 10:00:21 - [TEST_STEP][PASSED] - setText(findTestObject("00-Signup and Activation/input_Email"), "QATESTinvalidemailformat"): Text 'QATESTinvalidemailformat' is set on object 'Object Repository/00-Signup and Activation/input_Email'

2023-04-19 10:00:23 - [MESSAGE][PASSED] - Text 'QATESTinvalidemailformat' is set on object 'Object Repository/00-Signup and Activation/input_Email'

2023-04-19 10:00:23 - [TEST_STEP][PASSED] - delay(2): Delayed 2 second(s)

2023-04-19 10:00:25 - [MESSAGE][PASSED] - Delayed 2 second(s)

2023-04-19 10:00:25 - [TEST_STEP][PASSED] - click(findTestObject("00-Signup and Activation/input_firstName")): Object: 'Object Repository/00-Signup and Activation/input_firstName' is clicked on

2023-04-19 10:00:26 - [MESSAGE][PASSED] - Object: 'Object Repository/00-Signup and Activation/input_firstName' is clicked on

2023-04-19 10:00:26 - [TEST_STEP][PASSED] - verifyElementPresent(findTestObject("00-Signup and Activation/error_valid email is required"), 0): Object 'Object Repository/00-Signup and Activation/error_valid email is required' is present

2023-04-19 10:00:26 - [MESSAGE][WARNING] - Timeout '0' is invalid. Using default page load timeout: '30'

2023-04-19 10:00:26 - [MESSAGE][PASSED] - Object 'Object Repository/00-Signup and Activation/error_valid email is required' is present

2023-04-19 10:00:26 - [TEST_STEP][PASSED] - delay(2): Delayed 2 second(s)

2023-04-19 10:00:28 - [MESSAGE][PASSED] - Delayed 2 second(s)

2023-04-19 10:00:28 - [TEST_STEP][PASSED] - setText(findTestObject("00-Signup and Activation/input_Email"), "testuser01@mailinator.com"): Text 'testuser01@mailinator.com' is set on object 'Object Repository/00-Signup and Activation/input_Email'

2023-04-19 10:00:29 - [MESSAGE][PASSED] - Text 'testuser01@mailinator.com' is set on object 'Object Repository/00-Signup and Activation/input_Email'

2023-04-19 10:00:29 - [TEST_STEP][PASSED] - delay(2): Delayed 2 second(s)

2023-04-19 10:00:31 - [MESSAGE][PASSED] - Delayed 2 second(s)

2023-04-19 10:00:31 - [TEST_STEP][PASSED] - click(findTestObject("00-Signup and Activation/input_firstName")): Object: 'Object Repository/00-Signup and Activation/input_firstName' is clicked on

2023-04-19 10:00:32 - [MESSAGE][PASSED] - Object: 'Object Repository/00-Signup and Activation/input_firstName' is clicked on

2023-04-19 10:00:32 - [TEST_STEP][PASSED] - verifyElementVisible(findTestObject("00-Signup and Activation/error_email already exists")): Object 'Object Repository/00-Signup and Activation/error_email already exists' is visible

2023-04-19 10:00:33 - [MESSAGE][PASSED] - Object 'Object Repository/00-Signup and Activation/error_email already exists' is visible

2023-04-19 10:00:33 - [TEST_STEP][PASSED] - delay(2): Delayed 2 second(s)

2023-04-19 10:00:35 - [MESSAGE][PASSED] - Delayed 2 second(s)]]></system-out>
         <system-err><![CDATA[]]></system-err>
      </testcase>
      <testcase name="Test Cases/00-SignUp and Account Activation/03-Signup(Correct Details)" time="47.135" classname="Test Cases/00-SignUp and Account Activation/03-Signup(Correct Details)" status="PASSED">
         <system-out><![CDATA[2023-04-19 10:00:35 - [TEST_CASE][PASSED] - Test Cases/00-SignUp and Account Activation/03-Signup(Correct Details): Test Cases/00-SignUp and Account Activation/03-Signup(Correct Details)

2023-04-19 10:00:35 - [TEST_STEP][PASSED] - delay(2): Delayed 2 second(s)

2023-04-19 10:00:37 - [MESSAGE][PASSED] - Delayed 2 second(s)

2023-04-19 10:00:37 - [TEST_STEP][PASSED] - setText(findTestObject("00-Signup and Activation/input_Email"), "autotester1094@mailinator.com"): Text 'autotester1094@mailinator.com' is set on object 'Object Repository/00-Signup and Activation/input_Email'

2023-04-19 10:00:38 - [MESSAGE][PASSED] - Text 'autotester1094@mailinator.com' is set on object 'Object Repository/00-Signup and Activation/input_Email'

2023-04-19 10:00:38 - [TEST_STEP][PASSED] - setText(findTestObject("00-Signup and Activation/input_firstName"), "GG"): Text 'GG' is set on object 'Object Repository/00-Signup and Activation/input_firstName'

2023-04-19 10:00:40 - [MESSAGE][PASSED] - Text 'GG' is set on object 'Object Repository/00-Signup and Activation/input_firstName'

2023-04-19 10:00:40 - [TEST_STEP][PASSED] - setText(findTestObject("00-Signup and Activation/input_lastName"), "tester"): Text 'tester' is set on object 'Object Repository/00-Signup and Activation/input_lastName'

2023-04-19 10:00:41 - [MESSAGE][PASSED] - Text 'tester' is set on object 'Object Repository/00-Signup and Activation/input_lastName'

2023-04-19 10:00:41 - [TEST_STEP][PASSED] - delay(2): Delayed 2 second(s)

2023-04-19 10:00:43 - [MESSAGE][PASSED] - Delayed 2 second(s)

2023-04-19 10:00:43 - [TEST_STEP][PASSED] - click(findTestObject("Object Repository/00-Signup and Activation/button_Sign up")): Object: 'Object Repository/00-Signup and Activation/button_Sign up' is clicked on

2023-04-19 10:00:44 - [MESSAGE][PASSED] - Object: 'Object Repository/00-Signup and Activation/button_Sign up' is clicked on

2023-04-19 10:00:44 - [TEST_STEP][PASSED] - delay(2): Delayed 2 second(s)

2023-04-19 10:00:46 - [MESSAGE][PASSED] - Delayed 2 second(s)

2023-04-19 10:00:46 - [TEST_STEP][PASSED] - executeJavaScript("window.open();", []): Execute JavaScript 'window.open();' successfully

2023-04-19 10:00:46 - [MESSAGE][PASSED] - Execute JavaScript 'window.open();' successfully

2023-04-19 10:00:46 - [TEST_STEP][PASSED] - currentWindow = getWindowIndex(): Current window's index is: 0

2023-04-19 10:00:46 - [MESSAGE][PASSED] - Current window's index is: 0

2023-04-19 10:00:46 - [TEST_STEP][PASSED] - delay(3): Delayed 3 second(s)

2023-04-19 10:00:49 - [MESSAGE][PASSED] - Delayed 3 second(s)

2023-04-19 10:00:49 - [TEST_STEP][PASSED] - switchToWindowIndex(currentWindow + 1): Switched to window with index: '1'

2023-04-19 10:00:49 - [MESSAGE][PASSED] - Switched to window with index: '1'

2023-04-19 10:00:49 - [TEST_STEP][PASSED] - navigateToUrl("https://www.mailinator.com/"): Navigate to 'https://www.mailinator.com/' successfully

2023-04-19 10:00:52 - [MESSAGE][PASSED] - Navigate to 'https://www.mailinator.com/' successfully

2023-04-19 10:00:52 - [TEST_STEP][PASSED] - delay(3): Delayed 3 second(s)

2023-04-19 10:00:55 - [MESSAGE][PASSED] - Delayed 3 second(s)

2023-04-19 10:00:55 - [TEST_STEP][PASSED] - setText(findTestObject("00-Signup and Activation/zMailinator/input_LOGIN_search"), "autotester1094@mailinator.com"): Text 'autotester1094@mailinator.com' is set on object 'Object Repository/00-Signup and Activation/zMailinator/input_LOGIN_search'

2023-04-19 10:00:55 - [MESSAGE][PASSED] - Text 'autotester1094@mailinator.com' is set on object 'Object Repository/00-Signup and Activation/zMailinator/input_LOGIN_search'

2023-04-19 10:00:55 - [TEST_STEP][PASSED] - click(findTestObject("00-Signup and Activation/zMailinator/gobutton"), STOP_ON_FAILURE): Object: 'Object Repository/00-Signup and Activation/zMailinator/gobutton' is clicked on

2023-04-19 10:00:58 - [MESSAGE][PASSED] - Object: 'Object Repository/00-Signup and Activation/zMailinator/gobutton' is clicked on

2023-04-19 10:00:58 - [TEST_STEP][PASSED] - delay(3): Delayed 3 second(s)

2023-04-19 10:01:01 - [MESSAGE][PASSED] - Delayed 3 second(s)

2023-04-19 10:01:01 - [TEST_STEP][PASSED] - click(findTestObject("00-Signup and Activation/zMailinator/Email - everleagues")): Object: 'Object Repository/00-Signup and Activation/zMailinator/Email - everleagues' is clicked on

2023-04-19 10:01:01 - [MESSAGE][PASSED] - Object: 'Object Repository/00-Signup and Activation/zMailinator/Email - everleagues' is clicked on

2023-04-19 10:01:01 - [TEST_STEP][PASSED] - delay(3): Delayed 3 second(s)

2023-04-19 10:01:04 - [MESSAGE][PASSED] - Delayed 3 second(s)

2023-04-19 10:01:04 - [TEST_STEP][PASSED] - code = getText(findTestObject("Object Repository/06-Teams/For 2FA/2FA code")): Text of object 'Object Repository/06-Teams/For 2FA/2FA code' is: '172283'

2023-04-19 10:01:05 - [MESSAGE][PASSED] - Text of object 'Object Repository/06-Teams/For 2FA/2FA code' is: '172283'

2023-04-19 10:01:05 - [TEST_STEP][PASSED] - delay(3): Delayed 3 second(s)

2023-04-19 10:01:08 - [MESSAGE][PASSED] - Delayed 3 second(s)

2023-04-19 10:01:08 - [TEST_STEP][PASSED] - closeWindowTitle("Mailinator"): Window with title: 'Mailinator' is closed

2023-04-19 10:01:08 - [MESSAGE][PASSED] - Window with title: 'Mailinator' is closed

2023-04-19 10:01:08 - [TEST_STEP][PASSED] - delay(3): Delayed 3 second(s)

2023-04-19 10:01:11 - [MESSAGE][PASSED] - Delayed 3 second(s)

2023-04-19 10:01:11 - [TEST_STEP][PASSED] - switchToWindowIndex(0): Switched to window with index: '0'

2023-04-19 10:01:11 - [MESSAGE][PASSED] - Switched to window with index: '0'

2023-04-19 10:01:11 - [TEST_STEP][PASSED] - delay(3): Delayed 3 second(s)

2023-04-19 10:01:14 - [MESSAGE][PASSED] - Delayed 3 second(s)

2023-04-19 10:01:14 - [TEST_STEP][PASSED] - setText(findTestObject("Object Repository/06-Teams/For 2FA/input_Enter verification code_code"), code): Text '172283' is set on object 'Object Repository/06-Teams/For 2FA/input_Enter verification code_code'

2023-04-19 10:01:15 - [MESSAGE][PASSED] - Text '172283' is set on object 'Object Repository/06-Teams/For 2FA/input_Enter verification code_code'

2023-04-19 10:01:15 - [TEST_STEP][PASSED] - delay(3): Delayed 3 second(s)

2023-04-19 10:01:18 - [MESSAGE][PASSED] - Delayed 3 second(s)

2023-04-19 10:01:18 - [TEST_STEP][PASSED] - click(findTestObject("06-Teams/For 2FA/button_Verify_2FA")): Object: 'Object Repository/06-Teams/For 2FA/button_Verify_2FA' is clicked on

2023-04-19 10:01:19 - [MESSAGE][PASSED] - Object: 'Object Repository/06-Teams/For 2FA/button_Verify_2FA' is clicked on

2023-04-19 10:01:19 - [TEST_STEP][PASSED] - delay(3): Delayed 3 second(s)

2023-04-19 10:01:22 - [MESSAGE][PASSED] - Delayed 3 second(s)]]></system-out>
         <system-err><![CDATA[]]></system-err>
      </testcase>
      <testcase name="Test Cases/00-SignUp and Account Activation/04-Set password" time="31.98" classname="Test Cases/00-SignUp and Account Activation/04-Set password" status="PASSED">
         <system-out><![CDATA[2023-04-19 10:01:22 - [TEST_CASE][PASSED] - Test Cases/00-SignUp and Account Activation/04-Set password: Test Cases/00-SignUp and Account Activation/04-Set password

2023-04-19 10:01:23 - [TEST_STEP][PASSED] - delay(2): Delayed 2 second(s)

2023-04-19 10:01:25 - [MESSAGE][PASSED] - Delayed 2 second(s)

2023-04-19 10:01:25 - [TEST_STEP][PASSED] - setEncryptedText(findTestObject("00-Signup and Activation/input_password"), "8yFRyszE6U6jvsCn51OQbg==", STOP_ON_FAILURE): Text ****** has been set on object 'Object Repository/00-Signup and Activation/input_password'

2023-04-19 10:01:25 - [MESSAGE][PASSED] - Text ****** has been set on object 'Object Repository/00-Signup and Activation/input_password'

2023-04-19 10:01:25 - [TEST_STEP][PASSED] - setEncryptedText(findTestObject("00-Signup and Activation/input_ConfirmPassword"), "8yFRyszE6U6jvsCn51OQbg==", STOP_ON_FAILURE): Text ****** has been set on object 'Object Repository/00-Signup and Activation/input_ConfirmPassword'

2023-04-19 10:01:26 - [MESSAGE][PASSED] - Text ****** has been set on object 'Object Repository/00-Signup and Activation/input_ConfirmPassword'

2023-04-19 10:01:26 - [TEST_STEP][PASSED] - delay(2): Delayed 2 second(s)

2023-04-19 10:01:28 - [MESSAGE][PASSED] - Delayed 2 second(s)

2023-04-19 10:01:28 - [TEST_STEP][PASSED] - click(findTestObject("00-Signup and Activation/show pass")): Object: 'Object Repository/00-Signup and Activation/show pass' is clicked on

2023-04-19 10:01:29 - [MESSAGE][PASSED] - Object: 'Object Repository/00-Signup and Activation/show pass' is clicked on

2023-04-19 10:01:29 - [TEST_STEP][PASSED] - click(findTestObject("00-Signup and Activation/show confirm pass")): Object: 'Object Repository/00-Signup and Activation/show confirm pass' is clicked on

2023-04-19 10:01:30 - [MESSAGE][PASSED] - Object: 'Object Repository/00-Signup and Activation/show confirm pass' is clicked on

2023-04-19 10:01:30 - [TEST_STEP][PASSED] - delay(2): Delayed 2 second(s)

2023-04-19 10:01:32 - [MESSAGE][PASSED] - Delayed 2 second(s)

2023-04-19 10:01:32 - [TEST_STEP][PASSED] - check(findTestObject("00-Signup and Activation/div_checkbox")): Object 'Object Repository/00-Signup and Activation/div_checkbox' is checked

2023-04-19 10:01:33 - [MESSAGE][PASSED] - Object 'Object Repository/00-Signup and Activation/div_checkbox' is checked

2023-04-19 10:01:33 - [TEST_STEP][PASSED] - delay(2): Delayed 2 second(s)

2023-04-19 10:01:35 - [MESSAGE][PASSED] - Delayed 2 second(s)

2023-04-19 10:01:35 - [TEST_STEP][PASSED] - click(findTestObject("00-Signup and Activation/button_Confirm")): Object: 'Object Repository/00-Signup and Activation/button_Confirm' is clicked on

2023-04-19 10:01:35 - [MESSAGE][PASSED] - Object: 'Object Repository/00-Signup and Activation/button_Confirm' is clicked on

2023-04-19 10:01:35 - [TEST_STEP][PASSED] - delay(5): Delayed 5 second(s)

2023-04-19 10:01:40 - [MESSAGE][PASSED] - Delayed 5 second(s)

2023-04-19 10:01:40 - [TEST_STEP][PASSED] - verifyElementVisible(findTestObject("00-Signup and Activation/h4_Welcome to Everleagues")): Object 'Object Repository/00-Signup and Activation/h4_Welcome to Everleagues' is visible

2023-04-19 10:01:46 - [MESSAGE][PASSED] - Object 'Object Repository/00-Signup and Activation/h4_Welcome to Everleagues' is visible

2023-04-19 10:01:46 - [TEST_STEP][PASSED] - verifyElementVisible(findTestObject("00-Signup and Activation/span_CREATE A BUSINESS ORGANIZATION")): Object 'Object Repository/00-Signup and Activation/span_CREATE A BUSINESS ORGANIZATION' is visible

2023-04-19 10:01:47 - [MESSAGE][PASSED] - Object 'Object Repository/00-Signup and Activation/span_CREATE A BUSINESS ORGANIZATION' is visible

2023-04-19 10:01:47 - [TEST_STEP][PASSED] - verifyElementVisible(findTestObject("00-Signup and Activation/span_INVITE FRIENDS  FAMILY")): Object 'Object Repository/00-Signup and Activation/span_INVITE FRIENDS  FAMILY' is visible

2023-04-19 10:01:47 - [MESSAGE][PASSED] - Object 'Object Repository/00-Signup and Activation/span_INVITE FRIENDS  FAMILY' is visible

2023-04-19 10:01:47 - [TEST_STEP][PASSED] - delay(3): Delayed 3 second(s)

2023-04-19 10:01:50 - [MESSAGE][PASSED] - Delayed 3 second(s)

2023-04-19 10:01:50 - [TEST_STEP][PASSED] - click(findTestObject("00-Signup and Activation/button_DO THIS LATER")): Object: 'Object Repository/00-Signup and Activation/button_DO THIS LATER' is clicked on

2023-04-19 10:01:51 - [MESSAGE][PASSED] - Object: 'Object Repository/00-Signup and Activation/button_DO THIS LATER' is clicked on

2023-04-19 10:01:51 - [TEST_STEP][PASSED] - delay(2): Delayed 2 second(s)

2023-04-19 10:01:53 - [MESSAGE][PASSED] - Delayed 2 second(s)

2023-04-19 10:01:53 - [TEST_STEP][PASSED] - closeBrowser(): Browser is closed

2023-04-19 10:01:54 - [MESSAGE][PASSED] - Browser is closed]]></system-out>
         <system-err><![CDATA[]]></system-err>
      </testcase>
      <system-out><![CDATA[2023-04-19 09:59:40 - [TEST_SUITE][PASSED] - 00-Signup and Account Activation: Test Cases/00-SignUp and Account Activation/04-Set password]]></system-out>
      <system-err><![CDATA[]]></system-err>
   </testsuite>
</testsuites>
