<?xml version="1.0" encoding="UTF-8"?>
<testsuites name="09.4 - Settings (Organization unit)" time="487.231" tests="4" failures="2" errors="0">
   <testsuite name="09.4 - Settings (Organization unit)" tests="4" failures="2" errors="0" time="487.231" skipped="0" timestamp="2023-02-23 13:25:56" hostname="asus - DESKTOP-3L3J9C1" id="Test Suites/TS-Organization/09.4 - Settings (Organization unit)">
      <properties>
         <property name="deviceName" value=""/>
         <property name="devicePlatform" value=""/>
         <property name="logFolder" value="C:\\Users\\asus\\Katalon Studio\\Everleagues\\Everleagues\\Reports\\20230223_132541\\TS-Organization\\09.4 - Settings (Organization unit)\\20230223_132541"/>
         <property name="logFiles" value="C:\\Users\\asus\\Katalon Studio\\Everleagues\\Everleagues\\Reports\\20230223_132541\\TS-Organization\\09.4 - Settings (Organization unit)\\20230223_132541\\execution0.log"/>
         <property name="attachments" value="C:\\Users\\asus\\Katalon Studio\\Everleagues\\Everleagues\\Reports\\20230223_132541\\TS-Organization\\09.4 - Settings (Organization unit)\\20230223_132541\\1677130405822.png, C:\\Users\\asus\\Katalon Studio\\Everleagues\\Everleagues\\Reports\\20230223_132541\\TS-Organization\\09.4 - Settings (Organization unit)\\20230223_132541\\1677130443775.png"/>
         <property name="hostName" value="asus - DESKTOP-3L3J9C1"/>
         <property name="os" value="Windows 10 64bit"/>
         <property name="katalonVersion" value="8.4.1.208"/>
         <property name="browser" value="Chrome 110.0.0.0"/>
         <property name="hostAddress" value="10.100.1.128"/>
         <property name="sessionId" value="9dde9ab4847c545ac1a8c81cca48230a"/>
         <property name="seleniumVersion" value="3.141.59"/>
         <property name="proxyInformation" value="ProxyInformation { proxyOption=NO_PROXY, proxyServerType=HTTP, username=, password=********, proxyServerAddress=, proxyServerPort=0, executionList=&quot;&quot;, isApplyToDesiredCapabilities=true }"/>
         <property name="platform" value="Windows 10"/>
      </properties>
      <testcase name="Test Cases/09-Settings/19 - Organization unit - Add Organization unit" time="332.022" classname="Test Cases/09-Settings/19 - Organization unit - Add Organization unit" status="PASSED">
         <system-out><![CDATA[2023-02-23 13:25:58 - [TEST_CASE][PASSED] - Test Cases/09-Settings/19 - Organization unit - Add Organization unit: Test Cases/09-Settings/19 - Organization unit - Add Organization unit

2023-02-23 13:26:00 - [TEST_STEP][PASSED] - openBrowser(""): Browser is opened with url: ''

2023-02-23 13:26:04 - [MESSAGE][INFO] - Starting 'Chrome' driver

2023-02-23 13:26:04 - [MESSAGE][INFO] - Action delay is set to 0 milliseconds

2023-02-23 13:26:19 - [MESSAGE][PASSED] - Browser is opened with url: ''

2023-02-23 13:26:19 - [TEST_STEP][PASSED] - navigateToUrl("https://lab.everleagues.com/"): Navigate to 'https://lab.everleagues.com/' successfully

2023-02-23 13:28:46 - [MESSAGE][PASSED] - Navigate to 'https://lab.everleagues.com/' successfully

2023-02-23 13:28:46 - [TEST_STEP][PASSED] - maximizeWindow(): Current window maximized

2023-02-23 13:28:47 - [MESSAGE][PASSED] - Current window maximized

2023-02-23 13:28:47 - [TEST_STEP][PASSED] - callTestCase(findTestCase("01-Login and Forgot Password/04-Login(Valid Credentials-With Subscription)"), [:], STOP_ON_FAILURE): Call Test Case 'Test Cases/01-Login and Forgot Password/04-Login(Valid Credentials-With Subscription)' successfully

2023-02-23 13:28:48 - [TEST_CASE][PASSED] - Test Cases/01-Login and Forgot Password/04-Login(Valid Credentials-With Subscription): Test Cases/01-Login and Forgot Password/04-Login(Valid Credentials-With Subscription)

2023-02-23 13:28:52 - [TEST_STEP][PASSED] - setText(findTestObject("01-Login and Forgot Password/input_Email_email"), "testuser02@mailinator.com"): Text 'testuser02@mailinator.com' is set on object 'Object Repository/01-Login and Forgot Password/input_Email_email'

2023-02-23 13:28:56 - [MESSAGE][PASSED] - Text 'testuser02@mailinator.com' is set on object 'Object Repository/01-Login and Forgot Password/input_Email_email'

2023-02-23 13:28:56 - [TEST_STEP][PASSED] - setEncryptedText(findTestObject("01-Login and Forgot Password/input_Email_password"), "8yFRyszE6U6jvsCn51OQbg=="): Text ****** has been set on object 'Object Repository/01-Login and Forgot Password/input_Email_password'

2023-02-23 13:28:57 - [MESSAGE][PASSED] - Text ****** has been set on object 'Object Repository/01-Login and Forgot Password/input_Email_password'

2023-02-23 13:28:57 - [TEST_STEP][PASSED] - delay(2): Delayed 2 second(s)

2023-02-23 13:28:59 - [MESSAGE][PASSED] - Delayed 2 second(s)

2023-02-23 13:28:59 - [TEST_STEP][PASSED] - click(findTestObject("01-Login and Forgot Password/show pass button")): Object: 'Object Repository/01-Login and Forgot Password/show pass button' is clicked on

2023-02-23 13:29:01 - [MESSAGE][PASSED] - Object: 'Object Repository/01-Login and Forgot Password/show pass button' is clicked on

2023-02-23 13:29:01 - [TEST_STEP][PASSED] - delay(3): Delayed 3 second(s)

2023-02-23 13:29:04 - [MESSAGE][PASSED] - Delayed 3 second(s)

2023-02-23 13:29:04 - [TEST_STEP][PASSED] - click(findTestObject("01-Login and Forgot Password/button_Sign in")): Object: 'Object Repository/01-Login and Forgot Password/button_Sign in' is clicked on

2023-02-23 13:29:07 - [MESSAGE][PASSED] - Object: 'Object Repository/01-Login and Forgot Password/button_Sign in' is clicked on

2023-02-23 13:29:07 - [TEST_STEP][PASSED] - delay(3): Delayed 3 second(s)

2023-02-23 13:29:10 - [MESSAGE][PASSED] - Delayed 3 second(s)

2023-02-23 13:29:10 - [TEST_STEP][PASSED] - click(findTestObject("06-Teams/For 2FA/button_Confirm_2FA")): Object: 'Object Repository/06-Teams/For 2FA/button_Confirm_2FA' is clicked on

2023-02-23 13:29:13 - [MESSAGE][PASSED] - Object: 'Object Repository/06-Teams/For 2FA/button_Confirm_2FA' is clicked on

2023-02-23 13:29:13 - [TEST_STEP][PASSED] - executeJavaScript("window.open();", []): Execute JavaScript 'window.open();' successfully

2023-02-23 13:29:14 - [MESSAGE][PASSED] - Execute JavaScript 'window.open();' successfully

2023-02-23 13:29:14 - [TEST_STEP][PASSED] - currentWindow = getWindowIndex(): Current window's index is: 0

2023-02-23 13:29:14 - [MESSAGE][PASSED] - Current window's index is: 0

2023-02-23 13:29:14 - [TEST_STEP][PASSED] - delay(3): Delayed 3 second(s)

2023-02-23 13:29:17 - [MESSAGE][PASSED] - Delayed 3 second(s)

2023-02-23 13:29:17 - [TEST_STEP][PASSED] - switchToWindowIndex(currentWindow + 1): Switched to window with index: '1'

2023-02-23 13:29:17 - [MESSAGE][PASSED] - Switched to window with index: '1'

2023-02-23 13:29:17 - [TEST_STEP][PASSED] - navigateToUrl("https://www.mailinator.com/"): Navigate to 'https://www.mailinator.com/' successfully

2023-02-23 13:29:25 - [MESSAGE][PASSED] - Navigate to 'https://www.mailinator.com/' successfully

2023-02-23 13:29:25 - [TEST_STEP][PASSED] - delay(3): Delayed 3 second(s)

2023-02-23 13:29:28 - [MESSAGE][PASSED] - Delayed 3 second(s)

2023-02-23 13:29:28 - [TEST_STEP][PASSED] - setText(findTestObject("00-Signup and Activation/zMailinator/input_LOGIN_search"), "testuser02@mailinator.com"): Text 'testuser02@mailinator.com' is set on object 'Object Repository/00-Signup and Activation/zMailinator/input_LOGIN_search'

2023-02-23 13:29:30 - [MESSAGE][PASSED] - Text 'testuser02@mailinator.com' is set on object 'Object Repository/00-Signup and Activation/zMailinator/input_LOGIN_search'

2023-02-23 13:29:30 - [TEST_STEP][PASSED] - click(findTestObject("00-Signup and Activation/zMailinator/gobutton"), STOP_ON_FAILURE): Object: 'Object Repository/00-Signup and Activation/zMailinator/gobutton' is clicked on

2023-02-23 13:29:34 - [MESSAGE][PASSED] - Object: 'Object Repository/00-Signup and Activation/zMailinator/gobutton' is clicked on

2023-02-23 13:29:34 - [TEST_STEP][PASSED] - delay(3): Delayed 3 second(s)

2023-02-23 13:29:37 - [MESSAGE][PASSED] - Delayed 3 second(s)

2023-02-23 13:29:37 - [TEST_STEP][PASSED] - click(findTestObject("00-Signup and Activation/zMailinator/Email - everleagues")): Object: 'Object Repository/00-Signup and Activation/zMailinator/Email - everleagues' is clicked on

2023-02-23 13:29:38 - [MESSAGE][PASSED] - Object: 'Object Repository/00-Signup and Activation/zMailinator/Email - everleagues' is clicked on

2023-02-23 13:29:38 - [TEST_STEP][PASSED] - delay(3): Delayed 3 second(s)

2023-02-23 13:29:41 - [MESSAGE][PASSED] - Delayed 3 second(s)

2023-02-23 13:29:41 - [TEST_STEP][PASSED] - code = getText(findTestObject("Object Repository/06-Teams/For 2FA/2FA code")): Text of object 'Object Repository/06-Teams/For 2FA/2FA code' is: '280629'

2023-02-23 13:29:42 - [MESSAGE][PASSED] - Text of object 'Object Repository/06-Teams/For 2FA/2FA code' is: '280629'

2023-02-23 13:29:42 - [TEST_STEP][PASSED] - delay(3): Delayed 3 second(s)

2023-02-23 13:29:45 - [MESSAGE][PASSED] - Delayed 3 second(s)

2023-02-23 13:29:45 - [TEST_STEP][PASSED] - closeWindowTitle("Mailinator"): Window with title: 'Mailinator' is closed

2023-02-23 13:29:46 - [MESSAGE][PASSED] - Window with title: 'Mailinator' is closed

2023-02-23 13:29:46 - [TEST_STEP][PASSED] - delay(3): Delayed 3 second(s)

2023-02-23 13:29:49 - [MESSAGE][PASSED] - Delayed 3 second(s)

2023-02-23 13:29:49 - [TEST_STEP][PASSED] - switchToWindowIndex(0): Switched to window with index: '0'

2023-02-23 13:29:49 - [MESSAGE][PASSED] - Switched to window with index: '0'

2023-02-23 13:29:49 - [TEST_STEP][PASSED] - delay(3): Delayed 3 second(s)

2023-02-23 13:29:52 - [MESSAGE][PASSED] - Delayed 3 second(s)

2023-02-23 13:29:52 - [TEST_STEP][PASSED] - setText(findTestObject("Object Repository/06-Teams/For 2FA/input_Enter verification code_code"), code): Text '280629' is set on object 'Object Repository/06-Teams/For 2FA/input_Enter verification code_code'

2023-02-23 13:29:54 - [MESSAGE][PASSED] - Text '280629' is set on object 'Object Repository/06-Teams/For 2FA/input_Enter verification code_code'

2023-02-23 13:29:54 - [TEST_STEP][PASSED] - delay(3): Delayed 3 second(s)

2023-02-23 13:29:57 - [MESSAGE][PASSED] - Delayed 3 second(s)

2023-02-23 13:29:57 - [TEST_STEP][PASSED] - click(findTestObject("06-Teams/For 2FA/button_Verify_2FA")): Object: 'Object Repository/06-Teams/For 2FA/button_Verify_2FA' is clicked on

2023-02-23 13:29:58 - [MESSAGE][PASSED] - Object: 'Object Repository/06-Teams/For 2FA/button_Verify_2FA' is clicked on

2023-02-23 13:29:58 - [TEST_STEP][PASSED] - delay(3): Delayed 3 second(s)

2023-02-23 13:30:01 - [MESSAGE][PASSED] - Delayed 3 second(s)

2023-02-23 13:30:01 - [MESSAGE][PASSED] - Call Test Case 'Test Cases/01-Login and Forgot Password/04-Login(Valid Credentials-With Subscription)' successfully

2023-02-23 13:30:01 - [TEST_STEP][PASSED] - click(findTestObject("06-Teams/button_doublearrow")): Object: 'Object Repository/06-Teams/button_doublearrow' is clicked on

2023-02-23 13:30:19 - [MESSAGE][PASSED] - Object: 'Object Repository/06-Teams/button_doublearrow' is clicked on

2023-02-23 13:30:19 - [TEST_STEP][PASSED] - click(findTestObject("06-Teams/button_My Organizations")): Object: 'Object Repository/06-Teams/button_My Organizations' is clicked on

2023-02-23 13:30:20 - [MESSAGE][PASSED] - Object: 'Object Repository/06-Teams/button_My Organizations' is clicked on

2023-02-23 13:30:20 - [TEST_STEP][PASSED] - click(findTestObject("06-Teams/button_GG Automation")): Object: 'Object Repository/06-Teams/button_GG Automation' is clicked on

2023-02-23 13:30:21 - [MESSAGE][PASSED] - Object: 'Object Repository/06-Teams/button_GG Automation' is clicked on

2023-02-23 13:30:21 - [TEST_STEP][PASSED] - delay(3): Delayed 3 second(s)

2023-02-23 13:30:24 - [MESSAGE][PASSED] - Delayed 3 second(s)

2023-02-23 13:30:24 - [TEST_STEP][PASSED] - verifyElementVisible(findTestObject("06-Teams/span_GG Automation")): Object 'Object Repository/06-Teams/span_GG Automation' is visible

2023-02-23 13:30:25 - [MESSAGE][PASSED] - Object 'Object Repository/06-Teams/span_GG Automation' is visible

2023-02-23 13:30:25 - [TEST_STEP][PASSED] - delay(4): Delayed 4 second(s)

2023-02-23 13:30:29 - [MESSAGE][PASSED] - Delayed 4 second(s)

2023-02-23 13:30:29 - [TEST_STEP][PASSED] - click(findTestObject("03-Header Menu/Hamburger Button/div_Settings")): Object: 'Object Repository/03-Header Menu/Hamburger Button/div_Settings' is clicked on

2023-02-23 13:30:30 - [MESSAGE][PASSED] - Object: 'Object Repository/03-Header Menu/Hamburger Button/div_Settings' is clicked on

2023-02-23 13:30:30 - [TEST_STEP][PASSED] - delay(3): Delayed 3 second(s)

2023-02-23 13:30:33 - [MESSAGE][PASSED] - Delayed 3 second(s)

2023-02-23 13:30:33 - [TEST_STEP][PASSED] - scrollToElement(findTestObject("09-Settings/Users/div_Organization Units"), 0): Scroll to object 'Object Repository/09-Settings/Users/div_Organization Units' successfully

2023-02-23 13:30:33 - [MESSAGE][WARNING] - Timeout '0' is invalid. Using default page load timeout: '30'

2023-02-23 13:30:34 - [MESSAGE][PASSED] - Scroll to object 'Object Repository/09-Settings/Users/div_Organization Units' successfully

2023-02-23 13:30:34 - [TEST_STEP][PASSED] - click(findTestObject("09-Settings/Users/div_Organization Units")): Object: 'Object Repository/09-Settings/Users/div_Organization Units' is clicked on

2023-02-23 13:30:36 - [MESSAGE][PASSED] - Object: 'Object Repository/09-Settings/Users/div_Organization Units' is clicked on

2023-02-23 13:30:36 - [TEST_STEP][PASSED] - verifyElementVisible(findTestObject("09-Settings/Organization unit/h4_ORGANIZATION STRUCTURE SETUP")): Object 'Object Repository/09-Settings/Organization unit/h4_ORGANIZATION STRUCTURE SETUP' is visible

2023-02-23 13:30:37 - [MESSAGE][PASSED] - Object 'Object Repository/09-Settings/Organization unit/h4_ORGANIZATION STRUCTURE SETUP' is visible

2023-02-23 13:30:37 - [TEST_STEP][PASSED] - delay(3): Delayed 3 second(s)

2023-02-23 13:30:40 - [MESSAGE][PASSED] - Delayed 3 second(s)

2023-02-23 13:30:40 - [TEST_STEP][PASSED] - click(findTestObject("09-Settings/Organization unit/button_add")): Object: 'Object Repository/09-Settings/Organization unit/button_add' is clicked on

2023-02-23 13:30:41 - [MESSAGE][PASSED] - Object: 'Object Repository/09-Settings/Organization unit/button_add' is clicked on

2023-02-23 13:30:41 - [TEST_STEP][PASSED] - verifyElementPresent(findTestObject("09-Settings/Organization unit/mat-dialog-container_Add organization unit modal"), 0): Object 'Object Repository/09-Settings/Organization unit/mat-dialog-container_Add organization unit modal' is present

2023-02-23 13:30:42 - [MESSAGE][WARNING] - Timeout '0' is invalid. Using default page load timeout: '30'

2023-02-23 13:30:42 - [MESSAGE][PASSED] - Object 'Object Repository/09-Settings/Organization unit/mat-dialog-container_Add organization unit modal' is present

2023-02-23 13:30:42 - [TEST_STEP][PASSED] - verifyElementPresent(findTestObject("09-Settings/Organization unit/h4_Name"), 0): Object 'Object Repository/09-Settings/Organization unit/h4_Name' is present

2023-02-23 13:30:43 - [MESSAGE][WARNING] - Timeout '0' is invalid. Using default page load timeout: '30'

2023-02-23 13:30:44 - [MESSAGE][PASSED] - Object 'Object Repository/09-Settings/Organization unit/h4_Name' is present

2023-02-23 13:30:44 - [TEST_STEP][PASSED] - click(findTestObject("09-Settings/Organization unit/mat-icon_create")): Object: 'Object Repository/09-Settings/Organization unit/mat-icon_create' is clicked on

2023-02-23 13:30:46 - [MESSAGE][PASSED] - Object: 'Object Repository/09-Settings/Organization unit/mat-icon_create' is clicked on

2023-02-23 13:30:46 - [TEST_STEP][PASSED] - verifyElementPresent(findTestObject("09-Settings/Organization unit/mat-dialog-container_Select an organization unit modal"), 0): Object 'Object Repository/09-Settings/Organization unit/mat-dialog-container_Select an organization unit modal' is present

2023-02-23 13:30:46 - [MESSAGE][WARNING] - Timeout '0' is invalid. Using default page load timeout: '30'

2023-02-23 13:30:47 - [MESSAGE][PASSED] - Object 'Object Repository/09-Settings/Organization unit/mat-dialog-container_Select an organization unit modal' is present

2023-02-23 13:30:47 - [TEST_STEP][PASSED] - verifyElementPresent(findTestObject("09-Settings/Organization unit/h4_Select an organization unit"), 0): Object 'Object Repository/09-Settings/Organization unit/h4_Select an organization unit' is present

2023-02-23 13:30:47 - [MESSAGE][WARNING] - Timeout '0' is invalid. Using default page load timeout: '30'

2023-02-23 13:30:47 - [MESSAGE][PASSED] - Object 'Object Repository/09-Settings/Organization unit/h4_Select an organization unit' is present

2023-02-23 13:30:47 - [TEST_STEP][PASSED] - delay(3): Delayed 3 second(s)

2023-02-23 13:30:50 - [MESSAGE][PASSED] - Delayed 3 second(s)

2023-02-23 13:30:50 - [TEST_STEP][PASSED] - click(findTestObject("09-Settings/Organization unit/Cancel button for select an organization unit")): Object: 'Object Repository/09-Settings/Organization unit/Cancel button for select an organization unit' is clicked on

2023-02-23 13:30:51 - [MESSAGE][PASSED] - Object: 'Object Repository/09-Settings/Organization unit/Cancel button for select an organization unit' is clicked on

2023-02-23 13:30:51 - [TEST_STEP][PASSED] - delay(3): Delayed 3 second(s)

2023-02-23 13:30:54 - [MESSAGE][PASSED] - Delayed 3 second(s)

2023-02-23 13:30:54 - [TEST_STEP][PASSED] - click(findTestObject("09-Settings/Organization unit/input_Parent Organization Unit Name_orgName")): Object: 'Object Repository/09-Settings/Organization unit/input_Parent Organization Unit Name_orgName' is clicked on

2023-02-23 13:30:57 - [MESSAGE][PASSED] - Object: 'Object Repository/09-Settings/Organization unit/input_Parent Organization Unit Name_orgName' is clicked on

2023-02-23 13:30:57 - [TEST_STEP][PASSED] - click(findTestObject("09-Settings/Organization unit/mat-dialog-container_Add organization unit modal")): Object: 'Object Repository/09-Settings/Organization unit/mat-dialog-container_Add organization unit modal' is clicked on

2023-02-23 13:30:58 - [MESSAGE][PASSED] - Object: 'Object Repository/09-Settings/Organization unit/mat-dialog-container_Add organization unit modal' is clicked on

2023-02-23 13:30:58 - [TEST_STEP][PASSED] - verifyElementPresent(findTestObject("09-Settings/Organization unit/mat-error_Field is required"), 0): Object 'Object Repository/09-Settings/Organization unit/mat-error_Field is required' is present

2023-02-23 13:30:58 - [MESSAGE][WARNING] - Timeout '0' is invalid. Using default page load timeout: '30'

2023-02-23 13:30:59 - [MESSAGE][PASSED] - Object 'Object Repository/09-Settings/Organization unit/mat-error_Field is required' is present

2023-02-23 13:30:59 - [TEST_STEP][PASSED] - delay(3): Delayed 3 second(s)

2023-02-23 13:31:02 - [MESSAGE][PASSED] - Delayed 3 second(s)

2023-02-23 13:31:02 - [TEST_STEP][PASSED] - click(findTestObject("09-Settings/Users/Active User/button_Cancel_restore")): Object: 'Object Repository/09-Settings/Users/Active User/button_Cancel_restore' is clicked on

2023-02-23 13:31:04 - [MESSAGE][PASSED] - Object: 'Object Repository/09-Settings/Users/Active User/button_Cancel_restore' is clicked on

2023-02-23 13:31:04 - [TEST_STEP][PASSED] - delay(3): Delayed 3 second(s)

2023-02-23 13:31:07 - [MESSAGE][PASSED] - Delayed 3 second(s)

2023-02-23 13:31:07 - [TEST_STEP][PASSED] - click(findTestObject("09-Settings/Organization unit/button_add")): Object: 'Object Repository/09-Settings/Organization unit/button_add' is clicked on

2023-02-23 13:31:08 - [MESSAGE][PASSED] - Object: 'Object Repository/09-Settings/Organization unit/button_add' is clicked on

2023-02-23 13:31:08 - [TEST_STEP][PASSED] - verifyElementPresent(findTestObject("09-Settings/Organization unit/mat-dialog-container_Add organization unit modal"), 0): Object 'Object Repository/09-Settings/Organization unit/mat-dialog-container_Add organization unit modal' is present

2023-02-23 13:31:08 - [MESSAGE][WARNING] - Timeout '0' is invalid. Using default page load timeout: '30'

2023-02-23 13:31:09 - [MESSAGE][PASSED] - Object 'Object Repository/09-Settings/Organization unit/mat-dialog-container_Add organization unit modal' is present

2023-02-23 13:31:09 - [TEST_STEP][PASSED] - click(findTestObject("09-Settings/Organization unit/mat-icon_create")): Object: 'Object Repository/09-Settings/Organization unit/mat-icon_create' is clicked on

2023-02-23 13:31:10 - [MESSAGE][PASSED] - Object: 'Object Repository/09-Settings/Organization unit/mat-icon_create' is clicked on

2023-02-23 13:31:10 - [TEST_STEP][PASSED] - verifyElementPresent(findTestObject("09-Settings/Organization unit/mat-dialog-container_Select an organization unit modal"), 0): Object 'Object Repository/09-Settings/Organization unit/mat-dialog-container_Select an organization unit modal' is present

2023-02-23 13:31:10 - [MESSAGE][WARNING] - Timeout '0' is invalid. Using default page load timeout: '30'

2023-02-23 13:31:11 - [MESSAGE][PASSED] - Object 'Object Repository/09-Settings/Organization unit/mat-dialog-container_Select an organization unit modal' is present

2023-02-23 13:31:11 - [TEST_STEP][PASSED] - verifyElementPresent(findTestObject("09-Settings/Organization unit/h4_Select an organization unit"), 0): Object 'Object Repository/09-Settings/Organization unit/h4_Select an organization unit' is present

2023-02-23 13:31:11 - [MESSAGE][WARNING] - Timeout '0' is invalid. Using default page load timeout: '30'

2023-02-23 13:31:11 - [MESSAGE][PASSED] - Object 'Object Repository/09-Settings/Organization unit/h4_Select an organization unit' is present

2023-02-23 13:31:11 - [TEST_STEP][PASSED] - click(findTestObject("09-Settings/Organization unit/div_GG Automation")): Object: 'Object Repository/09-Settings/Organization unit/div_GG Automation' is clicked on

2023-02-23 13:31:12 - [MESSAGE][PASSED] - Object: 'Object Repository/09-Settings/Organization unit/div_GG Automation' is clicked on

2023-02-23 13:31:12 - [TEST_STEP][PASSED] - delay(3): Delayed 3 second(s)

2023-02-23 13:31:15 - [MESSAGE][PASSED] - Delayed 3 second(s)

2023-02-23 13:31:15 - [TEST_STEP][PASSED] - click(findTestObject("09-Settings/Organization unit/button_Select organization")): Object: 'Object Repository/09-Settings/Organization unit/button_Select organization' is clicked on

2023-02-23 13:31:16 - [MESSAGE][PASSED] - Object: 'Object Repository/09-Settings/Organization unit/button_Select organization' is clicked on

2023-02-23 13:31:16 - [TEST_STEP][PASSED] - setText(findTestObject("09-Settings/Organization unit/input_Parent Organization Unit Name_orgName"), "Automation Organization unit"): Text 'Automation Organization unit' is set on object 'Object Repository/09-Settings/Organization unit/input_Parent Organization Unit Name_orgName'

2023-02-23 13:31:18 - [MESSAGE][PASSED] - Text 'Automation Organization unit' is set on object 'Object Repository/09-Settings/Organization unit/input_Parent Organization Unit Name_orgName'

2023-02-23 13:31:18 - [TEST_STEP][PASSED] - delay(3): Delayed 3 second(s)

2023-02-23 13:31:21 - [MESSAGE][PASSED] - Delayed 3 second(s)

2023-02-23 13:31:21 - [TEST_STEP][PASSED] - click(findTestObject("09-Settings/Users/Active User/button_Save")): Object: 'Object Repository/09-Settings/Users/Active User/button_Save' is clicked on

2023-02-23 13:31:23 - [MESSAGE][PASSED] - Object: 'Object Repository/09-Settings/Users/Active User/button_Save' is clicked on

2023-02-23 13:31:23 - [TEST_STEP][PASSED] - verifyElementPresent(findTestObject("09-Settings/Organization unit/span_Successfully added organization unit"), 0): Object 'Object Repository/09-Settings/Organization unit/span_Successfully added organization unit' is present

2023-02-23 13:31:23 - [MESSAGE][WARNING] - Timeout '0' is invalid. Using default page load timeout: '30'

2023-02-23 13:31:27 - [MESSAGE][PASSED] - Object 'Object Repository/09-Settings/Organization unit/span_Successfully added organization unit' is present

2023-02-23 13:31:27 - [TEST_STEP][PASSED] - delay(3): Delayed 3 second(s)

2023-02-23 13:31:30 - [MESSAGE][PASSED] - Delayed 3 second(s)]]></system-out>
         <system-err><![CDATA[]]></system-err>
      </testcase>
      <testcase name="Test Cases/09-Settings/20 - Organization unit - Join Request Link" time="79.467" classname="Test Cases/09-Settings/20 - Organization unit - Join Request Link" status="PASSED">
         <system-out><![CDATA[2023-02-23 13:31:30 - [TEST_CASE][PASSED] - Test Cases/09-Settings/20 - Organization unit - Join Request Link: Test Cases/09-Settings/20 - Organization unit - Join Request Link

2023-02-23 13:31:34 - [TEST_STEP][PASSED] - delay(3): Delayed 3 second(s)

2023-02-23 13:31:37 - [MESSAGE][PASSED] - Delayed 3 second(s)

2023-02-23 13:31:37 - [TEST_STEP][PASSED] - mouseOver(findTestObject("09-Settings/Organization unit/div_GG TESTER")): Object: 'Object Repository/09-Settings/Organization unit/div_GG TESTER' is hovered

2023-02-23 13:31:38 - [MESSAGE][PASSED] - Object: 'Object Repository/09-Settings/Organization unit/div_GG TESTER' is hovered

2023-02-23 13:31:38 - [TEST_STEP][PASSED] - delay(4): Delayed 4 second(s)

2023-02-23 13:31:42 - [MESSAGE][PASSED] - Delayed 4 second(s)

2023-02-23 13:31:42 - [TEST_STEP][PASSED] - waitForElementClickable(findTestObject("09-Settings/Organization unit/div_GG TESTER"), 0): Object 'Object Repository/09-Settings/Organization unit/div_GG TESTER' is clickable

2023-02-23 13:31:43 - [MESSAGE][WARNING] - Timeout '0' is invalid. Using default page load timeout: '30'

2023-02-23 13:31:44 - [MESSAGE][PASSED] - Object 'Object Repository/09-Settings/Organization unit/div_GG TESTER' is clickable

2023-02-23 13:31:44 - [TEST_STEP][PASSED] - click(findTestObject("09-Settings/Organization unit/div_GG TESTER")): Object: 'Object Repository/09-Settings/Organization unit/div_GG TESTER' is clicked on

2023-02-23 13:31:45 - [MESSAGE][PASSED] - Object: 'Object Repository/09-Settings/Organization unit/div_GG TESTER' is clicked on

2023-02-23 13:31:45 - [TEST_STEP][PASSED] - delay(3): Delayed 3 second(s)

2023-02-23 13:31:48 - [MESSAGE][PASSED] - Delayed 3 second(s)

2023-02-23 13:31:48 - [TEST_STEP][PASSED] - waitForElementVisible(findTestObject("09-Settings/Organization unit/button_link"), 0): Object 'Object Repository/09-Settings/Organization unit/button_link' is visible

2023-02-23 13:31:48 - [MESSAGE][WARNING] - Timeout '0' is invalid. Using default page load timeout: '30'

2023-02-23 13:31:49 - [MESSAGE][PASSED] - Object 'Object Repository/09-Settings/Organization unit/button_link' is visible

2023-02-23 13:31:49 - [TEST_STEP][PASSED] - waitForElementClickable(findTestObject("09-Settings/Organization unit/button_link"), 0): Object 'Object Repository/09-Settings/Organization unit/button_link' is clickable

2023-02-23 13:31:49 - [MESSAGE][WARNING] - Timeout '0' is invalid. Using default page load timeout: '30'

2023-02-23 13:31:49 - [MESSAGE][PASSED] - Object 'Object Repository/09-Settings/Organization unit/button_link' is clickable

2023-02-23 13:31:49 - [TEST_STEP][PASSED] - click(findTestObject("09-Settings/Organization unit/button_link")): Object: 'Object Repository/09-Settings/Organization unit/button_link' is clicked on

2023-02-23 13:31:51 - [MESSAGE][PASSED] - Object: 'Object Repository/09-Settings/Organization unit/button_link' is clicked on

2023-02-23 13:31:51 - [TEST_STEP][PASSED] - verifyElementPresent(findTestObject("09-Settings/Organization unit/mat-dialog-container_Join Request modal"), 0): Object 'Object Repository/09-Settings/Organization unit/mat-dialog-container_Join Request modal' is present

2023-02-23 13:31:52 - [MESSAGE][WARNING] - Timeout '0' is invalid. Using default page load timeout: '30'

2023-02-23 13:31:53 - [MESSAGE][PASSED] - Object 'Object Repository/09-Settings/Organization unit/mat-dialog-container_Join Request modal' is present

2023-02-23 13:31:53 - [TEST_STEP][PASSED] - verifyElementPresent(findTestObject("09-Settings/Organization unit/h2_Join Request"), 0): Object 'Object Repository/09-Settings/Organization unit/h2_Join Request' is present

2023-02-23 13:31:53 - [MESSAGE][WARNING] - Timeout '0' is invalid. Using default page load timeout: '30'

2023-02-23 13:31:54 - [MESSAGE][PASSED] - Object 'Object Repository/09-Settings/Organization unit/h2_Join Request' is present

2023-02-23 13:31:54 - [TEST_STEP][PASSED] - verifyElementPresent(findTestObject("09-Settings/Organization unit/div_Client link"), 0): Object 'Object Repository/09-Settings/Organization unit/div_Client link' is present

2023-02-23 13:31:54 - [MESSAGE][WARNING] - Timeout '0' is invalid. Using default page load timeout: '30'

2023-02-23 13:31:54 - [MESSAGE][PASSED] - Object 'Object Repository/09-Settings/Organization unit/div_Client link' is present

2023-02-23 13:31:54 - [TEST_STEP][PASSED] - verifyElementPresent(findTestObject("09-Settings/Organization unit/div_Partner link"), 0): Object 'Object Repository/09-Settings/Organization unit/div_Partner link' is present

2023-02-23 13:31:55 - [MESSAGE][WARNING] - Timeout '0' is invalid. Using default page load timeout: '30'

2023-02-23 13:31:55 - [MESSAGE][PASSED] - Object 'Object Repository/09-Settings/Organization unit/div_Partner link' is present

2023-02-23 13:31:55 - [TEST_STEP][PASSED] - delay(3): Delayed 3 second(s)

2023-02-23 13:31:58 - [MESSAGE][PASSED] - Delayed 3 second(s)

2023-02-23 13:31:58 - [TEST_STEP][PASSED] - click(findTestObject("09-Settings/Organization unit/button_COPY")): Object: 'Object Repository/09-Settings/Organization unit/button_COPY' is clicked on

2023-02-23 13:31:59 - [MESSAGE][PASSED] - Object: 'Object Repository/09-Settings/Organization unit/button_COPY' is clicked on

2023-02-23 13:31:59 - [TEST_STEP][PASSED] - verifyElementPresent(findTestObject("09-Settings/Organization unit/snack-bar-container_Copy Link"), 0): Object 'Object Repository/09-Settings/Organization unit/snack-bar-container_Copy Link' is present

2023-02-23 13:32:00 - [MESSAGE][WARNING] - Timeout '0' is invalid. Using default page load timeout: '30'

2023-02-23 13:32:00 - [MESSAGE][PASSED] - Object 'Object Repository/09-Settings/Organization unit/snack-bar-container_Copy Link' is present

2023-02-23 13:32:00 - [TEST_STEP][PASSED] - click(findTestObject("09-Settings/Organization unit/button_Ok")): Object: 'Object Repository/09-Settings/Organization unit/button_Ok' is clicked on

2023-02-23 13:32:01 - [MESSAGE][PASSED] - Object: 'Object Repository/09-Settings/Organization unit/button_Ok' is clicked on

2023-02-23 13:32:01 - [TEST_STEP][PASSED] - delay(3): Delayed 3 second(s)

2023-02-23 13:32:05 - [MESSAGE][PASSED] - Delayed 3 second(s)

2023-02-23 13:32:05 - [TEST_STEP][PASSED] - my_clipboard = getContents(null).getTransferData(stringFlavor): null

2023-02-23 13:32:06 - [TEST_STEP][PASSED] - navigateToUrl(my_clipboard): Navigate to 'https://xukp7.app.goo.gl/DW8G' successfully

2023-02-23 13:32:30 - [MESSAGE][PASSED] - Navigate to 'https://xukp7.app.goo.gl/DW8G' successfully

2023-02-23 13:32:30 - [TEST_STEP][PASSED] - delay(3): Delayed 3 second(s)

2023-02-23 13:32:33 - [MESSAGE][PASSED] - Delayed 3 second(s)

2023-02-23 13:32:33 - [TEST_STEP][PASSED] - verifyElementPresent(findTestObject("09-Settings/Organization unit/mat_card_join request link"), 0): Object 'Object Repository/09-Settings/Organization unit/mat_card_join request link' is present

2023-02-23 13:32:34 - [MESSAGE][WARNING] - Timeout '0' is invalid. Using default page load timeout: '30'

2023-02-23 13:32:36 - [MESSAGE][PASSED] - Object 'Object Repository/09-Settings/Organization unit/mat_card_join request link' is present

2023-02-23 13:32:36 - [TEST_STEP][PASSED] - delay(3): Delayed 3 second(s)

2023-02-23 13:32:39 - [MESSAGE][PASSED] - Delayed 3 second(s)

2023-02-23 13:32:39 - [TEST_STEP][PASSED] - navigateToUrl("https://lab.everleagues.com/"): Navigate to 'https://lab.everleagues.com/' successfully

2023-02-23 13:32:46 - [MESSAGE][PASSED] - Navigate to 'https://lab.everleagues.com/' successfully

2023-02-23 13:32:46 - [TEST_STEP][PASSED] - delay(3): Delayed 3 second(s)

2023-02-23 13:32:49 - [MESSAGE][PASSED] - Delayed 3 second(s)]]></system-out>
         <system-err><![CDATA[]]></system-err>
      </testcase>
      <testcase name="Test Cases/09-Settings/21 - Organization unit - Edit Oganization unit" time="36.544" classname="Test Cases/09-Settings/21 - Organization unit - Edit Oganization unit" status="FAILED">
         <failure type="FAILED" message="Test Cases/09-Settings/21 - Organization unit - Edit Oganization unit FAILED.
Reason:
com.kms.katalon.core.exception.StepFailedException: Call Test Case 'Test Cases/01-Login and Forgot Password/04-Login(Valid Credentials-With Subscription)' failed
	at com.kms.katalon.core.keyword.builtin.CallTestCaseKeyword$_callTestCase_closure1.doCall(CallTestCaseKeyword.groovy:63)
	at com.kms.katalon.core.keyword.builtin.CallTestCaseKeyword$_callTestCase_closure1.call(CallTestCaseKeyword.groovy)
	at com.kms.katalon.core.keyword.internal.KeywordMain.runKeyword(KeywordMain.groovy:74)
	at com.kms.katalon.core.keyword.builtin.CallTestCaseKeyword.callTestCase(CallTestCaseKeyword.groovy:81)
	at com.kms.katalon.core.keyword.builtin.CallTestCaseKeyword.execute(CallTestCaseKeyword.groovy:44)
	at com.kms.katalon.core.keyword.internal.KeywordExecutor.executeKeywordForPlatform(KeywordExecutor.groovy:74)
	at com.kms.katalon.core.keyword.BuiltinKeywords.callTestCase(BuiltinKeywords.groovy:334)
	at 21 - Organization unit - Edit Oganization unit.run(21 - Organization unit - Edit Oganization unit:26)
	at com.kms.katalon.core.main.ScriptEngine.run(ScriptEngine.java:194)
	at com.kms.katalon.core.main.ScriptEngine.runScriptAsRawText(ScriptEngine.java:119)
	at com.kms.katalon.core.main.TestCaseExecutor.runScript(TestCaseExecutor.java:448)
	at com.kms.katalon.core.main.TestCaseExecutor.doExecute(TestCaseExecutor.java:439)
	at com.kms.katalon.core.main.TestCaseExecutor.processExecutionPhase(TestCaseExecutor.java:418)
	at com.kms.katalon.core.main.TestCaseExecutor.accessMainPhase(TestCaseExecutor.java:410)
	at com.kms.katalon.core.main.TestCaseExecutor.execute(TestCaseExecutor.java:285)
	at com.kms.katalon.core.common.CommonExecutor.accessTestCaseMainPhase(CommonExecutor.java:65)
	at com.kms.katalon.core.main.TestSuiteExecutor.accessTestSuiteMainPhase(TestSuiteExecutor.java:144)
	at com.kms.katalon.core.main.TestSuiteExecutor.execute(TestSuiteExecutor.java:106)
	at com.kms.katalon.core.main.TestCaseMain.startTestSuite(TestCaseMain.java:185)
	at com.kms.katalon.core.main.TestCaseMain$startTestSuite$0.call(Unknown Source)
	at TempTestSuite1677129941314.run(TempTestSuite1677129941314.groovy:36)
Caused by: com.kms.katalon.core.exception.StepFailedException: Unable to set text 'testuser02@mailinator.com' of object 'Object Repository/01-Login and Forgot Password/input_Email_email'
	at com.kms.katalon.core.webui.keyword.internal.WebUIKeywordMain.stepFailed(WebUIKeywordMain.groovy:64)
	at com.kms.katalon.core.webui.keyword.internal.WebUIKeywordMain.runKeyword(WebUIKeywordMain.groovy:26)
	at com.kms.katalon.core.webui.keyword.builtin.SetTextKeyword.setText(SetTextKeyword.groovy:66)
	at com.kms.katalon.core.webui.keyword.builtin.SetTextKeyword.execute(SetTextKeyword.groovy:37)
	at com.kms.katalon.core.keyword.internal.KeywordExecutor.executeKeywordForPlatform(KeywordExecutor.groovy:74)
	at com.kms.katalon.core.webui.keyword.WebUiBuiltInKeywords.setText(WebUiBuiltInKeywords.groovy:980)
	at com.kms.katalon.core.webui.keyword.WebUiBuiltInKeywords$setText$2.call(Unknown Source)
	at 04-Login(Valid Credentials-With Subscription).run(04-Login(Valid Credentials-With Subscription):20)
	at com.kms.katalon.core.main.ScriptEngine.run(ScriptEngine.java:194)
	at com.kms.katalon.core.main.ScriptEngine.runScriptAsRawText(ScriptEngine.java:119)
	at com.kms.katalon.core.main.TestCaseExecutor.runScript(TestCaseExecutor.java:448)
	at com.kms.katalon.core.main.TestCaseExecutor.doExecute(TestCaseExecutor.java:439)
	at com.kms.katalon.core.main.TestCaseExecutor.processExecutionPhase(TestCaseExecutor.java:418)
	at com.kms.katalon.core.main.TestCaseExecutor.accessMainPhase(TestCaseExecutor.java:410)
	at com.kms.katalon.core.main.TestCaseExecutor.execute(TestCaseExecutor.java:285)
	at com.kms.katalon.core.main.TestCaseMain.runTestCase(TestCaseMain.java:142)
	at com.kms.katalon.core.keyword.builtin.CallTestCaseKeyword$_callTestCase_closure1.doCall(CallTestCaseKeyword.groovy:59)
	... 20 more
Caused by: com.kms.katalon.core.webui.exception.WebElementNotFoundException: Web element with id: 'Object Repository/01-Login and Forgot Password/input_Email_email' located by '//input[@id='mat-input-0']' not found
	at com.kms.katalon.core.webui.common.WebUiCommonHelper.findWebElement(WebUiCommonHelper.java:1370)
	at com.kms.katalon.core.webui.keyword.internal.WebUIAbstractKeyword.findWebElement(WebUIAbstractKeyword.groovy:27)
	at com.kms.katalon.core.webui.keyword.internal.WebUIAbstractKeyword.findWebElement(WebUIAbstractKeyword.groovy:26)
	at com.kms.katalon.core.webui.keyword.builtin.SetTextKeyword$_setText_closure1.doCall(SetTextKeyword.groovy:51)
	at com.kms.katalon.core.webui.keyword.builtin.SetTextKeyword$_setText_closure1.call(SetTextKeyword.groovy)
	at com.kms.katalon.core.webui.keyword.internal.WebUIKeywordMain.runKeyword(WebUIKeywordMain.groovy:20)
	... 35 more
"/>
         <system-out><![CDATA[2023-02-23 13:32:49 - [TEST_CASE][FAILED] - Test Cases/09-Settings/21 - Organization unit - Edit Oganization unit: Test Cases/09-Settings/21 - Organization unit - Edit Oganization unit FAILED.
Reason:
com.kms.katalon.core.exception.StepFailedException: Call Test Case 'Test Cases/01-Login and Forgot Password/04-Login(Valid Credentials-With Subscription)' failed
	at com.kms.katalon.core.keyword.builtin.CallTestCaseKeyword$_callTestCase_closure1.doCall(CallTestCaseKeyword.groovy:63)
	at com.kms.katalon.core.keyword.builtin.CallTestCaseKeyword$_callTestCase_closure1.call(CallTestCaseKeyword.groovy)
	at com.kms.katalon.core.keyword.internal.KeywordMain.runKeyword(KeywordMain.groovy:74)
	at com.kms.katalon.core.keyword.builtin.CallTestCaseKeyword.callTestCase(CallTestCaseKeyword.groovy:81)
	at com.kms.katalon.core.keyword.builtin.CallTestCaseKeyword.execute(CallTestCaseKeyword.groovy:44)
	at com.kms.katalon.core.keyword.internal.KeywordExecutor.executeKeywordForPlatform(KeywordExecutor.groovy:74)
	at com.kms.katalon.core.keyword.BuiltinKeywords.callTestCase(BuiltinKeywords.groovy:334)
	at 21 - Organization unit - Edit Oganization unit.run(21 - Organization unit - Edit Oganization unit:26)
	at com.kms.katalon.core.main.ScriptEngine.run(ScriptEngine.java:194)
	at com.kms.katalon.core.main.ScriptEngine.runScriptAsRawText(ScriptEngine.java:119)
	at com.kms.katalon.core.main.TestCaseExecutor.runScript(TestCaseExecutor.java:448)
	at com.kms.katalon.core.main.TestCaseExecutor.doExecute(TestCaseExecutor.java:439)
	at com.kms.katalon.core.main.TestCaseExecutor.processExecutionPhase(TestCaseExecutor.java:418)
	at com.kms.katalon.core.main.TestCaseExecutor.accessMainPhase(TestCaseExecutor.java:410)
	at com.kms.katalon.core.main.TestCaseExecutor.execute(TestCaseExecutor.java:285)
	at com.kms.katalon.core.common.CommonExecutor.accessTestCaseMainPhase(CommonExecutor.java:65)
	at com.kms.katalon.core.main.TestSuiteExecutor.accessTestSuiteMainPhase(TestSuiteExecutor.java:144)
	at com.kms.katalon.core.main.TestSuiteExecutor.execute(TestSuiteExecutor.java:106)
	at com.kms.katalon.core.main.TestCaseMain.startTestSuite(TestCaseMain.java:185)
	at com.kms.katalon.core.main.TestCaseMain$startTestSuite$0.call(Unknown Source)
	at TempTestSuite1677129941314.run(TempTestSuite1677129941314.groovy:36)
Caused by: com.kms.katalon.core.exception.StepFailedException: Unable to set text 'testuser02@mailinator.com' of object 'Object Repository/01-Login and Forgot Password/input_Email_email'
	at com.kms.katalon.core.webui.keyword.internal.WebUIKeywordMain.stepFailed(WebUIKeywordMain.groovy:64)
	at com.kms.katalon.core.webui.keyword.internal.WebUIKeywordMain.runKeyword(WebUIKeywordMain.groovy:26)
	at com.kms.katalon.core.webui.keyword.builtin.SetTextKeyword.setText(SetTextKeyword.groovy:66)
	at com.kms.katalon.core.webui.keyword.builtin.SetTextKeyword.execute(SetTextKeyword.groovy:37)
	at com.kms.katalon.core.keyword.internal.KeywordExecutor.executeKeywordForPlatform(KeywordExecutor.groovy:74)
	at com.kms.katalon.core.webui.keyword.WebUiBuiltInKeywords.setText(WebUiBuiltInKeywords.groovy:980)
	at com.kms.katalon.core.webui.keyword.WebUiBuiltInKeywords$setText$2.call(Unknown Source)
	at 04-Login(Valid Credentials-With Subscription).run(04-Login(Valid Credentials-With Subscription):20)
	at com.kms.katalon.core.main.ScriptEngine.run(ScriptEngine.java:194)
	at com.kms.katalon.core.main.ScriptEngine.runScriptAsRawText(ScriptEngine.java:119)
	at com.kms.katalon.core.main.TestCaseExecutor.runScript(TestCaseExecutor.java:448)
	at com.kms.katalon.core.main.TestCaseExecutor.doExecute(TestCaseExecutor.java:439)
	at com.kms.katalon.core.main.TestCaseExecutor.processExecutionPhase(TestCaseExecutor.java:418)
	at com.kms.katalon.core.main.TestCaseExecutor.accessMainPhase(TestCaseExecutor.java:410)
	at com.kms.katalon.core.main.TestCaseExecutor.execute(TestCaseExecutor.java:285)
	at com.kms.katalon.core.main.TestCaseMain.runTestCase(TestCaseMain.java:142)
	at com.kms.katalon.core.keyword.builtin.CallTestCaseKeyword$_callTestCase_closure1.doCall(CallTestCaseKeyword.groovy:59)
	... 20 more
Caused by: com.kms.katalon.core.webui.exception.WebElementNotFoundException: Web element with id: 'Object Repository/01-Login and Forgot Password/input_Email_email' located by '//input[@id='mat-input-0']' not found
	at com.kms.katalon.core.webui.common.WebUiCommonHelper.findWebElement(WebUiCommonHelper.java:1370)
	at com.kms.katalon.core.webui.keyword.internal.WebUIAbstractKeyword.findWebElement(WebUIAbstractKeyword.groovy:27)
	at com.kms.katalon.core.webui.keyword.internal.WebUIAbstractKeyword.findWebElement(WebUIAbstractKeyword.groovy:26)
	at com.kms.katalon.core.webui.keyword.builtin.SetTextKeyword$_setText_closure1.doCall(SetTextKeyword.groovy:51)
	at com.kms.katalon.core.webui.keyword.builtin.SetTextKeyword$_setText_closure1.call(SetTextKeyword.groovy)
	at com.kms.katalon.core.webui.keyword.internal.WebUIKeywordMain.runKeyword(WebUIKeywordMain.groovy:20)
	... 35 more


2023-02-23 13:32:53 - [TEST_STEP][FAILED] - callTestCase(findTestCase("01-Login and Forgot Password/04-Login(Valid Credentials-With Subscription)"), [:], STOP_ON_FAILURE): Unable to call Test Case 'Test Cases/01-Login and Forgot Password/04-Login(Valid Credentials-With Subscription)' (Root cause: com.kms.katalon.core.exception.StepFailedException: Call Test Case 'Test Cases/01-Login and Forgot Password/04-Login(Valid Credentials-With Subscription)' failed
	at com.kms.katalon.core.keyword.builtin.CallTestCaseKeyword$_callTestCase_closure1.doCall(CallTestCaseKeyword.groovy:63)
	at com.kms.katalon.core.keyword.builtin.CallTestCaseKeyword$_callTestCase_closure1.call(CallTestCaseKeyword.groovy)
	at com.kms.katalon.core.keyword.internal.KeywordMain.runKeyword(KeywordMain.groovy:74)
	at com.kms.katalon.core.keyword.builtin.CallTestCaseKeyword.callTestCase(CallTestCaseKeyword.groovy:81)
	at com.kms.katalon.core.keyword.builtin.CallTestCaseKeyword.execute(CallTestCaseKeyword.groovy:44)
	at com.kms.katalon.core.keyword.internal.KeywordExecutor.executeKeywordForPlatform(KeywordExecutor.groovy:74)
	at com.kms.katalon.core.keyword.BuiltinKeywords.callTestCase(BuiltinKeywords.groovy:334)
	at 21 - Organization unit - Edit Oganization unit.run(21 - Organization unit - Edit Oganization unit:26)
	at com.kms.katalon.core.main.ScriptEngine.run(ScriptEngine.java:194)
	at com.kms.katalon.core.main.ScriptEngine.runScriptAsRawText(ScriptEngine.java:119)
	at com.kms.katalon.core.main.TestCaseExecutor.runScript(TestCaseExecutor.java:448)
	at com.kms.katalon.core.main.TestCaseExecutor.doExecute(TestCaseExecutor.java:439)
	at com.kms.katalon.core.main.TestCaseExecutor.processExecutionPhase(TestCaseExecutor.java:418)
	at com.kms.katalon.core.main.TestCaseExecutor.accessMainPhase(TestCaseExecutor.java:410)
	at com.kms.katalon.core.main.TestCaseExecutor.execute(TestCaseExecutor.java:285)
	at com.kms.katalon.core.common.CommonExecutor.accessTestCaseMainPhase(CommonExecutor.java:65)
	at com.kms.katalon.core.main.TestSuiteExecutor.accessTestSuiteMainPhase(TestSuiteExecutor.java:144)
	at com.kms.katalon.core.main.TestSuiteExecutor.execute(TestSuiteExecutor.java:106)
	at com.kms.katalon.core.main.TestCaseMain.startTestSuite(TestCaseMain.java:185)
	at com.kms.katalon.core.main.TestCaseMain$startTestSuite$0.call(Unknown Source)
	at TempTestSuite1677129941314.run(TempTestSuite1677129941314.groovy:36)
Caused by: com.kms.katalon.core.exception.StepFailedException: Unable to set text 'testuser02@mailinator.com' of object 'Object Repository/01-Login and Forgot Password/input_Email_email'
	at com.kms.katalon.core.webui.keyword.internal.WebUIKeywordMain.stepFailed(WebUIKeywordMain.groovy:64)
	at com.kms.katalon.core.webui.keyword.internal.WebUIKeywordMain.runKeyword(WebUIKeywordMain.groovy:26)
	at com.kms.katalon.core.webui.keyword.builtin.SetTextKeyword.setText(SetTextKeyword.groovy:66)
	at com.kms.katalon.core.webui.keyword.builtin.SetTextKeyword.execute(SetTextKeyword.groovy:37)
	at com.kms.katalon.core.keyword.internal.KeywordExecutor.executeKeywordForPlatform(KeywordExecutor.groovy:74)
	at com.kms.katalon.core.webui.keyword.WebUiBuiltInKeywords.setText(WebUiBuiltInKeywords.groovy:980)
	at com.kms.katalon.core.webui.keyword.WebUiBuiltInKeywords$setText$2.call(Unknown Source)
	at 04-Login(Valid Credentials-With Subscription).run(04-Login(Valid Credentials-With Subscription):20)
	at com.kms.katalon.core.main.ScriptEngine.run(ScriptEngine.java:194)
	at com.kms.katalon.core.main.ScriptEngine.runScriptAsRawText(ScriptEngine.java:119)
	at com.kms.katalon.core.main.TestCaseExecutor.runScript(TestCaseExecutor.java:448)
	at com.kms.katalon.core.main.TestCaseExecutor.doExecute(TestCaseExecutor.java:439)
	at com.kms.katalon.core.main.TestCaseExecutor.processExecutionPhase(TestCaseExecutor.java:418)
	at com.kms.katalon.core.main.TestCaseExecutor.accessMainPhase(TestCaseExecutor.java:410)
	at com.kms.katalon.core.main.TestCaseExecutor.execute(TestCaseExecutor.java:285)
	at com.kms.katalon.core.main.TestCaseMain.runTestCase(TestCaseMain.java:142)
	at com.kms.katalon.core.keyword.builtin.CallTestCaseKeyword$_callTestCase_closure1.doCall(CallTestCaseKeyword.groovy:59)
	... 20 more
Caused by: com.kms.katalon.core.webui.exception.WebElementNotFoundException: Web element with id: 'Object Repository/01-Login and Forgot Password/input_Email_email' located by '//input[@id='mat-input-0']' not found
	at com.kms.katalon.core.webui.common.WebUiCommonHelper.findWebElement(WebUiCommonHelper.java:1370)
	at com.kms.katalon.core.webui.keyword.internal.WebUIAbstractKeyword.findWebElement(WebUIAbstractKeyword.groovy:27)
	at com.kms.katalon.core.webui.keyword.internal.WebUIAbstractKeyword.findWebElement(WebUIAbstractKeyword.groovy:26)
	at com.kms.katalon.core.webui.keyword.builtin.SetTextKeyword$_setText_closure1.doCall(SetTextKeyword.groovy:51)
	at com.kms.katalon.core.webui.keyword.builtin.SetTextKeyword$_setText_closure1.call(SetTextKeyword.groovy)
	at com.kms.katalon.core.webui.keyword.internal.WebUIKeywordMain.runKeyword(WebUIKeywordMain.groovy:20)
	... 35 more
)

2023-02-23 13:32:53 - [TEST_CASE][FAILED] - Test Cases/01-Login and Forgot Password/04-Login(Valid Credentials-With Subscription): Test Cases/01-Login and Forgot Password/04-Login(Valid Credentials-With Subscription) FAILED.
Reason:
com.kms.katalon.core.exception.StepFailedException: Unable to set text 'testuser02@mailinator.com' of object 'Object Repository/01-Login and Forgot Password/input_Email_email'
	at com.kms.katalon.core.webui.keyword.internal.WebUIKeywordMain.stepFailed(WebUIKeywordMain.groovy:64)
	at com.kms.katalon.core.webui.keyword.internal.WebUIKeywordMain.runKeyword(WebUIKeywordMain.groovy:26)
	at com.kms.katalon.core.webui.keyword.builtin.SetTextKeyword.setText(SetTextKeyword.groovy:66)
	at com.kms.katalon.core.webui.keyword.builtin.SetTextKeyword.execute(SetTextKeyword.groovy:37)
	at com.kms.katalon.core.keyword.internal.KeywordExecutor.executeKeywordForPlatform(KeywordExecutor.groovy:74)
	at com.kms.katalon.core.webui.keyword.WebUiBuiltInKeywords.setText(WebUiBuiltInKeywords.groovy:980)
	at com.kms.katalon.core.webui.keyword.WebUiBuiltInKeywords$setText$2.call(Unknown Source)
	at 04-Login(Valid Credentials-With Subscription).run(04-Login(Valid Credentials-With Subscription):20)
	at com.kms.katalon.core.main.ScriptEngine.run(ScriptEngine.java:194)
	at com.kms.katalon.core.main.ScriptEngine.runScriptAsRawText(ScriptEngine.java:119)
	at com.kms.katalon.core.main.TestCaseExecutor.runScript(TestCaseExecutor.java:448)
	at com.kms.katalon.core.main.TestCaseExecutor.doExecute(TestCaseExecutor.java:439)
	at com.kms.katalon.core.main.TestCaseExecutor.processExecutionPhase(TestCaseExecutor.java:418)
	at com.kms.katalon.core.main.TestCaseExecutor.accessMainPhase(TestCaseExecutor.java:410)
	at com.kms.katalon.core.main.TestCaseExecutor.execute(TestCaseExecutor.java:285)
	at com.kms.katalon.core.main.TestCaseMain.runTestCase(TestCaseMain.java:142)
	at com.kms.katalon.core.keyword.builtin.CallTestCaseKeyword$_callTestCase_closure1.doCall(CallTestCaseKeyword.groovy:59)
	at com.kms.katalon.core.keyword.builtin.CallTestCaseKeyword$_callTestCase_closure1.call(CallTestCaseKeyword.groovy)
	at com.kms.katalon.core.keyword.internal.KeywordMain.runKeyword(KeywordMain.groovy:74)
	at com.kms.katalon.core.keyword.builtin.CallTestCaseKeyword.callTestCase(CallTestCaseKeyword.groovy:81)
	at com.kms.katalon.core.keyword.builtin.CallTestCaseKeyword.execute(CallTestCaseKeyword.groovy:44)
	at com.kms.katalon.core.keyword.internal.KeywordExecutor.executeKeywordForPlatform(KeywordExecutor.groovy:74)
	at com.kms.katalon.core.keyword.BuiltinKeywords.callTestCase(BuiltinKeywords.groovy:334)
	at 21 - Organization unit - Edit Oganization unit.run(21 - Organization unit - Edit Oganization unit:26)
	at com.kms.katalon.core.main.ScriptEngine.run(ScriptEngine.java:194)
	at com.kms.katalon.core.main.ScriptEngine.runScriptAsRawText(ScriptEngine.java:119)
	at com.kms.katalon.core.main.TestCaseExecutor.runScript(TestCaseExecutor.java:448)
	at com.kms.katalon.core.main.TestCaseExecutor.doExecute(TestCaseExecutor.java:439)
	at com.kms.katalon.core.main.TestCaseExecutor.processExecutionPhase(TestCaseExecutor.java:418)
	at com.kms.katalon.core.main.TestCaseExecutor.accessMainPhase(TestCaseExecutor.java:410)
	at com.kms.katalon.core.main.TestCaseExecutor.execute(TestCaseExecutor.java:285)
	at com.kms.katalon.core.common.CommonExecutor.accessTestCaseMainPhase(CommonExecutor.java:65)
	at com.kms.katalon.core.main.TestSuiteExecutor.accessTestSuiteMainPhase(TestSuiteExecutor.java:144)
	at com.kms.katalon.core.main.TestSuiteExecutor.execute(TestSuiteExecutor.java:106)
	at com.kms.katalon.core.main.TestCaseMain.startTestSuite(TestCaseMain.java:185)
	at com.kms.katalon.core.main.TestCaseMain$startTestSuite$0.call(Unknown Source)
	at TempTestSuite1677129941314.run(TempTestSuite1677129941314.groovy:36)
Caused by: com.kms.katalon.core.webui.exception.WebElementNotFoundException: Web element with id: 'Object Repository/01-Login and Forgot Password/input_Email_email' located by '//input[@id='mat-input-0']' not found
	at com.kms.katalon.core.webui.common.WebUiCommonHelper.findWebElement(WebUiCommonHelper.java:1370)
	at com.kms.katalon.core.webui.keyword.internal.WebUIAbstractKeyword.findWebElement(WebUIAbstractKeyword.groovy:27)
	at com.kms.katalon.core.webui.keyword.internal.WebUIAbstractKeyword.findWebElement(WebUIAbstractKeyword.groovy:26)
	at com.kms.katalon.core.webui.keyword.builtin.SetTextKeyword$_setText_closure1.doCall(SetTextKeyword.groovy:51)
	at com.kms.katalon.core.webui.keyword.builtin.SetTextKeyword$_setText_closure1.call(SetTextKeyword.groovy)
	at com.kms.katalon.core.webui.keyword.internal.WebUIKeywordMain.runKeyword(WebUIKeywordMain.groovy:20)
	... 35 more


2023-02-23 13:32:54 - [TEST_STEP][FAILED] - setText(findTestObject("01-Login and Forgot Password/input_Email_email"), "testuser02@mailinator.com"): Unable to set text 'testuser02@mailinator.com' of object 'Object Repository/01-Login and Forgot Password/input_Email_email' (Root cause: com.kms.katalon.core.exception.StepFailedException: Unable to set text 'testuser02@mailinator.com' of object 'Object Repository/01-Login and Forgot Password/input_Email_email'
	at com.kms.katalon.core.webui.keyword.internal.WebUIKeywordMain.stepFailed(WebUIKeywordMain.groovy:64)
	at com.kms.katalon.core.webui.keyword.internal.WebUIKeywordMain.runKeyword(WebUIKeywordMain.groovy:26)
	at com.kms.katalon.core.webui.keyword.builtin.SetTextKeyword.setText(SetTextKeyword.groovy:66)
	at com.kms.katalon.core.webui.keyword.builtin.SetTextKeyword.execute(SetTextKeyword.groovy:37)
	at com.kms.katalon.core.keyword.internal.KeywordExecutor.executeKeywordForPlatform(KeywordExecutor.groovy:74)
	at com.kms.katalon.core.webui.keyword.WebUiBuiltInKeywords.setText(WebUiBuiltInKeywords.groovy:980)
	at com.kms.katalon.core.webui.keyword.WebUiBuiltInKeywords$setText$2.call(Unknown Source)
	at 04-Login(Valid Credentials-With Subscription).run(04-Login(Valid Credentials-With Subscription):20)
	at com.kms.katalon.core.main.ScriptEngine.run(ScriptEngine.java:194)
	at com.kms.katalon.core.main.ScriptEngine.runScriptAsRawText(ScriptEngine.java:119)
	at com.kms.katalon.core.main.TestCaseExecutor.runScript(TestCaseExecutor.java:448)
	at com.kms.katalon.core.main.TestCaseExecutor.doExecute(TestCaseExecutor.java:439)
	at com.kms.katalon.core.main.TestCaseExecutor.processExecutionPhase(TestCaseExecutor.java:418)
	at com.kms.katalon.core.main.TestCaseExecutor.accessMainPhase(TestCaseExecutor.java:410)
	at com.kms.katalon.core.main.TestCaseExecutor.execute(TestCaseExecutor.java:285)
	at com.kms.katalon.core.main.TestCaseMain.runTestCase(TestCaseMain.java:142)
	at com.kms.katalon.core.keyword.builtin.CallTestCaseKeyword$_callTestCase_closure1.doCall(CallTestCaseKeyword.groovy:59)
	at com.kms.katalon.core.keyword.builtin.CallTestCaseKeyword$_callTestCase_closure1.call(CallTestCaseKeyword.groovy)
	at com.kms.katalon.core.keyword.internal.KeywordMain.runKeyword(KeywordMain.groovy:74)
	at com.kms.katalon.core.keyword.builtin.CallTestCaseKeyword.callTestCase(CallTestCaseKeyword.groovy:81)
	at com.kms.katalon.core.keyword.builtin.CallTestCaseKeyword.execute(CallTestCaseKeyword.groovy:44)
	at com.kms.katalon.core.keyword.internal.KeywordExecutor.executeKeywordForPlatform(KeywordExecutor.groovy:74)
	at com.kms.katalon.core.keyword.BuiltinKeywords.callTestCase(BuiltinKeywords.groovy:334)
	at 21 - Organization unit - Edit Oganization unit.run(21 - Organization unit - Edit Oganization unit:26)
	at com.kms.katalon.core.main.ScriptEngine.run(ScriptEngine.java:194)
	at com.kms.katalon.core.main.ScriptEngine.runScriptAsRawText(ScriptEngine.java:119)
	at com.kms.katalon.core.main.TestCaseExecutor.runScript(TestCaseExecutor.java:448)
	at com.kms.katalon.core.main.TestCaseExecutor.doExecute(TestCaseExecutor.java:439)
	at com.kms.katalon.core.main.TestCaseExecutor.processExecutionPhase(TestCaseExecutor.java:418)
	at com.kms.katalon.core.main.TestCaseExecutor.accessMainPhase(TestCaseExecutor.java:410)
	at com.kms.katalon.core.main.TestCaseExecutor.execute(TestCaseExecutor.java:285)
	at com.kms.katalon.core.common.CommonExecutor.accessTestCaseMainPhase(CommonExecutor.java:65)
	at com.kms.katalon.core.main.TestSuiteExecutor.accessTestSuiteMainPhase(TestSuiteExecutor.java:144)
	at com.kms.katalon.core.main.TestSuiteExecutor.execute(TestSuiteExecutor.java:106)
	at com.kms.katalon.core.main.TestCaseMain.startTestSuite(TestCaseMain.java:185)
	at com.kms.katalon.core.main.TestCaseMain$startTestSuite$0.call(Unknown Source)
	at TempTestSuite1677129941314.run(TempTestSuite1677129941314.groovy:36)
Caused by: com.kms.katalon.core.webui.exception.WebElementNotFoundException: Web element with id: 'Object Repository/01-Login and Forgot Password/input_Email_email' located by '//input[@id='mat-input-0']' not found
	at com.kms.katalon.core.webui.common.WebUiCommonHelper.findWebElement(WebUiCommonHelper.java:1370)
	at com.kms.katalon.core.webui.keyword.internal.WebUIAbstractKeyword.findWebElement(WebUIAbstractKeyword.groovy:27)
	at com.kms.katalon.core.webui.keyword.internal.WebUIAbstractKeyword.findWebElement(WebUIAbstractKeyword.groovy:26)
	at com.kms.katalon.core.webui.keyword.builtin.SetTextKeyword$_setText_closure1.doCall(SetTextKeyword.groovy:51)
	at com.kms.katalon.core.webui.keyword.builtin.SetTextKeyword$_setText_closure1.call(SetTextKeyword.groovy)
	at com.kms.katalon.core.webui.keyword.internal.WebUIKeywordMain.runKeyword(WebUIKeywordMain.groovy:20)
	at com.kms.katalon.core.webui.keyword.builtin.SetTextKeyword.setText(SetTextKeyword.groovy:66)
	at com.kms.katalon.core.webui.keyword.builtin.SetTextKeyword.execute(SetTextKeyword.groovy:37)
	at com.kms.katalon.core.keyword.internal.KeywordExecutor.executeKeywordForPlatform(KeywordExecutor.groovy:74)
	at com.kms.katalon.core.webui.keyword.WebUiBuiltInKeywords.setText(WebUiBuiltInKeywords.groovy:980)
	at com.kms.katalon.core.webui.keyword.WebUiBuiltInKeywords$setText$2.call(Unknown Source)
	at Script1676007544971.run(Script1676007544971.groovy:20)
	at com.kms.katalon.core.main.ScriptEngine.run(ScriptEngine.java:194)
	at com.kms.katalon.core.main.ScriptEngine.runScriptAsRawText(ScriptEngine.java:119)
	at com.kms.katalon.core.main.TestCaseExecutor.runScript(TestCaseExecutor.java:448)
	at com.kms.katalon.core.main.TestCaseExecutor.doExecute(TestCaseExecutor.java:439)
	at com.kms.katalon.core.main.TestCaseExecutor.processExecutionPhase(TestCaseExecutor.java:418)
	at com.kms.katalon.core.main.TestCaseExecutor.accessMainPhase(TestCaseExecutor.java:410)
	at com.kms.katalon.core.main.TestCaseExecutor.execute(TestCaseExecutor.java:285)
	at com.kms.katalon.core.main.TestCaseMain.runTestCase(TestCaseMain.java:142)
	at com.kms.katalon.core.keyword.builtin.CallTestCaseKeyword$_callTestCase_closure1.doCall(CallTestCaseKeyword.groovy:59)
	at com.kms.katalon.core.keyword.builtin.CallTestCaseKeyword$_callTestCase_closure1.call(CallTestCaseKeyword.groovy)
	at com.kms.katalon.core.keyword.internal.KeywordMain.runKeyword(KeywordMain.groovy:74)
	at com.kms.katalon.core.keyword.builtin.CallTestCaseKeyword.callTestCase(CallTestCaseKeyword.groovy:81)
	at com.kms.katalon.core.keyword.builtin.CallTestCaseKeyword.execute(CallTestCaseKeyword.groovy:44)
	at com.kms.katalon.core.keyword.internal.KeywordExecutor.executeKeywordForPlatform(KeywordExecutor.groovy:74)
	at com.kms.katalon.core.keyword.BuiltinKeywords.callTestCase(BuiltinKeywords.groovy:334)
	at Script1665391509442.run(Script1665391509442.groovy:26)
	... 13 more
)

2023-02-23 13:33:25 - [MESSAGE][INFO] - Unable to find the element located by 'By.xpath: //input[@id='mat-input-0']'. Please recheck the objects properties to make sure the desired element is located. 

2023-02-23 13:33:26 - [MESSAGE][FAILED] - Unable to set text 'testuser02@mailinator.com' of object 'Object Repository/01-Login and Forgot Password/input_Email_email' (Root cause: com.kms.katalon.core.exception.StepFailedException: Unable to set text 'testuser02@mailinator.com' of object 'Object Repository/01-Login and Forgot Password/input_Email_email'
	at com.kms.katalon.core.webui.keyword.internal.WebUIKeywordMain.stepFailed(WebUIKeywordMain.groovy:64)
	at com.kms.katalon.core.webui.keyword.internal.WebUIKeywordMain.runKeyword(WebUIKeywordMain.groovy:26)
	at com.kms.katalon.core.webui.keyword.builtin.SetTextKeyword.setText(SetTextKeyword.groovy:66)
	at com.kms.katalon.core.webui.keyword.builtin.SetTextKeyword.execute(SetTextKeyword.groovy:37)
	at com.kms.katalon.core.keyword.internal.KeywordExecutor.executeKeywordForPlatform(KeywordExecutor.groovy:74)
	at com.kms.katalon.core.webui.keyword.WebUiBuiltInKeywords.setText(WebUiBuiltInKeywords.groovy:980)
	at com.kms.katalon.core.webui.keyword.WebUiBuiltInKeywords$setText$2.call(Unknown Source)
	at 04-Login(Valid Credentials-With Subscription).run(04-Login(Valid Credentials-With Subscription):20)
	at com.kms.katalon.core.main.ScriptEngine.run(ScriptEngine.java:194)
	at com.kms.katalon.core.main.ScriptEngine.runScriptAsRawText(ScriptEngine.java:119)
	at com.kms.katalon.core.main.TestCaseExecutor.runScript(TestCaseExecutor.java:448)
	at com.kms.katalon.core.main.TestCaseExecutor.doExecute(TestCaseExecutor.java:439)
	at com.kms.katalon.core.main.TestCaseExecutor.processExecutionPhase(TestCaseExecutor.java:418)
	at com.kms.katalon.core.main.TestCaseExecutor.accessMainPhase(TestCaseExecutor.java:410)
	at com.kms.katalon.core.main.TestCaseExecutor.execute(TestCaseExecutor.java:285)
	at com.kms.katalon.core.main.TestCaseMain.runTestCase(TestCaseMain.java:142)
	at com.kms.katalon.core.keyword.builtin.CallTestCaseKeyword$_callTestCase_closure1.doCall(CallTestCaseKeyword.groovy:59)
	at com.kms.katalon.core.keyword.builtin.CallTestCaseKeyword$_callTestCase_closure1.call(CallTestCaseKeyword.groovy)
	at com.kms.katalon.core.keyword.internal.KeywordMain.runKeyword(KeywordMain.groovy:74)
	at com.kms.katalon.core.keyword.builtin.CallTestCaseKeyword.callTestCase(CallTestCaseKeyword.groovy:81)
	at com.kms.katalon.core.keyword.builtin.CallTestCaseKeyword.execute(CallTestCaseKeyword.groovy:44)
	at com.kms.katalon.core.keyword.internal.KeywordExecutor.executeKeywordForPlatform(KeywordExecutor.groovy:74)
	at com.kms.katalon.core.keyword.BuiltinKeywords.callTestCase(BuiltinKeywords.groovy:334)
	at 21 - Organization unit - Edit Oganization unit.run(21 - Organization unit - Edit Oganization unit:26)
	at com.kms.katalon.core.main.ScriptEngine.run(ScriptEngine.java:194)
	at com.kms.katalon.core.main.ScriptEngine.runScriptAsRawText(ScriptEngine.java:119)
	at com.kms.katalon.core.main.TestCaseExecutor.runScript(TestCaseExecutor.java:448)
	at com.kms.katalon.core.main.TestCaseExecutor.doExecute(TestCaseExecutor.java:439)
	at com.kms.katalon.core.main.TestCaseExecutor.processExecutionPhase(TestCaseExecutor.java:418)
	at com.kms.katalon.core.main.TestCaseExecutor.accessMainPhase(TestCaseExecutor.java:410)
	at com.kms.katalon.core.main.TestCaseExecutor.execute(TestCaseExecutor.java:285)
	at com.kms.katalon.core.common.CommonExecutor.accessTestCaseMainPhase(CommonExecutor.java:65)
	at com.kms.katalon.core.main.TestSuiteExecutor.accessTestSuiteMainPhase(TestSuiteExecutor.java:144)
	at com.kms.katalon.core.main.TestSuiteExecutor.execute(TestSuiteExecutor.java:106)
	at com.kms.katalon.core.main.TestCaseMain.startTestSuite(TestCaseMain.java:185)
	at com.kms.katalon.core.main.TestCaseMain$startTestSuite$0.call(Unknown Source)
	at TempTestSuite1677129941314.run(TempTestSuite1677129941314.groovy:36)
Caused by: com.kms.katalon.core.webui.exception.WebElementNotFoundException: Web element with id: 'Object Repository/01-Login and Forgot Password/input_Email_email' located by '//input[@id='mat-input-0']' not found
	at com.kms.katalon.core.webui.common.WebUiCommonHelper.findWebElement(WebUiCommonHelper.java:1370)
	at com.kms.katalon.core.webui.keyword.internal.WebUIAbstractKeyword.findWebElement(WebUIAbstractKeyword.groovy:27)
	at com.kms.katalon.core.webui.keyword.internal.WebUIAbstractKeyword.findWebElement(WebUIAbstractKeyword.groovy:26)
	at com.kms.katalon.core.webui.keyword.builtin.SetTextKeyword$_setText_closure1.doCall(SetTextKeyword.groovy:51)
	at com.kms.katalon.core.webui.keyword.builtin.SetTextKeyword$_setText_closure1.call(SetTextKeyword.groovy)
	at com.kms.katalon.core.webui.keyword.internal.WebUIKeywordMain.runKeyword(WebUIKeywordMain.groovy:20)
	at com.kms.katalon.core.webui.keyword.builtin.SetTextKeyword.setText(SetTextKeyword.groovy:66)
	at com.kms.katalon.core.webui.keyword.builtin.SetTextKeyword.execute(SetTextKeyword.groovy:37)
	at com.kms.katalon.core.keyword.internal.KeywordExecutor.executeKeywordForPlatform(KeywordExecutor.groovy:74)
	at com.kms.katalon.core.webui.keyword.WebUiBuiltInKeywords.setText(WebUiBuiltInKeywords.groovy:980)
	at com.kms.katalon.core.webui.keyword.WebUiBuiltInKeywords$setText$2.call(Unknown Source)
	at Script1676007544971.run(Script1676007544971.groovy:20)
	at com.kms.katalon.core.main.ScriptEngine.run(ScriptEngine.java:194)
	at com.kms.katalon.core.main.ScriptEngine.runScriptAsRawText(ScriptEngine.java:119)
	at com.kms.katalon.core.main.TestCaseExecutor.runScript(TestCaseExecutor.java:448)
	at com.kms.katalon.core.main.TestCaseExecutor.doExecute(TestCaseExecutor.java:439)
	at com.kms.katalon.core.main.TestCaseExecutor.processExecutionPhase(TestCaseExecutor.java:418)
	at com.kms.katalon.core.main.TestCaseExecutor.accessMainPhase(TestCaseExecutor.java:410)
	at com.kms.katalon.core.main.TestCaseExecutor.execute(TestCaseExecutor.java:285)
	at com.kms.katalon.core.main.TestCaseMain.runTestCase(TestCaseMain.java:142)
	at com.kms.katalon.core.keyword.builtin.CallTestCaseKeyword$_callTestCase_closure1.doCall(CallTestCaseKeyword.groovy:59)
	at com.kms.katalon.core.keyword.builtin.CallTestCaseKeyword$_callTestCase_closure1.call(CallTestCaseKeyword.groovy)
	at com.kms.katalon.core.keyword.internal.KeywordMain.runKeyword(KeywordMain.groovy:74)
	at com.kms.katalon.core.keyword.builtin.CallTestCaseKeyword.callTestCase(CallTestCaseKeyword.groovy:81)
	at com.kms.katalon.core.keyword.builtin.CallTestCaseKeyword.execute(CallTestCaseKeyword.groovy:44)
	at com.kms.katalon.core.keyword.internal.KeywordExecutor.executeKeywordForPlatform(KeywordExecutor.groovy:74)
	at com.kms.katalon.core.keyword.BuiltinKeywords.callTestCase(BuiltinKeywords.groovy:334)
	at Script1665391509442.run(Script1665391509442.groovy:26)
	... 13 more
)
[[ATTACHMENT|C:\\Users\\asus\\Katalon Studio\\Everleagues\\Everleagues\\Reports\\20230223_132541\\TS-Organization\\09.4 - Settings (Organization unit)\\20230223_132541\\1677130405822.png]]

2023-02-23 13:33:26 - [MESSAGE][FAILED] - Unable to call Test Case 'Test Cases/01-Login and Forgot Password/04-Login(Valid Credentials-With Subscription)' (Root cause: com.kms.katalon.core.exception.StepFailedException: Call Test Case 'Test Cases/01-Login and Forgot Password/04-Login(Valid Credentials-With Subscription)' failed
	at com.kms.katalon.core.keyword.builtin.CallTestCaseKeyword$_callTestCase_closure1.doCall(CallTestCaseKeyword.groovy:63)
	at com.kms.katalon.core.keyword.builtin.CallTestCaseKeyword$_callTestCase_closure1.call(CallTestCaseKeyword.groovy)
	at com.kms.katalon.core.keyword.internal.KeywordMain.runKeyword(KeywordMain.groovy:74)
	at com.kms.katalon.core.keyword.builtin.CallTestCaseKeyword.callTestCase(CallTestCaseKeyword.groovy:81)
	at com.kms.katalon.core.keyword.builtin.CallTestCaseKeyword.execute(CallTestCaseKeyword.groovy:44)
	at com.kms.katalon.core.keyword.internal.KeywordExecutor.executeKeywordForPlatform(KeywordExecutor.groovy:74)
	at com.kms.katalon.core.keyword.BuiltinKeywords.callTestCase(BuiltinKeywords.groovy:334)
	at 21 - Organization unit - Edit Oganization unit.run(21 - Organization unit - Edit Oganization unit:26)
	at com.kms.katalon.core.main.ScriptEngine.run(ScriptEngine.java:194)
	at com.kms.katalon.core.main.ScriptEngine.runScriptAsRawText(ScriptEngine.java:119)
	at com.kms.katalon.core.main.TestCaseExecutor.runScript(TestCaseExecutor.java:448)
	at com.kms.katalon.core.main.TestCaseExecutor.doExecute(TestCaseExecutor.java:439)
	at com.kms.katalon.core.main.TestCaseExecutor.processExecutionPhase(TestCaseExecutor.java:418)
	at com.kms.katalon.core.main.TestCaseExecutor.accessMainPhase(TestCaseExecutor.java:410)
	at com.kms.katalon.core.main.TestCaseExecutor.execute(TestCaseExecutor.java:285)
	at com.kms.katalon.core.common.CommonExecutor.accessTestCaseMainPhase(CommonExecutor.java:65)
	at com.kms.katalon.core.main.TestSuiteExecutor.accessTestSuiteMainPhase(TestSuiteExecutor.java:144)
	at com.kms.katalon.core.main.TestSuiteExecutor.execute(TestSuiteExecutor.java:106)
	at com.kms.katalon.core.main.TestCaseMain.startTestSuite(TestCaseMain.java:185)
	at com.kms.katalon.core.main.TestCaseMain$startTestSuite$0.call(Unknown Source)
	at TempTestSuite1677129941314.run(TempTestSuite1677129941314.groovy:36)
Caused by: com.kms.katalon.core.exception.StepFailedException: Unable to set text 'testuser02@mailinator.com' of object 'Object Repository/01-Login and Forgot Password/input_Email_email'
	at com.kms.katalon.core.webui.keyword.internal.WebUIKeywordMain.stepFailed(WebUIKeywordMain.groovy:64)
	at com.kms.katalon.core.webui.keyword.internal.WebUIKeywordMain.runKeyword(WebUIKeywordMain.groovy:26)
	at com.kms.katalon.core.webui.keyword.builtin.SetTextKeyword.setText(SetTextKeyword.groovy:66)
	at com.kms.katalon.core.webui.keyword.builtin.SetTextKeyword.execute(SetTextKeyword.groovy:37)
	at com.kms.katalon.core.keyword.internal.KeywordExecutor.executeKeywordForPlatform(KeywordExecutor.groovy:74)
	at com.kms.katalon.core.webui.keyword.WebUiBuiltInKeywords.setText(WebUiBuiltInKeywords.groovy:980)
	at com.kms.katalon.core.webui.keyword.WebUiBuiltInKeywords$setText$2.call(Unknown Source)
	at 04-Login(Valid Credentials-With Subscription).run(04-Login(Valid Credentials-With Subscription):20)
	at com.kms.katalon.core.main.ScriptEngine.run(ScriptEngine.java:194)
	at com.kms.katalon.core.main.ScriptEngine.runScriptAsRawText(ScriptEngine.java:119)
	at com.kms.katalon.core.main.TestCaseExecutor.runScript(TestCaseExecutor.java:448)
	at com.kms.katalon.core.main.TestCaseExecutor.doExecute(TestCaseExecutor.java:439)
	at com.kms.katalon.core.main.TestCaseExecutor.processExecutionPhase(TestCaseExecutor.java:418)
	at com.kms.katalon.core.main.TestCaseExecutor.accessMainPhase(TestCaseExecutor.java:410)
	at com.kms.katalon.core.main.TestCaseExecutor.execute(TestCaseExecutor.java:285)
	at com.kms.katalon.core.main.TestCaseMain.runTestCase(TestCaseMain.java:142)
	at com.kms.katalon.core.keyword.builtin.CallTestCaseKeyword$_callTestCase_closure1.doCall(CallTestCaseKeyword.groovy:59)
	... 20 more
Caused by: com.kms.katalon.core.webui.exception.WebElementNotFoundException: Web element with id: 'Object Repository/01-Login and Forgot Password/input_Email_email' located by '//input[@id='mat-input-0']' not found
	at com.kms.katalon.core.webui.common.WebUiCommonHelper.findWebElement(WebUiCommonHelper.java:1370)
	at com.kms.katalon.core.webui.keyword.internal.WebUIAbstractKeyword.findWebElement(WebUIAbstractKeyword.groovy:27)
	at com.kms.katalon.core.webui.keyword.internal.WebUIAbstractKeyword.findWebElement(WebUIAbstractKeyword.groovy:26)
	at com.kms.katalon.core.webui.keyword.builtin.SetTextKeyword$_setText_closure1.doCall(SetTextKeyword.groovy:51)
	at com.kms.katalon.core.webui.keyword.builtin.SetTextKeyword$_setText_closure1.call(SetTextKeyword.groovy)
	at com.kms.katalon.core.webui.keyword.internal.WebUIKeywordMain.runKeyword(WebUIKeywordMain.groovy:20)
	... 35 more
)]]></system-out>
         <system-err><![CDATA[2023-02-23 13:32:49 - [TEST_CASE][FAILED] - Test Cases/09-Settings/21 - Organization unit - Edit Oganization unit: Test Cases/09-Settings/21 - Organization unit - Edit Oganization unit FAILED.
Reason:
com.kms.katalon.core.exception.StepFailedException: Call Test Case 'Test Cases/01-Login and Forgot Password/04-Login(Valid Credentials-With Subscription)' failed
	at com.kms.katalon.core.keyword.builtin.CallTestCaseKeyword$_callTestCase_closure1.doCall(CallTestCaseKeyword.groovy:63)
	at com.kms.katalon.core.keyword.builtin.CallTestCaseKeyword$_callTestCase_closure1.call(CallTestCaseKeyword.groovy)
	at com.kms.katalon.core.keyword.internal.KeywordMain.runKeyword(KeywordMain.groovy:74)
	at com.kms.katalon.core.keyword.builtin.CallTestCaseKeyword.callTestCase(CallTestCaseKeyword.groovy:81)
	at com.kms.katalon.core.keyword.builtin.CallTestCaseKeyword.execute(CallTestCaseKeyword.groovy:44)
	at com.kms.katalon.core.keyword.internal.KeywordExecutor.executeKeywordForPlatform(KeywordExecutor.groovy:74)
	at com.kms.katalon.core.keyword.BuiltinKeywords.callTestCase(BuiltinKeywords.groovy:334)
	at 21 - Organization unit - Edit Oganization unit.run(21 - Organization unit - Edit Oganization unit:26)
	at com.kms.katalon.core.main.ScriptEngine.run(ScriptEngine.java:194)
	at com.kms.katalon.core.main.ScriptEngine.runScriptAsRawText(ScriptEngine.java:119)
	at com.kms.katalon.core.main.TestCaseExecutor.runScript(TestCaseExecutor.java:448)
	at com.kms.katalon.core.main.TestCaseExecutor.doExecute(TestCaseExecutor.java:439)
	at com.kms.katalon.core.main.TestCaseExecutor.processExecutionPhase(TestCaseExecutor.java:418)
	at com.kms.katalon.core.main.TestCaseExecutor.accessMainPhase(TestCaseExecutor.java:410)
	at com.kms.katalon.core.main.TestCaseExecutor.execute(TestCaseExecutor.java:285)
	at com.kms.katalon.core.common.CommonExecutor.accessTestCaseMainPhase(CommonExecutor.java:65)
	at com.kms.katalon.core.main.TestSuiteExecutor.accessTestSuiteMainPhase(TestSuiteExecutor.java:144)
	at com.kms.katalon.core.main.TestSuiteExecutor.execute(TestSuiteExecutor.java:106)
	at com.kms.katalon.core.main.TestCaseMain.startTestSuite(TestCaseMain.java:185)
	at com.kms.katalon.core.main.TestCaseMain$startTestSuite$0.call(Unknown Source)
	at TempTestSuite1677129941314.run(TempTestSuite1677129941314.groovy:36)
Caused by: com.kms.katalon.core.exception.StepFailedException: Unable to set text 'testuser02@mailinator.com' of object 'Object Repository/01-Login and Forgot Password/input_Email_email'
	at com.kms.katalon.core.webui.keyword.internal.WebUIKeywordMain.stepFailed(WebUIKeywordMain.groovy:64)
	at com.kms.katalon.core.webui.keyword.internal.WebUIKeywordMain.runKeyword(WebUIKeywordMain.groovy:26)
	at com.kms.katalon.core.webui.keyword.builtin.SetTextKeyword.setText(SetTextKeyword.groovy:66)
	at com.kms.katalon.core.webui.keyword.builtin.SetTextKeyword.execute(SetTextKeyword.groovy:37)
	at com.kms.katalon.core.keyword.internal.KeywordExecutor.executeKeywordForPlatform(KeywordExecutor.groovy:74)
	at com.kms.katalon.core.webui.keyword.WebUiBuiltInKeywords.setText(WebUiBuiltInKeywords.groovy:980)
	at com.kms.katalon.core.webui.keyword.WebUiBuiltInKeywords$setText$2.call(Unknown Source)
	at 04-Login(Valid Credentials-With Subscription).run(04-Login(Valid Credentials-With Subscription):20)
	at com.kms.katalon.core.main.ScriptEngine.run(ScriptEngine.java:194)
	at com.kms.katalon.core.main.ScriptEngine.runScriptAsRawText(ScriptEngine.java:119)
	at com.kms.katalon.core.main.TestCaseExecutor.runScript(TestCaseExecutor.java:448)
	at com.kms.katalon.core.main.TestCaseExecutor.doExecute(TestCaseExecutor.java:439)
	at com.kms.katalon.core.main.TestCaseExecutor.processExecutionPhase(TestCaseExecutor.java:418)
	at com.kms.katalon.core.main.TestCaseExecutor.accessMainPhase(TestCaseExecutor.java:410)
	at com.kms.katalon.core.main.TestCaseExecutor.execute(TestCaseExecutor.java:285)
	at com.kms.katalon.core.main.TestCaseMain.runTestCase(TestCaseMain.java:142)
	at com.kms.katalon.core.keyword.builtin.CallTestCaseKeyword$_callTestCase_closure1.doCall(CallTestCaseKeyword.groovy:59)
	... 20 more
Caused by: com.kms.katalon.core.webui.exception.WebElementNotFoundException: Web element with id: 'Object Repository/01-Login and Forgot Password/input_Email_email' located by '//input[@id='mat-input-0']' not found
	at com.kms.katalon.core.webui.common.WebUiCommonHelper.findWebElement(WebUiCommonHelper.java:1370)
	at com.kms.katalon.core.webui.keyword.internal.WebUIAbstractKeyword.findWebElement(WebUIAbstractKeyword.groovy:27)
	at com.kms.katalon.core.webui.keyword.internal.WebUIAbstractKeyword.findWebElement(WebUIAbstractKeyword.groovy:26)
	at com.kms.katalon.core.webui.keyword.builtin.SetTextKeyword$_setText_closure1.doCall(SetTextKeyword.groovy:51)
	at com.kms.katalon.core.webui.keyword.builtin.SetTextKeyword$_setText_closure1.call(SetTextKeyword.groovy)
	at com.kms.katalon.core.webui.keyword.internal.WebUIKeywordMain.runKeyword(WebUIKeywordMain.groovy:20)
	... 35 more]]></system-err>
      </testcase>
      <testcase name="Test Cases/09-Settings/22 - Organization unit - Delete Organization unit" time="37.473" classname="Test Cases/09-Settings/22 - Organization unit - Delete Organization unit" status="FAILED">
         <failure type="FAILED" message="Test Cases/09-Settings/22 - Organization unit - Delete Organization unit FAILED.
Reason:
com.kms.katalon.core.exception.StepFailedException: Unable to move mouse over object 'Object Repository/09-Settings/Organization unit/div_GG TESTER'
	at com.kms.katalon.core.webui.keyword.internal.WebUIKeywordMain.stepFailed(WebUIKeywordMain.groovy:64)
	at com.kms.katalon.core.webui.keyword.internal.WebUIKeywordMain.runKeyword(WebUIKeywordMain.groovy:26)
	at com.kms.katalon.core.webui.keyword.builtin.MouseOverKeyword.mouseOver(MouseOverKeyword.groovy:66)
	at com.kms.katalon.core.webui.keyword.builtin.MouseOverKeyword.execute(MouseOverKeyword.groovy:40)
	at com.kms.katalon.core.keyword.internal.KeywordExecutor.executeKeywordForPlatform(KeywordExecutor.groovy:74)
	at com.kms.katalon.core.webui.keyword.WebUiBuiltInKeywords.mouseOver(WebUiBuiltInKeywords.groovy:806)
	at com.kms.katalon.core.webui.keyword.WebUiBuiltInKeywords$mouseOver$14.call(Unknown Source)
	at 22 - Organization unit - Delete Organization unit.run(22 - Organization unit - Delete Organization unit:22)
	at com.kms.katalon.core.main.ScriptEngine.run(ScriptEngine.java:194)
	at com.kms.katalon.core.main.ScriptEngine.runScriptAsRawText(ScriptEngine.java:119)
	at com.kms.katalon.core.main.TestCaseExecutor.runScript(TestCaseExecutor.java:448)
	at com.kms.katalon.core.main.TestCaseExecutor.doExecute(TestCaseExecutor.java:439)
	at com.kms.katalon.core.main.TestCaseExecutor.processExecutionPhase(TestCaseExecutor.java:418)
	at com.kms.katalon.core.main.TestCaseExecutor.accessMainPhase(TestCaseExecutor.java:410)
	at com.kms.katalon.core.main.TestCaseExecutor.execute(TestCaseExecutor.java:285)
	at com.kms.katalon.core.common.CommonExecutor.accessTestCaseMainPhase(CommonExecutor.java:65)
	at com.kms.katalon.core.main.TestSuiteExecutor.accessTestSuiteMainPhase(TestSuiteExecutor.java:144)
	at com.kms.katalon.core.main.TestSuiteExecutor.execute(TestSuiteExecutor.java:106)
	at com.kms.katalon.core.main.TestCaseMain.startTestSuite(TestCaseMain.java:185)
	at com.kms.katalon.core.main.TestCaseMain$startTestSuite$0.call(Unknown Source)
	at TempTestSuite1677129941314.run(TempTestSuite1677129941314.groovy:36)
Caused by: com.kms.katalon.core.webui.exception.WebElementNotFoundException: Web element with id: 'Object Repository/09-Settings/Organization unit/div_GG TESTER' located by '//td[text()=' GG Automation ']/following-sibling::td' not found
	at com.kms.katalon.core.webui.common.WebUiCommonHelper.findWebElement(WebUiCommonHelper.java:1370)
	at com.kms.katalon.core.webui.keyword.internal.WebUIAbstractKeyword.findWebElement(WebUIAbstractKeyword.groovy:27)
	at com.kms.katalon.core.webui.keyword.internal.WebUIAbstractKeyword.findWebElement(WebUIAbstractKeyword.groovy:26)
	at com.kms.katalon.core.webui.keyword.builtin.MouseOverKeyword$_mouseOver_closure1.doCall(MouseOverKeyword.groovy:54)
	at com.kms.katalon.core.webui.keyword.builtin.MouseOverKeyword$_mouseOver_closure1.call(MouseOverKeyword.groovy)
	at com.kms.katalon.core.webui.keyword.internal.WebUIKeywordMain.runKeyword(WebUIKeywordMain.groovy:20)
	... 19 more
"/>
         <system-out><![CDATA[2023-02-23 13:33:26 - [TEST_CASE][FAILED] - Test Cases/09-Settings/22 - Organization unit - Delete Organization unit: Test Cases/09-Settings/22 - Organization unit - Delete Organization unit FAILED.
Reason:
com.kms.katalon.core.exception.StepFailedException: Unable to move mouse over object 'Object Repository/09-Settings/Organization unit/div_GG TESTER'
	at com.kms.katalon.core.webui.keyword.internal.WebUIKeywordMain.stepFailed(WebUIKeywordMain.groovy:64)
	at com.kms.katalon.core.webui.keyword.internal.WebUIKeywordMain.runKeyword(WebUIKeywordMain.groovy:26)
	at com.kms.katalon.core.webui.keyword.builtin.MouseOverKeyword.mouseOver(MouseOverKeyword.groovy:66)
	at com.kms.katalon.core.webui.keyword.builtin.MouseOverKeyword.execute(MouseOverKeyword.groovy:40)
	at com.kms.katalon.core.keyword.internal.KeywordExecutor.executeKeywordForPlatform(KeywordExecutor.groovy:74)
	at com.kms.katalon.core.webui.keyword.WebUiBuiltInKeywords.mouseOver(WebUiBuiltInKeywords.groovy:806)
	at com.kms.katalon.core.webui.keyword.WebUiBuiltInKeywords$mouseOver$14.call(Unknown Source)
	at 22 - Organization unit - Delete Organization unit.run(22 - Organization unit - Delete Organization unit:22)
	at com.kms.katalon.core.main.ScriptEngine.run(ScriptEngine.java:194)
	at com.kms.katalon.core.main.ScriptEngine.runScriptAsRawText(ScriptEngine.java:119)
	at com.kms.katalon.core.main.TestCaseExecutor.runScript(TestCaseExecutor.java:448)
	at com.kms.katalon.core.main.TestCaseExecutor.doExecute(TestCaseExecutor.java:439)
	at com.kms.katalon.core.main.TestCaseExecutor.processExecutionPhase(TestCaseExecutor.java:418)
	at com.kms.katalon.core.main.TestCaseExecutor.accessMainPhase(TestCaseExecutor.java:410)
	at com.kms.katalon.core.main.TestCaseExecutor.execute(TestCaseExecutor.java:285)
	at com.kms.katalon.core.common.CommonExecutor.accessTestCaseMainPhase(CommonExecutor.java:65)
	at com.kms.katalon.core.main.TestSuiteExecutor.accessTestSuiteMainPhase(TestSuiteExecutor.java:144)
	at com.kms.katalon.core.main.TestSuiteExecutor.execute(TestSuiteExecutor.java:106)
	at com.kms.katalon.core.main.TestCaseMain.startTestSuite(TestCaseMain.java:185)
	at com.kms.katalon.core.main.TestCaseMain$startTestSuite$0.call(Unknown Source)
	at TempTestSuite1677129941314.run(TempTestSuite1677129941314.groovy:36)
Caused by: com.kms.katalon.core.webui.exception.WebElementNotFoundException: Web element with id: 'Object Repository/09-Settings/Organization unit/div_GG TESTER' located by '//td[text()=' GG Automation ']/following-sibling::td' not found
	at com.kms.katalon.core.webui.common.WebUiCommonHelper.findWebElement(WebUiCommonHelper.java:1370)
	at com.kms.katalon.core.webui.keyword.internal.WebUIAbstractKeyword.findWebElement(WebUIAbstractKeyword.groovy:27)
	at com.kms.katalon.core.webui.keyword.internal.WebUIAbstractKeyword.findWebElement(WebUIAbstractKeyword.groovy:26)
	at com.kms.katalon.core.webui.keyword.builtin.MouseOverKeyword$_mouseOver_closure1.doCall(MouseOverKeyword.groovy:54)
	at com.kms.katalon.core.webui.keyword.builtin.MouseOverKeyword$_mouseOver_closure1.call(MouseOverKeyword.groovy)
	at com.kms.katalon.core.webui.keyword.internal.WebUIKeywordMain.runKeyword(WebUIKeywordMain.groovy:20)
	... 19 more


2023-02-23 13:33:29 - [TEST_STEP][PASSED] - delay(3): Delayed 3 second(s)

2023-02-23 13:33:32 - [MESSAGE][PASSED] - Delayed 3 second(s)

2023-02-23 13:33:32 - [TEST_STEP][FAILED] - mouseOver(findTestObject("09-Settings/Organization unit/div_GG TESTER")): Unable to move mouse over object 'Object Repository/09-Settings/Organization unit/div_GG TESTER' (Root cause: com.kms.katalon.core.exception.StepFailedException: Unable to move mouse over object 'Object Repository/09-Settings/Organization unit/div_GG TESTER'
	at com.kms.katalon.core.webui.keyword.internal.WebUIKeywordMain.stepFailed(WebUIKeywordMain.groovy:64)
	at com.kms.katalon.core.webui.keyword.internal.WebUIKeywordMain.runKeyword(WebUIKeywordMain.groovy:26)
	at com.kms.katalon.core.webui.keyword.builtin.MouseOverKeyword.mouseOver(MouseOverKeyword.groovy:66)
	at com.kms.katalon.core.webui.keyword.builtin.MouseOverKeyword.execute(MouseOverKeyword.groovy:40)
	at com.kms.katalon.core.keyword.internal.KeywordExecutor.executeKeywordForPlatform(KeywordExecutor.groovy:74)
	at com.kms.katalon.core.webui.keyword.WebUiBuiltInKeywords.mouseOver(WebUiBuiltInKeywords.groovy:806)
	at com.kms.katalon.core.webui.keyword.WebUiBuiltInKeywords$mouseOver$14.call(Unknown Source)
	at 22 - Organization unit - Delete Organization unit.run(22 - Organization unit - Delete Organization unit:22)
	at com.kms.katalon.core.main.ScriptEngine.run(ScriptEngine.java:194)
	at com.kms.katalon.core.main.ScriptEngine.runScriptAsRawText(ScriptEngine.java:119)
	at com.kms.katalon.core.main.TestCaseExecutor.runScript(TestCaseExecutor.java:448)
	at com.kms.katalon.core.main.TestCaseExecutor.doExecute(TestCaseExecutor.java:439)
	at com.kms.katalon.core.main.TestCaseExecutor.processExecutionPhase(TestCaseExecutor.java:418)
	at com.kms.katalon.core.main.TestCaseExecutor.accessMainPhase(TestCaseExecutor.java:410)
	at com.kms.katalon.core.main.TestCaseExecutor.execute(TestCaseExecutor.java:285)
	at com.kms.katalon.core.common.CommonExecutor.accessTestCaseMainPhase(CommonExecutor.java:65)
	at com.kms.katalon.core.main.TestSuiteExecutor.accessTestSuiteMainPhase(TestSuiteExecutor.java:144)
	at com.kms.katalon.core.main.TestSuiteExecutor.execute(TestSuiteExecutor.java:106)
	at com.kms.katalon.core.main.TestCaseMain.startTestSuite(TestCaseMain.java:185)
	at com.kms.katalon.core.main.TestCaseMain$startTestSuite$0.call(Unknown Source)
	at TempTestSuite1677129941314.run(TempTestSuite1677129941314.groovy:36)
Caused by: com.kms.katalon.core.webui.exception.WebElementNotFoundException: Web element with id: 'Object Repository/09-Settings/Organization unit/div_GG TESTER' located by '//td[text()=' GG Automation ']/following-sibling::td' not found
	at com.kms.katalon.core.webui.common.WebUiCommonHelper.findWebElement(WebUiCommonHelper.java:1370)
	at com.kms.katalon.core.webui.keyword.internal.WebUIAbstractKeyword.findWebElement(WebUIAbstractKeyword.groovy:27)
	at com.kms.katalon.core.webui.keyword.internal.WebUIAbstractKeyword.findWebElement(WebUIAbstractKeyword.groovy:26)
	at com.kms.katalon.core.webui.keyword.builtin.MouseOverKeyword$_mouseOver_closure1.doCall(MouseOverKeyword.groovy:54)
	at com.kms.katalon.core.webui.keyword.builtin.MouseOverKeyword$_mouseOver_closure1.call(MouseOverKeyword.groovy)
	at com.kms.katalon.core.webui.keyword.internal.WebUIKeywordMain.runKeyword(WebUIKeywordMain.groovy:20)
	at com.kms.katalon.core.webui.keyword.builtin.MouseOverKeyword.mouseOver(MouseOverKeyword.groovy:66)
	at com.kms.katalon.core.webui.keyword.builtin.MouseOverKeyword.execute(MouseOverKeyword.groovy:40)
	at com.kms.katalon.core.keyword.internal.KeywordExecutor.executeKeywordForPlatform(KeywordExecutor.groovy:74)
	at com.kms.katalon.core.webui.keyword.WebUiBuiltInKeywords.mouseOver(WebUiBuiltInKeywords.groovy:806)
	at com.kms.katalon.core.webui.keyword.WebUiBuiltInKeywords$mouseOver$14.call(Unknown Source)
	at Script1665394255851.run(Script1665394255851.groovy:22)
	... 13 more
)

2023-02-23 13:34:03 - [MESSAGE][INFO] - Unable to find the element located by 'By.xpath: //td[text()=' GG Automation ']/following-sibling::td'. Please recheck the objects properties to make sure the desired element is located. 

2023-02-23 13:34:04 - [MESSAGE][FAILED] - Unable to move mouse over object 'Object Repository/09-Settings/Organization unit/div_GG TESTER' (Root cause: com.kms.katalon.core.exception.StepFailedException: Unable to move mouse over object 'Object Repository/09-Settings/Organization unit/div_GG TESTER'
	at com.kms.katalon.core.webui.keyword.internal.WebUIKeywordMain.stepFailed(WebUIKeywordMain.groovy:64)
	at com.kms.katalon.core.webui.keyword.internal.WebUIKeywordMain.runKeyword(WebUIKeywordMain.groovy:26)
	at com.kms.katalon.core.webui.keyword.builtin.MouseOverKeyword.mouseOver(MouseOverKeyword.groovy:66)
	at com.kms.katalon.core.webui.keyword.builtin.MouseOverKeyword.execute(MouseOverKeyword.groovy:40)
	at com.kms.katalon.core.keyword.internal.KeywordExecutor.executeKeywordForPlatform(KeywordExecutor.groovy:74)
	at com.kms.katalon.core.webui.keyword.WebUiBuiltInKeywords.mouseOver(WebUiBuiltInKeywords.groovy:806)
	at com.kms.katalon.core.webui.keyword.WebUiBuiltInKeywords$mouseOver$14.call(Unknown Source)
	at 22 - Organization unit - Delete Organization unit.run(22 - Organization unit - Delete Organization unit:22)
	at com.kms.katalon.core.main.ScriptEngine.run(ScriptEngine.java:194)
	at com.kms.katalon.core.main.ScriptEngine.runScriptAsRawText(ScriptEngine.java:119)
	at com.kms.katalon.core.main.TestCaseExecutor.runScript(TestCaseExecutor.java:448)
	at com.kms.katalon.core.main.TestCaseExecutor.doExecute(TestCaseExecutor.java:439)
	at com.kms.katalon.core.main.TestCaseExecutor.processExecutionPhase(TestCaseExecutor.java:418)
	at com.kms.katalon.core.main.TestCaseExecutor.accessMainPhase(TestCaseExecutor.java:410)
	at com.kms.katalon.core.main.TestCaseExecutor.execute(TestCaseExecutor.java:285)
	at com.kms.katalon.core.common.CommonExecutor.accessTestCaseMainPhase(CommonExecutor.java:65)
	at com.kms.katalon.core.main.TestSuiteExecutor.accessTestSuiteMainPhase(TestSuiteExecutor.java:144)
	at com.kms.katalon.core.main.TestSuiteExecutor.execute(TestSuiteExecutor.java:106)
	at com.kms.katalon.core.main.TestCaseMain.startTestSuite(TestCaseMain.java:185)
	at com.kms.katalon.core.main.TestCaseMain$startTestSuite$0.call(Unknown Source)
	at TempTestSuite1677129941314.run(TempTestSuite1677129941314.groovy:36)
Caused by: com.kms.katalon.core.webui.exception.WebElementNotFoundException: Web element with id: 'Object Repository/09-Settings/Organization unit/div_GG TESTER' located by '//td[text()=' GG Automation ']/following-sibling::td' not found
	at com.kms.katalon.core.webui.common.WebUiCommonHelper.findWebElement(WebUiCommonHelper.java:1370)
	at com.kms.katalon.core.webui.keyword.internal.WebUIAbstractKeyword.findWebElement(WebUIAbstractKeyword.groovy:27)
	at com.kms.katalon.core.webui.keyword.internal.WebUIAbstractKeyword.findWebElement(WebUIAbstractKeyword.groovy:26)
	at com.kms.katalon.core.webui.keyword.builtin.MouseOverKeyword$_mouseOver_closure1.doCall(MouseOverKeyword.groovy:54)
	at com.kms.katalon.core.webui.keyword.builtin.MouseOverKeyword$_mouseOver_closure1.call(MouseOverKeyword.groovy)
	at com.kms.katalon.core.webui.keyword.internal.WebUIKeywordMain.runKeyword(WebUIKeywordMain.groovy:20)
	at com.kms.katalon.core.webui.keyword.builtin.MouseOverKeyword.mouseOver(MouseOverKeyword.groovy:66)
	at com.kms.katalon.core.webui.keyword.builtin.MouseOverKeyword.execute(MouseOverKeyword.groovy:40)
	at com.kms.katalon.core.keyword.internal.KeywordExecutor.executeKeywordForPlatform(KeywordExecutor.groovy:74)
	at com.kms.katalon.core.webui.keyword.WebUiBuiltInKeywords.mouseOver(WebUiBuiltInKeywords.groovy:806)
	at com.kms.katalon.core.webui.keyword.WebUiBuiltInKeywords$mouseOver$14.call(Unknown Source)
	at Script1665394255851.run(Script1665394255851.groovy:22)
	... 13 more
)
[[ATTACHMENT|C:\\Users\\asus\\Katalon Studio\\Everleagues\\Everleagues\\Reports\\20230223_132541\\TS-Organization\\09.4 - Settings (Organization unit)\\20230223_132541\\1677130443775.png]]]]></system-out>
         <system-err><![CDATA[2023-02-23 13:33:26 - [TEST_CASE][FAILED] - Test Cases/09-Settings/22 - Organization unit - Delete Organization unit: Test Cases/09-Settings/22 - Organization unit - Delete Organization unit FAILED.
Reason:
com.kms.katalon.core.exception.StepFailedException: Unable to move mouse over object 'Object Repository/09-Settings/Organization unit/div_GG TESTER'
	at com.kms.katalon.core.webui.keyword.internal.WebUIKeywordMain.stepFailed(WebUIKeywordMain.groovy:64)
	at com.kms.katalon.core.webui.keyword.internal.WebUIKeywordMain.runKeyword(WebUIKeywordMain.groovy:26)
	at com.kms.katalon.core.webui.keyword.builtin.MouseOverKeyword.mouseOver(MouseOverKeyword.groovy:66)
	at com.kms.katalon.core.webui.keyword.builtin.MouseOverKeyword.execute(MouseOverKeyword.groovy:40)
	at com.kms.katalon.core.keyword.internal.KeywordExecutor.executeKeywordForPlatform(KeywordExecutor.groovy:74)
	at com.kms.katalon.core.webui.keyword.WebUiBuiltInKeywords.mouseOver(WebUiBuiltInKeywords.groovy:806)
	at com.kms.katalon.core.webui.keyword.WebUiBuiltInKeywords$mouseOver$14.call(Unknown Source)
	at 22 - Organization unit - Delete Organization unit.run(22 - Organization unit - Delete Organization unit:22)
	at com.kms.katalon.core.main.ScriptEngine.run(ScriptEngine.java:194)
	at com.kms.katalon.core.main.ScriptEngine.runScriptAsRawText(ScriptEngine.java:119)
	at com.kms.katalon.core.main.TestCaseExecutor.runScript(TestCaseExecutor.java:448)
	at com.kms.katalon.core.main.TestCaseExecutor.doExecute(TestCaseExecutor.java:439)
	at com.kms.katalon.core.main.TestCaseExecutor.processExecutionPhase(TestCaseExecutor.java:418)
	at com.kms.katalon.core.main.TestCaseExecutor.accessMainPhase(TestCaseExecutor.java:410)
	at com.kms.katalon.core.main.TestCaseExecutor.execute(TestCaseExecutor.java:285)
	at com.kms.katalon.core.common.CommonExecutor.accessTestCaseMainPhase(CommonExecutor.java:65)
	at com.kms.katalon.core.main.TestSuiteExecutor.accessTestSuiteMainPhase(TestSuiteExecutor.java:144)
	at com.kms.katalon.core.main.TestSuiteExecutor.execute(TestSuiteExecutor.java:106)
	at com.kms.katalon.core.main.TestCaseMain.startTestSuite(TestCaseMain.java:185)
	at com.kms.katalon.core.main.TestCaseMain$startTestSuite$0.call(Unknown Source)
	at TempTestSuite1677129941314.run(TempTestSuite1677129941314.groovy:36)
Caused by: com.kms.katalon.core.webui.exception.WebElementNotFoundException: Web element with id: 'Object Repository/09-Settings/Organization unit/div_GG TESTER' located by '//td[text()=' GG Automation ']/following-sibling::td' not found
	at com.kms.katalon.core.webui.common.WebUiCommonHelper.findWebElement(WebUiCommonHelper.java:1370)
	at com.kms.katalon.core.webui.keyword.internal.WebUIAbstractKeyword.findWebElement(WebUIAbstractKeyword.groovy:27)
	at com.kms.katalon.core.webui.keyword.internal.WebUIAbstractKeyword.findWebElement(WebUIAbstractKeyword.groovy:26)
	at com.kms.katalon.core.webui.keyword.builtin.MouseOverKeyword$_mouseOver_closure1.doCall(MouseOverKeyword.groovy:54)
	at com.kms.katalon.core.webui.keyword.builtin.MouseOverKeyword$_mouseOver_closure1.call(MouseOverKeyword.groovy)
	at com.kms.katalon.core.webui.keyword.internal.WebUIKeywordMain.runKeyword(WebUIKeywordMain.groovy:20)
	... 19 more]]></system-err>
      </testcase>
      <system-out><![CDATA[2023-02-23 13:25:56 - [TEST_SUITE][FAILED] - 09.4 - Settings (Organization unit): Test Cases/09-Settings/21 - Organization unit - Edit Oganization unit FAILED.
Reason:
com.kms.katalon.core.exception.StepFailedException: Call Test Case 'Test Cases/01-Login and Forgot Password/04-Login(Valid Credentials-With Subscription)' failed
	at com.kms.katalon.core.keyword.builtin.CallTestCaseKeyword$_callTestCase_closure1.doCall(CallTestCaseKeyword.groovy:63)
	at com.kms.katalon.core.keyword.builtin.CallTestCaseKeyword$_callTestCase_closure1.call(CallTestCaseKeyword.groovy)
	at com.kms.katalon.core.keyword.internal.KeywordMain.runKeyword(KeywordMain.groovy:74)
	at com.kms.katalon.core.keyword.builtin.CallTestCaseKeyword.callTestCase(CallTestCaseKeyword.groovy:81)
	at com.kms.katalon.core.keyword.builtin.CallTestCaseKeyword.execute(CallTestCaseKeyword.groovy:44)
	at com.kms.katalon.core.keyword.internal.KeywordExecutor.executeKeywordForPlatform(KeywordExecutor.groovy:74)
	at com.kms.katalon.core.keyword.BuiltinKeywords.callTestCase(BuiltinKeywords.groovy:334)
	at 21 - Organization unit - Edit Oganization unit.run(21 - Organization unit - Edit Oganization unit:26)
	at com.kms.katalon.core.main.ScriptEngine.run(ScriptEngine.java:194)
	at com.kms.katalon.core.main.ScriptEngine.runScriptAsRawText(ScriptEngine.java:119)
	at com.kms.katalon.core.main.TestCaseExecutor.runScript(TestCaseExecutor.java:448)
	at com.kms.katalon.core.main.TestCaseExecutor.doExecute(TestCaseExecutor.java:439)
	at com.kms.katalon.core.main.TestCaseExecutor.processExecutionPhase(TestCaseExecutor.java:418)
	at com.kms.katalon.core.main.TestCaseExecutor.accessMainPhase(TestCaseExecutor.java:410)
	at com.kms.katalon.core.main.TestCaseExecutor.execute(TestCaseExecutor.java:285)
	at com.kms.katalon.core.common.CommonExecutor.accessTestCaseMainPhase(CommonExecutor.java:65)
	at com.kms.katalon.core.main.TestSuiteExecutor.accessTestSuiteMainPhase(TestSuiteExecutor.java:144)
	at com.kms.katalon.core.main.TestSuiteExecutor.execute(TestSuiteExecutor.java:106)
	at com.kms.katalon.core.main.TestCaseMain.startTestSuite(TestCaseMain.java:185)
	at com.kms.katalon.core.main.TestCaseMain$startTestSuite$0.call(Unknown Source)
	at TempTestSuite1677129941314.run(TempTestSuite1677129941314.groovy:36)
Caused by: com.kms.katalon.core.exception.StepFailedException: Unable to set text 'testuser02@mailinator.com' of object 'Object Repository/01-Login and Forgot Password/input_Email_email'
	at com.kms.katalon.core.webui.keyword.internal.WebUIKeywordMain.stepFailed(WebUIKeywordMain.groovy:64)
	at com.kms.katalon.core.webui.keyword.internal.WebUIKeywordMain.runKeyword(WebUIKeywordMain.groovy:26)
	at com.kms.katalon.core.webui.keyword.builtin.SetTextKeyword.setText(SetTextKeyword.groovy:66)
	at com.kms.katalon.core.webui.keyword.builtin.SetTextKeyword.execute(SetTextKeyword.groovy:37)
	at com.kms.katalon.core.keyword.internal.KeywordExecutor.executeKeywordForPlatform(KeywordExecutor.groovy:74)
	at com.kms.katalon.core.webui.keyword.WebUiBuiltInKeywords.setText(WebUiBuiltInKeywords.groovy:980)
	at com.kms.katalon.core.webui.keyword.WebUiBuiltInKeywords$setText$2.call(Unknown Source)
	at 04-Login(Valid Credentials-With Subscription).run(04-Login(Valid Credentials-With Subscription):20)
	at com.kms.katalon.core.main.ScriptEngine.run(ScriptEngine.java:194)
	at com.kms.katalon.core.main.ScriptEngine.runScriptAsRawText(ScriptEngine.java:119)
	at com.kms.katalon.core.main.TestCaseExecutor.runScript(TestCaseExecutor.java:448)
	at com.kms.katalon.core.main.TestCaseExecutor.doExecute(TestCaseExecutor.java:439)
	at com.kms.katalon.core.main.TestCaseExecutor.processExecutionPhase(TestCaseExecutor.java:418)
	at com.kms.katalon.core.main.TestCaseExecutor.accessMainPhase(TestCaseExecutor.java:410)
	at com.kms.katalon.core.main.TestCaseExecutor.execute(TestCaseExecutor.java:285)
	at com.kms.katalon.core.main.TestCaseMain.runTestCase(TestCaseMain.java:142)
	at com.kms.katalon.core.keyword.builtin.CallTestCaseKeyword$_callTestCase_closure1.doCall(CallTestCaseKeyword.groovy:59)
	... 20 more
Caused by: com.kms.katalon.core.webui.exception.WebElementNotFoundException: Web element with id: 'Object Repository/01-Login and Forgot Password/input_Email_email' located by '//input[@id='mat-input-0']' not found
	at com.kms.katalon.core.webui.common.WebUiCommonHelper.findWebElement(WebUiCommonHelper.java:1370)
	at com.kms.katalon.core.webui.keyword.internal.WebUIAbstractKeyword.findWebElement(WebUIAbstractKeyword.groovy:27)
	at com.kms.katalon.core.webui.keyword.internal.WebUIAbstractKeyword.findWebElement(WebUIAbstractKeyword.groovy:26)
	at com.kms.katalon.core.webui.keyword.builtin.SetTextKeyword$_setText_closure1.doCall(SetTextKeyword.groovy:51)
	at com.kms.katalon.core.webui.keyword.builtin.SetTextKeyword$_setText_closure1.call(SetTextKeyword.groovy)
	at com.kms.katalon.core.webui.keyword.internal.WebUIKeywordMain.runKeyword(WebUIKeywordMain.groovy:20)
	... 35 more]]></system-out>
      <system-err><![CDATA[2023-02-23 13:25:56 - [TEST_SUITE][FAILED] - 09.4 - Settings (Organization unit): Test Cases/09-Settings/21 - Organization unit - Edit Oganization unit FAILED.
Reason:
com.kms.katalon.core.exception.StepFailedException: Call Test Case 'Test Cases/01-Login and Forgot Password/04-Login(Valid Credentials-With Subscription)' failed
	at com.kms.katalon.core.keyword.builtin.CallTestCaseKeyword$_callTestCase_closure1.doCall(CallTestCaseKeyword.groovy:63)
	at com.kms.katalon.core.keyword.builtin.CallTestCaseKeyword$_callTestCase_closure1.call(CallTestCaseKeyword.groovy)
	at com.kms.katalon.core.keyword.internal.KeywordMain.runKeyword(KeywordMain.groovy:74)
	at com.kms.katalon.core.keyword.builtin.CallTestCaseKeyword.callTestCase(CallTestCaseKeyword.groovy:81)
	at com.kms.katalon.core.keyword.builtin.CallTestCaseKeyword.execute(CallTestCaseKeyword.groovy:44)
	at com.kms.katalon.core.keyword.internal.KeywordExecutor.executeKeywordForPlatform(KeywordExecutor.groovy:74)
	at com.kms.katalon.core.keyword.BuiltinKeywords.callTestCase(BuiltinKeywords.groovy:334)
	at 21 - Organization unit - Edit Oganization unit.run(21 - Organization unit - Edit Oganization unit:26)
	at com.kms.katalon.core.main.ScriptEngine.run(ScriptEngine.java:194)
	at com.kms.katalon.core.main.ScriptEngine.runScriptAsRawText(ScriptEngine.java:119)
	at com.kms.katalon.core.main.TestCaseExecutor.runScript(TestCaseExecutor.java:448)
	at com.kms.katalon.core.main.TestCaseExecutor.doExecute(TestCaseExecutor.java:439)
	at com.kms.katalon.core.main.TestCaseExecutor.processExecutionPhase(TestCaseExecutor.java:418)
	at com.kms.katalon.core.main.TestCaseExecutor.accessMainPhase(TestCaseExecutor.java:410)
	at com.kms.katalon.core.main.TestCaseExecutor.execute(TestCaseExecutor.java:285)
	at com.kms.katalon.core.common.CommonExecutor.accessTestCaseMainPhase(CommonExecutor.java:65)
	at com.kms.katalon.core.main.TestSuiteExecutor.accessTestSuiteMainPhase(TestSuiteExecutor.java:144)
	at com.kms.katalon.core.main.TestSuiteExecutor.execute(TestSuiteExecutor.java:106)
	at com.kms.katalon.core.main.TestCaseMain.startTestSuite(TestCaseMain.java:185)
	at com.kms.katalon.core.main.TestCaseMain$startTestSuite$0.call(Unknown Source)
	at TempTestSuite1677129941314.run(TempTestSuite1677129941314.groovy:36)
Caused by: com.kms.katalon.core.exception.StepFailedException: Unable to set text 'testuser02@mailinator.com' of object 'Object Repository/01-Login and Forgot Password/input_Email_email'
	at com.kms.katalon.core.webui.keyword.internal.WebUIKeywordMain.stepFailed(WebUIKeywordMain.groovy:64)
	at com.kms.katalon.core.webui.keyword.internal.WebUIKeywordMain.runKeyword(WebUIKeywordMain.groovy:26)
	at com.kms.katalon.core.webui.keyword.builtin.SetTextKeyword.setText(SetTextKeyword.groovy:66)
	at com.kms.katalon.core.webui.keyword.builtin.SetTextKeyword.execute(SetTextKeyword.groovy:37)
	at com.kms.katalon.core.keyword.internal.KeywordExecutor.executeKeywordForPlatform(KeywordExecutor.groovy:74)
	at com.kms.katalon.core.webui.keyword.WebUiBuiltInKeywords.setText(WebUiBuiltInKeywords.groovy:980)
	at com.kms.katalon.core.webui.keyword.WebUiBuiltInKeywords$setText$2.call(Unknown Source)
	at 04-Login(Valid Credentials-With Subscription).run(04-Login(Valid Credentials-With Subscription):20)
	at com.kms.katalon.core.main.ScriptEngine.run(ScriptEngine.java:194)
	at com.kms.katalon.core.main.ScriptEngine.runScriptAsRawText(ScriptEngine.java:119)
	at com.kms.katalon.core.main.TestCaseExecutor.runScript(TestCaseExecutor.java:448)
	at com.kms.katalon.core.main.TestCaseExecutor.doExecute(TestCaseExecutor.java:439)
	at com.kms.katalon.core.main.TestCaseExecutor.processExecutionPhase(TestCaseExecutor.java:418)
	at com.kms.katalon.core.main.TestCaseExecutor.accessMainPhase(TestCaseExecutor.java:410)
	at com.kms.katalon.core.main.TestCaseExecutor.execute(TestCaseExecutor.java:285)
	at com.kms.katalon.core.main.TestCaseMain.runTestCase(TestCaseMain.java:142)
	at com.kms.katalon.core.keyword.builtin.CallTestCaseKeyword$_callTestCase_closure1.doCall(CallTestCaseKeyword.groovy:59)
	... 20 more
Caused by: com.kms.katalon.core.webui.exception.WebElementNotFoundException: Web element with id: 'Object Repository/01-Login and Forgot Password/input_Email_email' located by '//input[@id='mat-input-0']' not found
	at com.kms.katalon.core.webui.common.WebUiCommonHelper.findWebElement(WebUiCommonHelper.java:1370)
	at com.kms.katalon.core.webui.keyword.internal.WebUIAbstractKeyword.findWebElement(WebUIAbstractKeyword.groovy:27)
	at com.kms.katalon.core.webui.keyword.internal.WebUIAbstractKeyword.findWebElement(WebUIAbstractKeyword.groovy:26)
	at com.kms.katalon.core.webui.keyword.builtin.SetTextKeyword$_setText_closure1.doCall(SetTextKeyword.groovy:51)
	at com.kms.katalon.core.webui.keyword.builtin.SetTextKeyword$_setText_closure1.call(SetTextKeyword.groovy)
	at com.kms.katalon.core.webui.keyword.internal.WebUIKeywordMain.runKeyword(WebUIKeywordMain.groovy:20)
	... 35 more]]></system-err>
   </testsuite>
</testsuites>
