<?xml version="1.0" encoding="UTF-8"?>
<testsuites name="12.2-EL Sign (Received Documents)" time="298.57" tests="5" failures="0" errors="0">
   <testsuite name="12.2-EL Sign (Received Documents)" tests="5" failures="0" errors="0" time="298.57" skipped="0" timestamp="2023-02-14 13:02:42" hostname="asus - DESKTOP-3L3J9C1" id="Test Suites/TS-Organization/12.2-EL Sign (Received Documents)">
      <properties>
         <property name="deviceName" value=""/>
         <property name="devicePlatform" value=""/>
         <property name="logFolder" value="C:\\Users\\asus\\Katalon Studio\\Everleagues\\Everleagues\\Reports\\20230214_130225\\TS-Organization\\12.2-EL Sign (Received Documents)\\20230214_130225"/>
         <property name="logFiles" value="C:\\Users\\asus\\Katalon Studio\\Everleagues\\Everleagues\\Reports\\20230214_130225\\TS-Organization\\12.2-EL Sign (Received Documents)\\20230214_130225\\execution0.log"/>
         <property name="attachments" value=""/>
         <property name="hostName" value="asus - DESKTOP-3L3J9C1"/>
         <property name="os" value="Windows 10 64bit"/>
         <property name="katalonVersion" value="8.4.1.208"/>
         <property name="browser" value="Chrome 109.0.0.0"/>
         <property name="hostAddress" value="10.5.0.2"/>
         <property name="sessionId" value="562717037e0be55e335d61a8a35ccd67"/>
         <property name="seleniumVersion" value="3.141.59"/>
         <property name="proxyInformation" value="ProxyInformation { proxyOption=NO_PROXY, proxyServerType=HTTP, username=, password=********, proxyServerAddress=, proxyServerPort=0, executionList=&quot;&quot;, isApplyToDesiredCapabilities=true }"/>
         <property name="platform" value="Windows 10"/>
      </properties>
      <testcase name="Test Cases/12-EL Sign/10-Received Documents(Sign a Document)" time="225.419" classname="Test Cases/12-EL Sign/10-Received Documents(Sign a Document)" status="PASSED">
         <system-out><![CDATA[2023-02-14 13:02:44 - [TEST_CASE][PASSED] - Test Cases/12-EL Sign/10-Received Documents(Sign a Document): Test Cases/12-EL Sign/10-Received Documents(Sign a Document)

2023-02-14 13:02:47 - [TEST_STEP][PASSED] - openBrowser(""): Browser is opened with url: ''

2023-02-14 13:02:49 - [MESSAGE][INFO] - Starting 'Chrome' driver

2023-02-14 13:02:49 - [MESSAGE][INFO] - Action delay is set to 0 milliseconds

2023-02-14 13:03:02 - [MESSAGE][PASSED] - Browser is opened with url: ''

2023-02-14 13:03:02 - [TEST_STEP][PASSED] - navigateToUrl("https://lab.everleagues.com/"): Navigate to 'https://lab.everleagues.com/' successfully

2023-02-14 13:03:26 - [MESSAGE][PASSED] - Navigate to 'https://lab.everleagues.com/' successfully

2023-02-14 13:03:26 - [TEST_STEP][PASSED] - maximizeWindow(): Current window maximized

2023-02-14 13:03:26 - [MESSAGE][PASSED] - Current window maximized

2023-02-14 13:03:26 - [TEST_STEP][PASSED] - callTestCase(findTestCase("01-Login and Forgot Password/04-Login(Valid Credentials-With Subscription)"), [:], STOP_ON_FAILURE): Call Test Case 'Test Cases/01-Login and Forgot Password/04-Login(Valid Credentials-With Subscription)' successfully

2023-02-14 13:03:26 - [TEST_CASE][PASSED] - Test Cases/01-Login and Forgot Password/04-Login(Valid Credentials-With Subscription): Test Cases/01-Login and Forgot Password/04-Login(Valid Credentials-With Subscription)

2023-02-14 13:03:29 - [TEST_STEP][PASSED] - setText(findTestObject("01-Login and Forgot Password/input_Email_email"), "testuser02@mailinator.com"): Text 'testuser02@mailinator.com' is set on object 'Object Repository/01-Login and Forgot Password/input_Email_email'

2023-02-14 13:03:31 - [MESSAGE][PASSED] - Text 'testuser02@mailinator.com' is set on object 'Object Repository/01-Login and Forgot Password/input_Email_email'

2023-02-14 13:03:31 - [TEST_STEP][PASSED] - setEncryptedText(findTestObject("01-Login and Forgot Password/input_Email_password"), "8yFRyszE6U6jvsCn51OQbg=="): Text ****** has been set on object 'Object Repository/01-Login and Forgot Password/input_Email_password'

2023-02-14 13:03:34 - [MESSAGE][PASSED] - Text ****** has been set on object 'Object Repository/01-Login and Forgot Password/input_Email_password'

2023-02-14 13:03:34 - [TEST_STEP][PASSED] - delay(2): Delayed 2 second(s)

2023-02-14 13:03:36 - [MESSAGE][PASSED] - Delayed 2 second(s)

2023-02-14 13:03:36 - [TEST_STEP][PASSED] - click(findTestObject("01-Login and Forgot Password/show pass button")): Object: 'Object Repository/01-Login and Forgot Password/show pass button' is clicked on

2023-02-14 13:03:38 - [MESSAGE][PASSED] - Object: 'Object Repository/01-Login and Forgot Password/show pass button' is clicked on

2023-02-14 13:03:38 - [TEST_STEP][PASSED] - delay(3): Delayed 3 second(s)

2023-02-14 13:03:41 - [MESSAGE][PASSED] - Delayed 3 second(s)

2023-02-14 13:03:41 - [TEST_STEP][PASSED] - click(findTestObject("01-Login and Forgot Password/button_Sign in")): Object: 'Object Repository/01-Login and Forgot Password/button_Sign in' is clicked on

2023-02-14 13:03:42 - [MESSAGE][PASSED] - Object: 'Object Repository/01-Login and Forgot Password/button_Sign in' is clicked on

2023-02-14 13:03:42 - [TEST_STEP][PASSED] - delay(3): Delayed 3 second(s)

2023-02-14 13:03:45 - [MESSAGE][PASSED] - Delayed 3 second(s)

2023-02-14 13:03:45 - [TEST_STEP][PASSED] - click(findTestObject("06-Teams/For 2FA/button_Confirm_2FA")): Object: 'Object Repository/06-Teams/For 2FA/button_Confirm_2FA' is clicked on

2023-02-14 13:03:46 - [MESSAGE][PASSED] - Object: 'Object Repository/06-Teams/For 2FA/button_Confirm_2FA' is clicked on

2023-02-14 13:03:46 - [TEST_STEP][PASSED] - executeJavaScript("window.open();", []): Execute JavaScript 'window.open();' successfully

2023-02-14 13:03:47 - [MESSAGE][PASSED] - Execute JavaScript 'window.open();' successfully

2023-02-14 13:03:47 - [TEST_STEP][PASSED] - currentWindow = getWindowIndex(): Current window's index is: 0

2023-02-14 13:03:47 - [MESSAGE][PASSED] - Current window's index is: 0

2023-02-14 13:03:47 - [TEST_STEP][PASSED] - delay(3): Delayed 3 second(s)

2023-02-14 13:03:50 - [MESSAGE][PASSED] - Delayed 3 second(s)

2023-02-14 13:03:50 - [TEST_STEP][PASSED] - switchToWindowIndex(currentWindow + 1): Switched to window with index: '1'

2023-02-14 13:03:51 - [MESSAGE][PASSED] - Switched to window with index: '1'

2023-02-14 13:03:51 - [TEST_STEP][PASSED] - navigateToUrl("https://www.mailinator.com/"): Navigate to 'https://www.mailinator.com/' successfully

2023-02-14 13:04:07 - [MESSAGE][PASSED] - Navigate to 'https://www.mailinator.com/' successfully

2023-02-14 13:04:07 - [TEST_STEP][PASSED] - delay(3): Delayed 3 second(s)

2023-02-14 13:04:10 - [MESSAGE][PASSED] - Delayed 3 second(s)

2023-02-14 13:04:10 - [TEST_STEP][PASSED] - setText(findTestObject("00-Signup and Activation/zMailinator/input_LOGIN_search"), "testuser02@mailinator.com"): Text 'testuser02@mailinator.com' is set on object 'Object Repository/00-Signup and Activation/zMailinator/input_LOGIN_search'

2023-02-14 13:04:12 - [MESSAGE][PASSED] - Text 'testuser02@mailinator.com' is set on object 'Object Repository/00-Signup and Activation/zMailinator/input_LOGIN_search'

2023-02-14 13:04:12 - [TEST_STEP][PASSED] - click(findTestObject("00-Signup and Activation/zMailinator/gobutton"), STOP_ON_FAILURE): Object: 'Object Repository/00-Signup and Activation/zMailinator/gobutton' is clicked on

2023-02-14 13:04:17 - [MESSAGE][PASSED] - Object: 'Object Repository/00-Signup and Activation/zMailinator/gobutton' is clicked on

2023-02-14 13:04:17 - [TEST_STEP][PASSED] - delay(3): Delayed 3 second(s)

2023-02-14 13:04:20 - [MESSAGE][PASSED] - Delayed 3 second(s)

2023-02-14 13:04:20 - [TEST_STEP][PASSED] - click(findTestObject("00-Signup and Activation/zMailinator/Email - everleagues")): Object: 'Object Repository/00-Signup and Activation/zMailinator/Email - everleagues' is clicked on

2023-02-14 13:04:20 - [MESSAGE][PASSED] - Object: 'Object Repository/00-Signup and Activation/zMailinator/Email - everleagues' is clicked on

2023-02-14 13:04:20 - [TEST_STEP][PASSED] - delay(3): Delayed 3 second(s)

2023-02-14 13:04:24 - [MESSAGE][PASSED] - Delayed 3 second(s)

2023-02-14 13:04:24 - [TEST_STEP][PASSED] - code = getText(findTestObject("Object Repository/06-Teams/For 2FA/2FA code")): Text of object 'Object Repository/06-Teams/For 2FA/2FA code' is: '742670'

2023-02-14 13:04:25 - [MESSAGE][PASSED] - Text of object 'Object Repository/06-Teams/For 2FA/2FA code' is: '742670'

2023-02-14 13:04:25 - [TEST_STEP][PASSED] - delay(3): Delayed 3 second(s)

2023-02-14 13:04:28 - [MESSAGE][PASSED] - Delayed 3 second(s)

2023-02-14 13:04:28 - [TEST_STEP][PASSED] - closeWindowTitle("Mailinator"): Window with title: 'Mailinator' is closed

2023-02-14 13:04:29 - [MESSAGE][PASSED] - Window with title: 'Mailinator' is closed

2023-02-14 13:04:29 - [TEST_STEP][PASSED] - delay(3): Delayed 3 second(s)

2023-02-14 13:04:32 - [MESSAGE][PASSED] - Delayed 3 second(s)

2023-02-14 13:04:32 - [TEST_STEP][PASSED] - switchToWindowIndex(0): Switched to window with index: '0'

2023-02-14 13:04:32 - [MESSAGE][PASSED] - Switched to window with index: '0'

2023-02-14 13:04:32 - [TEST_STEP][PASSED] - delay(3): Delayed 3 second(s)

2023-02-14 13:04:35 - [MESSAGE][PASSED] - Delayed 3 second(s)

2023-02-14 13:04:35 - [TEST_STEP][PASSED] - setText(findTestObject("Object Repository/06-Teams/For 2FA/input_Enter verification code_code"), code): Text '742670' is set on object 'Object Repository/06-Teams/For 2FA/input_Enter verification code_code'

2023-02-14 13:04:38 - [MESSAGE][PASSED] - Text '742670' is set on object 'Object Repository/06-Teams/For 2FA/input_Enter verification code_code'

2023-02-14 13:04:38 - [TEST_STEP][PASSED] - delay(3): Delayed 3 second(s)

2023-02-14 13:04:41 - [MESSAGE][PASSED] - Delayed 3 second(s)

2023-02-14 13:04:41 - [TEST_STEP][PASSED] - click(findTestObject("06-Teams/For 2FA/button_Verify_2FA")): Object: 'Object Repository/06-Teams/For 2FA/button_Verify_2FA' is clicked on

2023-02-14 13:04:42 - [MESSAGE][PASSED] - Object: 'Object Repository/06-Teams/For 2FA/button_Verify_2FA' is clicked on

2023-02-14 13:04:42 - [TEST_STEP][PASSED] - delay(3): Delayed 3 second(s)

2023-02-14 13:04:45 - [MESSAGE][PASSED] - Delayed 3 second(s)

2023-02-14 13:04:45 - [MESSAGE][PASSED] - Call Test Case 'Test Cases/01-Login and Forgot Password/04-Login(Valid Credentials-With Subscription)' successfully

2023-02-14 13:04:45 - [TEST_STEP][PASSED] - click(findTestObject("06-Teams/button_doublearrow")): Object: 'Object Repository/06-Teams/button_doublearrow' is clicked on

2023-02-14 13:04:50 - [MESSAGE][PASSED] - Object: 'Object Repository/06-Teams/button_doublearrow' is clicked on

2023-02-14 13:04:50 - [TEST_STEP][PASSED] - click(findTestObject("06-Teams/button_My Organizations")): Object: 'Object Repository/06-Teams/button_My Organizations' is clicked on

2023-02-14 13:04:51 - [MESSAGE][PASSED] - Object: 'Object Repository/06-Teams/button_My Organizations' is clicked on

2023-02-14 13:04:51 - [TEST_STEP][PASSED] - click(findTestObject("02-Side Icons(Organization)/Add Contact/button_Automation Test Org")): Object: 'Object Repository/02-Side Icons(Organization)/Add Contact/button_Automation Test Org' is clicked on

2023-02-14 13:04:52 - [MESSAGE][PASSED] - Object: 'Object Repository/02-Side Icons(Organization)/Add Contact/button_Automation Test Org' is clicked on

2023-02-14 13:04:52 - [TEST_STEP][PASSED] - delay(4): Delayed 4 second(s)

2023-02-14 13:04:56 - [MESSAGE][PASSED] - Delayed 4 second(s)

2023-02-14 13:04:56 - [TEST_STEP][PASSED] - verifyElementVisible(findTestObject("02-Side Icons(Organization)/Add Contact/span_Automation Test Org")): Object 'Object Repository/02-Side Icons(Organization)/Add Contact/span_Automation Test Org' is visible

2023-02-14 13:04:59 - [MESSAGE][PASSED] - Object 'Object Repository/02-Side Icons(Organization)/Add Contact/span_Automation Test Org' is visible

2023-02-14 13:04:59 - [TEST_STEP][PASSED] - delay(5): Delayed 5 second(s)

2023-02-14 13:05:04 - [MESSAGE][PASSED] - Delayed 5 second(s)

2023-02-14 13:05:04 - [TEST_STEP][PASSED] - scrollToElement(findTestObject("03-Header Menu/Hamburger Button/div_ELSign"), 0): Scroll to object 'Object Repository/03-Header Menu/Hamburger Button/div_ELSign' successfully

2023-02-14 13:05:04 - [MESSAGE][WARNING] - Timeout '0' is invalid. Using default page load timeout: '30'

2023-02-14 13:05:04 - [MESSAGE][PASSED] - Scroll to object 'Object Repository/03-Header Menu/Hamburger Button/div_ELSign' successfully

2023-02-14 13:05:04 - [TEST_STEP][PASSED] - click(findTestObject("03-Header Menu/Hamburger Button/div_ELSign")): Object: 'Object Repository/03-Header Menu/Hamburger Button/div_ELSign' is clicked on

2023-02-14 13:05:05 - [MESSAGE][PASSED] - Object: 'Object Repository/03-Header Menu/Hamburger Button/div_ELSign' is clicked on

2023-02-14 13:05:05 - [TEST_STEP][PASSED] - verifyElementVisible(findTestObject("03-Header Menu/Hamburger Button/div_ELSign")): Object 'Object Repository/03-Header Menu/Hamburger Button/div_ELSign' is visible

2023-02-14 13:05:10 - [MESSAGE][PASSED] - Object 'Object Repository/03-Header Menu/Hamburger Button/div_ELSign' is visible

2023-02-14 13:05:10 - [TEST_STEP][PASSED] - verifyElementVisible(findTestObject("12-EL Sign/h4_ELSign")): Object 'Object Repository/12-EL Sign/h4_ELSign' is visible

2023-02-14 13:05:11 - [MESSAGE][PASSED] - Object 'Object Repository/12-EL Sign/h4_ELSign' is visible

2023-02-14 13:05:11 - [TEST_STEP][PASSED] - delay(3): Delayed 3 second(s)

2023-02-14 13:05:14 - [MESSAGE][PASSED] - Delayed 3 second(s)

2023-02-14 13:05:14 - [TEST_STEP][PASSED] - click(findTestObject("12-EL Sign/div_Received Documents")): Object: 'Object Repository/12-EL Sign/div_Received Documents' is clicked on

2023-02-14 13:05:15 - [MESSAGE][PASSED] - Object: 'Object Repository/12-EL Sign/div_Received Documents' is clicked on

2023-02-14 13:05:15 - [TEST_STEP][PASSED] - delay(3): Delayed 3 second(s)

2023-02-14 13:05:18 - [MESSAGE][PASSED] - Delayed 3 second(s)

2023-02-14 13:05:18 - [TEST_STEP][PASSED] - click(findTestObject("12-EL Sign/button_create")): Object: 'Object Repository/12-EL Sign/button_create' is clicked on

2023-02-14 13:05:19 - [MESSAGE][PASSED] - Object: 'Object Repository/12-EL Sign/button_create' is clicked on

2023-02-14 13:05:19 - [TEST_STEP][PASSED] - delay(3): Delayed 3 second(s)

2023-02-14 13:05:22 - [MESSAGE][PASSED] - Delayed 3 second(s)

2023-02-14 13:05:22 - [TEST_STEP][PASSED] - verifyElementVisible(findTestObject("12-EL Sign/div_EL Sign Consent")): Object 'Object Repository/12-EL Sign/div_EL Sign Consent' is visible

2023-02-14 13:05:23 - [MESSAGE][PASSED] - Object 'Object Repository/12-EL Sign/div_EL Sign Consent' is visible

2023-02-14 13:05:23 - [TEST_STEP][PASSED] - delay(3): Delayed 3 second(s)

2023-02-14 13:05:26 - [MESSAGE][PASSED] - Delayed 3 second(s)

2023-02-14 13:05:26 - [TEST_STEP][PASSED] - click(findTestObject("12-EL Sign/checkbox_I have read and agree to the above")): Object: 'Object Repository/12-EL Sign/checkbox_I have read and agree to the above' is clicked on

2023-02-14 13:05:27 - [MESSAGE][PASSED] - Object: 'Object Repository/12-EL Sign/checkbox_I have read and agree to the above' is clicked on

2023-02-14 13:05:27 - [TEST_STEP][PASSED] - delay(3): Delayed 3 second(s)

2023-02-14 13:05:30 - [MESSAGE][PASSED] - Delayed 3 second(s)

2023-02-14 13:05:30 - [TEST_STEP][PASSED] - click(findTestObject("12-EL Sign/button_BEGIN")): Object: 'Object Repository/12-EL Sign/button_BEGIN' is clicked on

2023-02-14 13:05:31 - [MESSAGE][PASSED] - Object: 'Object Repository/12-EL Sign/button_BEGIN' is clicked on

2023-02-14 13:05:31 - [TEST_STEP][PASSED] - delay(3): Delayed 3 second(s)

2023-02-14 13:05:34 - [MESSAGE][PASSED] - Delayed 3 second(s)

2023-02-14 13:05:34 - [TEST_STEP][PASSED] - click(findTestObject("12-EL Sign/div_date")): Object: 'Object Repository/12-EL Sign/div_date' is clicked on

2023-02-14 13:05:37 - [MESSAGE][PASSED] - Object: 'Object Repository/12-EL Sign/div_date' is clicked on

2023-02-14 13:05:37 - [TEST_STEP][PASSED] - click(findTestObject("12-EL Sign/div_date")): Object: 'Object Repository/12-EL Sign/div_date' is clicked on

2023-02-14 13:05:38 - [MESSAGE][PASSED] - Object: 'Object Repository/12-EL Sign/div_date' is clicked on

2023-02-14 13:05:38 - [TEST_STEP][PASSED] - delay(3): Delayed 3 second(s)

2023-02-14 13:05:41 - [MESSAGE][PASSED] - Delayed 3 second(s)

2023-02-14 13:05:41 - [TEST_STEP][PASSED] - click(findTestObject("12-EL Sign/div_initial")): Object: 'Object Repository/12-EL Sign/div_initial' is clicked on

2023-02-14 13:05:43 - [MESSAGE][PASSED] - Object: 'Object Repository/12-EL Sign/div_initial' is clicked on

2023-02-14 13:05:43 - [TEST_STEP][PASSED] - verifyElementVisible(findTestObject("12-EL Sign/mat-dialog-container_InitialModal")): Object 'Object Repository/12-EL Sign/mat-dialog-container_InitialModal' is visible

2023-02-14 13:05:44 - [MESSAGE][PASSED] - Object 'Object Repository/12-EL Sign/mat-dialog-container_InitialModal' is visible

2023-02-14 13:05:44 - [TEST_STEP][PASSED] - click(findTestObject("12-EL Sign/button_Save3")): Object: 'Object Repository/12-EL Sign/button_Save3' is clicked on

2023-02-14 13:05:45 - [MESSAGE][PASSED] - Object: 'Object Repository/12-EL Sign/button_Save3' is clicked on

2023-02-14 13:05:45 - [TEST_STEP][PASSED] - delay(3): Delayed 3 second(s)

2023-02-14 13:05:48 - [MESSAGE][PASSED] - Delayed 3 second(s)

2023-02-14 13:05:48 - [TEST_STEP][PASSED] - click(findTestObject("12-EL Sign/div_signature")): Object: 'Object Repository/12-EL Sign/div_signature' is clicked on

2023-02-14 13:05:49 - [MESSAGE][PASSED] - Object: 'Object Repository/12-EL Sign/div_signature' is clicked on

2023-02-14 13:05:49 - [TEST_STEP][PASSED] - verifyElementVisible(findTestObject("12-EL Sign/mat-dialog-container_SignatureSettingsModal")): Object 'Object Repository/12-EL Sign/mat-dialog-container_SignatureSettingsModal' is visible

2023-02-14 13:05:49 - [MESSAGE][PASSED] - Object 'Object Repository/12-EL Sign/mat-dialog-container_SignatureSettingsModal' is visible

2023-02-14 13:05:49 - [TEST_STEP][PASSED] - click(findTestObject("12-EL Sign/checkbox_type")): Object: 'Object Repository/12-EL Sign/checkbox_type' is clicked on

2023-02-14 13:05:50 - [MESSAGE][PASSED] - Object: 'Object Repository/12-EL Sign/checkbox_type' is clicked on

2023-02-14 13:05:50 - [TEST_STEP][PASSED] - setAlertText("GG TESTER Signature"): Set alert text 'GG TESTER Signature' successfully

2023-02-14 13:05:50 - [MESSAGE][PASSED] - Set alert text 'GG TESTER Signature' successfully

2023-02-14 13:05:50 - [TEST_STEP][PASSED] - acceptAlert(): Alert accepted

2023-02-14 13:05:50 - [MESSAGE][PASSED] - Alert accepted

2023-02-14 13:05:50 - [TEST_STEP][PASSED] - click(findTestObject("12-EL Sign/button_save Save Settings")): Object: 'Object Repository/12-EL Sign/button_save Save Settings' is clicked on

2023-02-14 13:05:53 - [MESSAGE][PASSED] - Object: 'Object Repository/12-EL Sign/button_save Save Settings' is clicked on

2023-02-14 13:05:53 - [TEST_STEP][PASSED] - delay(3): Delayed 3 second(s)

2023-02-14 13:05:56 - [MESSAGE][PASSED] - Delayed 3 second(s)

2023-02-14 13:05:56 - [TEST_STEP][PASSED] - click(findTestObject("12-EL Sign/div_signature2")): Object: 'Object Repository/12-EL Sign/div_signature2' is clicked on

2023-02-14 13:05:57 - [MESSAGE][PASSED] - Object: 'Object Repository/12-EL Sign/div_signature2' is clicked on

2023-02-14 13:05:57 - [TEST_STEP][PASSED] - uploadpackage.Upload.uploadFile(findTestObject("12-EL Sign/div_upload_mat-checkbox"), "C:\Users\asus\Desktop\EL automation\qa.jpg"): uploadpackage.Upload.uploadFile is PASSED

2023-02-14 13:05:58 - [MESSAGE][PASSED] - Object: 'Object Repository/12-EL Sign/div_upload_mat-checkbox' is clicked on

2023-02-14 13:06:01 - [MESSAGE][PASSED] - uploadpackage.Upload.uploadFile is PASSED

2023-02-14 13:06:01 - [TEST_STEP][PASSED] - delay(3): Delayed 3 second(s)

2023-02-14 13:06:04 - [MESSAGE][PASSED] - Delayed 3 second(s)

2023-02-14 13:06:04 - [TEST_STEP][PASSED] - click(findTestObject("12-EL Sign/button_save Save Settings")): Object: 'Object Repository/12-EL Sign/button_save Save Settings' is clicked on

2023-02-14 13:06:05 - [MESSAGE][PASSED] - Object: 'Object Repository/12-EL Sign/button_save Save Settings' is clicked on

2023-02-14 13:06:05 - [TEST_STEP][PASSED] - delay(3): Delayed 3 second(s)

2023-02-14 13:06:08 - [MESSAGE][PASSED] - Delayed 3 second(s)

2023-02-14 13:06:08 - [TEST_STEP][PASSED] - click(findTestObject("12-EL Sign/button_completenavigate_next")): Object: 'Object Repository/12-EL Sign/button_completenavigate_next' is clicked on

2023-02-14 13:06:09 - [MESSAGE][PASSED] - Object: 'Object Repository/12-EL Sign/button_completenavigate_next' is clicked on

2023-02-14 13:06:09 - [TEST_STEP][PASSED] - delay(3): Delayed 3 second(s)

2023-02-14 13:06:12 - [MESSAGE][PASSED] - Delayed 3 second(s)

2023-02-14 13:06:12 - [TEST_STEP][PASSED] - verifyElementVisible(findTestObject("12-EL Sign/font_Please review and press the submit button to finish signing")): Object 'Object Repository/12-EL Sign/font_Please review and press the submit button to finish signing' is visible

2023-02-14 13:06:13 - [MESSAGE][PASSED] - Object 'Object Repository/12-EL Sign/font_Please review and press the submit button to finish signing' is visible

2023-02-14 13:06:13 - [TEST_STEP][PASSED] - click(findTestObject("12-EL Sign/button_REVIEW")): Object: 'Object Repository/12-EL Sign/button_REVIEW' is clicked on

2023-02-14 13:06:14 - [MESSAGE][PASSED] - Object: 'Object Repository/12-EL Sign/button_REVIEW' is clicked on

2023-02-14 13:06:14 - [TEST_STEP][PASSED] - switchToWindowIndex(1): Switched to window with index: '1'

2023-02-14 13:06:19 - [MESSAGE][PASSED] - Switched to window with index: '1'

2023-02-14 13:06:19 - [TEST_STEP][PASSED] - closeWindowIndex(1): Window with index 1 is closed

2023-02-14 13:06:20 - [MESSAGE][PASSED] - Window with index 1 is closed

2023-02-14 13:06:20 - [TEST_STEP][PASSED] - switchToWindowIndex(0): Switched to window with index: '0'

2023-02-14 13:06:20 - [MESSAGE][PASSED] - Switched to window with index: '0'

2023-02-14 13:06:20 - [TEST_STEP][PASSED] - click(findTestObject("12-EL Sign/button_EDIT")): Object: 'Object Repository/12-EL Sign/button_EDIT' is clicked on

2023-02-14 13:06:21 - [MESSAGE][PASSED] - Object: 'Object Repository/12-EL Sign/button_EDIT' is clicked on

2023-02-14 13:06:21 - [TEST_STEP][PASSED] - delay(3): Delayed 3 second(s)

2023-02-14 13:06:24 - [MESSAGE][PASSED] - Delayed 3 second(s)

2023-02-14 13:06:25 - [TEST_STEP][PASSED] - click(findTestObject("12-EL Sign/button_completenavigate_next")): Object: 'Object Repository/12-EL Sign/button_completenavigate_next' is clicked on

2023-02-14 13:06:25 - [MESSAGE][PASSED] - Object: 'Object Repository/12-EL Sign/button_completenavigate_next' is clicked on

2023-02-14 13:06:25 - [TEST_STEP][PASSED] - delay(3): Delayed 3 second(s)

2023-02-14 13:06:28 - [MESSAGE][PASSED] - Delayed 3 second(s)

2023-02-14 13:06:28 - [TEST_STEP][PASSED] - click(findTestObject("12-EL Sign/button_SUBMIT")): Object: 'Object Repository/12-EL Sign/button_SUBMIT' is clicked on

2023-02-14 13:06:29 - [MESSAGE][PASSED] - Object: 'Object Repository/12-EL Sign/button_SUBMIT' is clicked on]]></system-out>
         <system-err><![CDATA[]]></system-err>
      </testcase>
      <testcase name="Test Cases/12-EL Sign/11-Send Documents(Download Document and Certificate)" time="25.438" classname="Test Cases/12-EL Sign/11-Send Documents(Download Document and Certificate)" status="PASSED">
         <system-out><![CDATA[2023-02-14 13:06:29 - [TEST_CASE][PASSED] - Test Cases/12-EL Sign/11-Send Documents(Download Document and Certificate): Test Cases/12-EL Sign/11-Send Documents(Download Document and Certificate)

2023-02-14 13:06:31 - [TEST_STEP][PASSED] - delay(3): Delayed 3 second(s)

2023-02-14 13:06:35 - [MESSAGE][PASSED] - Delayed 3 second(s)

2023-02-14 13:06:35 - [TEST_STEP][PASSED] - click(findTestObject("12-EL Sign/div_Send Documents")): Object: 'Object Repository/12-EL Sign/div_Send Documents' is clicked on

2023-02-14 13:06:37 - [MESSAGE][PASSED] - Object: 'Object Repository/12-EL Sign/div_Send Documents' is clicked on

2023-02-14 13:06:37 - [TEST_STEP][PASSED] - delay(3): Delayed 3 second(s)

2023-02-14 13:06:40 - [MESSAGE][PASSED] - Delayed 3 second(s)

2023-02-14 13:06:40 - [TEST_STEP][PASSED] - click(findTestObject("12-EL Sign/mat-icon_refresh")): Object: 'Object Repository/12-EL Sign/mat-icon_refresh' is clicked on

2023-02-14 13:06:41 - [MESSAGE][PASSED] - Object: 'Object Repository/12-EL Sign/mat-icon_refresh' is clicked on

2023-02-14 13:06:41 - [TEST_STEP][PASSED] - delay(3): Delayed 3 second(s)

2023-02-14 13:06:44 - [MESSAGE][PASSED] - Delayed 3 second(s)

2023-02-14 13:06:44 - [TEST_STEP][PASSED] - click(findTestObject("12-EL Sign/button_Download document")): Object: 'Object Repository/12-EL Sign/button_Download document' is clicked on

2023-02-14 13:06:45 - [MESSAGE][PASSED] - Object: 'Object Repository/12-EL Sign/button_Download document' is clicked on

2023-02-14 13:06:45 - [TEST_STEP][PASSED] - delay(3): Delayed 3 second(s)

2023-02-14 13:06:48 - [MESSAGE][PASSED] - Delayed 3 second(s)

2023-02-14 13:06:48 - [TEST_STEP][PASSED] - click(findTestObject("12-EL Sign/button_Download certificate")): Object: 'Object Repository/12-EL Sign/button_Download certificate' is clicked on

2023-02-14 13:06:50 - [MESSAGE][PASSED] - Object: 'Object Repository/12-EL Sign/button_Download certificate' is clicked on

2023-02-14 13:06:50 - [TEST_STEP][PASSED] - switchToWindowIndex(1): Switched to window with index: '1'

2023-02-14 13:06:51 - [MESSAGE][PASSED] - Switched to window with index: '1'

2023-02-14 13:06:51 - [TEST_STEP][PASSED] - closeWindowIndex(1): Window with index 1 is closed

2023-02-14 13:06:52 - [MESSAGE][PASSED] - Window with index 1 is closed

2023-02-14 13:06:52 - [TEST_STEP][PASSED] - switchToWindowIndex(0): Switched to window with index: '0'

2023-02-14 13:06:52 - [MESSAGE][PASSED] - Switched to window with index: '0'

2023-02-14 13:06:52 - [TEST_STEP][PASSED] - delay(3): Delayed 3 second(s)

2023-02-14 13:06:55 - [MESSAGE][PASSED] - Delayed 3 second(s)]]></system-out>
         <system-err><![CDATA[]]></system-err>
      </testcase>
      <testcase name="Test Cases/12-EL Sign/12-Received Documents(Download Document and Certificate)" time="15.566" classname="Test Cases/12-EL Sign/12-Received Documents(Download Document and Certificate)" status="PASSED">
         <system-out><![CDATA[2023-02-14 13:06:55 - [TEST_CASE][PASSED] - Test Cases/12-EL Sign/12-Received Documents(Download Document and Certificate): Test Cases/12-EL Sign/12-Received Documents(Download Document and Certificate)

2023-02-14 13:06:57 - [TEST_STEP][PASSED] - click(findTestObject("12-EL Sign/div_Received Documents")): Object: 'Object Repository/12-EL Sign/div_Received Documents' is clicked on

2023-02-14 13:06:57 - [MESSAGE][PASSED] - Object: 'Object Repository/12-EL Sign/div_Received Documents' is clicked on

2023-02-14 13:06:57 - [TEST_STEP][PASSED] - delay(3): Delayed 3 second(s)

2023-02-14 13:07:00 - [MESSAGE][PASSED] - Delayed 3 second(s)

2023-02-14 13:07:00 - [TEST_STEP][PASSED] - click(findTestObject("12-EL Sign/button_Download document")): Object: 'Object Repository/12-EL Sign/button_Download document' is clicked on

2023-02-14 13:07:02 - [MESSAGE][PASSED] - Object: 'Object Repository/12-EL Sign/button_Download document' is clicked on

2023-02-14 13:07:02 - [TEST_STEP][PASSED] - delay(3): Delayed 3 second(s)

2023-02-14 13:07:05 - [MESSAGE][PASSED] - Delayed 3 second(s)

2023-02-14 13:07:05 - [TEST_STEP][PASSED] - click(findTestObject("12-EL Sign/button_Download certificate")): Object: 'Object Repository/12-EL Sign/button_Download certificate' is clicked on

2023-02-14 13:07:06 - [MESSAGE][PASSED] - Object: 'Object Repository/12-EL Sign/button_Download certificate' is clicked on

2023-02-14 13:07:06 - [TEST_STEP][PASSED] - switchToWindowIndex(1): Switched to window with index: '1'

2023-02-14 13:07:07 - [MESSAGE][PASSED] - Switched to window with index: '1'

2023-02-14 13:07:07 - [TEST_STEP][PASSED] - closeWindowIndex(1): Window with index 1 is closed

2023-02-14 13:07:07 - [MESSAGE][PASSED] - Window with index 1 is closed

2023-02-14 13:07:07 - [TEST_STEP][PASSED] - switchToWindowIndex(0): Switched to window with index: '0'

2023-02-14 13:07:07 - [MESSAGE][PASSED] - Switched to window with index: '0'

2023-02-14 13:07:07 - [TEST_STEP][PASSED] - delay(3): Delayed 3 second(s)

2023-02-14 13:07:10 - [MESSAGE][PASSED] - Delayed 3 second(s)]]></system-out>
         <system-err><![CDATA[]]></system-err>
      </testcase>
      <testcase name="Test Cases/12-EL Sign/13-Receive Documents(View Document and History)" time="19.725" classname="Test Cases/12-EL Sign/13-Receive Documents(View Document and History)" status="PASSED">
         <system-out><![CDATA[2023-02-14 13:07:10 - [TEST_CASE][PASSED] - Test Cases/12-EL Sign/13-Receive Documents(View Document and History): Test Cases/12-EL Sign/13-Receive Documents(View Document and History)

2023-02-14 13:07:12 - [TEST_STEP][PASSED] - click(findTestObject("12-EL Sign/button_visibility")): Object: 'Object Repository/12-EL Sign/button_visibility' is clicked on

2023-02-14 13:07:13 - [MESSAGE][PASSED] - Object: 'Object Repository/12-EL Sign/button_visibility' is clicked on

2023-02-14 13:07:13 - [TEST_STEP][PASSED] - switchToWindowIndex(1): Switched to window with index: '1'

2023-02-14 13:07:15 - [MESSAGE][PASSED] - Switched to window with index: '1'

2023-02-14 13:07:15 - [TEST_STEP][PASSED] - closeWindowIndex(1): Window with index 1 is closed

2023-02-14 13:07:15 - [MESSAGE][PASSED] - Window with index 1 is closed

2023-02-14 13:07:15 - [TEST_STEP][PASSED] - switchToWindowIndex(0): Switched to window with index: '0'

2023-02-14 13:07:16 - [MESSAGE][PASSED] - Switched to window with index: '0'

2023-02-14 13:07:16 - [TEST_STEP][PASSED] - delay(3): Delayed 3 second(s)

2023-02-14 13:07:19 - [MESSAGE][PASSED] - Delayed 3 second(s)

2023-02-14 13:07:19 - [TEST_STEP][PASSED] - click(findTestObject("12-EL Sign/mat-icon_refit"), STOP_ON_FAILURE): Object: 'Object Repository/12-EL Sign/mat-icon_refit' is clicked on

2023-02-14 13:07:19 - [MESSAGE][PASSED] - Object: 'Object Repository/12-EL Sign/mat-icon_refit' is clicked on

2023-02-14 13:07:19 - [TEST_STEP][PASSED] - verifyElementVisible(findTestObject("12-EL Sign/div_statusSigned")): Object 'Object Repository/12-EL Sign/div_statusSigned' is visible

2023-02-14 13:07:20 - [MESSAGE][PASSED] - Object 'Object Repository/12-EL Sign/div_statusSigned' is visible

2023-02-14 13:07:20 - [TEST_STEP][PASSED] - click(findTestObject("12-EL Sign/button_history")): Object: 'Object Repository/12-EL Sign/button_history' is clicked on

2023-02-14 13:07:21 - [MESSAGE][PASSED] - Object: 'Object Repository/12-EL Sign/button_history' is clicked on

2023-02-14 13:07:21 - [TEST_STEP][PASSED] - verifyElementVisible(findTestObject("12-EL Sign/mat-dialog-container-historyModal")): Object 'Object Repository/12-EL Sign/mat-dialog-container-historyModal' is visible

2023-02-14 13:07:22 - [MESSAGE][PASSED] - Object 'Object Repository/12-EL Sign/mat-dialog-container-historyModal' is visible

2023-02-14 13:07:22 - [TEST_STEP][PASSED] - verifyElementVisible(findTestObject("12-EL Sign/td_historyName")): Object 'Object Repository/12-EL Sign/td_historyName' is visible

2023-02-14 13:07:23 - [MESSAGE][PASSED] - Object 'Object Repository/12-EL Sign/td_historyName' is visible

2023-02-14 13:07:23 - [TEST_STEP][PASSED] - delay(3): Delayed 3 second(s)

2023-02-14 13:07:26 - [MESSAGE][PASSED] - Delayed 3 second(s)

2023-02-14 13:07:26 - [TEST_STEP][PASSED] - doubleClick(findTestObject("12-EL Sign/button_CANCEL2")): Object: 'Object Repository/12-EL Sign/button_CANCEL2' is double clicked on

2023-02-14 13:07:27 - [MESSAGE][PASSED] - Object: 'Object Repository/12-EL Sign/button_CANCEL2' is double clicked on

2023-02-14 13:07:27 - [TEST_STEP][PASSED] - delay(3): Delayed 3 second(s)

2023-02-14 13:07:30 - [MESSAGE][PASSED] - Delayed 3 second(s)]]></system-out>
         <system-err><![CDATA[]]></system-err>
      </testcase>
      <testcase name="Test Cases/12-EL Sign/14-Send Documents(Delete ELSign)" time="10.68" classname="Test Cases/12-EL Sign/14-Send Documents(Delete ELSign)" status="PASSED">
         <system-out><![CDATA[2023-02-14 13:07:30 - [TEST_CASE][PASSED] - Test Cases/12-EL Sign/14-Send Documents(Delete ELSign): Test Cases/12-EL Sign/14-Send Documents(Delete ELSign)

2023-02-14 13:07:32 - [TEST_STEP][PASSED] - click(findTestObject("12-EL Sign/div_Send Documents")): Object: 'Object Repository/12-EL Sign/div_Send Documents' is clicked on

2023-02-14 13:07:33 - [MESSAGE][PASSED] - Object: 'Object Repository/12-EL Sign/div_Send Documents' is clicked on

2023-02-14 13:07:33 - [TEST_STEP][PASSED] - delay(3): Delayed 3 second(s)

2023-02-14 13:07:36 - [MESSAGE][PASSED] - Delayed 3 second(s)

2023-02-14 13:07:36 - [TEST_STEP][PASSED] - verifyElementVisible(findTestObject("12-EL Sign/button_deleteELSign")): Object 'Object Repository/12-EL Sign/button_deleteELSign' is visible

2023-02-14 13:07:37 - [MESSAGE][PASSED] - Object 'Object Repository/12-EL Sign/button_deleteELSign' is visible

2023-02-14 13:07:37 - [TEST_STEP][PASSED] - delay(3): Delayed 3 second(s)

2023-02-14 13:07:40 - [MESSAGE][PASSED] - Delayed 3 second(s)

2023-02-14 13:07:40 - [TEST_STEP][PASSED] - click(findTestObject("12-EL Sign/button_deleteELSign")): Object: 'Object Repository/12-EL Sign/button_deleteELSign' is clicked on

2023-02-14 13:07:41 - [MESSAGE][PASSED] - Object: 'Object Repository/12-EL Sign/button_deleteELSign' is clicked on]]></system-out>
         <system-err><![CDATA[]]></system-err>
      </testcase>
      <system-out><![CDATA[2023-02-14 13:02:42 - [TEST_SUITE][PASSED] - 12.2-EL Sign (Received Documents): Test Cases/12-EL Sign/14-Send Documents(Delete ELSign)]]></system-out>
      <system-err><![CDATA[]]></system-err>
   </testsuite>
</testsuites>
