<?xml version="1.0" encoding="UTF-8"?>
<testsuites name="09-Settings" time="881.71" tests="5" failures="0" errors="0">
   <testsuite name="09-Settings" tests="5" failures="0" errors="0" time="881.71" skipped="0" timestamp="2022-10-03 16:42:28" hostname="User - DESKTOP-QCRNR4M" id="Test Suites/TS-Organization/09-Settings">
      <properties>
         <property name="deviceName" value=""/>
         <property name="devicePlatform" value=""/>
         <property name="logFolder" value="C:\\Users\\User\\Katalon Studio\\EverleaguesMain\\Reports\\20221003_164224\\TS-Organization\\09-Settings\\20221003_164225"/>
         <property name="logFiles" value="C:\\Users\\User\\Katalon Studio\\EverleaguesMain\\Reports\\20221003_164224\\TS-Organization\\09-Settings\\20221003_164225\\execution0.log"/>
         <property name="attachments" value=""/>
         <property name="hostName" value="User - DESKTOP-QCRNR4M"/>
         <property name="os" value="Windows 10 64bit"/>
         <property name="katalonVersion" value="8.4.1.208"/>
         <property name="browser" value="Chrome 106.0.0.0"/>
         <property name="hostAddress" value="192.168.5.124"/>
         <property name="sessionId" value="b2883693daa703ccf3f1670e2e2fa724"/>
         <property name="seleniumVersion" value="3.141.59"/>
         <property name="proxyInformation" value="ProxyInformation { proxyOption=NO_PROXY, proxyServerType=HTTP, username=, password=********, proxyServerAddress=, proxyServerPort=0, executionList=&quot;&quot;, isApplyToDesiredCapabilities=true }"/>
         <property name="platform" value="Windows 10"/>
      </properties>
      <testcase name="Test Cases/09-Settings/01 - Users (Invite new user but field are blank)" time="95.432" classname="Test Cases/09-Settings/01 - Users (Invite new user but field are blank)" status="PASSED">
         <system-out><![CDATA[2022-10-03 16:42:28 - [TEST_CASE][PASSED] - Test Cases/09-Settings/01 - Users (Invite new user but field are blank): Test Cases/09-Settings/01 - Users (Invite new user but field are blank)

2022-10-03 16:42:29 - [TEST_STEP][PASSED] - openBrowser(""): Browser is opened with url: ''

2022-10-03 16:42:29 - [MESSAGE][INFO] - Starting 'Chrome' driver

2022-10-03 16:42:29 - [MESSAGE][INFO] - Action delay is set to 0 milliseconds

2022-10-03 16:42:31 - [MESSAGE][PASSED] - Browser is opened with url: ''

2022-10-03 16:42:31 - [TEST_STEP][PASSED] - navigateToUrl("https://lab.everleagues.com/"): Navigate to 'https://lab.everleagues.com/' successfully

2022-10-03 16:42:43 - [MESSAGE][PASSED] - Navigate to 'https://lab.everleagues.com/' successfully

2022-10-03 16:42:43 - [TEST_STEP][PASSED] - maximizeWindow(): Current window maximized

2022-10-03 16:42:43 - [MESSAGE][PASSED] - Current window maximized

2022-10-03 16:42:43 - [TEST_STEP][PASSED] - setText(findTestObject("02-Side Icons(Organization)/Add Contact/Email Field"), "testuser02@mailinator.com"): Text 'testuser02@mailinator.com' is set on object 'Object Repository/02-Side Icons(Organization)/Add Contact/Email Field'

2022-10-03 16:42:44 - [MESSAGE][PASSED] - Text 'testuser02@mailinator.com' is set on object 'Object Repository/02-Side Icons(Organization)/Add Contact/Email Field'

2022-10-03 16:42:44 - [TEST_STEP][PASSED] - setEncryptedText(findTestObject("02-Side Icons(Organization)/Add Contact/Password Field"), "8yFRyszE6U6jvsCn51OQbg=="): Text ****** has been set on object 'Object Repository/02-Side Icons(Organization)/Add Contact/Password Field'

2022-10-03 16:42:45 - [MESSAGE][PASSED] - Text ****** has been set on object 'Object Repository/02-Side Icons(Organization)/Add Contact/Password Field'

2022-10-03 16:42:45 - [TEST_STEP][PASSED] - click(findTestObject("02-Side Icons(Organization)/Add Contact/button_Sign in")): Object: 'Object Repository/02-Side Icons(Organization)/Add Contact/button_Sign in' is clicked on

2022-10-03 16:42:45 - [MESSAGE][PASSED] - Object: 'Object Repository/02-Side Icons(Organization)/Add Contact/button_Sign in' is clicked on

2022-10-03 16:42:45 - [TEST_STEP][PASSED] - delay(2): Delayed 2 second(s)

2022-10-03 16:42:47 - [MESSAGE][PASSED] - Delayed 2 second(s)

2022-10-03 16:42:47 - [TEST_STEP][PASSED] - click(findTestObject("06-Teams/For 2FA/button_Confirm_2FA")): Object: 'Object Repository/06-Teams/For 2FA/button_Confirm_2FA' is clicked on

2022-10-03 16:42:48 - [MESSAGE][PASSED] - Object: 'Object Repository/06-Teams/For 2FA/button_Confirm_2FA' is clicked on

2022-10-03 16:42:48 - [TEST_STEP][PASSED] - executeJavaScript("window.open();", []): Execute JavaScript 'window.open();' successfully

2022-10-03 16:42:48 - [MESSAGE][PASSED] - Execute JavaScript 'window.open();' successfully

2022-10-03 16:42:48 - [TEST_STEP][PASSED] - currentWindow = getWindowIndex(): Current window's index is: 0

2022-10-03 16:42:48 - [MESSAGE][PASSED] - Current window's index is: 0

2022-10-03 16:42:48 - [TEST_STEP][PASSED] - delay(3): Delayed 3 second(s)

2022-10-03 16:42:51 - [MESSAGE][PASSED] - Delayed 3 second(s)

2022-10-03 16:42:51 - [TEST_STEP][PASSED] - switchToWindowIndex(currentWindow + 1): Switched to window with index: '1'

2022-10-03 16:42:51 - [MESSAGE][PASSED] - Switched to window with index: '1'

2022-10-03 16:42:51 - [TEST_STEP][PASSED] - navigateToUrl("https://www.mailinator.com/"): Navigate to 'https://www.mailinator.com/' successfully

2022-10-03 16:42:53 - [MESSAGE][PASSED] - Navigate to 'https://www.mailinator.com/' successfully

2022-10-03 16:42:53 - [TEST_STEP][PASSED] - delay(3): Delayed 3 second(s)

2022-10-03 16:42:56 - [MESSAGE][PASSED] - Delayed 3 second(s)

2022-10-03 16:42:56 - [TEST_STEP][PASSED] - setText(findTestObject("00-Signup and Activation/zMailinator/input_LOGIN_search"), "testuser02@mailinator.com"): Text 'testuser02@mailinator.com' is set on object 'Object Repository/00-Signup and Activation/zMailinator/input_LOGIN_search'

2022-10-03 16:42:56 - [MESSAGE][PASSED] - Text 'testuser02@mailinator.com' is set on object 'Object Repository/00-Signup and Activation/zMailinator/input_LOGIN_search'

2022-10-03 16:42:56 - [TEST_STEP][PASSED] - click(findTestObject("00-Signup and Activation/zMailinator/gobutton"), STOP_ON_FAILURE): Object: 'Object Repository/00-Signup and Activation/zMailinator/gobutton' is clicked on

2022-10-03 16:42:58 - [MESSAGE][PASSED] - Object: 'Object Repository/00-Signup and Activation/zMailinator/gobutton' is clicked on

2022-10-03 16:42:58 - [TEST_STEP][PASSED] - delay(3): Delayed 3 second(s)

2022-10-03 16:43:01 - [MESSAGE][PASSED] - Delayed 3 second(s)

2022-10-03 16:43:01 - [TEST_STEP][PASSED] - click(findTestObject("00-Signup and Activation/zMailinator/Email - everleagues")): Object: 'Object Repository/00-Signup and Activation/zMailinator/Email - everleagues' is clicked on

2022-10-03 16:43:01 - [MESSAGE][PASSED] - Object: 'Object Repository/00-Signup and Activation/zMailinator/Email - everleagues' is clicked on

2022-10-03 16:43:01 - [TEST_STEP][PASSED] - delay(3): Delayed 3 second(s)

2022-10-03 16:43:04 - [MESSAGE][PASSED] - Delayed 3 second(s)

2022-10-03 16:43:04 - [TEST_STEP][PASSED] - code = getText(findTestObject("Object Repository/06-Teams/For 2FA/2FA code")): Text of object 'Object Repository/06-Teams/For 2FA/2FA code' is: '483043'

2022-10-03 16:43:05 - [MESSAGE][PASSED] - Text of object 'Object Repository/06-Teams/For 2FA/2FA code' is: '483043'

2022-10-03 16:43:05 - [TEST_STEP][PASSED] - delay(3): Delayed 3 second(s)

2022-10-03 16:43:08 - [MESSAGE][PASSED] - Delayed 3 second(s)

2022-10-03 16:43:08 - [TEST_STEP][PASSED] - closeWindowTitle("Mailinator"): Window with title: 'Mailinator' is closed

2022-10-03 16:43:08 - [MESSAGE][PASSED] - Window with title: 'Mailinator' is closed

2022-10-03 16:43:08 - [TEST_STEP][PASSED] - delay(3): Delayed 3 second(s)

2022-10-03 16:43:11 - [MESSAGE][PASSED] - Delayed 3 second(s)

2022-10-03 16:43:11 - [TEST_STEP][PASSED] - switchToWindowIndex(0): Switched to window with index: '0'

2022-10-03 16:43:11 - [MESSAGE][PASSED] - Switched to window with index: '0'

2022-10-03 16:43:11 - [TEST_STEP][PASSED] - delay(3): Delayed 3 second(s)

2022-10-03 16:43:14 - [MESSAGE][PASSED] - Delayed 3 second(s)

2022-10-03 16:43:14 - [TEST_STEP][PASSED] - setText(findTestObject("Object Repository/06-Teams/For 2FA/input_Enter verification code_code"), code): Text '483043' is set on object 'Object Repository/06-Teams/For 2FA/input_Enter verification code_code'

2022-10-03 16:43:15 - [MESSAGE][PASSED] - Text '483043' is set on object 'Object Repository/06-Teams/For 2FA/input_Enter verification code_code'

2022-10-03 16:43:15 - [TEST_STEP][PASSED] - delay(3): Delayed 3 second(s)

2022-10-03 16:43:18 - [MESSAGE][PASSED] - Delayed 3 second(s)

2022-10-03 16:43:18 - [TEST_STEP][PASSED] - click(findTestObject("06-Teams/For 2FA/button_Verify_2FA")): Object: 'Object Repository/06-Teams/For 2FA/button_Verify_2FA' is clicked on

2022-10-03 16:43:18 - [MESSAGE][PASSED] - Object: 'Object Repository/06-Teams/For 2FA/button_Verify_2FA' is clicked on

2022-10-03 16:43:18 - [TEST_STEP][PASSED] - delay(5): Delayed 5 second(s)

2022-10-03 16:43:23 - [MESSAGE][PASSED] - Delayed 5 second(s)

2022-10-03 16:43:23 - [TEST_STEP][PASSED] - click(findTestObject("06-Teams/button_doublearrow")): Object: 'Object Repository/06-Teams/button_doublearrow' is clicked on

2022-10-03 16:43:24 - [MESSAGE][PASSED] - Object: 'Object Repository/06-Teams/button_doublearrow' is clicked on

2022-10-03 16:43:24 - [TEST_STEP][PASSED] - click(findTestObject("06-Teams/button_My Organizations")): Object: 'Object Repository/06-Teams/button_My Organizations' is clicked on

2022-10-03 16:43:24 - [MESSAGE][PASSED] - Object: 'Object Repository/06-Teams/button_My Organizations' is clicked on

2022-10-03 16:43:24 - [TEST_STEP][PASSED] - click(findTestObject("06-Teams/button_GG Automation")): Object: 'Object Repository/06-Teams/button_GG Automation' is clicked on

2022-10-03 16:43:25 - [MESSAGE][PASSED] - Object: 'Object Repository/06-Teams/button_GG Automation' is clicked on

2022-10-03 16:43:25 - [TEST_STEP][PASSED] - delay(4): Delayed 4 second(s)

2022-10-03 16:43:29 - [MESSAGE][PASSED] - Delayed 4 second(s)

2022-10-03 16:43:29 - [TEST_STEP][PASSED] - verifyElementVisible(findTestObject("06-Teams/span_GG Automation")): Object 'Object Repository/06-Teams/span_GG Automation' is visible

2022-10-03 16:43:30 - [MESSAGE][PASSED] - Object 'Object Repository/06-Teams/span_GG Automation' is visible

2022-10-03 16:43:30 - [TEST_STEP][PASSED] - delay(10): Delayed 10 second(s)

2022-10-03 16:43:40 - [MESSAGE][PASSED] - Delayed 10 second(s)

2022-10-03 16:43:40 - [TEST_STEP][PASSED] - click(findTestObject("03-Header Menu/Hamburger Button/div_Settings")): Object: 'Object Repository/03-Header Menu/Hamburger Button/div_Settings' is clicked on

2022-10-03 16:43:40 - [MESSAGE][PASSED] - Object: 'Object Repository/03-Header Menu/Hamburger Button/div_Settings' is clicked on

2022-10-03 16:43:40 - [TEST_STEP][PASSED] - verifyElementVisible(findTestObject("09-Settings/Users/div_Organization")): Object 'Object Repository/09-Settings/Users/div_Organization' is visible

2022-10-03 16:43:41 - [MESSAGE][PASSED] - Object 'Object Repository/09-Settings/Users/div_Organization' is visible

2022-10-03 16:43:41 - [TEST_STEP][PASSED] - verifyElementVisible(findTestObject("09-Settings/Users/div_Organization Units")): Object 'Object Repository/09-Settings/Users/div_Organization Units' is visible

2022-10-03 16:43:41 - [MESSAGE][PASSED] - Object 'Object Repository/09-Settings/Users/div_Organization Units' is visible

2022-10-03 16:43:41 - [TEST_STEP][PASSED] - verifyElementVisible(findTestObject("09-Settings/Users/div_Subscriptions")): Object 'Object Repository/09-Settings/Users/div_Subscriptions' is visible

2022-10-03 16:43:41 - [MESSAGE][PASSED] - Object 'Object Repository/09-Settings/Users/div_Subscriptions' is visible

2022-10-03 16:43:41 - [TEST_STEP][PASSED] - verifyElementVisible(findTestObject("09-Settings/Users/div_Users")): Object 'Object Repository/09-Settings/Users/div_Users' is visible

2022-10-03 16:43:42 - [MESSAGE][PASSED] - Object 'Object Repository/09-Settings/Users/div_Users' is visible

2022-10-03 16:43:42 - [TEST_STEP][PASSED] - delay(3): Delayed 3 second(s)

2022-10-03 16:43:45 - [MESSAGE][PASSED] - Delayed 3 second(s)

2022-10-03 16:43:45 - [TEST_STEP][PASSED] - click(findTestObject("09-Settings/Users/div_Users")): Object: 'Object Repository/09-Settings/Users/div_Users' is clicked on

2022-10-03 16:43:45 - [MESSAGE][PASSED] - Object: 'Object Repository/09-Settings/Users/div_Users' is clicked on

2022-10-03 16:43:45 - [TEST_STEP][PASSED] - verifyElementVisible(findTestObject("09-Settings/Users/h4_USERS")): Object 'Object Repository/09-Settings/Users/h4_USERS' is visible

2022-10-03 16:43:47 - [MESSAGE][PASSED] - Object 'Object Repository/09-Settings/Users/h4_USERS' is visible

2022-10-03 16:43:47 - [TEST_STEP][PASSED] - verifyElementVisible(findTestObject("09-Settings/Users/User Page")): Object 'Object Repository/09-Settings/Users/User Page' is visible

2022-10-03 16:43:47 - [MESSAGE][PASSED] - Object 'Object Repository/09-Settings/Users/User Page' is visible

2022-10-03 16:43:47 - [TEST_STEP][PASSED] - delay(3): Delayed 3 second(s)

2022-10-03 16:43:50 - [MESSAGE][PASSED] - Delayed 3 second(s)

2022-10-03 16:43:50 - [TEST_STEP][PASSED] - click(findTestObject("09-Settings/Users/button_add")): Object: 'Object Repository/09-Settings/Users/button_add' is clicked on

2022-10-03 16:43:50 - [MESSAGE][PASSED] - Object: 'Object Repository/09-Settings/Users/button_add' is clicked on

2022-10-03 16:43:50 - [TEST_STEP][PASSED] - verifyElementVisible(findTestObject("09-Settings/Users/User Invitation modal")): Object 'Object Repository/09-Settings/Users/User Invitation modal' is visible

2022-10-03 16:43:51 - [MESSAGE][PASSED] - Object 'Object Repository/09-Settings/Users/User Invitation modal' is visible

2022-10-03 16:43:51 - [TEST_STEP][PASSED] - delay(3): Delayed 3 second(s)

2022-10-03 16:43:54 - [MESSAGE][PASSED] - Delayed 3 second(s)

2022-10-03 16:43:54 - [TEST_STEP][PASSED] - click(findTestObject("09-Settings/Users/add Invite a single user")): Object: 'Object Repository/09-Settings/Users/add Invite a single user' is clicked on

2022-10-03 16:43:54 - [MESSAGE][PASSED] - Object: 'Object Repository/09-Settings/Users/add Invite a single user' is clicked on

2022-10-03 16:43:54 - [TEST_STEP][PASSED] - verifyElementVisible(findTestObject("09-Settings/Users/Invite new user modal")): Object 'Object Repository/09-Settings/Users/Invite new user modal' is visible

2022-10-03 16:43:55 - [MESSAGE][PASSED] - Object 'Object Repository/09-Settings/Users/Invite new user modal' is visible

2022-10-03 16:43:55 - [TEST_STEP][PASSED] - click(findTestObject("09-Settings/Users/input_email")): Object: 'Object Repository/09-Settings/Users/input_email' is clicked on

2022-10-03 16:43:56 - [MESSAGE][PASSED] - Object: 'Object Repository/09-Settings/Users/input_email' is clicked on

2022-10-03 16:43:56 - [TEST_STEP][PASSED] - click(findTestObject("09-Settings/Users/input_firstName")): Object: 'Object Repository/09-Settings/Users/input_firstName' is clicked on

2022-10-03 16:43:56 - [MESSAGE][PASSED] - Object: 'Object Repository/09-Settings/Users/input_firstName' is clicked on

2022-10-03 16:43:56 - [TEST_STEP][PASSED] - click(findTestObject("09-Settings/Users/input_lastName")): Object: 'Object Repository/09-Settings/Users/input_lastName' is clicked on

2022-10-03 16:43:57 - [MESSAGE][PASSED] - Object: 'Object Repository/09-Settings/Users/input_lastName' is clicked on

2022-10-03 16:43:57 - [TEST_STEP][PASSED] - click(findTestObject("09-Settings/Users/span_Role")): Object: 'Object Repository/09-Settings/Users/span_Role' is clicked on

2022-10-03 16:43:57 - [MESSAGE][PASSED] - Object: 'Object Repository/09-Settings/Users/span_Role' is clicked on

2022-10-03 16:43:57 - [TEST_STEP][PASSED] - clickOffset(findTestObject("09-Settings/Users/h4_Invite New User"), 100, 100): Object: 'Object Repository/09-Settings/Users/h4_Invite New User' is clicked on using offset x=100 and y=100

2022-10-03 16:43:58 - [MESSAGE][PASSED] - Object: 'Object Repository/09-Settings/Users/h4_Invite New User' is clicked on using offset x=100 and y=100

2022-10-03 16:43:58 - [TEST_STEP][PASSED] - verifyElementVisible(findTestObject("09-Settings/Users/Email required")): Object 'Object Repository/09-Settings/Users/Email required' is visible

2022-10-03 16:43:59 - [MESSAGE][PASSED] - Object 'Object Repository/09-Settings/Users/Email required' is visible

2022-10-03 16:43:59 - [TEST_STEP][PASSED] - verifyElementVisible(findTestObject("09-Settings/Users/Firstname required")): Object 'Object Repository/09-Settings/Users/Firstname required' is visible

2022-10-03 16:43:59 - [MESSAGE][PASSED] - Object 'Object Repository/09-Settings/Users/Firstname required' is visible

2022-10-03 16:43:59 - [TEST_STEP][PASSED] - verifyElementVisible(findTestObject("09-Settings/Users/last name required")): Object 'Object Repository/09-Settings/Users/last name required' is visible

2022-10-03 16:44:00 - [MESSAGE][PASSED] - Object 'Object Repository/09-Settings/Users/last name required' is visible

2022-10-03 16:44:00 - [TEST_STEP][PASSED] - verifyElementVisible(findTestObject("09-Settings/Users/error_Select a role")): Object 'Object Repository/09-Settings/Users/error_Select a role' is visible

2022-10-03 16:44:00 - [MESSAGE][PASSED] - Object 'Object Repository/09-Settings/Users/error_Select a role' is visible

2022-10-03 16:44:00 - [TEST_STEP][PASSED] - delay(3): Delayed 3 second(s)

2022-10-03 16:44:03 - [MESSAGE][PASSED] - Delayed 3 second(s)

2022-10-03 16:44:03 - [TEST_STEP][PASSED] - closeBrowser(): Browser is closed

2022-10-03 16:44:04 - [MESSAGE][PASSED] - Browser is closed]]></system-out>
         <system-err><![CDATA[]]></system-err>
      </testcase>
      <testcase name="Test Cases/09-Settings/02 - Users (Invite new user as co worker)" time="199.062" classname="Test Cases/09-Settings/02 - Users (Invite new user as co worker)" status="PASSED">
         <system-out><![CDATA[2022-10-03 16:44:04 - [TEST_CASE][PASSED] - Test Cases/09-Settings/02 - Users (Invite new user as co worker): Test Cases/09-Settings/02 - Users (Invite new user as co worker)

2022-10-03 16:44:04 - [TEST_STEP][PASSED] - openBrowser(""): Browser is opened with url: ''

2022-10-03 16:44:04 - [MESSAGE][INFO] - Starting 'Chrome' driver

2022-10-03 16:44:04 - [MESSAGE][INFO] - Action delay is set to 0 milliseconds

2022-10-03 16:44:05 - [MESSAGE][PASSED] - Browser is opened with url: ''

2022-10-03 16:44:05 - [TEST_STEP][PASSED] - navigateToUrl("https://lab.everleagues.com/"): Navigate to 'https://lab.everleagues.com/' successfully

2022-10-03 16:44:32 - [MESSAGE][PASSED] - Navigate to 'https://lab.everleagues.com/' successfully

2022-10-03 16:44:32 - [TEST_STEP][PASSED] - maximizeWindow(): Current window maximized

2022-10-03 16:44:32 - [MESSAGE][PASSED] - Current window maximized

2022-10-03 16:44:32 - [TEST_STEP][PASSED] - setText(findTestObject("02-Side Icons(Organization)/Add Contact/Email Field"), "testuser02@mailinator.com"): Text 'testuser02@mailinator.com' is set on object 'Object Repository/02-Side Icons(Organization)/Add Contact/Email Field'

2022-10-03 16:44:33 - [MESSAGE][PASSED] - Text 'testuser02@mailinator.com' is set on object 'Object Repository/02-Side Icons(Organization)/Add Contact/Email Field'

2022-10-03 16:44:33 - [TEST_STEP][PASSED] - setEncryptedText(findTestObject("02-Side Icons(Organization)/Add Contact/Password Field"), "8yFRyszE6U6jvsCn51OQbg=="): Text ****** has been set on object 'Object Repository/02-Side Icons(Organization)/Add Contact/Password Field'

2022-10-03 16:44:33 - [MESSAGE][PASSED] - Text ****** has been set on object 'Object Repository/02-Side Icons(Organization)/Add Contact/Password Field'

2022-10-03 16:44:33 - [TEST_STEP][PASSED] - click(findTestObject("02-Side Icons(Organization)/Add Contact/button_Sign in")): Object: 'Object Repository/02-Side Icons(Organization)/Add Contact/button_Sign in' is clicked on

2022-10-03 16:44:34 - [MESSAGE][PASSED] - Object: 'Object Repository/02-Side Icons(Organization)/Add Contact/button_Sign in' is clicked on

2022-10-03 16:44:34 - [TEST_STEP][PASSED] - delay(2): Delayed 2 second(s)

2022-10-03 16:44:36 - [MESSAGE][PASSED] - Delayed 2 second(s)

2022-10-03 16:44:36 - [TEST_STEP][PASSED] - click(findTestObject("06-Teams/For 2FA/button_Confirm_2FA")): Object: 'Object Repository/06-Teams/For 2FA/button_Confirm_2FA' is clicked on

2022-10-03 16:44:36 - [MESSAGE][PASSED] - Object: 'Object Repository/06-Teams/For 2FA/button_Confirm_2FA' is clicked on

2022-10-03 16:44:36 - [TEST_STEP][PASSED] - executeJavaScript("window.open();", []): Execute JavaScript 'window.open();' successfully

2022-10-03 16:44:36 - [MESSAGE][PASSED] - Execute JavaScript 'window.open();' successfully

2022-10-03 16:44:36 - [TEST_STEP][PASSED] - currentWindow = getWindowIndex(): Current window's index is: 0

2022-10-03 16:44:36 - [MESSAGE][PASSED] - Current window's index is: 0

2022-10-03 16:44:36 - [TEST_STEP][PASSED] - delay(3): Delayed 3 second(s)

2022-10-03 16:44:39 - [MESSAGE][PASSED] - Delayed 3 second(s)

2022-10-03 16:44:39 - [TEST_STEP][PASSED] - switchToWindowIndex(currentWindow + 1): Switched to window with index: '1'

2022-10-03 16:44:39 - [MESSAGE][PASSED] - Switched to window with index: '1'

2022-10-03 16:44:39 - [TEST_STEP][PASSED] - navigateToUrl("https://www.mailinator.com/"): Navigate to 'https://www.mailinator.com/' successfully

2022-10-03 16:44:41 - [MESSAGE][PASSED] - Navigate to 'https://www.mailinator.com/' successfully

2022-10-03 16:44:41 - [TEST_STEP][PASSED] - delay(3): Delayed 3 second(s)

2022-10-03 16:44:44 - [MESSAGE][PASSED] - Delayed 3 second(s)

2022-10-03 16:44:44 - [TEST_STEP][PASSED] - setText(findTestObject("00-Signup and Activation/zMailinator/input_LOGIN_search"), "testuser02@mailinator.com"): Text 'testuser02@mailinator.com' is set on object 'Object Repository/00-Signup and Activation/zMailinator/input_LOGIN_search'

2022-10-03 16:44:45 - [MESSAGE][PASSED] - Text 'testuser02@mailinator.com' is set on object 'Object Repository/00-Signup and Activation/zMailinator/input_LOGIN_search'

2022-10-03 16:44:45 - [TEST_STEP][PASSED] - click(findTestObject("00-Signup and Activation/zMailinator/gobutton"), STOP_ON_FAILURE): Object: 'Object Repository/00-Signup and Activation/zMailinator/gobutton' is clicked on

2022-10-03 16:44:47 - [MESSAGE][PASSED] - Object: 'Object Repository/00-Signup and Activation/zMailinator/gobutton' is clicked on

2022-10-03 16:44:47 - [TEST_STEP][PASSED] - delay(3): Delayed 3 second(s)

2022-10-03 16:44:50 - [MESSAGE][PASSED] - Delayed 3 second(s)

2022-10-03 16:44:50 - [TEST_STEP][PASSED] - click(findTestObject("00-Signup and Activation/zMailinator/Email - everleagues")): Object: 'Object Repository/00-Signup and Activation/zMailinator/Email - everleagues' is clicked on

2022-10-03 16:44:50 - [MESSAGE][PASSED] - Object: 'Object Repository/00-Signup and Activation/zMailinator/Email - everleagues' is clicked on

2022-10-03 16:44:50 - [TEST_STEP][PASSED] - delay(3): Delayed 3 second(s)

2022-10-03 16:44:53 - [MESSAGE][PASSED] - Delayed 3 second(s)

2022-10-03 16:44:53 - [TEST_STEP][PASSED] - code = getText(findTestObject("Object Repository/06-Teams/For 2FA/2FA code")): Text of object 'Object Repository/06-Teams/For 2FA/2FA code' is: '483043'

2022-10-03 16:44:53 - [MESSAGE][PASSED] - Text of object 'Object Repository/06-Teams/For 2FA/2FA code' is: '483043'

2022-10-03 16:44:53 - [TEST_STEP][PASSED] - delay(3): Delayed 3 second(s)

2022-10-03 16:44:56 - [MESSAGE][PASSED] - Delayed 3 second(s)

2022-10-03 16:44:56 - [TEST_STEP][PASSED] - closeWindowTitle("Mailinator"): Window with title: 'Mailinator' is closed

2022-10-03 16:44:57 - [MESSAGE][PASSED] - Window with title: 'Mailinator' is closed

2022-10-03 16:44:57 - [TEST_STEP][PASSED] - delay(3): Delayed 3 second(s)

2022-10-03 16:45:00 - [MESSAGE][PASSED] - Delayed 3 second(s)

2022-10-03 16:45:00 - [TEST_STEP][PASSED] - switchToWindowIndex(0): Switched to window with index: '0'

2022-10-03 16:45:00 - [MESSAGE][PASSED] - Switched to window with index: '0'

2022-10-03 16:45:00 - [TEST_STEP][PASSED] - delay(3): Delayed 3 second(s)

2022-10-03 16:45:03 - [MESSAGE][PASSED] - Delayed 3 second(s)

2022-10-03 16:45:03 - [TEST_STEP][PASSED] - setText(findTestObject("Object Repository/06-Teams/For 2FA/input_Enter verification code_code"), code): Text '483043' is set on object 'Object Repository/06-Teams/For 2FA/input_Enter verification code_code'

2022-10-03 16:45:03 - [MESSAGE][PASSED] - Text '483043' is set on object 'Object Repository/06-Teams/For 2FA/input_Enter verification code_code'

2022-10-03 16:45:03 - [TEST_STEP][PASSED] - delay(3): Delayed 3 second(s)

2022-10-03 16:45:06 - [MESSAGE][PASSED] - Delayed 3 second(s)

2022-10-03 16:45:06 - [TEST_STEP][PASSED] - click(findTestObject("06-Teams/For 2FA/button_Verify_2FA")): Object: 'Object Repository/06-Teams/For 2FA/button_Verify_2FA' is clicked on

2022-10-03 16:45:07 - [MESSAGE][PASSED] - Object: 'Object Repository/06-Teams/For 2FA/button_Verify_2FA' is clicked on

2022-10-03 16:45:07 - [TEST_STEP][PASSED] - delay(5): Delayed 5 second(s)

2022-10-03 16:45:12 - [MESSAGE][PASSED] - Delayed 5 second(s)

2022-10-03 16:45:12 - [TEST_STEP][PASSED] - click(findTestObject("06-Teams/button_doublearrow")): Object: 'Object Repository/06-Teams/button_doublearrow' is clicked on

2022-10-03 16:45:12 - [MESSAGE][PASSED] - Object: 'Object Repository/06-Teams/button_doublearrow' is clicked on

2022-10-03 16:45:12 - [TEST_STEP][PASSED] - click(findTestObject("06-Teams/button_My Organizations")): Object: 'Object Repository/06-Teams/button_My Organizations' is clicked on

2022-10-03 16:45:13 - [MESSAGE][PASSED] - Object: 'Object Repository/06-Teams/button_My Organizations' is clicked on

2022-10-03 16:45:13 - [TEST_STEP][PASSED] - click(findTestObject("06-Teams/button_GG Automation")): Object: 'Object Repository/06-Teams/button_GG Automation' is clicked on

2022-10-03 16:45:14 - [MESSAGE][PASSED] - Object: 'Object Repository/06-Teams/button_GG Automation' is clicked on

2022-10-03 16:45:14 - [TEST_STEP][PASSED] - delay(4): Delayed 4 second(s)

2022-10-03 16:45:18 - [MESSAGE][PASSED] - Delayed 4 second(s)

2022-10-03 16:45:18 - [TEST_STEP][PASSED] - verifyElementVisible(findTestObject("06-Teams/span_GG Automation")): Object 'Object Repository/06-Teams/span_GG Automation' is visible

2022-10-03 16:45:18 - [MESSAGE][PASSED] - Object 'Object Repository/06-Teams/span_GG Automation' is visible

2022-10-03 16:45:18 - [TEST_STEP][PASSED] - delay(10): Delayed 10 second(s)

2022-10-03 16:45:28 - [MESSAGE][PASSED] - Delayed 10 second(s)

2022-10-03 16:45:28 - [TEST_STEP][PASSED] - click(findTestObject("03-Header Menu/Hamburger Button/div_Settings")): Object: 'Object Repository/03-Header Menu/Hamburger Button/div_Settings' is clicked on

2022-10-03 16:45:28 - [MESSAGE][PASSED] - Object: 'Object Repository/03-Header Menu/Hamburger Button/div_Settings' is clicked on

2022-10-03 16:45:28 - [TEST_STEP][PASSED] - delay(3): Delayed 3 second(s)

2022-10-03 16:45:31 - [MESSAGE][PASSED] - Delayed 3 second(s)

2022-10-03 16:45:31 - [TEST_STEP][PASSED] - click(findTestObject("09-Settings/Users/div_Users")): Object: 'Object Repository/09-Settings/Users/div_Users' is clicked on

2022-10-03 16:45:32 - [MESSAGE][PASSED] - Object: 'Object Repository/09-Settings/Users/div_Users' is clicked on

2022-10-03 16:45:32 - [TEST_STEP][PASSED] - delay(3): Delayed 3 second(s)

2022-10-03 16:45:35 - [MESSAGE][PASSED] - Delayed 3 second(s)

2022-10-03 16:45:35 - [TEST_STEP][PASSED] - click(findTestObject("09-Settings/Users/button_add")): Object: 'Object Repository/09-Settings/Users/button_add' is clicked on

2022-10-03 16:45:35 - [MESSAGE][PASSED] - Object: 'Object Repository/09-Settings/Users/button_add' is clicked on

2022-10-03 16:45:35 - [TEST_STEP][PASSED] - delay(3): Delayed 3 second(s)

2022-10-03 16:45:38 - [MESSAGE][PASSED] - Delayed 3 second(s)

2022-10-03 16:45:38 - [TEST_STEP][PASSED] - click(findTestObject("09-Settings/Users/add Invite a single user")): Object: 'Object Repository/09-Settings/Users/add Invite a single user' is clicked on

2022-10-03 16:45:39 - [MESSAGE][PASSED] - Object: 'Object Repository/09-Settings/Users/add Invite a single user' is clicked on

2022-10-03 16:45:39 - [TEST_STEP][PASSED] - delay(3): Delayed 3 second(s)

2022-10-03 16:45:42 - [MESSAGE][PASSED] - Delayed 3 second(s)

2022-10-03 16:45:42 - [TEST_STEP][PASSED] - setText(findTestObject("09-Settings/Users/input_email"), "autotester04@mailinator.com"): Text 'autotester04@mailinator.com' is set on object 'Object Repository/09-Settings/Users/input_email'

2022-10-03 16:45:43 - [MESSAGE][PASSED] - Text 'autotester04@mailinator.com' is set on object 'Object Repository/09-Settings/Users/input_email'

2022-10-03 16:45:43 - [TEST_STEP][PASSED] - setText(findTestObject("09-Settings/Users/input_firstName"), "GG"): Text 'GG' is set on object 'Object Repository/09-Settings/Users/input_firstName'

2022-10-03 16:45:43 - [MESSAGE][PASSED] - Text 'GG' is set on object 'Object Repository/09-Settings/Users/input_firstName'

2022-10-03 16:45:43 - [TEST_STEP][PASSED] - setText(findTestObject("09-Settings/Users/input_lastName"), "Auto Contact 2"): Text 'Auto Contact 2' is set on object 'Object Repository/09-Settings/Users/input_lastName'

2022-10-03 16:45:44 - [MESSAGE][PASSED] - Text 'Auto Contact 2' is set on object 'Object Repository/09-Settings/Users/input_lastName'

2022-10-03 16:45:44 - [TEST_STEP][PASSED] - click(findTestObject("09-Settings/Users/span_Role")): Object: 'Object Repository/09-Settings/Users/span_Role' is clicked on

2022-10-03 16:45:45 - [MESSAGE][PASSED] - Object: 'Object Repository/09-Settings/Users/span_Role' is clicked on

2022-10-03 16:45:45 - [TEST_STEP][PASSED] - click(findTestObject("09-Settings/Users/span_CoWorker")): Object: 'Object Repository/09-Settings/Users/span_CoWorker' is clicked on

2022-10-03 16:45:45 - [MESSAGE][PASSED] - Object: 'Object Repository/09-Settings/Users/span_CoWorker' is clicked on

2022-10-03 16:45:45 - [TEST_STEP][PASSED] - click(findTestObject("09-Settings/Users/button_Send Invitation")): Object: 'Object Repository/09-Settings/Users/button_Send Invitation' is clicked on

2022-10-03 16:45:46 - [MESSAGE][PASSED] - Object: 'Object Repository/09-Settings/Users/button_Send Invitation' is clicked on

2022-10-03 16:45:46 - [TEST_STEP][PASSED] - delay(2): Delayed 2 second(s)

2022-10-03 16:45:48 - [MESSAGE][PASSED] - Delayed 2 second(s)

2022-10-03 16:45:48 - [TEST_STEP][PASSED] - verifyElementVisible(findTestObject("07-Directory/Connections/zContact Profile/Successfully invited user")): Object 'Object Repository/07-Directory/Connections/zContact Profile/Successfully invited user' is visible

2022-10-03 16:45:49 - [MESSAGE][PASSED] - Object 'Object Repository/07-Directory/Connections/zContact Profile/Successfully invited user' is visible

2022-10-03 16:45:49 - [TEST_STEP][PASSED] - delay(2): Delayed 2 second(s)

2022-10-03 16:45:51 - [MESSAGE][PASSED] - Delayed 2 second(s)

2022-10-03 16:45:51 - [TEST_STEP][PASSED] - executeJavaScript("window.open();", []): Execute JavaScript 'window.open();' successfully

2022-10-03 16:45:52 - [MESSAGE][PASSED] - Execute JavaScript 'window.open();' successfully

2022-10-03 16:45:52 - [TEST_STEP][PASSED] - currentWindow = getWindowIndex(): Current window's index is: 0

2022-10-03 16:45:52 - [MESSAGE][PASSED] - Current window's index is: 0

2022-10-03 16:45:52 - [TEST_STEP][PASSED] - delay(3): Delayed 3 second(s)

2022-10-03 16:45:55 - [MESSAGE][PASSED] - Delayed 3 second(s)

2022-10-03 16:45:55 - [TEST_STEP][PASSED] - switchToWindowIndex(currentWindow + 1): Switched to window with index: '1'

2022-10-03 16:45:55 - [MESSAGE][PASSED] - Switched to window with index: '1'

2022-10-03 16:45:55 - [TEST_STEP][PASSED] - navigateToUrl("https://www.mailinator.com/"): Navigate to 'https://www.mailinator.com/' successfully

2022-10-03 16:45:56 - [MESSAGE][PASSED] - Navigate to 'https://www.mailinator.com/' successfully

2022-10-03 16:45:56 - [TEST_STEP][PASSED] - delay(3): Delayed 3 second(s)

2022-10-03 16:45:59 - [MESSAGE][PASSED] - Delayed 3 second(s)

2022-10-03 16:45:59 - [TEST_STEP][PASSED] - setText(findTestObject("00-Signup and Activation/zMailinator/input_LOGIN_search"), "autotester04@mailinator.com"): Text 'autotester04@mailinator.com' is set on object 'Object Repository/00-Signup and Activation/zMailinator/input_LOGIN_search'

2022-10-03 16:45:59 - [MESSAGE][PASSED] - Text 'autotester04@mailinator.com' is set on object 'Object Repository/00-Signup and Activation/zMailinator/input_LOGIN_search'

2022-10-03 16:45:59 - [TEST_STEP][PASSED] - click(findTestObject("00-Signup and Activation/zMailinator/gobutton"), STOP_ON_FAILURE): Object: 'Object Repository/00-Signup and Activation/zMailinator/gobutton' is clicked on

2022-10-03 16:46:00 - [MESSAGE][PASSED] - Object: 'Object Repository/00-Signup and Activation/zMailinator/gobutton' is clicked on

2022-10-03 16:46:00 - [TEST_STEP][PASSED] - delay(3): Delayed 3 second(s)

2022-10-03 16:46:03 - [MESSAGE][PASSED] - Delayed 3 second(s)

2022-10-03 16:46:03 - [TEST_STEP][PASSED] - closeWindowTitle("Everleagues"): Window with title: 'Everleagues' is closed

2022-10-03 16:46:04 - [MESSAGE][PASSED] - Window with title: 'Everleagues' is closed

2022-10-03 16:46:04 - [TEST_STEP][PASSED] - switchToWindowIndex(0): Switched to window with index: '0'

2022-10-03 16:46:04 - [MESSAGE][PASSED] - Switched to window with index: '0'

2022-10-03 16:46:04 - [TEST_STEP][PASSED] - click(findTestObject("09-Settings/Users/Co worker/td_Invitation from GG Automation")): Object: 'Object Repository/09-Settings/Users/Co worker/td_Invitation from GG Automation' is clicked on

2022-10-03 16:46:04 - [MESSAGE][PASSED] - Object: 'Object Repository/09-Settings/Users/Co worker/td_Invitation from GG Automation' is clicked on

2022-10-03 16:46:04 - [TEST_STEP][PASSED] - click(findTestObject("09-Settings/Users/Co worker/a_Click here to join GG Automation on EverLeagues")): Object: 'Object Repository/09-Settings/Users/Co worker/a_Click here to join GG Automation on EverLeagues' is clicked on

2022-10-03 16:46:05 - [MESSAGE][PASSED] - Object: 'Object Repository/09-Settings/Users/Co worker/a_Click here to join GG Automation on EverLeagues' is clicked on

2022-10-03 16:46:05 - [TEST_STEP][PASSED] - closeWindowTitle("Mailinator"): Window with title: 'Mailinator' is closed

2022-10-03 16:46:05 - [MESSAGE][PASSED] - Window with title: 'Mailinator' is closed

2022-10-03 16:46:05 - [TEST_STEP][PASSED] - switchToWindowIndex(0): Switched to window with index: '0'

2022-10-03 16:46:05 - [MESSAGE][PASSED] - Switched to window with index: '0'

2022-10-03 16:46:05 - [TEST_STEP][PASSED] - verifyElementVisible(findTestObject("09-Settings/Users/Co worker/Logout before proceed modal")): Object 'Object Repository/09-Settings/Users/Co worker/Logout before proceed modal' is visible

2022-10-03 16:46:11 - [MESSAGE][PASSED] - Object 'Object Repository/09-Settings/Users/Co worker/Logout before proceed modal' is visible

2022-10-03 16:46:11 - [TEST_STEP][PASSED] - click(findTestObject("09-Settings/Users/Co worker/button_Yes")): Object: 'Object Repository/09-Settings/Users/Co worker/button_Yes' is clicked on

2022-10-03 16:46:11 - [MESSAGE][PASSED] - Object: 'Object Repository/09-Settings/Users/Co worker/button_Yes' is clicked on

2022-10-03 16:46:11 - [TEST_STEP][PASSED] - delay(3): Delayed 3 second(s)

2022-10-03 16:46:14 - [MESSAGE][PASSED] - Delayed 3 second(s)

2022-10-03 16:46:14 - [TEST_STEP][PASSED] - setText(findTestObject("09-Settings/Users/Co worker/input_Email_email"), "autotester04@mailinator.com"): Text 'autotester04@mailinator.com' is set on object 'Object Repository/09-Settings/Users/Co worker/input_Email_email'

2022-10-03 16:46:15 - [MESSAGE][PASSED] - Text 'autotester04@mailinator.com' is set on object 'Object Repository/09-Settings/Users/Co worker/input_Email_email'

2022-10-03 16:46:15 - [TEST_STEP][PASSED] - setEncryptedText(findTestObject("09-Settings/Users/Co worker/input__password"), "8yFRyszE6U6jvsCn51OQbg=="): Text ****** has been set on object 'Object Repository/09-Settings/Users/Co worker/input__password'

2022-10-03 16:46:15 - [MESSAGE][PASSED] - Text ****** has been set on object 'Object Repository/09-Settings/Users/Co worker/input__password'

2022-10-03 16:46:15 - [TEST_STEP][PASSED] - click(findTestObject("02-Side Icons(Organization)/Add Contact/button_Sign in")): Object: 'Object Repository/02-Side Icons(Organization)/Add Contact/button_Sign in' is clicked on

2022-10-03 16:46:16 - [MESSAGE][PASSED] - Object: 'Object Repository/02-Side Icons(Organization)/Add Contact/button_Sign in' is clicked on

2022-10-03 16:46:16 - [TEST_STEP][PASSED] - delay(2): Delayed 2 second(s)

2022-10-03 16:46:18 - [MESSAGE][PASSED] - Delayed 2 second(s)

2022-10-03 16:46:18 - [TEST_STEP][PASSED] - click(findTestObject("06-Teams/For 2FA/button_Confirm_2FA")): Object: 'Object Repository/06-Teams/For 2FA/button_Confirm_2FA' is clicked on

2022-10-03 16:46:18 - [MESSAGE][PASSED] - Object: 'Object Repository/06-Teams/For 2FA/button_Confirm_2FA' is clicked on

2022-10-03 16:46:18 - [TEST_STEP][PASSED] - executeJavaScript("window.open();", []): Execute JavaScript 'window.open();' successfully

2022-10-03 16:46:18 - [MESSAGE][PASSED] - Execute JavaScript 'window.open();' successfully

2022-10-03 16:46:19 - [TEST_STEP][PASSED] - currentWindow = getWindowIndex(): Current window's index is: 0

2022-10-03 16:46:19 - [MESSAGE][PASSED] - Current window's index is: 0

2022-10-03 16:46:19 - [TEST_STEP][PASSED] - delay(3): Delayed 3 second(s)

2022-10-03 16:46:22 - [MESSAGE][PASSED] - Delayed 3 second(s)

2022-10-03 16:46:22 - [TEST_STEP][PASSED] - switchToWindowIndex(currentWindow + 1): Switched to window with index: '1'

2022-10-03 16:46:22 - [MESSAGE][PASSED] - Switched to window with index: '1'

2022-10-03 16:46:22 - [TEST_STEP][PASSED] - navigateToUrl("https://www.mailinator.com/"): Navigate to 'https://www.mailinator.com/' successfully

2022-10-03 16:46:23 - [MESSAGE][PASSED] - Navigate to 'https://www.mailinator.com/' successfully

2022-10-03 16:46:23 - [TEST_STEP][PASSED] - delay(3): Delayed 3 second(s)

2022-10-03 16:46:26 - [MESSAGE][PASSED] - Delayed 3 second(s)

2022-10-03 16:46:26 - [TEST_STEP][PASSED] - setText(findTestObject("00-Signup and Activation/zMailinator/input_LOGIN_search"), "autotester04@mailinator.com"): Text 'autotester04@mailinator.com' is set on object 'Object Repository/00-Signup and Activation/zMailinator/input_LOGIN_search'

2022-10-03 16:46:26 - [MESSAGE][PASSED] - Text 'autotester04@mailinator.com' is set on object 'Object Repository/00-Signup and Activation/zMailinator/input_LOGIN_search'

2022-10-03 16:46:26 - [TEST_STEP][PASSED] - click(findTestObject("00-Signup and Activation/zMailinator/gobutton"), STOP_ON_FAILURE): Object: 'Object Repository/00-Signup and Activation/zMailinator/gobutton' is clicked on

2022-10-03 16:46:27 - [MESSAGE][PASSED] - Object: 'Object Repository/00-Signup and Activation/zMailinator/gobutton' is clicked on

2022-10-03 16:46:27 - [TEST_STEP][PASSED] - delay(3): Delayed 3 second(s)

2022-10-03 16:46:30 - [MESSAGE][PASSED] - Delayed 3 second(s)

2022-10-03 16:46:30 - [TEST_STEP][PASSED] - click(findTestObject("00-Signup and Activation/zMailinator/Email - everleagues")): Object: 'Object Repository/00-Signup and Activation/zMailinator/Email - everleagues' is clicked on

2022-10-03 16:46:31 - [MESSAGE][PASSED] - Object: 'Object Repository/00-Signup and Activation/zMailinator/Email - everleagues' is clicked on

2022-10-03 16:46:31 - [TEST_STEP][PASSED] - delay(3): Delayed 3 second(s)

2022-10-03 16:46:34 - [MESSAGE][PASSED] - Delayed 3 second(s)

2022-10-03 16:46:34 - [TEST_STEP][PASSED] - codetwo = getText(findTestObject("Object Repository/06-Teams/For 2FA/2FA code")): Text of object 'Object Repository/06-Teams/For 2FA/2FA code' is: '202753'

2022-10-03 16:46:34 - [MESSAGE][PASSED] - Text of object 'Object Repository/06-Teams/For 2FA/2FA code' is: '202753'

2022-10-03 16:46:34 - [TEST_STEP][PASSED] - delay(3): Delayed 3 second(s)

2022-10-03 16:46:37 - [MESSAGE][PASSED] - Delayed 3 second(s)

2022-10-03 16:46:37 - [TEST_STEP][PASSED] - closeWindowTitle("Mailinator"): Window with title: 'Mailinator' is closed

2022-10-03 16:46:37 - [MESSAGE][PASSED] - Window with title: 'Mailinator' is closed

2022-10-03 16:46:37 - [TEST_STEP][PASSED] - delay(3): Delayed 3 second(s)

2022-10-03 16:46:40 - [MESSAGE][PASSED] - Delayed 3 second(s)

2022-10-03 16:46:40 - [TEST_STEP][PASSED] - switchToWindowIndex(0): Switched to window with index: '0'

2022-10-03 16:46:40 - [MESSAGE][PASSED] - Switched to window with index: '0'

2022-10-03 16:46:40 - [TEST_STEP][PASSED] - delay(3): Delayed 3 second(s)

2022-10-03 16:46:43 - [MESSAGE][PASSED] - Delayed 3 second(s)

2022-10-03 16:46:43 - [TEST_STEP][PASSED] - setText(findTestObject("Object Repository/06-Teams/For 2FA/input_Enter verification code_code"), codetwo): Text '202753' is set on object 'Object Repository/06-Teams/For 2FA/input_Enter verification code_code'

2022-10-03 16:46:44 - [MESSAGE][PASSED] - Text '202753' is set on object 'Object Repository/06-Teams/For 2FA/input_Enter verification code_code'

2022-10-03 16:46:44 - [TEST_STEP][PASSED] - delay(3): Delayed 3 second(s)

2022-10-03 16:46:47 - [MESSAGE][PASSED] - Delayed 3 second(s)

2022-10-03 16:46:47 - [TEST_STEP][PASSED] - click(findTestObject("06-Teams/For 2FA/button_Verify_2FA")): Object: 'Object Repository/06-Teams/For 2FA/button_Verify_2FA' is clicked on

2022-10-03 16:46:48 - [MESSAGE][PASSED] - Object: 'Object Repository/06-Teams/For 2FA/button_Verify_2FA' is clicked on

2022-10-03 16:46:48 - [TEST_STEP][PASSED] - delay(5): Delayed 5 second(s)

2022-10-03 16:46:53 - [MESSAGE][PASSED] - Delayed 5 second(s)

2022-10-03 16:46:53 - [TEST_STEP][PASSED] - executeJavaScript("window.open();", []): Execute JavaScript 'window.open();' successfully

2022-10-03 16:46:53 - [MESSAGE][PASSED] - Execute JavaScript 'window.open();' successfully

2022-10-03 16:46:53 - [TEST_STEP][PASSED] - currentWindow = getWindowIndex(): Current window's index is: 0

2022-10-03 16:46:53 - [MESSAGE][PASSED] - Current window's index is: 0

2022-10-03 16:46:53 - [TEST_STEP][PASSED] - delay(3): Delayed 3 second(s)

2022-10-03 16:46:56 - [MESSAGE][PASSED] - Delayed 3 second(s)

2022-10-03 16:46:56 - [TEST_STEP][PASSED] - switchToWindowIndex(currentWindow + 1): Switched to window with index: '1'

2022-10-03 16:46:56 - [MESSAGE][PASSED] - Switched to window with index: '1'

2022-10-03 16:46:56 - [TEST_STEP][PASSED] - navigateToUrl("https://www.mailinator.com/"): Navigate to 'https://www.mailinator.com/' successfully

2022-10-03 16:46:57 - [MESSAGE][PASSED] - Navigate to 'https://www.mailinator.com/' successfully

2022-10-03 16:46:57 - [TEST_STEP][PASSED] - delay(3): Delayed 3 second(s)

2022-10-03 16:47:00 - [MESSAGE][PASSED] - Delayed 3 second(s)

2022-10-03 16:47:00 - [TEST_STEP][PASSED] - setText(findTestObject("00-Signup and Activation/zMailinator/input_LOGIN_search"), "autotester04@mailinator.com"): Text 'autotester04@mailinator.com' is set on object 'Object Repository/00-Signup and Activation/zMailinator/input_LOGIN_search'

2022-10-03 16:47:01 - [MESSAGE][PASSED] - Text 'autotester04@mailinator.com' is set on object 'Object Repository/00-Signup and Activation/zMailinator/input_LOGIN_search'

2022-10-03 16:47:01 - [TEST_STEP][PASSED] - click(findTestObject("00-Signup and Activation/zMailinator/gobutton"), STOP_ON_FAILURE): Object: 'Object Repository/00-Signup and Activation/zMailinator/gobutton' is clicked on

2022-10-03 16:47:01 - [MESSAGE][PASSED] - Object: 'Object Repository/00-Signup and Activation/zMailinator/gobutton' is clicked on

2022-10-03 16:47:01 - [TEST_STEP][PASSED] - delay(3): Delayed 3 second(s)

2022-10-03 16:47:04 - [MESSAGE][PASSED] - Delayed 3 second(s)

2022-10-03 16:47:04 - [TEST_STEP][PASSED] - closeWindowTitle("Everleagues"): Window with title: 'Everleagues' is closed

2022-10-03 16:47:05 - [MESSAGE][PASSED] - Window with title: 'Everleagues' is closed

2022-10-03 16:47:05 - [TEST_STEP][PASSED] - switchToWindowIndex(0): Switched to window with index: '0'

2022-10-03 16:47:05 - [MESSAGE][PASSED] - Switched to window with index: '0'

2022-10-03 16:47:05 - [TEST_STEP][PASSED] - click(findTestObject("09-Settings/Users/Co worker/td_Invitation from GG Automation")): Object: 'Object Repository/09-Settings/Users/Co worker/td_Invitation from GG Automation' is clicked on

2022-10-03 16:47:05 - [MESSAGE][PASSED] - Object: 'Object Repository/09-Settings/Users/Co worker/td_Invitation from GG Automation' is clicked on

2022-10-03 16:47:05 - [TEST_STEP][PASSED] - click(findTestObject("09-Settings/Users/Co worker/a_Click here to join GG Automation on EverLeagues")): Object: 'Object Repository/09-Settings/Users/Co worker/a_Click here to join GG Automation on EverLeagues' is clicked on

2022-10-03 16:47:06 - [MESSAGE][PASSED] - Object: 'Object Repository/09-Settings/Users/Co worker/a_Click here to join GG Automation on EverLeagues' is clicked on

2022-10-03 16:47:06 - [TEST_STEP][PASSED] - delay(3): Delayed 3 second(s)

2022-10-03 16:47:09 - [MESSAGE][PASSED] - Delayed 3 second(s)

2022-10-03 16:47:09 - [TEST_STEP][PASSED] - closeWindowTitle("Mailinator"): Window with title: 'Mailinator' is closed

2022-10-03 16:47:09 - [MESSAGE][PASSED] - Window with title: 'Mailinator' is closed

2022-10-03 16:47:09 - [TEST_STEP][PASSED] - switchToWindowIndex(0): Switched to window with index: '0'

2022-10-03 16:47:09 - [MESSAGE][PASSED] - Switched to window with index: '0'

2022-10-03 16:47:09 - [TEST_STEP][PASSED] - verifyElementVisible(findTestObject("09-Settings/Users/Co worker/Invite modal")): Object 'Object Repository/09-Settings/Users/Co worker/Invite modal' is visible

2022-10-03 16:47:11 - [MESSAGE][PASSED] - Object 'Object Repository/09-Settings/Users/Co worker/Invite modal' is visible

2022-10-03 16:47:11 - [TEST_STEP][PASSED] - click(findTestObject("09-Settings/Users/Co worker/button_Accept")): Object: 'Object Repository/09-Settings/Users/Co worker/button_Accept' is clicked on

2022-10-03 16:47:12 - [MESSAGE][PASSED] - Object: 'Object Repository/09-Settings/Users/Co worker/button_Accept' is clicked on

2022-10-03 16:47:12 - [TEST_STEP][PASSED] - delay(10): Delayed 10 second(s)

2022-10-03 16:47:22 - [MESSAGE][PASSED] - Delayed 10 second(s)

2022-10-03 16:47:22 - [TEST_STEP][PASSED] - verifyElementVisible(findTestObject("09-Settings/Users/Co worker/div_Joined as CoWorker")): Object 'Object Repository/09-Settings/Users/Co worker/div_Joined as CoWorker' is visible

2022-10-03 16:47:22 - [MESSAGE][PASSED] - Object 'Object Repository/09-Settings/Users/Co worker/div_Joined as CoWorker' is visible

2022-10-03 16:47:22 - [TEST_STEP][PASSED] - closeBrowser(): Browser is closed

2022-10-03 16:47:23 - [MESSAGE][PASSED] - Browser is closed]]></system-out>
         <system-err><![CDATA[]]></system-err>
      </testcase>
      <testcase name="Test Cases/09-Settings/03 - Users (Invite new user as client)" time="220.245" classname="Test Cases/09-Settings/03 - Users (Invite new user as client)" status="PASSED">
         <system-out><![CDATA[2022-10-03 16:47:23 - [TEST_CASE][PASSED] - Test Cases/09-Settings/03 - Users (Invite new user as client): Test Cases/09-Settings/03 - Users (Invite new user as client)

2022-10-03 16:47:23 - [TEST_STEP][PASSED] - openBrowser(""): Browser is opened with url: ''

2022-10-03 16:47:23 - [MESSAGE][INFO] - Starting 'Chrome' driver

2022-10-03 16:47:23 - [MESSAGE][INFO] - Action delay is set to 0 milliseconds

2022-10-03 16:47:24 - [MESSAGE][PASSED] - Browser is opened with url: ''

2022-10-03 16:47:24 - [TEST_STEP][PASSED] - navigateToUrl("https://lab.everleagues.com/"): Navigate to 'https://lab.everleagues.com/' successfully

2022-10-03 16:47:39 - [MESSAGE][PASSED] - Navigate to 'https://lab.everleagues.com/' successfully

2022-10-03 16:47:39 - [TEST_STEP][PASSED] - maximizeWindow(): Current window maximized

2022-10-03 16:47:39 - [MESSAGE][PASSED] - Current window maximized

2022-10-03 16:47:39 - [TEST_STEP][PASSED] - setText(findTestObject("02-Side Icons(Organization)/Add Contact/Email Field"), "testuser02@mailinator.com"): Text 'testuser02@mailinator.com' is set on object 'Object Repository/02-Side Icons(Organization)/Add Contact/Email Field'

2022-10-03 16:47:40 - [MESSAGE][PASSED] - Text 'testuser02@mailinator.com' is set on object 'Object Repository/02-Side Icons(Organization)/Add Contact/Email Field'

2022-10-03 16:47:40 - [TEST_STEP][PASSED] - setEncryptedText(findTestObject("02-Side Icons(Organization)/Add Contact/Password Field"), "8yFRyszE6U6jvsCn51OQbg=="): Text ****** has been set on object 'Object Repository/02-Side Icons(Organization)/Add Contact/Password Field'

2022-10-03 16:47:40 - [MESSAGE][PASSED] - Text ****** has been set on object 'Object Repository/02-Side Icons(Organization)/Add Contact/Password Field'

2022-10-03 16:47:40 - [TEST_STEP][PASSED] - click(findTestObject("02-Side Icons(Organization)/Add Contact/button_Sign in")): Object: 'Object Repository/02-Side Icons(Organization)/Add Contact/button_Sign in' is clicked on

2022-10-03 16:47:41 - [MESSAGE][PASSED] - Object: 'Object Repository/02-Side Icons(Organization)/Add Contact/button_Sign in' is clicked on

2022-10-03 16:47:41 - [TEST_STEP][PASSED] - delay(2): Delayed 2 second(s)

2022-10-03 16:47:43 - [MESSAGE][PASSED] - Delayed 2 second(s)

2022-10-03 16:47:43 - [TEST_STEP][PASSED] - click(findTestObject("06-Teams/For 2FA/button_Confirm_2FA")): Object: 'Object Repository/06-Teams/For 2FA/button_Confirm_2FA' is clicked on

2022-10-03 16:47:44 - [MESSAGE][PASSED] - Object: 'Object Repository/06-Teams/For 2FA/button_Confirm_2FA' is clicked on

2022-10-03 16:47:44 - [TEST_STEP][PASSED] - executeJavaScript("window.open();", []): Execute JavaScript 'window.open();' successfully

2022-10-03 16:47:44 - [MESSAGE][PASSED] - Execute JavaScript 'window.open();' successfully

2022-10-03 16:47:44 - [TEST_STEP][PASSED] - currentWindow = getWindowIndex(): Current window's index is: 0

2022-10-03 16:47:44 - [MESSAGE][PASSED] - Current window's index is: 0

2022-10-03 16:47:44 - [TEST_STEP][PASSED] - delay(3): Delayed 3 second(s)

2022-10-03 16:47:47 - [MESSAGE][PASSED] - Delayed 3 second(s)

2022-10-03 16:47:47 - [TEST_STEP][PASSED] - switchToWindowIndex(currentWindow + 1): Switched to window with index: '1'

2022-10-03 16:47:47 - [MESSAGE][PASSED] - Switched to window with index: '1'

2022-10-03 16:47:47 - [TEST_STEP][PASSED] - navigateToUrl("https://www.mailinator.com/"): Navigate to 'https://www.mailinator.com/' successfully

2022-10-03 16:47:49 - [MESSAGE][PASSED] - Navigate to 'https://www.mailinator.com/' successfully

2022-10-03 16:47:49 - [TEST_STEP][PASSED] - delay(3): Delayed 3 second(s)

2022-10-03 16:47:52 - [MESSAGE][PASSED] - Delayed 3 second(s)

2022-10-03 16:47:52 - [TEST_STEP][PASSED] - setText(findTestObject("00-Signup and Activation/zMailinator/input_LOGIN_search"), "testuser02@mailinator.com"): Text 'testuser02@mailinator.com' is set on object 'Object Repository/00-Signup and Activation/zMailinator/input_LOGIN_search'

2022-10-03 16:47:52 - [MESSAGE][PASSED] - Text 'testuser02@mailinator.com' is set on object 'Object Repository/00-Signup and Activation/zMailinator/input_LOGIN_search'

2022-10-03 16:47:52 - [TEST_STEP][PASSED] - click(findTestObject("00-Signup and Activation/zMailinator/gobutton"), STOP_ON_FAILURE): Object: 'Object Repository/00-Signup and Activation/zMailinator/gobutton' is clicked on

2022-10-03 16:47:54 - [MESSAGE][PASSED] - Object: 'Object Repository/00-Signup and Activation/zMailinator/gobutton' is clicked on

2022-10-03 16:47:54 - [TEST_STEP][PASSED] - delay(3): Delayed 3 second(s)

2022-10-03 16:47:57 - [MESSAGE][PASSED] - Delayed 3 second(s)

2022-10-03 16:47:57 - [TEST_STEP][PASSED] - click(findTestObject("00-Signup and Activation/zMailinator/Email - everleagues")): Object: 'Object Repository/00-Signup and Activation/zMailinator/Email - everleagues' is clicked on

2022-10-03 16:47:57 - [MESSAGE][PASSED] - Object: 'Object Repository/00-Signup and Activation/zMailinator/Email - everleagues' is clicked on

2022-10-03 16:47:57 - [TEST_STEP][PASSED] - delay(3): Delayed 3 second(s)

2022-10-03 16:48:00 - [MESSAGE][PASSED] - Delayed 3 second(s)

2022-10-03 16:48:00 - [TEST_STEP][PASSED] - code = getText(findTestObject("Object Repository/06-Teams/For 2FA/2FA code")): Text of object 'Object Repository/06-Teams/For 2FA/2FA code' is: '861532'

2022-10-03 16:48:01 - [MESSAGE][PASSED] - Text of object 'Object Repository/06-Teams/For 2FA/2FA code' is: '861532'

2022-10-03 16:48:01 - [TEST_STEP][PASSED] - delay(3): Delayed 3 second(s)

2022-10-03 16:48:04 - [MESSAGE][PASSED] - Delayed 3 second(s)

2022-10-03 16:48:04 - [TEST_STEP][PASSED] - closeWindowTitle("Mailinator"): Window with title: 'Mailinator' is closed

2022-10-03 16:48:04 - [MESSAGE][PASSED] - Window with title: 'Mailinator' is closed

2022-10-03 16:48:04 - [TEST_STEP][PASSED] - delay(3): Delayed 3 second(s)

2022-10-03 16:48:07 - [MESSAGE][PASSED] - Delayed 3 second(s)

2022-10-03 16:48:07 - [TEST_STEP][PASSED] - switchToWindowIndex(0): Switched to window with index: '0'

2022-10-03 16:48:07 - [MESSAGE][PASSED] - Switched to window with index: '0'

2022-10-03 16:48:07 - [TEST_STEP][PASSED] - delay(3): Delayed 3 second(s)

2022-10-03 16:48:10 - [MESSAGE][PASSED] - Delayed 3 second(s)

2022-10-03 16:48:10 - [TEST_STEP][PASSED] - setText(findTestObject("Object Repository/06-Teams/For 2FA/input_Enter verification code_code"), code): Text '861532' is set on object 'Object Repository/06-Teams/For 2FA/input_Enter verification code_code'

2022-10-03 16:48:11 - [MESSAGE][PASSED] - Text '861532' is set on object 'Object Repository/06-Teams/For 2FA/input_Enter verification code_code'

2022-10-03 16:48:11 - [TEST_STEP][PASSED] - delay(3): Delayed 3 second(s)

2022-10-03 16:48:14 - [MESSAGE][PASSED] - Delayed 3 second(s)

2022-10-03 16:48:14 - [TEST_STEP][PASSED] - click(findTestObject("06-Teams/For 2FA/button_Verify_2FA")): Object: 'Object Repository/06-Teams/For 2FA/button_Verify_2FA' is clicked on

2022-10-03 16:48:15 - [MESSAGE][PASSED] - Object: 'Object Repository/06-Teams/For 2FA/button_Verify_2FA' is clicked on

2022-10-03 16:48:15 - [TEST_STEP][PASSED] - delay(5): Delayed 5 second(s)

2022-10-03 16:48:20 - [MESSAGE][PASSED] - Delayed 5 second(s)

2022-10-03 16:48:20 - [TEST_STEP][PASSED] - click(findTestObject("06-Teams/button_doublearrow")): Object: 'Object Repository/06-Teams/button_doublearrow' is clicked on

2022-10-03 16:48:21 - [MESSAGE][PASSED] - Object: 'Object Repository/06-Teams/button_doublearrow' is clicked on

2022-10-03 16:48:21 - [TEST_STEP][PASSED] - click(findTestObject("06-Teams/button_My Organizations")): Object: 'Object Repository/06-Teams/button_My Organizations' is clicked on

2022-10-03 16:48:22 - [MESSAGE][PASSED] - Object: 'Object Repository/06-Teams/button_My Organizations' is clicked on

2022-10-03 16:48:22 - [TEST_STEP][PASSED] - click(findTestObject("06-Teams/button_GG Automation")): Object: 'Object Repository/06-Teams/button_GG Automation' is clicked on

2022-10-03 16:48:22 - [MESSAGE][PASSED] - Object: 'Object Repository/06-Teams/button_GG Automation' is clicked on

2022-10-03 16:48:22 - [TEST_STEP][PASSED] - delay(4): Delayed 4 second(s)

2022-10-03 16:48:26 - [MESSAGE][PASSED] - Delayed 4 second(s)

2022-10-03 16:48:26 - [TEST_STEP][PASSED] - verifyElementVisible(findTestObject("06-Teams/span_GG Automation")): Object 'Object Repository/06-Teams/span_GG Automation' is visible

2022-10-03 16:48:27 - [MESSAGE][PASSED] - Object 'Object Repository/06-Teams/span_GG Automation' is visible

2022-10-03 16:48:27 - [TEST_STEP][PASSED] - delay(10): Delayed 10 second(s)

2022-10-03 16:48:37 - [MESSAGE][PASSED] - Delayed 10 second(s)

2022-10-03 16:48:37 - [TEST_STEP][PASSED] - click(findTestObject("03-Header Menu/Hamburger Button/div_Settings")): Object: 'Object Repository/03-Header Menu/Hamburger Button/div_Settings' is clicked on

2022-10-03 16:48:37 - [MESSAGE][PASSED] - Object: 'Object Repository/03-Header Menu/Hamburger Button/div_Settings' is clicked on

2022-10-03 16:48:37 - [TEST_STEP][PASSED] - delay(3): Delayed 3 second(s)

2022-10-03 16:48:40 - [MESSAGE][PASSED] - Delayed 3 second(s)

2022-10-03 16:48:40 - [TEST_STEP][PASSED] - click(findTestObject("09-Settings/Users/div_Users")): Object: 'Object Repository/09-Settings/Users/div_Users' is clicked on

2022-10-03 16:48:41 - [MESSAGE][PASSED] - Object: 'Object Repository/09-Settings/Users/div_Users' is clicked on

2022-10-03 16:48:41 - [TEST_STEP][PASSED] - delay(3): Delayed 3 second(s)

2022-10-03 16:48:44 - [MESSAGE][PASSED] - Delayed 3 second(s)

2022-10-03 16:48:44 - [TEST_STEP][PASSED] - click(findTestObject("09-Settings/Users/button_add")): Object: 'Object Repository/09-Settings/Users/button_add' is clicked on

2022-10-03 16:48:44 - [MESSAGE][PASSED] - Object: 'Object Repository/09-Settings/Users/button_add' is clicked on

2022-10-03 16:48:44 - [TEST_STEP][PASSED] - delay(3): Delayed 3 second(s)

2022-10-03 16:48:47 - [MESSAGE][PASSED] - Delayed 3 second(s)

2022-10-03 16:48:47 - [TEST_STEP][PASSED] - click(findTestObject("09-Settings/Users/add Invite a single user")): Object: 'Object Repository/09-Settings/Users/add Invite a single user' is clicked on

2022-10-03 16:48:48 - [MESSAGE][PASSED] - Object: 'Object Repository/09-Settings/Users/add Invite a single user' is clicked on

2022-10-03 16:48:48 - [TEST_STEP][PASSED] - delay(3): Delayed 3 second(s)

2022-10-03 16:48:51 - [MESSAGE][PASSED] - Delayed 3 second(s)

2022-10-03 16:48:51 - [TEST_STEP][PASSED] - setText(findTestObject("09-Settings/Users/input_email"), "autotester09@mailinator.com"): Text 'autotester09@mailinator.com' is set on object 'Object Repository/09-Settings/Users/input_email'

2022-10-03 16:48:52 - [MESSAGE][PASSED] - Text 'autotester09@mailinator.com' is set on object 'Object Repository/09-Settings/Users/input_email'

2022-10-03 16:48:52 - [TEST_STEP][PASSED] - setText(findTestObject("09-Settings/Users/input_firstName"), "GG"): Text 'GG' is set on object 'Object Repository/09-Settings/Users/input_firstName'

2022-10-03 16:48:52 - [MESSAGE][PASSED] - Text 'GG' is set on object 'Object Repository/09-Settings/Users/input_firstName'

2022-10-03 16:48:52 - [TEST_STEP][PASSED] - setText(findTestObject("09-Settings/Users/input_lastName"), "Client"): Text 'Client' is set on object 'Object Repository/09-Settings/Users/input_lastName'

2022-10-03 16:48:53 - [MESSAGE][PASSED] - Text 'Client' is set on object 'Object Repository/09-Settings/Users/input_lastName'

2022-10-03 16:48:53 - [TEST_STEP][PASSED] - click(findTestObject("09-Settings/Users/span_Role")): Object: 'Object Repository/09-Settings/Users/span_Role' is clicked on

2022-10-03 16:48:54 - [MESSAGE][PASSED] - Object: 'Object Repository/09-Settings/Users/span_Role' is clicked on

2022-10-03 16:48:54 - [TEST_STEP][PASSED] - click(findTestObject("09-Settings/Users/span_Client")): Object: 'Object Repository/09-Settings/Users/span_Client' is clicked on

2022-10-03 16:48:54 - [MESSAGE][PASSED] - Object: 'Object Repository/09-Settings/Users/span_Client' is clicked on

2022-10-03 16:48:54 - [TEST_STEP][PASSED] - click(findTestObject("09-Settings/Users/button_Send Invitation")): Object: 'Object Repository/09-Settings/Users/button_Send Invitation' is clicked on

2022-10-03 16:48:55 - [MESSAGE][PASSED] - Object: 'Object Repository/09-Settings/Users/button_Send Invitation' is clicked on

2022-10-03 16:48:55 - [TEST_STEP][PASSED] - delay(2): Delayed 2 second(s)

2022-10-03 16:48:57 - [MESSAGE][PASSED] - Delayed 2 second(s)

2022-10-03 16:48:57 - [TEST_STEP][PASSED] - verifyElementVisible(findTestObject("07-Directory/Connections/zContact Profile/Successfully invited user")): Object 'Object Repository/07-Directory/Connections/zContact Profile/Successfully invited user' is visible

2022-10-03 16:48:59 - [MESSAGE][PASSED] - Object 'Object Repository/07-Directory/Connections/zContact Profile/Successfully invited user' is visible

2022-10-03 16:48:59 - [TEST_STEP][PASSED] - delay(2): Delayed 2 second(s)

2022-10-03 16:49:01 - [MESSAGE][PASSED] - Delayed 2 second(s)

2022-10-03 16:49:01 - [TEST_STEP][PASSED] - click(findTestObject("01-Login and Forgot Password/User menu drop")): Object: 'Object Repository/01-Login and Forgot Password/User menu drop' is clicked on

2022-10-03 16:49:01 - [MESSAGE][PASSED] - Object: 'Object Repository/01-Login and Forgot Password/User menu drop' is clicked on

2022-10-03 16:49:01 - [TEST_STEP][PASSED] - delay(2): Delayed 2 second(s)

2022-10-03 16:49:03 - [MESSAGE][PASSED] - Delayed 2 second(s)

2022-10-03 16:49:03 - [TEST_STEP][PASSED] - click(findTestObject("01-Login and Forgot Password/h4_Sign Out"), STOP_ON_FAILURE): Object: 'Object Repository/01-Login and Forgot Password/h4_Sign Out' is clicked on

2022-10-03 16:49:03 - [MESSAGE][PASSED] - Object: 'Object Repository/01-Login and Forgot Password/h4_Sign Out' is clicked on

2022-10-03 16:49:03 - [TEST_STEP][PASSED] - delay(2): Delayed 2 second(s)

2022-10-03 16:49:05 - [MESSAGE][PASSED] - Delayed 2 second(s)

2022-10-03 16:49:05 - [TEST_STEP][PASSED] - verifyElementPresent(findTestObject("01-Login and Forgot Password/Login_Card"), 0): Object 'Object Repository/01-Login and Forgot Password/Login_Card' is present

2022-10-03 16:49:05 - [MESSAGE][WARNING] - Timeout '0' is invalid. Using default page load timeout: '30'

2022-10-03 16:49:06 - [MESSAGE][PASSED] - Object 'Object Repository/01-Login and Forgot Password/Login_Card' is present

2022-10-03 16:49:06 - [TEST_STEP][PASSED] - delay(3): Delayed 3 second(s)

2022-10-03 16:49:09 - [MESSAGE][PASSED] - Delayed 3 second(s)

2022-10-03 16:49:09 - [TEST_STEP][PASSED] - closeBrowser(): Browser is closed

2022-10-03 16:49:10 - [MESSAGE][PASSED] - Browser is closed

2022-10-03 16:49:10 - [TEST_STEP][PASSED] - openBrowser(""): Browser is opened with url: ''

2022-10-03 16:49:10 - [MESSAGE][INFO] - Starting 'Chrome' driver

2022-10-03 16:49:10 - [MESSAGE][INFO] - Action delay is set to 0 milliseconds

2022-10-03 16:49:11 - [MESSAGE][PASSED] - Browser is opened with url: ''

2022-10-03 16:49:11 - [TEST_STEP][PASSED] - navigateToUrl("https://lab.everleagues.com/"): Navigate to 'https://lab.everleagues.com/' successfully

2022-10-03 16:49:48 - [MESSAGE][PASSED] - Navigate to 'https://lab.everleagues.com/' successfully

2022-10-03 16:49:48 - [TEST_STEP][PASSED] - maximizeWindow(): Current window maximized

2022-10-03 16:49:48 - [MESSAGE][PASSED] - Current window maximized

2022-10-03 16:49:48 - [TEST_STEP][PASSED] - setText(findTestObject("02-Side Icons(Organization)/Add Contact/Email Field"), "autotester09@mailinator.com"): Text 'autotester09@mailinator.com' is set on object 'Object Repository/02-Side Icons(Organization)/Add Contact/Email Field'

2022-10-03 16:49:49 - [MESSAGE][PASSED] - Text 'autotester09@mailinator.com' is set on object 'Object Repository/02-Side Icons(Organization)/Add Contact/Email Field'

2022-10-03 16:49:49 - [TEST_STEP][PASSED] - setEncryptedText(findTestObject("02-Side Icons(Organization)/Add Contact/Password Field"), "8yFRyszE6U6jvsCn51OQbg=="): Text ****** has been set on object 'Object Repository/02-Side Icons(Organization)/Add Contact/Password Field'

2022-10-03 16:49:50 - [MESSAGE][PASSED] - Text ****** has been set on object 'Object Repository/02-Side Icons(Organization)/Add Contact/Password Field'

2022-10-03 16:49:50 - [TEST_STEP][PASSED] - click(findTestObject("02-Side Icons(Organization)/Add Contact/button_Sign in")): Object: 'Object Repository/02-Side Icons(Organization)/Add Contact/button_Sign in' is clicked on

2022-10-03 16:49:50 - [MESSAGE][PASSED] - Object: 'Object Repository/02-Side Icons(Organization)/Add Contact/button_Sign in' is clicked on

2022-10-03 16:49:50 - [TEST_STEP][PASSED] - delay(2): Delayed 2 second(s)

2022-10-03 16:49:52 - [MESSAGE][PASSED] - Delayed 2 second(s)

2022-10-03 16:49:52 - [TEST_STEP][PASSED] - click(findTestObject("06-Teams/For 2FA/button_Confirm_2FA")): Object: 'Object Repository/06-Teams/For 2FA/button_Confirm_2FA' is clicked on

2022-10-03 16:49:53 - [MESSAGE][PASSED] - Object: 'Object Repository/06-Teams/For 2FA/button_Confirm_2FA' is clicked on

2022-10-03 16:49:53 - [TEST_STEP][PASSED] - executeJavaScript("window.open();", []): Execute JavaScript 'window.open();' successfully

2022-10-03 16:49:53 - [MESSAGE][PASSED] - Execute JavaScript 'window.open();' successfully

2022-10-03 16:49:53 - [TEST_STEP][PASSED] - currentWindow = getWindowIndex(): Current window's index is: 0

2022-10-03 16:49:53 - [MESSAGE][PASSED] - Current window's index is: 0

2022-10-03 16:49:53 - [TEST_STEP][PASSED] - delay(3): Delayed 3 second(s)

2022-10-03 16:49:56 - [MESSAGE][PASSED] - Delayed 3 second(s)

2022-10-03 16:49:56 - [TEST_STEP][PASSED] - switchToWindowIndex(currentWindow + 1): Switched to window with index: '1'

2022-10-03 16:49:56 - [MESSAGE][PASSED] - Switched to window with index: '1'

2022-10-03 16:49:56 - [TEST_STEP][PASSED] - navigateToUrl("https://www.mailinator.com/"): Navigate to 'https://www.mailinator.com/' successfully

2022-10-03 16:49:58 - [MESSAGE][PASSED] - Navigate to 'https://www.mailinator.com/' successfully

2022-10-03 16:49:58 - [TEST_STEP][PASSED] - delay(3): Delayed 3 second(s)

2022-10-03 16:50:01 - [MESSAGE][PASSED] - Delayed 3 second(s)

2022-10-03 16:50:01 - [TEST_STEP][PASSED] - setText(findTestObject("00-Signup and Activation/zMailinator/input_LOGIN_search"), "autotester09@mailinator.com"): Text 'autotester09@mailinator.com' is set on object 'Object Repository/00-Signup and Activation/zMailinator/input_LOGIN_search'

2022-10-03 16:50:01 - [MESSAGE][PASSED] - Text 'autotester09@mailinator.com' is set on object 'Object Repository/00-Signup and Activation/zMailinator/input_LOGIN_search'

2022-10-03 16:50:01 - [TEST_STEP][PASSED] - click(findTestObject("00-Signup and Activation/zMailinator/gobutton"), STOP_ON_FAILURE): Object: 'Object Repository/00-Signup and Activation/zMailinator/gobutton' is clicked on

2022-10-03 16:50:03 - [MESSAGE][PASSED] - Object: 'Object Repository/00-Signup and Activation/zMailinator/gobutton' is clicked on

2022-10-03 16:50:03 - [TEST_STEP][PASSED] - delay(3): Delayed 3 second(s)

2022-10-03 16:50:06 - [MESSAGE][PASSED] - Delayed 3 second(s)

2022-10-03 16:50:06 - [TEST_STEP][PASSED] - click(findTestObject("00-Signup and Activation/zMailinator/Email - everleagues")): Object: 'Object Repository/00-Signup and Activation/zMailinator/Email - everleagues' is clicked on

2022-10-03 16:50:07 - [MESSAGE][PASSED] - Object: 'Object Repository/00-Signup and Activation/zMailinator/Email - everleagues' is clicked on

2022-10-03 16:50:07 - [TEST_STEP][PASSED] - delay(3): Delayed 3 second(s)

2022-10-03 16:50:10 - [MESSAGE][PASSED] - Delayed 3 second(s)

2022-10-03 16:50:10 - [TEST_STEP][PASSED] - codetwo = getText(findTestObject("Object Repository/06-Teams/For 2FA/2FA code")): Text of object 'Object Repository/06-Teams/For 2FA/2FA code' is: '411203'

2022-10-03 16:50:10 - [MESSAGE][PASSED] - Text of object 'Object Repository/06-Teams/For 2FA/2FA code' is: '411203'

2022-10-03 16:50:10 - [TEST_STEP][PASSED] - delay(3): Delayed 3 second(s)

2022-10-03 16:50:13 - [MESSAGE][PASSED] - Delayed 3 second(s)

2022-10-03 16:50:13 - [TEST_STEP][PASSED] - closeWindowTitle("Mailinator"): Window with title: 'Mailinator' is closed

2022-10-03 16:50:13 - [MESSAGE][PASSED] - Window with title: 'Mailinator' is closed

2022-10-03 16:50:13 - [TEST_STEP][PASSED] - delay(3): Delayed 3 second(s)

2022-10-03 16:50:16 - [MESSAGE][PASSED] - Delayed 3 second(s)

2022-10-03 16:50:16 - [TEST_STEP][PASSED] - switchToWindowIndex(0): Switched to window with index: '0'

2022-10-03 16:50:16 - [MESSAGE][PASSED] - Switched to window with index: '0'

2022-10-03 16:50:16 - [TEST_STEP][PASSED] - delay(3): Delayed 3 second(s)

2022-10-03 16:50:19 - [MESSAGE][PASSED] - Delayed 3 second(s)

2022-10-03 16:50:19 - [TEST_STEP][PASSED] - setText(findTestObject("Object Repository/06-Teams/For 2FA/input_Enter verification code_code"), codetwo): Text '411203' is set on object 'Object Repository/06-Teams/For 2FA/input_Enter verification code_code'

2022-10-03 16:50:20 - [MESSAGE][PASSED] - Text '411203' is set on object 'Object Repository/06-Teams/For 2FA/input_Enter verification code_code'

2022-10-03 16:50:20 - [TEST_STEP][PASSED] - delay(3): Delayed 3 second(s)

2022-10-03 16:50:23 - [MESSAGE][PASSED] - Delayed 3 second(s)

2022-10-03 16:50:23 - [TEST_STEP][PASSED] - click(findTestObject("06-Teams/For 2FA/button_Verify_2FA")): Object: 'Object Repository/06-Teams/For 2FA/button_Verify_2FA' is clicked on

2022-10-03 16:50:24 - [MESSAGE][PASSED] - Object: 'Object Repository/06-Teams/For 2FA/button_Verify_2FA' is clicked on

2022-10-03 16:50:24 - [TEST_STEP][PASSED] - delay(5): Delayed 5 second(s)

2022-10-03 16:50:29 - [MESSAGE][PASSED] - Delayed 5 second(s)

2022-10-03 16:50:29 - [TEST_STEP][PASSED] - executeJavaScript("window.open();", []): Execute JavaScript 'window.open();' successfully

2022-10-03 16:50:29 - [MESSAGE][PASSED] - Execute JavaScript 'window.open();' successfully

2022-10-03 16:50:29 - [TEST_STEP][PASSED] - currentWindow = getWindowIndex(): Current window's index is: 0

2022-10-03 16:50:29 - [MESSAGE][PASSED] - Current window's index is: 0

2022-10-03 16:50:29 - [TEST_STEP][PASSED] - delay(3): Delayed 3 second(s)

2022-10-03 16:50:32 - [MESSAGE][PASSED] - Delayed 3 second(s)

2022-10-03 16:50:32 - [TEST_STEP][PASSED] - switchToWindowIndex(currentWindow + 1): Switched to window with index: '1'

2022-10-03 16:50:32 - [MESSAGE][PASSED] - Switched to window with index: '1'

2022-10-03 16:50:32 - [TEST_STEP][PASSED] - navigateToUrl("https://www.mailinator.com/"): Navigate to 'https://www.mailinator.com/' successfully

2022-10-03 16:50:33 - [MESSAGE][PASSED] - Navigate to 'https://www.mailinator.com/' successfully

2022-10-03 16:50:33 - [TEST_STEP][PASSED] - delay(3): Delayed 3 second(s)

2022-10-03 16:50:36 - [MESSAGE][PASSED] - Delayed 3 second(s)

2022-10-03 16:50:36 - [TEST_STEP][PASSED] - setText(findTestObject("00-Signup and Activation/zMailinator/input_LOGIN_search"), "autotester09@mailinator.com"): Text 'autotester09@mailinator.com' is set on object 'Object Repository/00-Signup and Activation/zMailinator/input_LOGIN_search'

2022-10-03 16:50:37 - [MESSAGE][PASSED] - Text 'autotester09@mailinator.com' is set on object 'Object Repository/00-Signup and Activation/zMailinator/input_LOGIN_search'

2022-10-03 16:50:37 - [TEST_STEP][PASSED] - click(findTestObject("00-Signup and Activation/zMailinator/gobutton"), STOP_ON_FAILURE): Object: 'Object Repository/00-Signup and Activation/zMailinator/gobutton' is clicked on

2022-10-03 16:50:38 - [MESSAGE][PASSED] - Object: 'Object Repository/00-Signup and Activation/zMailinator/gobutton' is clicked on

2022-10-03 16:50:38 - [TEST_STEP][PASSED] - delay(3): Delayed 3 second(s)

2022-10-03 16:50:41 - [MESSAGE][PASSED] - Delayed 3 second(s)

2022-10-03 16:50:41 - [TEST_STEP][PASSED] - closeWindowTitle("Everleagues"): Window with title: 'Everleagues' is closed

2022-10-03 16:50:41 - [MESSAGE][PASSED] - Window with title: 'Everleagues' is closed

2022-10-03 16:50:41 - [TEST_STEP][PASSED] - switchToWindowIndex(0): Switched to window with index: '0'

2022-10-03 16:50:41 - [MESSAGE][PASSED] - Switched to window with index: '0'

2022-10-03 16:50:41 - [TEST_STEP][PASSED] - click(findTestObject("09-Settings/Users/Co worker/td_Invitation from GG Automation")): Object: 'Object Repository/09-Settings/Users/Co worker/td_Invitation from GG Automation' is clicked on

2022-10-03 16:50:41 - [MESSAGE][PASSED] - Object: 'Object Repository/09-Settings/Users/Co worker/td_Invitation from GG Automation' is clicked on

2022-10-03 16:50:41 - [TEST_STEP][PASSED] - click(findTestObject("09-Settings/Users/Co worker/a_Click here to join GG Automation on EverLeagues")): Object: 'Object Repository/09-Settings/Users/Co worker/a_Click here to join GG Automation on EverLeagues' is clicked on

2022-10-03 16:50:42 - [MESSAGE][PASSED] - Object: 'Object Repository/09-Settings/Users/Co worker/a_Click here to join GG Automation on EverLeagues' is clicked on

2022-10-03 16:50:42 - [TEST_STEP][PASSED] - closeWindowTitle("Mailinator"): Window with title: 'Mailinator' is closed

2022-10-03 16:50:42 - [MESSAGE][PASSED] - Window with title: 'Mailinator' is closed

2022-10-03 16:50:42 - [TEST_STEP][PASSED] - switchToWindowIndex(0): Switched to window with index: '0'

2022-10-03 16:50:42 - [MESSAGE][PASSED] - Switched to window with index: '0'

2022-10-03 16:50:42 - [TEST_STEP][PASSED] - verifyElementVisible(findTestObject("09-Settings/Users/Client/Invite modal")): Object 'Object Repository/09-Settings/Users/Client/Invite modal' is visible

2022-10-03 16:50:48 - [MESSAGE][PASSED] - Object 'Object Repository/09-Settings/Users/Client/Invite modal' is visible

2022-10-03 16:50:48 - [TEST_STEP][PASSED] - setText(findTestObject("09-Settings/Users/Client/Company field"), "QA Company"): Text 'QA Company' is set on object 'Object Repository/09-Settings/Users/Client/Company field'

2022-10-03 16:50:49 - [MESSAGE][PASSED] - Text 'QA Company' is set on object 'Object Repository/09-Settings/Users/Client/Company field'

2022-10-03 16:50:49 - [TEST_STEP][PASSED] - click(findTestObject("09-Settings/Users/Client/button_Accept")): Object: 'Object Repository/09-Settings/Users/Client/button_Accept' is clicked on

2022-10-03 16:50:49 - [MESSAGE][PASSED] - Object: 'Object Repository/09-Settings/Users/Client/button_Accept' is clicked on

2022-10-03 16:50:49 - [TEST_STEP][PASSED] - delay(10): Delayed 10 second(s)

2022-10-03 16:50:59 - [MESSAGE][PASSED] - Delayed 10 second(s)

2022-10-03 16:50:59 - [TEST_STEP][PASSED] - verifyElementVisible(findTestObject("09-Settings/Users/Client/div_Joined as CLIENT")): Object 'Object Repository/09-Settings/Users/Client/div_Joined as CLIENT' is visible

2022-10-03 16:50:59 - [MESSAGE][PASSED] - Object 'Object Repository/09-Settings/Users/Client/div_Joined as CLIENT' is visible

2022-10-03 16:50:59 - [TEST_STEP][PASSED] - delay(3): Delayed 3 second(s)

2022-10-03 16:51:02 - [MESSAGE][PASSED] - Delayed 3 second(s)

2022-10-03 16:51:02 - [TEST_STEP][PASSED] - closeBrowser(): Browser is closed

2022-10-03 16:51:03 - [MESSAGE][PASSED] - Browser is closed]]></system-out>
         <system-err><![CDATA[]]></system-err>
      </testcase>
      <testcase name="Test Cases/09-Settings/04 - Users (Invite new user as partner)" time="228.54" classname="Test Cases/09-Settings/04 - Users (Invite new user as partner)" status="PASSED">
         <system-out><![CDATA[2022-10-03 16:51:03 - [TEST_CASE][PASSED] - Test Cases/09-Settings/04 - Users (Invite new user as partner): Test Cases/09-Settings/04 - Users (Invite new user as partner)

2022-10-03 16:51:03 - [TEST_STEP][PASSED] - openBrowser(""): Browser is opened with url: ''

2022-10-03 16:51:03 - [MESSAGE][INFO] - Starting 'Chrome' driver

2022-10-03 16:51:03 - [MESSAGE][INFO] - Action delay is set to 0 milliseconds

2022-10-03 16:51:05 - [MESSAGE][PASSED] - Browser is opened with url: ''

2022-10-03 16:51:05 - [TEST_STEP][PASSED] - navigateToUrl("https://lab.everleagues.com/"): Navigate to 'https://lab.everleagues.com/' successfully

2022-10-03 16:51:53 - [MESSAGE][PASSED] - Navigate to 'https://lab.everleagues.com/' successfully

2022-10-03 16:51:53 - [TEST_STEP][PASSED] - maximizeWindow(): Current window maximized

2022-10-03 16:51:54 - [MESSAGE][PASSED] - Current window maximized

2022-10-03 16:51:54 - [TEST_STEP][PASSED] - setText(findTestObject("02-Side Icons(Organization)/Add Contact/Email Field"), "testuser02@mailinator.com"): Text 'testuser02@mailinator.com' is set on object 'Object Repository/02-Side Icons(Organization)/Add Contact/Email Field'

2022-10-03 16:51:54 - [MESSAGE][PASSED] - Text 'testuser02@mailinator.com' is set on object 'Object Repository/02-Side Icons(Organization)/Add Contact/Email Field'

2022-10-03 16:51:54 - [TEST_STEP][PASSED] - setEncryptedText(findTestObject("02-Side Icons(Organization)/Add Contact/Password Field"), "8yFRyszE6U6jvsCn51OQbg=="): Text ****** has been set on object 'Object Repository/02-Side Icons(Organization)/Add Contact/Password Field'

2022-10-03 16:51:55 - [MESSAGE][PASSED] - Text ****** has been set on object 'Object Repository/02-Side Icons(Organization)/Add Contact/Password Field'

2022-10-03 16:51:55 - [TEST_STEP][PASSED] - click(findTestObject("02-Side Icons(Organization)/Add Contact/button_Sign in")): Object: 'Object Repository/02-Side Icons(Organization)/Add Contact/button_Sign in' is clicked on

2022-10-03 16:51:56 - [MESSAGE][PASSED] - Object: 'Object Repository/02-Side Icons(Organization)/Add Contact/button_Sign in' is clicked on

2022-10-03 16:51:56 - [TEST_STEP][PASSED] - delay(2): Delayed 2 second(s)

2022-10-03 16:51:58 - [MESSAGE][PASSED] - Delayed 2 second(s)

2022-10-03 16:51:58 - [TEST_STEP][PASSED] - click(findTestObject("06-Teams/For 2FA/button_Confirm_2FA")): Object: 'Object Repository/06-Teams/For 2FA/button_Confirm_2FA' is clicked on

2022-10-03 16:51:58 - [MESSAGE][PASSED] - Object: 'Object Repository/06-Teams/For 2FA/button_Confirm_2FA' is clicked on

2022-10-03 16:51:58 - [TEST_STEP][PASSED] - executeJavaScript("window.open();", []): Execute JavaScript 'window.open();' successfully

2022-10-03 16:51:58 - [MESSAGE][PASSED] - Execute JavaScript 'window.open();' successfully

2022-10-03 16:51:58 - [TEST_STEP][PASSED] - currentWindow = getWindowIndex(): Current window's index is: 0

2022-10-03 16:51:58 - [MESSAGE][PASSED] - Current window's index is: 0

2022-10-03 16:51:58 - [TEST_STEP][PASSED] - delay(3): Delayed 3 second(s)

2022-10-03 16:52:01 - [MESSAGE][PASSED] - Delayed 3 second(s)

2022-10-03 16:52:01 - [TEST_STEP][PASSED] - switchToWindowIndex(currentWindow + 1): Switched to window with index: '1'

2022-10-03 16:52:01 - [MESSAGE][PASSED] - Switched to window with index: '1'

2022-10-03 16:52:01 - [TEST_STEP][PASSED] - navigateToUrl("https://www.mailinator.com/"): Navigate to 'https://www.mailinator.com/' successfully

2022-10-03 16:52:03 - [MESSAGE][PASSED] - Navigate to 'https://www.mailinator.com/' successfully

2022-10-03 16:52:03 - [TEST_STEP][PASSED] - delay(3): Delayed 3 second(s)

2022-10-03 16:52:06 - [MESSAGE][PASSED] - Delayed 3 second(s)

2022-10-03 16:52:06 - [TEST_STEP][PASSED] - setText(findTestObject("00-Signup and Activation/zMailinator/input_LOGIN_search"), "testuser02@mailinator.com"): Text 'testuser02@mailinator.com' is set on object 'Object Repository/00-Signup and Activation/zMailinator/input_LOGIN_search'

2022-10-03 16:52:07 - [MESSAGE][PASSED] - Text 'testuser02@mailinator.com' is set on object 'Object Repository/00-Signup and Activation/zMailinator/input_LOGIN_search'

2022-10-03 16:52:07 - [TEST_STEP][PASSED] - click(findTestObject("00-Signup and Activation/zMailinator/gobutton"), STOP_ON_FAILURE): Object: 'Object Repository/00-Signup and Activation/zMailinator/gobutton' is clicked on

2022-10-03 16:52:09 - [MESSAGE][PASSED] - Object: 'Object Repository/00-Signup and Activation/zMailinator/gobutton' is clicked on

2022-10-03 16:52:09 - [TEST_STEP][PASSED] - delay(3): Delayed 3 second(s)

2022-10-03 16:52:12 - [MESSAGE][PASSED] - Delayed 3 second(s)

2022-10-03 16:52:12 - [TEST_STEP][PASSED] - click(findTestObject("00-Signup and Activation/zMailinator/Email - everleagues")): Object: 'Object Repository/00-Signup and Activation/zMailinator/Email - everleagues' is clicked on

2022-10-03 16:52:12 - [MESSAGE][PASSED] - Object: 'Object Repository/00-Signup and Activation/zMailinator/Email - everleagues' is clicked on

2022-10-03 16:52:12 - [TEST_STEP][PASSED] - delay(3): Delayed 3 second(s)

2022-10-03 16:52:15 - [MESSAGE][PASSED] - Delayed 3 second(s)

2022-10-03 16:52:15 - [TEST_STEP][PASSED] - code = getText(findTestObject("Object Repository/06-Teams/For 2FA/2FA code")): Text of object 'Object Repository/06-Teams/For 2FA/2FA code' is: '612994'

2022-10-03 16:52:15 - [MESSAGE][PASSED] - Text of object 'Object Repository/06-Teams/For 2FA/2FA code' is: '612994'

2022-10-03 16:52:15 - [TEST_STEP][PASSED] - delay(3): Delayed 3 second(s)

2022-10-03 16:52:18 - [MESSAGE][PASSED] - Delayed 3 second(s)

2022-10-03 16:52:18 - [TEST_STEP][PASSED] - closeWindowTitle("Mailinator"): Window with title: 'Mailinator' is closed

2022-10-03 16:52:19 - [MESSAGE][PASSED] - Window with title: 'Mailinator' is closed

2022-10-03 16:52:19 - [TEST_STEP][PASSED] - delay(3): Delayed 3 second(s)

2022-10-03 16:52:22 - [MESSAGE][PASSED] - Delayed 3 second(s)

2022-10-03 16:52:22 - [TEST_STEP][PASSED] - switchToWindowIndex(0): Switched to window with index: '0'

2022-10-03 16:52:22 - [MESSAGE][PASSED] - Switched to window with index: '0'

2022-10-03 16:52:22 - [TEST_STEP][PASSED] - delay(3): Delayed 3 second(s)

2022-10-03 16:52:25 - [MESSAGE][PASSED] - Delayed 3 second(s)

2022-10-03 16:52:25 - [TEST_STEP][PASSED] - setText(findTestObject("Object Repository/06-Teams/For 2FA/input_Enter verification code_code"), code): Text '612994' is set on object 'Object Repository/06-Teams/For 2FA/input_Enter verification code_code'

2022-10-03 16:52:25 - [MESSAGE][PASSED] - Text '612994' is set on object 'Object Repository/06-Teams/For 2FA/input_Enter verification code_code'

2022-10-03 16:52:25 - [TEST_STEP][PASSED] - delay(3): Delayed 3 second(s)

2022-10-03 16:52:28 - [MESSAGE][PASSED] - Delayed 3 second(s)

2022-10-03 16:52:28 - [TEST_STEP][PASSED] - click(findTestObject("06-Teams/For 2FA/button_Verify_2FA")): Object: 'Object Repository/06-Teams/For 2FA/button_Verify_2FA' is clicked on

2022-10-03 16:52:29 - [MESSAGE][PASSED] - Object: 'Object Repository/06-Teams/For 2FA/button_Verify_2FA' is clicked on

2022-10-03 16:52:29 - [TEST_STEP][PASSED] - delay(5): Delayed 5 second(s)

2022-10-03 16:52:34 - [MESSAGE][PASSED] - Delayed 5 second(s)

2022-10-03 16:52:34 - [TEST_STEP][PASSED] - click(findTestObject("06-Teams/button_doublearrow")): Object: 'Object Repository/06-Teams/button_doublearrow' is clicked on

2022-10-03 16:52:35 - [MESSAGE][PASSED] - Object: 'Object Repository/06-Teams/button_doublearrow' is clicked on

2022-10-03 16:52:35 - [TEST_STEP][PASSED] - click(findTestObject("06-Teams/button_My Organizations")): Object: 'Object Repository/06-Teams/button_My Organizations' is clicked on

2022-10-03 16:52:35 - [MESSAGE][PASSED] - Object: 'Object Repository/06-Teams/button_My Organizations' is clicked on

2022-10-03 16:52:35 - [TEST_STEP][PASSED] - click(findTestObject("06-Teams/button_GG Automation")): Object: 'Object Repository/06-Teams/button_GG Automation' is clicked on

2022-10-03 16:52:36 - [MESSAGE][PASSED] - Object: 'Object Repository/06-Teams/button_GG Automation' is clicked on

2022-10-03 16:52:36 - [TEST_STEP][PASSED] - delay(4): Delayed 4 second(s)

2022-10-03 16:52:40 - [MESSAGE][PASSED] - Delayed 4 second(s)

2022-10-03 16:52:40 - [TEST_STEP][PASSED] - verifyElementVisible(findTestObject("06-Teams/span_GG Automation")): Object 'Object Repository/06-Teams/span_GG Automation' is visible

2022-10-03 16:52:40 - [MESSAGE][PASSED] - Object 'Object Repository/06-Teams/span_GG Automation' is visible

2022-10-03 16:52:40 - [TEST_STEP][PASSED] - delay(10): Delayed 10 second(s)

2022-10-03 16:52:50 - [MESSAGE][PASSED] - Delayed 10 second(s)

2022-10-03 16:52:50 - [TEST_STEP][PASSED] - click(findTestObject("03-Header Menu/Hamburger Button/div_Settings")): Object: 'Object Repository/03-Header Menu/Hamburger Button/div_Settings' is clicked on

2022-10-03 16:52:51 - [MESSAGE][PASSED] - Object: 'Object Repository/03-Header Menu/Hamburger Button/div_Settings' is clicked on

2022-10-03 16:52:51 - [TEST_STEP][PASSED] - delay(3): Delayed 3 second(s)

2022-10-03 16:52:54 - [MESSAGE][PASSED] - Delayed 3 second(s)

2022-10-03 16:52:54 - [TEST_STEP][PASSED] - click(findTestObject("09-Settings/Users/div_Users")): Object: 'Object Repository/09-Settings/Users/div_Users' is clicked on

2022-10-03 16:52:54 - [MESSAGE][PASSED] - Object: 'Object Repository/09-Settings/Users/div_Users' is clicked on

2022-10-03 16:52:54 - [TEST_STEP][PASSED] - delay(3): Delayed 3 second(s)

2022-10-03 16:52:57 - [MESSAGE][PASSED] - Delayed 3 second(s)

2022-10-03 16:52:57 - [TEST_STEP][PASSED] - click(findTestObject("09-Settings/Users/button_add")): Object: 'Object Repository/09-Settings/Users/button_add' is clicked on

2022-10-03 16:52:58 - [MESSAGE][PASSED] - Object: 'Object Repository/09-Settings/Users/button_add' is clicked on

2022-10-03 16:52:58 - [TEST_STEP][PASSED] - delay(3): Delayed 3 second(s)

2022-10-03 16:53:01 - [MESSAGE][PASSED] - Delayed 3 second(s)

2022-10-03 16:53:01 - [TEST_STEP][PASSED] - click(findTestObject("09-Settings/Users/add Invite a single user")): Object: 'Object Repository/09-Settings/Users/add Invite a single user' is clicked on

2022-10-03 16:53:01 - [MESSAGE][PASSED] - Object: 'Object Repository/09-Settings/Users/add Invite a single user' is clicked on

2022-10-03 16:53:01 - [TEST_STEP][PASSED] - delay(3): Delayed 3 second(s)

2022-10-03 16:53:04 - [MESSAGE][PASSED] - Delayed 3 second(s)

2022-10-03 16:53:04 - [TEST_STEP][PASSED] - setText(findTestObject("09-Settings/Users/input_email"), "autotester10@mailinator.com"): Text 'autotester10@mailinator.com' is set on object 'Object Repository/09-Settings/Users/input_email'

2022-10-03 16:53:05 - [MESSAGE][PASSED] - Text 'autotester10@mailinator.com' is set on object 'Object Repository/09-Settings/Users/input_email'

2022-10-03 16:53:05 - [TEST_STEP][PASSED] - setText(findTestObject("09-Settings/Users/input_firstName"), "GG"): Text 'GG' is set on object 'Object Repository/09-Settings/Users/input_firstName'

2022-10-03 16:53:06 - [MESSAGE][PASSED] - Text 'GG' is set on object 'Object Repository/09-Settings/Users/input_firstName'

2022-10-03 16:53:06 - [TEST_STEP][PASSED] - setText(findTestObject("09-Settings/Users/input_lastName"), "Partner"): Text 'Partner' is set on object 'Object Repository/09-Settings/Users/input_lastName'

2022-10-03 16:53:07 - [MESSAGE][PASSED] - Text 'Partner' is set on object 'Object Repository/09-Settings/Users/input_lastName'

2022-10-03 16:53:07 - [TEST_STEP][PASSED] - click(findTestObject("09-Settings/Users/span_Role")): Object: 'Object Repository/09-Settings/Users/span_Role' is clicked on

2022-10-03 16:53:07 - [MESSAGE][PASSED] - Object: 'Object Repository/09-Settings/Users/span_Role' is clicked on

2022-10-03 16:53:07 - [TEST_STEP][PASSED] - click(findTestObject("09-Settings/Users/span_Partner")): Object: 'Object Repository/09-Settings/Users/span_Partner' is clicked on

2022-10-03 16:53:08 - [MESSAGE][PASSED] - Object: 'Object Repository/09-Settings/Users/span_Partner' is clicked on

2022-10-03 16:53:08 - [TEST_STEP][PASSED] - click(findTestObject("09-Settings/Users/button_Send Invitation")): Object: 'Object Repository/09-Settings/Users/button_Send Invitation' is clicked on

2022-10-03 16:53:09 - [MESSAGE][PASSED] - Object: 'Object Repository/09-Settings/Users/button_Send Invitation' is clicked on

2022-10-03 16:53:09 - [TEST_STEP][PASSED] - delay(2): Delayed 2 second(s)

2022-10-03 16:53:11 - [MESSAGE][PASSED] - Delayed 2 second(s)

2022-10-03 16:53:11 - [TEST_STEP][PASSED] - verifyElementVisible(findTestObject("07-Directory/Connections/zContact Profile/Successfully invited user")): Object 'Object Repository/07-Directory/Connections/zContact Profile/Successfully invited user' is visible

2022-10-03 16:53:13 - [MESSAGE][PASSED] - Object 'Object Repository/07-Directory/Connections/zContact Profile/Successfully invited user' is visible

2022-10-03 16:53:13 - [TEST_STEP][PASSED] - delay(2): Delayed 2 second(s)

2022-10-03 16:53:15 - [MESSAGE][PASSED] - Delayed 2 second(s)

2022-10-03 16:53:15 - [TEST_STEP][PASSED] - click(findTestObject("01-Login and Forgot Password/User menu drop")): Object: 'Object Repository/01-Login and Forgot Password/User menu drop' is clicked on

2022-10-03 16:53:15 - [MESSAGE][PASSED] - Object: 'Object Repository/01-Login and Forgot Password/User menu drop' is clicked on

2022-10-03 16:53:15 - [TEST_STEP][PASSED] - delay(2): Delayed 2 second(s)

2022-10-03 16:53:17 - [MESSAGE][PASSED] - Delayed 2 second(s)

2022-10-03 16:53:17 - [TEST_STEP][PASSED] - click(findTestObject("01-Login and Forgot Password/h4_Sign Out"), STOP_ON_FAILURE): Object: 'Object Repository/01-Login and Forgot Password/h4_Sign Out' is clicked on

2022-10-03 16:53:17 - [MESSAGE][PASSED] - Object: 'Object Repository/01-Login and Forgot Password/h4_Sign Out' is clicked on

2022-10-03 16:53:17 - [TEST_STEP][PASSED] - delay(2): Delayed 2 second(s)

2022-10-03 16:53:19 - [MESSAGE][PASSED] - Delayed 2 second(s)

2022-10-03 16:53:19 - [TEST_STEP][PASSED] - verifyElementPresent(findTestObject("01-Login and Forgot Password/Login_Card"), 0): Object 'Object Repository/01-Login and Forgot Password/Login_Card' is present

2022-10-03 16:53:19 - [MESSAGE][WARNING] - Timeout '0' is invalid. Using default page load timeout: '30'

2022-10-03 16:53:20 - [MESSAGE][PASSED] - Object 'Object Repository/01-Login and Forgot Password/Login_Card' is present

2022-10-03 16:53:20 - [TEST_STEP][PASSED] - delay(3): Delayed 3 second(s)

2022-10-03 16:53:23 - [MESSAGE][PASSED] - Delayed 3 second(s)

2022-10-03 16:53:23 - [TEST_STEP][PASSED] - closeBrowser(): Browser is closed

2022-10-03 16:53:23 - [MESSAGE][PASSED] - Browser is closed

2022-10-03 16:53:23 - [TEST_STEP][PASSED] - openBrowser(""): Browser is opened with url: ''

2022-10-03 16:53:23 - [MESSAGE][INFO] - Starting 'Chrome' driver

2022-10-03 16:53:23 - [MESSAGE][INFO] - Action delay is set to 0 milliseconds

2022-10-03 16:53:25 - [MESSAGE][PASSED] - Browser is opened with url: ''

2022-10-03 16:53:25 - [TEST_STEP][PASSED] - navigateToUrl("https://lab.everleagues.com/"): Navigate to 'https://lab.everleagues.com/' successfully

2022-10-03 16:53:37 - [MESSAGE][PASSED] - Navigate to 'https://lab.everleagues.com/' successfully

2022-10-03 16:53:37 - [TEST_STEP][PASSED] - maximizeWindow(): Current window maximized

2022-10-03 16:53:37 - [MESSAGE][PASSED] - Current window maximized

2022-10-03 16:53:37 - [TEST_STEP][PASSED] - setText(findTestObject("02-Side Icons(Organization)/Add Contact/Email Field"), "autotester10@mailinator.com"): Text 'autotester10@mailinator.com' is set on object 'Object Repository/02-Side Icons(Organization)/Add Contact/Email Field'

2022-10-03 16:53:38 - [MESSAGE][PASSED] - Text 'autotester10@mailinator.com' is set on object 'Object Repository/02-Side Icons(Organization)/Add Contact/Email Field'

2022-10-03 16:53:38 - [TEST_STEP][PASSED] - setEncryptedText(findTestObject("02-Side Icons(Organization)/Add Contact/Password Field"), "8yFRyszE6U6jvsCn51OQbg=="): Text ****** has been set on object 'Object Repository/02-Side Icons(Organization)/Add Contact/Password Field'

2022-10-03 16:53:38 - [MESSAGE][PASSED] - Text ****** has been set on object 'Object Repository/02-Side Icons(Organization)/Add Contact/Password Field'

2022-10-03 16:53:38 - [TEST_STEP][PASSED] - click(findTestObject("02-Side Icons(Organization)/Add Contact/button_Sign in")): Object: 'Object Repository/02-Side Icons(Organization)/Add Contact/button_Sign in' is clicked on

2022-10-03 16:53:39 - [MESSAGE][PASSED] - Object: 'Object Repository/02-Side Icons(Organization)/Add Contact/button_Sign in' is clicked on

2022-10-03 16:53:39 - [TEST_STEP][PASSED] - delay(2): Delayed 2 second(s)

2022-10-03 16:53:41 - [MESSAGE][PASSED] - Delayed 2 second(s)

2022-10-03 16:53:41 - [TEST_STEP][PASSED] - click(findTestObject("06-Teams/For 2FA/button_Confirm_2FA")): Object: 'Object Repository/06-Teams/For 2FA/button_Confirm_2FA' is clicked on

2022-10-03 16:53:41 - [MESSAGE][PASSED] - Object: 'Object Repository/06-Teams/For 2FA/button_Confirm_2FA' is clicked on

2022-10-03 16:53:41 - [TEST_STEP][PASSED] - executeJavaScript("window.open();", []): Execute JavaScript 'window.open();' successfully

2022-10-03 16:53:41 - [MESSAGE][PASSED] - Execute JavaScript 'window.open();' successfully

2022-10-03 16:53:41 - [TEST_STEP][PASSED] - currentWindow = getWindowIndex(): Current window's index is: 0

2022-10-03 16:53:41 - [MESSAGE][PASSED] - Current window's index is: 0

2022-10-03 16:53:41 - [TEST_STEP][PASSED] - delay(3): Delayed 3 second(s)

2022-10-03 16:53:44 - [MESSAGE][PASSED] - Delayed 3 second(s)

2022-10-03 16:53:44 - [TEST_STEP][PASSED] - switchToWindowIndex(currentWindow + 1): Switched to window with index: '1'

2022-10-03 16:53:45 - [MESSAGE][PASSED] - Switched to window with index: '1'

2022-10-03 16:53:45 - [TEST_STEP][PASSED] - navigateToUrl("https://www.mailinator.com/"): Navigate to 'https://www.mailinator.com/' successfully

2022-10-03 16:53:47 - [MESSAGE][PASSED] - Navigate to 'https://www.mailinator.com/' successfully

2022-10-03 16:53:47 - [TEST_STEP][PASSED] - delay(3): Delayed 3 second(s)

2022-10-03 16:53:50 - [MESSAGE][PASSED] - Delayed 3 second(s)

2022-10-03 16:53:50 - [TEST_STEP][PASSED] - setText(findTestObject("00-Signup and Activation/zMailinator/input_LOGIN_search"), "autotester10@mailinator.com"): Text 'autotester10@mailinator.com' is set on object 'Object Repository/00-Signup and Activation/zMailinator/input_LOGIN_search'

2022-10-03 16:53:50 - [MESSAGE][PASSED] - Text 'autotester10@mailinator.com' is set on object 'Object Repository/00-Signup and Activation/zMailinator/input_LOGIN_search'

2022-10-03 16:53:50 - [TEST_STEP][PASSED] - click(findTestObject("00-Signup and Activation/zMailinator/gobutton"), STOP_ON_FAILURE): Object: 'Object Repository/00-Signup and Activation/zMailinator/gobutton' is clicked on

2022-10-03 16:53:52 - [MESSAGE][PASSED] - Object: 'Object Repository/00-Signup and Activation/zMailinator/gobutton' is clicked on

2022-10-03 16:53:52 - [TEST_STEP][PASSED] - delay(3): Delayed 3 second(s)

2022-10-03 16:53:55 - [MESSAGE][PASSED] - Delayed 3 second(s)

2022-10-03 16:53:55 - [TEST_STEP][PASSED] - click(findTestObject("00-Signup and Activation/zMailinator/Email - everleagues")): Object: 'Object Repository/00-Signup and Activation/zMailinator/Email - everleagues' is clicked on

2022-10-03 16:53:55 - [MESSAGE][PASSED] - Object: 'Object Repository/00-Signup and Activation/zMailinator/Email - everleagues' is clicked on

2022-10-03 16:53:55 - [TEST_STEP][PASSED] - delay(3): Delayed 3 second(s)

2022-10-03 16:53:58 - [MESSAGE][PASSED] - Delayed 3 second(s)

2022-10-03 16:53:58 - [TEST_STEP][PASSED] - codetwo = getText(findTestObject("Object Repository/06-Teams/For 2FA/2FA code")): Text of object 'Object Repository/06-Teams/For 2FA/2FA code' is: '320718'

2022-10-03 16:53:59 - [MESSAGE][PASSED] - Text of object 'Object Repository/06-Teams/For 2FA/2FA code' is: '320718'

2022-10-03 16:53:59 - [TEST_STEP][PASSED] - delay(3): Delayed 3 second(s)

2022-10-03 16:54:02 - [MESSAGE][PASSED] - Delayed 3 second(s)

2022-10-03 16:54:02 - [TEST_STEP][PASSED] - closeWindowTitle("Mailinator"): Window with title: 'Mailinator' is closed

2022-10-03 16:54:02 - [MESSAGE][PASSED] - Window with title: 'Mailinator' is closed

2022-10-03 16:54:02 - [TEST_STEP][PASSED] - delay(3): Delayed 3 second(s)

2022-10-03 16:54:05 - [MESSAGE][PASSED] - Delayed 3 second(s)

2022-10-03 16:54:05 - [TEST_STEP][PASSED] - switchToWindowIndex(0): Switched to window with index: '0'

2022-10-03 16:54:05 - [MESSAGE][PASSED] - Switched to window with index: '0'

2022-10-03 16:54:05 - [TEST_STEP][PASSED] - delay(3): Delayed 3 second(s)

2022-10-03 16:54:08 - [MESSAGE][PASSED] - Delayed 3 second(s)

2022-10-03 16:54:08 - [TEST_STEP][PASSED] - setText(findTestObject("Object Repository/06-Teams/For 2FA/input_Enter verification code_code"), codetwo): Text '320718' is set on object 'Object Repository/06-Teams/For 2FA/input_Enter verification code_code'

2022-10-03 16:54:09 - [MESSAGE][PASSED] - Text '320718' is set on object 'Object Repository/06-Teams/For 2FA/input_Enter verification code_code'

2022-10-03 16:54:09 - [TEST_STEP][PASSED] - delay(3): Delayed 3 second(s)

2022-10-03 16:54:12 - [MESSAGE][PASSED] - Delayed 3 second(s)

2022-10-03 16:54:12 - [TEST_STEP][PASSED] - click(findTestObject("06-Teams/For 2FA/button_Verify_2FA")): Object: 'Object Repository/06-Teams/For 2FA/button_Verify_2FA' is clicked on

2022-10-03 16:54:12 - [MESSAGE][PASSED] - Object: 'Object Repository/06-Teams/For 2FA/button_Verify_2FA' is clicked on

2022-10-03 16:54:12 - [TEST_STEP][PASSED] - delay(5): Delayed 5 second(s)

2022-10-03 16:54:17 - [MESSAGE][PASSED] - Delayed 5 second(s)

2022-10-03 16:54:17 - [TEST_STEP][PASSED] - executeJavaScript("window.open();", []): Execute JavaScript 'window.open();' successfully

2022-10-03 16:54:17 - [MESSAGE][PASSED] - Execute JavaScript 'window.open();' successfully

2022-10-03 16:54:17 - [TEST_STEP][PASSED] - currentWindow = getWindowIndex(): Current window's index is: 0

2022-10-03 16:54:17 - [MESSAGE][PASSED] - Current window's index is: 0

2022-10-03 16:54:17 - [TEST_STEP][PASSED] - delay(3): Delayed 3 second(s)

2022-10-03 16:54:20 - [MESSAGE][PASSED] - Delayed 3 second(s)

2022-10-03 16:54:20 - [TEST_STEP][PASSED] - switchToWindowIndex(currentWindow + 1): Switched to window with index: '1'

2022-10-03 16:54:20 - [MESSAGE][PASSED] - Switched to window with index: '1'

2022-10-03 16:54:20 - [TEST_STEP][PASSED] - navigateToUrl("https://www.mailinator.com/"): Navigate to 'https://www.mailinator.com/' successfully

2022-10-03 16:54:21 - [MESSAGE][PASSED] - Navigate to 'https://www.mailinator.com/' successfully

2022-10-03 16:54:21 - [TEST_STEP][PASSED] - delay(3): Delayed 3 second(s)

2022-10-03 16:54:24 - [MESSAGE][PASSED] - Delayed 3 second(s)

2022-10-03 16:54:24 - [TEST_STEP][PASSED] - setText(findTestObject("00-Signup and Activation/zMailinator/input_LOGIN_search"), "autotester10@mailinator.com"): Text 'autotester10@mailinator.com' is set on object 'Object Repository/00-Signup and Activation/zMailinator/input_LOGIN_search'

2022-10-03 16:54:25 - [MESSAGE][PASSED] - Text 'autotester10@mailinator.com' is set on object 'Object Repository/00-Signup and Activation/zMailinator/input_LOGIN_search'

2022-10-03 16:54:25 - [TEST_STEP][PASSED] - click(findTestObject("00-Signup and Activation/zMailinator/gobutton"), STOP_ON_FAILURE): Object: 'Object Repository/00-Signup and Activation/zMailinator/gobutton' is clicked on

2022-10-03 16:54:26 - [MESSAGE][PASSED] - Object: 'Object Repository/00-Signup and Activation/zMailinator/gobutton' is clicked on

2022-10-03 16:54:26 - [TEST_STEP][PASSED] - delay(3): Delayed 3 second(s)

2022-10-03 16:54:29 - [MESSAGE][PASSED] - Delayed 3 second(s)

2022-10-03 16:54:29 - [TEST_STEP][PASSED] - closeWindowTitle("Everleagues"): Window with title: 'Everleagues' is closed

2022-10-03 16:54:29 - [MESSAGE][PASSED] - Window with title: 'Everleagues' is closed

2022-10-03 16:54:29 - [TEST_STEP][PASSED] - switchToWindowIndex(0): Switched to window with index: '0'

2022-10-03 16:54:29 - [MESSAGE][PASSED] - Switched to window with index: '0'

2022-10-03 16:54:29 - [TEST_STEP][PASSED] - click(findTestObject("09-Settings/Users/Co worker/td_Invitation from GG Automation")): Object: 'Object Repository/09-Settings/Users/Co worker/td_Invitation from GG Automation' is clicked on

2022-10-03 16:54:29 - [MESSAGE][PASSED] - Object: 'Object Repository/09-Settings/Users/Co worker/td_Invitation from GG Automation' is clicked on

2022-10-03 16:54:29 - [TEST_STEP][PASSED] - click(findTestObject("09-Settings/Users/Co worker/a_Click here to join GG Automation on EverLeagues")): Object: 'Object Repository/09-Settings/Users/Co worker/a_Click here to join GG Automation on EverLeagues' is clicked on

2022-10-03 16:54:30 - [MESSAGE][PASSED] - Object: 'Object Repository/09-Settings/Users/Co worker/a_Click here to join GG Automation on EverLeagues' is clicked on

2022-10-03 16:54:30 - [TEST_STEP][PASSED] - closeWindowTitle("Mailinator"): Window with title: 'Mailinator' is closed

2022-10-03 16:54:31 - [MESSAGE][PASSED] - Window with title: 'Mailinator' is closed

2022-10-03 16:54:31 - [TEST_STEP][PASSED] - switchToWindowIndex(0): Switched to window with index: '0'

2022-10-03 16:54:31 - [MESSAGE][PASSED] - Switched to window with index: '0'

2022-10-03 16:54:31 - [TEST_STEP][PASSED] - verifyElementVisible(findTestObject("09-Settings/Users/Client/Invite modal")): Object 'Object Repository/09-Settings/Users/Client/Invite modal' is visible

2022-10-03 16:54:36 - [MESSAGE][PASSED] - Object 'Object Repository/09-Settings/Users/Client/Invite modal' is visible

2022-10-03 16:54:36 - [TEST_STEP][PASSED] - setText(findTestObject("09-Settings/Users/Client/Company field"), "QA Company"): Text 'QA Company' is set on object 'Object Repository/09-Settings/Users/Client/Company field'

2022-10-03 16:54:37 - [MESSAGE][PASSED] - Text 'QA Company' is set on object 'Object Repository/09-Settings/Users/Client/Company field'

2022-10-03 16:54:37 - [TEST_STEP][PASSED] - click(findTestObject("09-Settings/Users/Client/button_Accept")): Object: 'Object Repository/09-Settings/Users/Client/button_Accept' is clicked on

2022-10-03 16:54:38 - [MESSAGE][PASSED] - Object: 'Object Repository/09-Settings/Users/Client/button_Accept' is clicked on

2022-10-03 16:54:38 - [TEST_STEP][PASSED] - delay(10): Delayed 10 second(s)

2022-10-03 16:54:48 - [MESSAGE][PASSED] - Delayed 10 second(s)

2022-10-03 16:54:48 - [TEST_STEP][PASSED] - verifyElementVisible(findTestObject("09-Settings/Users/div_Joined as Partner")): Object 'Object Repository/09-Settings/Users/div_Joined as Partner' is visible

2022-10-03 16:54:48 - [MESSAGE][PASSED] - Object 'Object Repository/09-Settings/Users/div_Joined as Partner' is visible

2022-10-03 16:54:48 - [TEST_STEP][PASSED] - delay(3): Delayed 3 second(s)

2022-10-03 16:54:51 - [MESSAGE][PASSED] - Delayed 3 second(s)

2022-10-03 16:54:51 - [TEST_STEP][PASSED] - closeBrowser(): Browser is closed

2022-10-03 16:54:52 - [MESSAGE][PASSED] - Browser is closed]]></system-out>
         <system-err><![CDATA[]]></system-err>
      </testcase>
      <testcase name="Test Cases/09-Settings/05 - Users (Invite batch of users via CSV file)" time="138.13" classname="Test Cases/09-Settings/05 - Users (Invite batch of users via CSV file)" status="PASSED">
         <system-out><![CDATA[2022-10-03 16:54:52 - [TEST_CASE][PASSED] - Test Cases/09-Settings/05 - Users (Invite batch of users via CSV file): Test Cases/09-Settings/05 - Users (Invite batch of users via CSV file)

2022-10-03 16:54:52 - [TEST_STEP][PASSED] - openBrowser(""): Browser is opened with url: ''

2022-10-03 16:54:52 - [MESSAGE][INFO] - Starting 'Chrome' driver

2022-10-03 16:54:52 - [MESSAGE][INFO] - Action delay is set to 0 milliseconds

2022-10-03 16:54:53 - [MESSAGE][PASSED] - Browser is opened with url: ''

2022-10-03 16:54:53 - [TEST_STEP][PASSED] - navigateToUrl("https://lab.everleagues.com/"): Navigate to 'https://lab.everleagues.com/' successfully

2022-10-03 16:55:32 - [MESSAGE][PASSED] - Navigate to 'https://lab.everleagues.com/' successfully

2022-10-03 16:55:32 - [TEST_STEP][PASSED] - maximizeWindow(): Current window maximized

2022-10-03 16:55:33 - [MESSAGE][PASSED] - Current window maximized

2022-10-03 16:55:33 - [TEST_STEP][PASSED] - setText(findTestObject("02-Side Icons(Organization)/Add Contact/Email Field"), "testuser02@mailinator.com"): Text 'testuser02@mailinator.com' is set on object 'Object Repository/02-Side Icons(Organization)/Add Contact/Email Field'

2022-10-03 16:55:34 - [MESSAGE][PASSED] - Text 'testuser02@mailinator.com' is set on object 'Object Repository/02-Side Icons(Organization)/Add Contact/Email Field'

2022-10-03 16:55:34 - [TEST_STEP][PASSED] - setEncryptedText(findTestObject("02-Side Icons(Organization)/Add Contact/Password Field"), "8yFRyszE6U6jvsCn51OQbg=="): Text ****** has been set on object 'Object Repository/02-Side Icons(Organization)/Add Contact/Password Field'

2022-10-03 16:55:34 - [MESSAGE][PASSED] - Text ****** has been set on object 'Object Repository/02-Side Icons(Organization)/Add Contact/Password Field'

2022-10-03 16:55:34 - [TEST_STEP][PASSED] - click(findTestObject("02-Side Icons(Organization)/Add Contact/button_Sign in")): Object: 'Object Repository/02-Side Icons(Organization)/Add Contact/button_Sign in' is clicked on

2022-10-03 16:55:35 - [MESSAGE][PASSED] - Object: 'Object Repository/02-Side Icons(Organization)/Add Contact/button_Sign in' is clicked on

2022-10-03 16:55:35 - [TEST_STEP][PASSED] - delay(2): Delayed 2 second(s)

2022-10-03 16:55:37 - [MESSAGE][PASSED] - Delayed 2 second(s)

2022-10-03 16:55:37 - [TEST_STEP][PASSED] - click(findTestObject("06-Teams/For 2FA/button_Confirm_2FA")): Object: 'Object Repository/06-Teams/For 2FA/button_Confirm_2FA' is clicked on

2022-10-03 16:55:37 - [MESSAGE][PASSED] - Object: 'Object Repository/06-Teams/For 2FA/button_Confirm_2FA' is clicked on

2022-10-03 16:55:37 - [TEST_STEP][PASSED] - executeJavaScript("window.open();", []): Execute JavaScript 'window.open();' successfully

2022-10-03 16:55:37 - [MESSAGE][PASSED] - Execute JavaScript 'window.open();' successfully

2022-10-03 16:55:37 - [TEST_STEP][PASSED] - currentWindow = getWindowIndex(): Current window's index is: 0

2022-10-03 16:55:37 - [MESSAGE][PASSED] - Current window's index is: 0

2022-10-03 16:55:37 - [TEST_STEP][PASSED] - delay(3): Delayed 3 second(s)

2022-10-03 16:55:40 - [MESSAGE][PASSED] - Delayed 3 second(s)

2022-10-03 16:55:40 - [TEST_STEP][PASSED] - switchToWindowIndex(currentWindow + 1): Switched to window with index: '1'

2022-10-03 16:55:40 - [MESSAGE][PASSED] - Switched to window with index: '1'

2022-10-03 16:55:40 - [TEST_STEP][PASSED] - navigateToUrl("https://www.mailinator.com/"): Navigate to 'https://www.mailinator.com/' successfully

2022-10-03 16:55:43 - [MESSAGE][PASSED] - Navigate to 'https://www.mailinator.com/' successfully

2022-10-03 16:55:43 - [TEST_STEP][PASSED] - delay(3): Delayed 3 second(s)

2022-10-03 16:55:46 - [MESSAGE][PASSED] - Delayed 3 second(s)

2022-10-03 16:55:46 - [TEST_STEP][PASSED] - setText(findTestObject("00-Signup and Activation/zMailinator/input_LOGIN_search"), "testuser02@mailinator.com"): Text 'testuser02@mailinator.com' is set on object 'Object Repository/00-Signup and Activation/zMailinator/input_LOGIN_search'

2022-10-03 16:55:46 - [MESSAGE][PASSED] - Text 'testuser02@mailinator.com' is set on object 'Object Repository/00-Signup and Activation/zMailinator/input_LOGIN_search'

2022-10-03 16:55:46 - [TEST_STEP][PASSED] - click(findTestObject("00-Signup and Activation/zMailinator/gobutton"), STOP_ON_FAILURE): Object: 'Object Repository/00-Signup and Activation/zMailinator/gobutton' is clicked on

2022-10-03 16:55:48 - [MESSAGE][PASSED] - Object: 'Object Repository/00-Signup and Activation/zMailinator/gobutton' is clicked on

2022-10-03 16:55:48 - [TEST_STEP][PASSED] - delay(3): Delayed 3 second(s)

2022-10-03 16:55:51 - [MESSAGE][PASSED] - Delayed 3 second(s)

2022-10-03 16:55:51 - [TEST_STEP][PASSED] - click(findTestObject("00-Signup and Activation/zMailinator/Email - everleagues")): Object: 'Object Repository/00-Signup and Activation/zMailinator/Email - everleagues' is clicked on

2022-10-03 16:55:51 - [MESSAGE][PASSED] - Object: 'Object Repository/00-Signup and Activation/zMailinator/Email - everleagues' is clicked on

2022-10-03 16:55:51 - [TEST_STEP][PASSED] - delay(3): Delayed 3 second(s)

2022-10-03 16:55:54 - [MESSAGE][PASSED] - Delayed 3 second(s)

2022-10-03 16:55:54 - [TEST_STEP][PASSED] - code = getText(findTestObject("Object Repository/06-Teams/For 2FA/2FA code")): Text of object 'Object Repository/06-Teams/For 2FA/2FA code' is: '788974'

2022-10-03 16:55:54 - [MESSAGE][PASSED] - Text of object 'Object Repository/06-Teams/For 2FA/2FA code' is: '788974'

2022-10-03 16:55:54 - [TEST_STEP][PASSED] - delay(3): Delayed 3 second(s)

2022-10-03 16:55:57 - [MESSAGE][PASSED] - Delayed 3 second(s)

2022-10-03 16:55:57 - [TEST_STEP][PASSED] - closeWindowTitle("Mailinator"): Window with title: 'Mailinator' is closed

2022-10-03 16:55:58 - [MESSAGE][PASSED] - Window with title: 'Mailinator' is closed

2022-10-03 16:55:58 - [TEST_STEP][PASSED] - delay(3): Delayed 3 second(s)

2022-10-03 16:56:01 - [MESSAGE][PASSED] - Delayed 3 second(s)

2022-10-03 16:56:01 - [TEST_STEP][PASSED] - switchToWindowIndex(0): Switched to window with index: '0'

2022-10-03 16:56:01 - [MESSAGE][PASSED] - Switched to window with index: '0'

2022-10-03 16:56:01 - [TEST_STEP][PASSED] - delay(3): Delayed 3 second(s)

2022-10-03 16:56:04 - [MESSAGE][PASSED] - Delayed 3 second(s)

2022-10-03 16:56:04 - [TEST_STEP][PASSED] - setText(findTestObject("Object Repository/06-Teams/For 2FA/input_Enter verification code_code"), code): Text '788974' is set on object 'Object Repository/06-Teams/For 2FA/input_Enter verification code_code'

2022-10-03 16:56:04 - [MESSAGE][PASSED] - Text '788974' is set on object 'Object Repository/06-Teams/For 2FA/input_Enter verification code_code'

2022-10-03 16:56:04 - [TEST_STEP][PASSED] - delay(3): Delayed 3 second(s)

2022-10-03 16:56:07 - [MESSAGE][PASSED] - Delayed 3 second(s)

2022-10-03 16:56:07 - [TEST_STEP][PASSED] - click(findTestObject("06-Teams/For 2FA/button_Verify_2FA")): Object: 'Object Repository/06-Teams/For 2FA/button_Verify_2FA' is clicked on

2022-10-03 16:56:08 - [MESSAGE][PASSED] - Object: 'Object Repository/06-Teams/For 2FA/button_Verify_2FA' is clicked on

2022-10-03 16:56:08 - [TEST_STEP][PASSED] - delay(5): Delayed 5 second(s)

2022-10-03 16:56:13 - [MESSAGE][PASSED] - Delayed 5 second(s)

2022-10-03 16:56:13 - [TEST_STEP][PASSED] - click(findTestObject("06-Teams/button_doublearrow")): Object: 'Object Repository/06-Teams/button_doublearrow' is clicked on

2022-10-03 16:56:13 - [MESSAGE][PASSED] - Object: 'Object Repository/06-Teams/button_doublearrow' is clicked on

2022-10-03 16:56:13 - [TEST_STEP][PASSED] - click(findTestObject("06-Teams/button_My Organizations")): Object: 'Object Repository/06-Teams/button_My Organizations' is clicked on

2022-10-03 16:56:14 - [MESSAGE][PASSED] - Object: 'Object Repository/06-Teams/button_My Organizations' is clicked on

2022-10-03 16:56:14 - [TEST_STEP][PASSED] - click(findTestObject("06-Teams/button_GG Automation")): Object: 'Object Repository/06-Teams/button_GG Automation' is clicked on

2022-10-03 16:56:15 - [MESSAGE][PASSED] - Object: 'Object Repository/06-Teams/button_GG Automation' is clicked on

2022-10-03 16:56:15 - [TEST_STEP][PASSED] - delay(4): Delayed 4 second(s)

2022-10-03 16:56:19 - [MESSAGE][PASSED] - Delayed 4 second(s)

2022-10-03 16:56:19 - [TEST_STEP][PASSED] - verifyElementVisible(findTestObject("06-Teams/span_GG Automation")): Object 'Object Repository/06-Teams/span_GG Automation' is visible

2022-10-03 16:56:19 - [MESSAGE][PASSED] - Object 'Object Repository/06-Teams/span_GG Automation' is visible

2022-10-03 16:56:19 - [TEST_STEP][PASSED] - delay(10): Delayed 10 second(s)

2022-10-03 16:56:29 - [MESSAGE][PASSED] - Delayed 10 second(s)

2022-10-03 16:56:29 - [TEST_STEP][PASSED] - click(findTestObject("03-Header Menu/Hamburger Button/div_Settings")): Object: 'Object Repository/03-Header Menu/Hamburger Button/div_Settings' is clicked on

2022-10-03 16:56:29 - [MESSAGE][PASSED] - Object: 'Object Repository/03-Header Menu/Hamburger Button/div_Settings' is clicked on

2022-10-03 16:56:29 - [TEST_STEP][PASSED] - delay(3): Delayed 3 second(s)

2022-10-03 16:56:32 - [MESSAGE][PASSED] - Delayed 3 second(s)

2022-10-03 16:56:32 - [TEST_STEP][PASSED] - click(findTestObject("09-Settings/Users/div_Users")): Object: 'Object Repository/09-Settings/Users/div_Users' is clicked on

2022-10-03 16:56:33 - [MESSAGE][PASSED] - Object: 'Object Repository/09-Settings/Users/div_Users' is clicked on

2022-10-03 16:56:33 - [TEST_STEP][PASSED] - delay(3): Delayed 3 second(s)

2022-10-03 16:56:36 - [MESSAGE][PASSED] - Delayed 3 second(s)

2022-10-03 16:56:36 - [TEST_STEP][PASSED] - click(findTestObject("09-Settings/Users/button_add")): Object: 'Object Repository/09-Settings/Users/button_add' is clicked on

2022-10-03 16:56:36 - [MESSAGE][PASSED] - Object: 'Object Repository/09-Settings/Users/button_add' is clicked on

2022-10-03 16:56:36 - [TEST_STEP][PASSED] - delay(3): Delayed 3 second(s)

2022-10-03 16:56:39 - [MESSAGE][PASSED] - Delayed 3 second(s)

2022-10-03 16:56:39 - [TEST_STEP][PASSED] - click(findTestObject("09-Settings/Users/Invite batch of users via CSV file")): Object: 'Object Repository/09-Settings/Users/Invite batch of users via CSV file' is clicked on

2022-10-03 16:56:40 - [MESSAGE][PASSED] - Object: 'Object Repository/09-Settings/Users/Invite batch of users via CSV file' is clicked on

2022-10-03 16:56:40 - [TEST_STEP][PASSED] - verifyElementVisible(findTestObject("09-Settings/Users/CSV Invite/Import CSV File modal")): Object 'Object Repository/09-Settings/Users/CSV Invite/Import CSV File modal' is visible

2022-10-03 16:56:41 - [MESSAGE][PASSED] - Object 'Object Repository/09-Settings/Users/CSV Invite/Import CSV File modal' is visible

2022-10-03 16:56:41 - [TEST_STEP][PASSED] - verifyElementNotClickable(findTestObject("09-Settings/Users/CSV Invite/button_Import")): Object 'Object Repository/09-Settings/Users/CSV Invite/button_Import' is NOT clickable

2022-10-03 16:56:41 - [MESSAGE][PASSED] - Object 'Object Repository/09-Settings/Users/CSV Invite/button_Import' is NOT clickable

2022-10-03 16:56:41 - [TEST_STEP][PASSED] - delay(3): Delayed 3 second(s)

2022-10-03 16:56:44 - [MESSAGE][PASSED] - Delayed 3 second(s)

2022-10-03 16:56:44 - [TEST_STEP][PASSED] - uploadpackage.Upload.uploadFile(findTestObject("Object Repository/09-Settings/Users/CSV Invite/button_Choose File"), "C:\Users\User\Desktop\EL automation\sample csv.csv"): uploadpackage.Upload.uploadFile is PASSED

2022-10-03 16:56:44 - [MESSAGE][PASSED] - Object: 'Object Repository/09-Settings/Users/CSV Invite/button_Choose File' is clicked on

2022-10-03 16:56:45 - [MESSAGE][PASSED] - uploadpackage.Upload.uploadFile is PASSED

2022-10-03 16:56:45 - [TEST_STEP][PASSED] - delay(3): Delayed 3 second(s)

2022-10-03 16:56:48 - [MESSAGE][PASSED] - Delayed 3 second(s)

2022-10-03 16:56:48 - [TEST_STEP][PASSED] - verifyElementVisible(findTestObject("09-Settings/Users/CSV Invite/div_Sample csv.csv")): Object 'Object Repository/09-Settings/Users/CSV Invite/div_Sample csv.csv' is visible

2022-10-03 16:56:48 - [MESSAGE][PASSED] - Object 'Object Repository/09-Settings/Users/CSV Invite/div_Sample csv.csv' is visible

2022-10-03 16:56:48 - [TEST_STEP][PASSED] - click(findTestObject("09-Settings/Users/CSV Invite/button_Import")): Object: 'Object Repository/09-Settings/Users/CSV Invite/button_Import' is clicked on

2022-10-03 16:56:48 - [MESSAGE][PASSED] - Object: 'Object Repository/09-Settings/Users/CSV Invite/button_Import' is clicked on

2022-10-03 16:56:48 - [TEST_STEP][PASSED] - delay(10): Delayed 10 second(s)

2022-10-03 16:56:58 - [MESSAGE][PASSED] - Delayed 10 second(s)

2022-10-03 16:56:58 - [TEST_STEP][PASSED] - verifyElementVisible(findTestObject("09-Settings/Users/CSV Invite/Success import modal")): Object 'Object Repository/09-Settings/Users/CSV Invite/Success import modal' is visible

2022-10-03 16:56:59 - [MESSAGE][PASSED] - Object 'Object Repository/09-Settings/Users/CSV Invite/Success import modal' is visible

2022-10-03 16:56:59 - [TEST_STEP][PASSED] - click(findTestObject("09-Settings/Users/CSV Invite/button_Close")): Object: 'Object Repository/09-Settings/Users/CSV Invite/button_Close' is clicked on

2022-10-03 16:56:59 - [MESSAGE][PASSED] - Object: 'Object Repository/09-Settings/Users/CSV Invite/button_Close' is clicked on

2022-10-03 16:56:59 - [TEST_STEP][PASSED] - click(findTestObject("09-Settings/Users/CSV Invite/Invited Users tab")): Object: 'Object Repository/09-Settings/Users/CSV Invite/Invited Users tab' is clicked on

2022-10-03 16:57:00 - [MESSAGE][PASSED] - Object: 'Object Repository/09-Settings/Users/CSV Invite/Invited Users tab' is clicked on

2022-10-03 16:57:00 - [TEST_STEP][PASSED] - delay(3): Delayed 3 second(s)

2022-10-03 16:57:03 - [MESSAGE][PASSED] - Delayed 3 second(s)

2022-10-03 16:57:03 - [TEST_STEP][PASSED] - verifyElementVisible(findTestObject("09-Settings/Users/CSV Invite/div_CTCSV test3")): Object 'Object Repository/09-Settings/Users/CSV Invite/div_CTCSV test3' is visible

2022-10-03 16:57:03 - [MESSAGE][PASSED] - Object 'Object Repository/09-Settings/Users/CSV Invite/div_CTCSV test3' is visible

2022-10-03 16:57:03 - [TEST_STEP][PASSED] - verifyElementVisible(findTestObject("09-Settings/Users/CSV Invite/div_autotester08mailinator.com")): Object 'Object Repository/09-Settings/Users/CSV Invite/div_autotester08mailinator.com' is visible

2022-10-03 16:57:04 - [MESSAGE][PASSED] - Object 'Object Repository/09-Settings/Users/CSV Invite/div_autotester08mailinator.com' is visible

2022-10-03 16:57:04 - [TEST_STEP][PASSED] - verifyElementVisible(findTestObject("09-Settings/Users/CSV Invite/div_Partner")): Object 'Object Repository/09-Settings/Users/CSV Invite/div_Partner' is visible

2022-10-03 16:57:04 - [MESSAGE][PASSED] - Object 'Object Repository/09-Settings/Users/CSV Invite/div_Partner' is visible

2022-10-03 16:57:04 - [TEST_STEP][PASSED] - verifyElementVisible(findTestObject("09-Settings/Users/CSV Invite/div_CTCSV test2")): Object 'Object Repository/09-Settings/Users/CSV Invite/div_CTCSV test2' is visible

2022-10-03 16:57:04 - [MESSAGE][PASSED] - Object 'Object Repository/09-Settings/Users/CSV Invite/div_CTCSV test2' is visible

2022-10-03 16:57:04 - [TEST_STEP][PASSED] - verifyElementVisible(findTestObject("09-Settings/Users/CSV Invite/div_autotester07mailinator.com")): Object 'Object Repository/09-Settings/Users/CSV Invite/div_autotester07mailinator.com' is visible

2022-10-03 16:57:05 - [MESSAGE][PASSED] - Object 'Object Repository/09-Settings/Users/CSV Invite/div_autotester07mailinator.com' is visible

2022-10-03 16:57:05 - [TEST_STEP][PASSED] - verifyElementVisible(findTestObject("09-Settings/Users/CSV Invite/div_Client")): Object 'Object Repository/09-Settings/Users/CSV Invite/div_Client' is visible

2022-10-03 16:57:05 - [MESSAGE][PASSED] - Object 'Object Repository/09-Settings/Users/CSV Invite/div_Client' is visible

2022-10-03 16:57:05 - [TEST_STEP][PASSED] - verifyElementVisible(findTestObject("09-Settings/Users/CSV Invite/div_CTCSV test1")): Object 'Object Repository/09-Settings/Users/CSV Invite/div_CTCSV test1' is visible

2022-10-03 16:57:05 - [MESSAGE][PASSED] - Object 'Object Repository/09-Settings/Users/CSV Invite/div_CTCSV test1' is visible

2022-10-03 16:57:05 - [TEST_STEP][PASSED] - verifyElementVisible(findTestObject("09-Settings/Users/CSV Invite/div_autotester06mailinator.com")): Object 'Object Repository/09-Settings/Users/CSV Invite/div_autotester06mailinator.com' is visible

2022-10-03 16:57:06 - [MESSAGE][PASSED] - Object 'Object Repository/09-Settings/Users/CSV Invite/div_autotester06mailinator.com' is visible

2022-10-03 16:57:06 - [TEST_STEP][PASSED] - verifyElementVisible(findTestObject("09-Settings/Users/CSV Invite/div_Coworker")): Object 'Object Repository/09-Settings/Users/CSV Invite/div_Coworker' is visible

2022-10-03 16:57:06 - [MESSAGE][PASSED] - Object 'Object Repository/09-Settings/Users/CSV Invite/div_Coworker' is visible

2022-10-03 16:57:06 - [TEST_STEP][PASSED] - delay(3): Delayed 3 second(s)

2022-10-03 16:57:09 - [MESSAGE][PASSED] - Delayed 3 second(s)

2022-10-03 16:57:09 - [TEST_STEP][PASSED] - closeBrowser(): Browser is closed

2022-10-03 16:57:10 - [MESSAGE][PASSED] - Browser is closed]]></system-out>
         <system-err><![CDATA[]]></system-err>
      </testcase>
      <system-out><![CDATA[2022-10-03 16:42:28 - [TEST_SUITE][PASSED] - 09-Settings: Test Cases/09-Settings/05 - Users (Invite batch of users via CSV file)]]></system-out>
      <system-err><![CDATA[]]></system-err>
   </testsuite>
</testsuites>
