<?xml version="1.0" encoding="UTF-8"?>
<testsuites name="09.4 - Settings (Organization unit)" time="268.805" tests="4" failures="0" errors="0">
   <testsuite name="09.4 - Settings (Organization unit)" tests="4" failures="0" errors="0" time="268.805" skipped="0" timestamp="2023-05-16 13:21:07" hostname="Mike - LAPTOP-LF5VTH4H" id="Test Suites/TS-Organization/09.4 - Settings (Organization unit)">
      <properties>
         <property name="deviceName" value=""/>
         <property name="devicePlatform" value=""/>
         <property name="logFolder" value="D:\\Users\\Michelle\\Project\\Everleagues\\Reports\\20230516_132101\\TS-Organization\\09.4 - Settings (Organization unit)\\20230516_132101"/>
         <property name="logFiles" value="D:\\Users\\Michelle\\Project\\Everleagues\\Reports\\20230516_132101\\TS-Organization\\09.4 - Settings (Organization unit)\\20230516_132101\\execution0.log"/>
         <property name="attachments" value=""/>
         <property name="hostName" value="Mike - LAPTOP-LF5VTH4H"/>
         <property name="os" value="Windows 10 64bit"/>
         <property name="katalonVersion" value="8.6.0.208"/>
         <property name="browser" value="Chrome 113.0.0.0"/>
         <property name="hostAddress" value="192.168.100.69"/>
         <property name="sessionId" value="0352fe1bb7a944d031893d784fad9527"/>
         <property name="seleniumVersion" value="3.141.59"/>
         <property name="proxyInformation" value="ProxyInformation { proxyOption=NO_PROXY, proxyServerType=HTTP, username=, password=********, proxyServerAddress=, proxyServerPort=0, executionList=&quot;&quot;, isApplyToDesiredCapabilities=true }"/>
         <property name="platform" value="Windows 10"/>
      </properties>
      <testcase name="Test Cases/09-Settings/19 - Organization unit - Add Organization unit" time="126.3" classname="Test Cases/09-Settings/19 - Organization unit - Add Organization unit" status="PASSED">
         <system-out><![CDATA[2023-05-16 13:21:07 - [TEST_CASE][PASSED] - Test Cases/09-Settings/19 - Organization unit - Add Organization unit: Test Cases/09-Settings/19 - Organization unit - Add Organization unit

2023-05-16 13:21:08 - [TEST_STEP][PASSED] - openBrowser(""): Browser is opened with url: ''

2023-05-16 13:21:08 - [MESSAGE][INFO] - Starting 'Chrome' driver

2023-05-16 13:21:08 - [MESSAGE][INFO] - Action delay is set to 0 milliseconds

2023-05-16 13:21:13 - [MESSAGE][PASSED] - Browser is opened with url: ''

2023-05-16 13:21:13 - [TEST_STEP][PASSED] - navigateToUrl(appURL): Navigate to 'https://lab.everleagues.com/' successfully

2023-05-16 13:21:25 - [MESSAGE][PASSED] - Navigate to 'https://lab.everleagues.com/' successfully

2023-05-16 13:21:25 - [TEST_STEP][PASSED] - maximizeWindow(): Current window maximized

2023-05-16 13:21:26 - [MESSAGE][PASSED] - Current window maximized

2023-05-16 13:21:26 - [TEST_STEP][PASSED] - callTestCase(findTestCase("01-Login and Forgot Password/04-Login(Valid Credentials-With Subscription)"), [:], STOP_ON_FAILURE): Call Test Case 'Test Cases/01-Login and Forgot Password/04-Login(Valid Credentials-With Subscription)' successfully

2023-05-16 13:21:26 - [TEST_CASE][PASSED] - Test Cases/01-Login and Forgot Password/04-Login(Valid Credentials-With Subscription): Test Cases/01-Login and Forgot Password/04-Login(Valid Credentials-With Subscription)

2023-05-16 13:21:28 - [TEST_STEP][PASSED] - setText(findTestObject("01-Login and Forgot Password/input_Email_email"), email_with_subscription): Text 'testuser05@mailinator.com' is set on object 'Object Repository/01-Login and Forgot Password/input_Email_email'

2023-05-16 13:21:32 - [MESSAGE][PASSED] - Text 'testuser05@mailinator.com' is set on object 'Object Repository/01-Login and Forgot Password/input_Email_email'

2023-05-16 13:21:32 - [TEST_STEP][PASSED] - setEncryptedText(findTestObject("01-Login and Forgot Password/input_Email_password"), password): Text ****** has been set on object 'Object Repository/01-Login and Forgot Password/input_Email_password'

2023-05-16 13:21:32 - [MESSAGE][PASSED] - Text ****** has been set on object 'Object Repository/01-Login and Forgot Password/input_Email_password'

2023-05-16 13:21:32 - [TEST_STEP][PASSED] - delay(delay_2seconds): Delayed 2 second(s)

2023-05-16 13:21:34 - [MESSAGE][PASSED] - Delayed 2 second(s)

2023-05-16 13:21:34 - [TEST_STEP][PASSED] - click(findTestObject("01-Login and Forgot Password/show pass button")): Object: 'Object Repository/01-Login and Forgot Password/show pass button' is clicked on

2023-05-16 13:21:35 - [MESSAGE][PASSED] - Object: 'Object Repository/01-Login and Forgot Password/show pass button' is clicked on

2023-05-16 13:21:35 - [TEST_STEP][PASSED] - delay(delay_3seconds): Delayed 3 second(s)

2023-05-16 13:21:38 - [MESSAGE][PASSED] - Delayed 3 second(s)

2023-05-16 13:21:38 - [TEST_STEP][PASSED] - click(findTestObject("01-Login and Forgot Password/button_Sign in")): Object: 'Object Repository/01-Login and Forgot Password/button_Sign in' is clicked on

2023-05-16 13:21:39 - [MESSAGE][PASSED] - Object: 'Object Repository/01-Login and Forgot Password/button_Sign in' is clicked on

2023-05-16 13:21:39 - [TEST_STEP][PASSED] - delay(delay_3seconds): Delayed 3 second(s)

2023-05-16 13:21:42 - [MESSAGE][PASSED] - Delayed 3 second(s)

2023-05-16 13:21:42 - [TEST_STEP][PASSED] - click(findTestObject("06-Teams/For 2FA/button_Confirm_2FA")): Object: 'Object Repository/06-Teams/For 2FA/button_Confirm_2FA' is clicked on

2023-05-16 13:21:42 - [MESSAGE][PASSED] - Object: 'Object Repository/06-Teams/For 2FA/button_Confirm_2FA' is clicked on

2023-05-16 13:21:42 - [TEST_STEP][PASSED] - executeJavaScript("window.open();", []): Execute JavaScript 'window.open();' successfully

2023-05-16 13:21:42 - [MESSAGE][PASSED] - Execute JavaScript 'window.open();' successfully

2023-05-16 13:21:42 - [TEST_STEP][PASSED] - currentWindow = getWindowIndex(): Current window's index is: 0

2023-05-16 13:21:43 - [MESSAGE][PASSED] - Current window's index is: 0

2023-05-16 13:21:43 - [TEST_STEP][PASSED] - delay(delay_3seconds): Delayed 3 second(s)

2023-05-16 13:21:46 - [MESSAGE][PASSED] - Delayed 3 second(s)

2023-05-16 13:21:46 - [TEST_STEP][PASSED] - switchToWindowIndex(currentWindow + 1): Switched to window with index: '1'

2023-05-16 13:21:46 - [MESSAGE][PASSED] - Switched to window with index: '1'

2023-05-16 13:21:46 - [TEST_STEP][PASSED] - navigateToUrl(app_mailinator): Navigate to 'https://www.mailinator.com/' successfully

2023-05-16 13:21:49 - [MESSAGE][PASSED] - Navigate to 'https://www.mailinator.com/' successfully

2023-05-16 13:21:49 - [TEST_STEP][PASSED] - delay(delay_3seconds): Delayed 3 second(s)

2023-05-16 13:21:52 - [MESSAGE][PASSED] - Delayed 3 second(s)

2023-05-16 13:21:52 - [TEST_STEP][PASSED] - setText(findTestObject("00-Signup and Activation/zMailinator/input_LOGIN_search"), email_for_searchmailinator_testuser05): Text 'testuser05@mailinator.com' is set on object 'Object Repository/00-Signup and Activation/zMailinator/input_LOGIN_search'

2023-05-16 13:21:53 - [MESSAGE][PASSED] - Text 'testuser05@mailinator.com' is set on object 'Object Repository/00-Signup and Activation/zMailinator/input_LOGIN_search'

2023-05-16 13:21:53 - [TEST_STEP][PASSED] - click(findTestObject("00-Signup and Activation/zMailinator/gobutton"), STOP_ON_FAILURE): Object: 'Object Repository/00-Signup and Activation/zMailinator/gobutton' is clicked on

2023-05-16 13:21:54 - [MESSAGE][PASSED] - Object: 'Object Repository/00-Signup and Activation/zMailinator/gobutton' is clicked on

2023-05-16 13:21:54 - [TEST_STEP][PASSED] - delay(delay_3seconds): Delayed 3 second(s)

2023-05-16 13:21:57 - [MESSAGE][PASSED] - Delayed 3 second(s)

2023-05-16 13:21:57 - [TEST_STEP][PASSED] - click(findTestObject("00-Signup and Activation/zMailinator/Email - everleagues")): Object: 'Object Repository/00-Signup and Activation/zMailinator/Email - everleagues' is clicked on

2023-05-16 13:21:57 - [MESSAGE][PASSED] - Object: 'Object Repository/00-Signup and Activation/zMailinator/Email - everleagues' is clicked on

2023-05-16 13:21:57 - [TEST_STEP][PASSED] - delay(delay_3seconds): Delayed 3 second(s)

2023-05-16 13:22:00 - [MESSAGE][PASSED] - Delayed 3 second(s)

2023-05-16 13:22:00 - [TEST_STEP][PASSED] - code = getText(findTestObject("Object Repository/06-Teams/For 2FA/2FA code")): Text of object 'Object Repository/06-Teams/For 2FA/2FA code' is: '449626'

2023-05-16 13:22:01 - [MESSAGE][PASSED] - Text of object 'Object Repository/06-Teams/For 2FA/2FA code' is: '449626'

2023-05-16 13:22:01 - [TEST_STEP][PASSED] - delay(delay_3seconds): Delayed 3 second(s)

2023-05-16 13:22:04 - [MESSAGE][PASSED] - Delayed 3 second(s)

2023-05-16 13:22:04 - [TEST_STEP][PASSED] - closeWindowTitle("Mailinator"): Window with title: 'Mailinator' is closed

2023-05-16 13:22:04 - [MESSAGE][PASSED] - Window with title: 'Mailinator' is closed

2023-05-16 13:22:04 - [TEST_STEP][PASSED] - delay(delay_3seconds): Delayed 3 second(s)

2023-05-16 13:22:07 - [MESSAGE][PASSED] - Delayed 3 second(s)

2023-05-16 13:22:07 - [TEST_STEP][PASSED] - switchToWindowIndex(0): Switched to window with index: '0'

2023-05-16 13:22:07 - [MESSAGE][PASSED] - Switched to window with index: '0'

2023-05-16 13:22:07 - [TEST_STEP][PASSED] - delay(delay_3seconds): Delayed 3 second(s)

2023-05-16 13:22:10 - [MESSAGE][PASSED] - Delayed 3 second(s)

2023-05-16 13:22:10 - [TEST_STEP][PASSED] - setText(findTestObject("Object Repository/06-Teams/For 2FA/input_Enter verification code_code"), code): Text '449626' is set on object 'Object Repository/06-Teams/For 2FA/input_Enter verification code_code'

2023-05-16 13:22:11 - [MESSAGE][PASSED] - Text '449626' is set on object 'Object Repository/06-Teams/For 2FA/input_Enter verification code_code'

2023-05-16 13:22:11 - [TEST_STEP][PASSED] - delay(delay_3seconds): Delayed 3 second(s)

2023-05-16 13:22:14 - [MESSAGE][PASSED] - Delayed 3 second(s)

2023-05-16 13:22:14 - [TEST_STEP][PASSED] - click(findTestObject("06-Teams/For 2FA/button_Verify_2FA")): Object: 'Object Repository/06-Teams/For 2FA/button_Verify_2FA' is clicked on

2023-05-16 13:22:15 - [MESSAGE][PASSED] - Object: 'Object Repository/06-Teams/For 2FA/button_Verify_2FA' is clicked on

2023-05-16 13:22:15 - [TEST_STEP][PASSED] - delay(delay_3seconds): Delayed 3 second(s)

2023-05-16 13:22:18 - [MESSAGE][PASSED] - Delayed 3 second(s)

2023-05-16 13:22:18 - [MESSAGE][PASSED] - Call Test Case 'Test Cases/01-Login and Forgot Password/04-Login(Valid Credentials-With Subscription)' successfully

2023-05-16 13:22:18 - [TEST_STEP][PASSED] - click(findTestObject("06-Teams/button_doublearrow")): Object: 'Object Repository/06-Teams/button_doublearrow' is clicked on

2023-05-16 13:22:21 - [MESSAGE][PASSED] - Object: 'Object Repository/06-Teams/button_doublearrow' is clicked on

2023-05-16 13:22:21 - [TEST_STEP][PASSED] - click(findTestObject("06-Teams/button_My Organizations")): Object: 'Object Repository/06-Teams/button_My Organizations' is clicked on

2023-05-16 13:22:22 - [MESSAGE][PASSED] - Object: 'Object Repository/06-Teams/button_My Organizations' is clicked on

2023-05-16 13:22:22 - [TEST_STEP][PASSED] - click(findTestObject("06-Teams/button_GG Automation")): Object: 'Object Repository/06-Teams/button_GG Automation' is clicked on

2023-05-16 13:22:23 - [MESSAGE][PASSED] - Object: 'Object Repository/06-Teams/button_GG Automation' is clicked on

2023-05-16 13:22:23 - [TEST_STEP][PASSED] - delay(delay_3seconds): Delayed 3 second(s)

2023-05-16 13:22:26 - [MESSAGE][PASSED] - Delayed 3 second(s)

2023-05-16 13:22:26 - [TEST_STEP][PASSED] - verifyElementVisible(findTestObject("06-Teams/span_GG Automation")): Object 'Object Repository/06-Teams/span_GG Automation' is visible

2023-05-16 13:22:27 - [MESSAGE][PASSED] - Object 'Object Repository/06-Teams/span_GG Automation' is visible

2023-05-16 13:22:27 - [TEST_STEP][PASSED] - delay(delay_4seconds): Delayed 4 second(s)

2023-05-16 13:22:31 - [MESSAGE][PASSED] - Delayed 4 second(s)

2023-05-16 13:22:31 - [TEST_STEP][PASSED] - click(findTestObject("03-Header Menu/Hamburger Button/div_Settings")): Object: 'Object Repository/03-Header Menu/Hamburger Button/div_Settings' is clicked on

2023-05-16 13:22:31 - [MESSAGE][PASSED] - Object: 'Object Repository/03-Header Menu/Hamburger Button/div_Settings' is clicked on

2023-05-16 13:22:31 - [TEST_STEP][PASSED] - delay(delay_3seconds): Delayed 3 second(s)

2023-05-16 13:22:34 - [MESSAGE][PASSED] - Delayed 3 second(s)

2023-05-16 13:22:34 - [TEST_STEP][PASSED] - scrollToElement(findTestObject("09-Settings/Users/div_Organization Units"), 0): Scroll to object 'Object Repository/09-Settings/Users/div_Organization Units' successfully

2023-05-16 13:22:34 - [MESSAGE][WARNING] - Timeout '0' is invalid. Using default page load timeout: '30'

2023-05-16 13:22:35 - [MESSAGE][PASSED] - Scroll to object 'Object Repository/09-Settings/Users/div_Organization Units' successfully

2023-05-16 13:22:35 - [TEST_STEP][PASSED] - click(findTestObject("09-Settings/Users/div_Organization Units")): Object: 'Object Repository/09-Settings/Users/div_Organization Units' is clicked on

2023-05-16 13:22:35 - [MESSAGE][PASSED] - Object: 'Object Repository/09-Settings/Users/div_Organization Units' is clicked on

2023-05-16 13:22:35 - [TEST_STEP][PASSED] - verifyElementVisible(findTestObject("09-Settings/Organization unit/h4_ORGANIZATION STRUCTURE SETUP")): Object 'Object Repository/09-Settings/Organization unit/h4_ORGANIZATION STRUCTURE SETUP' is visible

2023-05-16 13:22:36 - [MESSAGE][PASSED] - Object 'Object Repository/09-Settings/Organization unit/h4_ORGANIZATION STRUCTURE SETUP' is visible

2023-05-16 13:22:36 - [TEST_STEP][PASSED] - delay(delay_3seconds): Delayed 3 second(s)

2023-05-16 13:22:39 - [MESSAGE][PASSED] - Delayed 3 second(s)

2023-05-16 13:22:39 - [TEST_STEP][PASSED] - click(findTestObject("09-Settings/Organization unit/button_add")): Object: 'Object Repository/09-Settings/Organization unit/button_add' is clicked on

2023-05-16 13:22:40 - [MESSAGE][PASSED] - Object: 'Object Repository/09-Settings/Organization unit/button_add' is clicked on

2023-05-16 13:22:40 - [TEST_STEP][PASSED] - verifyElementPresent(findTestObject("09-Settings/Organization unit/mat-dialog-container_Add organization unit modal"), 0): Object 'Object Repository/09-Settings/Organization unit/mat-dialog-container_Add organization unit modal' is present

2023-05-16 13:22:40 - [MESSAGE][WARNING] - Timeout '0' is invalid. Using default page load timeout: '30'

2023-05-16 13:22:41 - [MESSAGE][PASSED] - Object 'Object Repository/09-Settings/Organization unit/mat-dialog-container_Add organization unit modal' is present

2023-05-16 13:22:41 - [TEST_STEP][PASSED] - verifyElementPresent(findTestObject("09-Settings/Organization unit/h4_Name"), 0): Object 'Object Repository/09-Settings/Organization unit/h4_Name' is present

2023-05-16 13:22:41 - [MESSAGE][WARNING] - Timeout '0' is invalid. Using default page load timeout: '30'

2023-05-16 13:22:41 - [MESSAGE][PASSED] - Object 'Object Repository/09-Settings/Organization unit/h4_Name' is present

2023-05-16 13:22:41 - [TEST_STEP][PASSED] - click(findTestObject("09-Settings/Organization unit/mat-icon_create")): Object: 'Object Repository/09-Settings/Organization unit/mat-icon_create' is clicked on

2023-05-16 13:22:42 - [MESSAGE][PASSED] - Object: 'Object Repository/09-Settings/Organization unit/mat-icon_create' is clicked on

2023-05-16 13:22:42 - [TEST_STEP][PASSED] - verifyElementPresent(findTestObject("09-Settings/Organization unit/mat-dialog-container_Select an organization unit modal"), 0): Object 'Object Repository/09-Settings/Organization unit/mat-dialog-container_Select an organization unit modal' is present

2023-05-16 13:22:42 - [MESSAGE][WARNING] - Timeout '0' is invalid. Using default page load timeout: '30'

2023-05-16 13:22:42 - [MESSAGE][PASSED] - Object 'Object Repository/09-Settings/Organization unit/mat-dialog-container_Select an organization unit modal' is present

2023-05-16 13:22:42 - [TEST_STEP][PASSED] - verifyElementPresent(findTestObject("09-Settings/Organization unit/h4_Select an organization unit"), 0): Object 'Object Repository/09-Settings/Organization unit/h4_Select an organization unit' is present

2023-05-16 13:22:42 - [MESSAGE][WARNING] - Timeout '0' is invalid. Using default page load timeout: '30'

2023-05-16 13:22:43 - [MESSAGE][PASSED] - Object 'Object Repository/09-Settings/Organization unit/h4_Select an organization unit' is present

2023-05-16 13:22:43 - [TEST_STEP][PASSED] - delay(delay_3seconds): Delayed 3 second(s)

2023-05-16 13:22:46 - [MESSAGE][PASSED] - Delayed 3 second(s)

2023-05-16 13:22:46 - [TEST_STEP][PASSED] - click(findTestObject("09-Settings/Organization unit/Cancel button for select an organization unit")): Object: 'Object Repository/09-Settings/Organization unit/Cancel button for select an organization unit' is clicked on

2023-05-16 13:22:47 - [MESSAGE][PASSED] - Object: 'Object Repository/09-Settings/Organization unit/Cancel button for select an organization unit' is clicked on

2023-05-16 13:22:47 - [TEST_STEP][PASSED] - delay(delay_3seconds): Delayed 3 second(s)

2023-05-16 13:22:50 - [MESSAGE][PASSED] - Delayed 3 second(s)

2023-05-16 13:22:50 - [TEST_STEP][PASSED] - click(findTestObject("09-Settings/Organization unit/input_Parent Organization Unit Name_orgName")): Object: 'Object Repository/09-Settings/Organization unit/input_Parent Organization Unit Name_orgName' is clicked on

2023-05-16 13:22:50 - [MESSAGE][PASSED] - Object: 'Object Repository/09-Settings/Organization unit/input_Parent Organization Unit Name_orgName' is clicked on

2023-05-16 13:22:50 - [TEST_STEP][PASSED] - click(findTestObject("09-Settings/Organization unit/mat-dialog-container_Add organization unit modal")): Object: 'Object Repository/09-Settings/Organization unit/mat-dialog-container_Add organization unit modal' is clicked on

2023-05-16 13:22:51 - [MESSAGE][PASSED] - Object: 'Object Repository/09-Settings/Organization unit/mat-dialog-container_Add organization unit modal' is clicked on

2023-05-16 13:22:51 - [TEST_STEP][PASSED] - verifyElementPresent(findTestObject("09-Settings/Organization unit/mat-error_Field is required"), 0): Object 'Object Repository/09-Settings/Organization unit/mat-error_Field is required' is present

2023-05-16 13:22:51 - [MESSAGE][WARNING] - Timeout '0' is invalid. Using default page load timeout: '30'

2023-05-16 13:22:51 - [MESSAGE][PASSED] - Object 'Object Repository/09-Settings/Organization unit/mat-error_Field is required' is present

2023-05-16 13:22:51 - [TEST_STEP][PASSED] - delay(delay_3seconds): Delayed 3 second(s)

2023-05-16 13:22:54 - [MESSAGE][PASSED] - Delayed 3 second(s)

2023-05-16 13:22:54 - [TEST_STEP][PASSED] - click(findTestObject("09-Settings/Users/Active User/button_Cancel_restore")): Object: 'Object Repository/09-Settings/Users/Active User/button_Cancel_restore' is clicked on

2023-05-16 13:22:55 - [MESSAGE][PASSED] - Object: 'Object Repository/09-Settings/Users/Active User/button_Cancel_restore' is clicked on

2023-05-16 13:22:55 - [TEST_STEP][PASSED] - delay(delay_3seconds): Delayed 3 second(s)

2023-05-16 13:22:58 - [MESSAGE][PASSED] - Delayed 3 second(s)

2023-05-16 13:22:58 - [TEST_STEP][PASSED] - click(findTestObject("09-Settings/Organization unit/button_add")): Object: 'Object Repository/09-Settings/Organization unit/button_add' is clicked on

2023-05-16 13:22:58 - [MESSAGE][PASSED] - Object: 'Object Repository/09-Settings/Organization unit/button_add' is clicked on

2023-05-16 13:22:58 - [TEST_STEP][PASSED] - verifyElementPresent(findTestObject("09-Settings/Organization unit/mat-dialog-container_Add organization unit modal"), 0): Object 'Object Repository/09-Settings/Organization unit/mat-dialog-container_Add organization unit modal' is present

2023-05-16 13:22:58 - [MESSAGE][WARNING] - Timeout '0' is invalid. Using default page load timeout: '30'

2023-05-16 13:22:59 - [MESSAGE][PASSED] - Object 'Object Repository/09-Settings/Organization unit/mat-dialog-container_Add organization unit modal' is present

2023-05-16 13:22:59 - [TEST_STEP][PASSED] - click(findTestObject("09-Settings/Organization unit/mat-icon_create")): Object: 'Object Repository/09-Settings/Organization unit/mat-icon_create' is clicked on

2023-05-16 13:22:59 - [MESSAGE][PASSED] - Object: 'Object Repository/09-Settings/Organization unit/mat-icon_create' is clicked on

2023-05-16 13:22:59 - [TEST_STEP][PASSED] - verifyElementPresent(findTestObject("09-Settings/Organization unit/mat-dialog-container_Select an organization unit modal"), 0): Object 'Object Repository/09-Settings/Organization unit/mat-dialog-container_Select an organization unit modal' is present

2023-05-16 13:22:59 - [MESSAGE][WARNING] - Timeout '0' is invalid. Using default page load timeout: '30'

2023-05-16 13:23:00 - [MESSAGE][PASSED] - Object 'Object Repository/09-Settings/Organization unit/mat-dialog-container_Select an organization unit modal' is present

2023-05-16 13:23:00 - [TEST_STEP][PASSED] - verifyElementPresent(findTestObject("09-Settings/Organization unit/h4_Select an organization unit"), 0): Object 'Object Repository/09-Settings/Organization unit/h4_Select an organization unit' is present

2023-05-16 13:23:00 - [MESSAGE][WARNING] - Timeout '0' is invalid. Using default page load timeout: '30'

2023-05-16 13:23:00 - [MESSAGE][PASSED] - Object 'Object Repository/09-Settings/Organization unit/h4_Select an organization unit' is present

2023-05-16 13:23:00 - [TEST_STEP][PASSED] - click(findTestObject("09-Settings/Organization unit/div_GG Automation")): Object: 'Object Repository/09-Settings/Organization unit/div_GG Automation' is clicked on

2023-05-16 13:23:01 - [MESSAGE][PASSED] - Object: 'Object Repository/09-Settings/Organization unit/div_GG Automation' is clicked on

2023-05-16 13:23:01 - [TEST_STEP][PASSED] - delay(delay_3seconds): Delayed 3 second(s)

2023-05-16 13:23:04 - [MESSAGE][PASSED] - Delayed 3 second(s)

2023-05-16 13:23:04 - [TEST_STEP][PASSED] - click(findTestObject("09-Settings/Organization unit/button_Select organization")): Object: 'Object Repository/09-Settings/Organization unit/button_Select organization' is clicked on

2023-05-16 13:23:04 - [MESSAGE][PASSED] - Object: 'Object Repository/09-Settings/Organization unit/button_Select organization' is clicked on

2023-05-16 13:23:04 - [TEST_STEP][PASSED] - setText(findTestObject("09-Settings/Organization unit/input_Parent Organization Unit Name_orgName"), org_unit): Text 'Automation Organization unit' is set on object 'Object Repository/09-Settings/Organization unit/input_Parent Organization Unit Name_orgName'

2023-05-16 13:23:05 - [MESSAGE][PASSED] - Text 'Automation Organization unit' is set on object 'Object Repository/09-Settings/Organization unit/input_Parent Organization Unit Name_orgName'

2023-05-16 13:23:05 - [TEST_STEP][PASSED] - delay(delay_3seconds): Delayed 3 second(s)

2023-05-16 13:23:08 - [MESSAGE][PASSED] - Delayed 3 second(s)

2023-05-16 13:23:08 - [TEST_STEP][PASSED] - click(findTestObject("09-Settings/Users/Active User/button_Save")): Object: 'Object Repository/09-Settings/Users/Active User/button_Save' is clicked on

2023-05-16 13:23:09 - [MESSAGE][PASSED] - Object: 'Object Repository/09-Settings/Users/Active User/button_Save' is clicked on

2023-05-16 13:23:09 - [TEST_STEP][PASSED] - verifyElementPresent(findTestObject("09-Settings/Organization unit/span_Successfully added organization unit"), 0): Object 'Object Repository/09-Settings/Organization unit/span_Successfully added organization unit' is present

2023-05-16 13:23:09 - [MESSAGE][WARNING] - Timeout '0' is invalid. Using default page load timeout: '30'

2023-05-16 13:23:10 - [MESSAGE][PASSED] - Object 'Object Repository/09-Settings/Organization unit/span_Successfully added organization unit' is present

2023-05-16 13:23:10 - [TEST_STEP][PASSED] - delay(delay_3seconds): Delayed 3 second(s)

2023-05-16 13:23:13 - [MESSAGE][PASSED] - Delayed 3 second(s)]]></system-out>
         <system-err><![CDATA[]]></system-err>
      </testcase>
      <testcase name="Test Cases/09-Settings/20 - Organization unit - Join Request Link" time="43.634" classname="Test Cases/09-Settings/20 - Organization unit - Join Request Link" status="PASSED">
         <system-out><![CDATA[2023-05-16 13:23:14 - [TEST_CASE][PASSED] - Test Cases/09-Settings/20 - Organization unit - Join Request Link: Test Cases/09-Settings/20 - Organization unit - Join Request Link

2023-05-16 13:23:14 - [TEST_STEP][PASSED] - delay(delay_3seconds): Delayed 3 second(s)

2023-05-16 13:23:17 - [MESSAGE][PASSED] - Delayed 3 second(s)

2023-05-16 13:23:17 - [TEST_STEP][PASSED] - mouseOver(findTestObject("09-Settings/Organization unit/div_GG TESTER")): Object: 'Object Repository/09-Settings/Organization unit/div_GG TESTER' is hovered

2023-05-16 13:23:18 - [MESSAGE][PASSED] - Object: 'Object Repository/09-Settings/Organization unit/div_GG TESTER' is hovered

2023-05-16 13:23:18 - [TEST_STEP][PASSED] - delay(delay_3seconds): Delayed 3 second(s)

2023-05-16 13:23:21 - [MESSAGE][PASSED] - Delayed 3 second(s)

2023-05-16 13:23:21 - [TEST_STEP][PASSED] - click(findTestObject("09-Settings/Organization unit/div_GG TESTER")): Object: 'Object Repository/09-Settings/Organization unit/div_GG TESTER' is clicked on

2023-05-16 13:23:22 - [MESSAGE][PASSED] - Object: 'Object Repository/09-Settings/Organization unit/div_GG TESTER' is clicked on

2023-05-16 13:23:22 - [TEST_STEP][PASSED] - delay(delay_3seconds): Delayed 3 second(s)

2023-05-16 13:23:25 - [MESSAGE][PASSED] - Delayed 3 second(s)

2023-05-16 13:23:25 - [TEST_STEP][PASSED] - click(findTestObject("09-Settings/Organization unit/button_link")): Object: 'Object Repository/09-Settings/Organization unit/button_link' is clicked on

2023-05-16 13:23:25 - [MESSAGE][PASSED] - Object: 'Object Repository/09-Settings/Organization unit/button_link' is clicked on

2023-05-16 13:23:25 - [TEST_STEP][PASSED] - verifyElementPresent(findTestObject("09-Settings/Organization unit/mat-dialog-container_Join Request modal"), 0): Object 'Object Repository/09-Settings/Organization unit/mat-dialog-container_Join Request modal' is present

2023-05-16 13:23:25 - [MESSAGE][WARNING] - Timeout '0' is invalid. Using default page load timeout: '30'

2023-05-16 13:23:27 - [MESSAGE][PASSED] - Object 'Object Repository/09-Settings/Organization unit/mat-dialog-container_Join Request modal' is present

2023-05-16 13:23:27 - [TEST_STEP][PASSED] - verifyElementPresent(findTestObject("09-Settings/Organization unit/h2_Join Request"), 0): Object 'Object Repository/09-Settings/Organization unit/h2_Join Request' is present

2023-05-16 13:23:27 - [MESSAGE][WARNING] - Timeout '0' is invalid. Using default page load timeout: '30'

2023-05-16 13:23:27 - [MESSAGE][PASSED] - Object 'Object Repository/09-Settings/Organization unit/h2_Join Request' is present

2023-05-16 13:23:27 - [TEST_STEP][PASSED] - verifyElementPresent(findTestObject("09-Settings/Organization unit/div_Client link"), 0): Object 'Object Repository/09-Settings/Organization unit/div_Client link' is present

2023-05-16 13:23:27 - [MESSAGE][WARNING] - Timeout '0' is invalid. Using default page load timeout: '30'

2023-05-16 13:23:27 - [MESSAGE][PASSED] - Object 'Object Repository/09-Settings/Organization unit/div_Client link' is present

2023-05-16 13:23:27 - [TEST_STEP][PASSED] - verifyElementPresent(findTestObject("09-Settings/Organization unit/div_Partner link"), 0): Object 'Object Repository/09-Settings/Organization unit/div_Partner link' is present

2023-05-16 13:23:28 - [MESSAGE][WARNING] - Timeout '0' is invalid. Using default page load timeout: '30'

2023-05-16 13:23:28 - [MESSAGE][PASSED] - Object 'Object Repository/09-Settings/Organization unit/div_Partner link' is present

2023-05-16 13:23:28 - [TEST_STEP][PASSED] - delay(delay_3seconds): Delayed 3 second(s)

2023-05-16 13:23:31 - [MESSAGE][PASSED] - Delayed 3 second(s)

2023-05-16 13:23:31 - [TEST_STEP][PASSED] - click(findTestObject("09-Settings/Organization unit/button_COPY")): Object: 'Object Repository/09-Settings/Organization unit/button_COPY' is clicked on

2023-05-16 13:23:31 - [MESSAGE][PASSED] - Object: 'Object Repository/09-Settings/Organization unit/button_COPY' is clicked on

2023-05-16 13:23:31 - [TEST_STEP][PASSED] - verifyElementPresent(findTestObject("09-Settings/Organization unit/snack-bar-container_Copy Link"), 0): Object 'Object Repository/09-Settings/Organization unit/snack-bar-container_Copy Link' is present

2023-05-16 13:23:31 - [MESSAGE][WARNING] - Timeout '0' is invalid. Using default page load timeout: '30'

2023-05-16 13:23:32 - [MESSAGE][PASSED] - Object 'Object Repository/09-Settings/Organization unit/snack-bar-container_Copy Link' is present

2023-05-16 13:23:32 - [TEST_STEP][PASSED] - click(findTestObject("09-Settings/Organization unit/button_Ok")): Object: 'Object Repository/09-Settings/Organization unit/button_Ok' is clicked on

2023-05-16 13:23:33 - [MESSAGE][PASSED] - Object: 'Object Repository/09-Settings/Organization unit/button_Ok' is clicked on

2023-05-16 13:23:33 - [TEST_STEP][PASSED] - delay(delay_3seconds): Delayed 3 second(s)

2023-05-16 13:23:36 - [MESSAGE][PASSED] - Delayed 3 second(s)

2023-05-16 13:23:36 - [TEST_STEP][PASSED] - my_clipboard = getContents(null).getTransferData(stringFlavor): null

2023-05-16 13:23:37 - [TEST_STEP][PASSED] - navigateToUrl(my_clipboard): Navigate to 'https://xukp7.app.goo.gl/VKbi' successfully

2023-05-16 13:23:45 - [MESSAGE][PASSED] - Navigate to 'https://xukp7.app.goo.gl/VKbi' successfully

2023-05-16 13:23:45 - [TEST_STEP][PASSED] - delay(delay_3seconds): Delayed 3 second(s)

2023-05-16 13:23:48 - [MESSAGE][PASSED] - Delayed 3 second(s)

2023-05-16 13:23:48 - [TEST_STEP][PASSED] - verifyElementPresent(findTestObject("09-Settings/Organization unit/mat_card_join request link"), 0): Object 'Object Repository/09-Settings/Organization unit/mat_card_join request link' is present

2023-05-16 13:23:48 - [MESSAGE][WARNING] - Timeout '0' is invalid. Using default page load timeout: '30'

2023-05-16 13:23:49 - [MESSAGE][PASSED] - Object 'Object Repository/09-Settings/Organization unit/mat_card_join request link' is present

2023-05-16 13:23:49 - [TEST_STEP][PASSED] - delay(delay_3seconds): Delayed 3 second(s)

2023-05-16 13:23:52 - [MESSAGE][PASSED] - Delayed 3 second(s)

2023-05-16 13:23:52 - [TEST_STEP][PASSED] - navigateToUrl(appURL): Navigate to 'https://lab.everleagues.com/' successfully

2023-05-16 13:23:54 - [MESSAGE][PASSED] - Navigate to 'https://lab.everleagues.com/' successfully

2023-05-16 13:23:54 - [TEST_STEP][PASSED] - delay(delay_3seconds): Delayed 3 second(s)

2023-05-16 13:23:57 - [MESSAGE][PASSED] - Delayed 3 second(s)]]></system-out>
         <system-err><![CDATA[]]></system-err>
      </testcase>
      <testcase name="Test Cases/09-Settings/21 - Organization unit - Edit Oganization unit" time="64.834" classname="Test Cases/09-Settings/21 - Organization unit - Edit Oganization unit" status="PASSED">
         <system-out><![CDATA[2023-05-16 13:23:57 - [TEST_CASE][PASSED] - Test Cases/09-Settings/21 - Organization unit - Edit Oganization unit: Test Cases/09-Settings/21 - Organization unit - Edit Oganization unit

2023-05-16 13:23:58 - [TEST_STEP][PASSED] - click(findTestObject("06-Teams/button_doublearrow")): Object: 'Object Repository/06-Teams/button_doublearrow' is clicked on

2023-05-16 13:24:00 - [MESSAGE][PASSED] - Object: 'Object Repository/06-Teams/button_doublearrow' is clicked on

2023-05-16 13:24:00 - [TEST_STEP][PASSED] - click(findTestObject("06-Teams/button_My Organizations")): Object: 'Object Repository/06-Teams/button_My Organizations' is clicked on

2023-05-16 13:24:01 - [MESSAGE][PASSED] - Object: 'Object Repository/06-Teams/button_My Organizations' is clicked on

2023-05-16 13:24:01 - [TEST_STEP][PASSED] - click(findTestObject("06-Teams/button_GG Automation")): Object: 'Object Repository/06-Teams/button_GG Automation' is clicked on

2023-05-16 13:24:02 - [MESSAGE][PASSED] - Object: 'Object Repository/06-Teams/button_GG Automation' is clicked on

2023-05-16 13:24:02 - [TEST_STEP][PASSED] - delay(delay_3seconds): Delayed 3 second(s)

2023-05-16 13:24:05 - [MESSAGE][PASSED] - Delayed 3 second(s)

2023-05-16 13:24:05 - [TEST_STEP][PASSED] - verifyElementVisible(findTestObject("06-Teams/span_GG Automation")): Object 'Object Repository/06-Teams/span_GG Automation' is visible

2023-05-16 13:24:06 - [MESSAGE][PASSED] - Object 'Object Repository/06-Teams/span_GG Automation' is visible

2023-05-16 13:24:06 - [TEST_STEP][PASSED] - delay(delay_4seconds): Delayed 4 second(s)

2023-05-16 13:24:10 - [MESSAGE][PASSED] - Delayed 4 second(s)

2023-05-16 13:24:10 - [TEST_STEP][PASSED] - click(findTestObject("03-Header Menu/Hamburger Button/div_Settings")): Object: 'Object Repository/03-Header Menu/Hamburger Button/div_Settings' is clicked on

2023-05-16 13:24:10 - [MESSAGE][PASSED] - Object: 'Object Repository/03-Header Menu/Hamburger Button/div_Settings' is clicked on

2023-05-16 13:24:10 - [TEST_STEP][PASSED] - delay(delay_3seconds): Delayed 3 second(s)

2023-05-16 13:24:13 - [MESSAGE][PASSED] - Delayed 3 second(s)

2023-05-16 13:24:13 - [TEST_STEP][PASSED] - scrollToElement(findTestObject("09-Settings/Users/div_Organization Units"), 0): Scroll to object 'Object Repository/09-Settings/Users/div_Organization Units' successfully

2023-05-16 13:24:13 - [MESSAGE][WARNING] - Timeout '0' is invalid. Using default page load timeout: '30'

2023-05-16 13:24:14 - [MESSAGE][PASSED] - Scroll to object 'Object Repository/09-Settings/Users/div_Organization Units' successfully

2023-05-16 13:24:14 - [TEST_STEP][PASSED] - click(findTestObject("09-Settings/Users/div_Organization Units")): Object: 'Object Repository/09-Settings/Users/div_Organization Units' is clicked on

2023-05-16 13:24:14 - [MESSAGE][PASSED] - Object: 'Object Repository/09-Settings/Users/div_Organization Units' is clicked on

2023-05-16 13:24:14 - [TEST_STEP][PASSED] - verifyElementVisible(findTestObject("09-Settings/Organization unit/h4_ORGANIZATION STRUCTURE SETUP")): Object 'Object Repository/09-Settings/Organization unit/h4_ORGANIZATION STRUCTURE SETUP' is visible

2023-05-16 13:24:15 - [MESSAGE][PASSED] - Object 'Object Repository/09-Settings/Organization unit/h4_ORGANIZATION STRUCTURE SETUP' is visible

2023-05-16 13:24:15 - [TEST_STEP][PASSED] - delay(delay_3seconds): Delayed 3 second(s)

2023-05-16 13:24:18 - [MESSAGE][PASSED] - Delayed 3 second(s)

2023-05-16 13:24:18 - [TEST_STEP][PASSED] - mouseOver(findTestObject("09-Settings/Organization unit/div_GG TESTER")): Object: 'Object Repository/09-Settings/Organization unit/div_GG TESTER' is hovered

2023-05-16 13:24:19 - [MESSAGE][PASSED] - Object: 'Object Repository/09-Settings/Organization unit/div_GG TESTER' is hovered

2023-05-16 13:24:19 - [TEST_STEP][PASSED] - delay(delay_3seconds): Delayed 3 second(s)

2023-05-16 13:24:22 - [MESSAGE][PASSED] - Delayed 3 second(s)

2023-05-16 13:24:22 - [TEST_STEP][PASSED] - click(findTestObject("09-Settings/Organization unit/div_GG TESTER")): Object: 'Object Repository/09-Settings/Organization unit/div_GG TESTER' is clicked on

2023-05-16 13:24:22 - [MESSAGE][PASSED] - Object: 'Object Repository/09-Settings/Organization unit/div_GG TESTER' is clicked on

2023-05-16 13:24:22 - [TEST_STEP][PASSED] - delay(delay_3seconds): Delayed 3 second(s)

2023-05-16 13:24:25 - [MESSAGE][PASSED] - Delayed 3 second(s)

2023-05-16 13:24:25 - [TEST_STEP][PASSED] - click(findTestObject("09-Settings/Users/Active User/button_ellipses")): Object: 'Object Repository/09-Settings/Users/Active User/button_ellipses' is clicked on

2023-05-16 13:24:26 - [MESSAGE][PASSED] - Object: 'Object Repository/09-Settings/Users/Active User/button_ellipses' is clicked on

2023-05-16 13:24:26 - [TEST_STEP][PASSED] - delay(delay_3seconds): Delayed 3 second(s)

2023-05-16 13:24:29 - [MESSAGE][PASSED] - Delayed 3 second(s)

2023-05-16 13:24:29 - [TEST_STEP][PASSED] - click(findTestObject("09-Settings/Organization unit/button_Edit Organization Unit")): Object: 'Object Repository/09-Settings/Organization unit/button_Edit Organization Unit' is clicked on

2023-05-16 13:24:29 - [MESSAGE][PASSED] - Object: 'Object Repository/09-Settings/Organization unit/button_Edit Organization Unit' is clicked on

2023-05-16 13:24:29 - [TEST_STEP][PASSED] - verifyElementVisible(findTestObject("09-Settings/Organization unit/mat-dialog-container_Edit Organization Unit modal"), STOP_ON_FAILURE): Object 'Object Repository/09-Settings/Organization unit/mat-dialog-container_Edit Organization Unit modal' is visible

2023-05-16 13:24:30 - [MESSAGE][PASSED] - Object 'Object Repository/09-Settings/Organization unit/mat-dialog-container_Edit Organization Unit modal' is visible

2023-05-16 13:24:30 - [TEST_STEP][PASSED] - verifyElementVisible(findTestObject("09-Settings/Organization unit/h4_Edit Organization Unit"), STOP_ON_FAILURE): Object 'Object Repository/09-Settings/Organization unit/h4_Edit Organization Unit' is visible

2023-05-16 13:24:30 - [MESSAGE][PASSED] - Object 'Object Repository/09-Settings/Organization unit/h4_Edit Organization Unit' is visible

2023-05-16 13:24:30 - [TEST_STEP][PASSED] - verifyElementVisible(findTestObject("09-Settings/Organization unit/input_Edit Organization Unit_orgName"), STOP_ON_FAILURE): Object 'Object Repository/09-Settings/Organization unit/input_Edit Organization Unit_orgName' is visible

2023-05-16 13:24:31 - [MESSAGE][PASSED] - Object 'Object Repository/09-Settings/Organization unit/input_Edit Organization Unit_orgName' is visible

2023-05-16 13:24:31 - [TEST_STEP][PASSED] - click(findTestObject("09-Settings/Users/Active User/button_Cancel_restore"), STOP_ON_FAILURE): Object: 'Object Repository/09-Settings/Users/Active User/button_Cancel_restore' is clicked on

2023-05-16 13:24:31 - [MESSAGE][PASSED] - Object: 'Object Repository/09-Settings/Users/Active User/button_Cancel_restore' is clicked on

2023-05-16 13:24:31 - [TEST_STEP][PASSED] - delay(delay_3seconds): Delayed 3 second(s)

2023-05-16 13:24:34 - [MESSAGE][PASSED] - Delayed 3 second(s)

2023-05-16 13:24:34 - [TEST_STEP][PASSED] - mouseOver(findTestObject("09-Settings/Organization unit/div_GG TESTER")): Object: 'Object Repository/09-Settings/Organization unit/div_GG TESTER' is hovered

2023-05-16 13:24:35 - [MESSAGE][PASSED] - Object: 'Object Repository/09-Settings/Organization unit/div_GG TESTER' is hovered

2023-05-16 13:24:35 - [TEST_STEP][PASSED] - delay(delay_3seconds): Delayed 3 second(s)

2023-05-16 13:24:38 - [MESSAGE][PASSED] - Delayed 3 second(s)

2023-05-16 13:24:38 - [TEST_STEP][PASSED] - click(findTestObject("09-Settings/Users/Active User/button_ellipses")): Object: 'Object Repository/09-Settings/Users/Active User/button_ellipses' is clicked on

2023-05-16 13:24:38 - [MESSAGE][PASSED] - Object: 'Object Repository/09-Settings/Users/Active User/button_ellipses' is clicked on

2023-05-16 13:24:38 - [TEST_STEP][PASSED] - click(findTestObject("09-Settings/Organization unit/button_Edit Organization Unit")): Object: 'Object Repository/09-Settings/Organization unit/button_Edit Organization Unit' is clicked on

2023-05-16 13:24:39 - [MESSAGE][PASSED] - Object: 'Object Repository/09-Settings/Organization unit/button_Edit Organization Unit' is clicked on

2023-05-16 13:24:39 - [TEST_STEP][PASSED] - verifyElementVisible(findTestObject("09-Settings/Organization unit/mat-dialog-container_Edit Organization Unit modal"), STOP_ON_FAILURE): Object 'Object Repository/09-Settings/Organization unit/mat-dialog-container_Edit Organization Unit modal' is visible

2023-05-16 13:24:40 - [MESSAGE][PASSED] - Object 'Object Repository/09-Settings/Organization unit/mat-dialog-container_Edit Organization Unit modal' is visible

2023-05-16 13:24:40 - [TEST_STEP][PASSED] - setText(findTestObject("09-Settings/Organization unit/input_Edit Organization Unit_orgName"), edit_org_unit): Text 'Automation Organization unit EDIT' is set on object 'Object Repository/09-Settings/Organization unit/input_Edit Organization Unit_orgName'

2023-05-16 13:24:41 - [MESSAGE][PASSED] - Text 'Automation Organization unit EDIT' is set on object 'Object Repository/09-Settings/Organization unit/input_Edit Organization Unit_orgName'

2023-05-16 13:24:41 - [TEST_STEP][PASSED] - delay(delay_3seconds): Delayed 3 second(s)

2023-05-16 13:24:44 - [MESSAGE][PASSED] - Delayed 3 second(s)

2023-05-16 13:24:44 - [TEST_STEP][PASSED] - click(findTestObject("09-Settings/Users/Active User/button_Save")): Object: 'Object Repository/09-Settings/Users/Active User/button_Save' is clicked on

2023-05-16 13:24:45 - [MESSAGE][PASSED] - Object: 'Object Repository/09-Settings/Users/Active User/button_Save' is clicked on

2023-05-16 13:24:45 - [TEST_STEP][PASSED] - verifyElementVisible(findTestObject("09-Settings/Organization unit/snack-bar-container_Successfully updated organization unitOK"), STOP_ON_FAILURE): Object 'Object Repository/09-Settings/Organization unit/snack-bar-container_Successfully updated organization unitOK' is visible

2023-05-16 13:24:46 - [MESSAGE][PASSED] - Object 'Object Repository/09-Settings/Organization unit/snack-bar-container_Successfully updated organization unitOK' is visible

2023-05-16 13:24:46 - [TEST_STEP][PASSED] - delay(delay_3seconds): Delayed 3 second(s)

2023-05-16 13:24:49 - [MESSAGE][PASSED] - Delayed 3 second(s)

2023-05-16 13:24:49 - [TEST_STEP][PASSED] - mouseOver(findTestObject("09-Settings/Organization unit/div_GG TESTER")): Object: 'Object Repository/09-Settings/Organization unit/div_GG TESTER' is hovered

2023-05-16 13:24:50 - [MESSAGE][PASSED] - Object: 'Object Repository/09-Settings/Organization unit/div_GG TESTER' is hovered

2023-05-16 13:24:50 - [TEST_STEP][PASSED] - delay(delay_3seconds): Delayed 3 second(s)

2023-05-16 13:24:53 - [MESSAGE][PASSED] - Delayed 3 second(s)

2023-05-16 13:24:53 - [TEST_STEP][PASSED] - click(findTestObject("09-Settings/Users/Active User/button_ellipses")): Object: 'Object Repository/09-Settings/Users/Active User/button_ellipses' is clicked on

2023-05-16 13:24:53 - [MESSAGE][PASSED] - Object: 'Object Repository/09-Settings/Users/Active User/button_ellipses' is clicked on

2023-05-16 13:24:53 - [TEST_STEP][PASSED] - click(findTestObject("09-Settings/Organization unit/button_Edit Organization Unit")): Object: 'Object Repository/09-Settings/Organization unit/button_Edit Organization Unit' is clicked on

2023-05-16 13:24:54 - [MESSAGE][PASSED] - Object: 'Object Repository/09-Settings/Organization unit/button_Edit Organization Unit' is clicked on

2023-05-16 13:24:54 - [TEST_STEP][PASSED] - setText(findTestObject("09-Settings/Organization unit/input_Edit Organization Unit_orgName"), org_unit): Text 'Automation Organization unit' is set on object 'Object Repository/09-Settings/Organization unit/input_Edit Organization Unit_orgName'

2023-05-16 13:24:56 - [MESSAGE][PASSED] - Text 'Automation Organization unit' is set on object 'Object Repository/09-Settings/Organization unit/input_Edit Organization Unit_orgName'

2023-05-16 13:24:56 - [TEST_STEP][PASSED] - delay(delay_3seconds): Delayed 3 second(s)

2023-05-16 13:24:59 - [MESSAGE][PASSED] - Delayed 3 second(s)

2023-05-16 13:24:59 - [TEST_STEP][PASSED] - click(findTestObject("09-Settings/Users/Active User/button_Save")): Object: 'Object Repository/09-Settings/Users/Active User/button_Save' is clicked on

2023-05-16 13:24:59 - [MESSAGE][PASSED] - Object: 'Object Repository/09-Settings/Users/Active User/button_Save' is clicked on

2023-05-16 13:24:59 - [TEST_STEP][PASSED] - delay(delay_3seconds): Delayed 3 second(s)

2023-05-16 13:25:02 - [MESSAGE][PASSED] - Delayed 3 second(s)]]></system-out>
         <system-err><![CDATA[]]></system-err>
      </testcase>
      <testcase name="Test Cases/09-Settings/22 - Organization unit - Delete Organization unit" time="33.386" classname="Test Cases/09-Settings/22 - Organization unit - Delete Organization unit" status="PASSED">
         <system-out><![CDATA[2023-05-16 13:25:02 - [TEST_CASE][PASSED] - Test Cases/09-Settings/22 - Organization unit - Delete Organization unit: Test Cases/09-Settings/22 - Organization unit - Delete Organization unit

2023-05-16 13:25:03 - [TEST_STEP][PASSED] - delay(delay_3seconds): Delayed 3 second(s)

2023-05-16 13:25:06 - [MESSAGE][PASSED] - Delayed 3 second(s)

2023-05-16 13:25:06 - [TEST_STEP][PASSED] - mouseOver(findTestObject("09-Settings/Organization unit/div_GG TESTER")): Object: 'Object Repository/09-Settings/Organization unit/div_GG TESTER' is hovered

2023-05-16 13:25:07 - [MESSAGE][PASSED] - Object: 'Object Repository/09-Settings/Organization unit/div_GG TESTER' is hovered

2023-05-16 13:25:07 - [TEST_STEP][PASSED] - delay(delay_3seconds): Delayed 3 second(s)

2023-05-16 13:25:10 - [MESSAGE][PASSED] - Delayed 3 second(s)

2023-05-16 13:25:10 - [TEST_STEP][PASSED] - click(findTestObject("09-Settings/Organization unit/div_GG TESTER")): Object: 'Object Repository/09-Settings/Organization unit/div_GG TESTER' is clicked on

2023-05-16 13:25:10 - [MESSAGE][PASSED] - Object: 'Object Repository/09-Settings/Organization unit/div_GG TESTER' is clicked on

2023-05-16 13:25:10 - [TEST_STEP][PASSED] - delay(delay_3seconds): Delayed 3 second(s)

2023-05-16 13:25:13 - [MESSAGE][PASSED] - Delayed 3 second(s)

2023-05-16 13:25:13 - [TEST_STEP][PASSED] - click(findTestObject("09-Settings/Users/Active User/button_ellipses")): Object: 'Object Repository/09-Settings/Users/Active User/button_ellipses' is clicked on

2023-05-16 13:25:14 - [MESSAGE][PASSED] - Object: 'Object Repository/09-Settings/Users/Active User/button_ellipses' is clicked on

2023-05-16 13:25:14 - [TEST_STEP][PASSED] - delay(delay_3seconds): Delayed 3 second(s)

2023-05-16 13:25:17 - [MESSAGE][PASSED] - Delayed 3 second(s)

2023-05-16 13:25:17 - [TEST_STEP][PASSED] - click(findTestObject("09-Settings/Organization unit/button_Delete Organization Unit")): Object: 'Object Repository/09-Settings/Organization unit/button_Delete Organization Unit' is clicked on

2023-05-16 13:25:17 - [MESSAGE][PASSED] - Object: 'Object Repository/09-Settings/Organization unit/button_Delete Organization Unit' is clicked on

2023-05-16 13:25:17 - [TEST_STEP][PASSED] - verifyElementVisible(findTestObject("09-Settings/Organization unit/mat-dialog-container_Delete Organization Unit modal"), STOP_ON_FAILURE): Object 'Object Repository/09-Settings/Organization unit/mat-dialog-container_Delete Organization Unit modal' is visible

2023-05-16 13:25:18 - [MESSAGE][PASSED] - Object 'Object Repository/09-Settings/Organization unit/mat-dialog-container_Delete Organization Unit modal' is visible

2023-05-16 13:25:18 - [TEST_STEP][PASSED] - verifyElementVisible(findTestObject("09-Settings/Organization unit/h4_Delete Organization Unit"), STOP_ON_FAILURE): Object 'Object Repository/09-Settings/Organization unit/h4_Delete Organization Unit' is visible

2023-05-16 13:25:18 - [MESSAGE][PASSED] - Object 'Object Repository/09-Settings/Organization unit/h4_Delete Organization Unit' is visible

2023-05-16 13:25:18 - [TEST_STEP][PASSED] - verifyElementVisible(findTestObject("09-Settings/Organization unit/span_Warning All resources associated with this root organization will be permanently deleted"), STOP_ON_FAILURE): Object 'Object Repository/09-Settings/Organization unit/span_Warning All resources associated with this root organization will be permanently deleted' is visible

2023-05-16 13:25:19 - [MESSAGE][PASSED] - Object 'Object Repository/09-Settings/Organization unit/span_Warning All resources associated with this root organization will be permanently deleted' is visible

2023-05-16 13:25:19 - [TEST_STEP][PASSED] - delay(delay_1second): Delayed 1 second(s)

2023-05-16 13:25:20 - [MESSAGE][PASSED] - Delayed 1 second(s)

2023-05-16 13:25:20 - [TEST_STEP][PASSED] - click(findTestObject("09-Settings/Users/Active User/button_Cancel_restore"), STOP_ON_FAILURE): Object: 'Object Repository/09-Settings/Users/Active User/button_Cancel_restore' is clicked on

2023-05-16 13:25:20 - [MESSAGE][PASSED] - Object: 'Object Repository/09-Settings/Users/Active User/button_Cancel_restore' is clicked on

2023-05-16 13:25:20 - [TEST_STEP][PASSED] - delay(delay_2seconds): Delayed 2 second(s)

2023-05-16 13:25:22 - [MESSAGE][PASSED] - Delayed 2 second(s)

2023-05-16 13:25:22 - [TEST_STEP][PASSED] - mouseOver(findTestObject("09-Settings/Organization unit/div_GG TESTER")): Object: 'Object Repository/09-Settings/Organization unit/div_GG TESTER' is hovered

2023-05-16 13:25:23 - [MESSAGE][PASSED] - Object: 'Object Repository/09-Settings/Organization unit/div_GG TESTER' is hovered

2023-05-16 13:25:23 - [TEST_STEP][PASSED] - click(findTestObject("09-Settings/Users/Active User/button_ellipses")): Object: 'Object Repository/09-Settings/Users/Active User/button_ellipses' is clicked on

2023-05-16 13:25:23 - [MESSAGE][PASSED] - Object: 'Object Repository/09-Settings/Users/Active User/button_ellipses' is clicked on

2023-05-16 13:25:23 - [TEST_STEP][PASSED] - delay(delay_2seconds): Delayed 2 second(s)

2023-05-16 13:25:25 - [MESSAGE][PASSED] - Delayed 2 second(s)

2023-05-16 13:25:25 - [TEST_STEP][PASSED] - click(findTestObject("09-Settings/Organization unit/button_Delete Organization Unit")): Object: 'Object Repository/09-Settings/Organization unit/button_Delete Organization Unit' is clicked on

2023-05-16 13:25:26 - [MESSAGE][PASSED] - Object: 'Object Repository/09-Settings/Organization unit/button_Delete Organization Unit' is clicked on

2023-05-16 13:25:26 - [TEST_STEP][PASSED] - delay(delay_3seconds): Delayed 3 second(s)

2023-05-16 13:25:29 - [MESSAGE][PASSED] - Delayed 3 second(s)

2023-05-16 13:25:29 - [TEST_STEP][PASSED] - click(findTestObject("09-Settings/Users/Active User/button_Delete")): Object: 'Object Repository/09-Settings/Users/Active User/button_Delete' is clicked on

2023-05-16 13:25:29 - [MESSAGE][PASSED] - Object: 'Object Repository/09-Settings/Users/Active User/button_Delete' is clicked on

2023-05-16 13:25:29 - [TEST_STEP][PASSED] - verifyElementVisible(findTestObject("09-Settings/Organization unit/snack-bar-container_Successfully deleted organization unitOK"), STOP_ON_FAILURE): Object 'Object Repository/09-Settings/Organization unit/snack-bar-container_Successfully deleted organization unitOK' is visible

2023-05-16 13:25:30 - [MESSAGE][PASSED] - Object 'Object Repository/09-Settings/Organization unit/snack-bar-container_Successfully deleted organization unitOK' is visible

2023-05-16 13:25:30 - [TEST_STEP][PASSED] - delay(delay_3seconds): Delayed 3 second(s)

2023-05-16 13:25:34 - [MESSAGE][PASSED] - Delayed 3 second(s)

2023-05-16 13:25:34 - [TEST_STEP][PASSED] - closeBrowser(): Browser is closed

2023-05-16 13:25:36 - [MESSAGE][PASSED] - Browser is closed]]></system-out>
         <system-err><![CDATA[]]></system-err>
      </testcase>
      <system-out><![CDATA[2023-05-16 13:21:07 - [TEST_SUITE][PASSED] - 09.4 - Settings (Organization unit): Test Cases/09-Settings/22 - Organization unit - Delete Organization unit]]></system-out>
      <system-err><![CDATA[]]></system-err>
   </testsuite>
</testsuites>
