<?xml version="1.0" encoding="UTF-8"?>
<testsuites name="09.2 - Setttings (Active user)" time="367.749" tests="10" failures="0" errors="0">
   <testsuite name="09.2 - Setttings (Active user)" tests="10" failures="0" errors="0" time="367.749" skipped="0" timestamp="2022-12-07 17:47:27" hostname="User - DESKTOP-QCRNR4M" id="Test Suites/TS-Organization/09.2 - Setttings (Active user)">
      <properties>
         <property name="deviceName" value=""/>
         <property name="devicePlatform" value=""/>
         <property name="logFolder" value="C:\\Users\\User\\Katalon Studio\\EverleaguesMain\\Reports\\20221207_174724\\TS-Organization\\09.2 - Setttings (Active user)\\20221207_174724"/>
         <property name="logFiles" value="C:\\Users\\User\\Katalon Studio\\EverleaguesMain\\Reports\\20221207_174724\\TS-Organization\\09.2 - Setttings (Active user)\\20221207_174724\\execution0.log"/>
         <property name="attachments" value=""/>
         <property name="hostName" value="User - DESKTOP-QCRNR4M"/>
         <property name="os" value="Windows 10 64bit"/>
         <property name="katalonVersion" value="8.4.1.208"/>
         <property name="browser" value="Chrome 108.0.0.0"/>
         <property name="hostAddress" value="192.168.5.124"/>
         <property name="sessionId" value="d94441213199ac729cd4a178f9017c6b"/>
         <property name="seleniumVersion" value="3.141.59"/>
         <property name="proxyInformation" value="ProxyInformation { proxyOption=NO_PROXY, proxyServerType=HTTP, username=, password=********, proxyServerAddress=, proxyServerPort=0, executionList=&quot;&quot;, isApplyToDesiredCapabilities=true }"/>
         <property name="platform" value="Windows 10"/>
      </properties>
      <testcase name="Test Cases/09-Settings/06 - Users (Active User - Search user)" time="87.826" classname="Test Cases/09-Settings/06 - Users (Active User - Search user)" status="PASSED">
         <system-out><![CDATA[2022-12-07 17:47:27 - [TEST_CASE][PASSED] - Test Cases/09-Settings/06 - Users (Active User - Search user): Test Cases/09-Settings/06 - Users (Active User - Search user)

2022-12-07 17:47:27 - [TEST_STEP][PASSED] - openBrowser(""): Browser is opened with url: ''

2022-12-07 17:47:28 - [MESSAGE][INFO] - Starting 'Chrome' driver

2022-12-07 17:47:28 - [MESSAGE][INFO] - Action delay is set to 0 milliseconds

2022-12-07 17:47:29 - [MESSAGE][PASSED] - Browser is opened with url: ''

2022-12-07 17:47:29 - [TEST_STEP][PASSED] - navigateToUrl("https://lab.everleagues.com/"): Navigate to 'https://lab.everleagues.com/' successfully

2022-12-07 17:47:39 - [MESSAGE][PASSED] - Navigate to 'https://lab.everleagues.com/' successfully

2022-12-07 17:47:39 - [TEST_STEP][PASSED] - maximizeWindow(): Current window maximized

2022-12-07 17:47:39 - [MESSAGE][PASSED] - Current window maximized

2022-12-07 17:47:39 - [TEST_STEP][PASSED] - setText(findTestObject("02-Side Icons(Organization)/Add Contact/Email Field"), "testuser02@mailinator.com"): Text 'testuser02@mailinator.com' is set on object 'Object Repository/02-Side Icons(Organization)/Add Contact/Email Field'

2022-12-07 17:47:40 - [MESSAGE][PASSED] - Text 'testuser02@mailinator.com' is set on object 'Object Repository/02-Side Icons(Organization)/Add Contact/Email Field'

2022-12-07 17:47:40 - [TEST_STEP][PASSED] - setEncryptedText(findTestObject("02-Side Icons(Organization)/Add Contact/Password Field"), "8yFRyszE6U6jvsCn51OQbg=="): Text ****** has been set on object 'Object Repository/02-Side Icons(Organization)/Add Contact/Password Field'

2022-12-07 17:47:40 - [MESSAGE][PASSED] - Text ****** has been set on object 'Object Repository/02-Side Icons(Organization)/Add Contact/Password Field'

2022-12-07 17:47:40 - [TEST_STEP][PASSED] - click(findTestObject("02-Side Icons(Organization)/Add Contact/button_Sign in")): Object: 'Object Repository/02-Side Icons(Organization)/Add Contact/button_Sign in' is clicked on

2022-12-07 17:47:41 - [MESSAGE][PASSED] - Object: 'Object Repository/02-Side Icons(Organization)/Add Contact/button_Sign in' is clicked on

2022-12-07 17:47:41 - [TEST_STEP][PASSED] - delay(2): Delayed 2 second(s)

2022-12-07 17:47:43 - [MESSAGE][PASSED] - Delayed 2 second(s)

2022-12-07 17:47:43 - [TEST_STEP][PASSED] - click(findTestObject("06-Teams/For 2FA/button_Confirm_2FA")): Object: 'Object Repository/06-Teams/For 2FA/button_Confirm_2FA' is clicked on

2022-12-07 17:47:43 - [MESSAGE][PASSED] - Object: 'Object Repository/06-Teams/For 2FA/button_Confirm_2FA' is clicked on

2022-12-07 17:47:43 - [TEST_STEP][PASSED] - executeJavaScript("window.open();", []): Execute JavaScript 'window.open();' successfully

2022-12-07 17:47:43 - [MESSAGE][PASSED] - Execute JavaScript 'window.open();' successfully

2022-12-07 17:47:43 - [TEST_STEP][PASSED] - currentWindow = getWindowIndex(): Current window's index is: 0

2022-12-07 17:47:43 - [MESSAGE][PASSED] - Current window's index is: 0

2022-12-07 17:47:43 - [TEST_STEP][PASSED] - delay(3): Delayed 3 second(s)

2022-12-07 17:47:46 - [MESSAGE][PASSED] - Delayed 3 second(s)

2022-12-07 17:47:46 - [TEST_STEP][PASSED] - switchToWindowIndex(currentWindow + 1): Switched to window with index: '1'

2022-12-07 17:47:46 - [MESSAGE][PASSED] - Switched to window with index: '1'

2022-12-07 17:47:46 - [TEST_STEP][PASSED] - navigateToUrl("https://www.mailinator.com/"): Navigate to 'https://www.mailinator.com/' successfully

2022-12-07 17:47:48 - [MESSAGE][PASSED] - Navigate to 'https://www.mailinator.com/' successfully

2022-12-07 17:47:48 - [TEST_STEP][PASSED] - delay(3): Delayed 3 second(s)

2022-12-07 17:47:51 - [MESSAGE][PASSED] - Delayed 3 second(s)

2022-12-07 17:47:51 - [TEST_STEP][PASSED] - setText(findTestObject("00-Signup and Activation/zMailinator/input_LOGIN_search"), "testuser02@mailinator.com"): Text 'testuser02@mailinator.com' is set on object 'Object Repository/00-Signup and Activation/zMailinator/input_LOGIN_search'

2022-12-07 17:47:52 - [MESSAGE][PASSED] - Text 'testuser02@mailinator.com' is set on object 'Object Repository/00-Signup and Activation/zMailinator/input_LOGIN_search'

2022-12-07 17:47:52 - [TEST_STEP][PASSED] - click(findTestObject("00-Signup and Activation/zMailinator/gobutton"), STOP_ON_FAILURE): Object: 'Object Repository/00-Signup and Activation/zMailinator/gobutton' is clicked on

2022-12-07 17:47:54 - [MESSAGE][PASSED] - Object: 'Object Repository/00-Signup and Activation/zMailinator/gobutton' is clicked on

2022-12-07 17:47:54 - [TEST_STEP][PASSED] - delay(3): Delayed 3 second(s)

2022-12-07 17:47:57 - [MESSAGE][PASSED] - Delayed 3 second(s)

2022-12-07 17:47:57 - [TEST_STEP][PASSED] - click(findTestObject("00-Signup and Activation/zMailinator/Email - everleagues")): Object: 'Object Repository/00-Signup and Activation/zMailinator/Email - everleagues' is clicked on

2022-12-07 17:47:57 - [MESSAGE][PASSED] - Object: 'Object Repository/00-Signup and Activation/zMailinator/Email - everleagues' is clicked on

2022-12-07 17:47:57 - [TEST_STEP][PASSED] - delay(3): Delayed 3 second(s)

2022-12-07 17:48:00 - [MESSAGE][PASSED] - Delayed 3 second(s)

2022-12-07 17:48:00 - [TEST_STEP][PASSED] - code = getText(findTestObject("Object Repository/06-Teams/For 2FA/2FA code")): Text of object 'Object Repository/06-Teams/For 2FA/2FA code' is: '771132'

2022-12-07 17:48:01 - [MESSAGE][PASSED] - Text of object 'Object Repository/06-Teams/For 2FA/2FA code' is: '771132'

2022-12-07 17:48:01 - [TEST_STEP][PASSED] - delay(3): Delayed 3 second(s)

2022-12-07 17:48:04 - [MESSAGE][PASSED] - Delayed 3 second(s)

2022-12-07 17:48:04 - [TEST_STEP][PASSED] - closeWindowTitle("Mailinator"): Window with title: 'Mailinator' is closed

2022-12-07 17:48:04 - [MESSAGE][PASSED] - Window with title: 'Mailinator' is closed

2022-12-07 17:48:04 - [TEST_STEP][PASSED] - delay(3): Delayed 3 second(s)

2022-12-07 17:48:07 - [MESSAGE][PASSED] - Delayed 3 second(s)

2022-12-07 17:48:07 - [TEST_STEP][PASSED] - switchToWindowIndex(0): Switched to window with index: '0'

2022-12-07 17:48:07 - [MESSAGE][PASSED] - Switched to window with index: '0'

2022-12-07 17:48:07 - [TEST_STEP][PASSED] - delay(3): Delayed 3 second(s)

2022-12-07 17:48:10 - [MESSAGE][PASSED] - Delayed 3 second(s)

2022-12-07 17:48:10 - [TEST_STEP][PASSED] - setText(findTestObject("Object Repository/06-Teams/For 2FA/input_Enter verification code_code"), code): Text '771132' is set on object 'Object Repository/06-Teams/For 2FA/input_Enter verification code_code'

2022-12-07 17:48:11 - [MESSAGE][PASSED] - Text '771132' is set on object 'Object Repository/06-Teams/For 2FA/input_Enter verification code_code'

2022-12-07 17:48:11 - [TEST_STEP][PASSED] - delay(3): Delayed 3 second(s)

2022-12-07 17:48:14 - [MESSAGE][PASSED] - Delayed 3 second(s)

2022-12-07 17:48:14 - [TEST_STEP][PASSED] - click(findTestObject("06-Teams/For 2FA/button_Verify_2FA")): Object: 'Object Repository/06-Teams/For 2FA/button_Verify_2FA' is clicked on

2022-12-07 17:48:14 - [MESSAGE][PASSED] - Object: 'Object Repository/06-Teams/For 2FA/button_Verify_2FA' is clicked on

2022-12-07 17:48:14 - [TEST_STEP][PASSED] - delay(5): Delayed 5 second(s)

2022-12-07 17:48:19 - [MESSAGE][PASSED] - Delayed 5 second(s)

2022-12-07 17:48:19 - [TEST_STEP][PASSED] - click(findTestObject("06-Teams/button_doublearrow")): Object: 'Object Repository/06-Teams/button_doublearrow' is clicked on

2022-12-07 17:48:20 - [MESSAGE][PASSED] - Object: 'Object Repository/06-Teams/button_doublearrow' is clicked on

2022-12-07 17:48:20 - [TEST_STEP][PASSED] - click(findTestObject("06-Teams/button_My Organizations")): Object: 'Object Repository/06-Teams/button_My Organizations' is clicked on

2022-12-07 17:48:21 - [MESSAGE][PASSED] - Object: 'Object Repository/06-Teams/button_My Organizations' is clicked on

2022-12-07 17:48:21 - [TEST_STEP][PASSED] - click(findTestObject("06-Teams/button_GG Automation")): Object: 'Object Repository/06-Teams/button_GG Automation' is clicked on

2022-12-07 17:48:21 - [MESSAGE][PASSED] - Object: 'Object Repository/06-Teams/button_GG Automation' is clicked on

2022-12-07 17:48:21 - [TEST_STEP][PASSED] - delay(4): Delayed 4 second(s)

2022-12-07 17:48:26 - [MESSAGE][PASSED] - Delayed 4 second(s)

2022-12-07 17:48:26 - [TEST_STEP][PASSED] - verifyElementVisible(findTestObject("06-Teams/span_GG Automation")): Object 'Object Repository/06-Teams/span_GG Automation' is visible

2022-12-07 17:48:26 - [MESSAGE][PASSED] - Object 'Object Repository/06-Teams/span_GG Automation' is visible

2022-12-07 17:48:26 - [TEST_STEP][PASSED] - delay(5): Delayed 5 second(s)

2022-12-07 17:48:31 - [MESSAGE][PASSED] - Delayed 5 second(s)

2022-12-07 17:48:31 - [TEST_STEP][PASSED] - click(findTestObject("03-Header Menu/Hamburger Button/div_Settings")): Object: 'Object Repository/03-Header Menu/Hamburger Button/div_Settings' is clicked on

2022-12-07 17:48:31 - [MESSAGE][PASSED] - Object: 'Object Repository/03-Header Menu/Hamburger Button/div_Settings' is clicked on

2022-12-07 17:48:31 - [TEST_STEP][PASSED] - verifyElementVisible(findTestObject("09-Settings/Users/div_Organization")): Object 'Object Repository/09-Settings/Users/div_Organization' is visible

2022-12-07 17:48:32 - [MESSAGE][PASSED] - Object 'Object Repository/09-Settings/Users/div_Organization' is visible

2022-12-07 17:48:32 - [TEST_STEP][PASSED] - verifyElementVisible(findTestObject("09-Settings/Users/div_Organization Units")): Object 'Object Repository/09-Settings/Users/div_Organization Units' is visible

2022-12-07 17:48:33 - [MESSAGE][PASSED] - Object 'Object Repository/09-Settings/Users/div_Organization Units' is visible

2022-12-07 17:48:33 - [TEST_STEP][PASSED] - verifyElementVisible(findTestObject("09-Settings/Users/div_Subscriptions")): Object 'Object Repository/09-Settings/Users/div_Subscriptions' is visible

2022-12-07 17:48:33 - [MESSAGE][PASSED] - Object 'Object Repository/09-Settings/Users/div_Subscriptions' is visible

2022-12-07 17:48:33 - [TEST_STEP][PASSED] - verifyElementVisible(findTestObject("09-Settings/Users/div_Users")): Object 'Object Repository/09-Settings/Users/div_Users' is visible

2022-12-07 17:48:33 - [MESSAGE][PASSED] - Object 'Object Repository/09-Settings/Users/div_Users' is visible

2022-12-07 17:48:33 - [TEST_STEP][PASSED] - delay(3): Delayed 3 second(s)

2022-12-07 17:48:36 - [MESSAGE][PASSED] - Delayed 3 second(s)

2022-12-07 17:48:36 - [TEST_STEP][PASSED] - click(findTestObject("09-Settings/Users/div_Users")): Object: 'Object Repository/09-Settings/Users/div_Users' is clicked on

2022-12-07 17:48:37 - [MESSAGE][PASSED] - Object: 'Object Repository/09-Settings/Users/div_Users' is clicked on

2022-12-07 17:48:37 - [TEST_STEP][PASSED] - verifyElementVisible(findTestObject("09-Settings/Users/h4_USERS")): Object 'Object Repository/09-Settings/Users/h4_USERS' is visible

2022-12-07 17:48:38 - [MESSAGE][PASSED] - Object 'Object Repository/09-Settings/Users/h4_USERS' is visible

2022-12-07 17:48:38 - [TEST_STEP][PASSED] - verifyElementVisible(findTestObject("09-Settings/Users/Active User/div_Active Users")): Object 'Object Repository/09-Settings/Users/Active User/div_Active Users' is visible

2022-12-07 17:48:39 - [MESSAGE][PASSED] - Object 'Object Repository/09-Settings/Users/Active User/div_Active Users' is visible

2022-12-07 17:48:39 - [TEST_STEP][PASSED] - click(findTestObject("09-Settings/Users/Active User/div_Active Users")): Object: 'Object Repository/09-Settings/Users/Active User/div_Active Users' is clicked on

2022-12-07 17:48:39 - [MESSAGE][PASSED] - Object: 'Object Repository/09-Settings/Users/Active User/div_Active Users' is clicked on

2022-12-07 17:48:39 - [TEST_STEP][PASSED] - delay(3): Delayed 3 second(s)

2022-12-07 17:48:42 - [MESSAGE][PASSED] - Delayed 3 second(s)

2022-12-07 17:48:42 - [TEST_STEP][PASSED] - click(findTestObject("09-Settings/Users/Active User/button_search")): Object: 'Object Repository/09-Settings/Users/Active User/button_search' is clicked on

2022-12-07 17:48:43 - [MESSAGE][PASSED] - Object: 'Object Repository/09-Settings/Users/Active User/button_search' is clicked on

2022-12-07 17:48:43 - [TEST_STEP][PASSED] - delay(3): Delayed 3 second(s)

2022-12-07 17:48:46 - [MESSAGE][PASSED] - Delayed 3 second(s)

2022-12-07 17:48:46 - [TEST_STEP][PASSED] - click(findTestObject("09-Settings/Users/Active User/button_arrow_back")): Object: 'Object Repository/09-Settings/Users/Active User/button_arrow_back' is clicked on

2022-12-07 17:48:46 - [MESSAGE][PASSED] - Object: 'Object Repository/09-Settings/Users/Active User/button_arrow_back' is clicked on

2022-12-07 17:48:46 - [TEST_STEP][PASSED] - delay(4): Delayed 4 second(s)

2022-12-07 17:48:50 - [MESSAGE][PASSED] - Delayed 4 second(s)

2022-12-07 17:48:50 - [TEST_STEP][PASSED] - click(findTestObject("09-Settings/Users/Active User/button_search")): Object: 'Object Repository/09-Settings/Users/Active User/button_search' is clicked on

2022-12-07 17:48:50 - [MESSAGE][PASSED] - Object: 'Object Repository/09-Settings/Users/Active User/button_search' is clicked on

2022-12-07 17:48:50 - [TEST_STEP][PASSED] - setText(findTestObject("09-Settings/Users/Active User/Search field"), "partner"): Text 'partner' is set on object 'Object Repository/09-Settings/Users/Active User/Search field'

2022-12-07 17:48:51 - [MESSAGE][PASSED] - Text 'partner' is set on object 'Object Repository/09-Settings/Users/Active User/Search field'

2022-12-07 17:48:51 - [TEST_STEP][PASSED] - delay(3): Delayed 3 second(s)

2022-12-07 17:48:54 - [MESSAGE][PASSED] - Delayed 3 second(s)

2022-12-07 17:48:54 - [TEST_STEP][PASSED] - click(findTestObject("09-Settings/Users/Active User/button_Cancel")): Object: 'Object Repository/09-Settings/Users/Active User/button_Cancel' is clicked on

2022-12-07 17:48:55 - [MESSAGE][PASSED] - Object: 'Object Repository/09-Settings/Users/Active User/button_Cancel' is clicked on]]></system-out>
         <system-err><![CDATA[]]></system-err>
      </testcase>
      <testcase name="Test Cases/09-Settings/07 - Users (Active User - Suspend user)" time="22.378" classname="Test Cases/09-Settings/07 - Users (Active User - Suspend user)" status="PASSED">
         <system-out><![CDATA[2022-12-07 17:48:55 - [TEST_CASE][PASSED] - Test Cases/09-Settings/07 - Users (Active User - Suspend user): Test Cases/09-Settings/07 - Users (Active User - Suspend user)

2022-12-07 17:48:55 - [TEST_STEP][PASSED] - delay(3): Delayed 3 second(s)

2022-12-07 17:48:58 - [MESSAGE][PASSED] - Delayed 3 second(s)

2022-12-07 17:48:58 - [TEST_STEP][PASSED] - verifyElementPresent(findTestObject("09-Settings/Users/Active User/div_GTGG tester 2"), 0): Object 'Object Repository/09-Settings/Users/Active User/div_GTGG tester 2' is present

2022-12-07 17:48:58 - [MESSAGE][WARNING] - Timeout '0' is invalid. Using default page load timeout: '30'

2022-12-07 17:48:58 - [MESSAGE][PASSED] - Object 'Object Repository/09-Settings/Users/Active User/div_GTGG tester 2' is present

2022-12-07 17:48:58 - [TEST_STEP][PASSED] - click(findTestObject("09-Settings/Users/Active User/button_suspendUser")): Object: 'Object Repository/09-Settings/Users/Active User/button_suspendUser' is clicked on

2022-12-07 17:48:59 - [MESSAGE][PASSED] - Object: 'Object Repository/09-Settings/Users/Active User/button_suspendUser' is clicked on

2022-12-07 17:48:59 - [TEST_STEP][PASSED] - verifyElementPresent(findTestObject("09-Settings/Users/Active User/h4_Suspend User"), 0): Object 'Object Repository/09-Settings/Users/Active User/h4_Suspend User' is present

2022-12-07 17:48:59 - [MESSAGE][WARNING] - Timeout '0' is invalid. Using default page load timeout: '30'

2022-12-07 17:48:59 - [MESSAGE][PASSED] - Object 'Object Repository/09-Settings/Users/Active User/h4_Suspend User' is present

2022-12-07 17:48:59 - [TEST_STEP][PASSED] - delay(4): Delayed 4 second(s)

2022-12-07 17:49:03 - [MESSAGE][PASSED] - Delayed 4 second(s)

2022-12-07 17:49:03 - [TEST_STEP][PASSED] - click(findTestObject("09-Settings/Users/Active User/button_Cancel_restore")): Object: 'Object Repository/09-Settings/Users/Active User/button_Cancel_restore' is clicked on

2022-12-07 17:49:04 - [MESSAGE][PASSED] - Object: 'Object Repository/09-Settings/Users/Active User/button_Cancel_restore' is clicked on

2022-12-07 17:49:04 - [TEST_STEP][PASSED] - verifyElementPresent(findTestObject("09-Settings/Users/Active User/div_GTGG tester 2"), 0): Object 'Object Repository/09-Settings/Users/Active User/div_GTGG tester 2' is present

2022-12-07 17:49:04 - [MESSAGE][WARNING] - Timeout '0' is invalid. Using default page load timeout: '30'

2022-12-07 17:49:05 - [MESSAGE][PASSED] - Object 'Object Repository/09-Settings/Users/Active User/div_GTGG tester 2' is present

2022-12-07 17:49:05 - [TEST_STEP][PASSED] - click(findTestObject("09-Settings/Users/Active User/button_suspendUser")): Object: 'Object Repository/09-Settings/Users/Active User/button_suspendUser' is clicked on

2022-12-07 17:49:05 - [MESSAGE][PASSED] - Object: 'Object Repository/09-Settings/Users/Active User/button_suspendUser' is clicked on

2022-12-07 17:49:05 - [TEST_STEP][PASSED] - verifyElementPresent(findTestObject("09-Settings/Users/Active User/h4_Suspend User"), 0): Object 'Object Repository/09-Settings/Users/Active User/h4_Suspend User' is present

2022-12-07 17:49:05 - [MESSAGE][WARNING] - Timeout '0' is invalid. Using default page load timeout: '30'

2022-12-07 17:49:06 - [MESSAGE][PASSED] - Object 'Object Repository/09-Settings/Users/Active User/h4_Suspend User' is present

2022-12-07 17:49:06 - [TEST_STEP][PASSED] - delay(4): Delayed 4 second(s)

2022-12-07 17:49:10 - [MESSAGE][PASSED] - Delayed 4 second(s)

2022-12-07 17:49:10 - [TEST_STEP][PASSED] - click(findTestObject("09-Settings/Users/Active User/button_Suspend")): Object: 'Object Repository/09-Settings/Users/Active User/button_Suspend' is clicked on

2022-12-07 17:49:10 - [MESSAGE][PASSED] - Object: 'Object Repository/09-Settings/Users/Active User/button_Suspend' is clicked on

2022-12-07 17:49:10 - [TEST_STEP][PASSED] - verifyElementPresent(findTestObject("09-Settings/Users/Active User/span_Successfully suspended user"), 0): Object 'Object Repository/09-Settings/Users/Active User/span_Successfully suspended user' is present

2022-12-07 17:49:10 - [MESSAGE][WARNING] - Timeout '0' is invalid. Using default page load timeout: '30'

2022-12-07 17:49:12 - [MESSAGE][PASSED] - Object 'Object Repository/09-Settings/Users/Active User/span_Successfully suspended user' is present

2022-12-07 17:49:12 - [TEST_STEP][PASSED] - click(findTestObject("09-Settings/Users/Active User/button_OK")): Object: 'Object Repository/09-Settings/Users/Active User/button_OK' is clicked on

2022-12-07 17:49:12 - [MESSAGE][PASSED] - Object: 'Object Repository/09-Settings/Users/Active User/button_OK' is clicked on

2022-12-07 17:49:12 - [TEST_STEP][PASSED] - delay(5): Delayed 5 second(s)

2022-12-07 17:49:17 - [MESSAGE][PASSED] - Delayed 5 second(s)]]></system-out>
         <system-err><![CDATA[]]></system-err>
      </testcase>
      <testcase name="Test Cases/09-Settings/08 - Users (Active User - Reactivate user)" time="20.163" classname="Test Cases/09-Settings/08 - Users (Active User - Reactivate user)" status="PASSED">
         <system-out><![CDATA[2022-12-07 17:49:17 - [TEST_CASE][PASSED] - Test Cases/09-Settings/08 - Users (Active User - Reactivate user): Test Cases/09-Settings/08 - Users (Active User - Reactivate user)

2022-12-07 17:49:17 - [TEST_STEP][PASSED] - delay(3): Delayed 3 second(s)

2022-12-07 17:49:20 - [MESSAGE][PASSED] - Delayed 3 second(s)

2022-12-07 17:49:20 - [TEST_STEP][PASSED] - verifyElementPresent(findTestObject("09-Settings/Users/Active User/div_GTGG tester 2"), 0): Object 'Object Repository/09-Settings/Users/Active User/div_GTGG tester 2' is present

2022-12-07 17:49:20 - [MESSAGE][WARNING] - Timeout '0' is invalid. Using default page load timeout: '30'

2022-12-07 17:49:21 - [MESSAGE][PASSED] - Object 'Object Repository/09-Settings/Users/Active User/div_GTGG tester 2' is present

2022-12-07 17:49:21 - [TEST_STEP][PASSED] - click(findTestObject("09-Settings/Users/Active User/button_reactivateUser")): Object: 'Object Repository/09-Settings/Users/Active User/button_reactivateUser' is clicked on

2022-12-07 17:49:21 - [MESSAGE][PASSED] - Object: 'Object Repository/09-Settings/Users/Active User/button_reactivateUser' is clicked on

2022-12-07 17:49:21 - [TEST_STEP][PASSED] - verifyElementPresent(findTestObject("09-Settings/Users/Active User/h4_Reactivate User"), 0): Object 'Object Repository/09-Settings/Users/Active User/h4_Reactivate User' is present

2022-12-07 17:49:21 - [MESSAGE][WARNING] - Timeout '0' is invalid. Using default page load timeout: '30'

2022-12-07 17:49:22 - [MESSAGE][PASSED] - Object 'Object Repository/09-Settings/Users/Active User/h4_Reactivate User' is present

2022-12-07 17:49:22 - [TEST_STEP][PASSED] - delay(4): Delayed 4 second(s)

2022-12-07 17:49:26 - [MESSAGE][PASSED] - Delayed 4 second(s)

2022-12-07 17:49:26 - [TEST_STEP][PASSED] - click(findTestObject("09-Settings/Users/Active User/button_Cancel_restore")): Object: 'Object Repository/09-Settings/Users/Active User/button_Cancel_restore' is clicked on

2022-12-07 17:49:26 - [MESSAGE][PASSED] - Object: 'Object Repository/09-Settings/Users/Active User/button_Cancel_restore' is clicked on

2022-12-07 17:49:26 - [TEST_STEP][PASSED] - verifyElementPresent(findTestObject("09-Settings/Users/Active User/div_GTGG tester 2"), 0): Object 'Object Repository/09-Settings/Users/Active User/div_GTGG tester 2' is present

2022-12-07 17:49:26 - [MESSAGE][WARNING] - Timeout '0' is invalid. Using default page load timeout: '30'

2022-12-07 17:49:27 - [MESSAGE][PASSED] - Object 'Object Repository/09-Settings/Users/Active User/div_GTGG tester 2' is present

2022-12-07 17:49:27 - [TEST_STEP][PASSED] - click(findTestObject("09-Settings/Users/Active User/button_reactivateUser")): Object: 'Object Repository/09-Settings/Users/Active User/button_reactivateUser' is clicked on

2022-12-07 17:49:27 - [MESSAGE][PASSED] - Object: 'Object Repository/09-Settings/Users/Active User/button_reactivateUser' is clicked on

2022-12-07 17:49:27 - [TEST_STEP][PASSED] - verifyElementPresent(findTestObject("09-Settings/Users/Active User/h4_Reactivate User"), 0): Object 'Object Repository/09-Settings/Users/Active User/h4_Reactivate User' is present

2022-12-07 17:49:27 - [MESSAGE][WARNING] - Timeout '0' is invalid. Using default page load timeout: '30'

2022-12-07 17:49:28 - [MESSAGE][PASSED] - Object 'Object Repository/09-Settings/Users/Active User/h4_Reactivate User' is present

2022-12-07 17:49:28 - [TEST_STEP][PASSED] - delay(4): Delayed 4 second(s)

2022-12-07 17:49:32 - [MESSAGE][PASSED] - Delayed 4 second(s)

2022-12-07 17:49:32 - [TEST_STEP][PASSED] - click(findTestObject("09-Settings/Users/Active User/button_Reactivate")): Object: 'Object Repository/09-Settings/Users/Active User/button_Reactivate' is clicked on

2022-12-07 17:49:32 - [MESSAGE][PASSED] - Object: 'Object Repository/09-Settings/Users/Active User/button_Reactivate' is clicked on

2022-12-07 17:49:32 - [TEST_STEP][PASSED] - verifyElementPresent(findTestObject("09-Settings/Users/Active User/span_Successfully reactivated user"), 0): Object 'Object Repository/09-Settings/Users/Active User/span_Successfully reactivated user' is present

2022-12-07 17:49:32 - [MESSAGE][WARNING] - Timeout '0' is invalid. Using default page load timeout: '30'

2022-12-07 17:49:34 - [MESSAGE][PASSED] - Object 'Object Repository/09-Settings/Users/Active User/span_Successfully reactivated user' is present

2022-12-07 17:49:34 - [TEST_STEP][PASSED] - click(findTestObject("09-Settings/Users/Active User/button_OK")): Object: 'Object Repository/09-Settings/Users/Active User/button_OK' is clicked on

2022-12-07 17:49:34 - [MESSAGE][PASSED] - Object: 'Object Repository/09-Settings/Users/Active User/button_OK' is clicked on

2022-12-07 17:49:34 - [TEST_STEP][PASSED] - delay(3): Delayed 3 second(s)

2022-12-07 17:49:37 - [MESSAGE][PASSED] - Delayed 3 second(s)]]></system-out>
         <system-err><![CDATA[]]></system-err>
      </testcase>
      <testcase name="Test Cases/09-Settings/09 - Users (Active User - Delete Suspend user)" time="30.713" classname="Test Cases/09-Settings/09 - Users (Active User - Delete Suspend user)" status="PASSED">
         <system-out><![CDATA[2022-12-07 17:49:37 - [TEST_CASE][PASSED] - Test Cases/09-Settings/09 - Users (Active User - Delete Suspend user): Test Cases/09-Settings/09 - Users (Active User - Delete Suspend user)

2022-12-07 17:49:37 - [TEST_STEP][PASSED] - verifyElementPresent(findTestObject("09-Settings/Users/Active User/div_GTGG tester 2"), 0): Object 'Object Repository/09-Settings/Users/Active User/div_GTGG tester 2' is present

2022-12-07 17:49:38 - [MESSAGE][WARNING] - Timeout '0' is invalid. Using default page load timeout: '30'

2022-12-07 17:49:38 - [MESSAGE][PASSED] - Object 'Object Repository/09-Settings/Users/Active User/div_GTGG tester 2' is present

2022-12-07 17:49:38 - [TEST_STEP][PASSED] - click(findTestObject("09-Settings/Users/Active User/button_suspendUser")): Object: 'Object Repository/09-Settings/Users/Active User/button_suspendUser' is clicked on

2022-12-07 17:49:38 - [MESSAGE][PASSED] - Object: 'Object Repository/09-Settings/Users/Active User/button_suspendUser' is clicked on

2022-12-07 17:49:38 - [TEST_STEP][PASSED] - verifyElementPresent(findTestObject("09-Settings/Users/Active User/h4_Suspend User"), 0): Object 'Object Repository/09-Settings/Users/Active User/h4_Suspend User' is present

2022-12-07 17:49:38 - [MESSAGE][WARNING] - Timeout '0' is invalid. Using default page load timeout: '30'

2022-12-07 17:49:39 - [MESSAGE][PASSED] - Object 'Object Repository/09-Settings/Users/Active User/h4_Suspend User' is present

2022-12-07 17:49:39 - [TEST_STEP][PASSED] - delay(4): Delayed 4 second(s)

2022-12-07 17:49:43 - [MESSAGE][PASSED] - Delayed 4 second(s)

2022-12-07 17:49:43 - [TEST_STEP][PASSED] - click(findTestObject("09-Settings/Users/Active User/button_Suspend")): Object: 'Object Repository/09-Settings/Users/Active User/button_Suspend' is clicked on

2022-12-07 17:49:43 - [MESSAGE][PASSED] - Object: 'Object Repository/09-Settings/Users/Active User/button_Suspend' is clicked on

2022-12-07 17:49:43 - [TEST_STEP][PASSED] - verifyElementPresent(findTestObject("09-Settings/Users/Active User/span_Successfully suspended user"), 0): Object 'Object Repository/09-Settings/Users/Active User/span_Successfully suspended user' is present

2022-12-07 17:49:43 - [MESSAGE][WARNING] - Timeout '0' is invalid. Using default page load timeout: '30'

2022-12-07 17:49:45 - [MESSAGE][PASSED] - Object 'Object Repository/09-Settings/Users/Active User/span_Successfully suspended user' is present

2022-12-07 17:49:45 - [TEST_STEP][PASSED] - delay(3): Delayed 3 second(s)

2022-12-07 17:49:48 - [MESSAGE][PASSED] - Delayed 3 second(s)

2022-12-07 17:49:48 - [TEST_STEP][PASSED] - verifyElementPresent(findTestObject("09-Settings/Users/Active User/div_GTGG tester 2"), 0): Object 'Object Repository/09-Settings/Users/Active User/div_GTGG tester 2' is present

2022-12-07 17:49:48 - [MESSAGE][WARNING] - Timeout '0' is invalid. Using default page load timeout: '30'

2022-12-07 17:49:48 - [MESSAGE][PASSED] - Object 'Object Repository/09-Settings/Users/Active User/div_GTGG tester 2' is present

2022-12-07 17:49:48 - [TEST_STEP][PASSED] - click(findTestObject("09-Settings/Users/Active User/button_xDeleteuser")): Object: 'Object Repository/09-Settings/Users/Active User/button_xDeleteuser' is clicked on

2022-12-07 17:49:49 - [MESSAGE][PASSED] - Object: 'Object Repository/09-Settings/Users/Active User/button_xDeleteuser' is clicked on

2022-12-07 17:49:49 - [TEST_STEP][PASSED] - verifyElementPresent(findTestObject("09-Settings/Users/Active User/h4_Delete User"), 0): Object 'Object Repository/09-Settings/Users/Active User/h4_Delete User' is present

2022-12-07 17:49:49 - [MESSAGE][WARNING] - Timeout '0' is invalid. Using default page load timeout: '30'

2022-12-07 17:49:49 - [MESSAGE][PASSED] - Object 'Object Repository/09-Settings/Users/Active User/h4_Delete User' is present

2022-12-07 17:49:49 - [TEST_STEP][PASSED] - delay(4): Delayed 4 second(s)

2022-12-07 17:49:53 - [MESSAGE][PASSED] - Delayed 4 second(s)

2022-12-07 17:49:53 - [TEST_STEP][PASSED] - click(findTestObject("09-Settings/Users/Active User/button_Cancel_restore")): Object: 'Object Repository/09-Settings/Users/Active User/button_Cancel_restore' is clicked on

2022-12-07 17:49:54 - [MESSAGE][PASSED] - Object: 'Object Repository/09-Settings/Users/Active User/button_Cancel_restore' is clicked on

2022-12-07 17:49:54 - [TEST_STEP][PASSED] - verifyElementPresent(findTestObject("09-Settings/Users/Active User/div_GTGG tester 2"), 0): Object 'Object Repository/09-Settings/Users/Active User/div_GTGG tester 2' is present

2022-12-07 17:49:54 - [MESSAGE][WARNING] - Timeout '0' is invalid. Using default page load timeout: '30'

2022-12-07 17:49:55 - [MESSAGE][PASSED] - Object 'Object Repository/09-Settings/Users/Active User/div_GTGG tester 2' is present

2022-12-07 17:49:55 - [TEST_STEP][PASSED] - click(findTestObject("09-Settings/Users/Active User/button_xDeleteuser")): Object: 'Object Repository/09-Settings/Users/Active User/button_xDeleteuser' is clicked on

2022-12-07 17:49:55 - [MESSAGE][PASSED] - Object: 'Object Repository/09-Settings/Users/Active User/button_xDeleteuser' is clicked on

2022-12-07 17:49:55 - [TEST_STEP][PASSED] - verifyElementPresent(findTestObject("09-Settings/Users/Active User/h4_Delete User"), 0): Object 'Object Repository/09-Settings/Users/Active User/h4_Delete User' is present

2022-12-07 17:49:55 - [MESSAGE][WARNING] - Timeout '0' is invalid. Using default page load timeout: '30'

2022-12-07 17:49:56 - [MESSAGE][PASSED] - Object 'Object Repository/09-Settings/Users/Active User/h4_Delete User' is present

2022-12-07 17:49:56 - [TEST_STEP][PASSED] - delay(4): Delayed 4 second(s)

2022-12-07 17:50:00 - [MESSAGE][PASSED] - Delayed 4 second(s)

2022-12-07 17:50:00 - [TEST_STEP][PASSED] - click(findTestObject("09-Settings/Users/Active User/button_Delete")): Object: 'Object Repository/09-Settings/Users/Active User/button_Delete' is clicked on

2022-12-07 17:50:00 - [MESSAGE][PASSED] - Object: 'Object Repository/09-Settings/Users/Active User/button_Delete' is clicked on

2022-12-07 17:50:00 - [TEST_STEP][PASSED] - verifyElementPresent(findTestObject("09-Settings/Users/Active User/span_Successfully deleted user"), 0): Object 'Object Repository/09-Settings/Users/Active User/span_Successfully deleted user' is present

2022-12-07 17:50:00 - [MESSAGE][WARNING] - Timeout '0' is invalid. Using default page load timeout: '30'

2022-12-07 17:50:03 - [MESSAGE][PASSED] - Object 'Object Repository/09-Settings/Users/Active User/span_Successfully deleted user' is present

2022-12-07 17:50:03 - [TEST_STEP][PASSED] - click(findTestObject("09-Settings/Users/Active User/button_OK")): Object: 'Object Repository/09-Settings/Users/Active User/button_OK' is clicked on

2022-12-07 17:50:03 - [MESSAGE][PASSED] - Object: 'Object Repository/09-Settings/Users/Active User/button_OK' is clicked on

2022-12-07 17:50:03 - [TEST_STEP][PASSED] - delay(5): Delayed 5 second(s)

2022-12-07 17:50:08 - [MESSAGE][PASSED] - Delayed 5 second(s)]]></system-out>
         <system-err><![CDATA[]]></system-err>
      </testcase>
      <testcase name="Test Cases/09-Settings/10 - Users (Active User - Filter - Restore user)" time="25.113" classname="Test Cases/09-Settings/10 - Users (Active User - Filter - Restore user)" status="PASSED">
         <system-out><![CDATA[2022-12-07 17:50:08 - [TEST_CASE][PASSED] - Test Cases/09-Settings/10 - Users (Active User - Filter - Restore user): Test Cases/09-Settings/10 - Users (Active User - Filter - Restore user)

2022-12-07 17:50:08 - [TEST_STEP][PASSED] - delay(3): Delayed 3 second(s)

2022-12-07 17:50:11 - [MESSAGE][PASSED] - Delayed 3 second(s)

2022-12-07 17:50:11 - [TEST_STEP][PASSED] - click(findTestObject("09-Settings/Users/Active User/filter_icon")): Object: 'Object Repository/09-Settings/Users/Active User/filter_icon' is clicked on

2022-12-07 17:50:12 - [MESSAGE][PASSED] - Object: 'Object Repository/09-Settings/Users/Active User/filter_icon' is clicked on

2022-12-07 17:50:12 - [TEST_STEP][PASSED] - verifyElementVisible(findTestObject("09-Settings/Users/Active User/h6_Filter")): Object 'Object Repository/09-Settings/Users/Active User/h6_Filter' is visible

2022-12-07 17:50:12 - [MESSAGE][PASSED] - Object 'Object Repository/09-Settings/Users/Active User/h6_Filter' is visible

2022-12-07 17:50:12 - [TEST_STEP][PASSED] - verifyElementVisible(findTestObject("09-Settings/Users/Active User/span_Show deleted user")): Object 'Object Repository/09-Settings/Users/Active User/span_Show deleted user' is visible

2022-12-07 17:50:12 - [MESSAGE][PASSED] - Object 'Object Repository/09-Settings/Users/Active User/span_Show deleted user' is visible

2022-12-07 17:50:12 - [TEST_STEP][PASSED] - click(findTestObject("09-Settings/Users/Active User/div_show-deleted-user-toggle-bar")): Object: 'Object Repository/09-Settings/Users/Active User/div_show-deleted-user-toggle-bar' is clicked on

2022-12-07 17:50:13 - [MESSAGE][PASSED] - Object: 'Object Repository/09-Settings/Users/Active User/div_show-deleted-user-toggle-bar' is clicked on

2022-12-07 17:50:13 - [TEST_STEP][PASSED] - delay(3): Delayed 3 second(s)

2022-12-07 17:50:16 - [MESSAGE][PASSED] - Delayed 3 second(s)

2022-12-07 17:50:16 - [TEST_STEP][PASSED] - verifyElementVisible(findTestObject("09-Settings/Users/Active User/div_GTGG tester 2")): Object 'Object Repository/09-Settings/Users/Active User/div_GTGG tester 2' is visible

2022-12-07 17:50:16 - [MESSAGE][PASSED] - Object 'Object Repository/09-Settings/Users/Active User/div_GTGG tester 2' is visible

2022-12-07 17:50:16 - [TEST_STEP][PASSED] - click(findTestObject("09-Settings/Users/Active User/button_replay")): Object: 'Object Repository/09-Settings/Users/Active User/button_replay' is clicked on

2022-12-07 17:50:17 - [MESSAGE][PASSED] - Object: 'Object Repository/09-Settings/Users/Active User/button_replay' is clicked on

2022-12-07 17:50:17 - [TEST_STEP][PASSED] - verifyElementVisible(findTestObject("09-Settings/Users/Active User/h4_Restore User")): Object 'Object Repository/09-Settings/Users/Active User/h4_Restore User' is visible

2022-12-07 17:50:17 - [MESSAGE][PASSED] - Object 'Object Repository/09-Settings/Users/Active User/h4_Restore User' is visible

2022-12-07 17:50:17 - [TEST_STEP][PASSED] - click(findTestObject("09-Settings/Users/Active User/button_Cancel_restore")): Object: 'Object Repository/09-Settings/Users/Active User/button_Cancel_restore' is clicked on

2022-12-07 17:50:18 - [MESSAGE][PASSED] - Object: 'Object Repository/09-Settings/Users/Active User/button_Cancel_restore' is clicked on

2022-12-07 17:50:18 - [TEST_STEP][PASSED] - delay(4): Delayed 4 second(s)

2022-12-07 17:50:22 - [MESSAGE][PASSED] - Delayed 4 second(s)

2022-12-07 17:50:22 - [TEST_STEP][PASSED] - verifyElementVisible(findTestObject("09-Settings/Users/Active User/div_GTGG tester 2")): Object 'Object Repository/09-Settings/Users/Active User/div_GTGG tester 2' is visible

2022-12-07 17:50:23 - [MESSAGE][PASSED] - Object 'Object Repository/09-Settings/Users/Active User/div_GTGG tester 2' is visible

2022-12-07 17:50:23 - [TEST_STEP][PASSED] - click(findTestObject("09-Settings/Users/Active User/button_replay")): Object: 'Object Repository/09-Settings/Users/Active User/button_replay' is clicked on

2022-12-07 17:50:23 - [MESSAGE][PASSED] - Object: 'Object Repository/09-Settings/Users/Active User/button_replay' is clicked on

2022-12-07 17:50:23 - [TEST_STEP][PASSED] - verifyElementVisible(findTestObject("09-Settings/Users/Active User/h4_Restore User")): Object 'Object Repository/09-Settings/Users/Active User/h4_Restore User' is visible

2022-12-07 17:50:24 - [MESSAGE][PASSED] - Object 'Object Repository/09-Settings/Users/Active User/h4_Restore User' is visible

2022-12-07 17:50:24 - [TEST_STEP][PASSED] - click(findTestObject("09-Settings/Users/Active User/button_Restore")): Object: 'Object Repository/09-Settings/Users/Active User/button_Restore' is clicked on

2022-12-07 17:50:24 - [MESSAGE][PASSED] - Object: 'Object Repository/09-Settings/Users/Active User/button_Restore' is clicked on

2022-12-07 17:50:24 - [TEST_STEP][PASSED] - verifyElementVisible(findTestObject("09-Settings/Users/Active User/span_Successfully restored user")): Object 'Object Repository/09-Settings/Users/Active User/span_Successfully restored user' is visible

2022-12-07 17:50:28 - [MESSAGE][PASSED] - Object 'Object Repository/09-Settings/Users/Active User/span_Successfully restored user' is visible

2022-12-07 17:50:28 - [TEST_STEP][PASSED] - click(findTestObject("09-Settings/Users/Active User/button_OK")): Object: 'Object Repository/09-Settings/Users/Active User/button_OK' is clicked on

2022-12-07 17:50:28 - [MESSAGE][PASSED] - Object: 'Object Repository/09-Settings/Users/Active User/button_OK' is clicked on

2022-12-07 17:50:28 - [TEST_STEP][PASSED] - delay(5): Delayed 5 second(s)

2022-12-07 17:50:33 - [MESSAGE][PASSED] - Delayed 5 second(s)]]></system-out>
         <system-err><![CDATA[]]></system-err>
      </testcase>
      <testcase name="Test Cases/09-Settings/11 - Users (Active User - Filter - All and Selected Organization)" time="21.164" classname="Test Cases/09-Settings/11 - Users (Active User - Filter - All and Selected Organization)" status="PASSED">
         <system-out><![CDATA[2022-12-07 17:50:33 - [TEST_CASE][PASSED] - Test Cases/09-Settings/11 - Users (Active User - Filter - All and Selected Organization): Test Cases/09-Settings/11 - Users (Active User - Filter - All and Selected Organization)

2022-12-07 17:50:33 - [TEST_STEP][PASSED] - delay(3): Delayed 3 second(s)

2022-12-07 17:50:36 - [MESSAGE][PASSED] - Delayed 3 second(s)

2022-12-07 17:50:36 - [TEST_STEP][PASSED] - verifyElementVisible(findTestObject("09-Settings/Users/Active User/h6_Filter")): Object 'Object Repository/09-Settings/Users/Active User/h6_Filter' is visible

2022-12-07 17:50:37 - [MESSAGE][PASSED] - Object 'Object Repository/09-Settings/Users/Active User/h6_Filter' is visible

2022-12-07 17:50:37 - [TEST_STEP][PASSED] - verifyElementVisible(findTestObject("09-Settings/Users/Active User/div_All organization units")): Object 'Object Repository/09-Settings/Users/Active User/div_All organization units' is visible

2022-12-07 17:50:37 - [MESSAGE][PASSED] - Object 'Object Repository/09-Settings/Users/Active User/div_All organization units' is visible

2022-12-07 17:50:37 - [TEST_STEP][PASSED] - click(findTestObject("09-Settings/Users/Active User/div_All organization units")): Object: 'Object Repository/09-Settings/Users/Active User/div_All organization units' is clicked on

2022-12-07 17:50:38 - [MESSAGE][PASSED] - Object: 'Object Repository/09-Settings/Users/Active User/div_All organization units' is clicked on

2022-12-07 17:50:38 - [TEST_STEP][PASSED] - delay(3): Delayed 3 second(s)

2022-12-07 17:50:41 - [MESSAGE][PASSED] - Delayed 3 second(s)

2022-12-07 17:50:41 - [TEST_STEP][PASSED] - verifyElementVisible(findTestObject("09-Settings/Users/Active User/div_Active Users-All Organizations units")): Object 'Object Repository/09-Settings/Users/Active User/div_Active Users-All Organizations units' is visible

2022-12-07 17:50:41 - [MESSAGE][PASSED] - Object 'Object Repository/09-Settings/Users/Active User/div_Active Users-All Organizations units' is visible

2022-12-07 17:50:41 - [TEST_STEP][PASSED] - delay(3): Delayed 3 second(s)

2022-12-07 17:50:44 - [MESSAGE][PASSED] - Delayed 3 second(s)

2022-12-07 17:50:44 - [TEST_STEP][PASSED] - verifyElementVisible(findTestObject("09-Settings/Users/Active User/div_Selected organization unit")): Object 'Object Repository/09-Settings/Users/Active User/div_Selected organization unit' is visible

2022-12-07 17:50:44 - [MESSAGE][PASSED] - Object 'Object Repository/09-Settings/Users/Active User/div_Selected organization unit' is visible

2022-12-07 17:50:44 - [TEST_STEP][PASSED] - click(findTestObject("09-Settings/Users/Active User/div_Selected organization unit")): Object: 'Object Repository/09-Settings/Users/Active User/div_Selected organization unit' is clicked on

2022-12-07 17:50:45 - [MESSAGE][PASSED] - Object: 'Object Repository/09-Settings/Users/Active User/div_Selected organization unit' is clicked on

2022-12-07 17:50:45 - [TEST_STEP][PASSED] - delay(3): Delayed 3 second(s)

2022-12-07 17:50:48 - [MESSAGE][PASSED] - Delayed 3 second(s)

2022-12-07 17:50:48 - [TEST_STEP][PASSED] - click(findTestObject("09-Settings/Users/Active User/div_GG Automation")): Object: 'Object Repository/09-Settings/Users/Active User/div_GG Automation' is clicked on

2022-12-07 17:50:48 - [MESSAGE][PASSED] - Object: 'Object Repository/09-Settings/Users/Active User/div_GG Automation' is clicked on

2022-12-07 17:50:48 - [TEST_STEP][PASSED] - verifyElementVisible(findTestObject("09-Settings/Users/Active User/div_Active Users-Selected Organization units")): Object 'Object Repository/09-Settings/Users/Active User/div_Active Users-Selected Organization units' is visible

2022-12-07 17:50:49 - [MESSAGE][PASSED] - Object 'Object Repository/09-Settings/Users/Active User/div_Active Users-Selected Organization units' is visible

2022-12-07 17:50:49 - [TEST_STEP][PASSED] - click(findTestObject("09-Settings/Users/Active User/filter_icon")): Object: 'Object Repository/09-Settings/Users/Active User/filter_icon' is clicked on

2022-12-07 17:50:49 - [MESSAGE][PASSED] - Object: 'Object Repository/09-Settings/Users/Active User/filter_icon' is clicked on

2022-12-07 17:50:49 - [TEST_STEP][PASSED] - delay(5): Delayed 5 second(s)

2022-12-07 17:50:54 - [MESSAGE][PASSED] - Delayed 5 second(s)]]></system-out>
         <system-err><![CDATA[]]></system-err>
      </testcase>
      <testcase name="Test Cases/09-Settings/12 - Users (Active User - Edit Role)" time="46.509" classname="Test Cases/09-Settings/12 - Users (Active User - Edit Role)" status="PASSED">
         <system-out><![CDATA[2022-12-07 17:50:54 - [TEST_CASE][PASSED] - Test Cases/09-Settings/12 - Users (Active User - Edit Role): Test Cases/09-Settings/12 - Users (Active User - Edit Role)

2022-12-07 17:50:54 - [TEST_STEP][PASSED] - delay(3): Delayed 3 second(s)

2022-12-07 17:50:58 - [MESSAGE][PASSED] - Delayed 3 second(s)

2022-12-07 17:50:58 - [TEST_STEP][PASSED] - verifyElementPresent(findTestObject("09-Settings/Users/Active User/div_GTGG tester 2"), 0): Object 'Object Repository/09-Settings/Users/Active User/div_GTGG tester 2' is present

2022-12-07 17:50:58 - [MESSAGE][WARNING] - Timeout '0' is invalid. Using default page load timeout: '30'

2022-12-07 17:50:58 - [MESSAGE][PASSED] - Object 'Object Repository/09-Settings/Users/Active User/div_GTGG tester 2' is present

2022-12-07 17:50:58 - [TEST_STEP][PASSED] - click(findTestObject("09-Settings/Users/Active User/button_ellipses")): Object: 'Object Repository/09-Settings/Users/Active User/button_ellipses' is clicked on

2022-12-07 17:50:58 - [MESSAGE][PASSED] - Object: 'Object Repository/09-Settings/Users/Active User/button_ellipses' is clicked on

2022-12-07 17:50:58 - [TEST_STEP][PASSED] - click(findTestObject("09-Settings/Users/Active User/button_Edit Role")): Object: 'Object Repository/09-Settings/Users/Active User/button_Edit Role' is clicked on

2022-12-07 17:50:59 - [MESSAGE][PASSED] - Object: 'Object Repository/09-Settings/Users/Active User/button_Edit Role' is clicked on

2022-12-07 17:50:59 - [TEST_STEP][PASSED] - verifyElementPresent(findTestObject("09-Settings/Users/Active User/h4_Edit User Role"), 0): Object 'Object Repository/09-Settings/Users/Active User/h4_Edit User Role' is present

2022-12-07 17:50:59 - [MESSAGE][WARNING] - Timeout '0' is invalid. Using default page load timeout: '30'

2022-12-07 17:51:00 - [MESSAGE][PASSED] - Object 'Object Repository/09-Settings/Users/Active User/h4_Edit User Role' is present

2022-12-07 17:51:00 - [TEST_STEP][PASSED] - delay(4): Delayed 4 second(s)

2022-12-07 17:51:04 - [MESSAGE][PASSED] - Delayed 4 second(s)

2022-12-07 17:51:04 - [TEST_STEP][PASSED] - click(findTestObject("09-Settings/Users/Active User/button_Cancel_restore")): Object: 'Object Repository/09-Settings/Users/Active User/button_Cancel_restore' is clicked on

2022-12-07 17:51:04 - [MESSAGE][PASSED] - Object: 'Object Repository/09-Settings/Users/Active User/button_Cancel_restore' is clicked on

2022-12-07 17:51:04 - [TEST_STEP][PASSED] - verifyElementPresent(findTestObject("09-Settings/Users/Active User/div_GTGG tester 2"), 0): Object 'Object Repository/09-Settings/Users/Active User/div_GTGG tester 2' is present

2022-12-07 17:51:04 - [MESSAGE][WARNING] - Timeout '0' is invalid. Using default page load timeout: '30'

2022-12-07 17:51:05 - [MESSAGE][PASSED] - Object 'Object Repository/09-Settings/Users/Active User/div_GTGG tester 2' is present

2022-12-07 17:51:05 - [TEST_STEP][PASSED] - click(findTestObject("09-Settings/Users/Active User/button_ellipses")): Object: 'Object Repository/09-Settings/Users/Active User/button_ellipses' is clicked on

2022-12-07 17:51:05 - [MESSAGE][PASSED] - Object: 'Object Repository/09-Settings/Users/Active User/button_ellipses' is clicked on

2022-12-07 17:51:05 - [TEST_STEP][PASSED] - click(findTestObject("09-Settings/Users/Active User/button_Edit Role")): Object: 'Object Repository/09-Settings/Users/Active User/button_Edit Role' is clicked on

2022-12-07 17:51:06 - [MESSAGE][PASSED] - Object: 'Object Repository/09-Settings/Users/Active User/button_Edit Role' is clicked on

2022-12-07 17:51:06 - [TEST_STEP][PASSED] - verifyElementPresent(findTestObject("09-Settings/Users/Active User/h4_Edit User Role"), 0): Object 'Object Repository/09-Settings/Users/Active User/h4_Edit User Role' is present

2022-12-07 17:51:06 - [MESSAGE][WARNING] - Timeout '0' is invalid. Using default page load timeout: '30'

2022-12-07 17:51:07 - [MESSAGE][PASSED] - Object 'Object Repository/09-Settings/Users/Active User/h4_Edit User Role' is present

2022-12-07 17:51:07 - [TEST_STEP][PASSED] - click(findTestObject("09-Settings/Users/Active User/div_roleDropdown")): Object: 'Object Repository/09-Settings/Users/Active User/div_roleDropdown' is clicked on

2022-12-07 17:51:07 - [MESSAGE][PASSED] - Object: 'Object Repository/09-Settings/Users/Active User/div_roleDropdown' is clicked on

2022-12-07 17:51:07 - [TEST_STEP][PASSED] - click(findTestObject("09-Settings/Users/Active User/mat-option_External Contact")): Object: 'Object Repository/09-Settings/Users/Active User/mat-option_External Contact' is clicked on

2022-12-07 17:51:08 - [MESSAGE][PASSED] - Object: 'Object Repository/09-Settings/Users/Active User/mat-option_External Contact' is clicked on

2022-12-07 17:51:08 - [TEST_STEP][PASSED] - verifyElementPresent(findTestObject("09-Settings/Users/Active User/warning_when_changing_role"), 0): Object 'Object Repository/09-Settings/Users/Active User/warning_when_changing_role' is present

2022-12-07 17:51:08 - [MESSAGE][WARNING] - Timeout '0' is invalid. Using default page load timeout: '30'

2022-12-07 17:51:09 - [MESSAGE][PASSED] - Object 'Object Repository/09-Settings/Users/Active User/warning_when_changing_role' is present

2022-12-07 17:51:09 - [TEST_STEP][PASSED] - delay(4): Delayed 4 second(s)

2022-12-07 17:51:13 - [MESSAGE][PASSED] - Delayed 4 second(s)

2022-12-07 17:51:13 - [TEST_STEP][PASSED] - click(findTestObject("09-Settings/Users/Active User/div_roleTypeDropdown")): Object: 'Object Repository/09-Settings/Users/Active User/div_roleTypeDropdown' is clicked on

2022-12-07 17:51:13 - [MESSAGE][PASSED] - Object: 'Object Repository/09-Settings/Users/Active User/div_roleTypeDropdown' is clicked on

2022-12-07 17:51:13 - [TEST_STEP][PASSED] - click(findTestObject("09-Settings/Users/Active User/mat-option_None")): Object: 'Object Repository/09-Settings/Users/Active User/mat-option_None' is clicked on

2022-12-07 17:51:14 - [MESSAGE][PASSED] - Object: 'Object Repository/09-Settings/Users/Active User/mat-option_None' is clicked on

2022-12-07 17:51:14 - [TEST_STEP][PASSED] - delay(4): Delayed 4 second(s)

2022-12-07 17:51:18 - [MESSAGE][PASSED] - Delayed 4 second(s)

2022-12-07 17:51:18 - [TEST_STEP][PASSED] - click(findTestObject("09-Settings/Users/Active User/button_Save")): Object: 'Object Repository/09-Settings/Users/Active User/button_Save' is clicked on

2022-12-07 17:51:18 - [MESSAGE][PASSED] - Object: 'Object Repository/09-Settings/Users/Active User/button_Save' is clicked on

2022-12-07 17:51:18 - [TEST_STEP][PASSED] - delay(3): Delayed 3 second(s)

2022-12-07 17:51:21 - [MESSAGE][PASSED] - Delayed 3 second(s)

2022-12-07 17:51:21 - [TEST_STEP][PASSED] - verifyElementPresent(findTestObject("09-Settings/Users/Active User/div_GTGG tester 2"), 0): Object 'Object Repository/09-Settings/Users/Active User/div_GTGG tester 2' is present

2022-12-07 17:51:21 - [MESSAGE][WARNING] - Timeout '0' is invalid. Using default page load timeout: '30'

2022-12-07 17:51:21 - [MESSAGE][PASSED] - Object 'Object Repository/09-Settings/Users/Active User/div_GTGG tester 2' is present

2022-12-07 17:51:21 - [TEST_STEP][PASSED] - click(findTestObject("09-Settings/Users/Active User/button_ellipses")): Object: 'Object Repository/09-Settings/Users/Active User/button_ellipses' is clicked on

2022-12-07 17:51:22 - [MESSAGE][PASSED] - Object: 'Object Repository/09-Settings/Users/Active User/button_ellipses' is clicked on

2022-12-07 17:51:22 - [TEST_STEP][PASSED] - click(findTestObject("09-Settings/Users/Active User/button_Edit Role")): Object: 'Object Repository/09-Settings/Users/Active User/button_Edit Role' is clicked on

2022-12-07 17:51:22 - [MESSAGE][PASSED] - Object: 'Object Repository/09-Settings/Users/Active User/button_Edit Role' is clicked on

2022-12-07 17:51:22 - [TEST_STEP][PASSED] - verifyElementPresent(findTestObject("09-Settings/Users/Active User/h4_Edit User Role"), 0): Object 'Object Repository/09-Settings/Users/Active User/h4_Edit User Role' is present

2022-12-07 17:51:22 - [MESSAGE][WARNING] - Timeout '0' is invalid. Using default page load timeout: '30'

2022-12-07 17:51:24 - [MESSAGE][PASSED] - Object 'Object Repository/09-Settings/Users/Active User/h4_Edit User Role' is present

2022-12-07 17:51:24 - [TEST_STEP][PASSED] - click(findTestObject("09-Settings/Users/Active User/div_roleDropdown")): Object: 'Object Repository/09-Settings/Users/Active User/div_roleDropdown' is clicked on

2022-12-07 17:51:24 - [MESSAGE][PASSED] - Object: 'Object Repository/09-Settings/Users/Active User/div_roleDropdown' is clicked on

2022-12-07 17:51:24 - [TEST_STEP][PASSED] - click(findTestObject("09-Settings/Users/Active User/mat-option_CoWorker")): Object: 'Object Repository/09-Settings/Users/Active User/mat-option_CoWorker' is clicked on

2022-12-07 17:51:25 - [MESSAGE][PASSED] - Object: 'Object Repository/09-Settings/Users/Active User/mat-option_CoWorker' is clicked on

2022-12-07 17:51:25 - [TEST_STEP][PASSED] - verifyElementPresent(findTestObject("09-Settings/Users/Active User/warning_when_changing_role"), 0): Object 'Object Repository/09-Settings/Users/Active User/warning_when_changing_role' is present

2022-12-07 17:51:25 - [MESSAGE][WARNING] - Timeout '0' is invalid. Using default page load timeout: '30'

2022-12-07 17:51:26 - [MESSAGE][PASSED] - Object 'Object Repository/09-Settings/Users/Active User/warning_when_changing_role' is present

2022-12-07 17:51:26 - [TEST_STEP][PASSED] - delay(4): Delayed 4 second(s)

2022-12-07 17:51:30 - [MESSAGE][PASSED] - Delayed 4 second(s)

2022-12-07 17:51:30 - [TEST_STEP][PASSED] - click(findTestObject("09-Settings/Users/Active User/div_roleTypeDropdown")): Object: 'Object Repository/09-Settings/Users/Active User/div_roleTypeDropdown' is clicked on

2022-12-07 17:51:30 - [MESSAGE][PASSED] - Object: 'Object Repository/09-Settings/Users/Active User/div_roleTypeDropdown' is clicked on

2022-12-07 17:51:30 - [TEST_STEP][PASSED] - click(findTestObject("09-Settings/Users/Active User/mat-option_None")): Object: 'Object Repository/09-Settings/Users/Active User/mat-option_None' is clicked on

2022-12-07 17:51:30 - [MESSAGE][PASSED] - Object: 'Object Repository/09-Settings/Users/Active User/mat-option_None' is clicked on

2022-12-07 17:51:30 - [TEST_STEP][PASSED] - delay(4): Delayed 4 second(s)

2022-12-07 17:51:34 - [MESSAGE][PASSED] - Delayed 4 second(s)

2022-12-07 17:51:34 - [TEST_STEP][PASSED] - click(findTestObject("09-Settings/Users/Active User/button_Save")): Object: 'Object Repository/09-Settings/Users/Active User/button_Save' is clicked on

2022-12-07 17:51:35 - [MESSAGE][PASSED] - Object: 'Object Repository/09-Settings/Users/Active User/button_Save' is clicked on

2022-12-07 17:51:35 - [TEST_STEP][PASSED] - verifyElementPresent(findTestObject("09-Settings/Users/Active User/span_Successfully changed user role"), 0): Object 'Object Repository/09-Settings/Users/Active User/span_Successfully changed user role' is present

2022-12-07 17:51:35 - [MESSAGE][WARNING] - Timeout '0' is invalid. Using default page load timeout: '30'

2022-12-07 17:51:37 - [MESSAGE][PASSED] - Object 'Object Repository/09-Settings/Users/Active User/span_Successfully changed user role' is present

2022-12-07 17:51:37 - [TEST_STEP][PASSED] - click(findTestObject("09-Settings/Users/Active User/button_OK")): Object: 'Object Repository/09-Settings/Users/Active User/button_OK' is clicked on

2022-12-07 17:51:38 - [MESSAGE][PASSED] - Object: 'Object Repository/09-Settings/Users/Active User/button_OK' is clicked on

2022-12-07 17:51:38 - [TEST_STEP][PASSED] - delay(3): Delayed 3 second(s)

2022-12-07 17:51:41 - [MESSAGE][PASSED] - Delayed 3 second(s)]]></system-out>
         <system-err><![CDATA[]]></system-err>
      </testcase>
      <testcase name="Test Cases/09-Settings/13 - Users (Active User - Promote to admin)" time="22.994" classname="Test Cases/09-Settings/13 - Users (Active User - Promote to admin)" status="PASSED">
         <system-out><![CDATA[2022-12-07 17:51:41 - [TEST_CASE][PASSED] - Test Cases/09-Settings/13 - Users (Active User - Promote to admin): Test Cases/09-Settings/13 - Users (Active User - Promote to admin)

2022-12-07 17:51:41 - [TEST_STEP][PASSED] - delay(3): Delayed 3 second(s)

2022-12-07 17:51:44 - [MESSAGE][PASSED] - Delayed 3 second(s)

2022-12-07 17:51:44 - [TEST_STEP][PASSED] - verifyElementPresent(findTestObject("09-Settings/Users/Active User/div_GTGG tester 2"), 0): Object 'Object Repository/09-Settings/Users/Active User/div_GTGG tester 2' is present

2022-12-07 17:51:44 - [MESSAGE][WARNING] - Timeout '0' is invalid. Using default page load timeout: '30'

2022-12-07 17:51:45 - [MESSAGE][PASSED] - Object 'Object Repository/09-Settings/Users/Active User/div_GTGG tester 2' is present

2022-12-07 17:51:45 - [TEST_STEP][PASSED] - click(findTestObject("09-Settings/Users/Active User/button_ellipses")): Object: 'Object Repository/09-Settings/Users/Active User/button_ellipses' is clicked on

2022-12-07 17:51:45 - [MESSAGE][PASSED] - Object: 'Object Repository/09-Settings/Users/Active User/button_ellipses' is clicked on

2022-12-07 17:51:45 - [TEST_STEP][PASSED] - click(findTestObject("09-Settings/Users/Active User/button_Promote to Admin")): Object: 'Object Repository/09-Settings/Users/Active User/button_Promote to Admin' is clicked on

2022-12-07 17:51:45 - [MESSAGE][PASSED] - Object: 'Object Repository/09-Settings/Users/Active User/button_Promote to Admin' is clicked on

2022-12-07 17:51:45 - [TEST_STEP][PASSED] - verifyElementPresent(findTestObject("09-Settings/Users/Active User/h4_User Admin Settings"), 0): Object 'Object Repository/09-Settings/Users/Active User/h4_User Admin Settings' is present

2022-12-07 17:51:46 - [MESSAGE][WARNING] - Timeout '0' is invalid. Using default page load timeout: '30'

2022-12-07 17:51:46 - [MESSAGE][PASSED] - Object 'Object Repository/09-Settings/Users/Active User/h4_User Admin Settings' is present

2022-12-07 17:51:46 - [TEST_STEP][PASSED] - delay(3): Delayed 3 second(s)

2022-12-07 17:51:49 - [MESSAGE][PASSED] - Delayed 3 second(s)

2022-12-07 17:51:49 - [TEST_STEP][PASSED] - click(findTestObject("09-Settings/Users/Active User/button_Cancel_restore")): Object: 'Object Repository/09-Settings/Users/Active User/button_Cancel_restore' is clicked on

2022-12-07 17:51:50 - [MESSAGE][PASSED] - Object: 'Object Repository/09-Settings/Users/Active User/button_Cancel_restore' is clicked on

2022-12-07 17:51:50 - [TEST_STEP][PASSED] - delay(3): Delayed 3 second(s)

2022-12-07 17:51:53 - [MESSAGE][PASSED] - Delayed 3 second(s)

2022-12-07 17:51:53 - [TEST_STEP][PASSED] - verifyElementPresent(findTestObject("09-Settings/Users/Active User/div_GTGG tester 2"), 0): Object 'Object Repository/09-Settings/Users/Active User/div_GTGG tester 2' is present

2022-12-07 17:51:53 - [MESSAGE][WARNING] - Timeout '0' is invalid. Using default page load timeout: '30'

2022-12-07 17:51:53 - [MESSAGE][PASSED] - Object 'Object Repository/09-Settings/Users/Active User/div_GTGG tester 2' is present

2022-12-07 17:51:53 - [TEST_STEP][PASSED] - click(findTestObject("09-Settings/Users/Active User/button_ellipses")): Object: 'Object Repository/09-Settings/Users/Active User/button_ellipses' is clicked on

2022-12-07 17:51:54 - [MESSAGE][PASSED] - Object: 'Object Repository/09-Settings/Users/Active User/button_ellipses' is clicked on

2022-12-07 17:51:54 - [TEST_STEP][PASSED] - click(findTestObject("09-Settings/Users/Active User/button_Promote to Admin")): Object: 'Object Repository/09-Settings/Users/Active User/button_Promote to Admin' is clicked on

2022-12-07 17:51:54 - [MESSAGE][PASSED] - Object: 'Object Repository/09-Settings/Users/Active User/button_Promote to Admin' is clicked on

2022-12-07 17:51:54 - [TEST_STEP][PASSED] - verifyElementPresent(findTestObject("09-Settings/Users/Active User/h4_User Admin Settings"), 0): Object 'Object Repository/09-Settings/Users/Active User/h4_User Admin Settings' is present

2022-12-07 17:51:54 - [MESSAGE][WARNING] - Timeout '0' is invalid. Using default page load timeout: '30'

2022-12-07 17:51:55 - [MESSAGE][PASSED] - Object 'Object Repository/09-Settings/Users/Active User/h4_User Admin Settings' is present

2022-12-07 17:51:55 - [TEST_STEP][PASSED] - delay(3): Delayed 3 second(s)

2022-12-07 17:51:58 - [MESSAGE][PASSED] - Delayed 3 second(s)

2022-12-07 17:51:58 - [TEST_STEP][PASSED] - click(findTestObject("09-Settings/Users/Active User/button_Promote")): Object: 'Object Repository/09-Settings/Users/Active User/button_Promote' is clicked on

2022-12-07 17:51:59 - [MESSAGE][PASSED] - Object: 'Object Repository/09-Settings/Users/Active User/button_Promote' is clicked on

2022-12-07 17:51:59 - [TEST_STEP][PASSED] - verifyElementPresent(findTestObject("09-Settings/Users/Active User/span_Successfully promoted user to admin"), 0): Object 'Object Repository/09-Settings/Users/Active User/span_Successfully promoted user to admin' is present

2022-12-07 17:51:59 - [MESSAGE][WARNING] - Timeout '0' is invalid. Using default page load timeout: '30'

2022-12-07 17:52:00 - [MESSAGE][PASSED] - Object 'Object Repository/09-Settings/Users/Active User/span_Successfully promoted user to admin' is present

2022-12-07 17:52:00 - [TEST_STEP][PASSED] - click(findTestObject("09-Settings/Users/Active User/button_OK")): Object: 'Object Repository/09-Settings/Users/Active User/button_OK' is clicked on

2022-12-07 17:52:01 - [MESSAGE][PASSED] - Object: 'Object Repository/09-Settings/Users/Active User/button_OK' is clicked on

2022-12-07 17:52:01 - [TEST_STEP][PASSED] - delay(3): Delayed 3 second(s)

2022-12-07 17:52:04 - [MESSAGE][PASSED] - Delayed 3 second(s)]]></system-out>
         <system-err><![CDATA[]]></system-err>
      </testcase>
      <testcase name="Test Cases/09-Settings/14 - Users (Active User - Demote user)" time="23.109" classname="Test Cases/09-Settings/14 - Users (Active User - Demote user)" status="PASSED">
         <system-out><![CDATA[2022-12-07 17:52:04 - [TEST_CASE][PASSED] - Test Cases/09-Settings/14 - Users (Active User - Demote user): Test Cases/09-Settings/14 - Users (Active User - Demote user)

2022-12-07 17:52:04 - [TEST_STEP][PASSED] - delay(3): Delayed 3 second(s)

2022-12-07 17:52:07 - [MESSAGE][PASSED] - Delayed 3 second(s)

2022-12-07 17:52:07 - [TEST_STEP][PASSED] - verifyElementPresent(findTestObject("09-Settings/Users/Active User/div_GTGG tester 2"), 0): Object 'Object Repository/09-Settings/Users/Active User/div_GTGG tester 2' is present

2022-12-07 17:52:07 - [MESSAGE][WARNING] - Timeout '0' is invalid. Using default page load timeout: '30'

2022-12-07 17:52:07 - [MESSAGE][PASSED] - Object 'Object Repository/09-Settings/Users/Active User/div_GTGG tester 2' is present

2022-12-07 17:52:07 - [TEST_STEP][PASSED] - click(findTestObject("09-Settings/Users/Active User/button_ellipses")): Object: 'Object Repository/09-Settings/Users/Active User/button_ellipses' is clicked on

2022-12-07 17:52:08 - [MESSAGE][PASSED] - Object: 'Object Repository/09-Settings/Users/Active User/button_ellipses' is clicked on

2022-12-07 17:52:08 - [TEST_STEP][PASSED] - click(findTestObject("09-Settings/Users/Active User/button_Demote Admin")): Object: 'Object Repository/09-Settings/Users/Active User/button_Demote Admin' is clicked on

2022-12-07 17:52:08 - [MESSAGE][PASSED] - Object: 'Object Repository/09-Settings/Users/Active User/button_Demote Admin' is clicked on

2022-12-07 17:52:08 - [TEST_STEP][PASSED] - verifyElementPresent(findTestObject("09-Settings/Users/Active User/h4_User Admin Settings"), 0): Object 'Object Repository/09-Settings/Users/Active User/h4_User Admin Settings' is present

2022-12-07 17:52:08 - [MESSAGE][WARNING] - Timeout '0' is invalid. Using default page load timeout: '30'

2022-12-07 17:52:09 - [MESSAGE][PASSED] - Object 'Object Repository/09-Settings/Users/Active User/h4_User Admin Settings' is present

2022-12-07 17:52:09 - [TEST_STEP][PASSED] - delay(3): Delayed 3 second(s)

2022-12-07 17:52:12 - [MESSAGE][PASSED] - Delayed 3 second(s)

2022-12-07 17:52:12 - [TEST_STEP][PASSED] - click(findTestObject("09-Settings/Users/Active User/button_Cancel_restore")): Object: 'Object Repository/09-Settings/Users/Active User/button_Cancel_restore' is clicked on

2022-12-07 17:52:13 - [MESSAGE][PASSED] - Object: 'Object Repository/09-Settings/Users/Active User/button_Cancel_restore' is clicked on

2022-12-07 17:52:13 - [TEST_STEP][PASSED] - delay(3): Delayed 3 second(s)

2022-12-07 17:52:16 - [MESSAGE][PASSED] - Delayed 3 second(s)

2022-12-07 17:52:16 - [TEST_STEP][PASSED] - verifyElementPresent(findTestObject("09-Settings/Users/Active User/div_GTGG tester 2"), 0): Object 'Object Repository/09-Settings/Users/Active User/div_GTGG tester 2' is present

2022-12-07 17:52:16 - [MESSAGE][WARNING] - Timeout '0' is invalid. Using default page load timeout: '30'

2022-12-07 17:52:16 - [MESSAGE][PASSED] - Object 'Object Repository/09-Settings/Users/Active User/div_GTGG tester 2' is present

2022-12-07 17:52:16 - [TEST_STEP][PASSED] - click(findTestObject("09-Settings/Users/Active User/button_ellipses")): Object: 'Object Repository/09-Settings/Users/Active User/button_ellipses' is clicked on

2022-12-07 17:52:16 - [MESSAGE][PASSED] - Object: 'Object Repository/09-Settings/Users/Active User/button_ellipses' is clicked on

2022-12-07 17:52:16 - [TEST_STEP][PASSED] - click(findTestObject("09-Settings/Users/Active User/button_Demote Admin")): Object: 'Object Repository/09-Settings/Users/Active User/button_Demote Admin' is clicked on

2022-12-07 17:52:17 - [MESSAGE][PASSED] - Object: 'Object Repository/09-Settings/Users/Active User/button_Demote Admin' is clicked on

2022-12-07 17:52:17 - [TEST_STEP][PASSED] - verifyElementPresent(findTestObject("09-Settings/Users/Active User/h4_User Admin Settings"), 0): Object 'Object Repository/09-Settings/Users/Active User/h4_User Admin Settings' is present

2022-12-07 17:52:17 - [MESSAGE][WARNING] - Timeout '0' is invalid. Using default page load timeout: '30'

2022-12-07 17:52:18 - [MESSAGE][PASSED] - Object 'Object Repository/09-Settings/Users/Active User/h4_User Admin Settings' is present

2022-12-07 17:52:18 - [TEST_STEP][PASSED] - delay(3): Delayed 3 second(s)

2022-12-07 17:52:21 - [MESSAGE][PASSED] - Delayed 3 second(s)

2022-12-07 17:52:21 - [TEST_STEP][PASSED] - click(findTestObject("09-Settings/Users/Active User/button_Demote")): Object: 'Object Repository/09-Settings/Users/Active User/button_Demote' is clicked on

2022-12-07 17:52:21 - [MESSAGE][PASSED] - Object: 'Object Repository/09-Settings/Users/Active User/button_Demote' is clicked on

2022-12-07 17:52:21 - [TEST_STEP][PASSED] - verifyElementPresent(findTestObject("09-Settings/Users/Active User/span_Successfully demoted admin"), 0): Object 'Object Repository/09-Settings/Users/Active User/span_Successfully demoted admin' is present

2022-12-07 17:52:21 - [MESSAGE][WARNING] - Timeout '0' is invalid. Using default page load timeout: '30'

2022-12-07 17:52:23 - [MESSAGE][PASSED] - Object 'Object Repository/09-Settings/Users/Active User/span_Successfully demoted admin' is present

2022-12-07 17:52:23 - [TEST_STEP][PASSED] - click(findTestObject("09-Settings/Users/Active User/button_OK")): Object: 'Object Repository/09-Settings/Users/Active User/button_OK' is clicked on

2022-12-07 17:52:24 - [MESSAGE][PASSED] - Object: 'Object Repository/09-Settings/Users/Active User/button_OK' is clicked on

2022-12-07 17:52:24 - [TEST_STEP][PASSED] - delay(3): Delayed 3 second(s)

2022-12-07 17:52:27 - [MESSAGE][PASSED] - Delayed 3 second(s)]]></system-out>
         <system-err><![CDATA[]]></system-err>
      </testcase>
      <testcase name="Test Cases/09-Settings/15 - Users (Active User - Delete Active user)" time="67.423" classname="Test Cases/09-Settings/15 - Users (Active User - Delete Active user)" status="PASSED">
         <system-out><![CDATA[2022-12-07 17:52:27 - [TEST_CASE][PASSED] - Test Cases/09-Settings/15 - Users (Active User - Delete Active user): Test Cases/09-Settings/15 - Users (Active User - Delete Active user)

2022-12-07 17:52:27 - [TEST_STEP][PASSED] - delay(3): Delayed 3 second(s)

2022-12-07 17:52:30 - [MESSAGE][PASSED] - Delayed 3 second(s)

2022-12-07 17:52:30 - [TEST_STEP][PASSED] - verifyElementPresent(findTestObject("09-Settings/Users/Active User/div_GTGG tester 2"), 0): Object 'Object Repository/09-Settings/Users/Active User/div_GTGG tester 2' is present

2022-12-07 17:52:30 - [MESSAGE][WARNING] - Timeout '0' is invalid. Using default page load timeout: '30'

2022-12-07 17:52:30 - [MESSAGE][PASSED] - Object 'Object Repository/09-Settings/Users/Active User/div_GTGG tester 2' is present

2022-12-07 17:52:30 - [TEST_STEP][PASSED] - click(findTestObject("09-Settings/Users/Active User/button_ellipses")): Object: 'Object Repository/09-Settings/Users/Active User/button_ellipses' is clicked on

2022-12-07 17:52:31 - [MESSAGE][PASSED] - Object: 'Object Repository/09-Settings/Users/Active User/button_ellipses' is clicked on

2022-12-07 17:52:31 - [TEST_STEP][PASSED] - click(findTestObject("09-Settings/Users/Active User/button_Delete User")): Object: 'Object Repository/09-Settings/Users/Active User/button_Delete User' is clicked on

2022-12-07 17:52:31 - [MESSAGE][PASSED] - Object: 'Object Repository/09-Settings/Users/Active User/button_Delete User' is clicked on

2022-12-07 17:52:31 - [TEST_STEP][PASSED] - verifyElementPresent(findTestObject("09-Settings/Users/Active User/h4_Delete User"), 0): Object 'Object Repository/09-Settings/Users/Active User/h4_Delete User' is present

2022-12-07 17:52:31 - [MESSAGE][WARNING] - Timeout '0' is invalid. Using default page load timeout: '30'

2022-12-07 17:52:32 - [MESSAGE][PASSED] - Object 'Object Repository/09-Settings/Users/Active User/h4_Delete User' is present

2022-12-07 17:52:32 - [TEST_STEP][PASSED] - delay(4): Delayed 4 second(s)

2022-12-07 17:52:36 - [MESSAGE][PASSED] - Delayed 4 second(s)

2022-12-07 17:52:36 - [TEST_STEP][PASSED] - click(findTestObject("09-Settings/Users/Active User/button_Cancel_restore")): Object: 'Object Repository/09-Settings/Users/Active User/button_Cancel_restore' is clicked on

2022-12-07 17:52:37 - [MESSAGE][PASSED] - Object: 'Object Repository/09-Settings/Users/Active User/button_Cancel_restore' is clicked on

2022-12-07 17:52:37 - [TEST_STEP][PASSED] - verifyElementPresent(findTestObject("09-Settings/Users/Active User/div_GTGG tester 2"), 0): Object 'Object Repository/09-Settings/Users/Active User/div_GTGG tester 2' is present

2022-12-07 17:52:37 - [MESSAGE][WARNING] - Timeout '0' is invalid. Using default page load timeout: '30'

2022-12-07 17:52:38 - [MESSAGE][PASSED] - Object 'Object Repository/09-Settings/Users/Active User/div_GTGG tester 2' is present

2022-12-07 17:52:38 - [TEST_STEP][PASSED] - click(findTestObject("09-Settings/Users/Active User/button_ellipses")): Object: 'Object Repository/09-Settings/Users/Active User/button_ellipses' is clicked on

2022-12-07 17:52:38 - [MESSAGE][PASSED] - Object: 'Object Repository/09-Settings/Users/Active User/button_ellipses' is clicked on

2022-12-07 17:52:38 - [TEST_STEP][PASSED] - click(findTestObject("09-Settings/Users/Active User/button_Delete User")): Object: 'Object Repository/09-Settings/Users/Active User/button_Delete User' is clicked on

2022-12-07 17:52:39 - [MESSAGE][PASSED] - Object: 'Object Repository/09-Settings/Users/Active User/button_Delete User' is clicked on

2022-12-07 17:52:39 - [TEST_STEP][PASSED] - verifyElementPresent(findTestObject("09-Settings/Users/Active User/h4_Delete User"), 0): Object 'Object Repository/09-Settings/Users/Active User/h4_Delete User' is present

2022-12-07 17:52:39 - [MESSAGE][WARNING] - Timeout '0' is invalid. Using default page load timeout: '30'

2022-12-07 17:52:40 - [MESSAGE][PASSED] - Object 'Object Repository/09-Settings/Users/Active User/h4_Delete User' is present

2022-12-07 17:52:40 - [TEST_STEP][PASSED] - delay(4): Delayed 4 second(s)

2022-12-07 17:52:44 - [MESSAGE][PASSED] - Delayed 4 second(s)

2022-12-07 17:52:44 - [TEST_STEP][PASSED] - click(findTestObject("09-Settings/Users/Active User/button_Delete")): Object: 'Object Repository/09-Settings/Users/Active User/button_Delete' is clicked on

2022-12-07 17:52:44 - [MESSAGE][PASSED] - Object: 'Object Repository/09-Settings/Users/Active User/button_Delete' is clicked on

2022-12-07 17:52:44 - [TEST_STEP][PASSED] - delay(3): Delayed 3 second(s)

2022-12-07 17:52:47 - [MESSAGE][PASSED] - Delayed 3 second(s)

2022-12-07 17:52:47 - [TEST_STEP][PASSED] - verifyElementPresent(findTestObject("09-Settings/Users/Active User/div_GTGG tester"), 0): Object 'Object Repository/09-Settings/Users/Active User/div_GTGG tester' is present

2022-12-07 17:52:47 - [MESSAGE][WARNING] - Timeout '0' is invalid. Using default page load timeout: '30'

2022-12-07 17:52:47 - [MESSAGE][PASSED] - Object 'Object Repository/09-Settings/Users/Active User/div_GTGG tester' is present

2022-12-07 17:52:47 - [TEST_STEP][PASSED] - click(findTestObject("09-Settings/Users/Active User/button_ellipses")): Object: 'Object Repository/09-Settings/Users/Active User/button_ellipses' is clicked on

2022-12-07 17:52:48 - [MESSAGE][PASSED] - Object: 'Object Repository/09-Settings/Users/Active User/button_ellipses' is clicked on

2022-12-07 17:52:48 - [TEST_STEP][PASSED] - click(findTestObject("09-Settings/Users/Active User/button_Delete User")): Object: 'Object Repository/09-Settings/Users/Active User/button_Delete User' is clicked on

2022-12-07 17:52:49 - [MESSAGE][PASSED] - Object: 'Object Repository/09-Settings/Users/Active User/button_Delete User' is clicked on

2022-12-07 17:52:49 - [TEST_STEP][PASSED] - verifyElementPresent(findTestObject("09-Settings/Users/Active User/h4_Delete User"), 0): Object 'Object Repository/09-Settings/Users/Active User/h4_Delete User' is present

2022-12-07 17:52:49 - [MESSAGE][WARNING] - Timeout '0' is invalid. Using default page load timeout: '30'

2022-12-07 17:52:50 - [MESSAGE][PASSED] - Object 'Object Repository/09-Settings/Users/Active User/h4_Delete User' is present

2022-12-07 17:52:50 - [TEST_STEP][PASSED] - delay(4): Delayed 4 second(s)

2022-12-07 17:52:54 - [MESSAGE][PASSED] - Delayed 4 second(s)

2022-12-07 17:52:54 - [TEST_STEP][PASSED] - click(findTestObject("09-Settings/Users/Active User/button_Delete")): Object: 'Object Repository/09-Settings/Users/Active User/button_Delete' is clicked on

2022-12-07 17:52:55 - [MESSAGE][PASSED] - Object: 'Object Repository/09-Settings/Users/Active User/button_Delete' is clicked on

2022-12-07 17:52:55 - [TEST_STEP][PASSED] - delay(3): Delayed 3 second(s)

2022-12-07 17:52:58 - [MESSAGE][PASSED] - Delayed 3 second(s)

2022-12-07 17:52:58 - [TEST_STEP][PASSED] - verifyElementPresent(findTestObject("09-Settings/Users/Active User/div_GTGG Tester 3"), 0): Object 'Object Repository/09-Settings/Users/Active User/div_GTGG Tester 3' is present

2022-12-07 17:52:58 - [MESSAGE][WARNING] - Timeout '0' is invalid. Using default page load timeout: '30'

2022-12-07 17:52:58 - [MESSAGE][PASSED] - Object 'Object Repository/09-Settings/Users/Active User/div_GTGG Tester 3' is present

2022-12-07 17:52:58 - [TEST_STEP][PASSED] - click(findTestObject("09-Settings/Users/Active User/button_ellipses")): Object: 'Object Repository/09-Settings/Users/Active User/button_ellipses' is clicked on

2022-12-07 17:52:58 - [MESSAGE][PASSED] - Object: 'Object Repository/09-Settings/Users/Active User/button_ellipses' is clicked on

2022-12-07 17:52:58 - [TEST_STEP][PASSED] - click(findTestObject("09-Settings/Users/Active User/button_Delete User")): Object: 'Object Repository/09-Settings/Users/Active User/button_Delete User' is clicked on

2022-12-07 17:53:00 - [MESSAGE][PASSED] - Object: 'Object Repository/09-Settings/Users/Active User/button_Delete User' is clicked on

2022-12-07 17:53:00 - [TEST_STEP][PASSED] - verifyElementPresent(findTestObject("09-Settings/Users/Active User/h4_Delete User"), 0): Object 'Object Repository/09-Settings/Users/Active User/h4_Delete User' is present

2022-12-07 17:53:00 - [MESSAGE][WARNING] - Timeout '0' is invalid. Using default page load timeout: '30'

2022-12-07 17:53:01 - [MESSAGE][PASSED] - Object 'Object Repository/09-Settings/Users/Active User/h4_Delete User' is present

2022-12-07 17:53:01 - [TEST_STEP][PASSED] - delay(4): Delayed 4 second(s)

2022-12-07 17:53:05 - [MESSAGE][PASSED] - Delayed 4 second(s)

2022-12-07 17:53:05 - [TEST_STEP][PASSED] - click(findTestObject("09-Settings/Users/Active User/button_Delete")): Object: 'Object Repository/09-Settings/Users/Active User/button_Delete' is clicked on

2022-12-07 17:53:05 - [MESSAGE][PASSED] - Object: 'Object Repository/09-Settings/Users/Active User/button_Delete' is clicked on

2022-12-07 17:53:05 - [TEST_STEP][PASSED] - delay(3): Delayed 3 second(s)

2022-12-07 17:53:08 - [MESSAGE][PASSED] - Delayed 3 second(s)

2022-12-07 17:53:08 - [TEST_STEP][PASSED] - verifyElementPresent(findTestObject("09-Settings/Users/Active User/div_GPGG Partner"), 0): Object 'Object Repository/09-Settings/Users/Active User/div_GPGG Partner' is present

2022-12-07 17:53:08 - [MESSAGE][WARNING] - Timeout '0' is invalid. Using default page load timeout: '30'

2022-12-07 17:53:08 - [MESSAGE][PASSED] - Object 'Object Repository/09-Settings/Users/Active User/div_GPGG Partner' is present

2022-12-07 17:53:08 - [TEST_STEP][PASSED] - click(findTestObject("09-Settings/Users/Active User/button_ellipses")): Object: 'Object Repository/09-Settings/Users/Active User/button_ellipses' is clicked on

2022-12-07 17:53:09 - [MESSAGE][PASSED] - Object: 'Object Repository/09-Settings/Users/Active User/button_ellipses' is clicked on

2022-12-07 17:53:09 - [TEST_STEP][PASSED] - click(findTestObject("09-Settings/Users/Active User/button_Delete User")): Object: 'Object Repository/09-Settings/Users/Active User/button_Delete User' is clicked on

2022-12-07 17:53:10 - [MESSAGE][PASSED] - Object: 'Object Repository/09-Settings/Users/Active User/button_Delete User' is clicked on

2022-12-07 17:53:10 - [TEST_STEP][PASSED] - verifyElementPresent(findTestObject("09-Settings/Users/Active User/h4_Delete User"), 0): Object 'Object Repository/09-Settings/Users/Active User/h4_Delete User' is present

2022-12-07 17:53:10 - [MESSAGE][WARNING] - Timeout '0' is invalid. Using default page load timeout: '30'

2022-12-07 17:53:11 - [MESSAGE][PASSED] - Object 'Object Repository/09-Settings/Users/Active User/h4_Delete User' is present

2022-12-07 17:53:11 - [TEST_STEP][PASSED] - delay(4): Delayed 4 second(s)

2022-12-07 17:53:15 - [MESSAGE][PASSED] - Delayed 4 second(s)

2022-12-07 17:53:15 - [TEST_STEP][PASSED] - click(findTestObject("09-Settings/Users/Active User/button_Delete")): Object: 'Object Repository/09-Settings/Users/Active User/button_Delete' is clicked on

2022-12-07 17:53:16 - [MESSAGE][PASSED] - Object: 'Object Repository/09-Settings/Users/Active User/button_Delete' is clicked on

2022-12-07 17:53:16 - [TEST_STEP][PASSED] - delay(3): Delayed 3 second(s)

2022-12-07 17:53:19 - [MESSAGE][PASSED] - Delayed 3 second(s)

2022-12-07 17:53:19 - [TEST_STEP][PASSED] - verifyElementPresent(findTestObject("09-Settings/Users/Active User/div_GCGG Client"), 0): Object 'Object Repository/09-Settings/Users/Active User/div_GCGG Client' is present

2022-12-07 17:53:19 - [MESSAGE][WARNING] - Timeout '0' is invalid. Using default page load timeout: '30'

2022-12-07 17:53:19 - [MESSAGE][PASSED] - Object 'Object Repository/09-Settings/Users/Active User/div_GCGG Client' is present

2022-12-07 17:53:19 - [TEST_STEP][PASSED] - click(findTestObject("09-Settings/Users/Active User/button_ellipses")): Object: 'Object Repository/09-Settings/Users/Active User/button_ellipses' is clicked on

2022-12-07 17:53:19 - [MESSAGE][PASSED] - Object: 'Object Repository/09-Settings/Users/Active User/button_ellipses' is clicked on

2022-12-07 17:53:19 - [TEST_STEP][PASSED] - click(findTestObject("09-Settings/Users/Active User/button_Delete User")): Object: 'Object Repository/09-Settings/Users/Active User/button_Delete User' is clicked on

2022-12-07 17:53:21 - [MESSAGE][PASSED] - Object: 'Object Repository/09-Settings/Users/Active User/button_Delete User' is clicked on

2022-12-07 17:53:21 - [TEST_STEP][PASSED] - verifyElementPresent(findTestObject("09-Settings/Users/Active User/h4_Delete User"), 0): Object 'Object Repository/09-Settings/Users/Active User/h4_Delete User' is present

2022-12-07 17:53:21 - [MESSAGE][WARNING] - Timeout '0' is invalid. Using default page load timeout: '30'

2022-12-07 17:53:22 - [MESSAGE][PASSED] - Object 'Object Repository/09-Settings/Users/Active User/h4_Delete User' is present

2022-12-07 17:53:22 - [TEST_STEP][PASSED] - delay(4): Delayed 4 second(s)

2022-12-07 17:53:26 - [MESSAGE][PASSED] - Delayed 4 second(s)

2022-12-07 17:53:26 - [TEST_STEP][PASSED] - click(findTestObject("09-Settings/Users/Active User/button_Delete")): Object: 'Object Repository/09-Settings/Users/Active User/button_Delete' is clicked on

2022-12-07 17:53:26 - [MESSAGE][PASSED] - Object: 'Object Repository/09-Settings/Users/Active User/button_Delete' is clicked on

2022-12-07 17:53:26 - [TEST_STEP][PASSED] - verifyElementPresent(findTestObject("09-Settings/Users/Active User/span_Successfully deleted user"), 0): Object 'Object Repository/09-Settings/Users/Active User/span_Successfully deleted user' is present

2022-12-07 17:53:26 - [MESSAGE][WARNING] - Timeout '0' is invalid. Using default page load timeout: '30'

2022-12-07 17:53:28 - [MESSAGE][PASSED] - Object 'Object Repository/09-Settings/Users/Active User/span_Successfully deleted user' is present

2022-12-07 17:53:28 - [TEST_STEP][PASSED] - click(findTestObject("09-Settings/Users/Active User/button_OK")): Object: 'Object Repository/09-Settings/Users/Active User/button_OK' is clicked on

2022-12-07 17:53:28 - [MESSAGE][PASSED] - Object: 'Object Repository/09-Settings/Users/Active User/button_OK' is clicked on

2022-12-07 17:53:28 - [TEST_STEP][PASSED] - delay(5): Delayed 5 second(s)

2022-12-07 17:53:34 - [MESSAGE][PASSED] - Delayed 5 second(s)

2022-12-07 17:53:34 - [TEST_STEP][PASSED] - closeBrowser(): Browser is closed

2022-12-07 17:53:34 - [MESSAGE][PASSED] - Browser is closed]]></system-out>
         <system-err><![CDATA[]]></system-err>
      </testcase>
      <system-out><![CDATA[2022-12-07 17:47:27 - [TEST_SUITE][PASSED] - 09.2 - Setttings (Active user): Test Cases/09-Settings/15 - Users (Active User - Delete Active user)]]></system-out>
      <system-err><![CDATA[]]></system-err>
   </testsuite>
</testsuites>
