<?xml version="1.0" encoding="UTF-8"?>
<testsuites name="06.1- Teams - Add" time="168.54" tests="2" failures="0" errors="0">
   <testsuite name="06.1- Teams - Add" tests="2" failures="0" errors="0" time="168.54" skipped="0" timestamp="2023-04-17 12:01:04" hostname="Mike - LAPTOP-LF5VTH4H" id="Test Suites/TS-Organization/06.1- Teams - Add">
      <properties>
         <property name="deviceName" value=""/>
         <property name="devicePlatform" value=""/>
         <property name="logFolder" value="D:\\Users\\Michelle\\Project\\Everleagues\\Reports\\20230417_120058\\TS-Organization\\06.1- Teams - Add\\20230417_120058"/>
         <property name="logFiles" value="D:\\Users\\Michelle\\Project\\Everleagues\\Reports\\20230417_120058\\TS-Organization\\06.1- Teams - Add\\20230417_120058\\execution0.log"/>
         <property name="attachments" value=""/>
         <property name="hostName" value="Mike - LAPTOP-LF5VTH4H"/>
         <property name="os" value="Windows 10 64bit"/>
         <property name="katalonVersion" value="8.6.0.208"/>
         <property name="browser" value="Chrome 112.0.0.0"/>
         <property name="hostAddress" value="10.100.1.18"/>
         <property name="sessionId" value="24b7796458cfe7c35bf6bda1bd9c6986"/>
         <property name="seleniumVersion" value="3.141.59"/>
         <property name="proxyInformation" value="ProxyInformation { proxyOption=NO_PROXY, proxyServerType=HTTP, username=, password=********, proxyServerAddress=, proxyServerPort=0, executionList=&quot;&quot;, isApplyToDesiredCapabilities=true }"/>
         <property name="platform" value="Windows 10"/>
      </properties>
      <testcase name="Test Cases/06- Teams/01- Add Team- Public" time="121.219" classname="Test Cases/06- Teams/01- Add Team- Public" status="PASSED">
         <system-out><![CDATA[2023-04-17 12:01:05 - [TEST_CASE][PASSED] - Test Cases/06- Teams/01- Add Team- Public: Test Cases/06- Teams/01- Add Team- Public

2023-04-17 12:01:06 - [TEST_STEP][PASSED] - openBrowser(""): Browser is opened with url: ''

2023-04-17 12:01:06 - [MESSAGE][INFO] - Starting 'Chrome' driver

2023-04-17 12:01:06 - [MESSAGE][INFO] - Action delay is set to 0 milliseconds

2023-04-17 12:01:12 - [MESSAGE][PASSED] - Browser is opened with url: ''

2023-04-17 12:01:12 - [TEST_STEP][PASSED] - navigateToUrl("https://lab.everleagues.com/"): Navigate to 'https://lab.everleagues.com/' successfully

2023-04-17 12:01:27 - [MESSAGE][PASSED] - Navigate to 'https://lab.everleagues.com/' successfully

2023-04-17 12:01:27 - [TEST_STEP][PASSED] - maximizeWindow(): Current window maximized

2023-04-17 12:01:27 - [MESSAGE][PASSED] - Current window maximized

2023-04-17 12:01:27 - [TEST_STEP][PASSED] - callTestCase(findTestCase("01-Login and Forgot Password/04-Login(Valid Credentials-With Subscription)"), [:], STOP_ON_FAILURE): Call Test Case 'Test Cases/01-Login and Forgot Password/04-Login(Valid Credentials-With Subscription)' successfully

2023-04-17 12:01:27 - [TEST_CASE][PASSED] - Test Cases/01-Login and Forgot Password/04-Login(Valid Credentials-With Subscription): Test Cases/01-Login and Forgot Password/04-Login(Valid Credentials-With Subscription)

2023-04-17 12:01:28 - [TEST_STEP][PASSED] - setText(findTestObject("01-Login and Forgot Password/input_Email_email"), "testuser05@mailinator.com"): Text 'testuser05@mailinator.com' is set on object 'Object Repository/01-Login and Forgot Password/input_Email_email'

2023-04-17 12:01:29 - [MESSAGE][PASSED] - Text 'testuser05@mailinator.com' is set on object 'Object Repository/01-Login and Forgot Password/input_Email_email'

2023-04-17 12:01:29 - [TEST_STEP][PASSED] - setEncryptedText(findTestObject("01-Login and Forgot Password/input_Email_password"), "8yFRyszE6U6jvsCn51OQbg=="): Text ****** has been set on object 'Object Repository/01-Login and Forgot Password/input_Email_password'

2023-04-17 12:01:30 - [MESSAGE][PASSED] - Text ****** has been set on object 'Object Repository/01-Login and Forgot Password/input_Email_password'

2023-04-17 12:01:30 - [TEST_STEP][PASSED] - delay(2): Delayed 2 second(s)

2023-04-17 12:01:32 - [MESSAGE][PASSED] - Delayed 2 second(s)

2023-04-17 12:01:32 - [TEST_STEP][PASSED] - click(findTestObject("01-Login and Forgot Password/show pass button")): Object: 'Object Repository/01-Login and Forgot Password/show pass button' is clicked on

2023-04-17 12:01:32 - [MESSAGE][PASSED] - Object: 'Object Repository/01-Login and Forgot Password/show pass button' is clicked on

2023-04-17 12:01:32 - [TEST_STEP][PASSED] - delay(3): Delayed 3 second(s)

2023-04-17 12:01:35 - [MESSAGE][PASSED] - Delayed 3 second(s)

2023-04-17 12:01:35 - [TEST_STEP][PASSED] - click(findTestObject("01-Login and Forgot Password/button_Sign in")): Object: 'Object Repository/01-Login and Forgot Password/button_Sign in' is clicked on

2023-04-17 12:01:36 - [MESSAGE][PASSED] - Object: 'Object Repository/01-Login and Forgot Password/button_Sign in' is clicked on

2023-04-17 12:01:36 - [TEST_STEP][PASSED] - delay(3): Delayed 3 second(s)

2023-04-17 12:01:39 - [MESSAGE][PASSED] - Delayed 3 second(s)

2023-04-17 12:01:39 - [TEST_STEP][PASSED] - click(findTestObject("06-Teams/For 2FA/button_Confirm_2FA")): Object: 'Object Repository/06-Teams/For 2FA/button_Confirm_2FA' is clicked on

2023-04-17 12:01:39 - [MESSAGE][PASSED] - Object: 'Object Repository/06-Teams/For 2FA/button_Confirm_2FA' is clicked on

2023-04-17 12:01:39 - [TEST_STEP][PASSED] - executeJavaScript("window.open();", []): Execute JavaScript 'window.open();' successfully

2023-04-17 12:01:39 - [MESSAGE][PASSED] - Execute JavaScript 'window.open();' successfully

2023-04-17 12:01:39 - [TEST_STEP][PASSED] - currentWindow = getWindowIndex(): Current window's index is: 0

2023-04-17 12:01:39 - [MESSAGE][PASSED] - Current window's index is: 0

2023-04-17 12:01:39 - [TEST_STEP][PASSED] - delay(3): Delayed 3 second(s)

2023-04-17 12:01:42 - [MESSAGE][PASSED] - Delayed 3 second(s)

2023-04-17 12:01:42 - [TEST_STEP][PASSED] - switchToWindowIndex(currentWindow + 1): Switched to window with index: '1'

2023-04-17 12:01:43 - [MESSAGE][PASSED] - Switched to window with index: '1'

2023-04-17 12:01:43 - [TEST_STEP][PASSED] - navigateToUrl("https://www.mailinator.com/"): Navigate to 'https://www.mailinator.com/' successfully

2023-04-17 12:01:46 - [MESSAGE][PASSED] - Navigate to 'https://www.mailinator.com/' successfully

2023-04-17 12:01:46 - [TEST_STEP][PASSED] - delay(3): Delayed 3 second(s)

2023-04-17 12:01:49 - [MESSAGE][PASSED] - Delayed 3 second(s)

2023-04-17 12:01:49 - [TEST_STEP][PASSED] - setText(findTestObject("00-Signup and Activation/zMailinator/input_LOGIN_search"), "testuser05@mailinator.com"): Text 'testuser05@mailinator.com' is set on object 'Object Repository/00-Signup and Activation/zMailinator/input_LOGIN_search'

2023-04-17 12:01:50 - [MESSAGE][PASSED] - Text 'testuser05@mailinator.com' is set on object 'Object Repository/00-Signup and Activation/zMailinator/input_LOGIN_search'

2023-04-17 12:01:50 - [TEST_STEP][PASSED] - click(findTestObject("00-Signup and Activation/zMailinator/gobutton"), STOP_ON_FAILURE): Object: 'Object Repository/00-Signup and Activation/zMailinator/gobutton' is clicked on

2023-04-17 12:01:51 - [MESSAGE][PASSED] - Object: 'Object Repository/00-Signup and Activation/zMailinator/gobutton' is clicked on

2023-04-17 12:01:51 - [TEST_STEP][PASSED] - delay(3): Delayed 3 second(s)

2023-04-17 12:01:54 - [MESSAGE][PASSED] - Delayed 3 second(s)

2023-04-17 12:01:54 - [TEST_STEP][PASSED] - click(findTestObject("00-Signup and Activation/zMailinator/Email - everleagues")): Object: 'Object Repository/00-Signup and Activation/zMailinator/Email - everleagues' is clicked on

2023-04-17 12:01:55 - [MESSAGE][PASSED] - Object: 'Object Repository/00-Signup and Activation/zMailinator/Email - everleagues' is clicked on

2023-04-17 12:01:55 - [TEST_STEP][PASSED] - delay(3): Delayed 3 second(s)

2023-04-17 12:01:58 - [MESSAGE][PASSED] - Delayed 3 second(s)

2023-04-17 12:01:58 - [TEST_STEP][PASSED] - code = getText(findTestObject("Object Repository/06-Teams/For 2FA/2FA code")): Text of object 'Object Repository/06-Teams/For 2FA/2FA code' is: '247342'

2023-04-17 12:01:58 - [MESSAGE][PASSED] - Text of object 'Object Repository/06-Teams/For 2FA/2FA code' is: '247342'

2023-04-17 12:01:58 - [TEST_STEP][PASSED] - delay(3): Delayed 3 second(s)

2023-04-17 12:02:01 - [MESSAGE][PASSED] - Delayed 3 second(s)

2023-04-17 12:02:01 - [TEST_STEP][PASSED] - closeWindowTitle("Mailinator"): Window with title: 'Mailinator' is closed

2023-04-17 12:02:02 - [MESSAGE][PASSED] - Window with title: 'Mailinator' is closed

2023-04-17 12:02:02 - [TEST_STEP][PASSED] - delay(3): Delayed 3 second(s)

2023-04-17 12:02:05 - [MESSAGE][PASSED] - Delayed 3 second(s)

2023-04-17 12:02:05 - [TEST_STEP][PASSED] - switchToWindowIndex(0): Switched to window with index: '0'

2023-04-17 12:02:05 - [MESSAGE][PASSED] - Switched to window with index: '0'

2023-04-17 12:02:05 - [TEST_STEP][PASSED] - delay(3): Delayed 3 second(s)

2023-04-17 12:02:08 - [MESSAGE][PASSED] - Delayed 3 second(s)

2023-04-17 12:02:08 - [TEST_STEP][PASSED] - setText(findTestObject("Object Repository/06-Teams/For 2FA/input_Enter verification code_code"), code): Text '247342' is set on object 'Object Repository/06-Teams/For 2FA/input_Enter verification code_code'

2023-04-17 12:02:09 - [MESSAGE][PASSED] - Text '247342' is set on object 'Object Repository/06-Teams/For 2FA/input_Enter verification code_code'

2023-04-17 12:02:09 - [TEST_STEP][PASSED] - delay(3): Delayed 3 second(s)

2023-04-17 12:02:12 - [MESSAGE][PASSED] - Delayed 3 second(s)

2023-04-17 12:02:12 - [TEST_STEP][PASSED] - click(findTestObject("06-Teams/For 2FA/button_Verify_2FA")): Object: 'Object Repository/06-Teams/For 2FA/button_Verify_2FA' is clicked on

2023-04-17 12:02:12 - [MESSAGE][PASSED] - Object: 'Object Repository/06-Teams/For 2FA/button_Verify_2FA' is clicked on

2023-04-17 12:02:12 - [TEST_STEP][PASSED] - delay(3): Delayed 3 second(s)

2023-04-17 12:02:15 - [MESSAGE][PASSED] - Delayed 3 second(s)

2023-04-17 12:02:15 - [MESSAGE][PASSED] - Call Test Case 'Test Cases/01-Login and Forgot Password/04-Login(Valid Credentials-With Subscription)' successfully

2023-04-17 12:02:15 - [TEST_STEP][PASSED] - click(findTestObject("06-Teams/button_doublearrow")): Object: 'Object Repository/06-Teams/button_doublearrow' is clicked on

2023-04-17 12:02:19 - [MESSAGE][PASSED] - Object: 'Object Repository/06-Teams/button_doublearrow' is clicked on

2023-04-17 12:02:19 - [TEST_STEP][PASSED] - click(findTestObject("06-Teams/button_My Organizations")): Object: 'Object Repository/06-Teams/button_My Organizations' is clicked on

2023-04-17 12:02:20 - [MESSAGE][PASSED] - Object: 'Object Repository/06-Teams/button_My Organizations' is clicked on

2023-04-17 12:02:20 - [TEST_STEP][PASSED] - click(findTestObject("06-Teams/button_GG Automation")): Object: 'Object Repository/06-Teams/button_GG Automation' is clicked on

2023-04-17 12:02:21 - [MESSAGE][PASSED] - Object: 'Object Repository/06-Teams/button_GG Automation' is clicked on

2023-04-17 12:02:21 - [TEST_STEP][PASSED] - delay(4): Delayed 4 second(s)

2023-04-17 12:02:25 - [MESSAGE][PASSED] - Delayed 4 second(s)

2023-04-17 12:02:25 - [TEST_STEP][PASSED] - verifyElementVisible(findTestObject("06-Teams/span_GG Automation")): Object 'Object Repository/06-Teams/span_GG Automation' is visible

2023-04-17 12:02:25 - [MESSAGE][PASSED] - Object 'Object Repository/06-Teams/span_GG Automation' is visible

2023-04-17 12:02:25 - [TEST_STEP][PASSED] - delay(2): Delayed 2 second(s)

2023-04-17 12:02:27 - [MESSAGE][PASSED] - Delayed 2 second(s)

2023-04-17 12:02:27 - [TEST_STEP][PASSED] - click(findTestObject("03-Header Menu/Hamburger Button/div_Teams")): Object: 'Object Repository/03-Header Menu/Hamburger Button/div_Teams' is clicked on

2023-04-17 12:02:28 - [MESSAGE][PASSED] - Object: 'Object Repository/03-Header Menu/Hamburger Button/div_Teams' is clicked on

2023-04-17 12:02:28 - [TEST_STEP][PASSED] - delay(2): Delayed 2 second(s)

2023-04-17 12:02:30 - [MESSAGE][PASSED] - Delayed 2 second(s)

2023-04-17 12:02:30 - [TEST_STEP][PASSED] - verifyElementVisible(findTestObject("06-Teams/h4_TEAMS")): Object 'Object Repository/06-Teams/h4_TEAMS' is visible

2023-04-17 12:02:30 - [MESSAGE][PASSED] - Object 'Object Repository/06-Teams/h4_TEAMS' is visible

2023-04-17 12:02:30 - [TEST_STEP][PASSED] - delay(3): Delayed 3 second(s)

2023-04-17 12:02:33 - [MESSAGE][PASSED] - Delayed 3 second(s)

2023-04-17 12:02:33 - [TEST_STEP][PASSED] - click(findTestObject("06-Teams/Add Team")): Object: 'Object Repository/06-Teams/Add Team' is clicked on

2023-04-17 12:02:34 - [MESSAGE][PASSED] - Object: 'Object Repository/06-Teams/Add Team' is clicked on

2023-04-17 12:02:34 - [TEST_STEP][PASSED] - delay(3): Delayed 3 second(s)

2023-04-17 12:02:37 - [MESSAGE][PASSED] - Delayed 3 second(s)

2023-04-17 12:02:37 - [TEST_STEP][PASSED] - verifyElementVisible(findTestObject("06-Teams/button_Public")): Object 'Object Repository/06-Teams/button_Public' is visible

2023-04-17 12:02:38 - [MESSAGE][PASSED] - Object 'Object Repository/06-Teams/button_Public' is visible

2023-04-17 12:02:38 - [TEST_STEP][PASSED] - verifyElementVisible(findTestObject("06-Teams/button_Private")): Object 'Object Repository/06-Teams/button_Private' is visible

2023-04-17 12:02:38 - [MESSAGE][PASSED] - Object 'Object Repository/06-Teams/button_Private' is visible

2023-04-17 12:02:38 - [TEST_STEP][PASSED] - delay(3): Delayed 3 second(s)

2023-04-17 12:02:41 - [MESSAGE][PASSED] - Delayed 3 second(s)

2023-04-17 12:02:41 - [TEST_STEP][PASSED] - click(findTestObject("06-Teams/button_Public")): Object: 'Object Repository/06-Teams/button_Public' is clicked on

2023-04-17 12:02:42 - [MESSAGE][PASSED] - Object: 'Object Repository/06-Teams/button_Public' is clicked on

2023-04-17 12:02:42 - [TEST_STEP][PASSED] - verifyElementVisible(findTestObject("06-Teams/01-Add Team-Public/Add Team_Public")): Object 'Object Repository/06-Teams/01-Add Team-Public/Add Team_Public' is visible

2023-04-17 12:02:43 - [MESSAGE][PASSED] - Object 'Object Repository/06-Teams/01-Add Team-Public/Add Team_Public' is visible

2023-04-17 12:02:43 - [TEST_STEP][PASSED] - scrollToElement(findTestObject("06-Teams/01-Add Team-Public/button_Create"), 0): Scroll to object 'Object Repository/06-Teams/01-Add Team-Public/button_Create' successfully

2023-04-17 12:02:43 - [MESSAGE][WARNING] - Timeout '0' is invalid. Using default page load timeout: '30'

2023-04-17 12:02:43 - [MESSAGE][PASSED] - Scroll to object 'Object Repository/06-Teams/01-Add Team-Public/button_Create' successfully

2023-04-17 12:02:43 - [TEST_STEP][PASSED] - verifyElementNotClickable(findTestObject("06-Teams/01-Add Team-Public/button_Create")): Object 'Object Repository/06-Teams/01-Add Team-Public/button_Create' is NOT clickable

2023-04-17 12:02:44 - [MESSAGE][PASSED] - Object 'Object Repository/06-Teams/01-Add Team-Public/button_Create' is NOT clickable

2023-04-17 12:02:44 - [TEST_STEP][PASSED] - delay(3): Delayed 3 second(s)

2023-04-17 12:02:47 - [MESSAGE][PASSED] - Delayed 3 second(s)

2023-04-17 12:02:47 - [TEST_STEP][PASSED] - click(findTestObject("06-Teams/01-Add Team-Public/input_teamName")): Object: 'Object Repository/06-Teams/01-Add Team-Public/input_teamName' is clicked on

2023-04-17 12:02:48 - [MESSAGE][PASSED] - Object: 'Object Repository/06-Teams/01-Add Team-Public/input_teamName' is clicked on

2023-04-17 12:02:48 - [TEST_STEP][PASSED] - click(findTestObject("06-Teams/01-Add Team-Public/Org unit")): Object: 'Object Repository/06-Teams/01-Add Team-Public/Org unit' is clicked on

2023-04-17 12:02:48 - [MESSAGE][PASSED] - Object: 'Object Repository/06-Teams/01-Add Team-Public/Org unit' is clicked on

2023-04-17 12:02:48 - [TEST_STEP][PASSED] - verifyElementVisible(findTestObject("06-Teams/01-Add Team-Public/h4_Select an organization unit")): Object 'Object Repository/06-Teams/01-Add Team-Public/h4_Select an organization unit' is visible

2023-04-17 12:02:49 - [MESSAGE][PASSED] - Object 'Object Repository/06-Teams/01-Add Team-Public/h4_Select an organization unit' is visible

2023-04-17 12:02:49 - [TEST_STEP][PASSED] - delay(3): Delayed 3 second(s)

2023-04-17 12:02:52 - [MESSAGE][PASSED] - Delayed 3 second(s)

2023-04-17 12:02:52 - [TEST_STEP][PASSED] - click(findTestObject("06-Teams/01-Add Team-Public/div_GG Automation")): Object: 'Object Repository/06-Teams/01-Add Team-Public/div_GG Automation' is clicked on

2023-04-17 12:02:52 - [MESSAGE][PASSED] - Object: 'Object Repository/06-Teams/01-Add Team-Public/div_GG Automation' is clicked on

2023-04-17 12:02:52 - [TEST_STEP][PASSED] - click(findTestObject("06-Teams/01-Add Team-Public/button_Select")): Object: 'Object Repository/06-Teams/01-Add Team-Public/button_Select' is clicked on

2023-04-17 12:02:52 - [MESSAGE][PASSED] - Object: 'Object Repository/06-Teams/01-Add Team-Public/button_Select' is clicked on

2023-04-17 12:02:52 - [TEST_STEP][PASSED] - verifyElementVisible(findTestObject("06-Teams/01-Add Team-Public/Error Team name")): Object 'Object Repository/06-Teams/01-Add Team-Public/Error Team name' is visible

2023-04-17 12:02:53 - [MESSAGE][PASSED] - Object 'Object Repository/06-Teams/01-Add Team-Public/Error Team name' is visible

2023-04-17 12:02:53 - [TEST_STEP][PASSED] - delay(3): Delayed 3 second(s)

2023-04-17 12:02:56 - [MESSAGE][PASSED] - Delayed 3 second(s)

2023-04-17 12:02:56 - [TEST_STEP][PASSED] - setText(findTestObject("06-Teams/01-Add Team-Public/input_teamName"), "Auto Team Public"): Text 'Auto Team Public' is set on object 'Object Repository/06-Teams/01-Add Team-Public/input_teamName'

2023-04-17 12:02:57 - [MESSAGE][PASSED] - Text 'Auto Team Public' is set on object 'Object Repository/06-Teams/01-Add Team-Public/input_teamName'

2023-04-17 12:02:57 - [TEST_STEP][PASSED] - scrollToElement(findTestObject("06-Teams/01-Add Team-Public/button_Create"), 0): Scroll to object 'Object Repository/06-Teams/01-Add Team-Public/button_Create' successfully

2023-04-17 12:02:57 - [MESSAGE][WARNING] - Timeout '0' is invalid. Using default page load timeout: '30'

2023-04-17 12:02:58 - [MESSAGE][PASSED] - Scroll to object 'Object Repository/06-Teams/01-Add Team-Public/button_Create' successfully

2023-04-17 12:02:58 - [TEST_STEP][PASSED] - click(findTestObject("06-Teams/01-Add Team-Public/button_Create")): Object: 'Object Repository/06-Teams/01-Add Team-Public/button_Create' is clicked on

2023-04-17 12:02:58 - [MESSAGE][PASSED] - Object: 'Object Repository/06-Teams/01-Add Team-Public/button_Create' is clicked on

2023-04-17 12:02:58 - [TEST_STEP][PASSED] - verifyElementVisible(findTestObject("06-Teams/01-Add Team-Public/span_Successfully added new team")): Object 'Object Repository/06-Teams/01-Add Team-Public/span_Successfully added new team' is visible

2023-04-17 12:03:00 - [MESSAGE][PASSED] - Object 'Object Repository/06-Teams/01-Add Team-Public/span_Successfully added new team' is visible

2023-04-17 12:03:00 - [TEST_STEP][PASSED] - delay(3): Delayed 3 second(s)

2023-04-17 12:03:03 - [MESSAGE][PASSED] - Delayed 3 second(s)

2023-04-17 12:03:03 - [TEST_STEP][PASSED] - verifyElementVisible(findTestObject("06-Teams/01-Add Team-Public/span_Auto Team Public")): Object 'Object Repository/06-Teams/01-Add Team-Public/span_Auto Team Public' is visible

2023-04-17 12:03:03 - [MESSAGE][PASSED] - Object 'Object Repository/06-Teams/01-Add Team-Public/span_Auto Team Public' is visible

2023-04-17 12:03:03 - [TEST_STEP][PASSED] - delay(3): Delayed 3 second(s)

2023-04-17 12:03:06 - [MESSAGE][PASSED] - Delayed 3 second(s)]]></system-out>
         <system-err><![CDATA[]]></system-err>
      </testcase>
      <testcase name="Test Cases/06- Teams/02-Add Team-Private" time="46.777" classname="Test Cases/06- Teams/02-Add Team-Private" status="PASSED">
         <system-out><![CDATA[2023-04-17 12:03:06 - [TEST_CASE][PASSED] - Test Cases/06- Teams/02-Add Team-Private: Test Cases/06- Teams/02-Add Team-Private

2023-04-17 12:03:07 - [TEST_STEP][PASSED] - click(findTestObject("06-Teams/Add Team")): Object: 'Object Repository/06-Teams/Add Team' is clicked on

2023-04-17 12:03:07 - [MESSAGE][PASSED] - Object: 'Object Repository/06-Teams/Add Team' is clicked on

2023-04-17 12:03:07 - [TEST_STEP][PASSED] - delay(3): Delayed 3 second(s)

2023-04-17 12:03:10 - [MESSAGE][PASSED] - Delayed 3 second(s)

2023-04-17 12:03:10 - [TEST_STEP][PASSED] - verifyElementVisible(findTestObject("06-Teams/button_Public")): Object 'Object Repository/06-Teams/button_Public' is visible

2023-04-17 12:03:10 - [MESSAGE][PASSED] - Object 'Object Repository/06-Teams/button_Public' is visible

2023-04-17 12:03:10 - [TEST_STEP][PASSED] - verifyElementVisible(findTestObject("06-Teams/button_Private")): Object 'Object Repository/06-Teams/button_Private' is visible

2023-04-17 12:03:11 - [MESSAGE][PASSED] - Object 'Object Repository/06-Teams/button_Private' is visible

2023-04-17 12:03:11 - [TEST_STEP][PASSED] - delay(3): Delayed 3 second(s)

2023-04-17 12:03:14 - [MESSAGE][PASSED] - Delayed 3 second(s)

2023-04-17 12:03:14 - [TEST_STEP][PASSED] - click(findTestObject("06-Teams/button_Private")): Object: 'Object Repository/06-Teams/button_Private' is clicked on

2023-04-17 12:03:14 - [MESSAGE][PASSED] - Object: 'Object Repository/06-Teams/button_Private' is clicked on

2023-04-17 12:03:14 - [TEST_STEP][PASSED] - delay(3): Delayed 3 second(s)

2023-04-17 12:03:17 - [MESSAGE][PASSED] - Delayed 3 second(s)

2023-04-17 12:03:17 - [TEST_STEP][PASSED] - verifyElementVisible(findTestObject("06-Teams/02-Add Team-Private/Add team- Private")): Object 'Object Repository/06-Teams/02-Add Team-Private/Add team- Private' is visible

2023-04-17 12:03:18 - [MESSAGE][PASSED] - Object 'Object Repository/06-Teams/02-Add Team-Private/Add team- Private' is visible

2023-04-17 12:03:18 - [TEST_STEP][PASSED] - verifyElementVisible(findTestObject("06-Teams/02-Add Team-Private/div_Settings")): Object 'Object Repository/06-Teams/02-Add Team-Private/div_Settings' is visible

2023-04-17 12:03:18 - [MESSAGE][PASSED] - Object 'Object Repository/06-Teams/02-Add Team-Private/div_Settings' is visible

2023-04-17 12:03:18 - [TEST_STEP][PASSED] - verifyElementVisible(findTestObject("06-Teams/02-Add Team-Private/div_Members")): Object 'Object Repository/06-Teams/02-Add Team-Private/div_Members' is visible

2023-04-17 12:03:19 - [MESSAGE][PASSED] - Object 'Object Repository/06-Teams/02-Add Team-Private/div_Members' is visible

2023-04-17 12:03:19 - [TEST_STEP][PASSED] - scrollToElement(findTestObject("06-Teams/01-Add Team-Public/button_Create"), 0): Scroll to object 'Object Repository/06-Teams/01-Add Team-Public/button_Create' successfully

2023-04-17 12:03:19 - [MESSAGE][WARNING] - Timeout '0' is invalid. Using default page load timeout: '30'

2023-04-17 12:03:19 - [MESSAGE][PASSED] - Scroll to object 'Object Repository/06-Teams/01-Add Team-Public/button_Create' successfully

2023-04-17 12:03:19 - [TEST_STEP][PASSED] - verifyElementNotClickable(findTestObject("06-Teams/01-Add Team-Public/button_Create")): Object 'Object Repository/06-Teams/01-Add Team-Public/button_Create' is NOT clickable

2023-04-17 12:03:19 - [MESSAGE][PASSED] - Object 'Object Repository/06-Teams/01-Add Team-Public/button_Create' is NOT clickable

2023-04-17 12:03:19 - [TEST_STEP][PASSED] - delay(3): Delayed 3 second(s)

2023-04-17 12:03:22 - [MESSAGE][PASSED] - Delayed 3 second(s)

2023-04-17 12:03:22 - [TEST_STEP][PASSED] - click(findTestObject("06-Teams/01-Add Team-Public/input_teamName")): Object: 'Object Repository/06-Teams/01-Add Team-Public/input_teamName' is clicked on

2023-04-17 12:03:23 - [MESSAGE][PASSED] - Object: 'Object Repository/06-Teams/01-Add Team-Public/input_teamName' is clicked on

2023-04-17 12:03:23 - [TEST_STEP][PASSED] - click(findTestObject("06-Teams/01-Add Team-Public/Org unit")): Object: 'Object Repository/06-Teams/01-Add Team-Public/Org unit' is clicked on

2023-04-17 12:03:25 - [MESSAGE][PASSED] - Object: 'Object Repository/06-Teams/01-Add Team-Public/Org unit' is clicked on

2023-04-17 12:03:25 - [TEST_STEP][PASSED] - verifyElementVisible(findTestObject("06-Teams/01-Add Team-Public/h4_Select an organization unit")): Object 'Object Repository/06-Teams/01-Add Team-Public/h4_Select an organization unit' is visible

2023-04-17 12:03:25 - [MESSAGE][PASSED] - Object 'Object Repository/06-Teams/01-Add Team-Public/h4_Select an organization unit' is visible

2023-04-17 12:03:25 - [TEST_STEP][PASSED] - delay(3): Delayed 3 second(s)

2023-04-17 12:03:28 - [MESSAGE][PASSED] - Delayed 3 second(s)

2023-04-17 12:03:28 - [TEST_STEP][PASSED] - click(findTestObject("06-Teams/01-Add Team-Public/div_GG Automation")): Object: 'Object Repository/06-Teams/01-Add Team-Public/div_GG Automation' is clicked on

2023-04-17 12:03:29 - [MESSAGE][PASSED] - Object: 'Object Repository/06-Teams/01-Add Team-Public/div_GG Automation' is clicked on

2023-04-17 12:03:29 - [TEST_STEP][PASSED] - click(findTestObject("06-Teams/01-Add Team-Public/button_Select")): Object: 'Object Repository/06-Teams/01-Add Team-Public/button_Select' is clicked on

2023-04-17 12:03:29 - [MESSAGE][PASSED] - Object: 'Object Repository/06-Teams/01-Add Team-Public/button_Select' is clicked on

2023-04-17 12:03:29 - [TEST_STEP][PASSED] - verifyElementVisible(findTestObject("06-Teams/01-Add Team-Public/Error Team name")): Object 'Object Repository/06-Teams/01-Add Team-Public/Error Team name' is visible

2023-04-17 12:03:30 - [MESSAGE][PASSED] - Object 'Object Repository/06-Teams/01-Add Team-Public/Error Team name' is visible

2023-04-17 12:03:30 - [TEST_STEP][PASSED] - delay(3): Delayed 3 second(s)

2023-04-17 12:03:33 - [MESSAGE][PASSED] - Delayed 3 second(s)

2023-04-17 12:03:33 - [TEST_STEP][PASSED] - setText(findTestObject("06-Teams/01-Add Team-Public/input_teamName"), "Auto Team Private"): Text 'Auto Team Private' is set on object 'Object Repository/06-Teams/01-Add Team-Public/input_teamName'

2023-04-17 12:03:35 - [MESSAGE][PASSED] - Text 'Auto Team Private' is set on object 'Object Repository/06-Teams/01-Add Team-Public/input_teamName'

2023-04-17 12:03:35 - [TEST_STEP][PASSED] - delay(3): Delayed 3 second(s)

2023-04-17 12:03:38 - [MESSAGE][PASSED] - Delayed 3 second(s)

2023-04-17 12:03:38 - [TEST_STEP][PASSED] - click(findTestObject("06-Teams/02-Add Team-Private/div_Members")): Object: 'Object Repository/06-Teams/02-Add Team-Private/div_Members' is clicked on

2023-04-17 12:03:38 - [MESSAGE][PASSED] - Object: 'Object Repository/06-Teams/02-Add Team-Private/div_Members' is clicked on

2023-04-17 12:03:38 - [TEST_STEP][PASSED] - verifyElementVisible(findTestObject("06-Teams/02-Add Team-Private/Members dialog box")): Object 'Object Repository/06-Teams/02-Add Team-Private/Members dialog box' is visible

2023-04-17 12:03:39 - [MESSAGE][PASSED] - Object 'Object Repository/06-Teams/02-Add Team-Private/Members dialog box' is visible

2023-04-17 12:03:39 - [TEST_STEP][PASSED] - delay(3): Delayed 3 second(s)

2023-04-17 12:03:42 - [MESSAGE][PASSED] - Delayed 3 second(s)

2023-04-17 12:03:42 - [TEST_STEP][PASSED] - scrollToElement(findTestObject("06-Teams/01-Add Team-Public/button_Create"), 0): Scroll to object 'Object Repository/06-Teams/01-Add Team-Public/button_Create' successfully

2023-04-17 12:03:42 - [MESSAGE][WARNING] - Timeout '0' is invalid. Using default page load timeout: '30'

2023-04-17 12:03:43 - [MESSAGE][PASSED] - Scroll to object 'Object Repository/06-Teams/01-Add Team-Public/button_Create' successfully

2023-04-17 12:03:43 - [TEST_STEP][PASSED] - click(findTestObject("06-Teams/01-Add Team-Public/button_Create")): Object: 'Object Repository/06-Teams/01-Add Team-Public/button_Create' is clicked on

2023-04-17 12:03:43 - [MESSAGE][PASSED] - Object: 'Object Repository/06-Teams/01-Add Team-Public/button_Create' is clicked on

2023-04-17 12:03:43 - [TEST_STEP][PASSED] - verifyElementVisible(findTestObject("06-Teams/01-Add Team-Public/span_Successfully added new team")): Object 'Object Repository/06-Teams/01-Add Team-Public/span_Successfully added new team' is visible

2023-04-17 12:03:45 - [MESSAGE][PASSED] - Object 'Object Repository/06-Teams/01-Add Team-Public/span_Successfully added new team' is visible

2023-04-17 12:03:45 - [TEST_STEP][PASSED] - delay(3): Delayed 3 second(s)

2023-04-17 12:03:48 - [MESSAGE][PASSED] - Delayed 3 second(s)

2023-04-17 12:03:48 - [TEST_STEP][PASSED] - verifyElementVisible(findTestObject("06-Teams/02-Add Team-Private/span_Auto Team Private")): Object 'Object Repository/06-Teams/02-Add Team-Private/span_Auto Team Private' is visible

2023-04-17 12:03:48 - [MESSAGE][PASSED] - Object 'Object Repository/06-Teams/02-Add Team-Private/span_Auto Team Private' is visible

2023-04-17 12:03:48 - [TEST_STEP][PASSED] - delay(3): Delayed 3 second(s)

2023-04-17 12:03:51 - [MESSAGE][PASSED] - Delayed 3 second(s)

2023-04-17 12:03:51 - [TEST_STEP][PASSED] - closeBrowser(): Browser is closed

2023-04-17 12:03:53 - [MESSAGE][PASSED] - Browser is closed]]></system-out>
         <system-err><![CDATA[]]></system-err>
      </testcase>
      <system-out><![CDATA[2023-04-17 12:01:04 - [TEST_SUITE][PASSED] - 06.1- Teams - Add: Test Cases/06- Teams/02-Add Team-Private]]></system-out>
      <system-err><![CDATA[]]></system-err>
   </testsuite>
</testsuites>
