<?xml version="1.0" encoding="UTF-8"?>
<testsuites name="03-Header Menu" time="1092.174" tests="18" failures="0" errors="0">
   <testsuite name="03-Header Menu" tests="18" failures="0" errors="0" time="1092.174" skipped="0" timestamp="2022-12-16 11:12:54" hostname="asus - DESKTOP-3L3J9C1" id="Test Suites/TS-Organization/03-Header Menu">
      <properties>
         <property name="deviceName" value=""/>
         <property name="devicePlatform" value=""/>
         <property name="logFolder" value="C:\\Users\\asus\\Katalon Studio\\Everleagues\\Everleagues\\Reports\\20221216_111240\\TS-Organization\\03-Header Menu\\20221216_111240"/>
         <property name="logFiles" value="C:\\Users\\asus\\Katalon Studio\\Everleagues\\Everleagues\\Reports\\20221216_111240\\TS-Organization\\03-Header Menu\\20221216_111240\\execution0.log"/>
         <property name="attachments" value=""/>
         <property name="hostName" value="asus - DESKTOP-3L3J9C1"/>
         <property name="os" value="Windows 10 64bit"/>
         <property name="katalonVersion" value="8.4.1.208"/>
         <property name="browser" value="Chrome 108.0.0.0"/>
         <property name="hostAddress" value="192.168.5.97"/>
         <property name="sessionId" value="a75a244a6c9caf317445dc4cd4c2aca7"/>
         <property name="seleniumVersion" value="3.141.59"/>
         <property name="proxyInformation" value="ProxyInformation { proxyOption=NO_PROXY, proxyServerType=HTTP, username=, password=********, proxyServerAddress=, proxyServerPort=0, executionList=&quot;&quot;, isApplyToDesiredCapabilities=true }"/>
         <property name="platform" value="Windows 10"/>
      </properties>
      <testcase name="Test Cases/03-Header Menu/01- Hamburger Button" time="162.531" classname="Test Cases/03-Header Menu/01- Hamburger Button" status="PASSED">
         <system-out><![CDATA[2022-12-16 11:12:56 - [TEST_CASE][PASSED] - Test Cases/03-Header Menu/01- Hamburger Button: Test Cases/03-Header Menu/01- Hamburger Button

2022-12-16 11:12:59 - [TEST_STEP][PASSED] - openBrowser(""): Browser is opened with url: ''

2022-12-16 11:13:02 - [MESSAGE][INFO] - Starting 'Chrome' driver

2022-12-16 11:13:02 - [MESSAGE][INFO] - Action delay is set to 0 milliseconds

2022-12-16 11:13:14 - [MESSAGE][PASSED] - Browser is opened with url: ''

2022-12-16 11:13:14 - [TEST_STEP][PASSED] - navigateToUrl("https://lab.everleagues.com/login?returnUrl=%2Fmain%2Fdashboard"): Navigate to 'https://lab.everleagues.com/login?returnUrl=%2Fmain%2Fdashboard' successfully

2022-12-16 11:13:42 - [MESSAGE][PASSED] - Navigate to 'https://lab.everleagues.com/login?returnUrl=%2Fmain%2Fdashboard' successfully

2022-12-16 11:13:42 - [TEST_STEP][PASSED] - maximizeWindow(): Current window maximized

2022-12-16 11:13:42 - [MESSAGE][PASSED] - Current window maximized

2022-12-16 11:13:42 - [TEST_STEP][PASSED] - setText(findTestObject("02-Side Icons(Organization)/Add Contact/Email Field"), "testuser01@mailinator.com"): Text 'testuser01@mailinator.com' is set on object 'Object Repository/02-Side Icons(Organization)/Add Contact/Email Field'

2022-12-16 11:13:44 - [MESSAGE][PASSED] - Text 'testuser01@mailinator.com' is set on object 'Object Repository/02-Side Icons(Organization)/Add Contact/Email Field'

2022-12-16 11:13:44 - [TEST_STEP][PASSED] - setEncryptedText(findTestObject("02-Side Icons(Organization)/Add Contact/Password Field"), "8yFRyszE6U6jvsCn51OQbg=="): Text ****** has been set on object 'Object Repository/02-Side Icons(Organization)/Add Contact/Password Field'

2022-12-16 11:13:46 - [MESSAGE][PASSED] - Text ****** has been set on object 'Object Repository/02-Side Icons(Organization)/Add Contact/Password Field'

2022-12-16 11:13:46 - [TEST_STEP][PASSED] - click(findTestObject("02-Side Icons(Organization)/Add Contact/button_Sign in")): Object: 'Object Repository/02-Side Icons(Organization)/Add Contact/button_Sign in' is clicked on

2022-12-16 11:13:47 - [MESSAGE][PASSED] - Object: 'Object Repository/02-Side Icons(Organization)/Add Contact/button_Sign in' is clicked on

2022-12-16 11:13:47 - [TEST_STEP][PASSED] - delay(2): Delayed 2 second(s)

2022-12-16 11:13:50 - [MESSAGE][PASSED] - Delayed 2 second(s)

2022-12-16 11:13:50 - [TEST_STEP][PASSED] - click(findTestObject("06-Teams/For 2FA/button_Confirm_2FA")): Object: 'Object Repository/06-Teams/For 2FA/button_Confirm_2FA' is clicked on

2022-12-16 11:13:52 - [MESSAGE][PASSED] - Object: 'Object Repository/06-Teams/For 2FA/button_Confirm_2FA' is clicked on

2022-12-16 11:13:52 - [TEST_STEP][PASSED] - executeJavaScript("window.open();", []): Execute JavaScript 'window.open();' successfully

2022-12-16 11:13:53 - [MESSAGE][PASSED] - Execute JavaScript 'window.open();' successfully

2022-12-16 11:13:53 - [TEST_STEP][PASSED] - currentWindow = getWindowIndex(): Current window's index is: 0

2022-12-16 11:13:54 - [MESSAGE][PASSED] - Current window's index is: 0

2022-12-16 11:13:54 - [TEST_STEP][PASSED] - delay(3): Delayed 3 second(s)

2022-12-16 11:13:57 - [MESSAGE][PASSED] - Delayed 3 second(s)

2022-12-16 11:13:57 - [TEST_STEP][PASSED] - switchToWindowIndex(currentWindow + 1): Switched to window with index: '1'

2022-12-16 11:13:57 - [MESSAGE][PASSED] - Switched to window with index: '1'

2022-12-16 11:13:57 - [TEST_STEP][PASSED] - navigateToUrl("https://www.mailinator.com/"): Navigate to 'https://www.mailinator.com/' successfully

2022-12-16 11:14:16 - [MESSAGE][PASSED] - Navigate to 'https://www.mailinator.com/' successfully

2022-12-16 11:14:16 - [TEST_STEP][PASSED] - delay(3): Delayed 3 second(s)

2022-12-16 11:14:19 - [MESSAGE][PASSED] - Delayed 3 second(s)

2022-12-16 11:14:19 - [TEST_STEP][PASSED] - setText(findTestObject("00-Signup and Activation/zMailinator/input_LOGIN_search"), "testuser01@mailinator.com"): Text 'testuser01@mailinator.com' is set on object 'Object Repository/00-Signup and Activation/zMailinator/input_LOGIN_search'

2022-12-16 11:14:20 - [MESSAGE][PASSED] - Text 'testuser01@mailinator.com' is set on object 'Object Repository/00-Signup and Activation/zMailinator/input_LOGIN_search'

2022-12-16 11:14:20 - [TEST_STEP][PASSED] - click(findTestObject("00-Signup and Activation/zMailinator/gobutton"), STOP_ON_FAILURE): Object: 'Object Repository/00-Signup and Activation/zMailinator/gobutton' is clicked on

2022-12-16 11:14:25 - [MESSAGE][PASSED] - Object: 'Object Repository/00-Signup and Activation/zMailinator/gobutton' is clicked on

2022-12-16 11:14:25 - [TEST_STEP][PASSED] - delay(3): Delayed 3 second(s)

2022-12-16 11:14:28 - [MESSAGE][PASSED] - Delayed 3 second(s)

2022-12-16 11:14:28 - [TEST_STEP][PASSED] - click(findTestObject("00-Signup and Activation/zMailinator/Email - everleagues")): Object: 'Object Repository/00-Signup and Activation/zMailinator/Email - everleagues' is clicked on

2022-12-16 11:14:29 - [MESSAGE][PASSED] - Object: 'Object Repository/00-Signup and Activation/zMailinator/Email - everleagues' is clicked on

2022-12-16 11:14:29 - [TEST_STEP][PASSED] - delay(3): Delayed 3 second(s)

2022-12-16 11:14:32 - [MESSAGE][PASSED] - Delayed 3 second(s)

2022-12-16 11:14:32 - [TEST_STEP][PASSED] - code = getText(findTestObject("Object Repository/06-Teams/For 2FA/2FA code")): Text of object 'Object Repository/06-Teams/For 2FA/2FA code' is: '928278'

2022-12-16 11:14:34 - [MESSAGE][PASSED] - Text of object 'Object Repository/06-Teams/For 2FA/2FA code' is: '928278'

2022-12-16 11:14:34 - [TEST_STEP][PASSED] - delay(3): Delayed 3 second(s)

2022-12-16 11:14:37 - [MESSAGE][PASSED] - Delayed 3 second(s)

2022-12-16 11:14:37 - [TEST_STEP][PASSED] - closeWindowTitle("Mailinator"): Window with title: 'Mailinator' is closed

2022-12-16 11:14:38 - [MESSAGE][PASSED] - Window with title: 'Mailinator' is closed

2022-12-16 11:14:38 - [TEST_STEP][PASSED] - delay(3): Delayed 3 second(s)

2022-12-16 11:14:41 - [MESSAGE][PASSED] - Delayed 3 second(s)

2022-12-16 11:14:41 - [TEST_STEP][PASSED] - switchToWindowIndex(0): Switched to window with index: '0'

2022-12-16 11:14:41 - [MESSAGE][PASSED] - Switched to window with index: '0'

2022-12-16 11:14:41 - [TEST_STEP][PASSED] - delay(3): Delayed 3 second(s)

2022-12-16 11:14:44 - [MESSAGE][PASSED] - Delayed 3 second(s)

2022-12-16 11:14:44 - [TEST_STEP][PASSED] - setText(findTestObject("Object Repository/06-Teams/For 2FA/input_Enter verification code_code"), code): Text '928278' is set on object 'Object Repository/06-Teams/For 2FA/input_Enter verification code_code'

2022-12-16 11:14:46 - [MESSAGE][PASSED] - Text '928278' is set on object 'Object Repository/06-Teams/For 2FA/input_Enter verification code_code'

2022-12-16 11:14:46 - [TEST_STEP][PASSED] - delay(3): Delayed 3 second(s)

2022-12-16 11:14:49 - [MESSAGE][PASSED] - Delayed 3 second(s)

2022-12-16 11:14:49 - [TEST_STEP][PASSED] - click(findTestObject("06-Teams/For 2FA/button_Verify_2FA")): Object: 'Object Repository/06-Teams/For 2FA/button_Verify_2FA' is clicked on

2022-12-16 11:14:50 - [MESSAGE][PASSED] - Object: 'Object Repository/06-Teams/For 2FA/button_Verify_2FA' is clicked on

2022-12-16 11:14:50 - [TEST_STEP][PASSED] - delay(5): Delayed 5 second(s)

2022-12-16 11:14:55 - [MESSAGE][PASSED] - Delayed 5 second(s)

2022-12-16 11:14:55 - [TEST_STEP][PASSED] - click(findTestObject("03-Header Menu/Hamburger Button/button_menu")): Object: 'Object Repository/03-Header Menu/Hamburger Button/button_menu' is clicked on

2022-12-16 11:14:58 - [MESSAGE][PASSED] - Object: 'Object Repository/03-Header Menu/Hamburger Button/button_menu' is clicked on

2022-12-16 11:14:58 - [TEST_STEP][PASSED] - delay(5): Delayed 5 second(s)

2022-12-16 11:15:03 - [MESSAGE][PASSED] - Delayed 5 second(s)

2022-12-16 11:15:03 - [TEST_STEP][PASSED] - verifyElementNotVisible(findTestObject("03-Header Menu/Hamburger Button/div_Add My Organization"), STOP_ON_FAILURE): Object 'Object Repository/03-Header Menu/Hamburger Button/div_Add My Organization' is NOT visible

2022-12-16 11:15:04 - [MESSAGE][PASSED] - Object 'Object Repository/03-Header Menu/Hamburger Button/div_Add My Organization' is NOT visible

2022-12-16 11:15:04 - [TEST_STEP][PASSED] - verifyElementNotVisible(findTestObject("03-Header Menu/Hamburger Button/div_Dashboard"), STOP_ON_FAILURE): Object 'Object Repository/03-Header Menu/Hamburger Button/div_Dashboard' is NOT visible

2022-12-16 11:15:05 - [MESSAGE][PASSED] - Object 'Object Repository/03-Header Menu/Hamburger Button/div_Dashboard' is NOT visible

2022-12-16 11:15:05 - [TEST_STEP][PASSED] - verifyElementNotVisible(findTestObject("03-Header Menu/Hamburger Button/div_Chat"), STOP_ON_FAILURE): Object 'Object Repository/03-Header Menu/Hamburger Button/div_Chat' is NOT visible

2022-12-16 11:15:06 - [MESSAGE][PASSED] - Object 'Object Repository/03-Header Menu/Hamburger Button/div_Chat' is NOT visible

2022-12-16 11:15:06 - [TEST_STEP][PASSED] - verifyElementNotVisible(findTestObject("03-Header Menu/Hamburger Button/div_Teams"), STOP_ON_FAILURE): Object 'Object Repository/03-Header Menu/Hamburger Button/div_Teams' is NOT visible

2022-12-16 11:15:07 - [MESSAGE][PASSED] - Object 'Object Repository/03-Header Menu/Hamburger Button/div_Teams' is NOT visible

2022-12-16 11:15:07 - [TEST_STEP][PASSED] - verifyElementNotVisible(findTestObject("03-Header Menu/Hamburger Button/div_Directory"), STOP_ON_FAILURE): Object 'Object Repository/03-Header Menu/Hamburger Button/div_Directory' is NOT visible

2022-12-16 11:15:07 - [MESSAGE][PASSED] - Object 'Object Repository/03-Header Menu/Hamburger Button/div_Directory' is NOT visible

2022-12-16 11:15:07 - [TEST_STEP][PASSED] - verifyElementNotVisible(findTestObject("03-Header Menu/Hamburger Button/div_Operation"), STOP_ON_FAILURE): Object 'Object Repository/03-Header Menu/Hamburger Button/div_Operation' is NOT visible

2022-12-16 11:15:08 - [MESSAGE][PASSED] - Object 'Object Repository/03-Header Menu/Hamburger Button/div_Operation' is NOT visible

2022-12-16 11:15:08 - [TEST_STEP][PASSED] - verifyElementNotVisible(findTestObject("03-Header Menu/Hamburger Button/div_Settings"), STOP_ON_FAILURE): Object 'Object Repository/03-Header Menu/Hamburger Button/div_Settings' is NOT visible

2022-12-16 11:15:09 - [MESSAGE][PASSED] - Object 'Object Repository/03-Header Menu/Hamburger Button/div_Settings' is NOT visible

2022-12-16 11:15:09 - [TEST_STEP][PASSED] - verifyElementNotVisible(findTestObject("03-Header Menu/Hamburger Button/div_Open Video Conference"), STOP_ON_FAILURE): Object 'Object Repository/03-Header Menu/Hamburger Button/div_Open Video Conference' is NOT visible

2022-12-16 11:15:09 - [MESSAGE][PASSED] - Object 'Object Repository/03-Header Menu/Hamburger Button/div_Open Video Conference' is NOT visible

2022-12-16 11:15:09 - [TEST_STEP][PASSED] - verifyElementNotVisible(findTestObject("03-Header Menu/Hamburger Button/div_Cloud Files"), STOP_ON_FAILURE): Object 'Object Repository/03-Header Menu/Hamburger Button/div_Cloud Files' is NOT visible

2022-12-16 11:15:11 - [MESSAGE][PASSED] - Object 'Object Repository/03-Header Menu/Hamburger Button/div_Cloud Files' is NOT visible

2022-12-16 11:15:11 - [TEST_STEP][PASSED] - verifyElementNotVisible(findTestObject("03-Header Menu/Hamburger Button/div_ELSign"), STOP_ON_FAILURE): Object 'Object Repository/03-Header Menu/Hamburger Button/div_ELSign' is NOT visible

2022-12-16 11:15:12 - [MESSAGE][PASSED] - Object 'Object Repository/03-Header Menu/Hamburger Button/div_ELSign' is NOT visible

2022-12-16 11:15:12 - [TEST_STEP][PASSED] - verifyElementNotVisible(findTestObject("03-Header Menu/Hamburger Button/div_Income and Expense"), STOP_ON_FAILURE): Object 'Object Repository/03-Header Menu/Hamburger Button/div_Income and Expense' is NOT visible

2022-12-16 11:15:13 - [MESSAGE][PASSED] - Object 'Object Repository/03-Header Menu/Hamburger Button/div_Income and Expense' is NOT visible

2022-12-16 11:15:13 - [TEST_STEP][PASSED] - verifyElementNotVisible(findTestObject("03-Header Menu/Hamburger Button/div_ELNet"), CONTINUE_ON_FAILURE): Object 'Object Repository/03-Header Menu/Hamburger Button/div_ELNet' is NOT visible

2022-12-16 11:15:14 - [MESSAGE][PASSED] - Object 'Object Repository/03-Header Menu/Hamburger Button/div_ELNet' is NOT visible

2022-12-16 11:15:14 - [TEST_STEP][PASSED] - verifyElementNotVisible(findTestObject("03-Header Menu/Hamburger Button/div_Help"), STOP_ON_FAILURE): Object 'Object Repository/03-Header Menu/Hamburger Button/div_Help' is NOT visible

2022-12-16 11:15:14 - [MESSAGE][PASSED] - Object 'Object Repository/03-Header Menu/Hamburger Button/div_Help' is NOT visible

2022-12-16 11:15:14 - [TEST_STEP][PASSED] - delay(5): Delayed 5 second(s)

2022-12-16 11:15:19 - [MESSAGE][PASSED] - Delayed 5 second(s)

2022-12-16 11:15:19 - [TEST_STEP][PASSED] - click(findTestObject("03-Header Menu/Hamburger Button/button_menu")): Object: 'Object Repository/03-Header Menu/Hamburger Button/button_menu' is clicked on

2022-12-16 11:15:20 - [MESSAGE][PASSED] - Object: 'Object Repository/03-Header Menu/Hamburger Button/button_menu' is clicked on

2022-12-16 11:15:20 - [TEST_STEP][PASSED] - verifyElementVisible(findTestObject("03-Header Menu/Hamburger Button/div_Add My Organization"), STOP_ON_FAILURE): Object 'Object Repository/03-Header Menu/Hamburger Button/div_Add My Organization' is visible

2022-12-16 11:15:23 - [MESSAGE][PASSED] - Object 'Object Repository/03-Header Menu/Hamburger Button/div_Add My Organization' is visible

2022-12-16 11:15:23 - [TEST_STEP][PASSED] - verifyElementVisible(findTestObject("03-Header Menu/Hamburger Button/div_Dashboard"), STOP_ON_FAILURE): Object 'Object Repository/03-Header Menu/Hamburger Button/div_Dashboard' is visible

2022-12-16 11:15:23 - [MESSAGE][PASSED] - Object 'Object Repository/03-Header Menu/Hamburger Button/div_Dashboard' is visible

2022-12-16 11:15:23 - [TEST_STEP][PASSED] - verifyElementVisible(findTestObject("03-Header Menu/Hamburger Button/div_Chat"), STOP_ON_FAILURE): Object 'Object Repository/03-Header Menu/Hamburger Button/div_Chat' is visible

2022-12-16 11:15:24 - [MESSAGE][PASSED] - Object 'Object Repository/03-Header Menu/Hamburger Button/div_Chat' is visible

2022-12-16 11:15:24 - [TEST_STEP][PASSED] - verifyElementVisible(findTestObject("03-Header Menu/Hamburger Button/div_Teams"), STOP_ON_FAILURE): Object 'Object Repository/03-Header Menu/Hamburger Button/div_Teams' is visible

2022-12-16 11:15:26 - [MESSAGE][PASSED] - Object 'Object Repository/03-Header Menu/Hamburger Button/div_Teams' is visible

2022-12-16 11:15:26 - [TEST_STEP][PASSED] - verifyElementVisible(findTestObject("03-Header Menu/Hamburger Button/div_Directory"), STOP_ON_FAILURE): Object 'Object Repository/03-Header Menu/Hamburger Button/div_Directory' is visible

2022-12-16 11:15:26 - [MESSAGE][PASSED] - Object 'Object Repository/03-Header Menu/Hamburger Button/div_Directory' is visible

2022-12-16 11:15:26 - [TEST_STEP][PASSED] - verifyElementVisible(findTestObject("03-Header Menu/Hamburger Button/div_Operation"), CONTINUE_ON_FAILURE): Object 'Object Repository/03-Header Menu/Hamburger Button/div_Operation' is visible

2022-12-16 11:15:27 - [MESSAGE][PASSED] - Object 'Object Repository/03-Header Menu/Hamburger Button/div_Operation' is visible

2022-12-16 11:15:27 - [TEST_STEP][PASSED] - verifyElementVisible(findTestObject("03-Header Menu/Hamburger Button/div_Settings"), CONTINUE_ON_FAILURE): Object 'Object Repository/03-Header Menu/Hamburger Button/div_Settings' is visible

2022-12-16 11:15:28 - [MESSAGE][PASSED] - Object 'Object Repository/03-Header Menu/Hamburger Button/div_Settings' is visible

2022-12-16 11:15:28 - [TEST_STEP][PASSED] - verifyElementVisible(findTestObject("03-Header Menu/Hamburger Button/div_Open Video Conference"), STOP_ON_FAILURE): Object 'Object Repository/03-Header Menu/Hamburger Button/div_Open Video Conference' is visible

2022-12-16 11:15:29 - [MESSAGE][PASSED] - Object 'Object Repository/03-Header Menu/Hamburger Button/div_Open Video Conference' is visible

2022-12-16 11:15:29 - [TEST_STEP][PASSED] - verifyElementVisible(findTestObject("03-Header Menu/Hamburger Button/div_Cloud Files"), STOP_ON_FAILURE): Object 'Object Repository/03-Header Menu/Hamburger Button/div_Cloud Files' is visible

2022-12-16 11:15:29 - [MESSAGE][PASSED] - Object 'Object Repository/03-Header Menu/Hamburger Button/div_Cloud Files' is visible

2022-12-16 11:15:29 - [TEST_STEP][PASSED] - scrollToElement(findTestObject("03-Header Menu/Hamburger Button/div_ELSign"), 0): Scroll to object 'Object Repository/03-Header Menu/Hamburger Button/div_ELSign' successfully

2022-12-16 11:15:30 - [MESSAGE][WARNING] - Timeout '0' is invalid. Using default page load timeout: '30'

2022-12-16 11:15:30 - [MESSAGE][PASSED] - Scroll to object 'Object Repository/03-Header Menu/Hamburger Button/div_ELSign' successfully

2022-12-16 11:15:30 - [TEST_STEP][PASSED] - verifyElementVisible(findTestObject("03-Header Menu/Hamburger Button/div_ELSign"), STOP_ON_FAILURE): Object 'Object Repository/03-Header Menu/Hamburger Button/div_ELSign' is visible

2022-12-16 11:15:32 - [MESSAGE][PASSED] - Object 'Object Repository/03-Header Menu/Hamburger Button/div_ELSign' is visible

2022-12-16 11:15:32 - [TEST_STEP][PASSED] - verifyElementVisible(findTestObject("03-Header Menu/Hamburger Button/div_Income and Expense"), STOP_ON_FAILURE): Object 'Object Repository/03-Header Menu/Hamburger Button/div_Income and Expense' is visible

2022-12-16 11:15:33 - [MESSAGE][PASSED] - Object 'Object Repository/03-Header Menu/Hamburger Button/div_Income and Expense' is visible

2022-12-16 11:15:33 - [TEST_STEP][PASSED] - verifyElementVisible(findTestObject("03-Header Menu/Hamburger Button/div_ELNet"), CONTINUE_ON_FAILURE): Object 'Object Repository/03-Header Menu/Hamburger Button/div_ELNet' is visible

2022-12-16 11:15:34 - [MESSAGE][PASSED] - Object 'Object Repository/03-Header Menu/Hamburger Button/div_ELNet' is visible

2022-12-16 11:15:34 - [TEST_STEP][PASSED] - verifyElementVisible(findTestObject("03-Header Menu/Hamburger Button/div_Help"), STOP_ON_FAILURE): Object 'Object Repository/03-Header Menu/Hamburger Button/div_Help' is visible

2022-12-16 11:15:35 - [MESSAGE][PASSED] - Object 'Object Repository/03-Header Menu/Hamburger Button/div_Help' is visible

2022-12-16 11:15:35 - [TEST_STEP][PASSED] - scrollToElement(findTestObject("03-Header Menu/Hamburger Button/div_Dashboard"), 0): Scroll to object 'Object Repository/03-Header Menu/Hamburger Button/div_Dashboard' successfully

2022-12-16 11:15:35 - [MESSAGE][WARNING] - Timeout '0' is invalid. Using default page load timeout: '30'

2022-12-16 11:15:36 - [MESSAGE][PASSED] - Scroll to object 'Object Repository/03-Header Menu/Hamburger Button/div_Dashboard' successfully

2022-12-16 11:15:36 - [TEST_STEP][PASSED] - delay(3): Delayed 3 second(s)

2022-12-16 11:15:39 - [MESSAGE][PASSED] - Delayed 3 second(s)]]></system-out>
         <system-err><![CDATA[]]></system-err>
      </testcase>
      <testcase name="Test Cases/03-Header Menu/02- Language Selector" time="72.403" classname="Test Cases/03-Header Menu/02- Language Selector" status="PASSED">
         <system-out><![CDATA[2022-12-16 11:15:39 - [TEST_CASE][PASSED] - Test Cases/03-Header Menu/02- Language Selector: Test Cases/03-Header Menu/02- Language Selector

2022-12-16 11:15:41 - [TEST_STEP][PASSED] - click(findTestObject("03-Header Menu/Language/button_Language Selector")): Object: 'Object Repository/03-Header Menu/Language/button_Language Selector' is clicked on

2022-12-16 11:15:42 - [MESSAGE][PASSED] - Object: 'Object Repository/03-Header Menu/Language/button_Language Selector' is clicked on

2022-12-16 11:15:42 - [TEST_STEP][PASSED] - delay(2): Delayed 2 second(s)

2022-12-16 11:15:44 - [MESSAGE][PASSED] - Delayed 2 second(s)

2022-12-16 11:15:44 - [TEST_STEP][PASSED] - click(findTestObject("03-Header Menu/Language/button_chinese 1")): Object: 'Object Repository/03-Header Menu/Language/button_chinese 1' is clicked on

2022-12-16 11:15:46 - [MESSAGE][PASSED] - Object: 'Object Repository/03-Header Menu/Language/button_chinese 1' is clicked on

2022-12-16 11:15:46 - [TEST_STEP][PASSED] - delay(2): Delayed 2 second(s)

2022-12-16 11:15:48 - [MESSAGE][PASSED] - Delayed 2 second(s)

2022-12-16 11:15:48 - [TEST_STEP][PASSED] - verifyElementVisible(findTestObject("03-Header Menu/Language/Language Div/div_chinese1 dashboard")): Object 'Object Repository/03-Header Menu/Language/Language Div/div_chinese1 dashboard' is visible

2022-12-16 11:15:48 - [MESSAGE][PASSED] - Object 'Object Repository/03-Header Menu/Language/Language Div/div_chinese1 dashboard' is visible

2022-12-16 11:15:48 - [TEST_STEP][PASSED] - verifyElementVisible(findTestObject("03-Header Menu/Language/Language Div/div_chinese1 chat")): Object 'Object Repository/03-Header Menu/Language/Language Div/div_chinese1 chat' is visible

2022-12-16 11:15:50 - [MESSAGE][PASSED] - Object 'Object Repository/03-Header Menu/Language/Language Div/div_chinese1 chat' is visible

2022-12-16 11:15:50 - [TEST_STEP][PASSED] - verifyElementVisible(findTestObject("03-Header Menu/Language/Language Div/div_chinese1 teams")): Object 'Object Repository/03-Header Menu/Language/Language Div/div_chinese1 teams' is visible

2022-12-16 11:15:51 - [MESSAGE][PASSED] - Object 'Object Repository/03-Header Menu/Language/Language Div/div_chinese1 teams' is visible

2022-12-16 11:15:51 - [TEST_STEP][PASSED] - delay(2): Delayed 2 second(s)

2022-12-16 11:15:53 - [MESSAGE][PASSED] - Delayed 2 second(s)

2022-12-16 11:15:53 - [TEST_STEP][PASSED] - click(findTestObject("03-Header Menu/Language/button_Language Selector")): Object: 'Object Repository/03-Header Menu/Language/button_Language Selector' is clicked on

2022-12-16 11:15:54 - [MESSAGE][PASSED] - Object: 'Object Repository/03-Header Menu/Language/button_Language Selector' is clicked on

2022-12-16 11:15:54 - [TEST_STEP][PASSED] - delay(2): Delayed 2 second(s)

2022-12-16 11:15:56 - [MESSAGE][PASSED] - Delayed 2 second(s)

2022-12-16 11:15:56 - [TEST_STEP][PASSED] - click(findTestObject("03-Header Menu/Language/button_chinese 2")): Object: 'Object Repository/03-Header Menu/Language/button_chinese 2' is clicked on

2022-12-16 11:15:57 - [MESSAGE][PASSED] - Object: 'Object Repository/03-Header Menu/Language/button_chinese 2' is clicked on

2022-12-16 11:15:57 - [TEST_STEP][PASSED] - delay(2): Delayed 2 second(s)

2022-12-16 11:15:59 - [MESSAGE][PASSED] - Delayed 2 second(s)

2022-12-16 11:15:59 - [TEST_STEP][PASSED] - verifyElementVisible(findTestObject("03-Header Menu/Language/Language Div/div_chinese2 dashboard")): Object 'Object Repository/03-Header Menu/Language/Language Div/div_chinese2 dashboard' is visible

2022-12-16 11:16:00 - [MESSAGE][PASSED] - Object 'Object Repository/03-Header Menu/Language/Language Div/div_chinese2 dashboard' is visible

2022-12-16 11:16:00 - [TEST_STEP][PASSED] - verifyElementVisible(findTestObject("03-Header Menu/Language/Language Div/div_chinese2 chat")): Object 'Object Repository/03-Header Menu/Language/Language Div/div_chinese2 chat' is visible

2022-12-16 11:16:00 - [MESSAGE][PASSED] - Object 'Object Repository/03-Header Menu/Language/Language Div/div_chinese2 chat' is visible

2022-12-16 11:16:00 - [TEST_STEP][PASSED] - verifyElementVisible(findTestObject("03-Header Menu/Language/Language Div/div_chinese2 teams")): Object 'Object Repository/03-Header Menu/Language/Language Div/div_chinese2 teams' is visible

2022-12-16 11:16:02 - [MESSAGE][PASSED] - Object 'Object Repository/03-Header Menu/Language/Language Div/div_chinese2 teams' is visible

2022-12-16 11:16:02 - [TEST_STEP][PASSED] - delay(2): Delayed 2 second(s)

2022-12-16 11:16:04 - [MESSAGE][PASSED] - Delayed 2 second(s)

2022-12-16 11:16:04 - [TEST_STEP][PASSED] - click(findTestObject("03-Header Menu/Language/button_Language Selector")): Object: 'Object Repository/03-Header Menu/Language/button_Language Selector' is clicked on

2022-12-16 11:16:05 - [MESSAGE][PASSED] - Object: 'Object Repository/03-Header Menu/Language/button_Language Selector' is clicked on

2022-12-16 11:16:05 - [TEST_STEP][PASSED] - delay(2): Delayed 2 second(s)

2022-12-16 11:16:07 - [MESSAGE][PASSED] - Delayed 2 second(s)

2022-12-16 11:16:07 - [TEST_STEP][PASSED] - click(findTestObject("03-Header Menu/Language/button_chinese 3")): Object: 'Object Repository/03-Header Menu/Language/button_chinese 3' is clicked on

2022-12-16 11:16:08 - [MESSAGE][PASSED] - Object: 'Object Repository/03-Header Menu/Language/button_chinese 3' is clicked on

2022-12-16 11:16:08 - [TEST_STEP][PASSED] - delay(2): Delayed 2 second(s)

2022-12-16 11:16:10 - [MESSAGE][PASSED] - Delayed 2 second(s)

2022-12-16 11:16:10 - [TEST_STEP][PASSED] - verifyElementVisible(findTestObject("03-Header Menu/Language/Language Div/div_chinese3 dashboard")): Object 'Object Repository/03-Header Menu/Language/Language Div/div_chinese3 dashboard' is visible

2022-12-16 11:16:11 - [MESSAGE][PASSED] - Object 'Object Repository/03-Header Menu/Language/Language Div/div_chinese3 dashboard' is visible

2022-12-16 11:16:11 - [TEST_STEP][PASSED] - verifyElementVisible(findTestObject("03-Header Menu/Language/Language Div/div_chinese3 chat")): Object 'Object Repository/03-Header Menu/Language/Language Div/div_chinese3 chat' is visible

2022-12-16 11:16:12 - [MESSAGE][PASSED] - Object 'Object Repository/03-Header Menu/Language/Language Div/div_chinese3 chat' is visible

2022-12-16 11:16:12 - [TEST_STEP][PASSED] - verifyElementVisible(findTestObject("03-Header Menu/Language/Language Div/div_chinese3 teams")): Object 'Object Repository/03-Header Menu/Language/Language Div/div_chinese3 teams' is visible

2022-12-16 11:16:13 - [MESSAGE][PASSED] - Object 'Object Repository/03-Header Menu/Language/Language Div/div_chinese3 teams' is visible

2022-12-16 11:16:13 - [TEST_STEP][PASSED] - delay(2): Delayed 2 second(s)

2022-12-16 11:16:15 - [MESSAGE][PASSED] - Delayed 2 second(s)

2022-12-16 11:16:15 - [TEST_STEP][PASSED] - click(findTestObject("03-Header Menu/Language/button_Language Selector")): Object: 'Object Repository/03-Header Menu/Language/button_Language Selector' is clicked on

2022-12-16 11:16:16 - [MESSAGE][PASSED] - Object: 'Object Repository/03-Header Menu/Language/button_Language Selector' is clicked on

2022-12-16 11:16:16 - [TEST_STEP][PASSED] - delay(2): Delayed 2 second(s)

2022-12-16 11:16:18 - [MESSAGE][PASSED] - Delayed 2 second(s)

2022-12-16 11:16:18 - [TEST_STEP][PASSED] - click(findTestObject("03-Header Menu/Language/button_Espanol")): Object: 'Object Repository/03-Header Menu/Language/button_Espanol' is clicked on

2022-12-16 11:16:19 - [MESSAGE][PASSED] - Object: 'Object Repository/03-Header Menu/Language/button_Espanol' is clicked on

2022-12-16 11:16:19 - [TEST_STEP][PASSED] - delay(2): Delayed 2 second(s)

2022-12-16 11:16:21 - [MESSAGE][PASSED] - Delayed 2 second(s)

2022-12-16 11:16:21 - [TEST_STEP][PASSED] - verifyElementVisible(findTestObject("03-Header Menu/Language/Language Div/div_spanish_Panel")): Object 'Object Repository/03-Header Menu/Language/Language Div/div_spanish_Panel' is visible

2022-12-16 11:16:23 - [MESSAGE][PASSED] - Object 'Object Repository/03-Header Menu/Language/Language Div/div_spanish_Panel' is visible

2022-12-16 11:16:23 - [TEST_STEP][PASSED] - verifyElementVisible(findTestObject("03-Header Menu/Language/Language Div/div_spanish_Equipo")): Object 'Object Repository/03-Header Menu/Language/Language Div/div_spanish_Equipo' is visible

2022-12-16 11:16:24 - [MESSAGE][PASSED] - Object 'Object Repository/03-Header Menu/Language/Language Div/div_spanish_Equipo' is visible

2022-12-16 11:16:24 - [TEST_STEP][PASSED] - delay(2): Delayed 2 second(s)

2022-12-16 11:16:26 - [MESSAGE][PASSED] - Delayed 2 second(s)

2022-12-16 11:16:26 - [TEST_STEP][PASSED] - click(findTestObject("03-Header Menu/Language/button_Language Selector")): Object: 'Object Repository/03-Header Menu/Language/button_Language Selector' is clicked on

2022-12-16 11:16:26 - [MESSAGE][PASSED] - Object: 'Object Repository/03-Header Menu/Language/button_Language Selector' is clicked on

2022-12-16 11:16:26 - [TEST_STEP][PASSED] - delay(2): Delayed 2 second(s)

2022-12-16 11:16:28 - [MESSAGE][PASSED] - Delayed 2 second(s)

2022-12-16 11:16:28 - [TEST_STEP][PASSED] - click(findTestObject("03-Header Menu/Language/button_Italiano")): Object: 'Object Repository/03-Header Menu/Language/button_Italiano' is clicked on

2022-12-16 11:16:29 - [MESSAGE][PASSED] - Object: 'Object Repository/03-Header Menu/Language/button_Italiano' is clicked on

2022-12-16 11:16:29 - [TEST_STEP][PASSED] - delay(10): Delayed 10 second(s)

2022-12-16 11:16:39 - [MESSAGE][PASSED] - Delayed 10 second(s)

2022-12-16 11:16:39 - [TEST_STEP][PASSED] - verifyElementVisible(findTestObject("03-Header Menu/Language/Language Div/div_Pannello di controllo")): Object 'Object Repository/03-Header Menu/Language/Language Div/div_Pannello di controllo' is visible

2022-12-16 11:16:40 - [MESSAGE][PASSED] - Object 'Object Repository/03-Header Menu/Language/Language Div/div_Pannello di controllo' is visible

2022-12-16 11:16:40 - [TEST_STEP][PASSED] - verifyElementVisible(findTestObject("03-Header Menu/Language/Language Div/div_Impostazioni"), CONTINUE_ON_FAILURE): Object 'Object Repository/03-Header Menu/Language/Language Div/div_Impostazioni' is visible

2022-12-16 11:16:41 - [MESSAGE][PASSED] - Object 'Object Repository/03-Header Menu/Language/Language Div/div_Impostazioni' is visible

2022-12-16 11:16:41 - [TEST_STEP][PASSED] - click(findTestObject("03-Header Menu/Language/button_Language Selector")): Object: 'Object Repository/03-Header Menu/Language/button_Language Selector' is clicked on

2022-12-16 11:16:43 - [MESSAGE][PASSED] - Object: 'Object Repository/03-Header Menu/Language/button_Language Selector' is clicked on

2022-12-16 11:16:43 - [TEST_STEP][PASSED] - delay(2): Delayed 2 second(s)

2022-12-16 11:16:45 - [MESSAGE][PASSED] - Delayed 2 second(s)

2022-12-16 11:16:45 - [TEST_STEP][PASSED] - click(findTestObject("03-Header Menu/Language/button_English")): Object: 'Object Repository/03-Header Menu/Language/button_English' is clicked on

2022-12-16 11:16:46 - [MESSAGE][PASSED] - Object: 'Object Repository/03-Header Menu/Language/button_English' is clicked on

2022-12-16 11:16:46 - [TEST_STEP][PASSED] - delay(2): Delayed 2 second(s)

2022-12-16 11:16:48 - [MESSAGE][PASSED] - Delayed 2 second(s)

2022-12-16 11:16:48 - [TEST_STEP][PASSED] - verifyElementVisible(findTestObject("03-Header Menu/Language/Language Div/div_Dashboard")): Object 'Object Repository/03-Header Menu/Language/Language Div/div_Dashboard' is visible

2022-12-16 11:16:48 - [MESSAGE][PASSED] - Object 'Object Repository/03-Header Menu/Language/Language Div/div_Dashboard' is visible

2022-12-16 11:16:48 - [TEST_STEP][PASSED] - verifyElementVisible(findTestObject("03-Header Menu/Language/Language Div/div_Teams")): Object 'Object Repository/03-Header Menu/Language/Language Div/div_Teams' is visible

2022-12-16 11:16:49 - [MESSAGE][PASSED] - Object 'Object Repository/03-Header Menu/Language/Language Div/div_Teams' is visible

2022-12-16 11:16:49 - [TEST_STEP][PASSED] - delay(2): Delayed 2 second(s)

2022-12-16 11:16:51 - [MESSAGE][PASSED] - Delayed 2 second(s)]]></system-out>
         <system-err><![CDATA[]]></system-err>
      </testcase>
      <testcase name="Test Cases/03-Header Menu/03- Users Profile menu and notification button" time="27.24" classname="Test Cases/03-Header Menu/03- Users Profile menu and notification button" status="PASSED">
         <system-out><![CDATA[2022-12-16 11:16:51 - [TEST_CASE][PASSED] - Test Cases/03-Header Menu/03- Users Profile menu and notification button: Test Cases/03-Header Menu/03- Users Profile menu and notification button

2022-12-16 11:16:53 - [TEST_STEP][PASSED] - click(findTestObject("03-Header Menu/User Profile/Users Profile menu and notification button/button_notification bell"), CONTINUE_ON_FAILURE): Object: 'Object Repository/03-Header Menu/User Profile/Users Profile menu and notification button/button_notification bell' is clicked on

2022-12-16 11:16:54 - [MESSAGE][PASSED] - Object: 'Object Repository/03-Header Menu/User Profile/Users Profile menu and notification button/button_notification bell' is clicked on

2022-12-16 11:16:54 - [TEST_STEP][PASSED] - delay(2): Delayed 2 second(s)

2022-12-16 11:16:56 - [MESSAGE][PASSED] - Delayed 2 second(s)

2022-12-16 11:16:56 - [TEST_STEP][PASSED] - verifyElementVisible(findTestObject("03-Header Menu/User Profile/Users Profile menu and notification button/div_notification modal"), CONTINUE_ON_FAILURE): Object 'Object Repository/03-Header Menu/User Profile/Users Profile menu and notification button/div_notification modal' is visible

2022-12-16 11:16:57 - [MESSAGE][PASSED] - Object 'Object Repository/03-Header Menu/User Profile/Users Profile menu and notification button/div_notification modal' is visible

2022-12-16 11:16:57 - [TEST_STEP][PASSED] - delay(2): Delayed 2 second(s)

2022-12-16 11:16:59 - [MESSAGE][PASSED] - Delayed 2 second(s)

2022-12-16 11:16:59 - [TEST_STEP][PASSED] - clickOffset(findTestObject("03-Header Menu/User Profile/Users Profile menu and notification button/div_notification modal"), 100, 100, CONTINUE_ON_FAILURE): Object: 'Object Repository/03-Header Menu/User Profile/Users Profile menu and notification button/div_notification modal' is clicked on using offset x=100 and y=100

2022-12-16 11:17:00 - [MESSAGE][PASSED] - Object: 'Object Repository/03-Header Menu/User Profile/Users Profile menu and notification button/div_notification modal' is clicked on using offset x=100 and y=100

2022-12-16 11:17:00 - [TEST_STEP][PASSED] - click(findTestObject("03-Header Menu/User Profile/Users Profile menu and notification button/div_User drop down menu button")): Object: 'Object Repository/03-Header Menu/User Profile/Users Profile menu and notification button/div_User drop down menu button' is clicked on

2022-12-16 11:17:01 - [MESSAGE][PASSED] - Object: 'Object Repository/03-Header Menu/User Profile/Users Profile menu and notification button/div_User drop down menu button' is clicked on

2022-12-16 11:17:01 - [TEST_STEP][PASSED] - delay(1): Delayed 1 second(s)

2022-12-16 11:17:02 - [MESSAGE][PASSED] - Delayed 1 second(s)

2022-12-16 11:17:02 - [TEST_STEP][PASSED] - verifyElementVisible(findTestObject("03-Header Menu/User Profile/Users Profile menu and notification button/h4_View Profile")): Object 'Object Repository/03-Header Menu/User Profile/Users Profile menu and notification button/h4_View Profile' is visible

2022-12-16 11:17:03 - [MESSAGE][PASSED] - Object 'Object Repository/03-Header Menu/User Profile/Users Profile menu and notification button/h4_View Profile' is visible

2022-12-16 11:17:03 - [TEST_STEP][PASSED] - verifyElementVisible(findTestObject("03-Header Menu/User Profile/Users Profile menu and notification button/h4_Change Password")): Object 'Object Repository/03-Header Menu/User Profile/Users Profile menu and notification button/h4_Change Password' is visible

2022-12-16 11:17:04 - [MESSAGE][PASSED] - Object 'Object Repository/03-Header Menu/User Profile/Users Profile menu and notification button/h4_Change Password' is visible

2022-12-16 11:17:04 - [TEST_STEP][PASSED] - verifyElementVisible(findTestObject("03-Header Menu/User Profile/Users Profile menu and notification button/h4_Sign Out")): Object 'Object Repository/03-Header Menu/User Profile/Users Profile menu and notification button/h4_Sign Out' is visible

2022-12-16 11:17:05 - [MESSAGE][PASSED] - Object 'Object Repository/03-Header Menu/User Profile/Users Profile menu and notification button/h4_Sign Out' is visible

2022-12-16 11:17:05 - [TEST_STEP][PASSED] - delay(2): Delayed 2 second(s)

2022-12-16 11:17:07 - [MESSAGE][PASSED] - Delayed 2 second(s)

2022-12-16 11:17:07 - [TEST_STEP][PASSED] - click(findTestObject("03-Header Menu/User Profile/Users Profile menu and notification button/h4_Sign Out")): Object: 'Object Repository/03-Header Menu/User Profile/Users Profile menu and notification button/h4_Sign Out' is clicked on

2022-12-16 11:17:08 - [MESSAGE][PASSED] - Object: 'Object Repository/03-Header Menu/User Profile/Users Profile menu and notification button/h4_Sign Out' is clicked on

2022-12-16 11:17:08 - [TEST_STEP][PASSED] - verifyElementVisible(findTestObject("03-Header Menu/User Profile/Users Profile menu and notification button/Login card")): Object 'Object Repository/03-Header Menu/User Profile/Users Profile menu and notification button/Login card' is visible

2022-12-16 11:17:12 - [MESSAGE][PASSED] - Object 'Object Repository/03-Header Menu/User Profile/Users Profile menu and notification button/Login card' is visible

2022-12-16 11:17:12 - [TEST_STEP][PASSED] - delay(2): Delayed 2 second(s)

2022-12-16 11:17:14 - [MESSAGE][PASSED] - Delayed 2 second(s)

2022-12-16 11:17:14 - [TEST_STEP][PASSED] - closeBrowser(): Browser is closed

2022-12-16 11:17:18 - [MESSAGE][PASSED] - Browser is closed]]></system-out>
         <system-err><![CDATA[]]></system-err>
      </testcase>
      <testcase name="Test Cases/03-Header Menu/04- View Profile" time="123.729" classname="Test Cases/03-Header Menu/04- View Profile" status="PASSED">
         <system-out><![CDATA[2022-12-16 11:17:18 - [TEST_CASE][PASSED] - Test Cases/03-Header Menu/04- View Profile: Test Cases/03-Header Menu/04- View Profile

2022-12-16 11:17:21 - [TEST_STEP][PASSED] - openBrowser(""): Browser is opened with url: ''

2022-12-16 11:17:21 - [MESSAGE][INFO] - Starting 'Chrome' driver

2022-12-16 11:17:21 - [MESSAGE][INFO] - Action delay is set to 0 milliseconds

2022-12-16 11:17:25 - [MESSAGE][PASSED] - Browser is opened with url: ''

2022-12-16 11:17:25 - [TEST_STEP][PASSED] - navigateToUrl("https://lab.everleagues.com/"): Navigate to 'https://lab.everleagues.com/' successfully

2022-12-16 11:17:48 - [MESSAGE][PASSED] - Navigate to 'https://lab.everleagues.com/' successfully

2022-12-16 11:17:48 - [TEST_STEP][PASSED] - maximizeWindow(): Current window maximized

2022-12-16 11:17:48 - [MESSAGE][PASSED] - Current window maximized

2022-12-16 11:17:48 - [TEST_STEP][PASSED] - setText(findTestObject("02-Side Icons(Organization)/Add Contact/Email Field"), "testuser02@mailinator.com"): Text 'testuser02@mailinator.com' is set on object 'Object Repository/02-Side Icons(Organization)/Add Contact/Email Field'

2022-12-16 11:17:50 - [MESSAGE][PASSED] - Text 'testuser02@mailinator.com' is set on object 'Object Repository/02-Side Icons(Organization)/Add Contact/Email Field'

2022-12-16 11:17:50 - [TEST_STEP][PASSED] - setEncryptedText(findTestObject("02-Side Icons(Organization)/Add Contact/Password Field"), "8yFRyszE6U6jvsCn51OQbg=="): Text ****** has been set on object 'Object Repository/02-Side Icons(Organization)/Add Contact/Password Field'

2022-12-16 11:17:52 - [MESSAGE][PASSED] - Text ****** has been set on object 'Object Repository/02-Side Icons(Organization)/Add Contact/Password Field'

2022-12-16 11:17:52 - [TEST_STEP][PASSED] - click(findTestObject("02-Side Icons(Organization)/Add Contact/button_Sign in")): Object: 'Object Repository/02-Side Icons(Organization)/Add Contact/button_Sign in' is clicked on

2022-12-16 11:17:53 - [MESSAGE][PASSED] - Object: 'Object Repository/02-Side Icons(Organization)/Add Contact/button_Sign in' is clicked on

2022-12-16 11:17:53 - [TEST_STEP][PASSED] - delay(2): Delayed 2 second(s)

2022-12-16 11:17:55 - [MESSAGE][PASSED] - Delayed 2 second(s)

2022-12-16 11:17:55 - [TEST_STEP][PASSED] - click(findTestObject("06-Teams/For 2FA/button_Confirm_2FA")): Object: 'Object Repository/06-Teams/For 2FA/button_Confirm_2FA' is clicked on

2022-12-16 11:17:55 - [MESSAGE][PASSED] - Object: 'Object Repository/06-Teams/For 2FA/button_Confirm_2FA' is clicked on

2022-12-16 11:17:55 - [TEST_STEP][PASSED] - executeJavaScript("window.open();", []): Execute JavaScript 'window.open();' successfully

2022-12-16 11:17:56 - [MESSAGE][PASSED] - Execute JavaScript 'window.open();' successfully

2022-12-16 11:17:56 - [TEST_STEP][PASSED] - currentWindow = getWindowIndex(): Current window's index is: 0

2022-12-16 11:17:56 - [MESSAGE][PASSED] - Current window's index is: 0

2022-12-16 11:17:56 - [TEST_STEP][PASSED] - delay(3): Delayed 3 second(s)

2022-12-16 11:17:59 - [MESSAGE][PASSED] - Delayed 3 second(s)

2022-12-16 11:17:59 - [TEST_STEP][PASSED] - switchToWindowIndex(currentWindow + 1): Switched to window with index: '1'

2022-12-16 11:17:59 - [MESSAGE][PASSED] - Switched to window with index: '1'

2022-12-16 11:17:59 - [TEST_STEP][PASSED] - navigateToUrl("https://www.mailinator.com/"): Navigate to 'https://www.mailinator.com/' successfully

2022-12-16 11:18:09 - [MESSAGE][PASSED] - Navigate to 'https://www.mailinator.com/' successfully

2022-12-16 11:18:09 - [TEST_STEP][PASSED] - delay(3): Delayed 3 second(s)

2022-12-16 11:18:12 - [MESSAGE][PASSED] - Delayed 3 second(s)

2022-12-16 11:18:12 - [TEST_STEP][PASSED] - setText(findTestObject("00-Signup and Activation/zMailinator/input_LOGIN_search"), "testuser02@mailinator.com"): Text 'testuser02@mailinator.com' is set on object 'Object Repository/00-Signup and Activation/zMailinator/input_LOGIN_search'

2022-12-16 11:18:14 - [MESSAGE][PASSED] - Text 'testuser02@mailinator.com' is set on object 'Object Repository/00-Signup and Activation/zMailinator/input_LOGIN_search'

2022-12-16 11:18:14 - [TEST_STEP][PASSED] - click(findTestObject("00-Signup and Activation/zMailinator/gobutton"), STOP_ON_FAILURE): Object: 'Object Repository/00-Signup and Activation/zMailinator/gobutton' is clicked on

2022-12-16 11:18:25 - [MESSAGE][PASSED] - Object: 'Object Repository/00-Signup and Activation/zMailinator/gobutton' is clicked on

2022-12-16 11:18:25 - [TEST_STEP][PASSED] - delay(3): Delayed 3 second(s)

2022-12-16 11:18:28 - [MESSAGE][PASSED] - Delayed 3 second(s)

2022-12-16 11:18:28 - [TEST_STEP][PASSED] - click(findTestObject("00-Signup and Activation/zMailinator/Email - everleagues")): Object: 'Object Repository/00-Signup and Activation/zMailinator/Email - everleagues' is clicked on

2022-12-16 11:18:29 - [MESSAGE][PASSED] - Object: 'Object Repository/00-Signup and Activation/zMailinator/Email - everleagues' is clicked on

2022-12-16 11:18:29 - [TEST_STEP][PASSED] - delay(3): Delayed 3 second(s)

2022-12-16 11:18:32 - [MESSAGE][PASSED] - Delayed 3 second(s)

2022-12-16 11:18:32 - [TEST_STEP][PASSED] - code = getText(findTestObject("Object Repository/06-Teams/For 2FA/2FA code")): Text of object 'Object Repository/06-Teams/For 2FA/2FA code' is: '695186'

2022-12-16 11:18:33 - [MESSAGE][PASSED] - Text of object 'Object Repository/06-Teams/For 2FA/2FA code' is: '695186'

2022-12-16 11:18:33 - [TEST_STEP][PASSED] - delay(3): Delayed 3 second(s)

2022-12-16 11:18:36 - [MESSAGE][PASSED] - Delayed 3 second(s)

2022-12-16 11:18:36 - [TEST_STEP][PASSED] - closeWindowTitle("Mailinator"): Window with title: 'Mailinator' is closed

2022-12-16 11:18:37 - [MESSAGE][PASSED] - Window with title: 'Mailinator' is closed

2022-12-16 11:18:37 - [TEST_STEP][PASSED] - delay(3): Delayed 3 second(s)

2022-12-16 11:18:40 - [MESSAGE][PASSED] - Delayed 3 second(s)

2022-12-16 11:18:40 - [TEST_STEP][PASSED] - switchToWindowIndex(0): Switched to window with index: '0'

2022-12-16 11:18:40 - [MESSAGE][PASSED] - Switched to window with index: '0'

2022-12-16 11:18:40 - [TEST_STEP][PASSED] - delay(3): Delayed 3 second(s)

2022-12-16 11:18:43 - [MESSAGE][PASSED] - Delayed 3 second(s)

2022-12-16 11:18:43 - [TEST_STEP][PASSED] - setText(findTestObject("Object Repository/06-Teams/For 2FA/input_Enter verification code_code"), code): Text '695186' is set on object 'Object Repository/06-Teams/For 2FA/input_Enter verification code_code'

2022-12-16 11:18:59 - [MESSAGE][PASSED] - Text '695186' is set on object 'Object Repository/06-Teams/For 2FA/input_Enter verification code_code'

2022-12-16 11:18:59 - [TEST_STEP][PASSED] - delay(3): Delayed 3 second(s)

2022-12-16 11:19:02 - [MESSAGE][PASSED] - Delayed 3 second(s)

2022-12-16 11:19:02 - [TEST_STEP][PASSED] - click(findTestObject("06-Teams/For 2FA/button_Verify_2FA")): Object: 'Object Repository/06-Teams/For 2FA/button_Verify_2FA' is clicked on

2022-12-16 11:19:04 - [MESSAGE][PASSED] - Object: 'Object Repository/06-Teams/For 2FA/button_Verify_2FA' is clicked on

2022-12-16 11:19:04 - [TEST_STEP][PASSED] - delay(5): Delayed 5 second(s)

2022-12-16 11:19:09 - [MESSAGE][PASSED] - Delayed 5 second(s)

2022-12-16 11:19:09 - [TEST_STEP][PASSED] - click(findTestObject("03-Header Menu/User Profile/Users Profile menu and notification button/div_User drop down menu button")): Object: 'Object Repository/03-Header Menu/User Profile/Users Profile menu and notification button/div_User drop down menu button' is clicked on

2022-12-16 11:19:12 - [MESSAGE][PASSED] - Object: 'Object Repository/03-Header Menu/User Profile/Users Profile menu and notification button/div_User drop down menu button' is clicked on

2022-12-16 11:19:12 - [TEST_STEP][PASSED] - delay(1): Delayed 1 second(s)

2022-12-16 11:19:13 - [MESSAGE][PASSED] - Delayed 1 second(s)

2022-12-16 11:19:13 - [TEST_STEP][PASSED] - click(findTestObject("03-Header Menu/User Profile/Users Profile menu and notification button/h4_View Profile")): Object: 'Object Repository/03-Header Menu/User Profile/Users Profile menu and notification button/h4_View Profile' is clicked on

2022-12-16 11:19:15 - [MESSAGE][PASSED] - Object: 'Object Repository/03-Header Menu/User Profile/Users Profile menu and notification button/h4_View Profile' is clicked on

2022-12-16 11:19:15 - [TEST_STEP][PASSED] - delay(2): Delayed 2 second(s)

2022-12-16 11:19:17 - [MESSAGE][PASSED] - Delayed 2 second(s)

2022-12-16 11:19:17 - [TEST_STEP][PASSED] - verifyElementVisible(findTestObject("03-Header Menu/User Profile/View Profile/div_Contact Info")): Object 'Object Repository/03-Header Menu/User Profile/View Profile/div_Contact Info' is visible

2022-12-16 11:19:18 - [MESSAGE][PASSED] - Object 'Object Repository/03-Header Menu/User Profile/View Profile/div_Contact Info' is visible

2022-12-16 11:19:18 - [TEST_STEP][PASSED] - verifyElementVisible(findTestObject("03-Header Menu/User Profile/View Profile/div_Profile")): Object 'Object Repository/03-Header Menu/User Profile/View Profile/div_Profile' is visible

2022-12-16 11:19:18 - [MESSAGE][PASSED] - Object 'Object Repository/03-Header Menu/User Profile/View Profile/div_Profile' is visible

2022-12-16 11:19:18 - [TEST_STEP][PASSED] - verifyElementVisible(findTestObject("03-Header Menu/User Profile/View Profile/div_Security")): Object 'Object Repository/03-Header Menu/User Profile/View Profile/div_Security' is visible

2022-12-16 11:19:19 - [MESSAGE][PASSED] - Object 'Object Repository/03-Header Menu/User Profile/View Profile/div_Security' is visible

2022-12-16 11:19:19 - [TEST_STEP][PASSED] - verifyElementVisible(findTestObject("03-Header Menu/User Profile/View Profile/div_Settings")): Object 'Object Repository/03-Header Menu/User Profile/View Profile/div_Settings' is visible

2022-12-16 11:19:20 - [MESSAGE][PASSED] - Object 'Object Repository/03-Header Menu/User Profile/View Profile/div_Settings' is visible

2022-12-16 11:19:20 - [TEST_STEP][PASSED] - delay(2): Delayed 2 second(s)

2022-12-16 11:19:22 - [MESSAGE][PASSED] - Delayed 2 second(s)]]></system-out>
         <system-err><![CDATA[]]></system-err>
      </testcase>
      <testcase name="Test Cases/03-Header Menu/05 - Edit Profile Tab (No changes made)" time="13.501" classname="Test Cases/03-Header Menu/05 - Edit Profile Tab (No changes made)" status="PASSED">
         <system-out><![CDATA[2022-12-16 11:19:22 - [TEST_CASE][PASSED] - Test Cases/03-Header Menu/05 - Edit Profile Tab (No changes made): Test Cases/03-Header Menu/05 - Edit Profile Tab (No changes made)

2022-12-16 11:19:25 - [TEST_STEP][PASSED] - mouseOver(findTestObject("03-Header Menu/User Profile/View Profile/Profile Tab/img tray")): Object: 'Object Repository/03-Header Menu/User Profile/View Profile/Profile Tab/img tray' is hovered

2022-12-16 11:19:26 - [MESSAGE][PASSED] - Object: 'Object Repository/03-Header Menu/User Profile/View Profile/Profile Tab/img tray' is hovered

2022-12-16 11:19:26 - [TEST_STEP][PASSED] - click(findTestObject("03-Header Menu/User Profile/View Profile/Profile Tab/Upload Icon")): Object: 'Object Repository/03-Header Menu/User Profile/View Profile/Profile Tab/Upload Icon' is clicked on

2022-12-16 11:19:28 - [MESSAGE][PASSED] - Object: 'Object Repository/03-Header Menu/User Profile/View Profile/Profile Tab/Upload Icon' is clicked on

2022-12-16 11:19:28 - [TEST_STEP][PASSED] - delay(2): Delayed 2 second(s)

2022-12-16 11:19:30 - [MESSAGE][PASSED] - Delayed 2 second(s)

2022-12-16 11:19:30 - [TEST_STEP][PASSED] - verifyElementVisible(findTestObject("03-Header Menu/User Profile/View Profile/Profile Tab/Upload User Image modal")): Object 'Object Repository/03-Header Menu/User Profile/View Profile/Profile Tab/Upload User Image modal' is visible

2022-12-16 11:19:31 - [MESSAGE][PASSED] - Object 'Object Repository/03-Header Menu/User Profile/View Profile/Profile Tab/Upload User Image modal' is visible

2022-12-16 11:19:31 - [TEST_STEP][PASSED] - verifyElementNotClickable(findTestObject("03-Header Menu/User Profile/View Profile/Profile Tab/button_Upload Image")): Object 'Object Repository/03-Header Menu/User Profile/View Profile/Profile Tab/button_Upload Image' is NOT clickable

2022-12-16 11:19:32 - [MESSAGE][PASSED] - Object 'Object Repository/03-Header Menu/User Profile/View Profile/Profile Tab/button_Upload Image' is NOT clickable

2022-12-16 11:19:32 - [TEST_STEP][PASSED] - delay(1): Delayed 1 second(s)

2022-12-16 11:19:33 - [MESSAGE][PASSED] - Delayed 1 second(s)

2022-12-16 11:19:33 - [TEST_STEP][PASSED] - click(findTestObject("03-Header Menu/User Profile/View Profile/Profile Tab/button_Cancel")): Object: 'Object Repository/03-Header Menu/User Profile/View Profile/Profile Tab/button_Cancel' is clicked on

2022-12-16 11:19:34 - [MESSAGE][PASSED] - Object: 'Object Repository/03-Header Menu/User Profile/View Profile/Profile Tab/button_Cancel' is clicked on

2022-12-16 11:19:34 - [TEST_STEP][PASSED] - delay(2): Delayed 2 second(s)

2022-12-16 11:19:36 - [MESSAGE][PASSED] - Delayed 2 second(s)]]></system-out>
         <system-err><![CDATA[]]></system-err>
      </testcase>
      <testcase name="Test Cases/03-Header Menu/06- Edit Profile Tab (with changes)" time="46.584" classname="Test Cases/03-Header Menu/06- Edit Profile Tab (with changes)" status="PASSED">
         <system-out><![CDATA[2022-12-16 11:19:36 - [TEST_CASE][PASSED] - Test Cases/03-Header Menu/06- Edit Profile Tab (with changes): Test Cases/03-Header Menu/06- Edit Profile Tab (with changes)

2022-12-16 11:19:38 - [TEST_STEP][PASSED] - delay(3): Delayed 3 second(s)

2022-12-16 11:19:41 - [MESSAGE][PASSED] - Delayed 3 second(s)

2022-12-16 11:19:41 - [TEST_STEP][PASSED] - setText(findTestObject("03-Header Menu/User Profile/View Profile/Profile Tab/input_FirstName"), "THIS IS"): Text 'THIS IS' is set on object 'Object Repository/03-Header Menu/User Profile/View Profile/Profile Tab/input_FirstName'

2022-12-16 11:19:43 - [MESSAGE][PASSED] - Text 'THIS IS' is set on object 'Object Repository/03-Header Menu/User Profile/View Profile/Profile Tab/input_FirstName'

2022-12-16 11:19:43 - [TEST_STEP][PASSED] - setText(findTestObject("03-Header Menu/User Profile/View Profile/Profile Tab/input_LastName"), "AUTOMATION"): Text 'AUTOMATION' is set on object 'Object Repository/03-Header Menu/User Profile/View Profile/Profile Tab/input_LastName'

2022-12-16 11:19:45 - [MESSAGE][PASSED] - Text 'AUTOMATION' is set on object 'Object Repository/03-Header Menu/User Profile/View Profile/Profile Tab/input_LastName'

2022-12-16 11:19:45 - [TEST_STEP][PASSED] - delay(2): Delayed 2 second(s)

2022-12-16 11:19:47 - [MESSAGE][PASSED] - Delayed 2 second(s)

2022-12-16 11:19:47 - [TEST_STEP][PASSED] - click(findTestObject("03-Header Menu/User Profile/View Profile/Profile Tab/button_Save")): Object: 'Object Repository/03-Header Menu/User Profile/View Profile/Profile Tab/button_Save' is clicked on

2022-12-16 11:19:48 - [MESSAGE][PASSED] - Object: 'Object Repository/03-Header Menu/User Profile/View Profile/Profile Tab/button_Save' is clicked on

2022-12-16 11:19:48 - [TEST_STEP][PASSED] - verifyElementVisible(findTestObject("03-Header Menu/User Profile/View Profile/Profile Tab/success msg")): Object 'Object Repository/03-Header Menu/User Profile/View Profile/Profile Tab/success msg' is visible

2022-12-16 11:19:51 - [MESSAGE][PASSED] - Object 'Object Repository/03-Header Menu/User Profile/View Profile/Profile Tab/success msg' is visible

2022-12-16 11:19:51 - [TEST_STEP][PASSED] - delay(2): Delayed 2 second(s)

2022-12-16 11:19:53 - [MESSAGE][PASSED] - Delayed 2 second(s)

2022-12-16 11:19:53 - [TEST_STEP][PASSED] - setText(findTestObject("03-Header Menu/User Profile/View Profile/Profile Tab/input_FirstName"), "GG"): Text 'GG' is set on object 'Object Repository/03-Header Menu/User Profile/View Profile/Profile Tab/input_FirstName'

2022-12-16 11:19:55 - [MESSAGE][PASSED] - Text 'GG' is set on object 'Object Repository/03-Header Menu/User Profile/View Profile/Profile Tab/input_FirstName'

2022-12-16 11:19:55 - [TEST_STEP][PASSED] - setText(findTestObject("03-Header Menu/User Profile/View Profile/Profile Tab/input_LastName"), "TESTER"): Text 'TESTER' is set on object 'Object Repository/03-Header Menu/User Profile/View Profile/Profile Tab/input_LastName'

2022-12-16 11:19:56 - [MESSAGE][PASSED] - Text 'TESTER' is set on object 'Object Repository/03-Header Menu/User Profile/View Profile/Profile Tab/input_LastName'

2022-12-16 11:19:56 - [TEST_STEP][PASSED] - delay(2): Delayed 2 second(s)

2022-12-16 11:19:58 - [MESSAGE][PASSED] - Delayed 2 second(s)

2022-12-16 11:19:58 - [TEST_STEP][PASSED] - click(findTestObject("03-Header Menu/User Profile/View Profile/Profile Tab/button_Save")): Object: 'Object Repository/03-Header Menu/User Profile/View Profile/Profile Tab/button_Save' is clicked on

2022-12-16 11:19:59 - [MESSAGE][PASSED] - Object: 'Object Repository/03-Header Menu/User Profile/View Profile/Profile Tab/button_Save' is clicked on

2022-12-16 11:19:59 - [TEST_STEP][PASSED] - delay(3): Delayed 3 second(s)

2022-12-16 11:20:02 - [MESSAGE][PASSED] - Delayed 3 second(s)

2022-12-16 11:20:02 - [TEST_STEP][PASSED] - verifyElementVisible(findTestObject("03-Header Menu/User Profile/View Profile/Profile Tab/success msg")): Object 'Object Repository/03-Header Menu/User Profile/View Profile/Profile Tab/success msg' is visible

2022-12-16 11:20:03 - [MESSAGE][PASSED] - Object 'Object Repository/03-Header Menu/User Profile/View Profile/Profile Tab/success msg' is visible

2022-12-16 11:20:03 - [TEST_STEP][PASSED] - delay(2): Delayed 2 second(s)

2022-12-16 11:20:05 - [MESSAGE][PASSED] - Delayed 2 second(s)

2022-12-16 11:20:05 - [TEST_STEP][PASSED] - mouseOver(findTestObject("03-Header Menu/User Profile/View Profile/Profile Tab/img tray")): Object: 'Object Repository/03-Header Menu/User Profile/View Profile/Profile Tab/img tray' is hovered

2022-12-16 11:20:06 - [MESSAGE][PASSED] - Object: 'Object Repository/03-Header Menu/User Profile/View Profile/Profile Tab/img tray' is hovered

2022-12-16 11:20:06 - [TEST_STEP][PASSED] - click(findTestObject("03-Header Menu/User Profile/View Profile/Profile Tab/Upload Icon")): Object: 'Object Repository/03-Header Menu/User Profile/View Profile/Profile Tab/Upload Icon' is clicked on

2022-12-16 11:20:06 - [MESSAGE][PASSED] - Object: 'Object Repository/03-Header Menu/User Profile/View Profile/Profile Tab/Upload Icon' is clicked on

2022-12-16 11:20:06 - [TEST_STEP][PASSED] - uploadpackage.Upload.uploadFile(findTestObject("Object Repository/03-Header Menu/User Profile/View Profile/Profile Tab/button_folderBrowse"), "C:\Users\asus\Desktop\EL automation\qa.jpg"): uploadpackage.Upload.uploadFile is PASSED

2022-12-16 11:20:09 - [MESSAGE][PASSED] - Object: 'Object Repository/03-Header Menu/User Profile/View Profile/Profile Tab/button_folderBrowse' is clicked on

2022-12-16 11:20:11 - [MESSAGE][PASSED] - uploadpackage.Upload.uploadFile is PASSED

2022-12-16 11:20:11 - [TEST_STEP][PASSED] - delay(2): Delayed 2 second(s)

2022-12-16 11:20:13 - [MESSAGE][PASSED] - Delayed 2 second(s)

2022-12-16 11:20:13 - [TEST_STEP][PASSED] - click(findTestObject("03-Header Menu/User Profile/View Profile/Profile Tab/button_Upload Image")): Object: 'Object Repository/03-Header Menu/User Profile/View Profile/Profile Tab/button_Upload Image' is clicked on

2022-12-16 11:20:14 - [MESSAGE][PASSED] - Object: 'Object Repository/03-Header Menu/User Profile/View Profile/Profile Tab/button_Upload Image' is clicked on

2022-12-16 11:20:14 - [TEST_STEP][PASSED] - delay(3): Delayed 3 second(s)

2022-12-16 11:20:17 - [MESSAGE][PASSED] - Delayed 3 second(s)

2022-12-16 11:20:17 - [TEST_STEP][PASSED] - verifyElementVisible(findTestObject("03-Header Menu/User Profile/View Profile/Contact Info/Successfully changed profile image")): Object 'Object Repository/03-Header Menu/User Profile/View Profile/Contact Info/Successfully changed profile image' is visible

2022-12-16 11:20:19 - [MESSAGE][PASSED] - Object 'Object Repository/03-Header Menu/User Profile/View Profile/Contact Info/Successfully changed profile image' is visible

2022-12-16 11:20:19 - [TEST_STEP][PASSED] - delay(3): Delayed 3 second(s)

2022-12-16 11:20:22 - [MESSAGE][PASSED] - Delayed 3 second(s)]]></system-out>
         <system-err><![CDATA[]]></system-err>
      </testcase>
      <testcase name="Test Cases/03-Header Menu/07- Security Tab (Blank phone number field)" time="26.313" classname="Test Cases/03-Header Menu/07- Security Tab (Blank phone number field)" status="PASSED">
         <system-out><![CDATA[2022-12-16 11:20:22 - [TEST_CASE][PASSED] - Test Cases/03-Header Menu/07- Security Tab (Blank phone number field): Test Cases/03-Header Menu/07- Security Tab (Blank phone number field)

2022-12-16 11:20:25 - [TEST_STEP][PASSED] - click(findTestObject("03-Header Menu/User Profile/View Profile/div_Security")): Object: 'Object Repository/03-Header Menu/User Profile/View Profile/div_Security' is clicked on

2022-12-16 11:20:26 - [MESSAGE][PASSED] - Object: 'Object Repository/03-Header Menu/User Profile/View Profile/div_Security' is clicked on

2022-12-16 11:20:26 - [TEST_STEP][PASSED] - delay(1): Delayed 1 second(s)

2022-12-16 11:20:27 - [MESSAGE][PASSED] - Delayed 1 second(s)

2022-12-16 11:20:27 - [TEST_STEP][PASSED] - verifyElementVisible(findTestObject("03-Header Menu/User Profile/View Profile/Security Tab (2FA)/title_2FA")): Object 'Object Repository/03-Header Menu/User Profile/View Profile/Security Tab (2FA)/title_2FA' is visible

2022-12-16 11:20:28 - [MESSAGE][PASSED] - Object 'Object Repository/03-Header Menu/User Profile/View Profile/Security Tab (2FA)/title_2FA' is visible

2022-12-16 11:20:28 - [TEST_STEP][PASSED] - verifyElementVisible(findTestObject("03-Header Menu/User Profile/View Profile/Security Tab (2FA)/2FA_toggle")): Object 'Object Repository/03-Header Menu/User Profile/View Profile/Security Tab (2FA)/2FA_toggle' is visible

2022-12-16 11:20:28 - [MESSAGE][PASSED] - Object 'Object Repository/03-Header Menu/User Profile/View Profile/Security Tab (2FA)/2FA_toggle' is visible

2022-12-16 11:20:28 - [TEST_STEP][PASSED] - verifyElementVisible(findTestObject("03-Header Menu/User Profile/View Profile/Security Tab (2FA)/input_Email")): Object 'Object Repository/03-Header Menu/User Profile/View Profile/Security Tab (2FA)/input_Email' is visible

2022-12-16 11:20:29 - [MESSAGE][PASSED] - Object 'Object Repository/03-Header Menu/User Profile/View Profile/Security Tab (2FA)/input_Email' is visible

2022-12-16 11:20:29 - [TEST_STEP][PASSED] - delay(1): Delayed 1 second(s)

2022-12-16 11:20:30 - [MESSAGE][PASSED] - Delayed 1 second(s)

2022-12-16 11:20:30 - [TEST_STEP][PASSED] - click(findTestObject("03-Header Menu/User Profile/View Profile/Security Tab (2FA)/2FA_toggle")): Object: 'Object Repository/03-Header Menu/User Profile/View Profile/Security Tab (2FA)/2FA_toggle' is clicked on

2022-12-16 11:20:31 - [MESSAGE][PASSED] - Object: 'Object Repository/03-Header Menu/User Profile/View Profile/Security Tab (2FA)/2FA_toggle' is clicked on

2022-12-16 11:20:31 - [TEST_STEP][PASSED] - verifyElementVisible(findTestObject("03-Header Menu/User Profile/View Profile/Security Tab (2FA)/Success enable")): Object 'Object Repository/03-Header Menu/User Profile/View Profile/Security Tab (2FA)/Success enable' is visible

2022-12-16 11:20:32 - [MESSAGE][PASSED] - Object 'Object Repository/03-Header Menu/User Profile/View Profile/Security Tab (2FA)/Success enable' is visible

2022-12-16 11:20:32 - [TEST_STEP][PASSED] - delay(1): Delayed 1 second(s)

2022-12-16 11:20:33 - [MESSAGE][PASSED] - Delayed 1 second(s)

2022-12-16 11:20:33 - [TEST_STEP][PASSED] - click(findTestObject("03-Header Menu/User Profile/View Profile/Security Tab (2FA)/button_edit")): Object: 'Object Repository/03-Header Menu/User Profile/View Profile/Security Tab (2FA)/button_edit' is clicked on

2022-12-16 11:20:35 - [MESSAGE][PASSED] - Object: 'Object Repository/03-Header Menu/User Profile/View Profile/Security Tab (2FA)/button_edit' is clicked on

2022-12-16 11:20:35 - [TEST_STEP][PASSED] - verifyElementVisible(findTestObject("03-Header Menu/User Profile/View Profile/Security Tab (2FA)/2FA Phone Number modal")): Object 'Object Repository/03-Header Menu/User Profile/View Profile/Security Tab (2FA)/2FA Phone Number modal' is visible

2022-12-16 11:20:36 - [MESSAGE][PASSED] - Object 'Object Repository/03-Header Menu/User Profile/View Profile/Security Tab (2FA)/2FA Phone Number modal' is visible

2022-12-16 11:20:36 - [TEST_STEP][PASSED] - verifyElementVisible(findTestObject("03-Header Menu/User Profile/View Profile/Security Tab (2FA)/h4_Edit 2FA Phone Number")): Object 'Object Repository/03-Header Menu/User Profile/View Profile/Security Tab (2FA)/h4_Edit 2FA Phone Number' is visible

2022-12-16 11:20:37 - [MESSAGE][PASSED] - Object 'Object Repository/03-Header Menu/User Profile/View Profile/Security Tab (2FA)/h4_Edit 2FA Phone Number' is visible

2022-12-16 11:20:37 - [TEST_STEP][PASSED] - delay(1): Delayed 1 second(s)

2022-12-16 11:20:38 - [MESSAGE][PASSED] - Delayed 1 second(s)

2022-12-16 11:20:38 - [TEST_STEP][PASSED] - click(findTestObject("03-Header Menu/User Profile/View Profile/Security Tab (2FA)/button_area code")): Object: 'Object Repository/03-Header Menu/User Profile/View Profile/Security Tab (2FA)/button_area code' is clicked on

2022-12-16 11:20:41 - [MESSAGE][PASSED] - Object: 'Object Repository/03-Header Menu/User Profile/View Profile/Security Tab (2FA)/button_area code' is clicked on

2022-12-16 11:20:41 - [TEST_STEP][PASSED] - setText(findTestObject("03-Header Menu/User Profile/View Profile/Security Tab (2FA)/area code search"), "PH"): Text 'PH' is set on object 'Object Repository/03-Header Menu/User Profile/View Profile/Security Tab (2FA)/area code search'

2022-12-16 11:20:43 - [MESSAGE][PASSED] - Text 'PH' is set on object 'Object Repository/03-Header Menu/User Profile/View Profile/Security Tab (2FA)/area code search'

2022-12-16 11:20:43 - [TEST_STEP][PASSED] - click(findTestObject("03-Header Menu/User Profile/View Profile/Security Tab (2FA)/button_Philippines 63")): Object: 'Object Repository/03-Header Menu/User Profile/View Profile/Security Tab (2FA)/button_Philippines 63' is clicked on

2022-12-16 11:20:44 - [MESSAGE][PASSED] - Object: 'Object Repository/03-Header Menu/User Profile/View Profile/Security Tab (2FA)/button_Philippines 63' is clicked on

2022-12-16 11:20:44 - [TEST_STEP][PASSED] - delay(3): Delayed 3 second(s)

2022-12-16 11:20:47 - [MESSAGE][PASSED] - Delayed 3 second(s)

2022-12-16 11:20:47 - [TEST_STEP][PASSED] - verifyElementVisible(findTestObject("03-Header Menu/User Profile/View Profile/Security Tab (2FA)/Phone_Error")): Object 'Object Repository/03-Header Menu/User Profile/View Profile/Security Tab (2FA)/Phone_Error' is visible

2022-12-16 11:20:48 - [MESSAGE][PASSED] - Object 'Object Repository/03-Header Menu/User Profile/View Profile/Security Tab (2FA)/Phone_Error' is visible

2022-12-16 11:20:48 - [TEST_STEP][PASSED] - delay(1): Delayed 1 second(s)

2022-12-16 11:20:49 - [MESSAGE][PASSED] - Delayed 1 second(s)]]></system-out>
         <system-err><![CDATA[]]></system-err>
      </testcase>
      <testcase name="Test Cases/03-Header Menu/08-Security Tab (Wrong phone number)" time="18.379" classname="Test Cases/03-Header Menu/08-Security Tab (Wrong phone number)" status="PASSED">
         <system-out><![CDATA[2022-12-16 11:20:49 - [TEST_CASE][PASSED] - Test Cases/03-Header Menu/08-Security Tab (Wrong phone number): Test Cases/03-Header Menu/08-Security Tab (Wrong phone number)

2022-12-16 11:20:51 - [TEST_STEP][PASSED] - setText(findTestObject("03-Header Menu/User Profile/View Profile/Security Tab (2FA)/input_phone number"), "212968902"): Text '212968902' is set on object 'Object Repository/03-Header Menu/User Profile/View Profile/Security Tab (2FA)/input_phone number'

2022-12-16 11:20:53 - [MESSAGE][PASSED] - Text '212968902' is set on object 'Object Repository/03-Header Menu/User Profile/View Profile/Security Tab (2FA)/input_phone number'

2022-12-16 11:20:53 - [TEST_STEP][PASSED] - delay(2): Delayed 2 second(s)

2022-12-16 11:20:55 - [MESSAGE][PASSED] - Delayed 2 second(s)

2022-12-16 11:20:55 - [TEST_STEP][PASSED] - click(findTestObject("03-Header Menu/User Profile/View Profile/Security Tab (2FA)/button_Next")): Object: 'Object Repository/03-Header Menu/User Profile/View Profile/Security Tab (2FA)/button_Next' is clicked on

2022-12-16 11:20:56 - [MESSAGE][PASSED] - Object: 'Object Repository/03-Header Menu/User Profile/View Profile/Security Tab (2FA)/button_Next' is clicked on

2022-12-16 11:20:56 - [TEST_STEP][PASSED] - delay(1): Delayed 1 second(s)

2022-12-16 11:20:57 - [MESSAGE][PASSED] - Delayed 1 second(s)

2022-12-16 11:20:57 - [TEST_STEP][PASSED] - verifyElementVisible(findTestObject("03-Header Menu/User Profile/View Profile/Security Tab (2FA)/div_Failed to send SMS")): Object 'Object Repository/03-Header Menu/User Profile/View Profile/Security Tab (2FA)/div_Failed to send SMS' is visible

2022-12-16 11:20:58 - [MESSAGE][PASSED] - Object 'Object Repository/03-Header Menu/User Profile/View Profile/Security Tab (2FA)/div_Failed to send SMS' is visible

2022-12-16 11:20:58 - [TEST_STEP][PASSED] - delay(2): Delayed 2 second(s)

2022-12-16 11:21:00 - [MESSAGE][PASSED] - Delayed 2 second(s)

2022-12-16 11:21:00 - [TEST_STEP][PASSED] - click(findTestObject("03-Header Menu/User Profile/View Profile/Security Tab (2FA)/button_Cancel")): Object: 'Object Repository/03-Header Menu/User Profile/View Profile/Security Tab (2FA)/button_Cancel' is clicked on

2022-12-16 11:21:01 - [MESSAGE][PASSED] - Object: 'Object Repository/03-Header Menu/User Profile/View Profile/Security Tab (2FA)/button_Cancel' is clicked on

2022-12-16 11:21:01 - [TEST_STEP][PASSED] - click(findTestObject("03-Header Menu/User Profile/View Profile/Security Tab (2FA)/2FA_toggle")): Object: 'Object Repository/03-Header Menu/User Profile/View Profile/Security Tab (2FA)/2FA_toggle' is clicked on

2022-12-16 11:21:02 - [MESSAGE][PASSED] - Object: 'Object Repository/03-Header Menu/User Profile/View Profile/Security Tab (2FA)/2FA_toggle' is clicked on

2022-12-16 11:21:02 - [TEST_STEP][PASSED] - delay(2): Delayed 2 second(s)

2022-12-16 11:21:04 - [MESSAGE][PASSED] - Delayed 2 second(s)

2022-12-16 11:21:04 - [TEST_STEP][PASSED] - verifyElementVisible(findTestObject("03-Header Menu/User Profile/View Profile/Security Tab (2FA)/Success disable")): Object 'Object Repository/03-Header Menu/User Profile/View Profile/Security Tab (2FA)/Success disable' is visible

2022-12-16 11:21:05 - [MESSAGE][PASSED] - Object 'Object Repository/03-Header Menu/User Profile/View Profile/Security Tab (2FA)/Success disable' is visible

2022-12-16 11:21:05 - [TEST_STEP][PASSED] - delay(2): Delayed 2 second(s)

2022-12-16 11:21:07 - [MESSAGE][PASSED] - Delayed 2 second(s)]]></system-out>
         <system-err><![CDATA[]]></system-err>
      </testcase>
      <testcase name="Test Cases/03-Header Menu/09- Security Tab (Enabling 2FA)" time="32.576" classname="Test Cases/03-Header Menu/09- Security Tab (Enabling 2FA)" status="PASSED">
         <system-out><![CDATA[2022-12-16 11:21:07 - [TEST_CASE][PASSED] - Test Cases/03-Header Menu/09- Security Tab (Enabling 2FA): Test Cases/03-Header Menu/09- Security Tab (Enabling 2FA)

2022-12-16 11:21:09 - [TEST_STEP][PASSED] - click(findTestObject("03-Header Menu/User Profile/View Profile/Security Tab (2FA)/2FA_toggle")): Object: 'Object Repository/03-Header Menu/User Profile/View Profile/Security Tab (2FA)/2FA_toggle' is clicked on

2022-12-16 11:21:10 - [MESSAGE][PASSED] - Object: 'Object Repository/03-Header Menu/User Profile/View Profile/Security Tab (2FA)/2FA_toggle' is clicked on

2022-12-16 11:21:10 - [TEST_STEP][PASSED] - verifyElementVisible(findTestObject("03-Header Menu/User Profile/View Profile/Security Tab (2FA)/Success enable")): Object 'Object Repository/03-Header Menu/User Profile/View Profile/Security Tab (2FA)/Success enable' is visible

2022-12-16 11:21:11 - [MESSAGE][PASSED] - Object 'Object Repository/03-Header Menu/User Profile/View Profile/Security Tab (2FA)/Success enable' is visible

2022-12-16 11:21:11 - [TEST_STEP][PASSED] - delay(1): Delayed 1 second(s)

2022-12-16 11:21:12 - [MESSAGE][PASSED] - Delayed 1 second(s)

2022-12-16 11:21:12 - [TEST_STEP][PASSED] - click(findTestObject("03-Header Menu/User Profile/View Profile/Security Tab (2FA)/button_edit")): Object: 'Object Repository/03-Header Menu/User Profile/View Profile/Security Tab (2FA)/button_edit' is clicked on

2022-12-16 11:21:14 - [MESSAGE][PASSED] - Object: 'Object Repository/03-Header Menu/User Profile/View Profile/Security Tab (2FA)/button_edit' is clicked on

2022-12-16 11:21:14 - [TEST_STEP][PASSED] - verifyElementVisible(findTestObject("03-Header Menu/User Profile/View Profile/Security Tab (2FA)/2FA Phone Number modal")): Object 'Object Repository/03-Header Menu/User Profile/View Profile/Security Tab (2FA)/2FA Phone Number modal' is visible

2022-12-16 11:21:15 - [MESSAGE][PASSED] - Object 'Object Repository/03-Header Menu/User Profile/View Profile/Security Tab (2FA)/2FA Phone Number modal' is visible

2022-12-16 11:21:15 - [TEST_STEP][PASSED] - delay(1): Delayed 1 second(s)

2022-12-16 11:21:16 - [MESSAGE][PASSED] - Delayed 1 second(s)

2022-12-16 11:21:16 - [TEST_STEP][PASSED] - click(findTestObject("03-Header Menu/User Profile/View Profile/Security Tab (2FA)/button_area code")): Object: 'Object Repository/03-Header Menu/User Profile/View Profile/Security Tab (2FA)/button_area code' is clicked on

2022-12-16 11:21:19 - [MESSAGE][PASSED] - Object: 'Object Repository/03-Header Menu/User Profile/View Profile/Security Tab (2FA)/button_area code' is clicked on

2022-12-16 11:21:19 - [TEST_STEP][PASSED] - verifyElementVisible(findTestObject("03-Header Menu/User Profile/View Profile/Security Tab (2FA)/Area code modal")): Object 'Object Repository/03-Header Menu/User Profile/View Profile/Security Tab (2FA)/Area code modal' is visible

2022-12-16 11:21:20 - [MESSAGE][PASSED] - Object 'Object Repository/03-Header Menu/User Profile/View Profile/Security Tab (2FA)/Area code modal' is visible

2022-12-16 11:21:20 - [TEST_STEP][PASSED] - setText(findTestObject("03-Header Menu/User Profile/View Profile/Security Tab (2FA)/area code search"), "PH"): Text 'PH' is set on object 'Object Repository/03-Header Menu/User Profile/View Profile/Security Tab (2FA)/area code search'

2022-12-16 11:21:22 - [MESSAGE][PASSED] - Text 'PH' is set on object 'Object Repository/03-Header Menu/User Profile/View Profile/Security Tab (2FA)/area code search'

2022-12-16 11:21:22 - [TEST_STEP][PASSED] - click(findTestObject("03-Header Menu/User Profile/View Profile/Security Tab (2FA)/button_Philippines 63")): Object: 'Object Repository/03-Header Menu/User Profile/View Profile/Security Tab (2FA)/button_Philippines 63' is clicked on

2022-12-16 11:21:23 - [MESSAGE][PASSED] - Object: 'Object Repository/03-Header Menu/User Profile/View Profile/Security Tab (2FA)/button_Philippines 63' is clicked on

2022-12-16 11:21:23 - [TEST_STEP][PASSED] - setText(findTestObject("03-Header Menu/User Profile/View Profile/Security Tab (2FA)/input_phone number"), "9212968902"): Text '9212968902' is set on object 'Object Repository/03-Header Menu/User Profile/View Profile/Security Tab (2FA)/input_phone number'

2022-12-16 11:21:26 - [MESSAGE][PASSED] - Text '9212968902' is set on object 'Object Repository/03-Header Menu/User Profile/View Profile/Security Tab (2FA)/input_phone number'

2022-12-16 11:21:26 - [TEST_STEP][PASSED] - delay(2): Delayed 2 second(s)

2022-12-16 11:21:28 - [MESSAGE][PASSED] - Delayed 2 second(s)

2022-12-16 11:21:28 - [TEST_STEP][PASSED] - click(findTestObject("03-Header Menu/User Profile/View Profile/Security Tab (2FA)/button_Next")): Object: 'Object Repository/03-Header Menu/User Profile/View Profile/Security Tab (2FA)/button_Next' is clicked on

2022-12-16 11:21:29 - [MESSAGE][PASSED] - Object: 'Object Repository/03-Header Menu/User Profile/View Profile/Security Tab (2FA)/button_Next' is clicked on

2022-12-16 11:21:29 - [TEST_STEP][PASSED] - delay(1): Delayed 1 second(s)

2022-12-16 11:21:30 - [MESSAGE][PASSED] - Delayed 1 second(s)

2022-12-16 11:21:30 - [TEST_STEP][PASSED] - verifyElementVisible(findTestObject("03-Header Menu/User Profile/View Profile/Security Tab (2FA)/ver_code_success")): Object 'Object Repository/03-Header Menu/User Profile/View Profile/Security Tab (2FA)/ver_code_success' is visible

2022-12-16 11:21:31 - [MESSAGE][PASSED] - Object 'Object Repository/03-Header Menu/User Profile/View Profile/Security Tab (2FA)/ver_code_success' is visible

2022-12-16 11:21:31 - [TEST_STEP][PASSED] - delay(2): Delayed 2 second(s)

2022-12-16 11:21:33 - [MESSAGE][PASSED] - Delayed 2 second(s)

2022-12-16 11:21:33 - [TEST_STEP][PASSED] - click(findTestObject("03-Header Menu/User Profile/View Profile/Security Tab (2FA)/button_Cancel")): Object: 'Object Repository/03-Header Menu/User Profile/View Profile/Security Tab (2FA)/button_Cancel' is clicked on

2022-12-16 11:21:35 - [MESSAGE][PASSED] - Object: 'Object Repository/03-Header Menu/User Profile/View Profile/Security Tab (2FA)/button_Cancel' is clicked on

2022-12-16 11:21:35 - [TEST_STEP][PASSED] - click(findTestObject("03-Header Menu/User Profile/View Profile/Security Tab (2FA)/2FA_toggle")): Object: 'Object Repository/03-Header Menu/User Profile/View Profile/Security Tab (2FA)/2FA_toggle' is clicked on

2022-12-16 11:21:36 - [MESSAGE][PASSED] - Object: 'Object Repository/03-Header Menu/User Profile/View Profile/Security Tab (2FA)/2FA_toggle' is clicked on

2022-12-16 11:21:36 - [TEST_STEP][PASSED] - verifyElementVisible(findTestObject("03-Header Menu/User Profile/View Profile/Security Tab (2FA)/Success disable")): Object 'Object Repository/03-Header Menu/User Profile/View Profile/Security Tab (2FA)/Success disable' is visible

2022-12-16 11:21:38 - [MESSAGE][PASSED] - Object 'Object Repository/03-Header Menu/User Profile/View Profile/Security Tab (2FA)/Success disable' is visible

2022-12-16 11:21:38 - [TEST_STEP][PASSED] - delay(2): Delayed 2 second(s)

2022-12-16 11:21:40 - [MESSAGE][PASSED] - Delayed 2 second(s)]]></system-out>
         <system-err><![CDATA[]]></system-err>
      </testcase>
      <testcase name="Test Cases/03-Header Menu/10- Settings (Timezone select)" time="27.349" classname="Test Cases/03-Header Menu/10- Settings (Timezone select)" status="PASSED">
         <system-out><![CDATA[2022-12-16 11:21:40 - [TEST_CASE][PASSED] - Test Cases/03-Header Menu/10- Settings (Timezone select): Test Cases/03-Header Menu/10- Settings (Timezone select)

2022-12-16 11:21:42 - [TEST_STEP][PASSED] - click(findTestObject("03-Header Menu/User Profile/View Profile/div_Settings")): Object: 'Object Repository/03-Header Menu/User Profile/View Profile/div_Settings' is clicked on

2022-12-16 11:21:45 - [MESSAGE][PASSED] - Object: 'Object Repository/03-Header Menu/User Profile/View Profile/div_Settings' is clicked on

2022-12-16 11:21:45 - [TEST_STEP][PASSED] - delay(1): Delayed 1 second(s)

2022-12-16 11:21:46 - [MESSAGE][PASSED] - Delayed 1 second(s)

2022-12-16 11:21:46 - [TEST_STEP][PASSED] - verifyElementVisible(findTestObject("03-Header Menu/User Profile/View Profile/Settings/Dashboard Card")): Object 'Object Repository/03-Header Menu/User Profile/View Profile/Settings/Dashboard Card' is visible

2022-12-16 11:21:47 - [MESSAGE][PASSED] - Object 'Object Repository/03-Header Menu/User Profile/View Profile/Settings/Dashboard Card' is visible

2022-12-16 11:21:47 - [TEST_STEP][PASSED] - verifyElementVisible(findTestObject("03-Header Menu/User Profile/View Profile/Settings/Email Frequency")): Object 'Object Repository/03-Header Menu/User Profile/View Profile/Settings/Email Frequency' is visible

2022-12-16 11:21:48 - [MESSAGE][PASSED] - Object 'Object Repository/03-Header Menu/User Profile/View Profile/Settings/Email Frequency' is visible

2022-12-16 11:21:48 - [TEST_STEP][PASSED] - verifyElementVisible(findTestObject("03-Header Menu/User Profile/View Profile/Settings/Timezone")): Object 'Object Repository/03-Header Menu/User Profile/View Profile/Settings/Timezone' is visible

2022-12-16 11:21:49 - [MESSAGE][PASSED] - Object 'Object Repository/03-Header Menu/User Profile/View Profile/Settings/Timezone' is visible

2022-12-16 11:21:49 - [TEST_STEP][PASSED] - delay(3): Delayed 3 second(s)

2022-12-16 11:21:52 - [MESSAGE][PASSED] - Delayed 3 second(s)

2022-12-16 11:21:52 - [TEST_STEP][PASSED] - click(findTestObject("03-Header Menu/User Profile/View Profile/Settings/Timezone selector")): Object: 'Object Repository/03-Header Menu/User Profile/View Profile/Settings/Timezone selector' is clicked on

2022-12-16 11:21:53 - [MESSAGE][PASSED] - Object: 'Object Repository/03-Header Menu/User Profile/View Profile/Settings/Timezone selector' is clicked on

2022-12-16 11:21:53 - [TEST_STEP][PASSED] - click(findTestObject("03-Header Menu/User Profile/View Profile/Settings/span_(UTC0800) Beijing, Chongqing, Hong Kong, Urumqi")): Object: 'Object Repository/03-Header Menu/User Profile/View Profile/Settings/span_(UTC0800) Beijing, Chongqing, Hong Kong, Urumqi' is clicked on

2022-12-16 11:21:55 - [MESSAGE][PASSED] - Object: 'Object Repository/03-Header Menu/User Profile/View Profile/Settings/span_(UTC0800) Beijing, Chongqing, Hong Kong, Urumqi' is clicked on

2022-12-16 11:21:55 - [TEST_STEP][PASSED] - click(findTestObject("03-Header Menu/User Profile/View Profile/Settings/button_Save")): Object: 'Object Repository/03-Header Menu/User Profile/View Profile/Settings/button_Save' is clicked on

2022-12-16 11:21:56 - [MESSAGE][PASSED] - Object: 'Object Repository/03-Header Menu/User Profile/View Profile/Settings/button_Save' is clicked on

2022-12-16 11:21:56 - [TEST_STEP][PASSED] - delay(1): Delayed 1 second(s)

2022-12-16 11:21:57 - [MESSAGE][PASSED] - Delayed 1 second(s)

2022-12-16 11:21:57 - [TEST_STEP][PASSED] - verifyElementVisible(findTestObject("03-Header Menu/User Profile/View Profile/Settings/Successfully msg")): Object 'Object Repository/03-Header Menu/User Profile/View Profile/Settings/Successfully msg' is visible

2022-12-16 11:21:58 - [MESSAGE][PASSED] - Object 'Object Repository/03-Header Menu/User Profile/View Profile/Settings/Successfully msg' is visible

2022-12-16 11:21:58 - [TEST_STEP][PASSED] - delay(2): Delayed 2 second(s)

2022-12-16 11:22:00 - [MESSAGE][PASSED] - Delayed 2 second(s)

2022-12-16 11:22:00 - [TEST_STEP][PASSED] - click(findTestObject("03-Header Menu/User Profile/View Profile/Settings/Timezone selector")): Object: 'Object Repository/03-Header Menu/User Profile/View Profile/Settings/Timezone selector' is clicked on

2022-12-16 11:22:00 - [MESSAGE][PASSED] - Object: 'Object Repository/03-Header Menu/User Profile/View Profile/Settings/Timezone selector' is clicked on

2022-12-16 11:22:00 - [TEST_STEP][PASSED] - click(findTestObject("03-Header Menu/User Profile/View Profile/Settings/span_(UTC0800) Kuala Lumpur, Singapore")): Object: 'Object Repository/03-Header Menu/User Profile/View Profile/Settings/span_(UTC0800) Kuala Lumpur, Singapore' is clicked on

2022-12-16 11:22:02 - [MESSAGE][PASSED] - Object: 'Object Repository/03-Header Menu/User Profile/View Profile/Settings/span_(UTC0800) Kuala Lumpur, Singapore' is clicked on

2022-12-16 11:22:02 - [TEST_STEP][PASSED] - click(findTestObject("03-Header Menu/User Profile/View Profile/Settings/button_Save")): Object: 'Object Repository/03-Header Menu/User Profile/View Profile/Settings/button_Save' is clicked on

2022-12-16 11:22:03 - [MESSAGE][PASSED] - Object: 'Object Repository/03-Header Menu/User Profile/View Profile/Settings/button_Save' is clicked on

2022-12-16 11:22:03 - [TEST_STEP][PASSED] - delay(1): Delayed 1 second(s)

2022-12-16 11:22:04 - [MESSAGE][PASSED] - Delayed 1 second(s)

2022-12-16 11:22:04 - [TEST_STEP][PASSED] - verifyElementVisible(findTestObject("03-Header Menu/User Profile/View Profile/Settings/Successfully msg")): Object 'Object Repository/03-Header Menu/User Profile/View Profile/Settings/Successfully msg' is visible

2022-12-16 11:22:05 - [MESSAGE][PASSED] - Object 'Object Repository/03-Header Menu/User Profile/View Profile/Settings/Successfully msg' is visible

2022-12-16 11:22:05 - [TEST_STEP][PASSED] - delay(2): Delayed 2 second(s)

2022-12-16 11:22:07 - [MESSAGE][PASSED] - Delayed 2 second(s)]]></system-out>
         <system-err><![CDATA[]]></system-err>
      </testcase>
      <testcase name="Test Cases/03-Header Menu/11-Settings (Email Frequency select)" time="47.783" classname="Test Cases/03-Header Menu/11-Settings (Email Frequency select)" status="PASSED">
         <system-out><![CDATA[2022-12-16 11:22:07 - [TEST_CASE][PASSED] - Test Cases/03-Header Menu/11-Settings (Email Frequency select): Test Cases/03-Header Menu/11-Settings (Email Frequency select)

2022-12-16 11:22:09 - [TEST_STEP][PASSED] - scrollToElement(findTestObject("03-Header Menu/User Profile/View Profile/Settings/Email Frequency selector"), 0): Scroll to object 'Object Repository/03-Header Menu/User Profile/View Profile/Settings/Email Frequency selector' successfully

2022-12-16 11:22:10 - [MESSAGE][WARNING] - Timeout '0' is invalid. Using default page load timeout: '30'

2022-12-16 11:22:10 - [MESSAGE][PASSED] - Scroll to object 'Object Repository/03-Header Menu/User Profile/View Profile/Settings/Email Frequency selector' successfully

2022-12-16 11:22:10 - [TEST_STEP][PASSED] - click(findTestObject("03-Header Menu/User Profile/View Profile/Settings/Email Frequency selector")): Object: 'Object Repository/03-Header Menu/User Profile/View Profile/Settings/Email Frequency selector' is clicked on

2022-12-16 11:22:11 - [MESSAGE][PASSED] - Object: 'Object Repository/03-Header Menu/User Profile/View Profile/Settings/Email Frequency selector' is clicked on

2022-12-16 11:22:11 - [TEST_STEP][PASSED] - click(findTestObject("03-Header Menu/User Profile/View Profile/Settings/span_None")): Object: 'Object Repository/03-Header Menu/User Profile/View Profile/Settings/span_None' is clicked on

2022-12-16 11:22:12 - [MESSAGE][PASSED] - Object: 'Object Repository/03-Header Menu/User Profile/View Profile/Settings/span_None' is clicked on

2022-12-16 11:22:12 - [TEST_STEP][PASSED] - click(findTestObject("03-Header Menu/User Profile/View Profile/Settings/button_Save")): Object: 'Object Repository/03-Header Menu/User Profile/View Profile/Settings/button_Save' is clicked on

2022-12-16 11:22:13 - [MESSAGE][PASSED] - Object: 'Object Repository/03-Header Menu/User Profile/View Profile/Settings/button_Save' is clicked on

2022-12-16 11:22:13 - [TEST_STEP][PASSED] - verifyElementVisible(findTestObject("03-Header Menu/User Profile/View Profile/Settings/Successfully msg")): Object 'Object Repository/03-Header Menu/User Profile/View Profile/Settings/Successfully msg' is visible

2022-12-16 11:22:15 - [MESSAGE][PASSED] - Object 'Object Repository/03-Header Menu/User Profile/View Profile/Settings/Successfully msg' is visible

2022-12-16 11:22:15 - [TEST_STEP][PASSED] - delay(2): Delayed 2 second(s)

2022-12-16 11:22:17 - [MESSAGE][PASSED] - Delayed 2 second(s)

2022-12-16 11:22:17 - [TEST_STEP][PASSED] - click(findTestObject("03-Header Menu/User Profile/View Profile/Settings/Email Frequency selector")): Object: 'Object Repository/03-Header Menu/User Profile/View Profile/Settings/Email Frequency selector' is clicked on

2022-12-16 11:22:18 - [MESSAGE][PASSED] - Object: 'Object Repository/03-Header Menu/User Profile/View Profile/Settings/Email Frequency selector' is clicked on

2022-12-16 11:22:18 - [TEST_STEP][PASSED] - click(findTestObject("03-Header Menu/User Profile/View Profile/Settings/span_Every 2 hours")): Object: 'Object Repository/03-Header Menu/User Profile/View Profile/Settings/span_Every 2 hours' is clicked on

2022-12-16 11:22:19 - [MESSAGE][PASSED] - Object: 'Object Repository/03-Header Menu/User Profile/View Profile/Settings/span_Every 2 hours' is clicked on

2022-12-16 11:22:19 - [TEST_STEP][PASSED] - click(findTestObject("03-Header Menu/User Profile/View Profile/Settings/button_Save")): Object: 'Object Repository/03-Header Menu/User Profile/View Profile/Settings/button_Save' is clicked on

2022-12-16 11:22:20 - [MESSAGE][PASSED] - Object: 'Object Repository/03-Header Menu/User Profile/View Profile/Settings/button_Save' is clicked on

2022-12-16 11:22:20 - [TEST_STEP][PASSED] - verifyElementVisible(findTestObject("03-Header Menu/User Profile/View Profile/Settings/Successfully msg")): Object 'Object Repository/03-Header Menu/User Profile/View Profile/Settings/Successfully msg' is visible

2022-12-16 11:22:22 - [MESSAGE][PASSED] - Object 'Object Repository/03-Header Menu/User Profile/View Profile/Settings/Successfully msg' is visible

2022-12-16 11:22:22 - [TEST_STEP][PASSED] - delay(2): Delayed 2 second(s)

2022-12-16 11:22:24 - [MESSAGE][PASSED] - Delayed 2 second(s)

2022-12-16 11:22:24 - [TEST_STEP][PASSED] - click(findTestObject("03-Header Menu/User Profile/View Profile/Settings/Email Frequency selector")): Object: 'Object Repository/03-Header Menu/User Profile/View Profile/Settings/Email Frequency selector' is clicked on

2022-12-16 11:22:24 - [MESSAGE][PASSED] - Object: 'Object Repository/03-Header Menu/User Profile/View Profile/Settings/Email Frequency selector' is clicked on

2022-12-16 11:22:24 - [TEST_STEP][PASSED] - click(findTestObject("03-Header Menu/User Profile/View Profile/Settings/span_Every 6 hours")): Object: 'Object Repository/03-Header Menu/User Profile/View Profile/Settings/span_Every 6 hours' is clicked on

2022-12-16 11:22:25 - [MESSAGE][PASSED] - Object: 'Object Repository/03-Header Menu/User Profile/View Profile/Settings/span_Every 6 hours' is clicked on

2022-12-16 11:22:25 - [TEST_STEP][PASSED] - click(findTestObject("03-Header Menu/User Profile/View Profile/Settings/button_Save")): Object: 'Object Repository/03-Header Menu/User Profile/View Profile/Settings/button_Save' is clicked on

2022-12-16 11:22:27 - [MESSAGE][PASSED] - Object: 'Object Repository/03-Header Menu/User Profile/View Profile/Settings/button_Save' is clicked on

2022-12-16 11:22:27 - [TEST_STEP][PASSED] - verifyElementVisible(findTestObject("03-Header Menu/User Profile/View Profile/Settings/Successfully msg")): Object 'Object Repository/03-Header Menu/User Profile/View Profile/Settings/Successfully msg' is visible

2022-12-16 11:22:28 - [MESSAGE][PASSED] - Object 'Object Repository/03-Header Menu/User Profile/View Profile/Settings/Successfully msg' is visible

2022-12-16 11:22:28 - [TEST_STEP][PASSED] - delay(2): Delayed 2 second(s)

2022-12-16 11:22:30 - [MESSAGE][PASSED] - Delayed 2 second(s)

2022-12-16 11:22:30 - [TEST_STEP][PASSED] - click(findTestObject("03-Header Menu/User Profile/View Profile/Settings/Email Frequency selector")): Object: 'Object Repository/03-Header Menu/User Profile/View Profile/Settings/Email Frequency selector' is clicked on

2022-12-16 11:22:31 - [MESSAGE][PASSED] - Object: 'Object Repository/03-Header Menu/User Profile/View Profile/Settings/Email Frequency selector' is clicked on

2022-12-16 11:22:31 - [TEST_STEP][PASSED] - click(findTestObject("03-Header Menu/User Profile/View Profile/Settings/span_Every 12 hours")): Object: 'Object Repository/03-Header Menu/User Profile/View Profile/Settings/span_Every 12 hours' is clicked on

2022-12-16 11:22:32 - [MESSAGE][PASSED] - Object: 'Object Repository/03-Header Menu/User Profile/View Profile/Settings/span_Every 12 hours' is clicked on

2022-12-16 11:22:32 - [TEST_STEP][PASSED] - click(findTestObject("03-Header Menu/User Profile/View Profile/Settings/button_Save")): Object: 'Object Repository/03-Header Menu/User Profile/View Profile/Settings/button_Save' is clicked on

2022-12-16 11:22:33 - [MESSAGE][PASSED] - Object: 'Object Repository/03-Header Menu/User Profile/View Profile/Settings/button_Save' is clicked on

2022-12-16 11:22:33 - [TEST_STEP][PASSED] - verifyElementVisible(findTestObject("03-Header Menu/User Profile/View Profile/Settings/Successfully msg")): Object 'Object Repository/03-Header Menu/User Profile/View Profile/Settings/Successfully msg' is visible

2022-12-16 11:22:35 - [MESSAGE][PASSED] - Object 'Object Repository/03-Header Menu/User Profile/View Profile/Settings/Successfully msg' is visible

2022-12-16 11:22:35 - [TEST_STEP][PASSED] - delay(2): Delayed 2 second(s)

2022-12-16 11:22:37 - [MESSAGE][PASSED] - Delayed 2 second(s)

2022-12-16 11:22:37 - [TEST_STEP][PASSED] - click(findTestObject("03-Header Menu/User Profile/View Profile/Settings/Email Frequency selector")): Object: 'Object Repository/03-Header Menu/User Profile/View Profile/Settings/Email Frequency selector' is clicked on

2022-12-16 11:22:38 - [MESSAGE][PASSED] - Object: 'Object Repository/03-Header Menu/User Profile/View Profile/Settings/Email Frequency selector' is clicked on

2022-12-16 11:22:38 - [TEST_STEP][PASSED] - click(findTestObject("03-Header Menu/User Profile/View Profile/Settings/span_Once a day (9pm local time)")): Object: 'Object Repository/03-Header Menu/User Profile/View Profile/Settings/span_Once a day (9pm local time)' is clicked on

2022-12-16 11:22:39 - [MESSAGE][PASSED] - Object: 'Object Repository/03-Header Menu/User Profile/View Profile/Settings/span_Once a day (9pm local time)' is clicked on

2022-12-16 11:22:39 - [TEST_STEP][PASSED] - click(findTestObject("03-Header Menu/User Profile/View Profile/Settings/button_Save")): Object: 'Object Repository/03-Header Menu/User Profile/View Profile/Settings/button_Save' is clicked on

2022-12-16 11:22:40 - [MESSAGE][PASSED] - Object: 'Object Repository/03-Header Menu/User Profile/View Profile/Settings/button_Save' is clicked on

2022-12-16 11:22:40 - [TEST_STEP][PASSED] - verifyElementVisible(findTestObject("03-Header Menu/User Profile/View Profile/Settings/Successfully msg")): Object 'Object Repository/03-Header Menu/User Profile/View Profile/Settings/Successfully msg' is visible

2022-12-16 11:22:41 - [MESSAGE][PASSED] - Object 'Object Repository/03-Header Menu/User Profile/View Profile/Settings/Successfully msg' is visible

2022-12-16 11:22:41 - [TEST_STEP][PASSED] - delay(2): Delayed 2 second(s)

2022-12-16 11:22:43 - [MESSAGE][PASSED] - Delayed 2 second(s)

2022-12-16 11:22:43 - [TEST_STEP][PASSED] - click(findTestObject("03-Header Menu/User Profile/View Profile/Settings/Email Frequency selector")): Object: 'Object Repository/03-Header Menu/User Profile/View Profile/Settings/Email Frequency selector' is clicked on

2022-12-16 11:22:45 - [MESSAGE][PASSED] - Object: 'Object Repository/03-Header Menu/User Profile/View Profile/Settings/Email Frequency selector' is clicked on

2022-12-16 11:22:45 - [TEST_STEP][PASSED] - click(findTestObject("03-Header Menu/User Profile/View Profile/Settings/span_Every 4 hours")): Object: 'Object Repository/03-Header Menu/User Profile/View Profile/Settings/span_Every 4 hours' is clicked on

2022-12-16 11:22:46 - [MESSAGE][PASSED] - Object: 'Object Repository/03-Header Menu/User Profile/View Profile/Settings/span_Every 4 hours' is clicked on

2022-12-16 11:22:46 - [TEST_STEP][PASSED] - click(findTestObject("03-Header Menu/User Profile/View Profile/Settings/button_Save")): Object: 'Object Repository/03-Header Menu/User Profile/View Profile/Settings/button_Save' is clicked on

2022-12-16 11:22:48 - [MESSAGE][PASSED] - Object: 'Object Repository/03-Header Menu/User Profile/View Profile/Settings/button_Save' is clicked on

2022-12-16 11:22:48 - [TEST_STEP][PASSED] - verifyElementVisible(findTestObject("03-Header Menu/User Profile/View Profile/Settings/Successfully msg")): Object 'Object Repository/03-Header Menu/User Profile/View Profile/Settings/Successfully msg' is visible

2022-12-16 11:22:49 - [MESSAGE][PASSED] - Object 'Object Repository/03-Header Menu/User Profile/View Profile/Settings/Successfully msg' is visible

2022-12-16 11:22:49 - [TEST_STEP][PASSED] - delay(2): Delayed 2 second(s)

2022-12-16 11:22:51 - [MESSAGE][PASSED] - Delayed 2 second(s)

2022-12-16 11:22:51 - [TEST_STEP][PASSED] - scrollToElement(findTestObject("03-Header Menu/User Profile/View Profile/Settings/Dashboard Card"), 0): Scroll to object 'Object Repository/03-Header Menu/User Profile/View Profile/Settings/Dashboard Card' successfully

2022-12-16 11:22:51 - [MESSAGE][WARNING] - Timeout '0' is invalid. Using default page load timeout: '30'

2022-12-16 11:22:52 - [MESSAGE][PASSED] - Scroll to object 'Object Repository/03-Header Menu/User Profile/View Profile/Settings/Dashboard Card' successfully

2022-12-16 11:22:52 - [TEST_STEP][PASSED] - scrollToElement(findTestObject("03-Header Menu/User Profile/View Profile/div_Contact Info"), 0): Scroll to object 'Object Repository/03-Header Menu/User Profile/View Profile/div_Contact Info' successfully

2022-12-16 11:22:52 - [MESSAGE][WARNING] - Timeout '0' is invalid. Using default page load timeout: '30'

2022-12-16 11:22:53 - [MESSAGE][PASSED] - Scroll to object 'Object Repository/03-Header Menu/User Profile/View Profile/div_Contact Info' successfully

2022-12-16 11:22:53 - [TEST_STEP][PASSED] - delay(2): Delayed 2 second(s)

2022-12-16 11:22:55 - [MESSAGE][PASSED] - Delayed 2 second(s)]]></system-out>
         <system-err><![CDATA[]]></system-err>
      </testcase>
      <testcase name="Test Cases/03-Header Menu/12- Contact Info (add-remove email)" time="45.468" classname="Test Cases/03-Header Menu/12- Contact Info (add-remove email)" status="PASSED">
         <system-out><![CDATA[2022-12-16 11:22:55 - [TEST_CASE][PASSED] - Test Cases/03-Header Menu/12- Contact Info (add-remove email): Test Cases/03-Header Menu/12- Contact Info (add-remove email)

2022-12-16 11:22:57 - [TEST_STEP][PASSED] - click(findTestObject("03-Header Menu/User Profile/View Profile/div_Contact Info")): Object: 'Object Repository/03-Header Menu/User Profile/View Profile/div_Contact Info' is clicked on

2022-12-16 11:23:01 - [MESSAGE][PASSED] - Object: 'Object Repository/03-Header Menu/User Profile/View Profile/div_Contact Info' is clicked on

2022-12-16 11:23:01 - [TEST_STEP][PASSED] - delay(1): Delayed 1 second(s)

2022-12-16 11:23:02 - [MESSAGE][PASSED] - Delayed 1 second(s)

2022-12-16 11:23:02 - [TEST_STEP][PASSED] - verifyElementVisible(findTestObject("03-Header Menu/User Profile/View Profile/Contact Info/div_Email")): Object 'Object Repository/03-Header Menu/User Profile/View Profile/Contact Info/div_Email' is visible

2022-12-16 11:23:03 - [MESSAGE][PASSED] - Object 'Object Repository/03-Header Menu/User Profile/View Profile/Contact Info/div_Email' is visible

2022-12-16 11:23:03 - [TEST_STEP][PASSED] - verifyElementVisible(findTestObject("03-Header Menu/User Profile/View Profile/Contact Info/div_Phone")): Object 'Object Repository/03-Header Menu/User Profile/View Profile/Contact Info/div_Phone' is visible

2022-12-16 11:23:04 - [MESSAGE][PASSED] - Object 'Object Repository/03-Header Menu/User Profile/View Profile/Contact Info/div_Phone' is visible

2022-12-16 11:23:04 - [TEST_STEP][PASSED] - verifyElementVisible(findTestObject("03-Header Menu/User Profile/View Profile/Contact Info/div_Address")): Object 'Object Repository/03-Header Menu/User Profile/View Profile/Contact Info/div_Address' is visible

2022-12-16 11:23:05 - [MESSAGE][PASSED] - Object 'Object Repository/03-Header Menu/User Profile/View Profile/Contact Info/div_Address' is visible

2022-12-16 11:23:05 - [TEST_STEP][PASSED] - delay(1): Delayed 1 second(s)

2022-12-16 11:23:06 - [MESSAGE][PASSED] - Delayed 1 second(s)

2022-12-16 11:23:06 - [TEST_STEP][PASSED] - setText(findTestObject("03-Header Menu/User Profile/View Profile/Contact Info/Positon Field"), "Auto"): Text 'Auto' is set on object 'Object Repository/03-Header Menu/User Profile/View Profile/Contact Info/Positon Field'

2022-12-16 11:23:10 - [MESSAGE][PASSED] - Text 'Auto' is set on object 'Object Repository/03-Header Menu/User Profile/View Profile/Contact Info/Positon Field'

2022-12-16 11:23:10 - [TEST_STEP][PASSED] - click(findTestObject("03-Header Menu/User Profile/View Profile/Contact Info/div_Email Type")): Object: 'Object Repository/03-Header Menu/User Profile/View Profile/Contact Info/div_Email Type' is clicked on

2022-12-16 11:23:11 - [MESSAGE][PASSED] - Object: 'Object Repository/03-Header Menu/User Profile/View Profile/Contact Info/div_Email Type' is clicked on

2022-12-16 11:23:11 - [TEST_STEP][PASSED] - verifyElementVisible(findTestObject("03-Header Menu/User Profile/View Profile/Contact Info/span_Work")): Object 'Object Repository/03-Header Menu/User Profile/View Profile/Contact Info/span_Work' is visible

2022-12-16 11:23:12 - [MESSAGE][PASSED] - Object 'Object Repository/03-Header Menu/User Profile/View Profile/Contact Info/span_Work' is visible

2022-12-16 11:23:12 - [TEST_STEP][PASSED] - verifyElementVisible(findTestObject("03-Header Menu/User Profile/View Profile/Contact Info/span_Personal")): Object 'Object Repository/03-Header Menu/User Profile/View Profile/Contact Info/span_Personal' is visible

2022-12-16 11:23:13 - [MESSAGE][PASSED] - Object 'Object Repository/03-Header Menu/User Profile/View Profile/Contact Info/span_Personal' is visible

2022-12-16 11:23:13 - [TEST_STEP][PASSED] - verifyElementVisible(findTestObject("03-Header Menu/User Profile/View Profile/Contact Info/span_Other")): Object 'Object Repository/03-Header Menu/User Profile/View Profile/Contact Info/span_Other' is visible

2022-12-16 11:23:13 - [MESSAGE][PASSED] - Object 'Object Repository/03-Header Menu/User Profile/View Profile/Contact Info/span_Other' is visible

2022-12-16 11:23:13 - [TEST_STEP][PASSED] - delay(1): Delayed 1 second(s)

2022-12-16 11:23:14 - [MESSAGE][PASSED] - Delayed 1 second(s)

2022-12-16 11:23:14 - [TEST_STEP][PASSED] - click(findTestObject("03-Header Menu/User Profile/View Profile/Contact Info/div_Email")): Object: 'Object Repository/03-Header Menu/User Profile/View Profile/Contact Info/div_Email' is clicked on

2022-12-16 11:23:16 - [MESSAGE][PASSED] - Object: 'Object Repository/03-Header Menu/User Profile/View Profile/Contact Info/div_Email' is clicked on

2022-12-16 11:23:16 - [TEST_STEP][PASSED] - click(findTestObject("03-Header Menu/User Profile/View Profile/Contact Info/add email button")): Object: 'Object Repository/03-Header Menu/User Profile/View Profile/Contact Info/add email button' is clicked on

2022-12-16 11:23:17 - [MESSAGE][PASSED] - Object: 'Object Repository/03-Header Menu/User Profile/View Profile/Contact Info/add email button' is clicked on

2022-12-16 11:23:17 - [TEST_STEP][PASSED] - setText(findTestObject("03-Header Menu/User Profile/View Profile/Contact Info/email field"), "auto@automation.com"): Text 'auto@automation.com' is set on object 'Object Repository/03-Header Menu/User Profile/View Profile/Contact Info/email field'

2022-12-16 11:23:19 - [MESSAGE][PASSED] - Text 'auto@automation.com' is set on object 'Object Repository/03-Header Menu/User Profile/View Profile/Contact Info/email field'

2022-12-16 11:23:19 - [TEST_STEP][PASSED] - sendKeys(findTestObject("03-Header Menu/User Profile/View Profile/Contact Info/email field"), Keys.chord(ENTER)): Keys 'ENTER + ' sent to object: 'Object Repository/03-Header Menu/User Profile/View Profile/Contact Info/email field'

2022-12-16 11:23:20 - [MESSAGE][PASSED] - Keys 'ENTER + ' sent to object: 'Object Repository/03-Header Menu/User Profile/View Profile/Contact Info/email field'

2022-12-16 11:23:20 - [TEST_STEP][PASSED] - scrollToElement(findTestObject("03-Header Menu/User Profile/View Profile/Contact Info/button_Save"), 0): Scroll to object 'Object Repository/03-Header Menu/User Profile/View Profile/Contact Info/button_Save' successfully

2022-12-16 11:23:21 - [MESSAGE][WARNING] - Timeout '0' is invalid. Using default page load timeout: '30'

2022-12-16 11:23:21 - [MESSAGE][PASSED] - Scroll to object 'Object Repository/03-Header Menu/User Profile/View Profile/Contact Info/button_Save' successfully

2022-12-16 11:23:21 - [TEST_STEP][PASSED] - click(findTestObject("03-Header Menu/User Profile/View Profile/Contact Info/button_Save")): Object: 'Object Repository/03-Header Menu/User Profile/View Profile/Contact Info/button_Save' is clicked on

2022-12-16 11:23:22 - [MESSAGE][PASSED] - Object: 'Object Repository/03-Header Menu/User Profile/View Profile/Contact Info/button_Save' is clicked on

2022-12-16 11:23:22 - [TEST_STEP][PASSED] - verifyElementVisible(findTestObject("03-Header Menu/User Profile/View Profile/Contact Info/Success Msg")): Object 'Object Repository/03-Header Menu/User Profile/View Profile/Contact Info/Success Msg' is visible

2022-12-16 11:23:25 - [MESSAGE][PASSED] - Object 'Object Repository/03-Header Menu/User Profile/View Profile/Contact Info/Success Msg' is visible

2022-12-16 11:23:25 - [TEST_STEP][PASSED] - delay(2): Delayed 2 second(s)

2022-12-16 11:23:27 - [MESSAGE][PASSED] - Delayed 2 second(s)

2022-12-16 11:23:27 - [TEST_STEP][PASSED] - mouseOver(findTestObject("03-Header Menu/User Profile/View Profile/Contact Info/email field")): Object: 'Object Repository/03-Header Menu/User Profile/View Profile/Contact Info/email field' is hovered

2022-12-16 11:23:28 - [MESSAGE][PASSED] - Object: 'Object Repository/03-Header Menu/User Profile/View Profile/Contact Info/email field' is hovered

2022-12-16 11:23:28 - [TEST_STEP][PASSED] - click(findTestObject("03-Header Menu/User Profile/View Profile/Contact Info/remove email")): Object: 'Object Repository/03-Header Menu/User Profile/View Profile/Contact Info/remove email' is clicked on

2022-12-16 11:23:29 - [MESSAGE][PASSED] - Object: 'Object Repository/03-Header Menu/User Profile/View Profile/Contact Info/remove email' is clicked on

2022-12-16 11:23:29 - [TEST_STEP][PASSED] - sendKeys(findTestObject("03-Header Menu/User Profile/View Profile/Contact Info/Positon Field"), Keys.chord(ENTER)): Keys 'ENTER + ' sent to object: 'Object Repository/03-Header Menu/User Profile/View Profile/Contact Info/Positon Field'

2022-12-16 11:23:30 - [MESSAGE][PASSED] - Keys 'ENTER + ' sent to object: 'Object Repository/03-Header Menu/User Profile/View Profile/Contact Info/Positon Field'

2022-12-16 11:23:30 - [TEST_STEP][PASSED] - delay(2): Delayed 2 second(s)

2022-12-16 11:23:32 - [MESSAGE][PASSED] - Delayed 2 second(s)

2022-12-16 11:23:32 - [TEST_STEP][PASSED] - click(findTestObject("03-Header Menu/User Profile/View Profile/Contact Info/button_Save")): Object: 'Object Repository/03-Header Menu/User Profile/View Profile/Contact Info/button_Save' is clicked on

2022-12-16 11:23:33 - [MESSAGE][PASSED] - Object: 'Object Repository/03-Header Menu/User Profile/View Profile/Contact Info/button_Save' is clicked on

2022-12-16 11:23:33 - [TEST_STEP][PASSED] - verifyElementVisible(findTestObject("03-Header Menu/User Profile/View Profile/Contact Info/Success Msg")): Object 'Object Repository/03-Header Menu/User Profile/View Profile/Contact Info/Success Msg' is visible

2022-12-16 11:23:35 - [MESSAGE][PASSED] - Object 'Object Repository/03-Header Menu/User Profile/View Profile/Contact Info/Success Msg' is visible

2022-12-16 11:23:35 - [TEST_STEP][PASSED] - delay(2): Delayed 2 second(s)

2022-12-16 11:23:37 - [MESSAGE][PASSED] - Delayed 2 second(s)

2022-12-16 11:23:37 - [TEST_STEP][PASSED] - scrollToElement(findTestObject("03-Header Menu/User Profile/View Profile/div_Contact Info"), 0): Scroll to object 'Object Repository/03-Header Menu/User Profile/View Profile/div_Contact Info' successfully

2022-12-16 11:23:38 - [MESSAGE][WARNING] - Timeout '0' is invalid. Using default page load timeout: '30'

2022-12-16 11:23:38 - [MESSAGE][PASSED] - Scroll to object 'Object Repository/03-Header Menu/User Profile/View Profile/div_Contact Info' successfully

2022-12-16 11:23:38 - [TEST_STEP][PASSED] - delay(2): Delayed 2 second(s)

2022-12-16 11:23:40 - [MESSAGE][PASSED] - Delayed 2 second(s)]]></system-out>
         <system-err><![CDATA[]]></system-err>
      </testcase>
      <testcase name="Test Cases/03-Header Menu/13- Contact Info (add-remove phone number)" time="29.169" classname="Test Cases/03-Header Menu/13- Contact Info (add-remove phone number)" status="PASSED">
         <system-out><![CDATA[2022-12-16 11:23:40 - [TEST_CASE][PASSED] - Test Cases/03-Header Menu/13- Contact Info (add-remove phone number): Test Cases/03-Header Menu/13- Contact Info (add-remove phone number)

2022-12-16 11:23:43 - [TEST_STEP][PASSED] - click(findTestObject("03-Header Menu/User Profile/View Profile/Contact Info/phone field")): Object: 'Object Repository/03-Header Menu/User Profile/View Profile/Contact Info/phone field' is clicked on

2022-12-16 11:23:45 - [MESSAGE][PASSED] - Object: 'Object Repository/03-Header Menu/User Profile/View Profile/Contact Info/phone field' is clicked on

2022-12-16 11:23:45 - [TEST_STEP][PASSED] - click(findTestObject("03-Header Menu/User Profile/View Profile/Contact Info/area code selector")): Object: 'Object Repository/03-Header Menu/User Profile/View Profile/Contact Info/area code selector' is clicked on

2022-12-16 11:23:47 - [MESSAGE][PASSED] - Object: 'Object Repository/03-Header Menu/User Profile/View Profile/Contact Info/area code selector' is clicked on

2022-12-16 11:23:47 - [TEST_STEP][PASSED] - verifyElementVisible(findTestObject("03-Header Menu/User Profile/View Profile/Contact Info/area code modal")): Object 'Object Repository/03-Header Menu/User Profile/View Profile/Contact Info/area code modal' is visible

2022-12-16 11:23:48 - [MESSAGE][PASSED] - Object 'Object Repository/03-Header Menu/User Profile/View Profile/Contact Info/area code modal' is visible

2022-12-16 11:23:48 - [TEST_STEP][PASSED] - click(findTestObject("03-Header Menu/User Profile/View Profile/Contact Info/button_Philippines 63")): Object: 'Object Repository/03-Header Menu/User Profile/View Profile/Contact Info/button_Philippines 63' is clicked on

2022-12-16 11:23:49 - [MESSAGE][PASSED] - Object: 'Object Repository/03-Header Menu/User Profile/View Profile/Contact Info/button_Philippines 63' is clicked on

2022-12-16 11:23:49 - [TEST_STEP][PASSED] - setText(findTestObject("03-Header Menu/User Profile/View Profile/Contact Info/phone field"), "9211234567"): Text '9211234567' is set on object 'Object Repository/03-Header Menu/User Profile/View Profile/Contact Info/phone field'

2022-12-16 11:23:51 - [MESSAGE][PASSED] - Text '9211234567' is set on object 'Object Repository/03-Header Menu/User Profile/View Profile/Contact Info/phone field'

2022-12-16 11:23:51 - [TEST_STEP][PASSED] - sendKeys(findTestObject("03-Header Menu/User Profile/View Profile/Contact Info/Positon Field"), Keys.chord(ENTER)): Keys 'ENTER + ' sent to object: 'Object Repository/03-Header Menu/User Profile/View Profile/Contact Info/Positon Field'

2022-12-16 11:23:52 - [MESSAGE][PASSED] - Keys 'ENTER + ' sent to object: 'Object Repository/03-Header Menu/User Profile/View Profile/Contact Info/Positon Field'

2022-12-16 11:23:52 - [TEST_STEP][PASSED] - click(findTestObject("03-Header Menu/User Profile/View Profile/Contact Info/button_Save")): Object: 'Object Repository/03-Header Menu/User Profile/View Profile/Contact Info/button_Save' is clicked on

2022-12-16 11:23:53 - [MESSAGE][PASSED] - Object: 'Object Repository/03-Header Menu/User Profile/View Profile/Contact Info/button_Save' is clicked on

2022-12-16 11:23:53 - [TEST_STEP][PASSED] - delay(2): Delayed 2 second(s)

2022-12-16 11:23:55 - [MESSAGE][PASSED] - Delayed 2 second(s)

2022-12-16 11:23:55 - [TEST_STEP][PASSED] - verifyElementVisible(findTestObject("03-Header Menu/User Profile/View Profile/Contact Info/Success Msg")): Object 'Object Repository/03-Header Menu/User Profile/View Profile/Contact Info/Success Msg' is visible

2022-12-16 11:23:56 - [MESSAGE][PASSED] - Object 'Object Repository/03-Header Menu/User Profile/View Profile/Contact Info/Success Msg' is visible

2022-12-16 11:23:56 - [TEST_STEP][PASSED] - delay(2): Delayed 2 second(s)

2022-12-16 11:23:58 - [MESSAGE][PASSED] - Delayed 2 second(s)

2022-12-16 11:23:58 - [TEST_STEP][PASSED] - mouseOver(findTestObject("03-Header Menu/User Profile/View Profile/Contact Info/phone field")): Object: 'Object Repository/03-Header Menu/User Profile/View Profile/Contact Info/phone field' is hovered

2022-12-16 11:23:59 - [MESSAGE][PASSED] - Object: 'Object Repository/03-Header Menu/User Profile/View Profile/Contact Info/phone field' is hovered

2022-12-16 11:23:59 - [TEST_STEP][PASSED] - delay(1): Delayed 1 second(s)

2022-12-16 11:24:00 - [MESSAGE][PASSED] - Delayed 1 second(s)

2022-12-16 11:24:00 - [TEST_STEP][PASSED] - click(findTestObject("03-Header Menu/User Profile/View Profile/Contact Info/phone remove button")): Object: 'Object Repository/03-Header Menu/User Profile/View Profile/Contact Info/phone remove button' is clicked on

2022-12-16 11:24:02 - [MESSAGE][PASSED] - Object: 'Object Repository/03-Header Menu/User Profile/View Profile/Contact Info/phone remove button' is clicked on

2022-12-16 11:24:02 - [TEST_STEP][PASSED] - sendKeys(findTestObject("03-Header Menu/User Profile/View Profile/Contact Info/Positon Field"), Keys.chord(ENTER)): Keys 'ENTER + ' sent to object: 'Object Repository/03-Header Menu/User Profile/View Profile/Contact Info/Positon Field'

2022-12-16 11:24:03 - [MESSAGE][PASSED] - Keys 'ENTER + ' sent to object: 'Object Repository/03-Header Menu/User Profile/View Profile/Contact Info/Positon Field'

2022-12-16 11:24:03 - [TEST_STEP][PASSED] - click(findTestObject("03-Header Menu/User Profile/View Profile/Contact Info/button_Save")): Object: 'Object Repository/03-Header Menu/User Profile/View Profile/Contact Info/button_Save' is clicked on

2022-12-16 11:24:04 - [MESSAGE][PASSED] - Object: 'Object Repository/03-Header Menu/User Profile/View Profile/Contact Info/button_Save' is clicked on

2022-12-16 11:24:04 - [TEST_STEP][PASSED] - verifyElementVisible(findTestObject("03-Header Menu/User Profile/View Profile/Contact Info/Success Msg")): Object 'Object Repository/03-Header Menu/User Profile/View Profile/Contact Info/Success Msg' is visible

2022-12-16 11:24:08 - [MESSAGE][PASSED] - Object 'Object Repository/03-Header Menu/User Profile/View Profile/Contact Info/Success Msg' is visible

2022-12-16 11:24:08 - [TEST_STEP][PASSED] - delay(2): Delayed 2 second(s)

2022-12-16 11:24:10 - [MESSAGE][PASSED] - Delayed 2 second(s)]]></system-out>
         <system-err><![CDATA[]]></system-err>
      </testcase>
      <testcase name="Test Cases/03-Header Menu/14- Contact Info (add-remove address)" time="99.932" classname="Test Cases/03-Header Menu/14- Contact Info (add-remove address)" status="PASSED">
         <system-out><![CDATA[2022-12-16 11:24:10 - [TEST_CASE][PASSED] - Test Cases/03-Header Menu/14- Contact Info (add-remove address): Test Cases/03-Header Menu/14- Contact Info (add-remove address)

2022-12-16 11:24:12 - [TEST_STEP][PASSED] - delay(2): Delayed 2 second(s)

2022-12-16 11:24:14 - [MESSAGE][PASSED] - Delayed 2 second(s)

2022-12-16 11:24:14 - [TEST_STEP][PASSED] - click(findTestObject("03-Header Menu/User Profile/View Profile/div_Contact Info")): Object: 'Object Repository/03-Header Menu/User Profile/View Profile/div_Contact Info' is clicked on

2022-12-16 11:24:24 - [MESSAGE][PASSED] - Object: 'Object Repository/03-Header Menu/User Profile/View Profile/div_Contact Info' is clicked on

2022-12-16 11:24:24 - [TEST_STEP][PASSED] - delay(1): Delayed 1 second(s)

2022-12-16 11:24:25 - [MESSAGE][PASSED] - Delayed 1 second(s)

2022-12-16 11:24:25 - [TEST_STEP][PASSED] - click(findTestObject("03-Header Menu/User Profile/View Profile/Contact Info/add address button")): Object: 'Object Repository/03-Header Menu/User Profile/View Profile/Contact Info/add address button' is clicked on

2022-12-16 11:24:27 - [MESSAGE][PASSED] - Object: 'Object Repository/03-Header Menu/User Profile/View Profile/Contact Info/add address button' is clicked on

2022-12-16 11:24:27 - [TEST_STEP][PASSED] - verifyElementVisible(findTestObject("03-Header Menu/User Profile/View Profile/Contact Info/h4_Edit Address")): Object 'Object Repository/03-Header Menu/User Profile/View Profile/Contact Info/h4_Edit Address' is visible

2022-12-16 11:24:29 - [MESSAGE][PASSED] - Object 'Object Repository/03-Header Menu/User Profile/View Profile/Contact Info/h4_Edit Address' is visible

2022-12-16 11:24:29 - [TEST_STEP][PASSED] - delay(2): Delayed 2 second(s)

2022-12-16 11:24:31 - [MESSAGE][PASSED] - Delayed 2 second(s)

2022-12-16 11:24:31 - [TEST_STEP][PASSED] - click(findTestObject("03-Header Menu/User Profile/View Profile/Contact Info/input_street1")): Object: 'Object Repository/03-Header Menu/User Profile/View Profile/Contact Info/input_street1' is clicked on

2022-12-16 11:24:32 - [MESSAGE][PASSED] - Object: 'Object Repository/03-Header Menu/User Profile/View Profile/Contact Info/input_street1' is clicked on

2022-12-16 11:24:32 - [TEST_STEP][PASSED] - click(findTestObject("03-Header Menu/User Profile/View Profile/Contact Info/input_street2")): Object: 'Object Repository/03-Header Menu/User Profile/View Profile/Contact Info/input_street2' is clicked on

2022-12-16 11:24:33 - [MESSAGE][PASSED] - Object: 'Object Repository/03-Header Menu/User Profile/View Profile/Contact Info/input_street2' is clicked on

2022-12-16 11:24:33 - [TEST_STEP][PASSED] - click(findTestObject("03-Header Menu/User Profile/View Profile/Contact Info/input_postcode")): Object: 'Object Repository/03-Header Menu/User Profile/View Profile/Contact Info/input_postcode' is clicked on

2022-12-16 11:24:34 - [MESSAGE][PASSED] - Object: 'Object Repository/03-Header Menu/User Profile/View Profile/Contact Info/input_postcode' is clicked on

2022-12-16 11:24:34 - [TEST_STEP][PASSED] - click(findTestObject("03-Header Menu/User Profile/View Profile/Contact Info/input_city")): Object: 'Object Repository/03-Header Menu/User Profile/View Profile/Contact Info/input_city' is clicked on

2022-12-16 11:24:35 - [MESSAGE][PASSED] - Object: 'Object Repository/03-Header Menu/User Profile/View Profile/Contact Info/input_city' is clicked on

2022-12-16 11:24:35 - [TEST_STEP][PASSED] - click(findTestObject("03-Header Menu/User Profile/View Profile/Contact Info/input_state")): Object: 'Object Repository/03-Header Menu/User Profile/View Profile/Contact Info/input_state' is clicked on

2022-12-16 11:24:37 - [MESSAGE][PASSED] - Object: 'Object Repository/03-Header Menu/User Profile/View Profile/Contact Info/input_state' is clicked on

2022-12-16 11:24:37 - [TEST_STEP][PASSED] - click(findTestObject("03-Header Menu/User Profile/View Profile/Contact Info/input_country")): Object: 'Object Repository/03-Header Menu/User Profile/View Profile/Contact Info/input_country' is clicked on

2022-12-16 11:24:38 - [MESSAGE][PASSED] - Object: 'Object Repository/03-Header Menu/User Profile/View Profile/Contact Info/input_country' is clicked on

2022-12-16 11:24:38 - [TEST_STEP][PASSED] - doubleClick(findTestObject("03-Header Menu/User Profile/View Profile/Contact Info/input_state")): Object: 'Object Repository/03-Header Menu/User Profile/View Profile/Contact Info/input_state' is double clicked on

2022-12-16 11:24:39 - [MESSAGE][PASSED] - Object: 'Object Repository/03-Header Menu/User Profile/View Profile/Contact Info/input_state' is double clicked on

2022-12-16 11:24:39 - [TEST_STEP][PASSED] - scrollToElement(findTestObject("03-Header Menu/User Profile/View Profile/Contact Info/input_address type"), 0): Scroll to object 'Object Repository/03-Header Menu/User Profile/View Profile/Contact Info/input_address type' successfully

2022-12-16 11:24:40 - [MESSAGE][WARNING] - Timeout '0' is invalid. Using default page load timeout: '30'

2022-12-16 11:24:40 - [MESSAGE][PASSED] - Scroll to object 'Object Repository/03-Header Menu/User Profile/View Profile/Contact Info/input_address type' successfully

2022-12-16 11:24:40 - [TEST_STEP][PASSED] - click(findTestObject("03-Header Menu/User Profile/View Profile/Contact Info/input_address type")): Object: 'Object Repository/03-Header Menu/User Profile/View Profile/Contact Info/input_address type' is clicked on

2022-12-16 11:24:41 - [MESSAGE][PASSED] - Object: 'Object Repository/03-Header Menu/User Profile/View Profile/Contact Info/input_address type' is clicked on

2022-12-16 11:24:41 - [TEST_STEP][PASSED] - verifyElementVisible(findTestObject("03-Header Menu/User Profile/View Profile/Contact Info/span_Work")): Object 'Object Repository/03-Header Menu/User Profile/View Profile/Contact Info/span_Work' is visible

2022-12-16 11:24:42 - [MESSAGE][PASSED] - Object 'Object Repository/03-Header Menu/User Profile/View Profile/Contact Info/span_Work' is visible

2022-12-16 11:24:42 - [TEST_STEP][PASSED] - verifyElementVisible(findTestObject("03-Header Menu/User Profile/View Profile/Contact Info/span_Personal")): Object 'Object Repository/03-Header Menu/User Profile/View Profile/Contact Info/span_Personal' is visible

2022-12-16 11:24:43 - [MESSAGE][PASSED] - Object 'Object Repository/03-Header Menu/User Profile/View Profile/Contact Info/span_Personal' is visible

2022-12-16 11:24:43 - [TEST_STEP][PASSED] - verifyElementVisible(findTestObject("03-Header Menu/User Profile/View Profile/Contact Info/span_Other")): Object 'Object Repository/03-Header Menu/User Profile/View Profile/Contact Info/span_Other' is visible

2022-12-16 11:24:44 - [MESSAGE][PASSED] - Object 'Object Repository/03-Header Menu/User Profile/View Profile/Contact Info/span_Other' is visible

2022-12-16 11:24:44 - [TEST_STEP][PASSED] - scrollToElement(findTestObject("03-Header Menu/User Profile/View Profile/Contact Info/input_street1"), 0): Scroll to object 'Object Repository/03-Header Menu/User Profile/View Profile/Contact Info/input_street1' successfully

2022-12-16 11:24:44 - [MESSAGE][WARNING] - Timeout '0' is invalid. Using default page load timeout: '30'

2022-12-16 11:24:45 - [MESSAGE][PASSED] - Scroll to object 'Object Repository/03-Header Menu/User Profile/View Profile/Contact Info/input_street1' successfully

2022-12-16 11:24:45 - [TEST_STEP][PASSED] - doubleClick(findTestObject("03-Header Menu/User Profile/View Profile/Contact Info/input_street1")): Object: 'Object Repository/03-Header Menu/User Profile/View Profile/Contact Info/input_street1' is double clicked on

2022-12-16 11:24:46 - [MESSAGE][PASSED] - Object: 'Object Repository/03-Header Menu/User Profile/View Profile/Contact Info/input_street1' is double clicked on

2022-12-16 11:24:46 - [TEST_STEP][PASSED] - verifyElementVisible(findTestObject("03-Header Menu/User Profile/View Profile/Contact Info/invalid street 1")): Object 'Object Repository/03-Header Menu/User Profile/View Profile/Contact Info/invalid street 1' is visible

2022-12-16 11:24:48 - [MESSAGE][PASSED] - Object 'Object Repository/03-Header Menu/User Profile/View Profile/Contact Info/invalid street 1' is visible

2022-12-16 11:24:48 - [TEST_STEP][PASSED] - verifyElementVisible(findTestObject("03-Header Menu/User Profile/View Profile/Contact Info/invalid ZIP")): Object 'Object Repository/03-Header Menu/User Profile/View Profile/Contact Info/invalid ZIP' is visible

2022-12-16 11:24:49 - [MESSAGE][PASSED] - Object 'Object Repository/03-Header Menu/User Profile/View Profile/Contact Info/invalid ZIP' is visible

2022-12-16 11:24:49 - [TEST_STEP][PASSED] - verifyElementVisible(findTestObject("03-Header Menu/User Profile/View Profile/Contact Info/invalid City")): Object 'Object Repository/03-Header Menu/User Profile/View Profile/Contact Info/invalid City' is visible

2022-12-16 11:24:50 - [MESSAGE][PASSED] - Object 'Object Repository/03-Header Menu/User Profile/View Profile/Contact Info/invalid City' is visible

2022-12-16 11:24:50 - [TEST_STEP][PASSED] - verifyElementVisible(findTestObject("03-Header Menu/User Profile/View Profile/Contact Info/invalid state")): Object 'Object Repository/03-Header Menu/User Profile/View Profile/Contact Info/invalid state' is visible

2022-12-16 11:24:51 - [MESSAGE][PASSED] - Object 'Object Repository/03-Header Menu/User Profile/View Profile/Contact Info/invalid state' is visible

2022-12-16 11:24:51 - [TEST_STEP][PASSED] - delay(2): Delayed 2 second(s)

2022-12-16 11:24:53 - [MESSAGE][PASSED] - Delayed 2 second(s)

2022-12-16 11:24:53 - [TEST_STEP][PASSED] - click(findTestObject("03-Header Menu/User Profile/View Profile/Contact Info/input_street1")): Object: 'Object Repository/03-Header Menu/User Profile/View Profile/Contact Info/input_street1' is clicked on

2022-12-16 11:24:54 - [MESSAGE][PASSED] - Object: 'Object Repository/03-Header Menu/User Profile/View Profile/Contact Info/input_street1' is clicked on

2022-12-16 11:24:54 - [TEST_STEP][PASSED] - verifyElementNotClickable(findTestObject("03-Header Menu/User Profile/View Profile/Contact Info/button_Save_address")): Object 'Object Repository/03-Header Menu/User Profile/View Profile/Contact Info/button_Save_address' is NOT clickable

2022-12-16 11:24:55 - [MESSAGE][PASSED] - Object 'Object Repository/03-Header Menu/User Profile/View Profile/Contact Info/button_Save_address' is NOT clickable

2022-12-16 11:24:55 - [TEST_STEP][PASSED] - click(findTestObject("03-Header Menu/User Profile/View Profile/Contact Info/button_Cancel")): Object: 'Object Repository/03-Header Menu/User Profile/View Profile/Contact Info/button_Cancel' is clicked on

2022-12-16 11:24:56 - [MESSAGE][PASSED] - Object: 'Object Repository/03-Header Menu/User Profile/View Profile/Contact Info/button_Cancel' is clicked on

2022-12-16 11:24:56 - [TEST_STEP][PASSED] - delay(2): Delayed 2 second(s)

2022-12-16 11:24:58 - [MESSAGE][PASSED] - Delayed 2 second(s)

2022-12-16 11:24:58 - [TEST_STEP][PASSED] - click(findTestObject("03-Header Menu/User Profile/View Profile/Contact Info/add address button")): Object: 'Object Repository/03-Header Menu/User Profile/View Profile/Contact Info/add address button' is clicked on

2022-12-16 11:25:00 - [MESSAGE][PASSED] - Object: 'Object Repository/03-Header Menu/User Profile/View Profile/Contact Info/add address button' is clicked on

2022-12-16 11:25:00 - [TEST_STEP][PASSED] - verifyElementVisible(findTestObject("03-Header Menu/User Profile/View Profile/Contact Info/h4_Edit Address")): Object 'Object Repository/03-Header Menu/User Profile/View Profile/Contact Info/h4_Edit Address' is visible

2022-12-16 11:25:01 - [MESSAGE][PASSED] - Object 'Object Repository/03-Header Menu/User Profile/View Profile/Contact Info/h4_Edit Address' is visible

2022-12-16 11:25:01 - [TEST_STEP][PASSED] - setText(findTestObject("03-Header Menu/User Profile/View Profile/Contact Info/input_street1"), "05 Test"): Text '05 Test' is set on object 'Object Repository/03-Header Menu/User Profile/View Profile/Contact Info/input_street1'

2022-12-16 11:25:03 - [MESSAGE][PASSED] - Text '05 Test' is set on object 'Object Repository/03-Header Menu/User Profile/View Profile/Contact Info/input_street1'

2022-12-16 11:25:03 - [TEST_STEP][PASSED] - setText(findTestObject("03-Header Menu/User Profile/View Profile/Contact Info/input_street2"), "corner Automation"): Text 'corner Automation' is set on object 'Object Repository/03-Header Menu/User Profile/View Profile/Contact Info/input_street2'

2022-12-16 11:25:06 - [MESSAGE][PASSED] - Text 'corner Automation' is set on object 'Object Repository/03-Header Menu/User Profile/View Profile/Contact Info/input_street2'

2022-12-16 11:25:06 - [TEST_STEP][PASSED] - setText(findTestObject("03-Header Menu/User Profile/View Profile/Contact Info/input_postcode"), "54321"): Text '54321' is set on object 'Object Repository/03-Header Menu/User Profile/View Profile/Contact Info/input_postcode'

2022-12-16 11:25:09 - [MESSAGE][PASSED] - Text '54321' is set on object 'Object Repository/03-Header Menu/User Profile/View Profile/Contact Info/input_postcode'

2022-12-16 11:25:09 - [TEST_STEP][PASSED] - setText(findTestObject("03-Header Menu/User Profile/View Profile/Contact Info/input_city"), "Test City"): Text 'Test City' is set on object 'Object Repository/03-Header Menu/User Profile/View Profile/Contact Info/input_city'

2022-12-16 11:25:11 - [MESSAGE][PASSED] - Text 'Test City' is set on object 'Object Repository/03-Header Menu/User Profile/View Profile/Contact Info/input_city'

2022-12-16 11:25:11 - [TEST_STEP][PASSED] - setText(findTestObject("03-Header Menu/User Profile/View Profile/Contact Info/input_state"), "Test State"): Text 'Test State' is set on object 'Object Repository/03-Header Menu/User Profile/View Profile/Contact Info/input_state'

2022-12-16 11:25:13 - [MESSAGE][PASSED] - Text 'Test State' is set on object 'Object Repository/03-Header Menu/User Profile/View Profile/Contact Info/input_state'

2022-12-16 11:25:13 - [TEST_STEP][PASSED] - click(findTestObject("03-Header Menu/User Profile/View Profile/Contact Info/input_country"), STOP_ON_FAILURE): Object: 'Object Repository/03-Header Menu/User Profile/View Profile/Contact Info/input_country' is clicked on

2022-12-16 11:25:14 - [MESSAGE][PASSED] - Object: 'Object Repository/03-Header Menu/User Profile/View Profile/Contact Info/input_country' is clicked on

2022-12-16 11:25:14 - [TEST_STEP][PASSED] - click(findTestObject("03-Header Menu/User Profile/View Profile/Contact Info/span_United States"), STOP_ON_FAILURE): Object: 'Object Repository/03-Header Menu/User Profile/View Profile/Contact Info/span_United States' is clicked on

2022-12-16 11:25:15 - [MESSAGE][PASSED] - Object: 'Object Repository/03-Header Menu/User Profile/View Profile/Contact Info/span_United States' is clicked on

2022-12-16 11:25:15 - [TEST_STEP][PASSED] - scrollToElement(findTestObject("03-Header Menu/User Profile/View Profile/Contact Info/input_address type"), 0): Scroll to object 'Object Repository/03-Header Menu/User Profile/View Profile/Contact Info/input_address type' successfully

2022-12-16 11:25:16 - [MESSAGE][WARNING] - Timeout '0' is invalid. Using default page load timeout: '30'

2022-12-16 11:25:17 - [MESSAGE][PASSED] - Scroll to object 'Object Repository/03-Header Menu/User Profile/View Profile/Contact Info/input_address type' successfully

2022-12-16 11:25:17 - [TEST_STEP][PASSED] - click(findTestObject("03-Header Menu/User Profile/View Profile/Contact Info/input_address type")): Object: 'Object Repository/03-Header Menu/User Profile/View Profile/Contact Info/input_address type' is clicked on

2022-12-16 11:25:18 - [MESSAGE][PASSED] - Object: 'Object Repository/03-Header Menu/User Profile/View Profile/Contact Info/input_address type' is clicked on

2022-12-16 11:25:18 - [TEST_STEP][PASSED] - click(findTestObject("03-Header Menu/User Profile/View Profile/Contact Info/span_Work")): Object: 'Object Repository/03-Header Menu/User Profile/View Profile/Contact Info/span_Work' is clicked on

2022-12-16 11:25:19 - [MESSAGE][PASSED] - Object: 'Object Repository/03-Header Menu/User Profile/View Profile/Contact Info/span_Work' is clicked on

2022-12-16 11:25:19 - [TEST_STEP][PASSED] - delay(2): Delayed 2 second(s)

2022-12-16 11:25:21 - [MESSAGE][PASSED] - Delayed 2 second(s)

2022-12-16 11:25:21 - [TEST_STEP][PASSED] - click(findTestObject("03-Header Menu/User Profile/View Profile/Contact Info/button_Save_address")): Object: 'Object Repository/03-Header Menu/User Profile/View Profile/Contact Info/button_Save_address' is clicked on

2022-12-16 11:25:22 - [MESSAGE][PASSED] - Object: 'Object Repository/03-Header Menu/User Profile/View Profile/Contact Info/button_Save_address' is clicked on

2022-12-16 11:25:22 - [TEST_STEP][PASSED] - delay(2): Delayed 2 second(s)

2022-12-16 11:25:24 - [MESSAGE][PASSED] - Delayed 2 second(s)

2022-12-16 11:25:24 - [TEST_STEP][PASSED] - scrollToElement(findTestObject("03-Header Menu/User Profile/View Profile/Contact Info/Address Added"), 0): Scroll to object 'Object Repository/03-Header Menu/User Profile/View Profile/Contact Info/Address Added' successfully

2022-12-16 11:25:25 - [MESSAGE][WARNING] - Timeout '0' is invalid. Using default page load timeout: '30'

2022-12-16 11:25:25 - [MESSAGE][PASSED] - Scroll to object 'Object Repository/03-Header Menu/User Profile/View Profile/Contact Info/Address Added' successfully

2022-12-16 11:25:25 - [TEST_STEP][PASSED] - verifyElementVisible(findTestObject("03-Header Menu/User Profile/View Profile/Contact Info/Address Added")): Object 'Object Repository/03-Header Menu/User Profile/View Profile/Contact Info/Address Added' is visible

2022-12-16 11:25:26 - [MESSAGE][PASSED] - Object 'Object Repository/03-Header Menu/User Profile/View Profile/Contact Info/Address Added' is visible

2022-12-16 11:25:26 - [TEST_STEP][PASSED] - delay(2): Delayed 2 second(s)

2022-12-16 11:25:28 - [MESSAGE][PASSED] - Delayed 2 second(s)

2022-12-16 11:25:28 - [TEST_STEP][PASSED] - click(findTestObject("03-Header Menu/User Profile/View Profile/Contact Info/button_Save")): Object: 'Object Repository/03-Header Menu/User Profile/View Profile/Contact Info/button_Save' is clicked on

2022-12-16 11:25:30 - [MESSAGE][PASSED] - Object: 'Object Repository/03-Header Menu/User Profile/View Profile/Contact Info/button_Save' is clicked on

2022-12-16 11:25:30 - [TEST_STEP][PASSED] - verifyElementVisible(findTestObject("03-Header Menu/User Profile/View Profile/Contact Info/Success Msg")): Object 'Object Repository/03-Header Menu/User Profile/View Profile/Contact Info/Success Msg' is visible

2022-12-16 11:25:34 - [MESSAGE][PASSED] - Object 'Object Repository/03-Header Menu/User Profile/View Profile/Contact Info/Success Msg' is visible

2022-12-16 11:25:34 - [TEST_STEP][PASSED] - delay(2): Delayed 2 second(s)

2022-12-16 11:25:36 - [MESSAGE][PASSED] - Delayed 2 second(s)

2022-12-16 11:25:36 - [TEST_STEP][PASSED] - mouseOver(findTestObject("03-Header Menu/User Profile/View Profile/Contact Info/Mouse over target")): Object: 'Object Repository/03-Header Menu/User Profile/View Profile/Contact Info/Mouse over target' is hovered

2022-12-16 11:25:38 - [MESSAGE][PASSED] - Object: 'Object Repository/03-Header Menu/User Profile/View Profile/Contact Info/Mouse over target' is hovered

2022-12-16 11:25:38 - [TEST_STEP][PASSED] - click(findTestObject("03-Header Menu/User Profile/View Profile/Contact Info/button_remove_address")): Object: 'Object Repository/03-Header Menu/User Profile/View Profile/Contact Info/button_remove_address' is clicked on

2022-12-16 11:25:40 - [MESSAGE][PASSED] - Object: 'Object Repository/03-Header Menu/User Profile/View Profile/Contact Info/button_remove_address' is clicked on

2022-12-16 11:25:40 - [TEST_STEP][PASSED] - click(findTestObject("03-Header Menu/User Profile/View Profile/Contact Info/button_Save")): Object: 'Object Repository/03-Header Menu/User Profile/View Profile/Contact Info/button_Save' is clicked on

2022-12-16 11:25:40 - [MESSAGE][PASSED] - Object: 'Object Repository/03-Header Menu/User Profile/View Profile/Contact Info/button_Save' is clicked on

2022-12-16 11:25:40 - [TEST_STEP][PASSED] - verifyElementVisible(findTestObject("03-Header Menu/User Profile/View Profile/Contact Info/Success Msg")): Object 'Object Repository/03-Header Menu/User Profile/View Profile/Contact Info/Success Msg' is visible

2022-12-16 11:25:42 - [MESSAGE][PASSED] - Object 'Object Repository/03-Header Menu/User Profile/View Profile/Contact Info/Success Msg' is visible

2022-12-16 11:25:42 - [TEST_STEP][PASSED] - delay(3): Delayed 3 second(s)

2022-12-16 11:25:45 - [MESSAGE][PASSED] - Delayed 3 second(s)

2022-12-16 11:25:45 - [TEST_STEP][PASSED] - closeBrowser(): Browser is closed

2022-12-16 11:25:50 - [MESSAGE][PASSED] - Browser is closed]]></system-out>
         <system-err><![CDATA[]]></system-err>
      </testcase>
      <testcase name="Test Cases/03-Header Menu/15- Change Password (Blank Fields)" time="142.34" classname="Test Cases/03-Header Menu/15- Change Password (Blank Fields)" status="PASSED">
         <system-out><![CDATA[2022-12-16 11:25:50 - [TEST_CASE][PASSED] - Test Cases/03-Header Menu/15- Change Password (Blank Fields): Test Cases/03-Header Menu/15- Change Password (Blank Fields)

2022-12-16 11:25:52 - [TEST_STEP][PASSED] - openBrowser(""): Browser is opened with url: ''

2022-12-16 11:25:52 - [MESSAGE][INFO] - Starting 'Chrome' driver

2022-12-16 11:25:52 - [MESSAGE][INFO] - Action delay is set to 0 milliseconds

2022-12-16 11:25:56 - [MESSAGE][PASSED] - Browser is opened with url: ''

2022-12-16 11:25:56 - [TEST_STEP][PASSED] - navigateToUrl("https://lab.everleagues.com/login?returnUrl=%2Fmain%2Fdashboard"): Navigate to 'https://lab.everleagues.com/login?returnUrl=%2Fmain%2Fdashboard' successfully

2022-12-16 11:26:48 - [MESSAGE][PASSED] - Navigate to 'https://lab.everleagues.com/login?returnUrl=%2Fmain%2Fdashboard' successfully

2022-12-16 11:26:48 - [TEST_STEP][PASSED] - maximizeWindow(): Current window maximized

2022-12-16 11:26:49 - [MESSAGE][PASSED] - Current window maximized

2022-12-16 11:26:49 - [TEST_STEP][PASSED] - setText(findTestObject("02-Side Icons(Organization)/Add Contact/Email Field"), "testuser02@mailinator.com"): Text 'testuser02@mailinator.com' is set on object 'Object Repository/02-Side Icons(Organization)/Add Contact/Email Field'

2022-12-16 11:26:51 - [MESSAGE][PASSED] - Text 'testuser02@mailinator.com' is set on object 'Object Repository/02-Side Icons(Organization)/Add Contact/Email Field'

2022-12-16 11:26:51 - [TEST_STEP][PASSED] - setEncryptedText(findTestObject("02-Side Icons(Organization)/Add Contact/Password Field"), "8yFRyszE6U6jvsCn51OQbg=="): Text ****** has been set on object 'Object Repository/02-Side Icons(Organization)/Add Contact/Password Field'

2022-12-16 11:26:52 - [MESSAGE][PASSED] - Text ****** has been set on object 'Object Repository/02-Side Icons(Organization)/Add Contact/Password Field'

2022-12-16 11:26:52 - [TEST_STEP][PASSED] - click(findTestObject("02-Side Icons(Organization)/Add Contact/button_Sign in")): Object: 'Object Repository/02-Side Icons(Organization)/Add Contact/button_Sign in' is clicked on

2022-12-16 11:26:53 - [MESSAGE][PASSED] - Object: 'Object Repository/02-Side Icons(Organization)/Add Contact/button_Sign in' is clicked on

2022-12-16 11:26:53 - [TEST_STEP][PASSED] - delay(2): Delayed 2 second(s)

2022-12-16 11:26:55 - [MESSAGE][PASSED] - Delayed 2 second(s)

2022-12-16 11:26:55 - [TEST_STEP][PASSED] - click(findTestObject("06-Teams/For 2FA/button_Confirm_2FA")): Object: 'Object Repository/06-Teams/For 2FA/button_Confirm_2FA' is clicked on

2022-12-16 11:26:56 - [MESSAGE][PASSED] - Object: 'Object Repository/06-Teams/For 2FA/button_Confirm_2FA' is clicked on

2022-12-16 11:26:56 - [TEST_STEP][PASSED] - executeJavaScript("window.open();", []): Execute JavaScript 'window.open();' successfully

2022-12-16 11:26:57 - [MESSAGE][PASSED] - Execute JavaScript 'window.open();' successfully

2022-12-16 11:26:57 - [TEST_STEP][PASSED] - currentWindow = getWindowIndex(): Current window's index is: 0

2022-12-16 11:26:57 - [MESSAGE][PASSED] - Current window's index is: 0

2022-12-16 11:26:57 - [TEST_STEP][PASSED] - delay(3): Delayed 3 second(s)

2022-12-16 11:27:00 - [MESSAGE][PASSED] - Delayed 3 second(s)

2022-12-16 11:27:00 - [TEST_STEP][PASSED] - switchToWindowIndex(currentWindow + 1): Switched to window with index: '1'

2022-12-16 11:27:00 - [MESSAGE][PASSED] - Switched to window with index: '1'

2022-12-16 11:27:00 - [TEST_STEP][PASSED] - navigateToUrl("https://www.mailinator.com/"): Navigate to 'https://www.mailinator.com/' successfully

2022-12-16 11:27:08 - [MESSAGE][PASSED] - Navigate to 'https://www.mailinator.com/' successfully

2022-12-16 11:27:08 - [TEST_STEP][PASSED] - delay(3): Delayed 3 second(s)

2022-12-16 11:27:11 - [MESSAGE][PASSED] - Delayed 3 second(s)

2022-12-16 11:27:11 - [TEST_STEP][PASSED] - setText(findTestObject("00-Signup and Activation/zMailinator/input_LOGIN_search"), "testuser02@mailinator.com"): Text 'testuser02@mailinator.com' is set on object 'Object Repository/00-Signup and Activation/zMailinator/input_LOGIN_search'

2022-12-16 11:27:13 - [MESSAGE][PASSED] - Text 'testuser02@mailinator.com' is set on object 'Object Repository/00-Signup and Activation/zMailinator/input_LOGIN_search'

2022-12-16 11:27:13 - [TEST_STEP][PASSED] - click(findTestObject("00-Signup and Activation/zMailinator/gobutton"), STOP_ON_FAILURE): Object: 'Object Repository/00-Signup and Activation/zMailinator/gobutton' is clicked on

2022-12-16 11:27:18 - [MESSAGE][PASSED] - Object: 'Object Repository/00-Signup and Activation/zMailinator/gobutton' is clicked on

2022-12-16 11:27:18 - [TEST_STEP][PASSED] - delay(3): Delayed 3 second(s)

2022-12-16 11:27:21 - [MESSAGE][PASSED] - Delayed 3 second(s)

2022-12-16 11:27:21 - [TEST_STEP][PASSED] - click(findTestObject("00-Signup and Activation/zMailinator/Email - everleagues")): Object: 'Object Repository/00-Signup and Activation/zMailinator/Email - everleagues' is clicked on

2022-12-16 11:27:22 - [MESSAGE][PASSED] - Object: 'Object Repository/00-Signup and Activation/zMailinator/Email - everleagues' is clicked on

2022-12-16 11:27:22 - [TEST_STEP][PASSED] - delay(3): Delayed 3 second(s)

2022-12-16 11:27:25 - [MESSAGE][PASSED] - Delayed 3 second(s)

2022-12-16 11:27:25 - [TEST_STEP][PASSED] - code = getText(findTestObject("Object Repository/06-Teams/For 2FA/2FA code")): Text of object 'Object Repository/06-Teams/For 2FA/2FA code' is: '054922'

2022-12-16 11:27:27 - [MESSAGE][PASSED] - Text of object 'Object Repository/06-Teams/For 2FA/2FA code' is: '054922'

2022-12-16 11:27:27 - [TEST_STEP][PASSED] - delay(3): Delayed 3 second(s)

2022-12-16 11:27:30 - [MESSAGE][PASSED] - Delayed 3 second(s)

2022-12-16 11:27:30 - [TEST_STEP][PASSED] - closeWindowTitle("Mailinator"): Window with title: 'Mailinator' is closed

2022-12-16 11:27:31 - [MESSAGE][PASSED] - Window with title: 'Mailinator' is closed

2022-12-16 11:27:31 - [TEST_STEP][PASSED] - delay(3): Delayed 3 second(s)

2022-12-16 11:27:34 - [MESSAGE][PASSED] - Delayed 3 second(s)

2022-12-16 11:27:34 - [TEST_STEP][PASSED] - switchToWindowIndex(0): Switched to window with index: '0'

2022-12-16 11:27:34 - [MESSAGE][PASSED] - Switched to window with index: '0'

2022-12-16 11:27:34 - [TEST_STEP][PASSED] - delay(3): Delayed 3 second(s)

2022-12-16 11:27:37 - [MESSAGE][PASSED] - Delayed 3 second(s)

2022-12-16 11:27:37 - [TEST_STEP][PASSED] - setText(findTestObject("Object Repository/06-Teams/For 2FA/input_Enter verification code_code"), code): Text '054922' is set on object 'Object Repository/06-Teams/For 2FA/input_Enter verification code_code'

2022-12-16 11:27:39 - [MESSAGE][PASSED] - Text '054922' is set on object 'Object Repository/06-Teams/For 2FA/input_Enter verification code_code'

2022-12-16 11:27:39 - [TEST_STEP][PASSED] - delay(3): Delayed 3 second(s)

2022-12-16 11:27:42 - [MESSAGE][PASSED] - Delayed 3 second(s)

2022-12-16 11:27:42 - [TEST_STEP][PASSED] - click(findTestObject("06-Teams/For 2FA/button_Verify_2FA")): Object: 'Object Repository/06-Teams/For 2FA/button_Verify_2FA' is clicked on

2022-12-16 11:27:43 - [MESSAGE][PASSED] - Object: 'Object Repository/06-Teams/For 2FA/button_Verify_2FA' is clicked on

2022-12-16 11:27:43 - [TEST_STEP][PASSED] - delay(5): Delayed 5 second(s)

2022-12-16 11:27:48 - [MESSAGE][PASSED] - Delayed 5 second(s)

2022-12-16 11:27:48 - [TEST_STEP][PASSED] - click(findTestObject("03-Header Menu/User Profile/Users Profile menu and notification button/div_User drop down menu button")): Object: 'Object Repository/03-Header Menu/User Profile/Users Profile menu and notification button/div_User drop down menu button' is clicked on

2022-12-16 11:27:53 - [MESSAGE][PASSED] - Object: 'Object Repository/03-Header Menu/User Profile/Users Profile menu and notification button/div_User drop down menu button' is clicked on

2022-12-16 11:27:53 - [TEST_STEP][PASSED] - delay(2): Delayed 2 second(s)

2022-12-16 11:27:55 - [MESSAGE][PASSED] - Delayed 2 second(s)

2022-12-16 11:27:55 - [TEST_STEP][PASSED] - click(findTestObject("03-Header Menu/Header Menu Verifications/h4_Change Password")): Object: 'Object Repository/03-Header Menu/Header Menu Verifications/h4_Change Password' is clicked on

2022-12-16 11:27:57 - [MESSAGE][PASSED] - Object: 'Object Repository/03-Header Menu/Header Menu Verifications/h4_Change Password' is clicked on

2022-12-16 11:27:57 - [TEST_STEP][PASSED] - verifyElementVisible(findTestObject("03-Header Menu/User Profile/Change Password/h4_Change Password")): Object 'Object Repository/03-Header Menu/User Profile/Change Password/h4_Change Password' is visible

2022-12-16 11:27:58 - [MESSAGE][PASSED] - Object 'Object Repository/03-Header Menu/User Profile/Change Password/h4_Change Password' is visible

2022-12-16 11:27:58 - [TEST_STEP][PASSED] - delay(2): Delayed 2 second(s)

2022-12-16 11:28:00 - [MESSAGE][PASSED] - Delayed 2 second(s)

2022-12-16 11:28:00 - [TEST_STEP][PASSED] - click(findTestObject("03-Header Menu/User Profile/Change Password/input_Old password")): Object: 'Object Repository/03-Header Menu/User Profile/Change Password/input_Old password' is clicked on

2022-12-16 11:28:01 - [MESSAGE][PASSED] - Object: 'Object Repository/03-Header Menu/User Profile/Change Password/input_Old password' is clicked on

2022-12-16 11:28:01 - [TEST_STEP][PASSED] - click(findTestObject("03-Header Menu/User Profile/Change Password/input_new password")): Object: 'Object Repository/03-Header Menu/User Profile/Change Password/input_new password' is clicked on

2022-12-16 11:28:02 - [MESSAGE][PASSED] - Object: 'Object Repository/03-Header Menu/User Profile/Change Password/input_new password' is clicked on

2022-12-16 11:28:02 - [TEST_STEP][PASSED] - click(findTestObject("03-Header Menu/User Profile/Change Password/input_Confirm password")): Object: 'Object Repository/03-Header Menu/User Profile/Change Password/input_Confirm password' is clicked on

2022-12-16 11:28:03 - [MESSAGE][PASSED] - Object: 'Object Repository/03-Header Menu/User Profile/Change Password/input_Confirm password' is clicked on

2022-12-16 11:28:03 - [TEST_STEP][PASSED] - click(findTestObject("03-Header Menu/User Profile/Change Password/input_Old password")): Object: 'Object Repository/03-Header Menu/User Profile/Change Password/input_Old password' is clicked on

2022-12-16 11:28:04 - [MESSAGE][PASSED] - Object: 'Object Repository/03-Header Menu/User Profile/Change Password/input_Old password' is clicked on

2022-12-16 11:28:04 - [TEST_STEP][PASSED] - delay(2): Delayed 2 second(s)

2022-12-16 11:28:06 - [MESSAGE][PASSED] - Delayed 2 second(s)

2022-12-16 11:28:06 - [TEST_STEP][PASSED] - verifyElementVisible(findTestObject("03-Header Menu/User Profile/Change Password/error_Enter your password")): Object 'Object Repository/03-Header Menu/User Profile/Change Password/error_Enter your password' is visible

2022-12-16 11:28:06 - [MESSAGE][PASSED] - Object 'Object Repository/03-Header Menu/User Profile/Change Password/error_Enter your password' is visible

2022-12-16 11:28:06 - [TEST_STEP][PASSED] - verifyElementVisible(findTestObject("03-Header Menu/User Profile/Change Password/error_Password must be at least 8 characters")): Object 'Object Repository/03-Header Menu/User Profile/Change Password/error_Password must be at least 8 characters' is visible

2022-12-16 11:28:07 - [MESSAGE][PASSED] - Object 'Object Repository/03-Header Menu/User Profile/Change Password/error_Password must be at least 8 characters' is visible

2022-12-16 11:28:07 - [TEST_STEP][PASSED] - verifyElementVisible(findTestObject("03-Header Menu/User Profile/Change Password/error_Password does not match")): Object 'Object Repository/03-Header Menu/User Profile/Change Password/error_Password does not match' is visible

2022-12-16 11:28:08 - [MESSAGE][PASSED] - Object 'Object Repository/03-Header Menu/User Profile/Change Password/error_Password does not match' is visible

2022-12-16 11:28:08 - [TEST_STEP][PASSED] - verifyElementNotClickable(findTestObject("03-Header Menu/User Profile/Change Password/button_Change Password")): Object 'Object Repository/03-Header Menu/User Profile/Change Password/button_Change Password' is NOT clickable

2022-12-16 11:28:09 - [MESSAGE][PASSED] - Object 'Object Repository/03-Header Menu/User Profile/Change Password/button_Change Password' is NOT clickable

2022-12-16 11:28:09 - [TEST_STEP][PASSED] - click(findTestObject("03-Header Menu/User Profile/Change Password/button_Cancel")): Object: 'Object Repository/03-Header Menu/User Profile/Change Password/button_Cancel' is clicked on

2022-12-16 11:28:10 - [MESSAGE][PASSED] - Object: 'Object Repository/03-Header Menu/User Profile/Change Password/button_Cancel' is clicked on

2022-12-16 11:28:10 - [TEST_STEP][PASSED] - delay(2): Delayed 2 second(s)

2022-12-16 11:28:12 - [MESSAGE][PASSED] - Delayed 2 second(s)]]></system-out>
         <system-err><![CDATA[]]></system-err>
      </testcase>
      <testcase name="Test Cases/03-Header Menu/16- Change Password (Incorrect Old Password)" time="17.898" classname="Test Cases/03-Header Menu/16- Change Password (Incorrect Old Password)" status="PASSED">
         <system-out><![CDATA[2022-12-16 11:28:12 - [TEST_CASE][PASSED] - Test Cases/03-Header Menu/16- Change Password (Incorrect Old Password): Test Cases/03-Header Menu/16- Change Password (Incorrect Old Password)

2022-12-16 11:28:14 - [TEST_STEP][PASSED] - click(findTestObject("03-Header Menu/User Profile/Users Profile menu and notification button/div_User drop down menu button")): Object: 'Object Repository/03-Header Menu/User Profile/Users Profile menu and notification button/div_User drop down menu button' is clicked on

2022-12-16 11:28:16 - [MESSAGE][PASSED] - Object: 'Object Repository/03-Header Menu/User Profile/Users Profile menu and notification button/div_User drop down menu button' is clicked on

2022-12-16 11:28:16 - [TEST_STEP][PASSED] - delay(2): Delayed 2 second(s)

2022-12-16 11:28:18 - [MESSAGE][PASSED] - Delayed 2 second(s)

2022-12-16 11:28:18 - [TEST_STEP][PASSED] - click(findTestObject("03-Header Menu/Header Menu Verifications/h4_Change Password")): Object: 'Object Repository/03-Header Menu/Header Menu Verifications/h4_Change Password' is clicked on

2022-12-16 11:28:19 - [MESSAGE][PASSED] - Object: 'Object Repository/03-Header Menu/Header Menu Verifications/h4_Change Password' is clicked on

2022-12-16 11:28:19 - [TEST_STEP][PASSED] - delay(1): Delayed 1 second(s)

2022-12-16 11:28:20 - [MESSAGE][PASSED] - Delayed 1 second(s)

2022-12-16 11:28:20 - [TEST_STEP][PASSED] - setText(findTestObject("03-Header Menu/User Profile/Change Password/input_Old password"), "wrongoldpassword"): Text 'wrongoldpassword' is set on object 'Object Repository/03-Header Menu/User Profile/Change Password/input_Old password'

2022-12-16 11:28:21 - [MESSAGE][PASSED] - Text 'wrongoldpassword' is set on object 'Object Repository/03-Header Menu/User Profile/Change Password/input_Old password'

2022-12-16 11:28:21 - [TEST_STEP][PASSED] - setText(findTestObject("03-Header Menu/User Profile/Change Password/input_new password"), "Qazwsx123"): Text 'Qazwsx123' is set on object 'Object Repository/03-Header Menu/User Profile/Change Password/input_new password'

2022-12-16 11:28:23 - [MESSAGE][PASSED] - Text 'Qazwsx123' is set on object 'Object Repository/03-Header Menu/User Profile/Change Password/input_new password'

2022-12-16 11:28:23 - [TEST_STEP][PASSED] - setText(findTestObject("03-Header Menu/User Profile/Change Password/input_Confirm password"), "Qazwsx123"): Text 'Qazwsx123' is set on object 'Object Repository/03-Header Menu/User Profile/Change Password/input_Confirm password'

2022-12-16 11:28:25 - [MESSAGE][PASSED] - Text 'Qazwsx123' is set on object 'Object Repository/03-Header Menu/User Profile/Change Password/input_Confirm password'

2022-12-16 11:28:25 - [TEST_STEP][PASSED] - click(findTestObject("03-Header Menu/User Profile/Change Password/button_Change Password")): Object: 'Object Repository/03-Header Menu/User Profile/Change Password/button_Change Password' is clicked on

2022-12-16 11:28:26 - [MESSAGE][PASSED] - Object: 'Object Repository/03-Header Menu/User Profile/Change Password/button_Change Password' is clicked on

2022-12-16 11:28:26 - [TEST_STEP][PASSED] - verifyElementVisible(findTestObject("03-Header Menu/User Profile/Change Password/Failed to change password")): Object 'Object Repository/03-Header Menu/User Profile/Change Password/Failed to change password' is visible

2022-12-16 11:28:27 - [MESSAGE][PASSED] - Object 'Object Repository/03-Header Menu/User Profile/Change Password/Failed to change password' is visible

2022-12-16 11:28:27 - [TEST_STEP][PASSED] - click(findTestObject("09-Settings/Users/Active User/button_Cancel_restore")): Object: 'Object Repository/09-Settings/Users/Active User/button_Cancel_restore' is clicked on

2022-12-16 11:28:28 - [MESSAGE][PASSED] - Object: 'Object Repository/09-Settings/Users/Active User/button_Cancel_restore' is clicked on

2022-12-16 11:28:28 - [TEST_STEP][PASSED] - delay(2): Delayed 2 second(s)

2022-12-16 11:28:30 - [MESSAGE][PASSED] - Delayed 2 second(s)]]></system-out>
         <system-err><![CDATA[]]></system-err>
      </testcase>
      <testcase name="Test Cases/03-Header Menu/17- Change Password (old and new didnt match)" time="17.607" classname="Test Cases/03-Header Menu/17- Change Password (old and new didnt match)" status="PASSED">
         <system-out><![CDATA[2022-12-16 11:28:30 - [TEST_CASE][PASSED] - Test Cases/03-Header Menu/17- Change Password (old and new didnt match): Test Cases/03-Header Menu/17- Change Password (old and new didnt match)

2022-12-16 11:28:32 - [TEST_STEP][PASSED] - click(findTestObject("03-Header Menu/User Profile/Users Profile menu and notification button/div_User drop down menu button")): Object: 'Object Repository/03-Header Menu/User Profile/Users Profile menu and notification button/div_User drop down menu button' is clicked on

2022-12-16 11:28:33 - [MESSAGE][PASSED] - Object: 'Object Repository/03-Header Menu/User Profile/Users Profile menu and notification button/div_User drop down menu button' is clicked on

2022-12-16 11:28:33 - [TEST_STEP][PASSED] - delay(2): Delayed 2 second(s)

2022-12-16 11:28:35 - [MESSAGE][PASSED] - Delayed 2 second(s)

2022-12-16 11:28:35 - [TEST_STEP][PASSED] - click(findTestObject("03-Header Menu/Header Menu Verifications/h4_Change Password")): Object: 'Object Repository/03-Header Menu/Header Menu Verifications/h4_Change Password' is clicked on

2022-12-16 11:28:36 - [MESSAGE][PASSED] - Object: 'Object Repository/03-Header Menu/Header Menu Verifications/h4_Change Password' is clicked on

2022-12-16 11:28:36 - [TEST_STEP][PASSED] - delay(1): Delayed 1 second(s)

2022-12-16 11:28:37 - [MESSAGE][PASSED] - Delayed 1 second(s)

2022-12-16 11:28:37 - [TEST_STEP][PASSED] - setEncryptedText(findTestObject("03-Header Menu/User Profile/Change Password/input_Old password"), "8yFRyszE6U6jvsCn51OQbg=="): Text ****** has been set on object 'Object Repository/03-Header Menu/User Profile/Change Password/input_Old password'

2022-12-16 11:28:38 - [MESSAGE][PASSED] - Text ****** has been set on object 'Object Repository/03-Header Menu/User Profile/Change Password/input_Old password'

2022-12-16 11:28:38 - [TEST_STEP][PASSED] - setText(findTestObject("03-Header Menu/User Profile/Change Password/input_new password"), "wrongformatpass"): Text 'wrongformatpass' is set on object 'Object Repository/03-Header Menu/User Profile/Change Password/input_new password'

2022-12-16 11:28:40 - [MESSAGE][PASSED] - Text 'wrongformatpass' is set on object 'Object Repository/03-Header Menu/User Profile/Change Password/input_new password'

2022-12-16 11:28:40 - [TEST_STEP][PASSED] - setText(findTestObject("03-Header Menu/User Profile/Change Password/input_Confirm password"), "newpassdontmatch"): Text 'newpassdontmatch' is set on object 'Object Repository/03-Header Menu/User Profile/Change Password/input_Confirm password'

2022-12-16 11:28:41 - [MESSAGE][PASSED] - Text 'newpassdontmatch' is set on object 'Object Repository/03-Header Menu/User Profile/Change Password/input_Confirm password'

2022-12-16 11:28:41 - [TEST_STEP][PASSED] - click(findTestObject("03-Header Menu/User Profile/Change Password/input_Old password")): Object: 'Object Repository/03-Header Menu/User Profile/Change Password/input_Old password' is clicked on

2022-12-16 11:28:42 - [MESSAGE][PASSED] - Object: 'Object Repository/03-Header Menu/User Profile/Change Password/input_Old password' is clicked on

2022-12-16 11:28:42 - [TEST_STEP][PASSED] - verifyElementVisible(findTestObject("03-Header Menu/User Profile/Change Password/error_Password must be at least 8 characters")): Object 'Object Repository/03-Header Menu/User Profile/Change Password/error_Password must be at least 8 characters' is visible

2022-12-16 11:28:43 - [MESSAGE][PASSED] - Object 'Object Repository/03-Header Menu/User Profile/Change Password/error_Password must be at least 8 characters' is visible

2022-12-16 11:28:43 - [TEST_STEP][PASSED] - verifyElementVisible(findTestObject("03-Header Menu/User Profile/Change Password/error_Password does not match")): Object 'Object Repository/03-Header Menu/User Profile/Change Password/error_Password does not match' is visible

2022-12-16 11:28:44 - [MESSAGE][PASSED] - Object 'Object Repository/03-Header Menu/User Profile/Change Password/error_Password does not match' is visible

2022-12-16 11:28:44 - [TEST_STEP][PASSED] - verifyElementNotClickable(findTestObject("03-Header Menu/User Profile/Change Password/button_Change Password")): Object 'Object Repository/03-Header Menu/User Profile/Change Password/button_Change Password' is NOT clickable

2022-12-16 11:28:46 - [MESSAGE][PASSED] - Object 'Object Repository/03-Header Menu/User Profile/Change Password/button_Change Password' is NOT clickable

2022-12-16 11:28:46 - [TEST_STEP][PASSED] - delay(2): Delayed 2 second(s)

2022-12-16 11:28:48 - [MESSAGE][PASSED] - Delayed 2 second(s)]]></system-out>
         <system-err><![CDATA[]]></system-err>
      </testcase>
      <testcase name="Test Cases/03-Header Menu/18-Change Password(Positive Scenario)" time="138.749" classname="Test Cases/03-Header Menu/18-Change Password(Positive Scenario)" status="PASSED">
         <system-out><![CDATA[2022-12-16 11:28:48 - [TEST_CASE][PASSED] - Test Cases/03-Header Menu/18-Change Password(Positive Scenario): Test Cases/03-Header Menu/18-Change Password(Positive Scenario)

2022-12-16 11:28:50 - [TEST_STEP][PASSED] - setEncryptedText(findTestObject("03-Header Menu/User Profile/Change Password/input_Old password"), "8yFRyszE6U6jvsCn51OQbg=="): Text ****** has been set on object 'Object Repository/03-Header Menu/User Profile/Change Password/input_Old password'

2022-12-16 11:28:51 - [MESSAGE][PASSED] - Text ****** has been set on object 'Object Repository/03-Header Menu/User Profile/Change Password/input_Old password'

2022-12-16 11:28:51 - [TEST_STEP][PASSED] - setEncryptedText(findTestObject("03-Header Menu/User Profile/Change Password/input_new password"), "SYb/3ow/20+o2oI9OaGCEA=="): Text ****** has been set on object 'Object Repository/03-Header Menu/User Profile/Change Password/input_new password'

2022-12-16 11:28:52 - [MESSAGE][PASSED] - Text ****** has been set on object 'Object Repository/03-Header Menu/User Profile/Change Password/input_new password'

2022-12-16 11:28:52 - [TEST_STEP][PASSED] - setEncryptedText(findTestObject("03-Header Menu/User Profile/Change Password/input_Confirm password"), "SYb/3ow/20+o2oI9OaGCEA=="): Text ****** has been set on object 'Object Repository/03-Header Menu/User Profile/Change Password/input_Confirm password'

2022-12-16 11:28:53 - [MESSAGE][PASSED] - Text ****** has been set on object 'Object Repository/03-Header Menu/User Profile/Change Password/input_Confirm password'

2022-12-16 11:28:53 - [TEST_STEP][PASSED] - click(findTestObject("03-Header Menu/User Profile/Change Password/button_Change Password")): Object: 'Object Repository/03-Header Menu/User Profile/Change Password/button_Change Password' is clicked on

2022-12-16 11:28:54 - [MESSAGE][PASSED] - Object: 'Object Repository/03-Header Menu/User Profile/Change Password/button_Change Password' is clicked on

2022-12-16 11:28:54 - [TEST_STEP][PASSED] - verifyElementVisible(findTestObject("03-Header Menu/User Profile/Change Password/Successfully changed password")): Object 'Object Repository/03-Header Menu/User Profile/Change Password/Successfully changed password' is visible

2022-12-16 11:28:56 - [MESSAGE][PASSED] - Object 'Object Repository/03-Header Menu/User Profile/Change Password/Successfully changed password' is visible

2022-12-16 11:28:56 - [TEST_STEP][PASSED] - delay(2): Delayed 2 second(s)

2022-12-16 11:28:58 - [MESSAGE][PASSED] - Delayed 2 second(s)

2022-12-16 11:28:58 - [TEST_STEP][PASSED] - click(findTestObject("03-Header Menu/User Profile/Users Profile menu and notification button/div_User drop down menu button")): Object: 'Object Repository/03-Header Menu/User Profile/Users Profile menu and notification button/div_User drop down menu button' is clicked on

2022-12-16 11:28:59 - [MESSAGE][PASSED] - Object: 'Object Repository/03-Header Menu/User Profile/Users Profile menu and notification button/div_User drop down menu button' is clicked on

2022-12-16 11:28:59 - [TEST_STEP][PASSED] - delay(2): Delayed 2 second(s)

2022-12-16 11:29:01 - [MESSAGE][PASSED] - Delayed 2 second(s)

2022-12-16 11:29:01 - [TEST_STEP][PASSED] - click(findTestObject("03-Header Menu/Header Menu Verifications/h4_Sign Out")): Object: 'Object Repository/03-Header Menu/Header Menu Verifications/h4_Sign Out' is clicked on

2022-12-16 11:29:03 - [MESSAGE][PASSED] - Object: 'Object Repository/03-Header Menu/Header Menu Verifications/h4_Sign Out' is clicked on

2022-12-16 11:29:03 - [TEST_STEP][PASSED] - delay(2): Delayed 2 second(s)

2022-12-16 11:29:05 - [MESSAGE][PASSED] - Delayed 2 second(s)

2022-12-16 11:29:05 - [TEST_STEP][PASSED] - closeBrowser(): Browser is closed

2022-12-16 11:29:06 - [MESSAGE][PASSED] - Browser is closed

2022-12-16 11:29:06 - [TEST_STEP][PASSED] - openBrowser(""): Browser is opened with url: ''

2022-12-16 11:29:06 - [MESSAGE][INFO] - Starting 'Chrome' driver

2022-12-16 11:29:07 - [MESSAGE][INFO] - Action delay is set to 0 milliseconds

2022-12-16 11:29:11 - [MESSAGE][PASSED] - Browser is opened with url: ''

2022-12-16 11:29:11 - [TEST_STEP][PASSED] - navigateToUrl("https://lab.everleagues.com/"): Navigate to 'https://lab.everleagues.com/' successfully

2022-12-16 11:29:41 - [MESSAGE][PASSED] - Navigate to 'https://lab.everleagues.com/' successfully

2022-12-16 11:29:41 - [TEST_STEP][PASSED] - maximizeWindow(): Current window maximized

2022-12-16 11:29:42 - [MESSAGE][PASSED] - Current window maximized

2022-12-16 11:29:42 - [TEST_STEP][PASSED] - setText(findTestObject("02-Side Icons(Organization)/Add Contact/Email Field"), "testuser02@mailinator.com"): Text 'testuser02@mailinator.com' is set on object 'Object Repository/02-Side Icons(Organization)/Add Contact/Email Field'

2022-12-16 11:29:44 - [MESSAGE][PASSED] - Text 'testuser02@mailinator.com' is set on object 'Object Repository/02-Side Icons(Organization)/Add Contact/Email Field'

2022-12-16 11:29:44 - [TEST_STEP][PASSED] - setEncryptedText(findTestObject("02-Side Icons(Organization)/Add Contact/Password Field"), "SYb/3ow/20+o2oI9OaGCEA=="): Text ****** has been set on object 'Object Repository/02-Side Icons(Organization)/Add Contact/Password Field'

2022-12-16 11:29:45 - [MESSAGE][PASSED] - Text ****** has been set on object 'Object Repository/02-Side Icons(Organization)/Add Contact/Password Field'

2022-12-16 11:29:45 - [TEST_STEP][PASSED] - click(findTestObject("02-Side Icons(Organization)/Add Contact/button_Sign in")): Object: 'Object Repository/02-Side Icons(Organization)/Add Contact/button_Sign in' is clicked on

2022-12-16 11:29:47 - [MESSAGE][PASSED] - Object: 'Object Repository/02-Side Icons(Organization)/Add Contact/button_Sign in' is clicked on

2022-12-16 11:29:47 - [TEST_STEP][PASSED] - delay(2): Delayed 2 second(s)

2022-12-16 11:29:49 - [MESSAGE][PASSED] - Delayed 2 second(s)

2022-12-16 11:29:49 - [TEST_STEP][PASSED] - click(findTestObject("06-Teams/For 2FA/button_Confirm_2FA")): Object: 'Object Repository/06-Teams/For 2FA/button_Confirm_2FA' is clicked on

2022-12-16 11:29:49 - [MESSAGE][PASSED] - Object: 'Object Repository/06-Teams/For 2FA/button_Confirm_2FA' is clicked on

2022-12-16 11:29:49 - [TEST_STEP][PASSED] - executeJavaScript("window.open();", []): Execute JavaScript 'window.open();' successfully

2022-12-16 11:29:50 - [MESSAGE][PASSED] - Execute JavaScript 'window.open();' successfully

2022-12-16 11:29:50 - [TEST_STEP][PASSED] - currentWindow = getWindowIndex(): Current window's index is: 0

2022-12-16 11:29:50 - [MESSAGE][PASSED] - Current window's index is: 0

2022-12-16 11:29:50 - [TEST_STEP][PASSED] - delay(3): Delayed 3 second(s)

2022-12-16 11:29:53 - [MESSAGE][PASSED] - Delayed 3 second(s)

2022-12-16 11:29:53 - [TEST_STEP][PASSED] - switchToWindowIndex(currentWindow + 1): Switched to window with index: '1'

2022-12-16 11:29:53 - [MESSAGE][PASSED] - Switched to window with index: '1'

2022-12-16 11:29:53 - [TEST_STEP][PASSED] - navigateToUrl("https://www.mailinator.com/"): Navigate to 'https://www.mailinator.com/' successfully

2022-12-16 11:30:02 - [MESSAGE][PASSED] - Navigate to 'https://www.mailinator.com/' successfully

2022-12-16 11:30:02 - [TEST_STEP][PASSED] - delay(3): Delayed 3 second(s)

2022-12-16 11:30:05 - [MESSAGE][PASSED] - Delayed 3 second(s)

2022-12-16 11:30:05 - [TEST_STEP][PASSED] - setText(findTestObject("00-Signup and Activation/zMailinator/input_LOGIN_search"), "testuser02@mailinator.com"): Text 'testuser02@mailinator.com' is set on object 'Object Repository/00-Signup and Activation/zMailinator/input_LOGIN_search'

2022-12-16 11:30:06 - [MESSAGE][PASSED] - Text 'testuser02@mailinator.com' is set on object 'Object Repository/00-Signup and Activation/zMailinator/input_LOGIN_search'

2022-12-16 11:30:06 - [TEST_STEP][PASSED] - click(findTestObject("00-Signup and Activation/zMailinator/gobutton"), STOP_ON_FAILURE): Object: 'Object Repository/00-Signup and Activation/zMailinator/gobutton' is clicked on

2022-12-16 11:30:12 - [MESSAGE][PASSED] - Object: 'Object Repository/00-Signup and Activation/zMailinator/gobutton' is clicked on

2022-12-16 11:30:12 - [TEST_STEP][PASSED] - delay(3): Delayed 3 second(s)

2022-12-16 11:30:15 - [MESSAGE][PASSED] - Delayed 3 second(s)

2022-12-16 11:30:15 - [TEST_STEP][PASSED] - click(findTestObject("00-Signup and Activation/zMailinator/Email - everleagues")): Object: 'Object Repository/00-Signup and Activation/zMailinator/Email - everleagues' is clicked on

2022-12-16 11:30:16 - [MESSAGE][PASSED] - Object: 'Object Repository/00-Signup and Activation/zMailinator/Email - everleagues' is clicked on

2022-12-16 11:30:16 - [TEST_STEP][PASSED] - delay(3): Delayed 3 second(s)

2022-12-16 11:30:19 - [MESSAGE][PASSED] - Delayed 3 second(s)

2022-12-16 11:30:19 - [TEST_STEP][PASSED] - code = getText(findTestObject("Object Repository/06-Teams/For 2FA/2FA code")): Text of object 'Object Repository/06-Teams/For 2FA/2FA code' is: '644089'

2022-12-16 11:30:21 - [MESSAGE][PASSED] - Text of object 'Object Repository/06-Teams/For 2FA/2FA code' is: '644089'

2022-12-16 11:30:21 - [TEST_STEP][PASSED] - delay(3): Delayed 3 second(s)

2022-12-16 11:30:24 - [MESSAGE][PASSED] - Delayed 3 second(s)

2022-12-16 11:30:24 - [TEST_STEP][PASSED] - closeWindowTitle("Mailinator"): Window with title: 'Mailinator' is closed

2022-12-16 11:30:25 - [MESSAGE][PASSED] - Window with title: 'Mailinator' is closed

2022-12-16 11:30:25 - [TEST_STEP][PASSED] - delay(3): Delayed 3 second(s)

2022-12-16 11:30:28 - [MESSAGE][PASSED] - Delayed 3 second(s)

2022-12-16 11:30:28 - [TEST_STEP][PASSED] - switchToWindowIndex(0): Switched to window with index: '0'

2022-12-16 11:30:28 - [MESSAGE][PASSED] - Switched to window with index: '0'

2022-12-16 11:30:28 - [TEST_STEP][PASSED] - delay(3): Delayed 3 second(s)

2022-12-16 11:30:31 - [MESSAGE][PASSED] - Delayed 3 second(s)

2022-12-16 11:30:31 - [TEST_STEP][PASSED] - setText(findTestObject("Object Repository/06-Teams/For 2FA/input_Enter verification code_code"), code): Text '644089' is set on object 'Object Repository/06-Teams/For 2FA/input_Enter verification code_code'

2022-12-16 11:30:33 - [MESSAGE][PASSED] - Text '644089' is set on object 'Object Repository/06-Teams/For 2FA/input_Enter verification code_code'

2022-12-16 11:30:33 - [TEST_STEP][PASSED] - delay(3): Delayed 3 second(s)

2022-12-16 11:30:36 - [MESSAGE][PASSED] - Delayed 3 second(s)

2022-12-16 11:30:36 - [TEST_STEP][PASSED] - click(findTestObject("06-Teams/For 2FA/button_Verify_2FA")): Object: 'Object Repository/06-Teams/For 2FA/button_Verify_2FA' is clicked on

2022-12-16 11:30:37 - [MESSAGE][PASSED] - Object: 'Object Repository/06-Teams/For 2FA/button_Verify_2FA' is clicked on

2022-12-16 11:30:37 - [TEST_STEP][PASSED] - delay(5): Delayed 5 second(s)

2022-12-16 11:30:42 - [MESSAGE][PASSED] - Delayed 5 second(s)

2022-12-16 11:30:42 - [TEST_STEP][PASSED] - click(findTestObject("03-Header Menu/User Profile/Users Profile menu and notification button/div_User drop down menu button")): Object: 'Object Repository/03-Header Menu/User Profile/Users Profile menu and notification button/div_User drop down menu button' is clicked on

2022-12-16 11:30:46 - [MESSAGE][PASSED] - Object: 'Object Repository/03-Header Menu/User Profile/Users Profile menu and notification button/div_User drop down menu button' is clicked on

2022-12-16 11:30:46 - [TEST_STEP][PASSED] - delay(2): Delayed 2 second(s)

2022-12-16 11:30:48 - [MESSAGE][PASSED] - Delayed 2 second(s)

2022-12-16 11:30:48 - [TEST_STEP][PASSED] - click(findTestObject("03-Header Menu/Header Menu Verifications/h4_Change Password")): Object: 'Object Repository/03-Header Menu/Header Menu Verifications/h4_Change Password' is clicked on

2022-12-16 11:30:49 - [MESSAGE][PASSED] - Object: 'Object Repository/03-Header Menu/Header Menu Verifications/h4_Change Password' is clicked on

2022-12-16 11:30:49 - [TEST_STEP][PASSED] - verifyElementVisible(findTestObject("03-Header Menu/User Profile/Change Password/h4_Change Password")): Object 'Object Repository/03-Header Menu/User Profile/Change Password/h4_Change Password' is visible

2022-12-16 11:30:50 - [MESSAGE][PASSED] - Object 'Object Repository/03-Header Menu/User Profile/Change Password/h4_Change Password' is visible

2022-12-16 11:30:50 - [TEST_STEP][PASSED] - delay(2): Delayed 2 second(s)

2022-12-16 11:30:52 - [MESSAGE][PASSED] - Delayed 2 second(s)

2022-12-16 11:30:52 - [TEST_STEP][PASSED] - setEncryptedText(findTestObject("03-Header Menu/User Profile/Change Password/input_Old password"), "SYb/3ow/20+o2oI9OaGCEA=="): Text ****** has been set on object 'Object Repository/03-Header Menu/User Profile/Change Password/input_Old password'

2022-12-16 11:30:54 - [MESSAGE][PASSED] - Text ****** has been set on object 'Object Repository/03-Header Menu/User Profile/Change Password/input_Old password'

2022-12-16 11:30:54 - [TEST_STEP][PASSED] - setEncryptedText(findTestObject("03-Header Menu/User Profile/Change Password/input_new password"), "8yFRyszE6U6jvsCn51OQbg=="): Text ****** has been set on object 'Object Repository/03-Header Menu/User Profile/Change Password/input_new password'

2022-12-16 11:30:57 - [MESSAGE][PASSED] - Text ****** has been set on object 'Object Repository/03-Header Menu/User Profile/Change Password/input_new password'

2022-12-16 11:30:57 - [TEST_STEP][PASSED] - setEncryptedText(findTestObject("03-Header Menu/User Profile/Change Password/input_Confirm password"), "8yFRyszE6U6jvsCn51OQbg=="): Text ****** has been set on object 'Object Repository/03-Header Menu/User Profile/Change Password/input_Confirm password'

2022-12-16 11:30:58 - [MESSAGE][PASSED] - Text ****** has been set on object 'Object Repository/03-Header Menu/User Profile/Change Password/input_Confirm password'

2022-12-16 11:30:58 - [TEST_STEP][PASSED] - click(findTestObject("03-Header Menu/User Profile/Change Password/button_Change Password")): Object: 'Object Repository/03-Header Menu/User Profile/Change Password/button_Change Password' is clicked on

2022-12-16 11:31:00 - [MESSAGE][PASSED] - Object: 'Object Repository/03-Header Menu/User Profile/Change Password/button_Change Password' is clicked on

2022-12-16 11:31:00 - [TEST_STEP][PASSED] - verifyElementVisible(findTestObject("03-Header Menu/User Profile/Change Password/Successfully changed password")): Object 'Object Repository/03-Header Menu/User Profile/Change Password/Successfully changed password' is visible

2022-12-16 11:31:02 - [MESSAGE][PASSED] - Object 'Object Repository/03-Header Menu/User Profile/Change Password/Successfully changed password' is visible

2022-12-16 11:31:02 - [TEST_STEP][PASSED] - delay(2): Delayed 2 second(s)

2022-12-16 11:31:04 - [MESSAGE][PASSED] - Delayed 2 second(s)

2022-12-16 11:31:04 - [TEST_STEP][PASSED] - closeBrowser(): Browser is closed

2022-12-16 11:31:06 - [MESSAGE][PASSED] - Browser is closed]]></system-out>
         <system-err><![CDATA[]]></system-err>
      </testcase>
      <system-out><![CDATA[2022-12-16 11:12:54 - [TEST_SUITE][PASSED] - 03-Header Menu: Test Cases/03-Header Menu/18-Change Password(Positive Scenario)]]></system-out>
      <system-err><![CDATA[]]></system-err>
   </testsuite>
</testsuites>
