<?xml version="1.0" encoding="UTF-8"?>
<testsuites name="01-Login and Forgot Password" time="206.066" tests="8" failures="0" errors="0">
   <testsuite name="01-Login and Forgot Password" tests="8" failures="0" errors="0" time="206.066" skipped="0" timestamp="2023-01-09 16:30:17" hostname="asus - DESKTOP-3L3J9C1" id="Test Suites/TS-Organization/01-Login and Forgot Password">
      <properties>
         <property name="deviceName" value=""/>
         <property name="devicePlatform" value=""/>
         <property name="logFolder" value="C:\\Users\\asus\\Katalon Studio\\Everleagues\\Everleagues\\Reports\\20230109_163004\\TS-Organization\\01-Login and Forgot Password\\20230109_163004"/>
         <property name="logFiles" value="C:\\Users\\asus\\Katalon Studio\\Everleagues\\Everleagues\\Reports\\20230109_163004\\TS-Organization\\01-Login and Forgot Password\\20230109_163004\\execution0.log"/>
         <property name="attachments" value=""/>
         <property name="hostName" value="asus - DESKTOP-3L3J9C1"/>
         <property name="os" value="Windows 10 64bit"/>
         <property name="katalonVersion" value="8.4.1.208"/>
         <property name="browser" value="Chrome 108.0.0.0"/>
         <property name="hostAddress" value="192.168.5.82"/>
         <property name="sessionId" value="f006fed93bc5bb5e95f01445cf763365"/>
         <property name="seleniumVersion" value="3.141.59"/>
         <property name="proxyInformation" value="ProxyInformation { proxyOption=NO_PROXY, proxyServerType=HTTP, username=, password=********, proxyServerAddress=, proxyServerPort=0, executionList=&quot;&quot;, isApplyToDesiredCapabilities=true }"/>
         <property name="platform" value="Windows 10"/>
      </properties>
      <testcase name="Test Cases/01-Login and Forgot Password/01-Login(Credentials Blank)" time="45.293" classname="Test Cases/01-Login and Forgot Password/01-Login(Credentials Blank)" status="PASSED">
         <system-out><![CDATA[2023-01-09 16:30:19 - [TEST_CASE][PASSED] - Test Cases/01-Login and Forgot Password/01-Login(Credentials Blank): Test Cases/01-Login and Forgot Password/01-Login(Credentials Blank)

2023-01-09 16:30:20 - [TEST_STEP][PASSED] - openBrowser(""): Browser is opened with url: ''

2023-01-09 16:30:22 - [MESSAGE][INFO] - Starting 'Chrome' driver

2023-01-09 16:30:22 - [MESSAGE][INFO] - Action delay is set to 0 milliseconds

2023-01-09 16:30:33 - [MESSAGE][PASSED] - Browser is opened with url: ''

2023-01-09 16:30:33 - [TEST_STEP][PASSED] - navigateToUrl("https://lab.everleagues.com/"): Navigate to 'https://lab.everleagues.com/' successfully

2023-01-09 16:30:56 - [MESSAGE][PASSED] - Navigate to 'https://lab.everleagues.com/' successfully

2023-01-09 16:30:56 - [TEST_STEP][PASSED] - maximizeWindow(): Current window maximized

2023-01-09 16:30:56 - [MESSAGE][PASSED] - Current window maximized

2023-01-09 16:30:56 - [TEST_STEP][PASSED] - verifyElementPresent(findTestObject("01-Login and Forgot Password/Login_Card"), 0): Object 'Object Repository/01-Login and Forgot Password/Login_Card' is present

2023-01-09 16:30:57 - [MESSAGE][WARNING] - Timeout '0' is invalid. Using default page load timeout: '30'

2023-01-09 16:30:58 - [MESSAGE][PASSED] - Object 'Object Repository/01-Login and Forgot Password/Login_Card' is present

2023-01-09 16:30:58 - [TEST_STEP][PASSED] - delay(2): Delayed 2 second(s)

2023-01-09 16:31:00 - [MESSAGE][PASSED] - Delayed 2 second(s)

2023-01-09 16:31:00 - [TEST_STEP][PASSED] - verifyElementNotClickable(findTestObject("01-Login and Forgot Password/button_Sign in")): Object 'Object Repository/01-Login and Forgot Password/button_Sign in' is NOT clickable

2023-01-09 16:31:01 - [MESSAGE][PASSED] - Object 'Object Repository/01-Login and Forgot Password/button_Sign in' is NOT clickable

2023-01-09 16:31:01 - [TEST_STEP][PASSED] - delay(3): Delayed 3 second(s)

2023-01-09 16:31:04 - [MESSAGE][PASSED] - Delayed 3 second(s)]]></system-out>
         <system-err><![CDATA[]]></system-err>
      </testcase>
      <testcase name="Test Cases/01-Login and Forgot Password/02-Login(Wrong Email)" time="16.654" classname="Test Cases/01-Login and Forgot Password/02-Login(Wrong Email)" status="PASSED">
         <system-out><![CDATA[2023-01-09 16:31:04 - [TEST_CASE][PASSED] - Test Cases/01-Login and Forgot Password/02-Login(Wrong Email): Test Cases/01-Login and Forgot Password/02-Login(Wrong Email)

2023-01-09 16:31:06 - [TEST_STEP][PASSED] - setText(findTestObject("01-Login and Forgot Password/input_Email_email"), "unregisteredemail@test.com"): Text 'unregisteredemail@test.com' is set on object 'Object Repository/01-Login and Forgot Password/input_Email_email'

2023-01-09 16:31:07 - [MESSAGE][PASSED] - Text 'unregisteredemail@test.com' is set on object 'Object Repository/01-Login and Forgot Password/input_Email_email'

2023-01-09 16:31:07 - [TEST_STEP][PASSED] - setEncryptedText(findTestObject("01-Login and Forgot Password/input_Email_password"), "pUQNV8a0dCQ="): Text ****** has been set on object 'Object Repository/01-Login and Forgot Password/input_Email_password'

2023-01-09 16:31:09 - [MESSAGE][PASSED] - Text ****** has been set on object 'Object Repository/01-Login and Forgot Password/input_Email_password'

2023-01-09 16:31:09 - [TEST_STEP][PASSED] - delay(3): Delayed 3 second(s)

2023-01-09 16:31:12 - [MESSAGE][PASSED] - Delayed 3 second(s)

2023-01-09 16:31:12 - [TEST_STEP][PASSED] - click(findTestObject("01-Login and Forgot Password/button_Sign in")): Object: 'Object Repository/01-Login and Forgot Password/button_Sign in' is clicked on

2023-01-09 16:31:13 - [MESSAGE][PASSED] - Object: 'Object Repository/01-Login and Forgot Password/button_Sign in' is clicked on

2023-01-09 16:31:13 - [TEST_STEP][PASSED] - delay(3): Delayed 3 second(s)

2023-01-09 16:31:16 - [MESSAGE][PASSED] - Delayed 3 second(s)

2023-01-09 16:31:16 - [TEST_STEP][PASSED] - verifyElementPresent(findTestObject("01-Login and Forgot Password/Invalid email error"), 0): Object 'Object Repository/01-Login and Forgot Password/Invalid email error' is present

2023-01-09 16:31:17 - [MESSAGE][WARNING] - Timeout '0' is invalid. Using default page load timeout: '30'

2023-01-09 16:31:17 - [MESSAGE][PASSED] - Object 'Object Repository/01-Login and Forgot Password/Invalid email error' is present

2023-01-09 16:31:17 - [TEST_STEP][PASSED] - delay(3): Delayed 3 second(s)

2023-01-09 16:31:21 - [MESSAGE][PASSED] - Delayed 3 second(s)]]></system-out>
         <system-err><![CDATA[]]></system-err>
      </testcase>
      <testcase name="Test Cases/01-Login and Forgot Password/03-Login(Valid email, wrong pass)" time="19.164" classname="Test Cases/01-Login and Forgot Password/03-Login(Valid email, wrong pass)" status="PASSED">
         <system-out><![CDATA[2023-01-09 16:31:21 - [TEST_CASE][PASSED] - Test Cases/01-Login and Forgot Password/03-Login(Valid email, wrong pass): Test Cases/01-Login and Forgot Password/03-Login(Valid email, wrong pass)

2023-01-09 16:31:22 - [TEST_STEP][PASSED] - setText(findTestObject("01-Login and Forgot Password/input_Email_email"), "testuser01@mailinator.com"): Text 'testuser01@mailinator.com' is set on object 'Object Repository/01-Login and Forgot Password/input_Email_email'

2023-01-09 16:31:24 - [MESSAGE][PASSED] - Text 'testuser01@mailinator.com' is set on object 'Object Repository/01-Login and Forgot Password/input_Email_email'

2023-01-09 16:31:24 - [TEST_STEP][PASSED] - setEncryptedText(findTestObject("01-Login and Forgot Password/input_Email_password"), "OxgQgnWTiECE3BxjMAl2ng=="): Text ****** has been set on object 'Object Repository/01-Login and Forgot Password/input_Email_password'

2023-01-09 16:31:25 - [MESSAGE][PASSED] - Text ****** has been set on object 'Object Repository/01-Login and Forgot Password/input_Email_password'

2023-01-09 16:31:25 - [TEST_STEP][PASSED] - delay(2): Delayed 2 second(s)

2023-01-09 16:31:27 - [MESSAGE][PASSED] - Delayed 2 second(s)

2023-01-09 16:31:27 - [TEST_STEP][PASSED] - click(findTestObject("01-Login and Forgot Password/show pass button")): Object: 'Object Repository/01-Login and Forgot Password/show pass button' is clicked on

2023-01-09 16:31:29 - [MESSAGE][PASSED] - Object: 'Object Repository/01-Login and Forgot Password/show pass button' is clicked on

2023-01-09 16:31:29 - [TEST_STEP][PASSED] - delay(3): Delayed 3 second(s)

2023-01-09 16:31:32 - [MESSAGE][PASSED] - Delayed 3 second(s)

2023-01-09 16:31:32 - [TEST_STEP][PASSED] - click(findTestObject("01-Login and Forgot Password/button_Sign in")): Object: 'Object Repository/01-Login and Forgot Password/button_Sign in' is clicked on

2023-01-09 16:31:33 - [MESSAGE][PASSED] - Object: 'Object Repository/01-Login and Forgot Password/button_Sign in' is clicked on

2023-01-09 16:31:33 - [TEST_STEP][PASSED] - delay(3): Delayed 3 second(s)

2023-01-09 16:31:36 - [MESSAGE][PASSED] - Delayed 3 second(s)

2023-01-09 16:31:36 - [TEST_STEP][PASSED] - verifyElementPresent(findTestObject("01-Login and Forgot Password/Invalid user name or password"), 0): Object 'Object Repository/01-Login and Forgot Password/Invalid user name or password' is present

2023-01-09 16:31:36 - [MESSAGE][WARNING] - Timeout '0' is invalid. Using default page load timeout: '30'

2023-01-09 16:31:37 - [MESSAGE][PASSED] - Object 'Object Repository/01-Login and Forgot Password/Invalid user name or password' is present

2023-01-09 16:31:37 - [TEST_STEP][PASSED] - delay(3): Delayed 3 second(s)

2023-01-09 16:31:40 - [MESSAGE][PASSED] - Delayed 3 second(s)]]></system-out>
         <system-err><![CDATA[]]></system-err>
      </testcase>
      <testcase name="Test Cases/01-Login and Forgot Password/04-Login (Valid Credentials-Without Subscription)" time="61.228" classname="Test Cases/01-Login and Forgot Password/04-Login (Valid Credentials-Without Subscription)" status="PASSED">
         <system-out><![CDATA[2023-01-09 16:31:40 - [TEST_CASE][PASSED] - Test Cases/01-Login and Forgot Password/04-Login (Valid Credentials-Without Subscription): Test Cases/01-Login and Forgot Password/04-Login (Valid Credentials-Without Subscription)

2023-01-09 16:31:41 - [TEST_STEP][PASSED] - setText(findTestObject("01-Login and Forgot Password/input_Email_email"), "testuser01@mailinator.com"): Text 'testuser01@mailinator.com' is set on object 'Object Repository/01-Login and Forgot Password/input_Email_email'

2023-01-09 16:31:43 - [MESSAGE][PASSED] - Text 'testuser01@mailinator.com' is set on object 'Object Repository/01-Login and Forgot Password/input_Email_email'

2023-01-09 16:31:43 - [TEST_STEP][PASSED] - setEncryptedText(findTestObject("01-Login and Forgot Password/input_Email_password2"), "8yFRyszE6U6jvsCn51OQbg=="): Text ****** has been set on object 'Object Repository/01-Login and Forgot Password/input_Email_password2'

2023-01-09 16:31:44 - [MESSAGE][PASSED] - Text ****** has been set on object 'Object Repository/01-Login and Forgot Password/input_Email_password2'

2023-01-09 16:31:44 - [TEST_STEP][PASSED] - delay(2): Delayed 2 second(s)

2023-01-09 16:31:46 - [MESSAGE][PASSED] - Delayed 2 second(s)

2023-01-09 16:31:46 - [TEST_STEP][PASSED] - click(findTestObject("01-Login and Forgot Password/show pass button")): Object: 'Object Repository/01-Login and Forgot Password/show pass button' is clicked on

2023-01-09 16:31:47 - [MESSAGE][PASSED] - Object: 'Object Repository/01-Login and Forgot Password/show pass button' is clicked on

2023-01-09 16:31:47 - [TEST_STEP][PASSED] - delay(3): Delayed 3 second(s)

2023-01-09 16:31:50 - [MESSAGE][PASSED] - Delayed 3 second(s)

2023-01-09 16:31:50 - [TEST_STEP][PASSED] - click(findTestObject("01-Login and Forgot Password/button_Sign in")): Object: 'Object Repository/01-Login and Forgot Password/button_Sign in' is clicked on

2023-01-09 16:31:51 - [MESSAGE][PASSED] - Object: 'Object Repository/01-Login and Forgot Password/button_Sign in' is clicked on

2023-01-09 16:31:51 - [TEST_STEP][PASSED] - delay(3): Delayed 3 second(s)

2023-01-09 16:31:54 - [MESSAGE][PASSED] - Delayed 3 second(s)

2023-01-09 16:31:54 - [TEST_STEP][PASSED] - click(findTestObject("06-Teams/For 2FA/button_Confirm_2FA")): Object: 'Object Repository/06-Teams/For 2FA/button_Confirm_2FA' is clicked on

2023-01-09 16:31:55 - [MESSAGE][PASSED] - Object: 'Object Repository/06-Teams/For 2FA/button_Confirm_2FA' is clicked on

2023-01-09 16:31:55 - [TEST_STEP][PASSED] - executeJavaScript("window.open();", []): Execute JavaScript 'window.open();' successfully

2023-01-09 16:31:55 - [MESSAGE][PASSED] - Execute JavaScript 'window.open();' successfully

2023-01-09 16:31:55 - [TEST_STEP][PASSED] - currentWindow = getWindowIndex(): Current window's index is: 0

2023-01-09 16:31:55 - [MESSAGE][PASSED] - Current window's index is: 0

2023-01-09 16:31:55 - [TEST_STEP][PASSED] - delay(3): Delayed 3 second(s)

2023-01-09 16:31:58 - [MESSAGE][PASSED] - Delayed 3 second(s)

2023-01-09 16:31:58 - [TEST_STEP][PASSED] - switchToWindowIndex(currentWindow + 1): Switched to window with index: '1'

2023-01-09 16:31:58 - [MESSAGE][PASSED] - Switched to window with index: '1'

2023-01-09 16:31:58 - [TEST_STEP][PASSED] - navigateToUrl("https://www.mailinator.com/"): Navigate to 'https://www.mailinator.com/' successfully

2023-01-09 16:32:06 - [MESSAGE][PASSED] - Navigate to 'https://www.mailinator.com/' successfully

2023-01-09 16:32:06 - [TEST_STEP][PASSED] - delay(3): Delayed 3 second(s)

2023-01-09 16:32:09 - [MESSAGE][PASSED] - Delayed 3 second(s)

2023-01-09 16:32:09 - [TEST_STEP][PASSED] - setText(findTestObject("00-Signup and Activation/zMailinator/input_LOGIN_search"), "testuser01@mailinator.com"): Text 'testuser01@mailinator.com' is set on object 'Object Repository/00-Signup and Activation/zMailinator/input_LOGIN_search'

2023-01-09 16:32:11 - [MESSAGE][PASSED] - Text 'testuser01@mailinator.com' is set on object 'Object Repository/00-Signup and Activation/zMailinator/input_LOGIN_search'

2023-01-09 16:32:11 - [TEST_STEP][PASSED] - click(findTestObject("00-Signup and Activation/zMailinator/gobutton"), STOP_ON_FAILURE): Object: 'Object Repository/00-Signup and Activation/zMailinator/gobutton' is clicked on

2023-01-09 16:32:15 - [MESSAGE][PASSED] - Object: 'Object Repository/00-Signup and Activation/zMailinator/gobutton' is clicked on

2023-01-09 16:32:15 - [TEST_STEP][PASSED] - delay(3): Delayed 3 second(s)

2023-01-09 16:32:18 - [MESSAGE][PASSED] - Delayed 3 second(s)

2023-01-09 16:32:18 - [TEST_STEP][PASSED] - click(findTestObject("00-Signup and Activation/zMailinator/Email - everleagues")): Object: 'Object Repository/00-Signup and Activation/zMailinator/Email - everleagues' is clicked on

2023-01-09 16:32:19 - [MESSAGE][PASSED] - Object: 'Object Repository/00-Signup and Activation/zMailinator/Email - everleagues' is clicked on

2023-01-09 16:32:19 - [TEST_STEP][PASSED] - delay(3): Delayed 3 second(s)

2023-01-09 16:32:22 - [MESSAGE][PASSED] - Delayed 3 second(s)

2023-01-09 16:32:22 - [TEST_STEP][PASSED] - code = getText(findTestObject("Object Repository/06-Teams/For 2FA/2FA code")): Text of object 'Object Repository/06-Teams/For 2FA/2FA code' is: '755206'

2023-01-09 16:32:23 - [MESSAGE][PASSED] - Text of object 'Object Repository/06-Teams/For 2FA/2FA code' is: '755206'

2023-01-09 16:32:23 - [TEST_STEP][PASSED] - delay(3): Delayed 3 second(s)

2023-01-09 16:32:26 - [MESSAGE][PASSED] - Delayed 3 second(s)

2023-01-09 16:32:26 - [TEST_STEP][PASSED] - closeWindowTitle("Mailinator"): Window with title: 'Mailinator' is closed

2023-01-09 16:32:26 - [MESSAGE][PASSED] - Window with title: 'Mailinator' is closed

2023-01-09 16:32:26 - [TEST_STEP][PASSED] - delay(3): Delayed 3 second(s)

2023-01-09 16:32:29 - [MESSAGE][PASSED] - Delayed 3 second(s)

2023-01-09 16:32:29 - [TEST_STEP][PASSED] - switchToWindowIndex(0): Switched to window with index: '0'

2023-01-09 16:32:29 - [MESSAGE][PASSED] - Switched to window with index: '0'

2023-01-09 16:32:29 - [TEST_STEP][PASSED] - delay(3): Delayed 3 second(s)

2023-01-09 16:32:32 - [MESSAGE][PASSED] - Delayed 3 second(s)

2023-01-09 16:32:32 - [TEST_STEP][PASSED] - setText(findTestObject("Object Repository/06-Teams/For 2FA/input_Enter verification code_code"), code): Text '755206' is set on object 'Object Repository/06-Teams/For 2FA/input_Enter verification code_code'

2023-01-09 16:32:34 - [MESSAGE][PASSED] - Text '755206' is set on object 'Object Repository/06-Teams/For 2FA/input_Enter verification code_code'

2023-01-09 16:32:34 - [TEST_STEP][PASSED] - delay(3): Delayed 3 second(s)

2023-01-09 16:32:37 - [MESSAGE][PASSED] - Delayed 3 second(s)

2023-01-09 16:32:37 - [TEST_STEP][PASSED] - click(findTestObject("06-Teams/For 2FA/button_Verify_2FA")): Object: 'Object Repository/06-Teams/For 2FA/button_Verify_2FA' is clicked on

2023-01-09 16:32:38 - [MESSAGE][PASSED] - Object: 'Object Repository/06-Teams/For 2FA/button_Verify_2FA' is clicked on

2023-01-09 16:32:38 - [TEST_STEP][PASSED] - delay(3): Delayed 3 second(s)

2023-01-09 16:32:41 - [MESSAGE][PASSED] - Delayed 3 second(s)]]></system-out>
         <system-err><![CDATA[]]></system-err>
      </testcase>
      <testcase name="Test Cases/01-Login and Forgot Password/05-Logout" time="12.668" classname="Test Cases/01-Login and Forgot Password/05-Logout" status="PASSED">
         <system-out><![CDATA[2023-01-09 16:32:41 - [TEST_CASE][PASSED] - Test Cases/01-Login and Forgot Password/05-Logout: Test Cases/01-Login and Forgot Password/05-Logout

2023-01-09 16:32:43 - [TEST_STEP][PASSED] - click(findTestObject("01-Login and Forgot Password/User menu drop")): Object: 'Object Repository/01-Login and Forgot Password/User menu drop' is clicked on

2023-01-09 16:32:45 - [MESSAGE][PASSED] - Object: 'Object Repository/01-Login and Forgot Password/User menu drop' is clicked on

2023-01-09 16:32:45 - [TEST_STEP][PASSED] - delay(2): Delayed 2 second(s)

2023-01-09 16:32:47 - [MESSAGE][PASSED] - Delayed 2 second(s)

2023-01-09 16:32:47 - [TEST_STEP][PASSED] - click(findTestObject("01-Login and Forgot Password/h4_Sign Out"), STOP_ON_FAILURE): Object: 'Object Repository/01-Login and Forgot Password/h4_Sign Out' is clicked on

2023-01-09 16:32:48 - [MESSAGE][PASSED] - Object: 'Object Repository/01-Login and Forgot Password/h4_Sign Out' is clicked on

2023-01-09 16:32:48 - [TEST_STEP][PASSED] - delay(2): Delayed 2 second(s)

2023-01-09 16:32:50 - [MESSAGE][PASSED] - Delayed 2 second(s)

2023-01-09 16:32:50 - [TEST_STEP][PASSED] - verifyElementPresent(findTestObject("01-Login and Forgot Password/Login_Card"), 0): Object 'Object Repository/01-Login and Forgot Password/Login_Card' is present

2023-01-09 16:32:50 - [MESSAGE][WARNING] - Timeout '0' is invalid. Using default page load timeout: '30'

2023-01-09 16:32:51 - [MESSAGE][PASSED] - Object 'Object Repository/01-Login and Forgot Password/Login_Card' is present

2023-01-09 16:32:51 - [TEST_STEP][PASSED] - delay(3): Delayed 3 second(s)

2023-01-09 16:32:54 - [MESSAGE][PASSED] - Delayed 3 second(s)]]></system-out>
         <system-err><![CDATA[]]></system-err>
      </testcase>
      <testcase name="Test Cases/01-Login and Forgot Password/06-Forgot Password(Credentials Blank)" time="9.31" classname="Test Cases/01-Login and Forgot Password/06-Forgot Password(Credentials Blank)" status="PASSED">
         <system-out><![CDATA[2023-01-09 16:32:54 - [TEST_CASE][PASSED] - Test Cases/01-Login and Forgot Password/06-Forgot Password(Credentials Blank): Test Cases/01-Login and Forgot Password/06-Forgot Password(Credentials Blank)

2023-01-09 16:32:55 - [TEST_STEP][PASSED] - click(findTestObject("01-Login and Forgot Password/zForgot Password/a_Forgot password")): Object: 'Object Repository/01-Login and Forgot Password/zForgot Password/a_Forgot password' is clicked on

2023-01-09 16:32:56 - [MESSAGE][PASSED] - Object: 'Object Repository/01-Login and Forgot Password/zForgot Password/a_Forgot password' is clicked on

2023-01-09 16:32:56 - [TEST_STEP][PASSED] - verifyElementPresent(findTestObject("01-Login and Forgot Password/zForgot Password/span_Reset Password"), 0): Object 'Object Repository/01-Login and Forgot Password/zForgot Password/span_Reset Password' is present

2023-01-09 16:32:57 - [MESSAGE][WARNING] - Timeout '0' is invalid. Using default page load timeout: '30'

2023-01-09 16:32:57 - [MESSAGE][PASSED] - Object 'Object Repository/01-Login and Forgot Password/zForgot Password/span_Reset Password' is present

2023-01-09 16:32:57 - [TEST_STEP][PASSED] - delay(2): Delayed 2 second(s)

2023-01-09 16:32:59 - [MESSAGE][PASSED] - Delayed 2 second(s)

2023-01-09 16:32:59 - [TEST_STEP][PASSED] - verifyElementNotClickable(findTestObject("01-Login and Forgot Password/zForgot Password/button_Reset Password")): Object 'Object Repository/01-Login and Forgot Password/zForgot Password/button_Reset Password' is NOT clickable

2023-01-09 16:33:00 - [MESSAGE][PASSED] - Object 'Object Repository/01-Login and Forgot Password/zForgot Password/button_Reset Password' is NOT clickable

2023-01-09 16:33:00 - [TEST_STEP][PASSED] - delay(3): Delayed 3 second(s)

2023-01-09 16:33:03 - [MESSAGE][PASSED] - Delayed 3 second(s)]]></system-out>
         <system-err><![CDATA[]]></system-err>
      </testcase>
      <testcase name="Test Cases/01-Login and Forgot Password/07-Forgot Password(Wrong email)" time="16.42" classname="Test Cases/01-Login and Forgot Password/07-Forgot Password(Wrong email)" status="PASSED">
         <system-out><![CDATA[2023-01-09 16:33:03 - [TEST_CASE][PASSED] - Test Cases/01-Login and Forgot Password/07-Forgot Password(Wrong email): Test Cases/01-Login and Forgot Password/07-Forgot Password(Wrong email)

2023-01-09 16:33:05 - [TEST_STEP][PASSED] - setText(findTestObject("01-Login and Forgot Password/zForgot Password/Reset pass email field"), "unregisteredemail@test.com"): Text 'unregisteredemail@test.com' is set on object 'Object Repository/01-Login and Forgot Password/zForgot Password/Reset pass email field'

2023-01-09 16:33:07 - [MESSAGE][PASSED] - Text 'unregisteredemail@test.com' is set on object 'Object Repository/01-Login and Forgot Password/zForgot Password/Reset pass email field'

2023-01-09 16:33:07 - [TEST_STEP][PASSED] - delay(2): Delayed 2 second(s)

2023-01-09 16:33:09 - [MESSAGE][PASSED] - Delayed 2 second(s)

2023-01-09 16:33:09 - [TEST_STEP][PASSED] - click(findTestObject("01-Login and Forgot Password/zForgot Password/button_Reset Password")): Object: 'Object Repository/01-Login and Forgot Password/zForgot Password/button_Reset Password' is clicked on

2023-01-09 16:33:10 - [MESSAGE][PASSED] - Object: 'Object Repository/01-Login and Forgot Password/zForgot Password/button_Reset Password' is clicked on

2023-01-09 16:33:10 - [TEST_STEP][PASSED] - verifyElementPresent(findTestObject("01-Login and Forgot Password/zForgot Password/Reset pass- wrong email"), 0): Object 'Object Repository/01-Login and Forgot Password/zForgot Password/Reset pass- wrong email' is present

2023-01-09 16:33:10 - [MESSAGE][WARNING] - Timeout '0' is invalid. Using default page load timeout: '30'

2023-01-09 16:33:11 - [MESSAGE][PASSED] - Object 'Object Repository/01-Login and Forgot Password/zForgot Password/Reset pass- wrong email' is present

2023-01-09 16:33:11 - [TEST_STEP][PASSED] - delay(3): Delayed 3 second(s)

2023-01-09 16:33:14 - [MESSAGE][PASSED] - Delayed 3 second(s)

2023-01-09 16:33:14 - [TEST_STEP][PASSED] - click(findTestObject("01-Login and Forgot Password/zForgot Password/button_Back to login")): Object: 'Object Repository/01-Login and Forgot Password/zForgot Password/button_Back to login' is clicked on

2023-01-09 16:33:16 - [MESSAGE][PASSED] - Object: 'Object Repository/01-Login and Forgot Password/zForgot Password/button_Back to login' is clicked on

2023-01-09 16:33:16 - [TEST_STEP][PASSED] - delay(3): Delayed 3 second(s)

2023-01-09 16:33:19 - [MESSAGE][PASSED] - Delayed 3 second(s)]]></system-out>
         <system-err><![CDATA[]]></system-err>
      </testcase>
      <testcase name="Test Cases/01-Login and Forgot Password/08-Forgot Password(Correct Email)" time="23.991" classname="Test Cases/01-Login and Forgot Password/08-Forgot Password(Correct Email)" status="PASSED">
         <system-out><![CDATA[2023-01-09 16:33:19 - [TEST_CASE][PASSED] - Test Cases/01-Login and Forgot Password/08-Forgot Password(Correct Email): Test Cases/01-Login and Forgot Password/08-Forgot Password(Correct Email)

2023-01-09 16:33:21 - [TEST_STEP][PASSED] - delay(2): Delayed 2 second(s)

2023-01-09 16:33:23 - [MESSAGE][PASSED] - Delayed 2 second(s)

2023-01-09 16:33:23 - [TEST_STEP][PASSED] - click(findTestObject("01-Login and Forgot Password/zForgot Password/a_Forgot password")): Object: 'Object Repository/01-Login and Forgot Password/zForgot Password/a_Forgot password' is clicked on

2023-01-09 16:33:24 - [MESSAGE][PASSED] - Object: 'Object Repository/01-Login and Forgot Password/zForgot Password/a_Forgot password' is clicked on

2023-01-09 16:33:24 - [TEST_STEP][PASSED] - verifyElementPresent(findTestObject("01-Login and Forgot Password/zForgot Password/span_Reset Password"), 0): Object 'Object Repository/01-Login and Forgot Password/zForgot Password/span_Reset Password' is present

2023-01-09 16:33:24 - [MESSAGE][WARNING] - Timeout '0' is invalid. Using default page load timeout: '30'

2023-01-09 16:33:25 - [MESSAGE][PASSED] - Object 'Object Repository/01-Login and Forgot Password/zForgot Password/span_Reset Password' is present

2023-01-09 16:33:25 - [TEST_STEP][PASSED] - delay(2): Delayed 2 second(s)

2023-01-09 16:33:27 - [MESSAGE][PASSED] - Delayed 2 second(s)

2023-01-09 16:33:27 - [TEST_STEP][PASSED] - setText(findTestObject("01-Login and Forgot Password/zForgot Password/Reset pass email field"), "testuser01@mailinator.com"): Text 'testuser01@mailinator.com' is set on object 'Object Repository/01-Login and Forgot Password/zForgot Password/Reset pass email field'

2023-01-09 16:33:28 - [MESSAGE][PASSED] - Text 'testuser01@mailinator.com' is set on object 'Object Repository/01-Login and Forgot Password/zForgot Password/Reset pass email field'

2023-01-09 16:33:28 - [TEST_STEP][PASSED] - delay(2): Delayed 2 second(s)

2023-01-09 16:33:30 - [MESSAGE][PASSED] - Delayed 2 second(s)

2023-01-09 16:33:30 - [TEST_STEP][PASSED] - click(findTestObject("01-Login and Forgot Password/zForgot Password/button_Reset Password")): Object: 'Object Repository/01-Login and Forgot Password/zForgot Password/button_Reset Password' is clicked on

2023-01-09 16:33:31 - [MESSAGE][PASSED] - Object: 'Object Repository/01-Login and Forgot Password/zForgot Password/button_Reset Password' is clicked on

2023-01-09 16:33:31 - [TEST_STEP][PASSED] - verifyElementPresent(findTestObject("01-Login and Forgot Password/zForgot Password/Reset pass - success msg"), 0): Object 'Object Repository/01-Login and Forgot Password/zForgot Password/Reset pass - success msg' is present

2023-01-09 16:33:32 - [MESSAGE][WARNING] - Timeout '0' is invalid. Using default page load timeout: '30'

2023-01-09 16:33:33 - [MESSAGE][PASSED] - Object 'Object Repository/01-Login and Forgot Password/zForgot Password/Reset pass - success msg' is present

2023-01-09 16:33:33 - [TEST_STEP][PASSED] - delay(2): Delayed 2 second(s)

2023-01-09 16:33:35 - [MESSAGE][PASSED] - Delayed 2 second(s)

2023-01-09 16:33:35 - [TEST_STEP][PASSED] - click(findTestObject("01-Login and Forgot Password/zForgot Password/button_Back to login")): Object: 'Object Repository/01-Login and Forgot Password/zForgot Password/button_Back to login' is clicked on

2023-01-09 16:33:36 - [MESSAGE][PASSED] - Object: 'Object Repository/01-Login and Forgot Password/zForgot Password/button_Back to login' is clicked on

2023-01-09 16:33:36 - [TEST_STEP][PASSED] - delay(3): Delayed 3 second(s)

2023-01-09 16:33:39 - [MESSAGE][PASSED] - Delayed 3 second(s)

2023-01-09 16:33:39 - [TEST_STEP][PASSED] - verifyElementVisible(findTestObject("01-Login and Forgot Password/Login_Card")): Object 'Object Repository/01-Login and Forgot Password/Login_Card' is visible

2023-01-09 16:33:40 - [MESSAGE][PASSED] - Object 'Object Repository/01-Login and Forgot Password/Login_Card' is visible

2023-01-09 16:33:40 - [TEST_STEP][PASSED] - delay(2): Delayed 2 second(s)

2023-01-09 16:33:42 - [MESSAGE][PASSED] - Delayed 2 second(s)

2023-01-09 16:33:42 - [TEST_STEP][PASSED] - closeBrowser(): Browser is closed

2023-01-09 16:33:43 - [MESSAGE][PASSED] - Browser is closed]]></system-out>
         <system-err><![CDATA[]]></system-err>
      </testcase>
      <system-out><![CDATA[2023-01-09 16:30:17 - [TEST_SUITE][PASSED] - 01-Login and Forgot Password: Test Cases/01-Login and Forgot Password/08-Forgot Password(Correct Email)]]></system-out>
      <system-err><![CDATA[]]></system-err>
   </testsuite>
</testsuites>
