<?xml version="1.0" encoding="UTF-8"?>
<testsuites name="11-Cloud Files" time="31.182" tests="1" failures="0" errors="0">
   <testsuite name="11-Cloud Files" tests="1" failures="0" errors="0" time="31.182" skipped="0" timestamp="2023-02-13 13:58:12" hostname="asus - DESKTOP-3L3J9C1" id="Test Suites/TS-Organization/11-Cloud Files">
      <properties>
         <property name="deviceName" value=""/>
         <property name="devicePlatform" value=""/>
         <property name="logFolder" value="C:\\Users\\asus\\Katalon Studio\\Everleagues\\Everleagues\\Reports\\20230213_135801\\TS-Organization\\11-Cloud Files\\20230213_135801"/>
         <property name="logFiles" value="C:\\Users\\asus\\Katalon Studio\\Everleagues\\Everleagues\\Reports\\20230213_135801\\TS-Organization\\11-Cloud Files\\20230213_135801\\execution0.log"/>
         <property name="attachments" value=""/>
         <property name="hostName" value="asus - DESKTOP-3L3J9C1"/>
         <property name="os" value="Windows 10 64bit"/>
         <property name="katalonVersion" value="8.4.1.208"/>
         <property name="browser" value="Chrome 109.0.0.0"/>
         <property name="hostAddress" value="10.5.0.2"/>
         <property name="sessionId" value="eec68340e5f215a68e2c5cd0f62cb37e"/>
         <property name="seleniumVersion" value="3.141.59"/>
         <property name="proxyInformation" value="ProxyInformation { proxyOption=NO_PROXY, proxyServerType=HTTP, username=, password=********, proxyServerAddress=, proxyServerPort=0, executionList=&quot;&quot;, isApplyToDesiredCapabilities=true }"/>
         <property name="platform" value="Windows 10"/>
      </properties>
      <testcase name="Test Cases/11-Cloud Files/01-Create new folder(required field is blank)" time="29.997" classname="Test Cases/11-Cloud Files/01-Create new folder(required field is blank)" status="INCOMPLETE">
         <system-out><![CDATA[2023-02-13 13:58:13 - [TEST_CASE][INCOMPLETE] - Test Cases/11-Cloud Files/01-Create new folder(required field is blank): null

2023-02-13 13:58:15 - [TEST_STEP][PASSED] - openBrowser(""): Browser is opened with url: ''

2023-02-13 13:58:17 - [MESSAGE][INFO] - Starting 'Chrome' driver

2023-02-13 13:58:17 - [MESSAGE][INFO] - Action delay is set to 0 milliseconds

2023-02-13 13:58:24 - [MESSAGE][PASSED] - Browser is opened with url: ''

2023-02-13 13:58:24 - [TEST_STEP][PASSED] - navigateToUrl("https://lab.everleagues.com/"): Navigate to 'https://lab.everleagues.com/' successfully

2023-02-13 13:58:43 - [MESSAGE][PASSED] - Navigate to 'https://lab.everleagues.com/' successfully

2023-02-13 13:58:43 - [TEST_STEP][PASSED] - maximizeWindow(): Current window maximized

2023-02-13 13:58:43 - [MESSAGE][PASSED] - Current window maximized

2023-02-13 13:58:43 - [TEST_STEP][INCOMPLETE] - callTestCase(findTestCase("01-Login and Forgot Password/04-Login(Valid Credentials-With Subscription)"), [:], STOP_ON_FAILURE): null

2023-02-13 13:58:43 - [TEST_CASE][INCOMPLETE] - Test Cases/01-Login and Forgot Password/04-Login(Valid Credentials-With Subscription): null]]></system-out>
         <system-err><![CDATA[2023-02-13 13:58:13 - [TEST_CASE][INCOMPLETE] - Test Cases/11-Cloud Files/01-Create new folder(required field is blank): null]]></system-err>
      </testcase>
      <system-out><![CDATA[2023-02-13 13:58:12 - [TEST_SUITE][INCOMPLETE] - 11-Cloud Files: null]]></system-out>
      <system-err><![CDATA[2023-02-13 13:58:12 - [TEST_SUITE][INCOMPLETE] - 11-Cloud Files: null]]></system-err>
   </testsuite>
</testsuites>
