<?xml version="1.0" encoding="UTF-8"?>
<testsuites name="08- Operations" time="279.816" tests="7" failures="0" errors="0">
   <testsuite name="08- Operations" tests="7" failures="0" errors="0" time="279.816" skipped="0" timestamp="2023-02-17 12:02:55" hostname="asus - DESKTOP-3L3J9C1" id="Test Suites/TS-Organization/08- Operations">
      <properties>
         <property name="deviceName" value=""/>
         <property name="devicePlatform" value=""/>
         <property name="logFolder" value="C:\\Users\\asus\\Katalon Studio\\Everleagues\\Everleagues\\Reports\\20230217_120241\\TS-Organization\\08- Operations\\20230217_120241"/>
         <property name="logFiles" value="C:\\Users\\asus\\Katalon Studio\\Everleagues\\Everleagues\\Reports\\20230217_120241\\TS-Organization\\08- Operations\\20230217_120241\\execution0.log"/>
         <property name="attachments" value=""/>
         <property name="hostName" value="asus - DESKTOP-3L3J9C1"/>
         <property name="os" value="Windows 10 64bit"/>
         <property name="katalonVersion" value="8.4.1.208"/>
         <property name="browser" value="Chrome 110.0.0.0"/>
         <property name="hostAddress" value="10.100.1.179"/>
         <property name="sessionId" value="ee90d4e51ca5acd20f6757c3681f54ad"/>
         <property name="seleniumVersion" value="3.141.59"/>
         <property name="proxyInformation" value="ProxyInformation { proxyOption=NO_PROXY, proxyServerType=HTTP, username=, password=********, proxyServerAddress=, proxyServerPort=0, executionList=&quot;&quot;, isApplyToDesiredCapabilities=true }"/>
         <property name="platform" value="Windows 10"/>
      </properties>
      <testcase name="Test Cases/08- Operations/01 - Client Assignment - Select Org unit" time="117.83" classname="Test Cases/08- Operations/01 - Client Assignment - Select Org unit" status="PASSED">
         <system-out><![CDATA[2023-02-17 12:02:56 - [TEST_CASE][PASSED] - Test Cases/08- Operations/01 - Client Assignment - Select Org unit: Test Cases/08- Operations/01 - Client Assignment - Select Org unit

2023-02-17 12:02:58 - [TEST_STEP][PASSED] - openBrowser(""): Browser is opened with url: ''

2023-02-17 12:03:00 - [MESSAGE][INFO] - Starting 'Chrome' driver

2023-02-17 12:03:00 - [MESSAGE][INFO] - Action delay is set to 0 milliseconds

2023-02-17 12:03:08 - [MESSAGE][PASSED] - Browser is opened with url: ''

2023-02-17 12:03:08 - [TEST_STEP][PASSED] - navigateToUrl("https://lab.everleagues.com/"): Navigate to 'https://lab.everleagues.com/' successfully

2023-02-17 12:03:33 - [MESSAGE][PASSED] - Navigate to 'https://lab.everleagues.com/' successfully

2023-02-17 12:03:33 - [TEST_STEP][PASSED] - maximizeWindow(): Current window maximized

2023-02-17 12:03:34 - [MESSAGE][PASSED] - Current window maximized

2023-02-17 12:03:34 - [TEST_STEP][PASSED] - callTestCase(findTestCase("01-Login and Forgot Password/04-Login(Valid Credentials-With Subscription)"), [:], STOP_ON_FAILURE): Call Test Case 'Test Cases/01-Login and Forgot Password/04-Login(Valid Credentials-With Subscription)' successfully

2023-02-17 12:03:34 - [TEST_CASE][PASSED] - Test Cases/01-Login and Forgot Password/04-Login(Valid Credentials-With Subscription): Test Cases/01-Login and Forgot Password/04-Login(Valid Credentials-With Subscription)

2023-02-17 12:03:36 - [TEST_STEP][PASSED] - setText(findTestObject("01-Login and Forgot Password/input_Email_email"), "testuser02@mailinator.com"): Text 'testuser02@mailinator.com' is set on object 'Object Repository/01-Login and Forgot Password/input_Email_email'

2023-02-17 12:03:39 - [MESSAGE][PASSED] - Text 'testuser02@mailinator.com' is set on object 'Object Repository/01-Login and Forgot Password/input_Email_email'

2023-02-17 12:03:39 - [TEST_STEP][PASSED] - setEncryptedText(findTestObject("01-Login and Forgot Password/input_Email_password"), "8yFRyszE6U6jvsCn51OQbg=="): Text ****** has been set on object 'Object Repository/01-Login and Forgot Password/input_Email_password'

2023-02-17 12:03:40 - [MESSAGE][PASSED] - Text ****** has been set on object 'Object Repository/01-Login and Forgot Password/input_Email_password'

2023-02-17 12:03:40 - [TEST_STEP][PASSED] - delay(2): Delayed 2 second(s)

2023-02-17 12:03:42 - [MESSAGE][PASSED] - Delayed 2 second(s)

2023-02-17 12:03:42 - [TEST_STEP][PASSED] - click(findTestObject("01-Login and Forgot Password/show pass button")): Object: 'Object Repository/01-Login and Forgot Password/show pass button' is clicked on

2023-02-17 12:03:43 - [MESSAGE][PASSED] - Object: 'Object Repository/01-Login and Forgot Password/show pass button' is clicked on

2023-02-17 12:03:43 - [TEST_STEP][PASSED] - delay(3): Delayed 3 second(s)

2023-02-17 12:03:46 - [MESSAGE][PASSED] - Delayed 3 second(s)

2023-02-17 12:03:46 - [TEST_STEP][PASSED] - click(findTestObject("01-Login and Forgot Password/button_Sign in")): Object: 'Object Repository/01-Login and Forgot Password/button_Sign in' is clicked on

2023-02-17 12:03:47 - [MESSAGE][PASSED] - Object: 'Object Repository/01-Login and Forgot Password/button_Sign in' is clicked on

2023-02-17 12:03:47 - [TEST_STEP][PASSED] - delay(3): Delayed 3 second(s)

2023-02-17 12:03:50 - [MESSAGE][PASSED] - Delayed 3 second(s)

2023-02-17 12:03:50 - [TEST_STEP][PASSED] - click(findTestObject("06-Teams/For 2FA/button_Confirm_2FA")): Object: 'Object Repository/06-Teams/For 2FA/button_Confirm_2FA' is clicked on

2023-02-17 12:03:51 - [MESSAGE][PASSED] - Object: 'Object Repository/06-Teams/For 2FA/button_Confirm_2FA' is clicked on

2023-02-17 12:03:51 - [TEST_STEP][PASSED] - executeJavaScript("window.open();", []): Execute JavaScript 'window.open();' successfully

2023-02-17 12:03:52 - [MESSAGE][PASSED] - Execute JavaScript 'window.open();' successfully

2023-02-17 12:03:52 - [TEST_STEP][PASSED] - currentWindow = getWindowIndex(): Current window's index is: 0

2023-02-17 12:03:52 - [MESSAGE][PASSED] - Current window's index is: 0

2023-02-17 12:03:52 - [TEST_STEP][PASSED] - delay(3): Delayed 3 second(s)

2023-02-17 12:03:55 - [MESSAGE][PASSED] - Delayed 3 second(s)

2023-02-17 12:03:55 - [TEST_STEP][PASSED] - switchToWindowIndex(currentWindow + 1): Switched to window with index: '1'

2023-02-17 12:03:55 - [MESSAGE][PASSED] - Switched to window with index: '1'

2023-02-17 12:03:55 - [TEST_STEP][PASSED] - navigateToUrl("https://www.mailinator.com/"): Navigate to 'https://www.mailinator.com/' successfully

2023-02-17 12:04:03 - [MESSAGE][PASSED] - Navigate to 'https://www.mailinator.com/' successfully

2023-02-17 12:04:03 - [TEST_STEP][PASSED] - delay(3): Delayed 3 second(s)

2023-02-17 12:04:06 - [MESSAGE][PASSED] - Delayed 3 second(s)

2023-02-17 12:04:06 - [TEST_STEP][PASSED] - setText(findTestObject("00-Signup and Activation/zMailinator/input_LOGIN_search"), "testuser02@mailinator.com"): Text 'testuser02@mailinator.com' is set on object 'Object Repository/00-Signup and Activation/zMailinator/input_LOGIN_search'

2023-02-17 12:04:08 - [MESSAGE][PASSED] - Text 'testuser02@mailinator.com' is set on object 'Object Repository/00-Signup and Activation/zMailinator/input_LOGIN_search'

2023-02-17 12:04:08 - [TEST_STEP][PASSED] - click(findTestObject("00-Signup and Activation/zMailinator/gobutton"), STOP_ON_FAILURE): Object: 'Object Repository/00-Signup and Activation/zMailinator/gobutton' is clicked on

2023-02-17 12:04:11 - [MESSAGE][PASSED] - Object: 'Object Repository/00-Signup and Activation/zMailinator/gobutton' is clicked on

2023-02-17 12:04:11 - [TEST_STEP][PASSED] - delay(3): Delayed 3 second(s)

2023-02-17 12:04:14 - [MESSAGE][PASSED] - Delayed 3 second(s)

2023-02-17 12:04:14 - [TEST_STEP][PASSED] - click(findTestObject("00-Signup and Activation/zMailinator/Email - everleagues")): Object: 'Object Repository/00-Signup and Activation/zMailinator/Email - everleagues' is clicked on

2023-02-17 12:04:14 - [MESSAGE][PASSED] - Object: 'Object Repository/00-Signup and Activation/zMailinator/Email - everleagues' is clicked on

2023-02-17 12:04:14 - [TEST_STEP][PASSED] - delay(3): Delayed 3 second(s)

2023-02-17 12:04:17 - [MESSAGE][PASSED] - Delayed 3 second(s)

2023-02-17 12:04:17 - [TEST_STEP][PASSED] - code = getText(findTestObject("Object Repository/06-Teams/For 2FA/2FA code")): Text of object 'Object Repository/06-Teams/For 2FA/2FA code' is: '249940'

2023-02-17 12:04:19 - [MESSAGE][PASSED] - Text of object 'Object Repository/06-Teams/For 2FA/2FA code' is: '249940'

2023-02-17 12:04:19 - [TEST_STEP][PASSED] - delay(3): Delayed 3 second(s)

2023-02-17 12:04:22 - [MESSAGE][PASSED] - Delayed 3 second(s)

2023-02-17 12:04:22 - [TEST_STEP][PASSED] - closeWindowTitle("Mailinator"): Window with title: 'Mailinator' is closed

2023-02-17 12:04:22 - [MESSAGE][PASSED] - Window with title: 'Mailinator' is closed

2023-02-17 12:04:22 - [TEST_STEP][PASSED] - delay(3): Delayed 3 second(s)

2023-02-17 12:04:25 - [MESSAGE][PASSED] - Delayed 3 second(s)

2023-02-17 12:04:25 - [TEST_STEP][PASSED] - switchToWindowIndex(0): Switched to window with index: '0'

2023-02-17 12:04:25 - [MESSAGE][PASSED] - Switched to window with index: '0'

2023-02-17 12:04:25 - [TEST_STEP][PASSED] - delay(3): Delayed 3 second(s)

2023-02-17 12:04:28 - [MESSAGE][PASSED] - Delayed 3 second(s)

2023-02-17 12:04:28 - [TEST_STEP][PASSED] - setText(findTestObject("Object Repository/06-Teams/For 2FA/input_Enter verification code_code"), code): Text '249940' is set on object 'Object Repository/06-Teams/For 2FA/input_Enter verification code_code'

2023-02-17 12:04:30 - [MESSAGE][PASSED] - Text '249940' is set on object 'Object Repository/06-Teams/For 2FA/input_Enter verification code_code'

2023-02-17 12:04:30 - [TEST_STEP][PASSED] - delay(3): Delayed 3 second(s)

2023-02-17 12:04:33 - [MESSAGE][PASSED] - Delayed 3 second(s)

2023-02-17 12:04:33 - [TEST_STEP][PASSED] - click(findTestObject("06-Teams/For 2FA/button_Verify_2FA")): Object: 'Object Repository/06-Teams/For 2FA/button_Verify_2FA' is clicked on

2023-02-17 12:04:34 - [MESSAGE][PASSED] - Object: 'Object Repository/06-Teams/For 2FA/button_Verify_2FA' is clicked on

2023-02-17 12:04:34 - [TEST_STEP][PASSED] - delay(3): Delayed 3 second(s)

2023-02-17 12:04:37 - [MESSAGE][PASSED] - Delayed 3 second(s)

2023-02-17 12:04:37 - [MESSAGE][PASSED] - Call Test Case 'Test Cases/01-Login and Forgot Password/04-Login(Valid Credentials-With Subscription)' successfully

2023-02-17 12:04:37 - [TEST_STEP][PASSED] - click(findTestObject("03-Header Menu/Hamburger Button/div_Operation")): Object: 'Object Repository/03-Header Menu/Hamburger Button/div_Operation' is clicked on

2023-02-17 12:04:41 - [MESSAGE][PASSED] - Object: 'Object Repository/03-Header Menu/Hamburger Button/div_Operation' is clicked on

2023-02-17 12:04:41 - [TEST_STEP][PASSED] - verifyElementVisible(findTestObject("08-Operations/Client_Assignment")): Object 'Object Repository/08-Operations/Client_Assignment' is visible

2023-02-17 12:04:42 - [MESSAGE][PASSED] - Object 'Object Repository/08-Operations/Client_Assignment' is visible

2023-02-17 12:04:42 - [TEST_STEP][PASSED] - verifyElementVisible(findTestObject("08-Operations/Private_Circle")): Object 'Object Repository/08-Operations/Private_Circle' is visible

2023-02-17 12:04:43 - [MESSAGE][PASSED] - Object 'Object Repository/08-Operations/Private_Circle' is visible

2023-02-17 12:04:43 - [TEST_STEP][PASSED] - delay(3): Delayed 3 second(s)

2023-02-17 12:04:46 - [MESSAGE][PASSED] - Delayed 3 second(s)

2023-02-17 12:04:46 - [TEST_STEP][PASSED] - click(findTestObject("08-Operations/Client_Assignment")): Object: 'Object Repository/08-Operations/Client_Assignment' is clicked on

2023-02-17 12:04:47 - [MESSAGE][PASSED] - Object: 'Object Repository/08-Operations/Client_Assignment' is clicked on

2023-02-17 12:04:47 - [TEST_STEP][PASSED] - verifyElementVisible(findTestObject("08-Operations/Client Assignment/Client Assignment Page")): Object 'Object Repository/08-Operations/Client Assignment/Client Assignment Page' is visible

2023-02-17 12:04:48 - [MESSAGE][PASSED] - Object 'Object Repository/08-Operations/Client Assignment/Client Assignment Page' is visible

2023-02-17 12:04:48 - [TEST_STEP][PASSED] - delay(3): Delayed 3 second(s)

2023-02-17 12:04:51 - [MESSAGE][PASSED] - Delayed 3 second(s)

2023-02-17 12:04:51 - [TEST_STEP][PASSED] - click(findTestObject("08-Operations/Client Assignment/Org unit edit")): Object: 'Object Repository/08-Operations/Client Assignment/Org unit edit' is clicked on

2023-02-17 12:04:52 - [MESSAGE][PASSED] - Object: 'Object Repository/08-Operations/Client Assignment/Org unit edit' is clicked on

2023-02-17 12:04:52 - [TEST_STEP][PASSED] - verifyElementVisible(findTestObject("08-Operations/Client Assignment/Select org unit modal")): Object 'Object Repository/08-Operations/Client Assignment/Select org unit modal' is visible

2023-02-17 12:04:53 - [MESSAGE][PASSED] - Object 'Object Repository/08-Operations/Client Assignment/Select org unit modal' is visible

2023-02-17 12:04:53 - [TEST_STEP][PASSED] - click(findTestObject("08-Operations/Client Assignment/button_Select_org unit select")): Object: 'Object Repository/08-Operations/Client Assignment/button_Select_org unit select' is clicked on

2023-02-17 12:04:54 - [MESSAGE][PASSED] - Object: 'Object Repository/08-Operations/Client Assignment/button_Select_org unit select' is clicked on]]></system-out>
         <system-err><![CDATA[]]></system-err>
      </testcase>
      <testcase name="Test Cases/08- Operations/02 - Client Assignment by Employee" time="37.101" classname="Test Cases/08- Operations/02 - Client Assignment by Employee" status="PASSED">
         <system-out><![CDATA[2023-02-17 12:04:54 - [TEST_CASE][PASSED] - Test Cases/08- Operations/02 - Client Assignment by Employee: Test Cases/08- Operations/02 - Client Assignment by Employee

2023-02-17 12:04:56 - [TEST_STEP][PASSED] - delay(3): Delayed 3 second(s)

2023-02-17 12:04:59 - [MESSAGE][PASSED] - Delayed 3 second(s)

2023-02-17 12:04:59 - [TEST_STEP][PASSED] - verifyElementNotClickable(findTestObject("08-Operations/Client Assignment/button_ Assign")): Object 'Object Repository/08-Operations/Client Assignment/button_ Assign' is NOT clickable

2023-02-17 12:05:00 - [MESSAGE][PASSED] - Object 'Object Repository/08-Operations/Client Assignment/button_ Assign' is NOT clickable

2023-02-17 12:05:00 - [TEST_STEP][PASSED] - verifyElementNotClickable(findTestObject("08-Operations/Client Assignment/button_Unassign")): Object 'Object Repository/08-Operations/Client Assignment/button_Unassign' is NOT clickable

2023-02-17 12:05:01 - [MESSAGE][PASSED] - Object 'Object Repository/08-Operations/Client Assignment/button_Unassign' is NOT clickable

2023-02-17 12:05:01 - [TEST_STEP][PASSED] - delay(3): Delayed 3 second(s)

2023-02-17 12:05:04 - [MESSAGE][PASSED] - Delayed 3 second(s)

2023-02-17 12:05:04 - [TEST_STEP][PASSED] - click(findTestObject("08-Operations/Client Assignment/div_GG TESTER")): Object: 'Object Repository/08-Operations/Client Assignment/div_GG TESTER' is clicked on

2023-02-17 12:05:06 - [MESSAGE][PASSED] - Object: 'Object Repository/08-Operations/Client Assignment/div_GG TESTER' is clicked on

2023-02-17 12:05:06 - [TEST_STEP][PASSED] - verifyElementVisible(findTestObject("08-Operations/Client Assignment/Clients column")): Object 'Object Repository/08-Operations/Client Assignment/Clients column' is visible

2023-02-17 12:05:06 - [MESSAGE][PASSED] - Object 'Object Repository/08-Operations/Client Assignment/Clients column' is visible

2023-02-17 12:05:06 - [TEST_STEP][PASSED] - verifyElementVisible(findTestObject("08-Operations/Client Assignment/Assigned Clients empty")): Object 'Object Repository/08-Operations/Client Assignment/Assigned Clients empty' is visible

2023-02-17 12:05:07 - [MESSAGE][PASSED] - Object 'Object Repository/08-Operations/Client Assignment/Assigned Clients empty' is visible

2023-02-17 12:05:07 - [TEST_STEP][PASSED] - delay(3): Delayed 3 second(s)

2023-02-17 12:05:10 - [MESSAGE][PASSED] - Delayed 3 second(s)

2023-02-17 12:05:10 - [TEST_STEP][PASSED] - click(findTestObject("08-Operations/Client Assignment/div_GTGG Tester 3")): Object: 'Object Repository/08-Operations/Client Assignment/div_GTGG Tester 3' is clicked on

2023-02-17 12:05:11 - [MESSAGE][PASSED] - Object: 'Object Repository/08-Operations/Client Assignment/div_GTGG Tester 3' is clicked on

2023-02-17 12:05:11 - [TEST_STEP][PASSED] - verifyElementClickable(findTestObject("08-Operations/Client Assignment/button_ Assign")): Object 'Object Repository/08-Operations/Client Assignment/button_ Assign' is clickable

2023-02-17 12:05:12 - [MESSAGE][PASSED] - Object 'Object Repository/08-Operations/Client Assignment/button_ Assign' is clickable

2023-02-17 12:05:12 - [TEST_STEP][PASSED] - click(findTestObject("08-Operations/Client Assignment/button_ Assign")): Object: 'Object Repository/08-Operations/Client Assignment/button_ Assign' is clicked on

2023-02-17 12:05:13 - [MESSAGE][PASSED] - Object: 'Object Repository/08-Operations/Client Assignment/button_ Assign' is clicked on

2023-02-17 12:05:13 - [TEST_STEP][PASSED] - verifyElementVisible(findTestObject("08-Operations/Client Assignment/Updated assignment msg")): Object 'Object Repository/08-Operations/Client Assignment/Updated assignment msg' is visible

2023-02-17 12:05:14 - [MESSAGE][PASSED] - Object 'Object Repository/08-Operations/Client Assignment/Updated assignment msg' is visible

2023-02-17 12:05:14 - [TEST_STEP][PASSED] - delay(3): Delayed 3 second(s)

2023-02-17 12:05:17 - [MESSAGE][PASSED] - Delayed 3 second(s)

2023-02-17 12:05:17 - [TEST_STEP][PASSED] - verifyElementVisible(findTestObject("08-Operations/Client Assignment/Client column Empty")): Object 'Object Repository/08-Operations/Client Assignment/Client column Empty' is visible

2023-02-17 12:05:18 - [MESSAGE][PASSED] - Object 'Object Repository/08-Operations/Client Assignment/Client column Empty' is visible

2023-02-17 12:05:18 - [TEST_STEP][PASSED] - verifyElementVisible(findTestObject("08-Operations/Client Assignment/Assigned clients column")): Object 'Object Repository/08-Operations/Client Assignment/Assigned clients column' is visible

2023-02-17 12:05:19 - [MESSAGE][PASSED] - Object 'Object Repository/08-Operations/Client Assignment/Assigned clients column' is visible

2023-02-17 12:05:19 - [TEST_STEP][PASSED] - delay(3): Delayed 3 second(s)

2023-02-17 12:05:22 - [MESSAGE][PASSED] - Delayed 3 second(s)

2023-02-17 12:05:22 - [TEST_STEP][PASSED] - click(findTestObject("08-Operations/Client Assignment/div_GTGG Tester 3")): Object: 'Object Repository/08-Operations/Client Assignment/div_GTGG Tester 3' is clicked on

2023-02-17 12:05:23 - [MESSAGE][PASSED] - Object: 'Object Repository/08-Operations/Client Assignment/div_GTGG Tester 3' is clicked on

2023-02-17 12:05:23 - [TEST_STEP][PASSED] - verifyElementClickable(findTestObject("08-Operations/Client Assignment/button_Unassign")): Object 'Object Repository/08-Operations/Client Assignment/button_Unassign' is clickable

2023-02-17 12:05:24 - [MESSAGE][PASSED] - Object 'Object Repository/08-Operations/Client Assignment/button_Unassign' is clickable

2023-02-17 12:05:24 - [TEST_STEP][PASSED] - click(findTestObject("08-Operations/Client Assignment/button_Unassign")): Object: 'Object Repository/08-Operations/Client Assignment/button_Unassign' is clicked on

2023-02-17 12:05:26 - [MESSAGE][PASSED] - Object: 'Object Repository/08-Operations/Client Assignment/button_Unassign' is clicked on

2023-02-17 12:05:26 - [TEST_STEP][PASSED] - verifyElementVisible(findTestObject("08-Operations/Client Assignment/Updated assignment msg")): Object 'Object Repository/08-Operations/Client Assignment/Updated assignment msg' is visible

2023-02-17 12:05:27 - [MESSAGE][PASSED] - Object 'Object Repository/08-Operations/Client Assignment/Updated assignment msg' is visible

2023-02-17 12:05:27 - [TEST_STEP][PASSED] - delay(3): Delayed 3 second(s)

2023-02-17 12:05:30 - [MESSAGE][PASSED] - Delayed 3 second(s)

2023-02-17 12:05:30 - [TEST_STEP][PASSED] - verifyElementVisible(findTestObject("08-Operations/Client Assignment/Clients column")): Object 'Object Repository/08-Operations/Client Assignment/Clients column' is visible

2023-02-17 12:05:30 - [MESSAGE][PASSED] - Object 'Object Repository/08-Operations/Client Assignment/Clients column' is visible

2023-02-17 12:05:30 - [TEST_STEP][PASSED] - verifyElementVisible(findTestObject("08-Operations/Client Assignment/Assigned Clients empty")): Object 'Object Repository/08-Operations/Client Assignment/Assigned Clients empty' is visible

2023-02-17 12:05:31 - [MESSAGE][PASSED] - Object 'Object Repository/08-Operations/Client Assignment/Assigned Clients empty' is visible]]></system-out>
         <system-err><![CDATA[]]></system-err>
      </testcase>
      <testcase name="Test Cases/08- Operations/03 - Client Assignment by Client" time="38.286" classname="Test Cases/08- Operations/03 - Client Assignment by Client" status="PASSED">
         <system-out><![CDATA[2023-02-17 12:05:31 - [TEST_CASE][PASSED] - Test Cases/08- Operations/03 - Client Assignment by Client: Test Cases/08- Operations/03 - Client Assignment by Client

2023-02-17 12:05:33 - [TEST_STEP][PASSED] - delay(3): Delayed 3 second(s)

2023-02-17 12:05:36 - [MESSAGE][PASSED] - Delayed 3 second(s)

2023-02-17 12:05:36 - [TEST_STEP][PASSED] - click(findTestObject("08-Operations/Client Assignment/div_By Client")): Object: 'Object Repository/08-Operations/Client Assignment/div_By Client' is clicked on

2023-02-17 12:05:37 - [MESSAGE][PASSED] - Object: 'Object Repository/08-Operations/Client Assignment/div_By Client' is clicked on

2023-02-17 12:05:37 - [TEST_STEP][PASSED] - verifyElementVisible(findTestObject("08-Operations/Client Assignment/By Client modal")): Object 'Object Repository/08-Operations/Client Assignment/By Client modal' is visible

2023-02-17 12:05:38 - [MESSAGE][PASSED] - Object 'Object Repository/08-Operations/Client Assignment/By Client modal' is visible

2023-02-17 12:05:38 - [TEST_STEP][PASSED] - verifyElementNotClickable(findTestObject("08-Operations/Client Assignment/button_ Assign")): Object 'Object Repository/08-Operations/Client Assignment/button_ Assign' is NOT clickable

2023-02-17 12:05:38 - [MESSAGE][PASSED] - Object 'Object Repository/08-Operations/Client Assignment/button_ Assign' is NOT clickable

2023-02-17 12:05:38 - [TEST_STEP][PASSED] - verifyElementNotClickable(findTestObject("08-Operations/Client Assignment/button_Unassign")): Object 'Object Repository/08-Operations/Client Assignment/button_Unassign' is NOT clickable

2023-02-17 12:05:39 - [MESSAGE][PASSED] - Object 'Object Repository/08-Operations/Client Assignment/button_Unassign' is NOT clickable

2023-02-17 12:05:39 - [TEST_STEP][PASSED] - delay(3): Delayed 3 second(s)

2023-02-17 12:05:42 - [MESSAGE][PASSED] - Delayed 3 second(s)

2023-02-17 12:05:42 - [TEST_STEP][PASSED] - click(findTestObject("08-Operations/Client Assignment/div_GTGG Tester 3")): Object: 'Object Repository/08-Operations/Client Assignment/div_GTGG Tester 3' is clicked on

2023-02-17 12:05:43 - [MESSAGE][PASSED] - Object: 'Object Repository/08-Operations/Client Assignment/div_GTGG Tester 3' is clicked on

2023-02-17 12:05:43 - [TEST_STEP][PASSED] - verifyElementVisible(findTestObject("08-Operations/Client Assignment/Employees column")): Object 'Object Repository/08-Operations/Client Assignment/Employees column' is visible

2023-02-17 12:05:44 - [MESSAGE][PASSED] - Object 'Object Repository/08-Operations/Client Assignment/Employees column' is visible

2023-02-17 12:05:44 - [TEST_STEP][PASSED] - verifyElementVisible(findTestObject("08-Operations/Client Assignment/Assigned Employees empty")): Object 'Object Repository/08-Operations/Client Assignment/Assigned Employees empty' is visible

2023-02-17 12:05:45 - [MESSAGE][PASSED] - Object 'Object Repository/08-Operations/Client Assignment/Assigned Employees empty' is visible

2023-02-17 12:05:45 - [TEST_STEP][PASSED] - delay(3): Delayed 3 second(s)

2023-02-17 12:05:48 - [MESSAGE][PASSED] - Delayed 3 second(s)

2023-02-17 12:05:48 - [TEST_STEP][PASSED] - click(findTestObject("08-Operations/Client Assignment/div_GG TESTER")): Object: 'Object Repository/08-Operations/Client Assignment/div_GG TESTER' is clicked on

2023-02-17 12:05:49 - [MESSAGE][PASSED] - Object: 'Object Repository/08-Operations/Client Assignment/div_GG TESTER' is clicked on

2023-02-17 12:05:49 - [TEST_STEP][PASSED] - click(findTestObject("08-Operations/Client Assignment/button_ Assign")): Object: 'Object Repository/08-Operations/Client Assignment/button_ Assign' is clicked on

2023-02-17 12:05:50 - [MESSAGE][PASSED] - Object: 'Object Repository/08-Operations/Client Assignment/button_ Assign' is clicked on

2023-02-17 12:05:50 - [TEST_STEP][PASSED] - verifyElementVisible(findTestObject("08-Operations/Client Assignment/Updated assignment msg")): Object 'Object Repository/08-Operations/Client Assignment/Updated assignment msg' is visible

2023-02-17 12:05:51 - [MESSAGE][PASSED] - Object 'Object Repository/08-Operations/Client Assignment/Updated assignment msg' is visible

2023-02-17 12:05:51 - [TEST_STEP][PASSED] - delay(3): Delayed 3 second(s)

2023-02-17 12:05:54 - [MESSAGE][PASSED] - Delayed 3 second(s)

2023-02-17 12:05:54 - [TEST_STEP][PASSED] - verifyElementVisible(findTestObject("08-Operations/Client Assignment/Employees column after assign")): Object 'Object Repository/08-Operations/Client Assignment/Employees column after assign' is visible

2023-02-17 12:05:55 - [MESSAGE][PASSED] - Object 'Object Repository/08-Operations/Client Assignment/Employees column after assign' is visible

2023-02-17 12:05:55 - [TEST_STEP][PASSED] - verifyElementVisible(findTestObject("08-Operations/Client Assignment/Assigned Employees - GG TESTER")): Object 'Object Repository/08-Operations/Client Assignment/Assigned Employees - GG TESTER' is visible

2023-02-17 12:05:56 - [MESSAGE][PASSED] - Object 'Object Repository/08-Operations/Client Assignment/Assigned Employees - GG TESTER' is visible

2023-02-17 12:05:56 - [TEST_STEP][PASSED] - delay(3): Delayed 3 second(s)

2023-02-17 12:05:59 - [MESSAGE][PASSED] - Delayed 3 second(s)

2023-02-17 12:05:59 - [TEST_STEP][PASSED] - click(findTestObject("08-Operations/Client Assignment/div_GG TESTER")): Object: 'Object Repository/08-Operations/Client Assignment/div_GG TESTER' is clicked on

2023-02-17 12:06:00 - [MESSAGE][PASSED] - Object: 'Object Repository/08-Operations/Client Assignment/div_GG TESTER' is clicked on

2023-02-17 12:06:00 - [TEST_STEP][PASSED] - click(findTestObject("08-Operations/Client Assignment/button_Unassign")): Object: 'Object Repository/08-Operations/Client Assignment/button_Unassign' is clicked on

2023-02-17 12:06:01 - [MESSAGE][PASSED] - Object: 'Object Repository/08-Operations/Client Assignment/button_Unassign' is clicked on

2023-02-17 12:06:01 - [TEST_STEP][PASSED] - verifyElementVisible(findTestObject("08-Operations/Client Assignment/Updated assignment msg")): Object 'Object Repository/08-Operations/Client Assignment/Updated assignment msg' is visible

2023-02-17 12:06:02 - [MESSAGE][PASSED] - Object 'Object Repository/08-Operations/Client Assignment/Updated assignment msg' is visible

2023-02-17 12:06:02 - [TEST_STEP][PASSED] - delay(3): Delayed 3 second(s)

2023-02-17 12:06:05 - [MESSAGE][PASSED] - Delayed 3 second(s)

2023-02-17 12:06:05 - [TEST_STEP][PASSED] - verifyElementVisible(findTestObject("08-Operations/Client Assignment/Employees column")): Object 'Object Repository/08-Operations/Client Assignment/Employees column' is visible

2023-02-17 12:06:06 - [MESSAGE][PASSED] - Object 'Object Repository/08-Operations/Client Assignment/Employees column' is visible

2023-02-17 12:06:06 - [TEST_STEP][PASSED] - verifyElementVisible(findTestObject("08-Operations/Client Assignment/Assigned Employees empty")): Object 'Object Repository/08-Operations/Client Assignment/Assigned Employees empty' is visible

2023-02-17 12:06:07 - [MESSAGE][PASSED] - Object 'Object Repository/08-Operations/Client Assignment/Assigned Employees empty' is visible

2023-02-17 12:06:07 - [TEST_STEP][PASSED] - delay(3): Delayed 3 second(s)

2023-02-17 12:06:10 - [MESSAGE][PASSED] - Delayed 3 second(s)]]></system-out>
         <system-err><![CDATA[]]></system-err>
      </testcase>
      <testcase name="Test Cases/08- Operations/04- Private Circle (Selecting a User)" time="13.035" classname="Test Cases/08- Operations/04- Private Circle (Selecting a User)" status="PASSED">
         <system-out><![CDATA[2023-02-17 12:06:10 - [TEST_CASE][PASSED] - Test Cases/08- Operations/04- Private Circle (Selecting a User): Test Cases/08- Operations/04- Private Circle (Selecting a User)

2023-02-17 12:06:11 - [TEST_STEP][PASSED] - delay(3): Delayed 3 second(s)

2023-02-17 12:06:14 - [MESSAGE][PASSED] - Delayed 3 second(s)

2023-02-17 12:06:14 - [TEST_STEP][PASSED] - click(findTestObject("08-Operations/Private_Circle")): Object: 'Object Repository/08-Operations/Private_Circle' is clicked on

2023-02-17 12:06:16 - [MESSAGE][PASSED] - Object: 'Object Repository/08-Operations/Private_Circle' is clicked on

2023-02-17 12:06:16 - [TEST_STEP][PASSED] - verifyElementVisible(findTestObject("08-Operations/Private Circle/Private Circle page")): Object 'Object Repository/08-Operations/Private Circle/Private Circle page' is visible

2023-02-17 12:06:17 - [MESSAGE][PASSED] - Object 'Object Repository/08-Operations/Private Circle/Private Circle page' is visible

2023-02-17 12:06:17 - [TEST_STEP][PASSED] - click(findTestObject("08-Operations/Private Circle/Input_Select user")): Object: 'Object Repository/08-Operations/Private Circle/Input_Select user' is clicked on

2023-02-17 12:06:18 - [MESSAGE][PASSED] - Object: 'Object Repository/08-Operations/Private Circle/Input_Select user' is clicked on

2023-02-17 12:06:18 - [TEST_STEP][PASSED] - click(findTestObject("08-Operations/Private Circle/span_GG Tester 3")): Object: 'Object Repository/08-Operations/Private Circle/span_GG Tester 3' is clicked on

2023-02-17 12:06:19 - [MESSAGE][PASSED] - Object: 'Object Repository/08-Operations/Private Circle/span_GG Tester 3' is clicked on

2023-02-17 12:06:19 - [TEST_STEP][PASSED] - verifyElementVisible(findTestObject("08-Operations/Private Circle/div_Showing GG Tester 3s private circle")): Object 'Object Repository/08-Operations/Private Circle/div_Showing GG Tester 3s private circle' is visible

2023-02-17 12:06:20 - [MESSAGE][PASSED] - Object 'Object Repository/08-Operations/Private Circle/div_Showing GG Tester 3s private circle' is visible

2023-02-17 12:06:20 - [TEST_STEP][PASSED] - delay(3): Delayed 3 second(s)

2023-02-17 12:06:23 - [MESSAGE][PASSED] - Delayed 3 second(s)]]></system-out>
         <system-err><![CDATA[]]></system-err>
      </testcase>
      <testcase name="Test Cases/08- Operations/05 - Adding private circle but with blank fields" time="12.515" classname="Test Cases/08- Operations/05 - Adding private circle but with blank fields" status="PASSED">
         <system-out><![CDATA[2023-02-17 12:06:23 - [TEST_CASE][PASSED] - Test Cases/08- Operations/05 - Adding private circle but with blank fields: Test Cases/08- Operations/05 - Adding private circle but with blank fields

2023-02-17 12:06:24 - [TEST_STEP][PASSED] - click(findTestObject("08-Operations/Private Circle/button_add")): Object: 'Object Repository/08-Operations/Private Circle/button_add' is clicked on

2023-02-17 12:06:25 - [MESSAGE][PASSED] - Object: 'Object Repository/08-Operations/Private Circle/button_add' is clicked on

2023-02-17 12:06:25 - [TEST_STEP][PASSED] - verifyElementVisible(findTestObject("08-Operations/Private Circle/Add New Circle modal")): Object 'Object Repository/08-Operations/Private Circle/Add New Circle modal' is visible

2023-02-17 12:06:26 - [MESSAGE][PASSED] - Object 'Object Repository/08-Operations/Private Circle/Add New Circle modal' is visible

2023-02-17 12:06:26 - [TEST_STEP][PASSED] - verifyElementNotClickable(findTestObject("08-Operations/Private Circle/button_Add modal")): Object 'Object Repository/08-Operations/Private Circle/button_Add modal' is NOT clickable

2023-02-17 12:06:27 - [MESSAGE][PASSED] - Object 'Object Repository/08-Operations/Private Circle/button_Add modal' is NOT clickable

2023-02-17 12:06:27 - [TEST_STEP][PASSED] - click(findTestObject("08-Operations/Private Circle/Select User dropdown")): Object: 'Object Repository/08-Operations/Private Circle/Select User dropdown' is clicked on

2023-02-17 12:06:28 - [MESSAGE][PASSED] - Object: 'Object Repository/08-Operations/Private Circle/Select User dropdown' is clicked on

2023-02-17 12:06:28 - [TEST_STEP][PASSED] - clickOffset(findTestObject("08-Operations/Private Circle/h4_Add New Circle Association"), 100, 100): Object: 'Object Repository/08-Operations/Private Circle/h4_Add New Circle Association' is clicked on using offset x=100 and y=100

2023-02-17 12:06:29 - [MESSAGE][PASSED] - Object: 'Object Repository/08-Operations/Private Circle/h4_Add New Circle Association' is clicked on using offset x=100 and y=100

2023-02-17 12:06:29 - [TEST_STEP][PASSED] - click(findTestObject("08-Operations/Private Circle/Relationship dropdown")): Object: 'Object Repository/08-Operations/Private Circle/Relationship dropdown' is clicked on

2023-02-17 12:06:30 - [MESSAGE][PASSED] - Object: 'Object Repository/08-Operations/Private Circle/Relationship dropdown' is clicked on

2023-02-17 12:06:30 - [TEST_STEP][PASSED] - clickOffset(findTestObject("08-Operations/Private Circle/h4_Add New Circle Association"), 100, 100): Object: 'Object Repository/08-Operations/Private Circle/h4_Add New Circle Association' is clicked on using offset x=100 and y=100

2023-02-17 12:06:31 - [MESSAGE][PASSED] - Object: 'Object Repository/08-Operations/Private Circle/h4_Add New Circle Association' is clicked on using offset x=100 and y=100

2023-02-17 12:06:31 - [TEST_STEP][PASSED] - verifyElementVisible(findTestObject("08-Operations/Private Circle/Select User Field is required")): Object 'Object Repository/08-Operations/Private Circle/Select User Field is required' is visible

2023-02-17 12:06:31 - [MESSAGE][PASSED] - Object 'Object Repository/08-Operations/Private Circle/Select User Field is required' is visible

2023-02-17 12:06:31 - [TEST_STEP][PASSED] - verifyElementVisible(findTestObject("08-Operations/Private Circle/Relationship is required")): Object 'Object Repository/08-Operations/Private Circle/Relationship is required' is visible

2023-02-17 12:06:32 - [MESSAGE][PASSED] - Object 'Object Repository/08-Operations/Private Circle/Relationship is required' is visible

2023-02-17 12:06:32 - [TEST_STEP][PASSED] - delay(3): Delayed 3 second(s)

2023-02-17 12:06:35 - [MESSAGE][PASSED] - Delayed 3 second(s)]]></system-out>
         <system-err><![CDATA[]]></system-err>
      </testcase>
      <testcase name="Test Cases/08- Operations/06 - Adding a Private Circle Successfully" time="43.038" classname="Test Cases/08- Operations/06 - Adding a Private Circle Successfully" status="PASSED">
         <system-out><![CDATA[2023-02-17 12:06:35 - [TEST_CASE][PASSED] - Test Cases/08- Operations/06 - Adding a Private Circle Successfully: Test Cases/08- Operations/06 - Adding a Private Circle Successfully

2023-02-17 12:06:37 - [TEST_STEP][PASSED] - click(findTestObject("08-Operations/Private Circle/Select User Field is required")): Object: 'Object Repository/08-Operations/Private Circle/Select User Field is required' is clicked on

2023-02-17 12:06:37 - [MESSAGE][PASSED] - Object: 'Object Repository/08-Operations/Private Circle/Select User Field is required' is clicked on

2023-02-17 12:06:37 - [TEST_STEP][PASSED] - verifyElementVisible(findTestObject("08-Operations/Private Circle/mat-option_New Contact")): Object 'Object Repository/08-Operations/Private Circle/mat-option_New Contact' is visible

2023-02-17 12:06:38 - [MESSAGE][PASSED] - Object 'Object Repository/08-Operations/Private Circle/mat-option_New Contact' is visible

2023-02-17 12:06:38 - [TEST_STEP][PASSED] - verifyElementVisible(findTestObject("08-Operations/Private Circle/mat-option_GG TESTER")): Object 'Object Repository/08-Operations/Private Circle/mat-option_GG TESTER' is visible

2023-02-17 12:06:39 - [MESSAGE][PASSED] - Object 'Object Repository/08-Operations/Private Circle/mat-option_GG TESTER' is visible

2023-02-17 12:06:39 - [TEST_STEP][PASSED] - verifyElementVisible(findTestObject("08-Operations/Private Circle/mat-option_GG tester 2")): Object 'Object Repository/08-Operations/Private Circle/mat-option_GG tester 2' is visible

2023-02-17 12:06:39 - [MESSAGE][PASSED] - Object 'Object Repository/08-Operations/Private Circle/mat-option_GG tester 2' is visible

2023-02-17 12:06:39 - [TEST_STEP][PASSED] - click(findTestObject("08-Operations/Private Circle/mat-option_New Contact")): Object: 'Object Repository/08-Operations/Private Circle/mat-option_New Contact' is clicked on

2023-02-17 12:06:40 - [MESSAGE][PASSED] - Object: 'Object Repository/08-Operations/Private Circle/mat-option_New Contact' is clicked on

2023-02-17 12:06:40 - [TEST_STEP][PASSED] - verifyElementVisible(findTestObject("08-Operations/Private Circle/Add New Contact modal")): Object 'Object Repository/08-Operations/Private Circle/Add New Contact modal' is visible

2023-02-17 12:06:41 - [MESSAGE][PASSED] - Object 'Object Repository/08-Operations/Private Circle/Add New Contact modal' is visible

2023-02-17 12:06:41 - [TEST_STEP][PASSED] - setText(findTestObject("08-Operations/Private Circle/input_firstName"), "GG Auto"): Text 'GG Auto' is set on object 'Object Repository/08-Operations/Private Circle/input_firstName'

2023-02-17 12:06:43 - [MESSAGE][PASSED] - Text 'GG Auto' is set on object 'Object Repository/08-Operations/Private Circle/input_firstName'

2023-02-17 12:06:43 - [TEST_STEP][PASSED] - setText(findTestObject("08-Operations/Private Circle/input_lastName"), "Contact"): Text 'Contact' is set on object 'Object Repository/08-Operations/Private Circle/input_lastName'

2023-02-17 12:06:44 - [MESSAGE][PASSED] - Text 'Contact' is set on object 'Object Repository/08-Operations/Private Circle/input_lastName'

2023-02-17 12:06:44 - [TEST_STEP][PASSED] - click(findTestObject("08-Operations/Private Circle/button_Create")): Object: 'Object Repository/08-Operations/Private Circle/button_Create' is clicked on

2023-02-17 12:06:45 - [MESSAGE][PASSED] - Object: 'Object Repository/08-Operations/Private Circle/button_Create' is clicked on

2023-02-17 12:06:45 - [TEST_STEP][PASSED] - delay(3): Delayed 3 second(s)

2023-02-17 12:06:48 - [MESSAGE][PASSED] - Delayed 3 second(s)

2023-02-17 12:06:48 - [TEST_STEP][PASSED] - click(findTestObject("08-Operations/Private Circle/Relationship dropdown")): Object: 'Object Repository/08-Operations/Private Circle/Relationship dropdown' is clicked on

2023-02-17 12:06:49 - [MESSAGE][PASSED] - Object: 'Object Repository/08-Operations/Private Circle/Relationship dropdown' is clicked on

2023-02-17 12:06:49 - [TEST_STEP][PASSED] - verifyElementVisible(findTestObject("08-Operations/Private Circle/mat-option_Spouse")): Object 'Object Repository/08-Operations/Private Circle/mat-option_Spouse' is visible

2023-02-17 12:06:50 - [MESSAGE][PASSED] - Object 'Object Repository/08-Operations/Private Circle/mat-option_Spouse' is visible

2023-02-17 12:06:50 - [TEST_STEP][PASSED] - verifyElementVisible(findTestObject("08-Operations/Private Circle/mat-option_Child")): Object 'Object Repository/08-Operations/Private Circle/mat-option_Child' is visible

2023-02-17 12:06:50 - [MESSAGE][PASSED] - Object 'Object Repository/08-Operations/Private Circle/mat-option_Child' is visible

2023-02-17 12:06:50 - [TEST_STEP][PASSED] - verifyElementVisible(findTestObject("08-Operations/Private Circle/mat-option_Friend")): Object 'Object Repository/08-Operations/Private Circle/mat-option_Friend' is visible

2023-02-17 12:06:51 - [MESSAGE][PASSED] - Object 'Object Repository/08-Operations/Private Circle/mat-option_Friend' is visible

2023-02-17 12:06:51 - [TEST_STEP][PASSED] - verifyElementVisible(findTestObject("08-Operations/Private Circle/mat-option_Colleague")): Object 'Object Repository/08-Operations/Private Circle/mat-option_Colleague' is visible

2023-02-17 12:06:52 - [MESSAGE][PASSED] - Object 'Object Repository/08-Operations/Private Circle/mat-option_Colleague' is visible

2023-02-17 12:06:52 - [TEST_STEP][PASSED] - verifyElementVisible(findTestObject("08-Operations/Private Circle/mat-option_Others")): Object 'Object Repository/08-Operations/Private Circle/mat-option_Others' is visible

2023-02-17 12:06:52 - [MESSAGE][PASSED] - Object 'Object Repository/08-Operations/Private Circle/mat-option_Others' is visible

2023-02-17 12:06:52 - [TEST_STEP][PASSED] - click(findTestObject("08-Operations/Private Circle/mat-option_Others")): Object: 'Object Repository/08-Operations/Private Circle/mat-option_Others' is clicked on

2023-02-17 12:06:53 - [MESSAGE][PASSED] - Object: 'Object Repository/08-Operations/Private Circle/mat-option_Others' is clicked on

2023-02-17 12:06:53 - [TEST_STEP][PASSED] - delay(3): Delayed 3 second(s)

2023-02-17 12:06:56 - [MESSAGE][PASSED] - Delayed 3 second(s)

2023-02-17 12:06:56 - [TEST_STEP][PASSED] - click(findTestObject("08-Operations/Private Circle/button_Add modal")): Object: 'Object Repository/08-Operations/Private Circle/button_Add modal' is clicked on

2023-02-17 12:06:57 - [MESSAGE][PASSED] - Object: 'Object Repository/08-Operations/Private Circle/button_Add modal' is clicked on

2023-02-17 12:06:57 - [TEST_STEP][PASSED] - verifyElementVisible(findTestObject("08-Operations/Private Circle/Successfully added association")): Object 'Object Repository/08-Operations/Private Circle/Successfully added association' is visible

2023-02-17 12:06:58 - [MESSAGE][PASSED] - Object 'Object Repository/08-Operations/Private Circle/Successfully added association' is visible

2023-02-17 12:06:58 - [TEST_STEP][PASSED] - delay(3): Delayed 3 second(s)

2023-02-17 12:07:01 - [MESSAGE][PASSED] - Delayed 3 second(s)

2023-02-17 12:07:01 - [TEST_STEP][PASSED] - click(findTestObject("08-Operations/Private Circle/Input_Select user")): Object: 'Object Repository/08-Operations/Private Circle/Input_Select user' is clicked on

2023-02-17 12:07:02 - [MESSAGE][PASSED] - Object: 'Object Repository/08-Operations/Private Circle/Input_Select user' is clicked on

2023-02-17 12:07:02 - [TEST_STEP][PASSED] - click(findTestObject("08-Operations/Private Circle/span_GG Tester 3")): Object: 'Object Repository/08-Operations/Private Circle/span_GG Tester 3' is clicked on

2023-02-17 12:07:03 - [MESSAGE][PASSED] - Object: 'Object Repository/08-Operations/Private Circle/span_GG Tester 3' is clicked on

2023-02-17 12:07:03 - [TEST_STEP][PASSED] - click(findTestObject("08-Operations/Private Circle/button_add")): Object: 'Object Repository/08-Operations/Private Circle/button_add' is clicked on

2023-02-17 12:07:04 - [MESSAGE][PASSED] - Object: 'Object Repository/08-Operations/Private Circle/button_add' is clicked on

2023-02-17 12:07:04 - [TEST_STEP][PASSED] - click(findTestObject("08-Operations/Private Circle/Select User dropdown")): Object: 'Object Repository/08-Operations/Private Circle/Select User dropdown' is clicked on

2023-02-17 12:07:06 - [MESSAGE][PASSED] - Object: 'Object Repository/08-Operations/Private Circle/Select User dropdown' is clicked on

2023-02-17 12:07:06 - [TEST_STEP][PASSED] - click(findTestObject("08-Operations/Private Circle/mat-option_GG TESTER")): Object: 'Object Repository/08-Operations/Private Circle/mat-option_GG TESTER' is clicked on

2023-02-17 12:07:06 - [MESSAGE][PASSED] - Object: 'Object Repository/08-Operations/Private Circle/mat-option_GG TESTER' is clicked on

2023-02-17 12:07:06 - [TEST_STEP][PASSED] - click(findTestObject("08-Operations/Private Circle/Relationship dropdown")): Object: 'Object Repository/08-Operations/Private Circle/Relationship dropdown' is clicked on

2023-02-17 12:07:07 - [MESSAGE][PASSED] - Object: 'Object Repository/08-Operations/Private Circle/Relationship dropdown' is clicked on

2023-02-17 12:07:07 - [TEST_STEP][PASSED] - click(findTestObject("08-Operations/Private Circle/mat-option_Others")): Object: 'Object Repository/08-Operations/Private Circle/mat-option_Others' is clicked on

2023-02-17 12:07:08 - [MESSAGE][PASSED] - Object: 'Object Repository/08-Operations/Private Circle/mat-option_Others' is clicked on

2023-02-17 12:07:08 - [TEST_STEP][PASSED] - click(findTestObject("08-Operations/Private Circle/button_Add modal")): Object: 'Object Repository/08-Operations/Private Circle/button_Add modal' is clicked on

2023-02-17 12:07:09 - [MESSAGE][PASSED] - Object: 'Object Repository/08-Operations/Private Circle/button_Add modal' is clicked on

2023-02-17 12:07:09 - [TEST_STEP][PASSED] - verifyElementVisible(findTestObject("08-Operations/Private Circle/Successfully added association")): Object 'Object Repository/08-Operations/Private Circle/Successfully added association' is visible

2023-02-17 12:07:10 - [MESSAGE][PASSED] - Object 'Object Repository/08-Operations/Private Circle/Successfully added association' is visible

2023-02-17 12:07:10 - [TEST_STEP][PASSED] - delay(3): Delayed 3 second(s)

2023-02-17 12:07:13 - [MESSAGE][PASSED] - Delayed 3 second(s)

2023-02-17 12:07:13 - [TEST_STEP][PASSED] - verifyElementVisible(findTestObject("08-Operations/Private Circle/td_GG TESTER")): Object 'Object Repository/08-Operations/Private Circle/td_GG TESTER' is visible

2023-02-17 12:07:14 - [MESSAGE][PASSED] - Object 'Object Repository/08-Operations/Private Circle/td_GG TESTER' is visible

2023-02-17 12:07:14 - [TEST_STEP][PASSED] - verifyElementVisible(findTestObject("08-Operations/Private Circle/td_GG Auto Contact")): Object 'Object Repository/08-Operations/Private Circle/td_GG Auto Contact' is visible

2023-02-17 12:07:15 - [MESSAGE][PASSED] - Object 'Object Repository/08-Operations/Private Circle/td_GG Auto Contact' is visible

2023-02-17 12:07:15 - [TEST_STEP][PASSED] - delay(3): Delayed 3 second(s)

2023-02-17 12:07:18 - [MESSAGE][PASSED] - Delayed 3 second(s)]]></system-out>
         <system-err><![CDATA[]]></system-err>
      </testcase>
      <testcase name="Test Cases/08- Operations/07- Deleting a private circle" time="16.516" classname="Test Cases/08- Operations/07- Deleting a private circle" status="PASSED">
         <system-out><![CDATA[2023-02-17 12:07:18 - [TEST_CASE][PASSED] - Test Cases/08- Operations/07- Deleting a private circle: Test Cases/08- Operations/07- Deleting a private circle

2023-02-17 12:07:20 - [TEST_STEP][PASSED] - click(findTestObject("08-Operations/Private Circle/button_delete")): Object: 'Object Repository/08-Operations/Private Circle/button_delete' is clicked on

2023-02-17 12:07:21 - [MESSAGE][PASSED] - Object: 'Object Repository/08-Operations/Private Circle/button_delete' is clicked on

2023-02-17 12:07:21 - [TEST_STEP][PASSED] - verifyElementVisible(findTestObject("08-Operations/Private Circle/delete private circle modal")): Object 'Object Repository/08-Operations/Private Circle/delete private circle modal' is visible

2023-02-17 12:07:22 - [MESSAGE][PASSED] - Object 'Object Repository/08-Operations/Private Circle/delete private circle modal' is visible

2023-02-17 12:07:22 - [TEST_STEP][PASSED] - click(findTestObject("08-Operations/Private Circle/button_Delete modal")): Object: 'Object Repository/08-Operations/Private Circle/button_Delete modal' is clicked on

2023-02-17 12:07:22 - [MESSAGE][PASSED] - Object: 'Object Repository/08-Operations/Private Circle/button_Delete modal' is clicked on

2023-02-17 12:07:22 - [TEST_STEP][PASSED] - verifyElementVisible(findTestObject("08-Operations/Private Circle/Successfully deleted label")): Object 'Object Repository/08-Operations/Private Circle/Successfully deleted label' is visible

2023-02-17 12:07:24 - [MESSAGE][PASSED] - Object 'Object Repository/08-Operations/Private Circle/Successfully deleted label' is visible

2023-02-17 12:07:24 - [TEST_STEP][PASSED] - delay(3): Delayed 3 second(s)

2023-02-17 12:07:27 - [MESSAGE][PASSED] - Delayed 3 second(s)

2023-02-17 12:07:27 - [TEST_STEP][PASSED] - click(findTestObject("08-Operations/Private Circle/button_delete")): Object: 'Object Repository/08-Operations/Private Circle/button_delete' is clicked on

2023-02-17 12:07:28 - [MESSAGE][PASSED] - Object: 'Object Repository/08-Operations/Private Circle/button_delete' is clicked on

2023-02-17 12:07:28 - [TEST_STEP][PASSED] - click(findTestObject("08-Operations/Private Circle/button_Delete modal")): Object: 'Object Repository/08-Operations/Private Circle/button_Delete modal' is clicked on

2023-02-17 12:07:29 - [MESSAGE][PASSED] - Object: 'Object Repository/08-Operations/Private Circle/button_Delete modal' is clicked on

2023-02-17 12:07:29 - [TEST_STEP][PASSED] - verifyElementVisible(findTestObject("08-Operations/Private Circle/Successfully deleted label")): Object 'Object Repository/08-Operations/Private Circle/Successfully deleted label' is visible

2023-02-17 12:07:30 - [MESSAGE][PASSED] - Object 'Object Repository/08-Operations/Private Circle/Successfully deleted label' is visible

2023-02-17 12:07:30 - [TEST_STEP][PASSED] - delay(3): Delayed 3 second(s)

2023-02-17 12:07:33 - [MESSAGE][PASSED] - Delayed 3 second(s)

2023-02-17 12:07:33 - [TEST_STEP][PASSED] - closeBrowser(): Browser is closed

2023-02-17 12:07:35 - [MESSAGE][PASSED] - Browser is closed]]></system-out>
         <system-err><![CDATA[]]></system-err>
      </testcase>
      <system-out><![CDATA[2023-02-17 12:02:55 - [TEST_SUITE][PASSED] - 08- Operations: Test Cases/08- Operations/07- Deleting a private circle]]></system-out>
      <system-err><![CDATA[]]></system-err>
   </testsuite>
</testsuites>
