<?xml version="1.0" encoding="UTF-8"?>
<testsuites name="08- Operations" time="247.198" tests="7" failures="0" errors="0">
   <testsuite name="08- Operations" tests="7" failures="0" errors="0" time="247.198" skipped="0" timestamp="2022-11-21 15:36:10" hostname="User - DESKTOP-QCRNR4M" id="Test Suites/TS-Organization/08- Operations">
      <properties>
         <property name="deviceName" value=""/>
         <property name="devicePlatform" value=""/>
         <property name="logFolder" value="C:\\Users\\User\\Katalon Studio\\EverleaguesMain\\Reports\\20221121_153608\\TS-Organization\\08- Operations\\20221121_153608"/>
         <property name="logFiles" value="C:\\Users\\User\\Katalon Studio\\EverleaguesMain\\Reports\\20221121_153608\\TS-Organization\\08- Operations\\20221121_153608\\execution0.log"/>
         <property name="attachments" value=""/>
         <property name="hostName" value="User - DESKTOP-QCRNR4M"/>
         <property name="os" value="Windows 10 64bit"/>
         <property name="katalonVersion" value="8.4.1.208"/>
         <property name="browser" value="Chrome 107.0.0.0"/>
         <property name="hostAddress" value="192.168.5.124"/>
         <property name="sessionId" value="a0c52756a6150f58f5443d5fe30c454d"/>
         <property name="seleniumVersion" value="3.141.59"/>
         <property name="proxyInformation" value="ProxyInformation { proxyOption=NO_PROXY, proxyServerType=HTTP, username=, password=********, proxyServerAddress=, proxyServerPort=0, executionList=&quot;&quot;, isApplyToDesiredCapabilities=true }"/>
         <property name="platform" value="Windows 10"/>
      </properties>
      <testcase name="Test Cases/08- Operations/01 - Client Assignment - Select Org unit" time="108.731" classname="Test Cases/08- Operations/01 - Client Assignment - Select Org unit" status="PASSED">
         <system-out><![CDATA[2022-11-21 15:36:11 - [TEST_CASE][PASSED] - Test Cases/08- Operations/01 - Client Assignment - Select Org unit: Test Cases/08- Operations/01 - Client Assignment - Select Org unit

2022-11-21 15:36:11 - [TEST_STEP][PASSED] - openBrowser(""): Browser is opened with url: ''

2022-11-21 15:36:11 - [MESSAGE][INFO] - Starting 'Chrome' driver

2022-11-21 15:36:11 - [MESSAGE][INFO] - Action delay is set to 0 milliseconds

2022-11-21 15:36:13 - [MESSAGE][PASSED] - Browser is opened with url: ''

2022-11-21 15:36:13 - [TEST_STEP][PASSED] - navigateToUrl("https://lab.everleagues.com/"): Navigate to 'https://lab.everleagues.com/' successfully

2022-11-21 15:36:26 - [MESSAGE][PASSED] - Navigate to 'https://lab.everleagues.com/' successfully

2022-11-21 15:36:26 - [TEST_STEP][PASSED] - maximizeWindow(): Current window maximized

2022-11-21 15:36:26 - [MESSAGE][PASSED] - Current window maximized

2022-11-21 15:36:26 - [TEST_STEP][PASSED] - setText(findTestObject("02-Side Icons(Organization)/Add Contact/Email Field"), "testuser02@mailinator.com"): Text 'testuser02@mailinator.com' is set on object 'Object Repository/02-Side Icons(Organization)/Add Contact/Email Field'

2022-11-21 15:36:27 - [MESSAGE][PASSED] - Text 'testuser02@mailinator.com' is set on object 'Object Repository/02-Side Icons(Organization)/Add Contact/Email Field'

2022-11-21 15:36:27 - [TEST_STEP][PASSED] - setEncryptedText(findTestObject("02-Side Icons(Organization)/Add Contact/Password Field"), "8yFRyszE6U6jvsCn51OQbg=="): Text ****** has been set on object 'Object Repository/02-Side Icons(Organization)/Add Contact/Password Field'

2022-11-21 15:36:27 - [MESSAGE][PASSED] - Text ****** has been set on object 'Object Repository/02-Side Icons(Organization)/Add Contact/Password Field'

2022-11-21 15:36:27 - [TEST_STEP][PASSED] - click(findTestObject("02-Side Icons(Organization)/Add Contact/button_Sign in")): Object: 'Object Repository/02-Side Icons(Organization)/Add Contact/button_Sign in' is clicked on

2022-11-21 15:36:28 - [MESSAGE][PASSED] - Object: 'Object Repository/02-Side Icons(Organization)/Add Contact/button_Sign in' is clicked on

2022-11-21 15:36:28 - [TEST_STEP][PASSED] - delay(3): Delayed 3 second(s)

2022-11-21 15:36:31 - [MESSAGE][PASSED] - Delayed 3 second(s)

2022-11-21 15:36:31 - [TEST_STEP][PASSED] - click(findTestObject("06-Teams/For 2FA/button_Confirm_2FA")): Object: 'Object Repository/06-Teams/For 2FA/button_Confirm_2FA' is clicked on

2022-11-21 15:36:31 - [MESSAGE][PASSED] - Object: 'Object Repository/06-Teams/For 2FA/button_Confirm_2FA' is clicked on

2022-11-21 15:36:31 - [TEST_STEP][PASSED] - executeJavaScript("window.open();", []): Execute JavaScript 'window.open();' successfully

2022-11-21 15:36:31 - [MESSAGE][PASSED] - Execute JavaScript 'window.open();' successfully

2022-11-21 15:36:31 - [TEST_STEP][PASSED] - currentWindow = getWindowIndex(): Current window's index is: 0

2022-11-21 15:36:31 - [MESSAGE][PASSED] - Current window's index is: 0

2022-11-21 15:36:31 - [TEST_STEP][PASSED] - delay(3): Delayed 3 second(s)

2022-11-21 15:36:34 - [MESSAGE][PASSED] - Delayed 3 second(s)

2022-11-21 15:36:34 - [TEST_STEP][PASSED] - switchToWindowIndex(currentWindow + 1): Switched to window with index: '1'

2022-11-21 15:36:34 - [MESSAGE][PASSED] - Switched to window with index: '1'

2022-11-21 15:36:34 - [TEST_STEP][PASSED] - navigateToUrl("https://www.mailinator.com/"): Navigate to 'https://www.mailinator.com/' successfully

2022-11-21 15:36:36 - [MESSAGE][PASSED] - Navigate to 'https://www.mailinator.com/' successfully

2022-11-21 15:36:36 - [TEST_STEP][PASSED] - delay(3): Delayed 3 second(s)

2022-11-21 15:36:39 - [MESSAGE][PASSED] - Delayed 3 second(s)

2022-11-21 15:36:39 - [TEST_STEP][PASSED] - setText(findTestObject("00-Signup and Activation/zMailinator/input_LOGIN_search"), "testuser02@mailinator.com"): Text 'testuser02@mailinator.com' is set on object 'Object Repository/00-Signup and Activation/zMailinator/input_LOGIN_search'

2022-11-21 15:36:40 - [MESSAGE][PASSED] - Text 'testuser02@mailinator.com' is set on object 'Object Repository/00-Signup and Activation/zMailinator/input_LOGIN_search'

2022-11-21 15:36:40 - [TEST_STEP][PASSED] - click(findTestObject("00-Signup and Activation/zMailinator/gobutton"), STOP_ON_FAILURE): Object: 'Object Repository/00-Signup and Activation/zMailinator/gobutton' is clicked on

2022-11-21 15:36:42 - [MESSAGE][PASSED] - Object: 'Object Repository/00-Signup and Activation/zMailinator/gobutton' is clicked on

2022-11-21 15:36:42 - [TEST_STEP][PASSED] - delay(3): Delayed 3 second(s)

2022-11-21 15:36:45 - [MESSAGE][PASSED] - Delayed 3 second(s)

2022-11-21 15:36:45 - [TEST_STEP][PASSED] - click(findTestObject("00-Signup and Activation/zMailinator/Email - everleagues")): Object: 'Object Repository/00-Signup and Activation/zMailinator/Email - everleagues' is clicked on

2022-11-21 15:36:45 - [MESSAGE][PASSED] - Object: 'Object Repository/00-Signup and Activation/zMailinator/Email - everleagues' is clicked on

2022-11-21 15:36:45 - [TEST_STEP][PASSED] - delay(3): Delayed 3 second(s)

2022-11-21 15:36:48 - [MESSAGE][PASSED] - Delayed 3 second(s)

2022-11-21 15:36:48 - [TEST_STEP][PASSED] - code = getText(findTestObject("Object Repository/06-Teams/For 2FA/2FA code")): Text of object 'Object Repository/06-Teams/For 2FA/2FA code' is: '591600'

2022-11-21 15:36:49 - [MESSAGE][PASSED] - Text of object 'Object Repository/06-Teams/For 2FA/2FA code' is: '591600'

2022-11-21 15:36:49 - [TEST_STEP][PASSED] - delay(3): Delayed 3 second(s)

2022-11-21 15:36:52 - [MESSAGE][PASSED] - Delayed 3 second(s)

2022-11-21 15:36:52 - [TEST_STEP][PASSED] - closeWindowTitle("Mailinator"): Window with title: 'Mailinator' is closed

2022-11-21 15:36:52 - [MESSAGE][PASSED] - Window with title: 'Mailinator' is closed

2022-11-21 15:36:52 - [TEST_STEP][PASSED] - delay(3): Delayed 3 second(s)

2022-11-21 15:36:55 - [MESSAGE][PASSED] - Delayed 3 second(s)

2022-11-21 15:36:55 - [TEST_STEP][PASSED] - switchToWindowIndex(0): Switched to window with index: '0'

2022-11-21 15:36:55 - [MESSAGE][PASSED] - Switched to window with index: '0'

2022-11-21 15:36:55 - [TEST_STEP][PASSED] - delay(3): Delayed 3 second(s)

2022-11-21 15:36:58 - [MESSAGE][PASSED] - Delayed 3 second(s)

2022-11-21 15:36:58 - [TEST_STEP][PASSED] - setText(findTestObject("Object Repository/06-Teams/For 2FA/input_Enter verification code_code"), code): Text '591600' is set on object 'Object Repository/06-Teams/For 2FA/input_Enter verification code_code'

2022-11-21 15:36:58 - [MESSAGE][PASSED] - Text '591600' is set on object 'Object Repository/06-Teams/For 2FA/input_Enter verification code_code'

2022-11-21 15:36:58 - [TEST_STEP][PASSED] - delay(3): Delayed 3 second(s)

2022-11-21 15:37:01 - [MESSAGE][PASSED] - Delayed 3 second(s)

2022-11-21 15:37:01 - [TEST_STEP][PASSED] - click(findTestObject("06-Teams/For 2FA/button_Verify_2FA")): Object: 'Object Repository/06-Teams/For 2FA/button_Verify_2FA' is clicked on

2022-11-21 15:37:32 - [MESSAGE][PASSED] - Object: 'Object Repository/06-Teams/For 2FA/button_Verify_2FA' is clicked on

2022-11-21 15:37:32 - [TEST_STEP][PASSED] - delay(3): Delayed 3 second(s)

2022-11-21 15:37:35 - [MESSAGE][PASSED] - Delayed 3 second(s)

2022-11-21 15:37:35 - [TEST_STEP][PASSED] - click(findTestObject("03-Header Menu/Hamburger Button/div_Operation")): Object: 'Object Repository/03-Header Menu/Hamburger Button/div_Operation' is clicked on

2022-11-21 15:37:39 - [MESSAGE][PASSED] - Object: 'Object Repository/03-Header Menu/Hamburger Button/div_Operation' is clicked on

2022-11-21 15:37:39 - [TEST_STEP][PASSED] - verifyElementVisible(findTestObject("08-Operations/Client_Assignment")): Object 'Object Repository/08-Operations/Client_Assignment' is visible

2022-11-21 15:37:41 - [MESSAGE][PASSED] - Object 'Object Repository/08-Operations/Client_Assignment' is visible

2022-11-21 15:37:41 - [TEST_STEP][PASSED] - verifyElementVisible(findTestObject("08-Operations/Private_Circle")): Object 'Object Repository/08-Operations/Private_Circle' is visible

2022-11-21 15:37:43 - [MESSAGE][PASSED] - Object 'Object Repository/08-Operations/Private_Circle' is visible

2022-11-21 15:37:43 - [TEST_STEP][PASSED] - delay(3): Delayed 3 second(s)

2022-11-21 15:37:46 - [MESSAGE][PASSED] - Delayed 3 second(s)

2022-11-21 15:37:46 - [TEST_STEP][PASSED] - click(findTestObject("08-Operations/Client_Assignment")): Object: 'Object Repository/08-Operations/Client_Assignment' is clicked on

2022-11-21 15:37:48 - [MESSAGE][PASSED] - Object: 'Object Repository/08-Operations/Client_Assignment' is clicked on

2022-11-21 15:37:48 - [TEST_STEP][PASSED] - verifyElementVisible(findTestObject("08-Operations/Client Assignment/Client Assignment Page")): Object 'Object Repository/08-Operations/Client Assignment/Client Assignment Page' is visible

2022-11-21 15:37:50 - [MESSAGE][PASSED] - Object 'Object Repository/08-Operations/Client Assignment/Client Assignment Page' is visible

2022-11-21 15:37:50 - [TEST_STEP][PASSED] - delay(3): Delayed 3 second(s)

2022-11-21 15:37:53 - [MESSAGE][PASSED] - Delayed 3 second(s)

2022-11-21 15:37:53 - [TEST_STEP][PASSED] - click(findTestObject("08-Operations/Client Assignment/Org unit edit")): Object: 'Object Repository/08-Operations/Client Assignment/Org unit edit' is clicked on

2022-11-21 15:37:55 - [MESSAGE][PASSED] - Object: 'Object Repository/08-Operations/Client Assignment/Org unit edit' is clicked on

2022-11-21 15:37:55 - [TEST_STEP][PASSED] - verifyElementVisible(findTestObject("08-Operations/Client Assignment/Select org unit modal")): Object 'Object Repository/08-Operations/Client Assignment/Select org unit modal' is visible

2022-11-21 15:37:57 - [MESSAGE][PASSED] - Object 'Object Repository/08-Operations/Client Assignment/Select org unit modal' is visible

2022-11-21 15:37:57 - [TEST_STEP][PASSED] - click(findTestObject("08-Operations/Client Assignment/button_Select_org unit select")): Object: 'Object Repository/08-Operations/Client Assignment/button_Select_org unit select' is clicked on

2022-11-21 15:37:59 - [MESSAGE][PASSED] - Object: 'Object Repository/08-Operations/Client Assignment/button_Select_org unit select' is clicked on]]></system-out>
         <system-err><![CDATA[]]></system-err>
      </testcase>
      <testcase name="Test Cases/08- Operations/02 - Client Assignment by Employee" time="43.631" classname="Test Cases/08- Operations/02 - Client Assignment by Employee" status="PASSED">
         <system-out><![CDATA[2022-11-21 15:37:59 - [TEST_CASE][PASSED] - Test Cases/08- Operations/02 - Client Assignment by Employee: Test Cases/08- Operations/02 - Client Assignment by Employee

2022-11-21 15:38:00 - [TEST_STEP][PASSED] - delay(3): Delayed 3 second(s)

2022-11-21 15:38:03 - [MESSAGE][PASSED] - Delayed 3 second(s)

2022-11-21 15:38:03 - [TEST_STEP][PASSED] - verifyElementNotClickable(findTestObject("08-Operations/Client Assignment/button_ Assign")): Object 'Object Repository/08-Operations/Client Assignment/button_ Assign' is NOT clickable

2022-11-21 15:38:05 - [MESSAGE][PASSED] - Object 'Object Repository/08-Operations/Client Assignment/button_ Assign' is NOT clickable

2022-11-21 15:38:05 - [TEST_STEP][PASSED] - verifyElementNotClickable(findTestObject("08-Operations/Client Assignment/button_Unassign")): Object 'Object Repository/08-Operations/Client Assignment/button_Unassign' is NOT clickable

2022-11-21 15:38:07 - [MESSAGE][PASSED] - Object 'Object Repository/08-Operations/Client Assignment/button_Unassign' is NOT clickable

2022-11-21 15:38:07 - [TEST_STEP][PASSED] - delay(3): Delayed 3 second(s)

2022-11-21 15:38:10 - [MESSAGE][PASSED] - Delayed 3 second(s)

2022-11-21 15:38:10 - [TEST_STEP][PASSED] - click(findTestObject("08-Operations/Client Assignment/div_GG TESTER")): Object: 'Object Repository/08-Operations/Client Assignment/div_GG TESTER' is clicked on

2022-11-21 15:38:12 - [MESSAGE][PASSED] - Object: 'Object Repository/08-Operations/Client Assignment/div_GG TESTER' is clicked on

2022-11-21 15:38:12 - [TEST_STEP][PASSED] - verifyElementVisible(findTestObject("08-Operations/Client Assignment/Clients column")): Object 'Object Repository/08-Operations/Client Assignment/Clients column' is visible

2022-11-21 15:38:15 - [MESSAGE][PASSED] - Object 'Object Repository/08-Operations/Client Assignment/Clients column' is visible

2022-11-21 15:38:15 - [TEST_STEP][PASSED] - verifyElementVisible(findTestObject("08-Operations/Client Assignment/Assigned Clients empty")): Object 'Object Repository/08-Operations/Client Assignment/Assigned Clients empty' is visible

2022-11-21 15:38:17 - [MESSAGE][PASSED] - Object 'Object Repository/08-Operations/Client Assignment/Assigned Clients empty' is visible

2022-11-21 15:38:17 - [TEST_STEP][PASSED] - delay(3): Delayed 3 second(s)

2022-11-21 15:38:20 - [MESSAGE][PASSED] - Delayed 3 second(s)

2022-11-21 15:38:20 - [TEST_STEP][PASSED] - click(findTestObject("08-Operations/Client Assignment/div_GTGG Tester 3")): Object: 'Object Repository/08-Operations/Client Assignment/div_GTGG Tester 3' is clicked on

2022-11-21 15:38:22 - [MESSAGE][PASSED] - Object: 'Object Repository/08-Operations/Client Assignment/div_GTGG Tester 3' is clicked on

2022-11-21 15:38:22 - [TEST_STEP][PASSED] - verifyElementClickable(findTestObject("08-Operations/Client Assignment/button_ Assign")): Object 'Object Repository/08-Operations/Client Assignment/button_ Assign' is clickable

2022-11-21 15:38:25 - [MESSAGE][PASSED] - Object 'Object Repository/08-Operations/Client Assignment/button_ Assign' is clickable

2022-11-21 15:38:25 - [TEST_STEP][PASSED] - click(findTestObject("08-Operations/Client Assignment/button_ Assign")): Object: 'Object Repository/08-Operations/Client Assignment/button_ Assign' is clicked on

2022-11-21 15:38:27 - [MESSAGE][PASSED] - Object: 'Object Repository/08-Operations/Client Assignment/button_ Assign' is clicked on

2022-11-21 15:38:27 - [TEST_STEP][PASSED] - verifyElementVisible(findTestObject("08-Operations/Client Assignment/Updated assignment msg")): Object 'Object Repository/08-Operations/Client Assignment/Updated assignment msg' is visible

2022-11-21 15:38:29 - [MESSAGE][PASSED] - Object 'Object Repository/08-Operations/Client Assignment/Updated assignment msg' is visible

2022-11-21 15:38:29 - [TEST_STEP][PASSED] - delay(3): Delayed 3 second(s)

2022-11-21 15:38:32 - [MESSAGE][PASSED] - Delayed 3 second(s)

2022-11-21 15:38:32 - [TEST_STEP][PASSED] - verifyElementVisible(findTestObject("08-Operations/Client Assignment/Client column Empty")): Object 'Object Repository/08-Operations/Client Assignment/Client column Empty' is visible

2022-11-21 15:38:33 - [MESSAGE][PASSED] - Object 'Object Repository/08-Operations/Client Assignment/Client column Empty' is visible

2022-11-21 15:38:33 - [TEST_STEP][PASSED] - verifyElementVisible(findTestObject("08-Operations/Client Assignment/Assigned clients column")): Object 'Object Repository/08-Operations/Client Assignment/Assigned clients column' is visible

2022-11-21 15:38:33 - [MESSAGE][PASSED] - Object 'Object Repository/08-Operations/Client Assignment/Assigned clients column' is visible

2022-11-21 15:38:33 - [TEST_STEP][PASSED] - delay(3): Delayed 3 second(s)

2022-11-21 15:38:36 - [MESSAGE][PASSED] - Delayed 3 second(s)

2022-11-21 15:38:36 - [TEST_STEP][PASSED] - click(findTestObject("08-Operations/Client Assignment/div_GTGG Tester 3")): Object: 'Object Repository/08-Operations/Client Assignment/div_GTGG Tester 3' is clicked on

2022-11-21 15:38:37 - [MESSAGE][PASSED] - Object: 'Object Repository/08-Operations/Client Assignment/div_GTGG Tester 3' is clicked on

2022-11-21 15:38:37 - [TEST_STEP][PASSED] - verifyElementClickable(findTestObject("08-Operations/Client Assignment/button_Unassign")): Object 'Object Repository/08-Operations/Client Assignment/button_Unassign' is clickable

2022-11-21 15:38:37 - [MESSAGE][PASSED] - Object 'Object Repository/08-Operations/Client Assignment/button_Unassign' is clickable

2022-11-21 15:38:37 - [TEST_STEP][PASSED] - click(findTestObject("08-Operations/Client Assignment/button_Unassign")): Object: 'Object Repository/08-Operations/Client Assignment/button_Unassign' is clicked on

2022-11-21 15:38:37 - [MESSAGE][PASSED] - Object: 'Object Repository/08-Operations/Client Assignment/button_Unassign' is clicked on

2022-11-21 15:38:37 - [TEST_STEP][PASSED] - verifyElementVisible(findTestObject("08-Operations/Client Assignment/Updated assignment msg")): Object 'Object Repository/08-Operations/Client Assignment/Updated assignment msg' is visible

2022-11-21 15:38:39 - [MESSAGE][PASSED] - Object 'Object Repository/08-Operations/Client Assignment/Updated assignment msg' is visible

2022-11-21 15:38:39 - [TEST_STEP][PASSED] - delay(3): Delayed 3 second(s)

2022-11-21 15:38:42 - [MESSAGE][PASSED] - Delayed 3 second(s)

2022-11-21 15:38:42 - [TEST_STEP][PASSED] - verifyElementVisible(findTestObject("08-Operations/Client Assignment/Clients column")): Object 'Object Repository/08-Operations/Client Assignment/Clients column' is visible

2022-11-21 15:38:42 - [MESSAGE][PASSED] - Object 'Object Repository/08-Operations/Client Assignment/Clients column' is visible

2022-11-21 15:38:42 - [TEST_STEP][PASSED] - verifyElementVisible(findTestObject("08-Operations/Client Assignment/Assigned Clients empty")): Object 'Object Repository/08-Operations/Client Assignment/Assigned Clients empty' is visible

2022-11-21 15:38:43 - [MESSAGE][PASSED] - Object 'Object Repository/08-Operations/Client Assignment/Assigned Clients empty' is visible]]></system-out>
         <system-err><![CDATA[]]></system-err>
      </testcase>
      <testcase name="Test Cases/08- Operations/03 - Client Assignment by Client" time="30.663" classname="Test Cases/08- Operations/03 - Client Assignment by Client" status="PASSED">
         <system-out><![CDATA[2022-11-21 15:38:43 - [TEST_CASE][PASSED] - Test Cases/08- Operations/03 - Client Assignment by Client: Test Cases/08- Operations/03 - Client Assignment by Client

2022-11-21 15:38:43 - [TEST_STEP][PASSED] - delay(3): Delayed 3 second(s)

2022-11-21 15:38:46 - [MESSAGE][PASSED] - Delayed 3 second(s)

2022-11-21 15:38:46 - [TEST_STEP][PASSED] - click(findTestObject("08-Operations/Client Assignment/div_By Client")): Object: 'Object Repository/08-Operations/Client Assignment/div_By Client' is clicked on

2022-11-21 15:38:47 - [MESSAGE][PASSED] - Object: 'Object Repository/08-Operations/Client Assignment/div_By Client' is clicked on

2022-11-21 15:38:47 - [TEST_STEP][PASSED] - verifyElementVisible(findTestObject("08-Operations/Client Assignment/By Client modal")): Object 'Object Repository/08-Operations/Client Assignment/By Client modal' is visible

2022-11-21 15:38:48 - [MESSAGE][PASSED] - Object 'Object Repository/08-Operations/Client Assignment/By Client modal' is visible

2022-11-21 15:38:48 - [TEST_STEP][PASSED] - verifyElementNotClickable(findTestObject("08-Operations/Client Assignment/button_ Assign")): Object 'Object Repository/08-Operations/Client Assignment/button_ Assign' is NOT clickable

2022-11-21 15:38:48 - [MESSAGE][PASSED] - Object 'Object Repository/08-Operations/Client Assignment/button_ Assign' is NOT clickable

2022-11-21 15:38:48 - [TEST_STEP][PASSED] - verifyElementNotClickable(findTestObject("08-Operations/Client Assignment/button_Unassign")): Object 'Object Repository/08-Operations/Client Assignment/button_Unassign' is NOT clickable

2022-11-21 15:38:49 - [MESSAGE][PASSED] - Object 'Object Repository/08-Operations/Client Assignment/button_Unassign' is NOT clickable

2022-11-21 15:38:49 - [TEST_STEP][PASSED] - delay(3): Delayed 3 second(s)

2022-11-21 15:38:52 - [MESSAGE][PASSED] - Delayed 3 second(s)

2022-11-21 15:38:52 - [TEST_STEP][PASSED] - click(findTestObject("08-Operations/Client Assignment/div_GTGG Tester 3")): Object: 'Object Repository/08-Operations/Client Assignment/div_GTGG Tester 3' is clicked on

2022-11-21 15:38:52 - [MESSAGE][PASSED] - Object: 'Object Repository/08-Operations/Client Assignment/div_GTGG Tester 3' is clicked on

2022-11-21 15:38:52 - [TEST_STEP][PASSED] - verifyElementVisible(findTestObject("08-Operations/Client Assignment/Employees column")): Object 'Object Repository/08-Operations/Client Assignment/Employees column' is visible

2022-11-21 15:38:53 - [MESSAGE][PASSED] - Object 'Object Repository/08-Operations/Client Assignment/Employees column' is visible

2022-11-21 15:38:53 - [TEST_STEP][PASSED] - verifyElementVisible(findTestObject("08-Operations/Client Assignment/Assigned Employees empty")): Object 'Object Repository/08-Operations/Client Assignment/Assigned Employees empty' is visible

2022-11-21 15:38:54 - [MESSAGE][PASSED] - Object 'Object Repository/08-Operations/Client Assignment/Assigned Employees empty' is visible

2022-11-21 15:38:54 - [TEST_STEP][PASSED] - delay(3): Delayed 3 second(s)

2022-11-21 15:38:57 - [MESSAGE][PASSED] - Delayed 3 second(s)

2022-11-21 15:38:57 - [TEST_STEP][PASSED] - click(findTestObject("08-Operations/Client Assignment/div_GG TESTER")): Object: 'Object Repository/08-Operations/Client Assignment/div_GG TESTER' is clicked on

2022-11-21 15:38:57 - [MESSAGE][PASSED] - Object: 'Object Repository/08-Operations/Client Assignment/div_GG TESTER' is clicked on

2022-11-21 15:38:57 - [TEST_STEP][PASSED] - click(findTestObject("08-Operations/Client Assignment/button_ Assign")): Object: 'Object Repository/08-Operations/Client Assignment/button_ Assign' is clicked on

2022-11-21 15:38:58 - [MESSAGE][PASSED] - Object: 'Object Repository/08-Operations/Client Assignment/button_ Assign' is clicked on

2022-11-21 15:38:58 - [TEST_STEP][PASSED] - verifyElementVisible(findTestObject("08-Operations/Client Assignment/Updated assignment msg")): Object 'Object Repository/08-Operations/Client Assignment/Updated assignment msg' is visible

2022-11-21 15:38:58 - [MESSAGE][PASSED] - Object 'Object Repository/08-Operations/Client Assignment/Updated assignment msg' is visible

2022-11-21 15:38:58 - [TEST_STEP][PASSED] - delay(3): Delayed 3 second(s)

2022-11-21 15:39:01 - [MESSAGE][PASSED] - Delayed 3 second(s)

2022-11-21 15:39:01 - [TEST_STEP][PASSED] - verifyElementVisible(findTestObject("08-Operations/Client Assignment/Employees column after assign")): Object 'Object Repository/08-Operations/Client Assignment/Employees column after assign' is visible

2022-11-21 15:39:02 - [MESSAGE][PASSED] - Object 'Object Repository/08-Operations/Client Assignment/Employees column after assign' is visible

2022-11-21 15:39:02 - [TEST_STEP][PASSED] - verifyElementVisible(findTestObject("08-Operations/Client Assignment/Assigned Employees - GG TESTER")): Object 'Object Repository/08-Operations/Client Assignment/Assigned Employees - GG TESTER' is visible

2022-11-21 15:39:02 - [MESSAGE][PASSED] - Object 'Object Repository/08-Operations/Client Assignment/Assigned Employees - GG TESTER' is visible

2022-11-21 15:39:02 - [TEST_STEP][PASSED] - delay(3): Delayed 3 second(s)

2022-11-21 15:39:05 - [MESSAGE][PASSED] - Delayed 3 second(s)

2022-11-21 15:39:05 - [TEST_STEP][PASSED] - click(findTestObject("08-Operations/Client Assignment/div_GG TESTER")): Object: 'Object Repository/08-Operations/Client Assignment/div_GG TESTER' is clicked on

2022-11-21 15:39:05 - [MESSAGE][PASSED] - Object: 'Object Repository/08-Operations/Client Assignment/div_GG TESTER' is clicked on

2022-11-21 15:39:05 - [TEST_STEP][PASSED] - click(findTestObject("08-Operations/Client Assignment/button_Unassign")): Object: 'Object Repository/08-Operations/Client Assignment/button_Unassign' is clicked on

2022-11-21 15:39:06 - [MESSAGE][PASSED] - Object: 'Object Repository/08-Operations/Client Assignment/button_Unassign' is clicked on

2022-11-21 15:39:06 - [TEST_STEP][PASSED] - verifyElementVisible(findTestObject("08-Operations/Client Assignment/Updated assignment msg")): Object 'Object Repository/08-Operations/Client Assignment/Updated assignment msg' is visible

2022-11-21 15:39:07 - [MESSAGE][PASSED] - Object 'Object Repository/08-Operations/Client Assignment/Updated assignment msg' is visible

2022-11-21 15:39:07 - [TEST_STEP][PASSED] - delay(3): Delayed 3 second(s)

2022-11-21 15:39:10 - [MESSAGE][PASSED] - Delayed 3 second(s)

2022-11-21 15:39:10 - [TEST_STEP][PASSED] - verifyElementVisible(findTestObject("08-Operations/Client Assignment/Employees column")): Object 'Object Repository/08-Operations/Client Assignment/Employees column' is visible

2022-11-21 15:39:10 - [MESSAGE][PASSED] - Object 'Object Repository/08-Operations/Client Assignment/Employees column' is visible

2022-11-21 15:39:10 - [TEST_STEP][PASSED] - verifyElementVisible(findTestObject("08-Operations/Client Assignment/Assigned Employees empty")): Object 'Object Repository/08-Operations/Client Assignment/Assigned Employees empty' is visible

2022-11-21 15:39:11 - [MESSAGE][PASSED] - Object 'Object Repository/08-Operations/Client Assignment/Assigned Employees empty' is visible

2022-11-21 15:39:11 - [TEST_STEP][PASSED] - delay(3): Delayed 3 second(s)

2022-11-21 15:39:14 - [MESSAGE][PASSED] - Delayed 3 second(s)]]></system-out>
         <system-err><![CDATA[]]></system-err>
      </testcase>
      <testcase name="Test Cases/08- Operations/04- Private Circle (Selecting a User)" time="9.25" classname="Test Cases/08- Operations/04- Private Circle (Selecting a User)" status="PASSED">
         <system-out><![CDATA[2022-11-21 15:39:14 - [TEST_CASE][PASSED] - Test Cases/08- Operations/04- Private Circle (Selecting a User): Test Cases/08- Operations/04- Private Circle (Selecting a User)

2022-11-21 15:39:14 - [TEST_STEP][PASSED] - delay(3): Delayed 3 second(s)

2022-11-21 15:39:17 - [MESSAGE][PASSED] - Delayed 3 second(s)

2022-11-21 15:39:17 - [TEST_STEP][PASSED] - click(findTestObject("08-Operations/Private_Circle")): Object: 'Object Repository/08-Operations/Private_Circle' is clicked on

2022-11-21 15:39:17 - [MESSAGE][PASSED] - Object: 'Object Repository/08-Operations/Private_Circle' is clicked on

2022-11-21 15:39:17 - [TEST_STEP][PASSED] - verifyElementVisible(findTestObject("08-Operations/Private Circle/Private Circle page")): Object 'Object Repository/08-Operations/Private Circle/Private Circle page' is visible

2022-11-21 15:39:18 - [MESSAGE][PASSED] - Object 'Object Repository/08-Operations/Private Circle/Private Circle page' is visible

2022-11-21 15:39:18 - [TEST_STEP][PASSED] - click(findTestObject("08-Operations/Private Circle/Input_Select user")): Object: 'Object Repository/08-Operations/Private Circle/Input_Select user' is clicked on

2022-11-21 15:39:19 - [MESSAGE][PASSED] - Object: 'Object Repository/08-Operations/Private Circle/Input_Select user' is clicked on

2022-11-21 15:39:19 - [TEST_STEP][PASSED] - click(findTestObject("08-Operations/Private Circle/span_GG Tester 3")): Object: 'Object Repository/08-Operations/Private Circle/span_GG Tester 3' is clicked on

2022-11-21 15:39:19 - [MESSAGE][PASSED] - Object: 'Object Repository/08-Operations/Private Circle/span_GG Tester 3' is clicked on

2022-11-21 15:39:19 - [TEST_STEP][PASSED] - verifyElementVisible(findTestObject("08-Operations/Private Circle/div_Showing GG Tester 3s private circle")): Object 'Object Repository/08-Operations/Private Circle/div_Showing GG Tester 3s private circle' is visible

2022-11-21 15:39:20 - [MESSAGE][PASSED] - Object 'Object Repository/08-Operations/Private Circle/div_Showing GG Tester 3s private circle' is visible

2022-11-21 15:39:20 - [TEST_STEP][PASSED] - delay(3): Delayed 3 second(s)

2022-11-21 15:39:23 - [MESSAGE][PASSED] - Delayed 3 second(s)]]></system-out>
         <system-err><![CDATA[]]></system-err>
      </testcase>
      <testcase name="Test Cases/08- Operations/05 - Adding private circle but with blank fields" time="8.971" classname="Test Cases/08- Operations/05 - Adding private circle but with blank fields" status="PASSED">
         <system-out><![CDATA[2022-11-21 15:39:23 - [TEST_CASE][PASSED] - Test Cases/08- Operations/05 - Adding private circle but with blank fields: Test Cases/08- Operations/05 - Adding private circle but with blank fields

2022-11-21 15:39:23 - [TEST_STEP][PASSED] - click(findTestObject("08-Operations/Private Circle/button_add")): Object: 'Object Repository/08-Operations/Private Circle/button_add' is clicked on

2022-11-21 15:39:24 - [MESSAGE][PASSED] - Object: 'Object Repository/08-Operations/Private Circle/button_add' is clicked on

2022-11-21 15:39:24 - [TEST_STEP][PASSED] - verifyElementVisible(findTestObject("08-Operations/Private Circle/Add New Circle modal")): Object 'Object Repository/08-Operations/Private Circle/Add New Circle modal' is visible

2022-11-21 15:39:24 - [MESSAGE][PASSED] - Object 'Object Repository/08-Operations/Private Circle/Add New Circle modal' is visible

2022-11-21 15:39:24 - [TEST_STEP][PASSED] - verifyElementNotClickable(findTestObject("08-Operations/Private Circle/button_Add modal")): Object 'Object Repository/08-Operations/Private Circle/button_Add modal' is NOT clickable

2022-11-21 15:39:25 - [MESSAGE][PASSED] - Object 'Object Repository/08-Operations/Private Circle/button_Add modal' is NOT clickable

2022-11-21 15:39:25 - [TEST_STEP][PASSED] - click(findTestObject("08-Operations/Private Circle/Select User dropdown")): Object: 'Object Repository/08-Operations/Private Circle/Select User dropdown' is clicked on

2022-11-21 15:39:25 - [MESSAGE][PASSED] - Object: 'Object Repository/08-Operations/Private Circle/Select User dropdown' is clicked on

2022-11-21 15:39:25 - [TEST_STEP][PASSED] - clickOffset(findTestObject("08-Operations/Private Circle/h4_Add New Circle Association"), 100, 100): Object: 'Object Repository/08-Operations/Private Circle/h4_Add New Circle Association' is clicked on using offset x=100 and y=100

2022-11-21 15:39:26 - [MESSAGE][PASSED] - Object: 'Object Repository/08-Operations/Private Circle/h4_Add New Circle Association' is clicked on using offset x=100 and y=100

2022-11-21 15:39:26 - [TEST_STEP][PASSED] - click(findTestObject("08-Operations/Private Circle/Relationship dropdown")): Object: 'Object Repository/08-Operations/Private Circle/Relationship dropdown' is clicked on

2022-11-21 15:39:27 - [MESSAGE][PASSED] - Object: 'Object Repository/08-Operations/Private Circle/Relationship dropdown' is clicked on

2022-11-21 15:39:27 - [TEST_STEP][PASSED] - clickOffset(findTestObject("08-Operations/Private Circle/h4_Add New Circle Association"), 100, 100): Object: 'Object Repository/08-Operations/Private Circle/h4_Add New Circle Association' is clicked on using offset x=100 and y=100

2022-11-21 15:39:27 - [MESSAGE][PASSED] - Object: 'Object Repository/08-Operations/Private Circle/h4_Add New Circle Association' is clicked on using offset x=100 and y=100

2022-11-21 15:39:27 - [TEST_STEP][PASSED] - verifyElementVisible(findTestObject("08-Operations/Private Circle/Select User Field is required")): Object 'Object Repository/08-Operations/Private Circle/Select User Field is required' is visible

2022-11-21 15:39:28 - [MESSAGE][PASSED] - Object 'Object Repository/08-Operations/Private Circle/Select User Field is required' is visible

2022-11-21 15:39:28 - [TEST_STEP][PASSED] - verifyElementVisible(findTestObject("08-Operations/Private Circle/Relationship is required")): Object 'Object Repository/08-Operations/Private Circle/Relationship is required' is visible

2022-11-21 15:39:29 - [MESSAGE][PASSED] - Object 'Object Repository/08-Operations/Private Circle/Relationship is required' is visible

2022-11-21 15:39:29 - [TEST_STEP][PASSED] - delay(3): Delayed 3 second(s)

2022-11-21 15:39:32 - [MESSAGE][PASSED] - Delayed 3 second(s)]]></system-out>
         <system-err><![CDATA[]]></system-err>
      </testcase>
      <testcase name="Test Cases/08- Operations/06 - Adding a Private Circle Successfully" time="33.239" classname="Test Cases/08- Operations/06 - Adding a Private Circle Successfully" status="PASSED">
         <system-out><![CDATA[2022-11-21 15:39:32 - [TEST_CASE][PASSED] - Test Cases/08- Operations/06 - Adding a Private Circle Successfully: Test Cases/08- Operations/06 - Adding a Private Circle Successfully

2022-11-21 15:39:32 - [TEST_STEP][PASSED] - click(findTestObject("08-Operations/Private Circle/Select User Field is required")): Object: 'Object Repository/08-Operations/Private Circle/Select User Field is required' is clicked on

2022-11-21 15:39:33 - [MESSAGE][PASSED] - Object: 'Object Repository/08-Operations/Private Circle/Select User Field is required' is clicked on

2022-11-21 15:39:33 - [TEST_STEP][PASSED] - verifyElementVisible(findTestObject("08-Operations/Private Circle/mat-option_New Contact")): Object 'Object Repository/08-Operations/Private Circle/mat-option_New Contact' is visible

2022-11-21 15:39:33 - [MESSAGE][PASSED] - Object 'Object Repository/08-Operations/Private Circle/mat-option_New Contact' is visible

2022-11-21 15:39:33 - [TEST_STEP][PASSED] - verifyElementVisible(findTestObject("08-Operations/Private Circle/mat-option_GG TESTER")): Object 'Object Repository/08-Operations/Private Circle/mat-option_GG TESTER' is visible

2022-11-21 15:39:34 - [MESSAGE][PASSED] - Object 'Object Repository/08-Operations/Private Circle/mat-option_GG TESTER' is visible

2022-11-21 15:39:34 - [TEST_STEP][PASSED] - verifyElementVisible(findTestObject("08-Operations/Private Circle/mat-option_GG tester 2")): Object 'Object Repository/08-Operations/Private Circle/mat-option_GG tester 2' is visible

2022-11-21 15:39:34 - [MESSAGE][PASSED] - Object 'Object Repository/08-Operations/Private Circle/mat-option_GG tester 2' is visible

2022-11-21 15:39:34 - [TEST_STEP][PASSED] - click(findTestObject("08-Operations/Private Circle/mat-option_New Contact")): Object: 'Object Repository/08-Operations/Private Circle/mat-option_New Contact' is clicked on

2022-11-21 15:39:34 - [MESSAGE][PASSED] - Object: 'Object Repository/08-Operations/Private Circle/mat-option_New Contact' is clicked on

2022-11-21 15:39:34 - [TEST_STEP][PASSED] - verifyElementVisible(findTestObject("08-Operations/Private Circle/Add New Contact modal")): Object 'Object Repository/08-Operations/Private Circle/Add New Contact modal' is visible

2022-11-21 15:39:35 - [MESSAGE][PASSED] - Object 'Object Repository/08-Operations/Private Circle/Add New Contact modal' is visible

2022-11-21 15:39:35 - [TEST_STEP][PASSED] - setText(findTestObject("08-Operations/Private Circle/input_firstName"), "GG Auto"): Text 'GG Auto' is set on object 'Object Repository/08-Operations/Private Circle/input_firstName'

2022-11-21 15:39:36 - [MESSAGE][PASSED] - Text 'GG Auto' is set on object 'Object Repository/08-Operations/Private Circle/input_firstName'

2022-11-21 15:39:36 - [TEST_STEP][PASSED] - setText(findTestObject("08-Operations/Private Circle/input_lastName"), "Contact"): Text 'Contact' is set on object 'Object Repository/08-Operations/Private Circle/input_lastName'

2022-11-21 15:39:37 - [MESSAGE][PASSED] - Text 'Contact' is set on object 'Object Repository/08-Operations/Private Circle/input_lastName'

2022-11-21 15:39:37 - [TEST_STEP][PASSED] - click(findTestObject("08-Operations/Private Circle/button_Create")): Object: 'Object Repository/08-Operations/Private Circle/button_Create' is clicked on

2022-11-21 15:39:38 - [MESSAGE][PASSED] - Object: 'Object Repository/08-Operations/Private Circle/button_Create' is clicked on

2022-11-21 15:39:38 - [TEST_STEP][PASSED] - delay(3): Delayed 3 second(s)

2022-11-21 15:39:41 - [MESSAGE][PASSED] - Delayed 3 second(s)

2022-11-21 15:39:41 - [TEST_STEP][PASSED] - click(findTestObject("08-Operations/Private Circle/Relationship dropdown")): Object: 'Object Repository/08-Operations/Private Circle/Relationship dropdown' is clicked on

2022-11-21 15:39:41 - [MESSAGE][PASSED] - Object: 'Object Repository/08-Operations/Private Circle/Relationship dropdown' is clicked on

2022-11-21 15:39:41 - [TEST_STEP][PASSED] - verifyElementVisible(findTestObject("08-Operations/Private Circle/mat-option_Spouse")): Object 'Object Repository/08-Operations/Private Circle/mat-option_Spouse' is visible

2022-11-21 15:39:42 - [MESSAGE][PASSED] - Object 'Object Repository/08-Operations/Private Circle/mat-option_Spouse' is visible

2022-11-21 15:39:42 - [TEST_STEP][PASSED] - verifyElementVisible(findTestObject("08-Operations/Private Circle/mat-option_Child")): Object 'Object Repository/08-Operations/Private Circle/mat-option_Child' is visible

2022-11-21 15:39:42 - [MESSAGE][PASSED] - Object 'Object Repository/08-Operations/Private Circle/mat-option_Child' is visible

2022-11-21 15:39:42 - [TEST_STEP][PASSED] - verifyElementVisible(findTestObject("08-Operations/Private Circle/mat-option_Friend")): Object 'Object Repository/08-Operations/Private Circle/mat-option_Friend' is visible

2022-11-21 15:39:42 - [MESSAGE][PASSED] - Object 'Object Repository/08-Operations/Private Circle/mat-option_Friend' is visible

2022-11-21 15:39:42 - [TEST_STEP][PASSED] - verifyElementVisible(findTestObject("08-Operations/Private Circle/mat-option_Colleague")): Object 'Object Repository/08-Operations/Private Circle/mat-option_Colleague' is visible

2022-11-21 15:39:43 - [MESSAGE][PASSED] - Object 'Object Repository/08-Operations/Private Circle/mat-option_Colleague' is visible

2022-11-21 15:39:43 - [TEST_STEP][PASSED] - verifyElementVisible(findTestObject("08-Operations/Private Circle/mat-option_Others")): Object 'Object Repository/08-Operations/Private Circle/mat-option_Others' is visible

2022-11-21 15:39:43 - [MESSAGE][PASSED] - Object 'Object Repository/08-Operations/Private Circle/mat-option_Others' is visible

2022-11-21 15:39:43 - [TEST_STEP][PASSED] - click(findTestObject("08-Operations/Private Circle/mat-option_Others")): Object: 'Object Repository/08-Operations/Private Circle/mat-option_Others' is clicked on

2022-11-21 15:39:44 - [MESSAGE][PASSED] - Object: 'Object Repository/08-Operations/Private Circle/mat-option_Others' is clicked on

2022-11-21 15:39:44 - [TEST_STEP][PASSED] - delay(3): Delayed 3 second(s)

2022-11-21 15:39:47 - [MESSAGE][PASSED] - Delayed 3 second(s)

2022-11-21 15:39:47 - [TEST_STEP][PASSED] - click(findTestObject("08-Operations/Private Circle/button_Add modal")): Object: 'Object Repository/08-Operations/Private Circle/button_Add modal' is clicked on

2022-11-21 15:39:47 - [MESSAGE][PASSED] - Object: 'Object Repository/08-Operations/Private Circle/button_Add modal' is clicked on

2022-11-21 15:39:47 - [TEST_STEP][PASSED] - verifyElementVisible(findTestObject("08-Operations/Private Circle/Successfully added association")): Object 'Object Repository/08-Operations/Private Circle/Successfully added association' is visible

2022-11-21 15:39:48 - [MESSAGE][PASSED] - Object 'Object Repository/08-Operations/Private Circle/Successfully added association' is visible

2022-11-21 15:39:48 - [TEST_STEP][PASSED] - delay(3): Delayed 3 second(s)

2022-11-21 15:39:51 - [MESSAGE][PASSED] - Delayed 3 second(s)

2022-11-21 15:39:51 - [TEST_STEP][PASSED] - click(findTestObject("08-Operations/Private Circle/Input_Select user")): Object: 'Object Repository/08-Operations/Private Circle/Input_Select user' is clicked on

2022-11-21 15:39:52 - [MESSAGE][PASSED] - Object: 'Object Repository/08-Operations/Private Circle/Input_Select user' is clicked on

2022-11-21 15:39:52 - [TEST_STEP][PASSED] - click(findTestObject("08-Operations/Private Circle/span_GG Tester 3")): Object: 'Object Repository/08-Operations/Private Circle/span_GG Tester 3' is clicked on

2022-11-21 15:39:52 - [MESSAGE][PASSED] - Object: 'Object Repository/08-Operations/Private Circle/span_GG Tester 3' is clicked on

2022-11-21 15:39:52 - [TEST_STEP][PASSED] - click(findTestObject("08-Operations/Private Circle/button_add")): Object: 'Object Repository/08-Operations/Private Circle/button_add' is clicked on

2022-11-21 15:39:53 - [MESSAGE][PASSED] - Object: 'Object Repository/08-Operations/Private Circle/button_add' is clicked on

2022-11-21 15:39:53 - [TEST_STEP][PASSED] - click(findTestObject("08-Operations/Private Circle/Select User dropdown")): Object: 'Object Repository/08-Operations/Private Circle/Select User dropdown' is clicked on

2022-11-21 15:39:54 - [MESSAGE][PASSED] - Object: 'Object Repository/08-Operations/Private Circle/Select User dropdown' is clicked on

2022-11-21 15:39:54 - [TEST_STEP][PASSED] - click(findTestObject("08-Operations/Private Circle/mat-option_GG TESTER")): Object: 'Object Repository/08-Operations/Private Circle/mat-option_GG TESTER' is clicked on

2022-11-21 15:39:54 - [MESSAGE][PASSED] - Object: 'Object Repository/08-Operations/Private Circle/mat-option_GG TESTER' is clicked on

2022-11-21 15:39:54 - [TEST_STEP][PASSED] - click(findTestObject("08-Operations/Private Circle/Relationship dropdown")): Object: 'Object Repository/08-Operations/Private Circle/Relationship dropdown' is clicked on

2022-11-21 15:39:55 - [MESSAGE][PASSED] - Object: 'Object Repository/08-Operations/Private Circle/Relationship dropdown' is clicked on

2022-11-21 15:39:55 - [TEST_STEP][PASSED] - click(findTestObject("08-Operations/Private Circle/mat-option_Others")): Object: 'Object Repository/08-Operations/Private Circle/mat-option_Others' is clicked on

2022-11-21 15:39:56 - [MESSAGE][PASSED] - Object: 'Object Repository/08-Operations/Private Circle/mat-option_Others' is clicked on

2022-11-21 15:39:56 - [TEST_STEP][PASSED] - click(findTestObject("08-Operations/Private Circle/button_Add modal")): Object: 'Object Repository/08-Operations/Private Circle/button_Add modal' is clicked on

2022-11-21 15:39:57 - [MESSAGE][PASSED] - Object: 'Object Repository/08-Operations/Private Circle/button_Add modal' is clicked on

2022-11-21 15:39:57 - [TEST_STEP][PASSED] - verifyElementVisible(findTestObject("08-Operations/Private Circle/Successfully added association")): Object 'Object Repository/08-Operations/Private Circle/Successfully added association' is visible

2022-11-21 15:39:58 - [MESSAGE][PASSED] - Object 'Object Repository/08-Operations/Private Circle/Successfully added association' is visible

2022-11-21 15:39:58 - [TEST_STEP][PASSED] - delay(3): Delayed 3 second(s)

2022-11-21 15:40:01 - [MESSAGE][PASSED] - Delayed 3 second(s)

2022-11-21 15:40:01 - [TEST_STEP][PASSED] - verifyElementVisible(findTestObject("08-Operations/Private Circle/td_GG TESTER")): Object 'Object Repository/08-Operations/Private Circle/td_GG TESTER' is visible

2022-11-21 15:40:02 - [MESSAGE][PASSED] - Object 'Object Repository/08-Operations/Private Circle/td_GG TESTER' is visible

2022-11-21 15:40:02 - [TEST_STEP][PASSED] - verifyElementVisible(findTestObject("08-Operations/Private Circle/td_GG Auto Contact")): Object 'Object Repository/08-Operations/Private Circle/td_GG Auto Contact' is visible

2022-11-21 15:40:02 - [MESSAGE][PASSED] - Object 'Object Repository/08-Operations/Private Circle/td_GG Auto Contact' is visible

2022-11-21 15:40:02 - [TEST_STEP][PASSED] - delay(3): Delayed 3 second(s)

2022-11-21 15:40:05 - [MESSAGE][PASSED] - Delayed 3 second(s)]]></system-out>
         <system-err><![CDATA[]]></system-err>
      </testcase>
      <testcase name="Test Cases/08- Operations/07- Deleting a private circle" time="12.39" classname="Test Cases/08- Operations/07- Deleting a private circle" status="PASSED">
         <system-out><![CDATA[2022-11-21 15:40:05 - [TEST_CASE][PASSED] - Test Cases/08- Operations/07- Deleting a private circle: Test Cases/08- Operations/07- Deleting a private circle

2022-11-21 15:40:05 - [TEST_STEP][PASSED] - click(findTestObject("08-Operations/Private Circle/button_delete")): Object: 'Object Repository/08-Operations/Private Circle/button_delete' is clicked on

2022-11-21 15:40:06 - [MESSAGE][PASSED] - Object: 'Object Repository/08-Operations/Private Circle/button_delete' is clicked on

2022-11-21 15:40:06 - [TEST_STEP][PASSED] - verifyElementVisible(findTestObject("08-Operations/Private Circle/delete private circle modal")): Object 'Object Repository/08-Operations/Private Circle/delete private circle modal' is visible

2022-11-21 15:40:06 - [MESSAGE][PASSED] - Object 'Object Repository/08-Operations/Private Circle/delete private circle modal' is visible

2022-11-21 15:40:06 - [TEST_STEP][PASSED] - click(findTestObject("08-Operations/Private Circle/button_Delete modal")): Object: 'Object Repository/08-Operations/Private Circle/button_Delete modal' is clicked on

2022-11-21 15:40:07 - [MESSAGE][PASSED] - Object: 'Object Repository/08-Operations/Private Circle/button_Delete modal' is clicked on

2022-11-21 15:40:07 - [TEST_STEP][PASSED] - verifyElementVisible(findTestObject("08-Operations/Private Circle/Successfully deleted label")): Object 'Object Repository/08-Operations/Private Circle/Successfully deleted label' is visible

2022-11-21 15:40:08 - [MESSAGE][PASSED] - Object 'Object Repository/08-Operations/Private Circle/Successfully deleted label' is visible

2022-11-21 15:40:08 - [TEST_STEP][PASSED] - delay(3): Delayed 3 second(s)

2022-11-21 15:40:11 - [MESSAGE][PASSED] - Delayed 3 second(s)

2022-11-21 15:40:11 - [TEST_STEP][PASSED] - click(findTestObject("08-Operations/Private Circle/button_delete")): Object: 'Object Repository/08-Operations/Private Circle/button_delete' is clicked on

2022-11-21 15:40:12 - [MESSAGE][PASSED] - Object: 'Object Repository/08-Operations/Private Circle/button_delete' is clicked on

2022-11-21 15:40:12 - [TEST_STEP][PASSED] - click(findTestObject("08-Operations/Private Circle/button_Delete modal")): Object: 'Object Repository/08-Operations/Private Circle/button_Delete modal' is clicked on

2022-11-21 15:40:12 - [MESSAGE][PASSED] - Object: 'Object Repository/08-Operations/Private Circle/button_Delete modal' is clicked on

2022-11-21 15:40:12 - [TEST_STEP][PASSED] - verifyElementVisible(findTestObject("08-Operations/Private Circle/Successfully deleted label")): Object 'Object Repository/08-Operations/Private Circle/Successfully deleted label' is visible

2022-11-21 15:40:14 - [MESSAGE][PASSED] - Object 'Object Repository/08-Operations/Private Circle/Successfully deleted label' is visible

2022-11-21 15:40:14 - [TEST_STEP][PASSED] - delay(3): Delayed 3 second(s)

2022-11-21 15:40:17 - [MESSAGE][PASSED] - Delayed 3 second(s)

2022-11-21 15:40:17 - [TEST_STEP][PASSED] - closeBrowser(): Browser is closed

2022-11-21 15:40:17 - [MESSAGE][PASSED] - Browser is closed]]></system-out>
         <system-err><![CDATA[]]></system-err>
      </testcase>
      <system-out><![CDATA[2022-11-21 15:36:10 - [TEST_SUITE][PASSED] - 08- Operations: Test Cases/08- Operations/07- Deleting a private circle]]></system-out>
      <system-err><![CDATA[]]></system-err>
   </testsuite>
</testsuites>
