<?xml version="1.0" encoding="UTF-8"?>
<testsuites name="09.1 - Settings (Invite users)" time="991.383" tests="5" failures="0" errors="0">
   <testsuite name="09.1 - Settings (Invite users)" tests="5" failures="0" errors="0" time="991.383" skipped="0" timestamp="2022-11-28 11:47:15" hostname="User - DESKTOP-QCRNR4M" id="Test Suites/TS-Organization/09.1 - Settings (Invite users)">
      <properties>
         <property name="deviceName" value=""/>
         <property name="devicePlatform" value=""/>
         <property name="logFolder" value="C:\\Users\\User\\Katalon Studio\\EverleaguesMain\\Reports\\20221128_114711\\TS-Organization\\09.1 - Settings (Invite users)\\20221128_114712"/>
         <property name="logFiles" value="C:\\Users\\User\\Katalon Studio\\EverleaguesMain\\Reports\\20221128_114711\\TS-Organization\\09.1 - Settings (Invite users)\\20221128_114712\\execution0.log"/>
         <property name="attachments" value=""/>
         <property name="hostName" value="User - DESKTOP-QCRNR4M"/>
         <property name="os" value="Windows 10 64bit"/>
         <property name="katalonVersion" value="8.4.1.208"/>
         <property name="browser" value="Chrome 107.0.0.0"/>
         <property name="hostAddress" value="192.168.5.124"/>
         <property name="sessionId" value="522f1917eff67ce6efad5f4606b35222"/>
         <property name="seleniumVersion" value="3.141.59"/>
         <property name="proxyInformation" value="ProxyInformation { proxyOption=NO_PROXY, proxyServerType=HTTP, username=, password=********, proxyServerAddress=, proxyServerPort=0, executionList=&quot;&quot;, isApplyToDesiredCapabilities=true }"/>
         <property name="platform" value="Windows 10"/>
      </properties>
      <testcase name="Test Cases/09-Settings/01 - Users (Invite new user but field are blank)" time="142.24" classname="Test Cases/09-Settings/01 - Users (Invite new user but field are blank)" status="PASSED">
         <system-out><![CDATA[2022-11-28 11:47:15 - [TEST_CASE][PASSED] - Test Cases/09-Settings/01 - Users (Invite new user but field are blank): Test Cases/09-Settings/01 - Users (Invite new user but field are blank)

2022-11-28 11:47:16 - [TEST_STEP][PASSED] - openBrowser(""): Browser is opened with url: ''

2022-11-28 11:47:16 - [MESSAGE][INFO] - Starting 'Chrome' driver

2022-11-28 11:47:16 - [MESSAGE][INFO] - Action delay is set to 0 milliseconds

2022-11-28 11:47:18 - [MESSAGE][PASSED] - Browser is opened with url: ''

2022-11-28 11:47:18 - [TEST_STEP][PASSED] - navigateToUrl("https://lab.everleagues.com/"): Navigate to 'https://lab.everleagues.com/' successfully

2022-11-28 11:48:25 - [MESSAGE][PASSED] - Navigate to 'https://lab.everleagues.com/' successfully

2022-11-28 11:48:25 - [TEST_STEP][PASSED] - maximizeWindow(): Current window maximized

2022-11-28 11:48:25 - [MESSAGE][PASSED] - Current window maximized

2022-11-28 11:48:25 - [TEST_STEP][PASSED] - setText(findTestObject("02-Side Icons(Organization)/Add Contact/Email Field"), "testuser02@mailinator.com"): Text 'testuser02@mailinator.com' is set on object 'Object Repository/02-Side Icons(Organization)/Add Contact/Email Field'

2022-11-28 11:48:26 - [MESSAGE][PASSED] - Text 'testuser02@mailinator.com' is set on object 'Object Repository/02-Side Icons(Organization)/Add Contact/Email Field'

2022-11-28 11:48:26 - [TEST_STEP][PASSED] - setEncryptedText(findTestObject("02-Side Icons(Organization)/Add Contact/Password Field"), "8yFRyszE6U6jvsCn51OQbg=="): Text ****** has been set on object 'Object Repository/02-Side Icons(Organization)/Add Contact/Password Field'

2022-11-28 11:48:27 - [MESSAGE][PASSED] - Text ****** has been set on object 'Object Repository/02-Side Icons(Organization)/Add Contact/Password Field'

2022-11-28 11:48:27 - [TEST_STEP][PASSED] - click(findTestObject("02-Side Icons(Organization)/Add Contact/button_Sign in")): Object: 'Object Repository/02-Side Icons(Organization)/Add Contact/button_Sign in' is clicked on

2022-11-28 11:48:27 - [MESSAGE][PASSED] - Object: 'Object Repository/02-Side Icons(Organization)/Add Contact/button_Sign in' is clicked on

2022-11-28 11:48:27 - [TEST_STEP][PASSED] - delay(2): Delayed 2 second(s)

2022-11-28 11:48:29 - [MESSAGE][PASSED] - Delayed 2 second(s)

2022-11-28 11:48:29 - [TEST_STEP][PASSED] - click(findTestObject("06-Teams/For 2FA/button_Confirm_2FA")): Object: 'Object Repository/06-Teams/For 2FA/button_Confirm_2FA' is clicked on

2022-11-28 11:48:30 - [MESSAGE][PASSED] - Object: 'Object Repository/06-Teams/For 2FA/button_Confirm_2FA' is clicked on

2022-11-28 11:48:30 - [TEST_STEP][PASSED] - executeJavaScript("window.open();", []): Execute JavaScript 'window.open();' successfully

2022-11-28 11:48:30 - [MESSAGE][PASSED] - Execute JavaScript 'window.open();' successfully

2022-11-28 11:48:30 - [TEST_STEP][PASSED] - currentWindow = getWindowIndex(): Current window's index is: 0

2022-11-28 11:48:30 - [MESSAGE][PASSED] - Current window's index is: 0

2022-11-28 11:48:30 - [TEST_STEP][PASSED] - delay(3): Delayed 3 second(s)

2022-11-28 11:48:33 - [MESSAGE][PASSED] - Delayed 3 second(s)

2022-11-28 11:48:33 - [TEST_STEP][PASSED] - switchToWindowIndex(currentWindow + 1): Switched to window with index: '1'

2022-11-28 11:48:33 - [MESSAGE][PASSED] - Switched to window with index: '1'

2022-11-28 11:48:33 - [TEST_STEP][PASSED] - navigateToUrl("https://www.mailinator.com/"): Navigate to 'https://www.mailinator.com/' successfully

2022-11-28 11:48:35 - [MESSAGE][PASSED] - Navigate to 'https://www.mailinator.com/' successfully

2022-11-28 11:48:35 - [TEST_STEP][PASSED] - delay(3): Delayed 3 second(s)

2022-11-28 11:48:38 - [MESSAGE][PASSED] - Delayed 3 second(s)

2022-11-28 11:48:38 - [TEST_STEP][PASSED] - setText(findTestObject("00-Signup and Activation/zMailinator/input_LOGIN_search"), "testuser02@mailinator.com"): Text 'testuser02@mailinator.com' is set on object 'Object Repository/00-Signup and Activation/zMailinator/input_LOGIN_search'

2022-11-28 11:48:39 - [MESSAGE][PASSED] - Text 'testuser02@mailinator.com' is set on object 'Object Repository/00-Signup and Activation/zMailinator/input_LOGIN_search'

2022-11-28 11:48:39 - [TEST_STEP][PASSED] - click(findTestObject("00-Signup and Activation/zMailinator/gobutton"), STOP_ON_FAILURE): Object: 'Object Repository/00-Signup and Activation/zMailinator/gobutton' is clicked on

2022-11-28 11:48:40 - [MESSAGE][PASSED] - Object: 'Object Repository/00-Signup and Activation/zMailinator/gobutton' is clicked on

2022-11-28 11:48:40 - [TEST_STEP][PASSED] - delay(3): Delayed 3 second(s)

2022-11-28 11:48:43 - [MESSAGE][PASSED] - Delayed 3 second(s)

2022-11-28 11:48:43 - [TEST_STEP][PASSED] - click(findTestObject("00-Signup and Activation/zMailinator/Email - everleagues")): Object: 'Object Repository/00-Signup and Activation/zMailinator/Email - everleagues' is clicked on

2022-11-28 11:48:43 - [MESSAGE][PASSED] - Object: 'Object Repository/00-Signup and Activation/zMailinator/Email - everleagues' is clicked on

2022-11-28 11:48:43 - [TEST_STEP][PASSED] - delay(3): Delayed 3 second(s)

2022-11-28 11:48:46 - [MESSAGE][PASSED] - Delayed 3 second(s)

2022-11-28 11:48:46 - [TEST_STEP][PASSED] - code = getText(findTestObject("Object Repository/06-Teams/For 2FA/2FA code")): Text of object 'Object Repository/06-Teams/For 2FA/2FA code' is: '486882'

2022-11-28 11:48:47 - [MESSAGE][PASSED] - Text of object 'Object Repository/06-Teams/For 2FA/2FA code' is: '486882'

2022-11-28 11:48:47 - [TEST_STEP][PASSED] - delay(3): Delayed 3 second(s)

2022-11-28 11:48:50 - [MESSAGE][PASSED] - Delayed 3 second(s)

2022-11-28 11:48:50 - [TEST_STEP][PASSED] - closeWindowTitle("Mailinator"): Window with title: 'Mailinator' is closed

2022-11-28 11:48:50 - [MESSAGE][PASSED] - Window with title: 'Mailinator' is closed

2022-11-28 11:48:50 - [TEST_STEP][PASSED] - delay(3): Delayed 3 second(s)

2022-11-28 11:48:53 - [MESSAGE][PASSED] - Delayed 3 second(s)

2022-11-28 11:48:53 - [TEST_STEP][PASSED] - switchToWindowIndex(0): Switched to window with index: '0'

2022-11-28 11:48:53 - [MESSAGE][PASSED] - Switched to window with index: '0'

2022-11-28 11:48:53 - [TEST_STEP][PASSED] - delay(3): Delayed 3 second(s)

2022-11-28 11:48:56 - [MESSAGE][PASSED] - Delayed 3 second(s)

2022-11-28 11:48:56 - [TEST_STEP][PASSED] - setText(findTestObject("Object Repository/06-Teams/For 2FA/input_Enter verification code_code"), code): Text '486882' is set on object 'Object Repository/06-Teams/For 2FA/input_Enter verification code_code'

2022-11-28 11:48:57 - [MESSAGE][PASSED] - Text '486882' is set on object 'Object Repository/06-Teams/For 2FA/input_Enter verification code_code'

2022-11-28 11:48:57 - [TEST_STEP][PASSED] - delay(3): Delayed 3 second(s)

2022-11-28 11:49:00 - [MESSAGE][PASSED] - Delayed 3 second(s)

2022-11-28 11:49:00 - [TEST_STEP][PASSED] - click(findTestObject("06-Teams/For 2FA/button_Verify_2FA")): Object: 'Object Repository/06-Teams/For 2FA/button_Verify_2FA' is clicked on

2022-11-28 11:49:01 - [MESSAGE][PASSED] - Object: 'Object Repository/06-Teams/For 2FA/button_Verify_2FA' is clicked on

2022-11-28 11:49:01 - [TEST_STEP][PASSED] - delay(5): Delayed 5 second(s)

2022-11-28 11:49:06 - [MESSAGE][PASSED] - Delayed 5 second(s)

2022-11-28 11:49:06 - [TEST_STEP][PASSED] - click(findTestObject("06-Teams/button_doublearrow")): Object: 'Object Repository/06-Teams/button_doublearrow' is clicked on

2022-11-28 11:49:06 - [MESSAGE][PASSED] - Object: 'Object Repository/06-Teams/button_doublearrow' is clicked on

2022-11-28 11:49:06 - [TEST_STEP][PASSED] - click(findTestObject("06-Teams/button_My Organizations")): Object: 'Object Repository/06-Teams/button_My Organizations' is clicked on

2022-11-28 11:49:07 - [MESSAGE][PASSED] - Object: 'Object Repository/06-Teams/button_My Organizations' is clicked on

2022-11-28 11:49:07 - [TEST_STEP][PASSED] - click(findTestObject("06-Teams/button_GG Automation")): Object: 'Object Repository/06-Teams/button_GG Automation' is clicked on

2022-11-28 11:49:08 - [MESSAGE][PASSED] - Object: 'Object Repository/06-Teams/button_GG Automation' is clicked on

2022-11-28 11:49:08 - [TEST_STEP][PASSED] - delay(4): Delayed 4 second(s)

2022-11-28 11:49:12 - [MESSAGE][PASSED] - Delayed 4 second(s)

2022-11-28 11:49:12 - [TEST_STEP][PASSED] - verifyElementVisible(findTestObject("06-Teams/span_GG Automation")): Object 'Object Repository/06-Teams/span_GG Automation' is visible

2022-11-28 11:49:12 - [MESSAGE][PASSED] - Object 'Object Repository/06-Teams/span_GG Automation' is visible

2022-11-28 11:49:12 - [TEST_STEP][PASSED] - delay(5): Delayed 5 second(s)

2022-11-28 11:49:17 - [MESSAGE][PASSED] - Delayed 5 second(s)

2022-11-28 11:49:17 - [TEST_STEP][PASSED] - click(findTestObject("03-Header Menu/Hamburger Button/div_Settings")): Object: 'Object Repository/03-Header Menu/Hamburger Button/div_Settings' is clicked on

2022-11-28 11:49:17 - [MESSAGE][PASSED] - Object: 'Object Repository/03-Header Menu/Hamburger Button/div_Settings' is clicked on

2022-11-28 11:49:17 - [TEST_STEP][PASSED] - verifyElementVisible(findTestObject("09-Settings/Users/div_Organization")): Object 'Object Repository/09-Settings/Users/div_Organization' is visible

2022-11-28 11:49:18 - [MESSAGE][PASSED] - Object 'Object Repository/09-Settings/Users/div_Organization' is visible

2022-11-28 11:49:18 - [TEST_STEP][PASSED] - verifyElementVisible(findTestObject("09-Settings/Users/div_Organization Units")): Object 'Object Repository/09-Settings/Users/div_Organization Units' is visible

2022-11-28 11:49:18 - [MESSAGE][PASSED] - Object 'Object Repository/09-Settings/Users/div_Organization Units' is visible

2022-11-28 11:49:18 - [TEST_STEP][PASSED] - verifyElementVisible(findTestObject("09-Settings/Users/div_Subscriptions")): Object 'Object Repository/09-Settings/Users/div_Subscriptions' is visible

2022-11-28 11:49:19 - [MESSAGE][PASSED] - Object 'Object Repository/09-Settings/Users/div_Subscriptions' is visible

2022-11-28 11:49:19 - [TEST_STEP][PASSED] - verifyElementVisible(findTestObject("09-Settings/Users/div_Users")): Object 'Object Repository/09-Settings/Users/div_Users' is visible

2022-11-28 11:49:19 - [MESSAGE][PASSED] - Object 'Object Repository/09-Settings/Users/div_Users' is visible

2022-11-28 11:49:19 - [TEST_STEP][PASSED] - delay(3): Delayed 3 second(s)

2022-11-28 11:49:22 - [MESSAGE][PASSED] - Delayed 3 second(s)

2022-11-28 11:49:22 - [TEST_STEP][PASSED] - click(findTestObject("09-Settings/Users/div_Users")): Object: 'Object Repository/09-Settings/Users/div_Users' is clicked on

2022-11-28 11:49:23 - [MESSAGE][PASSED] - Object: 'Object Repository/09-Settings/Users/div_Users' is clicked on

2022-11-28 11:49:23 - [TEST_STEP][PASSED] - verifyElementVisible(findTestObject("09-Settings/Users/h4_USERS")): Object 'Object Repository/09-Settings/Users/h4_USERS' is visible

2022-11-28 11:49:24 - [MESSAGE][PASSED] - Object 'Object Repository/09-Settings/Users/h4_USERS' is visible

2022-11-28 11:49:24 - [TEST_STEP][PASSED] - verifyElementVisible(findTestObject("09-Settings/Users/User Page")): Object 'Object Repository/09-Settings/Users/User Page' is visible

2022-11-28 11:49:24 - [MESSAGE][PASSED] - Object 'Object Repository/09-Settings/Users/User Page' is visible

2022-11-28 11:49:24 - [TEST_STEP][PASSED] - delay(3): Delayed 3 second(s)

2022-11-28 11:49:27 - [MESSAGE][PASSED] - Delayed 3 second(s)

2022-11-28 11:49:27 - [TEST_STEP][PASSED] - click(findTestObject("09-Settings/Users/button_add")): Object: 'Object Repository/09-Settings/Users/button_add' is clicked on

2022-11-28 11:49:27 - [MESSAGE][PASSED] - Object: 'Object Repository/09-Settings/Users/button_add' is clicked on

2022-11-28 11:49:27 - [TEST_STEP][PASSED] - verifyElementVisible(findTestObject("09-Settings/Users/User Invitation modal")): Object 'Object Repository/09-Settings/Users/User Invitation modal' is visible

2022-11-28 11:49:28 - [MESSAGE][PASSED] - Object 'Object Repository/09-Settings/Users/User Invitation modal' is visible

2022-11-28 11:49:28 - [TEST_STEP][PASSED] - delay(3): Delayed 3 second(s)

2022-11-28 11:49:31 - [MESSAGE][PASSED] - Delayed 3 second(s)

2022-11-28 11:49:31 - [TEST_STEP][PASSED] - click(findTestObject("09-Settings/Users/add Invite a single user")): Object: 'Object Repository/09-Settings/Users/add Invite a single user' is clicked on

2022-11-28 11:49:31 - [MESSAGE][PASSED] - Object: 'Object Repository/09-Settings/Users/add Invite a single user' is clicked on

2022-11-28 11:49:31 - [TEST_STEP][PASSED] - verifyElementVisible(findTestObject("09-Settings/Users/Invite new user modal")): Object 'Object Repository/09-Settings/Users/Invite new user modal' is visible

2022-11-28 11:49:33 - [MESSAGE][PASSED] - Object 'Object Repository/09-Settings/Users/Invite new user modal' is visible

2022-11-28 11:49:33 - [TEST_STEP][PASSED] - click(findTestObject("09-Settings/Users/input_email")): Object: 'Object Repository/09-Settings/Users/input_email' is clicked on

2022-11-28 11:49:33 - [MESSAGE][PASSED] - Object: 'Object Repository/09-Settings/Users/input_email' is clicked on

2022-11-28 11:49:33 - [TEST_STEP][PASSED] - click(findTestObject("09-Settings/Users/input_firstName")): Object: 'Object Repository/09-Settings/Users/input_firstName' is clicked on

2022-11-28 11:49:33 - [MESSAGE][PASSED] - Object: 'Object Repository/09-Settings/Users/input_firstName' is clicked on

2022-11-28 11:49:33 - [TEST_STEP][PASSED] - click(findTestObject("09-Settings/Users/input_lastName")): Object: 'Object Repository/09-Settings/Users/input_lastName' is clicked on

2022-11-28 11:49:34 - [MESSAGE][PASSED] - Object: 'Object Repository/09-Settings/Users/input_lastName' is clicked on

2022-11-28 11:49:34 - [TEST_STEP][PASSED] - click(findTestObject("09-Settings/Users/span_Role")): Object: 'Object Repository/09-Settings/Users/span_Role' is clicked on

2022-11-28 11:49:34 - [MESSAGE][PASSED] - Object: 'Object Repository/09-Settings/Users/span_Role' is clicked on

2022-11-28 11:49:34 - [TEST_STEP][PASSED] - clickOffset(findTestObject("09-Settings/Users/h4_Invite New User"), 100, 100): Object: 'Object Repository/09-Settings/Users/h4_Invite New User' is clicked on using offset x=100 and y=100

2022-11-28 11:49:35 - [MESSAGE][PASSED] - Object: 'Object Repository/09-Settings/Users/h4_Invite New User' is clicked on using offset x=100 and y=100

2022-11-28 11:49:35 - [TEST_STEP][PASSED] - verifyElementVisible(findTestObject("09-Settings/Users/Email required")): Object 'Object Repository/09-Settings/Users/Email required' is visible

2022-11-28 11:49:36 - [MESSAGE][PASSED] - Object 'Object Repository/09-Settings/Users/Email required' is visible

2022-11-28 11:49:36 - [TEST_STEP][PASSED] - verifyElementVisible(findTestObject("09-Settings/Users/Firstname required")): Object 'Object Repository/09-Settings/Users/Firstname required' is visible

2022-11-28 11:49:37 - [MESSAGE][PASSED] - Object 'Object Repository/09-Settings/Users/Firstname required' is visible

2022-11-28 11:49:37 - [TEST_STEP][PASSED] - verifyElementVisible(findTestObject("09-Settings/Users/last name required")): Object 'Object Repository/09-Settings/Users/last name required' is visible

2022-11-28 11:49:37 - [MESSAGE][PASSED] - Object 'Object Repository/09-Settings/Users/last name required' is visible

2022-11-28 11:49:37 - [TEST_STEP][PASSED] - verifyElementVisible(findTestObject("09-Settings/Users/error_Select a role")): Object 'Object Repository/09-Settings/Users/error_Select a role' is visible

2022-11-28 11:49:38 - [MESSAGE][PASSED] - Object 'Object Repository/09-Settings/Users/error_Select a role' is visible]]></system-out>
         <system-err><![CDATA[]]></system-err>
      </testcase>
      <testcase name="Test Cases/09-Settings/02 - Users (Invite new user as co worker)" time="340.802" classname="Test Cases/09-Settings/02 - Users (Invite new user as co worker)" status="PASSED">
         <system-out><![CDATA[2022-11-28 11:49:38 - [TEST_CASE][PASSED] - Test Cases/09-Settings/02 - Users (Invite new user as co worker): Test Cases/09-Settings/02 - Users (Invite new user as co worker)

2022-11-28 11:49:38 - [TEST_STEP][PASSED] - delay(3): Delayed 3 second(s)

2022-11-28 11:49:41 - [MESSAGE][PASSED] - Delayed 3 second(s)

2022-11-28 11:49:41 - [TEST_STEP][PASSED] - setText(findTestObject("09-Settings/Users/input_email"), "autotester04@mailinator.com"): Text 'autotester04@mailinator.com' is set on object 'Object Repository/09-Settings/Users/input_email'

2022-11-28 11:49:42 - [MESSAGE][PASSED] - Text 'autotester04@mailinator.com' is set on object 'Object Repository/09-Settings/Users/input_email'

2022-11-28 11:49:42 - [TEST_STEP][PASSED] - setText(findTestObject("09-Settings/Users/input_firstName"), "GG"): Text 'GG' is set on object 'Object Repository/09-Settings/Users/input_firstName'

2022-11-28 11:49:43 - [MESSAGE][PASSED] - Text 'GG' is set on object 'Object Repository/09-Settings/Users/input_firstName'

2022-11-28 11:49:43 - [TEST_STEP][PASSED] - setText(findTestObject("09-Settings/Users/input_lastName"), "Auto Contact 2"): Text 'Auto Contact 2' is set on object 'Object Repository/09-Settings/Users/input_lastName'

2022-11-28 11:49:44 - [MESSAGE][PASSED] - Text 'Auto Contact 2' is set on object 'Object Repository/09-Settings/Users/input_lastName'

2022-11-28 11:49:44 - [TEST_STEP][PASSED] - click(findTestObject("09-Settings/Users/span_Role")): Object: 'Object Repository/09-Settings/Users/span_Role' is clicked on

2022-11-28 11:49:44 - [MESSAGE][PASSED] - Object: 'Object Repository/09-Settings/Users/span_Role' is clicked on

2022-11-28 11:49:44 - [TEST_STEP][PASSED] - click(findTestObject("09-Settings/Users/span_CoWorker")): Object: 'Object Repository/09-Settings/Users/span_CoWorker' is clicked on

2022-11-28 11:49:44 - [MESSAGE][PASSED] - Object: 'Object Repository/09-Settings/Users/span_CoWorker' is clicked on

2022-11-28 11:49:44 - [TEST_STEP][PASSED] - click(findTestObject("09-Settings/Users/button_Send Invitation")): Object: 'Object Repository/09-Settings/Users/button_Send Invitation' is clicked on

2022-11-28 11:49:45 - [MESSAGE][PASSED] - Object: 'Object Repository/09-Settings/Users/button_Send Invitation' is clicked on

2022-11-28 11:49:45 - [TEST_STEP][PASSED] - delay(2): Delayed 2 second(s)

2022-11-28 11:49:47 - [MESSAGE][PASSED] - Delayed 2 second(s)

2022-11-28 11:49:47 - [TEST_STEP][PASSED] - verifyElementVisible(findTestObject("07-Directory/Connections/zContact Profile/Successfully invited user")): Object 'Object Repository/07-Directory/Connections/zContact Profile/Successfully invited user' is visible

2022-11-28 11:49:49 - [MESSAGE][PASSED] - Object 'Object Repository/07-Directory/Connections/zContact Profile/Successfully invited user' is visible

2022-11-28 11:49:49 - [TEST_STEP][PASSED] - delay(2): Delayed 2 second(s)

2022-11-28 11:49:51 - [MESSAGE][PASSED] - Delayed 2 second(s)

2022-11-28 11:49:51 - [TEST_STEP][PASSED] - executeJavaScript("window.open();", []): Execute JavaScript 'window.open();' successfully

2022-11-28 11:49:51 - [MESSAGE][PASSED] - Execute JavaScript 'window.open();' successfully

2022-11-28 11:49:51 - [TEST_STEP][PASSED] - currentWindow = getWindowIndex(): Current window's index is: 0

2022-11-28 11:49:51 - [MESSAGE][PASSED] - Current window's index is: 0

2022-11-28 11:49:51 - [TEST_STEP][PASSED] - delay(3): Delayed 3 second(s)

2022-11-28 11:49:54 - [MESSAGE][PASSED] - Delayed 3 second(s)

2022-11-28 11:49:54 - [TEST_STEP][PASSED] - switchToWindowIndex(currentWindow + 1): Switched to window with index: '1'

2022-11-28 11:49:54 - [MESSAGE][PASSED] - Switched to window with index: '1'

2022-11-28 11:49:54 - [TEST_STEP][PASSED] - navigateToUrl("https://www.mailinator.com/"): Navigate to 'https://www.mailinator.com/' successfully

2022-11-28 11:49:55 - [MESSAGE][PASSED] - Navigate to 'https://www.mailinator.com/' successfully

2022-11-28 11:49:55 - [TEST_STEP][PASSED] - delay(3): Delayed 3 second(s)

2022-11-28 11:49:58 - [MESSAGE][PASSED] - Delayed 3 second(s)

2022-11-28 11:49:58 - [TEST_STEP][PASSED] - setText(findTestObject("00-Signup and Activation/zMailinator/input_LOGIN_search"), "autotester04@mailinator.com"): Text 'autotester04@mailinator.com' is set on object 'Object Repository/00-Signup and Activation/zMailinator/input_LOGIN_search'

2022-11-28 11:49:59 - [MESSAGE][PASSED] - Text 'autotester04@mailinator.com' is set on object 'Object Repository/00-Signup and Activation/zMailinator/input_LOGIN_search'

2022-11-28 11:49:59 - [TEST_STEP][PASSED] - click(findTestObject("00-Signup and Activation/zMailinator/gobutton"), STOP_ON_FAILURE): Object: 'Object Repository/00-Signup and Activation/zMailinator/gobutton' is clicked on

2022-11-28 11:50:00 - [MESSAGE][PASSED] - Object: 'Object Repository/00-Signup and Activation/zMailinator/gobutton' is clicked on

2022-11-28 11:50:00 - [TEST_STEP][PASSED] - delay(3): Delayed 3 second(s)

2022-11-28 11:50:03 - [MESSAGE][PASSED] - Delayed 3 second(s)

2022-11-28 11:50:03 - [TEST_STEP][PASSED] - closeWindowTitle("Everleagues"): Window with title: 'Everleagues' is closed

2022-11-28 11:50:03 - [MESSAGE][PASSED] - Window with title: 'Everleagues' is closed

2022-11-28 11:50:03 - [TEST_STEP][PASSED] - switchToWindowIndex(0): Switched to window with index: '0'

2022-11-28 11:50:03 - [MESSAGE][PASSED] - Switched to window with index: '0'

2022-11-28 11:50:03 - [TEST_STEP][PASSED] - click(findTestObject("09-Settings/Users/Co worker/td_Invitation from GG Automation")): Object: 'Object Repository/09-Settings/Users/Co worker/td_Invitation from GG Automation' is clicked on

2022-11-28 11:50:03 - [MESSAGE][PASSED] - Object: 'Object Repository/09-Settings/Users/Co worker/td_Invitation from GG Automation' is clicked on

2022-11-28 11:50:03 - [TEST_STEP][PASSED] - click(findTestObject("09-Settings/Users/Co worker/a_Click here to join GG Automation on EverLeagues")): Object: 'Object Repository/09-Settings/Users/Co worker/a_Click here to join GG Automation on EverLeagues' is clicked on

2022-11-28 11:50:04 - [MESSAGE][PASSED] - Object: 'Object Repository/09-Settings/Users/Co worker/a_Click here to join GG Automation on EverLeagues' is clicked on

2022-11-28 11:50:04 - [TEST_STEP][PASSED] - closeWindowTitle("Mailinator"): Window with title: 'Mailinator' is closed

2022-11-28 11:50:04 - [MESSAGE][PASSED] - Window with title: 'Mailinator' is closed

2022-11-28 11:50:04 - [TEST_STEP][PASSED] - switchToWindowIndex(0): Switched to window with index: '0'

2022-11-28 11:50:04 - [MESSAGE][PASSED] - Switched to window with index: '0'

2022-11-28 11:50:04 - [TEST_STEP][PASSED] - verifyElementVisible(findTestObject("09-Settings/Users/Co worker/Logout before proceed modal")): Object 'Object Repository/09-Settings/Users/Co worker/Logout before proceed modal' is visible

2022-11-28 11:50:10 - [MESSAGE][PASSED] - Object 'Object Repository/09-Settings/Users/Co worker/Logout before proceed modal' is visible

2022-11-28 11:50:10 - [TEST_STEP][PASSED] - click(findTestObject("09-Settings/Users/Co worker/button_Yes")): Object: 'Object Repository/09-Settings/Users/Co worker/button_Yes' is clicked on

2022-11-28 11:50:10 - [MESSAGE][PASSED] - Object: 'Object Repository/09-Settings/Users/Co worker/button_Yes' is clicked on

2022-11-28 11:50:10 - [TEST_STEP][PASSED] - delay(3): Delayed 3 second(s)

2022-11-28 11:50:13 - [MESSAGE][PASSED] - Delayed 3 second(s)

2022-11-28 11:50:13 - [TEST_STEP][PASSED] - setText(findTestObject("09-Settings/Users/Co worker/input_Email_email"), "autotester04@mailinator.com"): Text 'autotester04@mailinator.com' is set on object 'Object Repository/09-Settings/Users/Co worker/input_Email_email'

2022-11-28 11:51:14 - [MESSAGE][PASSED] - Text 'autotester04@mailinator.com' is set on object 'Object Repository/09-Settings/Users/Co worker/input_Email_email'

2022-11-28 11:51:14 - [TEST_STEP][PASSED] - setEncryptedText(findTestObject("09-Settings/Users/Co worker/input__password"), "8yFRyszE6U6jvsCn51OQbg=="): Text ****** has been set on object 'Object Repository/09-Settings/Users/Co worker/input__password'

2022-11-28 11:51:44 - [MESSAGE][PASSED] - Text ****** has been set on object 'Object Repository/09-Settings/Users/Co worker/input__password'

2022-11-28 11:51:44 - [TEST_STEP][PASSED] - click(findTestObject("02-Side Icons(Organization)/Add Contact/button_Sign in")): Object: 'Object Repository/02-Side Icons(Organization)/Add Contact/button_Sign in' is clicked on

2022-11-28 11:52:14 - [MESSAGE][PASSED] - Object: 'Object Repository/02-Side Icons(Organization)/Add Contact/button_Sign in' is clicked on

2022-11-28 11:52:14 - [TEST_STEP][PASSED] - delay(2): Delayed 2 second(s)

2022-11-28 11:52:16 - [MESSAGE][PASSED] - Delayed 2 second(s)

2022-11-28 11:52:16 - [TEST_STEP][PASSED] - click(findTestObject("06-Teams/For 2FA/button_Confirm_2FA")): Object: 'Object Repository/06-Teams/For 2FA/button_Confirm_2FA' is clicked on

2022-11-28 11:52:46 - [MESSAGE][PASSED] - Object: 'Object Repository/06-Teams/For 2FA/button_Confirm_2FA' is clicked on

2022-11-28 11:52:46 - [TEST_STEP][PASSED] - executeJavaScript("window.open();", []): Execute JavaScript 'window.open();' successfully

2022-11-28 11:52:46 - [MESSAGE][PASSED] - Execute JavaScript 'window.open();' successfully

2022-11-28 11:52:46 - [TEST_STEP][PASSED] - currentWindow = getWindowIndex(): Current window's index is: 0

2022-11-28 11:52:46 - [MESSAGE][PASSED] - Current window's index is: 0

2022-11-28 11:52:46 - [TEST_STEP][PASSED] - delay(3): Delayed 3 second(s)

2022-11-28 11:52:49 - [MESSAGE][PASSED] - Delayed 3 second(s)

2022-11-28 11:52:49 - [TEST_STEP][PASSED] - switchToWindowIndex(currentWindow + 1): Switched to window with index: '1'

2022-11-28 11:52:49 - [MESSAGE][PASSED] - Switched to window with index: '1'

2022-11-28 11:52:49 - [TEST_STEP][PASSED] - navigateToUrl("https://www.mailinator.com/"): Navigate to 'https://www.mailinator.com/' successfully

2022-11-28 11:52:51 - [MESSAGE][PASSED] - Navigate to 'https://www.mailinator.com/' successfully

2022-11-28 11:52:51 - [TEST_STEP][PASSED] - delay(3): Delayed 3 second(s)

2022-11-28 11:52:54 - [MESSAGE][PASSED] - Delayed 3 second(s)

2022-11-28 11:52:54 - [TEST_STEP][PASSED] - setText(findTestObject("00-Signup and Activation/zMailinator/input_LOGIN_search"), "autotester04@mailinator.com"): Text 'autotester04@mailinator.com' is set on object 'Object Repository/00-Signup and Activation/zMailinator/input_LOGIN_search'

2022-11-28 11:52:54 - [MESSAGE][PASSED] - Text 'autotester04@mailinator.com' is set on object 'Object Repository/00-Signup and Activation/zMailinator/input_LOGIN_search'

2022-11-28 11:52:54 - [TEST_STEP][PASSED] - click(findTestObject("00-Signup and Activation/zMailinator/gobutton"), STOP_ON_FAILURE): Object: 'Object Repository/00-Signup and Activation/zMailinator/gobutton' is clicked on

2022-11-28 11:52:55 - [MESSAGE][PASSED] - Object: 'Object Repository/00-Signup and Activation/zMailinator/gobutton' is clicked on

2022-11-28 11:52:55 - [TEST_STEP][PASSED] - delay(3): Delayed 3 second(s)

2022-11-28 11:52:58 - [MESSAGE][PASSED] - Delayed 3 second(s)

2022-11-28 11:52:58 - [TEST_STEP][PASSED] - click(findTestObject("00-Signup and Activation/zMailinator/Email - everleagues")): Object: 'Object Repository/00-Signup and Activation/zMailinator/Email - everleagues' is clicked on

2022-11-28 11:52:58 - [MESSAGE][PASSED] - Object: 'Object Repository/00-Signup and Activation/zMailinator/Email - everleagues' is clicked on

2022-11-28 11:52:58 - [TEST_STEP][PASSED] - delay(3): Delayed 3 second(s)

2022-11-28 11:53:01 - [MESSAGE][PASSED] - Delayed 3 second(s)

2022-11-28 11:53:01 - [TEST_STEP][PASSED] - codetwo = getText(findTestObject("Object Repository/06-Teams/For 2FA/2FA code")): Text of object 'Object Repository/06-Teams/For 2FA/2FA code' is: '470688'

2022-11-28 11:53:02 - [MESSAGE][PASSED] - Text of object 'Object Repository/06-Teams/For 2FA/2FA code' is: '470688'

2022-11-28 11:53:02 - [TEST_STEP][PASSED] - delay(3): Delayed 3 second(s)

2022-11-28 11:53:05 - [MESSAGE][PASSED] - Delayed 3 second(s)

2022-11-28 11:53:05 - [TEST_STEP][PASSED] - closeWindowTitle("Mailinator"): Window with title: 'Mailinator' is closed

2022-11-28 11:53:05 - [MESSAGE][PASSED] - Window with title: 'Mailinator' is closed

2022-11-28 11:53:05 - [TEST_STEP][PASSED] - delay(3): Delayed 3 second(s)

2022-11-28 11:53:08 - [MESSAGE][PASSED] - Delayed 3 second(s)

2022-11-28 11:53:08 - [TEST_STEP][PASSED] - switchToWindowIndex(0): Switched to window with index: '0'

2022-11-28 11:53:08 - [MESSAGE][PASSED] - Switched to window with index: '0'

2022-11-28 11:53:08 - [TEST_STEP][PASSED] - delay(3): Delayed 3 second(s)

2022-11-28 11:53:11 - [MESSAGE][PASSED] - Delayed 3 second(s)

2022-11-28 11:53:11 - [TEST_STEP][PASSED] - setText(findTestObject("Object Repository/06-Teams/For 2FA/input_Enter verification code_code"), codetwo): Text '470688' is set on object 'Object Repository/06-Teams/For 2FA/input_Enter verification code_code'

2022-11-28 11:54:11 - [MESSAGE][PASSED] - Text '470688' is set on object 'Object Repository/06-Teams/For 2FA/input_Enter verification code_code'

2022-11-28 11:54:11 - [TEST_STEP][PASSED] - delay(3): Delayed 3 second(s)

2022-11-28 11:54:14 - [MESSAGE][PASSED] - Delayed 3 second(s)

2022-11-28 11:54:14 - [TEST_STEP][PASSED] - click(findTestObject("06-Teams/For 2FA/button_Verify_2FA")): Object: 'Object Repository/06-Teams/For 2FA/button_Verify_2FA' is clicked on

2022-11-28 11:54:45 - [MESSAGE][PASSED] - Object: 'Object Repository/06-Teams/For 2FA/button_Verify_2FA' is clicked on

2022-11-28 11:54:45 - [TEST_STEP][PASSED] - delay(5): Delayed 5 second(s)

2022-11-28 11:54:50 - [MESSAGE][PASSED] - Delayed 5 second(s)

2022-11-28 11:54:50 - [TEST_STEP][PASSED] - executeJavaScript("window.open();", []): Execute JavaScript 'window.open();' successfully

2022-11-28 11:54:50 - [MESSAGE][PASSED] - Execute JavaScript 'window.open();' successfully

2022-11-28 11:54:50 - [TEST_STEP][PASSED] - currentWindow = getWindowIndex(): Current window's index is: 0

2022-11-28 11:54:50 - [MESSAGE][PASSED] - Current window's index is: 0

2022-11-28 11:54:50 - [TEST_STEP][PASSED] - delay(3): Delayed 3 second(s)

2022-11-28 11:54:53 - [MESSAGE][PASSED] - Delayed 3 second(s)

2022-11-28 11:54:53 - [TEST_STEP][PASSED] - switchToWindowIndex(currentWindow + 1): Switched to window with index: '1'

2022-11-28 11:54:53 - [MESSAGE][PASSED] - Switched to window with index: '1'

2022-11-28 11:54:53 - [TEST_STEP][PASSED] - navigateToUrl("https://www.mailinator.com/"): Navigate to 'https://www.mailinator.com/' successfully

2022-11-28 11:54:54 - [MESSAGE][PASSED] - Navigate to 'https://www.mailinator.com/' successfully

2022-11-28 11:54:54 - [TEST_STEP][PASSED] - delay(3): Delayed 3 second(s)

2022-11-28 11:54:57 - [MESSAGE][PASSED] - Delayed 3 second(s)

2022-11-28 11:54:57 - [TEST_STEP][PASSED] - setText(findTestObject("00-Signup and Activation/zMailinator/input_LOGIN_search"), "autotester04@mailinator.com"): Text 'autotester04@mailinator.com' is set on object 'Object Repository/00-Signup and Activation/zMailinator/input_LOGIN_search'

2022-11-28 11:54:58 - [MESSAGE][PASSED] - Text 'autotester04@mailinator.com' is set on object 'Object Repository/00-Signup and Activation/zMailinator/input_LOGIN_search'

2022-11-28 11:54:58 - [TEST_STEP][PASSED] - click(findTestObject("00-Signup and Activation/zMailinator/gobutton"), STOP_ON_FAILURE): Object: 'Object Repository/00-Signup and Activation/zMailinator/gobutton' is clicked on

2022-11-28 11:54:59 - [MESSAGE][PASSED] - Object: 'Object Repository/00-Signup and Activation/zMailinator/gobutton' is clicked on

2022-11-28 11:54:59 - [TEST_STEP][PASSED] - delay(3): Delayed 3 second(s)

2022-11-28 11:55:02 - [MESSAGE][PASSED] - Delayed 3 second(s)

2022-11-28 11:55:02 - [TEST_STEP][PASSED] - closeWindowTitle("Everleagues"): Window with title: 'Everleagues' is closed

2022-11-28 11:55:02 - [MESSAGE][PASSED] - Window with title: 'Everleagues' is closed

2022-11-28 11:55:02 - [TEST_STEP][PASSED] - switchToWindowIndex(0): Switched to window with index: '0'

2022-11-28 11:55:02 - [MESSAGE][PASSED] - Switched to window with index: '0'

2022-11-28 11:55:02 - [TEST_STEP][PASSED] - click(findTestObject("09-Settings/Users/Co worker/td_Invitation from GG Automation")): Object: 'Object Repository/09-Settings/Users/Co worker/td_Invitation from GG Automation' is clicked on

2022-11-28 11:55:02 - [MESSAGE][PASSED] - Object: 'Object Repository/09-Settings/Users/Co worker/td_Invitation from GG Automation' is clicked on

2022-11-28 11:55:02 - [TEST_STEP][PASSED] - click(findTestObject("09-Settings/Users/Co worker/a_Click here to join GG Automation on EverLeagues")): Object: 'Object Repository/09-Settings/Users/Co worker/a_Click here to join GG Automation on EverLeagues' is clicked on

2022-11-28 11:55:03 - [MESSAGE][PASSED] - Object: 'Object Repository/09-Settings/Users/Co worker/a_Click here to join GG Automation on EverLeagues' is clicked on

2022-11-28 11:55:03 - [TEST_STEP][PASSED] - delay(3): Delayed 3 second(s)

2022-11-28 11:55:06 - [MESSAGE][PASSED] - Delayed 3 second(s)

2022-11-28 11:55:06 - [TEST_STEP][PASSED] - closeWindowTitle("Mailinator"): Window with title: 'Mailinator' is closed

2022-11-28 11:55:06 - [MESSAGE][PASSED] - Window with title: 'Mailinator' is closed

2022-11-28 11:55:06 - [TEST_STEP][PASSED] - switchToWindowIndex(0): Switched to window with index: '0'

2022-11-28 11:55:06 - [MESSAGE][PASSED] - Switched to window with index: '0'

2022-11-28 11:55:06 - [TEST_STEP][PASSED] - verifyElementVisible(findTestObject("09-Settings/Users/Co worker/Invite modal")): Object 'Object Repository/09-Settings/Users/Co worker/Invite modal' is visible

2022-11-28 11:55:08 - [MESSAGE][PASSED] - Object 'Object Repository/09-Settings/Users/Co worker/Invite modal' is visible

2022-11-28 11:55:08 - [TEST_STEP][PASSED] - click(findTestObject("09-Settings/Users/Co worker/button_Accept")): Object: 'Object Repository/09-Settings/Users/Co worker/button_Accept' is clicked on

2022-11-28 11:55:09 - [MESSAGE][PASSED] - Object: 'Object Repository/09-Settings/Users/Co worker/button_Accept' is clicked on

2022-11-28 11:55:09 - [TEST_STEP][PASSED] - delay(5): Delayed 5 second(s)

2022-11-28 11:55:14 - [MESSAGE][PASSED] - Delayed 5 second(s)

2022-11-28 11:55:14 - [TEST_STEP][PASSED] - verifyElementVisible(findTestObject("09-Settings/Users/Co worker/div_Joined as CoWorker")): Object 'Object Repository/09-Settings/Users/Co worker/div_Joined as CoWorker' is visible

2022-11-28 11:55:17 - [MESSAGE][PASSED] - Object 'Object Repository/09-Settings/Users/Co worker/div_Joined as CoWorker' is visible

2022-11-28 11:55:17 - [TEST_STEP][PASSED] - closeBrowser(): Browser is closed

2022-11-28 11:55:18 - [MESSAGE][PASSED] - Browser is closed]]></system-out>
         <system-err><![CDATA[]]></system-err>
      </testcase>
      <testcase name="Test Cases/09-Settings/03 - Users (Invite new user as client)" time="203.527" classname="Test Cases/09-Settings/03 - Users (Invite new user as client)" status="PASSED">
         <system-out><![CDATA[2022-11-28 11:55:18 - [TEST_CASE][PASSED] - Test Cases/09-Settings/03 - Users (Invite new user as client): Test Cases/09-Settings/03 - Users (Invite new user as client)

2022-11-28 11:55:19 - [TEST_STEP][PASSED] - openBrowser(""): Browser is opened with url: ''

2022-11-28 11:55:19 - [MESSAGE][INFO] - Starting 'Chrome' driver

2022-11-28 11:55:19 - [MESSAGE][INFO] - Action delay is set to 0 milliseconds

2022-11-28 11:55:20 - [MESSAGE][PASSED] - Browser is opened with url: ''

2022-11-28 11:55:20 - [TEST_STEP][PASSED] - navigateToUrl("https://lab.everleagues.com/"): Navigate to 'https://lab.everleagues.com/' successfully

2022-11-28 11:55:48 - [MESSAGE][PASSED] - Navigate to 'https://lab.everleagues.com/' successfully

2022-11-28 11:55:48 - [TEST_STEP][PASSED] - maximizeWindow(): Current window maximized

2022-11-28 11:55:48 - [MESSAGE][PASSED] - Current window maximized

2022-11-28 11:55:48 - [TEST_STEP][PASSED] - setText(findTestObject("02-Side Icons(Organization)/Add Contact/Email Field"), "testuser02@mailinator.com"): Text 'testuser02@mailinator.com' is set on object 'Object Repository/02-Side Icons(Organization)/Add Contact/Email Field'

2022-11-28 11:55:48 - [MESSAGE][PASSED] - Text 'testuser02@mailinator.com' is set on object 'Object Repository/02-Side Icons(Organization)/Add Contact/Email Field'

2022-11-28 11:55:48 - [TEST_STEP][PASSED] - setEncryptedText(findTestObject("02-Side Icons(Organization)/Add Contact/Password Field"), "8yFRyszE6U6jvsCn51OQbg=="): Text ****** has been set on object 'Object Repository/02-Side Icons(Organization)/Add Contact/Password Field'

2022-11-28 11:55:49 - [MESSAGE][PASSED] - Text ****** has been set on object 'Object Repository/02-Side Icons(Organization)/Add Contact/Password Field'

2022-11-28 11:55:49 - [TEST_STEP][PASSED] - click(findTestObject("02-Side Icons(Organization)/Add Contact/button_Sign in")): Object: 'Object Repository/02-Side Icons(Organization)/Add Contact/button_Sign in' is clicked on

2022-11-28 11:55:50 - [MESSAGE][PASSED] - Object: 'Object Repository/02-Side Icons(Organization)/Add Contact/button_Sign in' is clicked on

2022-11-28 11:55:50 - [TEST_STEP][PASSED] - delay(2): Delayed 2 second(s)

2022-11-28 11:55:52 - [MESSAGE][PASSED] - Delayed 2 second(s)

2022-11-28 11:55:52 - [TEST_STEP][PASSED] - click(findTestObject("06-Teams/For 2FA/button_Confirm_2FA")): Object: 'Object Repository/06-Teams/For 2FA/button_Confirm_2FA' is clicked on

2022-11-28 11:55:52 - [MESSAGE][PASSED] - Object: 'Object Repository/06-Teams/For 2FA/button_Confirm_2FA' is clicked on

2022-11-28 11:55:52 - [TEST_STEP][PASSED] - executeJavaScript("window.open();", []): Execute JavaScript 'window.open();' successfully

2022-11-28 11:55:52 - [MESSAGE][PASSED] - Execute JavaScript 'window.open();' successfully

2022-11-28 11:55:52 - [TEST_STEP][PASSED] - currentWindow = getWindowIndex(): Current window's index is: 0

2022-11-28 11:55:52 - [MESSAGE][PASSED] - Current window's index is: 0

2022-11-28 11:55:52 - [TEST_STEP][PASSED] - delay(3): Delayed 3 second(s)

2022-11-28 11:55:55 - [MESSAGE][PASSED] - Delayed 3 second(s)

2022-11-28 11:55:55 - [TEST_STEP][PASSED] - switchToWindowIndex(currentWindow + 1): Switched to window with index: '1'

2022-11-28 11:55:55 - [MESSAGE][PASSED] - Switched to window with index: '1'

2022-11-28 11:55:55 - [TEST_STEP][PASSED] - navigateToUrl("https://www.mailinator.com/"): Navigate to 'https://www.mailinator.com/' successfully

2022-11-28 11:55:57 - [MESSAGE][PASSED] - Navigate to 'https://www.mailinator.com/' successfully

2022-11-28 11:55:57 - [TEST_STEP][PASSED] - delay(3): Delayed 3 second(s)

2022-11-28 11:56:00 - [MESSAGE][PASSED] - Delayed 3 second(s)

2022-11-28 11:56:00 - [TEST_STEP][PASSED] - setText(findTestObject("00-Signup and Activation/zMailinator/input_LOGIN_search"), "testuser02@mailinator.com"): Text 'testuser02@mailinator.com' is set on object 'Object Repository/00-Signup and Activation/zMailinator/input_LOGIN_search'

2022-11-28 11:56:01 - [MESSAGE][PASSED] - Text 'testuser02@mailinator.com' is set on object 'Object Repository/00-Signup and Activation/zMailinator/input_LOGIN_search'

2022-11-28 11:56:01 - [TEST_STEP][PASSED] - click(findTestObject("00-Signup and Activation/zMailinator/gobutton"), STOP_ON_FAILURE): Object: 'Object Repository/00-Signup and Activation/zMailinator/gobutton' is clicked on

2022-11-28 11:56:03 - [MESSAGE][PASSED] - Object: 'Object Repository/00-Signup and Activation/zMailinator/gobutton' is clicked on

2022-11-28 11:56:03 - [TEST_STEP][PASSED] - delay(3): Delayed 3 second(s)

2022-11-28 11:56:06 - [MESSAGE][PASSED] - Delayed 3 second(s)

2022-11-28 11:56:06 - [TEST_STEP][PASSED] - click(findTestObject("00-Signup and Activation/zMailinator/Email - everleagues")): Object: 'Object Repository/00-Signup and Activation/zMailinator/Email - everleagues' is clicked on

2022-11-28 11:56:06 - [MESSAGE][PASSED] - Object: 'Object Repository/00-Signup and Activation/zMailinator/Email - everleagues' is clicked on

2022-11-28 11:56:06 - [TEST_STEP][PASSED] - delay(3): Delayed 3 second(s)

2022-11-28 11:56:09 - [MESSAGE][PASSED] - Delayed 3 second(s)

2022-11-28 11:56:09 - [TEST_STEP][PASSED] - code = getText(findTestObject("Object Repository/06-Teams/For 2FA/2FA code")): Text of object 'Object Repository/06-Teams/For 2FA/2FA code' is: '804588'

2022-11-28 11:56:10 - [MESSAGE][PASSED] - Text of object 'Object Repository/06-Teams/For 2FA/2FA code' is: '804588'

2022-11-28 11:56:10 - [TEST_STEP][PASSED] - delay(3): Delayed 3 second(s)

2022-11-28 11:56:13 - [MESSAGE][PASSED] - Delayed 3 second(s)

2022-11-28 11:56:13 - [TEST_STEP][PASSED] - closeWindowTitle("Mailinator"): Window with title: 'Mailinator' is closed

2022-11-28 11:56:13 - [MESSAGE][PASSED] - Window with title: 'Mailinator' is closed

2022-11-28 11:56:13 - [TEST_STEP][PASSED] - delay(3): Delayed 3 second(s)

2022-11-28 11:56:16 - [MESSAGE][PASSED] - Delayed 3 second(s)

2022-11-28 11:56:16 - [TEST_STEP][PASSED] - switchToWindowIndex(0): Switched to window with index: '0'

2022-11-28 11:56:16 - [MESSAGE][PASSED] - Switched to window with index: '0'

2022-11-28 11:56:16 - [TEST_STEP][PASSED] - delay(3): Delayed 3 second(s)

2022-11-28 11:56:19 - [MESSAGE][PASSED] - Delayed 3 second(s)

2022-11-28 11:56:19 - [TEST_STEP][PASSED] - setText(findTestObject("Object Repository/06-Teams/For 2FA/input_Enter verification code_code"), code): Text '804588' is set on object 'Object Repository/06-Teams/For 2FA/input_Enter verification code_code'

2022-11-28 11:56:20 - [MESSAGE][PASSED] - Text '804588' is set on object 'Object Repository/06-Teams/For 2FA/input_Enter verification code_code'

2022-11-28 11:56:20 - [TEST_STEP][PASSED] - delay(3): Delayed 3 second(s)

2022-11-28 11:56:23 - [MESSAGE][PASSED] - Delayed 3 second(s)

2022-11-28 11:56:23 - [TEST_STEP][PASSED] - click(findTestObject("06-Teams/For 2FA/button_Verify_2FA")): Object: 'Object Repository/06-Teams/For 2FA/button_Verify_2FA' is clicked on

2022-11-28 11:56:23 - [MESSAGE][PASSED] - Object: 'Object Repository/06-Teams/For 2FA/button_Verify_2FA' is clicked on

2022-11-28 11:56:23 - [TEST_STEP][PASSED] - delay(5): Delayed 5 second(s)

2022-11-28 11:56:28 - [MESSAGE][PASSED] - Delayed 5 second(s)

2022-11-28 11:56:28 - [TEST_STEP][PASSED] - click(findTestObject("06-Teams/button_doublearrow")): Object: 'Object Repository/06-Teams/button_doublearrow' is clicked on

2022-11-28 11:56:30 - [MESSAGE][PASSED] - Object: 'Object Repository/06-Teams/button_doublearrow' is clicked on

2022-11-28 11:56:30 - [TEST_STEP][PASSED] - click(findTestObject("06-Teams/button_My Organizations")): Object: 'Object Repository/06-Teams/button_My Organizations' is clicked on

2022-11-28 11:56:30 - [MESSAGE][PASSED] - Object: 'Object Repository/06-Teams/button_My Organizations' is clicked on

2022-11-28 11:56:30 - [TEST_STEP][PASSED] - click(findTestObject("06-Teams/button_GG Automation")): Object: 'Object Repository/06-Teams/button_GG Automation' is clicked on

2022-11-28 11:56:31 - [MESSAGE][PASSED] - Object: 'Object Repository/06-Teams/button_GG Automation' is clicked on

2022-11-28 11:56:31 - [TEST_STEP][PASSED] - delay(4): Delayed 4 second(s)

2022-11-28 11:56:35 - [MESSAGE][PASSED] - Delayed 4 second(s)

2022-11-28 11:56:35 - [TEST_STEP][PASSED] - verifyElementVisible(findTestObject("06-Teams/span_GG Automation")): Object 'Object Repository/06-Teams/span_GG Automation' is visible

2022-11-28 11:56:36 - [MESSAGE][PASSED] - Object 'Object Repository/06-Teams/span_GG Automation' is visible

2022-11-28 11:56:36 - [TEST_STEP][PASSED] - delay(5): Delayed 5 second(s)

2022-11-28 11:56:41 - [MESSAGE][PASSED] - Delayed 5 second(s)

2022-11-28 11:56:41 - [TEST_STEP][PASSED] - click(findTestObject("03-Header Menu/Hamburger Button/div_Settings")): Object: 'Object Repository/03-Header Menu/Hamburger Button/div_Settings' is clicked on

2022-11-28 11:56:41 - [MESSAGE][PASSED] - Object: 'Object Repository/03-Header Menu/Hamburger Button/div_Settings' is clicked on

2022-11-28 11:56:41 - [TEST_STEP][PASSED] - delay(3): Delayed 3 second(s)

2022-11-28 11:56:44 - [MESSAGE][PASSED] - Delayed 3 second(s)

2022-11-28 11:56:44 - [TEST_STEP][PASSED] - click(findTestObject("09-Settings/Users/div_Users")): Object: 'Object Repository/09-Settings/Users/div_Users' is clicked on

2022-11-28 11:56:45 - [MESSAGE][PASSED] - Object: 'Object Repository/09-Settings/Users/div_Users' is clicked on

2022-11-28 11:56:45 - [TEST_STEP][PASSED] - delay(3): Delayed 3 second(s)

2022-11-28 11:56:48 - [MESSAGE][PASSED] - Delayed 3 second(s)

2022-11-28 11:56:48 - [TEST_STEP][PASSED] - click(findTestObject("09-Settings/Users/button_add")): Object: 'Object Repository/09-Settings/Users/button_add' is clicked on

2022-11-28 11:56:48 - [MESSAGE][PASSED] - Object: 'Object Repository/09-Settings/Users/button_add' is clicked on

2022-11-28 11:56:48 - [TEST_STEP][PASSED] - delay(3): Delayed 3 second(s)

2022-11-28 11:56:51 - [MESSAGE][PASSED] - Delayed 3 second(s)

2022-11-28 11:56:51 - [TEST_STEP][PASSED] - click(findTestObject("09-Settings/Users/add Invite a single user")): Object: 'Object Repository/09-Settings/Users/add Invite a single user' is clicked on

2022-11-28 11:56:52 - [MESSAGE][PASSED] - Object: 'Object Repository/09-Settings/Users/add Invite a single user' is clicked on

2022-11-28 11:56:52 - [TEST_STEP][PASSED] - delay(3): Delayed 3 second(s)

2022-11-28 11:56:55 - [MESSAGE][PASSED] - Delayed 3 second(s)

2022-11-28 11:56:55 - [TEST_STEP][PASSED] - setText(findTestObject("09-Settings/Users/input_email"), "autotester09@mailinator.com"): Text 'autotester09@mailinator.com' is set on object 'Object Repository/09-Settings/Users/input_email'

2022-11-28 11:56:56 - [MESSAGE][PASSED] - Text 'autotester09@mailinator.com' is set on object 'Object Repository/09-Settings/Users/input_email'

2022-11-28 11:56:56 - [TEST_STEP][PASSED] - setText(findTestObject("09-Settings/Users/input_firstName"), "GG"): Text 'GG' is set on object 'Object Repository/09-Settings/Users/input_firstName'

2022-11-28 11:56:56 - [MESSAGE][PASSED] - Text 'GG' is set on object 'Object Repository/09-Settings/Users/input_firstName'

2022-11-28 11:56:56 - [TEST_STEP][PASSED] - setText(findTestObject("09-Settings/Users/input_lastName"), "Client"): Text 'Client' is set on object 'Object Repository/09-Settings/Users/input_lastName'

2022-11-28 11:56:57 - [MESSAGE][PASSED] - Text 'Client' is set on object 'Object Repository/09-Settings/Users/input_lastName'

2022-11-28 11:56:57 - [TEST_STEP][PASSED] - click(findTestObject("09-Settings/Users/span_Role")): Object: 'Object Repository/09-Settings/Users/span_Role' is clicked on

2022-11-28 11:56:58 - [MESSAGE][PASSED] - Object: 'Object Repository/09-Settings/Users/span_Role' is clicked on

2022-11-28 11:56:58 - [TEST_STEP][PASSED] - click(findTestObject("09-Settings/Users/span_Client")): Object: 'Object Repository/09-Settings/Users/span_Client' is clicked on

2022-11-28 11:56:58 - [MESSAGE][PASSED] - Object: 'Object Repository/09-Settings/Users/span_Client' is clicked on

2022-11-28 11:56:58 - [TEST_STEP][PASSED] - click(findTestObject("09-Settings/Users/button_Send Invitation")): Object: 'Object Repository/09-Settings/Users/button_Send Invitation' is clicked on

2022-11-28 11:56:59 - [MESSAGE][PASSED] - Object: 'Object Repository/09-Settings/Users/button_Send Invitation' is clicked on

2022-11-28 11:56:59 - [TEST_STEP][PASSED] - delay(2): Delayed 2 second(s)

2022-11-28 11:57:01 - [MESSAGE][PASSED] - Delayed 2 second(s)

2022-11-28 11:57:01 - [TEST_STEP][PASSED] - verifyElementVisible(findTestObject("07-Directory/Connections/zContact Profile/Successfully invited user")): Object 'Object Repository/07-Directory/Connections/zContact Profile/Successfully invited user' is visible

2022-11-28 11:57:03 - [MESSAGE][PASSED] - Object 'Object Repository/07-Directory/Connections/zContact Profile/Successfully invited user' is visible

2022-11-28 11:57:03 - [TEST_STEP][PASSED] - delay(2): Delayed 2 second(s)

2022-11-28 11:57:05 - [MESSAGE][PASSED] - Delayed 2 second(s)

2022-11-28 11:57:05 - [TEST_STEP][PASSED] - click(findTestObject("01-Login and Forgot Password/User menu drop")): Object: 'Object Repository/01-Login and Forgot Password/User menu drop' is clicked on

2022-11-28 11:57:05 - [MESSAGE][PASSED] - Object: 'Object Repository/01-Login and Forgot Password/User menu drop' is clicked on

2022-11-28 11:57:05 - [TEST_STEP][PASSED] - delay(2): Delayed 2 second(s)

2022-11-28 11:57:07 - [MESSAGE][PASSED] - Delayed 2 second(s)

2022-11-28 11:57:07 - [TEST_STEP][PASSED] - click(findTestObject("01-Login and Forgot Password/h4_Sign Out"), STOP_ON_FAILURE): Object: 'Object Repository/01-Login and Forgot Password/h4_Sign Out' is clicked on

2022-11-28 11:57:07 - [MESSAGE][PASSED] - Object: 'Object Repository/01-Login and Forgot Password/h4_Sign Out' is clicked on

2022-11-28 11:57:07 - [TEST_STEP][PASSED] - delay(2): Delayed 2 second(s)

2022-11-28 11:57:09 - [MESSAGE][PASSED] - Delayed 2 second(s)

2022-11-28 11:57:09 - [TEST_STEP][PASSED] - verifyElementPresent(findTestObject("01-Login and Forgot Password/Login_Card"), 0): Object 'Object Repository/01-Login and Forgot Password/Login_Card' is present

2022-11-28 11:57:10 - [MESSAGE][WARNING] - Timeout '0' is invalid. Using default page load timeout: '30'

2022-11-28 11:57:10 - [MESSAGE][PASSED] - Object 'Object Repository/01-Login and Forgot Password/Login_Card' is present

2022-11-28 11:57:10 - [TEST_STEP][PASSED] - delay(3): Delayed 3 second(s)

2022-11-28 11:57:13 - [MESSAGE][PASSED] - Delayed 3 second(s)

2022-11-28 11:57:13 - [TEST_STEP][PASSED] - closeBrowser(): Browser is closed

2022-11-28 11:57:13 - [MESSAGE][PASSED] - Browser is closed

2022-11-28 11:57:13 - [TEST_STEP][PASSED] - openBrowser(""): Browser is opened with url: ''

2022-11-28 11:57:13 - [MESSAGE][INFO] - Starting 'Chrome' driver

2022-11-28 11:57:13 - [MESSAGE][INFO] - Action delay is set to 0 milliseconds

2022-11-28 11:57:15 - [MESSAGE][PASSED] - Browser is opened with url: ''

2022-11-28 11:57:15 - [TEST_STEP][PASSED] - navigateToUrl("https://lab.everleagues.com/"): Navigate to 'https://lab.everleagues.com/' successfully

2022-11-28 11:57:30 - [MESSAGE][PASSED] - Navigate to 'https://lab.everleagues.com/' successfully

2022-11-28 11:57:30 - [TEST_STEP][PASSED] - maximizeWindow(): Current window maximized

2022-11-28 11:57:30 - [MESSAGE][PASSED] - Current window maximized

2022-11-28 11:57:30 - [TEST_STEP][PASSED] - setText(findTestObject("02-Side Icons(Organization)/Add Contact/Email Field"), "autotester09@mailinator.com"): Text 'autotester09@mailinator.com' is set on object 'Object Repository/02-Side Icons(Organization)/Add Contact/Email Field'

2022-11-28 11:57:31 - [MESSAGE][PASSED] - Text 'autotester09@mailinator.com' is set on object 'Object Repository/02-Side Icons(Organization)/Add Contact/Email Field'

2022-11-28 11:57:31 - [TEST_STEP][PASSED] - setEncryptedText(findTestObject("02-Side Icons(Organization)/Add Contact/Password Field"), "8yFRyszE6U6jvsCn51OQbg=="): Text ****** has been set on object 'Object Repository/02-Side Icons(Organization)/Add Contact/Password Field'

2022-11-28 11:57:31 - [MESSAGE][PASSED] - Text ****** has been set on object 'Object Repository/02-Side Icons(Organization)/Add Contact/Password Field'

2022-11-28 11:57:31 - [TEST_STEP][PASSED] - click(findTestObject("02-Side Icons(Organization)/Add Contact/button_Sign in")): Object: 'Object Repository/02-Side Icons(Organization)/Add Contact/button_Sign in' is clicked on

2022-11-28 11:57:32 - [MESSAGE][PASSED] - Object: 'Object Repository/02-Side Icons(Organization)/Add Contact/button_Sign in' is clicked on

2022-11-28 11:57:32 - [TEST_STEP][PASSED] - delay(2): Delayed 2 second(s)

2022-11-28 11:57:34 - [MESSAGE][PASSED] - Delayed 2 second(s)

2022-11-28 11:57:34 - [TEST_STEP][PASSED] - click(findTestObject("06-Teams/For 2FA/button_Confirm_2FA")): Object: 'Object Repository/06-Teams/For 2FA/button_Confirm_2FA' is clicked on

2022-11-28 11:57:34 - [MESSAGE][PASSED] - Object: 'Object Repository/06-Teams/For 2FA/button_Confirm_2FA' is clicked on

2022-11-28 11:57:34 - [TEST_STEP][PASSED] - executeJavaScript("window.open();", []): Execute JavaScript 'window.open();' successfully

2022-11-28 11:57:34 - [MESSAGE][PASSED] - Execute JavaScript 'window.open();' successfully

2022-11-28 11:57:34 - [TEST_STEP][PASSED] - currentWindow = getWindowIndex(): Current window's index is: 0

2022-11-28 11:57:34 - [MESSAGE][PASSED] - Current window's index is: 0

2022-11-28 11:57:34 - [TEST_STEP][PASSED] - delay(3): Delayed 3 second(s)

2022-11-28 11:57:37 - [MESSAGE][PASSED] - Delayed 3 second(s)

2022-11-28 11:57:37 - [TEST_STEP][PASSED] - switchToWindowIndex(currentWindow + 1): Switched to window with index: '1'

2022-11-28 11:57:37 - [MESSAGE][PASSED] - Switched to window with index: '1'

2022-11-28 11:57:37 - [TEST_STEP][PASSED] - navigateToUrl("https://www.mailinator.com/"): Navigate to 'https://www.mailinator.com/' successfully

2022-11-28 11:57:40 - [MESSAGE][PASSED] - Navigate to 'https://www.mailinator.com/' successfully

2022-11-28 11:57:40 - [TEST_STEP][PASSED] - delay(3): Delayed 3 second(s)

2022-11-28 11:57:43 - [MESSAGE][PASSED] - Delayed 3 second(s)

2022-11-28 11:57:43 - [TEST_STEP][PASSED] - setText(findTestObject("00-Signup and Activation/zMailinator/input_LOGIN_search"), "autotester09@mailinator.com"): Text 'autotester09@mailinator.com' is set on object 'Object Repository/00-Signup and Activation/zMailinator/input_LOGIN_search'

2022-11-28 11:57:44 - [MESSAGE][PASSED] - Text 'autotester09@mailinator.com' is set on object 'Object Repository/00-Signup and Activation/zMailinator/input_LOGIN_search'

2022-11-28 11:57:44 - [TEST_STEP][PASSED] - click(findTestObject("00-Signup and Activation/zMailinator/gobutton"), STOP_ON_FAILURE): Object: 'Object Repository/00-Signup and Activation/zMailinator/gobutton' is clicked on

2022-11-28 11:57:46 - [MESSAGE][PASSED] - Object: 'Object Repository/00-Signup and Activation/zMailinator/gobutton' is clicked on

2022-11-28 11:57:46 - [TEST_STEP][PASSED] - delay(3): Delayed 3 second(s)

2022-11-28 11:57:49 - [MESSAGE][PASSED] - Delayed 3 second(s)

2022-11-28 11:57:49 - [TEST_STEP][PASSED] - click(findTestObject("00-Signup and Activation/zMailinator/Email - everleagues")): Object: 'Object Repository/00-Signup and Activation/zMailinator/Email - everleagues' is clicked on

2022-11-28 11:57:49 - [MESSAGE][PASSED] - Object: 'Object Repository/00-Signup and Activation/zMailinator/Email - everleagues' is clicked on

2022-11-28 11:57:49 - [TEST_STEP][PASSED] - delay(3): Delayed 3 second(s)

2022-11-28 11:57:52 - [MESSAGE][PASSED] - Delayed 3 second(s)

2022-11-28 11:57:52 - [TEST_STEP][PASSED] - codetwo = getText(findTestObject("Object Repository/06-Teams/For 2FA/2FA code")): Text of object 'Object Repository/06-Teams/For 2FA/2FA code' is: '305184'

2022-11-28 11:57:53 - [MESSAGE][PASSED] - Text of object 'Object Repository/06-Teams/For 2FA/2FA code' is: '305184'

2022-11-28 11:57:53 - [TEST_STEP][PASSED] - delay(3): Delayed 3 second(s)

2022-11-28 11:57:56 - [MESSAGE][PASSED] - Delayed 3 second(s)

2022-11-28 11:57:56 - [TEST_STEP][PASSED] - closeWindowTitle("Mailinator"): Window with title: 'Mailinator' is closed

2022-11-28 11:57:56 - [MESSAGE][PASSED] - Window with title: 'Mailinator' is closed

2022-11-28 11:57:56 - [TEST_STEP][PASSED] - delay(3): Delayed 3 second(s)

2022-11-28 11:57:59 - [MESSAGE][PASSED] - Delayed 3 second(s)

2022-11-28 11:57:59 - [TEST_STEP][PASSED] - switchToWindowIndex(0): Switched to window with index: '0'

2022-11-28 11:57:59 - [MESSAGE][PASSED] - Switched to window with index: '0'

2022-11-28 11:57:59 - [TEST_STEP][PASSED] - delay(3): Delayed 3 second(s)

2022-11-28 11:58:02 - [MESSAGE][PASSED] - Delayed 3 second(s)

2022-11-28 11:58:02 - [TEST_STEP][PASSED] - setText(findTestObject("Object Repository/06-Teams/For 2FA/input_Enter verification code_code"), codetwo): Text '305184' is set on object 'Object Repository/06-Teams/For 2FA/input_Enter verification code_code'

2022-11-28 11:58:03 - [MESSAGE][PASSED] - Text '305184' is set on object 'Object Repository/06-Teams/For 2FA/input_Enter verification code_code'

2022-11-28 11:58:03 - [TEST_STEP][PASSED] - delay(3): Delayed 3 second(s)

2022-11-28 11:58:06 - [MESSAGE][PASSED] - Delayed 3 second(s)

2022-11-28 11:58:06 - [TEST_STEP][PASSED] - click(findTestObject("06-Teams/For 2FA/button_Verify_2FA")): Object: 'Object Repository/06-Teams/For 2FA/button_Verify_2FA' is clicked on

2022-11-28 11:58:06 - [MESSAGE][PASSED] - Object: 'Object Repository/06-Teams/For 2FA/button_Verify_2FA' is clicked on

2022-11-28 11:58:06 - [TEST_STEP][PASSED] - delay(5): Delayed 5 second(s)

2022-11-28 11:58:11 - [MESSAGE][PASSED] - Delayed 5 second(s)

2022-11-28 11:58:11 - [TEST_STEP][PASSED] - executeJavaScript("window.open();", []): Execute JavaScript 'window.open();' successfully

2022-11-28 11:58:11 - [MESSAGE][PASSED] - Execute JavaScript 'window.open();' successfully

2022-11-28 11:58:11 - [TEST_STEP][PASSED] - currentWindow = getWindowIndex(): Current window's index is: 0

2022-11-28 11:58:11 - [MESSAGE][PASSED] - Current window's index is: 0

2022-11-28 11:58:11 - [TEST_STEP][PASSED] - delay(3): Delayed 3 second(s)

2022-11-28 11:58:14 - [MESSAGE][PASSED] - Delayed 3 second(s)

2022-11-28 11:58:14 - [TEST_STEP][PASSED] - switchToWindowIndex(currentWindow + 1): Switched to window with index: '1'

2022-11-28 11:58:14 - [MESSAGE][PASSED] - Switched to window with index: '1'

2022-11-28 11:58:14 - [TEST_STEP][PASSED] - navigateToUrl("https://www.mailinator.com/"): Navigate to 'https://www.mailinator.com/' successfully

2022-11-28 11:58:16 - [MESSAGE][PASSED] - Navigate to 'https://www.mailinator.com/' successfully

2022-11-28 11:58:16 - [TEST_STEP][PASSED] - delay(3): Delayed 3 second(s)

2022-11-28 11:58:19 - [MESSAGE][PASSED] - Delayed 3 second(s)

2022-11-28 11:58:19 - [TEST_STEP][PASSED] - setText(findTestObject("00-Signup and Activation/zMailinator/input_LOGIN_search"), "autotester09@mailinator.com"): Text 'autotester09@mailinator.com' is set on object 'Object Repository/00-Signup and Activation/zMailinator/input_LOGIN_search'

2022-11-28 11:58:19 - [MESSAGE][PASSED] - Text 'autotester09@mailinator.com' is set on object 'Object Repository/00-Signup and Activation/zMailinator/input_LOGIN_search'

2022-11-28 11:58:19 - [TEST_STEP][PASSED] - click(findTestObject("00-Signup and Activation/zMailinator/gobutton"), STOP_ON_FAILURE): Object: 'Object Repository/00-Signup and Activation/zMailinator/gobutton' is clicked on

2022-11-28 11:58:20 - [MESSAGE][PASSED] - Object: 'Object Repository/00-Signup and Activation/zMailinator/gobutton' is clicked on

2022-11-28 11:58:20 - [TEST_STEP][PASSED] - delay(3): Delayed 3 second(s)

2022-11-28 11:58:23 - [MESSAGE][PASSED] - Delayed 3 second(s)

2022-11-28 11:58:23 - [TEST_STEP][PASSED] - closeWindowTitle("Everleagues"): Window with title: 'Everleagues' is closed

2022-11-28 11:58:23 - [MESSAGE][PASSED] - Window with title: 'Everleagues' is closed

2022-11-28 11:58:23 - [TEST_STEP][PASSED] - switchToWindowIndex(0): Switched to window with index: '0'

2022-11-28 11:58:23 - [MESSAGE][PASSED] - Switched to window with index: '0'

2022-11-28 11:58:23 - [TEST_STEP][PASSED] - click(findTestObject("09-Settings/Users/Co worker/td_Invitation from GG Automation")): Object: 'Object Repository/09-Settings/Users/Co worker/td_Invitation from GG Automation' is clicked on

2022-11-28 11:58:24 - [MESSAGE][PASSED] - Object: 'Object Repository/09-Settings/Users/Co worker/td_Invitation from GG Automation' is clicked on

2022-11-28 11:58:24 - [TEST_STEP][PASSED] - click(findTestObject("09-Settings/Users/Co worker/a_Click here to join GG Automation on EverLeagues")): Object: 'Object Repository/09-Settings/Users/Co worker/a_Click here to join GG Automation on EverLeagues' is clicked on

2022-11-28 11:58:25 - [MESSAGE][PASSED] - Object: 'Object Repository/09-Settings/Users/Co worker/a_Click here to join GG Automation on EverLeagues' is clicked on

2022-11-28 11:58:25 - [TEST_STEP][PASSED] - closeWindowTitle("Mailinator"): Window with title: 'Mailinator' is closed

2022-11-28 11:58:25 - [MESSAGE][PASSED] - Window with title: 'Mailinator' is closed

2022-11-28 11:58:25 - [TEST_STEP][PASSED] - switchToWindowIndex(0): Switched to window with index: '0'

2022-11-28 11:58:25 - [MESSAGE][PASSED] - Switched to window with index: '0'

2022-11-28 11:58:25 - [TEST_STEP][PASSED] - verifyElementVisible(findTestObject("09-Settings/Users/Client/Invite modal")): Object 'Object Repository/09-Settings/Users/Client/Invite modal' is visible

2022-11-28 11:58:31 - [MESSAGE][PASSED] - Object 'Object Repository/09-Settings/Users/Client/Invite modal' is visible

2022-11-28 11:58:31 - [TEST_STEP][PASSED] - setText(findTestObject("09-Settings/Users/Client/Company field"), "QA Company"): Text 'QA Company' is set on object 'Object Repository/09-Settings/Users/Client/Company field'

2022-11-28 11:58:31 - [MESSAGE][PASSED] - Text 'QA Company' is set on object 'Object Repository/09-Settings/Users/Client/Company field'

2022-11-28 11:58:31 - [TEST_STEP][PASSED] - click(findTestObject("09-Settings/Users/Client/button_Accept")): Object: 'Object Repository/09-Settings/Users/Client/button_Accept' is clicked on

2022-11-28 11:58:32 - [MESSAGE][PASSED] - Object: 'Object Repository/09-Settings/Users/Client/button_Accept' is clicked on

2022-11-28 11:58:32 - [TEST_STEP][PASSED] - delay(5): Delayed 5 second(s)

2022-11-28 11:58:37 - [MESSAGE][PASSED] - Delayed 5 second(s)

2022-11-28 11:58:37 - [TEST_STEP][PASSED] - verifyElementVisible(findTestObject("09-Settings/Users/Client/div_Joined as CLIENT")): Object 'Object Repository/09-Settings/Users/Client/div_Joined as CLIENT' is visible

2022-11-28 11:58:38 - [MESSAGE][PASSED] - Object 'Object Repository/09-Settings/Users/Client/div_Joined as CLIENT' is visible

2022-11-28 11:58:38 - [TEST_STEP][PASSED] - delay(3): Delayed 3 second(s)

2022-11-28 11:58:41 - [MESSAGE][PASSED] - Delayed 3 second(s)

2022-11-28 11:58:41 - [TEST_STEP][PASSED] - closeBrowser(): Browser is closed

2022-11-28 11:58:42 - [MESSAGE][PASSED] - Browser is closed]]></system-out>
         <system-err><![CDATA[]]></system-err>
      </testcase>
      <testcase name="Test Cases/09-Settings/04 - Users (Invite new user as partner)" time="200.539" classname="Test Cases/09-Settings/04 - Users (Invite new user as partner)" status="PASSED">
         <system-out><![CDATA[2022-11-28 11:58:42 - [TEST_CASE][PASSED] - Test Cases/09-Settings/04 - Users (Invite new user as partner): Test Cases/09-Settings/04 - Users (Invite new user as partner)

2022-11-28 11:58:42 - [TEST_STEP][PASSED] - openBrowser(""): Browser is opened with url: ''

2022-11-28 11:58:42 - [MESSAGE][INFO] - Starting 'Chrome' driver

2022-11-28 11:58:42 - [MESSAGE][INFO] - Action delay is set to 0 milliseconds

2022-11-28 11:58:43 - [MESSAGE][PASSED] - Browser is opened with url: ''

2022-11-28 11:58:43 - [TEST_STEP][PASSED] - navigateToUrl("https://lab.everleagues.com/"): Navigate to 'https://lab.everleagues.com/' successfully

2022-11-28 11:59:10 - [MESSAGE][PASSED] - Navigate to 'https://lab.everleagues.com/' successfully

2022-11-28 11:59:10 - [TEST_STEP][PASSED] - maximizeWindow(): Current window maximized

2022-11-28 11:59:10 - [MESSAGE][PASSED] - Current window maximized

2022-11-28 11:59:10 - [TEST_STEP][PASSED] - setText(findTestObject("02-Side Icons(Organization)/Add Contact/Email Field"), "testuser02@mailinator.com"): Text 'testuser02@mailinator.com' is set on object 'Object Repository/02-Side Icons(Organization)/Add Contact/Email Field'

2022-11-28 11:59:11 - [MESSAGE][PASSED] - Text 'testuser02@mailinator.com' is set on object 'Object Repository/02-Side Icons(Organization)/Add Contact/Email Field'

2022-11-28 11:59:11 - [TEST_STEP][PASSED] - setEncryptedText(findTestObject("02-Side Icons(Organization)/Add Contact/Password Field"), "8yFRyszE6U6jvsCn51OQbg=="): Text ****** has been set on object 'Object Repository/02-Side Icons(Organization)/Add Contact/Password Field'

2022-11-28 11:59:12 - [MESSAGE][PASSED] - Text ****** has been set on object 'Object Repository/02-Side Icons(Organization)/Add Contact/Password Field'

2022-11-28 11:59:12 - [TEST_STEP][PASSED] - click(findTestObject("02-Side Icons(Organization)/Add Contact/button_Sign in")): Object: 'Object Repository/02-Side Icons(Organization)/Add Contact/button_Sign in' is clicked on

2022-11-28 11:59:12 - [MESSAGE][PASSED] - Object: 'Object Repository/02-Side Icons(Organization)/Add Contact/button_Sign in' is clicked on

2022-11-28 11:59:12 - [TEST_STEP][PASSED] - delay(2): Delayed 2 second(s)

2022-11-28 11:59:14 - [MESSAGE][PASSED] - Delayed 2 second(s)

2022-11-28 11:59:14 - [TEST_STEP][PASSED] - click(findTestObject("06-Teams/For 2FA/button_Confirm_2FA")): Object: 'Object Repository/06-Teams/For 2FA/button_Confirm_2FA' is clicked on

2022-11-28 11:59:15 - [MESSAGE][PASSED] - Object: 'Object Repository/06-Teams/For 2FA/button_Confirm_2FA' is clicked on

2022-11-28 11:59:15 - [TEST_STEP][PASSED] - executeJavaScript("window.open();", []): Execute JavaScript 'window.open();' successfully

2022-11-28 11:59:15 - [MESSAGE][PASSED] - Execute JavaScript 'window.open();' successfully

2022-11-28 11:59:15 - [TEST_STEP][PASSED] - currentWindow = getWindowIndex(): Current window's index is: 0

2022-11-28 11:59:15 - [MESSAGE][PASSED] - Current window's index is: 0

2022-11-28 11:59:15 - [TEST_STEP][PASSED] - delay(3): Delayed 3 second(s)

2022-11-28 11:59:18 - [MESSAGE][PASSED] - Delayed 3 second(s)

2022-11-28 11:59:18 - [TEST_STEP][PASSED] - switchToWindowIndex(currentWindow + 1): Switched to window with index: '1'

2022-11-28 11:59:18 - [MESSAGE][PASSED] - Switched to window with index: '1'

2022-11-28 11:59:18 - [TEST_STEP][PASSED] - navigateToUrl("https://www.mailinator.com/"): Navigate to 'https://www.mailinator.com/' successfully

2022-11-28 11:59:20 - [MESSAGE][PASSED] - Navigate to 'https://www.mailinator.com/' successfully

2022-11-28 11:59:20 - [TEST_STEP][PASSED] - delay(3): Delayed 3 second(s)

2022-11-28 11:59:24 - [MESSAGE][PASSED] - Delayed 3 second(s)

2022-11-28 11:59:24 - [TEST_STEP][PASSED] - setText(findTestObject("00-Signup and Activation/zMailinator/input_LOGIN_search"), "testuser02@mailinator.com"): Text 'testuser02@mailinator.com' is set on object 'Object Repository/00-Signup and Activation/zMailinator/input_LOGIN_search'

2022-11-28 11:59:24 - [MESSAGE][PASSED] - Text 'testuser02@mailinator.com' is set on object 'Object Repository/00-Signup and Activation/zMailinator/input_LOGIN_search'

2022-11-28 11:59:24 - [TEST_STEP][PASSED] - click(findTestObject("00-Signup and Activation/zMailinator/gobutton"), STOP_ON_FAILURE): Object: 'Object Repository/00-Signup and Activation/zMailinator/gobutton' is clicked on

2022-11-28 11:59:26 - [MESSAGE][PASSED] - Object: 'Object Repository/00-Signup and Activation/zMailinator/gobutton' is clicked on

2022-11-28 11:59:26 - [TEST_STEP][PASSED] - delay(3): Delayed 3 second(s)

2022-11-28 11:59:29 - [MESSAGE][PASSED] - Delayed 3 second(s)

2022-11-28 11:59:29 - [TEST_STEP][PASSED] - click(findTestObject("00-Signup and Activation/zMailinator/Email - everleagues")): Object: 'Object Repository/00-Signup and Activation/zMailinator/Email - everleagues' is clicked on

2022-11-28 11:59:29 - [MESSAGE][PASSED] - Object: 'Object Repository/00-Signup and Activation/zMailinator/Email - everleagues' is clicked on

2022-11-28 11:59:29 - [TEST_STEP][PASSED] - delay(3): Delayed 3 second(s)

2022-11-28 11:59:32 - [MESSAGE][PASSED] - Delayed 3 second(s)

2022-11-28 11:59:32 - [TEST_STEP][PASSED] - code = getText(findTestObject("Object Repository/06-Teams/For 2FA/2FA code")): Text of object 'Object Repository/06-Teams/For 2FA/2FA code' is: '564999'

2022-11-28 11:59:33 - [MESSAGE][PASSED] - Text of object 'Object Repository/06-Teams/For 2FA/2FA code' is: '564999'

2022-11-28 11:59:33 - [TEST_STEP][PASSED] - delay(3): Delayed 3 second(s)

2022-11-28 11:59:36 - [MESSAGE][PASSED] - Delayed 3 second(s)

2022-11-28 11:59:36 - [TEST_STEP][PASSED] - closeWindowTitle("Mailinator"): Window with title: 'Mailinator' is closed

2022-11-28 11:59:36 - [MESSAGE][PASSED] - Window with title: 'Mailinator' is closed

2022-11-28 11:59:36 - [TEST_STEP][PASSED] - delay(3): Delayed 3 second(s)

2022-11-28 11:59:39 - [MESSAGE][PASSED] - Delayed 3 second(s)

2022-11-28 11:59:39 - [TEST_STEP][PASSED] - switchToWindowIndex(0): Switched to window with index: '0'

2022-11-28 11:59:39 - [MESSAGE][PASSED] - Switched to window with index: '0'

2022-11-28 11:59:39 - [TEST_STEP][PASSED] - delay(3): Delayed 3 second(s)

2022-11-28 11:59:42 - [MESSAGE][PASSED] - Delayed 3 second(s)

2022-11-28 11:59:42 - [TEST_STEP][PASSED] - setText(findTestObject("Object Repository/06-Teams/For 2FA/input_Enter verification code_code"), code): Text '564999' is set on object 'Object Repository/06-Teams/For 2FA/input_Enter verification code_code'

2022-11-28 11:59:43 - [MESSAGE][PASSED] - Text '564999' is set on object 'Object Repository/06-Teams/For 2FA/input_Enter verification code_code'

2022-11-28 11:59:43 - [TEST_STEP][PASSED] - delay(3): Delayed 3 second(s)

2022-11-28 11:59:46 - [MESSAGE][PASSED] - Delayed 3 second(s)

2022-11-28 11:59:46 - [TEST_STEP][PASSED] - click(findTestObject("06-Teams/For 2FA/button_Verify_2FA")): Object: 'Object Repository/06-Teams/For 2FA/button_Verify_2FA' is clicked on

2022-11-28 11:59:46 - [MESSAGE][PASSED] - Object: 'Object Repository/06-Teams/For 2FA/button_Verify_2FA' is clicked on

2022-11-28 11:59:46 - [TEST_STEP][PASSED] - delay(5): Delayed 5 second(s)

2022-11-28 11:59:51 - [MESSAGE][PASSED] - Delayed 5 second(s)

2022-11-28 11:59:51 - [TEST_STEP][PASSED] - click(findTestObject("06-Teams/button_doublearrow")): Object: 'Object Repository/06-Teams/button_doublearrow' is clicked on

2022-11-28 11:59:52 - [MESSAGE][PASSED] - Object: 'Object Repository/06-Teams/button_doublearrow' is clicked on

2022-11-28 11:59:52 - [TEST_STEP][PASSED] - click(findTestObject("06-Teams/button_My Organizations")): Object: 'Object Repository/06-Teams/button_My Organizations' is clicked on

2022-11-28 11:59:52 - [MESSAGE][PASSED] - Object: 'Object Repository/06-Teams/button_My Organizations' is clicked on

2022-11-28 11:59:52 - [TEST_STEP][PASSED] - click(findTestObject("06-Teams/button_GG Automation")): Object: 'Object Repository/06-Teams/button_GG Automation' is clicked on

2022-11-28 11:59:53 - [MESSAGE][PASSED] - Object: 'Object Repository/06-Teams/button_GG Automation' is clicked on

2022-11-28 11:59:53 - [TEST_STEP][PASSED] - delay(4): Delayed 4 second(s)

2022-11-28 11:59:57 - [MESSAGE][PASSED] - Delayed 4 second(s)

2022-11-28 11:59:57 - [TEST_STEP][PASSED] - verifyElementVisible(findTestObject("06-Teams/span_GG Automation")): Object 'Object Repository/06-Teams/span_GG Automation' is visible

2022-11-28 11:59:57 - [MESSAGE][PASSED] - Object 'Object Repository/06-Teams/span_GG Automation' is visible

2022-11-28 11:59:57 - [TEST_STEP][PASSED] - delay(5): Delayed 5 second(s)

2022-11-28 12:00:02 - [MESSAGE][PASSED] - Delayed 5 second(s)

2022-11-28 12:00:02 - [TEST_STEP][PASSED] - click(findTestObject("03-Header Menu/Hamburger Button/div_Settings")): Object: 'Object Repository/03-Header Menu/Hamburger Button/div_Settings' is clicked on

2022-11-28 12:00:03 - [MESSAGE][PASSED] - Object: 'Object Repository/03-Header Menu/Hamburger Button/div_Settings' is clicked on

2022-11-28 12:00:03 - [TEST_STEP][PASSED] - delay(3): Delayed 3 second(s)

2022-11-28 12:00:06 - [MESSAGE][PASSED] - Delayed 3 second(s)

2022-11-28 12:00:06 - [TEST_STEP][PASSED] - click(findTestObject("09-Settings/Users/div_Users")): Object: 'Object Repository/09-Settings/Users/div_Users' is clicked on

2022-11-28 12:00:06 - [MESSAGE][PASSED] - Object: 'Object Repository/09-Settings/Users/div_Users' is clicked on

2022-11-28 12:00:06 - [TEST_STEP][PASSED] - delay(3): Delayed 3 second(s)

2022-11-28 12:00:09 - [MESSAGE][PASSED] - Delayed 3 second(s)

2022-11-28 12:00:09 - [TEST_STEP][PASSED] - click(findTestObject("09-Settings/Users/button_add")): Object: 'Object Repository/09-Settings/Users/button_add' is clicked on

2022-11-28 12:00:10 - [MESSAGE][PASSED] - Object: 'Object Repository/09-Settings/Users/button_add' is clicked on

2022-11-28 12:00:10 - [TEST_STEP][PASSED] - delay(3): Delayed 3 second(s)

2022-11-28 12:00:13 - [MESSAGE][PASSED] - Delayed 3 second(s)

2022-11-28 12:00:13 - [TEST_STEP][PASSED] - click(findTestObject("09-Settings/Users/add Invite a single user")): Object: 'Object Repository/09-Settings/Users/add Invite a single user' is clicked on

2022-11-28 12:00:13 - [MESSAGE][PASSED] - Object: 'Object Repository/09-Settings/Users/add Invite a single user' is clicked on

2022-11-28 12:00:13 - [TEST_STEP][PASSED] - delay(3): Delayed 3 second(s)

2022-11-28 12:00:16 - [MESSAGE][PASSED] - Delayed 3 second(s)

2022-11-28 12:00:16 - [TEST_STEP][PASSED] - setText(findTestObject("09-Settings/Users/input_email"), "autotester10@mailinator.com"): Text 'autotester10@mailinator.com' is set on object 'Object Repository/09-Settings/Users/input_email'

2022-11-28 12:00:17 - [MESSAGE][PASSED] - Text 'autotester10@mailinator.com' is set on object 'Object Repository/09-Settings/Users/input_email'

2022-11-28 12:00:17 - [TEST_STEP][PASSED] - setText(findTestObject("09-Settings/Users/input_firstName"), "GG"): Text 'GG' is set on object 'Object Repository/09-Settings/Users/input_firstName'

2022-11-28 12:00:18 - [MESSAGE][PASSED] - Text 'GG' is set on object 'Object Repository/09-Settings/Users/input_firstName'

2022-11-28 12:00:18 - [TEST_STEP][PASSED] - setText(findTestObject("09-Settings/Users/input_lastName"), "Partner"): Text 'Partner' is set on object 'Object Repository/09-Settings/Users/input_lastName'

2022-11-28 12:00:19 - [MESSAGE][PASSED] - Text 'Partner' is set on object 'Object Repository/09-Settings/Users/input_lastName'

2022-11-28 12:00:19 - [TEST_STEP][PASSED] - click(findTestObject("09-Settings/Users/span_Role")): Object: 'Object Repository/09-Settings/Users/span_Role' is clicked on

2022-11-28 12:00:19 - [MESSAGE][PASSED] - Object: 'Object Repository/09-Settings/Users/span_Role' is clicked on

2022-11-28 12:00:19 - [TEST_STEP][PASSED] - click(findTestObject("09-Settings/Users/span_Partner")): Object: 'Object Repository/09-Settings/Users/span_Partner' is clicked on

2022-11-28 12:00:20 - [MESSAGE][PASSED] - Object: 'Object Repository/09-Settings/Users/span_Partner' is clicked on

2022-11-28 12:00:20 - [TEST_STEP][PASSED] - click(findTestObject("09-Settings/Users/button_Send Invitation")): Object: 'Object Repository/09-Settings/Users/button_Send Invitation' is clicked on

2022-11-28 12:00:21 - [MESSAGE][PASSED] - Object: 'Object Repository/09-Settings/Users/button_Send Invitation' is clicked on

2022-11-28 12:00:21 - [TEST_STEP][PASSED] - delay(2): Delayed 2 second(s)

2022-11-28 12:00:23 - [MESSAGE][PASSED] - Delayed 2 second(s)

2022-11-28 12:00:23 - [TEST_STEP][PASSED] - verifyElementVisible(findTestObject("07-Directory/Connections/zContact Profile/Successfully invited user")): Object 'Object Repository/07-Directory/Connections/zContact Profile/Successfully invited user' is visible

2022-11-28 12:00:24 - [MESSAGE][PASSED] - Object 'Object Repository/07-Directory/Connections/zContact Profile/Successfully invited user' is visible

2022-11-28 12:00:24 - [TEST_STEP][PASSED] - delay(2): Delayed 2 second(s)

2022-11-28 12:00:26 - [MESSAGE][PASSED] - Delayed 2 second(s)

2022-11-28 12:00:26 - [TEST_STEP][PASSED] - click(findTestObject("01-Login and Forgot Password/User menu drop")): Object: 'Object Repository/01-Login and Forgot Password/User menu drop' is clicked on

2022-11-28 12:00:27 - [MESSAGE][PASSED] - Object: 'Object Repository/01-Login and Forgot Password/User menu drop' is clicked on

2022-11-28 12:00:27 - [TEST_STEP][PASSED] - delay(2): Delayed 2 second(s)

2022-11-28 12:00:29 - [MESSAGE][PASSED] - Delayed 2 second(s)

2022-11-28 12:00:29 - [TEST_STEP][PASSED] - click(findTestObject("01-Login and Forgot Password/h4_Sign Out"), STOP_ON_FAILURE): Object: 'Object Repository/01-Login and Forgot Password/h4_Sign Out' is clicked on

2022-11-28 12:00:29 - [MESSAGE][PASSED] - Object: 'Object Repository/01-Login and Forgot Password/h4_Sign Out' is clicked on

2022-11-28 12:00:29 - [TEST_STEP][PASSED] - delay(2): Delayed 2 second(s)

2022-11-28 12:00:31 - [MESSAGE][PASSED] - Delayed 2 second(s)

2022-11-28 12:00:31 - [TEST_STEP][PASSED] - verifyElementPresent(findTestObject("01-Login and Forgot Password/Login_Card"), 0): Object 'Object Repository/01-Login and Forgot Password/Login_Card' is present

2022-11-28 12:00:32 - [MESSAGE][WARNING] - Timeout '0' is invalid. Using default page load timeout: '30'

2022-11-28 12:00:32 - [MESSAGE][PASSED] - Object 'Object Repository/01-Login and Forgot Password/Login_Card' is present

2022-11-28 12:00:32 - [TEST_STEP][PASSED] - delay(3): Delayed 3 second(s)

2022-11-28 12:00:35 - [MESSAGE][PASSED] - Delayed 3 second(s)

2022-11-28 12:00:35 - [TEST_STEP][PASSED] - closeBrowser(): Browser is closed

2022-11-28 12:00:36 - [MESSAGE][PASSED] - Browser is closed

2022-11-28 12:00:36 - [TEST_STEP][PASSED] - openBrowser(""): Browser is opened with url: ''

2022-11-28 12:00:36 - [MESSAGE][INFO] - Starting 'Chrome' driver

2022-11-28 12:00:36 - [MESSAGE][INFO] - Action delay is set to 0 milliseconds

2022-11-28 12:00:37 - [MESSAGE][PASSED] - Browser is opened with url: ''

2022-11-28 12:00:37 - [TEST_STEP][PASSED] - navigateToUrl("https://lab.everleagues.com/"): Navigate to 'https://lab.everleagues.com/' successfully

2022-11-28 12:00:51 - [MESSAGE][PASSED] - Navigate to 'https://lab.everleagues.com/' successfully

2022-11-28 12:00:51 - [TEST_STEP][PASSED] - maximizeWindow(): Current window maximized

2022-11-28 12:00:51 - [MESSAGE][PASSED] - Current window maximized

2022-11-28 12:00:51 - [TEST_STEP][PASSED] - setText(findTestObject("02-Side Icons(Organization)/Add Contact/Email Field"), "autotester10@mailinator.com"): Text 'autotester10@mailinator.com' is set on object 'Object Repository/02-Side Icons(Organization)/Add Contact/Email Field'

2022-11-28 12:00:52 - [MESSAGE][PASSED] - Text 'autotester10@mailinator.com' is set on object 'Object Repository/02-Side Icons(Organization)/Add Contact/Email Field'

2022-11-28 12:00:52 - [TEST_STEP][PASSED] - setEncryptedText(findTestObject("02-Side Icons(Organization)/Add Contact/Password Field"), "8yFRyszE6U6jvsCn51OQbg=="): Text ****** has been set on object 'Object Repository/02-Side Icons(Organization)/Add Contact/Password Field'

2022-11-28 12:00:52 - [MESSAGE][PASSED] - Text ****** has been set on object 'Object Repository/02-Side Icons(Organization)/Add Contact/Password Field'

2022-11-28 12:00:52 - [TEST_STEP][PASSED] - click(findTestObject("02-Side Icons(Organization)/Add Contact/button_Sign in")): Object: 'Object Repository/02-Side Icons(Organization)/Add Contact/button_Sign in' is clicked on

2022-11-28 12:00:53 - [MESSAGE][PASSED] - Object: 'Object Repository/02-Side Icons(Organization)/Add Contact/button_Sign in' is clicked on

2022-11-28 12:00:53 - [TEST_STEP][PASSED] - delay(2): Delayed 2 second(s)

2022-11-28 12:00:55 - [MESSAGE][PASSED] - Delayed 2 second(s)

2022-11-28 12:00:55 - [TEST_STEP][PASSED] - click(findTestObject("06-Teams/For 2FA/button_Confirm_2FA")): Object: 'Object Repository/06-Teams/For 2FA/button_Confirm_2FA' is clicked on

2022-11-28 12:00:55 - [MESSAGE][PASSED] - Object: 'Object Repository/06-Teams/For 2FA/button_Confirm_2FA' is clicked on

2022-11-28 12:00:55 - [TEST_STEP][PASSED] - executeJavaScript("window.open();", []): Execute JavaScript 'window.open();' successfully

2022-11-28 12:00:55 - [MESSAGE][PASSED] - Execute JavaScript 'window.open();' successfully

2022-11-28 12:00:55 - [TEST_STEP][PASSED] - currentWindow = getWindowIndex(): Current window's index is: 0

2022-11-28 12:00:55 - [MESSAGE][PASSED] - Current window's index is: 0

2022-11-28 12:00:55 - [TEST_STEP][PASSED] - delay(3): Delayed 3 second(s)

2022-11-28 12:00:58 - [MESSAGE][PASSED] - Delayed 3 second(s)

2022-11-28 12:00:58 - [TEST_STEP][PASSED] - switchToWindowIndex(currentWindow + 1): Switched to window with index: '1'

2022-11-28 12:00:58 - [MESSAGE][PASSED] - Switched to window with index: '1'

2022-11-28 12:00:58 - [TEST_STEP][PASSED] - navigateToUrl("https://www.mailinator.com/"): Navigate to 'https://www.mailinator.com/' successfully

2022-11-28 12:01:00 - [MESSAGE][PASSED] - Navigate to 'https://www.mailinator.com/' successfully

2022-11-28 12:01:00 - [TEST_STEP][PASSED] - delay(3): Delayed 3 second(s)

2022-11-28 12:01:03 - [MESSAGE][PASSED] - Delayed 3 second(s)

2022-11-28 12:01:03 - [TEST_STEP][PASSED] - setText(findTestObject("00-Signup and Activation/zMailinator/input_LOGIN_search"), "autotester10@mailinator.com"): Text 'autotester10@mailinator.com' is set on object 'Object Repository/00-Signup and Activation/zMailinator/input_LOGIN_search'

2022-11-28 12:01:04 - [MESSAGE][PASSED] - Text 'autotester10@mailinator.com' is set on object 'Object Repository/00-Signup and Activation/zMailinator/input_LOGIN_search'

2022-11-28 12:01:04 - [TEST_STEP][PASSED] - click(findTestObject("00-Signup and Activation/zMailinator/gobutton"), STOP_ON_FAILURE): Object: 'Object Repository/00-Signup and Activation/zMailinator/gobutton' is clicked on

2022-11-28 12:01:06 - [MESSAGE][PASSED] - Object: 'Object Repository/00-Signup and Activation/zMailinator/gobutton' is clicked on

2022-11-28 12:01:06 - [TEST_STEP][PASSED] - delay(3): Delayed 3 second(s)

2022-11-28 12:01:09 - [MESSAGE][PASSED] - Delayed 3 second(s)

2022-11-28 12:01:09 - [TEST_STEP][PASSED] - click(findTestObject("00-Signup and Activation/zMailinator/Email - everleagues")): Object: 'Object Repository/00-Signup and Activation/zMailinator/Email - everleagues' is clicked on

2022-11-28 12:01:09 - [MESSAGE][PASSED] - Object: 'Object Repository/00-Signup and Activation/zMailinator/Email - everleagues' is clicked on

2022-11-28 12:01:09 - [TEST_STEP][PASSED] - delay(3): Delayed 3 second(s)

2022-11-28 12:01:12 - [MESSAGE][PASSED] - Delayed 3 second(s)

2022-11-28 12:01:12 - [TEST_STEP][PASSED] - codetwo = getText(findTestObject("Object Repository/06-Teams/For 2FA/2FA code")): Text of object 'Object Repository/06-Teams/For 2FA/2FA code' is: '292822'

2022-11-28 12:01:12 - [MESSAGE][PASSED] - Text of object 'Object Repository/06-Teams/For 2FA/2FA code' is: '292822'

2022-11-28 12:01:12 - [TEST_STEP][PASSED] - delay(3): Delayed 3 second(s)

2022-11-28 12:01:15 - [MESSAGE][PASSED] - Delayed 3 second(s)

2022-11-28 12:01:15 - [TEST_STEP][PASSED] - closeWindowTitle("Mailinator"): Window with title: 'Mailinator' is closed

2022-11-28 12:01:16 - [MESSAGE][PASSED] - Window with title: 'Mailinator' is closed

2022-11-28 12:01:16 - [TEST_STEP][PASSED] - delay(3): Delayed 3 second(s)

2022-11-28 12:01:19 - [MESSAGE][PASSED] - Delayed 3 second(s)

2022-11-28 12:01:19 - [TEST_STEP][PASSED] - switchToWindowIndex(0): Switched to window with index: '0'

2022-11-28 12:01:19 - [MESSAGE][PASSED] - Switched to window with index: '0'

2022-11-28 12:01:19 - [TEST_STEP][PASSED] - delay(3): Delayed 3 second(s)

2022-11-28 12:01:22 - [MESSAGE][PASSED] - Delayed 3 second(s)

2022-11-28 12:01:22 - [TEST_STEP][PASSED] - setText(findTestObject("Object Repository/06-Teams/For 2FA/input_Enter verification code_code"), codetwo): Text '292822' is set on object 'Object Repository/06-Teams/For 2FA/input_Enter verification code_code'

2022-11-28 12:01:23 - [MESSAGE][PASSED] - Text '292822' is set on object 'Object Repository/06-Teams/For 2FA/input_Enter verification code_code'

2022-11-28 12:01:23 - [TEST_STEP][PASSED] - delay(3): Delayed 3 second(s)

2022-11-28 12:01:26 - [MESSAGE][PASSED] - Delayed 3 second(s)

2022-11-28 12:01:26 - [TEST_STEP][PASSED] - click(findTestObject("06-Teams/For 2FA/button_Verify_2FA")): Object: 'Object Repository/06-Teams/For 2FA/button_Verify_2FA' is clicked on

2022-11-28 12:01:26 - [MESSAGE][PASSED] - Object: 'Object Repository/06-Teams/For 2FA/button_Verify_2FA' is clicked on

2022-11-28 12:01:26 - [TEST_STEP][PASSED] - delay(5): Delayed 5 second(s)

2022-11-28 12:01:31 - [MESSAGE][PASSED] - Delayed 5 second(s)

2022-11-28 12:01:31 - [TEST_STEP][PASSED] - executeJavaScript("window.open();", []): Execute JavaScript 'window.open();' successfully

2022-11-28 12:01:31 - [MESSAGE][PASSED] - Execute JavaScript 'window.open();' successfully

2022-11-28 12:01:31 - [TEST_STEP][PASSED] - currentWindow = getWindowIndex(): Current window's index is: 0

2022-11-28 12:01:31 - [MESSAGE][PASSED] - Current window's index is: 0

2022-11-28 12:01:31 - [TEST_STEP][PASSED] - delay(3): Delayed 3 second(s)

2022-11-28 12:01:34 - [MESSAGE][PASSED] - Delayed 3 second(s)

2022-11-28 12:01:34 - [TEST_STEP][PASSED] - switchToWindowIndex(currentWindow + 1): Switched to window with index: '1'

2022-11-28 12:01:34 - [MESSAGE][PASSED] - Switched to window with index: '1'

2022-11-28 12:01:34 - [TEST_STEP][PASSED] - navigateToUrl("https://www.mailinator.com/"): Navigate to 'https://www.mailinator.com/' successfully

2022-11-28 12:01:36 - [MESSAGE][PASSED] - Navigate to 'https://www.mailinator.com/' successfully

2022-11-28 12:01:36 - [TEST_STEP][PASSED] - delay(3): Delayed 3 second(s)

2022-11-28 12:01:39 - [MESSAGE][PASSED] - Delayed 3 second(s)

2022-11-28 12:01:39 - [TEST_STEP][PASSED] - setText(findTestObject("00-Signup and Activation/zMailinator/input_LOGIN_search"), "autotester10@mailinator.com"): Text 'autotester10@mailinator.com' is set on object 'Object Repository/00-Signup and Activation/zMailinator/input_LOGIN_search'

2022-11-28 12:01:40 - [MESSAGE][PASSED] - Text 'autotester10@mailinator.com' is set on object 'Object Repository/00-Signup and Activation/zMailinator/input_LOGIN_search'

2022-11-28 12:01:40 - [TEST_STEP][PASSED] - click(findTestObject("00-Signup and Activation/zMailinator/gobutton"), STOP_ON_FAILURE): Object: 'Object Repository/00-Signup and Activation/zMailinator/gobutton' is clicked on

2022-11-28 12:01:41 - [MESSAGE][PASSED] - Object: 'Object Repository/00-Signup and Activation/zMailinator/gobutton' is clicked on

2022-11-28 12:01:41 - [TEST_STEP][PASSED] - delay(3): Delayed 3 second(s)

2022-11-28 12:01:44 - [MESSAGE][PASSED] - Delayed 3 second(s)

2022-11-28 12:01:44 - [TEST_STEP][PASSED] - closeWindowTitle("Everleagues"): Window with title: 'Everleagues' is closed

2022-11-28 12:01:44 - [MESSAGE][PASSED] - Window with title: 'Everleagues' is closed

2022-11-28 12:01:44 - [TEST_STEP][PASSED] - switchToWindowIndex(0): Switched to window with index: '0'

2022-11-28 12:01:44 - [MESSAGE][PASSED] - Switched to window with index: '0'

2022-11-28 12:01:44 - [TEST_STEP][PASSED] - click(findTestObject("09-Settings/Users/Co worker/td_Invitation from GG Automation")): Object: 'Object Repository/09-Settings/Users/Co worker/td_Invitation from GG Automation' is clicked on

2022-11-28 12:01:45 - [MESSAGE][PASSED] - Object: 'Object Repository/09-Settings/Users/Co worker/td_Invitation from GG Automation' is clicked on

2022-11-28 12:01:45 - [TEST_STEP][PASSED] - click(findTestObject("09-Settings/Users/Co worker/a_Click here to join GG Automation on EverLeagues")): Object: 'Object Repository/09-Settings/Users/Co worker/a_Click here to join GG Automation on EverLeagues' is clicked on

2022-11-28 12:01:46 - [MESSAGE][PASSED] - Object: 'Object Repository/09-Settings/Users/Co worker/a_Click here to join GG Automation on EverLeagues' is clicked on

2022-11-28 12:01:46 - [TEST_STEP][PASSED] - closeWindowTitle("Mailinator"): Window with title: 'Mailinator' is closed

2022-11-28 12:01:46 - [MESSAGE][PASSED] - Window with title: 'Mailinator' is closed

2022-11-28 12:01:46 - [TEST_STEP][PASSED] - switchToWindowIndex(0): Switched to window with index: '0'

2022-11-28 12:01:46 - [MESSAGE][PASSED] - Switched to window with index: '0'

2022-11-28 12:01:46 - [TEST_STEP][PASSED] - verifyElementVisible(findTestObject("09-Settings/Users/Client/Invite modal")): Object 'Object Repository/09-Settings/Users/Client/Invite modal' is visible

2022-11-28 12:01:51 - [MESSAGE][PASSED] - Object 'Object Repository/09-Settings/Users/Client/Invite modal' is visible

2022-11-28 12:01:51 - [TEST_STEP][PASSED] - setText(findTestObject("09-Settings/Users/Client/Company field"), "QA Company"): Text 'QA Company' is set on object 'Object Repository/09-Settings/Users/Client/Company field'

2022-11-28 12:01:52 - [MESSAGE][PASSED] - Text 'QA Company' is set on object 'Object Repository/09-Settings/Users/Client/Company field'

2022-11-28 12:01:52 - [TEST_STEP][PASSED] - click(findTestObject("09-Settings/Users/Client/button_Accept")): Object: 'Object Repository/09-Settings/Users/Client/button_Accept' is clicked on

2022-11-28 12:01:53 - [MESSAGE][PASSED] - Object: 'Object Repository/09-Settings/Users/Client/button_Accept' is clicked on

2022-11-28 12:01:53 - [TEST_STEP][PASSED] - delay(5): Delayed 5 second(s)

2022-11-28 12:01:58 - [MESSAGE][PASSED] - Delayed 5 second(s)

2022-11-28 12:01:58 - [TEST_STEP][PASSED] - verifyElementVisible(findTestObject("09-Settings/Users/div_Joined as Partner")): Object 'Object Repository/09-Settings/Users/div_Joined as Partner' is visible

2022-11-28 12:01:59 - [MESSAGE][PASSED] - Object 'Object Repository/09-Settings/Users/div_Joined as Partner' is visible

2022-11-28 12:01:59 - [TEST_STEP][PASSED] - delay(3): Delayed 3 second(s)

2022-11-28 12:02:02 - [MESSAGE][PASSED] - Delayed 3 second(s)

2022-11-28 12:02:02 - [TEST_STEP][PASSED] - closeBrowser(): Browser is closed

2022-11-28 12:02:02 - [MESSAGE][PASSED] - Browser is closed]]></system-out>
         <system-err><![CDATA[]]></system-err>
      </testcase>
      <testcase name="Test Cases/09-Settings/05 - Users (Invite batch of users via CSV file)" time="103.958" classname="Test Cases/09-Settings/05 - Users (Invite batch of users via CSV file)" status="PASSED">
         <system-out><![CDATA[2022-11-28 12:02:02 - [TEST_CASE][PASSED] - Test Cases/09-Settings/05 - Users (Invite batch of users via CSV file): Test Cases/09-Settings/05 - Users (Invite batch of users via CSV file)

2022-11-28 12:02:03 - [TEST_STEP][PASSED] - openBrowser(""): Browser is opened with url: ''

2022-11-28 12:02:03 - [MESSAGE][INFO] - Starting 'Chrome' driver

2022-11-28 12:02:03 - [MESSAGE][INFO] - Action delay is set to 0 milliseconds

2022-11-28 12:02:04 - [MESSAGE][PASSED] - Browser is opened with url: ''

2022-11-28 12:02:04 - [TEST_STEP][PASSED] - navigateToUrl("https://lab.everleagues.com/"): Navigate to 'https://lab.everleagues.com/' successfully

2022-11-28 12:02:16 - [MESSAGE][PASSED] - Navigate to 'https://lab.everleagues.com/' successfully

2022-11-28 12:02:16 - [TEST_STEP][PASSED] - maximizeWindow(): Current window maximized

2022-11-28 12:02:16 - [MESSAGE][PASSED] - Current window maximized

2022-11-28 12:02:16 - [TEST_STEP][PASSED] - setText(findTestObject("02-Side Icons(Organization)/Add Contact/Email Field"), "testuser02@mailinator.com"): Text 'testuser02@mailinator.com' is set on object 'Object Repository/02-Side Icons(Organization)/Add Contact/Email Field'

2022-11-28 12:02:17 - [MESSAGE][PASSED] - Text 'testuser02@mailinator.com' is set on object 'Object Repository/02-Side Icons(Organization)/Add Contact/Email Field'

2022-11-28 12:02:17 - [TEST_STEP][PASSED] - setEncryptedText(findTestObject("02-Side Icons(Organization)/Add Contact/Password Field"), "8yFRyszE6U6jvsCn51OQbg=="): Text ****** has been set on object 'Object Repository/02-Side Icons(Organization)/Add Contact/Password Field'

2022-11-28 12:02:17 - [MESSAGE][PASSED] - Text ****** has been set on object 'Object Repository/02-Side Icons(Organization)/Add Contact/Password Field'

2022-11-28 12:02:17 - [TEST_STEP][PASSED] - click(findTestObject("02-Side Icons(Organization)/Add Contact/button_Sign in")): Object: 'Object Repository/02-Side Icons(Organization)/Add Contact/button_Sign in' is clicked on

2022-11-28 12:02:18 - [MESSAGE][PASSED] - Object: 'Object Repository/02-Side Icons(Organization)/Add Contact/button_Sign in' is clicked on

2022-11-28 12:02:18 - [TEST_STEP][PASSED] - delay(2): Delayed 2 second(s)

2022-11-28 12:02:20 - [MESSAGE][PASSED] - Delayed 2 second(s)

2022-11-28 12:02:20 - [TEST_STEP][PASSED] - click(findTestObject("06-Teams/For 2FA/button_Confirm_2FA")): Object: 'Object Repository/06-Teams/For 2FA/button_Confirm_2FA' is clicked on

2022-11-28 12:02:20 - [MESSAGE][PASSED] - Object: 'Object Repository/06-Teams/For 2FA/button_Confirm_2FA' is clicked on

2022-11-28 12:02:20 - [TEST_STEP][PASSED] - executeJavaScript("window.open();", []): Execute JavaScript 'window.open();' successfully

2022-11-28 12:02:21 - [MESSAGE][PASSED] - Execute JavaScript 'window.open();' successfully

2022-11-28 12:02:21 - [TEST_STEP][PASSED] - currentWindow = getWindowIndex(): Current window's index is: 0

2022-11-28 12:02:21 - [MESSAGE][PASSED] - Current window's index is: 0

2022-11-28 12:02:21 - [TEST_STEP][PASSED] - delay(3): Delayed 3 second(s)

2022-11-28 12:02:24 - [MESSAGE][PASSED] - Delayed 3 second(s)

2022-11-28 12:02:24 - [TEST_STEP][PASSED] - switchToWindowIndex(currentWindow + 1): Switched to window with index: '1'

2022-11-28 12:02:24 - [MESSAGE][PASSED] - Switched to window with index: '1'

2022-11-28 12:02:24 - [TEST_STEP][PASSED] - navigateToUrl("https://www.mailinator.com/"): Navigate to 'https://www.mailinator.com/' successfully

2022-11-28 12:02:26 - [MESSAGE][PASSED] - Navigate to 'https://www.mailinator.com/' successfully

2022-11-28 12:02:26 - [TEST_STEP][PASSED] - delay(3): Delayed 3 second(s)

2022-11-28 12:02:29 - [MESSAGE][PASSED] - Delayed 3 second(s)

2022-11-28 12:02:29 - [TEST_STEP][PASSED] - setText(findTestObject("00-Signup and Activation/zMailinator/input_LOGIN_search"), "testuser02@mailinator.com"): Text 'testuser02@mailinator.com' is set on object 'Object Repository/00-Signup and Activation/zMailinator/input_LOGIN_search'

2022-11-28 12:02:29 - [MESSAGE][PASSED] - Text 'testuser02@mailinator.com' is set on object 'Object Repository/00-Signup and Activation/zMailinator/input_LOGIN_search'

2022-11-28 12:02:29 - [TEST_STEP][PASSED] - click(findTestObject("00-Signup and Activation/zMailinator/gobutton"), STOP_ON_FAILURE): Object: 'Object Repository/00-Signup and Activation/zMailinator/gobutton' is clicked on

2022-11-28 12:02:31 - [MESSAGE][PASSED] - Object: 'Object Repository/00-Signup and Activation/zMailinator/gobutton' is clicked on

2022-11-28 12:02:31 - [TEST_STEP][PASSED] - delay(3): Delayed 3 second(s)

2022-11-28 12:02:34 - [MESSAGE][PASSED] - Delayed 3 second(s)

2022-11-28 12:02:34 - [TEST_STEP][PASSED] - click(findTestObject("00-Signup and Activation/zMailinator/Email - everleagues")): Object: 'Object Repository/00-Signup and Activation/zMailinator/Email - everleagues' is clicked on

2022-11-28 12:02:35 - [MESSAGE][PASSED] - Object: 'Object Repository/00-Signup and Activation/zMailinator/Email - everleagues' is clicked on

2022-11-28 12:02:35 - [TEST_STEP][PASSED] - delay(3): Delayed 3 second(s)

2022-11-28 12:02:38 - [MESSAGE][PASSED] - Delayed 3 second(s)

2022-11-28 12:02:38 - [TEST_STEP][PASSED] - code = getText(findTestObject("Object Repository/06-Teams/For 2FA/2FA code")): Text of object 'Object Repository/06-Teams/For 2FA/2FA code' is: '542269'

2022-11-28 12:02:38 - [MESSAGE][PASSED] - Text of object 'Object Repository/06-Teams/For 2FA/2FA code' is: '542269'

2022-11-28 12:02:38 - [TEST_STEP][PASSED] - delay(3): Delayed 3 second(s)

2022-11-28 12:02:41 - [MESSAGE][PASSED] - Delayed 3 second(s)

2022-11-28 12:02:41 - [TEST_STEP][PASSED] - closeWindowTitle("Mailinator"): Window with title: 'Mailinator' is closed

2022-11-28 12:02:41 - [MESSAGE][PASSED] - Window with title: 'Mailinator' is closed

2022-11-28 12:02:41 - [TEST_STEP][PASSED] - delay(3): Delayed 3 second(s)

2022-11-28 12:02:44 - [MESSAGE][PASSED] - Delayed 3 second(s)

2022-11-28 12:02:44 - [TEST_STEP][PASSED] - switchToWindowIndex(0): Switched to window with index: '0'

2022-11-28 12:02:44 - [MESSAGE][PASSED] - Switched to window with index: '0'

2022-11-28 12:02:44 - [TEST_STEP][PASSED] - delay(3): Delayed 3 second(s)

2022-11-28 12:02:47 - [MESSAGE][PASSED] - Delayed 3 second(s)

2022-11-28 12:02:47 - [TEST_STEP][PASSED] - setText(findTestObject("Object Repository/06-Teams/For 2FA/input_Enter verification code_code"), code): Text '542269' is set on object 'Object Repository/06-Teams/For 2FA/input_Enter verification code_code'

2022-11-28 12:02:48 - [MESSAGE][PASSED] - Text '542269' is set on object 'Object Repository/06-Teams/For 2FA/input_Enter verification code_code'

2022-11-28 12:02:48 - [TEST_STEP][PASSED] - delay(3): Delayed 3 second(s)

2022-11-28 12:02:51 - [MESSAGE][PASSED] - Delayed 3 second(s)

2022-11-28 12:02:51 - [TEST_STEP][PASSED] - click(findTestObject("06-Teams/For 2FA/button_Verify_2FA")): Object: 'Object Repository/06-Teams/For 2FA/button_Verify_2FA' is clicked on

2022-11-28 12:02:52 - [MESSAGE][PASSED] - Object: 'Object Repository/06-Teams/For 2FA/button_Verify_2FA' is clicked on

2022-11-28 12:02:52 - [TEST_STEP][PASSED] - delay(5): Delayed 5 second(s)

2022-11-28 12:02:57 - [MESSAGE][PASSED] - Delayed 5 second(s)

2022-11-28 12:02:57 - [TEST_STEP][PASSED] - click(findTestObject("06-Teams/button_doublearrow")): Object: 'Object Repository/06-Teams/button_doublearrow' is clicked on

2022-11-28 12:02:59 - [MESSAGE][PASSED] - Object: 'Object Repository/06-Teams/button_doublearrow' is clicked on

2022-11-28 12:02:59 - [TEST_STEP][PASSED] - click(findTestObject("06-Teams/button_My Organizations")): Object: 'Object Repository/06-Teams/button_My Organizations' is clicked on

2022-11-28 12:03:00 - [MESSAGE][PASSED] - Object: 'Object Repository/06-Teams/button_My Organizations' is clicked on

2022-11-28 12:03:00 - [TEST_STEP][PASSED] - click(findTestObject("06-Teams/button_GG Automation")): Object: 'Object Repository/06-Teams/button_GG Automation' is clicked on

2022-11-28 12:03:00 - [MESSAGE][PASSED] - Object: 'Object Repository/06-Teams/button_GG Automation' is clicked on

2022-11-28 12:03:00 - [TEST_STEP][PASSED] - delay(4): Delayed 4 second(s)

2022-11-28 12:03:04 - [MESSAGE][PASSED] - Delayed 4 second(s)

2022-11-28 12:03:04 - [TEST_STEP][PASSED] - verifyElementVisible(findTestObject("06-Teams/span_GG Automation")): Object 'Object Repository/06-Teams/span_GG Automation' is visible

2022-11-28 12:03:05 - [MESSAGE][PASSED] - Object 'Object Repository/06-Teams/span_GG Automation' is visible

2022-11-28 12:03:05 - [TEST_STEP][PASSED] - delay(5): Delayed 5 second(s)

2022-11-28 12:03:10 - [MESSAGE][PASSED] - Delayed 5 second(s)

2022-11-28 12:03:10 - [TEST_STEP][PASSED] - click(findTestObject("03-Header Menu/Hamburger Button/div_Settings")): Object: 'Object Repository/03-Header Menu/Hamburger Button/div_Settings' is clicked on

2022-11-28 12:03:10 - [MESSAGE][PASSED] - Object: 'Object Repository/03-Header Menu/Hamburger Button/div_Settings' is clicked on

2022-11-28 12:03:10 - [TEST_STEP][PASSED] - delay(3): Delayed 3 second(s)

2022-11-28 12:03:13 - [MESSAGE][PASSED] - Delayed 3 second(s)

2022-11-28 12:03:13 - [TEST_STEP][PASSED] - click(findTestObject("09-Settings/Users/div_Users")): Object: 'Object Repository/09-Settings/Users/div_Users' is clicked on

2022-11-28 12:03:14 - [MESSAGE][PASSED] - Object: 'Object Repository/09-Settings/Users/div_Users' is clicked on

2022-11-28 12:03:14 - [TEST_STEP][PASSED] - delay(3): Delayed 3 second(s)

2022-11-28 12:03:17 - [MESSAGE][PASSED] - Delayed 3 second(s)

2022-11-28 12:03:17 - [TEST_STEP][PASSED] - click(findTestObject("09-Settings/Users/button_add")): Object: 'Object Repository/09-Settings/Users/button_add' is clicked on

2022-11-28 12:03:18 - [MESSAGE][PASSED] - Object: 'Object Repository/09-Settings/Users/button_add' is clicked on

2022-11-28 12:03:18 - [TEST_STEP][PASSED] - delay(3): Delayed 3 second(s)

2022-11-28 12:03:21 - [MESSAGE][PASSED] - Delayed 3 second(s)

2022-11-28 12:03:21 - [TEST_STEP][PASSED] - click(findTestObject("09-Settings/Users/Invite batch of users via CSV file")): Object: 'Object Repository/09-Settings/Users/Invite batch of users via CSV file' is clicked on

2022-11-28 12:03:21 - [MESSAGE][PASSED] - Object: 'Object Repository/09-Settings/Users/Invite batch of users via CSV file' is clicked on

2022-11-28 12:03:21 - [TEST_STEP][PASSED] - verifyElementVisible(findTestObject("09-Settings/Users/CSV Invite/Import CSV File modal")): Object 'Object Repository/09-Settings/Users/CSV Invite/Import CSV File modal' is visible

2022-11-28 12:03:22 - [MESSAGE][PASSED] - Object 'Object Repository/09-Settings/Users/CSV Invite/Import CSV File modal' is visible

2022-11-28 12:03:22 - [TEST_STEP][PASSED] - verifyElementNotClickable(findTestObject("09-Settings/Users/CSV Invite/button_Import")): Object 'Object Repository/09-Settings/Users/CSV Invite/button_Import' is NOT clickable

2022-11-28 12:03:22 - [MESSAGE][PASSED] - Object 'Object Repository/09-Settings/Users/CSV Invite/button_Import' is NOT clickable

2022-11-28 12:03:22 - [TEST_STEP][PASSED] - delay(3): Delayed 3 second(s)

2022-11-28 12:03:25 - [MESSAGE][PASSED] - Delayed 3 second(s)

2022-11-28 12:03:25 - [TEST_STEP][PASSED] - uploadpackage.Upload.uploadFile(findTestObject("Object Repository/09-Settings/Users/CSV Invite/button_Choose File"), "C:\Users\User\Desktop\EL automation\sample csv.csv"): uploadpackage.Upload.uploadFile is PASSED

2022-11-28 12:03:26 - [MESSAGE][PASSED] - Object: 'Object Repository/09-Settings/Users/CSV Invite/button_Choose File' is clicked on

2022-11-28 12:03:26 - [MESSAGE][PASSED] - uploadpackage.Upload.uploadFile is PASSED

2022-11-28 12:03:26 - [TEST_STEP][PASSED] - delay(3): Delayed 3 second(s)

2022-11-28 12:03:29 - [MESSAGE][PASSED] - Delayed 3 second(s)

2022-11-28 12:03:29 - [TEST_STEP][PASSED] - verifyElementVisible(findTestObject("09-Settings/Users/CSV Invite/div_Sample csv.csv")): Object 'Object Repository/09-Settings/Users/CSV Invite/div_Sample csv.csv' is visible

2022-11-28 12:03:29 - [MESSAGE][PASSED] - Object 'Object Repository/09-Settings/Users/CSV Invite/div_Sample csv.csv' is visible

2022-11-28 12:03:29 - [TEST_STEP][PASSED] - click(findTestObject("09-Settings/Users/CSV Invite/button_Import")): Object: 'Object Repository/09-Settings/Users/CSV Invite/button_Import' is clicked on

2022-11-28 12:03:30 - [MESSAGE][PASSED] - Object: 'Object Repository/09-Settings/Users/CSV Invite/button_Import' is clicked on

2022-11-28 12:03:30 - [TEST_STEP][PASSED] - delay(5): Delayed 5 second(s)

2022-11-28 12:03:35 - [MESSAGE][PASSED] - Delayed 5 second(s)

2022-11-28 12:03:35 - [TEST_STEP][PASSED] - verifyElementVisible(findTestObject("09-Settings/Users/CSV Invite/Success import modal")): Object 'Object Repository/09-Settings/Users/CSV Invite/Success import modal' is visible

2022-11-28 12:03:35 - [MESSAGE][PASSED] - Object 'Object Repository/09-Settings/Users/CSV Invite/Success import modal' is visible

2022-11-28 12:03:35 - [TEST_STEP][PASSED] - click(findTestObject("09-Settings/Users/CSV Invite/button_Close")): Object: 'Object Repository/09-Settings/Users/CSV Invite/button_Close' is clicked on

2022-11-28 12:03:36 - [MESSAGE][PASSED] - Object: 'Object Repository/09-Settings/Users/CSV Invite/button_Close' is clicked on

2022-11-28 12:03:36 - [TEST_STEP][PASSED] - click(findTestObject("09-Settings/Users/CSV Invite/Invited Users tab")): Object: 'Object Repository/09-Settings/Users/CSV Invite/Invited Users tab' is clicked on

2022-11-28 12:03:36 - [MESSAGE][PASSED] - Object: 'Object Repository/09-Settings/Users/CSV Invite/Invited Users tab' is clicked on

2022-11-28 12:03:36 - [TEST_STEP][PASSED] - delay(3): Delayed 3 second(s)

2022-11-28 12:03:39 - [MESSAGE][PASSED] - Delayed 3 second(s)

2022-11-28 12:03:39 - [TEST_STEP][PASSED] - verifyElementVisible(findTestObject("09-Settings/Users/CSV Invite/div_CTCSV test3")): Object 'Object Repository/09-Settings/Users/CSV Invite/div_CTCSV test3' is visible

2022-11-28 12:03:40 - [MESSAGE][PASSED] - Object 'Object Repository/09-Settings/Users/CSV Invite/div_CTCSV test3' is visible

2022-11-28 12:03:40 - [TEST_STEP][PASSED] - verifyElementVisible(findTestObject("09-Settings/Users/CSV Invite/div_autotester08mailinator.com")): Object 'Object Repository/09-Settings/Users/CSV Invite/div_autotester08mailinator.com' is visible

2022-11-28 12:03:40 - [MESSAGE][PASSED] - Object 'Object Repository/09-Settings/Users/CSV Invite/div_autotester08mailinator.com' is visible

2022-11-28 12:03:40 - [TEST_STEP][PASSED] - verifyElementVisible(findTestObject("09-Settings/Users/CSV Invite/div_Partner")): Object 'Object Repository/09-Settings/Users/CSV Invite/div_Partner' is visible

2022-11-28 12:03:41 - [MESSAGE][PASSED] - Object 'Object Repository/09-Settings/Users/CSV Invite/div_Partner' is visible

2022-11-28 12:03:41 - [TEST_STEP][PASSED] - verifyElementVisible(findTestObject("09-Settings/Users/CSV Invite/div_CTCSV test2")): Object 'Object Repository/09-Settings/Users/CSV Invite/div_CTCSV test2' is visible

2022-11-28 12:03:41 - [MESSAGE][PASSED] - Object 'Object Repository/09-Settings/Users/CSV Invite/div_CTCSV test2' is visible

2022-11-28 12:03:41 - [TEST_STEP][PASSED] - verifyElementVisible(findTestObject("09-Settings/Users/CSV Invite/div_autotester07mailinator.com")): Object 'Object Repository/09-Settings/Users/CSV Invite/div_autotester07mailinator.com' is visible

2022-11-28 12:03:41 - [MESSAGE][PASSED] - Object 'Object Repository/09-Settings/Users/CSV Invite/div_autotester07mailinator.com' is visible

2022-11-28 12:03:41 - [TEST_STEP][PASSED] - verifyElementVisible(findTestObject("09-Settings/Users/CSV Invite/div_Client")): Object 'Object Repository/09-Settings/Users/CSV Invite/div_Client' is visible

2022-11-28 12:03:42 - [MESSAGE][PASSED] - Object 'Object Repository/09-Settings/Users/CSV Invite/div_Client' is visible

2022-11-28 12:03:42 - [TEST_STEP][PASSED] - verifyElementVisible(findTestObject("09-Settings/Users/CSV Invite/div_CTCSV test1")): Object 'Object Repository/09-Settings/Users/CSV Invite/div_CTCSV test1' is visible

2022-11-28 12:03:42 - [MESSAGE][PASSED] - Object 'Object Repository/09-Settings/Users/CSV Invite/div_CTCSV test1' is visible

2022-11-28 12:03:42 - [TEST_STEP][PASSED] - verifyElementVisible(findTestObject("09-Settings/Users/CSV Invite/div_autotester06mailinator.com")): Object 'Object Repository/09-Settings/Users/CSV Invite/div_autotester06mailinator.com' is visible

2022-11-28 12:03:42 - [MESSAGE][PASSED] - Object 'Object Repository/09-Settings/Users/CSV Invite/div_autotester06mailinator.com' is visible

2022-11-28 12:03:42 - [TEST_STEP][PASSED] - verifyElementVisible(findTestObject("09-Settings/Users/CSV Invite/div_Coworker")): Object 'Object Repository/09-Settings/Users/CSV Invite/div_Coworker' is visible

2022-11-28 12:03:43 - [MESSAGE][PASSED] - Object 'Object Repository/09-Settings/Users/CSV Invite/div_Coworker' is visible

2022-11-28 12:03:43 - [TEST_STEP][PASSED] - delay(3): Delayed 3 second(s)

2022-11-28 12:03:46 - [MESSAGE][PASSED] - Delayed 3 second(s)

2022-11-28 12:03:46 - [TEST_STEP][PASSED] - closeBrowser(): Browser is closed

2022-11-28 12:03:46 - [MESSAGE][PASSED] - Browser is closed]]></system-out>
         <system-err><![CDATA[]]></system-err>
      </testcase>
      <system-out><![CDATA[2022-11-28 11:47:15 - [TEST_SUITE][PASSED] - 09.1 - Settings (Invite users): Test Cases/09-Settings/05 - Users (Invite batch of users via CSV file)]]></system-out>
      <system-err><![CDATA[]]></system-err>
   </testsuite>
</testsuites>
