<?xml version="1.0" encoding="UTF-8"?>
<testsuites name="06.1- Teams - Add" time="186.241" tests="2" failures="0" errors="0">
   <testsuite name="06.1- Teams - Add" tests="2" failures="0" errors="0" time="186.241" skipped="0" timestamp="2022-10-14 20:20:34" hostname="User - DESKTOP-QCRNR4M" id="Test Suites/TS-Organization/06.1- Teams - Add">
      <properties>
         <property name="deviceName" value=""/>
         <property name="devicePlatform" value=""/>
         <property name="logFolder" value="C:\\Users\\User\\Katalon Studio\\EverleaguesMain\\Reports\\20221014_202031\\TS-Organization\\06.1- Teams - Add\\20221014_202031"/>
         <property name="logFiles" value="C:\\Users\\User\\Katalon Studio\\EverleaguesMain\\Reports\\20221014_202031\\TS-Organization\\06.1- Teams - Add\\20221014_202031\\execution0.log"/>
         <property name="attachments" value=""/>
         <property name="hostName" value="User - DESKTOP-QCRNR4M"/>
         <property name="os" value="Windows 10 64bit"/>
         <property name="katalonVersion" value="8.4.1.208"/>
         <property name="browser" value="Chrome 106.0.0.0"/>
         <property name="hostAddress" value="192.168.5.124"/>
         <property name="sessionId" value="b091e8bebe83ef858b87f39660556a01"/>
         <property name="seleniumVersion" value="3.141.59"/>
         <property name="proxyInformation" value="ProxyInformation { proxyOption=NO_PROXY, proxyServerType=HTTP, username=, password=********, proxyServerAddress=, proxyServerPort=0, executionList=&quot;&quot;, isApplyToDesiredCapabilities=true }"/>
         <property name="platform" value="Windows 10"/>
      </properties>
      <testcase name="Test Cases/06- Teams/01- Add Team- Public" time="89.639" classname="Test Cases/06- Teams/01- Add Team- Public" status="PASSED">
         <system-out><![CDATA[2022-10-14 20:20:34 - [TEST_CASE][PASSED] - Test Cases/06- Teams/01- Add Team- Public: Test Cases/06- Teams/01- Add Team- Public

2022-10-14 20:20:34 - [TEST_STEP][PASSED] - openBrowser(""): Browser is opened with url: ''

2022-10-14 20:20:35 - [MESSAGE][INFO] - Starting 'Chrome' driver

2022-10-14 20:20:35 - [MESSAGE][INFO] - Action delay is set to 0 milliseconds

2022-10-14 20:20:37 - [MESSAGE][PASSED] - Browser is opened with url: ''

2022-10-14 20:20:37 - [TEST_STEP][PASSED] - navigateToUrl("https://lab.everleagues.com/"): Navigate to 'https://lab.everleagues.com/' successfully

2022-10-14 20:21:10 - [MESSAGE][PASSED] - Navigate to 'https://lab.everleagues.com/' successfully

2022-10-14 20:21:10 - [TEST_STEP][PASSED] - maximizeWindow(): Current window maximized

2022-10-14 20:21:10 - [MESSAGE][PASSED] - Current window maximized

2022-10-14 20:21:10 - [TEST_STEP][PASSED] - setText(findTestObject("02-Side Icons(Organization)/Add Contact/Email Field"), "testuser02@mailinator.com"): Text 'testuser02@mailinator.com' is set on object 'Object Repository/02-Side Icons(Organization)/Add Contact/Email Field'

2022-10-14 20:21:11 - [MESSAGE][PASSED] - Text 'testuser02@mailinator.com' is set on object 'Object Repository/02-Side Icons(Organization)/Add Contact/Email Field'

2022-10-14 20:21:11 - [TEST_STEP][PASSED] - setEncryptedText(findTestObject("02-Side Icons(Organization)/Add Contact/Password Field"), "8yFRyszE6U6jvsCn51OQbg=="): Text ****** has been set on object 'Object Repository/02-Side Icons(Organization)/Add Contact/Password Field'

2022-10-14 20:21:12 - [MESSAGE][PASSED] - Text ****** has been set on object 'Object Repository/02-Side Icons(Organization)/Add Contact/Password Field'

2022-10-14 20:21:12 - [TEST_STEP][PASSED] - click(findTestObject("02-Side Icons(Organization)/Add Contact/button_Sign in")): Object: 'Object Repository/02-Side Icons(Organization)/Add Contact/button_Sign in' is clicked on

2022-10-14 20:21:12 - [MESSAGE][PASSED] - Object: 'Object Repository/02-Side Icons(Organization)/Add Contact/button_Sign in' is clicked on

2022-10-14 20:21:12 - [TEST_STEP][PASSED] - delay(2): Delayed 2 second(s)

2022-10-14 20:21:14 - [MESSAGE][PASSED] - Delayed 2 second(s)

2022-10-14 20:21:14 - [TEST_STEP][PASSED] - click(findTestObject("06-Teams/button_doublearrow")): Object: 'Object Repository/06-Teams/button_doublearrow' is clicked on

2022-10-14 20:21:17 - [MESSAGE][PASSED] - Object: 'Object Repository/06-Teams/button_doublearrow' is clicked on

2022-10-14 20:21:17 - [TEST_STEP][PASSED] - click(findTestObject("06-Teams/button_My Organizations")): Object: 'Object Repository/06-Teams/button_My Organizations' is clicked on

2022-10-14 20:21:19 - [MESSAGE][PASSED] - Object: 'Object Repository/06-Teams/button_My Organizations' is clicked on

2022-10-14 20:21:19 - [TEST_STEP][PASSED] - click(findTestObject("06-Teams/button_GG Automation")): Object: 'Object Repository/06-Teams/button_GG Automation' is clicked on

2022-10-14 20:21:19 - [MESSAGE][PASSED] - Object: 'Object Repository/06-Teams/button_GG Automation' is clicked on

2022-10-14 20:21:19 - [TEST_STEP][PASSED] - delay(4): Delayed 4 second(s)

2022-10-14 20:21:23 - [MESSAGE][PASSED] - Delayed 4 second(s)

2022-10-14 20:21:23 - [TEST_STEP][PASSED] - verifyElementVisible(findTestObject("06-Teams/span_GG Automation")): Object 'Object Repository/06-Teams/span_GG Automation' is visible

2022-10-14 20:21:23 - [MESSAGE][PASSED] - Object 'Object Repository/06-Teams/span_GG Automation' is visible

2022-10-14 20:21:23 - [TEST_STEP][PASSED] - delay(2): Delayed 2 second(s)

2022-10-14 20:21:25 - [MESSAGE][PASSED] - Delayed 2 second(s)

2022-10-14 20:21:25 - [TEST_STEP][PASSED] - click(findTestObject("03-Header Menu/Hamburger Button/div_Teams")): Object: 'Object Repository/03-Header Menu/Hamburger Button/div_Teams' is clicked on

2022-10-14 20:21:26 - [MESSAGE][PASSED] - Object: 'Object Repository/03-Header Menu/Hamburger Button/div_Teams' is clicked on

2022-10-14 20:21:26 - [TEST_STEP][PASSED] - delay(2): Delayed 2 second(s)

2022-10-14 20:21:28 - [MESSAGE][PASSED] - Delayed 2 second(s)

2022-10-14 20:21:28 - [TEST_STEP][PASSED] - verifyElementVisible(findTestObject("06-Teams/h4_TEAMS")): Object 'Object Repository/06-Teams/h4_TEAMS' is visible

2022-10-14 20:21:28 - [MESSAGE][PASSED] - Object 'Object Repository/06-Teams/h4_TEAMS' is visible

2022-10-14 20:21:28 - [TEST_STEP][PASSED] - delay(3): Delayed 3 second(s)

2022-10-14 20:21:31 - [MESSAGE][PASSED] - Delayed 3 second(s)

2022-10-14 20:21:31 - [TEST_STEP][PASSED] - click(findTestObject("06-Teams/Add Team")): Object: 'Object Repository/06-Teams/Add Team' is clicked on

2022-10-14 20:21:32 - [MESSAGE][PASSED] - Object: 'Object Repository/06-Teams/Add Team' is clicked on

2022-10-14 20:21:32 - [TEST_STEP][PASSED] - delay(3): Delayed 3 second(s)

2022-10-14 20:21:35 - [MESSAGE][PASSED] - Delayed 3 second(s)

2022-10-14 20:21:35 - [TEST_STEP][PASSED] - verifyElementVisible(findTestObject("06-Teams/button_Public")): Object 'Object Repository/06-Teams/button_Public' is visible

2022-10-14 20:21:35 - [MESSAGE][PASSED] - Object 'Object Repository/06-Teams/button_Public' is visible

2022-10-14 20:21:35 - [TEST_STEP][PASSED] - verifyElementVisible(findTestObject("06-Teams/button_Private")): Object 'Object Repository/06-Teams/button_Private' is visible

2022-10-14 20:21:35 - [MESSAGE][PASSED] - Object 'Object Repository/06-Teams/button_Private' is visible

2022-10-14 20:21:35 - [TEST_STEP][PASSED] - delay(3): Delayed 3 second(s)

2022-10-14 20:21:38 - [MESSAGE][PASSED] - Delayed 3 second(s)

2022-10-14 20:21:38 - [TEST_STEP][PASSED] - click(findTestObject("06-Teams/button_Public")): Object: 'Object Repository/06-Teams/button_Public' is clicked on

2022-10-14 20:21:39 - [MESSAGE][PASSED] - Object: 'Object Repository/06-Teams/button_Public' is clicked on

2022-10-14 20:21:39 - [TEST_STEP][PASSED] - verifyElementVisible(findTestObject("06-Teams/01-Add Team-Public/Add Team_Public")): Object 'Object Repository/06-Teams/01-Add Team-Public/Add Team_Public' is visible

2022-10-14 20:21:40 - [MESSAGE][PASSED] - Object 'Object Repository/06-Teams/01-Add Team-Public/Add Team_Public' is visible

2022-10-14 20:21:40 - [TEST_STEP][PASSED] - verifyElementNotClickable(findTestObject("06-Teams/01-Add Team-Public/button_Create")): Object 'Object Repository/06-Teams/01-Add Team-Public/button_Create' is NOT clickable

2022-10-14 20:21:40 - [MESSAGE][PASSED] - Object 'Object Repository/06-Teams/01-Add Team-Public/button_Create' is NOT clickable

2022-10-14 20:21:40 - [TEST_STEP][PASSED] - delay(3): Delayed 3 second(s)

2022-10-14 20:21:43 - [MESSAGE][PASSED] - Delayed 3 second(s)

2022-10-14 20:21:43 - [TEST_STEP][PASSED] - click(findTestObject("06-Teams/01-Add Team-Public/input_teamName")): Object: 'Object Repository/06-Teams/01-Add Team-Public/input_teamName' is clicked on

2022-10-14 20:21:43 - [MESSAGE][PASSED] - Object: 'Object Repository/06-Teams/01-Add Team-Public/input_teamName' is clicked on

2022-10-14 20:21:43 - [TEST_STEP][PASSED] - click(findTestObject("06-Teams/01-Add Team-Public/Org unit")): Object: 'Object Repository/06-Teams/01-Add Team-Public/Org unit' is clicked on

2022-10-14 20:21:44 - [MESSAGE][PASSED] - Object: 'Object Repository/06-Teams/01-Add Team-Public/Org unit' is clicked on

2022-10-14 20:21:44 - [TEST_STEP][PASSED] - verifyElementVisible(findTestObject("06-Teams/01-Add Team-Public/h4_Select an organization unit")): Object 'Object Repository/06-Teams/01-Add Team-Public/h4_Select an organization unit' is visible

2022-10-14 20:21:44 - [MESSAGE][PASSED] - Object 'Object Repository/06-Teams/01-Add Team-Public/h4_Select an organization unit' is visible

2022-10-14 20:21:44 - [TEST_STEP][PASSED] - delay(3): Delayed 3 second(s)

2022-10-14 20:21:47 - [MESSAGE][PASSED] - Delayed 3 second(s)

2022-10-14 20:21:47 - [TEST_STEP][PASSED] - click(findTestObject("06-Teams/01-Add Team-Public/div_GG Automation")): Object: 'Object Repository/06-Teams/01-Add Team-Public/div_GG Automation' is clicked on

2022-10-14 20:21:48 - [MESSAGE][PASSED] - Object: 'Object Repository/06-Teams/01-Add Team-Public/div_GG Automation' is clicked on

2022-10-14 20:21:48 - [TEST_STEP][PASSED] - click(findTestObject("06-Teams/01-Add Team-Public/button_Select")): Object: 'Object Repository/06-Teams/01-Add Team-Public/button_Select' is clicked on

2022-10-14 20:21:48 - [MESSAGE][PASSED] - Object: 'Object Repository/06-Teams/01-Add Team-Public/button_Select' is clicked on

2022-10-14 20:21:48 - [TEST_STEP][PASSED] - verifyElementVisible(findTestObject("06-Teams/01-Add Team-Public/Error Team name")): Object 'Object Repository/06-Teams/01-Add Team-Public/Error Team name' is visible

2022-10-14 20:21:49 - [MESSAGE][PASSED] - Object 'Object Repository/06-Teams/01-Add Team-Public/Error Team name' is visible

2022-10-14 20:21:49 - [TEST_STEP][PASSED] - delay(3): Delayed 3 second(s)

2022-10-14 20:21:52 - [MESSAGE][PASSED] - Delayed 3 second(s)

2022-10-14 20:21:52 - [TEST_STEP][PASSED] - setText(findTestObject("06-Teams/01-Add Team-Public/input_teamName"), "Auto Team Public"): Text 'Auto Team Public' is set on object 'Object Repository/06-Teams/01-Add Team-Public/input_teamName'

2022-10-14 20:21:53 - [MESSAGE][PASSED] - Text 'Auto Team Public' is set on object 'Object Repository/06-Teams/01-Add Team-Public/input_teamName'

2022-10-14 20:21:53 - [TEST_STEP][PASSED] - click(findTestObject("06-Teams/01-Add Team-Public/button_Create")): Object: 'Object Repository/06-Teams/01-Add Team-Public/button_Create' is clicked on

2022-10-14 20:21:53 - [MESSAGE][PASSED] - Object: 'Object Repository/06-Teams/01-Add Team-Public/button_Create' is clicked on

2022-10-14 20:21:53 - [TEST_STEP][PASSED] - delay(3): Delayed 3 second(s)

2022-10-14 20:21:56 - [MESSAGE][PASSED] - Delayed 3 second(s)

2022-10-14 20:21:56 - [TEST_STEP][PASSED] - verifyElementVisible(findTestObject("06-Teams/01-Add Team-Public/span_Successfully added new team")): Object 'Object Repository/06-Teams/01-Add Team-Public/span_Successfully added new team' is visible

2022-10-14 20:21:57 - [MESSAGE][PASSED] - Object 'Object Repository/06-Teams/01-Add Team-Public/span_Successfully added new team' is visible

2022-10-14 20:21:57 - [TEST_STEP][PASSED] - delay(3): Delayed 3 second(s)

2022-10-14 20:22:00 - [MESSAGE][PASSED] - Delayed 3 second(s)

2022-10-14 20:22:00 - [TEST_STEP][PASSED] - verifyElementVisible(findTestObject("06-Teams/01-Add Team-Public/span_Auto Team Public")): Object 'Object Repository/06-Teams/01-Add Team-Public/span_Auto Team Public' is visible

2022-10-14 20:22:00 - [MESSAGE][PASSED] - Object 'Object Repository/06-Teams/01-Add Team-Public/span_Auto Team Public' is visible

2022-10-14 20:22:00 - [TEST_STEP][PASSED] - delay(3): Delayed 3 second(s)

2022-10-14 20:22:03 - [MESSAGE][PASSED] - Delayed 3 second(s)

2022-10-14 20:22:03 - [TEST_STEP][PASSED] - closeBrowser(): Browser is closed

2022-10-14 20:22:04 - [MESSAGE][PASSED] - Browser is closed]]></system-out>
         <system-err><![CDATA[]]></system-err>
      </testcase>
      <testcase name="Test Cases/06- Teams/02-Add Team-Private" time="96.283" classname="Test Cases/06- Teams/02-Add Team-Private" status="PASSED">
         <system-out><![CDATA[2022-10-14 20:22:04 - [TEST_CASE][PASSED] - Test Cases/06- Teams/02-Add Team-Private: Test Cases/06- Teams/02-Add Team-Private

2022-10-14 20:22:04 - [TEST_STEP][PASSED] - openBrowser(""): Browser is opened with url: ''

2022-10-14 20:22:04 - [MESSAGE][INFO] - Starting 'Chrome' driver

2022-10-14 20:22:04 - [MESSAGE][INFO] - Action delay is set to 0 milliseconds

2022-10-14 20:22:05 - [MESSAGE][PASSED] - Browser is opened with url: ''

2022-10-14 20:22:05 - [TEST_STEP][PASSED] - navigateToUrl("https://lab.everleagues.com/"): Navigate to 'https://lab.everleagues.com/' successfully

2022-10-14 20:22:36 - [MESSAGE][PASSED] - Navigate to 'https://lab.everleagues.com/' successfully

2022-10-14 20:22:36 - [TEST_STEP][PASSED] - maximizeWindow(): Current window maximized

2022-10-14 20:22:36 - [MESSAGE][PASSED] - Current window maximized

2022-10-14 20:22:36 - [TEST_STEP][PASSED] - setText(findTestObject("02-Side Icons(Organization)/Add Contact/Email Field"), "testuser02@mailinator.com"): Text 'testuser02@mailinator.com' is set on object 'Object Repository/02-Side Icons(Organization)/Add Contact/Email Field'

2022-10-14 20:22:37 - [MESSAGE][PASSED] - Text 'testuser02@mailinator.com' is set on object 'Object Repository/02-Side Icons(Organization)/Add Contact/Email Field'

2022-10-14 20:22:37 - [TEST_STEP][PASSED] - setEncryptedText(findTestObject("02-Side Icons(Organization)/Add Contact/Password Field"), "8yFRyszE6U6jvsCn51OQbg=="): Text ****** has been set on object 'Object Repository/02-Side Icons(Organization)/Add Contact/Password Field'

2022-10-14 20:22:37 - [MESSAGE][PASSED] - Text ****** has been set on object 'Object Repository/02-Side Icons(Organization)/Add Contact/Password Field'

2022-10-14 20:22:37 - [TEST_STEP][PASSED] - click(findTestObject("02-Side Icons(Organization)/Add Contact/button_Sign in")): Object: 'Object Repository/02-Side Icons(Organization)/Add Contact/button_Sign in' is clicked on

2022-10-14 20:22:38 - [MESSAGE][PASSED] - Object: 'Object Repository/02-Side Icons(Organization)/Add Contact/button_Sign in' is clicked on

2022-10-14 20:22:38 - [TEST_STEP][PASSED] - delay(3): Delayed 3 second(s)

2022-10-14 20:22:41 - [MESSAGE][PASSED] - Delayed 3 second(s)

2022-10-14 20:22:41 - [TEST_STEP][PASSED] - click(findTestObject("06-Teams/button_doublearrow")): Object: 'Object Repository/06-Teams/button_doublearrow' is clicked on

2022-10-14 20:22:43 - [MESSAGE][PASSED] - Object: 'Object Repository/06-Teams/button_doublearrow' is clicked on

2022-10-14 20:22:43 - [TEST_STEP][PASSED] - click(findTestObject("06-Teams/button_My Organizations")): Object: 'Object Repository/06-Teams/button_My Organizations' is clicked on

2022-10-14 20:22:45 - [MESSAGE][PASSED] - Object: 'Object Repository/06-Teams/button_My Organizations' is clicked on

2022-10-14 20:22:45 - [TEST_STEP][PASSED] - click(findTestObject("06-Teams/button_GG Automation")): Object: 'Object Repository/06-Teams/button_GG Automation' is clicked on

2022-10-14 20:22:45 - [MESSAGE][PASSED] - Object: 'Object Repository/06-Teams/button_GG Automation' is clicked on

2022-10-14 20:22:45 - [TEST_STEP][PASSED] - delay(4): Delayed 4 second(s)

2022-10-14 20:22:49 - [MESSAGE][PASSED] - Delayed 4 second(s)

2022-10-14 20:22:49 - [TEST_STEP][PASSED] - verifyElementVisible(findTestObject("06-Teams/span_GG Automation")): Object 'Object Repository/06-Teams/span_GG Automation' is visible

2022-10-14 20:22:50 - [MESSAGE][PASSED] - Object 'Object Repository/06-Teams/span_GG Automation' is visible

2022-10-14 20:22:50 - [TEST_STEP][PASSED] - delay(2): Delayed 2 second(s)

2022-10-14 20:22:52 - [MESSAGE][PASSED] - Delayed 2 second(s)

2022-10-14 20:22:52 - [TEST_STEP][PASSED] - click(findTestObject("03-Header Menu/Hamburger Button/div_Teams")): Object: 'Object Repository/03-Header Menu/Hamburger Button/div_Teams' is clicked on

2022-10-14 20:22:52 - [MESSAGE][PASSED] - Object: 'Object Repository/03-Header Menu/Hamburger Button/div_Teams' is clicked on

2022-10-14 20:22:52 - [TEST_STEP][PASSED] - delay(2): Delayed 2 second(s)

2022-10-14 20:22:54 - [MESSAGE][PASSED] - Delayed 2 second(s)

2022-10-14 20:22:54 - [TEST_STEP][PASSED] - verifyElementVisible(findTestObject("06-Teams/h4_TEAMS")): Object 'Object Repository/06-Teams/h4_TEAMS' is visible

2022-10-14 20:22:55 - [MESSAGE][PASSED] - Object 'Object Repository/06-Teams/h4_TEAMS' is visible

2022-10-14 20:22:55 - [TEST_STEP][PASSED] - delay(3): Delayed 3 second(s)

2022-10-14 20:22:58 - [MESSAGE][PASSED] - Delayed 3 second(s)

2022-10-14 20:22:58 - [TEST_STEP][PASSED] - click(findTestObject("06-Teams/Add Team")): Object: 'Object Repository/06-Teams/Add Team' is clicked on

2022-10-14 20:22:58 - [MESSAGE][PASSED] - Object: 'Object Repository/06-Teams/Add Team' is clicked on

2022-10-14 20:22:58 - [TEST_STEP][PASSED] - delay(3): Delayed 3 second(s)

2022-10-14 20:23:01 - [MESSAGE][PASSED] - Delayed 3 second(s)

2022-10-14 20:23:01 - [TEST_STEP][PASSED] - verifyElementVisible(findTestObject("06-Teams/button_Public")): Object 'Object Repository/06-Teams/button_Public' is visible

2022-10-14 20:23:01 - [MESSAGE][PASSED] - Object 'Object Repository/06-Teams/button_Public' is visible

2022-10-14 20:23:01 - [TEST_STEP][PASSED] - verifyElementVisible(findTestObject("06-Teams/button_Private")): Object 'Object Repository/06-Teams/button_Private' is visible

2022-10-14 20:23:02 - [MESSAGE][PASSED] - Object 'Object Repository/06-Teams/button_Private' is visible

2022-10-14 20:23:02 - [TEST_STEP][PASSED] - delay(3): Delayed 3 second(s)

2022-10-14 20:23:05 - [MESSAGE][PASSED] - Delayed 3 second(s)

2022-10-14 20:23:05 - [TEST_STEP][PASSED] - click(findTestObject("06-Teams/button_Private")): Object: 'Object Repository/06-Teams/button_Private' is clicked on

2022-10-14 20:23:05 - [MESSAGE][PASSED] - Object: 'Object Repository/06-Teams/button_Private' is clicked on

2022-10-14 20:23:05 - [TEST_STEP][PASSED] - delay(3): Delayed 3 second(s)

2022-10-14 20:23:08 - [MESSAGE][PASSED] - Delayed 3 second(s)

2022-10-14 20:23:08 - [TEST_STEP][PASSED] - verifyElementVisible(findTestObject("06-Teams/02-Add Team-Private/Add team- Private")): Object 'Object Repository/06-Teams/02-Add Team-Private/Add team- Private' is visible

2022-10-14 20:23:09 - [MESSAGE][PASSED] - Object 'Object Repository/06-Teams/02-Add Team-Private/Add team- Private' is visible

2022-10-14 20:23:09 - [TEST_STEP][PASSED] - verifyElementVisible(findTestObject("06-Teams/02-Add Team-Private/div_Settings")): Object 'Object Repository/06-Teams/02-Add Team-Private/div_Settings' is visible

2022-10-14 20:23:09 - [MESSAGE][PASSED] - Object 'Object Repository/06-Teams/02-Add Team-Private/div_Settings' is visible

2022-10-14 20:23:09 - [TEST_STEP][PASSED] - verifyElementVisible(findTestObject("06-Teams/02-Add Team-Private/div_Members")): Object 'Object Repository/06-Teams/02-Add Team-Private/div_Members' is visible

2022-10-14 20:23:10 - [MESSAGE][PASSED] - Object 'Object Repository/06-Teams/02-Add Team-Private/div_Members' is visible

2022-10-14 20:23:10 - [TEST_STEP][PASSED] - verifyElementNotClickable(findTestObject("06-Teams/01-Add Team-Public/button_Create")): Object 'Object Repository/06-Teams/01-Add Team-Public/button_Create' is NOT clickable

2022-10-14 20:23:10 - [MESSAGE][PASSED] - Object 'Object Repository/06-Teams/01-Add Team-Public/button_Create' is NOT clickable

2022-10-14 20:23:10 - [TEST_STEP][PASSED] - delay(3): Delayed 3 second(s)

2022-10-14 20:23:13 - [MESSAGE][PASSED] - Delayed 3 second(s)

2022-10-14 20:23:13 - [TEST_STEP][PASSED] - click(findTestObject("06-Teams/01-Add Team-Public/input_teamName")): Object: 'Object Repository/06-Teams/01-Add Team-Public/input_teamName' is clicked on

2022-10-14 20:23:14 - [MESSAGE][PASSED] - Object: 'Object Repository/06-Teams/01-Add Team-Public/input_teamName' is clicked on

2022-10-14 20:23:14 - [TEST_STEP][PASSED] - click(findTestObject("06-Teams/01-Add Team-Public/Org unit")): Object: 'Object Repository/06-Teams/01-Add Team-Public/Org unit' is clicked on

2022-10-14 20:23:14 - [MESSAGE][PASSED] - Object: 'Object Repository/06-Teams/01-Add Team-Public/Org unit' is clicked on

2022-10-14 20:23:14 - [TEST_STEP][PASSED] - verifyElementVisible(findTestObject("06-Teams/01-Add Team-Public/h4_Select an organization unit")): Object 'Object Repository/06-Teams/01-Add Team-Public/h4_Select an organization unit' is visible

2022-10-14 20:23:14 - [MESSAGE][PASSED] - Object 'Object Repository/06-Teams/01-Add Team-Public/h4_Select an organization unit' is visible

2022-10-14 20:23:14 - [TEST_STEP][PASSED] - delay(3): Delayed 3 second(s)

2022-10-14 20:23:17 - [MESSAGE][PASSED] - Delayed 3 second(s)

2022-10-14 20:23:17 - [TEST_STEP][PASSED] - click(findTestObject("06-Teams/01-Add Team-Public/div_GG Automation")): Object: 'Object Repository/06-Teams/01-Add Team-Public/div_GG Automation' is clicked on

2022-10-14 20:23:18 - [MESSAGE][PASSED] - Object: 'Object Repository/06-Teams/01-Add Team-Public/div_GG Automation' is clicked on

2022-10-14 20:23:18 - [TEST_STEP][PASSED] - click(findTestObject("06-Teams/01-Add Team-Public/button_Select")): Object: 'Object Repository/06-Teams/01-Add Team-Public/button_Select' is clicked on

2022-10-14 20:23:18 - [MESSAGE][PASSED] - Object: 'Object Repository/06-Teams/01-Add Team-Public/button_Select' is clicked on

2022-10-14 20:23:18 - [TEST_STEP][PASSED] - verifyElementVisible(findTestObject("06-Teams/01-Add Team-Public/Error Team name")): Object 'Object Repository/06-Teams/01-Add Team-Public/Error Team name' is visible

2022-10-14 20:23:19 - [MESSAGE][PASSED] - Object 'Object Repository/06-Teams/01-Add Team-Public/Error Team name' is visible

2022-10-14 20:23:19 - [TEST_STEP][PASSED] - delay(3): Delayed 3 second(s)

2022-10-14 20:23:22 - [MESSAGE][PASSED] - Delayed 3 second(s)

2022-10-14 20:23:22 - [TEST_STEP][PASSED] - setText(findTestObject("06-Teams/01-Add Team-Public/input_teamName"), "Auto Team Private"): Text 'Auto Team Private' is set on object 'Object Repository/06-Teams/01-Add Team-Public/input_teamName'

2022-10-14 20:23:23 - [MESSAGE][PASSED] - Text 'Auto Team Private' is set on object 'Object Repository/06-Teams/01-Add Team-Public/input_teamName'

2022-10-14 20:23:23 - [TEST_STEP][PASSED] - delay(3): Delayed 3 second(s)

2022-10-14 20:23:26 - [MESSAGE][PASSED] - Delayed 3 second(s)

2022-10-14 20:23:26 - [TEST_STEP][PASSED] - click(findTestObject("06-Teams/02-Add Team-Private/div_Members")): Object: 'Object Repository/06-Teams/02-Add Team-Private/div_Members' is clicked on

2022-10-14 20:23:27 - [MESSAGE][PASSED] - Object: 'Object Repository/06-Teams/02-Add Team-Private/div_Members' is clicked on

2022-10-14 20:23:27 - [TEST_STEP][PASSED] - verifyElementVisible(findTestObject("06-Teams/02-Add Team-Private/Members dialog box")): Object 'Object Repository/06-Teams/02-Add Team-Private/Members dialog box' is visible

2022-10-14 20:23:28 - [MESSAGE][PASSED] - Object 'Object Repository/06-Teams/02-Add Team-Private/Members dialog box' is visible

2022-10-14 20:23:28 - [TEST_STEP][PASSED] - delay(3): Delayed 3 second(s)

2022-10-14 20:23:31 - [MESSAGE][PASSED] - Delayed 3 second(s)

2022-10-14 20:23:31 - [TEST_STEP][PASSED] - click(findTestObject("06-Teams/01-Add Team-Public/button_Create")): Object: 'Object Repository/06-Teams/01-Add Team-Public/button_Create' is clicked on

2022-10-14 20:23:31 - [MESSAGE][PASSED] - Object: 'Object Repository/06-Teams/01-Add Team-Public/button_Create' is clicked on

2022-10-14 20:23:31 - [TEST_STEP][PASSED] - verifyElementVisible(findTestObject("06-Teams/01-Add Team-Public/span_Successfully added new team")): Object 'Object Repository/06-Teams/01-Add Team-Public/span_Successfully added new team' is visible

2022-10-14 20:23:33 - [MESSAGE][PASSED] - Object 'Object Repository/06-Teams/01-Add Team-Public/span_Successfully added new team' is visible

2022-10-14 20:23:33 - [TEST_STEP][PASSED] - delay(3): Delayed 3 second(s)

2022-10-14 20:23:36 - [MESSAGE][PASSED] - Delayed 3 second(s)

2022-10-14 20:23:36 - [TEST_STEP][PASSED] - verifyElementVisible(findTestObject("06-Teams/02-Add Team-Private/span_Auto Team Private")): Object 'Object Repository/06-Teams/02-Add Team-Private/span_Auto Team Private' is visible

2022-10-14 20:23:36 - [MESSAGE][PASSED] - Object 'Object Repository/06-Teams/02-Add Team-Private/span_Auto Team Private' is visible

2022-10-14 20:23:36 - [TEST_STEP][PASSED] - delay(3): Delayed 3 second(s)

2022-10-14 20:23:39 - [MESSAGE][PASSED] - Delayed 3 second(s)

2022-10-14 20:23:39 - [TEST_STEP][PASSED] - closeBrowser(): Browser is closed

2022-10-14 20:23:40 - [MESSAGE][PASSED] - Browser is closed]]></system-out>
         <system-err><![CDATA[]]></system-err>
      </testcase>
      <system-out><![CDATA[2022-10-14 20:20:34 - [TEST_SUITE][PASSED] - 06.1- Teams - Add: Test Cases/06- Teams/02-Add Team-Private]]></system-out>
      <system-err><![CDATA[]]></system-err>
   </testsuite>
</testsuites>
