<?xml version="1.0" encoding="UTF-8"?>
<testsuites name="09.1 - Settings (Invite users)" time="1127.047" tests="5" failures="0" errors="0">
   <testsuite name="09.1 - Settings (Invite users)" tests="5" failures="0" errors="0" time="1127.047" skipped="0" timestamp="2022-11-02 17:16:12" hostname="User - DESKTOP-QCRNR4M" id="Test Suites/TS-Organization/09.1 - Settings (Invite users)">
      <properties>
         <property name="deviceName" value=""/>
         <property name="devicePlatform" value=""/>
         <property name="logFolder" value="C:\\Users\\User\\Katalon Studio\\EverleaguesMain\\Reports\\20221102_171610\\TS-Organization\\09.1 - Settings (Invite users)\\20221102_171610"/>
         <property name="logFiles" value="C:\\Users\\User\\Katalon Studio\\EverleaguesMain\\Reports\\20221102_171610\\TS-Organization\\09.1 - Settings (Invite users)\\20221102_171610\\execution0.log"/>
         <property name="attachments" value=""/>
         <property name="hostName" value="User - DESKTOP-QCRNR4M"/>
         <property name="os" value="Windows 10 64bit"/>
         <property name="katalonVersion" value="8.4.1.208"/>
         <property name="browser" value="Chrome 106.0.0.0"/>
         <property name="hostAddress" value="192.168.5.124"/>
         <property name="sessionId" value="d8ab474f3648a1d9d4f033789491d46b"/>
         <property name="seleniumVersion" value="3.141.59"/>
         <property name="proxyInformation" value="ProxyInformation { proxyOption=NO_PROXY, proxyServerType=HTTP, username=, password=********, proxyServerAddress=, proxyServerPort=0, executionList=&quot;&quot;, isApplyToDesiredCapabilities=true }"/>
         <property name="platform" value="Windows 10"/>
      </properties>
      <testcase name="Test Cases/09-Settings/01 - Users (Invite new user but field are blank)" time="116.888" classname="Test Cases/09-Settings/01 - Users (Invite new user but field are blank)" status="PASSED">
         <system-out><![CDATA[2022-11-02 17:16:13 - [TEST_CASE][PASSED] - Test Cases/09-Settings/01 - Users (Invite new user but field are blank): Test Cases/09-Settings/01 - Users (Invite new user but field are blank)

2022-11-02 17:16:13 - [TEST_STEP][PASSED] - openBrowser(""): Browser is opened with url: ''

2022-11-02 17:16:13 - [MESSAGE][INFO] - Starting 'Chrome' driver

2022-11-02 17:16:13 - [MESSAGE][INFO] - Action delay is set to 0 milliseconds

2022-11-02 17:16:15 - [MESSAGE][PASSED] - Browser is opened with url: ''

2022-11-02 17:16:15 - [TEST_STEP][PASSED] - navigateToUrl("https://lab.everleagues.com/"): Navigate to 'https://lab.everleagues.com/' successfully

2022-11-02 17:16:47 - [MESSAGE][PASSED] - Navigate to 'https://lab.everleagues.com/' successfully

2022-11-02 17:16:47 - [TEST_STEP][PASSED] - maximizeWindow(): Current window maximized

2022-11-02 17:16:47 - [MESSAGE][PASSED] - Current window maximized

2022-11-02 17:16:47 - [TEST_STEP][PASSED] - setText(findTestObject("02-Side Icons(Organization)/Add Contact/Email Field"), "testuser02@mailinator.com"): Text 'testuser02@mailinator.com' is set on object 'Object Repository/02-Side Icons(Organization)/Add Contact/Email Field'

2022-11-02 17:16:48 - [MESSAGE][PASSED] - Text 'testuser02@mailinator.com' is set on object 'Object Repository/02-Side Icons(Organization)/Add Contact/Email Field'

2022-11-02 17:16:48 - [TEST_STEP][PASSED] - setEncryptedText(findTestObject("02-Side Icons(Organization)/Add Contact/Password Field"), "8yFRyszE6U6jvsCn51OQbg=="): Text ****** has been set on object 'Object Repository/02-Side Icons(Organization)/Add Contact/Password Field'

2022-11-02 17:16:49 - [MESSAGE][PASSED] - Text ****** has been set on object 'Object Repository/02-Side Icons(Organization)/Add Contact/Password Field'

2022-11-02 17:16:49 - [TEST_STEP][PASSED] - click(findTestObject("02-Side Icons(Organization)/Add Contact/button_Sign in")): Object: 'Object Repository/02-Side Icons(Organization)/Add Contact/button_Sign in' is clicked on

2022-11-02 17:16:49 - [MESSAGE][PASSED] - Object: 'Object Repository/02-Side Icons(Organization)/Add Contact/button_Sign in' is clicked on

2022-11-02 17:16:49 - [TEST_STEP][PASSED] - delay(2): Delayed 2 second(s)

2022-11-02 17:16:51 - [MESSAGE][PASSED] - Delayed 2 second(s)

2022-11-02 17:16:51 - [TEST_STEP][PASSED] - click(findTestObject("06-Teams/For 2FA/button_Confirm_2FA")): Object: 'Object Repository/06-Teams/For 2FA/button_Confirm_2FA' is clicked on

2022-11-02 17:16:52 - [MESSAGE][PASSED] - Object: 'Object Repository/06-Teams/For 2FA/button_Confirm_2FA' is clicked on

2022-11-02 17:16:52 - [TEST_STEP][PASSED] - executeJavaScript("window.open();", []): Execute JavaScript 'window.open();' successfully

2022-11-02 17:16:52 - [MESSAGE][PASSED] - Execute JavaScript 'window.open();' successfully

2022-11-02 17:16:52 - [TEST_STEP][PASSED] - currentWindow = getWindowIndex(): Current window's index is: 0

2022-11-02 17:16:52 - [MESSAGE][PASSED] - Current window's index is: 0

2022-11-02 17:16:52 - [TEST_STEP][PASSED] - delay(3): Delayed 3 second(s)

2022-11-02 17:16:55 - [MESSAGE][PASSED] - Delayed 3 second(s)

2022-11-02 17:16:55 - [TEST_STEP][PASSED] - switchToWindowIndex(currentWindow + 1): Switched to window with index: '1'

2022-11-02 17:16:55 - [MESSAGE][PASSED] - Switched to window with index: '1'

2022-11-02 17:16:55 - [TEST_STEP][PASSED] - navigateToUrl("https://www.mailinator.com/"): Navigate to 'https://www.mailinator.com/' successfully

2022-11-02 17:16:57 - [MESSAGE][PASSED] - Navigate to 'https://www.mailinator.com/' successfully

2022-11-02 17:16:57 - [TEST_STEP][PASSED] - delay(3): Delayed 3 second(s)

2022-11-02 17:17:00 - [MESSAGE][PASSED] - Delayed 3 second(s)

2022-11-02 17:17:00 - [TEST_STEP][PASSED] - setText(findTestObject("00-Signup and Activation/zMailinator/input_LOGIN_search"), "testuser02@mailinator.com"): Text 'testuser02@mailinator.com' is set on object 'Object Repository/00-Signup and Activation/zMailinator/input_LOGIN_search'

2022-11-02 17:17:01 - [MESSAGE][PASSED] - Text 'testuser02@mailinator.com' is set on object 'Object Repository/00-Signup and Activation/zMailinator/input_LOGIN_search'

2022-11-02 17:17:01 - [TEST_STEP][PASSED] - click(findTestObject("00-Signup and Activation/zMailinator/gobutton"), STOP_ON_FAILURE): Object: 'Object Repository/00-Signup and Activation/zMailinator/gobutton' is clicked on

2022-11-02 17:17:03 - [MESSAGE][PASSED] - Object: 'Object Repository/00-Signup and Activation/zMailinator/gobutton' is clicked on

2022-11-02 17:17:03 - [TEST_STEP][PASSED] - delay(3): Delayed 3 second(s)

2022-11-02 17:17:06 - [MESSAGE][PASSED] - Delayed 3 second(s)

2022-11-02 17:17:06 - [TEST_STEP][PASSED] - click(findTestObject("00-Signup and Activation/zMailinator/Email - everleagues")): Object: 'Object Repository/00-Signup and Activation/zMailinator/Email - everleagues' is clicked on

2022-11-02 17:17:06 - [MESSAGE][PASSED] - Object: 'Object Repository/00-Signup and Activation/zMailinator/Email - everleagues' is clicked on

2022-11-02 17:17:06 - [TEST_STEP][PASSED] - delay(3): Delayed 3 second(s)

2022-11-02 17:17:09 - [MESSAGE][PASSED] - Delayed 3 second(s)

2022-11-02 17:17:09 - [TEST_STEP][PASSED] - code = getText(findTestObject("Object Repository/06-Teams/For 2FA/2FA code")): Text of object 'Object Repository/06-Teams/For 2FA/2FA code' is: '519785'

2022-11-02 17:17:09 - [MESSAGE][PASSED] - Text of object 'Object Repository/06-Teams/For 2FA/2FA code' is: '519785'

2022-11-02 17:17:09 - [TEST_STEP][PASSED] - delay(3): Delayed 3 second(s)

2022-11-02 17:17:12 - [MESSAGE][PASSED] - Delayed 3 second(s)

2022-11-02 17:17:12 - [TEST_STEP][PASSED] - closeWindowTitle("Mailinator"): Window with title: 'Mailinator' is closed

2022-11-02 17:17:13 - [MESSAGE][PASSED] - Window with title: 'Mailinator' is closed

2022-11-02 17:17:13 - [TEST_STEP][PASSED] - delay(3): Delayed 3 second(s)

2022-11-02 17:17:16 - [MESSAGE][PASSED] - Delayed 3 second(s)

2022-11-02 17:17:16 - [TEST_STEP][PASSED] - switchToWindowIndex(0): Switched to window with index: '0'

2022-11-02 17:17:16 - [MESSAGE][PASSED] - Switched to window with index: '0'

2022-11-02 17:17:16 - [TEST_STEP][PASSED] - delay(3): Delayed 3 second(s)

2022-11-02 17:17:19 - [MESSAGE][PASSED] - Delayed 3 second(s)

2022-11-02 17:17:19 - [TEST_STEP][PASSED] - setText(findTestObject("Object Repository/06-Teams/For 2FA/input_Enter verification code_code"), code): Text '519785' is set on object 'Object Repository/06-Teams/For 2FA/input_Enter verification code_code'

2022-11-02 17:17:20 - [MESSAGE][PASSED] - Text '519785' is set on object 'Object Repository/06-Teams/For 2FA/input_Enter verification code_code'

2022-11-02 17:17:20 - [TEST_STEP][PASSED] - delay(3): Delayed 3 second(s)

2022-11-02 17:17:23 - [MESSAGE][PASSED] - Delayed 3 second(s)

2022-11-02 17:17:23 - [TEST_STEP][PASSED] - click(findTestObject("06-Teams/For 2FA/button_Verify_2FA")): Object: 'Object Repository/06-Teams/For 2FA/button_Verify_2FA' is clicked on

2022-11-02 17:17:23 - [MESSAGE][PASSED] - Object: 'Object Repository/06-Teams/For 2FA/button_Verify_2FA' is clicked on

2022-11-02 17:17:23 - [TEST_STEP][PASSED] - delay(5): Delayed 5 second(s)

2022-11-02 17:17:28 - [MESSAGE][PASSED] - Delayed 5 second(s)

2022-11-02 17:17:28 - [TEST_STEP][PASSED] - click(findTestObject("06-Teams/button_doublearrow")): Object: 'Object Repository/06-Teams/button_doublearrow' is clicked on

2022-11-02 17:17:29 - [MESSAGE][PASSED] - Object: 'Object Repository/06-Teams/button_doublearrow' is clicked on

2022-11-02 17:17:29 - [TEST_STEP][PASSED] - click(findTestObject("06-Teams/button_My Organizations")): Object: 'Object Repository/06-Teams/button_My Organizations' is clicked on

2022-11-02 17:17:30 - [MESSAGE][PASSED] - Object: 'Object Repository/06-Teams/button_My Organizations' is clicked on

2022-11-02 17:17:30 - [TEST_STEP][PASSED] - click(findTestObject("06-Teams/button_GG Automation")): Object: 'Object Repository/06-Teams/button_GG Automation' is clicked on

2022-11-02 17:17:31 - [MESSAGE][PASSED] - Object: 'Object Repository/06-Teams/button_GG Automation' is clicked on

2022-11-02 17:17:31 - [TEST_STEP][PASSED] - delay(4): Delayed 4 second(s)

2022-11-02 17:17:35 - [MESSAGE][PASSED] - Delayed 4 second(s)

2022-11-02 17:17:35 - [TEST_STEP][PASSED] - verifyElementVisible(findTestObject("06-Teams/span_GG Automation")): Object 'Object Repository/06-Teams/span_GG Automation' is visible

2022-11-02 17:17:35 - [MESSAGE][PASSED] - Object 'Object Repository/06-Teams/span_GG Automation' is visible

2022-11-02 17:17:35 - [TEST_STEP][PASSED] - delay(10): Delayed 10 second(s)

2022-11-02 17:17:45 - [MESSAGE][PASSED] - Delayed 10 second(s)

2022-11-02 17:17:45 - [TEST_STEP][PASSED] - click(findTestObject("03-Header Menu/Hamburger Button/div_Settings")): Object: 'Object Repository/03-Header Menu/Hamburger Button/div_Settings' is clicked on

2022-11-02 17:17:46 - [MESSAGE][PASSED] - Object: 'Object Repository/03-Header Menu/Hamburger Button/div_Settings' is clicked on

2022-11-02 17:17:46 - [TEST_STEP][PASSED] - verifyElementVisible(findTestObject("09-Settings/Users/div_Organization")): Object 'Object Repository/09-Settings/Users/div_Organization' is visible

2022-11-02 17:17:46 - [MESSAGE][PASSED] - Object 'Object Repository/09-Settings/Users/div_Organization' is visible

2022-11-02 17:17:46 - [TEST_STEP][PASSED] - verifyElementVisible(findTestObject("09-Settings/Users/div_Organization Units")): Object 'Object Repository/09-Settings/Users/div_Organization Units' is visible

2022-11-02 17:17:46 - [MESSAGE][PASSED] - Object 'Object Repository/09-Settings/Users/div_Organization Units' is visible

2022-11-02 17:17:46 - [TEST_STEP][PASSED] - verifyElementVisible(findTestObject("09-Settings/Users/div_Subscriptions")): Object 'Object Repository/09-Settings/Users/div_Subscriptions' is visible

2022-11-02 17:17:47 - [MESSAGE][PASSED] - Object 'Object Repository/09-Settings/Users/div_Subscriptions' is visible

2022-11-02 17:17:47 - [TEST_STEP][PASSED] - verifyElementVisible(findTestObject("09-Settings/Users/div_Users")): Object 'Object Repository/09-Settings/Users/div_Users' is visible

2022-11-02 17:17:47 - [MESSAGE][PASSED] - Object 'Object Repository/09-Settings/Users/div_Users' is visible

2022-11-02 17:17:47 - [TEST_STEP][PASSED] - delay(3): Delayed 3 second(s)

2022-11-02 17:17:50 - [MESSAGE][PASSED] - Delayed 3 second(s)

2022-11-02 17:17:50 - [TEST_STEP][PASSED] - click(findTestObject("09-Settings/Users/div_Users")): Object: 'Object Repository/09-Settings/Users/div_Users' is clicked on

2022-11-02 17:17:51 - [MESSAGE][PASSED] - Object: 'Object Repository/09-Settings/Users/div_Users' is clicked on

2022-11-02 17:17:51 - [TEST_STEP][PASSED] - verifyElementVisible(findTestObject("09-Settings/Users/h4_USERS")): Object 'Object Repository/09-Settings/Users/h4_USERS' is visible

2022-11-02 17:17:52 - [MESSAGE][PASSED] - Object 'Object Repository/09-Settings/Users/h4_USERS' is visible

2022-11-02 17:17:52 - [TEST_STEP][PASSED] - verifyElementVisible(findTestObject("09-Settings/Users/User Page")): Object 'Object Repository/09-Settings/Users/User Page' is visible

2022-11-02 17:17:52 - [MESSAGE][PASSED] - Object 'Object Repository/09-Settings/Users/User Page' is visible

2022-11-02 17:17:52 - [TEST_STEP][PASSED] - delay(3): Delayed 3 second(s)

2022-11-02 17:17:55 - [MESSAGE][PASSED] - Delayed 3 second(s)

2022-11-02 17:17:55 - [TEST_STEP][PASSED] - click(findTestObject("09-Settings/Users/button_add")): Object: 'Object Repository/09-Settings/Users/button_add' is clicked on

2022-11-02 17:17:56 - [MESSAGE][PASSED] - Object: 'Object Repository/09-Settings/Users/button_add' is clicked on

2022-11-02 17:17:56 - [TEST_STEP][PASSED] - verifyElementVisible(findTestObject("09-Settings/Users/User Invitation modal")): Object 'Object Repository/09-Settings/Users/User Invitation modal' is visible

2022-11-02 17:17:56 - [MESSAGE][PASSED] - Object 'Object Repository/09-Settings/Users/User Invitation modal' is visible

2022-11-02 17:17:56 - [TEST_STEP][PASSED] - delay(3): Delayed 3 second(s)

2022-11-02 17:17:59 - [MESSAGE][PASSED] - Delayed 3 second(s)

2022-11-02 17:17:59 - [TEST_STEP][PASSED] - click(findTestObject("09-Settings/Users/add Invite a single user")): Object: 'Object Repository/09-Settings/Users/add Invite a single user' is clicked on

2022-11-02 17:18:00 - [MESSAGE][PASSED] - Object: 'Object Repository/09-Settings/Users/add Invite a single user' is clicked on

2022-11-02 17:18:00 - [TEST_STEP][PASSED] - verifyElementVisible(findTestObject("09-Settings/Users/Invite new user modal")): Object 'Object Repository/09-Settings/Users/Invite new user modal' is visible

2022-11-02 17:18:01 - [MESSAGE][PASSED] - Object 'Object Repository/09-Settings/Users/Invite new user modal' is visible

2022-11-02 17:18:01 - [TEST_STEP][PASSED] - click(findTestObject("09-Settings/Users/input_email")): Object: 'Object Repository/09-Settings/Users/input_email' is clicked on

2022-11-02 17:18:01 - [MESSAGE][PASSED] - Object: 'Object Repository/09-Settings/Users/input_email' is clicked on

2022-11-02 17:18:01 - [TEST_STEP][PASSED] - click(findTestObject("09-Settings/Users/input_firstName")): Object: 'Object Repository/09-Settings/Users/input_firstName' is clicked on

2022-11-02 17:18:02 - [MESSAGE][PASSED] - Object: 'Object Repository/09-Settings/Users/input_firstName' is clicked on

2022-11-02 17:18:02 - [TEST_STEP][PASSED] - click(findTestObject("09-Settings/Users/input_lastName")): Object: 'Object Repository/09-Settings/Users/input_lastName' is clicked on

2022-11-02 17:18:02 - [MESSAGE][PASSED] - Object: 'Object Repository/09-Settings/Users/input_lastName' is clicked on

2022-11-02 17:18:02 - [TEST_STEP][PASSED] - click(findTestObject("09-Settings/Users/span_Role")): Object: 'Object Repository/09-Settings/Users/span_Role' is clicked on

2022-11-02 17:18:03 - [MESSAGE][PASSED] - Object: 'Object Repository/09-Settings/Users/span_Role' is clicked on

2022-11-02 17:18:03 - [TEST_STEP][PASSED] - clickOffset(findTestObject("09-Settings/Users/h4_Invite New User"), 100, 100): Object: 'Object Repository/09-Settings/Users/h4_Invite New User' is clicked on using offset x=100 and y=100

2022-11-02 17:18:03 - [MESSAGE][PASSED] - Object: 'Object Repository/09-Settings/Users/h4_Invite New User' is clicked on using offset x=100 and y=100

2022-11-02 17:18:03 - [TEST_STEP][PASSED] - verifyElementVisible(findTestObject("09-Settings/Users/Email required")): Object 'Object Repository/09-Settings/Users/Email required' is visible

2022-11-02 17:18:04 - [MESSAGE][PASSED] - Object 'Object Repository/09-Settings/Users/Email required' is visible

2022-11-02 17:18:04 - [TEST_STEP][PASSED] - verifyElementVisible(findTestObject("09-Settings/Users/Firstname required")): Object 'Object Repository/09-Settings/Users/Firstname required' is visible

2022-11-02 17:18:05 - [MESSAGE][PASSED] - Object 'Object Repository/09-Settings/Users/Firstname required' is visible

2022-11-02 17:18:05 - [TEST_STEP][PASSED] - verifyElementVisible(findTestObject("09-Settings/Users/last name required")): Object 'Object Repository/09-Settings/Users/last name required' is visible

2022-11-02 17:18:06 - [MESSAGE][PASSED] - Object 'Object Repository/09-Settings/Users/last name required' is visible

2022-11-02 17:18:06 - [TEST_STEP][PASSED] - verifyElementVisible(findTestObject("09-Settings/Users/error_Select a role")): Object 'Object Repository/09-Settings/Users/error_Select a role' is visible

2022-11-02 17:18:06 - [MESSAGE][PASSED] - Object 'Object Repository/09-Settings/Users/error_Select a role' is visible

2022-11-02 17:18:06 - [TEST_STEP][PASSED] - delay(3): Delayed 3 second(s)

2022-11-02 17:18:09 - [MESSAGE][PASSED] - Delayed 3 second(s)

2022-11-02 17:18:09 - [TEST_STEP][PASSED] - closeBrowser(): Browser is closed

2022-11-02 17:18:10 - [MESSAGE][PASSED] - Browser is closed]]></system-out>
         <system-err><![CDATA[]]></system-err>
      </testcase>
      <testcase name="Test Cases/09-Settings/02 - Users (Invite new user as co worker)" time="459.102" classname="Test Cases/09-Settings/02 - Users (Invite new user as co worker)" status="PASSED">
         <system-out><![CDATA[2022-11-02 17:18:10 - [TEST_CASE][PASSED] - Test Cases/09-Settings/02 - Users (Invite new user as co worker): Test Cases/09-Settings/02 - Users (Invite new user as co worker)

2022-11-02 17:18:10 - [TEST_STEP][PASSED] - openBrowser(""): Browser is opened with url: ''

2022-11-02 17:18:10 - [MESSAGE][INFO] - Starting 'Chrome' driver

2022-11-02 17:18:10 - [MESSAGE][INFO] - Action delay is set to 0 milliseconds

2022-11-02 17:18:11 - [MESSAGE][PASSED] - Browser is opened with url: ''

2022-11-02 17:18:11 - [TEST_STEP][PASSED] - navigateToUrl("https://lab.everleagues.com/"): Navigate to 'https://lab.everleagues.com/' successfully

2022-11-02 17:18:53 - [MESSAGE][PASSED] - Navigate to 'https://lab.everleagues.com/' successfully

2022-11-02 17:18:53 - [TEST_STEP][PASSED] - maximizeWindow(): Current window maximized

2022-11-02 17:18:54 - [MESSAGE][PASSED] - Current window maximized

2022-11-02 17:18:54 - [TEST_STEP][PASSED] - setText(findTestObject("02-Side Icons(Organization)/Add Contact/Email Field"), "testuser02@mailinator.com"): Text 'testuser02@mailinator.com' is set on object 'Object Repository/02-Side Icons(Organization)/Add Contact/Email Field'

2022-11-02 17:18:54 - [MESSAGE][PASSED] - Text 'testuser02@mailinator.com' is set on object 'Object Repository/02-Side Icons(Organization)/Add Contact/Email Field'

2022-11-02 17:18:54 - [TEST_STEP][PASSED] - setEncryptedText(findTestObject("02-Side Icons(Organization)/Add Contact/Password Field"), "8yFRyszE6U6jvsCn51OQbg=="): Text ****** has been set on object 'Object Repository/02-Side Icons(Organization)/Add Contact/Password Field'

2022-11-02 17:18:55 - [MESSAGE][PASSED] - Text ****** has been set on object 'Object Repository/02-Side Icons(Organization)/Add Contact/Password Field'

2022-11-02 17:18:55 - [TEST_STEP][PASSED] - click(findTestObject("02-Side Icons(Organization)/Add Contact/button_Sign in")): Object: 'Object Repository/02-Side Icons(Organization)/Add Contact/button_Sign in' is clicked on

2022-11-02 17:18:56 - [MESSAGE][PASSED] - Object: 'Object Repository/02-Side Icons(Organization)/Add Contact/button_Sign in' is clicked on

2022-11-02 17:18:56 - [TEST_STEP][PASSED] - delay(2): Delayed 2 second(s)

2022-11-02 17:18:58 - [MESSAGE][PASSED] - Delayed 2 second(s)

2022-11-02 17:18:58 - [TEST_STEP][PASSED] - click(findTestObject("06-Teams/For 2FA/button_Confirm_2FA")): Object: 'Object Repository/06-Teams/For 2FA/button_Confirm_2FA' is clicked on

2022-11-02 17:18:58 - [MESSAGE][PASSED] - Object: 'Object Repository/06-Teams/For 2FA/button_Confirm_2FA' is clicked on

2022-11-02 17:18:58 - [TEST_STEP][PASSED] - executeJavaScript("window.open();", []): Execute JavaScript 'window.open();' successfully

2022-11-02 17:18:58 - [MESSAGE][PASSED] - Execute JavaScript 'window.open();' successfully

2022-11-02 17:18:58 - [TEST_STEP][PASSED] - currentWindow = getWindowIndex(): Current window's index is: 0

2022-11-02 17:18:58 - [MESSAGE][PASSED] - Current window's index is: 0

2022-11-02 17:18:58 - [TEST_STEP][PASSED] - delay(3): Delayed 3 second(s)

2022-11-02 17:19:01 - [MESSAGE][PASSED] - Delayed 3 second(s)

2022-11-02 17:19:01 - [TEST_STEP][PASSED] - switchToWindowIndex(currentWindow + 1): Switched to window with index: '1'

2022-11-02 17:19:01 - [MESSAGE][PASSED] - Switched to window with index: '1'

2022-11-02 17:19:01 - [TEST_STEP][PASSED] - navigateToUrl("https://www.mailinator.com/"): Navigate to 'https://www.mailinator.com/' successfully

2022-11-02 17:19:04 - [MESSAGE][PASSED] - Navigate to 'https://www.mailinator.com/' successfully

2022-11-02 17:19:04 - [TEST_STEP][PASSED] - delay(3): Delayed 3 second(s)

2022-11-02 17:19:07 - [MESSAGE][PASSED] - Delayed 3 second(s)

2022-11-02 17:19:07 - [TEST_STEP][PASSED] - setText(findTestObject("00-Signup and Activation/zMailinator/input_LOGIN_search"), "testuser02@mailinator.com"): Text 'testuser02@mailinator.com' is set on object 'Object Repository/00-Signup and Activation/zMailinator/input_LOGIN_search'

2022-11-02 17:19:08 - [MESSAGE][PASSED] - Text 'testuser02@mailinator.com' is set on object 'Object Repository/00-Signup and Activation/zMailinator/input_LOGIN_search'

2022-11-02 17:19:08 - [TEST_STEP][PASSED] - click(findTestObject("00-Signup and Activation/zMailinator/gobutton"), STOP_ON_FAILURE): Object: 'Object Repository/00-Signup and Activation/zMailinator/gobutton' is clicked on

2022-11-02 17:19:12 - [MESSAGE][PASSED] - Object: 'Object Repository/00-Signup and Activation/zMailinator/gobutton' is clicked on

2022-11-02 17:19:12 - [TEST_STEP][PASSED] - delay(3): Delayed 3 second(s)

2022-11-02 17:19:15 - [MESSAGE][PASSED] - Delayed 3 second(s)

2022-11-02 17:19:15 - [TEST_STEP][PASSED] - click(findTestObject("00-Signup and Activation/zMailinator/Email - everleagues")): Object: 'Object Repository/00-Signup and Activation/zMailinator/Email - everleagues' is clicked on

2022-11-02 17:19:15 - [MESSAGE][PASSED] - Object: 'Object Repository/00-Signup and Activation/zMailinator/Email - everleagues' is clicked on

2022-11-02 17:19:15 - [TEST_STEP][PASSED] - delay(3): Delayed 3 second(s)

2022-11-02 17:19:18 - [MESSAGE][PASSED] - Delayed 3 second(s)

2022-11-02 17:19:18 - [TEST_STEP][PASSED] - code = getText(findTestObject("Object Repository/06-Teams/For 2FA/2FA code")): Text of object 'Object Repository/06-Teams/For 2FA/2FA code' is: '697432'

2022-11-02 17:19:19 - [MESSAGE][PASSED] - Text of object 'Object Repository/06-Teams/For 2FA/2FA code' is: '697432'

2022-11-02 17:19:19 - [TEST_STEP][PASSED] - delay(3): Delayed 3 second(s)

2022-11-02 17:19:22 - [MESSAGE][PASSED] - Delayed 3 second(s)

2022-11-02 17:19:22 - [TEST_STEP][PASSED] - closeWindowTitle("Mailinator"): Window with title: 'Mailinator' is closed

2022-11-02 17:19:22 - [MESSAGE][PASSED] - Window with title: 'Mailinator' is closed

2022-11-02 17:19:22 - [TEST_STEP][PASSED] - delay(3): Delayed 3 second(s)

2022-11-02 17:19:25 - [MESSAGE][PASSED] - Delayed 3 second(s)

2022-11-02 17:19:25 - [TEST_STEP][PASSED] - switchToWindowIndex(0): Switched to window with index: '0'

2022-11-02 17:19:25 - [MESSAGE][PASSED] - Switched to window with index: '0'

2022-11-02 17:19:25 - [TEST_STEP][PASSED] - delay(3): Delayed 3 second(s)

2022-11-02 17:19:28 - [MESSAGE][PASSED] - Delayed 3 second(s)

2022-11-02 17:19:28 - [TEST_STEP][PASSED] - setText(findTestObject("Object Repository/06-Teams/For 2FA/input_Enter verification code_code"), code): Text '697432' is set on object 'Object Repository/06-Teams/For 2FA/input_Enter verification code_code'

2022-11-02 17:19:29 - [MESSAGE][PASSED] - Text '697432' is set on object 'Object Repository/06-Teams/For 2FA/input_Enter verification code_code'

2022-11-02 17:19:29 - [TEST_STEP][PASSED] - delay(3): Delayed 3 second(s)

2022-11-02 17:19:32 - [MESSAGE][PASSED] - Delayed 3 second(s)

2022-11-02 17:19:32 - [TEST_STEP][PASSED] - click(findTestObject("06-Teams/For 2FA/button_Verify_2FA")): Object: 'Object Repository/06-Teams/For 2FA/button_Verify_2FA' is clicked on

2022-11-02 17:19:32 - [MESSAGE][PASSED] - Object: 'Object Repository/06-Teams/For 2FA/button_Verify_2FA' is clicked on

2022-11-02 17:19:32 - [TEST_STEP][PASSED] - delay(5): Delayed 5 second(s)

2022-11-02 17:19:37 - [MESSAGE][PASSED] - Delayed 5 second(s)

2022-11-02 17:19:37 - [TEST_STEP][PASSED] - click(findTestObject("06-Teams/button_doublearrow")): Object: 'Object Repository/06-Teams/button_doublearrow' is clicked on

2022-11-02 17:19:38 - [MESSAGE][PASSED] - Object: 'Object Repository/06-Teams/button_doublearrow' is clicked on

2022-11-02 17:19:38 - [TEST_STEP][PASSED] - click(findTestObject("06-Teams/button_My Organizations")): Object: 'Object Repository/06-Teams/button_My Organizations' is clicked on

2022-11-02 17:19:39 - [MESSAGE][PASSED] - Object: 'Object Repository/06-Teams/button_My Organizations' is clicked on

2022-11-02 17:19:39 - [TEST_STEP][PASSED] - click(findTestObject("06-Teams/button_GG Automation")): Object: 'Object Repository/06-Teams/button_GG Automation' is clicked on

2022-11-02 17:19:40 - [MESSAGE][PASSED] - Object: 'Object Repository/06-Teams/button_GG Automation' is clicked on

2022-11-02 17:19:40 - [TEST_STEP][PASSED] - delay(4): Delayed 4 second(s)

2022-11-02 17:19:44 - [MESSAGE][PASSED] - Delayed 4 second(s)

2022-11-02 17:19:44 - [TEST_STEP][PASSED] - verifyElementVisible(findTestObject("06-Teams/span_GG Automation")): Object 'Object Repository/06-Teams/span_GG Automation' is visible

2022-11-02 17:19:44 - [MESSAGE][PASSED] - Object 'Object Repository/06-Teams/span_GG Automation' is visible

2022-11-02 17:19:44 - [TEST_STEP][PASSED] - delay(10): Delayed 10 second(s)

2022-11-02 17:19:54 - [MESSAGE][PASSED] - Delayed 10 second(s)

2022-11-02 17:19:54 - [TEST_STEP][PASSED] - click(findTestObject("03-Header Menu/Hamburger Button/div_Settings")): Object: 'Object Repository/03-Header Menu/Hamburger Button/div_Settings' is clicked on

2022-11-02 17:19:54 - [MESSAGE][PASSED] - Object: 'Object Repository/03-Header Menu/Hamburger Button/div_Settings' is clicked on

2022-11-02 17:19:54 - [TEST_STEP][PASSED] - delay(3): Delayed 3 second(s)

2022-11-02 17:19:57 - [MESSAGE][PASSED] - Delayed 3 second(s)

2022-11-02 17:19:57 - [TEST_STEP][PASSED] - click(findTestObject("09-Settings/Users/div_Users")): Object: 'Object Repository/09-Settings/Users/div_Users' is clicked on

2022-11-02 17:19:58 - [MESSAGE][PASSED] - Object: 'Object Repository/09-Settings/Users/div_Users' is clicked on

2022-11-02 17:19:58 - [TEST_STEP][PASSED] - delay(3): Delayed 3 second(s)

2022-11-02 17:20:01 - [MESSAGE][PASSED] - Delayed 3 second(s)

2022-11-02 17:20:01 - [TEST_STEP][PASSED] - click(findTestObject("09-Settings/Users/button_add")): Object: 'Object Repository/09-Settings/Users/button_add' is clicked on

2022-11-02 17:20:02 - [MESSAGE][PASSED] - Object: 'Object Repository/09-Settings/Users/button_add' is clicked on

2022-11-02 17:20:02 - [TEST_STEP][PASSED] - delay(3): Delayed 3 second(s)

2022-11-02 17:20:05 - [MESSAGE][PASSED] - Delayed 3 second(s)

2022-11-02 17:20:05 - [TEST_STEP][PASSED] - click(findTestObject("09-Settings/Users/add Invite a single user")): Object: 'Object Repository/09-Settings/Users/add Invite a single user' is clicked on

2022-11-02 17:20:05 - [MESSAGE][PASSED] - Object: 'Object Repository/09-Settings/Users/add Invite a single user' is clicked on

2022-11-02 17:20:05 - [TEST_STEP][PASSED] - delay(3): Delayed 3 second(s)

2022-11-02 17:20:08 - [MESSAGE][PASSED] - Delayed 3 second(s)

2022-11-02 17:20:08 - [TEST_STEP][PASSED] - setText(findTestObject("09-Settings/Users/input_email"), "autotester04@mailinator.com"): Text 'autotester04@mailinator.com' is set on object 'Object Repository/09-Settings/Users/input_email'

2022-11-02 17:20:09 - [MESSAGE][PASSED] - Text 'autotester04@mailinator.com' is set on object 'Object Repository/09-Settings/Users/input_email'

2022-11-02 17:20:09 - [TEST_STEP][PASSED] - setText(findTestObject("09-Settings/Users/input_firstName"), "GG"): Text 'GG' is set on object 'Object Repository/09-Settings/Users/input_firstName'

2022-11-02 17:20:10 - [MESSAGE][PASSED] - Text 'GG' is set on object 'Object Repository/09-Settings/Users/input_firstName'

2022-11-02 17:20:10 - [TEST_STEP][PASSED] - setText(findTestObject("09-Settings/Users/input_lastName"), "Auto Contact 2"): Text 'Auto Contact 2' is set on object 'Object Repository/09-Settings/Users/input_lastName'

2022-11-02 17:20:11 - [MESSAGE][PASSED] - Text 'Auto Contact 2' is set on object 'Object Repository/09-Settings/Users/input_lastName'

2022-11-02 17:20:11 - [TEST_STEP][PASSED] - click(findTestObject("09-Settings/Users/span_Role")): Object: 'Object Repository/09-Settings/Users/span_Role' is clicked on

2022-11-02 17:20:11 - [MESSAGE][PASSED] - Object: 'Object Repository/09-Settings/Users/span_Role' is clicked on

2022-11-02 17:20:11 - [TEST_STEP][PASSED] - click(findTestObject("09-Settings/Users/span_CoWorker")): Object: 'Object Repository/09-Settings/Users/span_CoWorker' is clicked on

2022-11-02 17:20:12 - [MESSAGE][PASSED] - Object: 'Object Repository/09-Settings/Users/span_CoWorker' is clicked on

2022-11-02 17:20:12 - [TEST_STEP][PASSED] - click(findTestObject("09-Settings/Users/button_Send Invitation")): Object: 'Object Repository/09-Settings/Users/button_Send Invitation' is clicked on

2022-11-02 17:20:13 - [MESSAGE][PASSED] - Object: 'Object Repository/09-Settings/Users/button_Send Invitation' is clicked on

2022-11-02 17:20:13 - [TEST_STEP][PASSED] - delay(2): Delayed 2 second(s)

2022-11-02 17:20:15 - [MESSAGE][PASSED] - Delayed 2 second(s)

2022-11-02 17:20:15 - [TEST_STEP][PASSED] - verifyElementVisible(findTestObject("07-Directory/Connections/zContact Profile/Successfully invited user")): Object 'Object Repository/07-Directory/Connections/zContact Profile/Successfully invited user' is visible

2022-11-02 17:20:16 - [MESSAGE][PASSED] - Object 'Object Repository/07-Directory/Connections/zContact Profile/Successfully invited user' is visible

2022-11-02 17:20:16 - [TEST_STEP][PASSED] - delay(2): Delayed 2 second(s)

2022-11-02 17:20:18 - [MESSAGE][PASSED] - Delayed 2 second(s)

2022-11-02 17:20:18 - [TEST_STEP][PASSED] - executeJavaScript("window.open();", []): Execute JavaScript 'window.open();' successfully

2022-11-02 17:20:18 - [MESSAGE][PASSED] - Execute JavaScript 'window.open();' successfully

2022-11-02 17:20:18 - [TEST_STEP][PASSED] - currentWindow = getWindowIndex(): Current window's index is: 0

2022-11-02 17:20:18 - [MESSAGE][PASSED] - Current window's index is: 0

2022-11-02 17:20:18 - [TEST_STEP][PASSED] - delay(3): Delayed 3 second(s)

2022-11-02 17:20:21 - [MESSAGE][PASSED] - Delayed 3 second(s)

2022-11-02 17:20:21 - [TEST_STEP][PASSED] - switchToWindowIndex(currentWindow + 1): Switched to window with index: '1'

2022-11-02 17:20:21 - [MESSAGE][PASSED] - Switched to window with index: '1'

2022-11-02 17:20:21 - [TEST_STEP][PASSED] - navigateToUrl("https://www.mailinator.com/"): Navigate to 'https://www.mailinator.com/' successfully

2022-11-02 17:20:23 - [MESSAGE][PASSED] - Navigate to 'https://www.mailinator.com/' successfully

2022-11-02 17:20:23 - [TEST_STEP][PASSED] - delay(3): Delayed 3 second(s)

2022-11-02 17:20:26 - [MESSAGE][PASSED] - Delayed 3 second(s)

2022-11-02 17:20:26 - [TEST_STEP][PASSED] - setText(findTestObject("00-Signup and Activation/zMailinator/input_LOGIN_search"), "autotester04@mailinator.com"): Text 'autotester04@mailinator.com' is set on object 'Object Repository/00-Signup and Activation/zMailinator/input_LOGIN_search'

2022-11-02 17:20:26 - [MESSAGE][PASSED] - Text 'autotester04@mailinator.com' is set on object 'Object Repository/00-Signup and Activation/zMailinator/input_LOGIN_search'

2022-11-02 17:20:26 - [TEST_STEP][PASSED] - click(findTestObject("00-Signup and Activation/zMailinator/gobutton"), STOP_ON_FAILURE): Object: 'Object Repository/00-Signup and Activation/zMailinator/gobutton' is clicked on

2022-11-02 17:20:27 - [MESSAGE][PASSED] - Object: 'Object Repository/00-Signup and Activation/zMailinator/gobutton' is clicked on

2022-11-02 17:20:27 - [TEST_STEP][PASSED] - delay(3): Delayed 3 second(s)

2022-11-02 17:20:30 - [MESSAGE][PASSED] - Delayed 3 second(s)

2022-11-02 17:20:30 - [TEST_STEP][PASSED] - closeWindowTitle("Everleagues"): Window with title: 'Everleagues' is closed

2022-11-02 17:20:30 - [MESSAGE][PASSED] - Window with title: 'Everleagues' is closed

2022-11-02 17:20:30 - [TEST_STEP][PASSED] - switchToWindowIndex(0): Switched to window with index: '0'

2022-11-02 17:20:30 - [MESSAGE][PASSED] - Switched to window with index: '0'

2022-11-02 17:20:30 - [TEST_STEP][PASSED] - click(findTestObject("09-Settings/Users/Co worker/td_Invitation from GG Automation")): Object: 'Object Repository/09-Settings/Users/Co worker/td_Invitation from GG Automation' is clicked on

2022-11-02 17:20:31 - [MESSAGE][PASSED] - Object: 'Object Repository/09-Settings/Users/Co worker/td_Invitation from GG Automation' is clicked on

2022-11-02 17:20:31 - [TEST_STEP][PASSED] - click(findTestObject("09-Settings/Users/Co worker/a_Click here to join GG Automation on EverLeagues")): Object: 'Object Repository/09-Settings/Users/Co worker/a_Click here to join GG Automation on EverLeagues' is clicked on

2022-11-02 17:20:32 - [MESSAGE][PASSED] - Object: 'Object Repository/09-Settings/Users/Co worker/a_Click here to join GG Automation on EverLeagues' is clicked on

2022-11-02 17:20:32 - [TEST_STEP][PASSED] - closeWindowTitle("Mailinator"): Window with title: 'Mailinator' is closed

2022-11-02 17:20:32 - [MESSAGE][PASSED] - Window with title: 'Mailinator' is closed

2022-11-02 17:20:32 - [TEST_STEP][PASSED] - switchToWindowIndex(0): Switched to window with index: '0'

2022-11-02 17:20:32 - [MESSAGE][PASSED] - Switched to window with index: '0'

2022-11-02 17:20:32 - [TEST_STEP][PASSED] - verifyElementVisible(findTestObject("09-Settings/Users/Co worker/Logout before proceed modal")): Object 'Object Repository/09-Settings/Users/Co worker/Logout before proceed modal' is visible

2022-11-02 17:20:38 - [MESSAGE][PASSED] - Object 'Object Repository/09-Settings/Users/Co worker/Logout before proceed modal' is visible

2022-11-02 17:20:38 - [TEST_STEP][PASSED] - click(findTestObject("09-Settings/Users/Co worker/button_Yes")): Object: 'Object Repository/09-Settings/Users/Co worker/button_Yes' is clicked on

2022-11-02 17:20:38 - [MESSAGE][PASSED] - Object: 'Object Repository/09-Settings/Users/Co worker/button_Yes' is clicked on

2022-11-02 17:20:38 - [TEST_STEP][PASSED] - delay(3): Delayed 3 second(s)

2022-11-02 17:20:41 - [MESSAGE][PASSED] - Delayed 3 second(s)

2022-11-02 17:20:41 - [TEST_STEP][PASSED] - setText(findTestObject("09-Settings/Users/Co worker/input_Email_email"), "autotester04@mailinator.com"): Text 'autotester04@mailinator.com' is set on object 'Object Repository/09-Settings/Users/Co worker/input_Email_email'

2022-11-02 17:21:42 - [MESSAGE][PASSED] - Text 'autotester04@mailinator.com' is set on object 'Object Repository/09-Settings/Users/Co worker/input_Email_email'

2022-11-02 17:21:42 - [TEST_STEP][PASSED] - setEncryptedText(findTestObject("09-Settings/Users/Co worker/input__password"), "8yFRyszE6U6jvsCn51OQbg=="): Text ****** has been set on object 'Object Repository/09-Settings/Users/Co worker/input__password'

2022-11-02 17:22:12 - [MESSAGE][PASSED] - Text ****** has been set on object 'Object Repository/09-Settings/Users/Co worker/input__password'

2022-11-02 17:22:12 - [TEST_STEP][PASSED] - click(findTestObject("02-Side Icons(Organization)/Add Contact/button_Sign in")): Object: 'Object Repository/02-Side Icons(Organization)/Add Contact/button_Sign in' is clicked on

2022-11-02 17:22:42 - [MESSAGE][PASSED] - Object: 'Object Repository/02-Side Icons(Organization)/Add Contact/button_Sign in' is clicked on

2022-11-02 17:22:42 - [TEST_STEP][PASSED] - delay(2): Delayed 2 second(s)

2022-11-02 17:22:44 - [MESSAGE][PASSED] - Delayed 2 second(s)

2022-11-02 17:22:44 - [TEST_STEP][PASSED] - click(findTestObject("06-Teams/For 2FA/button_Confirm_2FA")): Object: 'Object Repository/06-Teams/For 2FA/button_Confirm_2FA' is clicked on

2022-11-02 17:23:14 - [MESSAGE][PASSED] - Object: 'Object Repository/06-Teams/For 2FA/button_Confirm_2FA' is clicked on

2022-11-02 17:23:14 - [TEST_STEP][PASSED] - executeJavaScript("window.open();", []): Execute JavaScript 'window.open();' successfully

2022-11-02 17:23:14 - [MESSAGE][PASSED] - Execute JavaScript 'window.open();' successfully

2022-11-02 17:23:14 - [TEST_STEP][PASSED] - currentWindow = getWindowIndex(): Current window's index is: 0

2022-11-02 17:23:14 - [MESSAGE][PASSED] - Current window's index is: 0

2022-11-02 17:23:14 - [TEST_STEP][PASSED] - delay(3): Delayed 3 second(s)

2022-11-02 17:23:17 - [MESSAGE][PASSED] - Delayed 3 second(s)

2022-11-02 17:23:17 - [TEST_STEP][PASSED] - switchToWindowIndex(currentWindow + 1): Switched to window with index: '1'

2022-11-02 17:23:17 - [MESSAGE][PASSED] - Switched to window with index: '1'

2022-11-02 17:23:17 - [TEST_STEP][PASSED] - navigateToUrl("https://www.mailinator.com/"): Navigate to 'https://www.mailinator.com/' successfully

2022-11-02 17:23:19 - [MESSAGE][PASSED] - Navigate to 'https://www.mailinator.com/' successfully

2022-11-02 17:23:19 - [TEST_STEP][PASSED] - delay(3): Delayed 3 second(s)

2022-11-02 17:23:22 - [MESSAGE][PASSED] - Delayed 3 second(s)

2022-11-02 17:23:22 - [TEST_STEP][PASSED] - setText(findTestObject("00-Signup and Activation/zMailinator/input_LOGIN_search"), "autotester04@mailinator.com"): Text 'autotester04@mailinator.com' is set on object 'Object Repository/00-Signup and Activation/zMailinator/input_LOGIN_search'

2022-11-02 17:23:22 - [MESSAGE][PASSED] - Text 'autotester04@mailinator.com' is set on object 'Object Repository/00-Signup and Activation/zMailinator/input_LOGIN_search'

2022-11-02 17:23:22 - [TEST_STEP][PASSED] - click(findTestObject("00-Signup and Activation/zMailinator/gobutton"), STOP_ON_FAILURE): Object: 'Object Repository/00-Signup and Activation/zMailinator/gobutton' is clicked on

2022-11-02 17:23:23 - [MESSAGE][PASSED] - Object: 'Object Repository/00-Signup and Activation/zMailinator/gobutton' is clicked on

2022-11-02 17:23:23 - [TEST_STEP][PASSED] - delay(3): Delayed 3 second(s)

2022-11-02 17:23:26 - [MESSAGE][PASSED] - Delayed 3 second(s)

2022-11-02 17:23:26 - [TEST_STEP][PASSED] - click(findTestObject("00-Signup and Activation/zMailinator/Email - everleagues")): Object: 'Object Repository/00-Signup and Activation/zMailinator/Email - everleagues' is clicked on

2022-11-02 17:23:26 - [MESSAGE][PASSED] - Object: 'Object Repository/00-Signup and Activation/zMailinator/Email - everleagues' is clicked on

2022-11-02 17:23:26 - [TEST_STEP][PASSED] - delay(3): Delayed 3 second(s)

2022-11-02 17:23:29 - [MESSAGE][PASSED] - Delayed 3 second(s)

2022-11-02 17:23:29 - [TEST_STEP][PASSED] - codetwo = getText(findTestObject("Object Repository/06-Teams/For 2FA/2FA code")): Text of object 'Object Repository/06-Teams/For 2FA/2FA code' is: '515851'

2022-11-02 17:23:30 - [MESSAGE][PASSED] - Text of object 'Object Repository/06-Teams/For 2FA/2FA code' is: '515851'

2022-11-02 17:23:30 - [TEST_STEP][PASSED] - delay(3): Delayed 3 second(s)

2022-11-02 17:23:33 - [MESSAGE][PASSED] - Delayed 3 second(s)

2022-11-02 17:23:33 - [TEST_STEP][PASSED] - closeWindowTitle("Mailinator"): Window with title: 'Mailinator' is closed

2022-11-02 17:23:33 - [MESSAGE][PASSED] - Window with title: 'Mailinator' is closed

2022-11-02 17:23:33 - [TEST_STEP][PASSED] - delay(3): Delayed 3 second(s)

2022-11-02 17:23:36 - [MESSAGE][PASSED] - Delayed 3 second(s)

2022-11-02 17:23:36 - [TEST_STEP][PASSED] - switchToWindowIndex(0): Switched to window with index: '0'

2022-11-02 17:23:36 - [MESSAGE][PASSED] - Switched to window with index: '0'

2022-11-02 17:23:36 - [TEST_STEP][PASSED] - delay(3): Delayed 3 second(s)

2022-11-02 17:23:39 - [MESSAGE][PASSED] - Delayed 3 second(s)

2022-11-02 17:23:39 - [TEST_STEP][PASSED] - setText(findTestObject("Object Repository/06-Teams/For 2FA/input_Enter verification code_code"), codetwo): Text '515851' is set on object 'Object Repository/06-Teams/For 2FA/input_Enter verification code_code'

2022-11-02 17:24:39 - [MESSAGE][PASSED] - Text '515851' is set on object 'Object Repository/06-Teams/For 2FA/input_Enter verification code_code'

2022-11-02 17:24:39 - [TEST_STEP][PASSED] - delay(3): Delayed 3 second(s)

2022-11-02 17:24:42 - [MESSAGE][PASSED] - Delayed 3 second(s)

2022-11-02 17:24:42 - [TEST_STEP][PASSED] - click(findTestObject("06-Teams/For 2FA/button_Verify_2FA")): Object: 'Object Repository/06-Teams/For 2FA/button_Verify_2FA' is clicked on

2022-11-02 17:25:13 - [MESSAGE][PASSED] - Object: 'Object Repository/06-Teams/For 2FA/button_Verify_2FA' is clicked on

2022-11-02 17:25:13 - [TEST_STEP][PASSED] - delay(5): Delayed 5 second(s)

2022-11-02 17:25:18 - [MESSAGE][PASSED] - Delayed 5 second(s)

2022-11-02 17:25:18 - [TEST_STEP][PASSED] - executeJavaScript("window.open();", []): Execute JavaScript 'window.open();' successfully

2022-11-02 17:25:18 - [MESSAGE][PASSED] - Execute JavaScript 'window.open();' successfully

2022-11-02 17:25:18 - [TEST_STEP][PASSED] - currentWindow = getWindowIndex(): Current window's index is: 0

2022-11-02 17:25:18 - [MESSAGE][PASSED] - Current window's index is: 0

2022-11-02 17:25:18 - [TEST_STEP][PASSED] - delay(3): Delayed 3 second(s)

2022-11-02 17:25:21 - [MESSAGE][PASSED] - Delayed 3 second(s)

2022-11-02 17:25:21 - [TEST_STEP][PASSED] - switchToWindowIndex(currentWindow + 1): Switched to window with index: '1'

2022-11-02 17:25:21 - [MESSAGE][PASSED] - Switched to window with index: '1'

2022-11-02 17:25:21 - [TEST_STEP][PASSED] - navigateToUrl("https://www.mailinator.com/"): Navigate to 'https://www.mailinator.com/' successfully

2022-11-02 17:25:22 - [MESSAGE][PASSED] - Navigate to 'https://www.mailinator.com/' successfully

2022-11-02 17:25:22 - [TEST_STEP][PASSED] - delay(3): Delayed 3 second(s)

2022-11-02 17:25:25 - [MESSAGE][PASSED] - Delayed 3 second(s)

2022-11-02 17:25:25 - [TEST_STEP][PASSED] - setText(findTestObject("00-Signup and Activation/zMailinator/input_LOGIN_search"), "autotester04@mailinator.com"): Text 'autotester04@mailinator.com' is set on object 'Object Repository/00-Signup and Activation/zMailinator/input_LOGIN_search'

2022-11-02 17:25:26 - [MESSAGE][PASSED] - Text 'autotester04@mailinator.com' is set on object 'Object Repository/00-Signup and Activation/zMailinator/input_LOGIN_search'

2022-11-02 17:25:26 - [TEST_STEP][PASSED] - click(findTestObject("00-Signup and Activation/zMailinator/gobutton"), STOP_ON_FAILURE): Object: 'Object Repository/00-Signup and Activation/zMailinator/gobutton' is clicked on

2022-11-02 17:25:27 - [MESSAGE][PASSED] - Object: 'Object Repository/00-Signup and Activation/zMailinator/gobutton' is clicked on

2022-11-02 17:25:27 - [TEST_STEP][PASSED] - delay(3): Delayed 3 second(s)

2022-11-02 17:25:30 - [MESSAGE][PASSED] - Delayed 3 second(s)

2022-11-02 17:25:30 - [TEST_STEP][PASSED] - closeWindowTitle("Everleagues"): Window with title: 'Everleagues' is closed

2022-11-02 17:25:30 - [MESSAGE][PASSED] - Window with title: 'Everleagues' is closed

2022-11-02 17:25:30 - [TEST_STEP][PASSED] - switchToWindowIndex(0): Switched to window with index: '0'

2022-11-02 17:25:30 - [MESSAGE][PASSED] - Switched to window with index: '0'

2022-11-02 17:25:30 - [TEST_STEP][PASSED] - click(findTestObject("09-Settings/Users/Co worker/td_Invitation from GG Automation")): Object: 'Object Repository/09-Settings/Users/Co worker/td_Invitation from GG Automation' is clicked on

2022-11-02 17:25:30 - [MESSAGE][PASSED] - Object: 'Object Repository/09-Settings/Users/Co worker/td_Invitation from GG Automation' is clicked on

2022-11-02 17:25:30 - [TEST_STEP][PASSED] - click(findTestObject("09-Settings/Users/Co worker/a_Click here to join GG Automation on EverLeagues")): Object: 'Object Repository/09-Settings/Users/Co worker/a_Click here to join GG Automation on EverLeagues' is clicked on

2022-11-02 17:25:31 - [MESSAGE][PASSED] - Object: 'Object Repository/09-Settings/Users/Co worker/a_Click here to join GG Automation on EverLeagues' is clicked on

2022-11-02 17:25:31 - [TEST_STEP][PASSED] - delay(3): Delayed 3 second(s)

2022-11-02 17:25:34 - [MESSAGE][PASSED] - Delayed 3 second(s)

2022-11-02 17:25:34 - [TEST_STEP][PASSED] - closeWindowTitle("Mailinator"): Window with title: 'Mailinator' is closed

2022-11-02 17:25:35 - [MESSAGE][PASSED] - Window with title: 'Mailinator' is closed

2022-11-02 17:25:35 - [TEST_STEP][PASSED] - switchToWindowIndex(0): Switched to window with index: '0'

2022-11-02 17:25:35 - [MESSAGE][PASSED] - Switched to window with index: '0'

2022-11-02 17:25:35 - [TEST_STEP][PASSED] - verifyElementVisible(findTestObject("09-Settings/Users/Co worker/Invite modal")): Object 'Object Repository/09-Settings/Users/Co worker/Invite modal' is visible

2022-11-02 17:25:37 - [MESSAGE][PASSED] - Object 'Object Repository/09-Settings/Users/Co worker/Invite modal' is visible

2022-11-02 17:25:37 - [TEST_STEP][PASSED] - click(findTestObject("09-Settings/Users/Co worker/button_Accept")): Object: 'Object Repository/09-Settings/Users/Co worker/button_Accept' is clicked on

2022-11-02 17:25:38 - [MESSAGE][PASSED] - Object: 'Object Repository/09-Settings/Users/Co worker/button_Accept' is clicked on

2022-11-02 17:25:38 - [TEST_STEP][PASSED] - delay(10): Delayed 10 second(s)

2022-11-02 17:25:48 - [MESSAGE][PASSED] - Delayed 10 second(s)

2022-11-02 17:25:48 - [TEST_STEP][PASSED] - verifyElementVisible(findTestObject("09-Settings/Users/Co worker/div_Joined as CoWorker")): Object 'Object Repository/09-Settings/Users/Co worker/div_Joined as CoWorker' is visible

2022-11-02 17:25:48 - [MESSAGE][PASSED] - Object 'Object Repository/09-Settings/Users/Co worker/div_Joined as CoWorker' is visible

2022-11-02 17:25:48 - [TEST_STEP][PASSED] - closeBrowser(): Browser is closed

2022-11-02 17:25:49 - [MESSAGE][PASSED] - Browser is closed]]></system-out>
         <system-err><![CDATA[]]></system-err>
      </testcase>
      <testcase name="Test Cases/09-Settings/03 - Users (Invite new user as client)" time="237.142" classname="Test Cases/09-Settings/03 - Users (Invite new user as client)" status="PASSED">
         <system-out><![CDATA[2022-11-02 17:25:49 - [TEST_CASE][PASSED] - Test Cases/09-Settings/03 - Users (Invite new user as client): Test Cases/09-Settings/03 - Users (Invite new user as client)

2022-11-02 17:25:49 - [TEST_STEP][PASSED] - openBrowser(""): Browser is opened with url: ''

2022-11-02 17:25:49 - [MESSAGE][INFO] - Starting 'Chrome' driver

2022-11-02 17:25:49 - [MESSAGE][INFO] - Action delay is set to 0 milliseconds

2022-11-02 17:25:50 - [MESSAGE][PASSED] - Browser is opened with url: ''

2022-11-02 17:25:50 - [TEST_STEP][PASSED] - navigateToUrl("https://lab.everleagues.com/"): Navigate to 'https://lab.everleagues.com/' successfully

2022-11-02 17:26:19 - [MESSAGE][PASSED] - Navigate to 'https://lab.everleagues.com/' successfully

2022-11-02 17:26:19 - [TEST_STEP][PASSED] - maximizeWindow(): Current window maximized

2022-11-02 17:26:20 - [MESSAGE][PASSED] - Current window maximized

2022-11-02 17:26:20 - [TEST_STEP][PASSED] - setText(findTestObject("02-Side Icons(Organization)/Add Contact/Email Field"), "testuser02@mailinator.com"): Text 'testuser02@mailinator.com' is set on object 'Object Repository/02-Side Icons(Organization)/Add Contact/Email Field'

2022-11-02 17:26:20 - [MESSAGE][PASSED] - Text 'testuser02@mailinator.com' is set on object 'Object Repository/02-Side Icons(Organization)/Add Contact/Email Field'

2022-11-02 17:26:20 - [TEST_STEP][PASSED] - setEncryptedText(findTestObject("02-Side Icons(Organization)/Add Contact/Password Field"), "8yFRyszE6U6jvsCn51OQbg=="): Text ****** has been set on object 'Object Repository/02-Side Icons(Organization)/Add Contact/Password Field'

2022-11-02 17:26:21 - [MESSAGE][PASSED] - Text ****** has been set on object 'Object Repository/02-Side Icons(Organization)/Add Contact/Password Field'

2022-11-02 17:26:21 - [TEST_STEP][PASSED] - click(findTestObject("02-Side Icons(Organization)/Add Contact/button_Sign in")): Object: 'Object Repository/02-Side Icons(Organization)/Add Contact/button_Sign in' is clicked on

2022-11-02 17:26:21 - [MESSAGE][PASSED] - Object: 'Object Repository/02-Side Icons(Organization)/Add Contact/button_Sign in' is clicked on

2022-11-02 17:26:21 - [TEST_STEP][PASSED] - delay(2): Delayed 2 second(s)

2022-11-02 17:26:23 - [MESSAGE][PASSED] - Delayed 2 second(s)

2022-11-02 17:26:23 - [TEST_STEP][PASSED] - click(findTestObject("06-Teams/For 2FA/button_Confirm_2FA")): Object: 'Object Repository/06-Teams/For 2FA/button_Confirm_2FA' is clicked on

2022-11-02 17:26:24 - [MESSAGE][PASSED] - Object: 'Object Repository/06-Teams/For 2FA/button_Confirm_2FA' is clicked on

2022-11-02 17:26:24 - [TEST_STEP][PASSED] - executeJavaScript("window.open();", []): Execute JavaScript 'window.open();' successfully

2022-11-02 17:26:24 - [MESSAGE][PASSED] - Execute JavaScript 'window.open();' successfully

2022-11-02 17:26:24 - [TEST_STEP][PASSED] - currentWindow = getWindowIndex(): Current window's index is: 0

2022-11-02 17:26:24 - [MESSAGE][PASSED] - Current window's index is: 0

2022-11-02 17:26:24 - [TEST_STEP][PASSED] - delay(3): Delayed 3 second(s)

2022-11-02 17:26:27 - [MESSAGE][PASSED] - Delayed 3 second(s)

2022-11-02 17:26:27 - [TEST_STEP][PASSED] - switchToWindowIndex(currentWindow + 1): Switched to window with index: '1'

2022-11-02 17:26:27 - [MESSAGE][PASSED] - Switched to window with index: '1'

2022-11-02 17:26:27 - [TEST_STEP][PASSED] - navigateToUrl("https://www.mailinator.com/"): Navigate to 'https://www.mailinator.com/' successfully

2022-11-02 17:26:29 - [MESSAGE][PASSED] - Navigate to 'https://www.mailinator.com/' successfully

2022-11-02 17:26:29 - [TEST_STEP][PASSED] - delay(3): Delayed 3 second(s)

2022-11-02 17:26:32 - [MESSAGE][PASSED] - Delayed 3 second(s)

2022-11-02 17:26:32 - [TEST_STEP][PASSED] - setText(findTestObject("00-Signup and Activation/zMailinator/input_LOGIN_search"), "testuser02@mailinator.com"): Text 'testuser02@mailinator.com' is set on object 'Object Repository/00-Signup and Activation/zMailinator/input_LOGIN_search'

2022-11-02 17:26:33 - [MESSAGE][PASSED] - Text 'testuser02@mailinator.com' is set on object 'Object Repository/00-Signup and Activation/zMailinator/input_LOGIN_search'

2022-11-02 17:26:33 - [TEST_STEP][PASSED] - click(findTestObject("00-Signup and Activation/zMailinator/gobutton"), STOP_ON_FAILURE): Object: 'Object Repository/00-Signup and Activation/zMailinator/gobutton' is clicked on

2022-11-02 17:26:35 - [MESSAGE][PASSED] - Object: 'Object Repository/00-Signup and Activation/zMailinator/gobutton' is clicked on

2022-11-02 17:26:35 - [TEST_STEP][PASSED] - delay(3): Delayed 3 second(s)

2022-11-02 17:26:38 - [MESSAGE][PASSED] - Delayed 3 second(s)

2022-11-02 17:26:38 - [TEST_STEP][PASSED] - click(findTestObject("00-Signup and Activation/zMailinator/Email - everleagues")): Object: 'Object Repository/00-Signup and Activation/zMailinator/Email - everleagues' is clicked on

2022-11-02 17:26:38 - [MESSAGE][PASSED] - Object: 'Object Repository/00-Signup and Activation/zMailinator/Email - everleagues' is clicked on

2022-11-02 17:26:38 - [TEST_STEP][PASSED] - delay(3): Delayed 3 second(s)

2022-11-02 17:26:41 - [MESSAGE][PASSED] - Delayed 3 second(s)

2022-11-02 17:26:41 - [TEST_STEP][PASSED] - code = getText(findTestObject("Object Repository/06-Teams/For 2FA/2FA code")): Text of object 'Object Repository/06-Teams/For 2FA/2FA code' is: '277439'

2022-11-02 17:26:41 - [MESSAGE][PASSED] - Text of object 'Object Repository/06-Teams/For 2FA/2FA code' is: '277439'

2022-11-02 17:26:41 - [TEST_STEP][PASSED] - delay(3): Delayed 3 second(s)

2022-11-02 17:26:44 - [MESSAGE][PASSED] - Delayed 3 second(s)

2022-11-02 17:26:44 - [TEST_STEP][PASSED] - closeWindowTitle("Mailinator"): Window with title: 'Mailinator' is closed

2022-11-02 17:26:45 - [MESSAGE][PASSED] - Window with title: 'Mailinator' is closed

2022-11-02 17:26:45 - [TEST_STEP][PASSED] - delay(3): Delayed 3 second(s)

2022-11-02 17:26:48 - [MESSAGE][PASSED] - Delayed 3 second(s)

2022-11-02 17:26:48 - [TEST_STEP][PASSED] - switchToWindowIndex(0): Switched to window with index: '0'

2022-11-02 17:26:48 - [MESSAGE][PASSED] - Switched to window with index: '0'

2022-11-02 17:26:48 - [TEST_STEP][PASSED] - delay(3): Delayed 3 second(s)

2022-11-02 17:26:51 - [MESSAGE][PASSED] - Delayed 3 second(s)

2022-11-02 17:26:51 - [TEST_STEP][PASSED] - setText(findTestObject("Object Repository/06-Teams/For 2FA/input_Enter verification code_code"), code): Text '277439' is set on object 'Object Repository/06-Teams/For 2FA/input_Enter verification code_code'

2022-11-02 17:26:52 - [MESSAGE][PASSED] - Text '277439' is set on object 'Object Repository/06-Teams/For 2FA/input_Enter verification code_code'

2022-11-02 17:26:52 - [TEST_STEP][PASSED] - delay(3): Delayed 3 second(s)

2022-11-02 17:26:55 - [MESSAGE][PASSED] - Delayed 3 second(s)

2022-11-02 17:26:55 - [TEST_STEP][PASSED] - click(findTestObject("06-Teams/For 2FA/button_Verify_2FA")): Object: 'Object Repository/06-Teams/For 2FA/button_Verify_2FA' is clicked on

2022-11-02 17:26:56 - [MESSAGE][PASSED] - Object: 'Object Repository/06-Teams/For 2FA/button_Verify_2FA' is clicked on

2022-11-02 17:26:56 - [TEST_STEP][PASSED] - delay(5): Delayed 5 second(s)

2022-11-02 17:27:01 - [MESSAGE][PASSED] - Delayed 5 second(s)

2022-11-02 17:27:01 - [TEST_STEP][PASSED] - click(findTestObject("06-Teams/button_doublearrow")): Object: 'Object Repository/06-Teams/button_doublearrow' is clicked on

2022-11-02 17:27:01 - [MESSAGE][PASSED] - Object: 'Object Repository/06-Teams/button_doublearrow' is clicked on

2022-11-02 17:27:01 - [TEST_STEP][PASSED] - click(findTestObject("06-Teams/button_My Organizations")): Object: 'Object Repository/06-Teams/button_My Organizations' is clicked on

2022-11-02 17:27:02 - [MESSAGE][PASSED] - Object: 'Object Repository/06-Teams/button_My Organizations' is clicked on

2022-11-02 17:27:02 - [TEST_STEP][PASSED] - click(findTestObject("06-Teams/button_GG Automation")): Object: 'Object Repository/06-Teams/button_GG Automation' is clicked on

2022-11-02 17:27:03 - [MESSAGE][PASSED] - Object: 'Object Repository/06-Teams/button_GG Automation' is clicked on

2022-11-02 17:27:03 - [TEST_STEP][PASSED] - delay(4): Delayed 4 second(s)

2022-11-02 17:27:07 - [MESSAGE][PASSED] - Delayed 4 second(s)

2022-11-02 17:27:07 - [TEST_STEP][PASSED] - verifyElementVisible(findTestObject("06-Teams/span_GG Automation")): Object 'Object Repository/06-Teams/span_GG Automation' is visible

2022-11-02 17:27:07 - [MESSAGE][PASSED] - Object 'Object Repository/06-Teams/span_GG Automation' is visible

2022-11-02 17:27:07 - [TEST_STEP][PASSED] - delay(10): Delayed 10 second(s)

2022-11-02 17:27:17 - [MESSAGE][PASSED] - Delayed 10 second(s)

2022-11-02 17:27:17 - [TEST_STEP][PASSED] - click(findTestObject("03-Header Menu/Hamburger Button/div_Settings")): Object: 'Object Repository/03-Header Menu/Hamburger Button/div_Settings' is clicked on

2022-11-02 17:27:17 - [MESSAGE][PASSED] - Object: 'Object Repository/03-Header Menu/Hamburger Button/div_Settings' is clicked on

2022-11-02 17:27:17 - [TEST_STEP][PASSED] - delay(3): Delayed 3 second(s)

2022-11-02 17:27:20 - [MESSAGE][PASSED] - Delayed 3 second(s)

2022-11-02 17:27:20 - [TEST_STEP][PASSED] - click(findTestObject("09-Settings/Users/div_Users")): Object: 'Object Repository/09-Settings/Users/div_Users' is clicked on

2022-11-02 17:27:21 - [MESSAGE][PASSED] - Object: 'Object Repository/09-Settings/Users/div_Users' is clicked on

2022-11-02 17:27:21 - [TEST_STEP][PASSED] - delay(3): Delayed 3 second(s)

2022-11-02 17:27:24 - [MESSAGE][PASSED] - Delayed 3 second(s)

2022-11-02 17:27:24 - [TEST_STEP][PASSED] - click(findTestObject("09-Settings/Users/button_add")): Object: 'Object Repository/09-Settings/Users/button_add' is clicked on

2022-11-02 17:27:24 - [MESSAGE][PASSED] - Object: 'Object Repository/09-Settings/Users/button_add' is clicked on

2022-11-02 17:27:24 - [TEST_STEP][PASSED] - delay(3): Delayed 3 second(s)

2022-11-02 17:27:27 - [MESSAGE][PASSED] - Delayed 3 second(s)

2022-11-02 17:27:27 - [TEST_STEP][PASSED] - click(findTestObject("09-Settings/Users/add Invite a single user")): Object: 'Object Repository/09-Settings/Users/add Invite a single user' is clicked on

2022-11-02 17:27:28 - [MESSAGE][PASSED] - Object: 'Object Repository/09-Settings/Users/add Invite a single user' is clicked on

2022-11-02 17:27:28 - [TEST_STEP][PASSED] - delay(3): Delayed 3 second(s)

2022-11-02 17:27:31 - [MESSAGE][PASSED] - Delayed 3 second(s)

2022-11-02 17:27:31 - [TEST_STEP][PASSED] - setText(findTestObject("09-Settings/Users/input_email"), "autotester09@mailinator.com"): Text 'autotester09@mailinator.com' is set on object 'Object Repository/09-Settings/Users/input_email'

2022-11-02 17:27:32 - [MESSAGE][PASSED] - Text 'autotester09@mailinator.com' is set on object 'Object Repository/09-Settings/Users/input_email'

2022-11-02 17:27:32 - [TEST_STEP][PASSED] - setText(findTestObject("09-Settings/Users/input_firstName"), "GG"): Text 'GG' is set on object 'Object Repository/09-Settings/Users/input_firstName'

2022-11-02 17:27:33 - [MESSAGE][PASSED] - Text 'GG' is set on object 'Object Repository/09-Settings/Users/input_firstName'

2022-11-02 17:27:33 - [TEST_STEP][PASSED] - setText(findTestObject("09-Settings/Users/input_lastName"), "Client"): Text 'Client' is set on object 'Object Repository/09-Settings/Users/input_lastName'

2022-11-02 17:27:33 - [MESSAGE][PASSED] - Text 'Client' is set on object 'Object Repository/09-Settings/Users/input_lastName'

2022-11-02 17:27:33 - [TEST_STEP][PASSED] - click(findTestObject("09-Settings/Users/span_Role")): Object: 'Object Repository/09-Settings/Users/span_Role' is clicked on

2022-11-02 17:27:34 - [MESSAGE][PASSED] - Object: 'Object Repository/09-Settings/Users/span_Role' is clicked on

2022-11-02 17:27:34 - [TEST_STEP][PASSED] - click(findTestObject("09-Settings/Users/span_Client")): Object: 'Object Repository/09-Settings/Users/span_Client' is clicked on

2022-11-02 17:27:35 - [MESSAGE][PASSED] - Object: 'Object Repository/09-Settings/Users/span_Client' is clicked on

2022-11-02 17:27:35 - [TEST_STEP][PASSED] - click(findTestObject("09-Settings/Users/button_Send Invitation")): Object: 'Object Repository/09-Settings/Users/button_Send Invitation' is clicked on

2022-11-02 17:27:36 - [MESSAGE][PASSED] - Object: 'Object Repository/09-Settings/Users/button_Send Invitation' is clicked on

2022-11-02 17:27:36 - [TEST_STEP][PASSED] - delay(2): Delayed 2 second(s)

2022-11-02 17:27:38 - [MESSAGE][PASSED] - Delayed 2 second(s)

2022-11-02 17:27:38 - [TEST_STEP][PASSED] - verifyElementVisible(findTestObject("07-Directory/Connections/zContact Profile/Successfully invited user")): Object 'Object Repository/07-Directory/Connections/zContact Profile/Successfully invited user' is visible

2022-11-02 17:27:38 - [MESSAGE][PASSED] - Object 'Object Repository/07-Directory/Connections/zContact Profile/Successfully invited user' is visible

2022-11-02 17:27:38 - [TEST_STEP][PASSED] - delay(2): Delayed 2 second(s)

2022-11-02 17:27:40 - [MESSAGE][PASSED] - Delayed 2 second(s)

2022-11-02 17:27:40 - [TEST_STEP][PASSED] - click(findTestObject("01-Login and Forgot Password/User menu drop")): Object: 'Object Repository/01-Login and Forgot Password/User menu drop' is clicked on

2022-11-02 17:27:41 - [MESSAGE][PASSED] - Object: 'Object Repository/01-Login and Forgot Password/User menu drop' is clicked on

2022-11-02 17:27:41 - [TEST_STEP][PASSED] - delay(2): Delayed 2 second(s)

2022-11-02 17:27:43 - [MESSAGE][PASSED] - Delayed 2 second(s)

2022-11-02 17:27:43 - [TEST_STEP][PASSED] - click(findTestObject("01-Login and Forgot Password/h4_Sign Out"), STOP_ON_FAILURE): Object: 'Object Repository/01-Login and Forgot Password/h4_Sign Out' is clicked on

2022-11-02 17:27:43 - [MESSAGE][PASSED] - Object: 'Object Repository/01-Login and Forgot Password/h4_Sign Out' is clicked on

2022-11-02 17:27:43 - [TEST_STEP][PASSED] - delay(2): Delayed 2 second(s)

2022-11-02 17:27:45 - [MESSAGE][PASSED] - Delayed 2 second(s)

2022-11-02 17:27:45 - [TEST_STEP][PASSED] - verifyElementPresent(findTestObject("01-Login and Forgot Password/Login_Card"), 0): Object 'Object Repository/01-Login and Forgot Password/Login_Card' is present

2022-11-02 17:27:45 - [MESSAGE][WARNING] - Timeout '0' is invalid. Using default page load timeout: '30'

2022-11-02 17:27:45 - [MESSAGE][PASSED] - Object 'Object Repository/01-Login and Forgot Password/Login_Card' is present

2022-11-02 17:27:45 - [TEST_STEP][PASSED] - delay(3): Delayed 3 second(s)

2022-11-02 17:27:48 - [MESSAGE][PASSED] - Delayed 3 second(s)

2022-11-02 17:27:48 - [TEST_STEP][PASSED] - closeBrowser(): Browser is closed

2022-11-02 17:27:49 - [MESSAGE][PASSED] - Browser is closed

2022-11-02 17:27:49 - [TEST_STEP][PASSED] - openBrowser(""): Browser is opened with url: ''

2022-11-02 17:27:49 - [MESSAGE][INFO] - Starting 'Chrome' driver

2022-11-02 17:27:49 - [MESSAGE][INFO] - Action delay is set to 0 milliseconds

2022-11-02 17:27:50 - [MESSAGE][PASSED] - Browser is opened with url: ''

2022-11-02 17:27:50 - [TEST_STEP][PASSED] - navigateToUrl("https://lab.everleagues.com/"): Navigate to 'https://lab.everleagues.com/' successfully

2022-11-02 17:28:31 - [MESSAGE][PASSED] - Navigate to 'https://lab.everleagues.com/' successfully

2022-11-02 17:28:31 - [TEST_STEP][PASSED] - maximizeWindow(): Current window maximized

2022-11-02 17:28:31 - [MESSAGE][PASSED] - Current window maximized

2022-11-02 17:28:31 - [TEST_STEP][PASSED] - setText(findTestObject("02-Side Icons(Organization)/Add Contact/Email Field"), "autotester09@mailinator.com"): Text 'autotester09@mailinator.com' is set on object 'Object Repository/02-Side Icons(Organization)/Add Contact/Email Field'

2022-11-02 17:28:31 - [MESSAGE][PASSED] - Text 'autotester09@mailinator.com' is set on object 'Object Repository/02-Side Icons(Organization)/Add Contact/Email Field'

2022-11-02 17:28:31 - [TEST_STEP][PASSED] - setEncryptedText(findTestObject("02-Side Icons(Organization)/Add Contact/Password Field"), "8yFRyszE6U6jvsCn51OQbg=="): Text ****** has been set on object 'Object Repository/02-Side Icons(Organization)/Add Contact/Password Field'

2022-11-02 17:28:32 - [MESSAGE][PASSED] - Text ****** has been set on object 'Object Repository/02-Side Icons(Organization)/Add Contact/Password Field'

2022-11-02 17:28:32 - [TEST_STEP][PASSED] - click(findTestObject("02-Side Icons(Organization)/Add Contact/button_Sign in")): Object: 'Object Repository/02-Side Icons(Organization)/Add Contact/button_Sign in' is clicked on

2022-11-02 17:28:33 - [MESSAGE][PASSED] - Object: 'Object Repository/02-Side Icons(Organization)/Add Contact/button_Sign in' is clicked on

2022-11-02 17:28:33 - [TEST_STEP][PASSED] - delay(2): Delayed 2 second(s)

2022-11-02 17:28:35 - [MESSAGE][PASSED] - Delayed 2 second(s)

2022-11-02 17:28:35 - [TEST_STEP][PASSED] - click(findTestObject("06-Teams/For 2FA/button_Confirm_2FA")): Object: 'Object Repository/06-Teams/For 2FA/button_Confirm_2FA' is clicked on

2022-11-02 17:28:35 - [MESSAGE][PASSED] - Object: 'Object Repository/06-Teams/For 2FA/button_Confirm_2FA' is clicked on

2022-11-02 17:28:35 - [TEST_STEP][PASSED] - executeJavaScript("window.open();", []): Execute JavaScript 'window.open();' successfully

2022-11-02 17:28:35 - [MESSAGE][PASSED] - Execute JavaScript 'window.open();' successfully

2022-11-02 17:28:35 - [TEST_STEP][PASSED] - currentWindow = getWindowIndex(): Current window's index is: 0

2022-11-02 17:28:35 - [MESSAGE][PASSED] - Current window's index is: 0

2022-11-02 17:28:35 - [TEST_STEP][PASSED] - delay(3): Delayed 3 second(s)

2022-11-02 17:28:38 - [MESSAGE][PASSED] - Delayed 3 second(s)

2022-11-02 17:28:38 - [TEST_STEP][PASSED] - switchToWindowIndex(currentWindow + 1): Switched to window with index: '1'

2022-11-02 17:28:38 - [MESSAGE][PASSED] - Switched to window with index: '1'

2022-11-02 17:28:38 - [TEST_STEP][PASSED] - navigateToUrl("https://www.mailinator.com/"): Navigate to 'https://www.mailinator.com/' successfully

2022-11-02 17:28:40 - [MESSAGE][PASSED] - Navigate to 'https://www.mailinator.com/' successfully

2022-11-02 17:28:40 - [TEST_STEP][PASSED] - delay(3): Delayed 3 second(s)

2022-11-02 17:28:43 - [MESSAGE][PASSED] - Delayed 3 second(s)

2022-11-02 17:28:43 - [TEST_STEP][PASSED] - setText(findTestObject("00-Signup and Activation/zMailinator/input_LOGIN_search"), "autotester09@mailinator.com"): Text 'autotester09@mailinator.com' is set on object 'Object Repository/00-Signup and Activation/zMailinator/input_LOGIN_search'

2022-11-02 17:28:44 - [MESSAGE][PASSED] - Text 'autotester09@mailinator.com' is set on object 'Object Repository/00-Signup and Activation/zMailinator/input_LOGIN_search'

2022-11-02 17:28:44 - [TEST_STEP][PASSED] - click(findTestObject("00-Signup and Activation/zMailinator/gobutton"), STOP_ON_FAILURE): Object: 'Object Repository/00-Signup and Activation/zMailinator/gobutton' is clicked on

2022-11-02 17:28:46 - [MESSAGE][PASSED] - Object: 'Object Repository/00-Signup and Activation/zMailinator/gobutton' is clicked on

2022-11-02 17:28:46 - [TEST_STEP][PASSED] - delay(3): Delayed 3 second(s)

2022-11-02 17:28:49 - [MESSAGE][PASSED] - Delayed 3 second(s)

2022-11-02 17:28:49 - [TEST_STEP][PASSED] - click(findTestObject("00-Signup and Activation/zMailinator/Email - everleagues")): Object: 'Object Repository/00-Signup and Activation/zMailinator/Email - everleagues' is clicked on

2022-11-02 17:28:49 - [MESSAGE][PASSED] - Object: 'Object Repository/00-Signup and Activation/zMailinator/Email - everleagues' is clicked on

2022-11-02 17:28:49 - [TEST_STEP][PASSED] - delay(3): Delayed 3 second(s)

2022-11-02 17:28:52 - [MESSAGE][PASSED] - Delayed 3 second(s)

2022-11-02 17:28:52 - [TEST_STEP][PASSED] - codetwo = getText(findTestObject("Object Repository/06-Teams/For 2FA/2FA code")): Text of object 'Object Repository/06-Teams/For 2FA/2FA code' is: '913800'

2022-11-02 17:28:53 - [MESSAGE][PASSED] - Text of object 'Object Repository/06-Teams/For 2FA/2FA code' is: '913800'

2022-11-02 17:28:53 - [TEST_STEP][PASSED] - delay(3): Delayed 3 second(s)

2022-11-02 17:28:56 - [MESSAGE][PASSED] - Delayed 3 second(s)

2022-11-02 17:28:56 - [TEST_STEP][PASSED] - closeWindowTitle("Mailinator"): Window with title: 'Mailinator' is closed

2022-11-02 17:28:56 - [MESSAGE][PASSED] - Window with title: 'Mailinator' is closed

2022-11-02 17:28:56 - [TEST_STEP][PASSED] - delay(3): Delayed 3 second(s)

2022-11-02 17:28:59 - [MESSAGE][PASSED] - Delayed 3 second(s)

2022-11-02 17:28:59 - [TEST_STEP][PASSED] - switchToWindowIndex(0): Switched to window with index: '0'

2022-11-02 17:28:59 - [MESSAGE][PASSED] - Switched to window with index: '0'

2022-11-02 17:28:59 - [TEST_STEP][PASSED] - delay(3): Delayed 3 second(s)

2022-11-02 17:29:02 - [MESSAGE][PASSED] - Delayed 3 second(s)

2022-11-02 17:29:02 - [TEST_STEP][PASSED] - setText(findTestObject("Object Repository/06-Teams/For 2FA/input_Enter verification code_code"), codetwo): Text '913800' is set on object 'Object Repository/06-Teams/For 2FA/input_Enter verification code_code'

2022-11-02 17:29:03 - [MESSAGE][PASSED] - Text '913800' is set on object 'Object Repository/06-Teams/For 2FA/input_Enter verification code_code'

2022-11-02 17:29:03 - [TEST_STEP][PASSED] - delay(3): Delayed 3 second(s)

2022-11-02 17:29:06 - [MESSAGE][PASSED] - Delayed 3 second(s)

2022-11-02 17:29:06 - [TEST_STEP][PASSED] - click(findTestObject("06-Teams/For 2FA/button_Verify_2FA")): Object: 'Object Repository/06-Teams/For 2FA/button_Verify_2FA' is clicked on

2022-11-02 17:29:07 - [MESSAGE][PASSED] - Object: 'Object Repository/06-Teams/For 2FA/button_Verify_2FA' is clicked on

2022-11-02 17:29:07 - [TEST_STEP][PASSED] - delay(5): Delayed 5 second(s)

2022-11-02 17:29:12 - [MESSAGE][PASSED] - Delayed 5 second(s)

2022-11-02 17:29:12 - [TEST_STEP][PASSED] - executeJavaScript("window.open();", []): Execute JavaScript 'window.open();' successfully

2022-11-02 17:29:12 - [MESSAGE][PASSED] - Execute JavaScript 'window.open();' successfully

2022-11-02 17:29:12 - [TEST_STEP][PASSED] - currentWindow = getWindowIndex(): Current window's index is: 0

2022-11-02 17:29:12 - [MESSAGE][PASSED] - Current window's index is: 0

2022-11-02 17:29:12 - [TEST_STEP][PASSED] - delay(3): Delayed 3 second(s)

2022-11-02 17:29:15 - [MESSAGE][PASSED] - Delayed 3 second(s)

2022-11-02 17:29:15 - [TEST_STEP][PASSED] - switchToWindowIndex(currentWindow + 1): Switched to window with index: '1'

2022-11-02 17:29:15 - [MESSAGE][PASSED] - Switched to window with index: '1'

2022-11-02 17:29:15 - [TEST_STEP][PASSED] - navigateToUrl("https://www.mailinator.com/"): Navigate to 'https://www.mailinator.com/' successfully

2022-11-02 17:29:16 - [MESSAGE][PASSED] - Navigate to 'https://www.mailinator.com/' successfully

2022-11-02 17:29:16 - [TEST_STEP][PASSED] - delay(3): Delayed 3 second(s)

2022-11-02 17:29:19 - [MESSAGE][PASSED] - Delayed 3 second(s)

2022-11-02 17:29:19 - [TEST_STEP][PASSED] - setText(findTestObject("00-Signup and Activation/zMailinator/input_LOGIN_search"), "autotester09@mailinator.com"): Text 'autotester09@mailinator.com' is set on object 'Object Repository/00-Signup and Activation/zMailinator/input_LOGIN_search'

2022-11-02 17:29:19 - [MESSAGE][PASSED] - Text 'autotester09@mailinator.com' is set on object 'Object Repository/00-Signup and Activation/zMailinator/input_LOGIN_search'

2022-11-02 17:29:19 - [TEST_STEP][PASSED] - click(findTestObject("00-Signup and Activation/zMailinator/gobutton"), STOP_ON_FAILURE): Object: 'Object Repository/00-Signup and Activation/zMailinator/gobutton' is clicked on

2022-11-02 17:29:20 - [MESSAGE][PASSED] - Object: 'Object Repository/00-Signup and Activation/zMailinator/gobutton' is clicked on

2022-11-02 17:29:20 - [TEST_STEP][PASSED] - delay(3): Delayed 3 second(s)

2022-11-02 17:29:23 - [MESSAGE][PASSED] - Delayed 3 second(s)

2022-11-02 17:29:23 - [TEST_STEP][PASSED] - closeWindowTitle("Everleagues"): Window with title: 'Everleagues' is closed

2022-11-02 17:29:23 - [MESSAGE][PASSED] - Window with title: 'Everleagues' is closed

2022-11-02 17:29:23 - [TEST_STEP][PASSED] - switchToWindowIndex(0): Switched to window with index: '0'

2022-11-02 17:29:23 - [MESSAGE][PASSED] - Switched to window with index: '0'

2022-11-02 17:29:23 - [TEST_STEP][PASSED] - click(findTestObject("09-Settings/Users/Co worker/td_Invitation from GG Automation")): Object: 'Object Repository/09-Settings/Users/Co worker/td_Invitation from GG Automation' is clicked on

2022-11-02 17:29:24 - [MESSAGE][PASSED] - Object: 'Object Repository/09-Settings/Users/Co worker/td_Invitation from GG Automation' is clicked on

2022-11-02 17:29:24 - [TEST_STEP][PASSED] - click(findTestObject("09-Settings/Users/Co worker/a_Click here to join GG Automation on EverLeagues")): Object: 'Object Repository/09-Settings/Users/Co worker/a_Click here to join GG Automation on EverLeagues' is clicked on

2022-11-02 17:29:25 - [MESSAGE][PASSED] - Object: 'Object Repository/09-Settings/Users/Co worker/a_Click here to join GG Automation on EverLeagues' is clicked on

2022-11-02 17:29:25 - [TEST_STEP][PASSED] - closeWindowTitle("Mailinator"): Window with title: 'Mailinator' is closed

2022-11-02 17:29:25 - [MESSAGE][PASSED] - Window with title: 'Mailinator' is closed

2022-11-02 17:29:25 - [TEST_STEP][PASSED] - switchToWindowIndex(0): Switched to window with index: '0'

2022-11-02 17:29:25 - [MESSAGE][PASSED] - Switched to window with index: '0'

2022-11-02 17:29:25 - [TEST_STEP][PASSED] - verifyElementVisible(findTestObject("09-Settings/Users/Client/Invite modal")): Object 'Object Repository/09-Settings/Users/Client/Invite modal' is visible

2022-11-02 17:29:31 - [MESSAGE][PASSED] - Object 'Object Repository/09-Settings/Users/Client/Invite modal' is visible

2022-11-02 17:29:31 - [TEST_STEP][PASSED] - setText(findTestObject("09-Settings/Users/Client/Company field"), "QA Company"): Text 'QA Company' is set on object 'Object Repository/09-Settings/Users/Client/Company field'

2022-11-02 17:29:31 - [MESSAGE][PASSED] - Text 'QA Company' is set on object 'Object Repository/09-Settings/Users/Client/Company field'

2022-11-02 17:29:31 - [TEST_STEP][PASSED] - click(findTestObject("09-Settings/Users/Client/button_Accept")): Object: 'Object Repository/09-Settings/Users/Client/button_Accept' is clicked on

2022-11-02 17:29:32 - [MESSAGE][PASSED] - Object: 'Object Repository/09-Settings/Users/Client/button_Accept' is clicked on

2022-11-02 17:29:32 - [TEST_STEP][PASSED] - delay(10): Delayed 10 second(s)

2022-11-02 17:29:42 - [MESSAGE][PASSED] - Delayed 10 second(s)

2022-11-02 17:29:42 - [TEST_STEP][PASSED] - verifyElementVisible(findTestObject("09-Settings/Users/Client/div_Joined as CLIENT")): Object 'Object Repository/09-Settings/Users/Client/div_Joined as CLIENT' is visible

2022-11-02 17:29:42 - [MESSAGE][PASSED] - Object 'Object Repository/09-Settings/Users/Client/div_Joined as CLIENT' is visible

2022-11-02 17:29:42 - [TEST_STEP][PASSED] - delay(3): Delayed 3 second(s)

2022-11-02 17:29:45 - [MESSAGE][PASSED] - Delayed 3 second(s)

2022-11-02 17:29:45 - [TEST_STEP][PASSED] - closeBrowser(): Browser is closed

2022-11-02 17:29:46 - [MESSAGE][PASSED] - Browser is closed]]></system-out>
         <system-err><![CDATA[]]></system-err>
      </testcase>
      <testcase name="Test Cases/09-Settings/04 - Users (Invite new user as partner)" time="197.71" classname="Test Cases/09-Settings/04 - Users (Invite new user as partner)" status="PASSED">
         <system-out><![CDATA[2022-11-02 17:29:46 - [TEST_CASE][PASSED] - Test Cases/09-Settings/04 - Users (Invite new user as partner): Test Cases/09-Settings/04 - Users (Invite new user as partner)

2022-11-02 17:29:46 - [TEST_STEP][PASSED] - openBrowser(""): Browser is opened with url: ''

2022-11-02 17:29:46 - [MESSAGE][INFO] - Starting 'Chrome' driver

2022-11-02 17:29:46 - [MESSAGE][INFO] - Action delay is set to 0 milliseconds

2022-11-02 17:29:47 - [MESSAGE][PASSED] - Browser is opened with url: ''

2022-11-02 17:29:47 - [TEST_STEP][PASSED] - navigateToUrl("https://lab.everleagues.com/"): Navigate to 'https://lab.everleagues.com/' successfully

2022-11-02 17:30:06 - [MESSAGE][PASSED] - Navigate to 'https://lab.everleagues.com/' successfully

2022-11-02 17:30:06 - [TEST_STEP][PASSED] - maximizeWindow(): Current window maximized

2022-11-02 17:30:06 - [MESSAGE][PASSED] - Current window maximized

2022-11-02 17:30:06 - [TEST_STEP][PASSED] - setText(findTestObject("02-Side Icons(Organization)/Add Contact/Email Field"), "testuser02@mailinator.com"): Text 'testuser02@mailinator.com' is set on object 'Object Repository/02-Side Icons(Organization)/Add Contact/Email Field'

2022-11-02 17:30:07 - [MESSAGE][PASSED] - Text 'testuser02@mailinator.com' is set on object 'Object Repository/02-Side Icons(Organization)/Add Contact/Email Field'

2022-11-02 17:30:07 - [TEST_STEP][PASSED] - setEncryptedText(findTestObject("02-Side Icons(Organization)/Add Contact/Password Field"), "8yFRyszE6U6jvsCn51OQbg=="): Text ****** has been set on object 'Object Repository/02-Side Icons(Organization)/Add Contact/Password Field'

2022-11-02 17:30:07 - [MESSAGE][PASSED] - Text ****** has been set on object 'Object Repository/02-Side Icons(Organization)/Add Contact/Password Field'

2022-11-02 17:30:07 - [TEST_STEP][PASSED] - click(findTestObject("02-Side Icons(Organization)/Add Contact/button_Sign in")): Object: 'Object Repository/02-Side Icons(Organization)/Add Contact/button_Sign in' is clicked on

2022-11-02 17:30:08 - [MESSAGE][PASSED] - Object: 'Object Repository/02-Side Icons(Organization)/Add Contact/button_Sign in' is clicked on

2022-11-02 17:30:08 - [TEST_STEP][PASSED] - delay(2): Delayed 2 second(s)

2022-11-02 17:30:10 - [MESSAGE][PASSED] - Delayed 2 second(s)

2022-11-02 17:30:10 - [TEST_STEP][PASSED] - click(findTestObject("06-Teams/For 2FA/button_Confirm_2FA")): Object: 'Object Repository/06-Teams/For 2FA/button_Confirm_2FA' is clicked on

2022-11-02 17:30:10 - [MESSAGE][PASSED] - Object: 'Object Repository/06-Teams/For 2FA/button_Confirm_2FA' is clicked on

2022-11-02 17:30:10 - [TEST_STEP][PASSED] - executeJavaScript("window.open();", []): Execute JavaScript 'window.open();' successfully

2022-11-02 17:30:10 - [MESSAGE][PASSED] - Execute JavaScript 'window.open();' successfully

2022-11-02 17:30:10 - [TEST_STEP][PASSED] - currentWindow = getWindowIndex(): Current window's index is: 0

2022-11-02 17:30:10 - [MESSAGE][PASSED] - Current window's index is: 0

2022-11-02 17:30:10 - [TEST_STEP][PASSED] - delay(3): Delayed 3 second(s)

2022-11-02 17:30:13 - [MESSAGE][PASSED] - Delayed 3 second(s)

2022-11-02 17:30:13 - [TEST_STEP][PASSED] - switchToWindowIndex(currentWindow + 1): Switched to window with index: '1'

2022-11-02 17:30:13 - [MESSAGE][PASSED] - Switched to window with index: '1'

2022-11-02 17:30:13 - [TEST_STEP][PASSED] - navigateToUrl("https://www.mailinator.com/"): Navigate to 'https://www.mailinator.com/' successfully

2022-11-02 17:30:15 - [MESSAGE][PASSED] - Navigate to 'https://www.mailinator.com/' successfully

2022-11-02 17:30:15 - [TEST_STEP][PASSED] - delay(3): Delayed 3 second(s)

2022-11-02 17:30:18 - [MESSAGE][PASSED] - Delayed 3 second(s)

2022-11-02 17:30:18 - [TEST_STEP][PASSED] - setText(findTestObject("00-Signup and Activation/zMailinator/input_LOGIN_search"), "testuser02@mailinator.com"): Text 'testuser02@mailinator.com' is set on object 'Object Repository/00-Signup and Activation/zMailinator/input_LOGIN_search'

2022-11-02 17:30:19 - [MESSAGE][PASSED] - Text 'testuser02@mailinator.com' is set on object 'Object Repository/00-Signup and Activation/zMailinator/input_LOGIN_search'

2022-11-02 17:30:19 - [TEST_STEP][PASSED] - click(findTestObject("00-Signup and Activation/zMailinator/gobutton"), STOP_ON_FAILURE): Object: 'Object Repository/00-Signup and Activation/zMailinator/gobutton' is clicked on

2022-11-02 17:30:21 - [MESSAGE][PASSED] - Object: 'Object Repository/00-Signup and Activation/zMailinator/gobutton' is clicked on

2022-11-02 17:30:21 - [TEST_STEP][PASSED] - delay(3): Delayed 3 second(s)

2022-11-02 17:30:24 - [MESSAGE][PASSED] - Delayed 3 second(s)

2022-11-02 17:30:24 - [TEST_STEP][PASSED] - click(findTestObject("00-Signup and Activation/zMailinator/Email - everleagues")): Object: 'Object Repository/00-Signup and Activation/zMailinator/Email - everleagues' is clicked on

2022-11-02 17:30:24 - [MESSAGE][PASSED] - Object: 'Object Repository/00-Signup and Activation/zMailinator/Email - everleagues' is clicked on

2022-11-02 17:30:24 - [TEST_STEP][PASSED] - delay(3): Delayed 3 second(s)

2022-11-02 17:30:27 - [MESSAGE][PASSED] - Delayed 3 second(s)

2022-11-02 17:30:27 - [TEST_STEP][PASSED] - code = getText(findTestObject("Object Repository/06-Teams/For 2FA/2FA code")): Text of object 'Object Repository/06-Teams/For 2FA/2FA code' is: '311616'

2022-11-02 17:30:28 - [MESSAGE][PASSED] - Text of object 'Object Repository/06-Teams/For 2FA/2FA code' is: '311616'

2022-11-02 17:30:28 - [TEST_STEP][PASSED] - delay(3): Delayed 3 second(s)

2022-11-02 17:30:31 - [MESSAGE][PASSED] - Delayed 3 second(s)

2022-11-02 17:30:31 - [TEST_STEP][PASSED] - closeWindowTitle("Mailinator"): Window with title: 'Mailinator' is closed

2022-11-02 17:30:31 - [MESSAGE][PASSED] - Window with title: 'Mailinator' is closed

2022-11-02 17:30:31 - [TEST_STEP][PASSED] - delay(3): Delayed 3 second(s)

2022-11-02 17:30:34 - [MESSAGE][PASSED] - Delayed 3 second(s)

2022-11-02 17:30:34 - [TEST_STEP][PASSED] - switchToWindowIndex(0): Switched to window with index: '0'

2022-11-02 17:30:34 - [MESSAGE][PASSED] - Switched to window with index: '0'

2022-11-02 17:30:34 - [TEST_STEP][PASSED] - delay(3): Delayed 3 second(s)

2022-11-02 17:30:37 - [MESSAGE][PASSED] - Delayed 3 second(s)

2022-11-02 17:30:37 - [TEST_STEP][PASSED] - setText(findTestObject("Object Repository/06-Teams/For 2FA/input_Enter verification code_code"), code): Text '311616' is set on object 'Object Repository/06-Teams/For 2FA/input_Enter verification code_code'

2022-11-02 17:30:38 - [MESSAGE][PASSED] - Text '311616' is set on object 'Object Repository/06-Teams/For 2FA/input_Enter verification code_code'

2022-11-02 17:30:38 - [TEST_STEP][PASSED] - delay(3): Delayed 3 second(s)

2022-11-02 17:30:41 - [MESSAGE][PASSED] - Delayed 3 second(s)

2022-11-02 17:30:41 - [TEST_STEP][PASSED] - click(findTestObject("06-Teams/For 2FA/button_Verify_2FA")): Object: 'Object Repository/06-Teams/For 2FA/button_Verify_2FA' is clicked on

2022-11-02 17:30:42 - [MESSAGE][PASSED] - Object: 'Object Repository/06-Teams/For 2FA/button_Verify_2FA' is clicked on

2022-11-02 17:30:42 - [TEST_STEP][PASSED] - delay(5): Delayed 5 second(s)

2022-11-02 17:30:47 - [MESSAGE][PASSED] - Delayed 5 second(s)

2022-11-02 17:30:47 - [TEST_STEP][PASSED] - click(findTestObject("06-Teams/button_doublearrow")): Object: 'Object Repository/06-Teams/button_doublearrow' is clicked on

2022-11-02 17:30:47 - [MESSAGE][PASSED] - Object: 'Object Repository/06-Teams/button_doublearrow' is clicked on

2022-11-02 17:30:47 - [TEST_STEP][PASSED] - click(findTestObject("06-Teams/button_My Organizations")): Object: 'Object Repository/06-Teams/button_My Organizations' is clicked on

2022-11-02 17:30:47 - [MESSAGE][PASSED] - Object: 'Object Repository/06-Teams/button_My Organizations' is clicked on

2022-11-02 17:30:47 - [TEST_STEP][PASSED] - click(findTestObject("06-Teams/button_GG Automation")): Object: 'Object Repository/06-Teams/button_GG Automation' is clicked on

2022-11-02 17:30:48 - [MESSAGE][PASSED] - Object: 'Object Repository/06-Teams/button_GG Automation' is clicked on

2022-11-02 17:30:48 - [TEST_STEP][PASSED] - delay(4): Delayed 4 second(s)

2022-11-02 17:30:52 - [MESSAGE][PASSED] - Delayed 4 second(s)

2022-11-02 17:30:52 - [TEST_STEP][PASSED] - verifyElementVisible(findTestObject("06-Teams/span_GG Automation")): Object 'Object Repository/06-Teams/span_GG Automation' is visible

2022-11-02 17:30:53 - [MESSAGE][PASSED] - Object 'Object Repository/06-Teams/span_GG Automation' is visible

2022-11-02 17:30:53 - [TEST_STEP][PASSED] - delay(10): Delayed 10 second(s)

2022-11-02 17:31:03 - [MESSAGE][PASSED] - Delayed 10 second(s)

2022-11-02 17:31:03 - [TEST_STEP][PASSED] - click(findTestObject("03-Header Menu/Hamburger Button/div_Settings")): Object: 'Object Repository/03-Header Menu/Hamburger Button/div_Settings' is clicked on

2022-11-02 17:31:03 - [MESSAGE][PASSED] - Object: 'Object Repository/03-Header Menu/Hamburger Button/div_Settings' is clicked on

2022-11-02 17:31:03 - [TEST_STEP][PASSED] - delay(3): Delayed 3 second(s)

2022-11-02 17:31:06 - [MESSAGE][PASSED] - Delayed 3 second(s)

2022-11-02 17:31:06 - [TEST_STEP][PASSED] - click(findTestObject("09-Settings/Users/div_Users")): Object: 'Object Repository/09-Settings/Users/div_Users' is clicked on

2022-11-02 17:31:07 - [MESSAGE][PASSED] - Object: 'Object Repository/09-Settings/Users/div_Users' is clicked on

2022-11-02 17:31:07 - [TEST_STEP][PASSED] - delay(3): Delayed 3 second(s)

2022-11-02 17:31:10 - [MESSAGE][PASSED] - Delayed 3 second(s)

2022-11-02 17:31:10 - [TEST_STEP][PASSED] - click(findTestObject("09-Settings/Users/button_add")): Object: 'Object Repository/09-Settings/Users/button_add' is clicked on

2022-11-02 17:31:10 - [MESSAGE][PASSED] - Object: 'Object Repository/09-Settings/Users/button_add' is clicked on

2022-11-02 17:31:10 - [TEST_STEP][PASSED] - delay(3): Delayed 3 second(s)

2022-11-02 17:31:13 - [MESSAGE][PASSED] - Delayed 3 second(s)

2022-11-02 17:31:13 - [TEST_STEP][PASSED] - click(findTestObject("09-Settings/Users/add Invite a single user")): Object: 'Object Repository/09-Settings/Users/add Invite a single user' is clicked on

2022-11-02 17:31:13 - [MESSAGE][PASSED] - Object: 'Object Repository/09-Settings/Users/add Invite a single user' is clicked on

2022-11-02 17:31:13 - [TEST_STEP][PASSED] - delay(3): Delayed 3 second(s)

2022-11-02 17:31:17 - [MESSAGE][PASSED] - Delayed 3 second(s)

2022-11-02 17:31:17 - [TEST_STEP][PASSED] - setText(findTestObject("09-Settings/Users/input_email"), "autotester10@mailinator.com"): Text 'autotester10@mailinator.com' is set on object 'Object Repository/09-Settings/Users/input_email'

2022-11-02 17:31:17 - [MESSAGE][PASSED] - Text 'autotester10@mailinator.com' is set on object 'Object Repository/09-Settings/Users/input_email'

2022-11-02 17:31:17 - [TEST_STEP][PASSED] - setText(findTestObject("09-Settings/Users/input_firstName"), "GG"): Text 'GG' is set on object 'Object Repository/09-Settings/Users/input_firstName'

2022-11-02 17:31:18 - [MESSAGE][PASSED] - Text 'GG' is set on object 'Object Repository/09-Settings/Users/input_firstName'

2022-11-02 17:31:18 - [TEST_STEP][PASSED] - setText(findTestObject("09-Settings/Users/input_lastName"), "Partner"): Text 'Partner' is set on object 'Object Repository/09-Settings/Users/input_lastName'

2022-11-02 17:31:19 - [MESSAGE][PASSED] - Text 'Partner' is set on object 'Object Repository/09-Settings/Users/input_lastName'

2022-11-02 17:31:19 - [TEST_STEP][PASSED] - click(findTestObject("09-Settings/Users/span_Role")): Object: 'Object Repository/09-Settings/Users/span_Role' is clicked on

2022-11-02 17:31:19 - [MESSAGE][PASSED] - Object: 'Object Repository/09-Settings/Users/span_Role' is clicked on

2022-11-02 17:31:19 - [TEST_STEP][PASSED] - click(findTestObject("09-Settings/Users/span_Partner")): Object: 'Object Repository/09-Settings/Users/span_Partner' is clicked on

2022-11-02 17:31:20 - [MESSAGE][PASSED] - Object: 'Object Repository/09-Settings/Users/span_Partner' is clicked on

2022-11-02 17:31:20 - [TEST_STEP][PASSED] - click(findTestObject("09-Settings/Users/button_Send Invitation")): Object: 'Object Repository/09-Settings/Users/button_Send Invitation' is clicked on

2022-11-02 17:31:21 - [MESSAGE][PASSED] - Object: 'Object Repository/09-Settings/Users/button_Send Invitation' is clicked on

2022-11-02 17:31:21 - [TEST_STEP][PASSED] - delay(2): Delayed 2 second(s)

2022-11-02 17:31:23 - [MESSAGE][PASSED] - Delayed 2 second(s)

2022-11-02 17:31:23 - [TEST_STEP][PASSED] - verifyElementVisible(findTestObject("07-Directory/Connections/zContact Profile/Successfully invited user")): Object 'Object Repository/07-Directory/Connections/zContact Profile/Successfully invited user' is visible

2022-11-02 17:31:24 - [MESSAGE][PASSED] - Object 'Object Repository/07-Directory/Connections/zContact Profile/Successfully invited user' is visible

2022-11-02 17:31:24 - [TEST_STEP][PASSED] - delay(2): Delayed 2 second(s)

2022-11-02 17:31:26 - [MESSAGE][PASSED] - Delayed 2 second(s)

2022-11-02 17:31:26 - [TEST_STEP][PASSED] - click(findTestObject("01-Login and Forgot Password/User menu drop")): Object: 'Object Repository/01-Login and Forgot Password/User menu drop' is clicked on

2022-11-02 17:31:26 - [MESSAGE][PASSED] - Object: 'Object Repository/01-Login and Forgot Password/User menu drop' is clicked on

2022-11-02 17:31:26 - [TEST_STEP][PASSED] - delay(2): Delayed 2 second(s)

2022-11-02 17:31:28 - [MESSAGE][PASSED] - Delayed 2 second(s)

2022-11-02 17:31:28 - [TEST_STEP][PASSED] - click(findTestObject("01-Login and Forgot Password/h4_Sign Out"), STOP_ON_FAILURE): Object: 'Object Repository/01-Login and Forgot Password/h4_Sign Out' is clicked on

2022-11-02 17:31:29 - [MESSAGE][PASSED] - Object: 'Object Repository/01-Login and Forgot Password/h4_Sign Out' is clicked on

2022-11-02 17:31:29 - [TEST_STEP][PASSED] - delay(2): Delayed 2 second(s)

2022-11-02 17:31:31 - [MESSAGE][PASSED] - Delayed 2 second(s)

2022-11-02 17:31:31 - [TEST_STEP][PASSED] - verifyElementPresent(findTestObject("01-Login and Forgot Password/Login_Card"), 0): Object 'Object Repository/01-Login and Forgot Password/Login_Card' is present

2022-11-02 17:31:31 - [MESSAGE][WARNING] - Timeout '0' is invalid. Using default page load timeout: '30'

2022-11-02 17:31:31 - [MESSAGE][PASSED] - Object 'Object Repository/01-Login and Forgot Password/Login_Card' is present

2022-11-02 17:31:31 - [TEST_STEP][PASSED] - delay(3): Delayed 3 second(s)

2022-11-02 17:31:34 - [MESSAGE][PASSED] - Delayed 3 second(s)

2022-11-02 17:31:34 - [TEST_STEP][PASSED] - closeBrowser(): Browser is closed

2022-11-02 17:31:35 - [MESSAGE][PASSED] - Browser is closed

2022-11-02 17:31:35 - [TEST_STEP][PASSED] - openBrowser(""): Browser is opened with url: ''

2022-11-02 17:31:35 - [MESSAGE][INFO] - Starting 'Chrome' driver

2022-11-02 17:31:35 - [MESSAGE][INFO] - Action delay is set to 0 milliseconds

2022-11-02 17:31:36 - [MESSAGE][PASSED] - Browser is opened with url: ''

2022-11-02 17:31:36 - [TEST_STEP][PASSED] - navigateToUrl("https://lab.everleagues.com/"): Navigate to 'https://lab.everleagues.com/' successfully

2022-11-02 17:31:49 - [MESSAGE][PASSED] - Navigate to 'https://lab.everleagues.com/' successfully

2022-11-02 17:31:49 - [TEST_STEP][PASSED] - maximizeWindow(): Current window maximized

2022-11-02 17:31:49 - [MESSAGE][PASSED] - Current window maximized

2022-11-02 17:31:49 - [TEST_STEP][PASSED] - setText(findTestObject("02-Side Icons(Organization)/Add Contact/Email Field"), "autotester10@mailinator.com"): Text 'autotester10@mailinator.com' is set on object 'Object Repository/02-Side Icons(Organization)/Add Contact/Email Field'

2022-11-02 17:31:50 - [MESSAGE][PASSED] - Text 'autotester10@mailinator.com' is set on object 'Object Repository/02-Side Icons(Organization)/Add Contact/Email Field'

2022-11-02 17:31:50 - [TEST_STEP][PASSED] - setEncryptedText(findTestObject("02-Side Icons(Organization)/Add Contact/Password Field"), "8yFRyszE6U6jvsCn51OQbg=="): Text ****** has been set on object 'Object Repository/02-Side Icons(Organization)/Add Contact/Password Field'

2022-11-02 17:31:50 - [MESSAGE][PASSED] - Text ****** has been set on object 'Object Repository/02-Side Icons(Organization)/Add Contact/Password Field'

2022-11-02 17:31:50 - [TEST_STEP][PASSED] - click(findTestObject("02-Side Icons(Organization)/Add Contact/button_Sign in")): Object: 'Object Repository/02-Side Icons(Organization)/Add Contact/button_Sign in' is clicked on

2022-11-02 17:31:51 - [MESSAGE][PASSED] - Object: 'Object Repository/02-Side Icons(Organization)/Add Contact/button_Sign in' is clicked on

2022-11-02 17:31:51 - [TEST_STEP][PASSED] - delay(2): Delayed 2 second(s)

2022-11-02 17:31:53 - [MESSAGE][PASSED] - Delayed 2 second(s)

2022-11-02 17:31:53 - [TEST_STEP][PASSED] - click(findTestObject("06-Teams/For 2FA/button_Confirm_2FA")): Object: 'Object Repository/06-Teams/For 2FA/button_Confirm_2FA' is clicked on

2022-11-02 17:31:53 - [MESSAGE][PASSED] - Object: 'Object Repository/06-Teams/For 2FA/button_Confirm_2FA' is clicked on

2022-11-02 17:31:53 - [TEST_STEP][PASSED] - executeJavaScript("window.open();", []): Execute JavaScript 'window.open();' successfully

2022-11-02 17:31:53 - [MESSAGE][PASSED] - Execute JavaScript 'window.open();' successfully

2022-11-02 17:31:53 - [TEST_STEP][PASSED] - currentWindow = getWindowIndex(): Current window's index is: 0

2022-11-02 17:31:53 - [MESSAGE][PASSED] - Current window's index is: 0

2022-11-02 17:31:53 - [TEST_STEP][PASSED] - delay(3): Delayed 3 second(s)

2022-11-02 17:31:56 - [MESSAGE][PASSED] - Delayed 3 second(s)

2022-11-02 17:31:56 - [TEST_STEP][PASSED] - switchToWindowIndex(currentWindow + 1): Switched to window with index: '1'

2022-11-02 17:31:56 - [MESSAGE][PASSED] - Switched to window with index: '1'

2022-11-02 17:31:56 - [TEST_STEP][PASSED] - navigateToUrl("https://www.mailinator.com/"): Navigate to 'https://www.mailinator.com/' successfully

2022-11-02 17:31:58 - [MESSAGE][PASSED] - Navigate to 'https://www.mailinator.com/' successfully

2022-11-02 17:31:58 - [TEST_STEP][PASSED] - delay(3): Delayed 3 second(s)

2022-11-02 17:32:01 - [MESSAGE][PASSED] - Delayed 3 second(s)

2022-11-02 17:32:01 - [TEST_STEP][PASSED] - setText(findTestObject("00-Signup and Activation/zMailinator/input_LOGIN_search"), "autotester10@mailinator.com"): Text 'autotester10@mailinator.com' is set on object 'Object Repository/00-Signup and Activation/zMailinator/input_LOGIN_search'

2022-11-02 17:32:02 - [MESSAGE][PASSED] - Text 'autotester10@mailinator.com' is set on object 'Object Repository/00-Signup and Activation/zMailinator/input_LOGIN_search'

2022-11-02 17:32:02 - [TEST_STEP][PASSED] - click(findTestObject("00-Signup and Activation/zMailinator/gobutton"), STOP_ON_FAILURE): Object: 'Object Repository/00-Signup and Activation/zMailinator/gobutton' is clicked on

2022-11-02 17:32:04 - [MESSAGE][PASSED] - Object: 'Object Repository/00-Signup and Activation/zMailinator/gobutton' is clicked on

2022-11-02 17:32:04 - [TEST_STEP][PASSED] - delay(3): Delayed 3 second(s)

2022-11-02 17:32:07 - [MESSAGE][PASSED] - Delayed 3 second(s)

2022-11-02 17:32:07 - [TEST_STEP][PASSED] - click(findTestObject("00-Signup and Activation/zMailinator/Email - everleagues")): Object: 'Object Repository/00-Signup and Activation/zMailinator/Email - everleagues' is clicked on

2022-11-02 17:32:07 - [MESSAGE][PASSED] - Object: 'Object Repository/00-Signup and Activation/zMailinator/Email - everleagues' is clicked on

2022-11-02 17:32:07 - [TEST_STEP][PASSED] - delay(3): Delayed 3 second(s)

2022-11-02 17:32:10 - [MESSAGE][PASSED] - Delayed 3 second(s)

2022-11-02 17:32:10 - [TEST_STEP][PASSED] - codetwo = getText(findTestObject("Object Repository/06-Teams/For 2FA/2FA code")): Text of object 'Object Repository/06-Teams/For 2FA/2FA code' is: '776510'

2022-11-02 17:32:10 - [MESSAGE][PASSED] - Text of object 'Object Repository/06-Teams/For 2FA/2FA code' is: '776510'

2022-11-02 17:32:10 - [TEST_STEP][PASSED] - delay(3): Delayed 3 second(s)

2022-11-02 17:32:13 - [MESSAGE][PASSED] - Delayed 3 second(s)

2022-11-02 17:32:13 - [TEST_STEP][PASSED] - closeWindowTitle("Mailinator"): Window with title: 'Mailinator' is closed

2022-11-02 17:32:14 - [MESSAGE][PASSED] - Window with title: 'Mailinator' is closed

2022-11-02 17:32:14 - [TEST_STEP][PASSED] - delay(3): Delayed 3 second(s)

2022-11-02 17:32:17 - [MESSAGE][PASSED] - Delayed 3 second(s)

2022-11-02 17:32:17 - [TEST_STEP][PASSED] - switchToWindowIndex(0): Switched to window with index: '0'

2022-11-02 17:32:17 - [MESSAGE][PASSED] - Switched to window with index: '0'

2022-11-02 17:32:17 - [TEST_STEP][PASSED] - delay(3): Delayed 3 second(s)

2022-11-02 17:32:20 - [MESSAGE][PASSED] - Delayed 3 second(s)

2022-11-02 17:32:20 - [TEST_STEP][PASSED] - setText(findTestObject("Object Repository/06-Teams/For 2FA/input_Enter verification code_code"), codetwo): Text '776510' is set on object 'Object Repository/06-Teams/For 2FA/input_Enter verification code_code'

2022-11-02 17:32:21 - [MESSAGE][PASSED] - Text '776510' is set on object 'Object Repository/06-Teams/For 2FA/input_Enter verification code_code'

2022-11-02 17:32:21 - [TEST_STEP][PASSED] - delay(3): Delayed 3 second(s)

2022-11-02 17:32:24 - [MESSAGE][PASSED] - Delayed 3 second(s)

2022-11-02 17:32:24 - [TEST_STEP][PASSED] - click(findTestObject("06-Teams/For 2FA/button_Verify_2FA")): Object: 'Object Repository/06-Teams/For 2FA/button_Verify_2FA' is clicked on

2022-11-02 17:32:24 - [MESSAGE][PASSED] - Object: 'Object Repository/06-Teams/For 2FA/button_Verify_2FA' is clicked on

2022-11-02 17:32:24 - [TEST_STEP][PASSED] - delay(5): Delayed 5 second(s)

2022-11-02 17:32:29 - [MESSAGE][PASSED] - Delayed 5 second(s)

2022-11-02 17:32:29 - [TEST_STEP][PASSED] - executeJavaScript("window.open();", []): Execute JavaScript 'window.open();' successfully

2022-11-02 17:32:29 - [MESSAGE][PASSED] - Execute JavaScript 'window.open();' successfully

2022-11-02 17:32:29 - [TEST_STEP][PASSED] - currentWindow = getWindowIndex(): Current window's index is: 0

2022-11-02 17:32:29 - [MESSAGE][PASSED] - Current window's index is: 0

2022-11-02 17:32:29 - [TEST_STEP][PASSED] - delay(3): Delayed 3 second(s)

2022-11-02 17:32:32 - [MESSAGE][PASSED] - Delayed 3 second(s)

2022-11-02 17:32:32 - [TEST_STEP][PASSED] - switchToWindowIndex(currentWindow + 1): Switched to window with index: '1'

2022-11-02 17:32:32 - [MESSAGE][PASSED] - Switched to window with index: '1'

2022-11-02 17:32:32 - [TEST_STEP][PASSED] - navigateToUrl("https://www.mailinator.com/"): Navigate to 'https://www.mailinator.com/' successfully

2022-11-02 17:32:33 - [MESSAGE][PASSED] - Navigate to 'https://www.mailinator.com/' successfully

2022-11-02 17:32:33 - [TEST_STEP][PASSED] - delay(3): Delayed 3 second(s)

2022-11-02 17:32:36 - [MESSAGE][PASSED] - Delayed 3 second(s)

2022-11-02 17:32:36 - [TEST_STEP][PASSED] - setText(findTestObject("00-Signup and Activation/zMailinator/input_LOGIN_search"), "autotester10@mailinator.com"): Text 'autotester10@mailinator.com' is set on object 'Object Repository/00-Signup and Activation/zMailinator/input_LOGIN_search'

2022-11-02 17:32:37 - [MESSAGE][PASSED] - Text 'autotester10@mailinator.com' is set on object 'Object Repository/00-Signup and Activation/zMailinator/input_LOGIN_search'

2022-11-02 17:32:37 - [TEST_STEP][PASSED] - click(findTestObject("00-Signup and Activation/zMailinator/gobutton"), STOP_ON_FAILURE): Object: 'Object Repository/00-Signup and Activation/zMailinator/gobutton' is clicked on

2022-11-02 17:32:38 - [MESSAGE][PASSED] - Object: 'Object Repository/00-Signup and Activation/zMailinator/gobutton' is clicked on

2022-11-02 17:32:38 - [TEST_STEP][PASSED] - delay(3): Delayed 3 second(s)

2022-11-02 17:32:41 - [MESSAGE][PASSED] - Delayed 3 second(s)

2022-11-02 17:32:41 - [TEST_STEP][PASSED] - closeWindowTitle("Everleagues"): Window with title: 'Everleagues' is closed

2022-11-02 17:32:41 - [MESSAGE][PASSED] - Window with title: 'Everleagues' is closed

2022-11-02 17:32:41 - [TEST_STEP][PASSED] - switchToWindowIndex(0): Switched to window with index: '0'

2022-11-02 17:32:41 - [MESSAGE][PASSED] - Switched to window with index: '0'

2022-11-02 17:32:41 - [TEST_STEP][PASSED] - click(findTestObject("09-Settings/Users/Co worker/td_Invitation from GG Automation")): Object: 'Object Repository/09-Settings/Users/Co worker/td_Invitation from GG Automation' is clicked on

2022-11-02 17:32:41 - [MESSAGE][PASSED] - Object: 'Object Repository/09-Settings/Users/Co worker/td_Invitation from GG Automation' is clicked on

2022-11-02 17:32:41 - [TEST_STEP][PASSED] - click(findTestObject("09-Settings/Users/Co worker/a_Click here to join GG Automation on EverLeagues")): Object: 'Object Repository/09-Settings/Users/Co worker/a_Click here to join GG Automation on EverLeagues' is clicked on

2022-11-02 17:32:42 - [MESSAGE][PASSED] - Object: 'Object Repository/09-Settings/Users/Co worker/a_Click here to join GG Automation on EverLeagues' is clicked on

2022-11-02 17:32:42 - [TEST_STEP][PASSED] - closeWindowTitle("Mailinator"): Window with title: 'Mailinator' is closed

2022-11-02 17:32:42 - [MESSAGE][PASSED] - Window with title: 'Mailinator' is closed

2022-11-02 17:32:42 - [TEST_STEP][PASSED] - switchToWindowIndex(0): Switched to window with index: '0'

2022-11-02 17:32:43 - [MESSAGE][PASSED] - Switched to window with index: '0'

2022-11-02 17:32:43 - [TEST_STEP][PASSED] - verifyElementVisible(findTestObject("09-Settings/Users/Client/Invite modal")): Object 'Object Repository/09-Settings/Users/Client/Invite modal' is visible

2022-11-02 17:32:48 - [MESSAGE][PASSED] - Object 'Object Repository/09-Settings/Users/Client/Invite modal' is visible

2022-11-02 17:32:48 - [TEST_STEP][PASSED] - setText(findTestObject("09-Settings/Users/Client/Company field"), "QA Company"): Text 'QA Company' is set on object 'Object Repository/09-Settings/Users/Client/Company field'

2022-11-02 17:32:49 - [MESSAGE][PASSED] - Text 'QA Company' is set on object 'Object Repository/09-Settings/Users/Client/Company field'

2022-11-02 17:32:49 - [TEST_STEP][PASSED] - click(findTestObject("09-Settings/Users/Client/button_Accept")): Object: 'Object Repository/09-Settings/Users/Client/button_Accept' is clicked on

2022-11-02 17:32:49 - [MESSAGE][PASSED] - Object: 'Object Repository/09-Settings/Users/Client/button_Accept' is clicked on

2022-11-02 17:32:49 - [TEST_STEP][PASSED] - delay(10): Delayed 10 second(s)

2022-11-02 17:32:59 - [MESSAGE][PASSED] - Delayed 10 second(s)

2022-11-02 17:32:59 - [TEST_STEP][PASSED] - verifyElementVisible(findTestObject("09-Settings/Users/div_Joined as Partner")): Object 'Object Repository/09-Settings/Users/div_Joined as Partner' is visible

2022-11-02 17:33:00 - [MESSAGE][PASSED] - Object 'Object Repository/09-Settings/Users/div_Joined as Partner' is visible

2022-11-02 17:33:00 - [TEST_STEP][PASSED] - delay(3): Delayed 3 second(s)

2022-11-02 17:33:03 - [MESSAGE][PASSED] - Delayed 3 second(s)

2022-11-02 17:33:03 - [TEST_STEP][PASSED] - closeBrowser(): Browser is closed

2022-11-02 17:33:04 - [MESSAGE][PASSED] - Browser is closed]]></system-out>
         <system-err><![CDATA[]]></system-err>
      </testcase>
      <testcase name="Test Cases/09-Settings/05 - Users (Invite batch of users via CSV file)" time="115.866" classname="Test Cases/09-Settings/05 - Users (Invite batch of users via CSV file)" status="PASSED">
         <system-out><![CDATA[2022-11-02 17:33:04 - [TEST_CASE][PASSED] - Test Cases/09-Settings/05 - Users (Invite batch of users via CSV file): Test Cases/09-Settings/05 - Users (Invite batch of users via CSV file)

2022-11-02 17:33:04 - [TEST_STEP][PASSED] - openBrowser(""): Browser is opened with url: ''

2022-11-02 17:33:04 - [MESSAGE][INFO] - Starting 'Chrome' driver

2022-11-02 17:33:04 - [MESSAGE][INFO] - Action delay is set to 0 milliseconds

2022-11-02 17:33:05 - [MESSAGE][PASSED] - Browser is opened with url: ''

2022-11-02 17:33:05 - [TEST_STEP][PASSED] - navigateToUrl("https://lab.everleagues.com/"): Navigate to 'https://lab.everleagues.com/' successfully

2022-11-02 17:33:21 - [MESSAGE][PASSED] - Navigate to 'https://lab.everleagues.com/' successfully

2022-11-02 17:33:21 - [TEST_STEP][PASSED] - maximizeWindow(): Current window maximized

2022-11-02 17:33:21 - [MESSAGE][PASSED] - Current window maximized

2022-11-02 17:33:21 - [TEST_STEP][PASSED] - setText(findTestObject("02-Side Icons(Organization)/Add Contact/Email Field"), "testuser02@mailinator.com"): Text 'testuser02@mailinator.com' is set on object 'Object Repository/02-Side Icons(Organization)/Add Contact/Email Field'

2022-11-02 17:33:22 - [MESSAGE][PASSED] - Text 'testuser02@mailinator.com' is set on object 'Object Repository/02-Side Icons(Organization)/Add Contact/Email Field'

2022-11-02 17:33:22 - [TEST_STEP][PASSED] - setEncryptedText(findTestObject("02-Side Icons(Organization)/Add Contact/Password Field"), "8yFRyszE6U6jvsCn51OQbg=="): Text ****** has been set on object 'Object Repository/02-Side Icons(Organization)/Add Contact/Password Field'

2022-11-02 17:33:22 - [MESSAGE][PASSED] - Text ****** has been set on object 'Object Repository/02-Side Icons(Organization)/Add Contact/Password Field'

2022-11-02 17:33:22 - [TEST_STEP][PASSED] - click(findTestObject("02-Side Icons(Organization)/Add Contact/button_Sign in")): Object: 'Object Repository/02-Side Icons(Organization)/Add Contact/button_Sign in' is clicked on

2022-11-02 17:33:23 - [MESSAGE][PASSED] - Object: 'Object Repository/02-Side Icons(Organization)/Add Contact/button_Sign in' is clicked on

2022-11-02 17:33:23 - [TEST_STEP][PASSED] - delay(2): Delayed 2 second(s)

2022-11-02 17:33:25 - [MESSAGE][PASSED] - Delayed 2 second(s)

2022-11-02 17:33:25 - [TEST_STEP][PASSED] - click(findTestObject("06-Teams/For 2FA/button_Confirm_2FA")): Object: 'Object Repository/06-Teams/For 2FA/button_Confirm_2FA' is clicked on

2022-11-02 17:33:25 - [MESSAGE][PASSED] - Object: 'Object Repository/06-Teams/For 2FA/button_Confirm_2FA' is clicked on

2022-11-02 17:33:25 - [TEST_STEP][PASSED] - executeJavaScript("window.open();", []): Execute JavaScript 'window.open();' successfully

2022-11-02 17:33:26 - [MESSAGE][PASSED] - Execute JavaScript 'window.open();' successfully

2022-11-02 17:33:26 - [TEST_STEP][PASSED] - currentWindow = getWindowIndex(): Current window's index is: 0

2022-11-02 17:33:26 - [MESSAGE][PASSED] - Current window's index is: 0

2022-11-02 17:33:26 - [TEST_STEP][PASSED] - delay(3): Delayed 3 second(s)

2022-11-02 17:33:29 - [MESSAGE][PASSED] - Delayed 3 second(s)

2022-11-02 17:33:29 - [TEST_STEP][PASSED] - switchToWindowIndex(currentWindow + 1): Switched to window with index: '1'

2022-11-02 17:33:29 - [MESSAGE][PASSED] - Switched to window with index: '1'

2022-11-02 17:33:29 - [TEST_STEP][PASSED] - navigateToUrl("https://www.mailinator.com/"): Navigate to 'https://www.mailinator.com/' successfully

2022-11-02 17:33:31 - [MESSAGE][PASSED] - Navigate to 'https://www.mailinator.com/' successfully

2022-11-02 17:33:31 - [TEST_STEP][PASSED] - delay(3): Delayed 3 second(s)

2022-11-02 17:33:34 - [MESSAGE][PASSED] - Delayed 3 second(s)

2022-11-02 17:33:34 - [TEST_STEP][PASSED] - setText(findTestObject("00-Signup and Activation/zMailinator/input_LOGIN_search"), "testuser02@mailinator.com"): Text 'testuser02@mailinator.com' is set on object 'Object Repository/00-Signup and Activation/zMailinator/input_LOGIN_search'

2022-11-02 17:33:35 - [MESSAGE][PASSED] - Text 'testuser02@mailinator.com' is set on object 'Object Repository/00-Signup and Activation/zMailinator/input_LOGIN_search'

2022-11-02 17:33:35 - [TEST_STEP][PASSED] - click(findTestObject("00-Signup and Activation/zMailinator/gobutton"), STOP_ON_FAILURE): Object: 'Object Repository/00-Signup and Activation/zMailinator/gobutton' is clicked on

2022-11-02 17:33:36 - [MESSAGE][PASSED] - Object: 'Object Repository/00-Signup and Activation/zMailinator/gobutton' is clicked on

2022-11-02 17:33:36 - [TEST_STEP][PASSED] - delay(3): Delayed 3 second(s)

2022-11-02 17:33:39 - [MESSAGE][PASSED] - Delayed 3 second(s)

2022-11-02 17:33:39 - [TEST_STEP][PASSED] - click(findTestObject("00-Signup and Activation/zMailinator/Email - everleagues")): Object: 'Object Repository/00-Signup and Activation/zMailinator/Email - everleagues' is clicked on

2022-11-02 17:33:40 - [MESSAGE][PASSED] - Object: 'Object Repository/00-Signup and Activation/zMailinator/Email - everleagues' is clicked on

2022-11-02 17:33:40 - [TEST_STEP][PASSED] - delay(3): Delayed 3 second(s)

2022-11-02 17:33:43 - [MESSAGE][PASSED] - Delayed 3 second(s)

2022-11-02 17:33:43 - [TEST_STEP][PASSED] - code = getText(findTestObject("Object Repository/06-Teams/For 2FA/2FA code")): Text of object 'Object Repository/06-Teams/For 2FA/2FA code' is: '863778'

2022-11-02 17:33:43 - [MESSAGE][PASSED] - Text of object 'Object Repository/06-Teams/For 2FA/2FA code' is: '863778'

2022-11-02 17:33:43 - [TEST_STEP][PASSED] - delay(3): Delayed 3 second(s)

2022-11-02 17:33:46 - [MESSAGE][PASSED] - Delayed 3 second(s)

2022-11-02 17:33:46 - [TEST_STEP][PASSED] - closeWindowTitle("Mailinator"): Window with title: 'Mailinator' is closed

2022-11-02 17:33:46 - [MESSAGE][PASSED] - Window with title: 'Mailinator' is closed

2022-11-02 17:33:46 - [TEST_STEP][PASSED] - delay(3): Delayed 3 second(s)

2022-11-02 17:33:49 - [MESSAGE][PASSED] - Delayed 3 second(s)

2022-11-02 17:33:49 - [TEST_STEP][PASSED] - switchToWindowIndex(0): Switched to window with index: '0'

2022-11-02 17:33:49 - [MESSAGE][PASSED] - Switched to window with index: '0'

2022-11-02 17:33:49 - [TEST_STEP][PASSED] - delay(3): Delayed 3 second(s)

2022-11-02 17:33:52 - [MESSAGE][PASSED] - Delayed 3 second(s)

2022-11-02 17:33:52 - [TEST_STEP][PASSED] - setText(findTestObject("Object Repository/06-Teams/For 2FA/input_Enter verification code_code"), code): Text '863778' is set on object 'Object Repository/06-Teams/For 2FA/input_Enter verification code_code'

2022-11-02 17:33:53 - [MESSAGE][PASSED] - Text '863778' is set on object 'Object Repository/06-Teams/For 2FA/input_Enter verification code_code'

2022-11-02 17:33:53 - [TEST_STEP][PASSED] - delay(3): Delayed 3 second(s)

2022-11-02 17:33:56 - [MESSAGE][PASSED] - Delayed 3 second(s)

2022-11-02 17:33:56 - [TEST_STEP][PASSED] - click(findTestObject("06-Teams/For 2FA/button_Verify_2FA")): Object: 'Object Repository/06-Teams/For 2FA/button_Verify_2FA' is clicked on

2022-11-02 17:33:56 - [MESSAGE][PASSED] - Object: 'Object Repository/06-Teams/For 2FA/button_Verify_2FA' is clicked on

2022-11-02 17:33:56 - [TEST_STEP][PASSED] - delay(5): Delayed 5 second(s)

2022-11-02 17:34:01 - [MESSAGE][PASSED] - Delayed 5 second(s)

2022-11-02 17:34:01 - [TEST_STEP][PASSED] - click(findTestObject("06-Teams/button_doublearrow")): Object: 'Object Repository/06-Teams/button_doublearrow' is clicked on

2022-11-02 17:34:03 - [MESSAGE][PASSED] - Object: 'Object Repository/06-Teams/button_doublearrow' is clicked on

2022-11-02 17:34:03 - [TEST_STEP][PASSED] - click(findTestObject("06-Teams/button_My Organizations")): Object: 'Object Repository/06-Teams/button_My Organizations' is clicked on

2022-11-02 17:34:03 - [MESSAGE][PASSED] - Object: 'Object Repository/06-Teams/button_My Organizations' is clicked on

2022-11-02 17:34:03 - [TEST_STEP][PASSED] - click(findTestObject("06-Teams/button_GG Automation")): Object: 'Object Repository/06-Teams/button_GG Automation' is clicked on

2022-11-02 17:34:04 - [MESSAGE][PASSED] - Object: 'Object Repository/06-Teams/button_GG Automation' is clicked on

2022-11-02 17:34:04 - [TEST_STEP][PASSED] - delay(4): Delayed 4 second(s)

2022-11-02 17:34:08 - [MESSAGE][PASSED] - Delayed 4 second(s)

2022-11-02 17:34:08 - [TEST_STEP][PASSED] - verifyElementVisible(findTestObject("06-Teams/span_GG Automation")): Object 'Object Repository/06-Teams/span_GG Automation' is visible

2022-11-02 17:34:08 - [MESSAGE][PASSED] - Object 'Object Repository/06-Teams/span_GG Automation' is visible

2022-11-02 17:34:08 - [TEST_STEP][PASSED] - delay(10): Delayed 10 second(s)

2022-11-02 17:34:18 - [MESSAGE][PASSED] - Delayed 10 second(s)

2022-11-02 17:34:18 - [TEST_STEP][PASSED] - click(findTestObject("03-Header Menu/Hamburger Button/div_Settings")): Object: 'Object Repository/03-Header Menu/Hamburger Button/div_Settings' is clicked on

2022-11-02 17:34:19 - [MESSAGE][PASSED] - Object: 'Object Repository/03-Header Menu/Hamburger Button/div_Settings' is clicked on

2022-11-02 17:34:19 - [TEST_STEP][PASSED] - delay(3): Delayed 3 second(s)

2022-11-02 17:34:22 - [MESSAGE][PASSED] - Delayed 3 second(s)

2022-11-02 17:34:22 - [TEST_STEP][PASSED] - click(findTestObject("09-Settings/Users/div_Users")): Object: 'Object Repository/09-Settings/Users/div_Users' is clicked on

2022-11-02 17:34:22 - [MESSAGE][PASSED] - Object: 'Object Repository/09-Settings/Users/div_Users' is clicked on

2022-11-02 17:34:22 - [TEST_STEP][PASSED] - delay(3): Delayed 3 second(s)

2022-11-02 17:34:25 - [MESSAGE][PASSED] - Delayed 3 second(s)

2022-11-02 17:34:25 - [TEST_STEP][PASSED] - click(findTestObject("09-Settings/Users/button_add")): Object: 'Object Repository/09-Settings/Users/button_add' is clicked on

2022-11-02 17:34:26 - [MESSAGE][PASSED] - Object: 'Object Repository/09-Settings/Users/button_add' is clicked on

2022-11-02 17:34:26 - [TEST_STEP][PASSED] - delay(3): Delayed 3 second(s)

2022-11-02 17:34:29 - [MESSAGE][PASSED] - Delayed 3 second(s)

2022-11-02 17:34:29 - [TEST_STEP][PASSED] - click(findTestObject("09-Settings/Users/Invite batch of users via CSV file")): Object: 'Object Repository/09-Settings/Users/Invite batch of users via CSV file' is clicked on

2022-11-02 17:34:29 - [MESSAGE][PASSED] - Object: 'Object Repository/09-Settings/Users/Invite batch of users via CSV file' is clicked on

2022-11-02 17:34:29 - [TEST_STEP][PASSED] - verifyElementVisible(findTestObject("09-Settings/Users/CSV Invite/Import CSV File modal")): Object 'Object Repository/09-Settings/Users/CSV Invite/Import CSV File modal' is visible

2022-11-02 17:34:30 - [MESSAGE][PASSED] - Object 'Object Repository/09-Settings/Users/CSV Invite/Import CSV File modal' is visible

2022-11-02 17:34:30 - [TEST_STEP][PASSED] - verifyElementNotClickable(findTestObject("09-Settings/Users/CSV Invite/button_Import")): Object 'Object Repository/09-Settings/Users/CSV Invite/button_Import' is NOT clickable

2022-11-02 17:34:30 - [MESSAGE][PASSED] - Object 'Object Repository/09-Settings/Users/CSV Invite/button_Import' is NOT clickable

2022-11-02 17:34:30 - [TEST_STEP][PASSED] - delay(3): Delayed 3 second(s)

2022-11-02 17:34:33 - [MESSAGE][PASSED] - Delayed 3 second(s)

2022-11-02 17:34:33 - [TEST_STEP][PASSED] - uploadpackage.Upload.uploadFile(findTestObject("Object Repository/09-Settings/Users/CSV Invite/button_Choose File"), "C:\Users\User\Desktop\EL automation\sample csv.csv"): uploadpackage.Upload.uploadFile is PASSED

2022-11-02 17:34:34 - [MESSAGE][PASSED] - Object: 'Object Repository/09-Settings/Users/CSV Invite/button_Choose File' is clicked on

2022-11-02 17:34:34 - [MESSAGE][PASSED] - uploadpackage.Upload.uploadFile is PASSED

2022-11-02 17:34:34 - [TEST_STEP][PASSED] - delay(3): Delayed 3 second(s)

2022-11-02 17:34:37 - [MESSAGE][PASSED] - Delayed 3 second(s)

2022-11-02 17:34:37 - [TEST_STEP][PASSED] - verifyElementVisible(findTestObject("09-Settings/Users/CSV Invite/div_Sample csv.csv")): Object 'Object Repository/09-Settings/Users/CSV Invite/div_Sample csv.csv' is visible

2022-11-02 17:34:38 - [MESSAGE][PASSED] - Object 'Object Repository/09-Settings/Users/CSV Invite/div_Sample csv.csv' is visible

2022-11-02 17:34:38 - [TEST_STEP][PASSED] - click(findTestObject("09-Settings/Users/CSV Invite/button_Import")): Object: 'Object Repository/09-Settings/Users/CSV Invite/button_Import' is clicked on

2022-11-02 17:34:38 - [MESSAGE][PASSED] - Object: 'Object Repository/09-Settings/Users/CSV Invite/button_Import' is clicked on

2022-11-02 17:34:38 - [TEST_STEP][PASSED] - delay(10): Delayed 10 second(s)

2022-11-02 17:34:48 - [MESSAGE][PASSED] - Delayed 10 second(s)

2022-11-02 17:34:48 - [TEST_STEP][PASSED] - verifyElementVisible(findTestObject("09-Settings/Users/CSV Invite/Success import modal")): Object 'Object Repository/09-Settings/Users/CSV Invite/Success import modal' is visible

2022-11-02 17:34:48 - [MESSAGE][PASSED] - Object 'Object Repository/09-Settings/Users/CSV Invite/Success import modal' is visible

2022-11-02 17:34:48 - [TEST_STEP][PASSED] - click(findTestObject("09-Settings/Users/CSV Invite/button_Close")): Object: 'Object Repository/09-Settings/Users/CSV Invite/button_Close' is clicked on

2022-11-02 17:34:49 - [MESSAGE][PASSED] - Object: 'Object Repository/09-Settings/Users/CSV Invite/button_Close' is clicked on

2022-11-02 17:34:49 - [TEST_STEP][PASSED] - click(findTestObject("09-Settings/Users/CSV Invite/Invited Users tab")): Object: 'Object Repository/09-Settings/Users/CSV Invite/Invited Users tab' is clicked on

2022-11-02 17:34:50 - [MESSAGE][PASSED] - Object: 'Object Repository/09-Settings/Users/CSV Invite/Invited Users tab' is clicked on

2022-11-02 17:34:50 - [TEST_STEP][PASSED] - delay(3): Delayed 3 second(s)

2022-11-02 17:34:53 - [MESSAGE][PASSED] - Delayed 3 second(s)

2022-11-02 17:34:53 - [TEST_STEP][PASSED] - verifyElementVisible(findTestObject("09-Settings/Users/CSV Invite/div_CTCSV test3")): Object 'Object Repository/09-Settings/Users/CSV Invite/div_CTCSV test3' is visible

2022-11-02 17:34:53 - [MESSAGE][PASSED] - Object 'Object Repository/09-Settings/Users/CSV Invite/div_CTCSV test3' is visible

2022-11-02 17:34:53 - [TEST_STEP][PASSED] - verifyElementVisible(findTestObject("09-Settings/Users/CSV Invite/div_autotester08mailinator.com")): Object 'Object Repository/09-Settings/Users/CSV Invite/div_autotester08mailinator.com' is visible

2022-11-02 17:34:53 - [MESSAGE][PASSED] - Object 'Object Repository/09-Settings/Users/CSV Invite/div_autotester08mailinator.com' is visible

2022-11-02 17:34:53 - [TEST_STEP][PASSED] - verifyElementVisible(findTestObject("09-Settings/Users/CSV Invite/div_Partner")): Object 'Object Repository/09-Settings/Users/CSV Invite/div_Partner' is visible

2022-11-02 17:34:54 - [MESSAGE][PASSED] - Object 'Object Repository/09-Settings/Users/CSV Invite/div_Partner' is visible

2022-11-02 17:34:54 - [TEST_STEP][PASSED] - verifyElementVisible(findTestObject("09-Settings/Users/CSV Invite/div_CTCSV test2")): Object 'Object Repository/09-Settings/Users/CSV Invite/div_CTCSV test2' is visible

2022-11-02 17:34:54 - [MESSAGE][PASSED] - Object 'Object Repository/09-Settings/Users/CSV Invite/div_CTCSV test2' is visible

2022-11-02 17:34:54 - [TEST_STEP][PASSED] - verifyElementVisible(findTestObject("09-Settings/Users/CSV Invite/div_autotester07mailinator.com")): Object 'Object Repository/09-Settings/Users/CSV Invite/div_autotester07mailinator.com' is visible

2022-11-02 17:34:54 - [MESSAGE][PASSED] - Object 'Object Repository/09-Settings/Users/CSV Invite/div_autotester07mailinator.com' is visible

2022-11-02 17:34:54 - [TEST_STEP][PASSED] - verifyElementVisible(findTestObject("09-Settings/Users/CSV Invite/div_Client")): Object 'Object Repository/09-Settings/Users/CSV Invite/div_Client' is visible

2022-11-02 17:34:55 - [MESSAGE][PASSED] - Object 'Object Repository/09-Settings/Users/CSV Invite/div_Client' is visible

2022-11-02 17:34:55 - [TEST_STEP][PASSED] - verifyElementVisible(findTestObject("09-Settings/Users/CSV Invite/div_CTCSV test1")): Object 'Object Repository/09-Settings/Users/CSV Invite/div_CTCSV test1' is visible

2022-11-02 17:34:55 - [MESSAGE][PASSED] - Object 'Object Repository/09-Settings/Users/CSV Invite/div_CTCSV test1' is visible

2022-11-02 17:34:55 - [TEST_STEP][PASSED] - verifyElementVisible(findTestObject("09-Settings/Users/CSV Invite/div_autotester06mailinator.com")): Object 'Object Repository/09-Settings/Users/CSV Invite/div_autotester06mailinator.com' is visible

2022-11-02 17:34:55 - [MESSAGE][PASSED] - Object 'Object Repository/09-Settings/Users/CSV Invite/div_autotester06mailinator.com' is visible

2022-11-02 17:34:55 - [TEST_STEP][PASSED] - verifyElementVisible(findTestObject("09-Settings/Users/CSV Invite/div_Coworker")): Object 'Object Repository/09-Settings/Users/CSV Invite/div_Coworker' is visible

2022-11-02 17:34:56 - [MESSAGE][PASSED] - Object 'Object Repository/09-Settings/Users/CSV Invite/div_Coworker' is visible

2022-11-02 17:34:56 - [TEST_STEP][PASSED] - delay(3): Delayed 3 second(s)

2022-11-02 17:34:59 - [MESSAGE][PASSED] - Delayed 3 second(s)

2022-11-02 17:34:59 - [TEST_STEP][PASSED] - closeBrowser(): Browser is closed

2022-11-02 17:34:59 - [MESSAGE][PASSED] - Browser is closed]]></system-out>
         <system-err><![CDATA[]]></system-err>
      </testcase>
      <system-out><![CDATA[2022-11-02 17:16:12 - [TEST_SUITE][PASSED] - 09.1 - Settings (Invite users): Test Cases/09-Settings/05 - Users (Invite batch of users via CSV file)]]></system-out>
      <system-err><![CDATA[]]></system-err>
   </testsuite>
</testsuites>
