<?xml version="1.0" encoding="UTF-8"?>
<testsuites name="09.1 - Settings (Invite users)" time="1140.264" tests="5" failures="0" errors="0">
   <testsuite name="09.1 - Settings (Invite users)" tests="5" failures="0" errors="0" time="1140.264" skipped="0" timestamp="2022-11-09 16:03:12" hostname="User - DESKTOP-QCRNR4M" id="Test Suites/TS-Organization/09.1 - Settings (Invite users)">
      <properties>
         <property name="deviceName" value=""/>
         <property name="devicePlatform" value=""/>
         <property name="logFolder" value="C:\\Users\\User\\Katalon Studio\\EverleaguesMain\\Reports\\20221109_160310\\TS-Organization\\09.1 - Settings (Invite users)\\20221109_160310"/>
         <property name="logFiles" value="C:\\Users\\User\\Katalon Studio\\EverleaguesMain\\Reports\\20221109_160310\\TS-Organization\\09.1 - Settings (Invite users)\\20221109_160310\\execution0.log"/>
         <property name="attachments" value=""/>
         <property name="hostName" value="User - DESKTOP-QCRNR4M"/>
         <property name="os" value="Windows 10 64bit"/>
         <property name="katalonVersion" value="8.4.1.208"/>
         <property name="browser" value="Chrome 107.0.0.0"/>
         <property name="hostAddress" value="192.168.5.124"/>
         <property name="sessionId" value="3f6c0eb33fbddd5980ca3677a11bc4d8"/>
         <property name="seleniumVersion" value="3.141.59"/>
         <property name="proxyInformation" value="ProxyInformation { proxyOption=NO_PROXY, proxyServerType=HTTP, username=, password=********, proxyServerAddress=, proxyServerPort=0, executionList=&quot;&quot;, isApplyToDesiredCapabilities=true }"/>
         <property name="platform" value="Windows 10"/>
      </properties>
      <testcase name="Test Cases/09-Settings/01 - Users (Invite new user but field are blank)" time="97.046" classname="Test Cases/09-Settings/01 - Users (Invite new user but field are blank)" status="PASSED">
         <system-out><![CDATA[2022-11-09 16:03:13 - [TEST_CASE][PASSED] - Test Cases/09-Settings/01 - Users (Invite new user but field are blank): Test Cases/09-Settings/01 - Users (Invite new user but field are blank)

2022-11-09 16:03:13 - [TEST_STEP][PASSED] - openBrowser(""): Browser is opened with url: ''

2022-11-09 16:03:13 - [MESSAGE][INFO] - Starting 'Chrome' driver

2022-11-09 16:03:13 - [MESSAGE][INFO] - Action delay is set to 0 milliseconds

2022-11-09 16:03:15 - [MESSAGE][PASSED] - Browser is opened with url: ''

2022-11-09 16:03:15 - [TEST_STEP][PASSED] - navigateToUrl("https://lab.everleagues.com/"): Navigate to 'https://lab.everleagues.com/' successfully

2022-11-09 16:03:28 - [MESSAGE][PASSED] - Navigate to 'https://lab.everleagues.com/' successfully

2022-11-09 16:03:28 - [TEST_STEP][PASSED] - maximizeWindow(): Current window maximized

2022-11-09 16:03:28 - [MESSAGE][PASSED] - Current window maximized

2022-11-09 16:03:28 - [TEST_STEP][PASSED] - setText(findTestObject("02-Side Icons(Organization)/Add Contact/Email Field"), "testuser02@mailinator.com"): Text 'testuser02@mailinator.com' is set on object 'Object Repository/02-Side Icons(Organization)/Add Contact/Email Field'

2022-11-09 16:03:29 - [MESSAGE][PASSED] - Text 'testuser02@mailinator.com' is set on object 'Object Repository/02-Side Icons(Organization)/Add Contact/Email Field'

2022-11-09 16:03:29 - [TEST_STEP][PASSED] - setEncryptedText(findTestObject("02-Side Icons(Organization)/Add Contact/Password Field"), "8yFRyszE6U6jvsCn51OQbg=="): Text ****** has been set on object 'Object Repository/02-Side Icons(Organization)/Add Contact/Password Field'

2022-11-09 16:03:30 - [MESSAGE][PASSED] - Text ****** has been set on object 'Object Repository/02-Side Icons(Organization)/Add Contact/Password Field'

2022-11-09 16:03:30 - [TEST_STEP][PASSED] - click(findTestObject("02-Side Icons(Organization)/Add Contact/button_Sign in")): Object: 'Object Repository/02-Side Icons(Organization)/Add Contact/button_Sign in' is clicked on

2022-11-09 16:03:30 - [MESSAGE][PASSED] - Object: 'Object Repository/02-Side Icons(Organization)/Add Contact/button_Sign in' is clicked on

2022-11-09 16:03:30 - [TEST_STEP][PASSED] - delay(2): Delayed 2 second(s)

2022-11-09 16:03:32 - [MESSAGE][PASSED] - Delayed 2 second(s)

2022-11-09 16:03:32 - [TEST_STEP][PASSED] - click(findTestObject("06-Teams/For 2FA/button_Confirm_2FA")): Object: 'Object Repository/06-Teams/For 2FA/button_Confirm_2FA' is clicked on

2022-11-09 16:03:33 - [MESSAGE][PASSED] - Object: 'Object Repository/06-Teams/For 2FA/button_Confirm_2FA' is clicked on

2022-11-09 16:03:33 - [TEST_STEP][PASSED] - executeJavaScript("window.open();", []): Execute JavaScript 'window.open();' successfully

2022-11-09 16:03:33 - [MESSAGE][PASSED] - Execute JavaScript 'window.open();' successfully

2022-11-09 16:03:33 - [TEST_STEP][PASSED] - currentWindow = getWindowIndex(): Current window's index is: 0

2022-11-09 16:03:33 - [MESSAGE][PASSED] - Current window's index is: 0

2022-11-09 16:03:33 - [TEST_STEP][PASSED] - delay(3): Delayed 3 second(s)

2022-11-09 16:03:36 - [MESSAGE][PASSED] - Delayed 3 second(s)

2022-11-09 16:03:36 - [TEST_STEP][PASSED] - switchToWindowIndex(currentWindow + 1): Switched to window with index: '1'

2022-11-09 16:03:36 - [MESSAGE][PASSED] - Switched to window with index: '1'

2022-11-09 16:03:36 - [TEST_STEP][PASSED] - navigateToUrl("https://www.mailinator.com/"): Navigate to 'https://www.mailinator.com/' successfully

2022-11-09 16:03:38 - [MESSAGE][PASSED] - Navigate to 'https://www.mailinator.com/' successfully

2022-11-09 16:03:38 - [TEST_STEP][PASSED] - delay(3): Delayed 3 second(s)

2022-11-09 16:03:41 - [MESSAGE][PASSED] - Delayed 3 second(s)

2022-11-09 16:03:41 - [TEST_STEP][PASSED] - setText(findTestObject("00-Signup and Activation/zMailinator/input_LOGIN_search"), "testuser02@mailinator.com"): Text 'testuser02@mailinator.com' is set on object 'Object Repository/00-Signup and Activation/zMailinator/input_LOGIN_search'

2022-11-09 16:03:42 - [MESSAGE][PASSED] - Text 'testuser02@mailinator.com' is set on object 'Object Repository/00-Signup and Activation/zMailinator/input_LOGIN_search'

2022-11-09 16:03:42 - [TEST_STEP][PASSED] - click(findTestObject("00-Signup and Activation/zMailinator/gobutton"), STOP_ON_FAILURE): Object: 'Object Repository/00-Signup and Activation/zMailinator/gobutton' is clicked on

2022-11-09 16:03:43 - [MESSAGE][PASSED] - Object: 'Object Repository/00-Signup and Activation/zMailinator/gobutton' is clicked on

2022-11-09 16:03:43 - [TEST_STEP][PASSED] - delay(3): Delayed 3 second(s)

2022-11-09 16:03:46 - [MESSAGE][PASSED] - Delayed 3 second(s)

2022-11-09 16:03:46 - [TEST_STEP][PASSED] - click(findTestObject("00-Signup and Activation/zMailinator/Email - everleagues")): Object: 'Object Repository/00-Signup and Activation/zMailinator/Email - everleagues' is clicked on

2022-11-09 16:03:46 - [MESSAGE][PASSED] - Object: 'Object Repository/00-Signup and Activation/zMailinator/Email - everleagues' is clicked on

2022-11-09 16:03:46 - [TEST_STEP][PASSED] - delay(3): Delayed 3 second(s)

2022-11-09 16:03:49 - [MESSAGE][PASSED] - Delayed 3 second(s)

2022-11-09 16:03:49 - [TEST_STEP][PASSED] - code = getText(findTestObject("Object Repository/06-Teams/For 2FA/2FA code")): Text of object 'Object Repository/06-Teams/For 2FA/2FA code' is: '326103'

2022-11-09 16:03:50 - [MESSAGE][PASSED] - Text of object 'Object Repository/06-Teams/For 2FA/2FA code' is: '326103'

2022-11-09 16:03:50 - [TEST_STEP][PASSED] - delay(3): Delayed 3 second(s)

2022-11-09 16:03:53 - [MESSAGE][PASSED] - Delayed 3 second(s)

2022-11-09 16:03:53 - [TEST_STEP][PASSED] - closeWindowTitle("Mailinator"): Window with title: 'Mailinator' is closed

2022-11-09 16:03:53 - [MESSAGE][PASSED] - Window with title: 'Mailinator' is closed

2022-11-09 16:03:53 - [TEST_STEP][PASSED] - delay(3): Delayed 3 second(s)

2022-11-09 16:03:56 - [MESSAGE][PASSED] - Delayed 3 second(s)

2022-11-09 16:03:56 - [TEST_STEP][PASSED] - switchToWindowIndex(0): Switched to window with index: '0'

2022-11-09 16:03:56 - [MESSAGE][PASSED] - Switched to window with index: '0'

2022-11-09 16:03:56 - [TEST_STEP][PASSED] - delay(3): Delayed 3 second(s)

2022-11-09 16:03:59 - [MESSAGE][PASSED] - Delayed 3 second(s)

2022-11-09 16:03:59 - [TEST_STEP][PASSED] - setText(findTestObject("Object Repository/06-Teams/For 2FA/input_Enter verification code_code"), code): Text '326103' is set on object 'Object Repository/06-Teams/For 2FA/input_Enter verification code_code'

2022-11-09 16:04:00 - [MESSAGE][PASSED] - Text '326103' is set on object 'Object Repository/06-Teams/For 2FA/input_Enter verification code_code'

2022-11-09 16:04:00 - [TEST_STEP][PASSED] - delay(3): Delayed 3 second(s)

2022-11-09 16:04:03 - [MESSAGE][PASSED] - Delayed 3 second(s)

2022-11-09 16:04:03 - [TEST_STEP][PASSED] - click(findTestObject("06-Teams/For 2FA/button_Verify_2FA")): Object: 'Object Repository/06-Teams/For 2FA/button_Verify_2FA' is clicked on

2022-11-09 16:04:04 - [MESSAGE][PASSED] - Object: 'Object Repository/06-Teams/For 2FA/button_Verify_2FA' is clicked on

2022-11-09 16:04:04 - [TEST_STEP][PASSED] - delay(5): Delayed 5 second(s)

2022-11-09 16:04:09 - [MESSAGE][PASSED] - Delayed 5 second(s)

2022-11-09 16:04:09 - [TEST_STEP][PASSED] - click(findTestObject("06-Teams/button_doublearrow")): Object: 'Object Repository/06-Teams/button_doublearrow' is clicked on

2022-11-09 16:04:10 - [MESSAGE][PASSED] - Object: 'Object Repository/06-Teams/button_doublearrow' is clicked on

2022-11-09 16:04:10 - [TEST_STEP][PASSED] - click(findTestObject("06-Teams/button_My Organizations")): Object: 'Object Repository/06-Teams/button_My Organizations' is clicked on

2022-11-09 16:04:11 - [MESSAGE][PASSED] - Object: 'Object Repository/06-Teams/button_My Organizations' is clicked on

2022-11-09 16:04:11 - [TEST_STEP][PASSED] - click(findTestObject("06-Teams/button_GG Automation")): Object: 'Object Repository/06-Teams/button_GG Automation' is clicked on

2022-11-09 16:04:11 - [MESSAGE][PASSED] - Object: 'Object Repository/06-Teams/button_GG Automation' is clicked on

2022-11-09 16:04:11 - [TEST_STEP][PASSED] - delay(4): Delayed 4 second(s)

2022-11-09 16:04:15 - [MESSAGE][PASSED] - Delayed 4 second(s)

2022-11-09 16:04:15 - [TEST_STEP][PASSED] - verifyElementVisible(findTestObject("06-Teams/span_GG Automation")): Object 'Object Repository/06-Teams/span_GG Automation' is visible

2022-11-09 16:04:16 - [MESSAGE][PASSED] - Object 'Object Repository/06-Teams/span_GG Automation' is visible

2022-11-09 16:04:16 - [TEST_STEP][PASSED] - delay(10): Delayed 10 second(s)

2022-11-09 16:04:26 - [MESSAGE][PASSED] - Delayed 10 second(s)

2022-11-09 16:04:26 - [TEST_STEP][PASSED] - click(findTestObject("03-Header Menu/Hamburger Button/div_Settings")): Object: 'Object Repository/03-Header Menu/Hamburger Button/div_Settings' is clicked on

2022-11-09 16:04:26 - [MESSAGE][PASSED] - Object: 'Object Repository/03-Header Menu/Hamburger Button/div_Settings' is clicked on

2022-11-09 16:04:26 - [TEST_STEP][PASSED] - verifyElementVisible(findTestObject("09-Settings/Users/div_Organization")): Object 'Object Repository/09-Settings/Users/div_Organization' is visible

2022-11-09 16:04:27 - [MESSAGE][PASSED] - Object 'Object Repository/09-Settings/Users/div_Organization' is visible

2022-11-09 16:04:27 - [TEST_STEP][PASSED] - verifyElementVisible(findTestObject("09-Settings/Users/div_Organization Units")): Object 'Object Repository/09-Settings/Users/div_Organization Units' is visible

2022-11-09 16:04:27 - [MESSAGE][PASSED] - Object 'Object Repository/09-Settings/Users/div_Organization Units' is visible

2022-11-09 16:04:27 - [TEST_STEP][PASSED] - verifyElementVisible(findTestObject("09-Settings/Users/div_Subscriptions")): Object 'Object Repository/09-Settings/Users/div_Subscriptions' is visible

2022-11-09 16:04:27 - [MESSAGE][PASSED] - Object 'Object Repository/09-Settings/Users/div_Subscriptions' is visible

2022-11-09 16:04:27 - [TEST_STEP][PASSED] - verifyElementVisible(findTestObject("09-Settings/Users/div_Users")): Object 'Object Repository/09-Settings/Users/div_Users' is visible

2022-11-09 16:04:28 - [MESSAGE][PASSED] - Object 'Object Repository/09-Settings/Users/div_Users' is visible

2022-11-09 16:04:28 - [TEST_STEP][PASSED] - delay(3): Delayed 3 second(s)

2022-11-09 16:04:31 - [MESSAGE][PASSED] - Delayed 3 second(s)

2022-11-09 16:04:31 - [TEST_STEP][PASSED] - click(findTestObject("09-Settings/Users/div_Users")): Object: 'Object Repository/09-Settings/Users/div_Users' is clicked on

2022-11-09 16:04:32 - [MESSAGE][PASSED] - Object: 'Object Repository/09-Settings/Users/div_Users' is clicked on

2022-11-09 16:04:32 - [TEST_STEP][PASSED] - verifyElementVisible(findTestObject("09-Settings/Users/h4_USERS")): Object 'Object Repository/09-Settings/Users/h4_USERS' is visible

2022-11-09 16:04:33 - [MESSAGE][PASSED] - Object 'Object Repository/09-Settings/Users/h4_USERS' is visible

2022-11-09 16:04:33 - [TEST_STEP][PASSED] - verifyElementVisible(findTestObject("09-Settings/Users/User Page")): Object 'Object Repository/09-Settings/Users/User Page' is visible

2022-11-09 16:04:33 - [MESSAGE][PASSED] - Object 'Object Repository/09-Settings/Users/User Page' is visible

2022-11-09 16:04:33 - [TEST_STEP][PASSED] - delay(3): Delayed 3 second(s)

2022-11-09 16:04:36 - [MESSAGE][PASSED] - Delayed 3 second(s)

2022-11-09 16:04:36 - [TEST_STEP][PASSED] - click(findTestObject("09-Settings/Users/button_add")): Object: 'Object Repository/09-Settings/Users/button_add' is clicked on

2022-11-09 16:04:37 - [MESSAGE][PASSED] - Object: 'Object Repository/09-Settings/Users/button_add' is clicked on

2022-11-09 16:04:37 - [TEST_STEP][PASSED] - verifyElementVisible(findTestObject("09-Settings/Users/User Invitation modal")): Object 'Object Repository/09-Settings/Users/User Invitation modal' is visible

2022-11-09 16:04:37 - [MESSAGE][PASSED] - Object 'Object Repository/09-Settings/Users/User Invitation modal' is visible

2022-11-09 16:04:37 - [TEST_STEP][PASSED] - delay(3): Delayed 3 second(s)

2022-11-09 16:04:40 - [MESSAGE][PASSED] - Delayed 3 second(s)

2022-11-09 16:04:40 - [TEST_STEP][PASSED] - click(findTestObject("09-Settings/Users/add Invite a single user")): Object: 'Object Repository/09-Settings/Users/add Invite a single user' is clicked on

2022-11-09 16:04:40 - [MESSAGE][PASSED] - Object: 'Object Repository/09-Settings/Users/add Invite a single user' is clicked on

2022-11-09 16:04:40 - [TEST_STEP][PASSED] - verifyElementVisible(findTestObject("09-Settings/Users/Invite new user modal")): Object 'Object Repository/09-Settings/Users/Invite new user modal' is visible

2022-11-09 16:04:42 - [MESSAGE][PASSED] - Object 'Object Repository/09-Settings/Users/Invite new user modal' is visible

2022-11-09 16:04:42 - [TEST_STEP][PASSED] - click(findTestObject("09-Settings/Users/input_email")): Object: 'Object Repository/09-Settings/Users/input_email' is clicked on

2022-11-09 16:04:42 - [MESSAGE][PASSED] - Object: 'Object Repository/09-Settings/Users/input_email' is clicked on

2022-11-09 16:04:42 - [TEST_STEP][PASSED] - click(findTestObject("09-Settings/Users/input_firstName")): Object: 'Object Repository/09-Settings/Users/input_firstName' is clicked on

2022-11-09 16:04:42 - [MESSAGE][PASSED] - Object: 'Object Repository/09-Settings/Users/input_firstName' is clicked on

2022-11-09 16:04:42 - [TEST_STEP][PASSED] - click(findTestObject("09-Settings/Users/input_lastName")): Object: 'Object Repository/09-Settings/Users/input_lastName' is clicked on

2022-11-09 16:04:43 - [MESSAGE][PASSED] - Object: 'Object Repository/09-Settings/Users/input_lastName' is clicked on

2022-11-09 16:04:43 - [TEST_STEP][PASSED] - click(findTestObject("09-Settings/Users/span_Role")): Object: 'Object Repository/09-Settings/Users/span_Role' is clicked on

2022-11-09 16:04:43 - [MESSAGE][PASSED] - Object: 'Object Repository/09-Settings/Users/span_Role' is clicked on

2022-11-09 16:04:43 - [TEST_STEP][PASSED] - clickOffset(findTestObject("09-Settings/Users/h4_Invite New User"), 100, 100): Object: 'Object Repository/09-Settings/Users/h4_Invite New User' is clicked on using offset x=100 and y=100

2022-11-09 16:04:44 - [MESSAGE][PASSED] - Object: 'Object Repository/09-Settings/Users/h4_Invite New User' is clicked on using offset x=100 and y=100

2022-11-09 16:04:44 - [TEST_STEP][PASSED] - verifyElementVisible(findTestObject("09-Settings/Users/Email required")): Object 'Object Repository/09-Settings/Users/Email required' is visible

2022-11-09 16:04:45 - [MESSAGE][PASSED] - Object 'Object Repository/09-Settings/Users/Email required' is visible

2022-11-09 16:04:45 - [TEST_STEP][PASSED] - verifyElementVisible(findTestObject("09-Settings/Users/Firstname required")): Object 'Object Repository/09-Settings/Users/Firstname required' is visible

2022-11-09 16:04:45 - [MESSAGE][PASSED] - Object 'Object Repository/09-Settings/Users/Firstname required' is visible

2022-11-09 16:04:45 - [TEST_STEP][PASSED] - verifyElementVisible(findTestObject("09-Settings/Users/last name required")): Object 'Object Repository/09-Settings/Users/last name required' is visible

2022-11-09 16:04:46 - [MESSAGE][PASSED] - Object 'Object Repository/09-Settings/Users/last name required' is visible

2022-11-09 16:04:46 - [TEST_STEP][PASSED] - verifyElementVisible(findTestObject("09-Settings/Users/error_Select a role")): Object 'Object Repository/09-Settings/Users/error_Select a role' is visible

2022-11-09 16:04:46 - [MESSAGE][PASSED] - Object 'Object Repository/09-Settings/Users/error_Select a role' is visible

2022-11-09 16:04:46 - [TEST_STEP][PASSED] - delay(3): Delayed 3 second(s)

2022-11-09 16:04:49 - [MESSAGE][PASSED] - Delayed 3 second(s)

2022-11-09 16:04:49 - [TEST_STEP][PASSED] - closeBrowser(): Browser is closed

2022-11-09 16:04:50 - [MESSAGE][PASSED] - Browser is closed]]></system-out>
         <system-err><![CDATA[]]></system-err>
      </testcase>
      <testcase name="Test Cases/09-Settings/02 - Users (Invite new user as co worker)" time="453.804" classname="Test Cases/09-Settings/02 - Users (Invite new user as co worker)" status="PASSED">
         <system-out><![CDATA[2022-11-09 16:04:50 - [TEST_CASE][PASSED] - Test Cases/09-Settings/02 - Users (Invite new user as co worker): Test Cases/09-Settings/02 - Users (Invite new user as co worker)

2022-11-09 16:04:50 - [TEST_STEP][PASSED] - openBrowser(""): Browser is opened with url: ''

2022-11-09 16:04:50 - [MESSAGE][INFO] - Starting 'Chrome' driver

2022-11-09 16:04:50 - [MESSAGE][INFO] - Action delay is set to 0 milliseconds

2022-11-09 16:04:51 - [MESSAGE][PASSED] - Browser is opened with url: ''

2022-11-09 16:04:51 - [TEST_STEP][PASSED] - navigateToUrl("https://lab.everleagues.com/"): Navigate to 'https://lab.everleagues.com/' successfully

2022-11-09 16:05:29 - [MESSAGE][PASSED] - Navigate to 'https://lab.everleagues.com/' successfully

2022-11-09 16:05:29 - [TEST_STEP][PASSED] - maximizeWindow(): Current window maximized

2022-11-09 16:05:29 - [MESSAGE][PASSED] - Current window maximized

2022-11-09 16:05:29 - [TEST_STEP][PASSED] - setText(findTestObject("02-Side Icons(Organization)/Add Contact/Email Field"), "testuser02@mailinator.com"): Text 'testuser02@mailinator.com' is set on object 'Object Repository/02-Side Icons(Organization)/Add Contact/Email Field'

2022-11-09 16:05:30 - [MESSAGE][PASSED] - Text 'testuser02@mailinator.com' is set on object 'Object Repository/02-Side Icons(Organization)/Add Contact/Email Field'

2022-11-09 16:05:30 - [TEST_STEP][PASSED] - setEncryptedText(findTestObject("02-Side Icons(Organization)/Add Contact/Password Field"), "8yFRyszE6U6jvsCn51OQbg=="): Text ****** has been set on object 'Object Repository/02-Side Icons(Organization)/Add Contact/Password Field'

2022-11-09 16:05:30 - [MESSAGE][PASSED] - Text ****** has been set on object 'Object Repository/02-Side Icons(Organization)/Add Contact/Password Field'

2022-11-09 16:05:30 - [TEST_STEP][PASSED] - click(findTestObject("02-Side Icons(Organization)/Add Contact/button_Sign in")): Object: 'Object Repository/02-Side Icons(Organization)/Add Contact/button_Sign in' is clicked on

2022-11-09 16:05:31 - [MESSAGE][PASSED] - Object: 'Object Repository/02-Side Icons(Organization)/Add Contact/button_Sign in' is clicked on

2022-11-09 16:05:31 - [TEST_STEP][PASSED] - delay(2): Delayed 2 second(s)

2022-11-09 16:05:33 - [MESSAGE][PASSED] - Delayed 2 second(s)

2022-11-09 16:05:33 - [TEST_STEP][PASSED] - click(findTestObject("06-Teams/For 2FA/button_Confirm_2FA")): Object: 'Object Repository/06-Teams/For 2FA/button_Confirm_2FA' is clicked on

2022-11-09 16:05:34 - [MESSAGE][PASSED] - Object: 'Object Repository/06-Teams/For 2FA/button_Confirm_2FA' is clicked on

2022-11-09 16:05:34 - [TEST_STEP][PASSED] - executeJavaScript("window.open();", []): Execute JavaScript 'window.open();' successfully

2022-11-09 16:05:34 - [MESSAGE][PASSED] - Execute JavaScript 'window.open();' successfully

2022-11-09 16:05:34 - [TEST_STEP][PASSED] - currentWindow = getWindowIndex(): Current window's index is: 0

2022-11-09 16:05:34 - [MESSAGE][PASSED] - Current window's index is: 0

2022-11-09 16:05:34 - [TEST_STEP][PASSED] - delay(3): Delayed 3 second(s)

2022-11-09 16:05:37 - [MESSAGE][PASSED] - Delayed 3 second(s)

2022-11-09 16:05:37 - [TEST_STEP][PASSED] - switchToWindowIndex(currentWindow + 1): Switched to window with index: '1'

2022-11-09 16:05:37 - [MESSAGE][PASSED] - Switched to window with index: '1'

2022-11-09 16:05:37 - [TEST_STEP][PASSED] - navigateToUrl("https://www.mailinator.com/"): Navigate to 'https://www.mailinator.com/' successfully

2022-11-09 16:05:39 - [MESSAGE][PASSED] - Navigate to 'https://www.mailinator.com/' successfully

2022-11-09 16:05:39 - [TEST_STEP][PASSED] - delay(3): Delayed 3 second(s)

2022-11-09 16:05:42 - [MESSAGE][PASSED] - Delayed 3 second(s)

2022-11-09 16:05:42 - [TEST_STEP][PASSED] - setText(findTestObject("00-Signup and Activation/zMailinator/input_LOGIN_search"), "testuser02@mailinator.com"): Text 'testuser02@mailinator.com' is set on object 'Object Repository/00-Signup and Activation/zMailinator/input_LOGIN_search'

2022-11-09 16:05:42 - [MESSAGE][PASSED] - Text 'testuser02@mailinator.com' is set on object 'Object Repository/00-Signup and Activation/zMailinator/input_LOGIN_search'

2022-11-09 16:05:42 - [TEST_STEP][PASSED] - click(findTestObject("00-Signup and Activation/zMailinator/gobutton"), STOP_ON_FAILURE): Object: 'Object Repository/00-Signup and Activation/zMailinator/gobutton' is clicked on

2022-11-09 16:05:46 - [MESSAGE][PASSED] - Object: 'Object Repository/00-Signup and Activation/zMailinator/gobutton' is clicked on

2022-11-09 16:05:46 - [TEST_STEP][PASSED] - delay(3): Delayed 3 second(s)

2022-11-09 16:05:49 - [MESSAGE][PASSED] - Delayed 3 second(s)

2022-11-09 16:05:49 - [TEST_STEP][PASSED] - click(findTestObject("00-Signup and Activation/zMailinator/Email - everleagues")): Object: 'Object Repository/00-Signup and Activation/zMailinator/Email - everleagues' is clicked on

2022-11-09 16:05:49 - [MESSAGE][PASSED] - Object: 'Object Repository/00-Signup and Activation/zMailinator/Email - everleagues' is clicked on

2022-11-09 16:05:49 - [TEST_STEP][PASSED] - delay(3): Delayed 3 second(s)

2022-11-09 16:05:52 - [MESSAGE][PASSED] - Delayed 3 second(s)

2022-11-09 16:05:52 - [TEST_STEP][PASSED] - code = getText(findTestObject("Object Repository/06-Teams/For 2FA/2FA code")): Text of object 'Object Repository/06-Teams/For 2FA/2FA code' is: '326103'

2022-11-09 16:05:52 - [MESSAGE][PASSED] - Text of object 'Object Repository/06-Teams/For 2FA/2FA code' is: '326103'

2022-11-09 16:05:52 - [TEST_STEP][PASSED] - delay(3): Delayed 3 second(s)

2022-11-09 16:05:55 - [MESSAGE][PASSED] - Delayed 3 second(s)

2022-11-09 16:05:55 - [TEST_STEP][PASSED] - closeWindowTitle("Mailinator"): Window with title: 'Mailinator' is closed

2022-11-09 16:05:56 - [MESSAGE][PASSED] - Window with title: 'Mailinator' is closed

2022-11-09 16:05:56 - [TEST_STEP][PASSED] - delay(3): Delayed 3 second(s)

2022-11-09 16:05:59 - [MESSAGE][PASSED] - Delayed 3 second(s)

2022-11-09 16:05:59 - [TEST_STEP][PASSED] - switchToWindowIndex(0): Switched to window with index: '0'

2022-11-09 16:05:59 - [MESSAGE][PASSED] - Switched to window with index: '0'

2022-11-09 16:05:59 - [TEST_STEP][PASSED] - delay(3): Delayed 3 second(s)

2022-11-09 16:06:02 - [MESSAGE][PASSED] - Delayed 3 second(s)

2022-11-09 16:06:02 - [TEST_STEP][PASSED] - setText(findTestObject("Object Repository/06-Teams/For 2FA/input_Enter verification code_code"), code): Text '326103' is set on object 'Object Repository/06-Teams/For 2FA/input_Enter verification code_code'

2022-11-09 16:06:03 - [MESSAGE][PASSED] - Text '326103' is set on object 'Object Repository/06-Teams/For 2FA/input_Enter verification code_code'

2022-11-09 16:06:03 - [TEST_STEP][PASSED] - delay(3): Delayed 3 second(s)

2022-11-09 16:06:06 - [MESSAGE][PASSED] - Delayed 3 second(s)

2022-11-09 16:06:06 - [TEST_STEP][PASSED] - click(findTestObject("06-Teams/For 2FA/button_Verify_2FA")): Object: 'Object Repository/06-Teams/For 2FA/button_Verify_2FA' is clicked on

2022-11-09 16:06:06 - [MESSAGE][PASSED] - Object: 'Object Repository/06-Teams/For 2FA/button_Verify_2FA' is clicked on

2022-11-09 16:06:06 - [TEST_STEP][PASSED] - delay(5): Delayed 5 second(s)

2022-11-09 16:06:11 - [MESSAGE][PASSED] - Delayed 5 second(s)

2022-11-09 16:06:11 - [TEST_STEP][PASSED] - click(findTestObject("06-Teams/button_doublearrow")): Object: 'Object Repository/06-Teams/button_doublearrow' is clicked on

2022-11-09 16:06:12 - [MESSAGE][PASSED] - Object: 'Object Repository/06-Teams/button_doublearrow' is clicked on

2022-11-09 16:06:12 - [TEST_STEP][PASSED] - click(findTestObject("06-Teams/button_My Organizations")): Object: 'Object Repository/06-Teams/button_My Organizations' is clicked on

2022-11-09 16:06:13 - [MESSAGE][PASSED] - Object: 'Object Repository/06-Teams/button_My Organizations' is clicked on

2022-11-09 16:06:13 - [TEST_STEP][PASSED] - click(findTestObject("06-Teams/button_GG Automation")): Object: 'Object Repository/06-Teams/button_GG Automation' is clicked on

2022-11-09 16:06:13 - [MESSAGE][PASSED] - Object: 'Object Repository/06-Teams/button_GG Automation' is clicked on

2022-11-09 16:06:13 - [TEST_STEP][PASSED] - delay(4): Delayed 4 second(s)

2022-11-09 16:06:18 - [MESSAGE][PASSED] - Delayed 4 second(s)

2022-11-09 16:06:18 - [TEST_STEP][PASSED] - verifyElementVisible(findTestObject("06-Teams/span_GG Automation")): Object 'Object Repository/06-Teams/span_GG Automation' is visible

2022-11-09 16:06:18 - [MESSAGE][PASSED] - Object 'Object Repository/06-Teams/span_GG Automation' is visible

2022-11-09 16:06:18 - [TEST_STEP][PASSED] - delay(10): Delayed 10 second(s)

2022-11-09 16:06:28 - [MESSAGE][PASSED] - Delayed 10 second(s)

2022-11-09 16:06:28 - [TEST_STEP][PASSED] - click(findTestObject("03-Header Menu/Hamburger Button/div_Settings")): Object: 'Object Repository/03-Header Menu/Hamburger Button/div_Settings' is clicked on

2022-11-09 16:06:28 - [MESSAGE][PASSED] - Object: 'Object Repository/03-Header Menu/Hamburger Button/div_Settings' is clicked on

2022-11-09 16:06:28 - [TEST_STEP][PASSED] - delay(3): Delayed 3 second(s)

2022-11-09 16:06:31 - [MESSAGE][PASSED] - Delayed 3 second(s)

2022-11-09 16:06:31 - [TEST_STEP][PASSED] - click(findTestObject("09-Settings/Users/div_Users")): Object: 'Object Repository/09-Settings/Users/div_Users' is clicked on

2022-11-09 16:06:32 - [MESSAGE][PASSED] - Object: 'Object Repository/09-Settings/Users/div_Users' is clicked on

2022-11-09 16:06:32 - [TEST_STEP][PASSED] - delay(3): Delayed 3 second(s)

2022-11-09 16:06:35 - [MESSAGE][PASSED] - Delayed 3 second(s)

2022-11-09 16:06:35 - [TEST_STEP][PASSED] - click(findTestObject("09-Settings/Users/button_add")): Object: 'Object Repository/09-Settings/Users/button_add' is clicked on

2022-11-09 16:06:36 - [MESSAGE][PASSED] - Object: 'Object Repository/09-Settings/Users/button_add' is clicked on

2022-11-09 16:06:36 - [TEST_STEP][PASSED] - delay(3): Delayed 3 second(s)

2022-11-09 16:06:39 - [MESSAGE][PASSED] - Delayed 3 second(s)

2022-11-09 16:06:39 - [TEST_STEP][PASSED] - click(findTestObject("09-Settings/Users/add Invite a single user")): Object: 'Object Repository/09-Settings/Users/add Invite a single user' is clicked on

2022-11-09 16:06:39 - [MESSAGE][PASSED] - Object: 'Object Repository/09-Settings/Users/add Invite a single user' is clicked on

2022-11-09 16:06:39 - [TEST_STEP][PASSED] - delay(3): Delayed 3 second(s)

2022-11-09 16:06:42 - [MESSAGE][PASSED] - Delayed 3 second(s)

2022-11-09 16:06:42 - [TEST_STEP][PASSED] - setText(findTestObject("09-Settings/Users/input_email"), "autotester04@mailinator.com"): Text 'autotester04@mailinator.com' is set on object 'Object Repository/09-Settings/Users/input_email'

2022-11-09 16:06:43 - [MESSAGE][PASSED] - Text 'autotester04@mailinator.com' is set on object 'Object Repository/09-Settings/Users/input_email'

2022-11-09 16:06:43 - [TEST_STEP][PASSED] - setText(findTestObject("09-Settings/Users/input_firstName"), "GG"): Text 'GG' is set on object 'Object Repository/09-Settings/Users/input_firstName'

2022-11-09 16:06:44 - [MESSAGE][PASSED] - Text 'GG' is set on object 'Object Repository/09-Settings/Users/input_firstName'

2022-11-09 16:06:44 - [TEST_STEP][PASSED] - setText(findTestObject("09-Settings/Users/input_lastName"), "Auto Contact 2"): Text 'Auto Contact 2' is set on object 'Object Repository/09-Settings/Users/input_lastName'

2022-11-09 16:06:44 - [MESSAGE][PASSED] - Text 'Auto Contact 2' is set on object 'Object Repository/09-Settings/Users/input_lastName'

2022-11-09 16:06:44 - [TEST_STEP][PASSED] - click(findTestObject("09-Settings/Users/span_Role")): Object: 'Object Repository/09-Settings/Users/span_Role' is clicked on

2022-11-09 16:06:45 - [MESSAGE][PASSED] - Object: 'Object Repository/09-Settings/Users/span_Role' is clicked on

2022-11-09 16:06:45 - [TEST_STEP][PASSED] - click(findTestObject("09-Settings/Users/span_CoWorker")): Object: 'Object Repository/09-Settings/Users/span_CoWorker' is clicked on

2022-11-09 16:06:45 - [MESSAGE][PASSED] - Object: 'Object Repository/09-Settings/Users/span_CoWorker' is clicked on

2022-11-09 16:06:45 - [TEST_STEP][PASSED] - click(findTestObject("09-Settings/Users/button_Send Invitation")): Object: 'Object Repository/09-Settings/Users/button_Send Invitation' is clicked on

2022-11-09 16:06:46 - [MESSAGE][PASSED] - Object: 'Object Repository/09-Settings/Users/button_Send Invitation' is clicked on

2022-11-09 16:06:46 - [TEST_STEP][PASSED] - delay(2): Delayed 2 second(s)

2022-11-09 16:06:48 - [MESSAGE][PASSED] - Delayed 2 second(s)

2022-11-09 16:06:48 - [TEST_STEP][PASSED] - verifyElementVisible(findTestObject("07-Directory/Connections/zContact Profile/Successfully invited user")): Object 'Object Repository/07-Directory/Connections/zContact Profile/Successfully invited user' is visible

2022-11-09 16:06:50 - [MESSAGE][PASSED] - Object 'Object Repository/07-Directory/Connections/zContact Profile/Successfully invited user' is visible

2022-11-09 16:06:50 - [TEST_STEP][PASSED] - delay(2): Delayed 2 second(s)

2022-11-09 16:06:52 - [MESSAGE][PASSED] - Delayed 2 second(s)

2022-11-09 16:06:52 - [TEST_STEP][PASSED] - executeJavaScript("window.open();", []): Execute JavaScript 'window.open();' successfully

2022-11-09 16:06:52 - [MESSAGE][PASSED] - Execute JavaScript 'window.open();' successfully

2022-11-09 16:06:52 - [TEST_STEP][PASSED] - currentWindow = getWindowIndex(): Current window's index is: 0

2022-11-09 16:06:52 - [MESSAGE][PASSED] - Current window's index is: 0

2022-11-09 16:06:52 - [TEST_STEP][PASSED] - delay(3): Delayed 3 second(s)

2022-11-09 16:06:55 - [MESSAGE][PASSED] - Delayed 3 second(s)

2022-11-09 16:06:55 - [TEST_STEP][PASSED] - switchToWindowIndex(currentWindow + 1): Switched to window with index: '1'

2022-11-09 16:06:55 - [MESSAGE][PASSED] - Switched to window with index: '1'

2022-11-09 16:06:55 - [TEST_STEP][PASSED] - navigateToUrl("https://www.mailinator.com/"): Navigate to 'https://www.mailinator.com/' successfully

2022-11-09 16:06:56 - [MESSAGE][PASSED] - Navigate to 'https://www.mailinator.com/' successfully

2022-11-09 16:06:56 - [TEST_STEP][PASSED] - delay(3): Delayed 3 second(s)

2022-11-09 16:06:59 - [MESSAGE][PASSED] - Delayed 3 second(s)

2022-11-09 16:06:59 - [TEST_STEP][PASSED] - setText(findTestObject("00-Signup and Activation/zMailinator/input_LOGIN_search"), "autotester04@mailinator.com"): Text 'autotester04@mailinator.com' is set on object 'Object Repository/00-Signup and Activation/zMailinator/input_LOGIN_search'

2022-11-09 16:07:00 - [MESSAGE][PASSED] - Text 'autotester04@mailinator.com' is set on object 'Object Repository/00-Signup and Activation/zMailinator/input_LOGIN_search'

2022-11-09 16:07:00 - [TEST_STEP][PASSED] - click(findTestObject("00-Signup and Activation/zMailinator/gobutton"), STOP_ON_FAILURE): Object: 'Object Repository/00-Signup and Activation/zMailinator/gobutton' is clicked on

2022-11-09 16:07:01 - [MESSAGE][PASSED] - Object: 'Object Repository/00-Signup and Activation/zMailinator/gobutton' is clicked on

2022-11-09 16:07:01 - [TEST_STEP][PASSED] - delay(3): Delayed 3 second(s)

2022-11-09 16:07:04 - [MESSAGE][PASSED] - Delayed 3 second(s)

2022-11-09 16:07:04 - [TEST_STEP][PASSED] - closeWindowTitle("Everleagues"): Window with title: 'Everleagues' is closed

2022-11-09 16:07:04 - [MESSAGE][PASSED] - Window with title: 'Everleagues' is closed

2022-11-09 16:07:04 - [TEST_STEP][PASSED] - switchToWindowIndex(0): Switched to window with index: '0'

2022-11-09 16:07:04 - [MESSAGE][PASSED] - Switched to window with index: '0'

2022-11-09 16:07:04 - [TEST_STEP][PASSED] - click(findTestObject("09-Settings/Users/Co worker/td_Invitation from GG Automation")): Object: 'Object Repository/09-Settings/Users/Co worker/td_Invitation from GG Automation' is clicked on

2022-11-09 16:07:05 - [MESSAGE][PASSED] - Object: 'Object Repository/09-Settings/Users/Co worker/td_Invitation from GG Automation' is clicked on

2022-11-09 16:07:05 - [TEST_STEP][PASSED] - click(findTestObject("09-Settings/Users/Co worker/a_Click here to join GG Automation on EverLeagues")): Object: 'Object Repository/09-Settings/Users/Co worker/a_Click here to join GG Automation on EverLeagues' is clicked on

2022-11-09 16:07:06 - [MESSAGE][PASSED] - Object: 'Object Repository/09-Settings/Users/Co worker/a_Click here to join GG Automation on EverLeagues' is clicked on

2022-11-09 16:07:06 - [TEST_STEP][PASSED] - closeWindowTitle("Mailinator"): Window with title: 'Mailinator' is closed

2022-11-09 16:07:06 - [MESSAGE][PASSED] - Window with title: 'Mailinator' is closed

2022-11-09 16:07:06 - [TEST_STEP][PASSED] - switchToWindowIndex(0): Switched to window with index: '0'

2022-11-09 16:07:06 - [MESSAGE][PASSED] - Switched to window with index: '0'

2022-11-09 16:07:06 - [TEST_STEP][PASSED] - verifyElementVisible(findTestObject("09-Settings/Users/Co worker/Logout before proceed modal")): Object 'Object Repository/09-Settings/Users/Co worker/Logout before proceed modal' is visible

2022-11-09 16:07:13 - [MESSAGE][PASSED] - Object 'Object Repository/09-Settings/Users/Co worker/Logout before proceed modal' is visible

2022-11-09 16:07:13 - [TEST_STEP][PASSED] - click(findTestObject("09-Settings/Users/Co worker/button_Yes")): Object: 'Object Repository/09-Settings/Users/Co worker/button_Yes' is clicked on

2022-11-09 16:07:13 - [MESSAGE][PASSED] - Object: 'Object Repository/09-Settings/Users/Co worker/button_Yes' is clicked on

2022-11-09 16:07:13 - [TEST_STEP][PASSED] - delay(3): Delayed 3 second(s)

2022-11-09 16:07:16 - [MESSAGE][PASSED] - Delayed 3 second(s)

2022-11-09 16:07:16 - [TEST_STEP][PASSED] - setText(findTestObject("09-Settings/Users/Co worker/input_Email_email"), "autotester04@mailinator.com"): Text 'autotester04@mailinator.com' is set on object 'Object Repository/09-Settings/Users/Co worker/input_Email_email'

2022-11-09 16:08:16 - [MESSAGE][PASSED] - Text 'autotester04@mailinator.com' is set on object 'Object Repository/09-Settings/Users/Co worker/input_Email_email'

2022-11-09 16:08:16 - [TEST_STEP][PASSED] - setEncryptedText(findTestObject("09-Settings/Users/Co worker/input__password"), "8yFRyszE6U6jvsCn51OQbg=="): Text ****** has been set on object 'Object Repository/09-Settings/Users/Co worker/input__password'

2022-11-09 16:08:47 - [MESSAGE][PASSED] - Text ****** has been set on object 'Object Repository/09-Settings/Users/Co worker/input__password'

2022-11-09 16:08:47 - [TEST_STEP][PASSED] - click(findTestObject("02-Side Icons(Organization)/Add Contact/button_Sign in")): Object: 'Object Repository/02-Side Icons(Organization)/Add Contact/button_Sign in' is clicked on

2022-11-09 16:09:17 - [MESSAGE][PASSED] - Object: 'Object Repository/02-Side Icons(Organization)/Add Contact/button_Sign in' is clicked on

2022-11-09 16:09:17 - [TEST_STEP][PASSED] - delay(2): Delayed 2 second(s)

2022-11-09 16:09:19 - [MESSAGE][PASSED] - Delayed 2 second(s)

2022-11-09 16:09:19 - [TEST_STEP][PASSED] - click(findTestObject("06-Teams/For 2FA/button_Confirm_2FA")): Object: 'Object Repository/06-Teams/For 2FA/button_Confirm_2FA' is clicked on

2022-11-09 16:09:49 - [MESSAGE][PASSED] - Object: 'Object Repository/06-Teams/For 2FA/button_Confirm_2FA' is clicked on

2022-11-09 16:09:49 - [TEST_STEP][PASSED] - executeJavaScript("window.open();", []): Execute JavaScript 'window.open();' successfully

2022-11-09 16:09:49 - [MESSAGE][PASSED] - Execute JavaScript 'window.open();' successfully

2022-11-09 16:09:49 - [TEST_STEP][PASSED] - currentWindow = getWindowIndex(): Current window's index is: 0

2022-11-09 16:09:49 - [MESSAGE][PASSED] - Current window's index is: 0

2022-11-09 16:09:49 - [TEST_STEP][PASSED] - delay(3): Delayed 3 second(s)

2022-11-09 16:09:52 - [MESSAGE][PASSED] - Delayed 3 second(s)

2022-11-09 16:09:52 - [TEST_STEP][PASSED] - switchToWindowIndex(currentWindow + 1): Switched to window with index: '1'

2022-11-09 16:09:52 - [MESSAGE][PASSED] - Switched to window with index: '1'

2022-11-09 16:09:52 - [TEST_STEP][PASSED] - navigateToUrl("https://www.mailinator.com/"): Navigate to 'https://www.mailinator.com/' successfully

2022-11-09 16:09:53 - [MESSAGE][PASSED] - Navigate to 'https://www.mailinator.com/' successfully

2022-11-09 16:09:53 - [TEST_STEP][PASSED] - delay(3): Delayed 3 second(s)

2022-11-09 16:09:56 - [MESSAGE][PASSED] - Delayed 3 second(s)

2022-11-09 16:09:56 - [TEST_STEP][PASSED] - setText(findTestObject("00-Signup and Activation/zMailinator/input_LOGIN_search"), "autotester04@mailinator.com"): Text 'autotester04@mailinator.com' is set on object 'Object Repository/00-Signup and Activation/zMailinator/input_LOGIN_search'

2022-11-09 16:09:57 - [MESSAGE][PASSED] - Text 'autotester04@mailinator.com' is set on object 'Object Repository/00-Signup and Activation/zMailinator/input_LOGIN_search'

2022-11-09 16:09:57 - [TEST_STEP][PASSED] - click(findTestObject("00-Signup and Activation/zMailinator/gobutton"), STOP_ON_FAILURE): Object: 'Object Repository/00-Signup and Activation/zMailinator/gobutton' is clicked on

2022-11-09 16:09:58 - [MESSAGE][PASSED] - Object: 'Object Repository/00-Signup and Activation/zMailinator/gobutton' is clicked on

2022-11-09 16:09:58 - [TEST_STEP][PASSED] - delay(3): Delayed 3 second(s)

2022-11-09 16:10:01 - [MESSAGE][PASSED] - Delayed 3 second(s)

2022-11-09 16:10:01 - [TEST_STEP][PASSED] - click(findTestObject("00-Signup and Activation/zMailinator/Email - everleagues")): Object: 'Object Repository/00-Signup and Activation/zMailinator/Email - everleagues' is clicked on

2022-11-09 16:10:02 - [MESSAGE][PASSED] - Object: 'Object Repository/00-Signup and Activation/zMailinator/Email - everleagues' is clicked on

2022-11-09 16:10:02 - [TEST_STEP][PASSED] - delay(3): Delayed 3 second(s)

2022-11-09 16:10:05 - [MESSAGE][PASSED] - Delayed 3 second(s)

2022-11-09 16:10:05 - [TEST_STEP][PASSED] - codetwo = getText(findTestObject("Object Repository/06-Teams/For 2FA/2FA code")): Text of object 'Object Repository/06-Teams/For 2FA/2FA code' is: '114011'

2022-11-09 16:10:05 - [MESSAGE][PASSED] - Text of object 'Object Repository/06-Teams/For 2FA/2FA code' is: '114011'

2022-11-09 16:10:05 - [TEST_STEP][PASSED] - delay(3): Delayed 3 second(s)

2022-11-09 16:10:08 - [MESSAGE][PASSED] - Delayed 3 second(s)

2022-11-09 16:10:08 - [TEST_STEP][PASSED] - closeWindowTitle("Mailinator"): Window with title: 'Mailinator' is closed

2022-11-09 16:10:08 - [MESSAGE][PASSED] - Window with title: 'Mailinator' is closed

2022-11-09 16:10:08 - [TEST_STEP][PASSED] - delay(3): Delayed 3 second(s)

2022-11-09 16:10:11 - [MESSAGE][PASSED] - Delayed 3 second(s)

2022-11-09 16:10:11 - [TEST_STEP][PASSED] - switchToWindowIndex(0): Switched to window with index: '0'

2022-11-09 16:10:11 - [MESSAGE][PASSED] - Switched to window with index: '0'

2022-11-09 16:10:11 - [TEST_STEP][PASSED] - delay(3): Delayed 3 second(s)

2022-11-09 16:10:14 - [MESSAGE][PASSED] - Delayed 3 second(s)

2022-11-09 16:10:14 - [TEST_STEP][PASSED] - setText(findTestObject("Object Repository/06-Teams/For 2FA/input_Enter verification code_code"), codetwo): Text '114011' is set on object 'Object Repository/06-Teams/For 2FA/input_Enter verification code_code'

2022-11-09 16:11:14 - [MESSAGE][PASSED] - Text '114011' is set on object 'Object Repository/06-Teams/For 2FA/input_Enter verification code_code'

2022-11-09 16:11:14 - [TEST_STEP][PASSED] - delay(3): Delayed 3 second(s)

2022-11-09 16:11:17 - [MESSAGE][PASSED] - Delayed 3 second(s)

2022-11-09 16:11:17 - [TEST_STEP][PASSED] - click(findTestObject("06-Teams/For 2FA/button_Verify_2FA")): Object: 'Object Repository/06-Teams/For 2FA/button_Verify_2FA' is clicked on

2022-11-09 16:11:48 - [MESSAGE][PASSED] - Object: 'Object Repository/06-Teams/For 2FA/button_Verify_2FA' is clicked on

2022-11-09 16:11:48 - [TEST_STEP][PASSED] - delay(5): Delayed 5 second(s)

2022-11-09 16:11:53 - [MESSAGE][PASSED] - Delayed 5 second(s)

2022-11-09 16:11:53 - [TEST_STEP][PASSED] - executeJavaScript("window.open();", []): Execute JavaScript 'window.open();' successfully

2022-11-09 16:11:53 - [MESSAGE][PASSED] - Execute JavaScript 'window.open();' successfully

2022-11-09 16:11:53 - [TEST_STEP][PASSED] - currentWindow = getWindowIndex(): Current window's index is: 0

2022-11-09 16:11:53 - [MESSAGE][PASSED] - Current window's index is: 0

2022-11-09 16:11:53 - [TEST_STEP][PASSED] - delay(3): Delayed 3 second(s)

2022-11-09 16:11:56 - [MESSAGE][PASSED] - Delayed 3 second(s)

2022-11-09 16:11:56 - [TEST_STEP][PASSED] - switchToWindowIndex(currentWindow + 1): Switched to window with index: '1'

2022-11-09 16:11:56 - [MESSAGE][PASSED] - Switched to window with index: '1'

2022-11-09 16:11:56 - [TEST_STEP][PASSED] - navigateToUrl("https://www.mailinator.com/"): Navigate to 'https://www.mailinator.com/' successfully

2022-11-09 16:11:58 - [MESSAGE][PASSED] - Navigate to 'https://www.mailinator.com/' successfully

2022-11-09 16:11:58 - [TEST_STEP][PASSED] - delay(3): Delayed 3 second(s)

2022-11-09 16:12:01 - [MESSAGE][PASSED] - Delayed 3 second(s)

2022-11-09 16:12:01 - [TEST_STEP][PASSED] - setText(findTestObject("00-Signup and Activation/zMailinator/input_LOGIN_search"), "autotester04@mailinator.com"): Text 'autotester04@mailinator.com' is set on object 'Object Repository/00-Signup and Activation/zMailinator/input_LOGIN_search'

2022-11-09 16:12:01 - [MESSAGE][PASSED] - Text 'autotester04@mailinator.com' is set on object 'Object Repository/00-Signup and Activation/zMailinator/input_LOGIN_search'

2022-11-09 16:12:01 - [TEST_STEP][PASSED] - click(findTestObject("00-Signup and Activation/zMailinator/gobutton"), STOP_ON_FAILURE): Object: 'Object Repository/00-Signup and Activation/zMailinator/gobutton' is clicked on

2022-11-09 16:12:02 - [MESSAGE][PASSED] - Object: 'Object Repository/00-Signup and Activation/zMailinator/gobutton' is clicked on

2022-11-09 16:12:02 - [TEST_STEP][PASSED] - delay(3): Delayed 3 second(s)

2022-11-09 16:12:05 - [MESSAGE][PASSED] - Delayed 3 second(s)

2022-11-09 16:12:05 - [TEST_STEP][PASSED] - closeWindowTitle("Everleagues"): Window with title: 'Everleagues' is closed

2022-11-09 16:12:05 - [MESSAGE][PASSED] - Window with title: 'Everleagues' is closed

2022-11-09 16:12:05 - [TEST_STEP][PASSED] - switchToWindowIndex(0): Switched to window with index: '0'

2022-11-09 16:12:05 - [MESSAGE][PASSED] - Switched to window with index: '0'

2022-11-09 16:12:05 - [TEST_STEP][PASSED] - click(findTestObject("09-Settings/Users/Co worker/td_Invitation from GG Automation")): Object: 'Object Repository/09-Settings/Users/Co worker/td_Invitation from GG Automation' is clicked on

2022-11-09 16:12:06 - [MESSAGE][PASSED] - Object: 'Object Repository/09-Settings/Users/Co worker/td_Invitation from GG Automation' is clicked on

2022-11-09 16:12:06 - [TEST_STEP][PASSED] - click(findTestObject("09-Settings/Users/Co worker/a_Click here to join GG Automation on EverLeagues")): Object: 'Object Repository/09-Settings/Users/Co worker/a_Click here to join GG Automation on EverLeagues' is clicked on

2022-11-09 16:12:07 - [MESSAGE][PASSED] - Object: 'Object Repository/09-Settings/Users/Co worker/a_Click here to join GG Automation on EverLeagues' is clicked on

2022-11-09 16:12:07 - [TEST_STEP][PASSED] - delay(3): Delayed 3 second(s)

2022-11-09 16:12:10 - [MESSAGE][PASSED] - Delayed 3 second(s)

2022-11-09 16:12:10 - [TEST_STEP][PASSED] - closeWindowTitle("Mailinator"): Window with title: 'Mailinator' is closed

2022-11-09 16:12:10 - [MESSAGE][PASSED] - Window with title: 'Mailinator' is closed

2022-11-09 16:12:10 - [TEST_STEP][PASSED] - switchToWindowIndex(0): Switched to window with index: '0'

2022-11-09 16:12:10 - [MESSAGE][PASSED] - Switched to window with index: '0'

2022-11-09 16:12:10 - [TEST_STEP][PASSED] - verifyElementVisible(findTestObject("09-Settings/Users/Co worker/Invite modal")): Object 'Object Repository/09-Settings/Users/Co worker/Invite modal' is visible

2022-11-09 16:12:12 - [MESSAGE][PASSED] - Object 'Object Repository/09-Settings/Users/Co worker/Invite modal' is visible

2022-11-09 16:12:12 - [TEST_STEP][PASSED] - click(findTestObject("09-Settings/Users/Co worker/button_Accept")): Object: 'Object Repository/09-Settings/Users/Co worker/button_Accept' is clicked on

2022-11-09 16:12:12 - [MESSAGE][PASSED] - Object: 'Object Repository/09-Settings/Users/Co worker/button_Accept' is clicked on

2022-11-09 16:12:12 - [TEST_STEP][PASSED] - delay(10): Delayed 10 second(s)

2022-11-09 16:12:22 - [MESSAGE][PASSED] - Delayed 10 second(s)

2022-11-09 16:12:22 - [TEST_STEP][PASSED] - verifyElementVisible(findTestObject("09-Settings/Users/Co worker/div_Joined as CoWorker")): Object 'Object Repository/09-Settings/Users/Co worker/div_Joined as CoWorker' is visible

2022-11-09 16:12:23 - [MESSAGE][PASSED] - Object 'Object Repository/09-Settings/Users/Co worker/div_Joined as CoWorker' is visible

2022-11-09 16:12:23 - [TEST_STEP][PASSED] - closeBrowser(): Browser is closed

2022-11-09 16:12:24 - [MESSAGE][PASSED] - Browser is closed]]></system-out>
         <system-err><![CDATA[]]></system-err>
      </testcase>
      <testcase name="Test Cases/09-Settings/03 - Users (Invite new user as client)" time="231.805" classname="Test Cases/09-Settings/03 - Users (Invite new user as client)" status="PASSED">
         <system-out><![CDATA[2022-11-09 16:12:24 - [TEST_CASE][PASSED] - Test Cases/09-Settings/03 - Users (Invite new user as client): Test Cases/09-Settings/03 - Users (Invite new user as client)

2022-11-09 16:12:24 - [TEST_STEP][PASSED] - openBrowser(""): Browser is opened with url: ''

2022-11-09 16:12:24 - [MESSAGE][INFO] - Starting 'Chrome' driver

2022-11-09 16:12:24 - [MESSAGE][INFO] - Action delay is set to 0 milliseconds

2022-11-09 16:12:25 - [MESSAGE][PASSED] - Browser is opened with url: ''

2022-11-09 16:12:25 - [TEST_STEP][PASSED] - navigateToUrl("https://lab.everleagues.com/"): Navigate to 'https://lab.everleagues.com/' successfully

2022-11-09 16:13:02 - [MESSAGE][PASSED] - Navigate to 'https://lab.everleagues.com/' successfully

2022-11-09 16:13:02 - [TEST_STEP][PASSED] - maximizeWindow(): Current window maximized

2022-11-09 16:13:02 - [MESSAGE][PASSED] - Current window maximized

2022-11-09 16:13:02 - [TEST_STEP][PASSED] - setText(findTestObject("02-Side Icons(Organization)/Add Contact/Email Field"), "testuser02@mailinator.com"): Text 'testuser02@mailinator.com' is set on object 'Object Repository/02-Side Icons(Organization)/Add Contact/Email Field'

2022-11-09 16:13:04 - [MESSAGE][PASSED] - Text 'testuser02@mailinator.com' is set on object 'Object Repository/02-Side Icons(Organization)/Add Contact/Email Field'

2022-11-09 16:13:04 - [TEST_STEP][PASSED] - setEncryptedText(findTestObject("02-Side Icons(Organization)/Add Contact/Password Field"), "8yFRyszE6U6jvsCn51OQbg=="): Text ****** has been set on object 'Object Repository/02-Side Icons(Organization)/Add Contact/Password Field'

2022-11-09 16:13:04 - [MESSAGE][PASSED] - Text ****** has been set on object 'Object Repository/02-Side Icons(Organization)/Add Contact/Password Field'

2022-11-09 16:13:04 - [TEST_STEP][PASSED] - click(findTestObject("02-Side Icons(Organization)/Add Contact/button_Sign in")): Object: 'Object Repository/02-Side Icons(Organization)/Add Contact/button_Sign in' is clicked on

2022-11-09 16:13:05 - [MESSAGE][PASSED] - Object: 'Object Repository/02-Side Icons(Organization)/Add Contact/button_Sign in' is clicked on

2022-11-09 16:13:05 - [TEST_STEP][PASSED] - delay(2): Delayed 2 second(s)

2022-11-09 16:13:07 - [MESSAGE][PASSED] - Delayed 2 second(s)

2022-11-09 16:13:07 - [TEST_STEP][PASSED] - click(findTestObject("06-Teams/For 2FA/button_Confirm_2FA")): Object: 'Object Repository/06-Teams/For 2FA/button_Confirm_2FA' is clicked on

2022-11-09 16:13:07 - [MESSAGE][PASSED] - Object: 'Object Repository/06-Teams/For 2FA/button_Confirm_2FA' is clicked on

2022-11-09 16:13:07 - [TEST_STEP][PASSED] - executeJavaScript("window.open();", []): Execute JavaScript 'window.open();' successfully

2022-11-09 16:13:08 - [MESSAGE][PASSED] - Execute JavaScript 'window.open();' successfully

2022-11-09 16:13:08 - [TEST_STEP][PASSED] - currentWindow = getWindowIndex(): Current window's index is: 0

2022-11-09 16:13:08 - [MESSAGE][PASSED] - Current window's index is: 0

2022-11-09 16:13:08 - [TEST_STEP][PASSED] - delay(3): Delayed 3 second(s)

2022-11-09 16:13:11 - [MESSAGE][PASSED] - Delayed 3 second(s)

2022-11-09 16:13:11 - [TEST_STEP][PASSED] - switchToWindowIndex(currentWindow + 1): Switched to window with index: '1'

2022-11-09 16:13:11 - [MESSAGE][PASSED] - Switched to window with index: '1'

2022-11-09 16:13:11 - [TEST_STEP][PASSED] - navigateToUrl("https://www.mailinator.com/"): Navigate to 'https://www.mailinator.com/' successfully

2022-11-09 16:13:12 - [MESSAGE][PASSED] - Navigate to 'https://www.mailinator.com/' successfully

2022-11-09 16:13:12 - [TEST_STEP][PASSED] - delay(3): Delayed 3 second(s)

2022-11-09 16:13:15 - [MESSAGE][PASSED] - Delayed 3 second(s)

2022-11-09 16:13:15 - [TEST_STEP][PASSED] - setText(findTestObject("00-Signup and Activation/zMailinator/input_LOGIN_search"), "testuser02@mailinator.com"): Text 'testuser02@mailinator.com' is set on object 'Object Repository/00-Signup and Activation/zMailinator/input_LOGIN_search'

2022-11-09 16:13:16 - [MESSAGE][PASSED] - Text 'testuser02@mailinator.com' is set on object 'Object Repository/00-Signup and Activation/zMailinator/input_LOGIN_search'

2022-11-09 16:13:16 - [TEST_STEP][PASSED] - click(findTestObject("00-Signup and Activation/zMailinator/gobutton"), STOP_ON_FAILURE): Object: 'Object Repository/00-Signup and Activation/zMailinator/gobutton' is clicked on

2022-11-09 16:13:18 - [MESSAGE][PASSED] - Object: 'Object Repository/00-Signup and Activation/zMailinator/gobutton' is clicked on

2022-11-09 16:13:18 - [TEST_STEP][PASSED] - delay(3): Delayed 3 second(s)

2022-11-09 16:13:21 - [MESSAGE][PASSED] - Delayed 3 second(s)

2022-11-09 16:13:21 - [TEST_STEP][PASSED] - click(findTestObject("00-Signup and Activation/zMailinator/Email - everleagues")): Object: 'Object Repository/00-Signup and Activation/zMailinator/Email - everleagues' is clicked on

2022-11-09 16:13:21 - [MESSAGE][PASSED] - Object: 'Object Repository/00-Signup and Activation/zMailinator/Email - everleagues' is clicked on

2022-11-09 16:13:21 - [TEST_STEP][PASSED] - delay(3): Delayed 3 second(s)

2022-11-09 16:13:24 - [MESSAGE][PASSED] - Delayed 3 second(s)

2022-11-09 16:13:24 - [TEST_STEP][PASSED] - code = getText(findTestObject("Object Repository/06-Teams/For 2FA/2FA code")): Text of object 'Object Repository/06-Teams/For 2FA/2FA code' is: '461177'

2022-11-09 16:13:24 - [MESSAGE][PASSED] - Text of object 'Object Repository/06-Teams/For 2FA/2FA code' is: '461177'

2022-11-09 16:13:24 - [TEST_STEP][PASSED] - delay(3): Delayed 3 second(s)

2022-11-09 16:13:27 - [MESSAGE][PASSED] - Delayed 3 second(s)

2022-11-09 16:13:27 - [TEST_STEP][PASSED] - closeWindowTitle("Mailinator"): Window with title: 'Mailinator' is closed

2022-11-09 16:13:28 - [MESSAGE][PASSED] - Window with title: 'Mailinator' is closed

2022-11-09 16:13:28 - [TEST_STEP][PASSED] - delay(3): Delayed 3 second(s)

2022-11-09 16:13:31 - [MESSAGE][PASSED] - Delayed 3 second(s)

2022-11-09 16:13:31 - [TEST_STEP][PASSED] - switchToWindowIndex(0): Switched to window with index: '0'

2022-11-09 16:13:31 - [MESSAGE][PASSED] - Switched to window with index: '0'

2022-11-09 16:13:31 - [TEST_STEP][PASSED] - delay(3): Delayed 3 second(s)

2022-11-09 16:13:34 - [MESSAGE][PASSED] - Delayed 3 second(s)

2022-11-09 16:13:34 - [TEST_STEP][PASSED] - setText(findTestObject("Object Repository/06-Teams/For 2FA/input_Enter verification code_code"), code): Text '461177' is set on object 'Object Repository/06-Teams/For 2FA/input_Enter verification code_code'

2022-11-09 16:13:35 - [MESSAGE][PASSED] - Text '461177' is set on object 'Object Repository/06-Teams/For 2FA/input_Enter verification code_code'

2022-11-09 16:13:35 - [TEST_STEP][PASSED] - delay(3): Delayed 3 second(s)

2022-11-09 16:13:38 - [MESSAGE][PASSED] - Delayed 3 second(s)

2022-11-09 16:13:38 - [TEST_STEP][PASSED] - click(findTestObject("06-Teams/For 2FA/button_Verify_2FA")): Object: 'Object Repository/06-Teams/For 2FA/button_Verify_2FA' is clicked on

2022-11-09 16:13:38 - [MESSAGE][PASSED] - Object: 'Object Repository/06-Teams/For 2FA/button_Verify_2FA' is clicked on

2022-11-09 16:13:38 - [TEST_STEP][PASSED] - delay(5): Delayed 5 second(s)

2022-11-09 16:13:43 - [MESSAGE][PASSED] - Delayed 5 second(s)

2022-11-09 16:13:43 - [TEST_STEP][PASSED] - click(findTestObject("06-Teams/button_doublearrow")): Object: 'Object Repository/06-Teams/button_doublearrow' is clicked on

2022-11-09 16:13:45 - [MESSAGE][PASSED] - Object: 'Object Repository/06-Teams/button_doublearrow' is clicked on

2022-11-09 16:13:45 - [TEST_STEP][PASSED] - click(findTestObject("06-Teams/button_My Organizations")): Object: 'Object Repository/06-Teams/button_My Organizations' is clicked on

2022-11-09 16:13:46 - [MESSAGE][PASSED] - Object: 'Object Repository/06-Teams/button_My Organizations' is clicked on

2022-11-09 16:13:46 - [TEST_STEP][PASSED] - click(findTestObject("06-Teams/button_GG Automation")): Object: 'Object Repository/06-Teams/button_GG Automation' is clicked on

2022-11-09 16:13:46 - [MESSAGE][PASSED] - Object: 'Object Repository/06-Teams/button_GG Automation' is clicked on

2022-11-09 16:13:46 - [TEST_STEP][PASSED] - delay(4): Delayed 4 second(s)

2022-11-09 16:13:51 - [MESSAGE][PASSED] - Delayed 4 second(s)

2022-11-09 16:13:51 - [TEST_STEP][PASSED] - verifyElementVisible(findTestObject("06-Teams/span_GG Automation")): Object 'Object Repository/06-Teams/span_GG Automation' is visible

2022-11-09 16:13:51 - [MESSAGE][PASSED] - Object 'Object Repository/06-Teams/span_GG Automation' is visible

2022-11-09 16:13:51 - [TEST_STEP][PASSED] - delay(10): Delayed 10 second(s)

2022-11-09 16:14:01 - [MESSAGE][PASSED] - Delayed 10 second(s)

2022-11-09 16:14:01 - [TEST_STEP][PASSED] - click(findTestObject("03-Header Menu/Hamburger Button/div_Settings")): Object: 'Object Repository/03-Header Menu/Hamburger Button/div_Settings' is clicked on

2022-11-09 16:14:01 - [MESSAGE][PASSED] - Object: 'Object Repository/03-Header Menu/Hamburger Button/div_Settings' is clicked on

2022-11-09 16:14:01 - [TEST_STEP][PASSED] - delay(3): Delayed 3 second(s)

2022-11-09 16:14:04 - [MESSAGE][PASSED] - Delayed 3 second(s)

2022-11-09 16:14:04 - [TEST_STEP][PASSED] - click(findTestObject("09-Settings/Users/div_Users")): Object: 'Object Repository/09-Settings/Users/div_Users' is clicked on

2022-11-09 16:14:05 - [MESSAGE][PASSED] - Object: 'Object Repository/09-Settings/Users/div_Users' is clicked on

2022-11-09 16:14:05 - [TEST_STEP][PASSED] - delay(3): Delayed 3 second(s)

2022-11-09 16:14:08 - [MESSAGE][PASSED] - Delayed 3 second(s)

2022-11-09 16:14:08 - [TEST_STEP][PASSED] - click(findTestObject("09-Settings/Users/button_add")): Object: 'Object Repository/09-Settings/Users/button_add' is clicked on

2022-11-09 16:14:08 - [MESSAGE][PASSED] - Object: 'Object Repository/09-Settings/Users/button_add' is clicked on

2022-11-09 16:14:08 - [TEST_STEP][PASSED] - delay(3): Delayed 3 second(s)

2022-11-09 16:14:11 - [MESSAGE][PASSED] - Delayed 3 second(s)

2022-11-09 16:14:11 - [TEST_STEP][PASSED] - click(findTestObject("09-Settings/Users/add Invite a single user")): Object: 'Object Repository/09-Settings/Users/add Invite a single user' is clicked on

2022-11-09 16:14:12 - [MESSAGE][PASSED] - Object: 'Object Repository/09-Settings/Users/add Invite a single user' is clicked on

2022-11-09 16:14:12 - [TEST_STEP][PASSED] - delay(3): Delayed 3 second(s)

2022-11-09 16:14:15 - [MESSAGE][PASSED] - Delayed 3 second(s)

2022-11-09 16:14:15 - [TEST_STEP][PASSED] - setText(findTestObject("09-Settings/Users/input_email"), "autotester09@mailinator.com"): Text 'autotester09@mailinator.com' is set on object 'Object Repository/09-Settings/Users/input_email'

2022-11-09 16:14:16 - [MESSAGE][PASSED] - Text 'autotester09@mailinator.com' is set on object 'Object Repository/09-Settings/Users/input_email'

2022-11-09 16:14:16 - [TEST_STEP][PASSED] - setText(findTestObject("09-Settings/Users/input_firstName"), "GG"): Text 'GG' is set on object 'Object Repository/09-Settings/Users/input_firstName'

2022-11-09 16:14:16 - [MESSAGE][PASSED] - Text 'GG' is set on object 'Object Repository/09-Settings/Users/input_firstName'

2022-11-09 16:14:16 - [TEST_STEP][PASSED] - setText(findTestObject("09-Settings/Users/input_lastName"), "Client"): Text 'Client' is set on object 'Object Repository/09-Settings/Users/input_lastName'

2022-11-09 16:14:17 - [MESSAGE][PASSED] - Text 'Client' is set on object 'Object Repository/09-Settings/Users/input_lastName'

2022-11-09 16:14:17 - [TEST_STEP][PASSED] - click(findTestObject("09-Settings/Users/span_Role")): Object: 'Object Repository/09-Settings/Users/span_Role' is clicked on

2022-11-09 16:14:18 - [MESSAGE][PASSED] - Object: 'Object Repository/09-Settings/Users/span_Role' is clicked on

2022-11-09 16:14:18 - [TEST_STEP][PASSED] - click(findTestObject("09-Settings/Users/span_Client")): Object: 'Object Repository/09-Settings/Users/span_Client' is clicked on

2022-11-09 16:14:18 - [MESSAGE][PASSED] - Object: 'Object Repository/09-Settings/Users/span_Client' is clicked on

2022-11-09 16:14:18 - [TEST_STEP][PASSED] - click(findTestObject("09-Settings/Users/button_Send Invitation")): Object: 'Object Repository/09-Settings/Users/button_Send Invitation' is clicked on

2022-11-09 16:14:19 - [MESSAGE][PASSED] - Object: 'Object Repository/09-Settings/Users/button_Send Invitation' is clicked on

2022-11-09 16:14:19 - [TEST_STEP][PASSED] - delay(2): Delayed 2 second(s)

2022-11-09 16:14:21 - [MESSAGE][PASSED] - Delayed 2 second(s)

2022-11-09 16:14:21 - [TEST_STEP][PASSED] - verifyElementVisible(findTestObject("07-Directory/Connections/zContact Profile/Successfully invited user")): Object 'Object Repository/07-Directory/Connections/zContact Profile/Successfully invited user' is visible

2022-11-09 16:14:23 - [MESSAGE][PASSED] - Object 'Object Repository/07-Directory/Connections/zContact Profile/Successfully invited user' is visible

2022-11-09 16:14:23 - [TEST_STEP][PASSED] - delay(2): Delayed 2 second(s)

2022-11-09 16:14:25 - [MESSAGE][PASSED] - Delayed 2 second(s)

2022-11-09 16:14:25 - [TEST_STEP][PASSED] - click(findTestObject("01-Login and Forgot Password/User menu drop")): Object: 'Object Repository/01-Login and Forgot Password/User menu drop' is clicked on

2022-11-09 16:14:25 - [MESSAGE][PASSED] - Object: 'Object Repository/01-Login and Forgot Password/User menu drop' is clicked on

2022-11-09 16:14:25 - [TEST_STEP][PASSED] - delay(2): Delayed 2 second(s)

2022-11-09 16:14:27 - [MESSAGE][PASSED] - Delayed 2 second(s)

2022-11-09 16:14:27 - [TEST_STEP][PASSED] - click(findTestObject("01-Login and Forgot Password/h4_Sign Out"), STOP_ON_FAILURE): Object: 'Object Repository/01-Login and Forgot Password/h4_Sign Out' is clicked on

2022-11-09 16:14:27 - [MESSAGE][PASSED] - Object: 'Object Repository/01-Login and Forgot Password/h4_Sign Out' is clicked on

2022-11-09 16:14:27 - [TEST_STEP][PASSED] - delay(2): Delayed 2 second(s)

2022-11-09 16:14:29 - [MESSAGE][PASSED] - Delayed 2 second(s)

2022-11-09 16:14:29 - [TEST_STEP][PASSED] - verifyElementPresent(findTestObject("01-Login and Forgot Password/Login_Card"), 0): Object 'Object Repository/01-Login and Forgot Password/Login_Card' is present

2022-11-09 16:14:29 - [MESSAGE][WARNING] - Timeout '0' is invalid. Using default page load timeout: '30'

2022-11-09 16:14:30 - [MESSAGE][PASSED] - Object 'Object Repository/01-Login and Forgot Password/Login_Card' is present

2022-11-09 16:14:30 - [TEST_STEP][PASSED] - delay(3): Delayed 3 second(s)

2022-11-09 16:14:33 - [MESSAGE][PASSED] - Delayed 3 second(s)

2022-11-09 16:14:33 - [TEST_STEP][PASSED] - closeBrowser(): Browser is closed

2022-11-09 16:14:33 - [MESSAGE][PASSED] - Browser is closed

2022-11-09 16:14:33 - [TEST_STEP][PASSED] - openBrowser(""): Browser is opened with url: ''

2022-11-09 16:14:33 - [MESSAGE][INFO] - Starting 'Chrome' driver

2022-11-09 16:14:33 - [MESSAGE][INFO] - Action delay is set to 0 milliseconds

2022-11-09 16:14:35 - [MESSAGE][PASSED] - Browser is opened with url: ''

2022-11-09 16:14:35 - [TEST_STEP][PASSED] - navigateToUrl("https://lab.everleagues.com/"): Navigate to 'https://lab.everleagues.com/' successfully

2022-11-09 16:15:00 - [MESSAGE][PASSED] - Navigate to 'https://lab.everleagues.com/' successfully

2022-11-09 16:15:00 - [TEST_STEP][PASSED] - maximizeWindow(): Current window maximized

2022-11-09 16:15:00 - [MESSAGE][PASSED] - Current window maximized

2022-11-09 16:15:00 - [TEST_STEP][PASSED] - setText(findTestObject("02-Side Icons(Organization)/Add Contact/Email Field"), "autotester09@mailinator.com"): Text 'autotester09@mailinator.com' is set on object 'Object Repository/02-Side Icons(Organization)/Add Contact/Email Field'

2022-11-09 16:15:01 - [MESSAGE][PASSED] - Text 'autotester09@mailinator.com' is set on object 'Object Repository/02-Side Icons(Organization)/Add Contact/Email Field'

2022-11-09 16:15:01 - [TEST_STEP][PASSED] - setEncryptedText(findTestObject("02-Side Icons(Organization)/Add Contact/Password Field"), "8yFRyszE6U6jvsCn51OQbg=="): Text ****** has been set on object 'Object Repository/02-Side Icons(Organization)/Add Contact/Password Field'

2022-11-09 16:15:01 - [MESSAGE][PASSED] - Text ****** has been set on object 'Object Repository/02-Side Icons(Organization)/Add Contact/Password Field'

2022-11-09 16:15:01 - [TEST_STEP][PASSED] - click(findTestObject("02-Side Icons(Organization)/Add Contact/button_Sign in")): Object: 'Object Repository/02-Side Icons(Organization)/Add Contact/button_Sign in' is clicked on

2022-11-09 16:15:02 - [MESSAGE][PASSED] - Object: 'Object Repository/02-Side Icons(Organization)/Add Contact/button_Sign in' is clicked on

2022-11-09 16:15:02 - [TEST_STEP][PASSED] - delay(2): Delayed 2 second(s)

2022-11-09 16:15:04 - [MESSAGE][PASSED] - Delayed 2 second(s)

2022-11-09 16:15:04 - [TEST_STEP][PASSED] - click(findTestObject("06-Teams/For 2FA/button_Confirm_2FA")): Object: 'Object Repository/06-Teams/For 2FA/button_Confirm_2FA' is clicked on

2022-11-09 16:15:04 - [MESSAGE][PASSED] - Object: 'Object Repository/06-Teams/For 2FA/button_Confirm_2FA' is clicked on

2022-11-09 16:15:04 - [TEST_STEP][PASSED] - executeJavaScript("window.open();", []): Execute JavaScript 'window.open();' successfully

2022-11-09 16:15:04 - [MESSAGE][PASSED] - Execute JavaScript 'window.open();' successfully

2022-11-09 16:15:04 - [TEST_STEP][PASSED] - currentWindow = getWindowIndex(): Current window's index is: 0

2022-11-09 16:15:04 - [MESSAGE][PASSED] - Current window's index is: 0

2022-11-09 16:15:04 - [TEST_STEP][PASSED] - delay(3): Delayed 3 second(s)

2022-11-09 16:15:07 - [MESSAGE][PASSED] - Delayed 3 second(s)

2022-11-09 16:15:07 - [TEST_STEP][PASSED] - switchToWindowIndex(currentWindow + 1): Switched to window with index: '1'

2022-11-09 16:15:07 - [MESSAGE][PASSED] - Switched to window with index: '1'

2022-11-09 16:15:07 - [TEST_STEP][PASSED] - navigateToUrl("https://www.mailinator.com/"): Navigate to 'https://www.mailinator.com/' successfully

2022-11-09 16:15:09 - [MESSAGE][PASSED] - Navigate to 'https://www.mailinator.com/' successfully

2022-11-09 16:15:09 - [TEST_STEP][PASSED] - delay(3): Delayed 3 second(s)

2022-11-09 16:15:12 - [MESSAGE][PASSED] - Delayed 3 second(s)

2022-11-09 16:15:12 - [TEST_STEP][PASSED] - setText(findTestObject("00-Signup and Activation/zMailinator/input_LOGIN_search"), "autotester09@mailinator.com"): Text 'autotester09@mailinator.com' is set on object 'Object Repository/00-Signup and Activation/zMailinator/input_LOGIN_search'

2022-11-09 16:15:13 - [MESSAGE][PASSED] - Text 'autotester09@mailinator.com' is set on object 'Object Repository/00-Signup and Activation/zMailinator/input_LOGIN_search'

2022-11-09 16:15:13 - [TEST_STEP][PASSED] - click(findTestObject("00-Signup and Activation/zMailinator/gobutton"), STOP_ON_FAILURE): Object: 'Object Repository/00-Signup and Activation/zMailinator/gobutton' is clicked on

2022-11-09 16:15:15 - [MESSAGE][PASSED] - Object: 'Object Repository/00-Signup and Activation/zMailinator/gobutton' is clicked on

2022-11-09 16:15:15 - [TEST_STEP][PASSED] - delay(3): Delayed 3 second(s)

2022-11-09 16:15:18 - [MESSAGE][PASSED] - Delayed 3 second(s)

2022-11-09 16:15:18 - [TEST_STEP][PASSED] - click(findTestObject("00-Signup and Activation/zMailinator/Email - everleagues")): Object: 'Object Repository/00-Signup and Activation/zMailinator/Email - everleagues' is clicked on

2022-11-09 16:15:18 - [MESSAGE][PASSED] - Object: 'Object Repository/00-Signup and Activation/zMailinator/Email - everleagues' is clicked on

2022-11-09 16:15:18 - [TEST_STEP][PASSED] - delay(3): Delayed 3 second(s)

2022-11-09 16:15:21 - [MESSAGE][PASSED] - Delayed 3 second(s)

2022-11-09 16:15:21 - [TEST_STEP][PASSED] - codetwo = getText(findTestObject("Object Repository/06-Teams/For 2FA/2FA code")): Text of object 'Object Repository/06-Teams/For 2FA/2FA code' is: '714684'

2022-11-09 16:15:21 - [MESSAGE][PASSED] - Text of object 'Object Repository/06-Teams/For 2FA/2FA code' is: '714684'

2022-11-09 16:15:21 - [TEST_STEP][PASSED] - delay(3): Delayed 3 second(s)

2022-11-09 16:15:24 - [MESSAGE][PASSED] - Delayed 3 second(s)

2022-11-09 16:15:24 - [TEST_STEP][PASSED] - closeWindowTitle("Mailinator"): Window with title: 'Mailinator' is closed

2022-11-09 16:15:25 - [MESSAGE][PASSED] - Window with title: 'Mailinator' is closed

2022-11-09 16:15:25 - [TEST_STEP][PASSED] - delay(3): Delayed 3 second(s)

2022-11-09 16:15:28 - [MESSAGE][PASSED] - Delayed 3 second(s)

2022-11-09 16:15:28 - [TEST_STEP][PASSED] - switchToWindowIndex(0): Switched to window with index: '0'

2022-11-09 16:15:28 - [MESSAGE][PASSED] - Switched to window with index: '0'

2022-11-09 16:15:28 - [TEST_STEP][PASSED] - delay(3): Delayed 3 second(s)

2022-11-09 16:15:31 - [MESSAGE][PASSED] - Delayed 3 second(s)

2022-11-09 16:15:31 - [TEST_STEP][PASSED] - setText(findTestObject("Object Repository/06-Teams/For 2FA/input_Enter verification code_code"), codetwo): Text '714684' is set on object 'Object Repository/06-Teams/For 2FA/input_Enter verification code_code'

2022-11-09 16:15:32 - [MESSAGE][PASSED] - Text '714684' is set on object 'Object Repository/06-Teams/For 2FA/input_Enter verification code_code'

2022-11-09 16:15:32 - [TEST_STEP][PASSED] - delay(3): Delayed 3 second(s)

2022-11-09 16:15:35 - [MESSAGE][PASSED] - Delayed 3 second(s)

2022-11-09 16:15:35 - [TEST_STEP][PASSED] - click(findTestObject("06-Teams/For 2FA/button_Verify_2FA")): Object: 'Object Repository/06-Teams/For 2FA/button_Verify_2FA' is clicked on

2022-11-09 16:15:35 - [MESSAGE][PASSED] - Object: 'Object Repository/06-Teams/For 2FA/button_Verify_2FA' is clicked on

2022-11-09 16:15:35 - [TEST_STEP][PASSED] - delay(5): Delayed 5 second(s)

2022-11-09 16:15:40 - [MESSAGE][PASSED] - Delayed 5 second(s)

2022-11-09 16:15:40 - [TEST_STEP][PASSED] - executeJavaScript("window.open();", []): Execute JavaScript 'window.open();' successfully

2022-11-09 16:15:40 - [MESSAGE][PASSED] - Execute JavaScript 'window.open();' successfully

2022-11-09 16:15:40 - [TEST_STEP][PASSED] - currentWindow = getWindowIndex(): Current window's index is: 0

2022-11-09 16:15:40 - [MESSAGE][PASSED] - Current window's index is: 0

2022-11-09 16:15:40 - [TEST_STEP][PASSED] - delay(3): Delayed 3 second(s)

2022-11-09 16:15:43 - [MESSAGE][PASSED] - Delayed 3 second(s)

2022-11-09 16:15:43 - [TEST_STEP][PASSED] - switchToWindowIndex(currentWindow + 1): Switched to window with index: '1'

2022-11-09 16:15:43 - [MESSAGE][PASSED] - Switched to window with index: '1'

2022-11-09 16:15:43 - [TEST_STEP][PASSED] - navigateToUrl("https://www.mailinator.com/"): Navigate to 'https://www.mailinator.com/' successfully

2022-11-09 16:15:45 - [MESSAGE][PASSED] - Navigate to 'https://www.mailinator.com/' successfully

2022-11-09 16:15:45 - [TEST_STEP][PASSED] - delay(3): Delayed 3 second(s)

2022-11-09 16:15:48 - [MESSAGE][PASSED] - Delayed 3 second(s)

2022-11-09 16:15:48 - [TEST_STEP][PASSED] - setText(findTestObject("00-Signup and Activation/zMailinator/input_LOGIN_search"), "autotester09@mailinator.com"): Text 'autotester09@mailinator.com' is set on object 'Object Repository/00-Signup and Activation/zMailinator/input_LOGIN_search'

2022-11-09 16:15:48 - [MESSAGE][PASSED] - Text 'autotester09@mailinator.com' is set on object 'Object Repository/00-Signup and Activation/zMailinator/input_LOGIN_search'

2022-11-09 16:15:48 - [TEST_STEP][PASSED] - click(findTestObject("00-Signup and Activation/zMailinator/gobutton"), STOP_ON_FAILURE): Object: 'Object Repository/00-Signup and Activation/zMailinator/gobutton' is clicked on

2022-11-09 16:15:49 - [MESSAGE][PASSED] - Object: 'Object Repository/00-Signup and Activation/zMailinator/gobutton' is clicked on

2022-11-09 16:15:49 - [TEST_STEP][PASSED] - delay(3): Delayed 3 second(s)

2022-11-09 16:15:52 - [MESSAGE][PASSED] - Delayed 3 second(s)

2022-11-09 16:15:52 - [TEST_STEP][PASSED] - closeWindowTitle("Everleagues"): Window with title: 'Everleagues' is closed

2022-11-09 16:15:53 - [MESSAGE][PASSED] - Window with title: 'Everleagues' is closed

2022-11-09 16:15:53 - [TEST_STEP][PASSED] - switchToWindowIndex(0): Switched to window with index: '0'

2022-11-09 16:15:53 - [MESSAGE][PASSED] - Switched to window with index: '0'

2022-11-09 16:15:53 - [TEST_STEP][PASSED] - click(findTestObject("09-Settings/Users/Co worker/td_Invitation from GG Automation")): Object: 'Object Repository/09-Settings/Users/Co worker/td_Invitation from GG Automation' is clicked on

2022-11-09 16:15:53 - [MESSAGE][PASSED] - Object: 'Object Repository/09-Settings/Users/Co worker/td_Invitation from GG Automation' is clicked on

2022-11-09 16:15:53 - [TEST_STEP][PASSED] - click(findTestObject("09-Settings/Users/Co worker/a_Click here to join GG Automation on EverLeagues")): Object: 'Object Repository/09-Settings/Users/Co worker/a_Click here to join GG Automation on EverLeagues' is clicked on

2022-11-09 16:15:54 - [MESSAGE][PASSED] - Object: 'Object Repository/09-Settings/Users/Co worker/a_Click here to join GG Automation on EverLeagues' is clicked on

2022-11-09 16:15:54 - [TEST_STEP][PASSED] - closeWindowTitle("Mailinator"): Window with title: 'Mailinator' is closed

2022-11-09 16:15:54 - [MESSAGE][PASSED] - Window with title: 'Mailinator' is closed

2022-11-09 16:15:54 - [TEST_STEP][PASSED] - switchToWindowIndex(0): Switched to window with index: '0'

2022-11-09 16:15:54 - [MESSAGE][PASSED] - Switched to window with index: '0'

2022-11-09 16:15:54 - [TEST_STEP][PASSED] - verifyElementVisible(findTestObject("09-Settings/Users/Client/Invite modal")): Object 'Object Repository/09-Settings/Users/Client/Invite modal' is visible

2022-11-09 16:16:00 - [MESSAGE][PASSED] - Object 'Object Repository/09-Settings/Users/Client/Invite modal' is visible

2022-11-09 16:16:00 - [TEST_STEP][PASSED] - setText(findTestObject("09-Settings/Users/Client/Company field"), "QA Company"): Text 'QA Company' is set on object 'Object Repository/09-Settings/Users/Client/Company field'

2022-11-09 16:16:01 - [MESSAGE][PASSED] - Text 'QA Company' is set on object 'Object Repository/09-Settings/Users/Client/Company field'

2022-11-09 16:16:01 - [TEST_STEP][PASSED] - click(findTestObject("09-Settings/Users/Client/button_Accept")): Object: 'Object Repository/09-Settings/Users/Client/button_Accept' is clicked on

2022-11-09 16:16:01 - [MESSAGE][PASSED] - Object: 'Object Repository/09-Settings/Users/Client/button_Accept' is clicked on

2022-11-09 16:16:01 - [TEST_STEP][PASSED] - delay(10): Delayed 10 second(s)

2022-11-09 16:16:11 - [MESSAGE][PASSED] - Delayed 10 second(s)

2022-11-09 16:16:11 - [TEST_STEP][PASSED] - verifyElementVisible(findTestObject("09-Settings/Users/Client/div_Joined as CLIENT")): Object 'Object Repository/09-Settings/Users/Client/div_Joined as CLIENT' is visible

2022-11-09 16:16:12 - [MESSAGE][PASSED] - Object 'Object Repository/09-Settings/Users/Client/div_Joined as CLIENT' is visible

2022-11-09 16:16:12 - [TEST_STEP][PASSED] - delay(3): Delayed 3 second(s)

2022-11-09 16:16:15 - [MESSAGE][PASSED] - Delayed 3 second(s)

2022-11-09 16:16:15 - [TEST_STEP][PASSED] - closeBrowser(): Browser is closed

2022-11-09 16:16:15 - [MESSAGE][PASSED] - Browser is closed]]></system-out>
         <system-err><![CDATA[]]></system-err>
      </testcase>
      <testcase name="Test Cases/09-Settings/04 - Users (Invite new user as partner)" time="242.933" classname="Test Cases/09-Settings/04 - Users (Invite new user as partner)" status="PASSED">
         <system-out><![CDATA[2022-11-09 16:16:15 - [TEST_CASE][PASSED] - Test Cases/09-Settings/04 - Users (Invite new user as partner): Test Cases/09-Settings/04 - Users (Invite new user as partner)

2022-11-09 16:16:16 - [TEST_STEP][PASSED] - openBrowser(""): Browser is opened with url: ''

2022-11-09 16:16:16 - [MESSAGE][INFO] - Starting 'Chrome' driver

2022-11-09 16:16:16 - [MESSAGE][INFO] - Action delay is set to 0 milliseconds

2022-11-09 16:16:17 - [MESSAGE][PASSED] - Browser is opened with url: ''

2022-11-09 16:16:17 - [TEST_STEP][PASSED] - navigateToUrl("https://lab.everleagues.com/"): Navigate to 'https://lab.everleagues.com/' successfully

2022-11-09 16:16:51 - [MESSAGE][PASSED] - Navigate to 'https://lab.everleagues.com/' successfully

2022-11-09 16:16:51 - [TEST_STEP][PASSED] - maximizeWindow(): Current window maximized

2022-11-09 16:16:51 - [MESSAGE][PASSED] - Current window maximized

2022-11-09 16:16:51 - [TEST_STEP][PASSED] - setText(findTestObject("02-Side Icons(Organization)/Add Contact/Email Field"), "testuser02@mailinator.com"): Text 'testuser02@mailinator.com' is set on object 'Object Repository/02-Side Icons(Organization)/Add Contact/Email Field'

2022-11-09 16:16:52 - [MESSAGE][PASSED] - Text 'testuser02@mailinator.com' is set on object 'Object Repository/02-Side Icons(Organization)/Add Contact/Email Field'

2022-11-09 16:16:52 - [TEST_STEP][PASSED] - setEncryptedText(findTestObject("02-Side Icons(Organization)/Add Contact/Password Field"), "8yFRyszE6U6jvsCn51OQbg=="): Text ****** has been set on object 'Object Repository/02-Side Icons(Organization)/Add Contact/Password Field'

2022-11-09 16:16:52 - [MESSAGE][PASSED] - Text ****** has been set on object 'Object Repository/02-Side Icons(Organization)/Add Contact/Password Field'

2022-11-09 16:16:52 - [TEST_STEP][PASSED] - click(findTestObject("02-Side Icons(Organization)/Add Contact/button_Sign in")): Object: 'Object Repository/02-Side Icons(Organization)/Add Contact/button_Sign in' is clicked on

2022-11-09 16:16:53 - [MESSAGE][PASSED] - Object: 'Object Repository/02-Side Icons(Organization)/Add Contact/button_Sign in' is clicked on

2022-11-09 16:16:53 - [TEST_STEP][PASSED] - delay(2): Delayed 2 second(s)

2022-11-09 16:16:55 - [MESSAGE][PASSED] - Delayed 2 second(s)

2022-11-09 16:16:55 - [TEST_STEP][PASSED] - click(findTestObject("06-Teams/For 2FA/button_Confirm_2FA")): Object: 'Object Repository/06-Teams/For 2FA/button_Confirm_2FA' is clicked on

2022-11-09 16:16:56 - [MESSAGE][PASSED] - Object: 'Object Repository/06-Teams/For 2FA/button_Confirm_2FA' is clicked on

2022-11-09 16:16:56 - [TEST_STEP][PASSED] - executeJavaScript("window.open();", []): Execute JavaScript 'window.open();' successfully

2022-11-09 16:16:56 - [MESSAGE][PASSED] - Execute JavaScript 'window.open();' successfully

2022-11-09 16:16:56 - [TEST_STEP][PASSED] - currentWindow = getWindowIndex(): Current window's index is: 0

2022-11-09 16:16:56 - [MESSAGE][PASSED] - Current window's index is: 0

2022-11-09 16:16:56 - [TEST_STEP][PASSED] - delay(3): Delayed 3 second(s)

2022-11-09 16:16:59 - [MESSAGE][PASSED] - Delayed 3 second(s)

2022-11-09 16:16:59 - [TEST_STEP][PASSED] - switchToWindowIndex(currentWindow + 1): Switched to window with index: '1'

2022-11-09 16:16:59 - [MESSAGE][PASSED] - Switched to window with index: '1'

2022-11-09 16:16:59 - [TEST_STEP][PASSED] - navigateToUrl("https://www.mailinator.com/"): Navigate to 'https://www.mailinator.com/' successfully

2022-11-09 16:17:01 - [MESSAGE][PASSED] - Navigate to 'https://www.mailinator.com/' successfully

2022-11-09 16:17:01 - [TEST_STEP][PASSED] - delay(3): Delayed 3 second(s)

2022-11-09 16:17:04 - [MESSAGE][PASSED] - Delayed 3 second(s)

2022-11-09 16:17:04 - [TEST_STEP][PASSED] - setText(findTestObject("00-Signup and Activation/zMailinator/input_LOGIN_search"), "testuser02@mailinator.com"): Text 'testuser02@mailinator.com' is set on object 'Object Repository/00-Signup and Activation/zMailinator/input_LOGIN_search'

2022-11-09 16:17:04 - [MESSAGE][PASSED] - Text 'testuser02@mailinator.com' is set on object 'Object Repository/00-Signup and Activation/zMailinator/input_LOGIN_search'

2022-11-09 16:17:04 - [TEST_STEP][PASSED] - click(findTestObject("00-Signup and Activation/zMailinator/gobutton"), STOP_ON_FAILURE): Object: 'Object Repository/00-Signup and Activation/zMailinator/gobutton' is clicked on

2022-11-09 16:17:06 - [MESSAGE][PASSED] - Object: 'Object Repository/00-Signup and Activation/zMailinator/gobutton' is clicked on

2022-11-09 16:17:06 - [TEST_STEP][PASSED] - delay(3): Delayed 3 second(s)

2022-11-09 16:17:09 - [MESSAGE][PASSED] - Delayed 3 second(s)

2022-11-09 16:17:09 - [TEST_STEP][PASSED] - click(findTestObject("00-Signup and Activation/zMailinator/Email - everleagues")): Object: 'Object Repository/00-Signup and Activation/zMailinator/Email - everleagues' is clicked on

2022-11-09 16:17:09 - [MESSAGE][PASSED] - Object: 'Object Repository/00-Signup and Activation/zMailinator/Email - everleagues' is clicked on

2022-11-09 16:17:09 - [TEST_STEP][PASSED] - delay(3): Delayed 3 second(s)

2022-11-09 16:17:12 - [MESSAGE][PASSED] - Delayed 3 second(s)

2022-11-09 16:17:12 - [TEST_STEP][PASSED] - code = getText(findTestObject("Object Repository/06-Teams/For 2FA/2FA code")): Text of object 'Object Repository/06-Teams/For 2FA/2FA code' is: '071275'

2022-11-09 16:17:13 - [MESSAGE][PASSED] - Text of object 'Object Repository/06-Teams/For 2FA/2FA code' is: '071275'

2022-11-09 16:17:13 - [TEST_STEP][PASSED] - delay(3): Delayed 3 second(s)

2022-11-09 16:17:16 - [MESSAGE][PASSED] - Delayed 3 second(s)

2022-11-09 16:17:16 - [TEST_STEP][PASSED] - closeWindowTitle("Mailinator"): Window with title: 'Mailinator' is closed

2022-11-09 16:17:16 - [MESSAGE][PASSED] - Window with title: 'Mailinator' is closed

2022-11-09 16:17:16 - [TEST_STEP][PASSED] - delay(3): Delayed 3 second(s)

2022-11-09 16:17:19 - [MESSAGE][PASSED] - Delayed 3 second(s)

2022-11-09 16:17:19 - [TEST_STEP][PASSED] - switchToWindowIndex(0): Switched to window with index: '0'

2022-11-09 16:17:19 - [MESSAGE][PASSED] - Switched to window with index: '0'

2022-11-09 16:17:19 - [TEST_STEP][PASSED] - delay(3): Delayed 3 second(s)

2022-11-09 16:17:22 - [MESSAGE][PASSED] - Delayed 3 second(s)

2022-11-09 16:17:22 - [TEST_STEP][PASSED] - setText(findTestObject("Object Repository/06-Teams/For 2FA/input_Enter verification code_code"), code): Text '071275' is set on object 'Object Repository/06-Teams/For 2FA/input_Enter verification code_code'

2022-11-09 16:17:23 - [MESSAGE][PASSED] - Text '071275' is set on object 'Object Repository/06-Teams/For 2FA/input_Enter verification code_code'

2022-11-09 16:17:23 - [TEST_STEP][PASSED] - delay(3): Delayed 3 second(s)

2022-11-09 16:17:26 - [MESSAGE][PASSED] - Delayed 3 second(s)

2022-11-09 16:17:26 - [TEST_STEP][PASSED] - click(findTestObject("06-Teams/For 2FA/button_Verify_2FA")): Object: 'Object Repository/06-Teams/For 2FA/button_Verify_2FA' is clicked on

2022-11-09 16:17:27 - [MESSAGE][PASSED] - Object: 'Object Repository/06-Teams/For 2FA/button_Verify_2FA' is clicked on

2022-11-09 16:17:27 - [TEST_STEP][PASSED] - delay(5): Delayed 5 second(s)

2022-11-09 16:17:32 - [MESSAGE][PASSED] - Delayed 5 second(s)

2022-11-09 16:17:32 - [TEST_STEP][PASSED] - click(findTestObject("06-Teams/button_doublearrow")): Object: 'Object Repository/06-Teams/button_doublearrow' is clicked on

2022-11-09 16:17:33 - [MESSAGE][PASSED] - Object: 'Object Repository/06-Teams/button_doublearrow' is clicked on

2022-11-09 16:17:33 - [TEST_STEP][PASSED] - click(findTestObject("06-Teams/button_My Organizations")): Object: 'Object Repository/06-Teams/button_My Organizations' is clicked on

2022-11-09 16:17:33 - [MESSAGE][PASSED] - Object: 'Object Repository/06-Teams/button_My Organizations' is clicked on

2022-11-09 16:17:33 - [TEST_STEP][PASSED] - click(findTestObject("06-Teams/button_GG Automation")): Object: 'Object Repository/06-Teams/button_GG Automation' is clicked on

2022-11-09 16:17:34 - [MESSAGE][PASSED] - Object: 'Object Repository/06-Teams/button_GG Automation' is clicked on

2022-11-09 16:17:34 - [TEST_STEP][PASSED] - delay(4): Delayed 4 second(s)

2022-11-09 16:17:38 - [MESSAGE][PASSED] - Delayed 4 second(s)

2022-11-09 16:17:38 - [TEST_STEP][PASSED] - verifyElementVisible(findTestObject("06-Teams/span_GG Automation")): Object 'Object Repository/06-Teams/span_GG Automation' is visible

2022-11-09 16:17:39 - [MESSAGE][PASSED] - Object 'Object Repository/06-Teams/span_GG Automation' is visible

2022-11-09 16:17:39 - [TEST_STEP][PASSED] - delay(10): Delayed 10 second(s)

2022-11-09 16:17:49 - [MESSAGE][PASSED] - Delayed 10 second(s)

2022-11-09 16:17:49 - [TEST_STEP][PASSED] - click(findTestObject("03-Header Menu/Hamburger Button/div_Settings")): Object: 'Object Repository/03-Header Menu/Hamburger Button/div_Settings' is clicked on

2022-11-09 16:17:49 - [MESSAGE][PASSED] - Object: 'Object Repository/03-Header Menu/Hamburger Button/div_Settings' is clicked on

2022-11-09 16:17:49 - [TEST_STEP][PASSED] - delay(3): Delayed 3 second(s)

2022-11-09 16:17:52 - [MESSAGE][PASSED] - Delayed 3 second(s)

2022-11-09 16:17:52 - [TEST_STEP][PASSED] - click(findTestObject("09-Settings/Users/div_Users")): Object: 'Object Repository/09-Settings/Users/div_Users' is clicked on

2022-11-09 16:17:53 - [MESSAGE][PASSED] - Object: 'Object Repository/09-Settings/Users/div_Users' is clicked on

2022-11-09 16:17:53 - [TEST_STEP][PASSED] - delay(3): Delayed 3 second(s)

2022-11-09 16:17:56 - [MESSAGE][PASSED] - Delayed 3 second(s)

2022-11-09 16:17:56 - [TEST_STEP][PASSED] - click(findTestObject("09-Settings/Users/button_add")): Object: 'Object Repository/09-Settings/Users/button_add' is clicked on

2022-11-09 16:17:56 - [MESSAGE][PASSED] - Object: 'Object Repository/09-Settings/Users/button_add' is clicked on

2022-11-09 16:17:56 - [TEST_STEP][PASSED] - delay(3): Delayed 3 second(s)

2022-11-09 16:17:59 - [MESSAGE][PASSED] - Delayed 3 second(s)

2022-11-09 16:17:59 - [TEST_STEP][PASSED] - click(findTestObject("09-Settings/Users/add Invite a single user")): Object: 'Object Repository/09-Settings/Users/add Invite a single user' is clicked on

2022-11-09 16:18:00 - [MESSAGE][PASSED] - Object: 'Object Repository/09-Settings/Users/add Invite a single user' is clicked on

2022-11-09 16:18:00 - [TEST_STEP][PASSED] - delay(3): Delayed 3 second(s)

2022-11-09 16:18:03 - [MESSAGE][PASSED] - Delayed 3 second(s)

2022-11-09 16:18:03 - [TEST_STEP][PASSED] - setText(findTestObject("09-Settings/Users/input_email"), "autotester10@mailinator.com"): Text 'autotester10@mailinator.com' is set on object 'Object Repository/09-Settings/Users/input_email'

2022-11-09 16:18:04 - [MESSAGE][PASSED] - Text 'autotester10@mailinator.com' is set on object 'Object Repository/09-Settings/Users/input_email'

2022-11-09 16:18:04 - [TEST_STEP][PASSED] - setText(findTestObject("09-Settings/Users/input_firstName"), "GG"): Text 'GG' is set on object 'Object Repository/09-Settings/Users/input_firstName'

2022-11-09 16:18:04 - [MESSAGE][PASSED] - Text 'GG' is set on object 'Object Repository/09-Settings/Users/input_firstName'

2022-11-09 16:18:04 - [TEST_STEP][PASSED] - setText(findTestObject("09-Settings/Users/input_lastName"), "Partner"): Text 'Partner' is set on object 'Object Repository/09-Settings/Users/input_lastName'

2022-11-09 16:18:05 - [MESSAGE][PASSED] - Text 'Partner' is set on object 'Object Repository/09-Settings/Users/input_lastName'

2022-11-09 16:18:05 - [TEST_STEP][PASSED] - click(findTestObject("09-Settings/Users/span_Role")): Object: 'Object Repository/09-Settings/Users/span_Role' is clicked on

2022-11-09 16:18:06 - [MESSAGE][PASSED] - Object: 'Object Repository/09-Settings/Users/span_Role' is clicked on

2022-11-09 16:18:06 - [TEST_STEP][PASSED] - click(findTestObject("09-Settings/Users/span_Partner")): Object: 'Object Repository/09-Settings/Users/span_Partner' is clicked on

2022-11-09 16:18:06 - [MESSAGE][PASSED] - Object: 'Object Repository/09-Settings/Users/span_Partner' is clicked on

2022-11-09 16:18:06 - [TEST_STEP][PASSED] - click(findTestObject("09-Settings/Users/button_Send Invitation")): Object: 'Object Repository/09-Settings/Users/button_Send Invitation' is clicked on

2022-11-09 16:18:07 - [MESSAGE][PASSED] - Object: 'Object Repository/09-Settings/Users/button_Send Invitation' is clicked on

2022-11-09 16:18:07 - [TEST_STEP][PASSED] - delay(2): Delayed 2 second(s)

2022-11-09 16:18:09 - [MESSAGE][PASSED] - Delayed 2 second(s)

2022-11-09 16:18:09 - [TEST_STEP][PASSED] - verifyElementVisible(findTestObject("07-Directory/Connections/zContact Profile/Successfully invited user")): Object 'Object Repository/07-Directory/Connections/zContact Profile/Successfully invited user' is visible

2022-11-09 16:18:10 - [MESSAGE][PASSED] - Object 'Object Repository/07-Directory/Connections/zContact Profile/Successfully invited user' is visible

2022-11-09 16:18:10 - [TEST_STEP][PASSED] - delay(2): Delayed 2 second(s)

2022-11-09 16:18:12 - [MESSAGE][PASSED] - Delayed 2 second(s)

2022-11-09 16:18:12 - [TEST_STEP][PASSED] - click(findTestObject("01-Login and Forgot Password/User menu drop")): Object: 'Object Repository/01-Login and Forgot Password/User menu drop' is clicked on

2022-11-09 16:18:13 - [MESSAGE][PASSED] - Object: 'Object Repository/01-Login and Forgot Password/User menu drop' is clicked on

2022-11-09 16:18:13 - [TEST_STEP][PASSED] - delay(2): Delayed 2 second(s)

2022-11-09 16:18:15 - [MESSAGE][PASSED] - Delayed 2 second(s)

2022-11-09 16:18:15 - [TEST_STEP][PASSED] - click(findTestObject("01-Login and Forgot Password/h4_Sign Out"), STOP_ON_FAILURE): Object: 'Object Repository/01-Login and Forgot Password/h4_Sign Out' is clicked on

2022-11-09 16:18:15 - [MESSAGE][PASSED] - Object: 'Object Repository/01-Login and Forgot Password/h4_Sign Out' is clicked on

2022-11-09 16:18:15 - [TEST_STEP][PASSED] - delay(2): Delayed 2 second(s)

2022-11-09 16:18:17 - [MESSAGE][PASSED] - Delayed 2 second(s)

2022-11-09 16:18:17 - [TEST_STEP][PASSED] - verifyElementPresent(findTestObject("01-Login and Forgot Password/Login_Card"), 0): Object 'Object Repository/01-Login and Forgot Password/Login_Card' is present

2022-11-09 16:18:17 - [MESSAGE][WARNING] - Timeout '0' is invalid. Using default page load timeout: '30'

2022-11-09 16:18:18 - [MESSAGE][PASSED] - Object 'Object Repository/01-Login and Forgot Password/Login_Card' is present

2022-11-09 16:18:18 - [TEST_STEP][PASSED] - delay(3): Delayed 3 second(s)

2022-11-09 16:18:21 - [MESSAGE][PASSED] - Delayed 3 second(s)

2022-11-09 16:18:21 - [TEST_STEP][PASSED] - closeBrowser(): Browser is closed

2022-11-09 16:18:21 - [MESSAGE][PASSED] - Browser is closed

2022-11-09 16:18:21 - [TEST_STEP][PASSED] - openBrowser(""): Browser is opened with url: ''

2022-11-09 16:18:21 - [MESSAGE][INFO] - Starting 'Chrome' driver

2022-11-09 16:18:21 - [MESSAGE][INFO] - Action delay is set to 0 milliseconds

2022-11-09 16:18:22 - [MESSAGE][PASSED] - Browser is opened with url: ''

2022-11-09 16:18:22 - [TEST_STEP][PASSED] - navigateToUrl("https://lab.everleagues.com/"): Navigate to 'https://lab.everleagues.com/' successfully

2022-11-09 16:19:03 - [MESSAGE][PASSED] - Navigate to 'https://lab.everleagues.com/' successfully

2022-11-09 16:19:03 - [TEST_STEP][PASSED] - maximizeWindow(): Current window maximized

2022-11-09 16:19:03 - [MESSAGE][PASSED] - Current window maximized

2022-11-09 16:19:03 - [TEST_STEP][PASSED] - setText(findTestObject("02-Side Icons(Organization)/Add Contact/Email Field"), "autotester10@mailinator.com"): Text 'autotester10@mailinator.com' is set on object 'Object Repository/02-Side Icons(Organization)/Add Contact/Email Field'

2022-11-09 16:19:04 - [MESSAGE][PASSED] - Text 'autotester10@mailinator.com' is set on object 'Object Repository/02-Side Icons(Organization)/Add Contact/Email Field'

2022-11-09 16:19:04 - [TEST_STEP][PASSED] - setEncryptedText(findTestObject("02-Side Icons(Organization)/Add Contact/Password Field"), "8yFRyszE6U6jvsCn51OQbg=="): Text ****** has been set on object 'Object Repository/02-Side Icons(Organization)/Add Contact/Password Field'

2022-11-09 16:19:04 - [MESSAGE][PASSED] - Text ****** has been set on object 'Object Repository/02-Side Icons(Organization)/Add Contact/Password Field'

2022-11-09 16:19:04 - [TEST_STEP][PASSED] - click(findTestObject("02-Side Icons(Organization)/Add Contact/button_Sign in")): Object: 'Object Repository/02-Side Icons(Organization)/Add Contact/button_Sign in' is clicked on

2022-11-09 16:19:05 - [MESSAGE][PASSED] - Object: 'Object Repository/02-Side Icons(Organization)/Add Contact/button_Sign in' is clicked on

2022-11-09 16:19:05 - [TEST_STEP][PASSED] - delay(2): Delayed 2 second(s)

2022-11-09 16:19:08 - [MESSAGE][PASSED] - Delayed 2 second(s)

2022-11-09 16:19:08 - [TEST_STEP][PASSED] - click(findTestObject("06-Teams/For 2FA/button_Confirm_2FA")): Object: 'Object Repository/06-Teams/For 2FA/button_Confirm_2FA' is clicked on

2022-11-09 16:19:08 - [MESSAGE][PASSED] - Object: 'Object Repository/06-Teams/For 2FA/button_Confirm_2FA' is clicked on

2022-11-09 16:19:08 - [TEST_STEP][PASSED] - executeJavaScript("window.open();", []): Execute JavaScript 'window.open();' successfully

2022-11-09 16:19:08 - [MESSAGE][PASSED] - Execute JavaScript 'window.open();' successfully

2022-11-09 16:19:08 - [TEST_STEP][PASSED] - currentWindow = getWindowIndex(): Current window's index is: 0

2022-11-09 16:19:08 - [MESSAGE][PASSED] - Current window's index is: 0

2022-11-09 16:19:08 - [TEST_STEP][PASSED] - delay(3): Delayed 3 second(s)

2022-11-09 16:19:11 - [MESSAGE][PASSED] - Delayed 3 second(s)

2022-11-09 16:19:11 - [TEST_STEP][PASSED] - switchToWindowIndex(currentWindow + 1): Switched to window with index: '1'

2022-11-09 16:19:11 - [MESSAGE][PASSED] - Switched to window with index: '1'

2022-11-09 16:19:11 - [TEST_STEP][PASSED] - navigateToUrl("https://www.mailinator.com/"): Navigate to 'https://www.mailinator.com/' successfully

2022-11-09 16:19:13 - [MESSAGE][PASSED] - Navigate to 'https://www.mailinator.com/' successfully

2022-11-09 16:19:13 - [TEST_STEP][PASSED] - delay(3): Delayed 3 second(s)

2022-11-09 16:19:16 - [MESSAGE][PASSED] - Delayed 3 second(s)

2022-11-09 16:19:16 - [TEST_STEP][PASSED] - setText(findTestObject("00-Signup and Activation/zMailinator/input_LOGIN_search"), "autotester10@mailinator.com"): Text 'autotester10@mailinator.com' is set on object 'Object Repository/00-Signup and Activation/zMailinator/input_LOGIN_search'

2022-11-09 16:19:17 - [MESSAGE][PASSED] - Text 'autotester10@mailinator.com' is set on object 'Object Repository/00-Signup and Activation/zMailinator/input_LOGIN_search'

2022-11-09 16:19:17 - [TEST_STEP][PASSED] - click(findTestObject("00-Signup and Activation/zMailinator/gobutton"), STOP_ON_FAILURE): Object: 'Object Repository/00-Signup and Activation/zMailinator/gobutton' is clicked on

2022-11-09 16:19:18 - [MESSAGE][PASSED] - Object: 'Object Repository/00-Signup and Activation/zMailinator/gobutton' is clicked on

2022-11-09 16:19:18 - [TEST_STEP][PASSED] - delay(3): Delayed 3 second(s)

2022-11-09 16:19:21 - [MESSAGE][PASSED] - Delayed 3 second(s)

2022-11-09 16:19:21 - [TEST_STEP][PASSED] - click(findTestObject("00-Signup and Activation/zMailinator/Email - everleagues")): Object: 'Object Repository/00-Signup and Activation/zMailinator/Email - everleagues' is clicked on

2022-11-09 16:19:22 - [MESSAGE][PASSED] - Object: 'Object Repository/00-Signup and Activation/zMailinator/Email - everleagues' is clicked on

2022-11-09 16:19:22 - [TEST_STEP][PASSED] - delay(3): Delayed 3 second(s)

2022-11-09 16:19:25 - [MESSAGE][PASSED] - Delayed 3 second(s)

2022-11-09 16:19:25 - [TEST_STEP][PASSED] - codetwo = getText(findTestObject("Object Repository/06-Teams/For 2FA/2FA code")): Text of object 'Object Repository/06-Teams/For 2FA/2FA code' is: '708630'

2022-11-09 16:19:25 - [MESSAGE][PASSED] - Text of object 'Object Repository/06-Teams/For 2FA/2FA code' is: '708630'

2022-11-09 16:19:25 - [TEST_STEP][PASSED] - delay(3): Delayed 3 second(s)

2022-11-09 16:19:28 - [MESSAGE][PASSED] - Delayed 3 second(s)

2022-11-09 16:19:28 - [TEST_STEP][PASSED] - closeWindowTitle("Mailinator"): Window with title: 'Mailinator' is closed

2022-11-09 16:19:28 - [MESSAGE][PASSED] - Window with title: 'Mailinator' is closed

2022-11-09 16:19:28 - [TEST_STEP][PASSED] - delay(3): Delayed 3 second(s)

2022-11-09 16:19:31 - [MESSAGE][PASSED] - Delayed 3 second(s)

2022-11-09 16:19:31 - [TEST_STEP][PASSED] - switchToWindowIndex(0): Switched to window with index: '0'

2022-11-09 16:19:31 - [MESSAGE][PASSED] - Switched to window with index: '0'

2022-11-09 16:19:31 - [TEST_STEP][PASSED] - delay(3): Delayed 3 second(s)

2022-11-09 16:19:34 - [MESSAGE][PASSED] - Delayed 3 second(s)

2022-11-09 16:19:34 - [TEST_STEP][PASSED] - setText(findTestObject("Object Repository/06-Teams/For 2FA/input_Enter verification code_code"), codetwo): Text '708630' is set on object 'Object Repository/06-Teams/For 2FA/input_Enter verification code_code'

2022-11-09 16:19:35 - [MESSAGE][PASSED] - Text '708630' is set on object 'Object Repository/06-Teams/For 2FA/input_Enter verification code_code'

2022-11-09 16:19:35 - [TEST_STEP][PASSED] - delay(3): Delayed 3 second(s)

2022-11-09 16:19:38 - [MESSAGE][PASSED] - Delayed 3 second(s)

2022-11-09 16:19:38 - [TEST_STEP][PASSED] - click(findTestObject("06-Teams/For 2FA/button_Verify_2FA")): Object: 'Object Repository/06-Teams/For 2FA/button_Verify_2FA' is clicked on

2022-11-09 16:19:39 - [MESSAGE][PASSED] - Object: 'Object Repository/06-Teams/For 2FA/button_Verify_2FA' is clicked on

2022-11-09 16:19:39 - [TEST_STEP][PASSED] - delay(5): Delayed 5 second(s)

2022-11-09 16:19:44 - [MESSAGE][PASSED] - Delayed 5 second(s)

2022-11-09 16:19:44 - [TEST_STEP][PASSED] - executeJavaScript("window.open();", []): Execute JavaScript 'window.open();' successfully

2022-11-09 16:19:44 - [MESSAGE][PASSED] - Execute JavaScript 'window.open();' successfully

2022-11-09 16:19:44 - [TEST_STEP][PASSED] - currentWindow = getWindowIndex(): Current window's index is: 0

2022-11-09 16:19:44 - [MESSAGE][PASSED] - Current window's index is: 0

2022-11-09 16:19:44 - [TEST_STEP][PASSED] - delay(3): Delayed 3 second(s)

2022-11-09 16:19:47 - [MESSAGE][PASSED] - Delayed 3 second(s)

2022-11-09 16:19:47 - [TEST_STEP][PASSED] - switchToWindowIndex(currentWindow + 1): Switched to window with index: '1'

2022-11-09 16:19:47 - [MESSAGE][PASSED] - Switched to window with index: '1'

2022-11-09 16:19:47 - [TEST_STEP][PASSED] - navigateToUrl("https://www.mailinator.com/"): Navigate to 'https://www.mailinator.com/' successfully

2022-11-09 16:19:48 - [MESSAGE][PASSED] - Navigate to 'https://www.mailinator.com/' successfully

2022-11-09 16:19:48 - [TEST_STEP][PASSED] - delay(3): Delayed 3 second(s)

2022-11-09 16:19:51 - [MESSAGE][PASSED] - Delayed 3 second(s)

2022-11-09 16:19:51 - [TEST_STEP][PASSED] - setText(findTestObject("00-Signup and Activation/zMailinator/input_LOGIN_search"), "autotester10@mailinator.com"): Text 'autotester10@mailinator.com' is set on object 'Object Repository/00-Signup and Activation/zMailinator/input_LOGIN_search'

2022-11-09 16:19:52 - [MESSAGE][PASSED] - Text 'autotester10@mailinator.com' is set on object 'Object Repository/00-Signup and Activation/zMailinator/input_LOGIN_search'

2022-11-09 16:19:52 - [TEST_STEP][PASSED] - click(findTestObject("00-Signup and Activation/zMailinator/gobutton"), STOP_ON_FAILURE): Object: 'Object Repository/00-Signup and Activation/zMailinator/gobutton' is clicked on

2022-11-09 16:19:53 - [MESSAGE][PASSED] - Object: 'Object Repository/00-Signup and Activation/zMailinator/gobutton' is clicked on

2022-11-09 16:19:53 - [TEST_STEP][PASSED] - delay(3): Delayed 3 second(s)

2022-11-09 16:19:56 - [MESSAGE][PASSED] - Delayed 3 second(s)

2022-11-09 16:19:56 - [TEST_STEP][PASSED] - closeWindowTitle("Everleagues"): Window with title: 'Everleagues' is closed

2022-11-09 16:19:56 - [MESSAGE][PASSED] - Window with title: 'Everleagues' is closed

2022-11-09 16:19:56 - [TEST_STEP][PASSED] - switchToWindowIndex(0): Switched to window with index: '0'

2022-11-09 16:19:56 - [MESSAGE][PASSED] - Switched to window with index: '0'

2022-11-09 16:19:56 - [TEST_STEP][PASSED] - click(findTestObject("09-Settings/Users/Co worker/td_Invitation from GG Automation")): Object: 'Object Repository/09-Settings/Users/Co worker/td_Invitation from GG Automation' is clicked on

2022-11-09 16:19:56 - [MESSAGE][PASSED] - Object: 'Object Repository/09-Settings/Users/Co worker/td_Invitation from GG Automation' is clicked on

2022-11-09 16:19:56 - [TEST_STEP][PASSED] - click(findTestObject("09-Settings/Users/Co worker/a_Click here to join GG Automation on EverLeagues")): Object: 'Object Repository/09-Settings/Users/Co worker/a_Click here to join GG Automation on EverLeagues' is clicked on

2022-11-09 16:19:57 - [MESSAGE][PASSED] - Object: 'Object Repository/09-Settings/Users/Co worker/a_Click here to join GG Automation on EverLeagues' is clicked on

2022-11-09 16:19:57 - [TEST_STEP][PASSED] - closeWindowTitle("Mailinator"): Window with title: 'Mailinator' is closed

2022-11-09 16:19:57 - [MESSAGE][PASSED] - Window with title: 'Mailinator' is closed

2022-11-09 16:19:57 - [TEST_STEP][PASSED] - switchToWindowIndex(0): Switched to window with index: '0'

2022-11-09 16:19:57 - [MESSAGE][PASSED] - Switched to window with index: '0'

2022-11-09 16:19:57 - [TEST_STEP][PASSED] - verifyElementVisible(findTestObject("09-Settings/Users/Client/Invite modal")): Object 'Object Repository/09-Settings/Users/Client/Invite modal' is visible

2022-11-09 16:20:03 - [MESSAGE][PASSED] - Object 'Object Repository/09-Settings/Users/Client/Invite modal' is visible

2022-11-09 16:20:03 - [TEST_STEP][PASSED] - setText(findTestObject("09-Settings/Users/Client/Company field"), "QA Company"): Text 'QA Company' is set on object 'Object Repository/09-Settings/Users/Client/Company field'

2022-11-09 16:20:04 - [MESSAGE][PASSED] - Text 'QA Company' is set on object 'Object Repository/09-Settings/Users/Client/Company field'

2022-11-09 16:20:04 - [TEST_STEP][PASSED] - click(findTestObject("09-Settings/Users/Client/button_Accept")): Object: 'Object Repository/09-Settings/Users/Client/button_Accept' is clicked on

2022-11-09 16:20:04 - [MESSAGE][PASSED] - Object: 'Object Repository/09-Settings/Users/Client/button_Accept' is clicked on

2022-11-09 16:20:04 - [TEST_STEP][PASSED] - delay(10): Delayed 10 second(s)

2022-11-09 16:20:14 - [MESSAGE][PASSED] - Delayed 10 second(s)

2022-11-09 16:20:14 - [TEST_STEP][PASSED] - verifyElementVisible(findTestObject("09-Settings/Users/div_Joined as Partner")): Object 'Object Repository/09-Settings/Users/div_Joined as Partner' is visible

2022-11-09 16:20:15 - [MESSAGE][PASSED] - Object 'Object Repository/09-Settings/Users/div_Joined as Partner' is visible

2022-11-09 16:20:15 - [TEST_STEP][PASSED] - delay(3): Delayed 3 second(s)

2022-11-09 16:20:18 - [MESSAGE][PASSED] - Delayed 3 second(s)

2022-11-09 16:20:18 - [TEST_STEP][PASSED] - closeBrowser(): Browser is closed

2022-11-09 16:20:18 - [MESSAGE][PASSED] - Browser is closed]]></system-out>
         <system-err><![CDATA[]]></system-err>
      </testcase>
      <testcase name="Test Cases/09-Settings/05 - Users (Invite batch of users via CSV file)" time="114.327" classname="Test Cases/09-Settings/05 - Users (Invite batch of users via CSV file)" status="PASSED">
         <system-out><![CDATA[2022-11-09 16:20:18 - [TEST_CASE][PASSED] - Test Cases/09-Settings/05 - Users (Invite batch of users via CSV file): Test Cases/09-Settings/05 - Users (Invite batch of users via CSV file)

2022-11-09 16:20:19 - [TEST_STEP][PASSED] - openBrowser(""): Browser is opened with url: ''

2022-11-09 16:20:19 - [MESSAGE][INFO] - Starting 'Chrome' driver

2022-11-09 16:20:19 - [MESSAGE][INFO] - Action delay is set to 0 milliseconds

2022-11-09 16:20:20 - [MESSAGE][PASSED] - Browser is opened with url: ''

2022-11-09 16:20:20 - [TEST_STEP][PASSED] - navigateToUrl("https://lab.everleagues.com/"): Navigate to 'https://lab.everleagues.com/' successfully

2022-11-09 16:20:32 - [MESSAGE][PASSED] - Navigate to 'https://lab.everleagues.com/' successfully

2022-11-09 16:20:32 - [TEST_STEP][PASSED] - maximizeWindow(): Current window maximized

2022-11-09 16:20:32 - [MESSAGE][PASSED] - Current window maximized

2022-11-09 16:20:32 - [TEST_STEP][PASSED] - setText(findTestObject("02-Side Icons(Organization)/Add Contact/Email Field"), "testuser02@mailinator.com"): Text 'testuser02@mailinator.com' is set on object 'Object Repository/02-Side Icons(Organization)/Add Contact/Email Field'

2022-11-09 16:20:33 - [MESSAGE][PASSED] - Text 'testuser02@mailinator.com' is set on object 'Object Repository/02-Side Icons(Organization)/Add Contact/Email Field'

2022-11-09 16:20:33 - [TEST_STEP][PASSED] - setEncryptedText(findTestObject("02-Side Icons(Organization)/Add Contact/Password Field"), "8yFRyszE6U6jvsCn51OQbg=="): Text ****** has been set on object 'Object Repository/02-Side Icons(Organization)/Add Contact/Password Field'

2022-11-09 16:20:33 - [MESSAGE][PASSED] - Text ****** has been set on object 'Object Repository/02-Side Icons(Organization)/Add Contact/Password Field'

2022-11-09 16:20:33 - [TEST_STEP][PASSED] - click(findTestObject("02-Side Icons(Organization)/Add Contact/button_Sign in")): Object: 'Object Repository/02-Side Icons(Organization)/Add Contact/button_Sign in' is clicked on

2022-11-09 16:20:34 - [MESSAGE][PASSED] - Object: 'Object Repository/02-Side Icons(Organization)/Add Contact/button_Sign in' is clicked on

2022-11-09 16:20:34 - [TEST_STEP][PASSED] - delay(2): Delayed 2 second(s)

2022-11-09 16:20:36 - [MESSAGE][PASSED] - Delayed 2 second(s)

2022-11-09 16:20:36 - [TEST_STEP][PASSED] - click(findTestObject("06-Teams/For 2FA/button_Confirm_2FA")): Object: 'Object Repository/06-Teams/For 2FA/button_Confirm_2FA' is clicked on

2022-11-09 16:20:36 - [MESSAGE][PASSED] - Object: 'Object Repository/06-Teams/For 2FA/button_Confirm_2FA' is clicked on

2022-11-09 16:20:36 - [TEST_STEP][PASSED] - executeJavaScript("window.open();", []): Execute JavaScript 'window.open();' successfully

2022-11-09 16:20:36 - [MESSAGE][PASSED] - Execute JavaScript 'window.open();' successfully

2022-11-09 16:20:36 - [TEST_STEP][PASSED] - currentWindow = getWindowIndex(): Current window's index is: 0

2022-11-09 16:20:36 - [MESSAGE][PASSED] - Current window's index is: 0

2022-11-09 16:20:36 - [TEST_STEP][PASSED] - delay(3): Delayed 3 second(s)

2022-11-09 16:20:39 - [MESSAGE][PASSED] - Delayed 3 second(s)

2022-11-09 16:20:39 - [TEST_STEP][PASSED] - switchToWindowIndex(currentWindow + 1): Switched to window with index: '1'

2022-11-09 16:20:39 - [MESSAGE][PASSED] - Switched to window with index: '1'

2022-11-09 16:20:39 - [TEST_STEP][PASSED] - navigateToUrl("https://www.mailinator.com/"): Navigate to 'https://www.mailinator.com/' successfully

2022-11-09 16:20:42 - [MESSAGE][PASSED] - Navigate to 'https://www.mailinator.com/' successfully

2022-11-09 16:20:42 - [TEST_STEP][PASSED] - delay(3): Delayed 3 second(s)

2022-11-09 16:20:45 - [MESSAGE][PASSED] - Delayed 3 second(s)

2022-11-09 16:20:45 - [TEST_STEP][PASSED] - setText(findTestObject("00-Signup and Activation/zMailinator/input_LOGIN_search"), "testuser02@mailinator.com"): Text 'testuser02@mailinator.com' is set on object 'Object Repository/00-Signup and Activation/zMailinator/input_LOGIN_search'

2022-11-09 16:20:46 - [MESSAGE][PASSED] - Text 'testuser02@mailinator.com' is set on object 'Object Repository/00-Signup and Activation/zMailinator/input_LOGIN_search'

2022-11-09 16:20:46 - [TEST_STEP][PASSED] - click(findTestObject("00-Signup and Activation/zMailinator/gobutton"), STOP_ON_FAILURE): Object: 'Object Repository/00-Signup and Activation/zMailinator/gobutton' is clicked on

2022-11-09 16:20:47 - [MESSAGE][PASSED] - Object: 'Object Repository/00-Signup and Activation/zMailinator/gobutton' is clicked on

2022-11-09 16:20:47 - [TEST_STEP][PASSED] - delay(3): Delayed 3 second(s)

2022-11-09 16:20:50 - [MESSAGE][PASSED] - Delayed 3 second(s)

2022-11-09 16:20:50 - [TEST_STEP][PASSED] - click(findTestObject("00-Signup and Activation/zMailinator/Email - everleagues")): Object: 'Object Repository/00-Signup and Activation/zMailinator/Email - everleagues' is clicked on

2022-11-09 16:20:51 - [MESSAGE][PASSED] - Object: 'Object Repository/00-Signup and Activation/zMailinator/Email - everleagues' is clicked on

2022-11-09 16:20:51 - [TEST_STEP][PASSED] - delay(3): Delayed 3 second(s)

2022-11-09 16:20:54 - [MESSAGE][PASSED] - Delayed 3 second(s)

2022-11-09 16:20:54 - [TEST_STEP][PASSED] - code = getText(findTestObject("Object Repository/06-Teams/For 2FA/2FA code")): Text of object 'Object Repository/06-Teams/For 2FA/2FA code' is: '342818'

2022-11-09 16:20:54 - [MESSAGE][PASSED] - Text of object 'Object Repository/06-Teams/For 2FA/2FA code' is: '342818'

2022-11-09 16:20:54 - [TEST_STEP][PASSED] - delay(3): Delayed 3 second(s)

2022-11-09 16:20:57 - [MESSAGE][PASSED] - Delayed 3 second(s)

2022-11-09 16:20:57 - [TEST_STEP][PASSED] - closeWindowTitle("Mailinator"): Window with title: 'Mailinator' is closed

2022-11-09 16:20:57 - [MESSAGE][PASSED] - Window with title: 'Mailinator' is closed

2022-11-09 16:20:57 - [TEST_STEP][PASSED] - delay(3): Delayed 3 second(s)

2022-11-09 16:21:00 - [MESSAGE][PASSED] - Delayed 3 second(s)

2022-11-09 16:21:00 - [TEST_STEP][PASSED] - switchToWindowIndex(0): Switched to window with index: '0'

2022-11-09 16:21:00 - [MESSAGE][PASSED] - Switched to window with index: '0'

2022-11-09 16:21:00 - [TEST_STEP][PASSED] - delay(3): Delayed 3 second(s)

2022-11-09 16:21:03 - [MESSAGE][PASSED] - Delayed 3 second(s)

2022-11-09 16:21:03 - [TEST_STEP][PASSED] - setText(findTestObject("Object Repository/06-Teams/For 2FA/input_Enter verification code_code"), code): Text '342818' is set on object 'Object Repository/06-Teams/For 2FA/input_Enter verification code_code'

2022-11-09 16:21:04 - [MESSAGE][PASSED] - Text '342818' is set on object 'Object Repository/06-Teams/For 2FA/input_Enter verification code_code'

2022-11-09 16:21:04 - [TEST_STEP][PASSED] - delay(3): Delayed 3 second(s)

2022-11-09 16:21:07 - [MESSAGE][PASSED] - Delayed 3 second(s)

2022-11-09 16:21:07 - [TEST_STEP][PASSED] - click(findTestObject("06-Teams/For 2FA/button_Verify_2FA")): Object: 'Object Repository/06-Teams/For 2FA/button_Verify_2FA' is clicked on

2022-11-09 16:21:08 - [MESSAGE][PASSED] - Object: 'Object Repository/06-Teams/For 2FA/button_Verify_2FA' is clicked on

2022-11-09 16:21:08 - [TEST_STEP][PASSED] - delay(5): Delayed 5 second(s)

2022-11-09 16:21:13 - [MESSAGE][PASSED] - Delayed 5 second(s)

2022-11-09 16:21:13 - [TEST_STEP][PASSED] - click(findTestObject("06-Teams/button_doublearrow")): Object: 'Object Repository/06-Teams/button_doublearrow' is clicked on

2022-11-09 16:21:15 - [MESSAGE][PASSED] - Object: 'Object Repository/06-Teams/button_doublearrow' is clicked on

2022-11-09 16:21:15 - [TEST_STEP][PASSED] - click(findTestObject("06-Teams/button_My Organizations")): Object: 'Object Repository/06-Teams/button_My Organizations' is clicked on

2022-11-09 16:21:16 - [MESSAGE][PASSED] - Object: 'Object Repository/06-Teams/button_My Organizations' is clicked on

2022-11-09 16:21:16 - [TEST_STEP][PASSED] - click(findTestObject("06-Teams/button_GG Automation")): Object: 'Object Repository/06-Teams/button_GG Automation' is clicked on

2022-11-09 16:21:17 - [MESSAGE][PASSED] - Object: 'Object Repository/06-Teams/button_GG Automation' is clicked on

2022-11-09 16:21:17 - [TEST_STEP][PASSED] - delay(4): Delayed 4 second(s)

2022-11-09 16:21:21 - [MESSAGE][PASSED] - Delayed 4 second(s)

2022-11-09 16:21:21 - [TEST_STEP][PASSED] - verifyElementVisible(findTestObject("06-Teams/span_GG Automation")): Object 'Object Repository/06-Teams/span_GG Automation' is visible

2022-11-09 16:21:21 - [MESSAGE][PASSED] - Object 'Object Repository/06-Teams/span_GG Automation' is visible

2022-11-09 16:21:21 - [TEST_STEP][PASSED] - delay(10): Delayed 10 second(s)

2022-11-09 16:21:31 - [MESSAGE][PASSED] - Delayed 10 second(s)

2022-11-09 16:21:31 - [TEST_STEP][PASSED] - click(findTestObject("03-Header Menu/Hamburger Button/div_Settings")): Object: 'Object Repository/03-Header Menu/Hamburger Button/div_Settings' is clicked on

2022-11-09 16:21:31 - [MESSAGE][PASSED] - Object: 'Object Repository/03-Header Menu/Hamburger Button/div_Settings' is clicked on

2022-11-09 16:21:31 - [TEST_STEP][PASSED] - delay(3): Delayed 3 second(s)

2022-11-09 16:21:34 - [MESSAGE][PASSED] - Delayed 3 second(s)

2022-11-09 16:21:34 - [TEST_STEP][PASSED] - click(findTestObject("09-Settings/Users/div_Users")): Object: 'Object Repository/09-Settings/Users/div_Users' is clicked on

2022-11-09 16:21:35 - [MESSAGE][PASSED] - Object: 'Object Repository/09-Settings/Users/div_Users' is clicked on

2022-11-09 16:21:35 - [TEST_STEP][PASSED] - delay(3): Delayed 3 second(s)

2022-11-09 16:21:38 - [MESSAGE][PASSED] - Delayed 3 second(s)

2022-11-09 16:21:38 - [TEST_STEP][PASSED] - click(findTestObject("09-Settings/Users/button_add")): Object: 'Object Repository/09-Settings/Users/button_add' is clicked on

2022-11-09 16:21:39 - [MESSAGE][PASSED] - Object: 'Object Repository/09-Settings/Users/button_add' is clicked on

2022-11-09 16:21:39 - [TEST_STEP][PASSED] - delay(3): Delayed 3 second(s)

2022-11-09 16:21:42 - [MESSAGE][PASSED] - Delayed 3 second(s)

2022-11-09 16:21:42 - [TEST_STEP][PASSED] - click(findTestObject("09-Settings/Users/Invite batch of users via CSV file")): Object: 'Object Repository/09-Settings/Users/Invite batch of users via CSV file' is clicked on

2022-11-09 16:21:42 - [MESSAGE][PASSED] - Object: 'Object Repository/09-Settings/Users/Invite batch of users via CSV file' is clicked on

2022-11-09 16:21:42 - [TEST_STEP][PASSED] - verifyElementVisible(findTestObject("09-Settings/Users/CSV Invite/Import CSV File modal")): Object 'Object Repository/09-Settings/Users/CSV Invite/Import CSV File modal' is visible

2022-11-09 16:21:43 - [MESSAGE][PASSED] - Object 'Object Repository/09-Settings/Users/CSV Invite/Import CSV File modal' is visible

2022-11-09 16:21:43 - [TEST_STEP][PASSED] - verifyElementNotClickable(findTestObject("09-Settings/Users/CSV Invite/button_Import")): Object 'Object Repository/09-Settings/Users/CSV Invite/button_Import' is NOT clickable

2022-11-09 16:21:44 - [MESSAGE][PASSED] - Object 'Object Repository/09-Settings/Users/CSV Invite/button_Import' is NOT clickable

2022-11-09 16:21:44 - [TEST_STEP][PASSED] - delay(3): Delayed 3 second(s)

2022-11-09 16:21:47 - [MESSAGE][PASSED] - Delayed 3 second(s)

2022-11-09 16:21:47 - [TEST_STEP][PASSED] - uploadpackage.Upload.uploadFile(findTestObject("Object Repository/09-Settings/Users/CSV Invite/button_Choose File"), "C:\Users\User\Desktop\EL automation\sample csv.csv"): uploadpackage.Upload.uploadFile is PASSED

2022-11-09 16:21:47 - [MESSAGE][PASSED] - Object: 'Object Repository/09-Settings/Users/CSV Invite/button_Choose File' is clicked on

2022-11-09 16:21:47 - [MESSAGE][PASSED] - uploadpackage.Upload.uploadFile is PASSED

2022-11-09 16:21:47 - [TEST_STEP][PASSED] - delay(3): Delayed 3 second(s)

2022-11-09 16:21:50 - [MESSAGE][PASSED] - Delayed 3 second(s)

2022-11-09 16:21:50 - [TEST_STEP][PASSED] - verifyElementVisible(findTestObject("09-Settings/Users/CSV Invite/div_Sample csv.csv")): Object 'Object Repository/09-Settings/Users/CSV Invite/div_Sample csv.csv' is visible

2022-11-09 16:21:50 - [MESSAGE][PASSED] - Object 'Object Repository/09-Settings/Users/CSV Invite/div_Sample csv.csv' is visible

2022-11-09 16:21:50 - [TEST_STEP][PASSED] - click(findTestObject("09-Settings/Users/CSV Invite/button_Import")): Object: 'Object Repository/09-Settings/Users/CSV Invite/button_Import' is clicked on

2022-11-09 16:21:51 - [MESSAGE][PASSED] - Object: 'Object Repository/09-Settings/Users/CSV Invite/button_Import' is clicked on

2022-11-09 16:21:51 - [TEST_STEP][PASSED] - delay(10): Delayed 10 second(s)

2022-11-09 16:22:01 - [MESSAGE][PASSED] - Delayed 10 second(s)

2022-11-09 16:22:01 - [TEST_STEP][PASSED] - verifyElementVisible(findTestObject("09-Settings/Users/CSV Invite/Success import modal")): Object 'Object Repository/09-Settings/Users/CSV Invite/Success import modal' is visible

2022-11-09 16:22:01 - [MESSAGE][PASSED] - Object 'Object Repository/09-Settings/Users/CSV Invite/Success import modal' is visible

2022-11-09 16:22:01 - [TEST_STEP][PASSED] - click(findTestObject("09-Settings/Users/CSV Invite/button_Close")): Object: 'Object Repository/09-Settings/Users/CSV Invite/button_Close' is clicked on

2022-11-09 16:22:02 - [MESSAGE][PASSED] - Object: 'Object Repository/09-Settings/Users/CSV Invite/button_Close' is clicked on

2022-11-09 16:22:02 - [TEST_STEP][PASSED] - click(findTestObject("09-Settings/Users/CSV Invite/Invited Users tab")): Object: 'Object Repository/09-Settings/Users/CSV Invite/Invited Users tab' is clicked on

2022-11-09 16:22:03 - [MESSAGE][PASSED] - Object: 'Object Repository/09-Settings/Users/CSV Invite/Invited Users tab' is clicked on

2022-11-09 16:22:03 - [TEST_STEP][PASSED] - delay(3): Delayed 3 second(s)

2022-11-09 16:22:06 - [MESSAGE][PASSED] - Delayed 3 second(s)

2022-11-09 16:22:06 - [TEST_STEP][PASSED] - verifyElementVisible(findTestObject("09-Settings/Users/CSV Invite/div_CTCSV test3")): Object 'Object Repository/09-Settings/Users/CSV Invite/div_CTCSV test3' is visible

2022-11-09 16:22:06 - [MESSAGE][PASSED] - Object 'Object Repository/09-Settings/Users/CSV Invite/div_CTCSV test3' is visible

2022-11-09 16:22:06 - [TEST_STEP][PASSED] - verifyElementVisible(findTestObject("09-Settings/Users/CSV Invite/div_autotester08mailinator.com")): Object 'Object Repository/09-Settings/Users/CSV Invite/div_autotester08mailinator.com' is visible

2022-11-09 16:22:06 - [MESSAGE][PASSED] - Object 'Object Repository/09-Settings/Users/CSV Invite/div_autotester08mailinator.com' is visible

2022-11-09 16:22:06 - [TEST_STEP][PASSED] - verifyElementVisible(findTestObject("09-Settings/Users/CSV Invite/div_Partner")): Object 'Object Repository/09-Settings/Users/CSV Invite/div_Partner' is visible

2022-11-09 16:22:07 - [MESSAGE][PASSED] - Object 'Object Repository/09-Settings/Users/CSV Invite/div_Partner' is visible

2022-11-09 16:22:07 - [TEST_STEP][PASSED] - verifyElementVisible(findTestObject("09-Settings/Users/CSV Invite/div_CTCSV test2")): Object 'Object Repository/09-Settings/Users/CSV Invite/div_CTCSV test2' is visible

2022-11-09 16:22:07 - [MESSAGE][PASSED] - Object 'Object Repository/09-Settings/Users/CSV Invite/div_CTCSV test2' is visible

2022-11-09 16:22:07 - [TEST_STEP][PASSED] - verifyElementVisible(findTestObject("09-Settings/Users/CSV Invite/div_autotester07mailinator.com")): Object 'Object Repository/09-Settings/Users/CSV Invite/div_autotester07mailinator.com' is visible

2022-11-09 16:22:08 - [MESSAGE][PASSED] - Object 'Object Repository/09-Settings/Users/CSV Invite/div_autotester07mailinator.com' is visible

2022-11-09 16:22:08 - [TEST_STEP][PASSED] - verifyElementVisible(findTestObject("09-Settings/Users/CSV Invite/div_Client")): Object 'Object Repository/09-Settings/Users/CSV Invite/div_Client' is visible

2022-11-09 16:22:08 - [MESSAGE][PASSED] - Object 'Object Repository/09-Settings/Users/CSV Invite/div_Client' is visible

2022-11-09 16:22:08 - [TEST_STEP][PASSED] - verifyElementVisible(findTestObject("09-Settings/Users/CSV Invite/div_CTCSV test1")): Object 'Object Repository/09-Settings/Users/CSV Invite/div_CTCSV test1' is visible

2022-11-09 16:22:08 - [MESSAGE][PASSED] - Object 'Object Repository/09-Settings/Users/CSV Invite/div_CTCSV test1' is visible

2022-11-09 16:22:08 - [TEST_STEP][PASSED] - verifyElementVisible(findTestObject("09-Settings/Users/CSV Invite/div_autotester06mailinator.com")): Object 'Object Repository/09-Settings/Users/CSV Invite/div_autotester06mailinator.com' is visible

2022-11-09 16:22:09 - [MESSAGE][PASSED] - Object 'Object Repository/09-Settings/Users/CSV Invite/div_autotester06mailinator.com' is visible

2022-11-09 16:22:09 - [TEST_STEP][PASSED] - verifyElementVisible(findTestObject("09-Settings/Users/CSV Invite/div_Coworker")): Object 'Object Repository/09-Settings/Users/CSV Invite/div_Coworker' is visible

2022-11-09 16:22:09 - [MESSAGE][PASSED] - Object 'Object Repository/09-Settings/Users/CSV Invite/div_Coworker' is visible

2022-11-09 16:22:09 - [TEST_STEP][PASSED] - delay(3): Delayed 3 second(s)

2022-11-09 16:22:12 - [MESSAGE][PASSED] - Delayed 3 second(s)

2022-11-09 16:22:12 - [TEST_STEP][PASSED] - closeBrowser(): Browser is closed

2022-11-09 16:22:13 - [MESSAGE][PASSED] - Browser is closed]]></system-out>
         <system-err><![CDATA[]]></system-err>
      </testcase>
      <system-out><![CDATA[2022-11-09 16:03:12 - [TEST_SUITE][PASSED] - 09.1 - Settings (Invite users): Test Cases/09-Settings/05 - Users (Invite batch of users via CSV file)]]></system-out>
      <system-err><![CDATA[]]></system-err>
   </testsuite>
</testsuites>
