<?xml version="1.0" encoding="UTF-8"?>
<testsuites name="09-Settings" time="1071.994" tests="5" failures="0" errors="0">
   <testsuite name="09-Settings" tests="5" failures="0" errors="0" time="1071.994" skipped="0" timestamp="2022-10-24 19:18:06" hostname="User - DESKTOP-QCRNR4M" id="Test Suites/TS-Organization/09-Settings">
      <properties>
         <property name="deviceName" value=""/>
         <property name="devicePlatform" value=""/>
         <property name="logFolder" value="C:\\Users\\User\\Katalon Studio\\EverleaguesMain\\Reports\\20221024_191802\\TS-Organization\\09-Settings\\20221024_191803"/>
         <property name="logFiles" value="C:\\Users\\User\\Katalon Studio\\EverleaguesMain\\Reports\\20221024_191802\\TS-Organization\\09-Settings\\20221024_191803\\execution0.log"/>
         <property name="attachments" value=""/>
         <property name="hostName" value="User - DESKTOP-QCRNR4M"/>
         <property name="os" value="Windows 10 64bit"/>
         <property name="katalonVersion" value="8.4.1.208"/>
         <property name="browser" value="Chrome 106.0.0.0"/>
         <property name="hostAddress" value="192.168.5.124"/>
         <property name="sessionId" value="c5814a059a14dcc86b50a16c4520511c"/>
         <property name="seleniumVersion" value="3.141.59"/>
         <property name="proxyInformation" value="ProxyInformation { proxyOption=NO_PROXY, proxyServerType=HTTP, username=, password=********, proxyServerAddress=, proxyServerPort=0, executionList=&quot;&quot;, isApplyToDesiredCapabilities=true }"/>
         <property name="platform" value="Windows 10"/>
      </properties>
      <testcase name="Test Cases/09-Settings/01 - Users (Invite new user but field are blank)" time="103.724" classname="Test Cases/09-Settings/01 - Users (Invite new user but field are blank)" status="PASSED">
         <system-out><![CDATA[2022-10-24 19:18:06 - [TEST_CASE][PASSED] - Test Cases/09-Settings/01 - Users (Invite new user but field are blank): Test Cases/09-Settings/01 - Users (Invite new user but field are blank)

2022-10-24 19:18:07 - [TEST_STEP][PASSED] - openBrowser(""): Browser is opened with url: ''

2022-10-24 19:18:07 - [MESSAGE][INFO] - Starting 'Chrome' driver

2022-10-24 19:18:07 - [MESSAGE][INFO] - Action delay is set to 0 milliseconds

2022-10-24 19:18:09 - [MESSAGE][PASSED] - Browser is opened with url: ''

2022-10-24 19:18:09 - [TEST_STEP][PASSED] - navigateToUrl("https://lab.everleagues.com/"): Navigate to 'https://lab.everleagues.com/' successfully

2022-10-24 19:18:28 - [MESSAGE][PASSED] - Navigate to 'https://lab.everleagues.com/' successfully

2022-10-24 19:18:28 - [TEST_STEP][PASSED] - maximizeWindow(): Current window maximized

2022-10-24 19:18:28 - [MESSAGE][PASSED] - Current window maximized

2022-10-24 19:18:28 - [TEST_STEP][PASSED] - setText(findTestObject("02-Side Icons(Organization)/Add Contact/Email Field"), "testuser02@mailinator.com"): Text 'testuser02@mailinator.com' is set on object 'Object Repository/02-Side Icons(Organization)/Add Contact/Email Field'

2022-10-24 19:18:29 - [MESSAGE][PASSED] - Text 'testuser02@mailinator.com' is set on object 'Object Repository/02-Side Icons(Organization)/Add Contact/Email Field'

2022-10-24 19:18:29 - [TEST_STEP][PASSED] - setEncryptedText(findTestObject("02-Side Icons(Organization)/Add Contact/Password Field"), "8yFRyszE6U6jvsCn51OQbg=="): Text ****** has been set on object 'Object Repository/02-Side Icons(Organization)/Add Contact/Password Field'

2022-10-24 19:18:29 - [MESSAGE][PASSED] - Text ****** has been set on object 'Object Repository/02-Side Icons(Organization)/Add Contact/Password Field'

2022-10-24 19:18:29 - [TEST_STEP][PASSED] - click(findTestObject("02-Side Icons(Organization)/Add Contact/button_Sign in")): Object: 'Object Repository/02-Side Icons(Organization)/Add Contact/button_Sign in' is clicked on

2022-10-24 19:18:30 - [MESSAGE][PASSED] - Object: 'Object Repository/02-Side Icons(Organization)/Add Contact/button_Sign in' is clicked on

2022-10-24 19:18:30 - [TEST_STEP][PASSED] - delay(2): Delayed 2 second(s)

2022-10-24 19:18:32 - [MESSAGE][PASSED] - Delayed 2 second(s)

2022-10-24 19:18:32 - [TEST_STEP][PASSED] - click(findTestObject("06-Teams/For 2FA/button_Confirm_2FA")): Object: 'Object Repository/06-Teams/For 2FA/button_Confirm_2FA' is clicked on

2022-10-24 19:18:33 - [MESSAGE][PASSED] - Object: 'Object Repository/06-Teams/For 2FA/button_Confirm_2FA' is clicked on

2022-10-24 19:18:33 - [TEST_STEP][PASSED] - executeJavaScript("window.open();", []): Execute JavaScript 'window.open();' successfully

2022-10-24 19:18:33 - [MESSAGE][PASSED] - Execute JavaScript 'window.open();' successfully

2022-10-24 19:18:33 - [TEST_STEP][PASSED] - currentWindow = getWindowIndex(): Current window's index is: 0

2022-10-24 19:18:33 - [MESSAGE][PASSED] - Current window's index is: 0

2022-10-24 19:18:33 - [TEST_STEP][PASSED] - delay(3): Delayed 3 second(s)

2022-10-24 19:18:36 - [MESSAGE][PASSED] - Delayed 3 second(s)

2022-10-24 19:18:36 - [TEST_STEP][PASSED] - switchToWindowIndex(currentWindow + 1): Switched to window with index: '1'

2022-10-24 19:18:36 - [MESSAGE][PASSED] - Switched to window with index: '1'

2022-10-24 19:18:36 - [TEST_STEP][PASSED] - navigateToUrl("https://www.mailinator.com/"): Navigate to 'https://www.mailinator.com/' successfully

2022-10-24 19:18:39 - [MESSAGE][PASSED] - Navigate to 'https://www.mailinator.com/' successfully

2022-10-24 19:18:39 - [TEST_STEP][PASSED] - delay(3): Delayed 3 second(s)

2022-10-24 19:18:42 - [MESSAGE][PASSED] - Delayed 3 second(s)

2022-10-24 19:18:42 - [TEST_STEP][PASSED] - setText(findTestObject("00-Signup and Activation/zMailinator/input_LOGIN_search"), "testuser02@mailinator.com"): Text 'testuser02@mailinator.com' is set on object 'Object Repository/00-Signup and Activation/zMailinator/input_LOGIN_search'

2022-10-24 19:18:43 - [MESSAGE][PASSED] - Text 'testuser02@mailinator.com' is set on object 'Object Repository/00-Signup and Activation/zMailinator/input_LOGIN_search'

2022-10-24 19:18:43 - [TEST_STEP][PASSED] - click(findTestObject("00-Signup and Activation/zMailinator/gobutton"), STOP_ON_FAILURE): Object: 'Object Repository/00-Signup and Activation/zMailinator/gobutton' is clicked on

2022-10-24 19:18:44 - [MESSAGE][PASSED] - Object: 'Object Repository/00-Signup and Activation/zMailinator/gobutton' is clicked on

2022-10-24 19:18:44 - [TEST_STEP][PASSED] - delay(3): Delayed 3 second(s)

2022-10-24 19:18:47 - [MESSAGE][PASSED] - Delayed 3 second(s)

2022-10-24 19:18:47 - [TEST_STEP][PASSED] - click(findTestObject("00-Signup and Activation/zMailinator/Email - everleagues")): Object: 'Object Repository/00-Signup and Activation/zMailinator/Email - everleagues' is clicked on

2022-10-24 19:18:47 - [MESSAGE][PASSED] - Object: 'Object Repository/00-Signup and Activation/zMailinator/Email - everleagues' is clicked on

2022-10-24 19:18:47 - [TEST_STEP][PASSED] - delay(3): Delayed 3 second(s)

2022-10-24 19:18:50 - [MESSAGE][PASSED] - Delayed 3 second(s)

2022-10-24 19:18:50 - [TEST_STEP][PASSED] - code = getText(findTestObject("Object Repository/06-Teams/For 2FA/2FA code")): Text of object 'Object Repository/06-Teams/For 2FA/2FA code' is: '341826'

2022-10-24 19:18:51 - [MESSAGE][PASSED] - Text of object 'Object Repository/06-Teams/For 2FA/2FA code' is: '341826'

2022-10-24 19:18:51 - [TEST_STEP][PASSED] - delay(3): Delayed 3 second(s)

2022-10-24 19:18:54 - [MESSAGE][PASSED] - Delayed 3 second(s)

2022-10-24 19:18:54 - [TEST_STEP][PASSED] - closeWindowTitle("Mailinator"): Window with title: 'Mailinator' is closed

2022-10-24 19:18:54 - [MESSAGE][PASSED] - Window with title: 'Mailinator' is closed

2022-10-24 19:18:54 - [TEST_STEP][PASSED] - delay(3): Delayed 3 second(s)

2022-10-24 19:18:57 - [MESSAGE][PASSED] - Delayed 3 second(s)

2022-10-24 19:18:57 - [TEST_STEP][PASSED] - switchToWindowIndex(0): Switched to window with index: '0'

2022-10-24 19:18:57 - [MESSAGE][PASSED] - Switched to window with index: '0'

2022-10-24 19:18:57 - [TEST_STEP][PASSED] - delay(3): Delayed 3 second(s)

2022-10-24 19:19:00 - [MESSAGE][PASSED] - Delayed 3 second(s)

2022-10-24 19:19:00 - [TEST_STEP][PASSED] - setText(findTestObject("Object Repository/06-Teams/For 2FA/input_Enter verification code_code"), code): Text '341826' is set on object 'Object Repository/06-Teams/For 2FA/input_Enter verification code_code'

2022-10-24 19:19:01 - [MESSAGE][PASSED] - Text '341826' is set on object 'Object Repository/06-Teams/For 2FA/input_Enter verification code_code'

2022-10-24 19:19:01 - [TEST_STEP][PASSED] - delay(3): Delayed 3 second(s)

2022-10-24 19:19:04 - [MESSAGE][PASSED] - Delayed 3 second(s)

2022-10-24 19:19:04 - [TEST_STEP][PASSED] - click(findTestObject("06-Teams/For 2FA/button_Verify_2FA")): Object: 'Object Repository/06-Teams/For 2FA/button_Verify_2FA' is clicked on

2022-10-24 19:19:05 - [MESSAGE][PASSED] - Object: 'Object Repository/06-Teams/For 2FA/button_Verify_2FA' is clicked on

2022-10-24 19:19:05 - [TEST_STEP][PASSED] - delay(5): Delayed 5 second(s)

2022-10-24 19:19:10 - [MESSAGE][PASSED] - Delayed 5 second(s)

2022-10-24 19:19:10 - [TEST_STEP][PASSED] - click(findTestObject("06-Teams/button_doublearrow")): Object: 'Object Repository/06-Teams/button_doublearrow' is clicked on

2022-10-24 19:19:11 - [MESSAGE][PASSED] - Object: 'Object Repository/06-Teams/button_doublearrow' is clicked on

2022-10-24 19:19:11 - [TEST_STEP][PASSED] - click(findTestObject("06-Teams/button_My Organizations")): Object: 'Object Repository/06-Teams/button_My Organizations' is clicked on

2022-10-24 19:19:11 - [MESSAGE][PASSED] - Object: 'Object Repository/06-Teams/button_My Organizations' is clicked on

2022-10-24 19:19:11 - [TEST_STEP][PASSED] - click(findTestObject("06-Teams/button_GG Automation")): Object: 'Object Repository/06-Teams/button_GG Automation' is clicked on

2022-10-24 19:19:12 - [MESSAGE][PASSED] - Object: 'Object Repository/06-Teams/button_GG Automation' is clicked on

2022-10-24 19:19:12 - [TEST_STEP][PASSED] - delay(4): Delayed 4 second(s)

2022-10-24 19:19:16 - [MESSAGE][PASSED] - Delayed 4 second(s)

2022-10-24 19:19:16 - [TEST_STEP][PASSED] - verifyElementVisible(findTestObject("06-Teams/span_GG Automation")): Object 'Object Repository/06-Teams/span_GG Automation' is visible

2022-10-24 19:19:16 - [MESSAGE][PASSED] - Object 'Object Repository/06-Teams/span_GG Automation' is visible

2022-10-24 19:19:16 - [TEST_STEP][PASSED] - delay(10): Delayed 10 second(s)

2022-10-24 19:19:26 - [MESSAGE][PASSED] - Delayed 10 second(s)

2022-10-24 19:19:26 - [TEST_STEP][PASSED] - click(findTestObject("03-Header Menu/Hamburger Button/div_Settings")): Object: 'Object Repository/03-Header Menu/Hamburger Button/div_Settings' is clicked on

2022-10-24 19:19:27 - [MESSAGE][PASSED] - Object: 'Object Repository/03-Header Menu/Hamburger Button/div_Settings' is clicked on

2022-10-24 19:19:27 - [TEST_STEP][PASSED] - verifyElementVisible(findTestObject("09-Settings/Users/div_Organization")): Object 'Object Repository/09-Settings/Users/div_Organization' is visible

2022-10-24 19:19:27 - [MESSAGE][PASSED] - Object 'Object Repository/09-Settings/Users/div_Organization' is visible

2022-10-24 19:19:27 - [TEST_STEP][PASSED] - verifyElementVisible(findTestObject("09-Settings/Users/div_Organization Units")): Object 'Object Repository/09-Settings/Users/div_Organization Units' is visible

2022-10-24 19:19:28 - [MESSAGE][PASSED] - Object 'Object Repository/09-Settings/Users/div_Organization Units' is visible

2022-10-24 19:19:28 - [TEST_STEP][PASSED] - verifyElementVisible(findTestObject("09-Settings/Users/div_Subscriptions")): Object 'Object Repository/09-Settings/Users/div_Subscriptions' is visible

2022-10-24 19:19:28 - [MESSAGE][PASSED] - Object 'Object Repository/09-Settings/Users/div_Subscriptions' is visible

2022-10-24 19:19:28 - [TEST_STEP][PASSED] - verifyElementVisible(findTestObject("09-Settings/Users/div_Users")): Object 'Object Repository/09-Settings/Users/div_Users' is visible

2022-10-24 19:19:28 - [MESSAGE][PASSED] - Object 'Object Repository/09-Settings/Users/div_Users' is visible

2022-10-24 19:19:28 - [TEST_STEP][PASSED] - delay(3): Delayed 3 second(s)

2022-10-24 19:19:31 - [MESSAGE][PASSED] - Delayed 3 second(s)

2022-10-24 19:19:31 - [TEST_STEP][PASSED] - click(findTestObject("09-Settings/Users/div_Users")): Object: 'Object Repository/09-Settings/Users/div_Users' is clicked on

2022-10-24 19:19:32 - [MESSAGE][PASSED] - Object: 'Object Repository/09-Settings/Users/div_Users' is clicked on

2022-10-24 19:19:32 - [TEST_STEP][PASSED] - verifyElementVisible(findTestObject("09-Settings/Users/h4_USERS")): Object 'Object Repository/09-Settings/Users/h4_USERS' is visible

2022-10-24 19:19:33 - [MESSAGE][PASSED] - Object 'Object Repository/09-Settings/Users/h4_USERS' is visible

2022-10-24 19:19:33 - [TEST_STEP][PASSED] - verifyElementVisible(findTestObject("09-Settings/Users/User Page")): Object 'Object Repository/09-Settings/Users/User Page' is visible

2022-10-24 19:19:33 - [MESSAGE][PASSED] - Object 'Object Repository/09-Settings/Users/User Page' is visible

2022-10-24 19:19:33 - [TEST_STEP][PASSED] - delay(3): Delayed 3 second(s)

2022-10-24 19:19:36 - [MESSAGE][PASSED] - Delayed 3 second(s)

2022-10-24 19:19:36 - [TEST_STEP][PASSED] - click(findTestObject("09-Settings/Users/button_add")): Object: 'Object Repository/09-Settings/Users/button_add' is clicked on

2022-10-24 19:19:37 - [MESSAGE][PASSED] - Object: 'Object Repository/09-Settings/Users/button_add' is clicked on

2022-10-24 19:19:37 - [TEST_STEP][PASSED] - verifyElementVisible(findTestObject("09-Settings/Users/User Invitation modal")): Object 'Object Repository/09-Settings/Users/User Invitation modal' is visible

2022-10-24 19:19:37 - [MESSAGE][PASSED] - Object 'Object Repository/09-Settings/Users/User Invitation modal' is visible

2022-10-24 19:19:37 - [TEST_STEP][PASSED] - delay(3): Delayed 3 second(s)

2022-10-24 19:19:40 - [MESSAGE][PASSED] - Delayed 3 second(s)

2022-10-24 19:19:40 - [TEST_STEP][PASSED] - click(findTestObject("09-Settings/Users/add Invite a single user")): Object: 'Object Repository/09-Settings/Users/add Invite a single user' is clicked on

2022-10-24 19:19:41 - [MESSAGE][PASSED] - Object: 'Object Repository/09-Settings/Users/add Invite a single user' is clicked on

2022-10-24 19:19:41 - [TEST_STEP][PASSED] - verifyElementVisible(findTestObject("09-Settings/Users/Invite new user modal")): Object 'Object Repository/09-Settings/Users/Invite new user modal' is visible

2022-10-24 19:19:42 - [MESSAGE][PASSED] - Object 'Object Repository/09-Settings/Users/Invite new user modal' is visible

2022-10-24 19:19:42 - [TEST_STEP][PASSED] - click(findTestObject("09-Settings/Users/input_email")): Object: 'Object Repository/09-Settings/Users/input_email' is clicked on

2022-10-24 19:19:42 - [MESSAGE][PASSED] - Object: 'Object Repository/09-Settings/Users/input_email' is clicked on

2022-10-24 19:19:42 - [TEST_STEP][PASSED] - click(findTestObject("09-Settings/Users/input_firstName")): Object: 'Object Repository/09-Settings/Users/input_firstName' is clicked on

2022-10-24 19:19:43 - [MESSAGE][PASSED] - Object: 'Object Repository/09-Settings/Users/input_firstName' is clicked on

2022-10-24 19:19:43 - [TEST_STEP][PASSED] - click(findTestObject("09-Settings/Users/input_lastName")): Object: 'Object Repository/09-Settings/Users/input_lastName' is clicked on

2022-10-24 19:19:43 - [MESSAGE][PASSED] - Object: 'Object Repository/09-Settings/Users/input_lastName' is clicked on

2022-10-24 19:19:43 - [TEST_STEP][PASSED] - click(findTestObject("09-Settings/Users/span_Role")): Object: 'Object Repository/09-Settings/Users/span_Role' is clicked on

2022-10-24 19:19:44 - [MESSAGE][PASSED] - Object: 'Object Repository/09-Settings/Users/span_Role' is clicked on

2022-10-24 19:19:44 - [TEST_STEP][PASSED] - clickOffset(findTestObject("09-Settings/Users/h4_Invite New User"), 100, 100): Object: 'Object Repository/09-Settings/Users/h4_Invite New User' is clicked on using offset x=100 and y=100

2022-10-24 19:19:44 - [MESSAGE][PASSED] - Object: 'Object Repository/09-Settings/Users/h4_Invite New User' is clicked on using offset x=100 and y=100

2022-10-24 19:19:44 - [TEST_STEP][PASSED] - verifyElementVisible(findTestObject("09-Settings/Users/Email required")): Object 'Object Repository/09-Settings/Users/Email required' is visible

2022-10-24 19:19:45 - [MESSAGE][PASSED] - Object 'Object Repository/09-Settings/Users/Email required' is visible

2022-10-24 19:19:45 - [TEST_STEP][PASSED] - verifyElementVisible(findTestObject("09-Settings/Users/Firstname required")): Object 'Object Repository/09-Settings/Users/Firstname required' is visible

2022-10-24 19:19:46 - [MESSAGE][PASSED] - Object 'Object Repository/09-Settings/Users/Firstname required' is visible

2022-10-24 19:19:46 - [TEST_STEP][PASSED] - verifyElementVisible(findTestObject("09-Settings/Users/last name required")): Object 'Object Repository/09-Settings/Users/last name required' is visible

2022-10-24 19:19:46 - [MESSAGE][PASSED] - Object 'Object Repository/09-Settings/Users/last name required' is visible

2022-10-24 19:19:46 - [TEST_STEP][PASSED] - verifyElementVisible(findTestObject("09-Settings/Users/error_Select a role")): Object 'Object Repository/09-Settings/Users/error_Select a role' is visible

2022-10-24 19:19:46 - [MESSAGE][PASSED] - Object 'Object Repository/09-Settings/Users/error_Select a role' is visible

2022-10-24 19:19:46 - [TEST_STEP][PASSED] - delay(3): Delayed 3 second(s)

2022-10-24 19:19:49 - [MESSAGE][PASSED] - Delayed 3 second(s)

2022-10-24 19:19:49 - [TEST_STEP][PASSED] - closeBrowser(): Browser is closed

2022-10-24 19:19:50 - [MESSAGE][PASSED] - Browser is closed]]></system-out>
         <system-err><![CDATA[]]></system-err>
      </testcase>
      <testcase name="Test Cases/09-Settings/02 - Users (Invite new user as co worker)" time="435.203" classname="Test Cases/09-Settings/02 - Users (Invite new user as co worker)" status="PASSED">
         <system-out><![CDATA[2022-10-24 19:19:50 - [TEST_CASE][PASSED] - Test Cases/09-Settings/02 - Users (Invite new user as co worker): Test Cases/09-Settings/02 - Users (Invite new user as co worker)

2022-10-24 19:19:50 - [TEST_STEP][PASSED] - openBrowser(""): Browser is opened with url: ''

2022-10-24 19:19:50 - [MESSAGE][INFO] - Starting 'Chrome' driver

2022-10-24 19:19:51 - [MESSAGE][INFO] - Action delay is set to 0 milliseconds

2022-10-24 19:19:52 - [MESSAGE][PASSED] - Browser is opened with url: ''

2022-10-24 19:19:52 - [TEST_STEP][PASSED] - navigateToUrl("https://lab.everleagues.com/"): Navigate to 'https://lab.everleagues.com/' successfully

2022-10-24 19:20:15 - [MESSAGE][PASSED] - Navigate to 'https://lab.everleagues.com/' successfully

2022-10-24 19:20:15 - [TEST_STEP][PASSED] - maximizeWindow(): Current window maximized

2022-10-24 19:20:15 - [MESSAGE][PASSED] - Current window maximized

2022-10-24 19:20:15 - [TEST_STEP][PASSED] - setText(findTestObject("02-Side Icons(Organization)/Add Contact/Email Field"), "testuser02@mailinator.com"): Text 'testuser02@mailinator.com' is set on object 'Object Repository/02-Side Icons(Organization)/Add Contact/Email Field'

2022-10-24 19:20:16 - [MESSAGE][PASSED] - Text 'testuser02@mailinator.com' is set on object 'Object Repository/02-Side Icons(Organization)/Add Contact/Email Field'

2022-10-24 19:20:16 - [TEST_STEP][PASSED] - setEncryptedText(findTestObject("02-Side Icons(Organization)/Add Contact/Password Field"), "8yFRyszE6U6jvsCn51OQbg=="): Text ****** has been set on object 'Object Repository/02-Side Icons(Organization)/Add Contact/Password Field'

2022-10-24 19:20:17 - [MESSAGE][PASSED] - Text ****** has been set on object 'Object Repository/02-Side Icons(Organization)/Add Contact/Password Field'

2022-10-24 19:20:17 - [TEST_STEP][PASSED] - click(findTestObject("02-Side Icons(Organization)/Add Contact/button_Sign in")): Object: 'Object Repository/02-Side Icons(Organization)/Add Contact/button_Sign in' is clicked on

2022-10-24 19:20:17 - [MESSAGE][PASSED] - Object: 'Object Repository/02-Side Icons(Organization)/Add Contact/button_Sign in' is clicked on

2022-10-24 19:20:17 - [TEST_STEP][PASSED] - delay(2): Delayed 2 second(s)

2022-10-24 19:20:19 - [MESSAGE][PASSED] - Delayed 2 second(s)

2022-10-24 19:20:19 - [TEST_STEP][PASSED] - click(findTestObject("06-Teams/For 2FA/button_Confirm_2FA")): Object: 'Object Repository/06-Teams/For 2FA/button_Confirm_2FA' is clicked on

2022-10-24 19:20:20 - [MESSAGE][PASSED] - Object: 'Object Repository/06-Teams/For 2FA/button_Confirm_2FA' is clicked on

2022-10-24 19:20:20 - [TEST_STEP][PASSED] - executeJavaScript("window.open();", []): Execute JavaScript 'window.open();' successfully

2022-10-24 19:20:20 - [MESSAGE][PASSED] - Execute JavaScript 'window.open();' successfully

2022-10-24 19:20:20 - [TEST_STEP][PASSED] - currentWindow = getWindowIndex(): Current window's index is: 0

2022-10-24 19:20:20 - [MESSAGE][PASSED] - Current window's index is: 0

2022-10-24 19:20:20 - [TEST_STEP][PASSED] - delay(3): Delayed 3 second(s)

2022-10-24 19:20:23 - [MESSAGE][PASSED] - Delayed 3 second(s)

2022-10-24 19:20:23 - [TEST_STEP][PASSED] - switchToWindowIndex(currentWindow + 1): Switched to window with index: '1'

2022-10-24 19:20:23 - [MESSAGE][PASSED] - Switched to window with index: '1'

2022-10-24 19:20:23 - [TEST_STEP][PASSED] - navigateToUrl("https://www.mailinator.com/"): Navigate to 'https://www.mailinator.com/' successfully

2022-10-24 19:20:25 - [MESSAGE][PASSED] - Navigate to 'https://www.mailinator.com/' successfully

2022-10-24 19:20:25 - [TEST_STEP][PASSED] - delay(3): Delayed 3 second(s)

2022-10-24 19:20:28 - [MESSAGE][PASSED] - Delayed 3 second(s)

2022-10-24 19:20:28 - [TEST_STEP][PASSED] - setText(findTestObject("00-Signup and Activation/zMailinator/input_LOGIN_search"), "testuser02@mailinator.com"): Text 'testuser02@mailinator.com' is set on object 'Object Repository/00-Signup and Activation/zMailinator/input_LOGIN_search'

2022-10-24 19:20:29 - [MESSAGE][PASSED] - Text 'testuser02@mailinator.com' is set on object 'Object Repository/00-Signup and Activation/zMailinator/input_LOGIN_search'

2022-10-24 19:20:29 - [TEST_STEP][PASSED] - click(findTestObject("00-Signup and Activation/zMailinator/gobutton"), STOP_ON_FAILURE): Object: 'Object Repository/00-Signup and Activation/zMailinator/gobutton' is clicked on

2022-10-24 19:20:30 - [MESSAGE][PASSED] - Object: 'Object Repository/00-Signup and Activation/zMailinator/gobutton' is clicked on

2022-10-24 19:20:30 - [TEST_STEP][PASSED] - delay(3): Delayed 3 second(s)

2022-10-24 19:20:33 - [MESSAGE][PASSED] - Delayed 3 second(s)

2022-10-24 19:20:33 - [TEST_STEP][PASSED] - click(findTestObject("00-Signup and Activation/zMailinator/Email - everleagues")): Object: 'Object Repository/00-Signup and Activation/zMailinator/Email - everleagues' is clicked on

2022-10-24 19:20:34 - [MESSAGE][PASSED] - Object: 'Object Repository/00-Signup and Activation/zMailinator/Email - everleagues' is clicked on

2022-10-24 19:20:34 - [TEST_STEP][PASSED] - delay(3): Delayed 3 second(s)

2022-10-24 19:20:37 - [MESSAGE][PASSED] - Delayed 3 second(s)

2022-10-24 19:20:37 - [TEST_STEP][PASSED] - code = getText(findTestObject("Object Repository/06-Teams/For 2FA/2FA code")): Text of object 'Object Repository/06-Teams/For 2FA/2FA code' is: '341826'

2022-10-24 19:20:37 - [MESSAGE][PASSED] - Text of object 'Object Repository/06-Teams/For 2FA/2FA code' is: '341826'

2022-10-24 19:20:37 - [TEST_STEP][PASSED] - delay(3): Delayed 3 second(s)

2022-10-24 19:20:40 - [MESSAGE][PASSED] - Delayed 3 second(s)

2022-10-24 19:20:40 - [TEST_STEP][PASSED] - closeWindowTitle("Mailinator"): Window with title: 'Mailinator' is closed

2022-10-24 19:20:40 - [MESSAGE][PASSED] - Window with title: 'Mailinator' is closed

2022-10-24 19:20:40 - [TEST_STEP][PASSED] - delay(3): Delayed 3 second(s)

2022-10-24 19:20:43 - [MESSAGE][PASSED] - Delayed 3 second(s)

2022-10-24 19:20:43 - [TEST_STEP][PASSED] - switchToWindowIndex(0): Switched to window with index: '0'

2022-10-24 19:20:43 - [MESSAGE][PASSED] - Switched to window with index: '0'

2022-10-24 19:20:43 - [TEST_STEP][PASSED] - delay(3): Delayed 3 second(s)

2022-10-24 19:20:46 - [MESSAGE][PASSED] - Delayed 3 second(s)

2022-10-24 19:20:46 - [TEST_STEP][PASSED] - setText(findTestObject("Object Repository/06-Teams/For 2FA/input_Enter verification code_code"), code): Text '341826' is set on object 'Object Repository/06-Teams/For 2FA/input_Enter verification code_code'

2022-10-24 19:20:47 - [MESSAGE][PASSED] - Text '341826' is set on object 'Object Repository/06-Teams/For 2FA/input_Enter verification code_code'

2022-10-24 19:20:47 - [TEST_STEP][PASSED] - delay(3): Delayed 3 second(s)

2022-10-24 19:20:50 - [MESSAGE][PASSED] - Delayed 3 second(s)

2022-10-24 19:20:50 - [TEST_STEP][PASSED] - click(findTestObject("06-Teams/For 2FA/button_Verify_2FA")): Object: 'Object Repository/06-Teams/For 2FA/button_Verify_2FA' is clicked on

2022-10-24 19:20:51 - [MESSAGE][PASSED] - Object: 'Object Repository/06-Teams/For 2FA/button_Verify_2FA' is clicked on

2022-10-24 19:20:51 - [TEST_STEP][PASSED] - delay(5): Delayed 5 second(s)

2022-10-24 19:20:56 - [MESSAGE][PASSED] - Delayed 5 second(s)

2022-10-24 19:20:56 - [TEST_STEP][PASSED] - click(findTestObject("06-Teams/button_doublearrow")): Object: 'Object Repository/06-Teams/button_doublearrow' is clicked on

2022-10-24 19:20:56 - [MESSAGE][PASSED] - Object: 'Object Repository/06-Teams/button_doublearrow' is clicked on

2022-10-24 19:20:56 - [TEST_STEP][PASSED] - click(findTestObject("06-Teams/button_My Organizations")): Object: 'Object Repository/06-Teams/button_My Organizations' is clicked on

2022-10-24 19:20:57 - [MESSAGE][PASSED] - Object: 'Object Repository/06-Teams/button_My Organizations' is clicked on

2022-10-24 19:20:57 - [TEST_STEP][PASSED] - click(findTestObject("06-Teams/button_GG Automation")): Object: 'Object Repository/06-Teams/button_GG Automation' is clicked on

2022-10-24 19:20:58 - [MESSAGE][PASSED] - Object: 'Object Repository/06-Teams/button_GG Automation' is clicked on

2022-10-24 19:20:58 - [TEST_STEP][PASSED] - delay(4): Delayed 4 second(s)

2022-10-24 19:21:02 - [MESSAGE][PASSED] - Delayed 4 second(s)

2022-10-24 19:21:02 - [TEST_STEP][PASSED] - verifyElementVisible(findTestObject("06-Teams/span_GG Automation")): Object 'Object Repository/06-Teams/span_GG Automation' is visible

2022-10-24 19:21:02 - [MESSAGE][PASSED] - Object 'Object Repository/06-Teams/span_GG Automation' is visible

2022-10-24 19:21:02 - [TEST_STEP][PASSED] - delay(10): Delayed 10 second(s)

2022-10-24 19:21:12 - [MESSAGE][PASSED] - Delayed 10 second(s)

2022-10-24 19:21:12 - [TEST_STEP][PASSED] - click(findTestObject("03-Header Menu/Hamburger Button/div_Settings")): Object: 'Object Repository/03-Header Menu/Hamburger Button/div_Settings' is clicked on

2022-10-24 19:21:12 - [MESSAGE][PASSED] - Object: 'Object Repository/03-Header Menu/Hamburger Button/div_Settings' is clicked on

2022-10-24 19:21:12 - [TEST_STEP][PASSED] - delay(3): Delayed 3 second(s)

2022-10-24 19:21:15 - [MESSAGE][PASSED] - Delayed 3 second(s)

2022-10-24 19:21:15 - [TEST_STEP][PASSED] - click(findTestObject("09-Settings/Users/div_Users")): Object: 'Object Repository/09-Settings/Users/div_Users' is clicked on

2022-10-24 19:21:16 - [MESSAGE][PASSED] - Object: 'Object Repository/09-Settings/Users/div_Users' is clicked on

2022-10-24 19:21:16 - [TEST_STEP][PASSED] - delay(3): Delayed 3 second(s)

2022-10-24 19:21:19 - [MESSAGE][PASSED] - Delayed 3 second(s)

2022-10-24 19:21:19 - [TEST_STEP][PASSED] - click(findTestObject("09-Settings/Users/button_add")): Object: 'Object Repository/09-Settings/Users/button_add' is clicked on

2022-10-24 19:21:19 - [MESSAGE][PASSED] - Object: 'Object Repository/09-Settings/Users/button_add' is clicked on

2022-10-24 19:21:19 - [TEST_STEP][PASSED] - delay(3): Delayed 3 second(s)

2022-10-24 19:21:22 - [MESSAGE][PASSED] - Delayed 3 second(s)

2022-10-24 19:21:22 - [TEST_STEP][PASSED] - click(findTestObject("09-Settings/Users/add Invite a single user")): Object: 'Object Repository/09-Settings/Users/add Invite a single user' is clicked on

2022-10-24 19:21:23 - [MESSAGE][PASSED] - Object: 'Object Repository/09-Settings/Users/add Invite a single user' is clicked on

2022-10-24 19:21:23 - [TEST_STEP][PASSED] - delay(3): Delayed 3 second(s)

2022-10-24 19:21:26 - [MESSAGE][PASSED] - Delayed 3 second(s)

2022-10-24 19:21:26 - [TEST_STEP][PASSED] - setText(findTestObject("09-Settings/Users/input_email"), "autotester04@mailinator.com"): Text 'autotester04@mailinator.com' is set on object 'Object Repository/09-Settings/Users/input_email'

2022-10-24 19:21:27 - [MESSAGE][PASSED] - Text 'autotester04@mailinator.com' is set on object 'Object Repository/09-Settings/Users/input_email'

2022-10-24 19:21:27 - [TEST_STEP][PASSED] - setText(findTestObject("09-Settings/Users/input_firstName"), "GG"): Text 'GG' is set on object 'Object Repository/09-Settings/Users/input_firstName'

2022-10-24 19:21:27 - [MESSAGE][PASSED] - Text 'GG' is set on object 'Object Repository/09-Settings/Users/input_firstName'

2022-10-24 19:21:27 - [TEST_STEP][PASSED] - setText(findTestObject("09-Settings/Users/input_lastName"), "Auto Contact 2"): Text 'Auto Contact 2' is set on object 'Object Repository/09-Settings/Users/input_lastName'

2022-10-24 19:21:29 - [MESSAGE][PASSED] - Text 'Auto Contact 2' is set on object 'Object Repository/09-Settings/Users/input_lastName'

2022-10-24 19:21:29 - [TEST_STEP][PASSED] - click(findTestObject("09-Settings/Users/span_Role")): Object: 'Object Repository/09-Settings/Users/span_Role' is clicked on

2022-10-24 19:21:29 - [MESSAGE][PASSED] - Object: 'Object Repository/09-Settings/Users/span_Role' is clicked on

2022-10-24 19:21:29 - [TEST_STEP][PASSED] - click(findTestObject("09-Settings/Users/span_CoWorker")): Object: 'Object Repository/09-Settings/Users/span_CoWorker' is clicked on

2022-10-24 19:21:29 - [MESSAGE][PASSED] - Object: 'Object Repository/09-Settings/Users/span_CoWorker' is clicked on

2022-10-24 19:21:29 - [TEST_STEP][PASSED] - click(findTestObject("09-Settings/Users/button_Send Invitation")): Object: 'Object Repository/09-Settings/Users/button_Send Invitation' is clicked on

2022-10-24 19:21:31 - [MESSAGE][PASSED] - Object: 'Object Repository/09-Settings/Users/button_Send Invitation' is clicked on

2022-10-24 19:21:31 - [TEST_STEP][PASSED] - delay(2): Delayed 2 second(s)

2022-10-24 19:21:33 - [MESSAGE][PASSED] - Delayed 2 second(s)

2022-10-24 19:21:33 - [TEST_STEP][PASSED] - verifyElementVisible(findTestObject("07-Directory/Connections/zContact Profile/Successfully invited user")): Object 'Object Repository/07-Directory/Connections/zContact Profile/Successfully invited user' is visible

2022-10-24 19:21:34 - [MESSAGE][PASSED] - Object 'Object Repository/07-Directory/Connections/zContact Profile/Successfully invited user' is visible

2022-10-24 19:21:34 - [TEST_STEP][PASSED] - delay(2): Delayed 2 second(s)

2022-10-24 19:21:36 - [MESSAGE][PASSED] - Delayed 2 second(s)

2022-10-24 19:21:36 - [TEST_STEP][PASSED] - executeJavaScript("window.open();", []): Execute JavaScript 'window.open();' successfully

2022-10-24 19:21:36 - [MESSAGE][PASSED] - Execute JavaScript 'window.open();' successfully

2022-10-24 19:21:36 - [TEST_STEP][PASSED] - currentWindow = getWindowIndex(): Current window's index is: 0

2022-10-24 19:21:36 - [MESSAGE][PASSED] - Current window's index is: 0

2022-10-24 19:21:36 - [TEST_STEP][PASSED] - delay(3): Delayed 3 second(s)

2022-10-24 19:21:39 - [MESSAGE][PASSED] - Delayed 3 second(s)

2022-10-24 19:21:39 - [TEST_STEP][PASSED] - switchToWindowIndex(currentWindow + 1): Switched to window with index: '1'

2022-10-24 19:21:39 - [MESSAGE][PASSED] - Switched to window with index: '1'

2022-10-24 19:21:39 - [TEST_STEP][PASSED] - navigateToUrl("https://www.mailinator.com/"): Navigate to 'https://www.mailinator.com/' successfully

2022-10-24 19:21:40 - [MESSAGE][PASSED] - Navigate to 'https://www.mailinator.com/' successfully

2022-10-24 19:21:40 - [TEST_STEP][PASSED] - delay(3): Delayed 3 second(s)

2022-10-24 19:21:43 - [MESSAGE][PASSED] - Delayed 3 second(s)

2022-10-24 19:21:43 - [TEST_STEP][PASSED] - setText(findTestObject("00-Signup and Activation/zMailinator/input_LOGIN_search"), "autotester04@mailinator.com"): Text 'autotester04@mailinator.com' is set on object 'Object Repository/00-Signup and Activation/zMailinator/input_LOGIN_search'

2022-10-24 19:21:43 - [MESSAGE][PASSED] - Text 'autotester04@mailinator.com' is set on object 'Object Repository/00-Signup and Activation/zMailinator/input_LOGIN_search'

2022-10-24 19:21:43 - [TEST_STEP][PASSED] - click(findTestObject("00-Signup and Activation/zMailinator/gobutton"), STOP_ON_FAILURE): Object: 'Object Repository/00-Signup and Activation/zMailinator/gobutton' is clicked on

2022-10-24 19:21:44 - [MESSAGE][PASSED] - Object: 'Object Repository/00-Signup and Activation/zMailinator/gobutton' is clicked on

2022-10-24 19:21:44 - [TEST_STEP][PASSED] - delay(3): Delayed 3 second(s)

2022-10-24 19:21:47 - [MESSAGE][PASSED] - Delayed 3 second(s)

2022-10-24 19:21:47 - [TEST_STEP][PASSED] - closeWindowTitle("Everleagues"): Window with title: 'Everleagues' is closed

2022-10-24 19:21:47 - [MESSAGE][PASSED] - Window with title: 'Everleagues' is closed

2022-10-24 19:21:47 - [TEST_STEP][PASSED] - switchToWindowIndex(0): Switched to window with index: '0'

2022-10-24 19:21:47 - [MESSAGE][PASSED] - Switched to window with index: '0'

2022-10-24 19:21:47 - [TEST_STEP][PASSED] - click(findTestObject("09-Settings/Users/Co worker/td_Invitation from GG Automation")): Object: 'Object Repository/09-Settings/Users/Co worker/td_Invitation from GG Automation' is clicked on

2022-10-24 19:21:48 - [MESSAGE][PASSED] - Object: 'Object Repository/09-Settings/Users/Co worker/td_Invitation from GG Automation' is clicked on

2022-10-24 19:21:48 - [TEST_STEP][PASSED] - click(findTestObject("09-Settings/Users/Co worker/a_Click here to join GG Automation on EverLeagues")): Object: 'Object Repository/09-Settings/Users/Co worker/a_Click here to join GG Automation on EverLeagues' is clicked on

2022-10-24 19:21:49 - [MESSAGE][PASSED] - Object: 'Object Repository/09-Settings/Users/Co worker/a_Click here to join GG Automation on EverLeagues' is clicked on

2022-10-24 19:21:49 - [TEST_STEP][PASSED] - closeWindowTitle("Mailinator"): Window with title: 'Mailinator' is closed

2022-10-24 19:21:49 - [MESSAGE][PASSED] - Window with title: 'Mailinator' is closed

2022-10-24 19:21:49 - [TEST_STEP][PASSED] - switchToWindowIndex(0): Switched to window with index: '0'

2022-10-24 19:21:49 - [MESSAGE][PASSED] - Switched to window with index: '0'

2022-10-24 19:21:49 - [TEST_STEP][PASSED] - verifyElementVisible(findTestObject("09-Settings/Users/Co worker/Logout before proceed modal")): Object 'Object Repository/09-Settings/Users/Co worker/Logout before proceed modal' is visible

2022-10-24 19:21:55 - [MESSAGE][PASSED] - Object 'Object Repository/09-Settings/Users/Co worker/Logout before proceed modal' is visible

2022-10-24 19:21:55 - [TEST_STEP][PASSED] - click(findTestObject("09-Settings/Users/Co worker/button_Yes")): Object: 'Object Repository/09-Settings/Users/Co worker/button_Yes' is clicked on

2022-10-24 19:21:55 - [MESSAGE][PASSED] - Object: 'Object Repository/09-Settings/Users/Co worker/button_Yes' is clicked on

2022-10-24 19:21:55 - [TEST_STEP][PASSED] - delay(3): Delayed 3 second(s)

2022-10-24 19:21:58 - [MESSAGE][PASSED] - Delayed 3 second(s)

2022-10-24 19:21:58 - [TEST_STEP][PASSED] - setText(findTestObject("09-Settings/Users/Co worker/input_Email_email"), "autotester04@mailinator.com"): Text 'autotester04@mailinator.com' is set on object 'Object Repository/09-Settings/Users/Co worker/input_Email_email'

2022-10-24 19:22:58 - [MESSAGE][PASSED] - Text 'autotester04@mailinator.com' is set on object 'Object Repository/09-Settings/Users/Co worker/input_Email_email'

2022-10-24 19:22:58 - [TEST_STEP][PASSED] - setEncryptedText(findTestObject("09-Settings/Users/Co worker/input__password"), "8yFRyszE6U6jvsCn51OQbg=="): Text ****** has been set on object 'Object Repository/09-Settings/Users/Co worker/input__password'

2022-10-24 19:23:29 - [MESSAGE][PASSED] - Text ****** has been set on object 'Object Repository/09-Settings/Users/Co worker/input__password'

2022-10-24 19:23:29 - [TEST_STEP][PASSED] - click(findTestObject("02-Side Icons(Organization)/Add Contact/button_Sign in")): Object: 'Object Repository/02-Side Icons(Organization)/Add Contact/button_Sign in' is clicked on

2022-10-24 19:23:59 - [MESSAGE][PASSED] - Object: 'Object Repository/02-Side Icons(Organization)/Add Contact/button_Sign in' is clicked on

2022-10-24 19:23:59 - [TEST_STEP][PASSED] - delay(2): Delayed 2 second(s)

2022-10-24 19:24:01 - [MESSAGE][PASSED] - Delayed 2 second(s)

2022-10-24 19:24:01 - [TEST_STEP][PASSED] - click(findTestObject("06-Teams/For 2FA/button_Confirm_2FA")): Object: 'Object Repository/06-Teams/For 2FA/button_Confirm_2FA' is clicked on

2022-10-24 19:24:31 - [MESSAGE][PASSED] - Object: 'Object Repository/06-Teams/For 2FA/button_Confirm_2FA' is clicked on

2022-10-24 19:24:31 - [TEST_STEP][PASSED] - executeJavaScript("window.open();", []): Execute JavaScript 'window.open();' successfully

2022-10-24 19:24:31 - [MESSAGE][PASSED] - Execute JavaScript 'window.open();' successfully

2022-10-24 19:24:31 - [TEST_STEP][PASSED] - currentWindow = getWindowIndex(): Current window's index is: 0

2022-10-24 19:24:31 - [MESSAGE][PASSED] - Current window's index is: 0

2022-10-24 19:24:31 - [TEST_STEP][PASSED] - delay(3): Delayed 3 second(s)

2022-10-24 19:24:34 - [MESSAGE][PASSED] - Delayed 3 second(s)

2022-10-24 19:24:34 - [TEST_STEP][PASSED] - switchToWindowIndex(currentWindow + 1): Switched to window with index: '1'

2022-10-24 19:24:34 - [MESSAGE][PASSED] - Switched to window with index: '1'

2022-10-24 19:24:34 - [TEST_STEP][PASSED] - navigateToUrl("https://www.mailinator.com/"): Navigate to 'https://www.mailinator.com/' successfully

2022-10-24 19:24:35 - [MESSAGE][PASSED] - Navigate to 'https://www.mailinator.com/' successfully

2022-10-24 19:24:35 - [TEST_STEP][PASSED] - delay(3): Delayed 3 second(s)

2022-10-24 19:24:38 - [MESSAGE][PASSED] - Delayed 3 second(s)

2022-10-24 19:24:38 - [TEST_STEP][PASSED] - setText(findTestObject("00-Signup and Activation/zMailinator/input_LOGIN_search"), "autotester04@mailinator.com"): Text 'autotester04@mailinator.com' is set on object 'Object Repository/00-Signup and Activation/zMailinator/input_LOGIN_search'

2022-10-24 19:24:39 - [MESSAGE][PASSED] - Text 'autotester04@mailinator.com' is set on object 'Object Repository/00-Signup and Activation/zMailinator/input_LOGIN_search'

2022-10-24 19:24:39 - [TEST_STEP][PASSED] - click(findTestObject("00-Signup and Activation/zMailinator/gobutton"), STOP_ON_FAILURE): Object: 'Object Repository/00-Signup and Activation/zMailinator/gobutton' is clicked on

2022-10-24 19:24:40 - [MESSAGE][PASSED] - Object: 'Object Repository/00-Signup and Activation/zMailinator/gobutton' is clicked on

2022-10-24 19:24:40 - [TEST_STEP][PASSED] - delay(3): Delayed 3 second(s)

2022-10-24 19:24:43 - [MESSAGE][PASSED] - Delayed 3 second(s)

2022-10-24 19:24:43 - [TEST_STEP][PASSED] - click(findTestObject("00-Signup and Activation/zMailinator/Email - everleagues")): Object: 'Object Repository/00-Signup and Activation/zMailinator/Email - everleagues' is clicked on

2022-10-24 19:24:43 - [MESSAGE][PASSED] - Object: 'Object Repository/00-Signup and Activation/zMailinator/Email - everleagues' is clicked on

2022-10-24 19:24:43 - [TEST_STEP][PASSED] - delay(3): Delayed 3 second(s)

2022-10-24 19:24:46 - [MESSAGE][PASSED] - Delayed 3 second(s)

2022-10-24 19:24:46 - [TEST_STEP][PASSED] - codetwo = getText(findTestObject("Object Repository/06-Teams/For 2FA/2FA code")): Text of object 'Object Repository/06-Teams/For 2FA/2FA code' is: '277294'

2022-10-24 19:24:47 - [MESSAGE][PASSED] - Text of object 'Object Repository/06-Teams/For 2FA/2FA code' is: '277294'

2022-10-24 19:24:47 - [TEST_STEP][PASSED] - delay(3): Delayed 3 second(s)

2022-10-24 19:24:50 - [MESSAGE][PASSED] - Delayed 3 second(s)

2022-10-24 19:24:50 - [TEST_STEP][PASSED] - closeWindowTitle("Mailinator"): Window with title: 'Mailinator' is closed

2022-10-24 19:24:50 - [MESSAGE][PASSED] - Window with title: 'Mailinator' is closed

2022-10-24 19:24:50 - [TEST_STEP][PASSED] - delay(3): Delayed 3 second(s)

2022-10-24 19:24:53 - [MESSAGE][PASSED] - Delayed 3 second(s)

2022-10-24 19:24:53 - [TEST_STEP][PASSED] - switchToWindowIndex(0): Switched to window with index: '0'

2022-10-24 19:24:53 - [MESSAGE][PASSED] - Switched to window with index: '0'

2022-10-24 19:24:53 - [TEST_STEP][PASSED] - delay(3): Delayed 3 second(s)

2022-10-24 19:24:56 - [MESSAGE][PASSED] - Delayed 3 second(s)

2022-10-24 19:24:56 - [TEST_STEP][PASSED] - setText(findTestObject("Object Repository/06-Teams/For 2FA/input_Enter verification code_code"), codetwo): Text '277294' is set on object 'Object Repository/06-Teams/For 2FA/input_Enter verification code_code'

2022-10-24 19:25:56 - [MESSAGE][PASSED] - Text '277294' is set on object 'Object Repository/06-Teams/For 2FA/input_Enter verification code_code'

2022-10-24 19:25:56 - [TEST_STEP][PASSED] - delay(3): Delayed 3 second(s)

2022-10-24 19:25:59 - [MESSAGE][PASSED] - Delayed 3 second(s)

2022-10-24 19:25:59 - [TEST_STEP][PASSED] - click(findTestObject("06-Teams/For 2FA/button_Verify_2FA")): Object: 'Object Repository/06-Teams/For 2FA/button_Verify_2FA' is clicked on

2022-10-24 19:26:29 - [MESSAGE][PASSED] - Object: 'Object Repository/06-Teams/For 2FA/button_Verify_2FA' is clicked on

2022-10-24 19:26:29 - [TEST_STEP][PASSED] - delay(5): Delayed 5 second(s)

2022-10-24 19:26:34 - [MESSAGE][PASSED] - Delayed 5 second(s)

2022-10-24 19:26:34 - [TEST_STEP][PASSED] - executeJavaScript("window.open();", []): Execute JavaScript 'window.open();' successfully

2022-10-24 19:26:35 - [MESSAGE][PASSED] - Execute JavaScript 'window.open();' successfully

2022-10-24 19:26:35 - [TEST_STEP][PASSED] - currentWindow = getWindowIndex(): Current window's index is: 0

2022-10-24 19:26:35 - [MESSAGE][PASSED] - Current window's index is: 0

2022-10-24 19:26:35 - [TEST_STEP][PASSED] - delay(3): Delayed 3 second(s)

2022-10-24 19:26:38 - [MESSAGE][PASSED] - Delayed 3 second(s)

2022-10-24 19:26:38 - [TEST_STEP][PASSED] - switchToWindowIndex(currentWindow + 1): Switched to window with index: '1'

2022-10-24 19:26:38 - [MESSAGE][PASSED] - Switched to window with index: '1'

2022-10-24 19:26:38 - [TEST_STEP][PASSED] - navigateToUrl("https://www.mailinator.com/"): Navigate to 'https://www.mailinator.com/' successfully

2022-10-24 19:26:40 - [MESSAGE][PASSED] - Navigate to 'https://www.mailinator.com/' successfully

2022-10-24 19:26:40 - [TEST_STEP][PASSED] - delay(3): Delayed 3 second(s)

2022-10-24 19:26:43 - [MESSAGE][PASSED] - Delayed 3 second(s)

2022-10-24 19:26:43 - [TEST_STEP][PASSED] - setText(findTestObject("00-Signup and Activation/zMailinator/input_LOGIN_search"), "autotester04@mailinator.com"): Text 'autotester04@mailinator.com' is set on object 'Object Repository/00-Signup and Activation/zMailinator/input_LOGIN_search'

2022-10-24 19:26:43 - [MESSAGE][PASSED] - Text 'autotester04@mailinator.com' is set on object 'Object Repository/00-Signup and Activation/zMailinator/input_LOGIN_search'

2022-10-24 19:26:43 - [TEST_STEP][PASSED] - click(findTestObject("00-Signup and Activation/zMailinator/gobutton"), STOP_ON_FAILURE): Object: 'Object Repository/00-Signup and Activation/zMailinator/gobutton' is clicked on

2022-10-24 19:26:44 - [MESSAGE][PASSED] - Object: 'Object Repository/00-Signup and Activation/zMailinator/gobutton' is clicked on

2022-10-24 19:26:44 - [TEST_STEP][PASSED] - delay(3): Delayed 3 second(s)

2022-10-24 19:26:47 - [MESSAGE][PASSED] - Delayed 3 second(s)

2022-10-24 19:26:47 - [TEST_STEP][PASSED] - closeWindowTitle("Everleagues"): Window with title: 'Everleagues' is closed

2022-10-24 19:26:47 - [MESSAGE][PASSED] - Window with title: 'Everleagues' is closed

2022-10-24 19:26:47 - [TEST_STEP][PASSED] - switchToWindowIndex(0): Switched to window with index: '0'

2022-10-24 19:26:47 - [MESSAGE][PASSED] - Switched to window with index: '0'

2022-10-24 19:26:47 - [TEST_STEP][PASSED] - click(findTestObject("09-Settings/Users/Co worker/td_Invitation from GG Automation")): Object: 'Object Repository/09-Settings/Users/Co worker/td_Invitation from GG Automation' is clicked on

2022-10-24 19:26:48 - [MESSAGE][PASSED] - Object: 'Object Repository/09-Settings/Users/Co worker/td_Invitation from GG Automation' is clicked on

2022-10-24 19:26:48 - [TEST_STEP][PASSED] - click(findTestObject("09-Settings/Users/Co worker/a_Click here to join GG Automation on EverLeagues")): Object: 'Object Repository/09-Settings/Users/Co worker/a_Click here to join GG Automation on EverLeagues' is clicked on

2022-10-24 19:26:49 - [MESSAGE][PASSED] - Object: 'Object Repository/09-Settings/Users/Co worker/a_Click here to join GG Automation on EverLeagues' is clicked on

2022-10-24 19:26:49 - [TEST_STEP][PASSED] - delay(3): Delayed 3 second(s)

2022-10-24 19:26:52 - [MESSAGE][PASSED] - Delayed 3 second(s)

2022-10-24 19:26:52 - [TEST_STEP][PASSED] - closeWindowTitle("Mailinator"): Window with title: 'Mailinator' is closed

2022-10-24 19:26:52 - [MESSAGE][PASSED] - Window with title: 'Mailinator' is closed

2022-10-24 19:26:52 - [TEST_STEP][PASSED] - switchToWindowIndex(0): Switched to window with index: '0'

2022-10-24 19:26:52 - [MESSAGE][PASSED] - Switched to window with index: '0'

2022-10-24 19:26:52 - [TEST_STEP][PASSED] - verifyElementVisible(findTestObject("09-Settings/Users/Co worker/Invite modal")): Object 'Object Repository/09-Settings/Users/Co worker/Invite modal' is visible

2022-10-24 19:26:54 - [MESSAGE][PASSED] - Object 'Object Repository/09-Settings/Users/Co worker/Invite modal' is visible

2022-10-24 19:26:54 - [TEST_STEP][PASSED] - click(findTestObject("09-Settings/Users/Co worker/button_Accept")): Object: 'Object Repository/09-Settings/Users/Co worker/button_Accept' is clicked on

2022-10-24 19:26:54 - [MESSAGE][PASSED] - Object: 'Object Repository/09-Settings/Users/Co worker/button_Accept' is clicked on

2022-10-24 19:26:54 - [TEST_STEP][PASSED] - delay(10): Delayed 10 second(s)

2022-10-24 19:27:04 - [MESSAGE][PASSED] - Delayed 10 second(s)

2022-10-24 19:27:04 - [TEST_STEP][PASSED] - verifyElementVisible(findTestObject("09-Settings/Users/Co worker/div_Joined as CoWorker")): Object 'Object Repository/09-Settings/Users/Co worker/div_Joined as CoWorker' is visible

2022-10-24 19:27:05 - [MESSAGE][PASSED] - Object 'Object Repository/09-Settings/Users/Co worker/div_Joined as CoWorker' is visible

2022-10-24 19:27:05 - [TEST_STEP][PASSED] - closeBrowser(): Browser is closed

2022-10-24 19:27:05 - [MESSAGE][PASSED] - Browser is closed]]></system-out>
         <system-err><![CDATA[]]></system-err>
      </testcase>
      <testcase name="Test Cases/09-Settings/03 - Users (Invite new user as client)" time="210.663" classname="Test Cases/09-Settings/03 - Users (Invite new user as client)" status="PASSED">
         <system-out><![CDATA[2022-10-24 19:27:05 - [TEST_CASE][PASSED] - Test Cases/09-Settings/03 - Users (Invite new user as client): Test Cases/09-Settings/03 - Users (Invite new user as client)

2022-10-24 19:27:06 - [TEST_STEP][PASSED] - openBrowser(""): Browser is opened with url: ''

2022-10-24 19:27:06 - [MESSAGE][INFO] - Starting 'Chrome' driver

2022-10-24 19:27:06 - [MESSAGE][INFO] - Action delay is set to 0 milliseconds

2022-10-24 19:27:07 - [MESSAGE][PASSED] - Browser is opened with url: ''

2022-10-24 19:27:07 - [TEST_STEP][PASSED] - navigateToUrl("https://lab.everleagues.com/"): Navigate to 'https://lab.everleagues.com/' successfully

2022-10-24 19:27:29 - [MESSAGE][PASSED] - Navigate to 'https://lab.everleagues.com/' successfully

2022-10-24 19:27:29 - [TEST_STEP][PASSED] - maximizeWindow(): Current window maximized

2022-10-24 19:27:29 - [MESSAGE][PASSED] - Current window maximized

2022-10-24 19:27:29 - [TEST_STEP][PASSED] - setText(findTestObject("02-Side Icons(Organization)/Add Contact/Email Field"), "testuser02@mailinator.com"): Text 'testuser02@mailinator.com' is set on object 'Object Repository/02-Side Icons(Organization)/Add Contact/Email Field'

2022-10-24 19:27:30 - [MESSAGE][PASSED] - Text 'testuser02@mailinator.com' is set on object 'Object Repository/02-Side Icons(Organization)/Add Contact/Email Field'

2022-10-24 19:27:30 - [TEST_STEP][PASSED] - setEncryptedText(findTestObject("02-Side Icons(Organization)/Add Contact/Password Field"), "8yFRyszE6U6jvsCn51OQbg=="): Text ****** has been set on object 'Object Repository/02-Side Icons(Organization)/Add Contact/Password Field'

2022-10-24 19:27:30 - [MESSAGE][PASSED] - Text ****** has been set on object 'Object Repository/02-Side Icons(Organization)/Add Contact/Password Field'

2022-10-24 19:27:30 - [TEST_STEP][PASSED] - click(findTestObject("02-Side Icons(Organization)/Add Contact/button_Sign in")): Object: 'Object Repository/02-Side Icons(Organization)/Add Contact/button_Sign in' is clicked on

2022-10-24 19:27:31 - [MESSAGE][PASSED] - Object: 'Object Repository/02-Side Icons(Organization)/Add Contact/button_Sign in' is clicked on

2022-10-24 19:27:31 - [TEST_STEP][PASSED] - delay(2): Delayed 2 second(s)

2022-10-24 19:27:33 - [MESSAGE][PASSED] - Delayed 2 second(s)

2022-10-24 19:27:33 - [TEST_STEP][PASSED] - click(findTestObject("06-Teams/For 2FA/button_Confirm_2FA")): Object: 'Object Repository/06-Teams/For 2FA/button_Confirm_2FA' is clicked on

2022-10-24 19:27:34 - [MESSAGE][PASSED] - Object: 'Object Repository/06-Teams/For 2FA/button_Confirm_2FA' is clicked on

2022-10-24 19:27:34 - [TEST_STEP][PASSED] - executeJavaScript("window.open();", []): Execute JavaScript 'window.open();' successfully

2022-10-24 19:27:34 - [MESSAGE][PASSED] - Execute JavaScript 'window.open();' successfully

2022-10-24 19:27:34 - [TEST_STEP][PASSED] - currentWindow = getWindowIndex(): Current window's index is: 0

2022-10-24 19:27:34 - [MESSAGE][PASSED] - Current window's index is: 0

2022-10-24 19:27:34 - [TEST_STEP][PASSED] - delay(3): Delayed 3 second(s)

2022-10-24 19:27:37 - [MESSAGE][PASSED] - Delayed 3 second(s)

2022-10-24 19:27:37 - [TEST_STEP][PASSED] - switchToWindowIndex(currentWindow + 1): Switched to window with index: '1'

2022-10-24 19:27:37 - [MESSAGE][PASSED] - Switched to window with index: '1'

2022-10-24 19:27:37 - [TEST_STEP][PASSED] - navigateToUrl("https://www.mailinator.com/"): Navigate to 'https://www.mailinator.com/' successfully

2022-10-24 19:27:39 - [MESSAGE][PASSED] - Navigate to 'https://www.mailinator.com/' successfully

2022-10-24 19:27:39 - [TEST_STEP][PASSED] - delay(3): Delayed 3 second(s)

2022-10-24 19:27:42 - [MESSAGE][PASSED] - Delayed 3 second(s)

2022-10-24 19:27:42 - [TEST_STEP][PASSED] - setText(findTestObject("00-Signup and Activation/zMailinator/input_LOGIN_search"), "testuser02@mailinator.com"): Text 'testuser02@mailinator.com' is set on object 'Object Repository/00-Signup and Activation/zMailinator/input_LOGIN_search'

2022-10-24 19:27:43 - [MESSAGE][PASSED] - Text 'testuser02@mailinator.com' is set on object 'Object Repository/00-Signup and Activation/zMailinator/input_LOGIN_search'

2022-10-24 19:27:43 - [TEST_STEP][PASSED] - click(findTestObject("00-Signup and Activation/zMailinator/gobutton"), STOP_ON_FAILURE): Object: 'Object Repository/00-Signup and Activation/zMailinator/gobutton' is clicked on

2022-10-24 19:27:44 - [MESSAGE][PASSED] - Object: 'Object Repository/00-Signup and Activation/zMailinator/gobutton' is clicked on

2022-10-24 19:27:44 - [TEST_STEP][PASSED] - delay(3): Delayed 3 second(s)

2022-10-24 19:27:47 - [MESSAGE][PASSED] - Delayed 3 second(s)

2022-10-24 19:27:47 - [TEST_STEP][PASSED] - click(findTestObject("00-Signup and Activation/zMailinator/Email - everleagues")): Object: 'Object Repository/00-Signup and Activation/zMailinator/Email - everleagues' is clicked on

2022-10-24 19:27:48 - [MESSAGE][PASSED] - Object: 'Object Repository/00-Signup and Activation/zMailinator/Email - everleagues' is clicked on

2022-10-24 19:27:48 - [TEST_STEP][PASSED] - delay(3): Delayed 3 second(s)

2022-10-24 19:27:51 - [MESSAGE][PASSED] - Delayed 3 second(s)

2022-10-24 19:27:51 - [TEST_STEP][PASSED] - code = getText(findTestObject("Object Repository/06-Teams/For 2FA/2FA code")): Text of object 'Object Repository/06-Teams/For 2FA/2FA code' is: '023066'

2022-10-24 19:27:51 - [MESSAGE][PASSED] - Text of object 'Object Repository/06-Teams/For 2FA/2FA code' is: '023066'

2022-10-24 19:27:51 - [TEST_STEP][PASSED] - delay(3): Delayed 3 second(s)

2022-10-24 19:27:54 - [MESSAGE][PASSED] - Delayed 3 second(s)

2022-10-24 19:27:54 - [TEST_STEP][PASSED] - closeWindowTitle("Mailinator"): Window with title: 'Mailinator' is closed

2022-10-24 19:27:54 - [MESSAGE][PASSED] - Window with title: 'Mailinator' is closed

2022-10-24 19:27:54 - [TEST_STEP][PASSED] - delay(3): Delayed 3 second(s)

2022-10-24 19:27:57 - [MESSAGE][PASSED] - Delayed 3 second(s)

2022-10-24 19:27:57 - [TEST_STEP][PASSED] - switchToWindowIndex(0): Switched to window with index: '0'

2022-10-24 19:27:57 - [MESSAGE][PASSED] - Switched to window with index: '0'

2022-10-24 19:27:57 - [TEST_STEP][PASSED] - delay(3): Delayed 3 second(s)

2022-10-24 19:28:00 - [MESSAGE][PASSED] - Delayed 3 second(s)

2022-10-24 19:28:00 - [TEST_STEP][PASSED] - setText(findTestObject("Object Repository/06-Teams/For 2FA/input_Enter verification code_code"), code): Text '023066' is set on object 'Object Repository/06-Teams/For 2FA/input_Enter verification code_code'

2022-10-24 19:28:01 - [MESSAGE][PASSED] - Text '023066' is set on object 'Object Repository/06-Teams/For 2FA/input_Enter verification code_code'

2022-10-24 19:28:01 - [TEST_STEP][PASSED] - delay(3): Delayed 3 second(s)

2022-10-24 19:28:04 - [MESSAGE][PASSED] - Delayed 3 second(s)

2022-10-24 19:28:04 - [TEST_STEP][PASSED] - click(findTestObject("06-Teams/For 2FA/button_Verify_2FA")): Object: 'Object Repository/06-Teams/For 2FA/button_Verify_2FA' is clicked on

2022-10-24 19:28:05 - [MESSAGE][PASSED] - Object: 'Object Repository/06-Teams/For 2FA/button_Verify_2FA' is clicked on

2022-10-24 19:28:05 - [TEST_STEP][PASSED] - delay(5): Delayed 5 second(s)

2022-10-24 19:28:10 - [MESSAGE][PASSED] - Delayed 5 second(s)

2022-10-24 19:28:10 - [TEST_STEP][PASSED] - click(findTestObject("06-Teams/button_doublearrow")): Object: 'Object Repository/06-Teams/button_doublearrow' is clicked on

2022-10-24 19:28:11 - [MESSAGE][PASSED] - Object: 'Object Repository/06-Teams/button_doublearrow' is clicked on

2022-10-24 19:28:11 - [TEST_STEP][PASSED] - click(findTestObject("06-Teams/button_My Organizations")): Object: 'Object Repository/06-Teams/button_My Organizations' is clicked on

2022-10-24 19:28:11 - [MESSAGE][PASSED] - Object: 'Object Repository/06-Teams/button_My Organizations' is clicked on

2022-10-24 19:28:11 - [TEST_STEP][PASSED] - click(findTestObject("06-Teams/button_GG Automation")): Object: 'Object Repository/06-Teams/button_GG Automation' is clicked on

2022-10-24 19:28:12 - [MESSAGE][PASSED] - Object: 'Object Repository/06-Teams/button_GG Automation' is clicked on

2022-10-24 19:28:12 - [TEST_STEP][PASSED] - delay(4): Delayed 4 second(s)

2022-10-24 19:28:16 - [MESSAGE][PASSED] - Delayed 4 second(s)

2022-10-24 19:28:16 - [TEST_STEP][PASSED] - verifyElementVisible(findTestObject("06-Teams/span_GG Automation")): Object 'Object Repository/06-Teams/span_GG Automation' is visible

2022-10-24 19:28:17 - [MESSAGE][PASSED] - Object 'Object Repository/06-Teams/span_GG Automation' is visible

2022-10-24 19:28:17 - [TEST_STEP][PASSED] - delay(10): Delayed 10 second(s)

2022-10-24 19:28:27 - [MESSAGE][PASSED] - Delayed 10 second(s)

2022-10-24 19:28:27 - [TEST_STEP][PASSED] - click(findTestObject("03-Header Menu/Hamburger Button/div_Settings")): Object: 'Object Repository/03-Header Menu/Hamburger Button/div_Settings' is clicked on

2022-10-24 19:28:27 - [MESSAGE][PASSED] - Object: 'Object Repository/03-Header Menu/Hamburger Button/div_Settings' is clicked on

2022-10-24 19:28:27 - [TEST_STEP][PASSED] - delay(3): Delayed 3 second(s)

2022-10-24 19:28:30 - [MESSAGE][PASSED] - Delayed 3 second(s)

2022-10-24 19:28:30 - [TEST_STEP][PASSED] - click(findTestObject("09-Settings/Users/div_Users")): Object: 'Object Repository/09-Settings/Users/div_Users' is clicked on

2022-10-24 19:28:31 - [MESSAGE][PASSED] - Object: 'Object Repository/09-Settings/Users/div_Users' is clicked on

2022-10-24 19:28:31 - [TEST_STEP][PASSED] - delay(3): Delayed 3 second(s)

2022-10-24 19:28:34 - [MESSAGE][PASSED] - Delayed 3 second(s)

2022-10-24 19:28:34 - [TEST_STEP][PASSED] - click(findTestObject("09-Settings/Users/button_add")): Object: 'Object Repository/09-Settings/Users/button_add' is clicked on

2022-10-24 19:28:35 - [MESSAGE][PASSED] - Object: 'Object Repository/09-Settings/Users/button_add' is clicked on

2022-10-24 19:28:35 - [TEST_STEP][PASSED] - delay(3): Delayed 3 second(s)

2022-10-24 19:28:38 - [MESSAGE][PASSED] - Delayed 3 second(s)

2022-10-24 19:28:38 - [TEST_STEP][PASSED] - click(findTestObject("09-Settings/Users/add Invite a single user")): Object: 'Object Repository/09-Settings/Users/add Invite a single user' is clicked on

2022-10-24 19:28:38 - [MESSAGE][PASSED] - Object: 'Object Repository/09-Settings/Users/add Invite a single user' is clicked on

2022-10-24 19:28:38 - [TEST_STEP][PASSED] - delay(3): Delayed 3 second(s)

2022-10-24 19:28:41 - [MESSAGE][PASSED] - Delayed 3 second(s)

2022-10-24 19:28:41 - [TEST_STEP][PASSED] - setText(findTestObject("09-Settings/Users/input_email"), "autotester09@mailinator.com"): Text 'autotester09@mailinator.com' is set on object 'Object Repository/09-Settings/Users/input_email'

2022-10-24 19:28:42 - [MESSAGE][PASSED] - Text 'autotester09@mailinator.com' is set on object 'Object Repository/09-Settings/Users/input_email'

2022-10-24 19:28:42 - [TEST_STEP][PASSED] - setText(findTestObject("09-Settings/Users/input_firstName"), "GG"): Text 'GG' is set on object 'Object Repository/09-Settings/Users/input_firstName'

2022-10-24 19:28:43 - [MESSAGE][PASSED] - Text 'GG' is set on object 'Object Repository/09-Settings/Users/input_firstName'

2022-10-24 19:28:43 - [TEST_STEP][PASSED] - setText(findTestObject("09-Settings/Users/input_lastName"), "Client"): Text 'Client' is set on object 'Object Repository/09-Settings/Users/input_lastName'

2022-10-24 19:28:43 - [MESSAGE][PASSED] - Text 'Client' is set on object 'Object Repository/09-Settings/Users/input_lastName'

2022-10-24 19:28:43 - [TEST_STEP][PASSED] - click(findTestObject("09-Settings/Users/span_Role")): Object: 'Object Repository/09-Settings/Users/span_Role' is clicked on

2022-10-24 19:28:44 - [MESSAGE][PASSED] - Object: 'Object Repository/09-Settings/Users/span_Role' is clicked on

2022-10-24 19:28:44 - [TEST_STEP][PASSED] - click(findTestObject("09-Settings/Users/span_Client")): Object: 'Object Repository/09-Settings/Users/span_Client' is clicked on

2022-10-24 19:28:44 - [MESSAGE][PASSED] - Object: 'Object Repository/09-Settings/Users/span_Client' is clicked on

2022-10-24 19:28:44 - [TEST_STEP][PASSED] - click(findTestObject("09-Settings/Users/button_Send Invitation")): Object: 'Object Repository/09-Settings/Users/button_Send Invitation' is clicked on

2022-10-24 19:28:45 - [MESSAGE][PASSED] - Object: 'Object Repository/09-Settings/Users/button_Send Invitation' is clicked on

2022-10-24 19:28:45 - [TEST_STEP][PASSED] - delay(2): Delayed 2 second(s)

2022-10-24 19:28:47 - [MESSAGE][PASSED] - Delayed 2 second(s)

2022-10-24 19:28:47 - [TEST_STEP][PASSED] - verifyElementVisible(findTestObject("07-Directory/Connections/zContact Profile/Successfully invited user")): Object 'Object Repository/07-Directory/Connections/zContact Profile/Successfully invited user' is visible

2022-10-24 19:28:48 - [MESSAGE][PASSED] - Object 'Object Repository/07-Directory/Connections/zContact Profile/Successfully invited user' is visible

2022-10-24 19:28:48 - [TEST_STEP][PASSED] - delay(2): Delayed 2 second(s)

2022-10-24 19:28:50 - [MESSAGE][PASSED] - Delayed 2 second(s)

2022-10-24 19:28:50 - [TEST_STEP][PASSED] - click(findTestObject("01-Login and Forgot Password/User menu drop")): Object: 'Object Repository/01-Login and Forgot Password/User menu drop' is clicked on

2022-10-24 19:28:51 - [MESSAGE][PASSED] - Object: 'Object Repository/01-Login and Forgot Password/User menu drop' is clicked on

2022-10-24 19:28:51 - [TEST_STEP][PASSED] - delay(2): Delayed 2 second(s)

2022-10-24 19:28:53 - [MESSAGE][PASSED] - Delayed 2 second(s)

2022-10-24 19:28:53 - [TEST_STEP][PASSED] - click(findTestObject("01-Login and Forgot Password/h4_Sign Out"), STOP_ON_FAILURE): Object: 'Object Repository/01-Login and Forgot Password/h4_Sign Out' is clicked on

2022-10-24 19:28:54 - [MESSAGE][PASSED] - Object: 'Object Repository/01-Login and Forgot Password/h4_Sign Out' is clicked on

2022-10-24 19:28:54 - [TEST_STEP][PASSED] - delay(2): Delayed 2 second(s)

2022-10-24 19:28:56 - [MESSAGE][PASSED] - Delayed 2 second(s)

2022-10-24 19:28:56 - [TEST_STEP][PASSED] - verifyElementPresent(findTestObject("01-Login and Forgot Password/Login_Card"), 0): Object 'Object Repository/01-Login and Forgot Password/Login_Card' is present

2022-10-24 19:28:56 - [MESSAGE][WARNING] - Timeout '0' is invalid. Using default page load timeout: '30'

2022-10-24 19:28:56 - [MESSAGE][PASSED] - Object 'Object Repository/01-Login and Forgot Password/Login_Card' is present

2022-10-24 19:28:56 - [TEST_STEP][PASSED] - delay(3): Delayed 3 second(s)

2022-10-24 19:28:59 - [MESSAGE][PASSED] - Delayed 3 second(s)

2022-10-24 19:28:59 - [TEST_STEP][PASSED] - closeBrowser(): Browser is closed

2022-10-24 19:29:00 - [MESSAGE][PASSED] - Browser is closed

2022-10-24 19:29:00 - [TEST_STEP][PASSED] - openBrowser(""): Browser is opened with url: ''

2022-10-24 19:29:00 - [MESSAGE][INFO] - Starting 'Chrome' driver

2022-10-24 19:29:00 - [MESSAGE][INFO] - Action delay is set to 0 milliseconds

2022-10-24 19:29:01 - [MESSAGE][PASSED] - Browser is opened with url: ''

2022-10-24 19:29:01 - [TEST_STEP][PASSED] - navigateToUrl("https://lab.everleagues.com/"): Navigate to 'https://lab.everleagues.com/' successfully

2022-10-24 19:29:21 - [MESSAGE][PASSED] - Navigate to 'https://lab.everleagues.com/' successfully

2022-10-24 19:29:21 - [TEST_STEP][PASSED] - maximizeWindow(): Current window maximized

2022-10-24 19:29:21 - [MESSAGE][PASSED] - Current window maximized

2022-10-24 19:29:21 - [TEST_STEP][PASSED] - setText(findTestObject("02-Side Icons(Organization)/Add Contact/Email Field"), "autotester09@mailinator.com"): Text 'autotester09@mailinator.com' is set on object 'Object Repository/02-Side Icons(Organization)/Add Contact/Email Field'

2022-10-24 19:29:22 - [MESSAGE][PASSED] - Text 'autotester09@mailinator.com' is set on object 'Object Repository/02-Side Icons(Organization)/Add Contact/Email Field'

2022-10-24 19:29:22 - [TEST_STEP][PASSED] - setEncryptedText(findTestObject("02-Side Icons(Organization)/Add Contact/Password Field"), "8yFRyszE6U6jvsCn51OQbg=="): Text ****** has been set on object 'Object Repository/02-Side Icons(Organization)/Add Contact/Password Field'

2022-10-24 19:29:22 - [MESSAGE][PASSED] - Text ****** has been set on object 'Object Repository/02-Side Icons(Organization)/Add Contact/Password Field'

2022-10-24 19:29:22 - [TEST_STEP][PASSED] - click(findTestObject("02-Side Icons(Organization)/Add Contact/button_Sign in")): Object: 'Object Repository/02-Side Icons(Organization)/Add Contact/button_Sign in' is clicked on

2022-10-24 19:29:23 - [MESSAGE][PASSED] - Object: 'Object Repository/02-Side Icons(Organization)/Add Contact/button_Sign in' is clicked on

2022-10-24 19:29:23 - [TEST_STEP][PASSED] - delay(2): Delayed 2 second(s)

2022-10-24 19:29:25 - [MESSAGE][PASSED] - Delayed 2 second(s)

2022-10-24 19:29:25 - [TEST_STEP][PASSED] - click(findTestObject("06-Teams/For 2FA/button_Confirm_2FA")): Object: 'Object Repository/06-Teams/For 2FA/button_Confirm_2FA' is clicked on

2022-10-24 19:29:25 - [MESSAGE][PASSED] - Object: 'Object Repository/06-Teams/For 2FA/button_Confirm_2FA' is clicked on

2022-10-24 19:29:25 - [TEST_STEP][PASSED] - executeJavaScript("window.open();", []): Execute JavaScript 'window.open();' successfully

2022-10-24 19:29:25 - [MESSAGE][PASSED] - Execute JavaScript 'window.open();' successfully

2022-10-24 19:29:25 - [TEST_STEP][PASSED] - currentWindow = getWindowIndex(): Current window's index is: 0

2022-10-24 19:29:25 - [MESSAGE][PASSED] - Current window's index is: 0

2022-10-24 19:29:25 - [TEST_STEP][PASSED] - delay(3): Delayed 3 second(s)

2022-10-24 19:29:28 - [MESSAGE][PASSED] - Delayed 3 second(s)

2022-10-24 19:29:28 - [TEST_STEP][PASSED] - switchToWindowIndex(currentWindow + 1): Switched to window with index: '1'

2022-10-24 19:29:29 - [MESSAGE][PASSED] - Switched to window with index: '1'

2022-10-24 19:29:29 - [TEST_STEP][PASSED] - navigateToUrl("https://www.mailinator.com/"): Navigate to 'https://www.mailinator.com/' successfully

2022-10-24 19:29:31 - [MESSAGE][PASSED] - Navigate to 'https://www.mailinator.com/' successfully

2022-10-24 19:29:31 - [TEST_STEP][PASSED] - delay(3): Delayed 3 second(s)

2022-10-24 19:29:34 - [MESSAGE][PASSED] - Delayed 3 second(s)

2022-10-24 19:29:34 - [TEST_STEP][PASSED] - setText(findTestObject("00-Signup and Activation/zMailinator/input_LOGIN_search"), "autotester09@mailinator.com"): Text 'autotester09@mailinator.com' is set on object 'Object Repository/00-Signup and Activation/zMailinator/input_LOGIN_search'

2022-10-24 19:29:34 - [MESSAGE][PASSED] - Text 'autotester09@mailinator.com' is set on object 'Object Repository/00-Signup and Activation/zMailinator/input_LOGIN_search'

2022-10-24 19:29:34 - [TEST_STEP][PASSED] - click(findTestObject("00-Signup and Activation/zMailinator/gobutton"), STOP_ON_FAILURE): Object: 'Object Repository/00-Signup and Activation/zMailinator/gobutton' is clicked on

2022-10-24 19:29:36 - [MESSAGE][PASSED] - Object: 'Object Repository/00-Signup and Activation/zMailinator/gobutton' is clicked on

2022-10-24 19:29:36 - [TEST_STEP][PASSED] - delay(3): Delayed 3 second(s)

2022-10-24 19:29:39 - [MESSAGE][PASSED] - Delayed 3 second(s)

2022-10-24 19:29:39 - [TEST_STEP][PASSED] - click(findTestObject("00-Signup and Activation/zMailinator/Email - everleagues")): Object: 'Object Repository/00-Signup and Activation/zMailinator/Email - everleagues' is clicked on

2022-10-24 19:29:39 - [MESSAGE][PASSED] - Object: 'Object Repository/00-Signup and Activation/zMailinator/Email - everleagues' is clicked on

2022-10-24 19:29:39 - [TEST_STEP][PASSED] - delay(3): Delayed 3 second(s)

2022-10-24 19:29:42 - [MESSAGE][PASSED] - Delayed 3 second(s)

2022-10-24 19:29:42 - [TEST_STEP][PASSED] - codetwo = getText(findTestObject("Object Repository/06-Teams/For 2FA/2FA code")): Text of object 'Object Repository/06-Teams/For 2FA/2FA code' is: '532515'

2022-10-24 19:29:43 - [MESSAGE][PASSED] - Text of object 'Object Repository/06-Teams/For 2FA/2FA code' is: '532515'

2022-10-24 19:29:43 - [TEST_STEP][PASSED] - delay(3): Delayed 3 second(s)

2022-10-24 19:29:46 - [MESSAGE][PASSED] - Delayed 3 second(s)

2022-10-24 19:29:46 - [TEST_STEP][PASSED] - closeWindowTitle("Mailinator"): Window with title: 'Mailinator' is closed

2022-10-24 19:29:46 - [MESSAGE][PASSED] - Window with title: 'Mailinator' is closed

2022-10-24 19:29:46 - [TEST_STEP][PASSED] - delay(3): Delayed 3 second(s)

2022-10-24 19:29:49 - [MESSAGE][PASSED] - Delayed 3 second(s)

2022-10-24 19:29:49 - [TEST_STEP][PASSED] - switchToWindowIndex(0): Switched to window with index: '0'

2022-10-24 19:29:49 - [MESSAGE][PASSED] - Switched to window with index: '0'

2022-10-24 19:29:49 - [TEST_STEP][PASSED] - delay(3): Delayed 3 second(s)

2022-10-24 19:29:52 - [MESSAGE][PASSED] - Delayed 3 second(s)

2022-10-24 19:29:52 - [TEST_STEP][PASSED] - setText(findTestObject("Object Repository/06-Teams/For 2FA/input_Enter verification code_code"), codetwo): Text '532515' is set on object 'Object Repository/06-Teams/For 2FA/input_Enter verification code_code'

2022-10-24 19:29:53 - [MESSAGE][PASSED] - Text '532515' is set on object 'Object Repository/06-Teams/For 2FA/input_Enter verification code_code'

2022-10-24 19:29:53 - [TEST_STEP][PASSED] - delay(3): Delayed 3 second(s)

2022-10-24 19:29:56 - [MESSAGE][PASSED] - Delayed 3 second(s)

2022-10-24 19:29:56 - [TEST_STEP][PASSED] - click(findTestObject("06-Teams/For 2FA/button_Verify_2FA")): Object: 'Object Repository/06-Teams/For 2FA/button_Verify_2FA' is clicked on

2022-10-24 19:29:56 - [MESSAGE][PASSED] - Object: 'Object Repository/06-Teams/For 2FA/button_Verify_2FA' is clicked on

2022-10-24 19:29:56 - [TEST_STEP][PASSED] - delay(5): Delayed 5 second(s)

2022-10-24 19:30:01 - [MESSAGE][PASSED] - Delayed 5 second(s)

2022-10-24 19:30:01 - [TEST_STEP][PASSED] - executeJavaScript("window.open();", []): Execute JavaScript 'window.open();' successfully

2022-10-24 19:30:01 - [MESSAGE][PASSED] - Execute JavaScript 'window.open();' successfully

2022-10-24 19:30:01 - [TEST_STEP][PASSED] - currentWindow = getWindowIndex(): Current window's index is: 0

2022-10-24 19:30:01 - [MESSAGE][PASSED] - Current window's index is: 0

2022-10-24 19:30:01 - [TEST_STEP][PASSED] - delay(3): Delayed 3 second(s)

2022-10-24 19:30:04 - [MESSAGE][PASSED] - Delayed 3 second(s)

2022-10-24 19:30:04 - [TEST_STEP][PASSED] - switchToWindowIndex(currentWindow + 1): Switched to window with index: '1'

2022-10-24 19:30:04 - [MESSAGE][PASSED] - Switched to window with index: '1'

2022-10-24 19:30:04 - [TEST_STEP][PASSED] - navigateToUrl("https://www.mailinator.com/"): Navigate to 'https://www.mailinator.com/' successfully

2022-10-24 19:30:06 - [MESSAGE][PASSED] - Navigate to 'https://www.mailinator.com/' successfully

2022-10-24 19:30:06 - [TEST_STEP][PASSED] - delay(3): Delayed 3 second(s)

2022-10-24 19:30:09 - [MESSAGE][PASSED] - Delayed 3 second(s)

2022-10-24 19:30:09 - [TEST_STEP][PASSED] - setText(findTestObject("00-Signup and Activation/zMailinator/input_LOGIN_search"), "autotester09@mailinator.com"): Text 'autotester09@mailinator.com' is set on object 'Object Repository/00-Signup and Activation/zMailinator/input_LOGIN_search'

2022-10-24 19:30:09 - [MESSAGE][PASSED] - Text 'autotester09@mailinator.com' is set on object 'Object Repository/00-Signup and Activation/zMailinator/input_LOGIN_search'

2022-10-24 19:30:09 - [TEST_STEP][PASSED] - click(findTestObject("00-Signup and Activation/zMailinator/gobutton"), STOP_ON_FAILURE): Object: 'Object Repository/00-Signup and Activation/zMailinator/gobutton' is clicked on

2022-10-24 19:30:10 - [MESSAGE][PASSED] - Object: 'Object Repository/00-Signup and Activation/zMailinator/gobutton' is clicked on

2022-10-24 19:30:10 - [TEST_STEP][PASSED] - delay(3): Delayed 3 second(s)

2022-10-24 19:30:13 - [MESSAGE][PASSED] - Delayed 3 second(s)

2022-10-24 19:30:13 - [TEST_STEP][PASSED] - closeWindowTitle("Everleagues"): Window with title: 'Everleagues' is closed

2022-10-24 19:30:13 - [MESSAGE][PASSED] - Window with title: 'Everleagues' is closed

2022-10-24 19:30:13 - [TEST_STEP][PASSED] - switchToWindowIndex(0): Switched to window with index: '0'

2022-10-24 19:30:13 - [MESSAGE][PASSED] - Switched to window with index: '0'

2022-10-24 19:30:13 - [TEST_STEP][PASSED] - click(findTestObject("09-Settings/Users/Co worker/td_Invitation from GG Automation")): Object: 'Object Repository/09-Settings/Users/Co worker/td_Invitation from GG Automation' is clicked on

2022-10-24 19:30:14 - [MESSAGE][PASSED] - Object: 'Object Repository/09-Settings/Users/Co worker/td_Invitation from GG Automation' is clicked on

2022-10-24 19:30:14 - [TEST_STEP][PASSED] - click(findTestObject("09-Settings/Users/Co worker/a_Click here to join GG Automation on EverLeagues")): Object: 'Object Repository/09-Settings/Users/Co worker/a_Click here to join GG Automation on EverLeagues' is clicked on

2022-10-24 19:30:15 - [MESSAGE][PASSED] - Object: 'Object Repository/09-Settings/Users/Co worker/a_Click here to join GG Automation on EverLeagues' is clicked on

2022-10-24 19:30:15 - [TEST_STEP][PASSED] - closeWindowTitle("Mailinator"): Window with title: 'Mailinator' is closed

2022-10-24 19:30:15 - [MESSAGE][PASSED] - Window with title: 'Mailinator' is closed

2022-10-24 19:30:15 - [TEST_STEP][PASSED] - switchToWindowIndex(0): Switched to window with index: '0'

2022-10-24 19:30:15 - [MESSAGE][PASSED] - Switched to window with index: '0'

2022-10-24 19:30:15 - [TEST_STEP][PASSED] - verifyElementVisible(findTestObject("09-Settings/Users/Client/Invite modal")): Object 'Object Repository/09-Settings/Users/Client/Invite modal' is visible

2022-10-24 19:30:21 - [MESSAGE][PASSED] - Object 'Object Repository/09-Settings/Users/Client/Invite modal' is visible

2022-10-24 19:30:21 - [TEST_STEP][PASSED] - setText(findTestObject("09-Settings/Users/Client/Company field"), "QA Company"): Text 'QA Company' is set on object 'Object Repository/09-Settings/Users/Client/Company field'

2022-10-24 19:30:21 - [MESSAGE][PASSED] - Text 'QA Company' is set on object 'Object Repository/09-Settings/Users/Client/Company field'

2022-10-24 19:30:21 - [TEST_STEP][PASSED] - click(findTestObject("09-Settings/Users/Client/button_Accept")): Object: 'Object Repository/09-Settings/Users/Client/button_Accept' is clicked on

2022-10-24 19:30:22 - [MESSAGE][PASSED] - Object: 'Object Repository/09-Settings/Users/Client/button_Accept' is clicked on

2022-10-24 19:30:22 - [TEST_STEP][PASSED] - delay(10): Delayed 10 second(s)

2022-10-24 19:30:32 - [MESSAGE][PASSED] - Delayed 10 second(s)

2022-10-24 19:30:32 - [TEST_STEP][PASSED] - verifyElementVisible(findTestObject("09-Settings/Users/Client/div_Joined as CLIENT")): Object 'Object Repository/09-Settings/Users/Client/div_Joined as CLIENT' is visible

2022-10-24 19:30:32 - [MESSAGE][PASSED] - Object 'Object Repository/09-Settings/Users/Client/div_Joined as CLIENT' is visible

2022-10-24 19:30:32 - [TEST_STEP][PASSED] - delay(3): Delayed 3 second(s)

2022-10-24 19:30:35 - [MESSAGE][PASSED] - Delayed 3 second(s)

2022-10-24 19:30:35 - [TEST_STEP][PASSED] - closeBrowser(): Browser is closed

2022-10-24 19:30:36 - [MESSAGE][PASSED] - Browser is closed]]></system-out>
         <system-err><![CDATA[]]></system-err>
      </testcase>
      <testcase name="Test Cases/09-Settings/04 - Users (Invite new user as partner)" time="203.321" classname="Test Cases/09-Settings/04 - Users (Invite new user as partner)" status="PASSED">
         <system-out><![CDATA[2022-10-24 19:30:36 - [TEST_CASE][PASSED] - Test Cases/09-Settings/04 - Users (Invite new user as partner): Test Cases/09-Settings/04 - Users (Invite new user as partner)

2022-10-24 19:30:36 - [TEST_STEP][PASSED] - openBrowser(""): Browser is opened with url: ''

2022-10-24 19:30:36 - [MESSAGE][INFO] - Starting 'Chrome' driver

2022-10-24 19:30:36 - [MESSAGE][INFO] - Action delay is set to 0 milliseconds

2022-10-24 19:30:37 - [MESSAGE][PASSED] - Browser is opened with url: ''

2022-10-24 19:30:37 - [TEST_STEP][PASSED] - navigateToUrl("https://lab.everleagues.com/"): Navigate to 'https://lab.everleagues.com/' successfully

2022-10-24 19:30:50 - [MESSAGE][PASSED] - Navigate to 'https://lab.everleagues.com/' successfully

2022-10-24 19:30:50 - [TEST_STEP][PASSED] - maximizeWindow(): Current window maximized

2022-10-24 19:30:51 - [MESSAGE][PASSED] - Current window maximized

2022-10-24 19:30:51 - [TEST_STEP][PASSED] - setText(findTestObject("02-Side Icons(Organization)/Add Contact/Email Field"), "testuser02@mailinator.com"): Text 'testuser02@mailinator.com' is set on object 'Object Repository/02-Side Icons(Organization)/Add Contact/Email Field'

2022-10-24 19:30:51 - [MESSAGE][PASSED] - Text 'testuser02@mailinator.com' is set on object 'Object Repository/02-Side Icons(Organization)/Add Contact/Email Field'

2022-10-24 19:30:51 - [TEST_STEP][PASSED] - setEncryptedText(findTestObject("02-Side Icons(Organization)/Add Contact/Password Field"), "8yFRyszE6U6jvsCn51OQbg=="): Text ****** has been set on object 'Object Repository/02-Side Icons(Organization)/Add Contact/Password Field'

2022-10-24 19:30:52 - [MESSAGE][PASSED] - Text ****** has been set on object 'Object Repository/02-Side Icons(Organization)/Add Contact/Password Field'

2022-10-24 19:30:52 - [TEST_STEP][PASSED] - click(findTestObject("02-Side Icons(Organization)/Add Contact/button_Sign in")): Object: 'Object Repository/02-Side Icons(Organization)/Add Contact/button_Sign in' is clicked on

2022-10-24 19:30:53 - [MESSAGE][PASSED] - Object: 'Object Repository/02-Side Icons(Organization)/Add Contact/button_Sign in' is clicked on

2022-10-24 19:30:53 - [TEST_STEP][PASSED] - delay(2): Delayed 2 second(s)

2022-10-24 19:30:55 - [MESSAGE][PASSED] - Delayed 2 second(s)

2022-10-24 19:30:55 - [TEST_STEP][PASSED] - click(findTestObject("06-Teams/For 2FA/button_Confirm_2FA")): Object: 'Object Repository/06-Teams/For 2FA/button_Confirm_2FA' is clicked on

2022-10-24 19:30:55 - [MESSAGE][PASSED] - Object: 'Object Repository/06-Teams/For 2FA/button_Confirm_2FA' is clicked on

2022-10-24 19:30:55 - [TEST_STEP][PASSED] - executeJavaScript("window.open();", []): Execute JavaScript 'window.open();' successfully

2022-10-24 19:30:55 - [MESSAGE][PASSED] - Execute JavaScript 'window.open();' successfully

2022-10-24 19:30:55 - [TEST_STEP][PASSED] - currentWindow = getWindowIndex(): Current window's index is: 0

2022-10-24 19:30:55 - [MESSAGE][PASSED] - Current window's index is: 0

2022-10-24 19:30:55 - [TEST_STEP][PASSED] - delay(3): Delayed 3 second(s)

2022-10-24 19:30:58 - [MESSAGE][PASSED] - Delayed 3 second(s)

2022-10-24 19:30:58 - [TEST_STEP][PASSED] - switchToWindowIndex(currentWindow + 1): Switched to window with index: '1'

2022-10-24 19:30:58 - [MESSAGE][PASSED] - Switched to window with index: '1'

2022-10-24 19:30:58 - [TEST_STEP][PASSED] - navigateToUrl("https://www.mailinator.com/"): Navigate to 'https://www.mailinator.com/' successfully

2022-10-24 19:31:00 - [MESSAGE][PASSED] - Navigate to 'https://www.mailinator.com/' successfully

2022-10-24 19:31:00 - [TEST_STEP][PASSED] - delay(3): Delayed 3 second(s)

2022-10-24 19:31:03 - [MESSAGE][PASSED] - Delayed 3 second(s)

2022-10-24 19:31:03 - [TEST_STEP][PASSED] - setText(findTestObject("00-Signup and Activation/zMailinator/input_LOGIN_search"), "testuser02@mailinator.com"): Text 'testuser02@mailinator.com' is set on object 'Object Repository/00-Signup and Activation/zMailinator/input_LOGIN_search'

2022-10-24 19:31:04 - [MESSAGE][PASSED] - Text 'testuser02@mailinator.com' is set on object 'Object Repository/00-Signup and Activation/zMailinator/input_LOGIN_search'

2022-10-24 19:31:04 - [TEST_STEP][PASSED] - click(findTestObject("00-Signup and Activation/zMailinator/gobutton"), STOP_ON_FAILURE): Object: 'Object Repository/00-Signup and Activation/zMailinator/gobutton' is clicked on

2022-10-24 19:31:06 - [MESSAGE][PASSED] - Object: 'Object Repository/00-Signup and Activation/zMailinator/gobutton' is clicked on

2022-10-24 19:31:06 - [TEST_STEP][PASSED] - delay(3): Delayed 3 second(s)

2022-10-24 19:31:09 - [MESSAGE][PASSED] - Delayed 3 second(s)

2022-10-24 19:31:09 - [TEST_STEP][PASSED] - click(findTestObject("00-Signup and Activation/zMailinator/Email - everleagues")): Object: 'Object Repository/00-Signup and Activation/zMailinator/Email - everleagues' is clicked on

2022-10-24 19:31:09 - [MESSAGE][PASSED] - Object: 'Object Repository/00-Signup and Activation/zMailinator/Email - everleagues' is clicked on

2022-10-24 19:31:09 - [TEST_STEP][PASSED] - delay(3): Delayed 3 second(s)

2022-10-24 19:31:12 - [MESSAGE][PASSED] - Delayed 3 second(s)

2022-10-24 19:31:12 - [TEST_STEP][PASSED] - code = getText(findTestObject("Object Repository/06-Teams/For 2FA/2FA code")): Text of object 'Object Repository/06-Teams/For 2FA/2FA code' is: '013220'

2022-10-24 19:31:12 - [MESSAGE][PASSED] - Text of object 'Object Repository/06-Teams/For 2FA/2FA code' is: '013220'

2022-10-24 19:31:12 - [TEST_STEP][PASSED] - delay(3): Delayed 3 second(s)

2022-10-24 19:31:15 - [MESSAGE][PASSED] - Delayed 3 second(s)

2022-10-24 19:31:15 - [TEST_STEP][PASSED] - closeWindowTitle("Mailinator"): Window with title: 'Mailinator' is closed

2022-10-24 19:31:16 - [MESSAGE][PASSED] - Window with title: 'Mailinator' is closed

2022-10-24 19:31:16 - [TEST_STEP][PASSED] - delay(3): Delayed 3 second(s)

2022-10-24 19:31:19 - [MESSAGE][PASSED] - Delayed 3 second(s)

2022-10-24 19:31:19 - [TEST_STEP][PASSED] - switchToWindowIndex(0): Switched to window with index: '0'

2022-10-24 19:31:19 - [MESSAGE][PASSED] - Switched to window with index: '0'

2022-10-24 19:31:19 - [TEST_STEP][PASSED] - delay(3): Delayed 3 second(s)

2022-10-24 19:31:22 - [MESSAGE][PASSED] - Delayed 3 second(s)

2022-10-24 19:31:22 - [TEST_STEP][PASSED] - setText(findTestObject("Object Repository/06-Teams/For 2FA/input_Enter verification code_code"), code): Text '013220' is set on object 'Object Repository/06-Teams/For 2FA/input_Enter verification code_code'

2022-10-24 19:31:23 - [MESSAGE][PASSED] - Text '013220' is set on object 'Object Repository/06-Teams/For 2FA/input_Enter verification code_code'

2022-10-24 19:31:23 - [TEST_STEP][PASSED] - delay(3): Delayed 3 second(s)

2022-10-24 19:31:26 - [MESSAGE][PASSED] - Delayed 3 second(s)

2022-10-24 19:31:26 - [TEST_STEP][PASSED] - click(findTestObject("06-Teams/For 2FA/button_Verify_2FA")): Object: 'Object Repository/06-Teams/For 2FA/button_Verify_2FA' is clicked on

2022-10-24 19:31:26 - [MESSAGE][PASSED] - Object: 'Object Repository/06-Teams/For 2FA/button_Verify_2FA' is clicked on

2022-10-24 19:31:26 - [TEST_STEP][PASSED] - delay(5): Delayed 5 second(s)

2022-10-24 19:31:31 - [MESSAGE][PASSED] - Delayed 5 second(s)

2022-10-24 19:31:31 - [TEST_STEP][PASSED] - click(findTestObject("06-Teams/button_doublearrow")): Object: 'Object Repository/06-Teams/button_doublearrow' is clicked on

2022-10-24 19:31:32 - [MESSAGE][PASSED] - Object: 'Object Repository/06-Teams/button_doublearrow' is clicked on

2022-10-24 19:31:32 - [TEST_STEP][PASSED] - click(findTestObject("06-Teams/button_My Organizations")): Object: 'Object Repository/06-Teams/button_My Organizations' is clicked on

2022-10-24 19:31:33 - [MESSAGE][PASSED] - Object: 'Object Repository/06-Teams/button_My Organizations' is clicked on

2022-10-24 19:31:33 - [TEST_STEP][PASSED] - click(findTestObject("06-Teams/button_GG Automation")): Object: 'Object Repository/06-Teams/button_GG Automation' is clicked on

2022-10-24 19:31:34 - [MESSAGE][PASSED] - Object: 'Object Repository/06-Teams/button_GG Automation' is clicked on

2022-10-24 19:31:34 - [TEST_STEP][PASSED] - delay(4): Delayed 4 second(s)

2022-10-24 19:31:38 - [MESSAGE][PASSED] - Delayed 4 second(s)

2022-10-24 19:31:38 - [TEST_STEP][PASSED] - verifyElementVisible(findTestObject("06-Teams/span_GG Automation")): Object 'Object Repository/06-Teams/span_GG Automation' is visible

2022-10-24 19:31:38 - [MESSAGE][PASSED] - Object 'Object Repository/06-Teams/span_GG Automation' is visible

2022-10-24 19:31:38 - [TEST_STEP][PASSED] - delay(10): Delayed 10 second(s)

2022-10-24 19:31:48 - [MESSAGE][PASSED] - Delayed 10 second(s)

2022-10-24 19:31:48 - [TEST_STEP][PASSED] - click(findTestObject("03-Header Menu/Hamburger Button/div_Settings")): Object: 'Object Repository/03-Header Menu/Hamburger Button/div_Settings' is clicked on

2022-10-24 19:31:48 - [MESSAGE][PASSED] - Object: 'Object Repository/03-Header Menu/Hamburger Button/div_Settings' is clicked on

2022-10-24 19:31:48 - [TEST_STEP][PASSED] - delay(3): Delayed 3 second(s)

2022-10-24 19:31:51 - [MESSAGE][PASSED] - Delayed 3 second(s)

2022-10-24 19:31:51 - [TEST_STEP][PASSED] - click(findTestObject("09-Settings/Users/div_Users")): Object: 'Object Repository/09-Settings/Users/div_Users' is clicked on

2022-10-24 19:31:52 - [MESSAGE][PASSED] - Object: 'Object Repository/09-Settings/Users/div_Users' is clicked on

2022-10-24 19:31:52 - [TEST_STEP][PASSED] - delay(3): Delayed 3 second(s)

2022-10-24 19:31:55 - [MESSAGE][PASSED] - Delayed 3 second(s)

2022-10-24 19:31:55 - [TEST_STEP][PASSED] - click(findTestObject("09-Settings/Users/button_add")): Object: 'Object Repository/09-Settings/Users/button_add' is clicked on

2022-10-24 19:31:55 - [MESSAGE][PASSED] - Object: 'Object Repository/09-Settings/Users/button_add' is clicked on

2022-10-24 19:31:55 - [TEST_STEP][PASSED] - delay(3): Delayed 3 second(s)

2022-10-24 19:31:58 - [MESSAGE][PASSED] - Delayed 3 second(s)

2022-10-24 19:31:58 - [TEST_STEP][PASSED] - click(findTestObject("09-Settings/Users/add Invite a single user")): Object: 'Object Repository/09-Settings/Users/add Invite a single user' is clicked on

2022-10-24 19:31:59 - [MESSAGE][PASSED] - Object: 'Object Repository/09-Settings/Users/add Invite a single user' is clicked on

2022-10-24 19:31:59 - [TEST_STEP][PASSED] - delay(3): Delayed 3 second(s)

2022-10-24 19:32:02 - [MESSAGE][PASSED] - Delayed 3 second(s)

2022-10-24 19:32:02 - [TEST_STEP][PASSED] - setText(findTestObject("09-Settings/Users/input_email"), "autotester10@mailinator.com"): Text 'autotester10@mailinator.com' is set on object 'Object Repository/09-Settings/Users/input_email'

2022-10-24 19:32:03 - [MESSAGE][PASSED] - Text 'autotester10@mailinator.com' is set on object 'Object Repository/09-Settings/Users/input_email'

2022-10-24 19:32:03 - [TEST_STEP][PASSED] - setText(findTestObject("09-Settings/Users/input_firstName"), "GG"): Text 'GG' is set on object 'Object Repository/09-Settings/Users/input_firstName'

2022-10-24 19:32:03 - [MESSAGE][PASSED] - Text 'GG' is set on object 'Object Repository/09-Settings/Users/input_firstName'

2022-10-24 19:32:03 - [TEST_STEP][PASSED] - setText(findTestObject("09-Settings/Users/input_lastName"), "Partner"): Text 'Partner' is set on object 'Object Repository/09-Settings/Users/input_lastName'

2022-10-24 19:32:04 - [MESSAGE][PASSED] - Text 'Partner' is set on object 'Object Repository/09-Settings/Users/input_lastName'

2022-10-24 19:32:04 - [TEST_STEP][PASSED] - click(findTestObject("09-Settings/Users/span_Role")): Object: 'Object Repository/09-Settings/Users/span_Role' is clicked on

2022-10-24 19:32:05 - [MESSAGE][PASSED] - Object: 'Object Repository/09-Settings/Users/span_Role' is clicked on

2022-10-24 19:32:05 - [TEST_STEP][PASSED] - click(findTestObject("09-Settings/Users/span_Partner")): Object: 'Object Repository/09-Settings/Users/span_Partner' is clicked on

2022-10-24 19:32:05 - [MESSAGE][PASSED] - Object: 'Object Repository/09-Settings/Users/span_Partner' is clicked on

2022-10-24 19:32:05 - [TEST_STEP][PASSED] - click(findTestObject("09-Settings/Users/button_Send Invitation")): Object: 'Object Repository/09-Settings/Users/button_Send Invitation' is clicked on

2022-10-24 19:32:06 - [MESSAGE][PASSED] - Object: 'Object Repository/09-Settings/Users/button_Send Invitation' is clicked on

2022-10-24 19:32:06 - [TEST_STEP][PASSED] - delay(2): Delayed 2 second(s)

2022-10-24 19:32:08 - [MESSAGE][PASSED] - Delayed 2 second(s)

2022-10-24 19:32:08 - [TEST_STEP][PASSED] - verifyElementVisible(findTestObject("07-Directory/Connections/zContact Profile/Successfully invited user")): Object 'Object Repository/07-Directory/Connections/zContact Profile/Successfully invited user' is visible

2022-10-24 19:32:09 - [MESSAGE][PASSED] - Object 'Object Repository/07-Directory/Connections/zContact Profile/Successfully invited user' is visible

2022-10-24 19:32:09 - [TEST_STEP][PASSED] - delay(2): Delayed 2 second(s)

2022-10-24 19:32:11 - [MESSAGE][PASSED] - Delayed 2 second(s)

2022-10-24 19:32:11 - [TEST_STEP][PASSED] - click(findTestObject("01-Login and Forgot Password/User menu drop")): Object: 'Object Repository/01-Login and Forgot Password/User menu drop' is clicked on

2022-10-24 19:32:12 - [MESSAGE][PASSED] - Object: 'Object Repository/01-Login and Forgot Password/User menu drop' is clicked on

2022-10-24 19:32:12 - [TEST_STEP][PASSED] - delay(2): Delayed 2 second(s)

2022-10-24 19:32:14 - [MESSAGE][PASSED] - Delayed 2 second(s)

2022-10-24 19:32:14 - [TEST_STEP][PASSED] - click(findTestObject("01-Login and Forgot Password/h4_Sign Out"), STOP_ON_FAILURE): Object: 'Object Repository/01-Login and Forgot Password/h4_Sign Out' is clicked on

2022-10-24 19:32:14 - [MESSAGE][PASSED] - Object: 'Object Repository/01-Login and Forgot Password/h4_Sign Out' is clicked on

2022-10-24 19:32:14 - [TEST_STEP][PASSED] - delay(2): Delayed 2 second(s)

2022-10-24 19:32:16 - [MESSAGE][PASSED] - Delayed 2 second(s)

2022-10-24 19:32:16 - [TEST_STEP][PASSED] - verifyElementPresent(findTestObject("01-Login and Forgot Password/Login_Card"), 0): Object 'Object Repository/01-Login and Forgot Password/Login_Card' is present

2022-10-24 19:32:16 - [MESSAGE][WARNING] - Timeout '0' is invalid. Using default page load timeout: '30'

2022-10-24 19:32:16 - [MESSAGE][PASSED] - Object 'Object Repository/01-Login and Forgot Password/Login_Card' is present

2022-10-24 19:32:16 - [TEST_STEP][PASSED] - delay(3): Delayed 3 second(s)

2022-10-24 19:32:19 - [MESSAGE][PASSED] - Delayed 3 second(s)

2022-10-24 19:32:19 - [TEST_STEP][PASSED] - closeBrowser(): Browser is closed

2022-10-24 19:32:20 - [MESSAGE][PASSED] - Browser is closed

2022-10-24 19:32:20 - [TEST_STEP][PASSED] - openBrowser(""): Browser is opened with url: ''

2022-10-24 19:32:20 - [MESSAGE][INFO] - Starting 'Chrome' driver

2022-10-24 19:32:20 - [MESSAGE][INFO] - Action delay is set to 0 milliseconds

2022-10-24 19:32:21 - [MESSAGE][PASSED] - Browser is opened with url: ''

2022-10-24 19:32:21 - [TEST_STEP][PASSED] - navigateToUrl("https://lab.everleagues.com/"): Navigate to 'https://lab.everleagues.com/' successfully

2022-10-24 19:32:42 - [MESSAGE][PASSED] - Navigate to 'https://lab.everleagues.com/' successfully

2022-10-24 19:32:42 - [TEST_STEP][PASSED] - maximizeWindow(): Current window maximized

2022-10-24 19:32:42 - [MESSAGE][PASSED] - Current window maximized

2022-10-24 19:32:42 - [TEST_STEP][PASSED] - setText(findTestObject("02-Side Icons(Organization)/Add Contact/Email Field"), "autotester10@mailinator.com"): Text 'autotester10@mailinator.com' is set on object 'Object Repository/02-Side Icons(Organization)/Add Contact/Email Field'

2022-10-24 19:32:43 - [MESSAGE][PASSED] - Text 'autotester10@mailinator.com' is set on object 'Object Repository/02-Side Icons(Organization)/Add Contact/Email Field'

2022-10-24 19:32:43 - [TEST_STEP][PASSED] - setEncryptedText(findTestObject("02-Side Icons(Organization)/Add Contact/Password Field"), "8yFRyszE6U6jvsCn51OQbg=="): Text ****** has been set on object 'Object Repository/02-Side Icons(Organization)/Add Contact/Password Field'

2022-10-24 19:32:43 - [MESSAGE][PASSED] - Text ****** has been set on object 'Object Repository/02-Side Icons(Organization)/Add Contact/Password Field'

2022-10-24 19:32:43 - [TEST_STEP][PASSED] - click(findTestObject("02-Side Icons(Organization)/Add Contact/button_Sign in")): Object: 'Object Repository/02-Side Icons(Organization)/Add Contact/button_Sign in' is clicked on

2022-10-24 19:32:44 - [MESSAGE][PASSED] - Object: 'Object Repository/02-Side Icons(Organization)/Add Contact/button_Sign in' is clicked on

2022-10-24 19:32:44 - [TEST_STEP][PASSED] - delay(2): Delayed 2 second(s)

2022-10-24 19:32:46 - [MESSAGE][PASSED] - Delayed 2 second(s)

2022-10-24 19:32:46 - [TEST_STEP][PASSED] - click(findTestObject("06-Teams/For 2FA/button_Confirm_2FA")): Object: 'Object Repository/06-Teams/For 2FA/button_Confirm_2FA' is clicked on

2022-10-24 19:32:46 - [MESSAGE][PASSED] - Object: 'Object Repository/06-Teams/For 2FA/button_Confirm_2FA' is clicked on

2022-10-24 19:32:46 - [TEST_STEP][PASSED] - executeJavaScript("window.open();", []): Execute JavaScript 'window.open();' successfully

2022-10-24 19:32:46 - [MESSAGE][PASSED] - Execute JavaScript 'window.open();' successfully

2022-10-24 19:32:46 - [TEST_STEP][PASSED] - currentWindow = getWindowIndex(): Current window's index is: 0

2022-10-24 19:32:46 - [MESSAGE][PASSED] - Current window's index is: 0

2022-10-24 19:32:46 - [TEST_STEP][PASSED] - delay(3): Delayed 3 second(s)

2022-10-24 19:32:49 - [MESSAGE][PASSED] - Delayed 3 second(s)

2022-10-24 19:32:49 - [TEST_STEP][PASSED] - switchToWindowIndex(currentWindow + 1): Switched to window with index: '1'

2022-10-24 19:32:49 - [MESSAGE][PASSED] - Switched to window with index: '1'

2022-10-24 19:32:49 - [TEST_STEP][PASSED] - navigateToUrl("https://www.mailinator.com/"): Navigate to 'https://www.mailinator.com/' successfully

2022-10-24 19:32:54 - [MESSAGE][PASSED] - Navigate to 'https://www.mailinator.com/' successfully

2022-10-24 19:32:54 - [TEST_STEP][PASSED] - delay(3): Delayed 3 second(s)

2022-10-24 19:32:57 - [MESSAGE][PASSED] - Delayed 3 second(s)

2022-10-24 19:32:57 - [TEST_STEP][PASSED] - setText(findTestObject("00-Signup and Activation/zMailinator/input_LOGIN_search"), "autotester10@mailinator.com"): Text 'autotester10@mailinator.com' is set on object 'Object Repository/00-Signup and Activation/zMailinator/input_LOGIN_search'

2022-10-24 19:32:58 - [MESSAGE][PASSED] - Text 'autotester10@mailinator.com' is set on object 'Object Repository/00-Signup and Activation/zMailinator/input_LOGIN_search'

2022-10-24 19:32:58 - [TEST_STEP][PASSED] - click(findTestObject("00-Signup and Activation/zMailinator/gobutton"), STOP_ON_FAILURE): Object: 'Object Repository/00-Signup and Activation/zMailinator/gobutton' is clicked on

2022-10-24 19:32:59 - [MESSAGE][PASSED] - Object: 'Object Repository/00-Signup and Activation/zMailinator/gobutton' is clicked on

2022-10-24 19:32:59 - [TEST_STEP][PASSED] - delay(3): Delayed 3 second(s)

2022-10-24 19:33:02 - [MESSAGE][PASSED] - Delayed 3 second(s)

2022-10-24 19:33:02 - [TEST_STEP][PASSED] - click(findTestObject("00-Signup and Activation/zMailinator/Email - everleagues")): Object: 'Object Repository/00-Signup and Activation/zMailinator/Email - everleagues' is clicked on

2022-10-24 19:33:03 - [MESSAGE][PASSED] - Object: 'Object Repository/00-Signup and Activation/zMailinator/Email - everleagues' is clicked on

2022-10-24 19:33:03 - [TEST_STEP][PASSED] - delay(3): Delayed 3 second(s)

2022-10-24 19:33:06 - [MESSAGE][PASSED] - Delayed 3 second(s)

2022-10-24 19:33:06 - [TEST_STEP][PASSED] - codetwo = getText(findTestObject("Object Repository/06-Teams/For 2FA/2FA code")): Text of object 'Object Repository/06-Teams/For 2FA/2FA code' is: '046479'

2022-10-24 19:33:06 - [MESSAGE][PASSED] - Text of object 'Object Repository/06-Teams/For 2FA/2FA code' is: '046479'

2022-10-24 19:33:06 - [TEST_STEP][PASSED] - delay(3): Delayed 3 second(s)

2022-10-24 19:33:09 - [MESSAGE][PASSED] - Delayed 3 second(s)

2022-10-24 19:33:09 - [TEST_STEP][PASSED] - closeWindowTitle("Mailinator"): Window with title: 'Mailinator' is closed

2022-10-24 19:33:09 - [MESSAGE][PASSED] - Window with title: 'Mailinator' is closed

2022-10-24 19:33:09 - [TEST_STEP][PASSED] - delay(3): Delayed 3 second(s)

2022-10-24 19:33:12 - [MESSAGE][PASSED] - Delayed 3 second(s)

2022-10-24 19:33:12 - [TEST_STEP][PASSED] - switchToWindowIndex(0): Switched to window with index: '0'

2022-10-24 19:33:12 - [MESSAGE][PASSED] - Switched to window with index: '0'

2022-10-24 19:33:12 - [TEST_STEP][PASSED] - delay(3): Delayed 3 second(s)

2022-10-24 19:33:15 - [MESSAGE][PASSED] - Delayed 3 second(s)

2022-10-24 19:33:15 - [TEST_STEP][PASSED] - setText(findTestObject("Object Repository/06-Teams/For 2FA/input_Enter verification code_code"), codetwo): Text '046479' is set on object 'Object Repository/06-Teams/For 2FA/input_Enter verification code_code'

2022-10-24 19:33:16 - [MESSAGE][PASSED] - Text '046479' is set on object 'Object Repository/06-Teams/For 2FA/input_Enter verification code_code'

2022-10-24 19:33:16 - [TEST_STEP][PASSED] - delay(3): Delayed 3 second(s)

2022-10-24 19:33:19 - [MESSAGE][PASSED] - Delayed 3 second(s)

2022-10-24 19:33:19 - [TEST_STEP][PASSED] - click(findTestObject("06-Teams/For 2FA/button_Verify_2FA")): Object: 'Object Repository/06-Teams/For 2FA/button_Verify_2FA' is clicked on

2022-10-24 19:33:20 - [MESSAGE][PASSED] - Object: 'Object Repository/06-Teams/For 2FA/button_Verify_2FA' is clicked on

2022-10-24 19:33:20 - [TEST_STEP][PASSED] - delay(5): Delayed 5 second(s)

2022-10-24 19:33:25 - [MESSAGE][PASSED] - Delayed 5 second(s)

2022-10-24 19:33:25 - [TEST_STEP][PASSED] - executeJavaScript("window.open();", []): Execute JavaScript 'window.open();' successfully

2022-10-24 19:33:25 - [MESSAGE][PASSED] - Execute JavaScript 'window.open();' successfully

2022-10-24 19:33:25 - [TEST_STEP][PASSED] - currentWindow = getWindowIndex(): Current window's index is: 0

2022-10-24 19:33:25 - [MESSAGE][PASSED] - Current window's index is: 0

2022-10-24 19:33:25 - [TEST_STEP][PASSED] - delay(3): Delayed 3 second(s)

2022-10-24 19:33:28 - [MESSAGE][PASSED] - Delayed 3 second(s)

2022-10-24 19:33:28 - [TEST_STEP][PASSED] - switchToWindowIndex(currentWindow + 1): Switched to window with index: '1'

2022-10-24 19:33:28 - [MESSAGE][PASSED] - Switched to window with index: '1'

2022-10-24 19:33:28 - [TEST_STEP][PASSED] - navigateToUrl("https://www.mailinator.com/"): Navigate to 'https://www.mailinator.com/' successfully

2022-10-24 19:33:29 - [MESSAGE][PASSED] - Navigate to 'https://www.mailinator.com/' successfully

2022-10-24 19:33:29 - [TEST_STEP][PASSED] - delay(3): Delayed 3 second(s)

2022-10-24 19:33:32 - [MESSAGE][PASSED] - Delayed 3 second(s)

2022-10-24 19:33:32 - [TEST_STEP][PASSED] - setText(findTestObject("00-Signup and Activation/zMailinator/input_LOGIN_search"), "autotester10@mailinator.com"): Text 'autotester10@mailinator.com' is set on object 'Object Repository/00-Signup and Activation/zMailinator/input_LOGIN_search'

2022-10-24 19:33:33 - [MESSAGE][PASSED] - Text 'autotester10@mailinator.com' is set on object 'Object Repository/00-Signup and Activation/zMailinator/input_LOGIN_search'

2022-10-24 19:33:33 - [TEST_STEP][PASSED] - click(findTestObject("00-Signup and Activation/zMailinator/gobutton"), STOP_ON_FAILURE): Object: 'Object Repository/00-Signup and Activation/zMailinator/gobutton' is clicked on

2022-10-24 19:33:34 - [MESSAGE][PASSED] - Object: 'Object Repository/00-Signup and Activation/zMailinator/gobutton' is clicked on

2022-10-24 19:33:34 - [TEST_STEP][PASSED] - delay(3): Delayed 3 second(s)

2022-10-24 19:33:37 - [MESSAGE][PASSED] - Delayed 3 second(s)

2022-10-24 19:33:37 - [TEST_STEP][PASSED] - closeWindowTitle("Everleagues"): Window with title: 'Everleagues' is closed

2022-10-24 19:33:37 - [MESSAGE][PASSED] - Window with title: 'Everleagues' is closed

2022-10-24 19:33:37 - [TEST_STEP][PASSED] - switchToWindowIndex(0): Switched to window with index: '0'

2022-10-24 19:33:37 - [MESSAGE][PASSED] - Switched to window with index: '0'

2022-10-24 19:33:37 - [TEST_STEP][PASSED] - click(findTestObject("09-Settings/Users/Co worker/td_Invitation from GG Automation")): Object: 'Object Repository/09-Settings/Users/Co worker/td_Invitation from GG Automation' is clicked on

2022-10-24 19:33:37 - [MESSAGE][PASSED] - Object: 'Object Repository/09-Settings/Users/Co worker/td_Invitation from GG Automation' is clicked on

2022-10-24 19:33:37 - [TEST_STEP][PASSED] - click(findTestObject("09-Settings/Users/Co worker/a_Click here to join GG Automation on EverLeagues")): Object: 'Object Repository/09-Settings/Users/Co worker/a_Click here to join GG Automation on EverLeagues' is clicked on

2022-10-24 19:33:38 - [MESSAGE][PASSED] - Object: 'Object Repository/09-Settings/Users/Co worker/a_Click here to join GG Automation on EverLeagues' is clicked on

2022-10-24 19:33:38 - [TEST_STEP][PASSED] - closeWindowTitle("Mailinator"): Window with title: 'Mailinator' is closed

2022-10-24 19:33:38 - [MESSAGE][PASSED] - Window with title: 'Mailinator' is closed

2022-10-24 19:33:38 - [TEST_STEP][PASSED] - switchToWindowIndex(0): Switched to window with index: '0'

2022-10-24 19:33:38 - [MESSAGE][PASSED] - Switched to window with index: '0'

2022-10-24 19:33:38 - [TEST_STEP][PASSED] - verifyElementVisible(findTestObject("09-Settings/Users/Client/Invite modal")): Object 'Object Repository/09-Settings/Users/Client/Invite modal' is visible

2022-10-24 19:33:44 - [MESSAGE][PASSED] - Object 'Object Repository/09-Settings/Users/Client/Invite modal' is visible

2022-10-24 19:33:44 - [TEST_STEP][PASSED] - setText(findTestObject("09-Settings/Users/Client/Company field"), "QA Company"): Text 'QA Company' is set on object 'Object Repository/09-Settings/Users/Client/Company field'

2022-10-24 19:33:45 - [MESSAGE][PASSED] - Text 'QA Company' is set on object 'Object Repository/09-Settings/Users/Client/Company field'

2022-10-24 19:33:45 - [TEST_STEP][PASSED] - click(findTestObject("09-Settings/Users/Client/button_Accept")): Object: 'Object Repository/09-Settings/Users/Client/button_Accept' is clicked on

2022-10-24 19:33:45 - [MESSAGE][PASSED] - Object: 'Object Repository/09-Settings/Users/Client/button_Accept' is clicked on

2022-10-24 19:33:45 - [TEST_STEP][PASSED] - delay(10): Delayed 10 second(s)

2022-10-24 19:33:55 - [MESSAGE][PASSED] - Delayed 10 second(s)

2022-10-24 19:33:55 - [TEST_STEP][PASSED] - verifyElementVisible(findTestObject("09-Settings/Users/div_Joined as Partner")): Object 'Object Repository/09-Settings/Users/div_Joined as Partner' is visible

2022-10-24 19:33:56 - [MESSAGE][PASSED] - Object 'Object Repository/09-Settings/Users/div_Joined as Partner' is visible

2022-10-24 19:33:56 - [TEST_STEP][PASSED] - delay(3): Delayed 3 second(s)

2022-10-24 19:33:59 - [MESSAGE][PASSED] - Delayed 3 second(s)

2022-10-24 19:33:59 - [TEST_STEP][PASSED] - closeBrowser(): Browser is closed

2022-10-24 19:33:59 - [MESSAGE][PASSED] - Browser is closed]]></system-out>
         <system-err><![CDATA[]]></system-err>
      </testcase>
      <testcase name="Test Cases/09-Settings/05 - Users (Invite batch of users via CSV file)" time="118.764" classname="Test Cases/09-Settings/05 - Users (Invite batch of users via CSV file)" status="PASSED">
         <system-out><![CDATA[2022-10-24 19:33:59 - [TEST_CASE][PASSED] - Test Cases/09-Settings/05 - Users (Invite batch of users via CSV file): Test Cases/09-Settings/05 - Users (Invite batch of users via CSV file)

2022-10-24 19:34:00 - [TEST_STEP][PASSED] - openBrowser(""): Browser is opened with url: ''

2022-10-24 19:34:00 - [MESSAGE][INFO] - Starting 'Chrome' driver

2022-10-24 19:34:00 - [MESSAGE][INFO] - Action delay is set to 0 milliseconds

2022-10-24 19:34:01 - [MESSAGE][PASSED] - Browser is opened with url: ''

2022-10-24 19:34:01 - [TEST_STEP][PASSED] - navigateToUrl("https://lab.everleagues.com/"): Navigate to 'https://lab.everleagues.com/' successfully

2022-10-24 19:34:20 - [MESSAGE][PASSED] - Navigate to 'https://lab.everleagues.com/' successfully

2022-10-24 19:34:20 - [TEST_STEP][PASSED] - maximizeWindow(): Current window maximized

2022-10-24 19:34:20 - [MESSAGE][PASSED] - Current window maximized

2022-10-24 19:34:20 - [TEST_STEP][PASSED] - setText(findTestObject("02-Side Icons(Organization)/Add Contact/Email Field"), "testuser02@mailinator.com"): Text 'testuser02@mailinator.com' is set on object 'Object Repository/02-Side Icons(Organization)/Add Contact/Email Field'

2022-10-24 19:34:21 - [MESSAGE][PASSED] - Text 'testuser02@mailinator.com' is set on object 'Object Repository/02-Side Icons(Organization)/Add Contact/Email Field'

2022-10-24 19:34:21 - [TEST_STEP][PASSED] - setEncryptedText(findTestObject("02-Side Icons(Organization)/Add Contact/Password Field"), "8yFRyszE6U6jvsCn51OQbg=="): Text ****** has been set on object 'Object Repository/02-Side Icons(Organization)/Add Contact/Password Field'

2022-10-24 19:34:21 - [MESSAGE][PASSED] - Text ****** has been set on object 'Object Repository/02-Side Icons(Organization)/Add Contact/Password Field'

2022-10-24 19:34:21 - [TEST_STEP][PASSED] - click(findTestObject("02-Side Icons(Organization)/Add Contact/button_Sign in")): Object: 'Object Repository/02-Side Icons(Organization)/Add Contact/button_Sign in' is clicked on

2022-10-24 19:34:22 - [MESSAGE][PASSED] - Object: 'Object Repository/02-Side Icons(Organization)/Add Contact/button_Sign in' is clicked on

2022-10-24 19:34:22 - [TEST_STEP][PASSED] - delay(2): Delayed 2 second(s)

2022-10-24 19:34:24 - [MESSAGE][PASSED] - Delayed 2 second(s)

2022-10-24 19:34:24 - [TEST_STEP][PASSED] - click(findTestObject("06-Teams/For 2FA/button_Confirm_2FA")): Object: 'Object Repository/06-Teams/For 2FA/button_Confirm_2FA' is clicked on

2022-10-24 19:34:25 - [MESSAGE][PASSED] - Object: 'Object Repository/06-Teams/For 2FA/button_Confirm_2FA' is clicked on

2022-10-24 19:34:25 - [TEST_STEP][PASSED] - executeJavaScript("window.open();", []): Execute JavaScript 'window.open();' successfully

2022-10-24 19:34:25 - [MESSAGE][PASSED] - Execute JavaScript 'window.open();' successfully

2022-10-24 19:34:25 - [TEST_STEP][PASSED] - currentWindow = getWindowIndex(): Current window's index is: 0

2022-10-24 19:34:25 - [MESSAGE][PASSED] - Current window's index is: 0

2022-10-24 19:34:25 - [TEST_STEP][PASSED] - delay(3): Delayed 3 second(s)

2022-10-24 19:34:28 - [MESSAGE][PASSED] - Delayed 3 second(s)

2022-10-24 19:34:28 - [TEST_STEP][PASSED] - switchToWindowIndex(currentWindow + 1): Switched to window with index: '1'

2022-10-24 19:34:28 - [MESSAGE][PASSED] - Switched to window with index: '1'

2022-10-24 19:34:28 - [TEST_STEP][PASSED] - navigateToUrl("https://www.mailinator.com/"): Navigate to 'https://www.mailinator.com/' successfully

2022-10-24 19:34:30 - [MESSAGE][PASSED] - Navigate to 'https://www.mailinator.com/' successfully

2022-10-24 19:34:30 - [TEST_STEP][PASSED] - delay(3): Delayed 3 second(s)

2022-10-24 19:34:33 - [MESSAGE][PASSED] - Delayed 3 second(s)

2022-10-24 19:34:33 - [TEST_STEP][PASSED] - setText(findTestObject("00-Signup and Activation/zMailinator/input_LOGIN_search"), "testuser02@mailinator.com"): Text 'testuser02@mailinator.com' is set on object 'Object Repository/00-Signup and Activation/zMailinator/input_LOGIN_search'

2022-10-24 19:34:34 - [MESSAGE][PASSED] - Text 'testuser02@mailinator.com' is set on object 'Object Repository/00-Signup and Activation/zMailinator/input_LOGIN_search'

2022-10-24 19:34:34 - [TEST_STEP][PASSED] - click(findTestObject("00-Signup and Activation/zMailinator/gobutton"), STOP_ON_FAILURE): Object: 'Object Repository/00-Signup and Activation/zMailinator/gobutton' is clicked on

2022-10-24 19:34:36 - [MESSAGE][PASSED] - Object: 'Object Repository/00-Signup and Activation/zMailinator/gobutton' is clicked on

2022-10-24 19:34:36 - [TEST_STEP][PASSED] - delay(3): Delayed 3 second(s)

2022-10-24 19:34:39 - [MESSAGE][PASSED] - Delayed 3 second(s)

2022-10-24 19:34:39 - [TEST_STEP][PASSED] - click(findTestObject("00-Signup and Activation/zMailinator/Email - everleagues")): Object: 'Object Repository/00-Signup and Activation/zMailinator/Email - everleagues' is clicked on

2022-10-24 19:34:39 - [MESSAGE][PASSED] - Object: 'Object Repository/00-Signup and Activation/zMailinator/Email - everleagues' is clicked on

2022-10-24 19:34:39 - [TEST_STEP][PASSED] - delay(3): Delayed 3 second(s)

2022-10-24 19:34:42 - [MESSAGE][PASSED] - Delayed 3 second(s)

2022-10-24 19:34:42 - [TEST_STEP][PASSED] - code = getText(findTestObject("Object Repository/06-Teams/For 2FA/2FA code")): Text of object 'Object Repository/06-Teams/For 2FA/2FA code' is: '087981'

2022-10-24 19:34:43 - [MESSAGE][PASSED] - Text of object 'Object Repository/06-Teams/For 2FA/2FA code' is: '087981'

2022-10-24 19:34:43 - [TEST_STEP][PASSED] - delay(3): Delayed 3 second(s)

2022-10-24 19:34:46 - [MESSAGE][PASSED] - Delayed 3 second(s)

2022-10-24 19:34:46 - [TEST_STEP][PASSED] - closeWindowTitle("Mailinator"): Window with title: 'Mailinator' is closed

2022-10-24 19:34:46 - [MESSAGE][PASSED] - Window with title: 'Mailinator' is closed

2022-10-24 19:34:46 - [TEST_STEP][PASSED] - delay(3): Delayed 3 second(s)

2022-10-24 19:34:49 - [MESSAGE][PASSED] - Delayed 3 second(s)

2022-10-24 19:34:49 - [TEST_STEP][PASSED] - switchToWindowIndex(0): Switched to window with index: '0'

2022-10-24 19:34:49 - [MESSAGE][PASSED] - Switched to window with index: '0'

2022-10-24 19:34:49 - [TEST_STEP][PASSED] - delay(3): Delayed 3 second(s)

2022-10-24 19:34:52 - [MESSAGE][PASSED] - Delayed 3 second(s)

2022-10-24 19:34:52 - [TEST_STEP][PASSED] - setText(findTestObject("Object Repository/06-Teams/For 2FA/input_Enter verification code_code"), code): Text '087981' is set on object 'Object Repository/06-Teams/For 2FA/input_Enter verification code_code'

2022-10-24 19:34:53 - [MESSAGE][PASSED] - Text '087981' is set on object 'Object Repository/06-Teams/For 2FA/input_Enter verification code_code'

2022-10-24 19:34:53 - [TEST_STEP][PASSED] - delay(3): Delayed 3 second(s)

2022-10-24 19:34:56 - [MESSAGE][PASSED] - Delayed 3 second(s)

2022-10-24 19:34:56 - [TEST_STEP][PASSED] - click(findTestObject("06-Teams/For 2FA/button_Verify_2FA")): Object: 'Object Repository/06-Teams/For 2FA/button_Verify_2FA' is clicked on

2022-10-24 19:34:56 - [MESSAGE][PASSED] - Object: 'Object Repository/06-Teams/For 2FA/button_Verify_2FA' is clicked on

2022-10-24 19:34:56 - [TEST_STEP][PASSED] - delay(5): Delayed 5 second(s)

2022-10-24 19:35:01 - [MESSAGE][PASSED] - Delayed 5 second(s)

2022-10-24 19:35:01 - [TEST_STEP][PASSED] - click(findTestObject("06-Teams/button_doublearrow")): Object: 'Object Repository/06-Teams/button_doublearrow' is clicked on

2022-10-24 19:35:01 - [MESSAGE][PASSED] - Object: 'Object Repository/06-Teams/button_doublearrow' is clicked on

2022-10-24 19:35:01 - [TEST_STEP][PASSED] - click(findTestObject("06-Teams/button_My Organizations")): Object: 'Object Repository/06-Teams/button_My Organizations' is clicked on

2022-10-24 19:35:02 - [MESSAGE][PASSED] - Object: 'Object Repository/06-Teams/button_My Organizations' is clicked on

2022-10-24 19:35:02 - [TEST_STEP][PASSED] - click(findTestObject("06-Teams/button_GG Automation")): Object: 'Object Repository/06-Teams/button_GG Automation' is clicked on

2022-10-24 19:35:03 - [MESSAGE][PASSED] - Object: 'Object Repository/06-Teams/button_GG Automation' is clicked on

2022-10-24 19:35:03 - [TEST_STEP][PASSED] - delay(4): Delayed 4 second(s)

2022-10-24 19:35:07 - [MESSAGE][PASSED] - Delayed 4 second(s)

2022-10-24 19:35:07 - [TEST_STEP][PASSED] - verifyElementVisible(findTestObject("06-Teams/span_GG Automation")): Object 'Object Repository/06-Teams/span_GG Automation' is visible

2022-10-24 19:35:07 - [MESSAGE][PASSED] - Object 'Object Repository/06-Teams/span_GG Automation' is visible

2022-10-24 19:35:07 - [TEST_STEP][PASSED] - delay(10): Delayed 10 second(s)

2022-10-24 19:35:17 - [MESSAGE][PASSED] - Delayed 10 second(s)

2022-10-24 19:35:17 - [TEST_STEP][PASSED] - click(findTestObject("03-Header Menu/Hamburger Button/div_Settings")): Object: 'Object Repository/03-Header Menu/Hamburger Button/div_Settings' is clicked on

2022-10-24 19:35:18 - [MESSAGE][PASSED] - Object: 'Object Repository/03-Header Menu/Hamburger Button/div_Settings' is clicked on

2022-10-24 19:35:18 - [TEST_STEP][PASSED] - delay(3): Delayed 3 second(s)

2022-10-24 19:35:21 - [MESSAGE][PASSED] - Delayed 3 second(s)

2022-10-24 19:35:21 - [TEST_STEP][PASSED] - click(findTestObject("09-Settings/Users/div_Users")): Object: 'Object Repository/09-Settings/Users/div_Users' is clicked on

2022-10-24 19:35:21 - [MESSAGE][PASSED] - Object: 'Object Repository/09-Settings/Users/div_Users' is clicked on

2022-10-24 19:35:21 - [TEST_STEP][PASSED] - delay(3): Delayed 3 second(s)

2022-10-24 19:35:24 - [MESSAGE][PASSED] - Delayed 3 second(s)

2022-10-24 19:35:24 - [TEST_STEP][PASSED] - click(findTestObject("09-Settings/Users/button_add")): Object: 'Object Repository/09-Settings/Users/button_add' is clicked on

2022-10-24 19:35:25 - [MESSAGE][PASSED] - Object: 'Object Repository/09-Settings/Users/button_add' is clicked on

2022-10-24 19:35:25 - [TEST_STEP][PASSED] - delay(3): Delayed 3 second(s)

2022-10-24 19:35:28 - [MESSAGE][PASSED] - Delayed 3 second(s)

2022-10-24 19:35:28 - [TEST_STEP][PASSED] - click(findTestObject("09-Settings/Users/Invite batch of users via CSV file")): Object: 'Object Repository/09-Settings/Users/Invite batch of users via CSV file' is clicked on

2022-10-24 19:35:28 - [MESSAGE][PASSED] - Object: 'Object Repository/09-Settings/Users/Invite batch of users via CSV file' is clicked on

2022-10-24 19:35:28 - [TEST_STEP][PASSED] - verifyElementVisible(findTestObject("09-Settings/Users/CSV Invite/Import CSV File modal")): Object 'Object Repository/09-Settings/Users/CSV Invite/Import CSV File modal' is visible

2022-10-24 19:35:29 - [MESSAGE][PASSED] - Object 'Object Repository/09-Settings/Users/CSV Invite/Import CSV File modal' is visible

2022-10-24 19:35:29 - [TEST_STEP][PASSED] - verifyElementNotClickable(findTestObject("09-Settings/Users/CSV Invite/button_Import")): Object 'Object Repository/09-Settings/Users/CSV Invite/button_Import' is NOT clickable

2022-10-24 19:35:29 - [MESSAGE][PASSED] - Object 'Object Repository/09-Settings/Users/CSV Invite/button_Import' is NOT clickable

2022-10-24 19:35:29 - [TEST_STEP][PASSED] - delay(3): Delayed 3 second(s)

2022-10-24 19:35:32 - [MESSAGE][PASSED] - Delayed 3 second(s)

2022-10-24 19:35:32 - [TEST_STEP][PASSED] - uploadpackage.Upload.uploadFile(findTestObject("Object Repository/09-Settings/Users/CSV Invite/button_Choose File"), "C:\Users\User\Desktop\EL automation\sample csv.csv"): uploadpackage.Upload.uploadFile is PASSED

2022-10-24 19:35:33 - [MESSAGE][PASSED] - Object: 'Object Repository/09-Settings/Users/CSV Invite/button_Choose File' is clicked on

2022-10-24 19:35:33 - [MESSAGE][PASSED] - uploadpackage.Upload.uploadFile is PASSED

2022-10-24 19:35:33 - [TEST_STEP][PASSED] - delay(3): Delayed 3 second(s)

2022-10-24 19:35:36 - [MESSAGE][PASSED] - Delayed 3 second(s)

2022-10-24 19:35:36 - [TEST_STEP][PASSED] - verifyElementVisible(findTestObject("09-Settings/Users/CSV Invite/div_Sample csv.csv")): Object 'Object Repository/09-Settings/Users/CSV Invite/div_Sample csv.csv' is visible

2022-10-24 19:35:36 - [MESSAGE][PASSED] - Object 'Object Repository/09-Settings/Users/CSV Invite/div_Sample csv.csv' is visible

2022-10-24 19:35:36 - [TEST_STEP][PASSED] - click(findTestObject("09-Settings/Users/CSV Invite/button_Import")): Object: 'Object Repository/09-Settings/Users/CSV Invite/button_Import' is clicked on

2022-10-24 19:35:37 - [MESSAGE][PASSED] - Object: 'Object Repository/09-Settings/Users/CSV Invite/button_Import' is clicked on

2022-10-24 19:35:37 - [TEST_STEP][PASSED] - delay(10): Delayed 10 second(s)

2022-10-24 19:35:47 - [MESSAGE][PASSED] - Delayed 10 second(s)

2022-10-24 19:35:47 - [TEST_STEP][PASSED] - verifyElementVisible(findTestObject("09-Settings/Users/CSV Invite/Success import modal")): Object 'Object Repository/09-Settings/Users/CSV Invite/Success import modal' is visible

2022-10-24 19:35:47 - [MESSAGE][PASSED] - Object 'Object Repository/09-Settings/Users/CSV Invite/Success import modal' is visible

2022-10-24 19:35:47 - [TEST_STEP][PASSED] - click(findTestObject("09-Settings/Users/CSV Invite/button_Close")): Object: 'Object Repository/09-Settings/Users/CSV Invite/button_Close' is clicked on

2022-10-24 19:35:47 - [MESSAGE][PASSED] - Object: 'Object Repository/09-Settings/Users/CSV Invite/button_Close' is clicked on

2022-10-24 19:35:47 - [TEST_STEP][PASSED] - click(findTestObject("09-Settings/Users/CSV Invite/Invited Users tab")): Object: 'Object Repository/09-Settings/Users/CSV Invite/Invited Users tab' is clicked on

2022-10-24 19:35:48 - [MESSAGE][PASSED] - Object: 'Object Repository/09-Settings/Users/CSV Invite/Invited Users tab' is clicked on

2022-10-24 19:35:48 - [TEST_STEP][PASSED] - delay(3): Delayed 3 second(s)

2022-10-24 19:35:51 - [MESSAGE][PASSED] - Delayed 3 second(s)

2022-10-24 19:35:51 - [TEST_STEP][PASSED] - verifyElementVisible(findTestObject("09-Settings/Users/CSV Invite/div_CTCSV test3")): Object 'Object Repository/09-Settings/Users/CSV Invite/div_CTCSV test3' is visible

2022-10-24 19:35:52 - [MESSAGE][PASSED] - Object 'Object Repository/09-Settings/Users/CSV Invite/div_CTCSV test3' is visible

2022-10-24 19:35:52 - [TEST_STEP][PASSED] - verifyElementVisible(findTestObject("09-Settings/Users/CSV Invite/div_autotester08mailinator.com")): Object 'Object Repository/09-Settings/Users/CSV Invite/div_autotester08mailinator.com' is visible

2022-10-24 19:35:52 - [MESSAGE][PASSED] - Object 'Object Repository/09-Settings/Users/CSV Invite/div_autotester08mailinator.com' is visible

2022-10-24 19:35:52 - [TEST_STEP][PASSED] - verifyElementVisible(findTestObject("09-Settings/Users/CSV Invite/div_Partner")): Object 'Object Repository/09-Settings/Users/CSV Invite/div_Partner' is visible

2022-10-24 19:35:52 - [MESSAGE][PASSED] - Object 'Object Repository/09-Settings/Users/CSV Invite/div_Partner' is visible

2022-10-24 19:35:52 - [TEST_STEP][PASSED] - verifyElementVisible(findTestObject("09-Settings/Users/CSV Invite/div_CTCSV test2")): Object 'Object Repository/09-Settings/Users/CSV Invite/div_CTCSV test2' is visible

2022-10-24 19:35:53 - [MESSAGE][PASSED] - Object 'Object Repository/09-Settings/Users/CSV Invite/div_CTCSV test2' is visible

2022-10-24 19:35:53 - [TEST_STEP][PASSED] - verifyElementVisible(findTestObject("09-Settings/Users/CSV Invite/div_autotester07mailinator.com")): Object 'Object Repository/09-Settings/Users/CSV Invite/div_autotester07mailinator.com' is visible

2022-10-24 19:35:53 - [MESSAGE][PASSED] - Object 'Object Repository/09-Settings/Users/CSV Invite/div_autotester07mailinator.com' is visible

2022-10-24 19:35:53 - [TEST_STEP][PASSED] - verifyElementVisible(findTestObject("09-Settings/Users/CSV Invite/div_Client")): Object 'Object Repository/09-Settings/Users/CSV Invite/div_Client' is visible

2022-10-24 19:35:53 - [MESSAGE][PASSED] - Object 'Object Repository/09-Settings/Users/CSV Invite/div_Client' is visible

2022-10-24 19:35:53 - [TEST_STEP][PASSED] - verifyElementVisible(findTestObject("09-Settings/Users/CSV Invite/div_CTCSV test1")): Object 'Object Repository/09-Settings/Users/CSV Invite/div_CTCSV test1' is visible

2022-10-24 19:35:54 - [MESSAGE][PASSED] - Object 'Object Repository/09-Settings/Users/CSV Invite/div_CTCSV test1' is visible

2022-10-24 19:35:54 - [TEST_STEP][PASSED] - verifyElementVisible(findTestObject("09-Settings/Users/CSV Invite/div_autotester06mailinator.com")): Object 'Object Repository/09-Settings/Users/CSV Invite/div_autotester06mailinator.com' is visible

2022-10-24 19:35:54 - [MESSAGE][PASSED] - Object 'Object Repository/09-Settings/Users/CSV Invite/div_autotester06mailinator.com' is visible

2022-10-24 19:35:54 - [TEST_STEP][PASSED] - verifyElementVisible(findTestObject("09-Settings/Users/CSV Invite/div_Coworker")): Object 'Object Repository/09-Settings/Users/CSV Invite/div_Coworker' is visible

2022-10-24 19:35:54 - [MESSAGE][PASSED] - Object 'Object Repository/09-Settings/Users/CSV Invite/div_Coworker' is visible

2022-10-24 19:35:54 - [TEST_STEP][PASSED] - delay(3): Delayed 3 second(s)

2022-10-24 19:35:57 - [MESSAGE][PASSED] - Delayed 3 second(s)

2022-10-24 19:35:57 - [TEST_STEP][PASSED] - closeBrowser(): Browser is closed

2022-10-24 19:35:58 - [MESSAGE][PASSED] - Browser is closed]]></system-out>
         <system-err><![CDATA[]]></system-err>
      </testcase>
      <system-out><![CDATA[2022-10-24 19:18:06 - [TEST_SUITE][PASSED] - 09-Settings: Test Cases/09-Settings/05 - Users (Invite batch of users via CSV file)]]></system-out>
      <system-err><![CDATA[]]></system-err>
   </testsuite>
</testsuites>
