<?xml version="1.0" encoding="UTF-8"?>
<testsuites name="09.3 - Settings (Invited users)" time="139.694" tests="3" failures="0" errors="0">
   <testsuite name="09.3 - Settings (Invited users)" tests="3" failures="0" errors="0" time="139.694" skipped="0" timestamp="2022-12-07 17:54:02" hostname="User - DESKTOP-QCRNR4M" id="Test Suites/TS-Organization/09.3 - Settings (Invited users)">
      <properties>
         <property name="deviceName" value=""/>
         <property name="devicePlatform" value=""/>
         <property name="logFolder" value="C:\\Users\\User\\Katalon Studio\\EverleaguesMain\\Reports\\20221207_175359\\TS-Organization\\09.3 - Settings (Invited users)\\20221207_175359"/>
         <property name="logFiles" value="C:\\Users\\User\\Katalon Studio\\EverleaguesMain\\Reports\\20221207_175359\\TS-Organization\\09.3 - Settings (Invited users)\\20221207_175359\\execution0.log"/>
         <property name="attachments" value=""/>
         <property name="hostName" value="User - DESKTOP-QCRNR4M"/>
         <property name="os" value="Windows 10 64bit"/>
         <property name="katalonVersion" value="8.4.1.208"/>
         <property name="browser" value="Chrome 108.0.0.0"/>
         <property name="hostAddress" value="192.168.5.124"/>
         <property name="sessionId" value="5ece7cc736f97e041030ebc7fbece840"/>
         <property name="seleniumVersion" value="3.141.59"/>
         <property name="proxyInformation" value="ProxyInformation { proxyOption=NO_PROXY, proxyServerType=HTTP, username=, password=********, proxyServerAddress=, proxyServerPort=0, executionList=&quot;&quot;, isApplyToDesiredCapabilities=true }"/>
         <property name="platform" value="Windows 10"/>
      </properties>
      <testcase name="Test Cases/09-Settings/16 - Users (Invited User - Search)" time="91.987" classname="Test Cases/09-Settings/16 - Users (Invited User - Search)" status="PASSED">
         <system-out><![CDATA[2022-12-07 17:54:02 - [TEST_CASE][PASSED] - Test Cases/09-Settings/16 - Users (Invited User - Search): Test Cases/09-Settings/16 - Users (Invited User - Search)

2022-12-07 17:54:03 - [TEST_STEP][PASSED] - openBrowser(""): Browser is opened with url: ''

2022-12-07 17:54:03 - [MESSAGE][INFO] - Starting 'Chrome' driver

2022-12-07 17:54:03 - [MESSAGE][INFO] - Action delay is set to 0 milliseconds

2022-12-07 17:54:05 - [MESSAGE][PASSED] - Browser is opened with url: ''

2022-12-07 17:54:05 - [TEST_STEP][PASSED] - navigateToUrl("https://lab.everleagues.com/"): Navigate to 'https://lab.everleagues.com/' successfully

2022-12-07 17:54:15 - [MESSAGE][PASSED] - Navigate to 'https://lab.everleagues.com/' successfully

2022-12-07 17:54:15 - [TEST_STEP][PASSED] - maximizeWindow(): Current window maximized

2022-12-07 17:54:15 - [MESSAGE][PASSED] - Current window maximized

2022-12-07 17:54:15 - [TEST_STEP][PASSED] - setText(findTestObject("02-Side Icons(Organization)/Add Contact/Email Field"), "testuser02@mailinator.com"): Text 'testuser02@mailinator.com' is set on object 'Object Repository/02-Side Icons(Organization)/Add Contact/Email Field'

2022-12-07 17:54:16 - [MESSAGE][PASSED] - Text 'testuser02@mailinator.com' is set on object 'Object Repository/02-Side Icons(Organization)/Add Contact/Email Field'

2022-12-07 17:54:16 - [TEST_STEP][PASSED] - setEncryptedText(findTestObject("02-Side Icons(Organization)/Add Contact/Password Field"), "8yFRyszE6U6jvsCn51OQbg=="): Text ****** has been set on object 'Object Repository/02-Side Icons(Organization)/Add Contact/Password Field'

2022-12-07 17:54:17 - [MESSAGE][PASSED] - Text ****** has been set on object 'Object Repository/02-Side Icons(Organization)/Add Contact/Password Field'

2022-12-07 17:54:17 - [TEST_STEP][PASSED] - click(findTestObject("02-Side Icons(Organization)/Add Contact/button_Sign in")): Object: 'Object Repository/02-Side Icons(Organization)/Add Contact/button_Sign in' is clicked on

2022-12-07 17:54:18 - [MESSAGE][PASSED] - Object: 'Object Repository/02-Side Icons(Organization)/Add Contact/button_Sign in' is clicked on

2022-12-07 17:54:18 - [TEST_STEP][PASSED] - delay(2): Delayed 2 second(s)

2022-12-07 17:54:20 - [MESSAGE][PASSED] - Delayed 2 second(s)

2022-12-07 17:54:20 - [TEST_STEP][PASSED] - click(findTestObject("06-Teams/For 2FA/button_Confirm_2FA")): Object: 'Object Repository/06-Teams/For 2FA/button_Confirm_2FA' is clicked on

2022-12-07 17:54:20 - [MESSAGE][PASSED] - Object: 'Object Repository/06-Teams/For 2FA/button_Confirm_2FA' is clicked on

2022-12-07 17:54:20 - [TEST_STEP][PASSED] - executeJavaScript("window.open();", []): Execute JavaScript 'window.open();' successfully

2022-12-07 17:54:20 - [MESSAGE][PASSED] - Execute JavaScript 'window.open();' successfully

2022-12-07 17:54:20 - [TEST_STEP][PASSED] - currentWindow = getWindowIndex(): Current window's index is: 0

2022-12-07 17:54:20 - [MESSAGE][PASSED] - Current window's index is: 0

2022-12-07 17:54:20 - [TEST_STEP][PASSED] - delay(3): Delayed 3 second(s)

2022-12-07 17:54:23 - [MESSAGE][PASSED] - Delayed 3 second(s)

2022-12-07 17:54:23 - [TEST_STEP][PASSED] - switchToWindowIndex(currentWindow + 1): Switched to window with index: '1'

2022-12-07 17:54:23 - [MESSAGE][PASSED] - Switched to window with index: '1'

2022-12-07 17:54:23 - [TEST_STEP][PASSED] - navigateToUrl("https://www.mailinator.com/"): Navigate to 'https://www.mailinator.com/' successfully

2022-12-07 17:54:25 - [MESSAGE][PASSED] - Navigate to 'https://www.mailinator.com/' successfully

2022-12-07 17:54:25 - [TEST_STEP][PASSED] - delay(3): Delayed 3 second(s)

2022-12-07 17:54:28 - [MESSAGE][PASSED] - Delayed 3 second(s)

2022-12-07 17:54:28 - [TEST_STEP][PASSED] - setText(findTestObject("00-Signup and Activation/zMailinator/input_LOGIN_search"), "testuser02@mailinator.com"): Text 'testuser02@mailinator.com' is set on object 'Object Repository/00-Signup and Activation/zMailinator/input_LOGIN_search'

2022-12-07 17:54:29 - [MESSAGE][PASSED] - Text 'testuser02@mailinator.com' is set on object 'Object Repository/00-Signup and Activation/zMailinator/input_LOGIN_search'

2022-12-07 17:54:29 - [TEST_STEP][PASSED] - click(findTestObject("00-Signup and Activation/zMailinator/gobutton"), STOP_ON_FAILURE): Object: 'Object Repository/00-Signup and Activation/zMailinator/gobutton' is clicked on

2022-12-07 17:54:31 - [MESSAGE][PASSED] - Object: 'Object Repository/00-Signup and Activation/zMailinator/gobutton' is clicked on

2022-12-07 17:54:31 - [TEST_STEP][PASSED] - delay(3): Delayed 3 second(s)

2022-12-07 17:54:34 - [MESSAGE][PASSED] - Delayed 3 second(s)

2022-12-07 17:54:34 - [TEST_STEP][PASSED] - click(findTestObject("00-Signup and Activation/zMailinator/Email - everleagues")): Object: 'Object Repository/00-Signup and Activation/zMailinator/Email - everleagues' is clicked on

2022-12-07 17:54:34 - [MESSAGE][PASSED] - Object: 'Object Repository/00-Signup and Activation/zMailinator/Email - everleagues' is clicked on

2022-12-07 17:54:34 - [TEST_STEP][PASSED] - delay(3): Delayed 3 second(s)

2022-12-07 17:54:37 - [MESSAGE][PASSED] - Delayed 3 second(s)

2022-12-07 17:54:37 - [TEST_STEP][PASSED] - code = getText(findTestObject("Object Repository/06-Teams/For 2FA/2FA code")): Text of object 'Object Repository/06-Teams/For 2FA/2FA code' is: '915125'

2022-12-07 17:54:38 - [MESSAGE][PASSED] - Text of object 'Object Repository/06-Teams/For 2FA/2FA code' is: '915125'

2022-12-07 17:54:38 - [TEST_STEP][PASSED] - delay(3): Delayed 3 second(s)

2022-12-07 17:54:41 - [MESSAGE][PASSED] - Delayed 3 second(s)

2022-12-07 17:54:41 - [TEST_STEP][PASSED] - closeWindowTitle("Mailinator"): Window with title: 'Mailinator' is closed

2022-12-07 17:54:41 - [MESSAGE][PASSED] - Window with title: 'Mailinator' is closed

2022-12-07 17:54:41 - [TEST_STEP][PASSED] - delay(3): Delayed 3 second(s)

2022-12-07 17:54:44 - [MESSAGE][PASSED] - Delayed 3 second(s)

2022-12-07 17:54:44 - [TEST_STEP][PASSED] - switchToWindowIndex(0): Switched to window with index: '0'

2022-12-07 17:54:44 - [MESSAGE][PASSED] - Switched to window with index: '0'

2022-12-07 17:54:44 - [TEST_STEP][PASSED] - delay(3): Delayed 3 second(s)

2022-12-07 17:54:47 - [MESSAGE][PASSED] - Delayed 3 second(s)

2022-12-07 17:54:47 - [TEST_STEP][PASSED] - setText(findTestObject("Object Repository/06-Teams/For 2FA/input_Enter verification code_code"), code): Text '915125' is set on object 'Object Repository/06-Teams/For 2FA/input_Enter verification code_code'

2022-12-07 17:54:48 - [MESSAGE][PASSED] - Text '915125' is set on object 'Object Repository/06-Teams/For 2FA/input_Enter verification code_code'

2022-12-07 17:54:48 - [TEST_STEP][PASSED] - delay(3): Delayed 3 second(s)

2022-12-07 17:54:51 - [MESSAGE][PASSED] - Delayed 3 second(s)

2022-12-07 17:54:51 - [TEST_STEP][PASSED] - click(findTestObject("06-Teams/For 2FA/button_Verify_2FA")): Object: 'Object Repository/06-Teams/For 2FA/button_Verify_2FA' is clicked on

2022-12-07 17:54:51 - [MESSAGE][PASSED] - Object: 'Object Repository/06-Teams/For 2FA/button_Verify_2FA' is clicked on

2022-12-07 17:54:51 - [TEST_STEP][PASSED] - delay(5): Delayed 5 second(s)

2022-12-07 17:54:56 - [MESSAGE][PASSED] - Delayed 5 second(s)

2022-12-07 17:54:56 - [TEST_STEP][PASSED] - click(findTestObject("06-Teams/button_doublearrow")): Object: 'Object Repository/06-Teams/button_doublearrow' is clicked on

2022-12-07 17:54:58 - [MESSAGE][PASSED] - Object: 'Object Repository/06-Teams/button_doublearrow' is clicked on

2022-12-07 17:54:58 - [TEST_STEP][PASSED] - click(findTestObject("06-Teams/button_My Organizations")): Object: 'Object Repository/06-Teams/button_My Organizations' is clicked on

2022-12-07 17:54:59 - [MESSAGE][PASSED] - Object: 'Object Repository/06-Teams/button_My Organizations' is clicked on

2022-12-07 17:54:59 - [TEST_STEP][PASSED] - click(findTestObject("06-Teams/button_GG Automation")): Object: 'Object Repository/06-Teams/button_GG Automation' is clicked on

2022-12-07 17:54:59 - [MESSAGE][PASSED] - Object: 'Object Repository/06-Teams/button_GG Automation' is clicked on

2022-12-07 17:54:59 - [TEST_STEP][PASSED] - delay(4): Delayed 4 second(s)

2022-12-07 17:55:03 - [MESSAGE][PASSED] - Delayed 4 second(s)

2022-12-07 17:55:03 - [TEST_STEP][PASSED] - verifyElementVisible(findTestObject("06-Teams/span_GG Automation")): Object 'Object Repository/06-Teams/span_GG Automation' is visible

2022-12-07 17:55:04 - [MESSAGE][PASSED] - Object 'Object Repository/06-Teams/span_GG Automation' is visible

2022-12-07 17:55:04 - [TEST_STEP][PASSED] - delay(5): Delayed 5 second(s)

2022-12-07 17:55:09 - [MESSAGE][PASSED] - Delayed 5 second(s)

2022-12-07 17:55:09 - [TEST_STEP][PASSED] - click(findTestObject("03-Header Menu/Hamburger Button/div_Settings")): Object: 'Object Repository/03-Header Menu/Hamburger Button/div_Settings' is clicked on

2022-12-07 17:55:09 - [MESSAGE][PASSED] - Object: 'Object Repository/03-Header Menu/Hamburger Button/div_Settings' is clicked on

2022-12-07 17:55:09 - [TEST_STEP][PASSED] - verifyElementVisible(findTestObject("09-Settings/Users/div_Organization")): Object 'Object Repository/09-Settings/Users/div_Organization' is visible

2022-12-07 17:55:10 - [MESSAGE][PASSED] - Object 'Object Repository/09-Settings/Users/div_Organization' is visible

2022-12-07 17:55:10 - [TEST_STEP][PASSED] - verifyElementVisible(findTestObject("09-Settings/Users/div_Organization Units")): Object 'Object Repository/09-Settings/Users/div_Organization Units' is visible

2022-12-07 17:55:10 - [MESSAGE][PASSED] - Object 'Object Repository/09-Settings/Users/div_Organization Units' is visible

2022-12-07 17:55:10 - [TEST_STEP][PASSED] - verifyElementVisible(findTestObject("09-Settings/Users/div_Subscriptions")): Object 'Object Repository/09-Settings/Users/div_Subscriptions' is visible

2022-12-07 17:55:11 - [MESSAGE][PASSED] - Object 'Object Repository/09-Settings/Users/div_Subscriptions' is visible

2022-12-07 17:55:11 - [TEST_STEP][PASSED] - verifyElementVisible(findTestObject("09-Settings/Users/div_Users")): Object 'Object Repository/09-Settings/Users/div_Users' is visible

2022-12-07 17:55:11 - [MESSAGE][PASSED] - Object 'Object Repository/09-Settings/Users/div_Users' is visible

2022-12-07 17:55:11 - [TEST_STEP][PASSED] - delay(3): Delayed 3 second(s)

2022-12-07 17:55:14 - [MESSAGE][PASSED] - Delayed 3 second(s)

2022-12-07 17:55:14 - [TEST_STEP][PASSED] - click(findTestObject("09-Settings/Users/div_Users")): Object: 'Object Repository/09-Settings/Users/div_Users' is clicked on

2022-12-07 17:55:15 - [MESSAGE][PASSED] - Object: 'Object Repository/09-Settings/Users/div_Users' is clicked on

2022-12-07 17:55:15 - [TEST_STEP][PASSED] - verifyElementVisible(findTestObject("09-Settings/Users/h4_USERS")): Object 'Object Repository/09-Settings/Users/h4_USERS' is visible

2022-12-07 17:55:16 - [MESSAGE][PASSED] - Object 'Object Repository/09-Settings/Users/h4_USERS' is visible

2022-12-07 17:55:16 - [TEST_STEP][PASSED] - verifyElementVisible(findTestObject("09-Settings/Users/Invited Users/div_Invited Users")): Object 'Object Repository/09-Settings/Users/Invited Users/div_Invited Users' is visible

2022-12-07 17:55:16 - [MESSAGE][PASSED] - Object 'Object Repository/09-Settings/Users/Invited Users/div_Invited Users' is visible

2022-12-07 17:55:16 - [TEST_STEP][PASSED] - click(findTestObject("09-Settings/Users/Invited Users/div_Invited Users")): Object: 'Object Repository/09-Settings/Users/Invited Users/div_Invited Users' is clicked on

2022-12-07 17:55:17 - [MESSAGE][PASSED] - Object: 'Object Repository/09-Settings/Users/Invited Users/div_Invited Users' is clicked on

2022-12-07 17:55:17 - [TEST_STEP][PASSED] - delay(5): Delayed 5 second(s)

2022-12-07 17:55:22 - [MESSAGE][PASSED] - Delayed 5 second(s)

2022-12-07 17:55:22 - [TEST_STEP][PASSED] - click(findTestObject("09-Settings/Users/Active User/button_search")): Object: 'Object Repository/09-Settings/Users/Active User/button_search' is clicked on

2022-12-07 17:55:22 - [MESSAGE][PASSED] - Object: 'Object Repository/09-Settings/Users/Active User/button_search' is clicked on

2022-12-07 17:55:22 - [TEST_STEP][PASSED] - delay(3): Delayed 3 second(s)

2022-12-07 17:55:25 - [MESSAGE][PASSED] - Delayed 3 second(s)

2022-12-07 17:55:25 - [TEST_STEP][PASSED] - click(findTestObject("09-Settings/Users/Active User/button_arrow_back")): Object: 'Object Repository/09-Settings/Users/Active User/button_arrow_back' is clicked on

2022-12-07 17:55:25 - [MESSAGE][PASSED] - Object: 'Object Repository/09-Settings/Users/Active User/button_arrow_back' is clicked on

2022-12-07 17:55:25 - [TEST_STEP][PASSED] - delay(4): Delayed 4 second(s)

2022-12-07 17:55:29 - [MESSAGE][PASSED] - Delayed 4 second(s)

2022-12-07 17:55:29 - [TEST_STEP][PASSED] - click(findTestObject("09-Settings/Users/Active User/button_search")): Object: 'Object Repository/09-Settings/Users/Active User/button_search' is clicked on

2022-12-07 17:55:30 - [MESSAGE][PASSED] - Object: 'Object Repository/09-Settings/Users/Active User/button_search' is clicked on

2022-12-07 17:55:30 - [TEST_STEP][PASSED] - setText(findTestObject("09-Settings/Users/Active User/Search field"), "test3"): Text 'test3' is set on object 'Object Repository/09-Settings/Users/Active User/Search field'

2022-12-07 17:55:31 - [MESSAGE][PASSED] - Text 'test3' is set on object 'Object Repository/09-Settings/Users/Active User/Search field'

2022-12-07 17:55:31 - [TEST_STEP][PASSED] - delay(1): Delayed 1 second(s)

2022-12-07 17:55:32 - [MESSAGE][PASSED] - Delayed 1 second(s)

2022-12-07 17:55:32 - [TEST_STEP][PASSED] - click(findTestObject("09-Settings/Users/Active User/button_Cancel")): Object: 'Object Repository/09-Settings/Users/Active User/button_Cancel' is clicked on

2022-12-07 17:55:32 - [MESSAGE][PASSED] - Object: 'Object Repository/09-Settings/Users/Active User/button_Cancel' is clicked on

2022-12-07 17:55:32 - [TEST_STEP][PASSED] - delay(2): Delayed 2 second(s)

2022-12-07 17:55:34 - [MESSAGE][PASSED] - Delayed 2 second(s)]]></system-out>
         <system-err><![CDATA[]]></system-err>
      </testcase>
      <testcase name="Test Cases/09-Settings/17 - Users (Invited User - Resend Invitation)" time="9.974" classname="Test Cases/09-Settings/17 - Users (Invited User - Resend Invitation)" status="PASSED">
         <system-out><![CDATA[2022-12-07 17:55:34 - [TEST_CASE][PASSED] - Test Cases/09-Settings/17 - Users (Invited User - Resend Invitation): Test Cases/09-Settings/17 - Users (Invited User - Resend Invitation)

2022-12-07 17:55:35 - [TEST_STEP][PASSED] - verifyElementVisible(findTestObject("09-Settings/Users/Invited Users/div_CTCSV test 3")): Object 'Object Repository/09-Settings/Users/Invited Users/div_CTCSV test 3' is visible

2022-12-07 17:55:35 - [MESSAGE][PASSED] - Object 'Object Repository/09-Settings/Users/Invited Users/div_CTCSV test 3' is visible

2022-12-07 17:55:35 - [TEST_STEP][PASSED] - delay(3): Delayed 3 second(s)

2022-12-07 17:55:38 - [MESSAGE][PASSED] - Delayed 3 second(s)

2022-12-07 17:55:38 - [TEST_STEP][PASSED] - click(findTestObject("09-Settings/Users/Invited Users/button_resendInvitation")): Object: 'Object Repository/09-Settings/Users/Invited Users/button_resendInvitation' is clicked on

2022-12-07 17:55:39 - [MESSAGE][PASSED] - Object: 'Object Repository/09-Settings/Users/Invited Users/button_resendInvitation' is clicked on

2022-12-07 17:55:39 - [TEST_STEP][PASSED] - click(findTestObject("09-Settings/Users/Invited Users/span_Successfully resent invite")): Object: 'Object Repository/09-Settings/Users/Invited Users/span_Successfully resent invite' is clicked on

2022-12-07 17:55:41 - [MESSAGE][PASSED] - Object: 'Object Repository/09-Settings/Users/Invited Users/span_Successfully resent invite' is clicked on

2022-12-07 17:55:41 - [TEST_STEP][PASSED] - click(findTestObject("09-Settings/Users/Active User/button_OK")): Object: 'Object Repository/09-Settings/Users/Active User/button_OK' is clicked on

2022-12-07 17:55:41 - [MESSAGE][PASSED] - Object: 'Object Repository/09-Settings/Users/Active User/button_OK' is clicked on

2022-12-07 17:55:41 - [TEST_STEP][PASSED] - delay(3): Delayed 3 second(s)

2022-12-07 17:55:44 - [MESSAGE][PASSED] - Delayed 3 second(s)]]></system-out>
         <system-err><![CDATA[]]></system-err>
      </testcase>
      <testcase name="Test Cases/09-Settings/18 - Users (Invited User - Delete Invite)" time="37.407" classname="Test Cases/09-Settings/18 - Users (Invited User - Delete Invite)" status="PASSED">
         <system-out><![CDATA[2022-12-07 17:55:44 - [TEST_CASE][PASSED] - Test Cases/09-Settings/18 - Users (Invited User - Delete Invite): Test Cases/09-Settings/18 - Users (Invited User - Delete Invite)

2022-12-07 17:55:45 - [TEST_STEP][PASSED] - delay(3): Delayed 3 second(s)

2022-12-07 17:55:48 - [MESSAGE][PASSED] - Delayed 3 second(s)

2022-12-07 17:55:48 - [TEST_STEP][PASSED] - verifyElementVisible(findTestObject("09-Settings/Users/Invited Users/div_GG Auto")): Object 'Object Repository/09-Settings/Users/Invited Users/div_GG Auto' is visible

2022-12-07 17:55:48 - [MESSAGE][PASSED] - Object 'Object Repository/09-Settings/Users/Invited Users/div_GG Auto' is visible

2022-12-07 17:55:48 - [TEST_STEP][PASSED] - delay(3): Delayed 3 second(s)

2022-12-07 17:55:51 - [MESSAGE][PASSED] - Delayed 3 second(s)

2022-12-07 17:55:51 - [TEST_STEP][PASSED] - click(findTestObject("09-Settings/Users/Invited Users/button_deleteInvite")): Object: 'Object Repository/09-Settings/Users/Invited Users/button_deleteInvite' is clicked on

2022-12-07 17:55:51 - [MESSAGE][PASSED] - Object: 'Object Repository/09-Settings/Users/Invited Users/button_deleteInvite' is clicked on

2022-12-07 17:55:51 - [TEST_STEP][PASSED] - verifyElementVisible(findTestObject("09-Settings/Users/Invited Users/h4_Delete Invitation")): Object 'Object Repository/09-Settings/Users/Invited Users/h4_Delete Invitation' is visible

2022-12-07 17:55:52 - [MESSAGE][PASSED] - Object 'Object Repository/09-Settings/Users/Invited Users/h4_Delete Invitation' is visible

2022-12-07 17:55:52 - [TEST_STEP][PASSED] - delay(1): Delayed 1 second(s)

2022-12-07 17:55:53 - [MESSAGE][PASSED] - Delayed 1 second(s)

2022-12-07 17:55:53 - [TEST_STEP][PASSED] - click(findTestObject("09-Settings/Users/Active User/button_Cancel_restore")): Object: 'Object Repository/09-Settings/Users/Active User/button_Cancel_restore' is clicked on

2022-12-07 17:55:54 - [MESSAGE][PASSED] - Object: 'Object Repository/09-Settings/Users/Active User/button_Cancel_restore' is clicked on

2022-12-07 17:55:54 - [TEST_STEP][PASSED] - delay(2): Delayed 2 second(s)

2022-12-07 17:55:56 - [MESSAGE][PASSED] - Delayed 2 second(s)

2022-12-07 17:55:56 - [TEST_STEP][PASSED] - verifyElementVisible(findTestObject("09-Settings/Users/Invited Users/div_GG Auto")): Object 'Object Repository/09-Settings/Users/Invited Users/div_GG Auto' is visible

2022-12-07 17:55:56 - [MESSAGE][PASSED] - Object 'Object Repository/09-Settings/Users/Invited Users/div_GG Auto' is visible

2022-12-07 17:55:56 - [TEST_STEP][PASSED] - click(findTestObject("09-Settings/Users/Invited Users/button_deleteInvite")): Object: 'Object Repository/09-Settings/Users/Invited Users/button_deleteInvite' is clicked on

2022-12-07 17:55:57 - [MESSAGE][PASSED] - Object: 'Object Repository/09-Settings/Users/Invited Users/button_deleteInvite' is clicked on

2022-12-07 17:55:57 - [TEST_STEP][PASSED] - verifyElementVisible(findTestObject("09-Settings/Users/Invited Users/h4_Delete Invitation")): Object 'Object Repository/09-Settings/Users/Invited Users/h4_Delete Invitation' is visible

2022-12-07 17:55:57 - [MESSAGE][PASSED] - Object 'Object Repository/09-Settings/Users/Invited Users/h4_Delete Invitation' is visible

2022-12-07 17:55:57 - [TEST_STEP][PASSED] - click(findTestObject("09-Settings/Users/Active User/button_Delete")): Object: 'Object Repository/09-Settings/Users/Active User/button_Delete' is clicked on

2022-12-07 17:55:58 - [MESSAGE][PASSED] - Object: 'Object Repository/09-Settings/Users/Active User/button_Delete' is clicked on

2022-12-07 17:55:58 - [TEST_STEP][PASSED] - delay(3): Delayed 3 second(s)

2022-12-07 17:56:01 - [MESSAGE][PASSED] - Delayed 3 second(s)

2022-12-07 17:56:01 - [TEST_STEP][PASSED] - verifyElementVisible(findTestObject("09-Settings/Users/Invited Users/div_CTCSV test 3")): Object 'Object Repository/09-Settings/Users/Invited Users/div_CTCSV test 3' is visible

2022-12-07 17:56:01 - [MESSAGE][PASSED] - Object 'Object Repository/09-Settings/Users/Invited Users/div_CTCSV test 3' is visible

2022-12-07 17:56:01 - [TEST_STEP][PASSED] - click(findTestObject("09-Settings/Users/Invited Users/button_deleteInvite")): Object: 'Object Repository/09-Settings/Users/Invited Users/button_deleteInvite' is clicked on

2022-12-07 17:56:02 - [MESSAGE][PASSED] - Object: 'Object Repository/09-Settings/Users/Invited Users/button_deleteInvite' is clicked on

2022-12-07 17:56:02 - [TEST_STEP][PASSED] - verifyElementVisible(findTestObject("09-Settings/Users/Invited Users/h4_Delete Invitation")): Object 'Object Repository/09-Settings/Users/Invited Users/h4_Delete Invitation' is visible

2022-12-07 17:56:02 - [MESSAGE][PASSED] - Object 'Object Repository/09-Settings/Users/Invited Users/h4_Delete Invitation' is visible

2022-12-07 17:56:02 - [TEST_STEP][PASSED] - click(findTestObject("09-Settings/Users/Active User/button_Delete")): Object: 'Object Repository/09-Settings/Users/Active User/button_Delete' is clicked on

2022-12-07 17:56:03 - [MESSAGE][PASSED] - Object: 'Object Repository/09-Settings/Users/Active User/button_Delete' is clicked on

2022-12-07 17:56:03 - [TEST_STEP][PASSED] - delay(3): Delayed 3 second(s)

2022-12-07 17:56:06 - [MESSAGE][PASSED] - Delayed 3 second(s)

2022-12-07 17:56:06 - [TEST_STEP][PASSED] - verifyElementVisible(findTestObject("09-Settings/Users/Invited Users/div_CTCSV test 2")): Object 'Object Repository/09-Settings/Users/Invited Users/div_CTCSV test 2' is visible

2022-12-07 17:56:07 - [MESSAGE][PASSED] - Object 'Object Repository/09-Settings/Users/Invited Users/div_CTCSV test 2' is visible

2022-12-07 17:56:07 - [TEST_STEP][PASSED] - click(findTestObject("09-Settings/Users/Invited Users/button_deleteInvite")): Object: 'Object Repository/09-Settings/Users/Invited Users/button_deleteInvite' is clicked on

2022-12-07 17:56:07 - [MESSAGE][PASSED] - Object: 'Object Repository/09-Settings/Users/Invited Users/button_deleteInvite' is clicked on

2022-12-07 17:56:07 - [TEST_STEP][PASSED] - verifyElementVisible(findTestObject("09-Settings/Users/Invited Users/h4_Delete Invitation")): Object 'Object Repository/09-Settings/Users/Invited Users/h4_Delete Invitation' is visible

2022-12-07 17:56:07 - [MESSAGE][PASSED] - Object 'Object Repository/09-Settings/Users/Invited Users/h4_Delete Invitation' is visible

2022-12-07 17:56:07 - [TEST_STEP][PASSED] - click(findTestObject("09-Settings/Users/Active User/button_Delete")): Object: 'Object Repository/09-Settings/Users/Active User/button_Delete' is clicked on

2022-12-07 17:56:08 - [MESSAGE][PASSED] - Object: 'Object Repository/09-Settings/Users/Active User/button_Delete' is clicked on

2022-12-07 17:56:08 - [TEST_STEP][PASSED] - delay(3): Delayed 3 second(s)

2022-12-07 17:56:11 - [MESSAGE][PASSED] - Delayed 3 second(s)

2022-12-07 17:56:11 - [TEST_STEP][PASSED] - verifyElementVisible(findTestObject("09-Settings/Users/Invited Users/div_CTCSV test 1")): Object 'Object Repository/09-Settings/Users/Invited Users/div_CTCSV test 1' is visible

2022-12-07 17:56:12 - [MESSAGE][PASSED] - Object 'Object Repository/09-Settings/Users/Invited Users/div_CTCSV test 1' is visible

2022-12-07 17:56:12 - [TEST_STEP][PASSED] - click(findTestObject("09-Settings/Users/Invited Users/button_deleteInvite")): Object: 'Object Repository/09-Settings/Users/Invited Users/button_deleteInvite' is clicked on

2022-12-07 17:56:12 - [MESSAGE][PASSED] - Object: 'Object Repository/09-Settings/Users/Invited Users/button_deleteInvite' is clicked on

2022-12-07 17:56:12 - [TEST_STEP][PASSED] - verifyElementVisible(findTestObject("09-Settings/Users/Invited Users/h4_Delete Invitation")): Object 'Object Repository/09-Settings/Users/Invited Users/h4_Delete Invitation' is visible

2022-12-07 17:56:13 - [MESSAGE][PASSED] - Object 'Object Repository/09-Settings/Users/Invited Users/h4_Delete Invitation' is visible

2022-12-07 17:56:13 - [TEST_STEP][PASSED] - click(findTestObject("09-Settings/Users/Active User/button_Delete")): Object: 'Object Repository/09-Settings/Users/Active User/button_Delete' is clicked on

2022-12-07 17:56:14 - [MESSAGE][PASSED] - Object: 'Object Repository/09-Settings/Users/Active User/button_Delete' is clicked on

2022-12-07 17:56:14 - [TEST_STEP][PASSED] - click(findTestObject("09-Settings/Users/Invited Users/span_Successfully deleted invite")): Object: 'Object Repository/09-Settings/Users/Invited Users/span_Successfully deleted invite' is clicked on

2022-12-07 17:56:16 - [MESSAGE][PASSED] - Object: 'Object Repository/09-Settings/Users/Invited Users/span_Successfully deleted invite' is clicked on

2022-12-07 17:56:16 - [TEST_STEP][PASSED] - click(findTestObject("09-Settings/Users/Active User/button_OK")): Object: 'Object Repository/09-Settings/Users/Active User/button_OK' is clicked on

2022-12-07 17:56:16 - [MESSAGE][PASSED] - Object: 'Object Repository/09-Settings/Users/Active User/button_OK' is clicked on

2022-12-07 17:56:16 - [TEST_STEP][PASSED] - delay(5): Delayed 5 second(s)

2022-12-07 17:56:21 - [MESSAGE][PASSED] - Delayed 5 second(s)

2022-12-07 17:56:21 - [TEST_STEP][PASSED] - closeBrowser(): Browser is closed

2022-12-07 17:56:22 - [MESSAGE][PASSED] - Browser is closed]]></system-out>
         <system-err><![CDATA[]]></system-err>
      </testcase>
      <system-out><![CDATA[2022-12-07 17:54:02 - [TEST_SUITE][PASSED] - 09.3 - Settings (Invited users): Test Cases/09-Settings/18 - Users (Invited User - Delete Invite)]]></system-out>
      <system-err><![CDATA[]]></system-err>
   </testsuite>
</testsuites>
