<?xml version="1.0" encoding="UTF-8"?>
<testsuites name="11-Cloud Files" time="166.641" tests="6" failures="0" errors="0">
   <testsuite name="11-Cloud Files" tests="6" failures="0" errors="0" time="166.641" skipped="0" timestamp="2022-11-10 17:32:13" hostname="User - DESKTOP-QCRNR4M" id="Test Suites/TS-Organization/11-Cloud Files">
      <properties>
         <property name="deviceName" value=""/>
         <property name="devicePlatform" value=""/>
         <property name="logFolder" value="C:\\Users\\User\\Katalon Studio\\EverleaguesMain\\Reports\\20221110_173210\\TS-Organization\\11-Cloud Files\\20221110_173210"/>
         <property name="logFiles" value="C:\\Users\\User\\Katalon Studio\\EverleaguesMain\\Reports\\20221110_173210\\TS-Organization\\11-Cloud Files\\20221110_173210\\execution0.log"/>
         <property name="attachments" value=""/>
         <property name="hostName" value="User - DESKTOP-QCRNR4M"/>
         <property name="os" value="Windows 10 64bit"/>
         <property name="katalonVersion" value="8.4.1.208"/>
         <property name="browser" value="Chrome 107.0.0.0"/>
         <property name="hostAddress" value="192.168.5.124"/>
         <property name="sessionId" value="b19656ca92aa93eaf05ba36dcee135a9"/>
         <property name="seleniumVersion" value="3.141.59"/>
         <property name="proxyInformation" value="ProxyInformation { proxyOption=NO_PROXY, proxyServerType=HTTP, username=, password=********, proxyServerAddress=, proxyServerPort=0, executionList=&quot;&quot;, isApplyToDesiredCapabilities=true }"/>
         <property name="platform" value="Windows 10"/>
      </properties>
      <testcase name="Test Cases/11-Cloud Files/01-Create new folder" time="117.556" classname="Test Cases/11-Cloud Files/01-Create new folder" status="PASSED">
         <system-out><![CDATA[2022-11-10 17:32:13 - [TEST_CASE][PASSED] - Test Cases/11-Cloud Files/01-Create new folder: Test Cases/11-Cloud Files/01-Create new folder

2022-11-10 17:32:13 - [TEST_STEP][PASSED] - openBrowser(""): Browser is opened with url: ''

2022-11-10 17:32:14 - [MESSAGE][INFO] - Starting 'Chrome' driver

2022-11-10 17:32:14 - [MESSAGE][INFO] - Action delay is set to 0 milliseconds

2022-11-10 17:32:15 - [MESSAGE][PASSED] - Browser is opened with url: ''

2022-11-10 17:32:15 - [TEST_STEP][PASSED] - navigateToUrl("https://lab.everleagues.com/"): Navigate to 'https://lab.everleagues.com/' successfully

2022-11-10 17:32:43 - [MESSAGE][PASSED] - Navigate to 'https://lab.everleagues.com/' successfully

2022-11-10 17:32:43 - [TEST_STEP][PASSED] - maximizeWindow(): Current window maximized

2022-11-10 17:32:43 - [MESSAGE][PASSED] - Current window maximized

2022-11-10 17:32:43 - [TEST_STEP][PASSED] - setText(findTestObject("02-Side Icons(Organization)/Add Contact/Email Field"), "testuser02@mailinator.com"): Text 'testuser02@mailinator.com' is set on object 'Object Repository/02-Side Icons(Organization)/Add Contact/Email Field'

2022-11-10 17:32:44 - [MESSAGE][PASSED] - Text 'testuser02@mailinator.com' is set on object 'Object Repository/02-Side Icons(Organization)/Add Contact/Email Field'

2022-11-10 17:32:44 - [TEST_STEP][PASSED] - setEncryptedText(findTestObject("02-Side Icons(Organization)/Add Contact/Password Field"), "8yFRyszE6U6jvsCn51OQbg=="): Text ****** has been set on object 'Object Repository/02-Side Icons(Organization)/Add Contact/Password Field'

2022-11-10 17:32:45 - [MESSAGE][PASSED] - Text ****** has been set on object 'Object Repository/02-Side Icons(Organization)/Add Contact/Password Field'

2022-11-10 17:32:45 - [TEST_STEP][PASSED] - click(findTestObject("02-Side Icons(Organization)/Add Contact/button_Sign in")): Object: 'Object Repository/02-Side Icons(Organization)/Add Contact/button_Sign in' is clicked on

2022-11-10 17:32:46 - [MESSAGE][PASSED] - Object: 'Object Repository/02-Side Icons(Organization)/Add Contact/button_Sign in' is clicked on

2022-11-10 17:32:46 - [TEST_STEP][PASSED] - delay(2): Delayed 2 second(s)

2022-11-10 17:32:48 - [MESSAGE][PASSED] - Delayed 2 second(s)

2022-11-10 17:32:48 - [TEST_STEP][PASSED] - click(findTestObject("06-Teams/For 2FA/button_Confirm_2FA")): Object: 'Object Repository/06-Teams/For 2FA/button_Confirm_2FA' is clicked on

2022-11-10 17:32:48 - [MESSAGE][PASSED] - Object: 'Object Repository/06-Teams/For 2FA/button_Confirm_2FA' is clicked on

2022-11-10 17:32:48 - [TEST_STEP][PASSED] - executeJavaScript("window.open();", []): Execute JavaScript 'window.open();' successfully

2022-11-10 17:32:48 - [MESSAGE][PASSED] - Execute JavaScript 'window.open();' successfully

2022-11-10 17:32:48 - [TEST_STEP][PASSED] - currentWindow = getWindowIndex(): Current window's index is: 0

2022-11-10 17:32:48 - [MESSAGE][PASSED] - Current window's index is: 0

2022-11-10 17:32:48 - [TEST_STEP][PASSED] - delay(3): Delayed 3 second(s)

2022-11-10 17:32:51 - [MESSAGE][PASSED] - Delayed 3 second(s)

2022-11-10 17:32:51 - [TEST_STEP][PASSED] - switchToWindowIndex(currentWindow + 1): Switched to window with index: '1'

2022-11-10 17:32:51 - [MESSAGE][PASSED] - Switched to window with index: '1'

2022-11-10 17:32:51 - [TEST_STEP][PASSED] - navigateToUrl("https://www.mailinator.com/"): Navigate to 'https://www.mailinator.com/' successfully

2022-11-10 17:32:56 - [MESSAGE][PASSED] - Navigate to 'https://www.mailinator.com/' successfully

2022-11-10 17:32:56 - [TEST_STEP][PASSED] - delay(3): Delayed 3 second(s)

2022-11-10 17:32:59 - [MESSAGE][PASSED] - Delayed 3 second(s)

2022-11-10 17:32:59 - [TEST_STEP][PASSED] - setText(findTestObject("00-Signup and Activation/zMailinator/input_LOGIN_search"), "testuser02@mailinator.com"): Text 'testuser02@mailinator.com' is set on object 'Object Repository/00-Signup and Activation/zMailinator/input_LOGIN_search'

2022-11-10 17:33:00 - [MESSAGE][PASSED] - Text 'testuser02@mailinator.com' is set on object 'Object Repository/00-Signup and Activation/zMailinator/input_LOGIN_search'

2022-11-10 17:33:00 - [TEST_STEP][PASSED] - click(findTestObject("00-Signup and Activation/zMailinator/gobutton"), STOP_ON_FAILURE): Object: 'Object Repository/00-Signup and Activation/zMailinator/gobutton' is clicked on

2022-11-10 17:33:01 - [MESSAGE][PASSED] - Object: 'Object Repository/00-Signup and Activation/zMailinator/gobutton' is clicked on

2022-11-10 17:33:01 - [TEST_STEP][PASSED] - delay(3): Delayed 3 second(s)

2022-11-10 17:33:04 - [MESSAGE][PASSED] - Delayed 3 second(s)

2022-11-10 17:33:04 - [TEST_STEP][PASSED] - click(findTestObject("00-Signup and Activation/zMailinator/Email - everleagues")): Object: 'Object Repository/00-Signup and Activation/zMailinator/Email - everleagues' is clicked on

2022-11-10 17:33:04 - [MESSAGE][PASSED] - Object: 'Object Repository/00-Signup and Activation/zMailinator/Email - everleagues' is clicked on

2022-11-10 17:33:04 - [TEST_STEP][PASSED] - delay(3): Delayed 3 second(s)

2022-11-10 17:33:07 - [MESSAGE][PASSED] - Delayed 3 second(s)

2022-11-10 17:33:07 - [TEST_STEP][PASSED] - code = getText(findTestObject("Object Repository/06-Teams/For 2FA/2FA code")): Text of object 'Object Repository/06-Teams/For 2FA/2FA code' is: '069511'

2022-11-10 17:33:08 - [MESSAGE][PASSED] - Text of object 'Object Repository/06-Teams/For 2FA/2FA code' is: '069511'

2022-11-10 17:33:08 - [TEST_STEP][PASSED] - delay(3): Delayed 3 second(s)

2022-11-10 17:33:11 - [MESSAGE][PASSED] - Delayed 3 second(s)

2022-11-10 17:33:11 - [TEST_STEP][PASSED] - closeWindowTitle("Mailinator"): Window with title: 'Mailinator' is closed

2022-11-10 17:33:11 - [MESSAGE][PASSED] - Window with title: 'Mailinator' is closed

2022-11-10 17:33:11 - [TEST_STEP][PASSED] - delay(3): Delayed 3 second(s)

2022-11-10 17:33:14 - [MESSAGE][PASSED] - Delayed 3 second(s)

2022-11-10 17:33:14 - [TEST_STEP][PASSED] - switchToWindowIndex(0): Switched to window with index: '0'

2022-11-10 17:33:14 - [MESSAGE][PASSED] - Switched to window with index: '0'

2022-11-10 17:33:14 - [TEST_STEP][PASSED] - delay(3): Delayed 3 second(s)

2022-11-10 17:33:17 - [MESSAGE][PASSED] - Delayed 3 second(s)

2022-11-10 17:33:17 - [TEST_STEP][PASSED] - setText(findTestObject("Object Repository/06-Teams/For 2FA/input_Enter verification code_code"), code): Text '069511' is set on object 'Object Repository/06-Teams/For 2FA/input_Enter verification code_code'

2022-11-10 17:33:18 - [MESSAGE][PASSED] - Text '069511' is set on object 'Object Repository/06-Teams/For 2FA/input_Enter verification code_code'

2022-11-10 17:33:18 - [TEST_STEP][PASSED] - delay(3): Delayed 3 second(s)

2022-11-10 17:33:21 - [MESSAGE][PASSED] - Delayed 3 second(s)

2022-11-10 17:33:21 - [TEST_STEP][PASSED] - click(findTestObject("06-Teams/For 2FA/button_Verify_2FA")): Object: 'Object Repository/06-Teams/For 2FA/button_Verify_2FA' is clicked on

2022-11-10 17:33:22 - [MESSAGE][PASSED] - Object: 'Object Repository/06-Teams/For 2FA/button_Verify_2FA' is clicked on

2022-11-10 17:33:22 - [TEST_STEP][PASSED] - delay(5): Delayed 5 second(s)

2022-11-10 17:33:27 - [MESSAGE][PASSED] - Delayed 5 second(s)

2022-11-10 17:33:27 - [TEST_STEP][PASSED] - click(findTestObject("06-Teams/button_doublearrow")): Object: 'Object Repository/06-Teams/button_doublearrow' is clicked on

2022-11-10 17:33:29 - [MESSAGE][PASSED] - Object: 'Object Repository/06-Teams/button_doublearrow' is clicked on

2022-11-10 17:33:29 - [TEST_STEP][PASSED] - click(findTestObject("06-Teams/button_My Organizations")): Object: 'Object Repository/06-Teams/button_My Organizations' is clicked on

2022-11-10 17:33:31 - [MESSAGE][PASSED] - Object: 'Object Repository/06-Teams/button_My Organizations' is clicked on

2022-11-10 17:33:31 - [TEST_STEP][PASSED] - click(findTestObject("02-Side Icons(Organization)/Add Contact/button_Automation Test Org")): Object: 'Object Repository/02-Side Icons(Organization)/Add Contact/button_Automation Test Org' is clicked on

2022-11-10 17:33:32 - [MESSAGE][PASSED] - Object: 'Object Repository/02-Side Icons(Organization)/Add Contact/button_Automation Test Org' is clicked on

2022-11-10 17:33:32 - [TEST_STEP][PASSED] - delay(4): Delayed 4 second(s)

2022-11-10 17:33:36 - [MESSAGE][PASSED] - Delayed 4 second(s)

2022-11-10 17:33:36 - [TEST_STEP][PASSED] - verifyElementVisible(findTestObject("02-Side Icons(Organization)/Add Contact/span_Automation Test Org")): Object 'Object Repository/02-Side Icons(Organization)/Add Contact/span_Automation Test Org' is visible

2022-11-10 17:33:37 - [MESSAGE][PASSED] - Object 'Object Repository/02-Side Icons(Organization)/Add Contact/span_Automation Test Org' is visible

2022-11-10 17:33:37 - [TEST_STEP][PASSED] - delay(10): Delayed 10 second(s)

2022-11-10 17:33:47 - [MESSAGE][PASSED] - Delayed 10 second(s)

2022-11-10 17:33:47 - [TEST_STEP][PASSED] - click(findTestObject("03-Header Menu/Hamburger Button/div_Cloud Files")): Object: 'Object Repository/03-Header Menu/Hamburger Button/div_Cloud Files' is clicked on

2022-11-10 17:33:47 - [MESSAGE][PASSED] - Object: 'Object Repository/03-Header Menu/Hamburger Button/div_Cloud Files' is clicked on

2022-11-10 17:33:47 - [TEST_STEP][PASSED] - verifyElementVisible(findTestObject("11-Cloud Files/h4_CLOUD FILES")): Object 'Object Repository/11-Cloud Files/h4_CLOUD FILES' is visible

2022-11-10 17:33:48 - [MESSAGE][PASSED] - Object 'Object Repository/11-Cloud Files/h4_CLOUD FILES' is visible

2022-11-10 17:33:48 - [TEST_STEP][PASSED] - click(findTestObject("11-Cloud Files/a_My Files")): Object: 'Object Repository/11-Cloud Files/a_My Files' is clicked on

2022-11-10 17:33:49 - [MESSAGE][PASSED] - Object: 'Object Repository/11-Cloud Files/a_My Files' is clicked on

2022-11-10 17:33:49 - [TEST_STEP][PASSED] - delay(3): Delayed 3 second(s)

2022-11-10 17:33:52 - [MESSAGE][PASSED] - Delayed 3 second(s)

2022-11-10 17:33:52 - [TEST_STEP][PASSED] - click(findTestObject("11-Cloud Files/button_cloud_upload Upload Files  Create Folders")): Object: 'Object Repository/11-Cloud Files/button_cloud_upload Upload Files  Create Folders' is clicked on

2022-11-10 17:33:52 - [MESSAGE][PASSED] - Object: 'Object Repository/11-Cloud Files/button_cloud_upload Upload Files  Create Folders' is clicked on

2022-11-10 17:33:52 - [TEST_STEP][PASSED] - click(findTestObject("11-Cloud Files/button_create_new_folderNew Folder")): Object: 'Object Repository/11-Cloud Files/button_create_new_folderNew Folder' is clicked on

2022-11-10 17:33:53 - [MESSAGE][PASSED] - Object: 'Object Repository/11-Cloud Files/button_create_new_folderNew Folder' is clicked on

2022-11-10 17:33:53 - [TEST_STEP][PASSED] - verifyElementVisible(findTestObject("11-Cloud Files/mat-dialog-container_CreateNewFolder modal")): Object 'Object Repository/11-Cloud Files/mat-dialog-container_CreateNewFolder modal' is visible

2022-11-10 17:33:54 - [MESSAGE][PASSED] - Object 'Object Repository/11-Cloud Files/mat-dialog-container_CreateNewFolder modal' is visible

2022-11-10 17:33:54 - [TEST_STEP][PASSED] - verifyElementVisible(findTestObject("11-Cloud Files/h4_New folder")): Object 'Object Repository/11-Cloud Files/h4_New folder' is visible

2022-11-10 17:33:54 - [MESSAGE][PASSED] - Object 'Object Repository/11-Cloud Files/h4_New folder' is visible

2022-11-10 17:33:54 - [TEST_STEP][PASSED] - click(findTestObject("09-Settings/Users/Active User/button_Cancel_restore")): Object: 'Object Repository/09-Settings/Users/Active User/button_Cancel_restore' is clicked on

2022-11-10 17:33:54 - [MESSAGE][PASSED] - Object: 'Object Repository/09-Settings/Users/Active User/button_Cancel_restore' is clicked on

2022-11-10 17:33:54 - [TEST_STEP][PASSED] - delay(3): Delayed 3 second(s)

2022-11-10 17:33:58 - [MESSAGE][PASSED] - Delayed 3 second(s)

2022-11-10 17:33:58 - [TEST_STEP][PASSED] - click(findTestObject("11-Cloud Files/button_cloud_upload Upload Files  Create Folders")): Object: 'Object Repository/11-Cloud Files/button_cloud_upload Upload Files  Create Folders' is clicked on

2022-11-10 17:33:58 - [MESSAGE][PASSED] - Object: 'Object Repository/11-Cloud Files/button_cloud_upload Upload Files  Create Folders' is clicked on

2022-11-10 17:33:58 - [TEST_STEP][PASSED] - click(findTestObject("11-Cloud Files/button_create_new_folderNew Folder")): Object: 'Object Repository/11-Cloud Files/button_create_new_folderNew Folder' is clicked on

2022-11-10 17:33:59 - [MESSAGE][PASSED] - Object: 'Object Repository/11-Cloud Files/button_create_new_folderNew Folder' is clicked on

2022-11-10 17:33:59 - [TEST_STEP][PASSED] - verifyElementVisible(findTestObject("11-Cloud Files/mat-dialog-container_CreateNewFolder modal")): Object 'Object Repository/11-Cloud Files/mat-dialog-container_CreateNewFolder modal' is visible

2022-11-10 17:33:59 - [MESSAGE][PASSED] - Object 'Object Repository/11-Cloud Files/mat-dialog-container_CreateNewFolder modal' is visible

2022-11-10 17:33:59 - [TEST_STEP][PASSED] - verifyElementVisible(findTestObject("11-Cloud Files/h4_New folder")): Object 'Object Repository/11-Cloud Files/h4_New folder' is visible

2022-11-10 17:34:00 - [MESSAGE][PASSED] - Object 'Object Repository/11-Cloud Files/h4_New folder' is visible

2022-11-10 17:34:00 - [TEST_STEP][PASSED] - setText(findTestObject("11-Cloud Files/input_folderName"), "Automation folder"): Text 'Automation folder' is set on object 'Object Repository/11-Cloud Files/input_folderName'

2022-11-10 17:34:00 - [MESSAGE][PASSED] - Text 'Automation folder' is set on object 'Object Repository/11-Cloud Files/input_folderName'

2022-11-10 17:34:00 - [TEST_STEP][PASSED] - click(findTestObject("11-Cloud Files/button_Confirm")): Object: 'Object Repository/11-Cloud Files/button_Confirm' is clicked on

2022-11-10 17:34:01 - [MESSAGE][PASSED] - Object: 'Object Repository/11-Cloud Files/button_Confirm' is clicked on

2022-11-10 17:34:01 - [TEST_STEP][PASSED] - delay(3): Delayed 3 second(s)

2022-11-10 17:34:04 - [MESSAGE][PASSED] - Delayed 3 second(s)

2022-11-10 17:34:04 - [TEST_STEP][PASSED] - click(findTestObject("11-Cloud Files/mat-icon_refresh")): Object: 'Object Repository/11-Cloud Files/mat-icon_refresh' is clicked on

2022-11-10 17:34:04 - [MESSAGE][PASSED] - Object: 'Object Repository/11-Cloud Files/mat-icon_refresh' is clicked on

2022-11-10 17:34:04 - [TEST_STEP][PASSED] - verifyElementVisible(findTestObject("11-Cloud Files/td_Automation folder")): Object 'Object Repository/11-Cloud Files/td_Automation folder' is visible

2022-11-10 17:34:05 - [MESSAGE][PASSED] - Object 'Object Repository/11-Cloud Files/td_Automation folder' is visible

2022-11-10 17:34:05 - [TEST_STEP][PASSED] - delay(3): Delayed 3 second(s)

2022-11-10 17:34:08 - [MESSAGE][PASSED] - Delayed 3 second(s)

2022-11-10 17:34:08 - [TEST_STEP][PASSED] - setText(findTestObject("11-Cloud Files/input_Search cloudfiles"), "Automation folder"): Text 'Automation folder' is set on object 'Object Repository/11-Cloud Files/input_Search cloudfiles'

2022-11-10 17:34:09 - [MESSAGE][PASSED] - Text 'Automation folder' is set on object 'Object Repository/11-Cloud Files/input_Search cloudfiles'

2022-11-10 17:34:09 - [TEST_STEP][PASSED] - sendKeys(findTestObject("11-Cloud Files/input_Search cloudfiles"), Keys.chord(ENTER)): Keys 'ENTER + ' sent to object: 'Object Repository/11-Cloud Files/input_Search cloudfiles'

2022-11-10 17:34:10 - [MESSAGE][PASSED] - Keys 'ENTER + ' sent to object: 'Object Repository/11-Cloud Files/input_Search cloudfiles'

2022-11-10 17:34:10 - [TEST_STEP][PASSED] - verifyElementVisible(findTestObject("11-Cloud Files/td_Automation folder")): Object 'Object Repository/11-Cloud Files/td_Automation folder' is visible

2022-11-10 17:34:10 - [MESSAGE][PASSED] - Object 'Object Repository/11-Cloud Files/td_Automation folder' is visible

2022-11-10 17:34:10 - [TEST_STEP][PASSED] - click(findTestObject("11-Cloud Files/mat-icon_refresh")): Object: 'Object Repository/11-Cloud Files/mat-icon_refresh' is clicked on

2022-11-10 17:34:10 - [MESSAGE][PASSED] - Object: 'Object Repository/11-Cloud Files/mat-icon_refresh' is clicked on]]></system-out>
         <system-err><![CDATA[]]></system-err>
      </testcase>
      <testcase name="Test Cases/11-Cloud Files/02-Upload Local File" time="12.022" classname="Test Cases/11-Cloud Files/02-Upload Local File" status="PASSED">
         <system-out><![CDATA[2022-11-10 17:34:10 - [TEST_CASE][PASSED] - Test Cases/11-Cloud Files/02-Upload Local File: Test Cases/11-Cloud Files/02-Upload Local File

2022-11-10 17:34:11 - [TEST_STEP][PASSED] - delay(4): Delayed 4 second(s)

2022-11-10 17:34:15 - [MESSAGE][PASSED] - Delayed 4 second(s)

2022-11-10 17:34:15 - [TEST_STEP][PASSED] - click(findTestObject("11-Cloud Files/button_cloud_upload Upload Files  Create Folders")): Object: 'Object Repository/11-Cloud Files/button_cloud_upload Upload Files  Create Folders' is clicked on

2022-11-10 17:34:15 - [MESSAGE][PASSED] - Object: 'Object Repository/11-Cloud Files/button_cloud_upload Upload Files  Create Folders' is clicked on

2022-11-10 17:34:15 - [TEST_STEP][PASSED] - uploadpackage.Upload.uploadFile(findTestObject("Object Repository/11-Cloud Files/button_cloud_uploadUpload Local File"), "C:\Users\User\Desktop\EL automation\qa.jpg"): uploadpackage.Upload.uploadFile is PASSED

2022-11-10 17:34:16 - [MESSAGE][PASSED] - Object: 'Object Repository/11-Cloud Files/button_cloud_uploadUpload Local File' is clicked on

2022-11-10 17:34:16 - [MESSAGE][PASSED] - uploadpackage.Upload.uploadFile is PASSED

2022-11-10 17:34:16 - [TEST_STEP][PASSED] - delay(2): Delayed 2 second(s)

2022-11-10 17:34:18 - [MESSAGE][PASSED] - Delayed 2 second(s)

2022-11-10 17:34:18 - [TEST_STEP][PASSED] - verifyElementVisible(findTestObject("11-Cloud Files/mat-dialog-container_Upload local file modal")): Object 'Object Repository/11-Cloud Files/mat-dialog-container_Upload local file modal' is visible

2022-11-10 17:34:19 - [MESSAGE][PASSED] - Object 'Object Repository/11-Cloud Files/mat-dialog-container_Upload local file modal' is visible

2022-11-10 17:34:19 - [TEST_STEP][PASSED] - click(findTestObject("11-Cloud Files/button_Confirm")): Object: 'Object Repository/11-Cloud Files/button_Confirm' is clicked on

2022-11-10 17:34:19 - [MESSAGE][PASSED] - Object: 'Object Repository/11-Cloud Files/button_Confirm' is clicked on

2022-11-10 17:34:19 - [TEST_STEP][PASSED] - delay(3): Delayed 3 second(s)

2022-11-10 17:34:22 - [MESSAGE][PASSED] - Delayed 3 second(s)

2022-11-10 17:34:22 - [TEST_STEP][PASSED] - verifyElementVisible(findTestObject("11-Cloud Files/div_Upload completed clear")): Object 'Object Repository/11-Cloud Files/div_Upload completed clear' is visible

2022-11-10 17:34:22 - [MESSAGE][PASSED] - Object 'Object Repository/11-Cloud Files/div_Upload completed clear' is visible]]></system-out>
         <system-err><![CDATA[]]></system-err>
      </testcase>
      <testcase name="Test Cases/11-Cloud Files/03-Rename a folder" time="13.865" classname="Test Cases/11-Cloud Files/03-Rename a folder" status="PASSED">
         <system-out><![CDATA[2022-11-10 17:34:22 - [TEST_CASE][PASSED] - Test Cases/11-Cloud Files/03-Rename a folder: Test Cases/11-Cloud Files/03-Rename a folder

2022-11-10 17:34:23 - [TEST_STEP][PASSED] - delay(3): Delayed 3 second(s)

2022-11-10 17:34:26 - [MESSAGE][PASSED] - Delayed 3 second(s)

2022-11-10 17:34:26 - [TEST_STEP][PASSED] - rightClick(findTestObject("11-Cloud Files/td_Automation folder")): Object: 'Object Repository/11-Cloud Files/td_Automation folder' is right clicked on

2022-11-10 17:34:26 - [MESSAGE][PASSED] - Object: 'Object Repository/11-Cloud Files/td_Automation folder' is right clicked on

2022-11-10 17:34:26 - [TEST_STEP][PASSED] - click(findTestObject("11-Cloud Files/button_Rename")): Object: 'Object Repository/11-Cloud Files/button_Rename' is clicked on

2022-11-10 17:34:27 - [MESSAGE][PASSED] - Object: 'Object Repository/11-Cloud Files/button_Rename' is clicked on

2022-11-10 17:34:27 - [TEST_STEP][PASSED] - verifyElementVisible(findTestObject("11-Cloud Files/mat-dialog-container_RenameName nodal")): Object 'Object Repository/11-Cloud Files/mat-dialog-container_RenameName nodal' is visible

2022-11-10 17:34:28 - [MESSAGE][PASSED] - Object 'Object Repository/11-Cloud Files/mat-dialog-container_RenameName nodal' is visible

2022-11-10 17:34:28 - [TEST_STEP][PASSED] - click(findTestObject("09-Settings/Users/Active User/button_Cancel_restore")): Object: 'Object Repository/09-Settings/Users/Active User/button_Cancel_restore' is clicked on

2022-11-10 17:34:28 - [MESSAGE][PASSED] - Object: 'Object Repository/09-Settings/Users/Active User/button_Cancel_restore' is clicked on

2022-11-10 17:34:28 - [TEST_STEP][PASSED] - delay(3): Delayed 3 second(s)

2022-11-10 17:34:31 - [MESSAGE][PASSED] - Delayed 3 second(s)

2022-11-10 17:34:31 - [TEST_STEP][PASSED] - rightClick(findTestObject("11-Cloud Files/td_Automation folder")): Object: 'Object Repository/11-Cloud Files/td_Automation folder' is right clicked on

2022-11-10 17:34:32 - [MESSAGE][PASSED] - Object: 'Object Repository/11-Cloud Files/td_Automation folder' is right clicked on

2022-11-10 17:34:32 - [TEST_STEP][PASSED] - click(findTestObject("11-Cloud Files/button_Rename")): Object: 'Object Repository/11-Cloud Files/button_Rename' is clicked on

2022-11-10 17:34:32 - [MESSAGE][PASSED] - Object: 'Object Repository/11-Cloud Files/button_Rename' is clicked on

2022-11-10 17:34:32 - [TEST_STEP][PASSED] - verifyElementVisible(findTestObject("11-Cloud Files/mat-dialog-container_RenameName nodal")): Object 'Object Repository/11-Cloud Files/mat-dialog-container_RenameName nodal' is visible

2022-11-10 17:34:33 - [MESSAGE][PASSED] - Object 'Object Repository/11-Cloud Files/mat-dialog-container_RenameName nodal' is visible

2022-11-10 17:34:33 - [TEST_STEP][PASSED] - setText(findTestObject("11-Cloud Files/input_Rename"), "Automation folder EDIT"): Text 'Automation folder EDIT' is set on object 'Object Repository/11-Cloud Files/input_Rename'

2022-11-10 17:34:34 - [MESSAGE][PASSED] - Text 'Automation folder EDIT' is set on object 'Object Repository/11-Cloud Files/input_Rename'

2022-11-10 17:34:34 - [TEST_STEP][PASSED] - click(findTestObject("09-Settings/Users/Active User/button_Save")): Object: 'Object Repository/09-Settings/Users/Active User/button_Save' is clicked on

2022-11-10 17:34:34 - [MESSAGE][PASSED] - Object: 'Object Repository/09-Settings/Users/Active User/button_Save' is clicked on

2022-11-10 17:34:34 - [TEST_STEP][PASSED] - verifyElementVisible(findTestObject("11-Cloud Files/snack-bar-container_Successfully changed nameOK")): Object 'Object Repository/11-Cloud Files/snack-bar-container_Successfully changed nameOK' is visible

2022-11-10 17:34:36 - [MESSAGE][PASSED] - Object 'Object Repository/11-Cloud Files/snack-bar-container_Successfully changed nameOK' is visible]]></system-out>
         <system-err><![CDATA[]]></system-err>
      </testcase>
      <testcase name="Test Cases/11-Cloud Files/04-Rename a file" time="8.529" classname="Test Cases/11-Cloud Files/04-Rename a file" status="PASSED">
         <system-out><![CDATA[2022-11-10 17:34:36 - [TEST_CASE][PASSED] - Test Cases/11-Cloud Files/04-Rename a file: Test Cases/11-Cloud Files/04-Rename a file

2022-11-10 17:34:37 - [TEST_STEP][PASSED] - delay(3): Delayed 3 second(s)

2022-11-10 17:34:40 - [MESSAGE][PASSED] - Delayed 3 second(s)

2022-11-10 17:34:40 - [TEST_STEP][PASSED] - rightClick(findTestObject("11-Cloud Files/td_qa")): Object: 'Object Repository/11-Cloud Files/td_qa' is right clicked on

2022-11-10 17:34:40 - [MESSAGE][PASSED] - Object: 'Object Repository/11-Cloud Files/td_qa' is right clicked on

2022-11-10 17:34:40 - [TEST_STEP][PASSED] - click(findTestObject("11-Cloud Files/button_Rename")): Object: 'Object Repository/11-Cloud Files/button_Rename' is clicked on

2022-11-10 17:34:41 - [MESSAGE][PASSED] - Object: 'Object Repository/11-Cloud Files/button_Rename' is clicked on

2022-11-10 17:34:41 - [TEST_STEP][PASSED] - verifyElementVisible(findTestObject("11-Cloud Files/mat-dialog-container_RenameName nodal")): Object 'Object Repository/11-Cloud Files/mat-dialog-container_RenameName nodal' is visible

2022-11-10 17:34:42 - [MESSAGE][PASSED] - Object 'Object Repository/11-Cloud Files/mat-dialog-container_RenameName nodal' is visible

2022-11-10 17:34:42 - [TEST_STEP][PASSED] - setText(findTestObject("11-Cloud Files/input_Rename"), "qa EDIT"): Text 'qa EDIT' is set on object 'Object Repository/11-Cloud Files/input_Rename'

2022-11-10 17:34:43 - [MESSAGE][PASSED] - Text 'qa EDIT' is set on object 'Object Repository/11-Cloud Files/input_Rename'

2022-11-10 17:34:43 - [TEST_STEP][PASSED] - click(findTestObject("09-Settings/Users/Active User/button_Save")): Object: 'Object Repository/09-Settings/Users/Active User/button_Save' is clicked on

2022-11-10 17:34:43 - [MESSAGE][PASSED] - Object: 'Object Repository/09-Settings/Users/Active User/button_Save' is clicked on

2022-11-10 17:34:43 - [TEST_STEP][PASSED] - verifyElementVisible(findTestObject("11-Cloud Files/snack-bar-container_Successfully changed nameOK")): Object 'Object Repository/11-Cloud Files/snack-bar-container_Successfully changed nameOK' is visible

2022-11-10 17:34:45 - [MESSAGE][PASSED] - Object 'Object Repository/11-Cloud Files/snack-bar-container_Successfully changed nameOK' is visible]]></system-out>
         <system-err><![CDATA[]]></system-err>
      </testcase>
      <testcase name="Test Cases/11-Cloud Files/05-Download a file" time="7.461" classname="Test Cases/11-Cloud Files/05-Download a file" status="PASSED">
         <system-out><![CDATA[2022-11-10 17:34:45 - [TEST_CASE][PASSED] - Test Cases/11-Cloud Files/05-Download a file: Test Cases/11-Cloud Files/05-Download a file

2022-11-10 17:34:45 - [TEST_STEP][PASSED] - delay(3): Delayed 3 second(s)

2022-11-10 17:34:48 - [MESSAGE][PASSED] - Delayed 3 second(s)

2022-11-10 17:34:48 - [TEST_STEP][PASSED] - rightClick(findTestObject("11-Cloud Files/td_qa EDIT")): Object: 'Object Repository/11-Cloud Files/td_qa EDIT' is right clicked on

2022-11-10 17:34:49 - [MESSAGE][PASSED] - Object: 'Object Repository/11-Cloud Files/td_qa EDIT' is right clicked on

2022-11-10 17:34:49 - [TEST_STEP][PASSED] - click(findTestObject("11-Cloud Files/button_download")): Object: 'Object Repository/11-Cloud Files/button_download' is clicked on

2022-11-10 17:34:49 - [MESSAGE][PASSED] - Object: 'Object Repository/11-Cloud Files/button_download' is clicked on

2022-11-10 17:34:49 - [TEST_STEP][PASSED] - verifyElementVisible(findTestObject("11-Cloud Files/div_Done downloading qaclear")): Object 'Object Repository/11-Cloud Files/div_Done downloading qaclear' is visible

2022-11-10 17:34:52 - [MESSAGE][PASSED] - Object 'Object Repository/11-Cloud Files/div_Done downloading qaclear' is visible]]></system-out>
         <system-err><![CDATA[]]></system-err>
      </testcase>
      <testcase name="Test Cases/11-Cloud Files/06-Open a file" time="6.88" classname="Test Cases/11-Cloud Files/06-Open a file" status="PASSED">
         <system-out><![CDATA[2022-11-10 17:34:52 - [TEST_CASE][PASSED] - Test Cases/11-Cloud Files/06-Open a file: Test Cases/11-Cloud Files/06-Open a file

2022-11-10 17:34:53 - [TEST_STEP][PASSED] - delay(3): Delayed 3 second(s)

2022-11-10 17:34:56 - [MESSAGE][PASSED] - Delayed 3 second(s)

2022-11-10 17:34:56 - [TEST_STEP][PASSED] - rightClick(findTestObject("11-Cloud Files/td_qa EDIT")): Object: 'Object Repository/11-Cloud Files/td_qa EDIT' is right clicked on

2022-11-10 17:34:56 - [MESSAGE][PASSED] - Object: 'Object Repository/11-Cloud Files/td_qa EDIT' is right clicked on

2022-11-10 17:34:56 - [TEST_STEP][PASSED] - click(findTestObject("11-Cloud Files/button_Open")): Object: 'Object Repository/11-Cloud Files/button_Open' is clicked on

2022-11-10 17:34:57 - [MESSAGE][PASSED] - Object: 'Object Repository/11-Cloud Files/button_Open' is clicked on

2022-11-10 17:34:57 - [TEST_STEP][PASSED] - closeWindowIndex(1): Window with index 1 is closed

2022-11-10 17:34:59 - [MESSAGE][PASSED] - Window with index 1 is closed]]></system-out>
         <system-err><![CDATA[]]></system-err>
      </testcase>
      <system-out><![CDATA[2022-11-10 17:32:13 - [TEST_SUITE][PASSED] - 11-Cloud Files: Test Cases/11-Cloud Files/06-Open a file]]></system-out>
      <system-err><![CDATA[]]></system-err>
   </testsuite>
</testsuites>
