<?xml version="1.0" encoding="UTF-8"?>
<testsuites name="09.1 - Settings (Invite users)" time="1039.798" tests="5" failures="0" errors="0">
   <testsuite name="09.1 - Settings (Invite users)" tests="5" failures="0" errors="0" time="1039.798" skipped="0" timestamp="2023-05-23 10:32:30" hostname="Mike - LAPTOP-LF5VTH4H" id="Test Suites/TS-Organization/09.1 - Settings (Invite users)">
      <properties>
         <property name="deviceName" value=""/>
         <property name="devicePlatform" value=""/>
         <property name="logFolder" value="D:\\Users\\Michelle\\Project\\Everleagues\\Reports\\20230523_103223\\TS-Organization\\09.1 - Settings (Invite users)\\20230523_103223"/>
         <property name="logFiles" value="D:\\Users\\Michelle\\Project\\Everleagues\\Reports\\20230523_103223\\TS-Organization\\09.1 - Settings (Invite users)\\20230523_103223\\execution0.log"/>
         <property name="attachments" value=""/>
         <property name="hostName" value="Mike - LAPTOP-LF5VTH4H"/>
         <property name="os" value="Windows 10 64bit"/>
         <property name="katalonVersion" value="8.6.0.208"/>
         <property name="browser" value="Chrome 113.0.0.0"/>
         <property name="hostAddress" value="192.168.100.69"/>
         <property name="sessionId" value="ddf10de35ebb8f9d8af7b36196477be3"/>
         <property name="seleniumVersion" value="3.141.59"/>
         <property name="proxyInformation" value="ProxyInformation { proxyOption=NO_PROXY, proxyServerType=HTTP, username=, password=********, proxyServerAddress=, proxyServerPort=0, executionList=&quot;&quot;, isApplyToDesiredCapabilities=true }"/>
         <property name="platform" value="Windows 10"/>
      </properties>
      <testcase name="Test Cases/09-Settings/01 - Users (Invite new user but field are blank)" time="112.891" classname="Test Cases/09-Settings/01 - Users (Invite new user but field are blank)" status="PASSED">
         <system-out><![CDATA[2023-05-23 10:32:31 - [TEST_CASE][PASSED] - Test Cases/09-Settings/01 - Users (Invite new user but field are blank): Test Cases/09-Settings/01 - Users (Invite new user but field are blank)

2023-05-23 10:32:32 - [TEST_STEP][PASSED] - openBrowser(""): Browser is opened with url: ''

2023-05-23 10:32:32 - [MESSAGE][INFO] - Starting 'Chrome' driver

2023-05-23 10:32:32 - [MESSAGE][INFO] - Action delay is set to 0 milliseconds

2023-05-23 10:32:39 - [MESSAGE][PASSED] - Browser is opened with url: ''

2023-05-23 10:32:39 - [TEST_STEP][PASSED] - navigateToUrl(appURL): Navigate to 'https://lab.everleagues.com/' successfully

2023-05-23 10:32:50 - [MESSAGE][PASSED] - Navigate to 'https://lab.everleagues.com/' successfully

2023-05-23 10:32:50 - [TEST_STEP][PASSED] - maximizeWindow(): Current window maximized

2023-05-23 10:32:50 - [MESSAGE][PASSED] - Current window maximized

2023-05-23 10:32:50 - [TEST_STEP][PASSED] - callTestCase(findTestCase("01-Login and Forgot Password/04-Login(Valid Credentials-With Subscription)"), [:], STOP_ON_FAILURE): Call Test Case 'Test Cases/01-Login and Forgot Password/04-Login(Valid Credentials-With Subscription)' successfully

2023-05-23 10:32:51 - [TEST_CASE][PASSED] - Test Cases/01-Login and Forgot Password/04-Login(Valid Credentials-With Subscription): Test Cases/01-Login and Forgot Password/04-Login(Valid Credentials-With Subscription)

2023-05-23 10:32:53 - [TEST_STEP][PASSED] - setText(findTestObject("01-Login and Forgot Password/input_Email_email"), email_with_subscription): Text 'testuser05@mailinator.com' is set on object 'Object Repository/01-Login and Forgot Password/input_Email_email'

2023-05-23 10:32:56 - [MESSAGE][PASSED] - Text 'testuser05@mailinator.com' is set on object 'Object Repository/01-Login and Forgot Password/input_Email_email'

2023-05-23 10:32:56 - [TEST_STEP][PASSED] - setEncryptedText(findTestObject("01-Login and Forgot Password/input_Email_password"), password): Text ****** has been set on object 'Object Repository/01-Login and Forgot Password/input_Email_password'

2023-05-23 10:32:57 - [MESSAGE][PASSED] - Text ****** has been set on object 'Object Repository/01-Login and Forgot Password/input_Email_password'

2023-05-23 10:32:57 - [TEST_STEP][PASSED] - delay(delay_2seconds): Delayed 2 second(s)

2023-05-23 10:32:59 - [MESSAGE][PASSED] - Delayed 2 second(s)

2023-05-23 10:32:59 - [TEST_STEP][PASSED] - click(findTestObject("01-Login and Forgot Password/show pass button")): Object: 'Object Repository/01-Login and Forgot Password/show pass button' is clicked on

2023-05-23 10:32:59 - [MESSAGE][PASSED] - Object: 'Object Repository/01-Login and Forgot Password/show pass button' is clicked on

2023-05-23 10:32:59 - [TEST_STEP][PASSED] - delay(delay_3seconds): Delayed 3 second(s)

2023-05-23 10:33:02 - [MESSAGE][PASSED] - Delayed 3 second(s)

2023-05-23 10:33:02 - [TEST_STEP][PASSED] - click(findTestObject("01-Login and Forgot Password/button_Sign in")): Object: 'Object Repository/01-Login and Forgot Password/button_Sign in' is clicked on

2023-05-23 10:33:03 - [MESSAGE][PASSED] - Object: 'Object Repository/01-Login and Forgot Password/button_Sign in' is clicked on

2023-05-23 10:33:03 - [TEST_STEP][PASSED] - delay(delay_3seconds): Delayed 3 second(s)

2023-05-23 10:33:06 - [MESSAGE][PASSED] - Delayed 3 second(s)

2023-05-23 10:33:06 - [TEST_STEP][PASSED] - click(findTestObject("06-Teams/For 2FA/button_Confirm_2FA")): Object: 'Object Repository/06-Teams/For 2FA/button_Confirm_2FA' is clicked on

2023-05-23 10:33:06 - [MESSAGE][PASSED] - Object: 'Object Repository/06-Teams/For 2FA/button_Confirm_2FA' is clicked on

2023-05-23 10:33:06 - [TEST_STEP][PASSED] - executeJavaScript("window.open();", []): Execute JavaScript 'window.open();' successfully

2023-05-23 10:33:07 - [MESSAGE][PASSED] - Execute JavaScript 'window.open();' successfully

2023-05-23 10:33:07 - [TEST_STEP][PASSED] - currentWindow = getWindowIndex(): Current window's index is: 0

2023-05-23 10:33:07 - [MESSAGE][PASSED] - Current window's index is: 0

2023-05-23 10:33:07 - [TEST_STEP][PASSED] - delay(delay_3seconds): Delayed 3 second(s)

2023-05-23 10:33:10 - [MESSAGE][PASSED] - Delayed 3 second(s)

2023-05-23 10:33:10 - [TEST_STEP][PASSED] - switchToWindowIndex(currentWindow + 1): Switched to window with index: '1'

2023-05-23 10:33:10 - [MESSAGE][PASSED] - Switched to window with index: '1'

2023-05-23 10:33:10 - [TEST_STEP][PASSED] - navigateToUrl(app_mailinator): Navigate to 'https://www.mailinator.com/' successfully

2023-05-23 10:33:13 - [MESSAGE][PASSED] - Navigate to 'https://www.mailinator.com/' successfully

2023-05-23 10:33:13 - [TEST_STEP][PASSED] - delay(delay_3seconds): Delayed 3 second(s)

2023-05-23 10:33:16 - [MESSAGE][PASSED] - Delayed 3 second(s)

2023-05-23 10:33:16 - [TEST_STEP][PASSED] - setText(findTestObject("00-Signup and Activation/zMailinator/input_LOGIN_search"), email_for_searchmailinator_testuser05): Text 'testuser05@mailinator.com' is set on object 'Object Repository/00-Signup and Activation/zMailinator/input_LOGIN_search'

2023-05-23 10:33:17 - [MESSAGE][PASSED] - Text 'testuser05@mailinator.com' is set on object 'Object Repository/00-Signup and Activation/zMailinator/input_LOGIN_search'

2023-05-23 10:33:17 - [TEST_STEP][PASSED] - click(findTestObject("00-Signup and Activation/zMailinator/gobutton"), STOP_ON_FAILURE): Object: 'Object Repository/00-Signup and Activation/zMailinator/gobutton' is clicked on

2023-05-23 10:33:20 - [MESSAGE][PASSED] - Object: 'Object Repository/00-Signup and Activation/zMailinator/gobutton' is clicked on

2023-05-23 10:33:20 - [TEST_STEP][PASSED] - delay(delay_3seconds): Delayed 3 second(s)

2023-05-23 10:33:23 - [MESSAGE][PASSED] - Delayed 3 second(s)

2023-05-23 10:33:23 - [TEST_STEP][PASSED] - click(findTestObject("00-Signup and Activation/zMailinator/Email - everleagues")): Object: 'Object Repository/00-Signup and Activation/zMailinator/Email - everleagues' is clicked on

2023-05-23 10:33:23 - [MESSAGE][PASSED] - Object: 'Object Repository/00-Signup and Activation/zMailinator/Email - everleagues' is clicked on

2023-05-23 10:33:24 - [TEST_STEP][PASSED] - delay(delay_3seconds): Delayed 3 second(s)

2023-05-23 10:33:27 - [MESSAGE][PASSED] - Delayed 3 second(s)

2023-05-23 10:33:27 - [TEST_STEP][PASSED] - code = getText(findTestObject("Object Repository/06-Teams/For 2FA/2FA code")): Text of object 'Object Repository/06-Teams/For 2FA/2FA code' is: '051144'

2023-05-23 10:33:27 - [MESSAGE][PASSED] - Text of object 'Object Repository/06-Teams/For 2FA/2FA code' is: '051144'

2023-05-23 10:33:27 - [TEST_STEP][PASSED] - delay(delay_3seconds): Delayed 3 second(s)

2023-05-23 10:33:31 - [MESSAGE][PASSED] - Delayed 3 second(s)

2023-05-23 10:33:31 - [TEST_STEP][PASSED] - closeWindowTitle("Mailinator"): Window with title: 'Mailinator' is closed

2023-05-23 10:33:31 - [MESSAGE][PASSED] - Window with title: 'Mailinator' is closed

2023-05-23 10:33:31 - [TEST_STEP][PASSED] - delay(delay_3seconds): Delayed 3 second(s)

2023-05-23 10:33:34 - [MESSAGE][PASSED] - Delayed 3 second(s)

2023-05-23 10:33:34 - [TEST_STEP][PASSED] - switchToWindowIndex(0): Switched to window with index: '0'

2023-05-23 10:33:34 - [MESSAGE][PASSED] - Switched to window with index: '0'

2023-05-23 10:33:34 - [TEST_STEP][PASSED] - delay(delay_3seconds): Delayed 3 second(s)

2023-05-23 10:33:37 - [MESSAGE][PASSED] - Delayed 3 second(s)

2023-05-23 10:33:37 - [TEST_STEP][PASSED] - setText(findTestObject("Object Repository/06-Teams/For 2FA/input_Enter verification code_code"), code): Text '051144' is set on object 'Object Repository/06-Teams/For 2FA/input_Enter verification code_code'

2023-05-23 10:33:38 - [MESSAGE][PASSED] - Text '051144' is set on object 'Object Repository/06-Teams/For 2FA/input_Enter verification code_code'

2023-05-23 10:33:38 - [TEST_STEP][PASSED] - delay(delay_3seconds): Delayed 3 second(s)

2023-05-23 10:33:41 - [MESSAGE][PASSED] - Delayed 3 second(s)

2023-05-23 10:33:41 - [TEST_STEP][PASSED] - click(findTestObject("06-Teams/For 2FA/button_Verify_2FA")): Object: 'Object Repository/06-Teams/For 2FA/button_Verify_2FA' is clicked on

2023-05-23 10:33:41 - [MESSAGE][PASSED] - Object: 'Object Repository/06-Teams/For 2FA/button_Verify_2FA' is clicked on

2023-05-23 10:33:41 - [TEST_STEP][PASSED] - delay(delay_3seconds): Delayed 3 second(s)

2023-05-23 10:33:44 - [MESSAGE][PASSED] - Delayed 3 second(s)

2023-05-23 10:33:44 - [MESSAGE][PASSED] - Call Test Case 'Test Cases/01-Login and Forgot Password/04-Login(Valid Credentials-With Subscription)' successfully

2023-05-23 10:33:44 - [TEST_STEP][PASSED] - click(findTestObject("06-Teams/button_doublearrow")): Object: 'Object Repository/06-Teams/button_doublearrow' is clicked on

2023-05-23 10:33:49 - [MESSAGE][PASSED] - Object: 'Object Repository/06-Teams/button_doublearrow' is clicked on

2023-05-23 10:33:49 - [TEST_STEP][PASSED] - click(findTestObject("06-Teams/button_My Organizations")): Object: 'Object Repository/06-Teams/button_My Organizations' is clicked on

2023-05-23 10:33:50 - [MESSAGE][PASSED] - Object: 'Object Repository/06-Teams/button_My Organizations' is clicked on

2023-05-23 10:33:50 - [TEST_STEP][PASSED] - click(findTestObject("06-Teams/button_GG Automation")): Object: 'Object Repository/06-Teams/button_GG Automation' is clicked on

2023-05-23 10:33:51 - [MESSAGE][PASSED] - Object: 'Object Repository/06-Teams/button_GG Automation' is clicked on

2023-05-23 10:33:51 - [TEST_STEP][PASSED] - delay(delay_4seconds): Delayed 4 second(s)

2023-05-23 10:33:55 - [MESSAGE][PASSED] - Delayed 4 second(s)

2023-05-23 10:33:55 - [TEST_STEP][PASSED] - verifyElementVisible(findTestObject("06-Teams/span_GG Automation")): Object 'Object Repository/06-Teams/span_GG Automation' is visible

2023-05-23 10:33:55 - [MESSAGE][PASSED] - Object 'Object Repository/06-Teams/span_GG Automation' is visible

2023-05-23 10:33:55 - [TEST_STEP][PASSED] - delay(delay_5seconds): Delayed 5 second(s)

2023-05-23 10:34:00 - [MESSAGE][PASSED] - Delayed 5 second(s)

2023-05-23 10:34:00 - [TEST_STEP][PASSED] - click(findTestObject("03-Header Menu/Hamburger Button/div_Settings")): Object: 'Object Repository/03-Header Menu/Hamburger Button/div_Settings' is clicked on

2023-05-23 10:34:01 - [MESSAGE][PASSED] - Object: 'Object Repository/03-Header Menu/Hamburger Button/div_Settings' is clicked on

2023-05-23 10:34:01 - [TEST_STEP][PASSED] - verifyElementVisible(findTestObject("09-Settings/Users/div_Organization")): Object 'Object Repository/09-Settings/Users/div_Organization' is visible

2023-05-23 10:34:02 - [MESSAGE][PASSED] - Object 'Object Repository/09-Settings/Users/div_Organization' is visible

2023-05-23 10:34:02 - [TEST_STEP][PASSED] - verifyElementVisible(findTestObject("09-Settings/Users/div_Organization Units")): Object 'Object Repository/09-Settings/Users/div_Organization Units' is visible

2023-05-23 10:34:03 - [MESSAGE][PASSED] - Object 'Object Repository/09-Settings/Users/div_Organization Units' is visible

2023-05-23 10:34:03 - [TEST_STEP][PASSED] - scrollToElement(findTestObject("09-Settings/Users/div_Subscriptions"), 0): Scroll to object 'Object Repository/09-Settings/Users/div_Subscriptions' successfully

2023-05-23 10:34:03 - [MESSAGE][WARNING] - Timeout '0' is invalid. Using default page load timeout: '30'

2023-05-23 10:34:03 - [MESSAGE][PASSED] - Scroll to object 'Object Repository/09-Settings/Users/div_Subscriptions' successfully

2023-05-23 10:34:03 - [TEST_STEP][PASSED] - verifyElementVisible(findTestObject("09-Settings/Users/div_Subscriptions")): Object 'Object Repository/09-Settings/Users/div_Subscriptions' is visible

2023-05-23 10:34:04 - [MESSAGE][PASSED] - Object 'Object Repository/09-Settings/Users/div_Subscriptions' is visible

2023-05-23 10:34:04 - [TEST_STEP][PASSED] - verifyElementVisible(findTestObject("09-Settings/Users/div_Users")): Object 'Object Repository/09-Settings/Users/div_Users' is visible

2023-05-23 10:34:04 - [MESSAGE][PASSED] - Object 'Object Repository/09-Settings/Users/div_Users' is visible

2023-05-23 10:34:04 - [TEST_STEP][PASSED] - delay(delay_3seconds): Delayed 3 second(s)

2023-05-23 10:34:07 - [MESSAGE][PASSED] - Delayed 3 second(s)

2023-05-23 10:34:07 - [TEST_STEP][PASSED] - click(findTestObject("09-Settings/Users/div_Users")): Object: 'Object Repository/09-Settings/Users/div_Users' is clicked on

2023-05-23 10:34:08 - [MESSAGE][PASSED] - Object: 'Object Repository/09-Settings/Users/div_Users' is clicked on

2023-05-23 10:34:08 - [TEST_STEP][PASSED] - verifyElementVisible(findTestObject("09-Settings/Users/h4_USERS")): Object 'Object Repository/09-Settings/Users/h4_USERS' is visible

2023-05-23 10:34:09 - [MESSAGE][PASSED] - Object 'Object Repository/09-Settings/Users/h4_USERS' is visible

2023-05-23 10:34:09 - [TEST_STEP][PASSED] - verifyElementVisible(findTestObject("09-Settings/Users/User Page")): Object 'Object Repository/09-Settings/Users/User Page' is visible

2023-05-23 10:34:09 - [MESSAGE][PASSED] - Object 'Object Repository/09-Settings/Users/User Page' is visible

2023-05-23 10:34:09 - [TEST_STEP][PASSED] - delay(delay_3seconds): Delayed 3 second(s)

2023-05-23 10:34:12 - [MESSAGE][PASSED] - Delayed 3 second(s)

2023-05-23 10:34:12 - [TEST_STEP][PASSED] - click(findTestObject("09-Settings/Users/button_add")): Object: 'Object Repository/09-Settings/Users/button_add' is clicked on

2023-05-23 10:34:13 - [MESSAGE][PASSED] - Object: 'Object Repository/09-Settings/Users/button_add' is clicked on

2023-05-23 10:34:13 - [TEST_STEP][PASSED] - verifyElementVisible(findTestObject("09-Settings/Users/User Invitation modal")): Object 'Object Repository/09-Settings/Users/User Invitation modal' is visible

2023-05-23 10:34:14 - [MESSAGE][PASSED] - Object 'Object Repository/09-Settings/Users/User Invitation modal' is visible

2023-05-23 10:34:14 - [TEST_STEP][PASSED] - delay(delay_3seconds): Delayed 3 second(s)

2023-05-23 10:34:17 - [MESSAGE][PASSED] - Delayed 3 second(s)

2023-05-23 10:34:17 - [TEST_STEP][PASSED] - click(findTestObject("09-Settings/Users/add Invite a single user")): Object: 'Object Repository/09-Settings/Users/add Invite a single user' is clicked on

2023-05-23 10:34:17 - [MESSAGE][PASSED] - Object: 'Object Repository/09-Settings/Users/add Invite a single user' is clicked on

2023-05-23 10:34:17 - [TEST_STEP][PASSED] - verifyElementVisible(findTestObject("09-Settings/Users/Invite new user modal")): Object 'Object Repository/09-Settings/Users/Invite new user modal' is visible

2023-05-23 10:34:19 - [MESSAGE][PASSED] - Object 'Object Repository/09-Settings/Users/Invite new user modal' is visible

2023-05-23 10:34:19 - [TEST_STEP][PASSED] - click(findTestObject("09-Settings/Users/input_email")): Object: 'Object Repository/09-Settings/Users/input_email' is clicked on

2023-05-23 10:34:19 - [MESSAGE][PASSED] - Object: 'Object Repository/09-Settings/Users/input_email' is clicked on

2023-05-23 10:34:19 - [TEST_STEP][PASSED] - click(findTestObject("09-Settings/Users/input_firstName")): Object: 'Object Repository/09-Settings/Users/input_firstName' is clicked on

2023-05-23 10:34:20 - [MESSAGE][PASSED] - Object: 'Object Repository/09-Settings/Users/input_firstName' is clicked on

2023-05-23 10:34:20 - [TEST_STEP][PASSED] - click(findTestObject("09-Settings/Users/input_lastName")): Object: 'Object Repository/09-Settings/Users/input_lastName' is clicked on

2023-05-23 10:34:20 - [MESSAGE][PASSED] - Object: 'Object Repository/09-Settings/Users/input_lastName' is clicked on

2023-05-23 10:34:20 - [TEST_STEP][PASSED] - click(findTestObject("09-Settings/Users/span_Role")): Object: 'Object Repository/09-Settings/Users/span_Role' is clicked on

2023-05-23 10:34:21 - [MESSAGE][PASSED] - Object: 'Object Repository/09-Settings/Users/span_Role' is clicked on

2023-05-23 10:34:21 - [TEST_STEP][PASSED] - clickOffset(findTestObject("09-Settings/Users/h4_Invite New User"), 100, 100): Object: 'Object Repository/09-Settings/Users/h4_Invite New User' is clicked on using offset x=100 and y=100

2023-05-23 10:34:22 - [MESSAGE][PASSED] - Object: 'Object Repository/09-Settings/Users/h4_Invite New User' is clicked on using offset x=100 and y=100

2023-05-23 10:34:22 - [TEST_STEP][PASSED] - verifyElementVisible(findTestObject("09-Settings/Users/Email required")): Object 'Object Repository/09-Settings/Users/Email required' is visible

2023-05-23 10:34:23 - [MESSAGE][PASSED] - Object 'Object Repository/09-Settings/Users/Email required' is visible

2023-05-23 10:34:23 - [TEST_STEP][PASSED] - verifyElementVisible(findTestObject("09-Settings/Users/Firstname required")): Object 'Object Repository/09-Settings/Users/Firstname required' is visible

2023-05-23 10:34:23 - [MESSAGE][PASSED] - Object 'Object Repository/09-Settings/Users/Firstname required' is visible

2023-05-23 10:34:23 - [TEST_STEP][PASSED] - verifyElementVisible(findTestObject("09-Settings/Users/last name required")): Object 'Object Repository/09-Settings/Users/last name required' is visible

2023-05-23 10:34:23 - [MESSAGE][PASSED] - Object 'Object Repository/09-Settings/Users/last name required' is visible

2023-05-23 10:34:23 - [TEST_STEP][PASSED] - verifyElementVisible(findTestObject("09-Settings/Users/error_Select a role")): Object 'Object Repository/09-Settings/Users/error_Select a role' is visible

2023-05-23 10:34:24 - [MESSAGE][PASSED] - Object 'Object Repository/09-Settings/Users/error_Select a role' is visible]]></system-out>
         <system-err><![CDATA[]]></system-err>
      </testcase>
      <testcase name="Test Cases/09-Settings/02 - Users (Invite new user as co worker)" time="358.278" classname="Test Cases/09-Settings/02 - Users (Invite new user as co worker)" status="PASSED">
         <system-out><![CDATA[2023-05-23 10:34:24 - [TEST_CASE][PASSED] - Test Cases/09-Settings/02 - Users (Invite new user as co worker): Test Cases/09-Settings/02 - Users (Invite new user as co worker)

2023-05-23 10:34:24 - [TEST_STEP][PASSED] - delay(delay_3seconds): Delayed 3 second(s)

2023-05-23 10:34:28 - [MESSAGE][PASSED] - Delayed 3 second(s)

2023-05-23 10:34:28 - [TEST_STEP][PASSED] - setText(findTestObject("09-Settings/Users/input_email"), email_for_auto4): Text 'autotester04@mailinator.com' is set on object 'Object Repository/09-Settings/Users/input_email'

2023-05-23 10:34:29 - [MESSAGE][PASSED] - Text 'autotester04@mailinator.com' is set on object 'Object Repository/09-Settings/Users/input_email'

2023-05-23 10:34:29 - [TEST_STEP][PASSED] - setText(findTestObject("09-Settings/Users/input_firstName"), "GG"): Text 'GG' is set on object 'Object Repository/09-Settings/Users/input_firstName'

2023-05-23 10:34:30 - [MESSAGE][PASSED] - Text 'GG' is set on object 'Object Repository/09-Settings/Users/input_firstName'

2023-05-23 10:34:30 - [TEST_STEP][PASSED] - setText(findTestObject("09-Settings/Users/input_lastName"), "Auto Contact 2"): Text 'Auto Contact 2' is set on object 'Object Repository/09-Settings/Users/input_lastName'

2023-05-23 10:34:32 - [MESSAGE][PASSED] - Text 'Auto Contact 2' is set on object 'Object Repository/09-Settings/Users/input_lastName'

2023-05-23 10:34:32 - [TEST_STEP][PASSED] - click(findTestObject("09-Settings/Users/span_Role")): Object: 'Object Repository/09-Settings/Users/span_Role' is clicked on

2023-05-23 10:34:32 - [MESSAGE][PASSED] - Object: 'Object Repository/09-Settings/Users/span_Role' is clicked on

2023-05-23 10:34:32 - [TEST_STEP][PASSED] - click(findTestObject("09-Settings/Users/span_CoWorker")): Object: 'Object Repository/09-Settings/Users/span_CoWorker' is clicked on

2023-05-23 10:34:33 - [MESSAGE][PASSED] - Object: 'Object Repository/09-Settings/Users/span_CoWorker' is clicked on

2023-05-23 10:34:33 - [TEST_STEP][PASSED] - click(findTestObject("09-Settings/Users/button_Send Invitation")): Object: 'Object Repository/09-Settings/Users/button_Send Invitation' is clicked on

2023-05-23 10:34:34 - [MESSAGE][PASSED] - Object: 'Object Repository/09-Settings/Users/button_Send Invitation' is clicked on

2023-05-23 10:34:34 - [TEST_STEP][PASSED] - delay(delay_2seconds): Delayed 2 second(s)

2023-05-23 10:34:36 - [MESSAGE][PASSED] - Delayed 2 second(s)

2023-05-23 10:34:36 - [TEST_STEP][PASSED] - verifyElementVisible(findTestObject("07-Directory/Connections/zContact Profile/Successfully invited user")): Object 'Object Repository/07-Directory/Connections/zContact Profile/Successfully invited user' is visible

2023-05-23 10:34:37 - [MESSAGE][PASSED] - Object 'Object Repository/07-Directory/Connections/zContact Profile/Successfully invited user' is visible

2023-05-23 10:34:37 - [TEST_STEP][PASSED] - delay(delay_2seconds): Delayed 2 second(s)

2023-05-23 10:34:39 - [MESSAGE][PASSED] - Delayed 2 second(s)

2023-05-23 10:34:39 - [TEST_STEP][PASSED] - executeJavaScript("window.open();", []): Execute JavaScript 'window.open();' successfully

2023-05-23 10:34:39 - [MESSAGE][PASSED] - Execute JavaScript 'window.open();' successfully

2023-05-23 10:34:39 - [TEST_STEP][PASSED] - currentWindow = getWindowIndex(): Current window's index is: 0

2023-05-23 10:34:39 - [MESSAGE][PASSED] - Current window's index is: 0

2023-05-23 10:34:39 - [TEST_STEP][PASSED] - delay(delay_3seconds): Delayed 3 second(s)

2023-05-23 10:34:42 - [MESSAGE][PASSED] - Delayed 3 second(s)

2023-05-23 10:34:42 - [TEST_STEP][PASSED] - switchToWindowIndex(currentWindow + 1): Switched to window with index: '1'

2023-05-23 10:34:42 - [MESSAGE][PASSED] - Switched to window with index: '1'

2023-05-23 10:34:42 - [TEST_STEP][PASSED] - navigateToUrl("https://www.mailinator.com/"): Navigate to 'https://www.mailinator.com/' successfully

2023-05-23 10:34:44 - [MESSAGE][PASSED] - Navigate to 'https://www.mailinator.com/' successfully

2023-05-23 10:34:44 - [TEST_STEP][PASSED] - delay(delay_3seconds): Delayed 3 second(s)

2023-05-23 10:34:47 - [MESSAGE][PASSED] - Delayed 3 second(s)

2023-05-23 10:34:47 - [TEST_STEP][PASSED] - setText(findTestObject("00-Signup and Activation/zMailinator/input_LOGIN_search"), email_for_auto4): Text 'autotester04@mailinator.com' is set on object 'Object Repository/00-Signup and Activation/zMailinator/input_LOGIN_search'

2023-05-23 10:34:48 - [MESSAGE][PASSED] - Text 'autotester04@mailinator.com' is set on object 'Object Repository/00-Signup and Activation/zMailinator/input_LOGIN_search'

2023-05-23 10:34:48 - [TEST_STEP][PASSED] - click(findTestObject("00-Signup and Activation/zMailinator/gobutton"), STOP_ON_FAILURE): Object: 'Object Repository/00-Signup and Activation/zMailinator/gobutton' is clicked on

2023-05-23 10:34:49 - [MESSAGE][PASSED] - Object: 'Object Repository/00-Signup and Activation/zMailinator/gobutton' is clicked on

2023-05-23 10:34:49 - [TEST_STEP][PASSED] - delay(delay_3seconds): Delayed 3 second(s)

2023-05-23 10:34:52 - [MESSAGE][PASSED] - Delayed 3 second(s)

2023-05-23 10:34:52 - [TEST_STEP][PASSED] - closeWindowTitle("Everleagues"): Window with title: 'Everleagues' is closed

2023-05-23 10:34:53 - [MESSAGE][PASSED] - Window with title: 'Everleagues' is closed

2023-05-23 10:34:53 - [TEST_STEP][PASSED] - switchToWindowIndex(0): Switched to window with index: '0'

2023-05-23 10:34:53 - [MESSAGE][PASSED] - Switched to window with index: '0'

2023-05-23 10:34:53 - [TEST_STEP][PASSED] - click(findTestObject("09-Settings/Users/Co worker/td_Invitation from GG Automation")): Object: 'Object Repository/09-Settings/Users/Co worker/td_Invitation from GG Automation' is clicked on

2023-05-23 10:34:53 - [MESSAGE][PASSED] - Object: 'Object Repository/09-Settings/Users/Co worker/td_Invitation from GG Automation' is clicked on

2023-05-23 10:34:53 - [TEST_STEP][PASSED] - click(findTestObject("09-Settings/Users/Co worker/a_Click here to join GG Automation on EverLeagues")): Object: 'Object Repository/09-Settings/Users/Co worker/a_Click here to join GG Automation on EverLeagues' is clicked on

2023-05-23 10:34:54 - [MESSAGE][PASSED] - Object: 'Object Repository/09-Settings/Users/Co worker/a_Click here to join GG Automation on EverLeagues' is clicked on

2023-05-23 10:34:54 - [TEST_STEP][PASSED] - closeWindowTitle("Mailinator"): Window with title: 'Mailinator' is closed

2023-05-23 10:34:54 - [MESSAGE][PASSED] - Window with title: 'Mailinator' is closed

2023-05-23 10:34:54 - [TEST_STEP][PASSED] - switchToWindowIndex(0): Switched to window with index: '0'

2023-05-23 10:34:55 - [MESSAGE][PASSED] - Switched to window with index: '0'

2023-05-23 10:34:55 - [TEST_STEP][PASSED] - verifyElementVisible(findTestObject("09-Settings/Users/Co worker/Logout before proceed modal")): Object 'Object Repository/09-Settings/Users/Co worker/Logout before proceed modal' is visible

2023-05-23 10:35:05 - [MESSAGE][PASSED] - Object 'Object Repository/09-Settings/Users/Co worker/Logout before proceed modal' is visible

2023-05-23 10:35:05 - [TEST_STEP][PASSED] - click(findTestObject("09-Settings/Users/Co worker/button_Yes")): Object: 'Object Repository/09-Settings/Users/Co worker/button_Yes' is clicked on

2023-05-23 10:35:06 - [MESSAGE][PASSED] - Object: 'Object Repository/09-Settings/Users/Co worker/button_Yes' is clicked on

2023-05-23 10:35:06 - [TEST_STEP][PASSED] - delay(delay_3seconds): Delayed 3 second(s)

2023-05-23 10:35:09 - [MESSAGE][PASSED] - Delayed 3 second(s)

2023-05-23 10:35:09 - [TEST_STEP][PASSED] - setText(findTestObject("09-Settings/Users/input_email"), email_for_auto4): Text 'autotester04@mailinator.com' is set on object 'Object Repository/09-Settings/Users/input_email'

2023-05-23 10:36:09 - [MESSAGE][PASSED] - Text 'autotester04@mailinator.com' is set on object 'Object Repository/09-Settings/Users/input_email'

2023-05-23 10:36:09 - [TEST_STEP][PASSED] - setEncryptedText(findTestObject("09-Settings/Users/Co worker/input_password"), password): Text ****** has been set on object 'Object Repository/09-Settings/Users/Co worker/input_password'

2023-05-23 10:36:40 - [MESSAGE][PASSED] - Text ****** has been set on object 'Object Repository/09-Settings/Users/Co worker/input_password'

2023-05-23 10:36:40 - [TEST_STEP][PASSED] - click(findTestObject("02-Side Icons(Organization)/Add Contact/button_Sign in")): Object: 'Object Repository/02-Side Icons(Organization)/Add Contact/button_Sign in' is clicked on

2023-05-23 10:37:10 - [MESSAGE][PASSED] - Object: 'Object Repository/02-Side Icons(Organization)/Add Contact/button_Sign in' is clicked on

2023-05-23 10:37:10 - [TEST_STEP][PASSED] - delay(delay_2seconds): Delayed 2 second(s)

2023-05-23 10:37:12 - [MESSAGE][PASSED] - Delayed 2 second(s)

2023-05-23 10:37:12 - [TEST_STEP][PASSED] - click(findTestObject("06-Teams/For 2FA/button_Confirm_2FA")): Object: 'Object Repository/06-Teams/For 2FA/button_Confirm_2FA' is clicked on

2023-05-23 10:37:42 - [MESSAGE][PASSED] - Object: 'Object Repository/06-Teams/For 2FA/button_Confirm_2FA' is clicked on

2023-05-23 10:37:42 - [TEST_STEP][PASSED] - executeJavaScript("window.open();", []): Execute JavaScript 'window.open();' successfully

2023-05-23 10:37:43 - [MESSAGE][PASSED] - Execute JavaScript 'window.open();' successfully

2023-05-23 10:37:43 - [TEST_STEP][PASSED] - currentWindow = getWindowIndex(): Current window's index is: 0

2023-05-23 10:37:43 - [MESSAGE][PASSED] - Current window's index is: 0

2023-05-23 10:37:43 - [TEST_STEP][PASSED] - delay(delay_3seconds): Delayed 3 second(s)

2023-05-23 10:37:46 - [MESSAGE][PASSED] - Delayed 3 second(s)

2023-05-23 10:37:46 - [TEST_STEP][PASSED] - switchToWindowIndex(currentWindow + 1): Switched to window with index: '1'

2023-05-23 10:37:46 - [MESSAGE][PASSED] - Switched to window with index: '1'

2023-05-23 10:37:46 - [TEST_STEP][PASSED] - navigateToUrl(app_mailinator): Navigate to 'https://www.mailinator.com/' successfully

2023-05-23 10:37:48 - [MESSAGE][PASSED] - Navigate to 'https://www.mailinator.com/' successfully

2023-05-23 10:37:48 - [TEST_STEP][PASSED] - delay(delay_3seconds): Delayed 3 second(s)

2023-05-23 10:37:51 - [MESSAGE][PASSED] - Delayed 3 second(s)

2023-05-23 10:37:51 - [TEST_STEP][PASSED] - setText(findTestObject("00-Signup and Activation/zMailinator/input_LOGIN_search"), email_for_auto4): Text 'autotester04@mailinator.com' is set on object 'Object Repository/00-Signup and Activation/zMailinator/input_LOGIN_search'

2023-05-23 10:37:52 - [MESSAGE][PASSED] - Text 'autotester04@mailinator.com' is set on object 'Object Repository/00-Signup and Activation/zMailinator/input_LOGIN_search'

2023-05-23 10:37:52 - [TEST_STEP][PASSED] - click(findTestObject("00-Signup and Activation/zMailinator/gobutton"), STOP_ON_FAILURE): Object: 'Object Repository/00-Signup and Activation/zMailinator/gobutton' is clicked on

2023-05-23 10:37:53 - [MESSAGE][PASSED] - Object: 'Object Repository/00-Signup and Activation/zMailinator/gobutton' is clicked on

2023-05-23 10:37:53 - [TEST_STEP][PASSED] - delay(delay_3seconds): Delayed 3 second(s)

2023-05-23 10:37:56 - [MESSAGE][PASSED] - Delayed 3 second(s)

2023-05-23 10:37:56 - [TEST_STEP][PASSED] - click(findTestObject("00-Signup and Activation/zMailinator/Email - everleagues")): Object: 'Object Repository/00-Signup and Activation/zMailinator/Email - everleagues' is clicked on

2023-05-23 10:37:57 - [MESSAGE][PASSED] - Object: 'Object Repository/00-Signup and Activation/zMailinator/Email - everleagues' is clicked on

2023-05-23 10:37:57 - [TEST_STEP][PASSED] - delay(delay_3seconds): Delayed 3 second(s)

2023-05-23 10:38:00 - [MESSAGE][PASSED] - Delayed 3 second(s)

2023-05-23 10:38:00 - [TEST_STEP][PASSED] - codetwo = getText(findTestObject("Object Repository/06-Teams/For 2FA/2FA code")): Text of object 'Object Repository/06-Teams/For 2FA/2FA code' is: '816034'

2023-05-23 10:38:00 - [MESSAGE][PASSED] - Text of object 'Object Repository/06-Teams/For 2FA/2FA code' is: '816034'

2023-05-23 10:38:01 - [TEST_STEP][PASSED] - delay(delay_3seconds): Delayed 3 second(s)

2023-05-23 10:38:04 - [MESSAGE][PASSED] - Delayed 3 second(s)

2023-05-23 10:38:04 - [TEST_STEP][PASSED] - closeWindowTitle("Mailinator"): Window with title: 'Mailinator' is closed

2023-05-23 10:38:04 - [MESSAGE][PASSED] - Window with title: 'Mailinator' is closed

2023-05-23 10:38:04 - [TEST_STEP][PASSED] - delay(delay_3seconds): Delayed 3 second(s)

2023-05-23 10:38:07 - [MESSAGE][PASSED] - Delayed 3 second(s)

2023-05-23 10:38:07 - [TEST_STEP][PASSED] - switchToWindowIndex(0): Switched to window with index: '0'

2023-05-23 10:38:07 - [MESSAGE][PASSED] - Switched to window with index: '0'

2023-05-23 10:38:07 - [TEST_STEP][PASSED] - delay(delay_3seconds): Delayed 3 second(s)

2023-05-23 10:38:10 - [MESSAGE][PASSED] - Delayed 3 second(s)

2023-05-23 10:38:10 - [TEST_STEP][PASSED] - setText(findTestObject("Object Repository/06-Teams/For 2FA/input_Enter verification code_code"), codetwo): Text '816034' is set on object 'Object Repository/06-Teams/For 2FA/input_Enter verification code_code'

2023-05-23 10:39:11 - [MESSAGE][PASSED] - Text '816034' is set on object 'Object Repository/06-Teams/For 2FA/input_Enter verification code_code'

2023-05-23 10:39:11 - [TEST_STEP][PASSED] - delay(delay_3seconds): Delayed 3 second(s)

2023-05-23 10:39:14 - [MESSAGE][PASSED] - Delayed 3 second(s)

2023-05-23 10:39:14 - [TEST_STEP][PASSED] - click(findTestObject("06-Teams/For 2FA/button_Verify_2FA")): Object: 'Object Repository/06-Teams/For 2FA/button_Verify_2FA' is clicked on

2023-05-23 10:39:44 - [MESSAGE][PASSED] - Object: 'Object Repository/06-Teams/For 2FA/button_Verify_2FA' is clicked on

2023-05-23 10:39:44 - [TEST_STEP][PASSED] - delay(delay_5seconds): Delayed 5 second(s)

2023-05-23 10:39:49 - [MESSAGE][PASSED] - Delayed 5 second(s)

2023-05-23 10:39:49 - [TEST_STEP][PASSED] - executeJavaScript("window.open();", []): Execute JavaScript 'window.open();' successfully

2023-05-23 10:39:49 - [MESSAGE][PASSED] - Execute JavaScript 'window.open();' successfully

2023-05-23 10:39:49 - [TEST_STEP][PASSED] - currentWindow = getWindowIndex(): Current window's index is: 0

2023-05-23 10:39:49 - [MESSAGE][PASSED] - Current window's index is: 0

2023-05-23 10:39:49 - [TEST_STEP][PASSED] - delay(delay_3seconds): Delayed 3 second(s)

2023-05-23 10:39:52 - [MESSAGE][PASSED] - Delayed 3 second(s)

2023-05-23 10:39:52 - [TEST_STEP][PASSED] - switchToWindowIndex(currentWindow + 1): Switched to window with index: '1'

2023-05-23 10:39:52 - [MESSAGE][PASSED] - Switched to window with index: '1'

2023-05-23 10:39:52 - [TEST_STEP][PASSED] - navigateToUrl(app_mailinator): Navigate to 'https://www.mailinator.com/' successfully

2023-05-23 10:39:56 - [MESSAGE][PASSED] - Navigate to 'https://www.mailinator.com/' successfully

2023-05-23 10:39:56 - [TEST_STEP][PASSED] - delay(delay_3seconds): Delayed 3 second(s)

2023-05-23 10:39:59 - [MESSAGE][PASSED] - Delayed 3 second(s)

2023-05-23 10:39:59 - [TEST_STEP][PASSED] - setText(findTestObject("00-Signup and Activation/zMailinator/input_LOGIN_search"), email_for_auto4): Text 'autotester04@mailinator.com' is set on object 'Object Repository/00-Signup and Activation/zMailinator/input_LOGIN_search'

2023-05-23 10:39:59 - [MESSAGE][PASSED] - Text 'autotester04@mailinator.com' is set on object 'Object Repository/00-Signup and Activation/zMailinator/input_LOGIN_search'

2023-05-23 10:39:59 - [TEST_STEP][PASSED] - click(findTestObject("00-Signup and Activation/zMailinator/gobutton"), STOP_ON_FAILURE): Object: 'Object Repository/00-Signup and Activation/zMailinator/gobutton' is clicked on

2023-05-23 10:40:00 - [MESSAGE][PASSED] - Object: 'Object Repository/00-Signup and Activation/zMailinator/gobutton' is clicked on

2023-05-23 10:40:00 - [TEST_STEP][PASSED] - delay(delay_3seconds): Delayed 3 second(s)

2023-05-23 10:40:03 - [MESSAGE][PASSED] - Delayed 3 second(s)

2023-05-23 10:40:03 - [TEST_STEP][PASSED] - closeWindowTitle("Everleagues"): Window with title: 'Everleagues' is closed

2023-05-23 10:40:04 - [MESSAGE][PASSED] - Window with title: 'Everleagues' is closed

2023-05-23 10:40:04 - [TEST_STEP][PASSED] - switchToWindowIndex(0): Switched to window with index: '0'

2023-05-23 10:40:04 - [MESSAGE][PASSED] - Switched to window with index: '0'

2023-05-23 10:40:04 - [TEST_STEP][PASSED] - click(findTestObject("09-Settings/Users/Co worker/td_Invitation from GG Automation")): Object: 'Object Repository/09-Settings/Users/Co worker/td_Invitation from GG Automation' is clicked on

2023-05-23 10:40:04 - [MESSAGE][PASSED] - Object: 'Object Repository/09-Settings/Users/Co worker/td_Invitation from GG Automation' is clicked on

2023-05-23 10:40:04 - [TEST_STEP][PASSED] - click(findTestObject("09-Settings/Users/Co worker/a_Click here to join GG Automation on EverLeagues")): Object: 'Object Repository/09-Settings/Users/Co worker/a_Click here to join GG Automation on EverLeagues' is clicked on

2023-05-23 10:40:06 - [MESSAGE][PASSED] - Object: 'Object Repository/09-Settings/Users/Co worker/a_Click here to join GG Automation on EverLeagues' is clicked on

2023-05-23 10:40:06 - [TEST_STEP][PASSED] - delay(delay_3seconds): Delayed 3 second(s)

2023-05-23 10:40:09 - [MESSAGE][PASSED] - Delayed 3 second(s)

2023-05-23 10:40:09 - [TEST_STEP][PASSED] - closeWindowTitle("Mailinator"): Window with title: 'Mailinator' is closed

2023-05-23 10:40:10 - [MESSAGE][PASSED] - Window with title: 'Mailinator' is closed

2023-05-23 10:40:10 - [TEST_STEP][PASSED] - switchToWindowIndex(0): Switched to window with index: '0'

2023-05-23 10:40:10 - [MESSAGE][PASSED] - Switched to window with index: '0'

2023-05-23 10:40:10 - [TEST_STEP][PASSED] - verifyElementVisible(findTestObject("09-Settings/Users/Co worker/Invite modal")): Object 'Object Repository/09-Settings/Users/Co worker/Invite modal' is visible

2023-05-23 10:40:14 - [MESSAGE][PASSED] - Object 'Object Repository/09-Settings/Users/Co worker/Invite modal' is visible

2023-05-23 10:40:14 - [TEST_STEP][PASSED] - click(findTestObject("09-Settings/Users/Co worker/button_Accept")): Object: 'Object Repository/09-Settings/Users/Co worker/button_Accept' is clicked on

2023-05-23 10:40:15 - [MESSAGE][PASSED] - Object: 'Object Repository/09-Settings/Users/Co worker/button_Accept' is clicked on

2023-05-23 10:40:15 - [TEST_STEP][PASSED] - delay(delay_5seconds): Delayed 5 second(s)

2023-05-23 10:40:20 - [MESSAGE][PASSED] - Delayed 5 second(s)

2023-05-23 10:40:20 - [TEST_STEP][PASSED] - verifyElementVisible(findTestObject("09-Settings/Users/Co worker/div_Joined as CoWorker")): Object 'Object Repository/09-Settings/Users/Co worker/div_Joined as CoWorker' is visible

2023-05-23 10:40:20 - [MESSAGE][PASSED] - Object 'Object Repository/09-Settings/Users/Co worker/div_Joined as CoWorker' is visible

2023-05-23 10:40:20 - [TEST_STEP][PASSED] - closeBrowser(): Browser is closed

2023-05-23 10:40:22 - [MESSAGE][PASSED] - Browser is closed]]></system-out>
         <system-err><![CDATA[]]></system-err>
      </testcase>
      <testcase name="Test Cases/09-Settings/03 - Users (Invite new user as client)" time="227.413" classname="Test Cases/09-Settings/03 - Users (Invite new user as client)" status="PASSED">
         <system-out><![CDATA[2023-05-23 10:40:22 - [TEST_CASE][PASSED] - Test Cases/09-Settings/03 - Users (Invite new user as client): Test Cases/09-Settings/03 - Users (Invite new user as client)

2023-05-23 10:40:23 - [TEST_STEP][PASSED] - openBrowser(""): Browser is opened with url: ''

2023-05-23 10:40:23 - [MESSAGE][INFO] - Starting 'Chrome' driver

2023-05-23 10:40:23 - [MESSAGE][INFO] - Action delay is set to 0 milliseconds

2023-05-23 10:40:25 - [MESSAGE][PASSED] - Browser is opened with url: ''

2023-05-23 10:40:25 - [TEST_STEP][PASSED] - navigateToUrl(appURL): Navigate to 'https://lab.everleagues.com/' successfully

2023-05-23 10:40:35 - [MESSAGE][PASSED] - Navigate to 'https://lab.everleagues.com/' successfully

2023-05-23 10:40:35 - [TEST_STEP][PASSED] - maximizeWindow(): Current window maximized

2023-05-23 10:40:35 - [MESSAGE][PASSED] - Current window maximized

2023-05-23 10:40:35 - [TEST_STEP][PASSED] - callTestCase(findTestCase("01-Login and Forgot Password/04-Login(Valid Credentials-With Subscription)"), [:], STOP_ON_FAILURE): Call Test Case 'Test Cases/01-Login and Forgot Password/04-Login(Valid Credentials-With Subscription)' successfully

2023-05-23 10:40:35 - [TEST_CASE][PASSED] - Test Cases/01-Login and Forgot Password/04-Login(Valid Credentials-With Subscription): Test Cases/01-Login and Forgot Password/04-Login(Valid Credentials-With Subscription)

2023-05-23 10:40:35 - [TEST_STEP][PASSED] - setText(findTestObject("01-Login and Forgot Password/input_Email_email"), email_with_subscription): Text 'testuser05@mailinator.com' is set on object 'Object Repository/01-Login and Forgot Password/input_Email_email'

2023-05-23 10:40:41 - [MESSAGE][PASSED] - Text 'testuser05@mailinator.com' is set on object 'Object Repository/01-Login and Forgot Password/input_Email_email'

2023-05-23 10:40:41 - [TEST_STEP][PASSED] - setEncryptedText(findTestObject("01-Login and Forgot Password/input_Email_password"), password): Text ****** has been set on object 'Object Repository/01-Login and Forgot Password/input_Email_password'

2023-05-23 10:40:42 - [MESSAGE][PASSED] - Text ****** has been set on object 'Object Repository/01-Login and Forgot Password/input_Email_password'

2023-05-23 10:40:42 - [TEST_STEP][PASSED] - delay(delay_2seconds): Delayed 2 second(s)

2023-05-23 10:40:44 - [MESSAGE][PASSED] - Delayed 2 second(s)

2023-05-23 10:40:44 - [TEST_STEP][PASSED] - click(findTestObject("01-Login and Forgot Password/show pass button")): Object: 'Object Repository/01-Login and Forgot Password/show pass button' is clicked on

2023-05-23 10:40:45 - [MESSAGE][PASSED] - Object: 'Object Repository/01-Login and Forgot Password/show pass button' is clicked on

2023-05-23 10:40:45 - [TEST_STEP][PASSED] - delay(delay_3seconds): Delayed 3 second(s)

2023-05-23 10:40:48 - [MESSAGE][PASSED] - Delayed 3 second(s)

2023-05-23 10:40:48 - [TEST_STEP][PASSED] - click(findTestObject("01-Login and Forgot Password/button_Sign in")): Object: 'Object Repository/01-Login and Forgot Password/button_Sign in' is clicked on

2023-05-23 10:40:48 - [MESSAGE][PASSED] - Object: 'Object Repository/01-Login and Forgot Password/button_Sign in' is clicked on

2023-05-23 10:40:48 - [TEST_STEP][PASSED] - delay(delay_3seconds): Delayed 3 second(s)

2023-05-23 10:40:51 - [MESSAGE][PASSED] - Delayed 3 second(s)

2023-05-23 10:40:51 - [TEST_STEP][PASSED] - click(findTestObject("06-Teams/For 2FA/button_Confirm_2FA")): Object: 'Object Repository/06-Teams/For 2FA/button_Confirm_2FA' is clicked on

2023-05-23 10:40:52 - [MESSAGE][PASSED] - Object: 'Object Repository/06-Teams/For 2FA/button_Confirm_2FA' is clicked on

2023-05-23 10:40:52 - [TEST_STEP][PASSED] - executeJavaScript("window.open();", []): Execute JavaScript 'window.open();' successfully

2023-05-23 10:40:52 - [MESSAGE][PASSED] - Execute JavaScript 'window.open();' successfully

2023-05-23 10:40:52 - [TEST_STEP][PASSED] - currentWindow = getWindowIndex(): Current window's index is: 0

2023-05-23 10:40:52 - [MESSAGE][PASSED] - Current window's index is: 0

2023-05-23 10:40:52 - [TEST_STEP][PASSED] - delay(delay_3seconds): Delayed 3 second(s)

2023-05-23 10:40:55 - [MESSAGE][PASSED] - Delayed 3 second(s)

2023-05-23 10:40:55 - [TEST_STEP][PASSED] - switchToWindowIndex(currentWindow + 1): Switched to window with index: '1'

2023-05-23 10:40:55 - [MESSAGE][PASSED] - Switched to window with index: '1'

2023-05-23 10:40:55 - [TEST_STEP][PASSED] - navigateToUrl(app_mailinator): Navigate to 'https://www.mailinator.com/' successfully

2023-05-23 10:41:12 - [MESSAGE][PASSED] - Navigate to 'https://www.mailinator.com/' successfully

2023-05-23 10:41:12 - [TEST_STEP][PASSED] - delay(delay_3seconds): Delayed 3 second(s)

2023-05-23 10:41:15 - [MESSAGE][PASSED] - Delayed 3 second(s)

2023-05-23 10:41:15 - [TEST_STEP][PASSED] - setText(findTestObject("00-Signup and Activation/zMailinator/input_LOGIN_search"), email_for_searchmailinator_testuser05): Text 'testuser05@mailinator.com' is set on object 'Object Repository/00-Signup and Activation/zMailinator/input_LOGIN_search'

2023-05-23 10:41:16 - [MESSAGE][PASSED] - Text 'testuser05@mailinator.com' is set on object 'Object Repository/00-Signup and Activation/zMailinator/input_LOGIN_search'

2023-05-23 10:41:16 - [TEST_STEP][PASSED] - click(findTestObject("00-Signup and Activation/zMailinator/gobutton"), STOP_ON_FAILURE): Object: 'Object Repository/00-Signup and Activation/zMailinator/gobutton' is clicked on

2023-05-23 10:41:17 - [MESSAGE][PASSED] - Object: 'Object Repository/00-Signup and Activation/zMailinator/gobutton' is clicked on

2023-05-23 10:41:17 - [TEST_STEP][PASSED] - delay(delay_3seconds): Delayed 3 second(s)

2023-05-23 10:41:20 - [MESSAGE][PASSED] - Delayed 3 second(s)

2023-05-23 10:41:20 - [TEST_STEP][PASSED] - click(findTestObject("00-Signup and Activation/zMailinator/Email - everleagues")): Object: 'Object Repository/00-Signup and Activation/zMailinator/Email - everleagues' is clicked on

2023-05-23 10:41:20 - [MESSAGE][PASSED] - Object: 'Object Repository/00-Signup and Activation/zMailinator/Email - everleagues' is clicked on

2023-05-23 10:41:20 - [TEST_STEP][PASSED] - delay(delay_3seconds): Delayed 3 second(s)

2023-05-23 10:41:23 - [MESSAGE][PASSED] - Delayed 3 second(s)

2023-05-23 10:41:23 - [TEST_STEP][PASSED] - code = getText(findTestObject("Object Repository/06-Teams/For 2FA/2FA code")): Text of object 'Object Repository/06-Teams/For 2FA/2FA code' is: '483428'

2023-05-23 10:41:24 - [MESSAGE][PASSED] - Text of object 'Object Repository/06-Teams/For 2FA/2FA code' is: '483428'

2023-05-23 10:41:24 - [TEST_STEP][PASSED] - delay(delay_3seconds): Delayed 3 second(s)

2023-05-23 10:41:27 - [MESSAGE][PASSED] - Delayed 3 second(s)

2023-05-23 10:41:27 - [TEST_STEP][PASSED] - closeWindowTitle("Mailinator"): Window with title: 'Mailinator' is closed

2023-05-23 10:41:27 - [MESSAGE][PASSED] - Window with title: 'Mailinator' is closed

2023-05-23 10:41:27 - [TEST_STEP][PASSED] - delay(delay_3seconds): Delayed 3 second(s)

2023-05-23 10:41:30 - [MESSAGE][PASSED] - Delayed 3 second(s)

2023-05-23 10:41:30 - [TEST_STEP][PASSED] - switchToWindowIndex(0): Switched to window with index: '0'

2023-05-23 10:41:30 - [MESSAGE][PASSED] - Switched to window with index: '0'

2023-05-23 10:41:30 - [TEST_STEP][PASSED] - delay(delay_3seconds): Delayed 3 second(s)

2023-05-23 10:41:33 - [MESSAGE][PASSED] - Delayed 3 second(s)

2023-05-23 10:41:33 - [TEST_STEP][PASSED] - setText(findTestObject("Object Repository/06-Teams/For 2FA/input_Enter verification code_code"), code): Text '483428' is set on object 'Object Repository/06-Teams/For 2FA/input_Enter verification code_code'

2023-05-23 10:41:34 - [MESSAGE][PASSED] - Text '483428' is set on object 'Object Repository/06-Teams/For 2FA/input_Enter verification code_code'

2023-05-23 10:41:34 - [TEST_STEP][PASSED] - delay(delay_3seconds): Delayed 3 second(s)

2023-05-23 10:41:37 - [MESSAGE][PASSED] - Delayed 3 second(s)

2023-05-23 10:41:37 - [TEST_STEP][PASSED] - click(findTestObject("06-Teams/For 2FA/button_Verify_2FA")): Object: 'Object Repository/06-Teams/For 2FA/button_Verify_2FA' is clicked on

2023-05-23 10:41:38 - [MESSAGE][PASSED] - Object: 'Object Repository/06-Teams/For 2FA/button_Verify_2FA' is clicked on

2023-05-23 10:41:38 - [TEST_STEP][PASSED] - delay(delay_3seconds): Delayed 3 second(s)

2023-05-23 10:41:41 - [MESSAGE][PASSED] - Delayed 3 second(s)

2023-05-23 10:41:41 - [MESSAGE][PASSED] - Call Test Case 'Test Cases/01-Login and Forgot Password/04-Login(Valid Credentials-With Subscription)' successfully

2023-05-23 10:41:41 - [TEST_STEP][PASSED] - click(findTestObject("06-Teams/button_doublearrow")): Object: 'Object Repository/06-Teams/button_doublearrow' is clicked on

2023-05-23 10:41:44 - [MESSAGE][PASSED] - Object: 'Object Repository/06-Teams/button_doublearrow' is clicked on

2023-05-23 10:41:44 - [TEST_STEP][PASSED] - click(findTestObject("06-Teams/button_My Organizations")): Object: 'Object Repository/06-Teams/button_My Organizations' is clicked on

2023-05-23 10:41:45 - [MESSAGE][PASSED] - Object: 'Object Repository/06-Teams/button_My Organizations' is clicked on

2023-05-23 10:41:45 - [TEST_STEP][PASSED] - click(findTestObject("06-Teams/button_GG Automation")): Object: 'Object Repository/06-Teams/button_GG Automation' is clicked on

2023-05-23 10:41:46 - [MESSAGE][PASSED] - Object: 'Object Repository/06-Teams/button_GG Automation' is clicked on

2023-05-23 10:41:46 - [TEST_STEP][PASSED] - delay(delay_4seconds): Delayed 4 second(s)

2023-05-23 10:41:50 - [MESSAGE][PASSED] - Delayed 4 second(s)

2023-05-23 10:41:50 - [TEST_STEP][PASSED] - verifyElementVisible(findTestObject("06-Teams/span_GG Automation")): Object 'Object Repository/06-Teams/span_GG Automation' is visible

2023-05-23 10:41:51 - [MESSAGE][PASSED] - Object 'Object Repository/06-Teams/span_GG Automation' is visible

2023-05-23 10:41:51 - [TEST_STEP][PASSED] - delay(delay_5seconds): Delayed 5 second(s)

2023-05-23 10:41:56 - [MESSAGE][PASSED] - Delayed 5 second(s)

2023-05-23 10:41:56 - [TEST_STEP][PASSED] - click(findTestObject("03-Header Menu/Hamburger Button/div_Settings")): Object: 'Object Repository/03-Header Menu/Hamburger Button/div_Settings' is clicked on

2023-05-23 10:41:56 - [MESSAGE][PASSED] - Object: 'Object Repository/03-Header Menu/Hamburger Button/div_Settings' is clicked on

2023-05-23 10:41:56 - [TEST_STEP][PASSED] - delay(delay_3seconds): Delayed 3 second(s)

2023-05-23 10:41:59 - [MESSAGE][PASSED] - Delayed 3 second(s)

2023-05-23 10:41:59 - [TEST_STEP][PASSED] - scrollToElement(findTestObject("09-Settings/Users/div_Users"), 0): Scroll to object 'Object Repository/09-Settings/Users/div_Users' successfully

2023-05-23 10:41:59 - [MESSAGE][WARNING] - Timeout '0' is invalid. Using default page load timeout: '30'

2023-05-23 10:42:00 - [MESSAGE][PASSED] - Scroll to object 'Object Repository/09-Settings/Users/div_Users' successfully

2023-05-23 10:42:00 - [TEST_STEP][PASSED] - click(findTestObject("09-Settings/Users/div_Users")): Object: 'Object Repository/09-Settings/Users/div_Users' is clicked on

2023-05-23 10:42:01 - [MESSAGE][PASSED] - Object: 'Object Repository/09-Settings/Users/div_Users' is clicked on

2023-05-23 10:42:01 - [TEST_STEP][PASSED] - delay(delay_3seconds): Delayed 3 second(s)

2023-05-23 10:42:04 - [MESSAGE][PASSED] - Delayed 3 second(s)

2023-05-23 10:42:04 - [TEST_STEP][PASSED] - click(findTestObject("09-Settings/Users/button_add")): Object: 'Object Repository/09-Settings/Users/button_add' is clicked on

2023-05-23 10:42:04 - [MESSAGE][PASSED] - Object: 'Object Repository/09-Settings/Users/button_add' is clicked on

2023-05-23 10:42:04 - [TEST_STEP][PASSED] - delay(delay_3seconds): Delayed 3 second(s)

2023-05-23 10:42:07 - [MESSAGE][PASSED] - Delayed 3 second(s)

2023-05-23 10:42:07 - [TEST_STEP][PASSED] - click(findTestObject("09-Settings/Users/add Invite a single user")): Object: 'Object Repository/09-Settings/Users/add Invite a single user' is clicked on

2023-05-23 10:42:08 - [MESSAGE][PASSED] - Object: 'Object Repository/09-Settings/Users/add Invite a single user' is clicked on

2023-05-23 10:42:08 - [TEST_STEP][PASSED] - delay(delay_3seconds): Delayed 3 second(s)

2023-05-23 10:42:11 - [MESSAGE][PASSED] - Delayed 3 second(s)

2023-05-23 10:42:11 - [TEST_STEP][PASSED] - setText(findTestObject("09-Settings/Users/input_email"), email_for_auto009): Text 'autotester009@mailinator.com' is set on object 'Object Repository/09-Settings/Users/input_email'

2023-05-23 10:42:12 - [MESSAGE][PASSED] - Text 'autotester009@mailinator.com' is set on object 'Object Repository/09-Settings/Users/input_email'

2023-05-23 10:42:12 - [TEST_STEP][PASSED] - setText(findTestObject("09-Settings/Users/input_firstName"), "GG"): Text 'GG' is set on object 'Object Repository/09-Settings/Users/input_firstName'

2023-05-23 10:42:13 - [MESSAGE][PASSED] - Text 'GG' is set on object 'Object Repository/09-Settings/Users/input_firstName'

2023-05-23 10:42:13 - [TEST_STEP][PASSED] - setText(findTestObject("09-Settings/Users/input_lastName"), "Client"): Text 'Client' is set on object 'Object Repository/09-Settings/Users/input_lastName'

2023-05-23 10:42:14 - [MESSAGE][PASSED] - Text 'Client' is set on object 'Object Repository/09-Settings/Users/input_lastName'

2023-05-23 10:42:14 - [TEST_STEP][PASSED] - click(findTestObject("09-Settings/Users/span_Role")): Object: 'Object Repository/09-Settings/Users/span_Role' is clicked on

2023-05-23 10:42:14 - [MESSAGE][PASSED] - Object: 'Object Repository/09-Settings/Users/span_Role' is clicked on

2023-05-23 10:42:14 - [TEST_STEP][PASSED] - click(findTestObject("09-Settings/Users/span_Client")): Object: 'Object Repository/09-Settings/Users/span_Client' is clicked on

2023-05-23 10:42:15 - [MESSAGE][PASSED] - Object: 'Object Repository/09-Settings/Users/span_Client' is clicked on

2023-05-23 10:42:15 - [TEST_STEP][PASSED] - click(findTestObject("09-Settings/Users/button_Send Invitation")): Object: 'Object Repository/09-Settings/Users/button_Send Invitation' is clicked on

2023-05-23 10:42:16 - [MESSAGE][PASSED] - Object: 'Object Repository/09-Settings/Users/button_Send Invitation' is clicked on

2023-05-23 10:42:16 - [TEST_STEP][PASSED] - delay(delay_2seconds): Delayed 2 second(s)

2023-05-23 10:42:18 - [MESSAGE][PASSED] - Delayed 2 second(s)

2023-05-23 10:42:18 - [TEST_STEP][PASSED] - verifyElementVisible(findTestObject("07-Directory/Connections/zContact Profile/Successfully invited user")): Object 'Object Repository/07-Directory/Connections/zContact Profile/Successfully invited user' is visible

2023-05-23 10:42:19 - [MESSAGE][PASSED] - Object 'Object Repository/07-Directory/Connections/zContact Profile/Successfully invited user' is visible

2023-05-23 10:42:19 - [TEST_STEP][PASSED] - delay(delay_2seconds): Delayed 2 second(s)

2023-05-23 10:42:21 - [MESSAGE][PASSED] - Delayed 2 second(s)

2023-05-23 10:42:21 - [TEST_STEP][PASSED] - click(findTestObject("01-Login and Forgot Password/User menu drop")): Object: 'Object Repository/01-Login and Forgot Password/User menu drop' is clicked on

2023-05-23 10:42:22 - [MESSAGE][PASSED] - Object: 'Object Repository/01-Login and Forgot Password/User menu drop' is clicked on

2023-05-23 10:42:22 - [TEST_STEP][PASSED] - delay(delay_2seconds): Delayed 2 second(s)

2023-05-23 10:42:24 - [MESSAGE][PASSED] - Delayed 2 second(s)

2023-05-23 10:42:24 - [TEST_STEP][PASSED] - click(findTestObject("01-Login and Forgot Password/h4_Sign Out"), STOP_ON_FAILURE): Object: 'Object Repository/01-Login and Forgot Password/h4_Sign Out' is clicked on

2023-05-23 10:42:24 - [MESSAGE][PASSED] - Object: 'Object Repository/01-Login and Forgot Password/h4_Sign Out' is clicked on

2023-05-23 10:42:24 - [TEST_STEP][PASSED] - delay(delay_2seconds): Delayed 2 second(s)

2023-05-23 10:42:26 - [MESSAGE][PASSED] - Delayed 2 second(s)

2023-05-23 10:42:26 - [TEST_STEP][PASSED] - verifyElementPresent(findTestObject("01-Login and Forgot Password/Login_Card"), 0): Object 'Object Repository/01-Login and Forgot Password/Login_Card' is present

2023-05-23 10:42:27 - [MESSAGE][WARNING] - Timeout '0' is invalid. Using default page load timeout: '30'

2023-05-23 10:42:27 - [MESSAGE][PASSED] - Object 'Object Repository/01-Login and Forgot Password/Login_Card' is present

2023-05-23 10:42:27 - [TEST_STEP][PASSED] - delay(delay_3seconds): Delayed 3 second(s)

2023-05-23 10:42:30 - [MESSAGE][PASSED] - Delayed 3 second(s)

2023-05-23 10:42:30 - [TEST_STEP][PASSED] - closeBrowser(): Browser is closed

2023-05-23 10:42:31 - [MESSAGE][PASSED] - Browser is closed

2023-05-23 10:42:31 - [TEST_STEP][PASSED] - openBrowser(""): Browser is opened with url: ''

2023-05-23 10:42:31 - [MESSAGE][INFO] - Starting 'Chrome' driver

2023-05-23 10:42:31 - [MESSAGE][INFO] - Action delay is set to 0 milliseconds

2023-05-23 10:42:33 - [MESSAGE][PASSED] - Browser is opened with url: ''

2023-05-23 10:42:33 - [TEST_STEP][PASSED] - navigateToUrl(appURL): Navigate to 'https://lab.everleagues.com/' successfully

2023-05-23 10:42:45 - [MESSAGE][PASSED] - Navigate to 'https://lab.everleagues.com/' successfully

2023-05-23 10:42:45 - [TEST_STEP][PASSED] - maximizeWindow(): Current window maximized

2023-05-23 10:42:45 - [MESSAGE][PASSED] - Current window maximized

2023-05-23 10:42:45 - [TEST_STEP][PASSED] - setText(findTestObject("02-Side Icons(Organization)/Add Contact/Email Field"), email_for_auto009): Text 'autotester009@mailinator.com' is set on object 'Object Repository/02-Side Icons(Organization)/Add Contact/Email Field'

2023-05-23 10:42:50 - [MESSAGE][PASSED] - Text 'autotester009@mailinator.com' is set on object 'Object Repository/02-Side Icons(Organization)/Add Contact/Email Field'

2023-05-23 10:42:50 - [TEST_STEP][PASSED] - setEncryptedText(findTestObject("02-Side Icons(Organization)/Add Contact/Password Field"), password): Text ****** has been set on object 'Object Repository/02-Side Icons(Organization)/Add Contact/Password Field'

2023-05-23 10:42:51 - [MESSAGE][PASSED] - Text ****** has been set on object 'Object Repository/02-Side Icons(Organization)/Add Contact/Password Field'

2023-05-23 10:42:51 - [TEST_STEP][PASSED] - click(findTestObject("02-Side Icons(Organization)/Add Contact/button_Sign in")): Object: 'Object Repository/02-Side Icons(Organization)/Add Contact/button_Sign in' is clicked on

2023-05-23 10:42:52 - [MESSAGE][PASSED] - Object: 'Object Repository/02-Side Icons(Organization)/Add Contact/button_Sign in' is clicked on

2023-05-23 10:42:52 - [TEST_STEP][PASSED] - delay(delay_2seconds): Delayed 2 second(s)

2023-05-23 10:42:54 - [MESSAGE][PASSED] - Delayed 2 second(s)

2023-05-23 10:42:54 - [TEST_STEP][PASSED] - click(findTestObject("06-Teams/For 2FA/button_Confirm_2FA")): Object: 'Object Repository/06-Teams/For 2FA/button_Confirm_2FA' is clicked on

2023-05-23 10:42:54 - [MESSAGE][PASSED] - Object: 'Object Repository/06-Teams/For 2FA/button_Confirm_2FA' is clicked on

2023-05-23 10:42:54 - [TEST_STEP][PASSED] - executeJavaScript("window.open();", []): Execute JavaScript 'window.open();' successfully

2023-05-23 10:42:54 - [MESSAGE][PASSED] - Execute JavaScript 'window.open();' successfully

2023-05-23 10:42:54 - [TEST_STEP][PASSED] - currentWindow = getWindowIndex(): Current window's index is: 0

2023-05-23 10:42:54 - [MESSAGE][PASSED] - Current window's index is: 0

2023-05-23 10:42:54 - [TEST_STEP][PASSED] - delay(delay_3seconds): Delayed 3 second(s)

2023-05-23 10:42:57 - [MESSAGE][PASSED] - Delayed 3 second(s)

2023-05-23 10:42:57 - [TEST_STEP][PASSED] - switchToWindowIndex(currentWindow + 1): Switched to window with index: '1'

2023-05-23 10:42:57 - [MESSAGE][PASSED] - Switched to window with index: '1'

2023-05-23 10:42:57 - [TEST_STEP][PASSED] - navigateToUrl(app_mailinator): Navigate to 'https://www.mailinator.com/' successfully

2023-05-23 10:43:01 - [MESSAGE][PASSED] - Navigate to 'https://www.mailinator.com/' successfully

2023-05-23 10:43:01 - [TEST_STEP][PASSED] - delay(delay_3seconds): Delayed 3 second(s)

2023-05-23 10:43:04 - [MESSAGE][PASSED] - Delayed 3 second(s)

2023-05-23 10:43:04 - [TEST_STEP][PASSED] - setText(findTestObject("00-Signup and Activation/zMailinator/input_LOGIN_search"), email_for_auto009): Text 'autotester009@mailinator.com' is set on object 'Object Repository/00-Signup and Activation/zMailinator/input_LOGIN_search'

2023-05-23 10:43:05 - [MESSAGE][PASSED] - Text 'autotester009@mailinator.com' is set on object 'Object Repository/00-Signup and Activation/zMailinator/input_LOGIN_search'

2023-05-23 10:43:05 - [TEST_STEP][PASSED] - click(findTestObject("00-Signup and Activation/zMailinator/gobutton"), STOP_ON_FAILURE): Object: 'Object Repository/00-Signup and Activation/zMailinator/gobutton' is clicked on

2023-05-23 10:43:05 - [MESSAGE][PASSED] - Object: 'Object Repository/00-Signup and Activation/zMailinator/gobutton' is clicked on

2023-05-23 10:43:05 - [TEST_STEP][PASSED] - delay(delay_3seconds): Delayed 3 second(s)

2023-05-23 10:43:08 - [MESSAGE][PASSED] - Delayed 3 second(s)

2023-05-23 10:43:08 - [TEST_STEP][PASSED] - click(findTestObject("00-Signup and Activation/zMailinator/Email - everleagues")): Object: 'Object Repository/00-Signup and Activation/zMailinator/Email - everleagues' is clicked on

2023-05-23 10:43:09 - [MESSAGE][PASSED] - Object: 'Object Repository/00-Signup and Activation/zMailinator/Email - everleagues' is clicked on

2023-05-23 10:43:09 - [TEST_STEP][PASSED] - delay(delay_3seconds): Delayed 3 second(s)

2023-05-23 10:43:12 - [MESSAGE][PASSED] - Delayed 3 second(s)

2023-05-23 10:43:12 - [TEST_STEP][PASSED] - codetwo = getText(findTestObject("Object Repository/06-Teams/For 2FA/2FA code")): Text of object 'Object Repository/06-Teams/For 2FA/2FA code' is: '504999'

2023-05-23 10:43:13 - [MESSAGE][PASSED] - Text of object 'Object Repository/06-Teams/For 2FA/2FA code' is: '504999'

2023-05-23 10:43:13 - [TEST_STEP][PASSED] - delay(delay_3seconds): Delayed 3 second(s)

2023-05-23 10:43:16 - [MESSAGE][PASSED] - Delayed 3 second(s)

2023-05-23 10:43:16 - [TEST_STEP][PASSED] - closeWindowTitle("Mailinator"): Window with title: 'Mailinator' is closed

2023-05-23 10:43:16 - [MESSAGE][PASSED] - Window with title: 'Mailinator' is closed

2023-05-23 10:43:16 - [TEST_STEP][PASSED] - delay(delay_3seconds): Delayed 3 second(s)

2023-05-23 10:43:19 - [MESSAGE][PASSED] - Delayed 3 second(s)

2023-05-23 10:43:19 - [TEST_STEP][PASSED] - switchToWindowIndex(0): Switched to window with index: '0'

2023-05-23 10:43:19 - [MESSAGE][PASSED] - Switched to window with index: '0'

2023-05-23 10:43:19 - [TEST_STEP][PASSED] - delay(delay_3seconds): Delayed 3 second(s)

2023-05-23 10:43:22 - [MESSAGE][PASSED] - Delayed 3 second(s)

2023-05-23 10:43:22 - [TEST_STEP][PASSED] - setText(findTestObject("Object Repository/06-Teams/For 2FA/input_Enter verification code_code"), codetwo): Text '504999' is set on object 'Object Repository/06-Teams/For 2FA/input_Enter verification code_code'

2023-05-23 10:43:23 - [MESSAGE][PASSED] - Text '504999' is set on object 'Object Repository/06-Teams/For 2FA/input_Enter verification code_code'

2023-05-23 10:43:23 - [TEST_STEP][PASSED] - delay(delay_3seconds): Delayed 3 second(s)

2023-05-23 10:43:26 - [MESSAGE][PASSED] - Delayed 3 second(s)

2023-05-23 10:43:26 - [TEST_STEP][PASSED] - click(findTestObject("06-Teams/For 2FA/button_Verify_2FA")): Object: 'Object Repository/06-Teams/For 2FA/button_Verify_2FA' is clicked on

2023-05-23 10:43:27 - [MESSAGE][PASSED] - Object: 'Object Repository/06-Teams/For 2FA/button_Verify_2FA' is clicked on

2023-05-23 10:43:27 - [TEST_STEP][PASSED] - delay(delay_5seconds): Delayed 5 second(s)

2023-05-23 10:43:32 - [MESSAGE][PASSED] - Delayed 5 second(s)

2023-05-23 10:43:32 - [TEST_STEP][PASSED] - executeJavaScript("window.open();", []): Execute JavaScript 'window.open();' successfully

2023-05-23 10:43:32 - [MESSAGE][PASSED] - Execute JavaScript 'window.open();' successfully

2023-05-23 10:43:32 - [TEST_STEP][PASSED] - currentWindow = getWindowIndex(): Current window's index is: 0

2023-05-23 10:43:32 - [MESSAGE][PASSED] - Current window's index is: 0

2023-05-23 10:43:32 - [TEST_STEP][PASSED] - delay(delay_3seconds): Delayed 3 second(s)

2023-05-23 10:43:35 - [MESSAGE][PASSED] - Delayed 3 second(s)

2023-05-23 10:43:35 - [TEST_STEP][PASSED] - switchToWindowIndex(currentWindow + 1): Switched to window with index: '1'

2023-05-23 10:43:35 - [MESSAGE][PASSED] - Switched to window with index: '1'

2023-05-23 10:43:35 - [TEST_STEP][PASSED] - navigateToUrl(app_mailinator): Navigate to 'https://www.mailinator.com/' successfully

2023-05-23 10:43:37 - [MESSAGE][PASSED] - Navigate to 'https://www.mailinator.com/' successfully

2023-05-23 10:43:37 - [TEST_STEP][PASSED] - delay(delay_3seconds): Delayed 3 second(s)

2023-05-23 10:43:40 - [MESSAGE][PASSED] - Delayed 3 second(s)

2023-05-23 10:43:40 - [TEST_STEP][PASSED] - setText(findTestObject("00-Signup and Activation/zMailinator/input_LOGIN_search"), email_for_auto009): Text 'autotester009@mailinator.com' is set on object 'Object Repository/00-Signup and Activation/zMailinator/input_LOGIN_search'

2023-05-23 10:43:41 - [MESSAGE][PASSED] - Text 'autotester009@mailinator.com' is set on object 'Object Repository/00-Signup and Activation/zMailinator/input_LOGIN_search'

2023-05-23 10:43:41 - [TEST_STEP][PASSED] - click(findTestObject("00-Signup and Activation/zMailinator/gobutton"), STOP_ON_FAILURE): Object: 'Object Repository/00-Signup and Activation/zMailinator/gobutton' is clicked on

2023-05-23 10:43:42 - [MESSAGE][PASSED] - Object: 'Object Repository/00-Signup and Activation/zMailinator/gobutton' is clicked on

2023-05-23 10:43:42 - [TEST_STEP][PASSED] - delay(delay_3seconds): Delayed 3 second(s)

2023-05-23 10:43:45 - [MESSAGE][PASSED] - Delayed 3 second(s)

2023-05-23 10:43:45 - [TEST_STEP][PASSED] - closeWindowTitle("Everleagues"): Window with title: 'Everleagues' is closed

2023-05-23 10:43:45 - [MESSAGE][PASSED] - Window with title: 'Everleagues' is closed

2023-05-23 10:43:45 - [TEST_STEP][PASSED] - switchToWindowIndex(0): Switched to window with index: '0'

2023-05-23 10:43:45 - [MESSAGE][PASSED] - Switched to window with index: '0'

2023-05-23 10:43:45 - [TEST_STEP][PASSED] - click(findTestObject("09-Settings/Users/Co worker/td_Invitation from GG Automation")): Object: 'Object Repository/09-Settings/Users/Co worker/td_Invitation from GG Automation' is clicked on

2023-05-23 10:43:46 - [MESSAGE][PASSED] - Object: 'Object Repository/09-Settings/Users/Co worker/td_Invitation from GG Automation' is clicked on

2023-05-23 10:43:46 - [TEST_STEP][PASSED] - click(findTestObject("09-Settings/Users/Co worker/a_Click here to join GG Automation on EverLeagues")): Object: 'Object Repository/09-Settings/Users/Co worker/a_Click here to join GG Automation on EverLeagues' is clicked on

2023-05-23 10:43:47 - [MESSAGE][PASSED] - Object: 'Object Repository/09-Settings/Users/Co worker/a_Click here to join GG Automation on EverLeagues' is clicked on

2023-05-23 10:43:47 - [TEST_STEP][PASSED] - closeWindowTitle("Mailinator"): Window with title: 'Mailinator' is closed

2023-05-23 10:43:47 - [MESSAGE][PASSED] - Window with title: 'Mailinator' is closed

2023-05-23 10:43:47 - [TEST_STEP][PASSED] - switchToWindowIndex(0): Switched to window with index: '0'

2023-05-23 10:43:47 - [MESSAGE][PASSED] - Switched to window with index: '0'

2023-05-23 10:43:47 - [TEST_STEP][PASSED] - verifyElementVisible(findTestObject("09-Settings/Users/Client/Invite modal")): Object 'Object Repository/09-Settings/Users/Client/Invite modal' is visible

2023-05-23 10:43:58 - [MESSAGE][PASSED] - Object 'Object Repository/09-Settings/Users/Client/Invite modal' is visible

2023-05-23 10:43:58 - [TEST_STEP][PASSED] - setText(findTestObject("09-Settings/Users/Client/Company field"), "QA Company"): Text 'QA Company' is set on object 'Object Repository/09-Settings/Users/Client/Company field'

2023-05-23 10:43:59 - [MESSAGE][PASSED] - Text 'QA Company' is set on object 'Object Repository/09-Settings/Users/Client/Company field'

2023-05-23 10:43:59 - [TEST_STEP][PASSED] - click(findTestObject("09-Settings/Users/Client/button_Accept")): Object: 'Object Repository/09-Settings/Users/Client/button_Accept' is clicked on

2023-05-23 10:43:59 - [MESSAGE][PASSED] - Object: 'Object Repository/09-Settings/Users/Client/button_Accept' is clicked on

2023-05-23 10:43:59 - [TEST_STEP][PASSED] - delay(delay_5seconds): Delayed 5 second(s)

2023-05-23 10:44:04 - [MESSAGE][PASSED] - Delayed 5 second(s)

2023-05-23 10:44:04 - [TEST_STEP][PASSED] - verifyElementVisible(findTestObject("09-Settings/Users/Client/div_Joined as CLIENT")): Object 'Object Repository/09-Settings/Users/Client/div_Joined as CLIENT' is visible

2023-05-23 10:44:05 - [MESSAGE][PASSED] - Object 'Object Repository/09-Settings/Users/Client/div_Joined as CLIENT' is visible

2023-05-23 10:44:05 - [TEST_STEP][PASSED] - delay(delay_3seconds): Delayed 3 second(s)

2023-05-23 10:44:08 - [MESSAGE][PASSED] - Delayed 3 second(s)

2023-05-23 10:44:08 - [TEST_STEP][PASSED] - closeBrowser(): Browser is closed

2023-05-23 10:44:10 - [MESSAGE][PASSED] - Browser is closed]]></system-out>
         <system-err><![CDATA[]]></system-err>
      </testcase>
      <testcase name="Test Cases/09-Settings/04 - Users (Invite new user as partner)" time="217.16" classname="Test Cases/09-Settings/04 - Users (Invite new user as partner)" status="PASSED">
         <system-out><![CDATA[2023-05-23 10:44:10 - [TEST_CASE][PASSED] - Test Cases/09-Settings/04 - Users (Invite new user as partner): Test Cases/09-Settings/04 - Users (Invite new user as partner)

2023-05-23 10:44:10 - [TEST_STEP][PASSED] - openBrowser(""): Browser is opened with url: ''

2023-05-23 10:44:10 - [MESSAGE][INFO] - Starting 'Chrome' driver

2023-05-23 10:44:10 - [MESSAGE][INFO] - Action delay is set to 0 milliseconds

2023-05-23 10:44:12 - [MESSAGE][PASSED] - Browser is opened with url: ''

2023-05-23 10:44:12 - [TEST_STEP][PASSED] - navigateToUrl(appURL): Navigate to 'https://lab.everleagues.com/' successfully

2023-05-23 10:44:22 - [MESSAGE][PASSED] - Navigate to 'https://lab.everleagues.com/' successfully

2023-05-23 10:44:22 - [TEST_STEP][PASSED] - maximizeWindow(): Current window maximized

2023-05-23 10:44:23 - [MESSAGE][PASSED] - Current window maximized

2023-05-23 10:44:23 - [TEST_STEP][PASSED] - callTestCase(findTestCase("01-Login and Forgot Password/04-Login(Valid Credentials-With Subscription)"), [:], STOP_ON_FAILURE): Call Test Case 'Test Cases/01-Login and Forgot Password/04-Login(Valid Credentials-With Subscription)' successfully

2023-05-23 10:44:23 - [TEST_CASE][PASSED] - Test Cases/01-Login and Forgot Password/04-Login(Valid Credentials-With Subscription): Test Cases/01-Login and Forgot Password/04-Login(Valid Credentials-With Subscription)

2023-05-23 10:44:23 - [TEST_STEP][PASSED] - setText(findTestObject("01-Login and Forgot Password/input_Email_email"), email_with_subscription): Text 'testuser05@mailinator.com' is set on object 'Object Repository/01-Login and Forgot Password/input_Email_email'

2023-05-23 10:44:27 - [MESSAGE][PASSED] - Text 'testuser05@mailinator.com' is set on object 'Object Repository/01-Login and Forgot Password/input_Email_email'

2023-05-23 10:44:27 - [TEST_STEP][PASSED] - setEncryptedText(findTestObject("01-Login and Forgot Password/input_Email_password"), password): Text ****** has been set on object 'Object Repository/01-Login and Forgot Password/input_Email_password'

2023-05-23 10:44:28 - [MESSAGE][PASSED] - Text ****** has been set on object 'Object Repository/01-Login and Forgot Password/input_Email_password'

2023-05-23 10:44:28 - [TEST_STEP][PASSED] - delay(delay_2seconds): Delayed 2 second(s)

2023-05-23 10:44:30 - [MESSAGE][PASSED] - Delayed 2 second(s)

2023-05-23 10:44:30 - [TEST_STEP][PASSED] - click(findTestObject("01-Login and Forgot Password/show pass button")): Object: 'Object Repository/01-Login and Forgot Password/show pass button' is clicked on

2023-05-23 10:44:30 - [MESSAGE][PASSED] - Object: 'Object Repository/01-Login and Forgot Password/show pass button' is clicked on

2023-05-23 10:44:30 - [TEST_STEP][PASSED] - delay(delay_3seconds): Delayed 3 second(s)

2023-05-23 10:44:33 - [MESSAGE][PASSED] - Delayed 3 second(s)

2023-05-23 10:44:33 - [TEST_STEP][PASSED] - click(findTestObject("01-Login and Forgot Password/button_Sign in")): Object: 'Object Repository/01-Login and Forgot Password/button_Sign in' is clicked on

2023-05-23 10:44:34 - [MESSAGE][PASSED] - Object: 'Object Repository/01-Login and Forgot Password/button_Sign in' is clicked on

2023-05-23 10:44:34 - [TEST_STEP][PASSED] - delay(delay_3seconds): Delayed 3 second(s)

2023-05-23 10:44:37 - [MESSAGE][PASSED] - Delayed 3 second(s)

2023-05-23 10:44:37 - [TEST_STEP][PASSED] - click(findTestObject("06-Teams/For 2FA/button_Confirm_2FA")): Object: 'Object Repository/06-Teams/For 2FA/button_Confirm_2FA' is clicked on

2023-05-23 10:44:37 - [MESSAGE][PASSED] - Object: 'Object Repository/06-Teams/For 2FA/button_Confirm_2FA' is clicked on

2023-05-23 10:44:37 - [TEST_STEP][PASSED] - executeJavaScript("window.open();", []): Execute JavaScript 'window.open();' successfully

2023-05-23 10:44:38 - [MESSAGE][PASSED] - Execute JavaScript 'window.open();' successfully

2023-05-23 10:44:38 - [TEST_STEP][PASSED] - currentWindow = getWindowIndex(): Current window's index is: 0

2023-05-23 10:44:38 - [MESSAGE][PASSED] - Current window's index is: 0

2023-05-23 10:44:38 - [TEST_STEP][PASSED] - delay(delay_3seconds): Delayed 3 second(s)

2023-05-23 10:44:41 - [MESSAGE][PASSED] - Delayed 3 second(s)

2023-05-23 10:44:41 - [TEST_STEP][PASSED] - switchToWindowIndex(currentWindow + 1): Switched to window with index: '1'

2023-05-23 10:44:41 - [MESSAGE][PASSED] - Switched to window with index: '1'

2023-05-23 10:44:41 - [TEST_STEP][PASSED] - navigateToUrl(app_mailinator): Navigate to 'https://www.mailinator.com/' successfully

2023-05-23 10:44:45 - [MESSAGE][PASSED] - Navigate to 'https://www.mailinator.com/' successfully

2023-05-23 10:44:45 - [TEST_STEP][PASSED] - delay(delay_3seconds): Delayed 3 second(s)

2023-05-23 10:44:48 - [MESSAGE][PASSED] - Delayed 3 second(s)

2023-05-23 10:44:48 - [TEST_STEP][PASSED] - setText(findTestObject("00-Signup and Activation/zMailinator/input_LOGIN_search"), email_for_searchmailinator_testuser05): Text 'testuser05@mailinator.com' is set on object 'Object Repository/00-Signup and Activation/zMailinator/input_LOGIN_search'

2023-05-23 10:44:49 - [MESSAGE][PASSED] - Text 'testuser05@mailinator.com' is set on object 'Object Repository/00-Signup and Activation/zMailinator/input_LOGIN_search'

2023-05-23 10:44:49 - [TEST_STEP][PASSED] - click(findTestObject("00-Signup and Activation/zMailinator/gobutton"), STOP_ON_FAILURE): Object: 'Object Repository/00-Signup and Activation/zMailinator/gobutton' is clicked on

2023-05-23 10:44:52 - [MESSAGE][PASSED] - Object: 'Object Repository/00-Signup and Activation/zMailinator/gobutton' is clicked on

2023-05-23 10:44:52 - [TEST_STEP][PASSED] - delay(delay_3seconds): Delayed 3 second(s)

2023-05-23 10:44:55 - [MESSAGE][PASSED] - Delayed 3 second(s)

2023-05-23 10:44:55 - [TEST_STEP][PASSED] - click(findTestObject("00-Signup and Activation/zMailinator/Email - everleagues")): Object: 'Object Repository/00-Signup and Activation/zMailinator/Email - everleagues' is clicked on

2023-05-23 10:44:56 - [MESSAGE][PASSED] - Object: 'Object Repository/00-Signup and Activation/zMailinator/Email - everleagues' is clicked on

2023-05-23 10:44:56 - [TEST_STEP][PASSED] - delay(delay_3seconds): Delayed 3 second(s)

2023-05-23 10:44:59 - [MESSAGE][PASSED] - Delayed 3 second(s)

2023-05-23 10:44:59 - [TEST_STEP][PASSED] - code = getText(findTestObject("Object Repository/06-Teams/For 2FA/2FA code")): Text of object 'Object Repository/06-Teams/For 2FA/2FA code' is: '556386'

2023-05-23 10:45:00 - [MESSAGE][PASSED] - Text of object 'Object Repository/06-Teams/For 2FA/2FA code' is: '556386'

2023-05-23 10:45:00 - [TEST_STEP][PASSED] - delay(delay_3seconds): Delayed 3 second(s)

2023-05-23 10:45:03 - [MESSAGE][PASSED] - Delayed 3 second(s)

2023-05-23 10:45:03 - [TEST_STEP][PASSED] - closeWindowTitle("Mailinator"): Window with title: 'Mailinator' is closed

2023-05-23 10:45:03 - [MESSAGE][PASSED] - Window with title: 'Mailinator' is closed

2023-05-23 10:45:03 - [TEST_STEP][PASSED] - delay(delay_3seconds): Delayed 3 second(s)

2023-05-23 10:45:06 - [MESSAGE][PASSED] - Delayed 3 second(s)

2023-05-23 10:45:06 - [TEST_STEP][PASSED] - switchToWindowIndex(0): Switched to window with index: '0'

2023-05-23 10:45:06 - [MESSAGE][PASSED] - Switched to window with index: '0'

2023-05-23 10:45:06 - [TEST_STEP][PASSED] - delay(delay_3seconds): Delayed 3 second(s)

2023-05-23 10:45:09 - [MESSAGE][PASSED] - Delayed 3 second(s)

2023-05-23 10:45:09 - [TEST_STEP][PASSED] - setText(findTestObject("Object Repository/06-Teams/For 2FA/input_Enter verification code_code"), code): Text '556386' is set on object 'Object Repository/06-Teams/For 2FA/input_Enter verification code_code'

2023-05-23 10:45:10 - [MESSAGE][PASSED] - Text '556386' is set on object 'Object Repository/06-Teams/For 2FA/input_Enter verification code_code'

2023-05-23 10:45:10 - [TEST_STEP][PASSED] - delay(delay_3seconds): Delayed 3 second(s)

2023-05-23 10:45:13 - [MESSAGE][PASSED] - Delayed 3 second(s)

2023-05-23 10:45:13 - [TEST_STEP][PASSED] - click(findTestObject("06-Teams/For 2FA/button_Verify_2FA")): Object: 'Object Repository/06-Teams/For 2FA/button_Verify_2FA' is clicked on

2023-05-23 10:45:14 - [MESSAGE][PASSED] - Object: 'Object Repository/06-Teams/For 2FA/button_Verify_2FA' is clicked on

2023-05-23 10:45:14 - [TEST_STEP][PASSED] - delay(delay_3seconds): Delayed 3 second(s)

2023-05-23 10:45:17 - [MESSAGE][PASSED] - Delayed 3 second(s)

2023-05-23 10:45:17 - [MESSAGE][PASSED] - Call Test Case 'Test Cases/01-Login and Forgot Password/04-Login(Valid Credentials-With Subscription)' successfully

2023-05-23 10:45:17 - [TEST_STEP][PASSED] - click(findTestObject("06-Teams/button_doublearrow")): Object: 'Object Repository/06-Teams/button_doublearrow' is clicked on

2023-05-23 10:45:20 - [MESSAGE][PASSED] - Object: 'Object Repository/06-Teams/button_doublearrow' is clicked on

2023-05-23 10:45:20 - [TEST_STEP][PASSED] - click(findTestObject("06-Teams/button_My Organizations")): Object: 'Object Repository/06-Teams/button_My Organizations' is clicked on

2023-05-23 10:45:21 - [MESSAGE][PASSED] - Object: 'Object Repository/06-Teams/button_My Organizations' is clicked on

2023-05-23 10:45:21 - [TEST_STEP][PASSED] - click(findTestObject("06-Teams/button_GG Automation")): Object: 'Object Repository/06-Teams/button_GG Automation' is clicked on

2023-05-23 10:45:22 - [MESSAGE][PASSED] - Object: 'Object Repository/06-Teams/button_GG Automation' is clicked on

2023-05-23 10:45:22 - [TEST_STEP][PASSED] - delay(delay_4seconds): Delayed 4 second(s)

2023-05-23 10:45:26 - [MESSAGE][PASSED] - Delayed 4 second(s)

2023-05-23 10:45:26 - [TEST_STEP][PASSED] - verifyElementVisible(findTestObject("06-Teams/span_GG Automation")): Object 'Object Repository/06-Teams/span_GG Automation' is visible

2023-05-23 10:45:26 - [MESSAGE][PASSED] - Object 'Object Repository/06-Teams/span_GG Automation' is visible

2023-05-23 10:45:26 - [TEST_STEP][PASSED] - delay(delay_5seconds): Delayed 5 second(s)

2023-05-23 10:45:31 - [MESSAGE][PASSED] - Delayed 5 second(s)

2023-05-23 10:45:31 - [TEST_STEP][PASSED] - click(findTestObject("03-Header Menu/Hamburger Button/div_Settings")): Object: 'Object Repository/03-Header Menu/Hamburger Button/div_Settings' is clicked on

2023-05-23 10:45:32 - [MESSAGE][PASSED] - Object: 'Object Repository/03-Header Menu/Hamburger Button/div_Settings' is clicked on

2023-05-23 10:45:32 - [TEST_STEP][PASSED] - delay(delay_3seconds): Delayed 3 second(s)

2023-05-23 10:45:35 - [MESSAGE][PASSED] - Delayed 3 second(s)

2023-05-23 10:45:35 - [TEST_STEP][PASSED] - scrollToElement(findTestObject("09-Settings/Users/div_Users"), 0): Scroll to object 'Object Repository/09-Settings/Users/div_Users' successfully

2023-05-23 10:45:35 - [MESSAGE][WARNING] - Timeout '0' is invalid. Using default page load timeout: '30'

2023-05-23 10:45:35 - [MESSAGE][PASSED] - Scroll to object 'Object Repository/09-Settings/Users/div_Users' successfully

2023-05-23 10:45:35 - [TEST_STEP][PASSED] - click(findTestObject("09-Settings/Users/div_Users")): Object: 'Object Repository/09-Settings/Users/div_Users' is clicked on

2023-05-23 10:45:36 - [MESSAGE][PASSED] - Object: 'Object Repository/09-Settings/Users/div_Users' is clicked on

2023-05-23 10:45:36 - [TEST_STEP][PASSED] - delay(delay_3seconds): Delayed 3 second(s)

2023-05-23 10:45:39 - [MESSAGE][PASSED] - Delayed 3 second(s)

2023-05-23 10:45:39 - [TEST_STEP][PASSED] - click(findTestObject("09-Settings/Users/button_add")): Object: 'Object Repository/09-Settings/Users/button_add' is clicked on

2023-05-23 10:45:40 - [MESSAGE][PASSED] - Object: 'Object Repository/09-Settings/Users/button_add' is clicked on

2023-05-23 10:45:40 - [TEST_STEP][PASSED] - delay(delay_3seconds): Delayed 3 second(s)

2023-05-23 10:45:43 - [MESSAGE][PASSED] - Delayed 3 second(s)

2023-05-23 10:45:43 - [TEST_STEP][PASSED] - click(findTestObject("09-Settings/Users/add Invite a single user")): Object: 'Object Repository/09-Settings/Users/add Invite a single user' is clicked on

2023-05-23 10:45:44 - [MESSAGE][PASSED] - Object: 'Object Repository/09-Settings/Users/add Invite a single user' is clicked on

2023-05-23 10:45:44 - [TEST_STEP][PASSED] - delay(delay_3seconds): Delayed 3 second(s)

2023-05-23 10:45:47 - [MESSAGE][PASSED] - Delayed 3 second(s)

2023-05-23 10:45:47 - [TEST_STEP][PASSED] - setText(findTestObject("09-Settings/Users/input_email"), email_for_auto10): Text 'autotester10@mailinator.com' is set on object 'Object Repository/09-Settings/Users/input_email'

2023-05-23 10:45:49 - [MESSAGE][PASSED] - Text 'autotester10@mailinator.com' is set on object 'Object Repository/09-Settings/Users/input_email'

2023-05-23 10:45:49 - [TEST_STEP][PASSED] - setText(findTestObject("09-Settings/Users/input_firstName"), first_name1): Text 'GG' is set on object 'Object Repository/09-Settings/Users/input_firstName'

2023-05-23 10:45:50 - [MESSAGE][PASSED] - Text 'GG' is set on object 'Object Repository/09-Settings/Users/input_firstName'

2023-05-23 10:45:50 - [TEST_STEP][PASSED] - setText(findTestObject("09-Settings/Users/input_lastName"), "Partner"): Text 'Partner' is set on object 'Object Repository/09-Settings/Users/input_lastName'

2023-05-23 10:45:51 - [MESSAGE][PASSED] - Text 'Partner' is set on object 'Object Repository/09-Settings/Users/input_lastName'

2023-05-23 10:45:51 - [TEST_STEP][PASSED] - click(findTestObject("09-Settings/Users/span_Role")): Object: 'Object Repository/09-Settings/Users/span_Role' is clicked on

2023-05-23 10:45:51 - [MESSAGE][PASSED] - Object: 'Object Repository/09-Settings/Users/span_Role' is clicked on

2023-05-23 10:45:51 - [TEST_STEP][PASSED] - click(findTestObject("09-Settings/Users/span_Partner")): Object: 'Object Repository/09-Settings/Users/span_Partner' is clicked on

2023-05-23 10:45:52 - [MESSAGE][PASSED] - Object: 'Object Repository/09-Settings/Users/span_Partner' is clicked on

2023-05-23 10:45:52 - [TEST_STEP][PASSED] - click(findTestObject("09-Settings/Users/button_Send Invitation")): Object: 'Object Repository/09-Settings/Users/button_Send Invitation' is clicked on

2023-05-23 10:45:52 - [MESSAGE][PASSED] - Object: 'Object Repository/09-Settings/Users/button_Send Invitation' is clicked on

2023-05-23 10:45:52 - [TEST_STEP][PASSED] - delay(delay_2seconds): Delayed 2 second(s)

2023-05-23 10:45:54 - [MESSAGE][PASSED] - Delayed 2 second(s)

2023-05-23 10:45:54 - [TEST_STEP][PASSED] - verifyElementVisible(findTestObject("07-Directory/Connections/zContact Profile/Successfully invited user")): Object 'Object Repository/07-Directory/Connections/zContact Profile/Successfully invited user' is visible

2023-05-23 10:45:55 - [MESSAGE][PASSED] - Object 'Object Repository/07-Directory/Connections/zContact Profile/Successfully invited user' is visible

2023-05-23 10:45:55 - [TEST_STEP][PASSED] - delay(delay_2seconds): Delayed 2 second(s)

2023-05-23 10:45:57 - [MESSAGE][PASSED] - Delayed 2 second(s)

2023-05-23 10:45:57 - [TEST_STEP][PASSED] - click(findTestObject("01-Login and Forgot Password/User menu drop")): Object: 'Object Repository/01-Login and Forgot Password/User menu drop' is clicked on

2023-05-23 10:45:58 - [MESSAGE][PASSED] - Object: 'Object Repository/01-Login and Forgot Password/User menu drop' is clicked on

2023-05-23 10:45:58 - [TEST_STEP][PASSED] - delay(delay_2seconds): Delayed 2 second(s)

2023-05-23 10:46:00 - [MESSAGE][PASSED] - Delayed 2 second(s)

2023-05-23 10:46:00 - [TEST_STEP][PASSED] - click(findTestObject("01-Login and Forgot Password/h4_Sign Out"), STOP_ON_FAILURE): Object: 'Object Repository/01-Login and Forgot Password/h4_Sign Out' is clicked on

2023-05-23 10:46:00 - [MESSAGE][PASSED] - Object: 'Object Repository/01-Login and Forgot Password/h4_Sign Out' is clicked on

2023-05-23 10:46:00 - [TEST_STEP][PASSED] - delay(delay_2seconds): Delayed 2 second(s)

2023-05-23 10:46:02 - [MESSAGE][PASSED] - Delayed 2 second(s)

2023-05-23 10:46:02 - [TEST_STEP][PASSED] - verifyElementPresent(findTestObject("01-Login and Forgot Password/Login_Card"), 0): Object 'Object Repository/01-Login and Forgot Password/Login_Card' is present

2023-05-23 10:46:02 - [MESSAGE][WARNING] - Timeout '0' is invalid. Using default page load timeout: '30'

2023-05-23 10:46:03 - [MESSAGE][PASSED] - Object 'Object Repository/01-Login and Forgot Password/Login_Card' is present

2023-05-23 10:46:03 - [TEST_STEP][PASSED] - delay(delay_3seconds): Delayed 3 second(s)

2023-05-23 10:46:06 - [MESSAGE][PASSED] - Delayed 3 second(s)

2023-05-23 10:46:06 - [TEST_STEP][PASSED] - closeBrowser(): Browser is closed

2023-05-23 10:46:07 - [MESSAGE][PASSED] - Browser is closed

2023-05-23 10:46:07 - [TEST_STEP][PASSED] - openBrowser(""): Browser is opened with url: ''

2023-05-23 10:46:07 - [MESSAGE][INFO] - Starting 'Chrome' driver

2023-05-23 10:46:07 - [MESSAGE][INFO] - Action delay is set to 0 milliseconds

2023-05-23 10:46:09 - [MESSAGE][PASSED] - Browser is opened with url: ''

2023-05-23 10:46:09 - [TEST_STEP][PASSED] - navigateToUrl(appURL): Navigate to 'https://lab.everleagues.com/' successfully

2023-05-23 10:46:18 - [MESSAGE][PASSED] - Navigate to 'https://lab.everleagues.com/' successfully

2023-05-23 10:46:18 - [TEST_STEP][PASSED] - maximizeWindow(): Current window maximized

2023-05-23 10:46:18 - [MESSAGE][PASSED] - Current window maximized

2023-05-23 10:46:18 - [TEST_STEP][PASSED] - setText(findTestObject("02-Side Icons(Organization)/Add Contact/Email Field"), email_for_auto10): Text 'autotester10@mailinator.com' is set on object 'Object Repository/02-Side Icons(Organization)/Add Contact/Email Field'

2023-05-23 10:46:22 - [MESSAGE][PASSED] - Text 'autotester10@mailinator.com' is set on object 'Object Repository/02-Side Icons(Organization)/Add Contact/Email Field'

2023-05-23 10:46:22 - [TEST_STEP][PASSED] - setEncryptedText(findTestObject("02-Side Icons(Organization)/Add Contact/Password Field"), password): Text ****** has been set on object 'Object Repository/02-Side Icons(Organization)/Add Contact/Password Field'

2023-05-23 10:46:23 - [MESSAGE][PASSED] - Text ****** has been set on object 'Object Repository/02-Side Icons(Organization)/Add Contact/Password Field'

2023-05-23 10:46:23 - [TEST_STEP][PASSED] - click(findTestObject("02-Side Icons(Organization)/Add Contact/button_Sign in")): Object: 'Object Repository/02-Side Icons(Organization)/Add Contact/button_Sign in' is clicked on

2023-05-23 10:46:23 - [MESSAGE][PASSED] - Object: 'Object Repository/02-Side Icons(Organization)/Add Contact/button_Sign in' is clicked on

2023-05-23 10:46:23 - [TEST_STEP][PASSED] - delay(delay_2seconds): Delayed 2 second(s)

2023-05-23 10:46:25 - [MESSAGE][PASSED] - Delayed 2 second(s)

2023-05-23 10:46:25 - [TEST_STEP][PASSED] - click(findTestObject("06-Teams/For 2FA/button_Confirm_2FA")): Object: 'Object Repository/06-Teams/For 2FA/button_Confirm_2FA' is clicked on

2023-05-23 10:46:26 - [MESSAGE][PASSED] - Object: 'Object Repository/06-Teams/For 2FA/button_Confirm_2FA' is clicked on

2023-05-23 10:46:26 - [TEST_STEP][PASSED] - executeJavaScript("window.open();", []): Execute JavaScript 'window.open();' successfully

2023-05-23 10:46:26 - [MESSAGE][PASSED] - Execute JavaScript 'window.open();' successfully

2023-05-23 10:46:26 - [TEST_STEP][PASSED] - currentWindow = getWindowIndex(): Current window's index is: 0

2023-05-23 10:46:26 - [MESSAGE][PASSED] - Current window's index is: 0

2023-05-23 10:46:26 - [TEST_STEP][PASSED] - delay(delay_3seconds): Delayed 3 second(s)

2023-05-23 10:46:29 - [MESSAGE][PASSED] - Delayed 3 second(s)

2023-05-23 10:46:29 - [TEST_STEP][PASSED] - switchToWindowIndex(currentWindow + 1): Switched to window with index: '1'

2023-05-23 10:46:29 - [MESSAGE][PASSED] - Switched to window with index: '1'

2023-05-23 10:46:29 - [TEST_STEP][PASSED] - navigateToUrl(app_mailinator): Navigate to 'https://www.mailinator.com/' successfully

2023-05-23 10:46:33 - [MESSAGE][PASSED] - Navigate to 'https://www.mailinator.com/' successfully

2023-05-23 10:46:33 - [TEST_STEP][PASSED] - delay(delay_3seconds): Delayed 3 second(s)

2023-05-23 10:46:36 - [MESSAGE][PASSED] - Delayed 3 second(s)

2023-05-23 10:46:36 - [TEST_STEP][PASSED] - setText(findTestObject("00-Signup and Activation/zMailinator/input_LOGIN_search"), email_for_auto10): Text 'autotester10@mailinator.com' is set on object 'Object Repository/00-Signup and Activation/zMailinator/input_LOGIN_search'

2023-05-23 10:46:37 - [MESSAGE][PASSED] - Text 'autotester10@mailinator.com' is set on object 'Object Repository/00-Signup and Activation/zMailinator/input_LOGIN_search'

2023-05-23 10:46:37 - [TEST_STEP][PASSED] - click(findTestObject("00-Signup and Activation/zMailinator/gobutton"), STOP_ON_FAILURE): Object: 'Object Repository/00-Signup and Activation/zMailinator/gobutton' is clicked on

2023-05-23 10:46:37 - [MESSAGE][PASSED] - Object: 'Object Repository/00-Signup and Activation/zMailinator/gobutton' is clicked on

2023-05-23 10:46:37 - [TEST_STEP][PASSED] - delay(delay_3seconds): Delayed 3 second(s)

2023-05-23 10:46:40 - [MESSAGE][PASSED] - Delayed 3 second(s)

2023-05-23 10:46:40 - [TEST_STEP][PASSED] - click(findTestObject("00-Signup and Activation/zMailinator/Email - everleagues")): Object: 'Object Repository/00-Signup and Activation/zMailinator/Email - everleagues' is clicked on

2023-05-23 10:46:41 - [MESSAGE][PASSED] - Object: 'Object Repository/00-Signup and Activation/zMailinator/Email - everleagues' is clicked on

2023-05-23 10:46:41 - [TEST_STEP][PASSED] - delay(delay_3seconds): Delayed 3 second(s)

2023-05-23 10:46:44 - [MESSAGE][PASSED] - Delayed 3 second(s)

2023-05-23 10:46:44 - [TEST_STEP][PASSED] - codetwo = getText(findTestObject("Object Repository/06-Teams/For 2FA/2FA code")): Text of object 'Object Repository/06-Teams/For 2FA/2FA code' is: '447506'

2023-05-23 10:46:45 - [MESSAGE][PASSED] - Text of object 'Object Repository/06-Teams/For 2FA/2FA code' is: '447506'

2023-05-23 10:46:45 - [TEST_STEP][PASSED] - delay(delay_3seconds): Delayed 3 second(s)

2023-05-23 10:46:48 - [MESSAGE][PASSED] - Delayed 3 second(s)

2023-05-23 10:46:48 - [TEST_STEP][PASSED] - closeWindowTitle("Mailinator"): Window with title: 'Mailinator' is closed

2023-05-23 10:46:48 - [MESSAGE][PASSED] - Window with title: 'Mailinator' is closed

2023-05-23 10:46:48 - [TEST_STEP][PASSED] - delay(delay_3seconds): Delayed 3 second(s)

2023-05-23 10:46:51 - [MESSAGE][PASSED] - Delayed 3 second(s)

2023-05-23 10:46:51 - [TEST_STEP][PASSED] - switchToWindowIndex(0): Switched to window with index: '0'

2023-05-23 10:46:51 - [MESSAGE][PASSED] - Switched to window with index: '0'

2023-05-23 10:46:51 - [TEST_STEP][PASSED] - delay(delay_3seconds): Delayed 3 second(s)

2023-05-23 10:46:54 - [MESSAGE][PASSED] - Delayed 3 second(s)

2023-05-23 10:46:54 - [TEST_STEP][PASSED] - setText(findTestObject("Object Repository/06-Teams/For 2FA/input_Enter verification code_code"), codetwo): Text '447506' is set on object 'Object Repository/06-Teams/For 2FA/input_Enter verification code_code'

2023-05-23 10:46:55 - [MESSAGE][PASSED] - Text '447506' is set on object 'Object Repository/06-Teams/For 2FA/input_Enter verification code_code'

2023-05-23 10:46:55 - [TEST_STEP][PASSED] - delay(delay_3seconds): Delayed 3 second(s)

2023-05-23 10:46:58 - [MESSAGE][PASSED] - Delayed 3 second(s)

2023-05-23 10:46:58 - [TEST_STEP][PASSED] - click(findTestObject("06-Teams/For 2FA/button_Verify_2FA")): Object: 'Object Repository/06-Teams/For 2FA/button_Verify_2FA' is clicked on

2023-05-23 10:46:59 - [MESSAGE][PASSED] - Object: 'Object Repository/06-Teams/For 2FA/button_Verify_2FA' is clicked on

2023-05-23 10:46:59 - [TEST_STEP][PASSED] - delay(delay_5seconds): Delayed 5 second(s)

2023-05-23 10:47:04 - [MESSAGE][PASSED] - Delayed 5 second(s)

2023-05-23 10:47:04 - [TEST_STEP][PASSED] - executeJavaScript("window.open();", []): Execute JavaScript 'window.open();' successfully

2023-05-23 10:47:04 - [MESSAGE][PASSED] - Execute JavaScript 'window.open();' successfully

2023-05-23 10:47:04 - [TEST_STEP][PASSED] - currentWindow = getWindowIndex(): Current window's index is: 0

2023-05-23 10:47:04 - [MESSAGE][PASSED] - Current window's index is: 0

2023-05-23 10:47:04 - [TEST_STEP][PASSED] - delay(delay_3seconds): Delayed 3 second(s)

2023-05-23 10:47:07 - [MESSAGE][PASSED] - Delayed 3 second(s)

2023-05-23 10:47:07 - [TEST_STEP][PASSED] - switchToWindowIndex(currentWindow + 1): Switched to window with index: '1'

2023-05-23 10:47:07 - [MESSAGE][PASSED] - Switched to window with index: '1'

2023-05-23 10:47:07 - [TEST_STEP][PASSED] - navigateToUrl(app_mailinator): Navigate to 'https://www.mailinator.com/' successfully

2023-05-23 10:47:09 - [MESSAGE][PASSED] - Navigate to 'https://www.mailinator.com/' successfully

2023-05-23 10:47:09 - [TEST_STEP][PASSED] - delay(delay_3seconds): Delayed 3 second(s)

2023-05-23 10:47:12 - [MESSAGE][PASSED] - Delayed 3 second(s)

2023-05-23 10:47:12 - [TEST_STEP][PASSED] - setText(findTestObject("00-Signup and Activation/zMailinator/input_LOGIN_search"), email_for_auto10): Text 'autotester10@mailinator.com' is set on object 'Object Repository/00-Signup and Activation/zMailinator/input_LOGIN_search'

2023-05-23 10:47:13 - [MESSAGE][PASSED] - Text 'autotester10@mailinator.com' is set on object 'Object Repository/00-Signup and Activation/zMailinator/input_LOGIN_search'

2023-05-23 10:47:13 - [TEST_STEP][PASSED] - click(findTestObject("00-Signup and Activation/zMailinator/gobutton"), STOP_ON_FAILURE): Object: 'Object Repository/00-Signup and Activation/zMailinator/gobutton' is clicked on

2023-05-23 10:47:15 - [MESSAGE][PASSED] - Object: 'Object Repository/00-Signup and Activation/zMailinator/gobutton' is clicked on

2023-05-23 10:47:15 - [TEST_STEP][PASSED] - delay(delay_3seconds): Delayed 3 second(s)

2023-05-23 10:47:18 - [MESSAGE][PASSED] - Delayed 3 second(s)

2023-05-23 10:47:18 - [TEST_STEP][PASSED] - closeWindowTitle("Everleagues"): Window with title: 'Everleagues' is closed

2023-05-23 10:47:19 - [MESSAGE][PASSED] - Window with title: 'Everleagues' is closed

2023-05-23 10:47:19 - [TEST_STEP][PASSED] - switchToWindowIndex(0): Switched to window with index: '0'

2023-05-23 10:47:19 - [MESSAGE][PASSED] - Switched to window with index: '0'

2023-05-23 10:47:19 - [TEST_STEP][PASSED] - click(findTestObject("09-Settings/Users/Co worker/td_Invitation from GG Automation")): Object: 'Object Repository/09-Settings/Users/Co worker/td_Invitation from GG Automation' is clicked on

2023-05-23 10:47:19 - [MESSAGE][PASSED] - Object: 'Object Repository/09-Settings/Users/Co worker/td_Invitation from GG Automation' is clicked on

2023-05-23 10:47:19 - [TEST_STEP][PASSED] - click(findTestObject("09-Settings/Users/Co worker/a_Click here to join GG Automation on EverLeagues")): Object: 'Object Repository/09-Settings/Users/Co worker/a_Click here to join GG Automation on EverLeagues' is clicked on

2023-05-23 10:47:21 - [MESSAGE][PASSED] - Object: 'Object Repository/09-Settings/Users/Co worker/a_Click here to join GG Automation on EverLeagues' is clicked on

2023-05-23 10:47:21 - [TEST_STEP][PASSED] - closeWindowTitle("Mailinator"): Window with title: 'Mailinator' is closed

2023-05-23 10:47:21 - [MESSAGE][PASSED] - Window with title: 'Mailinator' is closed

2023-05-23 10:47:21 - [TEST_STEP][PASSED] - switchToWindowIndex(0): Switched to window with index: '0'

2023-05-23 10:47:21 - [MESSAGE][PASSED] - Switched to window with index: '0'

2023-05-23 10:47:21 - [TEST_STEP][PASSED] - verifyElementVisible(findTestObject("09-Settings/Users/Client/Invite modal")): Object 'Object Repository/09-Settings/Users/Client/Invite modal' is visible

2023-05-23 10:47:29 - [MESSAGE][PASSED] - Object 'Object Repository/09-Settings/Users/Client/Invite modal' is visible

2023-05-23 10:47:29 - [TEST_STEP][PASSED] - setText(findTestObject("09-Settings/Users/Client/Company field"), "QA Company"): Text 'QA Company' is set on object 'Object Repository/09-Settings/Users/Client/Company field'

2023-05-23 10:47:32 - [MESSAGE][PASSED] - Text 'QA Company' is set on object 'Object Repository/09-Settings/Users/Client/Company field'

2023-05-23 10:47:32 - [TEST_STEP][PASSED] - click(findTestObject("09-Settings/Users/Client/button_Accept")): Object: 'Object Repository/09-Settings/Users/Client/button_Accept' is clicked on

2023-05-23 10:47:33 - [MESSAGE][PASSED] - Object: 'Object Repository/09-Settings/Users/Client/button_Accept' is clicked on

2023-05-23 10:47:33 - [TEST_STEP][PASSED] - delay(delay_5seconds): Delayed 5 second(s)

2023-05-23 10:47:38 - [MESSAGE][PASSED] - Delayed 5 second(s)

2023-05-23 10:47:38 - [TEST_STEP][PASSED] - verifyElementVisible(findTestObject("09-Settings/Users/div_Joined as Partner")): Object 'Object Repository/09-Settings/Users/div_Joined as Partner' is visible

2023-05-23 10:47:43 - [MESSAGE][PASSED] - Object 'Object Repository/09-Settings/Users/div_Joined as Partner' is visible

2023-05-23 10:47:43 - [TEST_STEP][PASSED] - delay(delay_3seconds): Delayed 3 second(s)

2023-05-23 10:47:46 - [MESSAGE][PASSED] - Delayed 3 second(s)

2023-05-23 10:47:46 - [TEST_STEP][PASSED] - closeBrowser(): Browser is closed

2023-05-23 10:47:47 - [MESSAGE][PASSED] - Browser is closed]]></system-out>
         <system-err><![CDATA[]]></system-err>
      </testcase>
      <testcase name="Test Cases/09-Settings/05 - Users (Invite batch of users via CSV file)" time="123.195" classname="Test Cases/09-Settings/05 - Users (Invite batch of users via CSV file)" status="PASSED">
         <system-out><![CDATA[2023-05-23 10:47:47 - [TEST_CASE][PASSED] - Test Cases/09-Settings/05 - Users (Invite batch of users via CSV file): Test Cases/09-Settings/05 - Users (Invite batch of users via CSV file)

2023-05-23 10:47:48 - [TEST_STEP][PASSED] - openBrowser(""): Browser is opened with url: ''

2023-05-23 10:47:48 - [MESSAGE][INFO] - Starting 'Chrome' driver

2023-05-23 10:47:48 - [MESSAGE][INFO] - Action delay is set to 0 milliseconds

2023-05-23 10:47:49 - [MESSAGE][PASSED] - Browser is opened with url: ''

2023-05-23 10:47:49 - [TEST_STEP][PASSED] - navigateToUrl(appURL): Navigate to 'https://lab.everleagues.com/' successfully

2023-05-23 10:47:59 - [MESSAGE][PASSED] - Navigate to 'https://lab.everleagues.com/' successfully

2023-05-23 10:47:59 - [TEST_STEP][PASSED] - maximizeWindow(): Current window maximized

2023-05-23 10:47:59 - [MESSAGE][PASSED] - Current window maximized

2023-05-23 10:47:59 - [TEST_STEP][PASSED] - callTestCase(findTestCase("01-Login and Forgot Password/04-Login(Valid Credentials-With Subscription)"), [:], STOP_ON_FAILURE): Call Test Case 'Test Cases/01-Login and Forgot Password/04-Login(Valid Credentials-With Subscription)' successfully

2023-05-23 10:48:00 - [TEST_CASE][PASSED] - Test Cases/01-Login and Forgot Password/04-Login(Valid Credentials-With Subscription): Test Cases/01-Login and Forgot Password/04-Login(Valid Credentials-With Subscription)

2023-05-23 10:48:00 - [TEST_STEP][PASSED] - setText(findTestObject("01-Login and Forgot Password/input_Email_email"), email_with_subscription): Text 'testuser05@mailinator.com' is set on object 'Object Repository/01-Login and Forgot Password/input_Email_email'

2023-05-23 10:48:04 - [MESSAGE][PASSED] - Text 'testuser05@mailinator.com' is set on object 'Object Repository/01-Login and Forgot Password/input_Email_email'

2023-05-23 10:48:04 - [TEST_STEP][PASSED] - setEncryptedText(findTestObject("01-Login and Forgot Password/input_Email_password"), password): Text ****** has been set on object 'Object Repository/01-Login and Forgot Password/input_Email_password'

2023-05-23 10:48:05 - [MESSAGE][PASSED] - Text ****** has been set on object 'Object Repository/01-Login and Forgot Password/input_Email_password'

2023-05-23 10:48:05 - [TEST_STEP][PASSED] - delay(delay_2seconds): Delayed 2 second(s)

2023-05-23 10:48:07 - [MESSAGE][PASSED] - Delayed 2 second(s)

2023-05-23 10:48:07 - [TEST_STEP][PASSED] - click(findTestObject("01-Login and Forgot Password/show pass button")): Object: 'Object Repository/01-Login and Forgot Password/show pass button' is clicked on

2023-05-23 10:48:07 - [MESSAGE][PASSED] - Object: 'Object Repository/01-Login and Forgot Password/show pass button' is clicked on

2023-05-23 10:48:07 - [TEST_STEP][PASSED] - delay(delay_3seconds): Delayed 3 second(s)

2023-05-23 10:48:10 - [MESSAGE][PASSED] - Delayed 3 second(s)

2023-05-23 10:48:10 - [TEST_STEP][PASSED] - click(findTestObject("01-Login and Forgot Password/button_Sign in")): Object: 'Object Repository/01-Login and Forgot Password/button_Sign in' is clicked on

2023-05-23 10:48:11 - [MESSAGE][PASSED] - Object: 'Object Repository/01-Login and Forgot Password/button_Sign in' is clicked on

2023-05-23 10:48:11 - [TEST_STEP][PASSED] - delay(delay_3seconds): Delayed 3 second(s)

2023-05-23 10:48:14 - [MESSAGE][PASSED] - Delayed 3 second(s)

2023-05-23 10:48:14 - [TEST_STEP][PASSED] - click(findTestObject("06-Teams/For 2FA/button_Confirm_2FA")): Object: 'Object Repository/06-Teams/For 2FA/button_Confirm_2FA' is clicked on

2023-05-23 10:48:14 - [MESSAGE][PASSED] - Object: 'Object Repository/06-Teams/For 2FA/button_Confirm_2FA' is clicked on

2023-05-23 10:48:14 - [TEST_STEP][PASSED] - executeJavaScript("window.open();", []): Execute JavaScript 'window.open();' successfully

2023-05-23 10:48:15 - [MESSAGE][PASSED] - Execute JavaScript 'window.open();' successfully

2023-05-23 10:48:15 - [TEST_STEP][PASSED] - currentWindow = getWindowIndex(): Current window's index is: 0

2023-05-23 10:48:15 - [MESSAGE][PASSED] - Current window's index is: 0

2023-05-23 10:48:15 - [TEST_STEP][PASSED] - delay(delay_3seconds): Delayed 3 second(s)

2023-05-23 10:48:18 - [MESSAGE][PASSED] - Delayed 3 second(s)

2023-05-23 10:48:18 - [TEST_STEP][PASSED] - switchToWindowIndex(currentWindow + 1): Switched to window with index: '1'

2023-05-23 10:48:18 - [MESSAGE][PASSED] - Switched to window with index: '1'

2023-05-23 10:48:18 - [TEST_STEP][PASSED] - navigateToUrl(app_mailinator): Navigate to 'https://www.mailinator.com/' successfully

2023-05-23 10:48:22 - [MESSAGE][PASSED] - Navigate to 'https://www.mailinator.com/' successfully

2023-05-23 10:48:22 - [TEST_STEP][PASSED] - delay(delay_3seconds): Delayed 3 second(s)

2023-05-23 10:48:25 - [MESSAGE][PASSED] - Delayed 3 second(s)

2023-05-23 10:48:25 - [TEST_STEP][PASSED] - setText(findTestObject("00-Signup and Activation/zMailinator/input_LOGIN_search"), email_for_searchmailinator_testuser05): Text 'testuser05@mailinator.com' is set on object 'Object Repository/00-Signup and Activation/zMailinator/input_LOGIN_search'

2023-05-23 10:48:26 - [MESSAGE][PASSED] - Text 'testuser05@mailinator.com' is set on object 'Object Repository/00-Signup and Activation/zMailinator/input_LOGIN_search'

2023-05-23 10:48:26 - [TEST_STEP][PASSED] - click(findTestObject("00-Signup and Activation/zMailinator/gobutton"), STOP_ON_FAILURE): Object: 'Object Repository/00-Signup and Activation/zMailinator/gobutton' is clicked on

2023-05-23 10:48:29 - [MESSAGE][PASSED] - Object: 'Object Repository/00-Signup and Activation/zMailinator/gobutton' is clicked on

2023-05-23 10:48:29 - [TEST_STEP][PASSED] - delay(delay_3seconds): Delayed 3 second(s)

2023-05-23 10:48:32 - [MESSAGE][PASSED] - Delayed 3 second(s)

2023-05-23 10:48:32 - [TEST_STEP][PASSED] - click(findTestObject("00-Signup and Activation/zMailinator/Email - everleagues")): Object: 'Object Repository/00-Signup and Activation/zMailinator/Email - everleagues' is clicked on

2023-05-23 10:48:33 - [MESSAGE][PASSED] - Object: 'Object Repository/00-Signup and Activation/zMailinator/Email - everleagues' is clicked on

2023-05-23 10:48:33 - [TEST_STEP][PASSED] - delay(delay_3seconds): Delayed 3 second(s)

2023-05-23 10:48:36 - [MESSAGE][PASSED] - Delayed 3 second(s)

2023-05-23 10:48:36 - [TEST_STEP][PASSED] - code = getText(findTestObject("Object Repository/06-Teams/For 2FA/2FA code")): Text of object 'Object Repository/06-Teams/For 2FA/2FA code' is: '764157'

2023-05-23 10:48:37 - [MESSAGE][PASSED] - Text of object 'Object Repository/06-Teams/For 2FA/2FA code' is: '764157'

2023-05-23 10:48:37 - [TEST_STEP][PASSED] - delay(delay_3seconds): Delayed 3 second(s)

2023-05-23 10:48:40 - [MESSAGE][PASSED] - Delayed 3 second(s)

2023-05-23 10:48:40 - [TEST_STEP][PASSED] - closeWindowTitle("Mailinator"): Window with title: 'Mailinator' is closed

2023-05-23 10:48:40 - [MESSAGE][PASSED] - Window with title: 'Mailinator' is closed

2023-05-23 10:48:40 - [TEST_STEP][PASSED] - delay(delay_3seconds): Delayed 3 second(s)

2023-05-23 10:48:43 - [MESSAGE][PASSED] - Delayed 3 second(s)

2023-05-23 10:48:43 - [TEST_STEP][PASSED] - switchToWindowIndex(0): Switched to window with index: '0'

2023-05-23 10:48:43 - [MESSAGE][PASSED] - Switched to window with index: '0'

2023-05-23 10:48:43 - [TEST_STEP][PASSED] - delay(delay_3seconds): Delayed 3 second(s)

2023-05-23 10:48:46 - [MESSAGE][PASSED] - Delayed 3 second(s)

2023-05-23 10:48:46 - [TEST_STEP][PASSED] - setText(findTestObject("Object Repository/06-Teams/For 2FA/input_Enter verification code_code"), code): Text '764157' is set on object 'Object Repository/06-Teams/For 2FA/input_Enter verification code_code'

2023-05-23 10:48:47 - [MESSAGE][PASSED] - Text '764157' is set on object 'Object Repository/06-Teams/For 2FA/input_Enter verification code_code'

2023-05-23 10:48:47 - [TEST_STEP][PASSED] - delay(delay_3seconds): Delayed 3 second(s)

2023-05-23 10:48:50 - [MESSAGE][PASSED] - Delayed 3 second(s)

2023-05-23 10:48:50 - [TEST_STEP][PASSED] - click(findTestObject("06-Teams/For 2FA/button_Verify_2FA")): Object: 'Object Repository/06-Teams/For 2FA/button_Verify_2FA' is clicked on

2023-05-23 10:48:51 - [MESSAGE][PASSED] - Object: 'Object Repository/06-Teams/For 2FA/button_Verify_2FA' is clicked on

2023-05-23 10:48:51 - [TEST_STEP][PASSED] - delay(delay_3seconds): Delayed 3 second(s)

2023-05-23 10:48:54 - [MESSAGE][PASSED] - Delayed 3 second(s)

2023-05-23 10:48:54 - [MESSAGE][PASSED] - Call Test Case 'Test Cases/01-Login and Forgot Password/04-Login(Valid Credentials-With Subscription)' successfully

2023-05-23 10:48:54 - [TEST_STEP][PASSED] - click(findTestObject("06-Teams/button_doublearrow")): Object: 'Object Repository/06-Teams/button_doublearrow' is clicked on

2023-05-23 10:48:58 - [MESSAGE][PASSED] - Object: 'Object Repository/06-Teams/button_doublearrow' is clicked on

2023-05-23 10:48:58 - [TEST_STEP][PASSED] - click(findTestObject("06-Teams/button_My Organizations")): Object: 'Object Repository/06-Teams/button_My Organizations' is clicked on

2023-05-23 10:48:59 - [MESSAGE][PASSED] - Object: 'Object Repository/06-Teams/button_My Organizations' is clicked on

2023-05-23 10:48:59 - [TEST_STEP][PASSED] - click(findTestObject("06-Teams/button_GG Automation")): Object: 'Object Repository/06-Teams/button_GG Automation' is clicked on

2023-05-23 10:49:00 - [MESSAGE][PASSED] - Object: 'Object Repository/06-Teams/button_GG Automation' is clicked on

2023-05-23 10:49:00 - [TEST_STEP][PASSED] - delay(delay_4seconds): Delayed 4 second(s)

2023-05-23 10:49:04 - [MESSAGE][PASSED] - Delayed 4 second(s)

2023-05-23 10:49:04 - [TEST_STEP][PASSED] - verifyElementVisible(findTestObject("06-Teams/span_GG Automation")): Object 'Object Repository/06-Teams/span_GG Automation' is visible

2023-05-23 10:49:04 - [MESSAGE][PASSED] - Object 'Object Repository/06-Teams/span_GG Automation' is visible

2023-05-23 10:49:04 - [TEST_STEP][PASSED] - delay(delay_5seconds): Delayed 5 second(s)

2023-05-23 10:49:09 - [MESSAGE][PASSED] - Delayed 5 second(s)

2023-05-23 10:49:09 - [TEST_STEP][PASSED] - click(findTestObject("03-Header Menu/Hamburger Button/div_Settings")): Object: 'Object Repository/03-Header Menu/Hamburger Button/div_Settings' is clicked on

2023-05-23 10:49:10 - [MESSAGE][PASSED] - Object: 'Object Repository/03-Header Menu/Hamburger Button/div_Settings' is clicked on

2023-05-23 10:49:10 - [TEST_STEP][PASSED] - delay(delay_3seconds): Delayed 3 second(s)

2023-05-23 10:49:13 - [MESSAGE][PASSED] - Delayed 3 second(s)

2023-05-23 10:49:13 - [TEST_STEP][PASSED] - scrollToElement(findTestObject("09-Settings/Users/div_Users"), 0): Scroll to object 'Object Repository/09-Settings/Users/div_Users' successfully

2023-05-23 10:49:14 - [MESSAGE][WARNING] - Timeout '0' is invalid. Using default page load timeout: '30'

2023-05-23 10:49:14 - [MESSAGE][PASSED] - Scroll to object 'Object Repository/09-Settings/Users/div_Users' successfully

2023-05-23 10:49:14 - [TEST_STEP][PASSED] - click(findTestObject("09-Settings/Users/div_Users")): Object: 'Object Repository/09-Settings/Users/div_Users' is clicked on

2023-05-23 10:49:15 - [MESSAGE][PASSED] - Object: 'Object Repository/09-Settings/Users/div_Users' is clicked on

2023-05-23 10:49:15 - [TEST_STEP][PASSED] - delay(delay_3seconds): Delayed 3 second(s)

2023-05-23 10:49:18 - [MESSAGE][PASSED] - Delayed 3 second(s)

2023-05-23 10:49:18 - [TEST_STEP][PASSED] - click(findTestObject("09-Settings/Users/button_add")): Object: 'Object Repository/09-Settings/Users/button_add' is clicked on

2023-05-23 10:49:18 - [MESSAGE][PASSED] - Object: 'Object Repository/09-Settings/Users/button_add' is clicked on

2023-05-23 10:49:18 - [TEST_STEP][PASSED] - delay(delay_3seconds): Delayed 3 second(s)

2023-05-23 10:49:21 - [MESSAGE][PASSED] - Delayed 3 second(s)

2023-05-23 10:49:21 - [TEST_STEP][PASSED] - click(findTestObject("09-Settings/Users/Invite batch of users via CSV file")): Object: 'Object Repository/09-Settings/Users/Invite batch of users via CSV file' is clicked on

2023-05-23 10:49:22 - [MESSAGE][PASSED] - Object: 'Object Repository/09-Settings/Users/Invite batch of users via CSV file' is clicked on

2023-05-23 10:49:22 - [TEST_STEP][PASSED] - verifyElementVisible(findTestObject("09-Settings/Users/CSV Invite/Import CSV File modal")): Object 'Object Repository/09-Settings/Users/CSV Invite/Import CSV File modal' is visible

2023-05-23 10:49:22 - [MESSAGE][PASSED] - Object 'Object Repository/09-Settings/Users/CSV Invite/Import CSV File modal' is visible

2023-05-23 10:49:22 - [TEST_STEP][PASSED] - verifyElementNotClickable(findTestObject("09-Settings/Users/CSV Invite/button_Import")): Object 'Object Repository/09-Settings/Users/CSV Invite/button_Import' is NOT clickable

2023-05-23 10:49:23 - [MESSAGE][PASSED] - Object 'Object Repository/09-Settings/Users/CSV Invite/button_Import' is NOT clickable

2023-05-23 10:49:23 - [TEST_STEP][PASSED] - delay(delay_3seconds): Delayed 3 second(s)

2023-05-23 10:49:26 - [MESSAGE][PASSED] - Delayed 3 second(s)

2023-05-23 10:49:26 - [TEST_STEP][PASSED] - uploadpackage.Upload.uploadFile(findTestObject("Object Repository/09-Settings/Users/CSV Invite/button_Choose File"), upload_csv_file): uploadpackage.Upload.uploadFile is PASSED

2023-05-23 10:49:27 - [MESSAGE][PASSED] - Object: 'Object Repository/09-Settings/Users/CSV Invite/button_Choose File' is clicked on

2023-05-23 10:49:29 - [MESSAGE][PASSED] - uploadpackage.Upload.uploadFile is PASSED

2023-05-23 10:49:29 - [TEST_STEP][PASSED] - delay(delay_3seconds): Delayed 3 second(s)

2023-05-23 10:49:32 - [MESSAGE][PASSED] - Delayed 3 second(s)

2023-05-23 10:49:32 - [TEST_STEP][PASSED] - verifyElementVisible(findTestObject("09-Settings/Users/CSV Invite/div_Sample csv.csv")): Object 'Object Repository/09-Settings/Users/CSV Invite/div_Sample csv.csv' is visible

2023-05-23 10:49:32 - [MESSAGE][PASSED] - Object 'Object Repository/09-Settings/Users/CSV Invite/div_Sample csv.csv' is visible

2023-05-23 10:49:32 - [TEST_STEP][PASSED] - click(findTestObject("09-Settings/Users/CSV Invite/button_Import")): Object: 'Object Repository/09-Settings/Users/CSV Invite/button_Import' is clicked on

2023-05-23 10:49:33 - [MESSAGE][PASSED] - Object: 'Object Repository/09-Settings/Users/CSV Invite/button_Import' is clicked on

2023-05-23 10:49:33 - [TEST_STEP][PASSED] - delay(delay_5seconds): Delayed 5 second(s)

2023-05-23 10:49:38 - [MESSAGE][PASSED] - Delayed 5 second(s)

2023-05-23 10:49:38 - [TEST_STEP][PASSED] - verifyElementVisible(findTestObject("09-Settings/Users/CSV Invite/Success import modal")): Object 'Object Repository/09-Settings/Users/CSV Invite/Success import modal' is visible

2023-05-23 10:49:38 - [MESSAGE][PASSED] - Object 'Object Repository/09-Settings/Users/CSV Invite/Success import modal' is visible

2023-05-23 10:49:38 - [TEST_STEP][PASSED] - click(findTestObject("09-Settings/Users/CSV Invite/button_Close")): Object: 'Object Repository/09-Settings/Users/CSV Invite/button_Close' is clicked on

2023-05-23 10:49:39 - [MESSAGE][PASSED] - Object: 'Object Repository/09-Settings/Users/CSV Invite/button_Close' is clicked on

2023-05-23 10:49:39 - [TEST_STEP][PASSED] - click(findTestObject("09-Settings/Users/CSV Invite/Invited Users tab")): Object: 'Object Repository/09-Settings/Users/CSV Invite/Invited Users tab' is clicked on

2023-05-23 10:49:39 - [MESSAGE][PASSED] - Object: 'Object Repository/09-Settings/Users/CSV Invite/Invited Users tab' is clicked on

2023-05-23 10:49:39 - [TEST_STEP][PASSED] - delay(delay_3seconds): Delayed 3 second(s)

2023-05-23 10:49:42 - [MESSAGE][PASSED] - Delayed 3 second(s)

2023-05-23 10:49:42 - [TEST_STEP][PASSED] - verifyElementVisible(findTestObject("09-Settings/Users/CSV Invite/div_CTCSV test3")): Object 'Object Repository/09-Settings/Users/CSV Invite/div_CTCSV test3' is visible

2023-05-23 10:49:43 - [MESSAGE][PASSED] - Object 'Object Repository/09-Settings/Users/CSV Invite/div_CTCSV test3' is visible

2023-05-23 10:49:43 - [TEST_STEP][PASSED] - verifyElementVisible(findTestObject("09-Settings/Users/CSV Invite/div_autotester08mailinator.com")): Object 'Object Repository/09-Settings/Users/CSV Invite/div_autotester08mailinator.com' is visible

2023-05-23 10:49:43 - [MESSAGE][PASSED] - Object 'Object Repository/09-Settings/Users/CSV Invite/div_autotester08mailinator.com' is visible

2023-05-23 10:49:43 - [TEST_STEP][PASSED] - verifyElementVisible(findTestObject("09-Settings/Users/CSV Invite/div_Partner")): Object 'Object Repository/09-Settings/Users/CSV Invite/div_Partner' is visible

2023-05-23 10:49:44 - [MESSAGE][PASSED] - Object 'Object Repository/09-Settings/Users/CSV Invite/div_Partner' is visible

2023-05-23 10:49:44 - [TEST_STEP][PASSED] - verifyElementVisible(findTestObject("09-Settings/Users/CSV Invite/div_CTCSV test2")): Object 'Object Repository/09-Settings/Users/CSV Invite/div_CTCSV test2' is visible

2023-05-23 10:49:44 - [MESSAGE][PASSED] - Object 'Object Repository/09-Settings/Users/CSV Invite/div_CTCSV test2' is visible

2023-05-23 10:49:44 - [TEST_STEP][PASSED] - verifyElementVisible(findTestObject("09-Settings/Users/CSV Invite/div_autotester07mailinator.com")): Object 'Object Repository/09-Settings/Users/CSV Invite/div_autotester07mailinator.com' is visible

2023-05-23 10:49:44 - [MESSAGE][PASSED] - Object 'Object Repository/09-Settings/Users/CSV Invite/div_autotester07mailinator.com' is visible

2023-05-23 10:49:44 - [TEST_STEP][PASSED] - verifyElementVisible(findTestObject("09-Settings/Users/CSV Invite/div_Client")): Object 'Object Repository/09-Settings/Users/CSV Invite/div_Client' is visible

2023-05-23 10:49:45 - [MESSAGE][PASSED] - Object 'Object Repository/09-Settings/Users/CSV Invite/div_Client' is visible

2023-05-23 10:49:45 - [TEST_STEP][PASSED] - verifyElementVisible(findTestObject("09-Settings/Users/CSV Invite/div_CTCSV test1")): Object 'Object Repository/09-Settings/Users/CSV Invite/div_CTCSV test1' is visible

2023-05-23 10:49:45 - [MESSAGE][PASSED] - Object 'Object Repository/09-Settings/Users/CSV Invite/div_CTCSV test1' is visible

2023-05-23 10:49:45 - [TEST_STEP][PASSED] - verifyElementVisible(findTestObject("09-Settings/Users/CSV Invite/div_autotester06mailinator.com")): Object 'Object Repository/09-Settings/Users/CSV Invite/div_autotester06mailinator.com' is visible

2023-05-23 10:49:46 - [MESSAGE][PASSED] - Object 'Object Repository/09-Settings/Users/CSV Invite/div_autotester06mailinator.com' is visible

2023-05-23 10:49:46 - [TEST_STEP][PASSED] - verifyElementVisible(findTestObject("09-Settings/Users/CSV Invite/div_Coworker")): Object 'Object Repository/09-Settings/Users/CSV Invite/div_Coworker' is visible

2023-05-23 10:49:46 - [MESSAGE][PASSED] - Object 'Object Repository/09-Settings/Users/CSV Invite/div_Coworker' is visible

2023-05-23 10:49:46 - [TEST_STEP][PASSED] - delay(delay_3seconds): Delayed 3 second(s)

2023-05-23 10:49:49 - [MESSAGE][PASSED] - Delayed 3 second(s)

2023-05-23 10:49:49 - [TEST_STEP][PASSED] - closeBrowser(): Browser is closed

2023-05-23 10:49:50 - [MESSAGE][PASSED] - Browser is closed]]></system-out>
         <system-err><![CDATA[]]></system-err>
      </testcase>
      <system-out><![CDATA[2023-05-23 10:32:30 - [TEST_SUITE][PASSED] - 09.1 - Settings (Invite users): Test Cases/09-Settings/05 - Users (Invite batch of users via CSV file)]]></system-out>
      <system-err><![CDATA[]]></system-err>
   </testsuite>
</testsuites>
