<?xml version="1.0" encoding="UTF-8"?>
<testsuites name="13-Income and Expense" time="294.261" tests="12" failures="1" errors="0">
   <testsuite name="13-Income and Expense" tests="12" failures="1" errors="0" time="294.261" skipped="0" timestamp="2023-07-06 13:23:02" hostname="Mike - LAPTOP-LF5VTH4H" id="Test Suites/TS-Organization/13-Income and Expense">
      <properties>
         <property name="deviceName" value=""/>
         <property name="devicePlatform" value=""/>
         <property name="logFolder" value="D:\\Users\\Michelle\\Project\\Everleagues\\Reports\\20230706_132255\\TS-Organization\\13-Income and Expense\\20230706_132255"/>
         <property name="logFiles" value="D:\\Users\\Michelle\\Project\\Everleagues\\Reports\\20230706_132255\\TS-Organization\\13-Income and Expense\\20230706_132255\\execution0.log"/>
         <property name="attachments" value="D:\\Users\\Michelle\\Project\\Everleagues\\Reports\\20230706_132255\\TS-Organization\\13-Income and Expense\\20230706_132255\\1688621235601.png"/>
         <property name="hostName" value="Mike - LAPTOP-LF5VTH4H"/>
         <property name="os" value="Windows 11 64bit"/>
         <property name="katalonVersion" value="8.6.5.208"/>
         <property name="browser" value="Chrome 114.0.0.0"/>
         <property name="hostAddress" value="192.168.100.69"/>
         <property name="sessionId" value="29eaf5333032fd8e15bb4d313c8ef5a7"/>
         <property name="seleniumVersion" value="3.141.59"/>
         <property name="proxyInformation" value="ProxyInformation { proxyOption=NO_PROXY, proxyServerType=HTTP, username=, password=********, proxyServerAddress=, proxyServerPort=0, executionList=&quot;&quot;, isApplyToDesiredCapabilities=true }"/>
         <property name="platform" value="Windows 11"/>
      </properties>
      <testcase name="Test Cases/13-Income and Expense/01-Add Company (required field is blank)" time="121.612" classname="Test Cases/13-Income and Expense/01-Add Company (required field is blank)" status="PASSED">
         <system-out><![CDATA[2023-07-06 13:23:03 - [TEST_CASE][PASSED] - Test Cases/13-Income and Expense/01-Add Company (required field is blank): Test Cases/13-Income and Expense/01-Add Company (required field is blank)

2023-07-06 13:23:03 - [TEST_STEP][PASSED] - openBrowser(""): Browser is opened with url: ''

2023-07-06 13:23:04 - [MESSAGE][INFO] - Starting 'Chrome' driver

2023-07-06 13:23:04 - [MESSAGE][INFO] - User set preference: ['args', '[--disable-web-security, --ignore-certificate-errors, --no-first-run, --disable-gpu]']

2023-07-06 13:23:04 - [MESSAGE][INFO] - Action delay is set to 0 milliseconds

2023-07-06 13:23:09 - [MESSAGE][PASSED] - Browser is opened with url: ''

2023-07-06 13:23:09 - [TEST_STEP][PASSED] - navigateToUrl(appURL): Navigate to 'https://lab.everleagues.com/login' successfully

2023-07-06 13:23:32 - [MESSAGE][PASSED] - Navigate to 'https://lab.everleagues.com/login' successfully

2023-07-06 13:23:32 - [TEST_STEP][PASSED] - maximizeWindow(): Current window maximized

2023-07-06 13:23:32 - [MESSAGE][PASSED] - Current window maximized

2023-07-06 13:23:32 - [TEST_STEP][PASSED] - callTestCase(findTestCase("01-Login and Forgot Password/04-Login(Valid Credentials-With Subscription)"), [:], STOP_ON_FAILURE): Call Test Case 'Test Cases/01-Login and Forgot Password/04-Login(Valid Credentials-With Subscription)' successfully

2023-07-06 13:23:32 - [TEST_CASE][PASSED] - Test Cases/01-Login and Forgot Password/04-Login(Valid Credentials-With Subscription): Test Cases/01-Login and Forgot Password/04-Login(Valid Credentials-With Subscription)

2023-07-06 13:23:33 - [TEST_STEP][PASSED] - setText(findTestObject("01-Login and Forgot Password/input_Email_email"), email_with_subscription): Text 'testuser05@mailinator.com' is set on object 'Object Repository/01-Login and Forgot Password/input_Email_email'

2023-07-06 13:23:34 - [MESSAGE][PASSED] - Text 'testuser05@mailinator.com' is set on object 'Object Repository/01-Login and Forgot Password/input_Email_email'

2023-07-06 13:23:34 - [TEST_STEP][PASSED] - setEncryptedText(findTestObject("01-Login and Forgot Password/input_Email_password"), password): Text ****** has been set on object 'Object Repository/01-Login and Forgot Password/input_Email_password'

2023-07-06 13:23:35 - [MESSAGE][PASSED] - Text ****** has been set on object 'Object Repository/01-Login and Forgot Password/input_Email_password'

2023-07-06 13:23:35 - [TEST_STEP][PASSED] - delay(delay_2seconds): Delayed 2 second(s)

2023-07-06 13:23:37 - [MESSAGE][PASSED] - Delayed 2 second(s)

2023-07-06 13:23:37 - [TEST_STEP][PASSED] - click(findTestObject("01-Login and Forgot Password/show pass button")): Object: 'Object Repository/01-Login and Forgot Password/show pass button' is clicked on

2023-07-06 13:23:37 - [MESSAGE][PASSED] - Object: 'Object Repository/01-Login and Forgot Password/show pass button' is clicked on

2023-07-06 13:23:37 - [TEST_STEP][PASSED] - delay(delay_3seconds): Delayed 3 second(s)

2023-07-06 13:23:40 - [MESSAGE][PASSED] - Delayed 3 second(s)

2023-07-06 13:23:40 - [TEST_STEP][PASSED] - click(findTestObject("01-Login and Forgot Password/button_Sign in")): Object: 'Object Repository/01-Login and Forgot Password/button_Sign in' is clicked on

2023-07-06 13:23:41 - [MESSAGE][PASSED] - Object: 'Object Repository/01-Login and Forgot Password/button_Sign in' is clicked on

2023-07-06 13:23:41 - [TEST_STEP][PASSED] - delay(delay_3seconds): Delayed 3 second(s)

2023-07-06 13:23:44 - [MESSAGE][PASSED] - Delayed 3 second(s)

2023-07-06 13:23:44 - [TEST_STEP][PASSED] - click(findTestObject("06-Teams/For 2FA/button_Confirm_2FA")): Object: 'Object Repository/06-Teams/For 2FA/button_Confirm_2FA' is clicked on

2023-07-06 13:23:44 - [MESSAGE][PASSED] - Object: 'Object Repository/06-Teams/For 2FA/button_Confirm_2FA' is clicked on

2023-07-06 13:23:44 - [TEST_STEP][PASSED] - executeJavaScript("window.open();", []): Execute JavaScript 'window.open();' successfully

2023-07-06 13:23:45 - [MESSAGE][PASSED] - Execute JavaScript 'window.open();' successfully

2023-07-06 13:23:45 - [TEST_STEP][PASSED] - currentWindow = getWindowIndex(): Current window's index is: 0

2023-07-06 13:23:45 - [MESSAGE][PASSED] - Current window's index is: 0

2023-07-06 13:23:45 - [TEST_STEP][PASSED] - delay(delay_3seconds): Delayed 3 second(s)

2023-07-06 13:23:48 - [MESSAGE][PASSED] - Delayed 3 second(s)

2023-07-06 13:23:48 - [TEST_STEP][PASSED] - switchToWindowIndex(currentWindow + 1): Switched to window with index: '1'

2023-07-06 13:23:48 - [MESSAGE][PASSED] - Switched to window with index: '1'

2023-07-06 13:23:48 - [TEST_STEP][PASSED] - navigateToUrl(app_mailinator): Navigate to 'https://www.mailinator.com/' successfully

2023-07-06 13:23:56 - [MESSAGE][PASSED] - Navigate to 'https://www.mailinator.com/' successfully

2023-07-06 13:23:56 - [TEST_STEP][PASSED] - delay(delay_3seconds): Delayed 3 second(s)

2023-07-06 13:23:59 - [MESSAGE][PASSED] - Delayed 3 second(s)

2023-07-06 13:23:59 - [TEST_STEP][PASSED] - setText(findTestObject("00-Signup and Activation/zMailinator/input_LOGIN_search"), email_for_searchmailinator_testuser05): Text 'testuser05@mailinator.com' is set on object 'Object Repository/00-Signup and Activation/zMailinator/input_LOGIN_search'

2023-07-06 13:24:00 - [MESSAGE][PASSED] - Text 'testuser05@mailinator.com' is set on object 'Object Repository/00-Signup and Activation/zMailinator/input_LOGIN_search'

2023-07-06 13:24:00 - [TEST_STEP][PASSED] - click(findTestObject("00-Signup and Activation/zMailinator/gobutton"), STOP_ON_FAILURE): Object: 'Object Repository/00-Signup and Activation/zMailinator/gobutton' is clicked on

2023-07-06 13:24:02 - [MESSAGE][PASSED] - Object: 'Object Repository/00-Signup and Activation/zMailinator/gobutton' is clicked on

2023-07-06 13:24:02 - [TEST_STEP][PASSED] - delay(delay_3seconds): Delayed 3 second(s)

2023-07-06 13:24:05 - [MESSAGE][PASSED] - Delayed 3 second(s)

2023-07-06 13:24:05 - [TEST_STEP][PASSED] - click(findTestObject("00-Signup and Activation/zMailinator/Email - everleagues")): Object: 'Object Repository/00-Signup and Activation/zMailinator/Email - everleagues' is clicked on

2023-07-06 13:24:06 - [MESSAGE][PASSED] - Object: 'Object Repository/00-Signup and Activation/zMailinator/Email - everleagues' is clicked on

2023-07-06 13:24:06 - [TEST_STEP][PASSED] - delay(delay_3seconds): Delayed 3 second(s)

2023-07-06 13:24:09 - [MESSAGE][PASSED] - Delayed 3 second(s)

2023-07-06 13:24:09 - [TEST_STEP][PASSED] - code = getText(findTestObject("Object Repository/06-Teams/For 2FA/2FA code")): Text of object 'Object Repository/06-Teams/For 2FA/2FA code' is: '747462'

2023-07-06 13:24:09 - [MESSAGE][PASSED] - Text of object 'Object Repository/06-Teams/For 2FA/2FA code' is: '747462'

2023-07-06 13:24:09 - [TEST_STEP][PASSED] - delay(delay_3seconds): Delayed 3 second(s)

2023-07-06 13:24:12 - [MESSAGE][PASSED] - Delayed 3 second(s)

2023-07-06 13:24:12 - [TEST_STEP][PASSED] - closeWindowTitle("Mailinator"): Window with title: 'Mailinator' is closed

2023-07-06 13:24:13 - [MESSAGE][PASSED] - Window with title: 'Mailinator' is closed

2023-07-06 13:24:13 - [TEST_STEP][PASSED] - delay(delay_3seconds): Delayed 3 second(s)

2023-07-06 13:24:16 - [MESSAGE][PASSED] - Delayed 3 second(s)

2023-07-06 13:24:16 - [TEST_STEP][PASSED] - switchToWindowIndex(0): Switched to window with index: '0'

2023-07-06 13:24:16 - [MESSAGE][PASSED] - Switched to window with index: '0'

2023-07-06 13:24:16 - [TEST_STEP][PASSED] - delay(delay_3seconds): Delayed 3 second(s)

2023-07-06 13:24:19 - [MESSAGE][PASSED] - Delayed 3 second(s)

2023-07-06 13:24:19 - [TEST_STEP][PASSED] - setText(findTestObject("Object Repository/06-Teams/For 2FA/input_Enter verification code_code"), code): Text '747462' is set on object 'Object Repository/06-Teams/For 2FA/input_Enter verification code_code'

2023-07-06 13:24:20 - [MESSAGE][PASSED] - Text '747462' is set on object 'Object Repository/06-Teams/For 2FA/input_Enter verification code_code'

2023-07-06 13:24:20 - [TEST_STEP][PASSED] - delay(delay_3seconds): Delayed 3 second(s)

2023-07-06 13:24:23 - [MESSAGE][PASSED] - Delayed 3 second(s)

2023-07-06 13:24:23 - [TEST_STEP][PASSED] - click(findTestObject("06-Teams/For 2FA/button_Verify_2FA")): Object: 'Object Repository/06-Teams/For 2FA/button_Verify_2FA' is clicked on

2023-07-06 13:24:23 - [MESSAGE][PASSED] - Object: 'Object Repository/06-Teams/For 2FA/button_Verify_2FA' is clicked on

2023-07-06 13:24:23 - [TEST_STEP][PASSED] - delay(delay_3seconds): Delayed 3 second(s)

2023-07-06 13:24:26 - [MESSAGE][PASSED] - Delayed 3 second(s)

2023-07-06 13:24:26 - [MESSAGE][PASSED] - Call Test Case 'Test Cases/01-Login and Forgot Password/04-Login(Valid Credentials-With Subscription)' successfully

2023-07-06 13:24:26 - [TEST_STEP][PASSED] - click(findTestObject("06-Teams/button_doublearrow")): Object: 'Object Repository/06-Teams/button_doublearrow' is clicked on

2023-07-06 13:24:28 - [MESSAGE][PASSED] - Object: 'Object Repository/06-Teams/button_doublearrow' is clicked on

2023-07-06 13:24:28 - [TEST_STEP][PASSED] - click(findTestObject("06-Teams/button_My Organizations")): Object: 'Object Repository/06-Teams/button_My Organizations' is clicked on

2023-07-06 13:24:30 - [MESSAGE][PASSED] - Object: 'Object Repository/06-Teams/button_My Organizations' is clicked on

2023-07-06 13:24:30 - [TEST_STEP][PASSED] - click(findTestObject("02-Side Icons(Organization)/Add Contact/button_Automation Test Org")): Object: 'Object Repository/02-Side Icons(Organization)/Add Contact/button_Automation Test Org' is clicked on

2023-07-06 13:24:31 - [MESSAGE][PASSED] - Object: 'Object Repository/02-Side Icons(Organization)/Add Contact/button_Automation Test Org' is clicked on

2023-07-06 13:24:31 - [TEST_STEP][PASSED] - delay(delay_4seconds): Delayed 4 second(s)

2023-07-06 13:24:35 - [MESSAGE][PASSED] - Delayed 4 second(s)

2023-07-06 13:24:35 - [TEST_STEP][PASSED] - verifyElementVisible(findTestObject("02-Side Icons(Organization)/Add Contact/span_Automation Test Org")): Object 'Object Repository/02-Side Icons(Organization)/Add Contact/span_Automation Test Org' is visible

2023-07-06 13:24:36 - [MESSAGE][PASSED] - Object 'Object Repository/02-Side Icons(Organization)/Add Contact/span_Automation Test Org' is visible

2023-07-06 13:24:36 - [TEST_STEP][PASSED] - delay(delay_5seconds): Delayed 5 second(s)

2023-07-06 13:24:41 - [MESSAGE][PASSED] - Delayed 5 second(s)

2023-07-06 13:24:41 - [TEST_STEP][PASSED] - scrollToElement(findTestObject("03-Header Menu/Hamburger Button/div_Income and Expense"), 0): Scroll to object 'Object Repository/03-Header Menu/Hamburger Button/div_Income and Expense' successfully

2023-07-06 13:24:41 - [MESSAGE][WARNING] - Timeout '0' is invalid. Using default page load timeout: '30'

2023-07-06 13:24:41 - [MESSAGE][PASSED] - Scroll to object 'Object Repository/03-Header Menu/Hamburger Button/div_Income and Expense' successfully

2023-07-06 13:24:41 - [TEST_STEP][PASSED] - click(findTestObject("03-Header Menu/Hamburger Button/div_Income and Expense")): Object: 'Object Repository/03-Header Menu/Hamburger Button/div_Income and Expense' is clicked on

2023-07-06 13:24:42 - [MESSAGE][PASSED] - Object: 'Object Repository/03-Header Menu/Hamburger Button/div_Income and Expense' is clicked on

2023-07-06 13:24:42 - [TEST_STEP][PASSED] - verifyElementVisible(findTestObject("13-Income and Expense/div_IncomeAndExpense Tracker")): Object 'Object Repository/13-Income and Expense/div_IncomeAndExpense Tracker' is visible

2023-07-06 13:24:44 - [MESSAGE][PASSED] - Object 'Object Repository/13-Income and Expense/div_IncomeAndExpense Tracker' is visible

2023-07-06 13:24:44 - [TEST_STEP][PASSED] - verifyElementVisible(findTestObject("13-Income and Expense/th_Income  Expense Tracker")): Object 'Object Repository/13-Income and Expense/th_Income  Expense Tracker' is visible

2023-07-06 13:24:45 - [MESSAGE][PASSED] - Object 'Object Repository/13-Income and Expense/th_Income  Expense Tracker' is visible

2023-07-06 13:24:45 - [TEST_STEP][PASSED] - delay(delay_3seconds): Delayed 3 second(s)

2023-07-06 13:24:48 - [MESSAGE][PASSED] - Delayed 3 second(s)

2023-07-06 13:24:48 - [TEST_STEP][PASSED] - click(findTestObject("13-Income and Expense/button_ADD COMPANY")): Object: 'Object Repository/13-Income and Expense/button_ADD COMPANY' is clicked on

2023-07-06 13:24:49 - [MESSAGE][PASSED] - Object: 'Object Repository/13-Income and Expense/button_ADD COMPANY' is clicked on

2023-07-06 13:24:49 - [TEST_STEP][PASSED] - click(findTestObject("13-Income and Expense/mat-icon_clear")): Object: 'Object Repository/13-Income and Expense/mat-icon_clear' is clicked on

2023-07-06 13:24:50 - [MESSAGE][PASSED] - Object: 'Object Repository/13-Income and Expense/mat-icon_clear' is clicked on

2023-07-06 13:24:50 - [TEST_STEP][PASSED] - delay(delay_3seconds): Delayed 3 second(s)

2023-07-06 13:24:53 - [MESSAGE][PASSED] - Delayed 3 second(s)

2023-07-06 13:24:53 - [TEST_STEP][PASSED] - click(findTestObject("13-Income and Expense/button_ADD COMPANY")): Object: 'Object Repository/13-Income and Expense/button_ADD COMPANY' is clicked on

2023-07-06 13:24:54 - [MESSAGE][PASSED] - Object: 'Object Repository/13-Income and Expense/button_ADD COMPANY' is clicked on

2023-07-06 13:24:54 - [TEST_STEP][PASSED] - verifyElementVisible(findTestObject("13-Income and Expense/mat-dialog-container_Add CompanyModal")): Object 'Object Repository/13-Income and Expense/mat-dialog-container_Add CompanyModal' is visible

2023-07-06 13:24:55 - [MESSAGE][PASSED] - Object 'Object Repository/13-Income and Expense/mat-dialog-container_Add CompanyModal' is visible

2023-07-06 13:24:55 - [TEST_STEP][PASSED] - click(findTestObject("13-Income and Expense/input_CompanyName")): Object: 'Object Repository/13-Income and Expense/input_CompanyName' is clicked on

2023-07-06 13:24:55 - [MESSAGE][PASSED] - Object: 'Object Repository/13-Income and Expense/input_CompanyName' is clicked on

2023-07-06 13:24:55 - [TEST_STEP][PASSED] - click(findTestObject("13-Income and Expense/dropdown_CompanyType")): Object: 'Object Repository/13-Income and Expense/dropdown_CompanyType' is clicked on

2023-07-06 13:24:56 - [MESSAGE][PASSED] - Object: 'Object Repository/13-Income and Expense/dropdown_CompanyType' is clicked on

2023-07-06 13:24:56 - [TEST_STEP][PASSED] - doubleClick(findTestObject("13-Income and Expense/input_CompanyName")): Object: 'Object Repository/13-Income and Expense/input_CompanyName' is double clicked on

2023-07-06 13:24:57 - [MESSAGE][PASSED] - Object: 'Object Repository/13-Income and Expense/input_CompanyName' is double clicked on

2023-07-06 13:24:57 - [TEST_STEP][PASSED] - click(findTestObject("13-Income and Expense/dropdown_ChoosingDate")): Object: 'Object Repository/13-Income and Expense/dropdown_ChoosingDate' is clicked on

2023-07-06 13:24:58 - [MESSAGE][PASSED] - Object: 'Object Repository/13-Income and Expense/dropdown_ChoosingDate' is clicked on

2023-07-06 13:24:58 - [TEST_STEP][PASSED] - doubleClick(findTestObject("13-Income and Expense/mat-icon_account")): Object: 'Object Repository/13-Income and Expense/mat-icon_account' is double clicked on

2023-07-06 13:24:59 - [MESSAGE][PASSED] - Object: 'Object Repository/13-Income and Expense/mat-icon_account' is double clicked on

2023-07-06 13:24:59 - [TEST_STEP][PASSED] - click(findTestObject("13-Income and Expense/input_CompanyName")): Object: 'Object Repository/13-Income and Expense/input_CompanyName' is clicked on

2023-07-06 13:25:00 - [MESSAGE][PASSED] - Object: 'Object Repository/13-Income and Expense/input_CompanyName' is clicked on

2023-07-06 13:25:00 - [TEST_STEP][PASSED] - verifyElementVisible(findTestObject("13-Income and Expense/mat-error_Company name is required")): Object 'Object Repository/13-Income and Expense/mat-error_Company name is required' is visible

2023-07-06 13:25:00 - [MESSAGE][PASSED] - Object 'Object Repository/13-Income and Expense/mat-error_Company name is required' is visible

2023-07-06 13:25:00 - [TEST_STEP][PASSED] - verifyElementVisible(findTestObject("13-Income and Expense/mat-error_Company type is required")): Object 'Object Repository/13-Income and Expense/mat-error_Company type is required' is visible

2023-07-06 13:25:01 - [MESSAGE][PASSED] - Object 'Object Repository/13-Income and Expense/mat-error_Company type is required' is visible

2023-07-06 13:25:01 - [TEST_STEP][PASSED] - verifyElementNotClickable(findTestObject("13-Income and Expense/button_BEGIN")): Object 'Object Repository/13-Income and Expense/button_BEGIN' is NOT clickable

2023-07-06 13:25:01 - [MESSAGE][PASSED] - Object 'Object Repository/13-Income and Expense/button_BEGIN' is NOT clickable

2023-07-06 13:25:01 - [TEST_STEP][PASSED] - delay(delay_3seconds): Delayed 3 second(s)

2023-07-06 13:25:04 - [MESSAGE][PASSED] - Delayed 3 second(s)]]></system-out>
         <system-err><![CDATA[]]></system-err>
      </testcase>
      <testcase name="Test Cases/13-Income and Expense/02-Add Company (fill out required field)" time="10.063" classname="Test Cases/13-Income and Expense/02-Add Company (fill out required field)" status="PASSED">
         <system-out><![CDATA[2023-07-06 13:25:04 - [TEST_CASE][PASSED] - Test Cases/13-Income and Expense/02-Add Company (fill out required field): Test Cases/13-Income and Expense/02-Add Company (fill out required field)

2023-07-06 13:25:05 - [TEST_STEP][PASSED] - setText(findTestObject("13-Income and Expense/input_CompanyName"), company_name): Text 'Automation Company' is set on object 'Object Repository/13-Income and Expense/input_CompanyName'

2023-07-06 13:25:06 - [MESSAGE][PASSED] - Text 'Automation Company' is set on object 'Object Repository/13-Income and Expense/input_CompanyName'

2023-07-06 13:25:06 - [TEST_STEP][PASSED] - click(findTestObject("13-Income and Expense/dropdown_CompanyType")): Object: 'Object Repository/13-Income and Expense/dropdown_CompanyType' is clicked on

2023-07-06 13:25:06 - [MESSAGE][PASSED] - Object: 'Object Repository/13-Income and Expense/dropdown_CompanyType' is clicked on

2023-07-06 13:25:06 - [TEST_STEP][PASSED] - click(findTestObject("13-Income and Expense/mat-option_Consulting")): Object: 'Object Repository/13-Income and Expense/mat-option_Consulting' is clicked on

2023-07-06 13:25:07 - [MESSAGE][PASSED] - Object: 'Object Repository/13-Income and Expense/mat-option_Consulting' is clicked on

2023-07-06 13:25:07 - [TEST_STEP][PASSED] - click(findTestObject("13-Income and Expense/dropdown_ChoosingDate")): Object: 'Object Repository/13-Income and Expense/dropdown_ChoosingDate' is clicked on

2023-07-06 13:25:07 - [MESSAGE][PASSED] - Object: 'Object Repository/13-Income and Expense/dropdown_ChoosingDate' is clicked on

2023-07-06 13:25:07 - [TEST_STEP][PASSED] - click(findTestObject("13-Income and Expense/mat-option_End of September")): Object: 'Object Repository/13-Income and Expense/mat-option_End of September' is clicked on

2023-07-06 13:25:09 - [MESSAGE][PASSED] - Object: 'Object Repository/13-Income and Expense/mat-option_End of September' is clicked on

2023-07-06 13:25:09 - [TEST_STEP][PASSED] - click(findTestObject("13-Income and Expense/mat-icon_account")): Object: 'Object Repository/13-Income and Expense/mat-icon_account' is clicked on

2023-07-06 13:25:09 - [MESSAGE][PASSED] - Object: 'Object Repository/13-Income and Expense/mat-icon_account' is clicked on

2023-07-06 13:25:09 - [TEST_STEP][PASSED] - click(findTestObject("13-Income and Expense/mat-option_GG TESTER")): Object: 'Object Repository/13-Income and Expense/mat-option_GG TESTER' is clicked on

2023-07-06 13:25:10 - [MESSAGE][PASSED] - Object: 'Object Repository/13-Income and Expense/mat-option_GG TESTER' is clicked on

2023-07-06 13:25:10 - [TEST_STEP][PASSED] - delay(delay_1second): Delayed 1 second(s)

2023-07-06 13:25:11 - [MESSAGE][PASSED] - Delayed 1 second(s)

2023-07-06 13:25:11 - [TEST_STEP][PASSED] - click(findTestObject("13-Income and Expense/button_BEGIN")): Object: 'Object Repository/13-Income and Expense/button_BEGIN' is clicked on

2023-07-06 13:25:11 - [MESSAGE][PASSED] - Object: 'Object Repository/13-Income and Expense/button_BEGIN' is clicked on

2023-07-06 13:25:11 - [TEST_STEP][PASSED] - delay(delay_3seconds): Delayed 3 second(s)

2023-07-06 13:25:14 - [MESSAGE][PASSED] - Delayed 3 second(s)]]></system-out>
         <system-err><![CDATA[]]></system-err>
      </testcase>
      <testcase name="Test Cases/13-Income and Expense/03-Add receipt (required field is blank)" time="16.491" classname="Test Cases/13-Income and Expense/03-Add receipt (required field is blank)" status="PASSED">
         <system-out><![CDATA[2023-07-06 13:25:14 - [TEST_CASE][PASSED] - Test Cases/13-Income and Expense/03-Add receipt (required field is blank): Test Cases/13-Income and Expense/03-Add receipt (required field is blank)

2023-07-06 13:25:15 - [TEST_STEP][PASSED] - click(findTestObject("13-Income and Expense/button_addReceipt")): Object: 'Object Repository/13-Income and Expense/button_addReceipt' is clicked on

2023-07-06 13:25:15 - [MESSAGE][PASSED] - Object: 'Object Repository/13-Income and Expense/button_addReceipt' is clicked on

2023-07-06 13:25:15 - [TEST_STEP][PASSED] - click(findTestObject("13-Income and Expense/mat-icon_clear")): Object: 'Object Repository/13-Income and Expense/mat-icon_clear' is clicked on

2023-07-06 13:25:16 - [MESSAGE][PASSED] - Object: 'Object Repository/13-Income and Expense/mat-icon_clear' is clicked on

2023-07-06 13:25:16 - [TEST_STEP][PASSED] - delay(delay_3seconds): Delayed 3 second(s)

2023-07-06 13:25:19 - [MESSAGE][PASSED] - Delayed 3 second(s)

2023-07-06 13:25:19 - [TEST_STEP][PASSED] - click(findTestObject("13-Income and Expense/button_addReceipt")): Object: 'Object Repository/13-Income and Expense/button_addReceipt' is clicked on

2023-07-06 13:25:20 - [MESSAGE][PASSED] - Object: 'Object Repository/13-Income and Expense/button_addReceipt' is clicked on

2023-07-06 13:25:20 - [TEST_STEP][PASSED] - verifyElementVisible(findTestObject("13-Income and Expense/mat-dialog-container_Add ReceiptModal")): Object 'Object Repository/13-Income and Expense/mat-dialog-container_Add ReceiptModal' is visible

2023-07-06 13:25:21 - [MESSAGE][PASSED] - Object 'Object Repository/13-Income and Expense/mat-dialog-container_Add ReceiptModal' is visible

2023-07-06 13:25:21 - [TEST_STEP][PASSED] - click(findTestObject("13-Income and Expense/input_VendorName")): Object: 'Object Repository/13-Income and Expense/input_VendorName' is clicked on

2023-07-06 13:25:22 - [MESSAGE][PASSED] - Object: 'Object Repository/13-Income and Expense/input_VendorName' is clicked on

2023-07-06 13:25:22 - [TEST_STEP][PASSED] - sendKeys(findTestObject("13-Income and Expense/input_VendorName"), Keys.chord(ESCAPE)): Keys 'ESCAPE + ' sent to object: 'Object Repository/13-Income and Expense/input_VendorName'

2023-07-06 13:25:22 - [MESSAGE][PASSED] - Keys 'ESCAPE + ' sent to object: 'Object Repository/13-Income and Expense/input_VendorName'

2023-07-06 13:25:22 - [TEST_STEP][PASSED] - click(findTestObject("13-Income and Expense/input_AccountType")): Object: 'Object Repository/13-Income and Expense/input_AccountType' is clicked on

2023-07-06 13:25:23 - [MESSAGE][PASSED] - Object: 'Object Repository/13-Income and Expense/input_AccountType' is clicked on

2023-07-06 13:25:23 - [TEST_STEP][PASSED] - doubleClick(findTestObject("13-Income and Expense/input_VendorName")): Object: 'Object Repository/13-Income and Expense/input_VendorName' is double clicked on

2023-07-06 13:25:24 - [MESSAGE][PASSED] - Object: 'Object Repository/13-Income and Expense/input_VendorName' is double clicked on

2023-07-06 13:25:24 - [TEST_STEP][PASSED] - click(findTestObject("13-Income and Expense/input_Amount")): Object: 'Object Repository/13-Income and Expense/input_Amount' is clicked on

2023-07-06 13:25:24 - [MESSAGE][PASSED] - Object: 'Object Repository/13-Income and Expense/input_Amount' is clicked on

2023-07-06 13:25:24 - [TEST_STEP][PASSED] - click(findTestObject("13-Income and Expense/input_VendorName")): Object: 'Object Repository/13-Income and Expense/input_VendorName' is clicked on

2023-07-06 13:25:25 - [MESSAGE][PASSED] - Object: 'Object Repository/13-Income and Expense/input_VendorName' is clicked on

2023-07-06 13:25:25 - [TEST_STEP][PASSED] - sendKeys(findTestObject("13-Income and Expense/input_VendorName"), Keys.chord(ESCAPE)): Keys 'ESCAPE + ' sent to object: 'Object Repository/13-Income and Expense/input_VendorName'

2023-07-06 13:25:25 - [MESSAGE][PASSED] - Keys 'ESCAPE + ' sent to object: 'Object Repository/13-Income and Expense/input_VendorName'

2023-07-06 13:25:25 - [TEST_STEP][PASSED] - verifyElementVisible(findTestObject("13-Income and Expense/mat-error_Vendor name is required")): Object 'Object Repository/13-Income and Expense/mat-error_Vendor name is required' is visible

2023-07-06 13:25:26 - [MESSAGE][PASSED] - Object 'Object Repository/13-Income and Expense/mat-error_Vendor name is required' is visible

2023-07-06 13:25:26 - [TEST_STEP][PASSED] - verifyElementVisible(findTestObject("13-Income and Expense/mat-error_account type is required")): Object 'Object Repository/13-Income and Expense/mat-error_account type is required' is visible

2023-07-06 13:25:26 - [MESSAGE][PASSED] - Object 'Object Repository/13-Income and Expense/mat-error_account type is required' is visible

2023-07-06 13:25:26 - [TEST_STEP][PASSED] - verifyElementVisible(findTestObject("13-Income and Expense/mat-error_Receipt amount is required")): Object 'Object Repository/13-Income and Expense/mat-error_Receipt amount is required' is visible

2023-07-06 13:25:27 - [MESSAGE][PASSED] - Object 'Object Repository/13-Income and Expense/mat-error_Receipt amount is required' is visible

2023-07-06 13:25:27 - [TEST_STEP][PASSED] - verifyElementVisible(findTestObject("13-Income and Expense/mat-hint_Required")): Object 'Object Repository/13-Income and Expense/mat-hint_Required' is visible

2023-07-06 13:25:27 - [MESSAGE][PASSED] - Object 'Object Repository/13-Income and Expense/mat-hint_Required' is visible

2023-07-06 13:25:27 - [TEST_STEP][PASSED] - scrollToElement(findTestObject("13-Income and Expense/button_Done"), 0): Scroll to object 'Object Repository/13-Income and Expense/button_Done' successfully

2023-07-06 13:25:27 - [MESSAGE][WARNING] - Timeout '0' is invalid. Using default page load timeout: '30'

2023-07-06 13:25:27 - [MESSAGE][PASSED] - Scroll to object 'Object Repository/13-Income and Expense/button_Done' successfully

2023-07-06 13:25:27 - [TEST_STEP][PASSED] - verifyElementNotClickable(findTestObject("13-Income and Expense/button_Done")): Object 'Object Repository/13-Income and Expense/button_Done' is NOT clickable

2023-07-06 13:25:28 - [MESSAGE][PASSED] - Object 'Object Repository/13-Income and Expense/button_Done' is NOT clickable

2023-07-06 13:25:28 - [TEST_STEP][PASSED] - delay(delay_3seconds): Delayed 3 second(s)

2023-07-06 13:25:31 - [MESSAGE][PASSED] - Delayed 3 second(s)]]></system-out>
         <system-err><![CDATA[]]></system-err>
      </testcase>
      <testcase name="Test Cases/13-Income and Expense/04-Add Receipt (Amount is less than 0)" time="5.131" classname="Test Cases/13-Income and Expense/04-Add Receipt (Amount is less than 0)" status="PASSED">
         <system-out><![CDATA[2023-07-06 13:25:31 - [TEST_CASE][PASSED] - Test Cases/13-Income and Expense/04-Add Receipt (Amount is less than 0): Test Cases/13-Income and Expense/04-Add Receipt (Amount is less than 0)

2023-07-06 13:25:31 - [TEST_STEP][PASSED] - setText(findTestObject("13-Income and Expense/input_Amount"), "-9"): Text '-9' is set on object 'Object Repository/13-Income and Expense/input_Amount'

2023-07-06 13:25:32 - [MESSAGE][PASSED] - Text '-9' is set on object 'Object Repository/13-Income and Expense/input_Amount'

2023-07-06 13:25:32 - [TEST_STEP][PASSED] - click(findTestObject("13-Income and Expense/input_VendorName")): Object: 'Object Repository/13-Income and Expense/input_VendorName' is clicked on

2023-07-06 13:25:32 - [MESSAGE][PASSED] - Object: 'Object Repository/13-Income and Expense/input_VendorName' is clicked on

2023-07-06 13:25:32 - [TEST_STEP][PASSED] - verifyElementVisible(findTestObject("13-Income and Expense/mat-error_Receipt amount should be greater than 0")): Object 'Object Repository/13-Income and Expense/mat-error_Receipt amount should be greater than 0' is visible

2023-07-06 13:25:33 - [MESSAGE][PASSED] - Object 'Object Repository/13-Income and Expense/mat-error_Receipt amount should be greater than 0' is visible

2023-07-06 13:25:33 - [TEST_STEP][PASSED] - delay(delay_3seconds): Delayed 3 second(s)

2023-07-06 13:25:36 - [MESSAGE][PASSED] - Delayed 3 second(s)]]></system-out>
         <system-err><![CDATA[]]></system-err>
      </testcase>
      <testcase name="Test Cases/13-Income and Expense/05-Add receipt (fill out required field)" time="18.091" classname="Test Cases/13-Income and Expense/05-Add receipt (fill out required field)" status="PASSED">
         <system-out><![CDATA[2023-07-06 13:25:36 - [TEST_CASE][PASSED] - Test Cases/13-Income and Expense/05-Add receipt (fill out required field): Test Cases/13-Income and Expense/05-Add receipt (fill out required field)

2023-07-06 13:25:36 - [TEST_STEP][PASSED] - setText(findTestObject("13-Income and Expense/input_VendorName"), vendor_name): Text 'GG Automation' is set on object 'Object Repository/13-Income and Expense/input_VendorName'

2023-07-06 13:25:37 - [MESSAGE][PASSED] - Text 'GG Automation' is set on object 'Object Repository/13-Income and Expense/input_VendorName'

2023-07-06 13:25:37 - [TEST_STEP][PASSED] - click(findTestObject("13-Income and Expense/input_AccountType")): Object: 'Object Repository/13-Income and Expense/input_AccountType' is clicked on

2023-07-06 13:25:39 - [MESSAGE][PASSED] - Object: 'Object Repository/13-Income and Expense/input_AccountType' is clicked on

2023-07-06 13:25:39 - [TEST_STEP][PASSED] - click(findTestObject("13-Income and Expense/mat-option_5090-Other income")): Object: 'Object Repository/13-Income and Expense/mat-option_5090-Other income' is clicked on

2023-07-06 13:25:40 - [MESSAGE][PASSED] - Object: 'Object Repository/13-Income and Expense/mat-option_5090-Other income' is clicked on

2023-07-06 13:25:40 - [TEST_STEP][PASSED] - click(findTestObject("13-Income and Expense/button_Receipt Date")): Object: 'Object Repository/13-Income and Expense/button_Receipt Date' is clicked on

2023-07-06 13:25:41 - [MESSAGE][PASSED] - Object: 'Object Repository/13-Income and Expense/button_Receipt Date' is clicked on

2023-07-06 13:25:41 - [TEST_STEP][PASSED] - clickOffset(findTestObject("13-Income and Expense/button_Receipt Date"), 10, 10): Object: 'Object Repository/13-Income and Expense/button_Receipt Date' is clicked on using offset x=10 and y=10

2023-07-06 13:25:42 - [MESSAGE][PASSED] - Object: 'Object Repository/13-Income and Expense/button_Receipt Date' is clicked on using offset x=10 and y=10

2023-07-06 13:25:42 - [TEST_STEP][PASSED] - setText(findTestObject("13-Income and Expense/input_Amount"), "30000"): Text '30000' is set on object 'Object Repository/13-Income and Expense/input_Amount'

2023-07-06 13:25:43 - [MESSAGE][PASSED] - Text '30000' is set on object 'Object Repository/13-Income and Expense/input_Amount'

2023-07-06 13:25:43 - [TEST_STEP][PASSED] - setText(findTestObject("13-Income and Expense/input_AddANote"), "Receipt Note"): Text 'Receipt Note' is set on object 'Object Repository/13-Income and Expense/input_AddANote'

2023-07-06 13:25:44 - [MESSAGE][PASSED] - Text 'Receipt Note' is set on object 'Object Repository/13-Income and Expense/input_AddANote'

2023-07-06 13:25:44 - [TEST_STEP][PASSED] - uploadpackage.Upload.uploadFile(findTestObject("Object Repository/13-Income and Expense/div_Required_uploadfilecontainer"), upload_pdf_file): uploadpackage.Upload.uploadFile is PASSED

2023-07-06 13:25:45 - [MESSAGE][PASSED] - Object: 'Object Repository/13-Income and Expense/div_Required_uploadfilecontainer' is clicked on

2023-07-06 13:25:47 - [MESSAGE][PASSED] - uploadpackage.Upload.uploadFile is PASSED

2023-07-06 13:25:47 - [TEST_STEP][PASSED] - delay(delay_3seconds): Delayed 3 second(s)

2023-07-06 13:25:50 - [MESSAGE][PASSED] - Delayed 3 second(s)

2023-07-06 13:25:50 - [TEST_STEP][PASSED] - click(findTestObject("13-Income and Expense/button_Done")): Object: 'Object Repository/13-Income and Expense/button_Done' is clicked on

2023-07-06 13:25:51 - [MESSAGE][PASSED] - Object: 'Object Repository/13-Income and Expense/button_Done' is clicked on

2023-07-06 13:25:51 - [TEST_STEP][PASSED] - delay(delay_3seconds): Delayed 3 second(s)

2023-07-06 13:25:54 - [MESSAGE][PASSED] - Delayed 3 second(s)]]></system-out>
         <system-err><![CDATA[]]></system-err>
      </testcase>
      <testcase name="Test Cases/13-Income and Expense/06-Update report - Select Fiscal Year" time="10.848" classname="Test Cases/13-Income and Expense/06-Update report - Select Fiscal Year" status="PASSED">
         <system-out><![CDATA[2023-07-06 13:25:54 - [TEST_CASE][PASSED] - Test Cases/13-Income and Expense/06-Update report - Select Fiscal Year: Test Cases/13-Income and Expense/06-Update report - Select Fiscal Year

2023-07-06 13:25:54 - [TEST_STEP][PASSED] - click(findTestObject("13-Income and Expense/button_UPDATE")): Object: 'Object Repository/13-Income and Expense/button_UPDATE' is clicked on

2023-07-06 13:25:55 - [MESSAGE][PASSED] - Object: 'Object Repository/13-Income and Expense/button_UPDATE' is clicked on

2023-07-06 13:25:55 - [TEST_STEP][PASSED] - verifyElementVisible(findTestObject("13-Income and Expense/h6-Automation Company")): Object 'Object Repository/13-Income and Expense/h6-Automation Company' is visible

2023-07-06 13:25:56 - [MESSAGE][PASSED] - Object 'Object Repository/13-Income and Expense/h6-Automation Company' is visible

2023-07-06 13:25:56 - [TEST_STEP][PASSED] - click(findTestObject("13-Income and Expense/button_BACK")): Object: 'Object Repository/13-Income and Expense/button_BACK' is clicked on

2023-07-06 13:25:57 - [MESSAGE][PASSED] - Object: 'Object Repository/13-Income and Expense/button_BACK' is clicked on

2023-07-06 13:25:57 - [TEST_STEP][PASSED] - delay(delay_2seconds): Delayed 2 second(s)

2023-07-06 13:25:59 - [MESSAGE][PASSED] - Delayed 2 second(s)

2023-07-06 13:25:59 - [TEST_STEP][PASSED] - click(findTestObject("13-Income and Expense/button_insert_chart_outlinedUPDATE")): Object: 'Object Repository/13-Income and Expense/button_insert_chart_outlinedUPDATE' is clicked on

2023-07-06 13:25:59 - [MESSAGE][PASSED] - Object: 'Object Repository/13-Income and Expense/button_insert_chart_outlinedUPDATE' is clicked on

2023-07-06 13:25:59 - [TEST_STEP][PASSED] - click(findTestObject("13-Income and Expense/div_Select Fiscal Year")): Object: 'Object Repository/13-Income and Expense/div_Select Fiscal Year' is clicked on

2023-07-06 13:26:01 - [MESSAGE][PASSED] - Object: 'Object Repository/13-Income and Expense/div_Select Fiscal Year' is clicked on

2023-07-06 13:26:01 - [TEST_STEP][PASSED] - click(findTestObject("13-Income and Expense/mat-option_92023")): Object: 'Object Repository/13-Income and Expense/mat-option_92023' is clicked on

2023-07-06 13:26:02 - [MESSAGE][PASSED] - Object: 'Object Repository/13-Income and Expense/mat-option_92023' is clicked on

2023-07-06 13:26:02 - [TEST_STEP][PASSED] - delay(delay_3seconds): Delayed 3 second(s)

2023-07-06 13:26:05 - [MESSAGE][PASSED] - Delayed 3 second(s)]]></system-out>
         <system-err><![CDATA[]]></system-err>
      </testcase>
      <testcase name="Test Cases/13-Income and Expense/07-Update report - Download As" time="10.325" classname="Test Cases/13-Income and Expense/07-Update report - Download As" status="PASSED">
         <system-out><![CDATA[2023-07-06 13:26:05 - [TEST_CASE][PASSED] - Test Cases/13-Income and Expense/07-Update report - Download As: Test Cases/13-Income and Expense/07-Update report - Download As

2023-07-06 13:26:05 - [TEST_STEP][PASSED] - click(findTestObject("13-Income and Expense/div_Download As")): Object: 'Object Repository/13-Income and Expense/div_Download As' is clicked on

2023-07-06 13:26:06 - [MESSAGE][PASSED] - Object: 'Object Repository/13-Income and Expense/div_Download As' is clicked on

2023-07-06 13:26:06 - [TEST_STEP][PASSED] - click(findTestObject("13-Income and Expense/mat-option_PDF")): Object: 'Object Repository/13-Income and Expense/mat-option_PDF' is clicked on

2023-07-06 13:26:07 - [MESSAGE][PASSED] - Object: 'Object Repository/13-Income and Expense/mat-option_PDF' is clicked on

2023-07-06 13:26:07 - [TEST_STEP][PASSED] - click(findTestObject("13-Income and Expense/button_download1")): Object: 'Object Repository/13-Income and Expense/button_download1' is clicked on

2023-07-06 13:26:07 - [MESSAGE][PASSED] - Object: 'Object Repository/13-Income and Expense/button_download1' is clicked on

2023-07-06 13:26:07 - [TEST_STEP][PASSED] - delay(delay_3seconds): Delayed 3 second(s)

2023-07-06 13:26:10 - [MESSAGE][PASSED] - Delayed 3 second(s)

2023-07-06 13:26:10 - [TEST_STEP][PASSED] - click(findTestObject("13-Income and Expense/div_Download As")): Object: 'Object Repository/13-Income and Expense/div_Download As' is clicked on

2023-07-06 13:26:11 - [MESSAGE][PASSED] - Object: 'Object Repository/13-Income and Expense/div_Download As' is clicked on

2023-07-06 13:26:11 - [TEST_STEP][PASSED] - click(findTestObject("13-Income and Expense/mat-option_EXCELCSV")): Object: 'Object Repository/13-Income and Expense/mat-option_EXCELCSV' is clicked on

2023-07-06 13:26:11 - [MESSAGE][PASSED] - Object: 'Object Repository/13-Income and Expense/mat-option_EXCELCSV' is clicked on

2023-07-06 13:26:11 - [TEST_STEP][PASSED] - click(findTestObject("13-Income and Expense/button_download1")): Object: 'Object Repository/13-Income and Expense/button_download1' is clicked on

2023-07-06 13:26:12 - [MESSAGE][PASSED] - Object: 'Object Repository/13-Income and Expense/button_download1' is clicked on

2023-07-06 13:26:12 - [TEST_STEP][PASSED] - delay(delay_3seconds): Delayed 3 second(s)

2023-07-06 13:26:15 - [MESSAGE][PASSED] - Delayed 3 second(s)]]></system-out>
         <system-err><![CDATA[]]></system-err>
      </testcase>
      <testcase name="Test Cases/13-Income and Expense/08-Update report - View and download receipt" time="27.871" classname="Test Cases/13-Income and Expense/08-Update report - View and download receipt" status="PASSED">
         <system-out><![CDATA[2023-07-06 13:26:15 - [TEST_CASE][PASSED] - Test Cases/13-Income and Expense/08-Update report - View and download receipt: Test Cases/13-Income and Expense/08-Update report - View and download receipt

2023-07-06 13:26:16 - [TEST_STEP][PASSED] - click(findTestObject("13-Income and Expense/button_visibility")): Object: 'Object Repository/13-Income and Expense/button_visibility' is clicked on

2023-07-06 13:26:16 - [MESSAGE][PASSED] - Object: 'Object Repository/13-Income and Expense/button_visibility' is clicked on

2023-07-06 13:26:16 - [TEST_STEP][PASSED] - refresh(): Refresh successfully

2023-07-06 13:26:22 - [MESSAGE][PASSED] - Refresh successfully

2023-07-06 13:26:22 - [TEST_STEP][PASSED] - delay(delay_2seconds): Delayed 2 second(s)

2023-07-06 13:26:24 - [MESSAGE][PASSED] - Delayed 2 second(s)

2023-07-06 13:26:24 - [TEST_STEP][PASSED] - refresh(): Refresh successfully

2023-07-06 13:26:26 - [MESSAGE][PASSED] - Refresh successfully

2023-07-06 13:26:26 - [TEST_STEP][PASSED] - delay(delay_2seconds): Delayed 2 second(s)

2023-07-06 13:26:28 - [MESSAGE][PASSED] - Delayed 2 second(s)

2023-07-06 13:26:28 - [TEST_STEP][PASSED] - scrollToElement(findTestObject("03-Header Menu/Hamburger Button/div_Income and Expense"), 0): Scroll to object 'Object Repository/03-Header Menu/Hamburger Button/div_Income and Expense' successfully

2023-07-06 13:26:29 - [MESSAGE][WARNING] - Timeout '0' is invalid. Using default page load timeout: '30'

2023-07-06 13:26:31 - [MESSAGE][PASSED] - Scroll to object 'Object Repository/03-Header Menu/Hamburger Button/div_Income and Expense' successfully

2023-07-06 13:26:31 - [TEST_STEP][PASSED] - click(findTestObject("03-Header Menu/Hamburger Button/div_Income and Expense")): Object: 'Object Repository/03-Header Menu/Hamburger Button/div_Income and Expense' is clicked on

2023-07-06 13:26:32 - [MESSAGE][PASSED] - Object: 'Object Repository/03-Header Menu/Hamburger Button/div_Income and Expense' is clicked on

2023-07-06 13:26:32 - [TEST_STEP][PASSED] - delay(delay_2seconds): Delayed 2 second(s)

2023-07-06 13:26:34 - [MESSAGE][PASSED] - Delayed 2 second(s)

2023-07-06 13:26:34 - [TEST_STEP][PASSED] - click(findTestObject("13-Income and Expense/button_UPDATE")): Object: 'Object Repository/13-Income and Expense/button_UPDATE' is clicked on

2023-07-06 13:26:35 - [MESSAGE][PASSED] - Object: 'Object Repository/13-Income and Expense/button_UPDATE' is clicked on

2023-07-06 13:26:35 - [TEST_STEP][PASSED] - delay(delay_2seconds): Delayed 2 second(s)

2023-07-06 13:26:37 - [MESSAGE][PASSED] - Delayed 2 second(s)

2023-07-06 13:26:37 - [TEST_STEP][PASSED] - scrollToElement(findTestObject("13-Income and Expense/button_visibility"), 0): Scroll to object 'Object Repository/13-Income and Expense/button_visibility' successfully

2023-07-06 13:26:37 - [MESSAGE][WARNING] - Timeout '0' is invalid. Using default page load timeout: '30'

2023-07-06 13:26:37 - [MESSAGE][PASSED] - Scroll to object 'Object Repository/13-Income and Expense/button_visibility' successfully

2023-07-06 13:26:37 - [TEST_STEP][PASSED] - delay(delay_2seconds): Delayed 2 second(s)

2023-07-06 13:26:39 - [MESSAGE][PASSED] - Delayed 2 second(s)

2023-07-06 13:26:39 - [TEST_STEP][PASSED] - scrollToElement(findTestObject("13-Income and Expense/label_Income and Expense Report"), 0): Scroll to object 'Object Repository/13-Income and Expense/label_Income and Expense Report' successfully

2023-07-06 13:26:39 - [MESSAGE][WARNING] - Timeout '0' is invalid. Using default page load timeout: '30'

2023-07-06 13:26:40 - [MESSAGE][PASSED] - Scroll to object 'Object Repository/13-Income and Expense/label_Income and Expense Report' successfully

2023-07-06 13:26:40 - [TEST_STEP][PASSED] - click(findTestObject("13-Income and Expense/button_download2")): Object: 'Object Repository/13-Income and Expense/button_download2' is clicked on

2023-07-06 13:26:40 - [MESSAGE][PASSED] - Object: 'Object Repository/13-Income and Expense/button_download2' is clicked on

2023-07-06 13:26:40 - [TEST_STEP][PASSED] - delay(delay_3seconds): Delayed 3 second(s)

2023-07-06 13:26:43 - [MESSAGE][PASSED] - Delayed 3 second(s)]]></system-out>
         <system-err><![CDATA[]]></system-err>
      </testcase>
      <testcase name="Test Cases/13-Income and Expense/09-Update report - Edit receipt" time="32.863" classname="Test Cases/13-Income and Expense/09-Update report - Edit receipt" status="FAILED">
         <failure type="FAILED" message="Test Cases/13-Income and Expense/09-Update report - Edit receipt FAILED.
Reason:
com.kms.katalon.core.exception.StepFailedException: Unable to click on object 'Object Repository/13-Income and Expense/button_CANCEL'
	at com.kms.katalon.core.webui.keyword.internal.WebUIKeywordMain.stepFailed(WebUIKeywordMain.groovy:64)
	at com.kms.katalon.core.webui.keyword.internal.WebUIKeywordMain.runKeyword(WebUIKeywordMain.groovy:26)
	at com.kms.katalon.core.webui.keyword.builtin.ClickKeyword.click(ClickKeyword.groovy:74)
	at com.kms.katalon.core.webui.keyword.builtin.ClickKeyword.execute(ClickKeyword.groovy:40)
	at com.kms.katalon.core.keyword.internal.KeywordExecutor.executeKeywordForPlatform(KeywordExecutor.groovy:74)
	at com.kms.katalon.core.webui.keyword.WebUiBuiltInKeywords.click(WebUiBuiltInKeywords.groovy:620)
	at com.kms.katalon.core.webui.keyword.WebUiBuiltInKeywords$click$4.call(Unknown Source)
	at 09-Update report - Edit receipt.run(09-Update report - Edit receipt:22)
	at com.kms.katalon.core.main.ScriptEngine.run(ScriptEngine.java:194)
	at com.kms.katalon.core.main.ScriptEngine.runScriptAsRawText(ScriptEngine.java:119)
	at com.kms.katalon.core.main.TestCaseExecutor.runScript(TestCaseExecutor.java:448)
	at com.kms.katalon.core.main.TestCaseExecutor.doExecute(TestCaseExecutor.java:439)
	at com.kms.katalon.core.main.TestCaseExecutor.processExecutionPhase(TestCaseExecutor.java:418)
	at com.kms.katalon.core.main.TestCaseExecutor.accessMainPhase(TestCaseExecutor.java:410)
	at com.kms.katalon.core.main.TestCaseExecutor.execute(TestCaseExecutor.java:285)
	at com.kms.katalon.core.common.CommonExecutor.accessTestCaseMainPhase(CommonExecutor.java:65)
	at com.kms.katalon.core.main.TestSuiteExecutor.accessTestSuiteMainPhase(TestSuiteExecutor.java:148)
	at com.kms.katalon.core.main.TestSuiteExecutor.execute(TestSuiteExecutor.java:106)
	at com.kms.katalon.core.main.TestCaseMain.startTestSuite(TestCaseMain.java:187)
	at com.kms.katalon.core.main.TestCaseMain$startTestSuite$0.call(Unknown Source)
	at TempTestSuite1688620975257.run(TempTestSuite1688620975257.groovy:36)
Caused by: com.kms.katalon.core.webui.exception.WebElementNotFoundException: Web element with id: 'Object Repository/13-Income and Expense/button_CANCEL' located by '//button[(text() = ' CANCEL ' or . = ' CANCEL ')]' not found
	at com.kms.katalon.core.webui.common.WebUiCommonHelper.findWebElement(WebUiCommonHelper.java:1381)
	at com.kms.katalon.core.webui.keyword.internal.WebUIAbstractKeyword.findWebElement(WebUIAbstractKeyword.groovy:27)
	at com.kms.katalon.core.webui.keyword.builtin.ClickKeyword$_click_closure1.doCall(ClickKeyword.groovy:65)
	at com.kms.katalon.core.webui.keyword.builtin.ClickKeyword$_click_closure1.call(ClickKeyword.groovy)
	at com.kms.katalon.core.webui.keyword.internal.WebUIKeywordMain.runKeyword(WebUIKeywordMain.groovy:20)
	... 19 more
"/>
         <system-out><![CDATA[2023-07-06 13:26:43 - [TEST_CASE][FAILED] - Test Cases/13-Income and Expense/09-Update report - Edit receipt: Test Cases/13-Income and Expense/09-Update report - Edit receipt FAILED.
Reason:
com.kms.katalon.core.exception.StepFailedException: Unable to click on object 'Object Repository/13-Income and Expense/button_CANCEL'
	at com.kms.katalon.core.webui.keyword.internal.WebUIKeywordMain.stepFailed(WebUIKeywordMain.groovy:64)
	at com.kms.katalon.core.webui.keyword.internal.WebUIKeywordMain.runKeyword(WebUIKeywordMain.groovy:26)
	at com.kms.katalon.core.webui.keyword.builtin.ClickKeyword.click(ClickKeyword.groovy:74)
	at com.kms.katalon.core.webui.keyword.builtin.ClickKeyword.execute(ClickKeyword.groovy:40)
	at com.kms.katalon.core.keyword.internal.KeywordExecutor.executeKeywordForPlatform(KeywordExecutor.groovy:74)
	at com.kms.katalon.core.webui.keyword.WebUiBuiltInKeywords.click(WebUiBuiltInKeywords.groovy:620)
	at com.kms.katalon.core.webui.keyword.WebUiBuiltInKeywords$click$4.call(Unknown Source)
	at 09-Update report - Edit receipt.run(09-Update report - Edit receipt:22)
	at com.kms.katalon.core.main.ScriptEngine.run(ScriptEngine.java:194)
	at com.kms.katalon.core.main.ScriptEngine.runScriptAsRawText(ScriptEngine.java:119)
	at com.kms.katalon.core.main.TestCaseExecutor.runScript(TestCaseExecutor.java:448)
	at com.kms.katalon.core.main.TestCaseExecutor.doExecute(TestCaseExecutor.java:439)
	at com.kms.katalon.core.main.TestCaseExecutor.processExecutionPhase(TestCaseExecutor.java:418)
	at com.kms.katalon.core.main.TestCaseExecutor.accessMainPhase(TestCaseExecutor.java:410)
	at com.kms.katalon.core.main.TestCaseExecutor.execute(TestCaseExecutor.java:285)
	at com.kms.katalon.core.common.CommonExecutor.accessTestCaseMainPhase(CommonExecutor.java:65)
	at com.kms.katalon.core.main.TestSuiteExecutor.accessTestSuiteMainPhase(TestSuiteExecutor.java:148)
	at com.kms.katalon.core.main.TestSuiteExecutor.execute(TestSuiteExecutor.java:106)
	at com.kms.katalon.core.main.TestCaseMain.startTestSuite(TestCaseMain.java:187)
	at com.kms.katalon.core.main.TestCaseMain$startTestSuite$0.call(Unknown Source)
	at TempTestSuite1688620975257.run(TempTestSuite1688620975257.groovy:36)
Caused by: com.kms.katalon.core.webui.exception.WebElementNotFoundException: Web element with id: 'Object Repository/13-Income and Expense/button_CANCEL' located by '//button[(text() = ' CANCEL ' or . = ' CANCEL ')]' not found
	at com.kms.katalon.core.webui.common.WebUiCommonHelper.findWebElement(WebUiCommonHelper.java:1381)
	at com.kms.katalon.core.webui.keyword.internal.WebUIAbstractKeyword.findWebElement(WebUIAbstractKeyword.groovy:27)
	at com.kms.katalon.core.webui.keyword.builtin.ClickKeyword$_click_closure1.doCall(ClickKeyword.groovy:65)
	at com.kms.katalon.core.webui.keyword.builtin.ClickKeyword$_click_closure1.call(ClickKeyword.groovy)
	at com.kms.katalon.core.webui.keyword.internal.WebUIKeywordMain.runKeyword(WebUIKeywordMain.groovy:20)
	... 19 more


2023-07-06 13:26:43 - [TEST_STEP][PASSED] - click(findTestObject("13-Income and Expense/button_UPDATE loop")): Object: 'Object Repository/13-Income and Expense/button_UPDATE loop' is clicked on

2023-07-06 13:26:44 - [MESSAGE][PASSED] - Object: 'Object Repository/13-Income and Expense/button_UPDATE loop' is clicked on

2023-07-06 13:26:44 - [TEST_STEP][FAILED] - click(findTestObject("13-Income and Expense/button_CANCEL")): Unable to click on object 'Object Repository/13-Income and Expense/button_CANCEL' (Root cause: com.kms.katalon.core.exception.StepFailedException: Unable to click on object 'Object Repository/13-Income and Expense/button_CANCEL'
	at com.kms.katalon.core.webui.keyword.internal.WebUIKeywordMain.stepFailed(WebUIKeywordMain.groovy:64)
	at com.kms.katalon.core.webui.keyword.internal.WebUIKeywordMain.runKeyword(WebUIKeywordMain.groovy:26)
	at com.kms.katalon.core.webui.keyword.builtin.ClickKeyword.click(ClickKeyword.groovy:74)
	at com.kms.katalon.core.webui.keyword.builtin.ClickKeyword.execute(ClickKeyword.groovy:40)
	at com.kms.katalon.core.keyword.internal.KeywordExecutor.executeKeywordForPlatform(KeywordExecutor.groovy:74)
	at com.kms.katalon.core.webui.keyword.WebUiBuiltInKeywords.click(WebUiBuiltInKeywords.groovy:620)
	at com.kms.katalon.core.webui.keyword.WebUiBuiltInKeywords$click$4.call(Unknown Source)
	at 09-Update report - Edit receipt.run(09-Update report - Edit receipt:22)
	at com.kms.katalon.core.main.ScriptEngine.run(ScriptEngine.java:194)
	at com.kms.katalon.core.main.ScriptEngine.runScriptAsRawText(ScriptEngine.java:119)
	at com.kms.katalon.core.main.TestCaseExecutor.runScript(TestCaseExecutor.java:448)
	at com.kms.katalon.core.main.TestCaseExecutor.doExecute(TestCaseExecutor.java:439)
	at com.kms.katalon.core.main.TestCaseExecutor.processExecutionPhase(TestCaseExecutor.java:418)
	at com.kms.katalon.core.main.TestCaseExecutor.accessMainPhase(TestCaseExecutor.java:410)
	at com.kms.katalon.core.main.TestCaseExecutor.execute(TestCaseExecutor.java:285)
	at com.kms.katalon.core.common.CommonExecutor.accessTestCaseMainPhase(CommonExecutor.java:65)
	at com.kms.katalon.core.main.TestSuiteExecutor.accessTestSuiteMainPhase(TestSuiteExecutor.java:148)
	at com.kms.katalon.core.main.TestSuiteExecutor.execute(TestSuiteExecutor.java:106)
	at com.kms.katalon.core.main.TestCaseMain.startTestSuite(TestCaseMain.java:187)
	at com.kms.katalon.core.main.TestCaseMain$startTestSuite$0.call(Unknown Source)
	at TempTestSuite1688620975257.run(TempTestSuite1688620975257.groovy:36)
Caused by: com.kms.katalon.core.webui.exception.WebElementNotFoundException: Web element with id: 'Object Repository/13-Income and Expense/button_CANCEL' located by '//button[(text() = ' CANCEL ' or . = ' CANCEL ')]' not found
	at com.kms.katalon.core.webui.common.WebUiCommonHelper.findWebElement(WebUiCommonHelper.java:1381)
	at com.kms.katalon.core.webui.keyword.internal.WebUIAbstractKeyword.findWebElement(WebUIAbstractKeyword.groovy:27)
	at com.kms.katalon.core.webui.keyword.builtin.ClickKeyword$_click_closure1.doCall(ClickKeyword.groovy:65)
	at com.kms.katalon.core.webui.keyword.builtin.ClickKeyword$_click_closure1.call(ClickKeyword.groovy)
	at com.kms.katalon.core.webui.keyword.internal.WebUIKeywordMain.runKeyword(WebUIKeywordMain.groovy:20)
	at com.kms.katalon.core.webui.keyword.builtin.ClickKeyword.click(ClickKeyword.groovy:74)
	at com.kms.katalon.core.webui.keyword.builtin.ClickKeyword.execute(ClickKeyword.groovy:40)
	at com.kms.katalon.core.keyword.internal.KeywordExecutor.executeKeywordForPlatform(KeywordExecutor.groovy:74)
	at com.kms.katalon.core.webui.keyword.WebUiBuiltInKeywords.click(WebUiBuiltInKeywords.groovy:620)
	at com.kms.katalon.core.webui.keyword.WebUiBuiltInKeywords$click$4.call(Unknown Source)
	at Script1669096553340.run(Script1669096553340.groovy:22)
	... 13 more
)

2023-07-06 13:27:15 - [MESSAGE][INFO] - Unable to find the element located by 'By.xpath: //button[(text() = ' CANCEL ' or . = ' CANCEL ')]'. Please recheck the objects properties to make sure the desired element is located. 

2023-07-06 13:27:16 - [MESSAGE][FAILED] - Unable to click on object 'Object Repository/13-Income and Expense/button_CANCEL' (Root cause: com.kms.katalon.core.exception.StepFailedException: Unable to click on object 'Object Repository/13-Income and Expense/button_CANCEL'
	at com.kms.katalon.core.webui.keyword.internal.WebUIKeywordMain.stepFailed(WebUIKeywordMain.groovy:64)
	at com.kms.katalon.core.webui.keyword.internal.WebUIKeywordMain.runKeyword(WebUIKeywordMain.groovy:26)
	at com.kms.katalon.core.webui.keyword.builtin.ClickKeyword.click(ClickKeyword.groovy:74)
	at com.kms.katalon.core.webui.keyword.builtin.ClickKeyword.execute(ClickKeyword.groovy:40)
	at com.kms.katalon.core.keyword.internal.KeywordExecutor.executeKeywordForPlatform(KeywordExecutor.groovy:74)
	at com.kms.katalon.core.webui.keyword.WebUiBuiltInKeywords.click(WebUiBuiltInKeywords.groovy:620)
	at com.kms.katalon.core.webui.keyword.WebUiBuiltInKeywords$click$4.call(Unknown Source)
	at 09-Update report - Edit receipt.run(09-Update report - Edit receipt:22)
	at com.kms.katalon.core.main.ScriptEngine.run(ScriptEngine.java:194)
	at com.kms.katalon.core.main.ScriptEngine.runScriptAsRawText(ScriptEngine.java:119)
	at com.kms.katalon.core.main.TestCaseExecutor.runScript(TestCaseExecutor.java:448)
	at com.kms.katalon.core.main.TestCaseExecutor.doExecute(TestCaseExecutor.java:439)
	at com.kms.katalon.core.main.TestCaseExecutor.processExecutionPhase(TestCaseExecutor.java:418)
	at com.kms.katalon.core.main.TestCaseExecutor.accessMainPhase(TestCaseExecutor.java:410)
	at com.kms.katalon.core.main.TestCaseExecutor.execute(TestCaseExecutor.java:285)
	at com.kms.katalon.core.common.CommonExecutor.accessTestCaseMainPhase(CommonExecutor.java:65)
	at com.kms.katalon.core.main.TestSuiteExecutor.accessTestSuiteMainPhase(TestSuiteExecutor.java:148)
	at com.kms.katalon.core.main.TestSuiteExecutor.execute(TestSuiteExecutor.java:106)
	at com.kms.katalon.core.main.TestCaseMain.startTestSuite(TestCaseMain.java:187)
	at com.kms.katalon.core.main.TestCaseMain$startTestSuite$0.call(Unknown Source)
	at TempTestSuite1688620975257.run(TempTestSuite1688620975257.groovy:36)
Caused by: com.kms.katalon.core.webui.exception.WebElementNotFoundException: Web element with id: 'Object Repository/13-Income and Expense/button_CANCEL' located by '//button[(text() = ' CANCEL ' or . = ' CANCEL ')]' not found
	at com.kms.katalon.core.webui.common.WebUiCommonHelper.findWebElement(WebUiCommonHelper.java:1381)
	at com.kms.katalon.core.webui.keyword.internal.WebUIAbstractKeyword.findWebElement(WebUIAbstractKeyword.groovy:27)
	at com.kms.katalon.core.webui.keyword.builtin.ClickKeyword$_click_closure1.doCall(ClickKeyword.groovy:65)
	at com.kms.katalon.core.webui.keyword.builtin.ClickKeyword$_click_closure1.call(ClickKeyword.groovy)
	at com.kms.katalon.core.webui.keyword.internal.WebUIKeywordMain.runKeyword(WebUIKeywordMain.groovy:20)
	at com.kms.katalon.core.webui.keyword.builtin.ClickKeyword.click(ClickKeyword.groovy:74)
	at com.kms.katalon.core.webui.keyword.builtin.ClickKeyword.execute(ClickKeyword.groovy:40)
	at com.kms.katalon.core.keyword.internal.KeywordExecutor.executeKeywordForPlatform(KeywordExecutor.groovy:74)
	at com.kms.katalon.core.webui.keyword.WebUiBuiltInKeywords.click(WebUiBuiltInKeywords.groovy:620)
	at com.kms.katalon.core.webui.keyword.WebUiBuiltInKeywords$click$4.call(Unknown Source)
	at Script1669096553340.run(Script1669096553340.groovy:22)
	... 13 more
)
[[ATTACHMENT|D:\\Users\\Michelle\\Project\\Everleagues\\Reports\\20230706_132255\\TS-Organization\\13-Income and Expense\\20230706_132255\\1688621235601.png]]]]></system-out>
         <system-err><![CDATA[2023-07-06 13:26:43 - [TEST_CASE][FAILED] - Test Cases/13-Income and Expense/09-Update report - Edit receipt: Test Cases/13-Income and Expense/09-Update report - Edit receipt FAILED.
Reason:
com.kms.katalon.core.exception.StepFailedException: Unable to click on object 'Object Repository/13-Income and Expense/button_CANCEL'
	at com.kms.katalon.core.webui.keyword.internal.WebUIKeywordMain.stepFailed(WebUIKeywordMain.groovy:64)
	at com.kms.katalon.core.webui.keyword.internal.WebUIKeywordMain.runKeyword(WebUIKeywordMain.groovy:26)
	at com.kms.katalon.core.webui.keyword.builtin.ClickKeyword.click(ClickKeyword.groovy:74)
	at com.kms.katalon.core.webui.keyword.builtin.ClickKeyword.execute(ClickKeyword.groovy:40)
	at com.kms.katalon.core.keyword.internal.KeywordExecutor.executeKeywordForPlatform(KeywordExecutor.groovy:74)
	at com.kms.katalon.core.webui.keyword.WebUiBuiltInKeywords.click(WebUiBuiltInKeywords.groovy:620)
	at com.kms.katalon.core.webui.keyword.WebUiBuiltInKeywords$click$4.call(Unknown Source)
	at 09-Update report - Edit receipt.run(09-Update report - Edit receipt:22)
	at com.kms.katalon.core.main.ScriptEngine.run(ScriptEngine.java:194)
	at com.kms.katalon.core.main.ScriptEngine.runScriptAsRawText(ScriptEngine.java:119)
	at com.kms.katalon.core.main.TestCaseExecutor.runScript(TestCaseExecutor.java:448)
	at com.kms.katalon.core.main.TestCaseExecutor.doExecute(TestCaseExecutor.java:439)
	at com.kms.katalon.core.main.TestCaseExecutor.processExecutionPhase(TestCaseExecutor.java:418)
	at com.kms.katalon.core.main.TestCaseExecutor.accessMainPhase(TestCaseExecutor.java:410)
	at com.kms.katalon.core.main.TestCaseExecutor.execute(TestCaseExecutor.java:285)
	at com.kms.katalon.core.common.CommonExecutor.accessTestCaseMainPhase(CommonExecutor.java:65)
	at com.kms.katalon.core.main.TestSuiteExecutor.accessTestSuiteMainPhase(TestSuiteExecutor.java:148)
	at com.kms.katalon.core.main.TestSuiteExecutor.execute(TestSuiteExecutor.java:106)
	at com.kms.katalon.core.main.TestCaseMain.startTestSuite(TestCaseMain.java:187)
	at com.kms.katalon.core.main.TestCaseMain$startTestSuite$0.call(Unknown Source)
	at TempTestSuite1688620975257.run(TempTestSuite1688620975257.groovy:36)
Caused by: com.kms.katalon.core.webui.exception.WebElementNotFoundException: Web element with id: 'Object Repository/13-Income and Expense/button_CANCEL' located by '//button[(text() = ' CANCEL ' or . = ' CANCEL ')]' not found
	at com.kms.katalon.core.webui.common.WebUiCommonHelper.findWebElement(WebUiCommonHelper.java:1381)
	at com.kms.katalon.core.webui.keyword.internal.WebUIAbstractKeyword.findWebElement(WebUIAbstractKeyword.groovy:27)
	at com.kms.katalon.core.webui.keyword.builtin.ClickKeyword$_click_closure1.doCall(ClickKeyword.groovy:65)
	at com.kms.katalon.core.webui.keyword.builtin.ClickKeyword$_click_closure1.call(ClickKeyword.groovy)
	at com.kms.katalon.core.webui.keyword.internal.WebUIKeywordMain.runKeyword(WebUIKeywordMain.groovy:20)
	... 19 more]]></system-err>
      </testcase>
      <testcase name="Test Cases/13-Income and Expense/10-Update report - Delete receipt" time="15.057" classname="Test Cases/13-Income and Expense/10-Update report - Delete receipt" status="PASSED">
         <system-out><![CDATA[2023-07-06 13:27:16 - [TEST_CASE][PASSED] - Test Cases/13-Income and Expense/10-Update report - Delete receipt: Test Cases/13-Income and Expense/10-Update report - Delete receipt

2023-07-06 13:27:16 - [TEST_STEP][PASSED] - click(findTestObject("13-Income and Expense/button_delete_forever")): Object: 'Object Repository/13-Income and Expense/button_delete_forever' is clicked on

2023-07-06 13:27:17 - [MESSAGE][PASSED] - Object: 'Object Repository/13-Income and Expense/button_delete_forever' is clicked on

2023-07-06 13:27:17 - [TEST_STEP][PASSED] - verifyElementVisible(findTestObject("13-Income and Expense/mat-dialog-container_ReceiptDeleteConfirmationModal")): Object 'Object Repository/13-Income and Expense/mat-dialog-container_ReceiptDeleteConfirmationModal' is visible

2023-07-06 13:27:18 - [MESSAGE][PASSED] - Object 'Object Repository/13-Income and Expense/mat-dialog-container_ReceiptDeleteConfirmationModal' is visible

2023-07-06 13:27:18 - [TEST_STEP][PASSED] - click(findTestObject("13-Income and Expense/button_No")): Object: 'Object Repository/13-Income and Expense/button_No' is clicked on

2023-07-06 13:27:18 - [MESSAGE][PASSED] - Object: 'Object Repository/13-Income and Expense/button_No' is clicked on

2023-07-06 13:27:18 - [TEST_STEP][PASSED] - delay(delay_3seconds): Delayed 3 second(s)

2023-07-06 13:27:21 - [MESSAGE][PASSED] - Delayed 3 second(s)

2023-07-06 13:27:21 - [TEST_STEP][PASSED] - click(findTestObject("13-Income and Expense/button_delete_forever")): Object: 'Object Repository/13-Income and Expense/button_delete_forever' is clicked on

2023-07-06 13:27:22 - [MESSAGE][PASSED] - Object: 'Object Repository/13-Income and Expense/button_delete_forever' is clicked on

2023-07-06 13:27:22 - [TEST_STEP][PASSED] - verifyElementVisible(findTestObject("13-Income and Expense/mat-dialog-container_ReceiptDeleteConfirmationModal")): Object 'Object Repository/13-Income and Expense/mat-dialog-container_ReceiptDeleteConfirmationModal' is visible

2023-07-06 13:27:23 - [MESSAGE][PASSED] - Object 'Object Repository/13-Income and Expense/mat-dialog-container_ReceiptDeleteConfirmationModal' is visible

2023-07-06 13:27:23 - [TEST_STEP][PASSED] - delay(delay_2seconds): Delayed 2 second(s)

2023-07-06 13:27:25 - [MESSAGE][PASSED] - Delayed 2 second(s)

2023-07-06 13:27:25 - [TEST_STEP][PASSED] - click(findTestObject("13-Income and Expense/button_Yes")): Object: 'Object Repository/13-Income and Expense/button_Yes' is clicked on

2023-07-06 13:27:25 - [MESSAGE][PASSED] - Object: 'Object Repository/13-Income and Expense/button_Yes' is clicked on

2023-07-06 13:27:25 - [TEST_STEP][PASSED] - delay(delay_2seconds): Delayed 2 second(s)

2023-07-06 13:27:27 - [MESSAGE][PASSED] - Delayed 2 second(s)

2023-07-06 13:27:27 - [TEST_STEP][PASSED] - click(findTestObject("13-Income and Expense/button_BACK")): Object: 'Object Repository/13-Income and Expense/button_BACK' is clicked on

2023-07-06 13:27:28 - [MESSAGE][PASSED] - Object: 'Object Repository/13-Income and Expense/button_BACK' is clicked on

2023-07-06 13:27:28 - [TEST_STEP][PASSED] - delay(delay_3seconds): Delayed 3 second(s)

2023-07-06 13:27:31 - [MESSAGE][PASSED] - Delayed 3 second(s)]]></system-out>
         <system-err><![CDATA[]]></system-err>
      </testcase>
      <testcase name="Test Cases/13-Income and Expense/11-Settings" time="18.461" classname="Test Cases/13-Income and Expense/11-Settings" status="PASSED">
         <system-out><![CDATA[2023-07-06 13:27:31 - [TEST_CASE][PASSED] - Test Cases/13-Income and Expense/11-Settings: Test Cases/13-Income and Expense/11-Settings

2023-07-06 13:27:31 - [TEST_STEP][PASSED] - click(findTestObject("13-Income and Expense/button_settings")): Object: 'Object Repository/13-Income and Expense/button_settings' is clicked on

2023-07-06 13:27:32 - [MESSAGE][PASSED] - Object: 'Object Repository/13-Income and Expense/button_settings' is clicked on

2023-07-06 13:27:32 - [TEST_STEP][PASSED] - verifyElementVisible(findTestObject("13-Income and Expense/mat-dialog-container_Edit CompanyModal")): Object 'Object Repository/13-Income and Expense/mat-dialog-container_Edit CompanyModal' is visible

2023-07-06 13:27:33 - [MESSAGE][PASSED] - Object 'Object Repository/13-Income and Expense/mat-dialog-container_Edit CompanyModal' is visible

2023-07-06 13:27:33 - [TEST_STEP][PASSED] - click(findTestObject("13-Income and Expense/button_CANCEL")): Object: 'Object Repository/13-Income and Expense/button_CANCEL' is clicked on

2023-07-06 13:27:34 - [MESSAGE][PASSED] - Object: 'Object Repository/13-Income and Expense/button_CANCEL' is clicked on

2023-07-06 13:27:34 - [TEST_STEP][PASSED] - delay(delay_2seconds): Delayed 2 second(s)

2023-07-06 13:27:36 - [MESSAGE][PASSED] - Delayed 2 second(s)

2023-07-06 13:27:36 - [TEST_STEP][PASSED] - click(findTestObject("13-Income and Expense/button_settings")): Object: 'Object Repository/13-Income and Expense/button_settings' is clicked on

2023-07-06 13:27:36 - [MESSAGE][PASSED] - Object: 'Object Repository/13-Income and Expense/button_settings' is clicked on

2023-07-06 13:27:36 - [TEST_STEP][PASSED] - delay(delay_2seconds): Delayed 2 second(s)

2023-07-06 13:27:38 - [MESSAGE][PASSED] - Delayed 2 second(s)

2023-07-06 13:27:38 - [TEST_STEP][PASSED] - verifyElementVisible(findTestObject("13-Income and Expense/mat-dialog-container_Edit CompanyModal")): Object 'Object Repository/13-Income and Expense/mat-dialog-container_Edit CompanyModal' is visible

2023-07-06 13:27:39 - [MESSAGE][PASSED] - Object 'Object Repository/13-Income and Expense/mat-dialog-container_Edit CompanyModal' is visible

2023-07-06 13:27:39 - [TEST_STEP][PASSED] - setText(findTestObject("13-Income and Expense/input_CompanyName"), edit_company_name): Text 'Automation Company Edit' is set on object 'Object Repository/13-Income and Expense/input_CompanyName'

2023-07-06 13:27:40 - [MESSAGE][PASSED] - Text 'Automation Company Edit' is set on object 'Object Repository/13-Income and Expense/input_CompanyName'

2023-07-06 13:27:40 - [TEST_STEP][PASSED] - click(findTestObject("13-Income and Expense/dropdown_CompanyType")): Object: 'Object Repository/13-Income and Expense/dropdown_CompanyType' is clicked on

2023-07-06 13:27:41 - [MESSAGE][PASSED] - Object: 'Object Repository/13-Income and Expense/dropdown_CompanyType' is clicked on

2023-07-06 13:27:41 - [TEST_STEP][PASSED] - scrollToElement(findTestObject("13-Income and Expense/mat-option_Other General Business"), 0): Scroll to object 'Object Repository/13-Income and Expense/mat-option_Other General Business' successfully

2023-07-06 13:27:41 - [MESSAGE][WARNING] - Timeout '0' is invalid. Using default page load timeout: '30'

2023-07-06 13:27:41 - [MESSAGE][PASSED] - Scroll to object 'Object Repository/13-Income and Expense/mat-option_Other General Business' successfully

2023-07-06 13:27:41 - [TEST_STEP][PASSED] - click(findTestObject("13-Income and Expense/mat-option_Other General Business")): Object: 'Object Repository/13-Income and Expense/mat-option_Other General Business' is clicked on

2023-07-06 13:27:42 - [MESSAGE][PASSED] - Object: 'Object Repository/13-Income and Expense/mat-option_Other General Business' is clicked on

2023-07-06 13:27:42 - [TEST_STEP][PASSED] - click(findTestObject("13-Income and Expense/dropdown_ChoosingDate")): Object: 'Object Repository/13-Income and Expense/dropdown_ChoosingDate' is clicked on

2023-07-06 13:27:42 - [MESSAGE][PASSED] - Object: 'Object Repository/13-Income and Expense/dropdown_ChoosingDate' is clicked on

2023-07-06 13:27:42 - [TEST_STEP][PASSED] - click(findTestObject("13-Income and Expense/mat-option_End of December")): Object: 'Object Repository/13-Income and Expense/mat-option_End of December' is clicked on

2023-07-06 13:27:43 - [MESSAGE][PASSED] - Object: 'Object Repository/13-Income and Expense/mat-option_End of December' is clicked on

2023-07-06 13:27:43 - [TEST_STEP][PASSED] - delay(delay_3seconds): Delayed 3 second(s)

2023-07-06 13:27:46 - [MESSAGE][PASSED] - Delayed 3 second(s)

2023-07-06 13:27:46 - [TEST_STEP][PASSED] - click(findTestObject("13-Income and Expense/button_UPDATE3")): Object: 'Object Repository/13-Income and Expense/button_UPDATE3' is clicked on

2023-07-06 13:27:46 - [MESSAGE][PASSED] - Object: 'Object Repository/13-Income and Expense/button_UPDATE3' is clicked on

2023-07-06 13:27:47 - [TEST_STEP][PASSED] - delay(delay_3seconds): Delayed 3 second(s)

2023-07-06 13:27:50 - [MESSAGE][PASSED] - Delayed 3 second(s)]]></system-out>
         <system-err><![CDATA[]]></system-err>
      </testcase>
      <testcase name="Test Cases/13-Income and Expense/12-Delete company" time="6.798" classname="Test Cases/13-Income and Expense/12-Delete company" status="PASSED">
         <system-out><![CDATA[2023-07-06 13:27:50 - [TEST_CASE][PASSED] - Test Cases/13-Income and Expense/12-Delete company: Test Cases/13-Income and Expense/12-Delete company

2023-07-06 13:27:50 - [TEST_STEP][PASSED] - click(findTestObject("13-Income and Expense/button_delete")): Object: 'Object Repository/13-Income and Expense/button_delete' is clicked on

2023-07-06 13:27:50 - [MESSAGE][PASSED] - Object: 'Object Repository/13-Income and Expense/button_delete' is clicked on

2023-07-06 13:27:50 - [TEST_STEP][PASSED] - verifyElementVisible(findTestObject("13-Income and Expense/mat-dialog-container_CompanyDeleteConfimationModal")): Object 'Object Repository/13-Income and Expense/mat-dialog-container_CompanyDeleteConfimationModal' is visible

2023-07-06 13:27:51 - [MESSAGE][PASSED] - Object 'Object Repository/13-Income and Expense/mat-dialog-container_CompanyDeleteConfimationModal' is visible

2023-07-06 13:27:51 - [TEST_STEP][PASSED] - click(findTestObject("13-Income and Expense/button_Yes")): Object: 'Object Repository/13-Income and Expense/button_Yes' is clicked on

2023-07-06 13:27:52 - [MESSAGE][PASSED] - Object: 'Object Repository/13-Income and Expense/button_Yes' is clicked on

2023-07-06 13:27:52 - [TEST_STEP][PASSED] - delay(delay_3seconds): Delayed 3 second(s)

2023-07-06 13:27:55 - [MESSAGE][PASSED] - Delayed 3 second(s)

2023-07-06 13:27:55 - [TEST_STEP][PASSED] - closeBrowser(STOP_ON_FAILURE): Browser is closed

2023-07-06 13:27:56 - [MESSAGE][PASSED] - Browser is closed]]></system-out>
         <system-err><![CDATA[]]></system-err>
      </testcase>
      <system-out><![CDATA[2023-07-06 13:23:02 - [TEST_SUITE][FAILED] - 13-Income and Expense: Test Cases/13-Income and Expense/09-Update report - Edit receipt FAILED.
Reason:
com.kms.katalon.core.exception.StepFailedException: Unable to click on object 'Object Repository/13-Income and Expense/button_CANCEL'
	at com.kms.katalon.core.webui.keyword.internal.WebUIKeywordMain.stepFailed(WebUIKeywordMain.groovy:64)
	at com.kms.katalon.core.webui.keyword.internal.WebUIKeywordMain.runKeyword(WebUIKeywordMain.groovy:26)
	at com.kms.katalon.core.webui.keyword.builtin.ClickKeyword.click(ClickKeyword.groovy:74)
	at com.kms.katalon.core.webui.keyword.builtin.ClickKeyword.execute(ClickKeyword.groovy:40)
	at com.kms.katalon.core.keyword.internal.KeywordExecutor.executeKeywordForPlatform(KeywordExecutor.groovy:74)
	at com.kms.katalon.core.webui.keyword.WebUiBuiltInKeywords.click(WebUiBuiltInKeywords.groovy:620)
	at com.kms.katalon.core.webui.keyword.WebUiBuiltInKeywords$click$4.call(Unknown Source)
	at 09-Update report - Edit receipt.run(09-Update report - Edit receipt:22)
	at com.kms.katalon.core.main.ScriptEngine.run(ScriptEngine.java:194)
	at com.kms.katalon.core.main.ScriptEngine.runScriptAsRawText(ScriptEngine.java:119)
	at com.kms.katalon.core.main.TestCaseExecutor.runScript(TestCaseExecutor.java:448)
	at com.kms.katalon.core.main.TestCaseExecutor.doExecute(TestCaseExecutor.java:439)
	at com.kms.katalon.core.main.TestCaseExecutor.processExecutionPhase(TestCaseExecutor.java:418)
	at com.kms.katalon.core.main.TestCaseExecutor.accessMainPhase(TestCaseExecutor.java:410)
	at com.kms.katalon.core.main.TestCaseExecutor.execute(TestCaseExecutor.java:285)
	at com.kms.katalon.core.common.CommonExecutor.accessTestCaseMainPhase(CommonExecutor.java:65)
	at com.kms.katalon.core.main.TestSuiteExecutor.accessTestSuiteMainPhase(TestSuiteExecutor.java:148)
	at com.kms.katalon.core.main.TestSuiteExecutor.execute(TestSuiteExecutor.java:106)
	at com.kms.katalon.core.main.TestCaseMain.startTestSuite(TestCaseMain.java:187)
	at com.kms.katalon.core.main.TestCaseMain$startTestSuite$0.call(Unknown Source)
	at TempTestSuite1688620975257.run(TempTestSuite1688620975257.groovy:36)
Caused by: com.kms.katalon.core.webui.exception.WebElementNotFoundException: Web element with id: 'Object Repository/13-Income and Expense/button_CANCEL' located by '//button[(text() = ' CANCEL ' or . = ' CANCEL ')]' not found
	at com.kms.katalon.core.webui.common.WebUiCommonHelper.findWebElement(WebUiCommonHelper.java:1381)
	at com.kms.katalon.core.webui.keyword.internal.WebUIAbstractKeyword.findWebElement(WebUIAbstractKeyword.groovy:27)
	at com.kms.katalon.core.webui.keyword.builtin.ClickKeyword$_click_closure1.doCall(ClickKeyword.groovy:65)
	at com.kms.katalon.core.webui.keyword.builtin.ClickKeyword$_click_closure1.call(ClickKeyword.groovy)
	at com.kms.katalon.core.webui.keyword.internal.WebUIKeywordMain.runKeyword(WebUIKeywordMain.groovy:20)
	... 19 more]]></system-out>
      <system-err><![CDATA[2023-07-06 13:23:02 - [TEST_SUITE][FAILED] - 13-Income and Expense: Test Cases/13-Income and Expense/09-Update report - Edit receipt FAILED.
Reason:
com.kms.katalon.core.exception.StepFailedException: Unable to click on object 'Object Repository/13-Income and Expense/button_CANCEL'
	at com.kms.katalon.core.webui.keyword.internal.WebUIKeywordMain.stepFailed(WebUIKeywordMain.groovy:64)
	at com.kms.katalon.core.webui.keyword.internal.WebUIKeywordMain.runKeyword(WebUIKeywordMain.groovy:26)
	at com.kms.katalon.core.webui.keyword.builtin.ClickKeyword.click(ClickKeyword.groovy:74)
	at com.kms.katalon.core.webui.keyword.builtin.ClickKeyword.execute(ClickKeyword.groovy:40)
	at com.kms.katalon.core.keyword.internal.KeywordExecutor.executeKeywordForPlatform(KeywordExecutor.groovy:74)
	at com.kms.katalon.core.webui.keyword.WebUiBuiltInKeywords.click(WebUiBuiltInKeywords.groovy:620)
	at com.kms.katalon.core.webui.keyword.WebUiBuiltInKeywords$click$4.call(Unknown Source)
	at 09-Update report - Edit receipt.run(09-Update report - Edit receipt:22)
	at com.kms.katalon.core.main.ScriptEngine.run(ScriptEngine.java:194)
	at com.kms.katalon.core.main.ScriptEngine.runScriptAsRawText(ScriptEngine.java:119)
	at com.kms.katalon.core.main.TestCaseExecutor.runScript(TestCaseExecutor.java:448)
	at com.kms.katalon.core.main.TestCaseExecutor.doExecute(TestCaseExecutor.java:439)
	at com.kms.katalon.core.main.TestCaseExecutor.processExecutionPhase(TestCaseExecutor.java:418)
	at com.kms.katalon.core.main.TestCaseExecutor.accessMainPhase(TestCaseExecutor.java:410)
	at com.kms.katalon.core.main.TestCaseExecutor.execute(TestCaseExecutor.java:285)
	at com.kms.katalon.core.common.CommonExecutor.accessTestCaseMainPhase(CommonExecutor.java:65)
	at com.kms.katalon.core.main.TestSuiteExecutor.accessTestSuiteMainPhase(TestSuiteExecutor.java:148)
	at com.kms.katalon.core.main.TestSuiteExecutor.execute(TestSuiteExecutor.java:106)
	at com.kms.katalon.core.main.TestCaseMain.startTestSuite(TestCaseMain.java:187)
	at com.kms.katalon.core.main.TestCaseMain$startTestSuite$0.call(Unknown Source)
	at TempTestSuite1688620975257.run(TempTestSuite1688620975257.groovy:36)
Caused by: com.kms.katalon.core.webui.exception.WebElementNotFoundException: Web element with id: 'Object Repository/13-Income and Expense/button_CANCEL' located by '//button[(text() = ' CANCEL ' or . = ' CANCEL ')]' not found
	at com.kms.katalon.core.webui.common.WebUiCommonHelper.findWebElement(WebUiCommonHelper.java:1381)
	at com.kms.katalon.core.webui.keyword.internal.WebUIAbstractKeyword.findWebElement(WebUIAbstractKeyword.groovy:27)
	at com.kms.katalon.core.webui.keyword.builtin.ClickKeyword$_click_closure1.doCall(ClickKeyword.groovy:65)
	at com.kms.katalon.core.webui.keyword.builtin.ClickKeyword$_click_closure1.call(ClickKeyword.groovy)
	at com.kms.katalon.core.webui.keyword.internal.WebUIKeywordMain.runKeyword(WebUIKeywordMain.groovy:20)
	... 19 more]]></system-err>
   </testsuite>
</testsuites>
