<?xml version="1.0" encoding="UTF-8"?>
<testsuites name="01-Login and Forgot Password" time="204.67" tests="8" failures="0" errors="0">
   <testsuite name="01-Login and Forgot Password" tests="8" failures="0" errors="0" time="204.67" skipped="0" timestamp="2023-02-06 16:43:45" hostname="asus - DESKTOP-3L3J9C1" id="Test Suites/TS-Organization/01-Login and Forgot Password">
      <properties>
         <property name="deviceName" value=""/>
         <property name="devicePlatform" value=""/>
         <property name="logFolder" value="C:\\Users\\asus\\Katalon Studio\\Everleagues\\Everleagues\\Reports\\20230206_164332\\TS-Organization\\01-Login and Forgot Password\\20230206_164332"/>
         <property name="logFiles" value="C:\\Users\\asus\\Katalon Studio\\Everleagues\\Everleagues\\Reports\\20230206_164332\\TS-Organization\\01-Login and Forgot Password\\20230206_164332\\execution0.log"/>
         <property name="attachments" value=""/>
         <property name="hostName" value="asus - DESKTOP-3L3J9C1"/>
         <property name="os" value="Windows 10 64bit"/>
         <property name="katalonVersion" value="8.4.1.208"/>
         <property name="browser" value="Chrome 109.0.0.0"/>
         <property name="hostAddress" value="192.168.5.100"/>
         <property name="sessionId" value="bccae2740a3134a032471ececf4c6225"/>
         <property name="seleniumVersion" value="3.141.59"/>
         <property name="proxyInformation" value="ProxyInformation { proxyOption=NO_PROXY, proxyServerType=HTTP, username=, password=********, proxyServerAddress=, proxyServerPort=0, executionList=&quot;&quot;, isApplyToDesiredCapabilities=true }"/>
         <property name="platform" value="Windows 10"/>
      </properties>
      <testcase name="Test Cases/01-Login and Forgot Password/01-Login(Credentials Blank)" time="48.925" classname="Test Cases/01-Login and Forgot Password/01-Login(Credentials Blank)" status="PASSED">
         <system-out><![CDATA[2023-02-06 16:43:46 - [TEST_CASE][PASSED] - Test Cases/01-Login and Forgot Password/01-Login(Credentials Blank): Test Cases/01-Login and Forgot Password/01-Login(Credentials Blank)

2023-02-06 16:43:48 - [TEST_STEP][PASSED] - openBrowser(""): Browser is opened with url: ''

2023-02-06 16:43:50 - [MESSAGE][INFO] - Starting 'Chrome' driver

2023-02-06 16:43:50 - [MESSAGE][INFO] - Action delay is set to 0 milliseconds

2023-02-06 16:44:02 - [MESSAGE][PASSED] - Browser is opened with url: ''

2023-02-06 16:44:02 - [TEST_STEP][PASSED] - navigateToUrl("https://lab.everleagues.com/"): Navigate to 'https://lab.everleagues.com/' successfully

2023-02-06 16:44:26 - [MESSAGE][PASSED] - Navigate to 'https://lab.everleagues.com/' successfully

2023-02-06 16:44:26 - [TEST_STEP][PASSED] - maximizeWindow(): Current window maximized

2023-02-06 16:44:27 - [MESSAGE][PASSED] - Current window maximized

2023-02-06 16:44:27 - [TEST_STEP][PASSED] - verifyElementPresent(findTestObject("01-Login and Forgot Password/Login_Card"), 0): Object 'Object Repository/01-Login and Forgot Password/Login_Card' is present

2023-02-06 16:44:27 - [MESSAGE][WARNING] - Timeout '0' is invalid. Using default page load timeout: '30'

2023-02-06 16:44:29 - [MESSAGE][PASSED] - Object 'Object Repository/01-Login and Forgot Password/Login_Card' is present

2023-02-06 16:44:29 - [TEST_STEP][PASSED] - delay(2): Delayed 2 second(s)

2023-02-06 16:44:31 - [MESSAGE][PASSED] - Delayed 2 second(s)

2023-02-06 16:44:31 - [TEST_STEP][PASSED] - verifyElementNotClickable(findTestObject("01-Login and Forgot Password/button_Sign in")): Object 'Object Repository/01-Login and Forgot Password/button_Sign in' is NOT clickable

2023-02-06 16:44:32 - [MESSAGE][PASSED] - Object 'Object Repository/01-Login and Forgot Password/button_Sign in' is NOT clickable

2023-02-06 16:44:32 - [TEST_STEP][PASSED] - delay(3): Delayed 3 second(s)

2023-02-06 16:44:35 - [MESSAGE][PASSED] - Delayed 3 second(s)]]></system-out>
         <system-err><![CDATA[]]></system-err>
      </testcase>
      <testcase name="Test Cases/01-Login and Forgot Password/02-Login(Wrong Email)" time="17.726" classname="Test Cases/01-Login and Forgot Password/02-Login(Wrong Email)" status="PASSED">
         <system-out><![CDATA[2023-02-06 16:44:35 - [TEST_CASE][PASSED] - Test Cases/01-Login and Forgot Password/02-Login(Wrong Email): Test Cases/01-Login and Forgot Password/02-Login(Wrong Email)

2023-02-06 16:44:37 - [TEST_STEP][PASSED] - setText(findTestObject("01-Login and Forgot Password/input_Email_email"), "unregisteredemail@test.com"): Text 'unregisteredemail@test.com' is set on object 'Object Repository/01-Login and Forgot Password/input_Email_email'

2023-02-06 16:44:39 - [MESSAGE][PASSED] - Text 'unregisteredemail@test.com' is set on object 'Object Repository/01-Login and Forgot Password/input_Email_email'

2023-02-06 16:44:39 - [TEST_STEP][PASSED] - setEncryptedText(findTestObject("01-Login and Forgot Password/input_Email_password"), "pUQNV8a0dCQ="): Text ****** has been set on object 'Object Repository/01-Login and Forgot Password/input_Email_password'

2023-02-06 16:44:41 - [MESSAGE][PASSED] - Text ****** has been set on object 'Object Repository/01-Login and Forgot Password/input_Email_password'

2023-02-06 16:44:41 - [TEST_STEP][PASSED] - delay(3): Delayed 3 second(s)

2023-02-06 16:44:44 - [MESSAGE][PASSED] - Delayed 3 second(s)

2023-02-06 16:44:44 - [TEST_STEP][PASSED] - click(findTestObject("01-Login and Forgot Password/button_Sign in")): Object: 'Object Repository/01-Login and Forgot Password/button_Sign in' is clicked on

2023-02-06 16:44:46 - [MESSAGE][PASSED] - Object: 'Object Repository/01-Login and Forgot Password/button_Sign in' is clicked on

2023-02-06 16:44:46 - [TEST_STEP][PASSED] - delay(3): Delayed 3 second(s)

2023-02-06 16:44:49 - [MESSAGE][PASSED] - Delayed 3 second(s)

2023-02-06 16:44:49 - [TEST_STEP][PASSED] - verifyElementPresent(findTestObject("01-Login and Forgot Password/Invalid email error"), 0): Object 'Object Repository/01-Login and Forgot Password/Invalid email error' is present

2023-02-06 16:44:50 - [MESSAGE][WARNING] - Timeout '0' is invalid. Using default page load timeout: '30'

2023-02-06 16:44:50 - [MESSAGE][PASSED] - Object 'Object Repository/01-Login and Forgot Password/Invalid email error' is present

2023-02-06 16:44:50 - [TEST_STEP][PASSED] - delay(3): Delayed 3 second(s)

2023-02-06 16:44:53 - [MESSAGE][PASSED] - Delayed 3 second(s)]]></system-out>
         <system-err><![CDATA[]]></system-err>
      </testcase>
      <testcase name="Test Cases/01-Login and Forgot Password/03-Login(Valid email, wrong pass)" time="18.766" classname="Test Cases/01-Login and Forgot Password/03-Login(Valid email, wrong pass)" status="PASSED">
         <system-out><![CDATA[2023-02-06 16:44:53 - [TEST_CASE][PASSED] - Test Cases/01-Login and Forgot Password/03-Login(Valid email, wrong pass): Test Cases/01-Login and Forgot Password/03-Login(Valid email, wrong pass)

2023-02-06 16:44:55 - [TEST_STEP][PASSED] - setText(findTestObject("01-Login and Forgot Password/input_Email_email"), "testuser01@mailinator.com"): Text 'testuser01@mailinator.com' is set on object 'Object Repository/01-Login and Forgot Password/input_Email_email'

2023-02-06 16:44:57 - [MESSAGE][PASSED] - Text 'testuser01@mailinator.com' is set on object 'Object Repository/01-Login and Forgot Password/input_Email_email'

2023-02-06 16:44:57 - [TEST_STEP][PASSED] - setEncryptedText(findTestObject("01-Login and Forgot Password/input_Email_password"), "OxgQgnWTiECE3BxjMAl2ng=="): Text ****** has been set on object 'Object Repository/01-Login and Forgot Password/input_Email_password'

2023-02-06 16:44:58 - [MESSAGE][PASSED] - Text ****** has been set on object 'Object Repository/01-Login and Forgot Password/input_Email_password'

2023-02-06 16:44:58 - [TEST_STEP][PASSED] - delay(2): Delayed 2 second(s)

2023-02-06 16:45:00 - [MESSAGE][PASSED] - Delayed 2 second(s)

2023-02-06 16:45:00 - [TEST_STEP][PASSED] - click(findTestObject("01-Login and Forgot Password/show pass button")): Object: 'Object Repository/01-Login and Forgot Password/show pass button' is clicked on

2023-02-06 16:45:01 - [MESSAGE][PASSED] - Object: 'Object Repository/01-Login and Forgot Password/show pass button' is clicked on

2023-02-06 16:45:01 - [TEST_STEP][PASSED] - delay(3): Delayed 3 second(s)

2023-02-06 16:45:04 - [MESSAGE][PASSED] - Delayed 3 second(s)

2023-02-06 16:45:04 - [TEST_STEP][PASSED] - click(findTestObject("01-Login and Forgot Password/button_Sign in")): Object: 'Object Repository/01-Login and Forgot Password/button_Sign in' is clicked on

2023-02-06 16:45:05 - [MESSAGE][PASSED] - Object: 'Object Repository/01-Login and Forgot Password/button_Sign in' is clicked on

2023-02-06 16:45:05 - [TEST_STEP][PASSED] - delay(3): Delayed 3 second(s)

2023-02-06 16:45:08 - [MESSAGE][PASSED] - Delayed 3 second(s)

2023-02-06 16:45:08 - [TEST_STEP][PASSED] - verifyElementPresent(findTestObject("01-Login and Forgot Password/Invalid user name or password"), 0): Object 'Object Repository/01-Login and Forgot Password/Invalid user name or password' is present

2023-02-06 16:45:09 - [MESSAGE][WARNING] - Timeout '0' is invalid. Using default page load timeout: '30'

2023-02-06 16:45:09 - [MESSAGE][PASSED] - Object 'Object Repository/01-Login and Forgot Password/Invalid user name or password' is present

2023-02-06 16:45:09 - [TEST_STEP][PASSED] - delay(3): Delayed 3 second(s)

2023-02-06 16:45:12 - [MESSAGE][PASSED] - Delayed 3 second(s)]]></system-out>
         <system-err><![CDATA[]]></system-err>
      </testcase>
      <testcase name="Test Cases/01-Login and Forgot Password/04-Login (Valid Credentials-Without Subscription)" time="58.52" classname="Test Cases/01-Login and Forgot Password/04-Login (Valid Credentials-Without Subscription)" status="PASSED">
         <system-out><![CDATA[2023-02-06 16:45:12 - [TEST_CASE][PASSED] - Test Cases/01-Login and Forgot Password/04-Login (Valid Credentials-Without Subscription): Test Cases/01-Login and Forgot Password/04-Login (Valid Credentials-Without Subscription)

2023-02-06 16:45:14 - [TEST_STEP][PASSED] - setText(findTestObject("01-Login and Forgot Password/input_Email_email"), "testuser01@mailinator.com"): Text 'testuser01@mailinator.com' is set on object 'Object Repository/01-Login and Forgot Password/input_Email_email'

2023-02-06 16:45:15 - [MESSAGE][PASSED] - Text 'testuser01@mailinator.com' is set on object 'Object Repository/01-Login and Forgot Password/input_Email_email'

2023-02-06 16:45:15 - [TEST_STEP][PASSED] - setEncryptedText(findTestObject("01-Login and Forgot Password/input_Email_password2"), "8yFRyszE6U6jvsCn51OQbg=="): Text ****** has been set on object 'Object Repository/01-Login and Forgot Password/input_Email_password2'

2023-02-06 16:45:17 - [MESSAGE][PASSED] - Text ****** has been set on object 'Object Repository/01-Login and Forgot Password/input_Email_password2'

2023-02-06 16:45:17 - [TEST_STEP][PASSED] - delay(2): Delayed 2 second(s)

2023-02-06 16:45:19 - [MESSAGE][PASSED] - Delayed 2 second(s)

2023-02-06 16:45:19 - [TEST_STEP][PASSED] - click(findTestObject("01-Login and Forgot Password/show pass button")): Object: 'Object Repository/01-Login and Forgot Password/show pass button' is clicked on

2023-02-06 16:45:20 - [MESSAGE][PASSED] - Object: 'Object Repository/01-Login and Forgot Password/show pass button' is clicked on

2023-02-06 16:45:20 - [TEST_STEP][PASSED] - delay(3): Delayed 3 second(s)

2023-02-06 16:45:23 - [MESSAGE][PASSED] - Delayed 3 second(s)

2023-02-06 16:45:23 - [TEST_STEP][PASSED] - click(findTestObject("01-Login and Forgot Password/button_Sign in")): Object: 'Object Repository/01-Login and Forgot Password/button_Sign in' is clicked on

2023-02-06 16:45:24 - [MESSAGE][PASSED] - Object: 'Object Repository/01-Login and Forgot Password/button_Sign in' is clicked on

2023-02-06 16:45:24 - [TEST_STEP][PASSED] - delay(3): Delayed 3 second(s)

2023-02-06 16:45:27 - [MESSAGE][PASSED] - Delayed 3 second(s)

2023-02-06 16:45:27 - [TEST_STEP][PASSED] - click(findTestObject("06-Teams/For 2FA/button_Confirm_2FA")): Object: 'Object Repository/06-Teams/For 2FA/button_Confirm_2FA' is clicked on

2023-02-06 16:45:28 - [MESSAGE][PASSED] - Object: 'Object Repository/06-Teams/For 2FA/button_Confirm_2FA' is clicked on

2023-02-06 16:45:28 - [TEST_STEP][PASSED] - executeJavaScript("window.open();", []): Execute JavaScript 'window.open();' successfully

2023-02-06 16:45:28 - [MESSAGE][PASSED] - Execute JavaScript 'window.open();' successfully

2023-02-06 16:45:28 - [TEST_STEP][PASSED] - currentWindow = getWindowIndex(): Current window's index is: 0

2023-02-06 16:45:28 - [MESSAGE][PASSED] - Current window's index is: 0

2023-02-06 16:45:28 - [TEST_STEP][PASSED] - delay(3): Delayed 3 second(s)

2023-02-06 16:45:31 - [MESSAGE][PASSED] - Delayed 3 second(s)

2023-02-06 16:45:31 - [TEST_STEP][PASSED] - switchToWindowIndex(currentWindow + 1): Switched to window with index: '1'

2023-02-06 16:45:31 - [MESSAGE][PASSED] - Switched to window with index: '1'

2023-02-06 16:45:31 - [TEST_STEP][PASSED] - navigateToUrl("https://www.mailinator.com/"): Navigate to 'https://www.mailinator.com/' successfully

2023-02-06 16:45:38 - [MESSAGE][PASSED] - Navigate to 'https://www.mailinator.com/' successfully

2023-02-06 16:45:38 - [TEST_STEP][PASSED] - delay(3): Delayed 3 second(s)

2023-02-06 16:45:41 - [MESSAGE][PASSED] - Delayed 3 second(s)

2023-02-06 16:45:41 - [TEST_STEP][PASSED] - setText(findTestObject("00-Signup and Activation/zMailinator/input_LOGIN_search"), "testuser01@mailinator.com"): Text 'testuser01@mailinator.com' is set on object 'Object Repository/00-Signup and Activation/zMailinator/input_LOGIN_search'

2023-02-06 16:45:42 - [MESSAGE][PASSED] - Text 'testuser01@mailinator.com' is set on object 'Object Repository/00-Signup and Activation/zMailinator/input_LOGIN_search'

2023-02-06 16:45:42 - [TEST_STEP][PASSED] - click(findTestObject("00-Signup and Activation/zMailinator/gobutton"), STOP_ON_FAILURE): Object: 'Object Repository/00-Signup and Activation/zMailinator/gobutton' is clicked on

2023-02-06 16:45:45 - [MESSAGE][PASSED] - Object: 'Object Repository/00-Signup and Activation/zMailinator/gobutton' is clicked on

2023-02-06 16:45:45 - [TEST_STEP][PASSED] - delay(3): Delayed 3 second(s)

2023-02-06 16:45:48 - [MESSAGE][PASSED] - Delayed 3 second(s)

2023-02-06 16:45:48 - [TEST_STEP][PASSED] - click(findTestObject("00-Signup and Activation/zMailinator/Email - everleagues")): Object: 'Object Repository/00-Signup and Activation/zMailinator/Email - everleagues' is clicked on

2023-02-06 16:45:48 - [MESSAGE][PASSED] - Object: 'Object Repository/00-Signup and Activation/zMailinator/Email - everleagues' is clicked on

2023-02-06 16:45:48 - [TEST_STEP][PASSED] - delay(3): Delayed 3 second(s)

2023-02-06 16:45:51 - [MESSAGE][PASSED] - Delayed 3 second(s)

2023-02-06 16:45:51 - [TEST_STEP][PASSED] - code = getText(findTestObject("Object Repository/06-Teams/For 2FA/2FA code")): Text of object 'Object Repository/06-Teams/For 2FA/2FA code' is: '439226'

2023-02-06 16:45:53 - [MESSAGE][PASSED] - Text of object 'Object Repository/06-Teams/For 2FA/2FA code' is: '439226'

2023-02-06 16:45:53 - [TEST_STEP][PASSED] - delay(3): Delayed 3 second(s)

2023-02-06 16:45:56 - [MESSAGE][PASSED] - Delayed 3 second(s)

2023-02-06 16:45:56 - [TEST_STEP][PASSED] - closeWindowTitle("Mailinator"): Window with title: 'Mailinator' is closed

2023-02-06 16:45:56 - [MESSAGE][PASSED] - Window with title: 'Mailinator' is closed

2023-02-06 16:45:56 - [TEST_STEP][PASSED] - delay(3): Delayed 3 second(s)

2023-02-06 16:45:59 - [MESSAGE][PASSED] - Delayed 3 second(s)

2023-02-06 16:45:59 - [TEST_STEP][PASSED] - switchToWindowIndex(0): Switched to window with index: '0'

2023-02-06 16:45:59 - [MESSAGE][PASSED] - Switched to window with index: '0'

2023-02-06 16:45:59 - [TEST_STEP][PASSED] - delay(3): Delayed 3 second(s)

2023-02-06 16:46:02 - [MESSAGE][PASSED] - Delayed 3 second(s)

2023-02-06 16:46:02 - [TEST_STEP][PASSED] - setText(findTestObject("Object Repository/06-Teams/For 2FA/input_Enter verification code_code"), code): Text '439226' is set on object 'Object Repository/06-Teams/For 2FA/input_Enter verification code_code'

2023-02-06 16:46:04 - [MESSAGE][PASSED] - Text '439226' is set on object 'Object Repository/06-Teams/For 2FA/input_Enter verification code_code'

2023-02-06 16:46:04 - [TEST_STEP][PASSED] - delay(3): Delayed 3 second(s)

2023-02-06 16:46:07 - [MESSAGE][PASSED] - Delayed 3 second(s)

2023-02-06 16:46:07 - [TEST_STEP][PASSED] - click(findTestObject("06-Teams/For 2FA/button_Verify_2FA")): Object: 'Object Repository/06-Teams/For 2FA/button_Verify_2FA' is clicked on

2023-02-06 16:46:07 - [MESSAGE][PASSED] - Object: 'Object Repository/06-Teams/For 2FA/button_Verify_2FA' is clicked on

2023-02-06 16:46:07 - [TEST_STEP][PASSED] - delay(3): Delayed 3 second(s)

2023-02-06 16:46:10 - [MESSAGE][PASSED] - Delayed 3 second(s)]]></system-out>
         <system-err><![CDATA[]]></system-err>
      </testcase>
      <testcase name="Test Cases/01-Login and Forgot Password/05-Logout" time="12.463" classname="Test Cases/01-Login and Forgot Password/05-Logout" status="PASSED">
         <system-out><![CDATA[2023-02-06 16:46:10 - [TEST_CASE][PASSED] - Test Cases/01-Login and Forgot Password/05-Logout: Test Cases/01-Login and Forgot Password/05-Logout

2023-02-06 16:46:13 - [TEST_STEP][PASSED] - click(findTestObject("01-Login and Forgot Password/User menu drop")): Object: 'Object Repository/01-Login and Forgot Password/User menu drop' is clicked on

2023-02-06 16:46:14 - [MESSAGE][PASSED] - Object: 'Object Repository/01-Login and Forgot Password/User menu drop' is clicked on

2023-02-06 16:46:14 - [TEST_STEP][PASSED] - delay(2): Delayed 2 second(s)

2023-02-06 16:46:16 - [MESSAGE][PASSED] - Delayed 2 second(s)

2023-02-06 16:46:16 - [TEST_STEP][PASSED] - click(findTestObject("01-Login and Forgot Password/h4_Sign Out"), STOP_ON_FAILURE): Object: 'Object Repository/01-Login and Forgot Password/h4_Sign Out' is clicked on

2023-02-06 16:46:17 - [MESSAGE][PASSED] - Object: 'Object Repository/01-Login and Forgot Password/h4_Sign Out' is clicked on

2023-02-06 16:46:17 - [TEST_STEP][PASSED] - delay(2): Delayed 2 second(s)

2023-02-06 16:46:19 - [MESSAGE][PASSED] - Delayed 2 second(s)

2023-02-06 16:46:19 - [TEST_STEP][PASSED] - verifyElementPresent(findTestObject("01-Login and Forgot Password/Login_Card"), 0): Object 'Object Repository/01-Login and Forgot Password/Login_Card' is present

2023-02-06 16:46:19 - [MESSAGE][WARNING] - Timeout '0' is invalid. Using default page load timeout: '30'

2023-02-06 16:46:20 - [MESSAGE][PASSED] - Object 'Object Repository/01-Login and Forgot Password/Login_Card' is present

2023-02-06 16:46:20 - [TEST_STEP][PASSED] - delay(3): Delayed 3 second(s)

2023-02-06 16:46:23 - [MESSAGE][PASSED] - Delayed 3 second(s)]]></system-out>
         <system-err><![CDATA[]]></system-err>
      </testcase>
      <testcase name="Test Cases/01-Login and Forgot Password/06-Forgot Password(Credentials Blank)" time="8.86" classname="Test Cases/01-Login and Forgot Password/06-Forgot Password(Credentials Blank)" status="PASSED">
         <system-out><![CDATA[2023-02-06 16:46:23 - [TEST_CASE][PASSED] - Test Cases/01-Login and Forgot Password/06-Forgot Password(Credentials Blank): Test Cases/01-Login and Forgot Password/06-Forgot Password(Credentials Blank)

2023-02-06 16:46:24 - [TEST_STEP][PASSED] - click(findTestObject("01-Login and Forgot Password/zForgot Password/a_Forgot password")): Object: 'Object Repository/01-Login and Forgot Password/zForgot Password/a_Forgot password' is clicked on

2023-02-06 16:46:25 - [MESSAGE][PASSED] - Object: 'Object Repository/01-Login and Forgot Password/zForgot Password/a_Forgot password' is clicked on

2023-02-06 16:46:25 - [TEST_STEP][PASSED] - verifyElementPresent(findTestObject("01-Login and Forgot Password/zForgot Password/span_Reset Password"), 0): Object 'Object Repository/01-Login and Forgot Password/zForgot Password/span_Reset Password' is present

2023-02-06 16:46:26 - [MESSAGE][WARNING] - Timeout '0' is invalid. Using default page load timeout: '30'

2023-02-06 16:46:26 - [MESSAGE][PASSED] - Object 'Object Repository/01-Login and Forgot Password/zForgot Password/span_Reset Password' is present

2023-02-06 16:46:26 - [TEST_STEP][PASSED] - delay(2): Delayed 2 second(s)

2023-02-06 16:46:28 - [MESSAGE][PASSED] - Delayed 2 second(s)

2023-02-06 16:46:28 - [TEST_STEP][PASSED] - verifyElementNotClickable(findTestObject("01-Login and Forgot Password/zForgot Password/button_Reset Password")): Object 'Object Repository/01-Login and Forgot Password/zForgot Password/button_Reset Password' is NOT clickable

2023-02-06 16:46:29 - [MESSAGE][PASSED] - Object 'Object Repository/01-Login and Forgot Password/zForgot Password/button_Reset Password' is NOT clickable

2023-02-06 16:46:29 - [TEST_STEP][PASSED] - delay(3): Delayed 3 second(s)

2023-02-06 16:46:32 - [MESSAGE][PASSED] - Delayed 3 second(s)]]></system-out>
         <system-err><![CDATA[]]></system-err>
      </testcase>
      <testcase name="Test Cases/01-Login and Forgot Password/07-Forgot Password(Wrong email)" time="14.215" classname="Test Cases/01-Login and Forgot Password/07-Forgot Password(Wrong email)" status="PASSED">
         <system-out><![CDATA[2023-02-06 16:46:32 - [TEST_CASE][PASSED] - Test Cases/01-Login and Forgot Password/07-Forgot Password(Wrong email): Test Cases/01-Login and Forgot Password/07-Forgot Password(Wrong email)

2023-02-06 16:46:33 - [TEST_STEP][PASSED] - setText(findTestObject("01-Login and Forgot Password/zForgot Password/Reset pass email field"), "unregisteredemail@test.com"): Text 'unregisteredemail@test.com' is set on object 'Object Repository/01-Login and Forgot Password/zForgot Password/Reset pass email field'

2023-02-06 16:46:35 - [MESSAGE][PASSED] - Text 'unregisteredemail@test.com' is set on object 'Object Repository/01-Login and Forgot Password/zForgot Password/Reset pass email field'

2023-02-06 16:46:35 - [TEST_STEP][PASSED] - delay(2): Delayed 2 second(s)

2023-02-06 16:46:37 - [MESSAGE][PASSED] - Delayed 2 second(s)

2023-02-06 16:46:37 - [TEST_STEP][PASSED] - click(findTestObject("01-Login and Forgot Password/zForgot Password/button_Reset Password")): Object: 'Object Repository/01-Login and Forgot Password/zForgot Password/button_Reset Password' is clicked on

2023-02-06 16:46:38 - [MESSAGE][PASSED] - Object: 'Object Repository/01-Login and Forgot Password/zForgot Password/button_Reset Password' is clicked on

2023-02-06 16:46:38 - [TEST_STEP][PASSED] - verifyElementPresent(findTestObject("01-Login and Forgot Password/zForgot Password/Reset pass- wrong email"), 0): Object 'Object Repository/01-Login and Forgot Password/zForgot Password/Reset pass- wrong email' is present

2023-02-06 16:46:38 - [MESSAGE][WARNING] - Timeout '0' is invalid. Using default page load timeout: '30'

2023-02-06 16:46:39 - [MESSAGE][PASSED] - Object 'Object Repository/01-Login and Forgot Password/zForgot Password/Reset pass- wrong email' is present

2023-02-06 16:46:39 - [TEST_STEP][PASSED] - delay(3): Delayed 3 second(s)

2023-02-06 16:46:42 - [MESSAGE][PASSED] - Delayed 3 second(s)

2023-02-06 16:46:42 - [TEST_STEP][PASSED] - click(findTestObject("01-Login and Forgot Password/zForgot Password/button_Back to login")): Object: 'Object Repository/01-Login and Forgot Password/zForgot Password/button_Back to login' is clicked on

2023-02-06 16:46:43 - [MESSAGE][PASSED] - Object: 'Object Repository/01-Login and Forgot Password/zForgot Password/button_Back to login' is clicked on

2023-02-06 16:46:43 - [TEST_STEP][PASSED] - delay(3): Delayed 3 second(s)

2023-02-06 16:46:46 - [MESSAGE][PASSED] - Delayed 3 second(s)]]></system-out>
         <system-err><![CDATA[]]></system-err>
      </testcase>
      <testcase name="Test Cases/01-Login and Forgot Password/08-Forgot Password(Correct Email)" time="23.82" classname="Test Cases/01-Login and Forgot Password/08-Forgot Password(Correct Email)" status="PASSED">
         <system-out><![CDATA[2023-02-06 16:46:46 - [TEST_CASE][PASSED] - Test Cases/01-Login and Forgot Password/08-Forgot Password(Correct Email): Test Cases/01-Login and Forgot Password/08-Forgot Password(Correct Email)

2023-02-06 16:46:48 - [TEST_STEP][PASSED] - delay(2): Delayed 2 second(s)

2023-02-06 16:46:50 - [MESSAGE][PASSED] - Delayed 2 second(s)

2023-02-06 16:46:50 - [TEST_STEP][PASSED] - click(findTestObject("01-Login and Forgot Password/zForgot Password/a_Forgot password")): Object: 'Object Repository/01-Login and Forgot Password/zForgot Password/a_Forgot password' is clicked on

2023-02-06 16:46:51 - [MESSAGE][PASSED] - Object: 'Object Repository/01-Login and Forgot Password/zForgot Password/a_Forgot password' is clicked on

2023-02-06 16:46:51 - [TEST_STEP][PASSED] - verifyElementPresent(findTestObject("01-Login and Forgot Password/zForgot Password/span_Reset Password"), 0): Object 'Object Repository/01-Login and Forgot Password/zForgot Password/span_Reset Password' is present

2023-02-06 16:46:51 - [MESSAGE][WARNING] - Timeout '0' is invalid. Using default page load timeout: '30'

2023-02-06 16:46:51 - [MESSAGE][PASSED] - Object 'Object Repository/01-Login and Forgot Password/zForgot Password/span_Reset Password' is present

2023-02-06 16:46:51 - [TEST_STEP][PASSED] - delay(2): Delayed 2 second(s)

2023-02-06 16:46:53 - [MESSAGE][PASSED] - Delayed 2 second(s)

2023-02-06 16:46:53 - [TEST_STEP][PASSED] - setText(findTestObject("01-Login and Forgot Password/zForgot Password/Reset pass email field"), "testuser01@mailinator.com"): Text 'testuser01@mailinator.com' is set on object 'Object Repository/01-Login and Forgot Password/zForgot Password/Reset pass email field'

2023-02-06 16:46:55 - [MESSAGE][PASSED] - Text 'testuser01@mailinator.com' is set on object 'Object Repository/01-Login and Forgot Password/zForgot Password/Reset pass email field'

2023-02-06 16:46:55 - [TEST_STEP][PASSED] - delay(2): Delayed 2 second(s)

2023-02-06 16:46:57 - [MESSAGE][PASSED] - Delayed 2 second(s)

2023-02-06 16:46:57 - [TEST_STEP][PASSED] - click(findTestObject("01-Login and Forgot Password/zForgot Password/button_Reset Password")): Object: 'Object Repository/01-Login and Forgot Password/zForgot Password/button_Reset Password' is clicked on

2023-02-06 16:46:58 - [MESSAGE][PASSED] - Object: 'Object Repository/01-Login and Forgot Password/zForgot Password/button_Reset Password' is clicked on

2023-02-06 16:46:58 - [TEST_STEP][PASSED] - verifyElementPresent(findTestObject("01-Login and Forgot Password/zForgot Password/Reset pass - success msg"), 0): Object 'Object Repository/01-Login and Forgot Password/zForgot Password/Reset pass - success msg' is present

2023-02-06 16:46:58 - [MESSAGE][WARNING] - Timeout '0' is invalid. Using default page load timeout: '30'

2023-02-06 16:46:59 - [MESSAGE][PASSED] - Object 'Object Repository/01-Login and Forgot Password/zForgot Password/Reset pass - success msg' is present

2023-02-06 16:46:59 - [TEST_STEP][PASSED] - delay(2): Delayed 2 second(s)

2023-02-06 16:47:01 - [MESSAGE][PASSED] - Delayed 2 second(s)

2023-02-06 16:47:01 - [TEST_STEP][PASSED] - click(findTestObject("01-Login and Forgot Password/zForgot Password/button_Back to login")): Object: 'Object Repository/01-Login and Forgot Password/zForgot Password/button_Back to login' is clicked on

2023-02-06 16:47:02 - [MESSAGE][PASSED] - Object: 'Object Repository/01-Login and Forgot Password/zForgot Password/button_Back to login' is clicked on

2023-02-06 16:47:02 - [TEST_STEP][PASSED] - delay(3): Delayed 3 second(s)

2023-02-06 16:47:05 - [MESSAGE][PASSED] - Delayed 3 second(s)

2023-02-06 16:47:05 - [TEST_STEP][PASSED] - verifyElementVisible(findTestObject("01-Login and Forgot Password/Login_Card")): Object 'Object Repository/01-Login and Forgot Password/Login_Card' is visible

2023-02-06 16:47:07 - [MESSAGE][PASSED] - Object 'Object Repository/01-Login and Forgot Password/Login_Card' is visible

2023-02-06 16:47:07 - [TEST_STEP][PASSED] - delay(2): Delayed 2 second(s)

2023-02-06 16:47:09 - [MESSAGE][PASSED] - Delayed 2 second(s)

2023-02-06 16:47:09 - [TEST_STEP][PASSED] - closeBrowser(): Browser is closed

2023-02-06 16:47:10 - [MESSAGE][PASSED] - Browser is closed]]></system-out>
         <system-err><![CDATA[]]></system-err>
      </testcase>
      <system-out><![CDATA[2023-02-06 16:43:45 - [TEST_SUITE][PASSED] - 01-Login and Forgot Password: Test Cases/01-Login and Forgot Password/08-Forgot Password(Correct Email)]]></system-out>
      <system-err><![CDATA[]]></system-err>
   </testsuite>
</testsuites>
