<?xml version="1.0" encoding="UTF-8"?>
<testsuites name="01-Login and Forgot Password" time="208.334" tests="8" failures="0" errors="0">
   <testsuite name="01-Login and Forgot Password" tests="8" failures="0" errors="0" time="208.334" skipped="0" timestamp="2023-03-24 09:59:08" hostname="asus - DESKTOP-3L3J9C1" id="Test Suites/TS-Organization/01-Login and Forgot Password">
      <properties>
         <property name="deviceName" value=""/>
         <property name="devicePlatform" value=""/>
         <property name="logFolder" value="C:\\Users\\asus\\Katalon Studio\\Everleagues\\Everleagues\\Reports\\20230324_095854\\TS-Organization\\01-Login and Forgot Password\\20230324_095854"/>
         <property name="logFiles" value="C:\\Users\\asus\\Katalon Studio\\Everleagues\\Everleagues\\Reports\\20230324_095854\\TS-Organization\\01-Login and Forgot Password\\20230324_095854\\execution0.log"/>
         <property name="attachments" value=""/>
         <property name="hostName" value="asus - DESKTOP-3L3J9C1"/>
         <property name="os" value="Windows 10 64bit"/>
         <property name="katalonVersion" value="8.4.1.208"/>
         <property name="browser" value="Chrome 111.0.0.0"/>
         <property name="hostAddress" value="10.100.1.180"/>
         <property name="sessionId" value="9c6ea0e38254a08dee8dd88763aff848"/>
         <property name="seleniumVersion" value="3.141.59"/>
         <property name="proxyInformation" value="ProxyInformation { proxyOption=NO_PROXY, proxyServerType=HTTP, username=, password=********, proxyServerAddress=, proxyServerPort=0, executionList=&quot;&quot;, isApplyToDesiredCapabilities=true }"/>
         <property name="platform" value="Windows 10"/>
      </properties>
      <testcase name="Test Cases/01-Login and Forgot Password/01-Login(Credentials Blank)" time="43.922" classname="Test Cases/01-Login and Forgot Password/01-Login(Credentials Blank)" status="PASSED">
         <system-out><![CDATA[2023-03-24 09:59:09 - [TEST_CASE][PASSED] - Test Cases/01-Login and Forgot Password/01-Login(Credentials Blank): Test Cases/01-Login and Forgot Password/01-Login(Credentials Blank)

2023-03-24 09:59:11 - [TEST_STEP][PASSED] - openBrowser(""): Browser is opened with url: ''

2023-03-24 09:59:13 - [MESSAGE][INFO] - Starting 'Chrome' driver

2023-03-24 09:59:13 - [MESSAGE][INFO] - Action delay is set to 0 milliseconds

2023-03-24 09:59:23 - [MESSAGE][PASSED] - Browser is opened with url: ''

2023-03-24 09:59:23 - [TEST_STEP][PASSED] - navigateToUrl("https://lab.everleagues.com/"): Navigate to 'https://lab.everleagues.com/' successfully

2023-03-24 09:59:45 - [MESSAGE][PASSED] - Navigate to 'https://lab.everleagues.com/' successfully

2023-03-24 09:59:45 - [TEST_STEP][PASSED] - maximizeWindow(): Current window maximized

2023-03-24 09:59:46 - [MESSAGE][PASSED] - Current window maximized

2023-03-24 09:59:46 - [TEST_STEP][PASSED] - verifyElementPresent(findTestObject("01-Login and Forgot Password/Login_Card"), 0): Object 'Object Repository/01-Login and Forgot Password/Login_Card' is present

2023-03-24 09:59:46 - [MESSAGE][WARNING] - Timeout '0' is invalid. Using default page load timeout: '30'

2023-03-24 09:59:47 - [MESSAGE][PASSED] - Object 'Object Repository/01-Login and Forgot Password/Login_Card' is present

2023-03-24 09:59:47 - [TEST_STEP][PASSED] - delay(2): Delayed 2 second(s)

2023-03-24 09:59:49 - [MESSAGE][PASSED] - Delayed 2 second(s)

2023-03-24 09:59:49 - [TEST_STEP][PASSED] - verifyElementNotClickable(findTestObject("01-Login and Forgot Password/button_Sign in")): Object 'Object Repository/01-Login and Forgot Password/button_Sign in' is NOT clickable

2023-03-24 09:59:50 - [MESSAGE][PASSED] - Object 'Object Repository/01-Login and Forgot Password/button_Sign in' is NOT clickable

2023-03-24 09:59:50 - [TEST_STEP][PASSED] - delay(3): Delayed 3 second(s)

2023-03-24 09:59:53 - [MESSAGE][PASSED] - Delayed 3 second(s)]]></system-out>
         <system-err><![CDATA[]]></system-err>
      </testcase>
      <testcase name="Test Cases/01-Login and Forgot Password/02-Login(Wrong Email)" time="18.04" classname="Test Cases/01-Login and Forgot Password/02-Login(Wrong Email)" status="PASSED">
         <system-out><![CDATA[2023-03-24 09:59:53 - [TEST_CASE][PASSED] - Test Cases/01-Login and Forgot Password/02-Login(Wrong Email): Test Cases/01-Login and Forgot Password/02-Login(Wrong Email)

2023-03-24 09:59:56 - [TEST_STEP][PASSED] - setText(findTestObject("01-Login and Forgot Password/input_Email_email"), "unregisteredemail@test.com"): Text 'unregisteredemail@test.com' is set on object 'Object Repository/01-Login and Forgot Password/input_Email_email'

2023-03-24 09:59:58 - [MESSAGE][PASSED] - Text 'unregisteredemail@test.com' is set on object 'Object Repository/01-Login and Forgot Password/input_Email_email'

2023-03-24 09:59:58 - [TEST_STEP][PASSED] - setEncryptedText(findTestObject("01-Login and Forgot Password/input_Email_password"), "pUQNV8a0dCQ="): Text ****** has been set on object 'Object Repository/01-Login and Forgot Password/input_Email_password'

2023-03-24 09:59:59 - [MESSAGE][PASSED] - Text ****** has been set on object 'Object Repository/01-Login and Forgot Password/input_Email_password'

2023-03-24 09:59:59 - [TEST_STEP][PASSED] - delay(3): Delayed 3 second(s)

2023-03-24 10:00:02 - [MESSAGE][PASSED] - Delayed 3 second(s)

2023-03-24 10:00:02 - [TEST_STEP][PASSED] - click(findTestObject("01-Login and Forgot Password/button_Sign in")): Object: 'Object Repository/01-Login and Forgot Password/button_Sign in' is clicked on

2023-03-24 10:00:04 - [MESSAGE][PASSED] - Object: 'Object Repository/01-Login and Forgot Password/button_Sign in' is clicked on

2023-03-24 10:00:04 - [TEST_STEP][PASSED] - delay(3): Delayed 3 second(s)

2023-03-24 10:00:07 - [MESSAGE][PASSED] - Delayed 3 second(s)

2023-03-24 10:00:07 - [TEST_STEP][PASSED] - verifyElementPresent(findTestObject("01-Login and Forgot Password/Invalid email error"), 0): Object 'Object Repository/01-Login and Forgot Password/Invalid email error' is present

2023-03-24 10:00:08 - [MESSAGE][WARNING] - Timeout '0' is invalid. Using default page load timeout: '30'

2023-03-24 10:00:08 - [MESSAGE][PASSED] - Object 'Object Repository/01-Login and Forgot Password/Invalid email error' is present

2023-03-24 10:00:08 - [TEST_STEP][PASSED] - delay(3): Delayed 3 second(s)

2023-03-24 10:00:11 - [MESSAGE][PASSED] - Delayed 3 second(s)]]></system-out>
         <system-err><![CDATA[]]></system-err>
      </testcase>
      <testcase name="Test Cases/01-Login and Forgot Password/03-Login(Valid email, wrong pass)" time="18.421" classname="Test Cases/01-Login and Forgot Password/03-Login(Valid email, wrong pass)" status="PASSED">
         <system-out><![CDATA[2023-03-24 10:00:11 - [TEST_CASE][PASSED] - Test Cases/01-Login and Forgot Password/03-Login(Valid email, wrong pass): Test Cases/01-Login and Forgot Password/03-Login(Valid email, wrong pass)

2023-03-24 10:00:14 - [TEST_STEP][PASSED] - setText(findTestObject("01-Login and Forgot Password/input_Email_email"), "testuser01@mailinator.com"): Text 'testuser01@mailinator.com' is set on object 'Object Repository/01-Login and Forgot Password/input_Email_email'

2023-03-24 10:00:15 - [MESSAGE][PASSED] - Text 'testuser01@mailinator.com' is set on object 'Object Repository/01-Login and Forgot Password/input_Email_email'

2023-03-24 10:00:15 - [TEST_STEP][PASSED] - setEncryptedText(findTestObject("01-Login and Forgot Password/input_Email_password"), "OxgQgnWTiECE3BxjMAl2ng=="): Text ****** has been set on object 'Object Repository/01-Login and Forgot Password/input_Email_password'

2023-03-24 10:00:16 - [MESSAGE][PASSED] - Text ****** has been set on object 'Object Repository/01-Login and Forgot Password/input_Email_password'

2023-03-24 10:00:16 - [TEST_STEP][PASSED] - delay(2): Delayed 2 second(s)

2023-03-24 10:00:18 - [MESSAGE][PASSED] - Delayed 2 second(s)

2023-03-24 10:00:18 - [TEST_STEP][PASSED] - click(findTestObject("01-Login and Forgot Password/show pass button")): Object: 'Object Repository/01-Login and Forgot Password/show pass button' is clicked on

2023-03-24 10:00:19 - [MESSAGE][PASSED] - Object: 'Object Repository/01-Login and Forgot Password/show pass button' is clicked on

2023-03-24 10:00:19 - [TEST_STEP][PASSED] - delay(3): Delayed 3 second(s)

2023-03-24 10:00:22 - [MESSAGE][PASSED] - Delayed 3 second(s)

2023-03-24 10:00:22 - [TEST_STEP][PASSED] - click(findTestObject("01-Login and Forgot Password/button_Sign in")): Object: 'Object Repository/01-Login and Forgot Password/button_Sign in' is clicked on

2023-03-24 10:00:23 - [MESSAGE][PASSED] - Object: 'Object Repository/01-Login and Forgot Password/button_Sign in' is clicked on

2023-03-24 10:00:23 - [TEST_STEP][PASSED] - delay(3): Delayed 3 second(s)

2023-03-24 10:00:26 - [MESSAGE][PASSED] - Delayed 3 second(s)

2023-03-24 10:00:26 - [TEST_STEP][PASSED] - verifyElementPresent(findTestObject("01-Login and Forgot Password/Invalid user name or password"), 0): Object 'Object Repository/01-Login and Forgot Password/Invalid user name or password' is present

2023-03-24 10:00:26 - [MESSAGE][WARNING] - Timeout '0' is invalid. Using default page load timeout: '30'

2023-03-24 10:00:27 - [MESSAGE][PASSED] - Object 'Object Repository/01-Login and Forgot Password/Invalid user name or password' is present

2023-03-24 10:00:27 - [TEST_STEP][PASSED] - delay(3): Delayed 3 second(s)

2023-03-24 10:00:30 - [MESSAGE][PASSED] - Delayed 3 second(s)]]></system-out>
         <system-err><![CDATA[]]></system-err>
      </testcase>
      <testcase name="Test Cases/01-Login and Forgot Password/04-Login (Valid Credentials-Without Subscription)" time="63.992" classname="Test Cases/01-Login and Forgot Password/04-Login (Valid Credentials-Without Subscription)" status="PASSED">
         <system-out><![CDATA[2023-03-24 10:00:30 - [TEST_CASE][PASSED] - Test Cases/01-Login and Forgot Password/04-Login (Valid Credentials-Without Subscription): Test Cases/01-Login and Forgot Password/04-Login (Valid Credentials-Without Subscription)

2023-03-24 10:00:32 - [TEST_STEP][PASSED] - setText(findTestObject("01-Login and Forgot Password/input_Email_email"), "testuser01@mailinator.com"): Text 'testuser01@mailinator.com' is set on object 'Object Repository/01-Login and Forgot Password/input_Email_email'

2023-03-24 10:00:33 - [MESSAGE][PASSED] - Text 'testuser01@mailinator.com' is set on object 'Object Repository/01-Login and Forgot Password/input_Email_email'

2023-03-24 10:00:33 - [TEST_STEP][PASSED] - setEncryptedText(findTestObject("01-Login and Forgot Password/input_Email_password2"), "8yFRyszE6U6jvsCn51OQbg=="): Text ****** has been set on object 'Object Repository/01-Login and Forgot Password/input_Email_password2'

2023-03-24 10:00:35 - [MESSAGE][PASSED] - Text ****** has been set on object 'Object Repository/01-Login and Forgot Password/input_Email_password2'

2023-03-24 10:00:35 - [TEST_STEP][PASSED] - delay(2): Delayed 2 second(s)

2023-03-24 10:00:37 - [MESSAGE][PASSED] - Delayed 2 second(s)

2023-03-24 10:00:37 - [TEST_STEP][PASSED] - click(findTestObject("01-Login and Forgot Password/show pass button")): Object: 'Object Repository/01-Login and Forgot Password/show pass button' is clicked on

2023-03-24 10:00:38 - [MESSAGE][PASSED] - Object: 'Object Repository/01-Login and Forgot Password/show pass button' is clicked on

2023-03-24 10:00:38 - [TEST_STEP][PASSED] - delay(3): Delayed 3 second(s)

2023-03-24 10:00:41 - [MESSAGE][PASSED] - Delayed 3 second(s)

2023-03-24 10:00:41 - [TEST_STEP][PASSED] - click(findTestObject("01-Login and Forgot Password/button_Sign in")): Object: 'Object Repository/01-Login and Forgot Password/button_Sign in' is clicked on

2023-03-24 10:00:42 - [MESSAGE][PASSED] - Object: 'Object Repository/01-Login and Forgot Password/button_Sign in' is clicked on

2023-03-24 10:00:42 - [TEST_STEP][PASSED] - delay(3): Delayed 3 second(s)

2023-03-24 10:00:45 - [MESSAGE][PASSED] - Delayed 3 second(s)

2023-03-24 10:00:45 - [TEST_STEP][PASSED] - click(findTestObject("06-Teams/For 2FA/button_Confirm_2FA")): Object: 'Object Repository/06-Teams/For 2FA/button_Confirm_2FA' is clicked on

2023-03-24 10:00:46 - [MESSAGE][PASSED] - Object: 'Object Repository/06-Teams/For 2FA/button_Confirm_2FA' is clicked on

2023-03-24 10:00:46 - [TEST_STEP][PASSED] - executeJavaScript("window.open();", []): Execute JavaScript 'window.open();' successfully

2023-03-24 10:00:46 - [MESSAGE][PASSED] - Execute JavaScript 'window.open();' successfully

2023-03-24 10:00:46 - [TEST_STEP][PASSED] - currentWindow = getWindowIndex(): Current window's index is: 0

2023-03-24 10:00:46 - [MESSAGE][PASSED] - Current window's index is: 0

2023-03-24 10:00:46 - [TEST_STEP][PASSED] - delay(3): Delayed 3 second(s)

2023-03-24 10:00:49 - [MESSAGE][PASSED] - Delayed 3 second(s)

2023-03-24 10:00:49 - [TEST_STEP][PASSED] - switchToWindowIndex(currentWindow + 1): Switched to window with index: '1'

2023-03-24 10:00:50 - [MESSAGE][PASSED] - Switched to window with index: '1'

2023-03-24 10:00:50 - [TEST_STEP][PASSED] - navigateToUrl("https://www.mailinator.com/"): Navigate to 'https://www.mailinator.com/' successfully

2023-03-24 10:00:58 - [MESSAGE][PASSED] - Navigate to 'https://www.mailinator.com/' successfully

2023-03-24 10:00:58 - [TEST_STEP][PASSED] - delay(3): Delayed 3 second(s)

2023-03-24 10:01:01 - [MESSAGE][PASSED] - Delayed 3 second(s)

2023-03-24 10:01:01 - [TEST_STEP][PASSED] - setText(findTestObject("00-Signup and Activation/zMailinator/input_LOGIN_search"), "testuser01@mailinator.com"): Text 'testuser01@mailinator.com' is set on object 'Object Repository/00-Signup and Activation/zMailinator/input_LOGIN_search'

2023-03-24 10:01:03 - [MESSAGE][PASSED] - Text 'testuser01@mailinator.com' is set on object 'Object Repository/00-Signup and Activation/zMailinator/input_LOGIN_search'

2023-03-24 10:01:03 - [TEST_STEP][PASSED] - click(findTestObject("00-Signup and Activation/zMailinator/gobutton"), STOP_ON_FAILURE): Object: 'Object Repository/00-Signup and Activation/zMailinator/gobutton' is clicked on

2023-03-24 10:01:06 - [MESSAGE][PASSED] - Object: 'Object Repository/00-Signup and Activation/zMailinator/gobutton' is clicked on

2023-03-24 10:01:06 - [TEST_STEP][PASSED] - delay(3): Delayed 3 second(s)

2023-03-24 10:01:09 - [MESSAGE][PASSED] - Delayed 3 second(s)

2023-03-24 10:01:09 - [TEST_STEP][PASSED] - click(findTestObject("00-Signup and Activation/zMailinator/Email - everleagues")): Object: 'Object Repository/00-Signup and Activation/zMailinator/Email - everleagues' is clicked on

2023-03-24 10:01:10 - [MESSAGE][PASSED] - Object: 'Object Repository/00-Signup and Activation/zMailinator/Email - everleagues' is clicked on

2023-03-24 10:01:10 - [TEST_STEP][PASSED] - delay(3): Delayed 3 second(s)

2023-03-24 10:01:13 - [MESSAGE][PASSED] - Delayed 3 second(s)

2023-03-24 10:01:13 - [TEST_STEP][PASSED] - code = getText(findTestObject("Object Repository/06-Teams/For 2FA/2FA code")): Text of object 'Object Repository/06-Teams/For 2FA/2FA code' is: '550568'

2023-03-24 10:01:14 - [MESSAGE][PASSED] - Text of object 'Object Repository/06-Teams/For 2FA/2FA code' is: '550568'

2023-03-24 10:01:14 - [TEST_STEP][PASSED] - delay(3): Delayed 3 second(s)

2023-03-24 10:01:17 - [MESSAGE][PASSED] - Delayed 3 second(s)

2023-03-24 10:01:18 - [TEST_STEP][PASSED] - closeWindowTitle("Mailinator"): Window with title: 'Mailinator' is closed

2023-03-24 10:01:18 - [MESSAGE][PASSED] - Window with title: 'Mailinator' is closed

2023-03-24 10:01:18 - [TEST_STEP][PASSED] - delay(3): Delayed 3 second(s)

2023-03-24 10:01:21 - [MESSAGE][PASSED] - Delayed 3 second(s)

2023-03-24 10:01:21 - [TEST_STEP][PASSED] - switchToWindowIndex(0): Switched to window with index: '0'

2023-03-24 10:01:21 - [MESSAGE][PASSED] - Switched to window with index: '0'

2023-03-24 10:01:21 - [TEST_STEP][PASSED] - delay(3): Delayed 3 second(s)

2023-03-24 10:01:24 - [MESSAGE][PASSED] - Delayed 3 second(s)

2023-03-24 10:01:24 - [TEST_STEP][PASSED] - setText(findTestObject("Object Repository/06-Teams/For 2FA/input_Enter verification code_code"), code): Text '550568' is set on object 'Object Repository/06-Teams/For 2FA/input_Enter verification code_code'

2023-03-24 10:01:27 - [MESSAGE][PASSED] - Text '550568' is set on object 'Object Repository/06-Teams/For 2FA/input_Enter verification code_code'

2023-03-24 10:01:27 - [TEST_STEP][PASSED] - delay(3): Delayed 3 second(s)

2023-03-24 10:01:30 - [MESSAGE][PASSED] - Delayed 3 second(s)

2023-03-24 10:01:30 - [TEST_STEP][PASSED] - click(findTestObject("06-Teams/For 2FA/button_Verify_2FA")): Object: 'Object Repository/06-Teams/For 2FA/button_Verify_2FA' is clicked on

2023-03-24 10:01:31 - [MESSAGE][PASSED] - Object: 'Object Repository/06-Teams/For 2FA/button_Verify_2FA' is clicked on

2023-03-24 10:01:31 - [TEST_STEP][PASSED] - delay(3): Delayed 3 second(s)

2023-03-24 10:01:34 - [MESSAGE][PASSED] - Delayed 3 second(s)]]></system-out>
         <system-err><![CDATA[]]></system-err>
      </testcase>
      <testcase name="Test Cases/01-Login and Forgot Password/05-Logout" time="13.065" classname="Test Cases/01-Login and Forgot Password/05-Logout" status="PASSED">
         <system-out><![CDATA[2023-03-24 10:01:34 - [TEST_CASE][PASSED] - Test Cases/01-Login and Forgot Password/05-Logout: Test Cases/01-Login and Forgot Password/05-Logout

2023-03-24 10:01:37 - [TEST_STEP][PASSED] - click(findTestObject("01-Login and Forgot Password/User menu drop")): Object: 'Object Repository/01-Login and Forgot Password/User menu drop' is clicked on

2023-03-24 10:01:38 - [MESSAGE][PASSED] - Object: 'Object Repository/01-Login and Forgot Password/User menu drop' is clicked on

2023-03-24 10:01:38 - [TEST_STEP][PASSED] - delay(2): Delayed 2 second(s)

2023-03-24 10:01:40 - [MESSAGE][PASSED] - Delayed 2 second(s)

2023-03-24 10:01:40 - [TEST_STEP][PASSED] - click(findTestObject("01-Login and Forgot Password/h4_Sign Out"), STOP_ON_FAILURE): Object: 'Object Repository/01-Login and Forgot Password/h4_Sign Out' is clicked on

2023-03-24 10:01:41 - [MESSAGE][PASSED] - Object: 'Object Repository/01-Login and Forgot Password/h4_Sign Out' is clicked on

2023-03-24 10:01:41 - [TEST_STEP][PASSED] - delay(2): Delayed 2 second(s)

2023-03-24 10:01:43 - [MESSAGE][PASSED] - Delayed 2 second(s)

2023-03-24 10:01:43 - [TEST_STEP][PASSED] - verifyElementPresent(findTestObject("01-Login and Forgot Password/Login_Card"), 0): Object 'Object Repository/01-Login and Forgot Password/Login_Card' is present

2023-03-24 10:01:43 - [MESSAGE][WARNING] - Timeout '0' is invalid. Using default page load timeout: '30'

2023-03-24 10:01:44 - [MESSAGE][PASSED] - Object 'Object Repository/01-Login and Forgot Password/Login_Card' is present

2023-03-24 10:01:44 - [TEST_STEP][PASSED] - delay(3): Delayed 3 second(s)

2023-03-24 10:01:47 - [MESSAGE][PASSED] - Delayed 3 second(s)]]></system-out>
         <system-err><![CDATA[]]></system-err>
      </testcase>
      <testcase name="Test Cases/01-Login and Forgot Password/06-Forgot Password(Credentials Blank)" time="9.374" classname="Test Cases/01-Login and Forgot Password/06-Forgot Password(Credentials Blank)" status="PASSED">
         <system-out><![CDATA[2023-03-24 10:01:47 - [TEST_CASE][PASSED] - Test Cases/01-Login and Forgot Password/06-Forgot Password(Credentials Blank): Test Cases/01-Login and Forgot Password/06-Forgot Password(Credentials Blank)

2023-03-24 10:01:49 - [TEST_STEP][PASSED] - click(findTestObject("01-Login and Forgot Password/zForgot Password/a_Forgot password")): Object: 'Object Repository/01-Login and Forgot Password/zForgot Password/a_Forgot password' is clicked on

2023-03-24 10:01:50 - [MESSAGE][PASSED] - Object: 'Object Repository/01-Login and Forgot Password/zForgot Password/a_Forgot password' is clicked on

2023-03-24 10:01:50 - [TEST_STEP][PASSED] - verifyElementPresent(findTestObject("01-Login and Forgot Password/zForgot Password/span_Reset Password"), 0): Object 'Object Repository/01-Login and Forgot Password/zForgot Password/span_Reset Password' is present

2023-03-24 10:01:50 - [MESSAGE][WARNING] - Timeout '0' is invalid. Using default page load timeout: '30'

2023-03-24 10:01:51 - [MESSAGE][PASSED] - Object 'Object Repository/01-Login and Forgot Password/zForgot Password/span_Reset Password' is present

2023-03-24 10:01:51 - [TEST_STEP][PASSED] - delay(2): Delayed 2 second(s)

2023-03-24 10:01:53 - [MESSAGE][PASSED] - Delayed 2 second(s)

2023-03-24 10:01:53 - [TEST_STEP][PASSED] - verifyElementNotClickable(findTestObject("01-Login and Forgot Password/zForgot Password/button_Reset Password")): Object 'Object Repository/01-Login and Forgot Password/zForgot Password/button_Reset Password' is NOT clickable

2023-03-24 10:01:53 - [MESSAGE][PASSED] - Object 'Object Repository/01-Login and Forgot Password/zForgot Password/button_Reset Password' is NOT clickable

2023-03-24 10:01:53 - [TEST_STEP][PASSED] - delay(3): Delayed 3 second(s)

2023-03-24 10:01:56 - [MESSAGE][PASSED] - Delayed 3 second(s)]]></system-out>
         <system-err><![CDATA[]]></system-err>
      </testcase>
      <testcase name="Test Cases/01-Login and Forgot Password/07-Forgot Password(Wrong email)" time="14.916" classname="Test Cases/01-Login and Forgot Password/07-Forgot Password(Wrong email)" status="PASSED">
         <system-out><![CDATA[2023-03-24 10:01:57 - [TEST_CASE][PASSED] - Test Cases/01-Login and Forgot Password/07-Forgot Password(Wrong email): Test Cases/01-Login and Forgot Password/07-Forgot Password(Wrong email)

2023-03-24 10:01:58 - [TEST_STEP][PASSED] - setText(findTestObject("01-Login and Forgot Password/zForgot Password/Reset pass email field"), "unregisteredemail@test.com"): Text 'unregisteredemail@test.com' is set on object 'Object Repository/01-Login and Forgot Password/zForgot Password/Reset pass email field'

2023-03-24 10:02:00 - [MESSAGE][PASSED] - Text 'unregisteredemail@test.com' is set on object 'Object Repository/01-Login and Forgot Password/zForgot Password/Reset pass email field'

2023-03-24 10:02:00 - [TEST_STEP][PASSED] - delay(2): Delayed 2 second(s)

2023-03-24 10:02:02 - [MESSAGE][PASSED] - Delayed 2 second(s)

2023-03-24 10:02:02 - [TEST_STEP][PASSED] - click(findTestObject("01-Login and Forgot Password/zForgot Password/button_Reset Password")): Object: 'Object Repository/01-Login and Forgot Password/zForgot Password/button_Reset Password' is clicked on

2023-03-24 10:02:03 - [MESSAGE][PASSED] - Object: 'Object Repository/01-Login and Forgot Password/zForgot Password/button_Reset Password' is clicked on

2023-03-24 10:02:03 - [TEST_STEP][PASSED] - verifyElementPresent(findTestObject("01-Login and Forgot Password/zForgot Password/Reset pass- wrong email"), 0): Object 'Object Repository/01-Login and Forgot Password/zForgot Password/Reset pass- wrong email' is present

2023-03-24 10:02:03 - [MESSAGE][WARNING] - Timeout '0' is invalid. Using default page load timeout: '30'

2023-03-24 10:02:04 - [MESSAGE][PASSED] - Object 'Object Repository/01-Login and Forgot Password/zForgot Password/Reset pass- wrong email' is present

2023-03-24 10:02:04 - [TEST_STEP][PASSED] - delay(3): Delayed 3 second(s)

2023-03-24 10:02:07 - [MESSAGE][PASSED] - Delayed 3 second(s)

2023-03-24 10:02:07 - [TEST_STEP][PASSED] - click(findTestObject("01-Login and Forgot Password/zForgot Password/button_Back to login")): Object: 'Object Repository/01-Login and Forgot Password/zForgot Password/button_Back to login' is clicked on

2023-03-24 10:02:08 - [MESSAGE][PASSED] - Object: 'Object Repository/01-Login and Forgot Password/zForgot Password/button_Back to login' is clicked on

2023-03-24 10:02:08 - [TEST_STEP][PASSED] - delay(3): Delayed 3 second(s)

2023-03-24 10:02:11 - [MESSAGE][PASSED] - Delayed 3 second(s)]]></system-out>
         <system-err><![CDATA[]]></system-err>
      </testcase>
      <testcase name="Test Cases/01-Login and Forgot Password/08-Forgot Password(Correct Email)" time="24.762" classname="Test Cases/01-Login and Forgot Password/08-Forgot Password(Correct Email)" status="PASSED">
         <system-out><![CDATA[2023-03-24 10:02:11 - [TEST_CASE][PASSED] - Test Cases/01-Login and Forgot Password/08-Forgot Password(Correct Email): Test Cases/01-Login and Forgot Password/08-Forgot Password(Correct Email)

2023-03-24 10:02:13 - [TEST_STEP][PASSED] - delay(2): Delayed 2 second(s)

2023-03-24 10:02:15 - [MESSAGE][PASSED] - Delayed 2 second(s)

2023-03-24 10:02:15 - [TEST_STEP][PASSED] - click(findTestObject("01-Login and Forgot Password/zForgot Password/a_Forgot password")): Object: 'Object Repository/01-Login and Forgot Password/zForgot Password/a_Forgot password' is clicked on

2023-03-24 10:02:17 - [MESSAGE][PASSED] - Object: 'Object Repository/01-Login and Forgot Password/zForgot Password/a_Forgot password' is clicked on

2023-03-24 10:02:17 - [TEST_STEP][PASSED] - verifyElementPresent(findTestObject("01-Login and Forgot Password/zForgot Password/span_Reset Password"), 0): Object 'Object Repository/01-Login and Forgot Password/zForgot Password/span_Reset Password' is present

2023-03-24 10:02:17 - [MESSAGE][WARNING] - Timeout '0' is invalid. Using default page load timeout: '30'

2023-03-24 10:02:17 - [MESSAGE][PASSED] - Object 'Object Repository/01-Login and Forgot Password/zForgot Password/span_Reset Password' is present

2023-03-24 10:02:17 - [TEST_STEP][PASSED] - delay(2): Delayed 2 second(s)

2023-03-24 10:02:19 - [MESSAGE][PASSED] - Delayed 2 second(s)

2023-03-24 10:02:19 - [TEST_STEP][PASSED] - setText(findTestObject("01-Login and Forgot Password/zForgot Password/Reset pass email field"), "testuser01@mailinator.com"): Text 'testuser01@mailinator.com' is set on object 'Object Repository/01-Login and Forgot Password/zForgot Password/Reset pass email field'

2023-03-24 10:02:21 - [MESSAGE][PASSED] - Text 'testuser01@mailinator.com' is set on object 'Object Repository/01-Login and Forgot Password/zForgot Password/Reset pass email field'

2023-03-24 10:02:21 - [TEST_STEP][PASSED] - delay(2): Delayed 2 second(s)

2023-03-24 10:02:23 - [MESSAGE][PASSED] - Delayed 2 second(s)

2023-03-24 10:02:23 - [TEST_STEP][PASSED] - click(findTestObject("01-Login and Forgot Password/zForgot Password/button_Reset Password")): Object: 'Object Repository/01-Login and Forgot Password/zForgot Password/button_Reset Password' is clicked on

2023-03-24 10:02:24 - [MESSAGE][PASSED] - Object: 'Object Repository/01-Login and Forgot Password/zForgot Password/button_Reset Password' is clicked on

2023-03-24 10:02:24 - [TEST_STEP][PASSED] - verifyElementPresent(findTestObject("01-Login and Forgot Password/zForgot Password/Reset pass - success msg"), 0): Object 'Object Repository/01-Login and Forgot Password/zForgot Password/Reset pass - success msg' is present

2023-03-24 10:02:24 - [MESSAGE][WARNING] - Timeout '0' is invalid. Using default page load timeout: '30'

2023-03-24 10:02:26 - [MESSAGE][PASSED] - Object 'Object Repository/01-Login and Forgot Password/zForgot Password/Reset pass - success msg' is present

2023-03-24 10:02:26 - [TEST_STEP][PASSED] - delay(2): Delayed 2 second(s)

2023-03-24 10:02:28 - [MESSAGE][PASSED] - Delayed 2 second(s)

2023-03-24 10:02:28 - [TEST_STEP][PASSED] - click(findTestObject("01-Login and Forgot Password/zForgot Password/button_Back to login")): Object: 'Object Repository/01-Login and Forgot Password/zForgot Password/button_Back to login' is clicked on

2023-03-24 10:02:29 - [MESSAGE][PASSED] - Object: 'Object Repository/01-Login and Forgot Password/zForgot Password/button_Back to login' is clicked on

2023-03-24 10:02:29 - [TEST_STEP][PASSED] - delay(3): Delayed 3 second(s)

2023-03-24 10:02:32 - [MESSAGE][PASSED] - Delayed 3 second(s)

2023-03-24 10:02:32 - [TEST_STEP][PASSED] - verifyElementVisible(findTestObject("01-Login and Forgot Password/Login_Card")): Object 'Object Repository/01-Login and Forgot Password/Login_Card' is visible

2023-03-24 10:02:33 - [MESSAGE][PASSED] - Object 'Object Repository/01-Login and Forgot Password/Login_Card' is visible

2023-03-24 10:02:33 - [TEST_STEP][PASSED] - delay(2): Delayed 2 second(s)

2023-03-24 10:02:35 - [MESSAGE][PASSED] - Delayed 2 second(s)

2023-03-24 10:02:35 - [TEST_STEP][PASSED] - closeBrowser(): Browser is closed

2023-03-24 10:02:36 - [MESSAGE][PASSED] - Browser is closed]]></system-out>
         <system-err><![CDATA[]]></system-err>
      </testcase>
      <system-out><![CDATA[2023-03-24 09:59:08 - [TEST_SUITE][PASSED] - 01-Login and Forgot Password: Test Cases/01-Login and Forgot Password/08-Forgot Password(Correct Email)]]></system-out>
      <system-err><![CDATA[]]></system-err>
   </testsuite>
</testsuites>
