<?xml version="1.0" encoding="UTF-8"?>
<testsuites name="01-Login and Forgot Password" time="173.878" tests="8" failures="0" errors="0">
   <testsuite name="01-Login and Forgot Password" tests="8" failures="0" errors="0" time="173.878" skipped="0" timestamp="2023-04-28 09:39:48" hostname="Mike - LAPTOP-LF5VTH4H" id="Test Suites/TS-Organization/01-Login and Forgot Password">
      <properties>
         <property name="deviceName" value=""/>
         <property name="devicePlatform" value=""/>
         <property name="logFolder" value="D:\\Users\\Michelle\\Project\\Everleagues\\Reports\\20230428_093941\\TS-Organization\\01-Login and Forgot Password\\20230428_093941"/>
         <property name="logFiles" value="D:\\Users\\Michelle\\Project\\Everleagues\\Reports\\20230428_093941\\TS-Organization\\01-Login and Forgot Password\\20230428_093941\\execution0.log"/>
         <property name="attachments" value=""/>
         <property name="hostName" value="Mike - LAPTOP-LF5VTH4H"/>
         <property name="os" value="Windows 10 64bit"/>
         <property name="katalonVersion" value="8.6.0.208"/>
         <property name="browser" value="Chrome 112.0.0.0"/>
         <property name="hostAddress" value="192.168.100.69"/>
         <property name="sessionId" value="e2f1ad5f8bbbb240e31b3a5e22179e06"/>
         <property name="seleniumVersion" value="3.141.59"/>
         <property name="proxyInformation" value="ProxyInformation { proxyOption=NO_PROXY, proxyServerType=HTTP, username=, password=********, proxyServerAddress=, proxyServerPort=0, executionList=&quot;&quot;, isApplyToDesiredCapabilities=true }"/>
         <property name="platform" value="Windows 10"/>
      </properties>
      <testcase name="Test Cases/01-Login and Forgot Password/01-Login(Credentials Blank)" time="28.023" classname="Test Cases/01-Login and Forgot Password/01-Login(Credentials Blank)" status="PASSED">
         <system-out><![CDATA[2023-04-28 09:39:49 - [TEST_CASE][PASSED] - Test Cases/01-Login and Forgot Password/01-Login(Credentials Blank): Test Cases/01-Login and Forgot Password/01-Login(Credentials Blank)

2023-04-28 09:39:49 - [TEST_STEP][PASSED] - openBrowser(""): Browser is opened with url: ''

2023-04-28 09:39:50 - [MESSAGE][INFO] - Starting 'Chrome' driver

2023-04-28 09:39:50 - [MESSAGE][INFO] - Action delay is set to 0 milliseconds

2023-04-28 09:39:56 - [MESSAGE][PASSED] - Browser is opened with url: ''

2023-04-28 09:39:56 - [TEST_STEP][PASSED] - navigateToUrl("https://lab.everleagues.com/"): Navigate to 'https://lab.everleagues.com/' successfully

2023-04-28 09:40:11 - [MESSAGE][PASSED] - Navigate to 'https://lab.everleagues.com/' successfully

2023-04-28 09:40:11 - [TEST_STEP][PASSED] - maximizeWindow(): Current window maximized

2023-04-28 09:40:11 - [MESSAGE][PASSED] - Current window maximized

2023-04-28 09:40:11 - [TEST_STEP][PASSED] - verifyElementPresent(findTestObject("01-Login and Forgot Password/Login_Card"), 0): Object 'Object Repository/01-Login and Forgot Password/Login_Card' is present

2023-04-28 09:40:11 - [MESSAGE][WARNING] - Timeout '0' is invalid. Using default page load timeout: '30'

2023-04-28 09:40:11 - [MESSAGE][PASSED] - Object 'Object Repository/01-Login and Forgot Password/Login_Card' is present

2023-04-28 09:40:11 - [TEST_STEP][PASSED] - delay(2): Delayed 2 second(s)

2023-04-28 09:40:13 - [MESSAGE][PASSED] - Delayed 2 second(s)

2023-04-28 09:40:13 - [TEST_STEP][PASSED] - verifyElementNotClickable(findTestObject("01-Login and Forgot Password/button_Sign in")): Object 'Object Repository/01-Login and Forgot Password/button_Sign in' is NOT clickable

2023-04-28 09:40:14 - [MESSAGE][PASSED] - Object 'Object Repository/01-Login and Forgot Password/button_Sign in' is NOT clickable

2023-04-28 09:40:14 - [TEST_STEP][PASSED] - delay(3): Delayed 3 second(s)

2023-04-28 09:40:17 - [MESSAGE][PASSED] - Delayed 3 second(s)]]></system-out>
         <system-err><![CDATA[]]></system-err>
      </testcase>
      <testcase name="Test Cases/01-Login and Forgot Password/02-Login(Wrong Email)" time="12.785" classname="Test Cases/01-Login and Forgot Password/02-Login(Wrong Email)" status="PASSED">
         <system-out><![CDATA[2023-04-28 09:40:17 - [TEST_CASE][PASSED] - Test Cases/01-Login and Forgot Password/02-Login(Wrong Email): Test Cases/01-Login and Forgot Password/02-Login(Wrong Email)

2023-04-28 09:40:18 - [TEST_STEP][PASSED] - setText(findTestObject("01-Login and Forgot Password/input_Email_email"), "unregisteredemail@test.com"): Text 'unregisteredemail@test.com' is set on object 'Object Repository/01-Login and Forgot Password/input_Email_email'

2023-04-28 09:40:19 - [MESSAGE][PASSED] - Text 'unregisteredemail@test.com' is set on object 'Object Repository/01-Login and Forgot Password/input_Email_email'

2023-04-28 09:40:19 - [TEST_STEP][PASSED] - setEncryptedText(findTestObject("01-Login and Forgot Password/input_Email_password"), "pUQNV8a0dCQ="): Text ****** has been set on object 'Object Repository/01-Login and Forgot Password/input_Email_password'

2023-04-28 09:40:20 - [MESSAGE][PASSED] - Text ****** has been set on object 'Object Repository/01-Login and Forgot Password/input_Email_password'

2023-04-28 09:40:20 - [TEST_STEP][PASSED] - delay(3): Delayed 3 second(s)

2023-04-28 09:40:23 - [MESSAGE][PASSED] - Delayed 3 second(s)

2023-04-28 09:40:23 - [TEST_STEP][PASSED] - click(findTestObject("01-Login and Forgot Password/button_Sign in")): Object: 'Object Repository/01-Login and Forgot Password/button_Sign in' is clicked on

2023-04-28 09:40:23 - [MESSAGE][PASSED] - Object: 'Object Repository/01-Login and Forgot Password/button_Sign in' is clicked on

2023-04-28 09:40:23 - [TEST_STEP][PASSED] - delay(3): Delayed 3 second(s)

2023-04-28 09:40:26 - [MESSAGE][PASSED] - Delayed 3 second(s)

2023-04-28 09:40:26 - [TEST_STEP][PASSED] - verifyElementPresent(findTestObject("01-Login and Forgot Password/Invalid email error"), 0): Object 'Object Repository/01-Login and Forgot Password/Invalid email error' is present

2023-04-28 09:40:26 - [MESSAGE][WARNING] - Timeout '0' is invalid. Using default page load timeout: '30'

2023-04-28 09:40:27 - [MESSAGE][PASSED] - Object 'Object Repository/01-Login and Forgot Password/Invalid email error' is present

2023-04-28 09:40:27 - [TEST_STEP][PASSED] - delay(3): Delayed 3 second(s)

2023-04-28 09:40:30 - [MESSAGE][PASSED] - Delayed 3 second(s)]]></system-out>
         <system-err><![CDATA[]]></system-err>
      </testcase>
      <testcase name="Test Cases/01-Login and Forgot Password/03-Login(Valid email, wrong pass)" time="15.207" classname="Test Cases/01-Login and Forgot Password/03-Login(Valid email, wrong pass)" status="PASSED">
         <system-out><![CDATA[2023-04-28 09:40:30 - [TEST_CASE][PASSED] - Test Cases/01-Login and Forgot Password/03-Login(Valid email, wrong pass): Test Cases/01-Login and Forgot Password/03-Login(Valid email, wrong pass)

2023-04-28 09:40:31 - [TEST_STEP][PASSED] - setText(findTestObject("01-Login and Forgot Password/input_Email_email"), "testuser01@mailinator.com"): Text 'testuser01@mailinator.com' is set on object 'Object Repository/01-Login and Forgot Password/input_Email_email'

2023-04-28 09:40:32 - [MESSAGE][PASSED] - Text 'testuser01@mailinator.com' is set on object 'Object Repository/01-Login and Forgot Password/input_Email_email'

2023-04-28 09:40:32 - [TEST_STEP][PASSED] - setEncryptedText(findTestObject("01-Login and Forgot Password/input_Email_password"), "OxgQgnWTiECE3BxjMAl2ng=="): Text ****** has been set on object 'Object Repository/01-Login and Forgot Password/input_Email_password'

2023-04-28 09:40:32 - [MESSAGE][PASSED] - Text ****** has been set on object 'Object Repository/01-Login and Forgot Password/input_Email_password'

2023-04-28 09:40:32 - [TEST_STEP][PASSED] - delay(2): Delayed 2 second(s)

2023-04-28 09:40:34 - [MESSAGE][PASSED] - Delayed 2 second(s)

2023-04-28 09:40:34 - [TEST_STEP][PASSED] - click(findTestObject("01-Login and Forgot Password/show pass button")): Object: 'Object Repository/01-Login and Forgot Password/show pass button' is clicked on

2023-04-28 09:40:35 - [MESSAGE][PASSED] - Object: 'Object Repository/01-Login and Forgot Password/show pass button' is clicked on

2023-04-28 09:40:35 - [TEST_STEP][PASSED] - delay(3): Delayed 3 second(s)

2023-04-28 09:40:38 - [MESSAGE][PASSED] - Delayed 3 second(s)

2023-04-28 09:40:38 - [TEST_STEP][PASSED] - click(findTestObject("01-Login and Forgot Password/button_Sign in")): Object: 'Object Repository/01-Login and Forgot Password/button_Sign in' is clicked on

2023-04-28 09:40:38 - [MESSAGE][PASSED] - Object: 'Object Repository/01-Login and Forgot Password/button_Sign in' is clicked on

2023-04-28 09:40:38 - [TEST_STEP][PASSED] - delay(3): Delayed 3 second(s)

2023-04-28 09:40:41 - [MESSAGE][PASSED] - Delayed 3 second(s)

2023-04-28 09:40:41 - [TEST_STEP][PASSED] - verifyElementPresent(findTestObject("01-Login and Forgot Password/Invalid user name or password"), 0): Object 'Object Repository/01-Login and Forgot Password/Invalid user name or password' is present

2023-04-28 09:40:41 - [MESSAGE][WARNING] - Timeout '0' is invalid. Using default page load timeout: '30'

2023-04-28 09:40:42 - [MESSAGE][PASSED] - Object 'Object Repository/01-Login and Forgot Password/Invalid user name or password' is present

2023-04-28 09:40:42 - [TEST_STEP][PASSED] - delay(3): Delayed 3 second(s)

2023-04-28 09:40:45 - [MESSAGE][PASSED] - Delayed 3 second(s)]]></system-out>
         <system-err><![CDATA[]]></system-err>
      </testcase>
      <testcase name="Test Cases/01-Login and Forgot Password/04-Login (Valid Credentials-Without Subscription)" time="67.133" classname="Test Cases/01-Login and Forgot Password/04-Login (Valid Credentials-Without Subscription)" status="PASSED">
         <system-out><![CDATA[2023-04-28 09:40:45 - [TEST_CASE][PASSED] - Test Cases/01-Login and Forgot Password/04-Login (Valid Credentials-Without Subscription): Test Cases/01-Login and Forgot Password/04-Login (Valid Credentials-Without Subscription)

2023-04-28 09:40:45 - [TEST_STEP][PASSED] - setText(findTestObject("01-Login and Forgot Password/input_Email_email"), "testuser01@mailinator.com"): Text 'testuser01@mailinator.com' is set on object 'Object Repository/01-Login and Forgot Password/input_Email_email'

2023-04-28 09:40:47 - [MESSAGE][PASSED] - Text 'testuser01@mailinator.com' is set on object 'Object Repository/01-Login and Forgot Password/input_Email_email'

2023-04-28 09:40:47 - [TEST_STEP][PASSED] - setEncryptedText(findTestObject("01-Login and Forgot Password/input_Email_password2"), "8yFRyszE6U6jvsCn51OQbg=="): Text ****** has been set on object 'Object Repository/01-Login and Forgot Password/input_Email_password2'

2023-04-28 09:40:48 - [MESSAGE][PASSED] - Text ****** has been set on object 'Object Repository/01-Login and Forgot Password/input_Email_password2'

2023-04-28 09:40:48 - [TEST_STEP][PASSED] - delay(2): Delayed 2 second(s)

2023-04-28 09:40:50 - [MESSAGE][PASSED] - Delayed 2 second(s)

2023-04-28 09:40:50 - [TEST_STEP][PASSED] - click(findTestObject("01-Login and Forgot Password/show pass button")): Object: 'Object Repository/01-Login and Forgot Password/show pass button' is clicked on

2023-04-28 09:40:50 - [MESSAGE][PASSED] - Object: 'Object Repository/01-Login and Forgot Password/show pass button' is clicked on

2023-04-28 09:40:50 - [TEST_STEP][PASSED] - delay(3): Delayed 3 second(s)

2023-04-28 09:40:53 - [MESSAGE][PASSED] - Delayed 3 second(s)

2023-04-28 09:40:53 - [TEST_STEP][PASSED] - click(findTestObject("01-Login and Forgot Password/button_Sign in")): Object: 'Object Repository/01-Login and Forgot Password/button_Sign in' is clicked on

2023-04-28 09:40:54 - [MESSAGE][PASSED] - Object: 'Object Repository/01-Login and Forgot Password/button_Sign in' is clicked on

2023-04-28 09:40:54 - [TEST_STEP][PASSED] - delay(3): Delayed 3 second(s)

2023-04-28 09:40:57 - [MESSAGE][PASSED] - Delayed 3 second(s)

2023-04-28 09:40:57 - [TEST_STEP][PASSED] - click(findTestObject("06-Teams/For 2FA/button_Confirm_2FA")): Object: 'Object Repository/06-Teams/For 2FA/button_Confirm_2FA' is clicked on

2023-04-28 09:40:57 - [MESSAGE][PASSED] - Object: 'Object Repository/06-Teams/For 2FA/button_Confirm_2FA' is clicked on

2023-04-28 09:40:57 - [TEST_STEP][PASSED] - executeJavaScript("window.open();", []): Execute JavaScript 'window.open();' successfully

2023-04-28 09:40:57 - [MESSAGE][PASSED] - Execute JavaScript 'window.open();' successfully

2023-04-28 09:40:57 - [TEST_STEP][PASSED] - currentWindow = getWindowIndex(): Current window's index is: 0

2023-04-28 09:40:57 - [MESSAGE][PASSED] - Current window's index is: 0

2023-04-28 09:40:57 - [TEST_STEP][PASSED] - delay(5): Delayed 5 second(s)

2023-04-28 09:41:02 - [MESSAGE][PASSED] - Delayed 5 second(s)

2023-04-28 09:41:02 - [TEST_STEP][PASSED] - switchToWindowIndex(currentWindow + 1): Switched to window with index: '1'

2023-04-28 09:41:02 - [MESSAGE][PASSED] - Switched to window with index: '1'

2023-04-28 09:41:02 - [TEST_STEP][PASSED] - navigateToUrl("https://www.mailinator.com/"): Navigate to 'https://www.mailinator.com/' successfully

2023-04-28 09:41:05 - [MESSAGE][PASSED] - Navigate to 'https://www.mailinator.com/' successfully

2023-04-28 09:41:05 - [TEST_STEP][PASSED] - delay(5): Delayed 5 second(s)

2023-04-28 09:41:10 - [MESSAGE][PASSED] - Delayed 5 second(s)

2023-04-28 09:41:10 - [TEST_STEP][PASSED] - setText(findTestObject("00-Signup and Activation/zMailinator/input_LOGIN_search"), "testuser01@mailinator.com"): Text 'testuser01@mailinator.com' is set on object 'Object Repository/00-Signup and Activation/zMailinator/input_LOGIN_search'

2023-04-28 09:41:11 - [MESSAGE][PASSED] - Text 'testuser01@mailinator.com' is set on object 'Object Repository/00-Signup and Activation/zMailinator/input_LOGIN_search'

2023-04-28 09:41:11 - [TEST_STEP][PASSED] - click(findTestObject("00-Signup and Activation/zMailinator/gobutton"), STOP_ON_FAILURE): Object: 'Object Repository/00-Signup and Activation/zMailinator/gobutton' is clicked on

2023-04-28 09:41:13 - [MESSAGE][PASSED] - Object: 'Object Repository/00-Signup and Activation/zMailinator/gobutton' is clicked on

2023-04-28 09:41:13 - [TEST_STEP][PASSED] - delay(5): Delayed 5 second(s)

2023-04-28 09:41:18 - [MESSAGE][PASSED] - Delayed 5 second(s)

2023-04-28 09:41:18 - [TEST_STEP][PASSED] - click(findTestObject("00-Signup and Activation/zMailinator/Email - everleagues")): Object: 'Object Repository/00-Signup and Activation/zMailinator/Email - everleagues' is clicked on

2023-04-28 09:41:18 - [MESSAGE][PASSED] - Object: 'Object Repository/00-Signup and Activation/zMailinator/Email - everleagues' is clicked on

2023-04-28 09:41:18 - [TEST_STEP][PASSED] - delay(5): Delayed 5 second(s)

2023-04-28 09:41:23 - [MESSAGE][PASSED] - Delayed 5 second(s)

2023-04-28 09:41:23 - [TEST_STEP][PASSED] - code = getText(findTestObject("Object Repository/06-Teams/For 2FA/2FA code")): Text of object 'Object Repository/06-Teams/For 2FA/2FA code' is: '451977'

2023-04-28 09:41:24 - [MESSAGE][PASSED] - Text of object 'Object Repository/06-Teams/For 2FA/2FA code' is: '451977'

2023-04-28 09:41:24 - [TEST_STEP][PASSED] - delay(5): Delayed 5 second(s)

2023-04-28 09:41:29 - [MESSAGE][PASSED] - Delayed 5 second(s)

2023-04-28 09:41:29 - [TEST_STEP][PASSED] - closeWindowTitle("Mailinator"): Window with title: 'Mailinator' is closed

2023-04-28 09:41:29 - [MESSAGE][PASSED] - Window with title: 'Mailinator' is closed

2023-04-28 09:41:29 - [TEST_STEP][PASSED] - delay(5): Delayed 5 second(s)

2023-04-28 09:41:34 - [MESSAGE][PASSED] - Delayed 5 second(s)

2023-04-28 09:41:34 - [TEST_STEP][PASSED] - switchToWindowIndex(0): Switched to window with index: '0'

2023-04-28 09:41:34 - [MESSAGE][PASSED] - Switched to window with index: '0'

2023-04-28 09:41:34 - [TEST_STEP][PASSED] - delay(5): Delayed 5 second(s)

2023-04-28 09:41:39 - [MESSAGE][PASSED] - Delayed 5 second(s)

2023-04-28 09:41:39 - [TEST_STEP][PASSED] - setText(findTestObject("Object Repository/06-Teams/For 2FA/input_Enter verification code_code"), code): Text '451977' is set on object 'Object Repository/06-Teams/For 2FA/input_Enter verification code_code'

2023-04-28 09:41:40 - [MESSAGE][PASSED] - Text '451977' is set on object 'Object Repository/06-Teams/For 2FA/input_Enter verification code_code'

2023-04-28 09:41:40 - [TEST_STEP][PASSED] - delay(5): Delayed 5 second(s)

2023-04-28 09:41:45 - [MESSAGE][PASSED] - Delayed 5 second(s)

2023-04-28 09:41:45 - [TEST_STEP][PASSED] - click(findTestObject("06-Teams/For 2FA/button_Verify_2FA")): Object: 'Object Repository/06-Teams/For 2FA/button_Verify_2FA' is clicked on

2023-04-28 09:41:47 - [MESSAGE][PASSED] - Object: 'Object Repository/06-Teams/For 2FA/button_Verify_2FA' is clicked on

2023-04-28 09:41:47 - [TEST_STEP][PASSED] - delay(5): Delayed 5 second(s)

2023-04-28 09:41:52 - [MESSAGE][PASSED] - Delayed 5 second(s)]]></system-out>
         <system-err><![CDATA[]]></system-err>
      </testcase>
      <testcase name="Test Cases/01-Login and Forgot Password/05-Logout" time="10.506" classname="Test Cases/01-Login and Forgot Password/05-Logout" status="PASSED">
         <system-out><![CDATA[2023-04-28 09:41:52 - [TEST_CASE][PASSED] - Test Cases/01-Login and Forgot Password/05-Logout: Test Cases/01-Login and Forgot Password/05-Logout

2023-04-28 09:41:53 - [TEST_STEP][PASSED] - click(findTestObject("01-Login and Forgot Password/User menu drop")): Object: 'Object Repository/01-Login and Forgot Password/User menu drop' is clicked on

2023-04-28 09:41:55 - [MESSAGE][PASSED] - Object: 'Object Repository/01-Login and Forgot Password/User menu drop' is clicked on

2023-04-28 09:41:55 - [TEST_STEP][PASSED] - delay(2): Delayed 2 second(s)

2023-04-28 09:41:57 - [MESSAGE][PASSED] - Delayed 2 second(s)

2023-04-28 09:41:57 - [TEST_STEP][PASSED] - click(findTestObject("01-Login and Forgot Password/h4_Sign Out"), STOP_ON_FAILURE): Object: 'Object Repository/01-Login and Forgot Password/h4_Sign Out' is clicked on

2023-04-28 09:41:57 - [MESSAGE][PASSED] - Object: 'Object Repository/01-Login and Forgot Password/h4_Sign Out' is clicked on

2023-04-28 09:41:57 - [TEST_STEP][PASSED] - delay(2): Delayed 2 second(s)

2023-04-28 09:41:59 - [MESSAGE][PASSED] - Delayed 2 second(s)

2023-04-28 09:41:59 - [TEST_STEP][PASSED] - verifyElementPresent(findTestObject("01-Login and Forgot Password/Login_Card"), 0): Object 'Object Repository/01-Login and Forgot Password/Login_Card' is present

2023-04-28 09:41:59 - [MESSAGE][WARNING] - Timeout '0' is invalid. Using default page load timeout: '30'

2023-04-28 09:42:00 - [MESSAGE][PASSED] - Object 'Object Repository/01-Login and Forgot Password/Login_Card' is present

2023-04-28 09:42:00 - [TEST_STEP][PASSED] - delay(3): Delayed 3 second(s)

2023-04-28 09:42:03 - [MESSAGE][PASSED] - Delayed 3 second(s)]]></system-out>
         <system-err><![CDATA[]]></system-err>
      </testcase>
      <testcase name="Test Cases/01-Login and Forgot Password/06-Forgot Password(Credentials Blank)" time="6.794" classname="Test Cases/01-Login and Forgot Password/06-Forgot Password(Credentials Blank)" status="PASSED">
         <system-out><![CDATA[2023-04-28 09:42:03 - [TEST_CASE][PASSED] - Test Cases/01-Login and Forgot Password/06-Forgot Password(Credentials Blank): Test Cases/01-Login and Forgot Password/06-Forgot Password(Credentials Blank)

2023-04-28 09:42:03 - [TEST_STEP][PASSED] - click(findTestObject("01-Login and Forgot Password/zForgot Password/a_Forgot password")): Object: 'Object Repository/01-Login and Forgot Password/zForgot Password/a_Forgot password' is clicked on

2023-04-28 09:42:03 - [MESSAGE][PASSED] - Object: 'Object Repository/01-Login and Forgot Password/zForgot Password/a_Forgot password' is clicked on

2023-04-28 09:42:04 - [TEST_STEP][PASSED] - verifyElementPresent(findTestObject("01-Login and Forgot Password/zForgot Password/span_Reset Password"), 0): Object 'Object Repository/01-Login and Forgot Password/zForgot Password/span_Reset Password' is present

2023-04-28 09:42:04 - [MESSAGE][WARNING] - Timeout '0' is invalid. Using default page load timeout: '30'

2023-04-28 09:42:04 - [MESSAGE][PASSED] - Object 'Object Repository/01-Login and Forgot Password/zForgot Password/span_Reset Password' is present

2023-04-28 09:42:04 - [TEST_STEP][PASSED] - delay(2): Delayed 2 second(s)

2023-04-28 09:42:06 - [MESSAGE][PASSED] - Delayed 2 second(s)

2023-04-28 09:42:06 - [TEST_STEP][PASSED] - verifyElementNotClickable(findTestObject("01-Login and Forgot Password/zForgot Password/button_Reset Password")): Object 'Object Repository/01-Login and Forgot Password/zForgot Password/button_Reset Password' is NOT clickable

2023-04-28 09:42:06 - [MESSAGE][PASSED] - Object 'Object Repository/01-Login and Forgot Password/zForgot Password/button_Reset Password' is NOT clickable

2023-04-28 09:42:06 - [TEST_STEP][PASSED] - delay(3): Delayed 3 second(s)

2023-04-28 09:42:09 - [MESSAGE][PASSED] - Delayed 3 second(s)]]></system-out>
         <system-err><![CDATA[]]></system-err>
      </testcase>
      <testcase name="Test Cases/01-Login and Forgot Password/07-Forgot Password(Wrong email)" time="12.356" classname="Test Cases/01-Login and Forgot Password/07-Forgot Password(Wrong email)" status="PASSED">
         <system-out><![CDATA[2023-04-28 09:42:09 - [TEST_CASE][PASSED] - Test Cases/01-Login and Forgot Password/07-Forgot Password(Wrong email): Test Cases/01-Login and Forgot Password/07-Forgot Password(Wrong email)

2023-04-28 09:42:10 - [TEST_STEP][PASSED] - setText(findTestObject("01-Login and Forgot Password/zForgot Password/Reset pass email field"), "unregisteredemail@test.com"): Text 'unregisteredemail@test.com' is set on object 'Object Repository/01-Login and Forgot Password/zForgot Password/Reset pass email field'

2023-04-28 09:42:11 - [MESSAGE][PASSED] - Text 'unregisteredemail@test.com' is set on object 'Object Repository/01-Login and Forgot Password/zForgot Password/Reset pass email field'

2023-04-28 09:42:11 - [TEST_STEP][PASSED] - delay(2): Delayed 2 second(s)

2023-04-28 09:42:13 - [MESSAGE][PASSED] - Delayed 2 second(s)

2023-04-28 09:42:13 - [TEST_STEP][PASSED] - click(findTestObject("01-Login and Forgot Password/zForgot Password/button_Reset Password")): Object: 'Object Repository/01-Login and Forgot Password/zForgot Password/button_Reset Password' is clicked on

2023-04-28 09:42:13 - [MESSAGE][PASSED] - Object: 'Object Repository/01-Login and Forgot Password/zForgot Password/button_Reset Password' is clicked on

2023-04-28 09:42:13 - [TEST_STEP][PASSED] - verifyElementPresent(findTestObject("01-Login and Forgot Password/zForgot Password/Reset pass- wrong email"), 0): Object 'Object Repository/01-Login and Forgot Password/zForgot Password/Reset pass- wrong email' is present

2023-04-28 09:42:13 - [MESSAGE][WARNING] - Timeout '0' is invalid. Using default page load timeout: '30'

2023-04-28 09:42:15 - [MESSAGE][PASSED] - Object 'Object Repository/01-Login and Forgot Password/zForgot Password/Reset pass- wrong email' is present

2023-04-28 09:42:15 - [TEST_STEP][PASSED] - delay(3): Delayed 3 second(s)

2023-04-28 09:42:18 - [MESSAGE][PASSED] - Delayed 3 second(s)

2023-04-28 09:42:18 - [TEST_STEP][PASSED] - click(findTestObject("01-Login and Forgot Password/zForgot Password/button_Back to login")): Object: 'Object Repository/01-Login and Forgot Password/zForgot Password/button_Back to login' is clicked on

2023-04-28 09:42:19 - [MESSAGE][PASSED] - Object: 'Object Repository/01-Login and Forgot Password/zForgot Password/button_Back to login' is clicked on

2023-04-28 09:42:19 - [TEST_STEP][PASSED] - delay(3): Delayed 3 second(s)

2023-04-28 09:42:22 - [MESSAGE][PASSED] - Delayed 3 second(s)]]></system-out>
         <system-err><![CDATA[]]></system-err>
      </testcase>
      <testcase name="Test Cases/01-Login and Forgot Password/08-Forgot Password(Correct Email)" time="20.416" classname="Test Cases/01-Login and Forgot Password/08-Forgot Password(Correct Email)" status="PASSED">
         <system-out><![CDATA[2023-04-28 09:42:22 - [TEST_CASE][PASSED] - Test Cases/01-Login and Forgot Password/08-Forgot Password(Correct Email): Test Cases/01-Login and Forgot Password/08-Forgot Password(Correct Email)

2023-04-28 09:42:22 - [TEST_STEP][PASSED] - delay(2): Delayed 2 second(s)

2023-04-28 09:42:24 - [MESSAGE][PASSED] - Delayed 2 second(s)

2023-04-28 09:42:24 - [TEST_STEP][PASSED] - click(findTestObject("01-Login and Forgot Password/zForgot Password/a_Forgot password")): Object: 'Object Repository/01-Login and Forgot Password/zForgot Password/a_Forgot password' is clicked on

2023-04-28 09:42:25 - [MESSAGE][PASSED] - Object: 'Object Repository/01-Login and Forgot Password/zForgot Password/a_Forgot password' is clicked on

2023-04-28 09:42:25 - [TEST_STEP][PASSED] - verifyElementPresent(findTestObject("01-Login and Forgot Password/zForgot Password/span_Reset Password"), 0): Object 'Object Repository/01-Login and Forgot Password/zForgot Password/span_Reset Password' is present

2023-04-28 09:42:25 - [MESSAGE][WARNING] - Timeout '0' is invalid. Using default page load timeout: '30'

2023-04-28 09:42:25 - [MESSAGE][PASSED] - Object 'Object Repository/01-Login and Forgot Password/zForgot Password/span_Reset Password' is present

2023-04-28 09:42:25 - [TEST_STEP][PASSED] - delay(2): Delayed 2 second(s)

2023-04-28 09:42:27 - [MESSAGE][PASSED] - Delayed 2 second(s)

2023-04-28 09:42:27 - [TEST_STEP][PASSED] - setText(findTestObject("01-Login and Forgot Password/zForgot Password/Reset pass email field"), "testuser01@mailinator.com"): Text 'testuser01@mailinator.com' is set on object 'Object Repository/01-Login and Forgot Password/zForgot Password/Reset pass email field'

2023-04-28 09:42:28 - [MESSAGE][PASSED] - Text 'testuser01@mailinator.com' is set on object 'Object Repository/01-Login and Forgot Password/zForgot Password/Reset pass email field'

2023-04-28 09:42:28 - [TEST_STEP][PASSED] - delay(2): Delayed 2 second(s)

2023-04-28 09:42:30 - [MESSAGE][PASSED] - Delayed 2 second(s)

2023-04-28 09:42:30 - [TEST_STEP][PASSED] - click(findTestObject("01-Login and Forgot Password/zForgot Password/button_Reset Password")): Object: 'Object Repository/01-Login and Forgot Password/zForgot Password/button_Reset Password' is clicked on

2023-04-28 09:42:31 - [MESSAGE][PASSED] - Object: 'Object Repository/01-Login and Forgot Password/zForgot Password/button_Reset Password' is clicked on

2023-04-28 09:42:31 - [TEST_STEP][PASSED] - verifyElementPresent(findTestObject("01-Login and Forgot Password/zForgot Password/Reset pass - success msg"), 0): Object 'Object Repository/01-Login and Forgot Password/zForgot Password/Reset pass - success msg' is present

2023-04-28 09:42:31 - [MESSAGE][WARNING] - Timeout '0' is invalid. Using default page load timeout: '30'

2023-04-28 09:42:33 - [MESSAGE][PASSED] - Object 'Object Repository/01-Login and Forgot Password/zForgot Password/Reset pass - success msg' is present

2023-04-28 09:42:33 - [TEST_STEP][PASSED] - delay(2): Delayed 2 second(s)

2023-04-28 09:42:35 - [MESSAGE][PASSED] - Delayed 2 second(s)

2023-04-28 09:42:35 - [TEST_STEP][PASSED] - click(findTestObject("01-Login and Forgot Password/zForgot Password/button_Back to login")): Object: 'Object Repository/01-Login and Forgot Password/zForgot Password/button_Back to login' is clicked on

2023-04-28 09:42:35 - [MESSAGE][PASSED] - Object: 'Object Repository/01-Login and Forgot Password/zForgot Password/button_Back to login' is clicked on

2023-04-28 09:42:35 - [TEST_STEP][PASSED] - delay(3): Delayed 3 second(s)

2023-04-28 09:42:38 - [MESSAGE][PASSED] - Delayed 3 second(s)

2023-04-28 09:42:38 - [TEST_STEP][PASSED] - verifyElementVisible(findTestObject("01-Login and Forgot Password/Login_Card")): Object 'Object Repository/01-Login and Forgot Password/Login_Card' is visible

2023-04-28 09:42:39 - [MESSAGE][PASSED] - Object 'Object Repository/01-Login and Forgot Password/Login_Card' is visible

2023-04-28 09:42:39 - [TEST_STEP][PASSED] - delay(2): Delayed 2 second(s)

2023-04-28 09:42:41 - [MESSAGE][PASSED] - Delayed 2 second(s)

2023-04-28 09:42:41 - [TEST_STEP][PASSED] - closeBrowser(): Browser is closed

2023-04-28 09:42:42 - [MESSAGE][PASSED] - Browser is closed]]></system-out>
         <system-err><![CDATA[]]></system-err>
      </testcase>
      <system-out><![CDATA[2023-04-28 09:39:48 - [TEST_SUITE][PASSED] - 01-Login and Forgot Password: Test Cases/01-Login and Forgot Password/08-Forgot Password(Correct Email)]]></system-out>
      <system-err><![CDATA[]]></system-err>
   </testsuite>
</testsuites>
