<?xml version="1.0" encoding="UTF-8"?>
<testsuites name="00-Signup and Account Activation" time="182.103" tests="4" failures="0" errors="0">
   <testsuite name="00-Signup and Account Activation" tests="4" failures="0" errors="0" time="182.103" skipped="0" timestamp="2023-01-16 12:39:59" hostname="asus - DESKTOP-3L3J9C1" id="Test Suites/TS-Organization/00-Signup and Account Activation">
      <properties>
         <property name="deviceName" value=""/>
         <property name="devicePlatform" value=""/>
         <property name="logFolder" value="C:\\Users\\asus\\Katalon Studio\\Everleagues\\Everleagues\\Reports\\20230116_123934\\TS-Organization\\00-Signup and Account Activation\\20230116_123934"/>
         <property name="logFiles" value="C:\\Users\\asus\\Katalon Studio\\Everleagues\\Everleagues\\Reports\\20230116_123934\\TS-Organization\\00-Signup and Account Activation\\20230116_123934\\execution0.log"/>
         <property name="attachments" value=""/>
         <property name="hostName" value="asus - DESKTOP-3L3J9C1"/>
         <property name="os" value="Windows 10 64bit"/>
         <property name="katalonVersion" value="8.4.1.208"/>
         <property name="browser" value="Chrome 109.0.0.0"/>
         <property name="hostAddress" value="192.168.5.88"/>
         <property name="sessionId" value="542834a7b2a99051af92b568ea62210a"/>
         <property name="seleniumVersion" value="3.141.59"/>
         <property name="proxyInformation" value="ProxyInformation { proxyOption=NO_PROXY, proxyServerType=HTTP, username=, password=********, proxyServerAddress=, proxyServerPort=0, executionList=&quot;&quot;, isApplyToDesiredCapabilities=true }"/>
         <property name="platform" value="Windows 10"/>
      </properties>
      <testcase name="Test Cases/00-SignUp and Account Activation/01-Signup(Credentials Blank)" time="57.211" classname="Test Cases/00-SignUp and Account Activation/01-Signup(Credentials Blank)" status="PASSED">
         <system-out><![CDATA[2023-01-16 12:40:00 - [TEST_CASE][PASSED] - Test Cases/00-SignUp and Account Activation/01-Signup(Credentials Blank): Test Cases/00-SignUp and Account Activation/01-Signup(Credentials Blank)

2023-01-16 12:40:02 - [TEST_STEP][PASSED] - openBrowser(""): Browser is opened with url: ''

2023-01-16 12:40:04 - [MESSAGE][INFO] - Starting 'Chrome' driver

2023-01-16 12:40:04 - [MESSAGE][INFO] - Action delay is set to 0 milliseconds

2023-01-16 12:40:13 - [MESSAGE][PASSED] - Browser is opened with url: ''

2023-01-16 12:40:13 - [TEST_STEP][PASSED] - navigateToUrl("https://lab.everleagues.com/"): Navigate to 'https://lab.everleagues.com/' successfully

2023-01-16 12:40:44 - [MESSAGE][PASSED] - Navigate to 'https://lab.everleagues.com/' successfully

2023-01-16 12:40:44 - [TEST_STEP][PASSED] - maximizeWindow(): Current window maximized

2023-01-16 12:40:44 - [MESSAGE][PASSED] - Current window maximized

2023-01-16 12:40:44 - [TEST_STEP][PASSED] - click(findTestObject("00-Signup and Activation/span_Sign up")): Object: 'Object Repository/00-Signup and Activation/span_Sign up' is clicked on

2023-01-16 12:40:46 - [MESSAGE][PASSED] - Object: 'Object Repository/00-Signup and Activation/span_Sign up' is clicked on

2023-01-16 12:40:46 - [TEST_STEP][PASSED] - delay(3): Delayed 3 second(s)

2023-01-16 12:40:49 - [MESSAGE][PASSED] - Delayed 3 second(s)

2023-01-16 12:40:49 - [TEST_STEP][PASSED] - verifyElementVisible(findTestObject("00-Signup and Activation/div_Already have an account Log In")): Object 'Object Repository/00-Signup and Activation/div_Already have an account Log In' is visible

2023-01-16 12:40:50 - [MESSAGE][PASSED] - Object 'Object Repository/00-Signup and Activation/div_Already have an account Log In' is visible

2023-01-16 12:40:50 - [TEST_STEP][PASSED] - delay(3): Delayed 3 second(s)

2023-01-16 12:40:53 - [MESSAGE][PASSED] - Delayed 3 second(s)

2023-01-16 12:40:53 - [TEST_STEP][PASSED] - verifyElementNotClickable(findTestObject("00-Signup and Activation/button_Sign up")): Object 'Object Repository/00-Signup and Activation/button_Sign up' is NOT clickable

2023-01-16 12:40:54 - [MESSAGE][PASSED] - Object 'Object Repository/00-Signup and Activation/button_Sign up' is NOT clickable

2023-01-16 12:40:54 - [TEST_STEP][PASSED] - delay(3): Delayed 3 second(s)

2023-01-16 12:40:57 - [MESSAGE][PASSED] - Delayed 3 second(s)]]></system-out>
         <system-err><![CDATA[]]></system-err>
      </testcase>
      <testcase name="Test Cases/00-SignUp and Account Activation/02-Signup(Wrong email)" time="19.41" classname="Test Cases/00-SignUp and Account Activation/02-Signup(Wrong email)" status="PASSED">
         <system-out><![CDATA[2023-01-16 12:40:58 - [TEST_CASE][PASSED] - Test Cases/00-SignUp and Account Activation/02-Signup(Wrong email): Test Cases/00-SignUp and Account Activation/02-Signup(Wrong email)

2023-01-16 12:41:00 - [TEST_STEP][PASSED] - delay(3): Delayed 3 second(s)

2023-01-16 12:41:03 - [MESSAGE][PASSED] - Delayed 3 second(s)

2023-01-16 12:41:03 - [TEST_STEP][PASSED] - setText(findTestObject("00-Signup and Activation/input_Email"), "QATESTinvalidemailformat"): Text 'QATESTinvalidemailformat' is set on object 'Object Repository/00-Signup and Activation/input_Email'

2023-01-16 12:41:08 - [MESSAGE][PASSED] - Text 'QATESTinvalidemailformat' is set on object 'Object Repository/00-Signup and Activation/input_Email'

2023-01-16 12:41:08 - [TEST_STEP][PASSED] - delay(2): Delayed 2 second(s)

2023-01-16 12:41:10 - [MESSAGE][PASSED] - Delayed 2 second(s)

2023-01-16 12:41:10 - [TEST_STEP][PASSED] - click(findTestObject("00-Signup and Activation/input_firstName")): Object: 'Object Repository/00-Signup and Activation/input_firstName' is clicked on

2023-01-16 12:41:11 - [MESSAGE][PASSED] - Object: 'Object Repository/00-Signup and Activation/input_firstName' is clicked on

2023-01-16 12:41:11 - [TEST_STEP][PASSED] - verifyElementPresent(findTestObject("00-Signup and Activation/error_valid email is required"), 0): Object 'Object Repository/00-Signup and Activation/error_valid email is required' is present

2023-01-16 12:41:12 - [MESSAGE][WARNING] - Timeout '0' is invalid. Using default page load timeout: '30'

2023-01-16 12:41:12 - [MESSAGE][PASSED] - Object 'Object Repository/00-Signup and Activation/error_valid email is required' is present

2023-01-16 12:41:12 - [TEST_STEP][PASSED] - delay(0): Delayed 0 second(s)

2023-01-16 12:41:12 - [MESSAGE][PASSED] - Delayed 0 second(s)

2023-01-16 12:41:12 - [TEST_STEP][PASSED] - setText(findTestObject("00-Signup and Activation/input_Email"), "testuser01@mailinator.com"): Text 'testuser01@mailinator.com' is set on object 'Object Repository/00-Signup and Activation/input_Email'

2023-01-16 12:41:14 - [MESSAGE][PASSED] - Text 'testuser01@mailinator.com' is set on object 'Object Repository/00-Signup and Activation/input_Email'

2023-01-16 12:41:14 - [TEST_STEP][PASSED] - delay(0): Delayed 0 second(s)

2023-01-16 12:41:14 - [MESSAGE][PASSED] - Delayed 0 second(s)

2023-01-16 12:41:14 - [TEST_STEP][PASSED] - click(findTestObject("00-Signup and Activation/input_firstName")): Object: 'Object Repository/00-Signup and Activation/input_firstName' is clicked on

2023-01-16 12:41:16 - [MESSAGE][PASSED] - Object: 'Object Repository/00-Signup and Activation/input_firstName' is clicked on

2023-01-16 12:41:16 - [TEST_STEP][PASSED] - verifyElementVisible(findTestObject("00-Signup and Activation/error_email already exists")): Object 'Object Repository/00-Signup and Activation/error_email already exists' is visible

2023-01-16 12:41:17 - [MESSAGE][PASSED] - Object 'Object Repository/00-Signup and Activation/error_email already exists' is visible

2023-01-16 12:41:17 - [TEST_STEP][PASSED] - delay(0): Delayed 0 second(s)

2023-01-16 12:41:17 - [MESSAGE][PASSED] - Delayed 0 second(s)]]></system-out>
         <system-err><![CDATA[]]></system-err>
      </testcase>
      <testcase name="Test Cases/00-SignUp and Account Activation/03-Signup(Correct Details)" time="59.288" classname="Test Cases/00-SignUp and Account Activation/03-Signup(Correct Details)" status="PASSED">
         <system-out><![CDATA[2023-01-16 12:41:17 - [TEST_CASE][PASSED] - Test Cases/00-SignUp and Account Activation/03-Signup(Correct Details): Test Cases/00-SignUp and Account Activation/03-Signup(Correct Details)

2023-01-16 12:41:19 - [TEST_STEP][PASSED] - delay(2): Delayed 2 second(s)

2023-01-16 12:41:21 - [MESSAGE][PASSED] - Delayed 2 second(s)

2023-01-16 12:41:21 - [TEST_STEP][PASSED] - setText(findTestObject("00-Signup and Activation/input_Email"), "autotester1050@mailinator.com"): Text 'autotester1050@mailinator.com' is set on object 'Object Repository/00-Signup and Activation/input_Email'

2023-01-16 12:41:23 - [MESSAGE][PASSED] - Text 'autotester1050@mailinator.com' is set on object 'Object Repository/00-Signup and Activation/input_Email'

2023-01-16 12:41:23 - [TEST_STEP][PASSED] - setText(findTestObject("00-Signup and Activation/input_firstName"), "GG"): Text 'GG' is set on object 'Object Repository/00-Signup and Activation/input_firstName'

2023-01-16 12:41:26 - [MESSAGE][PASSED] - Text 'GG' is set on object 'Object Repository/00-Signup and Activation/input_firstName'

2023-01-16 12:41:26 - [TEST_STEP][PASSED] - setText(findTestObject("00-Signup and Activation/input_lastName"), "tester"): Text 'tester' is set on object 'Object Repository/00-Signup and Activation/input_lastName'

2023-01-16 12:41:27 - [MESSAGE][PASSED] - Text 'tester' is set on object 'Object Repository/00-Signup and Activation/input_lastName'

2023-01-16 12:41:27 - [TEST_STEP][PASSED] - delay(2): Delayed 2 second(s)

2023-01-16 12:41:29 - [MESSAGE][PASSED] - Delayed 2 second(s)

2023-01-16 12:41:29 - [TEST_STEP][PASSED] - click(findTestObject("Object Repository/00-Signup and Activation/button_Sign up")): Object: 'Object Repository/00-Signup and Activation/button_Sign up' is clicked on

2023-01-16 12:41:30 - [MESSAGE][PASSED] - Object: 'Object Repository/00-Signup and Activation/button_Sign up' is clicked on

2023-01-16 12:41:30 - [TEST_STEP][PASSED] - delay(2): Delayed 2 second(s)

2023-01-16 12:41:32 - [MESSAGE][PASSED] - Delayed 2 second(s)

2023-01-16 12:41:32 - [TEST_STEP][PASSED] - executeJavaScript("window.open();", []): Execute JavaScript 'window.open();' successfully

2023-01-16 12:41:33 - [MESSAGE][PASSED] - Execute JavaScript 'window.open();' successfully

2023-01-16 12:41:33 - [TEST_STEP][PASSED] - currentWindow = getWindowIndex(): Current window's index is: 0

2023-01-16 12:41:33 - [MESSAGE][PASSED] - Current window's index is: 0

2023-01-16 12:41:33 - [TEST_STEP][PASSED] - delay(3): Delayed 3 second(s)

2023-01-16 12:41:36 - [MESSAGE][PASSED] - Delayed 3 second(s)

2023-01-16 12:41:36 - [TEST_STEP][PASSED] - switchToWindowIndex(currentWindow + 1): Switched to window with index: '1'

2023-01-16 12:41:36 - [MESSAGE][PASSED] - Switched to window with index: '1'

2023-01-16 12:41:36 - [TEST_STEP][PASSED] - navigateToUrl("https://www.mailinator.com/"): Navigate to 'https://www.mailinator.com/' successfully

2023-01-16 12:41:42 - [MESSAGE][PASSED] - Navigate to 'https://www.mailinator.com/' successfully

2023-01-16 12:41:42 - [TEST_STEP][PASSED] - delay(3): Delayed 3 second(s)

2023-01-16 12:41:45 - [MESSAGE][PASSED] - Delayed 3 second(s)

2023-01-16 12:41:45 - [TEST_STEP][PASSED] - setText(findTestObject("00-Signup and Activation/zMailinator/input_LOGIN_search"), "autotester1050@mailinator.com"): Text 'autotester1050@mailinator.com' is set on object 'Object Repository/00-Signup and Activation/zMailinator/input_LOGIN_search'

2023-01-16 12:41:47 - [MESSAGE][PASSED] - Text 'autotester1050@mailinator.com' is set on object 'Object Repository/00-Signup and Activation/zMailinator/input_LOGIN_search'

2023-01-16 12:41:47 - [TEST_STEP][PASSED] - click(findTestObject("00-Signup and Activation/zMailinator/gobutton"), STOP_ON_FAILURE): Object: 'Object Repository/00-Signup and Activation/zMailinator/gobutton' is clicked on

2023-01-16 12:41:50 - [MESSAGE][PASSED] - Object: 'Object Repository/00-Signup and Activation/zMailinator/gobutton' is clicked on

2023-01-16 12:41:50 - [TEST_STEP][PASSED] - delay(3): Delayed 3 second(s)

2023-01-16 12:41:53 - [MESSAGE][PASSED] - Delayed 3 second(s)

2023-01-16 12:41:53 - [TEST_STEP][PASSED] - click(findTestObject("00-Signup and Activation/zMailinator/Email - everleagues")): Object: 'Object Repository/00-Signup and Activation/zMailinator/Email - everleagues' is clicked on

2023-01-16 12:41:54 - [MESSAGE][PASSED] - Object: 'Object Repository/00-Signup and Activation/zMailinator/Email - everleagues' is clicked on

2023-01-16 12:41:54 - [TEST_STEP][PASSED] - delay(3): Delayed 3 second(s)

2023-01-16 12:41:57 - [MESSAGE][PASSED] - Delayed 3 second(s)

2023-01-16 12:41:57 - [TEST_STEP][PASSED] - code = getText(findTestObject("Object Repository/06-Teams/For 2FA/2FA code")): Text of object 'Object Repository/06-Teams/For 2FA/2FA code' is: '916330'

2023-01-16 12:41:58 - [MESSAGE][PASSED] - Text of object 'Object Repository/06-Teams/For 2FA/2FA code' is: '916330'

2023-01-16 12:41:58 - [TEST_STEP][PASSED] - delay(3): Delayed 3 second(s)

2023-01-16 12:42:01 - [MESSAGE][PASSED] - Delayed 3 second(s)

2023-01-16 12:42:01 - [TEST_STEP][PASSED] - closeWindowTitle("Mailinator"): Window with title: 'Mailinator' is closed

2023-01-16 12:42:02 - [MESSAGE][PASSED] - Window with title: 'Mailinator' is closed

2023-01-16 12:42:02 - [TEST_STEP][PASSED] - delay(3): Delayed 3 second(s)

2023-01-16 12:42:05 - [MESSAGE][PASSED] - Delayed 3 second(s)

2023-01-16 12:42:05 - [TEST_STEP][PASSED] - switchToWindowIndex(0): Switched to window with index: '0'

2023-01-16 12:42:05 - [MESSAGE][PASSED] - Switched to window with index: '0'

2023-01-16 12:42:05 - [TEST_STEP][PASSED] - delay(3): Delayed 3 second(s)

2023-01-16 12:42:08 - [MESSAGE][PASSED] - Delayed 3 second(s)

2023-01-16 12:42:08 - [TEST_STEP][PASSED] - setText(findTestObject("Object Repository/06-Teams/For 2FA/input_Enter verification code_code"), code): Text '916330' is set on object 'Object Repository/06-Teams/For 2FA/input_Enter verification code_code'

2023-01-16 12:42:09 - [MESSAGE][PASSED] - Text '916330' is set on object 'Object Repository/06-Teams/For 2FA/input_Enter verification code_code'

2023-01-16 12:42:09 - [TEST_STEP][PASSED] - delay(3): Delayed 3 second(s)

2023-01-16 12:42:12 - [MESSAGE][PASSED] - Delayed 3 second(s)

2023-01-16 12:42:12 - [TEST_STEP][PASSED] - click(findTestObject("06-Teams/For 2FA/button_Verify_2FA")): Object: 'Object Repository/06-Teams/For 2FA/button_Verify_2FA' is clicked on

2023-01-16 12:42:13 - [MESSAGE][PASSED] - Object: 'Object Repository/06-Teams/For 2FA/button_Verify_2FA' is clicked on

2023-01-16 12:42:13 - [TEST_STEP][PASSED] - delay(3): Delayed 3 second(s)

2023-01-16 12:42:16 - [MESSAGE][PASSED] - Delayed 3 second(s)]]></system-out>
         <system-err><![CDATA[]]></system-err>
      </testcase>
      <testcase name="Test Cases/00-SignUp and Account Activation/04-Set password" time="44.344" classname="Test Cases/00-SignUp and Account Activation/04-Set password" status="PASSED">
         <system-out><![CDATA[2023-01-16 12:42:16 - [TEST_CASE][PASSED] - Test Cases/00-SignUp and Account Activation/04-Set password: Test Cases/00-SignUp and Account Activation/04-Set password

2023-01-16 12:42:18 - [TEST_STEP][PASSED] - delay(2): Delayed 2 second(s)

2023-01-16 12:42:20 - [MESSAGE][PASSED] - Delayed 2 second(s)

2023-01-16 12:42:20 - [TEST_STEP][PASSED] - setEncryptedText(findTestObject("00-Signup and Activation/input_password"), "8yFRyszE6U6jvsCn51OQbg==", STOP_ON_FAILURE): Text ****** has been set on object 'Object Repository/00-Signup and Activation/input_password'

2023-01-16 12:42:22 - [MESSAGE][PASSED] - Text ****** has been set on object 'Object Repository/00-Signup and Activation/input_password'

2023-01-16 12:42:22 - [TEST_STEP][PASSED] - setEncryptedText(findTestObject("00-Signup and Activation/input_ConfirmPassword"), "8yFRyszE6U6jvsCn51OQbg==", STOP_ON_FAILURE): Text ****** has been set on object 'Object Repository/00-Signup and Activation/input_ConfirmPassword'

2023-01-16 12:42:23 - [MESSAGE][PASSED] - Text ****** has been set on object 'Object Repository/00-Signup and Activation/input_ConfirmPassword'

2023-01-16 12:42:23 - [TEST_STEP][PASSED] - delay(2): Delayed 2 second(s)

2023-01-16 12:42:25 - [MESSAGE][PASSED] - Delayed 2 second(s)

2023-01-16 12:42:25 - [TEST_STEP][PASSED] - click(findTestObject("00-Signup and Activation/show pass")): Object: 'Object Repository/00-Signup and Activation/show pass' is clicked on

2023-01-16 12:42:26 - [MESSAGE][PASSED] - Object: 'Object Repository/00-Signup and Activation/show pass' is clicked on

2023-01-16 12:42:26 - [TEST_STEP][PASSED] - click(findTestObject("00-Signup and Activation/show confirm pass")): Object: 'Object Repository/00-Signup and Activation/show confirm pass' is clicked on

2023-01-16 12:42:28 - [MESSAGE][PASSED] - Object: 'Object Repository/00-Signup and Activation/show confirm pass' is clicked on

2023-01-16 12:42:28 - [TEST_STEP][PASSED] - delay(2): Delayed 2 second(s)

2023-01-16 12:42:30 - [MESSAGE][PASSED] - Delayed 2 second(s)

2023-01-16 12:42:30 - [TEST_STEP][PASSED] - check(findTestObject("00-Signup and Activation/div_checkbox")): Object 'Object Repository/00-Signup and Activation/div_checkbox' is checked

2023-01-16 12:42:31 - [MESSAGE][PASSED] - Object 'Object Repository/00-Signup and Activation/div_checkbox' is checked

2023-01-16 12:42:31 - [TEST_STEP][PASSED] - delay(2): Delayed 2 second(s)

2023-01-16 12:42:33 - [MESSAGE][PASSED] - Delayed 2 second(s)

2023-01-16 12:42:33 - [TEST_STEP][PASSED] - click(findTestObject("00-Signup and Activation/button_Confirm")): Object: 'Object Repository/00-Signup and Activation/button_Confirm' is clicked on

2023-01-16 12:42:35 - [MESSAGE][PASSED] - Object: 'Object Repository/00-Signup and Activation/button_Confirm' is clicked on

2023-01-16 12:42:35 - [TEST_STEP][PASSED] - delay(5): Delayed 5 second(s)

2023-01-16 12:42:40 - [MESSAGE][PASSED] - Delayed 5 second(s)

2023-01-16 12:42:40 - [TEST_STEP][PASSED] - verifyElementVisible(findTestObject("00-Signup and Activation/h4_Welcome to Everleagues")): Object 'Object Repository/00-Signup and Activation/h4_Welcome to Everleagues' is visible

2023-01-16 12:42:47 - [MESSAGE][PASSED] - Object 'Object Repository/00-Signup and Activation/h4_Welcome to Everleagues' is visible

2023-01-16 12:42:47 - [TEST_STEP][PASSED] - verifyElementVisible(findTestObject("00-Signup and Activation/span_CREATE A BUSINESS ORGANIZATION")): Object 'Object Repository/00-Signup and Activation/span_CREATE A BUSINESS ORGANIZATION' is visible

2023-01-16 12:42:48 - [MESSAGE][PASSED] - Object 'Object Repository/00-Signup and Activation/span_CREATE A BUSINESS ORGANIZATION' is visible

2023-01-16 12:42:48 - [TEST_STEP][PASSED] - verifyElementVisible(findTestObject("00-Signup and Activation/span_INVITE FRIENDS  FAMILY")): Object 'Object Repository/00-Signup and Activation/span_INVITE FRIENDS  FAMILY' is visible

2023-01-16 12:42:48 - [MESSAGE][PASSED] - Object 'Object Repository/00-Signup and Activation/span_INVITE FRIENDS  FAMILY' is visible

2023-01-16 12:42:48 - [TEST_STEP][PASSED] - delay(3): Delayed 3 second(s)

2023-01-16 12:42:51 - [MESSAGE][PASSED] - Delayed 3 second(s)

2023-01-16 12:42:51 - [TEST_STEP][PASSED] - click(findTestObject("00-Signup and Activation/button_DO THIS LATER")): Object: 'Object Repository/00-Signup and Activation/button_DO THIS LATER' is clicked on

2023-01-16 12:42:52 - [MESSAGE][PASSED] - Object: 'Object Repository/00-Signup and Activation/button_DO THIS LATER' is clicked on

2023-01-16 12:42:52 - [TEST_STEP][PASSED] - delay(2): Delayed 2 second(s)

2023-01-16 12:42:54 - [MESSAGE][PASSED] - Delayed 2 second(s)

2023-01-16 12:42:54 - [TEST_STEP][PASSED] - verifyElementVisible(findTestObject("00-Signup and Activation/Create your first organization Card")): Object 'Object Repository/00-Signup and Activation/Create your first organization Card' is visible

2023-01-16 12:42:55 - [MESSAGE][PASSED] - Object 'Object Repository/00-Signup and Activation/Create your first organization Card' is visible

2023-01-16 12:42:55 - [TEST_STEP][PASSED] - verifyElementVisible(findTestObject("00-Signup and Activation/Still not sure where to start Card")): Object 'Object Repository/00-Signup and Activation/Still not sure where to start Card' is visible

2023-01-16 12:42:56 - [MESSAGE][PASSED] - Object 'Object Repository/00-Signup and Activation/Still not sure where to start Card' is visible

2023-01-16 12:42:56 - [TEST_STEP][PASSED] - verifyElementVisible(findTestObject("00-Signup and Activation/Welcome to Everleagues Card")): Object 'Object Repository/00-Signup and Activation/Welcome to Everleagues Card' is visible

2023-01-16 12:42:57 - [MESSAGE][PASSED] - Object 'Object Repository/00-Signup and Activation/Welcome to Everleagues Card' is visible

2023-01-16 12:42:57 - [TEST_STEP][PASSED] - delay(2): Delayed 2 second(s)

2023-01-16 12:42:59 - [MESSAGE][PASSED] - Delayed 2 second(s)

2023-01-16 12:42:59 - [TEST_STEP][PASSED] - closeBrowser(): Browser is closed

2023-01-16 12:43:01 - [MESSAGE][PASSED] - Browser is closed]]></system-out>
         <system-err><![CDATA[]]></system-err>
      </testcase>
      <system-out><![CDATA[2023-01-16 12:39:59 - [TEST_SUITE][PASSED] - 00-Signup and Account Activation: Test Cases/00-SignUp and Account Activation/04-Set password]]></system-out>
      <system-err><![CDATA[]]></system-err>
   </testsuite>
</testsuites>
