<?xml version="1.0" encoding="UTF-8"?>
<testsuites name="09.1 - Settings (Invite users)" time="1096.831" tests="5" failures="0" errors="0">
   <testsuite name="09.1 - Settings (Invite users)" tests="5" failures="0" errors="0" time="1096.831" skipped="0" timestamp="2023-01-13 14:32:54" hostname="asus - DESKTOP-3L3J9C1" id="Test Suites/TS-Organization/09.1 - Settings (Invite users)">
      <properties>
         <property name="deviceName" value=""/>
         <property name="devicePlatform" value=""/>
         <property name="logFolder" value="C:\\Users\\asus\\Katalon Studio\\Everleagues\\Everleagues\\Reports\\20230113_143241\\TS-Organization\\09.1 - Settings (Invite users)\\20230113_143241"/>
         <property name="logFiles" value="C:\\Users\\asus\\Katalon Studio\\Everleagues\\Everleagues\\Reports\\20230113_143241\\TS-Organization\\09.1 - Settings (Invite users)\\20230113_143241\\execution0.log"/>
         <property name="attachments" value=""/>
         <property name="hostName" value="asus - DESKTOP-3L3J9C1"/>
         <property name="os" value="Windows 10 64bit"/>
         <property name="katalonVersion" value="8.4.1.208"/>
         <property name="browser" value="Chrome 109.0.0.0"/>
         <property name="hostAddress" value="192.168.5.88"/>
         <property name="sessionId" value="adb278065956235c55efb791b73c5975"/>
         <property name="seleniumVersion" value="3.141.59"/>
         <property name="proxyInformation" value="ProxyInformation { proxyOption=NO_PROXY, proxyServerType=HTTP, username=, password=********, proxyServerAddress=, proxyServerPort=0, executionList=&quot;&quot;, isApplyToDesiredCapabilities=true }"/>
         <property name="platform" value="Windows 10"/>
      </properties>
      <testcase name="Test Cases/09-Settings/01 - Users (Invite new user but field are blank)" time="210.434" classname="Test Cases/09-Settings/01 - Users (Invite new user but field are blank)" status="PASSED">
         <system-out><![CDATA[2023-01-13 14:32:56 - [TEST_CASE][PASSED] - Test Cases/09-Settings/01 - Users (Invite new user but field are blank): Test Cases/09-Settings/01 - Users (Invite new user but field are blank)

2023-01-13 14:32:58 - [TEST_STEP][PASSED] - openBrowser(""): Browser is opened with url: ''

2023-01-13 14:32:59 - [MESSAGE][INFO] - Starting 'Chrome' driver

2023-01-13 14:32:59 - [MESSAGE][INFO] - Action delay is set to 0 milliseconds

2023-01-13 14:33:06 - [MESSAGE][PASSED] - Browser is opened with url: ''

2023-01-13 14:33:06 - [TEST_STEP][PASSED] - navigateToUrl("https://lab.everleagues.com/"): Navigate to 'https://lab.everleagues.com/' successfully

2023-01-13 14:34:44 - [MESSAGE][PASSED] - Navigate to 'https://lab.everleagues.com/' successfully

2023-01-13 14:34:44 - [TEST_STEP][PASSED] - maximizeWindow(): Current window maximized

2023-01-13 14:34:45 - [MESSAGE][PASSED] - Current window maximized

2023-01-13 14:34:45 - [TEST_STEP][PASSED] - setText(findTestObject("02-Side Icons(Organization)/Add Contact/Email Field"), "testuser02@mailinator.com"): Text 'testuser02@mailinator.com' is set on object 'Object Repository/02-Side Icons(Organization)/Add Contact/Email Field'

2023-01-13 14:34:47 - [MESSAGE][PASSED] - Text 'testuser02@mailinator.com' is set on object 'Object Repository/02-Side Icons(Organization)/Add Contact/Email Field'

2023-01-13 14:34:47 - [TEST_STEP][PASSED] - setEncryptedText(findTestObject("02-Side Icons(Organization)/Add Contact/Password Field"), "8yFRyszE6U6jvsCn51OQbg=="): Text ****** has been set on object 'Object Repository/02-Side Icons(Organization)/Add Contact/Password Field'

2023-01-13 14:34:48 - [MESSAGE][PASSED] - Text ****** has been set on object 'Object Repository/02-Side Icons(Organization)/Add Contact/Password Field'

2023-01-13 14:34:48 - [TEST_STEP][PASSED] - click(findTestObject("02-Side Icons(Organization)/Add Contact/button_Sign in")): Object: 'Object Repository/02-Side Icons(Organization)/Add Contact/button_Sign in' is clicked on

2023-01-13 14:34:49 - [MESSAGE][PASSED] - Object: 'Object Repository/02-Side Icons(Organization)/Add Contact/button_Sign in' is clicked on

2023-01-13 14:34:49 - [TEST_STEP][PASSED] - delay(2): Delayed 2 second(s)

2023-01-13 14:34:52 - [MESSAGE][PASSED] - Delayed 2 second(s)

2023-01-13 14:34:52 - [TEST_STEP][PASSED] - click(findTestObject("06-Teams/For 2FA/button_Confirm_2FA")): Object: 'Object Repository/06-Teams/For 2FA/button_Confirm_2FA' is clicked on

2023-01-13 14:34:52 - [MESSAGE][PASSED] - Object: 'Object Repository/06-Teams/For 2FA/button_Confirm_2FA' is clicked on

2023-01-13 14:34:52 - [TEST_STEP][PASSED] - executeJavaScript("window.open();", []): Execute JavaScript 'window.open();' successfully

2023-01-13 14:34:53 - [MESSAGE][PASSED] - Execute JavaScript 'window.open();' successfully

2023-01-13 14:34:53 - [TEST_STEP][PASSED] - currentWindow = getWindowIndex(): Current window's index is: 0

2023-01-13 14:34:53 - [MESSAGE][PASSED] - Current window's index is: 0

2023-01-13 14:34:53 - [TEST_STEP][PASSED] - delay(3): Delayed 3 second(s)

2023-01-13 14:34:56 - [MESSAGE][PASSED] - Delayed 3 second(s)

2023-01-13 14:34:56 - [TEST_STEP][PASSED] - switchToWindowIndex(currentWindow + 1): Switched to window with index: '1'

2023-01-13 14:34:56 - [MESSAGE][PASSED] - Switched to window with index: '1'

2023-01-13 14:34:56 - [TEST_STEP][PASSED] - navigateToUrl("https://www.mailinator.com/"): Navigate to 'https://www.mailinator.com/' successfully

2023-01-13 14:35:03 - [MESSAGE][PASSED] - Navigate to 'https://www.mailinator.com/' successfully

2023-01-13 14:35:03 - [TEST_STEP][PASSED] - delay(3): Delayed 3 second(s)

2023-01-13 14:35:06 - [MESSAGE][PASSED] - Delayed 3 second(s)

2023-01-13 14:35:06 - [TEST_STEP][PASSED] - setText(findTestObject("00-Signup and Activation/zMailinator/input_LOGIN_search"), "testuser02@mailinator.com"): Text 'testuser02@mailinator.com' is set on object 'Object Repository/00-Signup and Activation/zMailinator/input_LOGIN_search'

2023-01-13 14:35:08 - [MESSAGE][PASSED] - Text 'testuser02@mailinator.com' is set on object 'Object Repository/00-Signup and Activation/zMailinator/input_LOGIN_search'

2023-01-13 14:35:08 - [TEST_STEP][PASSED] - click(findTestObject("00-Signup and Activation/zMailinator/gobutton"), STOP_ON_FAILURE): Object: 'Object Repository/00-Signup and Activation/zMailinator/gobutton' is clicked on

2023-01-13 14:35:11 - [MESSAGE][PASSED] - Object: 'Object Repository/00-Signup and Activation/zMailinator/gobutton' is clicked on

2023-01-13 14:35:11 - [TEST_STEP][PASSED] - delay(3): Delayed 3 second(s)

2023-01-13 14:35:14 - [MESSAGE][PASSED] - Delayed 3 second(s)

2023-01-13 14:35:14 - [TEST_STEP][PASSED] - click(findTestObject("00-Signup and Activation/zMailinator/Email - everleagues")): Object: 'Object Repository/00-Signup and Activation/zMailinator/Email - everleagues' is clicked on

2023-01-13 14:35:15 - [MESSAGE][PASSED] - Object: 'Object Repository/00-Signup and Activation/zMailinator/Email - everleagues' is clicked on

2023-01-13 14:35:15 - [TEST_STEP][PASSED] - delay(3): Delayed 3 second(s)

2023-01-13 14:35:18 - [MESSAGE][PASSED] - Delayed 3 second(s)

2023-01-13 14:35:18 - [TEST_STEP][PASSED] - code = getText(findTestObject("Object Repository/06-Teams/For 2FA/2FA code")): Text of object 'Object Repository/06-Teams/For 2FA/2FA code' is: '235119'

2023-01-13 14:35:20 - [MESSAGE][PASSED] - Text of object 'Object Repository/06-Teams/For 2FA/2FA code' is: '235119'

2023-01-13 14:35:20 - [TEST_STEP][PASSED] - delay(3): Delayed 3 second(s)

2023-01-13 14:35:23 - [MESSAGE][PASSED] - Delayed 3 second(s)

2023-01-13 14:35:23 - [TEST_STEP][PASSED] - closeWindowTitle("Mailinator"): Window with title: 'Mailinator' is closed

2023-01-13 14:35:23 - [MESSAGE][PASSED] - Window with title: 'Mailinator' is closed

2023-01-13 14:35:23 - [TEST_STEP][PASSED] - delay(3): Delayed 3 second(s)

2023-01-13 14:35:26 - [MESSAGE][PASSED] - Delayed 3 second(s)

2023-01-13 14:35:26 - [TEST_STEP][PASSED] - switchToWindowIndex(0): Switched to window with index: '0'

2023-01-13 14:35:26 - [MESSAGE][PASSED] - Switched to window with index: '0'

2023-01-13 14:35:26 - [TEST_STEP][PASSED] - delay(3): Delayed 3 second(s)

2023-01-13 14:35:29 - [MESSAGE][PASSED] - Delayed 3 second(s)

2023-01-13 14:35:29 - [TEST_STEP][PASSED] - setText(findTestObject("Object Repository/06-Teams/For 2FA/input_Enter verification code_code"), code): Text '235119' is set on object 'Object Repository/06-Teams/For 2FA/input_Enter verification code_code'

2023-01-13 14:35:31 - [MESSAGE][PASSED] - Text '235119' is set on object 'Object Repository/06-Teams/For 2FA/input_Enter verification code_code'

2023-01-13 14:35:31 - [TEST_STEP][PASSED] - delay(3): Delayed 3 second(s)

2023-01-13 14:35:34 - [MESSAGE][PASSED] - Delayed 3 second(s)

2023-01-13 14:35:34 - [TEST_STEP][PASSED] - click(findTestObject("06-Teams/For 2FA/button_Verify_2FA")): Object: 'Object Repository/06-Teams/For 2FA/button_Verify_2FA' is clicked on

2023-01-13 14:35:35 - [MESSAGE][PASSED] - Object: 'Object Repository/06-Teams/For 2FA/button_Verify_2FA' is clicked on

2023-01-13 14:35:35 - [TEST_STEP][PASSED] - delay(5): Delayed 5 second(s)

2023-01-13 14:35:40 - [MESSAGE][PASSED] - Delayed 5 second(s)

2023-01-13 14:35:40 - [TEST_STEP][PASSED] - click(findTestObject("06-Teams/button_doublearrow")): Object: 'Object Repository/06-Teams/button_doublearrow' is clicked on

2023-01-13 14:35:41 - [MESSAGE][PASSED] - Object: 'Object Repository/06-Teams/button_doublearrow' is clicked on

2023-01-13 14:35:41 - [TEST_STEP][PASSED] - click(findTestObject("06-Teams/button_My Organizations")): Object: 'Object Repository/06-Teams/button_My Organizations' is clicked on

2023-01-13 14:35:42 - [MESSAGE][PASSED] - Object: 'Object Repository/06-Teams/button_My Organizations' is clicked on

2023-01-13 14:35:42 - [TEST_STEP][PASSED] - click(findTestObject("06-Teams/button_GG Automation")): Object: 'Object Repository/06-Teams/button_GG Automation' is clicked on

2023-01-13 14:35:43 - [MESSAGE][PASSED] - Object: 'Object Repository/06-Teams/button_GG Automation' is clicked on

2023-01-13 14:35:43 - [TEST_STEP][PASSED] - delay(4): Delayed 4 second(s)

2023-01-13 14:35:47 - [MESSAGE][PASSED] - Delayed 4 second(s)

2023-01-13 14:35:47 - [TEST_STEP][PASSED] - verifyElementVisible(findTestObject("06-Teams/span_GG Automation")): Object 'Object Repository/06-Teams/span_GG Automation' is visible

2023-01-13 14:35:48 - [MESSAGE][PASSED] - Object 'Object Repository/06-Teams/span_GG Automation' is visible

2023-01-13 14:35:48 - [TEST_STEP][PASSED] - delay(5): Delayed 5 second(s)

2023-01-13 14:35:53 - [MESSAGE][PASSED] - Delayed 5 second(s)

2023-01-13 14:35:53 - [TEST_STEP][PASSED] - click(findTestObject("03-Header Menu/Hamburger Button/div_Settings")): Object: 'Object Repository/03-Header Menu/Hamburger Button/div_Settings' is clicked on

2023-01-13 14:35:54 - [MESSAGE][PASSED] - Object: 'Object Repository/03-Header Menu/Hamburger Button/div_Settings' is clicked on

2023-01-13 14:35:54 - [TEST_STEP][PASSED] - verifyElementVisible(findTestObject("09-Settings/Users/div_Organization")): Object 'Object Repository/09-Settings/Users/div_Organization' is visible

2023-01-13 14:35:55 - [MESSAGE][PASSED] - Object 'Object Repository/09-Settings/Users/div_Organization' is visible

2023-01-13 14:35:55 - [TEST_STEP][PASSED] - verifyElementVisible(findTestObject("09-Settings/Users/div_Organization Units")): Object 'Object Repository/09-Settings/Users/div_Organization Units' is visible

2023-01-13 14:35:56 - [MESSAGE][PASSED] - Object 'Object Repository/09-Settings/Users/div_Organization Units' is visible

2023-01-13 14:35:56 - [TEST_STEP][PASSED] - scrollToElement(findTestObject("09-Settings/Users/div_Subscriptions"), 0): Scroll to object 'Object Repository/09-Settings/Users/div_Subscriptions' successfully

2023-01-13 14:35:56 - [MESSAGE][WARNING] - Timeout '0' is invalid. Using default page load timeout: '30'

2023-01-13 14:35:56 - [MESSAGE][PASSED] - Scroll to object 'Object Repository/09-Settings/Users/div_Subscriptions' successfully

2023-01-13 14:35:56 - [TEST_STEP][PASSED] - verifyElementVisible(findTestObject("09-Settings/Users/div_Subscriptions")): Object 'Object Repository/09-Settings/Users/div_Subscriptions' is visible

2023-01-13 14:35:57 - [MESSAGE][PASSED] - Object 'Object Repository/09-Settings/Users/div_Subscriptions' is visible

2023-01-13 14:35:57 - [TEST_STEP][PASSED] - verifyElementVisible(findTestObject("09-Settings/Users/div_Users")): Object 'Object Repository/09-Settings/Users/div_Users' is visible

2023-01-13 14:35:58 - [MESSAGE][PASSED] - Object 'Object Repository/09-Settings/Users/div_Users' is visible

2023-01-13 14:35:58 - [TEST_STEP][PASSED] - delay(3): Delayed 3 second(s)

2023-01-13 14:36:01 - [MESSAGE][PASSED] - Delayed 3 second(s)

2023-01-13 14:36:01 - [TEST_STEP][PASSED] - click(findTestObject("09-Settings/Users/div_Users")): Object: 'Object Repository/09-Settings/Users/div_Users' is clicked on

2023-01-13 14:36:03 - [MESSAGE][PASSED] - Object: 'Object Repository/09-Settings/Users/div_Users' is clicked on

2023-01-13 14:36:03 - [TEST_STEP][PASSED] - verifyElementVisible(findTestObject("09-Settings/Users/h4_USERS")): Object 'Object Repository/09-Settings/Users/h4_USERS' is visible

2023-01-13 14:36:05 - [MESSAGE][PASSED] - Object 'Object Repository/09-Settings/Users/h4_USERS' is visible

2023-01-13 14:36:05 - [TEST_STEP][PASSED] - verifyElementVisible(findTestObject("09-Settings/Users/User Page")): Object 'Object Repository/09-Settings/Users/User Page' is visible

2023-01-13 14:36:05 - [MESSAGE][PASSED] - Object 'Object Repository/09-Settings/Users/User Page' is visible

2023-01-13 14:36:05 - [TEST_STEP][PASSED] - delay(3): Delayed 3 second(s)

2023-01-13 14:36:08 - [MESSAGE][PASSED] - Delayed 3 second(s)

2023-01-13 14:36:08 - [TEST_STEP][PASSED] - click(findTestObject("09-Settings/Users/button_add")): Object: 'Object Repository/09-Settings/Users/button_add' is clicked on

2023-01-13 14:36:10 - [MESSAGE][PASSED] - Object: 'Object Repository/09-Settings/Users/button_add' is clicked on

2023-01-13 14:36:10 - [TEST_STEP][PASSED] - verifyElementVisible(findTestObject("09-Settings/Users/User Invitation modal")): Object 'Object Repository/09-Settings/Users/User Invitation modal' is visible

2023-01-13 14:36:10 - [MESSAGE][PASSED] - Object 'Object Repository/09-Settings/Users/User Invitation modal' is visible

2023-01-13 14:36:10 - [TEST_STEP][PASSED] - delay(3): Delayed 3 second(s)

2023-01-13 14:36:13 - [MESSAGE][PASSED] - Delayed 3 second(s)

2023-01-13 14:36:13 - [TEST_STEP][PASSED] - click(findTestObject("09-Settings/Users/add Invite a single user")): Object: 'Object Repository/09-Settings/Users/add Invite a single user' is clicked on

2023-01-13 14:36:14 - [MESSAGE][PASSED] - Object: 'Object Repository/09-Settings/Users/add Invite a single user' is clicked on

2023-01-13 14:36:14 - [TEST_STEP][PASSED] - verifyElementVisible(findTestObject("09-Settings/Users/Invite new user modal")): Object 'Object Repository/09-Settings/Users/Invite new user modal' is visible

2023-01-13 14:36:17 - [MESSAGE][PASSED] - Object 'Object Repository/09-Settings/Users/Invite new user modal' is visible

2023-01-13 14:36:17 - [TEST_STEP][PASSED] - click(findTestObject("09-Settings/Users/input_email")): Object: 'Object Repository/09-Settings/Users/input_email' is clicked on

2023-01-13 14:36:18 - [MESSAGE][PASSED] - Object: 'Object Repository/09-Settings/Users/input_email' is clicked on

2023-01-13 14:36:18 - [TEST_STEP][PASSED] - click(findTestObject("09-Settings/Users/input_firstName")): Object: 'Object Repository/09-Settings/Users/input_firstName' is clicked on

2023-01-13 14:36:20 - [MESSAGE][PASSED] - Object: 'Object Repository/09-Settings/Users/input_firstName' is clicked on

2023-01-13 14:36:20 - [TEST_STEP][PASSED] - click(findTestObject("09-Settings/Users/input_lastName")): Object: 'Object Repository/09-Settings/Users/input_lastName' is clicked on

2023-01-13 14:36:21 - [MESSAGE][PASSED] - Object: 'Object Repository/09-Settings/Users/input_lastName' is clicked on

2023-01-13 14:36:21 - [TEST_STEP][PASSED] - click(findTestObject("09-Settings/Users/span_Role")): Object: 'Object Repository/09-Settings/Users/span_Role' is clicked on

2023-01-13 14:36:22 - [MESSAGE][PASSED] - Object: 'Object Repository/09-Settings/Users/span_Role' is clicked on

2023-01-13 14:36:22 - [TEST_STEP][PASSED] - clickOffset(findTestObject("09-Settings/Users/h4_Invite New User"), 100, 100): Object: 'Object Repository/09-Settings/Users/h4_Invite New User' is clicked on using offset x=100 and y=100

2023-01-13 14:36:23 - [MESSAGE][PASSED] - Object: 'Object Repository/09-Settings/Users/h4_Invite New User' is clicked on using offset x=100 and y=100

2023-01-13 14:36:23 - [TEST_STEP][PASSED] - verifyElementVisible(findTestObject("09-Settings/Users/Email required")): Object 'Object Repository/09-Settings/Users/Email required' is visible

2023-01-13 14:36:24 - [MESSAGE][PASSED] - Object 'Object Repository/09-Settings/Users/Email required' is visible

2023-01-13 14:36:24 - [TEST_STEP][PASSED] - verifyElementVisible(findTestObject("09-Settings/Users/Firstname required")): Object 'Object Repository/09-Settings/Users/Firstname required' is visible

2023-01-13 14:36:25 - [MESSAGE][PASSED] - Object 'Object Repository/09-Settings/Users/Firstname required' is visible

2023-01-13 14:36:25 - [TEST_STEP][PASSED] - verifyElementVisible(findTestObject("09-Settings/Users/last name required")): Object 'Object Repository/09-Settings/Users/last name required' is visible

2023-01-13 14:36:25 - [MESSAGE][PASSED] - Object 'Object Repository/09-Settings/Users/last name required' is visible

2023-01-13 14:36:25 - [TEST_STEP][PASSED] - verifyElementVisible(findTestObject("09-Settings/Users/error_Select a role")): Object 'Object Repository/09-Settings/Users/error_Select a role' is visible

2023-01-13 14:36:26 - [MESSAGE][PASSED] - Object 'Object Repository/09-Settings/Users/error_Select a role' is visible]]></system-out>
         <system-err><![CDATA[]]></system-err>
      </testcase>
      <testcase name="Test Cases/09-Settings/02 - Users (Invite new user as co worker)" time="179.971" classname="Test Cases/09-Settings/02 - Users (Invite new user as co worker)" status="PASSED">
         <system-out><![CDATA[2023-01-13 14:36:26 - [TEST_CASE][PASSED] - Test Cases/09-Settings/02 - Users (Invite new user as co worker): Test Cases/09-Settings/02 - Users (Invite new user as co worker)

2023-01-13 14:36:28 - [TEST_STEP][PASSED] - delay(3): Delayed 3 second(s)

2023-01-13 14:36:31 - [MESSAGE][PASSED] - Delayed 3 second(s)

2023-01-13 14:36:31 - [TEST_STEP][PASSED] - setText(findTestObject("09-Settings/Users/input_email"), "autotester04@mailinator.com"): Text 'autotester04@mailinator.com' is set on object 'Object Repository/09-Settings/Users/input_email'

2023-01-13 14:36:34 - [MESSAGE][PASSED] - Text 'autotester04@mailinator.com' is set on object 'Object Repository/09-Settings/Users/input_email'

2023-01-13 14:36:34 - [TEST_STEP][PASSED] - setText(findTestObject("09-Settings/Users/input_firstName"), "GG"): Text 'GG' is set on object 'Object Repository/09-Settings/Users/input_firstName'

2023-01-13 14:36:36 - [MESSAGE][PASSED] - Text 'GG' is set on object 'Object Repository/09-Settings/Users/input_firstName'

2023-01-13 14:36:36 - [TEST_STEP][PASSED] - setText(findTestObject("09-Settings/Users/input_lastName"), "Auto Contact 2"): Text 'Auto Contact 2' is set on object 'Object Repository/09-Settings/Users/input_lastName'

2023-01-13 14:36:39 - [MESSAGE][PASSED] - Text 'Auto Contact 2' is set on object 'Object Repository/09-Settings/Users/input_lastName'

2023-01-13 14:36:39 - [TEST_STEP][PASSED] - click(findTestObject("09-Settings/Users/span_Role")): Object: 'Object Repository/09-Settings/Users/span_Role' is clicked on

2023-01-13 14:36:40 - [MESSAGE][PASSED] - Object: 'Object Repository/09-Settings/Users/span_Role' is clicked on

2023-01-13 14:36:40 - [TEST_STEP][PASSED] - click(findTestObject("09-Settings/Users/span_CoWorker")): Object: 'Object Repository/09-Settings/Users/span_CoWorker' is clicked on

2023-01-13 14:36:41 - [MESSAGE][PASSED] - Object: 'Object Repository/09-Settings/Users/span_CoWorker' is clicked on

2023-01-13 14:36:41 - [TEST_STEP][PASSED] - click(findTestObject("09-Settings/Users/button_Send Invitation")): Object: 'Object Repository/09-Settings/Users/button_Send Invitation' is clicked on

2023-01-13 14:36:42 - [MESSAGE][PASSED] - Object: 'Object Repository/09-Settings/Users/button_Send Invitation' is clicked on

2023-01-13 14:36:42 - [TEST_STEP][PASSED] - delay(2): Delayed 2 second(s)

2023-01-13 14:36:44 - [MESSAGE][PASSED] - Delayed 2 second(s)

2023-01-13 14:36:44 - [TEST_STEP][PASSED] - verifyElementVisible(findTestObject("07-Directory/Connections/zContact Profile/Successfully invited user")): Object 'Object Repository/07-Directory/Connections/zContact Profile/Successfully invited user' is visible

2023-01-13 14:36:46 - [MESSAGE][PASSED] - Object 'Object Repository/07-Directory/Connections/zContact Profile/Successfully invited user' is visible

2023-01-13 14:36:46 - [TEST_STEP][PASSED] - delay(2): Delayed 2 second(s)

2023-01-13 14:36:48 - [MESSAGE][PASSED] - Delayed 2 second(s)

2023-01-13 14:36:48 - [TEST_STEP][PASSED] - executeJavaScript("window.open();", []): Execute JavaScript 'window.open();' successfully

2023-01-13 14:36:49 - [MESSAGE][PASSED] - Execute JavaScript 'window.open();' successfully

2023-01-13 14:36:49 - [TEST_STEP][PASSED] - currentWindow = getWindowIndex(): Current window's index is: 0

2023-01-13 14:36:49 - [MESSAGE][PASSED] - Current window's index is: 0

2023-01-13 14:36:49 - [TEST_STEP][PASSED] - delay(3): Delayed 3 second(s)

2023-01-13 14:36:52 - [MESSAGE][PASSED] - Delayed 3 second(s)

2023-01-13 14:36:52 - [TEST_STEP][PASSED] - switchToWindowIndex(currentWindow + 1): Switched to window with index: '1'

2023-01-13 14:36:52 - [MESSAGE][PASSED] - Switched to window with index: '1'

2023-01-13 14:36:52 - [TEST_STEP][PASSED] - navigateToUrl("https://www.mailinator.com/"): Navigate to 'https://www.mailinator.com/' successfully

2023-01-13 14:36:58 - [MESSAGE][PASSED] - Navigate to 'https://www.mailinator.com/' successfully

2023-01-13 14:36:58 - [TEST_STEP][PASSED] - delay(3): Delayed 3 second(s)

2023-01-13 14:37:01 - [MESSAGE][PASSED] - Delayed 3 second(s)

2023-01-13 14:37:01 - [TEST_STEP][PASSED] - setText(findTestObject("00-Signup and Activation/zMailinator/input_LOGIN_search"), "autotester04@mailinator.com"): Text 'autotester04@mailinator.com' is set on object 'Object Repository/00-Signup and Activation/zMailinator/input_LOGIN_search'

2023-01-13 14:37:02 - [MESSAGE][PASSED] - Text 'autotester04@mailinator.com' is set on object 'Object Repository/00-Signup and Activation/zMailinator/input_LOGIN_search'

2023-01-13 14:37:02 - [TEST_STEP][PASSED] - click(findTestObject("00-Signup and Activation/zMailinator/gobutton"), STOP_ON_FAILURE): Object: 'Object Repository/00-Signup and Activation/zMailinator/gobutton' is clicked on

2023-01-13 14:37:05 - [MESSAGE][PASSED] - Object: 'Object Repository/00-Signup and Activation/zMailinator/gobutton' is clicked on

2023-01-13 14:37:05 - [TEST_STEP][PASSED] - delay(3): Delayed 3 second(s)

2023-01-13 14:37:08 - [MESSAGE][PASSED] - Delayed 3 second(s)

2023-01-13 14:37:08 - [TEST_STEP][PASSED] - closeWindowTitle("Everleagues"): Window with title: 'Everleagues' is closed

2023-01-13 14:37:09 - [MESSAGE][PASSED] - Window with title: 'Everleagues' is closed

2023-01-13 14:37:09 - [TEST_STEP][PASSED] - switchToWindowIndex(0): Switched to window with index: '0'

2023-01-13 14:37:09 - [MESSAGE][PASSED] - Switched to window with index: '0'

2023-01-13 14:37:09 - [TEST_STEP][PASSED] - click(findTestObject("09-Settings/Users/Co worker/td_Invitation from GG Automation")): Object: 'Object Repository/09-Settings/Users/Co worker/td_Invitation from GG Automation' is clicked on

2023-01-13 14:37:10 - [MESSAGE][PASSED] - Object: 'Object Repository/09-Settings/Users/Co worker/td_Invitation from GG Automation' is clicked on

2023-01-13 14:37:10 - [TEST_STEP][PASSED] - click(findTestObject("09-Settings/Users/Co worker/a_Click here to join GG Automation on EverLeagues")): Object: 'Object Repository/09-Settings/Users/Co worker/a_Click here to join GG Automation on EverLeagues' is clicked on

2023-01-13 14:37:11 - [MESSAGE][PASSED] - Object: 'Object Repository/09-Settings/Users/Co worker/a_Click here to join GG Automation on EverLeagues' is clicked on

2023-01-13 14:37:11 - [TEST_STEP][PASSED] - closeWindowTitle("Mailinator"): Window with title: 'Mailinator' is closed

2023-01-13 14:37:12 - [MESSAGE][PASSED] - Window with title: 'Mailinator' is closed

2023-01-13 14:37:12 - [TEST_STEP][PASSED] - switchToWindowIndex(0): Switched to window with index: '0'

2023-01-13 14:37:12 - [MESSAGE][PASSED] - Switched to window with index: '0'

2023-01-13 14:37:12 - [TEST_STEP][PASSED] - verifyElementVisible(findTestObject("09-Settings/Users/Co worker/Logout before proceed modal")): Object 'Object Repository/09-Settings/Users/Co worker/Logout before proceed modal' is visible

2023-01-13 14:37:35 - [MESSAGE][PASSED] - Object 'Object Repository/09-Settings/Users/Co worker/Logout before proceed modal' is visible

2023-01-13 14:37:35 - [TEST_STEP][PASSED] - click(findTestObject("09-Settings/Users/Co worker/button_Yes")): Object: 'Object Repository/09-Settings/Users/Co worker/button_Yes' is clicked on

2023-01-13 14:37:36 - [MESSAGE][PASSED] - Object: 'Object Repository/09-Settings/Users/Co worker/button_Yes' is clicked on

2023-01-13 14:37:36 - [TEST_STEP][PASSED] - delay(3): Delayed 3 second(s)

2023-01-13 14:37:39 - [MESSAGE][PASSED] - Delayed 3 second(s)

2023-01-13 14:37:39 - [TEST_STEP][PASSED] - setText(findTestObject("09-Settings/Users/Co worker/input_Email_email"), "autotester04@mailinator.com"): Text 'autotester04@mailinator.com' is set on object 'Object Repository/09-Settings/Users/Co worker/input_Email_email'

2023-01-13 14:37:40 - [MESSAGE][PASSED] - Text 'autotester04@mailinator.com' is set on object 'Object Repository/09-Settings/Users/Co worker/input_Email_email'

2023-01-13 14:37:40 - [TEST_STEP][PASSED] - setEncryptedText(findTestObject("09-Settings/Users/Co worker/input__password"), "8yFRyszE6U6jvsCn51OQbg=="): Text ****** has been set on object 'Object Repository/09-Settings/Users/Co worker/input__password'

2023-01-13 14:37:41 - [MESSAGE][PASSED] - Text ****** has been set on object 'Object Repository/09-Settings/Users/Co worker/input__password'

2023-01-13 14:37:41 - [TEST_STEP][PASSED] - click(findTestObject("02-Side Icons(Organization)/Add Contact/button_Sign in")): Object: 'Object Repository/02-Side Icons(Organization)/Add Contact/button_Sign in' is clicked on

2023-01-13 14:37:42 - [MESSAGE][PASSED] - Object: 'Object Repository/02-Side Icons(Organization)/Add Contact/button_Sign in' is clicked on

2023-01-13 14:37:42 - [TEST_STEP][PASSED] - delay(2): Delayed 2 second(s)

2023-01-13 14:37:44 - [MESSAGE][PASSED] - Delayed 2 second(s)

2023-01-13 14:37:44 - [TEST_STEP][PASSED] - click(findTestObject("06-Teams/For 2FA/button_Confirm_2FA")): Object: 'Object Repository/06-Teams/For 2FA/button_Confirm_2FA' is clicked on

2023-01-13 14:37:45 - [MESSAGE][PASSED] - Object: 'Object Repository/06-Teams/For 2FA/button_Confirm_2FA' is clicked on

2023-01-13 14:37:45 - [TEST_STEP][PASSED] - executeJavaScript("window.open();", []): Execute JavaScript 'window.open();' successfully

2023-01-13 14:37:45 - [MESSAGE][PASSED] - Execute JavaScript 'window.open();' successfully

2023-01-13 14:37:45 - [TEST_STEP][PASSED] - currentWindow = getWindowIndex(): Current window's index is: 0

2023-01-13 14:37:45 - [MESSAGE][PASSED] - Current window's index is: 0

2023-01-13 14:37:45 - [TEST_STEP][PASSED] - delay(3): Delayed 3 second(s)

2023-01-13 14:37:48 - [MESSAGE][PASSED] - Delayed 3 second(s)

2023-01-13 14:37:48 - [TEST_STEP][PASSED] - switchToWindowIndex(currentWindow + 1): Switched to window with index: '1'

2023-01-13 14:37:48 - [MESSAGE][PASSED] - Switched to window with index: '1'

2023-01-13 14:37:48 - [TEST_STEP][PASSED] - navigateToUrl("https://www.mailinator.com/"): Navigate to 'https://www.mailinator.com/' successfully

2023-01-13 14:37:54 - [MESSAGE][PASSED] - Navigate to 'https://www.mailinator.com/' successfully

2023-01-13 14:37:54 - [TEST_STEP][PASSED] - delay(3): Delayed 3 second(s)

2023-01-13 14:37:57 - [MESSAGE][PASSED] - Delayed 3 second(s)

2023-01-13 14:37:57 - [TEST_STEP][PASSED] - setText(findTestObject("00-Signup and Activation/zMailinator/input_LOGIN_search"), "autotester04@mailinator.com"): Text 'autotester04@mailinator.com' is set on object 'Object Repository/00-Signup and Activation/zMailinator/input_LOGIN_search'

2023-01-13 14:37:59 - [MESSAGE][PASSED] - Text 'autotester04@mailinator.com' is set on object 'Object Repository/00-Signup and Activation/zMailinator/input_LOGIN_search'

2023-01-13 14:37:59 - [TEST_STEP][PASSED] - click(findTestObject("00-Signup and Activation/zMailinator/gobutton"), STOP_ON_FAILURE): Object: 'Object Repository/00-Signup and Activation/zMailinator/gobutton' is clicked on

2023-01-13 14:38:02 - [MESSAGE][PASSED] - Object: 'Object Repository/00-Signup and Activation/zMailinator/gobutton' is clicked on

2023-01-13 14:38:02 - [TEST_STEP][PASSED] - delay(3): Delayed 3 second(s)

2023-01-13 14:38:05 - [MESSAGE][PASSED] - Delayed 3 second(s)

2023-01-13 14:38:05 - [TEST_STEP][PASSED] - click(findTestObject("00-Signup and Activation/zMailinator/Email - everleagues")): Object: 'Object Repository/00-Signup and Activation/zMailinator/Email - everleagues' is clicked on

2023-01-13 14:38:06 - [MESSAGE][PASSED] - Object: 'Object Repository/00-Signup and Activation/zMailinator/Email - everleagues' is clicked on

2023-01-13 14:38:06 - [TEST_STEP][PASSED] - delay(3): Delayed 3 second(s)

2023-01-13 14:38:10 - [MESSAGE][PASSED] - Delayed 3 second(s)

2023-01-13 14:38:10 - [TEST_STEP][PASSED] - codetwo = getText(findTestObject("Object Repository/06-Teams/For 2FA/2FA code")): Text of object 'Object Repository/06-Teams/For 2FA/2FA code' is: '453713'

2023-01-13 14:38:11 - [MESSAGE][PASSED] - Text of object 'Object Repository/06-Teams/For 2FA/2FA code' is: '453713'

2023-01-13 14:38:11 - [TEST_STEP][PASSED] - delay(3): Delayed 3 second(s)

2023-01-13 14:38:14 - [MESSAGE][PASSED] - Delayed 3 second(s)

2023-01-13 14:38:14 - [TEST_STEP][PASSED] - closeWindowTitle("Mailinator"): Window with title: 'Mailinator' is closed

2023-01-13 14:38:14 - [MESSAGE][PASSED] - Window with title: 'Mailinator' is closed

2023-01-13 14:38:14 - [TEST_STEP][PASSED] - delay(3): Delayed 3 second(s)

2023-01-13 14:38:17 - [MESSAGE][PASSED] - Delayed 3 second(s)

2023-01-13 14:38:17 - [TEST_STEP][PASSED] - switchToWindowIndex(0): Switched to window with index: '0'

2023-01-13 14:38:17 - [MESSAGE][PASSED] - Switched to window with index: '0'

2023-01-13 14:38:17 - [TEST_STEP][PASSED] - delay(3): Delayed 3 second(s)

2023-01-13 14:38:20 - [MESSAGE][PASSED] - Delayed 3 second(s)

2023-01-13 14:38:20 - [TEST_STEP][PASSED] - setText(findTestObject("Object Repository/06-Teams/For 2FA/input_Enter verification code_code"), codetwo): Text '453713' is set on object 'Object Repository/06-Teams/For 2FA/input_Enter verification code_code'

2023-01-13 14:38:22 - [MESSAGE][PASSED] - Text '453713' is set on object 'Object Repository/06-Teams/For 2FA/input_Enter verification code_code'

2023-01-13 14:38:22 - [TEST_STEP][PASSED] - delay(3): Delayed 3 second(s)

2023-01-13 14:38:25 - [MESSAGE][PASSED] - Delayed 3 second(s)

2023-01-13 14:38:25 - [TEST_STEP][PASSED] - click(findTestObject("06-Teams/For 2FA/button_Verify_2FA")): Object: 'Object Repository/06-Teams/For 2FA/button_Verify_2FA' is clicked on

2023-01-13 14:38:26 - [MESSAGE][PASSED] - Object: 'Object Repository/06-Teams/For 2FA/button_Verify_2FA' is clicked on

2023-01-13 14:38:26 - [TEST_STEP][PASSED] - delay(5): Delayed 5 second(s)

2023-01-13 14:38:31 - [MESSAGE][PASSED] - Delayed 5 second(s)

2023-01-13 14:38:31 - [TEST_STEP][PASSED] - executeJavaScript("window.open();", []): Execute JavaScript 'window.open();' successfully

2023-01-13 14:38:32 - [MESSAGE][PASSED] - Execute JavaScript 'window.open();' successfully

2023-01-13 14:38:32 - [TEST_STEP][PASSED] - currentWindow = getWindowIndex(): Current window's index is: 0

2023-01-13 14:38:32 - [MESSAGE][PASSED] - Current window's index is: 0

2023-01-13 14:38:32 - [TEST_STEP][PASSED] - delay(3): Delayed 3 second(s)

2023-01-13 14:38:35 - [MESSAGE][PASSED] - Delayed 3 second(s)

2023-01-13 14:38:35 - [TEST_STEP][PASSED] - switchToWindowIndex(currentWindow + 1): Switched to window with index: '1'

2023-01-13 14:38:35 - [MESSAGE][PASSED] - Switched to window with index: '1'

2023-01-13 14:38:35 - [TEST_STEP][PASSED] - navigateToUrl("https://www.mailinator.com/"): Navigate to 'https://www.mailinator.com/' successfully

2023-01-13 14:38:40 - [MESSAGE][PASSED] - Navigate to 'https://www.mailinator.com/' successfully

2023-01-13 14:38:40 - [TEST_STEP][PASSED] - delay(3): Delayed 3 second(s)

2023-01-13 14:38:43 - [MESSAGE][PASSED] - Delayed 3 second(s)

2023-01-13 14:38:43 - [TEST_STEP][PASSED] - setText(findTestObject("00-Signup and Activation/zMailinator/input_LOGIN_search"), "autotester04@mailinator.com"): Text 'autotester04@mailinator.com' is set on object 'Object Repository/00-Signup and Activation/zMailinator/input_LOGIN_search'

2023-01-13 14:38:44 - [MESSAGE][PASSED] - Text 'autotester04@mailinator.com' is set on object 'Object Repository/00-Signup and Activation/zMailinator/input_LOGIN_search'

2023-01-13 14:38:44 - [TEST_STEP][PASSED] - click(findTestObject("00-Signup and Activation/zMailinator/gobutton"), STOP_ON_FAILURE): Object: 'Object Repository/00-Signup and Activation/zMailinator/gobutton' is clicked on

2023-01-13 14:38:47 - [MESSAGE][PASSED] - Object: 'Object Repository/00-Signup and Activation/zMailinator/gobutton' is clicked on

2023-01-13 14:38:47 - [TEST_STEP][PASSED] - delay(3): Delayed 3 second(s)

2023-01-13 14:38:50 - [MESSAGE][PASSED] - Delayed 3 second(s)

2023-01-13 14:38:50 - [TEST_STEP][PASSED] - closeWindowTitle("Everleagues"): Window with title: 'Everleagues' is closed

2023-01-13 14:38:50 - [MESSAGE][PASSED] - Window with title: 'Everleagues' is closed

2023-01-13 14:38:50 - [TEST_STEP][PASSED] - switchToWindowIndex(0): Switched to window with index: '0'

2023-01-13 14:38:50 - [MESSAGE][PASSED] - Switched to window with index: '0'

2023-01-13 14:38:50 - [TEST_STEP][PASSED] - click(findTestObject("09-Settings/Users/Co worker/td_Invitation from GG Automation")): Object: 'Object Repository/09-Settings/Users/Co worker/td_Invitation from GG Automation' is clicked on

2023-01-13 14:38:51 - [MESSAGE][PASSED] - Object: 'Object Repository/09-Settings/Users/Co worker/td_Invitation from GG Automation' is clicked on

2023-01-13 14:38:51 - [TEST_STEP][PASSED] - click(findTestObject("09-Settings/Users/Co worker/a_Click here to join GG Automation on EverLeagues")): Object: 'Object Repository/09-Settings/Users/Co worker/a_Click here to join GG Automation on EverLeagues' is clicked on

2023-01-13 14:38:52 - [MESSAGE][PASSED] - Object: 'Object Repository/09-Settings/Users/Co worker/a_Click here to join GG Automation on EverLeagues' is clicked on

2023-01-13 14:38:52 - [TEST_STEP][PASSED] - delay(3): Delayed 3 second(s)

2023-01-13 14:38:55 - [MESSAGE][PASSED] - Delayed 3 second(s)

2023-01-13 14:38:55 - [TEST_STEP][PASSED] - closeWindowTitle("Mailinator"): Window with title: 'Mailinator' is closed

2023-01-13 14:39:03 - [MESSAGE][PASSED] - Window with title: 'Mailinator' is closed

2023-01-13 14:39:03 - [TEST_STEP][PASSED] - switchToWindowIndex(0): Switched to window with index: '0'

2023-01-13 14:39:03 - [MESSAGE][PASSED] - Switched to window with index: '0'

2023-01-13 14:39:03 - [TEST_STEP][PASSED] - verifyElementVisible(findTestObject("09-Settings/Users/Co worker/Invite modal")): Object 'Object Repository/09-Settings/Users/Co worker/Invite modal' is visible

2023-01-13 14:39:11 - [MESSAGE][PASSED] - Object 'Object Repository/09-Settings/Users/Co worker/Invite modal' is visible

2023-01-13 14:39:11 - [TEST_STEP][PASSED] - click(findTestObject("09-Settings/Users/Co worker/button_Accept")): Object: 'Object Repository/09-Settings/Users/Co worker/button_Accept' is clicked on

2023-01-13 14:39:12 - [MESSAGE][PASSED] - Object: 'Object Repository/09-Settings/Users/Co worker/button_Accept' is clicked on

2023-01-13 14:39:12 - [TEST_STEP][PASSED] - delay(5): Delayed 5 second(s)

2023-01-13 14:39:17 - [MESSAGE][PASSED] - Delayed 5 second(s)

2023-01-13 14:39:17 - [TEST_STEP][PASSED] - verifyElementVisible(findTestObject("09-Settings/Users/Co worker/div_Joined as CoWorker")): Object 'Object Repository/09-Settings/Users/Co worker/div_Joined as CoWorker' is visible

2023-01-13 14:39:25 - [MESSAGE][PASSED] - Object 'Object Repository/09-Settings/Users/Co worker/div_Joined as CoWorker' is visible

2023-01-13 14:39:25 - [TEST_STEP][PASSED] - closeBrowser(): Browser is closed

2023-01-13 14:39:26 - [MESSAGE][PASSED] - Browser is closed]]></system-out>
         <system-err><![CDATA[]]></system-err>
      </testcase>
      <testcase name="Test Cases/09-Settings/03 - Users (Invite new user as client)" time="278.978" classname="Test Cases/09-Settings/03 - Users (Invite new user as client)" status="PASSED">
         <system-out><![CDATA[2023-01-13 14:39:26 - [TEST_CASE][PASSED] - Test Cases/09-Settings/03 - Users (Invite new user as client): Test Cases/09-Settings/03 - Users (Invite new user as client)

2023-01-13 14:39:29 - [TEST_STEP][PASSED] - openBrowser(""): Browser is opened with url: ''

2023-01-13 14:39:29 - [MESSAGE][INFO] - Starting 'Chrome' driver

2023-01-13 14:39:29 - [MESSAGE][INFO] - Action delay is set to 0 milliseconds

2023-01-13 14:39:32 - [MESSAGE][PASSED] - Browser is opened with url: ''

2023-01-13 14:39:32 - [TEST_STEP][PASSED] - navigateToUrl("https://lab.everleagues.com/"): Navigate to 'https://lab.everleagues.com/' successfully

2023-01-13 14:39:52 - [MESSAGE][PASSED] - Navigate to 'https://lab.everleagues.com/' successfully

2023-01-13 14:39:52 - [TEST_STEP][PASSED] - maximizeWindow(): Current window maximized

2023-01-13 14:39:52 - [MESSAGE][PASSED] - Current window maximized

2023-01-13 14:39:52 - [TEST_STEP][PASSED] - setText(findTestObject("02-Side Icons(Organization)/Add Contact/Email Field"), "testuser02@mailinator.com"): Text 'testuser02@mailinator.com' is set on object 'Object Repository/02-Side Icons(Organization)/Add Contact/Email Field'

2023-01-13 14:39:54 - [MESSAGE][PASSED] - Text 'testuser02@mailinator.com' is set on object 'Object Repository/02-Side Icons(Organization)/Add Contact/Email Field'

2023-01-13 14:39:54 - [TEST_STEP][PASSED] - setEncryptedText(findTestObject("02-Side Icons(Organization)/Add Contact/Password Field"), "8yFRyszE6U6jvsCn51OQbg=="): Text ****** has been set on object 'Object Repository/02-Side Icons(Organization)/Add Contact/Password Field'

2023-01-13 14:39:55 - [MESSAGE][PASSED] - Text ****** has been set on object 'Object Repository/02-Side Icons(Organization)/Add Contact/Password Field'

2023-01-13 14:39:55 - [TEST_STEP][PASSED] - click(findTestObject("02-Side Icons(Organization)/Add Contact/button_Sign in")): Object: 'Object Repository/02-Side Icons(Organization)/Add Contact/button_Sign in' is clicked on

2023-01-13 14:39:56 - [MESSAGE][PASSED] - Object: 'Object Repository/02-Side Icons(Organization)/Add Contact/button_Sign in' is clicked on

2023-01-13 14:39:56 - [TEST_STEP][PASSED] - delay(2): Delayed 2 second(s)

2023-01-13 14:39:58 - [MESSAGE][PASSED] - Delayed 2 second(s)

2023-01-13 14:39:58 - [TEST_STEP][PASSED] - click(findTestObject("06-Teams/For 2FA/button_Confirm_2FA")): Object: 'Object Repository/06-Teams/For 2FA/button_Confirm_2FA' is clicked on

2023-01-13 14:39:59 - [MESSAGE][PASSED] - Object: 'Object Repository/06-Teams/For 2FA/button_Confirm_2FA' is clicked on

2023-01-13 14:39:59 - [TEST_STEP][PASSED] - executeJavaScript("window.open();", []): Execute JavaScript 'window.open();' successfully

2023-01-13 14:39:59 - [MESSAGE][PASSED] - Execute JavaScript 'window.open();' successfully

2023-01-13 14:39:59 - [TEST_STEP][PASSED] - currentWindow = getWindowIndex(): Current window's index is: 0

2023-01-13 14:40:00 - [MESSAGE][PASSED] - Current window's index is: 0

2023-01-13 14:40:00 - [TEST_STEP][PASSED] - delay(3): Delayed 3 second(s)

2023-01-13 14:40:03 - [MESSAGE][PASSED] - Delayed 3 second(s)

2023-01-13 14:40:03 - [TEST_STEP][PASSED] - switchToWindowIndex(currentWindow + 1): Switched to window with index: '1'

2023-01-13 14:40:03 - [MESSAGE][PASSED] - Switched to window with index: '1'

2023-01-13 14:40:03 - [TEST_STEP][PASSED] - navigateToUrl("https://www.mailinator.com/"): Navigate to 'https://www.mailinator.com/' successfully

2023-01-13 14:40:10 - [MESSAGE][PASSED] - Navigate to 'https://www.mailinator.com/' successfully

2023-01-13 14:40:10 - [TEST_STEP][PASSED] - delay(3): Delayed 3 second(s)

2023-01-13 14:40:13 - [MESSAGE][PASSED] - Delayed 3 second(s)

2023-01-13 14:40:13 - [TEST_STEP][PASSED] - setText(findTestObject("00-Signup and Activation/zMailinator/input_LOGIN_search"), "testuser02@mailinator.com"): Text 'testuser02@mailinator.com' is set on object 'Object Repository/00-Signup and Activation/zMailinator/input_LOGIN_search'

2023-01-13 14:40:15 - [MESSAGE][PASSED] - Text 'testuser02@mailinator.com' is set on object 'Object Repository/00-Signup and Activation/zMailinator/input_LOGIN_search'

2023-01-13 14:40:15 - [TEST_STEP][PASSED] - click(findTestObject("00-Signup and Activation/zMailinator/gobutton"), STOP_ON_FAILURE): Object: 'Object Repository/00-Signup and Activation/zMailinator/gobutton' is clicked on

2023-01-13 14:40:20 - [MESSAGE][PASSED] - Object: 'Object Repository/00-Signup and Activation/zMailinator/gobutton' is clicked on

2023-01-13 14:40:20 - [TEST_STEP][PASSED] - delay(3): Delayed 3 second(s)

2023-01-13 14:40:23 - [MESSAGE][PASSED] - Delayed 3 second(s)

2023-01-13 14:40:23 - [TEST_STEP][PASSED] - click(findTestObject("00-Signup and Activation/zMailinator/Email - everleagues")): Object: 'Object Repository/00-Signup and Activation/zMailinator/Email - everleagues' is clicked on

2023-01-13 14:40:24 - [MESSAGE][PASSED] - Object: 'Object Repository/00-Signup and Activation/zMailinator/Email - everleagues' is clicked on

2023-01-13 14:40:24 - [TEST_STEP][PASSED] - delay(3): Delayed 3 second(s)

2023-01-13 14:40:27 - [MESSAGE][PASSED] - Delayed 3 second(s)

2023-01-13 14:40:27 - [TEST_STEP][PASSED] - code = getText(findTestObject("Object Repository/06-Teams/For 2FA/2FA code")): Text of object 'Object Repository/06-Teams/For 2FA/2FA code' is: '583028'

2023-01-13 14:40:28 - [MESSAGE][PASSED] - Text of object 'Object Repository/06-Teams/For 2FA/2FA code' is: '583028'

2023-01-13 14:40:28 - [TEST_STEP][PASSED] - delay(3): Delayed 3 second(s)

2023-01-13 14:40:31 - [MESSAGE][PASSED] - Delayed 3 second(s)

2023-01-13 14:40:31 - [TEST_STEP][PASSED] - closeWindowTitle("Mailinator"): Window with title: 'Mailinator' is closed

2023-01-13 14:40:32 - [MESSAGE][PASSED] - Window with title: 'Mailinator' is closed

2023-01-13 14:40:32 - [TEST_STEP][PASSED] - delay(3): Delayed 3 second(s)

2023-01-13 14:40:35 - [MESSAGE][PASSED] - Delayed 3 second(s)

2023-01-13 14:40:35 - [TEST_STEP][PASSED] - switchToWindowIndex(0): Switched to window with index: '0'

2023-01-13 14:40:35 - [MESSAGE][PASSED] - Switched to window with index: '0'

2023-01-13 14:40:35 - [TEST_STEP][PASSED] - delay(3): Delayed 3 second(s)

2023-01-13 14:40:38 - [MESSAGE][PASSED] - Delayed 3 second(s)

2023-01-13 14:40:38 - [TEST_STEP][PASSED] - setText(findTestObject("Object Repository/06-Teams/For 2FA/input_Enter verification code_code"), code): Text '583028' is set on object 'Object Repository/06-Teams/For 2FA/input_Enter verification code_code'

2023-01-13 14:40:39 - [MESSAGE][PASSED] - Text '583028' is set on object 'Object Repository/06-Teams/For 2FA/input_Enter verification code_code'

2023-01-13 14:40:39 - [TEST_STEP][PASSED] - delay(3): Delayed 3 second(s)

2023-01-13 14:40:42 - [MESSAGE][PASSED] - Delayed 3 second(s)

2023-01-13 14:40:42 - [TEST_STEP][PASSED] - click(findTestObject("06-Teams/For 2FA/button_Verify_2FA")): Object: 'Object Repository/06-Teams/For 2FA/button_Verify_2FA' is clicked on

2023-01-13 14:40:43 - [MESSAGE][PASSED] - Object: 'Object Repository/06-Teams/For 2FA/button_Verify_2FA' is clicked on

2023-01-13 14:40:43 - [TEST_STEP][PASSED] - delay(5): Delayed 5 second(s)

2023-01-13 14:40:48 - [MESSAGE][PASSED] - Delayed 5 second(s)

2023-01-13 14:40:48 - [TEST_STEP][PASSED] - click(findTestObject("06-Teams/button_doublearrow")): Object: 'Object Repository/06-Teams/button_doublearrow' is clicked on

2023-01-13 14:40:50 - [MESSAGE][PASSED] - Object: 'Object Repository/06-Teams/button_doublearrow' is clicked on

2023-01-13 14:40:50 - [TEST_STEP][PASSED] - click(findTestObject("06-Teams/button_My Organizations")): Object: 'Object Repository/06-Teams/button_My Organizations' is clicked on

2023-01-13 14:40:51 - [MESSAGE][PASSED] - Object: 'Object Repository/06-Teams/button_My Organizations' is clicked on

2023-01-13 14:40:51 - [TEST_STEP][PASSED] - click(findTestObject("06-Teams/button_GG Automation")): Object: 'Object Repository/06-Teams/button_GG Automation' is clicked on

2023-01-13 14:40:52 - [MESSAGE][PASSED] - Object: 'Object Repository/06-Teams/button_GG Automation' is clicked on

2023-01-13 14:40:52 - [TEST_STEP][PASSED] - delay(4): Delayed 4 second(s)

2023-01-13 14:40:56 - [MESSAGE][PASSED] - Delayed 4 second(s)

2023-01-13 14:40:56 - [TEST_STEP][PASSED] - verifyElementVisible(findTestObject("06-Teams/span_GG Automation")): Object 'Object Repository/06-Teams/span_GG Automation' is visible

2023-01-13 14:40:56 - [MESSAGE][PASSED] - Object 'Object Repository/06-Teams/span_GG Automation' is visible

2023-01-13 14:40:56 - [TEST_STEP][PASSED] - delay(5): Delayed 5 second(s)

2023-01-13 14:41:01 - [MESSAGE][PASSED] - Delayed 5 second(s)

2023-01-13 14:41:01 - [TEST_STEP][PASSED] - click(findTestObject("03-Header Menu/Hamburger Button/div_Settings")): Object: 'Object Repository/03-Header Menu/Hamburger Button/div_Settings' is clicked on

2023-01-13 14:41:02 - [MESSAGE][PASSED] - Object: 'Object Repository/03-Header Menu/Hamburger Button/div_Settings' is clicked on

2023-01-13 14:41:02 - [TEST_STEP][PASSED] - delay(3): Delayed 3 second(s)

2023-01-13 14:41:05 - [MESSAGE][PASSED] - Delayed 3 second(s)

2023-01-13 14:41:05 - [TEST_STEP][PASSED] - scrollToElement(findTestObject("09-Settings/Users/div_Users"), 0): Scroll to object 'Object Repository/09-Settings/Users/div_Users' successfully

2023-01-13 14:41:05 - [MESSAGE][WARNING] - Timeout '0' is invalid. Using default page load timeout: '30'

2023-01-13 14:41:06 - [MESSAGE][PASSED] - Scroll to object 'Object Repository/09-Settings/Users/div_Users' successfully

2023-01-13 14:41:06 - [TEST_STEP][PASSED] - click(findTestObject("09-Settings/Users/div_Users")): Object: 'Object Repository/09-Settings/Users/div_Users' is clicked on

2023-01-13 14:41:08 - [MESSAGE][PASSED] - Object: 'Object Repository/09-Settings/Users/div_Users' is clicked on

2023-01-13 14:41:08 - [TEST_STEP][PASSED] - delay(3): Delayed 3 second(s)

2023-01-13 14:41:11 - [MESSAGE][PASSED] - Delayed 3 second(s)

2023-01-13 14:41:11 - [TEST_STEP][PASSED] - click(findTestObject("09-Settings/Users/button_add")): Object: 'Object Repository/09-Settings/Users/button_add' is clicked on

2023-01-13 14:41:12 - [MESSAGE][PASSED] - Object: 'Object Repository/09-Settings/Users/button_add' is clicked on

2023-01-13 14:41:12 - [TEST_STEP][PASSED] - delay(3): Delayed 3 second(s)

2023-01-13 14:41:15 - [MESSAGE][PASSED] - Delayed 3 second(s)

2023-01-13 14:41:15 - [TEST_STEP][PASSED] - click(findTestObject("09-Settings/Users/add Invite a single user")): Object: 'Object Repository/09-Settings/Users/add Invite a single user' is clicked on

2023-01-13 14:41:16 - [MESSAGE][PASSED] - Object: 'Object Repository/09-Settings/Users/add Invite a single user' is clicked on

2023-01-13 14:41:16 - [TEST_STEP][PASSED] - delay(3): Delayed 3 second(s)

2023-01-13 14:41:19 - [MESSAGE][PASSED] - Delayed 3 second(s)

2023-01-13 14:41:19 - [TEST_STEP][PASSED] - setText(findTestObject("09-Settings/Users/input_email"), "autotester09@mailinator.com"): Text 'autotester09@mailinator.com' is set on object 'Object Repository/09-Settings/Users/input_email'

2023-01-13 14:41:21 - [MESSAGE][PASSED] - Text 'autotester09@mailinator.com' is set on object 'Object Repository/09-Settings/Users/input_email'

2023-01-13 14:41:21 - [TEST_STEP][PASSED] - setText(findTestObject("09-Settings/Users/input_firstName"), "GG"): Text 'GG' is set on object 'Object Repository/09-Settings/Users/input_firstName'

2023-01-13 14:41:23 - [MESSAGE][PASSED] - Text 'GG' is set on object 'Object Repository/09-Settings/Users/input_firstName'

2023-01-13 14:41:23 - [TEST_STEP][PASSED] - setText(findTestObject("09-Settings/Users/input_lastName"), "Client"): Text 'Client' is set on object 'Object Repository/09-Settings/Users/input_lastName'

2023-01-13 14:41:25 - [MESSAGE][PASSED] - Text 'Client' is set on object 'Object Repository/09-Settings/Users/input_lastName'

2023-01-13 14:41:25 - [TEST_STEP][PASSED] - click(findTestObject("09-Settings/Users/span_Role")): Object: 'Object Repository/09-Settings/Users/span_Role' is clicked on

2023-01-13 14:41:26 - [MESSAGE][PASSED] - Object: 'Object Repository/09-Settings/Users/span_Role' is clicked on

2023-01-13 14:41:26 - [TEST_STEP][PASSED] - click(findTestObject("09-Settings/Users/span_Client")): Object: 'Object Repository/09-Settings/Users/span_Client' is clicked on

2023-01-13 14:41:27 - [MESSAGE][PASSED] - Object: 'Object Repository/09-Settings/Users/span_Client' is clicked on

2023-01-13 14:41:27 - [TEST_STEP][PASSED] - click(findTestObject("09-Settings/Users/button_Send Invitation")): Object: 'Object Repository/09-Settings/Users/button_Send Invitation' is clicked on

2023-01-13 14:41:29 - [MESSAGE][PASSED] - Object: 'Object Repository/09-Settings/Users/button_Send Invitation' is clicked on

2023-01-13 14:41:29 - [TEST_STEP][PASSED] - delay(2): Delayed 2 second(s)

2023-01-13 14:41:31 - [MESSAGE][PASSED] - Delayed 2 second(s)

2023-01-13 14:41:31 - [TEST_STEP][PASSED] - verifyElementVisible(findTestObject("07-Directory/Connections/zContact Profile/Successfully invited user")): Object 'Object Repository/07-Directory/Connections/zContact Profile/Successfully invited user' is visible

2023-01-13 14:41:33 - [MESSAGE][PASSED] - Object 'Object Repository/07-Directory/Connections/zContact Profile/Successfully invited user' is visible

2023-01-13 14:41:33 - [TEST_STEP][PASSED] - delay(2): Delayed 2 second(s)

2023-01-13 14:41:35 - [MESSAGE][PASSED] - Delayed 2 second(s)

2023-01-13 14:41:35 - [TEST_STEP][PASSED] - click(findTestObject("01-Login and Forgot Password/User menu drop")): Object: 'Object Repository/01-Login and Forgot Password/User menu drop' is clicked on

2023-01-13 14:41:36 - [MESSAGE][PASSED] - Object: 'Object Repository/01-Login and Forgot Password/User menu drop' is clicked on

2023-01-13 14:41:36 - [TEST_STEP][PASSED] - delay(2): Delayed 2 second(s)

2023-01-13 14:41:38 - [MESSAGE][PASSED] - Delayed 2 second(s)

2023-01-13 14:41:38 - [TEST_STEP][PASSED] - click(findTestObject("01-Login and Forgot Password/h4_Sign Out"), STOP_ON_FAILURE): Object: 'Object Repository/01-Login and Forgot Password/h4_Sign Out' is clicked on

2023-01-13 14:41:39 - [MESSAGE][PASSED] - Object: 'Object Repository/01-Login and Forgot Password/h4_Sign Out' is clicked on

2023-01-13 14:41:39 - [TEST_STEP][PASSED] - delay(2): Delayed 2 second(s)

2023-01-13 14:41:41 - [MESSAGE][PASSED] - Delayed 2 second(s)

2023-01-13 14:41:41 - [TEST_STEP][PASSED] - verifyElementPresent(findTestObject("01-Login and Forgot Password/Login_Card"), 0): Object 'Object Repository/01-Login and Forgot Password/Login_Card' is present

2023-01-13 14:41:41 - [MESSAGE][WARNING] - Timeout '0' is invalid. Using default page load timeout: '30'

2023-01-13 14:41:42 - [MESSAGE][PASSED] - Object 'Object Repository/01-Login and Forgot Password/Login_Card' is present

2023-01-13 14:41:42 - [TEST_STEP][PASSED] - delay(3): Delayed 3 second(s)

2023-01-13 14:41:45 - [MESSAGE][PASSED] - Delayed 3 second(s)

2023-01-13 14:41:45 - [TEST_STEP][PASSED] - closeBrowser(): Browser is closed

2023-01-13 14:41:46 - [MESSAGE][PASSED] - Browser is closed

2023-01-13 14:41:46 - [TEST_STEP][PASSED] - openBrowser(""): Browser is opened with url: ''

2023-01-13 14:41:46 - [MESSAGE][INFO] - Starting 'Chrome' driver

2023-01-13 14:41:46 - [MESSAGE][INFO] - Action delay is set to 0 milliseconds

2023-01-13 14:41:49 - [MESSAGE][PASSED] - Browser is opened with url: ''

2023-01-13 14:41:49 - [TEST_STEP][PASSED] - navigateToUrl("https://lab.everleagues.com/"): Navigate to 'https://lab.everleagues.com/' successfully

2023-01-13 14:42:08 - [MESSAGE][PASSED] - Navigate to 'https://lab.everleagues.com/' successfully

2023-01-13 14:42:08 - [TEST_STEP][PASSED] - maximizeWindow(): Current window maximized

2023-01-13 14:42:08 - [MESSAGE][PASSED] - Current window maximized

2023-01-13 14:42:08 - [TEST_STEP][PASSED] - setText(findTestObject("02-Side Icons(Organization)/Add Contact/Email Field"), "autotester09@mailinator.com"): Text 'autotester09@mailinator.com' is set on object 'Object Repository/02-Side Icons(Organization)/Add Contact/Email Field'

2023-01-13 14:42:10 - [MESSAGE][PASSED] - Text 'autotester09@mailinator.com' is set on object 'Object Repository/02-Side Icons(Organization)/Add Contact/Email Field'

2023-01-13 14:42:10 - [TEST_STEP][PASSED] - setEncryptedText(findTestObject("02-Side Icons(Organization)/Add Contact/Password Field"), "8yFRyszE6U6jvsCn51OQbg=="): Text ****** has been set on object 'Object Repository/02-Side Icons(Organization)/Add Contact/Password Field'

2023-01-13 14:42:12 - [MESSAGE][PASSED] - Text ****** has been set on object 'Object Repository/02-Side Icons(Organization)/Add Contact/Password Field'

2023-01-13 14:42:12 - [TEST_STEP][PASSED] - click(findTestObject("02-Side Icons(Organization)/Add Contact/button_Sign in")): Object: 'Object Repository/02-Side Icons(Organization)/Add Contact/button_Sign in' is clicked on

2023-01-13 14:42:13 - [MESSAGE][PASSED] - Object: 'Object Repository/02-Side Icons(Organization)/Add Contact/button_Sign in' is clicked on

2023-01-13 14:42:13 - [TEST_STEP][PASSED] - delay(2): Delayed 2 second(s)

2023-01-13 14:42:15 - [MESSAGE][PASSED] - Delayed 2 second(s)

2023-01-13 14:42:15 - [TEST_STEP][PASSED] - click(findTestObject("06-Teams/For 2FA/button_Confirm_2FA")): Object: 'Object Repository/06-Teams/For 2FA/button_Confirm_2FA' is clicked on

2023-01-13 14:42:15 - [MESSAGE][PASSED] - Object: 'Object Repository/06-Teams/For 2FA/button_Confirm_2FA' is clicked on

2023-01-13 14:42:15 - [TEST_STEP][PASSED] - executeJavaScript("window.open();", []): Execute JavaScript 'window.open();' successfully

2023-01-13 14:42:16 - [MESSAGE][PASSED] - Execute JavaScript 'window.open();' successfully

2023-01-13 14:42:16 - [TEST_STEP][PASSED] - currentWindow = getWindowIndex(): Current window's index is: 0

2023-01-13 14:42:16 - [MESSAGE][PASSED] - Current window's index is: 0

2023-01-13 14:42:16 - [TEST_STEP][PASSED] - delay(3): Delayed 3 second(s)

2023-01-13 14:42:19 - [MESSAGE][PASSED] - Delayed 3 second(s)

2023-01-13 14:42:19 - [TEST_STEP][PASSED] - switchToWindowIndex(currentWindow + 1): Switched to window with index: '1'

2023-01-13 14:42:19 - [MESSAGE][PASSED] - Switched to window with index: '1'

2023-01-13 14:42:19 - [TEST_STEP][PASSED] - navigateToUrl("https://www.mailinator.com/"): Navigate to 'https://www.mailinator.com/' successfully

2023-01-13 14:42:27 - [MESSAGE][PASSED] - Navigate to 'https://www.mailinator.com/' successfully

2023-01-13 14:42:27 - [TEST_STEP][PASSED] - delay(3): Delayed 3 second(s)

2023-01-13 14:42:30 - [MESSAGE][PASSED] - Delayed 3 second(s)

2023-01-13 14:42:30 - [TEST_STEP][PASSED] - setText(findTestObject("00-Signup and Activation/zMailinator/input_LOGIN_search"), "autotester09@mailinator.com"): Text 'autotester09@mailinator.com' is set on object 'Object Repository/00-Signup and Activation/zMailinator/input_LOGIN_search'

2023-01-13 14:42:32 - [MESSAGE][PASSED] - Text 'autotester09@mailinator.com' is set on object 'Object Repository/00-Signup and Activation/zMailinator/input_LOGIN_search'

2023-01-13 14:42:32 - [TEST_STEP][PASSED] - click(findTestObject("00-Signup and Activation/zMailinator/gobutton"), STOP_ON_FAILURE): Object: 'Object Repository/00-Signup and Activation/zMailinator/gobutton' is clicked on

2023-01-13 14:42:35 - [MESSAGE][PASSED] - Object: 'Object Repository/00-Signup and Activation/zMailinator/gobutton' is clicked on

2023-01-13 14:42:35 - [TEST_STEP][PASSED] - delay(3): Delayed 3 second(s)

2023-01-13 14:42:38 - [MESSAGE][PASSED] - Delayed 3 second(s)

2023-01-13 14:42:38 - [TEST_STEP][PASSED] - click(findTestObject("00-Signup and Activation/zMailinator/Email - everleagues")): Object: 'Object Repository/00-Signup and Activation/zMailinator/Email - everleagues' is clicked on

2023-01-13 14:42:38 - [MESSAGE][PASSED] - Object: 'Object Repository/00-Signup and Activation/zMailinator/Email - everleagues' is clicked on

2023-01-13 14:42:38 - [TEST_STEP][PASSED] - delay(3): Delayed 3 second(s)

2023-01-13 14:42:41 - [MESSAGE][PASSED] - Delayed 3 second(s)

2023-01-13 14:42:41 - [TEST_STEP][PASSED] - codetwo = getText(findTestObject("Object Repository/06-Teams/For 2FA/2FA code")): Text of object 'Object Repository/06-Teams/For 2FA/2FA code' is: '639558'

2023-01-13 14:42:42 - [MESSAGE][PASSED] - Text of object 'Object Repository/06-Teams/For 2FA/2FA code' is: '639558'

2023-01-13 14:42:42 - [TEST_STEP][PASSED] - delay(3): Delayed 3 second(s)

2023-01-13 14:42:45 - [MESSAGE][PASSED] - Delayed 3 second(s)

2023-01-13 14:42:45 - [TEST_STEP][PASSED] - closeWindowTitle("Mailinator"): Window with title: 'Mailinator' is closed

2023-01-13 14:42:46 - [MESSAGE][PASSED] - Window with title: 'Mailinator' is closed

2023-01-13 14:42:46 - [TEST_STEP][PASSED] - delay(3): Delayed 3 second(s)

2023-01-13 14:42:49 - [MESSAGE][PASSED] - Delayed 3 second(s)

2023-01-13 14:42:49 - [TEST_STEP][PASSED] - switchToWindowIndex(0): Switched to window with index: '0'

2023-01-13 14:42:49 - [MESSAGE][PASSED] - Switched to window with index: '0'

2023-01-13 14:42:49 - [TEST_STEP][PASSED] - delay(3): Delayed 3 second(s)

2023-01-13 14:42:52 - [MESSAGE][PASSED] - Delayed 3 second(s)

2023-01-13 14:42:52 - [TEST_STEP][PASSED] - setText(findTestObject("Object Repository/06-Teams/For 2FA/input_Enter verification code_code"), codetwo): Text '639558' is set on object 'Object Repository/06-Teams/For 2FA/input_Enter verification code_code'

2023-01-13 14:42:53 - [MESSAGE][PASSED] - Text '639558' is set on object 'Object Repository/06-Teams/For 2FA/input_Enter verification code_code'

2023-01-13 14:42:53 - [TEST_STEP][PASSED] - delay(3): Delayed 3 second(s)

2023-01-13 14:42:56 - [MESSAGE][PASSED] - Delayed 3 second(s)

2023-01-13 14:42:56 - [TEST_STEP][PASSED] - click(findTestObject("06-Teams/For 2FA/button_Verify_2FA")): Object: 'Object Repository/06-Teams/For 2FA/button_Verify_2FA' is clicked on

2023-01-13 14:42:57 - [MESSAGE][PASSED] - Object: 'Object Repository/06-Teams/For 2FA/button_Verify_2FA' is clicked on

2023-01-13 14:42:57 - [TEST_STEP][PASSED] - delay(5): Delayed 5 second(s)

2023-01-13 14:43:02 - [MESSAGE][PASSED] - Delayed 5 second(s)

2023-01-13 14:43:02 - [TEST_STEP][PASSED] - executeJavaScript("window.open();", []): Execute JavaScript 'window.open();' successfully

2023-01-13 14:43:03 - [MESSAGE][PASSED] - Execute JavaScript 'window.open();' successfully

2023-01-13 14:43:03 - [TEST_STEP][PASSED] - currentWindow = getWindowIndex(): Current window's index is: 0

2023-01-13 14:43:03 - [MESSAGE][PASSED] - Current window's index is: 0

2023-01-13 14:43:03 - [TEST_STEP][PASSED] - delay(3): Delayed 3 second(s)

2023-01-13 14:43:06 - [MESSAGE][PASSED] - Delayed 3 second(s)

2023-01-13 14:43:06 - [TEST_STEP][PASSED] - switchToWindowIndex(currentWindow + 1): Switched to window with index: '1'

2023-01-13 14:43:06 - [MESSAGE][PASSED] - Switched to window with index: '1'

2023-01-13 14:43:06 - [TEST_STEP][PASSED] - navigateToUrl("https://www.mailinator.com/"): Navigate to 'https://www.mailinator.com/' successfully

2023-01-13 14:43:13 - [MESSAGE][PASSED] - Navigate to 'https://www.mailinator.com/' successfully

2023-01-13 14:43:13 - [TEST_STEP][PASSED] - delay(3): Delayed 3 second(s)

2023-01-13 14:43:16 - [MESSAGE][PASSED] - Delayed 3 second(s)

2023-01-13 14:43:16 - [TEST_STEP][PASSED] - setText(findTestObject("00-Signup and Activation/zMailinator/input_LOGIN_search"), "autotester09@mailinator.com"): Text 'autotester09@mailinator.com' is set on object 'Object Repository/00-Signup and Activation/zMailinator/input_LOGIN_search'

2023-01-13 14:43:18 - [MESSAGE][PASSED] - Text 'autotester09@mailinator.com' is set on object 'Object Repository/00-Signup and Activation/zMailinator/input_LOGIN_search'

2023-01-13 14:43:18 - [TEST_STEP][PASSED] - click(findTestObject("00-Signup and Activation/zMailinator/gobutton"), STOP_ON_FAILURE): Object: 'Object Repository/00-Signup and Activation/zMailinator/gobutton' is clicked on

2023-01-13 14:43:21 - [MESSAGE][PASSED] - Object: 'Object Repository/00-Signup and Activation/zMailinator/gobutton' is clicked on

2023-01-13 14:43:21 - [TEST_STEP][PASSED] - delay(3): Delayed 3 second(s)

2023-01-13 14:43:24 - [MESSAGE][PASSED] - Delayed 3 second(s)

2023-01-13 14:43:24 - [TEST_STEP][PASSED] - closeWindowTitle("Everleagues"): Window with title: 'Everleagues' is closed

2023-01-13 14:43:24 - [MESSAGE][PASSED] - Window with title: 'Everleagues' is closed

2023-01-13 14:43:24 - [TEST_STEP][PASSED] - switchToWindowIndex(0): Switched to window with index: '0'

2023-01-13 14:43:24 - [MESSAGE][PASSED] - Switched to window with index: '0'

2023-01-13 14:43:24 - [TEST_STEP][PASSED] - click(findTestObject("09-Settings/Users/Co worker/td_Invitation from GG Automation")): Object: 'Object Repository/09-Settings/Users/Co worker/td_Invitation from GG Automation' is clicked on

2023-01-13 14:43:25 - [MESSAGE][PASSED] - Object: 'Object Repository/09-Settings/Users/Co worker/td_Invitation from GG Automation' is clicked on

2023-01-13 14:43:25 - [TEST_STEP][PASSED] - click(findTestObject("09-Settings/Users/Co worker/a_Click here to join GG Automation on EverLeagues")): Object: 'Object Repository/09-Settings/Users/Co worker/a_Click here to join GG Automation on EverLeagues' is clicked on

2023-01-13 14:43:27 - [MESSAGE][PASSED] - Object: 'Object Repository/09-Settings/Users/Co worker/a_Click here to join GG Automation on EverLeagues' is clicked on

2023-01-13 14:43:27 - [TEST_STEP][PASSED] - closeWindowTitle("Mailinator"): Window with title: 'Mailinator' is closed

2023-01-13 14:43:27 - [MESSAGE][PASSED] - Window with title: 'Mailinator' is closed

2023-01-13 14:43:27 - [TEST_STEP][PASSED] - switchToWindowIndex(0): Switched to window with index: '0'

2023-01-13 14:43:27 - [MESSAGE][PASSED] - Switched to window with index: '0'

2023-01-13 14:43:27 - [TEST_STEP][PASSED] - verifyElementVisible(findTestObject("09-Settings/Users/Client/Invite modal")): Object 'Object Repository/09-Settings/Users/Client/Invite modal' is visible

2023-01-13 14:43:50 - [MESSAGE][PASSED] - Object 'Object Repository/09-Settings/Users/Client/Invite modal' is visible

2023-01-13 14:43:50 - [TEST_STEP][PASSED] - setText(findTestObject("09-Settings/Users/Client/Company field"), "QA Company"): Text 'QA Company' is set on object 'Object Repository/09-Settings/Users/Client/Company field'

2023-01-13 14:43:52 - [MESSAGE][PASSED] - Text 'QA Company' is set on object 'Object Repository/09-Settings/Users/Client/Company field'

2023-01-13 14:43:52 - [TEST_STEP][PASSED] - click(findTestObject("09-Settings/Users/Client/button_Accept")): Object: 'Object Repository/09-Settings/Users/Client/button_Accept' is clicked on

2023-01-13 14:43:53 - [MESSAGE][PASSED] - Object: 'Object Repository/09-Settings/Users/Client/button_Accept' is clicked on

2023-01-13 14:43:53 - [TEST_STEP][PASSED] - delay(5): Delayed 5 second(s)

2023-01-13 14:43:58 - [MESSAGE][PASSED] - Delayed 5 second(s)

2023-01-13 14:43:58 - [TEST_STEP][PASSED] - verifyElementVisible(findTestObject("09-Settings/Users/Client/div_Joined as CLIENT")): Object 'Object Repository/09-Settings/Users/Client/div_Joined as CLIENT' is visible

2023-01-13 14:44:01 - [MESSAGE][PASSED] - Object 'Object Repository/09-Settings/Users/Client/div_Joined as CLIENT' is visible

2023-01-13 14:44:01 - [TEST_STEP][PASSED] - delay(3): Delayed 3 second(s)

2023-01-13 14:44:04 - [MESSAGE][PASSED] - Delayed 3 second(s)

2023-01-13 14:44:04 - [TEST_STEP][PASSED] - closeBrowser(): Browser is closed

2023-01-13 14:44:05 - [MESSAGE][PASSED] - Browser is closed]]></system-out>
         <system-err><![CDATA[]]></system-err>
      </testcase>
      <testcase name="Test Cases/09-Settings/04 - Users (Invite new user as partner)" time="271.862" classname="Test Cases/09-Settings/04 - Users (Invite new user as partner)" status="PASSED">
         <system-out><![CDATA[2023-01-13 14:44:05 - [TEST_CASE][PASSED] - Test Cases/09-Settings/04 - Users (Invite new user as partner): Test Cases/09-Settings/04 - Users (Invite new user as partner)

2023-01-13 14:44:08 - [TEST_STEP][PASSED] - openBrowser(""): Browser is opened with url: ''

2023-01-13 14:44:08 - [MESSAGE][INFO] - Starting 'Chrome' driver

2023-01-13 14:44:08 - [MESSAGE][INFO] - Action delay is set to 0 milliseconds

2023-01-13 14:44:11 - [MESSAGE][PASSED] - Browser is opened with url: ''

2023-01-13 14:44:11 - [TEST_STEP][PASSED] - navigateToUrl("https://lab.everleagues.com/"): Navigate to 'https://lab.everleagues.com/' successfully

2023-01-13 14:44:30 - [MESSAGE][PASSED] - Navigate to 'https://lab.everleagues.com/' successfully

2023-01-13 14:44:30 - [TEST_STEP][PASSED] - maximizeWindow(): Current window maximized

2023-01-13 14:44:30 - [MESSAGE][PASSED] - Current window maximized

2023-01-13 14:44:30 - [TEST_STEP][PASSED] - setText(findTestObject("02-Side Icons(Organization)/Add Contact/Email Field"), "testuser02@mailinator.com"): Text 'testuser02@mailinator.com' is set on object 'Object Repository/02-Side Icons(Organization)/Add Contact/Email Field'

2023-01-13 14:44:33 - [MESSAGE][PASSED] - Text 'testuser02@mailinator.com' is set on object 'Object Repository/02-Side Icons(Organization)/Add Contact/Email Field'

2023-01-13 14:44:33 - [TEST_STEP][PASSED] - setEncryptedText(findTestObject("02-Side Icons(Organization)/Add Contact/Password Field"), "8yFRyszE6U6jvsCn51OQbg=="): Text ****** has been set on object 'Object Repository/02-Side Icons(Organization)/Add Contact/Password Field'

2023-01-13 14:44:34 - [MESSAGE][PASSED] - Text ****** has been set on object 'Object Repository/02-Side Icons(Organization)/Add Contact/Password Field'

2023-01-13 14:44:34 - [TEST_STEP][PASSED] - click(findTestObject("02-Side Icons(Organization)/Add Contact/button_Sign in")): Object: 'Object Repository/02-Side Icons(Organization)/Add Contact/button_Sign in' is clicked on

2023-01-13 14:44:35 - [MESSAGE][PASSED] - Object: 'Object Repository/02-Side Icons(Organization)/Add Contact/button_Sign in' is clicked on

2023-01-13 14:44:35 - [TEST_STEP][PASSED] - delay(2): Delayed 2 second(s)

2023-01-13 14:44:37 - [MESSAGE][PASSED] - Delayed 2 second(s)

2023-01-13 14:44:37 - [TEST_STEP][PASSED] - click(findTestObject("06-Teams/For 2FA/button_Confirm_2FA")): Object: 'Object Repository/06-Teams/For 2FA/button_Confirm_2FA' is clicked on

2023-01-13 14:44:37 - [MESSAGE][PASSED] - Object: 'Object Repository/06-Teams/For 2FA/button_Confirm_2FA' is clicked on

2023-01-13 14:44:37 - [TEST_STEP][PASSED] - executeJavaScript("window.open();", []): Execute JavaScript 'window.open();' successfully

2023-01-13 14:44:38 - [MESSAGE][PASSED] - Execute JavaScript 'window.open();' successfully

2023-01-13 14:44:38 - [TEST_STEP][PASSED] - currentWindow = getWindowIndex(): Current window's index is: 0

2023-01-13 14:44:38 - [MESSAGE][PASSED] - Current window's index is: 0

2023-01-13 14:44:38 - [TEST_STEP][PASSED] - delay(3): Delayed 3 second(s)

2023-01-13 14:44:41 - [MESSAGE][PASSED] - Delayed 3 second(s)

2023-01-13 14:44:41 - [TEST_STEP][PASSED] - switchToWindowIndex(currentWindow + 1): Switched to window with index: '1'

2023-01-13 14:44:41 - [MESSAGE][PASSED] - Switched to window with index: '1'

2023-01-13 14:44:41 - [TEST_STEP][PASSED] - navigateToUrl("https://www.mailinator.com/"): Navigate to 'https://www.mailinator.com/' successfully

2023-01-13 14:44:49 - [MESSAGE][PASSED] - Navigate to 'https://www.mailinator.com/' successfully

2023-01-13 14:44:49 - [TEST_STEP][PASSED] - delay(3): Delayed 3 second(s)

2023-01-13 14:44:52 - [MESSAGE][PASSED] - Delayed 3 second(s)

2023-01-13 14:44:52 - [TEST_STEP][PASSED] - setText(findTestObject("00-Signup and Activation/zMailinator/input_LOGIN_search"), "testuser02@mailinator.com"): Text 'testuser02@mailinator.com' is set on object 'Object Repository/00-Signup and Activation/zMailinator/input_LOGIN_search'

2023-01-13 14:44:53 - [MESSAGE][PASSED] - Text 'testuser02@mailinator.com' is set on object 'Object Repository/00-Signup and Activation/zMailinator/input_LOGIN_search'

2023-01-13 14:44:53 - [TEST_STEP][PASSED] - click(findTestObject("00-Signup and Activation/zMailinator/gobutton"), STOP_ON_FAILURE): Object: 'Object Repository/00-Signup and Activation/zMailinator/gobutton' is clicked on

2023-01-13 14:44:57 - [MESSAGE][PASSED] - Object: 'Object Repository/00-Signup and Activation/zMailinator/gobutton' is clicked on

2023-01-13 14:44:57 - [TEST_STEP][PASSED] - delay(3): Delayed 3 second(s)

2023-01-13 14:45:00 - [MESSAGE][PASSED] - Delayed 3 second(s)

2023-01-13 14:45:00 - [TEST_STEP][PASSED] - click(findTestObject("00-Signup and Activation/zMailinator/Email - everleagues")): Object: 'Object Repository/00-Signup and Activation/zMailinator/Email - everleagues' is clicked on

2023-01-13 14:45:01 - [MESSAGE][PASSED] - Object: 'Object Repository/00-Signup and Activation/zMailinator/Email - everleagues' is clicked on

2023-01-13 14:45:01 - [TEST_STEP][PASSED] - delay(3): Delayed 3 second(s)

2023-01-13 14:45:04 - [MESSAGE][PASSED] - Delayed 3 second(s)

2023-01-13 14:45:04 - [TEST_STEP][PASSED] - code = getText(findTestObject("Object Repository/06-Teams/For 2FA/2FA code")): Text of object 'Object Repository/06-Teams/For 2FA/2FA code' is: '161763'

2023-01-13 14:45:05 - [MESSAGE][PASSED] - Text of object 'Object Repository/06-Teams/For 2FA/2FA code' is: '161763'

2023-01-13 14:45:05 - [TEST_STEP][PASSED] - delay(3): Delayed 3 second(s)

2023-01-13 14:45:08 - [MESSAGE][PASSED] - Delayed 3 second(s)

2023-01-13 14:45:08 - [TEST_STEP][PASSED] - closeWindowTitle("Mailinator"): Window with title: 'Mailinator' is closed

2023-01-13 14:45:08 - [MESSAGE][PASSED] - Window with title: 'Mailinator' is closed

2023-01-13 14:45:08 - [TEST_STEP][PASSED] - delay(3): Delayed 3 second(s)

2023-01-13 14:45:11 - [MESSAGE][PASSED] - Delayed 3 second(s)

2023-01-13 14:45:11 - [TEST_STEP][PASSED] - switchToWindowIndex(0): Switched to window with index: '0'

2023-01-13 14:45:11 - [MESSAGE][PASSED] - Switched to window with index: '0'

2023-01-13 14:45:11 - [TEST_STEP][PASSED] - delay(3): Delayed 3 second(s)

2023-01-13 14:45:14 - [MESSAGE][PASSED] - Delayed 3 second(s)

2023-01-13 14:45:14 - [TEST_STEP][PASSED] - setText(findTestObject("Object Repository/06-Teams/For 2FA/input_Enter verification code_code"), code): Text '161763' is set on object 'Object Repository/06-Teams/For 2FA/input_Enter verification code_code'

2023-01-13 14:45:16 - [MESSAGE][PASSED] - Text '161763' is set on object 'Object Repository/06-Teams/For 2FA/input_Enter verification code_code'

2023-01-13 14:45:16 - [TEST_STEP][PASSED] - delay(3): Delayed 3 second(s)

2023-01-13 14:45:19 - [MESSAGE][PASSED] - Delayed 3 second(s)

2023-01-13 14:45:19 - [TEST_STEP][PASSED] - click(findTestObject("06-Teams/For 2FA/button_Verify_2FA")): Object: 'Object Repository/06-Teams/For 2FA/button_Verify_2FA' is clicked on

2023-01-13 14:45:20 - [MESSAGE][PASSED] - Object: 'Object Repository/06-Teams/For 2FA/button_Verify_2FA' is clicked on

2023-01-13 14:45:20 - [TEST_STEP][PASSED] - delay(5): Delayed 5 second(s)

2023-01-13 14:45:25 - [MESSAGE][PASSED] - Delayed 5 second(s)

2023-01-13 14:45:25 - [TEST_STEP][PASSED] - click(findTestObject("06-Teams/button_doublearrow")): Object: 'Object Repository/06-Teams/button_doublearrow' is clicked on

2023-01-13 14:45:28 - [MESSAGE][PASSED] - Object: 'Object Repository/06-Teams/button_doublearrow' is clicked on

2023-01-13 14:45:28 - [TEST_STEP][PASSED] - click(findTestObject("06-Teams/button_My Organizations")): Object: 'Object Repository/06-Teams/button_My Organizations' is clicked on

2023-01-13 14:45:29 - [MESSAGE][PASSED] - Object: 'Object Repository/06-Teams/button_My Organizations' is clicked on

2023-01-13 14:45:29 - [TEST_STEP][PASSED] - click(findTestObject("06-Teams/button_GG Automation")): Object: 'Object Repository/06-Teams/button_GG Automation' is clicked on

2023-01-13 14:45:30 - [MESSAGE][PASSED] - Object: 'Object Repository/06-Teams/button_GG Automation' is clicked on

2023-01-13 14:45:30 - [TEST_STEP][PASSED] - delay(4): Delayed 4 second(s)

2023-01-13 14:45:34 - [MESSAGE][PASSED] - Delayed 4 second(s)

2023-01-13 14:45:34 - [TEST_STEP][PASSED] - verifyElementVisible(findTestObject("06-Teams/span_GG Automation")): Object 'Object Repository/06-Teams/span_GG Automation' is visible

2023-01-13 14:45:34 - [MESSAGE][PASSED] - Object 'Object Repository/06-Teams/span_GG Automation' is visible

2023-01-13 14:45:34 - [TEST_STEP][PASSED] - delay(5): Delayed 5 second(s)

2023-01-13 14:45:40 - [MESSAGE][PASSED] - Delayed 5 second(s)

2023-01-13 14:45:40 - [TEST_STEP][PASSED] - click(findTestObject("03-Header Menu/Hamburger Button/div_Settings")): Object: 'Object Repository/03-Header Menu/Hamburger Button/div_Settings' is clicked on

2023-01-13 14:45:40 - [MESSAGE][PASSED] - Object: 'Object Repository/03-Header Menu/Hamburger Button/div_Settings' is clicked on

2023-01-13 14:45:40 - [TEST_STEP][PASSED] - delay(3): Delayed 3 second(s)

2023-01-13 14:45:43 - [MESSAGE][PASSED] - Delayed 3 second(s)

2023-01-13 14:45:43 - [TEST_STEP][PASSED] - scrollToElement(findTestObject("09-Settings/Users/div_Users"), 0): Scroll to object 'Object Repository/09-Settings/Users/div_Users' successfully

2023-01-13 14:45:44 - [MESSAGE][WARNING] - Timeout '0' is invalid. Using default page load timeout: '30'

2023-01-13 14:45:44 - [MESSAGE][PASSED] - Scroll to object 'Object Repository/09-Settings/Users/div_Users' successfully

2023-01-13 14:45:44 - [TEST_STEP][PASSED] - click(findTestObject("09-Settings/Users/div_Users")): Object: 'Object Repository/09-Settings/Users/div_Users' is clicked on

2023-01-13 14:45:46 - [MESSAGE][PASSED] - Object: 'Object Repository/09-Settings/Users/div_Users' is clicked on

2023-01-13 14:45:46 - [TEST_STEP][PASSED] - delay(3): Delayed 3 second(s)

2023-01-13 14:45:49 - [MESSAGE][PASSED] - Delayed 3 second(s)

2023-01-13 14:45:49 - [TEST_STEP][PASSED] - click(findTestObject("09-Settings/Users/button_add")): Object: 'Object Repository/09-Settings/Users/button_add' is clicked on

2023-01-13 14:45:50 - [MESSAGE][PASSED] - Object: 'Object Repository/09-Settings/Users/button_add' is clicked on

2023-01-13 14:45:50 - [TEST_STEP][PASSED] - delay(3): Delayed 3 second(s)

2023-01-13 14:45:53 - [MESSAGE][PASSED] - Delayed 3 second(s)

2023-01-13 14:45:53 - [TEST_STEP][PASSED] - click(findTestObject("09-Settings/Users/add Invite a single user")): Object: 'Object Repository/09-Settings/Users/add Invite a single user' is clicked on

2023-01-13 14:45:54 - [MESSAGE][PASSED] - Object: 'Object Repository/09-Settings/Users/add Invite a single user' is clicked on

2023-01-13 14:45:54 - [TEST_STEP][PASSED] - delay(3): Delayed 3 second(s)

2023-01-13 14:45:57 - [MESSAGE][PASSED] - Delayed 3 second(s)

2023-01-13 14:45:57 - [TEST_STEP][PASSED] - setText(findTestObject("09-Settings/Users/input_email"), "autotester10@mailinator.com"): Text 'autotester10@mailinator.com' is set on object 'Object Repository/09-Settings/Users/input_email'

2023-01-13 14:46:00 - [MESSAGE][PASSED] - Text 'autotester10@mailinator.com' is set on object 'Object Repository/09-Settings/Users/input_email'

2023-01-13 14:46:00 - [TEST_STEP][PASSED] - setText(findTestObject("09-Settings/Users/input_firstName"), "GG"): Text 'GG' is set on object 'Object Repository/09-Settings/Users/input_firstName'

2023-01-13 14:46:02 - [MESSAGE][PASSED] - Text 'GG' is set on object 'Object Repository/09-Settings/Users/input_firstName'

2023-01-13 14:46:02 - [TEST_STEP][PASSED] - setText(findTestObject("09-Settings/Users/input_lastName"), "Partner"): Text 'Partner' is set on object 'Object Repository/09-Settings/Users/input_lastName'

2023-01-13 14:46:04 - [MESSAGE][PASSED] - Text 'Partner' is set on object 'Object Repository/09-Settings/Users/input_lastName'

2023-01-13 14:46:04 - [TEST_STEP][PASSED] - click(findTestObject("09-Settings/Users/span_Role")): Object: 'Object Repository/09-Settings/Users/span_Role' is clicked on

2023-01-13 14:46:05 - [MESSAGE][PASSED] - Object: 'Object Repository/09-Settings/Users/span_Role' is clicked on

2023-01-13 14:46:05 - [TEST_STEP][PASSED] - click(findTestObject("09-Settings/Users/span_Partner")): Object: 'Object Repository/09-Settings/Users/span_Partner' is clicked on

2023-01-13 14:46:06 - [MESSAGE][PASSED] - Object: 'Object Repository/09-Settings/Users/span_Partner' is clicked on

2023-01-13 14:46:06 - [TEST_STEP][PASSED] - click(findTestObject("09-Settings/Users/button_Send Invitation")): Object: 'Object Repository/09-Settings/Users/button_Send Invitation' is clicked on

2023-01-13 14:46:08 - [MESSAGE][PASSED] - Object: 'Object Repository/09-Settings/Users/button_Send Invitation' is clicked on

2023-01-13 14:46:08 - [TEST_STEP][PASSED] - delay(2): Delayed 2 second(s)

2023-01-13 14:46:10 - [MESSAGE][PASSED] - Delayed 2 second(s)

2023-01-13 14:46:10 - [TEST_STEP][PASSED] - verifyElementVisible(findTestObject("07-Directory/Connections/zContact Profile/Successfully invited user")): Object 'Object Repository/07-Directory/Connections/zContact Profile/Successfully invited user' is visible

2023-01-13 14:46:13 - [MESSAGE][PASSED] - Object 'Object Repository/07-Directory/Connections/zContact Profile/Successfully invited user' is visible

2023-01-13 14:46:13 - [TEST_STEP][PASSED] - delay(2): Delayed 2 second(s)

2023-01-13 14:46:15 - [MESSAGE][PASSED] - Delayed 2 second(s)

2023-01-13 14:46:15 - [TEST_STEP][PASSED] - click(findTestObject("01-Login and Forgot Password/User menu drop")): Object: 'Object Repository/01-Login and Forgot Password/User menu drop' is clicked on

2023-01-13 14:46:16 - [MESSAGE][PASSED] - Object: 'Object Repository/01-Login and Forgot Password/User menu drop' is clicked on

2023-01-13 14:46:16 - [TEST_STEP][PASSED] - delay(2): Delayed 2 second(s)

2023-01-13 14:46:18 - [MESSAGE][PASSED] - Delayed 2 second(s)

2023-01-13 14:46:18 - [TEST_STEP][PASSED] - click(findTestObject("01-Login and Forgot Password/h4_Sign Out"), STOP_ON_FAILURE): Object: 'Object Repository/01-Login and Forgot Password/h4_Sign Out' is clicked on

2023-01-13 14:46:19 - [MESSAGE][PASSED] - Object: 'Object Repository/01-Login and Forgot Password/h4_Sign Out' is clicked on

2023-01-13 14:46:19 - [TEST_STEP][PASSED] - delay(2): Delayed 2 second(s)

2023-01-13 14:46:21 - [MESSAGE][PASSED] - Delayed 2 second(s)

2023-01-13 14:46:21 - [TEST_STEP][PASSED] - verifyElementPresent(findTestObject("01-Login and Forgot Password/Login_Card"), 0): Object 'Object Repository/01-Login and Forgot Password/Login_Card' is present

2023-01-13 14:46:22 - [MESSAGE][WARNING] - Timeout '0' is invalid. Using default page load timeout: '30'

2023-01-13 14:46:22 - [MESSAGE][PASSED] - Object 'Object Repository/01-Login and Forgot Password/Login_Card' is present

2023-01-13 14:46:22 - [TEST_STEP][PASSED] - delay(3): Delayed 3 second(s)

2023-01-13 14:46:25 - [MESSAGE][PASSED] - Delayed 3 second(s)

2023-01-13 14:46:25 - [TEST_STEP][PASSED] - closeBrowser(): Browser is closed

2023-01-13 14:46:27 - [MESSAGE][PASSED] - Browser is closed

2023-01-13 14:46:27 - [TEST_STEP][PASSED] - openBrowser(""): Browser is opened with url: ''

2023-01-13 14:46:27 - [MESSAGE][INFO] - Starting 'Chrome' driver

2023-01-13 14:46:27 - [MESSAGE][INFO] - Action delay is set to 0 milliseconds

2023-01-13 14:46:29 - [MESSAGE][PASSED] - Browser is opened with url: ''

2023-01-13 14:46:29 - [TEST_STEP][PASSED] - navigateToUrl("https://lab.everleagues.com/"): Navigate to 'https://lab.everleagues.com/' successfully

2023-01-13 14:46:47 - [MESSAGE][PASSED] - Navigate to 'https://lab.everleagues.com/' successfully

2023-01-13 14:46:47 - [TEST_STEP][PASSED] - maximizeWindow(): Current window maximized

2023-01-13 14:46:48 - [MESSAGE][PASSED] - Current window maximized

2023-01-13 14:46:48 - [TEST_STEP][PASSED] - setText(findTestObject("02-Side Icons(Organization)/Add Contact/Email Field"), "autotester10@mailinator.com"): Text 'autotester10@mailinator.com' is set on object 'Object Repository/02-Side Icons(Organization)/Add Contact/Email Field'

2023-01-13 14:46:49 - [MESSAGE][PASSED] - Text 'autotester10@mailinator.com' is set on object 'Object Repository/02-Side Icons(Organization)/Add Contact/Email Field'

2023-01-13 14:46:49 - [TEST_STEP][PASSED] - setEncryptedText(findTestObject("02-Side Icons(Organization)/Add Contact/Password Field"), "8yFRyszE6U6jvsCn51OQbg=="): Text ****** has been set on object 'Object Repository/02-Side Icons(Organization)/Add Contact/Password Field'

2023-01-13 14:46:50 - [MESSAGE][PASSED] - Text ****** has been set on object 'Object Repository/02-Side Icons(Organization)/Add Contact/Password Field'

2023-01-13 14:46:50 - [TEST_STEP][PASSED] - click(findTestObject("02-Side Icons(Organization)/Add Contact/button_Sign in")): Object: 'Object Repository/02-Side Icons(Organization)/Add Contact/button_Sign in' is clicked on

2023-01-13 14:46:51 - [MESSAGE][PASSED] - Object: 'Object Repository/02-Side Icons(Organization)/Add Contact/button_Sign in' is clicked on

2023-01-13 14:46:51 - [TEST_STEP][PASSED] - delay(2): Delayed 2 second(s)

2023-01-13 14:46:53 - [MESSAGE][PASSED] - Delayed 2 second(s)

2023-01-13 14:46:53 - [TEST_STEP][PASSED] - click(findTestObject("06-Teams/For 2FA/button_Confirm_2FA")): Object: 'Object Repository/06-Teams/For 2FA/button_Confirm_2FA' is clicked on

2023-01-13 14:46:54 - [MESSAGE][PASSED] - Object: 'Object Repository/06-Teams/For 2FA/button_Confirm_2FA' is clicked on

2023-01-13 14:46:54 - [TEST_STEP][PASSED] - executeJavaScript("window.open();", []): Execute JavaScript 'window.open();' successfully

2023-01-13 14:46:54 - [MESSAGE][PASSED] - Execute JavaScript 'window.open();' successfully

2023-01-13 14:46:54 - [TEST_STEP][PASSED] - currentWindow = getWindowIndex(): Current window's index is: 0

2023-01-13 14:46:54 - [MESSAGE][PASSED] - Current window's index is: 0

2023-01-13 14:46:54 - [TEST_STEP][PASSED] - delay(3): Delayed 3 second(s)

2023-01-13 14:46:57 - [MESSAGE][PASSED] - Delayed 3 second(s)

2023-01-13 14:46:57 - [TEST_STEP][PASSED] - switchToWindowIndex(currentWindow + 1): Switched to window with index: '1'

2023-01-13 14:46:57 - [MESSAGE][PASSED] - Switched to window with index: '1'

2023-01-13 14:46:57 - [TEST_STEP][PASSED] - navigateToUrl("https://www.mailinator.com/"): Navigate to 'https://www.mailinator.com/' successfully

2023-01-13 14:47:05 - [MESSAGE][PASSED] - Navigate to 'https://www.mailinator.com/' successfully

2023-01-13 14:47:05 - [TEST_STEP][PASSED] - delay(3): Delayed 3 second(s)

2023-01-13 14:47:08 - [MESSAGE][PASSED] - Delayed 3 second(s)

2023-01-13 14:47:08 - [TEST_STEP][PASSED] - setText(findTestObject("00-Signup and Activation/zMailinator/input_LOGIN_search"), "autotester10@mailinator.com"): Text 'autotester10@mailinator.com' is set on object 'Object Repository/00-Signup and Activation/zMailinator/input_LOGIN_search'

2023-01-13 14:47:10 - [MESSAGE][PASSED] - Text 'autotester10@mailinator.com' is set on object 'Object Repository/00-Signup and Activation/zMailinator/input_LOGIN_search'

2023-01-13 14:47:10 - [TEST_STEP][PASSED] - click(findTestObject("00-Signup and Activation/zMailinator/gobutton"), STOP_ON_FAILURE): Object: 'Object Repository/00-Signup and Activation/zMailinator/gobutton' is clicked on

2023-01-13 14:47:13 - [MESSAGE][PASSED] - Object: 'Object Repository/00-Signup and Activation/zMailinator/gobutton' is clicked on

2023-01-13 14:47:13 - [TEST_STEP][PASSED] - delay(3): Delayed 3 second(s)

2023-01-13 14:47:16 - [MESSAGE][PASSED] - Delayed 3 second(s)

2023-01-13 14:47:16 - [TEST_STEP][PASSED] - click(findTestObject("00-Signup and Activation/zMailinator/Email - everleagues")): Object: 'Object Repository/00-Signup and Activation/zMailinator/Email - everleagues' is clicked on

2023-01-13 14:47:17 - [MESSAGE][PASSED] - Object: 'Object Repository/00-Signup and Activation/zMailinator/Email - everleagues' is clicked on

2023-01-13 14:47:17 - [TEST_STEP][PASSED] - delay(3): Delayed 3 second(s)

2023-01-13 14:47:20 - [MESSAGE][PASSED] - Delayed 3 second(s)

2023-01-13 14:47:20 - [TEST_STEP][PASSED] - codetwo = getText(findTestObject("Object Repository/06-Teams/For 2FA/2FA code")): Text of object 'Object Repository/06-Teams/For 2FA/2FA code' is: '434653'

2023-01-13 14:47:21 - [MESSAGE][PASSED] - Text of object 'Object Repository/06-Teams/For 2FA/2FA code' is: '434653'

2023-01-13 14:47:22 - [TEST_STEP][PASSED] - delay(3): Delayed 3 second(s)

2023-01-13 14:47:25 - [MESSAGE][PASSED] - Delayed 3 second(s)

2023-01-13 14:47:25 - [TEST_STEP][PASSED] - closeWindowTitle("Mailinator"): Window with title: 'Mailinator' is closed

2023-01-13 14:47:25 - [MESSAGE][PASSED] - Window with title: 'Mailinator' is closed

2023-01-13 14:47:25 - [TEST_STEP][PASSED] - delay(3): Delayed 3 second(s)

2023-01-13 14:47:28 - [MESSAGE][PASSED] - Delayed 3 second(s)

2023-01-13 14:47:28 - [TEST_STEP][PASSED] - switchToWindowIndex(0): Switched to window with index: '0'

2023-01-13 14:47:28 - [MESSAGE][PASSED] - Switched to window with index: '0'

2023-01-13 14:47:28 - [TEST_STEP][PASSED] - delay(3): Delayed 3 second(s)

2023-01-13 14:47:31 - [MESSAGE][PASSED] - Delayed 3 second(s)

2023-01-13 14:47:31 - [TEST_STEP][PASSED] - setText(findTestObject("Object Repository/06-Teams/For 2FA/input_Enter verification code_code"), codetwo): Text '434653' is set on object 'Object Repository/06-Teams/For 2FA/input_Enter verification code_code'

2023-01-13 14:47:32 - [MESSAGE][PASSED] - Text '434653' is set on object 'Object Repository/06-Teams/For 2FA/input_Enter verification code_code'

2023-01-13 14:47:32 - [TEST_STEP][PASSED] - delay(3): Delayed 3 second(s)

2023-01-13 14:47:36 - [MESSAGE][PASSED] - Delayed 3 second(s)

2023-01-13 14:47:36 - [TEST_STEP][PASSED] - click(findTestObject("06-Teams/For 2FA/button_Verify_2FA")): Object: 'Object Repository/06-Teams/For 2FA/button_Verify_2FA' is clicked on

2023-01-13 14:47:37 - [MESSAGE][PASSED] - Object: 'Object Repository/06-Teams/For 2FA/button_Verify_2FA' is clicked on

2023-01-13 14:47:37 - [TEST_STEP][PASSED] - delay(5): Delayed 5 second(s)

2023-01-13 14:47:42 - [MESSAGE][PASSED] - Delayed 5 second(s)

2023-01-13 14:47:42 - [TEST_STEP][PASSED] - executeJavaScript("window.open();", []): Execute JavaScript 'window.open();' successfully

2023-01-13 14:47:42 - [MESSAGE][PASSED] - Execute JavaScript 'window.open();' successfully

2023-01-13 14:47:42 - [TEST_STEP][PASSED] - currentWindow = getWindowIndex(): Current window's index is: 0

2023-01-13 14:47:42 - [MESSAGE][PASSED] - Current window's index is: 0

2023-01-13 14:47:42 - [TEST_STEP][PASSED] - delay(3): Delayed 3 second(s)

2023-01-13 14:47:45 - [MESSAGE][PASSED] - Delayed 3 second(s)

2023-01-13 14:47:45 - [TEST_STEP][PASSED] - switchToWindowIndex(currentWindow + 1): Switched to window with index: '1'

2023-01-13 14:47:45 - [MESSAGE][PASSED] - Switched to window with index: '1'

2023-01-13 14:47:45 - [TEST_STEP][PASSED] - navigateToUrl("https://www.mailinator.com/"): Navigate to 'https://www.mailinator.com/' successfully

2023-01-13 14:47:50 - [MESSAGE][PASSED] - Navigate to 'https://www.mailinator.com/' successfully

2023-01-13 14:47:50 - [TEST_STEP][PASSED] - delay(3): Delayed 3 second(s)

2023-01-13 14:47:53 - [MESSAGE][PASSED] - Delayed 3 second(s)

2023-01-13 14:47:53 - [TEST_STEP][PASSED] - setText(findTestObject("00-Signup and Activation/zMailinator/input_LOGIN_search"), "autotester10@mailinator.com"): Text 'autotester10@mailinator.com' is set on object 'Object Repository/00-Signup and Activation/zMailinator/input_LOGIN_search'

2023-01-13 14:47:55 - [MESSAGE][PASSED] - Text 'autotester10@mailinator.com' is set on object 'Object Repository/00-Signup and Activation/zMailinator/input_LOGIN_search'

2023-01-13 14:47:55 - [TEST_STEP][PASSED] - click(findTestObject("00-Signup and Activation/zMailinator/gobutton"), STOP_ON_FAILURE): Object: 'Object Repository/00-Signup and Activation/zMailinator/gobutton' is clicked on

2023-01-13 14:47:57 - [MESSAGE][PASSED] - Object: 'Object Repository/00-Signup and Activation/zMailinator/gobutton' is clicked on

2023-01-13 14:47:57 - [TEST_STEP][PASSED] - delay(3): Delayed 3 second(s)

2023-01-13 14:48:00 - [MESSAGE][PASSED] - Delayed 3 second(s)

2023-01-13 14:48:00 - [TEST_STEP][PASSED] - closeWindowTitle("Everleagues"): Window with title: 'Everleagues' is closed

2023-01-13 14:48:01 - [MESSAGE][PASSED] - Window with title: 'Everleagues' is closed

2023-01-13 14:48:01 - [TEST_STEP][PASSED] - switchToWindowIndex(0): Switched to window with index: '0'

2023-01-13 14:48:01 - [MESSAGE][PASSED] - Switched to window with index: '0'

2023-01-13 14:48:01 - [TEST_STEP][PASSED] - click(findTestObject("09-Settings/Users/Co worker/td_Invitation from GG Automation")): Object: 'Object Repository/09-Settings/Users/Co worker/td_Invitation from GG Automation' is clicked on

2023-01-13 14:48:02 - [MESSAGE][PASSED] - Object: 'Object Repository/09-Settings/Users/Co worker/td_Invitation from GG Automation' is clicked on

2023-01-13 14:48:02 - [TEST_STEP][PASSED] - click(findTestObject("09-Settings/Users/Co worker/a_Click here to join GG Automation on EverLeagues")): Object: 'Object Repository/09-Settings/Users/Co worker/a_Click here to join GG Automation on EverLeagues' is clicked on

2023-01-13 14:48:03 - [MESSAGE][PASSED] - Object: 'Object Repository/09-Settings/Users/Co worker/a_Click here to join GG Automation on EverLeagues' is clicked on

2023-01-13 14:48:03 - [TEST_STEP][PASSED] - closeWindowTitle("Mailinator"): Window with title: 'Mailinator' is closed

2023-01-13 14:48:04 - [MESSAGE][PASSED] - Window with title: 'Mailinator' is closed

2023-01-13 14:48:04 - [TEST_STEP][PASSED] - switchToWindowIndex(0): Switched to window with index: '0'

2023-01-13 14:48:04 - [MESSAGE][PASSED] - Switched to window with index: '0'

2023-01-13 14:48:04 - [TEST_STEP][PASSED] - verifyElementVisible(findTestObject("09-Settings/Users/Client/Invite modal")): Object 'Object Repository/09-Settings/Users/Client/Invite modal' is visible

2023-01-13 14:48:24 - [MESSAGE][PASSED] - Object 'Object Repository/09-Settings/Users/Client/Invite modal' is visible

2023-01-13 14:48:24 - [TEST_STEP][PASSED] - setText(findTestObject("09-Settings/Users/Client/Company field"), "QA Company"): Text 'QA Company' is set on object 'Object Repository/09-Settings/Users/Client/Company field'

2023-01-13 14:48:26 - [MESSAGE][PASSED] - Text 'QA Company' is set on object 'Object Repository/09-Settings/Users/Client/Company field'

2023-01-13 14:48:26 - [TEST_STEP][PASSED] - click(findTestObject("09-Settings/Users/Client/button_Accept")): Object: 'Object Repository/09-Settings/Users/Client/button_Accept' is clicked on

2023-01-13 14:48:27 - [MESSAGE][PASSED] - Object: 'Object Repository/09-Settings/Users/Client/button_Accept' is clicked on

2023-01-13 14:48:27 - [TEST_STEP][PASSED] - delay(5): Delayed 5 second(s)

2023-01-13 14:48:32 - [MESSAGE][PASSED] - Delayed 5 second(s)

2023-01-13 14:48:32 - [TEST_STEP][PASSED] - verifyElementVisible(findTestObject("09-Settings/Users/div_Joined as Partner")): Object 'Object Repository/09-Settings/Users/div_Joined as Partner' is visible

2023-01-13 14:48:32 - [MESSAGE][PASSED] - Object 'Object Repository/09-Settings/Users/div_Joined as Partner' is visible

2023-01-13 14:48:32 - [TEST_STEP][PASSED] - delay(3): Delayed 3 second(s)

2023-01-13 14:48:35 - [MESSAGE][PASSED] - Delayed 3 second(s)

2023-01-13 14:48:35 - [TEST_STEP][PASSED] - closeBrowser(): Browser is closed

2023-01-13 14:48:37 - [MESSAGE][PASSED] - Browser is closed]]></system-out>
         <system-err><![CDATA[]]></system-err>
      </testcase>
      <testcase name="Test Cases/09-Settings/05 - Users (Invite batch of users via CSV file)" time="153.84" classname="Test Cases/09-Settings/05 - Users (Invite batch of users via CSV file)" status="PASSED">
         <system-out><![CDATA[2023-01-13 14:48:37 - [TEST_CASE][PASSED] - Test Cases/09-Settings/05 - Users (Invite batch of users via CSV file): Test Cases/09-Settings/05 - Users (Invite batch of users via CSV file)

2023-01-13 14:48:40 - [TEST_STEP][PASSED] - openBrowser(""): Browser is opened with url: ''

2023-01-13 14:48:40 - [MESSAGE][INFO] - Starting 'Chrome' driver

2023-01-13 14:48:40 - [MESSAGE][INFO] - Action delay is set to 0 milliseconds

2023-01-13 14:48:42 - [MESSAGE][PASSED] - Browser is opened with url: ''

2023-01-13 14:48:42 - [TEST_STEP][PASSED] - navigateToUrl("https://lab.everleagues.com/"): Navigate to 'https://lab.everleagues.com/' successfully

2023-01-13 14:49:03 - [MESSAGE][PASSED] - Navigate to 'https://lab.everleagues.com/' successfully

2023-01-13 14:49:03 - [TEST_STEP][PASSED] - maximizeWindow(): Current window maximized

2023-01-13 14:49:04 - [MESSAGE][PASSED] - Current window maximized

2023-01-13 14:49:04 - [TEST_STEP][PASSED] - setText(findTestObject("02-Side Icons(Organization)/Add Contact/Email Field"), "testuser02@mailinator.com"): Text 'testuser02@mailinator.com' is set on object 'Object Repository/02-Side Icons(Organization)/Add Contact/Email Field'

2023-01-13 14:49:06 - [MESSAGE][PASSED] - Text 'testuser02@mailinator.com' is set on object 'Object Repository/02-Side Icons(Organization)/Add Contact/Email Field'

2023-01-13 14:49:06 - [TEST_STEP][PASSED] - setEncryptedText(findTestObject("02-Side Icons(Organization)/Add Contact/Password Field"), "8yFRyszE6U6jvsCn51OQbg=="): Text ****** has been set on object 'Object Repository/02-Side Icons(Organization)/Add Contact/Password Field'

2023-01-13 14:49:07 - [MESSAGE][PASSED] - Text ****** has been set on object 'Object Repository/02-Side Icons(Organization)/Add Contact/Password Field'

2023-01-13 14:49:07 - [TEST_STEP][PASSED] - click(findTestObject("02-Side Icons(Organization)/Add Contact/button_Sign in")): Object: 'Object Repository/02-Side Icons(Organization)/Add Contact/button_Sign in' is clicked on

2023-01-13 14:49:08 - [MESSAGE][PASSED] - Object: 'Object Repository/02-Side Icons(Organization)/Add Contact/button_Sign in' is clicked on

2023-01-13 14:49:08 - [TEST_STEP][PASSED] - delay(2): Delayed 2 second(s)

2023-01-13 14:49:10 - [MESSAGE][PASSED] - Delayed 2 second(s)

2023-01-13 14:49:10 - [TEST_STEP][PASSED] - click(findTestObject("06-Teams/For 2FA/button_Confirm_2FA")): Object: 'Object Repository/06-Teams/For 2FA/button_Confirm_2FA' is clicked on

2023-01-13 14:49:11 - [MESSAGE][PASSED] - Object: 'Object Repository/06-Teams/For 2FA/button_Confirm_2FA' is clicked on

2023-01-13 14:49:11 - [TEST_STEP][PASSED] - executeJavaScript("window.open();", []): Execute JavaScript 'window.open();' successfully

2023-01-13 14:49:11 - [MESSAGE][PASSED] - Execute JavaScript 'window.open();' successfully

2023-01-13 14:49:11 - [TEST_STEP][PASSED] - currentWindow = getWindowIndex(): Current window's index is: 0

2023-01-13 14:49:11 - [MESSAGE][PASSED] - Current window's index is: 0

2023-01-13 14:49:11 - [TEST_STEP][PASSED] - delay(3): Delayed 3 second(s)

2023-01-13 14:49:14 - [MESSAGE][PASSED] - Delayed 3 second(s)

2023-01-13 14:49:14 - [TEST_STEP][PASSED] - switchToWindowIndex(currentWindow + 1): Switched to window with index: '1'

2023-01-13 14:49:14 - [MESSAGE][PASSED] - Switched to window with index: '1'

2023-01-13 14:49:14 - [TEST_STEP][PASSED] - navigateToUrl("https://www.mailinator.com/"): Navigate to 'https://www.mailinator.com/' successfully

2023-01-13 14:49:21 - [MESSAGE][PASSED] - Navigate to 'https://www.mailinator.com/' successfully

2023-01-13 14:49:21 - [TEST_STEP][PASSED] - delay(3): Delayed 3 second(s)

2023-01-13 14:49:24 - [MESSAGE][PASSED] - Delayed 3 second(s)

2023-01-13 14:49:24 - [TEST_STEP][PASSED] - setText(findTestObject("00-Signup and Activation/zMailinator/input_LOGIN_search"), "testuser02@mailinator.com"): Text 'testuser02@mailinator.com' is set on object 'Object Repository/00-Signup and Activation/zMailinator/input_LOGIN_search'

2023-01-13 14:49:25 - [MESSAGE][PASSED] - Text 'testuser02@mailinator.com' is set on object 'Object Repository/00-Signup and Activation/zMailinator/input_LOGIN_search'

2023-01-13 14:49:25 - [TEST_STEP][PASSED] - click(findTestObject("00-Signup and Activation/zMailinator/gobutton"), STOP_ON_FAILURE): Object: 'Object Repository/00-Signup and Activation/zMailinator/gobutton' is clicked on

2023-01-13 14:49:29 - [MESSAGE][PASSED] - Object: 'Object Repository/00-Signup and Activation/zMailinator/gobutton' is clicked on

2023-01-13 14:49:29 - [TEST_STEP][PASSED] - delay(3): Delayed 3 second(s)

2023-01-13 14:49:32 - [MESSAGE][PASSED] - Delayed 3 second(s)

2023-01-13 14:49:32 - [TEST_STEP][PASSED] - click(findTestObject("00-Signup and Activation/zMailinator/Email - everleagues")): Object: 'Object Repository/00-Signup and Activation/zMailinator/Email - everleagues' is clicked on

2023-01-13 14:49:34 - [MESSAGE][PASSED] - Object: 'Object Repository/00-Signup and Activation/zMailinator/Email - everleagues' is clicked on

2023-01-13 14:49:34 - [TEST_STEP][PASSED] - delay(3): Delayed 3 second(s)

2023-01-13 14:49:37 - [MESSAGE][PASSED] - Delayed 3 second(s)

2023-01-13 14:49:37 - [TEST_STEP][PASSED] - code = getText(findTestObject("Object Repository/06-Teams/For 2FA/2FA code")): Text of object 'Object Repository/06-Teams/For 2FA/2FA code' is: '631188'

2023-01-13 14:49:38 - [MESSAGE][PASSED] - Text of object 'Object Repository/06-Teams/For 2FA/2FA code' is: '631188'

2023-01-13 14:49:38 - [TEST_STEP][PASSED] - delay(3): Delayed 3 second(s)

2023-01-13 14:49:41 - [MESSAGE][PASSED] - Delayed 3 second(s)

2023-01-13 14:49:41 - [TEST_STEP][PASSED] - closeWindowTitle("Mailinator"): Window with title: 'Mailinator' is closed

2023-01-13 14:49:41 - [MESSAGE][PASSED] - Window with title: 'Mailinator' is closed

2023-01-13 14:49:41 - [TEST_STEP][PASSED] - delay(3): Delayed 3 second(s)

2023-01-13 14:49:44 - [MESSAGE][PASSED] - Delayed 3 second(s)

2023-01-13 14:49:44 - [TEST_STEP][PASSED] - switchToWindowIndex(0): Switched to window with index: '0'

2023-01-13 14:49:45 - [MESSAGE][PASSED] - Switched to window with index: '0'

2023-01-13 14:49:45 - [TEST_STEP][PASSED] - delay(3): Delayed 3 second(s)

2023-01-13 14:49:48 - [MESSAGE][PASSED] - Delayed 3 second(s)

2023-01-13 14:49:48 - [TEST_STEP][PASSED] - setText(findTestObject("Object Repository/06-Teams/For 2FA/input_Enter verification code_code"), code): Text '631188' is set on object 'Object Repository/06-Teams/For 2FA/input_Enter verification code_code'

2023-01-13 14:49:50 - [MESSAGE][PASSED] - Text '631188' is set on object 'Object Repository/06-Teams/For 2FA/input_Enter verification code_code'

2023-01-13 14:49:50 - [TEST_STEP][PASSED] - delay(3): Delayed 3 second(s)

2023-01-13 14:49:53 - [MESSAGE][PASSED] - Delayed 3 second(s)

2023-01-13 14:49:53 - [TEST_STEP][PASSED] - click(findTestObject("06-Teams/For 2FA/button_Verify_2FA")): Object: 'Object Repository/06-Teams/For 2FA/button_Verify_2FA' is clicked on

2023-01-13 14:49:54 - [MESSAGE][PASSED] - Object: 'Object Repository/06-Teams/For 2FA/button_Verify_2FA' is clicked on

2023-01-13 14:49:54 - [TEST_STEP][PASSED] - delay(5): Delayed 5 second(s)

2023-01-13 14:49:59 - [MESSAGE][PASSED] - Delayed 5 second(s)

2023-01-13 14:49:59 - [TEST_STEP][PASSED] - click(findTestObject("06-Teams/button_doublearrow")): Object: 'Object Repository/06-Teams/button_doublearrow' is clicked on

2023-01-13 14:50:03 - [MESSAGE][PASSED] - Object: 'Object Repository/06-Teams/button_doublearrow' is clicked on

2023-01-13 14:50:03 - [TEST_STEP][PASSED] - click(findTestObject("06-Teams/button_My Organizations")): Object: 'Object Repository/06-Teams/button_My Organizations' is clicked on

2023-01-13 14:50:04 - [MESSAGE][PASSED] - Object: 'Object Repository/06-Teams/button_My Organizations' is clicked on

2023-01-13 14:50:04 - [TEST_STEP][PASSED] - click(findTestObject("06-Teams/button_GG Automation")): Object: 'Object Repository/06-Teams/button_GG Automation' is clicked on

2023-01-13 14:50:05 - [MESSAGE][PASSED] - Object: 'Object Repository/06-Teams/button_GG Automation' is clicked on

2023-01-13 14:50:05 - [TEST_STEP][PASSED] - delay(4): Delayed 4 second(s)

2023-01-13 14:50:09 - [MESSAGE][PASSED] - Delayed 4 second(s)

2023-01-13 14:50:09 - [TEST_STEP][PASSED] - verifyElementVisible(findTestObject("06-Teams/span_GG Automation")): Object 'Object Repository/06-Teams/span_GG Automation' is visible

2023-01-13 14:50:10 - [MESSAGE][PASSED] - Object 'Object Repository/06-Teams/span_GG Automation' is visible

2023-01-13 14:50:10 - [TEST_STEP][PASSED] - delay(5): Delayed 5 second(s)

2023-01-13 14:50:15 - [MESSAGE][PASSED] - Delayed 5 second(s)

2023-01-13 14:50:15 - [TEST_STEP][PASSED] - click(findTestObject("03-Header Menu/Hamburger Button/div_Settings")): Object: 'Object Repository/03-Header Menu/Hamburger Button/div_Settings' is clicked on

2023-01-13 14:50:16 - [MESSAGE][PASSED] - Object: 'Object Repository/03-Header Menu/Hamburger Button/div_Settings' is clicked on

2023-01-13 14:50:16 - [TEST_STEP][PASSED] - delay(3): Delayed 3 second(s)

2023-01-13 14:50:19 - [MESSAGE][PASSED] - Delayed 3 second(s)

2023-01-13 14:50:19 - [TEST_STEP][PASSED] - scrollToElement(findTestObject("09-Settings/Users/div_Users"), 0): Scroll to object 'Object Repository/09-Settings/Users/div_Users' successfully

2023-01-13 14:50:19 - [MESSAGE][WARNING] - Timeout '0' is invalid. Using default page load timeout: '30'

2023-01-13 14:50:19 - [MESSAGE][PASSED] - Scroll to object 'Object Repository/09-Settings/Users/div_Users' successfully

2023-01-13 14:50:19 - [TEST_STEP][PASSED] - click(findTestObject("09-Settings/Users/div_Users")): Object: 'Object Repository/09-Settings/Users/div_Users' is clicked on

2023-01-13 14:50:22 - [MESSAGE][PASSED] - Object: 'Object Repository/09-Settings/Users/div_Users' is clicked on

2023-01-13 14:50:22 - [TEST_STEP][PASSED] - delay(3): Delayed 3 second(s)

2023-01-13 14:50:25 - [MESSAGE][PASSED] - Delayed 3 second(s)

2023-01-13 14:50:25 - [TEST_STEP][PASSED] - click(findTestObject("09-Settings/Users/button_add")): Object: 'Object Repository/09-Settings/Users/button_add' is clicked on

2023-01-13 14:50:26 - [MESSAGE][PASSED] - Object: 'Object Repository/09-Settings/Users/button_add' is clicked on

2023-01-13 14:50:26 - [TEST_STEP][PASSED] - delay(3): Delayed 3 second(s)

2023-01-13 14:50:29 - [MESSAGE][PASSED] - Delayed 3 second(s)

2023-01-13 14:50:29 - [TEST_STEP][PASSED] - click(findTestObject("09-Settings/Users/Invite batch of users via CSV file")): Object: 'Object Repository/09-Settings/Users/Invite batch of users via CSV file' is clicked on

2023-01-13 14:50:30 - [MESSAGE][PASSED] - Object: 'Object Repository/09-Settings/Users/Invite batch of users via CSV file' is clicked on

2023-01-13 14:50:30 - [TEST_STEP][PASSED] - verifyElementVisible(findTestObject("09-Settings/Users/CSV Invite/Import CSV File modal")): Object 'Object Repository/09-Settings/Users/CSV Invite/Import CSV File modal' is visible

2023-01-13 14:50:31 - [MESSAGE][PASSED] - Object 'Object Repository/09-Settings/Users/CSV Invite/Import CSV File modal' is visible

2023-01-13 14:50:31 - [TEST_STEP][PASSED] - verifyElementNotClickable(findTestObject("09-Settings/Users/CSV Invite/button_Import")): Object 'Object Repository/09-Settings/Users/CSV Invite/button_Import' is NOT clickable

2023-01-13 14:50:32 - [MESSAGE][PASSED] - Object 'Object Repository/09-Settings/Users/CSV Invite/button_Import' is NOT clickable

2023-01-13 14:50:32 - [TEST_STEP][PASSED] - delay(3): Delayed 3 second(s)

2023-01-13 14:50:35 - [MESSAGE][PASSED] - Delayed 3 second(s)

2023-01-13 14:50:35 - [TEST_STEP][PASSED] - uploadpackage.Upload.uploadFile(findTestObject("Object Repository/09-Settings/Users/CSV Invite/button_Choose File"), "C:\Users\asus\Desktop\EL automation\sample csv.csv"): uploadpackage.Upload.uploadFile is PASSED

2023-01-13 14:50:36 - [MESSAGE][PASSED] - Object: 'Object Repository/09-Settings/Users/CSV Invite/button_Choose File' is clicked on

2023-01-13 14:50:40 - [MESSAGE][PASSED] - uploadpackage.Upload.uploadFile is PASSED

2023-01-13 14:50:40 - [TEST_STEP][PASSED] - delay(3): Delayed 3 second(s)

2023-01-13 14:50:43 - [MESSAGE][PASSED] - Delayed 3 second(s)

2023-01-13 14:50:43 - [TEST_STEP][PASSED] - verifyElementVisible(findTestObject("09-Settings/Users/CSV Invite/div_Sample csv.csv")): Object 'Object Repository/09-Settings/Users/CSV Invite/div_Sample csv.csv' is visible

2023-01-13 14:50:46 - [MESSAGE][PASSED] - Object 'Object Repository/09-Settings/Users/CSV Invite/div_Sample csv.csv' is visible

2023-01-13 14:50:46 - [TEST_STEP][PASSED] - click(findTestObject("09-Settings/Users/CSV Invite/button_Import")): Object: 'Object Repository/09-Settings/Users/CSV Invite/button_Import' is clicked on

2023-01-13 14:50:47 - [MESSAGE][PASSED] - Object: 'Object Repository/09-Settings/Users/CSV Invite/button_Import' is clicked on

2023-01-13 14:50:47 - [TEST_STEP][PASSED] - delay(5): Delayed 5 second(s)

2023-01-13 14:50:52 - [MESSAGE][PASSED] - Delayed 5 second(s)

2023-01-13 14:50:52 - [TEST_STEP][PASSED] - verifyElementVisible(findTestObject("09-Settings/Users/CSV Invite/Success import modal")): Object 'Object Repository/09-Settings/Users/CSV Invite/Success import modal' is visible

2023-01-13 14:50:53 - [MESSAGE][PASSED] - Object 'Object Repository/09-Settings/Users/CSV Invite/Success import modal' is visible

2023-01-13 14:50:53 - [TEST_STEP][PASSED] - click(findTestObject("09-Settings/Users/CSV Invite/button_Close")): Object: 'Object Repository/09-Settings/Users/CSV Invite/button_Close' is clicked on

2023-01-13 14:50:54 - [MESSAGE][PASSED] - Object: 'Object Repository/09-Settings/Users/CSV Invite/button_Close' is clicked on

2023-01-13 14:50:54 - [TEST_STEP][PASSED] - click(findTestObject("09-Settings/Users/CSV Invite/Invited Users tab")): Object: 'Object Repository/09-Settings/Users/CSV Invite/Invited Users tab' is clicked on

2023-01-13 14:50:56 - [MESSAGE][PASSED] - Object: 'Object Repository/09-Settings/Users/CSV Invite/Invited Users tab' is clicked on

2023-01-13 14:50:56 - [TEST_STEP][PASSED] - delay(3): Delayed 3 second(s)

2023-01-13 14:50:59 - [MESSAGE][PASSED] - Delayed 3 second(s)

2023-01-13 14:50:59 - [TEST_STEP][PASSED] - verifyElementVisible(findTestObject("09-Settings/Users/CSV Invite/div_CTCSV test3")): Object 'Object Repository/09-Settings/Users/CSV Invite/div_CTCSV test3' is visible

2023-01-13 14:50:59 - [MESSAGE][PASSED] - Object 'Object Repository/09-Settings/Users/CSV Invite/div_CTCSV test3' is visible

2023-01-13 14:50:59 - [TEST_STEP][PASSED] - verifyElementVisible(findTestObject("09-Settings/Users/CSV Invite/div_autotester08mailinator.com")): Object 'Object Repository/09-Settings/Users/CSV Invite/div_autotester08mailinator.com' is visible

2023-01-13 14:51:00 - [MESSAGE][PASSED] - Object 'Object Repository/09-Settings/Users/CSV Invite/div_autotester08mailinator.com' is visible

2023-01-13 14:51:00 - [TEST_STEP][PASSED] - verifyElementVisible(findTestObject("09-Settings/Users/CSV Invite/div_Partner")): Object 'Object Repository/09-Settings/Users/CSV Invite/div_Partner' is visible

2023-01-13 14:51:01 - [MESSAGE][PASSED] - Object 'Object Repository/09-Settings/Users/CSV Invite/div_Partner' is visible

2023-01-13 14:51:01 - [TEST_STEP][PASSED] - verifyElementVisible(findTestObject("09-Settings/Users/CSV Invite/div_CTCSV test2")): Object 'Object Repository/09-Settings/Users/CSV Invite/div_CTCSV test2' is visible

2023-01-13 14:51:02 - [MESSAGE][PASSED] - Object 'Object Repository/09-Settings/Users/CSV Invite/div_CTCSV test2' is visible

2023-01-13 14:51:02 - [TEST_STEP][PASSED] - verifyElementVisible(findTestObject("09-Settings/Users/CSV Invite/div_autotester07mailinator.com")): Object 'Object Repository/09-Settings/Users/CSV Invite/div_autotester07mailinator.com' is visible

2023-01-13 14:51:03 - [MESSAGE][PASSED] - Object 'Object Repository/09-Settings/Users/CSV Invite/div_autotester07mailinator.com' is visible

2023-01-13 14:51:03 - [TEST_STEP][PASSED] - verifyElementVisible(findTestObject("09-Settings/Users/CSV Invite/div_Client")): Object 'Object Repository/09-Settings/Users/CSV Invite/div_Client' is visible

2023-01-13 14:51:04 - [MESSAGE][PASSED] - Object 'Object Repository/09-Settings/Users/CSV Invite/div_Client' is visible

2023-01-13 14:51:04 - [TEST_STEP][PASSED] - verifyElementVisible(findTestObject("09-Settings/Users/CSV Invite/div_CTCSV test1")): Object 'Object Repository/09-Settings/Users/CSV Invite/div_CTCSV test1' is visible

2023-01-13 14:51:05 - [MESSAGE][PASSED] - Object 'Object Repository/09-Settings/Users/CSV Invite/div_CTCSV test1' is visible

2023-01-13 14:51:05 - [TEST_STEP][PASSED] - verifyElementVisible(findTestObject("09-Settings/Users/CSV Invite/div_autotester06mailinator.com")): Object 'Object Repository/09-Settings/Users/CSV Invite/div_autotester06mailinator.com' is visible

2023-01-13 14:51:06 - [MESSAGE][PASSED] - Object 'Object Repository/09-Settings/Users/CSV Invite/div_autotester06mailinator.com' is visible

2023-01-13 14:51:06 - [TEST_STEP][PASSED] - verifyElementVisible(findTestObject("09-Settings/Users/CSV Invite/div_Coworker")): Object 'Object Repository/09-Settings/Users/CSV Invite/div_Coworker' is visible

2023-01-13 14:51:07 - [MESSAGE][PASSED] - Object 'Object Repository/09-Settings/Users/CSV Invite/div_Coworker' is visible

2023-01-13 14:51:07 - [TEST_STEP][PASSED] - delay(3): Delayed 3 second(s)

2023-01-13 14:51:10 - [MESSAGE][PASSED] - Delayed 3 second(s)

2023-01-13 14:51:10 - [TEST_STEP][PASSED] - closeBrowser(): Browser is closed

2023-01-13 14:51:11 - [MESSAGE][PASSED] - Browser is closed]]></system-out>
         <system-err><![CDATA[]]></system-err>
      </testcase>
      <system-out><![CDATA[2023-01-13 14:32:54 - [TEST_SUITE][PASSED] - 09.1 - Settings (Invite users): Test Cases/09-Settings/05 - Users (Invite batch of users via CSV file)]]></system-out>
      <system-err><![CDATA[]]></system-err>
   </testsuite>
</testsuites>
