<?xml version="1.0" encoding="UTF-8"?>
<testsuites name="09.1 - Settings (Invite users)" time="1441.411" tests="5" failures="0" errors="0">
   <testsuite name="09.1 - Settings (Invite users)" tests="5" failures="0" errors="0" time="1441.411" skipped="0" timestamp="2023-01-11 13:19:44" hostname="asus - DESKTOP-3L3J9C1" id="Test Suites/TS-Organization/09.1 - Settings (Invite users)">
      <properties>
         <property name="deviceName" value=""/>
         <property name="devicePlatform" value=""/>
         <property name="logFolder" value="C:\\Users\\asus\\Katalon Studio\\Everleagues\\Everleagues\\Reports\\20230111_131931\\TS-Organization\\09.1 - Settings (Invite users)\\20230111_131931"/>
         <property name="logFiles" value="C:\\Users\\asus\\Katalon Studio\\Everleagues\\Everleagues\\Reports\\20230111_131931\\TS-Organization\\09.1 - Settings (Invite users)\\20230111_131931\\execution0.log"/>
         <property name="attachments" value=""/>
         <property name="hostName" value="asus - DESKTOP-3L3J9C1"/>
         <property name="os" value="Windows 10 64bit"/>
         <property name="katalonVersion" value="8.4.1.208"/>
         <property name="browser" value="Chrome 108.0.0.0"/>
         <property name="hostAddress" value="192.168.5.82"/>
         <property name="sessionId" value="938c625fc4ddedfc15529ec89fdba450"/>
         <property name="seleniumVersion" value="3.141.59"/>
         <property name="proxyInformation" value="ProxyInformation { proxyOption=NO_PROXY, proxyServerType=HTTP, username=, password=********, proxyServerAddress=, proxyServerPort=0, executionList=&quot;&quot;, isApplyToDesiredCapabilities=true }"/>
         <property name="platform" value="Windows 10"/>
      </properties>
      <testcase name="Test Cases/09-Settings/01 - Users (Invite new user but field are blank)" time="137.652" classname="Test Cases/09-Settings/01 - Users (Invite new user but field are blank)" status="PASSED">
         <system-out><![CDATA[2023-01-11 13:19:45 - [TEST_CASE][PASSED] - Test Cases/09-Settings/01 - Users (Invite new user but field are blank): Test Cases/09-Settings/01 - Users (Invite new user but field are blank)

2023-01-11 13:19:47 - [TEST_STEP][PASSED] - openBrowser(""): Browser is opened with url: ''

2023-01-11 13:19:49 - [MESSAGE][INFO] - Starting 'Chrome' driver

2023-01-11 13:19:49 - [MESSAGE][INFO] - Action delay is set to 0 milliseconds

2023-01-11 13:19:57 - [MESSAGE][PASSED] - Browser is opened with url: ''

2023-01-11 13:19:57 - [TEST_STEP][PASSED] - navigateToUrl("https://lab.everleagues.com/"): Navigate to 'https://lab.everleagues.com/' successfully

2023-01-11 13:20:17 - [MESSAGE][PASSED] - Navigate to 'https://lab.everleagues.com/' successfully

2023-01-11 13:20:17 - [TEST_STEP][PASSED] - maximizeWindow(): Current window maximized

2023-01-11 13:20:17 - [MESSAGE][PASSED] - Current window maximized

2023-01-11 13:20:17 - [TEST_STEP][PASSED] - setText(findTestObject("02-Side Icons(Organization)/Add Contact/Email Field"), "testuser02@mailinator.com"): Text 'testuser02@mailinator.com' is set on object 'Object Repository/02-Side Icons(Organization)/Add Contact/Email Field'

2023-01-11 13:20:20 - [MESSAGE][PASSED] - Text 'testuser02@mailinator.com' is set on object 'Object Repository/02-Side Icons(Organization)/Add Contact/Email Field'

2023-01-11 13:20:20 - [TEST_STEP][PASSED] - setEncryptedText(findTestObject("02-Side Icons(Organization)/Add Contact/Password Field"), "8yFRyszE6U6jvsCn51OQbg=="): Text ****** has been set on object 'Object Repository/02-Side Icons(Organization)/Add Contact/Password Field'

2023-01-11 13:20:21 - [MESSAGE][PASSED] - Text ****** has been set on object 'Object Repository/02-Side Icons(Organization)/Add Contact/Password Field'

2023-01-11 13:20:21 - [TEST_STEP][PASSED] - click(findTestObject("02-Side Icons(Organization)/Add Contact/button_Sign in")): Object: 'Object Repository/02-Side Icons(Organization)/Add Contact/button_Sign in' is clicked on

2023-01-11 13:20:23 - [MESSAGE][PASSED] - Object: 'Object Repository/02-Side Icons(Organization)/Add Contact/button_Sign in' is clicked on

2023-01-11 13:20:23 - [TEST_STEP][PASSED] - delay(2): Delayed 2 second(s)

2023-01-11 13:20:25 - [MESSAGE][PASSED] - Delayed 2 second(s)

2023-01-11 13:20:25 - [TEST_STEP][PASSED] - click(findTestObject("06-Teams/For 2FA/button_Confirm_2FA")): Object: 'Object Repository/06-Teams/For 2FA/button_Confirm_2FA' is clicked on

2023-01-11 13:20:26 - [MESSAGE][PASSED] - Object: 'Object Repository/06-Teams/For 2FA/button_Confirm_2FA' is clicked on

2023-01-11 13:20:26 - [TEST_STEP][PASSED] - executeJavaScript("window.open();", []): Execute JavaScript 'window.open();' successfully

2023-01-11 13:20:27 - [MESSAGE][PASSED] - Execute JavaScript 'window.open();' successfully

2023-01-11 13:20:27 - [TEST_STEP][PASSED] - currentWindow = getWindowIndex(): Current window's index is: 0

2023-01-11 13:20:27 - [MESSAGE][PASSED] - Current window's index is: 0

2023-01-11 13:20:27 - [TEST_STEP][PASSED] - delay(3): Delayed 3 second(s)

2023-01-11 13:20:30 - [MESSAGE][PASSED] - Delayed 3 second(s)

2023-01-11 13:20:30 - [TEST_STEP][PASSED] - switchToWindowIndex(currentWindow + 1): Switched to window with index: '1'

2023-01-11 13:20:31 - [MESSAGE][PASSED] - Switched to window with index: '1'

2023-01-11 13:20:31 - [TEST_STEP][PASSED] - navigateToUrl("https://www.mailinator.com/"): Navigate to 'https://www.mailinator.com/' successfully

2023-01-11 13:20:37 - [MESSAGE][PASSED] - Navigate to 'https://www.mailinator.com/' successfully

2023-01-11 13:20:37 - [TEST_STEP][PASSED] - delay(3): Delayed 3 second(s)

2023-01-11 13:20:40 - [MESSAGE][PASSED] - Delayed 3 second(s)

2023-01-11 13:20:40 - [TEST_STEP][PASSED] - setText(findTestObject("00-Signup and Activation/zMailinator/input_LOGIN_search"), "testuser02@mailinator.com"): Text 'testuser02@mailinator.com' is set on object 'Object Repository/00-Signup and Activation/zMailinator/input_LOGIN_search'

2023-01-11 13:20:42 - [MESSAGE][PASSED] - Text 'testuser02@mailinator.com' is set on object 'Object Repository/00-Signup and Activation/zMailinator/input_LOGIN_search'

2023-01-11 13:20:42 - [TEST_STEP][PASSED] - click(findTestObject("00-Signup and Activation/zMailinator/gobutton"), STOP_ON_FAILURE): Object: 'Object Repository/00-Signup and Activation/zMailinator/gobutton' is clicked on

2023-01-11 13:20:46 - [MESSAGE][PASSED] - Object: 'Object Repository/00-Signup and Activation/zMailinator/gobutton' is clicked on

2023-01-11 13:20:46 - [TEST_STEP][PASSED] - delay(3): Delayed 3 second(s)

2023-01-11 13:20:49 - [MESSAGE][PASSED] - Delayed 3 second(s)

2023-01-11 13:20:49 - [TEST_STEP][PASSED] - click(findTestObject("00-Signup and Activation/zMailinator/Email - everleagues")): Object: 'Object Repository/00-Signup and Activation/zMailinator/Email - everleagues' is clicked on

2023-01-11 13:20:51 - [MESSAGE][PASSED] - Object: 'Object Repository/00-Signup and Activation/zMailinator/Email - everleagues' is clicked on

2023-01-11 13:20:51 - [TEST_STEP][PASSED] - delay(3): Delayed 3 second(s)

2023-01-11 13:20:54 - [MESSAGE][PASSED] - Delayed 3 second(s)

2023-01-11 13:20:54 - [TEST_STEP][PASSED] - code = getText(findTestObject("Object Repository/06-Teams/For 2FA/2FA code")): Text of object 'Object Repository/06-Teams/For 2FA/2FA code' is: '375059'

2023-01-11 13:20:56 - [MESSAGE][PASSED] - Text of object 'Object Repository/06-Teams/For 2FA/2FA code' is: '375059'

2023-01-11 13:20:56 - [TEST_STEP][PASSED] - delay(3): Delayed 3 second(s)

2023-01-11 13:20:59 - [MESSAGE][PASSED] - Delayed 3 second(s)

2023-01-11 13:20:59 - [TEST_STEP][PASSED] - closeWindowTitle("Mailinator"): Window with title: 'Mailinator' is closed

2023-01-11 13:20:59 - [MESSAGE][PASSED] - Window with title: 'Mailinator' is closed

2023-01-11 13:20:59 - [TEST_STEP][PASSED] - delay(3): Delayed 3 second(s)

2023-01-11 13:21:02 - [MESSAGE][PASSED] - Delayed 3 second(s)

2023-01-11 13:21:02 - [TEST_STEP][PASSED] - switchToWindowIndex(0): Switched to window with index: '0'

2023-01-11 13:21:02 - [MESSAGE][PASSED] - Switched to window with index: '0'

2023-01-11 13:21:02 - [TEST_STEP][PASSED] - delay(3): Delayed 3 second(s)

2023-01-11 13:21:05 - [MESSAGE][PASSED] - Delayed 3 second(s)

2023-01-11 13:21:05 - [TEST_STEP][PASSED] - setText(findTestObject("Object Repository/06-Teams/For 2FA/input_Enter verification code_code"), code): Text '375059' is set on object 'Object Repository/06-Teams/For 2FA/input_Enter verification code_code'

2023-01-11 13:21:07 - [MESSAGE][PASSED] - Text '375059' is set on object 'Object Repository/06-Teams/For 2FA/input_Enter verification code_code'

2023-01-11 13:21:07 - [TEST_STEP][PASSED] - delay(3): Delayed 3 second(s)

2023-01-11 13:21:10 - [MESSAGE][PASSED] - Delayed 3 second(s)

2023-01-11 13:21:10 - [TEST_STEP][PASSED] - click(findTestObject("06-Teams/For 2FA/button_Verify_2FA")): Object: 'Object Repository/06-Teams/For 2FA/button_Verify_2FA' is clicked on

2023-01-11 13:21:11 - [MESSAGE][PASSED] - Object: 'Object Repository/06-Teams/For 2FA/button_Verify_2FA' is clicked on

2023-01-11 13:21:11 - [TEST_STEP][PASSED] - delay(5): Delayed 5 second(s)

2023-01-11 13:21:16 - [MESSAGE][PASSED] - Delayed 5 second(s)

2023-01-11 13:21:16 - [TEST_STEP][PASSED] - click(findTestObject("06-Teams/button_doublearrow")): Object: 'Object Repository/06-Teams/button_doublearrow' is clicked on

2023-01-11 13:21:18 - [MESSAGE][PASSED] - Object: 'Object Repository/06-Teams/button_doublearrow' is clicked on

2023-01-11 13:21:18 - [TEST_STEP][PASSED] - click(findTestObject("06-Teams/button_My Organizations")): Object: 'Object Repository/06-Teams/button_My Organizations' is clicked on

2023-01-11 13:21:19 - [MESSAGE][PASSED] - Object: 'Object Repository/06-Teams/button_My Organizations' is clicked on

2023-01-11 13:21:19 - [TEST_STEP][PASSED] - click(findTestObject("06-Teams/button_GG Automation")): Object: 'Object Repository/06-Teams/button_GG Automation' is clicked on

2023-01-11 13:21:20 - [MESSAGE][PASSED] - Object: 'Object Repository/06-Teams/button_GG Automation' is clicked on

2023-01-11 13:21:20 - [TEST_STEP][PASSED] - delay(4): Delayed 4 second(s)

2023-01-11 13:21:24 - [MESSAGE][PASSED] - Delayed 4 second(s)

2023-01-11 13:21:24 - [TEST_STEP][PASSED] - verifyElementVisible(findTestObject("06-Teams/span_GG Automation")): Object 'Object Repository/06-Teams/span_GG Automation' is visible

2023-01-11 13:21:25 - [MESSAGE][PASSED] - Object 'Object Repository/06-Teams/span_GG Automation' is visible

2023-01-11 13:21:25 - [TEST_STEP][PASSED] - delay(5): Delayed 5 second(s)

2023-01-11 13:21:30 - [MESSAGE][PASSED] - Delayed 5 second(s)

2023-01-11 13:21:30 - [TEST_STEP][PASSED] - click(findTestObject("03-Header Menu/Hamburger Button/div_Settings")): Object: 'Object Repository/03-Header Menu/Hamburger Button/div_Settings' is clicked on

2023-01-11 13:21:31 - [MESSAGE][PASSED] - Object: 'Object Repository/03-Header Menu/Hamburger Button/div_Settings' is clicked on

2023-01-11 13:21:31 - [TEST_STEP][PASSED] - verifyElementVisible(findTestObject("09-Settings/Users/div_Organization")): Object 'Object Repository/09-Settings/Users/div_Organization' is visible

2023-01-11 13:21:33 - [MESSAGE][PASSED] - Object 'Object Repository/09-Settings/Users/div_Organization' is visible

2023-01-11 13:21:33 - [TEST_STEP][PASSED] - verifyElementVisible(findTestObject("09-Settings/Users/div_Organization Units")): Object 'Object Repository/09-Settings/Users/div_Organization Units' is visible

2023-01-11 13:21:33 - [MESSAGE][PASSED] - Object 'Object Repository/09-Settings/Users/div_Organization Units' is visible

2023-01-11 13:21:33 - [TEST_STEP][PASSED] - scrollToElement(findTestObject("09-Settings/Users/div_Subscriptions"), 0): Scroll to object 'Object Repository/09-Settings/Users/div_Subscriptions' successfully

2023-01-11 13:21:34 - [MESSAGE][WARNING] - Timeout '0' is invalid. Using default page load timeout: '30'

2023-01-11 13:21:34 - [MESSAGE][PASSED] - Scroll to object 'Object Repository/09-Settings/Users/div_Subscriptions' successfully

2023-01-11 13:21:34 - [TEST_STEP][PASSED] - verifyElementVisible(findTestObject("09-Settings/Users/div_Subscriptions")): Object 'Object Repository/09-Settings/Users/div_Subscriptions' is visible

2023-01-11 13:21:35 - [MESSAGE][PASSED] - Object 'Object Repository/09-Settings/Users/div_Subscriptions' is visible

2023-01-11 13:21:35 - [TEST_STEP][PASSED] - verifyElementVisible(findTestObject("09-Settings/Users/div_Users")): Object 'Object Repository/09-Settings/Users/div_Users' is visible

2023-01-11 13:21:35 - [MESSAGE][PASSED] - Object 'Object Repository/09-Settings/Users/div_Users' is visible

2023-01-11 13:21:35 - [TEST_STEP][PASSED] - delay(3): Delayed 3 second(s)

2023-01-11 13:21:38 - [MESSAGE][PASSED] - Delayed 3 second(s)

2023-01-11 13:21:38 - [TEST_STEP][PASSED] - click(findTestObject("09-Settings/Users/div_Users")): Object: 'Object Repository/09-Settings/Users/div_Users' is clicked on

2023-01-11 13:21:41 - [MESSAGE][PASSED] - Object: 'Object Repository/09-Settings/Users/div_Users' is clicked on

2023-01-11 13:21:41 - [TEST_STEP][PASSED] - verifyElementVisible(findTestObject("09-Settings/Users/h4_USERS")): Object 'Object Repository/09-Settings/Users/h4_USERS' is visible

2023-01-11 13:21:42 - [MESSAGE][PASSED] - Object 'Object Repository/09-Settings/Users/h4_USERS' is visible

2023-01-11 13:21:42 - [TEST_STEP][PASSED] - verifyElementVisible(findTestObject("09-Settings/Users/User Page")): Object 'Object Repository/09-Settings/Users/User Page' is visible

2023-01-11 13:21:43 - [MESSAGE][PASSED] - Object 'Object Repository/09-Settings/Users/User Page' is visible

2023-01-11 13:21:43 - [TEST_STEP][PASSED] - delay(3): Delayed 3 second(s)

2023-01-11 13:21:46 - [MESSAGE][PASSED] - Delayed 3 second(s)

2023-01-11 13:21:46 - [TEST_STEP][PASSED] - click(findTestObject("09-Settings/Users/button_add")): Object: 'Object Repository/09-Settings/Users/button_add' is clicked on

2023-01-11 13:21:47 - [MESSAGE][PASSED] - Object: 'Object Repository/09-Settings/Users/button_add' is clicked on

2023-01-11 13:21:47 - [TEST_STEP][PASSED] - verifyElementVisible(findTestObject("09-Settings/Users/User Invitation modal")): Object 'Object Repository/09-Settings/Users/User Invitation modal' is visible

2023-01-11 13:21:48 - [MESSAGE][PASSED] - Object 'Object Repository/09-Settings/Users/User Invitation modal' is visible

2023-01-11 13:21:48 - [TEST_STEP][PASSED] - delay(3): Delayed 3 second(s)

2023-01-11 13:21:51 - [MESSAGE][PASSED] - Delayed 3 second(s)

2023-01-11 13:21:51 - [TEST_STEP][PASSED] - click(findTestObject("09-Settings/Users/add Invite a single user")): Object: 'Object Repository/09-Settings/Users/add Invite a single user' is clicked on

2023-01-11 13:21:52 - [MESSAGE][PASSED] - Object: 'Object Repository/09-Settings/Users/add Invite a single user' is clicked on

2023-01-11 13:21:52 - [TEST_STEP][PASSED] - verifyElementVisible(findTestObject("09-Settings/Users/Invite new user modal")): Object 'Object Repository/09-Settings/Users/Invite new user modal' is visible

2023-01-11 13:21:54 - [MESSAGE][PASSED] - Object 'Object Repository/09-Settings/Users/Invite new user modal' is visible

2023-01-11 13:21:54 - [TEST_STEP][PASSED] - click(findTestObject("09-Settings/Users/input_email")): Object: 'Object Repository/09-Settings/Users/input_email' is clicked on

2023-01-11 13:21:55 - [MESSAGE][PASSED] - Object: 'Object Repository/09-Settings/Users/input_email' is clicked on

2023-01-11 13:21:55 - [TEST_STEP][PASSED] - click(findTestObject("09-Settings/Users/input_firstName")): Object: 'Object Repository/09-Settings/Users/input_firstName' is clicked on

2023-01-11 13:21:56 - [MESSAGE][PASSED] - Object: 'Object Repository/09-Settings/Users/input_firstName' is clicked on

2023-01-11 13:21:56 - [TEST_STEP][PASSED] - click(findTestObject("09-Settings/Users/input_lastName")): Object: 'Object Repository/09-Settings/Users/input_lastName' is clicked on

2023-01-11 13:21:58 - [MESSAGE][PASSED] - Object: 'Object Repository/09-Settings/Users/input_lastName' is clicked on

2023-01-11 13:21:58 - [TEST_STEP][PASSED] - click(findTestObject("09-Settings/Users/span_Role")): Object: 'Object Repository/09-Settings/Users/span_Role' is clicked on

2023-01-11 13:21:59 - [MESSAGE][PASSED] - Object: 'Object Repository/09-Settings/Users/span_Role' is clicked on

2023-01-11 13:21:59 - [TEST_STEP][PASSED] - clickOffset(findTestObject("09-Settings/Users/h4_Invite New User"), 100, 100): Object: 'Object Repository/09-Settings/Users/h4_Invite New User' is clicked on using offset x=100 and y=100

2023-01-11 13:22:00 - [MESSAGE][PASSED] - Object: 'Object Repository/09-Settings/Users/h4_Invite New User' is clicked on using offset x=100 and y=100

2023-01-11 13:22:00 - [TEST_STEP][PASSED] - verifyElementVisible(findTestObject("09-Settings/Users/Email required")): Object 'Object Repository/09-Settings/Users/Email required' is visible

2023-01-11 13:22:01 - [MESSAGE][PASSED] - Object 'Object Repository/09-Settings/Users/Email required' is visible

2023-01-11 13:22:01 - [TEST_STEP][PASSED] - verifyElementVisible(findTestObject("09-Settings/Users/Firstname required")): Object 'Object Repository/09-Settings/Users/Firstname required' is visible

2023-01-11 13:22:02 - [MESSAGE][PASSED] - Object 'Object Repository/09-Settings/Users/Firstname required' is visible

2023-01-11 13:22:02 - [TEST_STEP][PASSED] - verifyElementVisible(findTestObject("09-Settings/Users/last name required")): Object 'Object Repository/09-Settings/Users/last name required' is visible

2023-01-11 13:22:02 - [MESSAGE][PASSED] - Object 'Object Repository/09-Settings/Users/last name required' is visible

2023-01-11 13:22:02 - [TEST_STEP][PASSED] - verifyElementVisible(findTestObject("09-Settings/Users/error_Select a role")): Object 'Object Repository/09-Settings/Users/error_Select a role' is visible

2023-01-11 13:22:03 - [MESSAGE][PASSED] - Object 'Object Repository/09-Settings/Users/error_Select a role' is visible]]></system-out>
         <system-err><![CDATA[]]></system-err>
      </testcase>
      <testcase name="Test Cases/09-Settings/02 - Users (Invite new user as co worker)" time="180.442" classname="Test Cases/09-Settings/02 - Users (Invite new user as co worker)" status="PASSED">
         <system-out><![CDATA[2023-01-11 13:22:03 - [TEST_CASE][PASSED] - Test Cases/09-Settings/02 - Users (Invite new user as co worker): Test Cases/09-Settings/02 - Users (Invite new user as co worker)

2023-01-11 13:22:06 - [TEST_STEP][PASSED] - delay(3): Delayed 3 second(s)

2023-01-11 13:22:09 - [MESSAGE][PASSED] - Delayed 3 second(s)

2023-01-11 13:22:09 - [TEST_STEP][PASSED] - setText(findTestObject("09-Settings/Users/input_email"), "autotester04@mailinator.com"): Text 'autotester04@mailinator.com' is set on object 'Object Repository/09-Settings/Users/input_email'

2023-01-11 13:22:12 - [MESSAGE][PASSED] - Text 'autotester04@mailinator.com' is set on object 'Object Repository/09-Settings/Users/input_email'

2023-01-11 13:22:12 - [TEST_STEP][PASSED] - setText(findTestObject("09-Settings/Users/input_firstName"), "GG"): Text 'GG' is set on object 'Object Repository/09-Settings/Users/input_firstName'

2023-01-11 13:22:14 - [MESSAGE][PASSED] - Text 'GG' is set on object 'Object Repository/09-Settings/Users/input_firstName'

2023-01-11 13:22:14 - [TEST_STEP][PASSED] - setText(findTestObject("09-Settings/Users/input_lastName"), "Auto Contact 2"): Text 'Auto Contact 2' is set on object 'Object Repository/09-Settings/Users/input_lastName'

2023-01-11 13:22:17 - [MESSAGE][PASSED] - Text 'Auto Contact 2' is set on object 'Object Repository/09-Settings/Users/input_lastName'

2023-01-11 13:22:17 - [TEST_STEP][PASSED] - click(findTestObject("09-Settings/Users/span_Role")): Object: 'Object Repository/09-Settings/Users/span_Role' is clicked on

2023-01-11 13:22:18 - [MESSAGE][PASSED] - Object: 'Object Repository/09-Settings/Users/span_Role' is clicked on

2023-01-11 13:22:18 - [TEST_STEP][PASSED] - click(findTestObject("09-Settings/Users/span_CoWorker")): Object: 'Object Repository/09-Settings/Users/span_CoWorker' is clicked on

2023-01-11 13:22:19 - [MESSAGE][PASSED] - Object: 'Object Repository/09-Settings/Users/span_CoWorker' is clicked on

2023-01-11 13:22:19 - [TEST_STEP][PASSED] - click(findTestObject("09-Settings/Users/button_Send Invitation")): Object: 'Object Repository/09-Settings/Users/button_Send Invitation' is clicked on

2023-01-11 13:22:21 - [MESSAGE][PASSED] - Object: 'Object Repository/09-Settings/Users/button_Send Invitation' is clicked on

2023-01-11 13:22:21 - [TEST_STEP][PASSED] - delay(2): Delayed 2 second(s)

2023-01-11 13:22:23 - [MESSAGE][PASSED] - Delayed 2 second(s)

2023-01-11 13:22:23 - [TEST_STEP][PASSED] - verifyElementVisible(findTestObject("07-Directory/Connections/zContact Profile/Successfully invited user")): Object 'Object Repository/07-Directory/Connections/zContact Profile/Successfully invited user' is visible

2023-01-11 13:22:26 - [MESSAGE][PASSED] - Object 'Object Repository/07-Directory/Connections/zContact Profile/Successfully invited user' is visible

2023-01-11 13:22:26 - [TEST_STEP][PASSED] - delay(2): Delayed 2 second(s)

2023-01-11 13:22:28 - [MESSAGE][PASSED] - Delayed 2 second(s)

2023-01-11 13:22:28 - [TEST_STEP][PASSED] - executeJavaScript("window.open();", []): Execute JavaScript 'window.open();' successfully

2023-01-11 13:22:28 - [MESSAGE][PASSED] - Execute JavaScript 'window.open();' successfully

2023-01-11 13:22:28 - [TEST_STEP][PASSED] - currentWindow = getWindowIndex(): Current window's index is: 0

2023-01-11 13:22:28 - [MESSAGE][PASSED] - Current window's index is: 0

2023-01-11 13:22:28 - [TEST_STEP][PASSED] - delay(3): Delayed 3 second(s)

2023-01-11 13:22:31 - [MESSAGE][PASSED] - Delayed 3 second(s)

2023-01-11 13:22:31 - [TEST_STEP][PASSED] - switchToWindowIndex(currentWindow + 1): Switched to window with index: '1'

2023-01-11 13:22:31 - [MESSAGE][PASSED] - Switched to window with index: '1'

2023-01-11 13:22:31 - [TEST_STEP][PASSED] - navigateToUrl("https://www.mailinator.com/"): Navigate to 'https://www.mailinator.com/' successfully

2023-01-11 13:22:37 - [MESSAGE][PASSED] - Navigate to 'https://www.mailinator.com/' successfully

2023-01-11 13:22:37 - [TEST_STEP][PASSED] - delay(3): Delayed 3 second(s)

2023-01-11 13:22:40 - [MESSAGE][PASSED] - Delayed 3 second(s)

2023-01-11 13:22:40 - [TEST_STEP][PASSED] - setText(findTestObject("00-Signup and Activation/zMailinator/input_LOGIN_search"), "autotester04@mailinator.com"): Text 'autotester04@mailinator.com' is set on object 'Object Repository/00-Signup and Activation/zMailinator/input_LOGIN_search'

2023-01-11 13:22:42 - [MESSAGE][PASSED] - Text 'autotester04@mailinator.com' is set on object 'Object Repository/00-Signup and Activation/zMailinator/input_LOGIN_search'

2023-01-11 13:22:42 - [TEST_STEP][PASSED] - click(findTestObject("00-Signup and Activation/zMailinator/gobutton"), STOP_ON_FAILURE): Object: 'Object Repository/00-Signup and Activation/zMailinator/gobutton' is clicked on

2023-01-11 13:22:44 - [MESSAGE][PASSED] - Object: 'Object Repository/00-Signup and Activation/zMailinator/gobutton' is clicked on

2023-01-11 13:22:44 - [TEST_STEP][PASSED] - delay(3): Delayed 3 second(s)

2023-01-11 13:22:47 - [MESSAGE][PASSED] - Delayed 3 second(s)

2023-01-11 13:22:47 - [TEST_STEP][PASSED] - closeWindowTitle("Everleagues"): Window with title: 'Everleagues' is closed

2023-01-11 13:22:48 - [MESSAGE][PASSED] - Window with title: 'Everleagues' is closed

2023-01-11 13:22:48 - [TEST_STEP][PASSED] - switchToWindowIndex(0): Switched to window with index: '0'

2023-01-11 13:22:48 - [MESSAGE][PASSED] - Switched to window with index: '0'

2023-01-11 13:22:48 - [TEST_STEP][PASSED] - click(findTestObject("09-Settings/Users/Co worker/td_Invitation from GG Automation")): Object: 'Object Repository/09-Settings/Users/Co worker/td_Invitation from GG Automation' is clicked on

2023-01-11 13:22:49 - [MESSAGE][PASSED] - Object: 'Object Repository/09-Settings/Users/Co worker/td_Invitation from GG Automation' is clicked on

2023-01-11 13:22:49 - [TEST_STEP][PASSED] - click(findTestObject("09-Settings/Users/Co worker/a_Click here to join GG Automation on EverLeagues")): Object: 'Object Repository/09-Settings/Users/Co worker/a_Click here to join GG Automation on EverLeagues' is clicked on

2023-01-11 13:22:50 - [MESSAGE][PASSED] - Object: 'Object Repository/09-Settings/Users/Co worker/a_Click here to join GG Automation on EverLeagues' is clicked on

2023-01-11 13:22:50 - [TEST_STEP][PASSED] - closeWindowTitle("Mailinator"): Window with title: 'Mailinator' is closed

2023-01-11 13:22:51 - [MESSAGE][PASSED] - Window with title: 'Mailinator' is closed

2023-01-11 13:22:51 - [TEST_STEP][PASSED] - switchToWindowIndex(0): Switched to window with index: '0'

2023-01-11 13:22:51 - [MESSAGE][PASSED] - Switched to window with index: '0'

2023-01-11 13:22:51 - [TEST_STEP][PASSED] - verifyElementVisible(findTestObject("09-Settings/Users/Co worker/Logout before proceed modal")): Object 'Object Repository/09-Settings/Users/Co worker/Logout before proceed modal' is visible

2023-01-11 13:23:14 - [MESSAGE][PASSED] - Object 'Object Repository/09-Settings/Users/Co worker/Logout before proceed modal' is visible

2023-01-11 13:23:14 - [TEST_STEP][PASSED] - click(findTestObject("09-Settings/Users/Co worker/button_Yes")): Object: 'Object Repository/09-Settings/Users/Co worker/button_Yes' is clicked on

2023-01-11 13:23:15 - [MESSAGE][PASSED] - Object: 'Object Repository/09-Settings/Users/Co worker/button_Yes' is clicked on

2023-01-11 13:23:15 - [TEST_STEP][PASSED] - delay(3): Delayed 3 second(s)

2023-01-11 13:23:18 - [MESSAGE][PASSED] - Delayed 3 second(s)

2023-01-11 13:23:18 - [TEST_STEP][PASSED] - setText(findTestObject("09-Settings/Users/Co worker/input_Email_email"), "autotester04@mailinator.com"): Text 'autotester04@mailinator.com' is set on object 'Object Repository/09-Settings/Users/Co worker/input_Email_email'

2023-01-11 13:23:19 - [MESSAGE][PASSED] - Text 'autotester04@mailinator.com' is set on object 'Object Repository/09-Settings/Users/Co worker/input_Email_email'

2023-01-11 13:23:19 - [TEST_STEP][PASSED] - setEncryptedText(findTestObject("09-Settings/Users/Co worker/input__password"), "8yFRyszE6U6jvsCn51OQbg=="): Text ****** has been set on object 'Object Repository/09-Settings/Users/Co worker/input__password'

2023-01-11 13:23:20 - [MESSAGE][PASSED] - Text ****** has been set on object 'Object Repository/09-Settings/Users/Co worker/input__password'

2023-01-11 13:23:20 - [TEST_STEP][PASSED] - click(findTestObject("02-Side Icons(Organization)/Add Contact/button_Sign in")): Object: 'Object Repository/02-Side Icons(Organization)/Add Contact/button_Sign in' is clicked on

2023-01-11 13:23:21 - [MESSAGE][PASSED] - Object: 'Object Repository/02-Side Icons(Organization)/Add Contact/button_Sign in' is clicked on

2023-01-11 13:23:21 - [TEST_STEP][PASSED] - delay(2): Delayed 2 second(s)

2023-01-11 13:23:23 - [MESSAGE][PASSED] - Delayed 2 second(s)

2023-01-11 13:23:23 - [TEST_STEP][PASSED] - click(findTestObject("06-Teams/For 2FA/button_Confirm_2FA")): Object: 'Object Repository/06-Teams/For 2FA/button_Confirm_2FA' is clicked on

2023-01-11 13:23:24 - [MESSAGE][PASSED] - Object: 'Object Repository/06-Teams/For 2FA/button_Confirm_2FA' is clicked on

2023-01-11 13:23:24 - [TEST_STEP][PASSED] - executeJavaScript("window.open();", []): Execute JavaScript 'window.open();' successfully

2023-01-11 13:23:24 - [MESSAGE][PASSED] - Execute JavaScript 'window.open();' successfully

2023-01-11 13:23:24 - [TEST_STEP][PASSED] - currentWindow = getWindowIndex(): Current window's index is: 0

2023-01-11 13:23:24 - [MESSAGE][PASSED] - Current window's index is: 0

2023-01-11 13:23:24 - [TEST_STEP][PASSED] - delay(3): Delayed 3 second(s)

2023-01-11 13:23:27 - [MESSAGE][PASSED] - Delayed 3 second(s)

2023-01-11 13:23:27 - [TEST_STEP][PASSED] - switchToWindowIndex(currentWindow + 1): Switched to window with index: '1'

2023-01-11 13:23:27 - [MESSAGE][PASSED] - Switched to window with index: '1'

2023-01-11 13:23:27 - [TEST_STEP][PASSED] - navigateToUrl("https://www.mailinator.com/"): Navigate to 'https://www.mailinator.com/' successfully

2023-01-11 13:23:33 - [MESSAGE][PASSED] - Navigate to 'https://www.mailinator.com/' successfully

2023-01-11 13:23:33 - [TEST_STEP][PASSED] - delay(3): Delayed 3 second(s)

2023-01-11 13:23:36 - [MESSAGE][PASSED] - Delayed 3 second(s)

2023-01-11 13:23:36 - [TEST_STEP][PASSED] - setText(findTestObject("00-Signup and Activation/zMailinator/input_LOGIN_search"), "autotester04@mailinator.com"): Text 'autotester04@mailinator.com' is set on object 'Object Repository/00-Signup and Activation/zMailinator/input_LOGIN_search'

2023-01-11 13:23:37 - [MESSAGE][PASSED] - Text 'autotester04@mailinator.com' is set on object 'Object Repository/00-Signup and Activation/zMailinator/input_LOGIN_search'

2023-01-11 13:23:37 - [TEST_STEP][PASSED] - click(findTestObject("00-Signup and Activation/zMailinator/gobutton"), STOP_ON_FAILURE): Object: 'Object Repository/00-Signup and Activation/zMailinator/gobutton' is clicked on

2023-01-11 13:23:41 - [MESSAGE][PASSED] - Object: 'Object Repository/00-Signup and Activation/zMailinator/gobutton' is clicked on

2023-01-11 13:23:41 - [TEST_STEP][PASSED] - delay(3): Delayed 3 second(s)

2023-01-11 13:23:44 - [MESSAGE][PASSED] - Delayed 3 second(s)

2023-01-11 13:23:44 - [TEST_STEP][PASSED] - click(findTestObject("00-Signup and Activation/zMailinator/Email - everleagues")): Object: 'Object Repository/00-Signup and Activation/zMailinator/Email - everleagues' is clicked on

2023-01-11 13:23:45 - [MESSAGE][PASSED] - Object: 'Object Repository/00-Signup and Activation/zMailinator/Email - everleagues' is clicked on

2023-01-11 13:23:45 - [TEST_STEP][PASSED] - delay(3): Delayed 3 second(s)

2023-01-11 13:23:48 - [MESSAGE][PASSED] - Delayed 3 second(s)

2023-01-11 13:23:48 - [TEST_STEP][PASSED] - codetwo = getText(findTestObject("Object Repository/06-Teams/For 2FA/2FA code")): Text of object 'Object Repository/06-Teams/For 2FA/2FA code' is: '090742'

2023-01-11 13:23:49 - [MESSAGE][PASSED] - Text of object 'Object Repository/06-Teams/For 2FA/2FA code' is: '090742'

2023-01-11 13:23:49 - [TEST_STEP][PASSED] - delay(3): Delayed 3 second(s)

2023-01-11 13:23:52 - [MESSAGE][PASSED] - Delayed 3 second(s)

2023-01-11 13:23:52 - [TEST_STEP][PASSED] - closeWindowTitle("Mailinator"): Window with title: 'Mailinator' is closed

2023-01-11 13:23:53 - [MESSAGE][PASSED] - Window with title: 'Mailinator' is closed

2023-01-11 13:23:53 - [TEST_STEP][PASSED] - delay(3): Delayed 3 second(s)

2023-01-11 13:23:56 - [MESSAGE][PASSED] - Delayed 3 second(s)

2023-01-11 13:23:56 - [TEST_STEP][PASSED] - switchToWindowIndex(0): Switched to window with index: '0'

2023-01-11 13:23:56 - [MESSAGE][PASSED] - Switched to window with index: '0'

2023-01-11 13:23:56 - [TEST_STEP][PASSED] - delay(3): Delayed 3 second(s)

2023-01-11 13:23:59 - [MESSAGE][PASSED] - Delayed 3 second(s)

2023-01-11 13:23:59 - [TEST_STEP][PASSED] - setText(findTestObject("Object Repository/06-Teams/For 2FA/input_Enter verification code_code"), codetwo): Text '090742' is set on object 'Object Repository/06-Teams/For 2FA/input_Enter verification code_code'

2023-01-11 13:24:00 - [MESSAGE][PASSED] - Text '090742' is set on object 'Object Repository/06-Teams/For 2FA/input_Enter verification code_code'

2023-01-11 13:24:00 - [TEST_STEP][PASSED] - delay(3): Delayed 3 second(s)

2023-01-11 13:24:03 - [MESSAGE][PASSED] - Delayed 3 second(s)

2023-01-11 13:24:03 - [TEST_STEP][PASSED] - click(findTestObject("06-Teams/For 2FA/button_Verify_2FA")): Object: 'Object Repository/06-Teams/For 2FA/button_Verify_2FA' is clicked on

2023-01-11 13:24:04 - [MESSAGE][PASSED] - Object: 'Object Repository/06-Teams/For 2FA/button_Verify_2FA' is clicked on

2023-01-11 13:24:04 - [TEST_STEP][PASSED] - delay(5): Delayed 5 second(s)

2023-01-11 13:24:09 - [MESSAGE][PASSED] - Delayed 5 second(s)

2023-01-11 13:24:09 - [TEST_STEP][PASSED] - executeJavaScript("window.open();", []): Execute JavaScript 'window.open();' successfully

2023-01-11 13:24:10 - [MESSAGE][PASSED] - Execute JavaScript 'window.open();' successfully

2023-01-11 13:24:10 - [TEST_STEP][PASSED] - currentWindow = getWindowIndex(): Current window's index is: 0

2023-01-11 13:24:10 - [MESSAGE][PASSED] - Current window's index is: 0

2023-01-11 13:24:10 - [TEST_STEP][PASSED] - delay(3): Delayed 3 second(s)

2023-01-11 13:24:13 - [MESSAGE][PASSED] - Delayed 3 second(s)

2023-01-11 13:24:13 - [TEST_STEP][PASSED] - switchToWindowIndex(currentWindow + 1): Switched to window with index: '1'

2023-01-11 13:24:13 - [MESSAGE][PASSED] - Switched to window with index: '1'

2023-01-11 13:24:13 - [TEST_STEP][PASSED] - navigateToUrl("https://www.mailinator.com/"): Navigate to 'https://www.mailinator.com/' successfully

2023-01-11 13:24:17 - [MESSAGE][PASSED] - Navigate to 'https://www.mailinator.com/' successfully

2023-01-11 13:24:17 - [TEST_STEP][PASSED] - delay(3): Delayed 3 second(s)

2023-01-11 13:24:20 - [MESSAGE][PASSED] - Delayed 3 second(s)

2023-01-11 13:24:20 - [TEST_STEP][PASSED] - setText(findTestObject("00-Signup and Activation/zMailinator/input_LOGIN_search"), "autotester04@mailinator.com"): Text 'autotester04@mailinator.com' is set on object 'Object Repository/00-Signup and Activation/zMailinator/input_LOGIN_search'

2023-01-11 13:24:22 - [MESSAGE][PASSED] - Text 'autotester04@mailinator.com' is set on object 'Object Repository/00-Signup and Activation/zMailinator/input_LOGIN_search'

2023-01-11 13:24:22 - [TEST_STEP][PASSED] - click(findTestObject("00-Signup and Activation/zMailinator/gobutton"), STOP_ON_FAILURE): Object: 'Object Repository/00-Signup and Activation/zMailinator/gobutton' is clicked on

2023-01-11 13:24:24 - [MESSAGE][PASSED] - Object: 'Object Repository/00-Signup and Activation/zMailinator/gobutton' is clicked on

2023-01-11 13:24:24 - [TEST_STEP][PASSED] - delay(3): Delayed 3 second(s)

2023-01-11 13:24:27 - [MESSAGE][PASSED] - Delayed 3 second(s)

2023-01-11 13:24:27 - [TEST_STEP][PASSED] - closeWindowTitle("Everleagues"): Window with title: 'Everleagues' is closed

2023-01-11 13:24:28 - [MESSAGE][PASSED] - Window with title: 'Everleagues' is closed

2023-01-11 13:24:28 - [TEST_STEP][PASSED] - switchToWindowIndex(0): Switched to window with index: '0'

2023-01-11 13:24:28 - [MESSAGE][PASSED] - Switched to window with index: '0'

2023-01-11 13:24:28 - [TEST_STEP][PASSED] - click(findTestObject("09-Settings/Users/Co worker/td_Invitation from GG Automation")): Object: 'Object Repository/09-Settings/Users/Co worker/td_Invitation from GG Automation' is clicked on

2023-01-11 13:24:29 - [MESSAGE][PASSED] - Object: 'Object Repository/09-Settings/Users/Co worker/td_Invitation from GG Automation' is clicked on

2023-01-11 13:24:29 - [TEST_STEP][PASSED] - click(findTestObject("09-Settings/Users/Co worker/a_Click here to join GG Automation on EverLeagues")): Object: 'Object Repository/09-Settings/Users/Co worker/a_Click here to join GG Automation on EverLeagues' is clicked on

2023-01-11 13:24:30 - [MESSAGE][PASSED] - Object: 'Object Repository/09-Settings/Users/Co worker/a_Click here to join GG Automation on EverLeagues' is clicked on

2023-01-11 13:24:30 - [TEST_STEP][PASSED] - delay(3): Delayed 3 second(s)

2023-01-11 13:24:33 - [MESSAGE][PASSED] - Delayed 3 second(s)

2023-01-11 13:24:33 - [TEST_STEP][PASSED] - closeWindowTitle("Mailinator"): Window with title: 'Mailinator' is closed

2023-01-11 13:24:37 - [MESSAGE][PASSED] - Window with title: 'Mailinator' is closed

2023-01-11 13:24:37 - [TEST_STEP][PASSED] - switchToWindowIndex(0): Switched to window with index: '0'

2023-01-11 13:24:37 - [MESSAGE][PASSED] - Switched to window with index: '0'

2023-01-11 13:24:37 - [TEST_STEP][PASSED] - verifyElementVisible(findTestObject("09-Settings/Users/Co worker/Invite modal")): Object 'Object Repository/09-Settings/Users/Co worker/Invite modal' is visible

2023-01-11 13:24:50 - [MESSAGE][PASSED] - Object 'Object Repository/09-Settings/Users/Co worker/Invite modal' is visible

2023-01-11 13:24:50 - [TEST_STEP][PASSED] - click(findTestObject("09-Settings/Users/Co worker/button_Accept")): Object: 'Object Repository/09-Settings/Users/Co worker/button_Accept' is clicked on

2023-01-11 13:24:51 - [MESSAGE][PASSED] - Object: 'Object Repository/09-Settings/Users/Co worker/button_Accept' is clicked on

2023-01-11 13:24:51 - [TEST_STEP][PASSED] - delay(5): Delayed 5 second(s)

2023-01-11 13:24:56 - [MESSAGE][PASSED] - Delayed 5 second(s)

2023-01-11 13:24:56 - [TEST_STEP][PASSED] - verifyElementVisible(findTestObject("09-Settings/Users/Co worker/div_Joined as CoWorker")): Object 'Object Repository/09-Settings/Users/Co worker/div_Joined as CoWorker' is visible

2023-01-11 13:25:01 - [MESSAGE][PASSED] - Object 'Object Repository/09-Settings/Users/Co worker/div_Joined as CoWorker' is visible

2023-01-11 13:25:01 - [TEST_STEP][PASSED] - closeBrowser(): Browser is closed

2023-01-11 13:25:03 - [MESSAGE][PASSED] - Browser is closed]]></system-out>
         <system-err><![CDATA[]]></system-err>
      </testcase>
      <testcase name="Test Cases/09-Settings/03 - Users (Invite new user as client)" time="511.373" classname="Test Cases/09-Settings/03 - Users (Invite new user as client)" status="PASSED">
         <system-out><![CDATA[2023-01-11 13:25:04 - [TEST_CASE][PASSED] - Test Cases/09-Settings/03 - Users (Invite new user as client): Test Cases/09-Settings/03 - Users (Invite new user as client)

2023-01-11 13:25:06 - [TEST_STEP][PASSED] - openBrowser(""): Browser is opened with url: ''

2023-01-11 13:25:06 - [MESSAGE][INFO] - Starting 'Chrome' driver

2023-01-11 13:25:06 - [MESSAGE][INFO] - Action delay is set to 0 milliseconds

2023-01-11 13:25:10 - [MESSAGE][PASSED] - Browser is opened with url: ''

2023-01-11 13:25:10 - [TEST_STEP][PASSED] - navigateToUrl("https://lab.everleagues.com/"): Navigate to 'https://lab.everleagues.com/' successfully

2023-01-11 13:29:24 - [MESSAGE][PASSED] - Navigate to 'https://lab.everleagues.com/' successfully

2023-01-11 13:29:24 - [TEST_STEP][PASSED] - maximizeWindow(): Current window maximized

2023-01-11 13:29:24 - [MESSAGE][PASSED] - Current window maximized

2023-01-11 13:29:24 - [TEST_STEP][PASSED] - setText(findTestObject("02-Side Icons(Organization)/Add Contact/Email Field"), "testuser02@mailinator.com"): Text 'testuser02@mailinator.com' is set on object 'Object Repository/02-Side Icons(Organization)/Add Contact/Email Field'

2023-01-11 13:29:26 - [MESSAGE][PASSED] - Text 'testuser02@mailinator.com' is set on object 'Object Repository/02-Side Icons(Organization)/Add Contact/Email Field'

2023-01-11 13:29:26 - [TEST_STEP][PASSED] - setEncryptedText(findTestObject("02-Side Icons(Organization)/Add Contact/Password Field"), "8yFRyszE6U6jvsCn51OQbg=="): Text ****** has been set on object 'Object Repository/02-Side Icons(Organization)/Add Contact/Password Field'

2023-01-11 13:29:27 - [MESSAGE][PASSED] - Text ****** has been set on object 'Object Repository/02-Side Icons(Organization)/Add Contact/Password Field'

2023-01-11 13:29:27 - [TEST_STEP][PASSED] - click(findTestObject("02-Side Icons(Organization)/Add Contact/button_Sign in")): Object: 'Object Repository/02-Side Icons(Organization)/Add Contact/button_Sign in' is clicked on

2023-01-11 13:29:30 - [MESSAGE][PASSED] - Object: 'Object Repository/02-Side Icons(Organization)/Add Contact/button_Sign in' is clicked on

2023-01-11 13:29:30 - [TEST_STEP][PASSED] - delay(2): Delayed 2 second(s)

2023-01-11 13:29:32 - [MESSAGE][PASSED] - Delayed 2 second(s)

2023-01-11 13:29:32 - [TEST_STEP][PASSED] - click(findTestObject("06-Teams/For 2FA/button_Confirm_2FA")): Object: 'Object Repository/06-Teams/For 2FA/button_Confirm_2FA' is clicked on

2023-01-11 13:29:33 - [MESSAGE][PASSED] - Object: 'Object Repository/06-Teams/For 2FA/button_Confirm_2FA' is clicked on

2023-01-11 13:29:33 - [TEST_STEP][PASSED] - executeJavaScript("window.open();", []): Execute JavaScript 'window.open();' successfully

2023-01-11 13:29:33 - [MESSAGE][PASSED] - Execute JavaScript 'window.open();' successfully

2023-01-11 13:29:33 - [TEST_STEP][PASSED] - currentWindow = getWindowIndex(): Current window's index is: 0

2023-01-11 13:29:33 - [MESSAGE][PASSED] - Current window's index is: 0

2023-01-11 13:29:33 - [TEST_STEP][PASSED] - delay(3): Delayed 3 second(s)

2023-01-11 13:29:36 - [MESSAGE][PASSED] - Delayed 3 second(s)

2023-01-11 13:29:36 - [TEST_STEP][PASSED] - switchToWindowIndex(currentWindow + 1): Switched to window with index: '1'

2023-01-11 13:29:36 - [MESSAGE][PASSED] - Switched to window with index: '1'

2023-01-11 13:29:36 - [TEST_STEP][PASSED] - navigateToUrl("https://www.mailinator.com/"): Navigate to 'https://www.mailinator.com/' successfully

2023-01-11 13:29:44 - [MESSAGE][PASSED] - Navigate to 'https://www.mailinator.com/' successfully

2023-01-11 13:29:44 - [TEST_STEP][PASSED] - delay(3): Delayed 3 second(s)

2023-01-11 13:29:47 - [MESSAGE][PASSED] - Delayed 3 second(s)

2023-01-11 13:29:47 - [TEST_STEP][PASSED] - setText(findTestObject("00-Signup and Activation/zMailinator/input_LOGIN_search"), "testuser02@mailinator.com"): Text 'testuser02@mailinator.com' is set on object 'Object Repository/00-Signup and Activation/zMailinator/input_LOGIN_search'

2023-01-11 13:29:48 - [MESSAGE][PASSED] - Text 'testuser02@mailinator.com' is set on object 'Object Repository/00-Signup and Activation/zMailinator/input_LOGIN_search'

2023-01-11 13:29:48 - [TEST_STEP][PASSED] - click(findTestObject("00-Signup and Activation/zMailinator/gobutton"), STOP_ON_FAILURE): Object: 'Object Repository/00-Signup and Activation/zMailinator/gobutton' is clicked on

2023-01-11 13:29:51 - [MESSAGE][PASSED] - Object: 'Object Repository/00-Signup and Activation/zMailinator/gobutton' is clicked on

2023-01-11 13:29:51 - [TEST_STEP][PASSED] - delay(3): Delayed 3 second(s)

2023-01-11 13:29:54 - [MESSAGE][PASSED] - Delayed 3 second(s)

2023-01-11 13:29:54 - [TEST_STEP][PASSED] - click(findTestObject("00-Signup and Activation/zMailinator/Email - everleagues")): Object: 'Object Repository/00-Signup and Activation/zMailinator/Email - everleagues' is clicked on

2023-01-11 13:29:55 - [MESSAGE][PASSED] - Object: 'Object Repository/00-Signup and Activation/zMailinator/Email - everleagues' is clicked on

2023-01-11 13:29:55 - [TEST_STEP][PASSED] - delay(3): Delayed 3 second(s)

2023-01-11 13:29:58 - [MESSAGE][PASSED] - Delayed 3 second(s)

2023-01-11 13:29:58 - [TEST_STEP][PASSED] - code = getText(findTestObject("Object Repository/06-Teams/For 2FA/2FA code")): Text of object 'Object Repository/06-Teams/For 2FA/2FA code' is: '700448'

2023-01-11 13:29:59 - [MESSAGE][PASSED] - Text of object 'Object Repository/06-Teams/For 2FA/2FA code' is: '700448'

2023-01-11 13:29:59 - [TEST_STEP][PASSED] - delay(3): Delayed 3 second(s)

2023-01-11 13:30:02 - [MESSAGE][PASSED] - Delayed 3 second(s)

2023-01-11 13:30:02 - [TEST_STEP][PASSED] - closeWindowTitle("Mailinator"): Window with title: 'Mailinator' is closed

2023-01-11 13:30:03 - [MESSAGE][PASSED] - Window with title: 'Mailinator' is closed

2023-01-11 13:30:03 - [TEST_STEP][PASSED] - delay(3): Delayed 3 second(s)

2023-01-11 13:30:06 - [MESSAGE][PASSED] - Delayed 3 second(s)

2023-01-11 13:30:06 - [TEST_STEP][PASSED] - switchToWindowIndex(0): Switched to window with index: '0'

2023-01-11 13:30:06 - [MESSAGE][PASSED] - Switched to window with index: '0'

2023-01-11 13:30:06 - [TEST_STEP][PASSED] - delay(3): Delayed 3 second(s)

2023-01-11 13:30:09 - [MESSAGE][PASSED] - Delayed 3 second(s)

2023-01-11 13:30:09 - [TEST_STEP][PASSED] - setText(findTestObject("Object Repository/06-Teams/For 2FA/input_Enter verification code_code"), code): Text '700448' is set on object 'Object Repository/06-Teams/For 2FA/input_Enter verification code_code'

2023-01-11 13:30:11 - [MESSAGE][PASSED] - Text '700448' is set on object 'Object Repository/06-Teams/For 2FA/input_Enter verification code_code'

2023-01-11 13:30:11 - [TEST_STEP][PASSED] - delay(3): Delayed 3 second(s)

2023-01-11 13:30:14 - [MESSAGE][PASSED] - Delayed 3 second(s)

2023-01-11 13:30:14 - [TEST_STEP][PASSED] - click(findTestObject("06-Teams/For 2FA/button_Verify_2FA")): Object: 'Object Repository/06-Teams/For 2FA/button_Verify_2FA' is clicked on

2023-01-11 13:30:15 - [MESSAGE][PASSED] - Object: 'Object Repository/06-Teams/For 2FA/button_Verify_2FA' is clicked on

2023-01-11 13:30:15 - [TEST_STEP][PASSED] - delay(5): Delayed 5 second(s)

2023-01-11 13:30:20 - [MESSAGE][PASSED] - Delayed 5 second(s)

2023-01-11 13:30:20 - [TEST_STEP][PASSED] - click(findTestObject("06-Teams/button_doublearrow")): Object: 'Object Repository/06-Teams/button_doublearrow' is clicked on

2023-01-11 13:30:22 - [MESSAGE][PASSED] - Object: 'Object Repository/06-Teams/button_doublearrow' is clicked on

2023-01-11 13:30:22 - [TEST_STEP][PASSED] - click(findTestObject("06-Teams/button_My Organizations")): Object: 'Object Repository/06-Teams/button_My Organizations' is clicked on

2023-01-11 13:30:22 - [MESSAGE][PASSED] - Object: 'Object Repository/06-Teams/button_My Organizations' is clicked on

2023-01-11 13:30:22 - [TEST_STEP][PASSED] - click(findTestObject("06-Teams/button_GG Automation")): Object: 'Object Repository/06-Teams/button_GG Automation' is clicked on

2023-01-11 13:30:23 - [MESSAGE][PASSED] - Object: 'Object Repository/06-Teams/button_GG Automation' is clicked on

2023-01-11 13:30:23 - [TEST_STEP][PASSED] - delay(4): Delayed 4 second(s)

2023-01-11 13:30:27 - [MESSAGE][PASSED] - Delayed 4 second(s)

2023-01-11 13:30:27 - [TEST_STEP][PASSED] - verifyElementVisible(findTestObject("06-Teams/span_GG Automation")): Object 'Object Repository/06-Teams/span_GG Automation' is visible

2023-01-11 13:30:28 - [MESSAGE][PASSED] - Object 'Object Repository/06-Teams/span_GG Automation' is visible

2023-01-11 13:30:28 - [TEST_STEP][PASSED] - delay(5): Delayed 5 second(s)

2023-01-11 13:30:33 - [MESSAGE][PASSED] - Delayed 5 second(s)

2023-01-11 13:30:33 - [TEST_STEP][PASSED] - click(findTestObject("03-Header Menu/Hamburger Button/div_Settings")): Object: 'Object Repository/03-Header Menu/Hamburger Button/div_Settings' is clicked on

2023-01-11 13:30:34 - [MESSAGE][PASSED] - Object: 'Object Repository/03-Header Menu/Hamburger Button/div_Settings' is clicked on

2023-01-11 13:30:34 - [TEST_STEP][PASSED] - delay(3): Delayed 3 second(s)

2023-01-11 13:30:37 - [MESSAGE][PASSED] - Delayed 3 second(s)

2023-01-11 13:30:37 - [TEST_STEP][PASSED] - scrollToElement(findTestObject("09-Settings/Users/div_Users"), 0): Scroll to object 'Object Repository/09-Settings/Users/div_Users' successfully

2023-01-11 13:30:37 - [MESSAGE][WARNING] - Timeout '0' is invalid. Using default page load timeout: '30'

2023-01-11 13:30:37 - [MESSAGE][PASSED] - Scroll to object 'Object Repository/09-Settings/Users/div_Users' successfully

2023-01-11 13:30:37 - [TEST_STEP][PASSED] - click(findTestObject("09-Settings/Users/div_Users")): Object: 'Object Repository/09-Settings/Users/div_Users' is clicked on

2023-01-11 13:30:40 - [MESSAGE][PASSED] - Object: 'Object Repository/09-Settings/Users/div_Users' is clicked on

2023-01-11 13:30:40 - [TEST_STEP][PASSED] - delay(3): Delayed 3 second(s)

2023-01-11 13:30:43 - [MESSAGE][PASSED] - Delayed 3 second(s)

2023-01-11 13:30:43 - [TEST_STEP][PASSED] - click(findTestObject("09-Settings/Users/button_add")): Object: 'Object Repository/09-Settings/Users/button_add' is clicked on

2023-01-11 13:30:44 - [MESSAGE][PASSED] - Object: 'Object Repository/09-Settings/Users/button_add' is clicked on

2023-01-11 13:30:44 - [TEST_STEP][PASSED] - delay(3): Delayed 3 second(s)

2023-01-11 13:30:47 - [MESSAGE][PASSED] - Delayed 3 second(s)

2023-01-11 13:30:47 - [TEST_STEP][PASSED] - click(findTestObject("09-Settings/Users/add Invite a single user")): Object: 'Object Repository/09-Settings/Users/add Invite a single user' is clicked on

2023-01-11 13:30:48 - [MESSAGE][PASSED] - Object: 'Object Repository/09-Settings/Users/add Invite a single user' is clicked on

2023-01-11 13:30:48 - [TEST_STEP][PASSED] - delay(3): Delayed 3 second(s)

2023-01-11 13:30:51 - [MESSAGE][PASSED] - Delayed 3 second(s)

2023-01-11 13:30:51 - [TEST_STEP][PASSED] - setText(findTestObject("09-Settings/Users/input_email"), "autotester09@mailinator.com"): Text 'autotester09@mailinator.com' is set on object 'Object Repository/09-Settings/Users/input_email'

2023-01-11 13:30:54 - [MESSAGE][PASSED] - Text 'autotester09@mailinator.com' is set on object 'Object Repository/09-Settings/Users/input_email'

2023-01-11 13:30:54 - [TEST_STEP][PASSED] - setText(findTestObject("09-Settings/Users/input_firstName"), "GG"): Text 'GG' is set on object 'Object Repository/09-Settings/Users/input_firstName'

2023-01-11 13:30:56 - [MESSAGE][PASSED] - Text 'GG' is set on object 'Object Repository/09-Settings/Users/input_firstName'

2023-01-11 13:30:56 - [TEST_STEP][PASSED] - setText(findTestObject("09-Settings/Users/input_lastName"), "Client"): Text 'Client' is set on object 'Object Repository/09-Settings/Users/input_lastName'

2023-01-11 13:30:58 - [MESSAGE][PASSED] - Text 'Client' is set on object 'Object Repository/09-Settings/Users/input_lastName'

2023-01-11 13:30:58 - [TEST_STEP][PASSED] - click(findTestObject("09-Settings/Users/span_Role")): Object: 'Object Repository/09-Settings/Users/span_Role' is clicked on

2023-01-11 13:30:59 - [MESSAGE][PASSED] - Object: 'Object Repository/09-Settings/Users/span_Role' is clicked on

2023-01-11 13:30:59 - [TEST_STEP][PASSED] - click(findTestObject("09-Settings/Users/span_Client")): Object: 'Object Repository/09-Settings/Users/span_Client' is clicked on

2023-01-11 13:31:00 - [MESSAGE][PASSED] - Object: 'Object Repository/09-Settings/Users/span_Client' is clicked on

2023-01-11 13:31:00 - [TEST_STEP][PASSED] - click(findTestObject("09-Settings/Users/button_Send Invitation")): Object: 'Object Repository/09-Settings/Users/button_Send Invitation' is clicked on

2023-01-11 13:31:01 - [MESSAGE][PASSED] - Object: 'Object Repository/09-Settings/Users/button_Send Invitation' is clicked on

2023-01-11 13:31:01 - [TEST_STEP][PASSED] - delay(2): Delayed 2 second(s)

2023-01-11 13:31:03 - [MESSAGE][PASSED] - Delayed 2 second(s)

2023-01-11 13:31:03 - [TEST_STEP][PASSED] - verifyElementVisible(findTestObject("07-Directory/Connections/zContact Profile/Successfully invited user")): Object 'Object Repository/07-Directory/Connections/zContact Profile/Successfully invited user' is visible

2023-01-11 13:31:05 - [MESSAGE][PASSED] - Object 'Object Repository/07-Directory/Connections/zContact Profile/Successfully invited user' is visible

2023-01-11 13:31:05 - [TEST_STEP][PASSED] - delay(2): Delayed 2 second(s)

2023-01-11 13:31:07 - [MESSAGE][PASSED] - Delayed 2 second(s)

2023-01-11 13:31:07 - [TEST_STEP][PASSED] - click(findTestObject("01-Login and Forgot Password/User menu drop")): Object: 'Object Repository/01-Login and Forgot Password/User menu drop' is clicked on

2023-01-11 13:31:09 - [MESSAGE][PASSED] - Object: 'Object Repository/01-Login and Forgot Password/User menu drop' is clicked on

2023-01-11 13:31:09 - [TEST_STEP][PASSED] - delay(2): Delayed 2 second(s)

2023-01-11 13:31:11 - [MESSAGE][PASSED] - Delayed 2 second(s)

2023-01-11 13:31:11 - [TEST_STEP][PASSED] - click(findTestObject("01-Login and Forgot Password/h4_Sign Out"), STOP_ON_FAILURE): Object: 'Object Repository/01-Login and Forgot Password/h4_Sign Out' is clicked on

2023-01-11 13:31:11 - [MESSAGE][PASSED] - Object: 'Object Repository/01-Login and Forgot Password/h4_Sign Out' is clicked on

2023-01-11 13:31:11 - [TEST_STEP][PASSED] - delay(2): Delayed 2 second(s)

2023-01-11 13:31:13 - [MESSAGE][PASSED] - Delayed 2 second(s)

2023-01-11 13:31:13 - [TEST_STEP][PASSED] - verifyElementPresent(findTestObject("01-Login and Forgot Password/Login_Card"), 0): Object 'Object Repository/01-Login and Forgot Password/Login_Card' is present

2023-01-11 13:31:14 - [MESSAGE][WARNING] - Timeout '0' is invalid. Using default page load timeout: '30'

2023-01-11 13:31:15 - [MESSAGE][PASSED] - Object 'Object Repository/01-Login and Forgot Password/Login_Card' is present

2023-01-11 13:31:15 - [TEST_STEP][PASSED] - delay(3): Delayed 3 second(s)

2023-01-11 13:31:18 - [MESSAGE][PASSED] - Delayed 3 second(s)

2023-01-11 13:31:18 - [TEST_STEP][PASSED] - closeBrowser(): Browser is closed

2023-01-11 13:31:19 - [MESSAGE][PASSED] - Browser is closed

2023-01-11 13:31:19 - [TEST_STEP][PASSED] - openBrowser(""): Browser is opened with url: ''

2023-01-11 13:31:19 - [MESSAGE][INFO] - Starting 'Chrome' driver

2023-01-11 13:31:19 - [MESSAGE][INFO] - Action delay is set to 0 milliseconds

2023-01-11 13:31:23 - [MESSAGE][PASSED] - Browser is opened with url: ''

2023-01-11 13:31:23 - [TEST_STEP][PASSED] - navigateToUrl("https://lab.everleagues.com/"): Navigate to 'https://lab.everleagues.com/' successfully

2023-01-11 13:31:41 - [MESSAGE][PASSED] - Navigate to 'https://lab.everleagues.com/' successfully

2023-01-11 13:31:41 - [TEST_STEP][PASSED] - maximizeWindow(): Current window maximized

2023-01-11 13:31:42 - [MESSAGE][PASSED] - Current window maximized

2023-01-11 13:31:42 - [TEST_STEP][PASSED] - setText(findTestObject("02-Side Icons(Organization)/Add Contact/Email Field"), "autotester09@mailinator.com"): Text 'autotester09@mailinator.com' is set on object 'Object Repository/02-Side Icons(Organization)/Add Contact/Email Field'

2023-01-11 13:31:43 - [MESSAGE][PASSED] - Text 'autotester09@mailinator.com' is set on object 'Object Repository/02-Side Icons(Organization)/Add Contact/Email Field'

2023-01-11 13:31:43 - [TEST_STEP][PASSED] - setEncryptedText(findTestObject("02-Side Icons(Organization)/Add Contact/Password Field"), "8yFRyszE6U6jvsCn51OQbg=="): Text ****** has been set on object 'Object Repository/02-Side Icons(Organization)/Add Contact/Password Field'

2023-01-11 13:31:44 - [MESSAGE][PASSED] - Text ****** has been set on object 'Object Repository/02-Side Icons(Organization)/Add Contact/Password Field'

2023-01-11 13:31:44 - [TEST_STEP][PASSED] - click(findTestObject("02-Side Icons(Organization)/Add Contact/button_Sign in")): Object: 'Object Repository/02-Side Icons(Organization)/Add Contact/button_Sign in' is clicked on

2023-01-11 13:31:45 - [MESSAGE][PASSED] - Object: 'Object Repository/02-Side Icons(Organization)/Add Contact/button_Sign in' is clicked on

2023-01-11 13:31:45 - [TEST_STEP][PASSED] - delay(2): Delayed 2 second(s)

2023-01-11 13:31:47 - [MESSAGE][PASSED] - Delayed 2 second(s)

2023-01-11 13:31:47 - [TEST_STEP][PASSED] - click(findTestObject("06-Teams/For 2FA/button_Confirm_2FA")): Object: 'Object Repository/06-Teams/For 2FA/button_Confirm_2FA' is clicked on

2023-01-11 13:31:48 - [MESSAGE][PASSED] - Object: 'Object Repository/06-Teams/For 2FA/button_Confirm_2FA' is clicked on

2023-01-11 13:31:48 - [TEST_STEP][PASSED] - executeJavaScript("window.open();", []): Execute JavaScript 'window.open();' successfully

2023-01-11 13:31:48 - [MESSAGE][PASSED] - Execute JavaScript 'window.open();' successfully

2023-01-11 13:31:48 - [TEST_STEP][PASSED] - currentWindow = getWindowIndex(): Current window's index is: 0

2023-01-11 13:31:48 - [MESSAGE][PASSED] - Current window's index is: 0

2023-01-11 13:31:48 - [TEST_STEP][PASSED] - delay(3): Delayed 3 second(s)

2023-01-11 13:31:51 - [MESSAGE][PASSED] - Delayed 3 second(s)

2023-01-11 13:31:51 - [TEST_STEP][PASSED] - switchToWindowIndex(currentWindow + 1): Switched to window with index: '1'

2023-01-11 13:31:51 - [MESSAGE][PASSED] - Switched to window with index: '1'

2023-01-11 13:31:51 - [TEST_STEP][PASSED] - navigateToUrl("https://www.mailinator.com/"): Navigate to 'https://www.mailinator.com/' successfully

2023-01-11 13:31:59 - [MESSAGE][PASSED] - Navigate to 'https://www.mailinator.com/' successfully

2023-01-11 13:31:59 - [TEST_STEP][PASSED] - delay(3): Delayed 3 second(s)

2023-01-11 13:32:02 - [MESSAGE][PASSED] - Delayed 3 second(s)

2023-01-11 13:32:02 - [TEST_STEP][PASSED] - setText(findTestObject("00-Signup and Activation/zMailinator/input_LOGIN_search"), "autotester09@mailinator.com"): Text 'autotester09@mailinator.com' is set on object 'Object Repository/00-Signup and Activation/zMailinator/input_LOGIN_search'

2023-01-11 13:32:04 - [MESSAGE][PASSED] - Text 'autotester09@mailinator.com' is set on object 'Object Repository/00-Signup and Activation/zMailinator/input_LOGIN_search'

2023-01-11 13:32:04 - [TEST_STEP][PASSED] - click(findTestObject("00-Signup and Activation/zMailinator/gobutton"), STOP_ON_FAILURE): Object: 'Object Repository/00-Signup and Activation/zMailinator/gobutton' is clicked on

2023-01-11 13:32:12 - [MESSAGE][PASSED] - Object: 'Object Repository/00-Signup and Activation/zMailinator/gobutton' is clicked on

2023-01-11 13:32:12 - [TEST_STEP][PASSED] - delay(3): Delayed 3 second(s)

2023-01-11 13:32:15 - [MESSAGE][PASSED] - Delayed 3 second(s)

2023-01-11 13:32:15 - [TEST_STEP][PASSED] - click(findTestObject("00-Signup and Activation/zMailinator/Email - everleagues")): Object: 'Object Repository/00-Signup and Activation/zMailinator/Email - everleagues' is clicked on

2023-01-11 13:32:16 - [MESSAGE][PASSED] - Object: 'Object Repository/00-Signup and Activation/zMailinator/Email - everleagues' is clicked on

2023-01-11 13:32:16 - [TEST_STEP][PASSED] - delay(3): Delayed 3 second(s)

2023-01-11 13:32:19 - [MESSAGE][PASSED] - Delayed 3 second(s)

2023-01-11 13:32:19 - [TEST_STEP][PASSED] - codetwo = getText(findTestObject("Object Repository/06-Teams/For 2FA/2FA code")): Text of object 'Object Repository/06-Teams/For 2FA/2FA code' is: '962900'

2023-01-11 13:32:20 - [MESSAGE][PASSED] - Text of object 'Object Repository/06-Teams/For 2FA/2FA code' is: '962900'

2023-01-11 13:32:20 - [TEST_STEP][PASSED] - delay(3): Delayed 3 second(s)

2023-01-11 13:32:23 - [MESSAGE][PASSED] - Delayed 3 second(s)

2023-01-11 13:32:23 - [TEST_STEP][PASSED] - closeWindowTitle("Mailinator"): Window with title: 'Mailinator' is closed

2023-01-11 13:32:24 - [MESSAGE][PASSED] - Window with title: 'Mailinator' is closed

2023-01-11 13:32:24 - [TEST_STEP][PASSED] - delay(3): Delayed 3 second(s)

2023-01-11 13:32:27 - [MESSAGE][PASSED] - Delayed 3 second(s)

2023-01-11 13:32:27 - [TEST_STEP][PASSED] - switchToWindowIndex(0): Switched to window with index: '0'

2023-01-11 13:32:27 - [MESSAGE][PASSED] - Switched to window with index: '0'

2023-01-11 13:32:27 - [TEST_STEP][PASSED] - delay(3): Delayed 3 second(s)

2023-01-11 13:32:30 - [MESSAGE][PASSED] - Delayed 3 second(s)

2023-01-11 13:32:30 - [TEST_STEP][PASSED] - setText(findTestObject("Object Repository/06-Teams/For 2FA/input_Enter verification code_code"), codetwo): Text '962900' is set on object 'Object Repository/06-Teams/For 2FA/input_Enter verification code_code'

2023-01-11 13:32:31 - [MESSAGE][PASSED] - Text '962900' is set on object 'Object Repository/06-Teams/For 2FA/input_Enter verification code_code'

2023-01-11 13:32:31 - [TEST_STEP][PASSED] - delay(3): Delayed 3 second(s)

2023-01-11 13:32:34 - [MESSAGE][PASSED] - Delayed 3 second(s)

2023-01-11 13:32:34 - [TEST_STEP][PASSED] - click(findTestObject("06-Teams/For 2FA/button_Verify_2FA")): Object: 'Object Repository/06-Teams/For 2FA/button_Verify_2FA' is clicked on

2023-01-11 13:32:35 - [MESSAGE][PASSED] - Object: 'Object Repository/06-Teams/For 2FA/button_Verify_2FA' is clicked on

2023-01-11 13:32:35 - [TEST_STEP][PASSED] - delay(5): Delayed 5 second(s)

2023-01-11 13:32:40 - [MESSAGE][PASSED] - Delayed 5 second(s)

2023-01-11 13:32:40 - [TEST_STEP][PASSED] - executeJavaScript("window.open();", []): Execute JavaScript 'window.open();' successfully

2023-01-11 13:32:40 - [MESSAGE][PASSED] - Execute JavaScript 'window.open();' successfully

2023-01-11 13:32:40 - [TEST_STEP][PASSED] - currentWindow = getWindowIndex(): Current window's index is: 0

2023-01-11 13:32:40 - [MESSAGE][PASSED] - Current window's index is: 0

2023-01-11 13:32:40 - [TEST_STEP][PASSED] - delay(3): Delayed 3 second(s)

2023-01-11 13:32:43 - [MESSAGE][PASSED] - Delayed 3 second(s)

2023-01-11 13:32:43 - [TEST_STEP][PASSED] - switchToWindowIndex(currentWindow + 1): Switched to window with index: '1'

2023-01-11 13:32:43 - [MESSAGE][PASSED] - Switched to window with index: '1'

2023-01-11 13:32:43 - [TEST_STEP][PASSED] - navigateToUrl("https://www.mailinator.com/"): Navigate to 'https://www.mailinator.com/' successfully

2023-01-11 13:32:49 - [MESSAGE][PASSED] - Navigate to 'https://www.mailinator.com/' successfully

2023-01-11 13:32:49 - [TEST_STEP][PASSED] - delay(3): Delayed 3 second(s)

2023-01-11 13:32:52 - [MESSAGE][PASSED] - Delayed 3 second(s)

2023-01-11 13:32:52 - [TEST_STEP][PASSED] - setText(findTestObject("00-Signup and Activation/zMailinator/input_LOGIN_search"), "autotester09@mailinator.com"): Text 'autotester09@mailinator.com' is set on object 'Object Repository/00-Signup and Activation/zMailinator/input_LOGIN_search'

2023-01-11 13:32:53 - [MESSAGE][PASSED] - Text 'autotester09@mailinator.com' is set on object 'Object Repository/00-Signup and Activation/zMailinator/input_LOGIN_search'

2023-01-11 13:32:53 - [TEST_STEP][PASSED] - click(findTestObject("00-Signup and Activation/zMailinator/gobutton"), STOP_ON_FAILURE): Object: 'Object Repository/00-Signup and Activation/zMailinator/gobutton' is clicked on

2023-01-11 13:32:56 - [MESSAGE][PASSED] - Object: 'Object Repository/00-Signup and Activation/zMailinator/gobutton' is clicked on

2023-01-11 13:32:56 - [TEST_STEP][PASSED] - delay(3): Delayed 3 second(s)

2023-01-11 13:32:59 - [MESSAGE][PASSED] - Delayed 3 second(s)

2023-01-11 13:32:59 - [TEST_STEP][PASSED] - closeWindowTitle("Everleagues"): Window with title: 'Everleagues' is closed

2023-01-11 13:32:59 - [MESSAGE][PASSED] - Window with title: 'Everleagues' is closed

2023-01-11 13:32:59 - [TEST_STEP][PASSED] - switchToWindowIndex(0): Switched to window with index: '0'

2023-01-11 13:32:59 - [MESSAGE][PASSED] - Switched to window with index: '0'

2023-01-11 13:32:59 - [TEST_STEP][PASSED] - click(findTestObject("09-Settings/Users/Co worker/td_Invitation from GG Automation")): Object: 'Object Repository/09-Settings/Users/Co worker/td_Invitation from GG Automation' is clicked on

2023-01-11 13:33:00 - [MESSAGE][PASSED] - Object: 'Object Repository/09-Settings/Users/Co worker/td_Invitation from GG Automation' is clicked on

2023-01-11 13:33:00 - [TEST_STEP][PASSED] - click(findTestObject("09-Settings/Users/Co worker/a_Click here to join GG Automation on EverLeagues")): Object: 'Object Repository/09-Settings/Users/Co worker/a_Click here to join GG Automation on EverLeagues' is clicked on

2023-01-11 13:33:01 - [MESSAGE][PASSED] - Object: 'Object Repository/09-Settings/Users/Co worker/a_Click here to join GG Automation on EverLeagues' is clicked on

2023-01-11 13:33:01 - [TEST_STEP][PASSED] - closeWindowTitle("Mailinator"): Window with title: 'Mailinator' is closed

2023-01-11 13:33:02 - [MESSAGE][PASSED] - Window with title: 'Mailinator' is closed

2023-01-11 13:33:02 - [TEST_STEP][PASSED] - switchToWindowIndex(0): Switched to window with index: '0'

2023-01-11 13:33:02 - [MESSAGE][PASSED] - Switched to window with index: '0'

2023-01-11 13:33:02 - [TEST_STEP][PASSED] - verifyElementVisible(findTestObject("09-Settings/Users/Client/Invite modal")): Object 'Object Repository/09-Settings/Users/Client/Invite modal' is visible

2023-01-11 13:33:21 - [MESSAGE][PASSED] - Object 'Object Repository/09-Settings/Users/Client/Invite modal' is visible

2023-01-11 13:33:21 - [TEST_STEP][PASSED] - setText(findTestObject("09-Settings/Users/Client/Company field"), "QA Company"): Text 'QA Company' is set on object 'Object Repository/09-Settings/Users/Client/Company field'

2023-01-11 13:33:23 - [MESSAGE][PASSED] - Text 'QA Company' is set on object 'Object Repository/09-Settings/Users/Client/Company field'

2023-01-11 13:33:23 - [TEST_STEP][PASSED] - click(findTestObject("09-Settings/Users/Client/button_Accept")): Object: 'Object Repository/09-Settings/Users/Client/button_Accept' is clicked on

2023-01-11 13:33:24 - [MESSAGE][PASSED] - Object: 'Object Repository/09-Settings/Users/Client/button_Accept' is clicked on

2023-01-11 13:33:24 - [TEST_STEP][PASSED] - delay(5): Delayed 5 second(s)

2023-01-11 13:33:29 - [MESSAGE][PASSED] - Delayed 5 second(s)

2023-01-11 13:33:29 - [TEST_STEP][PASSED] - verifyElementVisible(findTestObject("09-Settings/Users/Client/div_Joined as CLIENT")): Object 'Object Repository/09-Settings/Users/Client/div_Joined as CLIENT' is visible

2023-01-11 13:33:30 - [MESSAGE][PASSED] - Object 'Object Repository/09-Settings/Users/Client/div_Joined as CLIENT' is visible

2023-01-11 13:33:30 - [TEST_STEP][PASSED] - delay(3): Delayed 3 second(s)

2023-01-11 13:33:33 - [MESSAGE][PASSED] - Delayed 3 second(s)

2023-01-11 13:33:33 - [TEST_STEP][PASSED] - closeBrowser(): Browser is closed

2023-01-11 13:33:35 - [MESSAGE][PASSED] - Browser is closed]]></system-out>
         <system-err><![CDATA[]]></system-err>
      </testcase>
      <testcase name="Test Cases/09-Settings/04 - Users (Invite new user as partner)" time="443.701" classname="Test Cases/09-Settings/04 - Users (Invite new user as partner)" status="PASSED">
         <system-out><![CDATA[2023-01-11 13:33:35 - [TEST_CASE][PASSED] - Test Cases/09-Settings/04 - Users (Invite new user as partner): Test Cases/09-Settings/04 - Users (Invite new user as partner)

2023-01-11 13:33:37 - [TEST_STEP][PASSED] - openBrowser(""): Browser is opened with url: ''

2023-01-11 13:33:37 - [MESSAGE][INFO] - Starting 'Chrome' driver

2023-01-11 13:33:37 - [MESSAGE][INFO] - Action delay is set to 0 milliseconds

2023-01-11 13:33:39 - [MESSAGE][PASSED] - Browser is opened with url: ''

2023-01-11 13:33:39 - [TEST_STEP][PASSED] - navigateToUrl("https://lab.everleagues.com/"): Navigate to 'https://lab.everleagues.com/' successfully

2023-01-11 13:33:58 - [MESSAGE][PASSED] - Navigate to 'https://lab.everleagues.com/' successfully

2023-01-11 13:33:58 - [TEST_STEP][PASSED] - maximizeWindow(): Current window maximized

2023-01-11 13:33:58 - [MESSAGE][PASSED] - Current window maximized

2023-01-11 13:33:58 - [TEST_STEP][PASSED] - setText(findTestObject("02-Side Icons(Organization)/Add Contact/Email Field"), "testuser02@mailinator.com"): Text 'testuser02@mailinator.com' is set on object 'Object Repository/02-Side Icons(Organization)/Add Contact/Email Field'

2023-01-11 13:34:01 - [MESSAGE][PASSED] - Text 'testuser02@mailinator.com' is set on object 'Object Repository/02-Side Icons(Organization)/Add Contact/Email Field'

2023-01-11 13:34:01 - [TEST_STEP][PASSED] - setEncryptedText(findTestObject("02-Side Icons(Organization)/Add Contact/Password Field"), "8yFRyszE6U6jvsCn51OQbg=="): Text ****** has been set on object 'Object Repository/02-Side Icons(Organization)/Add Contact/Password Field'

2023-01-11 13:34:02 - [MESSAGE][PASSED] - Text ****** has been set on object 'Object Repository/02-Side Icons(Organization)/Add Contact/Password Field'

2023-01-11 13:34:02 - [TEST_STEP][PASSED] - click(findTestObject("02-Side Icons(Organization)/Add Contact/button_Sign in")): Object: 'Object Repository/02-Side Icons(Organization)/Add Contact/button_Sign in' is clicked on

2023-01-11 13:34:03 - [MESSAGE][PASSED] - Object: 'Object Repository/02-Side Icons(Organization)/Add Contact/button_Sign in' is clicked on

2023-01-11 13:34:03 - [TEST_STEP][PASSED] - delay(2): Delayed 2 second(s)

2023-01-11 13:34:05 - [MESSAGE][PASSED] - Delayed 2 second(s)

2023-01-11 13:34:05 - [TEST_STEP][PASSED] - click(findTestObject("06-Teams/For 2FA/button_Confirm_2FA")): Object: 'Object Repository/06-Teams/For 2FA/button_Confirm_2FA' is clicked on

2023-01-11 13:34:05 - [MESSAGE][PASSED] - Object: 'Object Repository/06-Teams/For 2FA/button_Confirm_2FA' is clicked on

2023-01-11 13:34:05 - [TEST_STEP][PASSED] - executeJavaScript("window.open();", []): Execute JavaScript 'window.open();' successfully

2023-01-11 13:34:06 - [MESSAGE][PASSED] - Execute JavaScript 'window.open();' successfully

2023-01-11 13:34:06 - [TEST_STEP][PASSED] - currentWindow = getWindowIndex(): Current window's index is: 0

2023-01-11 13:34:06 - [MESSAGE][PASSED] - Current window's index is: 0

2023-01-11 13:34:06 - [TEST_STEP][PASSED] - delay(3): Delayed 3 second(s)

2023-01-11 13:34:09 - [MESSAGE][PASSED] - Delayed 3 second(s)

2023-01-11 13:34:09 - [TEST_STEP][PASSED] - switchToWindowIndex(currentWindow + 1): Switched to window with index: '1'

2023-01-11 13:34:09 - [MESSAGE][PASSED] - Switched to window with index: '1'

2023-01-11 13:34:09 - [TEST_STEP][PASSED] - navigateToUrl("https://www.mailinator.com/"): Navigate to 'https://www.mailinator.com/' successfully

2023-01-11 13:34:22 - [MESSAGE][PASSED] - Navigate to 'https://www.mailinator.com/' successfully

2023-01-11 13:34:22 - [TEST_STEP][PASSED] - delay(3): Delayed 3 second(s)

2023-01-11 13:34:25 - [MESSAGE][PASSED] - Delayed 3 second(s)

2023-01-11 13:34:25 - [TEST_STEP][PASSED] - setText(findTestObject("00-Signup and Activation/zMailinator/input_LOGIN_search"), "testuser02@mailinator.com"): Text 'testuser02@mailinator.com' is set on object 'Object Repository/00-Signup and Activation/zMailinator/input_LOGIN_search'

2023-01-11 13:34:27 - [MESSAGE][PASSED] - Text 'testuser02@mailinator.com' is set on object 'Object Repository/00-Signup and Activation/zMailinator/input_LOGIN_search'

2023-01-11 13:34:27 - [TEST_STEP][PASSED] - click(findTestObject("00-Signup and Activation/zMailinator/gobutton"), STOP_ON_FAILURE): Object: 'Object Repository/00-Signup and Activation/zMailinator/gobutton' is clicked on

2023-01-11 13:34:29 - [MESSAGE][PASSED] - Object: 'Object Repository/00-Signup and Activation/zMailinator/gobutton' is clicked on

2023-01-11 13:34:29 - [TEST_STEP][PASSED] - delay(3): Delayed 3 second(s)

2023-01-11 13:34:32 - [MESSAGE][PASSED] - Delayed 3 second(s)

2023-01-11 13:34:32 - [TEST_STEP][PASSED] - click(findTestObject("00-Signup and Activation/zMailinator/Email - everleagues")): Object: 'Object Repository/00-Signup and Activation/zMailinator/Email - everleagues' is clicked on

2023-01-11 13:34:33 - [MESSAGE][PASSED] - Object: 'Object Repository/00-Signup and Activation/zMailinator/Email - everleagues' is clicked on

2023-01-11 13:34:33 - [TEST_STEP][PASSED] - delay(3): Delayed 3 second(s)

2023-01-11 13:34:36 - [MESSAGE][PASSED] - Delayed 3 second(s)

2023-01-11 13:34:36 - [TEST_STEP][PASSED] - code = getText(findTestObject("Object Repository/06-Teams/For 2FA/2FA code")): Text of object 'Object Repository/06-Teams/For 2FA/2FA code' is: '444750'

2023-01-11 13:34:37 - [MESSAGE][PASSED] - Text of object 'Object Repository/06-Teams/For 2FA/2FA code' is: '444750'

2023-01-11 13:34:37 - [TEST_STEP][PASSED] - delay(3): Delayed 3 second(s)

2023-01-11 13:34:40 - [MESSAGE][PASSED] - Delayed 3 second(s)

2023-01-11 13:34:40 - [TEST_STEP][PASSED] - closeWindowTitle("Mailinator"): Window with title: 'Mailinator' is closed

2023-01-11 13:34:41 - [MESSAGE][PASSED] - Window with title: 'Mailinator' is closed

2023-01-11 13:34:41 - [TEST_STEP][PASSED] - delay(3): Delayed 3 second(s)

2023-01-11 13:34:44 - [MESSAGE][PASSED] - Delayed 3 second(s)

2023-01-11 13:34:44 - [TEST_STEP][PASSED] - switchToWindowIndex(0): Switched to window with index: '0'

2023-01-11 13:34:44 - [MESSAGE][PASSED] - Switched to window with index: '0'

2023-01-11 13:34:44 - [TEST_STEP][PASSED] - delay(3): Delayed 3 second(s)

2023-01-11 13:34:47 - [MESSAGE][PASSED] - Delayed 3 second(s)

2023-01-11 13:34:47 - [TEST_STEP][PASSED] - setText(findTestObject("Object Repository/06-Teams/For 2FA/input_Enter verification code_code"), code): Text '444750' is set on object 'Object Repository/06-Teams/For 2FA/input_Enter verification code_code'

2023-01-11 13:34:48 - [MESSAGE][PASSED] - Text '444750' is set on object 'Object Repository/06-Teams/For 2FA/input_Enter verification code_code'

2023-01-11 13:34:48 - [TEST_STEP][PASSED] - delay(3): Delayed 3 second(s)

2023-01-11 13:34:51 - [MESSAGE][PASSED] - Delayed 3 second(s)

2023-01-11 13:34:51 - [TEST_STEP][PASSED] - click(findTestObject("06-Teams/For 2FA/button_Verify_2FA")): Object: 'Object Repository/06-Teams/For 2FA/button_Verify_2FA' is clicked on

2023-01-11 13:34:52 - [MESSAGE][PASSED] - Object: 'Object Repository/06-Teams/For 2FA/button_Verify_2FA' is clicked on

2023-01-11 13:34:52 - [TEST_STEP][PASSED] - delay(5): Delayed 5 second(s)

2023-01-11 13:34:57 - [MESSAGE][PASSED] - Delayed 5 second(s)

2023-01-11 13:34:57 - [TEST_STEP][PASSED] - click(findTestObject("06-Teams/button_doublearrow")): Object: 'Object Repository/06-Teams/button_doublearrow' is clicked on

2023-01-11 13:34:59 - [MESSAGE][PASSED] - Object: 'Object Repository/06-Teams/button_doublearrow' is clicked on

2023-01-11 13:34:59 - [TEST_STEP][PASSED] - click(findTestObject("06-Teams/button_My Organizations")): Object: 'Object Repository/06-Teams/button_My Organizations' is clicked on

2023-01-11 13:35:00 - [MESSAGE][PASSED] - Object: 'Object Repository/06-Teams/button_My Organizations' is clicked on

2023-01-11 13:35:00 - [TEST_STEP][PASSED] - click(findTestObject("06-Teams/button_GG Automation")): Object: 'Object Repository/06-Teams/button_GG Automation' is clicked on

2023-01-11 13:35:01 - [MESSAGE][PASSED] - Object: 'Object Repository/06-Teams/button_GG Automation' is clicked on

2023-01-11 13:35:01 - [TEST_STEP][PASSED] - delay(4): Delayed 4 second(s)

2023-01-11 13:35:05 - [MESSAGE][PASSED] - Delayed 4 second(s)

2023-01-11 13:35:05 - [TEST_STEP][PASSED] - verifyElementVisible(findTestObject("06-Teams/span_GG Automation")): Object 'Object Repository/06-Teams/span_GG Automation' is visible

2023-01-11 13:35:06 - [MESSAGE][PASSED] - Object 'Object Repository/06-Teams/span_GG Automation' is visible

2023-01-11 13:35:06 - [TEST_STEP][PASSED] - delay(5): Delayed 5 second(s)

2023-01-11 13:35:11 - [MESSAGE][PASSED] - Delayed 5 second(s)

2023-01-11 13:35:11 - [TEST_STEP][PASSED] - click(findTestObject("03-Header Menu/Hamburger Button/div_Settings")): Object: 'Object Repository/03-Header Menu/Hamburger Button/div_Settings' is clicked on

2023-01-11 13:35:12 - [MESSAGE][PASSED] - Object: 'Object Repository/03-Header Menu/Hamburger Button/div_Settings' is clicked on

2023-01-11 13:35:12 - [TEST_STEP][PASSED] - delay(3): Delayed 3 second(s)

2023-01-11 13:35:15 - [MESSAGE][PASSED] - Delayed 3 second(s)

2023-01-11 13:35:15 - [TEST_STEP][PASSED] - scrollToElement(findTestObject("09-Settings/Users/div_Users"), 0): Scroll to object 'Object Repository/09-Settings/Users/div_Users' successfully

2023-01-11 13:35:15 - [MESSAGE][WARNING] - Timeout '0' is invalid. Using default page load timeout: '30'

2023-01-11 13:35:15 - [MESSAGE][PASSED] - Scroll to object 'Object Repository/09-Settings/Users/div_Users' successfully

2023-01-11 13:35:15 - [TEST_STEP][PASSED] - click(findTestObject("09-Settings/Users/div_Users")): Object: 'Object Repository/09-Settings/Users/div_Users' is clicked on

2023-01-11 13:35:18 - [MESSAGE][PASSED] - Object: 'Object Repository/09-Settings/Users/div_Users' is clicked on

2023-01-11 13:35:18 - [TEST_STEP][PASSED] - delay(3): Delayed 3 second(s)

2023-01-11 13:35:21 - [MESSAGE][PASSED] - Delayed 3 second(s)

2023-01-11 13:35:21 - [TEST_STEP][PASSED] - click(findTestObject("09-Settings/Users/button_add")): Object: 'Object Repository/09-Settings/Users/button_add' is clicked on

2023-01-11 13:35:22 - [MESSAGE][PASSED] - Object: 'Object Repository/09-Settings/Users/button_add' is clicked on

2023-01-11 13:35:22 - [TEST_STEP][PASSED] - delay(3): Delayed 3 second(s)

2023-01-11 13:35:25 - [MESSAGE][PASSED] - Delayed 3 second(s)

2023-01-11 13:35:25 - [TEST_STEP][PASSED] - click(findTestObject("09-Settings/Users/add Invite a single user")): Object: 'Object Repository/09-Settings/Users/add Invite a single user' is clicked on

2023-01-11 13:35:25 - [MESSAGE][PASSED] - Object: 'Object Repository/09-Settings/Users/add Invite a single user' is clicked on

2023-01-11 13:35:25 - [TEST_STEP][PASSED] - delay(3): Delayed 3 second(s)

2023-01-11 13:35:28 - [MESSAGE][PASSED] - Delayed 3 second(s)

2023-01-11 13:35:29 - [TEST_STEP][PASSED] - setText(findTestObject("09-Settings/Users/input_email"), "autotester10@mailinator.com"): Text 'autotester10@mailinator.com' is set on object 'Object Repository/09-Settings/Users/input_email'

2023-01-11 13:35:32 - [MESSAGE][PASSED] - Text 'autotester10@mailinator.com' is set on object 'Object Repository/09-Settings/Users/input_email'

2023-01-11 13:35:32 - [TEST_STEP][PASSED] - setText(findTestObject("09-Settings/Users/input_firstName"), "GG"): Text 'GG' is set on object 'Object Repository/09-Settings/Users/input_firstName'

2023-01-11 13:35:34 - [MESSAGE][PASSED] - Text 'GG' is set on object 'Object Repository/09-Settings/Users/input_firstName'

2023-01-11 13:35:34 - [TEST_STEP][PASSED] - setText(findTestObject("09-Settings/Users/input_lastName"), "Partner"): Text 'Partner' is set on object 'Object Repository/09-Settings/Users/input_lastName'

2023-01-11 13:35:36 - [MESSAGE][PASSED] - Text 'Partner' is set on object 'Object Repository/09-Settings/Users/input_lastName'

2023-01-11 13:35:36 - [TEST_STEP][PASSED] - click(findTestObject("09-Settings/Users/span_Role")): Object: 'Object Repository/09-Settings/Users/span_Role' is clicked on

2023-01-11 13:35:38 - [MESSAGE][PASSED] - Object: 'Object Repository/09-Settings/Users/span_Role' is clicked on

2023-01-11 13:35:38 - [TEST_STEP][PASSED] - click(findTestObject("09-Settings/Users/span_Partner")): Object: 'Object Repository/09-Settings/Users/span_Partner' is clicked on

2023-01-11 13:35:39 - [MESSAGE][PASSED] - Object: 'Object Repository/09-Settings/Users/span_Partner' is clicked on

2023-01-11 13:35:39 - [TEST_STEP][PASSED] - click(findTestObject("09-Settings/Users/button_Send Invitation")): Object: 'Object Repository/09-Settings/Users/button_Send Invitation' is clicked on

2023-01-11 13:35:41 - [MESSAGE][PASSED] - Object: 'Object Repository/09-Settings/Users/button_Send Invitation' is clicked on

2023-01-11 13:35:41 - [TEST_STEP][PASSED] - delay(2): Delayed 2 second(s)

2023-01-11 13:35:43 - [MESSAGE][PASSED] - Delayed 2 second(s)

2023-01-11 13:35:43 - [TEST_STEP][PASSED] - verifyElementVisible(findTestObject("07-Directory/Connections/zContact Profile/Successfully invited user")): Object 'Object Repository/07-Directory/Connections/zContact Profile/Successfully invited user' is visible

2023-01-11 13:35:45 - [MESSAGE][PASSED] - Object 'Object Repository/07-Directory/Connections/zContact Profile/Successfully invited user' is visible

2023-01-11 13:35:45 - [TEST_STEP][PASSED] - delay(2): Delayed 2 second(s)

2023-01-11 13:35:47 - [MESSAGE][PASSED] - Delayed 2 second(s)

2023-01-11 13:35:47 - [TEST_STEP][PASSED] - click(findTestObject("01-Login and Forgot Password/User menu drop")): Object: 'Object Repository/01-Login and Forgot Password/User menu drop' is clicked on

2023-01-11 13:35:48 - [MESSAGE][PASSED] - Object: 'Object Repository/01-Login and Forgot Password/User menu drop' is clicked on

2023-01-11 13:35:48 - [TEST_STEP][PASSED] - delay(2): Delayed 2 second(s)

2023-01-11 13:35:50 - [MESSAGE][PASSED] - Delayed 2 second(s)

2023-01-11 13:35:50 - [TEST_STEP][PASSED] - click(findTestObject("01-Login and Forgot Password/h4_Sign Out"), STOP_ON_FAILURE): Object: 'Object Repository/01-Login and Forgot Password/h4_Sign Out' is clicked on

2023-01-11 13:35:51 - [MESSAGE][PASSED] - Object: 'Object Repository/01-Login and Forgot Password/h4_Sign Out' is clicked on

2023-01-11 13:35:51 - [TEST_STEP][PASSED] - delay(2): Delayed 2 second(s)

2023-01-11 13:35:53 - [MESSAGE][PASSED] - Delayed 2 second(s)

2023-01-11 13:35:53 - [TEST_STEP][PASSED] - verifyElementPresent(findTestObject("01-Login and Forgot Password/Login_Card"), 0): Object 'Object Repository/01-Login and Forgot Password/Login_Card' is present

2023-01-11 13:35:53 - [MESSAGE][WARNING] - Timeout '0' is invalid. Using default page load timeout: '30'

2023-01-11 13:35:54 - [MESSAGE][PASSED] - Object 'Object Repository/01-Login and Forgot Password/Login_Card' is present

2023-01-11 13:35:54 - [TEST_STEP][PASSED] - delay(3): Delayed 3 second(s)

2023-01-11 13:35:57 - [MESSAGE][PASSED] - Delayed 3 second(s)

2023-01-11 13:35:57 - [TEST_STEP][PASSED] - closeBrowser(): Browser is closed

2023-01-11 13:35:59 - [MESSAGE][PASSED] - Browser is closed

2023-01-11 13:35:59 - [TEST_STEP][PASSED] - openBrowser(""): Browser is opened with url: ''

2023-01-11 13:35:59 - [MESSAGE][INFO] - Starting 'Chrome' driver

2023-01-11 13:35:59 - [MESSAGE][INFO] - Action delay is set to 0 milliseconds

2023-01-11 13:36:03 - [MESSAGE][PASSED] - Browser is opened with url: ''

2023-01-11 13:36:03 - [TEST_STEP][PASSED] - navigateToUrl("https://lab.everleagues.com/"): Navigate to 'https://lab.everleagues.com/' successfully

2023-01-11 13:39:00 - [MESSAGE][PASSED] - Navigate to 'https://lab.everleagues.com/' successfully

2023-01-11 13:39:00 - [TEST_STEP][PASSED] - maximizeWindow(): Current window maximized

2023-01-11 13:39:00 - [MESSAGE][PASSED] - Current window maximized

2023-01-11 13:39:00 - [TEST_STEP][PASSED] - setText(findTestObject("02-Side Icons(Organization)/Add Contact/Email Field"), "autotester10@mailinator.com"): Text 'autotester10@mailinator.com' is set on object 'Object Repository/02-Side Icons(Organization)/Add Contact/Email Field'

2023-01-11 13:39:02 - [MESSAGE][PASSED] - Text 'autotester10@mailinator.com' is set on object 'Object Repository/02-Side Icons(Organization)/Add Contact/Email Field'

2023-01-11 13:39:02 - [TEST_STEP][PASSED] - setEncryptedText(findTestObject("02-Side Icons(Organization)/Add Contact/Password Field"), "8yFRyszE6U6jvsCn51OQbg=="): Text ****** has been set on object 'Object Repository/02-Side Icons(Organization)/Add Contact/Password Field'

2023-01-11 13:39:04 - [MESSAGE][PASSED] - Text ****** has been set on object 'Object Repository/02-Side Icons(Organization)/Add Contact/Password Field'

2023-01-11 13:39:04 - [TEST_STEP][PASSED] - click(findTestObject("02-Side Icons(Organization)/Add Contact/button_Sign in")): Object: 'Object Repository/02-Side Icons(Organization)/Add Contact/button_Sign in' is clicked on

2023-01-11 13:39:05 - [MESSAGE][PASSED] - Object: 'Object Repository/02-Side Icons(Organization)/Add Contact/button_Sign in' is clicked on

2023-01-11 13:39:05 - [TEST_STEP][PASSED] - delay(2): Delayed 2 second(s)

2023-01-11 13:39:07 - [MESSAGE][PASSED] - Delayed 2 second(s)

2023-01-11 13:39:07 - [TEST_STEP][PASSED] - click(findTestObject("06-Teams/For 2FA/button_Confirm_2FA")): Object: 'Object Repository/06-Teams/For 2FA/button_Confirm_2FA' is clicked on

2023-01-11 13:39:08 - [MESSAGE][PASSED] - Object: 'Object Repository/06-Teams/For 2FA/button_Confirm_2FA' is clicked on

2023-01-11 13:39:08 - [TEST_STEP][PASSED] - executeJavaScript("window.open();", []): Execute JavaScript 'window.open();' successfully

2023-01-11 13:39:08 - [MESSAGE][PASSED] - Execute JavaScript 'window.open();' successfully

2023-01-11 13:39:08 - [TEST_STEP][PASSED] - currentWindow = getWindowIndex(): Current window's index is: 0

2023-01-11 13:39:09 - [MESSAGE][PASSED] - Current window's index is: 0

2023-01-11 13:39:09 - [TEST_STEP][PASSED] - delay(3): Delayed 3 second(s)

2023-01-11 13:39:12 - [MESSAGE][PASSED] - Delayed 3 second(s)

2023-01-11 13:39:12 - [TEST_STEP][PASSED] - switchToWindowIndex(currentWindow + 1): Switched to window with index: '1'

2023-01-11 13:39:12 - [MESSAGE][PASSED] - Switched to window with index: '1'

2023-01-11 13:39:12 - [TEST_STEP][PASSED] - navigateToUrl("https://www.mailinator.com/"): Navigate to 'https://www.mailinator.com/' successfully

2023-01-11 13:39:22 - [MESSAGE][PASSED] - Navigate to 'https://www.mailinator.com/' successfully

2023-01-11 13:39:22 - [TEST_STEP][PASSED] - delay(3): Delayed 3 second(s)

2023-01-11 13:39:25 - [MESSAGE][PASSED] - Delayed 3 second(s)

2023-01-11 13:39:25 - [TEST_STEP][PASSED] - setText(findTestObject("00-Signup and Activation/zMailinator/input_LOGIN_search"), "autotester10@mailinator.com"): Text 'autotester10@mailinator.com' is set on object 'Object Repository/00-Signup and Activation/zMailinator/input_LOGIN_search'

2023-01-11 13:39:27 - [MESSAGE][PASSED] - Text 'autotester10@mailinator.com' is set on object 'Object Repository/00-Signup and Activation/zMailinator/input_LOGIN_search'

2023-01-11 13:39:27 - [TEST_STEP][PASSED] - click(findTestObject("00-Signup and Activation/zMailinator/gobutton"), STOP_ON_FAILURE): Object: 'Object Repository/00-Signup and Activation/zMailinator/gobutton' is clicked on

2023-01-11 13:39:30 - [MESSAGE][PASSED] - Object: 'Object Repository/00-Signup and Activation/zMailinator/gobutton' is clicked on

2023-01-11 13:39:30 - [TEST_STEP][PASSED] - delay(3): Delayed 3 second(s)

2023-01-11 13:39:33 - [MESSAGE][PASSED] - Delayed 3 second(s)

2023-01-11 13:39:33 - [TEST_STEP][PASSED] - click(findTestObject("00-Signup and Activation/zMailinator/Email - everleagues")): Object: 'Object Repository/00-Signup and Activation/zMailinator/Email - everleagues' is clicked on

2023-01-11 13:39:34 - [MESSAGE][PASSED] - Object: 'Object Repository/00-Signup and Activation/zMailinator/Email - everleagues' is clicked on

2023-01-11 13:39:34 - [TEST_STEP][PASSED] - delay(3): Delayed 3 second(s)

2023-01-11 13:39:37 - [MESSAGE][PASSED] - Delayed 3 second(s)

2023-01-11 13:39:37 - [TEST_STEP][PASSED] - codetwo = getText(findTestObject("Object Repository/06-Teams/For 2FA/2FA code")): Text of object 'Object Repository/06-Teams/For 2FA/2FA code' is: '450103'

2023-01-11 13:39:38 - [MESSAGE][PASSED] - Text of object 'Object Repository/06-Teams/For 2FA/2FA code' is: '450103'

2023-01-11 13:39:38 - [TEST_STEP][PASSED] - delay(3): Delayed 3 second(s)

2023-01-11 13:39:41 - [MESSAGE][PASSED] - Delayed 3 second(s)

2023-01-11 13:39:41 - [TEST_STEP][PASSED] - closeWindowTitle("Mailinator"): Window with title: 'Mailinator' is closed

2023-01-11 13:39:41 - [MESSAGE][PASSED] - Window with title: 'Mailinator' is closed

2023-01-11 13:39:41 - [TEST_STEP][PASSED] - delay(3): Delayed 3 second(s)

2023-01-11 13:39:44 - [MESSAGE][PASSED] - Delayed 3 second(s)

2023-01-11 13:39:44 - [TEST_STEP][PASSED] - switchToWindowIndex(0): Switched to window with index: '0'

2023-01-11 13:39:44 - [MESSAGE][PASSED] - Switched to window with index: '0'

2023-01-11 13:39:44 - [TEST_STEP][PASSED] - delay(3): Delayed 3 second(s)

2023-01-11 13:39:47 - [MESSAGE][PASSED] - Delayed 3 second(s)

2023-01-11 13:39:47 - [TEST_STEP][PASSED] - setText(findTestObject("Object Repository/06-Teams/For 2FA/input_Enter verification code_code"), codetwo): Text '450103' is set on object 'Object Repository/06-Teams/For 2FA/input_Enter verification code_code'

2023-01-11 13:39:49 - [MESSAGE][PASSED] - Text '450103' is set on object 'Object Repository/06-Teams/For 2FA/input_Enter verification code_code'

2023-01-11 13:39:49 - [TEST_STEP][PASSED] - delay(3): Delayed 3 second(s)

2023-01-11 13:39:52 - [MESSAGE][PASSED] - Delayed 3 second(s)

2023-01-11 13:39:52 - [TEST_STEP][PASSED] - click(findTestObject("06-Teams/For 2FA/button_Verify_2FA")): Object: 'Object Repository/06-Teams/For 2FA/button_Verify_2FA' is clicked on

2023-01-11 13:39:53 - [MESSAGE][PASSED] - Object: 'Object Repository/06-Teams/For 2FA/button_Verify_2FA' is clicked on

2023-01-11 13:39:53 - [TEST_STEP][PASSED] - delay(5): Delayed 5 second(s)

2023-01-11 13:39:58 - [MESSAGE][PASSED] - Delayed 5 second(s)

2023-01-11 13:39:58 - [TEST_STEP][PASSED] - executeJavaScript("window.open();", []): Execute JavaScript 'window.open();' successfully

2023-01-11 13:39:58 - [MESSAGE][PASSED] - Execute JavaScript 'window.open();' successfully

2023-01-11 13:39:58 - [TEST_STEP][PASSED] - currentWindow = getWindowIndex(): Current window's index is: 0

2023-01-11 13:39:59 - [MESSAGE][PASSED] - Current window's index is: 0

2023-01-11 13:39:59 - [TEST_STEP][PASSED] - delay(3): Delayed 3 second(s)

2023-01-11 13:40:02 - [MESSAGE][PASSED] - Delayed 3 second(s)

2023-01-11 13:40:02 - [TEST_STEP][PASSED] - switchToWindowIndex(currentWindow + 1): Switched to window with index: '1'

2023-01-11 13:40:02 - [MESSAGE][PASSED] - Switched to window with index: '1'

2023-01-11 13:40:02 - [TEST_STEP][PASSED] - navigateToUrl("https://www.mailinator.com/"): Navigate to 'https://www.mailinator.com/' successfully

2023-01-11 13:40:07 - [MESSAGE][PASSED] - Navigate to 'https://www.mailinator.com/' successfully

2023-01-11 13:40:07 - [TEST_STEP][PASSED] - delay(3): Delayed 3 second(s)

2023-01-11 13:40:10 - [MESSAGE][PASSED] - Delayed 3 second(s)

2023-01-11 13:40:10 - [TEST_STEP][PASSED] - setText(findTestObject("00-Signup and Activation/zMailinator/input_LOGIN_search"), "autotester10@mailinator.com"): Text 'autotester10@mailinator.com' is set on object 'Object Repository/00-Signup and Activation/zMailinator/input_LOGIN_search'

2023-01-11 13:40:11 - [MESSAGE][PASSED] - Text 'autotester10@mailinator.com' is set on object 'Object Repository/00-Signup and Activation/zMailinator/input_LOGIN_search'

2023-01-11 13:40:11 - [TEST_STEP][PASSED] - click(findTestObject("00-Signup and Activation/zMailinator/gobutton"), STOP_ON_FAILURE): Object: 'Object Repository/00-Signup and Activation/zMailinator/gobutton' is clicked on

2023-01-11 13:40:14 - [MESSAGE][PASSED] - Object: 'Object Repository/00-Signup and Activation/zMailinator/gobutton' is clicked on

2023-01-11 13:40:14 - [TEST_STEP][PASSED] - delay(3): Delayed 3 second(s)

2023-01-11 13:40:17 - [MESSAGE][PASSED] - Delayed 3 second(s)

2023-01-11 13:40:17 - [TEST_STEP][PASSED] - closeWindowTitle("Everleagues"): Window with title: 'Everleagues' is closed

2023-01-11 13:40:17 - [MESSAGE][PASSED] - Window with title: 'Everleagues' is closed

2023-01-11 13:40:17 - [TEST_STEP][PASSED] - switchToWindowIndex(0): Switched to window with index: '0'

2023-01-11 13:40:17 - [MESSAGE][PASSED] - Switched to window with index: '0'

2023-01-11 13:40:17 - [TEST_STEP][PASSED] - click(findTestObject("09-Settings/Users/Co worker/td_Invitation from GG Automation")): Object: 'Object Repository/09-Settings/Users/Co worker/td_Invitation from GG Automation' is clicked on

2023-01-11 13:40:18 - [MESSAGE][PASSED] - Object: 'Object Repository/09-Settings/Users/Co worker/td_Invitation from GG Automation' is clicked on

2023-01-11 13:40:18 - [TEST_STEP][PASSED] - click(findTestObject("09-Settings/Users/Co worker/a_Click here to join GG Automation on EverLeagues")): Object: 'Object Repository/09-Settings/Users/Co worker/a_Click here to join GG Automation on EverLeagues' is clicked on

2023-01-11 13:40:20 - [MESSAGE][PASSED] - Object: 'Object Repository/09-Settings/Users/Co worker/a_Click here to join GG Automation on EverLeagues' is clicked on

2023-01-11 13:40:20 - [TEST_STEP][PASSED] - closeWindowTitle("Mailinator"): Window with title: 'Mailinator' is closed

2023-01-11 13:40:20 - [MESSAGE][PASSED] - Window with title: 'Mailinator' is closed

2023-01-11 13:40:20 - [TEST_STEP][PASSED] - switchToWindowIndex(0): Switched to window with index: '0'

2023-01-11 13:40:20 - [MESSAGE][PASSED] - Switched to window with index: '0'

2023-01-11 13:40:20 - [TEST_STEP][PASSED] - verifyElementVisible(findTestObject("09-Settings/Users/Client/Invite modal")): Object 'Object Repository/09-Settings/Users/Client/Invite modal' is visible

2023-01-11 13:40:43 - [MESSAGE][PASSED] - Object 'Object Repository/09-Settings/Users/Client/Invite modal' is visible

2023-01-11 13:40:43 - [TEST_STEP][PASSED] - setText(findTestObject("09-Settings/Users/Client/Company field"), "QA Company"): Text 'QA Company' is set on object 'Object Repository/09-Settings/Users/Client/Company field'

2023-01-11 13:40:44 - [MESSAGE][PASSED] - Text 'QA Company' is set on object 'Object Repository/09-Settings/Users/Client/Company field'

2023-01-11 13:40:44 - [TEST_STEP][PASSED] - click(findTestObject("09-Settings/Users/Client/button_Accept")): Object: 'Object Repository/09-Settings/Users/Client/button_Accept' is clicked on

2023-01-11 13:40:45 - [MESSAGE][PASSED] - Object: 'Object Repository/09-Settings/Users/Client/button_Accept' is clicked on

2023-01-11 13:40:45 - [TEST_STEP][PASSED] - delay(5): Delayed 5 second(s)

2023-01-11 13:40:50 - [MESSAGE][PASSED] - Delayed 5 second(s)

2023-01-11 13:40:50 - [TEST_STEP][PASSED] - verifyElementVisible(findTestObject("09-Settings/Users/div_Joined as Partner")): Object 'Object Repository/09-Settings/Users/div_Joined as Partner' is visible

2023-01-11 13:40:54 - [MESSAGE][PASSED] - Object 'Object Repository/09-Settings/Users/div_Joined as Partner' is visible

2023-01-11 13:40:54 - [TEST_STEP][PASSED] - delay(3): Delayed 3 second(s)

2023-01-11 13:40:57 - [MESSAGE][PASSED] - Delayed 3 second(s)

2023-01-11 13:40:57 - [TEST_STEP][PASSED] - closeBrowser(): Browser is closed

2023-01-11 13:40:59 - [MESSAGE][PASSED] - Browser is closed]]></system-out>
         <system-err><![CDATA[]]></system-err>
      </testcase>
      <testcase name="Test Cases/09-Settings/05 - Users (Invite batch of users via CSV file)" time="166.421" classname="Test Cases/09-Settings/05 - Users (Invite batch of users via CSV file)" status="PASSED">
         <system-out><![CDATA[2023-01-11 13:40:59 - [TEST_CASE][PASSED] - Test Cases/09-Settings/05 - Users (Invite batch of users via CSV file): Test Cases/09-Settings/05 - Users (Invite batch of users via CSV file)

2023-01-11 13:41:02 - [TEST_STEP][PASSED] - openBrowser(""): Browser is opened with url: ''

2023-01-11 13:41:02 - [MESSAGE][INFO] - Starting 'Chrome' driver

2023-01-11 13:41:02 - [MESSAGE][INFO] - Action delay is set to 0 milliseconds

2023-01-11 13:41:05 - [MESSAGE][PASSED] - Browser is opened with url: ''

2023-01-11 13:41:05 - [TEST_STEP][PASSED] - navigateToUrl("https://lab.everleagues.com/"): Navigate to 'https://lab.everleagues.com/' successfully

2023-01-11 13:41:27 - [MESSAGE][PASSED] - Navigate to 'https://lab.everleagues.com/' successfully

2023-01-11 13:41:27 - [TEST_STEP][PASSED] - maximizeWindow(): Current window maximized

2023-01-11 13:41:27 - [MESSAGE][PASSED] - Current window maximized

2023-01-11 13:41:27 - [TEST_STEP][PASSED] - setText(findTestObject("02-Side Icons(Organization)/Add Contact/Email Field"), "testuser02@mailinator.com"): Text 'testuser02@mailinator.com' is set on object 'Object Repository/02-Side Icons(Organization)/Add Contact/Email Field'

2023-01-11 13:41:30 - [MESSAGE][PASSED] - Text 'testuser02@mailinator.com' is set on object 'Object Repository/02-Side Icons(Organization)/Add Contact/Email Field'

2023-01-11 13:41:30 - [TEST_STEP][PASSED] - setEncryptedText(findTestObject("02-Side Icons(Organization)/Add Contact/Password Field"), "8yFRyszE6U6jvsCn51OQbg=="): Text ****** has been set on object 'Object Repository/02-Side Icons(Organization)/Add Contact/Password Field'

2023-01-11 13:41:31 - [MESSAGE][PASSED] - Text ****** has been set on object 'Object Repository/02-Side Icons(Organization)/Add Contact/Password Field'

2023-01-11 13:41:31 - [TEST_STEP][PASSED] - click(findTestObject("02-Side Icons(Organization)/Add Contact/button_Sign in")): Object: 'Object Repository/02-Side Icons(Organization)/Add Contact/button_Sign in' is clicked on

2023-01-11 13:41:32 - [MESSAGE][PASSED] - Object: 'Object Repository/02-Side Icons(Organization)/Add Contact/button_Sign in' is clicked on

2023-01-11 13:41:32 - [TEST_STEP][PASSED] - delay(2): Delayed 2 second(s)

2023-01-11 13:41:34 - [MESSAGE][PASSED] - Delayed 2 second(s)

2023-01-11 13:41:34 - [TEST_STEP][PASSED] - click(findTestObject("06-Teams/For 2FA/button_Confirm_2FA")): Object: 'Object Repository/06-Teams/For 2FA/button_Confirm_2FA' is clicked on

2023-01-11 13:41:35 - [MESSAGE][PASSED] - Object: 'Object Repository/06-Teams/For 2FA/button_Confirm_2FA' is clicked on

2023-01-11 13:41:35 - [TEST_STEP][PASSED] - executeJavaScript("window.open();", []): Execute JavaScript 'window.open();' successfully

2023-01-11 13:41:36 - [MESSAGE][PASSED] - Execute JavaScript 'window.open();' successfully

2023-01-11 13:41:36 - [TEST_STEP][PASSED] - currentWindow = getWindowIndex(): Current window's index is: 0

2023-01-11 13:41:36 - [MESSAGE][PASSED] - Current window's index is: 0

2023-01-11 13:41:36 - [TEST_STEP][PASSED] - delay(3): Delayed 3 second(s)

2023-01-11 13:41:39 - [MESSAGE][PASSED] - Delayed 3 second(s)

2023-01-11 13:41:39 - [TEST_STEP][PASSED] - switchToWindowIndex(currentWindow + 1): Switched to window with index: '1'

2023-01-11 13:41:39 - [MESSAGE][PASSED] - Switched to window with index: '1'

2023-01-11 13:41:39 - [TEST_STEP][PASSED] - navigateToUrl("https://www.mailinator.com/"): Navigate to 'https://www.mailinator.com/' successfully

2023-01-11 13:41:50 - [MESSAGE][PASSED] - Navigate to 'https://www.mailinator.com/' successfully

2023-01-11 13:41:50 - [TEST_STEP][PASSED] - delay(3): Delayed 3 second(s)

2023-01-11 13:41:53 - [MESSAGE][PASSED] - Delayed 3 second(s)

2023-01-11 13:41:53 - [TEST_STEP][PASSED] - setText(findTestObject("00-Signup and Activation/zMailinator/input_LOGIN_search"), "testuser02@mailinator.com"): Text 'testuser02@mailinator.com' is set on object 'Object Repository/00-Signup and Activation/zMailinator/input_LOGIN_search'

2023-01-11 13:41:54 - [MESSAGE][PASSED] - Text 'testuser02@mailinator.com' is set on object 'Object Repository/00-Signup and Activation/zMailinator/input_LOGIN_search'

2023-01-11 13:41:54 - [TEST_STEP][PASSED] - click(findTestObject("00-Signup and Activation/zMailinator/gobutton"), STOP_ON_FAILURE): Object: 'Object Repository/00-Signup and Activation/zMailinator/gobutton' is clicked on

2023-01-11 13:41:59 - [MESSAGE][PASSED] - Object: 'Object Repository/00-Signup and Activation/zMailinator/gobutton' is clicked on

2023-01-11 13:41:59 - [TEST_STEP][PASSED] - delay(3): Delayed 3 second(s)

2023-01-11 13:42:02 - [MESSAGE][PASSED] - Delayed 3 second(s)

2023-01-11 13:42:02 - [TEST_STEP][PASSED] - click(findTestObject("00-Signup and Activation/zMailinator/Email - everleagues")): Object: 'Object Repository/00-Signup and Activation/zMailinator/Email - everleagues' is clicked on

2023-01-11 13:42:03 - [MESSAGE][PASSED] - Object: 'Object Repository/00-Signup and Activation/zMailinator/Email - everleagues' is clicked on

2023-01-11 13:42:03 - [TEST_STEP][PASSED] - delay(3): Delayed 3 second(s)

2023-01-11 13:42:06 - [MESSAGE][PASSED] - Delayed 3 second(s)

2023-01-11 13:42:06 - [TEST_STEP][PASSED] - code = getText(findTestObject("Object Repository/06-Teams/For 2FA/2FA code")): Text of object 'Object Repository/06-Teams/For 2FA/2FA code' is: '589238'

2023-01-11 13:42:10 - [MESSAGE][PASSED] - Text of object 'Object Repository/06-Teams/For 2FA/2FA code' is: '589238'

2023-01-11 13:42:10 - [TEST_STEP][PASSED] - delay(3): Delayed 3 second(s)

2023-01-11 13:42:13 - [MESSAGE][PASSED] - Delayed 3 second(s)

2023-01-11 13:42:13 - [TEST_STEP][PASSED] - closeWindowTitle("Mailinator"): Window with title: 'Mailinator' is closed

2023-01-11 13:42:14 - [MESSAGE][PASSED] - Window with title: 'Mailinator' is closed

2023-01-11 13:42:14 - [TEST_STEP][PASSED] - delay(3): Delayed 3 second(s)

2023-01-11 13:42:17 - [MESSAGE][PASSED] - Delayed 3 second(s)

2023-01-11 13:42:17 - [TEST_STEP][PASSED] - switchToWindowIndex(0): Switched to window with index: '0'

2023-01-11 13:42:17 - [MESSAGE][PASSED] - Switched to window with index: '0'

2023-01-11 13:42:17 - [TEST_STEP][PASSED] - delay(3): Delayed 3 second(s)

2023-01-11 13:42:20 - [MESSAGE][PASSED] - Delayed 3 second(s)

2023-01-11 13:42:20 - [TEST_STEP][PASSED] - setText(findTestObject("Object Repository/06-Teams/For 2FA/input_Enter verification code_code"), code): Text '589238' is set on object 'Object Repository/06-Teams/For 2FA/input_Enter verification code_code'

2023-01-11 13:42:22 - [MESSAGE][PASSED] - Text '589238' is set on object 'Object Repository/06-Teams/For 2FA/input_Enter verification code_code'

2023-01-11 13:42:22 - [TEST_STEP][PASSED] - delay(3): Delayed 3 second(s)

2023-01-11 13:42:25 - [MESSAGE][PASSED] - Delayed 3 second(s)

2023-01-11 13:42:25 - [TEST_STEP][PASSED] - click(findTestObject("06-Teams/For 2FA/button_Verify_2FA")): Object: 'Object Repository/06-Teams/For 2FA/button_Verify_2FA' is clicked on

2023-01-11 13:42:26 - [MESSAGE][PASSED] - Object: 'Object Repository/06-Teams/For 2FA/button_Verify_2FA' is clicked on

2023-01-11 13:42:26 - [TEST_STEP][PASSED] - delay(5): Delayed 5 second(s)

2023-01-11 13:42:31 - [MESSAGE][PASSED] - Delayed 5 second(s)

2023-01-11 13:42:31 - [TEST_STEP][PASSED] - click(findTestObject("06-Teams/button_doublearrow")): Object: 'Object Repository/06-Teams/button_doublearrow' is clicked on

2023-01-11 13:42:34 - [MESSAGE][PASSED] - Object: 'Object Repository/06-Teams/button_doublearrow' is clicked on

2023-01-11 13:42:34 - [TEST_STEP][PASSED] - click(findTestObject("06-Teams/button_My Organizations")): Object: 'Object Repository/06-Teams/button_My Organizations' is clicked on

2023-01-11 13:42:35 - [MESSAGE][PASSED] - Object: 'Object Repository/06-Teams/button_My Organizations' is clicked on

2023-01-11 13:42:35 - [TEST_STEP][PASSED] - click(findTestObject("06-Teams/button_GG Automation")): Object: 'Object Repository/06-Teams/button_GG Automation' is clicked on

2023-01-11 13:42:36 - [MESSAGE][PASSED] - Object: 'Object Repository/06-Teams/button_GG Automation' is clicked on

2023-01-11 13:42:36 - [TEST_STEP][PASSED] - delay(4): Delayed 4 second(s)

2023-01-11 13:42:40 - [MESSAGE][PASSED] - Delayed 4 second(s)

2023-01-11 13:42:40 - [TEST_STEP][PASSED] - verifyElementVisible(findTestObject("06-Teams/span_GG Automation")): Object 'Object Repository/06-Teams/span_GG Automation' is visible

2023-01-11 13:42:41 - [MESSAGE][PASSED] - Object 'Object Repository/06-Teams/span_GG Automation' is visible

2023-01-11 13:42:41 - [TEST_STEP][PASSED] - delay(5): Delayed 5 second(s)

2023-01-11 13:42:46 - [MESSAGE][PASSED] - Delayed 5 second(s)

2023-01-11 13:42:46 - [TEST_STEP][PASSED] - click(findTestObject("03-Header Menu/Hamburger Button/div_Settings")): Object: 'Object Repository/03-Header Menu/Hamburger Button/div_Settings' is clicked on

2023-01-11 13:42:47 - [MESSAGE][PASSED] - Object: 'Object Repository/03-Header Menu/Hamburger Button/div_Settings' is clicked on

2023-01-11 13:42:47 - [TEST_STEP][PASSED] - delay(3): Delayed 3 second(s)

2023-01-11 13:42:50 - [MESSAGE][PASSED] - Delayed 3 second(s)

2023-01-11 13:42:50 - [TEST_STEP][PASSED] - scrollToElement(findTestObject("09-Settings/Users/div_Users"), 0): Scroll to object 'Object Repository/09-Settings/Users/div_Users' successfully

2023-01-11 13:42:50 - [MESSAGE][WARNING] - Timeout '0' is invalid. Using default page load timeout: '30'

2023-01-11 13:42:51 - [MESSAGE][PASSED] - Scroll to object 'Object Repository/09-Settings/Users/div_Users' successfully

2023-01-11 13:42:51 - [TEST_STEP][PASSED] - click(findTestObject("09-Settings/Users/div_Users")): Object: 'Object Repository/09-Settings/Users/div_Users' is clicked on

2023-01-11 13:42:53 - [MESSAGE][PASSED] - Object: 'Object Repository/09-Settings/Users/div_Users' is clicked on

2023-01-11 13:42:53 - [TEST_STEP][PASSED] - delay(3): Delayed 3 second(s)

2023-01-11 13:42:56 - [MESSAGE][PASSED] - Delayed 3 second(s)

2023-01-11 13:42:56 - [TEST_STEP][PASSED] - click(findTestObject("09-Settings/Users/button_add")): Object: 'Object Repository/09-Settings/Users/button_add' is clicked on

2023-01-11 13:42:58 - [MESSAGE][PASSED] - Object: 'Object Repository/09-Settings/Users/button_add' is clicked on

2023-01-11 13:42:58 - [TEST_STEP][PASSED] - delay(3): Delayed 3 second(s)

2023-01-11 13:43:01 - [MESSAGE][PASSED] - Delayed 3 second(s)

2023-01-11 13:43:01 - [TEST_STEP][PASSED] - click(findTestObject("09-Settings/Users/Invite batch of users via CSV file")): Object: 'Object Repository/09-Settings/Users/Invite batch of users via CSV file' is clicked on

2023-01-11 13:43:02 - [MESSAGE][PASSED] - Object: 'Object Repository/09-Settings/Users/Invite batch of users via CSV file' is clicked on

2023-01-11 13:43:02 - [TEST_STEP][PASSED] - verifyElementVisible(findTestObject("09-Settings/Users/CSV Invite/Import CSV File modal")): Object 'Object Repository/09-Settings/Users/CSV Invite/Import CSV File modal' is visible

2023-01-11 13:43:03 - [MESSAGE][PASSED] - Object 'Object Repository/09-Settings/Users/CSV Invite/Import CSV File modal' is visible

2023-01-11 13:43:03 - [TEST_STEP][PASSED] - verifyElementNotClickable(findTestObject("09-Settings/Users/CSV Invite/button_Import")): Object 'Object Repository/09-Settings/Users/CSV Invite/button_Import' is NOT clickable

2023-01-11 13:43:04 - [MESSAGE][PASSED] - Object 'Object Repository/09-Settings/Users/CSV Invite/button_Import' is NOT clickable

2023-01-11 13:43:04 - [TEST_STEP][PASSED] - delay(3): Delayed 3 second(s)

2023-01-11 13:43:07 - [MESSAGE][PASSED] - Delayed 3 second(s)

2023-01-11 13:43:07 - [TEST_STEP][PASSED] - uploadpackage.Upload.uploadFile(findTestObject("Object Repository/09-Settings/Users/CSV Invite/button_Choose File"), "C:\Users\asus\Desktop\EL automation\sample csv.csv"): uploadpackage.Upload.uploadFile is PASSED

2023-01-11 13:43:08 - [MESSAGE][PASSED] - Object: 'Object Repository/09-Settings/Users/CSV Invite/button_Choose File' is clicked on

2023-01-11 13:43:10 - [MESSAGE][PASSED] - uploadpackage.Upload.uploadFile is PASSED

2023-01-11 13:43:10 - [TEST_STEP][PASSED] - delay(3): Delayed 3 second(s)

2023-01-11 13:43:13 - [MESSAGE][PASSED] - Delayed 3 second(s)

2023-01-11 13:43:13 - [TEST_STEP][PASSED] - verifyElementVisible(findTestObject("09-Settings/Users/CSV Invite/div_Sample csv.csv")): Object 'Object Repository/09-Settings/Users/CSV Invite/div_Sample csv.csv' is visible

2023-01-11 13:43:22 - [MESSAGE][PASSED] - Object 'Object Repository/09-Settings/Users/CSV Invite/div_Sample csv.csv' is visible

2023-01-11 13:43:22 - [TEST_STEP][PASSED] - click(findTestObject("09-Settings/Users/CSV Invite/button_Import")): Object: 'Object Repository/09-Settings/Users/CSV Invite/button_Import' is clicked on

2023-01-11 13:43:23 - [MESSAGE][PASSED] - Object: 'Object Repository/09-Settings/Users/CSV Invite/button_Import' is clicked on

2023-01-11 13:43:23 - [TEST_STEP][PASSED] - delay(5): Delayed 5 second(s)

2023-01-11 13:43:28 - [MESSAGE][PASSED] - Delayed 5 second(s)

2023-01-11 13:43:28 - [TEST_STEP][PASSED] - verifyElementVisible(findTestObject("09-Settings/Users/CSV Invite/Success import modal")): Object 'Object Repository/09-Settings/Users/CSV Invite/Success import modal' is visible

2023-01-11 13:43:28 - [MESSAGE][PASSED] - Object 'Object Repository/09-Settings/Users/CSV Invite/Success import modal' is visible

2023-01-11 13:43:28 - [TEST_STEP][PASSED] - click(findTestObject("09-Settings/Users/CSV Invite/button_Close")): Object: 'Object Repository/09-Settings/Users/CSV Invite/button_Close' is clicked on

2023-01-11 13:43:29 - [MESSAGE][PASSED] - Object: 'Object Repository/09-Settings/Users/CSV Invite/button_Close' is clicked on

2023-01-11 13:43:29 - [TEST_STEP][PASSED] - click(findTestObject("09-Settings/Users/CSV Invite/Invited Users tab")): Object: 'Object Repository/09-Settings/Users/CSV Invite/Invited Users tab' is clicked on

2023-01-11 13:43:31 - [MESSAGE][PASSED] - Object: 'Object Repository/09-Settings/Users/CSV Invite/Invited Users tab' is clicked on

2023-01-11 13:43:31 - [TEST_STEP][PASSED] - delay(3): Delayed 3 second(s)

2023-01-11 13:43:34 - [MESSAGE][PASSED] - Delayed 3 second(s)

2023-01-11 13:43:34 - [TEST_STEP][PASSED] - verifyElementVisible(findTestObject("09-Settings/Users/CSV Invite/div_CTCSV test3")): Object 'Object Repository/09-Settings/Users/CSV Invite/div_CTCSV test3' is visible

2023-01-11 13:43:34 - [MESSAGE][PASSED] - Object 'Object Repository/09-Settings/Users/CSV Invite/div_CTCSV test3' is visible

2023-01-11 13:43:34 - [TEST_STEP][PASSED] - verifyElementVisible(findTestObject("09-Settings/Users/CSV Invite/div_autotester08mailinator.com")): Object 'Object Repository/09-Settings/Users/CSV Invite/div_autotester08mailinator.com' is visible

2023-01-11 13:43:35 - [MESSAGE][PASSED] - Object 'Object Repository/09-Settings/Users/CSV Invite/div_autotester08mailinator.com' is visible

2023-01-11 13:43:35 - [TEST_STEP][PASSED] - verifyElementVisible(findTestObject("09-Settings/Users/CSV Invite/div_Partner")): Object 'Object Repository/09-Settings/Users/CSV Invite/div_Partner' is visible

2023-01-11 13:43:36 - [MESSAGE][PASSED] - Object 'Object Repository/09-Settings/Users/CSV Invite/div_Partner' is visible

2023-01-11 13:43:36 - [TEST_STEP][PASSED] - verifyElementVisible(findTestObject("09-Settings/Users/CSV Invite/div_CTCSV test2")): Object 'Object Repository/09-Settings/Users/CSV Invite/div_CTCSV test2' is visible

2023-01-11 13:43:36 - [MESSAGE][PASSED] - Object 'Object Repository/09-Settings/Users/CSV Invite/div_CTCSV test2' is visible

2023-01-11 13:43:36 - [TEST_STEP][PASSED] - verifyElementVisible(findTestObject("09-Settings/Users/CSV Invite/div_autotester07mailinator.com")): Object 'Object Repository/09-Settings/Users/CSV Invite/div_autotester07mailinator.com' is visible

2023-01-11 13:43:38 - [MESSAGE][PASSED] - Object 'Object Repository/09-Settings/Users/CSV Invite/div_autotester07mailinator.com' is visible

2023-01-11 13:43:38 - [TEST_STEP][PASSED] - verifyElementVisible(findTestObject("09-Settings/Users/CSV Invite/div_Client")): Object 'Object Repository/09-Settings/Users/CSV Invite/div_Client' is visible

2023-01-11 13:43:39 - [MESSAGE][PASSED] - Object 'Object Repository/09-Settings/Users/CSV Invite/div_Client' is visible

2023-01-11 13:43:39 - [TEST_STEP][PASSED] - verifyElementVisible(findTestObject("09-Settings/Users/CSV Invite/div_CTCSV test1")): Object 'Object Repository/09-Settings/Users/CSV Invite/div_CTCSV test1' is visible

2023-01-11 13:43:40 - [MESSAGE][PASSED] - Object 'Object Repository/09-Settings/Users/CSV Invite/div_CTCSV test1' is visible

2023-01-11 13:43:40 - [TEST_STEP][PASSED] - verifyElementVisible(findTestObject("09-Settings/Users/CSV Invite/div_autotester06mailinator.com")): Object 'Object Repository/09-Settings/Users/CSV Invite/div_autotester06mailinator.com' is visible

2023-01-11 13:43:40 - [MESSAGE][PASSED] - Object 'Object Repository/09-Settings/Users/CSV Invite/div_autotester06mailinator.com' is visible

2023-01-11 13:43:40 - [TEST_STEP][PASSED] - verifyElementVisible(findTestObject("09-Settings/Users/CSV Invite/div_Coworker")): Object 'Object Repository/09-Settings/Users/CSV Invite/div_Coworker' is visible

2023-01-11 13:43:41 - [MESSAGE][PASSED] - Object 'Object Repository/09-Settings/Users/CSV Invite/div_Coworker' is visible

2023-01-11 13:43:41 - [TEST_STEP][PASSED] - delay(3): Delayed 3 second(s)

2023-01-11 13:43:44 - [MESSAGE][PASSED] - Delayed 3 second(s)

2023-01-11 13:43:44 - [TEST_STEP][PASSED] - closeBrowser(): Browser is closed

2023-01-11 13:43:45 - [MESSAGE][PASSED] - Browser is closed]]></system-out>
         <system-err><![CDATA[]]></system-err>
      </testcase>
      <system-out><![CDATA[2023-01-11 13:19:44 - [TEST_SUITE][PASSED] - 09.1 - Settings (Invite users): Test Cases/09-Settings/05 - Users (Invite batch of users via CSV file)]]></system-out>
      <system-err><![CDATA[]]></system-err>
   </testsuite>
</testsuites>
