<?xml version="1.0" encoding="UTF-8"?>
<testsuites name="09.1 - Settings (Invite users)" time="1344.819" tests="5" failures="0" errors="0">
   <testsuite name="09.1 - Settings (Invite users)" tests="5" failures="0" errors="0" time="1344.819" skipped="0" timestamp="2022-12-26 16:57:09" hostname="asus - DESKTOP-3L3J9C1" id="Test Suites/TS-Organization/09.1 - Settings (Invite users)">
      <properties>
         <property name="deviceName" value=""/>
         <property name="devicePlatform" value=""/>
         <property name="logFolder" value="C:\\Users\\asus\\Katalon Studio\\Everleagues\\Everleagues\\Reports\\20221226_165657\\TS-Organization\\09.1 - Settings (Invite users)\\20221226_165657"/>
         <property name="logFiles" value="C:\\Users\\asus\\Katalon Studio\\Everleagues\\Everleagues\\Reports\\20221226_165657\\TS-Organization\\09.1 - Settings (Invite users)\\20221226_165657\\execution0.log"/>
         <property name="attachments" value=""/>
         <property name="hostName" value="asus - DESKTOP-3L3J9C1"/>
         <property name="os" value="Windows 10 64bit"/>
         <property name="katalonVersion" value="8.4.1.208"/>
         <property name="browser" value="Chrome 108.0.0.0"/>
         <property name="hostAddress" value="192.168.5.82"/>
         <property name="sessionId" value="463886b1d740db20334c4f8f1bf6a25a"/>
         <property name="seleniumVersion" value="3.141.59"/>
         <property name="proxyInformation" value="ProxyInformation { proxyOption=NO_PROXY, proxyServerType=HTTP, username=, password=********, proxyServerAddress=, proxyServerPort=0, executionList=&quot;&quot;, isApplyToDesiredCapabilities=true }"/>
         <property name="platform" value="Windows 10"/>
      </properties>
      <testcase name="Test Cases/09-Settings/01 - Users (Invite new user but field are blank)" time="154.617" classname="Test Cases/09-Settings/01 - Users (Invite new user but field are blank)" status="PASSED">
         <system-out><![CDATA[2022-12-26 16:57:11 - [TEST_CASE][PASSED] - Test Cases/09-Settings/01 - Users (Invite new user but field are blank): Test Cases/09-Settings/01 - Users (Invite new user but field are blank)

2022-12-26 16:57:13 - [TEST_STEP][PASSED] - openBrowser(""): Browser is opened with url: ''

2022-12-26 16:57:14 - [MESSAGE][INFO] - Starting 'Chrome' driver

2022-12-26 16:57:15 - [MESSAGE][INFO] - Action delay is set to 0 milliseconds

2022-12-26 16:57:29 - [MESSAGE][PASSED] - Browser is opened with url: ''

2022-12-26 16:57:29 - [TEST_STEP][PASSED] - navigateToUrl("https://lab.everleagues.com/"): Navigate to 'https://lab.everleagues.com/' successfully

2022-12-26 16:57:52 - [MESSAGE][PASSED] - Navigate to 'https://lab.everleagues.com/' successfully

2022-12-26 16:57:52 - [TEST_STEP][PASSED] - maximizeWindow(): Current window maximized

2022-12-26 16:57:52 - [MESSAGE][PASSED] - Current window maximized

2022-12-26 16:57:52 - [TEST_STEP][PASSED] - setText(findTestObject("02-Side Icons(Organization)/Add Contact/Email Field"), "testuser02@mailinator.com"): Text 'testuser02@mailinator.com' is set on object 'Object Repository/02-Side Icons(Organization)/Add Contact/Email Field'

2022-12-26 16:57:55 - [MESSAGE][PASSED] - Text 'testuser02@mailinator.com' is set on object 'Object Repository/02-Side Icons(Organization)/Add Contact/Email Field'

2022-12-26 16:57:55 - [TEST_STEP][PASSED] - setEncryptedText(findTestObject("02-Side Icons(Organization)/Add Contact/Password Field"), "8yFRyszE6U6jvsCn51OQbg=="): Text ****** has been set on object 'Object Repository/02-Side Icons(Organization)/Add Contact/Password Field'

2022-12-26 16:57:56 - [MESSAGE][PASSED] - Text ****** has been set on object 'Object Repository/02-Side Icons(Organization)/Add Contact/Password Field'

2022-12-26 16:57:56 - [TEST_STEP][PASSED] - click(findTestObject("02-Side Icons(Organization)/Add Contact/button_Sign in")): Object: 'Object Repository/02-Side Icons(Organization)/Add Contact/button_Sign in' is clicked on

2022-12-26 16:57:58 - [MESSAGE][PASSED] - Object: 'Object Repository/02-Side Icons(Organization)/Add Contact/button_Sign in' is clicked on

2022-12-26 16:57:58 - [TEST_STEP][PASSED] - delay(2): Delayed 2 second(s)

2022-12-26 16:58:00 - [MESSAGE][PASSED] - Delayed 2 second(s)

2022-12-26 16:58:00 - [TEST_STEP][PASSED] - click(findTestObject("06-Teams/For 2FA/button_Confirm_2FA")): Object: 'Object Repository/06-Teams/For 2FA/button_Confirm_2FA' is clicked on

2022-12-26 16:58:01 - [MESSAGE][PASSED] - Object: 'Object Repository/06-Teams/For 2FA/button_Confirm_2FA' is clicked on

2022-12-26 16:58:01 - [TEST_STEP][PASSED] - executeJavaScript("window.open();", []): Execute JavaScript 'window.open();' successfully

2022-12-26 16:58:01 - [MESSAGE][PASSED] - Execute JavaScript 'window.open();' successfully

2022-12-26 16:58:01 - [TEST_STEP][PASSED] - currentWindow = getWindowIndex(): Current window's index is: 0

2022-12-26 16:58:01 - [MESSAGE][PASSED] - Current window's index is: 0

2022-12-26 16:58:01 - [TEST_STEP][PASSED] - delay(3): Delayed 3 second(s)

2022-12-26 16:58:04 - [MESSAGE][PASSED] - Delayed 3 second(s)

2022-12-26 16:58:04 - [TEST_STEP][PASSED] - switchToWindowIndex(currentWindow + 1): Switched to window with index: '1'

2022-12-26 16:58:05 - [MESSAGE][PASSED] - Switched to window with index: '1'

2022-12-26 16:58:05 - [TEST_STEP][PASSED] - navigateToUrl("https://www.mailinator.com/"): Navigate to 'https://www.mailinator.com/' successfully

2022-12-26 16:58:15 - [MESSAGE][PASSED] - Navigate to 'https://www.mailinator.com/' successfully

2022-12-26 16:58:15 - [TEST_STEP][PASSED] - delay(3): Delayed 3 second(s)

2022-12-26 16:58:18 - [MESSAGE][PASSED] - Delayed 3 second(s)

2022-12-26 16:58:18 - [TEST_STEP][PASSED] - setText(findTestObject("00-Signup and Activation/zMailinator/input_LOGIN_search"), "testuser02@mailinator.com"): Text 'testuser02@mailinator.com' is set on object 'Object Repository/00-Signup and Activation/zMailinator/input_LOGIN_search'

2022-12-26 16:58:20 - [MESSAGE][PASSED] - Text 'testuser02@mailinator.com' is set on object 'Object Repository/00-Signup and Activation/zMailinator/input_LOGIN_search'

2022-12-26 16:58:20 - [TEST_STEP][PASSED] - click(findTestObject("00-Signup and Activation/zMailinator/gobutton"), STOP_ON_FAILURE): Object: 'Object Repository/00-Signup and Activation/zMailinator/gobutton' is clicked on

2022-12-26 16:58:26 - [MESSAGE][PASSED] - Object: 'Object Repository/00-Signup and Activation/zMailinator/gobutton' is clicked on

2022-12-26 16:58:26 - [TEST_STEP][PASSED] - delay(3): Delayed 3 second(s)

2022-12-26 16:58:29 - [MESSAGE][PASSED] - Delayed 3 second(s)

2022-12-26 16:58:29 - [TEST_STEP][PASSED] - click(findTestObject("00-Signup and Activation/zMailinator/Email - everleagues")): Object: 'Object Repository/00-Signup and Activation/zMailinator/Email - everleagues' is clicked on

2022-12-26 16:58:30 - [MESSAGE][PASSED] - Object: 'Object Repository/00-Signup and Activation/zMailinator/Email - everleagues' is clicked on

2022-12-26 16:58:30 - [TEST_STEP][PASSED] - delay(3): Delayed 3 second(s)

2022-12-26 16:58:33 - [MESSAGE][PASSED] - Delayed 3 second(s)

2022-12-26 16:58:33 - [TEST_STEP][PASSED] - code = getText(findTestObject("Object Repository/06-Teams/For 2FA/2FA code")): Text of object 'Object Repository/06-Teams/For 2FA/2FA code' is: '591627'

2022-12-26 16:58:35 - [MESSAGE][PASSED] - Text of object 'Object Repository/06-Teams/For 2FA/2FA code' is: '591627'

2022-12-26 16:58:35 - [TEST_STEP][PASSED] - delay(3): Delayed 3 second(s)

2022-12-26 16:58:38 - [MESSAGE][PASSED] - Delayed 3 second(s)

2022-12-26 16:58:38 - [TEST_STEP][PASSED] - closeWindowTitle("Mailinator"): Window with title: 'Mailinator' is closed

2022-12-26 16:58:38 - [MESSAGE][PASSED] - Window with title: 'Mailinator' is closed

2022-12-26 16:58:38 - [TEST_STEP][PASSED] - delay(3): Delayed 3 second(s)

2022-12-26 16:58:41 - [MESSAGE][PASSED] - Delayed 3 second(s)

2022-12-26 16:58:41 - [TEST_STEP][PASSED] - switchToWindowIndex(0): Switched to window with index: '0'

2022-12-26 16:58:41 - [MESSAGE][PASSED] - Switched to window with index: '0'

2022-12-26 16:58:41 - [TEST_STEP][PASSED] - delay(3): Delayed 3 second(s)

2022-12-26 16:58:44 - [MESSAGE][PASSED] - Delayed 3 second(s)

2022-12-26 16:58:44 - [TEST_STEP][PASSED] - setText(findTestObject("Object Repository/06-Teams/For 2FA/input_Enter verification code_code"), code): Text '591627' is set on object 'Object Repository/06-Teams/For 2FA/input_Enter verification code_code'

2022-12-26 16:58:46 - [MESSAGE][PASSED] - Text '591627' is set on object 'Object Repository/06-Teams/For 2FA/input_Enter verification code_code'

2022-12-26 16:58:46 - [TEST_STEP][PASSED] - delay(3): Delayed 3 second(s)

2022-12-26 16:58:49 - [MESSAGE][PASSED] - Delayed 3 second(s)

2022-12-26 16:58:49 - [TEST_STEP][PASSED] - click(findTestObject("06-Teams/For 2FA/button_Verify_2FA")): Object: 'Object Repository/06-Teams/For 2FA/button_Verify_2FA' is clicked on

2022-12-26 16:58:51 - [MESSAGE][PASSED] - Object: 'Object Repository/06-Teams/For 2FA/button_Verify_2FA' is clicked on

2022-12-26 16:58:51 - [TEST_STEP][PASSED] - delay(5): Delayed 5 second(s)

2022-12-26 16:58:56 - [MESSAGE][PASSED] - Delayed 5 second(s)

2022-12-26 16:58:56 - [TEST_STEP][PASSED] - click(findTestObject("06-Teams/button_doublearrow")): Object: 'Object Repository/06-Teams/button_doublearrow' is clicked on

2022-12-26 16:58:59 - [MESSAGE][PASSED] - Object: 'Object Repository/06-Teams/button_doublearrow' is clicked on

2022-12-26 16:58:59 - [TEST_STEP][PASSED] - click(findTestObject("06-Teams/button_My Organizations")): Object: 'Object Repository/06-Teams/button_My Organizations' is clicked on

2022-12-26 16:59:00 - [MESSAGE][PASSED] - Object: 'Object Repository/06-Teams/button_My Organizations' is clicked on

2022-12-26 16:59:00 - [TEST_STEP][PASSED] - click(findTestObject("06-Teams/button_GG Automation")): Object: 'Object Repository/06-Teams/button_GG Automation' is clicked on

2022-12-26 16:59:01 - [MESSAGE][PASSED] - Object: 'Object Repository/06-Teams/button_GG Automation' is clicked on

2022-12-26 16:59:01 - [TEST_STEP][PASSED] - delay(4): Delayed 4 second(s)

2022-12-26 16:59:05 - [MESSAGE][PASSED] - Delayed 4 second(s)

2022-12-26 16:59:05 - [TEST_STEP][PASSED] - verifyElementVisible(findTestObject("06-Teams/span_GG Automation")): Object 'Object Repository/06-Teams/span_GG Automation' is visible

2022-12-26 16:59:06 - [MESSAGE][PASSED] - Object 'Object Repository/06-Teams/span_GG Automation' is visible

2022-12-26 16:59:06 - [TEST_STEP][PASSED] - delay(5): Delayed 5 second(s)

2022-12-26 16:59:11 - [MESSAGE][PASSED] - Delayed 5 second(s)

2022-12-26 16:59:11 - [TEST_STEP][PASSED] - click(findTestObject("03-Header Menu/Hamburger Button/div_Settings")): Object: 'Object Repository/03-Header Menu/Hamburger Button/div_Settings' is clicked on

2022-12-26 16:59:12 - [MESSAGE][PASSED] - Object: 'Object Repository/03-Header Menu/Hamburger Button/div_Settings' is clicked on

2022-12-26 16:59:12 - [TEST_STEP][PASSED] - verifyElementVisible(findTestObject("09-Settings/Users/div_Organization")): Object 'Object Repository/09-Settings/Users/div_Organization' is visible

2022-12-26 16:59:13 - [MESSAGE][PASSED] - Object 'Object Repository/09-Settings/Users/div_Organization' is visible

2022-12-26 16:59:13 - [TEST_STEP][PASSED] - verifyElementVisible(findTestObject("09-Settings/Users/div_Organization Units")): Object 'Object Repository/09-Settings/Users/div_Organization Units' is visible

2022-12-26 16:59:14 - [MESSAGE][PASSED] - Object 'Object Repository/09-Settings/Users/div_Organization Units' is visible

2022-12-26 16:59:14 - [TEST_STEP][PASSED] - scrollToElement(findTestObject("09-Settings/Users/div_Subscriptions"), 0): Scroll to object 'Object Repository/09-Settings/Users/div_Subscriptions' successfully

2022-12-26 16:59:14 - [MESSAGE][WARNING] - Timeout '0' is invalid. Using default page load timeout: '30'

2022-12-26 16:59:15 - [MESSAGE][PASSED] - Scroll to object 'Object Repository/09-Settings/Users/div_Subscriptions' successfully

2022-12-26 16:59:15 - [TEST_STEP][PASSED] - verifyElementVisible(findTestObject("09-Settings/Users/div_Subscriptions")): Object 'Object Repository/09-Settings/Users/div_Subscriptions' is visible

2022-12-26 16:59:15 - [MESSAGE][PASSED] - Object 'Object Repository/09-Settings/Users/div_Subscriptions' is visible

2022-12-26 16:59:15 - [TEST_STEP][PASSED] - verifyElementVisible(findTestObject("09-Settings/Users/div_Users")): Object 'Object Repository/09-Settings/Users/div_Users' is visible

2022-12-26 16:59:16 - [MESSAGE][PASSED] - Object 'Object Repository/09-Settings/Users/div_Users' is visible

2022-12-26 16:59:16 - [TEST_STEP][PASSED] - delay(3): Delayed 3 second(s)

2022-12-26 16:59:19 - [MESSAGE][PASSED] - Delayed 3 second(s)

2022-12-26 16:59:19 - [TEST_STEP][PASSED] - click(findTestObject("09-Settings/Users/div_Users")): Object: 'Object Repository/09-Settings/Users/div_Users' is clicked on

2022-12-26 16:59:22 - [MESSAGE][PASSED] - Object: 'Object Repository/09-Settings/Users/div_Users' is clicked on

2022-12-26 16:59:22 - [TEST_STEP][PASSED] - verifyElementVisible(findTestObject("09-Settings/Users/h4_USERS")): Object 'Object Repository/09-Settings/Users/h4_USERS' is visible

2022-12-26 16:59:24 - [MESSAGE][PASSED] - Object 'Object Repository/09-Settings/Users/h4_USERS' is visible

2022-12-26 16:59:24 - [TEST_STEP][PASSED] - verifyElementVisible(findTestObject("09-Settings/Users/User Page")): Object 'Object Repository/09-Settings/Users/User Page' is visible

2022-12-26 16:59:25 - [MESSAGE][PASSED] - Object 'Object Repository/09-Settings/Users/User Page' is visible

2022-12-26 16:59:25 - [TEST_STEP][PASSED] - delay(3): Delayed 3 second(s)

2022-12-26 16:59:28 - [MESSAGE][PASSED] - Delayed 3 second(s)

2022-12-26 16:59:28 - [TEST_STEP][PASSED] - click(findTestObject("09-Settings/Users/button_add")): Object: 'Object Repository/09-Settings/Users/button_add' is clicked on

2022-12-26 16:59:29 - [MESSAGE][PASSED] - Object: 'Object Repository/09-Settings/Users/button_add' is clicked on

2022-12-26 16:59:29 - [TEST_STEP][PASSED] - verifyElementVisible(findTestObject("09-Settings/Users/User Invitation modal")): Object 'Object Repository/09-Settings/Users/User Invitation modal' is visible

2022-12-26 16:59:29 - [MESSAGE][PASSED] - Object 'Object Repository/09-Settings/Users/User Invitation modal' is visible

2022-12-26 16:59:29 - [TEST_STEP][PASSED] - delay(3): Delayed 3 second(s)

2022-12-26 16:59:33 - [MESSAGE][PASSED] - Delayed 3 second(s)

2022-12-26 16:59:33 - [TEST_STEP][PASSED] - click(findTestObject("09-Settings/Users/add Invite a single user")): Object: 'Object Repository/09-Settings/Users/add Invite a single user' is clicked on

2022-12-26 16:59:34 - [MESSAGE][PASSED] - Object: 'Object Repository/09-Settings/Users/add Invite a single user' is clicked on

2022-12-26 16:59:34 - [TEST_STEP][PASSED] - verifyElementVisible(findTestObject("09-Settings/Users/Invite new user modal")): Object 'Object Repository/09-Settings/Users/Invite new user modal' is visible

2022-12-26 16:59:36 - [MESSAGE][PASSED] - Object 'Object Repository/09-Settings/Users/Invite new user modal' is visible

2022-12-26 16:59:36 - [TEST_STEP][PASSED] - click(findTestObject("09-Settings/Users/input_email")): Object: 'Object Repository/09-Settings/Users/input_email' is clicked on

2022-12-26 16:59:37 - [MESSAGE][PASSED] - Object: 'Object Repository/09-Settings/Users/input_email' is clicked on

2022-12-26 16:59:37 - [TEST_STEP][PASSED] - click(findTestObject("09-Settings/Users/input_firstName")): Object: 'Object Repository/09-Settings/Users/input_firstName' is clicked on

2022-12-26 16:59:38 - [MESSAGE][PASSED] - Object: 'Object Repository/09-Settings/Users/input_firstName' is clicked on

2022-12-26 16:59:38 - [TEST_STEP][PASSED] - click(findTestObject("09-Settings/Users/input_lastName")): Object: 'Object Repository/09-Settings/Users/input_lastName' is clicked on

2022-12-26 16:59:40 - [MESSAGE][PASSED] - Object: 'Object Repository/09-Settings/Users/input_lastName' is clicked on

2022-12-26 16:59:40 - [TEST_STEP][PASSED] - click(findTestObject("09-Settings/Users/span_Role")): Object: 'Object Repository/09-Settings/Users/span_Role' is clicked on

2022-12-26 16:59:41 - [MESSAGE][PASSED] - Object: 'Object Repository/09-Settings/Users/span_Role' is clicked on

2022-12-26 16:59:41 - [TEST_STEP][PASSED] - clickOffset(findTestObject("09-Settings/Users/h4_Invite New User"), 100, 100): Object: 'Object Repository/09-Settings/Users/h4_Invite New User' is clicked on using offset x=100 and y=100

2022-12-26 16:59:42 - [MESSAGE][PASSED] - Object: 'Object Repository/09-Settings/Users/h4_Invite New User' is clicked on using offset x=100 and y=100

2022-12-26 16:59:42 - [TEST_STEP][PASSED] - verifyElementVisible(findTestObject("09-Settings/Users/Email required")): Object 'Object Repository/09-Settings/Users/Email required' is visible

2022-12-26 16:59:43 - [MESSAGE][PASSED] - Object 'Object Repository/09-Settings/Users/Email required' is visible

2022-12-26 16:59:43 - [TEST_STEP][PASSED] - verifyElementVisible(findTestObject("09-Settings/Users/Firstname required")): Object 'Object Repository/09-Settings/Users/Firstname required' is visible

2022-12-26 16:59:44 - [MESSAGE][PASSED] - Object 'Object Repository/09-Settings/Users/Firstname required' is visible

2022-12-26 16:59:44 - [TEST_STEP][PASSED] - verifyElementVisible(findTestObject("09-Settings/Users/last name required")): Object 'Object Repository/09-Settings/Users/last name required' is visible

2022-12-26 16:59:44 - [MESSAGE][PASSED] - Object 'Object Repository/09-Settings/Users/last name required' is visible

2022-12-26 16:59:45 - [TEST_STEP][PASSED] - verifyElementVisible(findTestObject("09-Settings/Users/error_Select a role")): Object 'Object Repository/09-Settings/Users/error_Select a role' is visible

2022-12-26 16:59:45 - [MESSAGE][PASSED] - Object 'Object Repository/09-Settings/Users/error_Select a role' is visible]]></system-out>
         <system-err><![CDATA[]]></system-err>
      </testcase>
      <testcase name="Test Cases/09-Settings/02 - Users (Invite new user as co worker)" time="192.688" classname="Test Cases/09-Settings/02 - Users (Invite new user as co worker)" status="PASSED">
         <system-out><![CDATA[2022-12-26 16:59:45 - [TEST_CASE][PASSED] - Test Cases/09-Settings/02 - Users (Invite new user as co worker): Test Cases/09-Settings/02 - Users (Invite new user as co worker)

2022-12-26 16:59:48 - [TEST_STEP][PASSED] - delay(3): Delayed 3 second(s)

2022-12-26 16:59:51 - [MESSAGE][PASSED] - Delayed 3 second(s)

2022-12-26 16:59:51 - [TEST_STEP][PASSED] - setText(findTestObject("09-Settings/Users/input_email"), "autotester04@mailinator.com"): Text 'autotester04@mailinator.com' is set on object 'Object Repository/09-Settings/Users/input_email'

2022-12-26 16:59:54 - [MESSAGE][PASSED] - Text 'autotester04@mailinator.com' is set on object 'Object Repository/09-Settings/Users/input_email'

2022-12-26 16:59:54 - [TEST_STEP][PASSED] - setText(findTestObject("09-Settings/Users/input_firstName"), "GG"): Text 'GG' is set on object 'Object Repository/09-Settings/Users/input_firstName'

2022-12-26 16:59:55 - [MESSAGE][PASSED] - Text 'GG' is set on object 'Object Repository/09-Settings/Users/input_firstName'

2022-12-26 16:59:55 - [TEST_STEP][PASSED] - setText(findTestObject("09-Settings/Users/input_lastName"), "Auto Contact 2"): Text 'Auto Contact 2' is set on object 'Object Repository/09-Settings/Users/input_lastName'

2022-12-26 16:59:57 - [MESSAGE][PASSED] - Text 'Auto Contact 2' is set on object 'Object Repository/09-Settings/Users/input_lastName'

2022-12-26 16:59:57 - [TEST_STEP][PASSED] - click(findTestObject("09-Settings/Users/span_Role")): Object: 'Object Repository/09-Settings/Users/span_Role' is clicked on

2022-12-26 16:59:58 - [MESSAGE][PASSED] - Object: 'Object Repository/09-Settings/Users/span_Role' is clicked on

2022-12-26 16:59:58 - [TEST_STEP][PASSED] - click(findTestObject("09-Settings/Users/span_CoWorker")): Object: 'Object Repository/09-Settings/Users/span_CoWorker' is clicked on

2022-12-26 16:59:59 - [MESSAGE][PASSED] - Object: 'Object Repository/09-Settings/Users/span_CoWorker' is clicked on

2022-12-26 16:59:59 - [TEST_STEP][PASSED] - click(findTestObject("09-Settings/Users/button_Send Invitation")): Object: 'Object Repository/09-Settings/Users/button_Send Invitation' is clicked on

2022-12-26 17:00:01 - [MESSAGE][PASSED] - Object: 'Object Repository/09-Settings/Users/button_Send Invitation' is clicked on

2022-12-26 17:00:01 - [TEST_STEP][PASSED] - delay(2): Delayed 2 second(s)

2022-12-26 17:00:03 - [MESSAGE][PASSED] - Delayed 2 second(s)

2022-12-26 17:00:03 - [TEST_STEP][PASSED] - verifyElementVisible(findTestObject("07-Directory/Connections/zContact Profile/Successfully invited user")): Object 'Object Repository/07-Directory/Connections/zContact Profile/Successfully invited user' is visible

2022-12-26 17:00:06 - [MESSAGE][PASSED] - Object 'Object Repository/07-Directory/Connections/zContact Profile/Successfully invited user' is visible

2022-12-26 17:00:06 - [TEST_STEP][PASSED] - delay(2): Delayed 2 second(s)

2022-12-26 17:00:08 - [MESSAGE][PASSED] - Delayed 2 second(s)

2022-12-26 17:00:08 - [TEST_STEP][PASSED] - executeJavaScript("window.open();", []): Execute JavaScript 'window.open();' successfully

2022-12-26 17:00:08 - [MESSAGE][PASSED] - Execute JavaScript 'window.open();' successfully

2022-12-26 17:00:08 - [TEST_STEP][PASSED] - currentWindow = getWindowIndex(): Current window's index is: 0

2022-12-26 17:00:09 - [MESSAGE][PASSED] - Current window's index is: 0

2022-12-26 17:00:09 - [TEST_STEP][PASSED] - delay(3): Delayed 3 second(s)

2022-12-26 17:00:12 - [MESSAGE][PASSED] - Delayed 3 second(s)

2022-12-26 17:00:12 - [TEST_STEP][PASSED] - switchToWindowIndex(currentWindow + 1): Switched to window with index: '1'

2022-12-26 17:00:12 - [MESSAGE][PASSED] - Switched to window with index: '1'

2022-12-26 17:00:12 - [TEST_STEP][PASSED] - navigateToUrl("https://www.mailinator.com/"): Navigate to 'https://www.mailinator.com/' successfully

2022-12-26 17:00:19 - [MESSAGE][PASSED] - Navigate to 'https://www.mailinator.com/' successfully

2022-12-26 17:00:19 - [TEST_STEP][PASSED] - delay(3): Delayed 3 second(s)

2022-12-26 17:00:22 - [MESSAGE][PASSED] - Delayed 3 second(s)

2022-12-26 17:00:22 - [TEST_STEP][PASSED] - setText(findTestObject("00-Signup and Activation/zMailinator/input_LOGIN_search"), "autotester04@mailinator.com"): Text 'autotester04@mailinator.com' is set on object 'Object Repository/00-Signup and Activation/zMailinator/input_LOGIN_search'

2022-12-26 17:00:24 - [MESSAGE][PASSED] - Text 'autotester04@mailinator.com' is set on object 'Object Repository/00-Signup and Activation/zMailinator/input_LOGIN_search'

2022-12-26 17:00:24 - [TEST_STEP][PASSED] - click(findTestObject("00-Signup and Activation/zMailinator/gobutton"), STOP_ON_FAILURE): Object: 'Object Repository/00-Signup and Activation/zMailinator/gobutton' is clicked on

2022-12-26 17:00:27 - [MESSAGE][PASSED] - Object: 'Object Repository/00-Signup and Activation/zMailinator/gobutton' is clicked on

2022-12-26 17:00:27 - [TEST_STEP][PASSED] - delay(3): Delayed 3 second(s)

2022-12-26 17:00:30 - [MESSAGE][PASSED] - Delayed 3 second(s)

2022-12-26 17:00:30 - [TEST_STEP][PASSED] - closeWindowTitle("Everleagues"): Window with title: 'Everleagues' is closed

2022-12-26 17:00:30 - [MESSAGE][PASSED] - Window with title: 'Everleagues' is closed

2022-12-26 17:00:30 - [TEST_STEP][PASSED] - switchToWindowIndex(0): Switched to window with index: '0'

2022-12-26 17:00:31 - [MESSAGE][PASSED] - Switched to window with index: '0'

2022-12-26 17:00:31 - [TEST_STEP][PASSED] - click(findTestObject("09-Settings/Users/Co worker/td_Invitation from GG Automation")): Object: 'Object Repository/09-Settings/Users/Co worker/td_Invitation from GG Automation' is clicked on

2022-12-26 17:00:32 - [MESSAGE][PASSED] - Object: 'Object Repository/09-Settings/Users/Co worker/td_Invitation from GG Automation' is clicked on

2022-12-26 17:00:32 - [TEST_STEP][PASSED] - click(findTestObject("09-Settings/Users/Co worker/a_Click here to join GG Automation on EverLeagues")): Object: 'Object Repository/09-Settings/Users/Co worker/a_Click here to join GG Automation on EverLeagues' is clicked on

2022-12-26 17:00:33 - [MESSAGE][PASSED] - Object: 'Object Repository/09-Settings/Users/Co worker/a_Click here to join GG Automation on EverLeagues' is clicked on

2022-12-26 17:00:33 - [TEST_STEP][PASSED] - closeWindowTitle("Mailinator"): Window with title: 'Mailinator' is closed

2022-12-26 17:00:33 - [MESSAGE][PASSED] - Window with title: 'Mailinator' is closed

2022-12-26 17:00:33 - [TEST_STEP][PASSED] - switchToWindowIndex(0): Switched to window with index: '0'

2022-12-26 17:00:33 - [MESSAGE][PASSED] - Switched to window with index: '0'

2022-12-26 17:00:33 - [TEST_STEP][PASSED] - verifyElementVisible(findTestObject("09-Settings/Users/Co worker/Logout before proceed modal")): Object 'Object Repository/09-Settings/Users/Co worker/Logout before proceed modal' is visible

2022-12-26 17:01:00 - [MESSAGE][PASSED] - Object 'Object Repository/09-Settings/Users/Co worker/Logout before proceed modal' is visible

2022-12-26 17:01:00 - [TEST_STEP][PASSED] - click(findTestObject("09-Settings/Users/Co worker/button_Yes")): Object: 'Object Repository/09-Settings/Users/Co worker/button_Yes' is clicked on

2022-12-26 17:01:01 - [MESSAGE][PASSED] - Object: 'Object Repository/09-Settings/Users/Co worker/button_Yes' is clicked on

2022-12-26 17:01:01 - [TEST_STEP][PASSED] - delay(3): Delayed 3 second(s)

2022-12-26 17:01:04 - [MESSAGE][PASSED] - Delayed 3 second(s)

2022-12-26 17:01:04 - [TEST_STEP][PASSED] - setText(findTestObject("09-Settings/Users/Co worker/input_Email_email"), "autotester04@mailinator.com"): Text 'autotester04@mailinator.com' is set on object 'Object Repository/09-Settings/Users/Co worker/input_Email_email'

2022-12-26 17:01:07 - [MESSAGE][PASSED] - Text 'autotester04@mailinator.com' is set on object 'Object Repository/09-Settings/Users/Co worker/input_Email_email'

2022-12-26 17:01:07 - [TEST_STEP][PASSED] - setEncryptedText(findTestObject("09-Settings/Users/Co worker/input__password"), "8yFRyszE6U6jvsCn51OQbg=="): Text ****** has been set on object 'Object Repository/09-Settings/Users/Co worker/input__password'

2022-12-26 17:01:08 - [MESSAGE][PASSED] - Text ****** has been set on object 'Object Repository/09-Settings/Users/Co worker/input__password'

2022-12-26 17:01:08 - [TEST_STEP][PASSED] - click(findTestObject("02-Side Icons(Organization)/Add Contact/button_Sign in")): Object: 'Object Repository/02-Side Icons(Organization)/Add Contact/button_Sign in' is clicked on

2022-12-26 17:01:09 - [MESSAGE][PASSED] - Object: 'Object Repository/02-Side Icons(Organization)/Add Contact/button_Sign in' is clicked on

2022-12-26 17:01:09 - [TEST_STEP][PASSED] - delay(2): Delayed 2 second(s)

2022-12-26 17:01:11 - [MESSAGE][PASSED] - Delayed 2 second(s)

2022-12-26 17:01:11 - [TEST_STEP][PASSED] - click(findTestObject("06-Teams/For 2FA/button_Confirm_2FA")): Object: 'Object Repository/06-Teams/For 2FA/button_Confirm_2FA' is clicked on

2022-12-26 17:01:12 - [MESSAGE][PASSED] - Object: 'Object Repository/06-Teams/For 2FA/button_Confirm_2FA' is clicked on

2022-12-26 17:01:12 - [TEST_STEP][PASSED] - executeJavaScript("window.open();", []): Execute JavaScript 'window.open();' successfully

2022-12-26 17:01:12 - [MESSAGE][PASSED] - Execute JavaScript 'window.open();' successfully

2022-12-26 17:01:12 - [TEST_STEP][PASSED] - currentWindow = getWindowIndex(): Current window's index is: 0

2022-12-26 17:01:12 - [MESSAGE][PASSED] - Current window's index is: 0

2022-12-26 17:01:12 - [TEST_STEP][PASSED] - delay(3): Delayed 3 second(s)

2022-12-26 17:01:15 - [MESSAGE][PASSED] - Delayed 3 second(s)

2022-12-26 17:01:15 - [TEST_STEP][PASSED] - switchToWindowIndex(currentWindow + 1): Switched to window with index: '1'

2022-12-26 17:01:15 - [MESSAGE][PASSED] - Switched to window with index: '1'

2022-12-26 17:01:15 - [TEST_STEP][PASSED] - navigateToUrl("https://www.mailinator.com/"): Navigate to 'https://www.mailinator.com/' successfully

2022-12-26 17:01:22 - [MESSAGE][PASSED] - Navigate to 'https://www.mailinator.com/' successfully

2022-12-26 17:01:22 - [TEST_STEP][PASSED] - delay(3): Delayed 3 second(s)

2022-12-26 17:01:25 - [MESSAGE][PASSED] - Delayed 3 second(s)

2022-12-26 17:01:25 - [TEST_STEP][PASSED] - setText(findTestObject("00-Signup and Activation/zMailinator/input_LOGIN_search"), "autotester04@mailinator.com"): Text 'autotester04@mailinator.com' is set on object 'Object Repository/00-Signup and Activation/zMailinator/input_LOGIN_search'

2022-12-26 17:01:26 - [MESSAGE][PASSED] - Text 'autotester04@mailinator.com' is set on object 'Object Repository/00-Signup and Activation/zMailinator/input_LOGIN_search'

2022-12-26 17:01:26 - [TEST_STEP][PASSED] - click(findTestObject("00-Signup and Activation/zMailinator/gobutton"), STOP_ON_FAILURE): Object: 'Object Repository/00-Signup and Activation/zMailinator/gobutton' is clicked on

2022-12-26 17:01:29 - [MESSAGE][PASSED] - Object: 'Object Repository/00-Signup and Activation/zMailinator/gobutton' is clicked on

2022-12-26 17:01:29 - [TEST_STEP][PASSED] - delay(3): Delayed 3 second(s)

2022-12-26 17:01:32 - [MESSAGE][PASSED] - Delayed 3 second(s)

2022-12-26 17:01:32 - [TEST_STEP][PASSED] - click(findTestObject("00-Signup and Activation/zMailinator/Email - everleagues")): Object: 'Object Repository/00-Signup and Activation/zMailinator/Email - everleagues' is clicked on

2022-12-26 17:01:33 - [MESSAGE][PASSED] - Object: 'Object Repository/00-Signup and Activation/zMailinator/Email - everleagues' is clicked on

2022-12-26 17:01:33 - [TEST_STEP][PASSED] - delay(3): Delayed 3 second(s)

2022-12-26 17:01:36 - [MESSAGE][PASSED] - Delayed 3 second(s)

2022-12-26 17:01:36 - [TEST_STEP][PASSED] - codetwo = getText(findTestObject("Object Repository/06-Teams/For 2FA/2FA code")): Text of object 'Object Repository/06-Teams/For 2FA/2FA code' is: '261242'

2022-12-26 17:01:37 - [MESSAGE][PASSED] - Text of object 'Object Repository/06-Teams/For 2FA/2FA code' is: '261242'

2022-12-26 17:01:37 - [TEST_STEP][PASSED] - delay(3): Delayed 3 second(s)

2022-12-26 17:01:40 - [MESSAGE][PASSED] - Delayed 3 second(s)

2022-12-26 17:01:40 - [TEST_STEP][PASSED] - closeWindowTitle("Mailinator"): Window with title: 'Mailinator' is closed

2022-12-26 17:01:41 - [MESSAGE][PASSED] - Window with title: 'Mailinator' is closed

2022-12-26 17:01:41 - [TEST_STEP][PASSED] - delay(3): Delayed 3 second(s)

2022-12-26 17:01:44 - [MESSAGE][PASSED] - Delayed 3 second(s)

2022-12-26 17:01:44 - [TEST_STEP][PASSED] - switchToWindowIndex(0): Switched to window with index: '0'

2022-12-26 17:01:44 - [MESSAGE][PASSED] - Switched to window with index: '0'

2022-12-26 17:01:44 - [TEST_STEP][PASSED] - delay(3): Delayed 3 second(s)

2022-12-26 17:01:47 - [MESSAGE][PASSED] - Delayed 3 second(s)

2022-12-26 17:01:47 - [TEST_STEP][PASSED] - setText(findTestObject("Object Repository/06-Teams/For 2FA/input_Enter verification code_code"), codetwo): Text '261242' is set on object 'Object Repository/06-Teams/For 2FA/input_Enter verification code_code'

2022-12-26 17:01:49 - [MESSAGE][PASSED] - Text '261242' is set on object 'Object Repository/06-Teams/For 2FA/input_Enter verification code_code'

2022-12-26 17:01:49 - [TEST_STEP][PASSED] - delay(3): Delayed 3 second(s)

2022-12-26 17:01:52 - [MESSAGE][PASSED] - Delayed 3 second(s)

2022-12-26 17:01:52 - [TEST_STEP][PASSED] - click(findTestObject("06-Teams/For 2FA/button_Verify_2FA")): Object: 'Object Repository/06-Teams/For 2FA/button_Verify_2FA' is clicked on

2022-12-26 17:01:53 - [MESSAGE][PASSED] - Object: 'Object Repository/06-Teams/For 2FA/button_Verify_2FA' is clicked on

2022-12-26 17:01:53 - [TEST_STEP][PASSED] - delay(5): Delayed 5 second(s)

2022-12-26 17:01:58 - [MESSAGE][PASSED] - Delayed 5 second(s)

2022-12-26 17:01:58 - [TEST_STEP][PASSED] - executeJavaScript("window.open();", []): Execute JavaScript 'window.open();' successfully

2022-12-26 17:01:58 - [MESSAGE][PASSED] - Execute JavaScript 'window.open();' successfully

2022-12-26 17:01:58 - [TEST_STEP][PASSED] - currentWindow = getWindowIndex(): Current window's index is: 0

2022-12-26 17:01:58 - [MESSAGE][PASSED] - Current window's index is: 0

2022-12-26 17:01:58 - [TEST_STEP][PASSED] - delay(3): Delayed 3 second(s)

2022-12-26 17:02:01 - [MESSAGE][PASSED] - Delayed 3 second(s)

2022-12-26 17:02:01 - [TEST_STEP][PASSED] - switchToWindowIndex(currentWindow + 1): Switched to window with index: '1'

2022-12-26 17:02:01 - [MESSAGE][PASSED] - Switched to window with index: '1'

2022-12-26 17:02:01 - [TEST_STEP][PASSED] - navigateToUrl("https://www.mailinator.com/"): Navigate to 'https://www.mailinator.com/' successfully

2022-12-26 17:02:06 - [MESSAGE][PASSED] - Navigate to 'https://www.mailinator.com/' successfully

2022-12-26 17:02:06 - [TEST_STEP][PASSED] - delay(3): Delayed 3 second(s)

2022-12-26 17:02:09 - [MESSAGE][PASSED] - Delayed 3 second(s)

2022-12-26 17:02:09 - [TEST_STEP][PASSED] - setText(findTestObject("00-Signup and Activation/zMailinator/input_LOGIN_search"), "autotester04@mailinator.com"): Text 'autotester04@mailinator.com' is set on object 'Object Repository/00-Signup and Activation/zMailinator/input_LOGIN_search'

2022-12-26 17:02:11 - [MESSAGE][PASSED] - Text 'autotester04@mailinator.com' is set on object 'Object Repository/00-Signup and Activation/zMailinator/input_LOGIN_search'

2022-12-26 17:02:11 - [TEST_STEP][PASSED] - click(findTestObject("00-Signup and Activation/zMailinator/gobutton"), STOP_ON_FAILURE): Object: 'Object Repository/00-Signup and Activation/zMailinator/gobutton' is clicked on

2022-12-26 17:02:13 - [MESSAGE][PASSED] - Object: 'Object Repository/00-Signup and Activation/zMailinator/gobutton' is clicked on

2022-12-26 17:02:13 - [TEST_STEP][PASSED] - delay(3): Delayed 3 second(s)

2022-12-26 17:02:16 - [MESSAGE][PASSED] - Delayed 3 second(s)

2022-12-26 17:02:16 - [TEST_STEP][PASSED] - closeWindowTitle("Everleagues"): Window with title: 'Everleagues' is closed

2022-12-26 17:02:17 - [MESSAGE][PASSED] - Window with title: 'Everleagues' is closed

2022-12-26 17:02:17 - [TEST_STEP][PASSED] - switchToWindowIndex(0): Switched to window with index: '0'

2022-12-26 17:02:17 - [MESSAGE][PASSED] - Switched to window with index: '0'

2022-12-26 17:02:17 - [TEST_STEP][PASSED] - click(findTestObject("09-Settings/Users/Co worker/td_Invitation from GG Automation")): Object: 'Object Repository/09-Settings/Users/Co worker/td_Invitation from GG Automation' is clicked on

2022-12-26 17:02:18 - [MESSAGE][PASSED] - Object: 'Object Repository/09-Settings/Users/Co worker/td_Invitation from GG Automation' is clicked on

2022-12-26 17:02:18 - [TEST_STEP][PASSED] - click(findTestObject("09-Settings/Users/Co worker/a_Click here to join GG Automation on EverLeagues")): Object: 'Object Repository/09-Settings/Users/Co worker/a_Click here to join GG Automation on EverLeagues' is clicked on

2022-12-26 17:02:19 - [MESSAGE][PASSED] - Object: 'Object Repository/09-Settings/Users/Co worker/a_Click here to join GG Automation on EverLeagues' is clicked on

2022-12-26 17:02:19 - [TEST_STEP][PASSED] - delay(3): Delayed 3 second(s)

2022-12-26 17:02:22 - [MESSAGE][PASSED] - Delayed 3 second(s)

2022-12-26 17:02:22 - [TEST_STEP][PASSED] - closeWindowTitle("Mailinator"): Window with title: 'Mailinator' is closed

2022-12-26 17:02:35 - [MESSAGE][PASSED] - Window with title: 'Mailinator' is closed

2022-12-26 17:02:35 - [TEST_STEP][PASSED] - switchToWindowIndex(0): Switched to window with index: '0'

2022-12-26 17:02:35 - [MESSAGE][PASSED] - Switched to window with index: '0'

2022-12-26 17:02:35 - [TEST_STEP][PASSED] - verifyElementVisible(findTestObject("09-Settings/Users/Co worker/Invite modal")): Object 'Object Repository/09-Settings/Users/Co worker/Invite modal' is visible

2022-12-26 17:02:46 - [MESSAGE][PASSED] - Object 'Object Repository/09-Settings/Users/Co worker/Invite modal' is visible

2022-12-26 17:02:46 - [TEST_STEP][PASSED] - click(findTestObject("09-Settings/Users/Co worker/button_Accept")): Object: 'Object Repository/09-Settings/Users/Co worker/button_Accept' is clicked on

2022-12-26 17:02:47 - [MESSAGE][PASSED] - Object: 'Object Repository/09-Settings/Users/Co worker/button_Accept' is clicked on

2022-12-26 17:02:47 - [TEST_STEP][PASSED] - delay(5): Delayed 5 second(s)

2022-12-26 17:02:52 - [MESSAGE][PASSED] - Delayed 5 second(s)

2022-12-26 17:02:52 - [TEST_STEP][PASSED] - verifyElementVisible(findTestObject("09-Settings/Users/Co worker/div_Joined as CoWorker")): Object 'Object Repository/09-Settings/Users/Co worker/div_Joined as CoWorker' is visible

2022-12-26 17:02:56 - [MESSAGE][PASSED] - Object 'Object Repository/09-Settings/Users/Co worker/div_Joined as CoWorker' is visible

2022-12-26 17:02:56 - [TEST_STEP][PASSED] - closeBrowser(): Browser is closed

2022-12-26 17:02:58 - [MESSAGE][PASSED] - Browser is closed]]></system-out>
         <system-err><![CDATA[]]></system-err>
      </testcase>
      <testcase name="Test Cases/09-Settings/03 - Users (Invite new user as client)" time="296.769" classname="Test Cases/09-Settings/03 - Users (Invite new user as client)" status="PASSED">
         <system-out><![CDATA[2022-12-26 17:02:58 - [TEST_CASE][PASSED] - Test Cases/09-Settings/03 - Users (Invite new user as client): Test Cases/09-Settings/03 - Users (Invite new user as client)

2022-12-26 17:03:00 - [TEST_STEP][PASSED] - openBrowser(""): Browser is opened with url: ''

2022-12-26 17:03:00 - [MESSAGE][INFO] - Starting 'Chrome' driver

2022-12-26 17:03:00 - [MESSAGE][INFO] - Action delay is set to 0 milliseconds

2022-12-26 17:03:03 - [MESSAGE][PASSED] - Browser is opened with url: ''

2022-12-26 17:03:03 - [TEST_STEP][PASSED] - navigateToUrl("https://lab.everleagues.com/"): Navigate to 'https://lab.everleagues.com/' successfully

2022-12-26 17:03:24 - [MESSAGE][PASSED] - Navigate to 'https://lab.everleagues.com/' successfully

2022-12-26 17:03:24 - [TEST_STEP][PASSED] - maximizeWindow(): Current window maximized

2022-12-26 17:03:24 - [MESSAGE][PASSED] - Current window maximized

2022-12-26 17:03:24 - [TEST_STEP][PASSED] - setText(findTestObject("02-Side Icons(Organization)/Add Contact/Email Field"), "testuser02@mailinator.com"): Text 'testuser02@mailinator.com' is set on object 'Object Repository/02-Side Icons(Organization)/Add Contact/Email Field'

2022-12-26 17:03:26 - [MESSAGE][PASSED] - Text 'testuser02@mailinator.com' is set on object 'Object Repository/02-Side Icons(Organization)/Add Contact/Email Field'

2022-12-26 17:03:26 - [TEST_STEP][PASSED] - setEncryptedText(findTestObject("02-Side Icons(Organization)/Add Contact/Password Field"), "8yFRyszE6U6jvsCn51OQbg=="): Text ****** has been set on object 'Object Repository/02-Side Icons(Organization)/Add Contact/Password Field'

2022-12-26 17:03:27 - [MESSAGE][PASSED] - Text ****** has been set on object 'Object Repository/02-Side Icons(Organization)/Add Contact/Password Field'

2022-12-26 17:03:27 - [TEST_STEP][PASSED] - click(findTestObject("02-Side Icons(Organization)/Add Contact/button_Sign in")): Object: 'Object Repository/02-Side Icons(Organization)/Add Contact/button_Sign in' is clicked on

2022-12-26 17:03:29 - [MESSAGE][PASSED] - Object: 'Object Repository/02-Side Icons(Organization)/Add Contact/button_Sign in' is clicked on

2022-12-26 17:03:29 - [TEST_STEP][PASSED] - delay(2): Delayed 2 second(s)

2022-12-26 17:03:31 - [MESSAGE][PASSED] - Delayed 2 second(s)

2022-12-26 17:03:31 - [TEST_STEP][PASSED] - click(findTestObject("06-Teams/For 2FA/button_Confirm_2FA")): Object: 'Object Repository/06-Teams/For 2FA/button_Confirm_2FA' is clicked on

2022-12-26 17:03:32 - [MESSAGE][PASSED] - Object: 'Object Repository/06-Teams/For 2FA/button_Confirm_2FA' is clicked on

2022-12-26 17:03:32 - [TEST_STEP][PASSED] - executeJavaScript("window.open();", []): Execute JavaScript 'window.open();' successfully

2022-12-26 17:03:32 - [MESSAGE][PASSED] - Execute JavaScript 'window.open();' successfully

2022-12-26 17:03:32 - [TEST_STEP][PASSED] - currentWindow = getWindowIndex(): Current window's index is: 0

2022-12-26 17:03:32 - [MESSAGE][PASSED] - Current window's index is: 0

2022-12-26 17:03:32 - [TEST_STEP][PASSED] - delay(3): Delayed 3 second(s)

2022-12-26 17:03:35 - [MESSAGE][PASSED] - Delayed 3 second(s)

2022-12-26 17:03:35 - [TEST_STEP][PASSED] - switchToWindowIndex(currentWindow + 1): Switched to window with index: '1'

2022-12-26 17:03:35 - [MESSAGE][PASSED] - Switched to window with index: '1'

2022-12-26 17:03:35 - [TEST_STEP][PASSED] - navigateToUrl("https://www.mailinator.com/"): Navigate to 'https://www.mailinator.com/' successfully

2022-12-26 17:03:46 - [MESSAGE][PASSED] - Navigate to 'https://www.mailinator.com/' successfully

2022-12-26 17:03:46 - [TEST_STEP][PASSED] - delay(3): Delayed 3 second(s)

2022-12-26 17:03:49 - [MESSAGE][PASSED] - Delayed 3 second(s)

2022-12-26 17:03:49 - [TEST_STEP][PASSED] - setText(findTestObject("00-Signup and Activation/zMailinator/input_LOGIN_search"), "testuser02@mailinator.com"): Text 'testuser02@mailinator.com' is set on object 'Object Repository/00-Signup and Activation/zMailinator/input_LOGIN_search'

2022-12-26 17:03:50 - [MESSAGE][PASSED] - Text 'testuser02@mailinator.com' is set on object 'Object Repository/00-Signup and Activation/zMailinator/input_LOGIN_search'

2022-12-26 17:03:50 - [TEST_STEP][PASSED] - click(findTestObject("00-Signup and Activation/zMailinator/gobutton"), STOP_ON_FAILURE): Object: 'Object Repository/00-Signup and Activation/zMailinator/gobutton' is clicked on

2022-12-26 17:03:56 - [MESSAGE][PASSED] - Object: 'Object Repository/00-Signup and Activation/zMailinator/gobutton' is clicked on

2022-12-26 17:03:56 - [TEST_STEP][PASSED] - delay(3): Delayed 3 second(s)

2022-12-26 17:03:59 - [MESSAGE][PASSED] - Delayed 3 second(s)

2022-12-26 17:03:59 - [TEST_STEP][PASSED] - click(findTestObject("00-Signup and Activation/zMailinator/Email - everleagues")): Object: 'Object Repository/00-Signup and Activation/zMailinator/Email - everleagues' is clicked on

2022-12-26 17:04:00 - [MESSAGE][PASSED] - Object: 'Object Repository/00-Signup and Activation/zMailinator/Email - everleagues' is clicked on

2022-12-26 17:04:00 - [TEST_STEP][PASSED] - delay(3): Delayed 3 second(s)

2022-12-26 17:04:03 - [MESSAGE][PASSED] - Delayed 3 second(s)

2022-12-26 17:04:03 - [TEST_STEP][PASSED] - code = getText(findTestObject("Object Repository/06-Teams/For 2FA/2FA code")): Text of object 'Object Repository/06-Teams/For 2FA/2FA code' is: '084113'

2022-12-26 17:04:04 - [MESSAGE][PASSED] - Text of object 'Object Repository/06-Teams/For 2FA/2FA code' is: '084113'

2022-12-26 17:04:04 - [TEST_STEP][PASSED] - delay(3): Delayed 3 second(s)

2022-12-26 17:04:07 - [MESSAGE][PASSED] - Delayed 3 second(s)

2022-12-26 17:04:07 - [TEST_STEP][PASSED] - closeWindowTitle("Mailinator"): Window with title: 'Mailinator' is closed

2022-12-26 17:04:08 - [MESSAGE][PASSED] - Window with title: 'Mailinator' is closed

2022-12-26 17:04:08 - [TEST_STEP][PASSED] - delay(3): Delayed 3 second(s)

2022-12-26 17:04:11 - [MESSAGE][PASSED] - Delayed 3 second(s)

2022-12-26 17:04:11 - [TEST_STEP][PASSED] - switchToWindowIndex(0): Switched to window with index: '0'

2022-12-26 17:04:11 - [MESSAGE][PASSED] - Switched to window with index: '0'

2022-12-26 17:04:11 - [TEST_STEP][PASSED] - delay(3): Delayed 3 second(s)

2022-12-26 17:04:14 - [MESSAGE][PASSED] - Delayed 3 second(s)

2022-12-26 17:04:14 - [TEST_STEP][PASSED] - setText(findTestObject("Object Repository/06-Teams/For 2FA/input_Enter verification code_code"), code): Text '084113' is set on object 'Object Repository/06-Teams/For 2FA/input_Enter verification code_code'

2022-12-26 17:04:16 - [MESSAGE][PASSED] - Text '084113' is set on object 'Object Repository/06-Teams/For 2FA/input_Enter verification code_code'

2022-12-26 17:04:16 - [TEST_STEP][PASSED] - delay(3): Delayed 3 second(s)

2022-12-26 17:04:19 - [MESSAGE][PASSED] - Delayed 3 second(s)

2022-12-26 17:04:19 - [TEST_STEP][PASSED] - click(findTestObject("06-Teams/For 2FA/button_Verify_2FA")): Object: 'Object Repository/06-Teams/For 2FA/button_Verify_2FA' is clicked on

2022-12-26 17:04:20 - [MESSAGE][PASSED] - Object: 'Object Repository/06-Teams/For 2FA/button_Verify_2FA' is clicked on

2022-12-26 17:04:20 - [TEST_STEP][PASSED] - delay(5): Delayed 5 second(s)

2022-12-26 17:04:25 - [MESSAGE][PASSED] - Delayed 5 second(s)

2022-12-26 17:04:25 - [TEST_STEP][PASSED] - click(findTestObject("06-Teams/button_doublearrow")): Object: 'Object Repository/06-Teams/button_doublearrow' is clicked on

2022-12-26 17:04:28 - [MESSAGE][PASSED] - Object: 'Object Repository/06-Teams/button_doublearrow' is clicked on

2022-12-26 17:04:28 - [TEST_STEP][PASSED] - click(findTestObject("06-Teams/button_My Organizations")): Object: 'Object Repository/06-Teams/button_My Organizations' is clicked on

2022-12-26 17:04:29 - [MESSAGE][PASSED] - Object: 'Object Repository/06-Teams/button_My Organizations' is clicked on

2022-12-26 17:04:29 - [TEST_STEP][PASSED] - click(findTestObject("06-Teams/button_GG Automation")): Object: 'Object Repository/06-Teams/button_GG Automation' is clicked on

2022-12-26 17:04:30 - [MESSAGE][PASSED] - Object: 'Object Repository/06-Teams/button_GG Automation' is clicked on

2022-12-26 17:04:30 - [TEST_STEP][PASSED] - delay(4): Delayed 4 second(s)

2022-12-26 17:04:34 - [MESSAGE][PASSED] - Delayed 4 second(s)

2022-12-26 17:04:34 - [TEST_STEP][PASSED] - verifyElementVisible(findTestObject("06-Teams/span_GG Automation")): Object 'Object Repository/06-Teams/span_GG Automation' is visible

2022-12-26 17:04:35 - [MESSAGE][PASSED] - Object 'Object Repository/06-Teams/span_GG Automation' is visible

2022-12-26 17:04:35 - [TEST_STEP][PASSED] - delay(5): Delayed 5 second(s)

2022-12-26 17:04:40 - [MESSAGE][PASSED] - Delayed 5 second(s)

2022-12-26 17:04:40 - [TEST_STEP][PASSED] - click(findTestObject("03-Header Menu/Hamburger Button/div_Settings")): Object: 'Object Repository/03-Header Menu/Hamburger Button/div_Settings' is clicked on

2022-12-26 17:04:41 - [MESSAGE][PASSED] - Object: 'Object Repository/03-Header Menu/Hamburger Button/div_Settings' is clicked on

2022-12-26 17:04:41 - [TEST_STEP][PASSED] - delay(3): Delayed 3 second(s)

2022-12-26 17:04:44 - [MESSAGE][PASSED] - Delayed 3 second(s)

2022-12-26 17:04:44 - [TEST_STEP][PASSED] - scrollToElement(findTestObject("09-Settings/Users/div_Users"), 0): Scroll to object 'Object Repository/09-Settings/Users/div_Users' successfully

2022-12-26 17:04:44 - [MESSAGE][WARNING] - Timeout '0' is invalid. Using default page load timeout: '30'

2022-12-26 17:04:45 - [MESSAGE][PASSED] - Scroll to object 'Object Repository/09-Settings/Users/div_Users' successfully

2022-12-26 17:04:45 - [TEST_STEP][PASSED] - click(findTestObject("09-Settings/Users/div_Users")): Object: 'Object Repository/09-Settings/Users/div_Users' is clicked on

2022-12-26 17:04:47 - [MESSAGE][PASSED] - Object: 'Object Repository/09-Settings/Users/div_Users' is clicked on

2022-12-26 17:04:47 - [TEST_STEP][PASSED] - delay(3): Delayed 3 second(s)

2022-12-26 17:04:50 - [MESSAGE][PASSED] - Delayed 3 second(s)

2022-12-26 17:04:50 - [TEST_STEP][PASSED] - click(findTestObject("09-Settings/Users/button_add")): Object: 'Object Repository/09-Settings/Users/button_add' is clicked on

2022-12-26 17:04:51 - [MESSAGE][PASSED] - Object: 'Object Repository/09-Settings/Users/button_add' is clicked on

2022-12-26 17:04:51 - [TEST_STEP][PASSED] - delay(3): Delayed 3 second(s)

2022-12-26 17:04:54 - [MESSAGE][PASSED] - Delayed 3 second(s)

2022-12-26 17:04:54 - [TEST_STEP][PASSED] - click(findTestObject("09-Settings/Users/add Invite a single user")): Object: 'Object Repository/09-Settings/Users/add Invite a single user' is clicked on

2022-12-26 17:04:55 - [MESSAGE][PASSED] - Object: 'Object Repository/09-Settings/Users/add Invite a single user' is clicked on

2022-12-26 17:04:55 - [TEST_STEP][PASSED] - delay(3): Delayed 3 second(s)

2022-12-26 17:04:58 - [MESSAGE][PASSED] - Delayed 3 second(s)

2022-12-26 17:04:58 - [TEST_STEP][PASSED] - setText(findTestObject("09-Settings/Users/input_email"), "autotester09@mailinator.com"): Text 'autotester09@mailinator.com' is set on object 'Object Repository/09-Settings/Users/input_email'

2022-12-26 17:05:01 - [MESSAGE][PASSED] - Text 'autotester09@mailinator.com' is set on object 'Object Repository/09-Settings/Users/input_email'

2022-12-26 17:05:01 - [TEST_STEP][PASSED] - setText(findTestObject("09-Settings/Users/input_firstName"), "GG"): Text 'GG' is set on object 'Object Repository/09-Settings/Users/input_firstName'

2022-12-26 17:05:03 - [MESSAGE][PASSED] - Text 'GG' is set on object 'Object Repository/09-Settings/Users/input_firstName'

2022-12-26 17:05:03 - [TEST_STEP][PASSED] - setText(findTestObject("09-Settings/Users/input_lastName"), "Client"): Text 'Client' is set on object 'Object Repository/09-Settings/Users/input_lastName'

2022-12-26 17:05:05 - [MESSAGE][PASSED] - Text 'Client' is set on object 'Object Repository/09-Settings/Users/input_lastName'

2022-12-26 17:05:05 - [TEST_STEP][PASSED] - click(findTestObject("09-Settings/Users/span_Role")): Object: 'Object Repository/09-Settings/Users/span_Role' is clicked on

2022-12-26 17:05:06 - [MESSAGE][PASSED] - Object: 'Object Repository/09-Settings/Users/span_Role' is clicked on

2022-12-26 17:05:06 - [TEST_STEP][PASSED] - click(findTestObject("09-Settings/Users/span_Client")): Object: 'Object Repository/09-Settings/Users/span_Client' is clicked on

2022-12-26 17:05:08 - [MESSAGE][PASSED] - Object: 'Object Repository/09-Settings/Users/span_Client' is clicked on

2022-12-26 17:05:08 - [TEST_STEP][PASSED] - click(findTestObject("09-Settings/Users/button_Send Invitation")): Object: 'Object Repository/09-Settings/Users/button_Send Invitation' is clicked on

2022-12-26 17:05:09 - [MESSAGE][PASSED] - Object: 'Object Repository/09-Settings/Users/button_Send Invitation' is clicked on

2022-12-26 17:05:09 - [TEST_STEP][PASSED] - delay(2): Delayed 2 second(s)

2022-12-26 17:05:11 - [MESSAGE][PASSED] - Delayed 2 second(s)

2022-12-26 17:05:11 - [TEST_STEP][PASSED] - verifyElementVisible(findTestObject("07-Directory/Connections/zContact Profile/Successfully invited user")): Object 'Object Repository/07-Directory/Connections/zContact Profile/Successfully invited user' is visible

2022-12-26 17:05:14 - [MESSAGE][PASSED] - Object 'Object Repository/07-Directory/Connections/zContact Profile/Successfully invited user' is visible

2022-12-26 17:05:14 - [TEST_STEP][PASSED] - delay(2): Delayed 2 second(s)

2022-12-26 17:05:16 - [MESSAGE][PASSED] - Delayed 2 second(s)

2022-12-26 17:05:16 - [TEST_STEP][PASSED] - click(findTestObject("01-Login and Forgot Password/User menu drop")): Object: 'Object Repository/01-Login and Forgot Password/User menu drop' is clicked on

2022-12-26 17:05:17 - [MESSAGE][PASSED] - Object: 'Object Repository/01-Login and Forgot Password/User menu drop' is clicked on

2022-12-26 17:05:17 - [TEST_STEP][PASSED] - delay(2): Delayed 2 second(s)

2022-12-26 17:05:19 - [MESSAGE][PASSED] - Delayed 2 second(s)

2022-12-26 17:05:19 - [TEST_STEP][PASSED] - click(findTestObject("01-Login and Forgot Password/h4_Sign Out"), STOP_ON_FAILURE): Object: 'Object Repository/01-Login and Forgot Password/h4_Sign Out' is clicked on

2022-12-26 17:05:20 - [MESSAGE][PASSED] - Object: 'Object Repository/01-Login and Forgot Password/h4_Sign Out' is clicked on

2022-12-26 17:05:20 - [TEST_STEP][PASSED] - delay(2): Delayed 2 second(s)

2022-12-26 17:05:22 - [MESSAGE][PASSED] - Delayed 2 second(s)

2022-12-26 17:05:22 - [TEST_STEP][PASSED] - verifyElementPresent(findTestObject("01-Login and Forgot Password/Login_Card"), 0): Object 'Object Repository/01-Login and Forgot Password/Login_Card' is present

2022-12-26 17:05:23 - [MESSAGE][WARNING] - Timeout '0' is invalid. Using default page load timeout: '30'

2022-12-26 17:05:24 - [MESSAGE][PASSED] - Object 'Object Repository/01-Login and Forgot Password/Login_Card' is present

2022-12-26 17:05:24 - [TEST_STEP][PASSED] - delay(3): Delayed 3 second(s)

2022-12-26 17:05:27 - [MESSAGE][PASSED] - Delayed 3 second(s)

2022-12-26 17:05:27 - [TEST_STEP][PASSED] - closeBrowser(): Browser is closed

2022-12-26 17:05:29 - [MESSAGE][PASSED] - Browser is closed

2022-12-26 17:05:29 - [TEST_STEP][PASSED] - openBrowser(""): Browser is opened with url: ''

2022-12-26 17:05:29 - [MESSAGE][INFO] - Starting 'Chrome' driver

2022-12-26 17:05:29 - [MESSAGE][INFO] - Action delay is set to 0 milliseconds

2022-12-26 17:05:32 - [MESSAGE][PASSED] - Browser is opened with url: ''

2022-12-26 17:05:32 - [TEST_STEP][PASSED] - navigateToUrl("https://lab.everleagues.com/"): Navigate to 'https://lab.everleagues.com/' successfully

2022-12-26 17:05:52 - [MESSAGE][PASSED] - Navigate to 'https://lab.everleagues.com/' successfully

2022-12-26 17:05:52 - [TEST_STEP][PASSED] - maximizeWindow(): Current window maximized

2022-12-26 17:05:52 - [MESSAGE][PASSED] - Current window maximized

2022-12-26 17:05:52 - [TEST_STEP][PASSED] - setText(findTestObject("02-Side Icons(Organization)/Add Contact/Email Field"), "autotester09@mailinator.com"): Text 'autotester09@mailinator.com' is set on object 'Object Repository/02-Side Icons(Organization)/Add Contact/Email Field'

2022-12-26 17:05:55 - [MESSAGE][PASSED] - Text 'autotester09@mailinator.com' is set on object 'Object Repository/02-Side Icons(Organization)/Add Contact/Email Field'

2022-12-26 17:05:55 - [TEST_STEP][PASSED] - setEncryptedText(findTestObject("02-Side Icons(Organization)/Add Contact/Password Field"), "8yFRyszE6U6jvsCn51OQbg=="): Text ****** has been set on object 'Object Repository/02-Side Icons(Organization)/Add Contact/Password Field'

2022-12-26 17:05:57 - [MESSAGE][PASSED] - Text ****** has been set on object 'Object Repository/02-Side Icons(Organization)/Add Contact/Password Field'

2022-12-26 17:05:57 - [TEST_STEP][PASSED] - click(findTestObject("02-Side Icons(Organization)/Add Contact/button_Sign in")): Object: 'Object Repository/02-Side Icons(Organization)/Add Contact/button_Sign in' is clicked on

2022-12-26 17:05:58 - [MESSAGE][PASSED] - Object: 'Object Repository/02-Side Icons(Organization)/Add Contact/button_Sign in' is clicked on

2022-12-26 17:05:58 - [TEST_STEP][PASSED] - delay(2): Delayed 2 second(s)

2022-12-26 17:06:00 - [MESSAGE][PASSED] - Delayed 2 second(s)

2022-12-26 17:06:00 - [TEST_STEP][PASSED] - click(findTestObject("06-Teams/For 2FA/button_Confirm_2FA")): Object: 'Object Repository/06-Teams/For 2FA/button_Confirm_2FA' is clicked on

2022-12-26 17:06:01 - [MESSAGE][PASSED] - Object: 'Object Repository/06-Teams/For 2FA/button_Confirm_2FA' is clicked on

2022-12-26 17:06:01 - [TEST_STEP][PASSED] - executeJavaScript("window.open();", []): Execute JavaScript 'window.open();' successfully

2022-12-26 17:06:02 - [MESSAGE][PASSED] - Execute JavaScript 'window.open();' successfully

2022-12-26 17:06:02 - [TEST_STEP][PASSED] - currentWindow = getWindowIndex(): Current window's index is: 0

2022-12-26 17:06:02 - [MESSAGE][PASSED] - Current window's index is: 0

2022-12-26 17:06:02 - [TEST_STEP][PASSED] - delay(3): Delayed 3 second(s)

2022-12-26 17:06:05 - [MESSAGE][PASSED] - Delayed 3 second(s)

2022-12-26 17:06:05 - [TEST_STEP][PASSED] - switchToWindowIndex(currentWindow + 1): Switched to window with index: '1'

2022-12-26 17:06:05 - [MESSAGE][PASSED] - Switched to window with index: '1'

2022-12-26 17:06:05 - [TEST_STEP][PASSED] - navigateToUrl("https://www.mailinator.com/"): Navigate to 'https://www.mailinator.com/' successfully

2022-12-26 17:06:14 - [MESSAGE][PASSED] - Navigate to 'https://www.mailinator.com/' successfully

2022-12-26 17:06:14 - [TEST_STEP][PASSED] - delay(3): Delayed 3 second(s)

2022-12-26 17:06:17 - [MESSAGE][PASSED] - Delayed 3 second(s)

2022-12-26 17:06:17 - [TEST_STEP][PASSED] - setText(findTestObject("00-Signup and Activation/zMailinator/input_LOGIN_search"), "autotester09@mailinator.com"): Text 'autotester09@mailinator.com' is set on object 'Object Repository/00-Signup and Activation/zMailinator/input_LOGIN_search'

2022-12-26 17:06:19 - [MESSAGE][PASSED] - Text 'autotester09@mailinator.com' is set on object 'Object Repository/00-Signup and Activation/zMailinator/input_LOGIN_search'

2022-12-26 17:06:19 - [TEST_STEP][PASSED] - click(findTestObject("00-Signup and Activation/zMailinator/gobutton"), STOP_ON_FAILURE): Object: 'Object Repository/00-Signup and Activation/zMailinator/gobutton' is clicked on

2022-12-26 17:06:23 - [MESSAGE][PASSED] - Object: 'Object Repository/00-Signup and Activation/zMailinator/gobutton' is clicked on

2022-12-26 17:06:23 - [TEST_STEP][PASSED] - delay(3): Delayed 3 second(s)

2022-12-26 17:06:26 - [MESSAGE][PASSED] - Delayed 3 second(s)

2022-12-26 17:06:26 - [TEST_STEP][PASSED] - click(findTestObject("00-Signup and Activation/zMailinator/Email - everleagues")): Object: 'Object Repository/00-Signup and Activation/zMailinator/Email - everleagues' is clicked on

2022-12-26 17:06:26 - [MESSAGE][PASSED] - Object: 'Object Repository/00-Signup and Activation/zMailinator/Email - everleagues' is clicked on

2022-12-26 17:06:26 - [TEST_STEP][PASSED] - delay(3): Delayed 3 second(s)

2022-12-26 17:06:29 - [MESSAGE][PASSED] - Delayed 3 second(s)

2022-12-26 17:06:29 - [TEST_STEP][PASSED] - codetwo = getText(findTestObject("Object Repository/06-Teams/For 2FA/2FA code")): Text of object 'Object Repository/06-Teams/For 2FA/2FA code' is: '066779'

2022-12-26 17:06:30 - [MESSAGE][PASSED] - Text of object 'Object Repository/06-Teams/For 2FA/2FA code' is: '066779'

2022-12-26 17:06:30 - [TEST_STEP][PASSED] - delay(3): Delayed 3 second(s)

2022-12-26 17:06:33 - [MESSAGE][PASSED] - Delayed 3 second(s)

2022-12-26 17:06:33 - [TEST_STEP][PASSED] - closeWindowTitle("Mailinator"): Window with title: 'Mailinator' is closed

2022-12-26 17:06:34 - [MESSAGE][PASSED] - Window with title: 'Mailinator' is closed

2022-12-26 17:06:34 - [TEST_STEP][PASSED] - delay(3): Delayed 3 second(s)

2022-12-26 17:06:37 - [MESSAGE][PASSED] - Delayed 3 second(s)

2022-12-26 17:06:37 - [TEST_STEP][PASSED] - switchToWindowIndex(0): Switched to window with index: '0'

2022-12-26 17:06:37 - [MESSAGE][PASSED] - Switched to window with index: '0'

2022-12-26 17:06:37 - [TEST_STEP][PASSED] - delay(3): Delayed 3 second(s)

2022-12-26 17:06:40 - [MESSAGE][PASSED] - Delayed 3 second(s)

2022-12-26 17:06:40 - [TEST_STEP][PASSED] - setText(findTestObject("Object Repository/06-Teams/For 2FA/input_Enter verification code_code"), codetwo): Text '066779' is set on object 'Object Repository/06-Teams/For 2FA/input_Enter verification code_code'

2022-12-26 17:06:42 - [MESSAGE][PASSED] - Text '066779' is set on object 'Object Repository/06-Teams/For 2FA/input_Enter verification code_code'

2022-12-26 17:06:42 - [TEST_STEP][PASSED] - delay(3): Delayed 3 second(s)

2022-12-26 17:06:45 - [MESSAGE][PASSED] - Delayed 3 second(s)

2022-12-26 17:06:45 - [TEST_STEP][PASSED] - click(findTestObject("06-Teams/For 2FA/button_Verify_2FA")): Object: 'Object Repository/06-Teams/For 2FA/button_Verify_2FA' is clicked on

2022-12-26 17:06:46 - [MESSAGE][PASSED] - Object: 'Object Repository/06-Teams/For 2FA/button_Verify_2FA' is clicked on

2022-12-26 17:06:46 - [TEST_STEP][PASSED] - delay(5): Delayed 5 second(s)

2022-12-26 17:06:51 - [MESSAGE][PASSED] - Delayed 5 second(s)

2022-12-26 17:06:51 - [TEST_STEP][PASSED] - executeJavaScript("window.open();", []): Execute JavaScript 'window.open();' successfully

2022-12-26 17:06:51 - [MESSAGE][PASSED] - Execute JavaScript 'window.open();' successfully

2022-12-26 17:06:51 - [TEST_STEP][PASSED] - currentWindow = getWindowIndex(): Current window's index is: 0

2022-12-26 17:06:51 - [MESSAGE][PASSED] - Current window's index is: 0

2022-12-26 17:06:51 - [TEST_STEP][PASSED] - delay(3): Delayed 3 second(s)

2022-12-26 17:06:54 - [MESSAGE][PASSED] - Delayed 3 second(s)

2022-12-26 17:06:54 - [TEST_STEP][PASSED] - switchToWindowIndex(currentWindow + 1): Switched to window with index: '1'

2022-12-26 17:06:54 - [MESSAGE][PASSED] - Switched to window with index: '1'

2022-12-26 17:06:54 - [TEST_STEP][PASSED] - navigateToUrl("https://www.mailinator.com/"): Navigate to 'https://www.mailinator.com/' successfully

2022-12-26 17:07:00 - [MESSAGE][PASSED] - Navigate to 'https://www.mailinator.com/' successfully

2022-12-26 17:07:00 - [TEST_STEP][PASSED] - delay(3): Delayed 3 second(s)

2022-12-26 17:07:03 - [MESSAGE][PASSED] - Delayed 3 second(s)

2022-12-26 17:07:03 - [TEST_STEP][PASSED] - setText(findTestObject("00-Signup and Activation/zMailinator/input_LOGIN_search"), "autotester09@mailinator.com"): Text 'autotester09@mailinator.com' is set on object 'Object Repository/00-Signup and Activation/zMailinator/input_LOGIN_search'

2022-12-26 17:07:04 - [MESSAGE][PASSED] - Text 'autotester09@mailinator.com' is set on object 'Object Repository/00-Signup and Activation/zMailinator/input_LOGIN_search'

2022-12-26 17:07:04 - [TEST_STEP][PASSED] - click(findTestObject("00-Signup and Activation/zMailinator/gobutton"), STOP_ON_FAILURE): Object: 'Object Repository/00-Signup and Activation/zMailinator/gobutton' is clicked on

2022-12-26 17:07:09 - [MESSAGE][PASSED] - Object: 'Object Repository/00-Signup and Activation/zMailinator/gobutton' is clicked on

2022-12-26 17:07:09 - [TEST_STEP][PASSED] - delay(3): Delayed 3 second(s)

2022-12-26 17:07:12 - [MESSAGE][PASSED] - Delayed 3 second(s)

2022-12-26 17:07:12 - [TEST_STEP][PASSED] - closeWindowTitle("Everleagues"): Window with title: 'Everleagues' is closed

2022-12-26 17:07:12 - [MESSAGE][PASSED] - Window with title: 'Everleagues' is closed

2022-12-26 17:07:12 - [TEST_STEP][PASSED] - switchToWindowIndex(0): Switched to window with index: '0'

2022-12-26 17:07:13 - [MESSAGE][PASSED] - Switched to window with index: '0'

2022-12-26 17:07:13 - [TEST_STEP][PASSED] - click(findTestObject("09-Settings/Users/Co worker/td_Invitation from GG Automation")): Object: 'Object Repository/09-Settings/Users/Co worker/td_Invitation from GG Automation' is clicked on

2022-12-26 17:07:13 - [MESSAGE][PASSED] - Object: 'Object Repository/09-Settings/Users/Co worker/td_Invitation from GG Automation' is clicked on

2022-12-26 17:07:13 - [TEST_STEP][PASSED] - click(findTestObject("09-Settings/Users/Co worker/a_Click here to join GG Automation on EverLeagues")): Object: 'Object Repository/09-Settings/Users/Co worker/a_Click here to join GG Automation on EverLeagues' is clicked on

2022-12-26 17:07:15 - [MESSAGE][PASSED] - Object: 'Object Repository/09-Settings/Users/Co worker/a_Click here to join GG Automation on EverLeagues' is clicked on

2022-12-26 17:07:15 - [TEST_STEP][PASSED] - closeWindowTitle("Mailinator"): Window with title: 'Mailinator' is closed

2022-12-26 17:07:15 - [MESSAGE][PASSED] - Window with title: 'Mailinator' is closed

2022-12-26 17:07:15 - [TEST_STEP][PASSED] - switchToWindowIndex(0): Switched to window with index: '0'

2022-12-26 17:07:15 - [MESSAGE][PASSED] - Switched to window with index: '0'

2022-12-26 17:07:15 - [TEST_STEP][PASSED] - verifyElementVisible(findTestObject("09-Settings/Users/Client/Invite modal")): Object 'Object Repository/09-Settings/Users/Client/Invite modal' is visible

2022-12-26 17:07:40 - [MESSAGE][PASSED] - Object 'Object Repository/09-Settings/Users/Client/Invite modal' is visible

2022-12-26 17:07:40 - [TEST_STEP][PASSED] - setText(findTestObject("09-Settings/Users/Client/Company field"), "QA Company"): Text 'QA Company' is set on object 'Object Repository/09-Settings/Users/Client/Company field'

2022-12-26 17:07:42 - [MESSAGE][PASSED] - Text 'QA Company' is set on object 'Object Repository/09-Settings/Users/Client/Company field'

2022-12-26 17:07:42 - [TEST_STEP][PASSED] - click(findTestObject("09-Settings/Users/Client/button_Accept")): Object: 'Object Repository/09-Settings/Users/Client/button_Accept' is clicked on

2022-12-26 17:07:43 - [MESSAGE][PASSED] - Object: 'Object Repository/09-Settings/Users/Client/button_Accept' is clicked on

2022-12-26 17:07:43 - [TEST_STEP][PASSED] - delay(5): Delayed 5 second(s)

2022-12-26 17:07:48 - [MESSAGE][PASSED] - Delayed 5 second(s)

2022-12-26 17:07:48 - [TEST_STEP][PASSED] - verifyElementVisible(findTestObject("09-Settings/Users/Client/div_Joined as CLIENT")): Object 'Object Repository/09-Settings/Users/Client/div_Joined as CLIENT' is visible

2022-12-26 17:07:50 - [MESSAGE][PASSED] - Object 'Object Repository/09-Settings/Users/Client/div_Joined as CLIENT' is visible

2022-12-26 17:07:50 - [TEST_STEP][PASSED] - delay(3): Delayed 3 second(s)

2022-12-26 17:07:53 - [MESSAGE][PASSED] - Delayed 3 second(s)

2022-12-26 17:07:53 - [TEST_STEP][PASSED] - closeBrowser(): Browser is closed

2022-12-26 17:07:55 - [MESSAGE][PASSED] - Browser is closed]]></system-out>
         <system-err><![CDATA[]]></system-err>
      </testcase>
      <testcase name="Test Cases/09-Settings/04 - Users (Invite new user as partner)" time="516.135" classname="Test Cases/09-Settings/04 - Users (Invite new user as partner)" status="PASSED">
         <system-out><![CDATA[2022-12-26 17:07:55 - [TEST_CASE][PASSED] - Test Cases/09-Settings/04 - Users (Invite new user as partner): Test Cases/09-Settings/04 - Users (Invite new user as partner)

2022-12-26 17:07:57 - [TEST_STEP][PASSED] - openBrowser(""): Browser is opened with url: ''

2022-12-26 17:07:57 - [MESSAGE][INFO] - Starting 'Chrome' driver

2022-12-26 17:07:57 - [MESSAGE][INFO] - Action delay is set to 0 milliseconds

2022-12-26 17:07:59 - [MESSAGE][PASSED] - Browser is opened with url: ''

2022-12-26 17:07:59 - [TEST_STEP][PASSED] - navigateToUrl("https://lab.everleagues.com/"): Navigate to 'https://lab.everleagues.com/' successfully

2022-12-26 17:11:56 - [MESSAGE][PASSED] - Navigate to 'https://lab.everleagues.com/' successfully

2022-12-26 17:11:56 - [TEST_STEP][PASSED] - maximizeWindow(): Current window maximized

2022-12-26 17:11:57 - [MESSAGE][PASSED] - Current window maximized

2022-12-26 17:11:57 - [TEST_STEP][PASSED] - setText(findTestObject("02-Side Icons(Organization)/Add Contact/Email Field"), "testuser02@mailinator.com"): Text 'testuser02@mailinator.com' is set on object 'Object Repository/02-Side Icons(Organization)/Add Contact/Email Field'

2022-12-26 17:11:58 - [MESSAGE][PASSED] - Text 'testuser02@mailinator.com' is set on object 'Object Repository/02-Side Icons(Organization)/Add Contact/Email Field'

2022-12-26 17:11:58 - [TEST_STEP][PASSED] - setEncryptedText(findTestObject("02-Side Icons(Organization)/Add Contact/Password Field"), "8yFRyszE6U6jvsCn51OQbg=="): Text ****** has been set on object 'Object Repository/02-Side Icons(Organization)/Add Contact/Password Field'

2022-12-26 17:11:59 - [MESSAGE][PASSED] - Text ****** has been set on object 'Object Repository/02-Side Icons(Organization)/Add Contact/Password Field'

2022-12-26 17:11:59 - [TEST_STEP][PASSED] - click(findTestObject("02-Side Icons(Organization)/Add Contact/button_Sign in")): Object: 'Object Repository/02-Side Icons(Organization)/Add Contact/button_Sign in' is clicked on

2022-12-26 17:12:00 - [MESSAGE][PASSED] - Object: 'Object Repository/02-Side Icons(Organization)/Add Contact/button_Sign in' is clicked on

2022-12-26 17:12:00 - [TEST_STEP][PASSED] - delay(2): Delayed 2 second(s)

2022-12-26 17:12:02 - [MESSAGE][PASSED] - Delayed 2 second(s)

2022-12-26 17:12:02 - [TEST_STEP][PASSED] - click(findTestObject("06-Teams/For 2FA/button_Confirm_2FA")): Object: 'Object Repository/06-Teams/For 2FA/button_Confirm_2FA' is clicked on

2022-12-26 17:12:04 - [MESSAGE][PASSED] - Object: 'Object Repository/06-Teams/For 2FA/button_Confirm_2FA' is clicked on

2022-12-26 17:12:04 - [TEST_STEP][PASSED] - executeJavaScript("window.open();", []): Execute JavaScript 'window.open();' successfully

2022-12-26 17:12:04 - [MESSAGE][PASSED] - Execute JavaScript 'window.open();' successfully

2022-12-26 17:12:04 - [TEST_STEP][PASSED] - currentWindow = getWindowIndex(): Current window's index is: 0

2022-12-26 17:12:04 - [MESSAGE][PASSED] - Current window's index is: 0

2022-12-26 17:12:04 - [TEST_STEP][PASSED] - delay(3): Delayed 3 second(s)

2022-12-26 17:12:07 - [MESSAGE][PASSED] - Delayed 3 second(s)

2022-12-26 17:12:07 - [TEST_STEP][PASSED] - switchToWindowIndex(currentWindow + 1): Switched to window with index: '1'

2022-12-26 17:12:07 - [MESSAGE][PASSED] - Switched to window with index: '1'

2022-12-26 17:12:07 - [TEST_STEP][PASSED] - navigateToUrl("https://www.mailinator.com/"): Navigate to 'https://www.mailinator.com/' successfully

2022-12-26 17:12:16 - [MESSAGE][PASSED] - Navigate to 'https://www.mailinator.com/' successfully

2022-12-26 17:12:16 - [TEST_STEP][PASSED] - delay(3): Delayed 3 second(s)

2022-12-26 17:12:19 - [MESSAGE][PASSED] - Delayed 3 second(s)

2022-12-26 17:12:19 - [TEST_STEP][PASSED] - setText(findTestObject("00-Signup and Activation/zMailinator/input_LOGIN_search"), "testuser02@mailinator.com"): Text 'testuser02@mailinator.com' is set on object 'Object Repository/00-Signup and Activation/zMailinator/input_LOGIN_search'

2022-12-26 17:12:21 - [MESSAGE][PASSED] - Text 'testuser02@mailinator.com' is set on object 'Object Repository/00-Signup and Activation/zMailinator/input_LOGIN_search'

2022-12-26 17:12:21 - [TEST_STEP][PASSED] - click(findTestObject("00-Signup and Activation/zMailinator/gobutton"), STOP_ON_FAILURE): Object: 'Object Repository/00-Signup and Activation/zMailinator/gobutton' is clicked on

2022-12-26 17:12:28 - [MESSAGE][PASSED] - Object: 'Object Repository/00-Signup and Activation/zMailinator/gobutton' is clicked on

2022-12-26 17:12:28 - [TEST_STEP][PASSED] - delay(3): Delayed 3 second(s)

2022-12-26 17:12:31 - [MESSAGE][PASSED] - Delayed 3 second(s)

2022-12-26 17:12:31 - [TEST_STEP][PASSED] - click(findTestObject("00-Signup and Activation/zMailinator/Email - everleagues")): Object: 'Object Repository/00-Signup and Activation/zMailinator/Email - everleagues' is clicked on

2022-12-26 17:12:32 - [MESSAGE][PASSED] - Object: 'Object Repository/00-Signup and Activation/zMailinator/Email - everleagues' is clicked on

2022-12-26 17:12:32 - [TEST_STEP][PASSED] - delay(3): Delayed 3 second(s)

2022-12-26 17:12:35 - [MESSAGE][PASSED] - Delayed 3 second(s)

2022-12-26 17:12:35 - [TEST_STEP][PASSED] - code = getText(findTestObject("Object Repository/06-Teams/For 2FA/2FA code")): Text of object 'Object Repository/06-Teams/For 2FA/2FA code' is: '998999'

2022-12-26 17:12:36 - [MESSAGE][PASSED] - Text of object 'Object Repository/06-Teams/For 2FA/2FA code' is: '998999'

2022-12-26 17:12:36 - [TEST_STEP][PASSED] - delay(3): Delayed 3 second(s)

2022-12-26 17:12:39 - [MESSAGE][PASSED] - Delayed 3 second(s)

2022-12-26 17:12:39 - [TEST_STEP][PASSED] - closeWindowTitle("Mailinator"): Window with title: 'Mailinator' is closed

2022-12-26 17:12:40 - [MESSAGE][PASSED] - Window with title: 'Mailinator' is closed

2022-12-26 17:12:40 - [TEST_STEP][PASSED] - delay(3): Delayed 3 second(s)

2022-12-26 17:12:43 - [MESSAGE][PASSED] - Delayed 3 second(s)

2022-12-26 17:12:43 - [TEST_STEP][PASSED] - switchToWindowIndex(0): Switched to window with index: '0'

2022-12-26 17:12:43 - [MESSAGE][PASSED] - Switched to window with index: '0'

2022-12-26 17:12:43 - [TEST_STEP][PASSED] - delay(3): Delayed 3 second(s)

2022-12-26 17:12:46 - [MESSAGE][PASSED] - Delayed 3 second(s)

2022-12-26 17:12:46 - [TEST_STEP][PASSED] - setText(findTestObject("Object Repository/06-Teams/For 2FA/input_Enter verification code_code"), code): Text '998999' is set on object 'Object Repository/06-Teams/For 2FA/input_Enter verification code_code'

2022-12-26 17:12:47 - [MESSAGE][PASSED] - Text '998999' is set on object 'Object Repository/06-Teams/For 2FA/input_Enter verification code_code'

2022-12-26 17:12:47 - [TEST_STEP][PASSED] - delay(3): Delayed 3 second(s)

2022-12-26 17:12:50 - [MESSAGE][PASSED] - Delayed 3 second(s)

2022-12-26 17:12:50 - [TEST_STEP][PASSED] - click(findTestObject("06-Teams/For 2FA/button_Verify_2FA")): Object: 'Object Repository/06-Teams/For 2FA/button_Verify_2FA' is clicked on

2022-12-26 17:12:52 - [MESSAGE][PASSED] - Object: 'Object Repository/06-Teams/For 2FA/button_Verify_2FA' is clicked on

2022-12-26 17:12:52 - [TEST_STEP][PASSED] - delay(5): Delayed 5 second(s)

2022-12-26 17:12:57 - [MESSAGE][PASSED] - Delayed 5 second(s)

2022-12-26 17:12:57 - [TEST_STEP][PASSED] - click(findTestObject("06-Teams/button_doublearrow")): Object: 'Object Repository/06-Teams/button_doublearrow' is clicked on

2022-12-26 17:13:00 - [MESSAGE][PASSED] - Object: 'Object Repository/06-Teams/button_doublearrow' is clicked on

2022-12-26 17:13:00 - [TEST_STEP][PASSED] - click(findTestObject("06-Teams/button_My Organizations")): Object: 'Object Repository/06-Teams/button_My Organizations' is clicked on

2022-12-26 17:13:01 - [MESSAGE][PASSED] - Object: 'Object Repository/06-Teams/button_My Organizations' is clicked on

2022-12-26 17:13:01 - [TEST_STEP][PASSED] - click(findTestObject("06-Teams/button_GG Automation")): Object: 'Object Repository/06-Teams/button_GG Automation' is clicked on

2022-12-26 17:13:02 - [MESSAGE][PASSED] - Object: 'Object Repository/06-Teams/button_GG Automation' is clicked on

2022-12-26 17:13:02 - [TEST_STEP][PASSED] - delay(4): Delayed 4 second(s)

2022-12-26 17:13:06 - [MESSAGE][PASSED] - Delayed 4 second(s)

2022-12-26 17:13:06 - [TEST_STEP][PASSED] - verifyElementVisible(findTestObject("06-Teams/span_GG Automation")): Object 'Object Repository/06-Teams/span_GG Automation' is visible

2022-12-26 17:13:07 - [MESSAGE][PASSED] - Object 'Object Repository/06-Teams/span_GG Automation' is visible

2022-12-26 17:13:07 - [TEST_STEP][PASSED] - delay(5): Delayed 5 second(s)

2022-12-26 17:13:12 - [MESSAGE][PASSED] - Delayed 5 second(s)

2022-12-26 17:13:12 - [TEST_STEP][PASSED] - click(findTestObject("03-Header Menu/Hamburger Button/div_Settings")): Object: 'Object Repository/03-Header Menu/Hamburger Button/div_Settings' is clicked on

2022-12-26 17:13:13 - [MESSAGE][PASSED] - Object: 'Object Repository/03-Header Menu/Hamburger Button/div_Settings' is clicked on

2022-12-26 17:13:13 - [TEST_STEP][PASSED] - delay(3): Delayed 3 second(s)

2022-12-26 17:13:16 - [MESSAGE][PASSED] - Delayed 3 second(s)

2022-12-26 17:13:16 - [TEST_STEP][PASSED] - scrollToElement(findTestObject("09-Settings/Users/div_Users"), 0): Scroll to object 'Object Repository/09-Settings/Users/div_Users' successfully

2022-12-26 17:13:16 - [MESSAGE][WARNING] - Timeout '0' is invalid. Using default page load timeout: '30'

2022-12-26 17:13:16 - [MESSAGE][PASSED] - Scroll to object 'Object Repository/09-Settings/Users/div_Users' successfully

2022-12-26 17:13:16 - [TEST_STEP][PASSED] - click(findTestObject("09-Settings/Users/div_Users")): Object: 'Object Repository/09-Settings/Users/div_Users' is clicked on

2022-12-26 17:13:19 - [MESSAGE][PASSED] - Object: 'Object Repository/09-Settings/Users/div_Users' is clicked on

2022-12-26 17:13:19 - [TEST_STEP][PASSED] - delay(3): Delayed 3 second(s)

2022-12-26 17:13:22 - [MESSAGE][PASSED] - Delayed 3 second(s)

2022-12-26 17:13:22 - [TEST_STEP][PASSED] - click(findTestObject("09-Settings/Users/button_add")): Object: 'Object Repository/09-Settings/Users/button_add' is clicked on

2022-12-26 17:13:23 - [MESSAGE][PASSED] - Object: 'Object Repository/09-Settings/Users/button_add' is clicked on

2022-12-26 17:13:23 - [TEST_STEP][PASSED] - delay(3): Delayed 3 second(s)

2022-12-26 17:13:26 - [MESSAGE][PASSED] - Delayed 3 second(s)

2022-12-26 17:13:26 - [TEST_STEP][PASSED] - click(findTestObject("09-Settings/Users/add Invite a single user")): Object: 'Object Repository/09-Settings/Users/add Invite a single user' is clicked on

2022-12-26 17:13:26 - [MESSAGE][PASSED] - Object: 'Object Repository/09-Settings/Users/add Invite a single user' is clicked on

2022-12-26 17:13:26 - [TEST_STEP][PASSED] - delay(3): Delayed 3 second(s)

2022-12-26 17:13:29 - [MESSAGE][PASSED] - Delayed 3 second(s)

2022-12-26 17:13:29 - [TEST_STEP][PASSED] - setText(findTestObject("09-Settings/Users/input_email"), "autotester10@mailinator.com"): Text 'autotester10@mailinator.com' is set on object 'Object Repository/09-Settings/Users/input_email'

2022-12-26 17:13:33 - [MESSAGE][PASSED] - Text 'autotester10@mailinator.com' is set on object 'Object Repository/09-Settings/Users/input_email'

2022-12-26 17:13:33 - [TEST_STEP][PASSED] - setText(findTestObject("09-Settings/Users/input_firstName"), "GG"): Text 'GG' is set on object 'Object Repository/09-Settings/Users/input_firstName'

2022-12-26 17:13:34 - [MESSAGE][PASSED] - Text 'GG' is set on object 'Object Repository/09-Settings/Users/input_firstName'

2022-12-26 17:13:34 - [TEST_STEP][PASSED] - setText(findTestObject("09-Settings/Users/input_lastName"), "Partner"): Text 'Partner' is set on object 'Object Repository/09-Settings/Users/input_lastName'

2022-12-26 17:13:37 - [MESSAGE][PASSED] - Text 'Partner' is set on object 'Object Repository/09-Settings/Users/input_lastName'

2022-12-26 17:13:37 - [TEST_STEP][PASSED] - click(findTestObject("09-Settings/Users/span_Role")): Object: 'Object Repository/09-Settings/Users/span_Role' is clicked on

2022-12-26 17:13:38 - [MESSAGE][PASSED] - Object: 'Object Repository/09-Settings/Users/span_Role' is clicked on

2022-12-26 17:13:38 - [TEST_STEP][PASSED] - click(findTestObject("09-Settings/Users/span_Partner")): Object: 'Object Repository/09-Settings/Users/span_Partner' is clicked on

2022-12-26 17:13:39 - [MESSAGE][PASSED] - Object: 'Object Repository/09-Settings/Users/span_Partner' is clicked on

2022-12-26 17:13:39 - [TEST_STEP][PASSED] - click(findTestObject("09-Settings/Users/button_Send Invitation")): Object: 'Object Repository/09-Settings/Users/button_Send Invitation' is clicked on

2022-12-26 17:13:40 - [MESSAGE][PASSED] - Object: 'Object Repository/09-Settings/Users/button_Send Invitation' is clicked on

2022-12-26 17:13:40 - [TEST_STEP][PASSED] - delay(2): Delayed 2 second(s)

2022-12-26 17:13:42 - [MESSAGE][PASSED] - Delayed 2 second(s)

2022-12-26 17:13:42 - [TEST_STEP][PASSED] - verifyElementVisible(findTestObject("07-Directory/Connections/zContact Profile/Successfully invited user")): Object 'Object Repository/07-Directory/Connections/zContact Profile/Successfully invited user' is visible

2022-12-26 17:13:46 - [MESSAGE][PASSED] - Object 'Object Repository/07-Directory/Connections/zContact Profile/Successfully invited user' is visible

2022-12-26 17:13:46 - [TEST_STEP][PASSED] - delay(2): Delayed 2 second(s)

2022-12-26 17:13:48 - [MESSAGE][PASSED] - Delayed 2 second(s)

2022-12-26 17:13:48 - [TEST_STEP][PASSED] - click(findTestObject("01-Login and Forgot Password/User menu drop")): Object: 'Object Repository/01-Login and Forgot Password/User menu drop' is clicked on

2022-12-26 17:13:49 - [MESSAGE][PASSED] - Object: 'Object Repository/01-Login and Forgot Password/User menu drop' is clicked on

2022-12-26 17:13:50 - [TEST_STEP][PASSED] - delay(2): Delayed 2 second(s)

2022-12-26 17:13:52 - [MESSAGE][PASSED] - Delayed 2 second(s)

2022-12-26 17:13:52 - [TEST_STEP][PASSED] - click(findTestObject("01-Login and Forgot Password/h4_Sign Out"), STOP_ON_FAILURE): Object: 'Object Repository/01-Login and Forgot Password/h4_Sign Out' is clicked on

2022-12-26 17:13:52 - [MESSAGE][PASSED] - Object: 'Object Repository/01-Login and Forgot Password/h4_Sign Out' is clicked on

2022-12-26 17:13:52 - [TEST_STEP][PASSED] - delay(2): Delayed 2 second(s)

2022-12-26 17:13:54 - [MESSAGE][PASSED] - Delayed 2 second(s)

2022-12-26 17:13:54 - [TEST_STEP][PASSED] - verifyElementPresent(findTestObject("01-Login and Forgot Password/Login_Card"), 0): Object 'Object Repository/01-Login and Forgot Password/Login_Card' is present

2022-12-26 17:13:55 - [MESSAGE][WARNING] - Timeout '0' is invalid. Using default page load timeout: '30'

2022-12-26 17:13:56 - [MESSAGE][PASSED] - Object 'Object Repository/01-Login and Forgot Password/Login_Card' is present

2022-12-26 17:13:56 - [TEST_STEP][PASSED] - delay(3): Delayed 3 second(s)

2022-12-26 17:13:59 - [MESSAGE][PASSED] - Delayed 3 second(s)

2022-12-26 17:13:59 - [TEST_STEP][PASSED] - closeBrowser(): Browser is closed

2022-12-26 17:14:02 - [MESSAGE][PASSED] - Browser is closed

2022-12-26 17:14:02 - [TEST_STEP][PASSED] - openBrowser(""): Browser is opened with url: ''

2022-12-26 17:14:02 - [MESSAGE][INFO] - Starting 'Chrome' driver

2022-12-26 17:14:02 - [MESSAGE][INFO] - Action delay is set to 0 milliseconds

2022-12-26 17:14:07 - [MESSAGE][PASSED] - Browser is opened with url: ''

2022-12-26 17:14:07 - [TEST_STEP][PASSED] - navigateToUrl("https://lab.everleagues.com/"): Navigate to 'https://lab.everleagues.com/' successfully

2022-12-26 17:14:26 - [MESSAGE][PASSED] - Navigate to 'https://lab.everleagues.com/' successfully

2022-12-26 17:14:26 - [TEST_STEP][PASSED] - maximizeWindow(): Current window maximized

2022-12-26 17:14:27 - [MESSAGE][PASSED] - Current window maximized

2022-12-26 17:14:27 - [TEST_STEP][PASSED] - setText(findTestObject("02-Side Icons(Organization)/Add Contact/Email Field"), "autotester10@mailinator.com"): Text 'autotester10@mailinator.com' is set on object 'Object Repository/02-Side Icons(Organization)/Add Contact/Email Field'

2022-12-26 17:14:29 - [MESSAGE][PASSED] - Text 'autotester10@mailinator.com' is set on object 'Object Repository/02-Side Icons(Organization)/Add Contact/Email Field'

2022-12-26 17:14:29 - [TEST_STEP][PASSED] - setEncryptedText(findTestObject("02-Side Icons(Organization)/Add Contact/Password Field"), "8yFRyszE6U6jvsCn51OQbg=="): Text ****** has been set on object 'Object Repository/02-Side Icons(Organization)/Add Contact/Password Field'

2022-12-26 17:14:31 - [MESSAGE][PASSED] - Text ****** has been set on object 'Object Repository/02-Side Icons(Organization)/Add Contact/Password Field'

2022-12-26 17:14:31 - [TEST_STEP][PASSED] - click(findTestObject("02-Side Icons(Organization)/Add Contact/button_Sign in")): Object: 'Object Repository/02-Side Icons(Organization)/Add Contact/button_Sign in' is clicked on

2022-12-26 17:14:32 - [MESSAGE][PASSED] - Object: 'Object Repository/02-Side Icons(Organization)/Add Contact/button_Sign in' is clicked on

2022-12-26 17:14:32 - [TEST_STEP][PASSED] - delay(2): Delayed 2 second(s)

2022-12-26 17:14:34 - [MESSAGE][PASSED] - Delayed 2 second(s)

2022-12-26 17:14:34 - [TEST_STEP][PASSED] - click(findTestObject("06-Teams/For 2FA/button_Confirm_2FA")): Object: 'Object Repository/06-Teams/For 2FA/button_Confirm_2FA' is clicked on

2022-12-26 17:14:35 - [MESSAGE][PASSED] - Object: 'Object Repository/06-Teams/For 2FA/button_Confirm_2FA' is clicked on

2022-12-26 17:14:35 - [TEST_STEP][PASSED] - executeJavaScript("window.open();", []): Execute JavaScript 'window.open();' successfully

2022-12-26 17:14:36 - [MESSAGE][PASSED] - Execute JavaScript 'window.open();' successfully

2022-12-26 17:14:36 - [TEST_STEP][PASSED] - currentWindow = getWindowIndex(): Current window's index is: 0

2022-12-26 17:14:36 - [MESSAGE][PASSED] - Current window's index is: 0

2022-12-26 17:14:36 - [TEST_STEP][PASSED] - delay(3): Delayed 3 second(s)

2022-12-26 17:14:39 - [MESSAGE][PASSED] - Delayed 3 second(s)

2022-12-26 17:14:39 - [TEST_STEP][PASSED] - switchToWindowIndex(currentWindow + 1): Switched to window with index: '1'

2022-12-26 17:14:39 - [MESSAGE][PASSED] - Switched to window with index: '1'

2022-12-26 17:14:39 - [TEST_STEP][PASSED] - navigateToUrl("https://www.mailinator.com/"): Navigate to 'https://www.mailinator.com/' successfully

2022-12-26 17:14:52 - [MESSAGE][PASSED] - Navigate to 'https://www.mailinator.com/' successfully

2022-12-26 17:14:52 - [TEST_STEP][PASSED] - delay(3): Delayed 3 second(s)

2022-12-26 17:14:55 - [MESSAGE][PASSED] - Delayed 3 second(s)

2022-12-26 17:14:55 - [TEST_STEP][PASSED] - setText(findTestObject("00-Signup and Activation/zMailinator/input_LOGIN_search"), "autotester10@mailinator.com"): Text 'autotester10@mailinator.com' is set on object 'Object Repository/00-Signup and Activation/zMailinator/input_LOGIN_search'

2022-12-26 17:14:56 - [MESSAGE][PASSED] - Text 'autotester10@mailinator.com' is set on object 'Object Repository/00-Signup and Activation/zMailinator/input_LOGIN_search'

2022-12-26 17:14:56 - [TEST_STEP][PASSED] - click(findTestObject("00-Signup and Activation/zMailinator/gobutton"), STOP_ON_FAILURE): Object: 'Object Repository/00-Signup and Activation/zMailinator/gobutton' is clicked on

2022-12-26 17:14:59 - [MESSAGE][PASSED] - Object: 'Object Repository/00-Signup and Activation/zMailinator/gobutton' is clicked on

2022-12-26 17:14:59 - [TEST_STEP][PASSED] - delay(3): Delayed 3 second(s)

2022-12-26 17:15:02 - [MESSAGE][PASSED] - Delayed 3 second(s)

2022-12-26 17:15:02 - [TEST_STEP][PASSED] - click(findTestObject("00-Signup and Activation/zMailinator/Email - everleagues")): Object: 'Object Repository/00-Signup and Activation/zMailinator/Email - everleagues' is clicked on

2022-12-26 17:15:03 - [MESSAGE][PASSED] - Object: 'Object Repository/00-Signup and Activation/zMailinator/Email - everleagues' is clicked on

2022-12-26 17:15:03 - [TEST_STEP][PASSED] - delay(3): Delayed 3 second(s)

2022-12-26 17:15:06 - [MESSAGE][PASSED] - Delayed 3 second(s)

2022-12-26 17:15:06 - [TEST_STEP][PASSED] - codetwo = getText(findTestObject("Object Repository/06-Teams/For 2FA/2FA code")): Text of object 'Object Repository/06-Teams/For 2FA/2FA code' is: '389578'

2022-12-26 17:15:07 - [MESSAGE][PASSED] - Text of object 'Object Repository/06-Teams/For 2FA/2FA code' is: '389578'

2022-12-26 17:15:07 - [TEST_STEP][PASSED] - delay(3): Delayed 3 second(s)

2022-12-26 17:15:10 - [MESSAGE][PASSED] - Delayed 3 second(s)

2022-12-26 17:15:10 - [TEST_STEP][PASSED] - closeWindowTitle("Mailinator"): Window with title: 'Mailinator' is closed

2022-12-26 17:15:11 - [MESSAGE][PASSED] - Window with title: 'Mailinator' is closed

2022-12-26 17:15:11 - [TEST_STEP][PASSED] - delay(3): Delayed 3 second(s)

2022-12-26 17:15:14 - [MESSAGE][PASSED] - Delayed 3 second(s)

2022-12-26 17:15:14 - [TEST_STEP][PASSED] - switchToWindowIndex(0): Switched to window with index: '0'

2022-12-26 17:15:14 - [MESSAGE][PASSED] - Switched to window with index: '0'

2022-12-26 17:15:14 - [TEST_STEP][PASSED] - delay(3): Delayed 3 second(s)

2022-12-26 17:15:17 - [MESSAGE][PASSED] - Delayed 3 second(s)

2022-12-26 17:15:17 - [TEST_STEP][PASSED] - setText(findTestObject("Object Repository/06-Teams/For 2FA/input_Enter verification code_code"), codetwo): Text '389578' is set on object 'Object Repository/06-Teams/For 2FA/input_Enter verification code_code'

2022-12-26 17:15:19 - [MESSAGE][PASSED] - Text '389578' is set on object 'Object Repository/06-Teams/For 2FA/input_Enter verification code_code'

2022-12-26 17:15:19 - [TEST_STEP][PASSED] - delay(3): Delayed 3 second(s)

2022-12-26 17:15:22 - [MESSAGE][PASSED] - Delayed 3 second(s)

2022-12-26 17:15:22 - [TEST_STEP][PASSED] - click(findTestObject("06-Teams/For 2FA/button_Verify_2FA")): Object: 'Object Repository/06-Teams/For 2FA/button_Verify_2FA' is clicked on

2022-12-26 17:15:23 - [MESSAGE][PASSED] - Object: 'Object Repository/06-Teams/For 2FA/button_Verify_2FA' is clicked on

2022-12-26 17:15:23 - [TEST_STEP][PASSED] - delay(5): Delayed 5 second(s)

2022-12-26 17:15:28 - [MESSAGE][PASSED] - Delayed 5 second(s)

2022-12-26 17:15:28 - [TEST_STEP][PASSED] - executeJavaScript("window.open();", []): Execute JavaScript 'window.open();' successfully

2022-12-26 17:15:28 - [MESSAGE][PASSED] - Execute JavaScript 'window.open();' successfully

2022-12-26 17:15:28 - [TEST_STEP][PASSED] - currentWindow = getWindowIndex(): Current window's index is: 0

2022-12-26 17:15:28 - [MESSAGE][PASSED] - Current window's index is: 0

2022-12-26 17:15:28 - [TEST_STEP][PASSED] - delay(3): Delayed 3 second(s)

2022-12-26 17:15:31 - [MESSAGE][PASSED] - Delayed 3 second(s)

2022-12-26 17:15:31 - [TEST_STEP][PASSED] - switchToWindowIndex(currentWindow + 1): Switched to window with index: '1'

2022-12-26 17:15:32 - [MESSAGE][PASSED] - Switched to window with index: '1'

2022-12-26 17:15:32 - [TEST_STEP][PASSED] - navigateToUrl("https://www.mailinator.com/"): Navigate to 'https://www.mailinator.com/' successfully

2022-12-26 17:15:38 - [MESSAGE][PASSED] - Navigate to 'https://www.mailinator.com/' successfully

2022-12-26 17:15:38 - [TEST_STEP][PASSED] - delay(3): Delayed 3 second(s)

2022-12-26 17:15:41 - [MESSAGE][PASSED] - Delayed 3 second(s)

2022-12-26 17:15:41 - [TEST_STEP][PASSED] - setText(findTestObject("00-Signup and Activation/zMailinator/input_LOGIN_search"), "autotester10@mailinator.com"): Text 'autotester10@mailinator.com' is set on object 'Object Repository/00-Signup and Activation/zMailinator/input_LOGIN_search'

2022-12-26 17:15:42 - [MESSAGE][PASSED] - Text 'autotester10@mailinator.com' is set on object 'Object Repository/00-Signup and Activation/zMailinator/input_LOGIN_search'

2022-12-26 17:15:42 - [TEST_STEP][PASSED] - click(findTestObject("00-Signup and Activation/zMailinator/gobutton"), STOP_ON_FAILURE): Object: 'Object Repository/00-Signup and Activation/zMailinator/gobutton' is clicked on

2022-12-26 17:15:45 - [MESSAGE][PASSED] - Object: 'Object Repository/00-Signup and Activation/zMailinator/gobutton' is clicked on

2022-12-26 17:15:45 - [TEST_STEP][PASSED] - delay(3): Delayed 3 second(s)

2022-12-26 17:15:48 - [MESSAGE][PASSED] - Delayed 3 second(s)

2022-12-26 17:15:48 - [TEST_STEP][PASSED] - closeWindowTitle("Everleagues"): Window with title: 'Everleagues' is closed

2022-12-26 17:15:48 - [MESSAGE][PASSED] - Window with title: 'Everleagues' is closed

2022-12-26 17:15:48 - [TEST_STEP][PASSED] - switchToWindowIndex(0): Switched to window with index: '0'

2022-12-26 17:15:48 - [MESSAGE][PASSED] - Switched to window with index: '0'

2022-12-26 17:15:48 - [TEST_STEP][PASSED] - click(findTestObject("09-Settings/Users/Co worker/td_Invitation from GG Automation")): Object: 'Object Repository/09-Settings/Users/Co worker/td_Invitation from GG Automation' is clicked on

2022-12-26 17:15:49 - [MESSAGE][PASSED] - Object: 'Object Repository/09-Settings/Users/Co worker/td_Invitation from GG Automation' is clicked on

2022-12-26 17:15:49 - [TEST_STEP][PASSED] - click(findTestObject("09-Settings/Users/Co worker/a_Click here to join GG Automation on EverLeagues")): Object: 'Object Repository/09-Settings/Users/Co worker/a_Click here to join GG Automation on EverLeagues' is clicked on

2022-12-26 17:15:50 - [MESSAGE][PASSED] - Object: 'Object Repository/09-Settings/Users/Co worker/a_Click here to join GG Automation on EverLeagues' is clicked on

2022-12-26 17:15:51 - [TEST_STEP][PASSED] - closeWindowTitle("Mailinator"): Window with title: 'Mailinator' is closed

2022-12-26 17:15:51 - [MESSAGE][PASSED] - Window with title: 'Mailinator' is closed

2022-12-26 17:15:51 - [TEST_STEP][PASSED] - switchToWindowIndex(0): Switched to window with index: '0'

2022-12-26 17:15:51 - [MESSAGE][PASSED] - Switched to window with index: '0'

2022-12-26 17:15:51 - [TEST_STEP][PASSED] - verifyElementVisible(findTestObject("09-Settings/Users/Client/Invite modal")): Object 'Object Repository/09-Settings/Users/Client/Invite modal' is visible

2022-12-26 17:16:15 - [MESSAGE][PASSED] - Object 'Object Repository/09-Settings/Users/Client/Invite modal' is visible

2022-12-26 17:16:15 - [TEST_STEP][PASSED] - setText(findTestObject("09-Settings/Users/Client/Company field"), "QA Company"): Text 'QA Company' is set on object 'Object Repository/09-Settings/Users/Client/Company field'

2022-12-26 17:16:17 - [MESSAGE][PASSED] - Text 'QA Company' is set on object 'Object Repository/09-Settings/Users/Client/Company field'

2022-12-26 17:16:17 - [TEST_STEP][PASSED] - click(findTestObject("09-Settings/Users/Client/button_Accept")): Object: 'Object Repository/09-Settings/Users/Client/button_Accept' is clicked on

2022-12-26 17:16:18 - [MESSAGE][PASSED] - Object: 'Object Repository/09-Settings/Users/Client/button_Accept' is clicked on

2022-12-26 17:16:18 - [TEST_STEP][PASSED] - delay(5): Delayed 5 second(s)

2022-12-26 17:16:23 - [MESSAGE][PASSED] - Delayed 5 second(s)

2022-12-26 17:16:23 - [TEST_STEP][PASSED] - verifyElementVisible(findTestObject("09-Settings/Users/div_Joined as Partner")): Object 'Object Repository/09-Settings/Users/div_Joined as Partner' is visible

2022-12-26 17:16:25 - [MESSAGE][PASSED] - Object 'Object Repository/09-Settings/Users/div_Joined as Partner' is visible

2022-12-26 17:16:25 - [TEST_STEP][PASSED] - delay(3): Delayed 3 second(s)

2022-12-26 17:16:28 - [MESSAGE][PASSED] - Delayed 3 second(s)

2022-12-26 17:16:28 - [TEST_STEP][PASSED] - closeBrowser(): Browser is closed

2022-12-26 17:16:31 - [MESSAGE][PASSED] - Browser is closed]]></system-out>
         <system-err><![CDATA[]]></system-err>
      </testcase>
      <testcase name="Test Cases/09-Settings/05 - Users (Invite batch of users via CSV file)" time="182.864" classname="Test Cases/09-Settings/05 - Users (Invite batch of users via CSV file)" status="PASSED">
         <system-out><![CDATA[2022-12-26 17:16:31 - [TEST_CASE][PASSED] - Test Cases/09-Settings/05 - Users (Invite batch of users via CSV file): Test Cases/09-Settings/05 - Users (Invite batch of users via CSV file)

2022-12-26 17:16:34 - [TEST_STEP][PASSED] - openBrowser(""): Browser is opened with url: ''

2022-12-26 17:16:34 - [MESSAGE][INFO] - Starting 'Chrome' driver

2022-12-26 17:16:34 - [MESSAGE][INFO] - Action delay is set to 0 milliseconds

2022-12-26 17:16:37 - [MESSAGE][PASSED] - Browser is opened with url: ''

2022-12-26 17:16:37 - [TEST_STEP][PASSED] - navigateToUrl("https://lab.everleagues.com/"): Navigate to 'https://lab.everleagues.com/' successfully

2022-12-26 17:16:59 - [MESSAGE][PASSED] - Navigate to 'https://lab.everleagues.com/' successfully

2022-12-26 17:16:59 - [TEST_STEP][PASSED] - maximizeWindow(): Current window maximized

2022-12-26 17:17:00 - [MESSAGE][PASSED] - Current window maximized

2022-12-26 17:17:00 - [TEST_STEP][PASSED] - setText(findTestObject("02-Side Icons(Organization)/Add Contact/Email Field"), "testuser02@mailinator.com"): Text 'testuser02@mailinator.com' is set on object 'Object Repository/02-Side Icons(Organization)/Add Contact/Email Field'

2022-12-26 17:17:02 - [MESSAGE][PASSED] - Text 'testuser02@mailinator.com' is set on object 'Object Repository/02-Side Icons(Organization)/Add Contact/Email Field'

2022-12-26 17:17:02 - [TEST_STEP][PASSED] - setEncryptedText(findTestObject("02-Side Icons(Organization)/Add Contact/Password Field"), "8yFRyszE6U6jvsCn51OQbg=="): Text ****** has been set on object 'Object Repository/02-Side Icons(Organization)/Add Contact/Password Field'

2022-12-26 17:17:03 - [MESSAGE][PASSED] - Text ****** has been set on object 'Object Repository/02-Side Icons(Organization)/Add Contact/Password Field'

2022-12-26 17:17:03 - [TEST_STEP][PASSED] - click(findTestObject("02-Side Icons(Organization)/Add Contact/button_Sign in")): Object: 'Object Repository/02-Side Icons(Organization)/Add Contact/button_Sign in' is clicked on

2022-12-26 17:17:04 - [MESSAGE][PASSED] - Object: 'Object Repository/02-Side Icons(Organization)/Add Contact/button_Sign in' is clicked on

2022-12-26 17:17:04 - [TEST_STEP][PASSED] - delay(2): Delayed 2 second(s)

2022-12-26 17:17:06 - [MESSAGE][PASSED] - Delayed 2 second(s)

2022-12-26 17:17:06 - [TEST_STEP][PASSED] - click(findTestObject("06-Teams/For 2FA/button_Confirm_2FA")): Object: 'Object Repository/06-Teams/For 2FA/button_Confirm_2FA' is clicked on

2022-12-26 17:17:07 - [MESSAGE][PASSED] - Object: 'Object Repository/06-Teams/For 2FA/button_Confirm_2FA' is clicked on

2022-12-26 17:17:07 - [TEST_STEP][PASSED] - executeJavaScript("window.open();", []): Execute JavaScript 'window.open();' successfully

2022-12-26 17:17:07 - [MESSAGE][PASSED] - Execute JavaScript 'window.open();' successfully

2022-12-26 17:17:07 - [TEST_STEP][PASSED] - currentWindow = getWindowIndex(): Current window's index is: 0

2022-12-26 17:17:08 - [MESSAGE][PASSED] - Current window's index is: 0

2022-12-26 17:17:08 - [TEST_STEP][PASSED] - delay(3): Delayed 3 second(s)

2022-12-26 17:17:11 - [MESSAGE][PASSED] - Delayed 3 second(s)

2022-12-26 17:17:11 - [TEST_STEP][PASSED] - switchToWindowIndex(currentWindow + 1): Switched to window with index: '1'

2022-12-26 17:17:11 - [MESSAGE][PASSED] - Switched to window with index: '1'

2022-12-26 17:17:11 - [TEST_STEP][PASSED] - navigateToUrl("https://www.mailinator.com/"): Navigate to 'https://www.mailinator.com/' successfully

2022-12-26 17:17:19 - [MESSAGE][PASSED] - Navigate to 'https://www.mailinator.com/' successfully

2022-12-26 17:17:19 - [TEST_STEP][PASSED] - delay(3): Delayed 3 second(s)

2022-12-26 17:17:22 - [MESSAGE][PASSED] - Delayed 3 second(s)

2022-12-26 17:17:22 - [TEST_STEP][PASSED] - setText(findTestObject("00-Signup and Activation/zMailinator/input_LOGIN_search"), "testuser02@mailinator.com"): Text 'testuser02@mailinator.com' is set on object 'Object Repository/00-Signup and Activation/zMailinator/input_LOGIN_search'

2022-12-26 17:17:24 - [MESSAGE][PASSED] - Text 'testuser02@mailinator.com' is set on object 'Object Repository/00-Signup and Activation/zMailinator/input_LOGIN_search'

2022-12-26 17:17:24 - [TEST_STEP][PASSED] - click(findTestObject("00-Signup and Activation/zMailinator/gobutton"), STOP_ON_FAILURE): Object: 'Object Repository/00-Signup and Activation/zMailinator/gobutton' is clicked on

2022-12-26 17:17:28 - [MESSAGE][PASSED] - Object: 'Object Repository/00-Signup and Activation/zMailinator/gobutton' is clicked on

2022-12-26 17:17:28 - [TEST_STEP][PASSED] - delay(3): Delayed 3 second(s)

2022-12-26 17:17:31 - [MESSAGE][PASSED] - Delayed 3 second(s)

2022-12-26 17:17:31 - [TEST_STEP][PASSED] - click(findTestObject("00-Signup and Activation/zMailinator/Email - everleagues")): Object: 'Object Repository/00-Signup and Activation/zMailinator/Email - everleagues' is clicked on

2022-12-26 17:17:32 - [MESSAGE][PASSED] - Object: 'Object Repository/00-Signup and Activation/zMailinator/Email - everleagues' is clicked on

2022-12-26 17:17:32 - [TEST_STEP][PASSED] - delay(3): Delayed 3 second(s)

2022-12-26 17:17:35 - [MESSAGE][PASSED] - Delayed 3 second(s)

2022-12-26 17:17:35 - [TEST_STEP][PASSED] - code = getText(findTestObject("Object Repository/06-Teams/For 2FA/2FA code")): Text of object 'Object Repository/06-Teams/For 2FA/2FA code' is: '317134'

2022-12-26 17:17:36 - [MESSAGE][PASSED] - Text of object 'Object Repository/06-Teams/For 2FA/2FA code' is: '317134'

2022-12-26 17:17:36 - [TEST_STEP][PASSED] - delay(3): Delayed 3 second(s)

2022-12-26 17:17:39 - [MESSAGE][PASSED] - Delayed 3 second(s)

2022-12-26 17:17:39 - [TEST_STEP][PASSED] - closeWindowTitle("Mailinator"): Window with title: 'Mailinator' is closed

2022-12-26 17:17:39 - [MESSAGE][PASSED] - Window with title: 'Mailinator' is closed

2022-12-26 17:17:39 - [TEST_STEP][PASSED] - delay(3): Delayed 3 second(s)

2022-12-26 17:17:42 - [MESSAGE][PASSED] - Delayed 3 second(s)

2022-12-26 17:17:42 - [TEST_STEP][PASSED] - switchToWindowIndex(0): Switched to window with index: '0'

2022-12-26 17:17:42 - [MESSAGE][PASSED] - Switched to window with index: '0'

2022-12-26 17:17:42 - [TEST_STEP][PASSED] - delay(3): Delayed 3 second(s)

2022-12-26 17:17:45 - [MESSAGE][PASSED] - Delayed 3 second(s)

2022-12-26 17:17:45 - [TEST_STEP][PASSED] - setText(findTestObject("Object Repository/06-Teams/For 2FA/input_Enter verification code_code"), code): Text '317134' is set on object 'Object Repository/06-Teams/For 2FA/input_Enter verification code_code'

2022-12-26 17:17:47 - [MESSAGE][PASSED] - Text '317134' is set on object 'Object Repository/06-Teams/For 2FA/input_Enter verification code_code'

2022-12-26 17:17:47 - [TEST_STEP][PASSED] - delay(3): Delayed 3 second(s)

2022-12-26 17:17:50 - [MESSAGE][PASSED] - Delayed 3 second(s)

2022-12-26 17:17:50 - [TEST_STEP][PASSED] - click(findTestObject("06-Teams/For 2FA/button_Verify_2FA")): Object: 'Object Repository/06-Teams/For 2FA/button_Verify_2FA' is clicked on

2022-12-26 17:17:52 - [MESSAGE][PASSED] - Object: 'Object Repository/06-Teams/For 2FA/button_Verify_2FA' is clicked on

2022-12-26 17:17:52 - [TEST_STEP][PASSED] - delay(5): Delayed 5 second(s)

2022-12-26 17:17:57 - [MESSAGE][PASSED] - Delayed 5 second(s)

2022-12-26 17:17:57 - [TEST_STEP][PASSED] - click(findTestObject("06-Teams/button_doublearrow")): Object: 'Object Repository/06-Teams/button_doublearrow' is clicked on

2022-12-26 17:18:31 - [MESSAGE][PASSED] - Object: 'Object Repository/06-Teams/button_doublearrow' is clicked on

2022-12-26 17:18:31 - [TEST_STEP][PASSED] - click(findTestObject("06-Teams/button_My Organizations")): Object: 'Object Repository/06-Teams/button_My Organizations' is clicked on

2022-12-26 17:18:32 - [MESSAGE][PASSED] - Object: 'Object Repository/06-Teams/button_My Organizations' is clicked on

2022-12-26 17:18:32 - [TEST_STEP][PASSED] - click(findTestObject("06-Teams/button_GG Automation")): Object: 'Object Repository/06-Teams/button_GG Automation' is clicked on

2022-12-26 17:18:33 - [MESSAGE][PASSED] - Object: 'Object Repository/06-Teams/button_GG Automation' is clicked on

2022-12-26 17:18:33 - [TEST_STEP][PASSED] - delay(4): Delayed 4 second(s)

2022-12-26 17:18:37 - [MESSAGE][PASSED] - Delayed 4 second(s)

2022-12-26 17:18:37 - [TEST_STEP][PASSED] - verifyElementVisible(findTestObject("06-Teams/span_GG Automation")): Object 'Object Repository/06-Teams/span_GG Automation' is visible

2022-12-26 17:18:37 - [MESSAGE][PASSED] - Object 'Object Repository/06-Teams/span_GG Automation' is visible

2022-12-26 17:18:37 - [TEST_STEP][PASSED] - delay(5): Delayed 5 second(s)

2022-12-26 17:18:42 - [MESSAGE][PASSED] - Delayed 5 second(s)

2022-12-26 17:18:42 - [TEST_STEP][PASSED] - click(findTestObject("03-Header Menu/Hamburger Button/div_Settings")): Object: 'Object Repository/03-Header Menu/Hamburger Button/div_Settings' is clicked on

2022-12-26 17:18:43 - [MESSAGE][PASSED] - Object: 'Object Repository/03-Header Menu/Hamburger Button/div_Settings' is clicked on

2022-12-26 17:18:43 - [TEST_STEP][PASSED] - delay(3): Delayed 3 second(s)

2022-12-26 17:18:46 - [MESSAGE][PASSED] - Delayed 3 second(s)

2022-12-26 17:18:46 - [TEST_STEP][PASSED] - scrollToElement(findTestObject("09-Settings/Users/div_Users"), 0): Scroll to object 'Object Repository/09-Settings/Users/div_Users' successfully

2022-12-26 17:18:47 - [MESSAGE][WARNING] - Timeout '0' is invalid. Using default page load timeout: '30'

2022-12-26 17:18:47 - [MESSAGE][PASSED] - Scroll to object 'Object Repository/09-Settings/Users/div_Users' successfully

2022-12-26 17:18:47 - [TEST_STEP][PASSED] - click(findTestObject("09-Settings/Users/div_Users")): Object: 'Object Repository/09-Settings/Users/div_Users' is clicked on

2022-12-26 17:18:50 - [MESSAGE][PASSED] - Object: 'Object Repository/09-Settings/Users/div_Users' is clicked on

2022-12-26 17:18:50 - [TEST_STEP][PASSED] - delay(3): Delayed 3 second(s)

2022-12-26 17:18:53 - [MESSAGE][PASSED] - Delayed 3 second(s)

2022-12-26 17:18:53 - [TEST_STEP][PASSED] - click(findTestObject("09-Settings/Users/button_add")): Object: 'Object Repository/09-Settings/Users/button_add' is clicked on

2022-12-26 17:18:54 - [MESSAGE][PASSED] - Object: 'Object Repository/09-Settings/Users/button_add' is clicked on

2022-12-26 17:18:54 - [TEST_STEP][PASSED] - delay(3): Delayed 3 second(s)

2022-12-26 17:18:57 - [MESSAGE][PASSED] - Delayed 3 second(s)

2022-12-26 17:18:57 - [TEST_STEP][PASSED] - click(findTestObject("09-Settings/Users/Invite batch of users via CSV file")): Object: 'Object Repository/09-Settings/Users/Invite batch of users via CSV file' is clicked on

2022-12-26 17:18:58 - [MESSAGE][PASSED] - Object: 'Object Repository/09-Settings/Users/Invite batch of users via CSV file' is clicked on

2022-12-26 17:18:58 - [TEST_STEP][PASSED] - verifyElementVisible(findTestObject("09-Settings/Users/CSV Invite/Import CSV File modal")): Object 'Object Repository/09-Settings/Users/CSV Invite/Import CSV File modal' is visible

2022-12-26 17:18:58 - [MESSAGE][PASSED] - Object 'Object Repository/09-Settings/Users/CSV Invite/Import CSV File modal' is visible

2022-12-26 17:18:58 - [TEST_STEP][PASSED] - verifyElementNotClickable(findTestObject("09-Settings/Users/CSV Invite/button_Import")): Object 'Object Repository/09-Settings/Users/CSV Invite/button_Import' is NOT clickable

2022-12-26 17:18:59 - [MESSAGE][PASSED] - Object 'Object Repository/09-Settings/Users/CSV Invite/button_Import' is NOT clickable

2022-12-26 17:18:59 - [TEST_STEP][PASSED] - delay(3): Delayed 3 second(s)

2022-12-26 17:19:02 - [MESSAGE][PASSED] - Delayed 3 second(s)

2022-12-26 17:19:02 - [TEST_STEP][PASSED] - uploadpackage.Upload.uploadFile(findTestObject("Object Repository/09-Settings/Users/CSV Invite/button_Choose File"), "C:\Users\asus\Desktop\EL automation\sample csv.csv"): uploadpackage.Upload.uploadFile is PASSED

2022-12-26 17:19:03 - [MESSAGE][PASSED] - Object: 'Object Repository/09-Settings/Users/CSV Invite/button_Choose File' is clicked on

2022-12-26 17:19:06 - [MESSAGE][PASSED] - uploadpackage.Upload.uploadFile is PASSED

2022-12-26 17:19:06 - [TEST_STEP][PASSED] - delay(3): Delayed 3 second(s)

2022-12-26 17:19:09 - [MESSAGE][PASSED] - Delayed 3 second(s)

2022-12-26 17:19:09 - [TEST_STEP][PASSED] - verifyElementVisible(findTestObject("09-Settings/Users/CSV Invite/div_Sample csv.csv")): Object 'Object Repository/09-Settings/Users/CSV Invite/div_Sample csv.csv' is visible

2022-12-26 17:19:11 - [MESSAGE][PASSED] - Object 'Object Repository/09-Settings/Users/CSV Invite/div_Sample csv.csv' is visible

2022-12-26 17:19:11 - [TEST_STEP][PASSED] - click(findTestObject("09-Settings/Users/CSV Invite/button_Import")): Object: 'Object Repository/09-Settings/Users/CSV Invite/button_Import' is clicked on

2022-12-26 17:19:12 - [MESSAGE][PASSED] - Object: 'Object Repository/09-Settings/Users/CSV Invite/button_Import' is clicked on

2022-12-26 17:19:12 - [TEST_STEP][PASSED] - delay(5): Delayed 5 second(s)

2022-12-26 17:19:17 - [MESSAGE][PASSED] - Delayed 5 second(s)

2022-12-26 17:19:17 - [TEST_STEP][PASSED] - verifyElementVisible(findTestObject("09-Settings/Users/CSV Invite/Success import modal")): Object 'Object Repository/09-Settings/Users/CSV Invite/Success import modal' is visible

2022-12-26 17:19:17 - [MESSAGE][PASSED] - Object 'Object Repository/09-Settings/Users/CSV Invite/Success import modal' is visible

2022-12-26 17:19:17 - [TEST_STEP][PASSED] - click(findTestObject("09-Settings/Users/CSV Invite/button_Close")): Object: 'Object Repository/09-Settings/Users/CSV Invite/button_Close' is clicked on

2022-12-26 17:19:18 - [MESSAGE][PASSED] - Object: 'Object Repository/09-Settings/Users/CSV Invite/button_Close' is clicked on

2022-12-26 17:19:18 - [TEST_STEP][PASSED] - click(findTestObject("09-Settings/Users/CSV Invite/Invited Users tab")): Object: 'Object Repository/09-Settings/Users/CSV Invite/Invited Users tab' is clicked on

2022-12-26 17:19:20 - [MESSAGE][PASSED] - Object: 'Object Repository/09-Settings/Users/CSV Invite/Invited Users tab' is clicked on

2022-12-26 17:19:20 - [TEST_STEP][PASSED] - delay(3): Delayed 3 second(s)

2022-12-26 17:19:23 - [MESSAGE][PASSED] - Delayed 3 second(s)

2022-12-26 17:19:23 - [TEST_STEP][PASSED] - verifyElementVisible(findTestObject("09-Settings/Users/CSV Invite/div_CTCSV test3")): Object 'Object Repository/09-Settings/Users/CSV Invite/div_CTCSV test3' is visible

2022-12-26 17:19:24 - [MESSAGE][PASSED] - Object 'Object Repository/09-Settings/Users/CSV Invite/div_CTCSV test3' is visible

2022-12-26 17:19:24 - [TEST_STEP][PASSED] - verifyElementVisible(findTestObject("09-Settings/Users/CSV Invite/div_autotester08mailinator.com")): Object 'Object Repository/09-Settings/Users/CSV Invite/div_autotester08mailinator.com' is visible

2022-12-26 17:19:24 - [MESSAGE][PASSED] - Object 'Object Repository/09-Settings/Users/CSV Invite/div_autotester08mailinator.com' is visible

2022-12-26 17:19:24 - [TEST_STEP][PASSED] - verifyElementVisible(findTestObject("09-Settings/Users/CSV Invite/div_Partner")): Object 'Object Repository/09-Settings/Users/CSV Invite/div_Partner' is visible

2022-12-26 17:19:25 - [MESSAGE][PASSED] - Object 'Object Repository/09-Settings/Users/CSV Invite/div_Partner' is visible

2022-12-26 17:19:25 - [TEST_STEP][PASSED] - verifyElementVisible(findTestObject("09-Settings/Users/CSV Invite/div_CTCSV test2")): Object 'Object Repository/09-Settings/Users/CSV Invite/div_CTCSV test2' is visible

2022-12-26 17:19:26 - [MESSAGE][PASSED] - Object 'Object Repository/09-Settings/Users/CSV Invite/div_CTCSV test2' is visible

2022-12-26 17:19:26 - [TEST_STEP][PASSED] - verifyElementVisible(findTestObject("09-Settings/Users/CSV Invite/div_autotester07mailinator.com")): Object 'Object Repository/09-Settings/Users/CSV Invite/div_autotester07mailinator.com' is visible

2022-12-26 17:19:27 - [MESSAGE][PASSED] - Object 'Object Repository/09-Settings/Users/CSV Invite/div_autotester07mailinator.com' is visible

2022-12-26 17:19:27 - [TEST_STEP][PASSED] - verifyElementVisible(findTestObject("09-Settings/Users/CSV Invite/div_Client")): Object 'Object Repository/09-Settings/Users/CSV Invite/div_Client' is visible

2022-12-26 17:19:27 - [MESSAGE][PASSED] - Object 'Object Repository/09-Settings/Users/CSV Invite/div_Client' is visible

2022-12-26 17:19:27 - [TEST_STEP][PASSED] - verifyElementVisible(findTestObject("09-Settings/Users/CSV Invite/div_CTCSV test1")): Object 'Object Repository/09-Settings/Users/CSV Invite/div_CTCSV test1' is visible

2022-12-26 17:19:28 - [MESSAGE][PASSED] - Object 'Object Repository/09-Settings/Users/CSV Invite/div_CTCSV test1' is visible

2022-12-26 17:19:28 - [TEST_STEP][PASSED] - verifyElementVisible(findTestObject("09-Settings/Users/CSV Invite/div_autotester06mailinator.com")): Object 'Object Repository/09-Settings/Users/CSV Invite/div_autotester06mailinator.com' is visible

2022-12-26 17:19:29 - [MESSAGE][PASSED] - Object 'Object Repository/09-Settings/Users/CSV Invite/div_autotester06mailinator.com' is visible

2022-12-26 17:19:29 - [TEST_STEP][PASSED] - verifyElementVisible(findTestObject("09-Settings/Users/CSV Invite/div_Coworker")): Object 'Object Repository/09-Settings/Users/CSV Invite/div_Coworker' is visible

2022-12-26 17:19:30 - [MESSAGE][PASSED] - Object 'Object Repository/09-Settings/Users/CSV Invite/div_Coworker' is visible

2022-12-26 17:19:30 - [TEST_STEP][PASSED] - delay(3): Delayed 3 second(s)

2022-12-26 17:19:33 - [MESSAGE][PASSED] - Delayed 3 second(s)

2022-12-26 17:19:33 - [TEST_STEP][PASSED] - closeBrowser(): Browser is closed

2022-12-26 17:19:34 - [MESSAGE][PASSED] - Browser is closed]]></system-out>
         <system-err><![CDATA[]]></system-err>
      </testcase>
      <system-out><![CDATA[2022-12-26 16:57:09 - [TEST_SUITE][PASSED] - 09.1 - Settings (Invite users): Test Cases/09-Settings/05 - Users (Invite batch of users via CSV file)]]></system-out>
      <system-err><![CDATA[]]></system-err>
   </testsuite>
</testsuites>
