<?xml version="1.0" encoding="UTF-8"?>
<testsuites name="09.1 - Settings (Invite users)" time="1645.999" tests="5" failures="0" errors="0">
   <testsuite name="09.1 - Settings (Invite users)" tests="5" failures="0" errors="0" time="1645.999" skipped="0" timestamp="2023-03-01 14:11:02" hostname="asus - DESKTOP-3L3J9C1" id="Test Suites/TS-Organization/09.1 - Settings (Invite users)">
      <properties>
         <property name="deviceName" value=""/>
         <property name="devicePlatform" value=""/>
         <property name="logFolder" value="C:\\Users\\asus\\Katalon Studio\\Everleagues\\Everleagues\\Reports\\20230301_141050\\TS-Organization\\09.1 - Settings (Invite users)\\20230301_141050"/>
         <property name="logFiles" value="C:\\Users\\asus\\Katalon Studio\\Everleagues\\Everleagues\\Reports\\20230301_141050\\TS-Organization\\09.1 - Settings (Invite users)\\20230301_141050\\execution0.log"/>
         <property name="attachments" value=""/>
         <property name="hostName" value="asus - DESKTOP-3L3J9C1"/>
         <property name="os" value="Windows 10 64bit"/>
         <property name="katalonVersion" value="8.4.1.208"/>
         <property name="browser" value="Chrome 110.0.0.0"/>
         <property name="hostAddress" value="10.100.1.179"/>
         <property name="sessionId" value="5f5dc3553859f5c689f2ce41d5301b32"/>
         <property name="seleniumVersion" value="3.141.59"/>
         <property name="proxyInformation" value="ProxyInformation { proxyOption=NO_PROXY, proxyServerType=HTTP, username=, password=********, proxyServerAddress=, proxyServerPort=0, executionList=&quot;&quot;, isApplyToDesiredCapabilities=true }"/>
         <property name="platform" value="Windows 10"/>
      </properties>
      <testcase name="Test Cases/09-Settings/01 - Users (Invite new user but field are blank)" time="147.439" classname="Test Cases/09-Settings/01 - Users (Invite new user but field are blank)" status="PASSED">
         <system-out><![CDATA[2023-03-01 14:11:04 - [TEST_CASE][PASSED] - Test Cases/09-Settings/01 - Users (Invite new user but field are blank): Test Cases/09-Settings/01 - Users (Invite new user but field are blank)

2023-03-01 14:11:06 - [TEST_STEP][PASSED] - openBrowser(""): Browser is opened with url: ''

2023-03-01 14:11:07 - [MESSAGE][INFO] - Starting 'Chrome' driver

2023-03-01 14:11:07 - [MESSAGE][INFO] - Action delay is set to 0 milliseconds

2023-03-01 14:11:15 - [MESSAGE][PASSED] - Browser is opened with url: ''

2023-03-01 14:11:15 - [TEST_STEP][PASSED] - navigateToUrl("https://lab.everleagues.com/"): Navigate to 'https://lab.everleagues.com/' successfully

2023-03-01 14:11:40 - [MESSAGE][PASSED] - Navigate to 'https://lab.everleagues.com/' successfully

2023-03-01 14:11:40 - [TEST_STEP][PASSED] - maximizeWindow(): Current window maximized

2023-03-01 14:11:40 - [MESSAGE][PASSED] - Current window maximized

2023-03-01 14:11:40 - [TEST_STEP][PASSED] - callTestCase(findTestCase("01-Login and Forgot Password/04-Login(Valid Credentials-With Subscription)"), [:], STOP_ON_FAILURE): Call Test Case 'Test Cases/01-Login and Forgot Password/04-Login(Valid Credentials-With Subscription)' successfully

2023-03-01 14:11:40 - [TEST_CASE][PASSED] - Test Cases/01-Login and Forgot Password/04-Login(Valid Credentials-With Subscription): Test Cases/01-Login and Forgot Password/04-Login(Valid Credentials-With Subscription)

2023-03-01 14:11:42 - [TEST_STEP][PASSED] - setText(findTestObject("01-Login and Forgot Password/input_Email_email"), "testuser02@mailinator.com"): Text 'testuser02@mailinator.com' is set on object 'Object Repository/01-Login and Forgot Password/input_Email_email'

2023-03-01 14:11:44 - [MESSAGE][PASSED] - Text 'testuser02@mailinator.com' is set on object 'Object Repository/01-Login and Forgot Password/input_Email_email'

2023-03-01 14:11:44 - [TEST_STEP][PASSED] - setEncryptedText(findTestObject("01-Login and Forgot Password/input_Email_password"), "8yFRyszE6U6jvsCn51OQbg=="): Text ****** has been set on object 'Object Repository/01-Login and Forgot Password/input_Email_password'

2023-03-01 14:11:46 - [MESSAGE][PASSED] - Text ****** has been set on object 'Object Repository/01-Login and Forgot Password/input_Email_password'

2023-03-01 14:11:46 - [TEST_STEP][PASSED] - delay(2): Delayed 2 second(s)

2023-03-01 14:11:48 - [MESSAGE][PASSED] - Delayed 2 second(s)

2023-03-01 14:11:48 - [TEST_STEP][PASSED] - click(findTestObject("01-Login and Forgot Password/show pass button")): Object: 'Object Repository/01-Login and Forgot Password/show pass button' is clicked on

2023-03-01 14:11:49 - [MESSAGE][PASSED] - Object: 'Object Repository/01-Login and Forgot Password/show pass button' is clicked on

2023-03-01 14:11:49 - [TEST_STEP][PASSED] - delay(3): Delayed 3 second(s)

2023-03-01 14:11:52 - [MESSAGE][PASSED] - Delayed 3 second(s)

2023-03-01 14:11:52 - [TEST_STEP][PASSED] - click(findTestObject("01-Login and Forgot Password/button_Sign in")): Object: 'Object Repository/01-Login and Forgot Password/button_Sign in' is clicked on

2023-03-01 14:11:53 - [MESSAGE][PASSED] - Object: 'Object Repository/01-Login and Forgot Password/button_Sign in' is clicked on

2023-03-01 14:11:53 - [TEST_STEP][PASSED] - delay(3): Delayed 3 second(s)

2023-03-01 14:11:56 - [MESSAGE][PASSED] - Delayed 3 second(s)

2023-03-01 14:11:56 - [TEST_STEP][PASSED] - click(findTestObject("06-Teams/For 2FA/button_Confirm_2FA")): Object: 'Object Repository/06-Teams/For 2FA/button_Confirm_2FA' is clicked on

2023-03-01 14:11:57 - [MESSAGE][PASSED] - Object: 'Object Repository/06-Teams/For 2FA/button_Confirm_2FA' is clicked on

2023-03-01 14:11:57 - [TEST_STEP][PASSED] - executeJavaScript("window.open();", []): Execute JavaScript 'window.open();' successfully

2023-03-01 14:11:58 - [MESSAGE][PASSED] - Execute JavaScript 'window.open();' successfully

2023-03-01 14:11:58 - [TEST_STEP][PASSED] - currentWindow = getWindowIndex(): Current window's index is: 0

2023-03-01 14:11:58 - [MESSAGE][PASSED] - Current window's index is: 0

2023-03-01 14:11:58 - [TEST_STEP][PASSED] - delay(3): Delayed 3 second(s)

2023-03-01 14:12:01 - [MESSAGE][PASSED] - Delayed 3 second(s)

2023-03-01 14:12:01 - [TEST_STEP][PASSED] - switchToWindowIndex(currentWindow + 1): Switched to window with index: '1'

2023-03-01 14:12:01 - [MESSAGE][PASSED] - Switched to window with index: '1'

2023-03-01 14:12:01 - [TEST_STEP][PASSED] - navigateToUrl("https://www.mailinator.com/"): Navigate to 'https://www.mailinator.com/' successfully

2023-03-01 14:12:09 - [MESSAGE][PASSED] - Navigate to 'https://www.mailinator.com/' successfully

2023-03-01 14:12:09 - [TEST_STEP][PASSED] - delay(3): Delayed 3 second(s)

2023-03-01 14:12:12 - [MESSAGE][PASSED] - Delayed 3 second(s)

2023-03-01 14:12:12 - [TEST_STEP][PASSED] - setText(findTestObject("00-Signup and Activation/zMailinator/input_LOGIN_search"), "testuser02@mailinator.com"): Text 'testuser02@mailinator.com' is set on object 'Object Repository/00-Signup and Activation/zMailinator/input_LOGIN_search'

2023-03-01 14:12:13 - [MESSAGE][PASSED] - Text 'testuser02@mailinator.com' is set on object 'Object Repository/00-Signup and Activation/zMailinator/input_LOGIN_search'

2023-03-01 14:12:13 - [TEST_STEP][PASSED] - click(findTestObject("00-Signup and Activation/zMailinator/gobutton"), STOP_ON_FAILURE): Object: 'Object Repository/00-Signup and Activation/zMailinator/gobutton' is clicked on

2023-03-01 14:12:17 - [MESSAGE][PASSED] - Object: 'Object Repository/00-Signup and Activation/zMailinator/gobutton' is clicked on

2023-03-01 14:12:17 - [TEST_STEP][PASSED] - delay(3): Delayed 3 second(s)

2023-03-01 14:12:20 - [MESSAGE][PASSED] - Delayed 3 second(s)

2023-03-01 14:12:20 - [TEST_STEP][PASSED] - click(findTestObject("00-Signup and Activation/zMailinator/Email - everleagues")): Object: 'Object Repository/00-Signup and Activation/zMailinator/Email - everleagues' is clicked on

2023-03-01 14:12:20 - [MESSAGE][PASSED] - Object: 'Object Repository/00-Signup and Activation/zMailinator/Email - everleagues' is clicked on

2023-03-01 14:12:20 - [TEST_STEP][PASSED] - delay(3): Delayed 3 second(s)

2023-03-01 14:12:23 - [MESSAGE][PASSED] - Delayed 3 second(s)

2023-03-01 14:12:23 - [TEST_STEP][PASSED] - code = getText(findTestObject("Object Repository/06-Teams/For 2FA/2FA code")): Text of object 'Object Repository/06-Teams/For 2FA/2FA code' is: '423744'

2023-03-01 14:12:25 - [MESSAGE][PASSED] - Text of object 'Object Repository/06-Teams/For 2FA/2FA code' is: '423744'

2023-03-01 14:12:25 - [TEST_STEP][PASSED] - delay(3): Delayed 3 second(s)

2023-03-01 14:12:28 - [MESSAGE][PASSED] - Delayed 3 second(s)

2023-03-01 14:12:28 - [TEST_STEP][PASSED] - closeWindowTitle("Mailinator"): Window with title: 'Mailinator' is closed

2023-03-01 14:12:28 - [MESSAGE][PASSED] - Window with title: 'Mailinator' is closed

2023-03-01 14:12:28 - [TEST_STEP][PASSED] - delay(3): Delayed 3 second(s)

2023-03-01 14:12:31 - [MESSAGE][PASSED] - Delayed 3 second(s)

2023-03-01 14:12:31 - [TEST_STEP][PASSED] - switchToWindowIndex(0): Switched to window with index: '0'

2023-03-01 14:12:31 - [MESSAGE][PASSED] - Switched to window with index: '0'

2023-03-01 14:12:31 - [TEST_STEP][PASSED] - delay(3): Delayed 3 second(s)

2023-03-01 14:12:34 - [MESSAGE][PASSED] - Delayed 3 second(s)

2023-03-01 14:12:34 - [TEST_STEP][PASSED] - setText(findTestObject("Object Repository/06-Teams/For 2FA/input_Enter verification code_code"), code): Text '423744' is set on object 'Object Repository/06-Teams/For 2FA/input_Enter verification code_code'

2023-03-01 14:12:35 - [MESSAGE][PASSED] - Text '423744' is set on object 'Object Repository/06-Teams/For 2FA/input_Enter verification code_code'

2023-03-01 14:12:35 - [TEST_STEP][PASSED] - delay(3): Delayed 3 second(s)

2023-03-01 14:12:38 - [MESSAGE][PASSED] - Delayed 3 second(s)

2023-03-01 14:12:38 - [TEST_STEP][PASSED] - click(findTestObject("06-Teams/For 2FA/button_Verify_2FA")): Object: 'Object Repository/06-Teams/For 2FA/button_Verify_2FA' is clicked on

2023-03-01 14:12:40 - [MESSAGE][PASSED] - Object: 'Object Repository/06-Teams/For 2FA/button_Verify_2FA' is clicked on

2023-03-01 14:12:40 - [TEST_STEP][PASSED] - delay(3): Delayed 3 second(s)

2023-03-01 14:12:43 - [MESSAGE][PASSED] - Delayed 3 second(s)

2023-03-01 14:12:43 - [MESSAGE][PASSED] - Call Test Case 'Test Cases/01-Login and Forgot Password/04-Login(Valid Credentials-With Subscription)' successfully

2023-03-01 14:12:43 - [TEST_STEP][PASSED] - click(findTestObject("06-Teams/button_doublearrow")): Object: 'Object Repository/06-Teams/button_doublearrow' is clicked on

2023-03-01 14:12:47 - [MESSAGE][PASSED] - Object: 'Object Repository/06-Teams/button_doublearrow' is clicked on

2023-03-01 14:12:47 - [TEST_STEP][PASSED] - click(findTestObject("06-Teams/button_My Organizations")): Object: 'Object Repository/06-Teams/button_My Organizations' is clicked on

2023-03-01 14:12:48 - [MESSAGE][PASSED] - Object: 'Object Repository/06-Teams/button_My Organizations' is clicked on

2023-03-01 14:12:48 - [TEST_STEP][PASSED] - click(findTestObject("06-Teams/button_GG Automation")): Object: 'Object Repository/06-Teams/button_GG Automation' is clicked on

2023-03-01 14:12:49 - [MESSAGE][PASSED] - Object: 'Object Repository/06-Teams/button_GG Automation' is clicked on

2023-03-01 14:12:49 - [TEST_STEP][PASSED] - delay(4): Delayed 4 second(s)

2023-03-01 14:12:53 - [MESSAGE][PASSED] - Delayed 4 second(s)

2023-03-01 14:12:53 - [TEST_STEP][PASSED] - verifyElementVisible(findTestObject("06-Teams/span_GG Automation")): Object 'Object Repository/06-Teams/span_GG Automation' is visible

2023-03-01 14:12:54 - [MESSAGE][PASSED] - Object 'Object Repository/06-Teams/span_GG Automation' is visible

2023-03-01 14:12:54 - [TEST_STEP][PASSED] - delay(5): Delayed 5 second(s)

2023-03-01 14:12:59 - [MESSAGE][PASSED] - Delayed 5 second(s)

2023-03-01 14:12:59 - [TEST_STEP][PASSED] - click(findTestObject("03-Header Menu/Hamburger Button/div_Settings")): Object: 'Object Repository/03-Header Menu/Hamburger Button/div_Settings' is clicked on

2023-03-01 14:13:00 - [MESSAGE][PASSED] - Object: 'Object Repository/03-Header Menu/Hamburger Button/div_Settings' is clicked on

2023-03-01 14:13:00 - [TEST_STEP][PASSED] - verifyElementVisible(findTestObject("09-Settings/Users/div_Organization")): Object 'Object Repository/09-Settings/Users/div_Organization' is visible

2023-03-01 14:13:01 - [MESSAGE][PASSED] - Object 'Object Repository/09-Settings/Users/div_Organization' is visible

2023-03-01 14:13:01 - [TEST_STEP][PASSED] - verifyElementVisible(findTestObject("09-Settings/Users/div_Organization Units")): Object 'Object Repository/09-Settings/Users/div_Organization Units' is visible

2023-03-01 14:13:01 - [MESSAGE][PASSED] - Object 'Object Repository/09-Settings/Users/div_Organization Units' is visible

2023-03-01 14:13:01 - [TEST_STEP][PASSED] - scrollToElement(findTestObject("09-Settings/Users/div_Subscriptions"), 0): Scroll to object 'Object Repository/09-Settings/Users/div_Subscriptions' successfully

2023-03-01 14:13:02 - [MESSAGE][WARNING] - Timeout '0' is invalid. Using default page load timeout: '30'

2023-03-01 14:13:02 - [MESSAGE][PASSED] - Scroll to object 'Object Repository/09-Settings/Users/div_Subscriptions' successfully

2023-03-01 14:13:02 - [TEST_STEP][PASSED] - verifyElementVisible(findTestObject("09-Settings/Users/div_Subscriptions")): Object 'Object Repository/09-Settings/Users/div_Subscriptions' is visible

2023-03-01 14:13:03 - [MESSAGE][PASSED] - Object 'Object Repository/09-Settings/Users/div_Subscriptions' is visible

2023-03-01 14:13:03 - [TEST_STEP][PASSED] - verifyElementVisible(findTestObject("09-Settings/Users/div_Users")): Object 'Object Repository/09-Settings/Users/div_Users' is visible

2023-03-01 14:13:03 - [MESSAGE][PASSED] - Object 'Object Repository/09-Settings/Users/div_Users' is visible

2023-03-01 14:13:03 - [TEST_STEP][PASSED] - delay(3): Delayed 3 second(s)

2023-03-01 14:13:06 - [MESSAGE][PASSED] - Delayed 3 second(s)

2023-03-01 14:13:06 - [TEST_STEP][PASSED] - click(findTestObject("09-Settings/Users/div_Users")): Object: 'Object Repository/09-Settings/Users/div_Users' is clicked on

2023-03-01 14:13:08 - [MESSAGE][PASSED] - Object: 'Object Repository/09-Settings/Users/div_Users' is clicked on

2023-03-01 14:13:08 - [TEST_STEP][PASSED] - verifyElementVisible(findTestObject("09-Settings/Users/h4_USERS")): Object 'Object Repository/09-Settings/Users/h4_USERS' is visible

2023-03-01 14:13:10 - [MESSAGE][PASSED] - Object 'Object Repository/09-Settings/Users/h4_USERS' is visible

2023-03-01 14:13:10 - [TEST_STEP][PASSED] - verifyElementVisible(findTestObject("09-Settings/Users/User Page")): Object 'Object Repository/09-Settings/Users/User Page' is visible

2023-03-01 14:13:11 - [MESSAGE][PASSED] - Object 'Object Repository/09-Settings/Users/User Page' is visible

2023-03-01 14:13:11 - [TEST_STEP][PASSED] - delay(3): Delayed 3 second(s)

2023-03-01 14:13:14 - [MESSAGE][PASSED] - Delayed 3 second(s)

2023-03-01 14:13:14 - [TEST_STEP][PASSED] - click(findTestObject("09-Settings/Users/button_add")): Object: 'Object Repository/09-Settings/Users/button_add' is clicked on

2023-03-01 14:13:14 - [MESSAGE][PASSED] - Object: 'Object Repository/09-Settings/Users/button_add' is clicked on

2023-03-01 14:13:14 - [TEST_STEP][PASSED] - verifyElementVisible(findTestObject("09-Settings/Users/User Invitation modal")): Object 'Object Repository/09-Settings/Users/User Invitation modal' is visible

2023-03-01 14:13:15 - [MESSAGE][PASSED] - Object 'Object Repository/09-Settings/Users/User Invitation modal' is visible

2023-03-01 14:13:15 - [TEST_STEP][PASSED] - delay(3): Delayed 3 second(s)

2023-03-01 14:13:19 - [MESSAGE][PASSED] - Delayed 3 second(s)

2023-03-01 14:13:19 - [TEST_STEP][PASSED] - click(findTestObject("09-Settings/Users/add Invite a single user")): Object: 'Object Repository/09-Settings/Users/add Invite a single user' is clicked on

2023-03-01 14:13:19 - [MESSAGE][PASSED] - Object: 'Object Repository/09-Settings/Users/add Invite a single user' is clicked on

2023-03-01 14:13:19 - [TEST_STEP][PASSED] - verifyElementVisible(findTestObject("09-Settings/Users/Invite new user modal")): Object 'Object Repository/09-Settings/Users/Invite new user modal' is visible

2023-03-01 14:13:22 - [MESSAGE][PASSED] - Object 'Object Repository/09-Settings/Users/Invite new user modal' is visible

2023-03-01 14:13:22 - [TEST_STEP][PASSED] - click(findTestObject("09-Settings/Users/input_email")): Object: 'Object Repository/09-Settings/Users/input_email' is clicked on

2023-03-01 14:13:23 - [MESSAGE][PASSED] - Object: 'Object Repository/09-Settings/Users/input_email' is clicked on

2023-03-01 14:13:23 - [TEST_STEP][PASSED] - click(findTestObject("09-Settings/Users/input_firstName")): Object: 'Object Repository/09-Settings/Users/input_firstName' is clicked on

2023-03-01 14:13:24 - [MESSAGE][PASSED] - Object: 'Object Repository/09-Settings/Users/input_firstName' is clicked on

2023-03-01 14:13:24 - [TEST_STEP][PASSED] - click(findTestObject("09-Settings/Users/input_lastName")): Object: 'Object Repository/09-Settings/Users/input_lastName' is clicked on

2023-03-01 14:13:25 - [MESSAGE][PASSED] - Object: 'Object Repository/09-Settings/Users/input_lastName' is clicked on

2023-03-01 14:13:25 - [TEST_STEP][PASSED] - click(findTestObject("09-Settings/Users/span_Role")): Object: 'Object Repository/09-Settings/Users/span_Role' is clicked on

2023-03-01 14:13:25 - [MESSAGE][PASSED] - Object: 'Object Repository/09-Settings/Users/span_Role' is clicked on

2023-03-01 14:13:26 - [TEST_STEP][PASSED] - clickOffset(findTestObject("09-Settings/Users/h4_Invite New User"), 100, 100): Object: 'Object Repository/09-Settings/Users/h4_Invite New User' is clicked on using offset x=100 and y=100

2023-03-01 14:13:27 - [MESSAGE][PASSED] - Object: 'Object Repository/09-Settings/Users/h4_Invite New User' is clicked on using offset x=100 and y=100

2023-03-01 14:13:27 - [TEST_STEP][PASSED] - verifyElementVisible(findTestObject("09-Settings/Users/Email required")): Object 'Object Repository/09-Settings/Users/Email required' is visible

2023-03-01 14:13:27 - [MESSAGE][PASSED] - Object 'Object Repository/09-Settings/Users/Email required' is visible

2023-03-01 14:13:27 - [TEST_STEP][PASSED] - verifyElementVisible(findTestObject("09-Settings/Users/Firstname required")): Object 'Object Repository/09-Settings/Users/Firstname required' is visible

2023-03-01 14:13:28 - [MESSAGE][PASSED] - Object 'Object Repository/09-Settings/Users/Firstname required' is visible

2023-03-01 14:13:28 - [TEST_STEP][PASSED] - verifyElementVisible(findTestObject("09-Settings/Users/last name required")): Object 'Object Repository/09-Settings/Users/last name required' is visible

2023-03-01 14:13:29 - [MESSAGE][PASSED] - Object 'Object Repository/09-Settings/Users/last name required' is visible

2023-03-01 14:13:29 - [TEST_STEP][PASSED] - verifyElementVisible(findTestObject("09-Settings/Users/error_Select a role")): Object 'Object Repository/09-Settings/Users/error_Select a role' is visible

2023-03-01 14:13:31 - [MESSAGE][PASSED] - Object 'Object Repository/09-Settings/Users/error_Select a role' is visible]]></system-out>
         <system-err><![CDATA[]]></system-err>
      </testcase>
      <testcase name="Test Cases/09-Settings/02 - Users (Invite new user as co worker)" time="172.588" classname="Test Cases/09-Settings/02 - Users (Invite new user as co worker)" status="PASSED">
         <system-out><![CDATA[2023-03-01 14:13:31 - [TEST_CASE][PASSED] - Test Cases/09-Settings/02 - Users (Invite new user as co worker): Test Cases/09-Settings/02 - Users (Invite new user as co worker)

2023-03-01 14:13:33 - [TEST_STEP][PASSED] - delay(3): Delayed 3 second(s)

2023-03-01 14:13:36 - [MESSAGE][PASSED] - Delayed 3 second(s)

2023-03-01 14:13:36 - [TEST_STEP][PASSED] - setText(findTestObject("09-Settings/Users/input_email"), "autotester04@mailinator.com"): Text 'autotester04@mailinator.com' is set on object 'Object Repository/09-Settings/Users/input_email'

2023-03-01 14:13:39 - [MESSAGE][PASSED] - Text 'autotester04@mailinator.com' is set on object 'Object Repository/09-Settings/Users/input_email'

2023-03-01 14:13:39 - [TEST_STEP][PASSED] - setText(findTestObject("09-Settings/Users/input_firstName"), "GG"): Text 'GG' is set on object 'Object Repository/09-Settings/Users/input_firstName'

2023-03-01 14:13:41 - [MESSAGE][PASSED] - Text 'GG' is set on object 'Object Repository/09-Settings/Users/input_firstName'

2023-03-01 14:13:41 - [TEST_STEP][PASSED] - setText(findTestObject("09-Settings/Users/input_lastName"), "Auto Contact 2"): Text 'Auto Contact 2' is set on object 'Object Repository/09-Settings/Users/input_lastName'

2023-03-01 14:13:43 - [MESSAGE][PASSED] - Text 'Auto Contact 2' is set on object 'Object Repository/09-Settings/Users/input_lastName'

2023-03-01 14:13:43 - [TEST_STEP][PASSED] - click(findTestObject("09-Settings/Users/span_Role")): Object: 'Object Repository/09-Settings/Users/span_Role' is clicked on

2023-03-01 14:13:44 - [MESSAGE][PASSED] - Object: 'Object Repository/09-Settings/Users/span_Role' is clicked on

2023-03-01 14:13:44 - [TEST_STEP][PASSED] - click(findTestObject("09-Settings/Users/span_CoWorker")): Object: 'Object Repository/09-Settings/Users/span_CoWorker' is clicked on

2023-03-01 14:13:45 - [MESSAGE][PASSED] - Object: 'Object Repository/09-Settings/Users/span_CoWorker' is clicked on

2023-03-01 14:13:45 - [TEST_STEP][PASSED] - click(findTestObject("09-Settings/Users/button_Send Invitation")): Object: 'Object Repository/09-Settings/Users/button_Send Invitation' is clicked on

2023-03-01 14:13:46 - [MESSAGE][PASSED] - Object: 'Object Repository/09-Settings/Users/button_Send Invitation' is clicked on

2023-03-01 14:13:46 - [TEST_STEP][PASSED] - delay(2): Delayed 2 second(s)

2023-03-01 14:13:48 - [MESSAGE][PASSED] - Delayed 2 second(s)

2023-03-01 14:13:48 - [TEST_STEP][PASSED] - verifyElementVisible(findTestObject("07-Directory/Connections/zContact Profile/Successfully invited user")): Object 'Object Repository/07-Directory/Connections/zContact Profile/Successfully invited user' is visible

2023-03-01 14:13:50 - [MESSAGE][PASSED] - Object 'Object Repository/07-Directory/Connections/zContact Profile/Successfully invited user' is visible

2023-03-01 14:13:50 - [TEST_STEP][PASSED] - delay(2): Delayed 2 second(s)

2023-03-01 14:13:52 - [MESSAGE][PASSED] - Delayed 2 second(s)

2023-03-01 14:13:52 - [TEST_STEP][PASSED] - executeJavaScript("window.open();", []): Execute JavaScript 'window.open();' successfully

2023-03-01 14:13:52 - [MESSAGE][PASSED] - Execute JavaScript 'window.open();' successfully

2023-03-01 14:13:52 - [TEST_STEP][PASSED] - currentWindow = getWindowIndex(): Current window's index is: 0

2023-03-01 14:13:52 - [MESSAGE][PASSED] - Current window's index is: 0

2023-03-01 14:13:52 - [TEST_STEP][PASSED] - delay(3): Delayed 3 second(s)

2023-03-01 14:13:55 - [MESSAGE][PASSED] - Delayed 3 second(s)

2023-03-01 14:13:55 - [TEST_STEP][PASSED] - switchToWindowIndex(currentWindow + 1): Switched to window with index: '1'

2023-03-01 14:13:55 - [MESSAGE][PASSED] - Switched to window with index: '1'

2023-03-01 14:13:55 - [TEST_STEP][PASSED] - navigateToUrl("https://www.mailinator.com/"): Navigate to 'https://www.mailinator.com/' successfully

2023-03-01 14:14:00 - [MESSAGE][PASSED] - Navigate to 'https://www.mailinator.com/' successfully

2023-03-01 14:14:00 - [TEST_STEP][PASSED] - delay(3): Delayed 3 second(s)

2023-03-01 14:14:03 - [MESSAGE][PASSED] - Delayed 3 second(s)

2023-03-01 14:14:03 - [TEST_STEP][PASSED] - setText(findTestObject("00-Signup and Activation/zMailinator/input_LOGIN_search"), "autotester04@mailinator.com"): Text 'autotester04@mailinator.com' is set on object 'Object Repository/00-Signup and Activation/zMailinator/input_LOGIN_search'

2023-03-01 14:14:04 - [MESSAGE][PASSED] - Text 'autotester04@mailinator.com' is set on object 'Object Repository/00-Signup and Activation/zMailinator/input_LOGIN_search'

2023-03-01 14:14:04 - [TEST_STEP][PASSED] - click(findTestObject("00-Signup and Activation/zMailinator/gobutton"), STOP_ON_FAILURE): Object: 'Object Repository/00-Signup and Activation/zMailinator/gobutton' is clicked on

2023-03-01 14:14:07 - [MESSAGE][PASSED] - Object: 'Object Repository/00-Signup and Activation/zMailinator/gobutton' is clicked on

2023-03-01 14:14:07 - [TEST_STEP][PASSED] - delay(3): Delayed 3 second(s)

2023-03-01 14:14:10 - [MESSAGE][PASSED] - Delayed 3 second(s)

2023-03-01 14:14:10 - [TEST_STEP][PASSED] - closeWindowTitle("Everleagues"): Window with title: 'Everleagues' is closed

2023-03-01 14:14:10 - [MESSAGE][PASSED] - Window with title: 'Everleagues' is closed

2023-03-01 14:14:10 - [TEST_STEP][PASSED] - switchToWindowIndex(0): Switched to window with index: '0'

2023-03-01 14:14:10 - [MESSAGE][PASSED] - Switched to window with index: '0'

2023-03-01 14:14:10 - [TEST_STEP][PASSED] - click(findTestObject("09-Settings/Users/Co worker/td_Invitation from GG Automation")): Object: 'Object Repository/09-Settings/Users/Co worker/td_Invitation from GG Automation' is clicked on

2023-03-01 14:14:11 - [MESSAGE][PASSED] - Object: 'Object Repository/09-Settings/Users/Co worker/td_Invitation from GG Automation' is clicked on

2023-03-01 14:14:11 - [TEST_STEP][PASSED] - click(findTestObject("09-Settings/Users/Co worker/a_Click here to join GG Automation on EverLeagues")): Object: 'Object Repository/09-Settings/Users/Co worker/a_Click here to join GG Automation on EverLeagues' is clicked on

2023-03-01 14:14:13 - [MESSAGE][PASSED] - Object: 'Object Repository/09-Settings/Users/Co worker/a_Click here to join GG Automation on EverLeagues' is clicked on

2023-03-01 14:14:13 - [TEST_STEP][PASSED] - closeWindowTitle("Mailinator"): Window with title: 'Mailinator' is closed

2023-03-01 14:14:13 - [MESSAGE][PASSED] - Window with title: 'Mailinator' is closed

2023-03-01 14:14:13 - [TEST_STEP][PASSED] - switchToWindowIndex(0): Switched to window with index: '0'

2023-03-01 14:14:13 - [MESSAGE][PASSED] - Switched to window with index: '0'

2023-03-01 14:14:13 - [TEST_STEP][PASSED] - verifyElementVisible(findTestObject("09-Settings/Users/Co worker/Logout before proceed modal")): Object 'Object Repository/09-Settings/Users/Co worker/Logout before proceed modal' is visible

2023-03-01 14:14:36 - [MESSAGE][PASSED] - Object 'Object Repository/09-Settings/Users/Co worker/Logout before proceed modal' is visible

2023-03-01 14:14:36 - [TEST_STEP][PASSED] - click(findTestObject("09-Settings/Users/Co worker/button_Yes")): Object: 'Object Repository/09-Settings/Users/Co worker/button_Yes' is clicked on

2023-03-01 14:14:37 - [MESSAGE][PASSED] - Object: 'Object Repository/09-Settings/Users/Co worker/button_Yes' is clicked on

2023-03-01 14:14:37 - [TEST_STEP][PASSED] - delay(3): Delayed 3 second(s)

2023-03-01 14:14:40 - [MESSAGE][PASSED] - Delayed 3 second(s)

2023-03-01 14:14:40 - [TEST_STEP][PASSED] - setText(findTestObject("09-Settings/Users/input_email"), "autotester04@mailinator.com"): Text 'autotester04@mailinator.com' is set on object 'Object Repository/09-Settings/Users/input_email'

2023-03-01 14:14:42 - [MESSAGE][PASSED] - Text 'autotester04@mailinator.com' is set on object 'Object Repository/09-Settings/Users/input_email'

2023-03-01 14:14:42 - [TEST_STEP][PASSED] - setEncryptedText(findTestObject("09-Settings/Users/Co worker/input_password"), "8yFRyszE6U6jvsCn51OQbg=="): Text ****** has been set on object 'Object Repository/09-Settings/Users/Co worker/input_password'

2023-03-01 14:14:43 - [MESSAGE][PASSED] - Text ****** has been set on object 'Object Repository/09-Settings/Users/Co worker/input_password'

2023-03-01 14:14:43 - [TEST_STEP][PASSED] - click(findTestObject("02-Side Icons(Organization)/Add Contact/button_Sign in")): Object: 'Object Repository/02-Side Icons(Organization)/Add Contact/button_Sign in' is clicked on

2023-03-01 14:14:44 - [MESSAGE][PASSED] - Object: 'Object Repository/02-Side Icons(Organization)/Add Contact/button_Sign in' is clicked on

2023-03-01 14:14:44 - [TEST_STEP][PASSED] - delay(2): Delayed 2 second(s)

2023-03-01 14:14:46 - [MESSAGE][PASSED] - Delayed 2 second(s)

2023-03-01 14:14:46 - [TEST_STEP][PASSED] - click(findTestObject("06-Teams/For 2FA/button_Confirm_2FA")): Object: 'Object Repository/06-Teams/For 2FA/button_Confirm_2FA' is clicked on

2023-03-01 14:14:46 - [MESSAGE][PASSED] - Object: 'Object Repository/06-Teams/For 2FA/button_Confirm_2FA' is clicked on

2023-03-01 14:14:46 - [TEST_STEP][PASSED] - executeJavaScript("window.open();", []): Execute JavaScript 'window.open();' successfully

2023-03-01 14:14:47 - [MESSAGE][PASSED] - Execute JavaScript 'window.open();' successfully

2023-03-01 14:14:47 - [TEST_STEP][PASSED] - currentWindow = getWindowIndex(): Current window's index is: 0

2023-03-01 14:14:47 - [MESSAGE][PASSED] - Current window's index is: 0

2023-03-01 14:14:47 - [TEST_STEP][PASSED] - delay(3): Delayed 3 second(s)

2023-03-01 14:14:50 - [MESSAGE][PASSED] - Delayed 3 second(s)

2023-03-01 14:14:50 - [TEST_STEP][PASSED] - switchToWindowIndex(currentWindow + 1): Switched to window with index: '1'

2023-03-01 14:14:50 - [MESSAGE][PASSED] - Switched to window with index: '1'

2023-03-01 14:14:50 - [TEST_STEP][PASSED] - navigateToUrl("https://www.mailinator.com/"): Navigate to 'https://www.mailinator.com/' successfully

2023-03-01 14:14:54 - [MESSAGE][PASSED] - Navigate to 'https://www.mailinator.com/' successfully

2023-03-01 14:14:54 - [TEST_STEP][PASSED] - delay(3): Delayed 3 second(s)

2023-03-01 14:14:57 - [MESSAGE][PASSED] - Delayed 3 second(s)

2023-03-01 14:14:57 - [TEST_STEP][PASSED] - setText(findTestObject("00-Signup and Activation/zMailinator/input_LOGIN_search"), "autotester04@mailinator.com"): Text 'autotester04@mailinator.com' is set on object 'Object Repository/00-Signup and Activation/zMailinator/input_LOGIN_search'

2023-03-01 14:14:58 - [MESSAGE][PASSED] - Text 'autotester04@mailinator.com' is set on object 'Object Repository/00-Signup and Activation/zMailinator/input_LOGIN_search'

2023-03-01 14:14:58 - [TEST_STEP][PASSED] - click(findTestObject("00-Signup and Activation/zMailinator/gobutton"), STOP_ON_FAILURE): Object: 'Object Repository/00-Signup and Activation/zMailinator/gobutton' is clicked on

2023-03-01 14:15:02 - [MESSAGE][PASSED] - Object: 'Object Repository/00-Signup and Activation/zMailinator/gobutton' is clicked on

2023-03-01 14:15:02 - [TEST_STEP][PASSED] - delay(3): Delayed 3 second(s)

2023-03-01 14:15:05 - [MESSAGE][PASSED] - Delayed 3 second(s)

2023-03-01 14:15:05 - [TEST_STEP][PASSED] - click(findTestObject("00-Signup and Activation/zMailinator/Email - everleagues")): Object: 'Object Repository/00-Signup and Activation/zMailinator/Email - everleagues' is clicked on

2023-03-01 14:15:05 - [MESSAGE][PASSED] - Object: 'Object Repository/00-Signup and Activation/zMailinator/Email - everleagues' is clicked on

2023-03-01 14:15:05 - [TEST_STEP][PASSED] - delay(3): Delayed 3 second(s)

2023-03-01 14:15:08 - [MESSAGE][PASSED] - Delayed 3 second(s)

2023-03-01 14:15:08 - [TEST_STEP][PASSED] - codetwo = getText(findTestObject("Object Repository/06-Teams/For 2FA/2FA code")): Text of object 'Object Repository/06-Teams/For 2FA/2FA code' is: '830298'

2023-03-01 14:15:09 - [MESSAGE][PASSED] - Text of object 'Object Repository/06-Teams/For 2FA/2FA code' is: '830298'

2023-03-01 14:15:09 - [TEST_STEP][PASSED] - delay(3): Delayed 3 second(s)

2023-03-01 14:15:12 - [MESSAGE][PASSED] - Delayed 3 second(s)

2023-03-01 14:15:12 - [TEST_STEP][PASSED] - closeWindowTitle("Mailinator"): Window with title: 'Mailinator' is closed

2023-03-01 14:15:13 - [MESSAGE][PASSED] - Window with title: 'Mailinator' is closed

2023-03-01 14:15:13 - [TEST_STEP][PASSED] - delay(3): Delayed 3 second(s)

2023-03-01 14:15:16 - [MESSAGE][PASSED] - Delayed 3 second(s)

2023-03-01 14:15:16 - [TEST_STEP][PASSED] - switchToWindowIndex(0): Switched to window with index: '0'

2023-03-01 14:15:16 - [MESSAGE][PASSED] - Switched to window with index: '0'

2023-03-01 14:15:16 - [TEST_STEP][PASSED] - delay(3): Delayed 3 second(s)

2023-03-01 14:15:19 - [MESSAGE][PASSED] - Delayed 3 second(s)

2023-03-01 14:15:19 - [TEST_STEP][PASSED] - setText(findTestObject("Object Repository/06-Teams/For 2FA/input_Enter verification code_code"), codetwo): Text '830298' is set on object 'Object Repository/06-Teams/For 2FA/input_Enter verification code_code'

2023-03-01 14:15:21 - [MESSAGE][PASSED] - Text '830298' is set on object 'Object Repository/06-Teams/For 2FA/input_Enter verification code_code'

2023-03-01 14:15:21 - [TEST_STEP][PASSED] - delay(3): Delayed 3 second(s)

2023-03-01 14:15:24 - [MESSAGE][PASSED] - Delayed 3 second(s)

2023-03-01 14:15:24 - [TEST_STEP][PASSED] - click(findTestObject("06-Teams/For 2FA/button_Verify_2FA")): Object: 'Object Repository/06-Teams/For 2FA/button_Verify_2FA' is clicked on

2023-03-01 14:15:26 - [MESSAGE][PASSED] - Object: 'Object Repository/06-Teams/For 2FA/button_Verify_2FA' is clicked on

2023-03-01 14:15:26 - [TEST_STEP][PASSED] - delay(5): Delayed 5 second(s)

2023-03-01 14:15:31 - [MESSAGE][PASSED] - Delayed 5 second(s)

2023-03-01 14:15:31 - [TEST_STEP][PASSED] - executeJavaScript("window.open();", []): Execute JavaScript 'window.open();' successfully

2023-03-01 14:15:32 - [MESSAGE][PASSED] - Execute JavaScript 'window.open();' successfully

2023-03-01 14:15:32 - [TEST_STEP][PASSED] - currentWindow = getWindowIndex(): Current window's index is: 0

2023-03-01 14:15:32 - [MESSAGE][PASSED] - Current window's index is: 0

2023-03-01 14:15:32 - [TEST_STEP][PASSED] - delay(3): Delayed 3 second(s)

2023-03-01 14:15:35 - [MESSAGE][PASSED] - Delayed 3 second(s)

2023-03-01 14:15:35 - [TEST_STEP][PASSED] - switchToWindowIndex(currentWindow + 1): Switched to window with index: '1'

2023-03-01 14:15:35 - [MESSAGE][PASSED] - Switched to window with index: '1'

2023-03-01 14:15:35 - [TEST_STEP][PASSED] - navigateToUrl("https://www.mailinator.com/"): Navigate to 'https://www.mailinator.com/' successfully

2023-03-01 14:15:40 - [MESSAGE][PASSED] - Navigate to 'https://www.mailinator.com/' successfully

2023-03-01 14:15:40 - [TEST_STEP][PASSED] - delay(3): Delayed 3 second(s)

2023-03-01 14:15:43 - [MESSAGE][PASSED] - Delayed 3 second(s)

2023-03-01 14:15:43 - [TEST_STEP][PASSED] - setText(findTestObject("00-Signup and Activation/zMailinator/input_LOGIN_search"), "autotester04@mailinator.com"): Text 'autotester04@mailinator.com' is set on object 'Object Repository/00-Signup and Activation/zMailinator/input_LOGIN_search'

2023-03-01 14:15:44 - [MESSAGE][PASSED] - Text 'autotester04@mailinator.com' is set on object 'Object Repository/00-Signup and Activation/zMailinator/input_LOGIN_search'

2023-03-01 14:15:44 - [TEST_STEP][PASSED] - click(findTestObject("00-Signup and Activation/zMailinator/gobutton"), STOP_ON_FAILURE): Object: 'Object Repository/00-Signup and Activation/zMailinator/gobutton' is clicked on

2023-03-01 14:15:46 - [MESSAGE][PASSED] - Object: 'Object Repository/00-Signup and Activation/zMailinator/gobutton' is clicked on

2023-03-01 14:15:46 - [TEST_STEP][PASSED] - delay(3): Delayed 3 second(s)

2023-03-01 14:15:49 - [MESSAGE][PASSED] - Delayed 3 second(s)

2023-03-01 14:15:49 - [TEST_STEP][PASSED] - closeWindowTitle("Everleagues"): Window with title: 'Everleagues' is closed

2023-03-01 14:15:50 - [MESSAGE][PASSED] - Window with title: 'Everleagues' is closed

2023-03-01 14:15:50 - [TEST_STEP][PASSED] - switchToWindowIndex(0): Switched to window with index: '0'

2023-03-01 14:15:50 - [MESSAGE][PASSED] - Switched to window with index: '0'

2023-03-01 14:15:50 - [TEST_STEP][PASSED] - click(findTestObject("09-Settings/Users/Co worker/td_Invitation from GG Automation")): Object: 'Object Repository/09-Settings/Users/Co worker/td_Invitation from GG Automation' is clicked on

2023-03-01 14:15:51 - [MESSAGE][PASSED] - Object: 'Object Repository/09-Settings/Users/Co worker/td_Invitation from GG Automation' is clicked on

2023-03-01 14:15:51 - [TEST_STEP][PASSED] - click(findTestObject("09-Settings/Users/Co worker/a_Click here to join GG Automation on EverLeagues")): Object: 'Object Repository/09-Settings/Users/Co worker/a_Click here to join GG Automation on EverLeagues' is clicked on

2023-03-01 14:15:52 - [MESSAGE][PASSED] - Object: 'Object Repository/09-Settings/Users/Co worker/a_Click here to join GG Automation on EverLeagues' is clicked on

2023-03-01 14:15:52 - [TEST_STEP][PASSED] - delay(3): Delayed 3 second(s)

2023-03-01 14:15:55 - [MESSAGE][PASSED] - Delayed 3 second(s)

2023-03-01 14:15:55 - [TEST_STEP][PASSED] - closeWindowTitle("Mailinator"): Window with title: 'Mailinator' is closed

2023-03-01 14:16:02 - [MESSAGE][PASSED] - Window with title: 'Mailinator' is closed

2023-03-01 14:16:02 - [TEST_STEP][PASSED] - switchToWindowIndex(0): Switched to window with index: '0'

2023-03-01 14:16:02 - [MESSAGE][PASSED] - Switched to window with index: '0'

2023-03-01 14:16:02 - [TEST_STEP][PASSED] - verifyElementVisible(findTestObject("09-Settings/Users/Co worker/Invite modal")): Object 'Object Repository/09-Settings/Users/Co worker/Invite modal' is visible

2023-03-01 14:16:12 - [MESSAGE][PASSED] - Object 'Object Repository/09-Settings/Users/Co worker/Invite modal' is visible

2023-03-01 14:16:12 - [TEST_STEP][PASSED] - click(findTestObject("09-Settings/Users/Co worker/button_Accept")): Object: 'Object Repository/09-Settings/Users/Co worker/button_Accept' is clicked on

2023-03-01 14:16:13 - [MESSAGE][PASSED] - Object: 'Object Repository/09-Settings/Users/Co worker/button_Accept' is clicked on

2023-03-01 14:16:13 - [TEST_STEP][PASSED] - delay(5): Delayed 5 second(s)

2023-03-01 14:16:18 - [MESSAGE][PASSED] - Delayed 5 second(s)

2023-03-01 14:16:18 - [TEST_STEP][PASSED] - verifyElementVisible(findTestObject("09-Settings/Users/Co worker/div_Joined as CoWorker")): Object 'Object Repository/09-Settings/Users/Co worker/div_Joined as CoWorker' is visible

2023-03-01 14:16:22 - [MESSAGE][PASSED] - Object 'Object Repository/09-Settings/Users/Co worker/div_Joined as CoWorker' is visible

2023-03-01 14:16:22 - [TEST_STEP][PASSED] - closeBrowser(): Browser is closed

2023-03-01 14:16:24 - [MESSAGE][PASSED] - Browser is closed]]></system-out>
         <system-err><![CDATA[]]></system-err>
      </testcase>
      <testcase name="Test Cases/09-Settings/03 - Users (Invite new user as client)" time="499.149" classname="Test Cases/09-Settings/03 - Users (Invite new user as client)" status="PASSED">
         <system-out><![CDATA[2023-03-01 14:16:24 - [TEST_CASE][PASSED] - Test Cases/09-Settings/03 - Users (Invite new user as client): Test Cases/09-Settings/03 - Users (Invite new user as client)

2023-03-01 14:16:26 - [TEST_STEP][PASSED] - openBrowser(""): Browser is opened with url: ''

2023-03-01 14:16:26 - [MESSAGE][INFO] - Starting 'Chrome' driver

2023-03-01 14:16:26 - [MESSAGE][INFO] - Action delay is set to 0 milliseconds

2023-03-01 14:16:28 - [MESSAGE][PASSED] - Browser is opened with url: ''

2023-03-01 14:16:28 - [TEST_STEP][PASSED] - navigateToUrl("https://lab.everleagues.com/"): Navigate to 'https://lab.everleagues.com/' successfully

2023-03-01 14:17:47 - [MESSAGE][PASSED] - Navigate to 'https://lab.everleagues.com/' successfully

2023-03-01 14:17:47 - [TEST_STEP][PASSED] - maximizeWindow(): Current window maximized

2023-03-01 14:17:47 - [MESSAGE][PASSED] - Current window maximized

2023-03-01 14:17:47 - [TEST_STEP][PASSED] - callTestCase(findTestCase("01-Login and Forgot Password/04-Login(Valid Credentials-With Subscription)"), [:], STOP_ON_FAILURE): Call Test Case 'Test Cases/01-Login and Forgot Password/04-Login(Valid Credentials-With Subscription)' successfully

2023-03-01 14:17:47 - [TEST_CASE][PASSED] - Test Cases/01-Login and Forgot Password/04-Login(Valid Credentials-With Subscription): Test Cases/01-Login and Forgot Password/04-Login(Valid Credentials-With Subscription)

2023-03-01 14:17:47 - [TEST_STEP][PASSED] - setText(findTestObject("01-Login and Forgot Password/input_Email_email"), "testuser02@mailinator.com"): Text 'testuser02@mailinator.com' is set on object 'Object Repository/01-Login and Forgot Password/input_Email_email'

2023-03-01 14:17:49 - [MESSAGE][PASSED] - Text 'testuser02@mailinator.com' is set on object 'Object Repository/01-Login and Forgot Password/input_Email_email'

2023-03-01 14:17:49 - [TEST_STEP][PASSED] - setEncryptedText(findTestObject("01-Login and Forgot Password/input_Email_password"), "8yFRyszE6U6jvsCn51OQbg=="): Text ****** has been set on object 'Object Repository/01-Login and Forgot Password/input_Email_password'

2023-03-01 14:17:50 - [MESSAGE][PASSED] - Text ****** has been set on object 'Object Repository/01-Login and Forgot Password/input_Email_password'

2023-03-01 14:17:50 - [TEST_STEP][PASSED] - delay(2): Delayed 2 second(s)

2023-03-01 14:17:52 - [MESSAGE][PASSED] - Delayed 2 second(s)

2023-03-01 14:17:52 - [TEST_STEP][PASSED] - click(findTestObject("01-Login and Forgot Password/show pass button")): Object: 'Object Repository/01-Login and Forgot Password/show pass button' is clicked on

2023-03-01 14:17:53 - [MESSAGE][PASSED] - Object: 'Object Repository/01-Login and Forgot Password/show pass button' is clicked on

2023-03-01 14:17:53 - [TEST_STEP][PASSED] - delay(3): Delayed 3 second(s)

2023-03-01 14:17:56 - [MESSAGE][PASSED] - Delayed 3 second(s)

2023-03-01 14:17:56 - [TEST_STEP][PASSED] - click(findTestObject("01-Login and Forgot Password/button_Sign in")): Object: 'Object Repository/01-Login and Forgot Password/button_Sign in' is clicked on

2023-03-01 14:17:57 - [MESSAGE][PASSED] - Object: 'Object Repository/01-Login and Forgot Password/button_Sign in' is clicked on

2023-03-01 14:17:57 - [TEST_STEP][PASSED] - delay(3): Delayed 3 second(s)

2023-03-01 14:18:00 - [MESSAGE][PASSED] - Delayed 3 second(s)

2023-03-01 14:18:00 - [TEST_STEP][PASSED] - click(findTestObject("06-Teams/For 2FA/button_Confirm_2FA")): Object: 'Object Repository/06-Teams/For 2FA/button_Confirm_2FA' is clicked on

2023-03-01 14:18:01 - [MESSAGE][PASSED] - Object: 'Object Repository/06-Teams/For 2FA/button_Confirm_2FA' is clicked on

2023-03-01 14:18:01 - [TEST_STEP][PASSED] - executeJavaScript("window.open();", []): Execute JavaScript 'window.open();' successfully

2023-03-01 14:18:01 - [MESSAGE][PASSED] - Execute JavaScript 'window.open();' successfully

2023-03-01 14:18:01 - [TEST_STEP][PASSED] - currentWindow = getWindowIndex(): Current window's index is: 0

2023-03-01 14:18:01 - [MESSAGE][PASSED] - Current window's index is: 0

2023-03-01 14:18:01 - [TEST_STEP][PASSED] - delay(3): Delayed 3 second(s)

2023-03-01 14:18:04 - [MESSAGE][PASSED] - Delayed 3 second(s)

2023-03-01 14:18:04 - [TEST_STEP][PASSED] - switchToWindowIndex(currentWindow + 1): Switched to window with index: '1'

2023-03-01 14:18:04 - [MESSAGE][PASSED] - Switched to window with index: '1'

2023-03-01 14:18:04 - [TEST_STEP][PASSED] - navigateToUrl("https://www.mailinator.com/"): Navigate to 'https://www.mailinator.com/' successfully

2023-03-01 14:18:11 - [MESSAGE][PASSED] - Navigate to 'https://www.mailinator.com/' successfully

2023-03-01 14:18:11 - [TEST_STEP][PASSED] - delay(3): Delayed 3 second(s)

2023-03-01 14:18:14 - [MESSAGE][PASSED] - Delayed 3 second(s)

2023-03-01 14:18:14 - [TEST_STEP][PASSED] - setText(findTestObject("00-Signup and Activation/zMailinator/input_LOGIN_search"), "testuser02@mailinator.com"): Text 'testuser02@mailinator.com' is set on object 'Object Repository/00-Signup and Activation/zMailinator/input_LOGIN_search'

2023-03-01 14:18:16 - [MESSAGE][PASSED] - Text 'testuser02@mailinator.com' is set on object 'Object Repository/00-Signup and Activation/zMailinator/input_LOGIN_search'

2023-03-01 14:18:16 - [TEST_STEP][PASSED] - click(findTestObject("00-Signup and Activation/zMailinator/gobutton"), STOP_ON_FAILURE): Object: 'Object Repository/00-Signup and Activation/zMailinator/gobutton' is clicked on

2023-03-01 14:18:19 - [MESSAGE][PASSED] - Object: 'Object Repository/00-Signup and Activation/zMailinator/gobutton' is clicked on

2023-03-01 14:18:19 - [TEST_STEP][PASSED] - delay(3): Delayed 3 second(s)

2023-03-01 14:18:22 - [MESSAGE][PASSED] - Delayed 3 second(s)

2023-03-01 14:18:22 - [TEST_STEP][PASSED] - click(findTestObject("00-Signup and Activation/zMailinator/Email - everleagues")): Object: 'Object Repository/00-Signup and Activation/zMailinator/Email - everleagues' is clicked on

2023-03-01 14:18:22 - [MESSAGE][PASSED] - Object: 'Object Repository/00-Signup and Activation/zMailinator/Email - everleagues' is clicked on

2023-03-01 14:18:22 - [TEST_STEP][PASSED] - delay(3): Delayed 3 second(s)

2023-03-01 14:18:25 - [MESSAGE][PASSED] - Delayed 3 second(s)

2023-03-01 14:18:25 - [TEST_STEP][PASSED] - code = getText(findTestObject("Object Repository/06-Teams/For 2FA/2FA code")): Text of object 'Object Repository/06-Teams/For 2FA/2FA code' is: '627837'

2023-03-01 14:18:26 - [MESSAGE][PASSED] - Text of object 'Object Repository/06-Teams/For 2FA/2FA code' is: '627837'

2023-03-01 14:18:26 - [TEST_STEP][PASSED] - delay(3): Delayed 3 second(s)

2023-03-01 14:18:29 - [MESSAGE][PASSED] - Delayed 3 second(s)

2023-03-01 14:18:29 - [TEST_STEP][PASSED] - closeWindowTitle("Mailinator"): Window with title: 'Mailinator' is closed

2023-03-01 14:18:30 - [MESSAGE][PASSED] - Window with title: 'Mailinator' is closed

2023-03-01 14:18:30 - [TEST_STEP][PASSED] - delay(3): Delayed 3 second(s)

2023-03-01 14:18:33 - [MESSAGE][PASSED] - Delayed 3 second(s)

2023-03-01 14:18:33 - [TEST_STEP][PASSED] - switchToWindowIndex(0): Switched to window with index: '0'

2023-03-01 14:18:33 - [MESSAGE][PASSED] - Switched to window with index: '0'

2023-03-01 14:18:33 - [TEST_STEP][PASSED] - delay(3): Delayed 3 second(s)

2023-03-01 14:18:36 - [MESSAGE][PASSED] - Delayed 3 second(s)

2023-03-01 14:18:36 - [TEST_STEP][PASSED] - setText(findTestObject("Object Repository/06-Teams/For 2FA/input_Enter verification code_code"), code): Text '627837' is set on object 'Object Repository/06-Teams/For 2FA/input_Enter verification code_code'

2023-03-01 14:18:37 - [MESSAGE][PASSED] - Text '627837' is set on object 'Object Repository/06-Teams/For 2FA/input_Enter verification code_code'

2023-03-01 14:18:37 - [TEST_STEP][PASSED] - delay(3): Delayed 3 second(s)

2023-03-01 14:18:40 - [MESSAGE][PASSED] - Delayed 3 second(s)

2023-03-01 14:18:40 - [TEST_STEP][PASSED] - click(findTestObject("06-Teams/For 2FA/button_Verify_2FA")): Object: 'Object Repository/06-Teams/For 2FA/button_Verify_2FA' is clicked on

2023-03-01 14:18:41 - [MESSAGE][PASSED] - Object: 'Object Repository/06-Teams/For 2FA/button_Verify_2FA' is clicked on

2023-03-01 14:18:41 - [TEST_STEP][PASSED] - delay(3): Delayed 3 second(s)

2023-03-01 14:18:44 - [MESSAGE][PASSED] - Delayed 3 second(s)

2023-03-01 14:18:44 - [MESSAGE][PASSED] - Call Test Case 'Test Cases/01-Login and Forgot Password/04-Login(Valid Credentials-With Subscription)' successfully

2023-03-01 14:18:44 - [TEST_STEP][PASSED] - click(findTestObject("06-Teams/button_doublearrow")): Object: 'Object Repository/06-Teams/button_doublearrow' is clicked on

2023-03-01 14:18:48 - [MESSAGE][PASSED] - Object: 'Object Repository/06-Teams/button_doublearrow' is clicked on

2023-03-01 14:18:48 - [TEST_STEP][PASSED] - click(findTestObject("06-Teams/button_My Organizations")): Object: 'Object Repository/06-Teams/button_My Organizations' is clicked on

2023-03-01 14:18:49 - [MESSAGE][PASSED] - Object: 'Object Repository/06-Teams/button_My Organizations' is clicked on

2023-03-01 14:18:49 - [TEST_STEP][PASSED] - click(findTestObject("06-Teams/button_GG Automation")): Object: 'Object Repository/06-Teams/button_GG Automation' is clicked on

2023-03-01 14:18:50 - [MESSAGE][PASSED] - Object: 'Object Repository/06-Teams/button_GG Automation' is clicked on

2023-03-01 14:18:50 - [TEST_STEP][PASSED] - delay(4): Delayed 4 second(s)

2023-03-01 14:18:54 - [MESSAGE][PASSED] - Delayed 4 second(s)

2023-03-01 14:18:54 - [TEST_STEP][PASSED] - verifyElementVisible(findTestObject("06-Teams/span_GG Automation")): Object 'Object Repository/06-Teams/span_GG Automation' is visible

2023-03-01 14:18:55 - [MESSAGE][PASSED] - Object 'Object Repository/06-Teams/span_GG Automation' is visible

2023-03-01 14:18:55 - [TEST_STEP][PASSED] - delay(5): Delayed 5 second(s)

2023-03-01 14:19:00 - [MESSAGE][PASSED] - Delayed 5 second(s)

2023-03-01 14:19:00 - [TEST_STEP][PASSED] - click(findTestObject("03-Header Menu/Hamburger Button/div_Settings")): Object: 'Object Repository/03-Header Menu/Hamburger Button/div_Settings' is clicked on

2023-03-01 14:19:01 - [MESSAGE][PASSED] - Object: 'Object Repository/03-Header Menu/Hamburger Button/div_Settings' is clicked on

2023-03-01 14:19:01 - [TEST_STEP][PASSED] - delay(3): Delayed 3 second(s)

2023-03-01 14:19:04 - [MESSAGE][PASSED] - Delayed 3 second(s)

2023-03-01 14:19:04 - [TEST_STEP][PASSED] - scrollToElement(findTestObject("09-Settings/Users/div_Users"), 0): Scroll to object 'Object Repository/09-Settings/Users/div_Users' successfully

2023-03-01 14:19:04 - [MESSAGE][WARNING] - Timeout '0' is invalid. Using default page load timeout: '30'

2023-03-01 14:19:04 - [MESSAGE][PASSED] - Scroll to object 'Object Repository/09-Settings/Users/div_Users' successfully

2023-03-01 14:19:04 - [TEST_STEP][PASSED] - click(findTestObject("09-Settings/Users/div_Users")): Object: 'Object Repository/09-Settings/Users/div_Users' is clicked on

2023-03-01 14:19:07 - [MESSAGE][PASSED] - Object: 'Object Repository/09-Settings/Users/div_Users' is clicked on

2023-03-01 14:19:07 - [TEST_STEP][PASSED] - delay(3): Delayed 3 second(s)

2023-03-01 14:19:10 - [MESSAGE][PASSED] - Delayed 3 second(s)

2023-03-01 14:19:10 - [TEST_STEP][PASSED] - click(findTestObject("09-Settings/Users/button_add")): Object: 'Object Repository/09-Settings/Users/button_add' is clicked on

2023-03-01 14:19:10 - [MESSAGE][PASSED] - Object: 'Object Repository/09-Settings/Users/button_add' is clicked on

2023-03-01 14:19:10 - [TEST_STEP][PASSED] - delay(3): Delayed 3 second(s)

2023-03-01 14:19:14 - [MESSAGE][PASSED] - Delayed 3 second(s)

2023-03-01 14:19:14 - [TEST_STEP][PASSED] - click(findTestObject("09-Settings/Users/add Invite a single user")): Object: 'Object Repository/09-Settings/Users/add Invite a single user' is clicked on

2023-03-01 14:19:14 - [MESSAGE][PASSED] - Object: 'Object Repository/09-Settings/Users/add Invite a single user' is clicked on

2023-03-01 14:19:14 - [TEST_STEP][PASSED] - delay(3): Delayed 3 second(s)

2023-03-01 14:19:17 - [MESSAGE][PASSED] - Delayed 3 second(s)

2023-03-01 14:19:17 - [TEST_STEP][PASSED] - setText(findTestObject("09-Settings/Users/input_email"), "autotester09@mailinator.com"): Text 'autotester09@mailinator.com' is set on object 'Object Repository/09-Settings/Users/input_email'

2023-03-01 14:19:20 - [MESSAGE][PASSED] - Text 'autotester09@mailinator.com' is set on object 'Object Repository/09-Settings/Users/input_email'

2023-03-01 14:19:20 - [TEST_STEP][PASSED] - setText(findTestObject("09-Settings/Users/input_firstName"), "GG"): Text 'GG' is set on object 'Object Repository/09-Settings/Users/input_firstName'

2023-03-01 14:19:21 - [MESSAGE][PASSED] - Text 'GG' is set on object 'Object Repository/09-Settings/Users/input_firstName'

2023-03-01 14:19:21 - [TEST_STEP][PASSED] - setText(findTestObject("09-Settings/Users/input_lastName"), "Client"): Text 'Client' is set on object 'Object Repository/09-Settings/Users/input_lastName'

2023-03-01 14:19:23 - [MESSAGE][PASSED] - Text 'Client' is set on object 'Object Repository/09-Settings/Users/input_lastName'

2023-03-01 14:19:23 - [TEST_STEP][PASSED] - click(findTestObject("09-Settings/Users/span_Role")): Object: 'Object Repository/09-Settings/Users/span_Role' is clicked on

2023-03-01 14:19:24 - [MESSAGE][PASSED] - Object: 'Object Repository/09-Settings/Users/span_Role' is clicked on

2023-03-01 14:19:24 - [TEST_STEP][PASSED] - click(findTestObject("09-Settings/Users/span_Client")): Object: 'Object Repository/09-Settings/Users/span_Client' is clicked on

2023-03-01 14:19:25 - [MESSAGE][PASSED] - Object: 'Object Repository/09-Settings/Users/span_Client' is clicked on

2023-03-01 14:19:25 - [TEST_STEP][PASSED] - click(findTestObject("09-Settings/Users/button_Send Invitation")): Object: 'Object Repository/09-Settings/Users/button_Send Invitation' is clicked on

2023-03-01 14:19:26 - [MESSAGE][PASSED] - Object: 'Object Repository/09-Settings/Users/button_Send Invitation' is clicked on

2023-03-01 14:19:26 - [TEST_STEP][PASSED] - delay(2): Delayed 2 second(s)

2023-03-01 14:19:28 - [MESSAGE][PASSED] - Delayed 2 second(s)

2023-03-01 14:19:28 - [TEST_STEP][PASSED] - verifyElementVisible(findTestObject("07-Directory/Connections/zContact Profile/Successfully invited user")): Object 'Object Repository/07-Directory/Connections/zContact Profile/Successfully invited user' is visible

2023-03-01 14:19:30 - [MESSAGE][PASSED] - Object 'Object Repository/07-Directory/Connections/zContact Profile/Successfully invited user' is visible

2023-03-01 14:19:30 - [TEST_STEP][PASSED] - delay(2): Delayed 2 second(s)

2023-03-01 14:19:32 - [MESSAGE][PASSED] - Delayed 2 second(s)

2023-03-01 14:19:32 - [TEST_STEP][PASSED] - click(findTestObject("01-Login and Forgot Password/User menu drop")): Object: 'Object Repository/01-Login and Forgot Password/User menu drop' is clicked on

2023-03-01 14:19:33 - [MESSAGE][PASSED] - Object: 'Object Repository/01-Login and Forgot Password/User menu drop' is clicked on

2023-03-01 14:19:33 - [TEST_STEP][PASSED] - delay(2): Delayed 2 second(s)

2023-03-01 14:19:35 - [MESSAGE][PASSED] - Delayed 2 second(s)

2023-03-01 14:19:35 - [TEST_STEP][PASSED] - click(findTestObject("01-Login and Forgot Password/h4_Sign Out"), STOP_ON_FAILURE): Object: 'Object Repository/01-Login and Forgot Password/h4_Sign Out' is clicked on

2023-03-01 14:19:36 - [MESSAGE][PASSED] - Object: 'Object Repository/01-Login and Forgot Password/h4_Sign Out' is clicked on

2023-03-01 14:19:36 - [TEST_STEP][PASSED] - delay(2): Delayed 2 second(s)

2023-03-01 14:19:38 - [MESSAGE][PASSED] - Delayed 2 second(s)

2023-03-01 14:19:38 - [TEST_STEP][PASSED] - verifyElementPresent(findTestObject("01-Login and Forgot Password/Login_Card"), 0): Object 'Object Repository/01-Login and Forgot Password/Login_Card' is present

2023-03-01 14:19:38 - [MESSAGE][WARNING] - Timeout '0' is invalid. Using default page load timeout: '30'

2023-03-01 14:19:39 - [MESSAGE][PASSED] - Object 'Object Repository/01-Login and Forgot Password/Login_Card' is present

2023-03-01 14:19:39 - [TEST_STEP][PASSED] - delay(3): Delayed 3 second(s)

2023-03-01 14:19:42 - [MESSAGE][PASSED] - Delayed 3 second(s)

2023-03-01 14:19:42 - [TEST_STEP][PASSED] - closeBrowser(): Browser is closed

2023-03-01 14:19:45 - [MESSAGE][PASSED] - Browser is closed

2023-03-01 14:19:45 - [TEST_STEP][PASSED] - openBrowser(""): Browser is opened with url: ''

2023-03-01 14:19:45 - [MESSAGE][INFO] - Starting 'Chrome' driver

2023-03-01 14:19:45 - [MESSAGE][INFO] - Action delay is set to 0 milliseconds

2023-03-01 14:19:47 - [MESSAGE][PASSED] - Browser is opened with url: ''

2023-03-01 14:19:47 - [TEST_STEP][PASSED] - navigateToUrl("https://lab.everleagues.com/"): Navigate to 'https://lab.everleagues.com/' successfully

2023-03-01 14:22:50 - [MESSAGE][PASSED] - Navigate to 'https://lab.everleagues.com/' successfully

2023-03-01 14:22:50 - [TEST_STEP][PASSED] - maximizeWindow(): Current window maximized

2023-03-01 14:22:50 - [MESSAGE][PASSED] - Current window maximized

2023-03-01 14:22:50 - [TEST_STEP][PASSED] - setText(findTestObject("02-Side Icons(Organization)/Add Contact/Email Field"), "autotester09@mailinator.com"): Text 'autotester09@mailinator.com' is set on object 'Object Repository/02-Side Icons(Organization)/Add Contact/Email Field'

2023-03-01 14:22:52 - [MESSAGE][PASSED] - Text 'autotester09@mailinator.com' is set on object 'Object Repository/02-Side Icons(Organization)/Add Contact/Email Field'

2023-03-01 14:22:52 - [TEST_STEP][PASSED] - setEncryptedText(findTestObject("02-Side Icons(Organization)/Add Contact/Password Field"), "8yFRyszE6U6jvsCn51OQbg=="): Text ****** has been set on object 'Object Repository/02-Side Icons(Organization)/Add Contact/Password Field'

2023-03-01 14:22:53 - [MESSAGE][PASSED] - Text ****** has been set on object 'Object Repository/02-Side Icons(Organization)/Add Contact/Password Field'

2023-03-01 14:22:53 - [TEST_STEP][PASSED] - click(findTestObject("02-Side Icons(Organization)/Add Contact/button_Sign in")): Object: 'Object Repository/02-Side Icons(Organization)/Add Contact/button_Sign in' is clicked on

2023-03-01 14:22:53 - [MESSAGE][PASSED] - Object: 'Object Repository/02-Side Icons(Organization)/Add Contact/button_Sign in' is clicked on

2023-03-01 14:22:53 - [TEST_STEP][PASSED] - delay(2): Delayed 2 second(s)

2023-03-01 14:22:56 - [MESSAGE][PASSED] - Delayed 2 second(s)

2023-03-01 14:22:56 - [TEST_STEP][PASSED] - click(findTestObject("06-Teams/For 2FA/button_Confirm_2FA")): Object: 'Object Repository/06-Teams/For 2FA/button_Confirm_2FA' is clicked on

2023-03-01 14:22:56 - [MESSAGE][PASSED] - Object: 'Object Repository/06-Teams/For 2FA/button_Confirm_2FA' is clicked on

2023-03-01 14:22:56 - [TEST_STEP][PASSED] - executeJavaScript("window.open();", []): Execute JavaScript 'window.open();' successfully

2023-03-01 14:22:57 - [MESSAGE][PASSED] - Execute JavaScript 'window.open();' successfully

2023-03-01 14:22:57 - [TEST_STEP][PASSED] - currentWindow = getWindowIndex(): Current window's index is: 0

2023-03-01 14:22:57 - [MESSAGE][PASSED] - Current window's index is: 0

2023-03-01 14:22:57 - [TEST_STEP][PASSED] - delay(3): Delayed 3 second(s)

2023-03-01 14:23:00 - [MESSAGE][PASSED] - Delayed 3 second(s)

2023-03-01 14:23:00 - [TEST_STEP][PASSED] - switchToWindowIndex(currentWindow + 1): Switched to window with index: '1'

2023-03-01 14:23:00 - [MESSAGE][PASSED] - Switched to window with index: '1'

2023-03-01 14:23:00 - [TEST_STEP][PASSED] - navigateToUrl("https://www.mailinator.com/"): Navigate to 'https://www.mailinator.com/' successfully

2023-03-01 14:23:07 - [MESSAGE][PASSED] - Navigate to 'https://www.mailinator.com/' successfully

2023-03-01 14:23:07 - [TEST_STEP][PASSED] - delay(3): Delayed 3 second(s)

2023-03-01 14:23:10 - [MESSAGE][PASSED] - Delayed 3 second(s)

2023-03-01 14:23:10 - [TEST_STEP][PASSED] - setText(findTestObject("00-Signup and Activation/zMailinator/input_LOGIN_search"), "autotester09@mailinator.com"): Text 'autotester09@mailinator.com' is set on object 'Object Repository/00-Signup and Activation/zMailinator/input_LOGIN_search'

2023-03-01 14:23:12 - [MESSAGE][PASSED] - Text 'autotester09@mailinator.com' is set on object 'Object Repository/00-Signup and Activation/zMailinator/input_LOGIN_search'

2023-03-01 14:23:12 - [TEST_STEP][PASSED] - click(findTestObject("00-Signup and Activation/zMailinator/gobutton"), STOP_ON_FAILURE): Object: 'Object Repository/00-Signup and Activation/zMailinator/gobutton' is clicked on

2023-03-01 14:23:14 - [MESSAGE][PASSED] - Object: 'Object Repository/00-Signup and Activation/zMailinator/gobutton' is clicked on

2023-03-01 14:23:14 - [TEST_STEP][PASSED] - delay(3): Delayed 3 second(s)

2023-03-01 14:23:17 - [MESSAGE][PASSED] - Delayed 3 second(s)

2023-03-01 14:23:17 - [TEST_STEP][PASSED] - click(findTestObject("00-Signup and Activation/zMailinator/Email - everleagues")): Object: 'Object Repository/00-Signup and Activation/zMailinator/Email - everleagues' is clicked on

2023-03-01 14:23:18 - [MESSAGE][PASSED] - Object: 'Object Repository/00-Signup and Activation/zMailinator/Email - everleagues' is clicked on

2023-03-01 14:23:18 - [TEST_STEP][PASSED] - delay(3): Delayed 3 second(s)

2023-03-01 14:23:21 - [MESSAGE][PASSED] - Delayed 3 second(s)

2023-03-01 14:23:21 - [TEST_STEP][PASSED] - codetwo = getText(findTestObject("Object Repository/06-Teams/For 2FA/2FA code")): Text of object 'Object Repository/06-Teams/For 2FA/2FA code' is: '479914'

2023-03-01 14:23:22 - [MESSAGE][PASSED] - Text of object 'Object Repository/06-Teams/For 2FA/2FA code' is: '479914'

2023-03-01 14:23:22 - [TEST_STEP][PASSED] - delay(3): Delayed 3 second(s)

2023-03-01 14:23:25 - [MESSAGE][PASSED] - Delayed 3 second(s)

2023-03-01 14:23:25 - [TEST_STEP][PASSED] - closeWindowTitle("Mailinator"): Window with title: 'Mailinator' is closed

2023-03-01 14:23:25 - [MESSAGE][PASSED] - Window with title: 'Mailinator' is closed

2023-03-01 14:23:25 - [TEST_STEP][PASSED] - delay(3): Delayed 3 second(s)

2023-03-01 14:23:28 - [MESSAGE][PASSED] - Delayed 3 second(s)

2023-03-01 14:23:28 - [TEST_STEP][PASSED] - switchToWindowIndex(0): Switched to window with index: '0'

2023-03-01 14:23:28 - [MESSAGE][PASSED] - Switched to window with index: '0'

2023-03-01 14:23:28 - [TEST_STEP][PASSED] - delay(3): Delayed 3 second(s)

2023-03-01 14:23:31 - [MESSAGE][PASSED] - Delayed 3 second(s)

2023-03-01 14:23:31 - [TEST_STEP][PASSED] - setText(findTestObject("Object Repository/06-Teams/For 2FA/input_Enter verification code_code"), codetwo): Text '479914' is set on object 'Object Repository/06-Teams/For 2FA/input_Enter verification code_code'

2023-03-01 14:23:33 - [MESSAGE][PASSED] - Text '479914' is set on object 'Object Repository/06-Teams/For 2FA/input_Enter verification code_code'

2023-03-01 14:23:33 - [TEST_STEP][PASSED] - delay(3): Delayed 3 second(s)

2023-03-01 14:23:36 - [MESSAGE][PASSED] - Delayed 3 second(s)

2023-03-01 14:23:36 - [TEST_STEP][PASSED] - click(findTestObject("06-Teams/For 2FA/button_Verify_2FA")): Object: 'Object Repository/06-Teams/For 2FA/button_Verify_2FA' is clicked on

2023-03-01 14:23:37 - [MESSAGE][PASSED] - Object: 'Object Repository/06-Teams/For 2FA/button_Verify_2FA' is clicked on

2023-03-01 14:23:37 - [TEST_STEP][PASSED] - delay(5): Delayed 5 second(s)

2023-03-01 14:23:42 - [MESSAGE][PASSED] - Delayed 5 second(s)

2023-03-01 14:23:42 - [TEST_STEP][PASSED] - executeJavaScript("window.open();", []): Execute JavaScript 'window.open();' successfully

2023-03-01 14:23:42 - [MESSAGE][PASSED] - Execute JavaScript 'window.open();' successfully

2023-03-01 14:23:42 - [TEST_STEP][PASSED] - currentWindow = getWindowIndex(): Current window's index is: 0

2023-03-01 14:23:42 - [MESSAGE][PASSED] - Current window's index is: 0

2023-03-01 14:23:42 - [TEST_STEP][PASSED] - delay(3): Delayed 3 second(s)

2023-03-01 14:23:45 - [MESSAGE][PASSED] - Delayed 3 second(s)

2023-03-01 14:23:45 - [TEST_STEP][PASSED] - switchToWindowIndex(currentWindow + 1): Switched to window with index: '1'

2023-03-01 14:23:45 - [MESSAGE][PASSED] - Switched to window with index: '1'

2023-03-01 14:23:45 - [TEST_STEP][PASSED] - navigateToUrl("https://www.mailinator.com/"): Navigate to 'https://www.mailinator.com/' successfully

2023-03-01 14:23:50 - [MESSAGE][PASSED] - Navigate to 'https://www.mailinator.com/' successfully

2023-03-01 14:23:50 - [TEST_STEP][PASSED] - delay(3): Delayed 3 second(s)

2023-03-01 14:23:53 - [MESSAGE][PASSED] - Delayed 3 second(s)

2023-03-01 14:23:53 - [TEST_STEP][PASSED] - setText(findTestObject("00-Signup and Activation/zMailinator/input_LOGIN_search"), "autotester09@mailinator.com"): Text 'autotester09@mailinator.com' is set on object 'Object Repository/00-Signup and Activation/zMailinator/input_LOGIN_search'

2023-03-01 14:23:54 - [MESSAGE][PASSED] - Text 'autotester09@mailinator.com' is set on object 'Object Repository/00-Signup and Activation/zMailinator/input_LOGIN_search'

2023-03-01 14:23:54 - [TEST_STEP][PASSED] - click(findTestObject("00-Signup and Activation/zMailinator/gobutton"), STOP_ON_FAILURE): Object: 'Object Repository/00-Signup and Activation/zMailinator/gobutton' is clicked on

2023-03-01 14:23:56 - [MESSAGE][PASSED] - Object: 'Object Repository/00-Signup and Activation/zMailinator/gobutton' is clicked on

2023-03-01 14:23:56 - [TEST_STEP][PASSED] - delay(3): Delayed 3 second(s)

2023-03-01 14:23:59 - [MESSAGE][PASSED] - Delayed 3 second(s)

2023-03-01 14:23:59 - [TEST_STEP][PASSED] - closeWindowTitle("Everleagues"): Window with title: 'Everleagues' is closed

2023-03-01 14:24:00 - [MESSAGE][PASSED] - Window with title: 'Everleagues' is closed

2023-03-01 14:24:00 - [TEST_STEP][PASSED] - switchToWindowIndex(0): Switched to window with index: '0'

2023-03-01 14:24:00 - [MESSAGE][PASSED] - Switched to window with index: '0'

2023-03-01 14:24:00 - [TEST_STEP][PASSED] - click(findTestObject("09-Settings/Users/Co worker/td_Invitation from GG Automation")): Object: 'Object Repository/09-Settings/Users/Co worker/td_Invitation from GG Automation' is clicked on

2023-03-01 14:24:01 - [MESSAGE][PASSED] - Object: 'Object Repository/09-Settings/Users/Co worker/td_Invitation from GG Automation' is clicked on

2023-03-01 14:24:01 - [TEST_STEP][PASSED] - click(findTestObject("09-Settings/Users/Co worker/a_Click here to join GG Automation on EverLeagues")): Object: 'Object Repository/09-Settings/Users/Co worker/a_Click here to join GG Automation on EverLeagues' is clicked on

2023-03-01 14:24:02 - [MESSAGE][PASSED] - Object: 'Object Repository/09-Settings/Users/Co worker/a_Click here to join GG Automation on EverLeagues' is clicked on

2023-03-01 14:24:02 - [TEST_STEP][PASSED] - closeWindowTitle("Mailinator"): Window with title: 'Mailinator' is closed

2023-03-01 14:24:02 - [MESSAGE][PASSED] - Window with title: 'Mailinator' is closed

2023-03-01 14:24:02 - [TEST_STEP][PASSED] - switchToWindowIndex(0): Switched to window with index: '0'

2023-03-01 14:24:02 - [MESSAGE][PASSED] - Switched to window with index: '0'

2023-03-01 14:24:02 - [TEST_STEP][PASSED] - verifyElementVisible(findTestObject("09-Settings/Users/Client/Invite modal")): Object 'Object Repository/09-Settings/Users/Client/Invite modal' is visible

2023-03-01 14:24:24 - [MESSAGE][PASSED] - Object 'Object Repository/09-Settings/Users/Client/Invite modal' is visible

2023-03-01 14:24:24 - [TEST_STEP][PASSED] - setText(findTestObject("09-Settings/Users/Client/Company field"), "QA Company"): Text 'QA Company' is set on object 'Object Repository/09-Settings/Users/Client/Company field'

2023-03-01 14:24:26 - [MESSAGE][PASSED] - Text 'QA Company' is set on object 'Object Repository/09-Settings/Users/Client/Company field'

2023-03-01 14:24:26 - [TEST_STEP][PASSED] - click(findTestObject("09-Settings/Users/Client/button_Accept")): Object: 'Object Repository/09-Settings/Users/Client/button_Accept' is clicked on

2023-03-01 14:24:27 - [MESSAGE][PASSED] - Object: 'Object Repository/09-Settings/Users/Client/button_Accept' is clicked on

2023-03-01 14:24:27 - [TEST_STEP][PASSED] - delay(5): Delayed 5 second(s)

2023-03-01 14:24:32 - [MESSAGE][PASSED] - Delayed 5 second(s)

2023-03-01 14:24:32 - [TEST_STEP][PASSED] - verifyElementVisible(findTestObject("09-Settings/Users/Client/div_Joined as CLIENT")): Object 'Object Repository/09-Settings/Users/Client/div_Joined as CLIENT' is visible

2023-03-01 14:24:38 - [MESSAGE][PASSED] - Object 'Object Repository/09-Settings/Users/Client/div_Joined as CLIENT' is visible

2023-03-01 14:24:38 - [TEST_STEP][PASSED] - delay(3): Delayed 3 second(s)

2023-03-01 14:24:41 - [MESSAGE][PASSED] - Delayed 3 second(s)

2023-03-01 14:24:41 - [TEST_STEP][PASSED] - closeBrowser(): Browser is closed

2023-03-01 14:24:43 - [MESSAGE][PASSED] - Browser is closed]]></system-out>
         <system-err><![CDATA[]]></system-err>
      </testcase>
      <testcase name="Test Cases/09-Settings/04 - Users (Invite new user as partner)" time="446.592" classname="Test Cases/09-Settings/04 - Users (Invite new user as partner)" status="PASSED">
         <system-out><![CDATA[2023-03-01 14:24:43 - [TEST_CASE][PASSED] - Test Cases/09-Settings/04 - Users (Invite new user as partner): Test Cases/09-Settings/04 - Users (Invite new user as partner)

2023-03-01 14:24:45 - [TEST_STEP][PASSED] - openBrowser(""): Browser is opened with url: ''

2023-03-01 14:24:45 - [MESSAGE][INFO] - Starting 'Chrome' driver

2023-03-01 14:24:45 - [MESSAGE][INFO] - Action delay is set to 0 milliseconds

2023-03-01 14:24:47 - [MESSAGE][PASSED] - Browser is opened with url: ''

2023-03-01 14:24:47 - [TEST_STEP][PASSED] - navigateToUrl("https://lab.everleagues.com/"): Navigate to 'https://lab.everleagues.com/' successfully

2023-03-01 14:27:53 - [MESSAGE][PASSED] - Navigate to 'https://lab.everleagues.com/' successfully

2023-03-01 14:27:53 - [TEST_STEP][PASSED] - maximizeWindow(): Current window maximized

2023-03-01 14:27:54 - [MESSAGE][PASSED] - Current window maximized

2023-03-01 14:27:54 - [TEST_STEP][PASSED] - callTestCase(findTestCase("01-Login and Forgot Password/04-Login(Valid Credentials-With Subscription)"), [:], STOP_ON_FAILURE): Call Test Case 'Test Cases/01-Login and Forgot Password/04-Login(Valid Credentials-With Subscription)' successfully

2023-03-01 14:27:54 - [TEST_CASE][PASSED] - Test Cases/01-Login and Forgot Password/04-Login(Valid Credentials-With Subscription): Test Cases/01-Login and Forgot Password/04-Login(Valid Credentials-With Subscription)

2023-03-01 14:27:54 - [TEST_STEP][PASSED] - setText(findTestObject("01-Login and Forgot Password/input_Email_email"), "testuser02@mailinator.com"): Text 'testuser02@mailinator.com' is set on object 'Object Repository/01-Login and Forgot Password/input_Email_email'

2023-03-01 14:27:56 - [MESSAGE][PASSED] - Text 'testuser02@mailinator.com' is set on object 'Object Repository/01-Login and Forgot Password/input_Email_email'

2023-03-01 14:27:56 - [TEST_STEP][PASSED] - setEncryptedText(findTestObject("01-Login and Forgot Password/input_Email_password"), "8yFRyszE6U6jvsCn51OQbg=="): Text ****** has been set on object 'Object Repository/01-Login and Forgot Password/input_Email_password'

2023-03-01 14:27:57 - [MESSAGE][PASSED] - Text ****** has been set on object 'Object Repository/01-Login and Forgot Password/input_Email_password'

2023-03-01 14:27:57 - [TEST_STEP][PASSED] - delay(2): Delayed 2 second(s)

2023-03-01 14:27:59 - [MESSAGE][PASSED] - Delayed 2 second(s)

2023-03-01 14:27:59 - [TEST_STEP][PASSED] - click(findTestObject("01-Login and Forgot Password/show pass button")): Object: 'Object Repository/01-Login and Forgot Password/show pass button' is clicked on

2023-03-01 14:27:59 - [MESSAGE][PASSED] - Object: 'Object Repository/01-Login and Forgot Password/show pass button' is clicked on

2023-03-01 14:27:59 - [TEST_STEP][PASSED] - delay(3): Delayed 3 second(s)

2023-03-01 14:28:03 - [MESSAGE][PASSED] - Delayed 3 second(s)

2023-03-01 14:28:03 - [TEST_STEP][PASSED] - click(findTestObject("01-Login and Forgot Password/button_Sign in")): Object: 'Object Repository/01-Login and Forgot Password/button_Sign in' is clicked on

2023-03-01 14:28:04 - [MESSAGE][PASSED] - Object: 'Object Repository/01-Login and Forgot Password/button_Sign in' is clicked on

2023-03-01 14:28:04 - [TEST_STEP][PASSED] - delay(3): Delayed 3 second(s)

2023-03-01 14:28:07 - [MESSAGE][PASSED] - Delayed 3 second(s)

2023-03-01 14:28:07 - [TEST_STEP][PASSED] - click(findTestObject("06-Teams/For 2FA/button_Confirm_2FA")): Object: 'Object Repository/06-Teams/For 2FA/button_Confirm_2FA' is clicked on

2023-03-01 14:28:08 - [MESSAGE][PASSED] - Object: 'Object Repository/06-Teams/For 2FA/button_Confirm_2FA' is clicked on

2023-03-01 14:28:08 - [TEST_STEP][PASSED] - executeJavaScript("window.open();", []): Execute JavaScript 'window.open();' successfully

2023-03-01 14:28:08 - [MESSAGE][PASSED] - Execute JavaScript 'window.open();' successfully

2023-03-01 14:28:08 - [TEST_STEP][PASSED] - currentWindow = getWindowIndex(): Current window's index is: 0

2023-03-01 14:28:08 - [MESSAGE][PASSED] - Current window's index is: 0

2023-03-01 14:28:08 - [TEST_STEP][PASSED] - delay(3): Delayed 3 second(s)

2023-03-01 14:28:11 - [MESSAGE][PASSED] - Delayed 3 second(s)

2023-03-01 14:28:11 - [TEST_STEP][PASSED] - switchToWindowIndex(currentWindow + 1): Switched to window with index: '1'

2023-03-01 14:28:11 - [MESSAGE][PASSED] - Switched to window with index: '1'

2023-03-01 14:28:11 - [TEST_STEP][PASSED] - navigateToUrl("https://www.mailinator.com/"): Navigate to 'https://www.mailinator.com/' successfully

2023-03-01 14:28:17 - [MESSAGE][PASSED] - Navigate to 'https://www.mailinator.com/' successfully

2023-03-01 14:28:17 - [TEST_STEP][PASSED] - delay(3): Delayed 3 second(s)

2023-03-01 14:28:20 - [MESSAGE][PASSED] - Delayed 3 second(s)

2023-03-01 14:28:20 - [TEST_STEP][PASSED] - setText(findTestObject("00-Signup and Activation/zMailinator/input_LOGIN_search"), "testuser02@mailinator.com"): Text 'testuser02@mailinator.com' is set on object 'Object Repository/00-Signup and Activation/zMailinator/input_LOGIN_search'

2023-03-01 14:28:21 - [MESSAGE][PASSED] - Text 'testuser02@mailinator.com' is set on object 'Object Repository/00-Signup and Activation/zMailinator/input_LOGIN_search'

2023-03-01 14:28:21 - [TEST_STEP][PASSED] - click(findTestObject("00-Signup and Activation/zMailinator/gobutton"), STOP_ON_FAILURE): Object: 'Object Repository/00-Signup and Activation/zMailinator/gobutton' is clicked on

2023-03-01 14:28:24 - [MESSAGE][PASSED] - Object: 'Object Repository/00-Signup and Activation/zMailinator/gobutton' is clicked on

2023-03-01 14:28:24 - [TEST_STEP][PASSED] - delay(3): Delayed 3 second(s)

2023-03-01 14:28:27 - [MESSAGE][PASSED] - Delayed 3 second(s)

2023-03-01 14:28:27 - [TEST_STEP][PASSED] - click(findTestObject("00-Signup and Activation/zMailinator/Email - everleagues")): Object: 'Object Repository/00-Signup and Activation/zMailinator/Email - everleagues' is clicked on

2023-03-01 14:28:27 - [MESSAGE][PASSED] - Object: 'Object Repository/00-Signup and Activation/zMailinator/Email - everleagues' is clicked on

2023-03-01 14:28:27 - [TEST_STEP][PASSED] - delay(3): Delayed 3 second(s)

2023-03-01 14:28:30 - [MESSAGE][PASSED] - Delayed 3 second(s)

2023-03-01 14:28:30 - [TEST_STEP][PASSED] - code = getText(findTestObject("Object Repository/06-Teams/For 2FA/2FA code")): Text of object 'Object Repository/06-Teams/For 2FA/2FA code' is: '370316'

2023-03-01 14:28:31 - [MESSAGE][PASSED] - Text of object 'Object Repository/06-Teams/For 2FA/2FA code' is: '370316'

2023-03-01 14:28:32 - [TEST_STEP][PASSED] - delay(3): Delayed 3 second(s)

2023-03-01 14:28:35 - [MESSAGE][PASSED] - Delayed 3 second(s)

2023-03-01 14:28:35 - [TEST_STEP][PASSED] - closeWindowTitle("Mailinator"): Window with title: 'Mailinator' is closed

2023-03-01 14:28:35 - [MESSAGE][PASSED] - Window with title: 'Mailinator' is closed

2023-03-01 14:28:35 - [TEST_STEP][PASSED] - delay(3): Delayed 3 second(s)

2023-03-01 14:28:38 - [MESSAGE][PASSED] - Delayed 3 second(s)

2023-03-01 14:28:38 - [TEST_STEP][PASSED] - switchToWindowIndex(0): Switched to window with index: '0'

2023-03-01 14:28:38 - [MESSAGE][PASSED] - Switched to window with index: '0'

2023-03-01 14:28:38 - [TEST_STEP][PASSED] - delay(3): Delayed 3 second(s)

2023-03-01 14:28:41 - [MESSAGE][PASSED] - Delayed 3 second(s)

2023-03-01 14:28:41 - [TEST_STEP][PASSED] - setText(findTestObject("Object Repository/06-Teams/For 2FA/input_Enter verification code_code"), code): Text '370316' is set on object 'Object Repository/06-Teams/For 2FA/input_Enter verification code_code'

2023-03-01 14:28:44 - [MESSAGE][PASSED] - Text '370316' is set on object 'Object Repository/06-Teams/For 2FA/input_Enter verification code_code'

2023-03-01 14:28:44 - [TEST_STEP][PASSED] - delay(3): Delayed 3 second(s)

2023-03-01 14:28:47 - [MESSAGE][PASSED] - Delayed 3 second(s)

2023-03-01 14:28:47 - [TEST_STEP][PASSED] - click(findTestObject("06-Teams/For 2FA/button_Verify_2FA")): Object: 'Object Repository/06-Teams/For 2FA/button_Verify_2FA' is clicked on

2023-03-01 14:28:48 - [MESSAGE][PASSED] - Object: 'Object Repository/06-Teams/For 2FA/button_Verify_2FA' is clicked on

2023-03-01 14:28:48 - [TEST_STEP][PASSED] - delay(3): Delayed 3 second(s)

2023-03-01 14:28:51 - [MESSAGE][PASSED] - Delayed 3 second(s)

2023-03-01 14:28:51 - [MESSAGE][PASSED] - Call Test Case 'Test Cases/01-Login and Forgot Password/04-Login(Valid Credentials-With Subscription)' successfully

2023-03-01 14:28:51 - [TEST_STEP][PASSED] - click(findTestObject("06-Teams/button_doublearrow")): Object: 'Object Repository/06-Teams/button_doublearrow' is clicked on

2023-03-01 14:28:56 - [MESSAGE][PASSED] - Object: 'Object Repository/06-Teams/button_doublearrow' is clicked on

2023-03-01 14:28:56 - [TEST_STEP][PASSED] - click(findTestObject("06-Teams/button_My Organizations")): Object: 'Object Repository/06-Teams/button_My Organizations' is clicked on

2023-03-01 14:28:58 - [MESSAGE][PASSED] - Object: 'Object Repository/06-Teams/button_My Organizations' is clicked on

2023-03-01 14:28:58 - [TEST_STEP][PASSED] - click(findTestObject("06-Teams/button_GG Automation")): Object: 'Object Repository/06-Teams/button_GG Automation' is clicked on

2023-03-01 14:28:59 - [MESSAGE][PASSED] - Object: 'Object Repository/06-Teams/button_GG Automation' is clicked on

2023-03-01 14:28:59 - [TEST_STEP][PASSED] - delay(4): Delayed 4 second(s)

2023-03-01 14:29:03 - [MESSAGE][PASSED] - Delayed 4 second(s)

2023-03-01 14:29:03 - [TEST_STEP][PASSED] - verifyElementVisible(findTestObject("06-Teams/span_GG Automation")): Object 'Object Repository/06-Teams/span_GG Automation' is visible

2023-03-01 14:29:03 - [MESSAGE][PASSED] - Object 'Object Repository/06-Teams/span_GG Automation' is visible

2023-03-01 14:29:03 - [TEST_STEP][PASSED] - delay(5): Delayed 5 second(s)

2023-03-01 14:29:08 - [MESSAGE][PASSED] - Delayed 5 second(s)

2023-03-01 14:29:08 - [TEST_STEP][PASSED] - click(findTestObject("03-Header Menu/Hamburger Button/div_Settings")): Object: 'Object Repository/03-Header Menu/Hamburger Button/div_Settings' is clicked on

2023-03-01 14:29:09 - [MESSAGE][PASSED] - Object: 'Object Repository/03-Header Menu/Hamburger Button/div_Settings' is clicked on

2023-03-01 14:29:09 - [TEST_STEP][PASSED] - delay(3): Delayed 3 second(s)

2023-03-01 14:29:12 - [MESSAGE][PASSED] - Delayed 3 second(s)

2023-03-01 14:29:12 - [TEST_STEP][PASSED] - scrollToElement(findTestObject("09-Settings/Users/div_Users"), 0): Scroll to object 'Object Repository/09-Settings/Users/div_Users' successfully

2023-03-01 14:29:13 - [MESSAGE][WARNING] - Timeout '0' is invalid. Using default page load timeout: '30'

2023-03-01 14:29:13 - [MESSAGE][PASSED] - Scroll to object 'Object Repository/09-Settings/Users/div_Users' successfully

2023-03-01 14:29:13 - [TEST_STEP][PASSED] - click(findTestObject("09-Settings/Users/div_Users")): Object: 'Object Repository/09-Settings/Users/div_Users' is clicked on

2023-03-01 14:29:15 - [MESSAGE][PASSED] - Object: 'Object Repository/09-Settings/Users/div_Users' is clicked on

2023-03-01 14:29:15 - [TEST_STEP][PASSED] - delay(3): Delayed 3 second(s)

2023-03-01 14:29:18 - [MESSAGE][PASSED] - Delayed 3 second(s)

2023-03-01 14:29:18 - [TEST_STEP][PASSED] - click(findTestObject("09-Settings/Users/button_add")): Object: 'Object Repository/09-Settings/Users/button_add' is clicked on

2023-03-01 14:29:19 - [MESSAGE][PASSED] - Object: 'Object Repository/09-Settings/Users/button_add' is clicked on

2023-03-01 14:29:19 - [TEST_STEP][PASSED] - delay(3): Delayed 3 second(s)

2023-03-01 14:29:22 - [MESSAGE][PASSED] - Delayed 3 second(s)

2023-03-01 14:29:22 - [TEST_STEP][PASSED] - click(findTestObject("09-Settings/Users/add Invite a single user")): Object: 'Object Repository/09-Settings/Users/add Invite a single user' is clicked on

2023-03-01 14:29:23 - [MESSAGE][PASSED] - Object: 'Object Repository/09-Settings/Users/add Invite a single user' is clicked on

2023-03-01 14:29:23 - [TEST_STEP][PASSED] - delay(3): Delayed 3 second(s)

2023-03-01 14:29:26 - [MESSAGE][PASSED] - Delayed 3 second(s)

2023-03-01 14:29:26 - [TEST_STEP][PASSED] - setText(findTestObject("09-Settings/Users/input_email"), "autotester10@mailinator.com"): Text 'autotester10@mailinator.com' is set on object 'Object Repository/09-Settings/Users/input_email'

2023-03-01 14:29:29 - [MESSAGE][PASSED] - Text 'autotester10@mailinator.com' is set on object 'Object Repository/09-Settings/Users/input_email'

2023-03-01 14:29:29 - [TEST_STEP][PASSED] - setText(findTestObject("09-Settings/Users/input_firstName"), "GG"): Text 'GG' is set on object 'Object Repository/09-Settings/Users/input_firstName'

2023-03-01 14:29:30 - [MESSAGE][PASSED] - Text 'GG' is set on object 'Object Repository/09-Settings/Users/input_firstName'

2023-03-01 14:29:30 - [TEST_STEP][PASSED] - setText(findTestObject("09-Settings/Users/input_lastName"), "Partner"): Text 'Partner' is set on object 'Object Repository/09-Settings/Users/input_lastName'

2023-03-01 14:29:32 - [MESSAGE][PASSED] - Text 'Partner' is set on object 'Object Repository/09-Settings/Users/input_lastName'

2023-03-01 14:29:32 - [TEST_STEP][PASSED] - click(findTestObject("09-Settings/Users/span_Role")): Object: 'Object Repository/09-Settings/Users/span_Role' is clicked on

2023-03-01 14:29:33 - [MESSAGE][PASSED] - Object: 'Object Repository/09-Settings/Users/span_Role' is clicked on

2023-03-01 14:29:33 - [TEST_STEP][PASSED] - click(findTestObject("09-Settings/Users/span_Partner")): Object: 'Object Repository/09-Settings/Users/span_Partner' is clicked on

2023-03-01 14:29:35 - [MESSAGE][PASSED] - Object: 'Object Repository/09-Settings/Users/span_Partner' is clicked on

2023-03-01 14:29:35 - [TEST_STEP][PASSED] - click(findTestObject("09-Settings/Users/button_Send Invitation")): Object: 'Object Repository/09-Settings/Users/button_Send Invitation' is clicked on

2023-03-01 14:29:36 - [MESSAGE][PASSED] - Object: 'Object Repository/09-Settings/Users/button_Send Invitation' is clicked on

2023-03-01 14:29:36 - [TEST_STEP][PASSED] - delay(2): Delayed 2 second(s)

2023-03-01 14:29:38 - [MESSAGE][PASSED] - Delayed 2 second(s)

2023-03-01 14:29:38 - [TEST_STEP][PASSED] - verifyElementVisible(findTestObject("07-Directory/Connections/zContact Profile/Successfully invited user")): Object 'Object Repository/07-Directory/Connections/zContact Profile/Successfully invited user' is visible

2023-03-01 14:29:40 - [MESSAGE][PASSED] - Object 'Object Repository/07-Directory/Connections/zContact Profile/Successfully invited user' is visible

2023-03-01 14:29:40 - [TEST_STEP][PASSED] - delay(2): Delayed 2 second(s)

2023-03-01 14:29:42 - [MESSAGE][PASSED] - Delayed 2 second(s)

2023-03-01 14:29:42 - [TEST_STEP][PASSED] - click(findTestObject("01-Login and Forgot Password/User menu drop")): Object: 'Object Repository/01-Login and Forgot Password/User menu drop' is clicked on

2023-03-01 14:29:43 - [MESSAGE][PASSED] - Object: 'Object Repository/01-Login and Forgot Password/User menu drop' is clicked on

2023-03-01 14:29:43 - [TEST_STEP][PASSED] - delay(2): Delayed 2 second(s)

2023-03-01 14:29:45 - [MESSAGE][PASSED] - Delayed 2 second(s)

2023-03-01 14:29:45 - [TEST_STEP][PASSED] - click(findTestObject("01-Login and Forgot Password/h4_Sign Out"), STOP_ON_FAILURE): Object: 'Object Repository/01-Login and Forgot Password/h4_Sign Out' is clicked on

2023-03-01 14:29:46 - [MESSAGE][PASSED] - Object: 'Object Repository/01-Login and Forgot Password/h4_Sign Out' is clicked on

2023-03-01 14:29:46 - [TEST_STEP][PASSED] - delay(2): Delayed 2 second(s)

2023-03-01 14:29:48 - [MESSAGE][PASSED] - Delayed 2 second(s)

2023-03-01 14:29:48 - [TEST_STEP][PASSED] - verifyElementPresent(findTestObject("01-Login and Forgot Password/Login_Card"), 0): Object 'Object Repository/01-Login and Forgot Password/Login_Card' is present

2023-03-01 14:29:48 - [MESSAGE][WARNING] - Timeout '0' is invalid. Using default page load timeout: '30'

2023-03-01 14:29:49 - [MESSAGE][PASSED] - Object 'Object Repository/01-Login and Forgot Password/Login_Card' is present

2023-03-01 14:29:49 - [TEST_STEP][PASSED] - delay(3): Delayed 3 second(s)

2023-03-01 14:29:52 - [MESSAGE][PASSED] - Delayed 3 second(s)

2023-03-01 14:29:52 - [TEST_STEP][PASSED] - closeBrowser(): Browser is closed

2023-03-01 14:29:54 - [MESSAGE][PASSED] - Browser is closed

2023-03-01 14:29:54 - [TEST_STEP][PASSED] - openBrowser(""): Browser is opened with url: ''

2023-03-01 14:29:54 - [MESSAGE][INFO] - Starting 'Chrome' driver

2023-03-01 14:29:54 - [MESSAGE][INFO] - Action delay is set to 0 milliseconds

2023-03-01 14:29:57 - [MESSAGE][PASSED] - Browser is opened with url: ''

2023-03-01 14:29:57 - [TEST_STEP][PASSED] - navigateToUrl("https://lab.everleagues.com/"): Navigate to 'https://lab.everleagues.com/' successfully

2023-03-01 14:30:22 - [MESSAGE][PASSED] - Navigate to 'https://lab.everleagues.com/' successfully

2023-03-01 14:30:22 - [TEST_STEP][PASSED] - maximizeWindow(): Current window maximized

2023-03-01 14:30:22 - [MESSAGE][PASSED] - Current window maximized

2023-03-01 14:30:22 - [TEST_STEP][PASSED] - setText(findTestObject("02-Side Icons(Organization)/Add Contact/Email Field"), "autotester10@mailinator.com"): Text 'autotester10@mailinator.com' is set on object 'Object Repository/02-Side Icons(Organization)/Add Contact/Email Field'

2023-03-01 14:30:23 - [MESSAGE][PASSED] - Text 'autotester10@mailinator.com' is set on object 'Object Repository/02-Side Icons(Organization)/Add Contact/Email Field'

2023-03-01 14:30:23 - [TEST_STEP][PASSED] - setEncryptedText(findTestObject("02-Side Icons(Organization)/Add Contact/Password Field"), "8yFRyszE6U6jvsCn51OQbg=="): Text ****** has been set on object 'Object Repository/02-Side Icons(Organization)/Add Contact/Password Field'

2023-03-01 14:30:24 - [MESSAGE][PASSED] - Text ****** has been set on object 'Object Repository/02-Side Icons(Organization)/Add Contact/Password Field'

2023-03-01 14:30:24 - [TEST_STEP][PASSED] - click(findTestObject("02-Side Icons(Organization)/Add Contact/button_Sign in")): Object: 'Object Repository/02-Side Icons(Organization)/Add Contact/button_Sign in' is clicked on

2023-03-01 14:30:25 - [MESSAGE][PASSED] - Object: 'Object Repository/02-Side Icons(Organization)/Add Contact/button_Sign in' is clicked on

2023-03-01 14:30:25 - [TEST_STEP][PASSED] - delay(2): Delayed 2 second(s)

2023-03-01 14:30:27 - [MESSAGE][PASSED] - Delayed 2 second(s)

2023-03-01 14:30:27 - [TEST_STEP][PASSED] - click(findTestObject("06-Teams/For 2FA/button_Confirm_2FA")): Object: 'Object Repository/06-Teams/For 2FA/button_Confirm_2FA' is clicked on

2023-03-01 14:30:28 - [MESSAGE][PASSED] - Object: 'Object Repository/06-Teams/For 2FA/button_Confirm_2FA' is clicked on

2023-03-01 14:30:28 - [TEST_STEP][PASSED] - executeJavaScript("window.open();", []): Execute JavaScript 'window.open();' successfully

2023-03-01 14:30:28 - [MESSAGE][PASSED] - Execute JavaScript 'window.open();' successfully

2023-03-01 14:30:28 - [TEST_STEP][PASSED] - currentWindow = getWindowIndex(): Current window's index is: 0

2023-03-01 14:30:28 - [MESSAGE][PASSED] - Current window's index is: 0

2023-03-01 14:30:28 - [TEST_STEP][PASSED] - delay(3): Delayed 3 second(s)

2023-03-01 14:30:31 - [MESSAGE][PASSED] - Delayed 3 second(s)

2023-03-01 14:30:31 - [TEST_STEP][PASSED] - switchToWindowIndex(currentWindow + 1): Switched to window with index: '1'

2023-03-01 14:30:32 - [MESSAGE][PASSED] - Switched to window with index: '1'

2023-03-01 14:30:32 - [TEST_STEP][PASSED] - navigateToUrl("https://www.mailinator.com/"): Navigate to 'https://www.mailinator.com/' successfully

2023-03-01 14:30:37 - [MESSAGE][PASSED] - Navigate to 'https://www.mailinator.com/' successfully

2023-03-01 14:30:37 - [TEST_STEP][PASSED] - delay(3): Delayed 3 second(s)

2023-03-01 14:30:40 - [MESSAGE][PASSED] - Delayed 3 second(s)

2023-03-01 14:30:40 - [TEST_STEP][PASSED] - setText(findTestObject("00-Signup and Activation/zMailinator/input_LOGIN_search"), "autotester10@mailinator.com"): Text 'autotester10@mailinator.com' is set on object 'Object Repository/00-Signup and Activation/zMailinator/input_LOGIN_search'

2023-03-01 14:30:42 - [MESSAGE][PASSED] - Text 'autotester10@mailinator.com' is set on object 'Object Repository/00-Signup and Activation/zMailinator/input_LOGIN_search'

2023-03-01 14:30:42 - [TEST_STEP][PASSED] - click(findTestObject("00-Signup and Activation/zMailinator/gobutton"), STOP_ON_FAILURE): Object: 'Object Repository/00-Signup and Activation/zMailinator/gobutton' is clicked on

2023-03-01 14:30:45 - [MESSAGE][PASSED] - Object: 'Object Repository/00-Signup and Activation/zMailinator/gobutton' is clicked on

2023-03-01 14:30:45 - [TEST_STEP][PASSED] - delay(3): Delayed 3 second(s)

2023-03-01 14:30:48 - [MESSAGE][PASSED] - Delayed 3 second(s)

2023-03-01 14:30:48 - [TEST_STEP][PASSED] - click(findTestObject("00-Signup and Activation/zMailinator/Email - everleagues")): Object: 'Object Repository/00-Signup and Activation/zMailinator/Email - everleagues' is clicked on

2023-03-01 14:30:49 - [MESSAGE][PASSED] - Object: 'Object Repository/00-Signup and Activation/zMailinator/Email - everleagues' is clicked on

2023-03-01 14:30:49 - [TEST_STEP][PASSED] - delay(3): Delayed 3 second(s)

2023-03-01 14:30:52 - [MESSAGE][PASSED] - Delayed 3 second(s)

2023-03-01 14:30:52 - [TEST_STEP][PASSED] - codetwo = getText(findTestObject("Object Repository/06-Teams/For 2FA/2FA code")): Text of object 'Object Repository/06-Teams/For 2FA/2FA code' is: '280291'

2023-03-01 14:30:53 - [MESSAGE][PASSED] - Text of object 'Object Repository/06-Teams/For 2FA/2FA code' is: '280291'

2023-03-01 14:30:53 - [TEST_STEP][PASSED] - delay(3): Delayed 3 second(s)

2023-03-01 14:30:56 - [MESSAGE][PASSED] - Delayed 3 second(s)

2023-03-01 14:30:56 - [TEST_STEP][PASSED] - closeWindowTitle("Mailinator"): Window with title: 'Mailinator' is closed

2023-03-01 14:30:57 - [MESSAGE][PASSED] - Window with title: 'Mailinator' is closed

2023-03-01 14:30:57 - [TEST_STEP][PASSED] - delay(3): Delayed 3 second(s)

2023-03-01 14:31:00 - [MESSAGE][PASSED] - Delayed 3 second(s)

2023-03-01 14:31:00 - [TEST_STEP][PASSED] - switchToWindowIndex(0): Switched to window with index: '0'

2023-03-01 14:31:00 - [MESSAGE][PASSED] - Switched to window with index: '0'

2023-03-01 14:31:00 - [TEST_STEP][PASSED] - delay(3): Delayed 3 second(s)

2023-03-01 14:31:03 - [MESSAGE][PASSED] - Delayed 3 second(s)

2023-03-01 14:31:03 - [TEST_STEP][PASSED] - setText(findTestObject("Object Repository/06-Teams/For 2FA/input_Enter verification code_code"), codetwo): Text '280291' is set on object 'Object Repository/06-Teams/For 2FA/input_Enter verification code_code'

2023-03-01 14:31:05 - [MESSAGE][PASSED] - Text '280291' is set on object 'Object Repository/06-Teams/For 2FA/input_Enter verification code_code'

2023-03-01 14:31:05 - [TEST_STEP][PASSED] - delay(3): Delayed 3 second(s)

2023-03-01 14:31:08 - [MESSAGE][PASSED] - Delayed 3 second(s)

2023-03-01 14:31:08 - [TEST_STEP][PASSED] - click(findTestObject("06-Teams/For 2FA/button_Verify_2FA")): Object: 'Object Repository/06-Teams/For 2FA/button_Verify_2FA' is clicked on

2023-03-01 14:31:09 - [MESSAGE][PASSED] - Object: 'Object Repository/06-Teams/For 2FA/button_Verify_2FA' is clicked on

2023-03-01 14:31:09 - [TEST_STEP][PASSED] - delay(5): Delayed 5 second(s)

2023-03-01 14:31:14 - [MESSAGE][PASSED] - Delayed 5 second(s)

2023-03-01 14:31:14 - [TEST_STEP][PASSED] - executeJavaScript("window.open();", []): Execute JavaScript 'window.open();' successfully

2023-03-01 14:31:14 - [MESSAGE][PASSED] - Execute JavaScript 'window.open();' successfully

2023-03-01 14:31:14 - [TEST_STEP][PASSED] - currentWindow = getWindowIndex(): Current window's index is: 0

2023-03-01 14:31:14 - [MESSAGE][PASSED] - Current window's index is: 0

2023-03-01 14:31:14 - [TEST_STEP][PASSED] - delay(3): Delayed 3 second(s)

2023-03-01 14:31:17 - [MESSAGE][PASSED] - Delayed 3 second(s)

2023-03-01 14:31:17 - [TEST_STEP][PASSED] - switchToWindowIndex(currentWindow + 1): Switched to window with index: '1'

2023-03-01 14:31:17 - [MESSAGE][PASSED] - Switched to window with index: '1'

2023-03-01 14:31:17 - [TEST_STEP][PASSED] - navigateToUrl("https://www.mailinator.com/"): Navigate to 'https://www.mailinator.com/' successfully

2023-03-01 14:31:22 - [MESSAGE][PASSED] - Navigate to 'https://www.mailinator.com/' successfully

2023-03-01 14:31:22 - [TEST_STEP][PASSED] - delay(3): Delayed 3 second(s)

2023-03-01 14:31:25 - [MESSAGE][PASSED] - Delayed 3 second(s)

2023-03-01 14:31:25 - [TEST_STEP][PASSED] - setText(findTestObject("00-Signup and Activation/zMailinator/input_LOGIN_search"), "autotester10@mailinator.com"): Text 'autotester10@mailinator.com' is set on object 'Object Repository/00-Signup and Activation/zMailinator/input_LOGIN_search'

2023-03-01 14:31:26 - [MESSAGE][PASSED] - Text 'autotester10@mailinator.com' is set on object 'Object Repository/00-Signup and Activation/zMailinator/input_LOGIN_search'

2023-03-01 14:31:26 - [TEST_STEP][PASSED] - click(findTestObject("00-Signup and Activation/zMailinator/gobutton"), STOP_ON_FAILURE): Object: 'Object Repository/00-Signup and Activation/zMailinator/gobutton' is clicked on

2023-03-01 14:31:28 - [MESSAGE][PASSED] - Object: 'Object Repository/00-Signup and Activation/zMailinator/gobutton' is clicked on

2023-03-01 14:31:28 - [TEST_STEP][PASSED] - delay(3): Delayed 3 second(s)

2023-03-01 14:31:31 - [MESSAGE][PASSED] - Delayed 3 second(s)

2023-03-01 14:31:31 - [TEST_STEP][PASSED] - closeWindowTitle("Everleagues"): Window with title: 'Everleagues' is closed

2023-03-01 14:31:32 - [MESSAGE][PASSED] - Window with title: 'Everleagues' is closed

2023-03-01 14:31:32 - [TEST_STEP][PASSED] - switchToWindowIndex(0): Switched to window with index: '0'

2023-03-01 14:31:32 - [MESSAGE][PASSED] - Switched to window with index: '0'

2023-03-01 14:31:32 - [TEST_STEP][PASSED] - click(findTestObject("09-Settings/Users/Co worker/td_Invitation from GG Automation")): Object: 'Object Repository/09-Settings/Users/Co worker/td_Invitation from GG Automation' is clicked on

2023-03-01 14:31:33 - [MESSAGE][PASSED] - Object: 'Object Repository/09-Settings/Users/Co worker/td_Invitation from GG Automation' is clicked on

2023-03-01 14:31:33 - [TEST_STEP][PASSED] - click(findTestObject("09-Settings/Users/Co worker/a_Click here to join GG Automation on EverLeagues")): Object: 'Object Repository/09-Settings/Users/Co worker/a_Click here to join GG Automation on EverLeagues' is clicked on

2023-03-01 14:31:34 - [MESSAGE][PASSED] - Object: 'Object Repository/09-Settings/Users/Co worker/a_Click here to join GG Automation on EverLeagues' is clicked on

2023-03-01 14:31:34 - [TEST_STEP][PASSED] - closeWindowTitle("Mailinator"): Window with title: 'Mailinator' is closed

2023-03-01 14:31:34 - [MESSAGE][PASSED] - Window with title: 'Mailinator' is closed

2023-03-01 14:31:34 - [TEST_STEP][PASSED] - switchToWindowIndex(0): Switched to window with index: '0'

2023-03-01 14:31:34 - [MESSAGE][PASSED] - Switched to window with index: '0'

2023-03-01 14:31:34 - [TEST_STEP][PASSED] - verifyElementVisible(findTestObject("09-Settings/Users/Client/Invite modal")): Object 'Object Repository/09-Settings/Users/Client/Invite modal' is visible

2023-03-01 14:31:56 - [MESSAGE][PASSED] - Object 'Object Repository/09-Settings/Users/Client/Invite modal' is visible

2023-03-01 14:31:56 - [TEST_STEP][PASSED] - setText(findTestObject("09-Settings/Users/Client/Company field"), "QA Company"): Text 'QA Company' is set on object 'Object Repository/09-Settings/Users/Client/Company field'

2023-03-01 14:31:58 - [MESSAGE][PASSED] - Text 'QA Company' is set on object 'Object Repository/09-Settings/Users/Client/Company field'

2023-03-01 14:31:58 - [TEST_STEP][PASSED] - click(findTestObject("09-Settings/Users/Client/button_Accept")): Object: 'Object Repository/09-Settings/Users/Client/button_Accept' is clicked on

2023-03-01 14:31:59 - [MESSAGE][PASSED] - Object: 'Object Repository/09-Settings/Users/Client/button_Accept' is clicked on

2023-03-01 14:31:59 - [TEST_STEP][PASSED] - delay(5): Delayed 5 second(s)

2023-03-01 14:32:04 - [MESSAGE][PASSED] - Delayed 5 second(s)

2023-03-01 14:32:04 - [TEST_STEP][PASSED] - verifyElementVisible(findTestObject("09-Settings/Users/div_Joined as Partner")): Object 'Object Repository/09-Settings/Users/div_Joined as Partner' is visible

2023-03-01 14:32:05 - [MESSAGE][PASSED] - Object 'Object Repository/09-Settings/Users/div_Joined as Partner' is visible

2023-03-01 14:32:05 - [TEST_STEP][PASSED] - delay(3): Delayed 3 second(s)

2023-03-01 14:32:08 - [MESSAGE][PASSED] - Delayed 3 second(s)

2023-03-01 14:32:08 - [TEST_STEP][PASSED] - closeBrowser(): Browser is closed

2023-03-01 14:32:10 - [MESSAGE][PASSED] - Browser is closed]]></system-out>
         <system-err><![CDATA[]]></system-err>
      </testcase>
      <testcase name="Test Cases/09-Settings/05 - Users (Invite batch of users via CSV file)" time="378.798" classname="Test Cases/09-Settings/05 - Users (Invite batch of users via CSV file)" status="PASSED">
         <system-out><![CDATA[2023-03-01 14:32:10 - [TEST_CASE][PASSED] - Test Cases/09-Settings/05 - Users (Invite batch of users via CSV file): Test Cases/09-Settings/05 - Users (Invite batch of users via CSV file)

2023-03-01 14:32:12 - [TEST_STEP][PASSED] - openBrowser(""): Browser is opened with url: ''

2023-03-01 14:32:12 - [MESSAGE][INFO] - Starting 'Chrome' driver

2023-03-01 14:32:12 - [MESSAGE][INFO] - Action delay is set to 0 milliseconds

2023-03-01 14:32:14 - [MESSAGE][PASSED] - Browser is opened with url: ''

2023-03-01 14:32:14 - [TEST_STEP][PASSED] - navigateToUrl("https://lab.everleagues.com/"): Navigate to 'https://lab.everleagues.com/' successfully

2023-03-01 14:36:24 - [MESSAGE][PASSED] - Navigate to 'https://lab.everleagues.com/' successfully

2023-03-01 14:36:24 - [TEST_STEP][PASSED] - maximizeWindow(): Current window maximized

2023-03-01 14:36:24 - [MESSAGE][PASSED] - Current window maximized

2023-03-01 14:36:24 - [TEST_STEP][PASSED] - callTestCase(findTestCase("01-Login and Forgot Password/04-Login(Valid Credentials-With Subscription)"), [:], STOP_ON_FAILURE): Call Test Case 'Test Cases/01-Login and Forgot Password/04-Login(Valid Credentials-With Subscription)' successfully

2023-03-01 14:36:24 - [TEST_CASE][PASSED] - Test Cases/01-Login and Forgot Password/04-Login(Valid Credentials-With Subscription): Test Cases/01-Login and Forgot Password/04-Login(Valid Credentials-With Subscription)

2023-03-01 14:36:24 - [TEST_STEP][PASSED] - setText(findTestObject("01-Login and Forgot Password/input_Email_email"), "testuser02@mailinator.com"): Text 'testuser02@mailinator.com' is set on object 'Object Repository/01-Login and Forgot Password/input_Email_email'

2023-03-01 14:36:26 - [MESSAGE][PASSED] - Text 'testuser02@mailinator.com' is set on object 'Object Repository/01-Login and Forgot Password/input_Email_email'

2023-03-01 14:36:26 - [TEST_STEP][PASSED] - setEncryptedText(findTestObject("01-Login and Forgot Password/input_Email_password"), "8yFRyszE6U6jvsCn51OQbg=="): Text ****** has been set on object 'Object Repository/01-Login and Forgot Password/input_Email_password'

2023-03-01 14:36:27 - [MESSAGE][PASSED] - Text ****** has been set on object 'Object Repository/01-Login and Forgot Password/input_Email_password'

2023-03-01 14:36:27 - [TEST_STEP][PASSED] - delay(2): Delayed 2 second(s)

2023-03-01 14:36:29 - [MESSAGE][PASSED] - Delayed 2 second(s)

2023-03-01 14:36:29 - [TEST_STEP][PASSED] - click(findTestObject("01-Login and Forgot Password/show pass button")): Object: 'Object Repository/01-Login and Forgot Password/show pass button' is clicked on

2023-03-01 14:36:30 - [MESSAGE][PASSED] - Object: 'Object Repository/01-Login and Forgot Password/show pass button' is clicked on

2023-03-01 14:36:30 - [TEST_STEP][PASSED] - delay(3): Delayed 3 second(s)

2023-03-01 14:36:33 - [MESSAGE][PASSED] - Delayed 3 second(s)

2023-03-01 14:36:33 - [TEST_STEP][PASSED] - click(findTestObject("01-Login and Forgot Password/button_Sign in")): Object: 'Object Repository/01-Login and Forgot Password/button_Sign in' is clicked on

2023-03-01 14:36:34 - [MESSAGE][PASSED] - Object: 'Object Repository/01-Login and Forgot Password/button_Sign in' is clicked on

2023-03-01 14:36:34 - [TEST_STEP][PASSED] - delay(3): Delayed 3 second(s)

2023-03-01 14:36:37 - [MESSAGE][PASSED] - Delayed 3 second(s)

2023-03-01 14:36:37 - [TEST_STEP][PASSED] - click(findTestObject("06-Teams/For 2FA/button_Confirm_2FA")): Object: 'Object Repository/06-Teams/For 2FA/button_Confirm_2FA' is clicked on

2023-03-01 14:36:37 - [MESSAGE][PASSED] - Object: 'Object Repository/06-Teams/For 2FA/button_Confirm_2FA' is clicked on

2023-03-01 14:36:37 - [TEST_STEP][PASSED] - executeJavaScript("window.open();", []): Execute JavaScript 'window.open();' successfully

2023-03-01 14:36:38 - [MESSAGE][PASSED] - Execute JavaScript 'window.open();' successfully

2023-03-01 14:36:38 - [TEST_STEP][PASSED] - currentWindow = getWindowIndex(): Current window's index is: 0

2023-03-01 14:36:38 - [MESSAGE][PASSED] - Current window's index is: 0

2023-03-01 14:36:38 - [TEST_STEP][PASSED] - delay(3): Delayed 3 second(s)

2023-03-01 14:36:41 - [MESSAGE][PASSED] - Delayed 3 second(s)

2023-03-01 14:36:41 - [TEST_STEP][PASSED] - switchToWindowIndex(currentWindow + 1): Switched to window with index: '1'

2023-03-01 14:36:41 - [MESSAGE][PASSED] - Switched to window with index: '1'

2023-03-01 14:36:41 - [TEST_STEP][PASSED] - navigateToUrl("https://www.mailinator.com/"): Navigate to 'https://www.mailinator.com/' successfully

2023-03-01 14:36:47 - [MESSAGE][PASSED] - Navigate to 'https://www.mailinator.com/' successfully

2023-03-01 14:36:47 - [TEST_STEP][PASSED] - delay(3): Delayed 3 second(s)

2023-03-01 14:36:50 - [MESSAGE][PASSED] - Delayed 3 second(s)

2023-03-01 14:36:50 - [TEST_STEP][PASSED] - setText(findTestObject("00-Signup and Activation/zMailinator/input_LOGIN_search"), "testuser02@mailinator.com"): Text 'testuser02@mailinator.com' is set on object 'Object Repository/00-Signup and Activation/zMailinator/input_LOGIN_search'

2023-03-01 14:36:52 - [MESSAGE][PASSED] - Text 'testuser02@mailinator.com' is set on object 'Object Repository/00-Signup and Activation/zMailinator/input_LOGIN_search'

2023-03-01 14:36:52 - [TEST_STEP][PASSED] - click(findTestObject("00-Signup and Activation/zMailinator/gobutton"), STOP_ON_FAILURE): Object: 'Object Repository/00-Signup and Activation/zMailinator/gobutton' is clicked on

2023-03-01 14:36:54 - [MESSAGE][PASSED] - Object: 'Object Repository/00-Signup and Activation/zMailinator/gobutton' is clicked on

2023-03-01 14:36:54 - [TEST_STEP][PASSED] - delay(3): Delayed 3 second(s)

2023-03-01 14:36:57 - [MESSAGE][PASSED] - Delayed 3 second(s)

2023-03-01 14:36:57 - [TEST_STEP][PASSED] - click(findTestObject("00-Signup and Activation/zMailinator/Email - everleagues")): Object: 'Object Repository/00-Signup and Activation/zMailinator/Email - everleagues' is clicked on

2023-03-01 14:36:58 - [MESSAGE][PASSED] - Object: 'Object Repository/00-Signup and Activation/zMailinator/Email - everleagues' is clicked on

2023-03-01 14:36:58 - [TEST_STEP][PASSED] - delay(3): Delayed 3 second(s)

2023-03-01 14:37:01 - [MESSAGE][PASSED] - Delayed 3 second(s)

2023-03-01 14:37:01 - [TEST_STEP][PASSED] - code = getText(findTestObject("Object Repository/06-Teams/For 2FA/2FA code")): Text of object 'Object Repository/06-Teams/For 2FA/2FA code' is: '336780'

2023-03-01 14:37:02 - [MESSAGE][PASSED] - Text of object 'Object Repository/06-Teams/For 2FA/2FA code' is: '336780'

2023-03-01 14:37:02 - [TEST_STEP][PASSED] - delay(3): Delayed 3 second(s)

2023-03-01 14:37:05 - [MESSAGE][PASSED] - Delayed 3 second(s)

2023-03-01 14:37:05 - [TEST_STEP][PASSED] - closeWindowTitle("Mailinator"): Window with title: 'Mailinator' is closed

2023-03-01 14:37:05 - [MESSAGE][PASSED] - Window with title: 'Mailinator' is closed

2023-03-01 14:37:05 - [TEST_STEP][PASSED] - delay(3): Delayed 3 second(s)

2023-03-01 14:37:08 - [MESSAGE][PASSED] - Delayed 3 second(s)

2023-03-01 14:37:08 - [TEST_STEP][PASSED] - switchToWindowIndex(0): Switched to window with index: '0'

2023-03-01 14:37:08 - [MESSAGE][PASSED] - Switched to window with index: '0'

2023-03-01 14:37:08 - [TEST_STEP][PASSED] - delay(3): Delayed 3 second(s)

2023-03-01 14:37:11 - [MESSAGE][PASSED] - Delayed 3 second(s)

2023-03-01 14:37:11 - [TEST_STEP][PASSED] - setText(findTestObject("Object Repository/06-Teams/For 2FA/input_Enter verification code_code"), code): Text '336780' is set on object 'Object Repository/06-Teams/For 2FA/input_Enter verification code_code'

2023-03-01 14:37:14 - [MESSAGE][PASSED] - Text '336780' is set on object 'Object Repository/06-Teams/For 2FA/input_Enter verification code_code'

2023-03-01 14:37:14 - [TEST_STEP][PASSED] - delay(3): Delayed 3 second(s)

2023-03-01 14:37:17 - [MESSAGE][PASSED] - Delayed 3 second(s)

2023-03-01 14:37:17 - [TEST_STEP][PASSED] - click(findTestObject("06-Teams/For 2FA/button_Verify_2FA")): Object: 'Object Repository/06-Teams/For 2FA/button_Verify_2FA' is clicked on

2023-03-01 14:37:18 - [MESSAGE][PASSED] - Object: 'Object Repository/06-Teams/For 2FA/button_Verify_2FA' is clicked on

2023-03-01 14:37:18 - [TEST_STEP][PASSED] - delay(3): Delayed 3 second(s)

2023-03-01 14:37:21 - [MESSAGE][PASSED] - Delayed 3 second(s)

2023-03-01 14:37:21 - [MESSAGE][PASSED] - Call Test Case 'Test Cases/01-Login and Forgot Password/04-Login(Valid Credentials-With Subscription)' successfully

2023-03-01 14:37:21 - [TEST_STEP][PASSED] - click(findTestObject("06-Teams/button_doublearrow")): Object: 'Object Repository/06-Teams/button_doublearrow' is clicked on

2023-03-01 14:37:27 - [MESSAGE][PASSED] - Object: 'Object Repository/06-Teams/button_doublearrow' is clicked on

2023-03-01 14:37:27 - [TEST_STEP][PASSED] - click(findTestObject("06-Teams/button_My Organizations")): Object: 'Object Repository/06-Teams/button_My Organizations' is clicked on

2023-03-01 14:37:28 - [MESSAGE][PASSED] - Object: 'Object Repository/06-Teams/button_My Organizations' is clicked on

2023-03-01 14:37:28 - [TEST_STEP][PASSED] - click(findTestObject("06-Teams/button_GG Automation")): Object: 'Object Repository/06-Teams/button_GG Automation' is clicked on

2023-03-01 14:37:29 - [MESSAGE][PASSED] - Object: 'Object Repository/06-Teams/button_GG Automation' is clicked on

2023-03-01 14:37:29 - [TEST_STEP][PASSED] - delay(4): Delayed 4 second(s)

2023-03-01 14:37:33 - [MESSAGE][PASSED] - Delayed 4 second(s)

2023-03-01 14:37:33 - [TEST_STEP][PASSED] - verifyElementVisible(findTestObject("06-Teams/span_GG Automation")): Object 'Object Repository/06-Teams/span_GG Automation' is visible

2023-03-01 14:37:34 - [MESSAGE][PASSED] - Object 'Object Repository/06-Teams/span_GG Automation' is visible

2023-03-01 14:37:34 - [TEST_STEP][PASSED] - delay(5): Delayed 5 second(s)

2023-03-01 14:37:39 - [MESSAGE][PASSED] - Delayed 5 second(s)

2023-03-01 14:37:39 - [TEST_STEP][PASSED] - click(findTestObject("03-Header Menu/Hamburger Button/div_Settings")): Object: 'Object Repository/03-Header Menu/Hamburger Button/div_Settings' is clicked on

2023-03-01 14:37:40 - [MESSAGE][PASSED] - Object: 'Object Repository/03-Header Menu/Hamburger Button/div_Settings' is clicked on

2023-03-01 14:37:40 - [TEST_STEP][PASSED] - delay(3): Delayed 3 second(s)

2023-03-01 14:37:43 - [MESSAGE][PASSED] - Delayed 3 second(s)

2023-03-01 14:37:43 - [TEST_STEP][PASSED] - scrollToElement(findTestObject("09-Settings/Users/div_Users"), 0): Scroll to object 'Object Repository/09-Settings/Users/div_Users' successfully

2023-03-01 14:37:43 - [MESSAGE][WARNING] - Timeout '0' is invalid. Using default page load timeout: '30'

2023-03-01 14:37:44 - [MESSAGE][PASSED] - Scroll to object 'Object Repository/09-Settings/Users/div_Users' successfully

2023-03-01 14:37:44 - [TEST_STEP][PASSED] - click(findTestObject("09-Settings/Users/div_Users")): Object: 'Object Repository/09-Settings/Users/div_Users' is clicked on

2023-03-01 14:37:46 - [MESSAGE][PASSED] - Object: 'Object Repository/09-Settings/Users/div_Users' is clicked on

2023-03-01 14:37:46 - [TEST_STEP][PASSED] - delay(3): Delayed 3 second(s)

2023-03-01 14:37:49 - [MESSAGE][PASSED] - Delayed 3 second(s)

2023-03-01 14:37:49 - [TEST_STEP][PASSED] - click(findTestObject("09-Settings/Users/button_add")): Object: 'Object Repository/09-Settings/Users/button_add' is clicked on

2023-03-01 14:37:50 - [MESSAGE][PASSED] - Object: 'Object Repository/09-Settings/Users/button_add' is clicked on

2023-03-01 14:37:50 - [TEST_STEP][PASSED] - delay(3): Delayed 3 second(s)

2023-03-01 14:37:53 - [MESSAGE][PASSED] - Delayed 3 second(s)

2023-03-01 14:37:53 - [TEST_STEP][PASSED] - click(findTestObject("09-Settings/Users/Invite batch of users via CSV file")): Object: 'Object Repository/09-Settings/Users/Invite batch of users via CSV file' is clicked on

2023-03-01 14:37:54 - [MESSAGE][PASSED] - Object: 'Object Repository/09-Settings/Users/Invite batch of users via CSV file' is clicked on

2023-03-01 14:37:54 - [TEST_STEP][PASSED] - verifyElementVisible(findTestObject("09-Settings/Users/CSV Invite/Import CSV File modal")): Object 'Object Repository/09-Settings/Users/CSV Invite/Import CSV File modal' is visible

2023-03-01 14:37:55 - [MESSAGE][PASSED] - Object 'Object Repository/09-Settings/Users/CSV Invite/Import CSV File modal' is visible

2023-03-01 14:37:55 - [TEST_STEP][PASSED] - verifyElementNotClickable(findTestObject("09-Settings/Users/CSV Invite/button_Import")): Object 'Object Repository/09-Settings/Users/CSV Invite/button_Import' is NOT clickable

2023-03-01 14:37:55 - [MESSAGE][PASSED] - Object 'Object Repository/09-Settings/Users/CSV Invite/button_Import' is NOT clickable

2023-03-01 14:37:55 - [TEST_STEP][PASSED] - delay(3): Delayed 3 second(s)

2023-03-01 14:37:58 - [MESSAGE][PASSED] - Delayed 3 second(s)

2023-03-01 14:37:58 - [TEST_STEP][PASSED] - uploadpackage.Upload.uploadFile(findTestObject("Object Repository/09-Settings/Users/CSV Invite/button_Choose File"), "C:\Users\asus\Desktop\EL automation\sample csv.csv"): uploadpackage.Upload.uploadFile is PASSED

2023-03-01 14:37:59 - [MESSAGE][PASSED] - Object: 'Object Repository/09-Settings/Users/CSV Invite/button_Choose File' is clicked on

2023-03-01 14:38:01 - [MESSAGE][PASSED] - uploadpackage.Upload.uploadFile is PASSED

2023-03-01 14:38:01 - [TEST_STEP][PASSED] - delay(3): Delayed 3 second(s)

2023-03-01 14:38:04 - [MESSAGE][PASSED] - Delayed 3 second(s)

2023-03-01 14:38:04 - [TEST_STEP][PASSED] - verifyElementVisible(findTestObject("09-Settings/Users/CSV Invite/div_Sample csv.csv")): Object 'Object Repository/09-Settings/Users/CSV Invite/div_Sample csv.csv' is visible

2023-03-01 14:38:05 - [MESSAGE][PASSED] - Object 'Object Repository/09-Settings/Users/CSV Invite/div_Sample csv.csv' is visible

2023-03-01 14:38:05 - [TEST_STEP][PASSED] - click(findTestObject("09-Settings/Users/CSV Invite/button_Import")): Object: 'Object Repository/09-Settings/Users/CSV Invite/button_Import' is clicked on

2023-03-01 14:38:06 - [MESSAGE][PASSED] - Object: 'Object Repository/09-Settings/Users/CSV Invite/button_Import' is clicked on

2023-03-01 14:38:06 - [TEST_STEP][PASSED] - delay(5): Delayed 5 second(s)

2023-03-01 14:38:11 - [MESSAGE][PASSED] - Delayed 5 second(s)

2023-03-01 14:38:11 - [TEST_STEP][PASSED] - verifyElementVisible(findTestObject("09-Settings/Users/CSV Invite/Success import modal")): Object 'Object Repository/09-Settings/Users/CSV Invite/Success import modal' is visible

2023-03-01 14:38:11 - [MESSAGE][PASSED] - Object 'Object Repository/09-Settings/Users/CSV Invite/Success import modal' is visible

2023-03-01 14:38:11 - [TEST_STEP][PASSED] - click(findTestObject("09-Settings/Users/CSV Invite/button_Close")): Object: 'Object Repository/09-Settings/Users/CSV Invite/button_Close' is clicked on

2023-03-01 14:38:12 - [MESSAGE][PASSED] - Object: 'Object Repository/09-Settings/Users/CSV Invite/button_Close' is clicked on

2023-03-01 14:38:12 - [TEST_STEP][PASSED] - click(findTestObject("09-Settings/Users/CSV Invite/Invited Users tab")): Object: 'Object Repository/09-Settings/Users/CSV Invite/Invited Users tab' is clicked on

2023-03-01 14:38:13 - [MESSAGE][PASSED] - Object: 'Object Repository/09-Settings/Users/CSV Invite/Invited Users tab' is clicked on

2023-03-01 14:38:13 - [TEST_STEP][PASSED] - delay(3): Delayed 3 second(s)

2023-03-01 14:38:16 - [MESSAGE][PASSED] - Delayed 3 second(s)

2023-03-01 14:38:16 - [TEST_STEP][PASSED] - verifyElementVisible(findTestObject("09-Settings/Users/CSV Invite/div_CTCSV test3")): Object 'Object Repository/09-Settings/Users/CSV Invite/div_CTCSV test3' is visible

2023-03-01 14:38:17 - [MESSAGE][PASSED] - Object 'Object Repository/09-Settings/Users/CSV Invite/div_CTCSV test3' is visible

2023-03-01 14:38:17 - [TEST_STEP][PASSED] - verifyElementVisible(findTestObject("09-Settings/Users/CSV Invite/div_autotester08mailinator.com")): Object 'Object Repository/09-Settings/Users/CSV Invite/div_autotester08mailinator.com' is visible

2023-03-01 14:38:18 - [MESSAGE][PASSED] - Object 'Object Repository/09-Settings/Users/CSV Invite/div_autotester08mailinator.com' is visible

2023-03-01 14:38:18 - [TEST_STEP][PASSED] - verifyElementVisible(findTestObject("09-Settings/Users/CSV Invite/div_Partner")): Object 'Object Repository/09-Settings/Users/CSV Invite/div_Partner' is visible

2023-03-01 14:38:19 - [MESSAGE][PASSED] - Object 'Object Repository/09-Settings/Users/CSV Invite/div_Partner' is visible

2023-03-01 14:38:19 - [TEST_STEP][PASSED] - verifyElementVisible(findTestObject("09-Settings/Users/CSV Invite/div_CTCSV test2")): Object 'Object Repository/09-Settings/Users/CSV Invite/div_CTCSV test2' is visible

2023-03-01 14:38:19 - [MESSAGE][PASSED] - Object 'Object Repository/09-Settings/Users/CSV Invite/div_CTCSV test2' is visible

2023-03-01 14:38:19 - [TEST_STEP][PASSED] - verifyElementVisible(findTestObject("09-Settings/Users/CSV Invite/div_autotester07mailinator.com")): Object 'Object Repository/09-Settings/Users/CSV Invite/div_autotester07mailinator.com' is visible

2023-03-01 14:38:20 - [MESSAGE][PASSED] - Object 'Object Repository/09-Settings/Users/CSV Invite/div_autotester07mailinator.com' is visible

2023-03-01 14:38:20 - [TEST_STEP][PASSED] - verifyElementVisible(findTestObject("09-Settings/Users/CSV Invite/div_Client")): Object 'Object Repository/09-Settings/Users/CSV Invite/div_Client' is visible

2023-03-01 14:38:21 - [MESSAGE][PASSED] - Object 'Object Repository/09-Settings/Users/CSV Invite/div_Client' is visible

2023-03-01 14:38:21 - [TEST_STEP][PASSED] - verifyElementVisible(findTestObject("09-Settings/Users/CSV Invite/div_CTCSV test1")): Object 'Object Repository/09-Settings/Users/CSV Invite/div_CTCSV test1' is visible

2023-03-01 14:38:21 - [MESSAGE][PASSED] - Object 'Object Repository/09-Settings/Users/CSV Invite/div_CTCSV test1' is visible

2023-03-01 14:38:21 - [TEST_STEP][PASSED] - verifyElementVisible(findTestObject("09-Settings/Users/CSV Invite/div_autotester06mailinator.com")): Object 'Object Repository/09-Settings/Users/CSV Invite/div_autotester06mailinator.com' is visible

2023-03-01 14:38:23 - [MESSAGE][PASSED] - Object 'Object Repository/09-Settings/Users/CSV Invite/div_autotester06mailinator.com' is visible

2023-03-01 14:38:23 - [TEST_STEP][PASSED] - verifyElementVisible(findTestObject("09-Settings/Users/CSV Invite/div_Coworker")): Object 'Object Repository/09-Settings/Users/CSV Invite/div_Coworker' is visible

2023-03-01 14:38:24 - [MESSAGE][PASSED] - Object 'Object Repository/09-Settings/Users/CSV Invite/div_Coworker' is visible

2023-03-01 14:38:24 - [TEST_STEP][PASSED] - delay(3): Delayed 3 second(s)

2023-03-01 14:38:27 - [MESSAGE][PASSED] - Delayed 3 second(s)

2023-03-01 14:38:27 - [TEST_STEP][PASSED] - closeBrowser(): Browser is closed

2023-03-01 14:38:28 - [MESSAGE][PASSED] - Browser is closed]]></system-out>
         <system-err><![CDATA[]]></system-err>
      </testcase>
      <system-out><![CDATA[2023-03-01 14:11:02 - [TEST_SUITE][PASSED] - 09.1 - Settings (Invite users): Test Cases/09-Settings/05 - Users (Invite batch of users via CSV file)]]></system-out>
      <system-err><![CDATA[]]></system-err>
   </testsuite>
</testsuites>
