<?xml version="1.0" encoding="UTF-8"?>
<testsuites name="09-Settings" time="1136.317" tests="5" failures="1" errors="0">
   <testsuite name="09-Settings" tests="5" failures="1" errors="0" time="1136.317" skipped="0" timestamp="2022-09-16 17:07:06" hostname="User - DESKTOP-QCRNR4M" id="Test Suites/TS-Organization/09-Settings">
      <properties>
         <property name="deviceName" value=""/>
         <property name="devicePlatform" value=""/>
         <property name="logFolder" value="C:\\Users\\User\\Katalon Studio\\EverleaguesMain\\Reports\\20220916_170704\\TS-Organization\\09-Settings\\20220916_170704"/>
         <property name="logFiles" value="C:\\Users\\User\\Katalon Studio\\EverleaguesMain\\Reports\\20220916_170704\\TS-Organization\\09-Settings\\20220916_170704\\execution0.log"/>
         <property name="attachments" value="C:\\Users\\User\\Katalon Studio\\EverleaguesMain\\Reports\\20220916_170704\\TS-Organization\\09-Settings\\20220916_170704\\1663320362894.png, C:\\Users\\User\\Katalon Studio\\EverleaguesMain\\Reports\\20220916_170704\\TS-Organization\\09-Settings\\20220916_170704\\1663320363093.png"/>
         <property name="hostName" value="User - DESKTOP-QCRNR4M"/>
         <property name="os" value="Windows 10 64bit"/>
         <property name="katalonVersion" value="8.4.1.208"/>
         <property name="browser" value="Chrome 105.0.0.0"/>
         <property name="hostAddress" value="192.168.5.124"/>
         <property name="sessionId" value="cd2aa1af970b8c4ff24ab4ac7ffc6ca0"/>
         <property name="seleniumVersion" value="3.141.59"/>
         <property name="proxyInformation" value="ProxyInformation { proxyOption=NO_PROXY, proxyServerType=HTTP, username=, password=********, proxyServerAddress=, proxyServerPort=0, executionList=&quot;&quot;, isApplyToDesiredCapabilities=true }"/>
         <property name="platform" value="Windows 10"/>
      </properties>
      <testcase name="Test Cases/09-Settings/01 - Users (Invite new user but field are blank)" time="106.963" classname="Test Cases/09-Settings/01 - Users (Invite new user but field are blank)" status="PASSED">
         <system-out><![CDATA[2022-09-16 17:07:07 - [TEST_CASE][PASSED] - Test Cases/09-Settings/01 - Users (Invite new user but field are blank): Test Cases/09-Settings/01 - Users (Invite new user but field are blank)

2022-09-16 17:07:07 - [TEST_STEP][PASSED] - openBrowser(""): Browser is opened with url: ''

2022-09-16 17:07:08 - [MESSAGE][INFO] - Starting 'Chrome' driver

2022-09-16 17:07:08 - [MESSAGE][INFO] - Action delay is set to 0 milliseconds

2022-09-16 17:07:10 - [MESSAGE][PASSED] - Browser is opened with url: ''

2022-09-16 17:07:10 - [TEST_STEP][PASSED] - navigateToUrl("https://lab.everleagues.com/"): Navigate to 'https://lab.everleagues.com/' successfully

2022-09-16 17:07:23 - [MESSAGE][PASSED] - Navigate to 'https://lab.everleagues.com/' successfully

2022-09-16 17:07:23 - [TEST_STEP][PASSED] - maximizeWindow(): Current window maximized

2022-09-16 17:07:23 - [MESSAGE][PASSED] - Current window maximized

2022-09-16 17:07:23 - [TEST_STEP][PASSED] - setText(findTestObject("02-Side Icons(Organization)/Add Contact/Email Field"), "testuser02@mailinator.com"): Text 'testuser02@mailinator.com' is set on object 'Object Repository/02-Side Icons(Organization)/Add Contact/Email Field'

2022-09-16 17:07:24 - [MESSAGE][PASSED] - Text 'testuser02@mailinator.com' is set on object 'Object Repository/02-Side Icons(Organization)/Add Contact/Email Field'

2022-09-16 17:07:24 - [TEST_STEP][PASSED] - setEncryptedText(findTestObject("02-Side Icons(Organization)/Add Contact/Password Field"), "8yFRyszE6U6jvsCn51OQbg=="): Text ****** has been set on object 'Object Repository/02-Side Icons(Organization)/Add Contact/Password Field'

2022-09-16 17:07:24 - [MESSAGE][PASSED] - Text ****** has been set on object 'Object Repository/02-Side Icons(Organization)/Add Contact/Password Field'

2022-09-16 17:07:24 - [TEST_STEP][PASSED] - click(findTestObject("02-Side Icons(Organization)/Add Contact/button_Sign in")): Object: 'Object Repository/02-Side Icons(Organization)/Add Contact/button_Sign in' is clicked on

2022-09-16 17:07:25 - [MESSAGE][PASSED] - Object: 'Object Repository/02-Side Icons(Organization)/Add Contact/button_Sign in' is clicked on

2022-09-16 17:07:25 - [TEST_STEP][PASSED] - delay(2): Delayed 2 second(s)

2022-09-16 17:07:27 - [MESSAGE][PASSED] - Delayed 2 second(s)

2022-09-16 17:07:27 - [TEST_STEP][PASSED] - click(findTestObject("06-Teams/For 2FA/button_Confirm_2FA")): Object: 'Object Repository/06-Teams/For 2FA/button_Confirm_2FA' is clicked on

2022-09-16 17:07:28 - [MESSAGE][PASSED] - Object: 'Object Repository/06-Teams/For 2FA/button_Confirm_2FA' is clicked on

2022-09-16 17:07:28 - [TEST_STEP][PASSED] - executeJavaScript("window.open();", []): Execute JavaScript 'window.open();' successfully

2022-09-16 17:07:28 - [MESSAGE][PASSED] - Execute JavaScript 'window.open();' successfully

2022-09-16 17:07:28 - [TEST_STEP][PASSED] - currentWindow = getWindowIndex(): Current window's index is: 0

2022-09-16 17:07:28 - [MESSAGE][PASSED] - Current window's index is: 0

2022-09-16 17:07:28 - [TEST_STEP][PASSED] - delay(3): Delayed 3 second(s)

2022-09-16 17:07:31 - [MESSAGE][PASSED] - Delayed 3 second(s)

2022-09-16 17:07:31 - [TEST_STEP][PASSED] - switchToWindowIndex(currentWindow + 1): Switched to window with index: '1'

2022-09-16 17:07:31 - [MESSAGE][PASSED] - Switched to window with index: '1'

2022-09-16 17:07:31 - [TEST_STEP][PASSED] - navigateToUrl("https://www.mailinator.com/"): Navigate to 'https://www.mailinator.com/' successfully

2022-09-16 17:07:33 - [MESSAGE][PASSED] - Navigate to 'https://www.mailinator.com/' successfully

2022-09-16 17:07:33 - [TEST_STEP][PASSED] - delay(3): Delayed 3 second(s)

2022-09-16 17:07:36 - [MESSAGE][PASSED] - Delayed 3 second(s)

2022-09-16 17:07:36 - [TEST_STEP][PASSED] - setText(findTestObject("00-Signup and Activation/zMailinator/input_LOGIN_search"), "testuser02@mailinator.com"): Text 'testuser02@mailinator.com' is set on object 'Object Repository/00-Signup and Activation/zMailinator/input_LOGIN_search'

2022-09-16 17:07:37 - [MESSAGE][PASSED] - Text 'testuser02@mailinator.com' is set on object 'Object Repository/00-Signup and Activation/zMailinator/input_LOGIN_search'

2022-09-16 17:07:37 - [TEST_STEP][PASSED] - click(findTestObject("00-Signup and Activation/zMailinator/gobutton"), STOP_ON_FAILURE): Object: 'Object Repository/00-Signup and Activation/zMailinator/gobutton' is clicked on

2022-09-16 17:07:39 - [MESSAGE][PASSED] - Object: 'Object Repository/00-Signup and Activation/zMailinator/gobutton' is clicked on

2022-09-16 17:07:39 - [TEST_STEP][PASSED] - delay(3): Delayed 3 second(s)

2022-09-16 17:07:42 - [MESSAGE][PASSED] - Delayed 3 second(s)

2022-09-16 17:07:42 - [TEST_STEP][PASSED] - click(findTestObject("00-Signup and Activation/zMailinator/Email - everleagues")): Object: 'Object Repository/00-Signup and Activation/zMailinator/Email - everleagues' is clicked on

2022-09-16 17:07:42 - [MESSAGE][PASSED] - Object: 'Object Repository/00-Signup and Activation/zMailinator/Email - everleagues' is clicked on

2022-09-16 17:07:42 - [TEST_STEP][PASSED] - delay(3): Delayed 3 second(s)

2022-09-16 17:07:45 - [MESSAGE][PASSED] - Delayed 3 second(s)

2022-09-16 17:07:45 - [TEST_STEP][PASSED] - code = getText(findTestObject("Object Repository/06-Teams/For 2FA/2FA code")): Text of object 'Object Repository/06-Teams/For 2FA/2FA code' is: '337599'

2022-09-16 17:07:46 - [MESSAGE][PASSED] - Text of object 'Object Repository/06-Teams/For 2FA/2FA code' is: '337599'

2022-09-16 17:07:46 - [TEST_STEP][PASSED] - delay(3): Delayed 3 second(s)

2022-09-16 17:07:49 - [MESSAGE][PASSED] - Delayed 3 second(s)

2022-09-16 17:07:49 - [TEST_STEP][PASSED] - closeWindowTitle("Mailinator"): Window with title: 'Mailinator' is closed

2022-09-16 17:07:49 - [MESSAGE][PASSED] - Window with title: 'Mailinator' is closed

2022-09-16 17:07:49 - [TEST_STEP][PASSED] - delay(3): Delayed 3 second(s)

2022-09-16 17:07:52 - [MESSAGE][PASSED] - Delayed 3 second(s)

2022-09-16 17:07:52 - [TEST_STEP][PASSED] - switchToWindowIndex(0): Switched to window with index: '0'

2022-09-16 17:07:52 - [MESSAGE][PASSED] - Switched to window with index: '0'

2022-09-16 17:07:52 - [TEST_STEP][PASSED] - delay(3): Delayed 3 second(s)

2022-09-16 17:07:55 - [MESSAGE][PASSED] - Delayed 3 second(s)

2022-09-16 17:07:55 - [TEST_STEP][PASSED] - setText(findTestObject("Object Repository/06-Teams/For 2FA/input_Enter verification code_code"), code): Text '337599' is set on object 'Object Repository/06-Teams/For 2FA/input_Enter verification code_code'

2022-09-16 17:07:56 - [MESSAGE][PASSED] - Text '337599' is set on object 'Object Repository/06-Teams/For 2FA/input_Enter verification code_code'

2022-09-16 17:07:56 - [TEST_STEP][PASSED] - delay(3): Delayed 3 second(s)

2022-09-16 17:07:59 - [MESSAGE][PASSED] - Delayed 3 second(s)

2022-09-16 17:07:59 - [TEST_STEP][PASSED] - click(findTestObject("06-Teams/For 2FA/button_Verify_2FA")): Object: 'Object Repository/06-Teams/For 2FA/button_Verify_2FA' is clicked on

2022-09-16 17:07:59 - [MESSAGE][PASSED] - Object: 'Object Repository/06-Teams/For 2FA/button_Verify_2FA' is clicked on

2022-09-16 17:07:59 - [TEST_STEP][PASSED] - delay(5): Delayed 5 second(s)

2022-09-16 17:08:04 - [MESSAGE][PASSED] - Delayed 5 second(s)

2022-09-16 17:08:04 - [TEST_STEP][PASSED] - click(findTestObject("06-Teams/button_doublearrow")): Object: 'Object Repository/06-Teams/button_doublearrow' is clicked on

2022-09-16 17:08:06 - [MESSAGE][PASSED] - Object: 'Object Repository/06-Teams/button_doublearrow' is clicked on

2022-09-16 17:08:06 - [TEST_STEP][PASSED] - click(findTestObject("06-Teams/button_My Organizations")): Object: 'Object Repository/06-Teams/button_My Organizations' is clicked on

2022-09-16 17:08:06 - [MESSAGE][PASSED] - Object: 'Object Repository/06-Teams/button_My Organizations' is clicked on

2022-09-16 17:08:06 - [TEST_STEP][PASSED] - click(findTestObject("06-Teams/button_GG Automation")): Object: 'Object Repository/06-Teams/button_GG Automation' is clicked on

2022-09-16 17:08:07 - [MESSAGE][PASSED] - Object: 'Object Repository/06-Teams/button_GG Automation' is clicked on

2022-09-16 17:08:07 - [TEST_STEP][PASSED] - delay(4): Delayed 4 second(s)

2022-09-16 17:08:11 - [MESSAGE][PASSED] - Delayed 4 second(s)

2022-09-16 17:08:11 - [TEST_STEP][PASSED] - verifyElementVisible(findTestObject("06-Teams/span_GG Automation")): Object 'Object Repository/06-Teams/span_GG Automation' is visible

2022-09-16 17:08:11 - [MESSAGE][PASSED] - Object 'Object Repository/06-Teams/span_GG Automation' is visible

2022-09-16 17:08:11 - [TEST_STEP][PASSED] - delay(10): Delayed 10 second(s)

2022-09-16 17:08:21 - [MESSAGE][PASSED] - Delayed 10 second(s)

2022-09-16 17:08:21 - [TEST_STEP][PASSED] - click(findTestObject("03-Header Menu/Hamburger Button/div_Settings")): Object: 'Object Repository/03-Header Menu/Hamburger Button/div_Settings' is clicked on

2022-09-16 17:08:30 - [MESSAGE][PASSED] - Object: 'Object Repository/03-Header Menu/Hamburger Button/div_Settings' is clicked on

2022-09-16 17:08:30 - [TEST_STEP][PASSED] - verifyElementVisible(findTestObject("09-Settings/Users/div_Organization")): Object 'Object Repository/09-Settings/Users/div_Organization' is visible

2022-09-16 17:08:31 - [MESSAGE][PASSED] - Object 'Object Repository/09-Settings/Users/div_Organization' is visible

2022-09-16 17:08:31 - [TEST_STEP][PASSED] - verifyElementVisible(findTestObject("09-Settings/Users/div_Organization Units")): Object 'Object Repository/09-Settings/Users/div_Organization Units' is visible

2022-09-16 17:08:31 - [MESSAGE][PASSED] - Object 'Object Repository/09-Settings/Users/div_Organization Units' is visible

2022-09-16 17:08:31 - [TEST_STEP][PASSED] - verifyElementVisible(findTestObject("09-Settings/Users/div_Subscriptions")): Object 'Object Repository/09-Settings/Users/div_Subscriptions' is visible

2022-09-16 17:08:32 - [MESSAGE][PASSED] - Object 'Object Repository/09-Settings/Users/div_Subscriptions' is visible

2022-09-16 17:08:32 - [TEST_STEP][PASSED] - verifyElementVisible(findTestObject("09-Settings/Users/div_Users")): Object 'Object Repository/09-Settings/Users/div_Users' is visible

2022-09-16 17:08:32 - [MESSAGE][PASSED] - Object 'Object Repository/09-Settings/Users/div_Users' is visible

2022-09-16 17:08:32 - [TEST_STEP][PASSED] - delay(3): Delayed 3 second(s)

2022-09-16 17:08:35 - [MESSAGE][PASSED] - Delayed 3 second(s)

2022-09-16 17:08:35 - [TEST_STEP][PASSED] - click(findTestObject("09-Settings/Users/div_Users")): Object: 'Object Repository/09-Settings/Users/div_Users' is clicked on

2022-09-16 17:08:36 - [MESSAGE][PASSED] - Object: 'Object Repository/09-Settings/Users/div_Users' is clicked on

2022-09-16 17:08:36 - [TEST_STEP][PASSED] - verifyElementVisible(findTestObject("09-Settings/Users/h4_USERS")): Object 'Object Repository/09-Settings/Users/h4_USERS' is visible

2022-09-16 17:08:37 - [MESSAGE][PASSED] - Object 'Object Repository/09-Settings/Users/h4_USERS' is visible

2022-09-16 17:08:37 - [TEST_STEP][PASSED] - verifyElementVisible(findTestObject("09-Settings/Users/User Page")): Object 'Object Repository/09-Settings/Users/User Page' is visible

2022-09-16 17:08:37 - [MESSAGE][PASSED] - Object 'Object Repository/09-Settings/Users/User Page' is visible

2022-09-16 17:08:37 - [TEST_STEP][PASSED] - delay(3): Delayed 3 second(s)

2022-09-16 17:08:40 - [MESSAGE][PASSED] - Delayed 3 second(s)

2022-09-16 17:08:40 - [TEST_STEP][PASSED] - click(findTestObject("09-Settings/Users/button_add")): Object: 'Object Repository/09-Settings/Users/button_add' is clicked on

2022-09-16 17:08:41 - [MESSAGE][PASSED] - Object: 'Object Repository/09-Settings/Users/button_add' is clicked on

2022-09-16 17:08:41 - [TEST_STEP][PASSED] - verifyElementVisible(findTestObject("09-Settings/Users/User Invitation modal")): Object 'Object Repository/09-Settings/Users/User Invitation modal' is visible

2022-09-16 17:08:41 - [MESSAGE][PASSED] - Object 'Object Repository/09-Settings/Users/User Invitation modal' is visible

2022-09-16 17:08:41 - [TEST_STEP][PASSED] - delay(3): Delayed 3 second(s)

2022-09-16 17:08:44 - [MESSAGE][PASSED] - Delayed 3 second(s)

2022-09-16 17:08:44 - [TEST_STEP][PASSED] - click(findTestObject("09-Settings/Users/add Invite a single user")): Object: 'Object Repository/09-Settings/Users/add Invite a single user' is clicked on

2022-09-16 17:08:44 - [MESSAGE][PASSED] - Object: 'Object Repository/09-Settings/Users/add Invite a single user' is clicked on

2022-09-16 17:08:44 - [TEST_STEP][PASSED] - verifyElementVisible(findTestObject("09-Settings/Users/Invite new user modal")): Object 'Object Repository/09-Settings/Users/Invite new user modal' is visible

2022-09-16 17:08:46 - [MESSAGE][PASSED] - Object 'Object Repository/09-Settings/Users/Invite new user modal' is visible

2022-09-16 17:08:46 - [TEST_STEP][PASSED] - click(findTestObject("09-Settings/Users/input_email")): Object: 'Object Repository/09-Settings/Users/input_email' is clicked on

2022-09-16 17:08:46 - [MESSAGE][PASSED] - Object: 'Object Repository/09-Settings/Users/input_email' is clicked on

2022-09-16 17:08:46 - [TEST_STEP][PASSED] - click(findTestObject("09-Settings/Users/input_firstName")): Object: 'Object Repository/09-Settings/Users/input_firstName' is clicked on

2022-09-16 17:08:46 - [MESSAGE][PASSED] - Object: 'Object Repository/09-Settings/Users/input_firstName' is clicked on

2022-09-16 17:08:46 - [TEST_STEP][PASSED] - click(findTestObject("09-Settings/Users/input_lastName")): Object: 'Object Repository/09-Settings/Users/input_lastName' is clicked on

2022-09-16 17:08:47 - [MESSAGE][PASSED] - Object: 'Object Repository/09-Settings/Users/input_lastName' is clicked on

2022-09-16 17:08:47 - [TEST_STEP][PASSED] - click(findTestObject("09-Settings/Users/span_Role")): Object: 'Object Repository/09-Settings/Users/span_Role' is clicked on

2022-09-16 17:08:47 - [MESSAGE][PASSED] - Object: 'Object Repository/09-Settings/Users/span_Role' is clicked on

2022-09-16 17:08:47 - [TEST_STEP][PASSED] - clickOffset(findTestObject("09-Settings/Users/h4_Invite New User"), 100, 100): Object: 'Object Repository/09-Settings/Users/h4_Invite New User' is clicked on using offset x=100 and y=100

2022-09-16 17:08:48 - [MESSAGE][PASSED] - Object: 'Object Repository/09-Settings/Users/h4_Invite New User' is clicked on using offset x=100 and y=100

2022-09-16 17:08:48 - [TEST_STEP][PASSED] - verifyElementVisible(findTestObject("09-Settings/Users/Email required")): Object 'Object Repository/09-Settings/Users/Email required' is visible

2022-09-16 17:08:49 - [MESSAGE][PASSED] - Object 'Object Repository/09-Settings/Users/Email required' is visible

2022-09-16 17:08:49 - [TEST_STEP][PASSED] - verifyElementVisible(findTestObject("09-Settings/Users/Firstname required")): Object 'Object Repository/09-Settings/Users/Firstname required' is visible

2022-09-16 17:08:49 - [MESSAGE][PASSED] - Object 'Object Repository/09-Settings/Users/Firstname required' is visible

2022-09-16 17:08:49 - [TEST_STEP][PASSED] - verifyElementVisible(findTestObject("09-Settings/Users/last name required")): Object 'Object Repository/09-Settings/Users/last name required' is visible

2022-09-16 17:08:50 - [MESSAGE][PASSED] - Object 'Object Repository/09-Settings/Users/last name required' is visible

2022-09-16 17:08:50 - [TEST_STEP][PASSED] - verifyElementVisible(findTestObject("09-Settings/Users/error_Select a role")): Object 'Object Repository/09-Settings/Users/error_Select a role' is visible

2022-09-16 17:08:50 - [MESSAGE][PASSED] - Object 'Object Repository/09-Settings/Users/error_Select a role' is visible

2022-09-16 17:08:50 - [TEST_STEP][PASSED] - delay(3): Delayed 3 second(s)

2022-09-16 17:08:53 - [MESSAGE][PASSED] - Delayed 3 second(s)

2022-09-16 17:08:53 - [TEST_STEP][PASSED] - closeBrowser(): Browser is closed

2022-09-16 17:08:54 - [MESSAGE][PASSED] - Browser is closed]]></system-out>
         <system-err><![CDATA[]]></system-err>
      </testcase>
      <testcase name="Test Cases/09-Settings/02 - Users (Invite new user as co worker)" time="448.477" classname="Test Cases/09-Settings/02 - Users (Invite new user as co worker)" status="PASSED">
         <system-out><![CDATA[2022-09-16 17:08:54 - [TEST_CASE][PASSED] - Test Cases/09-Settings/02 - Users (Invite new user as co worker): Test Cases/09-Settings/02 - Users (Invite new user as co worker)

2022-09-16 17:08:54 - [TEST_STEP][PASSED] - openBrowser(""): Browser is opened with url: ''

2022-09-16 17:08:54 - [MESSAGE][INFO] - Starting 'Chrome' driver

2022-09-16 17:08:54 - [MESSAGE][INFO] - Action delay is set to 0 milliseconds

2022-09-16 17:08:55 - [MESSAGE][PASSED] - Browser is opened with url: ''

2022-09-16 17:08:55 - [TEST_STEP][PASSED] - navigateToUrl("https://lab.everleagues.com/"): Navigate to 'https://lab.everleagues.com/' successfully

2022-09-16 17:09:31 - [MESSAGE][PASSED] - Navigate to 'https://lab.everleagues.com/' successfully

2022-09-16 17:09:31 - [TEST_STEP][PASSED] - maximizeWindow(): Current window maximized

2022-09-16 17:09:31 - [MESSAGE][PASSED] - Current window maximized

2022-09-16 17:09:31 - [TEST_STEP][PASSED] - setText(findTestObject("02-Side Icons(Organization)/Add Contact/Email Field"), "testuser02@mailinator.com"): Text 'testuser02@mailinator.com' is set on object 'Object Repository/02-Side Icons(Organization)/Add Contact/Email Field'

2022-09-16 17:09:32 - [MESSAGE][PASSED] - Text 'testuser02@mailinator.com' is set on object 'Object Repository/02-Side Icons(Organization)/Add Contact/Email Field'

2022-09-16 17:09:32 - [TEST_STEP][PASSED] - setEncryptedText(findTestObject("02-Side Icons(Organization)/Add Contact/Password Field"), "8yFRyszE6U6jvsCn51OQbg=="): Text ****** has been set on object 'Object Repository/02-Side Icons(Organization)/Add Contact/Password Field'

2022-09-16 17:09:32 - [MESSAGE][PASSED] - Text ****** has been set on object 'Object Repository/02-Side Icons(Organization)/Add Contact/Password Field'

2022-09-16 17:09:32 - [TEST_STEP][PASSED] - click(findTestObject("02-Side Icons(Organization)/Add Contact/button_Sign in")): Object: 'Object Repository/02-Side Icons(Organization)/Add Contact/button_Sign in' is clicked on

2022-09-16 17:09:33 - [MESSAGE][PASSED] - Object: 'Object Repository/02-Side Icons(Organization)/Add Contact/button_Sign in' is clicked on

2022-09-16 17:09:33 - [TEST_STEP][PASSED] - delay(2): Delayed 2 second(s)

2022-09-16 17:09:35 - [MESSAGE][PASSED] - Delayed 2 second(s)

2022-09-16 17:09:35 - [TEST_STEP][PASSED] - click(findTestObject("06-Teams/For 2FA/button_Confirm_2FA")): Object: 'Object Repository/06-Teams/For 2FA/button_Confirm_2FA' is clicked on

2022-09-16 17:09:35 - [MESSAGE][PASSED] - Object: 'Object Repository/06-Teams/For 2FA/button_Confirm_2FA' is clicked on

2022-09-16 17:09:35 - [TEST_STEP][PASSED] - executeJavaScript("window.open();", []): Execute JavaScript 'window.open();' successfully

2022-09-16 17:09:35 - [MESSAGE][PASSED] - Execute JavaScript 'window.open();' successfully

2022-09-16 17:09:35 - [TEST_STEP][PASSED] - currentWindow = getWindowIndex(): Current window's index is: 0

2022-09-16 17:09:35 - [MESSAGE][PASSED] - Current window's index is: 0

2022-09-16 17:09:35 - [TEST_STEP][PASSED] - delay(3): Delayed 3 second(s)

2022-09-16 17:09:38 - [MESSAGE][PASSED] - Delayed 3 second(s)

2022-09-16 17:09:38 - [TEST_STEP][PASSED] - switchToWindowIndex(currentWindow + 1): Switched to window with index: '1'

2022-09-16 17:09:38 - [MESSAGE][PASSED] - Switched to window with index: '1'

2022-09-16 17:09:38 - [TEST_STEP][PASSED] - navigateToUrl("https://www.mailinator.com/"): Navigate to 'https://www.mailinator.com/' successfully

2022-09-16 17:09:40 - [MESSAGE][PASSED] - Navigate to 'https://www.mailinator.com/' successfully

2022-09-16 17:09:40 - [TEST_STEP][PASSED] - delay(3): Delayed 3 second(s)

2022-09-16 17:09:43 - [MESSAGE][PASSED] - Delayed 3 second(s)

2022-09-16 17:09:43 - [TEST_STEP][PASSED] - setText(findTestObject("00-Signup and Activation/zMailinator/input_LOGIN_search"), "testuser02@mailinator.com"): Text 'testuser02@mailinator.com' is set on object 'Object Repository/00-Signup and Activation/zMailinator/input_LOGIN_search'

2022-09-16 17:09:44 - [MESSAGE][PASSED] - Text 'testuser02@mailinator.com' is set on object 'Object Repository/00-Signup and Activation/zMailinator/input_LOGIN_search'

2022-09-16 17:09:44 - [TEST_STEP][PASSED] - click(findTestObject("00-Signup and Activation/zMailinator/gobutton"), STOP_ON_FAILURE): Object: 'Object Repository/00-Signup and Activation/zMailinator/gobutton' is clicked on

2022-09-16 17:09:46 - [MESSAGE][PASSED] - Object: 'Object Repository/00-Signup and Activation/zMailinator/gobutton' is clicked on

2022-09-16 17:09:46 - [TEST_STEP][PASSED] - delay(3): Delayed 3 second(s)

2022-09-16 17:09:49 - [MESSAGE][PASSED] - Delayed 3 second(s)

2022-09-16 17:09:49 - [TEST_STEP][PASSED] - click(findTestObject("00-Signup and Activation/zMailinator/Email - everleagues")): Object: 'Object Repository/00-Signup and Activation/zMailinator/Email - everleagues' is clicked on

2022-09-16 17:09:49 - [MESSAGE][PASSED] - Object: 'Object Repository/00-Signup and Activation/zMailinator/Email - everleagues' is clicked on

2022-09-16 17:09:49 - [TEST_STEP][PASSED] - delay(3): Delayed 3 second(s)

2022-09-16 17:09:52 - [MESSAGE][PASSED] - Delayed 3 second(s)

2022-09-16 17:09:52 - [TEST_STEP][PASSED] - code = getText(findTestObject("Object Repository/06-Teams/For 2FA/2FA code")): Text of object 'Object Repository/06-Teams/For 2FA/2FA code' is: '297199'

2022-09-16 17:09:52 - [MESSAGE][PASSED] - Text of object 'Object Repository/06-Teams/For 2FA/2FA code' is: '297199'

2022-09-16 17:09:52 - [TEST_STEP][PASSED] - delay(3): Delayed 3 second(s)

2022-09-16 17:09:55 - [MESSAGE][PASSED] - Delayed 3 second(s)

2022-09-16 17:09:55 - [TEST_STEP][PASSED] - closeWindowTitle("Mailinator"): Window with title: 'Mailinator' is closed

2022-09-16 17:09:56 - [MESSAGE][PASSED] - Window with title: 'Mailinator' is closed

2022-09-16 17:09:56 - [TEST_STEP][PASSED] - delay(3): Delayed 3 second(s)

2022-09-16 17:09:59 - [MESSAGE][PASSED] - Delayed 3 second(s)

2022-09-16 17:09:59 - [TEST_STEP][PASSED] - switchToWindowIndex(0): Switched to window with index: '0'

2022-09-16 17:09:59 - [MESSAGE][PASSED] - Switched to window with index: '0'

2022-09-16 17:09:59 - [TEST_STEP][PASSED] - delay(3): Delayed 3 second(s)

2022-09-16 17:10:02 - [MESSAGE][PASSED] - Delayed 3 second(s)

2022-09-16 17:10:02 - [TEST_STEP][PASSED] - setText(findTestObject("Object Repository/06-Teams/For 2FA/input_Enter verification code_code"), code): Text '297199' is set on object 'Object Repository/06-Teams/For 2FA/input_Enter verification code_code'

2022-09-16 17:10:02 - [MESSAGE][PASSED] - Text '297199' is set on object 'Object Repository/06-Teams/For 2FA/input_Enter verification code_code'

2022-09-16 17:10:02 - [TEST_STEP][PASSED] - delay(3): Delayed 3 second(s)

2022-09-16 17:10:05 - [MESSAGE][PASSED] - Delayed 3 second(s)

2022-09-16 17:10:05 - [TEST_STEP][PASSED] - click(findTestObject("06-Teams/For 2FA/button_Verify_2FA")): Object: 'Object Repository/06-Teams/For 2FA/button_Verify_2FA' is clicked on

2022-09-16 17:10:06 - [MESSAGE][PASSED] - Object: 'Object Repository/06-Teams/For 2FA/button_Verify_2FA' is clicked on

2022-09-16 17:10:06 - [TEST_STEP][PASSED] - delay(5): Delayed 5 second(s)

2022-09-16 17:10:11 - [MESSAGE][PASSED] - Delayed 5 second(s)

2022-09-16 17:10:11 - [TEST_STEP][PASSED] - click(findTestObject("06-Teams/button_doublearrow")): Object: 'Object Repository/06-Teams/button_doublearrow' is clicked on

2022-09-16 17:10:12 - [MESSAGE][PASSED] - Object: 'Object Repository/06-Teams/button_doublearrow' is clicked on

2022-09-16 17:10:12 - [TEST_STEP][PASSED] - click(findTestObject("06-Teams/button_My Organizations")): Object: 'Object Repository/06-Teams/button_My Organizations' is clicked on

2022-09-16 17:10:13 - [MESSAGE][PASSED] - Object: 'Object Repository/06-Teams/button_My Organizations' is clicked on

2022-09-16 17:10:13 - [TEST_STEP][PASSED] - click(findTestObject("06-Teams/button_GG Automation")): Object: 'Object Repository/06-Teams/button_GG Automation' is clicked on

2022-09-16 17:10:14 - [MESSAGE][PASSED] - Object: 'Object Repository/06-Teams/button_GG Automation' is clicked on

2022-09-16 17:10:14 - [TEST_STEP][PASSED] - delay(4): Delayed 4 second(s)

2022-09-16 17:10:18 - [MESSAGE][PASSED] - Delayed 4 second(s)

2022-09-16 17:10:18 - [TEST_STEP][PASSED] - verifyElementVisible(findTestObject("06-Teams/span_GG Automation")): Object 'Object Repository/06-Teams/span_GG Automation' is visible

2022-09-16 17:10:18 - [MESSAGE][PASSED] - Object 'Object Repository/06-Teams/span_GG Automation' is visible

2022-09-16 17:10:18 - [TEST_STEP][PASSED] - delay(10): Delayed 10 second(s)

2022-09-16 17:10:28 - [MESSAGE][PASSED] - Delayed 10 second(s)

2022-09-16 17:10:28 - [TEST_STEP][PASSED] - click(findTestObject("03-Header Menu/Hamburger Button/div_Settings")): Object: 'Object Repository/03-Header Menu/Hamburger Button/div_Settings' is clicked on

2022-09-16 17:10:28 - [MESSAGE][PASSED] - Object: 'Object Repository/03-Header Menu/Hamburger Button/div_Settings' is clicked on

2022-09-16 17:10:28 - [TEST_STEP][PASSED] - delay(3): Delayed 3 second(s)

2022-09-16 17:10:31 - [MESSAGE][PASSED] - Delayed 3 second(s)

2022-09-16 17:10:31 - [TEST_STEP][PASSED] - click(findTestObject("09-Settings/Users/div_Users")): Object: 'Object Repository/09-Settings/Users/div_Users' is clicked on

2022-09-16 17:10:32 - [MESSAGE][PASSED] - Object: 'Object Repository/09-Settings/Users/div_Users' is clicked on

2022-09-16 17:10:32 - [TEST_STEP][PASSED] - delay(3): Delayed 3 second(s)

2022-09-16 17:10:35 - [MESSAGE][PASSED] - Delayed 3 second(s)

2022-09-16 17:10:35 - [TEST_STEP][PASSED] - click(findTestObject("09-Settings/Users/button_add")): Object: 'Object Repository/09-Settings/Users/button_add' is clicked on

2022-09-16 17:10:35 - [MESSAGE][PASSED] - Object: 'Object Repository/09-Settings/Users/button_add' is clicked on

2022-09-16 17:10:35 - [TEST_STEP][PASSED] - delay(3): Delayed 3 second(s)

2022-09-16 17:10:38 - [MESSAGE][PASSED] - Delayed 3 second(s)

2022-09-16 17:10:38 - [TEST_STEP][PASSED] - click(findTestObject("09-Settings/Users/add Invite a single user")): Object: 'Object Repository/09-Settings/Users/add Invite a single user' is clicked on

2022-09-16 17:10:39 - [MESSAGE][PASSED] - Object: 'Object Repository/09-Settings/Users/add Invite a single user' is clicked on

2022-09-16 17:10:39 - [TEST_STEP][PASSED] - delay(3): Delayed 3 second(s)

2022-09-16 17:10:42 - [MESSAGE][PASSED] - Delayed 3 second(s)

2022-09-16 17:10:42 - [TEST_STEP][PASSED] - setText(findTestObject("09-Settings/Users/input_email"), "autotester04@mailinator.com"): Text 'autotester04@mailinator.com' is set on object 'Object Repository/09-Settings/Users/input_email'

2022-09-16 17:10:43 - [MESSAGE][PASSED] - Text 'autotester04@mailinator.com' is set on object 'Object Repository/09-Settings/Users/input_email'

2022-09-16 17:10:43 - [TEST_STEP][PASSED] - setText(findTestObject("09-Settings/Users/input_firstName"), "GG"): Text 'GG' is set on object 'Object Repository/09-Settings/Users/input_firstName'

2022-09-16 17:10:43 - [MESSAGE][PASSED] - Text 'GG' is set on object 'Object Repository/09-Settings/Users/input_firstName'

2022-09-16 17:10:43 - [TEST_STEP][PASSED] - setText(findTestObject("09-Settings/Users/input_lastName"), "Auto Contact 2"): Text 'Auto Contact 2' is set on object 'Object Repository/09-Settings/Users/input_lastName'

2022-09-16 17:10:44 - [MESSAGE][PASSED] - Text 'Auto Contact 2' is set on object 'Object Repository/09-Settings/Users/input_lastName'

2022-09-16 17:10:44 - [TEST_STEP][PASSED] - click(findTestObject("09-Settings/Users/span_Role")): Object: 'Object Repository/09-Settings/Users/span_Role' is clicked on

2022-09-16 17:10:45 - [MESSAGE][PASSED] - Object: 'Object Repository/09-Settings/Users/span_Role' is clicked on

2022-09-16 17:10:45 - [TEST_STEP][PASSED] - click(findTestObject("09-Settings/Users/span_CoWorker")): Object: 'Object Repository/09-Settings/Users/span_CoWorker' is clicked on

2022-09-16 17:10:45 - [MESSAGE][PASSED] - Object: 'Object Repository/09-Settings/Users/span_CoWorker' is clicked on

2022-09-16 17:10:45 - [TEST_STEP][PASSED] - click(findTestObject("09-Settings/Users/button_Send Invitation")): Object: 'Object Repository/09-Settings/Users/button_Send Invitation' is clicked on

2022-09-16 17:10:46 - [MESSAGE][PASSED] - Object: 'Object Repository/09-Settings/Users/button_Send Invitation' is clicked on

2022-09-16 17:10:46 - [TEST_STEP][PASSED] - delay(2): Delayed 2 second(s)

2022-09-16 17:10:48 - [MESSAGE][PASSED] - Delayed 2 second(s)

2022-09-16 17:10:48 - [TEST_STEP][PASSED] - verifyElementVisible(findTestObject("07-Directory/Connections/zContact Profile/Successfully invited user")): Object 'Object Repository/07-Directory/Connections/zContact Profile/Successfully invited user' is visible

2022-09-16 17:10:50 - [MESSAGE][PASSED] - Object 'Object Repository/07-Directory/Connections/zContact Profile/Successfully invited user' is visible

2022-09-16 17:10:50 - [TEST_STEP][PASSED] - delay(2): Delayed 2 second(s)

2022-09-16 17:10:52 - [MESSAGE][PASSED] - Delayed 2 second(s)

2022-09-16 17:10:52 - [TEST_STEP][PASSED] - executeJavaScript("window.open();", []): Execute JavaScript 'window.open();' successfully

2022-09-16 17:10:52 - [MESSAGE][PASSED] - Execute JavaScript 'window.open();' successfully

2022-09-16 17:10:52 - [TEST_STEP][PASSED] - currentWindow = getWindowIndex(): Current window's index is: 0

2022-09-16 17:10:52 - [MESSAGE][PASSED] - Current window's index is: 0

2022-09-16 17:10:52 - [TEST_STEP][PASSED] - delay(3): Delayed 3 second(s)

2022-09-16 17:10:55 - [MESSAGE][PASSED] - Delayed 3 second(s)

2022-09-16 17:10:55 - [TEST_STEP][PASSED] - switchToWindowIndex(currentWindow + 1): Switched to window with index: '1'

2022-09-16 17:10:55 - [MESSAGE][PASSED] - Switched to window with index: '1'

2022-09-16 17:10:55 - [TEST_STEP][PASSED] - navigateToUrl("https://www.mailinator.com/"): Navigate to 'https://www.mailinator.com/' successfully

2022-09-16 17:10:56 - [MESSAGE][PASSED] - Navigate to 'https://www.mailinator.com/' successfully

2022-09-16 17:10:56 - [TEST_STEP][PASSED] - delay(3): Delayed 3 second(s)

2022-09-16 17:10:59 - [MESSAGE][PASSED] - Delayed 3 second(s)

2022-09-16 17:10:59 - [TEST_STEP][PASSED] - setText(findTestObject("00-Signup and Activation/zMailinator/input_LOGIN_search"), "autotester04@mailinator.com"): Text 'autotester04@mailinator.com' is set on object 'Object Repository/00-Signup and Activation/zMailinator/input_LOGIN_search'

2022-09-16 17:11:00 - [MESSAGE][PASSED] - Text 'autotester04@mailinator.com' is set on object 'Object Repository/00-Signup and Activation/zMailinator/input_LOGIN_search'

2022-09-16 17:11:00 - [TEST_STEP][PASSED] - click(findTestObject("00-Signup and Activation/zMailinator/gobutton"), STOP_ON_FAILURE): Object: 'Object Repository/00-Signup and Activation/zMailinator/gobutton' is clicked on

2022-09-16 17:11:00 - [MESSAGE][PASSED] - Object: 'Object Repository/00-Signup and Activation/zMailinator/gobutton' is clicked on

2022-09-16 17:11:00 - [TEST_STEP][PASSED] - delay(3): Delayed 3 second(s)

2022-09-16 17:11:03 - [MESSAGE][PASSED] - Delayed 3 second(s)

2022-09-16 17:11:03 - [TEST_STEP][PASSED] - closeWindowTitle("Everleagues"): Window with title: 'Everleagues' is closed

2022-09-16 17:11:04 - [MESSAGE][PASSED] - Window with title: 'Everleagues' is closed

2022-09-16 17:11:04 - [TEST_STEP][PASSED] - switchToWindowIndex(0): Switched to window with index: '0'

2022-09-16 17:11:04 - [MESSAGE][PASSED] - Switched to window with index: '0'

2022-09-16 17:11:04 - [TEST_STEP][PASSED] - click(findTestObject("09-Settings/Users/Co worker/td_Invitation from GG Automation")): Object: 'Object Repository/09-Settings/Users/Co worker/td_Invitation from GG Automation' is clicked on

2022-09-16 17:11:04 - [MESSAGE][PASSED] - Object: 'Object Repository/09-Settings/Users/Co worker/td_Invitation from GG Automation' is clicked on

2022-09-16 17:11:04 - [TEST_STEP][PASSED] - click(findTestObject("09-Settings/Users/Co worker/a_Click here to join GG Automation on EverLeagues")): Object: 'Object Repository/09-Settings/Users/Co worker/a_Click here to join GG Automation on EverLeagues' is clicked on

2022-09-16 17:11:05 - [MESSAGE][PASSED] - Object: 'Object Repository/09-Settings/Users/Co worker/a_Click here to join GG Automation on EverLeagues' is clicked on

2022-09-16 17:11:05 - [TEST_STEP][PASSED] - closeWindowTitle("Mailinator"): Window with title: 'Mailinator' is closed

2022-09-16 17:11:05 - [MESSAGE][PASSED] - Window with title: 'Mailinator' is closed

2022-09-16 17:11:05 - [TEST_STEP][PASSED] - switchToWindowIndex(0): Switched to window with index: '0'

2022-09-16 17:11:05 - [MESSAGE][PASSED] - Switched to window with index: '0'

2022-09-16 17:11:05 - [TEST_STEP][PASSED] - verifyElementVisible(findTestObject("09-Settings/Users/Co worker/Logout before proceed modal")): Object 'Object Repository/09-Settings/Users/Co worker/Logout before proceed modal' is visible

2022-09-16 17:11:11 - [MESSAGE][PASSED] - Object 'Object Repository/09-Settings/Users/Co worker/Logout before proceed modal' is visible

2022-09-16 17:11:11 - [TEST_STEP][PASSED] - click(findTestObject("09-Settings/Users/Co worker/button_Yes")): Object: 'Object Repository/09-Settings/Users/Co worker/button_Yes' is clicked on

2022-09-16 17:11:11 - [MESSAGE][PASSED] - Object: 'Object Repository/09-Settings/Users/Co worker/button_Yes' is clicked on

2022-09-16 17:11:11 - [TEST_STEP][PASSED] - delay(3): Delayed 3 second(s)

2022-09-16 17:11:14 - [MESSAGE][PASSED] - Delayed 3 second(s)

2022-09-16 17:11:14 - [TEST_STEP][PASSED] - setText(findTestObject("09-Settings/Users/Co worker/input_Email_email"), "autotester04@mailinator.com"): Text 'autotester04@mailinator.com' is set on object 'Object Repository/09-Settings/Users/Co worker/input_Email_email'

2022-09-16 17:12:15 - [MESSAGE][PASSED] - Text 'autotester04@mailinator.com' is set on object 'Object Repository/09-Settings/Users/Co worker/input_Email_email'

2022-09-16 17:12:15 - [TEST_STEP][PASSED] - setEncryptedText(findTestObject("09-Settings/Users/Co worker/input__password"), "8yFRyszE6U6jvsCn51OQbg=="): Text ****** has been set on object 'Object Repository/09-Settings/Users/Co worker/input__password'

2022-09-16 17:12:45 - [MESSAGE][PASSED] - Text ****** has been set on object 'Object Repository/09-Settings/Users/Co worker/input__password'

2022-09-16 17:12:45 - [TEST_STEP][PASSED] - click(findTestObject("02-Side Icons(Organization)/Add Contact/button_Sign in")): Object: 'Object Repository/02-Side Icons(Organization)/Add Contact/button_Sign in' is clicked on

2022-09-16 17:13:15 - [MESSAGE][PASSED] - Object: 'Object Repository/02-Side Icons(Organization)/Add Contact/button_Sign in' is clicked on

2022-09-16 17:13:15 - [TEST_STEP][PASSED] - delay(2): Delayed 2 second(s)

2022-09-16 17:13:17 - [MESSAGE][PASSED] - Delayed 2 second(s)

2022-09-16 17:13:17 - [TEST_STEP][PASSED] - click(findTestObject("06-Teams/For 2FA/button_Confirm_2FA")): Object: 'Object Repository/06-Teams/For 2FA/button_Confirm_2FA' is clicked on

2022-09-16 17:13:47 - [MESSAGE][PASSED] - Object: 'Object Repository/06-Teams/For 2FA/button_Confirm_2FA' is clicked on

2022-09-16 17:13:47 - [TEST_STEP][PASSED] - executeJavaScript("window.open();", []): Execute JavaScript 'window.open();' successfully

2022-09-16 17:13:47 - [MESSAGE][PASSED] - Execute JavaScript 'window.open();' successfully

2022-09-16 17:13:47 - [TEST_STEP][PASSED] - currentWindow = getWindowIndex(): Current window's index is: 0

2022-09-16 17:13:47 - [MESSAGE][PASSED] - Current window's index is: 0

2022-09-16 17:13:47 - [TEST_STEP][PASSED] - delay(3): Delayed 3 second(s)

2022-09-16 17:13:50 - [MESSAGE][PASSED] - Delayed 3 second(s)

2022-09-16 17:13:50 - [TEST_STEP][PASSED] - switchToWindowIndex(currentWindow + 1): Switched to window with index: '1'

2022-09-16 17:13:50 - [MESSAGE][PASSED] - Switched to window with index: '1'

2022-09-16 17:13:50 - [TEST_STEP][PASSED] - navigateToUrl("https://www.mailinator.com/"): Navigate to 'https://www.mailinator.com/' successfully

2022-09-16 17:13:52 - [MESSAGE][PASSED] - Navigate to 'https://www.mailinator.com/' successfully

2022-09-16 17:13:52 - [TEST_STEP][PASSED] - delay(3): Delayed 3 second(s)

2022-09-16 17:13:55 - [MESSAGE][PASSED] - Delayed 3 second(s)

2022-09-16 17:13:55 - [TEST_STEP][PASSED] - setText(findTestObject("00-Signup and Activation/zMailinator/input_LOGIN_search"), "autotester04@mailinator.com"): Text 'autotester04@mailinator.com' is set on object 'Object Repository/00-Signup and Activation/zMailinator/input_LOGIN_search'

2022-09-16 17:13:55 - [MESSAGE][PASSED] - Text 'autotester04@mailinator.com' is set on object 'Object Repository/00-Signup and Activation/zMailinator/input_LOGIN_search'

2022-09-16 17:13:55 - [TEST_STEP][PASSED] - click(findTestObject("00-Signup and Activation/zMailinator/gobutton"), STOP_ON_FAILURE): Object: 'Object Repository/00-Signup and Activation/zMailinator/gobutton' is clicked on

2022-09-16 17:13:56 - [MESSAGE][PASSED] - Object: 'Object Repository/00-Signup and Activation/zMailinator/gobutton' is clicked on

2022-09-16 17:13:56 - [TEST_STEP][PASSED] - delay(3): Delayed 3 second(s)

2022-09-16 17:13:59 - [MESSAGE][PASSED] - Delayed 3 second(s)

2022-09-16 17:13:59 - [TEST_STEP][PASSED] - click(findTestObject("00-Signup and Activation/zMailinator/Email - everleagues")): Object: 'Object Repository/00-Signup and Activation/zMailinator/Email - everleagues' is clicked on

2022-09-16 17:13:59 - [MESSAGE][PASSED] - Object: 'Object Repository/00-Signup and Activation/zMailinator/Email - everleagues' is clicked on

2022-09-16 17:13:59 - [TEST_STEP][PASSED] - delay(3): Delayed 3 second(s)

2022-09-16 17:14:02 - [MESSAGE][PASSED] - Delayed 3 second(s)

2022-09-16 17:14:02 - [TEST_STEP][PASSED] - codetwo = getText(findTestObject("Object Repository/06-Teams/For 2FA/2FA code")): Text of object 'Object Repository/06-Teams/For 2FA/2FA code' is: '823750'

2022-09-16 17:14:03 - [MESSAGE][PASSED] - Text of object 'Object Repository/06-Teams/For 2FA/2FA code' is: '823750'

2022-09-16 17:14:03 - [TEST_STEP][PASSED] - delay(3): Delayed 3 second(s)

2022-09-16 17:14:06 - [MESSAGE][PASSED] - Delayed 3 second(s)

2022-09-16 17:14:06 - [TEST_STEP][PASSED] - closeWindowTitle("Mailinator"): Window with title: 'Mailinator' is closed

2022-09-16 17:14:06 - [MESSAGE][PASSED] - Window with title: 'Mailinator' is closed

2022-09-16 17:14:06 - [TEST_STEP][PASSED] - delay(3): Delayed 3 second(s)

2022-09-16 17:14:09 - [MESSAGE][PASSED] - Delayed 3 second(s)

2022-09-16 17:14:09 - [TEST_STEP][PASSED] - switchToWindowIndex(0): Switched to window with index: '0'

2022-09-16 17:14:09 - [MESSAGE][PASSED] - Switched to window with index: '0'

2022-09-16 17:14:09 - [TEST_STEP][PASSED] - delay(3): Delayed 3 second(s)

2022-09-16 17:14:12 - [MESSAGE][PASSED] - Delayed 3 second(s)

2022-09-16 17:14:12 - [TEST_STEP][PASSED] - setText(findTestObject("Object Repository/06-Teams/For 2FA/input_Enter verification code_code"), codetwo): Text '823750' is set on object 'Object Repository/06-Teams/For 2FA/input_Enter verification code_code'

2022-09-16 17:15:12 - [MESSAGE][PASSED] - Text '823750' is set on object 'Object Repository/06-Teams/For 2FA/input_Enter verification code_code'

2022-09-16 17:15:12 - [TEST_STEP][PASSED] - delay(3): Delayed 3 second(s)

2022-09-16 17:15:15 - [MESSAGE][PASSED] - Delayed 3 second(s)

2022-09-16 17:15:15 - [TEST_STEP][PASSED] - click(findTestObject("06-Teams/For 2FA/button_Verify_2FA")): Object: 'Object Repository/06-Teams/For 2FA/button_Verify_2FA' is clicked on

2022-09-16 17:15:46 - [MESSAGE][PASSED] - Object: 'Object Repository/06-Teams/For 2FA/button_Verify_2FA' is clicked on

2022-09-16 17:15:46 - [TEST_STEP][PASSED] - delay(5): Delayed 5 second(s)

2022-09-16 17:15:51 - [MESSAGE][PASSED] - Delayed 5 second(s)

2022-09-16 17:15:51 - [TEST_STEP][PASSED] - executeJavaScript("window.open();", []): Execute JavaScript 'window.open();' successfully

2022-09-16 17:15:51 - [MESSAGE][PASSED] - Execute JavaScript 'window.open();' successfully

2022-09-16 17:15:51 - [TEST_STEP][PASSED] - currentWindow = getWindowIndex(): Current window's index is: 0

2022-09-16 17:15:51 - [MESSAGE][PASSED] - Current window's index is: 0

2022-09-16 17:15:51 - [TEST_STEP][PASSED] - delay(3): Delayed 3 second(s)

2022-09-16 17:15:54 - [MESSAGE][PASSED] - Delayed 3 second(s)

2022-09-16 17:15:54 - [TEST_STEP][PASSED] - switchToWindowIndex(currentWindow + 1): Switched to window with index: '1'

2022-09-16 17:15:54 - [MESSAGE][PASSED] - Switched to window with index: '1'

2022-09-16 17:15:54 - [TEST_STEP][PASSED] - navigateToUrl("https://www.mailinator.com/"): Navigate to 'https://www.mailinator.com/' successfully

2022-09-16 17:15:55 - [MESSAGE][PASSED] - Navigate to 'https://www.mailinator.com/' successfully

2022-09-16 17:15:55 - [TEST_STEP][PASSED] - delay(3): Delayed 3 second(s)

2022-09-16 17:15:58 - [MESSAGE][PASSED] - Delayed 3 second(s)

2022-09-16 17:15:58 - [TEST_STEP][PASSED] - setText(findTestObject("00-Signup and Activation/zMailinator/input_LOGIN_search"), "autotester04@mailinator.com"): Text 'autotester04@mailinator.com' is set on object 'Object Repository/00-Signup and Activation/zMailinator/input_LOGIN_search'

2022-09-16 17:15:59 - [MESSAGE][PASSED] - Text 'autotester04@mailinator.com' is set on object 'Object Repository/00-Signup and Activation/zMailinator/input_LOGIN_search'

2022-09-16 17:15:59 - [TEST_STEP][PASSED] - click(findTestObject("00-Signup and Activation/zMailinator/gobutton"), STOP_ON_FAILURE): Object: 'Object Repository/00-Signup and Activation/zMailinator/gobutton' is clicked on

2022-09-16 17:15:59 - [MESSAGE][PASSED] - Object: 'Object Repository/00-Signup and Activation/zMailinator/gobutton' is clicked on

2022-09-16 17:15:59 - [TEST_STEP][PASSED] - delay(3): Delayed 3 second(s)

2022-09-16 17:16:02 - [MESSAGE][PASSED] - Delayed 3 second(s)

2022-09-16 17:16:02 - [TEST_STEP][PASSED] - closeWindowTitle("Everleagues"): Window with title: 'Everleagues' is closed

2022-09-16 17:16:03 - [MESSAGE][PASSED] - Window with title: 'Everleagues' is closed

2022-09-16 17:16:03 - [TEST_STEP][PASSED] - switchToWindowIndex(0): Switched to window with index: '0'

2022-09-16 17:16:03 - [MESSAGE][PASSED] - Switched to window with index: '0'

2022-09-16 17:16:03 - [TEST_STEP][PASSED] - click(findTestObject("09-Settings/Users/Co worker/td_Invitation from GG Automation")): Object: 'Object Repository/09-Settings/Users/Co worker/td_Invitation from GG Automation' is clicked on

2022-09-16 17:16:03 - [MESSAGE][PASSED] - Object: 'Object Repository/09-Settings/Users/Co worker/td_Invitation from GG Automation' is clicked on

2022-09-16 17:16:03 - [TEST_STEP][PASSED] - click(findTestObject("09-Settings/Users/Co worker/a_Click here to join GG Automation on EverLeagues")): Object: 'Object Repository/09-Settings/Users/Co worker/a_Click here to join GG Automation on EverLeagues' is clicked on

2022-09-16 17:16:04 - [MESSAGE][PASSED] - Object: 'Object Repository/09-Settings/Users/Co worker/a_Click here to join GG Automation on EverLeagues' is clicked on

2022-09-16 17:16:04 - [TEST_STEP][PASSED] - delay(3): Delayed 3 second(s)

2022-09-16 17:16:07 - [MESSAGE][PASSED] - Delayed 3 second(s)

2022-09-16 17:16:07 - [TEST_STEP][PASSED] - closeWindowTitle("Mailinator"): Window with title: 'Mailinator' is closed

2022-09-16 17:16:07 - [MESSAGE][PASSED] - Window with title: 'Mailinator' is closed

2022-09-16 17:16:07 - [TEST_STEP][PASSED] - switchToWindowIndex(0): Switched to window with index: '0'

2022-09-16 17:16:07 - [MESSAGE][PASSED] - Switched to window with index: '0'

2022-09-16 17:16:07 - [TEST_STEP][PASSED] - verifyElementVisible(findTestObject("09-Settings/Users/Co worker/Invite modal")): Object 'Object Repository/09-Settings/Users/Co worker/Invite modal' is visible

2022-09-16 17:16:11 - [MESSAGE][PASSED] - Object 'Object Repository/09-Settings/Users/Co worker/Invite modal' is visible

2022-09-16 17:16:11 - [TEST_STEP][PASSED] - click(findTestObject("09-Settings/Users/Co worker/button_Accept")): Object: 'Object Repository/09-Settings/Users/Co worker/button_Accept' is clicked on

2022-09-16 17:16:11 - [MESSAGE][PASSED] - Object: 'Object Repository/09-Settings/Users/Co worker/button_Accept' is clicked on

2022-09-16 17:16:11 - [TEST_STEP][PASSED] - delay(10): Delayed 10 second(s)

2022-09-16 17:16:21 - [MESSAGE][PASSED] - Delayed 10 second(s)

2022-09-16 17:16:21 - [TEST_STEP][PASSED] - verifyElementVisible(findTestObject("09-Settings/Users/Co worker/div_Joined as CoWorker")): Object 'Object Repository/09-Settings/Users/Co worker/div_Joined as CoWorker' is visible

2022-09-16 17:16:21 - [MESSAGE][PASSED] - Object 'Object Repository/09-Settings/Users/Co worker/div_Joined as CoWorker' is visible

2022-09-16 17:16:21 - [TEST_STEP][PASSED] - closeBrowser(): Browser is closed

2022-09-16 17:16:22 - [MESSAGE][PASSED] - Browser is closed]]></system-out>
         <system-err><![CDATA[]]></system-err>
      </testcase>
      <testcase name="Test Cases/09-Settings/03 - Users (Invite new user as client)" time="219.766" classname="Test Cases/09-Settings/03 - Users (Invite new user as client)" status="PASSED">
         <system-out><![CDATA[2022-09-16 17:16:22 - [TEST_CASE][PASSED] - Test Cases/09-Settings/03 - Users (Invite new user as client): Test Cases/09-Settings/03 - Users (Invite new user as client)

2022-09-16 17:16:23 - [TEST_STEP][PASSED] - openBrowser(""): Browser is opened with url: ''

2022-09-16 17:16:23 - [MESSAGE][INFO] - Starting 'Chrome' driver

2022-09-16 17:16:23 - [MESSAGE][INFO] - Action delay is set to 0 milliseconds

2022-09-16 17:16:24 - [MESSAGE][PASSED] - Browser is opened with url: ''

2022-09-16 17:16:24 - [TEST_STEP][PASSED] - navigateToUrl("https://lab.everleagues.com/"): Navigate to 'https://lab.everleagues.com/' successfully

2022-09-16 17:16:36 - [MESSAGE][PASSED] - Navigate to 'https://lab.everleagues.com/' successfully

2022-09-16 17:16:36 - [TEST_STEP][PASSED] - maximizeWindow(): Current window maximized

2022-09-16 17:16:36 - [MESSAGE][PASSED] - Current window maximized

2022-09-16 17:16:36 - [TEST_STEP][PASSED] - setText(findTestObject("02-Side Icons(Organization)/Add Contact/Email Field"), "testuser02@mailinator.com"): Text 'testuser02@mailinator.com' is set on object 'Object Repository/02-Side Icons(Organization)/Add Contact/Email Field'

2022-09-16 17:16:37 - [MESSAGE][PASSED] - Text 'testuser02@mailinator.com' is set on object 'Object Repository/02-Side Icons(Organization)/Add Contact/Email Field'

2022-09-16 17:16:37 - [TEST_STEP][PASSED] - setEncryptedText(findTestObject("02-Side Icons(Organization)/Add Contact/Password Field"), "8yFRyszE6U6jvsCn51OQbg=="): Text ****** has been set on object 'Object Repository/02-Side Icons(Organization)/Add Contact/Password Field'

2022-09-16 17:16:37 - [MESSAGE][PASSED] - Text ****** has been set on object 'Object Repository/02-Side Icons(Organization)/Add Contact/Password Field'

2022-09-16 17:16:37 - [TEST_STEP][PASSED] - click(findTestObject("02-Side Icons(Organization)/Add Contact/button_Sign in")): Object: 'Object Repository/02-Side Icons(Organization)/Add Contact/button_Sign in' is clicked on

2022-09-16 17:16:38 - [MESSAGE][PASSED] - Object: 'Object Repository/02-Side Icons(Organization)/Add Contact/button_Sign in' is clicked on

2022-09-16 17:16:38 - [TEST_STEP][PASSED] - delay(2): Delayed 2 second(s)

2022-09-16 17:16:40 - [MESSAGE][PASSED] - Delayed 2 second(s)

2022-09-16 17:16:40 - [TEST_STEP][PASSED] - click(findTestObject("06-Teams/For 2FA/button_Confirm_2FA")): Object: 'Object Repository/06-Teams/For 2FA/button_Confirm_2FA' is clicked on

2022-09-16 17:16:40 - [MESSAGE][PASSED] - Object: 'Object Repository/06-Teams/For 2FA/button_Confirm_2FA' is clicked on

2022-09-16 17:16:40 - [TEST_STEP][PASSED] - executeJavaScript("window.open();", []): Execute JavaScript 'window.open();' successfully

2022-09-16 17:16:40 - [MESSAGE][PASSED] - Execute JavaScript 'window.open();' successfully

2022-09-16 17:16:40 - [TEST_STEP][PASSED] - currentWindow = getWindowIndex(): Current window's index is: 0

2022-09-16 17:16:40 - [MESSAGE][PASSED] - Current window's index is: 0

2022-09-16 17:16:40 - [TEST_STEP][PASSED] - delay(3): Delayed 3 second(s)

2022-09-16 17:16:43 - [MESSAGE][PASSED] - Delayed 3 second(s)

2022-09-16 17:16:43 - [TEST_STEP][PASSED] - switchToWindowIndex(currentWindow + 1): Switched to window with index: '1'

2022-09-16 17:16:43 - [MESSAGE][PASSED] - Switched to window with index: '1'

2022-09-16 17:16:43 - [TEST_STEP][PASSED] - navigateToUrl("https://www.mailinator.com/"): Navigate to 'https://www.mailinator.com/' successfully

2022-09-16 17:16:46 - [MESSAGE][PASSED] - Navigate to 'https://www.mailinator.com/' successfully

2022-09-16 17:16:46 - [TEST_STEP][PASSED] - delay(3): Delayed 3 second(s)

2022-09-16 17:16:49 - [MESSAGE][PASSED] - Delayed 3 second(s)

2022-09-16 17:16:49 - [TEST_STEP][PASSED] - setText(findTestObject("00-Signup and Activation/zMailinator/input_LOGIN_search"), "testuser02@mailinator.com"): Text 'testuser02@mailinator.com' is set on object 'Object Repository/00-Signup and Activation/zMailinator/input_LOGIN_search'

2022-09-16 17:16:49 - [MESSAGE][PASSED] - Text 'testuser02@mailinator.com' is set on object 'Object Repository/00-Signup and Activation/zMailinator/input_LOGIN_search'

2022-09-16 17:16:49 - [TEST_STEP][PASSED] - click(findTestObject("00-Signup and Activation/zMailinator/gobutton"), STOP_ON_FAILURE): Object: 'Object Repository/00-Signup and Activation/zMailinator/gobutton' is clicked on

2022-09-16 17:16:51 - [MESSAGE][PASSED] - Object: 'Object Repository/00-Signup and Activation/zMailinator/gobutton' is clicked on

2022-09-16 17:16:51 - [TEST_STEP][PASSED] - delay(3): Delayed 3 second(s)

2022-09-16 17:16:54 - [MESSAGE][PASSED] - Delayed 3 second(s)

2022-09-16 17:16:54 - [TEST_STEP][PASSED] - click(findTestObject("00-Signup and Activation/zMailinator/Email - everleagues")): Object: 'Object Repository/00-Signup and Activation/zMailinator/Email - everleagues' is clicked on

2022-09-16 17:16:54 - [MESSAGE][PASSED] - Object: 'Object Repository/00-Signup and Activation/zMailinator/Email - everleagues' is clicked on

2022-09-16 17:16:54 - [TEST_STEP][PASSED] - delay(3): Delayed 3 second(s)

2022-09-16 17:16:57 - [MESSAGE][PASSED] - Delayed 3 second(s)

2022-09-16 17:16:57 - [TEST_STEP][PASSED] - code = getText(findTestObject("Object Repository/06-Teams/For 2FA/2FA code")): Text of object 'Object Repository/06-Teams/For 2FA/2FA code' is: '440046'

2022-09-16 17:16:58 - [MESSAGE][PASSED] - Text of object 'Object Repository/06-Teams/For 2FA/2FA code' is: '440046'

2022-09-16 17:16:58 - [TEST_STEP][PASSED] - delay(3): Delayed 3 second(s)

2022-09-16 17:17:01 - [MESSAGE][PASSED] - Delayed 3 second(s)

2022-09-16 17:17:01 - [TEST_STEP][PASSED] - closeWindowTitle("Mailinator"): Window with title: 'Mailinator' is closed

2022-09-16 17:17:01 - [MESSAGE][PASSED] - Window with title: 'Mailinator' is closed

2022-09-16 17:17:01 - [TEST_STEP][PASSED] - delay(3): Delayed 3 second(s)

2022-09-16 17:17:04 - [MESSAGE][PASSED] - Delayed 3 second(s)

2022-09-16 17:17:04 - [TEST_STEP][PASSED] - switchToWindowIndex(0): Switched to window with index: '0'

2022-09-16 17:17:04 - [MESSAGE][PASSED] - Switched to window with index: '0'

2022-09-16 17:17:04 - [TEST_STEP][PASSED] - delay(3): Delayed 3 second(s)

2022-09-16 17:17:07 - [MESSAGE][PASSED] - Delayed 3 second(s)

2022-09-16 17:17:07 - [TEST_STEP][PASSED] - setText(findTestObject("Object Repository/06-Teams/For 2FA/input_Enter verification code_code"), code): Text '440046' is set on object 'Object Repository/06-Teams/For 2FA/input_Enter verification code_code'

2022-09-16 17:17:08 - [MESSAGE][PASSED] - Text '440046' is set on object 'Object Repository/06-Teams/For 2FA/input_Enter verification code_code'

2022-09-16 17:17:08 - [TEST_STEP][PASSED] - delay(3): Delayed 3 second(s)

2022-09-16 17:17:11 - [MESSAGE][PASSED] - Delayed 3 second(s)

2022-09-16 17:17:11 - [TEST_STEP][PASSED] - click(findTestObject("06-Teams/For 2FA/button_Verify_2FA")): Object: 'Object Repository/06-Teams/For 2FA/button_Verify_2FA' is clicked on

2022-09-16 17:17:11 - [MESSAGE][PASSED] - Object: 'Object Repository/06-Teams/For 2FA/button_Verify_2FA' is clicked on

2022-09-16 17:17:11 - [TEST_STEP][PASSED] - delay(5): Delayed 5 second(s)

2022-09-16 17:17:16 - [MESSAGE][PASSED] - Delayed 5 second(s)

2022-09-16 17:17:16 - [TEST_STEP][PASSED] - click(findTestObject("06-Teams/button_doublearrow")): Object: 'Object Repository/06-Teams/button_doublearrow' is clicked on

2022-09-16 17:17:17 - [MESSAGE][PASSED] - Object: 'Object Repository/06-Teams/button_doublearrow' is clicked on

2022-09-16 17:17:17 - [TEST_STEP][PASSED] - click(findTestObject("06-Teams/button_My Organizations")): Object: 'Object Repository/06-Teams/button_My Organizations' is clicked on

2022-09-16 17:17:17 - [MESSAGE][PASSED] - Object: 'Object Repository/06-Teams/button_My Organizations' is clicked on

2022-09-16 17:17:17 - [TEST_STEP][PASSED] - click(findTestObject("06-Teams/button_GG Automation")): Object: 'Object Repository/06-Teams/button_GG Automation' is clicked on

2022-09-16 17:17:18 - [MESSAGE][PASSED] - Object: 'Object Repository/06-Teams/button_GG Automation' is clicked on

2022-09-16 17:17:18 - [TEST_STEP][PASSED] - delay(4): Delayed 4 second(s)

2022-09-16 17:17:22 - [MESSAGE][PASSED] - Delayed 4 second(s)

2022-09-16 17:17:22 - [TEST_STEP][PASSED] - verifyElementVisible(findTestObject("06-Teams/span_GG Automation")): Object 'Object Repository/06-Teams/span_GG Automation' is visible

2022-09-16 17:17:23 - [MESSAGE][PASSED] - Object 'Object Repository/06-Teams/span_GG Automation' is visible

2022-09-16 17:17:23 - [TEST_STEP][PASSED] - delay(10): Delayed 10 second(s)

2022-09-16 17:17:33 - [MESSAGE][PASSED] - Delayed 10 second(s)

2022-09-16 17:17:33 - [TEST_STEP][PASSED] - click(findTestObject("03-Header Menu/Hamburger Button/div_Settings")): Object: 'Object Repository/03-Header Menu/Hamburger Button/div_Settings' is clicked on

2022-09-16 17:17:33 - [MESSAGE][PASSED] - Object: 'Object Repository/03-Header Menu/Hamburger Button/div_Settings' is clicked on

2022-09-16 17:17:33 - [TEST_STEP][PASSED] - delay(3): Delayed 3 second(s)

2022-09-16 17:17:36 - [MESSAGE][PASSED] - Delayed 3 second(s)

2022-09-16 17:17:36 - [TEST_STEP][PASSED] - click(findTestObject("09-Settings/Users/div_Users")): Object: 'Object Repository/09-Settings/Users/div_Users' is clicked on

2022-09-16 17:17:37 - [MESSAGE][PASSED] - Object: 'Object Repository/09-Settings/Users/div_Users' is clicked on

2022-09-16 17:17:37 - [TEST_STEP][PASSED] - delay(3): Delayed 3 second(s)

2022-09-16 17:17:40 - [MESSAGE][PASSED] - Delayed 3 second(s)

2022-09-16 17:17:40 - [TEST_STEP][PASSED] - click(findTestObject("09-Settings/Users/button_add")): Object: 'Object Repository/09-Settings/Users/button_add' is clicked on

2022-09-16 17:17:40 - [MESSAGE][PASSED] - Object: 'Object Repository/09-Settings/Users/button_add' is clicked on

2022-09-16 17:17:40 - [TEST_STEP][PASSED] - delay(3): Delayed 3 second(s)

2022-09-16 17:17:43 - [MESSAGE][PASSED] - Delayed 3 second(s)

2022-09-16 17:17:43 - [TEST_STEP][PASSED] - click(findTestObject("09-Settings/Users/add Invite a single user")): Object: 'Object Repository/09-Settings/Users/add Invite a single user' is clicked on

2022-09-16 17:17:44 - [MESSAGE][PASSED] - Object: 'Object Repository/09-Settings/Users/add Invite a single user' is clicked on

2022-09-16 17:17:44 - [TEST_STEP][PASSED] - delay(3): Delayed 3 second(s)

2022-09-16 17:17:47 - [MESSAGE][PASSED] - Delayed 3 second(s)

2022-09-16 17:17:47 - [TEST_STEP][PASSED] - setText(findTestObject("09-Settings/Users/input_email"), "autotester09@mailinator.com"): Text 'autotester09@mailinator.com' is set on object 'Object Repository/09-Settings/Users/input_email'

2022-09-16 17:17:48 - [MESSAGE][PASSED] - Text 'autotester09@mailinator.com' is set on object 'Object Repository/09-Settings/Users/input_email'

2022-09-16 17:17:48 - [TEST_STEP][PASSED] - setText(findTestObject("09-Settings/Users/input_firstName"), "GG"): Text 'GG' is set on object 'Object Repository/09-Settings/Users/input_firstName'

2022-09-16 17:17:48 - [MESSAGE][PASSED] - Text 'GG' is set on object 'Object Repository/09-Settings/Users/input_firstName'

2022-09-16 17:17:48 - [TEST_STEP][PASSED] - setText(findTestObject("09-Settings/Users/input_lastName"), "Client"): Text 'Client' is set on object 'Object Repository/09-Settings/Users/input_lastName'

2022-09-16 17:17:49 - [MESSAGE][PASSED] - Text 'Client' is set on object 'Object Repository/09-Settings/Users/input_lastName'

2022-09-16 17:17:49 - [TEST_STEP][PASSED] - click(findTestObject("09-Settings/Users/span_Role")): Object: 'Object Repository/09-Settings/Users/span_Role' is clicked on

2022-09-16 17:17:50 - [MESSAGE][PASSED] - Object: 'Object Repository/09-Settings/Users/span_Role' is clicked on

2022-09-16 17:17:50 - [TEST_STEP][PASSED] - click(findTestObject("09-Settings/Users/span_Client")): Object: 'Object Repository/09-Settings/Users/span_Client' is clicked on

2022-09-16 17:17:50 - [MESSAGE][PASSED] - Object: 'Object Repository/09-Settings/Users/span_Client' is clicked on

2022-09-16 17:17:50 - [TEST_STEP][PASSED] - click(findTestObject("09-Settings/Users/button_Send Invitation")): Object: 'Object Repository/09-Settings/Users/button_Send Invitation' is clicked on

2022-09-16 17:17:51 - [MESSAGE][PASSED] - Object: 'Object Repository/09-Settings/Users/button_Send Invitation' is clicked on

2022-09-16 17:17:51 - [TEST_STEP][PASSED] - delay(2): Delayed 2 second(s)

2022-09-16 17:17:53 - [MESSAGE][PASSED] - Delayed 2 second(s)

2022-09-16 17:17:53 - [TEST_STEP][PASSED] - verifyElementVisible(findTestObject("07-Directory/Connections/zContact Profile/Successfully invited user")): Object 'Object Repository/07-Directory/Connections/zContact Profile/Successfully invited user' is visible

2022-09-16 17:17:54 - [MESSAGE][PASSED] - Object 'Object Repository/07-Directory/Connections/zContact Profile/Successfully invited user' is visible

2022-09-16 17:17:54 - [TEST_STEP][PASSED] - delay(2): Delayed 2 second(s)

2022-09-16 17:17:56 - [MESSAGE][PASSED] - Delayed 2 second(s)

2022-09-16 17:17:56 - [TEST_STEP][PASSED] - click(findTestObject("01-Login and Forgot Password/User menu drop")): Object: 'Object Repository/01-Login and Forgot Password/User menu drop' is clicked on

2022-09-16 17:17:56 - [MESSAGE][PASSED] - Object: 'Object Repository/01-Login and Forgot Password/User menu drop' is clicked on

2022-09-16 17:17:56 - [TEST_STEP][PASSED] - delay(2): Delayed 2 second(s)

2022-09-16 17:17:58 - [MESSAGE][PASSED] - Delayed 2 second(s)

2022-09-16 17:17:58 - [TEST_STEP][PASSED] - click(findTestObject("01-Login and Forgot Password/h4_Sign Out"), STOP_ON_FAILURE): Object: 'Object Repository/01-Login and Forgot Password/h4_Sign Out' is clicked on

2022-09-16 17:17:58 - [MESSAGE][PASSED] - Object: 'Object Repository/01-Login and Forgot Password/h4_Sign Out' is clicked on

2022-09-16 17:17:58 - [TEST_STEP][PASSED] - delay(2): Delayed 2 second(s)

2022-09-16 17:18:00 - [MESSAGE][PASSED] - Delayed 2 second(s)

2022-09-16 17:18:00 - [TEST_STEP][PASSED] - verifyElementPresent(findTestObject("01-Login and Forgot Password/Login_Card"), 0): Object 'Object Repository/01-Login and Forgot Password/Login_Card' is present

2022-09-16 17:18:00 - [MESSAGE][WARNING] - Timeout '0' is invalid. Using default page load timeout: '30'

2022-09-16 17:18:01 - [MESSAGE][PASSED] - Object 'Object Repository/01-Login and Forgot Password/Login_Card' is present

2022-09-16 17:18:01 - [TEST_STEP][PASSED] - delay(3): Delayed 3 second(s)

2022-09-16 17:18:04 - [MESSAGE][PASSED] - Delayed 3 second(s)

2022-09-16 17:18:04 - [TEST_STEP][PASSED] - closeBrowser(): Browser is closed

2022-09-16 17:18:04 - [MESSAGE][PASSED] - Browser is closed

2022-09-16 17:18:04 - [TEST_STEP][PASSED] - openBrowser(""): Browser is opened with url: ''

2022-09-16 17:18:04 - [MESSAGE][INFO] - Starting 'Chrome' driver

2022-09-16 17:18:04 - [MESSAGE][INFO] - Action delay is set to 0 milliseconds

2022-09-16 17:18:06 - [MESSAGE][PASSED] - Browser is opened with url: ''

2022-09-16 17:18:06 - [TEST_STEP][PASSED] - navigateToUrl("https://lab.everleagues.com/"): Navigate to 'https://lab.everleagues.com/' successfully

2022-09-16 17:18:47 - [MESSAGE][PASSED] - Navigate to 'https://lab.everleagues.com/' successfully

2022-09-16 17:18:47 - [TEST_STEP][PASSED] - maximizeWindow(): Current window maximized

2022-09-16 17:18:47 - [MESSAGE][PASSED] - Current window maximized

2022-09-16 17:18:47 - [TEST_STEP][PASSED] - setText(findTestObject("02-Side Icons(Organization)/Add Contact/Email Field"), "autotester09@mailinator.com"): Text 'autotester09@mailinator.com' is set on object 'Object Repository/02-Side Icons(Organization)/Add Contact/Email Field'

2022-09-16 17:18:48 - [MESSAGE][PASSED] - Text 'autotester09@mailinator.com' is set on object 'Object Repository/02-Side Icons(Organization)/Add Contact/Email Field'

2022-09-16 17:18:48 - [TEST_STEP][PASSED] - setEncryptedText(findTestObject("02-Side Icons(Organization)/Add Contact/Password Field"), "8yFRyszE6U6jvsCn51OQbg=="): Text ****** has been set on object 'Object Repository/02-Side Icons(Organization)/Add Contact/Password Field'

2022-09-16 17:18:48 - [MESSAGE][PASSED] - Text ****** has been set on object 'Object Repository/02-Side Icons(Organization)/Add Contact/Password Field'

2022-09-16 17:18:48 - [TEST_STEP][PASSED] - click(findTestObject("02-Side Icons(Organization)/Add Contact/button_Sign in")): Object: 'Object Repository/02-Side Icons(Organization)/Add Contact/button_Sign in' is clicked on

2022-09-16 17:18:49 - [MESSAGE][PASSED] - Object: 'Object Repository/02-Side Icons(Organization)/Add Contact/button_Sign in' is clicked on

2022-09-16 17:18:49 - [TEST_STEP][PASSED] - delay(2): Delayed 2 second(s)

2022-09-16 17:18:51 - [MESSAGE][PASSED] - Delayed 2 second(s)

2022-09-16 17:18:51 - [TEST_STEP][PASSED] - click(findTestObject("06-Teams/For 2FA/button_Confirm_2FA")): Object: 'Object Repository/06-Teams/For 2FA/button_Confirm_2FA' is clicked on

2022-09-16 17:18:51 - [MESSAGE][PASSED] - Object: 'Object Repository/06-Teams/For 2FA/button_Confirm_2FA' is clicked on

2022-09-16 17:18:51 - [TEST_STEP][PASSED] - executeJavaScript("window.open();", []): Execute JavaScript 'window.open();' successfully

2022-09-16 17:18:51 - [MESSAGE][PASSED] - Execute JavaScript 'window.open();' successfully

2022-09-16 17:18:51 - [TEST_STEP][PASSED] - currentWindow = getWindowIndex(): Current window's index is: 0

2022-09-16 17:18:51 - [MESSAGE][PASSED] - Current window's index is: 0

2022-09-16 17:18:51 - [TEST_STEP][PASSED] - delay(3): Delayed 3 second(s)

2022-09-16 17:18:54 - [MESSAGE][PASSED] - Delayed 3 second(s)

2022-09-16 17:18:54 - [TEST_STEP][PASSED] - switchToWindowIndex(currentWindow + 1): Switched to window with index: '1'

2022-09-16 17:18:54 - [MESSAGE][PASSED] - Switched to window with index: '1'

2022-09-16 17:18:54 - [TEST_STEP][PASSED] - navigateToUrl("https://www.mailinator.com/"): Navigate to 'https://www.mailinator.com/' successfully

2022-09-16 17:18:56 - [MESSAGE][PASSED] - Navigate to 'https://www.mailinator.com/' successfully

2022-09-16 17:18:56 - [TEST_STEP][PASSED] - delay(3): Delayed 3 second(s)

2022-09-16 17:18:59 - [MESSAGE][PASSED] - Delayed 3 second(s)

2022-09-16 17:18:59 - [TEST_STEP][PASSED] - setText(findTestObject("00-Signup and Activation/zMailinator/input_LOGIN_search"), "autotester09@mailinator.com"): Text 'autotester09@mailinator.com' is set on object 'Object Repository/00-Signup and Activation/zMailinator/input_LOGIN_search'

2022-09-16 17:19:00 - [MESSAGE][PASSED] - Text 'autotester09@mailinator.com' is set on object 'Object Repository/00-Signup and Activation/zMailinator/input_LOGIN_search'

2022-09-16 17:19:00 - [TEST_STEP][PASSED] - click(findTestObject("00-Signup and Activation/zMailinator/gobutton"), STOP_ON_FAILURE): Object: 'Object Repository/00-Signup and Activation/zMailinator/gobutton' is clicked on

2022-09-16 17:19:01 - [MESSAGE][PASSED] - Object: 'Object Repository/00-Signup and Activation/zMailinator/gobutton' is clicked on

2022-09-16 17:19:01 - [TEST_STEP][PASSED] - delay(3): Delayed 3 second(s)

2022-09-16 17:19:04 - [MESSAGE][PASSED] - Delayed 3 second(s)

2022-09-16 17:19:04 - [TEST_STEP][PASSED] - click(findTestObject("00-Signup and Activation/zMailinator/Email - everleagues")): Object: 'Object Repository/00-Signup and Activation/zMailinator/Email - everleagues' is clicked on

2022-09-16 17:19:05 - [MESSAGE][PASSED] - Object: 'Object Repository/00-Signup and Activation/zMailinator/Email - everleagues' is clicked on

2022-09-16 17:19:05 - [TEST_STEP][PASSED] - delay(3): Delayed 3 second(s)

2022-09-16 17:19:08 - [MESSAGE][PASSED] - Delayed 3 second(s)

2022-09-16 17:19:08 - [TEST_STEP][PASSED] - codetwo = getText(findTestObject("Object Repository/06-Teams/For 2FA/2FA code")): Text of object 'Object Repository/06-Teams/For 2FA/2FA code' is: '427707'

2022-09-16 17:19:08 - [MESSAGE][PASSED] - Text of object 'Object Repository/06-Teams/For 2FA/2FA code' is: '427707'

2022-09-16 17:19:08 - [TEST_STEP][PASSED] - delay(3): Delayed 3 second(s)

2022-09-16 17:19:11 - [MESSAGE][PASSED] - Delayed 3 second(s)

2022-09-16 17:19:11 - [TEST_STEP][PASSED] - closeWindowTitle("Mailinator"): Window with title: 'Mailinator' is closed

2022-09-16 17:19:11 - [MESSAGE][PASSED] - Window with title: 'Mailinator' is closed

2022-09-16 17:19:11 - [TEST_STEP][PASSED] - delay(3): Delayed 3 second(s)

2022-09-16 17:19:14 - [MESSAGE][PASSED] - Delayed 3 second(s)

2022-09-16 17:19:14 - [TEST_STEP][PASSED] - switchToWindowIndex(0): Switched to window with index: '0'

2022-09-16 17:19:14 - [MESSAGE][PASSED] - Switched to window with index: '0'

2022-09-16 17:19:14 - [TEST_STEP][PASSED] - delay(3): Delayed 3 second(s)

2022-09-16 17:19:17 - [MESSAGE][PASSED] - Delayed 3 second(s)

2022-09-16 17:19:17 - [TEST_STEP][PASSED] - setText(findTestObject("Object Repository/06-Teams/For 2FA/input_Enter verification code_code"), codetwo): Text '427707' is set on object 'Object Repository/06-Teams/For 2FA/input_Enter verification code_code'

2022-09-16 17:19:18 - [MESSAGE][PASSED] - Text '427707' is set on object 'Object Repository/06-Teams/For 2FA/input_Enter verification code_code'

2022-09-16 17:19:18 - [TEST_STEP][PASSED] - delay(3): Delayed 3 second(s)

2022-09-16 17:19:21 - [MESSAGE][PASSED] - Delayed 3 second(s)

2022-09-16 17:19:21 - [TEST_STEP][PASSED] - click(findTestObject("06-Teams/For 2FA/button_Verify_2FA")): Object: 'Object Repository/06-Teams/For 2FA/button_Verify_2FA' is clicked on

2022-09-16 17:19:22 - [MESSAGE][PASSED] - Object: 'Object Repository/06-Teams/For 2FA/button_Verify_2FA' is clicked on

2022-09-16 17:19:22 - [TEST_STEP][PASSED] - delay(5): Delayed 5 second(s)

2022-09-16 17:19:27 - [MESSAGE][PASSED] - Delayed 5 second(s)

2022-09-16 17:19:27 - [TEST_STEP][PASSED] - executeJavaScript("window.open();", []): Execute JavaScript 'window.open();' successfully

2022-09-16 17:19:27 - [MESSAGE][PASSED] - Execute JavaScript 'window.open();' successfully

2022-09-16 17:19:27 - [TEST_STEP][PASSED] - currentWindow = getWindowIndex(): Current window's index is: 0

2022-09-16 17:19:27 - [MESSAGE][PASSED] - Current window's index is: 0

2022-09-16 17:19:27 - [TEST_STEP][PASSED] - delay(3): Delayed 3 second(s)

2022-09-16 17:19:30 - [MESSAGE][PASSED] - Delayed 3 second(s)

2022-09-16 17:19:30 - [TEST_STEP][PASSED] - switchToWindowIndex(currentWindow + 1): Switched to window with index: '1'

2022-09-16 17:19:30 - [MESSAGE][PASSED] - Switched to window with index: '1'

2022-09-16 17:19:30 - [TEST_STEP][PASSED] - navigateToUrl("https://www.mailinator.com/"): Navigate to 'https://www.mailinator.com/' successfully

2022-09-16 17:19:31 - [MESSAGE][PASSED] - Navigate to 'https://www.mailinator.com/' successfully

2022-09-16 17:19:31 - [TEST_STEP][PASSED] - delay(3): Delayed 3 second(s)

2022-09-16 17:19:34 - [MESSAGE][PASSED] - Delayed 3 second(s)

2022-09-16 17:19:34 - [TEST_STEP][PASSED] - setText(findTestObject("00-Signup and Activation/zMailinator/input_LOGIN_search"), "autotester09@mailinator.com"): Text 'autotester09@mailinator.com' is set on object 'Object Repository/00-Signup and Activation/zMailinator/input_LOGIN_search'

2022-09-16 17:19:35 - [MESSAGE][PASSED] - Text 'autotester09@mailinator.com' is set on object 'Object Repository/00-Signup and Activation/zMailinator/input_LOGIN_search'

2022-09-16 17:19:35 - [TEST_STEP][PASSED] - click(findTestObject("00-Signup and Activation/zMailinator/gobutton"), STOP_ON_FAILURE): Object: 'Object Repository/00-Signup and Activation/zMailinator/gobutton' is clicked on

2022-09-16 17:19:36 - [MESSAGE][PASSED] - Object: 'Object Repository/00-Signup and Activation/zMailinator/gobutton' is clicked on

2022-09-16 17:19:36 - [TEST_STEP][PASSED] - delay(3): Delayed 3 second(s)

2022-09-16 17:19:39 - [MESSAGE][PASSED] - Delayed 3 second(s)

2022-09-16 17:19:39 - [TEST_STEP][PASSED] - closeWindowTitle("Everleagues"): Window with title: 'Everleagues' is closed

2022-09-16 17:19:39 - [MESSAGE][PASSED] - Window with title: 'Everleagues' is closed

2022-09-16 17:19:39 - [TEST_STEP][PASSED] - switchToWindowIndex(0): Switched to window with index: '0'

2022-09-16 17:19:39 - [MESSAGE][PASSED] - Switched to window with index: '0'

2022-09-16 17:19:39 - [TEST_STEP][PASSED] - click(findTestObject("09-Settings/Users/Co worker/td_Invitation from GG Automation")): Object: 'Object Repository/09-Settings/Users/Co worker/td_Invitation from GG Automation' is clicked on

2022-09-16 17:19:39 - [MESSAGE][PASSED] - Object: 'Object Repository/09-Settings/Users/Co worker/td_Invitation from GG Automation' is clicked on

2022-09-16 17:19:39 - [TEST_STEP][PASSED] - click(findTestObject("09-Settings/Users/Co worker/a_Click here to join GG Automation on EverLeagues")): Object: 'Object Repository/09-Settings/Users/Co worker/a_Click here to join GG Automation on EverLeagues' is clicked on

2022-09-16 17:19:40 - [MESSAGE][PASSED] - Object: 'Object Repository/09-Settings/Users/Co worker/a_Click here to join GG Automation on EverLeagues' is clicked on

2022-09-16 17:19:40 - [TEST_STEP][PASSED] - closeWindowTitle("Mailinator"): Window with title: 'Mailinator' is closed

2022-09-16 17:19:40 - [MESSAGE][PASSED] - Window with title: 'Mailinator' is closed

2022-09-16 17:19:40 - [TEST_STEP][PASSED] - switchToWindowIndex(0): Switched to window with index: '0'

2022-09-16 17:19:40 - [MESSAGE][PASSED] - Switched to window with index: '0'

2022-09-16 17:19:40 - [TEST_STEP][PASSED] - verifyElementVisible(findTestObject("09-Settings/Users/Client/Invite modal")): Object 'Object Repository/09-Settings/Users/Client/Invite modal' is visible

2022-09-16 17:19:47 - [MESSAGE][PASSED] - Object 'Object Repository/09-Settings/Users/Client/Invite modal' is visible

2022-09-16 17:19:47 - [TEST_STEP][PASSED] - setText(findTestObject("09-Settings/Users/Client/Company field"), "QA Company"): Text 'QA Company' is set on object 'Object Repository/09-Settings/Users/Client/Company field'

2022-09-16 17:19:47 - [MESSAGE][PASSED] - Text 'QA Company' is set on object 'Object Repository/09-Settings/Users/Client/Company field'

2022-09-16 17:19:47 - [TEST_STEP][PASSED] - click(findTestObject("09-Settings/Users/Client/button_Accept")): Object: 'Object Repository/09-Settings/Users/Client/button_Accept' is clicked on

2022-09-16 17:19:48 - [MESSAGE][PASSED] - Object: 'Object Repository/09-Settings/Users/Client/button_Accept' is clicked on

2022-09-16 17:19:48 - [TEST_STEP][PASSED] - delay(10): Delayed 10 second(s)

2022-09-16 17:19:58 - [MESSAGE][PASSED] - Delayed 10 second(s)

2022-09-16 17:19:58 - [TEST_STEP][PASSED] - verifyElementVisible(findTestObject("09-Settings/Users/Client/div_Joined as CLIENT")): Object 'Object Repository/09-Settings/Users/Client/div_Joined as CLIENT' is visible

2022-09-16 17:19:58 - [MESSAGE][PASSED] - Object 'Object Repository/09-Settings/Users/Client/div_Joined as CLIENT' is visible

2022-09-16 17:19:58 - [TEST_STEP][PASSED] - delay(3): Delayed 3 second(s)

2022-09-16 17:20:01 - [MESSAGE][PASSED] - Delayed 3 second(s)

2022-09-16 17:20:01 - [TEST_STEP][PASSED] - closeBrowser(): Browser is closed

2022-09-16 17:20:02 - [MESSAGE][PASSED] - Browser is closed]]></system-out>
         <system-err><![CDATA[]]></system-err>
      </testcase>
      <testcase name="Test Cases/09-Settings/04 - Users (Invite new user as partner)" time="239.661" classname="Test Cases/09-Settings/04 - Users (Invite new user as partner)" status="PASSED">
         <system-out><![CDATA[2022-09-16 17:20:02 - [TEST_CASE][PASSED] - Test Cases/09-Settings/04 - Users (Invite new user as partner): Test Cases/09-Settings/04 - Users (Invite new user as partner)

2022-09-16 17:20:02 - [TEST_STEP][PASSED] - openBrowser(""): Browser is opened with url: ''

2022-09-16 17:20:02 - [MESSAGE][INFO] - Starting 'Chrome' driver

2022-09-16 17:20:02 - [MESSAGE][INFO] - Action delay is set to 0 milliseconds

2022-09-16 17:20:03 - [MESSAGE][PASSED] - Browser is opened with url: ''

2022-09-16 17:20:03 - [TEST_STEP][PASSED] - navigateToUrl("https://lab.everleagues.com/"): Navigate to 'https://lab.everleagues.com/' successfully

2022-09-16 17:20:54 - [MESSAGE][PASSED] - Navigate to 'https://lab.everleagues.com/' successfully

2022-09-16 17:20:54 - [TEST_STEP][PASSED] - maximizeWindow(): Current window maximized

2022-09-16 17:20:54 - [MESSAGE][PASSED] - Current window maximized

2022-09-16 17:20:54 - [TEST_STEP][PASSED] - setText(findTestObject("02-Side Icons(Organization)/Add Contact/Email Field"), "testuser02@mailinator.com"): Text 'testuser02@mailinator.com' is set on object 'Object Repository/02-Side Icons(Organization)/Add Contact/Email Field'

2022-09-16 17:20:55 - [MESSAGE][PASSED] - Text 'testuser02@mailinator.com' is set on object 'Object Repository/02-Side Icons(Organization)/Add Contact/Email Field'

2022-09-16 17:20:55 - [TEST_STEP][PASSED] - setEncryptedText(findTestObject("02-Side Icons(Organization)/Add Contact/Password Field"), "8yFRyszE6U6jvsCn51OQbg=="): Text ****** has been set on object 'Object Repository/02-Side Icons(Organization)/Add Contact/Password Field'

2022-09-16 17:20:55 - [MESSAGE][PASSED] - Text ****** has been set on object 'Object Repository/02-Side Icons(Organization)/Add Contact/Password Field'

2022-09-16 17:20:55 - [TEST_STEP][PASSED] - click(findTestObject("02-Side Icons(Organization)/Add Contact/button_Sign in")): Object: 'Object Repository/02-Side Icons(Organization)/Add Contact/button_Sign in' is clicked on

2022-09-16 17:20:56 - [MESSAGE][PASSED] - Object: 'Object Repository/02-Side Icons(Organization)/Add Contact/button_Sign in' is clicked on

2022-09-16 17:20:56 - [TEST_STEP][PASSED] - delay(2): Delayed 2 second(s)

2022-09-16 17:20:58 - [MESSAGE][PASSED] - Delayed 2 second(s)

2022-09-16 17:20:58 - [TEST_STEP][PASSED] - click(findTestObject("06-Teams/For 2FA/button_Confirm_2FA")): Object: 'Object Repository/06-Teams/For 2FA/button_Confirm_2FA' is clicked on

2022-09-16 17:20:58 - [MESSAGE][PASSED] - Object: 'Object Repository/06-Teams/For 2FA/button_Confirm_2FA' is clicked on

2022-09-16 17:20:58 - [TEST_STEP][PASSED] - executeJavaScript("window.open();", []): Execute JavaScript 'window.open();' successfully

2022-09-16 17:20:59 - [MESSAGE][PASSED] - Execute JavaScript 'window.open();' successfully

2022-09-16 17:20:59 - [TEST_STEP][PASSED] - currentWindow = getWindowIndex(): Current window's index is: 0

2022-09-16 17:20:59 - [MESSAGE][PASSED] - Current window's index is: 0

2022-09-16 17:20:59 - [TEST_STEP][PASSED] - delay(3): Delayed 3 second(s)

2022-09-16 17:21:02 - [MESSAGE][PASSED] - Delayed 3 second(s)

2022-09-16 17:21:02 - [TEST_STEP][PASSED] - switchToWindowIndex(currentWindow + 1): Switched to window with index: '1'

2022-09-16 17:21:02 - [MESSAGE][PASSED] - Switched to window with index: '1'

2022-09-16 17:21:02 - [TEST_STEP][PASSED] - navigateToUrl("https://www.mailinator.com/"): Navigate to 'https://www.mailinator.com/' successfully

2022-09-16 17:21:03 - [MESSAGE][PASSED] - Navigate to 'https://www.mailinator.com/' successfully

2022-09-16 17:21:03 - [TEST_STEP][PASSED] - delay(3): Delayed 3 second(s)

2022-09-16 17:21:06 - [MESSAGE][PASSED] - Delayed 3 second(s)

2022-09-16 17:21:06 - [TEST_STEP][PASSED] - setText(findTestObject("00-Signup and Activation/zMailinator/input_LOGIN_search"), "testuser02@mailinator.com"): Text 'testuser02@mailinator.com' is set on object 'Object Repository/00-Signup and Activation/zMailinator/input_LOGIN_search'

2022-09-16 17:21:07 - [MESSAGE][PASSED] - Text 'testuser02@mailinator.com' is set on object 'Object Repository/00-Signup and Activation/zMailinator/input_LOGIN_search'

2022-09-16 17:21:07 - [TEST_STEP][PASSED] - click(findTestObject("00-Signup and Activation/zMailinator/gobutton"), STOP_ON_FAILURE): Object: 'Object Repository/00-Signup and Activation/zMailinator/gobutton' is clicked on

2022-09-16 17:21:08 - [MESSAGE][PASSED] - Object: 'Object Repository/00-Signup and Activation/zMailinator/gobutton' is clicked on

2022-09-16 17:21:08 - [TEST_STEP][PASSED] - delay(3): Delayed 3 second(s)

2022-09-16 17:21:11 - [MESSAGE][PASSED] - Delayed 3 second(s)

2022-09-16 17:21:11 - [TEST_STEP][PASSED] - click(findTestObject("00-Signup and Activation/zMailinator/Email - everleagues")): Object: 'Object Repository/00-Signup and Activation/zMailinator/Email - everleagues' is clicked on

2022-09-16 17:21:12 - [MESSAGE][PASSED] - Object: 'Object Repository/00-Signup and Activation/zMailinator/Email - everleagues' is clicked on

2022-09-16 17:21:12 - [TEST_STEP][PASSED] - delay(3): Delayed 3 second(s)

2022-09-16 17:21:15 - [MESSAGE][PASSED] - Delayed 3 second(s)

2022-09-16 17:21:15 - [TEST_STEP][PASSED] - code = getText(findTestObject("Object Repository/06-Teams/For 2FA/2FA code")): Text of object 'Object Repository/06-Teams/For 2FA/2FA code' is: '092559'

2022-09-16 17:21:15 - [MESSAGE][PASSED] - Text of object 'Object Repository/06-Teams/For 2FA/2FA code' is: '092559'

2022-09-16 17:21:15 - [TEST_STEP][PASSED] - delay(3): Delayed 3 second(s)

2022-09-16 17:21:18 - [MESSAGE][PASSED] - Delayed 3 second(s)

2022-09-16 17:21:18 - [TEST_STEP][PASSED] - closeWindowTitle("Mailinator"): Window with title: 'Mailinator' is closed

2022-09-16 17:21:18 - [MESSAGE][PASSED] - Window with title: 'Mailinator' is closed

2022-09-16 17:21:18 - [TEST_STEP][PASSED] - delay(3): Delayed 3 second(s)

2022-09-16 17:21:21 - [MESSAGE][PASSED] - Delayed 3 second(s)

2022-09-16 17:21:21 - [TEST_STEP][PASSED] - switchToWindowIndex(0): Switched to window with index: '0'

2022-09-16 17:21:21 - [MESSAGE][PASSED] - Switched to window with index: '0'

2022-09-16 17:21:21 - [TEST_STEP][PASSED] - delay(3): Delayed 3 second(s)

2022-09-16 17:21:24 - [MESSAGE][PASSED] - Delayed 3 second(s)

2022-09-16 17:21:24 - [TEST_STEP][PASSED] - setText(findTestObject("Object Repository/06-Teams/For 2FA/input_Enter verification code_code"), code): Text '092559' is set on object 'Object Repository/06-Teams/For 2FA/input_Enter verification code_code'

2022-09-16 17:21:25 - [MESSAGE][PASSED] - Text '092559' is set on object 'Object Repository/06-Teams/For 2FA/input_Enter verification code_code'

2022-09-16 17:21:25 - [TEST_STEP][PASSED] - delay(3): Delayed 3 second(s)

2022-09-16 17:21:28 - [MESSAGE][PASSED] - Delayed 3 second(s)

2022-09-16 17:21:28 - [TEST_STEP][PASSED] - click(findTestObject("06-Teams/For 2FA/button_Verify_2FA")): Object: 'Object Repository/06-Teams/For 2FA/button_Verify_2FA' is clicked on

2022-09-16 17:21:29 - [MESSAGE][PASSED] - Object: 'Object Repository/06-Teams/For 2FA/button_Verify_2FA' is clicked on

2022-09-16 17:21:29 - [TEST_STEP][PASSED] - delay(5): Delayed 5 second(s)

2022-09-16 17:21:34 - [MESSAGE][PASSED] - Delayed 5 second(s)

2022-09-16 17:21:34 - [TEST_STEP][PASSED] - click(findTestObject("06-Teams/button_doublearrow")): Object: 'Object Repository/06-Teams/button_doublearrow' is clicked on

2022-09-16 17:21:35 - [MESSAGE][PASSED] - Object: 'Object Repository/06-Teams/button_doublearrow' is clicked on

2022-09-16 17:21:35 - [TEST_STEP][PASSED] - click(findTestObject("06-Teams/button_My Organizations")): Object: 'Object Repository/06-Teams/button_My Organizations' is clicked on

2022-09-16 17:21:35 - [MESSAGE][PASSED] - Object: 'Object Repository/06-Teams/button_My Organizations' is clicked on

2022-09-16 17:21:35 - [TEST_STEP][PASSED] - click(findTestObject("06-Teams/button_GG Automation")): Object: 'Object Repository/06-Teams/button_GG Automation' is clicked on

2022-09-16 17:21:36 - [MESSAGE][PASSED] - Object: 'Object Repository/06-Teams/button_GG Automation' is clicked on

2022-09-16 17:21:36 - [TEST_STEP][PASSED] - delay(4): Delayed 4 second(s)

2022-09-16 17:21:40 - [MESSAGE][PASSED] - Delayed 4 second(s)

2022-09-16 17:21:40 - [TEST_STEP][PASSED] - verifyElementVisible(findTestObject("06-Teams/span_GG Automation")): Object 'Object Repository/06-Teams/span_GG Automation' is visible

2022-09-16 17:21:40 - [MESSAGE][PASSED] - Object 'Object Repository/06-Teams/span_GG Automation' is visible

2022-09-16 17:21:40 - [TEST_STEP][PASSED] - delay(10): Delayed 10 second(s)

2022-09-16 17:21:50 - [MESSAGE][PASSED] - Delayed 10 second(s)

2022-09-16 17:21:50 - [TEST_STEP][PASSED] - click(findTestObject("03-Header Menu/Hamburger Button/div_Settings")): Object: 'Object Repository/03-Header Menu/Hamburger Button/div_Settings' is clicked on

2022-09-16 17:21:51 - [MESSAGE][PASSED] - Object: 'Object Repository/03-Header Menu/Hamburger Button/div_Settings' is clicked on

2022-09-16 17:21:51 - [TEST_STEP][PASSED] - delay(3): Delayed 3 second(s)

2022-09-16 17:21:54 - [MESSAGE][PASSED] - Delayed 3 second(s)

2022-09-16 17:21:54 - [TEST_STEP][PASSED] - click(findTestObject("09-Settings/Users/div_Users")): Object: 'Object Repository/09-Settings/Users/div_Users' is clicked on

2022-09-16 17:21:54 - [MESSAGE][PASSED] - Object: 'Object Repository/09-Settings/Users/div_Users' is clicked on

2022-09-16 17:21:54 - [TEST_STEP][PASSED] - delay(3): Delayed 3 second(s)

2022-09-16 17:21:57 - [MESSAGE][PASSED] - Delayed 3 second(s)

2022-09-16 17:21:57 - [TEST_STEP][PASSED] - click(findTestObject("09-Settings/Users/button_add")): Object: 'Object Repository/09-Settings/Users/button_add' is clicked on

2022-09-16 17:21:58 - [MESSAGE][PASSED] - Object: 'Object Repository/09-Settings/Users/button_add' is clicked on

2022-09-16 17:21:58 - [TEST_STEP][PASSED] - delay(3): Delayed 3 second(s)

2022-09-16 17:22:01 - [MESSAGE][PASSED] - Delayed 3 second(s)

2022-09-16 17:22:01 - [TEST_STEP][PASSED] - click(findTestObject("09-Settings/Users/add Invite a single user")): Object: 'Object Repository/09-Settings/Users/add Invite a single user' is clicked on

2022-09-16 17:22:01 - [MESSAGE][PASSED] - Object: 'Object Repository/09-Settings/Users/add Invite a single user' is clicked on

2022-09-16 17:22:01 - [TEST_STEP][PASSED] - delay(3): Delayed 3 second(s)

2022-09-16 17:22:04 - [MESSAGE][PASSED] - Delayed 3 second(s)

2022-09-16 17:22:04 - [TEST_STEP][PASSED] - setText(findTestObject("09-Settings/Users/input_email"), "autotester10@mailinator.com"): Text 'autotester10@mailinator.com' is set on object 'Object Repository/09-Settings/Users/input_email'

2022-09-16 17:22:05 - [MESSAGE][PASSED] - Text 'autotester10@mailinator.com' is set on object 'Object Repository/09-Settings/Users/input_email'

2022-09-16 17:22:05 - [TEST_STEP][PASSED] - setText(findTestObject("09-Settings/Users/input_firstName"), "GG"): Text 'GG' is set on object 'Object Repository/09-Settings/Users/input_firstName'

2022-09-16 17:22:06 - [MESSAGE][PASSED] - Text 'GG' is set on object 'Object Repository/09-Settings/Users/input_firstName'

2022-09-16 17:22:06 - [TEST_STEP][PASSED] - setText(findTestObject("09-Settings/Users/input_lastName"), "Partner"): Text 'Partner' is set on object 'Object Repository/09-Settings/Users/input_lastName'

2022-09-16 17:22:07 - [MESSAGE][PASSED] - Text 'Partner' is set on object 'Object Repository/09-Settings/Users/input_lastName'

2022-09-16 17:22:07 - [TEST_STEP][PASSED] - click(findTestObject("09-Settings/Users/span_Role")): Object: 'Object Repository/09-Settings/Users/span_Role' is clicked on

2022-09-16 17:22:07 - [MESSAGE][PASSED] - Object: 'Object Repository/09-Settings/Users/span_Role' is clicked on

2022-09-16 17:22:07 - [TEST_STEP][PASSED] - click(findTestObject("09-Settings/Users/span_Partner")): Object: 'Object Repository/09-Settings/Users/span_Partner' is clicked on

2022-09-16 17:22:08 - [MESSAGE][PASSED] - Object: 'Object Repository/09-Settings/Users/span_Partner' is clicked on

2022-09-16 17:22:08 - [TEST_STEP][PASSED] - click(findTestObject("09-Settings/Users/button_Send Invitation")): Object: 'Object Repository/09-Settings/Users/button_Send Invitation' is clicked on

2022-09-16 17:22:09 - [MESSAGE][PASSED] - Object: 'Object Repository/09-Settings/Users/button_Send Invitation' is clicked on

2022-09-16 17:22:09 - [TEST_STEP][PASSED] - delay(2): Delayed 2 second(s)

2022-09-16 17:22:11 - [MESSAGE][PASSED] - Delayed 2 second(s)

2022-09-16 17:22:11 - [TEST_STEP][PASSED] - verifyElementVisible(findTestObject("07-Directory/Connections/zContact Profile/Successfully invited user")): Object 'Object Repository/07-Directory/Connections/zContact Profile/Successfully invited user' is visible

2022-09-16 17:22:12 - [MESSAGE][PASSED] - Object 'Object Repository/07-Directory/Connections/zContact Profile/Successfully invited user' is visible

2022-09-16 17:22:12 - [TEST_STEP][PASSED] - delay(2): Delayed 2 second(s)

2022-09-16 17:22:14 - [MESSAGE][PASSED] - Delayed 2 second(s)

2022-09-16 17:22:14 - [TEST_STEP][PASSED] - click(findTestObject("01-Login and Forgot Password/User menu drop")): Object: 'Object Repository/01-Login and Forgot Password/User menu drop' is clicked on

2022-09-16 17:22:14 - [MESSAGE][PASSED] - Object: 'Object Repository/01-Login and Forgot Password/User menu drop' is clicked on

2022-09-16 17:22:14 - [TEST_STEP][PASSED] - delay(2): Delayed 2 second(s)

2022-09-16 17:22:16 - [MESSAGE][PASSED] - Delayed 2 second(s)

2022-09-16 17:22:16 - [TEST_STEP][PASSED] - click(findTestObject("01-Login and Forgot Password/h4_Sign Out"), STOP_ON_FAILURE): Object: 'Object Repository/01-Login and Forgot Password/h4_Sign Out' is clicked on

2022-09-16 17:22:17 - [MESSAGE][PASSED] - Object: 'Object Repository/01-Login and Forgot Password/h4_Sign Out' is clicked on

2022-09-16 17:22:17 - [TEST_STEP][PASSED] - delay(2): Delayed 2 second(s)

2022-09-16 17:22:19 - [MESSAGE][PASSED] - Delayed 2 second(s)

2022-09-16 17:22:19 - [TEST_STEP][PASSED] - verifyElementPresent(findTestObject("01-Login and Forgot Password/Login_Card"), 0): Object 'Object Repository/01-Login and Forgot Password/Login_Card' is present

2022-09-16 17:22:19 - [MESSAGE][WARNING] - Timeout '0' is invalid. Using default page load timeout: '30'

2022-09-16 17:22:19 - [MESSAGE][PASSED] - Object 'Object Repository/01-Login and Forgot Password/Login_Card' is present

2022-09-16 17:22:19 - [TEST_STEP][PASSED] - delay(3): Delayed 3 second(s)

2022-09-16 17:22:22 - [MESSAGE][PASSED] - Delayed 3 second(s)

2022-09-16 17:22:22 - [TEST_STEP][PASSED] - closeBrowser(): Browser is closed

2022-09-16 17:22:23 - [MESSAGE][PASSED] - Browser is closed

2022-09-16 17:22:23 - [TEST_STEP][PASSED] - openBrowser(""): Browser is opened with url: ''

2022-09-16 17:22:23 - [MESSAGE][INFO] - Starting 'Chrome' driver

2022-09-16 17:22:23 - [MESSAGE][INFO] - Action delay is set to 0 milliseconds

2022-09-16 17:22:24 - [MESSAGE][PASSED] - Browser is opened with url: ''

2022-09-16 17:22:24 - [TEST_STEP][PASSED] - navigateToUrl("https://lab.everleagues.com/"): Navigate to 'https://lab.everleagues.com/' successfully

2022-09-16 17:22:45 - [MESSAGE][PASSED] - Navigate to 'https://lab.everleagues.com/' successfully

2022-09-16 17:22:45 - [TEST_STEP][PASSED] - maximizeWindow(): Current window maximized

2022-09-16 17:22:45 - [MESSAGE][PASSED] - Current window maximized

2022-09-16 17:22:45 - [TEST_STEP][PASSED] - setText(findTestObject("02-Side Icons(Organization)/Add Contact/Email Field"), "autotester10@mailinator.com"): Text 'autotester10@mailinator.com' is set on object 'Object Repository/02-Side Icons(Organization)/Add Contact/Email Field'

2022-09-16 17:22:46 - [MESSAGE][PASSED] - Text 'autotester10@mailinator.com' is set on object 'Object Repository/02-Side Icons(Organization)/Add Contact/Email Field'

2022-09-16 17:22:46 - [TEST_STEP][PASSED] - setEncryptedText(findTestObject("02-Side Icons(Organization)/Add Contact/Password Field"), "8yFRyszE6U6jvsCn51OQbg=="): Text ****** has been set on object 'Object Repository/02-Side Icons(Organization)/Add Contact/Password Field'

2022-09-16 17:22:46 - [MESSAGE][PASSED] - Text ****** has been set on object 'Object Repository/02-Side Icons(Organization)/Add Contact/Password Field'

2022-09-16 17:22:46 - [TEST_STEP][PASSED] - click(findTestObject("02-Side Icons(Organization)/Add Contact/button_Sign in")): Object: 'Object Repository/02-Side Icons(Organization)/Add Contact/button_Sign in' is clicked on

2022-09-16 17:22:47 - [MESSAGE][PASSED] - Object: 'Object Repository/02-Side Icons(Organization)/Add Contact/button_Sign in' is clicked on

2022-09-16 17:22:47 - [TEST_STEP][PASSED] - delay(2): Delayed 2 second(s)

2022-09-16 17:22:49 - [MESSAGE][PASSED] - Delayed 2 second(s)

2022-09-16 17:22:49 - [TEST_STEP][PASSED] - click(findTestObject("06-Teams/For 2FA/button_Confirm_2FA")): Object: 'Object Repository/06-Teams/For 2FA/button_Confirm_2FA' is clicked on

2022-09-16 17:22:49 - [MESSAGE][PASSED] - Object: 'Object Repository/06-Teams/For 2FA/button_Confirm_2FA' is clicked on

2022-09-16 17:22:49 - [TEST_STEP][PASSED] - executeJavaScript("window.open();", []): Execute JavaScript 'window.open();' successfully

2022-09-16 17:22:50 - [MESSAGE][PASSED] - Execute JavaScript 'window.open();' successfully

2022-09-16 17:22:50 - [TEST_STEP][PASSED] - currentWindow = getWindowIndex(): Current window's index is: 0

2022-09-16 17:22:50 - [MESSAGE][PASSED] - Current window's index is: 0

2022-09-16 17:22:50 - [TEST_STEP][PASSED] - delay(3): Delayed 3 second(s)

2022-09-16 17:22:53 - [MESSAGE][PASSED] - Delayed 3 second(s)

2022-09-16 17:22:53 - [TEST_STEP][PASSED] - switchToWindowIndex(currentWindow + 1): Switched to window with index: '1'

2022-09-16 17:22:53 - [MESSAGE][PASSED] - Switched to window with index: '1'

2022-09-16 17:22:53 - [TEST_STEP][PASSED] - navigateToUrl("https://www.mailinator.com/"): Navigate to 'https://www.mailinator.com/' successfully

2022-09-16 17:22:55 - [MESSAGE][PASSED] - Navigate to 'https://www.mailinator.com/' successfully

2022-09-16 17:22:55 - [TEST_STEP][PASSED] - delay(3): Delayed 3 second(s)

2022-09-16 17:22:58 - [MESSAGE][PASSED] - Delayed 3 second(s)

2022-09-16 17:22:58 - [TEST_STEP][PASSED] - setText(findTestObject("00-Signup and Activation/zMailinator/input_LOGIN_search"), "autotester10@mailinator.com"): Text 'autotester10@mailinator.com' is set on object 'Object Repository/00-Signup and Activation/zMailinator/input_LOGIN_search'

2022-09-16 17:22:58 - [MESSAGE][PASSED] - Text 'autotester10@mailinator.com' is set on object 'Object Repository/00-Signup and Activation/zMailinator/input_LOGIN_search'

2022-09-16 17:22:58 - [TEST_STEP][PASSED] - click(findTestObject("00-Signup and Activation/zMailinator/gobutton"), STOP_ON_FAILURE): Object: 'Object Repository/00-Signup and Activation/zMailinator/gobutton' is clicked on

2022-09-16 17:23:00 - [MESSAGE][PASSED] - Object: 'Object Repository/00-Signup and Activation/zMailinator/gobutton' is clicked on

2022-09-16 17:23:00 - [TEST_STEP][PASSED] - delay(3): Delayed 3 second(s)

2022-09-16 17:23:03 - [MESSAGE][PASSED] - Delayed 3 second(s)

2022-09-16 17:23:03 - [TEST_STEP][PASSED] - click(findTestObject("00-Signup and Activation/zMailinator/Email - everleagues")): Object: 'Object Repository/00-Signup and Activation/zMailinator/Email - everleagues' is clicked on

2022-09-16 17:23:04 - [MESSAGE][PASSED] - Object: 'Object Repository/00-Signup and Activation/zMailinator/Email - everleagues' is clicked on

2022-09-16 17:23:04 - [TEST_STEP][PASSED] - delay(3): Delayed 3 second(s)

2022-09-16 17:23:07 - [MESSAGE][PASSED] - Delayed 3 second(s)

2022-09-16 17:23:07 - [TEST_STEP][PASSED] - codetwo = getText(findTestObject("Object Repository/06-Teams/For 2FA/2FA code")): Text of object 'Object Repository/06-Teams/For 2FA/2FA code' is: '624819'

2022-09-16 17:23:07 - [MESSAGE][PASSED] - Text of object 'Object Repository/06-Teams/For 2FA/2FA code' is: '624819'

2022-09-16 17:23:07 - [TEST_STEP][PASSED] - delay(3): Delayed 3 second(s)

2022-09-16 17:23:10 - [MESSAGE][PASSED] - Delayed 3 second(s)

2022-09-16 17:23:10 - [TEST_STEP][PASSED] - closeWindowTitle("Mailinator"): Window with title: 'Mailinator' is closed

2022-09-16 17:23:10 - [MESSAGE][PASSED] - Window with title: 'Mailinator' is closed

2022-09-16 17:23:10 - [TEST_STEP][PASSED] - delay(3): Delayed 3 second(s)

2022-09-16 17:23:13 - [MESSAGE][PASSED] - Delayed 3 second(s)

2022-09-16 17:23:13 - [TEST_STEP][PASSED] - switchToWindowIndex(0): Switched to window with index: '0'

2022-09-16 17:23:13 - [MESSAGE][PASSED] - Switched to window with index: '0'

2022-09-16 17:23:13 - [TEST_STEP][PASSED] - delay(3): Delayed 3 second(s)

2022-09-16 17:23:16 - [MESSAGE][PASSED] - Delayed 3 second(s)

2022-09-16 17:23:16 - [TEST_STEP][PASSED] - setText(findTestObject("Object Repository/06-Teams/For 2FA/input_Enter verification code_code"), codetwo): Text '624819' is set on object 'Object Repository/06-Teams/For 2FA/input_Enter verification code_code'

2022-09-16 17:23:17 - [MESSAGE][PASSED] - Text '624819' is set on object 'Object Repository/06-Teams/For 2FA/input_Enter verification code_code'

2022-09-16 17:23:17 - [TEST_STEP][PASSED] - delay(3): Delayed 3 second(s)

2022-09-16 17:23:20 - [MESSAGE][PASSED] - Delayed 3 second(s)

2022-09-16 17:23:20 - [TEST_STEP][PASSED] - click(findTestObject("06-Teams/For 2FA/button_Verify_2FA")): Object: 'Object Repository/06-Teams/For 2FA/button_Verify_2FA' is clicked on

2022-09-16 17:23:21 - [MESSAGE][PASSED] - Object: 'Object Repository/06-Teams/For 2FA/button_Verify_2FA' is clicked on

2022-09-16 17:23:21 - [TEST_STEP][PASSED] - delay(5): Delayed 5 second(s)

2022-09-16 17:23:26 - [MESSAGE][PASSED] - Delayed 5 second(s)

2022-09-16 17:23:26 - [TEST_STEP][PASSED] - executeJavaScript("window.open();", []): Execute JavaScript 'window.open();' successfully

2022-09-16 17:23:26 - [MESSAGE][PASSED] - Execute JavaScript 'window.open();' successfully

2022-09-16 17:23:26 - [TEST_STEP][PASSED] - currentWindow = getWindowIndex(): Current window's index is: 0

2022-09-16 17:23:26 - [MESSAGE][PASSED] - Current window's index is: 0

2022-09-16 17:23:26 - [TEST_STEP][PASSED] - delay(3): Delayed 3 second(s)

2022-09-16 17:23:29 - [MESSAGE][PASSED] - Delayed 3 second(s)

2022-09-16 17:23:29 - [TEST_STEP][PASSED] - switchToWindowIndex(currentWindow + 1): Switched to window with index: '1'

2022-09-16 17:23:29 - [MESSAGE][PASSED] - Switched to window with index: '1'

2022-09-16 17:23:29 - [TEST_STEP][PASSED] - navigateToUrl("https://www.mailinator.com/"): Navigate to 'https://www.mailinator.com/' successfully

2022-09-16 17:23:30 - [MESSAGE][PASSED] - Navigate to 'https://www.mailinator.com/' successfully

2022-09-16 17:23:30 - [TEST_STEP][PASSED] - delay(3): Delayed 3 second(s)

2022-09-16 17:23:33 - [MESSAGE][PASSED] - Delayed 3 second(s)

2022-09-16 17:23:33 - [TEST_STEP][PASSED] - setText(findTestObject("00-Signup and Activation/zMailinator/input_LOGIN_search"), "autotester10@mailinator.com"): Text 'autotester10@mailinator.com' is set on object 'Object Repository/00-Signup and Activation/zMailinator/input_LOGIN_search'

2022-09-16 17:23:34 - [MESSAGE][PASSED] - Text 'autotester10@mailinator.com' is set on object 'Object Repository/00-Signup and Activation/zMailinator/input_LOGIN_search'

2022-09-16 17:23:34 - [TEST_STEP][PASSED] - click(findTestObject("00-Signup and Activation/zMailinator/gobutton"), STOP_ON_FAILURE): Object: 'Object Repository/00-Signup and Activation/zMailinator/gobutton' is clicked on

2022-09-16 17:23:35 - [MESSAGE][PASSED] - Object: 'Object Repository/00-Signup and Activation/zMailinator/gobutton' is clicked on

2022-09-16 17:23:35 - [TEST_STEP][PASSED] - delay(3): Delayed 3 second(s)

2022-09-16 17:23:38 - [MESSAGE][PASSED] - Delayed 3 second(s)

2022-09-16 17:23:38 - [TEST_STEP][PASSED] - closeWindowTitle("Everleagues"): Window with title: 'Everleagues' is closed

2022-09-16 17:23:38 - [MESSAGE][PASSED] - Window with title: 'Everleagues' is closed

2022-09-16 17:23:38 - [TEST_STEP][PASSED] - switchToWindowIndex(0): Switched to window with index: '0'

2022-09-16 17:23:38 - [MESSAGE][PASSED] - Switched to window with index: '0'

2022-09-16 17:23:38 - [TEST_STEP][PASSED] - click(findTestObject("09-Settings/Users/Co worker/td_Invitation from GG Automation")): Object: 'Object Repository/09-Settings/Users/Co worker/td_Invitation from GG Automation' is clicked on

2022-09-16 17:23:38 - [MESSAGE][PASSED] - Object: 'Object Repository/09-Settings/Users/Co worker/td_Invitation from GG Automation' is clicked on

2022-09-16 17:23:38 - [TEST_STEP][PASSED] - click(findTestObject("09-Settings/Users/Co worker/a_Click here to join GG Automation on EverLeagues")): Object: 'Object Repository/09-Settings/Users/Co worker/a_Click here to join GG Automation on EverLeagues' is clicked on

2022-09-16 17:23:39 - [MESSAGE][PASSED] - Object: 'Object Repository/09-Settings/Users/Co worker/a_Click here to join GG Automation on EverLeagues' is clicked on

2022-09-16 17:23:39 - [TEST_STEP][PASSED] - closeWindowTitle("Mailinator"): Window with title: 'Mailinator' is closed

2022-09-16 17:23:39 - [MESSAGE][PASSED] - Window with title: 'Mailinator' is closed

2022-09-16 17:23:39 - [TEST_STEP][PASSED] - switchToWindowIndex(0): Switched to window with index: '0'

2022-09-16 17:23:39 - [MESSAGE][PASSED] - Switched to window with index: '0'

2022-09-16 17:23:39 - [TEST_STEP][PASSED] - verifyElementVisible(findTestObject("09-Settings/Users/Client/Invite modal")): Object 'Object Repository/09-Settings/Users/Client/Invite modal' is visible

2022-09-16 17:23:45 - [MESSAGE][PASSED] - Object 'Object Repository/09-Settings/Users/Client/Invite modal' is visible

2022-09-16 17:23:45 - [TEST_STEP][PASSED] - setText(findTestObject("09-Settings/Users/Client/Company field"), "QA Company"): Text 'QA Company' is set on object 'Object Repository/09-Settings/Users/Client/Company field'

2022-09-16 17:23:46 - [MESSAGE][PASSED] - Text 'QA Company' is set on object 'Object Repository/09-Settings/Users/Client/Company field'

2022-09-16 17:23:46 - [TEST_STEP][PASSED] - click(findTestObject("09-Settings/Users/Client/button_Accept")): Object: 'Object Repository/09-Settings/Users/Client/button_Accept' is clicked on

2022-09-16 17:23:46 - [MESSAGE][PASSED] - Object: 'Object Repository/09-Settings/Users/Client/button_Accept' is clicked on

2022-09-16 17:23:46 - [TEST_STEP][PASSED] - delay(10): Delayed 10 second(s)

2022-09-16 17:23:56 - [MESSAGE][PASSED] - Delayed 10 second(s)

2022-09-16 17:23:56 - [TEST_STEP][PASSED] - verifyElementVisible(findTestObject("09-Settings/Users/div_Joined as Partner")): Object 'Object Repository/09-Settings/Users/div_Joined as Partner' is visible

2022-09-16 17:23:58 - [MESSAGE][PASSED] - Object 'Object Repository/09-Settings/Users/div_Joined as Partner' is visible

2022-09-16 17:23:58 - [TEST_STEP][PASSED] - delay(3): Delayed 3 second(s)

2022-09-16 17:24:01 - [MESSAGE][PASSED] - Delayed 3 second(s)

2022-09-16 17:24:01 - [TEST_STEP][PASSED] - closeBrowser(): Browser is closed

2022-09-16 17:24:02 - [MESSAGE][PASSED] - Browser is closed]]></system-out>
         <system-err><![CDATA[]]></system-err>
      </testcase>
      <testcase name="Test Cases/09-Settings/05 - Users (Invite batch of users via CSV file)" time="121.104" classname="Test Cases/09-Settings/05 - Users (Invite batch of users via CSV file)" status="FAILED">
         <failure type="FAILED" message="Test Cases/09-Settings/05 - Users (Invite batch of users via CSV file) FAILED.
Reason:
com.kms.katalon.core.exception.StepFailedException: Unable to verify object 'Object Repository/09-Settings/Users/CSV Invite/div_Sample csv.csv' is visible
	at com.kms.katalon.core.webui.keyword.internal.WebUIKeywordMain.stepFailed(WebUIKeywordMain.groovy:64)
	at com.kms.katalon.core.webui.keyword.internal.WebUIKeywordMain.runKeyword(WebUIKeywordMain.groovy:26)
	at com.kms.katalon.core.webui.keyword.builtin.VerifyElementVisibleKeyword.verifyElementVisible(VerifyElementVisibleKeyword.groovy:97)
	at com.kms.katalon.core.webui.keyword.builtin.VerifyElementVisibleKeyword.execute(VerifyElementVisibleKeyword.groovy:67)
	at com.kms.katalon.core.keyword.internal.KeywordExecutor.executeKeywordForPlatform(KeywordExecutor.groovy:74)
	at com.kms.katalon.core.webui.keyword.WebUiBuiltInKeywords.verifyElementVisible(WebUiBuiltInKeywords.groovy:376)
	at com.kms.katalon.core.webui.keyword.WebUiBuiltInKeywords$verifyElementVisible$11.call(Unknown Source)
	at 05 - Users (Invite batch of users via CSV file).run(05 - Users (Invite batch of users via CSV file):115)
	at com.kms.katalon.core.main.ScriptEngine.run(ScriptEngine.java:194)
	at com.kms.katalon.core.main.ScriptEngine.runScriptAsRawText(ScriptEngine.java:119)
	at com.kms.katalon.core.main.TestCaseExecutor.runScript(TestCaseExecutor.java:448)
	at com.kms.katalon.core.main.TestCaseExecutor.doExecute(TestCaseExecutor.java:439)
	at com.kms.katalon.core.main.TestCaseExecutor.processExecutionPhase(TestCaseExecutor.java:418)
	at com.kms.katalon.core.main.TestCaseExecutor.accessMainPhase(TestCaseExecutor.java:410)
	at com.kms.katalon.core.main.TestCaseExecutor.execute(TestCaseExecutor.java:285)
	at com.kms.katalon.core.common.CommonExecutor.accessTestCaseMainPhase(CommonExecutor.java:65)
	at com.kms.katalon.core.main.TestSuiteExecutor.accessTestSuiteMainPhase(TestSuiteExecutor.java:144)
	at com.kms.katalon.core.main.TestSuiteExecutor.execute(TestSuiteExecutor.java:106)
	at com.kms.katalon.core.main.TestCaseMain.startTestSuite(TestCaseMain.java:185)
	at com.kms.katalon.core.main.TestCaseMain$startTestSuite$0.call(Unknown Source)
	at TempTestSuite1663319224260.run(TempTestSuite1663319224260.groovy:36)
Caused by: com.kms.katalon.core.exception.StepFailedException: Web element with id: 'Object Repository/09-Settings/Users/CSV Invite/div_Sample csv.csv' located by '//div[@class = 'file-name' and (text() = ' sample csv.csv ' or . = ' sample csv.csv ')]' not found
	at com.kms.katalon.core.webui.keyword.internal.WebUIKeywordMain.stepFailed(WebUIKeywordMain.groovy:64)
	at com.kms.katalon.core.webui.keyword.builtin.VerifyElementVisibleKeyword$_verifyElementVisible_closure1.doCall(VerifyElementVisibleKeyword.groovy:89)
	at com.kms.katalon.core.webui.keyword.builtin.VerifyElementVisibleKeyword$_verifyElementVisible_closure1.call(VerifyElementVisibleKeyword.groovy)
	at com.kms.katalon.core.webui.keyword.internal.WebUIKeywordMain.runKeyword(WebUIKeywordMain.groovy:20)
	... 19 more
"/>
         <system-out><![CDATA[2022-09-16 17:24:02 - [TEST_CASE][FAILED] - Test Cases/09-Settings/05 - Users (Invite batch of users via CSV file): Test Cases/09-Settings/05 - Users (Invite batch of users via CSV file) FAILED.
Reason:
com.kms.katalon.core.exception.StepFailedException: Unable to verify object 'Object Repository/09-Settings/Users/CSV Invite/div_Sample csv.csv' is visible
	at com.kms.katalon.core.webui.keyword.internal.WebUIKeywordMain.stepFailed(WebUIKeywordMain.groovy:64)
	at com.kms.katalon.core.webui.keyword.internal.WebUIKeywordMain.runKeyword(WebUIKeywordMain.groovy:26)
	at com.kms.katalon.core.webui.keyword.builtin.VerifyElementVisibleKeyword.verifyElementVisible(VerifyElementVisibleKeyword.groovy:97)
	at com.kms.katalon.core.webui.keyword.builtin.VerifyElementVisibleKeyword.execute(VerifyElementVisibleKeyword.groovy:67)
	at com.kms.katalon.core.keyword.internal.KeywordExecutor.executeKeywordForPlatform(KeywordExecutor.groovy:74)
	at com.kms.katalon.core.webui.keyword.WebUiBuiltInKeywords.verifyElementVisible(WebUiBuiltInKeywords.groovy:376)
	at com.kms.katalon.core.webui.keyword.WebUiBuiltInKeywords$verifyElementVisible$11.call(Unknown Source)
	at 05 - Users (Invite batch of users via CSV file).run(05 - Users (Invite batch of users via CSV file):115)
	at com.kms.katalon.core.main.ScriptEngine.run(ScriptEngine.java:194)
	at com.kms.katalon.core.main.ScriptEngine.runScriptAsRawText(ScriptEngine.java:119)
	at com.kms.katalon.core.main.TestCaseExecutor.runScript(TestCaseExecutor.java:448)
	at com.kms.katalon.core.main.TestCaseExecutor.doExecute(TestCaseExecutor.java:439)
	at com.kms.katalon.core.main.TestCaseExecutor.processExecutionPhase(TestCaseExecutor.java:418)
	at com.kms.katalon.core.main.TestCaseExecutor.accessMainPhase(TestCaseExecutor.java:410)
	at com.kms.katalon.core.main.TestCaseExecutor.execute(TestCaseExecutor.java:285)
	at com.kms.katalon.core.common.CommonExecutor.accessTestCaseMainPhase(CommonExecutor.java:65)
	at com.kms.katalon.core.main.TestSuiteExecutor.accessTestSuiteMainPhase(TestSuiteExecutor.java:144)
	at com.kms.katalon.core.main.TestSuiteExecutor.execute(TestSuiteExecutor.java:106)
	at com.kms.katalon.core.main.TestCaseMain.startTestSuite(TestCaseMain.java:185)
	at com.kms.katalon.core.main.TestCaseMain$startTestSuite$0.call(Unknown Source)
	at TempTestSuite1663319224260.run(TempTestSuite1663319224260.groovy:36)
Caused by: com.kms.katalon.core.exception.StepFailedException: Web element with id: 'Object Repository/09-Settings/Users/CSV Invite/div_Sample csv.csv' located by '//div[@class = 'file-name' and (text() = ' sample csv.csv ' or . = ' sample csv.csv ')]' not found
	at com.kms.katalon.core.webui.keyword.internal.WebUIKeywordMain.stepFailed(WebUIKeywordMain.groovy:64)
	at com.kms.katalon.core.webui.keyword.builtin.VerifyElementVisibleKeyword$_verifyElementVisible_closure1.doCall(VerifyElementVisibleKeyword.groovy:89)
	at com.kms.katalon.core.webui.keyword.builtin.VerifyElementVisibleKeyword$_verifyElementVisible_closure1.call(VerifyElementVisibleKeyword.groovy)
	at com.kms.katalon.core.webui.keyword.internal.WebUIKeywordMain.runKeyword(WebUIKeywordMain.groovy:20)
	... 19 more


2022-09-16 17:24:02 - [TEST_STEP][PASSED] - openBrowser(""): Browser is opened with url: ''

2022-09-16 17:24:02 - [MESSAGE][INFO] - Starting 'Chrome' driver

2022-09-16 17:24:02 - [MESSAGE][INFO] - Action delay is set to 0 milliseconds

2022-09-16 17:24:03 - [MESSAGE][PASSED] - Browser is opened with url: ''

2022-09-16 17:24:03 - [TEST_STEP][PASSED] - navigateToUrl("https://lab.everleagues.com/"): Navigate to 'https://lab.everleagues.com/' successfully

2022-09-16 17:24:13 - [MESSAGE][PASSED] - Navigate to 'https://lab.everleagues.com/' successfully

2022-09-16 17:24:13 - [TEST_STEP][PASSED] - maximizeWindow(): Current window maximized

2022-09-16 17:24:14 - [MESSAGE][PASSED] - Current window maximized

2022-09-16 17:24:14 - [TEST_STEP][PASSED] - setText(findTestObject("02-Side Icons(Organization)/Add Contact/Email Field"), "testuser02@mailinator.com"): Text 'testuser02@mailinator.com' is set on object 'Object Repository/02-Side Icons(Organization)/Add Contact/Email Field'

2022-09-16 17:24:14 - [MESSAGE][PASSED] - Text 'testuser02@mailinator.com' is set on object 'Object Repository/02-Side Icons(Organization)/Add Contact/Email Field'

2022-09-16 17:24:14 - [TEST_STEP][PASSED] - setEncryptedText(findTestObject("02-Side Icons(Organization)/Add Contact/Password Field"), "8yFRyszE6U6jvsCn51OQbg=="): Text ****** has been set on object 'Object Repository/02-Side Icons(Organization)/Add Contact/Password Field'

2022-09-16 17:24:15 - [MESSAGE][PASSED] - Text ****** has been set on object 'Object Repository/02-Side Icons(Organization)/Add Contact/Password Field'

2022-09-16 17:24:15 - [TEST_STEP][PASSED] - click(findTestObject("02-Side Icons(Organization)/Add Contact/button_Sign in")): Object: 'Object Repository/02-Side Icons(Organization)/Add Contact/button_Sign in' is clicked on

2022-09-16 17:24:15 - [MESSAGE][PASSED] - Object: 'Object Repository/02-Side Icons(Organization)/Add Contact/button_Sign in' is clicked on

2022-09-16 17:24:15 - [TEST_STEP][PASSED] - delay(2): Delayed 2 second(s)

2022-09-16 17:24:17 - [MESSAGE][PASSED] - Delayed 2 second(s)

2022-09-16 17:24:17 - [TEST_STEP][PASSED] - click(findTestObject("06-Teams/For 2FA/button_Confirm_2FA")): Object: 'Object Repository/06-Teams/For 2FA/button_Confirm_2FA' is clicked on

2022-09-16 17:24:18 - [MESSAGE][PASSED] - Object: 'Object Repository/06-Teams/For 2FA/button_Confirm_2FA' is clicked on

2022-09-16 17:24:18 - [TEST_STEP][PASSED] - executeJavaScript("window.open();", []): Execute JavaScript 'window.open();' successfully

2022-09-16 17:24:18 - [MESSAGE][PASSED] - Execute JavaScript 'window.open();' successfully

2022-09-16 17:24:18 - [TEST_STEP][PASSED] - currentWindow = getWindowIndex(): Current window's index is: 0

2022-09-16 17:24:18 - [MESSAGE][PASSED] - Current window's index is: 0

2022-09-16 17:24:18 - [TEST_STEP][PASSED] - delay(3): Delayed 3 second(s)

2022-09-16 17:24:21 - [MESSAGE][PASSED] - Delayed 3 second(s)

2022-09-16 17:24:21 - [TEST_STEP][PASSED] - switchToWindowIndex(currentWindow + 1): Switched to window with index: '1'

2022-09-16 17:24:21 - [MESSAGE][PASSED] - Switched to window with index: '1'

2022-09-16 17:24:21 - [TEST_STEP][PASSED] - navigateToUrl("https://www.mailinator.com/"): Navigate to 'https://www.mailinator.com/' successfully

2022-09-16 17:24:23 - [MESSAGE][PASSED] - Navigate to 'https://www.mailinator.com/' successfully

2022-09-16 17:24:23 - [TEST_STEP][PASSED] - delay(3): Delayed 3 second(s)

2022-09-16 17:24:26 - [MESSAGE][PASSED] - Delayed 3 second(s)

2022-09-16 17:24:26 - [TEST_STEP][PASSED] - setText(findTestObject("00-Signup and Activation/zMailinator/input_LOGIN_search"), "testuser02@mailinator.com"): Text 'testuser02@mailinator.com' is set on object 'Object Repository/00-Signup and Activation/zMailinator/input_LOGIN_search'

2022-09-16 17:24:27 - [MESSAGE][PASSED] - Text 'testuser02@mailinator.com' is set on object 'Object Repository/00-Signup and Activation/zMailinator/input_LOGIN_search'

2022-09-16 17:24:27 - [TEST_STEP][PASSED] - click(findTestObject("00-Signup and Activation/zMailinator/gobutton"), STOP_ON_FAILURE): Object: 'Object Repository/00-Signup and Activation/zMailinator/gobutton' is clicked on

2022-09-16 17:24:30 - [MESSAGE][PASSED] - Object: 'Object Repository/00-Signup and Activation/zMailinator/gobutton' is clicked on

2022-09-16 17:24:30 - [TEST_STEP][PASSED] - delay(3): Delayed 3 second(s)

2022-09-16 17:24:33 - [MESSAGE][PASSED] - Delayed 3 second(s)

2022-09-16 17:24:33 - [TEST_STEP][PASSED] - click(findTestObject("00-Signup and Activation/zMailinator/Email - everleagues")): Object: 'Object Repository/00-Signup and Activation/zMailinator/Email - everleagues' is clicked on

2022-09-16 17:24:33 - [MESSAGE][PASSED] - Object: 'Object Repository/00-Signup and Activation/zMailinator/Email - everleagues' is clicked on

2022-09-16 17:24:33 - [TEST_STEP][PASSED] - delay(3): Delayed 3 second(s)

2022-09-16 17:24:36 - [MESSAGE][PASSED] - Delayed 3 second(s)

2022-09-16 17:24:36 - [TEST_STEP][PASSED] - code = getText(findTestObject("Object Repository/06-Teams/For 2FA/2FA code")): Text of object 'Object Repository/06-Teams/For 2FA/2FA code' is: '705106'

2022-09-16 17:24:36 - [MESSAGE][PASSED] - Text of object 'Object Repository/06-Teams/For 2FA/2FA code' is: '705106'

2022-09-16 17:24:36 - [TEST_STEP][PASSED] - delay(3): Delayed 3 second(s)

2022-09-16 17:24:39 - [MESSAGE][PASSED] - Delayed 3 second(s)

2022-09-16 17:24:39 - [TEST_STEP][PASSED] - closeWindowTitle("Mailinator"): Window with title: 'Mailinator' is closed

2022-09-16 17:24:40 - [MESSAGE][PASSED] - Window with title: 'Mailinator' is closed

2022-09-16 17:24:40 - [TEST_STEP][PASSED] - delay(3): Delayed 3 second(s)

2022-09-16 17:24:43 - [MESSAGE][PASSED] - Delayed 3 second(s)

2022-09-16 17:24:43 - [TEST_STEP][PASSED] - switchToWindowIndex(0): Switched to window with index: '0'

2022-09-16 17:24:43 - [MESSAGE][PASSED] - Switched to window with index: '0'

2022-09-16 17:24:43 - [TEST_STEP][PASSED] - delay(3): Delayed 3 second(s)

2022-09-16 17:24:46 - [MESSAGE][PASSED] - Delayed 3 second(s)

2022-09-16 17:24:46 - [TEST_STEP][PASSED] - setText(findTestObject("Object Repository/06-Teams/For 2FA/input_Enter verification code_code"), code): Text '705106' is set on object 'Object Repository/06-Teams/For 2FA/input_Enter verification code_code'

2022-09-16 17:24:46 - [MESSAGE][PASSED] - Text '705106' is set on object 'Object Repository/06-Teams/For 2FA/input_Enter verification code_code'

2022-09-16 17:24:46 - [TEST_STEP][PASSED] - delay(3): Delayed 3 second(s)

2022-09-16 17:24:49 - [MESSAGE][PASSED] - Delayed 3 second(s)

2022-09-16 17:24:49 - [TEST_STEP][PASSED] - click(findTestObject("06-Teams/For 2FA/button_Verify_2FA")): Object: 'Object Repository/06-Teams/For 2FA/button_Verify_2FA' is clicked on

2022-09-16 17:24:50 - [MESSAGE][PASSED] - Object: 'Object Repository/06-Teams/For 2FA/button_Verify_2FA' is clicked on

2022-09-16 17:24:50 - [TEST_STEP][PASSED] - delay(5): Delayed 5 second(s)

2022-09-16 17:24:55 - [MESSAGE][PASSED] - Delayed 5 second(s)

2022-09-16 17:24:55 - [TEST_STEP][PASSED] - click(findTestObject("06-Teams/button_doublearrow")): Object: 'Object Repository/06-Teams/button_doublearrow' is clicked on

2022-09-16 17:24:57 - [MESSAGE][PASSED] - Object: 'Object Repository/06-Teams/button_doublearrow' is clicked on

2022-09-16 17:24:57 - [TEST_STEP][PASSED] - click(findTestObject("06-Teams/button_My Organizations")): Object: 'Object Repository/06-Teams/button_My Organizations' is clicked on

2022-09-16 17:24:57 - [MESSAGE][PASSED] - Object: 'Object Repository/06-Teams/button_My Organizations' is clicked on

2022-09-16 17:24:57 - [TEST_STEP][PASSED] - click(findTestObject("06-Teams/button_GG Automation")): Object: 'Object Repository/06-Teams/button_GG Automation' is clicked on

2022-09-16 17:24:58 - [MESSAGE][PASSED] - Object: 'Object Repository/06-Teams/button_GG Automation' is clicked on

2022-09-16 17:24:58 - [TEST_STEP][PASSED] - delay(4): Delayed 4 second(s)

2022-09-16 17:25:02 - [MESSAGE][PASSED] - Delayed 4 second(s)

2022-09-16 17:25:02 - [TEST_STEP][PASSED] - verifyElementVisible(findTestObject("06-Teams/span_GG Automation")): Object 'Object Repository/06-Teams/span_GG Automation' is visible

2022-09-16 17:25:02 - [MESSAGE][PASSED] - Object 'Object Repository/06-Teams/span_GG Automation' is visible

2022-09-16 17:25:02 - [TEST_STEP][PASSED] - delay(10): Delayed 10 second(s)

2022-09-16 17:25:12 - [MESSAGE][PASSED] - Delayed 10 second(s)

2022-09-16 17:25:12 - [TEST_STEP][PASSED] - click(findTestObject("03-Header Menu/Hamburger Button/div_Settings")): Object: 'Object Repository/03-Header Menu/Hamburger Button/div_Settings' is clicked on

2022-09-16 17:25:13 - [MESSAGE][PASSED] - Object: 'Object Repository/03-Header Menu/Hamburger Button/div_Settings' is clicked on

2022-09-16 17:25:13 - [TEST_STEP][PASSED] - delay(3): Delayed 3 second(s)

2022-09-16 17:25:16 - [MESSAGE][PASSED] - Delayed 3 second(s)

2022-09-16 17:25:16 - [TEST_STEP][PASSED] - click(findTestObject("09-Settings/Users/div_Users")): Object: 'Object Repository/09-Settings/Users/div_Users' is clicked on

2022-09-16 17:25:16 - [MESSAGE][PASSED] - Object: 'Object Repository/09-Settings/Users/div_Users' is clicked on

2022-09-16 17:25:16 - [TEST_STEP][PASSED] - delay(3): Delayed 3 second(s)

2022-09-16 17:25:19 - [MESSAGE][PASSED] - Delayed 3 second(s)

2022-09-16 17:25:19 - [TEST_STEP][PASSED] - click(findTestObject("09-Settings/Users/button_add")): Object: 'Object Repository/09-Settings/Users/button_add' is clicked on

2022-09-16 17:25:20 - [MESSAGE][PASSED] - Object: 'Object Repository/09-Settings/Users/button_add' is clicked on

2022-09-16 17:25:20 - [TEST_STEP][PASSED] - delay(3): Delayed 3 second(s)

2022-09-16 17:25:23 - [MESSAGE][PASSED] - Delayed 3 second(s)

2022-09-16 17:25:23 - [TEST_STEP][PASSED] - click(findTestObject("09-Settings/Users/Invite batch of users via CSV file")): Object: 'Object Repository/09-Settings/Users/Invite batch of users via CSV file' is clicked on

2022-09-16 17:25:23 - [MESSAGE][PASSED] - Object: 'Object Repository/09-Settings/Users/Invite batch of users via CSV file' is clicked on

2022-09-16 17:25:23 - [TEST_STEP][PASSED] - verifyElementVisible(findTestObject("09-Settings/Users/CSV Invite/Import CSV File modal")): Object 'Object Repository/09-Settings/Users/CSV Invite/Import CSV File modal' is visible

2022-09-16 17:25:24 - [MESSAGE][PASSED] - Object 'Object Repository/09-Settings/Users/CSV Invite/Import CSV File modal' is visible

2022-09-16 17:25:24 - [TEST_STEP][PASSED] - verifyElementNotClickable(findTestObject("09-Settings/Users/CSV Invite/button_Import")): Object 'Object Repository/09-Settings/Users/CSV Invite/button_Import' is NOT clickable

2022-09-16 17:25:25 - [MESSAGE][PASSED] - Object 'Object Repository/09-Settings/Users/CSV Invite/button_Import' is NOT clickable

2022-09-16 17:25:25 - [TEST_STEP][PASSED] - delay(3): Delayed 3 second(s)

2022-09-16 17:25:28 - [MESSAGE][PASSED] - Delayed 3 second(s)

2022-09-16 17:25:28 - [TEST_STEP][PASSED] - uploadpackage.Upload.uploadFile(findTestObject("Object Repository/09-Settings/Users/CSV Invite/button_Choose File"), "C:\Users\User\Desktop\EL automation\sample csv.csv"): uploadpackage.Upload.uploadFile is PASSED

2022-09-16 17:25:28 - [MESSAGE][PASSED] - Object: 'Object Repository/09-Settings/Users/CSV Invite/button_Choose File' is clicked on

2022-09-16 17:25:28 - [MESSAGE][PASSED] - uploadpackage.Upload.uploadFile is PASSED

2022-09-16 17:25:28 - [TEST_STEP][PASSED] - delay(3): Delayed 3 second(s)

2022-09-16 17:25:31 - [MESSAGE][PASSED] - Delayed 3 second(s)

2022-09-16 17:25:31 - [TEST_STEP][FAILED] - verifyElementVisible(findTestObject("09-Settings/Users/CSV Invite/div_Sample csv.csv")): Unable to verify object 'Object Repository/09-Settings/Users/CSV Invite/div_Sample csv.csv' is visible (Root cause: com.kms.katalon.core.exception.StepFailedException: Unable to verify object 'Object Repository/09-Settings/Users/CSV Invite/div_Sample csv.csv' is visible
	at com.kms.katalon.core.webui.keyword.internal.WebUIKeywordMain.stepFailed(WebUIKeywordMain.groovy:64)
	at com.kms.katalon.core.webui.keyword.internal.WebUIKeywordMain.runKeyword(WebUIKeywordMain.groovy:26)
	at com.kms.katalon.core.webui.keyword.builtin.VerifyElementVisibleKeyword.verifyElementVisible(VerifyElementVisibleKeyword.groovy:97)
	at com.kms.katalon.core.webui.keyword.builtin.VerifyElementVisibleKeyword.execute(VerifyElementVisibleKeyword.groovy:67)
	at com.kms.katalon.core.keyword.internal.KeywordExecutor.executeKeywordForPlatform(KeywordExecutor.groovy:74)
	at com.kms.katalon.core.webui.keyword.WebUiBuiltInKeywords.verifyElementVisible(WebUiBuiltInKeywords.groovy:376)
	at com.kms.katalon.core.webui.keyword.WebUiBuiltInKeywords$verifyElementVisible$11.call(Unknown Source)
	at 05 - Users (Invite batch of users via CSV file).run(05 - Users (Invite batch of users via CSV file):115)
	at com.kms.katalon.core.main.ScriptEngine.run(ScriptEngine.java:194)
	at com.kms.katalon.core.main.ScriptEngine.runScriptAsRawText(ScriptEngine.java:119)
	at com.kms.katalon.core.main.TestCaseExecutor.runScript(TestCaseExecutor.java:448)
	at com.kms.katalon.core.main.TestCaseExecutor.doExecute(TestCaseExecutor.java:439)
	at com.kms.katalon.core.main.TestCaseExecutor.processExecutionPhase(TestCaseExecutor.java:418)
	at com.kms.katalon.core.main.TestCaseExecutor.accessMainPhase(TestCaseExecutor.java:410)
	at com.kms.katalon.core.main.TestCaseExecutor.execute(TestCaseExecutor.java:285)
	at com.kms.katalon.core.common.CommonExecutor.accessTestCaseMainPhase(CommonExecutor.java:65)
	at com.kms.katalon.core.main.TestSuiteExecutor.accessTestSuiteMainPhase(TestSuiteExecutor.java:144)
	at com.kms.katalon.core.main.TestSuiteExecutor.execute(TestSuiteExecutor.java:106)
	at com.kms.katalon.core.main.TestCaseMain.startTestSuite(TestCaseMain.java:185)
	at com.kms.katalon.core.main.TestCaseMain$startTestSuite$0.call(Unknown Source)
	at TempTestSuite1663319224260.run(TempTestSuite1663319224260.groovy:36)
Caused by: com.kms.katalon.core.exception.StepFailedException: Web element with id: 'Object Repository/09-Settings/Users/CSV Invite/div_Sample csv.csv' located by '//div[@class = 'file-name' and (text() = ' sample csv.csv ' or . = ' sample csv.csv ')]' not found
	at com.kms.katalon.core.webui.keyword.internal.WebUIKeywordMain.stepFailed(WebUIKeywordMain.groovy:64)
	at com.kms.katalon.core.webui.keyword.builtin.VerifyElementVisibleKeyword$_verifyElementVisible_closure1.doCall(VerifyElementVisibleKeyword.groovy:89)
	at com.kms.katalon.core.webui.keyword.builtin.VerifyElementVisibleKeyword$_verifyElementVisible_closure1.call(VerifyElementVisibleKeyword.groovy)
	at com.kms.katalon.core.webui.keyword.internal.WebUIKeywordMain.runKeyword(WebUIKeywordMain.groovy:20)
	... 19 more
)

2022-09-16 17:26:02 - [MESSAGE][INFO] - Unable to find the element located by 'By.xpath: //div[@class = 'file-name' and (text() = ' sample csv.csv ' or . = ' sample csv.csv ')]'. Please recheck the objects properties to make sure the desired element is located. 

2022-09-16 17:26:03 - [MESSAGE][FAILED] - Web element with id: 'Object Repository/09-Settings/Users/CSV Invite/div_Sample csv.csv' located by '//div[@class = 'file-name' and (text() = ' sample csv.csv ' or . = ' sample csv.csv ')]' not found (Root cause: com.kms.katalon.core.exception.StepFailedException: Web element with id: 'Object Repository/09-Settings/Users/CSV Invite/div_Sample csv.csv' located by '//div[@class = 'file-name' and (text() = ' sample csv.csv ' or . = ' sample csv.csv ')]' not found
	at com.kms.katalon.core.webui.keyword.internal.WebUIKeywordMain.stepFailed(WebUIKeywordMain.groovy:64)
	at com.kms.katalon.core.webui.keyword.builtin.VerifyElementVisibleKeyword$_verifyElementVisible_closure1.doCall(VerifyElementVisibleKeyword.groovy:89)
	at com.kms.katalon.core.webui.keyword.builtin.VerifyElementVisibleKeyword$_verifyElementVisible_closure1.call(VerifyElementVisibleKeyword.groovy)
	at com.kms.katalon.core.webui.keyword.internal.WebUIKeywordMain.runKeyword(WebUIKeywordMain.groovy:20)
	at com.kms.katalon.core.webui.keyword.builtin.VerifyElementVisibleKeyword.verifyElementVisible(VerifyElementVisibleKeyword.groovy:97)
	at com.kms.katalon.core.webui.keyword.builtin.VerifyElementVisibleKeyword.execute(VerifyElementVisibleKeyword.groovy:67)
	at com.kms.katalon.core.keyword.internal.KeywordExecutor.executeKeywordForPlatform(KeywordExecutor.groovy:74)
	at com.kms.katalon.core.webui.keyword.WebUiBuiltInKeywords.verifyElementVisible(WebUiBuiltInKeywords.groovy:376)
	at com.kms.katalon.core.webui.keyword.WebUiBuiltInKeywords$verifyElementVisible$11.call(Unknown Source)
	at 05 - Users (Invite batch of users via CSV file).run(05 - Users (Invite batch of users via CSV file):115)
	at com.kms.katalon.core.main.ScriptEngine.run(ScriptEngine.java:194)
	at com.kms.katalon.core.main.ScriptEngine.runScriptAsRawText(ScriptEngine.java:119)
	at com.kms.katalon.core.main.TestCaseExecutor.runScript(TestCaseExecutor.java:448)
	at com.kms.katalon.core.main.TestCaseExecutor.doExecute(TestCaseExecutor.java:439)
	at com.kms.katalon.core.main.TestCaseExecutor.processExecutionPhase(TestCaseExecutor.java:418)
	at com.kms.katalon.core.main.TestCaseExecutor.accessMainPhase(TestCaseExecutor.java:410)
	at com.kms.katalon.core.main.TestCaseExecutor.execute(TestCaseExecutor.java:285)
	at com.kms.katalon.core.common.CommonExecutor.accessTestCaseMainPhase(CommonExecutor.java:65)
	at com.kms.katalon.core.main.TestSuiteExecutor.accessTestSuiteMainPhase(TestSuiteExecutor.java:144)
	at com.kms.katalon.core.main.TestSuiteExecutor.execute(TestSuiteExecutor.java:106)
	at com.kms.katalon.core.main.TestCaseMain.startTestSuite(TestCaseMain.java:185)
	at com.kms.katalon.core.main.TestCaseMain$startTestSuite$0.call(Unknown Source)
	at TempTestSuite1663319224260.run(TempTestSuite1663319224260.groovy:36)
)
[[ATTACHMENT|C:\\Users\\User\\Katalon Studio\\EverleaguesMain\\Reports\\20220916_170704\\TS-Organization\\09-Settings\\20220916_170704\\1663320362894.png]]

2022-09-16 17:26:03 - [MESSAGE][FAILED] - Unable to verify object 'Object Repository/09-Settings/Users/CSV Invite/div_Sample csv.csv' is visible (Root cause: com.kms.katalon.core.exception.StepFailedException: Unable to verify object 'Object Repository/09-Settings/Users/CSV Invite/div_Sample csv.csv' is visible
	at com.kms.katalon.core.webui.keyword.internal.WebUIKeywordMain.stepFailed(WebUIKeywordMain.groovy:64)
	at com.kms.katalon.core.webui.keyword.internal.WebUIKeywordMain.runKeyword(WebUIKeywordMain.groovy:26)
	at com.kms.katalon.core.webui.keyword.builtin.VerifyElementVisibleKeyword.verifyElementVisible(VerifyElementVisibleKeyword.groovy:97)
	at com.kms.katalon.core.webui.keyword.builtin.VerifyElementVisibleKeyword.execute(VerifyElementVisibleKeyword.groovy:67)
	at com.kms.katalon.core.keyword.internal.KeywordExecutor.executeKeywordForPlatform(KeywordExecutor.groovy:74)
	at com.kms.katalon.core.webui.keyword.WebUiBuiltInKeywords.verifyElementVisible(WebUiBuiltInKeywords.groovy:376)
	at com.kms.katalon.core.webui.keyword.WebUiBuiltInKeywords$verifyElementVisible$11.call(Unknown Source)
	at 05 - Users (Invite batch of users via CSV file).run(05 - Users (Invite batch of users via CSV file):115)
	at com.kms.katalon.core.main.ScriptEngine.run(ScriptEngine.java:194)
	at com.kms.katalon.core.main.ScriptEngine.runScriptAsRawText(ScriptEngine.java:119)
	at com.kms.katalon.core.main.TestCaseExecutor.runScript(TestCaseExecutor.java:448)
	at com.kms.katalon.core.main.TestCaseExecutor.doExecute(TestCaseExecutor.java:439)
	at com.kms.katalon.core.main.TestCaseExecutor.processExecutionPhase(TestCaseExecutor.java:418)
	at com.kms.katalon.core.main.TestCaseExecutor.accessMainPhase(TestCaseExecutor.java:410)
	at com.kms.katalon.core.main.TestCaseExecutor.execute(TestCaseExecutor.java:285)
	at com.kms.katalon.core.common.CommonExecutor.accessTestCaseMainPhase(CommonExecutor.java:65)
	at com.kms.katalon.core.main.TestSuiteExecutor.accessTestSuiteMainPhase(TestSuiteExecutor.java:144)
	at com.kms.katalon.core.main.TestSuiteExecutor.execute(TestSuiteExecutor.java:106)
	at com.kms.katalon.core.main.TestCaseMain.startTestSuite(TestCaseMain.java:185)
	at com.kms.katalon.core.main.TestCaseMain$startTestSuite$0.call(Unknown Source)
	at TempTestSuite1663319224260.run(TempTestSuite1663319224260.groovy:36)
Caused by: com.kms.katalon.core.exception.StepFailedException: Web element with id: 'Object Repository/09-Settings/Users/CSV Invite/div_Sample csv.csv' located by '//div[@class = 'file-name' and (text() = ' sample csv.csv ' or . = ' sample csv.csv ')]' not found
	at com.kms.katalon.core.webui.keyword.internal.WebUIKeywordMain.stepFailed(WebUIKeywordMain.groovy:64)
	at com.kms.katalon.core.webui.keyword.builtin.VerifyElementVisibleKeyword$_verifyElementVisible_closure1.doCall(VerifyElementVisibleKeyword.groovy:89)
	at com.kms.katalon.core.webui.keyword.builtin.VerifyElementVisibleKeyword$_verifyElementVisible_closure1.call(VerifyElementVisibleKeyword.groovy)
	at com.kms.katalon.core.webui.keyword.internal.WebUIKeywordMain.runKeyword(WebUIKeywordMain.groovy:20)
	... 19 more
)
[[ATTACHMENT|C:\\Users\\User\\Katalon Studio\\EverleaguesMain\\Reports\\20220916_170704\\TS-Organization\\09-Settings\\20220916_170704\\1663320363093.png]]]]></system-out>
         <system-err><![CDATA[2022-09-16 17:24:02 - [TEST_CASE][FAILED] - Test Cases/09-Settings/05 - Users (Invite batch of users via CSV file): Test Cases/09-Settings/05 - Users (Invite batch of users via CSV file) FAILED.
Reason:
com.kms.katalon.core.exception.StepFailedException: Unable to verify object 'Object Repository/09-Settings/Users/CSV Invite/div_Sample csv.csv' is visible
	at com.kms.katalon.core.webui.keyword.internal.WebUIKeywordMain.stepFailed(WebUIKeywordMain.groovy:64)
	at com.kms.katalon.core.webui.keyword.internal.WebUIKeywordMain.runKeyword(WebUIKeywordMain.groovy:26)
	at com.kms.katalon.core.webui.keyword.builtin.VerifyElementVisibleKeyword.verifyElementVisible(VerifyElementVisibleKeyword.groovy:97)
	at com.kms.katalon.core.webui.keyword.builtin.VerifyElementVisibleKeyword.execute(VerifyElementVisibleKeyword.groovy:67)
	at com.kms.katalon.core.keyword.internal.KeywordExecutor.executeKeywordForPlatform(KeywordExecutor.groovy:74)
	at com.kms.katalon.core.webui.keyword.WebUiBuiltInKeywords.verifyElementVisible(WebUiBuiltInKeywords.groovy:376)
	at com.kms.katalon.core.webui.keyword.WebUiBuiltInKeywords$verifyElementVisible$11.call(Unknown Source)
	at 05 - Users (Invite batch of users via CSV file).run(05 - Users (Invite batch of users via CSV file):115)
	at com.kms.katalon.core.main.ScriptEngine.run(ScriptEngine.java:194)
	at com.kms.katalon.core.main.ScriptEngine.runScriptAsRawText(ScriptEngine.java:119)
	at com.kms.katalon.core.main.TestCaseExecutor.runScript(TestCaseExecutor.java:448)
	at com.kms.katalon.core.main.TestCaseExecutor.doExecute(TestCaseExecutor.java:439)
	at com.kms.katalon.core.main.TestCaseExecutor.processExecutionPhase(TestCaseExecutor.java:418)
	at com.kms.katalon.core.main.TestCaseExecutor.accessMainPhase(TestCaseExecutor.java:410)
	at com.kms.katalon.core.main.TestCaseExecutor.execute(TestCaseExecutor.java:285)
	at com.kms.katalon.core.common.CommonExecutor.accessTestCaseMainPhase(CommonExecutor.java:65)
	at com.kms.katalon.core.main.TestSuiteExecutor.accessTestSuiteMainPhase(TestSuiteExecutor.java:144)
	at com.kms.katalon.core.main.TestSuiteExecutor.execute(TestSuiteExecutor.java:106)
	at com.kms.katalon.core.main.TestCaseMain.startTestSuite(TestCaseMain.java:185)
	at com.kms.katalon.core.main.TestCaseMain$startTestSuite$0.call(Unknown Source)
	at TempTestSuite1663319224260.run(TempTestSuite1663319224260.groovy:36)
Caused by: com.kms.katalon.core.exception.StepFailedException: Web element with id: 'Object Repository/09-Settings/Users/CSV Invite/div_Sample csv.csv' located by '//div[@class = 'file-name' and (text() = ' sample csv.csv ' or . = ' sample csv.csv ')]' not found
	at com.kms.katalon.core.webui.keyword.internal.WebUIKeywordMain.stepFailed(WebUIKeywordMain.groovy:64)
	at com.kms.katalon.core.webui.keyword.builtin.VerifyElementVisibleKeyword$_verifyElementVisible_closure1.doCall(VerifyElementVisibleKeyword.groovy:89)
	at com.kms.katalon.core.webui.keyword.builtin.VerifyElementVisibleKeyword$_verifyElementVisible_closure1.call(VerifyElementVisibleKeyword.groovy)
	at com.kms.katalon.core.webui.keyword.internal.WebUIKeywordMain.runKeyword(WebUIKeywordMain.groovy:20)
	... 19 more]]></system-err>
      </testcase>
      <system-out><![CDATA[2022-09-16 17:07:06 - [TEST_SUITE][FAILED] - 09-Settings: Test Cases/09-Settings/05 - Users (Invite batch of users via CSV file) FAILED.
Reason:
com.kms.katalon.core.exception.StepFailedException: Unable to verify object 'Object Repository/09-Settings/Users/CSV Invite/div_Sample csv.csv' is visible
	at com.kms.katalon.core.webui.keyword.internal.WebUIKeywordMain.stepFailed(WebUIKeywordMain.groovy:64)
	at com.kms.katalon.core.webui.keyword.internal.WebUIKeywordMain.runKeyword(WebUIKeywordMain.groovy:26)
	at com.kms.katalon.core.webui.keyword.builtin.VerifyElementVisibleKeyword.verifyElementVisible(VerifyElementVisibleKeyword.groovy:97)
	at com.kms.katalon.core.webui.keyword.builtin.VerifyElementVisibleKeyword.execute(VerifyElementVisibleKeyword.groovy:67)
	at com.kms.katalon.core.keyword.internal.KeywordExecutor.executeKeywordForPlatform(KeywordExecutor.groovy:74)
	at com.kms.katalon.core.webui.keyword.WebUiBuiltInKeywords.verifyElementVisible(WebUiBuiltInKeywords.groovy:376)
	at com.kms.katalon.core.webui.keyword.WebUiBuiltInKeywords$verifyElementVisible$11.call(Unknown Source)
	at 05 - Users (Invite batch of users via CSV file).run(05 - Users (Invite batch of users via CSV file):115)
	at com.kms.katalon.core.main.ScriptEngine.run(ScriptEngine.java:194)
	at com.kms.katalon.core.main.ScriptEngine.runScriptAsRawText(ScriptEngine.java:119)
	at com.kms.katalon.core.main.TestCaseExecutor.runScript(TestCaseExecutor.java:448)
	at com.kms.katalon.core.main.TestCaseExecutor.doExecute(TestCaseExecutor.java:439)
	at com.kms.katalon.core.main.TestCaseExecutor.processExecutionPhase(TestCaseExecutor.java:418)
	at com.kms.katalon.core.main.TestCaseExecutor.accessMainPhase(TestCaseExecutor.java:410)
	at com.kms.katalon.core.main.TestCaseExecutor.execute(TestCaseExecutor.java:285)
	at com.kms.katalon.core.common.CommonExecutor.accessTestCaseMainPhase(CommonExecutor.java:65)
	at com.kms.katalon.core.main.TestSuiteExecutor.accessTestSuiteMainPhase(TestSuiteExecutor.java:144)
	at com.kms.katalon.core.main.TestSuiteExecutor.execute(TestSuiteExecutor.java:106)
	at com.kms.katalon.core.main.TestCaseMain.startTestSuite(TestCaseMain.java:185)
	at com.kms.katalon.core.main.TestCaseMain$startTestSuite$0.call(Unknown Source)
	at TempTestSuite1663319224260.run(TempTestSuite1663319224260.groovy:36)
Caused by: com.kms.katalon.core.exception.StepFailedException: Web element with id: 'Object Repository/09-Settings/Users/CSV Invite/div_Sample csv.csv' located by '//div[@class = 'file-name' and (text() = ' sample csv.csv ' or . = ' sample csv.csv ')]' not found
	at com.kms.katalon.core.webui.keyword.internal.WebUIKeywordMain.stepFailed(WebUIKeywordMain.groovy:64)
	at com.kms.katalon.core.webui.keyword.builtin.VerifyElementVisibleKeyword$_verifyElementVisible_closure1.doCall(VerifyElementVisibleKeyword.groovy:89)
	at com.kms.katalon.core.webui.keyword.builtin.VerifyElementVisibleKeyword$_verifyElementVisible_closure1.call(VerifyElementVisibleKeyword.groovy)
	at com.kms.katalon.core.webui.keyword.internal.WebUIKeywordMain.runKeyword(WebUIKeywordMain.groovy:20)
	... 19 more]]></system-out>
      <system-err><![CDATA[2022-09-16 17:07:06 - [TEST_SUITE][FAILED] - 09-Settings: Test Cases/09-Settings/05 - Users (Invite batch of users via CSV file) FAILED.
Reason:
com.kms.katalon.core.exception.StepFailedException: Unable to verify object 'Object Repository/09-Settings/Users/CSV Invite/div_Sample csv.csv' is visible
	at com.kms.katalon.core.webui.keyword.internal.WebUIKeywordMain.stepFailed(WebUIKeywordMain.groovy:64)
	at com.kms.katalon.core.webui.keyword.internal.WebUIKeywordMain.runKeyword(WebUIKeywordMain.groovy:26)
	at com.kms.katalon.core.webui.keyword.builtin.VerifyElementVisibleKeyword.verifyElementVisible(VerifyElementVisibleKeyword.groovy:97)
	at com.kms.katalon.core.webui.keyword.builtin.VerifyElementVisibleKeyword.execute(VerifyElementVisibleKeyword.groovy:67)
	at com.kms.katalon.core.keyword.internal.KeywordExecutor.executeKeywordForPlatform(KeywordExecutor.groovy:74)
	at com.kms.katalon.core.webui.keyword.WebUiBuiltInKeywords.verifyElementVisible(WebUiBuiltInKeywords.groovy:376)
	at com.kms.katalon.core.webui.keyword.WebUiBuiltInKeywords$verifyElementVisible$11.call(Unknown Source)
	at 05 - Users (Invite batch of users via CSV file).run(05 - Users (Invite batch of users via CSV file):115)
	at com.kms.katalon.core.main.ScriptEngine.run(ScriptEngine.java:194)
	at com.kms.katalon.core.main.ScriptEngine.runScriptAsRawText(ScriptEngine.java:119)
	at com.kms.katalon.core.main.TestCaseExecutor.runScript(TestCaseExecutor.java:448)
	at com.kms.katalon.core.main.TestCaseExecutor.doExecute(TestCaseExecutor.java:439)
	at com.kms.katalon.core.main.TestCaseExecutor.processExecutionPhase(TestCaseExecutor.java:418)
	at com.kms.katalon.core.main.TestCaseExecutor.accessMainPhase(TestCaseExecutor.java:410)
	at com.kms.katalon.core.main.TestCaseExecutor.execute(TestCaseExecutor.java:285)
	at com.kms.katalon.core.common.CommonExecutor.accessTestCaseMainPhase(CommonExecutor.java:65)
	at com.kms.katalon.core.main.TestSuiteExecutor.accessTestSuiteMainPhase(TestSuiteExecutor.java:144)
	at com.kms.katalon.core.main.TestSuiteExecutor.execute(TestSuiteExecutor.java:106)
	at com.kms.katalon.core.main.TestCaseMain.startTestSuite(TestCaseMain.java:185)
	at com.kms.katalon.core.main.TestCaseMain$startTestSuite$0.call(Unknown Source)
	at TempTestSuite1663319224260.run(TempTestSuite1663319224260.groovy:36)
Caused by: com.kms.katalon.core.exception.StepFailedException: Web element with id: 'Object Repository/09-Settings/Users/CSV Invite/div_Sample csv.csv' located by '//div[@class = 'file-name' and (text() = ' sample csv.csv ' or . = ' sample csv.csv ')]' not found
	at com.kms.katalon.core.webui.keyword.internal.WebUIKeywordMain.stepFailed(WebUIKeywordMain.groovy:64)
	at com.kms.katalon.core.webui.keyword.builtin.VerifyElementVisibleKeyword$_verifyElementVisible_closure1.doCall(VerifyElementVisibleKeyword.groovy:89)
	at com.kms.katalon.core.webui.keyword.builtin.VerifyElementVisibleKeyword$_verifyElementVisible_closure1.call(VerifyElementVisibleKeyword.groovy)
	at com.kms.katalon.core.webui.keyword.internal.WebUIKeywordMain.runKeyword(WebUIKeywordMain.groovy:20)
	... 19 more]]></system-err>
   </testsuite>
</testsuites>
