<?xml version="1.0" encoding="UTF-8"?>
<testsuites name="09.1 - Settings (Invite users)" time="1321.43" tests="5" failures="0" errors="0">
   <testsuite name="09.1 - Settings (Invite users)" tests="5" failures="0" errors="0" time="1321.43" skipped="0" timestamp="2023-01-09 18:24:32" hostname="asus - DESKTOP-3L3J9C1" id="Test Suites/TS-Organization/09.1 - Settings (Invite users)">
      <properties>
         <property name="deviceName" value=""/>
         <property name="devicePlatform" value=""/>
         <property name="logFolder" value="C:\\Users\\asus\\Katalon Studio\\Everleagues\\Everleagues\\Reports\\20230109_182418\\TS-Organization\\09.1 - Settings (Invite users)\\20230109_182418"/>
         <property name="logFiles" value="C:\\Users\\asus\\Katalon Studio\\Everleagues\\Everleagues\\Reports\\20230109_182418\\TS-Organization\\09.1 - Settings (Invite users)\\20230109_182418\\execution0.log"/>
         <property name="attachments" value=""/>
         <property name="hostName" value="asus - DESKTOP-3L3J9C1"/>
         <property name="os" value="Windows 10 64bit"/>
         <property name="katalonVersion" value="8.4.1.208"/>
         <property name="browser" value="Chrome 108.0.0.0"/>
         <property name="hostAddress" value="192.168.5.82"/>
         <property name="sessionId" value="a76f5f68e097c717473ca3ea3938083b"/>
         <property name="seleniumVersion" value="3.141.59"/>
         <property name="proxyInformation" value="ProxyInformation { proxyOption=NO_PROXY, proxyServerType=HTTP, username=, password=********, proxyServerAddress=, proxyServerPort=0, executionList=&quot;&quot;, isApplyToDesiredCapabilities=true }"/>
         <property name="platform" value="Windows 10"/>
      </properties>
      <testcase name="Test Cases/09-Settings/01 - Users (Invite new user but field are blank)" time="153.619" classname="Test Cases/09-Settings/01 - Users (Invite new user but field are blank)" status="PASSED">
         <system-out><![CDATA[2023-01-09 18:24:34 - [TEST_CASE][PASSED] - Test Cases/09-Settings/01 - Users (Invite new user but field are blank): Test Cases/09-Settings/01 - Users (Invite new user but field are blank)

2023-01-09 18:24:36 - [TEST_STEP][PASSED] - openBrowser(""): Browser is opened with url: ''

2023-01-09 18:24:37 - [MESSAGE][INFO] - Starting 'Chrome' driver

2023-01-09 18:24:37 - [MESSAGE][INFO] - Action delay is set to 0 milliseconds

2023-01-09 18:24:47 - [MESSAGE][PASSED] - Browser is opened with url: ''

2023-01-09 18:24:47 - [TEST_STEP][PASSED] - navigateToUrl("https://lab.everleagues.com/"): Navigate to 'https://lab.everleagues.com/' successfully

2023-01-09 18:25:09 - [MESSAGE][PASSED] - Navigate to 'https://lab.everleagues.com/' successfully

2023-01-09 18:25:09 - [TEST_STEP][PASSED] - maximizeWindow(): Current window maximized

2023-01-09 18:25:10 - [MESSAGE][PASSED] - Current window maximized

2023-01-09 18:25:10 - [TEST_STEP][PASSED] - setText(findTestObject("02-Side Icons(Organization)/Add Contact/Email Field"), "testuser02@mailinator.com"): Text 'testuser02@mailinator.com' is set on object 'Object Repository/02-Side Icons(Organization)/Add Contact/Email Field'

2023-01-09 18:25:12 - [MESSAGE][PASSED] - Text 'testuser02@mailinator.com' is set on object 'Object Repository/02-Side Icons(Organization)/Add Contact/Email Field'

2023-01-09 18:25:12 - [TEST_STEP][PASSED] - setEncryptedText(findTestObject("02-Side Icons(Organization)/Add Contact/Password Field"), "8yFRyszE6U6jvsCn51OQbg=="): Text ****** has been set on object 'Object Repository/02-Side Icons(Organization)/Add Contact/Password Field'

2023-01-09 18:25:13 - [MESSAGE][PASSED] - Text ****** has been set on object 'Object Repository/02-Side Icons(Organization)/Add Contact/Password Field'

2023-01-09 18:25:13 - [TEST_STEP][PASSED] - click(findTestObject("02-Side Icons(Organization)/Add Contact/button_Sign in")): Object: 'Object Repository/02-Side Icons(Organization)/Add Contact/button_Sign in' is clicked on

2023-01-09 18:25:14 - [MESSAGE][PASSED] - Object: 'Object Repository/02-Side Icons(Organization)/Add Contact/button_Sign in' is clicked on

2023-01-09 18:25:14 - [TEST_STEP][PASSED] - delay(2): Delayed 2 second(s)

2023-01-09 18:25:16 - [MESSAGE][PASSED] - Delayed 2 second(s)

2023-01-09 18:25:16 - [TEST_STEP][PASSED] - click(findTestObject("06-Teams/For 2FA/button_Confirm_2FA")): Object: 'Object Repository/06-Teams/For 2FA/button_Confirm_2FA' is clicked on

2023-01-09 18:25:17 - [MESSAGE][PASSED] - Object: 'Object Repository/06-Teams/For 2FA/button_Confirm_2FA' is clicked on

2023-01-09 18:25:17 - [TEST_STEP][PASSED] - executeJavaScript("window.open();", []): Execute JavaScript 'window.open();' successfully

2023-01-09 18:25:17 - [MESSAGE][PASSED] - Execute JavaScript 'window.open();' successfully

2023-01-09 18:25:17 - [TEST_STEP][PASSED] - currentWindow = getWindowIndex(): Current window's index is: 0

2023-01-09 18:25:18 - [MESSAGE][PASSED] - Current window's index is: 0

2023-01-09 18:25:18 - [TEST_STEP][PASSED] - delay(3): Delayed 3 second(s)

2023-01-09 18:25:21 - [MESSAGE][PASSED] - Delayed 3 second(s)

2023-01-09 18:25:21 - [TEST_STEP][PASSED] - switchToWindowIndex(currentWindow + 1): Switched to window with index: '1'

2023-01-09 18:25:22 - [MESSAGE][PASSED] - Switched to window with index: '1'

2023-01-09 18:25:22 - [TEST_STEP][PASSED] - navigateToUrl("https://www.mailinator.com/"): Navigate to 'https://www.mailinator.com/' successfully

2023-01-09 18:25:31 - [MESSAGE][PASSED] - Navigate to 'https://www.mailinator.com/' successfully

2023-01-09 18:25:31 - [TEST_STEP][PASSED] - delay(3): Delayed 3 second(s)

2023-01-09 18:25:34 - [MESSAGE][PASSED] - Delayed 3 second(s)

2023-01-09 18:25:34 - [TEST_STEP][PASSED] - setText(findTestObject("00-Signup and Activation/zMailinator/input_LOGIN_search"), "testuser02@mailinator.com"): Text 'testuser02@mailinator.com' is set on object 'Object Repository/00-Signup and Activation/zMailinator/input_LOGIN_search'

2023-01-09 18:25:36 - [MESSAGE][PASSED] - Text 'testuser02@mailinator.com' is set on object 'Object Repository/00-Signup and Activation/zMailinator/input_LOGIN_search'

2023-01-09 18:25:36 - [TEST_STEP][PASSED] - click(findTestObject("00-Signup and Activation/zMailinator/gobutton"), STOP_ON_FAILURE): Object: 'Object Repository/00-Signup and Activation/zMailinator/gobutton' is clicked on

2023-01-09 18:25:46 - [MESSAGE][PASSED] - Object: 'Object Repository/00-Signup and Activation/zMailinator/gobutton' is clicked on

2023-01-09 18:25:46 - [TEST_STEP][PASSED] - delay(3): Delayed 3 second(s)

2023-01-09 18:25:49 - [MESSAGE][PASSED] - Delayed 3 second(s)

2023-01-09 18:25:49 - [TEST_STEP][PASSED] - click(findTestObject("00-Signup and Activation/zMailinator/Email - everleagues")): Object: 'Object Repository/00-Signup and Activation/zMailinator/Email - everleagues' is clicked on

2023-01-09 18:25:50 - [MESSAGE][PASSED] - Object: 'Object Repository/00-Signup and Activation/zMailinator/Email - everleagues' is clicked on

2023-01-09 18:25:50 - [TEST_STEP][PASSED] - delay(3): Delayed 3 second(s)

2023-01-09 18:25:53 - [MESSAGE][PASSED] - Delayed 3 second(s)

2023-01-09 18:25:53 - [TEST_STEP][PASSED] - code = getText(findTestObject("Object Repository/06-Teams/For 2FA/2FA code")): Text of object 'Object Repository/06-Teams/For 2FA/2FA code' is: '546544'

2023-01-09 18:25:54 - [MESSAGE][PASSED] - Text of object 'Object Repository/06-Teams/For 2FA/2FA code' is: '546544'

2023-01-09 18:25:54 - [TEST_STEP][PASSED] - delay(3): Delayed 3 second(s)

2023-01-09 18:25:57 - [MESSAGE][PASSED] - Delayed 3 second(s)

2023-01-09 18:25:57 - [TEST_STEP][PASSED] - closeWindowTitle("Mailinator"): Window with title: 'Mailinator' is closed

2023-01-09 18:25:58 - [MESSAGE][PASSED] - Window with title: 'Mailinator' is closed

2023-01-09 18:25:58 - [TEST_STEP][PASSED] - delay(3): Delayed 3 second(s)

2023-01-09 18:26:01 - [MESSAGE][PASSED] - Delayed 3 second(s)

2023-01-09 18:26:01 - [TEST_STEP][PASSED] - switchToWindowIndex(0): Switched to window with index: '0'

2023-01-09 18:26:01 - [MESSAGE][PASSED] - Switched to window with index: '0'

2023-01-09 18:26:01 - [TEST_STEP][PASSED] - delay(3): Delayed 3 second(s)

2023-01-09 18:26:04 - [MESSAGE][PASSED] - Delayed 3 second(s)

2023-01-09 18:26:04 - [TEST_STEP][PASSED] - setText(findTestObject("Object Repository/06-Teams/For 2FA/input_Enter verification code_code"), code): Text '546544' is set on object 'Object Repository/06-Teams/For 2FA/input_Enter verification code_code'

2023-01-09 18:26:05 - [MESSAGE][PASSED] - Text '546544' is set on object 'Object Repository/06-Teams/For 2FA/input_Enter verification code_code'

2023-01-09 18:26:05 - [TEST_STEP][PASSED] - delay(3): Delayed 3 second(s)

2023-01-09 18:26:09 - [MESSAGE][PASSED] - Delayed 3 second(s)

2023-01-09 18:26:09 - [TEST_STEP][PASSED] - click(findTestObject("06-Teams/For 2FA/button_Verify_2FA")): Object: 'Object Repository/06-Teams/For 2FA/button_Verify_2FA' is clicked on

2023-01-09 18:26:12 - [MESSAGE][PASSED] - Object: 'Object Repository/06-Teams/For 2FA/button_Verify_2FA' is clicked on

2023-01-09 18:26:12 - [TEST_STEP][PASSED] - delay(5): Delayed 5 second(s)

2023-01-09 18:26:17 - [MESSAGE][PASSED] - Delayed 5 second(s)

2023-01-09 18:26:17 - [TEST_STEP][PASSED] - click(findTestObject("06-Teams/button_doublearrow")): Object: 'Object Repository/06-Teams/button_doublearrow' is clicked on

2023-01-09 18:26:19 - [MESSAGE][PASSED] - Object: 'Object Repository/06-Teams/button_doublearrow' is clicked on

2023-01-09 18:26:19 - [TEST_STEP][PASSED] - click(findTestObject("06-Teams/button_My Organizations")): Object: 'Object Repository/06-Teams/button_My Organizations' is clicked on

2023-01-09 18:26:21 - [MESSAGE][PASSED] - Object: 'Object Repository/06-Teams/button_My Organizations' is clicked on

2023-01-09 18:26:21 - [TEST_STEP][PASSED] - click(findTestObject("06-Teams/button_GG Automation")): Object: 'Object Repository/06-Teams/button_GG Automation' is clicked on

2023-01-09 18:26:22 - [MESSAGE][PASSED] - Object: 'Object Repository/06-Teams/button_GG Automation' is clicked on

2023-01-09 18:26:22 - [TEST_STEP][PASSED] - delay(4): Delayed 4 second(s)

2023-01-09 18:26:26 - [MESSAGE][PASSED] - Delayed 4 second(s)

2023-01-09 18:26:26 - [TEST_STEP][PASSED] - verifyElementVisible(findTestObject("06-Teams/span_GG Automation")): Object 'Object Repository/06-Teams/span_GG Automation' is visible

2023-01-09 18:26:27 - [MESSAGE][PASSED] - Object 'Object Repository/06-Teams/span_GG Automation' is visible

2023-01-09 18:26:27 - [TEST_STEP][PASSED] - delay(5): Delayed 5 second(s)

2023-01-09 18:26:32 - [MESSAGE][PASSED] - Delayed 5 second(s)

2023-01-09 18:26:32 - [TEST_STEP][PASSED] - click(findTestObject("03-Header Menu/Hamburger Button/div_Settings")): Object: 'Object Repository/03-Header Menu/Hamburger Button/div_Settings' is clicked on

2023-01-09 18:26:33 - [MESSAGE][PASSED] - Object: 'Object Repository/03-Header Menu/Hamburger Button/div_Settings' is clicked on

2023-01-09 18:26:33 - [TEST_STEP][PASSED] - verifyElementVisible(findTestObject("09-Settings/Users/div_Organization")): Object 'Object Repository/09-Settings/Users/div_Organization' is visible

2023-01-09 18:26:33 - [MESSAGE][PASSED] - Object 'Object Repository/09-Settings/Users/div_Organization' is visible

2023-01-09 18:26:33 - [TEST_STEP][PASSED] - verifyElementVisible(findTestObject("09-Settings/Users/div_Organization Units")): Object 'Object Repository/09-Settings/Users/div_Organization Units' is visible

2023-01-09 18:26:34 - [MESSAGE][PASSED] - Object 'Object Repository/09-Settings/Users/div_Organization Units' is visible

2023-01-09 18:26:34 - [TEST_STEP][PASSED] - scrollToElement(findTestObject("09-Settings/Users/div_Subscriptions"), 0): Scroll to object 'Object Repository/09-Settings/Users/div_Subscriptions' successfully

2023-01-09 18:26:34 - [MESSAGE][WARNING] - Timeout '0' is invalid. Using default page load timeout: '30'

2023-01-09 18:26:35 - [MESSAGE][PASSED] - Scroll to object 'Object Repository/09-Settings/Users/div_Subscriptions' successfully

2023-01-09 18:26:35 - [TEST_STEP][PASSED] - verifyElementVisible(findTestObject("09-Settings/Users/div_Subscriptions")): Object 'Object Repository/09-Settings/Users/div_Subscriptions' is visible

2023-01-09 18:26:36 - [MESSAGE][PASSED] - Object 'Object Repository/09-Settings/Users/div_Subscriptions' is visible

2023-01-09 18:26:36 - [TEST_STEP][PASSED] - verifyElementVisible(findTestObject("09-Settings/Users/div_Users")): Object 'Object Repository/09-Settings/Users/div_Users' is visible

2023-01-09 18:26:36 - [MESSAGE][PASSED] - Object 'Object Repository/09-Settings/Users/div_Users' is visible

2023-01-09 18:26:36 - [TEST_STEP][PASSED] - delay(3): Delayed 3 second(s)

2023-01-09 18:26:39 - [MESSAGE][PASSED] - Delayed 3 second(s)

2023-01-09 18:26:39 - [TEST_STEP][PASSED] - click(findTestObject("09-Settings/Users/div_Users")): Object: 'Object Repository/09-Settings/Users/div_Users' is clicked on

2023-01-09 18:26:43 - [MESSAGE][PASSED] - Object: 'Object Repository/09-Settings/Users/div_Users' is clicked on

2023-01-09 18:26:43 - [TEST_STEP][PASSED] - verifyElementVisible(findTestObject("09-Settings/Users/h4_USERS")): Object 'Object Repository/09-Settings/Users/h4_USERS' is visible

2023-01-09 18:26:44 - [MESSAGE][PASSED] - Object 'Object Repository/09-Settings/Users/h4_USERS' is visible

2023-01-09 18:26:44 - [TEST_STEP][PASSED] - verifyElementVisible(findTestObject("09-Settings/Users/User Page")): Object 'Object Repository/09-Settings/Users/User Page' is visible

2023-01-09 18:26:45 - [MESSAGE][PASSED] - Object 'Object Repository/09-Settings/Users/User Page' is visible

2023-01-09 18:26:45 - [TEST_STEP][PASSED] - delay(3): Delayed 3 second(s)

2023-01-09 18:26:48 - [MESSAGE][PASSED] - Delayed 3 second(s)

2023-01-09 18:26:48 - [TEST_STEP][PASSED] - click(findTestObject("09-Settings/Users/button_add")): Object: 'Object Repository/09-Settings/Users/button_add' is clicked on

2023-01-09 18:26:50 - [MESSAGE][PASSED] - Object: 'Object Repository/09-Settings/Users/button_add' is clicked on

2023-01-09 18:26:50 - [TEST_STEP][PASSED] - verifyElementVisible(findTestObject("09-Settings/Users/User Invitation modal")): Object 'Object Repository/09-Settings/Users/User Invitation modal' is visible

2023-01-09 18:26:51 - [MESSAGE][PASSED] - Object 'Object Repository/09-Settings/Users/User Invitation modal' is visible

2023-01-09 18:26:51 - [TEST_STEP][PASSED] - delay(3): Delayed 3 second(s)

2023-01-09 18:26:54 - [MESSAGE][PASSED] - Delayed 3 second(s)

2023-01-09 18:26:54 - [TEST_STEP][PASSED] - click(findTestObject("09-Settings/Users/add Invite a single user")): Object: 'Object Repository/09-Settings/Users/add Invite a single user' is clicked on

2023-01-09 18:26:55 - [MESSAGE][PASSED] - Object: 'Object Repository/09-Settings/Users/add Invite a single user' is clicked on

2023-01-09 18:26:55 - [TEST_STEP][PASSED] - verifyElementVisible(findTestObject("09-Settings/Users/Invite new user modal")): Object 'Object Repository/09-Settings/Users/Invite new user modal' is visible

2023-01-09 18:26:57 - [MESSAGE][PASSED] - Object 'Object Repository/09-Settings/Users/Invite new user modal' is visible

2023-01-09 18:26:57 - [TEST_STEP][PASSED] - click(findTestObject("09-Settings/Users/input_email")): Object: 'Object Repository/09-Settings/Users/input_email' is clicked on

2023-01-09 18:26:58 - [MESSAGE][PASSED] - Object: 'Object Repository/09-Settings/Users/input_email' is clicked on

2023-01-09 18:26:58 - [TEST_STEP][PASSED] - click(findTestObject("09-Settings/Users/input_firstName")): Object: 'Object Repository/09-Settings/Users/input_firstName' is clicked on

2023-01-09 18:26:59 - [MESSAGE][PASSED] - Object: 'Object Repository/09-Settings/Users/input_firstName' is clicked on

2023-01-09 18:26:59 - [TEST_STEP][PASSED] - click(findTestObject("09-Settings/Users/input_lastName")): Object: 'Object Repository/09-Settings/Users/input_lastName' is clicked on

2023-01-09 18:27:01 - [MESSAGE][PASSED] - Object: 'Object Repository/09-Settings/Users/input_lastName' is clicked on

2023-01-09 18:27:01 - [TEST_STEP][PASSED] - click(findTestObject("09-Settings/Users/span_Role")): Object: 'Object Repository/09-Settings/Users/span_Role' is clicked on

2023-01-09 18:27:02 - [MESSAGE][PASSED] - Object: 'Object Repository/09-Settings/Users/span_Role' is clicked on

2023-01-09 18:27:02 - [TEST_STEP][PASSED] - clickOffset(findTestObject("09-Settings/Users/h4_Invite New User"), 100, 100): Object: 'Object Repository/09-Settings/Users/h4_Invite New User' is clicked on using offset x=100 and y=100

2023-01-09 18:27:04 - [MESSAGE][PASSED] - Object: 'Object Repository/09-Settings/Users/h4_Invite New User' is clicked on using offset x=100 and y=100

2023-01-09 18:27:04 - [TEST_STEP][PASSED] - verifyElementVisible(findTestObject("09-Settings/Users/Email required")): Object 'Object Repository/09-Settings/Users/Email required' is visible

2023-01-09 18:27:05 - [MESSAGE][PASSED] - Object 'Object Repository/09-Settings/Users/Email required' is visible

2023-01-09 18:27:05 - [TEST_STEP][PASSED] - verifyElementVisible(findTestObject("09-Settings/Users/Firstname required")): Object 'Object Repository/09-Settings/Users/Firstname required' is visible

2023-01-09 18:27:06 - [MESSAGE][PASSED] - Object 'Object Repository/09-Settings/Users/Firstname required' is visible

2023-01-09 18:27:06 - [TEST_STEP][PASSED] - verifyElementVisible(findTestObject("09-Settings/Users/last name required")): Object 'Object Repository/09-Settings/Users/last name required' is visible

2023-01-09 18:27:06 - [MESSAGE][PASSED] - Object 'Object Repository/09-Settings/Users/last name required' is visible

2023-01-09 18:27:06 - [TEST_STEP][PASSED] - verifyElementVisible(findTestObject("09-Settings/Users/error_Select a role")): Object 'Object Repository/09-Settings/Users/error_Select a role' is visible

2023-01-09 18:27:07 - [MESSAGE][PASSED] - Object 'Object Repository/09-Settings/Users/error_Select a role' is visible]]></system-out>
         <system-err><![CDATA[]]></system-err>
      </testcase>
      <testcase name="Test Cases/09-Settings/02 - Users (Invite new user as co worker)" time="182.568" classname="Test Cases/09-Settings/02 - Users (Invite new user as co worker)" status="PASSED">
         <system-out><![CDATA[2023-01-09 18:27:07 - [TEST_CASE][PASSED] - Test Cases/09-Settings/02 - Users (Invite new user as co worker): Test Cases/09-Settings/02 - Users (Invite new user as co worker)

2023-01-09 18:27:09 - [TEST_STEP][PASSED] - delay(3): Delayed 3 second(s)

2023-01-09 18:27:12 - [MESSAGE][PASSED] - Delayed 3 second(s)

2023-01-09 18:27:12 - [TEST_STEP][PASSED] - setText(findTestObject("09-Settings/Users/input_email"), "autotester04@mailinator.com"): Text 'autotester04@mailinator.com' is set on object 'Object Repository/09-Settings/Users/input_email'

2023-01-09 18:27:16 - [MESSAGE][PASSED] - Text 'autotester04@mailinator.com' is set on object 'Object Repository/09-Settings/Users/input_email'

2023-01-09 18:27:16 - [TEST_STEP][PASSED] - setText(findTestObject("09-Settings/Users/input_firstName"), "GG"): Text 'GG' is set on object 'Object Repository/09-Settings/Users/input_firstName'

2023-01-09 18:27:18 - [MESSAGE][PASSED] - Text 'GG' is set on object 'Object Repository/09-Settings/Users/input_firstName'

2023-01-09 18:27:18 - [TEST_STEP][PASSED] - setText(findTestObject("09-Settings/Users/input_lastName"), "Auto Contact 2"): Text 'Auto Contact 2' is set on object 'Object Repository/09-Settings/Users/input_lastName'

2023-01-09 18:27:20 - [MESSAGE][PASSED] - Text 'Auto Contact 2' is set on object 'Object Repository/09-Settings/Users/input_lastName'

2023-01-09 18:27:20 - [TEST_STEP][PASSED] - click(findTestObject("09-Settings/Users/span_Role")): Object: 'Object Repository/09-Settings/Users/span_Role' is clicked on

2023-01-09 18:27:22 - [MESSAGE][PASSED] - Object: 'Object Repository/09-Settings/Users/span_Role' is clicked on

2023-01-09 18:27:22 - [TEST_STEP][PASSED] - click(findTestObject("09-Settings/Users/span_CoWorker")): Object: 'Object Repository/09-Settings/Users/span_CoWorker' is clicked on

2023-01-09 18:27:23 - [MESSAGE][PASSED] - Object: 'Object Repository/09-Settings/Users/span_CoWorker' is clicked on

2023-01-09 18:27:23 - [TEST_STEP][PASSED] - click(findTestObject("09-Settings/Users/button_Send Invitation")): Object: 'Object Repository/09-Settings/Users/button_Send Invitation' is clicked on

2023-01-09 18:27:24 - [MESSAGE][PASSED] - Object: 'Object Repository/09-Settings/Users/button_Send Invitation' is clicked on

2023-01-09 18:27:24 - [TEST_STEP][PASSED] - delay(2): Delayed 2 second(s)

2023-01-09 18:27:26 - [MESSAGE][PASSED] - Delayed 2 second(s)

2023-01-09 18:27:26 - [TEST_STEP][PASSED] - verifyElementVisible(findTestObject("07-Directory/Connections/zContact Profile/Successfully invited user")): Object 'Object Repository/07-Directory/Connections/zContact Profile/Successfully invited user' is visible

2023-01-09 18:27:29 - [MESSAGE][PASSED] - Object 'Object Repository/07-Directory/Connections/zContact Profile/Successfully invited user' is visible

2023-01-09 18:27:29 - [TEST_STEP][PASSED] - delay(2): Delayed 2 second(s)

2023-01-09 18:27:31 - [MESSAGE][PASSED] - Delayed 2 second(s)

2023-01-09 18:27:31 - [TEST_STEP][PASSED] - executeJavaScript("window.open();", []): Execute JavaScript 'window.open();' successfully

2023-01-09 18:27:31 - [MESSAGE][PASSED] - Execute JavaScript 'window.open();' successfully

2023-01-09 18:27:31 - [TEST_STEP][PASSED] - currentWindow = getWindowIndex(): Current window's index is: 0

2023-01-09 18:27:31 - [MESSAGE][PASSED] - Current window's index is: 0

2023-01-09 18:27:31 - [TEST_STEP][PASSED] - delay(3): Delayed 3 second(s)

2023-01-09 18:27:34 - [MESSAGE][PASSED] - Delayed 3 second(s)

2023-01-09 18:27:34 - [TEST_STEP][PASSED] - switchToWindowIndex(currentWindow + 1): Switched to window with index: '1'

2023-01-09 18:27:34 - [MESSAGE][PASSED] - Switched to window with index: '1'

2023-01-09 18:27:34 - [TEST_STEP][PASSED] - navigateToUrl("https://www.mailinator.com/"): Navigate to 'https://www.mailinator.com/' successfully

2023-01-09 18:27:40 - [MESSAGE][PASSED] - Navigate to 'https://www.mailinator.com/' successfully

2023-01-09 18:27:40 - [TEST_STEP][PASSED] - delay(3): Delayed 3 second(s)

2023-01-09 18:27:43 - [MESSAGE][PASSED] - Delayed 3 second(s)

2023-01-09 18:27:43 - [TEST_STEP][PASSED] - setText(findTestObject("00-Signup and Activation/zMailinator/input_LOGIN_search"), "autotester04@mailinator.com"): Text 'autotester04@mailinator.com' is set on object 'Object Repository/00-Signup and Activation/zMailinator/input_LOGIN_search'

2023-01-09 18:27:44 - [MESSAGE][PASSED] - Text 'autotester04@mailinator.com' is set on object 'Object Repository/00-Signup and Activation/zMailinator/input_LOGIN_search'

2023-01-09 18:27:44 - [TEST_STEP][PASSED] - click(findTestObject("00-Signup and Activation/zMailinator/gobutton"), STOP_ON_FAILURE): Object: 'Object Repository/00-Signup and Activation/zMailinator/gobutton' is clicked on

2023-01-09 18:27:48 - [MESSAGE][PASSED] - Object: 'Object Repository/00-Signup and Activation/zMailinator/gobutton' is clicked on

2023-01-09 18:27:48 - [TEST_STEP][PASSED] - delay(3): Delayed 3 second(s)

2023-01-09 18:27:51 - [MESSAGE][PASSED] - Delayed 3 second(s)

2023-01-09 18:27:51 - [TEST_STEP][PASSED] - closeWindowTitle("Everleagues"): Window with title: 'Everleagues' is closed

2023-01-09 18:27:52 - [MESSAGE][PASSED] - Window with title: 'Everleagues' is closed

2023-01-09 18:27:52 - [TEST_STEP][PASSED] - switchToWindowIndex(0): Switched to window with index: '0'

2023-01-09 18:27:52 - [MESSAGE][PASSED] - Switched to window with index: '0'

2023-01-09 18:27:52 - [TEST_STEP][PASSED] - click(findTestObject("09-Settings/Users/Co worker/td_Invitation from GG Automation")): Object: 'Object Repository/09-Settings/Users/Co worker/td_Invitation from GG Automation' is clicked on

2023-01-09 18:27:53 - [MESSAGE][PASSED] - Object: 'Object Repository/09-Settings/Users/Co worker/td_Invitation from GG Automation' is clicked on

2023-01-09 18:27:53 - [TEST_STEP][PASSED] - click(findTestObject("09-Settings/Users/Co worker/a_Click here to join GG Automation on EverLeagues")): Object: 'Object Repository/09-Settings/Users/Co worker/a_Click here to join GG Automation on EverLeagues' is clicked on

2023-01-09 18:27:54 - [MESSAGE][PASSED] - Object: 'Object Repository/09-Settings/Users/Co worker/a_Click here to join GG Automation on EverLeagues' is clicked on

2023-01-09 18:27:54 - [TEST_STEP][PASSED] - closeWindowTitle("Mailinator"): Window with title: 'Mailinator' is closed

2023-01-09 18:27:55 - [MESSAGE][PASSED] - Window with title: 'Mailinator' is closed

2023-01-09 18:27:55 - [TEST_STEP][PASSED] - switchToWindowIndex(0): Switched to window with index: '0'

2023-01-09 18:27:55 - [MESSAGE][PASSED] - Switched to window with index: '0'

2023-01-09 18:27:55 - [TEST_STEP][PASSED] - verifyElementVisible(findTestObject("09-Settings/Users/Co worker/Logout before proceed modal")): Object 'Object Repository/09-Settings/Users/Co worker/Logout before proceed modal' is visible

2023-01-09 18:28:18 - [MESSAGE][PASSED] - Object 'Object Repository/09-Settings/Users/Co worker/Logout before proceed modal' is visible

2023-01-09 18:28:18 - [TEST_STEP][PASSED] - click(findTestObject("09-Settings/Users/Co worker/button_Yes")): Object: 'Object Repository/09-Settings/Users/Co worker/button_Yes' is clicked on

2023-01-09 18:28:19 - [MESSAGE][PASSED] - Object: 'Object Repository/09-Settings/Users/Co worker/button_Yes' is clicked on

2023-01-09 18:28:19 - [TEST_STEP][PASSED] - delay(3): Delayed 3 second(s)

2023-01-09 18:28:22 - [MESSAGE][PASSED] - Delayed 3 second(s)

2023-01-09 18:28:22 - [TEST_STEP][PASSED] - setText(findTestObject("09-Settings/Users/Co worker/input_Email_email"), "autotester04@mailinator.com"): Text 'autotester04@mailinator.com' is set on object 'Object Repository/09-Settings/Users/Co worker/input_Email_email'

2023-01-09 18:28:24 - [MESSAGE][PASSED] - Text 'autotester04@mailinator.com' is set on object 'Object Repository/09-Settings/Users/Co worker/input_Email_email'

2023-01-09 18:28:24 - [TEST_STEP][PASSED] - setEncryptedText(findTestObject("09-Settings/Users/Co worker/input__password"), "8yFRyszE6U6jvsCn51OQbg=="): Text ****** has been set on object 'Object Repository/09-Settings/Users/Co worker/input__password'

2023-01-09 18:28:26 - [MESSAGE][PASSED] - Text ****** has been set on object 'Object Repository/09-Settings/Users/Co worker/input__password'

2023-01-09 18:28:26 - [TEST_STEP][PASSED] - click(findTestObject("02-Side Icons(Organization)/Add Contact/button_Sign in")): Object: 'Object Repository/02-Side Icons(Organization)/Add Contact/button_Sign in' is clicked on

2023-01-09 18:28:28 - [MESSAGE][PASSED] - Object: 'Object Repository/02-Side Icons(Organization)/Add Contact/button_Sign in' is clicked on

2023-01-09 18:28:28 - [TEST_STEP][PASSED] - delay(2): Delayed 2 second(s)

2023-01-09 18:28:30 - [MESSAGE][PASSED] - Delayed 2 second(s)

2023-01-09 18:28:30 - [TEST_STEP][PASSED] - click(findTestObject("06-Teams/For 2FA/button_Confirm_2FA")): Object: 'Object Repository/06-Teams/For 2FA/button_Confirm_2FA' is clicked on

2023-01-09 18:28:31 - [MESSAGE][PASSED] - Object: 'Object Repository/06-Teams/For 2FA/button_Confirm_2FA' is clicked on

2023-01-09 18:28:31 - [TEST_STEP][PASSED] - executeJavaScript("window.open();", []): Execute JavaScript 'window.open();' successfully

2023-01-09 18:28:32 - [MESSAGE][PASSED] - Execute JavaScript 'window.open();' successfully

2023-01-09 18:28:32 - [TEST_STEP][PASSED] - currentWindow = getWindowIndex(): Current window's index is: 0

2023-01-09 18:28:32 - [MESSAGE][PASSED] - Current window's index is: 0

2023-01-09 18:28:32 - [TEST_STEP][PASSED] - delay(3): Delayed 3 second(s)

2023-01-09 18:28:35 - [MESSAGE][PASSED] - Delayed 3 second(s)

2023-01-09 18:28:35 - [TEST_STEP][PASSED] - switchToWindowIndex(currentWindow + 1): Switched to window with index: '1'

2023-01-09 18:28:35 - [MESSAGE][PASSED] - Switched to window with index: '1'

2023-01-09 18:28:35 - [TEST_STEP][PASSED] - navigateToUrl("https://www.mailinator.com/"): Navigate to 'https://www.mailinator.com/' successfully

2023-01-09 18:28:41 - [MESSAGE][PASSED] - Navigate to 'https://www.mailinator.com/' successfully

2023-01-09 18:28:41 - [TEST_STEP][PASSED] - delay(3): Delayed 3 second(s)

2023-01-09 18:28:44 - [MESSAGE][PASSED] - Delayed 3 second(s)

2023-01-09 18:28:44 - [TEST_STEP][PASSED] - setText(findTestObject("00-Signup and Activation/zMailinator/input_LOGIN_search"), "autotester04@mailinator.com"): Text 'autotester04@mailinator.com' is set on object 'Object Repository/00-Signup and Activation/zMailinator/input_LOGIN_search'

2023-01-09 18:28:45 - [MESSAGE][PASSED] - Text 'autotester04@mailinator.com' is set on object 'Object Repository/00-Signup and Activation/zMailinator/input_LOGIN_search'

2023-01-09 18:28:45 - [TEST_STEP][PASSED] - click(findTestObject("00-Signup and Activation/zMailinator/gobutton"), STOP_ON_FAILURE): Object: 'Object Repository/00-Signup and Activation/zMailinator/gobutton' is clicked on

2023-01-09 18:28:48 - [MESSAGE][PASSED] - Object: 'Object Repository/00-Signup and Activation/zMailinator/gobutton' is clicked on

2023-01-09 18:28:48 - [TEST_STEP][PASSED] - delay(3): Delayed 3 second(s)

2023-01-09 18:28:51 - [MESSAGE][PASSED] - Delayed 3 second(s)

2023-01-09 18:28:51 - [TEST_STEP][PASSED] - click(findTestObject("00-Signup and Activation/zMailinator/Email - everleagues")): Object: 'Object Repository/00-Signup and Activation/zMailinator/Email - everleagues' is clicked on

2023-01-09 18:28:52 - [MESSAGE][PASSED] - Object: 'Object Repository/00-Signup and Activation/zMailinator/Email - everleagues' is clicked on

2023-01-09 18:28:52 - [TEST_STEP][PASSED] - delay(3): Delayed 3 second(s)

2023-01-09 18:28:55 - [MESSAGE][PASSED] - Delayed 3 second(s)

2023-01-09 18:28:55 - [TEST_STEP][PASSED] - codetwo = getText(findTestObject("Object Repository/06-Teams/For 2FA/2FA code")): Text of object 'Object Repository/06-Teams/For 2FA/2FA code' is: '472120'

2023-01-09 18:28:56 - [MESSAGE][PASSED] - Text of object 'Object Repository/06-Teams/For 2FA/2FA code' is: '472120'

2023-01-09 18:28:56 - [TEST_STEP][PASSED] - delay(3): Delayed 3 second(s)

2023-01-09 18:28:59 - [MESSAGE][PASSED] - Delayed 3 second(s)

2023-01-09 18:28:59 - [TEST_STEP][PASSED] - closeWindowTitle("Mailinator"): Window with title: 'Mailinator' is closed

2023-01-09 18:28:59 - [MESSAGE][PASSED] - Window with title: 'Mailinator' is closed

2023-01-09 18:28:59 - [TEST_STEP][PASSED] - delay(3): Delayed 3 second(s)

2023-01-09 18:29:02 - [MESSAGE][PASSED] - Delayed 3 second(s)

2023-01-09 18:29:02 - [TEST_STEP][PASSED] - switchToWindowIndex(0): Switched to window with index: '0'

2023-01-09 18:29:02 - [MESSAGE][PASSED] - Switched to window with index: '0'

2023-01-09 18:29:02 - [TEST_STEP][PASSED] - delay(3): Delayed 3 second(s)

2023-01-09 18:29:05 - [MESSAGE][PASSED] - Delayed 3 second(s)

2023-01-09 18:29:05 - [TEST_STEP][PASSED] - setText(findTestObject("Object Repository/06-Teams/For 2FA/input_Enter verification code_code"), codetwo): Text '472120' is set on object 'Object Repository/06-Teams/For 2FA/input_Enter verification code_code'

2023-01-09 18:29:07 - [MESSAGE][PASSED] - Text '472120' is set on object 'Object Repository/06-Teams/For 2FA/input_Enter verification code_code'

2023-01-09 18:29:07 - [TEST_STEP][PASSED] - delay(3): Delayed 3 second(s)

2023-01-09 18:29:10 - [MESSAGE][PASSED] - Delayed 3 second(s)

2023-01-09 18:29:10 - [TEST_STEP][PASSED] - click(findTestObject("06-Teams/For 2FA/button_Verify_2FA")): Object: 'Object Repository/06-Teams/For 2FA/button_Verify_2FA' is clicked on

2023-01-09 18:29:11 - [MESSAGE][PASSED] - Object: 'Object Repository/06-Teams/For 2FA/button_Verify_2FA' is clicked on

2023-01-09 18:29:11 - [TEST_STEP][PASSED] - delay(5): Delayed 5 second(s)

2023-01-09 18:29:16 - [MESSAGE][PASSED] - Delayed 5 second(s)

2023-01-09 18:29:16 - [TEST_STEP][PASSED] - executeJavaScript("window.open();", []): Execute JavaScript 'window.open();' successfully

2023-01-09 18:29:17 - [MESSAGE][PASSED] - Execute JavaScript 'window.open();' successfully

2023-01-09 18:29:17 - [TEST_STEP][PASSED] - currentWindow = getWindowIndex(): Current window's index is: 0

2023-01-09 18:29:17 - [MESSAGE][PASSED] - Current window's index is: 0

2023-01-09 18:29:17 - [TEST_STEP][PASSED] - delay(3): Delayed 3 second(s)

2023-01-09 18:29:20 - [MESSAGE][PASSED] - Delayed 3 second(s)

2023-01-09 18:29:20 - [TEST_STEP][PASSED] - switchToWindowIndex(currentWindow + 1): Switched to window with index: '1'

2023-01-09 18:29:20 - [MESSAGE][PASSED] - Switched to window with index: '1'

2023-01-09 18:29:20 - [TEST_STEP][PASSED] - navigateToUrl("https://www.mailinator.com/"): Navigate to 'https://www.mailinator.com/' successfully

2023-01-09 18:29:25 - [MESSAGE][PASSED] - Navigate to 'https://www.mailinator.com/' successfully

2023-01-09 18:29:25 - [TEST_STEP][PASSED] - delay(3): Delayed 3 second(s)

2023-01-09 18:29:28 - [MESSAGE][PASSED] - Delayed 3 second(s)

2023-01-09 18:29:28 - [TEST_STEP][PASSED] - setText(findTestObject("00-Signup and Activation/zMailinator/input_LOGIN_search"), "autotester04@mailinator.com"): Text 'autotester04@mailinator.com' is set on object 'Object Repository/00-Signup and Activation/zMailinator/input_LOGIN_search'

2023-01-09 18:29:30 - [MESSAGE][PASSED] - Text 'autotester04@mailinator.com' is set on object 'Object Repository/00-Signup and Activation/zMailinator/input_LOGIN_search'

2023-01-09 18:29:30 - [TEST_STEP][PASSED] - click(findTestObject("00-Signup and Activation/zMailinator/gobutton"), STOP_ON_FAILURE): Object: 'Object Repository/00-Signup and Activation/zMailinator/gobutton' is clicked on

2023-01-09 18:29:33 - [MESSAGE][PASSED] - Object: 'Object Repository/00-Signup and Activation/zMailinator/gobutton' is clicked on

2023-01-09 18:29:33 - [TEST_STEP][PASSED] - delay(3): Delayed 3 second(s)

2023-01-09 18:29:36 - [MESSAGE][PASSED] - Delayed 3 second(s)

2023-01-09 18:29:36 - [TEST_STEP][PASSED] - closeWindowTitle("Everleagues"): Window with title: 'Everleagues' is closed

2023-01-09 18:29:36 - [MESSAGE][PASSED] - Window with title: 'Everleagues' is closed

2023-01-09 18:29:36 - [TEST_STEP][PASSED] - switchToWindowIndex(0): Switched to window with index: '0'

2023-01-09 18:29:36 - [MESSAGE][PASSED] - Switched to window with index: '0'

2023-01-09 18:29:36 - [TEST_STEP][PASSED] - click(findTestObject("09-Settings/Users/Co worker/td_Invitation from GG Automation")): Object: 'Object Repository/09-Settings/Users/Co worker/td_Invitation from GG Automation' is clicked on

2023-01-09 18:29:37 - [MESSAGE][PASSED] - Object: 'Object Repository/09-Settings/Users/Co worker/td_Invitation from GG Automation' is clicked on

2023-01-09 18:29:37 - [TEST_STEP][PASSED] - click(findTestObject("09-Settings/Users/Co worker/a_Click here to join GG Automation on EverLeagues")): Object: 'Object Repository/09-Settings/Users/Co worker/a_Click here to join GG Automation on EverLeagues' is clicked on

2023-01-09 18:29:39 - [MESSAGE][PASSED] - Object: 'Object Repository/09-Settings/Users/Co worker/a_Click here to join GG Automation on EverLeagues' is clicked on

2023-01-09 18:29:39 - [TEST_STEP][PASSED] - delay(3): Delayed 3 second(s)

2023-01-09 18:29:42 - [MESSAGE][PASSED] - Delayed 3 second(s)

2023-01-09 18:29:42 - [TEST_STEP][PASSED] - closeWindowTitle("Mailinator"): Window with title: 'Mailinator' is closed

2023-01-09 18:29:46 - [MESSAGE][PASSED] - Window with title: 'Mailinator' is closed

2023-01-09 18:29:46 - [TEST_STEP][PASSED] - switchToWindowIndex(0): Switched to window with index: '0'

2023-01-09 18:29:46 - [MESSAGE][PASSED] - Switched to window with index: '0'

2023-01-09 18:29:46 - [TEST_STEP][PASSED] - verifyElementVisible(findTestObject("09-Settings/Users/Co worker/Invite modal")): Object 'Object Repository/09-Settings/Users/Co worker/Invite modal' is visible

2023-01-09 18:29:58 - [MESSAGE][PASSED] - Object 'Object Repository/09-Settings/Users/Co worker/Invite modal' is visible

2023-01-09 18:29:58 - [TEST_STEP][PASSED] - click(findTestObject("09-Settings/Users/Co worker/button_Accept")): Object: 'Object Repository/09-Settings/Users/Co worker/button_Accept' is clicked on

2023-01-09 18:29:59 - [MESSAGE][PASSED] - Object: 'Object Repository/09-Settings/Users/Co worker/button_Accept' is clicked on

2023-01-09 18:29:59 - [TEST_STEP][PASSED] - delay(5): Delayed 5 second(s)

2023-01-09 18:30:04 - [MESSAGE][PASSED] - Delayed 5 second(s)

2023-01-09 18:30:04 - [TEST_STEP][PASSED] - verifyElementVisible(findTestObject("09-Settings/Users/Co worker/div_Joined as CoWorker")): Object 'Object Repository/09-Settings/Users/Co worker/div_Joined as CoWorker' is visible

2023-01-09 18:30:07 - [MESSAGE][PASSED] - Object 'Object Repository/09-Settings/Users/Co worker/div_Joined as CoWorker' is visible

2023-01-09 18:30:07 - [TEST_STEP][PASSED] - closeBrowser(): Browser is closed

2023-01-09 18:30:10 - [MESSAGE][PASSED] - Browser is closed]]></system-out>
         <system-err><![CDATA[]]></system-err>
      </testcase>
      <testcase name="Test Cases/09-Settings/03 - Users (Invite new user as client)" time="284.631" classname="Test Cases/09-Settings/03 - Users (Invite new user as client)" status="PASSED">
         <system-out><![CDATA[2023-01-09 18:30:10 - [TEST_CASE][PASSED] - Test Cases/09-Settings/03 - Users (Invite new user as client): Test Cases/09-Settings/03 - Users (Invite new user as client)

2023-01-09 18:30:12 - [TEST_STEP][PASSED] - openBrowser(""): Browser is opened with url: ''

2023-01-09 18:30:12 - [MESSAGE][INFO] - Starting 'Chrome' driver

2023-01-09 18:30:12 - [MESSAGE][INFO] - Action delay is set to 0 milliseconds

2023-01-09 18:30:16 - [MESSAGE][PASSED] - Browser is opened with url: ''

2023-01-09 18:30:16 - [TEST_STEP][PASSED] - navigateToUrl("https://lab.everleagues.com/"): Navigate to 'https://lab.everleagues.com/' successfully

2023-01-09 18:30:35 - [MESSAGE][PASSED] - Navigate to 'https://lab.everleagues.com/' successfully

2023-01-09 18:30:35 - [TEST_STEP][PASSED] - maximizeWindow(): Current window maximized

2023-01-09 18:30:35 - [MESSAGE][PASSED] - Current window maximized

2023-01-09 18:30:35 - [TEST_STEP][PASSED] - setText(findTestObject("02-Side Icons(Organization)/Add Contact/Email Field"), "testuser02@mailinator.com"): Text 'testuser02@mailinator.com' is set on object 'Object Repository/02-Side Icons(Organization)/Add Contact/Email Field'

2023-01-09 18:30:38 - [MESSAGE][PASSED] - Text 'testuser02@mailinator.com' is set on object 'Object Repository/02-Side Icons(Organization)/Add Contact/Email Field'

2023-01-09 18:30:38 - [TEST_STEP][PASSED] - setEncryptedText(findTestObject("02-Side Icons(Organization)/Add Contact/Password Field"), "8yFRyszE6U6jvsCn51OQbg=="): Text ****** has been set on object 'Object Repository/02-Side Icons(Organization)/Add Contact/Password Field'

2023-01-09 18:30:39 - [MESSAGE][PASSED] - Text ****** has been set on object 'Object Repository/02-Side Icons(Organization)/Add Contact/Password Field'

2023-01-09 18:30:39 - [TEST_STEP][PASSED] - click(findTestObject("02-Side Icons(Organization)/Add Contact/button_Sign in")): Object: 'Object Repository/02-Side Icons(Organization)/Add Contact/button_Sign in' is clicked on

2023-01-09 18:30:40 - [MESSAGE][PASSED] - Object: 'Object Repository/02-Side Icons(Organization)/Add Contact/button_Sign in' is clicked on

2023-01-09 18:30:40 - [TEST_STEP][PASSED] - delay(2): Delayed 2 second(s)

2023-01-09 18:30:42 - [MESSAGE][PASSED] - Delayed 2 second(s)

2023-01-09 18:30:42 - [TEST_STEP][PASSED] - click(findTestObject("06-Teams/For 2FA/button_Confirm_2FA")): Object: 'Object Repository/06-Teams/For 2FA/button_Confirm_2FA' is clicked on

2023-01-09 18:30:42 - [MESSAGE][PASSED] - Object: 'Object Repository/06-Teams/For 2FA/button_Confirm_2FA' is clicked on

2023-01-09 18:30:42 - [TEST_STEP][PASSED] - executeJavaScript("window.open();", []): Execute JavaScript 'window.open();' successfully

2023-01-09 18:30:43 - [MESSAGE][PASSED] - Execute JavaScript 'window.open();' successfully

2023-01-09 18:30:43 - [TEST_STEP][PASSED] - currentWindow = getWindowIndex(): Current window's index is: 0

2023-01-09 18:30:43 - [MESSAGE][PASSED] - Current window's index is: 0

2023-01-09 18:30:43 - [TEST_STEP][PASSED] - delay(3): Delayed 3 second(s)

2023-01-09 18:30:46 - [MESSAGE][PASSED] - Delayed 3 second(s)

2023-01-09 18:30:46 - [TEST_STEP][PASSED] - switchToWindowIndex(currentWindow + 1): Switched to window with index: '1'

2023-01-09 18:30:46 - [MESSAGE][PASSED] - Switched to window with index: '1'

2023-01-09 18:30:46 - [TEST_STEP][PASSED] - navigateToUrl("https://www.mailinator.com/"): Navigate to 'https://www.mailinator.com/' successfully

2023-01-09 18:30:55 - [MESSAGE][PASSED] - Navigate to 'https://www.mailinator.com/' successfully

2023-01-09 18:30:55 - [TEST_STEP][PASSED] - delay(3): Delayed 3 second(s)

2023-01-09 18:30:58 - [MESSAGE][PASSED] - Delayed 3 second(s)

2023-01-09 18:30:58 - [TEST_STEP][PASSED] - setText(findTestObject("00-Signup and Activation/zMailinator/input_LOGIN_search"), "testuser02@mailinator.com"): Text 'testuser02@mailinator.com' is set on object 'Object Repository/00-Signup and Activation/zMailinator/input_LOGIN_search'

2023-01-09 18:31:00 - [MESSAGE][PASSED] - Text 'testuser02@mailinator.com' is set on object 'Object Repository/00-Signup and Activation/zMailinator/input_LOGIN_search'

2023-01-09 18:31:00 - [TEST_STEP][PASSED] - click(findTestObject("00-Signup and Activation/zMailinator/gobutton"), STOP_ON_FAILURE): Object: 'Object Repository/00-Signup and Activation/zMailinator/gobutton' is clicked on

2023-01-09 18:31:06 - [MESSAGE][PASSED] - Object: 'Object Repository/00-Signup and Activation/zMailinator/gobutton' is clicked on

2023-01-09 18:31:06 - [TEST_STEP][PASSED] - delay(3): Delayed 3 second(s)

2023-01-09 18:31:09 - [MESSAGE][PASSED] - Delayed 3 second(s)

2023-01-09 18:31:09 - [TEST_STEP][PASSED] - click(findTestObject("00-Signup and Activation/zMailinator/Email - everleagues")): Object: 'Object Repository/00-Signup and Activation/zMailinator/Email - everleagues' is clicked on

2023-01-09 18:31:10 - [MESSAGE][PASSED] - Object: 'Object Repository/00-Signup and Activation/zMailinator/Email - everleagues' is clicked on

2023-01-09 18:31:10 - [TEST_STEP][PASSED] - delay(3): Delayed 3 second(s)

2023-01-09 18:31:13 - [MESSAGE][PASSED] - Delayed 3 second(s)

2023-01-09 18:31:13 - [TEST_STEP][PASSED] - code = getText(findTestObject("Object Repository/06-Teams/For 2FA/2FA code")): Text of object 'Object Repository/06-Teams/For 2FA/2FA code' is: '615089'

2023-01-09 18:31:14 - [MESSAGE][PASSED] - Text of object 'Object Repository/06-Teams/For 2FA/2FA code' is: '615089'

2023-01-09 18:31:14 - [TEST_STEP][PASSED] - delay(3): Delayed 3 second(s)

2023-01-09 18:31:17 - [MESSAGE][PASSED] - Delayed 3 second(s)

2023-01-09 18:31:17 - [TEST_STEP][PASSED] - closeWindowTitle("Mailinator"): Window with title: 'Mailinator' is closed

2023-01-09 18:31:17 - [MESSAGE][PASSED] - Window with title: 'Mailinator' is closed

2023-01-09 18:31:17 - [TEST_STEP][PASSED] - delay(3): Delayed 3 second(s)

2023-01-09 18:31:20 - [MESSAGE][PASSED] - Delayed 3 second(s)

2023-01-09 18:31:20 - [TEST_STEP][PASSED] - switchToWindowIndex(0): Switched to window with index: '0'

2023-01-09 18:31:20 - [MESSAGE][PASSED] - Switched to window with index: '0'

2023-01-09 18:31:20 - [TEST_STEP][PASSED] - delay(3): Delayed 3 second(s)

2023-01-09 18:31:23 - [MESSAGE][PASSED] - Delayed 3 second(s)

2023-01-09 18:31:23 - [TEST_STEP][PASSED] - setText(findTestObject("Object Repository/06-Teams/For 2FA/input_Enter verification code_code"), code): Text '615089' is set on object 'Object Repository/06-Teams/For 2FA/input_Enter verification code_code'

2023-01-09 18:31:25 - [MESSAGE][PASSED] - Text '615089' is set on object 'Object Repository/06-Teams/For 2FA/input_Enter verification code_code'

2023-01-09 18:31:25 - [TEST_STEP][PASSED] - delay(3): Delayed 3 second(s)

2023-01-09 18:31:28 - [MESSAGE][PASSED] - Delayed 3 second(s)

2023-01-09 18:31:28 - [TEST_STEP][PASSED] - click(findTestObject("06-Teams/For 2FA/button_Verify_2FA")): Object: 'Object Repository/06-Teams/For 2FA/button_Verify_2FA' is clicked on

2023-01-09 18:31:29 - [MESSAGE][PASSED] - Object: 'Object Repository/06-Teams/For 2FA/button_Verify_2FA' is clicked on

2023-01-09 18:31:29 - [TEST_STEP][PASSED] - delay(5): Delayed 5 second(s)

2023-01-09 18:31:34 - [MESSAGE][PASSED] - Delayed 5 second(s)

2023-01-09 18:31:34 - [TEST_STEP][PASSED] - click(findTestObject("06-Teams/button_doublearrow")): Object: 'Object Repository/06-Teams/button_doublearrow' is clicked on

2023-01-09 18:31:36 - [MESSAGE][PASSED] - Object: 'Object Repository/06-Teams/button_doublearrow' is clicked on

2023-01-09 18:31:36 - [TEST_STEP][PASSED] - click(findTestObject("06-Teams/button_My Organizations")): Object: 'Object Repository/06-Teams/button_My Organizations' is clicked on

2023-01-09 18:31:37 - [MESSAGE][PASSED] - Object: 'Object Repository/06-Teams/button_My Organizations' is clicked on

2023-01-09 18:31:37 - [TEST_STEP][PASSED] - click(findTestObject("06-Teams/button_GG Automation")): Object: 'Object Repository/06-Teams/button_GG Automation' is clicked on

2023-01-09 18:31:38 - [MESSAGE][PASSED] - Object: 'Object Repository/06-Teams/button_GG Automation' is clicked on

2023-01-09 18:31:38 - [TEST_STEP][PASSED] - delay(4): Delayed 4 second(s)

2023-01-09 18:31:42 - [MESSAGE][PASSED] - Delayed 4 second(s)

2023-01-09 18:31:42 - [TEST_STEP][PASSED] - verifyElementVisible(findTestObject("06-Teams/span_GG Automation")): Object 'Object Repository/06-Teams/span_GG Automation' is visible

2023-01-09 18:31:43 - [MESSAGE][PASSED] - Object 'Object Repository/06-Teams/span_GG Automation' is visible

2023-01-09 18:31:43 - [TEST_STEP][PASSED] - delay(5): Delayed 5 second(s)

2023-01-09 18:31:48 - [MESSAGE][PASSED] - Delayed 5 second(s)

2023-01-09 18:31:48 - [TEST_STEP][PASSED] - click(findTestObject("03-Header Menu/Hamburger Button/div_Settings")): Object: 'Object Repository/03-Header Menu/Hamburger Button/div_Settings' is clicked on

2023-01-09 18:31:49 - [MESSAGE][PASSED] - Object: 'Object Repository/03-Header Menu/Hamburger Button/div_Settings' is clicked on

2023-01-09 18:31:49 - [TEST_STEP][PASSED] - delay(3): Delayed 3 second(s)

2023-01-09 18:31:52 - [MESSAGE][PASSED] - Delayed 3 second(s)

2023-01-09 18:31:52 - [TEST_STEP][PASSED] - scrollToElement(findTestObject("09-Settings/Users/div_Users"), 0): Scroll to object 'Object Repository/09-Settings/Users/div_Users' successfully

2023-01-09 18:31:52 - [MESSAGE][WARNING] - Timeout '0' is invalid. Using default page load timeout: '30'

2023-01-09 18:31:53 - [MESSAGE][PASSED] - Scroll to object 'Object Repository/09-Settings/Users/div_Users' successfully

2023-01-09 18:31:53 - [TEST_STEP][PASSED] - click(findTestObject("09-Settings/Users/div_Users")): Object: 'Object Repository/09-Settings/Users/div_Users' is clicked on

2023-01-09 18:31:55 - [MESSAGE][PASSED] - Object: 'Object Repository/09-Settings/Users/div_Users' is clicked on

2023-01-09 18:31:55 - [TEST_STEP][PASSED] - delay(3): Delayed 3 second(s)

2023-01-09 18:31:58 - [MESSAGE][PASSED] - Delayed 3 second(s)

2023-01-09 18:31:58 - [TEST_STEP][PASSED] - click(findTestObject("09-Settings/Users/button_add")): Object: 'Object Repository/09-Settings/Users/button_add' is clicked on

2023-01-09 18:31:59 - [MESSAGE][PASSED] - Object: 'Object Repository/09-Settings/Users/button_add' is clicked on

2023-01-09 18:31:59 - [TEST_STEP][PASSED] - delay(3): Delayed 3 second(s)

2023-01-09 18:32:02 - [MESSAGE][PASSED] - Delayed 3 second(s)

2023-01-09 18:32:02 - [TEST_STEP][PASSED] - click(findTestObject("09-Settings/Users/add Invite a single user")): Object: 'Object Repository/09-Settings/Users/add Invite a single user' is clicked on

2023-01-09 18:32:03 - [MESSAGE][PASSED] - Object: 'Object Repository/09-Settings/Users/add Invite a single user' is clicked on

2023-01-09 18:32:03 - [TEST_STEP][PASSED] - delay(3): Delayed 3 second(s)

2023-01-09 18:32:06 - [MESSAGE][PASSED] - Delayed 3 second(s)

2023-01-09 18:32:06 - [TEST_STEP][PASSED] - setText(findTestObject("09-Settings/Users/input_email"), "autotester09@mailinator.com"): Text 'autotester09@mailinator.com' is set on object 'Object Repository/09-Settings/Users/input_email'

2023-01-09 18:32:09 - [MESSAGE][PASSED] - Text 'autotester09@mailinator.com' is set on object 'Object Repository/09-Settings/Users/input_email'

2023-01-09 18:32:09 - [TEST_STEP][PASSED] - setText(findTestObject("09-Settings/Users/input_firstName"), "GG"): Text 'GG' is set on object 'Object Repository/09-Settings/Users/input_firstName'

2023-01-09 18:32:11 - [MESSAGE][PASSED] - Text 'GG' is set on object 'Object Repository/09-Settings/Users/input_firstName'

2023-01-09 18:32:11 - [TEST_STEP][PASSED] - setText(findTestObject("09-Settings/Users/input_lastName"), "Client"): Text 'Client' is set on object 'Object Repository/09-Settings/Users/input_lastName'

2023-01-09 18:32:13 - [MESSAGE][PASSED] - Text 'Client' is set on object 'Object Repository/09-Settings/Users/input_lastName'

2023-01-09 18:32:13 - [TEST_STEP][PASSED] - click(findTestObject("09-Settings/Users/span_Role")): Object: 'Object Repository/09-Settings/Users/span_Role' is clicked on

2023-01-09 18:32:14 - [MESSAGE][PASSED] - Object: 'Object Repository/09-Settings/Users/span_Role' is clicked on

2023-01-09 18:32:14 - [TEST_STEP][PASSED] - click(findTestObject("09-Settings/Users/span_Client")): Object: 'Object Repository/09-Settings/Users/span_Client' is clicked on

2023-01-09 18:32:15 - [MESSAGE][PASSED] - Object: 'Object Repository/09-Settings/Users/span_Client' is clicked on

2023-01-09 18:32:15 - [TEST_STEP][PASSED] - click(findTestObject("09-Settings/Users/button_Send Invitation")): Object: 'Object Repository/09-Settings/Users/button_Send Invitation' is clicked on

2023-01-09 18:32:16 - [MESSAGE][PASSED] - Object: 'Object Repository/09-Settings/Users/button_Send Invitation' is clicked on

2023-01-09 18:32:16 - [TEST_STEP][PASSED] - delay(2): Delayed 2 second(s)

2023-01-09 18:32:18 - [MESSAGE][PASSED] - Delayed 2 second(s)

2023-01-09 18:32:18 - [TEST_STEP][PASSED] - verifyElementVisible(findTestObject("07-Directory/Connections/zContact Profile/Successfully invited user")): Object 'Object Repository/07-Directory/Connections/zContact Profile/Successfully invited user' is visible

2023-01-09 18:32:21 - [MESSAGE][PASSED] - Object 'Object Repository/07-Directory/Connections/zContact Profile/Successfully invited user' is visible

2023-01-09 18:32:21 - [TEST_STEP][PASSED] - delay(2): Delayed 2 second(s)

2023-01-09 18:32:23 - [MESSAGE][PASSED] - Delayed 2 second(s)

2023-01-09 18:32:23 - [TEST_STEP][PASSED] - click(findTestObject("01-Login and Forgot Password/User menu drop")): Object: 'Object Repository/01-Login and Forgot Password/User menu drop' is clicked on

2023-01-09 18:32:25 - [MESSAGE][PASSED] - Object: 'Object Repository/01-Login and Forgot Password/User menu drop' is clicked on

2023-01-09 18:32:25 - [TEST_STEP][PASSED] - delay(2): Delayed 2 second(s)

2023-01-09 18:32:27 - [MESSAGE][PASSED] - Delayed 2 second(s)

2023-01-09 18:32:27 - [TEST_STEP][PASSED] - click(findTestObject("01-Login and Forgot Password/h4_Sign Out"), STOP_ON_FAILURE): Object: 'Object Repository/01-Login and Forgot Password/h4_Sign Out' is clicked on

2023-01-09 18:32:27 - [MESSAGE][PASSED] - Object: 'Object Repository/01-Login and Forgot Password/h4_Sign Out' is clicked on

2023-01-09 18:32:27 - [TEST_STEP][PASSED] - delay(2): Delayed 2 second(s)

2023-01-09 18:32:29 - [MESSAGE][PASSED] - Delayed 2 second(s)

2023-01-09 18:32:29 - [TEST_STEP][PASSED] - verifyElementPresent(findTestObject("01-Login and Forgot Password/Login_Card"), 0): Object 'Object Repository/01-Login and Forgot Password/Login_Card' is present

2023-01-09 18:32:30 - [MESSAGE][WARNING] - Timeout '0' is invalid. Using default page load timeout: '30'

2023-01-09 18:32:30 - [MESSAGE][PASSED] - Object 'Object Repository/01-Login and Forgot Password/Login_Card' is present

2023-01-09 18:32:30 - [TEST_STEP][PASSED] - delay(3): Delayed 3 second(s)

2023-01-09 18:32:33 - [MESSAGE][PASSED] - Delayed 3 second(s)

2023-01-09 18:32:33 - [TEST_STEP][PASSED] - closeBrowser(): Browser is closed

2023-01-09 18:32:35 - [MESSAGE][PASSED] - Browser is closed

2023-01-09 18:32:35 - [TEST_STEP][PASSED] - openBrowser(""): Browser is opened with url: ''

2023-01-09 18:32:35 - [MESSAGE][INFO] - Starting 'Chrome' driver

2023-01-09 18:32:35 - [MESSAGE][INFO] - Action delay is set to 0 milliseconds

2023-01-09 18:32:38 - [MESSAGE][PASSED] - Browser is opened with url: ''

2023-01-09 18:32:38 - [TEST_STEP][PASSED] - navigateToUrl("https://lab.everleagues.com/"): Navigate to 'https://lab.everleagues.com/' successfully

2023-01-09 18:32:56 - [MESSAGE][PASSED] - Navigate to 'https://lab.everleagues.com/' successfully

2023-01-09 18:32:56 - [TEST_STEP][PASSED] - maximizeWindow(): Current window maximized

2023-01-09 18:32:57 - [MESSAGE][PASSED] - Current window maximized

2023-01-09 18:32:57 - [TEST_STEP][PASSED] - setText(findTestObject("02-Side Icons(Organization)/Add Contact/Email Field"), "autotester09@mailinator.com"): Text 'autotester09@mailinator.com' is set on object 'Object Repository/02-Side Icons(Organization)/Add Contact/Email Field'

2023-01-09 18:32:59 - [MESSAGE][PASSED] - Text 'autotester09@mailinator.com' is set on object 'Object Repository/02-Side Icons(Organization)/Add Contact/Email Field'

2023-01-09 18:32:59 - [TEST_STEP][PASSED] - setEncryptedText(findTestObject("02-Side Icons(Organization)/Add Contact/Password Field"), "8yFRyszE6U6jvsCn51OQbg=="): Text ****** has been set on object 'Object Repository/02-Side Icons(Organization)/Add Contact/Password Field'

2023-01-09 18:33:00 - [MESSAGE][PASSED] - Text ****** has been set on object 'Object Repository/02-Side Icons(Organization)/Add Contact/Password Field'

2023-01-09 18:33:00 - [TEST_STEP][PASSED] - click(findTestObject("02-Side Icons(Organization)/Add Contact/button_Sign in")): Object: 'Object Repository/02-Side Icons(Organization)/Add Contact/button_Sign in' is clicked on

2023-01-09 18:33:01 - [MESSAGE][PASSED] - Object: 'Object Repository/02-Side Icons(Organization)/Add Contact/button_Sign in' is clicked on

2023-01-09 18:33:01 - [TEST_STEP][PASSED] - delay(2): Delayed 2 second(s)

2023-01-09 18:33:03 - [MESSAGE][PASSED] - Delayed 2 second(s)

2023-01-09 18:33:03 - [TEST_STEP][PASSED] - click(findTestObject("06-Teams/For 2FA/button_Confirm_2FA")): Object: 'Object Repository/06-Teams/For 2FA/button_Confirm_2FA' is clicked on

2023-01-09 18:33:04 - [MESSAGE][PASSED] - Object: 'Object Repository/06-Teams/For 2FA/button_Confirm_2FA' is clicked on

2023-01-09 18:33:04 - [TEST_STEP][PASSED] - executeJavaScript("window.open();", []): Execute JavaScript 'window.open();' successfully

2023-01-09 18:33:04 - [MESSAGE][PASSED] - Execute JavaScript 'window.open();' successfully

2023-01-09 18:33:04 - [TEST_STEP][PASSED] - currentWindow = getWindowIndex(): Current window's index is: 0

2023-01-09 18:33:05 - [MESSAGE][PASSED] - Current window's index is: 0

2023-01-09 18:33:05 - [TEST_STEP][PASSED] - delay(3): Delayed 3 second(s)

2023-01-09 18:33:08 - [MESSAGE][PASSED] - Delayed 3 second(s)

2023-01-09 18:33:08 - [TEST_STEP][PASSED] - switchToWindowIndex(currentWindow + 1): Switched to window with index: '1'

2023-01-09 18:33:08 - [MESSAGE][PASSED] - Switched to window with index: '1'

2023-01-09 18:33:08 - [TEST_STEP][PASSED] - navigateToUrl("https://www.mailinator.com/"): Navigate to 'https://www.mailinator.com/' successfully

2023-01-09 18:33:15 - [MESSAGE][PASSED] - Navigate to 'https://www.mailinator.com/' successfully

2023-01-09 18:33:15 - [TEST_STEP][PASSED] - delay(3): Delayed 3 second(s)

2023-01-09 18:33:18 - [MESSAGE][PASSED] - Delayed 3 second(s)

2023-01-09 18:33:18 - [TEST_STEP][PASSED] - setText(findTestObject("00-Signup and Activation/zMailinator/input_LOGIN_search"), "autotester09@mailinator.com"): Text 'autotester09@mailinator.com' is set on object 'Object Repository/00-Signup and Activation/zMailinator/input_LOGIN_search'

2023-01-09 18:33:21 - [MESSAGE][PASSED] - Text 'autotester09@mailinator.com' is set on object 'Object Repository/00-Signup and Activation/zMailinator/input_LOGIN_search'

2023-01-09 18:33:21 - [TEST_STEP][PASSED] - click(findTestObject("00-Signup and Activation/zMailinator/gobutton"), STOP_ON_FAILURE): Object: 'Object Repository/00-Signup and Activation/zMailinator/gobutton' is clicked on

2023-01-09 18:33:24 - [MESSAGE][PASSED] - Object: 'Object Repository/00-Signup and Activation/zMailinator/gobutton' is clicked on

2023-01-09 18:33:24 - [TEST_STEP][PASSED] - delay(3): Delayed 3 second(s)

2023-01-09 18:33:27 - [MESSAGE][PASSED] - Delayed 3 second(s)

2023-01-09 18:33:27 - [TEST_STEP][PASSED] - click(findTestObject("00-Signup and Activation/zMailinator/Email - everleagues")): Object: 'Object Repository/00-Signup and Activation/zMailinator/Email - everleagues' is clicked on

2023-01-09 18:33:28 - [MESSAGE][PASSED] - Object: 'Object Repository/00-Signup and Activation/zMailinator/Email - everleagues' is clicked on

2023-01-09 18:33:28 - [TEST_STEP][PASSED] - delay(3): Delayed 3 second(s)

2023-01-09 18:33:31 - [MESSAGE][PASSED] - Delayed 3 second(s)

2023-01-09 18:33:31 - [TEST_STEP][PASSED] - codetwo = getText(findTestObject("Object Repository/06-Teams/For 2FA/2FA code")): Text of object 'Object Repository/06-Teams/For 2FA/2FA code' is: '469463'

2023-01-09 18:33:32 - [MESSAGE][PASSED] - Text of object 'Object Repository/06-Teams/For 2FA/2FA code' is: '469463'

2023-01-09 18:33:32 - [TEST_STEP][PASSED] - delay(3): Delayed 3 second(s)

2023-01-09 18:33:35 - [MESSAGE][PASSED] - Delayed 3 second(s)

2023-01-09 18:33:35 - [TEST_STEP][PASSED] - closeWindowTitle("Mailinator"): Window with title: 'Mailinator' is closed

2023-01-09 18:33:36 - [MESSAGE][PASSED] - Window with title: 'Mailinator' is closed

2023-01-09 18:33:36 - [TEST_STEP][PASSED] - delay(3): Delayed 3 second(s)

2023-01-09 18:33:39 - [MESSAGE][PASSED] - Delayed 3 second(s)

2023-01-09 18:33:39 - [TEST_STEP][PASSED] - switchToWindowIndex(0): Switched to window with index: '0'

2023-01-09 18:33:39 - [MESSAGE][PASSED] - Switched to window with index: '0'

2023-01-09 18:33:39 - [TEST_STEP][PASSED] - delay(3): Delayed 3 second(s)

2023-01-09 18:33:42 - [MESSAGE][PASSED] - Delayed 3 second(s)

2023-01-09 18:33:42 - [TEST_STEP][PASSED] - setText(findTestObject("Object Repository/06-Teams/For 2FA/input_Enter verification code_code"), codetwo): Text '469463' is set on object 'Object Repository/06-Teams/For 2FA/input_Enter verification code_code'

2023-01-09 18:33:43 - [MESSAGE][PASSED] - Text '469463' is set on object 'Object Repository/06-Teams/For 2FA/input_Enter verification code_code'

2023-01-09 18:33:43 - [TEST_STEP][PASSED] - delay(3): Delayed 3 second(s)

2023-01-09 18:33:46 - [MESSAGE][PASSED] - Delayed 3 second(s)

2023-01-09 18:33:46 - [TEST_STEP][PASSED] - click(findTestObject("06-Teams/For 2FA/button_Verify_2FA")): Object: 'Object Repository/06-Teams/For 2FA/button_Verify_2FA' is clicked on

2023-01-09 18:33:47 - [MESSAGE][PASSED] - Object: 'Object Repository/06-Teams/For 2FA/button_Verify_2FA' is clicked on

2023-01-09 18:33:47 - [TEST_STEP][PASSED] - delay(5): Delayed 5 second(s)

2023-01-09 18:33:52 - [MESSAGE][PASSED] - Delayed 5 second(s)

2023-01-09 18:33:52 - [TEST_STEP][PASSED] - executeJavaScript("window.open();", []): Execute JavaScript 'window.open();' successfully

2023-01-09 18:33:52 - [MESSAGE][PASSED] - Execute JavaScript 'window.open();' successfully

2023-01-09 18:33:52 - [TEST_STEP][PASSED] - currentWindow = getWindowIndex(): Current window's index is: 0

2023-01-09 18:33:52 - [MESSAGE][PASSED] - Current window's index is: 0

2023-01-09 18:33:52 - [TEST_STEP][PASSED] - delay(3): Delayed 3 second(s)

2023-01-09 18:33:56 - [MESSAGE][PASSED] - Delayed 3 second(s)

2023-01-09 18:33:56 - [TEST_STEP][PASSED] - switchToWindowIndex(currentWindow + 1): Switched to window with index: '1'

2023-01-09 18:33:56 - [MESSAGE][PASSED] - Switched to window with index: '1'

2023-01-09 18:33:56 - [TEST_STEP][PASSED] - navigateToUrl("https://www.mailinator.com/"): Navigate to 'https://www.mailinator.com/' successfully

2023-01-09 18:34:02 - [MESSAGE][PASSED] - Navigate to 'https://www.mailinator.com/' successfully

2023-01-09 18:34:02 - [TEST_STEP][PASSED] - delay(3): Delayed 3 second(s)

2023-01-09 18:34:05 - [MESSAGE][PASSED] - Delayed 3 second(s)

2023-01-09 18:34:05 - [TEST_STEP][PASSED] - setText(findTestObject("00-Signup and Activation/zMailinator/input_LOGIN_search"), "autotester09@mailinator.com"): Text 'autotester09@mailinator.com' is set on object 'Object Repository/00-Signup and Activation/zMailinator/input_LOGIN_search'

2023-01-09 18:34:06 - [MESSAGE][PASSED] - Text 'autotester09@mailinator.com' is set on object 'Object Repository/00-Signup and Activation/zMailinator/input_LOGIN_search'

2023-01-09 18:34:06 - [TEST_STEP][PASSED] - click(findTestObject("00-Signup and Activation/zMailinator/gobutton"), STOP_ON_FAILURE): Object: 'Object Repository/00-Signup and Activation/zMailinator/gobutton' is clicked on

2023-01-09 18:34:09 - [MESSAGE][PASSED] - Object: 'Object Repository/00-Signup and Activation/zMailinator/gobutton' is clicked on

2023-01-09 18:34:09 - [TEST_STEP][PASSED] - delay(3): Delayed 3 second(s)

2023-01-09 18:34:12 - [MESSAGE][PASSED] - Delayed 3 second(s)

2023-01-09 18:34:12 - [TEST_STEP][PASSED] - closeWindowTitle("Everleagues"): Window with title: 'Everleagues' is closed

2023-01-09 18:34:13 - [MESSAGE][PASSED] - Window with title: 'Everleagues' is closed

2023-01-09 18:34:13 - [TEST_STEP][PASSED] - switchToWindowIndex(0): Switched to window with index: '0'

2023-01-09 18:34:13 - [MESSAGE][PASSED] - Switched to window with index: '0'

2023-01-09 18:34:13 - [TEST_STEP][PASSED] - click(findTestObject("09-Settings/Users/Co worker/td_Invitation from GG Automation")): Object: 'Object Repository/09-Settings/Users/Co worker/td_Invitation from GG Automation' is clicked on

2023-01-09 18:34:14 - [MESSAGE][PASSED] - Object: 'Object Repository/09-Settings/Users/Co worker/td_Invitation from GG Automation' is clicked on

2023-01-09 18:34:14 - [TEST_STEP][PASSED] - click(findTestObject("09-Settings/Users/Co worker/a_Click here to join GG Automation on EverLeagues")): Object: 'Object Repository/09-Settings/Users/Co worker/a_Click here to join GG Automation on EverLeagues' is clicked on

2023-01-09 18:34:15 - [MESSAGE][PASSED] - Object: 'Object Repository/09-Settings/Users/Co worker/a_Click here to join GG Automation on EverLeagues' is clicked on

2023-01-09 18:34:15 - [TEST_STEP][PASSED] - closeWindowTitle("Mailinator"): Window with title: 'Mailinator' is closed

2023-01-09 18:34:16 - [MESSAGE][PASSED] - Window with title: 'Mailinator' is closed

2023-01-09 18:34:16 - [TEST_STEP][PASSED] - switchToWindowIndex(0): Switched to window with index: '0'

2023-01-09 18:34:16 - [MESSAGE][PASSED] - Switched to window with index: '0'

2023-01-09 18:34:16 - [TEST_STEP][PASSED] - verifyElementVisible(findTestObject("09-Settings/Users/Client/Invite modal")): Object 'Object Repository/09-Settings/Users/Client/Invite modal' is visible

2023-01-09 18:34:38 - [MESSAGE][PASSED] - Object 'Object Repository/09-Settings/Users/Client/Invite modal' is visible

2023-01-09 18:34:38 - [TEST_STEP][PASSED] - setText(findTestObject("09-Settings/Users/Client/Company field"), "QA Company"): Text 'QA Company' is set on object 'Object Repository/09-Settings/Users/Client/Company field'

2023-01-09 18:34:40 - [MESSAGE][PASSED] - Text 'QA Company' is set on object 'Object Repository/09-Settings/Users/Client/Company field'

2023-01-09 18:34:40 - [TEST_STEP][PASSED] - click(findTestObject("09-Settings/Users/Client/button_Accept")): Object: 'Object Repository/09-Settings/Users/Client/button_Accept' is clicked on

2023-01-09 18:34:41 - [MESSAGE][PASSED] - Object: 'Object Repository/09-Settings/Users/Client/button_Accept' is clicked on

2023-01-09 18:34:41 - [TEST_STEP][PASSED] - delay(5): Delayed 5 second(s)

2023-01-09 18:34:46 - [MESSAGE][PASSED] - Delayed 5 second(s)

2023-01-09 18:34:46 - [TEST_STEP][PASSED] - verifyElementVisible(findTestObject("09-Settings/Users/Client/div_Joined as CLIENT")): Object 'Object Repository/09-Settings/Users/Client/div_Joined as CLIENT' is visible

2023-01-09 18:34:50 - [MESSAGE][PASSED] - Object 'Object Repository/09-Settings/Users/Client/div_Joined as CLIENT' is visible

2023-01-09 18:34:50 - [TEST_STEP][PASSED] - delay(3): Delayed 3 second(s)

2023-01-09 18:34:53 - [MESSAGE][PASSED] - Delayed 3 second(s)

2023-01-09 18:34:53 - [TEST_STEP][PASSED] - closeBrowser(): Browser is closed

2023-01-09 18:34:55 - [MESSAGE][PASSED] - Browser is closed]]></system-out>
         <system-err><![CDATA[]]></system-err>
      </testcase>
      <testcase name="Test Cases/09-Settings/04 - Users (Invite new user as partner)" time="537.589" classname="Test Cases/09-Settings/04 - Users (Invite new user as partner)" status="PASSED">
         <system-out><![CDATA[2023-01-09 18:34:55 - [TEST_CASE][PASSED] - Test Cases/09-Settings/04 - Users (Invite new user as partner): Test Cases/09-Settings/04 - Users (Invite new user as partner)

2023-01-09 18:34:57 - [TEST_STEP][PASSED] - openBrowser(""): Browser is opened with url: ''

2023-01-09 18:34:57 - [MESSAGE][INFO] - Starting 'Chrome' driver

2023-01-09 18:34:57 - [MESSAGE][INFO] - Action delay is set to 0 milliseconds

2023-01-09 18:34:59 - [MESSAGE][PASSED] - Browser is opened with url: ''

2023-01-09 18:34:59 - [TEST_STEP][PASSED] - navigateToUrl("https://lab.everleagues.com/"): Navigate to 'https://lab.everleagues.com/' successfully

2023-01-09 18:39:11 - [MESSAGE][PASSED] - Navigate to 'https://lab.everleagues.com/' successfully

2023-01-09 18:39:11 - [TEST_STEP][PASSED] - maximizeWindow(): Current window maximized

2023-01-09 18:39:11 - [MESSAGE][PASSED] - Current window maximized

2023-01-09 18:39:11 - [TEST_STEP][PASSED] - setText(findTestObject("02-Side Icons(Organization)/Add Contact/Email Field"), "testuser02@mailinator.com"): Text 'testuser02@mailinator.com' is set on object 'Object Repository/02-Side Icons(Organization)/Add Contact/Email Field'

2023-01-09 18:39:13 - [MESSAGE][PASSED] - Text 'testuser02@mailinator.com' is set on object 'Object Repository/02-Side Icons(Organization)/Add Contact/Email Field'

2023-01-09 18:39:13 - [TEST_STEP][PASSED] - setEncryptedText(findTestObject("02-Side Icons(Organization)/Add Contact/Password Field"), "8yFRyszE6U6jvsCn51OQbg=="): Text ****** has been set on object 'Object Repository/02-Side Icons(Organization)/Add Contact/Password Field'

2023-01-09 18:39:14 - [MESSAGE][PASSED] - Text ****** has been set on object 'Object Repository/02-Side Icons(Organization)/Add Contact/Password Field'

2023-01-09 18:39:14 - [TEST_STEP][PASSED] - click(findTestObject("02-Side Icons(Organization)/Add Contact/button_Sign in")): Object: 'Object Repository/02-Side Icons(Organization)/Add Contact/button_Sign in' is clicked on

2023-01-09 18:39:16 - [MESSAGE][PASSED] - Object: 'Object Repository/02-Side Icons(Organization)/Add Contact/button_Sign in' is clicked on

2023-01-09 18:39:16 - [TEST_STEP][PASSED] - delay(2): Delayed 2 second(s)

2023-01-09 18:39:18 - [MESSAGE][PASSED] - Delayed 2 second(s)

2023-01-09 18:39:18 - [TEST_STEP][PASSED] - click(findTestObject("06-Teams/For 2FA/button_Confirm_2FA")): Object: 'Object Repository/06-Teams/For 2FA/button_Confirm_2FA' is clicked on

2023-01-09 18:39:19 - [MESSAGE][PASSED] - Object: 'Object Repository/06-Teams/For 2FA/button_Confirm_2FA' is clicked on

2023-01-09 18:39:19 - [TEST_STEP][PASSED] - executeJavaScript("window.open();", []): Execute JavaScript 'window.open();' successfully

2023-01-09 18:39:19 - [MESSAGE][PASSED] - Execute JavaScript 'window.open();' successfully

2023-01-09 18:39:19 - [TEST_STEP][PASSED] - currentWindow = getWindowIndex(): Current window's index is: 0

2023-01-09 18:39:19 - [MESSAGE][PASSED] - Current window's index is: 0

2023-01-09 18:39:19 - [TEST_STEP][PASSED] - delay(3): Delayed 3 second(s)

2023-01-09 18:39:22 - [MESSAGE][PASSED] - Delayed 3 second(s)

2023-01-09 18:39:22 - [TEST_STEP][PASSED] - switchToWindowIndex(currentWindow + 1): Switched to window with index: '1'

2023-01-09 18:39:22 - [MESSAGE][PASSED] - Switched to window with index: '1'

2023-01-09 18:39:22 - [TEST_STEP][PASSED] - navigateToUrl("https://www.mailinator.com/"): Navigate to 'https://www.mailinator.com/' successfully

2023-01-09 18:39:30 - [MESSAGE][PASSED] - Navigate to 'https://www.mailinator.com/' successfully

2023-01-09 18:39:30 - [TEST_STEP][PASSED] - delay(3): Delayed 3 second(s)

2023-01-09 18:39:33 - [MESSAGE][PASSED] - Delayed 3 second(s)

2023-01-09 18:39:33 - [TEST_STEP][PASSED] - setText(findTestObject("00-Signup and Activation/zMailinator/input_LOGIN_search"), "testuser02@mailinator.com"): Text 'testuser02@mailinator.com' is set on object 'Object Repository/00-Signup and Activation/zMailinator/input_LOGIN_search'

2023-01-09 18:39:34 - [MESSAGE][PASSED] - Text 'testuser02@mailinator.com' is set on object 'Object Repository/00-Signup and Activation/zMailinator/input_LOGIN_search'

2023-01-09 18:39:34 - [TEST_STEP][PASSED] - click(findTestObject("00-Signup and Activation/zMailinator/gobutton"), STOP_ON_FAILURE): Object: 'Object Repository/00-Signup and Activation/zMailinator/gobutton' is clicked on

2023-01-09 18:39:37 - [MESSAGE][PASSED] - Object: 'Object Repository/00-Signup and Activation/zMailinator/gobutton' is clicked on

2023-01-09 18:39:37 - [TEST_STEP][PASSED] - delay(3): Delayed 3 second(s)

2023-01-09 18:39:40 - [MESSAGE][PASSED] - Delayed 3 second(s)

2023-01-09 18:39:40 - [TEST_STEP][PASSED] - click(findTestObject("00-Signup and Activation/zMailinator/Email - everleagues")): Object: 'Object Repository/00-Signup and Activation/zMailinator/Email - everleagues' is clicked on

2023-01-09 18:39:41 - [MESSAGE][PASSED] - Object: 'Object Repository/00-Signup and Activation/zMailinator/Email - everleagues' is clicked on

2023-01-09 18:39:41 - [TEST_STEP][PASSED] - delay(3): Delayed 3 second(s)

2023-01-09 18:39:44 - [MESSAGE][PASSED] - Delayed 3 second(s)

2023-01-09 18:39:44 - [TEST_STEP][PASSED] - code = getText(findTestObject("Object Repository/06-Teams/For 2FA/2FA code")): Text of object 'Object Repository/06-Teams/For 2FA/2FA code' is: '395886'

2023-01-09 18:39:45 - [MESSAGE][PASSED] - Text of object 'Object Repository/06-Teams/For 2FA/2FA code' is: '395886'

2023-01-09 18:39:45 - [TEST_STEP][PASSED] - delay(3): Delayed 3 second(s)

2023-01-09 18:39:48 - [MESSAGE][PASSED] - Delayed 3 second(s)

2023-01-09 18:39:48 - [TEST_STEP][PASSED] - closeWindowTitle("Mailinator"): Window with title: 'Mailinator' is closed

2023-01-09 18:39:48 - [MESSAGE][PASSED] - Window with title: 'Mailinator' is closed

2023-01-09 18:39:48 - [TEST_STEP][PASSED] - delay(3): Delayed 3 second(s)

2023-01-09 18:39:51 - [MESSAGE][PASSED] - Delayed 3 second(s)

2023-01-09 18:39:51 - [TEST_STEP][PASSED] - switchToWindowIndex(0): Switched to window with index: '0'

2023-01-09 18:39:51 - [MESSAGE][PASSED] - Switched to window with index: '0'

2023-01-09 18:39:51 - [TEST_STEP][PASSED] - delay(3): Delayed 3 second(s)

2023-01-09 18:39:54 - [MESSAGE][PASSED] - Delayed 3 second(s)

2023-01-09 18:39:54 - [TEST_STEP][PASSED] - setText(findTestObject("Object Repository/06-Teams/For 2FA/input_Enter verification code_code"), code): Text '395886' is set on object 'Object Repository/06-Teams/For 2FA/input_Enter verification code_code'

2023-01-09 18:39:57 - [MESSAGE][PASSED] - Text '395886' is set on object 'Object Repository/06-Teams/For 2FA/input_Enter verification code_code'

2023-01-09 18:39:57 - [TEST_STEP][PASSED] - delay(3): Delayed 3 second(s)

2023-01-09 18:40:00 - [MESSAGE][PASSED] - Delayed 3 second(s)

2023-01-09 18:40:00 - [TEST_STEP][PASSED] - click(findTestObject("06-Teams/For 2FA/button_Verify_2FA")): Object: 'Object Repository/06-Teams/For 2FA/button_Verify_2FA' is clicked on

2023-01-09 18:40:01 - [MESSAGE][PASSED] - Object: 'Object Repository/06-Teams/For 2FA/button_Verify_2FA' is clicked on

2023-01-09 18:40:01 - [TEST_STEP][PASSED] - delay(5): Delayed 5 second(s)

2023-01-09 18:40:06 - [MESSAGE][PASSED] - Delayed 5 second(s)

2023-01-09 18:40:06 - [TEST_STEP][PASSED] - click(findTestObject("06-Teams/button_doublearrow")): Object: 'Object Repository/06-Teams/button_doublearrow' is clicked on

2023-01-09 18:40:10 - [MESSAGE][PASSED] - Object: 'Object Repository/06-Teams/button_doublearrow' is clicked on

2023-01-09 18:40:10 - [TEST_STEP][PASSED] - click(findTestObject("06-Teams/button_My Organizations")): Object: 'Object Repository/06-Teams/button_My Organizations' is clicked on

2023-01-09 18:40:11 - [MESSAGE][PASSED] - Object: 'Object Repository/06-Teams/button_My Organizations' is clicked on

2023-01-09 18:40:11 - [TEST_STEP][PASSED] - click(findTestObject("06-Teams/button_GG Automation")): Object: 'Object Repository/06-Teams/button_GG Automation' is clicked on

2023-01-09 18:40:12 - [MESSAGE][PASSED] - Object: 'Object Repository/06-Teams/button_GG Automation' is clicked on

2023-01-09 18:40:12 - [TEST_STEP][PASSED] - delay(4): Delayed 4 second(s)

2023-01-09 18:40:16 - [MESSAGE][PASSED] - Delayed 4 second(s)

2023-01-09 18:40:16 - [TEST_STEP][PASSED] - verifyElementVisible(findTestObject("06-Teams/span_GG Automation")): Object 'Object Repository/06-Teams/span_GG Automation' is visible

2023-01-09 18:40:18 - [MESSAGE][PASSED] - Object 'Object Repository/06-Teams/span_GG Automation' is visible

2023-01-09 18:40:18 - [TEST_STEP][PASSED] - delay(5): Delayed 5 second(s)

2023-01-09 18:40:23 - [MESSAGE][PASSED] - Delayed 5 second(s)

2023-01-09 18:40:23 - [TEST_STEP][PASSED] - click(findTestObject("03-Header Menu/Hamburger Button/div_Settings")): Object: 'Object Repository/03-Header Menu/Hamburger Button/div_Settings' is clicked on

2023-01-09 18:40:24 - [MESSAGE][PASSED] - Object: 'Object Repository/03-Header Menu/Hamburger Button/div_Settings' is clicked on

2023-01-09 18:40:24 - [TEST_STEP][PASSED] - delay(3): Delayed 3 second(s)

2023-01-09 18:40:27 - [MESSAGE][PASSED] - Delayed 3 second(s)

2023-01-09 18:40:27 - [TEST_STEP][PASSED] - scrollToElement(findTestObject("09-Settings/Users/div_Users"), 0): Scroll to object 'Object Repository/09-Settings/Users/div_Users' successfully

2023-01-09 18:40:27 - [MESSAGE][WARNING] - Timeout '0' is invalid. Using default page load timeout: '30'

2023-01-09 18:40:28 - [MESSAGE][PASSED] - Scroll to object 'Object Repository/09-Settings/Users/div_Users' successfully

2023-01-09 18:40:28 - [TEST_STEP][PASSED] - click(findTestObject("09-Settings/Users/div_Users")): Object: 'Object Repository/09-Settings/Users/div_Users' is clicked on

2023-01-09 18:40:31 - [MESSAGE][PASSED] - Object: 'Object Repository/09-Settings/Users/div_Users' is clicked on

2023-01-09 18:40:31 - [TEST_STEP][PASSED] - delay(3): Delayed 3 second(s)

2023-01-09 18:40:34 - [MESSAGE][PASSED] - Delayed 3 second(s)

2023-01-09 18:40:34 - [TEST_STEP][PASSED] - click(findTestObject("09-Settings/Users/button_add")): Object: 'Object Repository/09-Settings/Users/button_add' is clicked on

2023-01-09 18:40:35 - [MESSAGE][PASSED] - Object: 'Object Repository/09-Settings/Users/button_add' is clicked on

2023-01-09 18:40:35 - [TEST_STEP][PASSED] - delay(3): Delayed 3 second(s)

2023-01-09 18:40:38 - [MESSAGE][PASSED] - Delayed 3 second(s)

2023-01-09 18:40:38 - [TEST_STEP][PASSED] - click(findTestObject("09-Settings/Users/add Invite a single user")): Object: 'Object Repository/09-Settings/Users/add Invite a single user' is clicked on

2023-01-09 18:40:39 - [MESSAGE][PASSED] - Object: 'Object Repository/09-Settings/Users/add Invite a single user' is clicked on

2023-01-09 18:40:39 - [TEST_STEP][PASSED] - delay(3): Delayed 3 second(s)

2023-01-09 18:40:42 - [MESSAGE][PASSED] - Delayed 3 second(s)

2023-01-09 18:40:42 - [TEST_STEP][PASSED] - setText(findTestObject("09-Settings/Users/input_email"), "autotester10@mailinator.com"): Text 'autotester10@mailinator.com' is set on object 'Object Repository/09-Settings/Users/input_email'

2023-01-09 18:40:46 - [MESSAGE][PASSED] - Text 'autotester10@mailinator.com' is set on object 'Object Repository/09-Settings/Users/input_email'

2023-01-09 18:40:46 - [TEST_STEP][PASSED] - setText(findTestObject("09-Settings/Users/input_firstName"), "GG"): Text 'GG' is set on object 'Object Repository/09-Settings/Users/input_firstName'

2023-01-09 18:40:49 - [MESSAGE][PASSED] - Text 'GG' is set on object 'Object Repository/09-Settings/Users/input_firstName'

2023-01-09 18:40:49 - [TEST_STEP][PASSED] - setText(findTestObject("09-Settings/Users/input_lastName"), "Partner"): Text 'Partner' is set on object 'Object Repository/09-Settings/Users/input_lastName'

2023-01-09 18:40:53 - [MESSAGE][PASSED] - Text 'Partner' is set on object 'Object Repository/09-Settings/Users/input_lastName'

2023-01-09 18:40:53 - [TEST_STEP][PASSED] - click(findTestObject("09-Settings/Users/span_Role")): Object: 'Object Repository/09-Settings/Users/span_Role' is clicked on

2023-01-09 18:40:55 - [MESSAGE][PASSED] - Object: 'Object Repository/09-Settings/Users/span_Role' is clicked on

2023-01-09 18:40:55 - [TEST_STEP][PASSED] - click(findTestObject("09-Settings/Users/span_Partner")): Object: 'Object Repository/09-Settings/Users/span_Partner' is clicked on

2023-01-09 18:40:56 - [MESSAGE][PASSED] - Object: 'Object Repository/09-Settings/Users/span_Partner' is clicked on

2023-01-09 18:40:56 - [TEST_STEP][PASSED] - click(findTestObject("09-Settings/Users/button_Send Invitation")): Object: 'Object Repository/09-Settings/Users/button_Send Invitation' is clicked on

2023-01-09 18:40:58 - [MESSAGE][PASSED] - Object: 'Object Repository/09-Settings/Users/button_Send Invitation' is clicked on

2023-01-09 18:40:58 - [TEST_STEP][PASSED] - delay(2): Delayed 2 second(s)

2023-01-09 18:41:00 - [MESSAGE][PASSED] - Delayed 2 second(s)

2023-01-09 18:41:00 - [TEST_STEP][PASSED] - verifyElementVisible(findTestObject("07-Directory/Connections/zContact Profile/Successfully invited user")): Object 'Object Repository/07-Directory/Connections/zContact Profile/Successfully invited user' is visible

2023-01-09 18:41:04 - [MESSAGE][PASSED] - Object 'Object Repository/07-Directory/Connections/zContact Profile/Successfully invited user' is visible

2023-01-09 18:41:04 - [TEST_STEP][PASSED] - delay(2): Delayed 2 second(s)

2023-01-09 18:41:06 - [MESSAGE][PASSED] - Delayed 2 second(s)

2023-01-09 18:41:06 - [TEST_STEP][PASSED] - click(findTestObject("01-Login and Forgot Password/User menu drop")): Object: 'Object Repository/01-Login and Forgot Password/User menu drop' is clicked on

2023-01-09 18:41:08 - [MESSAGE][PASSED] - Object: 'Object Repository/01-Login and Forgot Password/User menu drop' is clicked on

2023-01-09 18:41:08 - [TEST_STEP][PASSED] - delay(2): Delayed 2 second(s)

2023-01-09 18:41:10 - [MESSAGE][PASSED] - Delayed 2 second(s)

2023-01-09 18:41:10 - [TEST_STEP][PASSED] - click(findTestObject("01-Login and Forgot Password/h4_Sign Out"), STOP_ON_FAILURE): Object: 'Object Repository/01-Login and Forgot Password/h4_Sign Out' is clicked on

2023-01-09 18:41:11 - [MESSAGE][PASSED] - Object: 'Object Repository/01-Login and Forgot Password/h4_Sign Out' is clicked on

2023-01-09 18:41:11 - [TEST_STEP][PASSED] - delay(2): Delayed 2 second(s)

2023-01-09 18:41:13 - [MESSAGE][PASSED] - Delayed 2 second(s)

2023-01-09 18:41:13 - [TEST_STEP][PASSED] - verifyElementPresent(findTestObject("01-Login and Forgot Password/Login_Card"), 0): Object 'Object Repository/01-Login and Forgot Password/Login_Card' is present

2023-01-09 18:41:13 - [MESSAGE][WARNING] - Timeout '0' is invalid. Using default page load timeout: '30'

2023-01-09 18:41:14 - [MESSAGE][PASSED] - Object 'Object Repository/01-Login and Forgot Password/Login_Card' is present

2023-01-09 18:41:14 - [TEST_STEP][PASSED] - delay(3): Delayed 3 second(s)

2023-01-09 18:41:17 - [MESSAGE][PASSED] - Delayed 3 second(s)

2023-01-09 18:41:17 - [TEST_STEP][PASSED] - closeBrowser(): Browser is closed

2023-01-09 18:41:19 - [MESSAGE][PASSED] - Browser is closed

2023-01-09 18:41:19 - [TEST_STEP][PASSED] - openBrowser(""): Browser is opened with url: ''

2023-01-09 18:41:19 - [MESSAGE][INFO] - Starting 'Chrome' driver

2023-01-09 18:41:19 - [MESSAGE][INFO] - Action delay is set to 0 milliseconds

2023-01-09 18:41:22 - [MESSAGE][PASSED] - Browser is opened with url: ''

2023-01-09 18:41:22 - [TEST_STEP][PASSED] - navigateToUrl("https://lab.everleagues.com/"): Navigate to 'https://lab.everleagues.com/' successfully

2023-01-09 18:41:47 - [MESSAGE][PASSED] - Navigate to 'https://lab.everleagues.com/' successfully

2023-01-09 18:41:47 - [TEST_STEP][PASSED] - maximizeWindow(): Current window maximized

2023-01-09 18:41:48 - [MESSAGE][PASSED] - Current window maximized

2023-01-09 18:41:48 - [TEST_STEP][PASSED] - setText(findTestObject("02-Side Icons(Organization)/Add Contact/Email Field"), "autotester10@mailinator.com"): Text 'autotester10@mailinator.com' is set on object 'Object Repository/02-Side Icons(Organization)/Add Contact/Email Field'

2023-01-09 18:41:50 - [MESSAGE][PASSED] - Text 'autotester10@mailinator.com' is set on object 'Object Repository/02-Side Icons(Organization)/Add Contact/Email Field'

2023-01-09 18:41:50 - [TEST_STEP][PASSED] - setEncryptedText(findTestObject("02-Side Icons(Organization)/Add Contact/Password Field"), "8yFRyszE6U6jvsCn51OQbg=="): Text ****** has been set on object 'Object Repository/02-Side Icons(Organization)/Add Contact/Password Field'

2023-01-09 18:41:51 - [MESSAGE][PASSED] - Text ****** has been set on object 'Object Repository/02-Side Icons(Organization)/Add Contact/Password Field'

2023-01-09 18:41:51 - [TEST_STEP][PASSED] - click(findTestObject("02-Side Icons(Organization)/Add Contact/button_Sign in")): Object: 'Object Repository/02-Side Icons(Organization)/Add Contact/button_Sign in' is clicked on

2023-01-09 18:41:52 - [MESSAGE][PASSED] - Object: 'Object Repository/02-Side Icons(Organization)/Add Contact/button_Sign in' is clicked on

2023-01-09 18:41:52 - [TEST_STEP][PASSED] - delay(2): Delayed 2 second(s)

2023-01-09 18:41:54 - [MESSAGE][PASSED] - Delayed 2 second(s)

2023-01-09 18:41:54 - [TEST_STEP][PASSED] - click(findTestObject("06-Teams/For 2FA/button_Confirm_2FA")): Object: 'Object Repository/06-Teams/For 2FA/button_Confirm_2FA' is clicked on

2023-01-09 18:41:55 - [MESSAGE][PASSED] - Object: 'Object Repository/06-Teams/For 2FA/button_Confirm_2FA' is clicked on

2023-01-09 18:41:55 - [TEST_STEP][PASSED] - executeJavaScript("window.open();", []): Execute JavaScript 'window.open();' successfully

2023-01-09 18:41:55 - [MESSAGE][PASSED] - Execute JavaScript 'window.open();' successfully

2023-01-09 18:41:55 - [TEST_STEP][PASSED] - currentWindow = getWindowIndex(): Current window's index is: 0

2023-01-09 18:41:55 - [MESSAGE][PASSED] - Current window's index is: 0

2023-01-09 18:41:55 - [TEST_STEP][PASSED] - delay(3): Delayed 3 second(s)

2023-01-09 18:41:58 - [MESSAGE][PASSED] - Delayed 3 second(s)

2023-01-09 18:41:58 - [TEST_STEP][PASSED] - switchToWindowIndex(currentWindow + 1): Switched to window with index: '1'

2023-01-09 18:41:58 - [MESSAGE][PASSED] - Switched to window with index: '1'

2023-01-09 18:41:58 - [TEST_STEP][PASSED] - navigateToUrl("https://www.mailinator.com/"): Navigate to 'https://www.mailinator.com/' successfully

2023-01-09 18:42:06 - [MESSAGE][PASSED] - Navigate to 'https://www.mailinator.com/' successfully

2023-01-09 18:42:06 - [TEST_STEP][PASSED] - delay(3): Delayed 3 second(s)

2023-01-09 18:42:09 - [MESSAGE][PASSED] - Delayed 3 second(s)

2023-01-09 18:42:09 - [TEST_STEP][PASSED] - setText(findTestObject("00-Signup and Activation/zMailinator/input_LOGIN_search"), "autotester10@mailinator.com"): Text 'autotester10@mailinator.com' is set on object 'Object Repository/00-Signup and Activation/zMailinator/input_LOGIN_search'

2023-01-09 18:42:10 - [MESSAGE][PASSED] - Text 'autotester10@mailinator.com' is set on object 'Object Repository/00-Signup and Activation/zMailinator/input_LOGIN_search'

2023-01-09 18:42:10 - [TEST_STEP][PASSED] - click(findTestObject("00-Signup and Activation/zMailinator/gobutton"), STOP_ON_FAILURE): Object: 'Object Repository/00-Signup and Activation/zMailinator/gobutton' is clicked on

2023-01-09 18:42:18 - [MESSAGE][PASSED] - Object: 'Object Repository/00-Signup and Activation/zMailinator/gobutton' is clicked on

2023-01-09 18:42:18 - [TEST_STEP][PASSED] - delay(3): Delayed 3 second(s)

2023-01-09 18:42:21 - [MESSAGE][PASSED] - Delayed 3 second(s)

2023-01-09 18:42:21 - [TEST_STEP][PASSED] - click(findTestObject("00-Signup and Activation/zMailinator/Email - everleagues")): Object: 'Object Repository/00-Signup and Activation/zMailinator/Email - everleagues' is clicked on

2023-01-09 18:42:22 - [MESSAGE][PASSED] - Object: 'Object Repository/00-Signup and Activation/zMailinator/Email - everleagues' is clicked on

2023-01-09 18:42:22 - [TEST_STEP][PASSED] - delay(3): Delayed 3 second(s)

2023-01-09 18:42:25 - [MESSAGE][PASSED] - Delayed 3 second(s)

2023-01-09 18:42:25 - [TEST_STEP][PASSED] - codetwo = getText(findTestObject("Object Repository/06-Teams/For 2FA/2FA code")): Text of object 'Object Repository/06-Teams/For 2FA/2FA code' is: '625126'

2023-01-09 18:42:26 - [MESSAGE][PASSED] - Text of object 'Object Repository/06-Teams/For 2FA/2FA code' is: '625126'

2023-01-09 18:42:26 - [TEST_STEP][PASSED] - delay(3): Delayed 3 second(s)

2023-01-09 18:42:29 - [MESSAGE][PASSED] - Delayed 3 second(s)

2023-01-09 18:42:29 - [TEST_STEP][PASSED] - closeWindowTitle("Mailinator"): Window with title: 'Mailinator' is closed

2023-01-09 18:42:29 - [MESSAGE][PASSED] - Window with title: 'Mailinator' is closed

2023-01-09 18:42:29 - [TEST_STEP][PASSED] - delay(3): Delayed 3 second(s)

2023-01-09 18:42:32 - [MESSAGE][PASSED] - Delayed 3 second(s)

2023-01-09 18:42:32 - [TEST_STEP][PASSED] - switchToWindowIndex(0): Switched to window with index: '0'

2023-01-09 18:42:32 - [MESSAGE][PASSED] - Switched to window with index: '0'

2023-01-09 18:42:32 - [TEST_STEP][PASSED] - delay(3): Delayed 3 second(s)

2023-01-09 18:42:35 - [MESSAGE][PASSED] - Delayed 3 second(s)

2023-01-09 18:42:35 - [TEST_STEP][PASSED] - setText(findTestObject("Object Repository/06-Teams/For 2FA/input_Enter verification code_code"), codetwo): Text '625126' is set on object 'Object Repository/06-Teams/For 2FA/input_Enter verification code_code'

2023-01-09 18:42:37 - [MESSAGE][PASSED] - Text '625126' is set on object 'Object Repository/06-Teams/For 2FA/input_Enter verification code_code'

2023-01-09 18:42:37 - [TEST_STEP][PASSED] - delay(3): Delayed 3 second(s)

2023-01-09 18:42:40 - [MESSAGE][PASSED] - Delayed 3 second(s)

2023-01-09 18:42:40 - [TEST_STEP][PASSED] - click(findTestObject("06-Teams/For 2FA/button_Verify_2FA")): Object: 'Object Repository/06-Teams/For 2FA/button_Verify_2FA' is clicked on

2023-01-09 18:42:41 - [MESSAGE][PASSED] - Object: 'Object Repository/06-Teams/For 2FA/button_Verify_2FA' is clicked on

2023-01-09 18:42:41 - [TEST_STEP][PASSED] - delay(5): Delayed 5 second(s)

2023-01-09 18:42:46 - [MESSAGE][PASSED] - Delayed 5 second(s)

2023-01-09 18:42:46 - [TEST_STEP][PASSED] - executeJavaScript("window.open();", []): Execute JavaScript 'window.open();' successfully

2023-01-09 18:42:46 - [MESSAGE][PASSED] - Execute JavaScript 'window.open();' successfully

2023-01-09 18:42:46 - [TEST_STEP][PASSED] - currentWindow = getWindowIndex(): Current window's index is: 0

2023-01-09 18:42:46 - [MESSAGE][PASSED] - Current window's index is: 0

2023-01-09 18:42:46 - [TEST_STEP][PASSED] - delay(3): Delayed 3 second(s)

2023-01-09 18:42:49 - [MESSAGE][PASSED] - Delayed 3 second(s)

2023-01-09 18:42:49 - [TEST_STEP][PASSED] - switchToWindowIndex(currentWindow + 1): Switched to window with index: '1'

2023-01-09 18:42:49 - [MESSAGE][PASSED] - Switched to window with index: '1'

2023-01-09 18:42:49 - [TEST_STEP][PASSED] - navigateToUrl("https://www.mailinator.com/"): Navigate to 'https://www.mailinator.com/' successfully

2023-01-09 18:42:54 - [MESSAGE][PASSED] - Navigate to 'https://www.mailinator.com/' successfully

2023-01-09 18:42:54 - [TEST_STEP][PASSED] - delay(3): Delayed 3 second(s)

2023-01-09 18:42:57 - [MESSAGE][PASSED] - Delayed 3 second(s)

2023-01-09 18:42:57 - [TEST_STEP][PASSED] - setText(findTestObject("00-Signup and Activation/zMailinator/input_LOGIN_search"), "autotester10@mailinator.com"): Text 'autotester10@mailinator.com' is set on object 'Object Repository/00-Signup and Activation/zMailinator/input_LOGIN_search'

2023-01-09 18:42:59 - [MESSAGE][PASSED] - Text 'autotester10@mailinator.com' is set on object 'Object Repository/00-Signup and Activation/zMailinator/input_LOGIN_search'

2023-01-09 18:42:59 - [TEST_STEP][PASSED] - click(findTestObject("00-Signup and Activation/zMailinator/gobutton"), STOP_ON_FAILURE): Object: 'Object Repository/00-Signup and Activation/zMailinator/gobutton' is clicked on

2023-01-09 18:43:02 - [MESSAGE][PASSED] - Object: 'Object Repository/00-Signup and Activation/zMailinator/gobutton' is clicked on

2023-01-09 18:43:02 - [TEST_STEP][PASSED] - delay(3): Delayed 3 second(s)

2023-01-09 18:43:05 - [MESSAGE][PASSED] - Delayed 3 second(s)

2023-01-09 18:43:05 - [TEST_STEP][PASSED] - closeWindowTitle("Everleagues"): Window with title: 'Everleagues' is closed

2023-01-09 18:43:06 - [MESSAGE][PASSED] - Window with title: 'Everleagues' is closed

2023-01-09 18:43:06 - [TEST_STEP][PASSED] - switchToWindowIndex(0): Switched to window with index: '0'

2023-01-09 18:43:06 - [MESSAGE][PASSED] - Switched to window with index: '0'

2023-01-09 18:43:06 - [TEST_STEP][PASSED] - click(findTestObject("09-Settings/Users/Co worker/td_Invitation from GG Automation")): Object: 'Object Repository/09-Settings/Users/Co worker/td_Invitation from GG Automation' is clicked on

2023-01-09 18:43:07 - [MESSAGE][PASSED] - Object: 'Object Repository/09-Settings/Users/Co worker/td_Invitation from GG Automation' is clicked on

2023-01-09 18:43:07 - [TEST_STEP][PASSED] - click(findTestObject("09-Settings/Users/Co worker/a_Click here to join GG Automation on EverLeagues")): Object: 'Object Repository/09-Settings/Users/Co worker/a_Click here to join GG Automation on EverLeagues' is clicked on

2023-01-09 18:43:08 - [MESSAGE][PASSED] - Object: 'Object Repository/09-Settings/Users/Co worker/a_Click here to join GG Automation on EverLeagues' is clicked on

2023-01-09 18:43:08 - [TEST_STEP][PASSED] - closeWindowTitle("Mailinator"): Window with title: 'Mailinator' is closed

2023-01-09 18:43:08 - [MESSAGE][PASSED] - Window with title: 'Mailinator' is closed

2023-01-09 18:43:08 - [TEST_STEP][PASSED] - switchToWindowIndex(0): Switched to window with index: '0'

2023-01-09 18:43:09 - [MESSAGE][PASSED] - Switched to window with index: '0'

2023-01-09 18:43:09 - [TEST_STEP][PASSED] - verifyElementVisible(findTestObject("09-Settings/Users/Client/Invite modal")): Object 'Object Repository/09-Settings/Users/Client/Invite modal' is visible

2023-01-09 18:43:36 - [MESSAGE][PASSED] - Object 'Object Repository/09-Settings/Users/Client/Invite modal' is visible

2023-01-09 18:43:36 - [TEST_STEP][PASSED] - setText(findTestObject("09-Settings/Users/Client/Company field"), "QA Company"): Text 'QA Company' is set on object 'Object Repository/09-Settings/Users/Client/Company field'

2023-01-09 18:43:38 - [MESSAGE][PASSED] - Text 'QA Company' is set on object 'Object Repository/09-Settings/Users/Client/Company field'

2023-01-09 18:43:38 - [TEST_STEP][PASSED] - click(findTestObject("09-Settings/Users/Client/button_Accept")): Object: 'Object Repository/09-Settings/Users/Client/button_Accept' is clicked on

2023-01-09 18:43:39 - [MESSAGE][PASSED] - Object: 'Object Repository/09-Settings/Users/Client/button_Accept' is clicked on

2023-01-09 18:43:39 - [TEST_STEP][PASSED] - delay(5): Delayed 5 second(s)

2023-01-09 18:43:44 - [MESSAGE][PASSED] - Delayed 5 second(s)

2023-01-09 18:43:44 - [TEST_STEP][PASSED] - verifyElementVisible(findTestObject("09-Settings/Users/div_Joined as Partner")): Object 'Object Repository/09-Settings/Users/div_Joined as Partner' is visible

2023-01-09 18:43:47 - [MESSAGE][PASSED] - Object 'Object Repository/09-Settings/Users/div_Joined as Partner' is visible

2023-01-09 18:43:47 - [TEST_STEP][PASSED] - delay(3): Delayed 3 second(s)

2023-01-09 18:43:50 - [MESSAGE][PASSED] - Delayed 3 second(s)

2023-01-09 18:43:50 - [TEST_STEP][PASSED] - closeBrowser(): Browser is closed

2023-01-09 18:43:52 - [MESSAGE][PASSED] - Browser is closed]]></system-out>
         <system-err><![CDATA[]]></system-err>
      </testcase>
      <testcase name="Test Cases/09-Settings/05 - Users (Invite batch of users via CSV file)" time="161.316" classname="Test Cases/09-Settings/05 - Users (Invite batch of users via CSV file)" status="PASSED">
         <system-out><![CDATA[2023-01-09 18:43:52 - [TEST_CASE][PASSED] - Test Cases/09-Settings/05 - Users (Invite batch of users via CSV file): Test Cases/09-Settings/05 - Users (Invite batch of users via CSV file)

2023-01-09 18:43:55 - [TEST_STEP][PASSED] - openBrowser(""): Browser is opened with url: ''

2023-01-09 18:43:55 - [MESSAGE][INFO] - Starting 'Chrome' driver

2023-01-09 18:43:55 - [MESSAGE][INFO] - Action delay is set to 0 milliseconds

2023-01-09 18:43:57 - [MESSAGE][PASSED] - Browser is opened with url: ''

2023-01-09 18:43:57 - [TEST_STEP][PASSED] - navigateToUrl("https://lab.everleagues.com/"): Navigate to 'https://lab.everleagues.com/' successfully

2023-01-09 18:44:18 - [MESSAGE][PASSED] - Navigate to 'https://lab.everleagues.com/' successfully

2023-01-09 18:44:18 - [TEST_STEP][PASSED] - maximizeWindow(): Current window maximized

2023-01-09 18:44:18 - [MESSAGE][PASSED] - Current window maximized

2023-01-09 18:44:18 - [TEST_STEP][PASSED] - setText(findTestObject("02-Side Icons(Organization)/Add Contact/Email Field"), "testuser02@mailinator.com"): Text 'testuser02@mailinator.com' is set on object 'Object Repository/02-Side Icons(Organization)/Add Contact/Email Field'

2023-01-09 18:44:21 - [MESSAGE][PASSED] - Text 'testuser02@mailinator.com' is set on object 'Object Repository/02-Side Icons(Organization)/Add Contact/Email Field'

2023-01-09 18:44:21 - [TEST_STEP][PASSED] - setEncryptedText(findTestObject("02-Side Icons(Organization)/Add Contact/Password Field"), "8yFRyszE6U6jvsCn51OQbg=="): Text ****** has been set on object 'Object Repository/02-Side Icons(Organization)/Add Contact/Password Field'

2023-01-09 18:44:22 - [MESSAGE][PASSED] - Text ****** has been set on object 'Object Repository/02-Side Icons(Organization)/Add Contact/Password Field'

2023-01-09 18:44:22 - [TEST_STEP][PASSED] - click(findTestObject("02-Side Icons(Organization)/Add Contact/button_Sign in")): Object: 'Object Repository/02-Side Icons(Organization)/Add Contact/button_Sign in' is clicked on

2023-01-09 18:44:23 - [MESSAGE][PASSED] - Object: 'Object Repository/02-Side Icons(Organization)/Add Contact/button_Sign in' is clicked on

2023-01-09 18:44:23 - [TEST_STEP][PASSED] - delay(2): Delayed 2 second(s)

2023-01-09 18:44:25 - [MESSAGE][PASSED] - Delayed 2 second(s)

2023-01-09 18:44:25 - [TEST_STEP][PASSED] - click(findTestObject("06-Teams/For 2FA/button_Confirm_2FA")): Object: 'Object Repository/06-Teams/For 2FA/button_Confirm_2FA' is clicked on

2023-01-09 18:44:26 - [MESSAGE][PASSED] - Object: 'Object Repository/06-Teams/For 2FA/button_Confirm_2FA' is clicked on

2023-01-09 18:44:26 - [TEST_STEP][PASSED] - executeJavaScript("window.open();", []): Execute JavaScript 'window.open();' successfully

2023-01-09 18:44:27 - [MESSAGE][PASSED] - Execute JavaScript 'window.open();' successfully

2023-01-09 18:44:27 - [TEST_STEP][PASSED] - currentWindow = getWindowIndex(): Current window's index is: 0

2023-01-09 18:44:27 - [MESSAGE][PASSED] - Current window's index is: 0

2023-01-09 18:44:27 - [TEST_STEP][PASSED] - delay(3): Delayed 3 second(s)

2023-01-09 18:44:30 - [MESSAGE][PASSED] - Delayed 3 second(s)

2023-01-09 18:44:30 - [TEST_STEP][PASSED] - switchToWindowIndex(currentWindow + 1): Switched to window with index: '1'

2023-01-09 18:44:30 - [MESSAGE][PASSED] - Switched to window with index: '1'

2023-01-09 18:44:30 - [TEST_STEP][PASSED] - navigateToUrl("https://www.mailinator.com/"): Navigate to 'https://www.mailinator.com/' successfully

2023-01-09 18:44:40 - [MESSAGE][PASSED] - Navigate to 'https://www.mailinator.com/' successfully

2023-01-09 18:44:40 - [TEST_STEP][PASSED] - delay(3): Delayed 3 second(s)

2023-01-09 18:44:43 - [MESSAGE][PASSED] - Delayed 3 second(s)

2023-01-09 18:44:43 - [TEST_STEP][PASSED] - setText(findTestObject("00-Signup and Activation/zMailinator/input_LOGIN_search"), "testuser02@mailinator.com"): Text 'testuser02@mailinator.com' is set on object 'Object Repository/00-Signup and Activation/zMailinator/input_LOGIN_search'

2023-01-09 18:44:44 - [MESSAGE][PASSED] - Text 'testuser02@mailinator.com' is set on object 'Object Repository/00-Signup and Activation/zMailinator/input_LOGIN_search'

2023-01-09 18:44:44 - [TEST_STEP][PASSED] - click(findTestObject("00-Signup and Activation/zMailinator/gobutton"), STOP_ON_FAILURE): Object: 'Object Repository/00-Signup and Activation/zMailinator/gobutton' is clicked on

2023-01-09 18:44:48 - [MESSAGE][PASSED] - Object: 'Object Repository/00-Signup and Activation/zMailinator/gobutton' is clicked on

2023-01-09 18:44:48 - [TEST_STEP][PASSED] - delay(3): Delayed 3 second(s)

2023-01-09 18:44:51 - [MESSAGE][PASSED] - Delayed 3 second(s)

2023-01-09 18:44:51 - [TEST_STEP][PASSED] - click(findTestObject("00-Signup and Activation/zMailinator/Email - everleagues")): Object: 'Object Repository/00-Signup and Activation/zMailinator/Email - everleagues' is clicked on

2023-01-09 18:44:53 - [MESSAGE][PASSED] - Object: 'Object Repository/00-Signup and Activation/zMailinator/Email - everleagues' is clicked on

2023-01-09 18:44:53 - [TEST_STEP][PASSED] - delay(3): Delayed 3 second(s)

2023-01-09 18:44:56 - [MESSAGE][PASSED] - Delayed 3 second(s)

2023-01-09 18:44:56 - [TEST_STEP][PASSED] - code = getText(findTestObject("Object Repository/06-Teams/For 2FA/2FA code")): Text of object 'Object Repository/06-Teams/For 2FA/2FA code' is: '726860'

2023-01-09 18:44:57 - [MESSAGE][PASSED] - Text of object 'Object Repository/06-Teams/For 2FA/2FA code' is: '726860'

2023-01-09 18:44:57 - [TEST_STEP][PASSED] - delay(3): Delayed 3 second(s)

2023-01-09 18:45:00 - [MESSAGE][PASSED] - Delayed 3 second(s)

2023-01-09 18:45:00 - [TEST_STEP][PASSED] - closeWindowTitle("Mailinator"): Window with title: 'Mailinator' is closed

2023-01-09 18:45:01 - [MESSAGE][PASSED] - Window with title: 'Mailinator' is closed

2023-01-09 18:45:01 - [TEST_STEP][PASSED] - delay(3): Delayed 3 second(s)

2023-01-09 18:45:04 - [MESSAGE][PASSED] - Delayed 3 second(s)

2023-01-09 18:45:04 - [TEST_STEP][PASSED] - switchToWindowIndex(0): Switched to window with index: '0'

2023-01-09 18:45:04 - [MESSAGE][PASSED] - Switched to window with index: '0'

2023-01-09 18:45:04 - [TEST_STEP][PASSED] - delay(3): Delayed 3 second(s)

2023-01-09 18:45:07 - [MESSAGE][PASSED] - Delayed 3 second(s)

2023-01-09 18:45:07 - [TEST_STEP][PASSED] - setText(findTestObject("Object Repository/06-Teams/For 2FA/input_Enter verification code_code"), code): Text '726860' is set on object 'Object Repository/06-Teams/For 2FA/input_Enter verification code_code'

2023-01-09 18:45:09 - [MESSAGE][PASSED] - Text '726860' is set on object 'Object Repository/06-Teams/For 2FA/input_Enter verification code_code'

2023-01-09 18:45:09 - [TEST_STEP][PASSED] - delay(3): Delayed 3 second(s)

2023-01-09 18:45:12 - [MESSAGE][PASSED] - Delayed 3 second(s)

2023-01-09 18:45:12 - [TEST_STEP][PASSED] - click(findTestObject("06-Teams/For 2FA/button_Verify_2FA")): Object: 'Object Repository/06-Teams/For 2FA/button_Verify_2FA' is clicked on

2023-01-09 18:45:13 - [MESSAGE][PASSED] - Object: 'Object Repository/06-Teams/For 2FA/button_Verify_2FA' is clicked on

2023-01-09 18:45:13 - [TEST_STEP][PASSED] - delay(5): Delayed 5 second(s)

2023-01-09 18:45:18 - [MESSAGE][PASSED] - Delayed 5 second(s)

2023-01-09 18:45:18 - [TEST_STEP][PASSED] - click(findTestObject("06-Teams/button_doublearrow")): Object: 'Object Repository/06-Teams/button_doublearrow' is clicked on

2023-01-09 18:45:21 - [MESSAGE][PASSED] - Object: 'Object Repository/06-Teams/button_doublearrow' is clicked on

2023-01-09 18:45:21 - [TEST_STEP][PASSED] - click(findTestObject("06-Teams/button_My Organizations")): Object: 'Object Repository/06-Teams/button_My Organizations' is clicked on

2023-01-09 18:45:25 - [MESSAGE][PASSED] - Object: 'Object Repository/06-Teams/button_My Organizations' is clicked on

2023-01-09 18:45:25 - [TEST_STEP][PASSED] - click(findTestObject("06-Teams/button_GG Automation")): Object: 'Object Repository/06-Teams/button_GG Automation' is clicked on

2023-01-09 18:45:27 - [MESSAGE][PASSED] - Object: 'Object Repository/06-Teams/button_GG Automation' is clicked on

2023-01-09 18:45:27 - [TEST_STEP][PASSED] - delay(4): Delayed 4 second(s)

2023-01-09 18:45:31 - [MESSAGE][PASSED] - Delayed 4 second(s)

2023-01-09 18:45:31 - [TEST_STEP][PASSED] - verifyElementVisible(findTestObject("06-Teams/span_GG Automation")): Object 'Object Repository/06-Teams/span_GG Automation' is visible

2023-01-09 18:45:32 - [MESSAGE][PASSED] - Object 'Object Repository/06-Teams/span_GG Automation' is visible

2023-01-09 18:45:32 - [TEST_STEP][PASSED] - delay(5): Delayed 5 second(s)

2023-01-09 18:45:37 - [MESSAGE][PASSED] - Delayed 5 second(s)

2023-01-09 18:45:37 - [TEST_STEP][PASSED] - click(findTestObject("03-Header Menu/Hamburger Button/div_Settings")): Object: 'Object Repository/03-Header Menu/Hamburger Button/div_Settings' is clicked on

2023-01-09 18:45:39 - [MESSAGE][PASSED] - Object: 'Object Repository/03-Header Menu/Hamburger Button/div_Settings' is clicked on

2023-01-09 18:45:39 - [TEST_STEP][PASSED] - delay(3): Delayed 3 second(s)

2023-01-09 18:45:42 - [MESSAGE][PASSED] - Delayed 3 second(s)

2023-01-09 18:45:42 - [TEST_STEP][PASSED] - scrollToElement(findTestObject("09-Settings/Users/div_Users"), 0): Scroll to object 'Object Repository/09-Settings/Users/div_Users' successfully

2023-01-09 18:45:42 - [MESSAGE][WARNING] - Timeout '0' is invalid. Using default page load timeout: '30'

2023-01-09 18:45:43 - [MESSAGE][PASSED] - Scroll to object 'Object Repository/09-Settings/Users/div_Users' successfully

2023-01-09 18:45:43 - [TEST_STEP][PASSED] - click(findTestObject("09-Settings/Users/div_Users")): Object: 'Object Repository/09-Settings/Users/div_Users' is clicked on

2023-01-09 18:45:45 - [MESSAGE][PASSED] - Object: 'Object Repository/09-Settings/Users/div_Users' is clicked on

2023-01-09 18:45:45 - [TEST_STEP][PASSED] - delay(3): Delayed 3 second(s)

2023-01-09 18:45:48 - [MESSAGE][PASSED] - Delayed 3 second(s)

2023-01-09 18:45:48 - [TEST_STEP][PASSED] - click(findTestObject("09-Settings/Users/button_add")): Object: 'Object Repository/09-Settings/Users/button_add' is clicked on

2023-01-09 18:45:49 - [MESSAGE][PASSED] - Object: 'Object Repository/09-Settings/Users/button_add' is clicked on

2023-01-09 18:45:49 - [TEST_STEP][PASSED] - delay(3): Delayed 3 second(s)

2023-01-09 18:45:52 - [MESSAGE][PASSED] - Delayed 3 second(s)

2023-01-09 18:45:52 - [TEST_STEP][PASSED] - click(findTestObject("09-Settings/Users/Invite batch of users via CSV file")): Object: 'Object Repository/09-Settings/Users/Invite batch of users via CSV file' is clicked on

2023-01-09 18:45:53 - [MESSAGE][PASSED] - Object: 'Object Repository/09-Settings/Users/Invite batch of users via CSV file' is clicked on

2023-01-09 18:45:53 - [TEST_STEP][PASSED] - verifyElementVisible(findTestObject("09-Settings/Users/CSV Invite/Import CSV File modal")): Object 'Object Repository/09-Settings/Users/CSV Invite/Import CSV File modal' is visible

2023-01-09 18:45:54 - [MESSAGE][PASSED] - Object 'Object Repository/09-Settings/Users/CSV Invite/Import CSV File modal' is visible

2023-01-09 18:45:54 - [TEST_STEP][PASSED] - verifyElementNotClickable(findTestObject("09-Settings/Users/CSV Invite/button_Import")): Object 'Object Repository/09-Settings/Users/CSV Invite/button_Import' is NOT clickable

2023-01-09 18:45:55 - [MESSAGE][PASSED] - Object 'Object Repository/09-Settings/Users/CSV Invite/button_Import' is NOT clickable

2023-01-09 18:45:55 - [TEST_STEP][PASSED] - delay(3): Delayed 3 second(s)

2023-01-09 18:45:58 - [MESSAGE][PASSED] - Delayed 3 second(s)

2023-01-09 18:45:58 - [TEST_STEP][PASSED] - uploadpackage.Upload.uploadFile(findTestObject("Object Repository/09-Settings/Users/CSV Invite/button_Choose File"), "C:\Users\asus\Desktop\EL automation\sample csv.csv"): uploadpackage.Upload.uploadFile is PASSED

2023-01-09 18:45:59 - [MESSAGE][PASSED] - Object: 'Object Repository/09-Settings/Users/CSV Invite/button_Choose File' is clicked on

2023-01-09 18:46:02 - [MESSAGE][PASSED] - uploadpackage.Upload.uploadFile is PASSED

2023-01-09 18:46:02 - [TEST_STEP][PASSED] - delay(3): Delayed 3 second(s)

2023-01-09 18:46:05 - [MESSAGE][PASSED] - Delayed 3 second(s)

2023-01-09 18:46:05 - [TEST_STEP][PASSED] - verifyElementVisible(findTestObject("09-Settings/Users/CSV Invite/div_Sample csv.csv")): Object 'Object Repository/09-Settings/Users/CSV Invite/div_Sample csv.csv' is visible

2023-01-09 18:46:07 - [MESSAGE][PASSED] - Object 'Object Repository/09-Settings/Users/CSV Invite/div_Sample csv.csv' is visible

2023-01-09 18:46:07 - [TEST_STEP][PASSED] - click(findTestObject("09-Settings/Users/CSV Invite/button_Import")): Object: 'Object Repository/09-Settings/Users/CSV Invite/button_Import' is clicked on

2023-01-09 18:46:09 - [MESSAGE][PASSED] - Object: 'Object Repository/09-Settings/Users/CSV Invite/button_Import' is clicked on

2023-01-09 18:46:09 - [TEST_STEP][PASSED] - delay(5): Delayed 5 second(s)

2023-01-09 18:46:14 - [MESSAGE][PASSED] - Delayed 5 second(s)

2023-01-09 18:46:14 - [TEST_STEP][PASSED] - verifyElementVisible(findTestObject("09-Settings/Users/CSV Invite/Success import modal")): Object 'Object Repository/09-Settings/Users/CSV Invite/Success import modal' is visible

2023-01-09 18:46:15 - [MESSAGE][PASSED] - Object 'Object Repository/09-Settings/Users/CSV Invite/Success import modal' is visible

2023-01-09 18:46:15 - [TEST_STEP][PASSED] - click(findTestObject("09-Settings/Users/CSV Invite/button_Close")): Object: 'Object Repository/09-Settings/Users/CSV Invite/button_Close' is clicked on

2023-01-09 18:46:15 - [MESSAGE][PASSED] - Object: 'Object Repository/09-Settings/Users/CSV Invite/button_Close' is clicked on

2023-01-09 18:46:15 - [TEST_STEP][PASSED] - click(findTestObject("09-Settings/Users/CSV Invite/Invited Users tab")): Object: 'Object Repository/09-Settings/Users/CSV Invite/Invited Users tab' is clicked on

2023-01-09 18:46:18 - [MESSAGE][PASSED] - Object: 'Object Repository/09-Settings/Users/CSV Invite/Invited Users tab' is clicked on

2023-01-09 18:46:18 - [TEST_STEP][PASSED] - delay(3): Delayed 3 second(s)

2023-01-09 18:46:21 - [MESSAGE][PASSED] - Delayed 3 second(s)

2023-01-09 18:46:21 - [TEST_STEP][PASSED] - verifyElementVisible(findTestObject("09-Settings/Users/CSV Invite/div_CTCSV test3")): Object 'Object Repository/09-Settings/Users/CSV Invite/div_CTCSV test3' is visible

2023-01-09 18:46:22 - [MESSAGE][PASSED] - Object 'Object Repository/09-Settings/Users/CSV Invite/div_CTCSV test3' is visible

2023-01-09 18:46:22 - [TEST_STEP][PASSED] - verifyElementVisible(findTestObject("09-Settings/Users/CSV Invite/div_autotester08mailinator.com")): Object 'Object Repository/09-Settings/Users/CSV Invite/div_autotester08mailinator.com' is visible

2023-01-09 18:46:23 - [MESSAGE][PASSED] - Object 'Object Repository/09-Settings/Users/CSV Invite/div_autotester08mailinator.com' is visible

2023-01-09 18:46:23 - [TEST_STEP][PASSED] - verifyElementVisible(findTestObject("09-Settings/Users/CSV Invite/div_Partner")): Object 'Object Repository/09-Settings/Users/CSV Invite/div_Partner' is visible

2023-01-09 18:46:24 - [MESSAGE][PASSED] - Object 'Object Repository/09-Settings/Users/CSV Invite/div_Partner' is visible

2023-01-09 18:46:24 - [TEST_STEP][PASSED] - verifyElementVisible(findTestObject("09-Settings/Users/CSV Invite/div_CTCSV test2")): Object 'Object Repository/09-Settings/Users/CSV Invite/div_CTCSV test2' is visible

2023-01-09 18:46:24 - [MESSAGE][PASSED] - Object 'Object Repository/09-Settings/Users/CSV Invite/div_CTCSV test2' is visible

2023-01-09 18:46:24 - [TEST_STEP][PASSED] - verifyElementVisible(findTestObject("09-Settings/Users/CSV Invite/div_autotester07mailinator.com")): Object 'Object Repository/09-Settings/Users/CSV Invite/div_autotester07mailinator.com' is visible

2023-01-09 18:46:25 - [MESSAGE][PASSED] - Object 'Object Repository/09-Settings/Users/CSV Invite/div_autotester07mailinator.com' is visible

2023-01-09 18:46:25 - [TEST_STEP][PASSED] - verifyElementVisible(findTestObject("09-Settings/Users/CSV Invite/div_Client")): Object 'Object Repository/09-Settings/Users/CSV Invite/div_Client' is visible

2023-01-09 18:46:26 - [MESSAGE][PASSED] - Object 'Object Repository/09-Settings/Users/CSV Invite/div_Client' is visible

2023-01-09 18:46:26 - [TEST_STEP][PASSED] - verifyElementVisible(findTestObject("09-Settings/Users/CSV Invite/div_CTCSV test1")): Object 'Object Repository/09-Settings/Users/CSV Invite/div_CTCSV test1' is visible

2023-01-09 18:46:26 - [MESSAGE][PASSED] - Object 'Object Repository/09-Settings/Users/CSV Invite/div_CTCSV test1' is visible

2023-01-09 18:46:26 - [TEST_STEP][PASSED] - verifyElementVisible(findTestObject("09-Settings/Users/CSV Invite/div_autotester06mailinator.com")): Object 'Object Repository/09-Settings/Users/CSV Invite/div_autotester06mailinator.com' is visible

2023-01-09 18:46:27 - [MESSAGE][PASSED] - Object 'Object Repository/09-Settings/Users/CSV Invite/div_autotester06mailinator.com' is visible

2023-01-09 18:46:27 - [TEST_STEP][PASSED] - verifyElementVisible(findTestObject("09-Settings/Users/CSV Invite/div_Coworker")): Object 'Object Repository/09-Settings/Users/CSV Invite/div_Coworker' is visible

2023-01-09 18:46:29 - [MESSAGE][PASSED] - Object 'Object Repository/09-Settings/Users/CSV Invite/div_Coworker' is visible

2023-01-09 18:46:29 - [TEST_STEP][PASSED] - delay(3): Delayed 3 second(s)

2023-01-09 18:46:32 - [MESSAGE][PASSED] - Delayed 3 second(s)

2023-01-09 18:46:32 - [TEST_STEP][PASSED] - closeBrowser(): Browser is closed

2023-01-09 18:46:34 - [MESSAGE][PASSED] - Browser is closed]]></system-out>
         <system-err><![CDATA[]]></system-err>
      </testcase>
      <system-out><![CDATA[2023-01-09 18:24:32 - [TEST_SUITE][PASSED] - 09.1 - Settings (Invite users): Test Cases/09-Settings/05 - Users (Invite batch of users via CSV file)]]></system-out>
      <system-err><![CDATA[]]></system-err>
   </testsuite>
</testsuites>
